<?xml version="1.0" encoding="UTF-8"?>
<testsuite xmlns:xsi="http://www.w3.org/2001/XMLSchema-instance" xsi:noNamespaceSchemaLocation="https://maven.apache.org/surefire/maven-surefire-plugin/xsd/surefire-test-report.xsd" name="org.apache.hadoop.hdds.scm.pipeline.TestNode2PipelineMap" time="28.656" tests="1" errors="1" skipped="0" failures="0">
  <properties>
    <property name="awt.toolkit" value="sun.awt.X11.XToolkit"/>
    <property name="file.encoding.pkg" value="sun.io"/>
    <property name="java.specification.version" value="1.8"/>
    <property name="sun.cpu.isalist" value=""/>
    <property name="sun.jnu.encoding" value="UTF-8"/>
    <property name="java.class.path" value="/workdir/hadoop-ozone/integration-test/target/test-classes:/workdir/hadoop-ozone/integration-test/target/classes:/home/user/.m2/repository/org/apache/hadoop/hadoop-ozone-common/0.5.0-SNAPSHOT/hadoop-ozone-common-0.5.0-SNAPSHOT.jar:/home/user/.m2/repository/org/apache/commons/commons-compress/1.4.1/commons-compress-1.4.1.jar:/home/user/.m2/repository/org/tukaani/xz/1.0/xz-1.0.jar:/home/user/.m2/repository/org/apache/hadoop/hadoop-common/3.2.0/hadoop-common-3.2.0.jar:/home/user/.m2/repository/org/apache/hadoop/hadoop-hdfs/3.2.0/hadoop-hdfs-3.2.0.jar:/home/user/.m2/repository/org/apache/hadoop/hadoop-hdfs-client/3.2.0/hadoop-hdfs-client-3.2.0.jar:/home/user/.m2/repository/com/fasterxml/jackson/core/jackson-annotations/2.9.5/jackson-annotations-2.9.5.jar:/home/user/.m2/repository/org/apache/hadoop/hadoop-hdds-common/0.5.0-SNAPSHOT/hadoop-hdds-common-0.5.0-SNAPSHOT.jar:/home/user/.m2/repository/javax/annotation/javax.annotation-api/1.2/javax.annotation-api-1.2.jar:/home/user/.m2/repository/org/apache/ratis/ratis-server/0.4.0-2337318-SNAPSHOT/ratis-server-0.4.0-2337318-SNAPSHOT.jar:/home/user/.m2/repository/org/apache/ratis/ratis-thirdparty-misc/0.2.0/ratis-thirdparty-misc-0.2.0.jar:/home/user/.m2/repository/org/apache/ratis/ratis-proto/0.4.0-2337318-SNAPSHOT/ratis-proto-0.4.0-2337318-SNAPSHOT.jar:/home/user/.m2/repository/org/apache/ratis/ratis-common/0.4.0-2337318-SNAPSHOT/ratis-common-0.4.0-2337318-SNAPSHOT.jar:/home/user/.m2/repository/org/apache/ratis/ratis-client/0.4.0-2337318-SNAPSHOT/ratis-client-0.4.0-2337318-SNAPSHOT.jar:/home/user/.m2/repository/org/apache/ratis/ratis-metrics/0.4.0-2337318-SNAPSHOT/ratis-metrics-0.4.0-2337318-SNAPSHOT.jar:/home/user/.m2/repository/org/apache/ratis/ratis-netty/0.4.0-2337318-SNAPSHOT/ratis-netty-0.4.0-2337318-SNAPSHOT.jar:/home/user/.m2/repository/org/apache/ratis/ratis-grpc/0.4.0-2337318-SNAPSHOT/ratis-grpc-0.4.0-2337318-SNAPSHOT.jar:/home/user/.m2/repository/org/rocksdb/rocksdbjni/6.0.1/rocksdbjni-6.0.1.jar:/home/user/.m2/repository/org/apache/logging/log4j/log4j-api/2.11.0/log4j-api-2.11.0.jar:/home/user/.m2/repository/org/apache/logging/log4j/log4j-core/2.11.0/log4j-core-2.11.0.jar:/home/user/.m2/repository/com/lmax/disruptor/3.4.2/disruptor-3.4.2.jar:/home/user/.m2/repository/org/apache/commons/commons-pool2/2.6.0/commons-pool2-2.6.0.jar:/home/user/.m2/repository/org/bouncycastle/bcpkix-jdk15on/1.60/bcpkix-jdk15on-1.60.jar:/home/user/.m2/repository/commons-validator/commons-validator/1.6/commons-validator-1.6.jar:/home/user/.m2/repository/commons-digester/commons-digester/1.8.1/commons-digester-1.8.1.jar:/home/user/.m2/repository/io/jaegertracing/jaeger-client/0.33.1/jaeger-client-0.33.1.jar:/home/user/.m2/repository/io/jaegertracing/jaeger-thrift/0.33.1/jaeger-thrift-0.33.1.jar:/home/user/.m2/repository/org/apache/thrift/libthrift/0.11.0/libthrift-0.11.0.jar:/home/user/.m2/repository/com/squareup/okhttp3/okhttp/3.9.0/okhttp-3.9.0.jar:/home/user/.m2/repository/com/squareup/okio/okio/1.13.0/okio-1.13.0.jar:/home/user/.m2/repository/io/jaegertracing/jaeger-core/0.33.1/jaeger-core-0.33.1.jar:/home/user/.m2/repository/io/jaegertracing/jaeger-tracerresolver/0.33.1/jaeger-tracerresolver-0.33.1.jar:/home/user/.m2/repository/io/opentracing/contrib/opentracing-tracerresolver/0.1.5/opentracing-tracerresolver-0.1.5.jar:/home/user/.m2/repository/io/opentracing/opentracing-util/0.31.0/opentracing-util-0.31.0.jar:/home/user/.m2/repository/io/opentracing/opentracing-api/0.31.0/opentracing-api-0.31.0.jar:/home/user/.m2/repository/io/opentracing/opentracing-noop/0.31.0/opentracing-noop-0.31.0.jar:/home/user/.m2/repository/org/apache/hadoop/hadoop-hdds-server-framework/0.5.0-SNAPSHOT/hadoop-hdds-server-framework-0.5.0-SNAPSHOT.jar:/home/user/.m2/repository/org/apache/hadoop/hadoop-hdds-container-service/0.5.0-SNAPSHOT/hadoop-hdds-container-service-0.5.0-SNAPSHOT.jar:/home/user/.m2/repository/org/apache/hadoop/hadoop-hdds-client/0.5.0-SNAPSHOT/hadoop-hdds-client-0.5.0-SNAPSHOT.jar:/home/user/.m2/repository/org/apache/hadoop/hadoop-hdds-tools/0.5.0-SNAPSHOT/hadoop-hdds-tools-0.5.0-SNAPSHOT.jar:/home/user/.m2/repository/org/apache/hadoop/hadoop-hdds-server-scm/0.5.0-SNAPSHOT/hadoop-hdds-server-scm-0.5.0-SNAPSHOT.jar:/home/user/.m2/repository/org/apache/hadoop/hadoop-hdds-docs/0.5.0-SNAPSHOT/hadoop-hdds-docs-0.5.0-SNAPSHOT.jar:/home/user/.m2/repository/io/dropwizard/metrics/metrics-core/3.2.4/metrics-core-3.2.4.jar:/home/user/.m2/repository/org/hamcrest/hamcrest-all/1.3/hamcrest-all-1.3.jar:/home/user/.m2/repository/org/bouncycastle/bcprov-jdk15on/1.60/bcprov-jdk15on-1.60.jar:/home/user/.m2/repository/info/picocli/picocli/3.9.6/picocli-3.9.6.jar:/home/user/.m2/repository/com/google/protobuf/protobuf-java/2.5.0/protobuf-java-2.5.0.jar:/home/user/.m2/repository/com/google/guava/guava/11.0.2/guava-11.0.2.jar:/home/user/.m2/repository/org/apache/hadoop/hadoop-ozone-ozone-manager/0.5.0-SNAPSHOT/hadoop-ozone-ozone-manager-0.5.0-SNAPSHOT.jar:/home/user/.m2/repository/org/apache/hadoop/hadoop-minikdc/3.2.0/hadoop-minikdc-3.2.0.jar:/home/user/.m2/repository/commons-io/commons-io/2.5/commons-io-2.5.jar:/home/user/.m2/repository/org/apache/kerby/kerb-simplekdc/1.0.1/kerb-simplekdc-1.0.1.jar:/home/user/.m2/repository/org/apache/kerby/kerb-client/1.0.1/kerb-client-1.0.1.jar:/home/user/.m2/repository/org/apache/kerby/kerby-config/1.0.1/kerby-config-1.0.1.jar:/home/user/.m2/repository/org/apache/kerby/kerb-core/1.0.1/kerb-core-1.0.1.jar:/home/user/.m2/repository/org/apache/kerby/kerby-pkix/1.0.1/kerby-pkix-1.0.1.jar:/home/user/.m2/repository/org/apache/kerby/kerby-asn1/1.0.1/kerby-asn1-1.0.1.jar:/home/user/.m2/repository/org/apache/kerby/kerby-util/1.0.1/kerby-util-1.0.1.jar:/home/user/.m2/repository/org/apache/kerby/kerb-common/1.0.1/kerb-common-1.0.1.jar:/home/user/.m2/repository/org/apache/kerby/kerb-crypto/1.0.1/kerb-crypto-1.0.1.jar:/home/user/.m2/repository/org/apache/kerby/kerb-util/1.0.1/kerb-util-1.0.1.jar:/home/user/.m2/repository/org/apache/kerby/token-provider/1.0.1/token-provider-1.0.1.jar:/home/user/.m2/repository/org/apache/kerby/kerb-admin/1.0.1/kerb-admin-1.0.1.jar:/home/user/.m2/repository/org/apache/kerby/kerb-server/1.0.1/kerb-server-1.0.1.jar:/home/user/.m2/repository/org/apache/kerby/kerb-identity/1.0.1/kerb-identity-1.0.1.jar:/home/user/.m2/repository/org/apache/kerby/kerby-xdr/1.0.1/kerby-xdr-1.0.1.jar:/home/user/.m2/repository/org/slf4j/slf4j-log4j12/1.7.25/slf4j-log4j12-1.7.25.jar:/home/user/.m2/repository/org/apache/hadoop/hadoop-ozone-objectstore-service/0.5.0-SNAPSHOT/hadoop-ozone-objectstore-service-0.5.0-SNAPSHOT.jar:/home/user/.m2/repository/org/apache/hadoop/hadoop-ozone-s3gateway/0.5.0-SNAPSHOT/hadoop-ozone-s3gateway-0.5.0-SNAPSHOT.jar:/home/user/.m2/repository/org/jboss/weld/servlet/weld-servlet/2.4.7.Final/weld-servlet-2.4.7.Final.jar:/home/user/.m2/repository/org/glassfish/jersey/containers/jersey-container-servlet-core/2.27/jersey-container-servlet-core-2.27.jar:/home/user/.m2/repository/org/glassfish/hk2/external/javax.inject/2.5.0-b42/javax.inject-2.5.0-b42.jar:/home/user/.m2/repository/org/glassfish/jersey/core/jersey-common/2.27/jersey-common-2.27.jar:/home/user/.m2/repository/org/glassfish/hk2/osgi-resource-locator/1.0.1/osgi-resource-locator-1.0.1.jar:/home/user/.m2/repository/javax/ws/rs/javax.ws.rs-api/2.1/javax.ws.rs-api-2.1.jar:/home/user/.m2/repository/org/glassfish/jersey/ext/cdi/jersey-cdi1x/2.27/jersey-cdi1x-2.27.jar:/home/user/.m2/repository/org/glassfish/jersey/inject/jersey-hk2/2.27/jersey-hk2-2.27.jar:/home/user/.m2/repository/org/glassfish/hk2/hk2-locator/2.5.0-b42/hk2-locator-2.5.0-b42.jar:/home/user/.m2/repository/org/javassist/javassist/3.22.0-CR2/javassist-3.22.0-CR2.jar:/home/user/.m2/repository/org/glassfish/hk2/hk2-api/2.5.0/hk2-api-2.5.0.jar:/home/user/.m2/repository/org/glassfish/hk2/external/jakarta.inject/2.5.0/jakarta.inject-2.5.0.jar:/home/user/.m2/repository/org/glassfish/hk2/hk2-utils/2.5.0/hk2-utils-2.5.0.jar:/home/user/.m2/repository/jakarta/annotation/jakarta.annotation-api/1.3.4/jakarta.annotation-api-1.3.4.jar:/home/user/.m2/repository/org/glassfish/hk2/external/aopalliance-repackaged/2.5.0/aopalliance-repackaged-2.5.0.jar:/home/user/.m2/repository/com/fasterxml/jackson/dataformat/jackson-dataformat-xml/2.9.0/jackson-dataformat-xml-2.9.0.jar:/home/user/.m2/repository/com/fasterxml/jackson/core/jackson-core/2.9.5/jackson-core-2.9.5.jar:/home/user/.m2/repository/com/fasterxml/jackson/module/jackson-module-jaxb-annotations/2.9.5/jackson-module-jaxb-annotations-2.9.5.jar:/home/user/.m2/repository/javax/enterprise/cdi-api/1.2/cdi-api-1.2.jar:/home/user/.m2/repository/javax/el/javax.el-api/3.0.0/javax.el-api-3.0.0.jar:/home/user/.m2/repository/javax/interceptor/javax.interceptor-api/1.2/javax.interceptor-api-1.2.jar:/home/user/.m2/repository/javax/inject/javax.inject/1/javax.inject-1.jar:/home/user/.m2/repository/com/sun/xml/bind/jaxb-impl/2.3.0.1/jaxb-impl-2.3.0.1.jar:/home/user/.m2/repository/com/sun/xml/bind/jaxb-core/2.3.0.1/jaxb-core-2.3.0.1.jar:/home/user/.m2/repository/javax/xml/bind/jaxb-api/2.3.0/jaxb-api-2.3.0.jar:/home/user/.m2/repository/javax/activation/activation/1.1.1/activation-1.1.1.jar:/home/user/.m2/repository/org/apache/hadoop/hadoop-ozone-csi/0.5.0-SNAPSHOT/hadoop-ozone-csi-0.5.0-SNAPSHOT.jar:/home/user/.m2/repository/com/google/protobuf/protobuf-java-util/3.5.1/protobuf-java-util-3.5.1.jar:/home/user/.m2/repository/org/apache/hadoop/hadoop-hdds-config/0.5.0-SNAPSHOT/hadoop-hdds-config-0.5.0-SNAPSHOT.jar:/home/user/.m2/repository/io/grpc/grpc-netty/1.17.1/grpc-netty-1.17.1.jar:/home/user/.m2/repository/io/grpc/grpc-core/1.17.1/grpc-core-1.17.1.jar:/home/user/.m2/repository/io/grpc/grpc-context/1.17.1/grpc-context-1.17.1.jar:/home/user/.m2/repository/com/google/errorprone/error_prone_annotations/2.2.0/error_prone_annotations-2.2.0.jar:/home/user/.m2/repository/org/codehaus/mojo/animal-sniffer-annotations/1.17/animal-sniffer-annotations-1.17.jar:/home/user/.m2/repository/io/opencensus/opencensus-api/0.17.0/opencensus-api-0.17.0.jar:/home/user/.m2/repository/io/opencensus/opencensus-contrib-grpc-metrics/0.17.0/opencensus-contrib-grpc-metrics-0.17.0.jar:/home/user/.m2/repository/io/netty/netty-codec-http2/4.1.30.Final/netty-codec-http2-4.1.30.Final.jar:/home/user/.m2/repository/io/netty/netty-codec-http/4.1.30.Final/netty-codec-http-4.1.30.Final.jar:/home/user/.m2/repository/io/netty/netty-codec/4.1.30.Final/netty-codec-4.1.30.Final.jar:/home/user/.m2/repository/io/netty/netty-handler/4.1.30.Final/netty-handler-4.1.30.Final.jar:/home/user/.m2/repository/io/netty/netty-handler-proxy/4.1.30.Final/netty-handler-proxy-4.1.30.Final.jar:/home/user/.m2/repository/io/netty/netty-codec-socks/4.1.30.Final/netty-codec-socks-4.1.30.Final.jar:/home/user/.m2/repository/io/netty/netty-transport-native-epoll/4.1.30.Final/netty-transport-native-epoll-4.1.30.Final.jar:/home/user/.m2/repository/io/netty/netty-common/4.1.30.Final/netty-common-4.1.30.Final.jar:/home/user/.m2/repository/io/netty/netty-buffer/4.1.30.Final/netty-buffer-4.1.30.Final.jar:/home/user/.m2/repository/io/netty/netty-transport/4.1.30.Final/netty-transport-4.1.30.Final.jar:/home/user/.m2/repository/io/netty/netty-resolver/4.1.30.Final/netty-resolver-4.1.30.Final.jar:/home/user/.m2/repository/io/netty/netty-transport-native-unix-common/4.1.30.Final/netty-transport-native-unix-common-4.1.30.Final.jar:/home/user/.m2/repository/io/grpc/grpc-protobuf/1.17.1/grpc-protobuf-1.17.1.jar:/home/user/.m2/repository/com/google/api/grpc/proto-google-common-protos/1.0.0/proto-google-common-protos-1.0.0.jar:/home/user/.m2/repository/io/grpc/grpc-protobuf-lite/1.17.1/grpc-protobuf-lite-1.17.1.jar:/home/user/.m2/repository/io/grpc/grpc-stub/1.17.1/grpc-stub-1.17.1.jar:/home/user/.m2/repository/org/apache/hadoop/hadoop-ozone-recon/0.5.0-SNAPSHOT/hadoop-ozone-recon-0.5.0-SNAPSHOT.jar:/home/user/.m2/repository/org/apache/hadoop/hadoop-ozone-reconcodegen/0.5.0-SNAPSHOT/hadoop-ozone-reconcodegen-0.5.0-SNAPSHOT.jar:/home/user/.m2/repository/com/google/inject/extensions/guice-multibindings/4.0/guice-multibindings-4.0.jar:/home/user/.m2/repository/com/google/inject/guice/4.0/guice-4.0.jar:/home/user/.m2/repository/aopalliance/aopalliance/1.0/aopalliance-1.0.jar:/home/user/.m2/repository/com/google/inject/extensions/guice-servlet/4.0/guice-servlet-4.0.jar:/home/user/.m2/repository/org/glassfish/jersey/containers/jersey-container-servlet/2.27/jersey-container-servlet-2.27.jar:/home/user/.m2/repository/org/glassfish/hk2/guice-bridge/2.5.0/guice-bridge-2.5.0.jar:/home/user/.m2/repository/org/glassfish/jersey/core/jersey-server/2.27/jersey-server-2.27.jar:/home/user/.m2/repository/org/glassfish/jersey/core/jersey-client/2.27/jersey-client-2.27.jar:/home/user/.m2/repository/org/glassfish/jersey/media/jersey-media-jaxb/2.27/jersey-media-jaxb-2.27.jar:/home/user/.m2/repository/javax/validation/validation-api/1.1.0.Final/validation-api-1.1.0.Final.jar:/home/user/.m2/repository/org/glassfish/jersey/media/jersey-media-json-jackson/2.27/jersey-media-json-jackson-2.27.jar:/home/user/.m2/repository/org/glassfish/jersey/ext/jersey-entity-filtering/2.27/jersey-entity-filtering-2.27.jar:/home/user/.m2/repository/com/google/inject/extensions/guice-assistedinject/4.0/guice-assistedinject-4.0.jar:/home/user/.m2/repository/org/jooq/jooq/3.11.10/jooq-3.11.10.jar:/home/user/.m2/repository/org/jooq/jooq-meta/3.11.10/jooq-meta-3.11.10.jar:/home/user/.m2/repository/org/jooq/jooq-codegen/3.11.10/jooq-codegen-3.11.10.jar:/home/user/.m2/repository/com/jolbox/bonecp/0.8.0.RELEASE/bonecp-0.8.0.RELEASE.jar:/home/user/.m2/repository/org/xerial/sqlite-jdbc/3.25.2/sqlite-jdbc-3.25.2.jar:/home/user/.m2/repository/org/springframework/spring-jdbc/5.1.3.RELEASE/spring-jdbc-5.1.3.RELEASE.jar:/home/user/.m2/repository/org/springframework/spring-beans/5.1.3.RELEASE/spring-beans-5.1.3.RELEASE.jar:/home/user/.m2/repository/org/springframework/spring-core/5.1.3.RELEASE/spring-core-5.1.3.RELEASE.jar:/home/user/.m2/repository/org/springframework/spring-jcl/5.1.3.RELEASE/spring-jcl-5.1.3.RELEASE.jar:/home/user/.m2/repository/org/springframework/spring-tx/5.1.3.RELEASE/spring-tx-5.1.3.RELEASE.jar:/home/user/.m2/repository/org/apache/hadoop/hadoop-ozone-client/0.5.0-SNAPSHOT/hadoop-ozone-client-0.5.0-SNAPSHOT.jar:/home/user/.m2/repository/commons-lang/commons-lang/2.6/commons-lang-2.6.jar:/home/user/.m2/repository/org/apache/hadoop/hadoop-ozone-ozone-manager/0.5.0-SNAPSHOT/hadoop-ozone-ozone-manager-0.5.0-SNAPSHOT-tests.jar:/home/user/.m2/repository/junit/junit/4.11/junit-4.11.jar:/home/user/.m2/repository/org/hamcrest/hamcrest-core/1.3/hamcrest-core-1.3.jar:/home/user/.m2/repository/org/openjdk/jmh/jmh-core/1.19/jmh-core-1.19.jar:/home/user/.m2/repository/net/sf/jopt-simple/jopt-simple/4.6/jopt-simple-4.6.jar:/home/user/.m2/repository/org/apache/commons/commons-math3/3.1.1/commons-math3-3.1.1.jar:/home/user/.m2/repository/org/openjdk/jmh/jmh-generator-annprocess/1.19/jmh-generator-annprocess-1.19.jar:/home/user/.m2/repository/org/mockito/mockito-all/1.8.5/mockito-all-1.8.5.jar:/home/user/.m2/repository/org/apache/hadoop/hadoop-kms/3.2.0/hadoop-kms-3.2.0.jar:/home/user/.m2/repository/org/apache/hadoop/hadoop-auth/3.2.0/hadoop-auth-3.2.0.jar:/home/user/.m2/repository/com/nimbusds/nimbus-jose-jwt/4.41.1/nimbus-jose-jwt-4.41.1.jar:/home/user/.m2/repository/com/github/stephenc/jcip/jcip-annotations/1.0-1/jcip-annotations-1.0-1.jar:/home/user/.m2/repository/net/minidev/json-smart/2.3/json-smart-2.3.jar:/home/user/.m2/repository/net/minidev/accessors-smart/1.2/accessors-smart-1.2.jar:/home/user/.m2/repository/org/ow2/asm/asm/5.0.4/asm-5.0.4.jar:/home/user/.m2/repository/org/apache/curator/curator-framework/2.12.0/curator-framework-2.12.0.jar:/home/user/.m2/repository/com/sun/jersey/jersey-core/1.19/jersey-core-1.19.jar:/home/user/.m2/repository/javax/ws/rs/jsr311-api/1.1.1/jsr311-api-1.1.1.jar:/home/user/.m2/repository/com/sun/jersey/jersey-server/1.19/jersey-server-1.19.jar:/home/user/.m2/repository/javax/servlet/javax.servlet-api/3.1.0/javax.servlet-api-3.1.0.jar:/home/user/.m2/repository/org/eclipse/jetty/jetty-server/9.3.24.v20180605/jetty-server-9.3.24.v20180605.jar:/home/user/.m2/repository/org/eclipse/jetty/jetty-http/9.3.24.v20180605/jetty-http-9.3.24.v20180605.jar:/home/user/.m2/repository/org/eclipse/jetty/jetty-io/9.3.24.v20180605/jetty-io-9.3.24.v20180605.jar:/home/user/.m2/repository/org/eclipse/jetty/jetty-webapp/9.3.24.v20180605/jetty-webapp-9.3.24.v20180605.jar:/home/user/.m2/repository/org/eclipse/jetty/jetty-xml/9.3.24.v20180605/jetty-xml-9.3.24.v20180605.jar:/home/user/.m2/repository/log4j/log4j/1.2.17/log4j-1.2.17.jar:/home/user/.m2/repository/org/slf4j/slf4j-api/1.7.25/slf4j-api-1.7.25.jar:/home/user/.m2/repository/org/slf4j/jul-to-slf4j/1.7.25/jul-to-slf4j-1.7.25.jar:/home/user/.m2/repository/org/eclipse/jetty/jetty-util/9.3.24.v20180605/jetty-util-9.3.24.v20180605.jar:/home/user/.m2/repository/com/fasterxml/jackson/core/jackson-databind/2.9.5/jackson-databind-2.9.5.jar:/home/user/.m2/repository/org/apache/hadoop/hadoop-kms/3.2.0/hadoop-kms-3.2.0-tests.jar:/home/user/.m2/repository/org/apache/hadoop/hadoop-hdds-server-scm/0.5.0-SNAPSHOT/hadoop-hdds-server-scm-0.5.0-SNAPSHOT-tests.jar:/home/user/.m2/repository/org/apache/hadoop/hadoop-hdds-container-service/0.5.0-SNAPSHOT/hadoop-hdds-container-service-0.5.0-SNAPSHOT-tests.jar:/home/user/.m2/repository/org/yaml/snakeyaml/1.16/snakeyaml-1.16.jar:/home/user/.m2/repository/org/apache/hadoop/hadoop-common/3.2.0/hadoop-common-3.2.0-tests.jar:/home/user/.m2/repository/org/apache/hadoop/hadoop-annotations/3.2.0/hadoop-annotations-3.2.0.jar:/usr/lib/jvm/java-1.8-openjdk/jre/../lib/tools.jar:/home/user/.m2/repository/commons-cli/commons-cli/1.2/commons-cli-1.2.jar:/home/user/.m2/repository/org/apache/httpcomponents/httpclient/4.5.2/httpclient-4.5.2.jar:/home/user/.m2/repository/org/apache/httpcomponents/httpcore/4.4.4/httpcore-4.4.4.jar:/home/user/.m2/repository/commons-codec/commons-codec/1.11/commons-codec-1.11.jar:/home/user/.m2/repository/commons-net/commons-net/3.6/commons-net-3.6.jar:/home/user/.m2/repository/commons-collections/commons-collections/3.2.2/commons-collections-3.2.2.jar:/home/user/.m2/repository/org/eclipse/jetty/jetty-servlet/9.3.24.v20180605/jetty-servlet-9.3.24.v20180605.jar:/home/user/.m2/repository/org/eclipse/jetty/jetty-security/9.3.24.v20180605/jetty-security-9.3.24.v20180605.jar:/home/user/.m2/repository/javax/servlet/jsp/jsp-api/2.1/jsp-api-2.1.jar:/home/user/.m2/repository/com/sun/jersey/jersey-servlet/1.19/jersey-servlet-1.19.jar:/home/user/.m2/repository/com/sun/jersey/jersey-json/1.19/jersey-json-1.19.jar:/home/user/.m2/repository/org/codehaus/jettison/jettison/1.1/jettison-1.1.jar:/home/user/.m2/repository/org/codehaus/jackson/jackson-core-asl/1.9.13/jackson-core-asl-1.9.13.jar:/home/user/.m2/repository/org/codehaus/jackson/jackson-mapper-asl/1.9.13/jackson-mapper-asl-1.9.13.jar:/home/user/.m2/repository/org/codehaus/jackson/jackson-jaxrs/1.9.13/jackson-jaxrs-1.9.13.jar:/home/user/.m2/repository/org/codehaus/jackson/jackson-xc/1.9.13/jackson-xc-1.9.13.jar:/home/user/.m2/repository/commons-logging/commons-logging/1.1.3/commons-logging-1.1.3.jar:/home/user/.m2/repository/commons-beanutils/commons-beanutils/1.9.3/commons-beanutils-1.9.3.jar:/home/user/.m2/repository/org/apache/commons/commons-configuration2/2.1.1/commons-configuration2-2.1.1.jar:/home/user/.m2/repository/org/apache/commons/commons-lang3/3.7/commons-lang3-3.7.jar:/home/user/.m2/repository/org/apache/commons/commons-text/1.4/commons-text-1.4.jar:/home/user/.m2/repository/org/apache/avro/avro/1.7.7/avro-1.7.7.jar:/home/user/.m2/repository/com/thoughtworks/paranamer/paranamer/2.3/paranamer-2.3.jar:/home/user/.m2/repository/org/xerial/snappy/snappy-java/1.0.5/snappy-java-1.0.5.jar:/home/user/.m2/repository/com/google/re2j/re2j/1.1/re2j-1.1.jar:/home/user/.m2/repository/com/google/code/gson/gson/2.2.4/gson-2.2.4.jar:/home/user/.m2/repository/com/jcraft/jsch/0.1.54/jsch-0.1.54.jar:/home/user/.m2/repository/org/apache/curator/curator-client/2.12.0/curator-client-2.12.0.jar:/home/user/.m2/repository/org/apache/curator/curator-recipes/2.12.0/curator-recipes-2.12.0.jar:/home/user/.m2/repository/com/google/code/findbugs/jsr305/3.0.0/jsr305-3.0.0.jar:/home/user/.m2/repository/org/apache/htrace/htrace-core4/4.1.0-incubating/htrace-core4-4.1.0-incubating.jar:/home/user/.m2/repository/org/apache/zookeeper/zookeeper/3.4.13/zookeeper-3.4.13.jar:/home/user/.m2/repository/org/apache/yetus/audience-annotations/0.5.0/audience-annotations-0.5.0.jar:/home/user/.m2/repository/org/codehaus/woodstox/stax2-api/3.1.4/stax2-api-3.1.4.jar:/home/user/.m2/repository/com/fasterxml/woodstox/woodstox-core/5.0.3/woodstox-core-5.0.3.jar:/home/user/.m2/repository/dnsjava/dnsjava/2.1.7/dnsjava-2.1.7.jar:/home/user/.m2/repository/org/apache/hadoop/hadoop-hdfs/3.2.0/hadoop-hdfs-3.2.0-tests.jar:/home/user/.m2/repository/org/eclipse/jetty/jetty-util-ajax/9.3.24.v20180605/jetty-util-ajax-9.3.24.v20180605.jar:/home/user/.m2/repository/commons-daemon/commons-daemon/1.0.13/commons-daemon-1.0.13.jar:/home/user/.m2/repository/io/netty/netty/3.10.5.Final/netty-3.10.5.Final.jar:/home/user/.m2/repository/io/netty/netty-all/4.0.52.Final/netty-all-4.0.52.Final.jar:/home/user/.m2/repository/org/fusesource/leveldbjni/leveldbjni-all/1.8/leveldbjni-all-1.8.jar:"/>
    <property name="java.vm.vendor" value="IcedTea"/>
    <property name="sun.arch.data.model" value="64"/>
    <property name="test.build.dir" value="/workdir/hadoop-ozone/integration-test/target/test-dir"/>
    <property name="test.cache.data" value=""/>
    <property name="java.vendor.url" value="https://icedtea.classpath.org"/>
    <property name="user.timezone" value=""/>
    <property name="java.vm.specification.version" value="1.8"/>
    <property name="os.name" value="Linux"/>
    <property name="test.build.data" value="/workdir/hadoop-ozone/integration-test/target/test-dir"/>
    <property name="user.country" value="US"/>
    <property name="sun.java.launcher" value="SUN_STANDARD"/>
    <property name="sun.boot.library.path" value="/usr/lib/jvm/java-1.8-openjdk/jre/lib/amd64"/>
    <property name="sun.java.command" value="/workdir/hadoop-ozone/integration-test/target/surefire/surefirebooter4975242805498303446.jar /workdir/hadoop-ozone/integration-test/target/surefire 2019-09-19T07-57-21_967-jvmRun1 surefire8785413978183459632tmp surefire_905447499777430524638tmp"/>
    <property name="test" value="!TestMiniChaosOzoneCluster"/>
    <property name="surefire.test.class.path" value="/workdir/hadoop-ozone/integration-test/target/test-classes:/workdir/hadoop-ozone/integration-test/target/classes:/home/user/.m2/repository/org/apache/hadoop/hadoop-ozone-common/0.5.0-SNAPSHOT/hadoop-ozone-common-0.5.0-SNAPSHOT.jar:/home/user/.m2/repository/org/apache/commons/commons-compress/1.4.1/commons-compress-1.4.1.jar:/home/user/.m2/repository/org/tukaani/xz/1.0/xz-1.0.jar:/home/user/.m2/repository/org/apache/hadoop/hadoop-common/3.2.0/hadoop-common-3.2.0.jar:/home/user/.m2/repository/org/apache/hadoop/hadoop-hdfs/3.2.0/hadoop-hdfs-3.2.0.jar:/home/user/.m2/repository/org/apache/hadoop/hadoop-hdfs-client/3.2.0/hadoop-hdfs-client-3.2.0.jar:/home/user/.m2/repository/com/fasterxml/jackson/core/jackson-annotations/2.9.5/jackson-annotations-2.9.5.jar:/home/user/.m2/repository/org/apache/hadoop/hadoop-hdds-common/0.5.0-SNAPSHOT/hadoop-hdds-common-0.5.0-SNAPSHOT.jar:/home/user/.m2/repository/javax/annotation/javax.annotation-api/1.2/javax.annotation-api-1.2.jar:/home/user/.m2/repository/org/apache/ratis/ratis-server/0.4.0-2337318-SNAPSHOT/ratis-server-0.4.0-2337318-SNAPSHOT.jar:/home/user/.m2/repository/org/apache/ratis/ratis-thirdparty-misc/0.2.0/ratis-thirdparty-misc-0.2.0.jar:/home/user/.m2/repository/org/apache/ratis/ratis-proto/0.4.0-2337318-SNAPSHOT/ratis-proto-0.4.0-2337318-SNAPSHOT.jar:/home/user/.m2/repository/org/apache/ratis/ratis-common/0.4.0-2337318-SNAPSHOT/ratis-common-0.4.0-2337318-SNAPSHOT.jar:/home/user/.m2/repository/org/apache/ratis/ratis-client/0.4.0-2337318-SNAPSHOT/ratis-client-0.4.0-2337318-SNAPSHOT.jar:/home/user/.m2/repository/org/apache/ratis/ratis-metrics/0.4.0-2337318-SNAPSHOT/ratis-metrics-0.4.0-2337318-SNAPSHOT.jar:/home/user/.m2/repository/org/apache/ratis/ratis-netty/0.4.0-2337318-SNAPSHOT/ratis-netty-0.4.0-2337318-SNAPSHOT.jar:/home/user/.m2/repository/org/apache/ratis/ratis-grpc/0.4.0-2337318-SNAPSHOT/ratis-grpc-0.4.0-2337318-SNAPSHOT.jar:/home/user/.m2/repository/org/rocksdb/rocksdbjni/6.0.1/rocksdbjni-6.0.1.jar:/home/user/.m2/repository/org/apache/logging/log4j/log4j-api/2.11.0/log4j-api-2.11.0.jar:/home/user/.m2/repository/org/apache/logging/log4j/log4j-core/2.11.0/log4j-core-2.11.0.jar:/home/user/.m2/repository/com/lmax/disruptor/3.4.2/disruptor-3.4.2.jar:/home/user/.m2/repository/org/apache/commons/commons-pool2/2.6.0/commons-pool2-2.6.0.jar:/home/user/.m2/repository/org/bouncycastle/bcpkix-jdk15on/1.60/bcpkix-jdk15on-1.60.jar:/home/user/.m2/repository/commons-validator/commons-validator/1.6/commons-validator-1.6.jar:/home/user/.m2/repository/commons-digester/commons-digester/1.8.1/commons-digester-1.8.1.jar:/home/user/.m2/repository/io/jaegertracing/jaeger-client/0.33.1/jaeger-client-0.33.1.jar:/home/user/.m2/repository/io/jaegertracing/jaeger-thrift/0.33.1/jaeger-thrift-0.33.1.jar:/home/user/.m2/repository/org/apache/thrift/libthrift/0.11.0/libthrift-0.11.0.jar:/home/user/.m2/repository/com/squareup/okhttp3/okhttp/3.9.0/okhttp-3.9.0.jar:/home/user/.m2/repository/com/squareup/okio/okio/1.13.0/okio-1.13.0.jar:/home/user/.m2/repository/io/jaegertracing/jaeger-core/0.33.1/jaeger-core-0.33.1.jar:/home/user/.m2/repository/io/jaegertracing/jaeger-tracerresolver/0.33.1/jaeger-tracerresolver-0.33.1.jar:/home/user/.m2/repository/io/opentracing/contrib/opentracing-tracerresolver/0.1.5/opentracing-tracerresolver-0.1.5.jar:/home/user/.m2/repository/io/opentracing/opentracing-util/0.31.0/opentracing-util-0.31.0.jar:/home/user/.m2/repository/io/opentracing/opentracing-api/0.31.0/opentracing-api-0.31.0.jar:/home/user/.m2/repository/io/opentracing/opentracing-noop/0.31.0/opentracing-noop-0.31.0.jar:/home/user/.m2/repository/org/apache/hadoop/hadoop-hdds-server-framework/0.5.0-SNAPSHOT/hadoop-hdds-server-framework-0.5.0-SNAPSHOT.jar:/home/user/.m2/repository/org/apache/hadoop/hadoop-hdds-container-service/0.5.0-SNAPSHOT/hadoop-hdds-container-service-0.5.0-SNAPSHOT.jar:/home/user/.m2/repository/org/apache/hadoop/hadoop-hdds-client/0.5.0-SNAPSHOT/hadoop-hdds-client-0.5.0-SNAPSHOT.jar:/home/user/.m2/repository/org/apache/hadoop/hadoop-hdds-tools/0.5.0-SNAPSHOT/hadoop-hdds-tools-0.5.0-SNAPSHOT.jar:/home/user/.m2/repository/org/apache/hadoop/hadoop-hdds-server-scm/0.5.0-SNAPSHOT/hadoop-hdds-server-scm-0.5.0-SNAPSHOT.jar:/home/user/.m2/repository/org/apache/hadoop/hadoop-hdds-docs/0.5.0-SNAPSHOT/hadoop-hdds-docs-0.5.0-SNAPSHOT.jar:/home/user/.m2/repository/io/dropwizard/metrics/metrics-core/3.2.4/metrics-core-3.2.4.jar:/home/user/.m2/repository/org/hamcrest/hamcrest-all/1.3/hamcrest-all-1.3.jar:/home/user/.m2/repository/org/bouncycastle/bcprov-jdk15on/1.60/bcprov-jdk15on-1.60.jar:/home/user/.m2/repository/info/picocli/picocli/3.9.6/picocli-3.9.6.jar:/home/user/.m2/repository/com/google/protobuf/protobuf-java/2.5.0/protobuf-java-2.5.0.jar:/home/user/.m2/repository/com/google/guava/guava/11.0.2/guava-11.0.2.jar:/home/user/.m2/repository/org/apache/hadoop/hadoop-ozone-ozone-manager/0.5.0-SNAPSHOT/hadoop-ozone-ozone-manager-0.5.0-SNAPSHOT.jar:/home/user/.m2/repository/org/apache/hadoop/hadoop-minikdc/3.2.0/hadoop-minikdc-3.2.0.jar:/home/user/.m2/repository/commons-io/commons-io/2.5/commons-io-2.5.jar:/home/user/.m2/repository/org/apache/kerby/kerb-simplekdc/1.0.1/kerb-simplekdc-1.0.1.jar:/home/user/.m2/repository/org/apache/kerby/kerb-client/1.0.1/kerb-client-1.0.1.jar:/home/user/.m2/repository/org/apache/kerby/kerby-config/1.0.1/kerby-config-1.0.1.jar:/home/user/.m2/repository/org/apache/kerby/kerb-core/1.0.1/kerb-core-1.0.1.jar:/home/user/.m2/repository/org/apache/kerby/kerby-pkix/1.0.1/kerby-pkix-1.0.1.jar:/home/user/.m2/repository/org/apache/kerby/kerby-asn1/1.0.1/kerby-asn1-1.0.1.jar:/home/user/.m2/repository/org/apache/kerby/kerby-util/1.0.1/kerby-util-1.0.1.jar:/home/user/.m2/repository/org/apache/kerby/kerb-common/1.0.1/kerb-common-1.0.1.jar:/home/user/.m2/repository/org/apache/kerby/kerb-crypto/1.0.1/kerb-crypto-1.0.1.jar:/home/user/.m2/repository/org/apache/kerby/kerb-util/1.0.1/kerb-util-1.0.1.jar:/home/user/.m2/repository/org/apache/kerby/token-provider/1.0.1/token-provider-1.0.1.jar:/home/user/.m2/repository/org/apache/kerby/kerb-admin/1.0.1/kerb-admin-1.0.1.jar:/home/user/.m2/repository/org/apache/kerby/kerb-server/1.0.1/kerb-server-1.0.1.jar:/home/user/.m2/repository/org/apache/kerby/kerb-identity/1.0.1/kerb-identity-1.0.1.jar:/home/user/.m2/repository/org/apache/kerby/kerby-xdr/1.0.1/kerby-xdr-1.0.1.jar:/home/user/.m2/repository/org/slf4j/slf4j-log4j12/1.7.25/slf4j-log4j12-1.7.25.jar:/home/user/.m2/repository/org/apache/hadoop/hadoop-ozone-objectstore-service/0.5.0-SNAPSHOT/hadoop-ozone-objectstore-service-0.5.0-SNAPSHOT.jar:/home/user/.m2/repository/org/apache/hadoop/hadoop-ozone-s3gateway/0.5.0-SNAPSHOT/hadoop-ozone-s3gateway-0.5.0-SNAPSHOT.jar:/home/user/.m2/repository/org/jboss/weld/servlet/weld-servlet/2.4.7.Final/weld-servlet-2.4.7.Final.jar:/home/user/.m2/repository/org/glassfish/jersey/containers/jersey-container-servlet-core/2.27/jersey-container-servlet-core-2.27.jar:/home/user/.m2/repository/org/glassfish/hk2/external/javax.inject/2.5.0-b42/javax.inject-2.5.0-b42.jar:/home/user/.m2/repository/org/glassfish/jersey/core/jersey-common/2.27/jersey-common-2.27.jar:/home/user/.m2/repository/org/glassfish/hk2/osgi-resource-locator/1.0.1/osgi-resource-locator-1.0.1.jar:/home/user/.m2/repository/javax/ws/rs/javax.ws.rs-api/2.1/javax.ws.rs-api-2.1.jar:/home/user/.m2/repository/org/glassfish/jersey/ext/cdi/jersey-cdi1x/2.27/jersey-cdi1x-2.27.jar:/home/user/.m2/repository/org/glassfish/jersey/inject/jersey-hk2/2.27/jersey-hk2-2.27.jar:/home/user/.m2/repository/org/glassfish/hk2/hk2-locator/2.5.0-b42/hk2-locator-2.5.0-b42.jar:/home/user/.m2/repository/org/javassist/javassist/3.22.0-CR2/javassist-3.22.0-CR2.jar:/home/user/.m2/repository/org/glassfish/hk2/hk2-api/2.5.0/hk2-api-2.5.0.jar:/home/user/.m2/repository/org/glassfish/hk2/external/jakarta.inject/2.5.0/jakarta.inject-2.5.0.jar:/home/user/.m2/repository/org/glassfish/hk2/hk2-utils/2.5.0/hk2-utils-2.5.0.jar:/home/user/.m2/repository/jakarta/annotation/jakarta.annotation-api/1.3.4/jakarta.annotation-api-1.3.4.jar:/home/user/.m2/repository/org/glassfish/hk2/external/aopalliance-repackaged/2.5.0/aopalliance-repackaged-2.5.0.jar:/home/user/.m2/repository/com/fasterxml/jackson/dataformat/jackson-dataformat-xml/2.9.0/jackson-dataformat-xml-2.9.0.jar:/home/user/.m2/repository/com/fasterxml/jackson/core/jackson-core/2.9.5/jackson-core-2.9.5.jar:/home/user/.m2/repository/com/fasterxml/jackson/module/jackson-module-jaxb-annotations/2.9.5/jackson-module-jaxb-annotations-2.9.5.jar:/home/user/.m2/repository/javax/enterprise/cdi-api/1.2/cdi-api-1.2.jar:/home/user/.m2/repository/javax/el/javax.el-api/3.0.0/javax.el-api-3.0.0.jar:/home/user/.m2/repository/javax/interceptor/javax.interceptor-api/1.2/javax.interceptor-api-1.2.jar:/home/user/.m2/repository/javax/inject/javax.inject/1/javax.inject-1.jar:/home/user/.m2/repository/com/sun/xml/bind/jaxb-impl/2.3.0.1/jaxb-impl-2.3.0.1.jar:/home/user/.m2/repository/com/sun/xml/bind/jaxb-core/2.3.0.1/jaxb-core-2.3.0.1.jar:/home/user/.m2/repository/javax/xml/bind/jaxb-api/2.3.0/jaxb-api-2.3.0.jar:/home/user/.m2/repository/javax/activation/activation/1.1.1/activation-1.1.1.jar:/home/user/.m2/repository/org/apache/hadoop/hadoop-ozone-csi/0.5.0-SNAPSHOT/hadoop-ozone-csi-0.5.0-SNAPSHOT.jar:/home/user/.m2/repository/com/google/protobuf/protobuf-java-util/3.5.1/protobuf-java-util-3.5.1.jar:/home/user/.m2/repository/org/apache/hadoop/hadoop-hdds-config/0.5.0-SNAPSHOT/hadoop-hdds-config-0.5.0-SNAPSHOT.jar:/home/user/.m2/repository/io/grpc/grpc-netty/1.17.1/grpc-netty-1.17.1.jar:/home/user/.m2/repository/io/grpc/grpc-core/1.17.1/grpc-core-1.17.1.jar:/home/user/.m2/repository/io/grpc/grpc-context/1.17.1/grpc-context-1.17.1.jar:/home/user/.m2/repository/com/google/errorprone/error_prone_annotations/2.2.0/error_prone_annotations-2.2.0.jar:/home/user/.m2/repository/org/codehaus/mojo/animal-sniffer-annotations/1.17/animal-sniffer-annotations-1.17.jar:/home/user/.m2/repository/io/opencensus/opencensus-api/0.17.0/opencensus-api-0.17.0.jar:/home/user/.m2/repository/io/opencensus/opencensus-contrib-grpc-metrics/0.17.0/opencensus-contrib-grpc-metrics-0.17.0.jar:/home/user/.m2/repository/io/netty/netty-codec-http2/4.1.30.Final/netty-codec-http2-4.1.30.Final.jar:/home/user/.m2/repository/io/netty/netty-codec-http/4.1.30.Final/netty-codec-http-4.1.30.Final.jar:/home/user/.m2/repository/io/netty/netty-codec/4.1.30.Final/netty-codec-4.1.30.Final.jar:/home/user/.m2/repository/io/netty/netty-handler/4.1.30.Final/netty-handler-4.1.30.Final.jar:/home/user/.m2/repository/io/netty/netty-handler-proxy/4.1.30.Final/netty-handler-proxy-4.1.30.Final.jar:/home/user/.m2/repository/io/netty/netty-codec-socks/4.1.30.Final/netty-codec-socks-4.1.30.Final.jar:/home/user/.m2/repository/io/netty/netty-transport-native-epoll/4.1.30.Final/netty-transport-native-epoll-4.1.30.Final.jar:/home/user/.m2/repository/io/netty/netty-common/4.1.30.Final/netty-common-4.1.30.Final.jar:/home/user/.m2/repository/io/netty/netty-buffer/4.1.30.Final/netty-buffer-4.1.30.Final.jar:/home/user/.m2/repository/io/netty/netty-transport/4.1.30.Final/netty-transport-4.1.30.Final.jar:/home/user/.m2/repository/io/netty/netty-resolver/4.1.30.Final/netty-resolver-4.1.30.Final.jar:/home/user/.m2/repository/io/netty/netty-transport-native-unix-common/4.1.30.Final/netty-transport-native-unix-common-4.1.30.Final.jar:/home/user/.m2/repository/io/grpc/grpc-protobuf/1.17.1/grpc-protobuf-1.17.1.jar:/home/user/.m2/repository/com/google/api/grpc/proto-google-common-protos/1.0.0/proto-google-common-protos-1.0.0.jar:/home/user/.m2/repository/io/grpc/grpc-protobuf-lite/1.17.1/grpc-protobuf-lite-1.17.1.jar:/home/user/.m2/repository/io/grpc/grpc-stub/1.17.1/grpc-stub-1.17.1.jar:/home/user/.m2/repository/org/apache/hadoop/hadoop-ozone-recon/0.5.0-SNAPSHOT/hadoop-ozone-recon-0.5.0-SNAPSHOT.jar:/home/user/.m2/repository/org/apache/hadoop/hadoop-ozone-reconcodegen/0.5.0-SNAPSHOT/hadoop-ozone-reconcodegen-0.5.0-SNAPSHOT.jar:/home/user/.m2/repository/com/google/inject/extensions/guice-multibindings/4.0/guice-multibindings-4.0.jar:/home/user/.m2/repository/com/google/inject/guice/4.0/guice-4.0.jar:/home/user/.m2/repository/aopalliance/aopalliance/1.0/aopalliance-1.0.jar:/home/user/.m2/repository/com/google/inject/extensions/guice-servlet/4.0/guice-servlet-4.0.jar:/home/user/.m2/repository/org/glassfish/jersey/containers/jersey-container-servlet/2.27/jersey-container-servlet-2.27.jar:/home/user/.m2/repository/org/glassfish/hk2/guice-bridge/2.5.0/guice-bridge-2.5.0.jar:/home/user/.m2/repository/org/glassfish/jersey/core/jersey-server/2.27/jersey-server-2.27.jar:/home/user/.m2/repository/org/glassfish/jersey/core/jersey-client/2.27/jersey-client-2.27.jar:/home/user/.m2/repository/org/glassfish/jersey/media/jersey-media-jaxb/2.27/jersey-media-jaxb-2.27.jar:/home/user/.m2/repository/javax/validation/validation-api/1.1.0.Final/validation-api-1.1.0.Final.jar:/home/user/.m2/repository/org/glassfish/jersey/media/jersey-media-json-jackson/2.27/jersey-media-json-jackson-2.27.jar:/home/user/.m2/repository/org/glassfish/jersey/ext/jersey-entity-filtering/2.27/jersey-entity-filtering-2.27.jar:/home/user/.m2/repository/com/google/inject/extensions/guice-assistedinject/4.0/guice-assistedinject-4.0.jar:/home/user/.m2/repository/org/jooq/jooq/3.11.10/jooq-3.11.10.jar:/home/user/.m2/repository/org/jooq/jooq-meta/3.11.10/jooq-meta-3.11.10.jar:/home/user/.m2/repository/org/jooq/jooq-codegen/3.11.10/jooq-codegen-3.11.10.jar:/home/user/.m2/repository/com/jolbox/bonecp/0.8.0.RELEASE/bonecp-0.8.0.RELEASE.jar:/home/user/.m2/repository/org/xerial/sqlite-jdbc/3.25.2/sqlite-jdbc-3.25.2.jar:/home/user/.m2/repository/org/springframework/spring-jdbc/5.1.3.RELEASE/spring-jdbc-5.1.3.RELEASE.jar:/home/user/.m2/repository/org/springframework/spring-beans/5.1.3.RELEASE/spring-beans-5.1.3.RELEASE.jar:/home/user/.m2/repository/org/springframework/spring-core/5.1.3.RELEASE/spring-core-5.1.3.RELEASE.jar:/home/user/.m2/repository/org/springframework/spring-jcl/5.1.3.RELEASE/spring-jcl-5.1.3.RELEASE.jar:/home/user/.m2/repository/org/springframework/spring-tx/5.1.3.RELEASE/spring-tx-5.1.3.RELEASE.jar:/home/user/.m2/repository/org/apache/hadoop/hadoop-ozone-client/0.5.0-SNAPSHOT/hadoop-ozone-client-0.5.0-SNAPSHOT.jar:/home/user/.m2/repository/commons-lang/commons-lang/2.6/commons-lang-2.6.jar:/home/user/.m2/repository/org/apache/hadoop/hadoop-ozone-ozone-manager/0.5.0-SNAPSHOT/hadoop-ozone-ozone-manager-0.5.0-SNAPSHOT-tests.jar:/home/user/.m2/repository/junit/junit/4.11/junit-4.11.jar:/home/user/.m2/repository/org/hamcrest/hamcrest-core/1.3/hamcrest-core-1.3.jar:/home/user/.m2/repository/org/openjdk/jmh/jmh-core/1.19/jmh-core-1.19.jar:/home/user/.m2/repository/net/sf/jopt-simple/jopt-simple/4.6/jopt-simple-4.6.jar:/home/user/.m2/repository/org/apache/commons/commons-math3/3.1.1/commons-math3-3.1.1.jar:/home/user/.m2/repository/org/openjdk/jmh/jmh-generator-annprocess/1.19/jmh-generator-annprocess-1.19.jar:/home/user/.m2/repository/org/mockito/mockito-all/1.8.5/mockito-all-1.8.5.jar:/home/user/.m2/repository/org/apache/hadoop/hadoop-kms/3.2.0/hadoop-kms-3.2.0.jar:/home/user/.m2/repository/org/apache/hadoop/hadoop-auth/3.2.0/hadoop-auth-3.2.0.jar:/home/user/.m2/repository/com/nimbusds/nimbus-jose-jwt/4.41.1/nimbus-jose-jwt-4.41.1.jar:/home/user/.m2/repository/com/github/stephenc/jcip/jcip-annotations/1.0-1/jcip-annotations-1.0-1.jar:/home/user/.m2/repository/net/minidev/json-smart/2.3/json-smart-2.3.jar:/home/user/.m2/repository/net/minidev/accessors-smart/1.2/accessors-smart-1.2.jar:/home/user/.m2/repository/org/ow2/asm/asm/5.0.4/asm-5.0.4.jar:/home/user/.m2/repository/org/apache/curator/curator-framework/2.12.0/curator-framework-2.12.0.jar:/home/user/.m2/repository/com/sun/jersey/jersey-core/1.19/jersey-core-1.19.jar:/home/user/.m2/repository/javax/ws/rs/jsr311-api/1.1.1/jsr311-api-1.1.1.jar:/home/user/.m2/repository/com/sun/jersey/jersey-server/1.19/jersey-server-1.19.jar:/home/user/.m2/repository/javax/servlet/javax.servlet-api/3.1.0/javax.servlet-api-3.1.0.jar:/home/user/.m2/repository/org/eclipse/jetty/jetty-server/9.3.24.v20180605/jetty-server-9.3.24.v20180605.jar:/home/user/.m2/repository/org/eclipse/jetty/jetty-http/9.3.24.v20180605/jetty-http-9.3.24.v20180605.jar:/home/user/.m2/repository/org/eclipse/jetty/jetty-io/9.3.24.v20180605/jetty-io-9.3.24.v20180605.jar:/home/user/.m2/repository/org/eclipse/jetty/jetty-webapp/9.3.24.v20180605/jetty-webapp-9.3.24.v20180605.jar:/home/user/.m2/repository/org/eclipse/jetty/jetty-xml/9.3.24.v20180605/jetty-xml-9.3.24.v20180605.jar:/home/user/.m2/repository/log4j/log4j/1.2.17/log4j-1.2.17.jar:/home/user/.m2/repository/org/slf4j/slf4j-api/1.7.25/slf4j-api-1.7.25.jar:/home/user/.m2/repository/org/slf4j/jul-to-slf4j/1.7.25/jul-to-slf4j-1.7.25.jar:/home/user/.m2/repository/org/eclipse/jetty/jetty-util/9.3.24.v20180605/jetty-util-9.3.24.v20180605.jar:/home/user/.m2/repository/com/fasterxml/jackson/core/jackson-databind/2.9.5/jackson-databind-2.9.5.jar:/home/user/.m2/repository/org/apache/hadoop/hadoop-kms/3.2.0/hadoop-kms-3.2.0-tests.jar:/home/user/.m2/repository/org/apache/hadoop/hadoop-hdds-server-scm/0.5.0-SNAPSHOT/hadoop-hdds-server-scm-0.5.0-SNAPSHOT-tests.jar:/home/user/.m2/repository/org/apache/hadoop/hadoop-hdds-container-service/0.5.0-SNAPSHOT/hadoop-hdds-container-service-0.5.0-SNAPSHOT-tests.jar:/home/user/.m2/repository/org/yaml/snakeyaml/1.16/snakeyaml-1.16.jar:/home/user/.m2/repository/org/apache/hadoop/hadoop-common/3.2.0/hadoop-common-3.2.0-tests.jar:/home/user/.m2/repository/org/apache/hadoop/hadoop-annotations/3.2.0/hadoop-annotations-3.2.0.jar:/usr/lib/jvm/java-1.8-openjdk/jre/../lib/tools.jar:/home/user/.m2/repository/commons-cli/commons-cli/1.2/commons-cli-1.2.jar:/home/user/.m2/repository/org/apache/httpcomponents/httpclient/4.5.2/httpclient-4.5.2.jar:/home/user/.m2/repository/org/apache/httpcomponents/httpcore/4.4.4/httpcore-4.4.4.jar:/home/user/.m2/repository/commons-codec/commons-codec/1.11/commons-codec-1.11.jar:/home/user/.m2/repository/commons-net/commons-net/3.6/commons-net-3.6.jar:/home/user/.m2/repository/commons-collections/commons-collections/3.2.2/commons-collections-3.2.2.jar:/home/user/.m2/repository/org/eclipse/jetty/jetty-servlet/9.3.24.v20180605/jetty-servlet-9.3.24.v20180605.jar:/home/user/.m2/repository/org/eclipse/jetty/jetty-security/9.3.24.v20180605/jetty-security-9.3.24.v20180605.jar:/home/user/.m2/repository/javax/servlet/jsp/jsp-api/2.1/jsp-api-2.1.jar:/home/user/.m2/repository/com/sun/jersey/jersey-servlet/1.19/jersey-servlet-1.19.jar:/home/user/.m2/repository/com/sun/jersey/jersey-json/1.19/jersey-json-1.19.jar:/home/user/.m2/repository/org/codehaus/jettison/jettison/1.1/jettison-1.1.jar:/home/user/.m2/repository/org/codehaus/jackson/jackson-core-asl/1.9.13/jackson-core-asl-1.9.13.jar:/home/user/.m2/repository/org/codehaus/jackson/jackson-mapper-asl/1.9.13/jackson-mapper-asl-1.9.13.jar:/home/user/.m2/repository/org/codehaus/jackson/jackson-jaxrs/1.9.13/jackson-jaxrs-1.9.13.jar:/home/user/.m2/repository/org/codehaus/jackson/jackson-xc/1.9.13/jackson-xc-1.9.13.jar:/home/user/.m2/repository/commons-logging/commons-logging/1.1.3/commons-logging-1.1.3.jar:/home/user/.m2/repository/commons-beanutils/commons-beanutils/1.9.3/commons-beanutils-1.9.3.jar:/home/user/.m2/repository/org/apache/commons/commons-configuration2/2.1.1/commons-configuration2-2.1.1.jar:/home/user/.m2/repository/org/apache/commons/commons-lang3/3.7/commons-lang3-3.7.jar:/home/user/.m2/repository/org/apache/commons/commons-text/1.4/commons-text-1.4.jar:/home/user/.m2/repository/org/apache/avro/avro/1.7.7/avro-1.7.7.jar:/home/user/.m2/repository/com/thoughtworks/paranamer/paranamer/2.3/paranamer-2.3.jar:/home/user/.m2/repository/org/xerial/snappy/snappy-java/1.0.5/snappy-java-1.0.5.jar:/home/user/.m2/repository/com/google/re2j/re2j/1.1/re2j-1.1.jar:/home/user/.m2/repository/com/google/code/gson/gson/2.2.4/gson-2.2.4.jar:/home/user/.m2/repository/com/jcraft/jsch/0.1.54/jsch-0.1.54.jar:/home/user/.m2/repository/org/apache/curator/curator-client/2.12.0/curator-client-2.12.0.jar:/home/user/.m2/repository/org/apache/curator/curator-recipes/2.12.0/curator-recipes-2.12.0.jar:/home/user/.m2/repository/com/google/code/findbugs/jsr305/3.0.0/jsr305-3.0.0.jar:/home/user/.m2/repository/org/apache/htrace/htrace-core4/4.1.0-incubating/htrace-core4-4.1.0-incubating.jar:/home/user/.m2/repository/org/apache/zookeeper/zookeeper/3.4.13/zookeeper-3.4.13.jar:/home/user/.m2/repository/org/apache/yetus/audience-annotations/0.5.0/audience-annotations-0.5.0.jar:/home/user/.m2/repository/org/codehaus/woodstox/stax2-api/3.1.4/stax2-api-3.1.4.jar:/home/user/.m2/repository/com/fasterxml/woodstox/woodstox-core/5.0.3/woodstox-core-5.0.3.jar:/home/user/.m2/repository/dnsjava/dnsjava/2.1.7/dnsjava-2.1.7.jar:/home/user/.m2/repository/org/apache/hadoop/hadoop-hdfs/3.2.0/hadoop-hdfs-3.2.0-tests.jar:/home/user/.m2/repository/org/eclipse/jetty/jetty-util-ajax/9.3.24.v20180605/jetty-util-ajax-9.3.24.v20180605.jar:/home/user/.m2/repository/commons-daemon/commons-daemon/1.0.13/commons-daemon-1.0.13.jar:/home/user/.m2/repository/io/netty/netty/3.10.5.Final/netty-3.10.5.Final.jar:/home/user/.m2/repository/io/netty/netty-all/4.0.52.Final/netty-all-4.0.52.Final.jar:/home/user/.m2/repository/org/fusesource/leveldbjni/leveldbjni-all/1.8/leveldbjni-all-1.8.jar:"/>
    <property name="sun.cpu.endian" value="little"/>
    <property name="user.home" value="/home/user"/>
    <property name="user.language" value="en"/>
    <property name="java.specification.vendor" value="Oracle Corporation"/>
    <property name="java.home" value="/usr/lib/jvm/java-1.8-openjdk/jre"/>
    <property name="java.security.krb5.conf" value="/workdir/hadoop-ozone/integration-test/target/test-classes/krb5.conf"/>
    <property name="basedir" value="/workdir/hadoop-ozone/integration-test"/>
    <property name="file.separator" value="/"/>
    <property name="line.separator" value="&#10;"/>
    <property name="java.vm.specification.vendor" value="Oracle Corporation"/>
    <property name="java.specification.name" value="Java Platform API Specification"/>
    <property name="java.awt.graphicsenv" value="sun.awt.X11GraphicsEnvironment"/>
    <property name="surefire.real.class.path" value="/workdir/hadoop-ozone/integration-test/target/surefire/surefirebooter4975242805498303446.jar"/>
    <property name="hadoop.log.dir" value="/workdir/hadoop-ozone/integration-test/target/log"/>
    <property name="sun.boot.class.path" value="/usr/lib/jvm/java-1.8-openjdk/jre/lib/resources.jar:/usr/lib/jvm/java-1.8-openjdk/jre/lib/rt.jar:/usr/lib/jvm/java-1.8-openjdk/jre/lib/sunrsasign.jar:/usr/lib/jvm/java-1.8-openjdk/jre/lib/jsse.jar:/usr/lib/jvm/java-1.8-openjdk/jre/lib/jce.jar:/usr/lib/jvm/java-1.8-openjdk/jre/lib/charsets.jar:/usr/lib/jvm/java-1.8-openjdk/jre/lib/jfr.jar:/usr/lib/jvm/java-1.8-openjdk/jre/classes"/>
    <property name="sun.management.compiler" value="HotSpot 64-Bit Tiered Compilers"/>
    <property name="java.runtime.version" value="1.8.0_212-b04"/>
    <property name="java.net.preferIPv4Stack" value="true"/>
    <property name="user.name" value="jenkins1000"/>
    <property name="path.separator" value=":"/>
    <property name="java.security.egd" value="file:///dev/urandom"/>
    <property name="os.version" value="3.10.0-957.12.2.el7.x86_64"/>
    <property name="java.endorsed.dirs" value="/usr/lib/jvm/java-1.8-openjdk/jre/lib/endorsed"/>
    <property name="java.runtime.name" value="OpenJDK Runtime Environment"/>
    <property name="file.encoding" value="UTF-8"/>
    <property name="java.vm.name" value="OpenJDK 64-Bit Server VM"/>
    <property name="test.build.webapps" value=""/>
    <property name="localRepository" value="/home/user/.m2/repository"/>
    <property name="java.vendor.url.bug" value="https://icedtea.classpath.org/bugzilla"/>
    <property name="java.io.tmpdir" value="/tmp"/>
    <property name="require.test.libhadoop" value=""/>
    <property name="java.version" value="1.8.0_212"/>
    <property name="user.dir" value="/workdir/hadoop-ozone/integration-test"/>
    <property name="os.arch" value="amd64"/>
    <property name="java.vm.specification.name" value="Java Virtual Machine Specification"/>
    <property name="test.build.classes" value="/workdir/hadoop-ozone/integration-test/target/test-classes"/>
    <property name="java.awt.printerjob" value="sun.print.PSPrinterJob"/>
    <property name="sun.os.patch.level" value="unknown"/>
    <property name="hadoop.tmp.dir" value="/workdir/hadoop-ozone/integration-test/target/tmp"/>
    <property name="java.library.path" value="/usr/lib/jvm/java-1.8-openjdk/jre/lib/amd64/server:/usr/lib/jvm/java-1.8-openjdk/jre/lib/amd64:/usr/lib/jvm/java-1.8-openjdk/jre/../lib/amd64:/workdir/hadoop-ozone/integration-test/target/native/target/usr/local/lib:/workdir/hadoop-ozone/integration-test/../../hadoop-common-project/hadoop-common/target/native/target/usr/local/lib:/usr/java/packages/lib/amd64:/usr/lib64:/lib64:/lib:/usr/lib"/>
    <property name="java.vm.info" value="mixed mode"/>
    <property name="java.vendor" value="IcedTea"/>
    <property name="java.vm.version" value="25.212-b04"/>
    <property name="java.ext.dirs" value="/usr/lib/jvm/java-1.8-openjdk/jre/lib/ext:/usr/java/packages/lib/ext"/>
    <property name="sun.io.unicode.encoding" value="UnicodeLittle"/>
    <property name="java.class.version" value="52.0"/>
  </properties>
  <testcase name="testPipelineMap" classname="org.apache.hadoop.hdds.scm.pipeline.TestNode2PipelineMap" time="28.587">
    <error message="Could not allocate container. Cannot get any matching pipeline for Type:RATIS, Factor:THREE, State:PipelineState.OPEN" type="java.io.IOException">java.io.IOException: Could not allocate container. Cannot get any matching pipeline for Type:RATIS, Factor:THREE, State:PipelineState.OPEN
	at org.apache.hadoop.hdds.scm.container.ContainerStateManager.allocateContainer(ContainerStateManager.java:260)
	at org.apache.hadoop.hdds.scm.container.SCMContainerManager.allocateContainer(SCMContainerManager.java:247)
	at org.apache.hadoop.hdds.scm.pipeline.TestNode2PipelineMap.init(TestNode2PipelineMap.java:69)
	at sun.reflect.NativeMethodAccessorImpl.invoke0(Native Method)
	at sun.reflect.NativeMethodAccessorImpl.invoke(NativeMethodAccessorImpl.java:62)
	at sun.reflect.DelegatingMethodAccessorImpl.invoke(DelegatingMethodAccessorImpl.java:43)
	at java.lang.reflect.Method.invoke(Method.java:498)
	at org.junit.runners.model.FrameworkMethod$1.runReflectiveCall(FrameworkMethod.java:47)
	at org.junit.internal.runners.model.ReflectiveCallable.run(ReflectiveCallable.java:12)
	at org.junit.runners.model.FrameworkMethod.invokeExplosively(FrameworkMethod.java:44)
	at org.junit.internal.runners.statements.RunBefores.evaluate(RunBefores.java:24)
	at org.junit.internal.runners.statements.RunAfters.evaluate(RunAfters.java:27)
	at org.junit.runners.ParentRunner.runLeaf(ParentRunner.java:271)
	at org.junit.runners.BlockJUnit4ClassRunner.runChild(BlockJUnit4ClassRunner.java:70)
	at org.junit.runners.BlockJUnit4ClassRunner.runChild(BlockJUnit4ClassRunner.java:50)
	at org.junit.runners.ParentRunner$3.run(ParentRunner.java:238)
	at org.junit.runners.ParentRunner$1.schedule(ParentRunner.java:63)
	at org.junit.runners.ParentRunner.runChildren(ParentRunner.java:236)
	at org.junit.runners.ParentRunner.access$000(ParentRunner.java:53)
	at org.junit.runners.ParentRunner$2.evaluate(ParentRunner.java:229)
	at org.junit.runners.ParentRunner.run(ParentRunner.java:309)
	at org.apache.maven.surefire.junit4.JUnit4Provider.execute(JUnit4Provider.java:365)
	at org.apache.maven.surefire.junit4.JUnit4Provider.executeWithRerun(JUnit4Provider.java:273)
	at org.apache.maven.surefire.junit4.JUnit4Provider.executeTestSet(JUnit4Provider.java:238)
	at org.apache.maven.surefire.junit4.JUnit4Provider.invoke(JUnit4Provider.java:159)
	at org.apache.maven.surefire.booter.ForkedBooter.invokeProviderInSameClassLoader(ForkedBooter.java:384)
	at org.apache.maven.surefire.booter.ForkedBooter.runSuitesInProcess(ForkedBooter.java:345)
	at org.apache.maven.surefire.booter.ForkedBooter.execute(ForkedBooter.java:126)
	at org.apache.maven.surefire.booter.ForkedBooter.main(ForkedBooter.java:418)
</error>
    <system-out><![CDATA[2019-09-19 09:31:55,455 [main] WARN  server.ServerUtils (ServerUtils.java:getScmDbDir(145)) - ozone.scm.db.dirs is not configured. We recommend adding this setting. Falling back to ozone.metadata.dirs instead.
2019-09-19 09:31:55,569 [main] WARN  server.ServerUtils (ServerUtils.java:getScmDbDir(145)) - ozone.scm.db.dirs is not configured. We recommend adding this setting. Falling back to ozone.metadata.dirs instead.
2019-09-19 09:31:55,572 [main] WARN  server.ServerUtils (ServerUtils.java:getScmDbDir(145)) - ozone.scm.db.dirs is not configured. We recommend adding this setting. Falling back to ozone.metadata.dirs instead.
2019-09-19 09:31:55,589 [main] INFO  util.log (Log.java:initialized(192)) - Logging initialized @829ms
2019-09-19 09:31:55,731 [main] INFO  db.DBStoreBuilder (DBStoreBuilder.java:addTable(110)) - using custom profile for table: deletedBlocks
2019-09-19 09:31:55,731 [main] INFO  db.DBStoreBuilder (DBStoreBuilder.java:processTables(161)) - Using default column profile:DBProfile.DISK for Table:deletedBlocks
2019-09-19 09:31:55,732 [main] INFO  db.DBStoreBuilder (DBStoreBuilder.java:addTable(110)) - using custom profile for table: validCerts
2019-09-19 09:31:55,732 [main] INFO  db.DBStoreBuilder (DBStoreBuilder.java:processTables(161)) - Using default column profile:DBProfile.DISK for Table:validCerts
2019-09-19 09:31:55,732 [main] INFO  db.DBStoreBuilder (DBStoreBuilder.java:addTable(110)) - using custom profile for table: revokedCerts
2019-09-19 09:31:55,733 [main] INFO  db.DBStoreBuilder (DBStoreBuilder.java:processTables(161)) - Using default column profile:DBProfile.DISK for Table:revokedCerts
2019-09-19 09:31:55,745 [main] INFO  db.DBStoreBuilder (DBStoreBuilder.java:addTable(110)) - using custom profile for table: default
2019-09-19 09:31:55,745 [main] INFO  db.DBStoreBuilder (DBStoreBuilder.java:processTables(167)) - Using default column profile:DBProfile.DISK for Table:default
2019-09-19 09:31:55,747 [main] INFO  db.DBStoreBuilder (DBStoreBuilder.java:getDbProfile(198)) - Using default options. DBProfile.DISK
2019-09-19 09:31:55,918 [main] INFO  net.NodeSchemaLoader (NodeSchemaLoader.java:loadSchemaFromFile(125)) - Loading file from sun.misc.CompoundEnumeration@20deea7f
2019-09-19 09:31:55,920 [main] INFO  net.NodeSchemaLoader (NodeSchemaLoader.java:loadSchema(171)) - Loading network topology layer schema file
2019-09-19 09:31:55,988 [main] WARN  server.ServerUtils (ServerUtils.java:sanitizeUserArgs(70)) - ozone.scm.stale.node.interval value = 300000 is larger than max = 100000 based on the key value of ozone.scm.heartbeat.thread.interval, reset to the max value 100000.
2019-09-19 09:31:55,990 [main] WARN  server.ServerUtils (ServerUtils.java:sanitizeUserArgs(70)) - ozone.scm.stale.node.interval value = 300000 is larger than max = 100000 based on the key value of ozone.scm.heartbeat.thread.interval, reset to the max value 100000.
2019-09-19 09:31:55,992 [main] INFO  node.SCMNodeManager (SCMNodeManager.java:<init>(121)) - Entering startup safe mode.
2019-09-19 09:31:56,061 [main] INFO  algorithms.ContainerPlacementPolicyFactory (ContainerPlacementPolicyFactory.java:getPolicy(56)) - Create container placement policy of type org.apache.hadoop.hdds.scm.container.placement.algorithms.SCMContainerPlacementRandom
2019-09-19 09:31:56,076 [main] WARN  server.ServerUtils (ServerUtils.java:getScmDbDir(145)) - ozone.scm.db.dirs is not configured. We recommend adding this setting. Falling back to ozone.metadata.dirs instead.
2019-09-19 09:31:56,135 [main] INFO  pipeline.SCMPipelineManager (SCMPipelineManager.java:initializePipelineState(126)) - No pipeline exists in current db
2019-09-19 09:31:56,137 [main] WARN  server.ServerUtils (ServerUtils.java:getScmDbDir(145)) - ozone.scm.db.dirs is not configured. We recommend adding this setting. Falling back to ozone.metadata.dirs instead.
2019-09-19 09:31:56,240 [main] WARN  events.EventQueue (EventQueue.java:fireEvent(175)) - No event handler registered for event TypedEvent{payloadType=SafeModeStatus, name='SafeModeStatus'}
2019-09-19 09:31:56,715 [main] INFO  ipc.CallQueueManager (CallQueueManager.java:<init>(84)) - Using callQueue: class java.util.concurrent.LinkedBlockingQueue, queueCapacity: 2000, scheduler: class org.apache.hadoop.ipc.DefaultRpcScheduler, ipcBackoff: false.
2019-09-19 09:31:57,011 [Socket Reader #1 for port 39933] INFO  ipc.Server (Server.java:run(1074)) - Starting Socket Reader #1 for port 39933
2019-09-19 09:31:57,047 [main] INFO  ipc.CallQueueManager (CallQueueManager.java:<init>(84)) - Using callQueue: class java.util.concurrent.LinkedBlockingQueue, queueCapacity: 2000, scheduler: class org.apache.hadoop.ipc.DefaultRpcScheduler, ipcBackoff: false.
2019-09-19 09:31:57,048 [Socket Reader #1 for port 39843] INFO  ipc.Server (Server.java:run(1074)) - Starting Socket Reader #1 for port 39843
2019-09-19 09:31:57,056 [main] INFO  ipc.CallQueueManager (CallQueueManager.java:<init>(84)) - Using callQueue: class java.util.concurrent.LinkedBlockingQueue, queueCapacity: 2000, scheduler: class org.apache.hadoop.ipc.DefaultRpcScheduler, ipcBackoff: false.
2019-09-19 09:31:57,057 [Socket Reader #1 for port 41822] INFO  ipc.Server (Server.java:run(1074)) - Starting Socket Reader #1 for port 41822
2019-09-19 09:31:57,077 [main] INFO  hdfs.DFSUtil (DFSUtil.java:httpServerTemplateForNNAndJN(1641)) - Starting Web-server for scm at: http://0.0.0.0:0
2019-09-19 09:31:57,252 [main] INFO  server.AuthenticationFilter (AuthenticationFilter.java:constructSecretProvider(240)) - Unable to initialize FileSignerSecretProvider, falling back to use random secrets.
2019-09-19 09:31:57,260 [main] WARN  http.HttpRequestLog (HttpRequestLog.java:getRequestLog(97)) - Jetty request log can only be enabled using Log4j
2019-09-19 09:31:57,268 [main] INFO  http.HttpServer2 (HttpServer2.java:addGlobalFilter(975)) - Added global filter 'safety' (class=org.apache.hadoop.http.HttpServer2$QuotingInputFilter)
2019-09-19 09:31:57,271 [main] INFO  http.HttpServer2 (HttpServer2.java:addFilter(948)) - Added filter static_user_filter (class=org.apache.hadoop.http.lib.StaticUserWebFilter$StaticUserFilter) to context scm
2019-09-19 09:31:57,271 [main] INFO  http.HttpServer2 (HttpServer2.java:addFilter(958)) - Added filter static_user_filter (class=org.apache.hadoop.http.lib.StaticUserWebFilter$StaticUserFilter) to context static
2019-09-19 09:31:57,271 [main] INFO  http.HttpServer2 (HttpServer2.java:addFilter(958)) - Added filter static_user_filter (class=org.apache.hadoop.http.lib.StaticUserWebFilter$StaticUserFilter) to context logs
2019-09-19 09:31:57,297 [main] INFO  server.StorageContainerManager (StorageContainerManager.java:start(759)) - StorageContainerLocationProtocol RPC server is listening at /0.0.0.0:41822
2019-09-19 09:31:57,355 [main] WARN  impl.MetricsConfig (MetricsConfig.java:loadFirst(134)) - Cannot locate configuration: tried hadoop-metrics2-storagecontainermanager.properties,hadoop-metrics2.properties
2019-09-19 09:31:57,367 [main] INFO  impl.MetricsSystemImpl (MetricsSystemImpl.java:startTimer(374)) - Scheduled Metric snapshot period at 10 second(s).
2019-09-19 09:31:57,367 [main] INFO  impl.MetricsSystemImpl (MetricsSystemImpl.java:start(191)) - StorageContainerManager metrics system started
2019-09-19 09:31:57,606 [main] INFO  server.SCMClientProtocolServer (SCMClientProtocolServer.java:start(151)) - RPC server for Client  is listening at /0.0.0.0:41822
2019-09-19 09:31:57,606 [IPC Server Responder] INFO  ipc.Server (Server.java:run(1314)) - IPC Server Responder: starting
2019-09-19 09:31:57,607 [IPC Server listener on 41822] INFO  ipc.Server (Server.java:run(1153)) - IPC Server listener on 41822: starting
2019-09-19 09:31:57,609 [main] INFO  server.StorageContainerManager (StorageContainerManager.java:start(769)) - ScmBlockLocationProtocol RPC server is listening at /0.0.0.0:39843
2019-09-19 09:31:57,609 [main] INFO  server.SCMBlockProtocolServer (SCMBlockProtocolServer.java:start(140)) - RPC server for Block Protocol is listening at /0.0.0.0:39843
2019-09-19 09:31:57,610 [IPC Server Responder] INFO  ipc.Server (Server.java:run(1314)) - IPC Server Responder: starting
2019-09-19 09:31:57,610 [IPC Server listener on 39843] INFO  ipc.Server (Server.java:run(1153)) - IPC Server listener on 39843: starting
2019-09-19 09:31:57,612 [main] INFO  server.StorageContainerManager (StorageContainerManager.java:start(773)) - ScmDatanodeProtocl RPC server is listening at /0.0.0.0:39933
2019-09-19 09:31:57,612 [main] INFO  server.SCMDatanodeProtocolServer (SCMDatanodeProtocolServer.java:start(191)) - RPC server for DataNodes is listening at /0.0.0.0:39933
2019-09-19 09:31:57,612 [IPC Server Responder] INFO  ipc.Server (Server.java:run(1314)) - IPC Server Responder: starting
2019-09-19 09:31:57,612 [IPC Server listener on 39933] INFO  ipc.Server (Server.java:run(1153)) - IPC Server listener on 39933: starting
2019-09-19 09:31:57,616 [main] INFO  http.HttpServer2 (HttpServer2.java:bindListener(1191)) - Jetty bound to port 36487
2019-09-19 09:31:57,618 [main] INFO  server.Server (Server.java:doStart(351)) - jetty-9.3.24.v20180605, build timestamp: 2018-06-05T17:11:56Z, git hash: 84205aa28f11a4f31f2a3b86d1bba2cc8ab69827
2019-09-19 09:31:57,652 [main] INFO  handler.ContextHandler (ContextHandler.java:doStart(781)) - Started o.e.j.s.ServletContextHandler@74a6a609{/logs,file:///workdir/hadoop-ozone/integration-test/target/log,AVAILABLE}
2019-09-19 09:31:57,653 [main] INFO  handler.ContextHandler (ContextHandler.java:doStart(781)) - Started o.e.j.s.ServletContextHandler@2374d36a{/static,file:///workdir/hadoop-ozone/integration-test/target/test-classes/webapps/static,AVAILABLE}
2019-09-19 09:31:57,683 [main] INFO  handler.ContextHandler (ContextHandler.java:doStart(781)) - Started o.e.j.w.WebAppContext@21a5fd96{/,file:///workdir/hadoop-ozone/integration-test/target/test-classes/webapps/scm/,AVAILABLE}{/scm}
2019-09-19 09:31:57,688 [main] INFO  server.AbstractConnector (AbstractConnector.java:doStart(278)) - Started ServerConnector@327120c8{HTTP/1.1,[http/1.1]}{0.0.0.0:36487}
2019-09-19 09:31:57,688 [main] INFO  server.Server (Server.java:doStart(419)) - Started @2929ms
2019-09-19 09:31:57,689 [main] INFO  server.BaseHttpServer (BaseHttpServer.java:updateConnectorAddress(213)) - HTTP server of SCM is listening at http://0.0.0.0:36487
2019-09-19 09:31:57,695 [org.apache.hadoop.util.JvmPauseMonitor$Monitor@2555fff0] INFO  util.JvmPauseMonitor (JvmPauseMonitor.java:run(188)) - Starting JVM pause monitor
2019-09-19 09:31:57,696 [main] WARN  server.ServerUtils (ServerUtils.java:getDBPath(222)) - ozone.om.db.dirs is not configured. We recommend adding this setting. Falling back to ozone.metadata.dirs instead.
2019-09-19 09:31:57,787 [main] WARN  server.ServerUtils (ServerUtils.java:getDBPath(222)) - ozone.om.db.dirs is not configured. We recommend adding this setting. Falling back to ozone.metadata.dirs instead.
2019-09-19 09:31:57,787 [main] WARN  server.ServerUtils (ServerUtils.java:getDBPath(222)) - ozone.om.db.dirs is not configured. We recommend adding this setting. Falling back to ozone.metadata.dirs instead.
2019-09-19 09:31:57,788 [main] INFO  om.OzoneManager (OzoneManager.java:setOMNodeDetails(645)) - OM Service ID is not set. Setting it to the default ID: omServiceIdDefault
2019-09-19 09:31:57,788 [main] INFO  om.OzoneManager (OzoneManager.java:setOMNodeDetails(651)) - OM Node ID is not set. Setting it to the OmStorage's OmID: 4e9dc7c2-2d33-47a9-8707-fbbfdedd1c84
2019-09-19 09:31:57,789 [main] INFO  om.OzoneManager (OzoneManager.java:loadOMHAConfigs(602)) - Found matching OM address with OMServiceId: null, OMNodeId: null, RPC Address: localhost:0 and Ratis port: 9872
2019-09-19 09:31:58,065 | INFO  | SCMAudit | user=jenkins1000 | ip=192.168.34.5 | op=GET_SCM_INFO null | ret=SUCCESS |  
2019-09-19 09:31:58,533 [main] WARN  server.ServerUtils (ServerUtils.java:getDBPath(222)) - ozone.om.db.dirs is not configured. We recommend adding this setting. Falling back to ozone.metadata.dirs instead.
2019-09-19 09:31:58,542 [main] INFO  db.DBStoreBuilder (DBStoreBuilder.java:addTable(110)) - using custom profile for table: userTable
2019-09-19 09:31:58,542 [main] INFO  db.DBStoreBuilder (DBStoreBuilder.java:processTables(161)) - Using default column profile:DBProfile.DISK for Table:userTable
2019-09-19 09:31:58,543 [main] INFO  db.DBStoreBuilder (DBStoreBuilder.java:addTable(110)) - using custom profile for table: volumeTable
2019-09-19 09:31:58,543 [main] INFO  db.DBStoreBuilder (DBStoreBuilder.java:processTables(161)) - Using default column profile:DBProfile.DISK for Table:volumeTable
2019-09-19 09:31:58,543 [main] INFO  db.DBStoreBuilder (DBStoreBuilder.java:addTable(110)) - using custom profile for table: bucketTable
2019-09-19 09:31:58,543 [main] INFO  db.DBStoreBuilder (DBStoreBuilder.java:processTables(161)) - Using default column profile:DBProfile.DISK for Table:bucketTable
2019-09-19 09:31:58,544 [main] INFO  db.DBStoreBuilder (DBStoreBuilder.java:addTable(110)) - using custom profile for table: keyTable
2019-09-19 09:31:58,544 [main] INFO  db.DBStoreBuilder (DBStoreBuilder.java:processTables(161)) - Using default column profile:DBProfile.DISK for Table:keyTable
2019-09-19 09:31:58,544 [main] INFO  db.DBStoreBuilder (DBStoreBuilder.java:addTable(110)) - using custom profile for table: deletedTable
2019-09-19 09:31:58,544 [main] INFO  db.DBStoreBuilder (DBStoreBuilder.java:processTables(161)) - Using default column profile:DBProfile.DISK for Table:deletedTable
2019-09-19 09:31:58,545 [main] INFO  db.DBStoreBuilder (DBStoreBuilder.java:addTable(110)) - using custom profile for table: openKeyTable
2019-09-19 09:31:58,545 [main] INFO  db.DBStoreBuilder (DBStoreBuilder.java:processTables(161)) - Using default column profile:DBProfile.DISK for Table:openKeyTable
2019-09-19 09:31:58,545 [main] INFO  db.DBStoreBuilder (DBStoreBuilder.java:addTable(110)) - using custom profile for table: s3Table
2019-09-19 09:31:58,545 [main] INFO  db.DBStoreBuilder (DBStoreBuilder.java:processTables(161)) - Using default column profile:DBProfile.DISK for Table:s3Table
2019-09-19 09:31:58,546 [main] INFO  db.DBStoreBuilder (DBStoreBuilder.java:addTable(110)) - using custom profile for table: multipartInfoTable
2019-09-19 09:31:58,546 [main] INFO  db.DBStoreBuilder (DBStoreBuilder.java:processTables(161)) - Using default column profile:DBProfile.DISK for Table:multipartInfoTable
2019-09-19 09:31:58,546 [main] INFO  db.DBStoreBuilder (DBStoreBuilder.java:addTable(110)) - using custom profile for table: dTokenTable
2019-09-19 09:31:58,546 [main] INFO  db.DBStoreBuilder (DBStoreBuilder.java:processTables(161)) - Using default column profile:DBProfile.DISK for Table:dTokenTable
2019-09-19 09:31:58,546 [main] INFO  db.DBStoreBuilder (DBStoreBuilder.java:addTable(110)) - using custom profile for table: s3SecretTable
2019-09-19 09:31:58,547 [main] INFO  db.DBStoreBuilder (DBStoreBuilder.java:processTables(161)) - Using default column profile:DBProfile.DISK for Table:s3SecretTable
2019-09-19 09:31:58,547 [main] INFO  db.DBStoreBuilder (DBStoreBuilder.java:addTable(110)) - using custom profile for table: prefixTable
2019-09-19 09:31:58,547 [main] INFO  db.DBStoreBuilder (DBStoreBuilder.java:processTables(161)) - Using default column profile:DBProfile.DISK for Table:prefixTable
2019-09-19 09:31:58,547 [main] INFO  db.DBStoreBuilder (DBStoreBuilder.java:addTable(110)) - using custom profile for table: default
2019-09-19 09:31:58,548 [main] INFO  db.DBStoreBuilder (DBStoreBuilder.java:processTables(167)) - Using default column profile:DBProfile.DISK for Table:default
2019-09-19 09:31:58,548 [main] INFO  db.DBStoreBuilder (DBStoreBuilder.java:getDbProfile(198)) - Using default options. DBProfile.DISK
2019-09-19 09:31:59,017 [main] INFO  ipc.CallQueueManager (CallQueueManager.java:<init>(84)) - Using callQueue: class java.util.concurrent.LinkedBlockingQueue, queueCapacity: 2000, scheduler: class org.apache.hadoop.ipc.DefaultRpcScheduler, ipcBackoff: false.
2019-09-19 09:31:59,019 [Socket Reader #1 for port 32981] INFO  ipc.Server (Server.java:run(1074)) - Starting Socket Reader #1 for port 32981
2019-09-19 09:31:59,045 [main] INFO  om.OzoneManager (OzoneManager.java:start(1256)) - OzoneManager RPC server is listening at localhost/127.0.0.1:32981
2019-09-19 09:31:59,046 [main] INFO  impl.MetricsSystemImpl (MetricsSystemImpl.java:init(158)) - OzoneManager metrics system started (again)
2019-09-19 09:31:59,047 [IPC Server Responder] INFO  ipc.Server (Server.java:run(1314)) - IPC Server Responder: starting
2019-09-19 09:31:59,048 [IPC Server listener on 32981] INFO  ipc.Server (Server.java:run(1153)) - IPC Server listener on 32981: starting
2019-09-19 09:31:59,054 [main] INFO  hdfs.DFSUtil (DFSUtil.java:httpServerTemplateForNNAndJN(1641)) - Starting Web-server for ozoneManager at: http://0.0.0.0:0
2019-09-19 09:31:59,057 [main] INFO  server.AuthenticationFilter (AuthenticationFilter.java:constructSecretProvider(240)) - Unable to initialize FileSignerSecretProvider, falling back to use random secrets.
2019-09-19 09:31:59,058 [main] WARN  http.HttpRequestLog (HttpRequestLog.java:getRequestLog(97)) - Jetty request log can only be enabled using Log4j
2019-09-19 09:31:59,061 [main] INFO  http.HttpServer2 (HttpServer2.java:addGlobalFilter(975)) - Added global filter 'safety' (class=org.apache.hadoop.http.HttpServer2$QuotingInputFilter)
2019-09-19 09:31:59,062 [main] INFO  http.HttpServer2 (HttpServer2.java:addFilter(948)) - Added filter static_user_filter (class=org.apache.hadoop.http.lib.StaticUserWebFilter$StaticUserFilter) to context ozoneManager
2019-09-19 09:31:59,062 [main] INFO  http.HttpServer2 (HttpServer2.java:addFilter(958)) - Added filter static_user_filter (class=org.apache.hadoop.http.lib.StaticUserWebFilter$StaticUserFilter) to context logs
2019-09-19 09:31:59,062 [main] INFO  http.HttpServer2 (HttpServer2.java:addFilter(958)) - Added filter static_user_filter (class=org.apache.hadoop.http.lib.StaticUserWebFilter$StaticUserFilter) to context static
2019-09-19 09:31:59,065 [main] INFO  http.HttpServer2 (HttpServer2.java:bindListener(1191)) - Jetty bound to port 39420
2019-09-19 09:31:59,065 [main] INFO  server.Server (Server.java:doStart(351)) - jetty-9.3.24.v20180605, build timestamp: 2018-06-05T17:11:56Z, git hash: 84205aa28f11a4f31f2a3b86d1bba2cc8ab69827
2019-09-19 09:31:59,067 [main] INFO  handler.ContextHandler (ContextHandler.java:doStart(781)) - Started o.e.j.s.ServletContextHandler@543e593{/logs,file:///workdir/hadoop-ozone/integration-test/target/log,AVAILABLE}
2019-09-19 09:31:59,068 [main] INFO  handler.ContextHandler (ContextHandler.java:doStart(781)) - Started o.e.j.s.ServletContextHandler@51ec2df1{/static,file:///workdir/hadoop-ozone/integration-test/target/test-classes/webapps/static,AVAILABLE}
2019-09-19 09:31:59,302 [main] INFO  handler.ContextHandler (ContextHandler.java:doStart(781)) - Started o.e.j.w.WebAppContext@24fabd0f{/,file:///workdir/hadoop-ozone/integration-test/target/test-classes/webapps/ozoneManager/,AVAILABLE}{/ozoneManager}
2019-09-19 09:31:59,304 [main] INFO  server.AbstractConnector (AbstractConnector.java:doStart(278)) - Started ServerConnector@250b236d{HTTP/1.1,[http/1.1]}{0.0.0.0:39420}
2019-09-19 09:31:59,305 [main] INFO  server.Server (Server.java:doStart(419)) - Started @4544ms
2019-09-19 09:31:59,306 [main] INFO  server.BaseHttpServer (BaseHttpServer.java:updateConnectorAddress(213)) - HTTP server of OZONEMANAGER is listening at http://0.0.0.0:39420
2019-09-19 09:31:59,462 [main] INFO  impl.MetricsSystemImpl (MetricsSystemImpl.java:init(158)) - HddsDatanode metrics system started (again)
2019-09-19 09:31:59,569 [main] INFO  ozone.HddsDatanodeService (HddsDatanodeService.java:start(184)) - HddsDatanodeService host:pr-hdds-1569-j4bt4-3030777008 ip:192.168.34.5
2019-09-19 09:31:59,614 [main] INFO  volume.HddsVolume (HddsVolume.java:<init>(176)) - Creating Volume: /workdir/hadoop-ozone/integration-test/target/test-dir/MiniOzoneClusterImpl-c03e40f7-b090-4a92-a38a-d9f2087836a0/datanode-0/data/containers/hdds of  storage type : DISK and capacity : 1482555576320
2019-09-19 09:31:59,616 [main] INFO  volume.VolumeSet (VolumeSet.java:initializeVolumeSet(170)) - Added Volume : /workdir/hadoop-ozone/integration-test/target/test-dir/MiniOzoneClusterImpl-c03e40f7-b090-4a92-a38a-d9f2087836a0/datanode-0/data/containers/hdds to VolumeSet
2019-09-19 09:31:59,620 [main] INFO  volume.ThrottledAsyncChecker (ThrottledAsyncChecker.java:schedule(140)) - Scheduling a check for org.apache.hadoop.ozone.container.common.volume.HddsVolume@4df39a88
2019-09-19 09:31:59,642 [main] INFO  volume.HddsVolumeChecker (HddsVolumeChecker.java:checkAllVolumes(203)) - Scheduled health check for volume org.apache.hadoop.ozone.container.common.volume.HddsVolume@4df39a88
2019-09-19 09:31:59,751 [main] INFO  impl.RaftServerProxy (ConfUtils.java:logGet(43)) - raft.rpc.type = GRPC (default)
2019-09-19 09:31:59,814 [main] INFO  grpc.GrpcFactory (GrpcFactory.java:checkPooledByteBufAllocatorUseCacheForAllThreads(45)) - PERFORMANCE WARNING: useCacheForAllThreads is true that may cause Netty to create a lot garbage objects and, as a result, trigger GC.
	It is recommended to disable useCacheForAllThreads by setting -Dorg.apache.ratis.thirdparty.io.netty.allocator.useCacheForAllThreads=false in command line.
2019-09-19 09:31:59,819 [main] INFO  grpc.GrpcConfigKeys$Server (ConfUtils.java:logGet(43)) - raft.grpc.server.port = 0 (default)
2019-09-19 09:31:59,820 [main] INFO  server.GrpcService (ConfUtils.java:logGet(43)) - raft.grpc.message.size.max = 33570816 (custom)
2019-09-19 09:31:59,821 [main] INFO  server.RaftServerConfigKeys (ConfUtils.java:logGet(43)) - raft.server.log.appender.buffer.byte-limit = 33554432 (custom)
2019-09-19 09:31:59,822 [main] INFO  server.GrpcService (ConfUtils.java:logGet(43)) - raft.grpc.flow.control.window = 1MB (=1048576) (default)
2019-09-19 09:31:59,823 [main] INFO  server.RaftServerConfigKeys (ConfUtils.java:logGet(43)) - raft.server.rpc.request.timeout = 3000ms (default)
2019-09-19 09:31:59,979 [main] INFO  server.RaftServerConfigKeys (ConfUtils.java:logGet(43)) - raft.server.storage.dir = [/workdir/hadoop-ozone/integration-test/target/test-dir/MiniOzoneClusterImpl-c03e40f7-b090-4a92-a38a-d9f2087836a0/datanode-0/data/ratis] (custom)
2019-09-19 09:32:00,013 [main] INFO  replication.SimpleContainerDownloader (SimpleContainerDownloader.java:<init>(72)) - Starting container downloader service to copy containers to replicate.
2019-09-19 09:32:00,025 [main] INFO  hdfs.DFSUtil (DFSUtil.java:httpServerTemplateForNNAndJN(1641)) - Starting Web-server for hddsDatanode at: http://0.0.0.0:0
2019-09-19 09:32:00,027 [main] INFO  server.AuthenticationFilter (AuthenticationFilter.java:constructSecretProvider(240)) - Unable to initialize FileSignerSecretProvider, falling back to use random secrets.
2019-09-19 09:32:00,028 [main] WARN  http.HttpRequestLog (HttpRequestLog.java:getRequestLog(97)) - Jetty request log can only be enabled using Log4j
2019-09-19 09:32:00,030 [main] INFO  http.HttpServer2 (HttpServer2.java:addGlobalFilter(975)) - Added global filter 'safety' (class=org.apache.hadoop.http.HttpServer2$QuotingInputFilter)
2019-09-19 09:32:00,031 [main] INFO  http.HttpServer2 (HttpServer2.java:addFilter(948)) - Added filter static_user_filter (class=org.apache.hadoop.http.lib.StaticUserWebFilter$StaticUserFilter) to context hddsDatanode
2019-09-19 09:32:00,031 [main] INFO  http.HttpServer2 (HttpServer2.java:addFilter(958)) - Added filter static_user_filter (class=org.apache.hadoop.http.lib.StaticUserWebFilter$StaticUserFilter) to context static
2019-09-19 09:32:00,031 [main] INFO  http.HttpServer2 (HttpServer2.java:addFilter(958)) - Added filter static_user_filter (class=org.apache.hadoop.http.lib.StaticUserWebFilter$StaticUserFilter) to context logs
2019-09-19 09:32:00,032 [main] INFO  http.HttpServer2 (HttpServer2.java:bindListener(1191)) - Jetty bound to port 42154
2019-09-19 09:32:00,032 [main] INFO  server.Server (Server.java:doStart(351)) - jetty-9.3.24.v20180605, build timestamp: 2018-06-05T17:11:56Z, git hash: 84205aa28f11a4f31f2a3b86d1bba2cc8ab69827
2019-09-19 09:32:00,035 [main] INFO  handler.ContextHandler (ContextHandler.java:doStart(781)) - Started o.e.j.s.ServletContextHandler@6c0e13b7{/logs,file:///workdir/hadoop-ozone/integration-test/target/log,AVAILABLE}
2019-09-19 09:32:00,035 [main] INFO  handler.ContextHandler (ContextHandler.java:doStart(781)) - Started o.e.j.s.ServletContextHandler@561b7d53{/static,jar:file:/home/user/.m2/repository/org/apache/hadoop/hadoop-hdds-container-service/0.5.0-SNAPSHOT/hadoop-hdds-container-service-0.5.0-SNAPSHOT.jar!/webapps/static,AVAILABLE}
2019-09-19 09:32:00,070 [main] INFO  handler.ContextHandler (ContextHandler.java:doStart(781)) - Started o.e.j.w.WebAppContext@38ed139b{/,file:///tmp/jetty-0.0.0.0-42154-hddsDatanode-_-any-2526811227908809828.dir/webapp/,AVAILABLE}{/hddsDatanode}
2019-09-19 09:32:00,071 [main] INFO  server.AbstractConnector (AbstractConnector.java:doStart(278)) - Started ServerConnector@a5272be{HTTP/1.1,[http/1.1]}{0.0.0.0:42154}
2019-09-19 09:32:00,072 [main] INFO  server.Server (Server.java:doStart(419)) - Started @5312ms
2019-09-19 09:32:00,073 [main] INFO  server.BaseHttpServer (BaseHttpServer.java:updateConnectorAddress(213)) - HTTP server of HDDSDATANODE is listening at http://0.0.0.0:42154
2019-09-19 09:32:01,230 | INFO  | ObjectStoreRestHttpServer | Listening HDDS REST traffic on /0.0.0.0:46402 |  
2019-09-19 09:32:01,231 [main] INFO  ozone.HddsDatanodeService (HddsDatanodeService.java:startPlugins(395)) - Started plug-in org.apache.hadoop.ozone.web.OzoneHddsDatanodeService@27976390
2019-09-19 09:32:01,232 [main] INFO  impl.MetricsSystemImpl (MetricsSystemImpl.java:init(158)) - HddsDatanode metrics system started (again)
2019-09-19 09:32:01,235 [main] INFO  ozone.HddsDatanodeService (HddsDatanodeService.java:start(184)) - HddsDatanodeService host:pr-hdds-1569-j4bt4-3030777008 ip:192.168.34.5
2019-09-19 09:32:01,238 [org.apache.hadoop.util.JvmPauseMonitor$Monitor@65cf8f8d] INFO  util.JvmPauseMonitor (JvmPauseMonitor.java:run(188)) - Starting JVM pause monitor
2019-09-19 09:32:01,242 [main] INFO  volume.HddsVolume (HddsVolume.java:<init>(176)) - Creating Volume: /workdir/hadoop-ozone/integration-test/target/test-dir/MiniOzoneClusterImpl-c03e40f7-b090-4a92-a38a-d9f2087836a0/datanode-1/data/containers/hdds of  storage type : DISK and capacity : 1482555576320
2019-09-19 09:32:01,243 [main] INFO  volume.VolumeSet (VolumeSet.java:initializeVolumeSet(170)) - Added Volume : /workdir/hadoop-ozone/integration-test/target/test-dir/MiniOzoneClusterImpl-c03e40f7-b090-4a92-a38a-d9f2087836a0/datanode-1/data/containers/hdds to VolumeSet
2019-09-19 09:32:01,243 [main] INFO  volume.ThrottledAsyncChecker (ThrottledAsyncChecker.java:schedule(140)) - Scheduling a check for org.apache.hadoop.ozone.container.common.volume.HddsVolume@587c5c1
2019-09-19 09:32:01,243 [main] INFO  volume.HddsVolumeChecker (HddsVolumeChecker.java:checkAllVolumes(203)) - Scheduled health check for volume org.apache.hadoop.ozone.container.common.volume.HddsVolume@587c5c1
2019-09-19 09:32:01,259 [main] INFO  impl.RaftServerProxy (ConfUtils.java:logGet(43)) - raft.rpc.type = GRPC (default)
2019-09-19 09:32:01,259 [main] INFO  grpc.GrpcFactory (GrpcFactory.java:checkPooledByteBufAllocatorUseCacheForAllThreads(45)) - PERFORMANCE WARNING: useCacheForAllThreads is true that may cause Netty to create a lot garbage objects and, as a result, trigger GC.
	It is recommended to disable useCacheForAllThreads by setting -Dorg.apache.ratis.thirdparty.io.netty.allocator.useCacheForAllThreads=false in command line.
2019-09-19 09:32:01,260 [main] INFO  grpc.GrpcConfigKeys$Server (ConfUtils.java:logGet(43)) - raft.grpc.server.port = 0 (default)
2019-09-19 09:32:01,260 [main] INFO  server.GrpcService (ConfUtils.java:logGet(43)) - raft.grpc.message.size.max = 33570816 (custom)
2019-09-19 09:32:01,260 [main] INFO  server.RaftServerConfigKeys (ConfUtils.java:logGet(43)) - raft.server.log.appender.buffer.byte-limit = 33554432 (custom)
2019-09-19 09:32:01,260 [main] INFO  server.GrpcService (ConfUtils.java:logGet(43)) - raft.grpc.flow.control.window = 1MB (=1048576) (default)
2019-09-19 09:32:01,262 [main] INFO  server.RaftServerConfigKeys (ConfUtils.java:logGet(43)) - raft.server.rpc.request.timeout = 3000ms (default)
2019-09-19 09:32:01,263 [main] INFO  server.RaftServerConfigKeys (ConfUtils.java:logGet(43)) - raft.server.storage.dir = [/workdir/hadoop-ozone/integration-test/target/test-dir/MiniOzoneClusterImpl-c03e40f7-b090-4a92-a38a-d9f2087836a0/datanode-1/data/ratis] (custom)
2019-09-19 09:32:01,263 [main] INFO  replication.SimpleContainerDownloader (SimpleContainerDownloader.java:<init>(72)) - Starting container downloader service to copy containers to replicate.
2019-09-19 09:32:01,265 [main] INFO  hdfs.DFSUtil (DFSUtil.java:httpServerTemplateForNNAndJN(1641)) - Starting Web-server for hddsDatanode at: http://0.0.0.0:0
2019-09-19 09:32:01,267 [main] INFO  server.AuthenticationFilter (AuthenticationFilter.java:constructSecretProvider(240)) - Unable to initialize FileSignerSecretProvider, falling back to use random secrets.
2019-09-19 09:32:01,268 [main] WARN  http.HttpRequestLog (HttpRequestLog.java:getRequestLog(97)) - Jetty request log can only be enabled using Log4j
2019-09-19 09:32:01,270 [main] INFO  http.HttpServer2 (HttpServer2.java:addGlobalFilter(975)) - Added global filter 'safety' (class=org.apache.hadoop.http.HttpServer2$QuotingInputFilter)
2019-09-19 09:32:01,271 [main] INFO  http.HttpServer2 (HttpServer2.java:addFilter(948)) - Added filter static_user_filter (class=org.apache.hadoop.http.lib.StaticUserWebFilter$StaticUserFilter) to context hddsDatanode
2019-09-19 09:32:01,272 [main] INFO  http.HttpServer2 (HttpServer2.java:addFilter(958)) - Added filter static_user_filter (class=org.apache.hadoop.http.lib.StaticUserWebFilter$StaticUserFilter) to context static
2019-09-19 09:32:01,272 [main] INFO  http.HttpServer2 (HttpServer2.java:addFilter(958)) - Added filter static_user_filter (class=org.apache.hadoop.http.lib.StaticUserWebFilter$StaticUserFilter) to context logs
2019-09-19 09:32:01,273 [main] INFO  http.HttpServer2 (HttpServer2.java:bindListener(1191)) - Jetty bound to port 33350
2019-09-19 09:32:01,274 [main] INFO  server.Server (Server.java:doStart(351)) - jetty-9.3.24.v20180605, build timestamp: 2018-06-05T17:11:56Z, git hash: 84205aa28f11a4f31f2a3b86d1bba2cc8ab69827
2019-09-19 09:32:01,278 [main] INFO  handler.ContextHandler (ContextHandler.java:doStart(781)) - Started o.e.j.s.ServletContextHandler@256a0d95{/logs,file:///workdir/hadoop-ozone/integration-test/target/log,AVAILABLE}
2019-09-19 09:32:01,279 [main] INFO  handler.ContextHandler (ContextHandler.java:doStart(781)) - Started o.e.j.s.ServletContextHandler@4bf03fee{/static,jar:file:/home/user/.m2/repository/org/apache/hadoop/hadoop-hdds-container-service/0.5.0-SNAPSHOT/hadoop-hdds-container-service-0.5.0-SNAPSHOT.jar!/webapps/static,AVAILABLE}
2019-09-19 09:32:01,320 [main] INFO  handler.ContextHandler (ContextHandler.java:doStart(781)) - Started o.e.j.w.WebAppContext@28393e82{/,file:///tmp/jetty-0.0.0.0-33350-hddsDatanode-_-any-5512243964533710501.dir/webapp/,AVAILABLE}{/hddsDatanode}
2019-09-19 09:32:01,321 [main] INFO  server.AbstractConnector (AbstractConnector.java:doStart(278)) - Started ServerConnector@697a0948{HTTP/1.1,[http/1.1]}{0.0.0.0:33350}
2019-09-19 09:32:01,322 [main] INFO  server.Server (Server.java:doStart(419)) - Started @6562ms
2019-09-19 09:32:01,324 [main] INFO  server.BaseHttpServer (BaseHttpServer.java:updateConnectorAddress(213)) - HTTP server of HDDSDATANODE is listening at http://0.0.0.0:33350
2019-09-19 09:32:01,381 [Datanode State Machine Thread - 0] INFO  datanode.InitDatanodeState (InitDatanodeState.java:persistContainerDatanodeDetails(140)) - DatanodeDetails is persisted to /workdir/hadoop-ozone/integration-test/target/test-dir/MiniOzoneClusterImpl-c03e40f7-b090-4a92-a38a-d9f2087836a0/datanode-0/meta/datanode.id
2019-09-19 09:32:01,508 | INFO  | ObjectStoreRestHttpServer | Listening HDDS REST traffic on /0.0.0.0:41823 |  
2019-09-19 09:32:01,509 [main] INFO  ozone.HddsDatanodeService (HddsDatanodeService.java:startPlugins(395)) - Started plug-in org.apache.hadoop.ozone.web.OzoneHddsDatanodeService@646cd766
2019-09-19 09:32:01,509 [main] INFO  impl.MetricsSystemImpl (MetricsSystemImpl.java:init(158)) - HddsDatanode metrics system started (again)
2019-09-19 09:32:01,512 [main] INFO  ozone.HddsDatanodeService (HddsDatanodeService.java:start(184)) - HddsDatanodeService host:pr-hdds-1569-j4bt4-3030777008 ip:192.168.34.5
2019-09-19 09:32:01,513 [org.apache.hadoop.util.JvmPauseMonitor$Monitor@3018a05e] INFO  util.JvmPauseMonitor (JvmPauseMonitor.java:run(188)) - Starting JVM pause monitor
2019-09-19 09:32:01,524 [main] INFO  volume.HddsVolume (HddsVolume.java:<init>(176)) - Creating Volume: /workdir/hadoop-ozone/integration-test/target/test-dir/MiniOzoneClusterImpl-c03e40f7-b090-4a92-a38a-d9f2087836a0/datanode-2/data/containers/hdds of  storage type : DISK and capacity : 1482555576320
2019-09-19 09:32:01,524 [main] INFO  volume.VolumeSet (VolumeSet.java:initializeVolumeSet(170)) - Added Volume : /workdir/hadoop-ozone/integration-test/target/test-dir/MiniOzoneClusterImpl-c03e40f7-b090-4a92-a38a-d9f2087836a0/datanode-2/data/containers/hdds to VolumeSet
2019-09-19 09:32:01,524 [Datanode State Machine Thread - 0] INFO  datanode.InitDatanodeState (InitDatanodeState.java:persistContainerDatanodeDetails(140)) - DatanodeDetails is persisted to /workdir/hadoop-ozone/integration-test/target/test-dir/MiniOzoneClusterImpl-c03e40f7-b090-4a92-a38a-d9f2087836a0/datanode-1/meta/datanode.id
2019-09-19 09:32:01,525 [main] INFO  volume.ThrottledAsyncChecker (ThrottledAsyncChecker.java:schedule(140)) - Scheduling a check for org.apache.hadoop.ozone.container.common.volume.HddsVolume@65eb3597
2019-09-19 09:32:01,526 [main] INFO  volume.HddsVolumeChecker (HddsVolumeChecker.java:checkAllVolumes(203)) - Scheduled health check for volume org.apache.hadoop.ozone.container.common.volume.HddsVolume@65eb3597
2019-09-19 09:32:01,554 [main] INFO  impl.RaftServerProxy (ConfUtils.java:logGet(43)) - raft.rpc.type = GRPC (default)
2019-09-19 09:32:01,554 [main] INFO  grpc.GrpcFactory (GrpcFactory.java:checkPooledByteBufAllocatorUseCacheForAllThreads(45)) - PERFORMANCE WARNING: useCacheForAllThreads is true that may cause Netty to create a lot garbage objects and, as a result, trigger GC.
	It is recommended to disable useCacheForAllThreads by setting -Dorg.apache.ratis.thirdparty.io.netty.allocator.useCacheForAllThreads=false in command line.
2019-09-19 09:32:01,555 [main] INFO  grpc.GrpcConfigKeys$Server (ConfUtils.java:logGet(43)) - raft.grpc.server.port = 0 (default)
2019-09-19 09:32:01,555 [main] INFO  server.GrpcService (ConfUtils.java:logGet(43)) - raft.grpc.message.size.max = 33570816 (custom)
2019-09-19 09:32:01,555 [main] INFO  server.RaftServerConfigKeys (ConfUtils.java:logGet(43)) - raft.server.log.appender.buffer.byte-limit = 33554432 (custom)
2019-09-19 09:32:01,556 [main] INFO  server.GrpcService (ConfUtils.java:logGet(43)) - raft.grpc.flow.control.window = 1MB (=1048576) (default)
2019-09-19 09:32:01,556 [main] INFO  server.RaftServerConfigKeys (ConfUtils.java:logGet(43)) - raft.server.rpc.request.timeout = 3000ms (default)
2019-09-19 09:32:01,557 [main] INFO  server.RaftServerConfigKeys (ConfUtils.java:logGet(43)) - raft.server.storage.dir = [/workdir/hadoop-ozone/integration-test/target/test-dir/MiniOzoneClusterImpl-c03e40f7-b090-4a92-a38a-d9f2087836a0/datanode-2/data/ratis] (custom)
2019-09-19 09:32:01,558 [main] INFO  replication.SimpleContainerDownloader (SimpleContainerDownloader.java:<init>(72)) - Starting container downloader service to copy containers to replicate.
2019-09-19 09:32:01,560 [main] INFO  hdfs.DFSUtil (DFSUtil.java:httpServerTemplateForNNAndJN(1641)) - Starting Web-server for hddsDatanode at: http://0.0.0.0:0
2019-09-19 09:32:01,562 [main] INFO  server.AuthenticationFilter (AuthenticationFilter.java:constructSecretProvider(240)) - Unable to initialize FileSignerSecretProvider, falling back to use random secrets.
2019-09-19 09:32:01,563 [main] WARN  http.HttpRequestLog (HttpRequestLog.java:getRequestLog(97)) - Jetty request log can only be enabled using Log4j
2019-09-19 09:32:01,566 [main] INFO  http.HttpServer2 (HttpServer2.java:addGlobalFilter(975)) - Added global filter 'safety' (class=org.apache.hadoop.http.HttpServer2$QuotingInputFilter)
2019-09-19 09:32:01,567 [main] INFO  http.HttpServer2 (HttpServer2.java:addFilter(948)) - Added filter static_user_filter (class=org.apache.hadoop.http.lib.StaticUserWebFilter$StaticUserFilter) to context hddsDatanode
2019-09-19 09:32:01,567 [main] INFO  http.HttpServer2 (HttpServer2.java:addFilter(958)) - Added filter static_user_filter (class=org.apache.hadoop.http.lib.StaticUserWebFilter$StaticUserFilter) to context logs
2019-09-19 09:32:01,567 [main] INFO  http.HttpServer2 (HttpServer2.java:addFilter(958)) - Added filter static_user_filter (class=org.apache.hadoop.http.lib.StaticUserWebFilter$StaticUserFilter) to context static
2019-09-19 09:32:01,569 [main] INFO  http.HttpServer2 (HttpServer2.java:bindListener(1191)) - Jetty bound to port 41921
2019-09-19 09:32:01,569 [main] INFO  server.Server (Server.java:doStart(351)) - jetty-9.3.24.v20180605, build timestamp: 2018-06-05T17:11:56Z, git hash: 84205aa28f11a4f31f2a3b86d1bba2cc8ab69827
2019-09-19 09:32:01,572 [main] INFO  handler.ContextHandler (ContextHandler.java:doStart(781)) - Started o.e.j.s.ServletContextHandler@26e8ff8c{/logs,file:///workdir/hadoop-ozone/integration-test/target/log,AVAILABLE}
2019-09-19 09:32:01,573 [main] INFO  handler.ContextHandler (ContextHandler.java:doStart(781)) - Started o.e.j.s.ServletContextHandler@590d6c76{/static,jar:file:/home/user/.m2/repository/org/apache/hadoop/hadoop-hdds-container-service/0.5.0-SNAPSHOT/hadoop-hdds-container-service-0.5.0-SNAPSHOT.jar!/webapps/static,AVAILABLE}
2019-09-19 09:32:01,614 [main] INFO  handler.ContextHandler (ContextHandler.java:doStart(781)) - Started o.e.j.w.WebAppContext@1c98b4eb{/,file:///tmp/jetty-0.0.0.0-41921-hddsDatanode-_-any-353440961000388795.dir/webapp/,AVAILABLE}{/hddsDatanode}
2019-09-19 09:32:01,616 [main] INFO  server.AbstractConnector (AbstractConnector.java:doStart(278)) - Started ServerConnector@45801322{HTTP/1.1,[http/1.1]}{0.0.0.0:41921}
2019-09-19 09:32:01,617 [main] INFO  server.Server (Server.java:doStart(419)) - Started @6857ms
2019-09-19 09:32:01,618 [main] INFO  server.BaseHttpServer (BaseHttpServer.java:updateConnectorAddress(213)) - HTTP server of HDDSDATANODE is listening at http://0.0.0.0:41921
2019-09-19 09:32:01,802 | INFO  | ObjectStoreRestHttpServer | Listening HDDS REST traffic on /0.0.0.0:34575 |  
2019-09-19 09:32:01,802 [main] INFO  ozone.HddsDatanodeService (HddsDatanodeService.java:startPlugins(395)) - Started plug-in org.apache.hadoop.ozone.web.OzoneHddsDatanodeService@17c4dc5b
2019-09-19 09:32:01,803 [main] INFO  impl.MetricsSystemImpl (MetricsSystemImpl.java:init(158)) - HddsDatanode metrics system started (again)
2019-09-19 09:32:01,806 [main] INFO  ozone.HddsDatanodeService (HddsDatanodeService.java:start(184)) - HddsDatanodeService host:pr-hdds-1569-j4bt4-3030777008 ip:192.168.34.5
2019-09-19 09:32:01,806 [org.apache.hadoop.util.JvmPauseMonitor$Monitor@9f3ab72] INFO  util.JvmPauseMonitor (JvmPauseMonitor.java:run(188)) - Starting JVM pause monitor
2019-09-19 09:32:01,809 [Datanode State Machine Thread - 0] INFO  datanode.InitDatanodeState (InitDatanodeState.java:persistContainerDatanodeDetails(140)) - DatanodeDetails is persisted to /workdir/hadoop-ozone/integration-test/target/test-dir/MiniOzoneClusterImpl-c03e40f7-b090-4a92-a38a-d9f2087836a0/datanode-2/meta/datanode.id
2019-09-19 09:32:01,814 [main] INFO  volume.HddsVolume (HddsVolume.java:<init>(176)) - Creating Volume: /workdir/hadoop-ozone/integration-test/target/test-dir/MiniOzoneClusterImpl-c03e40f7-b090-4a92-a38a-d9f2087836a0/datanode-3/data/containers/hdds of  storage type : DISK and capacity : 1482555576320
2019-09-19 09:32:01,814 [main] INFO  volume.VolumeSet (VolumeSet.java:initializeVolumeSet(170)) - Added Volume : /workdir/hadoop-ozone/integration-test/target/test-dir/MiniOzoneClusterImpl-c03e40f7-b090-4a92-a38a-d9f2087836a0/datanode-3/data/containers/hdds to VolumeSet
2019-09-19 09:32:01,814 [main] INFO  volume.ThrottledAsyncChecker (ThrottledAsyncChecker.java:schedule(140)) - Scheduling a check for org.apache.hadoop.ozone.container.common.volume.HddsVolume@5d7dd549
2019-09-19 09:32:01,815 [main] INFO  volume.HddsVolumeChecker (HddsVolumeChecker.java:checkAllVolumes(203)) - Scheduled health check for volume org.apache.hadoop.ozone.container.common.volume.HddsVolume@5d7dd549
2019-09-19 09:32:01,829 [main] INFO  impl.RaftServerProxy (ConfUtils.java:logGet(43)) - raft.rpc.type = GRPC (default)
2019-09-19 09:32:01,830 [main] INFO  grpc.GrpcFactory (GrpcFactory.java:checkPooledByteBufAllocatorUseCacheForAllThreads(45)) - PERFORMANCE WARNING: useCacheForAllThreads is true that may cause Netty to create a lot garbage objects and, as a result, trigger GC.
	It is recommended to disable useCacheForAllThreads by setting -Dorg.apache.ratis.thirdparty.io.netty.allocator.useCacheForAllThreads=false in command line.
2019-09-19 09:32:01,830 [main] INFO  grpc.GrpcConfigKeys$Server (ConfUtils.java:logGet(43)) - raft.grpc.server.port = 0 (default)
2019-09-19 09:32:01,830 [main] INFO  server.GrpcService (ConfUtils.java:logGet(43)) - raft.grpc.message.size.max = 33570816 (custom)
2019-09-19 09:32:01,830 [main] INFO  server.RaftServerConfigKeys (ConfUtils.java:logGet(43)) - raft.server.log.appender.buffer.byte-limit = 33554432 (custom)
2019-09-19 09:32:01,831 [main] INFO  server.GrpcService (ConfUtils.java:logGet(43)) - raft.grpc.flow.control.window = 1MB (=1048576) (default)
2019-09-19 09:32:01,831 [main] INFO  server.RaftServerConfigKeys (ConfUtils.java:logGet(43)) - raft.server.rpc.request.timeout = 3000ms (default)
2019-09-19 09:32:01,831 [main] INFO  server.RaftServerConfigKeys (ConfUtils.java:logGet(43)) - raft.server.storage.dir = [/workdir/hadoop-ozone/integration-test/target/test-dir/MiniOzoneClusterImpl-c03e40f7-b090-4a92-a38a-d9f2087836a0/datanode-3/data/ratis] (custom)
2019-09-19 09:32:01,832 [main] INFO  replication.SimpleContainerDownloader (SimpleContainerDownloader.java:<init>(72)) - Starting container downloader service to copy containers to replicate.
2019-09-19 09:32:01,833 [main] INFO  hdfs.DFSUtil (DFSUtil.java:httpServerTemplateForNNAndJN(1641)) - Starting Web-server for hddsDatanode at: http://0.0.0.0:0
2019-09-19 09:32:01,835 [main] INFO  server.AuthenticationFilter (AuthenticationFilter.java:constructSecretProvider(240)) - Unable to initialize FileSignerSecretProvider, falling back to use random secrets.
2019-09-19 09:32:01,836 [main] WARN  http.HttpRequestLog (HttpRequestLog.java:getRequestLog(97)) - Jetty request log can only be enabled using Log4j
2019-09-19 09:32:01,837 [main] INFO  http.HttpServer2 (HttpServer2.java:addGlobalFilter(975)) - Added global filter 'safety' (class=org.apache.hadoop.http.HttpServer2$QuotingInputFilter)
2019-09-19 09:32:01,838 [main] INFO  http.HttpServer2 (HttpServer2.java:addFilter(948)) - Added filter static_user_filter (class=org.apache.hadoop.http.lib.StaticUserWebFilter$StaticUserFilter) to context hddsDatanode
2019-09-19 09:32:01,838 [main] INFO  http.HttpServer2 (HttpServer2.java:addFilter(958)) - Added filter static_user_filter (class=org.apache.hadoop.http.lib.StaticUserWebFilter$StaticUserFilter) to context logs
2019-09-19 09:32:01,838 [main] INFO  http.HttpServer2 (HttpServer2.java:addFilter(958)) - Added filter static_user_filter (class=org.apache.hadoop.http.lib.StaticUserWebFilter$StaticUserFilter) to context static
2019-09-19 09:32:01,839 [main] INFO  http.HttpServer2 (HttpServer2.java:bindListener(1191)) - Jetty bound to port 34956
2019-09-19 09:32:01,839 [main] INFO  server.Server (Server.java:doStart(351)) - jetty-9.3.24.v20180605, build timestamp: 2018-06-05T17:11:56Z, git hash: 84205aa28f11a4f31f2a3b86d1bba2cc8ab69827
2019-09-19 09:32:01,845 [main] INFO  handler.ContextHandler (ContextHandler.java:doStart(781)) - Started o.e.j.s.ServletContextHandler@14f060b8{/logs,file:///workdir/hadoop-ozone/integration-test/target/log,AVAILABLE}
2019-09-19 09:32:01,846 [main] INFO  handler.ContextHandler (ContextHandler.java:doStart(781)) - Started o.e.j.s.ServletContextHandler@79df80a4{/static,jar:file:/home/user/.m2/repository/org/apache/hadoop/hadoop-hdds-container-service/0.5.0-SNAPSHOT/hadoop-hdds-container-service-0.5.0-SNAPSHOT.jar!/webapps/static,AVAILABLE}
2019-09-19 09:32:01,875 [main] INFO  handler.ContextHandler (ContextHandler.java:doStart(781)) - Started o.e.j.w.WebAppContext@5fb3111a{/,file:///tmp/jetty-0.0.0.0-34956-hddsDatanode-_-any-5333704049650001405.dir/webapp/,AVAILABLE}{/hddsDatanode}
2019-09-19 09:32:01,876 [main] INFO  server.AbstractConnector (AbstractConnector.java:doStart(278)) - Started ServerConnector@4aaecabd{HTTP/1.1,[http/1.1]}{0.0.0.0:34956}
2019-09-19 09:32:01,877 [main] INFO  server.Server (Server.java:doStart(419)) - Started @7117ms
2019-09-19 09:32:01,877 [main] INFO  server.BaseHttpServer (BaseHttpServer.java:updateConnectorAddress(213)) - HTTP server of HDDSDATANODE is listening at http://0.0.0.0:34956
2019-09-19 09:32:02,025 | INFO  | ObjectStoreRestHttpServer | Listening HDDS REST traffic on /0.0.0.0:43835 |  
2019-09-19 09:32:02,025 [main] INFO  ozone.HddsDatanodeService (HddsDatanodeService.java:startPlugins(395)) - Started plug-in org.apache.hadoop.ozone.web.OzoneHddsDatanodeService@3344d163
2019-09-19 09:32:02,025 [main] INFO  impl.MetricsSystemImpl (MetricsSystemImpl.java:init(158)) - HddsDatanode metrics system started (again)
2019-09-19 09:32:02,029 [org.apache.hadoop.util.JvmPauseMonitor$Monitor@4f474cc4] INFO  util.JvmPauseMonitor (JvmPauseMonitor.java:run(188)) - Starting JVM pause monitor
2019-09-19 09:32:02,029 [main] INFO  ozone.HddsDatanodeService (HddsDatanodeService.java:start(184)) - HddsDatanodeService host:pr-hdds-1569-j4bt4-3030777008 ip:192.168.34.5
2019-09-19 09:32:02,032 [Datanode State Machine Thread - 0] INFO  datanode.InitDatanodeState (InitDatanodeState.java:persistContainerDatanodeDetails(140)) - DatanodeDetails is persisted to /workdir/hadoop-ozone/integration-test/target/test-dir/MiniOzoneClusterImpl-c03e40f7-b090-4a92-a38a-d9f2087836a0/datanode-3/meta/datanode.id
2019-09-19 09:32:02,038 [main] INFO  volume.HddsVolume (HddsVolume.java:<init>(176)) - Creating Volume: /workdir/hadoop-ozone/integration-test/target/test-dir/MiniOzoneClusterImpl-c03e40f7-b090-4a92-a38a-d9f2087836a0/datanode-4/data/containers/hdds of  storage type : DISK and capacity : 1482555576320
2019-09-19 09:32:02,039 [main] INFO  volume.VolumeSet (VolumeSet.java:initializeVolumeSet(170)) - Added Volume : /workdir/hadoop-ozone/integration-test/target/test-dir/MiniOzoneClusterImpl-c03e40f7-b090-4a92-a38a-d9f2087836a0/datanode-4/data/containers/hdds to VolumeSet
2019-09-19 09:32:02,039 [main] INFO  volume.ThrottledAsyncChecker (ThrottledAsyncChecker.java:schedule(140)) - Scheduling a check for org.apache.hadoop.ozone.container.common.volume.HddsVolume@73a845cb
2019-09-19 09:32:02,040 [main] INFO  volume.HddsVolumeChecker (HddsVolumeChecker.java:checkAllVolumes(203)) - Scheduled health check for volume org.apache.hadoop.ozone.container.common.volume.HddsVolume@73a845cb
2019-09-19 09:32:02,055 [main] INFO  impl.RaftServerProxy (ConfUtils.java:logGet(43)) - raft.rpc.type = GRPC (default)
2019-09-19 09:32:02,055 [main] INFO  grpc.GrpcFactory (GrpcFactory.java:checkPooledByteBufAllocatorUseCacheForAllThreads(45)) - PERFORMANCE WARNING: useCacheForAllThreads is true that may cause Netty to create a lot garbage objects and, as a result, trigger GC.
	It is recommended to disable useCacheForAllThreads by setting -Dorg.apache.ratis.thirdparty.io.netty.allocator.useCacheForAllThreads=false in command line.
2019-09-19 09:32:02,055 [main] INFO  grpc.GrpcConfigKeys$Server (ConfUtils.java:logGet(43)) - raft.grpc.server.port = 0 (default)
2019-09-19 09:32:02,056 [main] INFO  server.GrpcService (ConfUtils.java:logGet(43)) - raft.grpc.message.size.max = 33570816 (custom)
2019-09-19 09:32:02,056 [main] INFO  server.RaftServerConfigKeys (ConfUtils.java:logGet(43)) - raft.server.log.appender.buffer.byte-limit = 33554432 (custom)
2019-09-19 09:32:02,056 [main] INFO  server.GrpcService (ConfUtils.java:logGet(43)) - raft.grpc.flow.control.window = 1MB (=1048576) (default)
2019-09-19 09:32:02,056 [main] INFO  server.RaftServerConfigKeys (ConfUtils.java:logGet(43)) - raft.server.rpc.request.timeout = 3000ms (default)
2019-09-19 09:32:02,057 [main] INFO  server.RaftServerConfigKeys (ConfUtils.java:logGet(43)) - raft.server.storage.dir = [/workdir/hadoop-ozone/integration-test/target/test-dir/MiniOzoneClusterImpl-c03e40f7-b090-4a92-a38a-d9f2087836a0/datanode-4/data/ratis] (custom)
2019-09-19 09:32:02,057 [main] INFO  replication.SimpleContainerDownloader (SimpleContainerDownloader.java:<init>(72)) - Starting container downloader service to copy containers to replicate.
2019-09-19 09:32:02,058 [main] INFO  hdfs.DFSUtil (DFSUtil.java:httpServerTemplateForNNAndJN(1641)) - Starting Web-server for hddsDatanode at: http://0.0.0.0:0
2019-09-19 09:32:02,060 [main] INFO  server.AuthenticationFilter (AuthenticationFilter.java:constructSecretProvider(240)) - Unable to initialize FileSignerSecretProvider, falling back to use random secrets.
2019-09-19 09:32:02,060 [main] WARN  http.HttpRequestLog (HttpRequestLog.java:getRequestLog(97)) - Jetty request log can only be enabled using Log4j
2019-09-19 09:32:02,062 [main] INFO  http.HttpServer2 (HttpServer2.java:addGlobalFilter(975)) - Added global filter 'safety' (class=org.apache.hadoop.http.HttpServer2$QuotingInputFilter)
2019-09-19 09:32:02,063 [main] INFO  http.HttpServer2 (HttpServer2.java:addFilter(948)) - Added filter static_user_filter (class=org.apache.hadoop.http.lib.StaticUserWebFilter$StaticUserFilter) to context hddsDatanode
2019-09-19 09:32:02,063 [main] INFO  http.HttpServer2 (HttpServer2.java:addFilter(958)) - Added filter static_user_filter (class=org.apache.hadoop.http.lib.StaticUserWebFilter$StaticUserFilter) to context static
2019-09-19 09:32:02,063 [main] INFO  http.HttpServer2 (HttpServer2.java:addFilter(958)) - Added filter static_user_filter (class=org.apache.hadoop.http.lib.StaticUserWebFilter$StaticUserFilter) to context logs
2019-09-19 09:32:02,064 [main] INFO  http.HttpServer2 (HttpServer2.java:bindListener(1191)) - Jetty bound to port 42024
2019-09-19 09:32:02,064 [main] INFO  server.Server (Server.java:doStart(351)) - jetty-9.3.24.v20180605, build timestamp: 2018-06-05T17:11:56Z, git hash: 84205aa28f11a4f31f2a3b86d1bba2cc8ab69827
2019-09-19 09:32:02,066 [main] INFO  handler.ContextHandler (ContextHandler.java:doStart(781)) - Started o.e.j.s.ServletContextHandler@7d50f2a8{/logs,file:///workdir/hadoop-ozone/integration-test/target/log,AVAILABLE}
2019-09-19 09:32:02,067 [main] INFO  handler.ContextHandler (ContextHandler.java:doStart(781)) - Started o.e.j.s.ServletContextHandler@37ca3ca8{/static,jar:file:/home/user/.m2/repository/org/apache/hadoop/hadoop-hdds-container-service/0.5.0-SNAPSHOT/hadoop-hdds-container-service-0.5.0-SNAPSHOT.jar!/webapps/static,AVAILABLE}
2019-09-19 09:32:02,096 [main] INFO  handler.ContextHandler (ContextHandler.java:doStart(781)) - Started o.e.j.w.WebAppContext@621f23ac{/,file:///tmp/jetty-0.0.0.0-42024-hddsDatanode-_-any-1524851593008083076.dir/webapp/,AVAILABLE}{/hddsDatanode}
2019-09-19 09:32:02,096 [main] INFO  server.AbstractConnector (AbstractConnector.java:doStart(278)) - Started ServerConnector@7761e342{HTTP/1.1,[http/1.1]}{0.0.0.0:42024}
2019-09-19 09:32:02,097 [main] INFO  server.Server (Server.java:doStart(419)) - Started @7337ms
2019-09-19 09:32:02,098 [main] INFO  server.BaseHttpServer (BaseHttpServer.java:updateConnectorAddress(213)) - HTTP server of HDDSDATANODE is listening at http://0.0.0.0:42024
2019-09-19 09:32:02,258 | INFO  | ObjectStoreRestHttpServer | Listening HDDS REST traffic on /0.0.0.0:36513 |  
2019-09-19 09:32:02,258 [main] INFO  ozone.HddsDatanodeService (HddsDatanodeService.java:startPlugins(395)) - Started plug-in org.apache.hadoop.ozone.web.OzoneHddsDatanodeService@6818fd48
2019-09-19 09:32:02,260 [main] INFO  ozone.MiniOzoneClusterImpl (MiniOzoneClusterImpl.java:lambda$waitForClusterToBeReady$0(142)) - Waiting for cluster to be ready. Got 0 of 5 DN Heartbeats.
2019-09-19 09:32:02,261 [org.apache.hadoop.util.JvmPauseMonitor$Monitor@3edc0d83] INFO  util.JvmPauseMonitor (JvmPauseMonitor.java:run(188)) - Starting JVM pause monitor
2019-09-19 09:32:02,263 [Datanode State Machine Thread - 0] INFO  datanode.InitDatanodeState (InitDatanodeState.java:persistContainerDatanodeDetails(140)) - DatanodeDetails is persisted to /workdir/hadoop-ozone/integration-test/target/test-dir/MiniOzoneClusterImpl-c03e40f7-b090-4a92-a38a-d9f2087836a0/datanode-4/meta/datanode.id
2019-09-19 09:32:03,260 [main] INFO  ozone.MiniOzoneClusterImpl (MiniOzoneClusterImpl.java:lambda$waitForClusterToBeReady$0(142)) - Waiting for cluster to be ready. Got 0 of 5 DN Heartbeats.
2019-09-19 09:32:03,270 | INFO  | SCMAudit | user=jenkins1000 | ip=192.168.34.5 | op=GET_VERSION null | ret=SUCCESS |  
2019-09-19 09:32:03,292 [Datanode State Machine Thread - 0] INFO  ozoneimpl.OzoneContainer (OzoneContainer.java:start(186)) - Attempting to start container services.
2019-09-19 09:32:03,294 [Datanode State Machine Thread - 0] INFO  ozoneimpl.OzoneContainer (OzoneContainer.java:startContainerScrub(160)) - Background container scrubber has been disabled by hdds.containerscrub.enabled
2019-09-19 09:32:03,294 [Datanode State Machine Thread - 0] INFO  ratis.XceiverServerRatis (XceiverServerRatis.java:start(404)) - Starting XceiverServerRatis bb059d21-eed2-433c-ad63-69c2d96e92b8 at port 0
2019-09-19 09:32:03,313 [Datanode State Machine Thread - 0] INFO  impl.RaftServerProxy (RaftServerProxy.java:lambda$start$3(299)) - bb059d21-eed2-433c-ad63-69c2d96e92b8: start RPC server
2019-09-19 09:32:03,506 [Datanode State Machine Thread - 0] INFO  server.GrpcService (GrpcService.java:startImpl(149)) - bb059d21-eed2-433c-ad63-69c2d96e92b8: GrpcService started, listening on 0.0.0.0/0.0.0.0:44341
2019-09-19 09:32:03,507 [Datanode State Machine Thread - 0] INFO  ratis.XceiverServerRatis (XceiverServerRatis.java:start(414)) - XceiverServerRatis bb059d21-eed2-433c-ad63-69c2d96e92b8 is started using port 44341
2019-09-19 09:32:03,509 [Datanode State Machine Thread - 0] INFO  server.XceiverServerGrpc (XceiverServerGrpc.java:start(163)) - XceiverServerGrpc bb059d21-eed2-433c-ad63-69c2d96e92b8 is started using port 45374
2019-09-19 09:32:03,514 | INFO  | SCMAudit | user=jenkins1000 | ip=192.168.34.5 | op=GET_VERSION null | ret=SUCCESS |  
2019-09-19 09:32:03,529 [Datanode State Machine Thread - 0] INFO  ozoneimpl.OzoneContainer (OzoneContainer.java:start(186)) - Attempting to start container services.
2019-09-19 09:32:03,531 [Datanode State Machine Thread - 0] INFO  ozoneimpl.OzoneContainer (OzoneContainer.java:startContainerScrub(160)) - Background container scrubber has been disabled by hdds.containerscrub.enabled
2019-09-19 09:32:03,531 [Datanode State Machine Thread - 0] INFO  ratis.XceiverServerRatis (XceiverServerRatis.java:start(404)) - Starting XceiverServerRatis ff5d247f-5929-4b0d-9b68-69c9a991aea9 at port 0
2019-09-19 09:32:03,540 [Datanode State Machine Thread - 0] INFO  impl.RaftServerProxy (RaftServerProxy.java:lambda$start$3(299)) - ff5d247f-5929-4b0d-9b68-69c9a991aea9: start RPC server
2019-09-19 09:32:03,543 [Datanode State Machine Thread - 0] INFO  server.GrpcService (GrpcService.java:startImpl(149)) - ff5d247f-5929-4b0d-9b68-69c9a991aea9: GrpcService started, listening on 0.0.0.0/0.0.0.0:33150
2019-09-19 09:32:03,543 [Datanode State Machine Thread - 0] INFO  ratis.XceiverServerRatis (XceiverServerRatis.java:start(414)) - XceiverServerRatis ff5d247f-5929-4b0d-9b68-69c9a991aea9 is started using port 33150
2019-09-19 09:32:03,545 [Datanode State Machine Thread - 0] INFO  server.XceiverServerGrpc (XceiverServerGrpc.java:start(163)) - XceiverServerGrpc ff5d247f-5929-4b0d-9b68-69c9a991aea9 is started using port 44887
2019-09-19 09:32:03,809 | INFO  | SCMAudit | user=jenkins1000 | ip=192.168.34.5 | op=GET_VERSION null | ret=SUCCESS |  
2019-09-19 09:32:03,823 [Datanode State Machine Thread - 0] INFO  ozoneimpl.OzoneContainer (OzoneContainer.java:start(186)) - Attempting to start container services.
2019-09-19 09:32:03,825 [Datanode State Machine Thread - 0] INFO  ozoneimpl.OzoneContainer (OzoneContainer.java:startContainerScrub(160)) - Background container scrubber has been disabled by hdds.containerscrub.enabled
2019-09-19 09:32:03,825 [Datanode State Machine Thread - 0] INFO  ratis.XceiverServerRatis (XceiverServerRatis.java:start(404)) - Starting XceiverServerRatis 1671272a-c11f-4f03-85c2-ea0c5f99ec93 at port 0
2019-09-19 09:32:03,832 [Datanode State Machine Thread - 0] INFO  impl.RaftServerProxy (RaftServerProxy.java:lambda$start$3(299)) - 1671272a-c11f-4f03-85c2-ea0c5f99ec93: start RPC server
2019-09-19 09:32:03,835 [Datanode State Machine Thread - 0] INFO  server.GrpcService (GrpcService.java:startImpl(149)) - 1671272a-c11f-4f03-85c2-ea0c5f99ec93: GrpcService started, listening on 0.0.0.0/0.0.0.0:44703
2019-09-19 09:32:03,835 [Datanode State Machine Thread - 0] INFO  ratis.XceiverServerRatis (XceiverServerRatis.java:start(414)) - XceiverServerRatis 1671272a-c11f-4f03-85c2-ea0c5f99ec93 is started using port 44703
2019-09-19 09:32:03,838 [Datanode State Machine Thread - 0] INFO  server.XceiverServerGrpc (XceiverServerGrpc.java:start(163)) - XceiverServerGrpc 1671272a-c11f-4f03-85c2-ea0c5f99ec93 is started using port 41380
2019-09-19 09:32:04,032 | INFO  | SCMAudit | user=jenkins1000 | ip=192.168.34.5 | op=GET_VERSION null | ret=SUCCESS |  
2019-09-19 09:32:04,046 [Datanode State Machine Thread - 0] INFO  ozoneimpl.OzoneContainer (OzoneContainer.java:start(186)) - Attempting to start container services.
2019-09-19 09:32:04,047 [Datanode State Machine Thread - 0] INFO  ozoneimpl.OzoneContainer (OzoneContainer.java:startContainerScrub(160)) - Background container scrubber has been disabled by hdds.containerscrub.enabled
2019-09-19 09:32:04,047 [Datanode State Machine Thread - 0] INFO  ratis.XceiverServerRatis (XceiverServerRatis.java:start(404)) - Starting XceiverServerRatis 38cd0138-33f7-48fe-ab23-0150bb61f7f1 at port 0
2019-09-19 09:32:04,054 [Datanode State Machine Thread - 0] INFO  impl.RaftServerProxy (RaftServerProxy.java:lambda$start$3(299)) - 38cd0138-33f7-48fe-ab23-0150bb61f7f1: start RPC server
2019-09-19 09:32:04,056 [Datanode State Machine Thread - 0] INFO  server.GrpcService (GrpcService.java:startImpl(149)) - 38cd0138-33f7-48fe-ab23-0150bb61f7f1: GrpcService started, listening on 0.0.0.0/0.0.0.0:36410
2019-09-19 09:32:04,057 [Datanode State Machine Thread - 0] INFO  ratis.XceiverServerRatis (XceiverServerRatis.java:start(414)) - XceiverServerRatis 38cd0138-33f7-48fe-ab23-0150bb61f7f1 is started using port 36410
2019-09-19 09:32:04,059 [Datanode State Machine Thread - 0] INFO  server.XceiverServerGrpc (XceiverServerGrpc.java:start(163)) - XceiverServerGrpc 38cd0138-33f7-48fe-ab23-0150bb61f7f1 is started using port 40924
2019-09-19 09:32:04,261 [main] INFO  ozone.MiniOzoneClusterImpl (MiniOzoneClusterImpl.java:lambda$waitForClusterToBeReady$0(142)) - Waiting for cluster to be ready. Got 0 of 5 DN Heartbeats.
2019-09-19 09:32:04,265 | INFO  | SCMAudit | user=jenkins1000 | ip=192.168.34.5 | op=GET_VERSION null | ret=SUCCESS |  
2019-09-19 09:32:04,287 [Datanode State Machine Thread - 0] INFO  ozoneimpl.OzoneContainer (OzoneContainer.java:start(186)) - Attempting to start container services.
2019-09-19 09:32:04,293 [Datanode State Machine Thread - 0] INFO  ozoneimpl.OzoneContainer (OzoneContainer.java:startContainerScrub(160)) - Background container scrubber has been disabled by hdds.containerscrub.enabled
2019-09-19 09:32:04,293 [Datanode State Machine Thread - 0] INFO  ratis.XceiverServerRatis (XceiverServerRatis.java:start(404)) - Starting XceiverServerRatis 7c3f124a-0cb2-45f0-b3a0-cd1753b18df8 at port 0
2019-09-19 09:32:04,301 [Datanode State Machine Thread - 0] INFO  impl.RaftServerProxy (RaftServerProxy.java:lambda$start$3(299)) - 7c3f124a-0cb2-45f0-b3a0-cd1753b18df8: start RPC server
2019-09-19 09:32:04,305 [Datanode State Machine Thread - 0] INFO  server.GrpcService (GrpcService.java:startImpl(149)) - 7c3f124a-0cb2-45f0-b3a0-cd1753b18df8: GrpcService started, listening on 0.0.0.0/0.0.0.0:40441
2019-09-19 09:32:04,305 [Datanode State Machine Thread - 0] INFO  ratis.XceiverServerRatis (XceiverServerRatis.java:start(414)) - XceiverServerRatis 7c3f124a-0cb2-45f0-b3a0-cd1753b18df8 is started using port 40441
2019-09-19 09:32:04,307 [Datanode State Machine Thread - 0] INFO  server.XceiverServerGrpc (XceiverServerGrpc.java:start(163)) - XceiverServerGrpc 7c3f124a-0cb2-45f0-b3a0-cd1753b18df8 is started using port 44875
2019-09-19 09:32:05,261 [main] INFO  ozone.MiniOzoneClusterImpl (MiniOzoneClusterImpl.java:lambda$waitForClusterToBeReady$0(142)) - Waiting for cluster to be ready. Got 0 of 5 DN Heartbeats.
2019-09-19 09:32:05,282 [IPC Server handler 1 on 39933] INFO  net.NetworkTopology (NetworkTopologyImpl.java:add(110)) - Added a new node: /default-rack/bb059d21-eed2-433c-ad63-69c2d96e92b8
2019-09-19 09:32:05,283 [IPC Server handler 1 on 39933] INFO  node.SCMNodeManager (SCMNodeManager.java:register(273)) - Registered Data node : bb059d21-eed2-433c-ad63-69c2d96e92b8{ip: 192.168.34.5, host: pr-hdds-1569-j4bt4-3030777008, networkLocation: /default-rack, certSerialId: null}
2019-09-19 09:32:05,288 [EventQueue-NodeRegistrationContainerReportForDataNodeSafeModeRule] INFO  safemode.SCMSafeModeManager (DataNodeSafeModeRule.java:process(71)) - SCM in safe mode. 1 DataNodes registered, 1 required.
2019-09-19 09:32:05,289 [EventQueue-NodeRegistrationContainerReportForDataNodeSafeModeRule] INFO  safemode.SCMSafeModeManager (SCMSafeModeManager.java:validateSafeModeExitRules(177)) - ScmSafeModeManager, all rules are successfully validated
2019-09-19 09:32:05,289 [EventQueue-NodeRegistrationContainerReportForDataNodeSafeModeRule] INFO  safemode.SCMSafeModeManager (SCMSafeModeManager.java:exitSafeMode(193)) - SCM exiting safe mode.
2019-09-19 09:32:05,296 | INFO  | SCMAudit | user=jenkins1000 | ip=192.168.34.5 | op=REGISTER {datanodeDetails=bb059d21-eed2-433c-ad63-69c2d96e92b8{ip: 192.168.34.5, host: pr-hdds-1569-j4bt4-3030777008, networkLocation: /default-rack, certSerialId: null}} | ret=SUCCESS |  
2019-09-19 09:32:05,516 [IPC Server handler 6 on 39933] INFO  net.NetworkTopology (NetworkTopologyImpl.java:add(110)) - Added a new node: /default-rack/ff5d247f-5929-4b0d-9b68-69c9a991aea9
2019-09-19 09:32:05,516 [IPC Server handler 6 on 39933] INFO  node.SCMNodeManager (SCMNodeManager.java:register(273)) - Registered Data node : ff5d247f-5929-4b0d-9b68-69c9a991aea9{ip: 192.168.34.5, host: pr-hdds-1569-j4bt4-3030777008, networkLocation: /default-rack, certSerialId: null}
2019-09-19 09:32:05,517 | INFO  | SCMAudit | user=jenkins1000 | ip=192.168.34.5 | op=REGISTER {datanodeDetails=ff5d247f-5929-4b0d-9b68-69c9a991aea9{ip: 192.168.34.5, host: pr-hdds-1569-j4bt4-3030777008, networkLocation: /default-rack, certSerialId: null}} | ret=SUCCESS |  
2019-09-19 09:32:05,978 [IPC Server handler 3 on 39933] INFO  net.NetworkTopology (NetworkTopologyImpl.java:add(110)) - Added a new node: /default-rack/1671272a-c11f-4f03-85c2-ea0c5f99ec93
2019-09-19 09:32:05,978 [IPC Server handler 3 on 39933] INFO  node.SCMNodeManager (SCMNodeManager.java:register(273)) - Registered Data node : 1671272a-c11f-4f03-85c2-ea0c5f99ec93{ip: 192.168.34.5, host: pr-hdds-1569-j4bt4-3030777008, networkLocation: /default-rack, certSerialId: null}
2019-09-19 09:32:05,981 | INFO  | SCMAudit | user=jenkins1000 | ip=192.168.34.5 | op=REGISTER {datanodeDetails=1671272a-c11f-4f03-85c2-ea0c5f99ec93{ip: 192.168.34.5, host: pr-hdds-1569-j4bt4-3030777008, networkLocation: /default-rack, certSerialId: null}} | ret=SUCCESS |  
2019-09-19 09:32:06,034 [IPC Server handler 2 on 39933] INFO  net.NetworkTopology (NetworkTopologyImpl.java:add(110)) - Added a new node: /default-rack/38cd0138-33f7-48fe-ab23-0150bb61f7f1
2019-09-19 09:32:06,034 [IPC Server handler 2 on 39933] INFO  node.SCMNodeManager (SCMNodeManager.java:register(273)) - Registered Data node : 38cd0138-33f7-48fe-ab23-0150bb61f7f1{ip: 192.168.34.5, host: pr-hdds-1569-j4bt4-3030777008, networkLocation: /default-rack, certSerialId: null}
2019-09-19 09:32:06,034 | INFO  | SCMAudit | user=jenkins1000 | ip=192.168.34.5 | op=REGISTER {datanodeDetails=38cd0138-33f7-48fe-ab23-0150bb61f7f1{ip: 192.168.34.5, host: pr-hdds-1569-j4bt4-3030777008, networkLocation: /default-rack, certSerialId: null}} | ret=SUCCESS |  
2019-09-19 09:32:06,145 [grpc-default-executor-0] INFO  impl.RaftServerProxy (RaftServerProxy.java:addNew(89)) - bb059d21-eed2-433c-ad63-69c2d96e92b8: addNew group-77BCB85FB7D7:[bb059d21-eed2-433c-ad63-69c2d96e92b8:192.168.34.5:44341] returns group-77BCB85FB7D7:java.util.concurrent.CompletableFuture@41dbe7bb[Not completed]
2019-09-19 09:32:06,164 [pool-27-thread-1] INFO  impl.RaftServerImpl (RaftServerImpl.java:<init>(93)) - bb059d21-eed2-433c-ad63-69c2d96e92b8: new RaftServerImpl for group-77BCB85FB7D7:[bb059d21-eed2-433c-ad63-69c2d96e92b8:192.168.34.5:44341] with ContainerStateMachine:uninitialized
2019-09-19 09:32:06,166 [pool-27-thread-1] INFO  server.RaftServerConfigKeys (ConfUtils.java:logGet(43)) - raft.server.rpc.timeout.min = 5s (custom)
2019-09-19 09:32:06,167 [pool-27-thread-1] INFO  server.RaftServerConfigKeys (ConfUtils.java:logGet(43)) - raft.server.rpc.timeout.max = 5200ms (custom)
2019-09-19 09:32:06,168 [pool-27-thread-1] INFO  server.RaftServerConfigKeys (ConfUtils.java:logGet(43)) - raft.server.rpcslowness.timeout = 120s (custom)
2019-09-19 09:32:06,169 [pool-27-thread-1] INFO  server.RaftServerConfigKeys (ConfUtils.java:logGet(43)) - raft.server.sleep.deviation.threshold = 300 (default)
2019-09-19 09:32:06,170 [pool-27-thread-1] INFO  server.RaftServerConfigKeys (ConfUtils.java:logGet(43)) - raft.server.log.appender.install.snapshot.enabled = false (custom)
2019-09-19 09:32:06,179 [pool-27-thread-1] INFO  impl.RaftServerImpl (ServerState.java:<init>(105)) - bb059d21-eed2-433c-ad63-69c2d96e92b8:group-77BCB85FB7D7 ConfigurationManager, init=-1: [bb059d21-eed2-433c-ad63-69c2d96e92b8:192.168.34.5:44341], old=null, confs=<EMPTY_MAP>
2019-09-19 09:32:06,179 [pool-27-thread-1] INFO  server.RaftServerConfigKeys (ConfUtils.java:logGet(43)) - raft.server.storage.dir = [/workdir/hadoop-ozone/integration-test/target/test-dir/MiniOzoneClusterImpl-c03e40f7-b090-4a92-a38a-d9f2087836a0/datanode-0/data/ratis] (custom)
2019-09-19 09:32:06,188 [pool-27-thread-1] INFO  storage.RaftStorageDirectory (RaftStorageDirectory.java:analyzeStorage(246)) - The storage directory /workdir/hadoop-ozone/integration-test/target/test-dir/MiniOzoneClusterImpl-c03e40f7-b090-4a92-a38a-d9f2087836a0/datanode-0/data/ratis/35846804-db72-4df4-b7ec-77bcb85fb7d7 does not exist. Creating ...
2019-09-19 09:32:06,208 [pool-27-thread-1] INFO  storage.RaftStorageDirectory (RaftStorageDirectory.java:tryLock(328)) - Lock on /workdir/hadoop-ozone/integration-test/target/test-dir/MiniOzoneClusterImpl-c03e40f7-b090-4a92-a38a-d9f2087836a0/datanode-0/data/ratis/35846804-db72-4df4-b7ec-77bcb85fb7d7/in_use.lock acquired by nodename 9275@pr-hdds-1569-j4bt4-3030777008
2019-09-19 09:32:06,224 [pool-27-thread-1] INFO  storage.RaftStorage (RaftStorage.java:format(72)) - Storage directory /workdir/hadoop-ozone/integration-test/target/test-dir/MiniOzoneClusterImpl-c03e40f7-b090-4a92-a38a-d9f2087836a0/datanode-0/data/ratis/35846804-db72-4df4-b7ec-77bcb85fb7d7 has been successfully formatted.
2019-09-19 09:32:06,227 [pool-27-thread-1] INFO  ratis.ContainerStateMachine (ContainerStateMachine.java:loadSnapshot(226)) - group-77BCB85FB7D7: The snapshot info is null. Setting the last applied indexto:(t:0, i:~)
2019-09-19 09:32:06,227 [pool-27-thread-1] INFO  server.RaftServerConfigKeys (ConfUtils.java:logGet(43)) - raft.server.leader.election.timeout = 120s (custom)
2019-09-19 09:32:06,230 [pool-27-thread-1] INFO  server.RaftServerConfigKeys (ConfUtils.java:logGet(43)) - raft.server.log.use.memory = false (default)
2019-09-19 09:32:06,236 [pool-27-thread-1] INFO  server.RaftServerConfigKeys (ConfUtils.java:logGet(43)) - raft.server.log.purge.gap = 1000000 (custom)
2019-09-19 09:32:06,236 [pool-27-thread-1] INFO  server.RaftServerConfigKeys (ConfUtils.java:logGet(43)) - raft.server.log.appender.buffer.byte-limit = 33554432 (custom)
2019-09-19 09:32:06,239 [pool-27-thread-1] INFO  server.RaftServerConfigKeys (ConfUtils.java:logGet(43)) - raft.server.log.segment.size.max = 1048576 (custom)
2019-09-19 09:32:06,246 [pool-27-thread-1] INFO  server.RaftServerConfigKeys (ConfUtils.java:logGet(43)) - raft.server.log.segment.cache.num.max = 2 (custom)
2019-09-19 09:32:06,254 [pool-27-thread-1] INFO  segmented.SegmentedRaftLogWorker (SegmentedRaftLogWorker.java:<init>(172)) - new bb059d21-eed2-433c-ad63-69c2d96e92b8-SegmentedRaftLogWorker:Storage Directory /workdir/hadoop-ozone/integration-test/target/test-dir/MiniOzoneClusterImpl-c03e40f7-b090-4a92-a38a-d9f2087836a0/datanode-0/data/ratis/35846804-db72-4df4-b7ec-77bcb85fb7d7 for RaftStorage:Storage Directory /workdir/hadoop-ozone/integration-test/target/test-dir/MiniOzoneClusterImpl-c03e40f7-b090-4a92-a38a-d9f2087836a0/datanode-0/data/ratis/35846804-db72-4df4-b7ec-77bcb85fb7d7
2019-09-19 09:32:06,262 [main] INFO  ozone.MiniOzoneClusterImpl (MiniOzoneClusterImpl.java:lambda$waitForClusterToBeReady$0(142)) - Waiting for cluster to be ready. Got 4 of 5 DN Heartbeats.
2019-09-19 09:32:06,265 [IPC Server handler 1 on 39933] INFO  net.NetworkTopology (NetworkTopologyImpl.java:add(110)) - Added a new node: /default-rack/7c3f124a-0cb2-45f0-b3a0-cd1753b18df8
2019-09-19 09:32:06,267 [IPC Server handler 1 on 39933] INFO  node.SCMNodeManager (SCMNodeManager.java:register(273)) - Registered Data node : 7c3f124a-0cb2-45f0-b3a0-cd1753b18df8{ip: 192.168.34.5, host: pr-hdds-1569-j4bt4-3030777008, networkLocation: /default-rack, certSerialId: null}
2019-09-19 09:32:06,268 | INFO  | SCMAudit | user=jenkins1000 | ip=192.168.34.5 | op=REGISTER {datanodeDetails=7c3f124a-0cb2-45f0-b3a0-cd1753b18df8{ip: 192.168.34.5, host: pr-hdds-1569-j4bt4-3030777008, networkLocation: /default-rack, certSerialId: null}} | ret=SUCCESS |  
2019-09-19 09:32:06,275 [pool-27-thread-1] INFO  server.RaftServerConfigKeys (ConfUtils.java:logGet(43)) - raft.server.log.queue.byte-limit = 2147483647 (custom)
2019-09-19 09:32:06,276 [pool-27-thread-1] INFO  server.RaftServerConfigKeys (ConfUtils.java:logGet(43)) - raft.server.log.queue.element-limit = 1024 (custom)
2019-09-19 09:32:06,282 [pool-27-thread-1] INFO  server.RaftServerConfigKeys (ConfUtils.java:logGet(43)) - raft.server.log.segment.size.max = 1048576 (custom)
2019-09-19 09:32:06,283 [pool-27-thread-1] INFO  server.RaftServerConfigKeys (ConfUtils.java:logGet(43)) - raft.server.log.preallocated.size = 16384 (custom)
2019-09-19 09:32:06,283 [pool-27-thread-1] INFO  server.RaftServerConfigKeys (ConfUtils.java:logGet(43)) - raft.server.log.write.buffer.size = 33554432 (custom)
2019-09-19 09:32:06,284 [pool-27-thread-1] INFO  server.RaftServerConfigKeys (ConfUtils.java:logGet(43)) - raft.server.log.force.sync.num = 128 (default)
2019-09-19 09:32:06,285 [pool-27-thread-1] INFO  server.RaftServerConfigKeys (ConfUtils.java:logGet(43)) - raft.server.log.statemachine.data.sync = true (default)
2019-09-19 09:32:06,285 [pool-27-thread-1] INFO  server.RaftServerConfigKeys (ConfUtils.java:logGet(43)) - raft.server.log.statemachine.data.sync.timeout = 10s (default)
2019-09-19 09:32:06,286 [pool-27-thread-1] INFO  server.RaftServerConfigKeys (ConfUtils.java:logGet(43)) - raft.server.log.statemachine.data.sync.timeout.retry = -1 (default)
2019-09-19 09:32:06,297 [pool-27-thread-1] INFO  server.RaftServerConfigKeys (ConfUtils.java:logGet(43)) - raft.server.log.statemachine.data.caching.enabled = true (custom)
2019-09-19 09:32:06,302 [pool-27-thread-1] INFO  segmented.SegmentedRaftLogWorker (SegmentedRaftLogWorker.java:lambda$new$0(132)) - bb059d21-eed2-433c-ad63-69c2d96e92b8-SegmentedRaftLogWorker:Storage Directory /workdir/hadoop-ozone/integration-test/target/test-dir/MiniOzoneClusterImpl-c03e40f7-b090-4a92-a38a-d9f2087836a0/datanode-0/data/ratis/35846804-db72-4df4-b7ec-77bcb85fb7d7: flushIndex: setUnconditionally 0 -> -1
2019-09-19 09:32:06,307 [pool-27-thread-1] INFO  server.RaftServerConfigKeys (ConfUtils.java:logGet(43)) - raft.server.snapshot.auto.trigger.enabled = true (custom)
2019-09-19 09:32:06,308 [pool-27-thread-1] INFO  server.RaftServerConfigKeys (ConfUtils.java:logGet(43)) - raft.server.snapshot.auto.trigger.threshold = 10000 (custom)
2019-09-19 09:32:06,309 [pool-27-thread-1] INFO  server.RaftServerConfigKeys (ConfUtils.java:logGet(43)) - raft.server.retrycache.expirytime = 600000ms (custom)
2019-09-19 09:32:06,333 [pool-27-thread-1] INFO  impl.RaftServerImpl (RaftServerImpl.java:start(180)) - bb059d21-eed2-433c-ad63-69c2d96e92b8: start group-77BCB85FB7D7
2019-09-19 09:32:06,335 [pool-27-thread-1] INFO  impl.RaftServerImpl (RaftServerImpl.java:setRole(171)) - bb059d21-eed2-433c-ad63-69c2d96e92b8:group-77BCB85FB7D7 changes role from null to FOLLOWER at term 0 for startAsFollower
2019-09-19 09:32:06,337 [pool-27-thread-1] INFO  impl.RoleInfo (RoleInfo.java:updateAndGet(143)) - bb059d21-eed2-433c-ad63-69c2d96e92b8: start FollowerState
2019-09-19 09:32:06,340 [pool-27-thread-1] INFO  util.JmxRegister (JmxRegister.java:tryRegister(44)) - Successfully registered JMX Bean with object name Ratis:service=RaftServer,group=group-77BCB85FB7D7,id=bb059d21-eed2-433c-ad63-69c2d96e92b8
2019-09-19 09:32:06,409 [RatisPipelineUtilsThread] INFO  pipeline.PipelineStateManager (PipelineStateManager.java:addPipeline(56)) - Created pipeline Pipeline[ Id: 35846804-db72-4df4-b7ec-77bcb85fb7d7, Nodes: bb059d21-eed2-433c-ad63-69c2d96e92b8{ip: 192.168.34.5, host: pr-hdds-1569-j4bt4-3030777008, networkLocation: /default-rack, certSerialId: null}, Type:RATIS, Factor:ONE, State:OPEN]
2019-09-19 09:32:06,436 [grpc-default-executor-0] INFO  impl.RaftServerProxy (RaftServerProxy.java:addNew(89)) - ff5d247f-5929-4b0d-9b68-69c9a991aea9: addNew group-C0CE9ED38DAD:[ff5d247f-5929-4b0d-9b68-69c9a991aea9:192.168.34.5:33150] returns group-C0CE9ED38DAD:java.util.concurrent.CompletableFuture@2c9f88da[Not completed]
2019-09-19 09:32:06,470 [pool-38-thread-1] INFO  impl.RaftServerImpl (RaftServerImpl.java:<init>(93)) - ff5d247f-5929-4b0d-9b68-69c9a991aea9: new RaftServerImpl for group-C0CE9ED38DAD:[ff5d247f-5929-4b0d-9b68-69c9a991aea9:192.168.34.5:33150] with ContainerStateMachine:uninitialized
2019-09-19 09:32:06,471 [pool-38-thread-1] INFO  server.RaftServerConfigKeys (ConfUtils.java:logGet(43)) - raft.server.rpc.timeout.min = 5s (custom)
2019-09-19 09:32:06,471 [pool-38-thread-1] INFO  server.RaftServerConfigKeys (ConfUtils.java:logGet(43)) - raft.server.rpc.timeout.max = 5200ms (custom)
2019-09-19 09:32:06,471 [pool-38-thread-1] INFO  server.RaftServerConfigKeys (ConfUtils.java:logGet(43)) - raft.server.rpcslowness.timeout = 120s (custom)
2019-09-19 09:32:06,472 [pool-38-thread-1] INFO  server.RaftServerConfigKeys (ConfUtils.java:logGet(43)) - raft.server.sleep.deviation.threshold = 300 (default)
2019-09-19 09:32:06,472 [pool-38-thread-1] INFO  server.RaftServerConfigKeys (ConfUtils.java:logGet(43)) - raft.server.log.appender.install.snapshot.enabled = false (custom)
2019-09-19 09:32:06,472 [pool-38-thread-1] INFO  impl.RaftServerImpl (ServerState.java:<init>(105)) - ff5d247f-5929-4b0d-9b68-69c9a991aea9:group-C0CE9ED38DAD ConfigurationManager, init=-1: [ff5d247f-5929-4b0d-9b68-69c9a991aea9:192.168.34.5:33150], old=null, confs=<EMPTY_MAP>
2019-09-19 09:32:06,472 [pool-38-thread-1] INFO  server.RaftServerConfigKeys (ConfUtils.java:logGet(43)) - raft.server.storage.dir = [/workdir/hadoop-ozone/integration-test/target/test-dir/MiniOzoneClusterImpl-c03e40f7-b090-4a92-a38a-d9f2087836a0/datanode-1/data/ratis] (custom)
2019-09-19 09:32:06,473 [pool-38-thread-1] INFO  storage.RaftStorageDirectory (RaftStorageDirectory.java:analyzeStorage(246)) - The storage directory /workdir/hadoop-ozone/integration-test/target/test-dir/MiniOzoneClusterImpl-c03e40f7-b090-4a92-a38a-d9f2087836a0/datanode-1/data/ratis/dd30d3b9-4a04-4794-8131-c0ce9ed38dad does not exist. Creating ...
2019-09-19 09:32:06,486 [pool-38-thread-1] INFO  storage.RaftStorageDirectory (RaftStorageDirectory.java:tryLock(328)) - Lock on /workdir/hadoop-ozone/integration-test/target/test-dir/MiniOzoneClusterImpl-c03e40f7-b090-4a92-a38a-d9f2087836a0/datanode-1/data/ratis/dd30d3b9-4a04-4794-8131-c0ce9ed38dad/in_use.lock acquired by nodename 9275@pr-hdds-1569-j4bt4-3030777008
2019-09-19 09:32:06,499 [pool-38-thread-1] INFO  storage.RaftStorage (RaftStorage.java:format(72)) - Storage directory /workdir/hadoop-ozone/integration-test/target/test-dir/MiniOzoneClusterImpl-c03e40f7-b090-4a92-a38a-d9f2087836a0/datanode-1/data/ratis/dd30d3b9-4a04-4794-8131-c0ce9ed38dad has been successfully formatted.
2019-09-19 09:32:06,500 [pool-38-thread-1] INFO  ratis.ContainerStateMachine (ContainerStateMachine.java:loadSnapshot(226)) - group-C0CE9ED38DAD: The snapshot info is null. Setting the last applied indexto:(t:0, i:~)
2019-09-19 09:32:06,502 [pool-38-thread-1] INFO  server.RaftServerConfigKeys (ConfUtils.java:logGet(43)) - raft.server.leader.election.timeout = 120s (custom)
2019-09-19 09:32:06,502 [pool-38-thread-1] INFO  server.RaftServerConfigKeys (ConfUtils.java:logGet(43)) - raft.server.log.use.memory = false (default)
2019-09-19 09:32:06,502 [pool-38-thread-1] INFO  server.RaftServerConfigKeys (ConfUtils.java:logGet(43)) - raft.server.log.purge.gap = 1000000 (custom)
2019-09-19 09:32:06,502 [pool-38-thread-1] INFO  server.RaftServerConfigKeys (ConfUtils.java:logGet(43)) - raft.server.log.appender.buffer.byte-limit = 33554432 (custom)
2019-09-19 09:32:06,502 [pool-38-thread-1] INFO  server.RaftServerConfigKeys (ConfUtils.java:logGet(43)) - raft.server.log.segment.size.max = 1048576 (custom)
2019-09-19 09:32:06,502 [pool-38-thread-1] INFO  server.RaftServerConfigKeys (ConfUtils.java:logGet(43)) - raft.server.log.segment.cache.num.max = 2 (custom)
2019-09-19 09:32:06,503 [pool-38-thread-1] INFO  segmented.SegmentedRaftLogWorker (SegmentedRaftLogWorker.java:<init>(172)) - new ff5d247f-5929-4b0d-9b68-69c9a991aea9-SegmentedRaftLogWorker:Storage Directory /workdir/hadoop-ozone/integration-test/target/test-dir/MiniOzoneClusterImpl-c03e40f7-b090-4a92-a38a-d9f2087836a0/datanode-1/data/ratis/dd30d3b9-4a04-4794-8131-c0ce9ed38dad for RaftStorage:Storage Directory /workdir/hadoop-ozone/integration-test/target/test-dir/MiniOzoneClusterImpl-c03e40f7-b090-4a92-a38a-d9f2087836a0/datanode-1/data/ratis/dd30d3b9-4a04-4794-8131-c0ce9ed38dad
2019-09-19 09:32:06,504 [pool-38-thread-1] INFO  server.RaftServerConfigKeys (ConfUtils.java:logGet(43)) - raft.server.log.queue.byte-limit = 2147483647 (custom)
2019-09-19 09:32:06,504 [pool-38-thread-1] INFO  server.RaftServerConfigKeys (ConfUtils.java:logGet(43)) - raft.server.log.queue.element-limit = 1024 (custom)
2019-09-19 09:32:06,504 [pool-38-thread-1] INFO  server.RaftServerConfigKeys (ConfUtils.java:logGet(43)) - raft.server.log.segment.size.max = 1048576 (custom)
2019-09-19 09:32:06,505 [pool-38-thread-1] INFO  server.RaftServerConfigKeys (ConfUtils.java:logGet(43)) - raft.server.log.preallocated.size = 16384 (custom)
2019-09-19 09:32:06,505 [pool-38-thread-1] INFO  server.RaftServerConfigKeys (ConfUtils.java:logGet(43)) - raft.server.log.write.buffer.size = 33554432 (custom)
2019-09-19 09:32:06,505 [pool-38-thread-1] INFO  server.RaftServerConfigKeys (ConfUtils.java:logGet(43)) - raft.server.log.force.sync.num = 128 (default)
2019-09-19 09:32:06,505 [pool-38-thread-1] INFO  server.RaftServerConfigKeys (ConfUtils.java:logGet(43)) - raft.server.log.statemachine.data.sync = true (default)
2019-09-19 09:32:06,505 [pool-38-thread-1] INFO  server.RaftServerConfigKeys (ConfUtils.java:logGet(43)) - raft.server.log.statemachine.data.sync.timeout = 10s (default)
2019-09-19 09:32:06,505 [pool-38-thread-1] INFO  server.RaftServerConfigKeys (ConfUtils.java:logGet(43)) - raft.server.log.statemachine.data.sync.timeout.retry = -1 (default)
2019-09-19 09:32:06,506 [pool-38-thread-1] INFO  server.RaftServerConfigKeys (ConfUtils.java:logGet(43)) - raft.server.log.statemachine.data.caching.enabled = true (custom)
2019-09-19 09:32:06,506 [pool-38-thread-1] INFO  segmented.SegmentedRaftLogWorker (SegmentedRaftLogWorker.java:lambda$new$0(132)) - ff5d247f-5929-4b0d-9b68-69c9a991aea9-SegmentedRaftLogWorker:Storage Directory /workdir/hadoop-ozone/integration-test/target/test-dir/MiniOzoneClusterImpl-c03e40f7-b090-4a92-a38a-d9f2087836a0/datanode-1/data/ratis/dd30d3b9-4a04-4794-8131-c0ce9ed38dad: flushIndex: setUnconditionally 0 -> -1
2019-09-19 09:32:06,506 [pool-38-thread-1] INFO  server.RaftServerConfigKeys (ConfUtils.java:logGet(43)) - raft.server.snapshot.auto.trigger.enabled = true (custom)
2019-09-19 09:32:06,506 [pool-38-thread-1] INFO  server.RaftServerConfigKeys (ConfUtils.java:logGet(43)) - raft.server.snapshot.auto.trigger.threshold = 10000 (custom)
2019-09-19 09:32:06,507 [pool-38-thread-1] INFO  server.RaftServerConfigKeys (ConfUtils.java:logGet(43)) - raft.server.retrycache.expirytime = 600000ms (custom)
2019-09-19 09:32:06,507 [pool-38-thread-1] INFO  impl.RaftServerImpl (RaftServerImpl.java:start(180)) - ff5d247f-5929-4b0d-9b68-69c9a991aea9: start group-C0CE9ED38DAD
2019-09-19 09:32:06,507 [pool-38-thread-1] INFO  impl.RaftServerImpl (RaftServerImpl.java:setRole(171)) - ff5d247f-5929-4b0d-9b68-69c9a991aea9:group-C0CE9ED38DAD changes role from null to FOLLOWER at term 0 for startAsFollower
2019-09-19 09:32:06,507 [pool-38-thread-1] INFO  impl.RoleInfo (RoleInfo.java:updateAndGet(143)) - ff5d247f-5929-4b0d-9b68-69c9a991aea9: start FollowerState
2019-09-19 09:32:06,508 [pool-38-thread-1] INFO  util.JmxRegister (JmxRegister.java:tryRegister(44)) - Successfully registered JMX Bean with object name Ratis:service=RaftServer,group=group-C0CE9ED38DAD,id=ff5d247f-5929-4b0d-9b68-69c9a991aea9
2019-09-19 09:32:06,526 [RatisPipelineUtilsThread] INFO  pipeline.PipelineStateManager (PipelineStateManager.java:addPipeline(56)) - Created pipeline Pipeline[ Id: dd30d3b9-4a04-4794-8131-c0ce9ed38dad, Nodes: ff5d247f-5929-4b0d-9b68-69c9a991aea9{ip: 192.168.34.5, host: pr-hdds-1569-j4bt4-3030777008, networkLocation: /default-rack, certSerialId: null}, Type:RATIS, Factor:ONE, State:OPEN]
2019-09-19 09:32:06,544 [grpc-default-executor-0] INFO  impl.RaftServerProxy (RaftServerProxy.java:addNew(89)) - ff5d247f-5929-4b0d-9b68-69c9a991aea9: addNew group-32DE3A76ACA5:[ff5d247f-5929-4b0d-9b68-69c9a991aea9:192.168.34.5:33150] returns group-32DE3A76ACA5:java.util.concurrent.CompletableFuture@3aa1c073[Not completed]
2019-09-19 09:32:06,546 [pool-38-thread-1] INFO  impl.RaftServerImpl (RaftServerImpl.java:<init>(93)) - ff5d247f-5929-4b0d-9b68-69c9a991aea9: new RaftServerImpl for group-32DE3A76ACA5:[ff5d247f-5929-4b0d-9b68-69c9a991aea9:192.168.34.5:33150] with ContainerStateMachine:uninitialized
2019-09-19 09:32:06,547 [pool-38-thread-1] INFO  server.RaftServerConfigKeys (ConfUtils.java:logGet(43)) - raft.server.rpc.timeout.min = 5s (custom)
2019-09-19 09:32:06,547 [pool-38-thread-1] INFO  server.RaftServerConfigKeys (ConfUtils.java:logGet(43)) - raft.server.rpc.timeout.max = 5200ms (custom)
2019-09-19 09:32:06,547 [pool-38-thread-1] INFO  server.RaftServerConfigKeys (ConfUtils.java:logGet(43)) - raft.server.rpcslowness.timeout = 120s (custom)
2019-09-19 09:32:06,547 [pool-38-thread-1] INFO  server.RaftServerConfigKeys (ConfUtils.java:logGet(43)) - raft.server.sleep.deviation.threshold = 300 (default)
2019-09-19 09:32:06,547 [pool-38-thread-1] INFO  server.RaftServerConfigKeys (ConfUtils.java:logGet(43)) - raft.server.log.appender.install.snapshot.enabled = false (custom)
2019-09-19 09:32:06,547 [pool-38-thread-1] INFO  impl.RaftServerImpl (ServerState.java:<init>(105)) - ff5d247f-5929-4b0d-9b68-69c9a991aea9:group-32DE3A76ACA5 ConfigurationManager, init=-1: [ff5d247f-5929-4b0d-9b68-69c9a991aea9:192.168.34.5:33150], old=null, confs=<EMPTY_MAP>
2019-09-19 09:32:06,547 [pool-38-thread-1] INFO  server.RaftServerConfigKeys (ConfUtils.java:logGet(43)) - raft.server.storage.dir = [/workdir/hadoop-ozone/integration-test/target/test-dir/MiniOzoneClusterImpl-c03e40f7-b090-4a92-a38a-d9f2087836a0/datanode-1/data/ratis] (custom)
2019-09-19 09:32:06,548 [pool-38-thread-1] INFO  storage.RaftStorageDirectory (RaftStorageDirectory.java:analyzeStorage(246)) - The storage directory /workdir/hadoop-ozone/integration-test/target/test-dir/MiniOzoneClusterImpl-c03e40f7-b090-4a92-a38a-d9f2087836a0/datanode-1/data/ratis/3b259e60-d596-449a-bd8d-32de3a76aca5 does not exist. Creating ...
2019-09-19 09:32:06,561 [pool-38-thread-1] INFO  storage.RaftStorageDirectory (RaftStorageDirectory.java:tryLock(328)) - Lock on /workdir/hadoop-ozone/integration-test/target/test-dir/MiniOzoneClusterImpl-c03e40f7-b090-4a92-a38a-d9f2087836a0/datanode-1/data/ratis/3b259e60-d596-449a-bd8d-32de3a76aca5/in_use.lock acquired by nodename 9275@pr-hdds-1569-j4bt4-3030777008
2019-09-19 09:32:06,574 [pool-38-thread-1] INFO  storage.RaftStorage (RaftStorage.java:format(72)) - Storage directory /workdir/hadoop-ozone/integration-test/target/test-dir/MiniOzoneClusterImpl-c03e40f7-b090-4a92-a38a-d9f2087836a0/datanode-1/data/ratis/3b259e60-d596-449a-bd8d-32de3a76aca5 has been successfully formatted.
2019-09-19 09:32:06,574 [pool-38-thread-1] INFO  ratis.ContainerStateMachine (ContainerStateMachine.java:loadSnapshot(226)) - group-32DE3A76ACA5: The snapshot info is null. Setting the last applied indexto:(t:0, i:~)
2019-09-19 09:32:06,574 [pool-38-thread-1] INFO  server.RaftServerConfigKeys (ConfUtils.java:logGet(43)) - raft.server.leader.election.timeout = 120s (custom)
2019-09-19 09:32:06,575 [pool-38-thread-1] INFO  server.RaftServerConfigKeys (ConfUtils.java:logGet(43)) - raft.server.log.use.memory = false (default)
2019-09-19 09:32:06,575 [pool-38-thread-1] INFO  server.RaftServerConfigKeys (ConfUtils.java:logGet(43)) - raft.server.log.purge.gap = 1000000 (custom)
2019-09-19 09:32:06,575 [pool-38-thread-1] INFO  server.RaftServerConfigKeys (ConfUtils.java:logGet(43)) - raft.server.log.appender.buffer.byte-limit = 33554432 (custom)
2019-09-19 09:32:06,575 [pool-38-thread-1] INFO  server.RaftServerConfigKeys (ConfUtils.java:logGet(43)) - raft.server.log.segment.size.max = 1048576 (custom)
2019-09-19 09:32:06,575 [pool-38-thread-1] INFO  server.RaftServerConfigKeys (ConfUtils.java:logGet(43)) - raft.server.log.segment.cache.num.max = 2 (custom)
2019-09-19 09:32:06,575 [pool-38-thread-1] INFO  segmented.SegmentedRaftLogWorker (SegmentedRaftLogWorker.java:<init>(172)) - new ff5d247f-5929-4b0d-9b68-69c9a991aea9-SegmentedRaftLogWorker:Storage Directory /workdir/hadoop-ozone/integration-test/target/test-dir/MiniOzoneClusterImpl-c03e40f7-b090-4a92-a38a-d9f2087836a0/datanode-1/data/ratis/3b259e60-d596-449a-bd8d-32de3a76aca5 for RaftStorage:Storage Directory /workdir/hadoop-ozone/integration-test/target/test-dir/MiniOzoneClusterImpl-c03e40f7-b090-4a92-a38a-d9f2087836a0/datanode-1/data/ratis/3b259e60-d596-449a-bd8d-32de3a76aca5
2019-09-19 09:32:06,575 [pool-38-thread-1] INFO  server.RaftServerConfigKeys (ConfUtils.java:logGet(43)) - raft.server.log.queue.byte-limit = 2147483647 (custom)
2019-09-19 09:32:06,575 [pool-38-thread-1] INFO  server.RaftServerConfigKeys (ConfUtils.java:logGet(43)) - raft.server.log.queue.element-limit = 1024 (custom)
2019-09-19 09:32:06,576 [pool-38-thread-1] INFO  server.RaftServerConfigKeys (ConfUtils.java:logGet(43)) - raft.server.log.segment.size.max = 1048576 (custom)
2019-09-19 09:32:06,576 [pool-38-thread-1] INFO  server.RaftServerConfigKeys (ConfUtils.java:logGet(43)) - raft.server.log.preallocated.size = 16384 (custom)
2019-09-19 09:32:06,576 [pool-38-thread-1] INFO  server.RaftServerConfigKeys (ConfUtils.java:logGet(43)) - raft.server.log.write.buffer.size = 33554432 (custom)
2019-09-19 09:32:06,576 [pool-38-thread-1] INFO  server.RaftServerConfigKeys (ConfUtils.java:logGet(43)) - raft.server.log.force.sync.num = 128 (default)
2019-09-19 09:32:06,576 [pool-38-thread-1] INFO  server.RaftServerConfigKeys (ConfUtils.java:logGet(43)) - raft.server.log.statemachine.data.sync = true (default)
2019-09-19 09:32:06,576 [pool-38-thread-1] INFO  server.RaftServerConfigKeys (ConfUtils.java:logGet(43)) - raft.server.log.statemachine.data.sync.timeout = 10s (default)
2019-09-19 09:32:06,576 [pool-38-thread-1] INFO  server.RaftServerConfigKeys (ConfUtils.java:logGet(43)) - raft.server.log.statemachine.data.sync.timeout.retry = -1 (default)
2019-09-19 09:32:06,576 [pool-38-thread-1] INFO  server.RaftServerConfigKeys (ConfUtils.java:logGet(43)) - raft.server.log.statemachine.data.caching.enabled = true (custom)
2019-09-19 09:32:06,577 [pool-38-thread-1] INFO  segmented.SegmentedRaftLogWorker (SegmentedRaftLogWorker.java:lambda$new$0(132)) - ff5d247f-5929-4b0d-9b68-69c9a991aea9-SegmentedRaftLogWorker:Storage Directory /workdir/hadoop-ozone/integration-test/target/test-dir/MiniOzoneClusterImpl-c03e40f7-b090-4a92-a38a-d9f2087836a0/datanode-1/data/ratis/3b259e60-d596-449a-bd8d-32de3a76aca5: flushIndex: setUnconditionally 0 -> -1
2019-09-19 09:32:06,577 [pool-38-thread-1] INFO  server.RaftServerConfigKeys (ConfUtils.java:logGet(43)) - raft.server.snapshot.auto.trigger.enabled = true (custom)
2019-09-19 09:32:06,577 [pool-38-thread-1] INFO  server.RaftServerConfigKeys (ConfUtils.java:logGet(43)) - raft.server.snapshot.auto.trigger.threshold = 10000 (custom)
2019-09-19 09:32:06,577 [pool-38-thread-1] INFO  server.RaftServerConfigKeys (ConfUtils.java:logGet(43)) - raft.server.retrycache.expirytime = 600000ms (custom)
2019-09-19 09:32:06,578 [pool-38-thread-1] INFO  impl.RaftServerImpl (RaftServerImpl.java:start(180)) - ff5d247f-5929-4b0d-9b68-69c9a991aea9: start group-32DE3A76ACA5
2019-09-19 09:32:06,578 [pool-38-thread-1] INFO  impl.RaftServerImpl (RaftServerImpl.java:setRole(171)) - ff5d247f-5929-4b0d-9b68-69c9a991aea9:group-32DE3A76ACA5 changes role from null to FOLLOWER at term 0 for startAsFollower
2019-09-19 09:32:06,578 [pool-38-thread-1] INFO  impl.RoleInfo (RoleInfo.java:updateAndGet(143)) - ff5d247f-5929-4b0d-9b68-69c9a991aea9: start FollowerState
2019-09-19 09:32:06,578 [pool-38-thread-1] INFO  util.JmxRegister (JmxRegister.java:tryRegister(44)) - Successfully registered JMX Bean with object name Ratis:service=RaftServer,group=group-32DE3A76ACA5,id=ff5d247f-5929-4b0d-9b68-69c9a991aea9
2019-09-19 09:32:06,588 [RatisPipelineUtilsThread] INFO  pipeline.PipelineStateManager (PipelineStateManager.java:addPipeline(56)) - Created pipeline Pipeline[ Id: 3b259e60-d596-449a-bd8d-32de3a76aca5, Nodes: ff5d247f-5929-4b0d-9b68-69c9a991aea9{ip: 192.168.34.5, host: pr-hdds-1569-j4bt4-3030777008, networkLocation: /default-rack, certSerialId: null}, Type:RATIS, Factor:ONE, State:OPEN]
2019-09-19 09:32:06,607 [grpc-default-executor-0] INFO  impl.RaftServerProxy (RaftServerProxy.java:addNew(89)) - ff5d247f-5929-4b0d-9b68-69c9a991aea9: addNew group-4357AD60C53B:[ff5d247f-5929-4b0d-9b68-69c9a991aea9:192.168.34.5:33150] returns group-4357AD60C53B:java.util.concurrent.CompletableFuture@43c14588[Not completed]
2019-09-19 09:32:06,608 [pool-38-thread-1] INFO  impl.RaftServerImpl (RaftServerImpl.java:<init>(93)) - ff5d247f-5929-4b0d-9b68-69c9a991aea9: new RaftServerImpl for group-4357AD60C53B:[ff5d247f-5929-4b0d-9b68-69c9a991aea9:192.168.34.5:33150] with ContainerStateMachine:uninitialized
2019-09-19 09:32:06,608 [pool-38-thread-1] INFO  server.RaftServerConfigKeys (ConfUtils.java:logGet(43)) - raft.server.rpc.timeout.min = 5s (custom)
2019-09-19 09:32:06,608 [pool-38-thread-1] INFO  server.RaftServerConfigKeys (ConfUtils.java:logGet(43)) - raft.server.rpc.timeout.max = 5200ms (custom)
2019-09-19 09:32:06,608 [pool-38-thread-1] INFO  server.RaftServerConfigKeys (ConfUtils.java:logGet(43)) - raft.server.rpcslowness.timeout = 120s (custom)
2019-09-19 09:32:06,608 [pool-38-thread-1] INFO  server.RaftServerConfigKeys (ConfUtils.java:logGet(43)) - raft.server.sleep.deviation.threshold = 300 (default)
2019-09-19 09:32:06,609 [pool-38-thread-1] INFO  server.RaftServerConfigKeys (ConfUtils.java:logGet(43)) - raft.server.log.appender.install.snapshot.enabled = false (custom)
2019-09-19 09:32:06,609 [pool-38-thread-1] INFO  impl.RaftServerImpl (ServerState.java:<init>(105)) - ff5d247f-5929-4b0d-9b68-69c9a991aea9:group-4357AD60C53B ConfigurationManager, init=-1: [ff5d247f-5929-4b0d-9b68-69c9a991aea9:192.168.34.5:33150], old=null, confs=<EMPTY_MAP>
2019-09-19 09:32:06,609 [pool-38-thread-1] INFO  server.RaftServerConfigKeys (ConfUtils.java:logGet(43)) - raft.server.storage.dir = [/workdir/hadoop-ozone/integration-test/target/test-dir/MiniOzoneClusterImpl-c03e40f7-b090-4a92-a38a-d9f2087836a0/datanode-1/data/ratis] (custom)
2019-09-19 09:32:06,609 [pool-38-thread-1] INFO  storage.RaftStorageDirectory (RaftStorageDirectory.java:analyzeStorage(246)) - The storage directory /workdir/hadoop-ozone/integration-test/target/test-dir/MiniOzoneClusterImpl-c03e40f7-b090-4a92-a38a-d9f2087836a0/datanode-1/data/ratis/fa791b06-3503-4f91-b91a-4357ad60c53b does not exist. Creating ...
2019-09-19 09:32:06,622 [pool-38-thread-1] INFO  storage.RaftStorageDirectory (RaftStorageDirectory.java:tryLock(328)) - Lock on /workdir/hadoop-ozone/integration-test/target/test-dir/MiniOzoneClusterImpl-c03e40f7-b090-4a92-a38a-d9f2087836a0/datanode-1/data/ratis/fa791b06-3503-4f91-b91a-4357ad60c53b/in_use.lock acquired by nodename 9275@pr-hdds-1569-j4bt4-3030777008
2019-09-19 09:32:06,634 [pool-38-thread-1] INFO  storage.RaftStorage (RaftStorage.java:format(72)) - Storage directory /workdir/hadoop-ozone/integration-test/target/test-dir/MiniOzoneClusterImpl-c03e40f7-b090-4a92-a38a-d9f2087836a0/datanode-1/data/ratis/fa791b06-3503-4f91-b91a-4357ad60c53b has been successfully formatted.
2019-09-19 09:32:06,635 [pool-38-thread-1] INFO  ratis.ContainerStateMachine (ContainerStateMachine.java:loadSnapshot(226)) - group-4357AD60C53B: The snapshot info is null. Setting the last applied indexto:(t:0, i:~)
2019-09-19 09:32:06,635 [pool-38-thread-1] INFO  server.RaftServerConfigKeys (ConfUtils.java:logGet(43)) - raft.server.leader.election.timeout = 120s (custom)
2019-09-19 09:32:06,635 [pool-38-thread-1] INFO  server.RaftServerConfigKeys (ConfUtils.java:logGet(43)) - raft.server.log.use.memory = false (default)
2019-09-19 09:32:06,635 [pool-38-thread-1] INFO  server.RaftServerConfigKeys (ConfUtils.java:logGet(43)) - raft.server.log.purge.gap = 1000000 (custom)
2019-09-19 09:32:06,635 [pool-38-thread-1] INFO  server.RaftServerConfigKeys (ConfUtils.java:logGet(43)) - raft.server.log.appender.buffer.byte-limit = 33554432 (custom)
2019-09-19 09:32:06,635 [pool-38-thread-1] INFO  server.RaftServerConfigKeys (ConfUtils.java:logGet(43)) - raft.server.log.segment.size.max = 1048576 (custom)
2019-09-19 09:32:06,635 [pool-38-thread-1] INFO  server.RaftServerConfigKeys (ConfUtils.java:logGet(43)) - raft.server.log.segment.cache.num.max = 2 (custom)
2019-09-19 09:32:06,636 [pool-38-thread-1] INFO  segmented.SegmentedRaftLogWorker (SegmentedRaftLogWorker.java:<init>(172)) - new ff5d247f-5929-4b0d-9b68-69c9a991aea9-SegmentedRaftLogWorker:Storage Directory /workdir/hadoop-ozone/integration-test/target/test-dir/MiniOzoneClusterImpl-c03e40f7-b090-4a92-a38a-d9f2087836a0/datanode-1/data/ratis/fa791b06-3503-4f91-b91a-4357ad60c53b for RaftStorage:Storage Directory /workdir/hadoop-ozone/integration-test/target/test-dir/MiniOzoneClusterImpl-c03e40f7-b090-4a92-a38a-d9f2087836a0/datanode-1/data/ratis/fa791b06-3503-4f91-b91a-4357ad60c53b
2019-09-19 09:32:06,636 [pool-38-thread-1] INFO  server.RaftServerConfigKeys (ConfUtils.java:logGet(43)) - raft.server.log.queue.byte-limit = 2147483647 (custom)
2019-09-19 09:32:06,636 [pool-38-thread-1] INFO  server.RaftServerConfigKeys (ConfUtils.java:logGet(43)) - raft.server.log.queue.element-limit = 1024 (custom)
2019-09-19 09:32:06,636 [pool-38-thread-1] INFO  server.RaftServerConfigKeys (ConfUtils.java:logGet(43)) - raft.server.log.segment.size.max = 1048576 (custom)
2019-09-19 09:32:06,636 [pool-38-thread-1] INFO  server.RaftServerConfigKeys (ConfUtils.java:logGet(43)) - raft.server.log.preallocated.size = 16384 (custom)
2019-09-19 09:32:06,636 [pool-38-thread-1] INFO  server.RaftServerConfigKeys (ConfUtils.java:logGet(43)) - raft.server.log.write.buffer.size = 33554432 (custom)
2019-09-19 09:32:06,636 [pool-38-thread-1] INFO  server.RaftServerConfigKeys (ConfUtils.java:logGet(43)) - raft.server.log.force.sync.num = 128 (default)
2019-09-19 09:32:06,636 [pool-38-thread-1] INFO  server.RaftServerConfigKeys (ConfUtils.java:logGet(43)) - raft.server.log.statemachine.data.sync = true (default)
2019-09-19 09:32:06,636 [pool-38-thread-1] INFO  server.RaftServerConfigKeys (ConfUtils.java:logGet(43)) - raft.server.log.statemachine.data.sync.timeout = 10s (default)
2019-09-19 09:32:06,637 [pool-38-thread-1] INFO  server.RaftServerConfigKeys (ConfUtils.java:logGet(43)) - raft.server.log.statemachine.data.sync.timeout.retry = -1 (default)
2019-09-19 09:32:06,637 [pool-38-thread-1] INFO  server.RaftServerConfigKeys (ConfUtils.java:logGet(43)) - raft.server.log.statemachine.data.caching.enabled = true (custom)
2019-09-19 09:32:06,637 [pool-38-thread-1] INFO  segmented.SegmentedRaftLogWorker (SegmentedRaftLogWorker.java:lambda$new$0(132)) - ff5d247f-5929-4b0d-9b68-69c9a991aea9-SegmentedRaftLogWorker:Storage Directory /workdir/hadoop-ozone/integration-test/target/test-dir/MiniOzoneClusterImpl-c03e40f7-b090-4a92-a38a-d9f2087836a0/datanode-1/data/ratis/fa791b06-3503-4f91-b91a-4357ad60c53b: flushIndex: setUnconditionally 0 -> -1
2019-09-19 09:32:06,637 [pool-38-thread-1] INFO  server.RaftServerConfigKeys (ConfUtils.java:logGet(43)) - raft.server.snapshot.auto.trigger.enabled = true (custom)
2019-09-19 09:32:06,637 [pool-38-thread-1] INFO  server.RaftServerConfigKeys (ConfUtils.java:logGet(43)) - raft.server.snapshot.auto.trigger.threshold = 10000 (custom)
2019-09-19 09:32:06,638 [pool-38-thread-1] INFO  server.RaftServerConfigKeys (ConfUtils.java:logGet(43)) - raft.server.retrycache.expirytime = 600000ms (custom)
2019-09-19 09:32:06,638 [pool-38-thread-1] INFO  impl.RaftServerImpl (RaftServerImpl.java:start(180)) - ff5d247f-5929-4b0d-9b68-69c9a991aea9: start group-4357AD60C53B
2019-09-19 09:32:06,638 [pool-38-thread-1] INFO  impl.RaftServerImpl (RaftServerImpl.java:setRole(171)) - ff5d247f-5929-4b0d-9b68-69c9a991aea9:group-4357AD60C53B changes role from null to FOLLOWER at term 0 for startAsFollower
2019-09-19 09:32:06,638 [pool-38-thread-1] INFO  impl.RoleInfo (RoleInfo.java:updateAndGet(143)) - ff5d247f-5929-4b0d-9b68-69c9a991aea9: start FollowerState
2019-09-19 09:32:06,638 [pool-38-thread-1] INFO  util.JmxRegister (JmxRegister.java:tryRegister(44)) - Successfully registered JMX Bean with object name Ratis:service=RaftServer,group=group-4357AD60C53B,id=ff5d247f-5929-4b0d-9b68-69c9a991aea9
2019-09-19 09:32:06,653 [RatisPipelineUtilsThread] INFO  pipeline.PipelineStateManager (PipelineStateManager.java:addPipeline(56)) - Created pipeline Pipeline[ Id: fa791b06-3503-4f91-b91a-4357ad60c53b, Nodes: ff5d247f-5929-4b0d-9b68-69c9a991aea9{ip: 192.168.34.5, host: pr-hdds-1569-j4bt4-3030777008, networkLocation: /default-rack, certSerialId: null}, Type:RATIS, Factor:ONE, State:OPEN]
2019-09-19 09:32:06,676 [grpc-default-executor-0] INFO  impl.RaftServerProxy (RaftServerProxy.java:addNew(89)) - 1671272a-c11f-4f03-85c2-ea0c5f99ec93: addNew group-C4F8FDD23D29:[1671272a-c11f-4f03-85c2-ea0c5f99ec93:192.168.34.5:44703] returns group-C4F8FDD23D29:java.util.concurrent.CompletableFuture@11fab31e[Not completed]
2019-09-19 09:32:06,685 [pool-49-thread-1] INFO  impl.RaftServerImpl (RaftServerImpl.java:<init>(93)) - 1671272a-c11f-4f03-85c2-ea0c5f99ec93: new RaftServerImpl for group-C4F8FDD23D29:[1671272a-c11f-4f03-85c2-ea0c5f99ec93:192.168.34.5:44703] with ContainerStateMachine:uninitialized
2019-09-19 09:32:06,686 [pool-49-thread-1] INFO  server.RaftServerConfigKeys (ConfUtils.java:logGet(43)) - raft.server.rpc.timeout.min = 5s (custom)
2019-09-19 09:32:06,686 [pool-49-thread-1] INFO  server.RaftServerConfigKeys (ConfUtils.java:logGet(43)) - raft.server.rpc.timeout.max = 5200ms (custom)
2019-09-19 09:32:06,686 [pool-49-thread-1] INFO  server.RaftServerConfigKeys (ConfUtils.java:logGet(43)) - raft.server.rpcslowness.timeout = 120s (custom)
2019-09-19 09:32:06,686 [pool-49-thread-1] INFO  server.RaftServerConfigKeys (ConfUtils.java:logGet(43)) - raft.server.sleep.deviation.threshold = 300 (default)
2019-09-19 09:32:06,686 [pool-49-thread-1] INFO  server.RaftServerConfigKeys (ConfUtils.java:logGet(43)) - raft.server.log.appender.install.snapshot.enabled = false (custom)
2019-09-19 09:32:06,686 [pool-49-thread-1] INFO  impl.RaftServerImpl (ServerState.java:<init>(105)) - 1671272a-c11f-4f03-85c2-ea0c5f99ec93:group-C4F8FDD23D29 ConfigurationManager, init=-1: [1671272a-c11f-4f03-85c2-ea0c5f99ec93:192.168.34.5:44703], old=null, confs=<EMPTY_MAP>
2019-09-19 09:32:06,686 [pool-49-thread-1] INFO  server.RaftServerConfigKeys (ConfUtils.java:logGet(43)) - raft.server.storage.dir = [/workdir/hadoop-ozone/integration-test/target/test-dir/MiniOzoneClusterImpl-c03e40f7-b090-4a92-a38a-d9f2087836a0/datanode-2/data/ratis] (custom)
2019-09-19 09:32:06,687 [pool-49-thread-1] INFO  storage.RaftStorageDirectory (RaftStorageDirectory.java:analyzeStorage(246)) - The storage directory /workdir/hadoop-ozone/integration-test/target/test-dir/MiniOzoneClusterImpl-c03e40f7-b090-4a92-a38a-d9f2087836a0/datanode-2/data/ratis/71b221fe-4508-49e0-890c-c4f8fdd23d29 does not exist. Creating ...
2019-09-19 09:32:06,699 [pool-49-thread-1] INFO  storage.RaftStorageDirectory (RaftStorageDirectory.java:tryLock(328)) - Lock on /workdir/hadoop-ozone/integration-test/target/test-dir/MiniOzoneClusterImpl-c03e40f7-b090-4a92-a38a-d9f2087836a0/datanode-2/data/ratis/71b221fe-4508-49e0-890c-c4f8fdd23d29/in_use.lock acquired by nodename 9275@pr-hdds-1569-j4bt4-3030777008
2019-09-19 09:32:06,712 [pool-49-thread-1] INFO  storage.RaftStorage (RaftStorage.java:format(72)) - Storage directory /workdir/hadoop-ozone/integration-test/target/test-dir/MiniOzoneClusterImpl-c03e40f7-b090-4a92-a38a-d9f2087836a0/datanode-2/data/ratis/71b221fe-4508-49e0-890c-c4f8fdd23d29 has been successfully formatted.
2019-09-19 09:32:06,713 [pool-49-thread-1] INFO  ratis.ContainerStateMachine (ContainerStateMachine.java:loadSnapshot(226)) - group-C4F8FDD23D29: The snapshot info is null. Setting the last applied indexto:(t:0, i:~)
2019-09-19 09:32:06,713 [pool-49-thread-1] INFO  server.RaftServerConfigKeys (ConfUtils.java:logGet(43)) - raft.server.leader.election.timeout = 120s (custom)
2019-09-19 09:32:06,713 [pool-49-thread-1] INFO  server.RaftServerConfigKeys (ConfUtils.java:logGet(43)) - raft.server.log.use.memory = false (default)
2019-09-19 09:32:06,713 [pool-49-thread-1] INFO  server.RaftServerConfigKeys (ConfUtils.java:logGet(43)) - raft.server.log.purge.gap = 1000000 (custom)
2019-09-19 09:32:06,713 [pool-49-thread-1] INFO  server.RaftServerConfigKeys (ConfUtils.java:logGet(43)) - raft.server.log.appender.buffer.byte-limit = 33554432 (custom)
2019-09-19 09:32:06,713 [pool-49-thread-1] INFO  server.RaftServerConfigKeys (ConfUtils.java:logGet(43)) - raft.server.log.segment.size.max = 1048576 (custom)
2019-09-19 09:32:06,713 [pool-49-thread-1] INFO  server.RaftServerConfigKeys (ConfUtils.java:logGet(43)) - raft.server.log.segment.cache.num.max = 2 (custom)
2019-09-19 09:32:06,714 [pool-49-thread-1] INFO  segmented.SegmentedRaftLogWorker (SegmentedRaftLogWorker.java:<init>(172)) - new 1671272a-c11f-4f03-85c2-ea0c5f99ec93-SegmentedRaftLogWorker:Storage Directory /workdir/hadoop-ozone/integration-test/target/test-dir/MiniOzoneClusterImpl-c03e40f7-b090-4a92-a38a-d9f2087836a0/datanode-2/data/ratis/71b221fe-4508-49e0-890c-c4f8fdd23d29 for RaftStorage:Storage Directory /workdir/hadoop-ozone/integration-test/target/test-dir/MiniOzoneClusterImpl-c03e40f7-b090-4a92-a38a-d9f2087836a0/datanode-2/data/ratis/71b221fe-4508-49e0-890c-c4f8fdd23d29
2019-09-19 09:32:06,714 [pool-49-thread-1] INFO  server.RaftServerConfigKeys (ConfUtils.java:logGet(43)) - raft.server.log.queue.byte-limit = 2147483647 (custom)
2019-09-19 09:32:06,714 [pool-49-thread-1] INFO  server.RaftServerConfigKeys (ConfUtils.java:logGet(43)) - raft.server.log.queue.element-limit = 1024 (custom)
2019-09-19 09:32:06,714 [pool-49-thread-1] INFO  server.RaftServerConfigKeys (ConfUtils.java:logGet(43)) - raft.server.log.segment.size.max = 1048576 (custom)
2019-09-19 09:32:06,714 [pool-49-thread-1] INFO  server.RaftServerConfigKeys (ConfUtils.java:logGet(43)) - raft.server.log.preallocated.size = 16384 (custom)
2019-09-19 09:32:06,714 [pool-49-thread-1] INFO  server.RaftServerConfigKeys (ConfUtils.java:logGet(43)) - raft.server.log.write.buffer.size = 33554432 (custom)
2019-09-19 09:32:06,715 [pool-49-thread-1] INFO  server.RaftServerConfigKeys (ConfUtils.java:logGet(43)) - raft.server.log.force.sync.num = 128 (default)
2019-09-19 09:32:06,715 [pool-49-thread-1] INFO  server.RaftServerConfigKeys (ConfUtils.java:logGet(43)) - raft.server.log.statemachine.data.sync = true (default)
2019-09-19 09:32:06,715 [pool-49-thread-1] INFO  server.RaftServerConfigKeys (ConfUtils.java:logGet(43)) - raft.server.log.statemachine.data.sync.timeout = 10s (default)
2019-09-19 09:32:06,715 [pool-49-thread-1] INFO  server.RaftServerConfigKeys (ConfUtils.java:logGet(43)) - raft.server.log.statemachine.data.sync.timeout.retry = -1 (default)
2019-09-19 09:32:06,715 [pool-49-thread-1] INFO  server.RaftServerConfigKeys (ConfUtils.java:logGet(43)) - raft.server.log.statemachine.data.caching.enabled = true (custom)
2019-09-19 09:32:06,715 [pool-49-thread-1] INFO  segmented.SegmentedRaftLogWorker (SegmentedRaftLogWorker.java:lambda$new$0(132)) - 1671272a-c11f-4f03-85c2-ea0c5f99ec93-SegmentedRaftLogWorker:Storage Directory /workdir/hadoop-ozone/integration-test/target/test-dir/MiniOzoneClusterImpl-c03e40f7-b090-4a92-a38a-d9f2087836a0/datanode-2/data/ratis/71b221fe-4508-49e0-890c-c4f8fdd23d29: flushIndex: setUnconditionally 0 -> -1
2019-09-19 09:32:06,716 [pool-49-thread-1] INFO  server.RaftServerConfigKeys (ConfUtils.java:logGet(43)) - raft.server.snapshot.auto.trigger.enabled = true (custom)
2019-09-19 09:32:06,716 [pool-49-thread-1] INFO  server.RaftServerConfigKeys (ConfUtils.java:logGet(43)) - raft.server.snapshot.auto.trigger.threshold = 10000 (custom)
2019-09-19 09:32:06,716 [pool-49-thread-1] INFO  server.RaftServerConfigKeys (ConfUtils.java:logGet(43)) - raft.server.retrycache.expirytime = 600000ms (custom)
2019-09-19 09:32:06,716 [pool-49-thread-1] INFO  impl.RaftServerImpl (RaftServerImpl.java:start(180)) - 1671272a-c11f-4f03-85c2-ea0c5f99ec93: start group-C4F8FDD23D29
2019-09-19 09:32:06,716 [pool-49-thread-1] INFO  impl.RaftServerImpl (RaftServerImpl.java:setRole(171)) - 1671272a-c11f-4f03-85c2-ea0c5f99ec93:group-C4F8FDD23D29 changes role from null to FOLLOWER at term 0 for startAsFollower
2019-09-19 09:32:06,717 [pool-49-thread-1] INFO  impl.RoleInfo (RoleInfo.java:updateAndGet(143)) - 1671272a-c11f-4f03-85c2-ea0c5f99ec93: start FollowerState
2019-09-19 09:32:06,717 [pool-49-thread-1] INFO  util.JmxRegister (JmxRegister.java:tryRegister(44)) - Successfully registered JMX Bean with object name Ratis:service=RaftServer,group=group-C4F8FDD23D29,id=1671272a-c11f-4f03-85c2-ea0c5f99ec93
2019-09-19 09:32:06,727 [RatisPipelineUtilsThread] INFO  pipeline.PipelineStateManager (PipelineStateManager.java:addPipeline(56)) - Created pipeline Pipeline[ Id: 71b221fe-4508-49e0-890c-c4f8fdd23d29, Nodes: 1671272a-c11f-4f03-85c2-ea0c5f99ec93{ip: 192.168.34.5, host: pr-hdds-1569-j4bt4-3030777008, networkLocation: /default-rack, certSerialId: null}, Type:RATIS, Factor:ONE, State:OPEN]
2019-09-19 09:32:06,745 [grpc-default-executor-0] INFO  impl.RaftServerProxy (RaftServerProxy.java:addNew(89)) - 38cd0138-33f7-48fe-ab23-0150bb61f7f1: addNew group-5721CDBD2B52:[38cd0138-33f7-48fe-ab23-0150bb61f7f1:192.168.34.5:36410] returns group-5721CDBD2B52:java.util.concurrent.CompletableFuture@5bea8e8d[Not completed]
2019-09-19 09:32:06,746 [pool-60-thread-1] INFO  impl.RaftServerImpl (RaftServerImpl.java:<init>(93)) - 38cd0138-33f7-48fe-ab23-0150bb61f7f1: new RaftServerImpl for group-5721CDBD2B52:[38cd0138-33f7-48fe-ab23-0150bb61f7f1:192.168.34.5:36410] with ContainerStateMachine:uninitialized
2019-09-19 09:32:06,747 [pool-60-thread-1] INFO  server.RaftServerConfigKeys (ConfUtils.java:logGet(43)) - raft.server.rpc.timeout.min = 5s (custom)
2019-09-19 09:32:06,747 [pool-60-thread-1] INFO  server.RaftServerConfigKeys (ConfUtils.java:logGet(43)) - raft.server.rpc.timeout.max = 5200ms (custom)
2019-09-19 09:32:06,747 [pool-60-thread-1] INFO  server.RaftServerConfigKeys (ConfUtils.java:logGet(43)) - raft.server.rpcslowness.timeout = 120s (custom)
2019-09-19 09:32:06,747 [pool-60-thread-1] INFO  server.RaftServerConfigKeys (ConfUtils.java:logGet(43)) - raft.server.sleep.deviation.threshold = 300 (default)
2019-09-19 09:32:06,748 [pool-60-thread-1] INFO  server.RaftServerConfigKeys (ConfUtils.java:logGet(43)) - raft.server.log.appender.install.snapshot.enabled = false (custom)
2019-09-19 09:32:06,748 [pool-60-thread-1] INFO  impl.RaftServerImpl (ServerState.java:<init>(105)) - 38cd0138-33f7-48fe-ab23-0150bb61f7f1:group-5721CDBD2B52 ConfigurationManager, init=-1: [38cd0138-33f7-48fe-ab23-0150bb61f7f1:192.168.34.5:36410], old=null, confs=<EMPTY_MAP>
2019-09-19 09:32:06,748 [pool-60-thread-1] INFO  server.RaftServerConfigKeys (ConfUtils.java:logGet(43)) - raft.server.storage.dir = [/workdir/hadoop-ozone/integration-test/target/test-dir/MiniOzoneClusterImpl-c03e40f7-b090-4a92-a38a-d9f2087836a0/datanode-3/data/ratis] (custom)
2019-09-19 09:32:06,749 [pool-60-thread-1] INFO  storage.RaftStorageDirectory (RaftStorageDirectory.java:analyzeStorage(246)) - The storage directory /workdir/hadoop-ozone/integration-test/target/test-dir/MiniOzoneClusterImpl-c03e40f7-b090-4a92-a38a-d9f2087836a0/datanode-3/data/ratis/73a1f4bb-52de-4692-9432-5721cdbd2b52 does not exist. Creating ...
2019-09-19 09:32:06,760 [pool-60-thread-1] INFO  storage.RaftStorageDirectory (RaftStorageDirectory.java:tryLock(328)) - Lock on /workdir/hadoop-ozone/integration-test/target/test-dir/MiniOzoneClusterImpl-c03e40f7-b090-4a92-a38a-d9f2087836a0/datanode-3/data/ratis/73a1f4bb-52de-4692-9432-5721cdbd2b52/in_use.lock acquired by nodename 9275@pr-hdds-1569-j4bt4-3030777008
2019-09-19 09:32:06,773 [pool-60-thread-1] INFO  storage.RaftStorage (RaftStorage.java:format(72)) - Storage directory /workdir/hadoop-ozone/integration-test/target/test-dir/MiniOzoneClusterImpl-c03e40f7-b090-4a92-a38a-d9f2087836a0/datanode-3/data/ratis/73a1f4bb-52de-4692-9432-5721cdbd2b52 has been successfully formatted.
2019-09-19 09:32:06,774 [pool-60-thread-1] INFO  ratis.ContainerStateMachine (ContainerStateMachine.java:loadSnapshot(226)) - group-5721CDBD2B52: The snapshot info is null. Setting the last applied indexto:(t:0, i:~)
2019-09-19 09:32:06,774 [pool-60-thread-1] INFO  server.RaftServerConfigKeys (ConfUtils.java:logGet(43)) - raft.server.leader.election.timeout = 120s (custom)
2019-09-19 09:32:06,774 [pool-60-thread-1] INFO  server.RaftServerConfigKeys (ConfUtils.java:logGet(43)) - raft.server.log.use.memory = false (default)
2019-09-19 09:32:06,774 [pool-60-thread-1] INFO  server.RaftServerConfigKeys (ConfUtils.java:logGet(43)) - raft.server.log.purge.gap = 1000000 (custom)
2019-09-19 09:32:06,774 [pool-60-thread-1] INFO  server.RaftServerConfigKeys (ConfUtils.java:logGet(43)) - raft.server.log.appender.buffer.byte-limit = 33554432 (custom)
2019-09-19 09:32:06,774 [pool-60-thread-1] INFO  server.RaftServerConfigKeys (ConfUtils.java:logGet(43)) - raft.server.log.segment.size.max = 1048576 (custom)
2019-09-19 09:32:06,775 [pool-60-thread-1] INFO  server.RaftServerConfigKeys (ConfUtils.java:logGet(43)) - raft.server.log.segment.cache.num.max = 2 (custom)
2019-09-19 09:32:06,775 [pool-60-thread-1] INFO  segmented.SegmentedRaftLogWorker (SegmentedRaftLogWorker.java:<init>(172)) - new 38cd0138-33f7-48fe-ab23-0150bb61f7f1-SegmentedRaftLogWorker:Storage Directory /workdir/hadoop-ozone/integration-test/target/test-dir/MiniOzoneClusterImpl-c03e40f7-b090-4a92-a38a-d9f2087836a0/datanode-3/data/ratis/73a1f4bb-52de-4692-9432-5721cdbd2b52 for RaftStorage:Storage Directory /workdir/hadoop-ozone/integration-test/target/test-dir/MiniOzoneClusterImpl-c03e40f7-b090-4a92-a38a-d9f2087836a0/datanode-3/data/ratis/73a1f4bb-52de-4692-9432-5721cdbd2b52
2019-09-19 09:32:06,775 [pool-60-thread-1] INFO  server.RaftServerConfigKeys (ConfUtils.java:logGet(43)) - raft.server.log.queue.byte-limit = 2147483647 (custom)
2019-09-19 09:32:06,775 [pool-60-thread-1] INFO  server.RaftServerConfigKeys (ConfUtils.java:logGet(43)) - raft.server.log.queue.element-limit = 1024 (custom)
2019-09-19 09:32:06,776 [pool-60-thread-1] INFO  server.RaftServerConfigKeys (ConfUtils.java:logGet(43)) - raft.server.log.segment.size.max = 1048576 (custom)
2019-09-19 09:32:06,776 [pool-60-thread-1] INFO  server.RaftServerConfigKeys (ConfUtils.java:logGet(43)) - raft.server.log.preallocated.size = 16384 (custom)
2019-09-19 09:32:06,776 [pool-60-thread-1] INFO  server.RaftServerConfigKeys (ConfUtils.java:logGet(43)) - raft.server.log.write.buffer.size = 33554432 (custom)
2019-09-19 09:32:06,776 [pool-60-thread-1] INFO  server.RaftServerConfigKeys (ConfUtils.java:logGet(43)) - raft.server.log.force.sync.num = 128 (default)
2019-09-19 09:32:06,776 [pool-60-thread-1] INFO  server.RaftServerConfigKeys (ConfUtils.java:logGet(43)) - raft.server.log.statemachine.data.sync = true (default)
2019-09-19 09:32:06,777 [pool-60-thread-1] INFO  server.RaftServerConfigKeys (ConfUtils.java:logGet(43)) - raft.server.log.statemachine.data.sync.timeout = 10s (default)
2019-09-19 09:32:06,777 [pool-60-thread-1] INFO  server.RaftServerConfigKeys (ConfUtils.java:logGet(43)) - raft.server.log.statemachine.data.sync.timeout.retry = -1 (default)
2019-09-19 09:32:06,777 [pool-60-thread-1] INFO  server.RaftServerConfigKeys (ConfUtils.java:logGet(43)) - raft.server.log.statemachine.data.caching.enabled = true (custom)
2019-09-19 09:32:06,777 [pool-60-thread-1] INFO  segmented.SegmentedRaftLogWorker (SegmentedRaftLogWorker.java:lambda$new$0(132)) - 38cd0138-33f7-48fe-ab23-0150bb61f7f1-SegmentedRaftLogWorker:Storage Directory /workdir/hadoop-ozone/integration-test/target/test-dir/MiniOzoneClusterImpl-c03e40f7-b090-4a92-a38a-d9f2087836a0/datanode-3/data/ratis/73a1f4bb-52de-4692-9432-5721cdbd2b52: flushIndex: setUnconditionally 0 -> -1
2019-09-19 09:32:06,778 [pool-60-thread-1] INFO  server.RaftServerConfigKeys (ConfUtils.java:logGet(43)) - raft.server.snapshot.auto.trigger.enabled = true (custom)
2019-09-19 09:32:06,778 [pool-60-thread-1] INFO  server.RaftServerConfigKeys (ConfUtils.java:logGet(43)) - raft.server.snapshot.auto.trigger.threshold = 10000 (custom)
2019-09-19 09:32:06,778 [pool-60-thread-1] INFO  server.RaftServerConfigKeys (ConfUtils.java:logGet(43)) - raft.server.retrycache.expirytime = 600000ms (custom)
2019-09-19 09:32:06,779 [pool-60-thread-1] INFO  impl.RaftServerImpl (RaftServerImpl.java:start(180)) - 38cd0138-33f7-48fe-ab23-0150bb61f7f1: start group-5721CDBD2B52
2019-09-19 09:32:06,779 [pool-60-thread-1] INFO  impl.RaftServerImpl (RaftServerImpl.java:setRole(171)) - 38cd0138-33f7-48fe-ab23-0150bb61f7f1:group-5721CDBD2B52 changes role from null to FOLLOWER at term 0 for startAsFollower
2019-09-19 09:32:06,779 [pool-60-thread-1] INFO  impl.RoleInfo (RoleInfo.java:updateAndGet(143)) - 38cd0138-33f7-48fe-ab23-0150bb61f7f1: start FollowerState
2019-09-19 09:32:06,779 [pool-60-thread-1] INFO  util.JmxRegister (JmxRegister.java:tryRegister(44)) - Successfully registered JMX Bean with object name Ratis:service=RaftServer,group=group-5721CDBD2B52,id=38cd0138-33f7-48fe-ab23-0150bb61f7f1
2019-09-19 09:32:06,795 [RatisPipelineUtilsThread] INFO  pipeline.PipelineStateManager (PipelineStateManager.java:addPipeline(56)) - Created pipeline Pipeline[ Id: 73a1f4bb-52de-4692-9432-5721cdbd2b52, Nodes: 38cd0138-33f7-48fe-ab23-0150bb61f7f1{ip: 192.168.34.5, host: pr-hdds-1569-j4bt4-3030777008, networkLocation: /default-rack, certSerialId: null}, Type:RATIS, Factor:ONE, State:OPEN]
2019-09-19 09:32:06,809 [grpc-default-executor-0] INFO  impl.RaftServerProxy (RaftServerProxy.java:addNew(89)) - ff5d247f-5929-4b0d-9b68-69c9a991aea9: addNew group-E7F97B3EF7BE:[ff5d247f-5929-4b0d-9b68-69c9a991aea9:192.168.34.5:33150] returns group-E7F97B3EF7BE:java.util.concurrent.CompletableFuture@35751dd1[Not completed]
2019-09-19 09:32:06,810 [pool-38-thread-1] INFO  impl.RaftServerImpl (RaftServerImpl.java:<init>(93)) - ff5d247f-5929-4b0d-9b68-69c9a991aea9: new RaftServerImpl for group-E7F97B3EF7BE:[ff5d247f-5929-4b0d-9b68-69c9a991aea9:192.168.34.5:33150] with ContainerStateMachine:uninitialized
2019-09-19 09:32:06,810 [pool-38-thread-1] INFO  server.RaftServerConfigKeys (ConfUtils.java:logGet(43)) - raft.server.rpc.timeout.min = 5s (custom)
2019-09-19 09:32:06,811 [pool-38-thread-1] INFO  server.RaftServerConfigKeys (ConfUtils.java:logGet(43)) - raft.server.rpc.timeout.max = 5200ms (custom)
2019-09-19 09:32:06,811 [pool-38-thread-1] INFO  server.RaftServerConfigKeys (ConfUtils.java:logGet(43)) - raft.server.rpcslowness.timeout = 120s (custom)
2019-09-19 09:32:06,811 [pool-38-thread-1] INFO  server.RaftServerConfigKeys (ConfUtils.java:logGet(43)) - raft.server.sleep.deviation.threshold = 300 (default)
2019-09-19 09:32:06,811 [pool-38-thread-1] INFO  server.RaftServerConfigKeys (ConfUtils.java:logGet(43)) - raft.server.log.appender.install.snapshot.enabled = false (custom)
2019-09-19 09:32:06,811 [pool-38-thread-1] INFO  impl.RaftServerImpl (ServerState.java:<init>(105)) - ff5d247f-5929-4b0d-9b68-69c9a991aea9:group-E7F97B3EF7BE ConfigurationManager, init=-1: [ff5d247f-5929-4b0d-9b68-69c9a991aea9:192.168.34.5:33150], old=null, confs=<EMPTY_MAP>
2019-09-19 09:32:06,811 [pool-38-thread-1] INFO  server.RaftServerConfigKeys (ConfUtils.java:logGet(43)) - raft.server.storage.dir = [/workdir/hadoop-ozone/integration-test/target/test-dir/MiniOzoneClusterImpl-c03e40f7-b090-4a92-a38a-d9f2087836a0/datanode-1/data/ratis] (custom)
2019-09-19 09:32:06,811 [pool-38-thread-1] INFO  storage.RaftStorageDirectory (RaftStorageDirectory.java:analyzeStorage(246)) - The storage directory /workdir/hadoop-ozone/integration-test/target/test-dir/MiniOzoneClusterImpl-c03e40f7-b090-4a92-a38a-d9f2087836a0/datanode-1/data/ratis/96da3690-8b33-4e8d-b13b-e7f97b3ef7be does not exist. Creating ...
2019-09-19 09:32:06,824 [pool-38-thread-1] INFO  storage.RaftStorageDirectory (RaftStorageDirectory.java:tryLock(328)) - Lock on /workdir/hadoop-ozone/integration-test/target/test-dir/MiniOzoneClusterImpl-c03e40f7-b090-4a92-a38a-d9f2087836a0/datanode-1/data/ratis/96da3690-8b33-4e8d-b13b-e7f97b3ef7be/in_use.lock acquired by nodename 9275@pr-hdds-1569-j4bt4-3030777008
2019-09-19 09:32:06,837 [pool-38-thread-1] INFO  storage.RaftStorage (RaftStorage.java:format(72)) - Storage directory /workdir/hadoop-ozone/integration-test/target/test-dir/MiniOzoneClusterImpl-c03e40f7-b090-4a92-a38a-d9f2087836a0/datanode-1/data/ratis/96da3690-8b33-4e8d-b13b-e7f97b3ef7be has been successfully formatted.
2019-09-19 09:32:06,837 [pool-38-thread-1] INFO  ratis.ContainerStateMachine (ContainerStateMachine.java:loadSnapshot(226)) - group-E7F97B3EF7BE: The snapshot info is null. Setting the last applied indexto:(t:0, i:~)
2019-09-19 09:32:06,837 [pool-38-thread-1] INFO  server.RaftServerConfigKeys (ConfUtils.java:logGet(43)) - raft.server.leader.election.timeout = 120s (custom)
2019-09-19 09:32:06,837 [pool-38-thread-1] INFO  server.RaftServerConfigKeys (ConfUtils.java:logGet(43)) - raft.server.log.use.memory = false (default)
2019-09-19 09:32:06,837 [pool-38-thread-1] INFO  server.RaftServerConfigKeys (ConfUtils.java:logGet(43)) - raft.server.log.purge.gap = 1000000 (custom)
2019-09-19 09:32:06,837 [pool-38-thread-1] INFO  server.RaftServerConfigKeys (ConfUtils.java:logGet(43)) - raft.server.log.appender.buffer.byte-limit = 33554432 (custom)
2019-09-19 09:32:06,838 [pool-38-thread-1] INFO  server.RaftServerConfigKeys (ConfUtils.java:logGet(43)) - raft.server.log.segment.size.max = 1048576 (custom)
2019-09-19 09:32:06,838 [pool-38-thread-1] INFO  server.RaftServerConfigKeys (ConfUtils.java:logGet(43)) - raft.server.log.segment.cache.num.max = 2 (custom)
2019-09-19 09:32:06,838 [pool-38-thread-1] INFO  segmented.SegmentedRaftLogWorker (SegmentedRaftLogWorker.java:<init>(172)) - new ff5d247f-5929-4b0d-9b68-69c9a991aea9-SegmentedRaftLogWorker:Storage Directory /workdir/hadoop-ozone/integration-test/target/test-dir/MiniOzoneClusterImpl-c03e40f7-b090-4a92-a38a-d9f2087836a0/datanode-1/data/ratis/96da3690-8b33-4e8d-b13b-e7f97b3ef7be for RaftStorage:Storage Directory /workdir/hadoop-ozone/integration-test/target/test-dir/MiniOzoneClusterImpl-c03e40f7-b090-4a92-a38a-d9f2087836a0/datanode-1/data/ratis/96da3690-8b33-4e8d-b13b-e7f97b3ef7be
2019-09-19 09:32:06,838 [pool-38-thread-1] INFO  server.RaftServerConfigKeys (ConfUtils.java:logGet(43)) - raft.server.log.queue.byte-limit = 2147483647 (custom)
2019-09-19 09:32:06,838 [pool-38-thread-1] INFO  server.RaftServerConfigKeys (ConfUtils.java:logGet(43)) - raft.server.log.queue.element-limit = 1024 (custom)
2019-09-19 09:32:06,838 [pool-38-thread-1] INFO  server.RaftServerConfigKeys (ConfUtils.java:logGet(43)) - raft.server.log.segment.size.max = 1048576 (custom)
2019-09-19 09:32:06,838 [pool-38-thread-1] INFO  server.RaftServerConfigKeys (ConfUtils.java:logGet(43)) - raft.server.log.preallocated.size = 16384 (custom)
2019-09-19 09:32:06,838 [pool-38-thread-1] INFO  server.RaftServerConfigKeys (ConfUtils.java:logGet(43)) - raft.server.log.write.buffer.size = 33554432 (custom)
2019-09-19 09:32:06,838 [pool-38-thread-1] INFO  server.RaftServerConfigKeys (ConfUtils.java:logGet(43)) - raft.server.log.force.sync.num = 128 (default)
2019-09-19 09:32:06,839 [pool-38-thread-1] INFO  server.RaftServerConfigKeys (ConfUtils.java:logGet(43)) - raft.server.log.statemachine.data.sync = true (default)
2019-09-19 09:32:06,839 [pool-38-thread-1] INFO  server.RaftServerConfigKeys (ConfUtils.java:logGet(43)) - raft.server.log.statemachine.data.sync.timeout = 10s (default)
2019-09-19 09:32:06,839 [pool-38-thread-1] INFO  server.RaftServerConfigKeys (ConfUtils.java:logGet(43)) - raft.server.log.statemachine.data.sync.timeout.retry = -1 (default)
2019-09-19 09:32:06,839 [pool-38-thread-1] INFO  server.RaftServerConfigKeys (ConfUtils.java:logGet(43)) - raft.server.log.statemachine.data.caching.enabled = true (custom)
2019-09-19 09:32:06,839 [pool-38-thread-1] INFO  segmented.SegmentedRaftLogWorker (SegmentedRaftLogWorker.java:lambda$new$0(132)) - ff5d247f-5929-4b0d-9b68-69c9a991aea9-SegmentedRaftLogWorker:Storage Directory /workdir/hadoop-ozone/integration-test/target/test-dir/MiniOzoneClusterImpl-c03e40f7-b090-4a92-a38a-d9f2087836a0/datanode-1/data/ratis/96da3690-8b33-4e8d-b13b-e7f97b3ef7be: flushIndex: setUnconditionally 0 -> -1
2019-09-19 09:32:06,839 [pool-38-thread-1] INFO  server.RaftServerConfigKeys (ConfUtils.java:logGet(43)) - raft.server.snapshot.auto.trigger.enabled = true (custom)
2019-09-19 09:32:06,840 [pool-38-thread-1] INFO  server.RaftServerConfigKeys (ConfUtils.java:logGet(43)) - raft.server.snapshot.auto.trigger.threshold = 10000 (custom)
2019-09-19 09:32:06,840 [pool-38-thread-1] INFO  server.RaftServerConfigKeys (ConfUtils.java:logGet(43)) - raft.server.retrycache.expirytime = 600000ms (custom)
2019-09-19 09:32:06,840 [pool-38-thread-1] INFO  impl.RaftServerImpl (RaftServerImpl.java:start(180)) - ff5d247f-5929-4b0d-9b68-69c9a991aea9: start group-E7F97B3EF7BE
2019-09-19 09:32:06,840 [pool-38-thread-1] INFO  impl.RaftServerImpl (RaftServerImpl.java:setRole(171)) - ff5d247f-5929-4b0d-9b68-69c9a991aea9:group-E7F97B3EF7BE changes role from null to FOLLOWER at term 0 for startAsFollower
2019-09-19 09:32:06,840 [pool-38-thread-1] INFO  impl.RoleInfo (RoleInfo.java:updateAndGet(143)) - ff5d247f-5929-4b0d-9b68-69c9a991aea9: start FollowerState
2019-09-19 09:32:06,840 [pool-38-thread-1] INFO  util.JmxRegister (JmxRegister.java:tryRegister(44)) - Successfully registered JMX Bean with object name Ratis:service=RaftServer,group=group-E7F97B3EF7BE,id=ff5d247f-5929-4b0d-9b68-69c9a991aea9
2019-09-19 09:32:06,855 [RatisPipelineUtilsThread] INFO  pipeline.PipelineStateManager (PipelineStateManager.java:addPipeline(56)) - Created pipeline Pipeline[ Id: 96da3690-8b33-4e8d-b13b-e7f97b3ef7be, Nodes: ff5d247f-5929-4b0d-9b68-69c9a991aea9{ip: 192.168.34.5, host: pr-hdds-1569-j4bt4-3030777008, networkLocation: /default-rack, certSerialId: null}, Type:RATIS, Factor:ONE, State:OPEN]
2019-09-19 09:32:06,875 [grpc-default-executor-0] INFO  impl.RaftServerProxy (RaftServerProxy.java:addNew(89)) - 38cd0138-33f7-48fe-ab23-0150bb61f7f1: addNew group-8D7EC2A4ABFB:[38cd0138-33f7-48fe-ab23-0150bb61f7f1:192.168.34.5:36410] returns group-8D7EC2A4ABFB:java.util.concurrent.CompletableFuture@5effd4ec[Not completed]
2019-09-19 09:32:06,877 [pool-60-thread-1] INFO  impl.RaftServerImpl (RaftServerImpl.java:<init>(93)) - 38cd0138-33f7-48fe-ab23-0150bb61f7f1: new RaftServerImpl for group-8D7EC2A4ABFB:[38cd0138-33f7-48fe-ab23-0150bb61f7f1:192.168.34.5:36410] with ContainerStateMachine:uninitialized
2019-09-19 09:32:06,877 [pool-60-thread-1] INFO  server.RaftServerConfigKeys (ConfUtils.java:logGet(43)) - raft.server.rpc.timeout.min = 5s (custom)
2019-09-19 09:32:06,877 [pool-60-thread-1] INFO  server.RaftServerConfigKeys (ConfUtils.java:logGet(43)) - raft.server.rpc.timeout.max = 5200ms (custom)
2019-09-19 09:32:06,877 [pool-60-thread-1] INFO  server.RaftServerConfigKeys (ConfUtils.java:logGet(43)) - raft.server.rpcslowness.timeout = 120s (custom)
2019-09-19 09:32:06,878 [pool-60-thread-1] INFO  server.RaftServerConfigKeys (ConfUtils.java:logGet(43)) - raft.server.sleep.deviation.threshold = 300 (default)
2019-09-19 09:32:06,878 [pool-60-thread-1] INFO  server.RaftServerConfigKeys (ConfUtils.java:logGet(43)) - raft.server.log.appender.install.snapshot.enabled = false (custom)
2019-09-19 09:32:06,878 [pool-60-thread-1] INFO  impl.RaftServerImpl (ServerState.java:<init>(105)) - 38cd0138-33f7-48fe-ab23-0150bb61f7f1:group-8D7EC2A4ABFB ConfigurationManager, init=-1: [38cd0138-33f7-48fe-ab23-0150bb61f7f1:192.168.34.5:36410], old=null, confs=<EMPTY_MAP>
2019-09-19 09:32:06,878 [pool-60-thread-1] INFO  server.RaftServerConfigKeys (ConfUtils.java:logGet(43)) - raft.server.storage.dir = [/workdir/hadoop-ozone/integration-test/target/test-dir/MiniOzoneClusterImpl-c03e40f7-b090-4a92-a38a-d9f2087836a0/datanode-3/data/ratis] (custom)
2019-09-19 09:32:06,879 [pool-60-thread-1] INFO  storage.RaftStorageDirectory (RaftStorageDirectory.java:analyzeStorage(246)) - The storage directory /workdir/hadoop-ozone/integration-test/target/test-dir/MiniOzoneClusterImpl-c03e40f7-b090-4a92-a38a-d9f2087836a0/datanode-3/data/ratis/1d18812b-b419-4274-ae57-8d7ec2a4abfb does not exist. Creating ...
2019-09-19 09:32:06,892 [pool-60-thread-1] INFO  storage.RaftStorageDirectory (RaftStorageDirectory.java:tryLock(328)) - Lock on /workdir/hadoop-ozone/integration-test/target/test-dir/MiniOzoneClusterImpl-c03e40f7-b090-4a92-a38a-d9f2087836a0/datanode-3/data/ratis/1d18812b-b419-4274-ae57-8d7ec2a4abfb/in_use.lock acquired by nodename 9275@pr-hdds-1569-j4bt4-3030777008
2019-09-19 09:32:06,905 [pool-60-thread-1] INFO  storage.RaftStorage (RaftStorage.java:format(72)) - Storage directory /workdir/hadoop-ozone/integration-test/target/test-dir/MiniOzoneClusterImpl-c03e40f7-b090-4a92-a38a-d9f2087836a0/datanode-3/data/ratis/1d18812b-b419-4274-ae57-8d7ec2a4abfb has been successfully formatted.
2019-09-19 09:32:06,905 [pool-60-thread-1] INFO  ratis.ContainerStateMachine (ContainerStateMachine.java:loadSnapshot(226)) - group-8D7EC2A4ABFB: The snapshot info is null. Setting the last applied indexto:(t:0, i:~)
2019-09-19 09:32:06,906 [pool-60-thread-1] INFO  server.RaftServerConfigKeys (ConfUtils.java:logGet(43)) - raft.server.leader.election.timeout = 120s (custom)
2019-09-19 09:32:06,906 [pool-60-thread-1] INFO  server.RaftServerConfigKeys (ConfUtils.java:logGet(43)) - raft.server.log.use.memory = false (default)
2019-09-19 09:32:06,906 [pool-60-thread-1] INFO  server.RaftServerConfigKeys (ConfUtils.java:logGet(43)) - raft.server.log.purge.gap = 1000000 (custom)
2019-09-19 09:32:06,906 [pool-60-thread-1] INFO  server.RaftServerConfigKeys (ConfUtils.java:logGet(43)) - raft.server.log.appender.buffer.byte-limit = 33554432 (custom)
2019-09-19 09:32:06,906 [pool-60-thread-1] INFO  server.RaftServerConfigKeys (ConfUtils.java:logGet(43)) - raft.server.log.segment.size.max = 1048576 (custom)
2019-09-19 09:32:06,906 [pool-60-thread-1] INFO  server.RaftServerConfigKeys (ConfUtils.java:logGet(43)) - raft.server.log.segment.cache.num.max = 2 (custom)
2019-09-19 09:32:06,906 [pool-60-thread-1] INFO  segmented.SegmentedRaftLogWorker (SegmentedRaftLogWorker.java:<init>(172)) - new 38cd0138-33f7-48fe-ab23-0150bb61f7f1-SegmentedRaftLogWorker:Storage Directory /workdir/hadoop-ozone/integration-test/target/test-dir/MiniOzoneClusterImpl-c03e40f7-b090-4a92-a38a-d9f2087836a0/datanode-3/data/ratis/1d18812b-b419-4274-ae57-8d7ec2a4abfb for RaftStorage:Storage Directory /workdir/hadoop-ozone/integration-test/target/test-dir/MiniOzoneClusterImpl-c03e40f7-b090-4a92-a38a-d9f2087836a0/datanode-3/data/ratis/1d18812b-b419-4274-ae57-8d7ec2a4abfb
2019-09-19 09:32:06,907 [pool-60-thread-1] INFO  server.RaftServerConfigKeys (ConfUtils.java:logGet(43)) - raft.server.log.queue.byte-limit = 2147483647 (custom)
2019-09-19 09:32:06,907 [pool-60-thread-1] INFO  server.RaftServerConfigKeys (ConfUtils.java:logGet(43)) - raft.server.log.queue.element-limit = 1024 (custom)
2019-09-19 09:32:06,907 [pool-60-thread-1] INFO  server.RaftServerConfigKeys (ConfUtils.java:logGet(43)) - raft.server.log.segment.size.max = 1048576 (custom)
2019-09-19 09:32:06,907 [pool-60-thread-1] INFO  server.RaftServerConfigKeys (ConfUtils.java:logGet(43)) - raft.server.log.preallocated.size = 16384 (custom)
2019-09-19 09:32:06,907 [pool-60-thread-1] INFO  server.RaftServerConfigKeys (ConfUtils.java:logGet(43)) - raft.server.log.write.buffer.size = 33554432 (custom)
2019-09-19 09:32:06,907 [pool-60-thread-1] INFO  server.RaftServerConfigKeys (ConfUtils.java:logGet(43)) - raft.server.log.force.sync.num = 128 (default)
2019-09-19 09:32:06,907 [pool-60-thread-1] INFO  server.RaftServerConfigKeys (ConfUtils.java:logGet(43)) - raft.server.log.statemachine.data.sync = true (default)
2019-09-19 09:32:06,907 [pool-60-thread-1] INFO  server.RaftServerConfigKeys (ConfUtils.java:logGet(43)) - raft.server.log.statemachine.data.sync.timeout = 10s (default)
2019-09-19 09:32:06,908 [pool-60-thread-1] INFO  server.RaftServerConfigKeys (ConfUtils.java:logGet(43)) - raft.server.log.statemachine.data.sync.timeout.retry = -1 (default)
2019-09-19 09:32:06,908 [pool-60-thread-1] INFO  server.RaftServerConfigKeys (ConfUtils.java:logGet(43)) - raft.server.log.statemachine.data.caching.enabled = true (custom)
2019-09-19 09:32:06,908 [pool-60-thread-1] INFO  segmented.SegmentedRaftLogWorker (SegmentedRaftLogWorker.java:lambda$new$0(132)) - 38cd0138-33f7-48fe-ab23-0150bb61f7f1-SegmentedRaftLogWorker:Storage Directory /workdir/hadoop-ozone/integration-test/target/test-dir/MiniOzoneClusterImpl-c03e40f7-b090-4a92-a38a-d9f2087836a0/datanode-3/data/ratis/1d18812b-b419-4274-ae57-8d7ec2a4abfb: flushIndex: setUnconditionally 0 -> -1
2019-09-19 09:32:06,908 [pool-60-thread-1] INFO  server.RaftServerConfigKeys (ConfUtils.java:logGet(43)) - raft.server.snapshot.auto.trigger.enabled = true (custom)
2019-09-19 09:32:06,908 [pool-60-thread-1] INFO  server.RaftServerConfigKeys (ConfUtils.java:logGet(43)) - raft.server.snapshot.auto.trigger.threshold = 10000 (custom)
2019-09-19 09:32:06,909 [pool-60-thread-1] INFO  server.RaftServerConfigKeys (ConfUtils.java:logGet(43)) - raft.server.retrycache.expirytime = 600000ms (custom)
2019-09-19 09:32:06,909 [pool-60-thread-1] INFO  impl.RaftServerImpl (RaftServerImpl.java:start(180)) - 38cd0138-33f7-48fe-ab23-0150bb61f7f1: start group-8D7EC2A4ABFB
2019-09-19 09:32:06,909 [pool-60-thread-1] INFO  impl.RaftServerImpl (RaftServerImpl.java:setRole(171)) - 38cd0138-33f7-48fe-ab23-0150bb61f7f1:group-8D7EC2A4ABFB changes role from null to FOLLOWER at term 0 for startAsFollower
2019-09-19 09:32:06,909 [pool-60-thread-1] INFO  impl.RoleInfo (RoleInfo.java:updateAndGet(143)) - 38cd0138-33f7-48fe-ab23-0150bb61f7f1: start FollowerState
2019-09-19 09:32:06,909 [pool-60-thread-1] INFO  util.JmxRegister (JmxRegister.java:tryRegister(44)) - Successfully registered JMX Bean with object name Ratis:service=RaftServer,group=group-8D7EC2A4ABFB,id=38cd0138-33f7-48fe-ab23-0150bb61f7f1
2019-09-19 09:32:06,920 [RatisPipelineUtilsThread] INFO  pipeline.PipelineStateManager (PipelineStateManager.java:addPipeline(56)) - Created pipeline Pipeline[ Id: 1d18812b-b419-4274-ae57-8d7ec2a4abfb, Nodes: 38cd0138-33f7-48fe-ab23-0150bb61f7f1{ip: 192.168.34.5, host: pr-hdds-1569-j4bt4-3030777008, networkLocation: /default-rack, certSerialId: null}, Type:RATIS, Factor:ONE, State:OPEN]
2019-09-19 09:32:06,934 [grpc-default-executor-0] INFO  impl.RaftServerProxy (RaftServerProxy.java:addNew(89)) - ff5d247f-5929-4b0d-9b68-69c9a991aea9: addNew group-8ABD7959E6E9:[ff5d247f-5929-4b0d-9b68-69c9a991aea9:192.168.34.5:33150] returns group-8ABD7959E6E9:java.util.concurrent.CompletableFuture@39eae08b[Not completed]
2019-09-19 09:32:06,936 [pool-38-thread-1] INFO  impl.RaftServerImpl (RaftServerImpl.java:<init>(93)) - ff5d247f-5929-4b0d-9b68-69c9a991aea9: new RaftServerImpl for group-8ABD7959E6E9:[ff5d247f-5929-4b0d-9b68-69c9a991aea9:192.168.34.5:33150] with ContainerStateMachine:uninitialized
2019-09-19 09:32:06,936 [pool-38-thread-1] INFO  server.RaftServerConfigKeys (ConfUtils.java:logGet(43)) - raft.server.rpc.timeout.min = 5s (custom)
2019-09-19 09:32:06,936 [pool-38-thread-1] INFO  server.RaftServerConfigKeys (ConfUtils.java:logGet(43)) - raft.server.rpc.timeout.max = 5200ms (custom)
2019-09-19 09:32:06,937 [pool-38-thread-1] INFO  server.RaftServerConfigKeys (ConfUtils.java:logGet(43)) - raft.server.rpcslowness.timeout = 120s (custom)
2019-09-19 09:32:06,937 [pool-38-thread-1] INFO  server.RaftServerConfigKeys (ConfUtils.java:logGet(43)) - raft.server.sleep.deviation.threshold = 300 (default)
2019-09-19 09:32:06,937 [pool-38-thread-1] INFO  server.RaftServerConfigKeys (ConfUtils.java:logGet(43)) - raft.server.log.appender.install.snapshot.enabled = false (custom)
2019-09-19 09:32:06,937 [pool-38-thread-1] INFO  impl.RaftServerImpl (ServerState.java:<init>(105)) - ff5d247f-5929-4b0d-9b68-69c9a991aea9:group-8ABD7959E6E9 ConfigurationManager, init=-1: [ff5d247f-5929-4b0d-9b68-69c9a991aea9:192.168.34.5:33150], old=null, confs=<EMPTY_MAP>
2019-09-19 09:32:06,937 [pool-38-thread-1] INFO  server.RaftServerConfigKeys (ConfUtils.java:logGet(43)) - raft.server.storage.dir = [/workdir/hadoop-ozone/integration-test/target/test-dir/MiniOzoneClusterImpl-c03e40f7-b090-4a92-a38a-d9f2087836a0/datanode-1/data/ratis] (custom)
2019-09-19 09:32:06,937 [pool-38-thread-1] INFO  storage.RaftStorageDirectory (RaftStorageDirectory.java:analyzeStorage(246)) - The storage directory /workdir/hadoop-ozone/integration-test/target/test-dir/MiniOzoneClusterImpl-c03e40f7-b090-4a92-a38a-d9f2087836a0/datanode-1/data/ratis/5770e979-e8bc-4d4b-a076-8abd7959e6e9 does not exist. Creating ...
2019-09-19 09:32:06,950 [pool-38-thread-1] INFO  storage.RaftStorageDirectory (RaftStorageDirectory.java:tryLock(328)) - Lock on /workdir/hadoop-ozone/integration-test/target/test-dir/MiniOzoneClusterImpl-c03e40f7-b090-4a92-a38a-d9f2087836a0/datanode-1/data/ratis/5770e979-e8bc-4d4b-a076-8abd7959e6e9/in_use.lock acquired by nodename 9275@pr-hdds-1569-j4bt4-3030777008
2019-09-19 09:32:06,963 [pool-38-thread-1] INFO  storage.RaftStorage (RaftStorage.java:format(72)) - Storage directory /workdir/hadoop-ozone/integration-test/target/test-dir/MiniOzoneClusterImpl-c03e40f7-b090-4a92-a38a-d9f2087836a0/datanode-1/data/ratis/5770e979-e8bc-4d4b-a076-8abd7959e6e9 has been successfully formatted.
2019-09-19 09:32:06,963 [pool-38-thread-1] INFO  ratis.ContainerStateMachine (ContainerStateMachine.java:loadSnapshot(226)) - group-8ABD7959E6E9: The snapshot info is null. Setting the last applied indexto:(t:0, i:~)
2019-09-19 09:32:06,963 [pool-38-thread-1] INFO  server.RaftServerConfigKeys (ConfUtils.java:logGet(43)) - raft.server.leader.election.timeout = 120s (custom)
2019-09-19 09:32:06,963 [pool-38-thread-1] INFO  server.RaftServerConfigKeys (ConfUtils.java:logGet(43)) - raft.server.log.use.memory = false (default)
2019-09-19 09:32:06,963 [pool-38-thread-1] INFO  server.RaftServerConfigKeys (ConfUtils.java:logGet(43)) - raft.server.log.purge.gap = 1000000 (custom)
2019-09-19 09:32:06,964 [pool-38-thread-1] INFO  server.RaftServerConfigKeys (ConfUtils.java:logGet(43)) - raft.server.log.appender.buffer.byte-limit = 33554432 (custom)
2019-09-19 09:32:06,964 [pool-38-thread-1] INFO  server.RaftServerConfigKeys (ConfUtils.java:logGet(43)) - raft.server.log.segment.size.max = 1048576 (custom)
2019-09-19 09:32:06,964 [pool-38-thread-1] INFO  server.RaftServerConfigKeys (ConfUtils.java:logGet(43)) - raft.server.log.segment.cache.num.max = 2 (custom)
2019-09-19 09:32:06,964 [pool-38-thread-1] INFO  segmented.SegmentedRaftLogWorker (SegmentedRaftLogWorker.java:<init>(172)) - new ff5d247f-5929-4b0d-9b68-69c9a991aea9-SegmentedRaftLogWorker:Storage Directory /workdir/hadoop-ozone/integration-test/target/test-dir/MiniOzoneClusterImpl-c03e40f7-b090-4a92-a38a-d9f2087836a0/datanode-1/data/ratis/5770e979-e8bc-4d4b-a076-8abd7959e6e9 for RaftStorage:Storage Directory /workdir/hadoop-ozone/integration-test/target/test-dir/MiniOzoneClusterImpl-c03e40f7-b090-4a92-a38a-d9f2087836a0/datanode-1/data/ratis/5770e979-e8bc-4d4b-a076-8abd7959e6e9
2019-09-19 09:32:06,964 [pool-38-thread-1] INFO  server.RaftServerConfigKeys (ConfUtils.java:logGet(43)) - raft.server.log.queue.byte-limit = 2147483647 (custom)
2019-09-19 09:32:06,964 [pool-38-thread-1] INFO  server.RaftServerConfigKeys (ConfUtils.java:logGet(43)) - raft.server.log.queue.element-limit = 1024 (custom)
2019-09-19 09:32:06,964 [pool-38-thread-1] INFO  server.RaftServerConfigKeys (ConfUtils.java:logGet(43)) - raft.server.log.segment.size.max = 1048576 (custom)
2019-09-19 09:32:06,964 [pool-38-thread-1] INFO  server.RaftServerConfigKeys (ConfUtils.java:logGet(43)) - raft.server.log.preallocated.size = 16384 (custom)
2019-09-19 09:32:06,964 [pool-38-thread-1] INFO  server.RaftServerConfigKeys (ConfUtils.java:logGet(43)) - raft.server.log.write.buffer.size = 33554432 (custom)
2019-09-19 09:32:06,965 [pool-38-thread-1] INFO  server.RaftServerConfigKeys (ConfUtils.java:logGet(43)) - raft.server.log.force.sync.num = 128 (default)
2019-09-19 09:32:06,965 [pool-38-thread-1] INFO  server.RaftServerConfigKeys (ConfUtils.java:logGet(43)) - raft.server.log.statemachine.data.sync = true (default)
2019-09-19 09:32:06,965 [pool-38-thread-1] INFO  server.RaftServerConfigKeys (ConfUtils.java:logGet(43)) - raft.server.log.statemachine.data.sync.timeout = 10s (default)
2019-09-19 09:32:06,965 [pool-38-thread-1] INFO  server.RaftServerConfigKeys (ConfUtils.java:logGet(43)) - raft.server.log.statemachine.data.sync.timeout.retry = -1 (default)
2019-09-19 09:32:06,965 [pool-38-thread-1] INFO  server.RaftServerConfigKeys (ConfUtils.java:logGet(43)) - raft.server.log.statemachine.data.caching.enabled = true (custom)
2019-09-19 09:32:06,965 [pool-38-thread-1] INFO  segmented.SegmentedRaftLogWorker (SegmentedRaftLogWorker.java:lambda$new$0(132)) - ff5d247f-5929-4b0d-9b68-69c9a991aea9-SegmentedRaftLogWorker:Storage Directory /workdir/hadoop-ozone/integration-test/target/test-dir/MiniOzoneClusterImpl-c03e40f7-b090-4a92-a38a-d9f2087836a0/datanode-1/data/ratis/5770e979-e8bc-4d4b-a076-8abd7959e6e9: flushIndex: setUnconditionally 0 -> -1
2019-09-19 09:32:06,966 [pool-38-thread-1] INFO  server.RaftServerConfigKeys (ConfUtils.java:logGet(43)) - raft.server.snapshot.auto.trigger.enabled = true (custom)
2019-09-19 09:32:06,966 [pool-38-thread-1] INFO  server.RaftServerConfigKeys (ConfUtils.java:logGet(43)) - raft.server.snapshot.auto.trigger.threshold = 10000 (custom)
2019-09-19 09:32:06,966 [pool-38-thread-1] INFO  server.RaftServerConfigKeys (ConfUtils.java:logGet(43)) - raft.server.retrycache.expirytime = 600000ms (custom)
2019-09-19 09:32:06,966 [pool-38-thread-1] INFO  impl.RaftServerImpl (RaftServerImpl.java:start(180)) - ff5d247f-5929-4b0d-9b68-69c9a991aea9: start group-8ABD7959E6E9
2019-09-19 09:32:06,966 [pool-38-thread-1] INFO  impl.RaftServerImpl (RaftServerImpl.java:setRole(171)) - ff5d247f-5929-4b0d-9b68-69c9a991aea9:group-8ABD7959E6E9 changes role from null to FOLLOWER at term 0 for startAsFollower
2019-09-19 09:32:06,966 [pool-38-thread-1] INFO  impl.RoleInfo (RoleInfo.java:updateAndGet(143)) - ff5d247f-5929-4b0d-9b68-69c9a991aea9: start FollowerState
2019-09-19 09:32:06,967 [pool-38-thread-1] INFO  util.JmxRegister (JmxRegister.java:tryRegister(44)) - Successfully registered JMX Bean with object name Ratis:service=RaftServer,group=group-8ABD7959E6E9,id=ff5d247f-5929-4b0d-9b68-69c9a991aea9
2019-09-19 09:32:06,976 [RatisPipelineUtilsThread] INFO  pipeline.PipelineStateManager (PipelineStateManager.java:addPipeline(56)) - Created pipeline Pipeline[ Id: 5770e979-e8bc-4d4b-a076-8abd7959e6e9, Nodes: ff5d247f-5929-4b0d-9b68-69c9a991aea9{ip: 192.168.34.5, host: pr-hdds-1569-j4bt4-3030777008, networkLocation: /default-rack, certSerialId: null}, Type:RATIS, Factor:ONE, State:OPEN]
2019-09-19 09:32:06,989 [grpc-default-executor-0] INFO  impl.RaftServerProxy (RaftServerProxy.java:addNew(89)) - bb059d21-eed2-433c-ad63-69c2d96e92b8: addNew group-76B8A275DD2B:[bb059d21-eed2-433c-ad63-69c2d96e92b8:192.168.34.5:44341] returns group-76B8A275DD2B:java.util.concurrent.CompletableFuture@3ded2590[Not completed]
2019-09-19 09:32:06,991 [pool-27-thread-1] INFO  impl.RaftServerImpl (RaftServerImpl.java:<init>(93)) - bb059d21-eed2-433c-ad63-69c2d96e92b8: new RaftServerImpl for group-76B8A275DD2B:[bb059d21-eed2-433c-ad63-69c2d96e92b8:192.168.34.5:44341] with ContainerStateMachine:uninitialized
2019-09-19 09:32:06,991 [pool-27-thread-1] INFO  server.RaftServerConfigKeys (ConfUtils.java:logGet(43)) - raft.server.rpc.timeout.min = 5s (custom)
2019-09-19 09:32:06,991 [pool-27-thread-1] INFO  server.RaftServerConfigKeys (ConfUtils.java:logGet(43)) - raft.server.rpc.timeout.max = 5200ms (custom)
2019-09-19 09:32:06,991 [pool-27-thread-1] INFO  server.RaftServerConfigKeys (ConfUtils.java:logGet(43)) - raft.server.rpcslowness.timeout = 120s (custom)
2019-09-19 09:32:06,991 [pool-27-thread-1] INFO  server.RaftServerConfigKeys (ConfUtils.java:logGet(43)) - raft.server.sleep.deviation.threshold = 300 (default)
2019-09-19 09:32:06,991 [pool-27-thread-1] INFO  server.RaftServerConfigKeys (ConfUtils.java:logGet(43)) - raft.server.log.appender.install.snapshot.enabled = false (custom)
2019-09-19 09:32:06,991 [pool-27-thread-1] INFO  impl.RaftServerImpl (ServerState.java:<init>(105)) - bb059d21-eed2-433c-ad63-69c2d96e92b8:group-76B8A275DD2B ConfigurationManager, init=-1: [bb059d21-eed2-433c-ad63-69c2d96e92b8:192.168.34.5:44341], old=null, confs=<EMPTY_MAP>
2019-09-19 09:32:06,991 [pool-27-thread-1] INFO  server.RaftServerConfigKeys (ConfUtils.java:logGet(43)) - raft.server.storage.dir = [/workdir/hadoop-ozone/integration-test/target/test-dir/MiniOzoneClusterImpl-c03e40f7-b090-4a92-a38a-d9f2087836a0/datanode-0/data/ratis] (custom)
2019-09-19 09:32:06,992 [pool-27-thread-1] INFO  storage.RaftStorageDirectory (RaftStorageDirectory.java:analyzeStorage(246)) - The storage directory /workdir/hadoop-ozone/integration-test/target/test-dir/MiniOzoneClusterImpl-c03e40f7-b090-4a92-a38a-d9f2087836a0/datanode-0/data/ratis/831465ac-acbd-49c4-b59f-76b8a275dd2b does not exist. Creating ...
2019-09-19 09:32:07,005 [pool-27-thread-1] INFO  storage.RaftStorageDirectory (RaftStorageDirectory.java:tryLock(328)) - Lock on /workdir/hadoop-ozone/integration-test/target/test-dir/MiniOzoneClusterImpl-c03e40f7-b090-4a92-a38a-d9f2087836a0/datanode-0/data/ratis/831465ac-acbd-49c4-b59f-76b8a275dd2b/in_use.lock acquired by nodename 9275@pr-hdds-1569-j4bt4-3030777008
2019-09-19 09:32:07,030 [pool-27-thread-1] INFO  storage.RaftStorage (RaftStorage.java:format(72)) - Storage directory /workdir/hadoop-ozone/integration-test/target/test-dir/MiniOzoneClusterImpl-c03e40f7-b090-4a92-a38a-d9f2087836a0/datanode-0/data/ratis/831465ac-acbd-49c4-b59f-76b8a275dd2b has been successfully formatted.
2019-09-19 09:32:07,030 [pool-27-thread-1] INFO  ratis.ContainerStateMachine (ContainerStateMachine.java:loadSnapshot(226)) - group-76B8A275DD2B: The snapshot info is null. Setting the last applied indexto:(t:0, i:~)
2019-09-19 09:32:07,030 [pool-27-thread-1] INFO  server.RaftServerConfigKeys (ConfUtils.java:logGet(43)) - raft.server.leader.election.timeout = 120s (custom)
2019-09-19 09:32:07,030 [pool-27-thread-1] INFO  server.RaftServerConfigKeys (ConfUtils.java:logGet(43)) - raft.server.log.use.memory = false (default)
2019-09-19 09:32:07,031 [pool-27-thread-1] INFO  server.RaftServerConfigKeys (ConfUtils.java:logGet(43)) - raft.server.log.purge.gap = 1000000 (custom)
2019-09-19 09:32:07,031 [pool-27-thread-1] INFO  server.RaftServerConfigKeys (ConfUtils.java:logGet(43)) - raft.server.log.appender.buffer.byte-limit = 33554432 (custom)
2019-09-19 09:32:07,031 [pool-27-thread-1] INFO  server.RaftServerConfigKeys (ConfUtils.java:logGet(43)) - raft.server.log.segment.size.max = 1048576 (custom)
2019-09-19 09:32:07,031 [pool-27-thread-1] INFO  server.RaftServerConfigKeys (ConfUtils.java:logGet(43)) - raft.server.log.segment.cache.num.max = 2 (custom)
2019-09-19 09:32:07,031 [pool-27-thread-1] INFO  segmented.SegmentedRaftLogWorker (SegmentedRaftLogWorker.java:<init>(172)) - new bb059d21-eed2-433c-ad63-69c2d96e92b8-SegmentedRaftLogWorker:Storage Directory /workdir/hadoop-ozone/integration-test/target/test-dir/MiniOzoneClusterImpl-c03e40f7-b090-4a92-a38a-d9f2087836a0/datanode-0/data/ratis/831465ac-acbd-49c4-b59f-76b8a275dd2b for RaftStorage:Storage Directory /workdir/hadoop-ozone/integration-test/target/test-dir/MiniOzoneClusterImpl-c03e40f7-b090-4a92-a38a-d9f2087836a0/datanode-0/data/ratis/831465ac-acbd-49c4-b59f-76b8a275dd2b
2019-09-19 09:32:07,031 [pool-27-thread-1] INFO  server.RaftServerConfigKeys (ConfUtils.java:logGet(43)) - raft.server.log.queue.byte-limit = 2147483647 (custom)
2019-09-19 09:32:07,031 [pool-27-thread-1] INFO  server.RaftServerConfigKeys (ConfUtils.java:logGet(43)) - raft.server.log.queue.element-limit = 1024 (custom)
2019-09-19 09:32:07,032 [pool-27-thread-1] INFO  server.RaftServerConfigKeys (ConfUtils.java:logGet(43)) - raft.server.log.segment.size.max = 1048576 (custom)
2019-09-19 09:32:07,032 [pool-27-thread-1] INFO  server.RaftServerConfigKeys (ConfUtils.java:logGet(43)) - raft.server.log.preallocated.size = 16384 (custom)
2019-09-19 09:32:07,032 [pool-27-thread-1] INFO  server.RaftServerConfigKeys (ConfUtils.java:logGet(43)) - raft.server.log.write.buffer.size = 33554432 (custom)
2019-09-19 09:32:07,032 [pool-27-thread-1] INFO  server.RaftServerConfigKeys (ConfUtils.java:logGet(43)) - raft.server.log.force.sync.num = 128 (default)
2019-09-19 09:32:07,032 [pool-27-thread-1] INFO  server.RaftServerConfigKeys (ConfUtils.java:logGet(43)) - raft.server.log.statemachine.data.sync = true (default)
2019-09-19 09:32:07,032 [pool-27-thread-1] INFO  server.RaftServerConfigKeys (ConfUtils.java:logGet(43)) - raft.server.log.statemachine.data.sync.timeout = 10s (default)
2019-09-19 09:32:07,032 [pool-27-thread-1] INFO  server.RaftServerConfigKeys (ConfUtils.java:logGet(43)) - raft.server.log.statemachine.data.sync.timeout.retry = -1 (default)
2019-09-19 09:32:07,033 [pool-27-thread-1] INFO  server.RaftServerConfigKeys (ConfUtils.java:logGet(43)) - raft.server.log.statemachine.data.caching.enabled = true (custom)
2019-09-19 09:32:07,033 [pool-27-thread-1] INFO  segmented.SegmentedRaftLogWorker (SegmentedRaftLogWorker.java:lambda$new$0(132)) - bb059d21-eed2-433c-ad63-69c2d96e92b8-SegmentedRaftLogWorker:Storage Directory /workdir/hadoop-ozone/integration-test/target/test-dir/MiniOzoneClusterImpl-c03e40f7-b090-4a92-a38a-d9f2087836a0/datanode-0/data/ratis/831465ac-acbd-49c4-b59f-76b8a275dd2b: flushIndex: setUnconditionally 0 -> -1
2019-09-19 09:32:07,033 [pool-27-thread-1] INFO  server.RaftServerConfigKeys (ConfUtils.java:logGet(43)) - raft.server.snapshot.auto.trigger.enabled = true (custom)
2019-09-19 09:32:07,033 [pool-27-thread-1] INFO  server.RaftServerConfigKeys (ConfUtils.java:logGet(43)) - raft.server.snapshot.auto.trigger.threshold = 10000 (custom)
2019-09-19 09:32:07,034 [pool-27-thread-1] INFO  server.RaftServerConfigKeys (ConfUtils.java:logGet(43)) - raft.server.retrycache.expirytime = 600000ms (custom)
2019-09-19 09:32:07,034 [pool-27-thread-1] INFO  impl.RaftServerImpl (RaftServerImpl.java:start(180)) - bb059d21-eed2-433c-ad63-69c2d96e92b8: start group-76B8A275DD2B
2019-09-19 09:32:07,034 [pool-27-thread-1] INFO  impl.RaftServerImpl (RaftServerImpl.java:setRole(171)) - bb059d21-eed2-433c-ad63-69c2d96e92b8:group-76B8A275DD2B changes role from null to FOLLOWER at term 0 for startAsFollower
2019-09-19 09:32:07,034 [pool-27-thread-1] INFO  impl.RoleInfo (RoleInfo.java:updateAndGet(143)) - bb059d21-eed2-433c-ad63-69c2d96e92b8: start FollowerState
2019-09-19 09:32:07,035 [pool-27-thread-1] INFO  util.JmxRegister (JmxRegister.java:tryRegister(44)) - Successfully registered JMX Bean with object name Ratis:service=RaftServer,group=group-76B8A275DD2B,id=bb059d21-eed2-433c-ad63-69c2d96e92b8
2019-09-19 09:32:07,045 [RatisPipelineUtilsThread] INFO  pipeline.PipelineStateManager (PipelineStateManager.java:addPipeline(56)) - Created pipeline Pipeline[ Id: 831465ac-acbd-49c4-b59f-76b8a275dd2b, Nodes: bb059d21-eed2-433c-ad63-69c2d96e92b8{ip: 192.168.34.5, host: pr-hdds-1569-j4bt4-3030777008, networkLocation: /default-rack, certSerialId: null}, Type:RATIS, Factor:ONE, State:OPEN]
2019-09-19 09:32:07,059 [grpc-default-executor-0] INFO  impl.RaftServerProxy (RaftServerProxy.java:addNew(89)) - bb059d21-eed2-433c-ad63-69c2d96e92b8: addNew group-BAD7CC73FDDD:[bb059d21-eed2-433c-ad63-69c2d96e92b8:192.168.34.5:44341] returns group-BAD7CC73FDDD:java.util.concurrent.CompletableFuture@1010bf74[Not completed]
2019-09-19 09:32:07,061 [pool-27-thread-1] INFO  impl.RaftServerImpl (RaftServerImpl.java:<init>(93)) - bb059d21-eed2-433c-ad63-69c2d96e92b8: new RaftServerImpl for group-BAD7CC73FDDD:[bb059d21-eed2-433c-ad63-69c2d96e92b8:192.168.34.5:44341] with ContainerStateMachine:uninitialized
2019-09-19 09:32:07,061 [pool-27-thread-1] INFO  server.RaftServerConfigKeys (ConfUtils.java:logGet(43)) - raft.server.rpc.timeout.min = 5s (custom)
2019-09-19 09:32:07,061 [pool-27-thread-1] INFO  server.RaftServerConfigKeys (ConfUtils.java:logGet(43)) - raft.server.rpc.timeout.max = 5200ms (custom)
2019-09-19 09:32:07,062 [pool-27-thread-1] INFO  server.RaftServerConfigKeys (ConfUtils.java:logGet(43)) - raft.server.rpcslowness.timeout = 120s (custom)
2019-09-19 09:32:07,062 [pool-27-thread-1] INFO  server.RaftServerConfigKeys (ConfUtils.java:logGet(43)) - raft.server.sleep.deviation.threshold = 300 (default)
2019-09-19 09:32:07,062 [pool-27-thread-1] INFO  server.RaftServerConfigKeys (ConfUtils.java:logGet(43)) - raft.server.log.appender.install.snapshot.enabled = false (custom)
2019-09-19 09:32:07,062 [pool-27-thread-1] INFO  impl.RaftServerImpl (ServerState.java:<init>(105)) - bb059d21-eed2-433c-ad63-69c2d96e92b8:group-BAD7CC73FDDD ConfigurationManager, init=-1: [bb059d21-eed2-433c-ad63-69c2d96e92b8:192.168.34.5:44341], old=null, confs=<EMPTY_MAP>
2019-09-19 09:32:07,062 [pool-27-thread-1] INFO  server.RaftServerConfigKeys (ConfUtils.java:logGet(43)) - raft.server.storage.dir = [/workdir/hadoop-ozone/integration-test/target/test-dir/MiniOzoneClusterImpl-c03e40f7-b090-4a92-a38a-d9f2087836a0/datanode-0/data/ratis] (custom)
2019-09-19 09:32:07,063 [pool-27-thread-1] INFO  storage.RaftStorageDirectory (RaftStorageDirectory.java:analyzeStorage(246)) - The storage directory /workdir/hadoop-ozone/integration-test/target/test-dir/MiniOzoneClusterImpl-c03e40f7-b090-4a92-a38a-d9f2087836a0/datanode-0/data/ratis/f7c47c98-4908-4593-8863-bad7cc73fddd does not exist. Creating ...
2019-09-19 09:32:07,076 [pool-27-thread-1] INFO  storage.RaftStorageDirectory (RaftStorageDirectory.java:tryLock(328)) - Lock on /workdir/hadoop-ozone/integration-test/target/test-dir/MiniOzoneClusterImpl-c03e40f7-b090-4a92-a38a-d9f2087836a0/datanode-0/data/ratis/f7c47c98-4908-4593-8863-bad7cc73fddd/in_use.lock acquired by nodename 9275@pr-hdds-1569-j4bt4-3030777008
2019-09-19 09:32:07,090 [pool-27-thread-1] INFO  storage.RaftStorage (RaftStorage.java:format(72)) - Storage directory /workdir/hadoop-ozone/integration-test/target/test-dir/MiniOzoneClusterImpl-c03e40f7-b090-4a92-a38a-d9f2087836a0/datanode-0/data/ratis/f7c47c98-4908-4593-8863-bad7cc73fddd has been successfully formatted.
2019-09-19 09:32:07,090 [pool-27-thread-1] INFO  ratis.ContainerStateMachine (ContainerStateMachine.java:loadSnapshot(226)) - group-BAD7CC73FDDD: The snapshot info is null. Setting the last applied indexto:(t:0, i:~)
2019-09-19 09:32:07,090 [pool-27-thread-1] INFO  server.RaftServerConfigKeys (ConfUtils.java:logGet(43)) - raft.server.leader.election.timeout = 120s (custom)
2019-09-19 09:32:07,090 [pool-27-thread-1] INFO  server.RaftServerConfigKeys (ConfUtils.java:logGet(43)) - raft.server.log.use.memory = false (default)
2019-09-19 09:32:07,091 [pool-27-thread-1] INFO  server.RaftServerConfigKeys (ConfUtils.java:logGet(43)) - raft.server.log.purge.gap = 1000000 (custom)
2019-09-19 09:32:07,091 [pool-27-thread-1] INFO  server.RaftServerConfigKeys (ConfUtils.java:logGet(43)) - raft.server.log.appender.buffer.byte-limit = 33554432 (custom)
2019-09-19 09:32:07,091 [pool-27-thread-1] INFO  server.RaftServerConfigKeys (ConfUtils.java:logGet(43)) - raft.server.log.segment.size.max = 1048576 (custom)
2019-09-19 09:32:07,091 [pool-27-thread-1] INFO  server.RaftServerConfigKeys (ConfUtils.java:logGet(43)) - raft.server.log.segment.cache.num.max = 2 (custom)
2019-09-19 09:32:07,091 [pool-27-thread-1] INFO  segmented.SegmentedRaftLogWorker (SegmentedRaftLogWorker.java:<init>(172)) - new bb059d21-eed2-433c-ad63-69c2d96e92b8-SegmentedRaftLogWorker:Storage Directory /workdir/hadoop-ozone/integration-test/target/test-dir/MiniOzoneClusterImpl-c03e40f7-b090-4a92-a38a-d9f2087836a0/datanode-0/data/ratis/f7c47c98-4908-4593-8863-bad7cc73fddd for RaftStorage:Storage Directory /workdir/hadoop-ozone/integration-test/target/test-dir/MiniOzoneClusterImpl-c03e40f7-b090-4a92-a38a-d9f2087836a0/datanode-0/data/ratis/f7c47c98-4908-4593-8863-bad7cc73fddd
2019-09-19 09:32:07,091 [pool-27-thread-1] INFO  server.RaftServerConfigKeys (ConfUtils.java:logGet(43)) - raft.server.log.queue.byte-limit = 2147483647 (custom)
2019-09-19 09:32:07,092 [pool-27-thread-1] INFO  server.RaftServerConfigKeys (ConfUtils.java:logGet(43)) - raft.server.log.queue.element-limit = 1024 (custom)
2019-09-19 09:32:07,092 [pool-27-thread-1] INFO  server.RaftServerConfigKeys (ConfUtils.java:logGet(43)) - raft.server.log.segment.size.max = 1048576 (custom)
2019-09-19 09:32:07,092 [pool-27-thread-1] INFO  server.RaftServerConfigKeys (ConfUtils.java:logGet(43)) - raft.server.log.preallocated.size = 16384 (custom)
2019-09-19 09:32:07,092 [pool-27-thread-1] INFO  server.RaftServerConfigKeys (ConfUtils.java:logGet(43)) - raft.server.log.write.buffer.size = 33554432 (custom)
2019-09-19 09:32:07,092 [pool-27-thread-1] INFO  server.RaftServerConfigKeys (ConfUtils.java:logGet(43)) - raft.server.log.force.sync.num = 128 (default)
2019-09-19 09:32:07,092 [pool-27-thread-1] INFO  server.RaftServerConfigKeys (ConfUtils.java:logGet(43)) - raft.server.log.statemachine.data.sync = true (default)
2019-09-19 09:32:07,093 [pool-27-thread-1] INFO  server.RaftServerConfigKeys (ConfUtils.java:logGet(43)) - raft.server.log.statemachine.data.sync.timeout = 10s (default)
2019-09-19 09:32:07,093 [pool-27-thread-1] INFO  server.RaftServerConfigKeys (ConfUtils.java:logGet(43)) - raft.server.log.statemachine.data.sync.timeout.retry = -1 (default)
2019-09-19 09:32:07,093 [pool-27-thread-1] INFO  server.RaftServerConfigKeys (ConfUtils.java:logGet(43)) - raft.server.log.statemachine.data.caching.enabled = true (custom)
2019-09-19 09:32:07,093 [pool-27-thread-1] INFO  segmented.SegmentedRaftLogWorker (SegmentedRaftLogWorker.java:lambda$new$0(132)) - bb059d21-eed2-433c-ad63-69c2d96e92b8-SegmentedRaftLogWorker:Storage Directory /workdir/hadoop-ozone/integration-test/target/test-dir/MiniOzoneClusterImpl-c03e40f7-b090-4a92-a38a-d9f2087836a0/datanode-0/data/ratis/f7c47c98-4908-4593-8863-bad7cc73fddd: flushIndex: setUnconditionally 0 -> -1
2019-09-19 09:32:07,094 [pool-27-thread-1] INFO  server.RaftServerConfigKeys (ConfUtils.java:logGet(43)) - raft.server.snapshot.auto.trigger.enabled = true (custom)
2019-09-19 09:32:07,094 [pool-27-thread-1] INFO  server.RaftServerConfigKeys (ConfUtils.java:logGet(43)) - raft.server.snapshot.auto.trigger.threshold = 10000 (custom)
2019-09-19 09:32:07,094 [pool-27-thread-1] INFO  server.RaftServerConfigKeys (ConfUtils.java:logGet(43)) - raft.server.retrycache.expirytime = 600000ms (custom)
2019-09-19 09:32:07,094 [pool-27-thread-1] INFO  impl.RaftServerImpl (RaftServerImpl.java:start(180)) - bb059d21-eed2-433c-ad63-69c2d96e92b8: start group-BAD7CC73FDDD
2019-09-19 09:32:07,095 [pool-27-thread-1] INFO  impl.RaftServerImpl (RaftServerImpl.java:setRole(171)) - bb059d21-eed2-433c-ad63-69c2d96e92b8:group-BAD7CC73FDDD changes role from null to FOLLOWER at term 0 for startAsFollower
2019-09-19 09:32:07,095 [pool-27-thread-1] INFO  impl.RoleInfo (RoleInfo.java:updateAndGet(143)) - bb059d21-eed2-433c-ad63-69c2d96e92b8: start FollowerState
2019-09-19 09:32:07,095 [pool-27-thread-1] INFO  util.JmxRegister (JmxRegister.java:tryRegister(44)) - Successfully registered JMX Bean with object name Ratis:service=RaftServer,group=group-BAD7CC73FDDD,id=bb059d21-eed2-433c-ad63-69c2d96e92b8
2019-09-19 09:32:07,106 [RatisPipelineUtilsThread] INFO  pipeline.PipelineStateManager (PipelineStateManager.java:addPipeline(56)) - Created pipeline Pipeline[ Id: f7c47c98-4908-4593-8863-bad7cc73fddd, Nodes: bb059d21-eed2-433c-ad63-69c2d96e92b8{ip: 192.168.34.5, host: pr-hdds-1569-j4bt4-3030777008, networkLocation: /default-rack, certSerialId: null}, Type:RATIS, Factor:ONE, State:OPEN]
2019-09-19 09:32:07,124 [grpc-default-executor-0] INFO  impl.RaftServerProxy (RaftServerProxy.java:addNew(89)) - bb059d21-eed2-433c-ad63-69c2d96e92b8: addNew group-067D350D862D:[bb059d21-eed2-433c-ad63-69c2d96e92b8:192.168.34.5:44341] returns group-067D350D862D:java.util.concurrent.CompletableFuture@777091df[Not completed]
2019-09-19 09:32:07,125 [pool-27-thread-1] INFO  impl.RaftServerImpl (RaftServerImpl.java:<init>(93)) - bb059d21-eed2-433c-ad63-69c2d96e92b8: new RaftServerImpl for group-067D350D862D:[bb059d21-eed2-433c-ad63-69c2d96e92b8:192.168.34.5:44341] with ContainerStateMachine:uninitialized
2019-09-19 09:32:07,126 [pool-27-thread-1] INFO  server.RaftServerConfigKeys (ConfUtils.java:logGet(43)) - raft.server.rpc.timeout.min = 5s (custom)
2019-09-19 09:32:07,126 [pool-27-thread-1] INFO  server.RaftServerConfigKeys (ConfUtils.java:logGet(43)) - raft.server.rpc.timeout.max = 5200ms (custom)
2019-09-19 09:32:07,126 [pool-27-thread-1] INFO  server.RaftServerConfigKeys (ConfUtils.java:logGet(43)) - raft.server.rpcslowness.timeout = 120s (custom)
2019-09-19 09:32:07,126 [pool-27-thread-1] INFO  server.RaftServerConfigKeys (ConfUtils.java:logGet(43)) - raft.server.sleep.deviation.threshold = 300 (default)
2019-09-19 09:32:07,127 [pool-27-thread-1] INFO  server.RaftServerConfigKeys (ConfUtils.java:logGet(43)) - raft.server.log.appender.install.snapshot.enabled = false (custom)
2019-09-19 09:32:07,127 [pool-27-thread-1] INFO  impl.RaftServerImpl (ServerState.java:<init>(105)) - bb059d21-eed2-433c-ad63-69c2d96e92b8:group-067D350D862D ConfigurationManager, init=-1: [bb059d21-eed2-433c-ad63-69c2d96e92b8:192.168.34.5:44341], old=null, confs=<EMPTY_MAP>
2019-09-19 09:32:07,127 [pool-27-thread-1] INFO  server.RaftServerConfigKeys (ConfUtils.java:logGet(43)) - raft.server.storage.dir = [/workdir/hadoop-ozone/integration-test/target/test-dir/MiniOzoneClusterImpl-c03e40f7-b090-4a92-a38a-d9f2087836a0/datanode-0/data/ratis] (custom)
2019-09-19 09:32:07,127 [pool-27-thread-1] INFO  storage.RaftStorageDirectory (RaftStorageDirectory.java:analyzeStorage(246)) - The storage directory /workdir/hadoop-ozone/integration-test/target/test-dir/MiniOzoneClusterImpl-c03e40f7-b090-4a92-a38a-d9f2087836a0/datanode-0/data/ratis/29ae7042-12ab-425d-a046-067d350d862d does not exist. Creating ...
2019-09-19 09:32:07,141 [pool-27-thread-1] INFO  storage.RaftStorageDirectory (RaftStorageDirectory.java:tryLock(328)) - Lock on /workdir/hadoop-ozone/integration-test/target/test-dir/MiniOzoneClusterImpl-c03e40f7-b090-4a92-a38a-d9f2087836a0/datanode-0/data/ratis/29ae7042-12ab-425d-a046-067d350d862d/in_use.lock acquired by nodename 9275@pr-hdds-1569-j4bt4-3030777008
2019-09-19 09:32:07,154 [pool-27-thread-1] INFO  storage.RaftStorage (RaftStorage.java:format(72)) - Storage directory /workdir/hadoop-ozone/integration-test/target/test-dir/MiniOzoneClusterImpl-c03e40f7-b090-4a92-a38a-d9f2087836a0/datanode-0/data/ratis/29ae7042-12ab-425d-a046-067d350d862d has been successfully formatted.
2019-09-19 09:32:07,154 [pool-27-thread-1] INFO  ratis.ContainerStateMachine (ContainerStateMachine.java:loadSnapshot(226)) - group-067D350D862D: The snapshot info is null. Setting the last applied indexto:(t:0, i:~)
2019-09-19 09:32:07,155 [pool-27-thread-1] INFO  server.RaftServerConfigKeys (ConfUtils.java:logGet(43)) - raft.server.leader.election.timeout = 120s (custom)
2019-09-19 09:32:07,155 [pool-27-thread-1] INFO  server.RaftServerConfigKeys (ConfUtils.java:logGet(43)) - raft.server.log.use.memory = false (default)
2019-09-19 09:32:07,155 [pool-27-thread-1] INFO  server.RaftServerConfigKeys (ConfUtils.java:logGet(43)) - raft.server.log.purge.gap = 1000000 (custom)
2019-09-19 09:32:07,155 [pool-27-thread-1] INFO  server.RaftServerConfigKeys (ConfUtils.java:logGet(43)) - raft.server.log.appender.buffer.byte-limit = 33554432 (custom)
2019-09-19 09:32:07,155 [pool-27-thread-1] INFO  server.RaftServerConfigKeys (ConfUtils.java:logGet(43)) - raft.server.log.segment.size.max = 1048576 (custom)
2019-09-19 09:32:07,155 [pool-27-thread-1] INFO  server.RaftServerConfigKeys (ConfUtils.java:logGet(43)) - raft.server.log.segment.cache.num.max = 2 (custom)
2019-09-19 09:32:07,156 [pool-27-thread-1] INFO  segmented.SegmentedRaftLogWorker (SegmentedRaftLogWorker.java:<init>(172)) - new bb059d21-eed2-433c-ad63-69c2d96e92b8-SegmentedRaftLogWorker:Storage Directory /workdir/hadoop-ozone/integration-test/target/test-dir/MiniOzoneClusterImpl-c03e40f7-b090-4a92-a38a-d9f2087836a0/datanode-0/data/ratis/29ae7042-12ab-425d-a046-067d350d862d for RaftStorage:Storage Directory /workdir/hadoop-ozone/integration-test/target/test-dir/MiniOzoneClusterImpl-c03e40f7-b090-4a92-a38a-d9f2087836a0/datanode-0/data/ratis/29ae7042-12ab-425d-a046-067d350d862d
2019-09-19 09:32:07,156 [pool-27-thread-1] INFO  server.RaftServerConfigKeys (ConfUtils.java:logGet(43)) - raft.server.log.queue.byte-limit = 2147483647 (custom)
2019-09-19 09:32:07,156 [pool-27-thread-1] INFO  server.RaftServerConfigKeys (ConfUtils.java:logGet(43)) - raft.server.log.queue.element-limit = 1024 (custom)
2019-09-19 09:32:07,156 [pool-27-thread-1] INFO  server.RaftServerConfigKeys (ConfUtils.java:logGet(43)) - raft.server.log.segment.size.max = 1048576 (custom)
2019-09-19 09:32:07,156 [pool-27-thread-1] INFO  server.RaftServerConfigKeys (ConfUtils.java:logGet(43)) - raft.server.log.preallocated.size = 16384 (custom)
2019-09-19 09:32:07,156 [pool-27-thread-1] INFO  server.RaftServerConfigKeys (ConfUtils.java:logGet(43)) - raft.server.log.write.buffer.size = 33554432 (custom)
2019-09-19 09:32:07,157 [pool-27-thread-1] INFO  server.RaftServerConfigKeys (ConfUtils.java:logGet(43)) - raft.server.log.force.sync.num = 128 (default)
2019-09-19 09:32:07,157 [pool-27-thread-1] INFO  server.RaftServerConfigKeys (ConfUtils.java:logGet(43)) - raft.server.log.statemachine.data.sync = true (default)
2019-09-19 09:32:07,157 [pool-27-thread-1] INFO  server.RaftServerConfigKeys (ConfUtils.java:logGet(43)) - raft.server.log.statemachine.data.sync.timeout = 10s (default)
2019-09-19 09:32:07,157 [pool-27-thread-1] INFO  server.RaftServerConfigKeys (ConfUtils.java:logGet(43)) - raft.server.log.statemachine.data.sync.timeout.retry = -1 (default)
2019-09-19 09:32:07,157 [pool-27-thread-1] INFO  server.RaftServerConfigKeys (ConfUtils.java:logGet(43)) - raft.server.log.statemachine.data.caching.enabled = true (custom)
2019-09-19 09:32:07,158 [pool-27-thread-1] INFO  segmented.SegmentedRaftLogWorker (SegmentedRaftLogWorker.java:lambda$new$0(132)) - bb059d21-eed2-433c-ad63-69c2d96e92b8-SegmentedRaftLogWorker:Storage Directory /workdir/hadoop-ozone/integration-test/target/test-dir/MiniOzoneClusterImpl-c03e40f7-b090-4a92-a38a-d9f2087836a0/datanode-0/data/ratis/29ae7042-12ab-425d-a046-067d350d862d: flushIndex: setUnconditionally 0 -> -1
2019-09-19 09:32:07,158 [pool-27-thread-1] INFO  server.RaftServerConfigKeys (ConfUtils.java:logGet(43)) - raft.server.snapshot.auto.trigger.enabled = true (custom)
2019-09-19 09:32:07,158 [pool-27-thread-1] INFO  server.RaftServerConfigKeys (ConfUtils.java:logGet(43)) - raft.server.snapshot.auto.trigger.threshold = 10000 (custom)
2019-09-19 09:32:07,158 [pool-27-thread-1] INFO  server.RaftServerConfigKeys (ConfUtils.java:logGet(43)) - raft.server.retrycache.expirytime = 600000ms (custom)
2019-09-19 09:32:07,159 [pool-27-thread-1] INFO  impl.RaftServerImpl (RaftServerImpl.java:start(180)) - bb059d21-eed2-433c-ad63-69c2d96e92b8: start group-067D350D862D
2019-09-19 09:32:07,159 [pool-27-thread-1] INFO  impl.RaftServerImpl (RaftServerImpl.java:setRole(171)) - bb059d21-eed2-433c-ad63-69c2d96e92b8:group-067D350D862D changes role from null to FOLLOWER at term 0 for startAsFollower
2019-09-19 09:32:07,159 [pool-27-thread-1] INFO  impl.RoleInfo (RoleInfo.java:updateAndGet(143)) - bb059d21-eed2-433c-ad63-69c2d96e92b8: start FollowerState
2019-09-19 09:32:07,159 [pool-27-thread-1] INFO  util.JmxRegister (JmxRegister.java:tryRegister(44)) - Successfully registered JMX Bean with object name Ratis:service=RaftServer,group=group-067D350D862D,id=bb059d21-eed2-433c-ad63-69c2d96e92b8
2019-09-19 09:32:07,168 [RatisPipelineUtilsThread] INFO  pipeline.PipelineStateManager (PipelineStateManager.java:addPipeline(56)) - Created pipeline Pipeline[ Id: 29ae7042-12ab-425d-a046-067d350d862d, Nodes: bb059d21-eed2-433c-ad63-69c2d96e92b8{ip: 192.168.34.5, host: pr-hdds-1569-j4bt4-3030777008, networkLocation: /default-rack, certSerialId: null}, Type:RATIS, Factor:ONE, State:OPEN]
2019-09-19 09:32:07,180 [grpc-default-executor-0] INFO  impl.RaftServerProxy (RaftServerProxy.java:addNew(89)) - 1671272a-c11f-4f03-85c2-ea0c5f99ec93: addNew group-BD81C64303F0:[1671272a-c11f-4f03-85c2-ea0c5f99ec93:192.168.34.5:44703] returns group-BD81C64303F0:java.util.concurrent.CompletableFuture@1b539044[Not completed]
2019-09-19 09:32:07,181 [pool-49-thread-1] INFO  impl.RaftServerImpl (RaftServerImpl.java:<init>(93)) - 1671272a-c11f-4f03-85c2-ea0c5f99ec93: new RaftServerImpl for group-BD81C64303F0:[1671272a-c11f-4f03-85c2-ea0c5f99ec93:192.168.34.5:44703] with ContainerStateMachine:uninitialized
2019-09-19 09:32:07,182 [pool-49-thread-1] INFO  server.RaftServerConfigKeys (ConfUtils.java:logGet(43)) - raft.server.rpc.timeout.min = 5s (custom)
2019-09-19 09:32:07,182 [pool-49-thread-1] INFO  server.RaftServerConfigKeys (ConfUtils.java:logGet(43)) - raft.server.rpc.timeout.max = 5200ms (custom)
2019-09-19 09:32:07,182 [pool-49-thread-1] INFO  server.RaftServerConfigKeys (ConfUtils.java:logGet(43)) - raft.server.rpcslowness.timeout = 120s (custom)
2019-09-19 09:32:07,182 [pool-49-thread-1] INFO  server.RaftServerConfigKeys (ConfUtils.java:logGet(43)) - raft.server.sleep.deviation.threshold = 300 (default)
2019-09-19 09:32:07,182 [pool-49-thread-1] INFO  server.RaftServerConfigKeys (ConfUtils.java:logGet(43)) - raft.server.log.appender.install.snapshot.enabled = false (custom)
2019-09-19 09:32:07,183 [pool-49-thread-1] INFO  impl.RaftServerImpl (ServerState.java:<init>(105)) - 1671272a-c11f-4f03-85c2-ea0c5f99ec93:group-BD81C64303F0 ConfigurationManager, init=-1: [1671272a-c11f-4f03-85c2-ea0c5f99ec93:192.168.34.5:44703], old=null, confs=<EMPTY_MAP>
2019-09-19 09:32:07,183 [pool-49-thread-1] INFO  server.RaftServerConfigKeys (ConfUtils.java:logGet(43)) - raft.server.storage.dir = [/workdir/hadoop-ozone/integration-test/target/test-dir/MiniOzoneClusterImpl-c03e40f7-b090-4a92-a38a-d9f2087836a0/datanode-2/data/ratis] (custom)
2019-09-19 09:32:07,183 [pool-49-thread-1] INFO  storage.RaftStorageDirectory (RaftStorageDirectory.java:analyzeStorage(246)) - The storage directory /workdir/hadoop-ozone/integration-test/target/test-dir/MiniOzoneClusterImpl-c03e40f7-b090-4a92-a38a-d9f2087836a0/datanode-2/data/ratis/99fb837a-e46e-49fd-b8bc-bd81c64303f0 does not exist. Creating ...
2019-09-19 09:32:07,196 [pool-49-thread-1] INFO  storage.RaftStorageDirectory (RaftStorageDirectory.java:tryLock(328)) - Lock on /workdir/hadoop-ozone/integration-test/target/test-dir/MiniOzoneClusterImpl-c03e40f7-b090-4a92-a38a-d9f2087836a0/datanode-2/data/ratis/99fb837a-e46e-49fd-b8bc-bd81c64303f0/in_use.lock acquired by nodename 9275@pr-hdds-1569-j4bt4-3030777008
2019-09-19 09:32:07,209 [pool-49-thread-1] INFO  storage.RaftStorage (RaftStorage.java:format(72)) - Storage directory /workdir/hadoop-ozone/integration-test/target/test-dir/MiniOzoneClusterImpl-c03e40f7-b090-4a92-a38a-d9f2087836a0/datanode-2/data/ratis/99fb837a-e46e-49fd-b8bc-bd81c64303f0 has been successfully formatted.
2019-09-19 09:32:07,210 [pool-49-thread-1] INFO  ratis.ContainerStateMachine (ContainerStateMachine.java:loadSnapshot(226)) - group-BD81C64303F0: The snapshot info is null. Setting the last applied indexto:(t:0, i:~)
2019-09-19 09:32:07,210 [pool-49-thread-1] INFO  server.RaftServerConfigKeys (ConfUtils.java:logGet(43)) - raft.server.leader.election.timeout = 120s (custom)
2019-09-19 09:32:07,210 [pool-49-thread-1] INFO  server.RaftServerConfigKeys (ConfUtils.java:logGet(43)) - raft.server.log.use.memory = false (default)
2019-09-19 09:32:07,210 [pool-49-thread-1] INFO  server.RaftServerConfigKeys (ConfUtils.java:logGet(43)) - raft.server.log.purge.gap = 1000000 (custom)
2019-09-19 09:32:07,210 [pool-49-thread-1] INFO  server.RaftServerConfigKeys (ConfUtils.java:logGet(43)) - raft.server.log.appender.buffer.byte-limit = 33554432 (custom)
2019-09-19 09:32:07,211 [pool-49-thread-1] INFO  server.RaftServerConfigKeys (ConfUtils.java:logGet(43)) - raft.server.log.segment.size.max = 1048576 (custom)
2019-09-19 09:32:07,211 [pool-49-thread-1] INFO  server.RaftServerConfigKeys (ConfUtils.java:logGet(43)) - raft.server.log.segment.cache.num.max = 2 (custom)
2019-09-19 09:32:07,211 [pool-49-thread-1] INFO  segmented.SegmentedRaftLogWorker (SegmentedRaftLogWorker.java:<init>(172)) - new 1671272a-c11f-4f03-85c2-ea0c5f99ec93-SegmentedRaftLogWorker:Storage Directory /workdir/hadoop-ozone/integration-test/target/test-dir/MiniOzoneClusterImpl-c03e40f7-b090-4a92-a38a-d9f2087836a0/datanode-2/data/ratis/99fb837a-e46e-49fd-b8bc-bd81c64303f0 for RaftStorage:Storage Directory /workdir/hadoop-ozone/integration-test/target/test-dir/MiniOzoneClusterImpl-c03e40f7-b090-4a92-a38a-d9f2087836a0/datanode-2/data/ratis/99fb837a-e46e-49fd-b8bc-bd81c64303f0
2019-09-19 09:32:07,211 [pool-49-thread-1] INFO  server.RaftServerConfigKeys (ConfUtils.java:logGet(43)) - raft.server.log.queue.byte-limit = 2147483647 (custom)
2019-09-19 09:32:07,211 [pool-49-thread-1] INFO  server.RaftServerConfigKeys (ConfUtils.java:logGet(43)) - raft.server.log.queue.element-limit = 1024 (custom)
2019-09-19 09:32:07,212 [pool-49-thread-1] INFO  server.RaftServerConfigKeys (ConfUtils.java:logGet(43)) - raft.server.log.segment.size.max = 1048576 (custom)
2019-09-19 09:32:07,212 [pool-49-thread-1] INFO  server.RaftServerConfigKeys (ConfUtils.java:logGet(43)) - raft.server.log.preallocated.size = 16384 (custom)
2019-09-19 09:32:07,212 [pool-49-thread-1] INFO  server.RaftServerConfigKeys (ConfUtils.java:logGet(43)) - raft.server.log.write.buffer.size = 33554432 (custom)
2019-09-19 09:32:07,212 [pool-49-thread-1] INFO  server.RaftServerConfigKeys (ConfUtils.java:logGet(43)) - raft.server.log.force.sync.num = 128 (default)
2019-09-19 09:32:07,212 [pool-49-thread-1] INFO  server.RaftServerConfigKeys (ConfUtils.java:logGet(43)) - raft.server.log.statemachine.data.sync = true (default)
2019-09-19 09:32:07,212 [pool-49-thread-1] INFO  server.RaftServerConfigKeys (ConfUtils.java:logGet(43)) - raft.server.log.statemachine.data.sync.timeout = 10s (default)
2019-09-19 09:32:07,213 [pool-49-thread-1] INFO  server.RaftServerConfigKeys (ConfUtils.java:logGet(43)) - raft.server.log.statemachine.data.sync.timeout.retry = -1 (default)
2019-09-19 09:32:07,213 [pool-49-thread-1] INFO  server.RaftServerConfigKeys (ConfUtils.java:logGet(43)) - raft.server.log.statemachine.data.caching.enabled = true (custom)
2019-09-19 09:32:07,213 [pool-49-thread-1] INFO  segmented.SegmentedRaftLogWorker (SegmentedRaftLogWorker.java:lambda$new$0(132)) - 1671272a-c11f-4f03-85c2-ea0c5f99ec93-SegmentedRaftLogWorker:Storage Directory /workdir/hadoop-ozone/integration-test/target/test-dir/MiniOzoneClusterImpl-c03e40f7-b090-4a92-a38a-d9f2087836a0/datanode-2/data/ratis/99fb837a-e46e-49fd-b8bc-bd81c64303f0: flushIndex: setUnconditionally 0 -> -1
2019-09-19 09:32:07,214 [pool-49-thread-1] INFO  server.RaftServerConfigKeys (ConfUtils.java:logGet(43)) - raft.server.snapshot.auto.trigger.enabled = true (custom)
2019-09-19 09:32:07,214 [pool-49-thread-1] INFO  server.RaftServerConfigKeys (ConfUtils.java:logGet(43)) - raft.server.snapshot.auto.trigger.threshold = 10000 (custom)
2019-09-19 09:32:07,214 [pool-49-thread-1] INFO  server.RaftServerConfigKeys (ConfUtils.java:logGet(43)) - raft.server.retrycache.expirytime = 600000ms (custom)
2019-09-19 09:32:07,214 [pool-49-thread-1] INFO  impl.RaftServerImpl (RaftServerImpl.java:start(180)) - 1671272a-c11f-4f03-85c2-ea0c5f99ec93: start group-BD81C64303F0
2019-09-19 09:32:07,215 [pool-49-thread-1] INFO  impl.RaftServerImpl (RaftServerImpl.java:setRole(171)) - 1671272a-c11f-4f03-85c2-ea0c5f99ec93:group-BD81C64303F0 changes role from null to FOLLOWER at term 0 for startAsFollower
2019-09-19 09:32:07,215 [pool-49-thread-1] INFO  impl.RoleInfo (RoleInfo.java:updateAndGet(143)) - 1671272a-c11f-4f03-85c2-ea0c5f99ec93: start FollowerState
2019-09-19 09:32:07,215 [pool-49-thread-1] INFO  util.JmxRegister (JmxRegister.java:tryRegister(44)) - Successfully registered JMX Bean with object name Ratis:service=RaftServer,group=group-BD81C64303F0,id=1671272a-c11f-4f03-85c2-ea0c5f99ec93
2019-09-19 09:32:07,225 [RatisPipelineUtilsThread] INFO  pipeline.PipelineStateManager (PipelineStateManager.java:addPipeline(56)) - Created pipeline Pipeline[ Id: 99fb837a-e46e-49fd-b8bc-bd81c64303f0, Nodes: 1671272a-c11f-4f03-85c2-ea0c5f99ec93{ip: 192.168.34.5, host: pr-hdds-1569-j4bt4-3030777008, networkLocation: /default-rack, certSerialId: null}, Type:RATIS, Factor:ONE, State:OPEN]
2019-09-19 09:32:07,241 [grpc-default-executor-1] INFO  impl.RaftServerProxy (RaftServerProxy.java:addNew(89)) - bb059d21-eed2-433c-ad63-69c2d96e92b8: addNew group-6E619C51B90B:[bb059d21-eed2-433c-ad63-69c2d96e92b8:192.168.34.5:44341] returns group-6E619C51B90B:java.util.concurrent.CompletableFuture@680460fe[Not completed]
2019-09-19 09:32:07,243 [pool-27-thread-1] INFO  impl.RaftServerImpl (RaftServerImpl.java:<init>(93)) - bb059d21-eed2-433c-ad63-69c2d96e92b8: new RaftServerImpl for group-6E619C51B90B:[bb059d21-eed2-433c-ad63-69c2d96e92b8:192.168.34.5:44341] with ContainerStateMachine:uninitialized
2019-09-19 09:32:07,243 [pool-27-thread-1] INFO  server.RaftServerConfigKeys (ConfUtils.java:logGet(43)) - raft.server.rpc.timeout.min = 5s (custom)
2019-09-19 09:32:07,244 [pool-27-thread-1] INFO  server.RaftServerConfigKeys (ConfUtils.java:logGet(43)) - raft.server.rpc.timeout.max = 5200ms (custom)
2019-09-19 09:32:07,244 [pool-27-thread-1] INFO  server.RaftServerConfigKeys (ConfUtils.java:logGet(43)) - raft.server.rpcslowness.timeout = 120s (custom)
2019-09-19 09:32:07,244 [pool-27-thread-1] INFO  server.RaftServerConfigKeys (ConfUtils.java:logGet(43)) - raft.server.sleep.deviation.threshold = 300 (default)
2019-09-19 09:32:07,244 [pool-27-thread-1] INFO  server.RaftServerConfigKeys (ConfUtils.java:logGet(43)) - raft.server.log.appender.install.snapshot.enabled = false (custom)
2019-09-19 09:32:07,244 [pool-27-thread-1] INFO  impl.RaftServerImpl (ServerState.java:<init>(105)) - bb059d21-eed2-433c-ad63-69c2d96e92b8:group-6E619C51B90B ConfigurationManager, init=-1: [bb059d21-eed2-433c-ad63-69c2d96e92b8:192.168.34.5:44341], old=null, confs=<EMPTY_MAP>
2019-09-19 09:32:07,244 [pool-27-thread-1] INFO  server.RaftServerConfigKeys (ConfUtils.java:logGet(43)) - raft.server.storage.dir = [/workdir/hadoop-ozone/integration-test/target/test-dir/MiniOzoneClusterImpl-c03e40f7-b090-4a92-a38a-d9f2087836a0/datanode-0/data/ratis] (custom)
2019-09-19 09:32:07,245 [pool-27-thread-1] INFO  storage.RaftStorageDirectory (RaftStorageDirectory.java:analyzeStorage(246)) - The storage directory /workdir/hadoop-ozone/integration-test/target/test-dir/MiniOzoneClusterImpl-c03e40f7-b090-4a92-a38a-d9f2087836a0/datanode-0/data/ratis/adbe66cd-6e05-41a9-848e-6e619c51b90b does not exist. Creating ...
2019-09-19 09:32:07,255 | INFO  | SCMAudit | user=jenkins1000 | ip=192.168.34.5 | op=SEND_HEARTBEAT {datanodeUUID=bb059d21-eed2-433c-ad63-69c2d96e92b8, command=[]} | ret=SUCCESS |  
2019-09-19 09:32:07,258 [pool-27-thread-1] INFO  storage.RaftStorageDirectory (RaftStorageDirectory.java:tryLock(328)) - Lock on /workdir/hadoop-ozone/integration-test/target/test-dir/MiniOzoneClusterImpl-c03e40f7-b090-4a92-a38a-d9f2087836a0/datanode-0/data/ratis/adbe66cd-6e05-41a9-848e-6e619c51b90b/in_use.lock acquired by nodename 9275@pr-hdds-1569-j4bt4-3030777008
2019-09-19 09:32:07,265 [main] INFO  ozone.MiniOzoneClusterImpl (MiniOzoneClusterImpl.java:lambda$waitForClusterToBeReady$0(142)) - Cluster is ready. Got 5 of 5 DN Heartbeats.
2019-09-19 09:32:07,280 [pool-27-thread-1] INFO  storage.RaftStorage (RaftStorage.java:format(72)) - Storage directory /workdir/hadoop-ozone/integration-test/target/test-dir/MiniOzoneClusterImpl-c03e40f7-b090-4a92-a38a-d9f2087836a0/datanode-0/data/ratis/adbe66cd-6e05-41a9-848e-6e619c51b90b has been successfully formatted.
2019-09-19 09:32:07,280 [pool-27-thread-1] INFO  ratis.ContainerStateMachine (ContainerStateMachine.java:loadSnapshot(226)) - group-6E619C51B90B: The snapshot info is null. Setting the last applied indexto:(t:0, i:~)
2019-09-19 09:32:07,280 [pool-27-thread-1] INFO  server.RaftServerConfigKeys (ConfUtils.java:logGet(43)) - raft.server.leader.election.timeout = 120s (custom)
2019-09-19 09:32:07,280 [pool-27-thread-1] INFO  server.RaftServerConfigKeys (ConfUtils.java:logGet(43)) - raft.server.log.use.memory = false (default)
2019-09-19 09:32:07,281 [pool-27-thread-1] INFO  server.RaftServerConfigKeys (ConfUtils.java:logGet(43)) - raft.server.log.purge.gap = 1000000 (custom)
2019-09-19 09:32:07,281 [pool-27-thread-1] INFO  server.RaftServerConfigKeys (ConfUtils.java:logGet(43)) - raft.server.log.appender.buffer.byte-limit = 33554432 (custom)
2019-09-19 09:32:07,281 [pool-27-thread-1] INFO  server.RaftServerConfigKeys (ConfUtils.java:logGet(43)) - raft.server.log.segment.size.max = 1048576 (custom)
2019-09-19 09:32:07,281 [pool-27-thread-1] INFO  server.RaftServerConfigKeys (ConfUtils.java:logGet(43)) - raft.server.log.segment.cache.num.max = 2 (custom)
2019-09-19 09:32:07,281 [pool-27-thread-1] INFO  segmented.SegmentedRaftLogWorker (SegmentedRaftLogWorker.java:<init>(172)) - new bb059d21-eed2-433c-ad63-69c2d96e92b8-SegmentedRaftLogWorker:Storage Directory /workdir/hadoop-ozone/integration-test/target/test-dir/MiniOzoneClusterImpl-c03e40f7-b090-4a92-a38a-d9f2087836a0/datanode-0/data/ratis/adbe66cd-6e05-41a9-848e-6e619c51b90b for RaftStorage:Storage Directory /workdir/hadoop-ozone/integration-test/target/test-dir/MiniOzoneClusterImpl-c03e40f7-b090-4a92-a38a-d9f2087836a0/datanode-0/data/ratis/adbe66cd-6e05-41a9-848e-6e619c51b90b
2019-09-19 09:32:07,281 [pool-27-thread-1] INFO  server.RaftServerConfigKeys (ConfUtils.java:logGet(43)) - raft.server.log.queue.byte-limit = 2147483647 (custom)
2019-09-19 09:32:07,282 [pool-27-thread-1] INFO  server.RaftServerConfigKeys (ConfUtils.java:logGet(43)) - raft.server.log.queue.element-limit = 1024 (custom)
2019-09-19 09:32:07,282 [pool-27-thread-1] INFO  server.RaftServerConfigKeys (ConfUtils.java:logGet(43)) - raft.server.log.segment.size.max = 1048576 (custom)
2019-09-19 09:32:07,282 [pool-27-thread-1] INFO  server.RaftServerConfigKeys (ConfUtils.java:logGet(43)) - raft.server.log.preallocated.size = 16384 (custom)
2019-09-19 09:32:07,282 [pool-27-thread-1] INFO  server.RaftServerConfigKeys (ConfUtils.java:logGet(43)) - raft.server.log.write.buffer.size = 33554432 (custom)
2019-09-19 09:32:07,282 [pool-27-thread-1] INFO  server.RaftServerConfigKeys (ConfUtils.java:logGet(43)) - raft.server.log.force.sync.num = 128 (default)
2019-09-19 09:32:07,282 [pool-27-thread-1] INFO  server.RaftServerConfigKeys (ConfUtils.java:logGet(43)) - raft.server.log.statemachine.data.sync = true (default)
2019-09-19 09:32:07,282 [pool-27-thread-1] INFO  server.RaftServerConfigKeys (ConfUtils.java:logGet(43)) - raft.server.log.statemachine.data.sync.timeout = 10s (default)
2019-09-19 09:32:07,283 [pool-27-thread-1] INFO  server.RaftServerConfigKeys (ConfUtils.java:logGet(43)) - raft.server.log.statemachine.data.sync.timeout.retry = -1 (default)
2019-09-19 09:32:07,283 [pool-27-thread-1] INFO  server.RaftServerConfigKeys (ConfUtils.java:logGet(43)) - raft.server.log.statemachine.data.caching.enabled = true (custom)
2019-09-19 09:32:07,283 [pool-27-thread-1] INFO  segmented.SegmentedRaftLogWorker (SegmentedRaftLogWorker.java:lambda$new$0(132)) - bb059d21-eed2-433c-ad63-69c2d96e92b8-SegmentedRaftLogWorker:Storage Directory /workdir/hadoop-ozone/integration-test/target/test-dir/MiniOzoneClusterImpl-c03e40f7-b090-4a92-a38a-d9f2087836a0/datanode-0/data/ratis/adbe66cd-6e05-41a9-848e-6e619c51b90b: flushIndex: setUnconditionally 0 -> -1
2019-09-19 09:32:07,283 [pool-27-thread-1] INFO  server.RaftServerConfigKeys (ConfUtils.java:logGet(43)) - raft.server.snapshot.auto.trigger.enabled = true (custom)
2019-09-19 09:32:07,284 [pool-27-thread-1] INFO  server.RaftServerConfigKeys (ConfUtils.java:logGet(43)) - raft.server.snapshot.auto.trigger.threshold = 10000 (custom)
2019-09-19 09:32:07,284 [pool-27-thread-1] INFO  server.RaftServerConfigKeys (ConfUtils.java:logGet(43)) - raft.server.retrycache.expirytime = 600000ms (custom)
2019-09-19 09:32:07,284 [pool-27-thread-1] INFO  impl.RaftServerImpl (RaftServerImpl.java:start(180)) - bb059d21-eed2-433c-ad63-69c2d96e92b8: start group-6E619C51B90B
2019-09-19 09:32:07,284 [pool-27-thread-1] INFO  impl.RaftServerImpl (RaftServerImpl.java:setRole(171)) - bb059d21-eed2-433c-ad63-69c2d96e92b8:group-6E619C51B90B changes role from null to FOLLOWER at term 0 for startAsFollower
2019-09-19 09:32:07,284 [pool-27-thread-1] INFO  impl.RoleInfo (RoleInfo.java:updateAndGet(143)) - bb059d21-eed2-433c-ad63-69c2d96e92b8: start FollowerState
2019-09-19 09:32:07,285 [pool-27-thread-1] INFO  util.JmxRegister (JmxRegister.java:tryRegister(44)) - Successfully registered JMX Bean with object name Ratis:service=RaftServer,group=group-6E619C51B90B,id=bb059d21-eed2-433c-ad63-69c2d96e92b8
2019-09-19 09:32:07,295 [RatisPipelineUtilsThread] INFO  pipeline.PipelineStateManager (PipelineStateManager.java:addPipeline(56)) - Created pipeline Pipeline[ Id: adbe66cd-6e05-41a9-848e-6e619c51b90b, Nodes: bb059d21-eed2-433c-ad63-69c2d96e92b8{ip: 192.168.34.5, host: pr-hdds-1569-j4bt4-3030777008, networkLocation: /default-rack, certSerialId: null}, Type:RATIS, Factor:ONE, State:OPEN]
2019-09-19 09:32:07,312 [grpc-default-executor-1] INFO  impl.RaftServerProxy (RaftServerProxy.java:addNew(89)) - 1671272a-c11f-4f03-85c2-ea0c5f99ec93: addNew group-52D7D4275351:[1671272a-c11f-4f03-85c2-ea0c5f99ec93:192.168.34.5:44703] returns group-52D7D4275351:java.util.concurrent.CompletableFuture@62fc0b8e[Not completed]
2019-09-19 09:32:07,313 [pool-49-thread-1] INFO  impl.RaftServerImpl (RaftServerImpl.java:<init>(93)) - 1671272a-c11f-4f03-85c2-ea0c5f99ec93: new RaftServerImpl for group-52D7D4275351:[1671272a-c11f-4f03-85c2-ea0c5f99ec93:192.168.34.5:44703] with ContainerStateMachine:uninitialized
2019-09-19 09:32:07,313 [pool-49-thread-1] INFO  server.RaftServerConfigKeys (ConfUtils.java:logGet(43)) - raft.server.rpc.timeout.min = 5s (custom)
2019-09-19 09:32:07,313 [pool-49-thread-1] INFO  server.RaftServerConfigKeys (ConfUtils.java:logGet(43)) - raft.server.rpc.timeout.max = 5200ms (custom)
2019-09-19 09:32:07,313 [pool-49-thread-1] INFO  server.RaftServerConfigKeys (ConfUtils.java:logGet(43)) - raft.server.rpcslowness.timeout = 120s (custom)
2019-09-19 09:32:07,313 [pool-49-thread-1] INFO  server.RaftServerConfigKeys (ConfUtils.java:logGet(43)) - raft.server.sleep.deviation.threshold = 300 (default)
2019-09-19 09:32:07,313 [pool-49-thread-1] INFO  server.RaftServerConfigKeys (ConfUtils.java:logGet(43)) - raft.server.log.appender.install.snapshot.enabled = false (custom)
2019-09-19 09:32:07,313 [pool-49-thread-1] INFO  impl.RaftServerImpl (ServerState.java:<init>(105)) - 1671272a-c11f-4f03-85c2-ea0c5f99ec93:group-52D7D4275351 ConfigurationManager, init=-1: [1671272a-c11f-4f03-85c2-ea0c5f99ec93:192.168.34.5:44703], old=null, confs=<EMPTY_MAP>
2019-09-19 09:32:07,314 [pool-49-thread-1] INFO  server.RaftServerConfigKeys (ConfUtils.java:logGet(43)) - raft.server.storage.dir = [/workdir/hadoop-ozone/integration-test/target/test-dir/MiniOzoneClusterImpl-c03e40f7-b090-4a92-a38a-d9f2087836a0/datanode-2/data/ratis] (custom)
2019-09-19 09:32:07,314 [pool-49-thread-1] INFO  storage.RaftStorageDirectory (RaftStorageDirectory.java:analyzeStorage(246)) - The storage directory /workdir/hadoop-ozone/integration-test/target/test-dir/MiniOzoneClusterImpl-c03e40f7-b090-4a92-a38a-d9f2087836a0/datanode-2/data/ratis/55cbd314-22b6-4d10-a2ee-52d7d4275351 does not exist. Creating ...
2019-09-19 09:32:07,326 [pool-49-thread-1] INFO  storage.RaftStorageDirectory (RaftStorageDirectory.java:tryLock(328)) - Lock on /workdir/hadoop-ozone/integration-test/target/test-dir/MiniOzoneClusterImpl-c03e40f7-b090-4a92-a38a-d9f2087836a0/datanode-2/data/ratis/55cbd314-22b6-4d10-a2ee-52d7d4275351/in_use.lock acquired by nodename 9275@pr-hdds-1569-j4bt4-3030777008
2019-09-19 09:32:07,339 [pool-49-thread-1] INFO  storage.RaftStorage (RaftStorage.java:format(72)) - Storage directory /workdir/hadoop-ozone/integration-test/target/test-dir/MiniOzoneClusterImpl-c03e40f7-b090-4a92-a38a-d9f2087836a0/datanode-2/data/ratis/55cbd314-22b6-4d10-a2ee-52d7d4275351 has been successfully formatted.
2019-09-19 09:32:07,339 [pool-49-thread-1] INFO  ratis.ContainerStateMachine (ContainerStateMachine.java:loadSnapshot(226)) - group-52D7D4275351: The snapshot info is null. Setting the last applied indexto:(t:0, i:~)
2019-09-19 09:32:07,339 [pool-49-thread-1] INFO  server.RaftServerConfigKeys (ConfUtils.java:logGet(43)) - raft.server.leader.election.timeout = 120s (custom)
2019-09-19 09:32:07,340 [pool-49-thread-1] INFO  server.RaftServerConfigKeys (ConfUtils.java:logGet(43)) - raft.server.log.use.memory = false (default)
2019-09-19 09:32:07,340 [pool-49-thread-1] INFO  server.RaftServerConfigKeys (ConfUtils.java:logGet(43)) - raft.server.log.purge.gap = 1000000 (custom)
2019-09-19 09:32:07,340 [pool-49-thread-1] INFO  server.RaftServerConfigKeys (ConfUtils.java:logGet(43)) - raft.server.log.appender.buffer.byte-limit = 33554432 (custom)
2019-09-19 09:32:07,340 [pool-49-thread-1] INFO  server.RaftServerConfigKeys (ConfUtils.java:logGet(43)) - raft.server.log.segment.size.max = 1048576 (custom)
2019-09-19 09:32:07,340 [pool-49-thread-1] INFO  server.RaftServerConfigKeys (ConfUtils.java:logGet(43)) - raft.server.log.segment.cache.num.max = 2 (custom)
2019-09-19 09:32:07,340 [pool-49-thread-1] INFO  segmented.SegmentedRaftLogWorker (SegmentedRaftLogWorker.java:<init>(172)) - new 1671272a-c11f-4f03-85c2-ea0c5f99ec93-SegmentedRaftLogWorker:Storage Directory /workdir/hadoop-ozone/integration-test/target/test-dir/MiniOzoneClusterImpl-c03e40f7-b090-4a92-a38a-d9f2087836a0/datanode-2/data/ratis/55cbd314-22b6-4d10-a2ee-52d7d4275351 for RaftStorage:Storage Directory /workdir/hadoop-ozone/integration-test/target/test-dir/MiniOzoneClusterImpl-c03e40f7-b090-4a92-a38a-d9f2087836a0/datanode-2/data/ratis/55cbd314-22b6-4d10-a2ee-52d7d4275351
2019-09-19 09:32:07,340 [pool-49-thread-1] INFO  server.RaftServerConfigKeys (ConfUtils.java:logGet(43)) - raft.server.log.queue.byte-limit = 2147483647 (custom)
2019-09-19 09:32:07,340 [pool-49-thread-1] INFO  server.RaftServerConfigKeys (ConfUtils.java:logGet(43)) - raft.server.log.queue.element-limit = 1024 (custom)
2019-09-19 09:32:07,340 [pool-49-thread-1] INFO  server.RaftServerConfigKeys (ConfUtils.java:logGet(43)) - raft.server.log.segment.size.max = 1048576 (custom)
2019-09-19 09:32:07,341 [pool-49-thread-1] INFO  server.RaftServerConfigKeys (ConfUtils.java:logGet(43)) - raft.server.log.preallocated.size = 16384 (custom)
2019-09-19 09:32:07,341 [pool-49-thread-1] INFO  server.RaftServerConfigKeys (ConfUtils.java:logGet(43)) - raft.server.log.write.buffer.size = 33554432 (custom)
2019-09-19 09:32:07,341 [pool-49-thread-1] INFO  server.RaftServerConfigKeys (ConfUtils.java:logGet(43)) - raft.server.log.force.sync.num = 128 (default)
2019-09-19 09:32:07,341 [pool-49-thread-1] INFO  server.RaftServerConfigKeys (ConfUtils.java:logGet(43)) - raft.server.log.statemachine.data.sync = true (default)
2019-09-19 09:32:07,341 [pool-49-thread-1] INFO  server.RaftServerConfigKeys (ConfUtils.java:logGet(43)) - raft.server.log.statemachine.data.sync.timeout = 10s (default)
2019-09-19 09:32:07,341 [pool-49-thread-1] INFO  server.RaftServerConfigKeys (ConfUtils.java:logGet(43)) - raft.server.log.statemachine.data.sync.timeout.retry = -1 (default)
2019-09-19 09:32:07,341 [pool-49-thread-1] INFO  server.RaftServerConfigKeys (ConfUtils.java:logGet(43)) - raft.server.log.statemachine.data.caching.enabled = true (custom)
2019-09-19 09:32:07,342 [pool-49-thread-1] INFO  segmented.SegmentedRaftLogWorker (SegmentedRaftLogWorker.java:lambda$new$0(132)) - 1671272a-c11f-4f03-85c2-ea0c5f99ec93-SegmentedRaftLogWorker:Storage Directory /workdir/hadoop-ozone/integration-test/target/test-dir/MiniOzoneClusterImpl-c03e40f7-b090-4a92-a38a-d9f2087836a0/datanode-2/data/ratis/55cbd314-22b6-4d10-a2ee-52d7d4275351: flushIndex: setUnconditionally 0 -> -1
2019-09-19 09:32:07,342 [pool-49-thread-1] INFO  server.RaftServerConfigKeys (ConfUtils.java:logGet(43)) - raft.server.snapshot.auto.trigger.enabled = true (custom)
2019-09-19 09:32:07,342 [pool-49-thread-1] INFO  server.RaftServerConfigKeys (ConfUtils.java:logGet(43)) - raft.server.snapshot.auto.trigger.threshold = 10000 (custom)
2019-09-19 09:32:07,342 [pool-49-thread-1] INFO  server.RaftServerConfigKeys (ConfUtils.java:logGet(43)) - raft.server.retrycache.expirytime = 600000ms (custom)
2019-09-19 09:32:07,342 [pool-49-thread-1] INFO  impl.RaftServerImpl (RaftServerImpl.java:start(180)) - 1671272a-c11f-4f03-85c2-ea0c5f99ec93: start group-52D7D4275351
2019-09-19 09:32:07,343 [pool-49-thread-1] INFO  impl.RaftServerImpl (RaftServerImpl.java:setRole(171)) - 1671272a-c11f-4f03-85c2-ea0c5f99ec93:group-52D7D4275351 changes role from null to FOLLOWER at term 0 for startAsFollower
2019-09-19 09:32:07,343 [pool-49-thread-1] INFO  impl.RoleInfo (RoleInfo.java:updateAndGet(143)) - 1671272a-c11f-4f03-85c2-ea0c5f99ec93: start FollowerState
2019-09-19 09:32:07,343 [pool-49-thread-1] INFO  util.JmxRegister (JmxRegister.java:tryRegister(44)) - Successfully registered JMX Bean with object name Ratis:service=RaftServer,group=group-52D7D4275351,id=1671272a-c11f-4f03-85c2-ea0c5f99ec93
2019-09-19 09:32:07,349 [RatisPipelineUtilsThread] INFO  pipeline.PipelineStateManager (PipelineStateManager.java:addPipeline(56)) - Created pipeline Pipeline[ Id: 55cbd314-22b6-4d10-a2ee-52d7d4275351, Nodes: 1671272a-c11f-4f03-85c2-ea0c5f99ec93{ip: 192.168.34.5, host: pr-hdds-1569-j4bt4-3030777008, networkLocation: /default-rack, certSerialId: null}, Type:RATIS, Factor:ONE, State:OPEN]
2019-09-19 09:32:07,363 [grpc-default-executor-1] INFO  impl.RaftServerProxy (RaftServerProxy.java:addNew(89)) - bb059d21-eed2-433c-ad63-69c2d96e92b8: addNew group-E3FB565B2B85:[bb059d21-eed2-433c-ad63-69c2d96e92b8:192.168.34.5:44341] returns group-E3FB565B2B85:java.util.concurrent.CompletableFuture@14b1e6f8[Not completed]
2019-09-19 09:32:07,364 [pool-27-thread-1] INFO  impl.RaftServerImpl (RaftServerImpl.java:<init>(93)) - bb059d21-eed2-433c-ad63-69c2d96e92b8: new RaftServerImpl for group-E3FB565B2B85:[bb059d21-eed2-433c-ad63-69c2d96e92b8:192.168.34.5:44341] with ContainerStateMachine:uninitialized
2019-09-19 09:32:07,364 [pool-27-thread-1] INFO  server.RaftServerConfigKeys (ConfUtils.java:logGet(43)) - raft.server.rpc.timeout.min = 5s (custom)
2019-09-19 09:32:07,365 [pool-27-thread-1] INFO  server.RaftServerConfigKeys (ConfUtils.java:logGet(43)) - raft.server.rpc.timeout.max = 5200ms (custom)
2019-09-19 09:32:07,365 [pool-27-thread-1] INFO  server.RaftServerConfigKeys (ConfUtils.java:logGet(43)) - raft.server.rpcslowness.timeout = 120s (custom)
2019-09-19 09:32:07,365 [pool-27-thread-1] INFO  server.RaftServerConfigKeys (ConfUtils.java:logGet(43)) - raft.server.sleep.deviation.threshold = 300 (default)
2019-09-19 09:32:07,365 [pool-27-thread-1] INFO  server.RaftServerConfigKeys (ConfUtils.java:logGet(43)) - raft.server.log.appender.install.snapshot.enabled = false (custom)
2019-09-19 09:32:07,365 [pool-27-thread-1] INFO  impl.RaftServerImpl (ServerState.java:<init>(105)) - bb059d21-eed2-433c-ad63-69c2d96e92b8:group-E3FB565B2B85 ConfigurationManager, init=-1: [bb059d21-eed2-433c-ad63-69c2d96e92b8:192.168.34.5:44341], old=null, confs=<EMPTY_MAP>
2019-09-19 09:32:07,365 [pool-27-thread-1] INFO  server.RaftServerConfigKeys (ConfUtils.java:logGet(43)) - raft.server.storage.dir = [/workdir/hadoop-ozone/integration-test/target/test-dir/MiniOzoneClusterImpl-c03e40f7-b090-4a92-a38a-d9f2087836a0/datanode-0/data/ratis] (custom)
2019-09-19 09:32:07,366 [pool-27-thread-1] INFO  storage.RaftStorageDirectory (RaftStorageDirectory.java:analyzeStorage(246)) - The storage directory /workdir/hadoop-ozone/integration-test/target/test-dir/MiniOzoneClusterImpl-c03e40f7-b090-4a92-a38a-d9f2087836a0/datanode-0/data/ratis/8b576189-11aa-4e19-9af4-e3fb565b2b85 does not exist. Creating ...
2019-09-19 09:32:07,379 [pool-27-thread-1] INFO  storage.RaftStorageDirectory (RaftStorageDirectory.java:tryLock(328)) - Lock on /workdir/hadoop-ozone/integration-test/target/test-dir/MiniOzoneClusterImpl-c03e40f7-b090-4a92-a38a-d9f2087836a0/datanode-0/data/ratis/8b576189-11aa-4e19-9af4-e3fb565b2b85/in_use.lock acquired by nodename 9275@pr-hdds-1569-j4bt4-3030777008
2019-09-19 09:32:07,392 [pool-27-thread-1] INFO  storage.RaftStorage (RaftStorage.java:format(72)) - Storage directory /workdir/hadoop-ozone/integration-test/target/test-dir/MiniOzoneClusterImpl-c03e40f7-b090-4a92-a38a-d9f2087836a0/datanode-0/data/ratis/8b576189-11aa-4e19-9af4-e3fb565b2b85 has been successfully formatted.
2019-09-19 09:32:07,392 [pool-27-thread-1] INFO  ratis.ContainerStateMachine (ContainerStateMachine.java:loadSnapshot(226)) - group-E3FB565B2B85: The snapshot info is null. Setting the last applied indexto:(t:0, i:~)
2019-09-19 09:32:07,393 [pool-27-thread-1] INFO  server.RaftServerConfigKeys (ConfUtils.java:logGet(43)) - raft.server.leader.election.timeout = 120s (custom)
2019-09-19 09:32:07,393 [pool-27-thread-1] INFO  server.RaftServerConfigKeys (ConfUtils.java:logGet(43)) - raft.server.log.use.memory = false (default)
2019-09-19 09:32:07,393 [pool-27-thread-1] INFO  server.RaftServerConfigKeys (ConfUtils.java:logGet(43)) - raft.server.log.purge.gap = 1000000 (custom)
2019-09-19 09:32:07,393 [pool-27-thread-1] INFO  server.RaftServerConfigKeys (ConfUtils.java:logGet(43)) - raft.server.log.appender.buffer.byte-limit = 33554432 (custom)
2019-09-19 09:32:07,393 [pool-27-thread-1] INFO  server.RaftServerConfigKeys (ConfUtils.java:logGet(43)) - raft.server.log.segment.size.max = 1048576 (custom)
2019-09-19 09:32:07,394 [pool-27-thread-1] INFO  server.RaftServerConfigKeys (ConfUtils.java:logGet(43)) - raft.server.log.segment.cache.num.max = 2 (custom)
2019-09-19 09:32:07,394 [pool-27-thread-1] INFO  segmented.SegmentedRaftLogWorker (SegmentedRaftLogWorker.java:<init>(172)) - new bb059d21-eed2-433c-ad63-69c2d96e92b8-SegmentedRaftLogWorker:Storage Directory /workdir/hadoop-ozone/integration-test/target/test-dir/MiniOzoneClusterImpl-c03e40f7-b090-4a92-a38a-d9f2087836a0/datanode-0/data/ratis/8b576189-11aa-4e19-9af4-e3fb565b2b85 for RaftStorage:Storage Directory /workdir/hadoop-ozone/integration-test/target/test-dir/MiniOzoneClusterImpl-c03e40f7-b090-4a92-a38a-d9f2087836a0/datanode-0/data/ratis/8b576189-11aa-4e19-9af4-e3fb565b2b85
2019-09-19 09:32:07,394 [pool-27-thread-1] INFO  server.RaftServerConfigKeys (ConfUtils.java:logGet(43)) - raft.server.log.queue.byte-limit = 2147483647 (custom)
2019-09-19 09:32:07,394 [pool-27-thread-1] INFO  server.RaftServerConfigKeys (ConfUtils.java:logGet(43)) - raft.server.log.queue.element-limit = 1024 (custom)
2019-09-19 09:32:07,394 [pool-27-thread-1] INFO  server.RaftServerConfigKeys (ConfUtils.java:logGet(43)) - raft.server.log.segment.size.max = 1048576 (custom)
2019-09-19 09:32:07,394 [pool-27-thread-1] INFO  server.RaftServerConfigKeys (ConfUtils.java:logGet(43)) - raft.server.log.preallocated.size = 16384 (custom)
2019-09-19 09:32:07,395 [pool-27-thread-1] INFO  server.RaftServerConfigKeys (ConfUtils.java:logGet(43)) - raft.server.log.write.buffer.size = 33554432 (custom)
2019-09-19 09:32:07,395 [pool-27-thread-1] INFO  server.RaftServerConfigKeys (ConfUtils.java:logGet(43)) - raft.server.log.force.sync.num = 128 (default)
2019-09-19 09:32:07,395 [pool-27-thread-1] INFO  server.RaftServerConfigKeys (ConfUtils.java:logGet(43)) - raft.server.log.statemachine.data.sync = true (default)
2019-09-19 09:32:07,395 [pool-27-thread-1] INFO  server.RaftServerConfigKeys (ConfUtils.java:logGet(43)) - raft.server.log.statemachine.data.sync.timeout = 10s (default)
2019-09-19 09:32:07,395 [pool-27-thread-1] INFO  server.RaftServerConfigKeys (ConfUtils.java:logGet(43)) - raft.server.log.statemachine.data.sync.timeout.retry = -1 (default)
2019-09-19 09:32:07,395 [pool-27-thread-1] INFO  server.RaftServerConfigKeys (ConfUtils.java:logGet(43)) - raft.server.log.statemachine.data.caching.enabled = true (custom)
2019-09-19 09:32:07,396 [pool-27-thread-1] INFO  segmented.SegmentedRaftLogWorker (SegmentedRaftLogWorker.java:lambda$new$0(132)) - bb059d21-eed2-433c-ad63-69c2d96e92b8-SegmentedRaftLogWorker:Storage Directory /workdir/hadoop-ozone/integration-test/target/test-dir/MiniOzoneClusterImpl-c03e40f7-b090-4a92-a38a-d9f2087836a0/datanode-0/data/ratis/8b576189-11aa-4e19-9af4-e3fb565b2b85: flushIndex: setUnconditionally 0 -> -1
2019-09-19 09:32:07,396 [pool-27-thread-1] INFO  server.RaftServerConfigKeys (ConfUtils.java:logGet(43)) - raft.server.snapshot.auto.trigger.enabled = true (custom)
2019-09-19 09:32:07,396 [pool-27-thread-1] INFO  server.RaftServerConfigKeys (ConfUtils.java:logGet(43)) - raft.server.snapshot.auto.trigger.threshold = 10000 (custom)
2019-09-19 09:32:07,397 [pool-27-thread-1] INFO  server.RaftServerConfigKeys (ConfUtils.java:logGet(43)) - raft.server.retrycache.expirytime = 600000ms (custom)
2019-09-19 09:32:07,397 [pool-27-thread-1] INFO  impl.RaftServerImpl (RaftServerImpl.java:start(180)) - bb059d21-eed2-433c-ad63-69c2d96e92b8: start group-E3FB565B2B85
2019-09-19 09:32:07,397 [pool-27-thread-1] INFO  impl.RaftServerImpl (RaftServerImpl.java:setRole(171)) - bb059d21-eed2-433c-ad63-69c2d96e92b8:group-E3FB565B2B85 changes role from null to FOLLOWER at term 0 for startAsFollower
2019-09-19 09:32:07,397 [pool-27-thread-1] INFO  impl.RoleInfo (RoleInfo.java:updateAndGet(143)) - bb059d21-eed2-433c-ad63-69c2d96e92b8: start FollowerState
2019-09-19 09:32:07,398 [pool-27-thread-1] INFO  util.JmxRegister (JmxRegister.java:tryRegister(44)) - Successfully registered JMX Bean with object name Ratis:service=RaftServer,group=group-E3FB565B2B85,id=bb059d21-eed2-433c-ad63-69c2d96e92b8
2019-09-19 09:32:07,403 [RatisPipelineUtilsThread] INFO  pipeline.PipelineStateManager (PipelineStateManager.java:addPipeline(56)) - Created pipeline Pipeline[ Id: 8b576189-11aa-4e19-9af4-e3fb565b2b85, Nodes: bb059d21-eed2-433c-ad63-69c2d96e92b8{ip: 192.168.34.5, host: pr-hdds-1569-j4bt4-3030777008, networkLocation: /default-rack, certSerialId: null}, Type:RATIS, Factor:ONE, State:OPEN]
2019-09-19 09:32:07,405 [RatisPipelineUtilsThread] ERROR pipeline.PipelinePlacementPolicy (PipelinePlacementPolicy.java:meetCriteria(91)) - Pipeline Placement: Doesn't meet the criteria to be viable node. Heaviness: 6
2019-09-19 09:32:07,415 [grpc-default-executor-1] INFO  impl.RaftServerProxy (RaftServerProxy.java:addNew(89)) - ff5d247f-5929-4b0d-9b68-69c9a991aea9: addNew group-8481A45A3601:[ff5d247f-5929-4b0d-9b68-69c9a991aea9:192.168.34.5:33150] returns group-8481A45A3601:java.util.concurrent.CompletableFuture@1b4a971a[Not completed]
2019-09-19 09:32:07,416 [pool-38-thread-1] INFO  impl.RaftServerImpl (RaftServerImpl.java:<init>(93)) - ff5d247f-5929-4b0d-9b68-69c9a991aea9: new RaftServerImpl for group-8481A45A3601:[ff5d247f-5929-4b0d-9b68-69c9a991aea9:192.168.34.5:33150] with ContainerStateMachine:uninitialized
2019-09-19 09:32:07,417 [pool-38-thread-1] INFO  server.RaftServerConfigKeys (ConfUtils.java:logGet(43)) - raft.server.rpc.timeout.min = 5s (custom)
2019-09-19 09:32:07,417 [pool-38-thread-1] INFO  server.RaftServerConfigKeys (ConfUtils.java:logGet(43)) - raft.server.rpc.timeout.max = 5200ms (custom)
2019-09-19 09:32:07,417 [pool-38-thread-1] INFO  server.RaftServerConfigKeys (ConfUtils.java:logGet(43)) - raft.server.rpcslowness.timeout = 120s (custom)
2019-09-19 09:32:07,417 [pool-38-thread-1] INFO  server.RaftServerConfigKeys (ConfUtils.java:logGet(43)) - raft.server.sleep.deviation.threshold = 300 (default)
2019-09-19 09:32:07,418 [pool-38-thread-1] INFO  server.RaftServerConfigKeys (ConfUtils.java:logGet(43)) - raft.server.log.appender.install.snapshot.enabled = false (custom)
2019-09-19 09:32:07,418 [pool-38-thread-1] INFO  impl.RaftServerImpl (ServerState.java:<init>(105)) - ff5d247f-5929-4b0d-9b68-69c9a991aea9:group-8481A45A3601 ConfigurationManager, init=-1: [ff5d247f-5929-4b0d-9b68-69c9a991aea9:192.168.34.5:33150], old=null, confs=<EMPTY_MAP>
2019-09-19 09:32:07,418 [pool-38-thread-1] INFO  server.RaftServerConfigKeys (ConfUtils.java:logGet(43)) - raft.server.storage.dir = [/workdir/hadoop-ozone/integration-test/target/test-dir/MiniOzoneClusterImpl-c03e40f7-b090-4a92-a38a-d9f2087836a0/datanode-1/data/ratis] (custom)
2019-09-19 09:32:07,418 [pool-38-thread-1] INFO  storage.RaftStorageDirectory (RaftStorageDirectory.java:analyzeStorage(246)) - The storage directory /workdir/hadoop-ozone/integration-test/target/test-dir/MiniOzoneClusterImpl-c03e40f7-b090-4a92-a38a-d9f2087836a0/datanode-1/data/ratis/a3e00ca5-71ac-4bf3-8744-8481a45a3601 does not exist. Creating ...
2019-09-19 09:32:07,431 [pool-38-thread-1] INFO  storage.RaftStorageDirectory (RaftStorageDirectory.java:tryLock(328)) - Lock on /workdir/hadoop-ozone/integration-test/target/test-dir/MiniOzoneClusterImpl-c03e40f7-b090-4a92-a38a-d9f2087836a0/datanode-1/data/ratis/a3e00ca5-71ac-4bf3-8744-8481a45a3601/in_use.lock acquired by nodename 9275@pr-hdds-1569-j4bt4-3030777008
2019-09-19 09:32:07,444 [pool-38-thread-1] INFO  storage.RaftStorage (RaftStorage.java:format(72)) - Storage directory /workdir/hadoop-ozone/integration-test/target/test-dir/MiniOzoneClusterImpl-c03e40f7-b090-4a92-a38a-d9f2087836a0/datanode-1/data/ratis/a3e00ca5-71ac-4bf3-8744-8481a45a3601 has been successfully formatted.
2019-09-19 09:32:07,444 [pool-38-thread-1] INFO  ratis.ContainerStateMachine (ContainerStateMachine.java:loadSnapshot(226)) - group-8481A45A3601: The snapshot info is null. Setting the last applied indexto:(t:0, i:~)
2019-09-19 09:32:07,445 [pool-38-thread-1] INFO  server.RaftServerConfigKeys (ConfUtils.java:logGet(43)) - raft.server.leader.election.timeout = 120s (custom)
2019-09-19 09:32:07,445 [pool-38-thread-1] INFO  server.RaftServerConfigKeys (ConfUtils.java:logGet(43)) - raft.server.log.use.memory = false (default)
2019-09-19 09:32:07,445 [pool-38-thread-1] INFO  server.RaftServerConfigKeys (ConfUtils.java:logGet(43)) - raft.server.log.purge.gap = 1000000 (custom)
2019-09-19 09:32:07,445 [pool-38-thread-1] INFO  server.RaftServerConfigKeys (ConfUtils.java:logGet(43)) - raft.server.log.appender.buffer.byte-limit = 33554432 (custom)
2019-09-19 09:32:07,445 [pool-38-thread-1] INFO  server.RaftServerConfigKeys (ConfUtils.java:logGet(43)) - raft.server.log.segment.size.max = 1048576 (custom)
2019-09-19 09:32:07,445 [pool-38-thread-1] INFO  server.RaftServerConfigKeys (ConfUtils.java:logGet(43)) - raft.server.log.segment.cache.num.max = 2 (custom)
2019-09-19 09:32:07,446 [pool-38-thread-1] INFO  segmented.SegmentedRaftLogWorker (SegmentedRaftLogWorker.java:<init>(172)) - new ff5d247f-5929-4b0d-9b68-69c9a991aea9-SegmentedRaftLogWorker:Storage Directory /workdir/hadoop-ozone/integration-test/target/test-dir/MiniOzoneClusterImpl-c03e40f7-b090-4a92-a38a-d9f2087836a0/datanode-1/data/ratis/a3e00ca5-71ac-4bf3-8744-8481a45a3601 for RaftStorage:Storage Directory /workdir/hadoop-ozone/integration-test/target/test-dir/MiniOzoneClusterImpl-c03e40f7-b090-4a92-a38a-d9f2087836a0/datanode-1/data/ratis/a3e00ca5-71ac-4bf3-8744-8481a45a3601
2019-09-19 09:32:07,446 [pool-38-thread-1] INFO  server.RaftServerConfigKeys (ConfUtils.java:logGet(43)) - raft.server.log.queue.byte-limit = 2147483647 (custom)
2019-09-19 09:32:07,446 [pool-38-thread-1] INFO  server.RaftServerConfigKeys (ConfUtils.java:logGet(43)) - raft.server.log.queue.element-limit = 1024 (custom)
2019-09-19 09:32:07,446 [pool-38-thread-1] INFO  server.RaftServerConfigKeys (ConfUtils.java:logGet(43)) - raft.server.log.segment.size.max = 1048576 (custom)
2019-09-19 09:32:07,446 [pool-38-thread-1] INFO  server.RaftServerConfigKeys (ConfUtils.java:logGet(43)) - raft.server.log.preallocated.size = 16384 (custom)
2019-09-19 09:32:07,446 [pool-38-thread-1] INFO  server.RaftServerConfigKeys (ConfUtils.java:logGet(43)) - raft.server.log.write.buffer.size = 33554432 (custom)
2019-09-19 09:32:07,446 [pool-38-thread-1] INFO  server.RaftServerConfigKeys (ConfUtils.java:logGet(43)) - raft.server.log.force.sync.num = 128 (default)
2019-09-19 09:32:07,447 [pool-38-thread-1] INFO  server.RaftServerConfigKeys (ConfUtils.java:logGet(43)) - raft.server.log.statemachine.data.sync = true (default)
2019-09-19 09:32:07,447 [pool-38-thread-1] INFO  server.RaftServerConfigKeys (ConfUtils.java:logGet(43)) - raft.server.log.statemachine.data.sync.timeout = 10s (default)
2019-09-19 09:32:07,447 [pool-38-thread-1] INFO  server.RaftServerConfigKeys (ConfUtils.java:logGet(43)) - raft.server.log.statemachine.data.sync.timeout.retry = -1 (default)
2019-09-19 09:32:07,447 [pool-38-thread-1] INFO  server.RaftServerConfigKeys (ConfUtils.java:logGet(43)) - raft.server.log.statemachine.data.caching.enabled = true (custom)
2019-09-19 09:32:07,448 [pool-38-thread-1] INFO  segmented.SegmentedRaftLogWorker (SegmentedRaftLogWorker.java:lambda$new$0(132)) - ff5d247f-5929-4b0d-9b68-69c9a991aea9-SegmentedRaftLogWorker:Storage Directory /workdir/hadoop-ozone/integration-test/target/test-dir/MiniOzoneClusterImpl-c03e40f7-b090-4a92-a38a-d9f2087836a0/datanode-1/data/ratis/a3e00ca5-71ac-4bf3-8744-8481a45a3601: flushIndex: setUnconditionally 0 -> -1
2019-09-19 09:32:07,448 [pool-38-thread-1] INFO  server.RaftServerConfigKeys (ConfUtils.java:logGet(43)) - raft.server.snapshot.auto.trigger.enabled = true (custom)
2019-09-19 09:32:07,448 [pool-38-thread-1] INFO  server.RaftServerConfigKeys (ConfUtils.java:logGet(43)) - raft.server.snapshot.auto.trigger.threshold = 10000 (custom)
2019-09-19 09:32:07,448 [pool-38-thread-1] INFO  server.RaftServerConfigKeys (ConfUtils.java:logGet(43)) - raft.server.retrycache.expirytime = 600000ms (custom)
2019-09-19 09:32:07,449 [pool-38-thread-1] INFO  impl.RaftServerImpl (RaftServerImpl.java:start(180)) - ff5d247f-5929-4b0d-9b68-69c9a991aea9: start group-8481A45A3601
2019-09-19 09:32:07,449 [pool-38-thread-1] INFO  impl.RaftServerImpl (RaftServerImpl.java:setRole(171)) - ff5d247f-5929-4b0d-9b68-69c9a991aea9:group-8481A45A3601 changes role from null to FOLLOWER at term 0 for startAsFollower
2019-09-19 09:32:07,449 [pool-38-thread-1] INFO  impl.RoleInfo (RoleInfo.java:updateAndGet(143)) - ff5d247f-5929-4b0d-9b68-69c9a991aea9: start FollowerState
2019-09-19 09:32:07,449 [pool-38-thread-1] INFO  util.JmxRegister (JmxRegister.java:tryRegister(44)) - Successfully registered JMX Bean with object name Ratis:service=RaftServer,group=group-8481A45A3601,id=ff5d247f-5929-4b0d-9b68-69c9a991aea9
2019-09-19 09:32:07,454 [RatisPipelineUtilsThread] INFO  pipeline.PipelineStateManager (PipelineStateManager.java:addPipeline(56)) - Created pipeline Pipeline[ Id: a3e00ca5-71ac-4bf3-8744-8481a45a3601, Nodes: ff5d247f-5929-4b0d-9b68-69c9a991aea9{ip: 192.168.34.5, host: pr-hdds-1569-j4bt4-3030777008, networkLocation: /default-rack, certSerialId: null}, Type:RATIS, Factor:ONE, State:OPEN]
2019-09-19 09:32:07,456 [RatisPipelineUtilsThread] ERROR pipeline.PipelinePlacementPolicy (PipelinePlacementPolicy.java:meetCriteria(91)) - Pipeline Placement: Doesn't meet the criteria to be viable node. Heaviness: 6
2019-09-19 09:32:07,456 [RatisPipelineUtilsThread] ERROR pipeline.PipelinePlacementPolicy (PipelinePlacementPolicy.java:meetCriteria(91)) - Pipeline Placement: Doesn't meet the criteria to be viable node. Heaviness: 6
2019-09-19 09:32:07,466 [grpc-default-executor-1] INFO  impl.RaftServerProxy (RaftServerProxy.java:addNew(89)) - 1671272a-c11f-4f03-85c2-ea0c5f99ec93: addNew group-2CD05A399CD8:[1671272a-c11f-4f03-85c2-ea0c5f99ec93:192.168.34.5:44703] returns group-2CD05A399CD8:java.util.concurrent.CompletableFuture@fb50c30[Not completed]
2019-09-19 09:32:07,467 [pool-49-thread-1] INFO  impl.RaftServerImpl (RaftServerImpl.java:<init>(93)) - 1671272a-c11f-4f03-85c2-ea0c5f99ec93: new RaftServerImpl for group-2CD05A399CD8:[1671272a-c11f-4f03-85c2-ea0c5f99ec93:192.168.34.5:44703] with ContainerStateMachine:uninitialized
2019-09-19 09:32:07,468 [pool-49-thread-1] INFO  server.RaftServerConfigKeys (ConfUtils.java:logGet(43)) - raft.server.rpc.timeout.min = 5s (custom)
2019-09-19 09:32:07,468 [pool-49-thread-1] INFO  server.RaftServerConfigKeys (ConfUtils.java:logGet(43)) - raft.server.rpc.timeout.max = 5200ms (custom)
2019-09-19 09:32:07,468 [pool-49-thread-1] INFO  server.RaftServerConfigKeys (ConfUtils.java:logGet(43)) - raft.server.rpcslowness.timeout = 120s (custom)
2019-09-19 09:32:07,468 [pool-49-thread-1] INFO  server.RaftServerConfigKeys (ConfUtils.java:logGet(43)) - raft.server.sleep.deviation.threshold = 300 (default)
2019-09-19 09:32:07,469 [pool-49-thread-1] INFO  server.RaftServerConfigKeys (ConfUtils.java:logGet(43)) - raft.server.log.appender.install.snapshot.enabled = false (custom)
2019-09-19 09:32:07,469 [pool-49-thread-1] INFO  impl.RaftServerImpl (ServerState.java:<init>(105)) - 1671272a-c11f-4f03-85c2-ea0c5f99ec93:group-2CD05A399CD8 ConfigurationManager, init=-1: [1671272a-c11f-4f03-85c2-ea0c5f99ec93:192.168.34.5:44703], old=null, confs=<EMPTY_MAP>
2019-09-19 09:32:07,469 [pool-49-thread-1] INFO  server.RaftServerConfigKeys (ConfUtils.java:logGet(43)) - raft.server.storage.dir = [/workdir/hadoop-ozone/integration-test/target/test-dir/MiniOzoneClusterImpl-c03e40f7-b090-4a92-a38a-d9f2087836a0/datanode-2/data/ratis] (custom)
2019-09-19 09:32:07,469 [pool-49-thread-1] INFO  storage.RaftStorageDirectory (RaftStorageDirectory.java:analyzeStorage(246)) - The storage directory /workdir/hadoop-ozone/integration-test/target/test-dir/MiniOzoneClusterImpl-c03e40f7-b090-4a92-a38a-d9f2087836a0/datanode-2/data/ratis/b1e1a874-8dcb-47ee-b796-2cd05a399cd8 does not exist. Creating ...
2019-09-19 09:32:07,483 [pool-49-thread-1] INFO  storage.RaftStorageDirectory (RaftStorageDirectory.java:tryLock(328)) - Lock on /workdir/hadoop-ozone/integration-test/target/test-dir/MiniOzoneClusterImpl-c03e40f7-b090-4a92-a38a-d9f2087836a0/datanode-2/data/ratis/b1e1a874-8dcb-47ee-b796-2cd05a399cd8/in_use.lock acquired by nodename 9275@pr-hdds-1569-j4bt4-3030777008
2019-09-19 09:32:07,496 [pool-49-thread-1] INFO  storage.RaftStorage (RaftStorage.java:format(72)) - Storage directory /workdir/hadoop-ozone/integration-test/target/test-dir/MiniOzoneClusterImpl-c03e40f7-b090-4a92-a38a-d9f2087836a0/datanode-2/data/ratis/b1e1a874-8dcb-47ee-b796-2cd05a399cd8 has been successfully formatted.
2019-09-19 09:32:07,497 [pool-49-thread-1] INFO  ratis.ContainerStateMachine (ContainerStateMachine.java:loadSnapshot(226)) - group-2CD05A399CD8: The snapshot info is null. Setting the last applied indexto:(t:0, i:~)
2019-09-19 09:32:07,497 [pool-49-thread-1] INFO  server.RaftServerConfigKeys (ConfUtils.java:logGet(43)) - raft.server.leader.election.timeout = 120s (custom)
2019-09-19 09:32:07,497 [pool-49-thread-1] INFO  server.RaftServerConfigKeys (ConfUtils.java:logGet(43)) - raft.server.log.use.memory = false (default)
2019-09-19 09:32:07,497 [pool-49-thread-1] INFO  server.RaftServerConfigKeys (ConfUtils.java:logGet(43)) - raft.server.log.purge.gap = 1000000 (custom)
2019-09-19 09:32:07,497 [pool-49-thread-1] INFO  server.RaftServerConfigKeys (ConfUtils.java:logGet(43)) - raft.server.log.appender.buffer.byte-limit = 33554432 (custom)
2019-09-19 09:32:07,497 [pool-49-thread-1] INFO  server.RaftServerConfigKeys (ConfUtils.java:logGet(43)) - raft.server.log.segment.size.max = 1048576 (custom)
2019-09-19 09:32:07,498 [pool-49-thread-1] INFO  server.RaftServerConfigKeys (ConfUtils.java:logGet(43)) - raft.server.log.segment.cache.num.max = 2 (custom)
2019-09-19 09:32:07,498 [pool-49-thread-1] INFO  segmented.SegmentedRaftLogWorker (SegmentedRaftLogWorker.java:<init>(172)) - new 1671272a-c11f-4f03-85c2-ea0c5f99ec93-SegmentedRaftLogWorker:Storage Directory /workdir/hadoop-ozone/integration-test/target/test-dir/MiniOzoneClusterImpl-c03e40f7-b090-4a92-a38a-d9f2087836a0/datanode-2/data/ratis/b1e1a874-8dcb-47ee-b796-2cd05a399cd8 for RaftStorage:Storage Directory /workdir/hadoop-ozone/integration-test/target/test-dir/MiniOzoneClusterImpl-c03e40f7-b090-4a92-a38a-d9f2087836a0/datanode-2/data/ratis/b1e1a874-8dcb-47ee-b796-2cd05a399cd8
2019-09-19 09:32:07,498 [pool-49-thread-1] INFO  server.RaftServerConfigKeys (ConfUtils.java:logGet(43)) - raft.server.log.queue.byte-limit = 2147483647 (custom)
2019-09-19 09:32:07,498 [pool-49-thread-1] INFO  server.RaftServerConfigKeys (ConfUtils.java:logGet(43)) - raft.server.log.queue.element-limit = 1024 (custom)
2019-09-19 09:32:07,498 [pool-49-thread-1] INFO  server.RaftServerConfigKeys (ConfUtils.java:logGet(43)) - raft.server.log.segment.size.max = 1048576 (custom)
2019-09-19 09:32:07,499 [pool-49-thread-1] INFO  server.RaftServerConfigKeys (ConfUtils.java:logGet(43)) - raft.server.log.preallocated.size = 16384 (custom)
2019-09-19 09:32:07,499 [pool-49-thread-1] INFO  server.RaftServerConfigKeys (ConfUtils.java:logGet(43)) - raft.server.log.write.buffer.size = 33554432 (custom)
2019-09-19 09:32:07,499 [pool-49-thread-1] INFO  server.RaftServerConfigKeys (ConfUtils.java:logGet(43)) - raft.server.log.force.sync.num = 128 (default)
2019-09-19 09:32:07,499 [pool-49-thread-1] INFO  server.RaftServerConfigKeys (ConfUtils.java:logGet(43)) - raft.server.log.statemachine.data.sync = true (default)
2019-09-19 09:32:07,499 [pool-49-thread-1] INFO  server.RaftServerConfigKeys (ConfUtils.java:logGet(43)) - raft.server.log.statemachine.data.sync.timeout = 10s (default)
2019-09-19 09:32:07,500 [pool-49-thread-1] INFO  server.RaftServerConfigKeys (ConfUtils.java:logGet(43)) - raft.server.log.statemachine.data.sync.timeout.retry = -1 (default)
2019-09-19 09:32:07,500 [pool-49-thread-1] INFO  server.RaftServerConfigKeys (ConfUtils.java:logGet(43)) - raft.server.log.statemachine.data.caching.enabled = true (custom)
2019-09-19 09:32:07,500 [pool-49-thread-1] INFO  segmented.SegmentedRaftLogWorker (SegmentedRaftLogWorker.java:lambda$new$0(132)) - 1671272a-c11f-4f03-85c2-ea0c5f99ec93-SegmentedRaftLogWorker:Storage Directory /workdir/hadoop-ozone/integration-test/target/test-dir/MiniOzoneClusterImpl-c03e40f7-b090-4a92-a38a-d9f2087836a0/datanode-2/data/ratis/b1e1a874-8dcb-47ee-b796-2cd05a399cd8: flushIndex: setUnconditionally 0 -> -1
2019-09-19 09:32:07,501 [pool-49-thread-1] INFO  server.RaftServerConfigKeys (ConfUtils.java:logGet(43)) - raft.server.snapshot.auto.trigger.enabled = true (custom)
2019-09-19 09:32:07,501 [pool-49-thread-1] INFO  server.RaftServerConfigKeys (ConfUtils.java:logGet(43)) - raft.server.snapshot.auto.trigger.threshold = 10000 (custom)
2019-09-19 09:32:07,501 [pool-49-thread-1] INFO  server.RaftServerConfigKeys (ConfUtils.java:logGet(43)) - raft.server.retrycache.expirytime = 600000ms (custom)
2019-09-19 09:32:07,501 [pool-49-thread-1] INFO  impl.RaftServerImpl (RaftServerImpl.java:start(180)) - 1671272a-c11f-4f03-85c2-ea0c5f99ec93: start group-2CD05A399CD8
2019-09-19 09:32:07,502 [pool-49-thread-1] INFO  impl.RaftServerImpl (RaftServerImpl.java:setRole(171)) - 1671272a-c11f-4f03-85c2-ea0c5f99ec93:group-2CD05A399CD8 changes role from null to FOLLOWER at term 0 for startAsFollower
2019-09-19 09:32:07,502 [pool-49-thread-1] INFO  impl.RoleInfo (RoleInfo.java:updateAndGet(143)) - 1671272a-c11f-4f03-85c2-ea0c5f99ec93: start FollowerState
2019-09-19 09:32:07,502 [pool-49-thread-1] INFO  util.JmxRegister (JmxRegister.java:tryRegister(44)) - Successfully registered JMX Bean with object name Ratis:service=RaftServer,group=group-2CD05A399CD8,id=1671272a-c11f-4f03-85c2-ea0c5f99ec93
2019-09-19 09:32:07,507 [RatisPipelineUtilsThread] INFO  pipeline.PipelineStateManager (PipelineStateManager.java:addPipeline(56)) - Created pipeline Pipeline[ Id: b1e1a874-8dcb-47ee-b796-2cd05a399cd8, Nodes: 1671272a-c11f-4f03-85c2-ea0c5f99ec93{ip: 192.168.34.5, host: pr-hdds-1569-j4bt4-3030777008, networkLocation: /default-rack, certSerialId: null}, Type:RATIS, Factor:ONE, State:OPEN]
2019-09-19 09:32:07,509 [RatisPipelineUtilsThread] ERROR pipeline.PipelinePlacementPolicy (PipelinePlacementPolicy.java:meetCriteria(91)) - Pipeline Placement: Doesn't meet the criteria to be viable node. Heaviness: 6
2019-09-19 09:32:07,509 [RatisPipelineUtilsThread] ERROR pipeline.PipelinePlacementPolicy (PipelinePlacementPolicy.java:meetCriteria(91)) - Pipeline Placement: Doesn't meet the criteria to be viable node. Heaviness: 6
2019-09-19 09:32:07,516 | INFO  | SCMAudit | user=jenkins1000 | ip=192.168.34.5 | op=SEND_HEARTBEAT {datanodeUUID=ff5d247f-5929-4b0d-9b68-69c9a991aea9, command=[]} | ret=SUCCESS |  
2019-09-19 09:32:07,521 [grpc-default-executor-1] INFO  impl.RaftServerProxy (RaftServerProxy.java:addNew(89)) - 38cd0138-33f7-48fe-ab23-0150bb61f7f1: addNew group-FADF7E8FD48D:[38cd0138-33f7-48fe-ab23-0150bb61f7f1:192.168.34.5:36410] returns group-FADF7E8FD48D:java.util.concurrent.CompletableFuture@ca270b4[Not completed]
2019-09-19 09:32:07,523 [pool-60-thread-1] INFO  impl.RaftServerImpl (RaftServerImpl.java:<init>(93)) - 38cd0138-33f7-48fe-ab23-0150bb61f7f1: new RaftServerImpl for group-FADF7E8FD48D:[38cd0138-33f7-48fe-ab23-0150bb61f7f1:192.168.34.5:36410] with ContainerStateMachine:uninitialized
2019-09-19 09:32:07,523 [pool-60-thread-1] INFO  server.RaftServerConfigKeys (ConfUtils.java:logGet(43)) - raft.server.rpc.timeout.min = 5s (custom)
2019-09-19 09:32:07,523 [pool-60-thread-1] INFO  server.RaftServerConfigKeys (ConfUtils.java:logGet(43)) - raft.server.rpc.timeout.max = 5200ms (custom)
2019-09-19 09:32:07,523 [pool-60-thread-1] INFO  server.RaftServerConfigKeys (ConfUtils.java:logGet(43)) - raft.server.rpcslowness.timeout = 120s (custom)
2019-09-19 09:32:07,524 [pool-60-thread-1] INFO  server.RaftServerConfigKeys (ConfUtils.java:logGet(43)) - raft.server.sleep.deviation.threshold = 300 (default)
2019-09-19 09:32:07,524 [pool-60-thread-1] INFO  server.RaftServerConfigKeys (ConfUtils.java:logGet(43)) - raft.server.log.appender.install.snapshot.enabled = false (custom)
2019-09-19 09:32:07,524 [pool-60-thread-1] INFO  impl.RaftServerImpl (ServerState.java:<init>(105)) - 38cd0138-33f7-48fe-ab23-0150bb61f7f1:group-FADF7E8FD48D ConfigurationManager, init=-1: [38cd0138-33f7-48fe-ab23-0150bb61f7f1:192.168.34.5:36410], old=null, confs=<EMPTY_MAP>
2019-09-19 09:32:07,524 [pool-60-thread-1] INFO  server.RaftServerConfigKeys (ConfUtils.java:logGet(43)) - raft.server.storage.dir = [/workdir/hadoop-ozone/integration-test/target/test-dir/MiniOzoneClusterImpl-c03e40f7-b090-4a92-a38a-d9f2087836a0/datanode-3/data/ratis] (custom)
2019-09-19 09:32:07,525 [pool-60-thread-1] INFO  storage.RaftStorageDirectory (RaftStorageDirectory.java:analyzeStorage(246)) - The storage directory /workdir/hadoop-ozone/integration-test/target/test-dir/MiniOzoneClusterImpl-c03e40f7-b090-4a92-a38a-d9f2087836a0/datanode-3/data/ratis/0fff563a-5af2-46a7-b361-fadf7e8fd48d does not exist. Creating ...
2019-09-19 09:32:07,537 [pool-60-thread-1] INFO  storage.RaftStorageDirectory (RaftStorageDirectory.java:tryLock(328)) - Lock on /workdir/hadoop-ozone/integration-test/target/test-dir/MiniOzoneClusterImpl-c03e40f7-b090-4a92-a38a-d9f2087836a0/datanode-3/data/ratis/0fff563a-5af2-46a7-b361-fadf7e8fd48d/in_use.lock acquired by nodename 9275@pr-hdds-1569-j4bt4-3030777008
2019-09-19 09:32:07,551 [pool-60-thread-1] INFO  storage.RaftStorage (RaftStorage.java:format(72)) - Storage directory /workdir/hadoop-ozone/integration-test/target/test-dir/MiniOzoneClusterImpl-c03e40f7-b090-4a92-a38a-d9f2087836a0/datanode-3/data/ratis/0fff563a-5af2-46a7-b361-fadf7e8fd48d has been successfully formatted.
2019-09-19 09:32:07,551 [pool-60-thread-1] INFO  ratis.ContainerStateMachine (ContainerStateMachine.java:loadSnapshot(226)) - group-FADF7E8FD48D: The snapshot info is null. Setting the last applied indexto:(t:0, i:~)
2019-09-19 09:32:07,551 [pool-60-thread-1] INFO  server.RaftServerConfigKeys (ConfUtils.java:logGet(43)) - raft.server.leader.election.timeout = 120s (custom)
2019-09-19 09:32:07,551 [pool-60-thread-1] INFO  server.RaftServerConfigKeys (ConfUtils.java:logGet(43)) - raft.server.log.use.memory = false (default)
2019-09-19 09:32:07,551 [pool-60-thread-1] INFO  server.RaftServerConfigKeys (ConfUtils.java:logGet(43)) - raft.server.log.purge.gap = 1000000 (custom)
2019-09-19 09:32:07,552 [pool-60-thread-1] INFO  server.RaftServerConfigKeys (ConfUtils.java:logGet(43)) - raft.server.log.appender.buffer.byte-limit = 33554432 (custom)
2019-09-19 09:32:07,552 [pool-60-thread-1] INFO  server.RaftServerConfigKeys (ConfUtils.java:logGet(43)) - raft.server.log.segment.size.max = 1048576 (custom)
2019-09-19 09:32:07,552 [pool-60-thread-1] INFO  server.RaftServerConfigKeys (ConfUtils.java:logGet(43)) - raft.server.log.segment.cache.num.max = 2 (custom)
2019-09-19 09:32:07,552 [pool-60-thread-1] INFO  segmented.SegmentedRaftLogWorker (SegmentedRaftLogWorker.java:<init>(172)) - new 38cd0138-33f7-48fe-ab23-0150bb61f7f1-SegmentedRaftLogWorker:Storage Directory /workdir/hadoop-ozone/integration-test/target/test-dir/MiniOzoneClusterImpl-c03e40f7-b090-4a92-a38a-d9f2087836a0/datanode-3/data/ratis/0fff563a-5af2-46a7-b361-fadf7e8fd48d for RaftStorage:Storage Directory /workdir/hadoop-ozone/integration-test/target/test-dir/MiniOzoneClusterImpl-c03e40f7-b090-4a92-a38a-d9f2087836a0/datanode-3/data/ratis/0fff563a-5af2-46a7-b361-fadf7e8fd48d
2019-09-19 09:32:07,552 [pool-60-thread-1] INFO  server.RaftServerConfigKeys (ConfUtils.java:logGet(43)) - raft.server.log.queue.byte-limit = 2147483647 (custom)
2019-09-19 09:32:07,552 [pool-60-thread-1] INFO  server.RaftServerConfigKeys (ConfUtils.java:logGet(43)) - raft.server.log.queue.element-limit = 1024 (custom)
2019-09-19 09:32:07,553 [pool-60-thread-1] INFO  server.RaftServerConfigKeys (ConfUtils.java:logGet(43)) - raft.server.log.segment.size.max = 1048576 (custom)
2019-09-19 09:32:07,553 [pool-60-thread-1] INFO  server.RaftServerConfigKeys (ConfUtils.java:logGet(43)) - raft.server.log.preallocated.size = 16384 (custom)
2019-09-19 09:32:07,553 [pool-60-thread-1] INFO  server.RaftServerConfigKeys (ConfUtils.java:logGet(43)) - raft.server.log.write.buffer.size = 33554432 (custom)
2019-09-19 09:32:07,553 [pool-60-thread-1] INFO  server.RaftServerConfigKeys (ConfUtils.java:logGet(43)) - raft.server.log.force.sync.num = 128 (default)
2019-09-19 09:32:07,553 [pool-60-thread-1] INFO  server.RaftServerConfigKeys (ConfUtils.java:logGet(43)) - raft.server.log.statemachine.data.sync = true (default)
2019-09-19 09:32:07,553 [pool-60-thread-1] INFO  server.RaftServerConfigKeys (ConfUtils.java:logGet(43)) - raft.server.log.statemachine.data.sync.timeout = 10s (default)
2019-09-19 09:32:07,553 [pool-60-thread-1] INFO  server.RaftServerConfigKeys (ConfUtils.java:logGet(43)) - raft.server.log.statemachine.data.sync.timeout.retry = -1 (default)
2019-09-19 09:32:07,554 [pool-60-thread-1] INFO  server.RaftServerConfigKeys (ConfUtils.java:logGet(43)) - raft.server.log.statemachine.data.caching.enabled = true (custom)
2019-09-19 09:32:07,554 [pool-60-thread-1] INFO  segmented.SegmentedRaftLogWorker (SegmentedRaftLogWorker.java:lambda$new$0(132)) - 38cd0138-33f7-48fe-ab23-0150bb61f7f1-SegmentedRaftLogWorker:Storage Directory /workdir/hadoop-ozone/integration-test/target/test-dir/MiniOzoneClusterImpl-c03e40f7-b090-4a92-a38a-d9f2087836a0/datanode-3/data/ratis/0fff563a-5af2-46a7-b361-fadf7e8fd48d: flushIndex: setUnconditionally 0 -> -1
2019-09-19 09:32:07,554 [pool-60-thread-1] INFO  server.RaftServerConfigKeys (ConfUtils.java:logGet(43)) - raft.server.snapshot.auto.trigger.enabled = true (custom)
2019-09-19 09:32:07,554 [pool-60-thread-1] INFO  server.RaftServerConfigKeys (ConfUtils.java:logGet(43)) - raft.server.snapshot.auto.trigger.threshold = 10000 (custom)
2019-09-19 09:32:07,555 [pool-60-thread-1] INFO  server.RaftServerConfigKeys (ConfUtils.java:logGet(43)) - raft.server.retrycache.expirytime = 600000ms (custom)
2019-09-19 09:32:07,555 [pool-60-thread-1] INFO  impl.RaftServerImpl (RaftServerImpl.java:start(180)) - 38cd0138-33f7-48fe-ab23-0150bb61f7f1: start group-FADF7E8FD48D
2019-09-19 09:32:07,555 [pool-60-thread-1] INFO  impl.RaftServerImpl (RaftServerImpl.java:setRole(171)) - 38cd0138-33f7-48fe-ab23-0150bb61f7f1:group-FADF7E8FD48D changes role from null to FOLLOWER at term 0 for startAsFollower
2019-09-19 09:32:07,555 [pool-60-thread-1] INFO  impl.RoleInfo (RoleInfo.java:updateAndGet(143)) - 38cd0138-33f7-48fe-ab23-0150bb61f7f1: start FollowerState
2019-09-19 09:32:07,556 [pool-60-thread-1] INFO  util.JmxRegister (JmxRegister.java:tryRegister(44)) - Successfully registered JMX Bean with object name Ratis:service=RaftServer,group=group-FADF7E8FD48D,id=38cd0138-33f7-48fe-ab23-0150bb61f7f1
2019-09-19 09:32:07,561 [RatisPipelineUtilsThread] INFO  pipeline.PipelineStateManager (PipelineStateManager.java:addPipeline(56)) - Created pipeline Pipeline[ Id: 0fff563a-5af2-46a7-b361-fadf7e8fd48d, Nodes: 38cd0138-33f7-48fe-ab23-0150bb61f7f1{ip: 192.168.34.5, host: pr-hdds-1569-j4bt4-3030777008, networkLocation: /default-rack, certSerialId: null}, Type:RATIS, Factor:ONE, State:OPEN]
2019-09-19 09:32:07,563 [RatisPipelineUtilsThread] ERROR pipeline.PipelinePlacementPolicy (PipelinePlacementPolicy.java:meetCriteria(91)) - Pipeline Placement: Doesn't meet the criteria to be viable node. Heaviness: 6
2019-09-19 09:32:07,563 [RatisPipelineUtilsThread] ERROR pipeline.PipelinePlacementPolicy (PipelinePlacementPolicy.java:meetCriteria(91)) - Pipeline Placement: Doesn't meet the criteria to be viable node. Heaviness: 6
2019-09-19 09:32:07,589 [grpc-default-executor-1] INFO  impl.RaftServerProxy (RaftServerProxy.java:addNew(89)) - 1671272a-c11f-4f03-85c2-ea0c5f99ec93: addNew group-AEC68021832D:[1671272a-c11f-4f03-85c2-ea0c5f99ec93:192.168.34.5:44703] returns group-AEC68021832D:java.util.concurrent.CompletableFuture@7a5b0f24[Not completed]
2019-09-19 09:32:07,590 [pool-49-thread-1] INFO  impl.RaftServerImpl (RaftServerImpl.java:<init>(93)) - 1671272a-c11f-4f03-85c2-ea0c5f99ec93: new RaftServerImpl for group-AEC68021832D:[1671272a-c11f-4f03-85c2-ea0c5f99ec93:192.168.34.5:44703] with ContainerStateMachine:uninitialized
2019-09-19 09:32:07,591 [pool-49-thread-1] INFO  server.RaftServerConfigKeys (ConfUtils.java:logGet(43)) - raft.server.rpc.timeout.min = 5s (custom)
2019-09-19 09:32:07,591 [pool-49-thread-1] INFO  server.RaftServerConfigKeys (ConfUtils.java:logGet(43)) - raft.server.rpc.timeout.max = 5200ms (custom)
2019-09-19 09:32:07,591 [pool-49-thread-1] INFO  server.RaftServerConfigKeys (ConfUtils.java:logGet(43)) - raft.server.rpcslowness.timeout = 120s (custom)
2019-09-19 09:32:07,591 [pool-49-thread-1] INFO  server.RaftServerConfigKeys (ConfUtils.java:logGet(43)) - raft.server.sleep.deviation.threshold = 300 (default)
2019-09-19 09:32:07,591 [pool-49-thread-1] INFO  server.RaftServerConfigKeys (ConfUtils.java:logGet(43)) - raft.server.log.appender.install.snapshot.enabled = false (custom)
2019-09-19 09:32:07,592 [pool-49-thread-1] INFO  impl.RaftServerImpl (ServerState.java:<init>(105)) - 1671272a-c11f-4f03-85c2-ea0c5f99ec93:group-AEC68021832D ConfigurationManager, init=-1: [1671272a-c11f-4f03-85c2-ea0c5f99ec93:192.168.34.5:44703], old=null, confs=<EMPTY_MAP>
2019-09-19 09:32:07,592 [pool-49-thread-1] INFO  server.RaftServerConfigKeys (ConfUtils.java:logGet(43)) - raft.server.storage.dir = [/workdir/hadoop-ozone/integration-test/target/test-dir/MiniOzoneClusterImpl-c03e40f7-b090-4a92-a38a-d9f2087836a0/datanode-2/data/ratis] (custom)
2019-09-19 09:32:07,592 [pool-49-thread-1] INFO  storage.RaftStorageDirectory (RaftStorageDirectory.java:analyzeStorage(246)) - The storage directory /workdir/hadoop-ozone/integration-test/target/test-dir/MiniOzoneClusterImpl-c03e40f7-b090-4a92-a38a-d9f2087836a0/datanode-2/data/ratis/e6f12370-6b7a-43cc-89ce-aec68021832d does not exist. Creating ...
2019-09-19 09:32:07,606 [pool-49-thread-1] INFO  storage.RaftStorageDirectory (RaftStorageDirectory.java:tryLock(328)) - Lock on /workdir/hadoop-ozone/integration-test/target/test-dir/MiniOzoneClusterImpl-c03e40f7-b090-4a92-a38a-d9f2087836a0/datanode-2/data/ratis/e6f12370-6b7a-43cc-89ce-aec68021832d/in_use.lock acquired by nodename 9275@pr-hdds-1569-j4bt4-3030777008
2019-09-19 09:32:07,619 [pool-49-thread-1] INFO  storage.RaftStorage (RaftStorage.java:format(72)) - Storage directory /workdir/hadoop-ozone/integration-test/target/test-dir/MiniOzoneClusterImpl-c03e40f7-b090-4a92-a38a-d9f2087836a0/datanode-2/data/ratis/e6f12370-6b7a-43cc-89ce-aec68021832d has been successfully formatted.
2019-09-19 09:32:07,619 [pool-49-thread-1] INFO  ratis.ContainerStateMachine (ContainerStateMachine.java:loadSnapshot(226)) - group-AEC68021832D: The snapshot info is null. Setting the last applied indexto:(t:0, i:~)
2019-09-19 09:32:07,619 [pool-49-thread-1] INFO  server.RaftServerConfigKeys (ConfUtils.java:logGet(43)) - raft.server.leader.election.timeout = 120s (custom)
2019-09-19 09:32:07,619 [pool-49-thread-1] INFO  server.RaftServerConfigKeys (ConfUtils.java:logGet(43)) - raft.server.log.use.memory = false (default)
2019-09-19 09:32:07,620 [pool-49-thread-1] INFO  server.RaftServerConfigKeys (ConfUtils.java:logGet(43)) - raft.server.log.purge.gap = 1000000 (custom)
2019-09-19 09:32:07,620 [pool-49-thread-1] INFO  server.RaftServerConfigKeys (ConfUtils.java:logGet(43)) - raft.server.log.appender.buffer.byte-limit = 33554432 (custom)
2019-09-19 09:32:07,620 [pool-49-thread-1] INFO  server.RaftServerConfigKeys (ConfUtils.java:logGet(43)) - raft.server.log.segment.size.max = 1048576 (custom)
2019-09-19 09:32:07,620 [pool-49-thread-1] INFO  server.RaftServerConfigKeys (ConfUtils.java:logGet(43)) - raft.server.log.segment.cache.num.max = 2 (custom)
2019-09-19 09:32:07,620 [pool-49-thread-1] INFO  segmented.SegmentedRaftLogWorker (SegmentedRaftLogWorker.java:<init>(172)) - new 1671272a-c11f-4f03-85c2-ea0c5f99ec93-SegmentedRaftLogWorker:Storage Directory /workdir/hadoop-ozone/integration-test/target/test-dir/MiniOzoneClusterImpl-c03e40f7-b090-4a92-a38a-d9f2087836a0/datanode-2/data/ratis/e6f12370-6b7a-43cc-89ce-aec68021832d for RaftStorage:Storage Directory /workdir/hadoop-ozone/integration-test/target/test-dir/MiniOzoneClusterImpl-c03e40f7-b090-4a92-a38a-d9f2087836a0/datanode-2/data/ratis/e6f12370-6b7a-43cc-89ce-aec68021832d
2019-09-19 09:32:07,621 [pool-49-thread-1] INFO  server.RaftServerConfigKeys (ConfUtils.java:logGet(43)) - raft.server.log.queue.byte-limit = 2147483647 (custom)
2019-09-19 09:32:07,621 [pool-49-thread-1] INFO  server.RaftServerConfigKeys (ConfUtils.java:logGet(43)) - raft.server.log.queue.element-limit = 1024 (custom)
2019-09-19 09:32:07,621 [pool-49-thread-1] INFO  server.RaftServerConfigKeys (ConfUtils.java:logGet(43)) - raft.server.log.segment.size.max = 1048576 (custom)
2019-09-19 09:32:07,621 [pool-49-thread-1] INFO  server.RaftServerConfigKeys (ConfUtils.java:logGet(43)) - raft.server.log.preallocated.size = 16384 (custom)
2019-09-19 09:32:07,621 [pool-49-thread-1] INFO  server.RaftServerConfigKeys (ConfUtils.java:logGet(43)) - raft.server.log.write.buffer.size = 33554432 (custom)
2019-09-19 09:32:07,622 [pool-49-thread-1] INFO  server.RaftServerConfigKeys (ConfUtils.java:logGet(43)) - raft.server.log.force.sync.num = 128 (default)
2019-09-19 09:32:07,622 [pool-49-thread-1] INFO  server.RaftServerConfigKeys (ConfUtils.java:logGet(43)) - raft.server.log.statemachine.data.sync = true (default)
2019-09-19 09:32:07,622 [pool-49-thread-1] INFO  server.RaftServerConfigKeys (ConfUtils.java:logGet(43)) - raft.server.log.statemachine.data.sync.timeout = 10s (default)
2019-09-19 09:32:07,622 [pool-49-thread-1] INFO  server.RaftServerConfigKeys (ConfUtils.java:logGet(43)) - raft.server.log.statemachine.data.sync.timeout.retry = -1 (default)
2019-09-19 09:32:07,622 [pool-49-thread-1] INFO  server.RaftServerConfigKeys (ConfUtils.java:logGet(43)) - raft.server.log.statemachine.data.caching.enabled = true (custom)
2019-09-19 09:32:07,623 [pool-49-thread-1] INFO  segmented.SegmentedRaftLogWorker (SegmentedRaftLogWorker.java:lambda$new$0(132)) - 1671272a-c11f-4f03-85c2-ea0c5f99ec93-SegmentedRaftLogWorker:Storage Directory /workdir/hadoop-ozone/integration-test/target/test-dir/MiniOzoneClusterImpl-c03e40f7-b090-4a92-a38a-d9f2087836a0/datanode-2/data/ratis/e6f12370-6b7a-43cc-89ce-aec68021832d: flushIndex: setUnconditionally 0 -> -1
2019-09-19 09:32:07,623 [pool-49-thread-1] INFO  server.RaftServerConfigKeys (ConfUtils.java:logGet(43)) - raft.server.snapshot.auto.trigger.enabled = true (custom)
2019-09-19 09:32:07,623 [pool-49-thread-1] INFO  server.RaftServerConfigKeys (ConfUtils.java:logGet(43)) - raft.server.snapshot.auto.trigger.threshold = 10000 (custom)
2019-09-19 09:32:07,624 [pool-49-thread-1] INFO  server.RaftServerConfigKeys (ConfUtils.java:logGet(43)) - raft.server.retrycache.expirytime = 600000ms (custom)
2019-09-19 09:32:07,624 [pool-49-thread-1] INFO  impl.RaftServerImpl (RaftServerImpl.java:start(180)) - 1671272a-c11f-4f03-85c2-ea0c5f99ec93: start group-AEC68021832D
2019-09-19 09:32:07,624 [pool-49-thread-1] INFO  impl.RaftServerImpl (RaftServerImpl.java:setRole(171)) - 1671272a-c11f-4f03-85c2-ea0c5f99ec93:group-AEC68021832D changes role from null to FOLLOWER at term 0 for startAsFollower
2019-09-19 09:32:07,624 [pool-49-thread-1] INFO  impl.RoleInfo (RoleInfo.java:updateAndGet(143)) - 1671272a-c11f-4f03-85c2-ea0c5f99ec93: start FollowerState
2019-09-19 09:32:07,631 [pool-49-thread-1] INFO  util.JmxRegister (JmxRegister.java:tryRegister(44)) - Successfully registered JMX Bean with object name Ratis:service=RaftServer,group=group-AEC68021832D,id=1671272a-c11f-4f03-85c2-ea0c5f99ec93
2019-09-19 09:32:07,646 [RatisPipelineUtilsThread] INFO  pipeline.PipelineStateManager (PipelineStateManager.java:addPipeline(56)) - Created pipeline Pipeline[ Id: e6f12370-6b7a-43cc-89ce-aec68021832d, Nodes: 1671272a-c11f-4f03-85c2-ea0c5f99ec93{ip: 192.168.34.5, host: pr-hdds-1569-j4bt4-3030777008, networkLocation: /default-rack, certSerialId: null}, Type:RATIS, Factor:ONE, State:OPEN]
2019-09-19 09:32:07,651 [RatisPipelineUtilsThread] ERROR pipeline.PipelinePlacementPolicy (PipelinePlacementPolicy.java:meetCriteria(91)) - Pipeline Placement: Doesn't meet the criteria to be viable node. Heaviness: 6
2019-09-19 09:32:07,651 [RatisPipelineUtilsThread] ERROR pipeline.PipelinePlacementPolicy (PipelinePlacementPolicy.java:meetCriteria(91)) - Pipeline Placement: Doesn't meet the criteria to be viable node. Heaviness: 6
2019-09-19 09:32:07,661 [grpc-default-executor-1] INFO  impl.RaftServerProxy (RaftServerProxy.java:addNew(89)) - 1671272a-c11f-4f03-85c2-ea0c5f99ec93: addNew group-BD0D78585B74:[1671272a-c11f-4f03-85c2-ea0c5f99ec93:192.168.34.5:44703] returns group-BD0D78585B74:java.util.concurrent.CompletableFuture@58ad016e[Not completed]
2019-09-19 09:32:07,663 [pool-49-thread-1] INFO  impl.RaftServerImpl (RaftServerImpl.java:<init>(93)) - 1671272a-c11f-4f03-85c2-ea0c5f99ec93: new RaftServerImpl for group-BD0D78585B74:[1671272a-c11f-4f03-85c2-ea0c5f99ec93:192.168.34.5:44703] with ContainerStateMachine:uninitialized
2019-09-19 09:32:07,664 [pool-49-thread-1] INFO  server.RaftServerConfigKeys (ConfUtils.java:logGet(43)) - raft.server.rpc.timeout.min = 5s (custom)
2019-09-19 09:32:07,664 [pool-49-thread-1] INFO  server.RaftServerConfigKeys (ConfUtils.java:logGet(43)) - raft.server.rpc.timeout.max = 5200ms (custom)
2019-09-19 09:32:07,664 [pool-49-thread-1] INFO  server.RaftServerConfigKeys (ConfUtils.java:logGet(43)) - raft.server.rpcslowness.timeout = 120s (custom)
2019-09-19 09:32:07,664 [pool-49-thread-1] INFO  server.RaftServerConfigKeys (ConfUtils.java:logGet(43)) - raft.server.sleep.deviation.threshold = 300 (default)
2019-09-19 09:32:07,664 [pool-49-thread-1] INFO  server.RaftServerConfigKeys (ConfUtils.java:logGet(43)) - raft.server.log.appender.install.snapshot.enabled = false (custom)
2019-09-19 09:32:07,664 [pool-49-thread-1] INFO  impl.RaftServerImpl (ServerState.java:<init>(105)) - 1671272a-c11f-4f03-85c2-ea0c5f99ec93:group-BD0D78585B74 ConfigurationManager, init=-1: [1671272a-c11f-4f03-85c2-ea0c5f99ec93:192.168.34.5:44703], old=null, confs=<EMPTY_MAP>
2019-09-19 09:32:07,665 [pool-49-thread-1] INFO  server.RaftServerConfigKeys (ConfUtils.java:logGet(43)) - raft.server.storage.dir = [/workdir/hadoop-ozone/integration-test/target/test-dir/MiniOzoneClusterImpl-c03e40f7-b090-4a92-a38a-d9f2087836a0/datanode-2/data/ratis] (custom)
2019-09-19 09:32:07,665 [pool-49-thread-1] INFO  storage.RaftStorageDirectory (RaftStorageDirectory.java:analyzeStorage(246)) - The storage directory /workdir/hadoop-ozone/integration-test/target/test-dir/MiniOzoneClusterImpl-c03e40f7-b090-4a92-a38a-d9f2087836a0/datanode-2/data/ratis/0b99caac-88b2-4d06-9ac0-bd0d78585b74 does not exist. Creating ...
2019-09-19 09:32:07,670 [pool-49-thread-1] INFO  storage.RaftStorageDirectory (RaftStorageDirectory.java:tryLock(328)) - Lock on /workdir/hadoop-ozone/integration-test/target/test-dir/MiniOzoneClusterImpl-c03e40f7-b090-4a92-a38a-d9f2087836a0/datanode-2/data/ratis/0b99caac-88b2-4d06-9ac0-bd0d78585b74/in_use.lock acquired by nodename 9275@pr-hdds-1569-j4bt4-3030777008
2019-09-19 09:32:07,683 [pool-49-thread-1] INFO  storage.RaftStorage (RaftStorage.java:format(72)) - Storage directory /workdir/hadoop-ozone/integration-test/target/test-dir/MiniOzoneClusterImpl-c03e40f7-b090-4a92-a38a-d9f2087836a0/datanode-2/data/ratis/0b99caac-88b2-4d06-9ac0-bd0d78585b74 has been successfully formatted.
2019-09-19 09:32:07,684 [pool-49-thread-1] INFO  ratis.ContainerStateMachine (ContainerStateMachine.java:loadSnapshot(226)) - group-BD0D78585B74: The snapshot info is null. Setting the last applied indexto:(t:0, i:~)
2019-09-19 09:32:07,684 [pool-49-thread-1] INFO  server.RaftServerConfigKeys (ConfUtils.java:logGet(43)) - raft.server.leader.election.timeout = 120s (custom)
2019-09-19 09:32:07,684 [pool-49-thread-1] INFO  server.RaftServerConfigKeys (ConfUtils.java:logGet(43)) - raft.server.log.use.memory = false (default)
2019-09-19 09:32:07,684 [pool-49-thread-1] INFO  server.RaftServerConfigKeys (ConfUtils.java:logGet(43)) - raft.server.log.purge.gap = 1000000 (custom)
2019-09-19 09:32:07,684 [pool-49-thread-1] INFO  server.RaftServerConfigKeys (ConfUtils.java:logGet(43)) - raft.server.log.appender.buffer.byte-limit = 33554432 (custom)
2019-09-19 09:32:07,685 [pool-49-thread-1] INFO  server.RaftServerConfigKeys (ConfUtils.java:logGet(43)) - raft.server.log.segment.size.max = 1048576 (custom)
2019-09-19 09:32:07,685 [pool-49-thread-1] INFO  server.RaftServerConfigKeys (ConfUtils.java:logGet(43)) - raft.server.log.segment.cache.num.max = 2 (custom)
2019-09-19 09:32:07,685 [pool-49-thread-1] INFO  segmented.SegmentedRaftLogWorker (SegmentedRaftLogWorker.java:<init>(172)) - new 1671272a-c11f-4f03-85c2-ea0c5f99ec93-SegmentedRaftLogWorker:Storage Directory /workdir/hadoop-ozone/integration-test/target/test-dir/MiniOzoneClusterImpl-c03e40f7-b090-4a92-a38a-d9f2087836a0/datanode-2/data/ratis/0b99caac-88b2-4d06-9ac0-bd0d78585b74 for RaftStorage:Storage Directory /workdir/hadoop-ozone/integration-test/target/test-dir/MiniOzoneClusterImpl-c03e40f7-b090-4a92-a38a-d9f2087836a0/datanode-2/data/ratis/0b99caac-88b2-4d06-9ac0-bd0d78585b74
2019-09-19 09:32:07,685 [pool-49-thread-1] INFO  server.RaftServerConfigKeys (ConfUtils.java:logGet(43)) - raft.server.log.queue.byte-limit = 2147483647 (custom)
2019-09-19 09:32:07,685 [pool-49-thread-1] INFO  server.RaftServerConfigKeys (ConfUtils.java:logGet(43)) - raft.server.log.queue.element-limit = 1024 (custom)
2019-09-19 09:32:07,685 [pool-49-thread-1] INFO  server.RaftServerConfigKeys (ConfUtils.java:logGet(43)) - raft.server.log.segment.size.max = 1048576 (custom)
2019-09-19 09:32:07,686 [pool-49-thread-1] INFO  server.RaftServerConfigKeys (ConfUtils.java:logGet(43)) - raft.server.log.preallocated.size = 16384 (custom)
2019-09-19 09:32:07,686 [pool-49-thread-1] INFO  server.RaftServerConfigKeys (ConfUtils.java:logGet(43)) - raft.server.log.write.buffer.size = 33554432 (custom)
2019-09-19 09:32:07,686 [pool-49-thread-1] INFO  server.RaftServerConfigKeys (ConfUtils.java:logGet(43)) - raft.server.log.force.sync.num = 128 (default)
2019-09-19 09:32:07,686 [pool-49-thread-1] INFO  server.RaftServerConfigKeys (ConfUtils.java:logGet(43)) - raft.server.log.statemachine.data.sync = true (default)
2019-09-19 09:32:07,686 [pool-49-thread-1] INFO  server.RaftServerConfigKeys (ConfUtils.java:logGet(43)) - raft.server.log.statemachine.data.sync.timeout = 10s (default)
2019-09-19 09:32:07,686 [pool-49-thread-1] INFO  server.RaftServerConfigKeys (ConfUtils.java:logGet(43)) - raft.server.log.statemachine.data.sync.timeout.retry = -1 (default)
2019-09-19 09:32:07,687 [pool-49-thread-1] INFO  server.RaftServerConfigKeys (ConfUtils.java:logGet(43)) - raft.server.log.statemachine.data.caching.enabled = true (custom)
2019-09-19 09:32:07,687 [pool-49-thread-1] INFO  segmented.SegmentedRaftLogWorker (SegmentedRaftLogWorker.java:lambda$new$0(132)) - 1671272a-c11f-4f03-85c2-ea0c5f99ec93-SegmentedRaftLogWorker:Storage Directory /workdir/hadoop-ozone/integration-test/target/test-dir/MiniOzoneClusterImpl-c03e40f7-b090-4a92-a38a-d9f2087836a0/datanode-2/data/ratis/0b99caac-88b2-4d06-9ac0-bd0d78585b74: flushIndex: setUnconditionally 0 -> -1
2019-09-19 09:32:07,687 [pool-49-thread-1] INFO  server.RaftServerConfigKeys (ConfUtils.java:logGet(43)) - raft.server.snapshot.auto.trigger.enabled = true (custom)
2019-09-19 09:32:07,687 [pool-49-thread-1] INFO  server.RaftServerConfigKeys (ConfUtils.java:logGet(43)) - raft.server.snapshot.auto.trigger.threshold = 10000 (custom)
2019-09-19 09:32:07,688 [pool-49-thread-1] INFO  server.RaftServerConfigKeys (ConfUtils.java:logGet(43)) - raft.server.retrycache.expirytime = 600000ms (custom)
2019-09-19 09:32:07,688 [pool-49-thread-1] INFO  impl.RaftServerImpl (RaftServerImpl.java:start(180)) - 1671272a-c11f-4f03-85c2-ea0c5f99ec93: start group-BD0D78585B74
2019-09-19 09:32:07,688 [pool-49-thread-1] INFO  impl.RaftServerImpl (RaftServerImpl.java:setRole(171)) - 1671272a-c11f-4f03-85c2-ea0c5f99ec93:group-BD0D78585B74 changes role from null to FOLLOWER at term 0 for startAsFollower
2019-09-19 09:32:07,688 [pool-49-thread-1] INFO  impl.RoleInfo (RoleInfo.java:updateAndGet(143)) - 1671272a-c11f-4f03-85c2-ea0c5f99ec93: start FollowerState
2019-09-19 09:32:07,689 [pool-49-thread-1] INFO  util.JmxRegister (JmxRegister.java:tryRegister(44)) - Successfully registered JMX Bean with object name Ratis:service=RaftServer,group=group-BD0D78585B74,id=1671272a-c11f-4f03-85c2-ea0c5f99ec93
2019-09-19 09:32:07,694 [RatisPipelineUtilsThread] INFO  pipeline.PipelineStateManager (PipelineStateManager.java:addPipeline(56)) - Created pipeline Pipeline[ Id: 0b99caac-88b2-4d06-9ac0-bd0d78585b74, Nodes: 1671272a-c11f-4f03-85c2-ea0c5f99ec93{ip: 192.168.34.5, host: pr-hdds-1569-j4bt4-3030777008, networkLocation: /default-rack, certSerialId: null}, Type:RATIS, Factor:ONE, State:OPEN]
2019-09-19 09:32:07,696 [RatisPipelineUtilsThread] ERROR pipeline.PipelinePlacementPolicy (PipelinePlacementPolicy.java:meetCriteria(91)) - Pipeline Placement: Doesn't meet the criteria to be viable node. Heaviness: 6
2019-09-19 09:32:07,696 [RatisPipelineUtilsThread] ERROR pipeline.PipelinePlacementPolicy (PipelinePlacementPolicy.java:meetCriteria(91)) - Pipeline Placement: Doesn't meet the criteria to be viable node. Heaviness: 6
2019-09-19 09:32:07,696 [RatisPipelineUtilsThread] ERROR pipeline.PipelinePlacementPolicy (PipelinePlacementPolicy.java:meetCriteria(91)) - Pipeline Placement: Doesn't meet the criteria to be viable node. Heaviness: 6
2019-09-19 09:32:07,708 [grpc-default-executor-1] INFO  impl.RaftServerProxy (RaftServerProxy.java:addNew(89)) - 7c3f124a-0cb2-45f0-b3a0-cd1753b18df8: addNew group-9F3F0EAEE54E:[7c3f124a-0cb2-45f0-b3a0-cd1753b18df8:192.168.34.5:40441] returns group-9F3F0EAEE54E:java.util.concurrent.CompletableFuture@d7132ef[Not completed]
2019-09-19 09:32:07,711 [pool-71-thread-1] INFO  impl.RaftServerImpl (RaftServerImpl.java:<init>(93)) - 7c3f124a-0cb2-45f0-b3a0-cd1753b18df8: new RaftServerImpl for group-9F3F0EAEE54E:[7c3f124a-0cb2-45f0-b3a0-cd1753b18df8:192.168.34.5:40441] with ContainerStateMachine:uninitialized
2019-09-19 09:32:07,711 [pool-71-thread-1] INFO  server.RaftServerConfigKeys (ConfUtils.java:logGet(43)) - raft.server.rpc.timeout.min = 5s (custom)
2019-09-19 09:32:07,711 [pool-71-thread-1] INFO  server.RaftServerConfigKeys (ConfUtils.java:logGet(43)) - raft.server.rpc.timeout.max = 5200ms (custom)
2019-09-19 09:32:07,711 [pool-71-thread-1] INFO  server.RaftServerConfigKeys (ConfUtils.java:logGet(43)) - raft.server.rpcslowness.timeout = 120s (custom)
2019-09-19 09:32:07,712 [pool-71-thread-1] INFO  server.RaftServerConfigKeys (ConfUtils.java:logGet(43)) - raft.server.sleep.deviation.threshold = 300 (default)
2019-09-19 09:32:07,712 [pool-71-thread-1] INFO  server.RaftServerConfigKeys (ConfUtils.java:logGet(43)) - raft.server.log.appender.install.snapshot.enabled = false (custom)
2019-09-19 09:32:07,712 [pool-71-thread-1] INFO  impl.RaftServerImpl (ServerState.java:<init>(105)) - 7c3f124a-0cb2-45f0-b3a0-cd1753b18df8:group-9F3F0EAEE54E ConfigurationManager, init=-1: [7c3f124a-0cb2-45f0-b3a0-cd1753b18df8:192.168.34.5:40441], old=null, confs=<EMPTY_MAP>
2019-09-19 09:32:07,712 [pool-71-thread-1] INFO  server.RaftServerConfigKeys (ConfUtils.java:logGet(43)) - raft.server.storage.dir = [/workdir/hadoop-ozone/integration-test/target/test-dir/MiniOzoneClusterImpl-c03e40f7-b090-4a92-a38a-d9f2087836a0/datanode-4/data/ratis] (custom)
2019-09-19 09:32:07,712 [pool-71-thread-1] INFO  storage.RaftStorageDirectory (RaftStorageDirectory.java:analyzeStorage(246)) - The storage directory /workdir/hadoop-ozone/integration-test/target/test-dir/MiniOzoneClusterImpl-c03e40f7-b090-4a92-a38a-d9f2087836a0/datanode-4/data/ratis/81b77b50-0847-4d76-a614-9f3f0eaee54e does not exist. Creating ...
2019-09-19 09:32:07,725 [pool-71-thread-1] INFO  storage.RaftStorageDirectory (RaftStorageDirectory.java:tryLock(328)) - Lock on /workdir/hadoop-ozone/integration-test/target/test-dir/MiniOzoneClusterImpl-c03e40f7-b090-4a92-a38a-d9f2087836a0/datanode-4/data/ratis/81b77b50-0847-4d76-a614-9f3f0eaee54e/in_use.lock acquired by nodename 9275@pr-hdds-1569-j4bt4-3030777008
2019-09-19 09:32:07,738 [pool-71-thread-1] INFO  storage.RaftStorage (RaftStorage.java:format(72)) - Storage directory /workdir/hadoop-ozone/integration-test/target/test-dir/MiniOzoneClusterImpl-c03e40f7-b090-4a92-a38a-d9f2087836a0/datanode-4/data/ratis/81b77b50-0847-4d76-a614-9f3f0eaee54e has been successfully formatted.
2019-09-19 09:32:07,738 [pool-71-thread-1] INFO  ratis.ContainerStateMachine (ContainerStateMachine.java:loadSnapshot(226)) - group-9F3F0EAEE54E: The snapshot info is null. Setting the last applied indexto:(t:0, i:~)
2019-09-19 09:32:07,738 [pool-71-thread-1] INFO  server.RaftServerConfigKeys (ConfUtils.java:logGet(43)) - raft.server.leader.election.timeout = 120s (custom)
2019-09-19 09:32:07,738 [pool-71-thread-1] INFO  server.RaftServerConfigKeys (ConfUtils.java:logGet(43)) - raft.server.log.use.memory = false (default)
2019-09-19 09:32:07,738 [pool-71-thread-1] INFO  server.RaftServerConfigKeys (ConfUtils.java:logGet(43)) - raft.server.log.purge.gap = 1000000 (custom)
2019-09-19 09:32:07,738 [pool-71-thread-1] INFO  server.RaftServerConfigKeys (ConfUtils.java:logGet(43)) - raft.server.log.appender.buffer.byte-limit = 33554432 (custom)
2019-09-19 09:32:07,739 [pool-71-thread-1] INFO  server.RaftServerConfigKeys (ConfUtils.java:logGet(43)) - raft.server.log.segment.size.max = 1048576 (custom)
2019-09-19 09:32:07,739 [pool-71-thread-1] INFO  server.RaftServerConfigKeys (ConfUtils.java:logGet(43)) - raft.server.log.segment.cache.num.max = 2 (custom)
2019-09-19 09:32:07,739 [pool-71-thread-1] INFO  segmented.SegmentedRaftLogWorker (SegmentedRaftLogWorker.java:<init>(172)) - new 7c3f124a-0cb2-45f0-b3a0-cd1753b18df8-SegmentedRaftLogWorker:Storage Directory /workdir/hadoop-ozone/integration-test/target/test-dir/MiniOzoneClusterImpl-c03e40f7-b090-4a92-a38a-d9f2087836a0/datanode-4/data/ratis/81b77b50-0847-4d76-a614-9f3f0eaee54e for RaftStorage:Storage Directory /workdir/hadoop-ozone/integration-test/target/test-dir/MiniOzoneClusterImpl-c03e40f7-b090-4a92-a38a-d9f2087836a0/datanode-4/data/ratis/81b77b50-0847-4d76-a614-9f3f0eaee54e
2019-09-19 09:32:07,739 [pool-71-thread-1] INFO  server.RaftServerConfigKeys (ConfUtils.java:logGet(43)) - raft.server.log.queue.byte-limit = 2147483647 (custom)
2019-09-19 09:32:07,739 [pool-71-thread-1] INFO  server.RaftServerConfigKeys (ConfUtils.java:logGet(43)) - raft.server.log.queue.element-limit = 1024 (custom)
2019-09-19 09:32:07,739 [pool-71-thread-1] INFO  server.RaftServerConfigKeys (ConfUtils.java:logGet(43)) - raft.server.log.segment.size.max = 1048576 (custom)
2019-09-19 09:32:07,739 [pool-71-thread-1] INFO  server.RaftServerConfigKeys (ConfUtils.java:logGet(43)) - raft.server.log.preallocated.size = 16384 (custom)
2019-09-19 09:32:07,739 [pool-71-thread-1] INFO  server.RaftServerConfigKeys (ConfUtils.java:logGet(43)) - raft.server.log.write.buffer.size = 33554432 (custom)
2019-09-19 09:32:07,739 [pool-71-thread-1] INFO  server.RaftServerConfigKeys (ConfUtils.java:logGet(43)) - raft.server.log.force.sync.num = 128 (default)
2019-09-19 09:32:07,740 [pool-71-thread-1] INFO  server.RaftServerConfigKeys (ConfUtils.java:logGet(43)) - raft.server.log.statemachine.data.sync = true (default)
2019-09-19 09:32:07,740 [pool-71-thread-1] INFO  server.RaftServerConfigKeys (ConfUtils.java:logGet(43)) - raft.server.log.statemachine.data.sync.timeout = 10s (default)
2019-09-19 09:32:07,740 [pool-71-thread-1] INFO  server.RaftServerConfigKeys (ConfUtils.java:logGet(43)) - raft.server.log.statemachine.data.sync.timeout.retry = -1 (default)
2019-09-19 09:32:07,740 [pool-71-thread-1] INFO  server.RaftServerConfigKeys (ConfUtils.java:logGet(43)) - raft.server.log.statemachine.data.caching.enabled = true (custom)
2019-09-19 09:32:07,740 [pool-71-thread-1] INFO  segmented.SegmentedRaftLogWorker (SegmentedRaftLogWorker.java:lambda$new$0(132)) - 7c3f124a-0cb2-45f0-b3a0-cd1753b18df8-SegmentedRaftLogWorker:Storage Directory /workdir/hadoop-ozone/integration-test/target/test-dir/MiniOzoneClusterImpl-c03e40f7-b090-4a92-a38a-d9f2087836a0/datanode-4/data/ratis/81b77b50-0847-4d76-a614-9f3f0eaee54e: flushIndex: setUnconditionally 0 -> -1
2019-09-19 09:32:07,740 [pool-71-thread-1] INFO  server.RaftServerConfigKeys (ConfUtils.java:logGet(43)) - raft.server.snapshot.auto.trigger.enabled = true (custom)
2019-09-19 09:32:07,741 [pool-71-thread-1] INFO  server.RaftServerConfigKeys (ConfUtils.java:logGet(43)) - raft.server.snapshot.auto.trigger.threshold = 10000 (custom)
2019-09-19 09:32:07,741 [pool-71-thread-1] INFO  server.RaftServerConfigKeys (ConfUtils.java:logGet(43)) - raft.server.retrycache.expirytime = 600000ms (custom)
2019-09-19 09:32:07,741 [pool-71-thread-1] INFO  impl.RaftServerImpl (RaftServerImpl.java:start(180)) - 7c3f124a-0cb2-45f0-b3a0-cd1753b18df8: start group-9F3F0EAEE54E
2019-09-19 09:32:07,741 [pool-71-thread-1] INFO  impl.RaftServerImpl (RaftServerImpl.java:setRole(171)) - 7c3f124a-0cb2-45f0-b3a0-cd1753b18df8:group-9F3F0EAEE54E changes role from null to FOLLOWER at term 0 for startAsFollower
2019-09-19 09:32:07,741 [pool-71-thread-1] INFO  impl.RoleInfo (RoleInfo.java:updateAndGet(143)) - 7c3f124a-0cb2-45f0-b3a0-cd1753b18df8: start FollowerState
2019-09-19 09:32:07,741 [pool-71-thread-1] INFO  util.JmxRegister (JmxRegister.java:tryRegister(44)) - Successfully registered JMX Bean with object name Ratis:service=RaftServer,group=group-9F3F0EAEE54E,id=7c3f124a-0cb2-45f0-b3a0-cd1753b18df8
2019-09-19 09:32:07,747 [RatisPipelineUtilsThread] INFO  pipeline.PipelineStateManager (PipelineStateManager.java:addPipeline(56)) - Created pipeline Pipeline[ Id: 81b77b50-0847-4d76-a614-9f3f0eaee54e, Nodes: 7c3f124a-0cb2-45f0-b3a0-cd1753b18df8{ip: 192.168.34.5, host: pr-hdds-1569-j4bt4-3030777008, networkLocation: /default-rack, certSerialId: null}, Type:RATIS, Factor:ONE, State:OPEN]
2019-09-19 09:32:07,749 [RatisPipelineUtilsThread] ERROR pipeline.PipelinePlacementPolicy (PipelinePlacementPolicy.java:meetCriteria(91)) - Pipeline Placement: Doesn't meet the criteria to be viable node. Heaviness: 6
2019-09-19 09:32:07,749 [RatisPipelineUtilsThread] ERROR pipeline.PipelinePlacementPolicy (PipelinePlacementPolicy.java:meetCriteria(91)) - Pipeline Placement: Doesn't meet the criteria to be viable node. Heaviness: 6
2019-09-19 09:32:07,749 [RatisPipelineUtilsThread] ERROR pipeline.PipelinePlacementPolicy (PipelinePlacementPolicy.java:meetCriteria(91)) - Pipeline Placement: Doesn't meet the criteria to be viable node. Heaviness: 6
2019-09-19 09:32:07,758 [grpc-default-executor-1] INFO  impl.RaftServerProxy (RaftServerProxy.java:addNew(89)) - 38cd0138-33f7-48fe-ab23-0150bb61f7f1: addNew group-AFE5E6056393:[38cd0138-33f7-48fe-ab23-0150bb61f7f1:192.168.34.5:36410] returns group-AFE5E6056393:java.util.concurrent.CompletableFuture@213f40f7[Not completed]
2019-09-19 09:32:07,760 [pool-60-thread-1] INFO  impl.RaftServerImpl (RaftServerImpl.java:<init>(93)) - 38cd0138-33f7-48fe-ab23-0150bb61f7f1: new RaftServerImpl for group-AFE5E6056393:[38cd0138-33f7-48fe-ab23-0150bb61f7f1:192.168.34.5:36410] with ContainerStateMachine:uninitialized
2019-09-19 09:32:07,760 [pool-60-thread-1] INFO  server.RaftServerConfigKeys (ConfUtils.java:logGet(43)) - raft.server.rpc.timeout.min = 5s (custom)
2019-09-19 09:32:07,760 [pool-60-thread-1] INFO  server.RaftServerConfigKeys (ConfUtils.java:logGet(43)) - raft.server.rpc.timeout.max = 5200ms (custom)
2019-09-19 09:32:07,760 [pool-60-thread-1] INFO  server.RaftServerConfigKeys (ConfUtils.java:logGet(43)) - raft.server.rpcslowness.timeout = 120s (custom)
2019-09-19 09:32:07,760 [pool-60-thread-1] INFO  server.RaftServerConfigKeys (ConfUtils.java:logGet(43)) - raft.server.sleep.deviation.threshold = 300 (default)
2019-09-19 09:32:07,760 [pool-60-thread-1] INFO  server.RaftServerConfigKeys (ConfUtils.java:logGet(43)) - raft.server.log.appender.install.snapshot.enabled = false (custom)
2019-09-19 09:32:07,761 [pool-60-thread-1] INFO  impl.RaftServerImpl (ServerState.java:<init>(105)) - 38cd0138-33f7-48fe-ab23-0150bb61f7f1:group-AFE5E6056393 ConfigurationManager, init=-1: [38cd0138-33f7-48fe-ab23-0150bb61f7f1:192.168.34.5:36410], old=null, confs=<EMPTY_MAP>
2019-09-19 09:32:07,761 [pool-60-thread-1] INFO  server.RaftServerConfigKeys (ConfUtils.java:logGet(43)) - raft.server.storage.dir = [/workdir/hadoop-ozone/integration-test/target/test-dir/MiniOzoneClusterImpl-c03e40f7-b090-4a92-a38a-d9f2087836a0/datanode-3/data/ratis] (custom)
2019-09-19 09:32:07,761 [pool-60-thread-1] INFO  storage.RaftStorageDirectory (RaftStorageDirectory.java:analyzeStorage(246)) - The storage directory /workdir/hadoop-ozone/integration-test/target/test-dir/MiniOzoneClusterImpl-c03e40f7-b090-4a92-a38a-d9f2087836a0/datanode-3/data/ratis/4f7afac0-c151-4d1f-b882-afe5e6056393 does not exist. Creating ...
2019-09-19 09:32:07,774 [pool-60-thread-1] INFO  storage.RaftStorageDirectory (RaftStorageDirectory.java:tryLock(328)) - Lock on /workdir/hadoop-ozone/integration-test/target/test-dir/MiniOzoneClusterImpl-c03e40f7-b090-4a92-a38a-d9f2087836a0/datanode-3/data/ratis/4f7afac0-c151-4d1f-b882-afe5e6056393/in_use.lock acquired by nodename 9275@pr-hdds-1569-j4bt4-3030777008
2019-09-19 09:32:07,793 [pool-60-thread-1] INFO  storage.RaftStorage (RaftStorage.java:format(72)) - Storage directory /workdir/hadoop-ozone/integration-test/target/test-dir/MiniOzoneClusterImpl-c03e40f7-b090-4a92-a38a-d9f2087836a0/datanode-3/data/ratis/4f7afac0-c151-4d1f-b882-afe5e6056393 has been successfully formatted.
2019-09-19 09:32:07,794 [pool-60-thread-1] INFO  ratis.ContainerStateMachine (ContainerStateMachine.java:loadSnapshot(226)) - group-AFE5E6056393: The snapshot info is null. Setting the last applied indexto:(t:0, i:~)
2019-09-19 09:32:07,794 [pool-60-thread-1] INFO  server.RaftServerConfigKeys (ConfUtils.java:logGet(43)) - raft.server.leader.election.timeout = 120s (custom)
2019-09-19 09:32:07,794 [pool-60-thread-1] INFO  server.RaftServerConfigKeys (ConfUtils.java:logGet(43)) - raft.server.log.use.memory = false (default)
2019-09-19 09:32:07,794 [pool-60-thread-1] INFO  server.RaftServerConfigKeys (ConfUtils.java:logGet(43)) - raft.server.log.purge.gap = 1000000 (custom)
2019-09-19 09:32:07,794 [pool-60-thread-1] INFO  server.RaftServerConfigKeys (ConfUtils.java:logGet(43)) - raft.server.log.appender.buffer.byte-limit = 33554432 (custom)
2019-09-19 09:32:07,794 [pool-60-thread-1] INFO  server.RaftServerConfigKeys (ConfUtils.java:logGet(43)) - raft.server.log.segment.size.max = 1048576 (custom)
2019-09-19 09:32:07,795 [pool-60-thread-1] INFO  server.RaftServerConfigKeys (ConfUtils.java:logGet(43)) - raft.server.log.segment.cache.num.max = 2 (custom)
2019-09-19 09:32:07,795 [pool-60-thread-1] INFO  segmented.SegmentedRaftLogWorker (SegmentedRaftLogWorker.java:<init>(172)) - new 38cd0138-33f7-48fe-ab23-0150bb61f7f1-SegmentedRaftLogWorker:Storage Directory /workdir/hadoop-ozone/integration-test/target/test-dir/MiniOzoneClusterImpl-c03e40f7-b090-4a92-a38a-d9f2087836a0/datanode-3/data/ratis/4f7afac0-c151-4d1f-b882-afe5e6056393 for RaftStorage:Storage Directory /workdir/hadoop-ozone/integration-test/target/test-dir/MiniOzoneClusterImpl-c03e40f7-b090-4a92-a38a-d9f2087836a0/datanode-3/data/ratis/4f7afac0-c151-4d1f-b882-afe5e6056393
2019-09-19 09:32:07,795 [pool-60-thread-1] INFO  server.RaftServerConfigKeys (ConfUtils.java:logGet(43)) - raft.server.log.queue.byte-limit = 2147483647 (custom)
2019-09-19 09:32:07,795 [pool-60-thread-1] INFO  server.RaftServerConfigKeys (ConfUtils.java:logGet(43)) - raft.server.log.queue.element-limit = 1024 (custom)
2019-09-19 09:32:07,795 [pool-60-thread-1] INFO  server.RaftServerConfigKeys (ConfUtils.java:logGet(43)) - raft.server.log.segment.size.max = 1048576 (custom)
2019-09-19 09:32:07,795 [pool-60-thread-1] INFO  server.RaftServerConfigKeys (ConfUtils.java:logGet(43)) - raft.server.log.preallocated.size = 16384 (custom)
2019-09-19 09:32:07,795 [pool-60-thread-1] INFO  server.RaftServerConfigKeys (ConfUtils.java:logGet(43)) - raft.server.log.write.buffer.size = 33554432 (custom)
2019-09-19 09:32:07,796 [pool-60-thread-1] INFO  server.RaftServerConfigKeys (ConfUtils.java:logGet(43)) - raft.server.log.force.sync.num = 128 (default)
2019-09-19 09:32:07,796 [pool-60-thread-1] INFO  server.RaftServerConfigKeys (ConfUtils.java:logGet(43)) - raft.server.log.statemachine.data.sync = true (default)
2019-09-19 09:32:07,796 [pool-60-thread-1] INFO  server.RaftServerConfigKeys (ConfUtils.java:logGet(43)) - raft.server.log.statemachine.data.sync.timeout = 10s (default)
2019-09-19 09:32:07,796 [pool-60-thread-1] INFO  server.RaftServerConfigKeys (ConfUtils.java:logGet(43)) - raft.server.log.statemachine.data.sync.timeout.retry = -1 (default)
2019-09-19 09:32:07,796 [pool-60-thread-1] INFO  server.RaftServerConfigKeys (ConfUtils.java:logGet(43)) - raft.server.log.statemachine.data.caching.enabled = true (custom)
2019-09-19 09:32:07,797 [pool-60-thread-1] INFO  segmented.SegmentedRaftLogWorker (SegmentedRaftLogWorker.java:lambda$new$0(132)) - 38cd0138-33f7-48fe-ab23-0150bb61f7f1-SegmentedRaftLogWorker:Storage Directory /workdir/hadoop-ozone/integration-test/target/test-dir/MiniOzoneClusterImpl-c03e40f7-b090-4a92-a38a-d9f2087836a0/datanode-3/data/ratis/4f7afac0-c151-4d1f-b882-afe5e6056393: flushIndex: setUnconditionally 0 -> -1
2019-09-19 09:32:07,797 [pool-60-thread-1] INFO  server.RaftServerConfigKeys (ConfUtils.java:logGet(43)) - raft.server.snapshot.auto.trigger.enabled = true (custom)
2019-09-19 09:32:07,797 [pool-60-thread-1] INFO  server.RaftServerConfigKeys (ConfUtils.java:logGet(43)) - raft.server.snapshot.auto.trigger.threshold = 10000 (custom)
2019-09-19 09:32:07,797 [pool-60-thread-1] INFO  server.RaftServerConfigKeys (ConfUtils.java:logGet(43)) - raft.server.retrycache.expirytime = 600000ms (custom)
2019-09-19 09:32:07,798 [pool-60-thread-1] INFO  impl.RaftServerImpl (RaftServerImpl.java:start(180)) - 38cd0138-33f7-48fe-ab23-0150bb61f7f1: start group-AFE5E6056393
2019-09-19 09:32:07,798 [pool-60-thread-1] INFO  impl.RaftServerImpl (RaftServerImpl.java:setRole(171)) - 38cd0138-33f7-48fe-ab23-0150bb61f7f1:group-AFE5E6056393 changes role from null to FOLLOWER at term 0 for startAsFollower
2019-09-19 09:32:07,798 [pool-60-thread-1] INFO  impl.RoleInfo (RoleInfo.java:updateAndGet(143)) - 38cd0138-33f7-48fe-ab23-0150bb61f7f1: start FollowerState
2019-09-19 09:32:07,798 [pool-60-thread-1] INFO  util.JmxRegister (JmxRegister.java:tryRegister(44)) - Successfully registered JMX Bean with object name Ratis:service=RaftServer,group=group-AFE5E6056393,id=38cd0138-33f7-48fe-ab23-0150bb61f7f1
2019-09-19 09:32:07,804 [RatisPipelineUtilsThread] INFO  pipeline.PipelineStateManager (PipelineStateManager.java:addPipeline(56)) - Created pipeline Pipeline[ Id: 4f7afac0-c151-4d1f-b882-afe5e6056393, Nodes: 38cd0138-33f7-48fe-ab23-0150bb61f7f1{ip: 192.168.34.5, host: pr-hdds-1569-j4bt4-3030777008, networkLocation: /default-rack, certSerialId: null}, Type:RATIS, Factor:ONE, State:OPEN]
2019-09-19 09:32:07,806 [RatisPipelineUtilsThread] ERROR pipeline.PipelinePlacementPolicy (PipelinePlacementPolicy.java:meetCriteria(91)) - Pipeline Placement: Doesn't meet the criteria to be viable node. Heaviness: 6
2019-09-19 09:32:07,806 [RatisPipelineUtilsThread] ERROR pipeline.PipelinePlacementPolicy (PipelinePlacementPolicy.java:meetCriteria(91)) - Pipeline Placement: Doesn't meet the criteria to be viable node. Heaviness: 6
2019-09-19 09:32:07,806 [RatisPipelineUtilsThread] ERROR pipeline.PipelinePlacementPolicy (PipelinePlacementPolicy.java:meetCriteria(91)) - Pipeline Placement: Doesn't meet the criteria to be viable node. Heaviness: 6
2019-09-19 09:32:07,816 [grpc-default-executor-1] INFO  impl.RaftServerProxy (RaftServerProxy.java:addNew(89)) - 7c3f124a-0cb2-45f0-b3a0-cd1753b18df8: addNew group-86506D14F6A1:[7c3f124a-0cb2-45f0-b3a0-cd1753b18df8:192.168.34.5:40441] returns group-86506D14F6A1:java.util.concurrent.CompletableFuture@1b88c25c[Not completed]
2019-09-19 09:32:07,818 [pool-71-thread-1] INFO  impl.RaftServerImpl (RaftServerImpl.java:<init>(93)) - 7c3f124a-0cb2-45f0-b3a0-cd1753b18df8: new RaftServerImpl for group-86506D14F6A1:[7c3f124a-0cb2-45f0-b3a0-cd1753b18df8:192.168.34.5:40441] with ContainerStateMachine:uninitialized
2019-09-19 09:32:07,818 [pool-71-thread-1] INFO  server.RaftServerConfigKeys (ConfUtils.java:logGet(43)) - raft.server.rpc.timeout.min = 5s (custom)
2019-09-19 09:32:07,818 [pool-71-thread-1] INFO  server.RaftServerConfigKeys (ConfUtils.java:logGet(43)) - raft.server.rpc.timeout.max = 5200ms (custom)
2019-09-19 09:32:07,818 [pool-71-thread-1] INFO  server.RaftServerConfigKeys (ConfUtils.java:logGet(43)) - raft.server.rpcslowness.timeout = 120s (custom)
2019-09-19 09:32:07,818 [pool-71-thread-1] INFO  server.RaftServerConfigKeys (ConfUtils.java:logGet(43)) - raft.server.sleep.deviation.threshold = 300 (default)
2019-09-19 09:32:07,818 [pool-71-thread-1] INFO  server.RaftServerConfigKeys (ConfUtils.java:logGet(43)) - raft.server.log.appender.install.snapshot.enabled = false (custom)
2019-09-19 09:32:07,819 [pool-71-thread-1] INFO  impl.RaftServerImpl (ServerState.java:<init>(105)) - 7c3f124a-0cb2-45f0-b3a0-cd1753b18df8:group-86506D14F6A1 ConfigurationManager, init=-1: [7c3f124a-0cb2-45f0-b3a0-cd1753b18df8:192.168.34.5:40441], old=null, confs=<EMPTY_MAP>
2019-09-19 09:32:07,819 [pool-71-thread-1] INFO  server.RaftServerConfigKeys (ConfUtils.java:logGet(43)) - raft.server.storage.dir = [/workdir/hadoop-ozone/integration-test/target/test-dir/MiniOzoneClusterImpl-c03e40f7-b090-4a92-a38a-d9f2087836a0/datanode-4/data/ratis] (custom)
2019-09-19 09:32:07,819 [pool-71-thread-1] INFO  storage.RaftStorageDirectory (RaftStorageDirectory.java:analyzeStorage(246)) - The storage directory /workdir/hadoop-ozone/integration-test/target/test-dir/MiniOzoneClusterImpl-c03e40f7-b090-4a92-a38a-d9f2087836a0/datanode-4/data/ratis/fd050799-308d-4774-824c-86506d14f6a1 does not exist. Creating ...
2019-09-19 09:32:07,832 [pool-71-thread-1] INFO  storage.RaftStorageDirectory (RaftStorageDirectory.java:tryLock(328)) - Lock on /workdir/hadoop-ozone/integration-test/target/test-dir/MiniOzoneClusterImpl-c03e40f7-b090-4a92-a38a-d9f2087836a0/datanode-4/data/ratis/fd050799-308d-4774-824c-86506d14f6a1/in_use.lock acquired by nodename 9275@pr-hdds-1569-j4bt4-3030777008
2019-09-19 09:32:07,845 [pool-71-thread-1] INFO  storage.RaftStorage (RaftStorage.java:format(72)) - Storage directory /workdir/hadoop-ozone/integration-test/target/test-dir/MiniOzoneClusterImpl-c03e40f7-b090-4a92-a38a-d9f2087836a0/datanode-4/data/ratis/fd050799-308d-4774-824c-86506d14f6a1 has been successfully formatted.
2019-09-19 09:32:07,846 [pool-71-thread-1] INFO  ratis.ContainerStateMachine (ContainerStateMachine.java:loadSnapshot(226)) - group-86506D14F6A1: The snapshot info is null. Setting the last applied indexto:(t:0, i:~)
2019-09-19 09:32:07,846 [pool-71-thread-1] INFO  server.RaftServerConfigKeys (ConfUtils.java:logGet(43)) - raft.server.leader.election.timeout = 120s (custom)
2019-09-19 09:32:07,846 [pool-71-thread-1] INFO  server.RaftServerConfigKeys (ConfUtils.java:logGet(43)) - raft.server.log.use.memory = false (default)
2019-09-19 09:32:07,846 [pool-71-thread-1] INFO  server.RaftServerConfigKeys (ConfUtils.java:logGet(43)) - raft.server.log.purge.gap = 1000000 (custom)
2019-09-19 09:32:07,846 [pool-71-thread-1] INFO  server.RaftServerConfigKeys (ConfUtils.java:logGet(43)) - raft.server.log.appender.buffer.byte-limit = 33554432 (custom)
2019-09-19 09:32:07,847 [pool-71-thread-1] INFO  server.RaftServerConfigKeys (ConfUtils.java:logGet(43)) - raft.server.log.segment.size.max = 1048576 (custom)
2019-09-19 09:32:07,847 [pool-71-thread-1] INFO  server.RaftServerConfigKeys (ConfUtils.java:logGet(43)) - raft.server.log.segment.cache.num.max = 2 (custom)
2019-09-19 09:32:07,847 [pool-71-thread-1] INFO  segmented.SegmentedRaftLogWorker (SegmentedRaftLogWorker.java:<init>(172)) - new 7c3f124a-0cb2-45f0-b3a0-cd1753b18df8-SegmentedRaftLogWorker:Storage Directory /workdir/hadoop-ozone/integration-test/target/test-dir/MiniOzoneClusterImpl-c03e40f7-b090-4a92-a38a-d9f2087836a0/datanode-4/data/ratis/fd050799-308d-4774-824c-86506d14f6a1 for RaftStorage:Storage Directory /workdir/hadoop-ozone/integration-test/target/test-dir/MiniOzoneClusterImpl-c03e40f7-b090-4a92-a38a-d9f2087836a0/datanode-4/data/ratis/fd050799-308d-4774-824c-86506d14f6a1
2019-09-19 09:32:07,847 [pool-71-thread-1] INFO  server.RaftServerConfigKeys (ConfUtils.java:logGet(43)) - raft.server.log.queue.byte-limit = 2147483647 (custom)
2019-09-19 09:32:07,847 [pool-71-thread-1] INFO  server.RaftServerConfigKeys (ConfUtils.java:logGet(43)) - raft.server.log.queue.element-limit = 1024 (custom)
2019-09-19 09:32:07,847 [pool-71-thread-1] INFO  server.RaftServerConfigKeys (ConfUtils.java:logGet(43)) - raft.server.log.segment.size.max = 1048576 (custom)
2019-09-19 09:32:07,848 [pool-71-thread-1] INFO  server.RaftServerConfigKeys (ConfUtils.java:logGet(43)) - raft.server.log.preallocated.size = 16384 (custom)
2019-09-19 09:32:07,848 [pool-71-thread-1] INFO  server.RaftServerConfigKeys (ConfUtils.java:logGet(43)) - raft.server.log.write.buffer.size = 33554432 (custom)
2019-09-19 09:32:07,848 [pool-71-thread-1] INFO  server.RaftServerConfigKeys (ConfUtils.java:logGet(43)) - raft.server.log.force.sync.num = 128 (default)
2019-09-19 09:32:07,848 [pool-71-thread-1] INFO  server.RaftServerConfigKeys (ConfUtils.java:logGet(43)) - raft.server.log.statemachine.data.sync = true (default)
2019-09-19 09:32:07,848 [pool-71-thread-1] INFO  server.RaftServerConfigKeys (ConfUtils.java:logGet(43)) - raft.server.log.statemachine.data.sync.timeout = 10s (default)
2019-09-19 09:32:07,848 [pool-71-thread-1] INFO  server.RaftServerConfigKeys (ConfUtils.java:logGet(43)) - raft.server.log.statemachine.data.sync.timeout.retry = -1 (default)
2019-09-19 09:32:07,848 [pool-71-thread-1] INFO  server.RaftServerConfigKeys (ConfUtils.java:logGet(43)) - raft.server.log.statemachine.data.caching.enabled = true (custom)
2019-09-19 09:32:07,849 [pool-71-thread-1] INFO  segmented.SegmentedRaftLogWorker (SegmentedRaftLogWorker.java:lambda$new$0(132)) - 7c3f124a-0cb2-45f0-b3a0-cd1753b18df8-SegmentedRaftLogWorker:Storage Directory /workdir/hadoop-ozone/integration-test/target/test-dir/MiniOzoneClusterImpl-c03e40f7-b090-4a92-a38a-d9f2087836a0/datanode-4/data/ratis/fd050799-308d-4774-824c-86506d14f6a1: flushIndex: setUnconditionally 0 -> -1
2019-09-19 09:32:07,849 [pool-71-thread-1] INFO  server.RaftServerConfigKeys (ConfUtils.java:logGet(43)) - raft.server.snapshot.auto.trigger.enabled = true (custom)
2019-09-19 09:32:07,849 [pool-71-thread-1] INFO  server.RaftServerConfigKeys (ConfUtils.java:logGet(43)) - raft.server.snapshot.auto.trigger.threshold = 10000 (custom)
2019-09-19 09:32:07,849 [pool-71-thread-1] INFO  server.RaftServerConfigKeys (ConfUtils.java:logGet(43)) - raft.server.retrycache.expirytime = 600000ms (custom)
2019-09-19 09:32:07,850 [pool-71-thread-1] INFO  impl.RaftServerImpl (RaftServerImpl.java:start(180)) - 7c3f124a-0cb2-45f0-b3a0-cd1753b18df8: start group-86506D14F6A1
2019-09-19 09:32:07,850 [pool-71-thread-1] INFO  impl.RaftServerImpl (RaftServerImpl.java:setRole(171)) - 7c3f124a-0cb2-45f0-b3a0-cd1753b18df8:group-86506D14F6A1 changes role from null to FOLLOWER at term 0 for startAsFollower
2019-09-19 09:32:07,850 [pool-71-thread-1] INFO  impl.RoleInfo (RoleInfo.java:updateAndGet(143)) - 7c3f124a-0cb2-45f0-b3a0-cd1753b18df8: start FollowerState
2019-09-19 09:32:07,850 [pool-71-thread-1] INFO  util.JmxRegister (JmxRegister.java:tryRegister(44)) - Successfully registered JMX Bean with object name Ratis:service=RaftServer,group=group-86506D14F6A1,id=7c3f124a-0cb2-45f0-b3a0-cd1753b18df8
2019-09-19 09:32:07,855 [RatisPipelineUtilsThread] INFO  pipeline.PipelineStateManager (PipelineStateManager.java:addPipeline(56)) - Created pipeline Pipeline[ Id: fd050799-308d-4774-824c-86506d14f6a1, Nodes: 7c3f124a-0cb2-45f0-b3a0-cd1753b18df8{ip: 192.168.34.5, host: pr-hdds-1569-j4bt4-3030777008, networkLocation: /default-rack, certSerialId: null}, Type:RATIS, Factor:ONE, State:OPEN]
2019-09-19 09:32:07,857 [RatisPipelineUtilsThread] ERROR pipeline.PipelinePlacementPolicy (PipelinePlacementPolicy.java:meetCriteria(91)) - Pipeline Placement: Doesn't meet the criteria to be viable node. Heaviness: 6
2019-09-19 09:32:07,857 [RatisPipelineUtilsThread] ERROR pipeline.PipelinePlacementPolicy (PipelinePlacementPolicy.java:meetCriteria(91)) - Pipeline Placement: Doesn't meet the criteria to be viable node. Heaviness: 6
2019-09-19 09:32:07,857 [RatisPipelineUtilsThread] ERROR pipeline.PipelinePlacementPolicy (PipelinePlacementPolicy.java:meetCriteria(91)) - Pipeline Placement: Doesn't meet the criteria to be viable node. Heaviness: 6
2019-09-19 09:32:07,867 [grpc-default-executor-1] INFO  impl.RaftServerProxy (RaftServerProxy.java:addNew(89)) - 38cd0138-33f7-48fe-ab23-0150bb61f7f1: addNew group-9253CF582336:[38cd0138-33f7-48fe-ab23-0150bb61f7f1:192.168.34.5:36410] returns group-9253CF582336:java.util.concurrent.CompletableFuture@422c4341[Not completed]
2019-09-19 09:32:07,868 [pool-60-thread-1] INFO  impl.RaftServerImpl (RaftServerImpl.java:<init>(93)) - 38cd0138-33f7-48fe-ab23-0150bb61f7f1: new RaftServerImpl for group-9253CF582336:[38cd0138-33f7-48fe-ab23-0150bb61f7f1:192.168.34.5:36410] with ContainerStateMachine:uninitialized
2019-09-19 09:32:07,868 [pool-60-thread-1] INFO  server.RaftServerConfigKeys (ConfUtils.java:logGet(43)) - raft.server.rpc.timeout.min = 5s (custom)
2019-09-19 09:32:07,868 [pool-60-thread-1] INFO  server.RaftServerConfigKeys (ConfUtils.java:logGet(43)) - raft.server.rpc.timeout.max = 5200ms (custom)
2019-09-19 09:32:07,869 [pool-60-thread-1] INFO  server.RaftServerConfigKeys (ConfUtils.java:logGet(43)) - raft.server.rpcslowness.timeout = 120s (custom)
2019-09-19 09:32:07,869 [pool-60-thread-1] INFO  server.RaftServerConfigKeys (ConfUtils.java:logGet(43)) - raft.server.sleep.deviation.threshold = 300 (default)
2019-09-19 09:32:07,869 [pool-60-thread-1] INFO  server.RaftServerConfigKeys (ConfUtils.java:logGet(43)) - raft.server.log.appender.install.snapshot.enabled = false (custom)
2019-09-19 09:32:07,869 [pool-60-thread-1] INFO  impl.RaftServerImpl (ServerState.java:<init>(105)) - 38cd0138-33f7-48fe-ab23-0150bb61f7f1:group-9253CF582336 ConfigurationManager, init=-1: [38cd0138-33f7-48fe-ab23-0150bb61f7f1:192.168.34.5:36410], old=null, confs=<EMPTY_MAP>
2019-09-19 09:32:07,869 [pool-60-thread-1] INFO  server.RaftServerConfigKeys (ConfUtils.java:logGet(43)) - raft.server.storage.dir = [/workdir/hadoop-ozone/integration-test/target/test-dir/MiniOzoneClusterImpl-c03e40f7-b090-4a92-a38a-d9f2087836a0/datanode-3/data/ratis] (custom)
2019-09-19 09:32:07,870 [pool-60-thread-1] INFO  storage.RaftStorageDirectory (RaftStorageDirectory.java:analyzeStorage(246)) - The storage directory /workdir/hadoop-ozone/integration-test/target/test-dir/MiniOzoneClusterImpl-c03e40f7-b090-4a92-a38a-d9f2087836a0/datanode-3/data/ratis/da587ae3-853e-4fe6-bbc7-9253cf582336 does not exist. Creating ...
2019-09-19 09:32:07,882 [pool-60-thread-1] INFO  storage.RaftStorageDirectory (RaftStorageDirectory.java:tryLock(328)) - Lock on /workdir/hadoop-ozone/integration-test/target/test-dir/MiniOzoneClusterImpl-c03e40f7-b090-4a92-a38a-d9f2087836a0/datanode-3/data/ratis/da587ae3-853e-4fe6-bbc7-9253cf582336/in_use.lock acquired by nodename 9275@pr-hdds-1569-j4bt4-3030777008
2019-09-19 09:32:07,896 [pool-60-thread-1] INFO  storage.RaftStorage (RaftStorage.java:format(72)) - Storage directory /workdir/hadoop-ozone/integration-test/target/test-dir/MiniOzoneClusterImpl-c03e40f7-b090-4a92-a38a-d9f2087836a0/datanode-3/data/ratis/da587ae3-853e-4fe6-bbc7-9253cf582336 has been successfully formatted.
2019-09-19 09:32:07,896 [pool-60-thread-1] INFO  ratis.ContainerStateMachine (ContainerStateMachine.java:loadSnapshot(226)) - group-9253CF582336: The snapshot info is null. Setting the last applied indexto:(t:0, i:~)
2019-09-19 09:32:07,896 [pool-60-thread-1] INFO  server.RaftServerConfigKeys (ConfUtils.java:logGet(43)) - raft.server.leader.election.timeout = 120s (custom)
2019-09-19 09:32:07,896 [pool-60-thread-1] INFO  server.RaftServerConfigKeys (ConfUtils.java:logGet(43)) - raft.server.log.use.memory = false (default)
2019-09-19 09:32:07,896 [pool-60-thread-1] INFO  server.RaftServerConfigKeys (ConfUtils.java:logGet(43)) - raft.server.log.purge.gap = 1000000 (custom)
2019-09-19 09:32:07,896 [pool-60-thread-1] INFO  server.RaftServerConfigKeys (ConfUtils.java:logGet(43)) - raft.server.log.appender.buffer.byte-limit = 33554432 (custom)
2019-09-19 09:32:07,896 [pool-60-thread-1] INFO  server.RaftServerConfigKeys (ConfUtils.java:logGet(43)) - raft.server.log.segment.size.max = 1048576 (custom)
2019-09-19 09:32:07,897 [pool-60-thread-1] INFO  server.RaftServerConfigKeys (ConfUtils.java:logGet(43)) - raft.server.log.segment.cache.num.max = 2 (custom)
2019-09-19 09:32:07,897 [pool-60-thread-1] INFO  segmented.SegmentedRaftLogWorker (SegmentedRaftLogWorker.java:<init>(172)) - new 38cd0138-33f7-48fe-ab23-0150bb61f7f1-SegmentedRaftLogWorker:Storage Directory /workdir/hadoop-ozone/integration-test/target/test-dir/MiniOzoneClusterImpl-c03e40f7-b090-4a92-a38a-d9f2087836a0/datanode-3/data/ratis/da587ae3-853e-4fe6-bbc7-9253cf582336 for RaftStorage:Storage Directory /workdir/hadoop-ozone/integration-test/target/test-dir/MiniOzoneClusterImpl-c03e40f7-b090-4a92-a38a-d9f2087836a0/datanode-3/data/ratis/da587ae3-853e-4fe6-bbc7-9253cf582336
2019-09-19 09:32:07,897 [pool-60-thread-1] INFO  server.RaftServerConfigKeys (ConfUtils.java:logGet(43)) - raft.server.log.queue.byte-limit = 2147483647 (custom)
2019-09-19 09:32:07,897 [pool-60-thread-1] INFO  server.RaftServerConfigKeys (ConfUtils.java:logGet(43)) - raft.server.log.queue.element-limit = 1024 (custom)
2019-09-19 09:32:07,897 [pool-60-thread-1] INFO  server.RaftServerConfigKeys (ConfUtils.java:logGet(43)) - raft.server.log.segment.size.max = 1048576 (custom)
2019-09-19 09:32:07,897 [pool-60-thread-1] INFO  server.RaftServerConfigKeys (ConfUtils.java:logGet(43)) - raft.server.log.preallocated.size = 16384 (custom)
2019-09-19 09:32:07,897 [pool-60-thread-1] INFO  server.RaftServerConfigKeys (ConfUtils.java:logGet(43)) - raft.server.log.write.buffer.size = 33554432 (custom)
2019-09-19 09:32:07,897 [pool-60-thread-1] INFO  server.RaftServerConfigKeys (ConfUtils.java:logGet(43)) - raft.server.log.force.sync.num = 128 (default)
2019-09-19 09:32:07,898 [pool-60-thread-1] INFO  server.RaftServerConfigKeys (ConfUtils.java:logGet(43)) - raft.server.log.statemachine.data.sync = true (default)
2019-09-19 09:32:07,898 [pool-60-thread-1] INFO  server.RaftServerConfigKeys (ConfUtils.java:logGet(43)) - raft.server.log.statemachine.data.sync.timeout = 10s (default)
2019-09-19 09:32:07,898 [pool-60-thread-1] INFO  server.RaftServerConfigKeys (ConfUtils.java:logGet(43)) - raft.server.log.statemachine.data.sync.timeout.retry = -1 (default)
2019-09-19 09:32:07,898 [pool-60-thread-1] INFO  server.RaftServerConfigKeys (ConfUtils.java:logGet(43)) - raft.server.log.statemachine.data.caching.enabled = true (custom)
2019-09-19 09:32:07,898 [pool-60-thread-1] INFO  segmented.SegmentedRaftLogWorker (SegmentedRaftLogWorker.java:lambda$new$0(132)) - 38cd0138-33f7-48fe-ab23-0150bb61f7f1-SegmentedRaftLogWorker:Storage Directory /workdir/hadoop-ozone/integration-test/target/test-dir/MiniOzoneClusterImpl-c03e40f7-b090-4a92-a38a-d9f2087836a0/datanode-3/data/ratis/da587ae3-853e-4fe6-bbc7-9253cf582336: flushIndex: setUnconditionally 0 -> -1
2019-09-19 09:32:07,899 [pool-60-thread-1] INFO  server.RaftServerConfigKeys (ConfUtils.java:logGet(43)) - raft.server.snapshot.auto.trigger.enabled = true (custom)
2019-09-19 09:32:07,899 [pool-60-thread-1] INFO  server.RaftServerConfigKeys (ConfUtils.java:logGet(43)) - raft.server.snapshot.auto.trigger.threshold = 10000 (custom)
2019-09-19 09:32:07,899 [pool-60-thread-1] INFO  server.RaftServerConfigKeys (ConfUtils.java:logGet(43)) - raft.server.retrycache.expirytime = 600000ms (custom)
2019-09-19 09:32:07,899 [pool-60-thread-1] INFO  impl.RaftServerImpl (RaftServerImpl.java:start(180)) - 38cd0138-33f7-48fe-ab23-0150bb61f7f1: start group-9253CF582336
2019-09-19 09:32:07,899 [pool-60-thread-1] INFO  impl.RaftServerImpl (RaftServerImpl.java:setRole(171)) - 38cd0138-33f7-48fe-ab23-0150bb61f7f1:group-9253CF582336 changes role from null to FOLLOWER at term 0 for startAsFollower
2019-09-19 09:32:07,899 [pool-60-thread-1] INFO  impl.RoleInfo (RoleInfo.java:updateAndGet(143)) - 38cd0138-33f7-48fe-ab23-0150bb61f7f1: start FollowerState
2019-09-19 09:32:07,900 [pool-60-thread-1] INFO  util.JmxRegister (JmxRegister.java:tryRegister(44)) - Successfully registered JMX Bean with object name Ratis:service=RaftServer,group=group-9253CF582336,id=38cd0138-33f7-48fe-ab23-0150bb61f7f1
2019-09-19 09:32:07,905 [RatisPipelineUtilsThread] INFO  pipeline.PipelineStateManager (PipelineStateManager.java:addPipeline(56)) - Created pipeline Pipeline[ Id: da587ae3-853e-4fe6-bbc7-9253cf582336, Nodes: 38cd0138-33f7-48fe-ab23-0150bb61f7f1{ip: 192.168.34.5, host: pr-hdds-1569-j4bt4-3030777008, networkLocation: /default-rack, certSerialId: null}, Type:RATIS, Factor:ONE, State:OPEN]
2019-09-19 09:32:07,906 [RatisPipelineUtilsThread] ERROR pipeline.PipelinePlacementPolicy (PipelinePlacementPolicy.java:meetCriteria(91)) - Pipeline Placement: Doesn't meet the criteria to be viable node. Heaviness: 6
2019-09-19 09:32:07,907 [RatisPipelineUtilsThread] ERROR pipeline.PipelinePlacementPolicy (PipelinePlacementPolicy.java:meetCriteria(91)) - Pipeline Placement: Doesn't meet the criteria to be viable node. Heaviness: 6
2019-09-19 09:32:07,907 [RatisPipelineUtilsThread] ERROR pipeline.PipelinePlacementPolicy (PipelinePlacementPolicy.java:meetCriteria(91)) - Pipeline Placement: Doesn't meet the criteria to be viable node. Heaviness: 6
2019-09-19 09:32:07,917 [grpc-default-executor-1] INFO  impl.RaftServerProxy (RaftServerProxy.java:addNew(89)) - 38cd0138-33f7-48fe-ab23-0150bb61f7f1: addNew group-0417E216254F:[38cd0138-33f7-48fe-ab23-0150bb61f7f1:192.168.34.5:36410] returns group-0417E216254F:java.util.concurrent.CompletableFuture@5325bdff[Not completed]
2019-09-19 09:32:07,919 [pool-60-thread-1] INFO  impl.RaftServerImpl (RaftServerImpl.java:<init>(93)) - 38cd0138-33f7-48fe-ab23-0150bb61f7f1: new RaftServerImpl for group-0417E216254F:[38cd0138-33f7-48fe-ab23-0150bb61f7f1:192.168.34.5:36410] with ContainerStateMachine:uninitialized
2019-09-19 09:32:07,919 [pool-60-thread-1] INFO  server.RaftServerConfigKeys (ConfUtils.java:logGet(43)) - raft.server.rpc.timeout.min = 5s (custom)
2019-09-19 09:32:07,919 [pool-60-thread-1] INFO  server.RaftServerConfigKeys (ConfUtils.java:logGet(43)) - raft.server.rpc.timeout.max = 5200ms (custom)
2019-09-19 09:32:07,919 [pool-60-thread-1] INFO  server.RaftServerConfigKeys (ConfUtils.java:logGet(43)) - raft.server.rpcslowness.timeout = 120s (custom)
2019-09-19 09:32:07,919 [pool-60-thread-1] INFO  server.RaftServerConfigKeys (ConfUtils.java:logGet(43)) - raft.server.sleep.deviation.threshold = 300 (default)
2019-09-19 09:32:07,919 [pool-60-thread-1] INFO  server.RaftServerConfigKeys (ConfUtils.java:logGet(43)) - raft.server.log.appender.install.snapshot.enabled = false (custom)
2019-09-19 09:32:07,920 [pool-60-thread-1] INFO  impl.RaftServerImpl (ServerState.java:<init>(105)) - 38cd0138-33f7-48fe-ab23-0150bb61f7f1:group-0417E216254F ConfigurationManager, init=-1: [38cd0138-33f7-48fe-ab23-0150bb61f7f1:192.168.34.5:36410], old=null, confs=<EMPTY_MAP>
2019-09-19 09:32:07,920 [pool-60-thread-1] INFO  server.RaftServerConfigKeys (ConfUtils.java:logGet(43)) - raft.server.storage.dir = [/workdir/hadoop-ozone/integration-test/target/test-dir/MiniOzoneClusterImpl-c03e40f7-b090-4a92-a38a-d9f2087836a0/datanode-3/data/ratis] (custom)
2019-09-19 09:32:07,920 [pool-60-thread-1] INFO  storage.RaftStorageDirectory (RaftStorageDirectory.java:analyzeStorage(246)) - The storage directory /workdir/hadoop-ozone/integration-test/target/test-dir/MiniOzoneClusterImpl-c03e40f7-b090-4a92-a38a-d9f2087836a0/datanode-3/data/ratis/d89e226c-8ea2-4516-8cd6-0417e216254f does not exist. Creating ...
2019-09-19 09:32:07,933 [pool-60-thread-1] INFO  storage.RaftStorageDirectory (RaftStorageDirectory.java:tryLock(328)) - Lock on /workdir/hadoop-ozone/integration-test/target/test-dir/MiniOzoneClusterImpl-c03e40f7-b090-4a92-a38a-d9f2087836a0/datanode-3/data/ratis/d89e226c-8ea2-4516-8cd6-0417e216254f/in_use.lock acquired by nodename 9275@pr-hdds-1569-j4bt4-3030777008
2019-09-19 09:32:07,947 [pool-60-thread-1] INFO  storage.RaftStorage (RaftStorage.java:format(72)) - Storage directory /workdir/hadoop-ozone/integration-test/target/test-dir/MiniOzoneClusterImpl-c03e40f7-b090-4a92-a38a-d9f2087836a0/datanode-3/data/ratis/d89e226c-8ea2-4516-8cd6-0417e216254f has been successfully formatted.
2019-09-19 09:32:07,947 [pool-60-thread-1] INFO  ratis.ContainerStateMachine (ContainerStateMachine.java:loadSnapshot(226)) - group-0417E216254F: The snapshot info is null. Setting the last applied indexto:(t:0, i:~)
2019-09-19 09:32:07,947 [pool-60-thread-1] INFO  server.RaftServerConfigKeys (ConfUtils.java:logGet(43)) - raft.server.leader.election.timeout = 120s (custom)
2019-09-19 09:32:07,947 [pool-60-thread-1] INFO  server.RaftServerConfigKeys (ConfUtils.java:logGet(43)) - raft.server.log.use.memory = false (default)
2019-09-19 09:32:07,948 [pool-60-thread-1] INFO  server.RaftServerConfigKeys (ConfUtils.java:logGet(43)) - raft.server.log.purge.gap = 1000000 (custom)
2019-09-19 09:32:07,948 [pool-60-thread-1] INFO  server.RaftServerConfigKeys (ConfUtils.java:logGet(43)) - raft.server.log.appender.buffer.byte-limit = 33554432 (custom)
2019-09-19 09:32:07,948 [pool-60-thread-1] INFO  server.RaftServerConfigKeys (ConfUtils.java:logGet(43)) - raft.server.log.segment.size.max = 1048576 (custom)
2019-09-19 09:32:07,948 [pool-60-thread-1] INFO  server.RaftServerConfigKeys (ConfUtils.java:logGet(43)) - raft.server.log.segment.cache.num.max = 2 (custom)
2019-09-19 09:32:07,948 [pool-60-thread-1] INFO  segmented.SegmentedRaftLogWorker (SegmentedRaftLogWorker.java:<init>(172)) - new 38cd0138-33f7-48fe-ab23-0150bb61f7f1-SegmentedRaftLogWorker:Storage Directory /workdir/hadoop-ozone/integration-test/target/test-dir/MiniOzoneClusterImpl-c03e40f7-b090-4a92-a38a-d9f2087836a0/datanode-3/data/ratis/d89e226c-8ea2-4516-8cd6-0417e216254f for RaftStorage:Storage Directory /workdir/hadoop-ozone/integration-test/target/test-dir/MiniOzoneClusterImpl-c03e40f7-b090-4a92-a38a-d9f2087836a0/datanode-3/data/ratis/d89e226c-8ea2-4516-8cd6-0417e216254f
2019-09-19 09:32:07,948 [pool-60-thread-1] INFO  server.RaftServerConfigKeys (ConfUtils.java:logGet(43)) - raft.server.log.queue.byte-limit = 2147483647 (custom)
2019-09-19 09:32:07,949 [pool-60-thread-1] INFO  server.RaftServerConfigKeys (ConfUtils.java:logGet(43)) - raft.server.log.queue.element-limit = 1024 (custom)
2019-09-19 09:32:07,949 [pool-60-thread-1] INFO  server.RaftServerConfigKeys (ConfUtils.java:logGet(43)) - raft.server.log.segment.size.max = 1048576 (custom)
2019-09-19 09:32:07,949 [pool-60-thread-1] INFO  server.RaftServerConfigKeys (ConfUtils.java:logGet(43)) - raft.server.log.preallocated.size = 16384 (custom)
2019-09-19 09:32:07,949 [pool-60-thread-1] INFO  server.RaftServerConfigKeys (ConfUtils.java:logGet(43)) - raft.server.log.write.buffer.size = 33554432 (custom)
2019-09-19 09:32:07,949 [pool-60-thread-1] INFO  server.RaftServerConfigKeys (ConfUtils.java:logGet(43)) - raft.server.log.force.sync.num = 128 (default)
2019-09-19 09:32:07,949 [pool-60-thread-1] INFO  server.RaftServerConfigKeys (ConfUtils.java:logGet(43)) - raft.server.log.statemachine.data.sync = true (default)
2019-09-19 09:32:07,950 [pool-60-thread-1] INFO  server.RaftServerConfigKeys (ConfUtils.java:logGet(43)) - raft.server.log.statemachine.data.sync.timeout = 10s (default)
2019-09-19 09:32:07,950 [pool-60-thread-1] INFO  server.RaftServerConfigKeys (ConfUtils.java:logGet(43)) - raft.server.log.statemachine.data.sync.timeout.retry = -1 (default)
2019-09-19 09:32:07,950 [pool-60-thread-1] INFO  server.RaftServerConfigKeys (ConfUtils.java:logGet(43)) - raft.server.log.statemachine.data.caching.enabled = true (custom)
2019-09-19 09:32:07,950 [pool-60-thread-1] INFO  segmented.SegmentedRaftLogWorker (SegmentedRaftLogWorker.java:lambda$new$0(132)) - 38cd0138-33f7-48fe-ab23-0150bb61f7f1-SegmentedRaftLogWorker:Storage Directory /workdir/hadoop-ozone/integration-test/target/test-dir/MiniOzoneClusterImpl-c03e40f7-b090-4a92-a38a-d9f2087836a0/datanode-3/data/ratis/d89e226c-8ea2-4516-8cd6-0417e216254f: flushIndex: setUnconditionally 0 -> -1
2019-09-19 09:32:07,951 [pool-60-thread-1] INFO  server.RaftServerConfigKeys (ConfUtils.java:logGet(43)) - raft.server.snapshot.auto.trigger.enabled = true (custom)
2019-09-19 09:32:07,951 [pool-60-thread-1] INFO  server.RaftServerConfigKeys (ConfUtils.java:logGet(43)) - raft.server.snapshot.auto.trigger.threshold = 10000 (custom)
2019-09-19 09:32:07,951 [pool-60-thread-1] INFO  server.RaftServerConfigKeys (ConfUtils.java:logGet(43)) - raft.server.retrycache.expirytime = 600000ms (custom)
2019-09-19 09:32:07,951 [pool-60-thread-1] INFO  impl.RaftServerImpl (RaftServerImpl.java:start(180)) - 38cd0138-33f7-48fe-ab23-0150bb61f7f1: start group-0417E216254F
2019-09-19 09:32:07,951 [pool-60-thread-1] INFO  impl.RaftServerImpl (RaftServerImpl.java:setRole(171)) - 38cd0138-33f7-48fe-ab23-0150bb61f7f1:group-0417E216254F changes role from null to FOLLOWER at term 0 for startAsFollower
2019-09-19 09:32:07,952 [pool-60-thread-1] INFO  impl.RoleInfo (RoleInfo.java:updateAndGet(143)) - 38cd0138-33f7-48fe-ab23-0150bb61f7f1: start FollowerState
2019-09-19 09:32:07,952 [pool-60-thread-1] INFO  util.JmxRegister (JmxRegister.java:tryRegister(44)) - Successfully registered JMX Bean with object name Ratis:service=RaftServer,group=group-0417E216254F,id=38cd0138-33f7-48fe-ab23-0150bb61f7f1
2019-09-19 09:32:07,957 [RatisPipelineUtilsThread] INFO  pipeline.PipelineStateManager (PipelineStateManager.java:addPipeline(56)) - Created pipeline Pipeline[ Id: d89e226c-8ea2-4516-8cd6-0417e216254f, Nodes: 38cd0138-33f7-48fe-ab23-0150bb61f7f1{ip: 192.168.34.5, host: pr-hdds-1569-j4bt4-3030777008, networkLocation: /default-rack, certSerialId: null}, Type:RATIS, Factor:ONE, State:OPEN]
2019-09-19 09:32:07,959 [RatisPipelineUtilsThread] ERROR pipeline.PipelinePlacementPolicy (PipelinePlacementPolicy.java:meetCriteria(91)) - Pipeline Placement: Doesn't meet the criteria to be viable node. Heaviness: 6
2019-09-19 09:32:07,959 [RatisPipelineUtilsThread] ERROR pipeline.PipelinePlacementPolicy (PipelinePlacementPolicy.java:meetCriteria(91)) - Pipeline Placement: Doesn't meet the criteria to be viable node. Heaviness: 6
2019-09-19 09:32:07,959 [RatisPipelineUtilsThread] ERROR pipeline.PipelinePlacementPolicy (PipelinePlacementPolicy.java:meetCriteria(91)) - Pipeline Placement: Doesn't meet the criteria to be viable node. Heaviness: 6
2019-09-19 09:32:07,959 [RatisPipelineUtilsThread] ERROR pipeline.PipelinePlacementPolicy (PipelinePlacementPolicy.java:meetCriteria(91)) - Pipeline Placement: Doesn't meet the criteria to be viable node. Heaviness: 6
2019-09-19 09:32:07,969 [grpc-default-executor-1] INFO  impl.RaftServerProxy (RaftServerProxy.java:addNew(89)) - 7c3f124a-0cb2-45f0-b3a0-cd1753b18df8: addNew group-25FF2DFFFFD3:[7c3f124a-0cb2-45f0-b3a0-cd1753b18df8:192.168.34.5:40441] returns group-25FF2DFFFFD3:java.util.concurrent.CompletableFuture@169ab89f[Not completed]
2019-09-19 09:32:07,971 [pool-71-thread-1] INFO  impl.RaftServerImpl (RaftServerImpl.java:<init>(93)) - 7c3f124a-0cb2-45f0-b3a0-cd1753b18df8: new RaftServerImpl for group-25FF2DFFFFD3:[7c3f124a-0cb2-45f0-b3a0-cd1753b18df8:192.168.34.5:40441] with ContainerStateMachine:uninitialized
2019-09-19 09:32:07,971 [pool-71-thread-1] INFO  server.RaftServerConfigKeys (ConfUtils.java:logGet(43)) - raft.server.rpc.timeout.min = 5s (custom)
2019-09-19 09:32:07,971 [pool-71-thread-1] INFO  server.RaftServerConfigKeys (ConfUtils.java:logGet(43)) - raft.server.rpc.timeout.max = 5200ms (custom)
2019-09-19 09:32:07,971 [pool-71-thread-1] INFO  server.RaftServerConfigKeys (ConfUtils.java:logGet(43)) - raft.server.rpcslowness.timeout = 120s (custom)
2019-09-19 09:32:07,971 [pool-71-thread-1] INFO  server.RaftServerConfigKeys (ConfUtils.java:logGet(43)) - raft.server.sleep.deviation.threshold = 300 (default)
2019-09-19 09:32:07,972 [pool-71-thread-1] INFO  server.RaftServerConfigKeys (ConfUtils.java:logGet(43)) - raft.server.log.appender.install.snapshot.enabled = false (custom)
2019-09-19 09:32:07,972 [pool-71-thread-1] INFO  impl.RaftServerImpl (ServerState.java:<init>(105)) - 7c3f124a-0cb2-45f0-b3a0-cd1753b18df8:group-25FF2DFFFFD3 ConfigurationManager, init=-1: [7c3f124a-0cb2-45f0-b3a0-cd1753b18df8:192.168.34.5:40441], old=null, confs=<EMPTY_MAP>
2019-09-19 09:32:07,972 [pool-71-thread-1] INFO  server.RaftServerConfigKeys (ConfUtils.java:logGet(43)) - raft.server.storage.dir = [/workdir/hadoop-ozone/integration-test/target/test-dir/MiniOzoneClusterImpl-c03e40f7-b090-4a92-a38a-d9f2087836a0/datanode-4/data/ratis] (custom)
2019-09-19 09:32:07,972 [pool-71-thread-1] INFO  storage.RaftStorageDirectory (RaftStorageDirectory.java:analyzeStorage(246)) - The storage directory /workdir/hadoop-ozone/integration-test/target/test-dir/MiniOzoneClusterImpl-c03e40f7-b090-4a92-a38a-d9f2087836a0/datanode-4/data/ratis/02015528-935a-413d-985f-25ff2dffffd3 does not exist. Creating ...
2019-09-19 09:32:07,977 | INFO  | SCMAudit | user=jenkins1000 | ip=192.168.34.5 | op=SEND_HEARTBEAT {datanodeUUID=1671272a-c11f-4f03-85c2-ea0c5f99ec93, command=[]} | ret=SUCCESS |  
2019-09-19 09:32:07,985 [pool-71-thread-1] INFO  storage.RaftStorageDirectory (RaftStorageDirectory.java:tryLock(328)) - Lock on /workdir/hadoop-ozone/integration-test/target/test-dir/MiniOzoneClusterImpl-c03e40f7-b090-4a92-a38a-d9f2087836a0/datanode-4/data/ratis/02015528-935a-413d-985f-25ff2dffffd3/in_use.lock acquired by nodename 9275@pr-hdds-1569-j4bt4-3030777008
2019-09-19 09:32:07,998 [pool-71-thread-1] INFO  storage.RaftStorage (RaftStorage.java:format(72)) - Storage directory /workdir/hadoop-ozone/integration-test/target/test-dir/MiniOzoneClusterImpl-c03e40f7-b090-4a92-a38a-d9f2087836a0/datanode-4/data/ratis/02015528-935a-413d-985f-25ff2dffffd3 has been successfully formatted.
2019-09-19 09:32:07,999 [pool-71-thread-1] INFO  ratis.ContainerStateMachine (ContainerStateMachine.java:loadSnapshot(226)) - group-25FF2DFFFFD3: The snapshot info is null. Setting the last applied indexto:(t:0, i:~)
2019-09-19 09:32:07,999 [pool-71-thread-1] INFO  server.RaftServerConfigKeys (ConfUtils.java:logGet(43)) - raft.server.leader.election.timeout = 120s (custom)
2019-09-19 09:32:07,999 [pool-71-thread-1] INFO  server.RaftServerConfigKeys (ConfUtils.java:logGet(43)) - raft.server.log.use.memory = false (default)
2019-09-19 09:32:07,999 [pool-71-thread-1] INFO  server.RaftServerConfigKeys (ConfUtils.java:logGet(43)) - raft.server.log.purge.gap = 1000000 (custom)
2019-09-19 09:32:07,999 [pool-71-thread-1] INFO  server.RaftServerConfigKeys (ConfUtils.java:logGet(43)) - raft.server.log.appender.buffer.byte-limit = 33554432 (custom)
2019-09-19 09:32:07,999 [pool-71-thread-1] INFO  server.RaftServerConfigKeys (ConfUtils.java:logGet(43)) - raft.server.log.segment.size.max = 1048576 (custom)
2019-09-19 09:32:08,000 [pool-71-thread-1] INFO  server.RaftServerConfigKeys (ConfUtils.java:logGet(43)) - raft.server.log.segment.cache.num.max = 2 (custom)
2019-09-19 09:32:08,000 [pool-71-thread-1] INFO  segmented.SegmentedRaftLogWorker (SegmentedRaftLogWorker.java:<init>(172)) - new 7c3f124a-0cb2-45f0-b3a0-cd1753b18df8-SegmentedRaftLogWorker:Storage Directory /workdir/hadoop-ozone/integration-test/target/test-dir/MiniOzoneClusterImpl-c03e40f7-b090-4a92-a38a-d9f2087836a0/datanode-4/data/ratis/02015528-935a-413d-985f-25ff2dffffd3 for RaftStorage:Storage Directory /workdir/hadoop-ozone/integration-test/target/test-dir/MiniOzoneClusterImpl-c03e40f7-b090-4a92-a38a-d9f2087836a0/datanode-4/data/ratis/02015528-935a-413d-985f-25ff2dffffd3
2019-09-19 09:32:08,000 [pool-71-thread-1] INFO  server.RaftServerConfigKeys (ConfUtils.java:logGet(43)) - raft.server.log.queue.byte-limit = 2147483647 (custom)
2019-09-19 09:32:08,000 [pool-71-thread-1] INFO  server.RaftServerConfigKeys (ConfUtils.java:logGet(43)) - raft.server.log.queue.element-limit = 1024 (custom)
2019-09-19 09:32:08,000 [pool-71-thread-1] INFO  server.RaftServerConfigKeys (ConfUtils.java:logGet(43)) - raft.server.log.segment.size.max = 1048576 (custom)
2019-09-19 09:32:08,000 [pool-71-thread-1] INFO  server.RaftServerConfigKeys (ConfUtils.java:logGet(43)) - raft.server.log.preallocated.size = 16384 (custom)
2019-09-19 09:32:08,001 [pool-71-thread-1] INFO  server.RaftServerConfigKeys (ConfUtils.java:logGet(43)) - raft.server.log.write.buffer.size = 33554432 (custom)
2019-09-19 09:32:08,001 [pool-71-thread-1] INFO  server.RaftServerConfigKeys (ConfUtils.java:logGet(43)) - raft.server.log.force.sync.num = 128 (default)
2019-09-19 09:32:08,001 [pool-71-thread-1] INFO  server.RaftServerConfigKeys (ConfUtils.java:logGet(43)) - raft.server.log.statemachine.data.sync = true (default)
2019-09-19 09:32:08,001 [pool-71-thread-1] INFO  server.RaftServerConfigKeys (ConfUtils.java:logGet(43)) - raft.server.log.statemachine.data.sync.timeout = 10s (default)
2019-09-19 09:32:08,001 [pool-71-thread-1] INFO  server.RaftServerConfigKeys (ConfUtils.java:logGet(43)) - raft.server.log.statemachine.data.sync.timeout.retry = -1 (default)
2019-09-19 09:32:08,001 [pool-71-thread-1] INFO  server.RaftServerConfigKeys (ConfUtils.java:logGet(43)) - raft.server.log.statemachine.data.caching.enabled = true (custom)
2019-09-19 09:32:08,002 [pool-71-thread-1] INFO  segmented.SegmentedRaftLogWorker (SegmentedRaftLogWorker.java:lambda$new$0(132)) - 7c3f124a-0cb2-45f0-b3a0-cd1753b18df8-SegmentedRaftLogWorker:Storage Directory /workdir/hadoop-ozone/integration-test/target/test-dir/MiniOzoneClusterImpl-c03e40f7-b090-4a92-a38a-d9f2087836a0/datanode-4/data/ratis/02015528-935a-413d-985f-25ff2dffffd3: flushIndex: setUnconditionally 0 -> -1
2019-09-19 09:32:08,002 [pool-71-thread-1] INFO  server.RaftServerConfigKeys (ConfUtils.java:logGet(43)) - raft.server.snapshot.auto.trigger.enabled = true (custom)
2019-09-19 09:32:08,002 [pool-71-thread-1] INFO  server.RaftServerConfigKeys (ConfUtils.java:logGet(43)) - raft.server.snapshot.auto.trigger.threshold = 10000 (custom)
2019-09-19 09:32:08,002 [pool-71-thread-1] INFO  server.RaftServerConfigKeys (ConfUtils.java:logGet(43)) - raft.server.retrycache.expirytime = 600000ms (custom)
2019-09-19 09:32:08,003 [pool-71-thread-1] INFO  impl.RaftServerImpl (RaftServerImpl.java:start(180)) - 7c3f124a-0cb2-45f0-b3a0-cd1753b18df8: start group-25FF2DFFFFD3
2019-09-19 09:32:08,003 [pool-71-thread-1] INFO  impl.RaftServerImpl (RaftServerImpl.java:setRole(171)) - 7c3f124a-0cb2-45f0-b3a0-cd1753b18df8:group-25FF2DFFFFD3 changes role from null to FOLLOWER at term 0 for startAsFollower
2019-09-19 09:32:08,003 [pool-71-thread-1] INFO  impl.RoleInfo (RoleInfo.java:updateAndGet(143)) - 7c3f124a-0cb2-45f0-b3a0-cd1753b18df8: start FollowerState
2019-09-19 09:32:08,003 [pool-71-thread-1] INFO  util.JmxRegister (JmxRegister.java:tryRegister(44)) - Successfully registered JMX Bean with object name Ratis:service=RaftServer,group=group-25FF2DFFFFD3,id=7c3f124a-0cb2-45f0-b3a0-cd1753b18df8
2019-09-19 09:32:08,008 [RatisPipelineUtilsThread] INFO  pipeline.PipelineStateManager (PipelineStateManager.java:addPipeline(56)) - Created pipeline Pipeline[ Id: 02015528-935a-413d-985f-25ff2dffffd3, Nodes: 7c3f124a-0cb2-45f0-b3a0-cd1753b18df8{ip: 192.168.34.5, host: pr-hdds-1569-j4bt4-3030777008, networkLocation: /default-rack, certSerialId: null}, Type:RATIS, Factor:ONE, State:OPEN]
2019-09-19 09:32:08,010 [RatisPipelineUtilsThread] ERROR pipeline.PipelinePlacementPolicy (PipelinePlacementPolicy.java:meetCriteria(91)) - Pipeline Placement: Doesn't meet the criteria to be viable node. Heaviness: 6
2019-09-19 09:32:08,010 [RatisPipelineUtilsThread] ERROR pipeline.PipelinePlacementPolicy (PipelinePlacementPolicy.java:meetCriteria(91)) - Pipeline Placement: Doesn't meet the criteria to be viable node. Heaviness: 6
2019-09-19 09:32:08,010 [RatisPipelineUtilsThread] ERROR pipeline.PipelinePlacementPolicy (PipelinePlacementPolicy.java:meetCriteria(91)) - Pipeline Placement: Doesn't meet the criteria to be viable node. Heaviness: 6
2019-09-19 09:32:08,010 [RatisPipelineUtilsThread] ERROR pipeline.PipelinePlacementPolicy (PipelinePlacementPolicy.java:meetCriteria(91)) - Pipeline Placement: Doesn't meet the criteria to be viable node. Heaviness: 6
2019-09-19 09:32:08,019 [grpc-default-executor-1] INFO  impl.RaftServerProxy (RaftServerProxy.java:addNew(89)) - 7c3f124a-0cb2-45f0-b3a0-cd1753b18df8: addNew group-9459ADF2FBC5:[7c3f124a-0cb2-45f0-b3a0-cd1753b18df8:192.168.34.5:40441] returns group-9459ADF2FBC5:java.util.concurrent.CompletableFuture@76f0184f[Not completed]
2019-09-19 09:32:08,021 [pool-71-thread-1] INFO  impl.RaftServerImpl (RaftServerImpl.java:<init>(93)) - 7c3f124a-0cb2-45f0-b3a0-cd1753b18df8: new RaftServerImpl for group-9459ADF2FBC5:[7c3f124a-0cb2-45f0-b3a0-cd1753b18df8:192.168.34.5:40441] with ContainerStateMachine:uninitialized
2019-09-19 09:32:08,021 [pool-71-thread-1] INFO  server.RaftServerConfigKeys (ConfUtils.java:logGet(43)) - raft.server.rpc.timeout.min = 5s (custom)
2019-09-19 09:32:08,021 [pool-71-thread-1] INFO  server.RaftServerConfigKeys (ConfUtils.java:logGet(43)) - raft.server.rpc.timeout.max = 5200ms (custom)
2019-09-19 09:32:08,021 [pool-71-thread-1] INFO  server.RaftServerConfigKeys (ConfUtils.java:logGet(43)) - raft.server.rpcslowness.timeout = 120s (custom)
2019-09-19 09:32:08,021 [pool-71-thread-1] INFO  server.RaftServerConfigKeys (ConfUtils.java:logGet(43)) - raft.server.sleep.deviation.threshold = 300 (default)
2019-09-19 09:32:08,021 [pool-71-thread-1] INFO  server.RaftServerConfigKeys (ConfUtils.java:logGet(43)) - raft.server.log.appender.install.snapshot.enabled = false (custom)
2019-09-19 09:32:08,021 [pool-71-thread-1] INFO  impl.RaftServerImpl (ServerState.java:<init>(105)) - 7c3f124a-0cb2-45f0-b3a0-cd1753b18df8:group-9459ADF2FBC5 ConfigurationManager, init=-1: [7c3f124a-0cb2-45f0-b3a0-cd1753b18df8:192.168.34.5:40441], old=null, confs=<EMPTY_MAP>
2019-09-19 09:32:08,021 [pool-71-thread-1] INFO  server.RaftServerConfigKeys (ConfUtils.java:logGet(43)) - raft.server.storage.dir = [/workdir/hadoop-ozone/integration-test/target/test-dir/MiniOzoneClusterImpl-c03e40f7-b090-4a92-a38a-d9f2087836a0/datanode-4/data/ratis] (custom)
2019-09-19 09:32:08,022 [pool-71-thread-1] INFO  storage.RaftStorageDirectory (RaftStorageDirectory.java:analyzeStorage(246)) - The storage directory /workdir/hadoop-ozone/integration-test/target/test-dir/MiniOzoneClusterImpl-c03e40f7-b090-4a92-a38a-d9f2087836a0/datanode-4/data/ratis/45c60ccd-3079-405a-b090-9459adf2fbc5 does not exist. Creating ...
2019-09-19 09:32:08,033 | INFO  | SCMAudit | user=jenkins1000 | ip=192.168.34.5 | op=SEND_HEARTBEAT {datanodeUUID=38cd0138-33f7-48fe-ab23-0150bb61f7f1, command=[]} | ret=SUCCESS |  
2019-09-19 09:32:08,034 [pool-71-thread-1] INFO  storage.RaftStorageDirectory (RaftStorageDirectory.java:tryLock(328)) - Lock on /workdir/hadoop-ozone/integration-test/target/test-dir/MiniOzoneClusterImpl-c03e40f7-b090-4a92-a38a-d9f2087836a0/datanode-4/data/ratis/45c60ccd-3079-405a-b090-9459adf2fbc5/in_use.lock acquired by nodename 9275@pr-hdds-1569-j4bt4-3030777008
2019-09-19 09:32:08,057 [pool-71-thread-1] INFO  storage.RaftStorage (RaftStorage.java:format(72)) - Storage directory /workdir/hadoop-ozone/integration-test/target/test-dir/MiniOzoneClusterImpl-c03e40f7-b090-4a92-a38a-d9f2087836a0/datanode-4/data/ratis/45c60ccd-3079-405a-b090-9459adf2fbc5 has been successfully formatted.
2019-09-19 09:32:08,058 [pool-71-thread-1] INFO  ratis.ContainerStateMachine (ContainerStateMachine.java:loadSnapshot(226)) - group-9459ADF2FBC5: The snapshot info is null. Setting the last applied indexto:(t:0, i:~)
2019-09-19 09:32:08,058 [pool-71-thread-1] INFO  server.RaftServerConfigKeys (ConfUtils.java:logGet(43)) - raft.server.leader.election.timeout = 120s (custom)
2019-09-19 09:32:08,058 [pool-71-thread-1] INFO  server.RaftServerConfigKeys (ConfUtils.java:logGet(43)) - raft.server.log.use.memory = false (default)
2019-09-19 09:32:08,058 [pool-71-thread-1] INFO  server.RaftServerConfigKeys (ConfUtils.java:logGet(43)) - raft.server.log.purge.gap = 1000000 (custom)
2019-09-19 09:32:08,058 [pool-71-thread-1] INFO  server.RaftServerConfigKeys (ConfUtils.java:logGet(43)) - raft.server.log.appender.buffer.byte-limit = 33554432 (custom)
2019-09-19 09:32:08,058 [pool-71-thread-1] INFO  server.RaftServerConfigKeys (ConfUtils.java:logGet(43)) - raft.server.log.segment.size.max = 1048576 (custom)
2019-09-19 09:32:08,058 [pool-71-thread-1] INFO  server.RaftServerConfigKeys (ConfUtils.java:logGet(43)) - raft.server.log.segment.cache.num.max = 2 (custom)
2019-09-19 09:32:08,058 [pool-71-thread-1] INFO  segmented.SegmentedRaftLogWorker (SegmentedRaftLogWorker.java:<init>(172)) - new 7c3f124a-0cb2-45f0-b3a0-cd1753b18df8-SegmentedRaftLogWorker:Storage Directory /workdir/hadoop-ozone/integration-test/target/test-dir/MiniOzoneClusterImpl-c03e40f7-b090-4a92-a38a-d9f2087836a0/datanode-4/data/ratis/45c60ccd-3079-405a-b090-9459adf2fbc5 for RaftStorage:Storage Directory /workdir/hadoop-ozone/integration-test/target/test-dir/MiniOzoneClusterImpl-c03e40f7-b090-4a92-a38a-d9f2087836a0/datanode-4/data/ratis/45c60ccd-3079-405a-b090-9459adf2fbc5
2019-09-19 09:32:08,058 [pool-71-thread-1] INFO  server.RaftServerConfigKeys (ConfUtils.java:logGet(43)) - raft.server.log.queue.byte-limit = 2147483647 (custom)
2019-09-19 09:32:08,059 [pool-71-thread-1] INFO  server.RaftServerConfigKeys (ConfUtils.java:logGet(43)) - raft.server.log.queue.element-limit = 1024 (custom)
2019-09-19 09:32:08,059 [pool-71-thread-1] INFO  server.RaftServerConfigKeys (ConfUtils.java:logGet(43)) - raft.server.log.segment.size.max = 1048576 (custom)
2019-09-19 09:32:08,059 [pool-71-thread-1] INFO  server.RaftServerConfigKeys (ConfUtils.java:logGet(43)) - raft.server.log.preallocated.size = 16384 (custom)
2019-09-19 09:32:08,059 [pool-71-thread-1] INFO  server.RaftServerConfigKeys (ConfUtils.java:logGet(43)) - raft.server.log.write.buffer.size = 33554432 (custom)
2019-09-19 09:32:08,059 [pool-71-thread-1] INFO  server.RaftServerConfigKeys (ConfUtils.java:logGet(43)) - raft.server.log.force.sync.num = 128 (default)
2019-09-19 09:32:08,059 [pool-71-thread-1] INFO  server.RaftServerConfigKeys (ConfUtils.java:logGet(43)) - raft.server.log.statemachine.data.sync = true (default)
2019-09-19 09:32:08,059 [pool-71-thread-1] INFO  server.RaftServerConfigKeys (ConfUtils.java:logGet(43)) - raft.server.log.statemachine.data.sync.timeout = 10s (default)
2019-09-19 09:32:08,059 [pool-71-thread-1] INFO  server.RaftServerConfigKeys (ConfUtils.java:logGet(43)) - raft.server.log.statemachine.data.sync.timeout.retry = -1 (default)
2019-09-19 09:32:08,059 [pool-71-thread-1] INFO  server.RaftServerConfigKeys (ConfUtils.java:logGet(43)) - raft.server.log.statemachine.data.caching.enabled = true (custom)
2019-09-19 09:32:08,060 [pool-71-thread-1] INFO  segmented.SegmentedRaftLogWorker (SegmentedRaftLogWorker.java:lambda$new$0(132)) - 7c3f124a-0cb2-45f0-b3a0-cd1753b18df8-SegmentedRaftLogWorker:Storage Directory /workdir/hadoop-ozone/integration-test/target/test-dir/MiniOzoneClusterImpl-c03e40f7-b090-4a92-a38a-d9f2087836a0/datanode-4/data/ratis/45c60ccd-3079-405a-b090-9459adf2fbc5: flushIndex: setUnconditionally 0 -> -1
2019-09-19 09:32:08,060 [pool-71-thread-1] INFO  server.RaftServerConfigKeys (ConfUtils.java:logGet(43)) - raft.server.snapshot.auto.trigger.enabled = true (custom)
2019-09-19 09:32:08,060 [pool-71-thread-1] INFO  server.RaftServerConfigKeys (ConfUtils.java:logGet(43)) - raft.server.snapshot.auto.trigger.threshold = 10000 (custom)
2019-09-19 09:32:08,060 [pool-71-thread-1] INFO  server.RaftServerConfigKeys (ConfUtils.java:logGet(43)) - raft.server.retrycache.expirytime = 600000ms (custom)
2019-09-19 09:32:08,060 [pool-71-thread-1] INFO  impl.RaftServerImpl (RaftServerImpl.java:start(180)) - 7c3f124a-0cb2-45f0-b3a0-cd1753b18df8: start group-9459ADF2FBC5
2019-09-19 09:32:08,060 [pool-71-thread-1] INFO  impl.RaftServerImpl (RaftServerImpl.java:setRole(171)) - 7c3f124a-0cb2-45f0-b3a0-cd1753b18df8:group-9459ADF2FBC5 changes role from null to FOLLOWER at term 0 for startAsFollower
2019-09-19 09:32:08,061 [pool-71-thread-1] INFO  impl.RoleInfo (RoleInfo.java:updateAndGet(143)) - 7c3f124a-0cb2-45f0-b3a0-cd1753b18df8: start FollowerState
2019-09-19 09:32:08,061 [pool-71-thread-1] INFO  util.JmxRegister (JmxRegister.java:tryRegister(44)) - Successfully registered JMX Bean with object name Ratis:service=RaftServer,group=group-9459ADF2FBC5,id=7c3f124a-0cb2-45f0-b3a0-cd1753b18df8
2019-09-19 09:32:08,065 [RatisPipelineUtilsThread] INFO  pipeline.PipelineStateManager (PipelineStateManager.java:addPipeline(56)) - Created pipeline Pipeline[ Id: 45c60ccd-3079-405a-b090-9459adf2fbc5, Nodes: 7c3f124a-0cb2-45f0-b3a0-cd1753b18df8{ip: 192.168.34.5, host: pr-hdds-1569-j4bt4-3030777008, networkLocation: /default-rack, certSerialId: null}, Type:RATIS, Factor:ONE, State:OPEN]
2019-09-19 09:32:08,067 [RatisPipelineUtilsThread] ERROR pipeline.PipelinePlacementPolicy (PipelinePlacementPolicy.java:meetCriteria(91)) - Pipeline Placement: Doesn't meet the criteria to be viable node. Heaviness: 6
2019-09-19 09:32:08,067 [RatisPipelineUtilsThread] ERROR pipeline.PipelinePlacementPolicy (PipelinePlacementPolicy.java:meetCriteria(91)) - Pipeline Placement: Doesn't meet the criteria to be viable node. Heaviness: 6
2019-09-19 09:32:08,067 [RatisPipelineUtilsThread] ERROR pipeline.PipelinePlacementPolicy (PipelinePlacementPolicy.java:meetCriteria(91)) - Pipeline Placement: Doesn't meet the criteria to be viable node. Heaviness: 6
2019-09-19 09:32:08,067 [RatisPipelineUtilsThread] ERROR pipeline.PipelinePlacementPolicy (PipelinePlacementPolicy.java:meetCriteria(91)) - Pipeline Placement: Doesn't meet the criteria to be viable node. Heaviness: 6
2019-09-19 09:32:08,077 [grpc-default-executor-1] INFO  impl.RaftServerProxy (RaftServerProxy.java:addNew(89)) - 7c3f124a-0cb2-45f0-b3a0-cd1753b18df8: addNew group-CA3EF0850F46:[7c3f124a-0cb2-45f0-b3a0-cd1753b18df8:192.168.34.5:40441] returns group-CA3EF0850F46:java.util.concurrent.CompletableFuture@652bf9bf[Not completed]
2019-09-19 09:32:08,078 [pool-71-thread-1] INFO  impl.RaftServerImpl (RaftServerImpl.java:<init>(93)) - 7c3f124a-0cb2-45f0-b3a0-cd1753b18df8: new RaftServerImpl for group-CA3EF0850F46:[7c3f124a-0cb2-45f0-b3a0-cd1753b18df8:192.168.34.5:40441] with ContainerStateMachine:uninitialized
2019-09-19 09:32:08,078 [pool-71-thread-1] INFO  server.RaftServerConfigKeys (ConfUtils.java:logGet(43)) - raft.server.rpc.timeout.min = 5s (custom)
2019-09-19 09:32:08,078 [pool-71-thread-1] INFO  server.RaftServerConfigKeys (ConfUtils.java:logGet(43)) - raft.server.rpc.timeout.max = 5200ms (custom)
2019-09-19 09:32:08,078 [pool-71-thread-1] INFO  server.RaftServerConfigKeys (ConfUtils.java:logGet(43)) - raft.server.rpcslowness.timeout = 120s (custom)
2019-09-19 09:32:08,078 [pool-71-thread-1] INFO  server.RaftServerConfigKeys (ConfUtils.java:logGet(43)) - raft.server.sleep.deviation.threshold = 300 (default)
2019-09-19 09:32:08,078 [pool-71-thread-1] INFO  server.RaftServerConfigKeys (ConfUtils.java:logGet(43)) - raft.server.log.appender.install.snapshot.enabled = false (custom)
2019-09-19 09:32:08,079 [pool-71-thread-1] INFO  impl.RaftServerImpl (ServerState.java:<init>(105)) - 7c3f124a-0cb2-45f0-b3a0-cd1753b18df8:group-CA3EF0850F46 ConfigurationManager, init=-1: [7c3f124a-0cb2-45f0-b3a0-cd1753b18df8:192.168.34.5:40441], old=null, confs=<EMPTY_MAP>
2019-09-19 09:32:08,079 [pool-71-thread-1] INFO  server.RaftServerConfigKeys (ConfUtils.java:logGet(43)) - raft.server.storage.dir = [/workdir/hadoop-ozone/integration-test/target/test-dir/MiniOzoneClusterImpl-c03e40f7-b090-4a92-a38a-d9f2087836a0/datanode-4/data/ratis] (custom)
2019-09-19 09:32:08,079 [pool-71-thread-1] INFO  storage.RaftStorageDirectory (RaftStorageDirectory.java:analyzeStorage(246)) - The storage directory /workdir/hadoop-ozone/integration-test/target/test-dir/MiniOzoneClusterImpl-c03e40f7-b090-4a92-a38a-d9f2087836a0/datanode-4/data/ratis/694a0cc3-b6aa-48b1-9edf-ca3ef0850f46 does not exist. Creating ...
2019-09-19 09:32:08,092 [pool-71-thread-1] INFO  storage.RaftStorageDirectory (RaftStorageDirectory.java:tryLock(328)) - Lock on /workdir/hadoop-ozone/integration-test/target/test-dir/MiniOzoneClusterImpl-c03e40f7-b090-4a92-a38a-d9f2087836a0/datanode-4/data/ratis/694a0cc3-b6aa-48b1-9edf-ca3ef0850f46/in_use.lock acquired by nodename 9275@pr-hdds-1569-j4bt4-3030777008
2019-09-19 09:32:08,105 [pool-71-thread-1] INFO  storage.RaftStorage (RaftStorage.java:format(72)) - Storage directory /workdir/hadoop-ozone/integration-test/target/test-dir/MiniOzoneClusterImpl-c03e40f7-b090-4a92-a38a-d9f2087836a0/datanode-4/data/ratis/694a0cc3-b6aa-48b1-9edf-ca3ef0850f46 has been successfully formatted.
2019-09-19 09:32:08,106 [pool-71-thread-1] INFO  ratis.ContainerStateMachine (ContainerStateMachine.java:loadSnapshot(226)) - group-CA3EF0850F46: The snapshot info is null. Setting the last applied indexto:(t:0, i:~)
2019-09-19 09:32:08,106 [pool-71-thread-1] INFO  server.RaftServerConfigKeys (ConfUtils.java:logGet(43)) - raft.server.leader.election.timeout = 120s (custom)
2019-09-19 09:32:08,106 [pool-71-thread-1] INFO  server.RaftServerConfigKeys (ConfUtils.java:logGet(43)) - raft.server.log.use.memory = false (default)
2019-09-19 09:32:08,106 [pool-71-thread-1] INFO  server.RaftServerConfigKeys (ConfUtils.java:logGet(43)) - raft.server.log.purge.gap = 1000000 (custom)
2019-09-19 09:32:08,106 [pool-71-thread-1] INFO  server.RaftServerConfigKeys (ConfUtils.java:logGet(43)) - raft.server.log.appender.buffer.byte-limit = 33554432 (custom)
2019-09-19 09:32:08,106 [pool-71-thread-1] INFO  server.RaftServerConfigKeys (ConfUtils.java:logGet(43)) - raft.server.log.segment.size.max = 1048576 (custom)
2019-09-19 09:32:08,106 [pool-71-thread-1] INFO  server.RaftServerConfigKeys (ConfUtils.java:logGet(43)) - raft.server.log.segment.cache.num.max = 2 (custom)
2019-09-19 09:32:08,107 [pool-71-thread-1] INFO  segmented.SegmentedRaftLogWorker (SegmentedRaftLogWorker.java:<init>(172)) - new 7c3f124a-0cb2-45f0-b3a0-cd1753b18df8-SegmentedRaftLogWorker:Storage Directory /workdir/hadoop-ozone/integration-test/target/test-dir/MiniOzoneClusterImpl-c03e40f7-b090-4a92-a38a-d9f2087836a0/datanode-4/data/ratis/694a0cc3-b6aa-48b1-9edf-ca3ef0850f46 for RaftStorage:Storage Directory /workdir/hadoop-ozone/integration-test/target/test-dir/MiniOzoneClusterImpl-c03e40f7-b090-4a92-a38a-d9f2087836a0/datanode-4/data/ratis/694a0cc3-b6aa-48b1-9edf-ca3ef0850f46
2019-09-19 09:32:08,107 [pool-71-thread-1] INFO  server.RaftServerConfigKeys (ConfUtils.java:logGet(43)) - raft.server.log.queue.byte-limit = 2147483647 (custom)
2019-09-19 09:32:08,107 [pool-71-thread-1] INFO  server.RaftServerConfigKeys (ConfUtils.java:logGet(43)) - raft.server.log.queue.element-limit = 1024 (custom)
2019-09-19 09:32:08,107 [pool-71-thread-1] INFO  server.RaftServerConfigKeys (ConfUtils.java:logGet(43)) - raft.server.log.segment.size.max = 1048576 (custom)
2019-09-19 09:32:08,107 [pool-71-thread-1] INFO  server.RaftServerConfigKeys (ConfUtils.java:logGet(43)) - raft.server.log.preallocated.size = 16384 (custom)
2019-09-19 09:32:08,107 [pool-71-thread-1] INFO  server.RaftServerConfigKeys (ConfUtils.java:logGet(43)) - raft.server.log.write.buffer.size = 33554432 (custom)
2019-09-19 09:32:08,107 [pool-71-thread-1] INFO  server.RaftServerConfigKeys (ConfUtils.java:logGet(43)) - raft.server.log.force.sync.num = 128 (default)
2019-09-19 09:32:08,107 [pool-71-thread-1] INFO  server.RaftServerConfigKeys (ConfUtils.java:logGet(43)) - raft.server.log.statemachine.data.sync = true (default)
2019-09-19 09:32:08,107 [pool-71-thread-1] INFO  server.RaftServerConfigKeys (ConfUtils.java:logGet(43)) - raft.server.log.statemachine.data.sync.timeout = 10s (default)
2019-09-19 09:32:08,107 [pool-71-thread-1] INFO  server.RaftServerConfigKeys (ConfUtils.java:logGet(43)) - raft.server.log.statemachine.data.sync.timeout.retry = -1 (default)
2019-09-19 09:32:08,108 [pool-71-thread-1] INFO  server.RaftServerConfigKeys (ConfUtils.java:logGet(43)) - raft.server.log.statemachine.data.caching.enabled = true (custom)
2019-09-19 09:32:08,108 [pool-71-thread-1] INFO  segmented.SegmentedRaftLogWorker (SegmentedRaftLogWorker.java:lambda$new$0(132)) - 7c3f124a-0cb2-45f0-b3a0-cd1753b18df8-SegmentedRaftLogWorker:Storage Directory /workdir/hadoop-ozone/integration-test/target/test-dir/MiniOzoneClusterImpl-c03e40f7-b090-4a92-a38a-d9f2087836a0/datanode-4/data/ratis/694a0cc3-b6aa-48b1-9edf-ca3ef0850f46: flushIndex: setUnconditionally 0 -> -1
2019-09-19 09:32:08,108 [pool-71-thread-1] INFO  server.RaftServerConfigKeys (ConfUtils.java:logGet(43)) - raft.server.snapshot.auto.trigger.enabled = true (custom)
2019-09-19 09:32:08,108 [pool-71-thread-1] INFO  server.RaftServerConfigKeys (ConfUtils.java:logGet(43)) - raft.server.snapshot.auto.trigger.threshold = 10000 (custom)
2019-09-19 09:32:08,108 [pool-71-thread-1] INFO  server.RaftServerConfigKeys (ConfUtils.java:logGet(43)) - raft.server.retrycache.expirytime = 600000ms (custom)
2019-09-19 09:32:08,108 [pool-71-thread-1] INFO  impl.RaftServerImpl (RaftServerImpl.java:start(180)) - 7c3f124a-0cb2-45f0-b3a0-cd1753b18df8: start group-CA3EF0850F46
2019-09-19 09:32:08,109 [pool-71-thread-1] INFO  impl.RaftServerImpl (RaftServerImpl.java:setRole(171)) - 7c3f124a-0cb2-45f0-b3a0-cd1753b18df8:group-CA3EF0850F46 changes role from null to FOLLOWER at term 0 for startAsFollower
2019-09-19 09:32:08,109 [pool-71-thread-1] INFO  impl.RoleInfo (RoleInfo.java:updateAndGet(143)) - 7c3f124a-0cb2-45f0-b3a0-cd1753b18df8: start FollowerState
2019-09-19 09:32:08,109 [pool-71-thread-1] INFO  util.JmxRegister (JmxRegister.java:tryRegister(44)) - Successfully registered JMX Bean with object name Ratis:service=RaftServer,group=group-CA3EF0850F46,id=7c3f124a-0cb2-45f0-b3a0-cd1753b18df8
2019-09-19 09:32:08,114 [RatisPipelineUtilsThread] INFO  pipeline.PipelineStateManager (PipelineStateManager.java:addPipeline(56)) - Created pipeline Pipeline[ Id: 694a0cc3-b6aa-48b1-9edf-ca3ef0850f46, Nodes: 7c3f124a-0cb2-45f0-b3a0-cd1753b18df8{ip: 192.168.34.5, host: pr-hdds-1569-j4bt4-3030777008, networkLocation: /default-rack, certSerialId: null}, Type:RATIS, Factor:ONE, State:OPEN]
2019-09-19 09:32:08,115 [RatisPipelineUtilsThread] ERROR pipeline.PipelinePlacementPolicy (PipelinePlacementPolicy.java:meetCriteria(91)) - Pipeline Placement: Doesn't meet the criteria to be viable node. Heaviness: 6
2019-09-19 09:32:08,116 [RatisPipelineUtilsThread] ERROR pipeline.PipelinePlacementPolicy (PipelinePlacementPolicy.java:meetCriteria(91)) - Pipeline Placement: Doesn't meet the criteria to be viable node. Heaviness: 6
2019-09-19 09:32:08,116 [RatisPipelineUtilsThread] ERROR pipeline.PipelinePlacementPolicy (PipelinePlacementPolicy.java:meetCriteria(91)) - Pipeline Placement: Doesn't meet the criteria to be viable node. Heaviness: 6
2019-09-19 09:32:08,116 [RatisPipelineUtilsThread] ERROR pipeline.PipelinePlacementPolicy (PipelinePlacementPolicy.java:meetCriteria(91)) - Pipeline Placement: Doesn't meet the criteria to be viable node. Heaviness: 6
2019-09-19 09:32:08,125 [grpc-default-executor-1] INFO  impl.RaftServerProxy (RaftServerProxy.java:addNew(89)) - 7c3f124a-0cb2-45f0-b3a0-cd1753b18df8: addNew group-D5E8A4883340:[7c3f124a-0cb2-45f0-b3a0-cd1753b18df8:192.168.34.5:40441] returns group-D5E8A4883340:java.util.concurrent.CompletableFuture@3f302388[Not completed]
2019-09-19 09:32:08,126 [pool-71-thread-1] INFO  impl.RaftServerImpl (RaftServerImpl.java:<init>(93)) - 7c3f124a-0cb2-45f0-b3a0-cd1753b18df8: new RaftServerImpl for group-D5E8A4883340:[7c3f124a-0cb2-45f0-b3a0-cd1753b18df8:192.168.34.5:40441] with ContainerStateMachine:uninitialized
2019-09-19 09:32:08,126 [pool-71-thread-1] INFO  server.RaftServerConfigKeys (ConfUtils.java:logGet(43)) - raft.server.rpc.timeout.min = 5s (custom)
2019-09-19 09:32:08,127 [pool-71-thread-1] INFO  server.RaftServerConfigKeys (ConfUtils.java:logGet(43)) - raft.server.rpc.timeout.max = 5200ms (custom)
2019-09-19 09:32:08,127 [pool-71-thread-1] INFO  server.RaftServerConfigKeys (ConfUtils.java:logGet(43)) - raft.server.rpcslowness.timeout = 120s (custom)
2019-09-19 09:32:08,127 [pool-71-thread-1] INFO  server.RaftServerConfigKeys (ConfUtils.java:logGet(43)) - raft.server.sleep.deviation.threshold = 300 (default)
2019-09-19 09:32:08,127 [pool-71-thread-1] INFO  server.RaftServerConfigKeys (ConfUtils.java:logGet(43)) - raft.server.log.appender.install.snapshot.enabled = false (custom)
2019-09-19 09:32:08,127 [pool-71-thread-1] INFO  impl.RaftServerImpl (ServerState.java:<init>(105)) - 7c3f124a-0cb2-45f0-b3a0-cd1753b18df8:group-D5E8A4883340 ConfigurationManager, init=-1: [7c3f124a-0cb2-45f0-b3a0-cd1753b18df8:192.168.34.5:40441], old=null, confs=<EMPTY_MAP>
2019-09-19 09:32:08,127 [pool-71-thread-1] INFO  server.RaftServerConfigKeys (ConfUtils.java:logGet(43)) - raft.server.storage.dir = [/workdir/hadoop-ozone/integration-test/target/test-dir/MiniOzoneClusterImpl-c03e40f7-b090-4a92-a38a-d9f2087836a0/datanode-4/data/ratis] (custom)
2019-09-19 09:32:08,127 [pool-71-thread-1] INFO  storage.RaftStorageDirectory (RaftStorageDirectory.java:analyzeStorage(246)) - The storage directory /workdir/hadoop-ozone/integration-test/target/test-dir/MiniOzoneClusterImpl-c03e40f7-b090-4a92-a38a-d9f2087836a0/datanode-4/data/ratis/ac23669e-f27e-449c-b837-d5e8a4883340 does not exist. Creating ...
2019-09-19 09:32:08,140 [pool-71-thread-1] INFO  storage.RaftStorageDirectory (RaftStorageDirectory.java:tryLock(328)) - Lock on /workdir/hadoop-ozone/integration-test/target/test-dir/MiniOzoneClusterImpl-c03e40f7-b090-4a92-a38a-d9f2087836a0/datanode-4/data/ratis/ac23669e-f27e-449c-b837-d5e8a4883340/in_use.lock acquired by nodename 9275@pr-hdds-1569-j4bt4-3030777008
2019-09-19 09:32:08,154 [pool-71-thread-1] INFO  storage.RaftStorage (RaftStorage.java:format(72)) - Storage directory /workdir/hadoop-ozone/integration-test/target/test-dir/MiniOzoneClusterImpl-c03e40f7-b090-4a92-a38a-d9f2087836a0/datanode-4/data/ratis/ac23669e-f27e-449c-b837-d5e8a4883340 has been successfully formatted.
2019-09-19 09:32:08,154 [pool-71-thread-1] INFO  ratis.ContainerStateMachine (ContainerStateMachine.java:loadSnapshot(226)) - group-D5E8A4883340: The snapshot info is null. Setting the last applied indexto:(t:0, i:~)
2019-09-19 09:32:08,154 [pool-71-thread-1] INFO  server.RaftServerConfigKeys (ConfUtils.java:logGet(43)) - raft.server.leader.election.timeout = 120s (custom)
2019-09-19 09:32:08,154 [pool-71-thread-1] INFO  server.RaftServerConfigKeys (ConfUtils.java:logGet(43)) - raft.server.log.use.memory = false (default)
2019-09-19 09:32:08,154 [pool-71-thread-1] INFO  server.RaftServerConfigKeys (ConfUtils.java:logGet(43)) - raft.server.log.purge.gap = 1000000 (custom)
2019-09-19 09:32:08,154 [pool-71-thread-1] INFO  server.RaftServerConfigKeys (ConfUtils.java:logGet(43)) - raft.server.log.appender.buffer.byte-limit = 33554432 (custom)
2019-09-19 09:32:08,154 [pool-71-thread-1] INFO  server.RaftServerConfigKeys (ConfUtils.java:logGet(43)) - raft.server.log.segment.size.max = 1048576 (custom)
2019-09-19 09:32:08,155 [pool-71-thread-1] INFO  server.RaftServerConfigKeys (ConfUtils.java:logGet(43)) - raft.server.log.segment.cache.num.max = 2 (custom)
2019-09-19 09:32:08,155 [pool-71-thread-1] INFO  segmented.SegmentedRaftLogWorker (SegmentedRaftLogWorker.java:<init>(172)) - new 7c3f124a-0cb2-45f0-b3a0-cd1753b18df8-SegmentedRaftLogWorker:Storage Directory /workdir/hadoop-ozone/integration-test/target/test-dir/MiniOzoneClusterImpl-c03e40f7-b090-4a92-a38a-d9f2087836a0/datanode-4/data/ratis/ac23669e-f27e-449c-b837-d5e8a4883340 for RaftStorage:Storage Directory /workdir/hadoop-ozone/integration-test/target/test-dir/MiniOzoneClusterImpl-c03e40f7-b090-4a92-a38a-d9f2087836a0/datanode-4/data/ratis/ac23669e-f27e-449c-b837-d5e8a4883340
2019-09-19 09:32:08,155 [pool-71-thread-1] INFO  server.RaftServerConfigKeys (ConfUtils.java:logGet(43)) - raft.server.log.queue.byte-limit = 2147483647 (custom)
2019-09-19 09:32:08,155 [pool-71-thread-1] INFO  server.RaftServerConfigKeys (ConfUtils.java:logGet(43)) - raft.server.log.queue.element-limit = 1024 (custom)
2019-09-19 09:32:08,155 [pool-71-thread-1] INFO  server.RaftServerConfigKeys (ConfUtils.java:logGet(43)) - raft.server.log.segment.size.max = 1048576 (custom)
2019-09-19 09:32:08,155 [pool-71-thread-1] INFO  server.RaftServerConfigKeys (ConfUtils.java:logGet(43)) - raft.server.log.preallocated.size = 16384 (custom)
2019-09-19 09:32:08,155 [pool-71-thread-1] INFO  server.RaftServerConfigKeys (ConfUtils.java:logGet(43)) - raft.server.log.write.buffer.size = 33554432 (custom)
2019-09-19 09:32:08,155 [pool-71-thread-1] INFO  server.RaftServerConfigKeys (ConfUtils.java:logGet(43)) - raft.server.log.force.sync.num = 128 (default)
2019-09-19 09:32:08,155 [pool-71-thread-1] INFO  server.RaftServerConfigKeys (ConfUtils.java:logGet(43)) - raft.server.log.statemachine.data.sync = true (default)
2019-09-19 09:32:08,155 [pool-71-thread-1] INFO  server.RaftServerConfigKeys (ConfUtils.java:logGet(43)) - raft.server.log.statemachine.data.sync.timeout = 10s (default)
2019-09-19 09:32:08,156 [pool-71-thread-1] INFO  server.RaftServerConfigKeys (ConfUtils.java:logGet(43)) - raft.server.log.statemachine.data.sync.timeout.retry = -1 (default)
2019-09-19 09:32:08,156 [pool-71-thread-1] INFO  server.RaftServerConfigKeys (ConfUtils.java:logGet(43)) - raft.server.log.statemachine.data.caching.enabled = true (custom)
2019-09-19 09:32:08,156 [pool-71-thread-1] INFO  segmented.SegmentedRaftLogWorker (SegmentedRaftLogWorker.java:lambda$new$0(132)) - 7c3f124a-0cb2-45f0-b3a0-cd1753b18df8-SegmentedRaftLogWorker:Storage Directory /workdir/hadoop-ozone/integration-test/target/test-dir/MiniOzoneClusterImpl-c03e40f7-b090-4a92-a38a-d9f2087836a0/datanode-4/data/ratis/ac23669e-f27e-449c-b837-d5e8a4883340: flushIndex: setUnconditionally 0 -> -1
2019-09-19 09:32:08,156 [pool-71-thread-1] INFO  server.RaftServerConfigKeys (ConfUtils.java:logGet(43)) - raft.server.snapshot.auto.trigger.enabled = true (custom)
2019-09-19 09:32:08,156 [pool-71-thread-1] INFO  server.RaftServerConfigKeys (ConfUtils.java:logGet(43)) - raft.server.snapshot.auto.trigger.threshold = 10000 (custom)
2019-09-19 09:32:08,156 [pool-71-thread-1] INFO  server.RaftServerConfigKeys (ConfUtils.java:logGet(43)) - raft.server.retrycache.expirytime = 600000ms (custom)
2019-09-19 09:32:08,157 [pool-71-thread-1] INFO  impl.RaftServerImpl (RaftServerImpl.java:start(180)) - 7c3f124a-0cb2-45f0-b3a0-cd1753b18df8: start group-D5E8A4883340
2019-09-19 09:32:08,157 [pool-71-thread-1] INFO  impl.RaftServerImpl (RaftServerImpl.java:setRole(171)) - 7c3f124a-0cb2-45f0-b3a0-cd1753b18df8:group-D5E8A4883340 changes role from null to FOLLOWER at term 0 for startAsFollower
2019-09-19 09:32:08,157 [pool-71-thread-1] INFO  impl.RoleInfo (RoleInfo.java:updateAndGet(143)) - 7c3f124a-0cb2-45f0-b3a0-cd1753b18df8: start FollowerState
2019-09-19 09:32:08,157 [pool-71-thread-1] INFO  util.JmxRegister (JmxRegister.java:tryRegister(44)) - Successfully registered JMX Bean with object name Ratis:service=RaftServer,group=group-D5E8A4883340,id=7c3f124a-0cb2-45f0-b3a0-cd1753b18df8
2019-09-19 09:32:08,162 [RatisPipelineUtilsThread] INFO  pipeline.PipelineStateManager (PipelineStateManager.java:addPipeline(56)) - Created pipeline Pipeline[ Id: ac23669e-f27e-449c-b837-d5e8a4883340, Nodes: 7c3f124a-0cb2-45f0-b3a0-cd1753b18df8{ip: 192.168.34.5, host: pr-hdds-1569-j4bt4-3030777008, networkLocation: /default-rack, certSerialId: null}, Type:RATIS, Factor:ONE, State:OPEN]
2019-09-19 09:32:08,163 [RatisPipelineUtilsThread] ERROR pipeline.PipelinePlacementPolicy (PipelinePlacementPolicy.java:meetCriteria(91)) - Pipeline Placement: Doesn't meet the criteria to be viable node. Heaviness: 6
2019-09-19 09:32:08,164 [RatisPipelineUtilsThread] ERROR pipeline.PipelinePlacementPolicy (PipelinePlacementPolicy.java:meetCriteria(91)) - Pipeline Placement: Doesn't meet the criteria to be viable node. Heaviness: 6
2019-09-19 09:32:08,164 [RatisPipelineUtilsThread] ERROR pipeline.PipelinePlacementPolicy (PipelinePlacementPolicy.java:meetCriteria(91)) - Pipeline Placement: Doesn't meet the criteria to be viable node. Heaviness: 6
2019-09-19 09:32:08,164 [RatisPipelineUtilsThread] ERROR pipeline.PipelinePlacementPolicy (PipelinePlacementPolicy.java:meetCriteria(91)) - Pipeline Placement: Doesn't meet the criteria to be viable node. Heaviness: 6
2019-09-19 09:32:08,164 [RatisPipelineUtilsThread] ERROR pipeline.PipelinePlacementPolicy (PipelinePlacementPolicy.java:meetCriteria(91)) - Pipeline Placement: Doesn't meet the criteria to be viable node. Heaviness: 6
2019-09-19 09:32:08,164 [RatisPipelineUtilsThread] ERROR pipeline.PipelinePlacementPolicy (PipelinePlacementPolicy.java:filterViableNodes(146)) - Unable to find enough nodes that meet the criteria that cannot engage in more than 5 pipelines. Nodes required: 1 Found: 0, healthy nodes count inNodeManager: 5.
2019-09-19 09:32:08,165 [RatisPipelineUtilsThread] ERROR pipeline.SCMPipelineManager (SCMPipelineManager.java:createPipeline(161)) - Pipeline creation failed due to exception: Unable to find enough nodes that meet the criteria that cannot engage in more than 5 pipelines. Nodes required: 1 Found: 0, healthy nodes count inNodeManager: 5.
2019-09-19 09:32:08,166 [RatisPipelineUtilsThread] ERROR pipeline.PipelinePlacementPolicy (PipelinePlacementPolicy.java:meetCriteria(91)) - Pipeline Placement: Doesn't meet the criteria to be viable node. Heaviness: 6
2019-09-19 09:32:08,166 [RatisPipelineUtilsThread] ERROR pipeline.PipelinePlacementPolicy (PipelinePlacementPolicy.java:meetCriteria(91)) - Pipeline Placement: Doesn't meet the criteria to be viable node. Heaviness: 6
2019-09-19 09:32:08,166 [RatisPipelineUtilsThread] ERROR pipeline.PipelinePlacementPolicy (PipelinePlacementPolicy.java:meetCriteria(91)) - Pipeline Placement: Doesn't meet the criteria to be viable node. Heaviness: 6
2019-09-19 09:32:08,166 [RatisPipelineUtilsThread] ERROR pipeline.PipelinePlacementPolicy (PipelinePlacementPolicy.java:meetCriteria(91)) - Pipeline Placement: Doesn't meet the criteria to be viable node. Heaviness: 6
2019-09-19 09:32:08,166 [RatisPipelineUtilsThread] ERROR pipeline.PipelinePlacementPolicy (PipelinePlacementPolicy.java:meetCriteria(91)) - Pipeline Placement: Doesn't meet the criteria to be viable node. Heaviness: 6
2019-09-19 09:32:08,166 [RatisPipelineUtilsThread] ERROR pipeline.PipelinePlacementPolicy (PipelinePlacementPolicy.java:filterViableNodes(146)) - Unable to find enough nodes that meet the criteria that cannot engage in more than 5 pipelines. Nodes required: 3 Found: 0, healthy nodes count inNodeManager: 5.
2019-09-19 09:32:08,167 [RatisPipelineUtilsThread] ERROR pipeline.SCMPipelineManager (SCMPipelineManager.java:createPipeline(161)) - Pipeline creation failed due to exception: Unable to find enough nodes that meet the criteria that cannot engage in more than 5 pipelines. Nodes required: 3 Found: 0, healthy nodes count inNodeManager: 5.
2019-09-19 09:32:08,167 [main] ERROR pipeline.PipelinePlacementPolicy (PipelinePlacementPolicy.java:meetCriteria(91)) - Pipeline Placement: Doesn't meet the criteria to be viable node. Heaviness: 6
2019-09-19 09:32:08,167 [main] ERROR pipeline.PipelinePlacementPolicy (PipelinePlacementPolicy.java:meetCriteria(91)) - Pipeline Placement: Doesn't meet the criteria to be viable node. Heaviness: 6
2019-09-19 09:32:08,167 [main] ERROR pipeline.PipelinePlacementPolicy (PipelinePlacementPolicy.java:meetCriteria(91)) - Pipeline Placement: Doesn't meet the criteria to be viable node. Heaviness: 6
2019-09-19 09:32:08,168 [main] ERROR pipeline.PipelinePlacementPolicy (PipelinePlacementPolicy.java:meetCriteria(91)) - Pipeline Placement: Doesn't meet the criteria to be viable node. Heaviness: 6
2019-09-19 09:32:08,168 [main] ERROR pipeline.PipelinePlacementPolicy (PipelinePlacementPolicy.java:meetCriteria(91)) - Pipeline Placement: Doesn't meet the criteria to be viable node. Heaviness: 6
2019-09-19 09:32:08,168 [main] ERROR pipeline.PipelinePlacementPolicy (PipelinePlacementPolicy.java:filterViableNodes(146)) - Unable to find enough nodes that meet the criteria that cannot engage in more than 5 pipelines. Nodes required: 3 Found: 0, healthy nodes count inNodeManager: 5.
2019-09-19 09:32:08,169 [main] ERROR pipeline.SCMPipelineManager (SCMPipelineManager.java:createPipeline(161)) - Pipeline creation failed due to exception: Unable to find enough nodes that meet the criteria that cannot engage in more than 5 pipelines. Nodes required: 3 Found: 0, healthy nodes count inNodeManager: 5.
2019-09-19 09:32:08,169 [RatisPipelineUtilsThread] ERROR pipeline.PipelinePlacementPolicy (PipelinePlacementPolicy.java:meetCriteria(91)) - Pipeline Placement: Doesn't meet the criteria to be viable node. Heaviness: 6
2019-09-19 09:32:08,169 [main] INFO  ozone.MiniOzoneClusterImpl (MiniOzoneClusterImpl.java:shutdown(321)) - Shutting down the Mini Ozone Cluster
2019-09-19 09:32:08,169 [RatisPipelineUtilsThread] ERROR pipeline.PipelinePlacementPolicy (PipelinePlacementPolicy.java:meetCriteria(91)) - Pipeline Placement: Doesn't meet the criteria to be viable node. Heaviness: 6
2019-09-19 09:32:08,170 [RatisPipelineUtilsThread] ERROR pipeline.PipelinePlacementPolicy (PipelinePlacementPolicy.java:meetCriteria(91)) - Pipeline Placement: Doesn't meet the criteria to be viable node. Heaviness: 6
2019-09-19 09:32:08,170 [RatisPipelineUtilsThread] ERROR pipeline.PipelinePlacementPolicy (PipelinePlacementPolicy.java:meetCriteria(91)) - Pipeline Placement: Doesn't meet the criteria to be viable node. Heaviness: 6
2019-09-19 09:32:08,170 | INFO  | SCMAudit | user=null | ip=null | op=GET_SCM_INFO null | ret=SUCCESS |  
2019-09-19 09:32:08,170 [RatisPipelineUtilsThread] ERROR pipeline.PipelinePlacementPolicy (PipelinePlacementPolicy.java:meetCriteria(91)) - Pipeline Placement: Doesn't meet the criteria to be viable node. Heaviness: 6
2019-09-19 09:32:08,170 [main] INFO  ozone.MiniOzoneClusterImpl (MiniOzoneClusterImpl.java:stop(336)) - Stopping the Mini Ozone Cluster
2019-09-19 09:32:08,170 [RatisPipelineUtilsThread] ERROR pipeline.PipelinePlacementPolicy (PipelinePlacementPolicy.java:filterViableNodes(146)) - Unable to find enough nodes that meet the criteria that cannot engage in more than 5 pipelines. Nodes required: 1 Found: 0, healthy nodes count inNodeManager: 5.
2019-09-19 09:32:08,170 [main] INFO  ozone.MiniOzoneClusterImpl (MiniOzoneClusterImpl.java:stop(338)) - Stopping the OzoneManager
2019-09-19 09:32:08,170 [RatisPipelineUtilsThread] ERROR pipeline.SCMPipelineManager (SCMPipelineManager.java:createPipeline(161)) - Pipeline creation failed due to exception: Unable to find enough nodes that meet the criteria that cannot engage in more than 5 pipelines. Nodes required: 1 Found: 0, healthy nodes count inNodeManager: 5.
2019-09-19 09:32:08,171 [main] INFO  ipc.Server (Server.java:stop(3082)) - Stopping server on 32981
2019-09-19 09:32:08,172 [RatisPipelineUtilsThread] ERROR pipeline.PipelinePlacementPolicy (PipelinePlacementPolicy.java:meetCriteria(91)) - Pipeline Placement: Doesn't meet the criteria to be viable node. Heaviness: 6
2019-09-19 09:32:08,173 [RatisPipelineUtilsThread] ERROR pipeline.PipelinePlacementPolicy (PipelinePlacementPolicy.java:meetCriteria(91)) - Pipeline Placement: Doesn't meet the criteria to be viable node. Heaviness: 6
2019-09-19 09:32:08,178 [RatisPipelineUtilsThread] ERROR pipeline.PipelinePlacementPolicy (PipelinePlacementPolicy.java:meetCriteria(91)) - Pipeline Placement: Doesn't meet the criteria to be viable node. Heaviness: 6
2019-09-19 09:32:08,182 [IPC Server listener on 32981] INFO  ipc.Server (Server.java:run(1185)) - Stopping IPC Server listener on 32981
2019-09-19 09:32:08,183 [main] INFO  ratis.OzoneManagerDoubleBuffer (OzoneManagerDoubleBuffer.java:stop(248)) - Stopping OMDoubleBuffer flush thread
2019-09-19 09:32:08,182 [RatisPipelineUtilsThread] ERROR pipeline.PipelinePlacementPolicy (PipelinePlacementPolicy.java:meetCriteria(91)) - Pipeline Placement: Doesn't meet the criteria to be viable node. Heaviness: 6
2019-09-19 09:32:08,192 [OMDoubleBufferFlushThread] INFO  ratis.OzoneManagerDoubleBuffer (OzoneManagerDoubleBuffer.java:flushTransactions(191)) - OMDoubleBuffer flush thread OMDoubleBufferFlushThread is interrupted and will exit. OMDoubleBufferFlushThread
2019-09-19 09:32:08,186 [IPC Server Responder] INFO  ipc.Server (Server.java:run(1319)) - Stopping IPC Server Responder
2019-09-19 09:32:08,201 [RatisPipelineUtilsThread] ERROR pipeline.PipelinePlacementPolicy (PipelinePlacementPolicy.java:meetCriteria(91)) - Pipeline Placement: Doesn't meet the criteria to be viable node. Heaviness: 6
2019-09-19 09:32:08,201 [main] INFO  utils.BackgroundService (BackgroundService.java:shutdown(148)) - Shutting down service KeyDeletingService
2019-09-19 09:32:08,201 [RatisPipelineUtilsThread] ERROR pipeline.PipelinePlacementPolicy (PipelinePlacementPolicy.java:filterViableNodes(146)) - Unable to find enough nodes that meet the criteria that cannot engage in more than 5 pipelines. Nodes required: 3 Found: 0, healthy nodes count inNodeManager: 5.
2019-09-19 09:32:08,202 [RatisPipelineUtilsThread] ERROR pipeline.SCMPipelineManager (SCMPipelineManager.java:createPipeline(161)) - Pipeline creation failed due to exception: Unable to find enough nodes that meet the criteria that cannot engage in more than 5 pipelines. Nodes required: 3 Found: 0, healthy nodes count inNodeManager: 5.
2019-09-19 09:32:08,205 [main] INFO  handler.ContextHandler (ContextHandler.java:doStop(910)) - Stopped o.e.j.w.WebAppContext@24fabd0f{/,null,UNAVAILABLE}{/ozoneManager}
2019-09-19 09:32:08,210 [main] INFO  server.AbstractConnector (AbstractConnector.java:doStop(318)) - Stopped ServerConnector@250b236d{HTTP/1.1,[http/1.1]}{0.0.0.0:0}
2019-09-19 09:32:08,211 [main] INFO  handler.ContextHandler (ContextHandler.java:doStop(910)) - Stopped o.e.j.s.ServletContextHandler@51ec2df1{/static,file:///workdir/hadoop-ozone/integration-test/target/test-classes/webapps/static,UNAVAILABLE}
2019-09-19 09:32:08,211 [main] INFO  handler.ContextHandler (ContextHandler.java:doStop(910)) - Stopped o.e.j.s.ServletContextHandler@543e593{/logs,file:///workdir/hadoop-ozone/integration-test/target/log,UNAVAILABLE}
2019-09-19 09:32:08,215 [main] INFO  ozone.MiniOzoneClusterImpl (MiniOzoneClusterImpl.java:stop(344)) - Shutting the HddsDatanodes
2019-09-19 09:32:08,216 [main] INFO  datanode.ObjectStoreHandler (ObjectStoreHandler.java:close(155)) - Closing ObjectStoreHandler.
2019-09-19 09:32:08,216 [ForkJoinPool.commonPool-worker-1] INFO  datanode.ObjectStoreHandler (ObjectStoreHandler.java:close(155)) - Closing ObjectStoreHandler.
2019-09-19 09:32:08,227 [main] INFO  ozone.HddsDatanodeService (HddsDatanodeService.java:stop(451)) - Stopped plug-in org.apache.hadoop.ozone.web.OzoneHddsDatanodeService@17c4dc5b
2019-09-19 09:32:08,227 [ForkJoinPool.commonPool-worker-1] INFO  ozone.HddsDatanodeService (HddsDatanodeService.java:stop(451)) - Stopped plug-in org.apache.hadoop.ozone.web.OzoneHddsDatanodeService@646cd766
2019-09-19 09:32:08,241 | INFO  | SCMAudit | user=jenkins1000 | ip=192.168.34.5 | op=SEND_HEARTBEAT {datanodeUUID=bb059d21-eed2-433c-ad63-69c2d96e92b8, command=[]} | ret=SUCCESS |  
2019-09-19 09:32:08,264 | INFO  | SCMAudit | user=jenkins1000 | ip=192.168.34.5 | op=SEND_HEARTBEAT {datanodeUUID=7c3f124a-0cb2-45f0-b3a0-cd1753b18df8, command=[]} | ret=SUCCESS |  
2019-09-19 09:32:08,291 [Thread-207] INFO  container.ReplicationManager (ReplicationManager.java:start(151)) - Starting Replication Monitor Thread.
2019-09-19 09:32:08,292 [ReplicationMonitor] INFO  container.ReplicationManager (ReplicationManager.java:run(214)) - Replication Monitor Thread took 1 milliseconds for processing 0 containers.
2019-09-19 09:32:08,512 [Datanode State Machine Thread - 0] INFO  statemachine.DatanodeStateMachine (DatanodeStateMachine.java:lambda$startDaemon$0(350)) - Ozone container server started.
2019-09-19 09:32:08,975 [Datanode State Machine Thread - 0] INFO  statemachine.DatanodeStateMachine (DatanodeStateMachine.java:lambda$startDaemon$0(350)) - Ozone container server started.
2019-09-19 09:32:09,035 | INFO  | SCMAudit | user=jenkins1000 | ip=192.168.34.5 | op=SEND_HEARTBEAT {datanodeUUID=38cd0138-33f7-48fe-ab23-0150bb61f7f1, command=[]} | ret=SUCCESS |  
2019-09-19 09:32:09,241 | INFO  | SCMAudit | user=jenkins1000 | ip=192.168.34.5 | op=SEND_HEARTBEAT {datanodeUUID=bb059d21-eed2-433c-ad63-69c2d96e92b8, command=[]} | ret=SUCCESS |  
2019-09-19 09:32:09,264 | INFO  | SCMAudit | user=jenkins1000 | ip=192.168.34.5 | op=SEND_HEARTBEAT {datanodeUUID=7c3f124a-0cb2-45f0-b3a0-cd1753b18df8, command=[]} | ret=SUCCESS |  
2019-09-19 09:32:10,047 | INFO  | SCMAudit | user=jenkins1000 | ip=192.168.34.5 | op=SEND_HEARTBEAT {datanodeUUID=38cd0138-33f7-48fe-ab23-0150bb61f7f1, command=[]} | ret=SUCCESS |  
2019-09-19 09:32:10,242 | INFO  | SCMAudit | user=jenkins1000 | ip=192.168.34.5 | op=SEND_HEARTBEAT {datanodeUUID=bb059d21-eed2-433c-ad63-69c2d96e92b8, command=[]} | ret=SUCCESS |  
2019-09-19 09:32:10,264 | INFO  | SCMAudit | user=jenkins1000 | ip=192.168.34.5 | op=SEND_HEARTBEAT {datanodeUUID=7c3f124a-0cb2-45f0-b3a0-cd1753b18df8, command=[]} | ret=SUCCESS |  
2019-09-19 09:32:11,034 | INFO  | SCMAudit | user=jenkins1000 | ip=192.168.34.5 | op=SEND_HEARTBEAT {datanodeUUID=38cd0138-33f7-48fe-ab23-0150bb61f7f1, command=[]} | ret=SUCCESS |  
2019-09-19 09:32:11,242 | INFO  | SCMAudit | user=jenkins1000 | ip=192.168.34.5 | op=SEND_HEARTBEAT {datanodeUUID=bb059d21-eed2-433c-ad63-69c2d96e92b8, command=[]} | ret=SUCCESS |  
2019-09-19 09:32:11,263 | INFO  | SCMAudit | user=jenkins1000 | ip=192.168.34.5 | op=SEND_HEARTBEAT {datanodeUUID=7c3f124a-0cb2-45f0-b3a0-cd1753b18df8, command=[]} | ret=SUCCESS |  
2019-09-19 09:32:11,475 [Thread-209] INFO  impl.FollowerState (FollowerState.java:run(106)) - bb059d21-eed2-433c-ad63-69c2d96e92b8:group-77BCB85FB7D7 changes to CANDIDATE, lastRpcTime:5138, electionTimeout:5137ms
2019-09-19 09:32:11,475 [Thread-209] INFO  impl.RoleInfo (RoleInfo.java:shutdownFollowerState(121)) - bb059d21-eed2-433c-ad63-69c2d96e92b8: shutdown FollowerState
2019-09-19 09:32:11,475 [Thread-209] INFO  impl.RaftServerImpl (RaftServerImpl.java:setRole(171)) - bb059d21-eed2-433c-ad63-69c2d96e92b8:group-77BCB85FB7D7 changes role from FOLLOWER to CANDIDATE at term 0 for changeToCandidate
2019-09-19 09:32:11,482 [Thread-209] INFO  impl.RoleInfo (RoleInfo.java:updateAndGet(143)) - bb059d21-eed2-433c-ad63-69c2d96e92b8: start LeaderElection
2019-09-19 09:32:11,503 [bb059d21-eed2-433c-ad63-69c2d96e92b8:group-77BCB85FB7D7:LeaderElection1] INFO  impl.LeaderElection (LeaderElection.java:askForVotes(181)) - bb059d21-eed2-433c-ad63-69c2d96e92b8:group-77BCB85FB7D7:LeaderElection1: begin an election at term 1 for -1: [bb059d21-eed2-433c-ad63-69c2d96e92b8:192.168.34.5:44341], old=null
2019-09-19 09:32:11,505 [bb059d21-eed2-433c-ad63-69c2d96e92b8:group-77BCB85FB7D7:LeaderElection1] INFO  impl.RoleInfo (RoleInfo.java:shutdownLeaderElection(134)) - bb059d21-eed2-433c-ad63-69c2d96e92b8: shutdown LeaderElection
2019-09-19 09:32:11,506 [bb059d21-eed2-433c-ad63-69c2d96e92b8:group-77BCB85FB7D7:LeaderElection1] INFO  impl.RaftServerImpl (RaftServerImpl.java:setRole(171)) - bb059d21-eed2-433c-ad63-69c2d96e92b8:group-77BCB85FB7D7 changes role from CANDIDATE to LEADER at term 1 for changeToLeader
2019-09-19 09:32:11,506 [bb059d21-eed2-433c-ad63-69c2d96e92b8:group-77BCB85FB7D7:LeaderElection1] INFO  impl.RaftServerImpl (ServerState.java:setLeader(263)) - bb059d21-eed2-433c-ad63-69c2d96e92b8:group-77BCB85FB7D7 change Leader from null to bb059d21-eed2-433c-ad63-69c2d96e92b8 at term 1 for becomeLeader, leader elected after 5279ms
2019-09-19 09:32:11,515 [bb059d21-eed2-433c-ad63-69c2d96e92b8:group-77BCB85FB7D7:LeaderElection1] INFO  server.RaftServerConfigKeys (ConfUtils.java:logGet(43)) - raft.server.staging.catchup.gap = 1000 (default)
2019-09-19 09:32:11,515 [bb059d21-eed2-433c-ad63-69c2d96e92b8:group-77BCB85FB7D7:LeaderElection1] INFO  server.RaftServerConfigKeys (ConfUtils.java:logGet(43)) - raft.server.rpc.sleep.time = 25ms (default)
2019-09-19 09:32:11,519 [bb059d21-eed2-433c-ad63-69c2d96e92b8:group-77BCB85FB7D7:LeaderElection1] INFO  server.RaftServerConfigKeys (ConfUtils.java:logGet(43)) - raft.server.write.element-limit = 4096 (default)
2019-09-19 09:32:11,522 [bb059d21-eed2-433c-ad63-69c2d96e92b8:group-77BCB85FB7D7:LeaderElection1] INFO  server.RaftServerConfigKeys (ConfUtils.java:logGet(43)) - raft.server.watch.timeout = 10s (default)
2019-09-19 09:32:11,522 [bb059d21-eed2-433c-ad63-69c2d96e92b8:group-77BCB85FB7D7:LeaderElection1] INFO  server.RaftServerConfigKeys (ConfUtils.java:logGet(43)) - raft.server.watch.timeout.denomination = 1s (default)
2019-09-19 09:32:11,523 [bb059d21-eed2-433c-ad63-69c2d96e92b8:group-77BCB85FB7D7:LeaderElection1] INFO  server.RaftServerConfigKeys (ConfUtils.java:logGet(43)) - raft.server.watch.element-limit = 65536 (default)
2019-09-19 09:32:11,533 [bb059d21-eed2-433c-ad63-69c2d96e92b8:group-77BCB85FB7D7:LeaderElection1] INFO  impl.RoleInfo (RoleInfo.java:updateAndGet(143)) - bb059d21-eed2-433c-ad63-69c2d96e92b8: start LeaderState
2019-09-19 09:32:11,558 [bb059d21-eed2-433c-ad63-69c2d96e92b8:group-77BCB85FB7D7:LeaderElection1] INFO  segmented.SegmentedRaftLogWorker (SegmentedRaftLogWorker.java:startLogSegment(380)) - bb059d21-eed2-433c-ad63-69c2d96e92b8-SegmentedRaftLogWorker:Storage Directory /workdir/hadoop-ozone/integration-test/target/test-dir/MiniOzoneClusterImpl-c03e40f7-b090-4a92-a38a-d9f2087836a0/datanode-0/data/ratis/35846804-db72-4df4-b7ec-77bcb85fb7d7: Starting segment from index:0
2019-09-19 09:32:11,568 [bb059d21-eed2-433c-ad63-69c2d96e92b8:group-77BCB85FB7D7:LeaderElection1] INFO  impl.RaftServerImpl (ServerState.java:setRaftConf(361)) - bb059d21-eed2-433c-ad63-69c2d96e92b8:group-77BCB85FB7D7 set configuration 0: [bb059d21-eed2-433c-ad63-69c2d96e92b8:192.168.34.5:44341], old=null at 0
2019-09-19 09:32:11,649 [Thread-212] INFO  impl.FollowerState (FollowerState.java:run(106)) - ff5d247f-5929-4b0d-9b68-69c9a991aea9:group-C0CE9ED38DAD changes to CANDIDATE, lastRpcTime:5141, electionTimeout:5140ms
2019-09-19 09:32:11,651 [Thread-212] INFO  impl.RoleInfo (RoleInfo.java:shutdownFollowerState(121)) - ff5d247f-5929-4b0d-9b68-69c9a991aea9: shutdown FollowerState
2019-09-19 09:32:11,651 [Thread-212] INFO  impl.RaftServerImpl (RaftServerImpl.java:setRole(171)) - ff5d247f-5929-4b0d-9b68-69c9a991aea9:group-C0CE9ED38DAD changes role from FOLLOWER to CANDIDATE at term 0 for changeToCandidate
2019-09-19 09:32:11,651 [Thread-212] INFO  impl.RoleInfo (RoleInfo.java:updateAndGet(143)) - ff5d247f-5929-4b0d-9b68-69c9a991aea9: start LeaderElection
2019-09-19 09:32:11,669 [ff5d247f-5929-4b0d-9b68-69c9a991aea9:group-C0CE9ED38DAD:LeaderElection2] INFO  impl.LeaderElection (LeaderElection.java:askForVotes(181)) - ff5d247f-5929-4b0d-9b68-69c9a991aea9:group-C0CE9ED38DAD:LeaderElection2: begin an election at term 1 for -1: [ff5d247f-5929-4b0d-9b68-69c9a991aea9:192.168.34.5:33150], old=null
2019-09-19 09:32:11,675 [ff5d247f-5929-4b0d-9b68-69c9a991aea9:group-C0CE9ED38DAD:LeaderElection2] INFO  impl.RoleInfo (RoleInfo.java:shutdownLeaderElection(134)) - ff5d247f-5929-4b0d-9b68-69c9a991aea9: shutdown LeaderElection
2019-09-19 09:32:11,675 [ff5d247f-5929-4b0d-9b68-69c9a991aea9:group-C0CE9ED38DAD:LeaderElection2] INFO  impl.RaftServerImpl (RaftServerImpl.java:setRole(171)) - ff5d247f-5929-4b0d-9b68-69c9a991aea9:group-C0CE9ED38DAD changes role from CANDIDATE to LEADER at term 1 for changeToLeader
2019-09-19 09:32:11,676 [ff5d247f-5929-4b0d-9b68-69c9a991aea9:group-C0CE9ED38DAD:LeaderElection2] INFO  impl.RaftServerImpl (ServerState.java:setLeader(263)) - ff5d247f-5929-4b0d-9b68-69c9a991aea9:group-C0CE9ED38DAD change Leader from null to ff5d247f-5929-4b0d-9b68-69c9a991aea9 at term 1 for becomeLeader, leader elected after 5173ms
2019-09-19 09:32:11,677 [ff5d247f-5929-4b0d-9b68-69c9a991aea9:group-C0CE9ED38DAD:LeaderElection2] INFO  server.RaftServerConfigKeys (ConfUtils.java:logGet(43)) - raft.server.staging.catchup.gap = 1000 (default)
2019-09-19 09:32:11,677 [ff5d247f-5929-4b0d-9b68-69c9a991aea9:group-C0CE9ED38DAD:LeaderElection2] INFO  server.RaftServerConfigKeys (ConfUtils.java:logGet(43)) - raft.server.rpc.sleep.time = 25ms (default)
2019-09-19 09:32:11,678 [ff5d247f-5929-4b0d-9b68-69c9a991aea9:group-C0CE9ED38DAD:LeaderElection2] INFO  server.RaftServerConfigKeys (ConfUtils.java:logGet(43)) - raft.server.write.element-limit = 4096 (default)
2019-09-19 09:32:11,678 [ff5d247f-5929-4b0d-9b68-69c9a991aea9:group-C0CE9ED38DAD:LeaderElection2] INFO  server.RaftServerConfigKeys (ConfUtils.java:logGet(43)) - raft.server.watch.timeout = 10s (default)
2019-09-19 09:32:11,678 [ff5d247f-5929-4b0d-9b68-69c9a991aea9:group-C0CE9ED38DAD:LeaderElection2] INFO  server.RaftServerConfigKeys (ConfUtils.java:logGet(43)) - raft.server.watch.timeout.denomination = 1s (default)
2019-09-19 09:32:11,678 [ff5d247f-5929-4b0d-9b68-69c9a991aea9:group-C0CE9ED38DAD:LeaderElection2] INFO  server.RaftServerConfigKeys (ConfUtils.java:logGet(43)) - raft.server.watch.element-limit = 65536 (default)
2019-09-19 09:32:11,678 [ff5d247f-5929-4b0d-9b68-69c9a991aea9:group-C0CE9ED38DAD:LeaderElection2] INFO  impl.RoleInfo (RoleInfo.java:updateAndGet(143)) - ff5d247f-5929-4b0d-9b68-69c9a991aea9: start LeaderState
2019-09-19 09:32:11,679 [ff5d247f-5929-4b0d-9b68-69c9a991aea9:group-C0CE9ED38DAD:LeaderElection2] INFO  segmented.SegmentedRaftLogWorker (SegmentedRaftLogWorker.java:startLogSegment(380)) - ff5d247f-5929-4b0d-9b68-69c9a991aea9-SegmentedRaftLogWorker:Storage Directory /workdir/hadoop-ozone/integration-test/target/test-dir/MiniOzoneClusterImpl-c03e40f7-b090-4a92-a38a-d9f2087836a0/datanode-1/data/ratis/dd30d3b9-4a04-4794-8131-c0ce9ed38dad: Starting segment from index:0
2019-09-19 09:32:11,679 [ff5d247f-5929-4b0d-9b68-69c9a991aea9:group-C0CE9ED38DAD:LeaderElection2] INFO  impl.RaftServerImpl (ServerState.java:setRaftConf(361)) - ff5d247f-5929-4b0d-9b68-69c9a991aea9:group-C0CE9ED38DAD set configuration 0: [ff5d247f-5929-4b0d-9b68-69c9a991aea9:192.168.34.5:33150], old=null at 0
2019-09-19 09:32:11,741 [Thread-215] INFO  impl.FollowerState (FollowerState.java:run(106)) - ff5d247f-5929-4b0d-9b68-69c9a991aea9:group-32DE3A76ACA5 changes to CANDIDATE, lastRpcTime:5163, electionTimeout:5163ms
2019-09-19 09:32:11,742 [Thread-215] INFO  impl.RoleInfo (RoleInfo.java:shutdownFollowerState(121)) - ff5d247f-5929-4b0d-9b68-69c9a991aea9: shutdown FollowerState
2019-09-19 09:32:11,742 [Thread-215] INFO  impl.RaftServerImpl (RaftServerImpl.java:setRole(171)) - ff5d247f-5929-4b0d-9b68-69c9a991aea9:group-32DE3A76ACA5 changes role from FOLLOWER to CANDIDATE at term 0 for changeToCandidate
2019-09-19 09:32:11,742 [Thread-215] INFO  impl.RoleInfo (RoleInfo.java:updateAndGet(143)) - ff5d247f-5929-4b0d-9b68-69c9a991aea9: start LeaderElection
2019-09-19 09:32:11,756 [Thread-221] INFO  impl.FollowerState (FollowerState.java:run(106)) - 1671272a-c11f-4f03-85c2-ea0c5f99ec93:group-C4F8FDD23D29 changes to CANDIDATE, lastRpcTime:5039, electionTimeout:5029ms
2019-09-19 09:32:11,757 [Thread-221] INFO  impl.RoleInfo (RoleInfo.java:shutdownFollowerState(121)) - 1671272a-c11f-4f03-85c2-ea0c5f99ec93: shutdown FollowerState
2019-09-19 09:32:11,757 [Thread-221] INFO  impl.RaftServerImpl (RaftServerImpl.java:setRole(171)) - 1671272a-c11f-4f03-85c2-ea0c5f99ec93:group-C4F8FDD23D29 changes role from FOLLOWER to CANDIDATE at term 0 for changeToCandidate
2019-09-19 09:32:11,757 [Thread-221] INFO  impl.RoleInfo (RoleInfo.java:updateAndGet(143)) - 1671272a-c11f-4f03-85c2-ea0c5f99ec93: start LeaderElection
2019-09-19 09:32:11,775 [bb059d21-eed2-433c-ad63-69c2d96e92b8-SegmentedRaftLogWorker:Storage Directory /workdir/hadoop-ozone/integration-test/target/test-dir/MiniOzoneClusterImpl-c03e40f7-b090-4a92-a38a-d9f2087836a0/datanode-0/data/ratis/35846804-db72-4df4-b7ec-77bcb85fb7d7] INFO  segmented.SegmentedRaftLogWorker (SegmentedRaftLogWorker.java:execute(569)) - bb059d21-eed2-433c-ad63-69c2d96e92b8-SegmentedRaftLogWorker:Storage Directory /workdir/hadoop-ozone/integration-test/target/test-dir/MiniOzoneClusterImpl-c03e40f7-b090-4a92-a38a-d9f2087836a0/datanode-0/data/ratis/35846804-db72-4df4-b7ec-77bcb85fb7d7: created new log segment /workdir/hadoop-ozone/integration-test/target/test-dir/MiniOzoneClusterImpl-c03e40f7-b090-4a92-a38a-d9f2087836a0/datanode-0/data/ratis/35846804-db72-4df4-b7ec-77bcb85fb7d7/current/log_inprogress_0
2019-09-19 09:32:11,775 [1671272a-c11f-4f03-85c2-ea0c5f99ec93:group-C4F8FDD23D29:LeaderElection4] INFO  impl.LeaderElection (LeaderElection.java:askForVotes(181)) - 1671272a-c11f-4f03-85c2-ea0c5f99ec93:group-C4F8FDD23D29:LeaderElection4: begin an election at term 1 for -1: [1671272a-c11f-4f03-85c2-ea0c5f99ec93:192.168.34.5:44703], old=null
2019-09-19 09:32:11,775 [ff5d247f-5929-4b0d-9b68-69c9a991aea9:group-32DE3A76ACA5:LeaderElection3] INFO  impl.LeaderElection (LeaderElection.java:askForVotes(181)) - ff5d247f-5929-4b0d-9b68-69c9a991aea9:group-32DE3A76ACA5:LeaderElection3: begin an election at term 1 for -1: [ff5d247f-5929-4b0d-9b68-69c9a991aea9:192.168.34.5:33150], old=null
2019-09-19 09:32:11,775 [ff5d247f-5929-4b0d-9b68-69c9a991aea9-SegmentedRaftLogWorker:Storage Directory /workdir/hadoop-ozone/integration-test/target/test-dir/MiniOzoneClusterImpl-c03e40f7-b090-4a92-a38a-d9f2087836a0/datanode-1/data/ratis/dd30d3b9-4a04-4794-8131-c0ce9ed38dad] INFO  segmented.SegmentedRaftLogWorker (SegmentedRaftLogWorker.java:execute(569)) - ff5d247f-5929-4b0d-9b68-69c9a991aea9-SegmentedRaftLogWorker:Storage Directory /workdir/hadoop-ozone/integration-test/target/test-dir/MiniOzoneClusterImpl-c03e40f7-b090-4a92-a38a-d9f2087836a0/datanode-1/data/ratis/dd30d3b9-4a04-4794-8131-c0ce9ed38dad: created new log segment /workdir/hadoop-ozone/integration-test/target/test-dir/MiniOzoneClusterImpl-c03e40f7-b090-4a92-a38a-d9f2087836a0/datanode-1/data/ratis/dd30d3b9-4a04-4794-8131-c0ce9ed38dad/current/log_inprogress_0
2019-09-19 09:32:11,778 [ff5d247f-5929-4b0d-9b68-69c9a991aea9:group-32DE3A76ACA5:LeaderElection3] INFO  impl.RoleInfo (RoleInfo.java:shutdownLeaderElection(134)) - ff5d247f-5929-4b0d-9b68-69c9a991aea9: shutdown LeaderElection
2019-09-19 09:32:11,778 [1671272a-c11f-4f03-85c2-ea0c5f99ec93:group-C4F8FDD23D29:LeaderElection4] INFO  impl.RoleInfo (RoleInfo.java:shutdownLeaderElection(134)) - 1671272a-c11f-4f03-85c2-ea0c5f99ec93: shutdown LeaderElection
2019-09-19 09:32:11,778 [ff5d247f-5929-4b0d-9b68-69c9a991aea9:group-32DE3A76ACA5:LeaderElection3] INFO  impl.RaftServerImpl (RaftServerImpl.java:setRole(171)) - ff5d247f-5929-4b0d-9b68-69c9a991aea9:group-32DE3A76ACA5 changes role from CANDIDATE to LEADER at term 1 for changeToLeader
2019-09-19 09:32:11,779 [1671272a-c11f-4f03-85c2-ea0c5f99ec93:group-C4F8FDD23D29:LeaderElection4] INFO  impl.RaftServerImpl (RaftServerImpl.java:setRole(171)) - 1671272a-c11f-4f03-85c2-ea0c5f99ec93:group-C4F8FDD23D29 changes role from CANDIDATE to LEADER at term 1 for changeToLeader
2019-09-19 09:32:11,780 [ff5d247f-5929-4b0d-9b68-69c9a991aea9:group-32DE3A76ACA5:LeaderElection3] INFO  impl.RaftServerImpl (ServerState.java:setLeader(263)) - ff5d247f-5929-4b0d-9b68-69c9a991aea9:group-32DE3A76ACA5 change Leader from null to ff5d247f-5929-4b0d-9b68-69c9a991aea9 at term 1 for becomeLeader, leader elected after 5205ms
2019-09-19 09:32:11,780 [1671272a-c11f-4f03-85c2-ea0c5f99ec93:group-C4F8FDD23D29:LeaderElection4] INFO  impl.RaftServerImpl (ServerState.java:setLeader(263)) - 1671272a-c11f-4f03-85c2-ea0c5f99ec93:group-C4F8FDD23D29 change Leader from null to 1671272a-c11f-4f03-85c2-ea0c5f99ec93 at term 1 for becomeLeader, leader elected after 5066ms
2019-09-19 09:32:11,780 [ff5d247f-5929-4b0d-9b68-69c9a991aea9:group-32DE3A76ACA5:LeaderElection3] INFO  server.RaftServerConfigKeys (ConfUtils.java:logGet(43)) - raft.server.staging.catchup.gap = 1000 (default)
2019-09-19 09:32:11,781 [1671272a-c11f-4f03-85c2-ea0c5f99ec93:group-C4F8FDD23D29:LeaderElection4] INFO  server.RaftServerConfigKeys (ConfUtils.java:logGet(43)) - raft.server.staging.catchup.gap = 1000 (default)
2019-09-19 09:32:11,781 [ff5d247f-5929-4b0d-9b68-69c9a991aea9:group-32DE3A76ACA5:LeaderElection3] INFO  server.RaftServerConfigKeys (ConfUtils.java:logGet(43)) - raft.server.rpc.sleep.time = 25ms (default)
2019-09-19 09:32:11,781 [1671272a-c11f-4f03-85c2-ea0c5f99ec93:group-C4F8FDD23D29:LeaderElection4] INFO  server.RaftServerConfigKeys (ConfUtils.java:logGet(43)) - raft.server.rpc.sleep.time = 25ms (default)
2019-09-19 09:32:11,782 [ff5d247f-5929-4b0d-9b68-69c9a991aea9:group-32DE3A76ACA5:LeaderElection3] INFO  server.RaftServerConfigKeys (ConfUtils.java:logGet(43)) - raft.server.write.element-limit = 4096 (default)
2019-09-19 09:32:11,782 [1671272a-c11f-4f03-85c2-ea0c5f99ec93:group-C4F8FDD23D29:LeaderElection4] INFO  server.RaftServerConfigKeys (ConfUtils.java:logGet(43)) - raft.server.write.element-limit = 4096 (default)
2019-09-19 09:32:11,782 [ff5d247f-5929-4b0d-9b68-69c9a991aea9:group-32DE3A76ACA5:LeaderElection3] INFO  server.RaftServerConfigKeys (ConfUtils.java:logGet(43)) - raft.server.watch.timeout = 10s (default)
2019-09-19 09:32:11,782 [1671272a-c11f-4f03-85c2-ea0c5f99ec93:group-C4F8FDD23D29:LeaderElection4] INFO  server.RaftServerConfigKeys (ConfUtils.java:logGet(43)) - raft.server.watch.timeout = 10s (default)
2019-09-19 09:32:11,783 [ff5d247f-5929-4b0d-9b68-69c9a991aea9:group-32DE3A76ACA5:LeaderElection3] INFO  server.RaftServerConfigKeys (ConfUtils.java:logGet(43)) - raft.server.watch.timeout.denomination = 1s (default)
2019-09-19 09:32:11,783 [1671272a-c11f-4f03-85c2-ea0c5f99ec93:group-C4F8FDD23D29:LeaderElection4] INFO  server.RaftServerConfigKeys (ConfUtils.java:logGet(43)) - raft.server.watch.timeout.denomination = 1s (default)
2019-09-19 09:32:11,784 [ff5d247f-5929-4b0d-9b68-69c9a991aea9:group-32DE3A76ACA5:LeaderElection3] INFO  server.RaftServerConfigKeys (ConfUtils.java:logGet(43)) - raft.server.watch.element-limit = 65536 (default)
2019-09-19 09:32:11,784 [1671272a-c11f-4f03-85c2-ea0c5f99ec93:group-C4F8FDD23D29:LeaderElection4] INFO  server.RaftServerConfigKeys (ConfUtils.java:logGet(43)) - raft.server.watch.element-limit = 65536 (default)
2019-09-19 09:32:11,784 [1671272a-c11f-4f03-85c2-ea0c5f99ec93:group-C4F8FDD23D29:LeaderElection4] INFO  impl.RoleInfo (RoleInfo.java:updateAndGet(143)) - 1671272a-c11f-4f03-85c2-ea0c5f99ec93: start LeaderState
2019-09-19 09:32:11,784 [ff5d247f-5929-4b0d-9b68-69c9a991aea9:group-32DE3A76ACA5:LeaderElection3] INFO  impl.RoleInfo (RoleInfo.java:updateAndGet(143)) - ff5d247f-5929-4b0d-9b68-69c9a991aea9: start LeaderState
2019-09-19 09:32:11,784 [1671272a-c11f-4f03-85c2-ea0c5f99ec93:group-C4F8FDD23D29:LeaderElection4] INFO  segmented.SegmentedRaftLogWorker (SegmentedRaftLogWorker.java:startLogSegment(380)) - 1671272a-c11f-4f03-85c2-ea0c5f99ec93-SegmentedRaftLogWorker:Storage Directory /workdir/hadoop-ozone/integration-test/target/test-dir/MiniOzoneClusterImpl-c03e40f7-b090-4a92-a38a-d9f2087836a0/datanode-2/data/ratis/71b221fe-4508-49e0-890c-c4f8fdd23d29: Starting segment from index:0
2019-09-19 09:32:11,784 [ff5d247f-5929-4b0d-9b68-69c9a991aea9:group-32DE3A76ACA5:LeaderElection3] INFO  segmented.SegmentedRaftLogWorker (SegmentedRaftLogWorker.java:startLogSegment(380)) - ff5d247f-5929-4b0d-9b68-69c9a991aea9-SegmentedRaftLogWorker:Storage Directory /workdir/hadoop-ozone/integration-test/target/test-dir/MiniOzoneClusterImpl-c03e40f7-b090-4a92-a38a-d9f2087836a0/datanode-1/data/ratis/3b259e60-d596-449a-bd8d-32de3a76aca5: Starting segment from index:0
2019-09-19 09:32:11,785 [1671272a-c11f-4f03-85c2-ea0c5f99ec93:group-C4F8FDD23D29:LeaderElection4] INFO  impl.RaftServerImpl (ServerState.java:setRaftConf(361)) - 1671272a-c11f-4f03-85c2-ea0c5f99ec93:group-C4F8FDD23D29 set configuration 0: [1671272a-c11f-4f03-85c2-ea0c5f99ec93:192.168.34.5:44703], old=null at 0
2019-09-19 09:32:11,822 [Thread-218] INFO  impl.FollowerState (FollowerState.java:run(106)) - ff5d247f-5929-4b0d-9b68-69c9a991aea9:group-4357AD60C53B changes to CANDIDATE, lastRpcTime:5183, electionTimeout:5149ms
2019-09-19 09:32:11,822 [ff5d247f-5929-4b0d-9b68-69c9a991aea9:group-32DE3A76ACA5:LeaderElection3] INFO  impl.RaftServerImpl (ServerState.java:setRaftConf(361)) - ff5d247f-5929-4b0d-9b68-69c9a991aea9:group-32DE3A76ACA5 set configuration 0: [ff5d247f-5929-4b0d-9b68-69c9a991aea9:192.168.34.5:33150], old=null at 0
2019-09-19 09:32:11,822 [Thread-218] INFO  impl.RoleInfo (RoleInfo.java:shutdownFollowerState(121)) - ff5d247f-5929-4b0d-9b68-69c9a991aea9: shutdown FollowerState
2019-09-19 09:32:11,824 [Thread-218] INFO  impl.RaftServerImpl (RaftServerImpl.java:setRole(171)) - ff5d247f-5929-4b0d-9b68-69c9a991aea9:group-4357AD60C53B changes role from FOLLOWER to CANDIDATE at term 0 for changeToCandidate
2019-09-19 09:32:11,824 [Thread-218] INFO  impl.RoleInfo (RoleInfo.java:updateAndGet(143)) - ff5d247f-5929-4b0d-9b68-69c9a991aea9: start LeaderElection
2019-09-19 09:32:11,835 [ff5d247f-5929-4b0d-9b68-69c9a991aea9-SegmentedRaftLogWorker:Storage Directory /workdir/hadoop-ozone/integration-test/target/test-dir/MiniOzoneClusterImpl-c03e40f7-b090-4a92-a38a-d9f2087836a0/datanode-1/data/ratis/3b259e60-d596-449a-bd8d-32de3a76aca5] INFO  segmented.SegmentedRaftLogWorker (SegmentedRaftLogWorker.java:execute(569)) - ff5d247f-5929-4b0d-9b68-69c9a991aea9-SegmentedRaftLogWorker:Storage Directory /workdir/hadoop-ozone/integration-test/target/test-dir/MiniOzoneClusterImpl-c03e40f7-b090-4a92-a38a-d9f2087836a0/datanode-1/data/ratis/3b259e60-d596-449a-bd8d-32de3a76aca5: created new log segment /workdir/hadoop-ozone/integration-test/target/test-dir/MiniOzoneClusterImpl-c03e40f7-b090-4a92-a38a-d9f2087836a0/datanode-1/data/ratis/3b259e60-d596-449a-bd8d-32de3a76aca5/current/log_inprogress_0
2019-09-19 09:32:11,835 [1671272a-c11f-4f03-85c2-ea0c5f99ec93-SegmentedRaftLogWorker:Storage Directory /workdir/hadoop-ozone/integration-test/target/test-dir/MiniOzoneClusterImpl-c03e40f7-b090-4a92-a38a-d9f2087836a0/datanode-2/data/ratis/71b221fe-4508-49e0-890c-c4f8fdd23d29] INFO  segmented.SegmentedRaftLogWorker (SegmentedRaftLogWorker.java:execute(569)) - 1671272a-c11f-4f03-85c2-ea0c5f99ec93-SegmentedRaftLogWorker:Storage Directory /workdir/hadoop-ozone/integration-test/target/test-dir/MiniOzoneClusterImpl-c03e40f7-b090-4a92-a38a-d9f2087836a0/datanode-2/data/ratis/71b221fe-4508-49e0-890c-c4f8fdd23d29: created new log segment /workdir/hadoop-ozone/integration-test/target/test-dir/MiniOzoneClusterImpl-c03e40f7-b090-4a92-a38a-d9f2087836a0/datanode-2/data/ratis/71b221fe-4508-49e0-890c-c4f8fdd23d29/current/log_inprogress_0
2019-09-19 09:32:11,835 [ff5d247f-5929-4b0d-9b68-69c9a991aea9:group-4357AD60C53B:LeaderElection5] INFO  impl.LeaderElection (LeaderElection.java:askForVotes(181)) - ff5d247f-5929-4b0d-9b68-69c9a991aea9:group-4357AD60C53B:LeaderElection5: begin an election at term 1 for -1: [ff5d247f-5929-4b0d-9b68-69c9a991aea9:192.168.34.5:33150], old=null
2019-09-19 09:32:11,837 [ff5d247f-5929-4b0d-9b68-69c9a991aea9:group-4357AD60C53B:LeaderElection5] INFO  impl.RoleInfo (RoleInfo.java:shutdownLeaderElection(134)) - ff5d247f-5929-4b0d-9b68-69c9a991aea9: shutdown LeaderElection
2019-09-19 09:32:11,837 [ff5d247f-5929-4b0d-9b68-69c9a991aea9:group-4357AD60C53B:LeaderElection5] INFO  impl.RaftServerImpl (RaftServerImpl.java:setRole(171)) - ff5d247f-5929-4b0d-9b68-69c9a991aea9:group-4357AD60C53B changes role from CANDIDATE to LEADER at term 1 for changeToLeader
2019-09-19 09:32:11,837 [ff5d247f-5929-4b0d-9b68-69c9a991aea9:group-4357AD60C53B:LeaderElection5] INFO  impl.RaftServerImpl (ServerState.java:setLeader(263)) - ff5d247f-5929-4b0d-9b68-69c9a991aea9:group-4357AD60C53B change Leader from null to ff5d247f-5929-4b0d-9b68-69c9a991aea9 at term 1 for becomeLeader, leader elected after 5202ms
2019-09-19 09:32:11,837 [ff5d247f-5929-4b0d-9b68-69c9a991aea9:group-4357AD60C53B:LeaderElection5] INFO  server.RaftServerConfigKeys (ConfUtils.java:logGet(43)) - raft.server.staging.catchup.gap = 1000 (default)
2019-09-19 09:32:11,838 [ff5d247f-5929-4b0d-9b68-69c9a991aea9:group-4357AD60C53B:LeaderElection5] INFO  server.RaftServerConfigKeys (ConfUtils.java:logGet(43)) - raft.server.rpc.sleep.time = 25ms (default)
2019-09-19 09:32:11,838 [ff5d247f-5929-4b0d-9b68-69c9a991aea9:group-4357AD60C53B:LeaderElection5] INFO  server.RaftServerConfigKeys (ConfUtils.java:logGet(43)) - raft.server.write.element-limit = 4096 (default)
2019-09-19 09:32:11,838 [ff5d247f-5929-4b0d-9b68-69c9a991aea9:group-4357AD60C53B:LeaderElection5] INFO  server.RaftServerConfigKeys (ConfUtils.java:logGet(43)) - raft.server.watch.timeout = 10s (default)
2019-09-19 09:32:11,838 [ff5d247f-5929-4b0d-9b68-69c9a991aea9:group-4357AD60C53B:LeaderElection5] INFO  server.RaftServerConfigKeys (ConfUtils.java:logGet(43)) - raft.server.watch.timeout.denomination = 1s (default)
2019-09-19 09:32:11,838 [ff5d247f-5929-4b0d-9b68-69c9a991aea9:group-4357AD60C53B:LeaderElection5] INFO  server.RaftServerConfigKeys (ConfUtils.java:logGet(43)) - raft.server.watch.element-limit = 65536 (default)
2019-09-19 09:32:11,839 [ff5d247f-5929-4b0d-9b68-69c9a991aea9:group-4357AD60C53B:LeaderElection5] INFO  impl.RoleInfo (RoleInfo.java:updateAndGet(143)) - ff5d247f-5929-4b0d-9b68-69c9a991aea9: start LeaderState
2019-09-19 09:32:11,839 [ff5d247f-5929-4b0d-9b68-69c9a991aea9:group-4357AD60C53B:LeaderElection5] INFO  segmented.SegmentedRaftLogWorker (SegmentedRaftLogWorker.java:startLogSegment(380)) - ff5d247f-5929-4b0d-9b68-69c9a991aea9-SegmentedRaftLogWorker:Storage Directory /workdir/hadoop-ozone/integration-test/target/test-dir/MiniOzoneClusterImpl-c03e40f7-b090-4a92-a38a-d9f2087836a0/datanode-1/data/ratis/fa791b06-3503-4f91-b91a-4357ad60c53b: Starting segment from index:0
2019-09-19 09:32:11,840 [ff5d247f-5929-4b0d-9b68-69c9a991aea9:group-4357AD60C53B:LeaderElection5] INFO  impl.RaftServerImpl (ServerState.java:setRaftConf(361)) - ff5d247f-5929-4b0d-9b68-69c9a991aea9:group-4357AD60C53B set configuration 0: [ff5d247f-5929-4b0d-9b68-69c9a991aea9:192.168.34.5:33150], old=null at 0
2019-09-19 09:32:11,888 [ff5d247f-5929-4b0d-9b68-69c9a991aea9-SegmentedRaftLogWorker:Storage Directory /workdir/hadoop-ozone/integration-test/target/test-dir/MiniOzoneClusterImpl-c03e40f7-b090-4a92-a38a-d9f2087836a0/datanode-1/data/ratis/fa791b06-3503-4f91-b91a-4357ad60c53b] INFO  segmented.SegmentedRaftLogWorker (SegmentedRaftLogWorker.java:execute(569)) - ff5d247f-5929-4b0d-9b68-69c9a991aea9-SegmentedRaftLogWorker:Storage Directory /workdir/hadoop-ozone/integration-test/target/test-dir/MiniOzoneClusterImpl-c03e40f7-b090-4a92-a38a-d9f2087836a0/datanode-1/data/ratis/fa791b06-3503-4f91-b91a-4357ad60c53b: created new log segment /workdir/hadoop-ozone/integration-test/target/test-dir/MiniOzoneClusterImpl-c03e40f7-b090-4a92-a38a-d9f2087836a0/datanode-1/data/ratis/fa791b06-3503-4f91-b91a-4357ad60c53b/current/log_inprogress_0
2019-09-19 09:32:11,923 [Thread-224] INFO  impl.FollowerState (FollowerState.java:run(106)) - 38cd0138-33f7-48fe-ab23-0150bb61f7f1:group-5721CDBD2B52 changes to CANDIDATE, lastRpcTime:5144, electionTimeout:5144ms
2019-09-19 09:32:11,924 [Thread-224] INFO  impl.RoleInfo (RoleInfo.java:shutdownFollowerState(121)) - 38cd0138-33f7-48fe-ab23-0150bb61f7f1: shutdown FollowerState
2019-09-19 09:32:11,924 [Thread-224] INFO  impl.RaftServerImpl (RaftServerImpl.java:setRole(171)) - 38cd0138-33f7-48fe-ab23-0150bb61f7f1:group-5721CDBD2B52 changes role from FOLLOWER to CANDIDATE at term 0 for changeToCandidate
2019-09-19 09:32:11,924 [Thread-224] INFO  impl.RoleInfo (RoleInfo.java:updateAndGet(143)) - 38cd0138-33f7-48fe-ab23-0150bb61f7f1: start LeaderElection
2019-09-19 09:32:11,943 [38cd0138-33f7-48fe-ab23-0150bb61f7f1:group-5721CDBD2B52:LeaderElection6] INFO  impl.LeaderElection (LeaderElection.java:askForVotes(181)) - 38cd0138-33f7-48fe-ab23-0150bb61f7f1:group-5721CDBD2B52:LeaderElection6: begin an election at term 1 for -1: [38cd0138-33f7-48fe-ab23-0150bb61f7f1:192.168.34.5:36410], old=null
2019-09-19 09:32:11,945 [38cd0138-33f7-48fe-ab23-0150bb61f7f1:group-5721CDBD2B52:LeaderElection6] INFO  impl.RoleInfo (RoleInfo.java:shutdownLeaderElection(134)) - 38cd0138-33f7-48fe-ab23-0150bb61f7f1: shutdown LeaderElection
2019-09-19 09:32:11,945 [38cd0138-33f7-48fe-ab23-0150bb61f7f1:group-5721CDBD2B52:LeaderElection6] INFO  impl.RaftServerImpl (RaftServerImpl.java:setRole(171)) - 38cd0138-33f7-48fe-ab23-0150bb61f7f1:group-5721CDBD2B52 changes role from CANDIDATE to LEADER at term 1 for changeToLeader
2019-09-19 09:32:11,945 [38cd0138-33f7-48fe-ab23-0150bb61f7f1:group-5721CDBD2B52:LeaderElection6] INFO  impl.RaftServerImpl (ServerState.java:setLeader(263)) - 38cd0138-33f7-48fe-ab23-0150bb61f7f1:group-5721CDBD2B52 change Leader from null to 38cd0138-33f7-48fe-ab23-0150bb61f7f1 at term 1 for becomeLeader, leader elected after 5171ms
2019-09-19 09:32:11,946 [38cd0138-33f7-48fe-ab23-0150bb61f7f1:group-5721CDBD2B52:LeaderElection6] INFO  server.RaftServerConfigKeys (ConfUtils.java:logGet(43)) - raft.server.staging.catchup.gap = 1000 (default)
2019-09-19 09:32:11,947 [38cd0138-33f7-48fe-ab23-0150bb61f7f1:group-5721CDBD2B52:LeaderElection6] INFO  server.RaftServerConfigKeys (ConfUtils.java:logGet(43)) - raft.server.rpc.sleep.time = 25ms (default)
2019-09-19 09:32:11,947 [38cd0138-33f7-48fe-ab23-0150bb61f7f1:group-5721CDBD2B52:LeaderElection6] INFO  server.RaftServerConfigKeys (ConfUtils.java:logGet(43)) - raft.server.write.element-limit = 4096 (default)
2019-09-19 09:32:11,947 [38cd0138-33f7-48fe-ab23-0150bb61f7f1:group-5721CDBD2B52:LeaderElection6] INFO  server.RaftServerConfigKeys (ConfUtils.java:logGet(43)) - raft.server.watch.timeout = 10s (default)
2019-09-19 09:32:11,947 [38cd0138-33f7-48fe-ab23-0150bb61f7f1:group-5721CDBD2B52:LeaderElection6] INFO  server.RaftServerConfigKeys (ConfUtils.java:logGet(43)) - raft.server.watch.timeout.denomination = 1s (default)
2019-09-19 09:32:11,947 [38cd0138-33f7-48fe-ab23-0150bb61f7f1:group-5721CDBD2B52:LeaderElection6] INFO  server.RaftServerConfigKeys (ConfUtils.java:logGet(43)) - raft.server.watch.element-limit = 65536 (default)
2019-09-19 09:32:11,948 [38cd0138-33f7-48fe-ab23-0150bb61f7f1:group-5721CDBD2B52:LeaderElection6] INFO  impl.RoleInfo (RoleInfo.java:updateAndGet(143)) - 38cd0138-33f7-48fe-ab23-0150bb61f7f1: start LeaderState
2019-09-19 09:32:11,948 [38cd0138-33f7-48fe-ab23-0150bb61f7f1:group-5721CDBD2B52:LeaderElection6] INFO  segmented.SegmentedRaftLogWorker (SegmentedRaftLogWorker.java:startLogSegment(380)) - 38cd0138-33f7-48fe-ab23-0150bb61f7f1-SegmentedRaftLogWorker:Storage Directory /workdir/hadoop-ozone/integration-test/target/test-dir/MiniOzoneClusterImpl-c03e40f7-b090-4a92-a38a-d9f2087836a0/datanode-3/data/ratis/73a1f4bb-52de-4692-9432-5721cdbd2b52: Starting segment from index:0
2019-09-19 09:32:11,949 [38cd0138-33f7-48fe-ab23-0150bb61f7f1:group-5721CDBD2B52:LeaderElection6] INFO  impl.RaftServerImpl (ServerState.java:setRaftConf(361)) - 38cd0138-33f7-48fe-ab23-0150bb61f7f1:group-5721CDBD2B52 set configuration 0: [38cd0138-33f7-48fe-ab23-0150bb61f7f1:192.168.34.5:36410], old=null at 0
2019-09-19 09:32:11,981 [Thread-227] INFO  impl.FollowerState (FollowerState.java:run(106)) - ff5d247f-5929-4b0d-9b68-69c9a991aea9:group-E7F97B3EF7BE changes to CANDIDATE, lastRpcTime:5141, electionTimeout:5138ms
2019-09-19 09:32:11,981 [Thread-227] INFO  impl.RoleInfo (RoleInfo.java:shutdownFollowerState(121)) - ff5d247f-5929-4b0d-9b68-69c9a991aea9: shutdown FollowerState
2019-09-19 09:32:11,982 [Thread-227] INFO  impl.RaftServerImpl (RaftServerImpl.java:setRole(171)) - ff5d247f-5929-4b0d-9b68-69c9a991aea9:group-E7F97B3EF7BE changes role from FOLLOWER to CANDIDATE at term 0 for changeToCandidate
2019-09-19 09:32:11,982 [Thread-227] INFO  impl.RoleInfo (RoleInfo.java:updateAndGet(143)) - ff5d247f-5929-4b0d-9b68-69c9a991aea9: start LeaderElection
2019-09-19 09:32:11,994 [38cd0138-33f7-48fe-ab23-0150bb61f7f1-SegmentedRaftLogWorker:Storage Directory /workdir/hadoop-ozone/integration-test/target/test-dir/MiniOzoneClusterImpl-c03e40f7-b090-4a92-a38a-d9f2087836a0/datanode-3/data/ratis/73a1f4bb-52de-4692-9432-5721cdbd2b52] INFO  segmented.SegmentedRaftLogWorker (SegmentedRaftLogWorker.java:execute(569)) - 38cd0138-33f7-48fe-ab23-0150bb61f7f1-SegmentedRaftLogWorker:Storage Directory /workdir/hadoop-ozone/integration-test/target/test-dir/MiniOzoneClusterImpl-c03e40f7-b090-4a92-a38a-d9f2087836a0/datanode-3/data/ratis/73a1f4bb-52de-4692-9432-5721cdbd2b52: created new log segment /workdir/hadoop-ozone/integration-test/target/test-dir/MiniOzoneClusterImpl-c03e40f7-b090-4a92-a38a-d9f2087836a0/datanode-3/data/ratis/73a1f4bb-52de-4692-9432-5721cdbd2b52/current/log_inprogress_0
2019-09-19 09:32:11,994 [ff5d247f-5929-4b0d-9b68-69c9a991aea9:group-E7F97B3EF7BE:LeaderElection7] INFO  impl.LeaderElection (LeaderElection.java:askForVotes(181)) - ff5d247f-5929-4b0d-9b68-69c9a991aea9:group-E7F97B3EF7BE:LeaderElection7: begin an election at term 1 for -1: [ff5d247f-5929-4b0d-9b68-69c9a991aea9:192.168.34.5:33150], old=null
2019-09-19 09:32:11,995 [ff5d247f-5929-4b0d-9b68-69c9a991aea9:group-E7F97B3EF7BE:LeaderElection7] INFO  impl.RoleInfo (RoleInfo.java:shutdownLeaderElection(134)) - ff5d247f-5929-4b0d-9b68-69c9a991aea9: shutdown LeaderElection
2019-09-19 09:32:11,995 [ff5d247f-5929-4b0d-9b68-69c9a991aea9:group-E7F97B3EF7BE:LeaderElection7] INFO  impl.RaftServerImpl (RaftServerImpl.java:setRole(171)) - ff5d247f-5929-4b0d-9b68-69c9a991aea9:group-E7F97B3EF7BE changes role from CANDIDATE to LEADER at term 1 for changeToLeader
2019-09-19 09:32:11,995 [ff5d247f-5929-4b0d-9b68-69c9a991aea9:group-E7F97B3EF7BE:LeaderElection7] INFO  impl.RaftServerImpl (ServerState.java:setLeader(263)) - ff5d247f-5929-4b0d-9b68-69c9a991aea9:group-E7F97B3EF7BE change Leader from null to ff5d247f-5929-4b0d-9b68-69c9a991aea9 at term 1 for becomeLeader, leader elected after 5157ms
2019-09-19 09:32:11,995 [ff5d247f-5929-4b0d-9b68-69c9a991aea9:group-E7F97B3EF7BE:LeaderElection7] INFO  server.RaftServerConfigKeys (ConfUtils.java:logGet(43)) - raft.server.staging.catchup.gap = 1000 (default)
2019-09-19 09:32:11,995 [ff5d247f-5929-4b0d-9b68-69c9a991aea9:group-E7F97B3EF7BE:LeaderElection7] INFO  server.RaftServerConfigKeys (ConfUtils.java:logGet(43)) - raft.server.rpc.sleep.time = 25ms (default)
2019-09-19 09:32:11,995 [ff5d247f-5929-4b0d-9b68-69c9a991aea9:group-E7F97B3EF7BE:LeaderElection7] INFO  server.RaftServerConfigKeys (ConfUtils.java:logGet(43)) - raft.server.write.element-limit = 4096 (default)
2019-09-19 09:32:11,995 [ff5d247f-5929-4b0d-9b68-69c9a991aea9:group-E7F97B3EF7BE:LeaderElection7] INFO  server.RaftServerConfigKeys (ConfUtils.java:logGet(43)) - raft.server.watch.timeout = 10s (default)
2019-09-19 09:32:11,996 [ff5d247f-5929-4b0d-9b68-69c9a991aea9:group-E7F97B3EF7BE:LeaderElection7] INFO  server.RaftServerConfigKeys (ConfUtils.java:logGet(43)) - raft.server.watch.timeout.denomination = 1s (default)
2019-09-19 09:32:11,996 [ff5d247f-5929-4b0d-9b68-69c9a991aea9:group-E7F97B3EF7BE:LeaderElection7] INFO  server.RaftServerConfigKeys (ConfUtils.java:logGet(43)) - raft.server.watch.element-limit = 65536 (default)
2019-09-19 09:32:11,996 [ff5d247f-5929-4b0d-9b68-69c9a991aea9:group-E7F97B3EF7BE:LeaderElection7] INFO  impl.RoleInfo (RoleInfo.java:updateAndGet(143)) - ff5d247f-5929-4b0d-9b68-69c9a991aea9: start LeaderState
2019-09-19 09:32:11,996 [ff5d247f-5929-4b0d-9b68-69c9a991aea9:group-E7F97B3EF7BE:LeaderElection7] INFO  segmented.SegmentedRaftLogWorker (SegmentedRaftLogWorker.java:startLogSegment(380)) - ff5d247f-5929-4b0d-9b68-69c9a991aea9-SegmentedRaftLogWorker:Storage Directory /workdir/hadoop-ozone/integration-test/target/test-dir/MiniOzoneClusterImpl-c03e40f7-b090-4a92-a38a-d9f2087836a0/datanode-1/data/ratis/96da3690-8b33-4e8d-b13b-e7f97b3ef7be: Starting segment from index:0
2019-09-19 09:32:11,997 [ff5d247f-5929-4b0d-9b68-69c9a991aea9:group-E7F97B3EF7BE:LeaderElection7] INFO  impl.RaftServerImpl (ServerState.java:setRaftConf(361)) - ff5d247f-5929-4b0d-9b68-69c9a991aea9:group-E7F97B3EF7BE set configuration 0: [ff5d247f-5929-4b0d-9b68-69c9a991aea9:192.168.34.5:33150], old=null at 0
2019-09-19 09:32:12,033 | INFO  | SCMAudit | user=jenkins1000 | ip=192.168.34.5 | op=SEND_HEARTBEAT {datanodeUUID=38cd0138-33f7-48fe-ab23-0150bb61f7f1, command=[]} | ret=SUCCESS |  
2019-09-19 09:32:12,038 [ff5d247f-5929-4b0d-9b68-69c9a991aea9-SegmentedRaftLogWorker:Storage Directory /workdir/hadoop-ozone/integration-test/target/test-dir/MiniOzoneClusterImpl-c03e40f7-b090-4a92-a38a-d9f2087836a0/datanode-1/data/ratis/96da3690-8b33-4e8d-b13b-e7f97b3ef7be] INFO  segmented.SegmentedRaftLogWorker (SegmentedRaftLogWorker.java:execute(569)) - ff5d247f-5929-4b0d-9b68-69c9a991aea9-SegmentedRaftLogWorker:Storage Directory /workdir/hadoop-ozone/integration-test/target/test-dir/MiniOzoneClusterImpl-c03e40f7-b090-4a92-a38a-d9f2087836a0/datanode-1/data/ratis/96da3690-8b33-4e8d-b13b-e7f97b3ef7be: created new log segment /workdir/hadoop-ozone/integration-test/target/test-dir/MiniOzoneClusterImpl-c03e40f7-b090-4a92-a38a-d9f2087836a0/datanode-1/data/ratis/96da3690-8b33-4e8d-b13b-e7f97b3ef7be/current/log_inprogress_0
2019-09-19 09:32:12,094 [Thread-230] INFO  impl.FollowerState (FollowerState.java:run(106)) - 38cd0138-33f7-48fe-ab23-0150bb61f7f1:group-8D7EC2A4ABFB changes to CANDIDATE, lastRpcTime:5184, electionTimeout:5184ms
2019-09-19 09:32:12,094 [Thread-230] INFO  impl.RoleInfo (RoleInfo.java:shutdownFollowerState(121)) - 38cd0138-33f7-48fe-ab23-0150bb61f7f1: shutdown FollowerState
2019-09-19 09:32:12,094 [Thread-230] INFO  impl.RaftServerImpl (RaftServerImpl.java:setRole(171)) - 38cd0138-33f7-48fe-ab23-0150bb61f7f1:group-8D7EC2A4ABFB changes role from FOLLOWER to CANDIDATE at term 0 for changeToCandidate
2019-09-19 09:32:12,094 [Thread-230] INFO  impl.RoleInfo (RoleInfo.java:updateAndGet(143)) - 38cd0138-33f7-48fe-ab23-0150bb61f7f1: start LeaderElection
2019-09-19 09:32:12,113 [38cd0138-33f7-48fe-ab23-0150bb61f7f1:group-8D7EC2A4ABFB:LeaderElection8] INFO  impl.LeaderElection (LeaderElection.java:askForVotes(181)) - 38cd0138-33f7-48fe-ab23-0150bb61f7f1:group-8D7EC2A4ABFB:LeaderElection8: begin an election at term 1 for -1: [38cd0138-33f7-48fe-ab23-0150bb61f7f1:192.168.34.5:36410], old=null
2019-09-19 09:32:12,115 [38cd0138-33f7-48fe-ab23-0150bb61f7f1:group-8D7EC2A4ABFB:LeaderElection8] INFO  impl.RoleInfo (RoleInfo.java:shutdownLeaderElection(134)) - 38cd0138-33f7-48fe-ab23-0150bb61f7f1: shutdown LeaderElection
2019-09-19 09:32:12,115 [38cd0138-33f7-48fe-ab23-0150bb61f7f1:group-8D7EC2A4ABFB:LeaderElection8] INFO  impl.RaftServerImpl (RaftServerImpl.java:setRole(171)) - 38cd0138-33f7-48fe-ab23-0150bb61f7f1:group-8D7EC2A4ABFB changes role from CANDIDATE to LEADER at term 1 for changeToLeader
2019-09-19 09:32:12,115 [38cd0138-33f7-48fe-ab23-0150bb61f7f1:group-8D7EC2A4ABFB:LeaderElection8] INFO  impl.RaftServerImpl (ServerState.java:setLeader(263)) - 38cd0138-33f7-48fe-ab23-0150bb61f7f1:group-8D7EC2A4ABFB change Leader from null to 38cd0138-33f7-48fe-ab23-0150bb61f7f1 at term 1 for becomeLeader, leader elected after 5209ms
2019-09-19 09:32:12,115 [38cd0138-33f7-48fe-ab23-0150bb61f7f1:group-8D7EC2A4ABFB:LeaderElection8] INFO  server.RaftServerConfigKeys (ConfUtils.java:logGet(43)) - raft.server.staging.catchup.gap = 1000 (default)
2019-09-19 09:32:12,115 [38cd0138-33f7-48fe-ab23-0150bb61f7f1:group-8D7EC2A4ABFB:LeaderElection8] INFO  server.RaftServerConfigKeys (ConfUtils.java:logGet(43)) - raft.server.rpc.sleep.time = 25ms (default)
2019-09-19 09:32:12,115 [38cd0138-33f7-48fe-ab23-0150bb61f7f1:group-8D7EC2A4ABFB:LeaderElection8] INFO  server.RaftServerConfigKeys (ConfUtils.java:logGet(43)) - raft.server.write.element-limit = 4096 (default)
2019-09-19 09:32:12,116 [38cd0138-33f7-48fe-ab23-0150bb61f7f1:group-8D7EC2A4ABFB:LeaderElection8] INFO  server.RaftServerConfigKeys (ConfUtils.java:logGet(43)) - raft.server.watch.timeout = 10s (default)
2019-09-19 09:32:12,116 [38cd0138-33f7-48fe-ab23-0150bb61f7f1:group-8D7EC2A4ABFB:LeaderElection8] INFO  server.RaftServerConfigKeys (ConfUtils.java:logGet(43)) - raft.server.watch.timeout.denomination = 1s (default)
2019-09-19 09:32:12,116 [38cd0138-33f7-48fe-ab23-0150bb61f7f1:group-8D7EC2A4ABFB:LeaderElection8] INFO  server.RaftServerConfigKeys (ConfUtils.java:logGet(43)) - raft.server.watch.element-limit = 65536 (default)
2019-09-19 09:32:12,116 [38cd0138-33f7-48fe-ab23-0150bb61f7f1:group-8D7EC2A4ABFB:LeaderElection8] INFO  impl.RoleInfo (RoleInfo.java:updateAndGet(143)) - 38cd0138-33f7-48fe-ab23-0150bb61f7f1: start LeaderState
2019-09-19 09:32:12,117 [38cd0138-33f7-48fe-ab23-0150bb61f7f1:group-8D7EC2A4ABFB:LeaderElection8] INFO  segmented.SegmentedRaftLogWorker (SegmentedRaftLogWorker.java:startLogSegment(380)) - 38cd0138-33f7-48fe-ab23-0150bb61f7f1-SegmentedRaftLogWorker:Storage Directory /workdir/hadoop-ozone/integration-test/target/test-dir/MiniOzoneClusterImpl-c03e40f7-b090-4a92-a38a-d9f2087836a0/datanode-3/data/ratis/1d18812b-b419-4274-ae57-8d7ec2a4abfb: Starting segment from index:0
2019-09-19 09:32:12,117 [38cd0138-33f7-48fe-ab23-0150bb61f7f1:group-8D7EC2A4ABFB:LeaderElection8] INFO  impl.RaftServerImpl (ServerState.java:setRaftConf(361)) - 38cd0138-33f7-48fe-ab23-0150bb61f7f1:group-8D7EC2A4ABFB set configuration 0: [38cd0138-33f7-48fe-ab23-0150bb61f7f1:192.168.34.5:36410], old=null at 0
2019-09-19 09:32:12,133 [Thread-233] INFO  impl.FollowerState (FollowerState.java:run(106)) - ff5d247f-5929-4b0d-9b68-69c9a991aea9:group-8ABD7959E6E9 changes to CANDIDATE, lastRpcTime:5166, electionTimeout:5159ms
2019-09-19 09:32:12,133 [Thread-233] INFO  impl.RoleInfo (RoleInfo.java:shutdownFollowerState(121)) - ff5d247f-5929-4b0d-9b68-69c9a991aea9: shutdown FollowerState
2019-09-19 09:32:12,133 [Thread-233] INFO  impl.RaftServerImpl (RaftServerImpl.java:setRole(171)) - ff5d247f-5929-4b0d-9b68-69c9a991aea9:group-8ABD7959E6E9 changes role from FOLLOWER to CANDIDATE at term 0 for changeToCandidate
2019-09-19 09:32:12,134 [Thread-233] INFO  impl.RoleInfo (RoleInfo.java:updateAndGet(143)) - ff5d247f-5929-4b0d-9b68-69c9a991aea9: start LeaderElection
2019-09-19 09:32:12,146 [38cd0138-33f7-48fe-ab23-0150bb61f7f1-SegmentedRaftLogWorker:Storage Directory /workdir/hadoop-ozone/integration-test/target/test-dir/MiniOzoneClusterImpl-c03e40f7-b090-4a92-a38a-d9f2087836a0/datanode-3/data/ratis/1d18812b-b419-4274-ae57-8d7ec2a4abfb] INFO  segmented.SegmentedRaftLogWorker (SegmentedRaftLogWorker.java:execute(569)) - 38cd0138-33f7-48fe-ab23-0150bb61f7f1-SegmentedRaftLogWorker:Storage Directory /workdir/hadoop-ozone/integration-test/target/test-dir/MiniOzoneClusterImpl-c03e40f7-b090-4a92-a38a-d9f2087836a0/datanode-3/data/ratis/1d18812b-b419-4274-ae57-8d7ec2a4abfb: created new log segment /workdir/hadoop-ozone/integration-test/target/test-dir/MiniOzoneClusterImpl-c03e40f7-b090-4a92-a38a-d9f2087836a0/datanode-3/data/ratis/1d18812b-b419-4274-ae57-8d7ec2a4abfb/current/log_inprogress_0
2019-09-19 09:32:12,147 [ff5d247f-5929-4b0d-9b68-69c9a991aea9:group-8ABD7959E6E9:LeaderElection9] INFO  impl.LeaderElection (LeaderElection.java:askForVotes(181)) - ff5d247f-5929-4b0d-9b68-69c9a991aea9:group-8ABD7959E6E9:LeaderElection9: begin an election at term 1 for -1: [ff5d247f-5929-4b0d-9b68-69c9a991aea9:192.168.34.5:33150], old=null
2019-09-19 09:32:12,147 [ff5d247f-5929-4b0d-9b68-69c9a991aea9:group-8ABD7959E6E9:LeaderElection9] INFO  impl.RoleInfo (RoleInfo.java:shutdownLeaderElection(134)) - ff5d247f-5929-4b0d-9b68-69c9a991aea9: shutdown LeaderElection
2019-09-19 09:32:12,147 [ff5d247f-5929-4b0d-9b68-69c9a991aea9:group-8ABD7959E6E9:LeaderElection9] INFO  impl.RaftServerImpl (RaftServerImpl.java:setRole(171)) - ff5d247f-5929-4b0d-9b68-69c9a991aea9:group-8ABD7959E6E9 changes role from CANDIDATE to LEADER at term 1 for changeToLeader
2019-09-19 09:32:12,147 [ff5d247f-5929-4b0d-9b68-69c9a991aea9:group-8ABD7959E6E9:LeaderElection9] INFO  impl.RaftServerImpl (ServerState.java:setLeader(263)) - ff5d247f-5929-4b0d-9b68-69c9a991aea9:group-8ABD7959E6E9 change Leader from null to ff5d247f-5929-4b0d-9b68-69c9a991aea9 at term 1 for becomeLeader, leader elected after 5184ms
2019-09-19 09:32:12,148 [ff5d247f-5929-4b0d-9b68-69c9a991aea9:group-8ABD7959E6E9:LeaderElection9] INFO  server.RaftServerConfigKeys (ConfUtils.java:logGet(43)) - raft.server.staging.catchup.gap = 1000 (default)
2019-09-19 09:32:12,148 [ff5d247f-5929-4b0d-9b68-69c9a991aea9:group-8ABD7959E6E9:LeaderElection9] INFO  server.RaftServerConfigKeys (ConfUtils.java:logGet(43)) - raft.server.rpc.sleep.time = 25ms (default)
2019-09-19 09:32:12,148 [ff5d247f-5929-4b0d-9b68-69c9a991aea9:group-8ABD7959E6E9:LeaderElection9] INFO  server.RaftServerConfigKeys (ConfUtils.java:logGet(43)) - raft.server.write.element-limit = 4096 (default)
2019-09-19 09:32:12,148 [ff5d247f-5929-4b0d-9b68-69c9a991aea9:group-8ABD7959E6E9:LeaderElection9] INFO  server.RaftServerConfigKeys (ConfUtils.java:logGet(43)) - raft.server.watch.timeout = 10s (default)
2019-09-19 09:32:12,148 [ff5d247f-5929-4b0d-9b68-69c9a991aea9:group-8ABD7959E6E9:LeaderElection9] INFO  server.RaftServerConfigKeys (ConfUtils.java:logGet(43)) - raft.server.watch.timeout.denomination = 1s (default)
2019-09-19 09:32:12,148 [ff5d247f-5929-4b0d-9b68-69c9a991aea9:group-8ABD7959E6E9:LeaderElection9] INFO  server.RaftServerConfigKeys (ConfUtils.java:logGet(43)) - raft.server.watch.element-limit = 65536 (default)
2019-09-19 09:32:12,149 [ff5d247f-5929-4b0d-9b68-69c9a991aea9:group-8ABD7959E6E9:LeaderElection9] INFO  impl.RoleInfo (RoleInfo.java:updateAndGet(143)) - ff5d247f-5929-4b0d-9b68-69c9a991aea9: start LeaderState
2019-09-19 09:32:12,149 [ff5d247f-5929-4b0d-9b68-69c9a991aea9:group-8ABD7959E6E9:LeaderElection9] INFO  segmented.SegmentedRaftLogWorker (SegmentedRaftLogWorker.java:startLogSegment(380)) - ff5d247f-5929-4b0d-9b68-69c9a991aea9-SegmentedRaftLogWorker:Storage Directory /workdir/hadoop-ozone/integration-test/target/test-dir/MiniOzoneClusterImpl-c03e40f7-b090-4a92-a38a-d9f2087836a0/datanode-1/data/ratis/5770e979-e8bc-4d4b-a076-8abd7959e6e9: Starting segment from index:0
2019-09-19 09:32:12,150 [ff5d247f-5929-4b0d-9b68-69c9a991aea9:group-8ABD7959E6E9:LeaderElection9] INFO  impl.RaftServerImpl (ServerState.java:setRaftConf(361)) - ff5d247f-5929-4b0d-9b68-69c9a991aea9:group-8ABD7959E6E9 set configuration 0: [ff5d247f-5929-4b0d-9b68-69c9a991aea9:192.168.34.5:33150], old=null at 0
2019-09-19 09:32:12,185 [Thread-236] INFO  impl.FollowerState (FollowerState.java:run(106)) - bb059d21-eed2-433c-ad63-69c2d96e92b8:group-76B8A275DD2B changes to CANDIDATE, lastRpcTime:5150, electionTimeout:5143ms
2019-09-19 09:32:12,187 [Thread-236] INFO  impl.RoleInfo (RoleInfo.java:shutdownFollowerState(121)) - bb059d21-eed2-433c-ad63-69c2d96e92b8: shutdown FollowerState
2019-09-19 09:32:12,187 [Thread-236] INFO  impl.RaftServerImpl (RaftServerImpl.java:setRole(171)) - bb059d21-eed2-433c-ad63-69c2d96e92b8:group-76B8A275DD2B changes role from FOLLOWER to CANDIDATE at term 0 for changeToCandidate
2019-09-19 09:32:12,187 [Thread-236] INFO  impl.RoleInfo (RoleInfo.java:updateAndGet(143)) - bb059d21-eed2-433c-ad63-69c2d96e92b8: start LeaderElection
2019-09-19 09:32:12,198 [ff5d247f-5929-4b0d-9b68-69c9a991aea9-SegmentedRaftLogWorker:Storage Directory /workdir/hadoop-ozone/integration-test/target/test-dir/MiniOzoneClusterImpl-c03e40f7-b090-4a92-a38a-d9f2087836a0/datanode-1/data/ratis/5770e979-e8bc-4d4b-a076-8abd7959e6e9] INFO  segmented.SegmentedRaftLogWorker (SegmentedRaftLogWorker.java:execute(569)) - ff5d247f-5929-4b0d-9b68-69c9a991aea9-SegmentedRaftLogWorker:Storage Directory /workdir/hadoop-ozone/integration-test/target/test-dir/MiniOzoneClusterImpl-c03e40f7-b090-4a92-a38a-d9f2087836a0/datanode-1/data/ratis/5770e979-e8bc-4d4b-a076-8abd7959e6e9: created new log segment /workdir/hadoop-ozone/integration-test/target/test-dir/MiniOzoneClusterImpl-c03e40f7-b090-4a92-a38a-d9f2087836a0/datanode-1/data/ratis/5770e979-e8bc-4d4b-a076-8abd7959e6e9/current/log_inprogress_0
2019-09-19 09:32:12,198 [bb059d21-eed2-433c-ad63-69c2d96e92b8:group-76B8A275DD2B:LeaderElection10] INFO  impl.LeaderElection (LeaderElection.java:askForVotes(181)) - bb059d21-eed2-433c-ad63-69c2d96e92b8:group-76B8A275DD2B:LeaderElection10: begin an election at term 1 for -1: [bb059d21-eed2-433c-ad63-69c2d96e92b8:192.168.34.5:44341], old=null
2019-09-19 09:32:12,198 [bb059d21-eed2-433c-ad63-69c2d96e92b8:group-76B8A275DD2B:LeaderElection10] INFO  impl.RoleInfo (RoleInfo.java:shutdownLeaderElection(134)) - bb059d21-eed2-433c-ad63-69c2d96e92b8: shutdown LeaderElection
2019-09-19 09:32:12,199 [bb059d21-eed2-433c-ad63-69c2d96e92b8:group-76B8A275DD2B:LeaderElection10] INFO  impl.RaftServerImpl (RaftServerImpl.java:setRole(171)) - bb059d21-eed2-433c-ad63-69c2d96e92b8:group-76B8A275DD2B changes role from CANDIDATE to LEADER at term 1 for changeToLeader
2019-09-19 09:32:12,199 [bb059d21-eed2-433c-ad63-69c2d96e92b8:group-76B8A275DD2B:LeaderElection10] INFO  impl.RaftServerImpl (ServerState.java:setLeader(263)) - bb059d21-eed2-433c-ad63-69c2d96e92b8:group-76B8A275DD2B change Leader from null to bb059d21-eed2-433c-ad63-69c2d96e92b8 at term 1 for becomeLeader, leader elected after 5168ms
2019-09-19 09:32:12,199 [bb059d21-eed2-433c-ad63-69c2d96e92b8:group-76B8A275DD2B:LeaderElection10] INFO  server.RaftServerConfigKeys (ConfUtils.java:logGet(43)) - raft.server.staging.catchup.gap = 1000 (default)
2019-09-19 09:32:12,199 [bb059d21-eed2-433c-ad63-69c2d96e92b8:group-76B8A275DD2B:LeaderElection10] INFO  server.RaftServerConfigKeys (ConfUtils.java:logGet(43)) - raft.server.rpc.sleep.time = 25ms (default)
2019-09-19 09:32:12,199 [bb059d21-eed2-433c-ad63-69c2d96e92b8:group-76B8A275DD2B:LeaderElection10] INFO  server.RaftServerConfigKeys (ConfUtils.java:logGet(43)) - raft.server.write.element-limit = 4096 (default)
2019-09-19 09:32:12,199 [bb059d21-eed2-433c-ad63-69c2d96e92b8:group-76B8A275DD2B:LeaderElection10] INFO  server.RaftServerConfigKeys (ConfUtils.java:logGet(43)) - raft.server.watch.timeout = 10s (default)
2019-09-19 09:32:12,199 [bb059d21-eed2-433c-ad63-69c2d96e92b8:group-76B8A275DD2B:LeaderElection10] INFO  server.RaftServerConfigKeys (ConfUtils.java:logGet(43)) - raft.server.watch.timeout.denomination = 1s (default)
2019-09-19 09:32:12,200 [bb059d21-eed2-433c-ad63-69c2d96e92b8:group-76B8A275DD2B:LeaderElection10] INFO  server.RaftServerConfigKeys (ConfUtils.java:logGet(43)) - raft.server.watch.element-limit = 65536 (default)
2019-09-19 09:32:12,200 [bb059d21-eed2-433c-ad63-69c2d96e92b8:group-76B8A275DD2B:LeaderElection10] INFO  impl.RoleInfo (RoleInfo.java:updateAndGet(143)) - bb059d21-eed2-433c-ad63-69c2d96e92b8: start LeaderState
2019-09-19 09:32:12,200 [bb059d21-eed2-433c-ad63-69c2d96e92b8:group-76B8A275DD2B:LeaderElection10] INFO  segmented.SegmentedRaftLogWorker (SegmentedRaftLogWorker.java:startLogSegment(380)) - bb059d21-eed2-433c-ad63-69c2d96e92b8-SegmentedRaftLogWorker:Storage Directory /workdir/hadoop-ozone/integration-test/target/test-dir/MiniOzoneClusterImpl-c03e40f7-b090-4a92-a38a-d9f2087836a0/datanode-0/data/ratis/831465ac-acbd-49c4-b59f-76b8a275dd2b: Starting segment from index:0
2019-09-19 09:32:12,201 [bb059d21-eed2-433c-ad63-69c2d96e92b8:group-76B8A275DD2B:LeaderElection10] INFO  impl.RaftServerImpl (ServerState.java:setRaftConf(361)) - bb059d21-eed2-433c-ad63-69c2d96e92b8:group-76B8A275DD2B set configuration 0: [bb059d21-eed2-433c-ad63-69c2d96e92b8:192.168.34.5:44341], old=null at 0
2019-09-19 09:32:12,236 [Thread-242] INFO  impl.FollowerState (FollowerState.java:run(106)) - bb059d21-eed2-433c-ad63-69c2d96e92b8:group-067D350D862D changes to CANDIDATE, lastRpcTime:5077, electionTimeout:5077ms
2019-09-19 09:32:12,242 [Thread-242] INFO  impl.RoleInfo (RoleInfo.java:shutdownFollowerState(121)) - bb059d21-eed2-433c-ad63-69c2d96e92b8: shutdown FollowerState
2019-09-19 09:32:12,242 [Thread-242] INFO  impl.RaftServerImpl (RaftServerImpl.java:setRole(171)) - bb059d21-eed2-433c-ad63-69c2d96e92b8:group-067D350D862D changes role from FOLLOWER to CANDIDATE at term 0 for changeToCandidate
2019-09-19 09:32:12,242 [Thread-242] INFO  impl.RoleInfo (RoleInfo.java:updateAndGet(143)) - bb059d21-eed2-433c-ad63-69c2d96e92b8: start LeaderElection
2019-09-19 09:32:12,247 | INFO  | SCMAudit | user=jenkins1000 | ip=192.168.34.5 | op=SEND_HEARTBEAT {datanodeUUID=bb059d21-eed2-433c-ad63-69c2d96e92b8, command=[]} | ret=SUCCESS |  
2019-09-19 09:32:12,248 [bb059d21-eed2-433c-ad63-69c2d96e92b8-SegmentedRaftLogWorker:Storage Directory /workdir/hadoop-ozone/integration-test/target/test-dir/MiniOzoneClusterImpl-c03e40f7-b090-4a92-a38a-d9f2087836a0/datanode-0/data/ratis/831465ac-acbd-49c4-b59f-76b8a275dd2b] INFO  segmented.SegmentedRaftLogWorker (SegmentedRaftLogWorker.java:execute(569)) - bb059d21-eed2-433c-ad63-69c2d96e92b8-SegmentedRaftLogWorker:Storage Directory /workdir/hadoop-ozone/integration-test/target/test-dir/MiniOzoneClusterImpl-c03e40f7-b090-4a92-a38a-d9f2087836a0/datanode-0/data/ratis/831465ac-acbd-49c4-b59f-76b8a275dd2b: created new log segment /workdir/hadoop-ozone/integration-test/target/test-dir/MiniOzoneClusterImpl-c03e40f7-b090-4a92-a38a-d9f2087836a0/datanode-0/data/ratis/831465ac-acbd-49c4-b59f-76b8a275dd2b/current/log_inprogress_0
2019-09-19 09:32:12,250 [bb059d21-eed2-433c-ad63-69c2d96e92b8:group-067D350D862D:LeaderElection11] INFO  impl.LeaderElection (LeaderElection.java:askForVotes(181)) - bb059d21-eed2-433c-ad63-69c2d96e92b8:group-067D350D862D:LeaderElection11: begin an election at term 1 for -1: [bb059d21-eed2-433c-ad63-69c2d96e92b8:192.168.34.5:44341], old=null
2019-09-19 09:32:12,251 [bb059d21-eed2-433c-ad63-69c2d96e92b8:group-067D350D862D:LeaderElection11] INFO  impl.RoleInfo (RoleInfo.java:shutdownLeaderElection(134)) - bb059d21-eed2-433c-ad63-69c2d96e92b8: shutdown LeaderElection
2019-09-19 09:32:12,251 [bb059d21-eed2-433c-ad63-69c2d96e92b8:group-067D350D862D:LeaderElection11] INFO  impl.RaftServerImpl (RaftServerImpl.java:setRole(171)) - bb059d21-eed2-433c-ad63-69c2d96e92b8:group-067D350D862D changes role from CANDIDATE to LEADER at term 1 for changeToLeader
2019-09-19 09:32:12,251 [bb059d21-eed2-433c-ad63-69c2d96e92b8:group-067D350D862D:LeaderElection11] INFO  impl.RaftServerImpl (ServerState.java:setLeader(263)) - bb059d21-eed2-433c-ad63-69c2d96e92b8:group-067D350D862D change Leader from null to bb059d21-eed2-433c-ad63-69c2d96e92b8 at term 1 for becomeLeader, leader elected after 5096ms
2019-09-19 09:32:12,251 [bb059d21-eed2-433c-ad63-69c2d96e92b8:group-067D350D862D:LeaderElection11] INFO  server.RaftServerConfigKeys (ConfUtils.java:logGet(43)) - raft.server.staging.catchup.gap = 1000 (default)
2019-09-19 09:32:12,251 [bb059d21-eed2-433c-ad63-69c2d96e92b8:group-067D350D862D:LeaderElection11] INFO  server.RaftServerConfigKeys (ConfUtils.java:logGet(43)) - raft.server.rpc.sleep.time = 25ms (default)
2019-09-19 09:32:12,251 [bb059d21-eed2-433c-ad63-69c2d96e92b8:group-067D350D862D:LeaderElection11] INFO  server.RaftServerConfigKeys (ConfUtils.java:logGet(43)) - raft.server.write.element-limit = 4096 (default)
2019-09-19 09:32:12,252 [bb059d21-eed2-433c-ad63-69c2d96e92b8:group-067D350D862D:LeaderElection11] INFO  server.RaftServerConfigKeys (ConfUtils.java:logGet(43)) - raft.server.watch.timeout = 10s (default)
2019-09-19 09:32:12,252 [bb059d21-eed2-433c-ad63-69c2d96e92b8:group-067D350D862D:LeaderElection11] INFO  server.RaftServerConfigKeys (ConfUtils.java:logGet(43)) - raft.server.watch.timeout.denomination = 1s (default)
2019-09-19 09:32:12,252 [bb059d21-eed2-433c-ad63-69c2d96e92b8:group-067D350D862D:LeaderElection11] INFO  server.RaftServerConfigKeys (ConfUtils.java:logGet(43)) - raft.server.watch.element-limit = 65536 (default)
2019-09-19 09:32:12,252 [bb059d21-eed2-433c-ad63-69c2d96e92b8:group-067D350D862D:LeaderElection11] INFO  impl.RoleInfo (RoleInfo.java:updateAndGet(143)) - bb059d21-eed2-433c-ad63-69c2d96e92b8: start LeaderState
2019-09-19 09:32:12,253 [bb059d21-eed2-433c-ad63-69c2d96e92b8:group-067D350D862D:LeaderElection11] INFO  segmented.SegmentedRaftLogWorker (SegmentedRaftLogWorker.java:startLogSegment(380)) - bb059d21-eed2-433c-ad63-69c2d96e92b8-SegmentedRaftLogWorker:Storage Directory /workdir/hadoop-ozone/integration-test/target/test-dir/MiniOzoneClusterImpl-c03e40f7-b090-4a92-a38a-d9f2087836a0/datanode-0/data/ratis/29ae7042-12ab-425d-a046-067d350d862d: Starting segment from index:0
2019-09-19 09:32:12,253 [bb059d21-eed2-433c-ad63-69c2d96e92b8:group-067D350D862D:LeaderElection11] INFO  impl.RaftServerImpl (ServerState.java:setRaftConf(361)) - bb059d21-eed2-433c-ad63-69c2d96e92b8:group-067D350D862D set configuration 0: [bb059d21-eed2-433c-ad63-69c2d96e92b8:192.168.34.5:44341], old=null at 0
2019-09-19 09:32:12,288 [Thread-239] INFO  impl.FollowerState (FollowerState.java:run(106)) - bb059d21-eed2-433c-ad63-69c2d96e92b8:group-BAD7CC73FDDD changes to CANDIDATE, lastRpcTime:5193, electionTimeout:5171ms
2019-09-19 09:32:12,288 [Thread-239] INFO  impl.RoleInfo (RoleInfo.java:shutdownFollowerState(121)) - bb059d21-eed2-433c-ad63-69c2d96e92b8: shutdown FollowerState
2019-09-19 09:32:12,288 [Thread-239] INFO  impl.RaftServerImpl (RaftServerImpl.java:setRole(171)) - bb059d21-eed2-433c-ad63-69c2d96e92b8:group-BAD7CC73FDDD changes role from FOLLOWER to CANDIDATE at term 0 for changeToCandidate
2019-09-19 09:32:12,289 [Thread-239] INFO  impl.RoleInfo (RoleInfo.java:updateAndGet(143)) - bb059d21-eed2-433c-ad63-69c2d96e92b8: start LeaderElection
2019-09-19 09:32:12,295 | INFO  | SCMAudit | user=jenkins1000 | ip=192.168.34.5 | op=SEND_HEARTBEAT {datanodeUUID=7c3f124a-0cb2-45f0-b3a0-cd1753b18df8, command=[]} | ret=SUCCESS |  
2019-09-19 09:32:12,299 [Thread-245] INFO  impl.FollowerState (FollowerState.java:run(106)) - 1671272a-c11f-4f03-85c2-ea0c5f99ec93:group-BD81C64303F0 changes to CANDIDATE, lastRpcTime:5084, electionTimeout:5084ms
2019-09-19 09:32:12,300 [Thread-245] INFO  impl.RoleInfo (RoleInfo.java:shutdownFollowerState(121)) - 1671272a-c11f-4f03-85c2-ea0c5f99ec93: shutdown FollowerState
2019-09-19 09:32:12,300 [Thread-245] INFO  impl.RaftServerImpl (RaftServerImpl.java:setRole(171)) - 1671272a-c11f-4f03-85c2-ea0c5f99ec93:group-BD81C64303F0 changes role from FOLLOWER to CANDIDATE at term 0 for changeToCandidate
2019-09-19 09:32:12,300 [Thread-245] INFO  impl.RoleInfo (RoleInfo.java:updateAndGet(143)) - 1671272a-c11f-4f03-85c2-ea0c5f99ec93: start LeaderElection
2019-09-19 09:32:12,315 [bb059d21-eed2-433c-ad63-69c2d96e92b8-SegmentedRaftLogWorker:Storage Directory /workdir/hadoop-ozone/integration-test/target/test-dir/MiniOzoneClusterImpl-c03e40f7-b090-4a92-a38a-d9f2087836a0/datanode-0/data/ratis/29ae7042-12ab-425d-a046-067d350d862d] INFO  segmented.SegmentedRaftLogWorker (SegmentedRaftLogWorker.java:execute(569)) - bb059d21-eed2-433c-ad63-69c2d96e92b8-SegmentedRaftLogWorker:Storage Directory /workdir/hadoop-ozone/integration-test/target/test-dir/MiniOzoneClusterImpl-c03e40f7-b090-4a92-a38a-d9f2087836a0/datanode-0/data/ratis/29ae7042-12ab-425d-a046-067d350d862d: created new log segment /workdir/hadoop-ozone/integration-test/target/test-dir/MiniOzoneClusterImpl-c03e40f7-b090-4a92-a38a-d9f2087836a0/datanode-0/data/ratis/29ae7042-12ab-425d-a046-067d350d862d/current/log_inprogress_0
2019-09-19 09:32:12,315 [bb059d21-eed2-433c-ad63-69c2d96e92b8:group-BAD7CC73FDDD:LeaderElection12] INFO  impl.LeaderElection (LeaderElection.java:askForVotes(181)) - bb059d21-eed2-433c-ad63-69c2d96e92b8:group-BAD7CC73FDDD:LeaderElection12: begin an election at term 1 for -1: [bb059d21-eed2-433c-ad63-69c2d96e92b8:192.168.34.5:44341], old=null
2019-09-19 09:32:12,315 [1671272a-c11f-4f03-85c2-ea0c5f99ec93:group-BD81C64303F0:LeaderElection13] INFO  impl.LeaderElection (LeaderElection.java:askForVotes(181)) - 1671272a-c11f-4f03-85c2-ea0c5f99ec93:group-BD81C64303F0:LeaderElection13: begin an election at term 1 for -1: [1671272a-c11f-4f03-85c2-ea0c5f99ec93:192.168.34.5:44703], old=null
2019-09-19 09:32:12,315 [bb059d21-eed2-433c-ad63-69c2d96e92b8:group-BAD7CC73FDDD:LeaderElection12] INFO  impl.RoleInfo (RoleInfo.java:shutdownLeaderElection(134)) - bb059d21-eed2-433c-ad63-69c2d96e92b8: shutdown LeaderElection
2019-09-19 09:32:12,315 [1671272a-c11f-4f03-85c2-ea0c5f99ec93:group-BD81C64303F0:LeaderElection13] INFO  impl.RoleInfo (RoleInfo.java:shutdownLeaderElection(134)) - 1671272a-c11f-4f03-85c2-ea0c5f99ec93: shutdown LeaderElection
2019-09-19 09:32:12,315 [bb059d21-eed2-433c-ad63-69c2d96e92b8:group-BAD7CC73FDDD:LeaderElection12] INFO  impl.RaftServerImpl (RaftServerImpl.java:setRole(171)) - bb059d21-eed2-433c-ad63-69c2d96e92b8:group-BAD7CC73FDDD changes role from CANDIDATE to LEADER at term 1 for changeToLeader
2019-09-19 09:32:12,315 [1671272a-c11f-4f03-85c2-ea0c5f99ec93:group-BD81C64303F0:LeaderElection13] INFO  impl.RaftServerImpl (RaftServerImpl.java:setRole(171)) - 1671272a-c11f-4f03-85c2-ea0c5f99ec93:group-BD81C64303F0 changes role from CANDIDATE to LEADER at term 1 for changeToLeader
2019-09-19 09:32:12,315 [bb059d21-eed2-433c-ad63-69c2d96e92b8:group-BAD7CC73FDDD:LeaderElection12] INFO  impl.RaftServerImpl (ServerState.java:setLeader(263)) - bb059d21-eed2-433c-ad63-69c2d96e92b8:group-BAD7CC73FDDD change Leader from null to bb059d21-eed2-433c-ad63-69c2d96e92b8 at term 1 for becomeLeader, leader elected after 5225ms
2019-09-19 09:32:12,315 [1671272a-c11f-4f03-85c2-ea0c5f99ec93:group-BD81C64303F0:LeaderElection13] INFO  impl.RaftServerImpl (ServerState.java:setLeader(263)) - 1671272a-c11f-4f03-85c2-ea0c5f99ec93:group-BD81C64303F0 change Leader from null to 1671272a-c11f-4f03-85c2-ea0c5f99ec93 at term 1 for becomeLeader, leader elected after 5105ms
2019-09-19 09:32:12,316 [bb059d21-eed2-433c-ad63-69c2d96e92b8:group-BAD7CC73FDDD:LeaderElection12] INFO  server.RaftServerConfigKeys (ConfUtils.java:logGet(43)) - raft.server.staging.catchup.gap = 1000 (default)
2019-09-19 09:32:12,316 [1671272a-c11f-4f03-85c2-ea0c5f99ec93:group-BD81C64303F0:LeaderElection13] INFO  server.RaftServerConfigKeys (ConfUtils.java:logGet(43)) - raft.server.staging.catchup.gap = 1000 (default)
2019-09-19 09:32:12,316 [bb059d21-eed2-433c-ad63-69c2d96e92b8:group-BAD7CC73FDDD:LeaderElection12] INFO  server.RaftServerConfigKeys (ConfUtils.java:logGet(43)) - raft.server.rpc.sleep.time = 25ms (default)
2019-09-19 09:32:12,316 [1671272a-c11f-4f03-85c2-ea0c5f99ec93:group-BD81C64303F0:LeaderElection13] INFO  server.RaftServerConfigKeys (ConfUtils.java:logGet(43)) - raft.server.rpc.sleep.time = 25ms (default)
2019-09-19 09:32:12,316 [bb059d21-eed2-433c-ad63-69c2d96e92b8:group-BAD7CC73FDDD:LeaderElection12] INFO  server.RaftServerConfigKeys (ConfUtils.java:logGet(43)) - raft.server.write.element-limit = 4096 (default)
2019-09-19 09:32:12,316 [1671272a-c11f-4f03-85c2-ea0c5f99ec93:group-BD81C64303F0:LeaderElection13] INFO  server.RaftServerConfigKeys (ConfUtils.java:logGet(43)) - raft.server.write.element-limit = 4096 (default)
2019-09-19 09:32:12,316 [bb059d21-eed2-433c-ad63-69c2d96e92b8:group-BAD7CC73FDDD:LeaderElection12] INFO  server.RaftServerConfigKeys (ConfUtils.java:logGet(43)) - raft.server.watch.timeout = 10s (default)
2019-09-19 09:32:12,317 [1671272a-c11f-4f03-85c2-ea0c5f99ec93:group-BD81C64303F0:LeaderElection13] INFO  server.RaftServerConfigKeys (ConfUtils.java:logGet(43)) - raft.server.watch.timeout = 10s (default)
2019-09-19 09:32:12,317 [bb059d21-eed2-433c-ad63-69c2d96e92b8:group-BAD7CC73FDDD:LeaderElection12] INFO  server.RaftServerConfigKeys (ConfUtils.java:logGet(43)) - raft.server.watch.timeout.denomination = 1s (default)
2019-09-19 09:32:12,317 [1671272a-c11f-4f03-85c2-ea0c5f99ec93:group-BD81C64303F0:LeaderElection13] INFO  server.RaftServerConfigKeys (ConfUtils.java:logGet(43)) - raft.server.watch.timeout.denomination = 1s (default)
2019-09-19 09:32:12,317 [bb059d21-eed2-433c-ad63-69c2d96e92b8:group-BAD7CC73FDDD:LeaderElection12] INFO  server.RaftServerConfigKeys (ConfUtils.java:logGet(43)) - raft.server.watch.element-limit = 65536 (default)
2019-09-19 09:32:12,317 [1671272a-c11f-4f03-85c2-ea0c5f99ec93:group-BD81C64303F0:LeaderElection13] INFO  server.RaftServerConfigKeys (ConfUtils.java:logGet(43)) - raft.server.watch.element-limit = 65536 (default)
2019-09-19 09:32:12,317 [bb059d21-eed2-433c-ad63-69c2d96e92b8:group-BAD7CC73FDDD:LeaderElection12] INFO  impl.RoleInfo (RoleInfo.java:updateAndGet(143)) - bb059d21-eed2-433c-ad63-69c2d96e92b8: start LeaderState
2019-09-19 09:32:12,317 [1671272a-c11f-4f03-85c2-ea0c5f99ec93:group-BD81C64303F0:LeaderElection13] INFO  impl.RoleInfo (RoleInfo.java:updateAndGet(143)) - 1671272a-c11f-4f03-85c2-ea0c5f99ec93: start LeaderState
2019-09-19 09:32:12,318 [bb059d21-eed2-433c-ad63-69c2d96e92b8:group-BAD7CC73FDDD:LeaderElection12] INFO  segmented.SegmentedRaftLogWorker (SegmentedRaftLogWorker.java:startLogSegment(380)) - bb059d21-eed2-433c-ad63-69c2d96e92b8-SegmentedRaftLogWorker:Storage Directory /workdir/hadoop-ozone/integration-test/target/test-dir/MiniOzoneClusterImpl-c03e40f7-b090-4a92-a38a-d9f2087836a0/datanode-0/data/ratis/f7c47c98-4908-4593-8863-bad7cc73fddd: Starting segment from index:0
2019-09-19 09:32:12,318 [1671272a-c11f-4f03-85c2-ea0c5f99ec93:group-BD81C64303F0:LeaderElection13] INFO  segmented.SegmentedRaftLogWorker (SegmentedRaftLogWorker.java:startLogSegment(380)) - 1671272a-c11f-4f03-85c2-ea0c5f99ec93-SegmentedRaftLogWorker:Storage Directory /workdir/hadoop-ozone/integration-test/target/test-dir/MiniOzoneClusterImpl-c03e40f7-b090-4a92-a38a-d9f2087836a0/datanode-2/data/ratis/99fb837a-e46e-49fd-b8bc-bd81c64303f0: Starting segment from index:0
2019-09-19 09:32:12,318 [bb059d21-eed2-433c-ad63-69c2d96e92b8:group-BAD7CC73FDDD:LeaderElection12] INFO  impl.RaftServerImpl (ServerState.java:setRaftConf(361)) - bb059d21-eed2-433c-ad63-69c2d96e92b8:group-BAD7CC73FDDD set configuration 0: [bb059d21-eed2-433c-ad63-69c2d96e92b8:192.168.34.5:44341], old=null at 0
2019-09-19 09:32:12,353 [1671272a-c11f-4f03-85c2-ea0c5f99ec93:group-BD81C64303F0:LeaderElection13] INFO  impl.RaftServerImpl (ServerState.java:setRaftConf(361)) - 1671272a-c11f-4f03-85c2-ea0c5f99ec93:group-BD81C64303F0 set configuration 0: [1671272a-c11f-4f03-85c2-ea0c5f99ec93:192.168.34.5:44703], old=null at 0
2019-09-19 09:32:12,364 [Thread-248] INFO  impl.FollowerState (FollowerState.java:run(106)) - bb059d21-eed2-433c-ad63-69c2d96e92b8:group-6E619C51B90B changes to CANDIDATE, lastRpcTime:5079, electionTimeout:5079ms
2019-09-19 09:32:12,364 [Thread-248] INFO  impl.RoleInfo (RoleInfo.java:shutdownFollowerState(121)) - bb059d21-eed2-433c-ad63-69c2d96e92b8: shutdown FollowerState
2019-09-19 09:32:12,364 [Thread-248] INFO  impl.RaftServerImpl (RaftServerImpl.java:setRole(171)) - bb059d21-eed2-433c-ad63-69c2d96e92b8:group-6E619C51B90B changes role from FOLLOWER to CANDIDATE at term 0 for changeToCandidate
2019-09-19 09:32:12,364 [Thread-248] INFO  impl.RoleInfo (RoleInfo.java:updateAndGet(143)) - bb059d21-eed2-433c-ad63-69c2d96e92b8: start LeaderElection
2019-09-19 09:32:12,369 [bb059d21-eed2-433c-ad63-69c2d96e92b8-SegmentedRaftLogWorker:Storage Directory /workdir/hadoop-ozone/integration-test/target/test-dir/MiniOzoneClusterImpl-c03e40f7-b090-4a92-a38a-d9f2087836a0/datanode-0/data/ratis/f7c47c98-4908-4593-8863-bad7cc73fddd] INFO  segmented.SegmentedRaftLogWorker (SegmentedRaftLogWorker.java:execute(569)) - bb059d21-eed2-433c-ad63-69c2d96e92b8-SegmentedRaftLogWorker:Storage Directory /workdir/hadoop-ozone/integration-test/target/test-dir/MiniOzoneClusterImpl-c03e40f7-b090-4a92-a38a-d9f2087836a0/datanode-0/data/ratis/f7c47c98-4908-4593-8863-bad7cc73fddd: created new log segment /workdir/hadoop-ozone/integration-test/target/test-dir/MiniOzoneClusterImpl-c03e40f7-b090-4a92-a38a-d9f2087836a0/datanode-0/data/ratis/f7c47c98-4908-4593-8863-bad7cc73fddd/current/log_inprogress_0
2019-09-19 09:32:12,369 [1671272a-c11f-4f03-85c2-ea0c5f99ec93-SegmentedRaftLogWorker:Storage Directory /workdir/hadoop-ozone/integration-test/target/test-dir/MiniOzoneClusterImpl-c03e40f7-b090-4a92-a38a-d9f2087836a0/datanode-2/data/ratis/99fb837a-e46e-49fd-b8bc-bd81c64303f0] INFO  segmented.SegmentedRaftLogWorker (SegmentedRaftLogWorker.java:execute(569)) - 1671272a-c11f-4f03-85c2-ea0c5f99ec93-SegmentedRaftLogWorker:Storage Directory /workdir/hadoop-ozone/integration-test/target/test-dir/MiniOzoneClusterImpl-c03e40f7-b090-4a92-a38a-d9f2087836a0/datanode-2/data/ratis/99fb837a-e46e-49fd-b8bc-bd81c64303f0: created new log segment /workdir/hadoop-ozone/integration-test/target/test-dir/MiniOzoneClusterImpl-c03e40f7-b090-4a92-a38a-d9f2087836a0/datanode-2/data/ratis/99fb837a-e46e-49fd-b8bc-bd81c64303f0/current/log_inprogress_0
2019-09-19 09:32:12,372 [Thread-251] INFO  impl.FollowerState (FollowerState.java:run(106)) - 1671272a-c11f-4f03-85c2-ea0c5f99ec93:group-52D7D4275351 changes to CANDIDATE, lastRpcTime:5029, electionTimeout:5029ms
2019-09-19 09:32:12,372 [Thread-251] INFO  impl.RoleInfo (RoleInfo.java:shutdownFollowerState(121)) - 1671272a-c11f-4f03-85c2-ea0c5f99ec93: shutdown FollowerState
2019-09-19 09:32:12,372 [Thread-251] INFO  impl.RaftServerImpl (RaftServerImpl.java:setRole(171)) - 1671272a-c11f-4f03-85c2-ea0c5f99ec93:group-52D7D4275351 changes role from FOLLOWER to CANDIDATE at term 0 for changeToCandidate
2019-09-19 09:32:12,373 [Thread-251] INFO  impl.RoleInfo (RoleInfo.java:updateAndGet(143)) - 1671272a-c11f-4f03-85c2-ea0c5f99ec93: start LeaderElection
2019-09-19 09:32:12,384 [bb059d21-eed2-433c-ad63-69c2d96e92b8:group-6E619C51B90B:LeaderElection14] INFO  impl.LeaderElection (LeaderElection.java:askForVotes(181)) - bb059d21-eed2-433c-ad63-69c2d96e92b8:group-6E619C51B90B:LeaderElection14: begin an election at term 1 for -1: [bb059d21-eed2-433c-ad63-69c2d96e92b8:192.168.34.5:44341], old=null
2019-09-19 09:32:12,384 [1671272a-c11f-4f03-85c2-ea0c5f99ec93:group-52D7D4275351:LeaderElection15] INFO  impl.LeaderElection (LeaderElection.java:askForVotes(181)) - 1671272a-c11f-4f03-85c2-ea0c5f99ec93:group-52D7D4275351:LeaderElection15: begin an election at term 1 for -1: [1671272a-c11f-4f03-85c2-ea0c5f99ec93:192.168.34.5:44703], old=null
2019-09-19 09:32:12,384 [bb059d21-eed2-433c-ad63-69c2d96e92b8:group-6E619C51B90B:LeaderElection14] INFO  impl.RoleInfo (RoleInfo.java:shutdownLeaderElection(134)) - bb059d21-eed2-433c-ad63-69c2d96e92b8: shutdown LeaderElection
2019-09-19 09:32:12,384 [1671272a-c11f-4f03-85c2-ea0c5f99ec93:group-52D7D4275351:LeaderElection15] INFO  impl.RoleInfo (RoleInfo.java:shutdownLeaderElection(134)) - 1671272a-c11f-4f03-85c2-ea0c5f99ec93: shutdown LeaderElection
2019-09-19 09:32:12,384 [bb059d21-eed2-433c-ad63-69c2d96e92b8:group-6E619C51B90B:LeaderElection14] INFO  impl.RaftServerImpl (RaftServerImpl.java:setRole(171)) - bb059d21-eed2-433c-ad63-69c2d96e92b8:group-6E619C51B90B changes role from CANDIDATE to LEADER at term 1 for changeToLeader
2019-09-19 09:32:12,384 [1671272a-c11f-4f03-85c2-ea0c5f99ec93:group-52D7D4275351:LeaderElection15] INFO  impl.RaftServerImpl (RaftServerImpl.java:setRole(171)) - 1671272a-c11f-4f03-85c2-ea0c5f99ec93:group-52D7D4275351 changes role from CANDIDATE to LEADER at term 1 for changeToLeader
2019-09-19 09:32:12,384 [bb059d21-eed2-433c-ad63-69c2d96e92b8:group-6E619C51B90B:LeaderElection14] INFO  impl.RaftServerImpl (ServerState.java:setLeader(263)) - bb059d21-eed2-433c-ad63-69c2d96e92b8:group-6E619C51B90B change Leader from null to bb059d21-eed2-433c-ad63-69c2d96e92b8 at term 1 for becomeLeader, leader elected after 5103ms
2019-09-19 09:32:12,384 [1671272a-c11f-4f03-85c2-ea0c5f99ec93:group-52D7D4275351:LeaderElection15] INFO  impl.RaftServerImpl (ServerState.java:setLeader(263)) - 1671272a-c11f-4f03-85c2-ea0c5f99ec93:group-52D7D4275351 change Leader from null to 1671272a-c11f-4f03-85c2-ea0c5f99ec93 at term 1 for becomeLeader, leader elected after 5044ms
2019-09-19 09:32:12,384 [bb059d21-eed2-433c-ad63-69c2d96e92b8:group-6E619C51B90B:LeaderElection14] INFO  server.RaftServerConfigKeys (ConfUtils.java:logGet(43)) - raft.server.staging.catchup.gap = 1000 (default)
2019-09-19 09:32:12,385 [bb059d21-eed2-433c-ad63-69c2d96e92b8:group-6E619C51B90B:LeaderElection14] INFO  server.RaftServerConfigKeys (ConfUtils.java:logGet(43)) - raft.server.rpc.sleep.time = 25ms (default)
2019-09-19 09:32:12,385 [1671272a-c11f-4f03-85c2-ea0c5f99ec93:group-52D7D4275351:LeaderElection15] INFO  server.RaftServerConfigKeys (ConfUtils.java:logGet(43)) - raft.server.staging.catchup.gap = 1000 (default)
2019-09-19 09:32:12,385 [bb059d21-eed2-433c-ad63-69c2d96e92b8:group-6E619C51B90B:LeaderElection14] INFO  server.RaftServerConfigKeys (ConfUtils.java:logGet(43)) - raft.server.write.element-limit = 4096 (default)
2019-09-19 09:32:12,385 [1671272a-c11f-4f03-85c2-ea0c5f99ec93:group-52D7D4275351:LeaderElection15] INFO  server.RaftServerConfigKeys (ConfUtils.java:logGet(43)) - raft.server.rpc.sleep.time = 25ms (default)
2019-09-19 09:32:12,385 [bb059d21-eed2-433c-ad63-69c2d96e92b8:group-6E619C51B90B:LeaderElection14] INFO  server.RaftServerConfigKeys (ConfUtils.java:logGet(43)) - raft.server.watch.timeout = 10s (default)
2019-09-19 09:32:12,385 [1671272a-c11f-4f03-85c2-ea0c5f99ec93:group-52D7D4275351:LeaderElection15] INFO  server.RaftServerConfigKeys (ConfUtils.java:logGet(43)) - raft.server.write.element-limit = 4096 (default)
2019-09-19 09:32:12,385 [bb059d21-eed2-433c-ad63-69c2d96e92b8:group-6E619C51B90B:LeaderElection14] INFO  server.RaftServerConfigKeys (ConfUtils.java:logGet(43)) - raft.server.watch.timeout.denomination = 1s (default)
2019-09-19 09:32:12,385 [1671272a-c11f-4f03-85c2-ea0c5f99ec93:group-52D7D4275351:LeaderElection15] INFO  server.RaftServerConfigKeys (ConfUtils.java:logGet(43)) - raft.server.watch.timeout = 10s (default)
2019-09-19 09:32:12,385 [bb059d21-eed2-433c-ad63-69c2d96e92b8:group-6E619C51B90B:LeaderElection14] INFO  server.RaftServerConfigKeys (ConfUtils.java:logGet(43)) - raft.server.watch.element-limit = 65536 (default)
2019-09-19 09:32:12,385 [1671272a-c11f-4f03-85c2-ea0c5f99ec93:group-52D7D4275351:LeaderElection15] INFO  server.RaftServerConfigKeys (ConfUtils.java:logGet(43)) - raft.server.watch.timeout.denomination = 1s (default)
2019-09-19 09:32:12,386 [1671272a-c11f-4f03-85c2-ea0c5f99ec93:group-52D7D4275351:LeaderElection15] INFO  server.RaftServerConfigKeys (ConfUtils.java:logGet(43)) - raft.server.watch.element-limit = 65536 (default)
2019-09-19 09:32:12,386 [bb059d21-eed2-433c-ad63-69c2d96e92b8:group-6E619C51B90B:LeaderElection14] INFO  impl.RoleInfo (RoleInfo.java:updateAndGet(143)) - bb059d21-eed2-433c-ad63-69c2d96e92b8: start LeaderState
2019-09-19 09:32:12,386 [1671272a-c11f-4f03-85c2-ea0c5f99ec93:group-52D7D4275351:LeaderElection15] INFO  impl.RoleInfo (RoleInfo.java:updateAndGet(143)) - 1671272a-c11f-4f03-85c2-ea0c5f99ec93: start LeaderState
2019-09-19 09:32:12,386 [bb059d21-eed2-433c-ad63-69c2d96e92b8:group-6E619C51B90B:LeaderElection14] INFO  segmented.SegmentedRaftLogWorker (SegmentedRaftLogWorker.java:startLogSegment(380)) - bb059d21-eed2-433c-ad63-69c2d96e92b8-SegmentedRaftLogWorker:Storage Directory /workdir/hadoop-ozone/integration-test/target/test-dir/MiniOzoneClusterImpl-c03e40f7-b090-4a92-a38a-d9f2087836a0/datanode-0/data/ratis/adbe66cd-6e05-41a9-848e-6e619c51b90b: Starting segment from index:0
2019-09-19 09:32:12,386 [1671272a-c11f-4f03-85c2-ea0c5f99ec93:group-52D7D4275351:LeaderElection15] INFO  segmented.SegmentedRaftLogWorker (SegmentedRaftLogWorker.java:startLogSegment(380)) - 1671272a-c11f-4f03-85c2-ea0c5f99ec93-SegmentedRaftLogWorker:Storage Directory /workdir/hadoop-ozone/integration-test/target/test-dir/MiniOzoneClusterImpl-c03e40f7-b090-4a92-a38a-d9f2087836a0/datanode-2/data/ratis/55cbd314-22b6-4d10-a2ee-52d7d4275351: Starting segment from index:0
2019-09-19 09:32:12,386 [bb059d21-eed2-433c-ad63-69c2d96e92b8:group-6E619C51B90B:LeaderElection14] INFO  impl.RaftServerImpl (ServerState.java:setRaftConf(361)) - bb059d21-eed2-433c-ad63-69c2d96e92b8:group-6E619C51B90B set configuration 0: [bb059d21-eed2-433c-ad63-69c2d96e92b8:192.168.34.5:44341], old=null at 0
2019-09-19 09:32:12,414 [1671272a-c11f-4f03-85c2-ea0c5f99ec93:group-52D7D4275351:LeaderElection15] INFO  impl.RaftServerImpl (ServerState.java:setRaftConf(361)) - 1671272a-c11f-4f03-85c2-ea0c5f99ec93:group-52D7D4275351 set configuration 0: [1671272a-c11f-4f03-85c2-ea0c5f99ec93:192.168.34.5:44703], old=null at 0
2019-09-19 09:32:12,452 [bb059d21-eed2-433c-ad63-69c2d96e92b8-SegmentedRaftLogWorker:Storage Directory /workdir/hadoop-ozone/integration-test/target/test-dir/MiniOzoneClusterImpl-c03e40f7-b090-4a92-a38a-d9f2087836a0/datanode-0/data/ratis/adbe66cd-6e05-41a9-848e-6e619c51b90b] INFO  segmented.SegmentedRaftLogWorker (SegmentedRaftLogWorker.java:execute(569)) - bb059d21-eed2-433c-ad63-69c2d96e92b8-SegmentedRaftLogWorker:Storage Directory /workdir/hadoop-ozone/integration-test/target/test-dir/MiniOzoneClusterImpl-c03e40f7-b090-4a92-a38a-d9f2087836a0/datanode-0/data/ratis/adbe66cd-6e05-41a9-848e-6e619c51b90b: created new log segment /workdir/hadoop-ozone/integration-test/target/test-dir/MiniOzoneClusterImpl-c03e40f7-b090-4a92-a38a-d9f2087836a0/datanode-0/data/ratis/adbe66cd-6e05-41a9-848e-6e619c51b90b/current/log_inprogress_0
2019-09-19 09:32:12,452 [Thread-254] INFO  impl.FollowerState (FollowerState.java:run(106)) - bb059d21-eed2-433c-ad63-69c2d96e92b8:group-E3FB565B2B85 changes to CANDIDATE, lastRpcTime:5054, electionTimeout:5035ms
2019-09-19 09:32:12,452 [Thread-254] INFO  impl.RoleInfo (RoleInfo.java:shutdownFollowerState(121)) - bb059d21-eed2-433c-ad63-69c2d96e92b8: shutdown FollowerState
2019-09-19 09:32:12,452 [Thread-254] INFO  impl.RaftServerImpl (RaftServerImpl.java:setRole(171)) - bb059d21-eed2-433c-ad63-69c2d96e92b8:group-E3FB565B2B85 changes role from FOLLOWER to CANDIDATE at term 0 for changeToCandidate
2019-09-19 09:32:12,452 [Thread-254] INFO  impl.RoleInfo (RoleInfo.java:updateAndGet(143)) - bb059d21-eed2-433c-ad63-69c2d96e92b8: start LeaderElection
2019-09-19 09:32:12,465 [1671272a-c11f-4f03-85c2-ea0c5f99ec93-SegmentedRaftLogWorker:Storage Directory /workdir/hadoop-ozone/integration-test/target/test-dir/MiniOzoneClusterImpl-c03e40f7-b090-4a92-a38a-d9f2087836a0/datanode-2/data/ratis/55cbd314-22b6-4d10-a2ee-52d7d4275351] INFO  segmented.SegmentedRaftLogWorker (SegmentedRaftLogWorker.java:execute(569)) - 1671272a-c11f-4f03-85c2-ea0c5f99ec93-SegmentedRaftLogWorker:Storage Directory /workdir/hadoop-ozone/integration-test/target/test-dir/MiniOzoneClusterImpl-c03e40f7-b090-4a92-a38a-d9f2087836a0/datanode-2/data/ratis/55cbd314-22b6-4d10-a2ee-52d7d4275351: created new log segment /workdir/hadoop-ozone/integration-test/target/test-dir/MiniOzoneClusterImpl-c03e40f7-b090-4a92-a38a-d9f2087836a0/datanode-2/data/ratis/55cbd314-22b6-4d10-a2ee-52d7d4275351/current/log_inprogress_0
2019-09-19 09:32:12,465 [bb059d21-eed2-433c-ad63-69c2d96e92b8:group-E3FB565B2B85:LeaderElection16] INFO  impl.LeaderElection (LeaderElection.java:askForVotes(181)) - bb059d21-eed2-433c-ad63-69c2d96e92b8:group-E3FB565B2B85:LeaderElection16: begin an election at term 1 for -1: [bb059d21-eed2-433c-ad63-69c2d96e92b8:192.168.34.5:44341], old=null
2019-09-19 09:32:12,465 [bb059d21-eed2-433c-ad63-69c2d96e92b8:group-E3FB565B2B85:LeaderElection16] INFO  impl.RoleInfo (RoleInfo.java:shutdownLeaderElection(134)) - bb059d21-eed2-433c-ad63-69c2d96e92b8: shutdown LeaderElection
2019-09-19 09:32:12,465 [bb059d21-eed2-433c-ad63-69c2d96e92b8:group-E3FB565B2B85:LeaderElection16] INFO  impl.RaftServerImpl (RaftServerImpl.java:setRole(171)) - bb059d21-eed2-433c-ad63-69c2d96e92b8:group-E3FB565B2B85 changes role from CANDIDATE to LEADER at term 1 for changeToLeader
2019-09-19 09:32:12,465 [bb059d21-eed2-433c-ad63-69c2d96e92b8:group-E3FB565B2B85:LeaderElection16] INFO  impl.RaftServerImpl (ServerState.java:setLeader(263)) - bb059d21-eed2-433c-ad63-69c2d96e92b8:group-E3FB565B2B85 change Leader from null to bb059d21-eed2-433c-ad63-69c2d96e92b8 at term 1 for becomeLeader, leader elected after 5072ms
2019-09-19 09:32:12,466 [bb059d21-eed2-433c-ad63-69c2d96e92b8:group-E3FB565B2B85:LeaderElection16] INFO  server.RaftServerConfigKeys (ConfUtils.java:logGet(43)) - raft.server.staging.catchup.gap = 1000 (default)
2019-09-19 09:32:12,466 [bb059d21-eed2-433c-ad63-69c2d96e92b8:group-E3FB565B2B85:LeaderElection16] INFO  server.RaftServerConfigKeys (ConfUtils.java:logGet(43)) - raft.server.rpc.sleep.time = 25ms (default)
2019-09-19 09:32:12,466 [bb059d21-eed2-433c-ad63-69c2d96e92b8:group-E3FB565B2B85:LeaderElection16] INFO  server.RaftServerConfigKeys (ConfUtils.java:logGet(43)) - raft.server.write.element-limit = 4096 (default)
2019-09-19 09:32:12,466 [bb059d21-eed2-433c-ad63-69c2d96e92b8:group-E3FB565B2B85:LeaderElection16] INFO  server.RaftServerConfigKeys (ConfUtils.java:logGet(43)) - raft.server.watch.timeout = 10s (default)
2019-09-19 09:32:12,466 [bb059d21-eed2-433c-ad63-69c2d96e92b8:group-E3FB565B2B85:LeaderElection16] INFO  server.RaftServerConfigKeys (ConfUtils.java:logGet(43)) - raft.server.watch.timeout.denomination = 1s (default)
2019-09-19 09:32:12,466 [bb059d21-eed2-433c-ad63-69c2d96e92b8:group-E3FB565B2B85:LeaderElection16] INFO  server.RaftServerConfigKeys (ConfUtils.java:logGet(43)) - raft.server.watch.element-limit = 65536 (default)
2019-09-19 09:32:12,467 [bb059d21-eed2-433c-ad63-69c2d96e92b8:group-E3FB565B2B85:LeaderElection16] INFO  impl.RoleInfo (RoleInfo.java:updateAndGet(143)) - bb059d21-eed2-433c-ad63-69c2d96e92b8: start LeaderState
2019-09-19 09:32:12,467 [bb059d21-eed2-433c-ad63-69c2d96e92b8:group-E3FB565B2B85:LeaderElection16] INFO  segmented.SegmentedRaftLogWorker (SegmentedRaftLogWorker.java:startLogSegment(380)) - bb059d21-eed2-433c-ad63-69c2d96e92b8-SegmentedRaftLogWorker:Storage Directory /workdir/hadoop-ozone/integration-test/target/test-dir/MiniOzoneClusterImpl-c03e40f7-b090-4a92-a38a-d9f2087836a0/datanode-0/data/ratis/8b576189-11aa-4e19-9af4-e3fb565b2b85: Starting segment from index:0
2019-09-19 09:32:12,468 [bb059d21-eed2-433c-ad63-69c2d96e92b8:group-E3FB565B2B85:LeaderElection16] INFO  impl.RaftServerImpl (ServerState.java:setRaftConf(361)) - bb059d21-eed2-433c-ad63-69c2d96e92b8:group-E3FB565B2B85 set configuration 0: [bb059d21-eed2-433c-ad63-69c2d96e92b8:192.168.34.5:44341], old=null at 0
2019-09-19 09:32:12,518 [bb059d21-eed2-433c-ad63-69c2d96e92b8-SegmentedRaftLogWorker:Storage Directory /workdir/hadoop-ozone/integration-test/target/test-dir/MiniOzoneClusterImpl-c03e40f7-b090-4a92-a38a-d9f2087836a0/datanode-0/data/ratis/8b576189-11aa-4e19-9af4-e3fb565b2b85] INFO  segmented.SegmentedRaftLogWorker (SegmentedRaftLogWorker.java:execute(569)) - bb059d21-eed2-433c-ad63-69c2d96e92b8-SegmentedRaftLogWorker:Storage Directory /workdir/hadoop-ozone/integration-test/target/test-dir/MiniOzoneClusterImpl-c03e40f7-b090-4a92-a38a-d9f2087836a0/datanode-0/data/ratis/8b576189-11aa-4e19-9af4-e3fb565b2b85: created new log segment /workdir/hadoop-ozone/integration-test/target/test-dir/MiniOzoneClusterImpl-c03e40f7-b090-4a92-a38a-d9f2087836a0/datanode-0/data/ratis/8b576189-11aa-4e19-9af4-e3fb565b2b85/current/log_inprogress_0
2019-09-19 09:32:12,547 [Thread-257] INFO  impl.FollowerState (FollowerState.java:run(106)) - ff5d247f-5929-4b0d-9b68-69c9a991aea9:group-8481A45A3601 changes to CANDIDATE, lastRpcTime:5098, electionTimeout:5098ms
2019-09-19 09:32:12,547 [Thread-257] INFO  impl.RoleInfo (RoleInfo.java:shutdownFollowerState(121)) - ff5d247f-5929-4b0d-9b68-69c9a991aea9: shutdown FollowerState
2019-09-19 09:32:12,548 [Thread-257] INFO  impl.RaftServerImpl (RaftServerImpl.java:setRole(171)) - ff5d247f-5929-4b0d-9b68-69c9a991aea9:group-8481A45A3601 changes role from FOLLOWER to CANDIDATE at term 0 for changeToCandidate
2019-09-19 09:32:12,548 [Thread-257] INFO  impl.RoleInfo (RoleInfo.java:updateAndGet(143)) - ff5d247f-5929-4b0d-9b68-69c9a991aea9: start LeaderElection
2019-09-19 09:32:12,564 [ff5d247f-5929-4b0d-9b68-69c9a991aea9:group-8481A45A3601:LeaderElection17] INFO  impl.LeaderElection (LeaderElection.java:askForVotes(181)) - ff5d247f-5929-4b0d-9b68-69c9a991aea9:group-8481A45A3601:LeaderElection17: begin an election at term 1 for -1: [ff5d247f-5929-4b0d-9b68-69c9a991aea9:192.168.34.5:33150], old=null
2019-09-19 09:32:12,564 [ff5d247f-5929-4b0d-9b68-69c9a991aea9:group-8481A45A3601:LeaderElection17] INFO  impl.RoleInfo (RoleInfo.java:shutdownLeaderElection(134)) - ff5d247f-5929-4b0d-9b68-69c9a991aea9: shutdown LeaderElection
2019-09-19 09:32:12,564 [ff5d247f-5929-4b0d-9b68-69c9a991aea9:group-8481A45A3601:LeaderElection17] INFO  impl.RaftServerImpl (RaftServerImpl.java:setRole(171)) - ff5d247f-5929-4b0d-9b68-69c9a991aea9:group-8481A45A3601 changes role from CANDIDATE to LEADER at term 1 for changeToLeader
2019-09-19 09:32:12,564 [ff5d247f-5929-4b0d-9b68-69c9a991aea9:group-8481A45A3601:LeaderElection17] INFO  impl.RaftServerImpl (ServerState.java:setLeader(263)) - ff5d247f-5929-4b0d-9b68-69c9a991aea9:group-8481A45A3601 change Leader from null to ff5d247f-5929-4b0d-9b68-69c9a991aea9 at term 1 for becomeLeader, leader elected after 5119ms
2019-09-19 09:32:12,564 [ff5d247f-5929-4b0d-9b68-69c9a991aea9:group-8481A45A3601:LeaderElection17] INFO  server.RaftServerConfigKeys (ConfUtils.java:logGet(43)) - raft.server.staging.catchup.gap = 1000 (default)
2019-09-19 09:32:12,564 [ff5d247f-5929-4b0d-9b68-69c9a991aea9:group-8481A45A3601:LeaderElection17] INFO  server.RaftServerConfigKeys (ConfUtils.java:logGet(43)) - raft.server.rpc.sleep.time = 25ms (default)
2019-09-19 09:32:12,565 [ff5d247f-5929-4b0d-9b68-69c9a991aea9:group-8481A45A3601:LeaderElection17] INFO  server.RaftServerConfigKeys (ConfUtils.java:logGet(43)) - raft.server.write.element-limit = 4096 (default)
2019-09-19 09:32:12,565 [ff5d247f-5929-4b0d-9b68-69c9a991aea9:group-8481A45A3601:LeaderElection17] INFO  server.RaftServerConfigKeys (ConfUtils.java:logGet(43)) - raft.server.watch.timeout = 10s (default)
2019-09-19 09:32:12,565 [ff5d247f-5929-4b0d-9b68-69c9a991aea9:group-8481A45A3601:LeaderElection17] INFO  server.RaftServerConfigKeys (ConfUtils.java:logGet(43)) - raft.server.watch.timeout.denomination = 1s (default)
2019-09-19 09:32:12,565 [ff5d247f-5929-4b0d-9b68-69c9a991aea9:group-8481A45A3601:LeaderElection17] INFO  server.RaftServerConfigKeys (ConfUtils.java:logGet(43)) - raft.server.watch.element-limit = 65536 (default)
2019-09-19 09:32:12,565 [ff5d247f-5929-4b0d-9b68-69c9a991aea9:group-8481A45A3601:LeaderElection17] INFO  impl.RoleInfo (RoleInfo.java:updateAndGet(143)) - ff5d247f-5929-4b0d-9b68-69c9a991aea9: start LeaderState
2019-09-19 09:32:12,566 [ff5d247f-5929-4b0d-9b68-69c9a991aea9:group-8481A45A3601:LeaderElection17] INFO  segmented.SegmentedRaftLogWorker (SegmentedRaftLogWorker.java:startLogSegment(380)) - ff5d247f-5929-4b0d-9b68-69c9a991aea9-SegmentedRaftLogWorker:Storage Directory /workdir/hadoop-ozone/integration-test/target/test-dir/MiniOzoneClusterImpl-c03e40f7-b090-4a92-a38a-d9f2087836a0/datanode-1/data/ratis/a3e00ca5-71ac-4bf3-8744-8481a45a3601: Starting segment from index:0
2019-09-19 09:32:12,566 [ff5d247f-5929-4b0d-9b68-69c9a991aea9:group-8481A45A3601:LeaderElection17] INFO  impl.RaftServerImpl (ServerState.java:setRaftConf(361)) - ff5d247f-5929-4b0d-9b68-69c9a991aea9:group-8481A45A3601 set configuration 0: [ff5d247f-5929-4b0d-9b68-69c9a991aea9:192.168.34.5:33150], old=null at 0
2019-09-19 09:32:12,615 [ff5d247f-5929-4b0d-9b68-69c9a991aea9-SegmentedRaftLogWorker:Storage Directory /workdir/hadoop-ozone/integration-test/target/test-dir/MiniOzoneClusterImpl-c03e40f7-b090-4a92-a38a-d9f2087836a0/datanode-1/data/ratis/a3e00ca5-71ac-4bf3-8744-8481a45a3601] INFO  segmented.SegmentedRaftLogWorker (SegmentedRaftLogWorker.java:execute(569)) - ff5d247f-5929-4b0d-9b68-69c9a991aea9-SegmentedRaftLogWorker:Storage Directory /workdir/hadoop-ozone/integration-test/target/test-dir/MiniOzoneClusterImpl-c03e40f7-b090-4a92-a38a-d9f2087836a0/datanode-1/data/ratis/a3e00ca5-71ac-4bf3-8744-8481a45a3601: created new log segment /workdir/hadoop-ozone/integration-test/target/test-dir/MiniOzoneClusterImpl-c03e40f7-b090-4a92-a38a-d9f2087836a0/datanode-1/data/ratis/a3e00ca5-71ac-4bf3-8744-8481a45a3601/current/log_inprogress_0
2019-09-19 09:32:12,636 [Thread-260] INFO  impl.FollowerState (FollowerState.java:run(106)) - 1671272a-c11f-4f03-85c2-ea0c5f99ec93:group-2CD05A399CD8 changes to CANDIDATE, lastRpcTime:5134, electionTimeout:5134ms
2019-09-19 09:32:12,636 [Thread-260] INFO  impl.RoleInfo (RoleInfo.java:shutdownFollowerState(121)) - 1671272a-c11f-4f03-85c2-ea0c5f99ec93: shutdown FollowerState
2019-09-19 09:32:12,637 [Thread-260] INFO  impl.RaftServerImpl (RaftServerImpl.java:setRole(171)) - 1671272a-c11f-4f03-85c2-ea0c5f99ec93:group-2CD05A399CD8 changes role from FOLLOWER to CANDIDATE at term 0 for changeToCandidate
2019-09-19 09:32:12,637 [Thread-260] INFO  impl.RoleInfo (RoleInfo.java:updateAndGet(143)) - 1671272a-c11f-4f03-85c2-ea0c5f99ec93: start LeaderElection
2019-09-19 09:32:12,644 [Thread-263] INFO  impl.FollowerState (FollowerState.java:run(106)) - 38cd0138-33f7-48fe-ab23-0150bb61f7f1:group-FADF7E8FD48D changes to CANDIDATE, lastRpcTime:5088, electionTimeout:5088ms
2019-09-19 09:32:12,644 [Thread-263] INFO  impl.RoleInfo (RoleInfo.java:shutdownFollowerState(121)) - 38cd0138-33f7-48fe-ab23-0150bb61f7f1: shutdown FollowerState
2019-09-19 09:32:12,644 [Thread-263] INFO  impl.RaftServerImpl (RaftServerImpl.java:setRole(171)) - 38cd0138-33f7-48fe-ab23-0150bb61f7f1:group-FADF7E8FD48D changes role from FOLLOWER to CANDIDATE at term 0 for changeToCandidate
2019-09-19 09:32:12,644 [Thread-263] INFO  impl.RoleInfo (RoleInfo.java:updateAndGet(143)) - 38cd0138-33f7-48fe-ab23-0150bb61f7f1: start LeaderElection
2019-09-19 09:32:12,656 [38cd0138-33f7-48fe-ab23-0150bb61f7f1:group-FADF7E8FD48D:LeaderElection19] INFO  impl.LeaderElection (LeaderElection.java:askForVotes(181)) - 38cd0138-33f7-48fe-ab23-0150bb61f7f1:group-FADF7E8FD48D:LeaderElection19: begin an election at term 1 for -1: [38cd0138-33f7-48fe-ab23-0150bb61f7f1:192.168.34.5:36410], old=null
2019-09-19 09:32:12,656 [1671272a-c11f-4f03-85c2-ea0c5f99ec93:group-2CD05A399CD8:LeaderElection18] INFO  impl.LeaderElection (LeaderElection.java:askForVotes(181)) - 1671272a-c11f-4f03-85c2-ea0c5f99ec93:group-2CD05A399CD8:LeaderElection18: begin an election at term 1 for -1: [1671272a-c11f-4f03-85c2-ea0c5f99ec93:192.168.34.5:44703], old=null
2019-09-19 09:32:12,656 [38cd0138-33f7-48fe-ab23-0150bb61f7f1:group-FADF7E8FD48D:LeaderElection19] INFO  impl.RoleInfo (RoleInfo.java:shutdownLeaderElection(134)) - 38cd0138-33f7-48fe-ab23-0150bb61f7f1: shutdown LeaderElection
2019-09-19 09:32:12,656 [1671272a-c11f-4f03-85c2-ea0c5f99ec93:group-2CD05A399CD8:LeaderElection18] INFO  impl.RoleInfo (RoleInfo.java:shutdownLeaderElection(134)) - 1671272a-c11f-4f03-85c2-ea0c5f99ec93: shutdown LeaderElection
2019-09-19 09:32:12,656 [38cd0138-33f7-48fe-ab23-0150bb61f7f1:group-FADF7E8FD48D:LeaderElection19] INFO  impl.RaftServerImpl (RaftServerImpl.java:setRole(171)) - 38cd0138-33f7-48fe-ab23-0150bb61f7f1:group-FADF7E8FD48D changes role from CANDIDATE to LEADER at term 1 for changeToLeader
2019-09-19 09:32:12,656 [1671272a-c11f-4f03-85c2-ea0c5f99ec93:group-2CD05A399CD8:LeaderElection18] INFO  impl.RaftServerImpl (RaftServerImpl.java:setRole(171)) - 1671272a-c11f-4f03-85c2-ea0c5f99ec93:group-2CD05A399CD8 changes role from CANDIDATE to LEADER at term 1 for changeToLeader
2019-09-19 09:32:12,656 [38cd0138-33f7-48fe-ab23-0150bb61f7f1:group-FADF7E8FD48D:LeaderElection19] INFO  impl.RaftServerImpl (ServerState.java:setLeader(263)) - 38cd0138-33f7-48fe-ab23-0150bb61f7f1:group-FADF7E8FD48D change Leader from null to 38cd0138-33f7-48fe-ab23-0150bb61f7f1 at term 1 for becomeLeader, leader elected after 5105ms
2019-09-19 09:32:12,656 [1671272a-c11f-4f03-85c2-ea0c5f99ec93:group-2CD05A399CD8:LeaderElection18] INFO  impl.RaftServerImpl (ServerState.java:setLeader(263)) - 1671272a-c11f-4f03-85c2-ea0c5f99ec93:group-2CD05A399CD8 change Leader from null to 1671272a-c11f-4f03-85c2-ea0c5f99ec93 at term 1 for becomeLeader, leader elected after 5159ms
2019-09-19 09:32:12,657 [38cd0138-33f7-48fe-ab23-0150bb61f7f1:group-FADF7E8FD48D:LeaderElection19] INFO  server.RaftServerConfigKeys (ConfUtils.java:logGet(43)) - raft.server.staging.catchup.gap = 1000 (default)
2019-09-19 09:32:12,657 [1671272a-c11f-4f03-85c2-ea0c5f99ec93:group-2CD05A399CD8:LeaderElection18] INFO  server.RaftServerConfigKeys (ConfUtils.java:logGet(43)) - raft.server.staging.catchup.gap = 1000 (default)
2019-09-19 09:32:12,657 [38cd0138-33f7-48fe-ab23-0150bb61f7f1:group-FADF7E8FD48D:LeaderElection19] INFO  server.RaftServerConfigKeys (ConfUtils.java:logGet(43)) - raft.server.rpc.sleep.time = 25ms (default)
2019-09-19 09:32:12,657 [1671272a-c11f-4f03-85c2-ea0c5f99ec93:group-2CD05A399CD8:LeaderElection18] INFO  server.RaftServerConfigKeys (ConfUtils.java:logGet(43)) - raft.server.rpc.sleep.time = 25ms (default)
2019-09-19 09:32:12,657 [38cd0138-33f7-48fe-ab23-0150bb61f7f1:group-FADF7E8FD48D:LeaderElection19] INFO  server.RaftServerConfigKeys (ConfUtils.java:logGet(43)) - raft.server.write.element-limit = 4096 (default)
2019-09-19 09:32:12,657 [1671272a-c11f-4f03-85c2-ea0c5f99ec93:group-2CD05A399CD8:LeaderElection18] INFO  server.RaftServerConfigKeys (ConfUtils.java:logGet(43)) - raft.server.write.element-limit = 4096 (default)
2019-09-19 09:32:12,657 [38cd0138-33f7-48fe-ab23-0150bb61f7f1:group-FADF7E8FD48D:LeaderElection19] INFO  server.RaftServerConfigKeys (ConfUtils.java:logGet(43)) - raft.server.watch.timeout = 10s (default)
2019-09-19 09:32:12,657 [1671272a-c11f-4f03-85c2-ea0c5f99ec93:group-2CD05A399CD8:LeaderElection18] INFO  server.RaftServerConfigKeys (ConfUtils.java:logGet(43)) - raft.server.watch.timeout = 10s (default)
2019-09-19 09:32:12,658 [38cd0138-33f7-48fe-ab23-0150bb61f7f1:group-FADF7E8FD48D:LeaderElection19] INFO  server.RaftServerConfigKeys (ConfUtils.java:logGet(43)) - raft.server.watch.timeout.denomination = 1s (default)
2019-09-19 09:32:12,658 [1671272a-c11f-4f03-85c2-ea0c5f99ec93:group-2CD05A399CD8:LeaderElection18] INFO  server.RaftServerConfigKeys (ConfUtils.java:logGet(43)) - raft.server.watch.timeout.denomination = 1s (default)
2019-09-19 09:32:12,658 [38cd0138-33f7-48fe-ab23-0150bb61f7f1:group-FADF7E8FD48D:LeaderElection19] INFO  server.RaftServerConfigKeys (ConfUtils.java:logGet(43)) - raft.server.watch.element-limit = 65536 (default)
2019-09-19 09:32:12,658 [1671272a-c11f-4f03-85c2-ea0c5f99ec93:group-2CD05A399CD8:LeaderElection18] INFO  server.RaftServerConfigKeys (ConfUtils.java:logGet(43)) - raft.server.watch.element-limit = 65536 (default)
2019-09-19 09:32:12,658 [38cd0138-33f7-48fe-ab23-0150bb61f7f1:group-FADF7E8FD48D:LeaderElection19] INFO  impl.RoleInfo (RoleInfo.java:updateAndGet(143)) - 38cd0138-33f7-48fe-ab23-0150bb61f7f1: start LeaderState
2019-09-19 09:32:12,658 [1671272a-c11f-4f03-85c2-ea0c5f99ec93:group-2CD05A399CD8:LeaderElection18] INFO  impl.RoleInfo (RoleInfo.java:updateAndGet(143)) - 1671272a-c11f-4f03-85c2-ea0c5f99ec93: start LeaderState
2019-09-19 09:32:12,659 [38cd0138-33f7-48fe-ab23-0150bb61f7f1:group-FADF7E8FD48D:LeaderElection19] INFO  segmented.SegmentedRaftLogWorker (SegmentedRaftLogWorker.java:startLogSegment(380)) - 38cd0138-33f7-48fe-ab23-0150bb61f7f1-SegmentedRaftLogWorker:Storage Directory /workdir/hadoop-ozone/integration-test/target/test-dir/MiniOzoneClusterImpl-c03e40f7-b090-4a92-a38a-d9f2087836a0/datanode-3/data/ratis/0fff563a-5af2-46a7-b361-fadf7e8fd48d: Starting segment from index:0
2019-09-19 09:32:12,659 [1671272a-c11f-4f03-85c2-ea0c5f99ec93:group-2CD05A399CD8:LeaderElection18] INFO  segmented.SegmentedRaftLogWorker (SegmentedRaftLogWorker.java:startLogSegment(380)) - 1671272a-c11f-4f03-85c2-ea0c5f99ec93-SegmentedRaftLogWorker:Storage Directory /workdir/hadoop-ozone/integration-test/target/test-dir/MiniOzoneClusterImpl-c03e40f7-b090-4a92-a38a-d9f2087836a0/datanode-2/data/ratis/b1e1a874-8dcb-47ee-b796-2cd05a399cd8: Starting segment from index:0
2019-09-19 09:32:12,659 [38cd0138-33f7-48fe-ab23-0150bb61f7f1:group-FADF7E8FD48D:LeaderElection19] INFO  impl.RaftServerImpl (ServerState.java:setRaftConf(361)) - 38cd0138-33f7-48fe-ab23-0150bb61f7f1:group-FADF7E8FD48D set configuration 0: [38cd0138-33f7-48fe-ab23-0150bb61f7f1:192.168.34.5:36410], old=null at 0
2019-09-19 09:32:12,695 [1671272a-c11f-4f03-85c2-ea0c5f99ec93:group-2CD05A399CD8:LeaderElection18] INFO  impl.RaftServerImpl (ServerState.java:setRaftConf(361)) - 1671272a-c11f-4f03-85c2-ea0c5f99ec93:group-2CD05A399CD8 set configuration 0: [1671272a-c11f-4f03-85c2-ea0c5f99ec93:192.168.34.5:44703], old=null at 0
2019-09-19 09:32:12,695 [Thread-266] INFO  impl.FollowerState (FollowerState.java:run(106)) - 1671272a-c11f-4f03-85c2-ea0c5f99ec93:group-AEC68021832D changes to CANDIDATE, lastRpcTime:5071, electionTimeout:5035ms
2019-09-19 09:32:12,697 [Thread-266] INFO  impl.RoleInfo (RoleInfo.java:shutdownFollowerState(121)) - 1671272a-c11f-4f03-85c2-ea0c5f99ec93: shutdown FollowerState
2019-09-19 09:32:12,697 [Thread-266] INFO  impl.RaftServerImpl (RaftServerImpl.java:setRole(171)) - 1671272a-c11f-4f03-85c2-ea0c5f99ec93:group-AEC68021832D changes role from FOLLOWER to CANDIDATE at term 0 for changeToCandidate
2019-09-19 09:32:12,697 [Thread-266] INFO  impl.RoleInfo (RoleInfo.java:updateAndGet(143)) - 1671272a-c11f-4f03-85c2-ea0c5f99ec93: start LeaderElection
2019-09-19 09:32:12,711 [1671272a-c11f-4f03-85c2-ea0c5f99ec93-SegmentedRaftLogWorker:Storage Directory /workdir/hadoop-ozone/integration-test/target/test-dir/MiniOzoneClusterImpl-c03e40f7-b090-4a92-a38a-d9f2087836a0/datanode-2/data/ratis/b1e1a874-8dcb-47ee-b796-2cd05a399cd8] INFO  segmented.SegmentedRaftLogWorker (SegmentedRaftLogWorker.java:execute(569)) - 1671272a-c11f-4f03-85c2-ea0c5f99ec93-SegmentedRaftLogWorker:Storage Directory /workdir/hadoop-ozone/integration-test/target/test-dir/MiniOzoneClusterImpl-c03e40f7-b090-4a92-a38a-d9f2087836a0/datanode-2/data/ratis/b1e1a874-8dcb-47ee-b796-2cd05a399cd8: created new log segment /workdir/hadoop-ozone/integration-test/target/test-dir/MiniOzoneClusterImpl-c03e40f7-b090-4a92-a38a-d9f2087836a0/datanode-2/data/ratis/b1e1a874-8dcb-47ee-b796-2cd05a399cd8/current/log_inprogress_0
2019-09-19 09:32:12,711 [38cd0138-33f7-48fe-ab23-0150bb61f7f1-SegmentedRaftLogWorker:Storage Directory /workdir/hadoop-ozone/integration-test/target/test-dir/MiniOzoneClusterImpl-c03e40f7-b090-4a92-a38a-d9f2087836a0/datanode-3/data/ratis/0fff563a-5af2-46a7-b361-fadf7e8fd48d] INFO  segmented.SegmentedRaftLogWorker (SegmentedRaftLogWorker.java:execute(569)) - 38cd0138-33f7-48fe-ab23-0150bb61f7f1-SegmentedRaftLogWorker:Storage Directory /workdir/hadoop-ozone/integration-test/target/test-dir/MiniOzoneClusterImpl-c03e40f7-b090-4a92-a38a-d9f2087836a0/datanode-3/data/ratis/0fff563a-5af2-46a7-b361-fadf7e8fd48d: created new log segment /workdir/hadoop-ozone/integration-test/target/test-dir/MiniOzoneClusterImpl-c03e40f7-b090-4a92-a38a-d9f2087836a0/datanode-3/data/ratis/0fff563a-5af2-46a7-b361-fadf7e8fd48d/current/log_inprogress_0
2019-09-19 09:32:12,724 [1671272a-c11f-4f03-85c2-ea0c5f99ec93:group-AEC68021832D:LeaderElection20] INFO  impl.LeaderElection (LeaderElection.java:askForVotes(181)) - 1671272a-c11f-4f03-85c2-ea0c5f99ec93:group-AEC68021832D:LeaderElection20: begin an election at term 1 for -1: [1671272a-c11f-4f03-85c2-ea0c5f99ec93:192.168.34.5:44703], old=null
2019-09-19 09:32:12,724 [1671272a-c11f-4f03-85c2-ea0c5f99ec93:group-AEC68021832D:LeaderElection20] INFO  impl.RoleInfo (RoleInfo.java:shutdownLeaderElection(134)) - 1671272a-c11f-4f03-85c2-ea0c5f99ec93: shutdown LeaderElection
2019-09-19 09:32:12,724 [1671272a-c11f-4f03-85c2-ea0c5f99ec93:group-AEC68021832D:LeaderElection20] INFO  impl.RaftServerImpl (RaftServerImpl.java:setRole(171)) - 1671272a-c11f-4f03-85c2-ea0c5f99ec93:group-AEC68021832D changes role from CANDIDATE to LEADER at term 1 for changeToLeader
2019-09-19 09:32:12,725 [1671272a-c11f-4f03-85c2-ea0c5f99ec93:group-AEC68021832D:LeaderElection20] INFO  impl.RaftServerImpl (ServerState.java:setLeader(263)) - 1671272a-c11f-4f03-85c2-ea0c5f99ec93:group-AEC68021832D change Leader from null to 1671272a-c11f-4f03-85c2-ea0c5f99ec93 at term 1 for becomeLeader, leader elected after 5105ms
2019-09-19 09:32:12,725 [1671272a-c11f-4f03-85c2-ea0c5f99ec93:group-AEC68021832D:LeaderElection20] INFO  server.RaftServerConfigKeys (ConfUtils.java:logGet(43)) - raft.server.staging.catchup.gap = 1000 (default)
2019-09-19 09:32:12,725 [1671272a-c11f-4f03-85c2-ea0c5f99ec93:group-AEC68021832D:LeaderElection20] INFO  server.RaftServerConfigKeys (ConfUtils.java:logGet(43)) - raft.server.rpc.sleep.time = 25ms (default)
2019-09-19 09:32:12,725 [1671272a-c11f-4f03-85c2-ea0c5f99ec93:group-AEC68021832D:LeaderElection20] INFO  server.RaftServerConfigKeys (ConfUtils.java:logGet(43)) - raft.server.write.element-limit = 4096 (default)
2019-09-19 09:32:12,725 [1671272a-c11f-4f03-85c2-ea0c5f99ec93:group-AEC68021832D:LeaderElection20] INFO  server.RaftServerConfigKeys (ConfUtils.java:logGet(43)) - raft.server.watch.timeout = 10s (default)
2019-09-19 09:32:12,725 [1671272a-c11f-4f03-85c2-ea0c5f99ec93:group-AEC68021832D:LeaderElection20] INFO  server.RaftServerConfigKeys (ConfUtils.java:logGet(43)) - raft.server.watch.timeout.denomination = 1s (default)
2019-09-19 09:32:12,726 [1671272a-c11f-4f03-85c2-ea0c5f99ec93:group-AEC68021832D:LeaderElection20] INFO  server.RaftServerConfigKeys (ConfUtils.java:logGet(43)) - raft.server.watch.element-limit = 65536 (default)
2019-09-19 09:32:12,726 [1671272a-c11f-4f03-85c2-ea0c5f99ec93:group-AEC68021832D:LeaderElection20] INFO  impl.RoleInfo (RoleInfo.java:updateAndGet(143)) - 1671272a-c11f-4f03-85c2-ea0c5f99ec93: start LeaderState
2019-09-19 09:32:12,726 [1671272a-c11f-4f03-85c2-ea0c5f99ec93:group-AEC68021832D:LeaderElection20] INFO  segmented.SegmentedRaftLogWorker (SegmentedRaftLogWorker.java:startLogSegment(380)) - 1671272a-c11f-4f03-85c2-ea0c5f99ec93-SegmentedRaftLogWorker:Storage Directory /workdir/hadoop-ozone/integration-test/target/test-dir/MiniOzoneClusterImpl-c03e40f7-b090-4a92-a38a-d9f2087836a0/datanode-2/data/ratis/e6f12370-6b7a-43cc-89ce-aec68021832d: Starting segment from index:0
2019-09-19 09:32:12,727 [1671272a-c11f-4f03-85c2-ea0c5f99ec93:group-AEC68021832D:LeaderElection20] INFO  impl.RaftServerImpl (ServerState.java:setRaftConf(361)) - 1671272a-c11f-4f03-85c2-ea0c5f99ec93:group-AEC68021832D set configuration 0: [1671272a-c11f-4f03-85c2-ea0c5f99ec93:192.168.34.5:44703], old=null at 0
2019-09-19 09:32:12,774 [1671272a-c11f-4f03-85c2-ea0c5f99ec93-SegmentedRaftLogWorker:Storage Directory /workdir/hadoop-ozone/integration-test/target/test-dir/MiniOzoneClusterImpl-c03e40f7-b090-4a92-a38a-d9f2087836a0/datanode-2/data/ratis/e6f12370-6b7a-43cc-89ce-aec68021832d] INFO  segmented.SegmentedRaftLogWorker (SegmentedRaftLogWorker.java:execute(569)) - 1671272a-c11f-4f03-85c2-ea0c5f99ec93-SegmentedRaftLogWorker:Storage Directory /workdir/hadoop-ozone/integration-test/target/test-dir/MiniOzoneClusterImpl-c03e40f7-b090-4a92-a38a-d9f2087836a0/datanode-2/data/ratis/e6f12370-6b7a-43cc-89ce-aec68021832d: created new log segment /workdir/hadoop-ozone/integration-test/target/test-dir/MiniOzoneClusterImpl-c03e40f7-b090-4a92-a38a-d9f2087836a0/datanode-2/data/ratis/e6f12370-6b7a-43cc-89ce-aec68021832d/current/log_inprogress_0
2019-09-19 09:32:12,800 [Thread-269] INFO  impl.FollowerState (FollowerState.java:run(106)) - 1671272a-c11f-4f03-85c2-ea0c5f99ec93:group-BD0D78585B74 changes to CANDIDATE, lastRpcTime:5111, electionTimeout:5111ms
2019-09-19 09:32:12,800 [Thread-269] INFO  impl.RoleInfo (RoleInfo.java:shutdownFollowerState(121)) - 1671272a-c11f-4f03-85c2-ea0c5f99ec93: shutdown FollowerState
2019-09-19 09:32:12,800 [Thread-269] INFO  impl.RaftServerImpl (RaftServerImpl.java:setRole(171)) - 1671272a-c11f-4f03-85c2-ea0c5f99ec93:group-BD0D78585B74 changes role from FOLLOWER to CANDIDATE at term 0 for changeToCandidate
2019-09-19 09:32:12,800 [Thread-269] INFO  impl.RoleInfo (RoleInfo.java:updateAndGet(143)) - 1671272a-c11f-4f03-85c2-ea0c5f99ec93: start LeaderElection
2019-09-19 09:32:12,815 [1671272a-c11f-4f03-85c2-ea0c5f99ec93:group-BD0D78585B74:LeaderElection21] INFO  impl.LeaderElection (LeaderElection.java:askForVotes(181)) - 1671272a-c11f-4f03-85c2-ea0c5f99ec93:group-BD0D78585B74:LeaderElection21: begin an election at term 1 for -1: [1671272a-c11f-4f03-85c2-ea0c5f99ec93:192.168.34.5:44703], old=null
2019-09-19 09:32:12,815 [1671272a-c11f-4f03-85c2-ea0c5f99ec93:group-BD0D78585B74:LeaderElection21] INFO  impl.RoleInfo (RoleInfo.java:shutdownLeaderElection(134)) - 1671272a-c11f-4f03-85c2-ea0c5f99ec93: shutdown LeaderElection
2019-09-19 09:32:12,815 [1671272a-c11f-4f03-85c2-ea0c5f99ec93:group-BD0D78585B74:LeaderElection21] INFO  impl.RaftServerImpl (RaftServerImpl.java:setRole(171)) - 1671272a-c11f-4f03-85c2-ea0c5f99ec93:group-BD0D78585B74 changes role from CANDIDATE to LEADER at term 1 for changeToLeader
2019-09-19 09:32:12,815 [1671272a-c11f-4f03-85c2-ea0c5f99ec93:group-BD0D78585B74:LeaderElection21] INFO  impl.RaftServerImpl (ServerState.java:setLeader(263)) - 1671272a-c11f-4f03-85c2-ea0c5f99ec93:group-BD0D78585B74 change Leader from null to 1671272a-c11f-4f03-85c2-ea0c5f99ec93 at term 1 for becomeLeader, leader elected after 5131ms
2019-09-19 09:32:12,816 [1671272a-c11f-4f03-85c2-ea0c5f99ec93:group-BD0D78585B74:LeaderElection21] INFO  server.RaftServerConfigKeys (ConfUtils.java:logGet(43)) - raft.server.staging.catchup.gap = 1000 (default)
2019-09-19 09:32:12,816 [1671272a-c11f-4f03-85c2-ea0c5f99ec93:group-BD0D78585B74:LeaderElection21] INFO  server.RaftServerConfigKeys (ConfUtils.java:logGet(43)) - raft.server.rpc.sleep.time = 25ms (default)
2019-09-19 09:32:12,816 [1671272a-c11f-4f03-85c2-ea0c5f99ec93:group-BD0D78585B74:LeaderElection21] INFO  server.RaftServerConfigKeys (ConfUtils.java:logGet(43)) - raft.server.write.element-limit = 4096 (default)
2019-09-19 09:32:12,816 [1671272a-c11f-4f03-85c2-ea0c5f99ec93:group-BD0D78585B74:LeaderElection21] INFO  server.RaftServerConfigKeys (ConfUtils.java:logGet(43)) - raft.server.watch.timeout = 10s (default)
2019-09-19 09:32:12,816 [1671272a-c11f-4f03-85c2-ea0c5f99ec93:group-BD0D78585B74:LeaderElection21] INFO  server.RaftServerConfigKeys (ConfUtils.java:logGet(43)) - raft.server.watch.timeout.denomination = 1s (default)
2019-09-19 09:32:12,816 [1671272a-c11f-4f03-85c2-ea0c5f99ec93:group-BD0D78585B74:LeaderElection21] INFO  server.RaftServerConfigKeys (ConfUtils.java:logGet(43)) - raft.server.watch.element-limit = 65536 (default)
2019-09-19 09:32:12,817 [1671272a-c11f-4f03-85c2-ea0c5f99ec93:group-BD0D78585B74:LeaderElection21] INFO  impl.RoleInfo (RoleInfo.java:updateAndGet(143)) - 1671272a-c11f-4f03-85c2-ea0c5f99ec93: start LeaderState
2019-09-19 09:32:12,817 [1671272a-c11f-4f03-85c2-ea0c5f99ec93:group-BD0D78585B74:LeaderElection21] INFO  segmented.SegmentedRaftLogWorker (SegmentedRaftLogWorker.java:startLogSegment(380)) - 1671272a-c11f-4f03-85c2-ea0c5f99ec93-SegmentedRaftLogWorker:Storage Directory /workdir/hadoop-ozone/integration-test/target/test-dir/MiniOzoneClusterImpl-c03e40f7-b090-4a92-a38a-d9f2087836a0/datanode-2/data/ratis/0b99caac-88b2-4d06-9ac0-bd0d78585b74: Starting segment from index:0
2019-09-19 09:32:12,818 [1671272a-c11f-4f03-85c2-ea0c5f99ec93:group-BD0D78585B74:LeaderElection21] INFO  impl.RaftServerImpl (ServerState.java:setRaftConf(361)) - 1671272a-c11f-4f03-85c2-ea0c5f99ec93:group-BD0D78585B74 set configuration 0: [1671272a-c11f-4f03-85c2-ea0c5f99ec93:192.168.34.5:44703], old=null at 0
2019-09-19 09:32:12,852 [Thread-275] INFO  impl.FollowerState (FollowerState.java:run(106)) - 38cd0138-33f7-48fe-ab23-0150bb61f7f1:group-AFE5E6056393 changes to CANDIDATE, lastRpcTime:5053, electionTimeout:5022ms
2019-09-19 09:32:12,853 [Thread-275] INFO  impl.RoleInfo (RoleInfo.java:shutdownFollowerState(121)) - 38cd0138-33f7-48fe-ab23-0150bb61f7f1: shutdown FollowerState
2019-09-19 09:32:12,853 [Thread-275] INFO  impl.RaftServerImpl (RaftServerImpl.java:setRole(171)) - 38cd0138-33f7-48fe-ab23-0150bb61f7f1:group-AFE5E6056393 changes role from FOLLOWER to CANDIDATE at term 0 for changeToCandidate
2019-09-19 09:32:12,854 [Thread-275] INFO  impl.RoleInfo (RoleInfo.java:updateAndGet(143)) - 38cd0138-33f7-48fe-ab23-0150bb61f7f1: start LeaderElection
2019-09-19 09:32:12,862 [Thread-278] INFO  impl.FollowerState (FollowerState.java:run(106)) - 7c3f124a-0cb2-45f0-b3a0-cd1753b18df8:group-86506D14F6A1 changes to CANDIDATE, lastRpcTime:5012, electionTimeout:5012ms
2019-09-19 09:32:12,863 [Thread-278] INFO  impl.RoleInfo (RoleInfo.java:shutdownFollowerState(121)) - 7c3f124a-0cb2-45f0-b3a0-cd1753b18df8: shutdown FollowerState
2019-09-19 09:32:12,863 [Thread-278] INFO  impl.RaftServerImpl (RaftServerImpl.java:setRole(171)) - 7c3f124a-0cb2-45f0-b3a0-cd1753b18df8:group-86506D14F6A1 changes role from FOLLOWER to CANDIDATE at term 0 for changeToCandidate
2019-09-19 09:32:12,863 [Thread-278] INFO  impl.RoleInfo (RoleInfo.java:updateAndGet(143)) - 7c3f124a-0cb2-45f0-b3a0-cd1753b18df8: start LeaderElection
2019-09-19 09:32:12,868 [1671272a-c11f-4f03-85c2-ea0c5f99ec93-SegmentedRaftLogWorker:Storage Directory /workdir/hadoop-ozone/integration-test/target/test-dir/MiniOzoneClusterImpl-c03e40f7-b090-4a92-a38a-d9f2087836a0/datanode-2/data/ratis/0b99caac-88b2-4d06-9ac0-bd0d78585b74] INFO  segmented.SegmentedRaftLogWorker (SegmentedRaftLogWorker.java:execute(569)) - 1671272a-c11f-4f03-85c2-ea0c5f99ec93-SegmentedRaftLogWorker:Storage Directory /workdir/hadoop-ozone/integration-test/target/test-dir/MiniOzoneClusterImpl-c03e40f7-b090-4a92-a38a-d9f2087836a0/datanode-2/data/ratis/0b99caac-88b2-4d06-9ac0-bd0d78585b74: created new log segment /workdir/hadoop-ozone/integration-test/target/test-dir/MiniOzoneClusterImpl-c03e40f7-b090-4a92-a38a-d9f2087836a0/datanode-2/data/ratis/0b99caac-88b2-4d06-9ac0-bd0d78585b74/current/log_inprogress_0
2019-09-19 09:32:12,868 [38cd0138-33f7-48fe-ab23-0150bb61f7f1:group-AFE5E6056393:LeaderElection22] INFO  impl.LeaderElection (LeaderElection.java:askForVotes(181)) - 38cd0138-33f7-48fe-ab23-0150bb61f7f1:group-AFE5E6056393:LeaderElection22: begin an election at term 1 for -1: [38cd0138-33f7-48fe-ab23-0150bb61f7f1:192.168.34.5:36410], old=null
2019-09-19 09:32:12,868 [38cd0138-33f7-48fe-ab23-0150bb61f7f1:group-AFE5E6056393:LeaderElection22] INFO  impl.RoleInfo (RoleInfo.java:shutdownLeaderElection(134)) - 38cd0138-33f7-48fe-ab23-0150bb61f7f1: shutdown LeaderElection
2019-09-19 09:32:12,869 [38cd0138-33f7-48fe-ab23-0150bb61f7f1:group-AFE5E6056393:LeaderElection22] INFO  impl.RaftServerImpl (RaftServerImpl.java:setRole(171)) - 38cd0138-33f7-48fe-ab23-0150bb61f7f1:group-AFE5E6056393 changes role from CANDIDATE to LEADER at term 1 for changeToLeader
2019-09-19 09:32:12,869 [38cd0138-33f7-48fe-ab23-0150bb61f7f1:group-AFE5E6056393:LeaderElection22] INFO  impl.RaftServerImpl (ServerState.java:setLeader(263)) - 38cd0138-33f7-48fe-ab23-0150bb61f7f1:group-AFE5E6056393 change Leader from null to 38cd0138-33f7-48fe-ab23-0150bb61f7f1 at term 1 for becomeLeader, leader elected after 5075ms
2019-09-19 09:32:12,869 [38cd0138-33f7-48fe-ab23-0150bb61f7f1:group-AFE5E6056393:LeaderElection22] INFO  server.RaftServerConfigKeys (ConfUtils.java:logGet(43)) - raft.server.staging.catchup.gap = 1000 (default)
2019-09-19 09:32:12,869 [38cd0138-33f7-48fe-ab23-0150bb61f7f1:group-AFE5E6056393:LeaderElection22] INFO  server.RaftServerConfigKeys (ConfUtils.java:logGet(43)) - raft.server.rpc.sleep.time = 25ms (default)
2019-09-19 09:32:12,869 [38cd0138-33f7-48fe-ab23-0150bb61f7f1:group-AFE5E6056393:LeaderElection22] INFO  server.RaftServerConfigKeys (ConfUtils.java:logGet(43)) - raft.server.write.element-limit = 4096 (default)
2019-09-19 09:32:12,870 [38cd0138-33f7-48fe-ab23-0150bb61f7f1:group-AFE5E6056393:LeaderElection22] INFO  server.RaftServerConfigKeys (ConfUtils.java:logGet(43)) - raft.server.watch.timeout = 10s (default)
2019-09-19 09:32:12,870 [38cd0138-33f7-48fe-ab23-0150bb61f7f1:group-AFE5E6056393:LeaderElection22] INFO  server.RaftServerConfigKeys (ConfUtils.java:logGet(43)) - raft.server.watch.timeout.denomination = 1s (default)
2019-09-19 09:32:12,870 [38cd0138-33f7-48fe-ab23-0150bb61f7f1:group-AFE5E6056393:LeaderElection22] INFO  server.RaftServerConfigKeys (ConfUtils.java:logGet(43)) - raft.server.watch.element-limit = 65536 (default)
2019-09-19 09:32:12,870 [38cd0138-33f7-48fe-ab23-0150bb61f7f1:group-AFE5E6056393:LeaderElection22] INFO  impl.RoleInfo (RoleInfo.java:updateAndGet(143)) - 38cd0138-33f7-48fe-ab23-0150bb61f7f1: start LeaderState
2019-09-19 09:32:12,870 [38cd0138-33f7-48fe-ab23-0150bb61f7f1:group-AFE5E6056393:LeaderElection22] INFO  segmented.SegmentedRaftLogWorker (SegmentedRaftLogWorker.java:startLogSegment(380)) - 38cd0138-33f7-48fe-ab23-0150bb61f7f1-SegmentedRaftLogWorker:Storage Directory /workdir/hadoop-ozone/integration-test/target/test-dir/MiniOzoneClusterImpl-c03e40f7-b090-4a92-a38a-d9f2087836a0/datanode-3/data/ratis/4f7afac0-c151-4d1f-b882-afe5e6056393: Starting segment from index:0
2019-09-19 09:32:12,871 [38cd0138-33f7-48fe-ab23-0150bb61f7f1:group-AFE5E6056393:LeaderElection22] INFO  impl.RaftServerImpl (ServerState.java:setRaftConf(361)) - 38cd0138-33f7-48fe-ab23-0150bb61f7f1:group-AFE5E6056393 set configuration 0: [38cd0138-33f7-48fe-ab23-0150bb61f7f1:192.168.34.5:36410], old=null at 0
2019-09-19 09:32:12,903 [7c3f124a-0cb2-45f0-b3a0-cd1753b18df8:group-86506D14F6A1:LeaderElection23] INFO  impl.LeaderElection (LeaderElection.java:askForVotes(181)) - 7c3f124a-0cb2-45f0-b3a0-cd1753b18df8:group-86506D14F6A1:LeaderElection23: begin an election at term 1 for -1: [7c3f124a-0cb2-45f0-b3a0-cd1753b18df8:192.168.34.5:40441], old=null
2019-09-19 09:32:12,903 [7c3f124a-0cb2-45f0-b3a0-cd1753b18df8:group-86506D14F6A1:LeaderElection23] INFO  impl.RoleInfo (RoleInfo.java:shutdownLeaderElection(134)) - 7c3f124a-0cb2-45f0-b3a0-cd1753b18df8: shutdown LeaderElection
2019-09-19 09:32:12,903 [7c3f124a-0cb2-45f0-b3a0-cd1753b18df8:group-86506D14F6A1:LeaderElection23] INFO  impl.RaftServerImpl (RaftServerImpl.java:setRole(171)) - 7c3f124a-0cb2-45f0-b3a0-cd1753b18df8:group-86506D14F6A1 changes role from CANDIDATE to LEADER at term 1 for changeToLeader
2019-09-19 09:32:12,903 [7c3f124a-0cb2-45f0-b3a0-cd1753b18df8:group-86506D14F6A1:LeaderElection23] INFO  impl.RaftServerImpl (ServerState.java:setLeader(263)) - 7c3f124a-0cb2-45f0-b3a0-cd1753b18df8:group-86506D14F6A1 change Leader from null to 7c3f124a-0cb2-45f0-b3a0-cd1753b18df8 at term 1 for becomeLeader, leader elected after 5057ms
2019-09-19 09:32:12,905 [7c3f124a-0cb2-45f0-b3a0-cd1753b18df8:group-86506D14F6A1:LeaderElection23] INFO  server.RaftServerConfigKeys (ConfUtils.java:logGet(43)) - raft.server.staging.catchup.gap = 1000 (default)
2019-09-19 09:32:12,905 [7c3f124a-0cb2-45f0-b3a0-cd1753b18df8:group-86506D14F6A1:LeaderElection23] INFO  server.RaftServerConfigKeys (ConfUtils.java:logGet(43)) - raft.server.rpc.sleep.time = 25ms (default)
2019-09-19 09:32:12,905 [7c3f124a-0cb2-45f0-b3a0-cd1753b18df8:group-86506D14F6A1:LeaderElection23] INFO  server.RaftServerConfigKeys (ConfUtils.java:logGet(43)) - raft.server.write.element-limit = 4096 (default)
2019-09-19 09:32:12,905 [7c3f124a-0cb2-45f0-b3a0-cd1753b18df8:group-86506D14F6A1:LeaderElection23] INFO  server.RaftServerConfigKeys (ConfUtils.java:logGet(43)) - raft.server.watch.timeout = 10s (default)
2019-09-19 09:32:12,905 [7c3f124a-0cb2-45f0-b3a0-cd1753b18df8:group-86506D14F6A1:LeaderElection23] INFO  server.RaftServerConfigKeys (ConfUtils.java:logGet(43)) - raft.server.watch.timeout.denomination = 1s (default)
2019-09-19 09:32:12,906 [7c3f124a-0cb2-45f0-b3a0-cd1753b18df8:group-86506D14F6A1:LeaderElection23] INFO  server.RaftServerConfigKeys (ConfUtils.java:logGet(43)) - raft.server.watch.element-limit = 65536 (default)
2019-09-19 09:32:12,906 [7c3f124a-0cb2-45f0-b3a0-cd1753b18df8:group-86506D14F6A1:LeaderElection23] INFO  impl.RoleInfo (RoleInfo.java:updateAndGet(143)) - 7c3f124a-0cb2-45f0-b3a0-cd1753b18df8: start LeaderState
2019-09-19 09:32:12,906 [7c3f124a-0cb2-45f0-b3a0-cd1753b18df8:group-86506D14F6A1:LeaderElection23] INFO  segmented.SegmentedRaftLogWorker (SegmentedRaftLogWorker.java:startLogSegment(380)) - 7c3f124a-0cb2-45f0-b3a0-cd1753b18df8-SegmentedRaftLogWorker:Storage Directory /workdir/hadoop-ozone/integration-test/target/test-dir/MiniOzoneClusterImpl-c03e40f7-b090-4a92-a38a-d9f2087836a0/datanode-4/data/ratis/fd050799-308d-4774-824c-86506d14f6a1: Starting segment from index:0
2019-09-19 09:32:12,906 [7c3f124a-0cb2-45f0-b3a0-cd1753b18df8:group-86506D14F6A1:LeaderElection23] INFO  impl.RaftServerImpl (ServerState.java:setRaftConf(361)) - 7c3f124a-0cb2-45f0-b3a0-cd1753b18df8:group-86506D14F6A1 set configuration 0: [7c3f124a-0cb2-45f0-b3a0-cd1753b18df8:192.168.34.5:40441], old=null at 0
2019-09-19 09:32:12,944 [38cd0138-33f7-48fe-ab23-0150bb61f7f1-SegmentedRaftLogWorker:Storage Directory /workdir/hadoop-ozone/integration-test/target/test-dir/MiniOzoneClusterImpl-c03e40f7-b090-4a92-a38a-d9f2087836a0/datanode-3/data/ratis/4f7afac0-c151-4d1f-b882-afe5e6056393] INFO  segmented.SegmentedRaftLogWorker (SegmentedRaftLogWorker.java:execute(569)) - 38cd0138-33f7-48fe-ab23-0150bb61f7f1-SegmentedRaftLogWorker:Storage Directory /workdir/hadoop-ozone/integration-test/target/test-dir/MiniOzoneClusterImpl-c03e40f7-b090-4a92-a38a-d9f2087836a0/datanode-3/data/ratis/4f7afac0-c151-4d1f-b882-afe5e6056393: created new log segment /workdir/hadoop-ozone/integration-test/target/test-dir/MiniOzoneClusterImpl-c03e40f7-b090-4a92-a38a-d9f2087836a0/datanode-3/data/ratis/4f7afac0-c151-4d1f-b882-afe5e6056393/current/log_inprogress_0
2019-09-19 09:32:12,944 [Thread-272] INFO  impl.FollowerState (FollowerState.java:run(106)) - 7c3f124a-0cb2-45f0-b3a0-cd1753b18df8:group-9F3F0EAEE54E changes to CANDIDATE, lastRpcTime:5202, electionTimeout:5183ms
2019-09-19 09:32:12,944 [Thread-272] INFO  impl.RoleInfo (RoleInfo.java:shutdownFollowerState(121)) - 7c3f124a-0cb2-45f0-b3a0-cd1753b18df8: shutdown FollowerState
2019-09-19 09:32:12,944 [Thread-272] INFO  impl.RaftServerImpl (RaftServerImpl.java:setRole(171)) - 7c3f124a-0cb2-45f0-b3a0-cd1753b18df8:group-9F3F0EAEE54E changes role from FOLLOWER to CANDIDATE at term 0 for changeToCandidate
2019-09-19 09:32:12,944 [Thread-272] INFO  impl.RoleInfo (RoleInfo.java:updateAndGet(143)) - 7c3f124a-0cb2-45f0-b3a0-cd1753b18df8: start LeaderElection
2019-09-19 09:32:12,957 [7c3f124a-0cb2-45f0-b3a0-cd1753b18df8-SegmentedRaftLogWorker:Storage Directory /workdir/hadoop-ozone/integration-test/target/test-dir/MiniOzoneClusterImpl-c03e40f7-b090-4a92-a38a-d9f2087836a0/datanode-4/data/ratis/fd050799-308d-4774-824c-86506d14f6a1] INFO  segmented.SegmentedRaftLogWorker (SegmentedRaftLogWorker.java:execute(569)) - 7c3f124a-0cb2-45f0-b3a0-cd1753b18df8-SegmentedRaftLogWorker:Storage Directory /workdir/hadoop-ozone/integration-test/target/test-dir/MiniOzoneClusterImpl-c03e40f7-b090-4a92-a38a-d9f2087836a0/datanode-4/data/ratis/fd050799-308d-4774-824c-86506d14f6a1: created new log segment /workdir/hadoop-ozone/integration-test/target/test-dir/MiniOzoneClusterImpl-c03e40f7-b090-4a92-a38a-d9f2087836a0/datanode-4/data/ratis/fd050799-308d-4774-824c-86506d14f6a1/current/log_inprogress_0
2019-09-19 09:32:12,957 [7c3f124a-0cb2-45f0-b3a0-cd1753b18df8:group-9F3F0EAEE54E:LeaderElection24] INFO  impl.LeaderElection (LeaderElection.java:askForVotes(181)) - 7c3f124a-0cb2-45f0-b3a0-cd1753b18df8:group-9F3F0EAEE54E:LeaderElection24: begin an election at term 1 for -1: [7c3f124a-0cb2-45f0-b3a0-cd1753b18df8:192.168.34.5:40441], old=null
2019-09-19 09:32:12,957 [7c3f124a-0cb2-45f0-b3a0-cd1753b18df8:group-9F3F0EAEE54E:LeaderElection24] INFO  impl.RoleInfo (RoleInfo.java:shutdownLeaderElection(134)) - 7c3f124a-0cb2-45f0-b3a0-cd1753b18df8: shutdown LeaderElection
2019-09-19 09:32:12,957 [7c3f124a-0cb2-45f0-b3a0-cd1753b18df8:group-9F3F0EAEE54E:LeaderElection24] INFO  impl.RaftServerImpl (RaftServerImpl.java:setRole(171)) - 7c3f124a-0cb2-45f0-b3a0-cd1753b18df8:group-9F3F0EAEE54E changes role from CANDIDATE to LEADER at term 1 for changeToLeader
2019-09-19 09:32:12,957 [7c3f124a-0cb2-45f0-b3a0-cd1753b18df8:group-9F3F0EAEE54E:LeaderElection24] INFO  impl.RaftServerImpl (ServerState.java:setLeader(263)) - 7c3f124a-0cb2-45f0-b3a0-cd1753b18df8:group-9F3F0EAEE54E change Leader from null to 7c3f124a-0cb2-45f0-b3a0-cd1753b18df8 at term 1 for becomeLeader, leader elected after 5219ms
2019-09-19 09:32:12,957 [7c3f124a-0cb2-45f0-b3a0-cd1753b18df8:group-9F3F0EAEE54E:LeaderElection24] INFO  server.RaftServerConfigKeys (ConfUtils.java:logGet(43)) - raft.server.staging.catchup.gap = 1000 (default)
2019-09-19 09:32:12,957 [7c3f124a-0cb2-45f0-b3a0-cd1753b18df8:group-9F3F0EAEE54E:LeaderElection24] INFO  server.RaftServerConfigKeys (ConfUtils.java:logGet(43)) - raft.server.rpc.sleep.time = 25ms (default)
2019-09-19 09:32:12,958 [7c3f124a-0cb2-45f0-b3a0-cd1753b18df8:group-9F3F0EAEE54E:LeaderElection24] INFO  server.RaftServerConfigKeys (ConfUtils.java:logGet(43)) - raft.server.write.element-limit = 4096 (default)
2019-09-19 09:32:12,958 [7c3f124a-0cb2-45f0-b3a0-cd1753b18df8:group-9F3F0EAEE54E:LeaderElection24] INFO  server.RaftServerConfigKeys (ConfUtils.java:logGet(43)) - raft.server.watch.timeout = 10s (default)
2019-09-19 09:32:12,958 [7c3f124a-0cb2-45f0-b3a0-cd1753b18df8:group-9F3F0EAEE54E:LeaderElection24] INFO  server.RaftServerConfigKeys (ConfUtils.java:logGet(43)) - raft.server.watch.timeout.denomination = 1s (default)
2019-09-19 09:32:12,958 [7c3f124a-0cb2-45f0-b3a0-cd1753b18df8:group-9F3F0EAEE54E:LeaderElection24] INFO  server.RaftServerConfigKeys (ConfUtils.java:logGet(43)) - raft.server.watch.element-limit = 65536 (default)
2019-09-19 09:32:12,958 [7c3f124a-0cb2-45f0-b3a0-cd1753b18df8:group-9F3F0EAEE54E:LeaderElection24] INFO  impl.RoleInfo (RoleInfo.java:updateAndGet(143)) - 7c3f124a-0cb2-45f0-b3a0-cd1753b18df8: start LeaderState
2019-09-19 09:32:12,958 [7c3f124a-0cb2-45f0-b3a0-cd1753b18df8:group-9F3F0EAEE54E:LeaderElection24] INFO  segmented.SegmentedRaftLogWorker (SegmentedRaftLogWorker.java:startLogSegment(380)) - 7c3f124a-0cb2-45f0-b3a0-cd1753b18df8-SegmentedRaftLogWorker:Storage Directory /workdir/hadoop-ozone/integration-test/target/test-dir/MiniOzoneClusterImpl-c03e40f7-b090-4a92-a38a-d9f2087836a0/datanode-4/data/ratis/81b77b50-0847-4d76-a614-9f3f0eaee54e: Starting segment from index:0
2019-09-19 09:32:12,959 [7c3f124a-0cb2-45f0-b3a0-cd1753b18df8:group-9F3F0EAEE54E:LeaderElection24] INFO  impl.RaftServerImpl (ServerState.java:setRaftConf(361)) - 7c3f124a-0cb2-45f0-b3a0-cd1753b18df8:group-9F3F0EAEE54E set configuration 0: [7c3f124a-0cb2-45f0-b3a0-cd1753b18df8:192.168.34.5:40441], old=null at 0
2019-09-19 09:32:13,010 [7c3f124a-0cb2-45f0-b3a0-cd1753b18df8-SegmentedRaftLogWorker:Storage Directory /workdir/hadoop-ozone/integration-test/target/test-dir/MiniOzoneClusterImpl-c03e40f7-b090-4a92-a38a-d9f2087836a0/datanode-4/data/ratis/81b77b50-0847-4d76-a614-9f3f0eaee54e] INFO  segmented.SegmentedRaftLogWorker (SegmentedRaftLogWorker.java:execute(569)) - 7c3f124a-0cb2-45f0-b3a0-cd1753b18df8-SegmentedRaftLogWorker:Storage Directory /workdir/hadoop-ozone/integration-test/target/test-dir/MiniOzoneClusterImpl-c03e40f7-b090-4a92-a38a-d9f2087836a0/datanode-4/data/ratis/81b77b50-0847-4d76-a614-9f3f0eaee54e: created new log segment /workdir/hadoop-ozone/integration-test/target/test-dir/MiniOzoneClusterImpl-c03e40f7-b090-4a92-a38a-d9f2087836a0/datanode-4/data/ratis/81b77b50-0847-4d76-a614-9f3f0eaee54e/current/log_inprogress_0
2019-09-19 09:32:13,023 [Thread-284] INFO  impl.FollowerState (FollowerState.java:run(106)) - 38cd0138-33f7-48fe-ab23-0150bb61f7f1:group-0417E216254F changes to CANDIDATE, lastRpcTime:5071, electionTimeout:5071ms
2019-09-19 09:32:13,023 [Thread-284] INFO  impl.RoleInfo (RoleInfo.java:shutdownFollowerState(121)) - 38cd0138-33f7-48fe-ab23-0150bb61f7f1: shutdown FollowerState
2019-09-19 09:32:13,023 [Thread-284] INFO  impl.RaftServerImpl (RaftServerImpl.java:setRole(171)) - 38cd0138-33f7-48fe-ab23-0150bb61f7f1:group-0417E216254F changes role from FOLLOWER to CANDIDATE at term 0 for changeToCandidate
2019-09-19 09:32:13,024 [Thread-284] INFO  impl.RoleInfo (RoleInfo.java:updateAndGet(143)) - 38cd0138-33f7-48fe-ab23-0150bb61f7f1: start LeaderElection
2019-09-19 09:32:13,033 | INFO  | SCMAudit | user=jenkins1000 | ip=192.168.34.5 | op=SEND_HEARTBEAT {datanodeUUID=38cd0138-33f7-48fe-ab23-0150bb61f7f1, command=[]} | ret=SUCCESS |  
2019-09-19 09:32:13,039 [38cd0138-33f7-48fe-ab23-0150bb61f7f1:group-0417E216254F:LeaderElection25] INFO  impl.LeaderElection (LeaderElection.java:askForVotes(181)) - 38cd0138-33f7-48fe-ab23-0150bb61f7f1:group-0417E216254F:LeaderElection25: begin an election at term 1 for -1: [38cd0138-33f7-48fe-ab23-0150bb61f7f1:192.168.34.5:36410], old=null
2019-09-19 09:32:13,039 [38cd0138-33f7-48fe-ab23-0150bb61f7f1:group-0417E216254F:LeaderElection25] INFO  impl.RoleInfo (RoleInfo.java:shutdownLeaderElection(134)) - 38cd0138-33f7-48fe-ab23-0150bb61f7f1: shutdown LeaderElection
2019-09-19 09:32:13,039 [38cd0138-33f7-48fe-ab23-0150bb61f7f1:group-0417E216254F:LeaderElection25] INFO  impl.RaftServerImpl (RaftServerImpl.java:setRole(171)) - 38cd0138-33f7-48fe-ab23-0150bb61f7f1:group-0417E216254F changes role from CANDIDATE to LEADER at term 1 for changeToLeader
2019-09-19 09:32:13,039 [38cd0138-33f7-48fe-ab23-0150bb61f7f1:group-0417E216254F:LeaderElection25] INFO  impl.RaftServerImpl (ServerState.java:setLeader(263)) - 38cd0138-33f7-48fe-ab23-0150bb61f7f1:group-0417E216254F change Leader from null to 38cd0138-33f7-48fe-ab23-0150bb61f7f1 at term 1 for becomeLeader, leader elected after 5091ms
2019-09-19 09:32:13,039 [38cd0138-33f7-48fe-ab23-0150bb61f7f1:group-0417E216254F:LeaderElection25] INFO  server.RaftServerConfigKeys (ConfUtils.java:logGet(43)) - raft.server.staging.catchup.gap = 1000 (default)
2019-09-19 09:32:13,039 [38cd0138-33f7-48fe-ab23-0150bb61f7f1:group-0417E216254F:LeaderElection25] INFO  server.RaftServerConfigKeys (ConfUtils.java:logGet(43)) - raft.server.rpc.sleep.time = 25ms (default)
2019-09-19 09:32:13,040 [38cd0138-33f7-48fe-ab23-0150bb61f7f1:group-0417E216254F:LeaderElection25] INFO  server.RaftServerConfigKeys (ConfUtils.java:logGet(43)) - raft.server.write.element-limit = 4096 (default)
2019-09-19 09:32:13,040 [38cd0138-33f7-48fe-ab23-0150bb61f7f1:group-0417E216254F:LeaderElection25] INFO  server.RaftServerConfigKeys (ConfUtils.java:logGet(43)) - raft.server.watch.timeout = 10s (default)
2019-09-19 09:32:13,040 [38cd0138-33f7-48fe-ab23-0150bb61f7f1:group-0417E216254F:LeaderElection25] INFO  server.RaftServerConfigKeys (ConfUtils.java:logGet(43)) - raft.server.watch.timeout.denomination = 1s (default)
2019-09-19 09:32:13,040 [38cd0138-33f7-48fe-ab23-0150bb61f7f1:group-0417E216254F:LeaderElection25] INFO  server.RaftServerConfigKeys (ConfUtils.java:logGet(43)) - raft.server.watch.element-limit = 65536 (default)
2019-09-19 09:32:13,040 [38cd0138-33f7-48fe-ab23-0150bb61f7f1:group-0417E216254F:LeaderElection25] INFO  impl.RoleInfo (RoleInfo.java:updateAndGet(143)) - 38cd0138-33f7-48fe-ab23-0150bb61f7f1: start LeaderState
2019-09-19 09:32:13,041 [38cd0138-33f7-48fe-ab23-0150bb61f7f1:group-0417E216254F:LeaderElection25] INFO  segmented.SegmentedRaftLogWorker (SegmentedRaftLogWorker.java:startLogSegment(380)) - 38cd0138-33f7-48fe-ab23-0150bb61f7f1-SegmentedRaftLogWorker:Storage Directory /workdir/hadoop-ozone/integration-test/target/test-dir/MiniOzoneClusterImpl-c03e40f7-b090-4a92-a38a-d9f2087836a0/datanode-3/data/ratis/d89e226c-8ea2-4516-8cd6-0417e216254f: Starting segment from index:0
2019-09-19 09:32:13,041 [38cd0138-33f7-48fe-ab23-0150bb61f7f1:group-0417E216254F:LeaderElection25] INFO  impl.RaftServerImpl (ServerState.java:setRaftConf(361)) - 38cd0138-33f7-48fe-ab23-0150bb61f7f1:group-0417E216254F set configuration 0: [38cd0138-33f7-48fe-ab23-0150bb61f7f1:192.168.34.5:36410], old=null at 0
2019-09-19 09:32:13,079 [Thread-281] INFO  impl.FollowerState (FollowerState.java:run(106)) - 38cd0138-33f7-48fe-ab23-0150bb61f7f1:group-9253CF582336 changes to CANDIDATE, lastRpcTime:5179, electionTimeout:5179ms
2019-09-19 09:32:13,079 [Thread-287] INFO  impl.FollowerState (FollowerState.java:run(106)) - 7c3f124a-0cb2-45f0-b3a0-cd1753b18df8:group-25FF2DFFFFD3 changes to CANDIDATE, lastRpcTime:5076, electionTimeout:5041ms
2019-09-19 09:32:13,079 [Thread-281] INFO  impl.RoleInfo (RoleInfo.java:shutdownFollowerState(121)) - 38cd0138-33f7-48fe-ab23-0150bb61f7f1: shutdown FollowerState
2019-09-19 09:32:13,080 [Thread-287] INFO  impl.RoleInfo (RoleInfo.java:shutdownFollowerState(121)) - 7c3f124a-0cb2-45f0-b3a0-cd1753b18df8: shutdown FollowerState
2019-09-19 09:32:13,080 [Thread-281] INFO  impl.RaftServerImpl (RaftServerImpl.java:setRole(171)) - 38cd0138-33f7-48fe-ab23-0150bb61f7f1:group-9253CF582336 changes role from FOLLOWER to CANDIDATE at term 0 for changeToCandidate
2019-09-19 09:32:13,080 [Thread-287] INFO  impl.RaftServerImpl (RaftServerImpl.java:setRole(171)) - 7c3f124a-0cb2-45f0-b3a0-cd1753b18df8:group-25FF2DFFFFD3 changes role from FOLLOWER to CANDIDATE at term 0 for changeToCandidate
2019-09-19 09:32:13,080 [Thread-281] INFO  impl.RoleInfo (RoleInfo.java:updateAndGet(143)) - 38cd0138-33f7-48fe-ab23-0150bb61f7f1: start LeaderElection
2019-09-19 09:32:13,080 [Thread-287] INFO  impl.RoleInfo (RoleInfo.java:updateAndGet(143)) - 7c3f124a-0cb2-45f0-b3a0-cd1753b18df8: start LeaderElection
2019-09-19 09:32:13,092 [38cd0138-33f7-48fe-ab23-0150bb61f7f1-SegmentedRaftLogWorker:Storage Directory /workdir/hadoop-ozone/integration-test/target/test-dir/MiniOzoneClusterImpl-c03e40f7-b090-4a92-a38a-d9f2087836a0/datanode-3/data/ratis/d89e226c-8ea2-4516-8cd6-0417e216254f] INFO  segmented.SegmentedRaftLogWorker (SegmentedRaftLogWorker.java:execute(569)) - 38cd0138-33f7-48fe-ab23-0150bb61f7f1-SegmentedRaftLogWorker:Storage Directory /workdir/hadoop-ozone/integration-test/target/test-dir/MiniOzoneClusterImpl-c03e40f7-b090-4a92-a38a-d9f2087836a0/datanode-3/data/ratis/d89e226c-8ea2-4516-8cd6-0417e216254f: created new log segment /workdir/hadoop-ozone/integration-test/target/test-dir/MiniOzoneClusterImpl-c03e40f7-b090-4a92-a38a-d9f2087836a0/datanode-3/data/ratis/d89e226c-8ea2-4516-8cd6-0417e216254f/current/log_inprogress_0
2019-09-19 09:32:13,092 [7c3f124a-0cb2-45f0-b3a0-cd1753b18df8:group-25FF2DFFFFD3:LeaderElection27] INFO  impl.LeaderElection (LeaderElection.java:askForVotes(181)) - 7c3f124a-0cb2-45f0-b3a0-cd1753b18df8:group-25FF2DFFFFD3:LeaderElection27: begin an election at term 1 for -1: [7c3f124a-0cb2-45f0-b3a0-cd1753b18df8:192.168.34.5:40441], old=null
2019-09-19 09:32:13,092 [38cd0138-33f7-48fe-ab23-0150bb61f7f1:group-9253CF582336:LeaderElection26] INFO  impl.LeaderElection (LeaderElection.java:askForVotes(181)) - 38cd0138-33f7-48fe-ab23-0150bb61f7f1:group-9253CF582336:LeaderElection26: begin an election at term 1 for -1: [38cd0138-33f7-48fe-ab23-0150bb61f7f1:192.168.34.5:36410], old=null
2019-09-19 09:32:13,092 [7c3f124a-0cb2-45f0-b3a0-cd1753b18df8:group-25FF2DFFFFD3:LeaderElection27] INFO  impl.RoleInfo (RoleInfo.java:shutdownLeaderElection(134)) - 7c3f124a-0cb2-45f0-b3a0-cd1753b18df8: shutdown LeaderElection
2019-09-19 09:32:13,092 [38cd0138-33f7-48fe-ab23-0150bb61f7f1:group-9253CF582336:LeaderElection26] INFO  impl.RoleInfo (RoleInfo.java:shutdownLeaderElection(134)) - 38cd0138-33f7-48fe-ab23-0150bb61f7f1: shutdown LeaderElection
2019-09-19 09:32:13,093 [7c3f124a-0cb2-45f0-b3a0-cd1753b18df8:group-25FF2DFFFFD3:LeaderElection27] INFO  impl.RaftServerImpl (RaftServerImpl.java:setRole(171)) - 7c3f124a-0cb2-45f0-b3a0-cd1753b18df8:group-25FF2DFFFFD3 changes role from CANDIDATE to LEADER at term 1 for changeToLeader
2019-09-19 09:32:13,093 [38cd0138-33f7-48fe-ab23-0150bb61f7f1:group-9253CF582336:LeaderElection26] INFO  impl.RaftServerImpl (RaftServerImpl.java:setRole(171)) - 38cd0138-33f7-48fe-ab23-0150bb61f7f1:group-9253CF582336 changes role from CANDIDATE to LEADER at term 1 for changeToLeader
2019-09-19 09:32:13,093 [7c3f124a-0cb2-45f0-b3a0-cd1753b18df8:group-25FF2DFFFFD3:LeaderElection27] INFO  impl.RaftServerImpl (ServerState.java:setLeader(263)) - 7c3f124a-0cb2-45f0-b3a0-cd1753b18df8:group-25FF2DFFFFD3 change Leader from null to 7c3f124a-0cb2-45f0-b3a0-cd1753b18df8 at term 1 for becomeLeader, leader elected after 5093ms
2019-09-19 09:32:13,093 [38cd0138-33f7-48fe-ab23-0150bb61f7f1:group-9253CF582336:LeaderElection26] INFO  impl.RaftServerImpl (ServerState.java:setLeader(263)) - 38cd0138-33f7-48fe-ab23-0150bb61f7f1:group-9253CF582336 change Leader from null to 38cd0138-33f7-48fe-ab23-0150bb61f7f1 at term 1 for becomeLeader, leader elected after 5196ms
2019-09-19 09:32:13,093 [7c3f124a-0cb2-45f0-b3a0-cd1753b18df8:group-25FF2DFFFFD3:LeaderElection27] INFO  server.RaftServerConfigKeys (ConfUtils.java:logGet(43)) - raft.server.staging.catchup.gap = 1000 (default)
2019-09-19 09:32:13,093 [38cd0138-33f7-48fe-ab23-0150bb61f7f1:group-9253CF582336:LeaderElection26] INFO  server.RaftServerConfigKeys (ConfUtils.java:logGet(43)) - raft.server.staging.catchup.gap = 1000 (default)
2019-09-19 09:32:13,093 [7c3f124a-0cb2-45f0-b3a0-cd1753b18df8:group-25FF2DFFFFD3:LeaderElection27] INFO  server.RaftServerConfigKeys (ConfUtils.java:logGet(43)) - raft.server.rpc.sleep.time = 25ms (default)
2019-09-19 09:32:13,093 [38cd0138-33f7-48fe-ab23-0150bb61f7f1:group-9253CF582336:LeaderElection26] INFO  server.RaftServerConfigKeys (ConfUtils.java:logGet(43)) - raft.server.rpc.sleep.time = 25ms (default)
2019-09-19 09:32:13,093 [7c3f124a-0cb2-45f0-b3a0-cd1753b18df8:group-25FF2DFFFFD3:LeaderElection27] INFO  server.RaftServerConfigKeys (ConfUtils.java:logGet(43)) - raft.server.write.element-limit = 4096 (default)
2019-09-19 09:32:13,094 [38cd0138-33f7-48fe-ab23-0150bb61f7f1:group-9253CF582336:LeaderElection26] INFO  server.RaftServerConfigKeys (ConfUtils.java:logGet(43)) - raft.server.write.element-limit = 4096 (default)
2019-09-19 09:32:13,094 [7c3f124a-0cb2-45f0-b3a0-cd1753b18df8:group-25FF2DFFFFD3:LeaderElection27] INFO  server.RaftServerConfigKeys (ConfUtils.java:logGet(43)) - raft.server.watch.timeout = 10s (default)
2019-09-19 09:32:13,094 [38cd0138-33f7-48fe-ab23-0150bb61f7f1:group-9253CF582336:LeaderElection26] INFO  server.RaftServerConfigKeys (ConfUtils.java:logGet(43)) - raft.server.watch.timeout = 10s (default)
2019-09-19 09:32:13,094 [7c3f124a-0cb2-45f0-b3a0-cd1753b18df8:group-25FF2DFFFFD3:LeaderElection27] INFO  server.RaftServerConfigKeys (ConfUtils.java:logGet(43)) - raft.server.watch.timeout.denomination = 1s (default)
2019-09-19 09:32:13,094 [38cd0138-33f7-48fe-ab23-0150bb61f7f1:group-9253CF582336:LeaderElection26] INFO  server.RaftServerConfigKeys (ConfUtils.java:logGet(43)) - raft.server.watch.timeout.denomination = 1s (default)
2019-09-19 09:32:13,094 [7c3f124a-0cb2-45f0-b3a0-cd1753b18df8:group-25FF2DFFFFD3:LeaderElection27] INFO  server.RaftServerConfigKeys (ConfUtils.java:logGet(43)) - raft.server.watch.element-limit = 65536 (default)
2019-09-19 09:32:13,094 [38cd0138-33f7-48fe-ab23-0150bb61f7f1:group-9253CF582336:LeaderElection26] INFO  server.RaftServerConfigKeys (ConfUtils.java:logGet(43)) - raft.server.watch.element-limit = 65536 (default)
2019-09-19 09:32:13,094 [7c3f124a-0cb2-45f0-b3a0-cd1753b18df8:group-25FF2DFFFFD3:LeaderElection27] INFO  impl.RoleInfo (RoleInfo.java:updateAndGet(143)) - 7c3f124a-0cb2-45f0-b3a0-cd1753b18df8: start LeaderState
2019-09-19 09:32:13,094 [38cd0138-33f7-48fe-ab23-0150bb61f7f1:group-9253CF582336:LeaderElection26] INFO  impl.RoleInfo (RoleInfo.java:updateAndGet(143)) - 38cd0138-33f7-48fe-ab23-0150bb61f7f1: start LeaderState
2019-09-19 09:32:13,095 [7c3f124a-0cb2-45f0-b3a0-cd1753b18df8:group-25FF2DFFFFD3:LeaderElection27] INFO  segmented.SegmentedRaftLogWorker (SegmentedRaftLogWorker.java:startLogSegment(380)) - 7c3f124a-0cb2-45f0-b3a0-cd1753b18df8-SegmentedRaftLogWorker:Storage Directory /workdir/hadoop-ozone/integration-test/target/test-dir/MiniOzoneClusterImpl-c03e40f7-b090-4a92-a38a-d9f2087836a0/datanode-4/data/ratis/02015528-935a-413d-985f-25ff2dffffd3: Starting segment from index:0
2019-09-19 09:32:13,095 [38cd0138-33f7-48fe-ab23-0150bb61f7f1:group-9253CF582336:LeaderElection26] INFO  segmented.SegmentedRaftLogWorker (SegmentedRaftLogWorker.java:startLogSegment(380)) - 38cd0138-33f7-48fe-ab23-0150bb61f7f1-SegmentedRaftLogWorker:Storage Directory /workdir/hadoop-ozone/integration-test/target/test-dir/MiniOzoneClusterImpl-c03e40f7-b090-4a92-a38a-d9f2087836a0/datanode-3/data/ratis/da587ae3-853e-4fe6-bbc7-9253cf582336: Starting segment from index:0
2019-09-19 09:32:13,095 [7c3f124a-0cb2-45f0-b3a0-cd1753b18df8:group-25FF2DFFFFD3:LeaderElection27] INFO  impl.RaftServerImpl (ServerState.java:setRaftConf(361)) - 7c3f124a-0cb2-45f0-b3a0-cd1753b18df8:group-25FF2DFFFFD3 set configuration 0: [7c3f124a-0cb2-45f0-b3a0-cd1753b18df8:192.168.34.5:40441], old=null at 0
2019-09-19 09:32:13,095 [38cd0138-33f7-48fe-ab23-0150bb61f7f1:group-9253CF582336:LeaderElection26] INFO  impl.RaftServerImpl (ServerState.java:setRaftConf(361)) - 38cd0138-33f7-48fe-ab23-0150bb61f7f1:group-9253CF582336 set configuration 0: [38cd0138-33f7-48fe-ab23-0150bb61f7f1:192.168.34.5:36410], old=null at 0
2019-09-19 09:32:13,150 [Thread-290] INFO  impl.FollowerState (FollowerState.java:run(106)) - 7c3f124a-0cb2-45f0-b3a0-cd1753b18df8:group-9459ADF2FBC5 changes to CANDIDATE, lastRpcTime:5089, electionTimeout:5089ms
2019-09-19 09:32:13,150 [7c3f124a-0cb2-45f0-b3a0-cd1753b18df8-SegmentedRaftLogWorker:Storage Directory /workdir/hadoop-ozone/integration-test/target/test-dir/MiniOzoneClusterImpl-c03e40f7-b090-4a92-a38a-d9f2087836a0/datanode-4/data/ratis/02015528-935a-413d-985f-25ff2dffffd3] INFO  segmented.SegmentedRaftLogWorker (SegmentedRaftLogWorker.java:execute(569)) - 7c3f124a-0cb2-45f0-b3a0-cd1753b18df8-SegmentedRaftLogWorker:Storage Directory /workdir/hadoop-ozone/integration-test/target/test-dir/MiniOzoneClusterImpl-c03e40f7-b090-4a92-a38a-d9f2087836a0/datanode-4/data/ratis/02015528-935a-413d-985f-25ff2dffffd3: created new log segment /workdir/hadoop-ozone/integration-test/target/test-dir/MiniOzoneClusterImpl-c03e40f7-b090-4a92-a38a-d9f2087836a0/datanode-4/data/ratis/02015528-935a-413d-985f-25ff2dffffd3/current/log_inprogress_0
2019-09-19 09:32:13,150 [Thread-290] INFO  impl.RoleInfo (RoleInfo.java:shutdownFollowerState(121)) - 7c3f124a-0cb2-45f0-b3a0-cd1753b18df8: shutdown FollowerState
2019-09-19 09:32:13,150 [38cd0138-33f7-48fe-ab23-0150bb61f7f1-SegmentedRaftLogWorker:Storage Directory /workdir/hadoop-ozone/integration-test/target/test-dir/MiniOzoneClusterImpl-c03e40f7-b090-4a92-a38a-d9f2087836a0/datanode-3/data/ratis/da587ae3-853e-4fe6-bbc7-9253cf582336] INFO  segmented.SegmentedRaftLogWorker (SegmentedRaftLogWorker.java:execute(569)) - 38cd0138-33f7-48fe-ab23-0150bb61f7f1-SegmentedRaftLogWorker:Storage Directory /workdir/hadoop-ozone/integration-test/target/test-dir/MiniOzoneClusterImpl-c03e40f7-b090-4a92-a38a-d9f2087836a0/datanode-3/data/ratis/da587ae3-853e-4fe6-bbc7-9253cf582336: created new log segment /workdir/hadoop-ozone/integration-test/target/test-dir/MiniOzoneClusterImpl-c03e40f7-b090-4a92-a38a-d9f2087836a0/datanode-3/data/ratis/da587ae3-853e-4fe6-bbc7-9253cf582336/current/log_inprogress_0
2019-09-19 09:32:13,151 [Thread-290] INFO  impl.RaftServerImpl (RaftServerImpl.java:setRole(171)) - 7c3f124a-0cb2-45f0-b3a0-cd1753b18df8:group-9459ADF2FBC5 changes role from FOLLOWER to CANDIDATE at term 0 for changeToCandidate
2019-09-19 09:32:13,151 [Thread-290] INFO  impl.RoleInfo (RoleInfo.java:updateAndGet(143)) - 7c3f124a-0cb2-45f0-b3a0-cd1753b18df8: start LeaderElection
2019-09-19 09:32:13,164 [7c3f124a-0cb2-45f0-b3a0-cd1753b18df8:group-9459ADF2FBC5:LeaderElection28] INFO  impl.LeaderElection (LeaderElection.java:askForVotes(181)) - 7c3f124a-0cb2-45f0-b3a0-cd1753b18df8:group-9459ADF2FBC5:LeaderElection28: begin an election at term 1 for -1: [7c3f124a-0cb2-45f0-b3a0-cd1753b18df8:192.168.34.5:40441], old=null
2019-09-19 09:32:13,165 [7c3f124a-0cb2-45f0-b3a0-cd1753b18df8:group-9459ADF2FBC5:LeaderElection28] INFO  impl.RoleInfo (RoleInfo.java:shutdownLeaderElection(134)) - 7c3f124a-0cb2-45f0-b3a0-cd1753b18df8: shutdown LeaderElection
2019-09-19 09:32:13,165 [7c3f124a-0cb2-45f0-b3a0-cd1753b18df8:group-9459ADF2FBC5:LeaderElection28] INFO  impl.RaftServerImpl (RaftServerImpl.java:setRole(171)) - 7c3f124a-0cb2-45f0-b3a0-cd1753b18df8:group-9459ADF2FBC5 changes role from CANDIDATE to LEADER at term 1 for changeToLeader
2019-09-19 09:32:13,165 [7c3f124a-0cb2-45f0-b3a0-cd1753b18df8:group-9459ADF2FBC5:LeaderElection28] INFO  impl.RaftServerImpl (ServerState.java:setLeader(263)) - 7c3f124a-0cb2-45f0-b3a0-cd1753b18df8:group-9459ADF2FBC5 change Leader from null to 7c3f124a-0cb2-45f0-b3a0-cd1753b18df8 at term 1 for becomeLeader, leader elected after 5107ms
2019-09-19 09:32:13,165 [7c3f124a-0cb2-45f0-b3a0-cd1753b18df8:group-9459ADF2FBC5:LeaderElection28] INFO  server.RaftServerConfigKeys (ConfUtils.java:logGet(43)) - raft.server.staging.catchup.gap = 1000 (default)
2019-09-19 09:32:13,165 [7c3f124a-0cb2-45f0-b3a0-cd1753b18df8:group-9459ADF2FBC5:LeaderElection28] INFO  server.RaftServerConfigKeys (ConfUtils.java:logGet(43)) - raft.server.rpc.sleep.time = 25ms (default)
2019-09-19 09:32:13,165 [7c3f124a-0cb2-45f0-b3a0-cd1753b18df8:group-9459ADF2FBC5:LeaderElection28] INFO  server.RaftServerConfigKeys (ConfUtils.java:logGet(43)) - raft.server.write.element-limit = 4096 (default)
2019-09-19 09:32:13,165 [7c3f124a-0cb2-45f0-b3a0-cd1753b18df8:group-9459ADF2FBC5:LeaderElection28] INFO  server.RaftServerConfigKeys (ConfUtils.java:logGet(43)) - raft.server.watch.timeout = 10s (default)
2019-09-19 09:32:13,166 [7c3f124a-0cb2-45f0-b3a0-cd1753b18df8:group-9459ADF2FBC5:LeaderElection28] INFO  server.RaftServerConfigKeys (ConfUtils.java:logGet(43)) - raft.server.watch.timeout.denomination = 1s (default)
2019-09-19 09:32:13,166 [7c3f124a-0cb2-45f0-b3a0-cd1753b18df8:group-9459ADF2FBC5:LeaderElection28] INFO  server.RaftServerConfigKeys (ConfUtils.java:logGet(43)) - raft.server.watch.element-limit = 65536 (default)
2019-09-19 09:32:13,166 [7c3f124a-0cb2-45f0-b3a0-cd1753b18df8:group-9459ADF2FBC5:LeaderElection28] INFO  impl.RoleInfo (RoleInfo.java:updateAndGet(143)) - 7c3f124a-0cb2-45f0-b3a0-cd1753b18df8: start LeaderState
2019-09-19 09:32:13,166 [7c3f124a-0cb2-45f0-b3a0-cd1753b18df8:group-9459ADF2FBC5:LeaderElection28] INFO  segmented.SegmentedRaftLogWorker (SegmentedRaftLogWorker.java:startLogSegment(380)) - 7c3f124a-0cb2-45f0-b3a0-cd1753b18df8-SegmentedRaftLogWorker:Storage Directory /workdir/hadoop-ozone/integration-test/target/test-dir/MiniOzoneClusterImpl-c03e40f7-b090-4a92-a38a-d9f2087836a0/datanode-4/data/ratis/45c60ccd-3079-405a-b090-9459adf2fbc5: Starting segment from index:0
2019-09-19 09:32:13,167 [7c3f124a-0cb2-45f0-b3a0-cd1753b18df8:group-9459ADF2FBC5:LeaderElection28] INFO  impl.RaftServerImpl (ServerState.java:setRaftConf(361)) - 7c3f124a-0cb2-45f0-b3a0-cd1753b18df8:group-9459ADF2FBC5 set configuration 0: [7c3f124a-0cb2-45f0-b3a0-cd1753b18df8:192.168.34.5:40441], old=null at 0
2019-09-19 09:32:13,197 [Thread-293] INFO  impl.FollowerState (FollowerState.java:run(106)) - 7c3f124a-0cb2-45f0-b3a0-cd1753b18df8:group-CA3EF0850F46 changes to CANDIDATE, lastRpcTime:5088, electionTimeout:5088ms
2019-09-19 09:32:13,197 [Thread-293] INFO  impl.RoleInfo (RoleInfo.java:shutdownFollowerState(121)) - 7c3f124a-0cb2-45f0-b3a0-cd1753b18df8: shutdown FollowerState
2019-09-19 09:32:13,198 [Thread-293] INFO  impl.RaftServerImpl (RaftServerImpl.java:setRole(171)) - 7c3f124a-0cb2-45f0-b3a0-cd1753b18df8:group-CA3EF0850F46 changes role from FOLLOWER to CANDIDATE at term 0 for changeToCandidate
2019-09-19 09:32:13,198 [Thread-293] INFO  impl.RoleInfo (RoleInfo.java:updateAndGet(143)) - 7c3f124a-0cb2-45f0-b3a0-cd1753b18df8: start LeaderElection
2019-09-19 09:32:13,208 [7c3f124a-0cb2-45f0-b3a0-cd1753b18df8-SegmentedRaftLogWorker:Storage Directory /workdir/hadoop-ozone/integration-test/target/test-dir/MiniOzoneClusterImpl-c03e40f7-b090-4a92-a38a-d9f2087836a0/datanode-4/data/ratis/45c60ccd-3079-405a-b090-9459adf2fbc5] INFO  segmented.SegmentedRaftLogWorker (SegmentedRaftLogWorker.java:execute(569)) - 7c3f124a-0cb2-45f0-b3a0-cd1753b18df8-SegmentedRaftLogWorker:Storage Directory /workdir/hadoop-ozone/integration-test/target/test-dir/MiniOzoneClusterImpl-c03e40f7-b090-4a92-a38a-d9f2087836a0/datanode-4/data/ratis/45c60ccd-3079-405a-b090-9459adf2fbc5: created new log segment /workdir/hadoop-ozone/integration-test/target/test-dir/MiniOzoneClusterImpl-c03e40f7-b090-4a92-a38a-d9f2087836a0/datanode-4/data/ratis/45c60ccd-3079-405a-b090-9459adf2fbc5/current/log_inprogress_0
2019-09-19 09:32:13,208 [7c3f124a-0cb2-45f0-b3a0-cd1753b18df8:group-CA3EF0850F46:LeaderElection29] INFO  impl.LeaderElection (LeaderElection.java:askForVotes(181)) - 7c3f124a-0cb2-45f0-b3a0-cd1753b18df8:group-CA3EF0850F46:LeaderElection29: begin an election at term 1 for -1: [7c3f124a-0cb2-45f0-b3a0-cd1753b18df8:192.168.34.5:40441], old=null
2019-09-19 09:32:13,208 [7c3f124a-0cb2-45f0-b3a0-cd1753b18df8:group-CA3EF0850F46:LeaderElection29] INFO  impl.RoleInfo (RoleInfo.java:shutdownLeaderElection(134)) - 7c3f124a-0cb2-45f0-b3a0-cd1753b18df8: shutdown LeaderElection
2019-09-19 09:32:13,209 [7c3f124a-0cb2-45f0-b3a0-cd1753b18df8:group-CA3EF0850F46:LeaderElection29] INFO  impl.RaftServerImpl (RaftServerImpl.java:setRole(171)) - 7c3f124a-0cb2-45f0-b3a0-cd1753b18df8:group-CA3EF0850F46 changes role from CANDIDATE to LEADER at term 1 for changeToLeader
2019-09-19 09:32:13,209 [7c3f124a-0cb2-45f0-b3a0-cd1753b18df8:group-CA3EF0850F46:LeaderElection29] INFO  impl.RaftServerImpl (ServerState.java:setLeader(263)) - 7c3f124a-0cb2-45f0-b3a0-cd1753b18df8:group-CA3EF0850F46 change Leader from null to 7c3f124a-0cb2-45f0-b3a0-cd1753b18df8 at term 1 for becomeLeader, leader elected after 5102ms
2019-09-19 09:32:13,209 [7c3f124a-0cb2-45f0-b3a0-cd1753b18df8:group-CA3EF0850F46:LeaderElection29] INFO  server.RaftServerConfigKeys (ConfUtils.java:logGet(43)) - raft.server.staging.catchup.gap = 1000 (default)
2019-09-19 09:32:13,209 [7c3f124a-0cb2-45f0-b3a0-cd1753b18df8:group-CA3EF0850F46:LeaderElection29] INFO  server.RaftServerConfigKeys (ConfUtils.java:logGet(43)) - raft.server.rpc.sleep.time = 25ms (default)
2019-09-19 09:32:13,210 [7c3f124a-0cb2-45f0-b3a0-cd1753b18df8:group-CA3EF0850F46:LeaderElection29] INFO  server.RaftServerConfigKeys (ConfUtils.java:logGet(43)) - raft.server.write.element-limit = 4096 (default)
2019-09-19 09:32:13,210 [7c3f124a-0cb2-45f0-b3a0-cd1753b18df8:group-CA3EF0850F46:LeaderElection29] INFO  server.RaftServerConfigKeys (ConfUtils.java:logGet(43)) - raft.server.watch.timeout = 10s (default)
2019-09-19 09:32:13,210 [7c3f124a-0cb2-45f0-b3a0-cd1753b18df8:group-CA3EF0850F46:LeaderElection29] INFO  server.RaftServerConfigKeys (ConfUtils.java:logGet(43)) - raft.server.watch.timeout.denomination = 1s (default)
2019-09-19 09:32:13,210 [7c3f124a-0cb2-45f0-b3a0-cd1753b18df8:group-CA3EF0850F46:LeaderElection29] INFO  server.RaftServerConfigKeys (ConfUtils.java:logGet(43)) - raft.server.watch.element-limit = 65536 (default)
2019-09-19 09:32:13,211 [7c3f124a-0cb2-45f0-b3a0-cd1753b18df8:group-CA3EF0850F46:LeaderElection29] INFO  impl.RoleInfo (RoleInfo.java:updateAndGet(143)) - 7c3f124a-0cb2-45f0-b3a0-cd1753b18df8: start LeaderState
2019-09-19 09:32:13,211 [7c3f124a-0cb2-45f0-b3a0-cd1753b18df8:group-CA3EF0850F46:LeaderElection29] INFO  segmented.SegmentedRaftLogWorker (SegmentedRaftLogWorker.java:startLogSegment(380)) - 7c3f124a-0cb2-45f0-b3a0-cd1753b18df8-SegmentedRaftLogWorker:Storage Directory /workdir/hadoop-ozone/integration-test/target/test-dir/MiniOzoneClusterImpl-c03e40f7-b090-4a92-a38a-d9f2087836a0/datanode-4/data/ratis/694a0cc3-b6aa-48b1-9edf-ca3ef0850f46: Starting segment from index:0
2019-09-19 09:32:13,212 [7c3f124a-0cb2-45f0-b3a0-cd1753b18df8:group-CA3EF0850F46:LeaderElection29] INFO  impl.RaftServerImpl (ServerState.java:setRaftConf(361)) - 7c3f124a-0cb2-45f0-b3a0-cd1753b18df8:group-CA3EF0850F46 set configuration 0: [7c3f124a-0cb2-45f0-b3a0-cd1753b18df8:192.168.34.5:40441], old=null at 0
2019-09-19 09:32:13,250 | INFO  | SCMAudit | user=jenkins1000 | ip=192.168.34.5 | op=SEND_HEARTBEAT {datanodeUUID=bb059d21-eed2-433c-ad63-69c2d96e92b8, command=[]} | ret=SUCCESS |  
2019-09-19 09:32:13,250 [main] INFO  ozoneimpl.OzoneContainer (OzoneContainer.java:stop(199)) - Attempting to stop container services.
2019-09-19 09:32:13,250 [ForkJoinPool.commonPool-worker-1] INFO  ozoneimpl.OzoneContainer (OzoneContainer.java:stop(199)) - Attempting to stop container services.
2019-09-19 09:32:13,251 [main] INFO  impl.RaftServerProxy (RaftServerProxy.java:lambda$close$4(314)) - 1671272a-c11f-4f03-85c2-ea0c5f99ec93: close
2019-09-19 09:32:13,251 [ForkJoinPool.commonPool-worker-1] INFO  impl.RaftServerProxy (RaftServerProxy.java:lambda$close$4(314)) - ff5d247f-5929-4b0d-9b68-69c9a991aea9: close
2019-09-19 09:32:13,254 [main] INFO  impl.RaftServerImpl (RaftServerImpl.java:lambda$shutdown$3(245)) - 1671272a-c11f-4f03-85c2-ea0c5f99ec93: shutdown group-52D7D4275351
2019-09-19 09:32:13,254 [ForkJoinPool.commonPool-worker-1] INFO  impl.RaftServerImpl (RaftServerImpl.java:lambda$shutdown$3(245)) - ff5d247f-5929-4b0d-9b68-69c9a991aea9: shutdown group-8481A45A3601
2019-09-19 09:32:13,254 [main] INFO  util.JmxRegister (JmxRegister.java:unregister(73)) - Successfully un-registered JMX Bean with object name Ratis:service=RaftServer,group=group-52D7D4275351,id=1671272a-c11f-4f03-85c2-ea0c5f99ec93
2019-09-19 09:32:13,254 [ForkJoinPool.commonPool-worker-1] INFO  util.JmxRegister (JmxRegister.java:unregister(73)) - Successfully un-registered JMX Bean with object name Ratis:service=RaftServer,group=group-8481A45A3601,id=ff5d247f-5929-4b0d-9b68-69c9a991aea9
2019-09-19 09:32:13,255 [main] INFO  impl.RoleInfo (RoleInfo.java:shutdownLeaderState(104)) - 1671272a-c11f-4f03-85c2-ea0c5f99ec93: shutdown LeaderState
2019-09-19 09:32:13,255 [ForkJoinPool.commonPool-worker-1] INFO  impl.RoleInfo (RoleInfo.java:shutdownLeaderState(104)) - ff5d247f-5929-4b0d-9b68-69c9a991aea9: shutdown LeaderState
2019-09-19 09:32:13,256 [main] INFO  impl.PendingRequests (PendingRequests.java:sendNotLeaderResponses(202)) - 1671272a-c11f-4f03-85c2-ea0c5f99ec93-PendingRequests: sendNotLeaderResponses
2019-09-19 09:32:13,258 [Thread-296] INFO  impl.FollowerState (FollowerState.java:run(106)) - 7c3f124a-0cb2-45f0-b3a0-cd1753b18df8:group-D5E8A4883340 changes to CANDIDATE, lastRpcTime:5101, electionTimeout:5099ms
2019-09-19 09:32:13,256 [ForkJoinPool.commonPool-worker-1] INFO  impl.PendingRequests (PendingRequests.java:sendNotLeaderResponses(202)) - ff5d247f-5929-4b0d-9b68-69c9a991aea9-PendingRequests: sendNotLeaderResponses
2019-09-19 09:32:13,258 [7c3f124a-0cb2-45f0-b3a0-cd1753b18df8-SegmentedRaftLogWorker:Storage Directory /workdir/hadoop-ozone/integration-test/target/test-dir/MiniOzoneClusterImpl-c03e40f7-b090-4a92-a38a-d9f2087836a0/datanode-4/data/ratis/694a0cc3-b6aa-48b1-9edf-ca3ef0850f46] INFO  segmented.SegmentedRaftLogWorker (SegmentedRaftLogWorker.java:execute(569)) - 7c3f124a-0cb2-45f0-b3a0-cd1753b18df8-SegmentedRaftLogWorker:Storage Directory /workdir/hadoop-ozone/integration-test/target/test-dir/MiniOzoneClusterImpl-c03e40f7-b090-4a92-a38a-d9f2087836a0/datanode-4/data/ratis/694a0cc3-b6aa-48b1-9edf-ca3ef0850f46: created new log segment /workdir/hadoop-ozone/integration-test/target/test-dir/MiniOzoneClusterImpl-c03e40f7-b090-4a92-a38a-d9f2087836a0/datanode-4/data/ratis/694a0cc3-b6aa-48b1-9edf-ca3ef0850f46/current/log_inprogress_0
2019-09-19 09:32:13,258 [Thread-296] INFO  impl.RoleInfo (RoleInfo.java:shutdownFollowerState(121)) - 7c3f124a-0cb2-45f0-b3a0-cd1753b18df8: shutdown FollowerState
2019-09-19 09:32:13,259 [Thread-296] INFO  impl.RaftServerImpl (RaftServerImpl.java:setRole(171)) - 7c3f124a-0cb2-45f0-b3a0-cd1753b18df8:group-D5E8A4883340 changes role from FOLLOWER to CANDIDATE at term 0 for changeToCandidate
2019-09-19 09:32:13,259 [Thread-296] INFO  impl.RoleInfo (RoleInfo.java:updateAndGet(143)) - 7c3f124a-0cb2-45f0-b3a0-cd1753b18df8: start LeaderElection
2019-09-19 09:32:13,260 [main] INFO  impl.StateMachineUpdater (StateMachineUpdater.java:stopAndJoin(115)) - StateMachineUpdater:1671272a-c11f-4f03-85c2-ea0c5f99ec93:group-52D7D4275351: set stopIndex = 0
2019-09-19 09:32:13,260 [ForkJoinPool.commonPool-worker-1] INFO  impl.StateMachineUpdater (StateMachineUpdater.java:stopAndJoin(115)) - StateMachineUpdater:ff5d247f-5929-4b0d-9b68-69c9a991aea9:group-8481A45A3601: set stopIndex = 0
2019-09-19 09:32:13,261 [ForkJoinPool.commonPool-worker-1] INFO  impl.RaftServerImpl (ServerState.java:close(394)) - ff5d247f-5929-4b0d-9b68-69c9a991aea9:group-8481A45A3601 closes. The last applied log index is 0
2019-09-19 09:32:13,261 [main] INFO  impl.RaftServerImpl (ServerState.java:close(394)) - 1671272a-c11f-4f03-85c2-ea0c5f99ec93:group-52D7D4275351 closes. The last applied log index is 0
2019-09-19 09:32:13,263 [1671272a-c11f-4f03-85c2-ea0c5f99ec93-SegmentedRaftLogWorker:Storage Directory /workdir/hadoop-ozone/integration-test/target/test-dir/MiniOzoneClusterImpl-c03e40f7-b090-4a92-a38a-d9f2087836a0/datanode-2/data/ratis/55cbd314-22b6-4d10-a2ee-52d7d4275351] INFO  segmented.SegmentedRaftLogWorker (SegmentedRaftLogWorker.java:run(313)) - 1671272a-c11f-4f03-85c2-ea0c5f99ec93-SegmentedRaftLogWorker:Storage Directory /workdir/hadoop-ozone/integration-test/target/test-dir/MiniOzoneClusterImpl-c03e40f7-b090-4a92-a38a-d9f2087836a0/datanode-2/data/ratis/55cbd314-22b6-4d10-a2ee-52d7d4275351 was interrupted, exiting. There are 0 tasks remaining in the queue.
2019-09-19 09:32:13,264 [ff5d247f-5929-4b0d-9b68-69c9a991aea9-SegmentedRaftLogWorker:Storage Directory /workdir/hadoop-ozone/integration-test/target/test-dir/MiniOzoneClusterImpl-c03e40f7-b090-4a92-a38a-d9f2087836a0/datanode-1/data/ratis/a3e00ca5-71ac-4bf3-8744-8481a45a3601] INFO  segmented.SegmentedRaftLogWorker (SegmentedRaftLogWorker.java:run(313)) - ff5d247f-5929-4b0d-9b68-69c9a991aea9-SegmentedRaftLogWorker:Storage Directory /workdir/hadoop-ozone/integration-test/target/test-dir/MiniOzoneClusterImpl-c03e40f7-b090-4a92-a38a-d9f2087836a0/datanode-1/data/ratis/a3e00ca5-71ac-4bf3-8744-8481a45a3601 was interrupted, exiting. There are 0 tasks remaining in the queue.
2019-09-19 09:32:13,266 [main] INFO  segmented.SegmentedRaftLogWorker (SegmentedRaftLogWorker.java:close(228)) - 1671272a-c11f-4f03-85c2-ea0c5f99ec93-SegmentedRaftLogWorker:Storage Directory /workdir/hadoop-ozone/integration-test/target/test-dir/MiniOzoneClusterImpl-c03e40f7-b090-4a92-a38a-d9f2087836a0/datanode-2/data/ratis/55cbd314-22b6-4d10-a2ee-52d7d4275351 close()
2019-09-19 09:32:13,267 [ForkJoinPool.commonPool-worker-1] INFO  segmented.SegmentedRaftLogWorker (SegmentedRaftLogWorker.java:close(228)) - ff5d247f-5929-4b0d-9b68-69c9a991aea9-SegmentedRaftLogWorker:Storage Directory /workdir/hadoop-ozone/integration-test/target/test-dir/MiniOzoneClusterImpl-c03e40f7-b090-4a92-a38a-d9f2087836a0/datanode-1/data/ratis/a3e00ca5-71ac-4bf3-8744-8481a45a3601 close()
2019-09-19 09:32:13,270 [main] INFO  impl.RaftServerImpl (RaftServerImpl.java:lambda$shutdown$3(245)) - 1671272a-c11f-4f03-85c2-ea0c5f99ec93: shutdown group-2CD05A399CD8
2019-09-19 09:32:13,274 [7c3f124a-0cb2-45f0-b3a0-cd1753b18df8:group-D5E8A4883340:LeaderElection30] INFO  impl.LeaderElection (LeaderElection.java:askForVotes(181)) - 7c3f124a-0cb2-45f0-b3a0-cd1753b18df8:group-D5E8A4883340:LeaderElection30: begin an election at term 1 for -1: [7c3f124a-0cb2-45f0-b3a0-cd1753b18df8:192.168.34.5:40441], old=null
2019-09-19 09:32:13,274 [ForkJoinPool.commonPool-worker-1] INFO  impl.RaftServerImpl (RaftServerImpl.java:lambda$shutdown$3(245)) - ff5d247f-5929-4b0d-9b68-69c9a991aea9: shutdown group-8ABD7959E6E9
2019-09-19 09:32:13,275 [7c3f124a-0cb2-45f0-b3a0-cd1753b18df8:group-D5E8A4883340:LeaderElection30] INFO  impl.RoleInfo (RoleInfo.java:shutdownLeaderElection(134)) - 7c3f124a-0cb2-45f0-b3a0-cd1753b18df8: shutdown LeaderElection
2019-09-19 09:32:13,274 [main] INFO  util.JmxRegister (JmxRegister.java:unregister(73)) - Successfully un-registered JMX Bean with object name Ratis:service=RaftServer,group=group-2CD05A399CD8,id=1671272a-c11f-4f03-85c2-ea0c5f99ec93
2019-09-19 09:32:13,275 [7c3f124a-0cb2-45f0-b3a0-cd1753b18df8:group-D5E8A4883340:LeaderElection30] INFO  impl.RaftServerImpl (RaftServerImpl.java:setRole(171)) - 7c3f124a-0cb2-45f0-b3a0-cd1753b18df8:group-D5E8A4883340 changes role from CANDIDATE to LEADER at term 1 for changeToLeader
2019-09-19 09:32:13,275 [ForkJoinPool.commonPool-worker-1] INFO  util.JmxRegister (JmxRegister.java:unregister(73)) - Successfully un-registered JMX Bean with object name Ratis:service=RaftServer,group=group-8ABD7959E6E9,id=ff5d247f-5929-4b0d-9b68-69c9a991aea9
2019-09-19 09:32:13,275 [7c3f124a-0cb2-45f0-b3a0-cd1753b18df8:group-D5E8A4883340:LeaderElection30] INFO  impl.RaftServerImpl (ServerState.java:setLeader(263)) - 7c3f124a-0cb2-45f0-b3a0-cd1753b18df8:group-D5E8A4883340 change Leader from null to 7c3f124a-0cb2-45f0-b3a0-cd1753b18df8 at term 1 for becomeLeader, leader elected after 5121ms
2019-09-19 09:32:13,275 [main] INFO  impl.RoleInfo (RoleInfo.java:shutdownLeaderState(104)) - 1671272a-c11f-4f03-85c2-ea0c5f99ec93: shutdown LeaderState
2019-09-19 09:32:13,276 [7c3f124a-0cb2-45f0-b3a0-cd1753b18df8:group-D5E8A4883340:LeaderElection30] INFO  server.RaftServerConfigKeys (ConfUtils.java:logGet(43)) - raft.server.staging.catchup.gap = 1000 (default)
2019-09-19 09:32:13,276 [ForkJoinPool.commonPool-worker-1] INFO  impl.RoleInfo (RoleInfo.java:shutdownLeaderState(104)) - ff5d247f-5929-4b0d-9b68-69c9a991aea9: shutdown LeaderState
2019-09-19 09:32:13,276 [7c3f124a-0cb2-45f0-b3a0-cd1753b18df8:group-D5E8A4883340:LeaderElection30] INFO  server.RaftServerConfigKeys (ConfUtils.java:logGet(43)) - raft.server.rpc.sleep.time = 25ms (default)
2019-09-19 09:32:13,276 [main] INFO  impl.PendingRequests (PendingRequests.java:sendNotLeaderResponses(202)) - 1671272a-c11f-4f03-85c2-ea0c5f99ec93-PendingRequests: sendNotLeaderResponses
2019-09-19 09:32:13,277 [7c3f124a-0cb2-45f0-b3a0-cd1753b18df8:group-D5E8A4883340:LeaderElection30] INFO  server.RaftServerConfigKeys (ConfUtils.java:logGet(43)) - raft.server.write.element-limit = 4096 (default)
2019-09-19 09:32:13,277 [ForkJoinPool.commonPool-worker-1] INFO  impl.PendingRequests (PendingRequests.java:sendNotLeaderResponses(202)) - ff5d247f-5929-4b0d-9b68-69c9a991aea9-PendingRequests: sendNotLeaderResponses
2019-09-19 09:32:13,277 [7c3f124a-0cb2-45f0-b3a0-cd1753b18df8:group-D5E8A4883340:LeaderElection30] INFO  server.RaftServerConfigKeys (ConfUtils.java:logGet(43)) - raft.server.watch.timeout = 10s (default)
2019-09-19 09:32:13,278 [ForkJoinPool.commonPool-worker-1] INFO  impl.StateMachineUpdater (StateMachineUpdater.java:stopAndJoin(115)) - StateMachineUpdater:ff5d247f-5929-4b0d-9b68-69c9a991aea9:group-8ABD7959E6E9: set stopIndex = 0
2019-09-19 09:32:13,277 [main] INFO  impl.StateMachineUpdater (StateMachineUpdater.java:stopAndJoin(115)) - StateMachineUpdater:1671272a-c11f-4f03-85c2-ea0c5f99ec93:group-2CD05A399CD8: set stopIndex = 0
2019-09-19 09:32:13,278 [ForkJoinPool.commonPool-worker-1] INFO  impl.RaftServerImpl (ServerState.java:close(394)) - ff5d247f-5929-4b0d-9b68-69c9a991aea9:group-8ABD7959E6E9 closes. The last applied log index is 0
2019-09-19 09:32:13,278 [7c3f124a-0cb2-45f0-b3a0-cd1753b18df8:group-D5E8A4883340:LeaderElection30] INFO  server.RaftServerConfigKeys (ConfUtils.java:logGet(43)) - raft.server.watch.timeout.denomination = 1s (default)
2019-09-19 09:32:13,279 [ff5d247f-5929-4b0d-9b68-69c9a991aea9-SegmentedRaftLogWorker:Storage Directory /workdir/hadoop-ozone/integration-test/target/test-dir/MiniOzoneClusterImpl-c03e40f7-b090-4a92-a38a-d9f2087836a0/datanode-1/data/ratis/5770e979-e8bc-4d4b-a076-8abd7959e6e9] INFO  segmented.SegmentedRaftLogWorker (SegmentedRaftLogWorker.java:run(313)) - ff5d247f-5929-4b0d-9b68-69c9a991aea9-SegmentedRaftLogWorker:Storage Directory /workdir/hadoop-ozone/integration-test/target/test-dir/MiniOzoneClusterImpl-c03e40f7-b090-4a92-a38a-d9f2087836a0/datanode-1/data/ratis/5770e979-e8bc-4d4b-a076-8abd7959e6e9 was interrupted, exiting. There are 0 tasks remaining in the queue.
2019-09-19 09:32:13,279 [main] INFO  impl.RaftServerImpl (ServerState.java:close(394)) - 1671272a-c11f-4f03-85c2-ea0c5f99ec93:group-2CD05A399CD8 closes. The last applied log index is 0
2019-09-19 09:32:13,282 [ForkJoinPool.commonPool-worker-1] INFO  segmented.SegmentedRaftLogWorker (SegmentedRaftLogWorker.java:close(228)) - ff5d247f-5929-4b0d-9b68-69c9a991aea9-SegmentedRaftLogWorker:Storage Directory /workdir/hadoop-ozone/integration-test/target/test-dir/MiniOzoneClusterImpl-c03e40f7-b090-4a92-a38a-d9f2087836a0/datanode-1/data/ratis/5770e979-e8bc-4d4b-a076-8abd7959e6e9 close()
2019-09-19 09:32:13,279 [7c3f124a-0cb2-45f0-b3a0-cd1753b18df8:group-D5E8A4883340:LeaderElection30] INFO  server.RaftServerConfigKeys (ConfUtils.java:logGet(43)) - raft.server.watch.element-limit = 65536 (default)
2019-09-19 09:32:13,289 [ForkJoinPool.commonPool-worker-1] INFO  impl.RaftServerImpl (RaftServerImpl.java:lambda$shutdown$3(245)) - ff5d247f-5929-4b0d-9b68-69c9a991aea9: shutdown group-E7F97B3EF7BE
2019-09-19 09:32:13,282 [1671272a-c11f-4f03-85c2-ea0c5f99ec93-SegmentedRaftLogWorker:Storage Directory /workdir/hadoop-ozone/integration-test/target/test-dir/MiniOzoneClusterImpl-c03e40f7-b090-4a92-a38a-d9f2087836a0/datanode-2/data/ratis/b1e1a874-8dcb-47ee-b796-2cd05a399cd8] INFO  segmented.SegmentedRaftLogWorker (SegmentedRaftLogWorker.java:run(313)) - 1671272a-c11f-4f03-85c2-ea0c5f99ec93-SegmentedRaftLogWorker:Storage Directory /workdir/hadoop-ozone/integration-test/target/test-dir/MiniOzoneClusterImpl-c03e40f7-b090-4a92-a38a-d9f2087836a0/datanode-2/data/ratis/b1e1a874-8dcb-47ee-b796-2cd05a399cd8 was interrupted, exiting. There are 0 tasks remaining in the queue.
2019-09-19 09:32:13,290 [7c3f124a-0cb2-45f0-b3a0-cd1753b18df8:group-D5E8A4883340:LeaderElection30] INFO  impl.RoleInfo (RoleInfo.java:updateAndGet(143)) - 7c3f124a-0cb2-45f0-b3a0-cd1753b18df8: start LeaderState
2019-09-19 09:32:13,290 [ForkJoinPool.commonPool-worker-1] INFO  util.JmxRegister (JmxRegister.java:unregister(73)) - Successfully un-registered JMX Bean with object name Ratis:service=RaftServer,group=group-E7F97B3EF7BE,id=ff5d247f-5929-4b0d-9b68-69c9a991aea9
2019-09-19 09:32:13,293 [ForkJoinPool.commonPool-worker-1] INFO  impl.RoleInfo (RoleInfo.java:shutdownLeaderState(104)) - ff5d247f-5929-4b0d-9b68-69c9a991aea9: shutdown LeaderState
2019-09-19 09:32:13,293 [main] INFO  segmented.SegmentedRaftLogWorker (SegmentedRaftLogWorker.java:close(228)) - 1671272a-c11f-4f03-85c2-ea0c5f99ec93-SegmentedRaftLogWorker:Storage Directory /workdir/hadoop-ozone/integration-test/target/test-dir/MiniOzoneClusterImpl-c03e40f7-b090-4a92-a38a-d9f2087836a0/datanode-2/data/ratis/b1e1a874-8dcb-47ee-b796-2cd05a399cd8 close()
2019-09-19 09:32:13,293 [ForkJoinPool.commonPool-worker-1] INFO  impl.PendingRequests (PendingRequests.java:sendNotLeaderResponses(202)) - ff5d247f-5929-4b0d-9b68-69c9a991aea9-PendingRequests: sendNotLeaderResponses
2019-09-19 09:32:13,296 | INFO  | SCMAudit | user=jenkins1000 | ip=192.168.34.5 | op=SEND_HEARTBEAT {datanodeUUID=7c3f124a-0cb2-45f0-b3a0-cd1753b18df8, command=[]} | ret=SUCCESS |  
2019-09-19 09:32:13,293 [7c3f124a-0cb2-45f0-b3a0-cd1753b18df8:group-D5E8A4883340:LeaderElection30] INFO  segmented.SegmentedRaftLogWorker (SegmentedRaftLogWorker.java:startLogSegment(380)) - 7c3f124a-0cb2-45f0-b3a0-cd1753b18df8-SegmentedRaftLogWorker:Storage Directory /workdir/hadoop-ozone/integration-test/target/test-dir/MiniOzoneClusterImpl-c03e40f7-b090-4a92-a38a-d9f2087836a0/datanode-4/data/ratis/ac23669e-f27e-449c-b837-d5e8a4883340: Starting segment from index:0
2019-09-19 09:32:13,296 [ForkJoinPool.commonPool-worker-1] INFO  impl.StateMachineUpdater (StateMachineUpdater.java:stopAndJoin(115)) - StateMachineUpdater:ff5d247f-5929-4b0d-9b68-69c9a991aea9:group-E7F97B3EF7BE: set stopIndex = 0
2019-09-19 09:32:13,296 [ForkJoinPool.commonPool-worker-1] INFO  impl.RaftServerImpl (ServerState.java:close(394)) - ff5d247f-5929-4b0d-9b68-69c9a991aea9:group-E7F97B3EF7BE closes. The last applied log index is 0
2019-09-19 09:32:13,296 [main] INFO  impl.RaftServerImpl (RaftServerImpl.java:lambda$shutdown$3(245)) - 1671272a-c11f-4f03-85c2-ea0c5f99ec93: shutdown group-BD0D78585B74
2019-09-19 09:32:13,296 [ff5d247f-5929-4b0d-9b68-69c9a991aea9-SegmentedRaftLogWorker:Storage Directory /workdir/hadoop-ozone/integration-test/target/test-dir/MiniOzoneClusterImpl-c03e40f7-b090-4a92-a38a-d9f2087836a0/datanode-1/data/ratis/96da3690-8b33-4e8d-b13b-e7f97b3ef7be] INFO  segmented.SegmentedRaftLogWorker (SegmentedRaftLogWorker.java:run(313)) - ff5d247f-5929-4b0d-9b68-69c9a991aea9-SegmentedRaftLogWorker:Storage Directory /workdir/hadoop-ozone/integration-test/target/test-dir/MiniOzoneClusterImpl-c03e40f7-b090-4a92-a38a-d9f2087836a0/datanode-1/data/ratis/96da3690-8b33-4e8d-b13b-e7f97b3ef7be was interrupted, exiting. There are 0 tasks remaining in the queue.
2019-09-19 09:32:13,296 [7c3f124a-0cb2-45f0-b3a0-cd1753b18df8:group-D5E8A4883340:LeaderElection30] INFO  impl.RaftServerImpl (ServerState.java:setRaftConf(361)) - 7c3f124a-0cb2-45f0-b3a0-cd1753b18df8:group-D5E8A4883340 set configuration 0: [7c3f124a-0cb2-45f0-b3a0-cd1753b18df8:192.168.34.5:40441], old=null at 0
2019-09-19 09:32:13,325 [ForkJoinPool.commonPool-worker-1] INFO  segmented.SegmentedRaftLogWorker (SegmentedRaftLogWorker.java:close(228)) - ff5d247f-5929-4b0d-9b68-69c9a991aea9-SegmentedRaftLogWorker:Storage Directory /workdir/hadoop-ozone/integration-test/target/test-dir/MiniOzoneClusterImpl-c03e40f7-b090-4a92-a38a-d9f2087836a0/datanode-1/data/ratis/96da3690-8b33-4e8d-b13b-e7f97b3ef7be close()
2019-09-19 09:32:13,297 [main] INFO  util.JmxRegister (JmxRegister.java:unregister(73)) - Successfully un-registered JMX Bean with object name Ratis:service=RaftServer,group=group-BD0D78585B74,id=1671272a-c11f-4f03-85c2-ea0c5f99ec93
2019-09-19 09:32:13,330 [ForkJoinPool.commonPool-worker-1] INFO  impl.RaftServerImpl (RaftServerImpl.java:lambda$shutdown$3(245)) - ff5d247f-5929-4b0d-9b68-69c9a991aea9: shutdown group-C0CE9ED38DAD
2019-09-19 09:32:13,330 [main] INFO  impl.RoleInfo (RoleInfo.java:shutdownLeaderState(104)) - 1671272a-c11f-4f03-85c2-ea0c5f99ec93: shutdown LeaderState
2019-09-19 09:32:13,331 [ForkJoinPool.commonPool-worker-1] INFO  util.JmxRegister (JmxRegister.java:unregister(73)) - Successfully un-registered JMX Bean with object name Ratis:service=RaftServer,group=group-C0CE9ED38DAD,id=ff5d247f-5929-4b0d-9b68-69c9a991aea9
2019-09-19 09:32:13,331 [main] INFO  impl.PendingRequests (PendingRequests.java:sendNotLeaderResponses(202)) - 1671272a-c11f-4f03-85c2-ea0c5f99ec93-PendingRequests: sendNotLeaderResponses
2019-09-19 09:32:13,331 [ForkJoinPool.commonPool-worker-1] INFO  impl.RoleInfo (RoleInfo.java:shutdownLeaderState(104)) - ff5d247f-5929-4b0d-9b68-69c9a991aea9: shutdown LeaderState
2019-09-19 09:32:13,332 [main] INFO  impl.StateMachineUpdater (StateMachineUpdater.java:stopAndJoin(115)) - StateMachineUpdater:1671272a-c11f-4f03-85c2-ea0c5f99ec93:group-BD0D78585B74: set stopIndex = 0
2019-09-19 09:32:13,332 [ForkJoinPool.commonPool-worker-1] INFO  impl.PendingRequests (PendingRequests.java:sendNotLeaderResponses(202)) - ff5d247f-5929-4b0d-9b68-69c9a991aea9-PendingRequests: sendNotLeaderResponses
2019-09-19 09:32:13,332 [main] INFO  impl.RaftServerImpl (ServerState.java:close(394)) - 1671272a-c11f-4f03-85c2-ea0c5f99ec93:group-BD0D78585B74 closes. The last applied log index is 0
2019-09-19 09:32:13,333 [ForkJoinPool.commonPool-worker-1] INFO  impl.StateMachineUpdater (StateMachineUpdater.java:stopAndJoin(115)) - StateMachineUpdater:ff5d247f-5929-4b0d-9b68-69c9a991aea9:group-C0CE9ED38DAD: set stopIndex = 0
2019-09-19 09:32:13,333 [1671272a-c11f-4f03-85c2-ea0c5f99ec93-SegmentedRaftLogWorker:Storage Directory /workdir/hadoop-ozone/integration-test/target/test-dir/MiniOzoneClusterImpl-c03e40f7-b090-4a92-a38a-d9f2087836a0/datanode-2/data/ratis/0b99caac-88b2-4d06-9ac0-bd0d78585b74] INFO  segmented.SegmentedRaftLogWorker (SegmentedRaftLogWorker.java:run(313)) - 1671272a-c11f-4f03-85c2-ea0c5f99ec93-SegmentedRaftLogWorker:Storage Directory /workdir/hadoop-ozone/integration-test/target/test-dir/MiniOzoneClusterImpl-c03e40f7-b090-4a92-a38a-d9f2087836a0/datanode-2/data/ratis/0b99caac-88b2-4d06-9ac0-bd0d78585b74 was interrupted, exiting. There are 0 tasks remaining in the queue.
2019-09-19 09:32:13,333 [ForkJoinPool.commonPool-worker-1] INFO  impl.RaftServerImpl (ServerState.java:close(394)) - ff5d247f-5929-4b0d-9b68-69c9a991aea9:group-C0CE9ED38DAD closes. The last applied log index is 0
2019-09-19 09:32:13,335 [main] INFO  segmented.SegmentedRaftLogWorker (SegmentedRaftLogWorker.java:close(228)) - 1671272a-c11f-4f03-85c2-ea0c5f99ec93-SegmentedRaftLogWorker:Storage Directory /workdir/hadoop-ozone/integration-test/target/test-dir/MiniOzoneClusterImpl-c03e40f7-b090-4a92-a38a-d9f2087836a0/datanode-2/data/ratis/0b99caac-88b2-4d06-9ac0-bd0d78585b74 close()
2019-09-19 09:32:13,335 [ff5d247f-5929-4b0d-9b68-69c9a991aea9-SegmentedRaftLogWorker:Storage Directory /workdir/hadoop-ozone/integration-test/target/test-dir/MiniOzoneClusterImpl-c03e40f7-b090-4a92-a38a-d9f2087836a0/datanode-1/data/ratis/dd30d3b9-4a04-4794-8131-c0ce9ed38dad] INFO  segmented.SegmentedRaftLogWorker (SegmentedRaftLogWorker.java:run(313)) - ff5d247f-5929-4b0d-9b68-69c9a991aea9-SegmentedRaftLogWorker:Storage Directory /workdir/hadoop-ozone/integration-test/target/test-dir/MiniOzoneClusterImpl-c03e40f7-b090-4a92-a38a-d9f2087836a0/datanode-1/data/ratis/dd30d3b9-4a04-4794-8131-c0ce9ed38dad was interrupted, exiting. There are 0 tasks remaining in the queue.
2019-09-19 09:32:13,338 [main] INFO  impl.RaftServerImpl (RaftServerImpl.java:lambda$shutdown$3(245)) - 1671272a-c11f-4f03-85c2-ea0c5f99ec93: shutdown group-AEC68021832D
2019-09-19 09:32:13,338 [7c3f124a-0cb2-45f0-b3a0-cd1753b18df8-SegmentedRaftLogWorker:Storage Directory /workdir/hadoop-ozone/integration-test/target/test-dir/MiniOzoneClusterImpl-c03e40f7-b090-4a92-a38a-d9f2087836a0/datanode-4/data/ratis/ac23669e-f27e-449c-b837-d5e8a4883340] INFO  segmented.SegmentedRaftLogWorker (SegmentedRaftLogWorker.java:execute(569)) - 7c3f124a-0cb2-45f0-b3a0-cd1753b18df8-SegmentedRaftLogWorker:Storage Directory /workdir/hadoop-ozone/integration-test/target/test-dir/MiniOzoneClusterImpl-c03e40f7-b090-4a92-a38a-d9f2087836a0/datanode-4/data/ratis/ac23669e-f27e-449c-b837-d5e8a4883340: created new log segment /workdir/hadoop-ozone/integration-test/target/test-dir/MiniOzoneClusterImpl-c03e40f7-b090-4a92-a38a-d9f2087836a0/datanode-4/data/ratis/ac23669e-f27e-449c-b837-d5e8a4883340/current/log_inprogress_0
2019-09-19 09:32:13,340 [main] INFO  util.JmxRegister (JmxRegister.java:unregister(73)) - Successfully un-registered JMX Bean with object name Ratis:service=RaftServer,group=group-AEC68021832D,id=1671272a-c11f-4f03-85c2-ea0c5f99ec93
2019-09-19 09:32:13,340 [main] INFO  impl.RoleInfo (RoleInfo.java:shutdownLeaderState(104)) - 1671272a-c11f-4f03-85c2-ea0c5f99ec93: shutdown LeaderState
2019-09-19 09:32:13,340 [ForkJoinPool.commonPool-worker-1] INFO  segmented.SegmentedRaftLogWorker (SegmentedRaftLogWorker.java:close(228)) - ff5d247f-5929-4b0d-9b68-69c9a991aea9-SegmentedRaftLogWorker:Storage Directory /workdir/hadoop-ozone/integration-test/target/test-dir/MiniOzoneClusterImpl-c03e40f7-b090-4a92-a38a-d9f2087836a0/datanode-1/data/ratis/dd30d3b9-4a04-4794-8131-c0ce9ed38dad close()
2019-09-19 09:32:13,341 [main] INFO  impl.PendingRequests (PendingRequests.java:sendNotLeaderResponses(202)) - 1671272a-c11f-4f03-85c2-ea0c5f99ec93-PendingRequests: sendNotLeaderResponses
2019-09-19 09:32:13,344 [ForkJoinPool.commonPool-worker-1] INFO  impl.RaftServerImpl (RaftServerImpl.java:lambda$shutdown$3(245)) - ff5d247f-5929-4b0d-9b68-69c9a991aea9: shutdown group-32DE3A76ACA5
2019-09-19 09:32:13,344 [main] INFO  impl.StateMachineUpdater (StateMachineUpdater.java:stopAndJoin(115)) - StateMachineUpdater:1671272a-c11f-4f03-85c2-ea0c5f99ec93:group-AEC68021832D: set stopIndex = 0
2019-09-19 09:32:13,344 [ForkJoinPool.commonPool-worker-1] INFO  util.JmxRegister (JmxRegister.java:unregister(73)) - Successfully un-registered JMX Bean with object name Ratis:service=RaftServer,group=group-32DE3A76ACA5,id=ff5d247f-5929-4b0d-9b68-69c9a991aea9
2019-09-19 09:32:13,344 [main] INFO  impl.RaftServerImpl (ServerState.java:close(394)) - 1671272a-c11f-4f03-85c2-ea0c5f99ec93:group-AEC68021832D closes. The last applied log index is 0
2019-09-19 09:32:13,345 [ForkJoinPool.commonPool-worker-1] INFO  impl.RoleInfo (RoleInfo.java:shutdownLeaderState(104)) - ff5d247f-5929-4b0d-9b68-69c9a991aea9: shutdown LeaderState
2019-09-19 09:32:13,345 [1671272a-c11f-4f03-85c2-ea0c5f99ec93-SegmentedRaftLogWorker:Storage Directory /workdir/hadoop-ozone/integration-test/target/test-dir/MiniOzoneClusterImpl-c03e40f7-b090-4a92-a38a-d9f2087836a0/datanode-2/data/ratis/e6f12370-6b7a-43cc-89ce-aec68021832d] INFO  segmented.SegmentedRaftLogWorker (SegmentedRaftLogWorker.java:run(313)) - 1671272a-c11f-4f03-85c2-ea0c5f99ec93-SegmentedRaftLogWorker:Storage Directory /workdir/hadoop-ozone/integration-test/target/test-dir/MiniOzoneClusterImpl-c03e40f7-b090-4a92-a38a-d9f2087836a0/datanode-2/data/ratis/e6f12370-6b7a-43cc-89ce-aec68021832d was interrupted, exiting. There are 0 tasks remaining in the queue.
2019-09-19 09:32:13,345 [ForkJoinPool.commonPool-worker-1] INFO  impl.PendingRequests (PendingRequests.java:sendNotLeaderResponses(202)) - ff5d247f-5929-4b0d-9b68-69c9a991aea9-PendingRequests: sendNotLeaderResponses
2019-09-19 09:32:13,347 [main] INFO  segmented.SegmentedRaftLogWorker (SegmentedRaftLogWorker.java:close(228)) - 1671272a-c11f-4f03-85c2-ea0c5f99ec93-SegmentedRaftLogWorker:Storage Directory /workdir/hadoop-ozone/integration-test/target/test-dir/MiniOzoneClusterImpl-c03e40f7-b090-4a92-a38a-d9f2087836a0/datanode-2/data/ratis/e6f12370-6b7a-43cc-89ce-aec68021832d close()
2019-09-19 09:32:13,347 [ForkJoinPool.commonPool-worker-1] INFO  impl.StateMachineUpdater (StateMachineUpdater.java:stopAndJoin(115)) - StateMachineUpdater:ff5d247f-5929-4b0d-9b68-69c9a991aea9:group-32DE3A76ACA5: set stopIndex = 0
2019-09-19 09:32:13,350 [main] INFO  impl.RaftServerImpl (RaftServerImpl.java:lambda$shutdown$3(245)) - 1671272a-c11f-4f03-85c2-ea0c5f99ec93: shutdown group-C4F8FDD23D29
2019-09-19 09:32:13,350 [ForkJoinPool.commonPool-worker-1] INFO  impl.RaftServerImpl (ServerState.java:close(394)) - ff5d247f-5929-4b0d-9b68-69c9a991aea9:group-32DE3A76ACA5 closes. The last applied log index is 0
2019-09-19 09:32:13,350 [main] INFO  util.JmxRegister (JmxRegister.java:unregister(73)) - Successfully un-registered JMX Bean with object name Ratis:service=RaftServer,group=group-C4F8FDD23D29,id=1671272a-c11f-4f03-85c2-ea0c5f99ec93
2019-09-19 09:32:13,351 [ff5d247f-5929-4b0d-9b68-69c9a991aea9-SegmentedRaftLogWorker:Storage Directory /workdir/hadoop-ozone/integration-test/target/test-dir/MiniOzoneClusterImpl-c03e40f7-b090-4a92-a38a-d9f2087836a0/datanode-1/data/ratis/3b259e60-d596-449a-bd8d-32de3a76aca5] INFO  segmented.SegmentedRaftLogWorker (SegmentedRaftLogWorker.java:run(313)) - ff5d247f-5929-4b0d-9b68-69c9a991aea9-SegmentedRaftLogWorker:Storage Directory /workdir/hadoop-ozone/integration-test/target/test-dir/MiniOzoneClusterImpl-c03e40f7-b090-4a92-a38a-d9f2087836a0/datanode-1/data/ratis/3b259e60-d596-449a-bd8d-32de3a76aca5 was interrupted, exiting. There are 0 tasks remaining in the queue.
2019-09-19 09:32:13,351 [main] INFO  impl.RoleInfo (RoleInfo.java:shutdownLeaderState(104)) - 1671272a-c11f-4f03-85c2-ea0c5f99ec93: shutdown LeaderState
2019-09-19 09:32:13,352 [ForkJoinPool.commonPool-worker-1] INFO  segmented.SegmentedRaftLogWorker (SegmentedRaftLogWorker.java:close(228)) - ff5d247f-5929-4b0d-9b68-69c9a991aea9-SegmentedRaftLogWorker:Storage Directory /workdir/hadoop-ozone/integration-test/target/test-dir/MiniOzoneClusterImpl-c03e40f7-b090-4a92-a38a-d9f2087836a0/datanode-1/data/ratis/3b259e60-d596-449a-bd8d-32de3a76aca5 close()
2019-09-19 09:32:13,353 [main] INFO  impl.PendingRequests (PendingRequests.java:sendNotLeaderResponses(202)) - 1671272a-c11f-4f03-85c2-ea0c5f99ec93-PendingRequests: sendNotLeaderResponses
2019-09-19 09:32:13,355 [ForkJoinPool.commonPool-worker-1] INFO  impl.RaftServerImpl (RaftServerImpl.java:lambda$shutdown$3(245)) - ff5d247f-5929-4b0d-9b68-69c9a991aea9: shutdown group-4357AD60C53B
2019-09-19 09:32:13,356 [main] INFO  impl.StateMachineUpdater (StateMachineUpdater.java:stopAndJoin(115)) - StateMachineUpdater:1671272a-c11f-4f03-85c2-ea0c5f99ec93:group-C4F8FDD23D29: set stopIndex = 0
2019-09-19 09:32:13,356 [ForkJoinPool.commonPool-worker-1] INFO  util.JmxRegister (JmxRegister.java:unregister(73)) - Successfully un-registered JMX Bean with object name Ratis:service=RaftServer,group=group-4357AD60C53B,id=ff5d247f-5929-4b0d-9b68-69c9a991aea9
2019-09-19 09:32:13,356 [main] INFO  impl.RaftServerImpl (ServerState.java:close(394)) - 1671272a-c11f-4f03-85c2-ea0c5f99ec93:group-C4F8FDD23D29 closes. The last applied log index is 0
2019-09-19 09:32:13,356 [ForkJoinPool.commonPool-worker-1] INFO  impl.RoleInfo (RoleInfo.java:shutdownLeaderState(104)) - ff5d247f-5929-4b0d-9b68-69c9a991aea9: shutdown LeaderState
2019-09-19 09:32:13,357 [1671272a-c11f-4f03-85c2-ea0c5f99ec93-SegmentedRaftLogWorker:Storage Directory /workdir/hadoop-ozone/integration-test/target/test-dir/MiniOzoneClusterImpl-c03e40f7-b090-4a92-a38a-d9f2087836a0/datanode-2/data/ratis/71b221fe-4508-49e0-890c-c4f8fdd23d29] INFO  segmented.SegmentedRaftLogWorker (SegmentedRaftLogWorker.java:run(313)) - 1671272a-c11f-4f03-85c2-ea0c5f99ec93-SegmentedRaftLogWorker:Storage Directory /workdir/hadoop-ozone/integration-test/target/test-dir/MiniOzoneClusterImpl-c03e40f7-b090-4a92-a38a-d9f2087836a0/datanode-2/data/ratis/71b221fe-4508-49e0-890c-c4f8fdd23d29 was interrupted, exiting. There are 0 tasks remaining in the queue.
2019-09-19 09:32:13,357 [ForkJoinPool.commonPool-worker-1] INFO  impl.PendingRequests (PendingRequests.java:sendNotLeaderResponses(202)) - ff5d247f-5929-4b0d-9b68-69c9a991aea9-PendingRequests: sendNotLeaderResponses
2019-09-19 09:32:13,358 [main] INFO  segmented.SegmentedRaftLogWorker (SegmentedRaftLogWorker.java:close(228)) - 1671272a-c11f-4f03-85c2-ea0c5f99ec93-SegmentedRaftLogWorker:Storage Directory /workdir/hadoop-ozone/integration-test/target/test-dir/MiniOzoneClusterImpl-c03e40f7-b090-4a92-a38a-d9f2087836a0/datanode-2/data/ratis/71b221fe-4508-49e0-890c-c4f8fdd23d29 close()
2019-09-19 09:32:13,358 [ForkJoinPool.commonPool-worker-1] INFO  impl.StateMachineUpdater (StateMachineUpdater.java:stopAndJoin(115)) - StateMachineUpdater:ff5d247f-5929-4b0d-9b68-69c9a991aea9:group-4357AD60C53B: set stopIndex = 0
2019-09-19 09:32:13,365 [main] INFO  impl.RaftServerImpl (RaftServerImpl.java:lambda$shutdown$3(245)) - 1671272a-c11f-4f03-85c2-ea0c5f99ec93: shutdown group-BD81C64303F0
2019-09-19 09:32:13,365 [ForkJoinPool.commonPool-worker-1] INFO  impl.RaftServerImpl (ServerState.java:close(394)) - ff5d247f-5929-4b0d-9b68-69c9a991aea9:group-4357AD60C53B closes. The last applied log index is 0
2019-09-19 09:32:13,365 [main] INFO  util.JmxRegister (JmxRegister.java:unregister(73)) - Successfully un-registered JMX Bean with object name Ratis:service=RaftServer,group=group-BD81C64303F0,id=1671272a-c11f-4f03-85c2-ea0c5f99ec93
2019-09-19 09:32:13,366 [main] INFO  impl.RoleInfo (RoleInfo.java:shutdownLeaderState(104)) - 1671272a-c11f-4f03-85c2-ea0c5f99ec93: shutdown LeaderState
2019-09-19 09:32:13,366 [ff5d247f-5929-4b0d-9b68-69c9a991aea9-SegmentedRaftLogWorker:Storage Directory /workdir/hadoop-ozone/integration-test/target/test-dir/MiniOzoneClusterImpl-c03e40f7-b090-4a92-a38a-d9f2087836a0/datanode-1/data/ratis/fa791b06-3503-4f91-b91a-4357ad60c53b] INFO  segmented.SegmentedRaftLogWorker (SegmentedRaftLogWorker.java:run(313)) - ff5d247f-5929-4b0d-9b68-69c9a991aea9-SegmentedRaftLogWorker:Storage Directory /workdir/hadoop-ozone/integration-test/target/test-dir/MiniOzoneClusterImpl-c03e40f7-b090-4a92-a38a-d9f2087836a0/datanode-1/data/ratis/fa791b06-3503-4f91-b91a-4357ad60c53b was interrupted, exiting. There are 0 tasks remaining in the queue.
2019-09-19 09:32:13,366 [main] INFO  impl.PendingRequests (PendingRequests.java:sendNotLeaderResponses(202)) - 1671272a-c11f-4f03-85c2-ea0c5f99ec93-PendingRequests: sendNotLeaderResponses
2019-09-19 09:32:13,366 [ForkJoinPool.commonPool-worker-1] INFO  segmented.SegmentedRaftLogWorker (SegmentedRaftLogWorker.java:close(228)) - ff5d247f-5929-4b0d-9b68-69c9a991aea9-SegmentedRaftLogWorker:Storage Directory /workdir/hadoop-ozone/integration-test/target/test-dir/MiniOzoneClusterImpl-c03e40f7-b090-4a92-a38a-d9f2087836a0/datanode-1/data/ratis/fa791b06-3503-4f91-b91a-4357ad60c53b close()
2019-09-19 09:32:13,367 [main] INFO  impl.StateMachineUpdater (StateMachineUpdater.java:stopAndJoin(115)) - StateMachineUpdater:1671272a-c11f-4f03-85c2-ea0c5f99ec93:group-BD81C64303F0: set stopIndex = 0
2019-09-19 09:32:13,368 [main] INFO  impl.RaftServerImpl (ServerState.java:close(394)) - 1671272a-c11f-4f03-85c2-ea0c5f99ec93:group-BD81C64303F0 closes. The last applied log index is 0
2019-09-19 09:32:13,369 [1671272a-c11f-4f03-85c2-ea0c5f99ec93-SegmentedRaftLogWorker:Storage Directory /workdir/hadoop-ozone/integration-test/target/test-dir/MiniOzoneClusterImpl-c03e40f7-b090-4a92-a38a-d9f2087836a0/datanode-2/data/ratis/99fb837a-e46e-49fd-b8bc-bd81c64303f0] INFO  segmented.SegmentedRaftLogWorker (SegmentedRaftLogWorker.java:run(313)) - 1671272a-c11f-4f03-85c2-ea0c5f99ec93-SegmentedRaftLogWorker:Storage Directory /workdir/hadoop-ozone/integration-test/target/test-dir/MiniOzoneClusterImpl-c03e40f7-b090-4a92-a38a-d9f2087836a0/datanode-2/data/ratis/99fb837a-e46e-49fd-b8bc-bd81c64303f0 was interrupted, exiting. There are 0 tasks remaining in the queue.
2019-09-19 09:32:13,369 [ForkJoinPool.commonPool-worker-1] INFO  server.GrpcService (GrpcService.java:closeImpl(155)) - ff5d247f-5929-4b0d-9b68-69c9a991aea9: shutdown server with port 33150 now
2019-09-19 09:32:13,369 [main] INFO  segmented.SegmentedRaftLogWorker (SegmentedRaftLogWorker.java:close(228)) - 1671272a-c11f-4f03-85c2-ea0c5f99ec93-SegmentedRaftLogWorker:Storage Directory /workdir/hadoop-ozone/integration-test/target/test-dir/MiniOzoneClusterImpl-c03e40f7-b090-4a92-a38a-d9f2087836a0/datanode-2/data/ratis/99fb837a-e46e-49fd-b8bc-bd81c64303f0 close()
2019-09-19 09:32:13,371 [main] INFO  server.GrpcService (GrpcService.java:closeImpl(155)) - 1671272a-c11f-4f03-85c2-ea0c5f99ec93: shutdown server with port 44703 now
2019-09-19 09:32:13,373 [ForkJoinPool.commonPool-worker-1] INFO  server.GrpcService (GrpcService.java:closeImpl(163)) - ff5d247f-5929-4b0d-9b68-69c9a991aea9: shutdown server with port 33150 successfully
2019-09-19 09:32:13,374 [main] INFO  server.GrpcService (GrpcService.java:closeImpl(163)) - 1671272a-c11f-4f03-85c2-ea0c5f99ec93: shutdown server with port 44703 successfully
2019-09-19 09:32:13,381 [ForkJoinPool.commonPool-worker-1] INFO  utils.BackgroundService (BackgroundService.java:shutdown(148)) - Shutting down service BlockDeletingService
2019-09-19 09:32:13,382 [main] INFO  utils.BackgroundService (BackgroundService.java:shutdown(148)) - Shutting down service BlockDeletingService
2019-09-19 09:32:13,385 [refreshUsed-/workdir/hadoop-ozone/integration-test/target/test-dir/MiniOzoneClusterImpl-c03e40f7-b090-4a92-a38a-d9f2087836a0/datanode-1/data/containers] WARN  fs.CachingGetSpaceUsed (CachingGetSpaceUsed.java:run(183)) - Thread Interrupted waiting to refresh disk information: sleep interrupted
2019-09-19 09:32:13,385 [refreshUsed-/workdir/hadoop-ozone/integration-test/target/test-dir/MiniOzoneClusterImpl-c03e40f7-b090-4a92-a38a-d9f2087836a0/datanode-2/data/containers] WARN  fs.CachingGetSpaceUsed (CachingGetSpaceUsed.java:run(183)) - Thread Interrupted waiting to refresh disk information: sleep interrupted
2019-09-19 09:32:13,404 [main] INFO  statemachine.DatanodeStateMachine (DatanodeStateMachine.java:stopDaemon(395)) - Ozone container server stopped.
2019-09-19 09:32:13,408 [ForkJoinPool.commonPool-worker-1] INFO  statemachine.DatanodeStateMachine (DatanodeStateMachine.java:stopDaemon(395)) - Ozone container server stopped.
2019-09-19 09:32:13,410 [main] INFO  handler.ContextHandler (ContextHandler.java:doStop(910)) - Stopped o.e.j.w.WebAppContext@1c98b4eb{/,null,UNAVAILABLE}{/hddsDatanode}
2019-09-19 09:32:13,412 [ForkJoinPool.commonPool-worker-1] INFO  handler.ContextHandler (ContextHandler.java:doStop(910)) - Stopped o.e.j.w.WebAppContext@28393e82{/,null,UNAVAILABLE}{/hddsDatanode}
2019-09-19 09:32:13,412 [main] INFO  server.AbstractConnector (AbstractConnector.java:doStop(318)) - Stopped ServerConnector@45801322{HTTP/1.1,[http/1.1]}{0.0.0.0:0}
2019-09-19 09:32:13,412 [ForkJoinPool.commonPool-worker-1] INFO  server.AbstractConnector (AbstractConnector.java:doStop(318)) - Stopped ServerConnector@697a0948{HTTP/1.1,[http/1.1]}{0.0.0.0:0}
2019-09-19 09:32:13,412 [main] INFO  handler.ContextHandler (ContextHandler.java:doStop(910)) - Stopped o.e.j.s.ServletContextHandler@590d6c76{/static,jar:file:/home/user/.m2/repository/org/apache/hadoop/hadoop-hdds-container-service/0.5.0-SNAPSHOT/hadoop-hdds-container-service-0.5.0-SNAPSHOT.jar!/webapps/static,UNAVAILABLE}
2019-09-19 09:32:13,413 [ForkJoinPool.commonPool-worker-1] INFO  handler.ContextHandler (ContextHandler.java:doStop(910)) - Stopped o.e.j.s.ServletContextHandler@4bf03fee{/static,jar:file:/home/user/.m2/repository/org/apache/hadoop/hadoop-hdds-container-service/0.5.0-SNAPSHOT/hadoop-hdds-container-service-0.5.0-SNAPSHOT.jar!/webapps/static,UNAVAILABLE}
2019-09-19 09:32:13,414 [main] INFO  handler.ContextHandler (ContextHandler.java:doStop(910)) - Stopped o.e.j.s.ServletContextHandler@26e8ff8c{/logs,file:///workdir/hadoop-ozone/integration-test/target/log,UNAVAILABLE}
2019-09-19 09:32:13,415 [ForkJoinPool.commonPool-worker-1] INFO  handler.ContextHandler (ContextHandler.java:doStop(910)) - Stopped o.e.j.s.ServletContextHandler@256a0d95{/logs,file:///workdir/hadoop-ozone/integration-test/target/log,UNAVAILABLE}
2019-09-19 09:32:13,416 [main] INFO  datanode.ObjectStoreHandler (ObjectStoreHandler.java:close(155)) - Closing ObjectStoreHandler.
2019-09-19 09:32:13,416 [ForkJoinPool.commonPool-worker-1] INFO  datanode.ObjectStoreHandler (ObjectStoreHandler.java:close(155)) - Closing ObjectStoreHandler.
2019-09-19 09:32:13,416 [main] INFO  ozone.HddsDatanodeService (HddsDatanodeService.java:stop(451)) - Stopped plug-in org.apache.hadoop.ozone.web.OzoneHddsDatanodeService@6818fd48
2019-09-19 09:32:13,416 [ForkJoinPool.commonPool-worker-1] INFO  ozone.HddsDatanodeService (HddsDatanodeService.java:stop(451)) - Stopped plug-in org.apache.hadoop.ozone.web.OzoneHddsDatanodeService@27976390
2019-09-19 09:32:14,034 | INFO  | SCMAudit | user=jenkins1000 | ip=192.168.34.5 | op=SEND_HEARTBEAT {datanodeUUID=38cd0138-33f7-48fe-ab23-0150bb61f7f1, command=[]} | ret=SUCCESS |  
2019-09-19 09:32:14,246 [Datanode State Machine Thread - 0] INFO  statemachine.DatanodeStateMachine (DatanodeStateMachine.java:lambda$startDaemon$0(350)) - Ozone container server started.
2019-09-19 09:32:14,290 [Datanode State Machine Thread - 0] INFO  statemachine.DatanodeStateMachine (DatanodeStateMachine.java:lambda$startDaemon$0(350)) - Ozone container server started.
2019-09-19 09:32:15,035 | INFO  | SCMAudit | user=jenkins1000 | ip=192.168.34.5 | op=SEND_HEARTBEAT {datanodeUUID=38cd0138-33f7-48fe-ab23-0150bb61f7f1, command=[]} | ret=SUCCESS |  
2019-09-19 09:32:16,035 | INFO  | SCMAudit | user=jenkins1000 | ip=192.168.34.5 | op=SEND_HEARTBEAT {datanodeUUID=38cd0138-33f7-48fe-ab23-0150bb61f7f1, command=[]} | ret=SUCCESS |  
2019-09-19 09:32:17,035 | INFO  | SCMAudit | user=jenkins1000 | ip=192.168.34.5 | op=SEND_HEARTBEAT {datanodeUUID=38cd0138-33f7-48fe-ab23-0150bb61f7f1, command=[]} | ret=SUCCESS |  
2019-09-19 09:32:18,035 | INFO  | SCMAudit | user=jenkins1000 | ip=192.168.34.5 | op=SEND_HEARTBEAT {datanodeUUID=38cd0138-33f7-48fe-ab23-0150bb61f7f1, command=[]} | ret=SUCCESS |  
2019-09-19 09:32:18,417 [main] INFO  ozoneimpl.OzoneContainer (OzoneContainer.java:stop(199)) - Attempting to stop container services.
2019-09-19 09:32:18,417 [ForkJoinPool.commonPool-worker-1] INFO  ozoneimpl.OzoneContainer (OzoneContainer.java:stop(199)) - Attempting to stop container services.
2019-09-19 09:32:18,418 [main] INFO  impl.RaftServerProxy (RaftServerProxy.java:lambda$close$4(314)) - 7c3f124a-0cb2-45f0-b3a0-cd1753b18df8: close
2019-09-19 09:32:18,418 [ForkJoinPool.commonPool-worker-1] INFO  impl.RaftServerProxy (RaftServerProxy.java:lambda$close$4(314)) - bb059d21-eed2-433c-ad63-69c2d96e92b8: close
2019-09-19 09:32:18,418 [main] INFO  impl.RaftServerImpl (RaftServerImpl.java:lambda$shutdown$3(245)) - 7c3f124a-0cb2-45f0-b3a0-cd1753b18df8: shutdown group-9459ADF2FBC5
2019-09-19 09:32:18,418 [ForkJoinPool.commonPool-worker-1] INFO  impl.RaftServerImpl (RaftServerImpl.java:lambda$shutdown$3(245)) - bb059d21-eed2-433c-ad63-69c2d96e92b8: shutdown group-067D350D862D
2019-09-19 09:32:18,419 [main] INFO  util.JmxRegister (JmxRegister.java:unregister(73)) - Successfully un-registered JMX Bean with object name Ratis:service=RaftServer,group=group-9459ADF2FBC5,id=7c3f124a-0cb2-45f0-b3a0-cd1753b18df8
2019-09-19 09:32:18,419 [ForkJoinPool.commonPool-worker-1] INFO  util.JmxRegister (JmxRegister.java:unregister(73)) - Successfully un-registered JMX Bean with object name Ratis:service=RaftServer,group=group-067D350D862D,id=bb059d21-eed2-433c-ad63-69c2d96e92b8
2019-09-19 09:32:18,419 [main] INFO  impl.RoleInfo (RoleInfo.java:shutdownLeaderState(104)) - 7c3f124a-0cb2-45f0-b3a0-cd1753b18df8: shutdown LeaderState
2019-09-19 09:32:18,420 [ForkJoinPool.commonPool-worker-1] INFO  impl.RoleInfo (RoleInfo.java:shutdownLeaderState(104)) - bb059d21-eed2-433c-ad63-69c2d96e92b8: shutdown LeaderState
2019-09-19 09:32:18,420 [main] INFO  impl.PendingRequests (PendingRequests.java:sendNotLeaderResponses(202)) - 7c3f124a-0cb2-45f0-b3a0-cd1753b18df8-PendingRequests: sendNotLeaderResponses
2019-09-19 09:32:18,420 [ForkJoinPool.commonPool-worker-1] INFO  impl.PendingRequests (PendingRequests.java:sendNotLeaderResponses(202)) - bb059d21-eed2-433c-ad63-69c2d96e92b8-PendingRequests: sendNotLeaderResponses
2019-09-19 09:32:18,421 [main] INFO  impl.StateMachineUpdater (StateMachineUpdater.java:stopAndJoin(115)) - StateMachineUpdater:7c3f124a-0cb2-45f0-b3a0-cd1753b18df8:group-9459ADF2FBC5: set stopIndex = 0
2019-09-19 09:32:18,421 [ForkJoinPool.commonPool-worker-1] INFO  impl.StateMachineUpdater (StateMachineUpdater.java:stopAndJoin(115)) - StateMachineUpdater:bb059d21-eed2-433c-ad63-69c2d96e92b8:group-067D350D862D: set stopIndex = 0
2019-09-19 09:32:18,421 [main] INFO  impl.RaftServerImpl (ServerState.java:close(394)) - 7c3f124a-0cb2-45f0-b3a0-cd1753b18df8:group-9459ADF2FBC5 closes. The last applied log index is 0
2019-09-19 09:32:18,422 [ForkJoinPool.commonPool-worker-1] INFO  impl.RaftServerImpl (ServerState.java:close(394)) - bb059d21-eed2-433c-ad63-69c2d96e92b8:group-067D350D862D closes. The last applied log index is 0
2019-09-19 09:32:18,422 [7c3f124a-0cb2-45f0-b3a0-cd1753b18df8-SegmentedRaftLogWorker:Storage Directory /workdir/hadoop-ozone/integration-test/target/test-dir/MiniOzoneClusterImpl-c03e40f7-b090-4a92-a38a-d9f2087836a0/datanode-4/data/ratis/45c60ccd-3079-405a-b090-9459adf2fbc5] INFO  segmented.SegmentedRaftLogWorker (SegmentedRaftLogWorker.java:run(313)) - 7c3f124a-0cb2-45f0-b3a0-cd1753b18df8-SegmentedRaftLogWorker:Storage Directory /workdir/hadoop-ozone/integration-test/target/test-dir/MiniOzoneClusterImpl-c03e40f7-b090-4a92-a38a-d9f2087836a0/datanode-4/data/ratis/45c60ccd-3079-405a-b090-9459adf2fbc5 was interrupted, exiting. There are 0 tasks remaining in the queue.
2019-09-19 09:32:18,422 [bb059d21-eed2-433c-ad63-69c2d96e92b8-SegmentedRaftLogWorker:Storage Directory /workdir/hadoop-ozone/integration-test/target/test-dir/MiniOzoneClusterImpl-c03e40f7-b090-4a92-a38a-d9f2087836a0/datanode-0/data/ratis/29ae7042-12ab-425d-a046-067d350d862d] INFO  segmented.SegmentedRaftLogWorker (SegmentedRaftLogWorker.java:run(313)) - bb059d21-eed2-433c-ad63-69c2d96e92b8-SegmentedRaftLogWorker:Storage Directory /workdir/hadoop-ozone/integration-test/target/test-dir/MiniOzoneClusterImpl-c03e40f7-b090-4a92-a38a-d9f2087836a0/datanode-0/data/ratis/29ae7042-12ab-425d-a046-067d350d862d was interrupted, exiting. There are 0 tasks remaining in the queue.
2019-09-19 09:32:18,423 [main] INFO  segmented.SegmentedRaftLogWorker (SegmentedRaftLogWorker.java:close(228)) - 7c3f124a-0cb2-45f0-b3a0-cd1753b18df8-SegmentedRaftLogWorker:Storage Directory /workdir/hadoop-ozone/integration-test/target/test-dir/MiniOzoneClusterImpl-c03e40f7-b090-4a92-a38a-d9f2087836a0/datanode-4/data/ratis/45c60ccd-3079-405a-b090-9459adf2fbc5 close()
2019-09-19 09:32:18,423 [ForkJoinPool.commonPool-worker-1] INFO  segmented.SegmentedRaftLogWorker (SegmentedRaftLogWorker.java:close(228)) - bb059d21-eed2-433c-ad63-69c2d96e92b8-SegmentedRaftLogWorker:Storage Directory /workdir/hadoop-ozone/integration-test/target/test-dir/MiniOzoneClusterImpl-c03e40f7-b090-4a92-a38a-d9f2087836a0/datanode-0/data/ratis/29ae7042-12ab-425d-a046-067d350d862d close()
2019-09-19 09:32:18,425 [main] INFO  impl.RaftServerImpl (RaftServerImpl.java:lambda$shutdown$3(245)) - 7c3f124a-0cb2-45f0-b3a0-cd1753b18df8: shutdown group-CA3EF0850F46
2019-09-19 09:32:18,426 [ForkJoinPool.commonPool-worker-1] INFO  impl.RaftServerImpl (RaftServerImpl.java:lambda$shutdown$3(245)) - bb059d21-eed2-433c-ad63-69c2d96e92b8: shutdown group-76B8A275DD2B
2019-09-19 09:32:18,427 [main] INFO  util.JmxRegister (JmxRegister.java:unregister(73)) - Successfully un-registered JMX Bean with object name Ratis:service=RaftServer,group=group-CA3EF0850F46,id=7c3f124a-0cb2-45f0-b3a0-cd1753b18df8
2019-09-19 09:32:18,427 [ForkJoinPool.commonPool-worker-1] INFO  util.JmxRegister (JmxRegister.java:unregister(73)) - Successfully un-registered JMX Bean with object name Ratis:service=RaftServer,group=group-76B8A275DD2B,id=bb059d21-eed2-433c-ad63-69c2d96e92b8
2019-09-19 09:32:18,427 [main] INFO  impl.RoleInfo (RoleInfo.java:shutdownLeaderState(104)) - 7c3f124a-0cb2-45f0-b3a0-cd1753b18df8: shutdown LeaderState
2019-09-19 09:32:18,427 [ForkJoinPool.commonPool-worker-1] INFO  impl.RoleInfo (RoleInfo.java:shutdownLeaderState(104)) - bb059d21-eed2-433c-ad63-69c2d96e92b8: shutdown LeaderState
2019-09-19 09:32:18,428 [main] INFO  impl.PendingRequests (PendingRequests.java:sendNotLeaderResponses(202)) - 7c3f124a-0cb2-45f0-b3a0-cd1753b18df8-PendingRequests: sendNotLeaderResponses
2019-09-19 09:32:18,428 [ForkJoinPool.commonPool-worker-1] INFO  impl.PendingRequests (PendingRequests.java:sendNotLeaderResponses(202)) - bb059d21-eed2-433c-ad63-69c2d96e92b8-PendingRequests: sendNotLeaderResponses
2019-09-19 09:32:18,428 [main] INFO  impl.StateMachineUpdater (StateMachineUpdater.java:stopAndJoin(115)) - StateMachineUpdater:7c3f124a-0cb2-45f0-b3a0-cd1753b18df8:group-CA3EF0850F46: set stopIndex = 0
2019-09-19 09:32:18,429 [ForkJoinPool.commonPool-worker-1] INFO  impl.StateMachineUpdater (StateMachineUpdater.java:stopAndJoin(115)) - StateMachineUpdater:bb059d21-eed2-433c-ad63-69c2d96e92b8:group-76B8A275DD2B: set stopIndex = 0
2019-09-19 09:32:18,429 [main] INFO  impl.RaftServerImpl (ServerState.java:close(394)) - 7c3f124a-0cb2-45f0-b3a0-cd1753b18df8:group-CA3EF0850F46 closes. The last applied log index is 0
2019-09-19 09:32:18,429 [ForkJoinPool.commonPool-worker-1] INFO  impl.RaftServerImpl (ServerState.java:close(394)) - bb059d21-eed2-433c-ad63-69c2d96e92b8:group-76B8A275DD2B closes. The last applied log index is 0
2019-09-19 09:32:18,430 [7c3f124a-0cb2-45f0-b3a0-cd1753b18df8-SegmentedRaftLogWorker:Storage Directory /workdir/hadoop-ozone/integration-test/target/test-dir/MiniOzoneClusterImpl-c03e40f7-b090-4a92-a38a-d9f2087836a0/datanode-4/data/ratis/694a0cc3-b6aa-48b1-9edf-ca3ef0850f46] INFO  segmented.SegmentedRaftLogWorker (SegmentedRaftLogWorker.java:run(313)) - 7c3f124a-0cb2-45f0-b3a0-cd1753b18df8-SegmentedRaftLogWorker:Storage Directory /workdir/hadoop-ozone/integration-test/target/test-dir/MiniOzoneClusterImpl-c03e40f7-b090-4a92-a38a-d9f2087836a0/datanode-4/data/ratis/694a0cc3-b6aa-48b1-9edf-ca3ef0850f46 was interrupted, exiting. There are 0 tasks remaining in the queue.
2019-09-19 09:32:18,430 [bb059d21-eed2-433c-ad63-69c2d96e92b8-SegmentedRaftLogWorker:Storage Directory /workdir/hadoop-ozone/integration-test/target/test-dir/MiniOzoneClusterImpl-c03e40f7-b090-4a92-a38a-d9f2087836a0/datanode-0/data/ratis/831465ac-acbd-49c4-b59f-76b8a275dd2b] INFO  segmented.SegmentedRaftLogWorker (SegmentedRaftLogWorker.java:run(313)) - bb059d21-eed2-433c-ad63-69c2d96e92b8-SegmentedRaftLogWorker:Storage Directory /workdir/hadoop-ozone/integration-test/target/test-dir/MiniOzoneClusterImpl-c03e40f7-b090-4a92-a38a-d9f2087836a0/datanode-0/data/ratis/831465ac-acbd-49c4-b59f-76b8a275dd2b was interrupted, exiting. There are 0 tasks remaining in the queue.
2019-09-19 09:32:18,430 [ForkJoinPool.commonPool-worker-1] INFO  segmented.SegmentedRaftLogWorker (SegmentedRaftLogWorker.java:close(228)) - bb059d21-eed2-433c-ad63-69c2d96e92b8-SegmentedRaftLogWorker:Storage Directory /workdir/hadoop-ozone/integration-test/target/test-dir/MiniOzoneClusterImpl-c03e40f7-b090-4a92-a38a-d9f2087836a0/datanode-0/data/ratis/831465ac-acbd-49c4-b59f-76b8a275dd2b close()
2019-09-19 09:32:18,431 [ForkJoinPool.commonPool-worker-1] INFO  impl.RaftServerImpl (RaftServerImpl.java:lambda$shutdown$3(245)) - bb059d21-eed2-433c-ad63-69c2d96e92b8: shutdown group-6E619C51B90B
2019-09-19 09:32:18,432 [ForkJoinPool.commonPool-worker-1] INFO  util.JmxRegister (JmxRegister.java:unregister(73)) - Successfully un-registered JMX Bean with object name Ratis:service=RaftServer,group=group-6E619C51B90B,id=bb059d21-eed2-433c-ad63-69c2d96e92b8
2019-09-19 09:32:18,432 [ForkJoinPool.commonPool-worker-1] INFO  impl.RoleInfo (RoleInfo.java:shutdownLeaderState(104)) - bb059d21-eed2-433c-ad63-69c2d96e92b8: shutdown LeaderState
2019-09-19 09:32:18,432 [ForkJoinPool.commonPool-worker-1] INFO  impl.PendingRequests (PendingRequests.java:sendNotLeaderResponses(202)) - bb059d21-eed2-433c-ad63-69c2d96e92b8-PendingRequests: sendNotLeaderResponses
2019-09-19 09:32:18,432 [ForkJoinPool.commonPool-worker-1] INFO  impl.StateMachineUpdater (StateMachineUpdater.java:stopAndJoin(115)) - StateMachineUpdater:bb059d21-eed2-433c-ad63-69c2d96e92b8:group-6E619C51B90B: set stopIndex = 0
2019-09-19 09:32:18,433 [ForkJoinPool.commonPool-worker-1] INFO  impl.RaftServerImpl (ServerState.java:close(394)) - bb059d21-eed2-433c-ad63-69c2d96e92b8:group-6E619C51B90B closes. The last applied log index is 0
2019-09-19 09:32:18,433 [bb059d21-eed2-433c-ad63-69c2d96e92b8-SegmentedRaftLogWorker:Storage Directory /workdir/hadoop-ozone/integration-test/target/test-dir/MiniOzoneClusterImpl-c03e40f7-b090-4a92-a38a-d9f2087836a0/datanode-0/data/ratis/adbe66cd-6e05-41a9-848e-6e619c51b90b] INFO  segmented.SegmentedRaftLogWorker (SegmentedRaftLogWorker.java:run(313)) - bb059d21-eed2-433c-ad63-69c2d96e92b8-SegmentedRaftLogWorker:Storage Directory /workdir/hadoop-ozone/integration-test/target/test-dir/MiniOzoneClusterImpl-c03e40f7-b090-4a92-a38a-d9f2087836a0/datanode-0/data/ratis/adbe66cd-6e05-41a9-848e-6e619c51b90b was interrupted, exiting. There are 0 tasks remaining in the queue.
2019-09-19 09:32:18,453 [main] INFO  segmented.SegmentedRaftLogWorker (SegmentedRaftLogWorker.java:close(228)) - 7c3f124a-0cb2-45f0-b3a0-cd1753b18df8-SegmentedRaftLogWorker:Storage Directory /workdir/hadoop-ozone/integration-test/target/test-dir/MiniOzoneClusterImpl-c03e40f7-b090-4a92-a38a-d9f2087836a0/datanode-4/data/ratis/694a0cc3-b6aa-48b1-9edf-ca3ef0850f46 close()
2019-09-19 09:32:18,454 [main] INFO  impl.RaftServerImpl (RaftServerImpl.java:lambda$shutdown$3(245)) - 7c3f124a-0cb2-45f0-b3a0-cd1753b18df8: shutdown group-25FF2DFFFFD3
2019-09-19 09:32:18,455 [ForkJoinPool.commonPool-worker-1] INFO  segmented.SegmentedRaftLogWorker (SegmentedRaftLogWorker.java:close(228)) - bb059d21-eed2-433c-ad63-69c2d96e92b8-SegmentedRaftLogWorker:Storage Directory /workdir/hadoop-ozone/integration-test/target/test-dir/MiniOzoneClusterImpl-c03e40f7-b090-4a92-a38a-d9f2087836a0/datanode-0/data/ratis/adbe66cd-6e05-41a9-848e-6e619c51b90b close()
2019-09-19 09:32:18,455 [main] INFO  util.JmxRegister (JmxRegister.java:unregister(73)) - Successfully un-registered JMX Bean with object name Ratis:service=RaftServer,group=group-25FF2DFFFFD3,id=7c3f124a-0cb2-45f0-b3a0-cd1753b18df8
2019-09-19 09:32:18,456 [ForkJoinPool.commonPool-worker-1] INFO  impl.RaftServerImpl (RaftServerImpl.java:lambda$shutdown$3(245)) - bb059d21-eed2-433c-ad63-69c2d96e92b8: shutdown group-E3FB565B2B85
2019-09-19 09:32:18,456 [main] INFO  impl.RoleInfo (RoleInfo.java:shutdownLeaderState(104)) - 7c3f124a-0cb2-45f0-b3a0-cd1753b18df8: shutdown LeaderState
2019-09-19 09:32:18,457 [ForkJoinPool.commonPool-worker-1] INFO  util.JmxRegister (JmxRegister.java:unregister(73)) - Successfully un-registered JMX Bean with object name Ratis:service=RaftServer,group=group-E3FB565B2B85,id=bb059d21-eed2-433c-ad63-69c2d96e92b8
2019-09-19 09:32:18,457 [ForkJoinPool.commonPool-worker-1] INFO  impl.RoleInfo (RoleInfo.java:shutdownLeaderState(104)) - bb059d21-eed2-433c-ad63-69c2d96e92b8: shutdown LeaderState
2019-09-19 09:32:18,457 [main] INFO  impl.PendingRequests (PendingRequests.java:sendNotLeaderResponses(202)) - 7c3f124a-0cb2-45f0-b3a0-cd1753b18df8-PendingRequests: sendNotLeaderResponses
2019-09-19 09:32:18,457 [ForkJoinPool.commonPool-worker-1] INFO  impl.PendingRequests (PendingRequests.java:sendNotLeaderResponses(202)) - bb059d21-eed2-433c-ad63-69c2d96e92b8-PendingRequests: sendNotLeaderResponses
2019-09-19 09:32:18,458 [main] INFO  impl.StateMachineUpdater (StateMachineUpdater.java:stopAndJoin(115)) - StateMachineUpdater:7c3f124a-0cb2-45f0-b3a0-cd1753b18df8:group-25FF2DFFFFD3: set stopIndex = 0
2019-09-19 09:32:18,458 [ForkJoinPool.commonPool-worker-1] INFO  impl.StateMachineUpdater (StateMachineUpdater.java:stopAndJoin(115)) - StateMachineUpdater:bb059d21-eed2-433c-ad63-69c2d96e92b8:group-E3FB565B2B85: set stopIndex = 0
2019-09-19 09:32:18,458 [main] INFO  impl.RaftServerImpl (ServerState.java:close(394)) - 7c3f124a-0cb2-45f0-b3a0-cd1753b18df8:group-25FF2DFFFFD3 closes. The last applied log index is 0
2019-09-19 09:32:18,459 [ForkJoinPool.commonPool-worker-1] INFO  impl.RaftServerImpl (ServerState.java:close(394)) - bb059d21-eed2-433c-ad63-69c2d96e92b8:group-E3FB565B2B85 closes. The last applied log index is 0
2019-09-19 09:32:18,459 [7c3f124a-0cb2-45f0-b3a0-cd1753b18df8-SegmentedRaftLogWorker:Storage Directory /workdir/hadoop-ozone/integration-test/target/test-dir/MiniOzoneClusterImpl-c03e40f7-b090-4a92-a38a-d9f2087836a0/datanode-4/data/ratis/02015528-935a-413d-985f-25ff2dffffd3] INFO  segmented.SegmentedRaftLogWorker (SegmentedRaftLogWorker.java:run(313)) - 7c3f124a-0cb2-45f0-b3a0-cd1753b18df8-SegmentedRaftLogWorker:Storage Directory /workdir/hadoop-ozone/integration-test/target/test-dir/MiniOzoneClusterImpl-c03e40f7-b090-4a92-a38a-d9f2087836a0/datanode-4/data/ratis/02015528-935a-413d-985f-25ff2dffffd3 was interrupted, exiting. There are 0 tasks remaining in the queue.
2019-09-19 09:32:18,460 [bb059d21-eed2-433c-ad63-69c2d96e92b8-SegmentedRaftLogWorker:Storage Directory /workdir/hadoop-ozone/integration-test/target/test-dir/MiniOzoneClusterImpl-c03e40f7-b090-4a92-a38a-d9f2087836a0/datanode-0/data/ratis/8b576189-11aa-4e19-9af4-e3fb565b2b85] INFO  segmented.SegmentedRaftLogWorker (SegmentedRaftLogWorker.java:run(313)) - bb059d21-eed2-433c-ad63-69c2d96e92b8-SegmentedRaftLogWorker:Storage Directory /workdir/hadoop-ozone/integration-test/target/test-dir/MiniOzoneClusterImpl-c03e40f7-b090-4a92-a38a-d9f2087836a0/datanode-0/data/ratis/8b576189-11aa-4e19-9af4-e3fb565b2b85 was interrupted, exiting. There are 0 tasks remaining in the queue.
2019-09-19 09:32:18,460 [main] INFO  segmented.SegmentedRaftLogWorker (SegmentedRaftLogWorker.java:close(228)) - 7c3f124a-0cb2-45f0-b3a0-cd1753b18df8-SegmentedRaftLogWorker:Storage Directory /workdir/hadoop-ozone/integration-test/target/test-dir/MiniOzoneClusterImpl-c03e40f7-b090-4a92-a38a-d9f2087836a0/datanode-4/data/ratis/02015528-935a-413d-985f-25ff2dffffd3 close()
2019-09-19 09:32:18,460 [ForkJoinPool.commonPool-worker-1] INFO  segmented.SegmentedRaftLogWorker (SegmentedRaftLogWorker.java:close(228)) - bb059d21-eed2-433c-ad63-69c2d96e92b8-SegmentedRaftLogWorker:Storage Directory /workdir/hadoop-ozone/integration-test/target/test-dir/MiniOzoneClusterImpl-c03e40f7-b090-4a92-a38a-d9f2087836a0/datanode-0/data/ratis/8b576189-11aa-4e19-9af4-e3fb565b2b85 close()
2019-09-19 09:32:18,461 [main] INFO  impl.RaftServerImpl (RaftServerImpl.java:lambda$shutdown$3(245)) - 7c3f124a-0cb2-45f0-b3a0-cd1753b18df8: shutdown group-D5E8A4883340
2019-09-19 09:32:18,463 [ForkJoinPool.commonPool-worker-1] INFO  impl.RaftServerImpl (RaftServerImpl.java:lambda$shutdown$3(245)) - bb059d21-eed2-433c-ad63-69c2d96e92b8: shutdown group-BAD7CC73FDDD
2019-09-19 09:32:18,463 [main] INFO  util.JmxRegister (JmxRegister.java:unregister(73)) - Successfully un-registered JMX Bean with object name Ratis:service=RaftServer,group=group-D5E8A4883340,id=7c3f124a-0cb2-45f0-b3a0-cd1753b18df8
2019-09-19 09:32:18,463 [ForkJoinPool.commonPool-worker-1] INFO  util.JmxRegister (JmxRegister.java:unregister(73)) - Successfully un-registered JMX Bean with object name Ratis:service=RaftServer,group=group-BAD7CC73FDDD,id=bb059d21-eed2-433c-ad63-69c2d96e92b8
2019-09-19 09:32:18,464 [main] INFO  impl.RoleInfo (RoleInfo.java:shutdownLeaderState(104)) - 7c3f124a-0cb2-45f0-b3a0-cd1753b18df8: shutdown LeaderState
2019-09-19 09:32:18,464 [ForkJoinPool.commonPool-worker-1] INFO  impl.RoleInfo (RoleInfo.java:shutdownLeaderState(104)) - bb059d21-eed2-433c-ad63-69c2d96e92b8: shutdown LeaderState
2019-09-19 09:32:18,468 [main] INFO  impl.PendingRequests (PendingRequests.java:sendNotLeaderResponses(202)) - 7c3f124a-0cb2-45f0-b3a0-cd1753b18df8-PendingRequests: sendNotLeaderResponses
2019-09-19 09:32:18,469 [ForkJoinPool.commonPool-worker-1] INFO  impl.PendingRequests (PendingRequests.java:sendNotLeaderResponses(202)) - bb059d21-eed2-433c-ad63-69c2d96e92b8-PendingRequests: sendNotLeaderResponses
2019-09-19 09:32:18,469 [main] INFO  impl.StateMachineUpdater (StateMachineUpdater.java:stopAndJoin(115)) - StateMachineUpdater:7c3f124a-0cb2-45f0-b3a0-cd1753b18df8:group-D5E8A4883340: set stopIndex = 0
2019-09-19 09:32:18,469 [ForkJoinPool.commonPool-worker-1] INFO  impl.StateMachineUpdater (StateMachineUpdater.java:stopAndJoin(115)) - StateMachineUpdater:bb059d21-eed2-433c-ad63-69c2d96e92b8:group-BAD7CC73FDDD: set stopIndex = 0
2019-09-19 09:32:18,470 [ForkJoinPool.commonPool-worker-1] INFO  impl.RaftServerImpl (ServerState.java:close(394)) - bb059d21-eed2-433c-ad63-69c2d96e92b8:group-BAD7CC73FDDD closes. The last applied log index is 0
2019-09-19 09:32:18,474 [main] INFO  impl.RaftServerImpl (ServerState.java:close(394)) - 7c3f124a-0cb2-45f0-b3a0-cd1753b18df8:group-D5E8A4883340 closes. The last applied log index is 0
2019-09-19 09:32:18,474 [bb059d21-eed2-433c-ad63-69c2d96e92b8-SegmentedRaftLogWorker:Storage Directory /workdir/hadoop-ozone/integration-test/target/test-dir/MiniOzoneClusterImpl-c03e40f7-b090-4a92-a38a-d9f2087836a0/datanode-0/data/ratis/f7c47c98-4908-4593-8863-bad7cc73fddd] INFO  segmented.SegmentedRaftLogWorker (SegmentedRaftLogWorker.java:run(313)) - bb059d21-eed2-433c-ad63-69c2d96e92b8-SegmentedRaftLogWorker:Storage Directory /workdir/hadoop-ozone/integration-test/target/test-dir/MiniOzoneClusterImpl-c03e40f7-b090-4a92-a38a-d9f2087836a0/datanode-0/data/ratis/f7c47c98-4908-4593-8863-bad7cc73fddd was interrupted, exiting. There are 0 tasks remaining in the queue.
2019-09-19 09:32:18,474 [7c3f124a-0cb2-45f0-b3a0-cd1753b18df8-SegmentedRaftLogWorker:Storage Directory /workdir/hadoop-ozone/integration-test/target/test-dir/MiniOzoneClusterImpl-c03e40f7-b090-4a92-a38a-d9f2087836a0/datanode-4/data/ratis/ac23669e-f27e-449c-b837-d5e8a4883340] INFO  segmented.SegmentedRaftLogWorker (SegmentedRaftLogWorker.java:run(313)) - 7c3f124a-0cb2-45f0-b3a0-cd1753b18df8-SegmentedRaftLogWorker:Storage Directory /workdir/hadoop-ozone/integration-test/target/test-dir/MiniOzoneClusterImpl-c03e40f7-b090-4a92-a38a-d9f2087836a0/datanode-4/data/ratis/ac23669e-f27e-449c-b837-d5e8a4883340 was interrupted, exiting. There are 0 tasks remaining in the queue.
2019-09-19 09:32:18,474 [ForkJoinPool.commonPool-worker-1] INFO  segmented.SegmentedRaftLogWorker (SegmentedRaftLogWorker.java:close(228)) - bb059d21-eed2-433c-ad63-69c2d96e92b8-SegmentedRaftLogWorker:Storage Directory /workdir/hadoop-ozone/integration-test/target/test-dir/MiniOzoneClusterImpl-c03e40f7-b090-4a92-a38a-d9f2087836a0/datanode-0/data/ratis/f7c47c98-4908-4593-8863-bad7cc73fddd close()
2019-09-19 09:32:18,474 [main] INFO  segmented.SegmentedRaftLogWorker (SegmentedRaftLogWorker.java:close(228)) - 7c3f124a-0cb2-45f0-b3a0-cd1753b18df8-SegmentedRaftLogWorker:Storage Directory /workdir/hadoop-ozone/integration-test/target/test-dir/MiniOzoneClusterImpl-c03e40f7-b090-4a92-a38a-d9f2087836a0/datanode-4/data/ratis/ac23669e-f27e-449c-b837-d5e8a4883340 close()
2019-09-19 09:32:18,484 [ForkJoinPool.commonPool-worker-1] INFO  impl.RaftServerImpl (RaftServerImpl.java:lambda$shutdown$3(245)) - bb059d21-eed2-433c-ad63-69c2d96e92b8: shutdown group-77BCB85FB7D7
2019-09-19 09:32:18,484 [main] INFO  impl.RaftServerImpl (RaftServerImpl.java:lambda$shutdown$3(245)) - 7c3f124a-0cb2-45f0-b3a0-cd1753b18df8: shutdown group-86506D14F6A1
2019-09-19 09:32:18,484 [ForkJoinPool.commonPool-worker-1] INFO  util.JmxRegister (JmxRegister.java:unregister(73)) - Successfully un-registered JMX Bean with object name Ratis:service=RaftServer,group=group-77BCB85FB7D7,id=bb059d21-eed2-433c-ad63-69c2d96e92b8
2019-09-19 09:32:18,484 [main] INFO  util.JmxRegister (JmxRegister.java:unregister(73)) - Successfully un-registered JMX Bean with object name Ratis:service=RaftServer,group=group-86506D14F6A1,id=7c3f124a-0cb2-45f0-b3a0-cd1753b18df8
2019-09-19 09:32:18,485 [ForkJoinPool.commonPool-worker-1] INFO  impl.RoleInfo (RoleInfo.java:shutdownLeaderState(104)) - bb059d21-eed2-433c-ad63-69c2d96e92b8: shutdown LeaderState
2019-09-19 09:32:18,485 [main] INFO  impl.RoleInfo (RoleInfo.java:shutdownLeaderState(104)) - 7c3f124a-0cb2-45f0-b3a0-cd1753b18df8: shutdown LeaderState
2019-09-19 09:32:18,485 [ForkJoinPool.commonPool-worker-1] INFO  impl.PendingRequests (PendingRequests.java:sendNotLeaderResponses(202)) - bb059d21-eed2-433c-ad63-69c2d96e92b8-PendingRequests: sendNotLeaderResponses
2019-09-19 09:32:18,485 [main] INFO  impl.PendingRequests (PendingRequests.java:sendNotLeaderResponses(202)) - 7c3f124a-0cb2-45f0-b3a0-cd1753b18df8-PendingRequests: sendNotLeaderResponses
2019-09-19 09:32:18,485 [ForkJoinPool.commonPool-worker-1] INFO  impl.StateMachineUpdater (StateMachineUpdater.java:stopAndJoin(115)) - StateMachineUpdater:bb059d21-eed2-433c-ad63-69c2d96e92b8:group-77BCB85FB7D7: set stopIndex = 0
2019-09-19 09:32:18,486 [main] INFO  impl.StateMachineUpdater (StateMachineUpdater.java:stopAndJoin(115)) - StateMachineUpdater:7c3f124a-0cb2-45f0-b3a0-cd1753b18df8:group-86506D14F6A1: set stopIndex = 0
2019-09-19 09:32:18,486 [ForkJoinPool.commonPool-worker-1] INFO  impl.RaftServerImpl (ServerState.java:close(394)) - bb059d21-eed2-433c-ad63-69c2d96e92b8:group-77BCB85FB7D7 closes. The last applied log index is 0
2019-09-19 09:32:18,486 [main] INFO  impl.RaftServerImpl (ServerState.java:close(394)) - 7c3f124a-0cb2-45f0-b3a0-cd1753b18df8:group-86506D14F6A1 closes. The last applied log index is 0
2019-09-19 09:32:18,486 [bb059d21-eed2-433c-ad63-69c2d96e92b8-SegmentedRaftLogWorker:Storage Directory /workdir/hadoop-ozone/integration-test/target/test-dir/MiniOzoneClusterImpl-c03e40f7-b090-4a92-a38a-d9f2087836a0/datanode-0/data/ratis/35846804-db72-4df4-b7ec-77bcb85fb7d7] INFO  segmented.SegmentedRaftLogWorker (SegmentedRaftLogWorker.java:run(313)) - bb059d21-eed2-433c-ad63-69c2d96e92b8-SegmentedRaftLogWorker:Storage Directory /workdir/hadoop-ozone/integration-test/target/test-dir/MiniOzoneClusterImpl-c03e40f7-b090-4a92-a38a-d9f2087836a0/datanode-0/data/ratis/35846804-db72-4df4-b7ec-77bcb85fb7d7 was interrupted, exiting. There are 0 tasks remaining in the queue.
2019-09-19 09:32:18,486 [7c3f124a-0cb2-45f0-b3a0-cd1753b18df8-SegmentedRaftLogWorker:Storage Directory /workdir/hadoop-ozone/integration-test/target/test-dir/MiniOzoneClusterImpl-c03e40f7-b090-4a92-a38a-d9f2087836a0/datanode-4/data/ratis/fd050799-308d-4774-824c-86506d14f6a1] INFO  segmented.SegmentedRaftLogWorker (SegmentedRaftLogWorker.java:run(313)) - 7c3f124a-0cb2-45f0-b3a0-cd1753b18df8-SegmentedRaftLogWorker:Storage Directory /workdir/hadoop-ozone/integration-test/target/test-dir/MiniOzoneClusterImpl-c03e40f7-b090-4a92-a38a-d9f2087836a0/datanode-4/data/ratis/fd050799-308d-4774-824c-86506d14f6a1 was interrupted, exiting. There are 0 tasks remaining in the queue.
2019-09-19 09:32:18,487 [ForkJoinPool.commonPool-worker-1] INFO  segmented.SegmentedRaftLogWorker (SegmentedRaftLogWorker.java:close(228)) - bb059d21-eed2-433c-ad63-69c2d96e92b8-SegmentedRaftLogWorker:Storage Directory /workdir/hadoop-ozone/integration-test/target/test-dir/MiniOzoneClusterImpl-c03e40f7-b090-4a92-a38a-d9f2087836a0/datanode-0/data/ratis/35846804-db72-4df4-b7ec-77bcb85fb7d7 close()
2019-09-19 09:32:18,487 [main] INFO  segmented.SegmentedRaftLogWorker (SegmentedRaftLogWorker.java:close(228)) - 7c3f124a-0cb2-45f0-b3a0-cd1753b18df8-SegmentedRaftLogWorker:Storage Directory /workdir/hadoop-ozone/integration-test/target/test-dir/MiniOzoneClusterImpl-c03e40f7-b090-4a92-a38a-d9f2087836a0/datanode-4/data/ratis/fd050799-308d-4774-824c-86506d14f6a1 close()
2019-09-19 09:32:18,487 [ForkJoinPool.commonPool-worker-1] INFO  server.GrpcService (GrpcService.java:closeImpl(155)) - bb059d21-eed2-433c-ad63-69c2d96e92b8: shutdown server with port 44341 now
2019-09-19 09:32:18,487 [main] INFO  impl.RaftServerImpl (RaftServerImpl.java:lambda$shutdown$3(245)) - 7c3f124a-0cb2-45f0-b3a0-cd1753b18df8: shutdown group-9F3F0EAEE54E
2019-09-19 09:32:18,488 [main] INFO  util.JmxRegister (JmxRegister.java:unregister(73)) - Successfully un-registered JMX Bean with object name Ratis:service=RaftServer,group=group-9F3F0EAEE54E,id=7c3f124a-0cb2-45f0-b3a0-cd1753b18df8
2019-09-19 09:32:18,489 [main] INFO  impl.RoleInfo (RoleInfo.java:shutdownLeaderState(104)) - 7c3f124a-0cb2-45f0-b3a0-cd1753b18df8: shutdown LeaderState
2019-09-19 09:32:18,489 [ForkJoinPool.commonPool-worker-1] INFO  server.GrpcService (GrpcService.java:closeImpl(163)) - bb059d21-eed2-433c-ad63-69c2d96e92b8: shutdown server with port 44341 successfully
2019-09-19 09:32:18,489 [main] INFO  impl.PendingRequests (PendingRequests.java:sendNotLeaderResponses(202)) - 7c3f124a-0cb2-45f0-b3a0-cd1753b18df8-PendingRequests: sendNotLeaderResponses
2019-09-19 09:32:18,489 [main] INFO  impl.StateMachineUpdater (StateMachineUpdater.java:stopAndJoin(115)) - StateMachineUpdater:7c3f124a-0cb2-45f0-b3a0-cd1753b18df8:group-9F3F0EAEE54E: set stopIndex = 0
2019-09-19 09:32:18,490 [main] INFO  impl.RaftServerImpl (ServerState.java:close(394)) - 7c3f124a-0cb2-45f0-b3a0-cd1753b18df8:group-9F3F0EAEE54E closes. The last applied log index is 0
2019-09-19 09:32:18,490 [7c3f124a-0cb2-45f0-b3a0-cd1753b18df8-SegmentedRaftLogWorker:Storage Directory /workdir/hadoop-ozone/integration-test/target/test-dir/MiniOzoneClusterImpl-c03e40f7-b090-4a92-a38a-d9f2087836a0/datanode-4/data/ratis/81b77b50-0847-4d76-a614-9f3f0eaee54e] INFO  segmented.SegmentedRaftLogWorker (SegmentedRaftLogWorker.java:run(313)) - 7c3f124a-0cb2-45f0-b3a0-cd1753b18df8-SegmentedRaftLogWorker:Storage Directory /workdir/hadoop-ozone/integration-test/target/test-dir/MiniOzoneClusterImpl-c03e40f7-b090-4a92-a38a-d9f2087836a0/datanode-4/data/ratis/81b77b50-0847-4d76-a614-9f3f0eaee54e was interrupted, exiting. There are 0 tasks remaining in the queue.
2019-09-19 09:32:18,490 [main] INFO  segmented.SegmentedRaftLogWorker (SegmentedRaftLogWorker.java:close(228)) - 7c3f124a-0cb2-45f0-b3a0-cd1753b18df8-SegmentedRaftLogWorker:Storage Directory /workdir/hadoop-ozone/integration-test/target/test-dir/MiniOzoneClusterImpl-c03e40f7-b090-4a92-a38a-d9f2087836a0/datanode-4/data/ratis/81b77b50-0847-4d76-a614-9f3f0eaee54e close()
2019-09-19 09:32:18,491 [main] INFO  server.GrpcService (GrpcService.java:closeImpl(155)) - 7c3f124a-0cb2-45f0-b3a0-cd1753b18df8: shutdown server with port 40441 now
2019-09-19 09:32:18,492 [main] INFO  server.GrpcService (GrpcService.java:closeImpl(163)) - 7c3f124a-0cb2-45f0-b3a0-cd1753b18df8: shutdown server with port 40441 successfully
2019-09-19 09:32:18,493 [main] INFO  utils.BackgroundService (BackgroundService.java:shutdown(148)) - Shutting down service BlockDeletingService
2019-09-19 09:32:18,495 [refreshUsed-/workdir/hadoop-ozone/integration-test/target/test-dir/MiniOzoneClusterImpl-c03e40f7-b090-4a92-a38a-d9f2087836a0/datanode-4/data/containers] WARN  fs.CachingGetSpaceUsed (CachingGetSpaceUsed.java:run(183)) - Thread Interrupted waiting to refresh disk information: sleep interrupted
2019-09-19 09:32:18,495 [ForkJoinPool.commonPool-worker-1] INFO  utils.BackgroundService (BackgroundService.java:shutdown(148)) - Shutting down service BlockDeletingService
2019-09-19 09:32:18,498 [refreshUsed-/workdir/hadoop-ozone/integration-test/target/test-dir/MiniOzoneClusterImpl-c03e40f7-b090-4a92-a38a-d9f2087836a0/datanode-0/data/containers] WARN  fs.CachingGetSpaceUsed (CachingGetSpaceUsed.java:run(183)) - Thread Interrupted waiting to refresh disk information: sleep interrupted
2019-09-19 09:32:18,516 [main] INFO  statemachine.DatanodeStateMachine (DatanodeStateMachine.java:stopDaemon(395)) - Ozone container server stopped.
2019-09-19 09:32:18,518 [main] INFO  handler.ContextHandler (ContextHandler.java:doStop(910)) - Stopped o.e.j.w.WebAppContext@621f23ac{/,null,UNAVAILABLE}{/hddsDatanode}
2019-09-19 09:32:18,519 [main] INFO  server.AbstractConnector (AbstractConnector.java:doStop(318)) - Stopped ServerConnector@7761e342{HTTP/1.1,[http/1.1]}{0.0.0.0:0}
2019-09-19 09:32:18,519 [main] INFO  handler.ContextHandler (ContextHandler.java:doStop(910)) - Stopped o.e.j.s.ServletContextHandler@37ca3ca8{/static,jar:file:/home/user/.m2/repository/org/apache/hadoop/hadoop-hdds-container-service/0.5.0-SNAPSHOT/hadoop-hdds-container-service-0.5.0-SNAPSHOT.jar!/webapps/static,UNAVAILABLE}
2019-09-19 09:32:18,519 [main] INFO  handler.ContextHandler (ContextHandler.java:doStop(910)) - Stopped o.e.j.s.ServletContextHandler@7d50f2a8{/logs,file:///workdir/hadoop-ozone/integration-test/target/log,UNAVAILABLE}
2019-09-19 09:32:18,521 [main] INFO  datanode.ObjectStoreHandler (ObjectStoreHandler.java:close(155)) - Closing ObjectStoreHandler.
2019-09-19 09:32:18,521 [main] INFO  ozone.HddsDatanodeService (HddsDatanodeService.java:stop(451)) - Stopped plug-in org.apache.hadoop.ozone.web.OzoneHddsDatanodeService@3344d163
2019-09-19 09:32:18,523 [ForkJoinPool.commonPool-worker-1] INFO  statemachine.DatanodeStateMachine (DatanodeStateMachine.java:stopDaemon(395)) - Ozone container server stopped.
2019-09-19 09:32:18,526 [ForkJoinPool.commonPool-worker-1] INFO  handler.ContextHandler (ContextHandler.java:doStop(910)) - Stopped o.e.j.w.WebAppContext@38ed139b{/,null,UNAVAILABLE}{/hddsDatanode}
2019-09-19 09:32:18,526 [ForkJoinPool.commonPool-worker-1] INFO  server.AbstractConnector (AbstractConnector.java:doStop(318)) - Stopped ServerConnector@a5272be{HTTP/1.1,[http/1.1]}{0.0.0.0:0}
2019-09-19 09:32:18,527 [ForkJoinPool.commonPool-worker-1] INFO  handler.ContextHandler (ContextHandler.java:doStop(910)) - Stopped o.e.j.s.ServletContextHandler@561b7d53{/static,jar:file:/home/user/.m2/repository/org/apache/hadoop/hadoop-hdds-container-service/0.5.0-SNAPSHOT/hadoop-hdds-container-service-0.5.0-SNAPSHOT.jar!/webapps/static,UNAVAILABLE}
2019-09-19 09:32:18,528 [ForkJoinPool.commonPool-worker-1] INFO  handler.ContextHandler (ContextHandler.java:doStop(910)) - Stopped o.e.j.s.ServletContextHandler@6c0e13b7{/logs,file:///workdir/hadoop-ozone/integration-test/target/log,UNAVAILABLE}
2019-09-19 09:32:19,032 [Datanode State Machine Thread - 0] INFO  statemachine.DatanodeStateMachine (DatanodeStateMachine.java:lambda$startDaemon$0(350)) - Ozone container server started.
2019-09-19 09:32:23,524 [main] INFO  ozoneimpl.OzoneContainer (OzoneContainer.java:stop(199)) - Attempting to stop container services.
2019-09-19 09:32:23,524 [main] INFO  impl.RaftServerProxy (RaftServerProxy.java:lambda$close$4(314)) - 38cd0138-33f7-48fe-ab23-0150bb61f7f1: close
2019-09-19 09:32:23,525 [main] INFO  impl.RaftServerImpl (RaftServerImpl.java:lambda$shutdown$3(245)) - 38cd0138-33f7-48fe-ab23-0150bb61f7f1: shutdown group-AFE5E6056393
2019-09-19 09:32:23,525 [ForkJoinPool.commonPool-worker-0] INFO  impl.RaftServerImpl (RaftServerImpl.java:lambda$shutdown$3(245)) - 38cd0138-33f7-48fe-ab23-0150bb61f7f1: shutdown group-8D7EC2A4ABFB
2019-09-19 09:32:23,526 [main] INFO  util.JmxRegister (JmxRegister.java:unregister(73)) - Successfully un-registered JMX Bean with object name Ratis:service=RaftServer,group=group-AFE5E6056393,id=38cd0138-33f7-48fe-ab23-0150bb61f7f1
2019-09-19 09:32:23,526 [ForkJoinPool.commonPool-worker-0] INFO  util.JmxRegister (JmxRegister.java:unregister(73)) - Successfully un-registered JMX Bean with object name Ratis:service=RaftServer,group=group-8D7EC2A4ABFB,id=38cd0138-33f7-48fe-ab23-0150bb61f7f1
2019-09-19 09:32:23,526 [main] INFO  impl.RoleInfo (RoleInfo.java:shutdownLeaderState(104)) - 38cd0138-33f7-48fe-ab23-0150bb61f7f1: shutdown LeaderState
2019-09-19 09:32:23,526 [ForkJoinPool.commonPool-worker-0] INFO  impl.RoleInfo (RoleInfo.java:shutdownLeaderState(104)) - 38cd0138-33f7-48fe-ab23-0150bb61f7f1: shutdown LeaderState
2019-09-19 09:32:23,527 [main] INFO  impl.PendingRequests (PendingRequests.java:sendNotLeaderResponses(202)) - 38cd0138-33f7-48fe-ab23-0150bb61f7f1-PendingRequests: sendNotLeaderResponses
2019-09-19 09:32:23,527 [ForkJoinPool.commonPool-worker-0] INFO  impl.PendingRequests (PendingRequests.java:sendNotLeaderResponses(202)) - 38cd0138-33f7-48fe-ab23-0150bb61f7f1-PendingRequests: sendNotLeaderResponses
2019-09-19 09:32:23,528 [main] INFO  impl.StateMachineUpdater (StateMachineUpdater.java:stopAndJoin(115)) - StateMachineUpdater:38cd0138-33f7-48fe-ab23-0150bb61f7f1:group-AFE5E6056393: set stopIndex = 0
2019-09-19 09:32:23,528 [ForkJoinPool.commonPool-worker-0] INFO  impl.StateMachineUpdater (StateMachineUpdater.java:stopAndJoin(115)) - StateMachineUpdater:38cd0138-33f7-48fe-ab23-0150bb61f7f1:group-8D7EC2A4ABFB: set stopIndex = 0
2019-09-19 09:32:23,528 [main] INFO  impl.RaftServerImpl (ServerState.java:close(394)) - 38cd0138-33f7-48fe-ab23-0150bb61f7f1:group-AFE5E6056393 closes. The last applied log index is 0
2019-09-19 09:32:23,528 [ForkJoinPool.commonPool-worker-0] INFO  impl.RaftServerImpl (ServerState.java:close(394)) - 38cd0138-33f7-48fe-ab23-0150bb61f7f1:group-8D7EC2A4ABFB closes. The last applied log index is 0
2019-09-19 09:32:23,529 [38cd0138-33f7-48fe-ab23-0150bb61f7f1-SegmentedRaftLogWorker:Storage Directory /workdir/hadoop-ozone/integration-test/target/test-dir/MiniOzoneClusterImpl-c03e40f7-b090-4a92-a38a-d9f2087836a0/datanode-3/data/ratis/4f7afac0-c151-4d1f-b882-afe5e6056393] INFO  segmented.SegmentedRaftLogWorker (SegmentedRaftLogWorker.java:run(313)) - 38cd0138-33f7-48fe-ab23-0150bb61f7f1-SegmentedRaftLogWorker:Storage Directory /workdir/hadoop-ozone/integration-test/target/test-dir/MiniOzoneClusterImpl-c03e40f7-b090-4a92-a38a-d9f2087836a0/datanode-3/data/ratis/4f7afac0-c151-4d1f-b882-afe5e6056393 was interrupted, exiting. There are 0 tasks remaining in the queue.
2019-09-19 09:32:23,529 [38cd0138-33f7-48fe-ab23-0150bb61f7f1-SegmentedRaftLogWorker:Storage Directory /workdir/hadoop-ozone/integration-test/target/test-dir/MiniOzoneClusterImpl-c03e40f7-b090-4a92-a38a-d9f2087836a0/datanode-3/data/ratis/1d18812b-b419-4274-ae57-8d7ec2a4abfb] INFO  segmented.SegmentedRaftLogWorker (SegmentedRaftLogWorker.java:run(313)) - 38cd0138-33f7-48fe-ab23-0150bb61f7f1-SegmentedRaftLogWorker:Storage Directory /workdir/hadoop-ozone/integration-test/target/test-dir/MiniOzoneClusterImpl-c03e40f7-b090-4a92-a38a-d9f2087836a0/datanode-3/data/ratis/1d18812b-b419-4274-ae57-8d7ec2a4abfb was interrupted, exiting. There are 0 tasks remaining in the queue.
2019-09-19 09:32:23,529 [ForkJoinPool.commonPool-worker-0] INFO  segmented.SegmentedRaftLogWorker (SegmentedRaftLogWorker.java:close(228)) - 38cd0138-33f7-48fe-ab23-0150bb61f7f1-SegmentedRaftLogWorker:Storage Directory /workdir/hadoop-ozone/integration-test/target/test-dir/MiniOzoneClusterImpl-c03e40f7-b090-4a92-a38a-d9f2087836a0/datanode-3/data/ratis/1d18812b-b419-4274-ae57-8d7ec2a4abfb close()
2019-09-19 09:32:23,529 [main] INFO  segmented.SegmentedRaftLogWorker (SegmentedRaftLogWorker.java:close(228)) - 38cd0138-33f7-48fe-ab23-0150bb61f7f1-SegmentedRaftLogWorker:Storage Directory /workdir/hadoop-ozone/integration-test/target/test-dir/MiniOzoneClusterImpl-c03e40f7-b090-4a92-a38a-d9f2087836a0/datanode-3/data/ratis/4f7afac0-c151-4d1f-b882-afe5e6056393 close()
2019-09-19 09:32:23,530 [ForkJoinPool.commonPool-worker-0] INFO  impl.RaftServerImpl (RaftServerImpl.java:lambda$shutdown$3(245)) - 38cd0138-33f7-48fe-ab23-0150bb61f7f1: shutdown group-9253CF582336
2019-09-19 09:32:23,530 [main] INFO  impl.RaftServerImpl (RaftServerImpl.java:lambda$shutdown$3(245)) - 38cd0138-33f7-48fe-ab23-0150bb61f7f1: shutdown group-FADF7E8FD48D
2019-09-19 09:32:23,530 [ForkJoinPool.commonPool-worker-0] INFO  util.JmxRegister (JmxRegister.java:unregister(73)) - Successfully un-registered JMX Bean with object name Ratis:service=RaftServer,group=group-9253CF582336,id=38cd0138-33f7-48fe-ab23-0150bb61f7f1
2019-09-19 09:32:23,531 [main] INFO  util.JmxRegister (JmxRegister.java:unregister(73)) - Successfully un-registered JMX Bean with object name Ratis:service=RaftServer,group=group-FADF7E8FD48D,id=38cd0138-33f7-48fe-ab23-0150bb61f7f1
2019-09-19 09:32:23,531 [ForkJoinPool.commonPool-worker-0] INFO  impl.RoleInfo (RoleInfo.java:shutdownLeaderState(104)) - 38cd0138-33f7-48fe-ab23-0150bb61f7f1: shutdown LeaderState
2019-09-19 09:32:23,531 [main] INFO  impl.RoleInfo (RoleInfo.java:shutdownLeaderState(104)) - 38cd0138-33f7-48fe-ab23-0150bb61f7f1: shutdown LeaderState
2019-09-19 09:32:23,531 [ForkJoinPool.commonPool-worker-0] INFO  impl.PendingRequests (PendingRequests.java:sendNotLeaderResponses(202)) - 38cd0138-33f7-48fe-ab23-0150bb61f7f1-PendingRequests: sendNotLeaderResponses
2019-09-19 09:32:23,532 [main] INFO  impl.PendingRequests (PendingRequests.java:sendNotLeaderResponses(202)) - 38cd0138-33f7-48fe-ab23-0150bb61f7f1-PendingRequests: sendNotLeaderResponses
2019-09-19 09:32:23,532 [ForkJoinPool.commonPool-worker-0] INFO  impl.StateMachineUpdater (StateMachineUpdater.java:stopAndJoin(115)) - StateMachineUpdater:38cd0138-33f7-48fe-ab23-0150bb61f7f1:group-9253CF582336: set stopIndex = 0
2019-09-19 09:32:23,532 [main] INFO  impl.StateMachineUpdater (StateMachineUpdater.java:stopAndJoin(115)) - StateMachineUpdater:38cd0138-33f7-48fe-ab23-0150bb61f7f1:group-FADF7E8FD48D: set stopIndex = 0
2019-09-19 09:32:23,533 [main] INFO  impl.RaftServerImpl (ServerState.java:close(394)) - 38cd0138-33f7-48fe-ab23-0150bb61f7f1:group-FADF7E8FD48D closes. The last applied log index is 0
2019-09-19 09:32:23,532 [ForkJoinPool.commonPool-worker-0] INFO  impl.RaftServerImpl (ServerState.java:close(394)) - 38cd0138-33f7-48fe-ab23-0150bb61f7f1:group-9253CF582336 closes. The last applied log index is 0
2019-09-19 09:32:23,534 [38cd0138-33f7-48fe-ab23-0150bb61f7f1-SegmentedRaftLogWorker:Storage Directory /workdir/hadoop-ozone/integration-test/target/test-dir/MiniOzoneClusterImpl-c03e40f7-b090-4a92-a38a-d9f2087836a0/datanode-3/data/ratis/0fff563a-5af2-46a7-b361-fadf7e8fd48d] INFO  segmented.SegmentedRaftLogWorker (SegmentedRaftLogWorker.java:run(313)) - 38cd0138-33f7-48fe-ab23-0150bb61f7f1-SegmentedRaftLogWorker:Storage Directory /workdir/hadoop-ozone/integration-test/target/test-dir/MiniOzoneClusterImpl-c03e40f7-b090-4a92-a38a-d9f2087836a0/datanode-3/data/ratis/0fff563a-5af2-46a7-b361-fadf7e8fd48d was interrupted, exiting. There are 0 tasks remaining in the queue.
2019-09-19 09:32:23,534 [38cd0138-33f7-48fe-ab23-0150bb61f7f1-SegmentedRaftLogWorker:Storage Directory /workdir/hadoop-ozone/integration-test/target/test-dir/MiniOzoneClusterImpl-c03e40f7-b090-4a92-a38a-d9f2087836a0/datanode-3/data/ratis/da587ae3-853e-4fe6-bbc7-9253cf582336] INFO  segmented.SegmentedRaftLogWorker (SegmentedRaftLogWorker.java:run(313)) - 38cd0138-33f7-48fe-ab23-0150bb61f7f1-SegmentedRaftLogWorker:Storage Directory /workdir/hadoop-ozone/integration-test/target/test-dir/MiniOzoneClusterImpl-c03e40f7-b090-4a92-a38a-d9f2087836a0/datanode-3/data/ratis/da587ae3-853e-4fe6-bbc7-9253cf582336 was interrupted, exiting. There are 0 tasks remaining in the queue.
2019-09-19 09:32:23,542 [ForkJoinPool.commonPool-worker-0] INFO  segmented.SegmentedRaftLogWorker (SegmentedRaftLogWorker.java:close(228)) - 38cd0138-33f7-48fe-ab23-0150bb61f7f1-SegmentedRaftLogWorker:Storage Directory /workdir/hadoop-ozone/integration-test/target/test-dir/MiniOzoneClusterImpl-c03e40f7-b090-4a92-a38a-d9f2087836a0/datanode-3/data/ratis/da587ae3-853e-4fe6-bbc7-9253cf582336 close()
2019-09-19 09:32:23,542 [main] INFO  segmented.SegmentedRaftLogWorker (SegmentedRaftLogWorker.java:close(228)) - 38cd0138-33f7-48fe-ab23-0150bb61f7f1-SegmentedRaftLogWorker:Storage Directory /workdir/hadoop-ozone/integration-test/target/test-dir/MiniOzoneClusterImpl-c03e40f7-b090-4a92-a38a-d9f2087836a0/datanode-3/data/ratis/0fff563a-5af2-46a7-b361-fadf7e8fd48d close()
2019-09-19 09:32:23,542 [ForkJoinPool.commonPool-worker-0] INFO  impl.RaftServerImpl (RaftServerImpl.java:lambda$shutdown$3(245)) - 38cd0138-33f7-48fe-ab23-0150bb61f7f1: shutdown group-5721CDBD2B52
2019-09-19 09:32:23,542 [main] INFO  impl.RaftServerImpl (RaftServerImpl.java:lambda$shutdown$3(245)) - 38cd0138-33f7-48fe-ab23-0150bb61f7f1: shutdown group-0417E216254F
2019-09-19 09:32:23,543 [ForkJoinPool.commonPool-worker-0] INFO  util.JmxRegister (JmxRegister.java:unregister(73)) - Successfully un-registered JMX Bean with object name Ratis:service=RaftServer,group=group-5721CDBD2B52,id=38cd0138-33f7-48fe-ab23-0150bb61f7f1
2019-09-19 09:32:23,543 [main] INFO  util.JmxRegister (JmxRegister.java:unregister(73)) - Successfully un-registered JMX Bean with object name Ratis:service=RaftServer,group=group-0417E216254F,id=38cd0138-33f7-48fe-ab23-0150bb61f7f1
2019-09-19 09:32:23,543 [main] INFO  impl.RoleInfo (RoleInfo.java:shutdownLeaderState(104)) - 38cd0138-33f7-48fe-ab23-0150bb61f7f1: shutdown LeaderState
2019-09-19 09:32:23,543 [ForkJoinPool.commonPool-worker-0] INFO  impl.RoleInfo (RoleInfo.java:shutdownLeaderState(104)) - 38cd0138-33f7-48fe-ab23-0150bb61f7f1: shutdown LeaderState
2019-09-19 09:32:23,544 [main] INFO  impl.PendingRequests (PendingRequests.java:sendNotLeaderResponses(202)) - 38cd0138-33f7-48fe-ab23-0150bb61f7f1-PendingRequests: sendNotLeaderResponses
2019-09-19 09:32:23,544 [ForkJoinPool.commonPool-worker-0] INFO  impl.PendingRequests (PendingRequests.java:sendNotLeaderResponses(202)) - 38cd0138-33f7-48fe-ab23-0150bb61f7f1-PendingRequests: sendNotLeaderResponses
2019-09-19 09:32:23,544 [main] INFO  impl.StateMachineUpdater (StateMachineUpdater.java:stopAndJoin(115)) - StateMachineUpdater:38cd0138-33f7-48fe-ab23-0150bb61f7f1:group-0417E216254F: set stopIndex = 0
2019-09-19 09:32:23,544 [ForkJoinPool.commonPool-worker-0] INFO  impl.StateMachineUpdater (StateMachineUpdater.java:stopAndJoin(115)) - StateMachineUpdater:38cd0138-33f7-48fe-ab23-0150bb61f7f1:group-5721CDBD2B52: set stopIndex = 0
2019-09-19 09:32:23,545 [main] INFO  impl.RaftServerImpl (ServerState.java:close(394)) - 38cd0138-33f7-48fe-ab23-0150bb61f7f1:group-0417E216254F closes. The last applied log index is 0
2019-09-19 09:32:23,545 [ForkJoinPool.commonPool-worker-0] INFO  impl.RaftServerImpl (ServerState.java:close(394)) - 38cd0138-33f7-48fe-ab23-0150bb61f7f1:group-5721CDBD2B52 closes. The last applied log index is 0
2019-09-19 09:32:23,546 [38cd0138-33f7-48fe-ab23-0150bb61f7f1-SegmentedRaftLogWorker:Storage Directory /workdir/hadoop-ozone/integration-test/target/test-dir/MiniOzoneClusterImpl-c03e40f7-b090-4a92-a38a-d9f2087836a0/datanode-3/data/ratis/d89e226c-8ea2-4516-8cd6-0417e216254f] INFO  segmented.SegmentedRaftLogWorker (SegmentedRaftLogWorker.java:run(313)) - 38cd0138-33f7-48fe-ab23-0150bb61f7f1-SegmentedRaftLogWorker:Storage Directory /workdir/hadoop-ozone/integration-test/target/test-dir/MiniOzoneClusterImpl-c03e40f7-b090-4a92-a38a-d9f2087836a0/datanode-3/data/ratis/d89e226c-8ea2-4516-8cd6-0417e216254f was interrupted, exiting. There are 0 tasks remaining in the queue.
2019-09-19 09:32:23,546 [38cd0138-33f7-48fe-ab23-0150bb61f7f1-SegmentedRaftLogWorker:Storage Directory /workdir/hadoop-ozone/integration-test/target/test-dir/MiniOzoneClusterImpl-c03e40f7-b090-4a92-a38a-d9f2087836a0/datanode-3/data/ratis/73a1f4bb-52de-4692-9432-5721cdbd2b52] INFO  segmented.SegmentedRaftLogWorker (SegmentedRaftLogWorker.java:run(313)) - 38cd0138-33f7-48fe-ab23-0150bb61f7f1-SegmentedRaftLogWorker:Storage Directory /workdir/hadoop-ozone/integration-test/target/test-dir/MiniOzoneClusterImpl-c03e40f7-b090-4a92-a38a-d9f2087836a0/datanode-3/data/ratis/73a1f4bb-52de-4692-9432-5721cdbd2b52 was interrupted, exiting. There are 0 tasks remaining in the queue.
2019-09-19 09:32:23,546 [main] INFO  segmented.SegmentedRaftLogWorker (SegmentedRaftLogWorker.java:close(228)) - 38cd0138-33f7-48fe-ab23-0150bb61f7f1-SegmentedRaftLogWorker:Storage Directory /workdir/hadoop-ozone/integration-test/target/test-dir/MiniOzoneClusterImpl-c03e40f7-b090-4a92-a38a-d9f2087836a0/datanode-3/data/ratis/d89e226c-8ea2-4516-8cd6-0417e216254f close()
2019-09-19 09:32:23,546 [ForkJoinPool.commonPool-worker-0] INFO  segmented.SegmentedRaftLogWorker (SegmentedRaftLogWorker.java:close(228)) - 38cd0138-33f7-48fe-ab23-0150bb61f7f1-SegmentedRaftLogWorker:Storage Directory /workdir/hadoop-ozone/integration-test/target/test-dir/MiniOzoneClusterImpl-c03e40f7-b090-4a92-a38a-d9f2087836a0/datanode-3/data/ratis/73a1f4bb-52de-4692-9432-5721cdbd2b52 close()
2019-09-19 09:32:23,547 [main] INFO  server.GrpcService (GrpcService.java:closeImpl(155)) - 38cd0138-33f7-48fe-ab23-0150bb61f7f1: shutdown server with port 36410 now
2019-09-19 09:32:23,548 [main] INFO  server.GrpcService (GrpcService.java:closeImpl(163)) - 38cd0138-33f7-48fe-ab23-0150bb61f7f1: shutdown server with port 36410 successfully
2019-09-19 09:32:23,557 [main] INFO  utils.BackgroundService (BackgroundService.java:shutdown(148)) - Shutting down service BlockDeletingService
2019-09-19 09:32:23,559 [refreshUsed-/workdir/hadoop-ozone/integration-test/target/test-dir/MiniOzoneClusterImpl-c03e40f7-b090-4a92-a38a-d9f2087836a0/datanode-3/data/containers] WARN  fs.CachingGetSpaceUsed (CachingGetSpaceUsed.java:run(183)) - Thread Interrupted waiting to refresh disk information: sleep interrupted
2019-09-19 09:32:23,574 [main] INFO  statemachine.DatanodeStateMachine (DatanodeStateMachine.java:stopDaemon(395)) - Ozone container server stopped.
2019-09-19 09:32:23,575 [main] INFO  handler.ContextHandler (ContextHandler.java:doStop(910)) - Stopped o.e.j.w.WebAppContext@5fb3111a{/,null,UNAVAILABLE}{/hddsDatanode}
2019-09-19 09:32:23,576 [main] INFO  server.AbstractConnector (AbstractConnector.java:doStop(318)) - Stopped ServerConnector@4aaecabd{HTTP/1.1,[http/1.1]}{0.0.0.0:0}
2019-09-19 09:32:23,576 [main] INFO  handler.ContextHandler (ContextHandler.java:doStop(910)) - Stopped o.e.j.s.ServletContextHandler@79df80a4{/static,jar:file:/home/user/.m2/repository/org/apache/hadoop/hadoop-hdds-container-service/0.5.0-SNAPSHOT/hadoop-hdds-container-service-0.5.0-SNAPSHOT.jar!/webapps/static,UNAVAILABLE}
2019-09-19 09:32:23,577 [main] INFO  handler.ContextHandler (ContextHandler.java:doStop(910)) - Stopped o.e.j.s.ServletContextHandler@14f060b8{/logs,file:///workdir/hadoop-ozone/integration-test/target/log,UNAVAILABLE}
2019-09-19 09:32:23,577 [main] INFO  ozone.MiniOzoneClusterImpl (MiniOzoneClusterImpl.java:stop(353)) - Stopping the StorageContainerManager
2019-09-19 09:32:23,578 [main] INFO  server.StorageContainerManager (StorageContainerManager.java:stop(797)) - Stopping Replication Manager Service.
2019-09-19 09:32:23,578 [main] INFO  container.ReplicationManager (ReplicationManager.java:stop(192)) - Stopping Replication Monitor Thread.
2019-09-19 09:32:23,578 [main] INFO  server.StorageContainerManager (StorageContainerManager.java:stop(804)) - Stopping Lease Manager of the command watchers
2019-09-19 09:32:23,578 [main] INFO  server.StorageContainerManager (StorageContainerManager.java:stop(811)) - Stopping datanode service RPC server
2019-09-19 09:32:23,578 [main] INFO  server.SCMDatanodeProtocolServer (SCMDatanodeProtocolServer.java:stop(367)) - Stopping the RPC server for DataNodes
2019-09-19 09:32:23,579 [main] INFO  ipc.Server (Server.java:stop(3082)) - Stopping server on 39933
2019-09-19 09:32:23,579 [IPC Server listener on 39933] INFO  ipc.Server (Server.java:run(1185)) - Stopping IPC Server listener on 39933
2019-09-19 09:32:23,581 [IPC Server Responder] INFO  ipc.Server (Server.java:run(1319)) - Stopping IPC Server Responder
2019-09-19 09:32:23,670 [SCM Heartbeat Processing Thread - 0] WARN  node.NodeStateManager (NodeStateManager.java:scheduleNextHealthCheck(655)) - Current Thread is interrupted, shutting down HB processing thread for Node Manager.
2019-09-19 09:32:23,670 [main] INFO  server.StorageContainerManager (StorageContainerManager.java:stop(819)) - Stopping block service RPC server
2019-09-19 09:32:23,670 [main] INFO  server.SCMBlockProtocolServer (SCMBlockProtocolServer.java:stop(148)) - Stopping the RPC server for Block Protocol
2019-09-19 09:32:23,670 [main] INFO  ipc.Server (Server.java:stop(3082)) - Stopping server on 39843
2019-09-19 09:32:23,671 [IPC Server listener on 39843] INFO  ipc.Server (Server.java:run(1185)) - Stopping IPC Server listener on 39843
2019-09-19 09:32:23,672 [main] INFO  server.StorageContainerManager (StorageContainerManager.java:stop(826)) - Stopping the StorageContainerLocationProtocol RPC server
2019-09-19 09:32:23,673 [main] INFO  server.SCMClientProtocolServer (SCMClientProtocolServer.java:stop(159)) - Stopping the RPC server for Client Protocol
2019-09-19 09:32:23,673 [main] INFO  ipc.Server (Server.java:stop(3082)) - Stopping server on 41822
2019-09-19 09:32:23,673 [IPC Server Responder] INFO  ipc.Server (Server.java:run(1319)) - Stopping IPC Server Responder
2019-09-19 09:32:23,676 [IPC Server listener on 41822] INFO  ipc.Server (Server.java:run(1185)) - Stopping IPC Server listener on 41822
2019-09-19 09:32:23,676 [main] INFO  server.StorageContainerManager (StorageContainerManager.java:stop(833)) - Stopping Storage Container Manager HTTP server.
2019-09-19 09:32:23,676 [IPC Server Responder] INFO  ipc.Server (Server.java:run(1319)) - Stopping IPC Server Responder
2019-09-19 09:32:23,677 [main] INFO  handler.ContextHandler (ContextHandler.java:doStop(910)) - Stopped o.e.j.w.WebAppContext@21a5fd96{/,null,UNAVAILABLE}{/scm}
2019-09-19 09:32:23,678 [main] INFO  server.AbstractConnector (AbstractConnector.java:doStop(318)) - Stopped ServerConnector@327120c8{HTTP/1.1,[http/1.1]}{0.0.0.0:0}
2019-09-19 09:32:23,679 [main] INFO  handler.ContextHandler (ContextHandler.java:doStop(910)) - Stopped o.e.j.s.ServletContextHandler@2374d36a{/static,file:///workdir/hadoop-ozone/integration-test/target/test-classes/webapps/static,UNAVAILABLE}
2019-09-19 09:32:23,679 [main] INFO  handler.ContextHandler (ContextHandler.java:doStop(910)) - Stopped o.e.j.s.ServletContextHandler@74a6a609{/logs,file:///workdir/hadoop-ozone/integration-test/target/log,UNAVAILABLE}
2019-09-19 09:32:23,680 [main] INFO  server.StorageContainerManager (StorageContainerManager.java:stop(844)) - Stopping Block Manager Service.
2019-09-19 09:32:23,681 [main] INFO  utils.BackgroundService (BackgroundService.java:shutdown(148)) - Shutting down service SCMBlockDeletingService
2019-09-19 09:32:23,682 [main] INFO  utils.BackgroundService (BackgroundService.java:shutdown(148)) - Shutting down service SCMBlockDeletingService
2019-09-19 09:32:23,682 [main] INFO  server.StorageContainerManager (StorageContainerManager.java:stop(866)) - Stopping SCM Event Queue.
2019-09-19 09:32:23,689 [main] INFO  impl.MetricsSystemImpl (MetricsSystemImpl.java:stop(210)) - Stopping HddsDatanode metrics system...
2019-09-19 09:32:23,698 [main] INFO  impl.MetricsSystemImpl (MetricsSystemImpl.java:stop(216)) - HddsDatanode metrics system stopped.
]]></system-out>
    <system-err><![CDATA[Sep 19, 2019 9:32:00 AM com.sun.jersey.server.impl.application.WebApplicationImpl _initiate
INFO: Initiating Jersey application, version 'Jersey: 1.19 02/11/2015 03:25 AM'
Sep 19, 2019 9:32:01 AM com.sun.jersey.server.impl.application.WebApplicationImpl _initiate
INFO: Initiating Jersey application, version 'Jersey: 1.19 02/11/2015 03:25 AM'
Sep 19, 2019 9:32:01 AM com.sun.jersey.server.impl.application.WebApplicationImpl _initiate
INFO: Initiating Jersey application, version 'Jersey: 1.19 02/11/2015 03:25 AM'
Sep 19, 2019 9:32:01 AM com.sun.jersey.server.impl.application.WebApplicationImpl _initiate
INFO: Initiating Jersey application, version 'Jersey: 1.19 02/11/2015 03:25 AM'
Sep 19, 2019 9:32:02 AM com.sun.jersey.server.impl.application.WebApplicationImpl _initiate
INFO: Initiating Jersey application, version 'Jersey: 1.19 02/11/2015 03:25 AM'
]]></system-err>
  </testcase>
</testsuite>