<?xml version="1.0" encoding="UTF-8"?>
<testsuite xmlns:xsi="http://www.w3.org/2001/XMLSchema-instance" xsi:noNamespaceSchemaLocation="https://maven.apache.org/surefire/maven-surefire-plugin/xsd/surefire-test-report.xsd" name="org.apache.hadoop.ozone.client.rpc.TestBlockOutputStream" time="418.954" tests="6" errors="0" skipped="0" failures="2">
  <properties>
    <property name="awt.toolkit" value="sun.awt.X11.XToolkit"/>
    <property name="file.encoding.pkg" value="sun.io"/>
    <property name="java.specification.version" value="1.8"/>
    <property name="sun.cpu.isalist" value=""/>
    <property name="sun.jnu.encoding" value="UTF-8"/>
    <property name="java.class.path" value="/workdir/hadoop-ozone/integration-test/target/test-classes:/workdir/hadoop-ozone/integration-test/target/classes:/home/user/.m2/repository/org/apache/hadoop/hadoop-ozone-common/0.5.0-SNAPSHOT/hadoop-ozone-common-0.5.0-SNAPSHOT.jar:/home/user/.m2/repository/org/apache/commons/commons-compress/1.4.1/commons-compress-1.4.1.jar:/home/user/.m2/repository/org/tukaani/xz/1.0/xz-1.0.jar:/home/user/.m2/repository/org/apache/hadoop/hadoop-common/3.2.0/hadoop-common-3.2.0.jar:/home/user/.m2/repository/org/apache/hadoop/hadoop-hdfs/3.2.0/hadoop-hdfs-3.2.0.jar:/home/user/.m2/repository/org/apache/hadoop/hadoop-hdfs-client/3.2.0/hadoop-hdfs-client-3.2.0.jar:/home/user/.m2/repository/com/fasterxml/jackson/core/jackson-annotations/2.9.5/jackson-annotations-2.9.5.jar:/home/user/.m2/repository/org/apache/hadoop/hadoop-hdds-common/0.5.0-SNAPSHOT/hadoop-hdds-common-0.5.0-SNAPSHOT.jar:/home/user/.m2/repository/javax/annotation/javax.annotation-api/1.2/javax.annotation-api-1.2.jar:/home/user/.m2/repository/org/apache/ratis/ratis-server/0.4.0-78e95b9-SNAPSHOT/ratis-server-0.4.0-78e95b9-SNAPSHOT.jar:/home/user/.m2/repository/org/apache/ratis/ratis-thirdparty-misc/0.2.0/ratis-thirdparty-misc-0.2.0.jar:/home/user/.m2/repository/org/apache/ratis/ratis-proto/0.4.0-78e95b9-SNAPSHOT/ratis-proto-0.4.0-78e95b9-SNAPSHOT.jar:/home/user/.m2/repository/org/apache/ratis/ratis-common/0.4.0-78e95b9-SNAPSHOT/ratis-common-0.4.0-78e95b9-SNAPSHOT.jar:/home/user/.m2/repository/org/apache/ratis/ratis-client/0.4.0-78e95b9-SNAPSHOT/ratis-client-0.4.0-78e95b9-SNAPSHOT.jar:/home/user/.m2/repository/org/apache/ratis/ratis-metrics/0.4.0-78e95b9-SNAPSHOT/ratis-metrics-0.4.0-78e95b9-SNAPSHOT.jar:/home/user/.m2/repository/com/github/joshelser/dropwizard-metrics-hadoop-metrics2-reporter/0.1.2/dropwizard-metrics-hadoop-metrics2-reporter-0.1.2.jar:/home/user/.m2/repository/io/dropwizard/metrics/metrics-jvm/3.2.5/metrics-jvm-3.2.5.jar:/home/user/.m2/repository/io/dropwizard/metrics/metrics-ganglia/3.2.5/metrics-ganglia-3.2.5.jar:/home/user/.m2/repository/info/ganglia/gmetric4j/gmetric4j/1.0.7/gmetric4j-1.0.7.jar:/home/user/.m2/repository/org/apache/ratis/ratis-netty/0.4.0-78e95b9-SNAPSHOT/ratis-netty-0.4.0-78e95b9-SNAPSHOT.jar:/home/user/.m2/repository/org/apache/ratis/ratis-grpc/0.4.0-78e95b9-SNAPSHOT/ratis-grpc-0.4.0-78e95b9-SNAPSHOT.jar:/home/user/.m2/repository/org/rocksdb/rocksdbjni/6.0.1/rocksdbjni-6.0.1.jar:/home/user/.m2/repository/org/apache/logging/log4j/log4j-api/2.11.0/log4j-api-2.11.0.jar:/home/user/.m2/repository/org/apache/logging/log4j/log4j-core/2.11.0/log4j-core-2.11.0.jar:/home/user/.m2/repository/com/lmax/disruptor/3.4.2/disruptor-3.4.2.jar:/home/user/.m2/repository/org/apache/commons/commons-pool2/2.6.0/commons-pool2-2.6.0.jar:/home/user/.m2/repository/org/bouncycastle/bcpkix-jdk15on/1.60/bcpkix-jdk15on-1.60.jar:/home/user/.m2/repository/commons-validator/commons-validator/1.6/commons-validator-1.6.jar:/home/user/.m2/repository/commons-digester/commons-digester/1.8.1/commons-digester-1.8.1.jar:/home/user/.m2/repository/io/jaegertracing/jaeger-client/0.33.1/jaeger-client-0.33.1.jar:/home/user/.m2/repository/io/jaegertracing/jaeger-thrift/0.33.1/jaeger-thrift-0.33.1.jar:/home/user/.m2/repository/org/apache/thrift/libthrift/0.11.0/libthrift-0.11.0.jar:/home/user/.m2/repository/com/squareup/okhttp3/okhttp/3.9.0/okhttp-3.9.0.jar:/home/user/.m2/repository/com/squareup/okio/okio/1.13.0/okio-1.13.0.jar:/home/user/.m2/repository/io/jaegertracing/jaeger-core/0.33.1/jaeger-core-0.33.1.jar:/home/user/.m2/repository/io/jaegertracing/jaeger-tracerresolver/0.33.1/jaeger-tracerresolver-0.33.1.jar:/home/user/.m2/repository/io/opentracing/contrib/opentracing-tracerresolver/0.1.5/opentracing-tracerresolver-0.1.5.jar:/home/user/.m2/repository/io/opentracing/opentracing-util/0.31.0/opentracing-util-0.31.0.jar:/home/user/.m2/repository/io/opentracing/opentracing-api/0.31.0/opentracing-api-0.31.0.jar:/home/user/.m2/repository/io/opentracing/opentracing-noop/0.31.0/opentracing-noop-0.31.0.jar:/home/user/.m2/repository/org/apache/hadoop/hadoop-hdds-server-framework/0.5.0-SNAPSHOT/hadoop-hdds-server-framework-0.5.0-SNAPSHOT.jar:/home/user/.m2/repository/org/apache/hadoop/hadoop-hdds-container-service/0.5.0-SNAPSHOT/hadoop-hdds-container-service-0.5.0-SNAPSHOT.jar:/home/user/.m2/repository/org/apache/hadoop/hadoop-hdds-client/0.5.0-SNAPSHOT/hadoop-hdds-client-0.5.0-SNAPSHOT.jar:/home/user/.m2/repository/org/apache/hadoop/hadoop-hdds-tools/0.5.0-SNAPSHOT/hadoop-hdds-tools-0.5.0-SNAPSHOT.jar:/home/user/.m2/repository/org/apache/hadoop/hadoop-hdds-server-scm/0.5.0-SNAPSHOT/hadoop-hdds-server-scm-0.5.0-SNAPSHOT.jar:/home/user/.m2/repository/org/apache/hadoop/hadoop-hdds-docs/0.5.0-SNAPSHOT/hadoop-hdds-docs-0.5.0-SNAPSHOT.jar:/home/user/.m2/repository/io/dropwizard/metrics/metrics-core/3.2.4/metrics-core-3.2.4.jar:/home/user/.m2/repository/org/hamcrest/hamcrest-all/1.3/hamcrest-all-1.3.jar:/home/user/.m2/repository/org/bouncycastle/bcprov-jdk15on/1.60/bcprov-jdk15on-1.60.jar:/home/user/.m2/repository/info/picocli/picocli/3.9.6/picocli-3.9.6.jar:/home/user/.m2/repository/com/google/protobuf/protobuf-java/2.5.0/protobuf-java-2.5.0.jar:/home/user/.m2/repository/com/google/guava/guava/11.0.2/guava-11.0.2.jar:/home/user/.m2/repository/org/apache/hadoop/hadoop-ozone-ozone-manager/0.5.0-SNAPSHOT/hadoop-ozone-ozone-manager-0.5.0-SNAPSHOT.jar:/home/user/.m2/repository/org/apache/hadoop/hadoop-minikdc/3.2.0/hadoop-minikdc-3.2.0.jar:/home/user/.m2/repository/commons-io/commons-io/2.5/commons-io-2.5.jar:/home/user/.m2/repository/org/apache/kerby/kerb-simplekdc/1.0.1/kerb-simplekdc-1.0.1.jar:/home/user/.m2/repository/org/apache/kerby/kerb-client/1.0.1/kerb-client-1.0.1.jar:/home/user/.m2/repository/org/apache/kerby/kerby-config/1.0.1/kerby-config-1.0.1.jar:/home/user/.m2/repository/org/apache/kerby/kerb-core/1.0.1/kerb-core-1.0.1.jar:/home/user/.m2/repository/org/apache/kerby/kerby-pkix/1.0.1/kerby-pkix-1.0.1.jar:/home/user/.m2/repository/org/apache/kerby/kerby-asn1/1.0.1/kerby-asn1-1.0.1.jar:/home/user/.m2/repository/org/apache/kerby/kerby-util/1.0.1/kerby-util-1.0.1.jar:/home/user/.m2/repository/org/apache/kerby/kerb-common/1.0.1/kerb-common-1.0.1.jar:/home/user/.m2/repository/org/apache/kerby/kerb-crypto/1.0.1/kerb-crypto-1.0.1.jar:/home/user/.m2/repository/org/apache/kerby/kerb-util/1.0.1/kerb-util-1.0.1.jar:/home/user/.m2/repository/org/apache/kerby/token-provider/1.0.1/token-provider-1.0.1.jar:/home/user/.m2/repository/org/apache/kerby/kerb-admin/1.0.1/kerb-admin-1.0.1.jar:/home/user/.m2/repository/org/apache/kerby/kerb-server/1.0.1/kerb-server-1.0.1.jar:/home/user/.m2/repository/org/apache/kerby/kerb-identity/1.0.1/kerb-identity-1.0.1.jar:/home/user/.m2/repository/org/apache/kerby/kerby-xdr/1.0.1/kerby-xdr-1.0.1.jar:/home/user/.m2/repository/org/slf4j/slf4j-log4j12/1.7.25/slf4j-log4j12-1.7.25.jar:/home/user/.m2/repository/org/apache/hadoop/hadoop-ozone-s3gateway/0.5.0-SNAPSHOT/hadoop-ozone-s3gateway-0.5.0-SNAPSHOT.jar:/home/user/.m2/repository/org/jboss/weld/servlet/weld-servlet/2.4.7.Final/weld-servlet-2.4.7.Final.jar:/home/user/.m2/repository/org/glassfish/jersey/containers/jersey-container-servlet-core/2.27/jersey-container-servlet-core-2.27.jar:/home/user/.m2/repository/org/glassfish/hk2/external/javax.inject/2.5.0-b42/javax.inject-2.5.0-b42.jar:/home/user/.m2/repository/org/glassfish/jersey/core/jersey-common/2.27/jersey-common-2.27.jar:/home/user/.m2/repository/org/glassfish/hk2/osgi-resource-locator/1.0.1/osgi-resource-locator-1.0.1.jar:/home/user/.m2/repository/javax/ws/rs/javax.ws.rs-api/2.1/javax.ws.rs-api-2.1.jar:/home/user/.m2/repository/org/glassfish/jersey/ext/cdi/jersey-cdi1x/2.27/jersey-cdi1x-2.27.jar:/home/user/.m2/repository/org/glassfish/jersey/inject/jersey-hk2/2.27/jersey-hk2-2.27.jar:/home/user/.m2/repository/org/glassfish/hk2/hk2-locator/2.5.0-b42/hk2-locator-2.5.0-b42.jar:/home/user/.m2/repository/org/javassist/javassist/3.22.0-CR2/javassist-3.22.0-CR2.jar:/home/user/.m2/repository/org/glassfish/hk2/hk2-api/2.5.0/hk2-api-2.5.0.jar:/home/user/.m2/repository/org/glassfish/hk2/external/jakarta.inject/2.5.0/jakarta.inject-2.5.0.jar:/home/user/.m2/repository/org/glassfish/hk2/hk2-utils/2.5.0/hk2-utils-2.5.0.jar:/home/user/.m2/repository/jakarta/annotation/jakarta.annotation-api/1.3.4/jakarta.annotation-api-1.3.4.jar:/home/user/.m2/repository/org/glassfish/hk2/external/aopalliance-repackaged/2.5.0/aopalliance-repackaged-2.5.0.jar:/home/user/.m2/repository/com/fasterxml/jackson/dataformat/jackson-dataformat-xml/2.9.0/jackson-dataformat-xml-2.9.0.jar:/home/user/.m2/repository/com/fasterxml/jackson/core/jackson-core/2.9.5/jackson-core-2.9.5.jar:/home/user/.m2/repository/com/fasterxml/jackson/module/jackson-module-jaxb-annotations/2.9.5/jackson-module-jaxb-annotations-2.9.5.jar:/home/user/.m2/repository/javax/enterprise/cdi-api/1.2/cdi-api-1.2.jar:/home/user/.m2/repository/javax/el/javax.el-api/3.0.0/javax.el-api-3.0.0.jar:/home/user/.m2/repository/javax/interceptor/javax.interceptor-api/1.2/javax.interceptor-api-1.2.jar:/home/user/.m2/repository/javax/inject/javax.inject/1/javax.inject-1.jar:/home/user/.m2/repository/com/sun/xml/bind/jaxb-impl/2.3.0.1/jaxb-impl-2.3.0.1.jar:/home/user/.m2/repository/com/sun/xml/bind/jaxb-core/2.3.0.1/jaxb-core-2.3.0.1.jar:/home/user/.m2/repository/javax/xml/bind/jaxb-api/2.3.0/jaxb-api-2.3.0.jar:/home/user/.m2/repository/javax/activation/activation/1.1.1/activation-1.1.1.jar:/home/user/.m2/repository/org/apache/hadoop/hadoop-ozone-csi/0.5.0-SNAPSHOT/hadoop-ozone-csi-0.5.0-SNAPSHOT.jar:/home/user/.m2/repository/com/google/protobuf/protobuf-java-util/3.5.1/protobuf-java-util-3.5.1.jar:/home/user/.m2/repository/org/apache/hadoop/hadoop-hdds-config/0.5.0-SNAPSHOT/hadoop-hdds-config-0.5.0-SNAPSHOT.jar:/home/user/.m2/repository/io/grpc/grpc-netty/1.17.1/grpc-netty-1.17.1.jar:/home/user/.m2/repository/io/grpc/grpc-core/1.17.1/grpc-core-1.17.1.jar:/home/user/.m2/repository/io/grpc/grpc-context/1.17.1/grpc-context-1.17.1.jar:/home/user/.m2/repository/com/google/errorprone/error_prone_annotations/2.2.0/error_prone_annotations-2.2.0.jar:/home/user/.m2/repository/org/codehaus/mojo/animal-sniffer-annotations/1.17/animal-sniffer-annotations-1.17.jar:/home/user/.m2/repository/io/opencensus/opencensus-api/0.17.0/opencensus-api-0.17.0.jar:/home/user/.m2/repository/io/opencensus/opencensus-contrib-grpc-metrics/0.17.0/opencensus-contrib-grpc-metrics-0.17.0.jar:/home/user/.m2/repository/io/netty/netty-codec-http2/4.1.30.Final/netty-codec-http2-4.1.30.Final.jar:/home/user/.m2/repository/io/netty/netty-codec-http/4.1.30.Final/netty-codec-http-4.1.30.Final.jar:/home/user/.m2/repository/io/netty/netty-codec/4.1.30.Final/netty-codec-4.1.30.Final.jar:/home/user/.m2/repository/io/netty/netty-handler/4.1.30.Final/netty-handler-4.1.30.Final.jar:/home/user/.m2/repository/io/netty/netty-handler-proxy/4.1.30.Final/netty-handler-proxy-4.1.30.Final.jar:/home/user/.m2/repository/io/netty/netty-codec-socks/4.1.30.Final/netty-codec-socks-4.1.30.Final.jar:/home/user/.m2/repository/io/netty/netty-transport-native-epoll/4.1.30.Final/netty-transport-native-epoll-4.1.30.Final.jar:/home/user/.m2/repository/io/netty/netty-common/4.1.30.Final/netty-common-4.1.30.Final.jar:/home/user/.m2/repository/io/netty/netty-buffer/4.1.30.Final/netty-buffer-4.1.30.Final.jar:/home/user/.m2/repository/io/netty/netty-transport/4.1.30.Final/netty-transport-4.1.30.Final.jar:/home/user/.m2/repository/io/netty/netty-resolver/4.1.30.Final/netty-resolver-4.1.30.Final.jar:/home/user/.m2/repository/io/netty/netty-transport-native-unix-common/4.1.30.Final/netty-transport-native-unix-common-4.1.30.Final.jar:/home/user/.m2/repository/io/grpc/grpc-protobuf/1.17.1/grpc-protobuf-1.17.1.jar:/home/user/.m2/repository/com/google/api/grpc/proto-google-common-protos/1.0.0/proto-google-common-protos-1.0.0.jar:/home/user/.m2/repository/io/grpc/grpc-protobuf-lite/1.17.1/grpc-protobuf-lite-1.17.1.jar:/home/user/.m2/repository/io/grpc/grpc-stub/1.17.1/grpc-stub-1.17.1.jar:/home/user/.m2/repository/org/apache/hadoop/hadoop-ozone-recon/0.5.0-SNAPSHOT/hadoop-ozone-recon-0.5.0-SNAPSHOT.jar:/home/user/.m2/repository/org/apache/hadoop/hadoop-ozone-reconcodegen/0.5.0-SNAPSHOT/hadoop-ozone-reconcodegen-0.5.0-SNAPSHOT.jar:/home/user/.m2/repository/com/google/inject/extensions/guice-multibindings/4.0/guice-multibindings-4.0.jar:/home/user/.m2/repository/com/google/inject/guice/4.0/guice-4.0.jar:/home/user/.m2/repository/aopalliance/aopalliance/1.0/aopalliance-1.0.jar:/home/user/.m2/repository/com/google/inject/extensions/guice-servlet/4.0/guice-servlet-4.0.jar:/home/user/.m2/repository/org/glassfish/jersey/containers/jersey-container-servlet/2.27/jersey-container-servlet-2.27.jar:/home/user/.m2/repository/org/glassfish/hk2/guice-bridge/2.5.0/guice-bridge-2.5.0.jar:/home/user/.m2/repository/org/glassfish/jersey/core/jersey-server/2.27/jersey-server-2.27.jar:/home/user/.m2/repository/org/glassfish/jersey/core/jersey-client/2.27/jersey-client-2.27.jar:/home/user/.m2/repository/org/glassfish/jersey/media/jersey-media-jaxb/2.27/jersey-media-jaxb-2.27.jar:/home/user/.m2/repository/javax/validation/validation-api/1.1.0.Final/validation-api-1.1.0.Final.jar:/home/user/.m2/repository/org/glassfish/jersey/media/jersey-media-json-jackson/2.27/jersey-media-json-jackson-2.27.jar:/home/user/.m2/repository/org/glassfish/jersey/ext/jersey-entity-filtering/2.27/jersey-entity-filtering-2.27.jar:/home/user/.m2/repository/com/google/inject/extensions/guice-assistedinject/4.0/guice-assistedinject-4.0.jar:/home/user/.m2/repository/org/jooq/jooq/3.11.10/jooq-3.11.10.jar:/home/user/.m2/repository/org/jooq/jooq-meta/3.11.10/jooq-meta-3.11.10.jar:/home/user/.m2/repository/org/jooq/jooq-codegen/3.11.10/jooq-codegen-3.11.10.jar:/home/user/.m2/repository/com/jolbox/bonecp/0.8.0.RELEASE/bonecp-0.8.0.RELEASE.jar:/home/user/.m2/repository/org/xerial/sqlite-jdbc/3.25.2/sqlite-jdbc-3.25.2.jar:/home/user/.m2/repository/org/springframework/spring-jdbc/5.1.3.RELEASE/spring-jdbc-5.1.3.RELEASE.jar:/home/user/.m2/repository/org/springframework/spring-beans/5.1.3.RELEASE/spring-beans-5.1.3.RELEASE.jar:/home/user/.m2/repository/org/springframework/spring-core/5.1.3.RELEASE/spring-core-5.1.3.RELEASE.jar:/home/user/.m2/repository/org/springframework/spring-jcl/5.1.3.RELEASE/spring-jcl-5.1.3.RELEASE.jar:/home/user/.m2/repository/org/springframework/spring-tx/5.1.3.RELEASE/spring-tx-5.1.3.RELEASE.jar:/home/user/.m2/repository/org/apache/hadoop/hadoop-ozone-client/0.5.0-SNAPSHOT/hadoop-ozone-client-0.5.0-SNAPSHOT.jar:/home/user/.m2/repository/commons-lang/commons-lang/2.6/commons-lang-2.6.jar:/home/user/.m2/repository/org/apache/hadoop/hadoop-ozone-ozone-manager/0.5.0-SNAPSHOT/hadoop-ozone-ozone-manager-0.5.0-SNAPSHOT-tests.jar:/home/user/.m2/repository/junit/junit/4.11/junit-4.11.jar:/home/user/.m2/repository/org/hamcrest/hamcrest-core/1.3/hamcrest-core-1.3.jar:/home/user/.m2/repository/org/openjdk/jmh/jmh-core/1.19/jmh-core-1.19.jar:/home/user/.m2/repository/net/sf/jopt-simple/jopt-simple/4.6/jopt-simple-4.6.jar:/home/user/.m2/repository/org/apache/commons/commons-math3/3.1.1/commons-math3-3.1.1.jar:/home/user/.m2/repository/org/openjdk/jmh/jmh-generator-annprocess/1.19/jmh-generator-annprocess-1.19.jar:/home/user/.m2/repository/org/mockito/mockito-all/1.8.5/mockito-all-1.8.5.jar:/home/user/.m2/repository/org/apache/hadoop/hadoop-kms/3.2.0/hadoop-kms-3.2.0.jar:/home/user/.m2/repository/org/apache/hadoop/hadoop-auth/3.2.0/hadoop-auth-3.2.0.jar:/home/user/.m2/repository/com/nimbusds/nimbus-jose-jwt/4.41.1/nimbus-jose-jwt-4.41.1.jar:/home/user/.m2/repository/com/github/stephenc/jcip/jcip-annotations/1.0-1/jcip-annotations-1.0-1.jar:/home/user/.m2/repository/net/minidev/json-smart/2.3/json-smart-2.3.jar:/home/user/.m2/repository/net/minidev/accessors-smart/1.2/accessors-smart-1.2.jar:/home/user/.m2/repository/org/ow2/asm/asm/5.0.4/asm-5.0.4.jar:/home/user/.m2/repository/org/apache/curator/curator-framework/2.12.0/curator-framework-2.12.0.jar:/home/user/.m2/repository/com/sun/jersey/jersey-core/1.19/jersey-core-1.19.jar:/home/user/.m2/repository/javax/ws/rs/jsr311-api/1.1.1/jsr311-api-1.1.1.jar:/home/user/.m2/repository/com/sun/jersey/jersey-server/1.19/jersey-server-1.19.jar:/home/user/.m2/repository/javax/servlet/javax.servlet-api/3.1.0/javax.servlet-api-3.1.0.jar:/home/user/.m2/repository/org/eclipse/jetty/jetty-server/9.3.24.v20180605/jetty-server-9.3.24.v20180605.jar:/home/user/.m2/repository/org/eclipse/jetty/jetty-http/9.3.24.v20180605/jetty-http-9.3.24.v20180605.jar:/home/user/.m2/repository/org/eclipse/jetty/jetty-io/9.3.24.v20180605/jetty-io-9.3.24.v20180605.jar:/home/user/.m2/repository/org/eclipse/jetty/jetty-webapp/9.3.24.v20180605/jetty-webapp-9.3.24.v20180605.jar:/home/user/.m2/repository/org/eclipse/jetty/jetty-xml/9.3.24.v20180605/jetty-xml-9.3.24.v20180605.jar:/home/user/.m2/repository/log4j/log4j/1.2.17/log4j-1.2.17.jar:/home/user/.m2/repository/org/slf4j/slf4j-api/1.7.25/slf4j-api-1.7.25.jar:/home/user/.m2/repository/org/slf4j/jul-to-slf4j/1.7.25/jul-to-slf4j-1.7.25.jar:/home/user/.m2/repository/org/eclipse/jetty/jetty-util/9.3.24.v20180605/jetty-util-9.3.24.v20180605.jar:/home/user/.m2/repository/com/fasterxml/jackson/core/jackson-databind/2.9.5/jackson-databind-2.9.5.jar:/home/user/.m2/repository/org/apache/hadoop/hadoop-kms/3.2.0/hadoop-kms-3.2.0-tests.jar:/home/user/.m2/repository/org/apache/hadoop/hadoop-hdds-server-scm/0.5.0-SNAPSHOT/hadoop-hdds-server-scm-0.5.0-SNAPSHOT-tests.jar:/home/user/.m2/repository/org/apache/hadoop/hadoop-hdds-container-service/0.5.0-SNAPSHOT/hadoop-hdds-container-service-0.5.0-SNAPSHOT-tests.jar:/home/user/.m2/repository/org/yaml/snakeyaml/1.16/snakeyaml-1.16.jar:/home/user/.m2/repository/org/apache/hadoop/hadoop-common/3.2.0/hadoop-common-3.2.0-tests.jar:/home/user/.m2/repository/org/apache/hadoop/hadoop-annotations/3.2.0/hadoop-annotations-3.2.0.jar:/usr/lib/jvm/java-1.8-openjdk/jre/../lib/tools.jar:/home/user/.m2/repository/commons-cli/commons-cli/1.2/commons-cli-1.2.jar:/home/user/.m2/repository/org/apache/httpcomponents/httpclient/4.5.2/httpclient-4.5.2.jar:/home/user/.m2/repository/org/apache/httpcomponents/httpcore/4.4.4/httpcore-4.4.4.jar:/home/user/.m2/repository/commons-codec/commons-codec/1.11/commons-codec-1.11.jar:/home/user/.m2/repository/commons-net/commons-net/3.6/commons-net-3.6.jar:/home/user/.m2/repository/commons-collections/commons-collections/3.2.2/commons-collections-3.2.2.jar:/home/user/.m2/repository/org/eclipse/jetty/jetty-servlet/9.3.24.v20180605/jetty-servlet-9.3.24.v20180605.jar:/home/user/.m2/repository/org/eclipse/jetty/jetty-security/9.3.24.v20180605/jetty-security-9.3.24.v20180605.jar:/home/user/.m2/repository/javax/servlet/jsp/jsp-api/2.1/jsp-api-2.1.jar:/home/user/.m2/repository/com/sun/jersey/jersey-servlet/1.19/jersey-servlet-1.19.jar:/home/user/.m2/repository/com/sun/jersey/jersey-json/1.19/jersey-json-1.19.jar:/home/user/.m2/repository/org/codehaus/jettison/jettison/1.1/jettison-1.1.jar:/home/user/.m2/repository/org/codehaus/jackson/jackson-core-asl/1.9.13/jackson-core-asl-1.9.13.jar:/home/user/.m2/repository/org/codehaus/jackson/jackson-mapper-asl/1.9.13/jackson-mapper-asl-1.9.13.jar:/home/user/.m2/repository/org/codehaus/jackson/jackson-jaxrs/1.9.13/jackson-jaxrs-1.9.13.jar:/home/user/.m2/repository/org/codehaus/jackson/jackson-xc/1.9.13/jackson-xc-1.9.13.jar:/home/user/.m2/repository/commons-logging/commons-logging/1.1.3/commons-logging-1.1.3.jar:/home/user/.m2/repository/commons-beanutils/commons-beanutils/1.9.3/commons-beanutils-1.9.3.jar:/home/user/.m2/repository/org/apache/commons/commons-configuration2/2.1.1/commons-configuration2-2.1.1.jar:/home/user/.m2/repository/org/apache/commons/commons-lang3/3.7/commons-lang3-3.7.jar:/home/user/.m2/repository/org/apache/commons/commons-text/1.4/commons-text-1.4.jar:/home/user/.m2/repository/org/apache/avro/avro/1.7.7/avro-1.7.7.jar:/home/user/.m2/repository/com/thoughtworks/paranamer/paranamer/2.3/paranamer-2.3.jar:/home/user/.m2/repository/org/xerial/snappy/snappy-java/1.0.5/snappy-java-1.0.5.jar:/home/user/.m2/repository/com/google/re2j/re2j/1.1/re2j-1.1.jar:/home/user/.m2/repository/com/google/code/gson/gson/2.2.4/gson-2.2.4.jar:/home/user/.m2/repository/com/jcraft/jsch/0.1.54/jsch-0.1.54.jar:/home/user/.m2/repository/org/apache/curator/curator-client/2.12.0/curator-client-2.12.0.jar:/home/user/.m2/repository/org/apache/curator/curator-recipes/2.12.0/curator-recipes-2.12.0.jar:/home/user/.m2/repository/com/google/code/findbugs/jsr305/3.0.0/jsr305-3.0.0.jar:/home/user/.m2/repository/org/apache/htrace/htrace-core4/4.1.0-incubating/htrace-core4-4.1.0-incubating.jar:/home/user/.m2/repository/org/apache/zookeeper/zookeeper/3.4.13/zookeeper-3.4.13.jar:/home/user/.m2/repository/org/apache/yetus/audience-annotations/0.5.0/audience-annotations-0.5.0.jar:/home/user/.m2/repository/org/codehaus/woodstox/stax2-api/3.1.4/stax2-api-3.1.4.jar:/home/user/.m2/repository/com/fasterxml/woodstox/woodstox-core/5.0.3/woodstox-core-5.0.3.jar:/home/user/.m2/repository/dnsjava/dnsjava/2.1.7/dnsjava-2.1.7.jar:/home/user/.m2/repository/org/apache/hadoop/hadoop-hdfs/3.2.0/hadoop-hdfs-3.2.0-tests.jar:/home/user/.m2/repository/org/eclipse/jetty/jetty-util-ajax/9.3.24.v20180605/jetty-util-ajax-9.3.24.v20180605.jar:/home/user/.m2/repository/commons-daemon/commons-daemon/1.0.13/commons-daemon-1.0.13.jar:/home/user/.m2/repository/io/netty/netty/3.10.5.Final/netty-3.10.5.Final.jar:/home/user/.m2/repository/io/netty/netty-all/4.0.52.Final/netty-all-4.0.52.Final.jar:/home/user/.m2/repository/org/fusesource/leveldbjni/leveldbjni-all/1.8/leveldbjni-all-1.8.jar:"/>
    <property name="java.vm.vendor" value="IcedTea"/>
    <property name="sun.arch.data.model" value="64"/>
    <property name="test.build.dir" value="/workdir/hadoop-ozone/integration-test/target/test-dir"/>
    <property name="test.cache.data" value=""/>
    <property name="java.vendor.url" value="https://icedtea.classpath.org"/>
    <property name="user.timezone" value=""/>
    <property name="java.vm.specification.version" value="1.8"/>
    <property name="os.name" value="Linux"/>
    <property name="test.build.data" value="/workdir/hadoop-ozone/integration-test/target/test-dir"/>
    <property name="user.country" value="US"/>
    <property name="sun.java.launcher" value="SUN_STANDARD"/>
    <property name="sun.boot.library.path" value="/usr/lib/jvm/java-1.8-openjdk/jre/lib/amd64"/>
    <property name="sun.java.command" value="/workdir/hadoop-ozone/integration-test/target/surefire/surefirebooter726407179249920593.jar /workdir/hadoop-ozone/integration-test/target/surefire 2019-09-11T17-58-48_125-jvmRun1 surefire4925062114378892271tmp surefire_334923832744351113680tmp"/>
    <property name="test" value="!TestMiniChaosOzoneCluster"/>
    <property name="surefire.test.class.path" value="/workdir/hadoop-ozone/integration-test/target/test-classes:/workdir/hadoop-ozone/integration-test/target/classes:/home/user/.m2/repository/org/apache/hadoop/hadoop-ozone-common/0.5.0-SNAPSHOT/hadoop-ozone-common-0.5.0-SNAPSHOT.jar:/home/user/.m2/repository/org/apache/commons/commons-compress/1.4.1/commons-compress-1.4.1.jar:/home/user/.m2/repository/org/tukaani/xz/1.0/xz-1.0.jar:/home/user/.m2/repository/org/apache/hadoop/hadoop-common/3.2.0/hadoop-common-3.2.0.jar:/home/user/.m2/repository/org/apache/hadoop/hadoop-hdfs/3.2.0/hadoop-hdfs-3.2.0.jar:/home/user/.m2/repository/org/apache/hadoop/hadoop-hdfs-client/3.2.0/hadoop-hdfs-client-3.2.0.jar:/home/user/.m2/repository/com/fasterxml/jackson/core/jackson-annotations/2.9.5/jackson-annotations-2.9.5.jar:/home/user/.m2/repository/org/apache/hadoop/hadoop-hdds-common/0.5.0-SNAPSHOT/hadoop-hdds-common-0.5.0-SNAPSHOT.jar:/home/user/.m2/repository/javax/annotation/javax.annotation-api/1.2/javax.annotation-api-1.2.jar:/home/user/.m2/repository/org/apache/ratis/ratis-server/0.4.0-78e95b9-SNAPSHOT/ratis-server-0.4.0-78e95b9-SNAPSHOT.jar:/home/user/.m2/repository/org/apache/ratis/ratis-thirdparty-misc/0.2.0/ratis-thirdparty-misc-0.2.0.jar:/home/user/.m2/repository/org/apache/ratis/ratis-proto/0.4.0-78e95b9-SNAPSHOT/ratis-proto-0.4.0-78e95b9-SNAPSHOT.jar:/home/user/.m2/repository/org/apache/ratis/ratis-common/0.4.0-78e95b9-SNAPSHOT/ratis-common-0.4.0-78e95b9-SNAPSHOT.jar:/home/user/.m2/repository/org/apache/ratis/ratis-client/0.4.0-78e95b9-SNAPSHOT/ratis-client-0.4.0-78e95b9-SNAPSHOT.jar:/home/user/.m2/repository/org/apache/ratis/ratis-metrics/0.4.0-78e95b9-SNAPSHOT/ratis-metrics-0.4.0-78e95b9-SNAPSHOT.jar:/home/user/.m2/repository/com/github/joshelser/dropwizard-metrics-hadoop-metrics2-reporter/0.1.2/dropwizard-metrics-hadoop-metrics2-reporter-0.1.2.jar:/home/user/.m2/repository/io/dropwizard/metrics/metrics-jvm/3.2.5/metrics-jvm-3.2.5.jar:/home/user/.m2/repository/io/dropwizard/metrics/metrics-ganglia/3.2.5/metrics-ganglia-3.2.5.jar:/home/user/.m2/repository/info/ganglia/gmetric4j/gmetric4j/1.0.7/gmetric4j-1.0.7.jar:/home/user/.m2/repository/org/apache/ratis/ratis-netty/0.4.0-78e95b9-SNAPSHOT/ratis-netty-0.4.0-78e95b9-SNAPSHOT.jar:/home/user/.m2/repository/org/apache/ratis/ratis-grpc/0.4.0-78e95b9-SNAPSHOT/ratis-grpc-0.4.0-78e95b9-SNAPSHOT.jar:/home/user/.m2/repository/org/rocksdb/rocksdbjni/6.0.1/rocksdbjni-6.0.1.jar:/home/user/.m2/repository/org/apache/logging/log4j/log4j-api/2.11.0/log4j-api-2.11.0.jar:/home/user/.m2/repository/org/apache/logging/log4j/log4j-core/2.11.0/log4j-core-2.11.0.jar:/home/user/.m2/repository/com/lmax/disruptor/3.4.2/disruptor-3.4.2.jar:/home/user/.m2/repository/org/apache/commons/commons-pool2/2.6.0/commons-pool2-2.6.0.jar:/home/user/.m2/repository/org/bouncycastle/bcpkix-jdk15on/1.60/bcpkix-jdk15on-1.60.jar:/home/user/.m2/repository/commons-validator/commons-validator/1.6/commons-validator-1.6.jar:/home/user/.m2/repository/commons-digester/commons-digester/1.8.1/commons-digester-1.8.1.jar:/home/user/.m2/repository/io/jaegertracing/jaeger-client/0.33.1/jaeger-client-0.33.1.jar:/home/user/.m2/repository/io/jaegertracing/jaeger-thrift/0.33.1/jaeger-thrift-0.33.1.jar:/home/user/.m2/repository/org/apache/thrift/libthrift/0.11.0/libthrift-0.11.0.jar:/home/user/.m2/repository/com/squareup/okhttp3/okhttp/3.9.0/okhttp-3.9.0.jar:/home/user/.m2/repository/com/squareup/okio/okio/1.13.0/okio-1.13.0.jar:/home/user/.m2/repository/io/jaegertracing/jaeger-core/0.33.1/jaeger-core-0.33.1.jar:/home/user/.m2/repository/io/jaegertracing/jaeger-tracerresolver/0.33.1/jaeger-tracerresolver-0.33.1.jar:/home/user/.m2/repository/io/opentracing/contrib/opentracing-tracerresolver/0.1.5/opentracing-tracerresolver-0.1.5.jar:/home/user/.m2/repository/io/opentracing/opentracing-util/0.31.0/opentracing-util-0.31.0.jar:/home/user/.m2/repository/io/opentracing/opentracing-api/0.31.0/opentracing-api-0.31.0.jar:/home/user/.m2/repository/io/opentracing/opentracing-noop/0.31.0/opentracing-noop-0.31.0.jar:/home/user/.m2/repository/org/apache/hadoop/hadoop-hdds-server-framework/0.5.0-SNAPSHOT/hadoop-hdds-server-framework-0.5.0-SNAPSHOT.jar:/home/user/.m2/repository/org/apache/hadoop/hadoop-hdds-container-service/0.5.0-SNAPSHOT/hadoop-hdds-container-service-0.5.0-SNAPSHOT.jar:/home/user/.m2/repository/org/apache/hadoop/hadoop-hdds-client/0.5.0-SNAPSHOT/hadoop-hdds-client-0.5.0-SNAPSHOT.jar:/home/user/.m2/repository/org/apache/hadoop/hadoop-hdds-tools/0.5.0-SNAPSHOT/hadoop-hdds-tools-0.5.0-SNAPSHOT.jar:/home/user/.m2/repository/org/apache/hadoop/hadoop-hdds-server-scm/0.5.0-SNAPSHOT/hadoop-hdds-server-scm-0.5.0-SNAPSHOT.jar:/home/user/.m2/repository/org/apache/hadoop/hadoop-hdds-docs/0.5.0-SNAPSHOT/hadoop-hdds-docs-0.5.0-SNAPSHOT.jar:/home/user/.m2/repository/io/dropwizard/metrics/metrics-core/3.2.4/metrics-core-3.2.4.jar:/home/user/.m2/repository/org/hamcrest/hamcrest-all/1.3/hamcrest-all-1.3.jar:/home/user/.m2/repository/org/bouncycastle/bcprov-jdk15on/1.60/bcprov-jdk15on-1.60.jar:/home/user/.m2/repository/info/picocli/picocli/3.9.6/picocli-3.9.6.jar:/home/user/.m2/repository/com/google/protobuf/protobuf-java/2.5.0/protobuf-java-2.5.0.jar:/home/user/.m2/repository/com/google/guava/guava/11.0.2/guava-11.0.2.jar:/home/user/.m2/repository/org/apache/hadoop/hadoop-ozone-ozone-manager/0.5.0-SNAPSHOT/hadoop-ozone-ozone-manager-0.5.0-SNAPSHOT.jar:/home/user/.m2/repository/org/apache/hadoop/hadoop-minikdc/3.2.0/hadoop-minikdc-3.2.0.jar:/home/user/.m2/repository/commons-io/commons-io/2.5/commons-io-2.5.jar:/home/user/.m2/repository/org/apache/kerby/kerb-simplekdc/1.0.1/kerb-simplekdc-1.0.1.jar:/home/user/.m2/repository/org/apache/kerby/kerb-client/1.0.1/kerb-client-1.0.1.jar:/home/user/.m2/repository/org/apache/kerby/kerby-config/1.0.1/kerby-config-1.0.1.jar:/home/user/.m2/repository/org/apache/kerby/kerb-core/1.0.1/kerb-core-1.0.1.jar:/home/user/.m2/repository/org/apache/kerby/kerby-pkix/1.0.1/kerby-pkix-1.0.1.jar:/home/user/.m2/repository/org/apache/kerby/kerby-asn1/1.0.1/kerby-asn1-1.0.1.jar:/home/user/.m2/repository/org/apache/kerby/kerby-util/1.0.1/kerby-util-1.0.1.jar:/home/user/.m2/repository/org/apache/kerby/kerb-common/1.0.1/kerb-common-1.0.1.jar:/home/user/.m2/repository/org/apache/kerby/kerb-crypto/1.0.1/kerb-crypto-1.0.1.jar:/home/user/.m2/repository/org/apache/kerby/kerb-util/1.0.1/kerb-util-1.0.1.jar:/home/user/.m2/repository/org/apache/kerby/token-provider/1.0.1/token-provider-1.0.1.jar:/home/user/.m2/repository/org/apache/kerby/kerb-admin/1.0.1/kerb-admin-1.0.1.jar:/home/user/.m2/repository/org/apache/kerby/kerb-server/1.0.1/kerb-server-1.0.1.jar:/home/user/.m2/repository/org/apache/kerby/kerb-identity/1.0.1/kerb-identity-1.0.1.jar:/home/user/.m2/repository/org/apache/kerby/kerby-xdr/1.0.1/kerby-xdr-1.0.1.jar:/home/user/.m2/repository/org/slf4j/slf4j-log4j12/1.7.25/slf4j-log4j12-1.7.25.jar:/home/user/.m2/repository/org/apache/hadoop/hadoop-ozone-s3gateway/0.5.0-SNAPSHOT/hadoop-ozone-s3gateway-0.5.0-SNAPSHOT.jar:/home/user/.m2/repository/org/jboss/weld/servlet/weld-servlet/2.4.7.Final/weld-servlet-2.4.7.Final.jar:/home/user/.m2/repository/org/glassfish/jersey/containers/jersey-container-servlet-core/2.27/jersey-container-servlet-core-2.27.jar:/home/user/.m2/repository/org/glassfish/hk2/external/javax.inject/2.5.0-b42/javax.inject-2.5.0-b42.jar:/home/user/.m2/repository/org/glassfish/jersey/core/jersey-common/2.27/jersey-common-2.27.jar:/home/user/.m2/repository/org/glassfish/hk2/osgi-resource-locator/1.0.1/osgi-resource-locator-1.0.1.jar:/home/user/.m2/repository/javax/ws/rs/javax.ws.rs-api/2.1/javax.ws.rs-api-2.1.jar:/home/user/.m2/repository/org/glassfish/jersey/ext/cdi/jersey-cdi1x/2.27/jersey-cdi1x-2.27.jar:/home/user/.m2/repository/org/glassfish/jersey/inject/jersey-hk2/2.27/jersey-hk2-2.27.jar:/home/user/.m2/repository/org/glassfish/hk2/hk2-locator/2.5.0-b42/hk2-locator-2.5.0-b42.jar:/home/user/.m2/repository/org/javassist/javassist/3.22.0-CR2/javassist-3.22.0-CR2.jar:/home/user/.m2/repository/org/glassfish/hk2/hk2-api/2.5.0/hk2-api-2.5.0.jar:/home/user/.m2/repository/org/glassfish/hk2/external/jakarta.inject/2.5.0/jakarta.inject-2.5.0.jar:/home/user/.m2/repository/org/glassfish/hk2/hk2-utils/2.5.0/hk2-utils-2.5.0.jar:/home/user/.m2/repository/jakarta/annotation/jakarta.annotation-api/1.3.4/jakarta.annotation-api-1.3.4.jar:/home/user/.m2/repository/org/glassfish/hk2/external/aopalliance-repackaged/2.5.0/aopalliance-repackaged-2.5.0.jar:/home/user/.m2/repository/com/fasterxml/jackson/dataformat/jackson-dataformat-xml/2.9.0/jackson-dataformat-xml-2.9.0.jar:/home/user/.m2/repository/com/fasterxml/jackson/core/jackson-core/2.9.5/jackson-core-2.9.5.jar:/home/user/.m2/repository/com/fasterxml/jackson/module/jackson-module-jaxb-annotations/2.9.5/jackson-module-jaxb-annotations-2.9.5.jar:/home/user/.m2/repository/javax/enterprise/cdi-api/1.2/cdi-api-1.2.jar:/home/user/.m2/repository/javax/el/javax.el-api/3.0.0/javax.el-api-3.0.0.jar:/home/user/.m2/repository/javax/interceptor/javax.interceptor-api/1.2/javax.interceptor-api-1.2.jar:/home/user/.m2/repository/javax/inject/javax.inject/1/javax.inject-1.jar:/home/user/.m2/repository/com/sun/xml/bind/jaxb-impl/2.3.0.1/jaxb-impl-2.3.0.1.jar:/home/user/.m2/repository/com/sun/xml/bind/jaxb-core/2.3.0.1/jaxb-core-2.3.0.1.jar:/home/user/.m2/repository/javax/xml/bind/jaxb-api/2.3.0/jaxb-api-2.3.0.jar:/home/user/.m2/repository/javax/activation/activation/1.1.1/activation-1.1.1.jar:/home/user/.m2/repository/org/apache/hadoop/hadoop-ozone-csi/0.5.0-SNAPSHOT/hadoop-ozone-csi-0.5.0-SNAPSHOT.jar:/home/user/.m2/repository/com/google/protobuf/protobuf-java-util/3.5.1/protobuf-java-util-3.5.1.jar:/home/user/.m2/repository/org/apache/hadoop/hadoop-hdds-config/0.5.0-SNAPSHOT/hadoop-hdds-config-0.5.0-SNAPSHOT.jar:/home/user/.m2/repository/io/grpc/grpc-netty/1.17.1/grpc-netty-1.17.1.jar:/home/user/.m2/repository/io/grpc/grpc-core/1.17.1/grpc-core-1.17.1.jar:/home/user/.m2/repository/io/grpc/grpc-context/1.17.1/grpc-context-1.17.1.jar:/home/user/.m2/repository/com/google/errorprone/error_prone_annotations/2.2.0/error_prone_annotations-2.2.0.jar:/home/user/.m2/repository/org/codehaus/mojo/animal-sniffer-annotations/1.17/animal-sniffer-annotations-1.17.jar:/home/user/.m2/repository/io/opencensus/opencensus-api/0.17.0/opencensus-api-0.17.0.jar:/home/user/.m2/repository/io/opencensus/opencensus-contrib-grpc-metrics/0.17.0/opencensus-contrib-grpc-metrics-0.17.0.jar:/home/user/.m2/repository/io/netty/netty-codec-http2/4.1.30.Final/netty-codec-http2-4.1.30.Final.jar:/home/user/.m2/repository/io/netty/netty-codec-http/4.1.30.Final/netty-codec-http-4.1.30.Final.jar:/home/user/.m2/repository/io/netty/netty-codec/4.1.30.Final/netty-codec-4.1.30.Final.jar:/home/user/.m2/repository/io/netty/netty-handler/4.1.30.Final/netty-handler-4.1.30.Final.jar:/home/user/.m2/repository/io/netty/netty-handler-proxy/4.1.30.Final/netty-handler-proxy-4.1.30.Final.jar:/home/user/.m2/repository/io/netty/netty-codec-socks/4.1.30.Final/netty-codec-socks-4.1.30.Final.jar:/home/user/.m2/repository/io/netty/netty-transport-native-epoll/4.1.30.Final/netty-transport-native-epoll-4.1.30.Final.jar:/home/user/.m2/repository/io/netty/netty-common/4.1.30.Final/netty-common-4.1.30.Final.jar:/home/user/.m2/repository/io/netty/netty-buffer/4.1.30.Final/netty-buffer-4.1.30.Final.jar:/home/user/.m2/repository/io/netty/netty-transport/4.1.30.Final/netty-transport-4.1.30.Final.jar:/home/user/.m2/repository/io/netty/netty-resolver/4.1.30.Final/netty-resolver-4.1.30.Final.jar:/home/user/.m2/repository/io/netty/netty-transport-native-unix-common/4.1.30.Final/netty-transport-native-unix-common-4.1.30.Final.jar:/home/user/.m2/repository/io/grpc/grpc-protobuf/1.17.1/grpc-protobuf-1.17.1.jar:/home/user/.m2/repository/com/google/api/grpc/proto-google-common-protos/1.0.0/proto-google-common-protos-1.0.0.jar:/home/user/.m2/repository/io/grpc/grpc-protobuf-lite/1.17.1/grpc-protobuf-lite-1.17.1.jar:/home/user/.m2/repository/io/grpc/grpc-stub/1.17.1/grpc-stub-1.17.1.jar:/home/user/.m2/repository/org/apache/hadoop/hadoop-ozone-recon/0.5.0-SNAPSHOT/hadoop-ozone-recon-0.5.0-SNAPSHOT.jar:/home/user/.m2/repository/org/apache/hadoop/hadoop-ozone-reconcodegen/0.5.0-SNAPSHOT/hadoop-ozone-reconcodegen-0.5.0-SNAPSHOT.jar:/home/user/.m2/repository/com/google/inject/extensions/guice-multibindings/4.0/guice-multibindings-4.0.jar:/home/user/.m2/repository/com/google/inject/guice/4.0/guice-4.0.jar:/home/user/.m2/repository/aopalliance/aopalliance/1.0/aopalliance-1.0.jar:/home/user/.m2/repository/com/google/inject/extensions/guice-servlet/4.0/guice-servlet-4.0.jar:/home/user/.m2/repository/org/glassfish/jersey/containers/jersey-container-servlet/2.27/jersey-container-servlet-2.27.jar:/home/user/.m2/repository/org/glassfish/hk2/guice-bridge/2.5.0/guice-bridge-2.5.0.jar:/home/user/.m2/repository/org/glassfish/jersey/core/jersey-server/2.27/jersey-server-2.27.jar:/home/user/.m2/repository/org/glassfish/jersey/core/jersey-client/2.27/jersey-client-2.27.jar:/home/user/.m2/repository/org/glassfish/jersey/media/jersey-media-jaxb/2.27/jersey-media-jaxb-2.27.jar:/home/user/.m2/repository/javax/validation/validation-api/1.1.0.Final/validation-api-1.1.0.Final.jar:/home/user/.m2/repository/org/glassfish/jersey/media/jersey-media-json-jackson/2.27/jersey-media-json-jackson-2.27.jar:/home/user/.m2/repository/org/glassfish/jersey/ext/jersey-entity-filtering/2.27/jersey-entity-filtering-2.27.jar:/home/user/.m2/repository/com/google/inject/extensions/guice-assistedinject/4.0/guice-assistedinject-4.0.jar:/home/user/.m2/repository/org/jooq/jooq/3.11.10/jooq-3.11.10.jar:/home/user/.m2/repository/org/jooq/jooq-meta/3.11.10/jooq-meta-3.11.10.jar:/home/user/.m2/repository/org/jooq/jooq-codegen/3.11.10/jooq-codegen-3.11.10.jar:/home/user/.m2/repository/com/jolbox/bonecp/0.8.0.RELEASE/bonecp-0.8.0.RELEASE.jar:/home/user/.m2/repository/org/xerial/sqlite-jdbc/3.25.2/sqlite-jdbc-3.25.2.jar:/home/user/.m2/repository/org/springframework/spring-jdbc/5.1.3.RELEASE/spring-jdbc-5.1.3.RELEASE.jar:/home/user/.m2/repository/org/springframework/spring-beans/5.1.3.RELEASE/spring-beans-5.1.3.RELEASE.jar:/home/user/.m2/repository/org/springframework/spring-core/5.1.3.RELEASE/spring-core-5.1.3.RELEASE.jar:/home/user/.m2/repository/org/springframework/spring-jcl/5.1.3.RELEASE/spring-jcl-5.1.3.RELEASE.jar:/home/user/.m2/repository/org/springframework/spring-tx/5.1.3.RELEASE/spring-tx-5.1.3.RELEASE.jar:/home/user/.m2/repository/org/apache/hadoop/hadoop-ozone-client/0.5.0-SNAPSHOT/hadoop-ozone-client-0.5.0-SNAPSHOT.jar:/home/user/.m2/repository/commons-lang/commons-lang/2.6/commons-lang-2.6.jar:/home/user/.m2/repository/org/apache/hadoop/hadoop-ozone-ozone-manager/0.5.0-SNAPSHOT/hadoop-ozone-ozone-manager-0.5.0-SNAPSHOT-tests.jar:/home/user/.m2/repository/junit/junit/4.11/junit-4.11.jar:/home/user/.m2/repository/org/hamcrest/hamcrest-core/1.3/hamcrest-core-1.3.jar:/home/user/.m2/repository/org/openjdk/jmh/jmh-core/1.19/jmh-core-1.19.jar:/home/user/.m2/repository/net/sf/jopt-simple/jopt-simple/4.6/jopt-simple-4.6.jar:/home/user/.m2/repository/org/apache/commons/commons-math3/3.1.1/commons-math3-3.1.1.jar:/home/user/.m2/repository/org/openjdk/jmh/jmh-generator-annprocess/1.19/jmh-generator-annprocess-1.19.jar:/home/user/.m2/repository/org/mockito/mockito-all/1.8.5/mockito-all-1.8.5.jar:/home/user/.m2/repository/org/apache/hadoop/hadoop-kms/3.2.0/hadoop-kms-3.2.0.jar:/home/user/.m2/repository/org/apache/hadoop/hadoop-auth/3.2.0/hadoop-auth-3.2.0.jar:/home/user/.m2/repository/com/nimbusds/nimbus-jose-jwt/4.41.1/nimbus-jose-jwt-4.41.1.jar:/home/user/.m2/repository/com/github/stephenc/jcip/jcip-annotations/1.0-1/jcip-annotations-1.0-1.jar:/home/user/.m2/repository/net/minidev/json-smart/2.3/json-smart-2.3.jar:/home/user/.m2/repository/net/minidev/accessors-smart/1.2/accessors-smart-1.2.jar:/home/user/.m2/repository/org/ow2/asm/asm/5.0.4/asm-5.0.4.jar:/home/user/.m2/repository/org/apache/curator/curator-framework/2.12.0/curator-framework-2.12.0.jar:/home/user/.m2/repository/com/sun/jersey/jersey-core/1.19/jersey-core-1.19.jar:/home/user/.m2/repository/javax/ws/rs/jsr311-api/1.1.1/jsr311-api-1.1.1.jar:/home/user/.m2/repository/com/sun/jersey/jersey-server/1.19/jersey-server-1.19.jar:/home/user/.m2/repository/javax/servlet/javax.servlet-api/3.1.0/javax.servlet-api-3.1.0.jar:/home/user/.m2/repository/org/eclipse/jetty/jetty-server/9.3.24.v20180605/jetty-server-9.3.24.v20180605.jar:/home/user/.m2/repository/org/eclipse/jetty/jetty-http/9.3.24.v20180605/jetty-http-9.3.24.v20180605.jar:/home/user/.m2/repository/org/eclipse/jetty/jetty-io/9.3.24.v20180605/jetty-io-9.3.24.v20180605.jar:/home/user/.m2/repository/org/eclipse/jetty/jetty-webapp/9.3.24.v20180605/jetty-webapp-9.3.24.v20180605.jar:/home/user/.m2/repository/org/eclipse/jetty/jetty-xml/9.3.24.v20180605/jetty-xml-9.3.24.v20180605.jar:/home/user/.m2/repository/log4j/log4j/1.2.17/log4j-1.2.17.jar:/home/user/.m2/repository/org/slf4j/slf4j-api/1.7.25/slf4j-api-1.7.25.jar:/home/user/.m2/repository/org/slf4j/jul-to-slf4j/1.7.25/jul-to-slf4j-1.7.25.jar:/home/user/.m2/repository/org/eclipse/jetty/jetty-util/9.3.24.v20180605/jetty-util-9.3.24.v20180605.jar:/home/user/.m2/repository/com/fasterxml/jackson/core/jackson-databind/2.9.5/jackson-databind-2.9.5.jar:/home/user/.m2/repository/org/apache/hadoop/hadoop-kms/3.2.0/hadoop-kms-3.2.0-tests.jar:/home/user/.m2/repository/org/apache/hadoop/hadoop-hdds-server-scm/0.5.0-SNAPSHOT/hadoop-hdds-server-scm-0.5.0-SNAPSHOT-tests.jar:/home/user/.m2/repository/org/apache/hadoop/hadoop-hdds-container-service/0.5.0-SNAPSHOT/hadoop-hdds-container-service-0.5.0-SNAPSHOT-tests.jar:/home/user/.m2/repository/org/yaml/snakeyaml/1.16/snakeyaml-1.16.jar:/home/user/.m2/repository/org/apache/hadoop/hadoop-common/3.2.0/hadoop-common-3.2.0-tests.jar:/home/user/.m2/repository/org/apache/hadoop/hadoop-annotations/3.2.0/hadoop-annotations-3.2.0.jar:/usr/lib/jvm/java-1.8-openjdk/jre/../lib/tools.jar:/home/user/.m2/repository/commons-cli/commons-cli/1.2/commons-cli-1.2.jar:/home/user/.m2/repository/org/apache/httpcomponents/httpclient/4.5.2/httpclient-4.5.2.jar:/home/user/.m2/repository/org/apache/httpcomponents/httpcore/4.4.4/httpcore-4.4.4.jar:/home/user/.m2/repository/commons-codec/commons-codec/1.11/commons-codec-1.11.jar:/home/user/.m2/repository/commons-net/commons-net/3.6/commons-net-3.6.jar:/home/user/.m2/repository/commons-collections/commons-collections/3.2.2/commons-collections-3.2.2.jar:/home/user/.m2/repository/org/eclipse/jetty/jetty-servlet/9.3.24.v20180605/jetty-servlet-9.3.24.v20180605.jar:/home/user/.m2/repository/org/eclipse/jetty/jetty-security/9.3.24.v20180605/jetty-security-9.3.24.v20180605.jar:/home/user/.m2/repository/javax/servlet/jsp/jsp-api/2.1/jsp-api-2.1.jar:/home/user/.m2/repository/com/sun/jersey/jersey-servlet/1.19/jersey-servlet-1.19.jar:/home/user/.m2/repository/com/sun/jersey/jersey-json/1.19/jersey-json-1.19.jar:/home/user/.m2/repository/org/codehaus/jettison/jettison/1.1/jettison-1.1.jar:/home/user/.m2/repository/org/codehaus/jackson/jackson-core-asl/1.9.13/jackson-core-asl-1.9.13.jar:/home/user/.m2/repository/org/codehaus/jackson/jackson-mapper-asl/1.9.13/jackson-mapper-asl-1.9.13.jar:/home/user/.m2/repository/org/codehaus/jackson/jackson-jaxrs/1.9.13/jackson-jaxrs-1.9.13.jar:/home/user/.m2/repository/org/codehaus/jackson/jackson-xc/1.9.13/jackson-xc-1.9.13.jar:/home/user/.m2/repository/commons-logging/commons-logging/1.1.3/commons-logging-1.1.3.jar:/home/user/.m2/repository/commons-beanutils/commons-beanutils/1.9.3/commons-beanutils-1.9.3.jar:/home/user/.m2/repository/org/apache/commons/commons-configuration2/2.1.1/commons-configuration2-2.1.1.jar:/home/user/.m2/repository/org/apache/commons/commons-lang3/3.7/commons-lang3-3.7.jar:/home/user/.m2/repository/org/apache/commons/commons-text/1.4/commons-text-1.4.jar:/home/user/.m2/repository/org/apache/avro/avro/1.7.7/avro-1.7.7.jar:/home/user/.m2/repository/com/thoughtworks/paranamer/paranamer/2.3/paranamer-2.3.jar:/home/user/.m2/repository/org/xerial/snappy/snappy-java/1.0.5/snappy-java-1.0.5.jar:/home/user/.m2/repository/com/google/re2j/re2j/1.1/re2j-1.1.jar:/home/user/.m2/repository/com/google/code/gson/gson/2.2.4/gson-2.2.4.jar:/home/user/.m2/repository/com/jcraft/jsch/0.1.54/jsch-0.1.54.jar:/home/user/.m2/repository/org/apache/curator/curator-client/2.12.0/curator-client-2.12.0.jar:/home/user/.m2/repository/org/apache/curator/curator-recipes/2.12.0/curator-recipes-2.12.0.jar:/home/user/.m2/repository/com/google/code/findbugs/jsr305/3.0.0/jsr305-3.0.0.jar:/home/user/.m2/repository/org/apache/htrace/htrace-core4/4.1.0-incubating/htrace-core4-4.1.0-incubating.jar:/home/user/.m2/repository/org/apache/zookeeper/zookeeper/3.4.13/zookeeper-3.4.13.jar:/home/user/.m2/repository/org/apache/yetus/audience-annotations/0.5.0/audience-annotations-0.5.0.jar:/home/user/.m2/repository/org/codehaus/woodstox/stax2-api/3.1.4/stax2-api-3.1.4.jar:/home/user/.m2/repository/com/fasterxml/woodstox/woodstox-core/5.0.3/woodstox-core-5.0.3.jar:/home/user/.m2/repository/dnsjava/dnsjava/2.1.7/dnsjava-2.1.7.jar:/home/user/.m2/repository/org/apache/hadoop/hadoop-hdfs/3.2.0/hadoop-hdfs-3.2.0-tests.jar:/home/user/.m2/repository/org/eclipse/jetty/jetty-util-ajax/9.3.24.v20180605/jetty-util-ajax-9.3.24.v20180605.jar:/home/user/.m2/repository/commons-daemon/commons-daemon/1.0.13/commons-daemon-1.0.13.jar:/home/user/.m2/repository/io/netty/netty/3.10.5.Final/netty-3.10.5.Final.jar:/home/user/.m2/repository/io/netty/netty-all/4.0.52.Final/netty-all-4.0.52.Final.jar:/home/user/.m2/repository/org/fusesource/leveldbjni/leveldbjni-all/1.8/leveldbjni-all-1.8.jar:"/>
    <property name="sun.cpu.endian" value="little"/>
    <property name="user.home" value="/home/user"/>
    <property name="user.language" value="en"/>
    <property name="java.specification.vendor" value="Oracle Corporation"/>
    <property name="java.home" value="/usr/lib/jvm/java-1.8-openjdk/jre"/>
    <property name="java.security.krb5.conf" value="/workdir/hadoop-ozone/integration-test/target/test-classes/krb5.conf"/>
    <property name="basedir" value="/workdir/hadoop-ozone/integration-test"/>
    <property name="file.separator" value="/"/>
    <property name="line.separator" value="&#10;"/>
    <property name="java.vm.specification.vendor" value="Oracle Corporation"/>
    <property name="java.specification.name" value="Java Platform API Specification"/>
    <property name="java.awt.graphicsenv" value="sun.awt.X11GraphicsEnvironment"/>
    <property name="surefire.real.class.path" value="/workdir/hadoop-ozone/integration-test/target/surefire/surefirebooter726407179249920593.jar"/>
    <property name="hadoop.log.dir" value="/workdir/hadoop-ozone/integration-test/target/log"/>
    <property name="sun.boot.class.path" value="/usr/lib/jvm/java-1.8-openjdk/jre/lib/resources.jar:/usr/lib/jvm/java-1.8-openjdk/jre/lib/rt.jar:/usr/lib/jvm/java-1.8-openjdk/jre/lib/sunrsasign.jar:/usr/lib/jvm/java-1.8-openjdk/jre/lib/jsse.jar:/usr/lib/jvm/java-1.8-openjdk/jre/lib/jce.jar:/usr/lib/jvm/java-1.8-openjdk/jre/lib/charsets.jar:/usr/lib/jvm/java-1.8-openjdk/jre/lib/jfr.jar:/usr/lib/jvm/java-1.8-openjdk/jre/classes"/>
    <property name="sun.management.compiler" value="HotSpot 64-Bit Tiered Compilers"/>
    <property name="java.runtime.version" value="1.8.0_212-b04"/>
    <property name="java.net.preferIPv4Stack" value="true"/>
    <property name="user.name" value="jenkins1000"/>
    <property name="path.separator" value=":"/>
    <property name="java.security.egd" value="file:///dev/urandom"/>
    <property name="os.version" value="3.10.0-957.12.2.el7.x86_64"/>
    <property name="java.endorsed.dirs" value="/usr/lib/jvm/java-1.8-openjdk/jre/lib/endorsed"/>
    <property name="java.runtime.name" value="OpenJDK Runtime Environment"/>
    <property name="file.encoding" value="UTF-8"/>
    <property name="java.vm.name" value="OpenJDK 64-Bit Server VM"/>
    <property name="test.build.webapps" value=""/>
    <property name="localRepository" value="/home/user/.m2/repository"/>
    <property name="java.vendor.url.bug" value="https://icedtea.classpath.org/bugzilla"/>
    <property name="java.io.tmpdir" value="/tmp"/>
    <property name="require.test.libhadoop" value=""/>
    <property name="java.version" value="1.8.0_212"/>
    <property name="user.dir" value="/workdir/hadoop-ozone/integration-test"/>
    <property name="os.arch" value="amd64"/>
    <property name="java.vm.specification.name" value="Java Virtual Machine Specification"/>
    <property name="test.build.classes" value="/workdir/hadoop-ozone/integration-test/target/test-classes"/>
    <property name="java.awt.printerjob" value="sun.print.PSPrinterJob"/>
    <property name="sun.os.patch.level" value="unknown"/>
    <property name="hadoop.tmp.dir" value="/workdir/hadoop-ozone/integration-test/target/tmp"/>
    <property name="java.library.path" value="/usr/lib/jvm/java-1.8-openjdk/jre/lib/amd64/server:/usr/lib/jvm/java-1.8-openjdk/jre/lib/amd64:/usr/lib/jvm/java-1.8-openjdk/jre/../lib/amd64:/workdir/hadoop-ozone/integration-test/target/native/target/usr/local/lib:/workdir/hadoop-ozone/integration-test/../../hadoop-common-project/hadoop-common/target/native/target/usr/local/lib:/usr/java/packages/lib/amd64:/usr/lib64:/lib64:/lib:/usr/lib"/>
    <property name="java.vm.info" value="mixed mode"/>
    <property name="java.vendor" value="IcedTea"/>
    <property name="java.vm.version" value="25.212-b04"/>
    <property name="java.ext.dirs" value="/usr/lib/jvm/java-1.8-openjdk/jre/lib/ext:/usr/java/packages/lib/ext"/>
    <property name="sun.io.unicode.encoding" value="UnicodeLittle"/>
    <property name="java.class.version" value="52.0"/>
  </properties>
  <testcase name="testFlushChunk" classname="org.apache.hadoop.ozone.client.rpc.TestBlockOutputStream" time="5.483"/>
  <testcase name="testMultiChunkWrite2" classname="org.apache.hadoop.ozone.client.rpc.TestBlockOutputStream" time="0.502"/>
  <testcase name="testMultiChunkWrite" classname="org.apache.hadoop.ozone.client.rpc.TestBlockOutputStream" time="192.788">
    <failure message="expected:&lt;7&gt; but was:&lt;9&gt;" type="java.lang.AssertionError"><![CDATA[java.lang.AssertionError: expected:<7> but was:<9>
	at org.junit.Assert.fail(Assert.java:88)
	at org.junit.Assert.failNotEquals(Assert.java:743)
	at org.junit.Assert.assertEquals(Assert.java:118)
	at org.junit.Assert.assertEquals(Assert.java:555)
	at org.junit.Assert.assertEquals(Assert.java:542)
	at org.apache.hadoop.ozone.client.rpc.TestBlockOutputStream.testMultiChunkWrite(TestBlockOutputStream.java:364)
	at sun.reflect.NativeMethodAccessorImpl.invoke0(Native Method)
	at sun.reflect.NativeMethodAccessorImpl.invoke(NativeMethodAccessorImpl.java:62)
	at sun.reflect.DelegatingMethodAccessorImpl.invoke(DelegatingMethodAccessorImpl.java:43)
	at java.lang.reflect.Method.invoke(Method.java:498)
	at org.junit.runners.model.FrameworkMethod$1.runReflectiveCall(FrameworkMethod.java:47)
	at org.junit.internal.runners.model.ReflectiveCallable.run(ReflectiveCallable.java:12)
	at org.junit.runners.model.FrameworkMethod.invokeExplosively(FrameworkMethod.java:44)
	at org.junit.internal.runners.statements.InvokeMethod.evaluate(InvokeMethod.java:17)
	at org.junit.runners.ParentRunner.runLeaf(ParentRunner.java:271)
	at org.junit.runners.BlockJUnit4ClassRunner.runChild(BlockJUnit4ClassRunner.java:70)
	at org.junit.runners.BlockJUnit4ClassRunner.runChild(BlockJUnit4ClassRunner.java:50)
	at org.junit.runners.ParentRunner$3.run(ParentRunner.java:238)
	at org.junit.runners.ParentRunner$1.schedule(ParentRunner.java:63)
	at org.junit.runners.ParentRunner.runChildren(ParentRunner.java:236)
	at org.junit.runners.ParentRunner.access$000(ParentRunner.java:53)
	at org.junit.runners.ParentRunner$2.evaluate(ParentRunner.java:229)
	at org.junit.internal.runners.statements.RunBefores.evaluate(RunBefores.java:26)
	at org.junit.internal.runners.statements.RunAfters.evaluate(RunAfters.java:27)
	at org.junit.runners.ParentRunner.run(ParentRunner.java:309)
	at org.apache.maven.surefire.junit4.JUnit4Provider.execute(JUnit4Provider.java:365)
	at org.apache.maven.surefire.junit4.JUnit4Provider.executeWithRerun(JUnit4Provider.java:273)
	at org.apache.maven.surefire.junit4.JUnit4Provider.executeTestSet(JUnit4Provider.java:238)
	at org.apache.maven.surefire.junit4.JUnit4Provider.invoke(JUnit4Provider.java:159)
	at org.apache.maven.surefire.booter.ForkedBooter.invokeProviderInSameClassLoader(ForkedBooter.java:384)
	at org.apache.maven.surefire.booter.ForkedBooter.runSuitesInProcess(ForkedBooter.java:345)
	at org.apache.maven.surefire.booter.ForkedBooter.execute(ForkedBooter.java:126)
	at org.apache.maven.surefire.booter.ForkedBooter.main(ForkedBooter.java:418)
]]></failure>
    <system-out><![CDATA[2019-09-11 18:58:01,521 [java.util.concurrent.ThreadPoolExecutor$Worker@7dd920c1[State = -1, empty queue]] WARN  server.GrpcLogAppender (GrpcLogAppender.java:timeoutAppendRequest(200)) - b0d4f042-2fdd-43c4-bade-ce7ad6576109@group-F8300EFDFC05->d1e1b199-a92a-4c37-98e7-20a84e9cbec2-GrpcLogAppender: appendEntries Timeout, request=b0d4f042-2fdd-43c4-bade-ce7ad6576109->d1e1b199-a92a-4c37-98e7-20a84e9cbec2#12-t1, previous=(t:1, i:10), leaderCommit=10, initializing? false, entries: size=1, first=(t:1, i:11), STATEMACHINELOGENTRY, client-291467FB5DC3, cid=21
2019-09-11 18:58:01,521 [java.util.concurrent.ThreadPoolExecutor$Worker@7a92cdcb[State = -1, empty queue]] WARN  server.GrpcLogAppender (GrpcLogAppender.java:timeoutAppendRequest(200)) - b0d4f042-2fdd-43c4-bade-ce7ad6576109@group-F8300EFDFC05->317be899-a5e7-4874-8b34-173a53939308-GrpcLogAppender: appendEntries Timeout, request=b0d4f042-2fdd-43c4-bade-ce7ad6576109->317be899-a5e7-4874-8b34-173a53939308#12-t1, previous=(t:1, i:10), leaderCommit=10, initializing? false, entries: size=1, first=(t:1, i:11), STATEMACHINELOGENTRY, client-291467FB5DC3, cid=21
2019-09-11 18:58:01,523 [java.util.concurrent.ThreadPoolExecutor$Worker@7dd920c1[State = -1, empty queue]] WARN  server.GrpcLogAppender (GrpcLogAppender.java:timeoutAppendRequest(200)) - b0d4f042-2fdd-43c4-bade-ce7ad6576109@group-F8300EFDFC05->d1e1b199-a92a-4c37-98e7-20a84e9cbec2-GrpcLogAppender: appendEntries Timeout, request=b0d4f042-2fdd-43c4-bade-ce7ad6576109->d1e1b199-a92a-4c37-98e7-20a84e9cbec2#13-t1, previous=(t:1, i:11), leaderCommit=10, initializing? false, entries: size=1, first=(t:1, i:12), STATEMACHINELOGENTRY, client-291467FB5DC3, cid=22
2019-09-11 18:58:01,525 [java.util.concurrent.ThreadPoolExecutor$Worker@7dd920c1[State = -1, empty queue]] WARN  server.GrpcLogAppender (GrpcLogAppender.java:timeoutAppendRequest(200)) - b0d4f042-2fdd-43c4-bade-ce7ad6576109@group-F8300EFDFC05->d1e1b199-a92a-4c37-98e7-20a84e9cbec2-GrpcLogAppender: appendEntries Timeout, request=b0d4f042-2fdd-43c4-bade-ce7ad6576109->d1e1b199-a92a-4c37-98e7-20a84e9cbec2#14-t1, previous=(t:1, i:12), leaderCommit=10, initializing? false, entries: size=1, first=(t:1, i:13), STATEMACHINELOGENTRY, client-291467FB5DC3, cid=23
2019-09-11 18:58:01,525 [java.util.concurrent.ThreadPoolExecutor$Worker@7a92cdcb[State = -1, empty queue]] WARN  server.GrpcLogAppender (GrpcLogAppender.java:timeoutAppendRequest(200)) - b0d4f042-2fdd-43c4-bade-ce7ad6576109@group-F8300EFDFC05->317be899-a5e7-4874-8b34-173a53939308-GrpcLogAppender: appendEntries Timeout, request=b0d4f042-2fdd-43c4-bade-ce7ad6576109->317be899-a5e7-4874-8b34-173a53939308#13-t1, previous=(t:1, i:11), leaderCommit=10, initializing? false, entries: size=1, first=(t:1, i:12), STATEMACHINELOGENTRY, client-291467FB5DC3, cid=22
2019-09-11 18:58:01,527 [java.util.concurrent.ThreadPoolExecutor$Worker@7a92cdcb[State = -1, empty queue]] WARN  server.GrpcLogAppender (GrpcLogAppender.java:timeoutAppendRequest(200)) - b0d4f042-2fdd-43c4-bade-ce7ad6576109@group-F8300EFDFC05->317be899-a5e7-4874-8b34-173a53939308-GrpcLogAppender: appendEntries Timeout, request=b0d4f042-2fdd-43c4-bade-ce7ad6576109->317be899-a5e7-4874-8b34-173a53939308#14-t1, previous=(t:1, i:12), leaderCommit=10, initializing? false, entries: size=1, first=(t:1, i:13), STATEMACHINELOGENTRY, client-291467FB5DC3, cid=23
2019-09-11 18:58:03,587 [grpc-default-executor-3] INFO  client.GrpcClientProtocolClient (GrpcClientProtocolClient.java:onNext(264)) - client-291467FB5DC3->d1e1b199-a92a-4c37-98e7-20a84e9cbec2: receive RaftClientReply:client-291467FB5DC3->d1e1b199-a92a-4c37-98e7-20a84e9cbec2@group-F8300EFDFC05, cid=21, FAILED org.apache.ratis.protocol.NotLeaderException: Server d1e1b199-a92a-4c37-98e7-20a84e9cbec2@group-F8300EFDFC05 is not the leader b0d4f042-2fdd-43c4-bade-ce7ad6576109:192.168.5.143:42232, logIndex=0, commits[d1e1b199-a92a-4c37-98e7-20a84e9cbec2:c10, 317be899-a5e7-4874-8b34-173a53939308:c6, b0d4f042-2fdd-43c4-bade-ce7ad6576109:c10]
2019-09-11 18:58:04,024 [java.util.concurrent.ThreadPoolExecutor$Worker@7a92cdcb[State = -1, empty queue]] WARN  server.GrpcLogAppender (GrpcLogAppender.java:timeoutAppendRequest(200)) - b0d4f042-2fdd-43c4-bade-ce7ad6576109@group-F8300EFDFC05->317be899-a5e7-4874-8b34-173a53939308-GrpcLogAppender: appendEntries Timeout, request=b0d4f042-2fdd-43c4-bade-ce7ad6576109->317be899-a5e7-4874-8b34-173a53939308#15-t1, previous=(t:1, i:13), leaderCommit=10, initializing? false, entries: <empty>
2019-09-11 18:58:04,024 [java.util.concurrent.ThreadPoolExecutor$Worker@7dd920c1[State = -1, empty queue]] WARN  server.GrpcLogAppender (GrpcLogAppender.java:timeoutAppendRequest(200)) - b0d4f042-2fdd-43c4-bade-ce7ad6576109@group-F8300EFDFC05->d1e1b199-a92a-4c37-98e7-20a84e9cbec2-GrpcLogAppender: appendEntries Timeout, request=b0d4f042-2fdd-43c4-bade-ce7ad6576109->d1e1b199-a92a-4c37-98e7-20a84e9cbec2#15-t1, previous=(t:1, i:13), leaderCommit=10, initializing? false, entries: <empty>
2019-09-11 18:58:06,525 [java.util.concurrent.ThreadPoolExecutor$Worker@7a92cdcb[State = -1, empty queue]] WARN  server.GrpcLogAppender (GrpcLogAppender.java:timeoutAppendRequest(200)) - b0d4f042-2fdd-43c4-bade-ce7ad6576109@group-F8300EFDFC05->317be899-a5e7-4874-8b34-173a53939308-GrpcLogAppender: appendEntries Timeout, request=b0d4f042-2fdd-43c4-bade-ce7ad6576109->317be899-a5e7-4874-8b34-173a53939308#16-t1, previous=(t:1, i:13), leaderCommit=10, initializing? false, entries: <empty>
2019-09-11 18:58:06,525 [java.util.concurrent.ThreadPoolExecutor$Worker@7dd920c1[State = -1, empty queue]] WARN  server.GrpcLogAppender (GrpcLogAppender.java:timeoutAppendRequest(200)) - b0d4f042-2fdd-43c4-bade-ce7ad6576109@group-F8300EFDFC05->d1e1b199-a92a-4c37-98e7-20a84e9cbec2-GrpcLogAppender: appendEntries Timeout, request=b0d4f042-2fdd-43c4-bade-ce7ad6576109->d1e1b199-a92a-4c37-98e7-20a84e9cbec2#16-t1, previous=(t:1, i:13), leaderCommit=10, initializing? false, entries: <empty>
2019-09-11 18:58:08,649 [grpc-default-executor-3] INFO  client.GrpcClientProtocolClient (GrpcClientProtocolClient.java:onNext(264)) - client-291467FB5DC3->d1e1b199-a92a-4c37-98e7-20a84e9cbec2: receive RaftClientReply:client-291467FB5DC3->d1e1b199-a92a-4c37-98e7-20a84e9cbec2@group-F8300EFDFC05, cid=21, FAILED org.apache.ratis.protocol.NotLeaderException: Server d1e1b199-a92a-4c37-98e7-20a84e9cbec2@group-F8300EFDFC05 is not the leader b0d4f042-2fdd-43c4-bade-ce7ad6576109:192.168.5.143:42232, logIndex=0, commits[d1e1b199-a92a-4c37-98e7-20a84e9cbec2:c10, 317be899-a5e7-4874-8b34-173a53939308:c6, b0d4f042-2fdd-43c4-bade-ce7ad6576109:c10]
2019-09-11 18:58:08,687 [d1e1b199-a92a-4c37-98e7-20a84e9cbec2@group-F8300EFDFC05-SegmentedRaftLogWorker] WARN  segmented.SegmentedRaftLogWorker (SegmentedRaftLogWorker.java:getFromFuture(90)) - Timeout 0/~
org.apache.ratis.protocol.TimeoutIOException: Timeout 10s: WriteLog:12: (t:1, i:12), STATEMACHINELOGENTRY, client-291467FB5DC3, cid=22-writeStateMachineData
	at org.apache.ratis.util.IOUtils.getFromFuture(IOUtils.java:87)
	at org.apache.ratis.server.raftlog.segmented.SegmentedRaftLogWorker$StateMachineDataPolicy.getFromFuture(SegmentedRaftLogWorker.java:87)
	at org.apache.ratis.server.raftlog.segmented.SegmentedRaftLogWorker$WriteLog.execute(SegmentedRaftLogWorker.java:477)
	at org.apache.ratis.server.raftlog.segmented.SegmentedRaftLogWorker.run(SegmentedRaftLogWorker.java:289)
	at java.lang.Thread.run(Thread.java:748)
Caused by: java.util.concurrent.TimeoutException
	at java.util.concurrent.CompletableFuture.timedGet(CompletableFuture.java:1771)
	at java.util.concurrent.CompletableFuture.get(CompletableFuture.java:1915)
	at org.apache.ratis.util.IOUtils.getFromFuture(IOUtils.java:79)
	... 4 more
2019-09-11 18:58:08,687 [b0d4f042-2fdd-43c4-bade-ce7ad6576109@group-F8300EFDFC05-SegmentedRaftLogWorker] WARN  segmented.SegmentedRaftLogWorker (SegmentedRaftLogWorker.java:getFromFuture(90)) - Timeout 0/~
org.apache.ratis.protocol.TimeoutIOException: Timeout 10s: WriteLog:12: (t:1, i:12), STATEMACHINELOGENTRY, client-291467FB5DC3, cid=22-writeStateMachineData
	at org.apache.ratis.util.IOUtils.getFromFuture(IOUtils.java:87)
	at org.apache.ratis.server.raftlog.segmented.SegmentedRaftLogWorker$StateMachineDataPolicy.getFromFuture(SegmentedRaftLogWorker.java:87)
	at org.apache.ratis.server.raftlog.segmented.SegmentedRaftLogWorker$WriteLog.execute(SegmentedRaftLogWorker.java:477)
	at org.apache.ratis.server.raftlog.segmented.SegmentedRaftLogWorker.run(SegmentedRaftLogWorker.java:289)
	at java.lang.Thread.run(Thread.java:748)
Caused by: java.util.concurrent.TimeoutException
	at java.util.concurrent.CompletableFuture.timedGet(CompletableFuture.java:1771)
	at java.util.concurrent.CompletableFuture.get(CompletableFuture.java:1915)
	at org.apache.ratis.util.IOUtils.getFromFuture(IOUtils.java:79)
	... 4 more
2019-09-11 18:58:08,687 [317be899-a5e7-4874-8b34-173a53939308@group-F8300EFDFC05-SegmentedRaftLogWorker] WARN  segmented.SegmentedRaftLogWorker (SegmentedRaftLogWorker.java:getFromFuture(90)) - Timeout 0/~
org.apache.ratis.protocol.TimeoutIOException: Timeout 10s: WriteLog:12: (t:1, i:12), STATEMACHINELOGENTRY, client-291467FB5DC3, cid=22-writeStateMachineData
	at org.apache.ratis.util.IOUtils.getFromFuture(IOUtils.java:87)
	at org.apache.ratis.server.raftlog.segmented.SegmentedRaftLogWorker$StateMachineDataPolicy.getFromFuture(SegmentedRaftLogWorker.java:87)
	at org.apache.ratis.server.raftlog.segmented.SegmentedRaftLogWorker$WriteLog.execute(SegmentedRaftLogWorker.java:477)
	at org.apache.ratis.server.raftlog.segmented.SegmentedRaftLogWorker.run(SegmentedRaftLogWorker.java:289)
	at java.lang.Thread.run(Thread.java:748)
Caused by: java.util.concurrent.TimeoutException
	at java.util.concurrent.CompletableFuture.timedGet(CompletableFuture.java:1771)
	at java.util.concurrent.CompletableFuture.get(CompletableFuture.java:1915)
	at org.apache.ratis.util.IOUtils.getFromFuture(IOUtils.java:79)
	... 4 more
2019-09-11 18:58:09,027 [java.util.concurrent.ThreadPoolExecutor$Worker@7dd920c1[State = -1, empty queue]] WARN  server.GrpcLogAppender (GrpcLogAppender.java:timeoutAppendRequest(200)) - b0d4f042-2fdd-43c4-bade-ce7ad6576109@group-F8300EFDFC05->d1e1b199-a92a-4c37-98e7-20a84e9cbec2-GrpcLogAppender: appendEntries Timeout, request=b0d4f042-2fdd-43c4-bade-ce7ad6576109->d1e1b199-a92a-4c37-98e7-20a84e9cbec2#17-t1, previous=(t:1, i:13), leaderCommit=10, initializing? false, entries: <empty>
2019-09-11 18:58:09,027 [java.util.concurrent.ThreadPoolExecutor$Worker@7a92cdcb[State = -1, empty queue]] WARN  server.GrpcLogAppender (GrpcLogAppender.java:timeoutAppendRequest(200)) - b0d4f042-2fdd-43c4-bade-ce7ad6576109@group-F8300EFDFC05->317be899-a5e7-4874-8b34-173a53939308-GrpcLogAppender: appendEntries Timeout, request=b0d4f042-2fdd-43c4-bade-ce7ad6576109->317be899-a5e7-4874-8b34-173a53939308#17-t1, previous=(t:1, i:13), leaderCommit=10, initializing? false, entries: <empty>
2019-09-11 18:58:11,530 [java.util.concurrent.ThreadPoolExecutor$Worker@7dd920c1[State = -1, empty queue]] WARN  server.GrpcLogAppender (GrpcLogAppender.java:timeoutAppendRequest(200)) - b0d4f042-2fdd-43c4-bade-ce7ad6576109@group-F8300EFDFC05->d1e1b199-a92a-4c37-98e7-20a84e9cbec2-GrpcLogAppender: appendEntries Timeout, request=b0d4f042-2fdd-43c4-bade-ce7ad6576109->d1e1b199-a92a-4c37-98e7-20a84e9cbec2#18-t1, previous=(t:1, i:13), leaderCommit=10, initializing? false, entries: <empty>
2019-09-11 18:58:11,530 [java.util.concurrent.ThreadPoolExecutor$Worker@7a92cdcb[State = -1, empty queue]] WARN  server.GrpcLogAppender (GrpcLogAppender.java:timeoutAppendRequest(200)) - b0d4f042-2fdd-43c4-bade-ce7ad6576109@group-F8300EFDFC05->317be899-a5e7-4874-8b34-173a53939308-GrpcLogAppender: appendEntries Timeout, request=b0d4f042-2fdd-43c4-bade-ce7ad6576109->317be899-a5e7-4874-8b34-173a53939308#18-t1, previous=(t:1, i:13), leaderCommit=10, initializing? false, entries: <empty>
2019-09-11 18:58:13,724 [grpc-default-executor-3] INFO  client.GrpcClientProtocolClient (GrpcClientProtocolClient.java:onNext(264)) - client-291467FB5DC3->317be899-a5e7-4874-8b34-173a53939308: receive RaftClientReply:client-291467FB5DC3->317be899-a5e7-4874-8b34-173a53939308@group-F8300EFDFC05, cid=21, FAILED org.apache.ratis.protocol.NotLeaderException: Server 317be899-a5e7-4874-8b34-173a53939308@group-F8300EFDFC05 is not the leader b0d4f042-2fdd-43c4-bade-ce7ad6576109:192.168.5.143:42232, logIndex=0, commits[317be899-a5e7-4874-8b34-173a53939308:c10, d1e1b199-a92a-4c37-98e7-20a84e9cbec2:c6, b0d4f042-2fdd-43c4-bade-ce7ad6576109:c10]
2019-09-11 18:58:14,031 [java.util.concurrent.ThreadPoolExecutor$Worker@7a92cdcb[State = -1, empty queue]] WARN  server.GrpcLogAppender (GrpcLogAppender.java:timeoutAppendRequest(200)) - b0d4f042-2fdd-43c4-bade-ce7ad6576109@group-F8300EFDFC05->317be899-a5e7-4874-8b34-173a53939308-GrpcLogAppender: appendEntries Timeout, request=b0d4f042-2fdd-43c4-bade-ce7ad6576109->317be899-a5e7-4874-8b34-173a53939308#19-t1, previous=(t:1, i:13), leaderCommit=10, initializing? false, entries: <empty>
2019-09-11 18:58:14,031 [java.util.concurrent.ThreadPoolExecutor$Worker@7dd920c1[State = -1, empty queue]] WARN  server.GrpcLogAppender (GrpcLogAppender.java:timeoutAppendRequest(200)) - b0d4f042-2fdd-43c4-bade-ce7ad6576109@group-F8300EFDFC05->d1e1b199-a92a-4c37-98e7-20a84e9cbec2-GrpcLogAppender: appendEntries Timeout, request=b0d4f042-2fdd-43c4-bade-ce7ad6576109->d1e1b199-a92a-4c37-98e7-20a84e9cbec2#19-t1, previous=(t:1, i:13), leaderCommit=10, initializing? false, entries: <empty>
2019-09-11 18:58:16,532 [java.util.concurrent.ThreadPoolExecutor$Worker@7a92cdcb[State = -1, empty queue]] WARN  server.GrpcLogAppender (GrpcLogAppender.java:timeoutAppendRequest(200)) - b0d4f042-2fdd-43c4-bade-ce7ad6576109@group-F8300EFDFC05->317be899-a5e7-4874-8b34-173a53939308-GrpcLogAppender: appendEntries Timeout, request=b0d4f042-2fdd-43c4-bade-ce7ad6576109->317be899-a5e7-4874-8b34-173a53939308#20-t1, previous=(t:1, i:13), leaderCommit=10, initializing? false, entries: <empty>
2019-09-11 18:58:16,532 [java.util.concurrent.ThreadPoolExecutor$Worker@7dd920c1[State = -1, empty queue]] WARN  server.GrpcLogAppender (GrpcLogAppender.java:timeoutAppendRequest(200)) - b0d4f042-2fdd-43c4-bade-ce7ad6576109@group-F8300EFDFC05->d1e1b199-a92a-4c37-98e7-20a84e9cbec2-GrpcLogAppender: appendEntries Timeout, request=b0d4f042-2fdd-43c4-bade-ce7ad6576109->d1e1b199-a92a-4c37-98e7-20a84e9cbec2#20-t1, previous=(t:1, i:13), leaderCommit=10, initializing? false, entries: <empty>
2019-09-11 18:58:18,690 [d1e1b199-a92a-4c37-98e7-20a84e9cbec2@group-F8300EFDFC05-SegmentedRaftLogWorker] WARN  segmented.SegmentedRaftLogWorker (SegmentedRaftLogWorker.java:getFromFuture(90)) - Timeout 1/~
org.apache.ratis.protocol.TimeoutIOException: Timeout 10s: WriteLog:12: (t:1, i:12), STATEMACHINELOGENTRY, client-291467FB5DC3, cid=22-writeStateMachineData
	at org.apache.ratis.util.IOUtils.getFromFuture(IOUtils.java:87)
	at org.apache.ratis.server.raftlog.segmented.SegmentedRaftLogWorker$StateMachineDataPolicy.getFromFuture(SegmentedRaftLogWorker.java:87)
	at org.apache.ratis.server.raftlog.segmented.SegmentedRaftLogWorker$WriteLog.execute(SegmentedRaftLogWorker.java:477)
	at org.apache.ratis.server.raftlog.segmented.SegmentedRaftLogWorker.run(SegmentedRaftLogWorker.java:289)
	at java.lang.Thread.run(Thread.java:748)
Caused by: java.util.concurrent.TimeoutException
	at java.util.concurrent.CompletableFuture.timedGet(CompletableFuture.java:1771)
	at java.util.concurrent.CompletableFuture.get(CompletableFuture.java:1915)
	at org.apache.ratis.util.IOUtils.getFromFuture(IOUtils.java:79)
	... 4 more
2019-09-11 18:58:18,693 [b0d4f042-2fdd-43c4-bade-ce7ad6576109@group-F8300EFDFC05-SegmentedRaftLogWorker] WARN  segmented.SegmentedRaftLogWorker (SegmentedRaftLogWorker.java:getFromFuture(90)) - Timeout 1/~
org.apache.ratis.protocol.TimeoutIOException: Timeout 10s: WriteLog:12: (t:1, i:12), STATEMACHINELOGENTRY, client-291467FB5DC3, cid=22-writeStateMachineData
	at org.apache.ratis.util.IOUtils.getFromFuture(IOUtils.java:87)
	at org.apache.ratis.server.raftlog.segmented.SegmentedRaftLogWorker$StateMachineDataPolicy.getFromFuture(SegmentedRaftLogWorker.java:87)
	at org.apache.ratis.server.raftlog.segmented.SegmentedRaftLogWorker$WriteLog.execute(SegmentedRaftLogWorker.java:477)
	at org.apache.ratis.server.raftlog.segmented.SegmentedRaftLogWorker.run(SegmentedRaftLogWorker.java:289)
	at java.lang.Thread.run(Thread.java:748)
Caused by: java.util.concurrent.TimeoutException
	at java.util.concurrent.CompletableFuture.timedGet(CompletableFuture.java:1771)
	at java.util.concurrent.CompletableFuture.get(CompletableFuture.java:1915)
	at org.apache.ratis.util.IOUtils.getFromFuture(IOUtils.java:79)
	... 4 more
2019-09-11 18:58:18,693 [317be899-a5e7-4874-8b34-173a53939308@group-F8300EFDFC05-SegmentedRaftLogWorker] WARN  segmented.SegmentedRaftLogWorker (SegmentedRaftLogWorker.java:getFromFuture(90)) - Timeout 1/~
org.apache.ratis.protocol.TimeoutIOException: Timeout 10s: WriteLog:12: (t:1, i:12), STATEMACHINELOGENTRY, client-291467FB5DC3, cid=22-writeStateMachineData
	at org.apache.ratis.util.IOUtils.getFromFuture(IOUtils.java:87)
	at org.apache.ratis.server.raftlog.segmented.SegmentedRaftLogWorker$StateMachineDataPolicy.getFromFuture(SegmentedRaftLogWorker.java:87)
	at org.apache.ratis.server.raftlog.segmented.SegmentedRaftLogWorker$WriteLog.execute(SegmentedRaftLogWorker.java:477)
	at org.apache.ratis.server.raftlog.segmented.SegmentedRaftLogWorker.run(SegmentedRaftLogWorker.java:289)
	at java.lang.Thread.run(Thread.java:748)
Caused by: java.util.concurrent.TimeoutException
	at java.util.concurrent.CompletableFuture.timedGet(CompletableFuture.java:1771)
	at java.util.concurrent.CompletableFuture.get(CompletableFuture.java:1915)
	at org.apache.ratis.util.IOUtils.getFromFuture(IOUtils.java:79)
	... 4 more
2019-09-11 18:58:18,786 [grpc-default-executor-5] INFO  client.GrpcClientProtocolClient (GrpcClientProtocolClient.java:onNext(264)) - client-291467FB5DC3->d1e1b199-a92a-4c37-98e7-20a84e9cbec2: receive RaftClientReply:client-291467FB5DC3->d1e1b199-a92a-4c37-98e7-20a84e9cbec2@group-F8300EFDFC05, cid=21, FAILED org.apache.ratis.protocol.NotLeaderException: Server d1e1b199-a92a-4c37-98e7-20a84e9cbec2@group-F8300EFDFC05 is not the leader b0d4f042-2fdd-43c4-bade-ce7ad6576109:192.168.5.143:42232, logIndex=0, commits[d1e1b199-a92a-4c37-98e7-20a84e9cbec2:c10, 317be899-a5e7-4874-8b34-173a53939308:c6, b0d4f042-2fdd-43c4-bade-ce7ad6576109:c10]
2019-09-11 18:58:19,033 [java.util.concurrent.ThreadPoolExecutor$Worker@7dd920c1[State = -1, empty queue]] WARN  server.GrpcLogAppender (GrpcLogAppender.java:timeoutAppendRequest(200)) - b0d4f042-2fdd-43c4-bade-ce7ad6576109@group-F8300EFDFC05->d1e1b199-a92a-4c37-98e7-20a84e9cbec2-GrpcLogAppender: appendEntries Timeout, request=b0d4f042-2fdd-43c4-bade-ce7ad6576109->d1e1b199-a92a-4c37-98e7-20a84e9cbec2#21-t1, previous=(t:1, i:13), leaderCommit=10, initializing? false, entries: <empty>
2019-09-11 18:58:19,033 [java.util.concurrent.ThreadPoolExecutor$Worker@7a92cdcb[State = -1, empty queue]] WARN  server.GrpcLogAppender (GrpcLogAppender.java:timeoutAppendRequest(200)) - b0d4f042-2fdd-43c4-bade-ce7ad6576109@group-F8300EFDFC05->317be899-a5e7-4874-8b34-173a53939308-GrpcLogAppender: appendEntries Timeout, request=b0d4f042-2fdd-43c4-bade-ce7ad6576109->317be899-a5e7-4874-8b34-173a53939308#21-t1, previous=(t:1, i:13), leaderCommit=10, initializing? false, entries: <empty>
2019-09-11 18:58:21,534 [java.util.concurrent.ThreadPoolExecutor$Worker@7a92cdcb[State = -1, empty queue]] WARN  server.GrpcLogAppender (GrpcLogAppender.java:timeoutAppendRequest(200)) - b0d4f042-2fdd-43c4-bade-ce7ad6576109@group-F8300EFDFC05->317be899-a5e7-4874-8b34-173a53939308-GrpcLogAppender: appendEntries Timeout, request=b0d4f042-2fdd-43c4-bade-ce7ad6576109->317be899-a5e7-4874-8b34-173a53939308#22-t1, previous=(t:1, i:13), leaderCommit=10, initializing? false, entries: <empty>
2019-09-11 18:58:21,534 [java.util.concurrent.ThreadPoolExecutor$Worker@7dd920c1[State = -1, empty queue]] WARN  server.GrpcLogAppender (GrpcLogAppender.java:timeoutAppendRequest(200)) - b0d4f042-2fdd-43c4-bade-ce7ad6576109@group-F8300EFDFC05->d1e1b199-a92a-4c37-98e7-20a84e9cbec2-GrpcLogAppender: appendEntries Timeout, request=b0d4f042-2fdd-43c4-bade-ce7ad6576109->d1e1b199-a92a-4c37-98e7-20a84e9cbec2#22-t1, previous=(t:1, i:13), leaderCommit=10, initializing? false, entries: <empty>
2019-09-11 18:58:23,840 [grpc-default-executor-4] INFO  client.GrpcClientProtocolClient (GrpcClientProtocolClient.java:onNext(264)) - client-291467FB5DC3->d1e1b199-a92a-4c37-98e7-20a84e9cbec2: receive RaftClientReply:client-291467FB5DC3->d1e1b199-a92a-4c37-98e7-20a84e9cbec2@group-F8300EFDFC05, cid=21, FAILED org.apache.ratis.protocol.NotLeaderException: Server d1e1b199-a92a-4c37-98e7-20a84e9cbec2@group-F8300EFDFC05 is not the leader b0d4f042-2fdd-43c4-bade-ce7ad6576109:192.168.5.143:42232, logIndex=0, commits[d1e1b199-a92a-4c37-98e7-20a84e9cbec2:c10, 317be899-a5e7-4874-8b34-173a53939308:c6, b0d4f042-2fdd-43c4-bade-ce7ad6576109:c10]
2019-09-11 18:58:24,035 [java.util.concurrent.ThreadPoolExecutor$Worker@7dd920c1[State = -1, empty queue]] WARN  server.GrpcLogAppender (GrpcLogAppender.java:timeoutAppendRequest(200)) - b0d4f042-2fdd-43c4-bade-ce7ad6576109@group-F8300EFDFC05->d1e1b199-a92a-4c37-98e7-20a84e9cbec2-GrpcLogAppender: appendEntries Timeout, request=b0d4f042-2fdd-43c4-bade-ce7ad6576109->d1e1b199-a92a-4c37-98e7-20a84e9cbec2#23-t1, previous=(t:1, i:13), leaderCommit=10, initializing? false, entries: <empty>
2019-09-11 18:58:24,035 [java.util.concurrent.ThreadPoolExecutor$Worker@7a92cdcb[State = -1, empty queue]] WARN  server.GrpcLogAppender (GrpcLogAppender.java:timeoutAppendRequest(200)) - b0d4f042-2fdd-43c4-bade-ce7ad6576109@group-F8300EFDFC05->317be899-a5e7-4874-8b34-173a53939308-GrpcLogAppender: appendEntries Timeout, request=b0d4f042-2fdd-43c4-bade-ce7ad6576109->317be899-a5e7-4874-8b34-173a53939308#23-t1, previous=(t:1, i:13), leaderCommit=10, initializing? false, entries: <empty>
2019-09-11 18:58:26,536 [java.util.concurrent.ThreadPoolExecutor$Worker@7dd920c1[State = -1, empty queue]] WARN  server.GrpcLogAppender (GrpcLogAppender.java:timeoutAppendRequest(200)) - b0d4f042-2fdd-43c4-bade-ce7ad6576109@group-F8300EFDFC05->d1e1b199-a92a-4c37-98e7-20a84e9cbec2-GrpcLogAppender: appendEntries Timeout, request=b0d4f042-2fdd-43c4-bade-ce7ad6576109->d1e1b199-a92a-4c37-98e7-20a84e9cbec2#24-t1, previous=(t:1, i:13), leaderCommit=10, initializing? false, entries: <empty>
2019-09-11 18:58:26,536 [java.util.concurrent.ThreadPoolExecutor$Worker@7a92cdcb[State = -1, empty queue]] WARN  server.GrpcLogAppender (GrpcLogAppender.java:timeoutAppendRequest(200)) - b0d4f042-2fdd-43c4-bade-ce7ad6576109@group-F8300EFDFC05->317be899-a5e7-4874-8b34-173a53939308-GrpcLogAppender: appendEntries Timeout, request=b0d4f042-2fdd-43c4-bade-ce7ad6576109->317be899-a5e7-4874-8b34-173a53939308#24-t1, previous=(t:1, i:13), leaderCommit=10, initializing? false, entries: <empty>
2019-09-11 18:58:28,692 [d1e1b199-a92a-4c37-98e7-20a84e9cbec2@group-F8300EFDFC05-SegmentedRaftLogWorker] WARN  segmented.SegmentedRaftLogWorker (SegmentedRaftLogWorker.java:getFromFuture(90)) - Timeout 2/~
org.apache.ratis.protocol.TimeoutIOException: Timeout 10s: WriteLog:12: (t:1, i:12), STATEMACHINELOGENTRY, client-291467FB5DC3, cid=22-writeStateMachineData
	at org.apache.ratis.util.IOUtils.getFromFuture(IOUtils.java:87)
	at org.apache.ratis.server.raftlog.segmented.SegmentedRaftLogWorker$StateMachineDataPolicy.getFromFuture(SegmentedRaftLogWorker.java:87)
	at org.apache.ratis.server.raftlog.segmented.SegmentedRaftLogWorker$WriteLog.execute(SegmentedRaftLogWorker.java:477)
	at org.apache.ratis.server.raftlog.segmented.SegmentedRaftLogWorker.run(SegmentedRaftLogWorker.java:289)
	at java.lang.Thread.run(Thread.java:748)
Caused by: java.util.concurrent.TimeoutException
	at java.util.concurrent.CompletableFuture.timedGet(CompletableFuture.java:1771)
	at java.util.concurrent.CompletableFuture.get(CompletableFuture.java:1915)
	at org.apache.ratis.util.IOUtils.getFromFuture(IOUtils.java:79)
	... 4 more
2019-09-11 18:58:28,694 [b0d4f042-2fdd-43c4-bade-ce7ad6576109@group-F8300EFDFC05-SegmentedRaftLogWorker] WARN  segmented.SegmentedRaftLogWorker (SegmentedRaftLogWorker.java:getFromFuture(90)) - Timeout 2/~
org.apache.ratis.protocol.TimeoutIOException: Timeout 10s: WriteLog:12: (t:1, i:12), STATEMACHINELOGENTRY, client-291467FB5DC3, cid=22-writeStateMachineData
	at org.apache.ratis.util.IOUtils.getFromFuture(IOUtils.java:87)
	at org.apache.ratis.server.raftlog.segmented.SegmentedRaftLogWorker$StateMachineDataPolicy.getFromFuture(SegmentedRaftLogWorker.java:87)
	at org.apache.ratis.server.raftlog.segmented.SegmentedRaftLogWorker$WriteLog.execute(SegmentedRaftLogWorker.java:477)
	at org.apache.ratis.server.raftlog.segmented.SegmentedRaftLogWorker.run(SegmentedRaftLogWorker.java:289)
	at java.lang.Thread.run(Thread.java:748)
Caused by: java.util.concurrent.TimeoutException
	at java.util.concurrent.CompletableFuture.timedGet(CompletableFuture.java:1771)
	at java.util.concurrent.CompletableFuture.get(CompletableFuture.java:1915)
	at org.apache.ratis.util.IOUtils.getFromFuture(IOUtils.java:79)
	... 4 more
2019-09-11 18:58:28,695 [317be899-a5e7-4874-8b34-173a53939308@group-F8300EFDFC05-SegmentedRaftLogWorker] WARN  segmented.SegmentedRaftLogWorker (SegmentedRaftLogWorker.java:getFromFuture(90)) - Timeout 2/~
org.apache.ratis.protocol.TimeoutIOException: Timeout 10s: WriteLog:12: (t:1, i:12), STATEMACHINELOGENTRY, client-291467FB5DC3, cid=22-writeStateMachineData
	at org.apache.ratis.util.IOUtils.getFromFuture(IOUtils.java:87)
	at org.apache.ratis.server.raftlog.segmented.SegmentedRaftLogWorker$StateMachineDataPolicy.getFromFuture(SegmentedRaftLogWorker.java:87)
	at org.apache.ratis.server.raftlog.segmented.SegmentedRaftLogWorker$WriteLog.execute(SegmentedRaftLogWorker.java:477)
	at org.apache.ratis.server.raftlog.segmented.SegmentedRaftLogWorker.run(SegmentedRaftLogWorker.java:289)
	at java.lang.Thread.run(Thread.java:748)
Caused by: java.util.concurrent.TimeoutException
	at java.util.concurrent.CompletableFuture.timedGet(CompletableFuture.java:1771)
	at java.util.concurrent.CompletableFuture.get(CompletableFuture.java:1915)
	at org.apache.ratis.util.IOUtils.getFromFuture(IOUtils.java:79)
	... 4 more
2019-09-11 18:58:28,902 [grpc-default-executor-4] INFO  client.GrpcClientProtocolClient (GrpcClientProtocolClient.java:onNext(264)) - client-291467FB5DC3->317be899-a5e7-4874-8b34-173a53939308: receive RaftClientReply:client-291467FB5DC3->317be899-a5e7-4874-8b34-173a53939308@group-F8300EFDFC05, cid=21, FAILED org.apache.ratis.protocol.NotLeaderException: Server 317be899-a5e7-4874-8b34-173a53939308@group-F8300EFDFC05 is not the leader b0d4f042-2fdd-43c4-bade-ce7ad6576109:192.168.5.143:42232, logIndex=0, commits[317be899-a5e7-4874-8b34-173a53939308:c10, d1e1b199-a92a-4c37-98e7-20a84e9cbec2:c6, b0d4f042-2fdd-43c4-bade-ce7ad6576109:c10]
2019-09-11 18:58:29,037 [java.util.concurrent.ThreadPoolExecutor$Worker@7dd920c1[State = -1, empty queue]] WARN  server.GrpcLogAppender (GrpcLogAppender.java:timeoutAppendRequest(200)) - b0d4f042-2fdd-43c4-bade-ce7ad6576109@group-F8300EFDFC05->d1e1b199-a92a-4c37-98e7-20a84e9cbec2-GrpcLogAppender: appendEntries Timeout, request=b0d4f042-2fdd-43c4-bade-ce7ad6576109->d1e1b199-a92a-4c37-98e7-20a84e9cbec2#25-t1, previous=(t:1, i:13), leaderCommit=10, initializing? false, entries: <empty>
2019-09-11 18:58:29,037 [java.util.concurrent.ThreadPoolExecutor$Worker@7a92cdcb[State = -1, empty queue]] WARN  server.GrpcLogAppender (GrpcLogAppender.java:timeoutAppendRequest(200)) - b0d4f042-2fdd-43c4-bade-ce7ad6576109@group-F8300EFDFC05->317be899-a5e7-4874-8b34-173a53939308-GrpcLogAppender: appendEntries Timeout, request=b0d4f042-2fdd-43c4-bade-ce7ad6576109->317be899-a5e7-4874-8b34-173a53939308#25-t1, previous=(t:1, i:13), leaderCommit=10, initializing? false, entries: <empty>
2019-09-11 18:58:31,539 [java.util.concurrent.ThreadPoolExecutor$Worker@7a92cdcb[State = -1, empty queue]] WARN  server.GrpcLogAppender (GrpcLogAppender.java:timeoutAppendRequest(200)) - b0d4f042-2fdd-43c4-bade-ce7ad6576109@group-F8300EFDFC05->317be899-a5e7-4874-8b34-173a53939308-GrpcLogAppender: appendEntries Timeout, request=b0d4f042-2fdd-43c4-bade-ce7ad6576109->317be899-a5e7-4874-8b34-173a53939308#26-t1, previous=(t:1, i:13), leaderCommit=10, initializing? false, entries: <empty>
2019-09-11 18:58:31,539 [java.util.concurrent.ThreadPoolExecutor$Worker@7dd920c1[State = -1, empty queue]] WARN  server.GrpcLogAppender (GrpcLogAppender.java:timeoutAppendRequest(200)) - b0d4f042-2fdd-43c4-bade-ce7ad6576109@group-F8300EFDFC05->d1e1b199-a92a-4c37-98e7-20a84e9cbec2-GrpcLogAppender: appendEntries Timeout, request=b0d4f042-2fdd-43c4-bade-ce7ad6576109->d1e1b199-a92a-4c37-98e7-20a84e9cbec2#26-t1, previous=(t:1, i:13), leaderCommit=10, initializing? false, entries: <empty>
2019-09-11 18:58:33,970 [grpc-default-executor-5] INFO  client.GrpcClientProtocolClient (GrpcClientProtocolClient.java:onNext(264)) - client-291467FB5DC3->d1e1b199-a92a-4c37-98e7-20a84e9cbec2: receive RaftClientReply:client-291467FB5DC3->d1e1b199-a92a-4c37-98e7-20a84e9cbec2@group-F8300EFDFC05, cid=21, FAILED org.apache.ratis.protocol.NotLeaderException: Server d1e1b199-a92a-4c37-98e7-20a84e9cbec2@group-F8300EFDFC05 is not the leader b0d4f042-2fdd-43c4-bade-ce7ad6576109:192.168.5.143:42232, logIndex=0, commits[d1e1b199-a92a-4c37-98e7-20a84e9cbec2:c10, 317be899-a5e7-4874-8b34-173a53939308:c6, b0d4f042-2fdd-43c4-bade-ce7ad6576109:c10]
2019-09-11 18:58:34,039 [java.util.concurrent.ThreadPoolExecutor$Worker@7a92cdcb[State = -1, empty queue]] WARN  server.GrpcLogAppender (GrpcLogAppender.java:timeoutAppendRequest(200)) - b0d4f042-2fdd-43c4-bade-ce7ad6576109@group-F8300EFDFC05->317be899-a5e7-4874-8b34-173a53939308-GrpcLogAppender: appendEntries Timeout, request=b0d4f042-2fdd-43c4-bade-ce7ad6576109->317be899-a5e7-4874-8b34-173a53939308#27-t1, previous=(t:1, i:13), leaderCommit=10, initializing? false, entries: <empty>
2019-09-11 18:58:34,039 [java.util.concurrent.ThreadPoolExecutor$Worker@7dd920c1[State = -1, empty queue]] WARN  server.GrpcLogAppender (GrpcLogAppender.java:timeoutAppendRequest(200)) - b0d4f042-2fdd-43c4-bade-ce7ad6576109@group-F8300EFDFC05->d1e1b199-a92a-4c37-98e7-20a84e9cbec2-GrpcLogAppender: appendEntries Timeout, request=b0d4f042-2fdd-43c4-bade-ce7ad6576109->d1e1b199-a92a-4c37-98e7-20a84e9cbec2#27-t1, previous=(t:1, i:13), leaderCommit=10, initializing? false, entries: <empty>
2019-09-11 18:58:36,540 [java.util.concurrent.ThreadPoolExecutor$Worker@7dd920c1[State = -1, empty queue]] WARN  server.GrpcLogAppender (GrpcLogAppender.java:timeoutAppendRequest(200)) - b0d4f042-2fdd-43c4-bade-ce7ad6576109@group-F8300EFDFC05->d1e1b199-a92a-4c37-98e7-20a84e9cbec2-GrpcLogAppender: appendEntries Timeout, request=b0d4f042-2fdd-43c4-bade-ce7ad6576109->d1e1b199-a92a-4c37-98e7-20a84e9cbec2#28-t1, previous=(t:1, i:13), leaderCommit=10, initializing? false, entries: <empty>
2019-09-11 18:58:36,540 [java.util.concurrent.ThreadPoolExecutor$Worker@7a92cdcb[State = -1, empty queue]] WARN  server.GrpcLogAppender (GrpcLogAppender.java:timeoutAppendRequest(200)) - b0d4f042-2fdd-43c4-bade-ce7ad6576109@group-F8300EFDFC05->317be899-a5e7-4874-8b34-173a53939308-GrpcLogAppender: appendEntries Timeout, request=b0d4f042-2fdd-43c4-bade-ce7ad6576109->317be899-a5e7-4874-8b34-173a53939308#28-t1, previous=(t:1, i:13), leaderCommit=10, initializing? false, entries: <empty>
2019-09-11 18:58:38,695 [d1e1b199-a92a-4c37-98e7-20a84e9cbec2@group-F8300EFDFC05-SegmentedRaftLogWorker] WARN  segmented.SegmentedRaftLogWorker (SegmentedRaftLogWorker.java:getFromFuture(90)) - Timeout 3/~
org.apache.ratis.protocol.TimeoutIOException: Timeout 10s: WriteLog:12: (t:1, i:12), STATEMACHINELOGENTRY, client-291467FB5DC3, cid=22-writeStateMachineData
	at org.apache.ratis.util.IOUtils.getFromFuture(IOUtils.java:87)
	at org.apache.ratis.server.raftlog.segmented.SegmentedRaftLogWorker$StateMachineDataPolicy.getFromFuture(SegmentedRaftLogWorker.java:87)
	at org.apache.ratis.server.raftlog.segmented.SegmentedRaftLogWorker$WriteLog.execute(SegmentedRaftLogWorker.java:477)
	at org.apache.ratis.server.raftlog.segmented.SegmentedRaftLogWorker.run(SegmentedRaftLogWorker.java:289)
	at java.lang.Thread.run(Thread.java:748)
Caused by: java.util.concurrent.TimeoutException
	at java.util.concurrent.CompletableFuture.timedGet(CompletableFuture.java:1771)
	at java.util.concurrent.CompletableFuture.get(CompletableFuture.java:1915)
	at org.apache.ratis.util.IOUtils.getFromFuture(IOUtils.java:79)
	... 4 more
2019-09-11 18:58:38,695 [b0d4f042-2fdd-43c4-bade-ce7ad6576109@group-F8300EFDFC05-SegmentedRaftLogWorker] WARN  segmented.SegmentedRaftLogWorker (SegmentedRaftLogWorker.java:getFromFuture(90)) - Timeout 3/~
org.apache.ratis.protocol.TimeoutIOException: Timeout 10s: WriteLog:12: (t:1, i:12), STATEMACHINELOGENTRY, client-291467FB5DC3, cid=22-writeStateMachineData
	at org.apache.ratis.util.IOUtils.getFromFuture(IOUtils.java:87)
	at org.apache.ratis.server.raftlog.segmented.SegmentedRaftLogWorker$StateMachineDataPolicy.getFromFuture(SegmentedRaftLogWorker.java:87)
	at org.apache.ratis.server.raftlog.segmented.SegmentedRaftLogWorker$WriteLog.execute(SegmentedRaftLogWorker.java:477)
	at org.apache.ratis.server.raftlog.segmented.SegmentedRaftLogWorker.run(SegmentedRaftLogWorker.java:289)
	at java.lang.Thread.run(Thread.java:748)
Caused by: java.util.concurrent.TimeoutException
	at java.util.concurrent.CompletableFuture.timedGet(CompletableFuture.java:1771)
	at java.util.concurrent.CompletableFuture.get(CompletableFuture.java:1915)
	at org.apache.ratis.util.IOUtils.getFromFuture(IOUtils.java:79)
	... 4 more
2019-09-11 18:58:38,696 [317be899-a5e7-4874-8b34-173a53939308@group-F8300EFDFC05-SegmentedRaftLogWorker] WARN  segmented.SegmentedRaftLogWorker (SegmentedRaftLogWorker.java:getFromFuture(90)) - Timeout 3/~
org.apache.ratis.protocol.TimeoutIOException: Timeout 10s: WriteLog:12: (t:1, i:12), STATEMACHINELOGENTRY, client-291467FB5DC3, cid=22-writeStateMachineData
	at org.apache.ratis.util.IOUtils.getFromFuture(IOUtils.java:87)
	at org.apache.ratis.server.raftlog.segmented.SegmentedRaftLogWorker$StateMachineDataPolicy.getFromFuture(SegmentedRaftLogWorker.java:87)
	at org.apache.ratis.server.raftlog.segmented.SegmentedRaftLogWorker$WriteLog.execute(SegmentedRaftLogWorker.java:477)
	at org.apache.ratis.server.raftlog.segmented.SegmentedRaftLogWorker.run(SegmentedRaftLogWorker.java:289)
	at java.lang.Thread.run(Thread.java:748)
Caused by: java.util.concurrent.TimeoutException
	at java.util.concurrent.CompletableFuture.timedGet(CompletableFuture.java:1771)
	at java.util.concurrent.CompletableFuture.get(CompletableFuture.java:1915)
	at org.apache.ratis.util.IOUtils.getFromFuture(IOUtils.java:79)
	... 4 more
2019-09-11 18:58:39,037 [grpc-default-executor-4] INFO  client.GrpcClientProtocolClient (GrpcClientProtocolClient.java:onNext(264)) - client-291467FB5DC3->317be899-a5e7-4874-8b34-173a53939308: receive RaftClientReply:client-291467FB5DC3->317be899-a5e7-4874-8b34-173a53939308@group-F8300EFDFC05, cid=21, FAILED org.apache.ratis.protocol.NotLeaderException: Server 317be899-a5e7-4874-8b34-173a53939308@group-F8300EFDFC05 is not the leader b0d4f042-2fdd-43c4-bade-ce7ad6576109:192.168.5.143:42232, logIndex=0, commits[317be899-a5e7-4874-8b34-173a53939308:c10, d1e1b199-a92a-4c37-98e7-20a84e9cbec2:c6, b0d4f042-2fdd-43c4-bade-ce7ad6576109:c10]
2019-09-11 18:58:39,045 [java.util.concurrent.ThreadPoolExecutor$Worker@7dd920c1[State = -1, empty queue]] WARN  server.GrpcLogAppender (GrpcLogAppender.java:timeoutAppendRequest(200)) - b0d4f042-2fdd-43c4-bade-ce7ad6576109@group-F8300EFDFC05->d1e1b199-a92a-4c37-98e7-20a84e9cbec2-GrpcLogAppender: appendEntries Timeout, request=b0d4f042-2fdd-43c4-bade-ce7ad6576109->d1e1b199-a92a-4c37-98e7-20a84e9cbec2#29-t1, previous=(t:1, i:13), leaderCommit=10, initializing? false, entries: <empty>
2019-09-11 18:58:39,045 [java.util.concurrent.ThreadPoolExecutor$Worker@7a92cdcb[State = -1, empty queue]] WARN  server.GrpcLogAppender (GrpcLogAppender.java:timeoutAppendRequest(200)) - b0d4f042-2fdd-43c4-bade-ce7ad6576109@group-F8300EFDFC05->317be899-a5e7-4874-8b34-173a53939308-GrpcLogAppender: appendEntries Timeout, request=b0d4f042-2fdd-43c4-bade-ce7ad6576109->317be899-a5e7-4874-8b34-173a53939308#29-t1, previous=(t:1, i:13), leaderCommit=10, initializing? false, entries: <empty>
2019-09-11 18:58:41,542 [java.util.concurrent.ThreadPoolExecutor$Worker@7dd920c1[State = -1, empty queue]] WARN  server.GrpcLogAppender (GrpcLogAppender.java:timeoutAppendRequest(200)) - b0d4f042-2fdd-43c4-bade-ce7ad6576109@group-F8300EFDFC05->d1e1b199-a92a-4c37-98e7-20a84e9cbec2-GrpcLogAppender: appendEntries Timeout, request=b0d4f042-2fdd-43c4-bade-ce7ad6576109->d1e1b199-a92a-4c37-98e7-20a84e9cbec2#30-t1, previous=(t:1, i:13), leaderCommit=10, initializing? false, entries: <empty>
2019-09-11 18:58:41,542 [java.util.concurrent.ThreadPoolExecutor$Worker@7a92cdcb[State = -1, empty queue]] WARN  server.GrpcLogAppender (GrpcLogAppender.java:timeoutAppendRequest(200)) - b0d4f042-2fdd-43c4-bade-ce7ad6576109@group-F8300EFDFC05->317be899-a5e7-4874-8b34-173a53939308-GrpcLogAppender: appendEntries Timeout, request=b0d4f042-2fdd-43c4-bade-ce7ad6576109->317be899-a5e7-4874-8b34-173a53939308#30-t1, previous=(t:1, i:13), leaderCommit=10, initializing? false, entries: <empty>
2019-09-11 18:58:44,043 [java.util.concurrent.ThreadPoolExecutor$Worker@7dd920c1[State = -1, empty queue]] WARN  server.GrpcLogAppender (GrpcLogAppender.java:timeoutAppendRequest(200)) - b0d4f042-2fdd-43c4-bade-ce7ad6576109@group-F8300EFDFC05->d1e1b199-a92a-4c37-98e7-20a84e9cbec2-GrpcLogAppender: appendEntries Timeout, request=b0d4f042-2fdd-43c4-bade-ce7ad6576109->d1e1b199-a92a-4c37-98e7-20a84e9cbec2#31-t1, previous=(t:1, i:13), leaderCommit=10, initializing? false, entries: <empty>
2019-09-11 18:58:44,043 [java.util.concurrent.ThreadPoolExecutor$Worker@7a92cdcb[State = -1, empty queue]] WARN  server.GrpcLogAppender (GrpcLogAppender.java:timeoutAppendRequest(200)) - b0d4f042-2fdd-43c4-bade-ce7ad6576109@group-F8300EFDFC05->317be899-a5e7-4874-8b34-173a53939308-GrpcLogAppender: appendEntries Timeout, request=b0d4f042-2fdd-43c4-bade-ce7ad6576109->317be899-a5e7-4874-8b34-173a53939308#31-t1, previous=(t:1, i:13), leaderCommit=10, initializing? false, entries: <empty>
2019-09-11 18:58:44,096 [grpc-default-executor-4] INFO  client.GrpcClientProtocolClient (GrpcClientProtocolClient.java:onNext(264)) - client-291467FB5DC3->d1e1b199-a92a-4c37-98e7-20a84e9cbec2: receive RaftClientReply:client-291467FB5DC3->d1e1b199-a92a-4c37-98e7-20a84e9cbec2@group-F8300EFDFC05, cid=21, FAILED org.apache.ratis.protocol.NotLeaderException: Server d1e1b199-a92a-4c37-98e7-20a84e9cbec2@group-F8300EFDFC05 is not the leader b0d4f042-2fdd-43c4-bade-ce7ad6576109:192.168.5.143:42232, logIndex=0, commits[d1e1b199-a92a-4c37-98e7-20a84e9cbec2:c10, 317be899-a5e7-4874-8b34-173a53939308:c6, b0d4f042-2fdd-43c4-bade-ce7ad6576109:c10]
2019-09-11 18:58:46,544 [java.util.concurrent.ThreadPoolExecutor$Worker@7dd920c1[State = -1, empty queue]] WARN  server.GrpcLogAppender (GrpcLogAppender.java:timeoutAppendRequest(200)) - b0d4f042-2fdd-43c4-bade-ce7ad6576109@group-F8300EFDFC05->d1e1b199-a92a-4c37-98e7-20a84e9cbec2-GrpcLogAppender: appendEntries Timeout, request=b0d4f042-2fdd-43c4-bade-ce7ad6576109->d1e1b199-a92a-4c37-98e7-20a84e9cbec2#32-t1, previous=(t:1, i:13), leaderCommit=10, initializing? false, entries: <empty>
2019-09-11 18:58:46,544 [java.util.concurrent.ThreadPoolExecutor$Worker@7a92cdcb[State = -1, empty queue]] WARN  server.GrpcLogAppender (GrpcLogAppender.java:timeoutAppendRequest(200)) - b0d4f042-2fdd-43c4-bade-ce7ad6576109@group-F8300EFDFC05->317be899-a5e7-4874-8b34-173a53939308-GrpcLogAppender: appendEntries Timeout, request=b0d4f042-2fdd-43c4-bade-ce7ad6576109->317be899-a5e7-4874-8b34-173a53939308#32-t1, previous=(t:1, i:13), leaderCommit=10, initializing? false, entries: <empty>
2019-09-11 18:58:48,696 [d1e1b199-a92a-4c37-98e7-20a84e9cbec2@group-F8300EFDFC05-SegmentedRaftLogWorker] WARN  segmented.SegmentedRaftLogWorker (SegmentedRaftLogWorker.java:getFromFuture(90)) - Timeout 4/~
org.apache.ratis.protocol.TimeoutIOException: Timeout 10s: WriteLog:12: (t:1, i:12), STATEMACHINELOGENTRY, client-291467FB5DC3, cid=22-writeStateMachineData
	at org.apache.ratis.util.IOUtils.getFromFuture(IOUtils.java:87)
	at org.apache.ratis.server.raftlog.segmented.SegmentedRaftLogWorker$StateMachineDataPolicy.getFromFuture(SegmentedRaftLogWorker.java:87)
	at org.apache.ratis.server.raftlog.segmented.SegmentedRaftLogWorker$WriteLog.execute(SegmentedRaftLogWorker.java:477)
	at org.apache.ratis.server.raftlog.segmented.SegmentedRaftLogWorker.run(SegmentedRaftLogWorker.java:289)
	at java.lang.Thread.run(Thread.java:748)
Caused by: java.util.concurrent.TimeoutException
	at java.util.concurrent.CompletableFuture.timedGet(CompletableFuture.java:1771)
	at java.util.concurrent.CompletableFuture.get(CompletableFuture.java:1915)
	at org.apache.ratis.util.IOUtils.getFromFuture(IOUtils.java:79)
	... 4 more
2019-09-11 18:58:48,699 [b0d4f042-2fdd-43c4-bade-ce7ad6576109@group-F8300EFDFC05-SegmentedRaftLogWorker] WARN  segmented.SegmentedRaftLogWorker (SegmentedRaftLogWorker.java:getFromFuture(90)) - Timeout 4/~
org.apache.ratis.protocol.TimeoutIOException: Timeout 10s: WriteLog:12: (t:1, i:12), STATEMACHINELOGENTRY, client-291467FB5DC3, cid=22-writeStateMachineData
	at org.apache.ratis.util.IOUtils.getFromFuture(IOUtils.java:87)
	at org.apache.ratis.server.raftlog.segmented.SegmentedRaftLogWorker$StateMachineDataPolicy.getFromFuture(SegmentedRaftLogWorker.java:87)
	at org.apache.ratis.server.raftlog.segmented.SegmentedRaftLogWorker$WriteLog.execute(SegmentedRaftLogWorker.java:477)
	at org.apache.ratis.server.raftlog.segmented.SegmentedRaftLogWorker.run(SegmentedRaftLogWorker.java:289)
	at java.lang.Thread.run(Thread.java:748)
Caused by: java.util.concurrent.TimeoutException
	at java.util.concurrent.CompletableFuture.timedGet(CompletableFuture.java:1771)
	at java.util.concurrent.CompletableFuture.get(CompletableFuture.java:1915)
	at org.apache.ratis.util.IOUtils.getFromFuture(IOUtils.java:79)
	... 4 more
2019-09-11 18:58:48,699 [317be899-a5e7-4874-8b34-173a53939308@group-F8300EFDFC05-SegmentedRaftLogWorker] WARN  segmented.SegmentedRaftLogWorker (SegmentedRaftLogWorker.java:getFromFuture(90)) - Timeout 4/~
org.apache.ratis.protocol.TimeoutIOException: Timeout 10s: WriteLog:12: (t:1, i:12), STATEMACHINELOGENTRY, client-291467FB5DC3, cid=22-writeStateMachineData
	at org.apache.ratis.util.IOUtils.getFromFuture(IOUtils.java:87)
	at org.apache.ratis.server.raftlog.segmented.SegmentedRaftLogWorker$StateMachineDataPolicy.getFromFuture(SegmentedRaftLogWorker.java:87)
	at org.apache.ratis.server.raftlog.segmented.SegmentedRaftLogWorker$WriteLog.execute(SegmentedRaftLogWorker.java:477)
	at org.apache.ratis.server.raftlog.segmented.SegmentedRaftLogWorker.run(SegmentedRaftLogWorker.java:289)
	at java.lang.Thread.run(Thread.java:748)
Caused by: java.util.concurrent.TimeoutException
	at java.util.concurrent.CompletableFuture.timedGet(CompletableFuture.java:1771)
	at java.util.concurrent.CompletableFuture.get(CompletableFuture.java:1915)
	at org.apache.ratis.util.IOUtils.getFromFuture(IOUtils.java:79)
	... 4 more
2019-09-11 18:58:49,044 [java.util.concurrent.ThreadPoolExecutor$Worker@7a92cdcb[State = -1, empty queue]] WARN  server.GrpcLogAppender (GrpcLogAppender.java:timeoutAppendRequest(200)) - b0d4f042-2fdd-43c4-bade-ce7ad6576109@group-F8300EFDFC05->317be899-a5e7-4874-8b34-173a53939308-GrpcLogAppender: appendEntries Timeout, request=b0d4f042-2fdd-43c4-bade-ce7ad6576109->317be899-a5e7-4874-8b34-173a53939308#33-t1, previous=(t:1, i:13), leaderCommit=10, initializing? false, entries: <empty>
2019-09-11 18:58:49,044 [java.util.concurrent.ThreadPoolExecutor$Worker@7dd920c1[State = -1, empty queue]] WARN  server.GrpcLogAppender (GrpcLogAppender.java:timeoutAppendRequest(200)) - b0d4f042-2fdd-43c4-bade-ce7ad6576109@group-F8300EFDFC05->d1e1b199-a92a-4c37-98e7-20a84e9cbec2-GrpcLogAppender: appendEntries Timeout, request=b0d4f042-2fdd-43c4-bade-ce7ad6576109->d1e1b199-a92a-4c37-98e7-20a84e9cbec2#33-t1, previous=(t:1, i:13), leaderCommit=10, initializing? false, entries: <empty>
2019-09-11 18:58:49,142 [grpc-default-executor-4] INFO  client.GrpcClientProtocolClient (GrpcClientProtocolClient.java:onNext(264)) - client-291467FB5DC3->317be899-a5e7-4874-8b34-173a53939308: receive RaftClientReply:client-291467FB5DC3->317be899-a5e7-4874-8b34-173a53939308@group-F8300EFDFC05, cid=21, FAILED org.apache.ratis.protocol.NotLeaderException: Server 317be899-a5e7-4874-8b34-173a53939308@group-F8300EFDFC05 is not the leader b0d4f042-2fdd-43c4-bade-ce7ad6576109:192.168.5.143:42232, logIndex=0, commits[317be899-a5e7-4874-8b34-173a53939308:c10, d1e1b199-a92a-4c37-98e7-20a84e9cbec2:c6, b0d4f042-2fdd-43c4-bade-ce7ad6576109:c10]
2019-09-11 18:58:51,545 [java.util.concurrent.ThreadPoolExecutor$Worker@7dd920c1[State = -1, empty queue]] WARN  server.GrpcLogAppender (GrpcLogAppender.java:timeoutAppendRequest(200)) - b0d4f042-2fdd-43c4-bade-ce7ad6576109@group-F8300EFDFC05->d1e1b199-a92a-4c37-98e7-20a84e9cbec2-GrpcLogAppender: appendEntries Timeout, request=b0d4f042-2fdd-43c4-bade-ce7ad6576109->d1e1b199-a92a-4c37-98e7-20a84e9cbec2#34-t1, previous=(t:1, i:13), leaderCommit=10, initializing? false, entries: <empty>
2019-09-11 18:58:51,545 [java.util.concurrent.ThreadPoolExecutor$Worker@7a92cdcb[State = -1, empty queue]] WARN  server.GrpcLogAppender (GrpcLogAppender.java:timeoutAppendRequest(200)) - b0d4f042-2fdd-43c4-bade-ce7ad6576109@group-F8300EFDFC05->317be899-a5e7-4874-8b34-173a53939308-GrpcLogAppender: appendEntries Timeout, request=b0d4f042-2fdd-43c4-bade-ce7ad6576109->317be899-a5e7-4874-8b34-173a53939308#34-t1, previous=(t:1, i:13), leaderCommit=10, initializing? false, entries: <empty>
2019-09-11 18:58:54,046 [java.util.concurrent.ThreadPoolExecutor$Worker@7dd920c1[State = -1, empty queue]] WARN  server.GrpcLogAppender (GrpcLogAppender.java:timeoutAppendRequest(200)) - b0d4f042-2fdd-43c4-bade-ce7ad6576109@group-F8300EFDFC05->d1e1b199-a92a-4c37-98e7-20a84e9cbec2-GrpcLogAppender: appendEntries Timeout, request=b0d4f042-2fdd-43c4-bade-ce7ad6576109->d1e1b199-a92a-4c37-98e7-20a84e9cbec2#35-t1, previous=(t:1, i:13), leaderCommit=10, initializing? false, entries: <empty>
2019-09-11 18:58:54,046 [java.util.concurrent.ThreadPoolExecutor$Worker@7a92cdcb[State = -1, empty queue]] WARN  server.GrpcLogAppender (GrpcLogAppender.java:timeoutAppendRequest(200)) - b0d4f042-2fdd-43c4-bade-ce7ad6576109@group-F8300EFDFC05->317be899-a5e7-4874-8b34-173a53939308-GrpcLogAppender: appendEntries Timeout, request=b0d4f042-2fdd-43c4-bade-ce7ad6576109->317be899-a5e7-4874-8b34-173a53939308#35-t1, previous=(t:1, i:13), leaderCommit=10, initializing? false, entries: <empty>
2019-09-11 18:58:54,186 [grpc-default-executor-5] INFO  client.GrpcClientProtocolClient (GrpcClientProtocolClient.java:onNext(264)) - client-291467FB5DC3->317be899-a5e7-4874-8b34-173a53939308: receive RaftClientReply:client-291467FB5DC3->317be899-a5e7-4874-8b34-173a53939308@group-F8300EFDFC05, cid=21, FAILED org.apache.ratis.protocol.NotLeaderException: Server 317be899-a5e7-4874-8b34-173a53939308@group-F8300EFDFC05 is not the leader b0d4f042-2fdd-43c4-bade-ce7ad6576109:192.168.5.143:42232, logIndex=0, commits[317be899-a5e7-4874-8b34-173a53939308:c10, d1e1b199-a92a-4c37-98e7-20a84e9cbec2:c6, b0d4f042-2fdd-43c4-bade-ce7ad6576109:c10]
2019-09-11 18:58:56,547 [java.util.concurrent.ThreadPoolExecutor$Worker@7a92cdcb[State = -1, empty queue]] WARN  server.GrpcLogAppender (GrpcLogAppender.java:timeoutAppendRequest(200)) - b0d4f042-2fdd-43c4-bade-ce7ad6576109@group-F8300EFDFC05->317be899-a5e7-4874-8b34-173a53939308-GrpcLogAppender: appendEntries Timeout, request=b0d4f042-2fdd-43c4-bade-ce7ad6576109->317be899-a5e7-4874-8b34-173a53939308#36-t1, previous=(t:1, i:13), leaderCommit=10, initializing? false, entries: <empty>
2019-09-11 18:58:56,547 [java.util.concurrent.ThreadPoolExecutor$Worker@7dd920c1[State = -1, empty queue]] WARN  server.GrpcLogAppender (GrpcLogAppender.java:timeoutAppendRequest(200)) - b0d4f042-2fdd-43c4-bade-ce7ad6576109@group-F8300EFDFC05->d1e1b199-a92a-4c37-98e7-20a84e9cbec2-GrpcLogAppender: appendEntries Timeout, request=b0d4f042-2fdd-43c4-bade-ce7ad6576109->d1e1b199-a92a-4c37-98e7-20a84e9cbec2#36-t1, previous=(t:1, i:13), leaderCommit=10, initializing? false, entries: <empty>
2019-09-11 18:58:58,700 [d1e1b199-a92a-4c37-98e7-20a84e9cbec2@group-F8300EFDFC05-SegmentedRaftLogWorker] WARN  segmented.SegmentedRaftLogWorker (SegmentedRaftLogWorker.java:getFromFuture(90)) - Timeout 5/~
org.apache.ratis.protocol.TimeoutIOException: Timeout 10s: WriteLog:12: (t:1, i:12), STATEMACHINELOGENTRY, client-291467FB5DC3, cid=22-writeStateMachineData
	at org.apache.ratis.util.IOUtils.getFromFuture(IOUtils.java:87)
	at org.apache.ratis.server.raftlog.segmented.SegmentedRaftLogWorker$StateMachineDataPolicy.getFromFuture(SegmentedRaftLogWorker.java:87)
	at org.apache.ratis.server.raftlog.segmented.SegmentedRaftLogWorker$WriteLog.execute(SegmentedRaftLogWorker.java:477)
	at org.apache.ratis.server.raftlog.segmented.SegmentedRaftLogWorker.run(SegmentedRaftLogWorker.java:289)
	at java.lang.Thread.run(Thread.java:748)
Caused by: java.util.concurrent.TimeoutException
	at java.util.concurrent.CompletableFuture.timedGet(CompletableFuture.java:1771)
	at java.util.concurrent.CompletableFuture.get(CompletableFuture.java:1915)
	at org.apache.ratis.util.IOUtils.getFromFuture(IOUtils.java:79)
	... 4 more
2019-09-11 18:58:58,700 [b0d4f042-2fdd-43c4-bade-ce7ad6576109@group-F8300EFDFC05-SegmentedRaftLogWorker] WARN  segmented.SegmentedRaftLogWorker (SegmentedRaftLogWorker.java:getFromFuture(90)) - Timeout 5/~
org.apache.ratis.protocol.TimeoutIOException: Timeout 10s: WriteLog:12: (t:1, i:12), STATEMACHINELOGENTRY, client-291467FB5DC3, cid=22-writeStateMachineData
	at org.apache.ratis.util.IOUtils.getFromFuture(IOUtils.java:87)
	at org.apache.ratis.server.raftlog.segmented.SegmentedRaftLogWorker$StateMachineDataPolicy.getFromFuture(SegmentedRaftLogWorker.java:87)
	at org.apache.ratis.server.raftlog.segmented.SegmentedRaftLogWorker$WriteLog.execute(SegmentedRaftLogWorker.java:477)
	at org.apache.ratis.server.raftlog.segmented.SegmentedRaftLogWorker.run(SegmentedRaftLogWorker.java:289)
	at java.lang.Thread.run(Thread.java:748)
Caused by: java.util.concurrent.TimeoutException
	at java.util.concurrent.CompletableFuture.timedGet(CompletableFuture.java:1771)
	at java.util.concurrent.CompletableFuture.get(CompletableFuture.java:1915)
	at org.apache.ratis.util.IOUtils.getFromFuture(IOUtils.java:79)
	... 4 more
2019-09-11 18:58:58,701 [317be899-a5e7-4874-8b34-173a53939308@group-F8300EFDFC05-SegmentedRaftLogWorker] WARN  segmented.SegmentedRaftLogWorker (SegmentedRaftLogWorker.java:getFromFuture(90)) - Timeout 5/~
org.apache.ratis.protocol.TimeoutIOException: Timeout 10s: WriteLog:12: (t:1, i:12), STATEMACHINELOGENTRY, client-291467FB5DC3, cid=22-writeStateMachineData
	at org.apache.ratis.util.IOUtils.getFromFuture(IOUtils.java:87)
	at org.apache.ratis.server.raftlog.segmented.SegmentedRaftLogWorker$StateMachineDataPolicy.getFromFuture(SegmentedRaftLogWorker.java:87)
	at org.apache.ratis.server.raftlog.segmented.SegmentedRaftLogWorker$WriteLog.execute(SegmentedRaftLogWorker.java:477)
	at org.apache.ratis.server.raftlog.segmented.SegmentedRaftLogWorker.run(SegmentedRaftLogWorker.java:289)
	at java.lang.Thread.run(Thread.java:748)
Caused by: java.util.concurrent.TimeoutException
	at java.util.concurrent.CompletableFuture.timedGet(CompletableFuture.java:1771)
	at java.util.concurrent.CompletableFuture.get(CompletableFuture.java:1915)
	at org.apache.ratis.util.IOUtils.getFromFuture(IOUtils.java:79)
	... 4 more
2019-09-11 18:58:59,048 [java.util.concurrent.ThreadPoolExecutor$Worker@7dd920c1[State = -1, empty queue]] WARN  server.GrpcLogAppender (GrpcLogAppender.java:timeoutAppendRequest(200)) - b0d4f042-2fdd-43c4-bade-ce7ad6576109@group-F8300EFDFC05->d1e1b199-a92a-4c37-98e7-20a84e9cbec2-GrpcLogAppender: appendEntries Timeout, request=b0d4f042-2fdd-43c4-bade-ce7ad6576109->d1e1b199-a92a-4c37-98e7-20a84e9cbec2#37-t1, previous=(t:1, i:13), leaderCommit=10, initializing? false, entries: <empty>
2019-09-11 18:58:59,048 [java.util.concurrent.ThreadPoolExecutor$Worker@7a92cdcb[State = -1, empty queue]] WARN  server.GrpcLogAppender (GrpcLogAppender.java:timeoutAppendRequest(200)) - b0d4f042-2fdd-43c4-bade-ce7ad6576109@group-F8300EFDFC05->317be899-a5e7-4874-8b34-173a53939308-GrpcLogAppender: appendEntries Timeout, request=b0d4f042-2fdd-43c4-bade-ce7ad6576109->317be899-a5e7-4874-8b34-173a53939308#37-t1, previous=(t:1, i:13), leaderCommit=10, initializing? false, entries: <empty>
2019-09-11 18:58:59,235 [grpc-default-executor-4] INFO  client.GrpcClientProtocolClient (GrpcClientProtocolClient.java:onNext(264)) - client-291467FB5DC3->317be899-a5e7-4874-8b34-173a53939308: receive RaftClientReply:client-291467FB5DC3->317be899-a5e7-4874-8b34-173a53939308@group-F8300EFDFC05, cid=21, FAILED org.apache.ratis.protocol.NotLeaderException: Server 317be899-a5e7-4874-8b34-173a53939308@group-F8300EFDFC05 is not the leader b0d4f042-2fdd-43c4-bade-ce7ad6576109:192.168.5.143:42232, logIndex=0, commits[317be899-a5e7-4874-8b34-173a53939308:c10, d1e1b199-a92a-4c37-98e7-20a84e9cbec2:c6, b0d4f042-2fdd-43c4-bade-ce7ad6576109:c10]
2019-09-11 18:59:01,548 [java.util.concurrent.ThreadPoolExecutor$Worker@7dd920c1[State = -1, empty queue]] WARN  server.GrpcLogAppender (GrpcLogAppender.java:timeoutAppendRequest(200)) - b0d4f042-2fdd-43c4-bade-ce7ad6576109@group-F8300EFDFC05->d1e1b199-a92a-4c37-98e7-20a84e9cbec2-GrpcLogAppender: appendEntries Timeout, request=b0d4f042-2fdd-43c4-bade-ce7ad6576109->d1e1b199-a92a-4c37-98e7-20a84e9cbec2#38-t1, previous=(t:1, i:13), leaderCommit=10, initializing? false, entries: <empty>
2019-09-11 18:59:01,548 [java.util.concurrent.ThreadPoolExecutor$Worker@7a92cdcb[State = -1, empty queue]] WARN  server.GrpcLogAppender (GrpcLogAppender.java:timeoutAppendRequest(200)) - b0d4f042-2fdd-43c4-bade-ce7ad6576109@group-F8300EFDFC05->317be899-a5e7-4874-8b34-173a53939308-GrpcLogAppender: appendEntries Timeout, request=b0d4f042-2fdd-43c4-bade-ce7ad6576109->317be899-a5e7-4874-8b34-173a53939308#38-t1, previous=(t:1, i:13), leaderCommit=10, initializing? false, entries: <empty>
2019-09-11 18:59:04,049 [java.util.concurrent.ThreadPoolExecutor$Worker@7a92cdcb[State = -1, empty queue]] WARN  server.GrpcLogAppender (GrpcLogAppender.java:timeoutAppendRequest(200)) - b0d4f042-2fdd-43c4-bade-ce7ad6576109@group-F8300EFDFC05->317be899-a5e7-4874-8b34-173a53939308-GrpcLogAppender: appendEntries Timeout, request=b0d4f042-2fdd-43c4-bade-ce7ad6576109->317be899-a5e7-4874-8b34-173a53939308#39-t1, previous=(t:1, i:13), leaderCommit=10, initializing? false, entries: <empty>
2019-09-11 18:59:04,049 [java.util.concurrent.ThreadPoolExecutor$Worker@7dd920c1[State = -1, empty queue]] WARN  server.GrpcLogAppender (GrpcLogAppender.java:timeoutAppendRequest(200)) - b0d4f042-2fdd-43c4-bade-ce7ad6576109@group-F8300EFDFC05->d1e1b199-a92a-4c37-98e7-20a84e9cbec2-GrpcLogAppender: appendEntries Timeout, request=b0d4f042-2fdd-43c4-bade-ce7ad6576109->d1e1b199-a92a-4c37-98e7-20a84e9cbec2#39-t1, previous=(t:1, i:13), leaderCommit=10, initializing? false, entries: <empty>
2019-09-11 18:59:04,294 [grpc-default-executor-5] INFO  client.GrpcClientProtocolClient (GrpcClientProtocolClient.java:onNext(264)) - client-291467FB5DC3->317be899-a5e7-4874-8b34-173a53939308: receive RaftClientReply:client-291467FB5DC3->317be899-a5e7-4874-8b34-173a53939308@group-F8300EFDFC05, cid=21, FAILED org.apache.ratis.protocol.NotLeaderException: Server 317be899-a5e7-4874-8b34-173a53939308@group-F8300EFDFC05 is not the leader b0d4f042-2fdd-43c4-bade-ce7ad6576109:192.168.5.143:42232, logIndex=0, commits[317be899-a5e7-4874-8b34-173a53939308:c10, d1e1b199-a92a-4c37-98e7-20a84e9cbec2:c6, b0d4f042-2fdd-43c4-bade-ce7ad6576109:c10]
2019-09-11 18:59:06,550 [java.util.concurrent.ThreadPoolExecutor$Worker@7a92cdcb[State = -1, empty queue]] WARN  server.GrpcLogAppender (GrpcLogAppender.java:timeoutAppendRequest(200)) - b0d4f042-2fdd-43c4-bade-ce7ad6576109@group-F8300EFDFC05->317be899-a5e7-4874-8b34-173a53939308-GrpcLogAppender: appendEntries Timeout, request=b0d4f042-2fdd-43c4-bade-ce7ad6576109->317be899-a5e7-4874-8b34-173a53939308#40-t1, previous=(t:1, i:13), leaderCommit=10, initializing? false, entries: <empty>
2019-09-11 18:59:06,550 [java.util.concurrent.ThreadPoolExecutor$Worker@7dd920c1[State = -1, empty queue]] WARN  server.GrpcLogAppender (GrpcLogAppender.java:timeoutAppendRequest(200)) - b0d4f042-2fdd-43c4-bade-ce7ad6576109@group-F8300EFDFC05->d1e1b199-a92a-4c37-98e7-20a84e9cbec2-GrpcLogAppender: appendEntries Timeout, request=b0d4f042-2fdd-43c4-bade-ce7ad6576109->d1e1b199-a92a-4c37-98e7-20a84e9cbec2#40-t1, previous=(t:1, i:13), leaderCommit=10, initializing? false, entries: <empty>
2019-09-11 18:59:08,701 [d1e1b199-a92a-4c37-98e7-20a84e9cbec2@group-F8300EFDFC05-SegmentedRaftLogWorker] WARN  segmented.SegmentedRaftLogWorker (SegmentedRaftLogWorker.java:getFromFuture(90)) - Timeout 6/~
org.apache.ratis.protocol.TimeoutIOException: Timeout 10s: WriteLog:12: (t:1, i:12), STATEMACHINELOGENTRY, client-291467FB5DC3, cid=22-writeStateMachineData
	at org.apache.ratis.util.IOUtils.getFromFuture(IOUtils.java:87)
	at org.apache.ratis.server.raftlog.segmented.SegmentedRaftLogWorker$StateMachineDataPolicy.getFromFuture(SegmentedRaftLogWorker.java:87)
	at org.apache.ratis.server.raftlog.segmented.SegmentedRaftLogWorker$WriteLog.execute(SegmentedRaftLogWorker.java:477)
	at org.apache.ratis.server.raftlog.segmented.SegmentedRaftLogWorker.run(SegmentedRaftLogWorker.java:289)
	at java.lang.Thread.run(Thread.java:748)
Caused by: java.util.concurrent.TimeoutException
	at java.util.concurrent.CompletableFuture.timedGet(CompletableFuture.java:1771)
	at java.util.concurrent.CompletableFuture.get(CompletableFuture.java:1915)
	at org.apache.ratis.util.IOUtils.getFromFuture(IOUtils.java:79)
	... 4 more
2019-09-11 18:59:08,702 [317be899-a5e7-4874-8b34-173a53939308@group-F8300EFDFC05-SegmentedRaftLogWorker] WARN  segmented.SegmentedRaftLogWorker (SegmentedRaftLogWorker.java:getFromFuture(90)) - Timeout 6/~
org.apache.ratis.protocol.TimeoutIOException: Timeout 10s: WriteLog:12: (t:1, i:12), STATEMACHINELOGENTRY, client-291467FB5DC3, cid=22-writeStateMachineData
	at org.apache.ratis.util.IOUtils.getFromFuture(IOUtils.java:87)
	at org.apache.ratis.server.raftlog.segmented.SegmentedRaftLogWorker$StateMachineDataPolicy.getFromFuture(SegmentedRaftLogWorker.java:87)
	at org.apache.ratis.server.raftlog.segmented.SegmentedRaftLogWorker$WriteLog.execute(SegmentedRaftLogWorker.java:477)
	at org.apache.ratis.server.raftlog.segmented.SegmentedRaftLogWorker.run(SegmentedRaftLogWorker.java:289)
	at java.lang.Thread.run(Thread.java:748)
Caused by: java.util.concurrent.TimeoutException
	at java.util.concurrent.CompletableFuture.timedGet(CompletableFuture.java:1771)
	at java.util.concurrent.CompletableFuture.get(CompletableFuture.java:1915)
	at org.apache.ratis.util.IOUtils.getFromFuture(IOUtils.java:79)
	... 4 more
2019-09-11 18:59:08,702 [b0d4f042-2fdd-43c4-bade-ce7ad6576109@group-F8300EFDFC05-SegmentedRaftLogWorker] WARN  segmented.SegmentedRaftLogWorker (SegmentedRaftLogWorker.java:getFromFuture(90)) - Timeout 6/~
org.apache.ratis.protocol.TimeoutIOException: Timeout 10s: WriteLog:12: (t:1, i:12), STATEMACHINELOGENTRY, client-291467FB5DC3, cid=22-writeStateMachineData
	at org.apache.ratis.util.IOUtils.getFromFuture(IOUtils.java:87)
	at org.apache.ratis.server.raftlog.segmented.SegmentedRaftLogWorker$StateMachineDataPolicy.getFromFuture(SegmentedRaftLogWorker.java:87)
	at org.apache.ratis.server.raftlog.segmented.SegmentedRaftLogWorker$WriteLog.execute(SegmentedRaftLogWorker.java:477)
	at org.apache.ratis.server.raftlog.segmented.SegmentedRaftLogWorker.run(SegmentedRaftLogWorker.java:289)
	at java.lang.Thread.run(Thread.java:748)
Caused by: java.util.concurrent.TimeoutException
	at java.util.concurrent.CompletableFuture.timedGet(CompletableFuture.java:1771)
	at java.util.concurrent.CompletableFuture.get(CompletableFuture.java:1915)
	at org.apache.ratis.util.IOUtils.getFromFuture(IOUtils.java:79)
	... 4 more
2019-09-11 18:59:09,050 [java.util.concurrent.ThreadPoolExecutor$Worker@7a92cdcb[State = -1, empty queue]] WARN  server.GrpcLogAppender (GrpcLogAppender.java:timeoutAppendRequest(200)) - b0d4f042-2fdd-43c4-bade-ce7ad6576109@group-F8300EFDFC05->317be899-a5e7-4874-8b34-173a53939308-GrpcLogAppender: appendEntries Timeout, request=b0d4f042-2fdd-43c4-bade-ce7ad6576109->317be899-a5e7-4874-8b34-173a53939308#41-t1, previous=(t:1, i:13), leaderCommit=10, initializing? false, entries: <empty>
2019-09-11 18:59:09,050 [java.util.concurrent.ThreadPoolExecutor$Worker@7dd920c1[State = -1, empty queue]] WARN  server.GrpcLogAppender (GrpcLogAppender.java:timeoutAppendRequest(200)) - b0d4f042-2fdd-43c4-bade-ce7ad6576109@group-F8300EFDFC05->d1e1b199-a92a-4c37-98e7-20a84e9cbec2-GrpcLogAppender: appendEntries Timeout, request=b0d4f042-2fdd-43c4-bade-ce7ad6576109->d1e1b199-a92a-4c37-98e7-20a84e9cbec2#41-t1, previous=(t:1, i:13), leaderCommit=10, initializing? false, entries: <empty>
2019-09-11 18:59:09,385 [grpc-default-executor-4] INFO  client.GrpcClientProtocolClient (GrpcClientProtocolClient.java:onNext(264)) - client-291467FB5DC3->d1e1b199-a92a-4c37-98e7-20a84e9cbec2: receive RaftClientReply:client-291467FB5DC3->d1e1b199-a92a-4c37-98e7-20a84e9cbec2@group-F8300EFDFC05, cid=21, FAILED org.apache.ratis.protocol.NotLeaderException: Server d1e1b199-a92a-4c37-98e7-20a84e9cbec2@group-F8300EFDFC05 is not the leader b0d4f042-2fdd-43c4-bade-ce7ad6576109:192.168.5.143:42232, logIndex=0, commits[d1e1b199-a92a-4c37-98e7-20a84e9cbec2:c10, 317be899-a5e7-4874-8b34-173a53939308:c6, b0d4f042-2fdd-43c4-bade-ce7ad6576109:c10]
2019-09-11 18:59:11,551 [java.util.concurrent.ThreadPoolExecutor$Worker@7a92cdcb[State = -1, empty queue]] WARN  server.GrpcLogAppender (GrpcLogAppender.java:timeoutAppendRequest(200)) - b0d4f042-2fdd-43c4-bade-ce7ad6576109@group-F8300EFDFC05->317be899-a5e7-4874-8b34-173a53939308-GrpcLogAppender: appendEntries Timeout, request=b0d4f042-2fdd-43c4-bade-ce7ad6576109->317be899-a5e7-4874-8b34-173a53939308#42-t1, previous=(t:1, i:13), leaderCommit=10, initializing? false, entries: <empty>
2019-09-11 18:59:11,551 [java.util.concurrent.ThreadPoolExecutor$Worker@7dd920c1[State = -1, empty queue]] WARN  server.GrpcLogAppender (GrpcLogAppender.java:timeoutAppendRequest(200)) - b0d4f042-2fdd-43c4-bade-ce7ad6576109@group-F8300EFDFC05->d1e1b199-a92a-4c37-98e7-20a84e9cbec2-GrpcLogAppender: appendEntries Timeout, request=b0d4f042-2fdd-43c4-bade-ce7ad6576109->d1e1b199-a92a-4c37-98e7-20a84e9cbec2#42-t1, previous=(t:1, i:13), leaderCommit=10, initializing? false, entries: <empty>
2019-09-11 18:59:14,051 [java.util.concurrent.ThreadPoolExecutor$Worker@7dd920c1[State = -1, empty queue]] WARN  server.GrpcLogAppender (GrpcLogAppender.java:timeoutAppendRequest(200)) - b0d4f042-2fdd-43c4-bade-ce7ad6576109@group-F8300EFDFC05->d1e1b199-a92a-4c37-98e7-20a84e9cbec2-GrpcLogAppender: appendEntries Timeout, request=b0d4f042-2fdd-43c4-bade-ce7ad6576109->d1e1b199-a92a-4c37-98e7-20a84e9cbec2#43-t1, previous=(t:1, i:13), leaderCommit=10, initializing? false, entries: <empty>
2019-09-11 18:59:14,051 [java.util.concurrent.ThreadPoolExecutor$Worker@7a92cdcb[State = -1, empty queue]] WARN  server.GrpcLogAppender (GrpcLogAppender.java:timeoutAppendRequest(200)) - b0d4f042-2fdd-43c4-bade-ce7ad6576109@group-F8300EFDFC05->317be899-a5e7-4874-8b34-173a53939308-GrpcLogAppender: appendEntries Timeout, request=b0d4f042-2fdd-43c4-bade-ce7ad6576109->317be899-a5e7-4874-8b34-173a53939308#43-t1, previous=(t:1, i:13), leaderCommit=10, initializing? false, entries: <empty>
2019-09-11 18:59:14,449 [grpc-default-executor-4] INFO  client.GrpcClientProtocolClient (GrpcClientProtocolClient.java:onNext(264)) - client-291467FB5DC3->d1e1b199-a92a-4c37-98e7-20a84e9cbec2: receive RaftClientReply:client-291467FB5DC3->d1e1b199-a92a-4c37-98e7-20a84e9cbec2@group-F8300EFDFC05, cid=21, FAILED org.apache.ratis.protocol.NotLeaderException: Server d1e1b199-a92a-4c37-98e7-20a84e9cbec2@group-F8300EFDFC05 is not the leader b0d4f042-2fdd-43c4-bade-ce7ad6576109:192.168.5.143:42232, logIndex=0, commits[d1e1b199-a92a-4c37-98e7-20a84e9cbec2:c10, 317be899-a5e7-4874-8b34-173a53939308:c6, b0d4f042-2fdd-43c4-bade-ce7ad6576109:c10]
2019-09-11 18:59:16,552 [java.util.concurrent.ThreadPoolExecutor$Worker@7a92cdcb[State = -1, empty queue]] WARN  server.GrpcLogAppender (GrpcLogAppender.java:timeoutAppendRequest(200)) - b0d4f042-2fdd-43c4-bade-ce7ad6576109@group-F8300EFDFC05->317be899-a5e7-4874-8b34-173a53939308-GrpcLogAppender: appendEntries Timeout, request=b0d4f042-2fdd-43c4-bade-ce7ad6576109->317be899-a5e7-4874-8b34-173a53939308#44-t1, previous=(t:1, i:13), leaderCommit=10, initializing? false, entries: <empty>
2019-09-11 18:59:16,552 [java.util.concurrent.ThreadPoolExecutor$Worker@7dd920c1[State = -1, empty queue]] WARN  server.GrpcLogAppender (GrpcLogAppender.java:timeoutAppendRequest(200)) - b0d4f042-2fdd-43c4-bade-ce7ad6576109@group-F8300EFDFC05->d1e1b199-a92a-4c37-98e7-20a84e9cbec2-GrpcLogAppender: appendEntries Timeout, request=b0d4f042-2fdd-43c4-bade-ce7ad6576109->d1e1b199-a92a-4c37-98e7-20a84e9cbec2#44-t1, previous=(t:1, i:13), leaderCommit=10, initializing? false, entries: <empty>
2019-09-11 18:59:18,703 [d1e1b199-a92a-4c37-98e7-20a84e9cbec2@group-F8300EFDFC05-SegmentedRaftLogWorker] WARN  segmented.SegmentedRaftLogWorker (SegmentedRaftLogWorker.java:getFromFuture(90)) - Timeout 7/~
org.apache.ratis.protocol.TimeoutIOException: Timeout 10s: WriteLog:12: (t:1, i:12), STATEMACHINELOGENTRY, client-291467FB5DC3, cid=22-writeStateMachineData
	at org.apache.ratis.util.IOUtils.getFromFuture(IOUtils.java:87)
	at org.apache.ratis.server.raftlog.segmented.SegmentedRaftLogWorker$StateMachineDataPolicy.getFromFuture(SegmentedRaftLogWorker.java:87)
	at org.apache.ratis.server.raftlog.segmented.SegmentedRaftLogWorker$WriteLog.execute(SegmentedRaftLogWorker.java:477)
	at org.apache.ratis.server.raftlog.segmented.SegmentedRaftLogWorker.run(SegmentedRaftLogWorker.java:289)
	at java.lang.Thread.run(Thread.java:748)
Caused by: java.util.concurrent.TimeoutException
	at java.util.concurrent.CompletableFuture.timedGet(CompletableFuture.java:1771)
	at java.util.concurrent.CompletableFuture.get(CompletableFuture.java:1915)
	at org.apache.ratis.util.IOUtils.getFromFuture(IOUtils.java:79)
	... 4 more
2019-09-11 18:59:18,718 [317be899-a5e7-4874-8b34-173a53939308@group-F8300EFDFC05-SegmentedRaftLogWorker] WARN  segmented.SegmentedRaftLogWorker (SegmentedRaftLogWorker.java:getFromFuture(90)) - Timeout 7/~
org.apache.ratis.protocol.TimeoutIOException: Timeout 10s: WriteLog:12: (t:1, i:12), STATEMACHINELOGENTRY, client-291467FB5DC3, cid=22-writeStateMachineData
	at org.apache.ratis.util.IOUtils.getFromFuture(IOUtils.java:87)
	at org.apache.ratis.server.raftlog.segmented.SegmentedRaftLogWorker$StateMachineDataPolicy.getFromFuture(SegmentedRaftLogWorker.java:87)
	at org.apache.ratis.server.raftlog.segmented.SegmentedRaftLogWorker$WriteLog.execute(SegmentedRaftLogWorker.java:477)
	at org.apache.ratis.server.raftlog.segmented.SegmentedRaftLogWorker.run(SegmentedRaftLogWorker.java:289)
	at java.lang.Thread.run(Thread.java:748)
Caused by: java.util.concurrent.TimeoutException
	at java.util.concurrent.CompletableFuture.timedGet(CompletableFuture.java:1771)
	at java.util.concurrent.CompletableFuture.get(CompletableFuture.java:1915)
	at org.apache.ratis.util.IOUtils.getFromFuture(IOUtils.java:79)
	... 4 more
2019-09-11 18:59:18,719 [b0d4f042-2fdd-43c4-bade-ce7ad6576109@group-F8300EFDFC05-SegmentedRaftLogWorker] WARN  segmented.SegmentedRaftLogWorker (SegmentedRaftLogWorker.java:getFromFuture(90)) - Timeout 7/~
org.apache.ratis.protocol.TimeoutIOException: Timeout 10s: WriteLog:12: (t:1, i:12), STATEMACHINELOGENTRY, client-291467FB5DC3, cid=22-writeStateMachineData
	at org.apache.ratis.util.IOUtils.getFromFuture(IOUtils.java:87)
	at org.apache.ratis.server.raftlog.segmented.SegmentedRaftLogWorker$StateMachineDataPolicy.getFromFuture(SegmentedRaftLogWorker.java:87)
	at org.apache.ratis.server.raftlog.segmented.SegmentedRaftLogWorker$WriteLog.execute(SegmentedRaftLogWorker.java:477)
	at org.apache.ratis.server.raftlog.segmented.SegmentedRaftLogWorker.run(SegmentedRaftLogWorker.java:289)
	at java.lang.Thread.run(Thread.java:748)
Caused by: java.util.concurrent.TimeoutException
	at java.util.concurrent.CompletableFuture.timedGet(CompletableFuture.java:1771)
	at java.util.concurrent.CompletableFuture.get(CompletableFuture.java:1915)
	at org.apache.ratis.util.IOUtils.getFromFuture(IOUtils.java:79)
	... 4 more
2019-09-11 18:59:19,053 [java.util.concurrent.ThreadPoolExecutor$Worker@7a92cdcb[State = -1, empty queue]] WARN  server.GrpcLogAppender (GrpcLogAppender.java:timeoutAppendRequest(200)) - b0d4f042-2fdd-43c4-bade-ce7ad6576109@group-F8300EFDFC05->317be899-a5e7-4874-8b34-173a53939308-GrpcLogAppender: appendEntries Timeout, request=b0d4f042-2fdd-43c4-bade-ce7ad6576109->317be899-a5e7-4874-8b34-173a53939308#45-t1, previous=(t:1, i:13), leaderCommit=10, initializing? false, entries: <empty>
2019-09-11 18:59:19,053 [java.util.concurrent.ThreadPoolExecutor$Worker@7dd920c1[State = -1, empty queue]] WARN  server.GrpcLogAppender (GrpcLogAppender.java:timeoutAppendRequest(200)) - b0d4f042-2fdd-43c4-bade-ce7ad6576109@group-F8300EFDFC05->d1e1b199-a92a-4c37-98e7-20a84e9cbec2-GrpcLogAppender: appendEntries Timeout, request=b0d4f042-2fdd-43c4-bade-ce7ad6576109->d1e1b199-a92a-4c37-98e7-20a84e9cbec2#45-t1, previous=(t:1, i:13), leaderCommit=10, initializing? false, entries: <empty>
2019-09-11 18:59:19,512 [grpc-default-executor-5] INFO  client.GrpcClientProtocolClient (GrpcClientProtocolClient.java:onNext(264)) - client-291467FB5DC3->317be899-a5e7-4874-8b34-173a53939308: receive RaftClientReply:client-291467FB5DC3->317be899-a5e7-4874-8b34-173a53939308@group-F8300EFDFC05, cid=21, FAILED org.apache.ratis.protocol.NotLeaderException: Server 317be899-a5e7-4874-8b34-173a53939308@group-F8300EFDFC05 is not the leader b0d4f042-2fdd-43c4-bade-ce7ad6576109:192.168.5.143:42232, logIndex=0, commits[317be899-a5e7-4874-8b34-173a53939308:c10, d1e1b199-a92a-4c37-98e7-20a84e9cbec2:c6, b0d4f042-2fdd-43c4-bade-ce7ad6576109:c10]
2019-09-11 18:59:21,554 [java.util.concurrent.ThreadPoolExecutor$Worker@7a92cdcb[State = -1, empty queue]] WARN  server.GrpcLogAppender (GrpcLogAppender.java:timeoutAppendRequest(200)) - b0d4f042-2fdd-43c4-bade-ce7ad6576109@group-F8300EFDFC05->317be899-a5e7-4874-8b34-173a53939308-GrpcLogAppender: appendEntries Timeout, request=b0d4f042-2fdd-43c4-bade-ce7ad6576109->317be899-a5e7-4874-8b34-173a53939308#46-t1, previous=(t:1, i:13), leaderCommit=10, initializing? false, entries: <empty>
2019-09-11 18:59:21,554 [java.util.concurrent.ThreadPoolExecutor$Worker@7dd920c1[State = -1, empty queue]] WARN  server.GrpcLogAppender (GrpcLogAppender.java:timeoutAppendRequest(200)) - b0d4f042-2fdd-43c4-bade-ce7ad6576109@group-F8300EFDFC05->d1e1b199-a92a-4c37-98e7-20a84e9cbec2-GrpcLogAppender: appendEntries Timeout, request=b0d4f042-2fdd-43c4-bade-ce7ad6576109->d1e1b199-a92a-4c37-98e7-20a84e9cbec2#46-t1, previous=(t:1, i:13), leaderCommit=10, initializing? false, entries: <empty>
2019-09-11 18:59:24,054 [java.util.concurrent.ThreadPoolExecutor$Worker@7a92cdcb[State = -1, empty queue]] WARN  server.GrpcLogAppender (GrpcLogAppender.java:timeoutAppendRequest(200)) - b0d4f042-2fdd-43c4-bade-ce7ad6576109@group-F8300EFDFC05->317be899-a5e7-4874-8b34-173a53939308-GrpcLogAppender: appendEntries Timeout, request=b0d4f042-2fdd-43c4-bade-ce7ad6576109->317be899-a5e7-4874-8b34-173a53939308#47-t1, previous=(t:1, i:13), leaderCommit=10, initializing? false, entries: <empty>
2019-09-11 18:59:24,054 [java.util.concurrent.ThreadPoolExecutor$Worker@7dd920c1[State = -1, empty queue]] WARN  server.GrpcLogAppender (GrpcLogAppender.java:timeoutAppendRequest(200)) - b0d4f042-2fdd-43c4-bade-ce7ad6576109@group-F8300EFDFC05->d1e1b199-a92a-4c37-98e7-20a84e9cbec2-GrpcLogAppender: appendEntries Timeout, request=b0d4f042-2fdd-43c4-bade-ce7ad6576109->d1e1b199-a92a-4c37-98e7-20a84e9cbec2#47-t1, previous=(t:1, i:13), leaderCommit=10, initializing? false, entries: <empty>
2019-09-11 18:59:24,562 [grpc-default-executor-4] INFO  client.GrpcClientProtocolClient (GrpcClientProtocolClient.java:onNext(264)) - client-291467FB5DC3->317be899-a5e7-4874-8b34-173a53939308: receive RaftClientReply:client-291467FB5DC3->317be899-a5e7-4874-8b34-173a53939308@group-F8300EFDFC05, cid=21, FAILED org.apache.ratis.protocol.NotLeaderException: Server 317be899-a5e7-4874-8b34-173a53939308@group-F8300EFDFC05 is not the leader b0d4f042-2fdd-43c4-bade-ce7ad6576109:192.168.5.143:42232, logIndex=0, commits[317be899-a5e7-4874-8b34-173a53939308:c10, d1e1b199-a92a-4c37-98e7-20a84e9cbec2:c6, b0d4f042-2fdd-43c4-bade-ce7ad6576109:c10]
2019-09-11 18:59:26,555 [java.util.concurrent.ThreadPoolExecutor$Worker@7a92cdcb[State = -1, empty queue]] WARN  server.GrpcLogAppender (GrpcLogAppender.java:timeoutAppendRequest(200)) - b0d4f042-2fdd-43c4-bade-ce7ad6576109@group-F8300EFDFC05->317be899-a5e7-4874-8b34-173a53939308-GrpcLogAppender: appendEntries Timeout, request=b0d4f042-2fdd-43c4-bade-ce7ad6576109->317be899-a5e7-4874-8b34-173a53939308#48-t1, previous=(t:1, i:13), leaderCommit=10, initializing? false, entries: <empty>
2019-09-11 18:59:26,555 [java.util.concurrent.ThreadPoolExecutor$Worker@7dd920c1[State = -1, empty queue]] WARN  server.GrpcLogAppender (GrpcLogAppender.java:timeoutAppendRequest(200)) - b0d4f042-2fdd-43c4-bade-ce7ad6576109@group-F8300EFDFC05->d1e1b199-a92a-4c37-98e7-20a84e9cbec2-GrpcLogAppender: appendEntries Timeout, request=b0d4f042-2fdd-43c4-bade-ce7ad6576109->d1e1b199-a92a-4c37-98e7-20a84e9cbec2#48-t1, previous=(t:1, i:13), leaderCommit=10, initializing? false, entries: <empty>
2019-09-11 18:59:28,705 [d1e1b199-a92a-4c37-98e7-20a84e9cbec2@group-F8300EFDFC05-SegmentedRaftLogWorker] WARN  segmented.SegmentedRaftLogWorker (SegmentedRaftLogWorker.java:getFromFuture(90)) - Timeout 8/~
org.apache.ratis.protocol.TimeoutIOException: Timeout 10s: WriteLog:12: (t:1, i:12), STATEMACHINELOGENTRY, client-291467FB5DC3, cid=22-writeStateMachineData
	at org.apache.ratis.util.IOUtils.getFromFuture(IOUtils.java:87)
	at org.apache.ratis.server.raftlog.segmented.SegmentedRaftLogWorker$StateMachineDataPolicy.getFromFuture(SegmentedRaftLogWorker.java:87)
	at org.apache.ratis.server.raftlog.segmented.SegmentedRaftLogWorker$WriteLog.execute(SegmentedRaftLogWorker.java:477)
	at org.apache.ratis.server.raftlog.segmented.SegmentedRaftLogWorker.run(SegmentedRaftLogWorker.java:289)
	at java.lang.Thread.run(Thread.java:748)
Caused by: java.util.concurrent.TimeoutException
	at java.util.concurrent.CompletableFuture.timedGet(CompletableFuture.java:1771)
	at java.util.concurrent.CompletableFuture.get(CompletableFuture.java:1915)
	at org.apache.ratis.util.IOUtils.getFromFuture(IOUtils.java:79)
	... 4 more
2019-09-11 18:59:28,719 [317be899-a5e7-4874-8b34-173a53939308@group-F8300EFDFC05-SegmentedRaftLogWorker] WARN  segmented.SegmentedRaftLogWorker (SegmentedRaftLogWorker.java:getFromFuture(90)) - Timeout 8/~
org.apache.ratis.protocol.TimeoutIOException: Timeout 10s: WriteLog:12: (t:1, i:12), STATEMACHINELOGENTRY, client-291467FB5DC3, cid=22-writeStateMachineData
	at org.apache.ratis.util.IOUtils.getFromFuture(IOUtils.java:87)
	at org.apache.ratis.server.raftlog.segmented.SegmentedRaftLogWorker$StateMachineDataPolicy.getFromFuture(SegmentedRaftLogWorker.java:87)
	at org.apache.ratis.server.raftlog.segmented.SegmentedRaftLogWorker$WriteLog.execute(SegmentedRaftLogWorker.java:477)
	at org.apache.ratis.server.raftlog.segmented.SegmentedRaftLogWorker.run(SegmentedRaftLogWorker.java:289)
	at java.lang.Thread.run(Thread.java:748)
Caused by: java.util.concurrent.TimeoutException
	at java.util.concurrent.CompletableFuture.timedGet(CompletableFuture.java:1771)
	at java.util.concurrent.CompletableFuture.get(CompletableFuture.java:1915)
	at org.apache.ratis.util.IOUtils.getFromFuture(IOUtils.java:79)
	... 4 more
2019-09-11 18:59:28,720 [b0d4f042-2fdd-43c4-bade-ce7ad6576109@group-F8300EFDFC05-SegmentedRaftLogWorker] WARN  segmented.SegmentedRaftLogWorker (SegmentedRaftLogWorker.java:getFromFuture(90)) - Timeout 8/~
org.apache.ratis.protocol.TimeoutIOException: Timeout 10s: WriteLog:12: (t:1, i:12), STATEMACHINELOGENTRY, client-291467FB5DC3, cid=22-writeStateMachineData
	at org.apache.ratis.util.IOUtils.getFromFuture(IOUtils.java:87)
	at org.apache.ratis.server.raftlog.segmented.SegmentedRaftLogWorker$StateMachineDataPolicy.getFromFuture(SegmentedRaftLogWorker.java:87)
	at org.apache.ratis.server.raftlog.segmented.SegmentedRaftLogWorker$WriteLog.execute(SegmentedRaftLogWorker.java:477)
	at org.apache.ratis.server.raftlog.segmented.SegmentedRaftLogWorker.run(SegmentedRaftLogWorker.java:289)
	at java.lang.Thread.run(Thread.java:748)
Caused by: java.util.concurrent.TimeoutException
	at java.util.concurrent.CompletableFuture.timedGet(CompletableFuture.java:1771)
	at java.util.concurrent.CompletableFuture.get(CompletableFuture.java:1915)
	at org.apache.ratis.util.IOUtils.getFromFuture(IOUtils.java:79)
	... 4 more
2019-09-11 18:59:29,055 [java.util.concurrent.ThreadPoolExecutor$Worker@7a92cdcb[State = -1, empty queue]] WARN  server.GrpcLogAppender (GrpcLogAppender.java:timeoutAppendRequest(200)) - b0d4f042-2fdd-43c4-bade-ce7ad6576109@group-F8300EFDFC05->317be899-a5e7-4874-8b34-173a53939308-GrpcLogAppender: appendEntries Timeout, request=b0d4f042-2fdd-43c4-bade-ce7ad6576109->317be899-a5e7-4874-8b34-173a53939308#49-t1, previous=(t:1, i:13), leaderCommit=10, initializing? false, entries: <empty>
2019-09-11 18:59:29,055 [java.util.concurrent.ThreadPoolExecutor$Worker@7dd920c1[State = -1, empty queue]] WARN  server.GrpcLogAppender (GrpcLogAppender.java:timeoutAppendRequest(200)) - b0d4f042-2fdd-43c4-bade-ce7ad6576109@group-F8300EFDFC05->d1e1b199-a92a-4c37-98e7-20a84e9cbec2-GrpcLogAppender: appendEntries Timeout, request=b0d4f042-2fdd-43c4-bade-ce7ad6576109->d1e1b199-a92a-4c37-98e7-20a84e9cbec2#49-t1, previous=(t:1, i:13), leaderCommit=10, initializing? false, entries: <empty>
2019-09-11 18:59:29,607 [grpc-default-executor-4] INFO  client.GrpcClientProtocolClient (GrpcClientProtocolClient.java:onNext(264)) - client-291467FB5DC3->d1e1b199-a92a-4c37-98e7-20a84e9cbec2: receive RaftClientReply:client-291467FB5DC3->d1e1b199-a92a-4c37-98e7-20a84e9cbec2@group-F8300EFDFC05, cid=21, FAILED org.apache.ratis.protocol.NotLeaderException: Server d1e1b199-a92a-4c37-98e7-20a84e9cbec2@group-F8300EFDFC05 is not the leader b0d4f042-2fdd-43c4-bade-ce7ad6576109:192.168.5.143:42232, logIndex=0, commits[d1e1b199-a92a-4c37-98e7-20a84e9cbec2:c10, 317be899-a5e7-4874-8b34-173a53939308:c6, b0d4f042-2fdd-43c4-bade-ce7ad6576109:c10]
2019-09-11 18:59:31,556 [java.util.concurrent.ThreadPoolExecutor$Worker@7a92cdcb[State = -1, empty queue]] WARN  server.GrpcLogAppender (GrpcLogAppender.java:timeoutAppendRequest(200)) - b0d4f042-2fdd-43c4-bade-ce7ad6576109@group-F8300EFDFC05->317be899-a5e7-4874-8b34-173a53939308-GrpcLogAppender: appendEntries Timeout, request=b0d4f042-2fdd-43c4-bade-ce7ad6576109->317be899-a5e7-4874-8b34-173a53939308#50-t1, previous=(t:1, i:13), leaderCommit=10, initializing? false, entries: <empty>
2019-09-11 18:59:31,556 [java.util.concurrent.ThreadPoolExecutor$Worker@7dd920c1[State = -1, empty queue]] WARN  server.GrpcLogAppender (GrpcLogAppender.java:timeoutAppendRequest(200)) - b0d4f042-2fdd-43c4-bade-ce7ad6576109@group-F8300EFDFC05->d1e1b199-a92a-4c37-98e7-20a84e9cbec2-GrpcLogAppender: appendEntries Timeout, request=b0d4f042-2fdd-43c4-bade-ce7ad6576109->d1e1b199-a92a-4c37-98e7-20a84e9cbec2#50-t1, previous=(t:1, i:13), leaderCommit=10, initializing? false, entries: <empty>
2019-09-11 18:59:34,057 [java.util.concurrent.ThreadPoolExecutor$Worker@7a92cdcb[State = -1, empty queue]] WARN  server.GrpcLogAppender (GrpcLogAppender.java:timeoutAppendRequest(200)) - b0d4f042-2fdd-43c4-bade-ce7ad6576109@group-F8300EFDFC05->317be899-a5e7-4874-8b34-173a53939308-GrpcLogAppender: appendEntries Timeout, request=b0d4f042-2fdd-43c4-bade-ce7ad6576109->317be899-a5e7-4874-8b34-173a53939308#51-t1, previous=(t:1, i:13), leaderCommit=10, initializing? false, entries: <empty>
2019-09-11 18:59:34,057 [java.util.concurrent.ThreadPoolExecutor$Worker@7dd920c1[State = -1, empty queue]] WARN  server.GrpcLogAppender (GrpcLogAppender.java:timeoutAppendRequest(200)) - b0d4f042-2fdd-43c4-bade-ce7ad6576109@group-F8300EFDFC05->d1e1b199-a92a-4c37-98e7-20a84e9cbec2-GrpcLogAppender: appendEntries Timeout, request=b0d4f042-2fdd-43c4-bade-ce7ad6576109->d1e1b199-a92a-4c37-98e7-20a84e9cbec2#51-t1, previous=(t:1, i:13), leaderCommit=10, initializing? false, entries: <empty>
2019-09-11 18:59:34,664 [grpc-default-executor-5] INFO  client.GrpcClientProtocolClient (GrpcClientProtocolClient.java:onNext(264)) - client-291467FB5DC3->317be899-a5e7-4874-8b34-173a53939308: receive RaftClientReply:client-291467FB5DC3->317be899-a5e7-4874-8b34-173a53939308@group-F8300EFDFC05, cid=21, FAILED org.apache.ratis.protocol.NotLeaderException: Server 317be899-a5e7-4874-8b34-173a53939308@group-F8300EFDFC05 is not the leader b0d4f042-2fdd-43c4-bade-ce7ad6576109:192.168.5.143:42232, logIndex=0, commits[317be899-a5e7-4874-8b34-173a53939308:c10, d1e1b199-a92a-4c37-98e7-20a84e9cbec2:c6, b0d4f042-2fdd-43c4-bade-ce7ad6576109:c10]
2019-09-11 18:59:36,558 [java.util.concurrent.ThreadPoolExecutor$Worker@7dd920c1[State = -1, empty queue]] WARN  server.GrpcLogAppender (GrpcLogAppender.java:timeoutAppendRequest(200)) - b0d4f042-2fdd-43c4-bade-ce7ad6576109@group-F8300EFDFC05->d1e1b199-a92a-4c37-98e7-20a84e9cbec2-GrpcLogAppender: appendEntries Timeout, request=b0d4f042-2fdd-43c4-bade-ce7ad6576109->d1e1b199-a92a-4c37-98e7-20a84e9cbec2#52-t1, previous=(t:1, i:13), leaderCommit=10, initializing? false, entries: <empty>
2019-09-11 18:59:36,558 [java.util.concurrent.ThreadPoolExecutor$Worker@7a92cdcb[State = -1, empty queue]] WARN  server.GrpcLogAppender (GrpcLogAppender.java:timeoutAppendRequest(200)) - b0d4f042-2fdd-43c4-bade-ce7ad6576109@group-F8300EFDFC05->317be899-a5e7-4874-8b34-173a53939308-GrpcLogAppender: appendEntries Timeout, request=b0d4f042-2fdd-43c4-bade-ce7ad6576109->317be899-a5e7-4874-8b34-173a53939308#52-t1, previous=(t:1, i:13), leaderCommit=10, initializing? false, entries: <empty>
2019-09-11 18:59:38,706 [d1e1b199-a92a-4c37-98e7-20a84e9cbec2@group-F8300EFDFC05-SegmentedRaftLogWorker] WARN  segmented.SegmentedRaftLogWorker (SegmentedRaftLogWorker.java:getFromFuture(90)) - Timeout 9/~
org.apache.ratis.protocol.TimeoutIOException: Timeout 10s: WriteLog:12: (t:1, i:12), STATEMACHINELOGENTRY, client-291467FB5DC3, cid=22-writeStateMachineData
	at org.apache.ratis.util.IOUtils.getFromFuture(IOUtils.java:87)
	at org.apache.ratis.server.raftlog.segmented.SegmentedRaftLogWorker$StateMachineDataPolicy.getFromFuture(SegmentedRaftLogWorker.java:87)
	at org.apache.ratis.server.raftlog.segmented.SegmentedRaftLogWorker$WriteLog.execute(SegmentedRaftLogWorker.java:477)
	at org.apache.ratis.server.raftlog.segmented.SegmentedRaftLogWorker.run(SegmentedRaftLogWorker.java:289)
	at java.lang.Thread.run(Thread.java:748)
Caused by: java.util.concurrent.TimeoutException
	at java.util.concurrent.CompletableFuture.timedGet(CompletableFuture.java:1771)
	at java.util.concurrent.CompletableFuture.get(CompletableFuture.java:1915)
	at org.apache.ratis.util.IOUtils.getFromFuture(IOUtils.java:79)
	... 4 more
2019-09-11 18:59:38,720 [317be899-a5e7-4874-8b34-173a53939308@group-F8300EFDFC05-SegmentedRaftLogWorker] WARN  segmented.SegmentedRaftLogWorker (SegmentedRaftLogWorker.java:getFromFuture(90)) - Timeout 9/~
org.apache.ratis.protocol.TimeoutIOException: Timeout 10s: WriteLog:12: (t:1, i:12), STATEMACHINELOGENTRY, client-291467FB5DC3, cid=22-writeStateMachineData
	at org.apache.ratis.util.IOUtils.getFromFuture(IOUtils.java:87)
	at org.apache.ratis.server.raftlog.segmented.SegmentedRaftLogWorker$StateMachineDataPolicy.getFromFuture(SegmentedRaftLogWorker.java:87)
	at org.apache.ratis.server.raftlog.segmented.SegmentedRaftLogWorker$WriteLog.execute(SegmentedRaftLogWorker.java:477)
	at org.apache.ratis.server.raftlog.segmented.SegmentedRaftLogWorker.run(SegmentedRaftLogWorker.java:289)
	at java.lang.Thread.run(Thread.java:748)
Caused by: java.util.concurrent.TimeoutException
	at java.util.concurrent.CompletableFuture.timedGet(CompletableFuture.java:1771)
	at java.util.concurrent.CompletableFuture.get(CompletableFuture.java:1915)
	at org.apache.ratis.util.IOUtils.getFromFuture(IOUtils.java:79)
	... 4 more
2019-09-11 18:59:38,721 [b0d4f042-2fdd-43c4-bade-ce7ad6576109@group-F8300EFDFC05-SegmentedRaftLogWorker] WARN  segmented.SegmentedRaftLogWorker (SegmentedRaftLogWorker.java:getFromFuture(90)) - Timeout 9/~
org.apache.ratis.protocol.TimeoutIOException: Timeout 10s: WriteLog:12: (t:1, i:12), STATEMACHINELOGENTRY, client-291467FB5DC3, cid=22-writeStateMachineData
	at org.apache.ratis.util.IOUtils.getFromFuture(IOUtils.java:87)
	at org.apache.ratis.server.raftlog.segmented.SegmentedRaftLogWorker$StateMachineDataPolicy.getFromFuture(SegmentedRaftLogWorker.java:87)
	at org.apache.ratis.server.raftlog.segmented.SegmentedRaftLogWorker$WriteLog.execute(SegmentedRaftLogWorker.java:477)
	at org.apache.ratis.server.raftlog.segmented.SegmentedRaftLogWorker.run(SegmentedRaftLogWorker.java:289)
	at java.lang.Thread.run(Thread.java:748)
Caused by: java.util.concurrent.TimeoutException
	at java.util.concurrent.CompletableFuture.timedGet(CompletableFuture.java:1771)
	at java.util.concurrent.CompletableFuture.get(CompletableFuture.java:1915)
	at org.apache.ratis.util.IOUtils.getFromFuture(IOUtils.java:79)
	... 4 more
2019-09-11 18:59:39,059 [java.util.concurrent.ThreadPoolExecutor$Worker@7a92cdcb[State = -1, empty queue]] WARN  server.GrpcLogAppender (GrpcLogAppender.java:timeoutAppendRequest(200)) - b0d4f042-2fdd-43c4-bade-ce7ad6576109@group-F8300EFDFC05->317be899-a5e7-4874-8b34-173a53939308-GrpcLogAppender: appendEntries Timeout, request=b0d4f042-2fdd-43c4-bade-ce7ad6576109->317be899-a5e7-4874-8b34-173a53939308#53-t1, previous=(t:1, i:13), leaderCommit=10, initializing? false, entries: <empty>
2019-09-11 18:59:39,059 [java.util.concurrent.ThreadPoolExecutor$Worker@7dd920c1[State = -1, empty queue]] WARN  server.GrpcLogAppender (GrpcLogAppender.java:timeoutAppendRequest(200)) - b0d4f042-2fdd-43c4-bade-ce7ad6576109@group-F8300EFDFC05->d1e1b199-a92a-4c37-98e7-20a84e9cbec2-GrpcLogAppender: appendEntries Timeout, request=b0d4f042-2fdd-43c4-bade-ce7ad6576109->d1e1b199-a92a-4c37-98e7-20a84e9cbec2#53-t1, previous=(t:1, i:13), leaderCommit=10, initializing? false, entries: <empty>
2019-09-11 18:59:39,728 [grpc-default-executor-4] INFO  client.GrpcClientProtocolClient (GrpcClientProtocolClient.java:onNext(264)) - client-291467FB5DC3->d1e1b199-a92a-4c37-98e7-20a84e9cbec2: receive RaftClientReply:client-291467FB5DC3->d1e1b199-a92a-4c37-98e7-20a84e9cbec2@group-F8300EFDFC05, cid=21, FAILED org.apache.ratis.protocol.NotLeaderException: Server d1e1b199-a92a-4c37-98e7-20a84e9cbec2@group-F8300EFDFC05 is not the leader b0d4f042-2fdd-43c4-bade-ce7ad6576109:192.168.5.143:42232, logIndex=0, commits[d1e1b199-a92a-4c37-98e7-20a84e9cbec2:c10, 317be899-a5e7-4874-8b34-173a53939308:c6, b0d4f042-2fdd-43c4-bade-ce7ad6576109:c10]
2019-09-11 18:59:41,560 [java.util.concurrent.ThreadPoolExecutor$Worker@7dd920c1[State = -1, empty queue]] WARN  server.GrpcLogAppender (GrpcLogAppender.java:timeoutAppendRequest(200)) - b0d4f042-2fdd-43c4-bade-ce7ad6576109@group-F8300EFDFC05->d1e1b199-a92a-4c37-98e7-20a84e9cbec2-GrpcLogAppender: appendEntries Timeout, request=b0d4f042-2fdd-43c4-bade-ce7ad6576109->d1e1b199-a92a-4c37-98e7-20a84e9cbec2#54-t1, previous=(t:1, i:13), leaderCommit=10, initializing? false, entries: <empty>
2019-09-11 18:59:41,560 [java.util.concurrent.ThreadPoolExecutor$Worker@7a92cdcb[State = -1, empty queue]] WARN  server.GrpcLogAppender (GrpcLogAppender.java:timeoutAppendRequest(200)) - b0d4f042-2fdd-43c4-bade-ce7ad6576109@group-F8300EFDFC05->317be899-a5e7-4874-8b34-173a53939308-GrpcLogAppender: appendEntries Timeout, request=b0d4f042-2fdd-43c4-bade-ce7ad6576109->317be899-a5e7-4874-8b34-173a53939308#54-t1, previous=(t:1, i:13), leaderCommit=10, initializing? false, entries: <empty>
2019-09-11 18:59:44,060 [java.util.concurrent.ThreadPoolExecutor$Worker@7dd920c1[State = -1, empty queue]] WARN  server.GrpcLogAppender (GrpcLogAppender.java:timeoutAppendRequest(200)) - b0d4f042-2fdd-43c4-bade-ce7ad6576109@group-F8300EFDFC05->d1e1b199-a92a-4c37-98e7-20a84e9cbec2-GrpcLogAppender: appendEntries Timeout, request=b0d4f042-2fdd-43c4-bade-ce7ad6576109->d1e1b199-a92a-4c37-98e7-20a84e9cbec2#55-t1, previous=(t:1, i:13), leaderCommit=10, initializing? false, entries: <empty>
2019-09-11 18:59:44,060 [java.util.concurrent.ThreadPoolExecutor$Worker@7a92cdcb[State = -1, empty queue]] WARN  server.GrpcLogAppender (GrpcLogAppender.java:timeoutAppendRequest(200)) - b0d4f042-2fdd-43c4-bade-ce7ad6576109@group-F8300EFDFC05->317be899-a5e7-4874-8b34-173a53939308-GrpcLogAppender: appendEntries Timeout, request=b0d4f042-2fdd-43c4-bade-ce7ad6576109->317be899-a5e7-4874-8b34-173a53939308#55-t1, previous=(t:1, i:13), leaderCommit=10, initializing? false, entries: <empty>
2019-09-11 18:59:44,789 [grpc-default-executor-5] INFO  client.GrpcClientProtocolClient (GrpcClientProtocolClient.java:onNext(264)) - client-291467FB5DC3->d1e1b199-a92a-4c37-98e7-20a84e9cbec2: receive RaftClientReply:client-291467FB5DC3->d1e1b199-a92a-4c37-98e7-20a84e9cbec2@group-F8300EFDFC05, cid=21, FAILED org.apache.ratis.protocol.NotLeaderException: Server d1e1b199-a92a-4c37-98e7-20a84e9cbec2@group-F8300EFDFC05 is not the leader b0d4f042-2fdd-43c4-bade-ce7ad6576109:192.168.5.143:42232, logIndex=0, commits[d1e1b199-a92a-4c37-98e7-20a84e9cbec2:c10, 317be899-a5e7-4874-8b34-173a53939308:c6, b0d4f042-2fdd-43c4-bade-ce7ad6576109:c10]
2019-09-11 18:59:46,561 [java.util.concurrent.ThreadPoolExecutor$Worker@7dd920c1[State = -1, empty queue]] WARN  server.GrpcLogAppender (GrpcLogAppender.java:timeoutAppendRequest(200)) - b0d4f042-2fdd-43c4-bade-ce7ad6576109@group-F8300EFDFC05->d1e1b199-a92a-4c37-98e7-20a84e9cbec2-GrpcLogAppender: appendEntries Timeout, request=b0d4f042-2fdd-43c4-bade-ce7ad6576109->d1e1b199-a92a-4c37-98e7-20a84e9cbec2#56-t1, previous=(t:1, i:13), leaderCommit=10, initializing? false, entries: <empty>
2019-09-11 18:59:46,561 [java.util.concurrent.ThreadPoolExecutor$Worker@7a92cdcb[State = -1, empty queue]] WARN  server.GrpcLogAppender (GrpcLogAppender.java:timeoutAppendRequest(200)) - b0d4f042-2fdd-43c4-bade-ce7ad6576109@group-F8300EFDFC05->317be899-a5e7-4874-8b34-173a53939308-GrpcLogAppender: appendEntries Timeout, request=b0d4f042-2fdd-43c4-bade-ce7ad6576109->317be899-a5e7-4874-8b34-173a53939308#56-t1, previous=(t:1, i:13), leaderCommit=10, initializing? false, entries: <empty>
2019-09-11 18:59:48,715 [d1e1b199-a92a-4c37-98e7-20a84e9cbec2@group-F8300EFDFC05-SegmentedRaftLogWorker] WARN  segmented.SegmentedRaftLogWorker (SegmentedRaftLogWorker.java:getFromFuture(90)) - Timeout 10/~
org.apache.ratis.protocol.TimeoutIOException: Timeout 10s: WriteLog:12: (t:1, i:12), STATEMACHINELOGENTRY, client-291467FB5DC3, cid=22-writeStateMachineData
	at org.apache.ratis.util.IOUtils.getFromFuture(IOUtils.java:87)
	at org.apache.ratis.server.raftlog.segmented.SegmentedRaftLogWorker$StateMachineDataPolicy.getFromFuture(SegmentedRaftLogWorker.java:87)
	at org.apache.ratis.server.raftlog.segmented.SegmentedRaftLogWorker$WriteLog.execute(SegmentedRaftLogWorker.java:477)
	at org.apache.ratis.server.raftlog.segmented.SegmentedRaftLogWorker.run(SegmentedRaftLogWorker.java:289)
	at java.lang.Thread.run(Thread.java:748)
Caused by: java.util.concurrent.TimeoutException
	at java.util.concurrent.CompletableFuture.timedGet(CompletableFuture.java:1771)
	at java.util.concurrent.CompletableFuture.get(CompletableFuture.java:1915)
	at org.apache.ratis.util.IOUtils.getFromFuture(IOUtils.java:79)
	... 4 more
2019-09-11 18:59:48,721 [317be899-a5e7-4874-8b34-173a53939308@group-F8300EFDFC05-SegmentedRaftLogWorker] WARN  segmented.SegmentedRaftLogWorker (SegmentedRaftLogWorker.java:getFromFuture(90)) - Timeout 10/~
org.apache.ratis.protocol.TimeoutIOException: Timeout 10s: WriteLog:12: (t:1, i:12), STATEMACHINELOGENTRY, client-291467FB5DC3, cid=22-writeStateMachineData
	at org.apache.ratis.util.IOUtils.getFromFuture(IOUtils.java:87)
	at org.apache.ratis.server.raftlog.segmented.SegmentedRaftLogWorker$StateMachineDataPolicy.getFromFuture(SegmentedRaftLogWorker.java:87)
	at org.apache.ratis.server.raftlog.segmented.SegmentedRaftLogWorker$WriteLog.execute(SegmentedRaftLogWorker.java:477)
	at org.apache.ratis.server.raftlog.segmented.SegmentedRaftLogWorker.run(SegmentedRaftLogWorker.java:289)
	at java.lang.Thread.run(Thread.java:748)
Caused by: java.util.concurrent.TimeoutException
	at java.util.concurrent.CompletableFuture.timedGet(CompletableFuture.java:1771)
	at java.util.concurrent.CompletableFuture.get(CompletableFuture.java:1915)
	at org.apache.ratis.util.IOUtils.getFromFuture(IOUtils.java:79)
	... 4 more
2019-09-11 18:59:48,721 [b0d4f042-2fdd-43c4-bade-ce7ad6576109@group-F8300EFDFC05-SegmentedRaftLogWorker] WARN  segmented.SegmentedRaftLogWorker (SegmentedRaftLogWorker.java:getFromFuture(90)) - Timeout 10/~
org.apache.ratis.protocol.TimeoutIOException: Timeout 10s: WriteLog:12: (t:1, i:12), STATEMACHINELOGENTRY, client-291467FB5DC3, cid=22-writeStateMachineData
	at org.apache.ratis.util.IOUtils.getFromFuture(IOUtils.java:87)
	at org.apache.ratis.server.raftlog.segmented.SegmentedRaftLogWorker$StateMachineDataPolicy.getFromFuture(SegmentedRaftLogWorker.java:87)
	at org.apache.ratis.server.raftlog.segmented.SegmentedRaftLogWorker$WriteLog.execute(SegmentedRaftLogWorker.java:477)
	at org.apache.ratis.server.raftlog.segmented.SegmentedRaftLogWorker.run(SegmentedRaftLogWorker.java:289)
	at java.lang.Thread.run(Thread.java:748)
Caused by: java.util.concurrent.TimeoutException
	at java.util.concurrent.CompletableFuture.timedGet(CompletableFuture.java:1771)
	at java.util.concurrent.CompletableFuture.get(CompletableFuture.java:1915)
	at org.apache.ratis.util.IOUtils.getFromFuture(IOUtils.java:79)
	... 4 more
2019-09-11 18:59:49,062 [java.util.concurrent.ThreadPoolExecutor$Worker@7a92cdcb[State = -1, empty queue]] WARN  server.GrpcLogAppender (GrpcLogAppender.java:timeoutAppendRequest(200)) - b0d4f042-2fdd-43c4-bade-ce7ad6576109@group-F8300EFDFC05->317be899-a5e7-4874-8b34-173a53939308-GrpcLogAppender: appendEntries Timeout, request=b0d4f042-2fdd-43c4-bade-ce7ad6576109->317be899-a5e7-4874-8b34-173a53939308#57-t1, previous=(t:1, i:13), leaderCommit=10, initializing? false, entries: <empty>
2019-09-11 18:59:49,062 [java.util.concurrent.ThreadPoolExecutor$Worker@7dd920c1[State = -1, empty queue]] WARN  server.GrpcLogAppender (GrpcLogAppender.java:timeoutAppendRequest(200)) - b0d4f042-2fdd-43c4-bade-ce7ad6576109@group-F8300EFDFC05->d1e1b199-a92a-4c37-98e7-20a84e9cbec2-GrpcLogAppender: appendEntries Timeout, request=b0d4f042-2fdd-43c4-bade-ce7ad6576109->d1e1b199-a92a-4c37-98e7-20a84e9cbec2#57-t1, previous=(t:1, i:13), leaderCommit=10, initializing? false, entries: <empty>
2019-09-11 18:59:49,874 [grpc-default-executor-4] INFO  client.GrpcClientProtocolClient (GrpcClientProtocolClient.java:onNext(264)) - client-291467FB5DC3->d1e1b199-a92a-4c37-98e7-20a84e9cbec2: receive RaftClientReply:client-291467FB5DC3->d1e1b199-a92a-4c37-98e7-20a84e9cbec2@group-F8300EFDFC05, cid=21, FAILED org.apache.ratis.protocol.NotLeaderException: Server d1e1b199-a92a-4c37-98e7-20a84e9cbec2@group-F8300EFDFC05 is not the leader b0d4f042-2fdd-43c4-bade-ce7ad6576109:192.168.5.143:42232, logIndex=0, commits[d1e1b199-a92a-4c37-98e7-20a84e9cbec2:c10, 317be899-a5e7-4874-8b34-173a53939308:c6, b0d4f042-2fdd-43c4-bade-ce7ad6576109:c10]
2019-09-11 18:59:51,563 [java.util.concurrent.ThreadPoolExecutor$Worker@7a92cdcb[State = -1, empty queue]] WARN  server.GrpcLogAppender (GrpcLogAppender.java:timeoutAppendRequest(200)) - b0d4f042-2fdd-43c4-bade-ce7ad6576109@group-F8300EFDFC05->317be899-a5e7-4874-8b34-173a53939308-GrpcLogAppender: appendEntries Timeout, request=b0d4f042-2fdd-43c4-bade-ce7ad6576109->317be899-a5e7-4874-8b34-173a53939308#58-t1, previous=(t:1, i:13), leaderCommit=10, initializing? false, entries: <empty>
2019-09-11 18:59:51,563 [java.util.concurrent.ThreadPoolExecutor$Worker@7dd920c1[State = -1, empty queue]] WARN  server.GrpcLogAppender (GrpcLogAppender.java:timeoutAppendRequest(200)) - b0d4f042-2fdd-43c4-bade-ce7ad6576109@group-F8300EFDFC05->d1e1b199-a92a-4c37-98e7-20a84e9cbec2-GrpcLogAppender: appendEntries Timeout, request=b0d4f042-2fdd-43c4-bade-ce7ad6576109->d1e1b199-a92a-4c37-98e7-20a84e9cbec2#58-t1, previous=(t:1, i:13), leaderCommit=10, initializing? false, entries: <empty>
2019-09-11 18:59:54,064 [java.util.concurrent.ThreadPoolExecutor$Worker@7a92cdcb[State = -1, empty queue]] WARN  server.GrpcLogAppender (GrpcLogAppender.java:timeoutAppendRequest(200)) - b0d4f042-2fdd-43c4-bade-ce7ad6576109@group-F8300EFDFC05->317be899-a5e7-4874-8b34-173a53939308-GrpcLogAppender: appendEntries Timeout, request=b0d4f042-2fdd-43c4-bade-ce7ad6576109->317be899-a5e7-4874-8b34-173a53939308#59-t1, previous=(t:1, i:13), leaderCommit=10, initializing? false, entries: <empty>
2019-09-11 18:59:54,064 [java.util.concurrent.ThreadPoolExecutor$Worker@7dd920c1[State = -1, empty queue]] WARN  server.GrpcLogAppender (GrpcLogAppender.java:timeoutAppendRequest(200)) - b0d4f042-2fdd-43c4-bade-ce7ad6576109@group-F8300EFDFC05->d1e1b199-a92a-4c37-98e7-20a84e9cbec2-GrpcLogAppender: appendEntries Timeout, request=b0d4f042-2fdd-43c4-bade-ce7ad6576109->d1e1b199-a92a-4c37-98e7-20a84e9cbec2#59-t1, previous=(t:1, i:13), leaderCommit=10, initializing? false, entries: <empty>
2019-09-11 18:59:54,927 [grpc-default-executor-5] INFO  client.GrpcClientProtocolClient (GrpcClientProtocolClient.java:onNext(264)) - client-291467FB5DC3->317be899-a5e7-4874-8b34-173a53939308: receive RaftClientReply:client-291467FB5DC3->317be899-a5e7-4874-8b34-173a53939308@group-F8300EFDFC05, cid=21, FAILED org.apache.ratis.protocol.NotLeaderException: Server 317be899-a5e7-4874-8b34-173a53939308@group-F8300EFDFC05 is not the leader b0d4f042-2fdd-43c4-bade-ce7ad6576109:192.168.5.143:42232, logIndex=0, commits[317be899-a5e7-4874-8b34-173a53939308:c10, d1e1b199-a92a-4c37-98e7-20a84e9cbec2:c6, b0d4f042-2fdd-43c4-bade-ce7ad6576109:c10]
2019-09-11 18:59:56,564 [java.util.concurrent.ThreadPoolExecutor$Worker@7dd920c1[State = -1, empty queue]] WARN  server.GrpcLogAppender (GrpcLogAppender.java:timeoutAppendRequest(200)) - b0d4f042-2fdd-43c4-bade-ce7ad6576109@group-F8300EFDFC05->d1e1b199-a92a-4c37-98e7-20a84e9cbec2-GrpcLogAppender: appendEntries Timeout, request=b0d4f042-2fdd-43c4-bade-ce7ad6576109->d1e1b199-a92a-4c37-98e7-20a84e9cbec2#60-t1, previous=(t:1, i:13), leaderCommit=10, initializing? false, entries: <empty>
2019-09-11 18:59:56,564 [java.util.concurrent.ThreadPoolExecutor$Worker@7a92cdcb[State = -1, empty queue]] WARN  server.GrpcLogAppender (GrpcLogAppender.java:timeoutAppendRequest(200)) - b0d4f042-2fdd-43c4-bade-ce7ad6576109@group-F8300EFDFC05->317be899-a5e7-4874-8b34-173a53939308-GrpcLogAppender: appendEntries Timeout, request=b0d4f042-2fdd-43c4-bade-ce7ad6576109->317be899-a5e7-4874-8b34-173a53939308#60-t1, previous=(t:1, i:13), leaderCommit=10, initializing? false, entries: <empty>
2019-09-11 18:59:58,609 [org.apache.ratis.server.impl.LogAppender$AppenderDaemon$$Lambda$497/214039350@c829f16] ERROR ratis.XceiverServerRatis (XceiverServerRatis.java:triggerPipelineClose(575)) - pipeline Action CLOSE  on pipeline PipelineID=2252eb15-1dec-4d2d-99c8-f8300efdfc05.Reason : b0d4f042-2fdd-43c4-bade-ce7ad6576109 has not seen follower/s 317be899-a5e7-4874-8b34-173a53939308 for 120344ms d1e1b199-a92a-4c37-98e7-20a84e9cbec2 for 120344ms
2019-09-11 18:59:58,609 [org.apache.ratis.server.impl.LogAppender$AppenderDaemon$$Lambda$497/214039350@61a5be25] ERROR ratis.XceiverServerRatis (XceiverServerRatis.java:triggerPipelineClose(575)) - pipeline Action CLOSE  on pipeline PipelineID=2252eb15-1dec-4d2d-99c8-f8300efdfc05.Reason : b0d4f042-2fdd-43c4-bade-ce7ad6576109 has not seen follower/s 317be899-a5e7-4874-8b34-173a53939308 for 120344ms d1e1b199-a92a-4c37-98e7-20a84e9cbec2 for 120344ms
2019-09-11 18:59:58,703 [EventQueue-PipelineActionsForPipelineActionHandler] ERROR pipeline.PipelineActionHandler (PipelineActionHandler.java:onMessage(60)) - Received pipeline action CLOSE for Pipeline[ Id: 2252eb15-1dec-4d2d-99c8-f8300efdfc05, Nodes: d1e1b199-a92a-4c37-98e7-20a84e9cbec2{ip: 192.168.5.143, host: pr-hdds-1786-trunk-xjsf7-3704618034, networkLocation: /default-rack, certSerialId: null}317be899-a5e7-4874-8b34-173a53939308{ip: 192.168.5.143, host: pr-hdds-1786-trunk-xjsf7-3704618034, networkLocation: /default-rack, certSerialId: null}b0d4f042-2fdd-43c4-bade-ce7ad6576109{ip: 192.168.5.143, host: pr-hdds-1786-trunk-xjsf7-3704618034, networkLocation: /default-rack, certSerialId: null}, Type:RATIS, Factor:THREE, State:OPEN] from datanode b0d4f042-2fdd-43c4-bade-ce7ad6576109{ip: 192.168.5.143, host: pr-hdds-1786-trunk-xjsf7-3704618034, networkLocation: /default-rack, certSerialId: null}. Reason : b0d4f042-2fdd-43c4-bade-ce7ad6576109 has not seen follower/s 317be899-a5e7-4874-8b34-173a53939308 for 120344ms d1e1b199-a92a-4c37-98e7-20a84e9cbec2 for 120344ms
2019-09-11 18:59:58,704 [EventQueue-PipelineActionsForPipelineActionHandler] INFO  pipeline.SCMPipelineManager (SCMPipelineManager.java:finalizeAndDestroyPipeline(311)) - destroying pipeline:Pipeline[ Id: 2252eb15-1dec-4d2d-99c8-f8300efdfc05, Nodes: d1e1b199-a92a-4c37-98e7-20a84e9cbec2{ip: 192.168.5.143, host: pr-hdds-1786-trunk-xjsf7-3704618034, networkLocation: /default-rack, certSerialId: null}317be899-a5e7-4874-8b34-173a53939308{ip: 192.168.5.143, host: pr-hdds-1786-trunk-xjsf7-3704618034, networkLocation: /default-rack, certSerialId: null}b0d4f042-2fdd-43c4-bade-ce7ad6576109{ip: 192.168.5.143, host: pr-hdds-1786-trunk-xjsf7-3704618034, networkLocation: /default-rack, certSerialId: null}, Type:RATIS, Factor:THREE, State:OPEN]
2019-09-11 18:59:58,705 [EventQueue-PipelineActionsForPipelineActionHandler] INFO  pipeline.PipelineStateManager (PipelineStateManager.java:finalizePipeline(123)) - Pipeline Pipeline[ Id: 2252eb15-1dec-4d2d-99c8-f8300efdfc05, Nodes: d1e1b199-a92a-4c37-98e7-20a84e9cbec2{ip: 192.168.5.143, host: pr-hdds-1786-trunk-xjsf7-3704618034, networkLocation: /default-rack, certSerialId: null}317be899-a5e7-4874-8b34-173a53939308{ip: 192.168.5.143, host: pr-hdds-1786-trunk-xjsf7-3704618034, networkLocation: /default-rack, certSerialId: null}b0d4f042-2fdd-43c4-bade-ce7ad6576109{ip: 192.168.5.143, host: pr-hdds-1786-trunk-xjsf7-3704618034, networkLocation: /default-rack, certSerialId: null}, Type:RATIS, Factor:THREE, State:CLOSED] moved to CLOSED state
2019-09-11 18:59:58,708 [EventQueue-CloseContainerForCloseContainerEventHandler] INFO  container.CloseContainerEventHandler (CloseContainerEventHandler.java:onMessage(61)) - Close container Event triggered for container : #2
2019-09-11 18:59:58,716 [EventQueue-CloseContainerForCloseContainerEventHandler] INFO  container.CloseContainerEventHandler (CloseContainerEventHandler.java:onMessage(61)) - Close container Event triggered for container : #3
2019-09-11 18:59:58,717 [d1e1b199-a92a-4c37-98e7-20a84e9cbec2@group-F8300EFDFC05-SegmentedRaftLogWorker] WARN  segmented.SegmentedRaftLogWorker (SegmentedRaftLogWorker.java:getFromFuture(90)) - Timeout 11/~
org.apache.ratis.protocol.TimeoutIOException: Timeout 10s: WriteLog:12: (t:1, i:12), STATEMACHINELOGENTRY, client-291467FB5DC3, cid=22-writeStateMachineData
	at org.apache.ratis.util.IOUtils.getFromFuture(IOUtils.java:87)
	at org.apache.ratis.server.raftlog.segmented.SegmentedRaftLogWorker$StateMachineDataPolicy.getFromFuture(SegmentedRaftLogWorker.java:87)
	at org.apache.ratis.server.raftlog.segmented.SegmentedRaftLogWorker$WriteLog.execute(SegmentedRaftLogWorker.java:477)
	at org.apache.ratis.server.raftlog.segmented.SegmentedRaftLogWorker.run(SegmentedRaftLogWorker.java:289)
	at java.lang.Thread.run(Thread.java:748)
Caused by: java.util.concurrent.TimeoutException
	at java.util.concurrent.CompletableFuture.timedGet(CompletableFuture.java:1771)
	at java.util.concurrent.CompletableFuture.get(CompletableFuture.java:1915)
	at org.apache.ratis.util.IOUtils.getFromFuture(IOUtils.java:79)
	... 4 more
2019-09-11 18:59:58,722 [317be899-a5e7-4874-8b34-173a53939308@group-F8300EFDFC05-SegmentedRaftLogWorker] WARN  segmented.SegmentedRaftLogWorker (SegmentedRaftLogWorker.java:getFromFuture(90)) - Timeout 11/~
org.apache.ratis.protocol.TimeoutIOException: Timeout 10s: WriteLog:12: (t:1, i:12), STATEMACHINELOGENTRY, client-291467FB5DC3, cid=22-writeStateMachineData
	at org.apache.ratis.util.IOUtils.getFromFuture(IOUtils.java:87)
	at org.apache.ratis.server.raftlog.segmented.SegmentedRaftLogWorker$StateMachineDataPolicy.getFromFuture(SegmentedRaftLogWorker.java:87)
	at org.apache.ratis.server.raftlog.segmented.SegmentedRaftLogWorker$WriteLog.execute(SegmentedRaftLogWorker.java:477)
	at org.apache.ratis.server.raftlog.segmented.SegmentedRaftLogWorker.run(SegmentedRaftLogWorker.java:289)
	at java.lang.Thread.run(Thread.java:748)
Caused by: java.util.concurrent.TimeoutException
	at java.util.concurrent.CompletableFuture.timedGet(CompletableFuture.java:1771)
	at java.util.concurrent.CompletableFuture.get(CompletableFuture.java:1915)
	at org.apache.ratis.util.IOUtils.getFromFuture(IOUtils.java:79)
	... 4 more
2019-09-11 18:59:58,722 [b0d4f042-2fdd-43c4-bade-ce7ad6576109@group-F8300EFDFC05-SegmentedRaftLogWorker] WARN  segmented.SegmentedRaftLogWorker (SegmentedRaftLogWorker.java:getFromFuture(90)) - Timeout 11/~
org.apache.ratis.protocol.TimeoutIOException: Timeout 10s: WriteLog:12: (t:1, i:12), STATEMACHINELOGENTRY, client-291467FB5DC3, cid=22-writeStateMachineData
	at org.apache.ratis.util.IOUtils.getFromFuture(IOUtils.java:87)
	at org.apache.ratis.server.raftlog.segmented.SegmentedRaftLogWorker$StateMachineDataPolicy.getFromFuture(SegmentedRaftLogWorker.java:87)
	at org.apache.ratis.server.raftlog.segmented.SegmentedRaftLogWorker$WriteLog.execute(SegmentedRaftLogWorker.java:477)
	at org.apache.ratis.server.raftlog.segmented.SegmentedRaftLogWorker.run(SegmentedRaftLogWorker.java:289)
	at java.lang.Thread.run(Thread.java:748)
Caused by: java.util.concurrent.TimeoutException
	at java.util.concurrent.CompletableFuture.timedGet(CompletableFuture.java:1771)
	at java.util.concurrent.CompletableFuture.get(CompletableFuture.java:1915)
	at org.apache.ratis.util.IOUtils.getFromFuture(IOUtils.java:79)
	... 4 more
2019-09-11 18:59:59,065 [java.util.concurrent.ThreadPoolExecutor$Worker@7a92cdcb[State = -1, empty queue]] WARN  server.GrpcLogAppender (GrpcLogAppender.java:timeoutAppendRequest(200)) - b0d4f042-2fdd-43c4-bade-ce7ad6576109@group-F8300EFDFC05->317be899-a5e7-4874-8b34-173a53939308-GrpcLogAppender: appendEntries Timeout, request=b0d4f042-2fdd-43c4-bade-ce7ad6576109->317be899-a5e7-4874-8b34-173a53939308#61-t1, previous=(t:1, i:13), leaderCommit=10, initializing? false, entries: <empty>
2019-09-11 18:59:59,065 [java.util.concurrent.ThreadPoolExecutor$Worker@7dd920c1[State = -1, empty queue]] WARN  server.GrpcLogAppender (GrpcLogAppender.java:timeoutAppendRequest(200)) - b0d4f042-2fdd-43c4-bade-ce7ad6576109@group-F8300EFDFC05->d1e1b199-a92a-4c37-98e7-20a84e9cbec2-GrpcLogAppender: appendEntries Timeout, request=b0d4f042-2fdd-43c4-bade-ce7ad6576109->d1e1b199-a92a-4c37-98e7-20a84e9cbec2#61-t1, previous=(t:1, i:13), leaderCommit=10, initializing? false, entries: <empty>
2019-09-11 18:59:59,981 [grpc-default-executor-5] INFO  client.GrpcClientProtocolClient (GrpcClientProtocolClient.java:onNext(264)) - client-291467FB5DC3->d1e1b199-a92a-4c37-98e7-20a84e9cbec2: receive RaftClientReply:client-291467FB5DC3->d1e1b199-a92a-4c37-98e7-20a84e9cbec2@group-F8300EFDFC05, cid=21, FAILED org.apache.ratis.protocol.NotLeaderException: Server d1e1b199-a92a-4c37-98e7-20a84e9cbec2@group-F8300EFDFC05 is not the leader b0d4f042-2fdd-43c4-bade-ce7ad6576109:192.168.5.143:42232, logIndex=0, commits[d1e1b199-a92a-4c37-98e7-20a84e9cbec2:c10, 317be899-a5e7-4874-8b34-173a53939308:c6, b0d4f042-2fdd-43c4-bade-ce7ad6576109:c10]
2019-09-11 19:00:01,067 [org.apache.ratis.server.impl.LogAppender$AppenderDaemon$$Lambda$497/214039350@c829f16] ERROR ratis.XceiverServerRatis (XceiverServerRatis.java:triggerPipelineClose(575)) - pipeline Action CLOSE  on pipeline PipelineID=2252eb15-1dec-4d2d-99c8-f8300efdfc05.Reason : b0d4f042-2fdd-43c4-bade-ce7ad6576109 has not seen follower/s 317be899-a5e7-4874-8b34-173a53939308 for 122822ms d1e1b199-a92a-4c37-98e7-20a84e9cbec2 for 122819ms
2019-09-11 19:00:01,067 [org.apache.ratis.server.impl.LogAppender$AppenderDaemon$$Lambda$497/214039350@61a5be25] ERROR ratis.XceiverServerRatis (XceiverServerRatis.java:triggerPipelineClose(575)) - pipeline Action CLOSE  on pipeline PipelineID=2252eb15-1dec-4d2d-99c8-f8300efdfc05.Reason : b0d4f042-2fdd-43c4-bade-ce7ad6576109 has not seen follower/s 317be899-a5e7-4874-8b34-173a53939308 for 122822ms d1e1b199-a92a-4c37-98e7-20a84e9cbec2 for 122819ms
2019-09-11 19:00:01,566 [java.util.concurrent.ThreadPoolExecutor$Worker@7a92cdcb[State = -1, empty queue]] WARN  server.GrpcLogAppender (GrpcLogAppender.java:timeoutAppendRequest(200)) - b0d4f042-2fdd-43c4-bade-ce7ad6576109@group-F8300EFDFC05->317be899-a5e7-4874-8b34-173a53939308-GrpcLogAppender: appendEntries Timeout, request=b0d4f042-2fdd-43c4-bade-ce7ad6576109->317be899-a5e7-4874-8b34-173a53939308#62-t1, previous=(t:1, i:13), leaderCommit=10, initializing? false, entries: <empty>
2019-09-11 19:00:01,566 [java.util.concurrent.ThreadPoolExecutor$Worker@7dd920c1[State = -1, empty queue]] WARN  server.GrpcLogAppender (GrpcLogAppender.java:timeoutAppendRequest(200)) - b0d4f042-2fdd-43c4-bade-ce7ad6576109@group-F8300EFDFC05->d1e1b199-a92a-4c37-98e7-20a84e9cbec2-GrpcLogAppender: appendEntries Timeout, request=b0d4f042-2fdd-43c4-bade-ce7ad6576109->d1e1b199-a92a-4c37-98e7-20a84e9cbec2#62-t1, previous=(t:1, i:13), leaderCommit=10, initializing? false, entries: <empty>
2019-09-11 19:00:01,700 [EventQueue-PipelineActionsForPipelineActionHandler] ERROR pipeline.PipelineActionHandler (PipelineActionHandler.java:onMessage(60)) - Received pipeline action CLOSE for Pipeline[ Id: 2252eb15-1dec-4d2d-99c8-f8300efdfc05, Nodes: d1e1b199-a92a-4c37-98e7-20a84e9cbec2{ip: 192.168.5.143, host: pr-hdds-1786-trunk-xjsf7-3704618034, networkLocation: /default-rack, certSerialId: null}317be899-a5e7-4874-8b34-173a53939308{ip: 192.168.5.143, host: pr-hdds-1786-trunk-xjsf7-3704618034, networkLocation: /default-rack, certSerialId: null}b0d4f042-2fdd-43c4-bade-ce7ad6576109{ip: 192.168.5.143, host: pr-hdds-1786-trunk-xjsf7-3704618034, networkLocation: /default-rack, certSerialId: null}, Type:RATIS, Factor:THREE, State:CLOSED] from datanode b0d4f042-2fdd-43c4-bade-ce7ad6576109{ip: 192.168.5.143, host: pr-hdds-1786-trunk-xjsf7-3704618034, networkLocation: /default-rack, certSerialId: null}. Reason : b0d4f042-2fdd-43c4-bade-ce7ad6576109 has not seen follower/s 317be899-a5e7-4874-8b34-173a53939308 for 122822ms d1e1b199-a92a-4c37-98e7-20a84e9cbec2 for 122819ms
2019-09-11 19:00:01,700 [EventQueue-PipelineActionsForPipelineActionHandler] INFO  pipeline.SCMPipelineManager (SCMPipelineManager.java:finalizeAndDestroyPipeline(311)) - destroying pipeline:Pipeline[ Id: 2252eb15-1dec-4d2d-99c8-f8300efdfc05, Nodes: d1e1b199-a92a-4c37-98e7-20a84e9cbec2{ip: 192.168.5.143, host: pr-hdds-1786-trunk-xjsf7-3704618034, networkLocation: /default-rack, certSerialId: null}317be899-a5e7-4874-8b34-173a53939308{ip: 192.168.5.143, host: pr-hdds-1786-trunk-xjsf7-3704618034, networkLocation: /default-rack, certSerialId: null}b0d4f042-2fdd-43c4-bade-ce7ad6576109{ip: 192.168.5.143, host: pr-hdds-1786-trunk-xjsf7-3704618034, networkLocation: /default-rack, certSerialId: null}, Type:RATIS, Factor:THREE, State:CLOSED]
2019-09-11 19:00:01,727 [org.apache.ratis.server.impl.LogAppender$AppenderDaemon$$Lambda$497/214039350@c829f16] ERROR ratis.XceiverServerRatis (XceiverServerRatis.java:triggerPipelineClose(575)) - pipeline Action CLOSE  on pipeline PipelineID=2252eb15-1dec-4d2d-99c8-f8300efdfc05.Reason : b0d4f042-2fdd-43c4-bade-ce7ad6576109 has not seen follower/s 317be899-a5e7-4874-8b34-173a53939308 for 123481ms d1e1b199-a92a-4c37-98e7-20a84e9cbec2 for 123479ms
2019-09-11 19:00:01,727 [org.apache.ratis.server.impl.LogAppender$AppenderDaemon$$Lambda$497/214039350@61a5be25] ERROR ratis.XceiverServerRatis (XceiverServerRatis.java:triggerPipelineClose(575)) - pipeline Action CLOSE  on pipeline PipelineID=2252eb15-1dec-4d2d-99c8-f8300efdfc05.Reason : b0d4f042-2fdd-43c4-bade-ce7ad6576109 has not seen follower/s 317be899-a5e7-4874-8b34-173a53939308 for 123481ms d1e1b199-a92a-4c37-98e7-20a84e9cbec2 for 123479ms
2019-09-11 19:00:02,725 [EventQueue-PipelineActionsForPipelineActionHandler] ERROR pipeline.PipelineActionHandler (PipelineActionHandler.java:onMessage(60)) - Received pipeline action CLOSE for Pipeline[ Id: 2252eb15-1dec-4d2d-99c8-f8300efdfc05, Nodes: d1e1b199-a92a-4c37-98e7-20a84e9cbec2{ip: 192.168.5.143, host: pr-hdds-1786-trunk-xjsf7-3704618034, networkLocation: /default-rack, certSerialId: null}317be899-a5e7-4874-8b34-173a53939308{ip: 192.168.5.143, host: pr-hdds-1786-trunk-xjsf7-3704618034, networkLocation: /default-rack, certSerialId: null}b0d4f042-2fdd-43c4-bade-ce7ad6576109{ip: 192.168.5.143, host: pr-hdds-1786-trunk-xjsf7-3704618034, networkLocation: /default-rack, certSerialId: null}, Type:RATIS, Factor:THREE, State:CLOSED] from datanode b0d4f042-2fdd-43c4-bade-ce7ad6576109{ip: 192.168.5.143, host: pr-hdds-1786-trunk-xjsf7-3704618034, networkLocation: /default-rack, certSerialId: null}. Reason : b0d4f042-2fdd-43c4-bade-ce7ad6576109 has not seen follower/s 317be899-a5e7-4874-8b34-173a53939308 for 123481ms d1e1b199-a92a-4c37-98e7-20a84e9cbec2 for 123479ms
2019-09-11 19:00:02,726 [EventQueue-PipelineActionsForPipelineActionHandler] INFO  pipeline.SCMPipelineManager (SCMPipelineManager.java:finalizeAndDestroyPipeline(311)) - destroying pipeline:Pipeline[ Id: 2252eb15-1dec-4d2d-99c8-f8300efdfc05, Nodes: d1e1b199-a92a-4c37-98e7-20a84e9cbec2{ip: 192.168.5.143, host: pr-hdds-1786-trunk-xjsf7-3704618034, networkLocation: /default-rack, certSerialId: null}317be899-a5e7-4874-8b34-173a53939308{ip: 192.168.5.143, host: pr-hdds-1786-trunk-xjsf7-3704618034, networkLocation: /default-rack, certSerialId: null}b0d4f042-2fdd-43c4-bade-ce7ad6576109{ip: 192.168.5.143, host: pr-hdds-1786-trunk-xjsf7-3704618034, networkLocation: /default-rack, certSerialId: null}, Type:RATIS, Factor:THREE, State:CLOSED]
2019-09-11 19:00:04,067 [java.util.concurrent.ThreadPoolExecutor$Worker@7a92cdcb[State = -1, empty queue]] WARN  server.GrpcLogAppender (GrpcLogAppender.java:timeoutAppendRequest(200)) - b0d4f042-2fdd-43c4-bade-ce7ad6576109@group-F8300EFDFC05->317be899-a5e7-4874-8b34-173a53939308-GrpcLogAppender: appendEntries Timeout, request=b0d4f042-2fdd-43c4-bade-ce7ad6576109->317be899-a5e7-4874-8b34-173a53939308#63-t1, previous=(t:1, i:13), leaderCommit=10, initializing? false, entries: <empty>
2019-09-11 19:00:04,067 [java.util.concurrent.ThreadPoolExecutor$Worker@7dd920c1[State = -1, empty queue]] WARN  server.GrpcLogAppender (GrpcLogAppender.java:timeoutAppendRequest(200)) - b0d4f042-2fdd-43c4-bade-ce7ad6576109@group-F8300EFDFC05->d1e1b199-a92a-4c37-98e7-20a84e9cbec2-GrpcLogAppender: appendEntries Timeout, request=b0d4f042-2fdd-43c4-bade-ce7ad6576109->d1e1b199-a92a-4c37-98e7-20a84e9cbec2#63-t1, previous=(t:1, i:13), leaderCommit=10, initializing? false, entries: <empty>
2019-09-11 19:00:04,228 [org.apache.ratis.server.impl.LogAppender$AppenderDaemon$$Lambda$497/214039350@61a5be25] ERROR ratis.XceiverServerRatis (XceiverServerRatis.java:triggerPipelineClose(575)) - pipeline Action CLOSE  on pipeline PipelineID=2252eb15-1dec-4d2d-99c8-f8300efdfc05.Reason : b0d4f042-2fdd-43c4-bade-ce7ad6576109 has not seen follower/s 317be899-a5e7-4874-8b34-173a53939308 for 125983ms d1e1b199-a92a-4c37-98e7-20a84e9cbec2 for 125980ms
2019-09-11 19:00:04,228 [org.apache.ratis.server.impl.LogAppender$AppenderDaemon$$Lambda$497/214039350@c829f16] ERROR ratis.XceiverServerRatis (XceiverServerRatis.java:triggerPipelineClose(575)) - pipeline Action CLOSE  on pipeline PipelineID=2252eb15-1dec-4d2d-99c8-f8300efdfc05.Reason : b0d4f042-2fdd-43c4-bade-ce7ad6576109 has not seen follower/s 317be899-a5e7-4874-8b34-173a53939308 for 125983ms d1e1b199-a92a-4c37-98e7-20a84e9cbec2 for 125980ms
2019-09-11 19:00:04,725 [EventQueue-PipelineActionsForPipelineActionHandler] ERROR pipeline.PipelineActionHandler (PipelineActionHandler.java:onMessage(60)) - Received pipeline action CLOSE for Pipeline[ Id: 2252eb15-1dec-4d2d-99c8-f8300efdfc05, Nodes: d1e1b199-a92a-4c37-98e7-20a84e9cbec2{ip: 192.168.5.143, host: pr-hdds-1786-trunk-xjsf7-3704618034, networkLocation: /default-rack, certSerialId: null}317be899-a5e7-4874-8b34-173a53939308{ip: 192.168.5.143, host: pr-hdds-1786-trunk-xjsf7-3704618034, networkLocation: /default-rack, certSerialId: null}b0d4f042-2fdd-43c4-bade-ce7ad6576109{ip: 192.168.5.143, host: pr-hdds-1786-trunk-xjsf7-3704618034, networkLocation: /default-rack, certSerialId: null}, Type:RATIS, Factor:THREE, State:CLOSED] from datanode b0d4f042-2fdd-43c4-bade-ce7ad6576109{ip: 192.168.5.143, host: pr-hdds-1786-trunk-xjsf7-3704618034, networkLocation: /default-rack, certSerialId: null}. Reason : b0d4f042-2fdd-43c4-bade-ce7ad6576109 has not seen follower/s 317be899-a5e7-4874-8b34-173a53939308 for 125983ms d1e1b199-a92a-4c37-98e7-20a84e9cbec2 for 125980ms
2019-09-11 19:00:04,726 [EventQueue-PipelineActionsForPipelineActionHandler] INFO  pipeline.SCMPipelineManager (SCMPipelineManager.java:finalizeAndDestroyPipeline(311)) - destroying pipeline:Pipeline[ Id: 2252eb15-1dec-4d2d-99c8-f8300efdfc05, Nodes: d1e1b199-a92a-4c37-98e7-20a84e9cbec2{ip: 192.168.5.143, host: pr-hdds-1786-trunk-xjsf7-3704618034, networkLocation: /default-rack, certSerialId: null}317be899-a5e7-4874-8b34-173a53939308{ip: 192.168.5.143, host: pr-hdds-1786-trunk-xjsf7-3704618034, networkLocation: /default-rack, certSerialId: null}b0d4f042-2fdd-43c4-bade-ce7ad6576109{ip: 192.168.5.143, host: pr-hdds-1786-trunk-xjsf7-3704618034, networkLocation: /default-rack, certSerialId: null}, Type:RATIS, Factor:THREE, State:CLOSED]
2019-09-11 19:00:04,727 [java.util.concurrent.ThreadPoolExecutor$Worker@7dd920c1[State = -1, empty queue]] WARN  server.GrpcLogAppender (GrpcLogAppender.java:timeoutAppendRequest(200)) - b0d4f042-2fdd-43c4-bade-ce7ad6576109@group-F8300EFDFC05->d1e1b199-a92a-4c37-98e7-20a84e9cbec2-GrpcLogAppender: appendEntries Timeout, request=b0d4f042-2fdd-43c4-bade-ce7ad6576109->d1e1b199-a92a-4c37-98e7-20a84e9cbec2#64-t1, previous=(t:1, i:13), leaderCommit=10, initializing? false, entries: size=1, first=(t:1, i:14), STATEMACHINELOGENTRY, client-F23A5727344A, cid=2
2019-09-11 19:00:04,729 [java.util.concurrent.ThreadPoolExecutor$Worker@7a92cdcb[State = -1, empty queue]] WARN  server.GrpcLogAppender (GrpcLogAppender.java:timeoutAppendRequest(200)) - b0d4f042-2fdd-43c4-bade-ce7ad6576109@group-F8300EFDFC05->317be899-a5e7-4874-8b34-173a53939308-GrpcLogAppender: appendEntries Timeout, request=b0d4f042-2fdd-43c4-bade-ce7ad6576109->317be899-a5e7-4874-8b34-173a53939308#64-t1, previous=(t:1, i:13), leaderCommit=10, initializing? false, entries: size=1, first=(t:1, i:14), STATEMACHINELOGENTRY, client-F23A5727344A, cid=2
2019-09-11 19:00:05,057 [grpc-default-executor-5] INFO  client.GrpcClientProtocolClient (GrpcClientProtocolClient.java:onNext(264)) - client-291467FB5DC3->317be899-a5e7-4874-8b34-173a53939308: receive RaftClientReply:client-291467FB5DC3->317be899-a5e7-4874-8b34-173a53939308@group-F8300EFDFC05, cid=21, FAILED org.apache.ratis.protocol.NotLeaderException: Server 317be899-a5e7-4874-8b34-173a53939308@group-F8300EFDFC05 is not the leader b0d4f042-2fdd-43c4-bade-ce7ad6576109:192.168.5.143:42232, logIndex=0, commits[317be899-a5e7-4874-8b34-173a53939308:c10, d1e1b199-a92a-4c37-98e7-20a84e9cbec2:c6, b0d4f042-2fdd-43c4-bade-ce7ad6576109:c10]
2019-09-11 19:00:06,730 [org.apache.ratis.server.impl.LogAppender$AppenderDaemon$$Lambda$497/214039350@c829f16] ERROR ratis.XceiverServerRatis (XceiverServerRatis.java:triggerPipelineClose(575)) - pipeline Action CLOSE  on pipeline PipelineID=2252eb15-1dec-4d2d-99c8-f8300efdfc05.Reason : b0d4f042-2fdd-43c4-bade-ce7ad6576109 has not seen follower/s 317be899-a5e7-4874-8b34-173a53939308 for 128484ms d1e1b199-a92a-4c37-98e7-20a84e9cbec2 for 128482ms
2019-09-11 19:00:06,730 [org.apache.ratis.server.impl.LogAppender$AppenderDaemon$$Lambda$497/214039350@61a5be25] ERROR ratis.XceiverServerRatis (XceiverServerRatis.java:triggerPipelineClose(575)) - pipeline Action CLOSE  on pipeline PipelineID=2252eb15-1dec-4d2d-99c8-f8300efdfc05.Reason : b0d4f042-2fdd-43c4-bade-ce7ad6576109 has not seen follower/s 317be899-a5e7-4874-8b34-173a53939308 for 128484ms d1e1b199-a92a-4c37-98e7-20a84e9cbec2 for 128482ms
2019-09-11 19:00:07,228 [java.util.concurrent.ThreadPoolExecutor$Worker@7dd920c1[State = -1, empty queue]] WARN  server.GrpcLogAppender (GrpcLogAppender.java:timeoutAppendRequest(200)) - b0d4f042-2fdd-43c4-bade-ce7ad6576109@group-F8300EFDFC05->d1e1b199-a92a-4c37-98e7-20a84e9cbec2-GrpcLogAppender: appendEntries Timeout, request=b0d4f042-2fdd-43c4-bade-ce7ad6576109->d1e1b199-a92a-4c37-98e7-20a84e9cbec2#65-t1, previous=(t:1, i:14), leaderCommit=10, initializing? false, entries: <empty>
2019-09-11 19:00:07,228 [java.util.concurrent.ThreadPoolExecutor$Worker@7a92cdcb[State = -1, empty queue]] WARN  server.GrpcLogAppender (GrpcLogAppender.java:timeoutAppendRequest(200)) - b0d4f042-2fdd-43c4-bade-ce7ad6576109@group-F8300EFDFC05->317be899-a5e7-4874-8b34-173a53939308-GrpcLogAppender: appendEntries Timeout, request=b0d4f042-2fdd-43c4-bade-ce7ad6576109->317be899-a5e7-4874-8b34-173a53939308#65-t1, previous=(t:1, i:14), leaderCommit=10, initializing? false, entries: <empty>
2019-09-11 19:00:07,726 [EventQueue-PipelineActionsForPipelineActionHandler] ERROR pipeline.PipelineActionHandler (PipelineActionHandler.java:onMessage(60)) - Received pipeline action CLOSE for Pipeline[ Id: 2252eb15-1dec-4d2d-99c8-f8300efdfc05, Nodes: d1e1b199-a92a-4c37-98e7-20a84e9cbec2{ip: 192.168.5.143, host: pr-hdds-1786-trunk-xjsf7-3704618034, networkLocation: /default-rack, certSerialId: null}317be899-a5e7-4874-8b34-173a53939308{ip: 192.168.5.143, host: pr-hdds-1786-trunk-xjsf7-3704618034, networkLocation: /default-rack, certSerialId: null}b0d4f042-2fdd-43c4-bade-ce7ad6576109{ip: 192.168.5.143, host: pr-hdds-1786-trunk-xjsf7-3704618034, networkLocation: /default-rack, certSerialId: null}, Type:RATIS, Factor:THREE, State:CLOSED] from datanode b0d4f042-2fdd-43c4-bade-ce7ad6576109{ip: 192.168.5.143, host: pr-hdds-1786-trunk-xjsf7-3704618034, networkLocation: /default-rack, certSerialId: null}. Reason : b0d4f042-2fdd-43c4-bade-ce7ad6576109 has not seen follower/s 317be899-a5e7-4874-8b34-173a53939308 for 128484ms d1e1b199-a92a-4c37-98e7-20a84e9cbec2 for 128482ms
2019-09-11 19:00:07,727 [EventQueue-PipelineActionsForPipelineActionHandler] INFO  pipeline.SCMPipelineManager (SCMPipelineManager.java:finalizeAndDestroyPipeline(311)) - destroying pipeline:Pipeline[ Id: 2252eb15-1dec-4d2d-99c8-f8300efdfc05, Nodes: d1e1b199-a92a-4c37-98e7-20a84e9cbec2{ip: 192.168.5.143, host: pr-hdds-1786-trunk-xjsf7-3704618034, networkLocation: /default-rack, certSerialId: null}317be899-a5e7-4874-8b34-173a53939308{ip: 192.168.5.143, host: pr-hdds-1786-trunk-xjsf7-3704618034, networkLocation: /default-rack, certSerialId: null}b0d4f042-2fdd-43c4-bade-ce7ad6576109{ip: 192.168.5.143, host: pr-hdds-1786-trunk-xjsf7-3704618034, networkLocation: /default-rack, certSerialId: null}, Type:RATIS, Factor:THREE, State:CLOSED]
2019-09-11 19:00:08,722 [d1e1b199-a92a-4c37-98e7-20a84e9cbec2@group-F8300EFDFC05-SegmentedRaftLogWorker] WARN  segmented.SegmentedRaftLogWorker (SegmentedRaftLogWorker.java:getFromFuture(90)) - Timeout 12/~
org.apache.ratis.protocol.TimeoutIOException: Timeout 10s: WriteLog:12: (t:1, i:12), STATEMACHINELOGENTRY, client-291467FB5DC3, cid=22-writeStateMachineData
	at org.apache.ratis.util.IOUtils.getFromFuture(IOUtils.java:87)
	at org.apache.ratis.server.raftlog.segmented.SegmentedRaftLogWorker$StateMachineDataPolicy.getFromFuture(SegmentedRaftLogWorker.java:87)
	at org.apache.ratis.server.raftlog.segmented.SegmentedRaftLogWorker$WriteLog.execute(SegmentedRaftLogWorker.java:477)
	at org.apache.ratis.server.raftlog.segmented.SegmentedRaftLogWorker.run(SegmentedRaftLogWorker.java:289)
	at java.lang.Thread.run(Thread.java:748)
Caused by: java.util.concurrent.TimeoutException
	at java.util.concurrent.CompletableFuture.timedGet(CompletableFuture.java:1771)
	at java.util.concurrent.CompletableFuture.get(CompletableFuture.java:1915)
	at org.apache.ratis.util.IOUtils.getFromFuture(IOUtils.java:79)
	... 4 more
2019-09-11 19:00:08,729 [b0d4f042-2fdd-43c4-bade-ce7ad6576109@group-F8300EFDFC05-SegmentedRaftLogWorker] WARN  segmented.SegmentedRaftLogWorker (SegmentedRaftLogWorker.java:getFromFuture(90)) - Timeout 12/~
org.apache.ratis.protocol.TimeoutIOException: Timeout 10s: WriteLog:12: (t:1, i:12), STATEMACHINELOGENTRY, client-291467FB5DC3, cid=22-writeStateMachineData
	at org.apache.ratis.util.IOUtils.getFromFuture(IOUtils.java:87)
	at org.apache.ratis.server.raftlog.segmented.SegmentedRaftLogWorker$StateMachineDataPolicy.getFromFuture(SegmentedRaftLogWorker.java:87)
	at org.apache.ratis.server.raftlog.segmented.SegmentedRaftLogWorker$WriteLog.execute(SegmentedRaftLogWorker.java:477)
	at org.apache.ratis.server.raftlog.segmented.SegmentedRaftLogWorker.run(SegmentedRaftLogWorker.java:289)
	at java.lang.Thread.run(Thread.java:748)
Caused by: java.util.concurrent.TimeoutException
	at java.util.concurrent.CompletableFuture.timedGet(CompletableFuture.java:1771)
	at java.util.concurrent.CompletableFuture.get(CompletableFuture.java:1915)
	at org.apache.ratis.util.IOUtils.getFromFuture(IOUtils.java:79)
	... 4 more
2019-09-11 19:00:08,729 [317be899-a5e7-4874-8b34-173a53939308@group-F8300EFDFC05-SegmentedRaftLogWorker] WARN  segmented.SegmentedRaftLogWorker (SegmentedRaftLogWorker.java:getFromFuture(90)) - Timeout 12/~
org.apache.ratis.protocol.TimeoutIOException: Timeout 10s: WriteLog:12: (t:1, i:12), STATEMACHINELOGENTRY, client-291467FB5DC3, cid=22-writeStateMachineData
	at org.apache.ratis.util.IOUtils.getFromFuture(IOUtils.java:87)
	at org.apache.ratis.server.raftlog.segmented.SegmentedRaftLogWorker$StateMachineDataPolicy.getFromFuture(SegmentedRaftLogWorker.java:87)
	at org.apache.ratis.server.raftlog.segmented.SegmentedRaftLogWorker$WriteLog.execute(SegmentedRaftLogWorker.java:477)
	at org.apache.ratis.server.raftlog.segmented.SegmentedRaftLogWorker.run(SegmentedRaftLogWorker.java:289)
	at java.lang.Thread.run(Thread.java:748)
Caused by: java.util.concurrent.TimeoutException
	at java.util.concurrent.CompletableFuture.timedGet(CompletableFuture.java:1771)
	at java.util.concurrent.CompletableFuture.get(CompletableFuture.java:1915)
	at org.apache.ratis.util.IOUtils.getFromFuture(IOUtils.java:79)
	... 4 more
2019-09-11 19:00:09,231 [org.apache.ratis.server.impl.LogAppender$AppenderDaemon$$Lambda$497/214039350@61a5be25] ERROR ratis.XceiverServerRatis (XceiverServerRatis.java:triggerPipelineClose(575)) - pipeline Action CLOSE  on pipeline PipelineID=2252eb15-1dec-4d2d-99c8-f8300efdfc05.Reason : b0d4f042-2fdd-43c4-bade-ce7ad6576109 has not seen follower/s 317be899-a5e7-4874-8b34-173a53939308 for 130986ms d1e1b199-a92a-4c37-98e7-20a84e9cbec2 for 130983ms
2019-09-11 19:00:09,231 [org.apache.ratis.server.impl.LogAppender$AppenderDaemon$$Lambda$497/214039350@c829f16] ERROR ratis.XceiverServerRatis (XceiverServerRatis.java:triggerPipelineClose(575)) - pipeline Action CLOSE  on pipeline PipelineID=2252eb15-1dec-4d2d-99c8-f8300efdfc05.Reason : b0d4f042-2fdd-43c4-bade-ce7ad6576109 has not seen follower/s 317be899-a5e7-4874-8b34-173a53939308 for 130986ms d1e1b199-a92a-4c37-98e7-20a84e9cbec2 for 130983ms
2019-09-11 19:00:09,730 [java.util.concurrent.ThreadPoolExecutor$Worker@7dd920c1[State = -1, empty queue]] WARN  server.GrpcLogAppender (GrpcLogAppender.java:timeoutAppendRequest(200)) - b0d4f042-2fdd-43c4-bade-ce7ad6576109@group-F8300EFDFC05->d1e1b199-a92a-4c37-98e7-20a84e9cbec2-GrpcLogAppender: appendEntries Timeout, request=b0d4f042-2fdd-43c4-bade-ce7ad6576109->d1e1b199-a92a-4c37-98e7-20a84e9cbec2#66-t1, previous=(t:1, i:14), leaderCommit=10, initializing? false, entries: <empty>
2019-09-11 19:00:09,730 [java.util.concurrent.ThreadPoolExecutor$Worker@7a92cdcb[State = -1, empty queue]] WARN  server.GrpcLogAppender (GrpcLogAppender.java:timeoutAppendRequest(200)) - b0d4f042-2fdd-43c4-bade-ce7ad6576109@group-F8300EFDFC05->317be899-a5e7-4874-8b34-173a53939308-GrpcLogAppender: appendEntries Timeout, request=b0d4f042-2fdd-43c4-bade-ce7ad6576109->317be899-a5e7-4874-8b34-173a53939308#66-t1, previous=(t:1, i:14), leaderCommit=10, initializing? false, entries: <empty>
2019-09-11 19:00:09,732 [EventQueue-PipelineActionsForPipelineActionHandler] ERROR pipeline.PipelineActionHandler (PipelineActionHandler.java:onMessage(60)) - Received pipeline action CLOSE for Pipeline[ Id: 2252eb15-1dec-4d2d-99c8-f8300efdfc05, Nodes: d1e1b199-a92a-4c37-98e7-20a84e9cbec2{ip: 192.168.5.143, host: pr-hdds-1786-trunk-xjsf7-3704618034, networkLocation: /default-rack, certSerialId: null}317be899-a5e7-4874-8b34-173a53939308{ip: 192.168.5.143, host: pr-hdds-1786-trunk-xjsf7-3704618034, networkLocation: /default-rack, certSerialId: null}b0d4f042-2fdd-43c4-bade-ce7ad6576109{ip: 192.168.5.143, host: pr-hdds-1786-trunk-xjsf7-3704618034, networkLocation: /default-rack, certSerialId: null}, Type:RATIS, Factor:THREE, State:CLOSED] from datanode b0d4f042-2fdd-43c4-bade-ce7ad6576109{ip: 192.168.5.143, host: pr-hdds-1786-trunk-xjsf7-3704618034, networkLocation: /default-rack, certSerialId: null}. Reason : b0d4f042-2fdd-43c4-bade-ce7ad6576109 has not seen follower/s 317be899-a5e7-4874-8b34-173a53939308 for 130986ms d1e1b199-a92a-4c37-98e7-20a84e9cbec2 for 130983ms
2019-09-11 19:00:09,733 [EventQueue-PipelineActionsForPipelineActionHandler] INFO  pipeline.SCMPipelineManager (SCMPipelineManager.java:finalizeAndDestroyPipeline(311)) - destroying pipeline:Pipeline[ Id: 2252eb15-1dec-4d2d-99c8-f8300efdfc05, Nodes: d1e1b199-a92a-4c37-98e7-20a84e9cbec2{ip: 192.168.5.143, host: pr-hdds-1786-trunk-xjsf7-3704618034, networkLocation: /default-rack, certSerialId: null}317be899-a5e7-4874-8b34-173a53939308{ip: 192.168.5.143, host: pr-hdds-1786-trunk-xjsf7-3704618034, networkLocation: /default-rack, certSerialId: null}b0d4f042-2fdd-43c4-bade-ce7ad6576109{ip: 192.168.5.143, host: pr-hdds-1786-trunk-xjsf7-3704618034, networkLocation: /default-rack, certSerialId: null}, Type:RATIS, Factor:THREE, State:CLOSED]
2019-09-11 19:00:10,125 [grpc-default-executor-4] INFO  client.GrpcClientProtocolClient (GrpcClientProtocolClient.java:onNext(264)) - client-291467FB5DC3->317be899-a5e7-4874-8b34-173a53939308: receive RaftClientReply:client-291467FB5DC3->317be899-a5e7-4874-8b34-173a53939308@group-F8300EFDFC05, cid=21, FAILED org.apache.ratis.protocol.NotLeaderException: Server 317be899-a5e7-4874-8b34-173a53939308@group-F8300EFDFC05 is not the leader b0d4f042-2fdd-43c4-bade-ce7ad6576109:192.168.5.143:42232, logIndex=0, commits[317be899-a5e7-4874-8b34-173a53939308:c10, d1e1b199-a92a-4c37-98e7-20a84e9cbec2:c6, b0d4f042-2fdd-43c4-bade-ce7ad6576109:c10]
2019-09-11 19:00:11,734 [org.apache.ratis.server.impl.LogAppender$AppenderDaemon$$Lambda$497/214039350@61a5be25] ERROR ratis.XceiverServerRatis (XceiverServerRatis.java:triggerPipelineClose(575)) - pipeline Action CLOSE  on pipeline PipelineID=2252eb15-1dec-4d2d-99c8-f8300efdfc05.Reason : b0d4f042-2fdd-43c4-bade-ce7ad6576109 has not seen follower/s 317be899-a5e7-4874-8b34-173a53939308 for 133488ms d1e1b199-a92a-4c37-98e7-20a84e9cbec2 for 133485ms
2019-09-11 19:00:11,734 [org.apache.ratis.server.impl.LogAppender$AppenderDaemon$$Lambda$497/214039350@c829f16] ERROR ratis.XceiverServerRatis (XceiverServerRatis.java:triggerPipelineClose(575)) - pipeline Action CLOSE  on pipeline PipelineID=2252eb15-1dec-4d2d-99c8-f8300efdfc05.Reason : b0d4f042-2fdd-43c4-bade-ce7ad6576109 has not seen follower/s 317be899-a5e7-4874-8b34-173a53939308 for 133488ms d1e1b199-a92a-4c37-98e7-20a84e9cbec2 for 133485ms
2019-09-11 19:00:12,231 [java.util.concurrent.ThreadPoolExecutor$Worker@7a92cdcb[State = -1, empty queue]] WARN  server.GrpcLogAppender (GrpcLogAppender.java:timeoutAppendRequest(200)) - b0d4f042-2fdd-43c4-bade-ce7ad6576109@group-F8300EFDFC05->317be899-a5e7-4874-8b34-173a53939308-GrpcLogAppender: appendEntries Timeout, request=b0d4f042-2fdd-43c4-bade-ce7ad6576109->317be899-a5e7-4874-8b34-173a53939308#67-t1, previous=(t:1, i:14), leaderCommit=10, initializing? false, entries: <empty>
2019-09-11 19:00:12,231 [java.util.concurrent.ThreadPoolExecutor$Worker@7dd920c1[State = -1, empty queue]] WARN  server.GrpcLogAppender (GrpcLogAppender.java:timeoutAppendRequest(200)) - b0d4f042-2fdd-43c4-bade-ce7ad6576109@group-F8300EFDFC05->d1e1b199-a92a-4c37-98e7-20a84e9cbec2-GrpcLogAppender: appendEntries Timeout, request=b0d4f042-2fdd-43c4-bade-ce7ad6576109->d1e1b199-a92a-4c37-98e7-20a84e9cbec2#67-t1, previous=(t:1, i:14), leaderCommit=10, initializing? false, entries: <empty>
2019-09-11 19:00:12,732 [EventQueue-PipelineActionsForPipelineActionHandler] ERROR pipeline.PipelineActionHandler (PipelineActionHandler.java:onMessage(60)) - Received pipeline action CLOSE for Pipeline[ Id: 2252eb15-1dec-4d2d-99c8-f8300efdfc05, Nodes: d1e1b199-a92a-4c37-98e7-20a84e9cbec2{ip: 192.168.5.143, host: pr-hdds-1786-trunk-xjsf7-3704618034, networkLocation: /default-rack, certSerialId: null}317be899-a5e7-4874-8b34-173a53939308{ip: 192.168.5.143, host: pr-hdds-1786-trunk-xjsf7-3704618034, networkLocation: /default-rack, certSerialId: null}b0d4f042-2fdd-43c4-bade-ce7ad6576109{ip: 192.168.5.143, host: pr-hdds-1786-trunk-xjsf7-3704618034, networkLocation: /default-rack, certSerialId: null}, Type:RATIS, Factor:THREE, State:CLOSED] from datanode b0d4f042-2fdd-43c4-bade-ce7ad6576109{ip: 192.168.5.143, host: pr-hdds-1786-trunk-xjsf7-3704618034, networkLocation: /default-rack, certSerialId: null}. Reason : b0d4f042-2fdd-43c4-bade-ce7ad6576109 has not seen follower/s 317be899-a5e7-4874-8b34-173a53939308 for 133488ms d1e1b199-a92a-4c37-98e7-20a84e9cbec2 for 133485ms
2019-09-11 19:00:12,732 [EventQueue-PipelineActionsForPipelineActionHandler] INFO  pipeline.SCMPipelineManager (SCMPipelineManager.java:finalizeAndDestroyPipeline(311)) - destroying pipeline:Pipeline[ Id: 2252eb15-1dec-4d2d-99c8-f8300efdfc05, Nodes: d1e1b199-a92a-4c37-98e7-20a84e9cbec2{ip: 192.168.5.143, host: pr-hdds-1786-trunk-xjsf7-3704618034, networkLocation: /default-rack, certSerialId: null}317be899-a5e7-4874-8b34-173a53939308{ip: 192.168.5.143, host: pr-hdds-1786-trunk-xjsf7-3704618034, networkLocation: /default-rack, certSerialId: null}b0d4f042-2fdd-43c4-bade-ce7ad6576109{ip: 192.168.5.143, host: pr-hdds-1786-trunk-xjsf7-3704618034, networkLocation: /default-rack, certSerialId: null}, Type:RATIS, Factor:THREE, State:CLOSED]
2019-09-11 19:00:14,235 [org.apache.ratis.server.impl.LogAppender$AppenderDaemon$$Lambda$497/214039350@61a5be25] ERROR ratis.XceiverServerRatis (XceiverServerRatis.java:triggerPipelineClose(575)) - pipeline Action CLOSE  on pipeline PipelineID=2252eb15-1dec-4d2d-99c8-f8300efdfc05.Reason : b0d4f042-2fdd-43c4-bade-ce7ad6576109 has not seen follower/s 317be899-a5e7-4874-8b34-173a53939308 for 135989ms d1e1b199-a92a-4c37-98e7-20a84e9cbec2 for 135986ms
2019-09-11 19:00:14,235 [org.apache.ratis.server.impl.LogAppender$AppenderDaemon$$Lambda$497/214039350@c829f16] ERROR ratis.XceiverServerRatis (XceiverServerRatis.java:triggerPipelineClose(575)) - pipeline Action CLOSE  on pipeline PipelineID=2252eb15-1dec-4d2d-99c8-f8300efdfc05.Reason : b0d4f042-2fdd-43c4-bade-ce7ad6576109 has not seen follower/s 317be899-a5e7-4874-8b34-173a53939308 for 135989ms d1e1b199-a92a-4c37-98e7-20a84e9cbec2 for 135986ms
2019-09-11 19:00:14,732 [EventQueue-PipelineActionsForPipelineActionHandler] ERROR pipeline.PipelineActionHandler (PipelineActionHandler.java:onMessage(60)) - Received pipeline action CLOSE for Pipeline[ Id: 2252eb15-1dec-4d2d-99c8-f8300efdfc05, Nodes: d1e1b199-a92a-4c37-98e7-20a84e9cbec2{ip: 192.168.5.143, host: pr-hdds-1786-trunk-xjsf7-3704618034, networkLocation: /default-rack, certSerialId: null}317be899-a5e7-4874-8b34-173a53939308{ip: 192.168.5.143, host: pr-hdds-1786-trunk-xjsf7-3704618034, networkLocation: /default-rack, certSerialId: null}b0d4f042-2fdd-43c4-bade-ce7ad6576109{ip: 192.168.5.143, host: pr-hdds-1786-trunk-xjsf7-3704618034, networkLocation: /default-rack, certSerialId: null}, Type:RATIS, Factor:THREE, State:CLOSED] from datanode b0d4f042-2fdd-43c4-bade-ce7ad6576109{ip: 192.168.5.143, host: pr-hdds-1786-trunk-xjsf7-3704618034, networkLocation: /default-rack, certSerialId: null}. Reason : b0d4f042-2fdd-43c4-bade-ce7ad6576109 has not seen follower/s 317be899-a5e7-4874-8b34-173a53939308 for 135989ms d1e1b199-a92a-4c37-98e7-20a84e9cbec2 for 135986ms
2019-09-11 19:00:14,733 [EventQueue-PipelineActionsForPipelineActionHandler] INFO  pipeline.SCMPipelineManager (SCMPipelineManager.java:finalizeAndDestroyPipeline(311)) - destroying pipeline:Pipeline[ Id: 2252eb15-1dec-4d2d-99c8-f8300efdfc05, Nodes: d1e1b199-a92a-4c37-98e7-20a84e9cbec2{ip: 192.168.5.143, host: pr-hdds-1786-trunk-xjsf7-3704618034, networkLocation: /default-rack, certSerialId: null}317be899-a5e7-4874-8b34-173a53939308{ip: 192.168.5.143, host: pr-hdds-1786-trunk-xjsf7-3704618034, networkLocation: /default-rack, certSerialId: null}b0d4f042-2fdd-43c4-bade-ce7ad6576109{ip: 192.168.5.143, host: pr-hdds-1786-trunk-xjsf7-3704618034, networkLocation: /default-rack, certSerialId: null}, Type:RATIS, Factor:THREE, State:CLOSED]
2019-09-11 19:00:14,733 [java.util.concurrent.ThreadPoolExecutor$Worker@7a92cdcb[State = -1, empty queue]] WARN  server.GrpcLogAppender (GrpcLogAppender.java:timeoutAppendRequest(200)) - b0d4f042-2fdd-43c4-bade-ce7ad6576109@group-F8300EFDFC05->317be899-a5e7-4874-8b34-173a53939308-GrpcLogAppender: appendEntries Timeout, request=b0d4f042-2fdd-43c4-bade-ce7ad6576109->317be899-a5e7-4874-8b34-173a53939308#68-t1, previous=(t:1, i:14), leaderCommit=10, initializing? false, entries: <empty>
2019-09-11 19:00:14,739 [java.util.concurrent.ThreadPoolExecutor$Worker@7dd920c1[State = -1, empty queue]] WARN  server.GrpcLogAppender (GrpcLogAppender.java:timeoutAppendRequest(200)) - b0d4f042-2fdd-43c4-bade-ce7ad6576109@group-F8300EFDFC05->d1e1b199-a92a-4c37-98e7-20a84e9cbec2-GrpcLogAppender: appendEntries Timeout, request=b0d4f042-2fdd-43c4-bade-ce7ad6576109->d1e1b199-a92a-4c37-98e7-20a84e9cbec2#68-t1, previous=(t:1, i:14), leaderCommit=10, initializing? false, entries: <empty>
2019-09-11 19:00:15,188 [grpc-default-executor-4] INFO  client.GrpcClientProtocolClient (GrpcClientProtocolClient.java:onNext(264)) - client-291467FB5DC3->d1e1b199-a92a-4c37-98e7-20a84e9cbec2: receive RaftClientReply:client-291467FB5DC3->d1e1b199-a92a-4c37-98e7-20a84e9cbec2@group-F8300EFDFC05, cid=21, FAILED org.apache.ratis.protocol.NotLeaderException: Server d1e1b199-a92a-4c37-98e7-20a84e9cbec2@group-F8300EFDFC05 is not the leader b0d4f042-2fdd-43c4-bade-ce7ad6576109:192.168.5.143:42232, logIndex=0, commits[d1e1b199-a92a-4c37-98e7-20a84e9cbec2:c10, 317be899-a5e7-4874-8b34-173a53939308:c6, b0d4f042-2fdd-43c4-bade-ce7ad6576109:c10]
2019-09-11 19:00:16,736 [org.apache.ratis.server.impl.LogAppender$AppenderDaemon$$Lambda$497/214039350@c829f16] ERROR ratis.XceiverServerRatis (XceiverServerRatis.java:triggerPipelineClose(575)) - pipeline Action CLOSE  on pipeline PipelineID=2252eb15-1dec-4d2d-99c8-f8300efdfc05.Reason : b0d4f042-2fdd-43c4-bade-ce7ad6576109 has not seen follower/s 317be899-a5e7-4874-8b34-173a53939308 for 138490ms d1e1b199-a92a-4c37-98e7-20a84e9cbec2 for 138488ms
2019-09-11 19:00:16,736 [org.apache.ratis.server.impl.LogAppender$AppenderDaemon$$Lambda$497/214039350@61a5be25] ERROR ratis.XceiverServerRatis (XceiverServerRatis.java:triggerPipelineClose(575)) - pipeline Action CLOSE  on pipeline PipelineID=2252eb15-1dec-4d2d-99c8-f8300efdfc05.Reason : b0d4f042-2fdd-43c4-bade-ce7ad6576109 has not seen follower/s 317be899-a5e7-4874-8b34-173a53939308 for 138490ms d1e1b199-a92a-4c37-98e7-20a84e9cbec2 for 138488ms
2019-09-11 19:00:17,234 [java.util.concurrent.ThreadPoolExecutor$Worker@7dd920c1[State = -1, empty queue]] WARN  server.GrpcLogAppender (GrpcLogAppender.java:timeoutAppendRequest(200)) - b0d4f042-2fdd-43c4-bade-ce7ad6576109@group-F8300EFDFC05->d1e1b199-a92a-4c37-98e7-20a84e9cbec2-GrpcLogAppender: appendEntries Timeout, request=b0d4f042-2fdd-43c4-bade-ce7ad6576109->d1e1b199-a92a-4c37-98e7-20a84e9cbec2#69-t1, previous=(t:1, i:14), leaderCommit=10, initializing? false, entries: <empty>
2019-09-11 19:00:17,234 [java.util.concurrent.ThreadPoolExecutor$Worker@7a92cdcb[State = -1, empty queue]] WARN  server.GrpcLogAppender (GrpcLogAppender.java:timeoutAppendRequest(200)) - b0d4f042-2fdd-43c4-bade-ce7ad6576109@group-F8300EFDFC05->317be899-a5e7-4874-8b34-173a53939308-GrpcLogAppender: appendEntries Timeout, request=b0d4f042-2fdd-43c4-bade-ce7ad6576109->317be899-a5e7-4874-8b34-173a53939308#69-t1, previous=(t:1, i:14), leaderCommit=10, initializing? false, entries: <empty>
2019-09-11 19:00:17,733 [EventQueue-PipelineActionsForPipelineActionHandler] ERROR pipeline.PipelineActionHandler (PipelineActionHandler.java:onMessage(60)) - Received pipeline action CLOSE for Pipeline[ Id: 2252eb15-1dec-4d2d-99c8-f8300efdfc05, Nodes: d1e1b199-a92a-4c37-98e7-20a84e9cbec2{ip: 192.168.5.143, host: pr-hdds-1786-trunk-xjsf7-3704618034, networkLocation: /default-rack, certSerialId: null}317be899-a5e7-4874-8b34-173a53939308{ip: 192.168.5.143, host: pr-hdds-1786-trunk-xjsf7-3704618034, networkLocation: /default-rack, certSerialId: null}b0d4f042-2fdd-43c4-bade-ce7ad6576109{ip: 192.168.5.143, host: pr-hdds-1786-trunk-xjsf7-3704618034, networkLocation: /default-rack, certSerialId: null}, Type:RATIS, Factor:THREE, State:CLOSED] from datanode b0d4f042-2fdd-43c4-bade-ce7ad6576109{ip: 192.168.5.143, host: pr-hdds-1786-trunk-xjsf7-3704618034, networkLocation: /default-rack, certSerialId: null}. Reason : b0d4f042-2fdd-43c4-bade-ce7ad6576109 has not seen follower/s 317be899-a5e7-4874-8b34-173a53939308 for 138490ms d1e1b199-a92a-4c37-98e7-20a84e9cbec2 for 138488ms
2019-09-11 19:00:17,734 [EventQueue-PipelineActionsForPipelineActionHandler] INFO  pipeline.SCMPipelineManager (SCMPipelineManager.java:finalizeAndDestroyPipeline(311)) - destroying pipeline:Pipeline[ Id: 2252eb15-1dec-4d2d-99c8-f8300efdfc05, Nodes: d1e1b199-a92a-4c37-98e7-20a84e9cbec2{ip: 192.168.5.143, host: pr-hdds-1786-trunk-xjsf7-3704618034, networkLocation: /default-rack, certSerialId: null}317be899-a5e7-4874-8b34-173a53939308{ip: 192.168.5.143, host: pr-hdds-1786-trunk-xjsf7-3704618034, networkLocation: /default-rack, certSerialId: null}b0d4f042-2fdd-43c4-bade-ce7ad6576109{ip: 192.168.5.143, host: pr-hdds-1786-trunk-xjsf7-3704618034, networkLocation: /default-rack, certSerialId: null}, Type:RATIS, Factor:THREE, State:CLOSED]
2019-09-11 19:00:18,730 [d1e1b199-a92a-4c37-98e7-20a84e9cbec2@group-F8300EFDFC05-SegmentedRaftLogWorker] WARN  segmented.SegmentedRaftLogWorker (SegmentedRaftLogWorker.java:getFromFuture(90)) - Timeout 13/~
org.apache.ratis.protocol.TimeoutIOException: Timeout 10s: WriteLog:12: (t:1, i:12), STATEMACHINELOGENTRY, client-291467FB5DC3, cid=22-writeStateMachineData
	at org.apache.ratis.util.IOUtils.getFromFuture(IOUtils.java:87)
	at org.apache.ratis.server.raftlog.segmented.SegmentedRaftLogWorker$StateMachineDataPolicy.getFromFuture(SegmentedRaftLogWorker.java:87)
	at org.apache.ratis.server.raftlog.segmented.SegmentedRaftLogWorker$WriteLog.execute(SegmentedRaftLogWorker.java:477)
	at org.apache.ratis.server.raftlog.segmented.SegmentedRaftLogWorker.run(SegmentedRaftLogWorker.java:289)
	at java.lang.Thread.run(Thread.java:748)
Caused by: java.util.concurrent.TimeoutException
	at java.util.concurrent.CompletableFuture.timedGet(CompletableFuture.java:1771)
	at java.util.concurrent.CompletableFuture.get(CompletableFuture.java:1915)
	at org.apache.ratis.util.IOUtils.getFromFuture(IOUtils.java:79)
	... 4 more
2019-09-11 19:00:18,733 [b0d4f042-2fdd-43c4-bade-ce7ad6576109@group-F8300EFDFC05-SegmentedRaftLogWorker] WARN  segmented.SegmentedRaftLogWorker (SegmentedRaftLogWorker.java:getFromFuture(90)) - Timeout 13/~
org.apache.ratis.protocol.TimeoutIOException: Timeout 10s: WriteLog:12: (t:1, i:12), STATEMACHINELOGENTRY, client-291467FB5DC3, cid=22-writeStateMachineData
	at org.apache.ratis.util.IOUtils.getFromFuture(IOUtils.java:87)
	at org.apache.ratis.server.raftlog.segmented.SegmentedRaftLogWorker$StateMachineDataPolicy.getFromFuture(SegmentedRaftLogWorker.java:87)
	at org.apache.ratis.server.raftlog.segmented.SegmentedRaftLogWorker$WriteLog.execute(SegmentedRaftLogWorker.java:477)
	at org.apache.ratis.server.raftlog.segmented.SegmentedRaftLogWorker.run(SegmentedRaftLogWorker.java:289)
	at java.lang.Thread.run(Thread.java:748)
Caused by: java.util.concurrent.TimeoutException
	at java.util.concurrent.CompletableFuture.timedGet(CompletableFuture.java:1771)
	at java.util.concurrent.CompletableFuture.get(CompletableFuture.java:1915)
	at org.apache.ratis.util.IOUtils.getFromFuture(IOUtils.java:79)
	... 4 more
2019-09-11 19:00:18,734 [317be899-a5e7-4874-8b34-173a53939308@group-F8300EFDFC05-SegmentedRaftLogWorker] WARN  segmented.SegmentedRaftLogWorker (SegmentedRaftLogWorker.java:getFromFuture(90)) - Timeout 13/~
org.apache.ratis.protocol.TimeoutIOException: Timeout 10s: WriteLog:12: (t:1, i:12), STATEMACHINELOGENTRY, client-291467FB5DC3, cid=22-writeStateMachineData
	at org.apache.ratis.util.IOUtils.getFromFuture(IOUtils.java:87)
	at org.apache.ratis.server.raftlog.segmented.SegmentedRaftLogWorker$StateMachineDataPolicy.getFromFuture(SegmentedRaftLogWorker.java:87)
	at org.apache.ratis.server.raftlog.segmented.SegmentedRaftLogWorker$WriteLog.execute(SegmentedRaftLogWorker.java:477)
	at org.apache.ratis.server.raftlog.segmented.SegmentedRaftLogWorker.run(SegmentedRaftLogWorker.java:289)
	at java.lang.Thread.run(Thread.java:748)
Caused by: java.util.concurrent.TimeoutException
	at java.util.concurrent.CompletableFuture.timedGet(CompletableFuture.java:1771)
	at java.util.concurrent.CompletableFuture.get(CompletableFuture.java:1915)
	at org.apache.ratis.util.IOUtils.getFromFuture(IOUtils.java:79)
	... 4 more
2019-09-11 19:00:19,237 [org.apache.ratis.server.impl.LogAppender$AppenderDaemon$$Lambda$497/214039350@c829f16] ERROR ratis.XceiverServerRatis (XceiverServerRatis.java:triggerPipelineClose(575)) - pipeline Action CLOSE  on pipeline PipelineID=2252eb15-1dec-4d2d-99c8-f8300efdfc05.Reason : b0d4f042-2fdd-43c4-bade-ce7ad6576109 has not seen follower/s 317be899-a5e7-4874-8b34-173a53939308 for 140991ms d1e1b199-a92a-4c37-98e7-20a84e9cbec2 for 140988ms
2019-09-11 19:00:19,237 [org.apache.ratis.server.impl.LogAppender$AppenderDaemon$$Lambda$497/214039350@61a5be25] ERROR ratis.XceiverServerRatis (XceiverServerRatis.java:triggerPipelineClose(575)) - pipeline Action CLOSE  on pipeline PipelineID=2252eb15-1dec-4d2d-99c8-f8300efdfc05.Reason : b0d4f042-2fdd-43c4-bade-ce7ad6576109 has not seen follower/s 317be899-a5e7-4874-8b34-173a53939308 for 140991ms d1e1b199-a92a-4c37-98e7-20a84e9cbec2 for 140988ms
2019-09-11 19:00:19,735 [EventQueue-PipelineActionsForPipelineActionHandler] ERROR pipeline.PipelineActionHandler (PipelineActionHandler.java:onMessage(60)) - Received pipeline action CLOSE for Pipeline[ Id: 2252eb15-1dec-4d2d-99c8-f8300efdfc05, Nodes: d1e1b199-a92a-4c37-98e7-20a84e9cbec2{ip: 192.168.5.143, host: pr-hdds-1786-trunk-xjsf7-3704618034, networkLocation: /default-rack, certSerialId: null}317be899-a5e7-4874-8b34-173a53939308{ip: 192.168.5.143, host: pr-hdds-1786-trunk-xjsf7-3704618034, networkLocation: /default-rack, certSerialId: null}b0d4f042-2fdd-43c4-bade-ce7ad6576109{ip: 192.168.5.143, host: pr-hdds-1786-trunk-xjsf7-3704618034, networkLocation: /default-rack, certSerialId: null}, Type:RATIS, Factor:THREE, State:CLOSED] from datanode b0d4f042-2fdd-43c4-bade-ce7ad6576109{ip: 192.168.5.143, host: pr-hdds-1786-trunk-xjsf7-3704618034, networkLocation: /default-rack, certSerialId: null}. Reason : b0d4f042-2fdd-43c4-bade-ce7ad6576109 has not seen follower/s 317be899-a5e7-4874-8b34-173a53939308 for 140991ms d1e1b199-a92a-4c37-98e7-20a84e9cbec2 for 140988ms
2019-09-11 19:00:19,735 [EventQueue-PipelineActionsForPipelineActionHandler] INFO  pipeline.SCMPipelineManager (SCMPipelineManager.java:finalizeAndDestroyPipeline(311)) - destroying pipeline:Pipeline[ Id: 2252eb15-1dec-4d2d-99c8-f8300efdfc05, Nodes: d1e1b199-a92a-4c37-98e7-20a84e9cbec2{ip: 192.168.5.143, host: pr-hdds-1786-trunk-xjsf7-3704618034, networkLocation: /default-rack, certSerialId: null}317be899-a5e7-4874-8b34-173a53939308{ip: 192.168.5.143, host: pr-hdds-1786-trunk-xjsf7-3704618034, networkLocation: /default-rack, certSerialId: null}b0d4f042-2fdd-43c4-bade-ce7ad6576109{ip: 192.168.5.143, host: pr-hdds-1786-trunk-xjsf7-3704618034, networkLocation: /default-rack, certSerialId: null}, Type:RATIS, Factor:THREE, State:CLOSED]
2019-09-11 19:00:19,736 [java.util.concurrent.ThreadPoolExecutor$Worker@7dd920c1[State = -1, empty queue]] WARN  server.GrpcLogAppender (GrpcLogAppender.java:timeoutAppendRequest(200)) - b0d4f042-2fdd-43c4-bade-ce7ad6576109@group-F8300EFDFC05->d1e1b199-a92a-4c37-98e7-20a84e9cbec2-GrpcLogAppender: appendEntries Timeout, request=b0d4f042-2fdd-43c4-bade-ce7ad6576109->d1e1b199-a92a-4c37-98e7-20a84e9cbec2#70-t1, previous=(t:1, i:14), leaderCommit=10, initializing? false, entries: <empty>
2019-09-11 19:00:19,736 [java.util.concurrent.ThreadPoolExecutor$Worker@7a92cdcb[State = -1, empty queue]] WARN  server.GrpcLogAppender (GrpcLogAppender.java:timeoutAppendRequest(200)) - b0d4f042-2fdd-43c4-bade-ce7ad6576109@group-F8300EFDFC05->317be899-a5e7-4874-8b34-173a53939308-GrpcLogAppender: appendEntries Timeout, request=b0d4f042-2fdd-43c4-bade-ce7ad6576109->317be899-a5e7-4874-8b34-173a53939308#70-t1, previous=(t:1, i:14), leaderCommit=10, initializing? false, entries: <empty>
2019-09-11 19:00:20,254 [grpc-default-executor-4] INFO  client.GrpcClientProtocolClient (GrpcClientProtocolClient.java:onNext(264)) - client-291467FB5DC3->317be899-a5e7-4874-8b34-173a53939308: receive RaftClientReply:client-291467FB5DC3->317be899-a5e7-4874-8b34-173a53939308@group-F8300EFDFC05, cid=21, FAILED org.apache.ratis.protocol.NotLeaderException: Server 317be899-a5e7-4874-8b34-173a53939308@group-F8300EFDFC05 is not the leader b0d4f042-2fdd-43c4-bade-ce7ad6576109:192.168.5.143:42232, logIndex=0, commits[317be899-a5e7-4874-8b34-173a53939308:c10, d1e1b199-a92a-4c37-98e7-20a84e9cbec2:c6, b0d4f042-2fdd-43c4-bade-ce7ad6576109:c10]
2019-09-11 19:00:21,738 [org.apache.ratis.server.impl.LogAppender$AppenderDaemon$$Lambda$497/214039350@61a5be25] ERROR ratis.XceiverServerRatis (XceiverServerRatis.java:triggerPipelineClose(575)) - pipeline Action CLOSE  on pipeline PipelineID=2252eb15-1dec-4d2d-99c8-f8300efdfc05.Reason : b0d4f042-2fdd-43c4-bade-ce7ad6576109 has not seen follower/s 317be899-a5e7-4874-8b34-173a53939308 for 143492ms d1e1b199-a92a-4c37-98e7-20a84e9cbec2 for 143490ms
2019-09-11 19:00:21,738 [org.apache.ratis.server.impl.LogAppender$AppenderDaemon$$Lambda$497/214039350@c829f16] ERROR ratis.XceiverServerRatis (XceiverServerRatis.java:triggerPipelineClose(575)) - pipeline Action CLOSE  on pipeline PipelineID=2252eb15-1dec-4d2d-99c8-f8300efdfc05.Reason : b0d4f042-2fdd-43c4-bade-ce7ad6576109 has not seen follower/s 317be899-a5e7-4874-8b34-173a53939308 for 143492ms d1e1b199-a92a-4c37-98e7-20a84e9cbec2 for 143490ms
2019-09-11 19:00:22,237 [java.util.concurrent.ThreadPoolExecutor$Worker@7a92cdcb[State = -1, empty queue]] WARN  server.GrpcLogAppender (GrpcLogAppender.java:timeoutAppendRequest(200)) - b0d4f042-2fdd-43c4-bade-ce7ad6576109@group-F8300EFDFC05->317be899-a5e7-4874-8b34-173a53939308-GrpcLogAppender: appendEntries Timeout, request=b0d4f042-2fdd-43c4-bade-ce7ad6576109->317be899-a5e7-4874-8b34-173a53939308#71-t1, previous=(t:1, i:14), leaderCommit=10, initializing? false, entries: <empty>
2019-09-11 19:00:22,237 [java.util.concurrent.ThreadPoolExecutor$Worker@7dd920c1[State = -1, empty queue]] WARN  server.GrpcLogAppender (GrpcLogAppender.java:timeoutAppendRequest(200)) - b0d4f042-2fdd-43c4-bade-ce7ad6576109@group-F8300EFDFC05->d1e1b199-a92a-4c37-98e7-20a84e9cbec2-GrpcLogAppender: appendEntries Timeout, request=b0d4f042-2fdd-43c4-bade-ce7ad6576109->d1e1b199-a92a-4c37-98e7-20a84e9cbec2#71-t1, previous=(t:1, i:14), leaderCommit=10, initializing? false, entries: <empty>
2019-09-11 19:00:22,735 [EventQueue-PipelineActionsForPipelineActionHandler] ERROR pipeline.PipelineActionHandler (PipelineActionHandler.java:onMessage(60)) - Received pipeline action CLOSE for Pipeline[ Id: 2252eb15-1dec-4d2d-99c8-f8300efdfc05, Nodes: d1e1b199-a92a-4c37-98e7-20a84e9cbec2{ip: 192.168.5.143, host: pr-hdds-1786-trunk-xjsf7-3704618034, networkLocation: /default-rack, certSerialId: null}317be899-a5e7-4874-8b34-173a53939308{ip: 192.168.5.143, host: pr-hdds-1786-trunk-xjsf7-3704618034, networkLocation: /default-rack, certSerialId: null}b0d4f042-2fdd-43c4-bade-ce7ad6576109{ip: 192.168.5.143, host: pr-hdds-1786-trunk-xjsf7-3704618034, networkLocation: /default-rack, certSerialId: null}, Type:RATIS, Factor:THREE, State:CLOSED] from datanode b0d4f042-2fdd-43c4-bade-ce7ad6576109{ip: 192.168.5.143, host: pr-hdds-1786-trunk-xjsf7-3704618034, networkLocation: /default-rack, certSerialId: null}. Reason : b0d4f042-2fdd-43c4-bade-ce7ad6576109 has not seen follower/s 317be899-a5e7-4874-8b34-173a53939308 for 143492ms d1e1b199-a92a-4c37-98e7-20a84e9cbec2 for 143490ms
2019-09-11 19:00:22,736 [EventQueue-PipelineActionsForPipelineActionHandler] INFO  pipeline.SCMPipelineManager (SCMPipelineManager.java:finalizeAndDestroyPipeline(311)) - destroying pipeline:Pipeline[ Id: 2252eb15-1dec-4d2d-99c8-f8300efdfc05, Nodes: d1e1b199-a92a-4c37-98e7-20a84e9cbec2{ip: 192.168.5.143, host: pr-hdds-1786-trunk-xjsf7-3704618034, networkLocation: /default-rack, certSerialId: null}317be899-a5e7-4874-8b34-173a53939308{ip: 192.168.5.143, host: pr-hdds-1786-trunk-xjsf7-3704618034, networkLocation: /default-rack, certSerialId: null}b0d4f042-2fdd-43c4-bade-ce7ad6576109{ip: 192.168.5.143, host: pr-hdds-1786-trunk-xjsf7-3704618034, networkLocation: /default-rack, certSerialId: null}, Type:RATIS, Factor:THREE, State:CLOSED]
2019-09-11 19:00:24,239 [org.apache.ratis.server.impl.LogAppender$AppenderDaemon$$Lambda$497/214039350@c829f16] ERROR ratis.XceiverServerRatis (XceiverServerRatis.java:triggerPipelineClose(575)) - pipeline Action CLOSE  on pipeline PipelineID=2252eb15-1dec-4d2d-99c8-f8300efdfc05.Reason : b0d4f042-2fdd-43c4-bade-ce7ad6576109 has not seen follower/s 317be899-a5e7-4874-8b34-173a53939308 for 145993ms d1e1b199-a92a-4c37-98e7-20a84e9cbec2 for 145991ms
2019-09-11 19:00:24,239 [org.apache.ratis.server.impl.LogAppender$AppenderDaemon$$Lambda$497/214039350@61a5be25] ERROR ratis.XceiverServerRatis (XceiverServerRatis.java:triggerPipelineClose(575)) - pipeline Action CLOSE  on pipeline PipelineID=2252eb15-1dec-4d2d-99c8-f8300efdfc05.Reason : b0d4f042-2fdd-43c4-bade-ce7ad6576109 has not seen follower/s 317be899-a5e7-4874-8b34-173a53939308 for 145993ms d1e1b199-a92a-4c37-98e7-20a84e9cbec2 for 145991ms
2019-09-11 19:00:24,734 [EventQueue-PipelineActionsForPipelineActionHandler] ERROR pipeline.PipelineActionHandler (PipelineActionHandler.java:onMessage(60)) - Received pipeline action CLOSE for Pipeline[ Id: 2252eb15-1dec-4d2d-99c8-f8300efdfc05, Nodes: d1e1b199-a92a-4c37-98e7-20a84e9cbec2{ip: 192.168.5.143, host: pr-hdds-1786-trunk-xjsf7-3704618034, networkLocation: /default-rack, certSerialId: null}317be899-a5e7-4874-8b34-173a53939308{ip: 192.168.5.143, host: pr-hdds-1786-trunk-xjsf7-3704618034, networkLocation: /default-rack, certSerialId: null}b0d4f042-2fdd-43c4-bade-ce7ad6576109{ip: 192.168.5.143, host: pr-hdds-1786-trunk-xjsf7-3704618034, networkLocation: /default-rack, certSerialId: null}, Type:RATIS, Factor:THREE, State:CLOSED] from datanode b0d4f042-2fdd-43c4-bade-ce7ad6576109{ip: 192.168.5.143, host: pr-hdds-1786-trunk-xjsf7-3704618034, networkLocation: /default-rack, certSerialId: null}. Reason : b0d4f042-2fdd-43c4-bade-ce7ad6576109 has not seen follower/s 317be899-a5e7-4874-8b34-173a53939308 for 145993ms d1e1b199-a92a-4c37-98e7-20a84e9cbec2 for 145991ms
2019-09-11 19:00:24,734 [EventQueue-PipelineActionsForPipelineActionHandler] INFO  pipeline.SCMPipelineManager (SCMPipelineManager.java:finalizeAndDestroyPipeline(311)) - destroying pipeline:Pipeline[ Id: 2252eb15-1dec-4d2d-99c8-f8300efdfc05, Nodes: d1e1b199-a92a-4c37-98e7-20a84e9cbec2{ip: 192.168.5.143, host: pr-hdds-1786-trunk-xjsf7-3704618034, networkLocation: /default-rack, certSerialId: null}317be899-a5e7-4874-8b34-173a53939308{ip: 192.168.5.143, host: pr-hdds-1786-trunk-xjsf7-3704618034, networkLocation: /default-rack, certSerialId: null}b0d4f042-2fdd-43c4-bade-ce7ad6576109{ip: 192.168.5.143, host: pr-hdds-1786-trunk-xjsf7-3704618034, networkLocation: /default-rack, certSerialId: null}, Type:RATIS, Factor:THREE, State:CLOSED]
2019-09-11 19:00:24,738 [java.util.concurrent.ThreadPoolExecutor$Worker@7a92cdcb[State = -1, empty queue]] WARN  server.GrpcLogAppender (GrpcLogAppender.java:timeoutAppendRequest(200)) - b0d4f042-2fdd-43c4-bade-ce7ad6576109@group-F8300EFDFC05->317be899-a5e7-4874-8b34-173a53939308-GrpcLogAppender: appendEntries Timeout, request=b0d4f042-2fdd-43c4-bade-ce7ad6576109->317be899-a5e7-4874-8b34-173a53939308#72-t1, previous=(t:1, i:14), leaderCommit=10, initializing? false, entries: <empty>
2019-09-11 19:00:24,738 [java.util.concurrent.ThreadPoolExecutor$Worker@7dd920c1[State = -1, empty queue]] WARN  server.GrpcLogAppender (GrpcLogAppender.java:timeoutAppendRequest(200)) - b0d4f042-2fdd-43c4-bade-ce7ad6576109@group-F8300EFDFC05->d1e1b199-a92a-4c37-98e7-20a84e9cbec2-GrpcLogAppender: appendEntries Timeout, request=b0d4f042-2fdd-43c4-bade-ce7ad6576109->d1e1b199-a92a-4c37-98e7-20a84e9cbec2#72-t1, previous=(t:1, i:14), leaderCommit=10, initializing? false, entries: <empty>
2019-09-11 19:00:25,332 [grpc-default-executor-4] INFO  client.GrpcClientProtocolClient (GrpcClientProtocolClient.java:onNext(264)) - client-291467FB5DC3->317be899-a5e7-4874-8b34-173a53939308: receive RaftClientReply:client-291467FB5DC3->317be899-a5e7-4874-8b34-173a53939308@group-F8300EFDFC05, cid=21, FAILED org.apache.ratis.protocol.NotLeaderException: Server 317be899-a5e7-4874-8b34-173a53939308@group-F8300EFDFC05 is not the leader b0d4f042-2fdd-43c4-bade-ce7ad6576109:192.168.5.143:42232, logIndex=0, commits[317be899-a5e7-4874-8b34-173a53939308:c10, d1e1b199-a92a-4c37-98e7-20a84e9cbec2:c6, b0d4f042-2fdd-43c4-bade-ce7ad6576109:c10]
2019-09-11 19:00:26,740 [org.apache.ratis.server.impl.LogAppender$AppenderDaemon$$Lambda$497/214039350@61a5be25] ERROR ratis.XceiverServerRatis (XceiverServerRatis.java:triggerPipelineClose(575)) - pipeline Action CLOSE  on pipeline PipelineID=2252eb15-1dec-4d2d-99c8-f8300efdfc05.Reason : b0d4f042-2fdd-43c4-bade-ce7ad6576109 has not seen follower/s 317be899-a5e7-4874-8b34-173a53939308 for 148495ms d1e1b199-a92a-4c37-98e7-20a84e9cbec2 for 148492ms
2019-09-11 19:00:26,740 [org.apache.ratis.server.impl.LogAppender$AppenderDaemon$$Lambda$497/214039350@c829f16] ERROR ratis.XceiverServerRatis (XceiverServerRatis.java:triggerPipelineClose(575)) - pipeline Action CLOSE  on pipeline PipelineID=2252eb15-1dec-4d2d-99c8-f8300efdfc05.Reason : b0d4f042-2fdd-43c4-bade-ce7ad6576109 has not seen follower/s 317be899-a5e7-4874-8b34-173a53939308 for 148495ms d1e1b199-a92a-4c37-98e7-20a84e9cbec2 for 148492ms
2019-09-11 19:00:27,239 [java.util.concurrent.ThreadPoolExecutor$Worker@7a92cdcb[State = -1, empty queue]] WARN  server.GrpcLogAppender (GrpcLogAppender.java:timeoutAppendRequest(200)) - b0d4f042-2fdd-43c4-bade-ce7ad6576109@group-F8300EFDFC05->317be899-a5e7-4874-8b34-173a53939308-GrpcLogAppender: appendEntries Timeout, request=b0d4f042-2fdd-43c4-bade-ce7ad6576109->317be899-a5e7-4874-8b34-173a53939308#73-t1, previous=(t:1, i:14), leaderCommit=10, initializing? false, entries: <empty>
2019-09-11 19:00:27,239 [java.util.concurrent.ThreadPoolExecutor$Worker@7dd920c1[State = -1, empty queue]] WARN  server.GrpcLogAppender (GrpcLogAppender.java:timeoutAppendRequest(200)) - b0d4f042-2fdd-43c4-bade-ce7ad6576109@group-F8300EFDFC05->d1e1b199-a92a-4c37-98e7-20a84e9cbec2-GrpcLogAppender: appendEntries Timeout, request=b0d4f042-2fdd-43c4-bade-ce7ad6576109->d1e1b199-a92a-4c37-98e7-20a84e9cbec2#73-t1, previous=(t:1, i:14), leaderCommit=10, initializing? false, entries: <empty>
2019-09-11 19:00:27,735 [EventQueue-PipelineActionsForPipelineActionHandler] ERROR pipeline.PipelineActionHandler (PipelineActionHandler.java:onMessage(60)) - Received pipeline action CLOSE for Pipeline[ Id: 2252eb15-1dec-4d2d-99c8-f8300efdfc05, Nodes: d1e1b199-a92a-4c37-98e7-20a84e9cbec2{ip: 192.168.5.143, host: pr-hdds-1786-trunk-xjsf7-3704618034, networkLocation: /default-rack, certSerialId: null}317be899-a5e7-4874-8b34-173a53939308{ip: 192.168.5.143, host: pr-hdds-1786-trunk-xjsf7-3704618034, networkLocation: /default-rack, certSerialId: null}b0d4f042-2fdd-43c4-bade-ce7ad6576109{ip: 192.168.5.143, host: pr-hdds-1786-trunk-xjsf7-3704618034, networkLocation: /default-rack, certSerialId: null}, Type:RATIS, Factor:THREE, State:CLOSED] from datanode b0d4f042-2fdd-43c4-bade-ce7ad6576109{ip: 192.168.5.143, host: pr-hdds-1786-trunk-xjsf7-3704618034, networkLocation: /default-rack, certSerialId: null}. Reason : b0d4f042-2fdd-43c4-bade-ce7ad6576109 has not seen follower/s 317be899-a5e7-4874-8b34-173a53939308 for 148495ms d1e1b199-a92a-4c37-98e7-20a84e9cbec2 for 148492ms
2019-09-11 19:00:27,735 [EventQueue-PipelineActionsForPipelineActionHandler] INFO  pipeline.SCMPipelineManager (SCMPipelineManager.java:finalizeAndDestroyPipeline(311)) - destroying pipeline:Pipeline[ Id: 2252eb15-1dec-4d2d-99c8-f8300efdfc05, Nodes: d1e1b199-a92a-4c37-98e7-20a84e9cbec2{ip: 192.168.5.143, host: pr-hdds-1786-trunk-xjsf7-3704618034, networkLocation: /default-rack, certSerialId: null}317be899-a5e7-4874-8b34-173a53939308{ip: 192.168.5.143, host: pr-hdds-1786-trunk-xjsf7-3704618034, networkLocation: /default-rack, certSerialId: null}b0d4f042-2fdd-43c4-bade-ce7ad6576109{ip: 192.168.5.143, host: pr-hdds-1786-trunk-xjsf7-3704618034, networkLocation: /default-rack, certSerialId: null}, Type:RATIS, Factor:THREE, State:CLOSED]
2019-09-11 19:00:28,735 [d1e1b199-a92a-4c37-98e7-20a84e9cbec2@group-F8300EFDFC05-SegmentedRaftLogWorker] WARN  segmented.SegmentedRaftLogWorker (SegmentedRaftLogWorker.java:getFromFuture(90)) - Timeout 14/~
org.apache.ratis.protocol.TimeoutIOException: Timeout 10s: WriteLog:12: (t:1, i:12), STATEMACHINELOGENTRY, client-291467FB5DC3, cid=22-writeStateMachineData
	at org.apache.ratis.util.IOUtils.getFromFuture(IOUtils.java:87)
	at org.apache.ratis.server.raftlog.segmented.SegmentedRaftLogWorker$StateMachineDataPolicy.getFromFuture(SegmentedRaftLogWorker.java:87)
	at org.apache.ratis.server.raftlog.segmented.SegmentedRaftLogWorker$WriteLog.execute(SegmentedRaftLogWorker.java:477)
	at org.apache.ratis.server.raftlog.segmented.SegmentedRaftLogWorker.run(SegmentedRaftLogWorker.java:289)
	at java.lang.Thread.run(Thread.java:748)
Caused by: java.util.concurrent.TimeoutException
	at java.util.concurrent.CompletableFuture.timedGet(CompletableFuture.java:1771)
	at java.util.concurrent.CompletableFuture.get(CompletableFuture.java:1915)
	at org.apache.ratis.util.IOUtils.getFromFuture(IOUtils.java:79)
	... 4 more
2019-09-11 19:00:28,737 [b0d4f042-2fdd-43c4-bade-ce7ad6576109@group-F8300EFDFC05-SegmentedRaftLogWorker] WARN  segmented.SegmentedRaftLogWorker (SegmentedRaftLogWorker.java:getFromFuture(90)) - Timeout 14/~
org.apache.ratis.protocol.TimeoutIOException: Timeout 10s: WriteLog:12: (t:1, i:12), STATEMACHINELOGENTRY, client-291467FB5DC3, cid=22-writeStateMachineData
	at org.apache.ratis.util.IOUtils.getFromFuture(IOUtils.java:87)
	at org.apache.ratis.server.raftlog.segmented.SegmentedRaftLogWorker$StateMachineDataPolicy.getFromFuture(SegmentedRaftLogWorker.java:87)
	at org.apache.ratis.server.raftlog.segmented.SegmentedRaftLogWorker$WriteLog.execute(SegmentedRaftLogWorker.java:477)
	at org.apache.ratis.server.raftlog.segmented.SegmentedRaftLogWorker.run(SegmentedRaftLogWorker.java:289)
	at java.lang.Thread.run(Thread.java:748)
Caused by: java.util.concurrent.TimeoutException
	at java.util.concurrent.CompletableFuture.timedGet(CompletableFuture.java:1771)
	at java.util.concurrent.CompletableFuture.get(CompletableFuture.java:1915)
	at org.apache.ratis.util.IOUtils.getFromFuture(IOUtils.java:79)
	... 4 more
2019-09-11 19:00:28,738 [317be899-a5e7-4874-8b34-173a53939308@group-F8300EFDFC05-SegmentedRaftLogWorker] WARN  segmented.SegmentedRaftLogWorker (SegmentedRaftLogWorker.java:getFromFuture(90)) - Timeout 14/~
org.apache.ratis.protocol.TimeoutIOException: Timeout 10s: WriteLog:12: (t:1, i:12), STATEMACHINELOGENTRY, client-291467FB5DC3, cid=22-writeStateMachineData
	at org.apache.ratis.util.IOUtils.getFromFuture(IOUtils.java:87)
	at org.apache.ratis.server.raftlog.segmented.SegmentedRaftLogWorker$StateMachineDataPolicy.getFromFuture(SegmentedRaftLogWorker.java:87)
	at org.apache.ratis.server.raftlog.segmented.SegmentedRaftLogWorker$WriteLog.execute(SegmentedRaftLogWorker.java:477)
	at org.apache.ratis.server.raftlog.segmented.SegmentedRaftLogWorker.run(SegmentedRaftLogWorker.java:289)
	at java.lang.Thread.run(Thread.java:748)
Caused by: java.util.concurrent.TimeoutException
	at java.util.concurrent.CompletableFuture.timedGet(CompletableFuture.java:1771)
	at java.util.concurrent.CompletableFuture.get(CompletableFuture.java:1915)
	at org.apache.ratis.util.IOUtils.getFromFuture(IOUtils.java:79)
	... 4 more
2019-09-11 19:00:29,242 [org.apache.ratis.server.impl.LogAppender$AppenderDaemon$$Lambda$497/214039350@61a5be25] ERROR ratis.XceiverServerRatis (XceiverServerRatis.java:triggerPipelineClose(575)) - pipeline Action CLOSE  on pipeline PipelineID=2252eb15-1dec-4d2d-99c8-f8300efdfc05.Reason : b0d4f042-2fdd-43c4-bade-ce7ad6576109 has not seen follower/s 317be899-a5e7-4874-8b34-173a53939308 for 150996ms d1e1b199-a92a-4c37-98e7-20a84e9cbec2 for 150994ms
2019-09-11 19:00:29,242 [org.apache.ratis.server.impl.LogAppender$AppenderDaemon$$Lambda$497/214039350@c829f16] ERROR ratis.XceiverServerRatis (XceiverServerRatis.java:triggerPipelineClose(575)) - pipeline Action CLOSE  on pipeline PipelineID=2252eb15-1dec-4d2d-99c8-f8300efdfc05.Reason : b0d4f042-2fdd-43c4-bade-ce7ad6576109 has not seen follower/s 317be899-a5e7-4874-8b34-173a53939308 for 150996ms d1e1b199-a92a-4c37-98e7-20a84e9cbec2 for 150994ms
2019-09-11 19:00:29,735 [EventQueue-PipelineActionsForPipelineActionHandler] ERROR pipeline.PipelineActionHandler (PipelineActionHandler.java:onMessage(60)) - Received pipeline action CLOSE for Pipeline[ Id: 2252eb15-1dec-4d2d-99c8-f8300efdfc05, Nodes: d1e1b199-a92a-4c37-98e7-20a84e9cbec2{ip: 192.168.5.143, host: pr-hdds-1786-trunk-xjsf7-3704618034, networkLocation: /default-rack, certSerialId: null}317be899-a5e7-4874-8b34-173a53939308{ip: 192.168.5.143, host: pr-hdds-1786-trunk-xjsf7-3704618034, networkLocation: /default-rack, certSerialId: null}b0d4f042-2fdd-43c4-bade-ce7ad6576109{ip: 192.168.5.143, host: pr-hdds-1786-trunk-xjsf7-3704618034, networkLocation: /default-rack, certSerialId: null}, Type:RATIS, Factor:THREE, State:CLOSED] from datanode b0d4f042-2fdd-43c4-bade-ce7ad6576109{ip: 192.168.5.143, host: pr-hdds-1786-trunk-xjsf7-3704618034, networkLocation: /default-rack, certSerialId: null}. Reason : b0d4f042-2fdd-43c4-bade-ce7ad6576109 has not seen follower/s 317be899-a5e7-4874-8b34-173a53939308 for 150996ms d1e1b199-a92a-4c37-98e7-20a84e9cbec2 for 150994ms
2019-09-11 19:00:29,735 [EventQueue-PipelineActionsForPipelineActionHandler] INFO  pipeline.SCMPipelineManager (SCMPipelineManager.java:finalizeAndDestroyPipeline(311)) - destroying pipeline:Pipeline[ Id: 2252eb15-1dec-4d2d-99c8-f8300efdfc05, Nodes: d1e1b199-a92a-4c37-98e7-20a84e9cbec2{ip: 192.168.5.143, host: pr-hdds-1786-trunk-xjsf7-3704618034, networkLocation: /default-rack, certSerialId: null}317be899-a5e7-4874-8b34-173a53939308{ip: 192.168.5.143, host: pr-hdds-1786-trunk-xjsf7-3704618034, networkLocation: /default-rack, certSerialId: null}b0d4f042-2fdd-43c4-bade-ce7ad6576109{ip: 192.168.5.143, host: pr-hdds-1786-trunk-xjsf7-3704618034, networkLocation: /default-rack, certSerialId: null}, Type:RATIS, Factor:THREE, State:CLOSED]
2019-09-11 19:00:29,740 [java.util.concurrent.ThreadPoolExecutor$Worker@7a92cdcb[State = -1, empty queue]] WARN  server.GrpcLogAppender (GrpcLogAppender.java:timeoutAppendRequest(200)) - b0d4f042-2fdd-43c4-bade-ce7ad6576109@group-F8300EFDFC05->317be899-a5e7-4874-8b34-173a53939308-GrpcLogAppender: appendEntries Timeout, request=b0d4f042-2fdd-43c4-bade-ce7ad6576109->317be899-a5e7-4874-8b34-173a53939308#74-t1, previous=(t:1, i:14), leaderCommit=10, initializing? false, entries: <empty>
2019-09-11 19:00:29,740 [java.util.concurrent.ThreadPoolExecutor$Worker@7dd920c1[State = -1, empty queue]] WARN  server.GrpcLogAppender (GrpcLogAppender.java:timeoutAppendRequest(200)) - b0d4f042-2fdd-43c4-bade-ce7ad6576109@group-F8300EFDFC05->d1e1b199-a92a-4c37-98e7-20a84e9cbec2-GrpcLogAppender: appendEntries Timeout, request=b0d4f042-2fdd-43c4-bade-ce7ad6576109->d1e1b199-a92a-4c37-98e7-20a84e9cbec2#74-t1, previous=(t:1, i:14), leaderCommit=10, initializing? false, entries: <empty>
2019-09-11 19:00:30,389 [grpc-default-executor-5] INFO  client.GrpcClientProtocolClient (GrpcClientProtocolClient.java:onNext(264)) - client-291467FB5DC3->317be899-a5e7-4874-8b34-173a53939308: receive RaftClientReply:client-291467FB5DC3->317be899-a5e7-4874-8b34-173a53939308@group-F8300EFDFC05, cid=21, FAILED org.apache.ratis.protocol.NotLeaderException: Server 317be899-a5e7-4874-8b34-173a53939308@group-F8300EFDFC05 is not the leader b0d4f042-2fdd-43c4-bade-ce7ad6576109:192.168.5.143:42232, logIndex=0, commits[317be899-a5e7-4874-8b34-173a53939308:c10, d1e1b199-a92a-4c37-98e7-20a84e9cbec2:c6, b0d4f042-2fdd-43c4-bade-ce7ad6576109:c10]
2019-09-11 19:00:31,743 [org.apache.ratis.server.impl.LogAppender$AppenderDaemon$$Lambda$497/214039350@c829f16] ERROR ratis.XceiverServerRatis (XceiverServerRatis.java:triggerPipelineClose(575)) - pipeline Action CLOSE  on pipeline PipelineID=2252eb15-1dec-4d2d-99c8-f8300efdfc05.Reason : b0d4f042-2fdd-43c4-bade-ce7ad6576109 has not seen follower/s 317be899-a5e7-4874-8b34-173a53939308 for 153498ms d1e1b199-a92a-4c37-98e7-20a84e9cbec2 for 153495ms
2019-09-11 19:00:31,743 [org.apache.ratis.server.impl.LogAppender$AppenderDaemon$$Lambda$497/214039350@61a5be25] ERROR ratis.XceiverServerRatis (XceiverServerRatis.java:triggerPipelineClose(575)) - pipeline Action CLOSE  on pipeline PipelineID=2252eb15-1dec-4d2d-99c8-f8300efdfc05.Reason : b0d4f042-2fdd-43c4-bade-ce7ad6576109 has not seen follower/s 317be899-a5e7-4874-8b34-173a53939308 for 153498ms d1e1b199-a92a-4c37-98e7-20a84e9cbec2 for 153495ms
2019-09-11 19:00:32,242 [java.util.concurrent.ThreadPoolExecutor$Worker@7a92cdcb[State = -1, empty queue]] WARN  server.GrpcLogAppender (GrpcLogAppender.java:timeoutAppendRequest(200)) - b0d4f042-2fdd-43c4-bade-ce7ad6576109@group-F8300EFDFC05->317be899-a5e7-4874-8b34-173a53939308-GrpcLogAppender: appendEntries Timeout, request=b0d4f042-2fdd-43c4-bade-ce7ad6576109->317be899-a5e7-4874-8b34-173a53939308#75-t1, previous=(t:1, i:14), leaderCommit=10, initializing? false, entries: <empty>
2019-09-11 19:00:32,242 [java.util.concurrent.ThreadPoolExecutor$Worker@7dd920c1[State = -1, empty queue]] WARN  server.GrpcLogAppender (GrpcLogAppender.java:timeoutAppendRequest(200)) - b0d4f042-2fdd-43c4-bade-ce7ad6576109@group-F8300EFDFC05->d1e1b199-a92a-4c37-98e7-20a84e9cbec2-GrpcLogAppender: appendEntries Timeout, request=b0d4f042-2fdd-43c4-bade-ce7ad6576109->d1e1b199-a92a-4c37-98e7-20a84e9cbec2#75-t1, previous=(t:1, i:14), leaderCommit=10, initializing? false, entries: <empty>
2019-09-11 19:00:32,735 [EventQueue-PipelineActionsForPipelineActionHandler] ERROR pipeline.PipelineActionHandler (PipelineActionHandler.java:onMessage(60)) - Received pipeline action CLOSE for Pipeline[ Id: 2252eb15-1dec-4d2d-99c8-f8300efdfc05, Nodes: d1e1b199-a92a-4c37-98e7-20a84e9cbec2{ip: 192.168.5.143, host: pr-hdds-1786-trunk-xjsf7-3704618034, networkLocation: /default-rack, certSerialId: null}317be899-a5e7-4874-8b34-173a53939308{ip: 192.168.5.143, host: pr-hdds-1786-trunk-xjsf7-3704618034, networkLocation: /default-rack, certSerialId: null}b0d4f042-2fdd-43c4-bade-ce7ad6576109{ip: 192.168.5.143, host: pr-hdds-1786-trunk-xjsf7-3704618034, networkLocation: /default-rack, certSerialId: null}, Type:RATIS, Factor:THREE, State:CLOSED] from datanode b0d4f042-2fdd-43c4-bade-ce7ad6576109{ip: 192.168.5.143, host: pr-hdds-1786-trunk-xjsf7-3704618034, networkLocation: /default-rack, certSerialId: null}. Reason : b0d4f042-2fdd-43c4-bade-ce7ad6576109 has not seen follower/s 317be899-a5e7-4874-8b34-173a53939308 for 153498ms d1e1b199-a92a-4c37-98e7-20a84e9cbec2 for 153495ms
2019-09-11 19:00:32,736 [EventQueue-PipelineActionsForPipelineActionHandler] INFO  pipeline.SCMPipelineManager (SCMPipelineManager.java:finalizeAndDestroyPipeline(311)) - destroying pipeline:Pipeline[ Id: 2252eb15-1dec-4d2d-99c8-f8300efdfc05, Nodes: d1e1b199-a92a-4c37-98e7-20a84e9cbec2{ip: 192.168.5.143, host: pr-hdds-1786-trunk-xjsf7-3704618034, networkLocation: /default-rack, certSerialId: null}317be899-a5e7-4874-8b34-173a53939308{ip: 192.168.5.143, host: pr-hdds-1786-trunk-xjsf7-3704618034, networkLocation: /default-rack, certSerialId: null}b0d4f042-2fdd-43c4-bade-ce7ad6576109{ip: 192.168.5.143, host: pr-hdds-1786-trunk-xjsf7-3704618034, networkLocation: /default-rack, certSerialId: null}, Type:RATIS, Factor:THREE, State:CLOSED]
2019-09-11 19:00:34,244 [org.apache.ratis.server.impl.LogAppender$AppenderDaemon$$Lambda$497/214039350@61a5be25] ERROR ratis.XceiverServerRatis (XceiverServerRatis.java:triggerPipelineClose(575)) - pipeline Action CLOSE  on pipeline PipelineID=2252eb15-1dec-4d2d-99c8-f8300efdfc05.Reason : b0d4f042-2fdd-43c4-bade-ce7ad6576109 has not seen follower/s 317be899-a5e7-4874-8b34-173a53939308 for 155998ms d1e1b199-a92a-4c37-98e7-20a84e9cbec2 for 155996ms
2019-09-11 19:00:34,244 [org.apache.ratis.server.impl.LogAppender$AppenderDaemon$$Lambda$497/214039350@c829f16] ERROR ratis.XceiverServerRatis (XceiverServerRatis.java:triggerPipelineClose(575)) - pipeline Action CLOSE  on pipeline PipelineID=2252eb15-1dec-4d2d-99c8-f8300efdfc05.Reason : b0d4f042-2fdd-43c4-bade-ce7ad6576109 has not seen follower/s 317be899-a5e7-4874-8b34-173a53939308 for 155998ms d1e1b199-a92a-4c37-98e7-20a84e9cbec2 for 155996ms
2019-09-11 19:00:34,736 [EventQueue-PipelineActionsForPipelineActionHandler] ERROR pipeline.PipelineActionHandler (PipelineActionHandler.java:onMessage(60)) - Received pipeline action CLOSE for Pipeline[ Id: 2252eb15-1dec-4d2d-99c8-f8300efdfc05, Nodes: d1e1b199-a92a-4c37-98e7-20a84e9cbec2{ip: 192.168.5.143, host: pr-hdds-1786-trunk-xjsf7-3704618034, networkLocation: /default-rack, certSerialId: null}317be899-a5e7-4874-8b34-173a53939308{ip: 192.168.5.143, host: pr-hdds-1786-trunk-xjsf7-3704618034, networkLocation: /default-rack, certSerialId: null}b0d4f042-2fdd-43c4-bade-ce7ad6576109{ip: 192.168.5.143, host: pr-hdds-1786-trunk-xjsf7-3704618034, networkLocation: /default-rack, certSerialId: null}, Type:RATIS, Factor:THREE, State:CLOSED] from datanode b0d4f042-2fdd-43c4-bade-ce7ad6576109{ip: 192.168.5.143, host: pr-hdds-1786-trunk-xjsf7-3704618034, networkLocation: /default-rack, certSerialId: null}. Reason : b0d4f042-2fdd-43c4-bade-ce7ad6576109 has not seen follower/s 317be899-a5e7-4874-8b34-173a53939308 for 155998ms d1e1b199-a92a-4c37-98e7-20a84e9cbec2 for 155996ms
2019-09-11 19:00:34,737 [EventQueue-PipelineActionsForPipelineActionHandler] INFO  pipeline.SCMPipelineManager (SCMPipelineManager.java:finalizeAndDestroyPipeline(311)) - destroying pipeline:Pipeline[ Id: 2252eb15-1dec-4d2d-99c8-f8300efdfc05, Nodes: d1e1b199-a92a-4c37-98e7-20a84e9cbec2{ip: 192.168.5.143, host: pr-hdds-1786-trunk-xjsf7-3704618034, networkLocation: /default-rack, certSerialId: null}317be899-a5e7-4874-8b34-173a53939308{ip: 192.168.5.143, host: pr-hdds-1786-trunk-xjsf7-3704618034, networkLocation: /default-rack, certSerialId: null}b0d4f042-2fdd-43c4-bade-ce7ad6576109{ip: 192.168.5.143, host: pr-hdds-1786-trunk-xjsf7-3704618034, networkLocation: /default-rack, certSerialId: null}, Type:RATIS, Factor:THREE, State:CLOSED]
2019-09-11 19:00:34,743 [java.util.concurrent.ThreadPoolExecutor$Worker@7a92cdcb[State = -1, empty queue]] WARN  server.GrpcLogAppender (GrpcLogAppender.java:timeoutAppendRequest(200)) - b0d4f042-2fdd-43c4-bade-ce7ad6576109@group-F8300EFDFC05->317be899-a5e7-4874-8b34-173a53939308-GrpcLogAppender: appendEntries Timeout, request=b0d4f042-2fdd-43c4-bade-ce7ad6576109->317be899-a5e7-4874-8b34-173a53939308#76-t1, previous=(t:1, i:14), leaderCommit=10, initializing? false, entries: <empty>
2019-09-11 19:00:34,743 [java.util.concurrent.ThreadPoolExecutor$Worker@7dd920c1[State = -1, empty queue]] WARN  server.GrpcLogAppender (GrpcLogAppender.java:timeoutAppendRequest(200)) - b0d4f042-2fdd-43c4-bade-ce7ad6576109@group-F8300EFDFC05->d1e1b199-a92a-4c37-98e7-20a84e9cbec2-GrpcLogAppender: appendEntries Timeout, request=b0d4f042-2fdd-43c4-bade-ce7ad6576109->d1e1b199-a92a-4c37-98e7-20a84e9cbec2#76-t1, previous=(t:1, i:14), leaderCommit=10, initializing? false, entries: <empty>
2019-09-11 19:00:35,451 [grpc-default-executor-5] INFO  client.GrpcClientProtocolClient (GrpcClientProtocolClient.java:onNext(264)) - client-291467FB5DC3->317be899-a5e7-4874-8b34-173a53939308: receive RaftClientReply:client-291467FB5DC3->317be899-a5e7-4874-8b34-173a53939308@group-F8300EFDFC05, cid=21, FAILED org.apache.ratis.protocol.NotLeaderException: Server 317be899-a5e7-4874-8b34-173a53939308@group-F8300EFDFC05 is not the leader b0d4f042-2fdd-43c4-bade-ce7ad6576109:192.168.5.143:42232, logIndex=0, commits[317be899-a5e7-4874-8b34-173a53939308:c10, d1e1b199-a92a-4c37-98e7-20a84e9cbec2:c6, b0d4f042-2fdd-43c4-bade-ce7ad6576109:c10]
2019-09-11 19:00:36,746 [org.apache.ratis.server.impl.LogAppender$AppenderDaemon$$Lambda$497/214039350@c829f16] ERROR ratis.XceiverServerRatis (XceiverServerRatis.java:triggerPipelineClose(575)) - pipeline Action CLOSE  on pipeline PipelineID=2252eb15-1dec-4d2d-99c8-f8300efdfc05.Reason : b0d4f042-2fdd-43c4-bade-ce7ad6576109 has not seen follower/s 317be899-a5e7-4874-8b34-173a53939308 for 158500ms d1e1b199-a92a-4c37-98e7-20a84e9cbec2 for 158497ms
2019-09-11 19:00:36,746 [org.apache.ratis.server.impl.LogAppender$AppenderDaemon$$Lambda$497/214039350@61a5be25] ERROR ratis.XceiverServerRatis (XceiverServerRatis.java:triggerPipelineClose(575)) - pipeline Action CLOSE  on pipeline PipelineID=2252eb15-1dec-4d2d-99c8-f8300efdfc05.Reason : b0d4f042-2fdd-43c4-bade-ce7ad6576109 has not seen follower/s 317be899-a5e7-4874-8b34-173a53939308 for 158500ms d1e1b199-a92a-4c37-98e7-20a84e9cbec2 for 158497ms
2019-09-11 19:00:37,244 [java.util.concurrent.ThreadPoolExecutor$Worker@7dd920c1[State = -1, empty queue]] WARN  server.GrpcLogAppender (GrpcLogAppender.java:timeoutAppendRequest(200)) - b0d4f042-2fdd-43c4-bade-ce7ad6576109@group-F8300EFDFC05->d1e1b199-a92a-4c37-98e7-20a84e9cbec2-GrpcLogAppender: appendEntries Timeout, request=b0d4f042-2fdd-43c4-bade-ce7ad6576109->d1e1b199-a92a-4c37-98e7-20a84e9cbec2#77-t1, previous=(t:1, i:14), leaderCommit=10, initializing? false, entries: <empty>
2019-09-11 19:00:37,244 [java.util.concurrent.ThreadPoolExecutor$Worker@7a92cdcb[State = -1, empty queue]] WARN  server.GrpcLogAppender (GrpcLogAppender.java:timeoutAppendRequest(200)) - b0d4f042-2fdd-43c4-bade-ce7ad6576109@group-F8300EFDFC05->317be899-a5e7-4874-8b34-173a53939308-GrpcLogAppender: appendEntries Timeout, request=b0d4f042-2fdd-43c4-bade-ce7ad6576109->317be899-a5e7-4874-8b34-173a53939308#77-t1, previous=(t:1, i:14), leaderCommit=10, initializing? false, entries: <empty>
2019-09-11 19:00:37,736 [EventQueue-PipelineActionsForPipelineActionHandler] ERROR pipeline.PipelineActionHandler (PipelineActionHandler.java:onMessage(60)) - Received pipeline action CLOSE for Pipeline[ Id: 2252eb15-1dec-4d2d-99c8-f8300efdfc05, Nodes: d1e1b199-a92a-4c37-98e7-20a84e9cbec2{ip: 192.168.5.143, host: pr-hdds-1786-trunk-xjsf7-3704618034, networkLocation: /default-rack, certSerialId: null}317be899-a5e7-4874-8b34-173a53939308{ip: 192.168.5.143, host: pr-hdds-1786-trunk-xjsf7-3704618034, networkLocation: /default-rack, certSerialId: null}b0d4f042-2fdd-43c4-bade-ce7ad6576109{ip: 192.168.5.143, host: pr-hdds-1786-trunk-xjsf7-3704618034, networkLocation: /default-rack, certSerialId: null}, Type:RATIS, Factor:THREE, State:CLOSED] from datanode b0d4f042-2fdd-43c4-bade-ce7ad6576109{ip: 192.168.5.143, host: pr-hdds-1786-trunk-xjsf7-3704618034, networkLocation: /default-rack, certSerialId: null}. Reason : b0d4f042-2fdd-43c4-bade-ce7ad6576109 has not seen follower/s 317be899-a5e7-4874-8b34-173a53939308 for 158500ms d1e1b199-a92a-4c37-98e7-20a84e9cbec2 for 158497ms
2019-09-11 19:00:37,736 [EventQueue-PipelineActionsForPipelineActionHandler] INFO  pipeline.SCMPipelineManager (SCMPipelineManager.java:finalizeAndDestroyPipeline(311)) - destroying pipeline:Pipeline[ Id: 2252eb15-1dec-4d2d-99c8-f8300efdfc05, Nodes: d1e1b199-a92a-4c37-98e7-20a84e9cbec2{ip: 192.168.5.143, host: pr-hdds-1786-trunk-xjsf7-3704618034, networkLocation: /default-rack, certSerialId: null}317be899-a5e7-4874-8b34-173a53939308{ip: 192.168.5.143, host: pr-hdds-1786-trunk-xjsf7-3704618034, networkLocation: /default-rack, certSerialId: null}b0d4f042-2fdd-43c4-bade-ce7ad6576109{ip: 192.168.5.143, host: pr-hdds-1786-trunk-xjsf7-3704618034, networkLocation: /default-rack, certSerialId: null}, Type:RATIS, Factor:THREE, State:CLOSED]
2019-09-11 19:00:38,737 [d1e1b199-a92a-4c37-98e7-20a84e9cbec2@group-F8300EFDFC05-SegmentedRaftLogWorker] WARN  segmented.SegmentedRaftLogWorker (SegmentedRaftLogWorker.java:getFromFuture(90)) - Timeout 15/~
org.apache.ratis.protocol.TimeoutIOException: Timeout 10s: WriteLog:12: (t:1, i:12), STATEMACHINELOGENTRY, client-291467FB5DC3, cid=22-writeStateMachineData
	at org.apache.ratis.util.IOUtils.getFromFuture(IOUtils.java:87)
	at org.apache.ratis.server.raftlog.segmented.SegmentedRaftLogWorker$StateMachineDataPolicy.getFromFuture(SegmentedRaftLogWorker.java:87)
	at org.apache.ratis.server.raftlog.segmented.SegmentedRaftLogWorker$WriteLog.execute(SegmentedRaftLogWorker.java:477)
	at org.apache.ratis.server.raftlog.segmented.SegmentedRaftLogWorker.run(SegmentedRaftLogWorker.java:289)
	at java.lang.Thread.run(Thread.java:748)
Caused by: java.util.concurrent.TimeoutException
	at java.util.concurrent.CompletableFuture.timedGet(CompletableFuture.java:1771)
	at java.util.concurrent.CompletableFuture.get(CompletableFuture.java:1915)
	at org.apache.ratis.util.IOUtils.getFromFuture(IOUtils.java:79)
	... 4 more
2019-09-11 19:00:38,738 [b0d4f042-2fdd-43c4-bade-ce7ad6576109@group-F8300EFDFC05-SegmentedRaftLogWorker] WARN  segmented.SegmentedRaftLogWorker (SegmentedRaftLogWorker.java:getFromFuture(90)) - Timeout 15/~
org.apache.ratis.protocol.TimeoutIOException: Timeout 10s: WriteLog:12: (t:1, i:12), STATEMACHINELOGENTRY, client-291467FB5DC3, cid=22-writeStateMachineData
	at org.apache.ratis.util.IOUtils.getFromFuture(IOUtils.java:87)
	at org.apache.ratis.server.raftlog.segmented.SegmentedRaftLogWorker$StateMachineDataPolicy.getFromFuture(SegmentedRaftLogWorker.java:87)
	at org.apache.ratis.server.raftlog.segmented.SegmentedRaftLogWorker$WriteLog.execute(SegmentedRaftLogWorker.java:477)
	at org.apache.ratis.server.raftlog.segmented.SegmentedRaftLogWorker.run(SegmentedRaftLogWorker.java:289)
	at java.lang.Thread.run(Thread.java:748)
Caused by: java.util.concurrent.TimeoutException
	at java.util.concurrent.CompletableFuture.timedGet(CompletableFuture.java:1771)
	at java.util.concurrent.CompletableFuture.get(CompletableFuture.java:1915)
	at org.apache.ratis.util.IOUtils.getFromFuture(IOUtils.java:79)
	... 4 more
2019-09-11 19:00:38,755 [317be899-a5e7-4874-8b34-173a53939308@group-F8300EFDFC05-SegmentedRaftLogWorker] WARN  segmented.SegmentedRaftLogWorker (SegmentedRaftLogWorker.java:getFromFuture(90)) - Timeout 15/~
org.apache.ratis.protocol.TimeoutIOException: Timeout 10s: WriteLog:12: (t:1, i:12), STATEMACHINELOGENTRY, client-291467FB5DC3, cid=22-writeStateMachineData
	at org.apache.ratis.util.IOUtils.getFromFuture(IOUtils.java:87)
	at org.apache.ratis.server.raftlog.segmented.SegmentedRaftLogWorker$StateMachineDataPolicy.getFromFuture(SegmentedRaftLogWorker.java:87)
	at org.apache.ratis.server.raftlog.segmented.SegmentedRaftLogWorker$WriteLog.execute(SegmentedRaftLogWorker.java:477)
	at org.apache.ratis.server.raftlog.segmented.SegmentedRaftLogWorker.run(SegmentedRaftLogWorker.java:289)
	at java.lang.Thread.run(Thread.java:748)
Caused by: java.util.concurrent.TimeoutException
	at java.util.concurrent.CompletableFuture.timedGet(CompletableFuture.java:1771)
	at java.util.concurrent.CompletableFuture.get(CompletableFuture.java:1915)
	at org.apache.ratis.util.IOUtils.getFromFuture(IOUtils.java:79)
	... 4 more
2019-09-11 19:00:39,248 [org.apache.ratis.server.impl.LogAppender$AppenderDaemon$$Lambda$497/214039350@c829f16] ERROR ratis.XceiverServerRatis (XceiverServerRatis.java:triggerPipelineClose(575)) - pipeline Action CLOSE  on pipeline PipelineID=2252eb15-1dec-4d2d-99c8-f8300efdfc05.Reason : b0d4f042-2fdd-43c4-bade-ce7ad6576109 has not seen follower/s 317be899-a5e7-4874-8b34-173a53939308 for 161002ms d1e1b199-a92a-4c37-98e7-20a84e9cbec2 for 160999ms
2019-09-11 19:00:39,248 [org.apache.ratis.server.impl.LogAppender$AppenderDaemon$$Lambda$497/214039350@61a5be25] ERROR ratis.XceiverServerRatis (XceiverServerRatis.java:triggerPipelineClose(575)) - pipeline Action CLOSE  on pipeline PipelineID=2252eb15-1dec-4d2d-99c8-f8300efdfc05.Reason : b0d4f042-2fdd-43c4-bade-ce7ad6576109 has not seen follower/s 317be899-a5e7-4874-8b34-173a53939308 for 161002ms d1e1b199-a92a-4c37-98e7-20a84e9cbec2 for 160999ms
2019-09-11 19:00:39,736 [EventQueue-PipelineActionsForPipelineActionHandler] ERROR pipeline.PipelineActionHandler (PipelineActionHandler.java:onMessage(60)) - Received pipeline action CLOSE for Pipeline[ Id: 2252eb15-1dec-4d2d-99c8-f8300efdfc05, Nodes: d1e1b199-a92a-4c37-98e7-20a84e9cbec2{ip: 192.168.5.143, host: pr-hdds-1786-trunk-xjsf7-3704618034, networkLocation: /default-rack, certSerialId: null}317be899-a5e7-4874-8b34-173a53939308{ip: 192.168.5.143, host: pr-hdds-1786-trunk-xjsf7-3704618034, networkLocation: /default-rack, certSerialId: null}b0d4f042-2fdd-43c4-bade-ce7ad6576109{ip: 192.168.5.143, host: pr-hdds-1786-trunk-xjsf7-3704618034, networkLocation: /default-rack, certSerialId: null}, Type:RATIS, Factor:THREE, State:CLOSED] from datanode b0d4f042-2fdd-43c4-bade-ce7ad6576109{ip: 192.168.5.143, host: pr-hdds-1786-trunk-xjsf7-3704618034, networkLocation: /default-rack, certSerialId: null}. Reason : b0d4f042-2fdd-43c4-bade-ce7ad6576109 has not seen follower/s 317be899-a5e7-4874-8b34-173a53939308 for 161002ms d1e1b199-a92a-4c37-98e7-20a84e9cbec2 for 160999ms
2019-09-11 19:00:39,737 [EventQueue-PipelineActionsForPipelineActionHandler] INFO  pipeline.SCMPipelineManager (SCMPipelineManager.java:finalizeAndDestroyPipeline(311)) - destroying pipeline:Pipeline[ Id: 2252eb15-1dec-4d2d-99c8-f8300efdfc05, Nodes: d1e1b199-a92a-4c37-98e7-20a84e9cbec2{ip: 192.168.5.143, host: pr-hdds-1786-trunk-xjsf7-3704618034, networkLocation: /default-rack, certSerialId: null}317be899-a5e7-4874-8b34-173a53939308{ip: 192.168.5.143, host: pr-hdds-1786-trunk-xjsf7-3704618034, networkLocation: /default-rack, certSerialId: null}b0d4f042-2fdd-43c4-bade-ce7ad6576109{ip: 192.168.5.143, host: pr-hdds-1786-trunk-xjsf7-3704618034, networkLocation: /default-rack, certSerialId: null}, Type:RATIS, Factor:THREE, State:CLOSED]
2019-09-11 19:00:39,745 [java.util.concurrent.ThreadPoolExecutor$Worker@7dd920c1[State = -1, empty queue]] WARN  server.GrpcLogAppender (GrpcLogAppender.java:timeoutAppendRequest(200)) - b0d4f042-2fdd-43c4-bade-ce7ad6576109@group-F8300EFDFC05->d1e1b199-a92a-4c37-98e7-20a84e9cbec2-GrpcLogAppender: appendEntries Timeout, request=b0d4f042-2fdd-43c4-bade-ce7ad6576109->d1e1b199-a92a-4c37-98e7-20a84e9cbec2#78-t1, previous=(t:1, i:14), leaderCommit=10, initializing? false, entries: <empty>
2019-09-11 19:00:39,745 [java.util.concurrent.ThreadPoolExecutor$Worker@7a92cdcb[State = -1, empty queue]] WARN  server.GrpcLogAppender (GrpcLogAppender.java:timeoutAppendRequest(200)) - b0d4f042-2fdd-43c4-bade-ce7ad6576109@group-F8300EFDFC05->317be899-a5e7-4874-8b34-173a53939308-GrpcLogAppender: appendEntries Timeout, request=b0d4f042-2fdd-43c4-bade-ce7ad6576109->317be899-a5e7-4874-8b34-173a53939308#78-t1, previous=(t:1, i:14), leaderCommit=10, initializing? false, entries: <empty>
2019-09-11 19:00:40,504 [grpc-default-executor-4] INFO  client.GrpcClientProtocolClient (GrpcClientProtocolClient.java:onNext(264)) - client-291467FB5DC3->d1e1b199-a92a-4c37-98e7-20a84e9cbec2: receive RaftClientReply:client-291467FB5DC3->d1e1b199-a92a-4c37-98e7-20a84e9cbec2@group-F8300EFDFC05, cid=21, FAILED org.apache.ratis.protocol.NotLeaderException: Server d1e1b199-a92a-4c37-98e7-20a84e9cbec2@group-F8300EFDFC05 is not the leader b0d4f042-2fdd-43c4-bade-ce7ad6576109:192.168.5.143:42232, logIndex=0, commits[d1e1b199-a92a-4c37-98e7-20a84e9cbec2:c10, 317be899-a5e7-4874-8b34-173a53939308:c6, b0d4f042-2fdd-43c4-bade-ce7ad6576109:c10]
2019-09-11 19:00:41,750 [org.apache.ratis.server.impl.LogAppender$AppenderDaemon$$Lambda$497/214039350@c829f16] ERROR ratis.XceiverServerRatis (XceiverServerRatis.java:triggerPipelineClose(575)) - pipeline Action CLOSE  on pipeline PipelineID=2252eb15-1dec-4d2d-99c8-f8300efdfc05.Reason : b0d4f042-2fdd-43c4-bade-ce7ad6576109 has not seen follower/s 317be899-a5e7-4874-8b34-173a53939308 for 163504ms d1e1b199-a92a-4c37-98e7-20a84e9cbec2 for 163502ms
2019-09-11 19:00:41,750 [org.apache.ratis.server.impl.LogAppender$AppenderDaemon$$Lambda$497/214039350@61a5be25] ERROR ratis.XceiverServerRatis (XceiverServerRatis.java:triggerPipelineClose(575)) - pipeline Action CLOSE  on pipeline PipelineID=2252eb15-1dec-4d2d-99c8-f8300efdfc05.Reason : b0d4f042-2fdd-43c4-bade-ce7ad6576109 has not seen follower/s 317be899-a5e7-4874-8b34-173a53939308 for 163504ms d1e1b199-a92a-4c37-98e7-20a84e9cbec2 for 163502ms
2019-09-11 19:00:42,248 [java.util.concurrent.ThreadPoolExecutor$Worker@7a92cdcb[State = -1, empty queue]] WARN  server.GrpcLogAppender (GrpcLogAppender.java:timeoutAppendRequest(200)) - b0d4f042-2fdd-43c4-bade-ce7ad6576109@group-F8300EFDFC05->317be899-a5e7-4874-8b34-173a53939308-GrpcLogAppender: appendEntries Timeout, request=b0d4f042-2fdd-43c4-bade-ce7ad6576109->317be899-a5e7-4874-8b34-173a53939308#79-t1, previous=(t:1, i:14), leaderCommit=10, initializing? false, entries: <empty>
2019-09-11 19:00:42,248 [java.util.concurrent.ThreadPoolExecutor$Worker@7dd920c1[State = -1, empty queue]] WARN  server.GrpcLogAppender (GrpcLogAppender.java:timeoutAppendRequest(200)) - b0d4f042-2fdd-43c4-bade-ce7ad6576109@group-F8300EFDFC05->d1e1b199-a92a-4c37-98e7-20a84e9cbec2-GrpcLogAppender: appendEntries Timeout, request=b0d4f042-2fdd-43c4-bade-ce7ad6576109->d1e1b199-a92a-4c37-98e7-20a84e9cbec2#79-t1, previous=(t:1, i:14), leaderCommit=10, initializing? false, entries: <empty>
2019-09-11 19:00:42,738 [EventQueue-PipelineActionsForPipelineActionHandler] ERROR pipeline.PipelineActionHandler (PipelineActionHandler.java:onMessage(60)) - Received pipeline action CLOSE for Pipeline[ Id: 2252eb15-1dec-4d2d-99c8-f8300efdfc05, Nodes: d1e1b199-a92a-4c37-98e7-20a84e9cbec2{ip: 192.168.5.143, host: pr-hdds-1786-trunk-xjsf7-3704618034, networkLocation: /default-rack, certSerialId: null}317be899-a5e7-4874-8b34-173a53939308{ip: 192.168.5.143, host: pr-hdds-1786-trunk-xjsf7-3704618034, networkLocation: /default-rack, certSerialId: null}b0d4f042-2fdd-43c4-bade-ce7ad6576109{ip: 192.168.5.143, host: pr-hdds-1786-trunk-xjsf7-3704618034, networkLocation: /default-rack, certSerialId: null}, Type:RATIS, Factor:THREE, State:CLOSED] from datanode b0d4f042-2fdd-43c4-bade-ce7ad6576109{ip: 192.168.5.143, host: pr-hdds-1786-trunk-xjsf7-3704618034, networkLocation: /default-rack, certSerialId: null}. Reason : b0d4f042-2fdd-43c4-bade-ce7ad6576109 has not seen follower/s 317be899-a5e7-4874-8b34-173a53939308 for 163504ms d1e1b199-a92a-4c37-98e7-20a84e9cbec2 for 163502ms
2019-09-11 19:00:42,738 [EventQueue-PipelineActionsForPipelineActionHandler] INFO  pipeline.SCMPipelineManager (SCMPipelineManager.java:finalizeAndDestroyPipeline(311)) - destroying pipeline:Pipeline[ Id: 2252eb15-1dec-4d2d-99c8-f8300efdfc05, Nodes: d1e1b199-a92a-4c37-98e7-20a84e9cbec2{ip: 192.168.5.143, host: pr-hdds-1786-trunk-xjsf7-3704618034, networkLocation: /default-rack, certSerialId: null}317be899-a5e7-4874-8b34-173a53939308{ip: 192.168.5.143, host: pr-hdds-1786-trunk-xjsf7-3704618034, networkLocation: /default-rack, certSerialId: null}b0d4f042-2fdd-43c4-bade-ce7ad6576109{ip: 192.168.5.143, host: pr-hdds-1786-trunk-xjsf7-3704618034, networkLocation: /default-rack, certSerialId: null}, Type:RATIS, Factor:THREE, State:CLOSED]
2019-09-11 19:00:44,251 [org.apache.ratis.server.impl.LogAppender$AppenderDaemon$$Lambda$497/214039350@c829f16] ERROR ratis.XceiverServerRatis (XceiverServerRatis.java:triggerPipelineClose(575)) - pipeline Action CLOSE  on pipeline PipelineID=2252eb15-1dec-4d2d-99c8-f8300efdfc05.Reason : b0d4f042-2fdd-43c4-bade-ce7ad6576109 has not seen follower/s 317be899-a5e7-4874-8b34-173a53939308 for 166006ms d1e1b199-a92a-4c37-98e7-20a84e9cbec2 for 166003ms
2019-09-11 19:00:44,251 [org.apache.ratis.server.impl.LogAppender$AppenderDaemon$$Lambda$497/214039350@61a5be25] ERROR ratis.XceiverServerRatis (XceiverServerRatis.java:triggerPipelineClose(575)) - pipeline Action CLOSE  on pipeline PipelineID=2252eb15-1dec-4d2d-99c8-f8300efdfc05.Reason : b0d4f042-2fdd-43c4-bade-ce7ad6576109 has not seen follower/s 317be899-a5e7-4874-8b34-173a53939308 for 166006ms d1e1b199-a92a-4c37-98e7-20a84e9cbec2 for 166003ms
2019-09-11 19:00:44,738 [EventQueue-PipelineActionsForPipelineActionHandler] ERROR pipeline.PipelineActionHandler (PipelineActionHandler.java:onMessage(60)) - Received pipeline action CLOSE for Pipeline[ Id: 2252eb15-1dec-4d2d-99c8-f8300efdfc05, Nodes: d1e1b199-a92a-4c37-98e7-20a84e9cbec2{ip: 192.168.5.143, host: pr-hdds-1786-trunk-xjsf7-3704618034, networkLocation: /default-rack, certSerialId: null}317be899-a5e7-4874-8b34-173a53939308{ip: 192.168.5.143, host: pr-hdds-1786-trunk-xjsf7-3704618034, networkLocation: /default-rack, certSerialId: null}b0d4f042-2fdd-43c4-bade-ce7ad6576109{ip: 192.168.5.143, host: pr-hdds-1786-trunk-xjsf7-3704618034, networkLocation: /default-rack, certSerialId: null}, Type:RATIS, Factor:THREE, State:CLOSED] from datanode b0d4f042-2fdd-43c4-bade-ce7ad6576109{ip: 192.168.5.143, host: pr-hdds-1786-trunk-xjsf7-3704618034, networkLocation: /default-rack, certSerialId: null}. Reason : b0d4f042-2fdd-43c4-bade-ce7ad6576109 has not seen follower/s 317be899-a5e7-4874-8b34-173a53939308 for 166006ms d1e1b199-a92a-4c37-98e7-20a84e9cbec2 for 166003ms
2019-09-11 19:00:44,738 [EventQueue-PipelineActionsForPipelineActionHandler] INFO  pipeline.SCMPipelineManager (SCMPipelineManager.java:finalizeAndDestroyPipeline(311)) - destroying pipeline:Pipeline[ Id: 2252eb15-1dec-4d2d-99c8-f8300efdfc05, Nodes: d1e1b199-a92a-4c37-98e7-20a84e9cbec2{ip: 192.168.5.143, host: pr-hdds-1786-trunk-xjsf7-3704618034, networkLocation: /default-rack, certSerialId: null}317be899-a5e7-4874-8b34-173a53939308{ip: 192.168.5.143, host: pr-hdds-1786-trunk-xjsf7-3704618034, networkLocation: /default-rack, certSerialId: null}b0d4f042-2fdd-43c4-bade-ce7ad6576109{ip: 192.168.5.143, host: pr-hdds-1786-trunk-xjsf7-3704618034, networkLocation: /default-rack, certSerialId: null}, Type:RATIS, Factor:THREE, State:CLOSED]
2019-09-11 19:00:44,749 [java.util.concurrent.ThreadPoolExecutor$Worker@7dd920c1[State = -1, empty queue]] WARN  server.GrpcLogAppender (GrpcLogAppender.java:timeoutAppendRequest(200)) - b0d4f042-2fdd-43c4-bade-ce7ad6576109@group-F8300EFDFC05->d1e1b199-a92a-4c37-98e7-20a84e9cbec2-GrpcLogAppender: appendEntries Timeout, request=b0d4f042-2fdd-43c4-bade-ce7ad6576109->d1e1b199-a92a-4c37-98e7-20a84e9cbec2#80-t1, previous=(t:1, i:14), leaderCommit=10, initializing? false, entries: <empty>
2019-09-11 19:00:44,749 [java.util.concurrent.ThreadPoolExecutor$Worker@7a92cdcb[State = -1, empty queue]] WARN  server.GrpcLogAppender (GrpcLogAppender.java:timeoutAppendRequest(200)) - b0d4f042-2fdd-43c4-bade-ce7ad6576109@group-F8300EFDFC05->317be899-a5e7-4874-8b34-173a53939308-GrpcLogAppender: appendEntries Timeout, request=b0d4f042-2fdd-43c4-bade-ce7ad6576109->317be899-a5e7-4874-8b34-173a53939308#80-t1, previous=(t:1, i:14), leaderCommit=10, initializing? false, entries: <empty>
2019-09-11 19:00:45,576 [grpc-default-executor-5] INFO  client.GrpcClientProtocolClient (GrpcClientProtocolClient.java:onNext(264)) - client-291467FB5DC3->317be899-a5e7-4874-8b34-173a53939308: receive RaftClientReply:client-291467FB5DC3->317be899-a5e7-4874-8b34-173a53939308@group-F8300EFDFC05, cid=21, FAILED org.apache.ratis.protocol.NotLeaderException: Server 317be899-a5e7-4874-8b34-173a53939308@group-F8300EFDFC05 is not the leader b0d4f042-2fdd-43c4-bade-ce7ad6576109:192.168.5.143:42232, logIndex=0, commits[317be899-a5e7-4874-8b34-173a53939308:c10, d1e1b199-a92a-4c37-98e7-20a84e9cbec2:c6, b0d4f042-2fdd-43c4-bade-ce7ad6576109:c10]
2019-09-11 19:00:46,752 [org.apache.ratis.server.impl.LogAppender$AppenderDaemon$$Lambda$497/214039350@c829f16] ERROR ratis.XceiverServerRatis (XceiverServerRatis.java:triggerPipelineClose(575)) - pipeline Action CLOSE  on pipeline PipelineID=2252eb15-1dec-4d2d-99c8-f8300efdfc05.Reason : b0d4f042-2fdd-43c4-bade-ce7ad6576109 has not seen follower/s 317be899-a5e7-4874-8b34-173a53939308 for 168506ms d1e1b199-a92a-4c37-98e7-20a84e9cbec2 for 168503ms
2019-09-11 19:00:46,752 [org.apache.ratis.server.impl.LogAppender$AppenderDaemon$$Lambda$497/214039350@61a5be25] ERROR ratis.XceiverServerRatis (XceiverServerRatis.java:triggerPipelineClose(575)) - pipeline Action CLOSE  on pipeline PipelineID=2252eb15-1dec-4d2d-99c8-f8300efdfc05.Reason : b0d4f042-2fdd-43c4-bade-ce7ad6576109 has not seen follower/s 317be899-a5e7-4874-8b34-173a53939308 for 168506ms d1e1b199-a92a-4c37-98e7-20a84e9cbec2 for 168503ms
2019-09-11 19:00:47,251 [java.util.concurrent.ThreadPoolExecutor$Worker@7a92cdcb[State = -1, empty queue]] WARN  server.GrpcLogAppender (GrpcLogAppender.java:timeoutAppendRequest(200)) - b0d4f042-2fdd-43c4-bade-ce7ad6576109@group-F8300EFDFC05->317be899-a5e7-4874-8b34-173a53939308-GrpcLogAppender: appendEntries Timeout, request=b0d4f042-2fdd-43c4-bade-ce7ad6576109->317be899-a5e7-4874-8b34-173a53939308#81-t1, previous=(t:1, i:14), leaderCommit=10, initializing? false, entries: <empty>
2019-09-11 19:00:47,251 [java.util.concurrent.ThreadPoolExecutor$Worker@7dd920c1[State = -1, empty queue]] WARN  server.GrpcLogAppender (GrpcLogAppender.java:timeoutAppendRequest(200)) - b0d4f042-2fdd-43c4-bade-ce7ad6576109@group-F8300EFDFC05->d1e1b199-a92a-4c37-98e7-20a84e9cbec2-GrpcLogAppender: appendEntries Timeout, request=b0d4f042-2fdd-43c4-bade-ce7ad6576109->d1e1b199-a92a-4c37-98e7-20a84e9cbec2#81-t1, previous=(t:1, i:14), leaderCommit=10, initializing? false, entries: <empty>
2019-09-11 19:00:47,737 [EventQueue-PipelineActionsForPipelineActionHandler] ERROR pipeline.PipelineActionHandler (PipelineActionHandler.java:onMessage(60)) - Received pipeline action CLOSE for Pipeline[ Id: 2252eb15-1dec-4d2d-99c8-f8300efdfc05, Nodes: d1e1b199-a92a-4c37-98e7-20a84e9cbec2{ip: 192.168.5.143, host: pr-hdds-1786-trunk-xjsf7-3704618034, networkLocation: /default-rack, certSerialId: null}317be899-a5e7-4874-8b34-173a53939308{ip: 192.168.5.143, host: pr-hdds-1786-trunk-xjsf7-3704618034, networkLocation: /default-rack, certSerialId: null}b0d4f042-2fdd-43c4-bade-ce7ad6576109{ip: 192.168.5.143, host: pr-hdds-1786-trunk-xjsf7-3704618034, networkLocation: /default-rack, certSerialId: null}, Type:RATIS, Factor:THREE, State:CLOSED] from datanode b0d4f042-2fdd-43c4-bade-ce7ad6576109{ip: 192.168.5.143, host: pr-hdds-1786-trunk-xjsf7-3704618034, networkLocation: /default-rack, certSerialId: null}. Reason : b0d4f042-2fdd-43c4-bade-ce7ad6576109 has not seen follower/s 317be899-a5e7-4874-8b34-173a53939308 for 168506ms d1e1b199-a92a-4c37-98e7-20a84e9cbec2 for 168503ms
2019-09-11 19:00:47,738 [EventQueue-PipelineActionsForPipelineActionHandler] INFO  pipeline.SCMPipelineManager (SCMPipelineManager.java:finalizeAndDestroyPipeline(311)) - destroying pipeline:Pipeline[ Id: 2252eb15-1dec-4d2d-99c8-f8300efdfc05, Nodes: d1e1b199-a92a-4c37-98e7-20a84e9cbec2{ip: 192.168.5.143, host: pr-hdds-1786-trunk-xjsf7-3704618034, networkLocation: /default-rack, certSerialId: null}317be899-a5e7-4874-8b34-173a53939308{ip: 192.168.5.143, host: pr-hdds-1786-trunk-xjsf7-3704618034, networkLocation: /default-rack, certSerialId: null}b0d4f042-2fdd-43c4-bade-ce7ad6576109{ip: 192.168.5.143, host: pr-hdds-1786-trunk-xjsf7-3704618034, networkLocation: /default-rack, certSerialId: null}, Type:RATIS, Factor:THREE, State:CLOSED]
2019-09-11 19:00:48,739 [d1e1b199-a92a-4c37-98e7-20a84e9cbec2@group-F8300EFDFC05-SegmentedRaftLogWorker] WARN  segmented.SegmentedRaftLogWorker (SegmentedRaftLogWorker.java:getFromFuture(90)) - Timeout 16/~
org.apache.ratis.protocol.TimeoutIOException: Timeout 10s: WriteLog:12: (t:1, i:12), STATEMACHINELOGENTRY, client-291467FB5DC3, cid=22-writeStateMachineData
	at org.apache.ratis.util.IOUtils.getFromFuture(IOUtils.java:87)
	at org.apache.ratis.server.raftlog.segmented.SegmentedRaftLogWorker$StateMachineDataPolicy.getFromFuture(SegmentedRaftLogWorker.java:87)
	at org.apache.ratis.server.raftlog.segmented.SegmentedRaftLogWorker$WriteLog.execute(SegmentedRaftLogWorker.java:477)
	at org.apache.ratis.server.raftlog.segmented.SegmentedRaftLogWorker.run(SegmentedRaftLogWorker.java:289)
	at java.lang.Thread.run(Thread.java:748)
Caused by: java.util.concurrent.TimeoutException
	at java.util.concurrent.CompletableFuture.timedGet(CompletableFuture.java:1771)
	at java.util.concurrent.CompletableFuture.get(CompletableFuture.java:1915)
	at org.apache.ratis.util.IOUtils.getFromFuture(IOUtils.java:79)
	... 4 more
2019-09-11 19:00:48,755 [b0d4f042-2fdd-43c4-bade-ce7ad6576109@group-F8300EFDFC05-SegmentedRaftLogWorker] WARN  segmented.SegmentedRaftLogWorker (SegmentedRaftLogWorker.java:getFromFuture(90)) - Timeout 16/~
org.apache.ratis.protocol.TimeoutIOException: Timeout 10s: WriteLog:12: (t:1, i:12), STATEMACHINELOGENTRY, client-291467FB5DC3, cid=22-writeStateMachineData
	at org.apache.ratis.util.IOUtils.getFromFuture(IOUtils.java:87)
	at org.apache.ratis.server.raftlog.segmented.SegmentedRaftLogWorker$StateMachineDataPolicy.getFromFuture(SegmentedRaftLogWorker.java:87)
	at org.apache.ratis.server.raftlog.segmented.SegmentedRaftLogWorker$WriteLog.execute(SegmentedRaftLogWorker.java:477)
	at org.apache.ratis.server.raftlog.segmented.SegmentedRaftLogWorker.run(SegmentedRaftLogWorker.java:289)
	at java.lang.Thread.run(Thread.java:748)
Caused by: java.util.concurrent.TimeoutException
	at java.util.concurrent.CompletableFuture.timedGet(CompletableFuture.java:1771)
	at java.util.concurrent.CompletableFuture.get(CompletableFuture.java:1915)
	at org.apache.ratis.util.IOUtils.getFromFuture(IOUtils.java:79)
	... 4 more
2019-09-11 19:00:48,756 [317be899-a5e7-4874-8b34-173a53939308@group-F8300EFDFC05-SegmentedRaftLogWorker] WARN  segmented.SegmentedRaftLogWorker (SegmentedRaftLogWorker.java:getFromFuture(90)) - Timeout 16/~
org.apache.ratis.protocol.TimeoutIOException: Timeout 10s: WriteLog:12: (t:1, i:12), STATEMACHINELOGENTRY, client-291467FB5DC3, cid=22-writeStateMachineData
	at org.apache.ratis.util.IOUtils.getFromFuture(IOUtils.java:87)
	at org.apache.ratis.server.raftlog.segmented.SegmentedRaftLogWorker$StateMachineDataPolicy.getFromFuture(SegmentedRaftLogWorker.java:87)
	at org.apache.ratis.server.raftlog.segmented.SegmentedRaftLogWorker$WriteLog.execute(SegmentedRaftLogWorker.java:477)
	at org.apache.ratis.server.raftlog.segmented.SegmentedRaftLogWorker.run(SegmentedRaftLogWorker.java:289)
	at java.lang.Thread.run(Thread.java:748)
Caused by: java.util.concurrent.TimeoutException
	at java.util.concurrent.CompletableFuture.timedGet(CompletableFuture.java:1771)
	at java.util.concurrent.CompletableFuture.get(CompletableFuture.java:1915)
	at org.apache.ratis.util.IOUtils.getFromFuture(IOUtils.java:79)
	... 4 more
2019-09-11 19:00:49,253 [org.apache.ratis.server.impl.LogAppender$AppenderDaemon$$Lambda$497/214039350@c829f16] ERROR ratis.XceiverServerRatis (XceiverServerRatis.java:triggerPipelineClose(575)) - pipeline Action CLOSE  on pipeline PipelineID=2252eb15-1dec-4d2d-99c8-f8300efdfc05.Reason : b0d4f042-2fdd-43c4-bade-ce7ad6576109 has not seen follower/s 317be899-a5e7-4874-8b34-173a53939308 for 171008ms d1e1b199-a92a-4c37-98e7-20a84e9cbec2 for 171005ms
2019-09-11 19:00:49,253 [org.apache.ratis.server.impl.LogAppender$AppenderDaemon$$Lambda$497/214039350@61a5be25] ERROR ratis.XceiverServerRatis (XceiverServerRatis.java:triggerPipelineClose(575)) - pipeline Action CLOSE  on pipeline PipelineID=2252eb15-1dec-4d2d-99c8-f8300efdfc05.Reason : b0d4f042-2fdd-43c4-bade-ce7ad6576109 has not seen follower/s 317be899-a5e7-4874-8b34-173a53939308 for 171008ms d1e1b199-a92a-4c37-98e7-20a84e9cbec2 for 171005ms
2019-09-11 19:00:49,738 [EventQueue-PipelineActionsForPipelineActionHandler] ERROR pipeline.PipelineActionHandler (PipelineActionHandler.java:onMessage(60)) - Received pipeline action CLOSE for Pipeline[ Id: 2252eb15-1dec-4d2d-99c8-f8300efdfc05, Nodes: d1e1b199-a92a-4c37-98e7-20a84e9cbec2{ip: 192.168.5.143, host: pr-hdds-1786-trunk-xjsf7-3704618034, networkLocation: /default-rack, certSerialId: null}317be899-a5e7-4874-8b34-173a53939308{ip: 192.168.5.143, host: pr-hdds-1786-trunk-xjsf7-3704618034, networkLocation: /default-rack, certSerialId: null}b0d4f042-2fdd-43c4-bade-ce7ad6576109{ip: 192.168.5.143, host: pr-hdds-1786-trunk-xjsf7-3704618034, networkLocation: /default-rack, certSerialId: null}, Type:RATIS, Factor:THREE, State:CLOSED] from datanode b0d4f042-2fdd-43c4-bade-ce7ad6576109{ip: 192.168.5.143, host: pr-hdds-1786-trunk-xjsf7-3704618034, networkLocation: /default-rack, certSerialId: null}. Reason : b0d4f042-2fdd-43c4-bade-ce7ad6576109 has not seen follower/s 317be899-a5e7-4874-8b34-173a53939308 for 171008ms d1e1b199-a92a-4c37-98e7-20a84e9cbec2 for 171005ms
2019-09-11 19:00:49,738 [EventQueue-PipelineActionsForPipelineActionHandler] INFO  pipeline.SCMPipelineManager (SCMPipelineManager.java:finalizeAndDestroyPipeline(311)) - destroying pipeline:Pipeline[ Id: 2252eb15-1dec-4d2d-99c8-f8300efdfc05, Nodes: d1e1b199-a92a-4c37-98e7-20a84e9cbec2{ip: 192.168.5.143, host: pr-hdds-1786-trunk-xjsf7-3704618034, networkLocation: /default-rack, certSerialId: null}317be899-a5e7-4874-8b34-173a53939308{ip: 192.168.5.143, host: pr-hdds-1786-trunk-xjsf7-3704618034, networkLocation: /default-rack, certSerialId: null}b0d4f042-2fdd-43c4-bade-ce7ad6576109{ip: 192.168.5.143, host: pr-hdds-1786-trunk-xjsf7-3704618034, networkLocation: /default-rack, certSerialId: null}, Type:RATIS, Factor:THREE, State:CLOSED]
2019-09-11 19:00:49,752 [java.util.concurrent.ThreadPoolExecutor$Worker@7dd920c1[State = -1, empty queue]] WARN  server.GrpcLogAppender (GrpcLogAppender.java:timeoutAppendRequest(200)) - b0d4f042-2fdd-43c4-bade-ce7ad6576109@group-F8300EFDFC05->d1e1b199-a92a-4c37-98e7-20a84e9cbec2-GrpcLogAppender: appendEntries Timeout, request=b0d4f042-2fdd-43c4-bade-ce7ad6576109->d1e1b199-a92a-4c37-98e7-20a84e9cbec2#82-t1, previous=(t:1, i:14), leaderCommit=10, initializing? false, entries: <empty>
2019-09-11 19:00:49,752 [java.util.concurrent.ThreadPoolExecutor$Worker@7a92cdcb[State = -1, empty queue]] WARN  server.GrpcLogAppender (GrpcLogAppender.java:timeoutAppendRequest(200)) - b0d4f042-2fdd-43c4-bade-ce7ad6576109@group-F8300EFDFC05->317be899-a5e7-4874-8b34-173a53939308-GrpcLogAppender: appendEntries Timeout, request=b0d4f042-2fdd-43c4-bade-ce7ad6576109->317be899-a5e7-4874-8b34-173a53939308#82-t1, previous=(t:1, i:14), leaderCommit=10, initializing? false, entries: <empty>
2019-09-11 19:00:50,622 [grpc-default-executor-5] INFO  client.GrpcClientProtocolClient (GrpcClientProtocolClient.java:onNext(264)) - client-291467FB5DC3->d1e1b199-a92a-4c37-98e7-20a84e9cbec2: receive RaftClientReply:client-291467FB5DC3->d1e1b199-a92a-4c37-98e7-20a84e9cbec2@group-F8300EFDFC05, cid=21, FAILED org.apache.ratis.protocol.NotLeaderException: Server d1e1b199-a92a-4c37-98e7-20a84e9cbec2@group-F8300EFDFC05 is not the leader b0d4f042-2fdd-43c4-bade-ce7ad6576109:192.168.5.143:42232, logIndex=0, commits[d1e1b199-a92a-4c37-98e7-20a84e9cbec2:c10, 317be899-a5e7-4874-8b34-173a53939308:c6, b0d4f042-2fdd-43c4-bade-ce7ad6576109:c10]
2019-09-11 19:00:51,755 [org.apache.ratis.server.impl.LogAppender$AppenderDaemon$$Lambda$497/214039350@61a5be25] ERROR ratis.XceiverServerRatis (XceiverServerRatis.java:triggerPipelineClose(575)) - pipeline Action CLOSE  on pipeline PipelineID=2252eb15-1dec-4d2d-99c8-f8300efdfc05.Reason : b0d4f042-2fdd-43c4-bade-ce7ad6576109 has not seen follower/s 317be899-a5e7-4874-8b34-173a53939308 for 173510ms d1e1b199-a92a-4c37-98e7-20a84e9cbec2 for 173507ms
2019-09-11 19:00:51,755 [org.apache.ratis.server.impl.LogAppender$AppenderDaemon$$Lambda$497/214039350@c829f16] ERROR ratis.XceiverServerRatis (XceiverServerRatis.java:triggerPipelineClose(575)) - pipeline Action CLOSE  on pipeline PipelineID=2252eb15-1dec-4d2d-99c8-f8300efdfc05.Reason : b0d4f042-2fdd-43c4-bade-ce7ad6576109 has not seen follower/s 317be899-a5e7-4874-8b34-173a53939308 for 173510ms d1e1b199-a92a-4c37-98e7-20a84e9cbec2 for 173507ms
2019-09-11 19:00:52,253 [java.util.concurrent.ThreadPoolExecutor$Worker@7a92cdcb[State = -1, empty queue]] WARN  server.GrpcLogAppender (GrpcLogAppender.java:timeoutAppendRequest(200)) - b0d4f042-2fdd-43c4-bade-ce7ad6576109@group-F8300EFDFC05->317be899-a5e7-4874-8b34-173a53939308-GrpcLogAppender: appendEntries Timeout, request=b0d4f042-2fdd-43c4-bade-ce7ad6576109->317be899-a5e7-4874-8b34-173a53939308#83-t1, previous=(t:1, i:14), leaderCommit=10, initializing? false, entries: <empty>
2019-09-11 19:00:52,253 [java.util.concurrent.ThreadPoolExecutor$Worker@7dd920c1[State = -1, empty queue]] WARN  server.GrpcLogAppender (GrpcLogAppender.java:timeoutAppendRequest(200)) - b0d4f042-2fdd-43c4-bade-ce7ad6576109@group-F8300EFDFC05->d1e1b199-a92a-4c37-98e7-20a84e9cbec2-GrpcLogAppender: appendEntries Timeout, request=b0d4f042-2fdd-43c4-bade-ce7ad6576109->d1e1b199-a92a-4c37-98e7-20a84e9cbec2#83-t1, previous=(t:1, i:14), leaderCommit=10, initializing? false, entries: <empty>
2019-09-11 19:00:52,738 [EventQueue-PipelineActionsForPipelineActionHandler] ERROR pipeline.PipelineActionHandler (PipelineActionHandler.java:onMessage(60)) - Received pipeline action CLOSE for Pipeline[ Id: 2252eb15-1dec-4d2d-99c8-f8300efdfc05, Nodes: d1e1b199-a92a-4c37-98e7-20a84e9cbec2{ip: 192.168.5.143, host: pr-hdds-1786-trunk-xjsf7-3704618034, networkLocation: /default-rack, certSerialId: null}317be899-a5e7-4874-8b34-173a53939308{ip: 192.168.5.143, host: pr-hdds-1786-trunk-xjsf7-3704618034, networkLocation: /default-rack, certSerialId: null}b0d4f042-2fdd-43c4-bade-ce7ad6576109{ip: 192.168.5.143, host: pr-hdds-1786-trunk-xjsf7-3704618034, networkLocation: /default-rack, certSerialId: null}, Type:RATIS, Factor:THREE, State:CLOSED] from datanode b0d4f042-2fdd-43c4-bade-ce7ad6576109{ip: 192.168.5.143, host: pr-hdds-1786-trunk-xjsf7-3704618034, networkLocation: /default-rack, certSerialId: null}. Reason : b0d4f042-2fdd-43c4-bade-ce7ad6576109 has not seen follower/s 317be899-a5e7-4874-8b34-173a53939308 for 173510ms d1e1b199-a92a-4c37-98e7-20a84e9cbec2 for 173507ms
2019-09-11 19:00:52,738 [EventQueue-PipelineActionsForPipelineActionHandler] INFO  pipeline.SCMPipelineManager (SCMPipelineManager.java:finalizeAndDestroyPipeline(311)) - destroying pipeline:Pipeline[ Id: 2252eb15-1dec-4d2d-99c8-f8300efdfc05, Nodes: d1e1b199-a92a-4c37-98e7-20a84e9cbec2{ip: 192.168.5.143, host: pr-hdds-1786-trunk-xjsf7-3704618034, networkLocation: /default-rack, certSerialId: null}317be899-a5e7-4874-8b34-173a53939308{ip: 192.168.5.143, host: pr-hdds-1786-trunk-xjsf7-3704618034, networkLocation: /default-rack, certSerialId: null}b0d4f042-2fdd-43c4-bade-ce7ad6576109{ip: 192.168.5.143, host: pr-hdds-1786-trunk-xjsf7-3704618034, networkLocation: /default-rack, certSerialId: null}, Type:RATIS, Factor:THREE, State:CLOSED]
2019-09-11 19:00:54,257 [org.apache.ratis.server.impl.LogAppender$AppenderDaemon$$Lambda$497/214039350@61a5be25] ERROR ratis.XceiverServerRatis (XceiverServerRatis.java:triggerPipelineClose(575)) - pipeline Action CLOSE  on pipeline PipelineID=2252eb15-1dec-4d2d-99c8-f8300efdfc05.Reason : b0d4f042-2fdd-43c4-bade-ce7ad6576109 has not seen follower/s 317be899-a5e7-4874-8b34-173a53939308 for 176012ms d1e1b199-a92a-4c37-98e7-20a84e9cbec2 for 176009ms
2019-09-11 19:00:54,257 [org.apache.ratis.server.impl.LogAppender$AppenderDaemon$$Lambda$497/214039350@c829f16] ERROR ratis.XceiverServerRatis (XceiverServerRatis.java:triggerPipelineClose(575)) - pipeline Action CLOSE  on pipeline PipelineID=2252eb15-1dec-4d2d-99c8-f8300efdfc05.Reason : b0d4f042-2fdd-43c4-bade-ce7ad6576109 has not seen follower/s 317be899-a5e7-4874-8b34-173a53939308 for 176012ms d1e1b199-a92a-4c37-98e7-20a84e9cbec2 for 176009ms
2019-09-11 19:00:54,739 [EventQueue-PipelineActionsForPipelineActionHandler] ERROR pipeline.PipelineActionHandler (PipelineActionHandler.java:onMessage(60)) - Received pipeline action CLOSE for Pipeline[ Id: 2252eb15-1dec-4d2d-99c8-f8300efdfc05, Nodes: d1e1b199-a92a-4c37-98e7-20a84e9cbec2{ip: 192.168.5.143, host: pr-hdds-1786-trunk-xjsf7-3704618034, networkLocation: /default-rack, certSerialId: null}317be899-a5e7-4874-8b34-173a53939308{ip: 192.168.5.143, host: pr-hdds-1786-trunk-xjsf7-3704618034, networkLocation: /default-rack, certSerialId: null}b0d4f042-2fdd-43c4-bade-ce7ad6576109{ip: 192.168.5.143, host: pr-hdds-1786-trunk-xjsf7-3704618034, networkLocation: /default-rack, certSerialId: null}, Type:RATIS, Factor:THREE, State:CLOSED] from datanode b0d4f042-2fdd-43c4-bade-ce7ad6576109{ip: 192.168.5.143, host: pr-hdds-1786-trunk-xjsf7-3704618034, networkLocation: /default-rack, certSerialId: null}. Reason : b0d4f042-2fdd-43c4-bade-ce7ad6576109 has not seen follower/s 317be899-a5e7-4874-8b34-173a53939308 for 176012ms d1e1b199-a92a-4c37-98e7-20a84e9cbec2 for 176009ms
2019-09-11 19:00:54,739 [EventQueue-PipelineActionsForPipelineActionHandler] INFO  pipeline.SCMPipelineManager (SCMPipelineManager.java:finalizeAndDestroyPipeline(311)) - destroying pipeline:Pipeline[ Id: 2252eb15-1dec-4d2d-99c8-f8300efdfc05, Nodes: d1e1b199-a92a-4c37-98e7-20a84e9cbec2{ip: 192.168.5.143, host: pr-hdds-1786-trunk-xjsf7-3704618034, networkLocation: /default-rack, certSerialId: null}317be899-a5e7-4874-8b34-173a53939308{ip: 192.168.5.143, host: pr-hdds-1786-trunk-xjsf7-3704618034, networkLocation: /default-rack, certSerialId: null}b0d4f042-2fdd-43c4-bade-ce7ad6576109{ip: 192.168.5.143, host: pr-hdds-1786-trunk-xjsf7-3704618034, networkLocation: /default-rack, certSerialId: null}, Type:RATIS, Factor:THREE, State:CLOSED]
2019-09-11 19:00:54,755 [java.util.concurrent.ThreadPoolExecutor$Worker@7a92cdcb[State = -1, empty queue]] WARN  server.GrpcLogAppender (GrpcLogAppender.java:timeoutAppendRequest(200)) - b0d4f042-2fdd-43c4-bade-ce7ad6576109@group-F8300EFDFC05->317be899-a5e7-4874-8b34-173a53939308-GrpcLogAppender: appendEntries Timeout, request=b0d4f042-2fdd-43c4-bade-ce7ad6576109->317be899-a5e7-4874-8b34-173a53939308#84-t1, previous=(t:1, i:14), leaderCommit=10, initializing? false, entries: <empty>
2019-09-11 19:00:54,755 [java.util.concurrent.ThreadPoolExecutor$Worker@7dd920c1[State = -1, empty queue]] WARN  server.GrpcLogAppender (GrpcLogAppender.java:timeoutAppendRequest(200)) - b0d4f042-2fdd-43c4-bade-ce7ad6576109@group-F8300EFDFC05->d1e1b199-a92a-4c37-98e7-20a84e9cbec2-GrpcLogAppender: appendEntries Timeout, request=b0d4f042-2fdd-43c4-bade-ce7ad6576109->d1e1b199-a92a-4c37-98e7-20a84e9cbec2#84-t1, previous=(t:1, i:14), leaderCommit=10, initializing? false, entries: <empty>
2019-09-11 19:00:55,687 [grpc-default-executor-5] INFO  client.GrpcClientProtocolClient (GrpcClientProtocolClient.java:onNext(264)) - client-291467FB5DC3->d1e1b199-a92a-4c37-98e7-20a84e9cbec2: receive RaftClientReply:client-291467FB5DC3->d1e1b199-a92a-4c37-98e7-20a84e9cbec2@group-F8300EFDFC05, cid=21, FAILED org.apache.ratis.protocol.NotLeaderException: Server d1e1b199-a92a-4c37-98e7-20a84e9cbec2@group-F8300EFDFC05 is not the leader b0d4f042-2fdd-43c4-bade-ce7ad6576109:192.168.5.143:42232, logIndex=0, commits[d1e1b199-a92a-4c37-98e7-20a84e9cbec2:c10, 317be899-a5e7-4874-8b34-173a53939308:c6, b0d4f042-2fdd-43c4-bade-ce7ad6576109:c10]
2019-09-11 19:00:56,758 [org.apache.ratis.server.impl.LogAppender$AppenderDaemon$$Lambda$497/214039350@61a5be25] ERROR ratis.XceiverServerRatis (XceiverServerRatis.java:triggerPipelineClose(575)) - pipeline Action CLOSE  on pipeline PipelineID=2252eb15-1dec-4d2d-99c8-f8300efdfc05.Reason : b0d4f042-2fdd-43c4-bade-ce7ad6576109 has not seen follower/s 317be899-a5e7-4874-8b34-173a53939308 for 178512ms d1e1b199-a92a-4c37-98e7-20a84e9cbec2 for 178509ms
2019-09-11 19:00:56,758 [org.apache.ratis.server.impl.LogAppender$AppenderDaemon$$Lambda$497/214039350@c829f16] ERROR ratis.XceiverServerRatis (XceiverServerRatis.java:triggerPipelineClose(575)) - pipeline Action CLOSE  on pipeline PipelineID=2252eb15-1dec-4d2d-99c8-f8300efdfc05.Reason : b0d4f042-2fdd-43c4-bade-ce7ad6576109 has not seen follower/s 317be899-a5e7-4874-8b34-173a53939308 for 178512ms d1e1b199-a92a-4c37-98e7-20a84e9cbec2 for 178510ms
2019-09-11 19:00:57,257 [java.util.concurrent.ThreadPoolExecutor$Worker@7a92cdcb[State = -1, empty queue]] WARN  server.GrpcLogAppender (GrpcLogAppender.java:timeoutAppendRequest(200)) - b0d4f042-2fdd-43c4-bade-ce7ad6576109@group-F8300EFDFC05->317be899-a5e7-4874-8b34-173a53939308-GrpcLogAppender: appendEntries Timeout, request=b0d4f042-2fdd-43c4-bade-ce7ad6576109->317be899-a5e7-4874-8b34-173a53939308#85-t1, previous=(t:1, i:14), leaderCommit=10, initializing? false, entries: <empty>
2019-09-11 19:00:57,257 [java.util.concurrent.ThreadPoolExecutor$Worker@7dd920c1[State = -1, empty queue]] WARN  server.GrpcLogAppender (GrpcLogAppender.java:timeoutAppendRequest(200)) - b0d4f042-2fdd-43c4-bade-ce7ad6576109@group-F8300EFDFC05->d1e1b199-a92a-4c37-98e7-20a84e9cbec2-GrpcLogAppender: appendEntries Timeout, request=b0d4f042-2fdd-43c4-bade-ce7ad6576109->d1e1b199-a92a-4c37-98e7-20a84e9cbec2#85-t1, previous=(t:1, i:14), leaderCommit=10, initializing? false, entries: <empty>
2019-09-11 19:00:57,740 [EventQueue-PipelineActionsForPipelineActionHandler] ERROR pipeline.PipelineActionHandler (PipelineActionHandler.java:onMessage(60)) - Received pipeline action CLOSE for Pipeline[ Id: 2252eb15-1dec-4d2d-99c8-f8300efdfc05, Nodes: d1e1b199-a92a-4c37-98e7-20a84e9cbec2{ip: 192.168.5.143, host: pr-hdds-1786-trunk-xjsf7-3704618034, networkLocation: /default-rack, certSerialId: null}317be899-a5e7-4874-8b34-173a53939308{ip: 192.168.5.143, host: pr-hdds-1786-trunk-xjsf7-3704618034, networkLocation: /default-rack, certSerialId: null}b0d4f042-2fdd-43c4-bade-ce7ad6576109{ip: 192.168.5.143, host: pr-hdds-1786-trunk-xjsf7-3704618034, networkLocation: /default-rack, certSerialId: null}, Type:RATIS, Factor:THREE, State:CLOSED] from datanode b0d4f042-2fdd-43c4-bade-ce7ad6576109{ip: 192.168.5.143, host: pr-hdds-1786-trunk-xjsf7-3704618034, networkLocation: /default-rack, certSerialId: null}. Reason : b0d4f042-2fdd-43c4-bade-ce7ad6576109 has not seen follower/s 317be899-a5e7-4874-8b34-173a53939308 for 178512ms d1e1b199-a92a-4c37-98e7-20a84e9cbec2 for 178509ms
2019-09-11 19:00:57,740 [EventQueue-PipelineActionsForPipelineActionHandler] INFO  pipeline.SCMPipelineManager (SCMPipelineManager.java:finalizeAndDestroyPipeline(311)) - destroying pipeline:Pipeline[ Id: 2252eb15-1dec-4d2d-99c8-f8300efdfc05, Nodes: d1e1b199-a92a-4c37-98e7-20a84e9cbec2{ip: 192.168.5.143, host: pr-hdds-1786-trunk-xjsf7-3704618034, networkLocation: /default-rack, certSerialId: null}317be899-a5e7-4874-8b34-173a53939308{ip: 192.168.5.143, host: pr-hdds-1786-trunk-xjsf7-3704618034, networkLocation: /default-rack, certSerialId: null}b0d4f042-2fdd-43c4-bade-ce7ad6576109{ip: 192.168.5.143, host: pr-hdds-1786-trunk-xjsf7-3704618034, networkLocation: /default-rack, certSerialId: null}, Type:RATIS, Factor:THREE, State:CLOSED]
2019-09-11 19:00:58,740 [d1e1b199-a92a-4c37-98e7-20a84e9cbec2@group-F8300EFDFC05-SegmentedRaftLogWorker] WARN  segmented.SegmentedRaftLogWorker (SegmentedRaftLogWorker.java:getFromFuture(90)) - Timeout 17/~
org.apache.ratis.protocol.TimeoutIOException: Timeout 10s: WriteLog:12: (t:1, i:12), STATEMACHINELOGENTRY, client-291467FB5DC3, cid=22-writeStateMachineData
	at org.apache.ratis.util.IOUtils.getFromFuture(IOUtils.java:87)
	at org.apache.ratis.server.raftlog.segmented.SegmentedRaftLogWorker$StateMachineDataPolicy.getFromFuture(SegmentedRaftLogWorker.java:87)
	at org.apache.ratis.server.raftlog.segmented.SegmentedRaftLogWorker$WriteLog.execute(SegmentedRaftLogWorker.java:477)
	at org.apache.ratis.server.raftlog.segmented.SegmentedRaftLogWorker.run(SegmentedRaftLogWorker.java:289)
	at java.lang.Thread.run(Thread.java:748)
Caused by: java.util.concurrent.TimeoutException
	at java.util.concurrent.CompletableFuture.timedGet(CompletableFuture.java:1771)
	at java.util.concurrent.CompletableFuture.get(CompletableFuture.java:1915)
	at org.apache.ratis.util.IOUtils.getFromFuture(IOUtils.java:79)
	... 4 more
2019-09-11 19:00:58,756 [b0d4f042-2fdd-43c4-bade-ce7ad6576109@group-F8300EFDFC05-SegmentedRaftLogWorker] WARN  segmented.SegmentedRaftLogWorker (SegmentedRaftLogWorker.java:getFromFuture(90)) - Timeout 17/~
org.apache.ratis.protocol.TimeoutIOException: Timeout 10s: WriteLog:12: (t:1, i:12), STATEMACHINELOGENTRY, client-291467FB5DC3, cid=22-writeStateMachineData
	at org.apache.ratis.util.IOUtils.getFromFuture(IOUtils.java:87)
	at org.apache.ratis.server.raftlog.segmented.SegmentedRaftLogWorker$StateMachineDataPolicy.getFromFuture(SegmentedRaftLogWorker.java:87)
	at org.apache.ratis.server.raftlog.segmented.SegmentedRaftLogWorker$WriteLog.execute(SegmentedRaftLogWorker.java:477)
	at org.apache.ratis.server.raftlog.segmented.SegmentedRaftLogWorker.run(SegmentedRaftLogWorker.java:289)
	at java.lang.Thread.run(Thread.java:748)
Caused by: java.util.concurrent.TimeoutException
	at java.util.concurrent.CompletableFuture.timedGet(CompletableFuture.java:1771)
	at java.util.concurrent.CompletableFuture.get(CompletableFuture.java:1915)
	at org.apache.ratis.util.IOUtils.getFromFuture(IOUtils.java:79)
	... 4 more
2019-09-11 19:00:58,756 [317be899-a5e7-4874-8b34-173a53939308@group-F8300EFDFC05-SegmentedRaftLogWorker] WARN  segmented.SegmentedRaftLogWorker (SegmentedRaftLogWorker.java:getFromFuture(90)) - Timeout 17/~
org.apache.ratis.protocol.TimeoutIOException: Timeout 10s: WriteLog:12: (t:1, i:12), STATEMACHINELOGENTRY, client-291467FB5DC3, cid=22-writeStateMachineData
	at org.apache.ratis.util.IOUtils.getFromFuture(IOUtils.java:87)
	at org.apache.ratis.server.raftlog.segmented.SegmentedRaftLogWorker$StateMachineDataPolicy.getFromFuture(SegmentedRaftLogWorker.java:87)
	at org.apache.ratis.server.raftlog.segmented.SegmentedRaftLogWorker$WriteLog.execute(SegmentedRaftLogWorker.java:477)
	at org.apache.ratis.server.raftlog.segmented.SegmentedRaftLogWorker.run(SegmentedRaftLogWorker.java:289)
	at java.lang.Thread.run(Thread.java:748)
Caused by: java.util.concurrent.TimeoutException
	at java.util.concurrent.CompletableFuture.timedGet(CompletableFuture.java:1771)
	at java.util.concurrent.CompletableFuture.get(CompletableFuture.java:1915)
	at org.apache.ratis.util.IOUtils.getFromFuture(IOUtils.java:79)
	... 4 more
2019-09-11 19:00:59,259 [org.apache.ratis.server.impl.LogAppender$AppenderDaemon$$Lambda$497/214039350@61a5be25] ERROR ratis.XceiverServerRatis (XceiverServerRatis.java:triggerPipelineClose(575)) - pipeline Action CLOSE  on pipeline PipelineID=2252eb15-1dec-4d2d-99c8-f8300efdfc05.Reason : b0d4f042-2fdd-43c4-bade-ce7ad6576109 has not seen follower/s 317be899-a5e7-4874-8b34-173a53939308 for 181014ms d1e1b199-a92a-4c37-98e7-20a84e9cbec2 for 181011ms
2019-09-11 19:00:59,259 [org.apache.ratis.server.impl.LogAppender$AppenderDaemon$$Lambda$497/214039350@c829f16] ERROR ratis.XceiverServerRatis (XceiverServerRatis.java:triggerPipelineClose(575)) - pipeline Action CLOSE  on pipeline PipelineID=2252eb15-1dec-4d2d-99c8-f8300efdfc05.Reason : b0d4f042-2fdd-43c4-bade-ce7ad6576109 has not seen follower/s 317be899-a5e7-4874-8b34-173a53939308 for 181014ms d1e1b199-a92a-4c37-98e7-20a84e9cbec2 for 181011ms
2019-09-11 19:00:59,740 [EventQueue-PipelineActionsForPipelineActionHandler] ERROR pipeline.PipelineActionHandler (PipelineActionHandler.java:onMessage(60)) - Received pipeline action CLOSE for Pipeline[ Id: 2252eb15-1dec-4d2d-99c8-f8300efdfc05, Nodes: d1e1b199-a92a-4c37-98e7-20a84e9cbec2{ip: 192.168.5.143, host: pr-hdds-1786-trunk-xjsf7-3704618034, networkLocation: /default-rack, certSerialId: null}317be899-a5e7-4874-8b34-173a53939308{ip: 192.168.5.143, host: pr-hdds-1786-trunk-xjsf7-3704618034, networkLocation: /default-rack, certSerialId: null}b0d4f042-2fdd-43c4-bade-ce7ad6576109{ip: 192.168.5.143, host: pr-hdds-1786-trunk-xjsf7-3704618034, networkLocation: /default-rack, certSerialId: null}, Type:RATIS, Factor:THREE, State:CLOSED] from datanode b0d4f042-2fdd-43c4-bade-ce7ad6576109{ip: 192.168.5.143, host: pr-hdds-1786-trunk-xjsf7-3704618034, networkLocation: /default-rack, certSerialId: null}. Reason : b0d4f042-2fdd-43c4-bade-ce7ad6576109 has not seen follower/s 317be899-a5e7-4874-8b34-173a53939308 for 181014ms d1e1b199-a92a-4c37-98e7-20a84e9cbec2 for 181011ms
2019-09-11 19:00:59,740 [EventQueue-PipelineActionsForPipelineActionHandler] INFO  pipeline.SCMPipelineManager (SCMPipelineManager.java:finalizeAndDestroyPipeline(311)) - destroying pipeline:Pipeline[ Id: 2252eb15-1dec-4d2d-99c8-f8300efdfc05, Nodes: d1e1b199-a92a-4c37-98e7-20a84e9cbec2{ip: 192.168.5.143, host: pr-hdds-1786-trunk-xjsf7-3704618034, networkLocation: /default-rack, certSerialId: null}317be899-a5e7-4874-8b34-173a53939308{ip: 192.168.5.143, host: pr-hdds-1786-trunk-xjsf7-3704618034, networkLocation: /default-rack, certSerialId: null}b0d4f042-2fdd-43c4-bade-ce7ad6576109{ip: 192.168.5.143, host: pr-hdds-1786-trunk-xjsf7-3704618034, networkLocation: /default-rack, certSerialId: null}, Type:RATIS, Factor:THREE, State:CLOSED]
2019-09-11 19:00:59,758 [java.util.concurrent.ThreadPoolExecutor$Worker@7dd920c1[State = -1, empty queue]] WARN  server.GrpcLogAppender (GrpcLogAppender.java:timeoutAppendRequest(200)) - b0d4f042-2fdd-43c4-bade-ce7ad6576109@group-F8300EFDFC05->d1e1b199-a92a-4c37-98e7-20a84e9cbec2-GrpcLogAppender: appendEntries Timeout, request=b0d4f042-2fdd-43c4-bade-ce7ad6576109->d1e1b199-a92a-4c37-98e7-20a84e9cbec2#86-t1, previous=(t:1, i:14), leaderCommit=10, initializing? false, entries: <empty>
2019-09-11 19:00:59,758 [java.util.concurrent.ThreadPoolExecutor$Worker@7a92cdcb[State = -1, empty queue]] WARN  server.GrpcLogAppender (GrpcLogAppender.java:timeoutAppendRequest(200)) - b0d4f042-2fdd-43c4-bade-ce7ad6576109@group-F8300EFDFC05->317be899-a5e7-4874-8b34-173a53939308-GrpcLogAppender: appendEntries Timeout, request=b0d4f042-2fdd-43c4-bade-ce7ad6576109->317be899-a5e7-4874-8b34-173a53939308#86-t1, previous=(t:1, i:14), leaderCommit=10, initializing? false, entries: <empty>
2019-09-11 19:01:00,745 [grpc-default-executor-8] INFO  client.GrpcClientProtocolClient (GrpcClientProtocolClient.java:onNext(264)) - client-291467FB5DC3->d1e1b199-a92a-4c37-98e7-20a84e9cbec2: receive RaftClientReply:client-291467FB5DC3->d1e1b199-a92a-4c37-98e7-20a84e9cbec2@group-F8300EFDFC05, cid=21, FAILED org.apache.ratis.protocol.NotLeaderException: Server d1e1b199-a92a-4c37-98e7-20a84e9cbec2@group-F8300EFDFC05 is not the leader b0d4f042-2fdd-43c4-bade-ce7ad6576109:192.168.5.143:42232, logIndex=0, commits[d1e1b199-a92a-4c37-98e7-20a84e9cbec2:c10, 317be899-a5e7-4874-8b34-173a53939308:c6, b0d4f042-2fdd-43c4-bade-ce7ad6576109:c10]
2019-09-11 19:01:01,761 [org.apache.ratis.server.impl.LogAppender$AppenderDaemon$$Lambda$497/214039350@61a5be25] ERROR ratis.XceiverServerRatis (XceiverServerRatis.java:triggerPipelineClose(575)) - pipeline Action CLOSE  on pipeline PipelineID=2252eb15-1dec-4d2d-99c8-f8300efdfc05.Reason : b0d4f042-2fdd-43c4-bade-ce7ad6576109 has not seen follower/s 317be899-a5e7-4874-8b34-173a53939308 for 183515ms d1e1b199-a92a-4c37-98e7-20a84e9cbec2 for 183512ms
2019-09-11 19:01:01,761 [org.apache.ratis.server.impl.LogAppender$AppenderDaemon$$Lambda$497/214039350@c829f16] ERROR ratis.XceiverServerRatis (XceiverServerRatis.java:triggerPipelineClose(575)) - pipeline Action CLOSE  on pipeline PipelineID=2252eb15-1dec-4d2d-99c8-f8300efdfc05.Reason : b0d4f042-2fdd-43c4-bade-ce7ad6576109 has not seen follower/s 317be899-a5e7-4874-8b34-173a53939308 for 183515ms d1e1b199-a92a-4c37-98e7-20a84e9cbec2 for 183512ms
2019-09-11 19:01:02,259 [java.util.concurrent.ThreadPoolExecutor$Worker@7a92cdcb[State = -1, empty queue]] WARN  server.GrpcLogAppender (GrpcLogAppender.java:timeoutAppendRequest(200)) - b0d4f042-2fdd-43c4-bade-ce7ad6576109@group-F8300EFDFC05->317be899-a5e7-4874-8b34-173a53939308-GrpcLogAppender: appendEntries Timeout, request=b0d4f042-2fdd-43c4-bade-ce7ad6576109->317be899-a5e7-4874-8b34-173a53939308#87-t1, previous=(t:1, i:14), leaderCommit=10, initializing? false, entries: <empty>
2019-09-11 19:01:02,259 [java.util.concurrent.ThreadPoolExecutor$Worker@7dd920c1[State = -1, empty queue]] WARN  server.GrpcLogAppender (GrpcLogAppender.java:timeoutAppendRequest(200)) - b0d4f042-2fdd-43c4-bade-ce7ad6576109@group-F8300EFDFC05->d1e1b199-a92a-4c37-98e7-20a84e9cbec2-GrpcLogAppender: appendEntries Timeout, request=b0d4f042-2fdd-43c4-bade-ce7ad6576109->d1e1b199-a92a-4c37-98e7-20a84e9cbec2#87-t1, previous=(t:1, i:14), leaderCommit=10, initializing? false, entries: <empty>
2019-09-11 19:01:02,739 [EventQueue-PipelineActionsForPipelineActionHandler] ERROR pipeline.PipelineActionHandler (PipelineActionHandler.java:onMessage(60)) - Received pipeline action CLOSE for Pipeline[ Id: 2252eb15-1dec-4d2d-99c8-f8300efdfc05, Nodes: d1e1b199-a92a-4c37-98e7-20a84e9cbec2{ip: 192.168.5.143, host: pr-hdds-1786-trunk-xjsf7-3704618034, networkLocation: /default-rack, certSerialId: null}317be899-a5e7-4874-8b34-173a53939308{ip: 192.168.5.143, host: pr-hdds-1786-trunk-xjsf7-3704618034, networkLocation: /default-rack, certSerialId: null}b0d4f042-2fdd-43c4-bade-ce7ad6576109{ip: 192.168.5.143, host: pr-hdds-1786-trunk-xjsf7-3704618034, networkLocation: /default-rack, certSerialId: null}, Type:RATIS, Factor:THREE, State:CLOSED] from datanode b0d4f042-2fdd-43c4-bade-ce7ad6576109{ip: 192.168.5.143, host: pr-hdds-1786-trunk-xjsf7-3704618034, networkLocation: /default-rack, certSerialId: null}. Reason : b0d4f042-2fdd-43c4-bade-ce7ad6576109 has not seen follower/s 317be899-a5e7-4874-8b34-173a53939308 for 183515ms d1e1b199-a92a-4c37-98e7-20a84e9cbec2 for 183512ms
2019-09-11 19:01:02,740 [EventQueue-PipelineActionsForPipelineActionHandler] INFO  pipeline.SCMPipelineManager (SCMPipelineManager.java:finalizeAndDestroyPipeline(311)) - destroying pipeline:Pipeline[ Id: 2252eb15-1dec-4d2d-99c8-f8300efdfc05, Nodes: d1e1b199-a92a-4c37-98e7-20a84e9cbec2{ip: 192.168.5.143, host: pr-hdds-1786-trunk-xjsf7-3704618034, networkLocation: /default-rack, certSerialId: null}317be899-a5e7-4874-8b34-173a53939308{ip: 192.168.5.143, host: pr-hdds-1786-trunk-xjsf7-3704618034, networkLocation: /default-rack, certSerialId: null}b0d4f042-2fdd-43c4-bade-ce7ad6576109{ip: 192.168.5.143, host: pr-hdds-1786-trunk-xjsf7-3704618034, networkLocation: /default-rack, certSerialId: null}, Type:RATIS, Factor:THREE, State:CLOSED]
2019-09-11 19:01:04,262 [org.apache.ratis.server.impl.LogAppender$AppenderDaemon$$Lambda$497/214039350@c829f16] ERROR ratis.XceiverServerRatis (XceiverServerRatis.java:triggerPipelineClose(575)) - pipeline Action CLOSE  on pipeline PipelineID=2252eb15-1dec-4d2d-99c8-f8300efdfc05.Reason : b0d4f042-2fdd-43c4-bade-ce7ad6576109 has not seen follower/s 317be899-a5e7-4874-8b34-173a53939308 for 186016ms d1e1b199-a92a-4c37-98e7-20a84e9cbec2 for 186014ms
2019-09-11 19:01:04,262 [org.apache.ratis.server.impl.LogAppender$AppenderDaemon$$Lambda$497/214039350@61a5be25] ERROR ratis.XceiverServerRatis (XceiverServerRatis.java:triggerPipelineClose(575)) - pipeline Action CLOSE  on pipeline PipelineID=2252eb15-1dec-4d2d-99c8-f8300efdfc05.Reason : b0d4f042-2fdd-43c4-bade-ce7ad6576109 has not seen follower/s 317be899-a5e7-4874-8b34-173a53939308 for 186016ms d1e1b199-a92a-4c37-98e7-20a84e9cbec2 for 186014ms
2019-09-11 19:01:04,744 [EventQueue-PipelineActionsForPipelineActionHandler] ERROR pipeline.PipelineActionHandler (PipelineActionHandler.java:onMessage(60)) - Received pipeline action CLOSE for Pipeline[ Id: 2252eb15-1dec-4d2d-99c8-f8300efdfc05, Nodes: d1e1b199-a92a-4c37-98e7-20a84e9cbec2{ip: 192.168.5.143, host: pr-hdds-1786-trunk-xjsf7-3704618034, networkLocation: /default-rack, certSerialId: null}317be899-a5e7-4874-8b34-173a53939308{ip: 192.168.5.143, host: pr-hdds-1786-trunk-xjsf7-3704618034, networkLocation: /default-rack, certSerialId: null}b0d4f042-2fdd-43c4-bade-ce7ad6576109{ip: 192.168.5.143, host: pr-hdds-1786-trunk-xjsf7-3704618034, networkLocation: /default-rack, certSerialId: null}, Type:RATIS, Factor:THREE, State:CLOSED] from datanode b0d4f042-2fdd-43c4-bade-ce7ad6576109{ip: 192.168.5.143, host: pr-hdds-1786-trunk-xjsf7-3704618034, networkLocation: /default-rack, certSerialId: null}. Reason : b0d4f042-2fdd-43c4-bade-ce7ad6576109 has not seen follower/s 317be899-a5e7-4874-8b34-173a53939308 for 186016ms d1e1b199-a92a-4c37-98e7-20a84e9cbec2 for 186014ms
2019-09-11 19:01:04,744 [EventQueue-PipelineActionsForPipelineActionHandler] INFO  pipeline.SCMPipelineManager (SCMPipelineManager.java:finalizeAndDestroyPipeline(311)) - destroying pipeline:Pipeline[ Id: 2252eb15-1dec-4d2d-99c8-f8300efdfc05, Nodes: d1e1b199-a92a-4c37-98e7-20a84e9cbec2{ip: 192.168.5.143, host: pr-hdds-1786-trunk-xjsf7-3704618034, networkLocation: /default-rack, certSerialId: null}317be899-a5e7-4874-8b34-173a53939308{ip: 192.168.5.143, host: pr-hdds-1786-trunk-xjsf7-3704618034, networkLocation: /default-rack, certSerialId: null}b0d4f042-2fdd-43c4-bade-ce7ad6576109{ip: 192.168.5.143, host: pr-hdds-1786-trunk-xjsf7-3704618034, networkLocation: /default-rack, certSerialId: null}, Type:RATIS, Factor:THREE, State:CLOSED]
2019-09-11 19:01:04,744 [grpc-default-executor-8] INFO  impl.RaftServerProxy (RaftServerProxy.java:remove(95)) - d1e1b199-a92a-4c37-98e7-20a84e9cbec2: remove  FOLLOWER d1e1b199-a92a-4c37-98e7-20a84e9cbec2@group-F8300EFDFC05:t1, leader=b0d4f042-2fdd-43c4-bade-ce7ad6576109, voted=b0d4f042-2fdd-43c4-bade-ce7ad6576109, raftlog=d1e1b199-a92a-4c37-98e7-20a84e9cbec2@group-F8300EFDFC05-SegmentedRaftLog:OPENED:c10,f10,i14, conf=0: [317be899-a5e7-4874-8b34-173a53939308:192.168.5.143:42053, d1e1b199-a92a-4c37-98e7-20a84e9cbec2:192.168.5.143:35615, b0d4f042-2fdd-43c4-bade-ce7ad6576109:192.168.5.143:42232], old=null RUNNING
2019-09-11 19:01:04,753 [grpc-default-executor-8] INFO  impl.RaftServerImpl (RaftServerImpl.java:lambda$shutdown$3(251)) - d1e1b199-a92a-4c37-98e7-20a84e9cbec2@group-F8300EFDFC05: shutdown
2019-09-11 19:01:04,754 [grpc-default-executor-8] INFO  util.JmxRegister (JmxRegister.java:unregister(73)) - Successfully un-registered JMX Bean with object name Ratis:service=RaftServer,group=group-F8300EFDFC05,id=d1e1b199-a92a-4c37-98e7-20a84e9cbec2
2019-09-11 19:01:04,754 [grpc-default-executor-8] INFO  impl.RoleInfo (RoleInfo.java:shutdownFollowerState(121)) - d1e1b199-a92a-4c37-98e7-20a84e9cbec2: shutdown FollowerState
2019-09-11 19:01:04,755 [grpc-default-executor-8] INFO  impl.StateMachineUpdater (StateMachineUpdater.java:stopAndJoin(125)) - d1e1b199-a92a-4c37-98e7-20a84e9cbec2@group-F8300EFDFC05-StateMachineUpdater: set stopIndex = 10
2019-09-11 19:01:04,755 [Thread-311] INFO  impl.FollowerState (FollowerState.java:run(115)) - d1e1b199-a92a-4c37-98e7-20a84e9cbec2: FollowerState was interrupted: java.lang.InterruptedException: sleep interrupted
2019-09-11 19:01:04,757 [d1e1b199-a92a-4c37-98e7-20a84e9cbec2@group-F8300EFDFC05-StateMachineUpdater] INFO  ratis.ContainerStateMachine (ContainerStateMachine.java:takeSnapshot(289)) - group-F8300EFDFC05: Taking a snapshot at:(t:1, i:6) file /workdir/hadoop-ozone/integration-test/target/test-dir/MiniOzoneClusterImpl-8bc0b1d6-fcdc-4049-850d-8c31e36a20db/datanode-4/data/ratis/2252eb15-1dec-4d2d-99c8-f8300efdfc05/sm/snapshot.1_6
2019-09-11 19:01:04,760 [java.util.concurrent.ThreadPoolExecutor$Worker@7a92cdcb[State = -1, empty queue]] WARN  server.GrpcLogAppender (GrpcLogAppender.java:timeoutAppendRequest(200)) - b0d4f042-2fdd-43c4-bade-ce7ad6576109@group-F8300EFDFC05->317be899-a5e7-4874-8b34-173a53939308-GrpcLogAppender: appendEntries Timeout, request=b0d4f042-2fdd-43c4-bade-ce7ad6576109->317be899-a5e7-4874-8b34-173a53939308#88-t1, previous=(t:1, i:14), leaderCommit=10, initializing? false, entries: <empty>
2019-09-11 19:01:04,760 [java.util.concurrent.ThreadPoolExecutor$Worker@7dd920c1[State = -1, empty queue]] WARN  server.GrpcLogAppender (GrpcLogAppender.java:timeoutAppendRequest(200)) - b0d4f042-2fdd-43c4-bade-ce7ad6576109@group-F8300EFDFC05->d1e1b199-a92a-4c37-98e7-20a84e9cbec2-GrpcLogAppender: appendEntries Timeout, request=b0d4f042-2fdd-43c4-bade-ce7ad6576109->d1e1b199-a92a-4c37-98e7-20a84e9cbec2#88-t1, previous=(t:1, i:14), leaderCommit=10, initializing? false, entries: <empty>
2019-09-11 19:01:04,823 [d1e1b199-a92a-4c37-98e7-20a84e9cbec2@group-F8300EFDFC05-StateMachineUpdater] INFO  ratis.ContainerStateMachine (ContainerStateMachine.java:takeSnapshot(300)) - group-F8300EFDFC05: Finished taking a snapshot at:(t:1, i:6) file:/workdir/hadoop-ozone/integration-test/target/test-dir/MiniOzoneClusterImpl-8bc0b1d6-fcdc-4049-850d-8c31e36a20db/datanode-4/data/ratis/2252eb15-1dec-4d2d-99c8-f8300efdfc05/sm/snapshot.1_6 time:68
2019-09-11 19:01:04,833 [d1e1b199-a92a-4c37-98e7-20a84e9cbec2@group-F8300EFDFC05-StateMachineUpdater] INFO  impl.StateMachineUpdater (StateMachineUpdater.java:takeSnapshot(258)) - d1e1b199-a92a-4c37-98e7-20a84e9cbec2@group-F8300EFDFC05-StateMachineUpdater: Took a snapshot at index 6
2019-09-11 19:01:04,836 [d1e1b199-a92a-4c37-98e7-20a84e9cbec2@group-F8300EFDFC05-StateMachineUpdater] INFO  impl.StateMachineUpdater (StateMachineUpdater.java:lambda$new$0(83)) - d1e1b199-a92a-4c37-98e7-20a84e9cbec2@group-F8300EFDFC05-StateMachineUpdater: snapshotIndex: updateIncreasingly -1 -> 6
2019-09-11 19:01:04,843 [d1e1b199-a92a-4c37-98e7-20a84e9cbec2@group-F8300EFDFC05-StateMachineUpdater] INFO  ratis.ContainerStateMachine (ContainerStateMachine.java:takeSnapshot(289)) - group-F8300EFDFC05: Taking a snapshot at:(t:1, i:6) file /workdir/hadoop-ozone/integration-test/target/test-dir/MiniOzoneClusterImpl-8bc0b1d6-fcdc-4049-850d-8c31e36a20db/datanode-4/data/ratis/2252eb15-1dec-4d2d-99c8-f8300efdfc05/sm/snapshot.1_6
2019-09-11 19:01:04,866 [d1e1b199-a92a-4c37-98e7-20a84e9cbec2@group-F8300EFDFC05-StateMachineUpdater] INFO  ratis.ContainerStateMachine (ContainerStateMachine.java:takeSnapshot(300)) - group-F8300EFDFC05: Finished taking a snapshot at:(t:1, i:6) file:/workdir/hadoop-ozone/integration-test/target/test-dir/MiniOzoneClusterImpl-8bc0b1d6-fcdc-4049-850d-8c31e36a20db/datanode-4/data/ratis/2252eb15-1dec-4d2d-99c8-f8300efdfc05/sm/snapshot.1_6 time:23
2019-09-11 19:01:04,866 [d1e1b199-a92a-4c37-98e7-20a84e9cbec2@group-F8300EFDFC05-StateMachineUpdater] INFO  impl.StateMachineUpdater (StateMachineUpdater.java:takeSnapshot(258)) - d1e1b199-a92a-4c37-98e7-20a84e9cbec2@group-F8300EFDFC05-StateMachineUpdater: Took a snapshot at index 6
2019-09-11 19:01:04,867 [d1e1b199-a92a-4c37-98e7-20a84e9cbec2@group-F8300EFDFC05-StateMachineUpdater] INFO  impl.StateMachineUpdater (StateMachineUpdater.java:lambda$new$0(83)) - d1e1b199-a92a-4c37-98e7-20a84e9cbec2@group-F8300EFDFC05-StateMachineUpdater: snapshotIndex: updateIncreasingly 6 -> 6
2019-09-11 19:01:04,867 [grpc-default-executor-8] INFO  impl.RaftServerImpl (ServerState.java:close(385)) - d1e1b199-a92a-4c37-98e7-20a84e9cbec2@group-F8300EFDFC05: closes. applyIndex: 10
2019-09-11 19:01:04,888 [d1e1b199-a92a-4c37-98e7-20a84e9cbec2@group-F8300EFDFC05-SegmentedRaftLogWorker] ERROR ratis.XceiverServerRatis (XceiverServerRatis.java:triggerPipelineClose(575)) - pipeline Action CLOSE  on pipeline PipelineID=2252eb15-1dec-4d2d-99c8-f8300efdfc05.Reason : WriteLog:12: (t:1, i:12), STATEMACHINELOGENTRY, client-291467FB5DC3, cid=22-writeStateMachineData interrupted.
2019-09-11 19:01:04,894 [EventQueue-PipelineActionsForPipelineActionHandler] ERROR pipeline.PipelineActionHandler (PipelineActionHandler.java:onMessage(60)) - Received pipeline action CLOSE for Pipeline[ Id: 2252eb15-1dec-4d2d-99c8-f8300efdfc05, Nodes: d1e1b199-a92a-4c37-98e7-20a84e9cbec2{ip: 192.168.5.143, host: pr-hdds-1786-trunk-xjsf7-3704618034, networkLocation: /default-rack, certSerialId: null}317be899-a5e7-4874-8b34-173a53939308{ip: 192.168.5.143, host: pr-hdds-1786-trunk-xjsf7-3704618034, networkLocation: /default-rack, certSerialId: null}b0d4f042-2fdd-43c4-bade-ce7ad6576109{ip: 192.168.5.143, host: pr-hdds-1786-trunk-xjsf7-3704618034, networkLocation: /default-rack, certSerialId: null}, Type:RATIS, Factor:THREE, State:CLOSED] from datanode d1e1b199-a92a-4c37-98e7-20a84e9cbec2{ip: 192.168.5.143, host: pr-hdds-1786-trunk-xjsf7-3704618034, networkLocation: /default-rack, certSerialId: null}. Reason : WriteLog:12: (t:1, i:12), STATEMACHINELOGENTRY, client-291467FB5DC3, cid=22-writeStateMachineData interrupted.
2019-09-11 19:01:04,894 [EventQueue-PipelineActionsForPipelineActionHandler] INFO  pipeline.SCMPipelineManager (SCMPipelineManager.java:finalizeAndDestroyPipeline(311)) - destroying pipeline:Pipeline[ Id: 2252eb15-1dec-4d2d-99c8-f8300efdfc05, Nodes: d1e1b199-a92a-4c37-98e7-20a84e9cbec2{ip: 192.168.5.143, host: pr-hdds-1786-trunk-xjsf7-3704618034, networkLocation: /default-rack, certSerialId: null}317be899-a5e7-4874-8b34-173a53939308{ip: 192.168.5.143, host: pr-hdds-1786-trunk-xjsf7-3704618034, networkLocation: /default-rack, certSerialId: null}b0d4f042-2fdd-43c4-bade-ce7ad6576109{ip: 192.168.5.143, host: pr-hdds-1786-trunk-xjsf7-3704618034, networkLocation: /default-rack, certSerialId: null}, Type:RATIS, Factor:THREE, State:CLOSED]
2019-09-11 19:01:04,907 [grpc-default-executor-8] INFO  segmented.SegmentedRaftLogWorker (SegmentedRaftLogWorker.java:close(228)) - d1e1b199-a92a-4c37-98e7-20a84e9cbec2@group-F8300EFDFC05-SegmentedRaftLogWorker close()
2019-09-11 19:01:04,932 [grpc-default-executor-8] INFO  interfaces.Container (KeyValueContainer.java:flushAndSyncDB(386)) - Container 2 is synced with bcsId 6.
2019-09-11 19:01:04,932 [grpc-default-executor-8] INFO  interfaces.Container (KeyValueContainer.java:flushAndSyncDB(386)) - Container 2 is synced with bcsId 6.
2019-09-11 19:01:04,959 [EventQueue-IncrementalContainerReportForIncrementalContainerReportHandler] INFO  container.IncrementalContainerReportHandler (AbstractContainerReportHandler.java:updateContainerState(169)) - Moving container #2 to QUASI_CLOSED state, datanode d1e1b199-a92a-4c37-98e7-20a84e9cbec2{ip: 192.168.5.143, host: pr-hdds-1786-trunk-xjsf7-3704618034, networkLocation: /default-rack, certSerialId: null} reported QUASI_CLOSED replica.
2019-09-11 19:01:05,047 [grpc-default-executor-8] INFO  interfaces.Container (KeyValueContainer.java:flushAndSyncDB(386)) - Container 3 is synced with bcsId 0.
2019-09-11 19:01:05,047 [grpc-default-executor-8] INFO  interfaces.Container (KeyValueContainer.java:flushAndSyncDB(386)) - Container 3 is synced with bcsId 0.
2019-09-11 19:01:05,080 [EventQueue-IncrementalContainerReportForIncrementalContainerReportHandler] INFO  container.IncrementalContainerReportHandler (AbstractContainerReportHandler.java:updateContainerState(169)) - Moving container #3 to QUASI_CLOSED state, datanode d1e1b199-a92a-4c37-98e7-20a84e9cbec2{ip: 192.168.5.143, host: pr-hdds-1786-trunk-xjsf7-3704618034, networkLocation: /default-rack, certSerialId: null} reported QUASI_CLOSED replica.
2019-09-11 19:01:05,093 [grpc-default-executor-8] INFO  impl.RaftServerProxy (RaftServerProxy.java:remove(95)) - 317be899-a5e7-4874-8b34-173a53939308: remove  FOLLOWER 317be899-a5e7-4874-8b34-173a53939308@group-F8300EFDFC05:t1, leader=b0d4f042-2fdd-43c4-bade-ce7ad6576109, voted=317be899-a5e7-4874-8b34-173a53939308, raftlog=317be899-a5e7-4874-8b34-173a53939308@group-F8300EFDFC05-SegmentedRaftLog:OPENED:c10,f10,i14, conf=0: [317be899-a5e7-4874-8b34-173a53939308:192.168.5.143:42053, d1e1b199-a92a-4c37-98e7-20a84e9cbec2:192.168.5.143:35615, b0d4f042-2fdd-43c4-bade-ce7ad6576109:192.168.5.143:42232], old=null RUNNING
2019-09-11 19:01:05,093 [grpc-default-executor-8] INFO  impl.RaftServerImpl (RaftServerImpl.java:lambda$shutdown$3(251)) - 317be899-a5e7-4874-8b34-173a53939308@group-F8300EFDFC05: shutdown
2019-09-11 19:01:05,094 [grpc-default-executor-8] INFO  util.JmxRegister (JmxRegister.java:unregister(73)) - Successfully un-registered JMX Bean with object name Ratis:service=RaftServer,group=group-F8300EFDFC05,id=317be899-a5e7-4874-8b34-173a53939308
2019-09-11 19:01:05,094 [grpc-default-executor-8] INFO  impl.RoleInfo (RoleInfo.java:shutdownFollowerState(121)) - 317be899-a5e7-4874-8b34-173a53939308: shutdown FollowerState
2019-09-11 19:01:05,094 [grpc-default-executor-8] INFO  impl.StateMachineUpdater (StateMachineUpdater.java:stopAndJoin(125)) - 317be899-a5e7-4874-8b34-173a53939308@group-F8300EFDFC05-StateMachineUpdater: set stopIndex = 10
2019-09-11 19:01:05,094 [Thread-315] INFO  impl.FollowerState (FollowerState.java:run(115)) - 317be899-a5e7-4874-8b34-173a53939308: FollowerState was interrupted: java.lang.InterruptedException: sleep interrupted
2019-09-11 19:01:05,094 [317be899-a5e7-4874-8b34-173a53939308@group-F8300EFDFC05-StateMachineUpdater] INFO  ratis.ContainerStateMachine (ContainerStateMachine.java:takeSnapshot(289)) - group-F8300EFDFC05: Taking a snapshot at:(t:1, i:6) file /workdir/hadoop-ozone/integration-test/target/test-dir/MiniOzoneClusterImpl-8bc0b1d6-fcdc-4049-850d-8c31e36a20db/datanode-5/data/ratis/2252eb15-1dec-4d2d-99c8-f8300efdfc05/sm/snapshot.1_6
2019-09-11 19:01:05,120 [317be899-a5e7-4874-8b34-173a53939308@group-F8300EFDFC05-StateMachineUpdater] INFO  ratis.ContainerStateMachine (ContainerStateMachine.java:takeSnapshot(300)) - group-F8300EFDFC05: Finished taking a snapshot at:(t:1, i:6) file:/workdir/hadoop-ozone/integration-test/target/test-dir/MiniOzoneClusterImpl-8bc0b1d6-fcdc-4049-850d-8c31e36a20db/datanode-5/data/ratis/2252eb15-1dec-4d2d-99c8-f8300efdfc05/sm/snapshot.1_6 time:26
2019-09-11 19:01:05,121 [317be899-a5e7-4874-8b34-173a53939308@group-F8300EFDFC05-StateMachineUpdater] INFO  impl.StateMachineUpdater (StateMachineUpdater.java:takeSnapshot(258)) - 317be899-a5e7-4874-8b34-173a53939308@group-F8300EFDFC05-StateMachineUpdater: Took a snapshot at index 6
2019-09-11 19:01:05,121 [317be899-a5e7-4874-8b34-173a53939308@group-F8300EFDFC05-StateMachineUpdater] INFO  impl.StateMachineUpdater (StateMachineUpdater.java:lambda$new$0(83)) - 317be899-a5e7-4874-8b34-173a53939308@group-F8300EFDFC05-StateMachineUpdater: snapshotIndex: updateIncreasingly -1 -> 6
2019-09-11 19:01:05,121 [317be899-a5e7-4874-8b34-173a53939308@group-F8300EFDFC05-StateMachineUpdater] INFO  ratis.ContainerStateMachine (ContainerStateMachine.java:takeSnapshot(289)) - group-F8300EFDFC05: Taking a snapshot at:(t:1, i:6) file /workdir/hadoop-ozone/integration-test/target/test-dir/MiniOzoneClusterImpl-8bc0b1d6-fcdc-4049-850d-8c31e36a20db/datanode-5/data/ratis/2252eb15-1dec-4d2d-99c8-f8300efdfc05/sm/snapshot.1_6
2019-09-11 19:01:05,162 [317be899-a5e7-4874-8b34-173a53939308@group-F8300EFDFC05-StateMachineUpdater] INFO  ratis.ContainerStateMachine (ContainerStateMachine.java:takeSnapshot(300)) - group-F8300EFDFC05: Finished taking a snapshot at:(t:1, i:6) file:/workdir/hadoop-ozone/integration-test/target/test-dir/MiniOzoneClusterImpl-8bc0b1d6-fcdc-4049-850d-8c31e36a20db/datanode-5/data/ratis/2252eb15-1dec-4d2d-99c8-f8300efdfc05/sm/snapshot.1_6 time:41
2019-09-11 19:01:05,163 [317be899-a5e7-4874-8b34-173a53939308@group-F8300EFDFC05-StateMachineUpdater] INFO  impl.StateMachineUpdater (StateMachineUpdater.java:takeSnapshot(258)) - 317be899-a5e7-4874-8b34-173a53939308@group-F8300EFDFC05-StateMachineUpdater: Took a snapshot at index 6
2019-09-11 19:01:05,163 [317be899-a5e7-4874-8b34-173a53939308@group-F8300EFDFC05-StateMachineUpdater] INFO  impl.StateMachineUpdater (StateMachineUpdater.java:lambda$new$0(83)) - 317be899-a5e7-4874-8b34-173a53939308@group-F8300EFDFC05-StateMachineUpdater: snapshotIndex: updateIncreasingly 6 -> 6
2019-09-11 19:01:05,164 [grpc-default-executor-8] INFO  impl.RaftServerImpl (ServerState.java:close(385)) - 317be899-a5e7-4874-8b34-173a53939308@group-F8300EFDFC05: closes. applyIndex: 10
2019-09-11 19:01:05,165 [317be899-a5e7-4874-8b34-173a53939308@group-F8300EFDFC05-SegmentedRaftLogWorker] ERROR ratis.XceiverServerRatis (XceiverServerRatis.java:triggerPipelineClose(575)) - pipeline Action CLOSE  on pipeline PipelineID=2252eb15-1dec-4d2d-99c8-f8300efdfc05.Reason : WriteLog:12: (t:1, i:12), STATEMACHINELOGENTRY, client-291467FB5DC3, cid=22-writeStateMachineData interrupted.
2019-09-11 19:01:05,173 [EventQueue-PipelineActionsForPipelineActionHandler] ERROR pipeline.PipelineActionHandler (PipelineActionHandler.java:onMessage(60)) - Received pipeline action CLOSE for Pipeline[ Id: 2252eb15-1dec-4d2d-99c8-f8300efdfc05, Nodes: d1e1b199-a92a-4c37-98e7-20a84e9cbec2{ip: 192.168.5.143, host: pr-hdds-1786-trunk-xjsf7-3704618034, networkLocation: /default-rack, certSerialId: null}317be899-a5e7-4874-8b34-173a53939308{ip: 192.168.5.143, host: pr-hdds-1786-trunk-xjsf7-3704618034, networkLocation: /default-rack, certSerialId: null}b0d4f042-2fdd-43c4-bade-ce7ad6576109{ip: 192.168.5.143, host: pr-hdds-1786-trunk-xjsf7-3704618034, networkLocation: /default-rack, certSerialId: null}, Type:RATIS, Factor:THREE, State:CLOSED] from datanode 317be899-a5e7-4874-8b34-173a53939308{ip: 192.168.5.143, host: pr-hdds-1786-trunk-xjsf7-3704618034, networkLocation: /default-rack, certSerialId: null}. Reason : WriteLog:12: (t:1, i:12), STATEMACHINELOGENTRY, client-291467FB5DC3, cid=22-writeStateMachineData interrupted.
2019-09-11 19:01:05,173 [EventQueue-PipelineActionsForPipelineActionHandler] INFO  pipeline.SCMPipelineManager (SCMPipelineManager.java:finalizeAndDestroyPipeline(311)) - destroying pipeline:Pipeline[ Id: 2252eb15-1dec-4d2d-99c8-f8300efdfc05, Nodes: d1e1b199-a92a-4c37-98e7-20a84e9cbec2{ip: 192.168.5.143, host: pr-hdds-1786-trunk-xjsf7-3704618034, networkLocation: /default-rack, certSerialId: null}317be899-a5e7-4874-8b34-173a53939308{ip: 192.168.5.143, host: pr-hdds-1786-trunk-xjsf7-3704618034, networkLocation: /default-rack, certSerialId: null}b0d4f042-2fdd-43c4-bade-ce7ad6576109{ip: 192.168.5.143, host: pr-hdds-1786-trunk-xjsf7-3704618034, networkLocation: /default-rack, certSerialId: null}, Type:RATIS, Factor:THREE, State:CLOSED]
2019-09-11 19:01:05,183 [grpc-default-executor-8] INFO  segmented.SegmentedRaftLogWorker (SegmentedRaftLogWorker.java:close(228)) - 317be899-a5e7-4874-8b34-173a53939308@group-F8300EFDFC05-SegmentedRaftLogWorker close()
2019-09-11 19:01:05,205 [grpc-default-executor-8] INFO  interfaces.Container (KeyValueContainer.java:flushAndSyncDB(386)) - Container 2 is synced with bcsId 6.
2019-09-11 19:01:05,205 [grpc-default-executor-8] INFO  interfaces.Container (KeyValueContainer.java:flushAndSyncDB(386)) - Container 2 is synced with bcsId 6.
2019-09-11 19:01:05,320 [grpc-default-executor-8] INFO  interfaces.Container (KeyValueContainer.java:flushAndSyncDB(386)) - Container 3 is synced with bcsId 0.
2019-09-11 19:01:05,320 [grpc-default-executor-8] INFO  interfaces.Container (KeyValueContainer.java:flushAndSyncDB(386)) - Container 3 is synced with bcsId 0.
2019-09-11 19:01:05,362 [grpc-default-executor-8] INFO  impl.RaftServerProxy (RaftServerProxy.java:remove(95)) - b0d4f042-2fdd-43c4-bade-ce7ad6576109: remove    LEADER b0d4f042-2fdd-43c4-bade-ce7ad6576109@group-F8300EFDFC05:t1, leader=b0d4f042-2fdd-43c4-bade-ce7ad6576109, voted=b0d4f042-2fdd-43c4-bade-ce7ad6576109, raftlog=b0d4f042-2fdd-43c4-bade-ce7ad6576109@group-F8300EFDFC05-SegmentedRaftLog:OPENED:c10,f10,i14, conf=0: [317be899-a5e7-4874-8b34-173a53939308:192.168.5.143:42053, d1e1b199-a92a-4c37-98e7-20a84e9cbec2:192.168.5.143:35615, b0d4f042-2fdd-43c4-bade-ce7ad6576109:192.168.5.143:42232], old=null RUNNING
2019-09-11 19:01:05,362 [grpc-default-executor-8] INFO  impl.RaftServerImpl (RaftServerImpl.java:lambda$shutdown$3(251)) - b0d4f042-2fdd-43c4-bade-ce7ad6576109@group-F8300EFDFC05: shutdown
2019-09-11 19:01:05,362 [grpc-default-executor-8] INFO  util.JmxRegister (JmxRegister.java:unregister(73)) - Successfully un-registered JMX Bean with object name Ratis:service=RaftServer,group=group-F8300EFDFC05,id=b0d4f042-2fdd-43c4-bade-ce7ad6576109
2019-09-11 19:01:05,362 [grpc-default-executor-8] INFO  impl.RoleInfo (RoleInfo.java:shutdownLeaderState(104)) - b0d4f042-2fdd-43c4-bade-ce7ad6576109: shutdown LeaderState
2019-09-11 19:01:05,367 [org.apache.ratis.server.impl.LogAppender$AppenderDaemon$$Lambda$497/214039350@c829f16] WARN  server.GrpcLogAppender (GrpcLogAppender.java:mayWait(143)) - b0d4f042-2fdd-43c4-bade-ce7ad6576109@group-F8300EFDFC05->317be899-a5e7-4874-8b34-173a53939308-GrpcLogAppender: Wait interrupted by java.lang.InterruptedException
2019-09-11 19:01:05,367 [grpc-default-executor-8] INFO  impl.PendingRequests (PendingRequests.java:sendNotLeaderResponses(202)) - b0d4f042-2fdd-43c4-bade-ce7ad6576109-PendingRequests: sendNotLeaderResponses
2019-09-11 19:01:05,367 [org.apache.ratis.server.impl.LogAppender$AppenderDaemon$$Lambda$497/214039350@61a5be25] WARN  server.GrpcLogAppender (GrpcLogAppender.java:mayWait(143)) - b0d4f042-2fdd-43c4-bade-ce7ad6576109@group-F8300EFDFC05->d1e1b199-a92a-4c37-98e7-20a84e9cbec2-GrpcLogAppender: Wait interrupted by java.lang.InterruptedException
2019-09-11 19:01:05,370 [grpc-default-executor-4] INFO  server.GrpcServerProtocolService (GrpcServerProtocolService.java:onCompleted(113)) - 317be899-a5e7-4874-8b34-173a53939308: Completed APPEND_ENTRIES, lastRequest: b0d4f042-2fdd-43c4-bade-ce7ad6576109->317be899-a5e7-4874-8b34-173a53939308#89-t1, previous=(t:1, i:14), leaderCommit=10, initializing? false, entries: <empty>
2019-09-11 19:01:05,370 [grpc-default-executor-5] INFO  server.GrpcServerProtocolService (GrpcServerProtocolService.java:onCompleted(113)) - d1e1b199-a92a-4c37-98e7-20a84e9cbec2: Completed APPEND_ENTRIES, lastRequest: b0d4f042-2fdd-43c4-bade-ce7ad6576109->d1e1b199-a92a-4c37-98e7-20a84e9cbec2#89-t1, previous=(t:1, i:14), leaderCommit=10, initializing? false, entries: <empty>
2019-09-11 19:01:05,373 [grpc-default-executor-5] INFO  server.GrpcLogAppender (GrpcLogAppender.java:onCompleted(293)) - b0d4f042-2fdd-43c4-bade-ce7ad6576109@group-F8300EFDFC05->317be899-a5e7-4874-8b34-173a53939308-AppendLogResponseHandler: follower responses appendEntries COMPLETED
2019-09-11 19:01:05,373 [grpc-default-executor-4] INFO  server.GrpcLogAppender (GrpcLogAppender.java:onCompleted(293)) - b0d4f042-2fdd-43c4-bade-ce7ad6576109@group-F8300EFDFC05->d1e1b199-a92a-4c37-98e7-20a84e9cbec2-AppendLogResponseHandler: follower responses appendEntries COMPLETED
2019-09-11 19:01:05,374 [grpc-default-executor-5] INFO  impl.FollowerInfo (FollowerInfo.java:lambda$new$0(51)) - b0d4f042-2fdd-43c4-bade-ce7ad6576109@group-F8300EFDFC05->317be899-a5e7-4874-8b34-173a53939308: nextIndex: updateUnconditionally 15 -> 11
2019-09-11 19:01:05,374 [grpc-default-executor-4] INFO  impl.FollowerInfo (FollowerInfo.java:lambda$new$0(51)) - b0d4f042-2fdd-43c4-bade-ce7ad6576109@group-F8300EFDFC05->d1e1b199-a92a-4c37-98e7-20a84e9cbec2: nextIndex: updateUnconditionally 15 -> 11
2019-09-11 19:01:05,383 [grpc-default-executor-8] INFO  impl.StateMachineUpdater (StateMachineUpdater.java:stopAndJoin(125)) - b0d4f042-2fdd-43c4-bade-ce7ad6576109@group-F8300EFDFC05-StateMachineUpdater: set stopIndex = 10
2019-09-11 19:01:05,384 [b0d4f042-2fdd-43c4-bade-ce7ad6576109@group-F8300EFDFC05-StateMachineUpdater] INFO  ratis.ContainerStateMachine (ContainerStateMachine.java:takeSnapshot(289)) - group-F8300EFDFC05: Taking a snapshot at:(t:1, i:10) file /workdir/hadoop-ozone/integration-test/target/test-dir/MiniOzoneClusterImpl-8bc0b1d6-fcdc-4049-850d-8c31e36a20db/datanode-2/data/ratis/2252eb15-1dec-4d2d-99c8-f8300efdfc05/sm/snapshot.1_10
2019-09-11 19:01:05,406 [b0d4f042-2fdd-43c4-bade-ce7ad6576109@group-F8300EFDFC05-StateMachineUpdater] INFO  ratis.ContainerStateMachine (ContainerStateMachine.java:takeSnapshot(300)) - group-F8300EFDFC05: Finished taking a snapshot at:(t:1, i:10) file:/workdir/hadoop-ozone/integration-test/target/test-dir/MiniOzoneClusterImpl-8bc0b1d6-fcdc-4049-850d-8c31e36a20db/datanode-2/data/ratis/2252eb15-1dec-4d2d-99c8-f8300efdfc05/sm/snapshot.1_10 time:23
2019-09-11 19:01:05,406 [b0d4f042-2fdd-43c4-bade-ce7ad6576109@group-F8300EFDFC05-StateMachineUpdater] INFO  impl.StateMachineUpdater (StateMachineUpdater.java:takeSnapshot(258)) - b0d4f042-2fdd-43c4-bade-ce7ad6576109@group-F8300EFDFC05-StateMachineUpdater: Took a snapshot at index 10
2019-09-11 19:01:05,407 [b0d4f042-2fdd-43c4-bade-ce7ad6576109@group-F8300EFDFC05-StateMachineUpdater] INFO  impl.StateMachineUpdater (StateMachineUpdater.java:lambda$new$0(83)) - b0d4f042-2fdd-43c4-bade-ce7ad6576109@group-F8300EFDFC05-StateMachineUpdater: snapshotIndex: updateIncreasingly -1 -> 10
2019-09-11 19:01:05,407 [Command processor thread] ERROR commandhandler.CloseContainerCommandHandler (CloseContainerCommandHandler.java:handle(125)) - Can't close container #3
java.io.IOException: org.apache.ratis.protocol.GroupMismatchException: b0d4f042-2fdd-43c4-bade-ce7ad6576109: group-F8300EFDFC05 not found.
	at org.apache.hadoop.ozone.container.common.transport.server.ratis.XceiverServerRatis.submitRequest(XceiverServerRatis.java:502)
	at org.apache.hadoop.ozone.container.common.statemachine.commandhandler.CloseContainerCommandHandler.handle(CloseContainerCommandHandler.java:102)
	at org.apache.hadoop.ozone.container.common.statemachine.commandhandler.CommandDispatcher.handle(CommandDispatcher.java:99)
	at org.apache.hadoop.ozone.container.common.statemachine.DatanodeStateMachine.lambda$initCommandHandlerThread$1(DatanodeStateMachine.java:432)
	at java.lang.Thread.run(Thread.java:748)
Caused by: java.util.concurrent.ExecutionException: org.apache.ratis.protocol.GroupMismatchException: b0d4f042-2fdd-43c4-bade-ce7ad6576109: group-F8300EFDFC05 not found.
	at java.util.concurrent.CompletableFuture.reportGet(CompletableFuture.java:357)
	at java.util.concurrent.CompletableFuture.get(CompletableFuture.java:1895)
	at org.apache.hadoop.ozone.container.common.transport.server.ratis.XceiverServerRatis.submitRequest(XceiverServerRatis.java:500)
	... 4 more
Caused by: org.apache.ratis.protocol.GroupMismatchException: b0d4f042-2fdd-43c4-bade-ce7ad6576109: group-F8300EFDFC05 not found.
	at org.apache.ratis.server.impl.RaftServerProxy$ImplMap.get(RaftServerProxy.java:122)
	at org.apache.ratis.server.impl.RaftServerProxy.getImplFuture(RaftServerProxy.java:269)
	at org.apache.ratis.server.impl.RaftServerProxy.submitRequest(RaftServerProxy.java:327)
	at org.apache.ratis.server.impl.RaftServerProxy.submitClientRequestAsync(RaftServerProxy.java:333)
	... 5 more
2019-09-11 19:01:05,407 [grpc-default-executor-8] INFO  impl.RaftServerImpl (ServerState.java:close(385)) - b0d4f042-2fdd-43c4-bade-ce7ad6576109@group-F8300EFDFC05: closes. applyIndex: 10
2019-09-11 19:01:05,409 [b0d4f042-2fdd-43c4-bade-ce7ad6576109@group-F8300EFDFC05-SegmentedRaftLogWorker] ERROR ratis.XceiverServerRatis (XceiverServerRatis.java:triggerPipelineClose(575)) - pipeline Action CLOSE  on pipeline PipelineID=2252eb15-1dec-4d2d-99c8-f8300efdfc05.Reason : WriteLog:12: (t:1, i:12), STATEMACHINELOGENTRY, client-291467FB5DC3, cid=22-writeStateMachineData interrupted.
2019-09-11 19:01:05,412 [EventQueue-PipelineActionsForPipelineActionHandler] ERROR pipeline.PipelineActionHandler (PipelineActionHandler.java:onMessage(60)) - Received pipeline action CLOSE for Pipeline[ Id: 2252eb15-1dec-4d2d-99c8-f8300efdfc05, Nodes: d1e1b199-a92a-4c37-98e7-20a84e9cbec2{ip: 192.168.5.143, host: pr-hdds-1786-trunk-xjsf7-3704618034, networkLocation: /default-rack, certSerialId: null}317be899-a5e7-4874-8b34-173a53939308{ip: 192.168.5.143, host: pr-hdds-1786-trunk-xjsf7-3704618034, networkLocation: /default-rack, certSerialId: null}b0d4f042-2fdd-43c4-bade-ce7ad6576109{ip: 192.168.5.143, host: pr-hdds-1786-trunk-xjsf7-3704618034, networkLocation: /default-rack, certSerialId: null}, Type:RATIS, Factor:THREE, State:CLOSED] from datanode b0d4f042-2fdd-43c4-bade-ce7ad6576109{ip: 192.168.5.143, host: pr-hdds-1786-trunk-xjsf7-3704618034, networkLocation: /default-rack, certSerialId: null}. Reason : WriteLog:12: (t:1, i:12), STATEMACHINELOGENTRY, client-291467FB5DC3, cid=22-writeStateMachineData interrupted.
2019-09-11 19:01:05,412 [EventQueue-PipelineActionsForPipelineActionHandler] INFO  pipeline.SCMPipelineManager (SCMPipelineManager.java:finalizeAndDestroyPipeline(311)) - destroying pipeline:Pipeline[ Id: 2252eb15-1dec-4d2d-99c8-f8300efdfc05, Nodes: d1e1b199-a92a-4c37-98e7-20a84e9cbec2{ip: 192.168.5.143, host: pr-hdds-1786-trunk-xjsf7-3704618034, networkLocation: /default-rack, certSerialId: null}317be899-a5e7-4874-8b34-173a53939308{ip: 192.168.5.143, host: pr-hdds-1786-trunk-xjsf7-3704618034, networkLocation: /default-rack, certSerialId: null}b0d4f042-2fdd-43c4-bade-ce7ad6576109{ip: 192.168.5.143, host: pr-hdds-1786-trunk-xjsf7-3704618034, networkLocation: /default-rack, certSerialId: null}, Type:RATIS, Factor:THREE, State:CLOSED]
2019-09-11 19:01:05,422 [grpc-default-executor-8] INFO  segmented.SegmentedRaftLogWorker (SegmentedRaftLogWorker.java:close(228)) - b0d4f042-2fdd-43c4-bade-ce7ad6576109@group-F8300EFDFC05-SegmentedRaftLogWorker close()
2019-09-11 19:01:05,439 [grpc-default-executor-8] INFO  interfaces.Container (KeyValueContainer.java:flushAndSyncDB(386)) - Container 2 is synced with bcsId 6.
2019-09-11 19:01:05,439 [grpc-default-executor-8] INFO  interfaces.Container (KeyValueContainer.java:flushAndSyncDB(386)) - Container 2 is synced with bcsId 6.
2019-09-11 19:01:05,530 [grpc-default-executor-8] INFO  interfaces.Container (KeyValueContainer.java:flushAndSyncDB(386)) - Container 3 is synced with bcsId 0.
2019-09-11 19:01:05,530 [grpc-default-executor-8] INFO  interfaces.Container (KeyValueContainer.java:flushAndSyncDB(386)) - Container 3 is synced with bcsId 0.
2019-09-11 19:01:05,563 [RatisPipelineUtilsThread] INFO  pipeline.PipelineStateManager (PipelineStateManager.java:removePipeline(108)) - Pipeline Pipeline[ Id: 2252eb15-1dec-4d2d-99c8-f8300efdfc05, Nodes: d1e1b199-a92a-4c37-98e7-20a84e9cbec2{ip: 192.168.5.143, host: pr-hdds-1786-trunk-xjsf7-3704618034, networkLocation: /default-rack, certSerialId: null}317be899-a5e7-4874-8b34-173a53939308{ip: 192.168.5.143, host: pr-hdds-1786-trunk-xjsf7-3704618034, networkLocation: /default-rack, certSerialId: null}b0d4f042-2fdd-43c4-bade-ce7ad6576109{ip: 192.168.5.143, host: pr-hdds-1786-trunk-xjsf7-3704618034, networkLocation: /default-rack, certSerialId: null}, Type:RATIS, Factor:THREE, State:CLOSED] removed from db
2019-09-11 19:01:05,583 [grpc-default-executor-5] INFO  impl.RaftServerProxy (RaftServerProxy.java:addNew(89)) - 317be899-a5e7-4874-8b34-173a53939308: addNew group-0BBEB04936B1:[317be899-a5e7-4874-8b34-173a53939308:192.168.5.143:42053, d1e1b199-a92a-4c37-98e7-20a84e9cbec2:192.168.5.143:35615, b0d4f042-2fdd-43c4-bade-ce7ad6576109:192.168.5.143:42232] returns group-0BBEB04936B1:java.util.concurrent.CompletableFuture@3dd4ba7e[Not completed]
2019-09-11 19:01:05,586 [grpc-default-executor-8] INFO  impl.RaftServerProxy (RaftServerProxy.java:addNew(89)) - d1e1b199-a92a-4c37-98e7-20a84e9cbec2: addNew group-0BBEB04936B1:[317be899-a5e7-4874-8b34-173a53939308:192.168.5.143:42053, d1e1b199-a92a-4c37-98e7-20a84e9cbec2:192.168.5.143:35615, b0d4f042-2fdd-43c4-bade-ce7ad6576109:192.168.5.143:42232] returns group-0BBEB04936B1:java.util.concurrent.CompletableFuture@3616c8d2[Not completed]
2019-09-11 19:01:05,588 [grpc-default-executor-5] INFO  impl.RaftServerProxy (RaftServerProxy.java:addNew(89)) - b0d4f042-2fdd-43c4-bade-ce7ad6576109: addNew group-0BBEB04936B1:[317be899-a5e7-4874-8b34-173a53939308:192.168.5.143:42053, d1e1b199-a92a-4c37-98e7-20a84e9cbec2:192.168.5.143:35615, b0d4f042-2fdd-43c4-bade-ce7ad6576109:192.168.5.143:42232] returns group-0BBEB04936B1:java.util.concurrent.CompletableFuture@42d0af5a[Not completed]
2019-09-11 19:01:05,592 [pool-47-thread-1] INFO  impl.RaftServerImpl (RaftServerImpl.java:<init>(95)) - b0d4f042-2fdd-43c4-bade-ce7ad6576109: new RaftServerImpl for group-0BBEB04936B1:[317be899-a5e7-4874-8b34-173a53939308:192.168.5.143:42053, d1e1b199-a92a-4c37-98e7-20a84e9cbec2:192.168.5.143:35615, b0d4f042-2fdd-43c4-bade-ce7ad6576109:192.168.5.143:42232] with ContainerStateMachine:uninitialized
2019-09-11 19:01:05,592 [pool-47-thread-1] INFO  server.RaftServerConfigKeys (ConfUtils.java:logGet(43)) - raft.server.rpc.timeout.min = 5s (custom)
2019-09-11 19:01:05,592 [pool-47-thread-1] INFO  server.RaftServerConfigKeys (ConfUtils.java:logGet(43)) - raft.server.rpc.timeout.max = 5200ms (custom)
2019-09-11 19:01:05,593 [pool-47-thread-1] INFO  server.RaftServerConfigKeys (ConfUtils.java:logGet(43)) - raft.server.rpcslowness.timeout = 120s (custom)
2019-09-11 19:01:05,593 [pool-47-thread-1] INFO  server.RaftServerConfigKeys (ConfUtils.java:logGet(43)) - raft.server.sleep.deviation.threshold = 300 (default)
2019-09-11 19:01:05,593 [pool-47-thread-1] INFO  server.RaftServerConfigKeys (ConfUtils.java:logGet(43)) - raft.server.log.appender.install.snapshot.enabled = false (custom)
2019-09-11 19:01:05,593 [pool-67-thread-1] INFO  impl.RaftServerImpl (RaftServerImpl.java:<init>(95)) - d1e1b199-a92a-4c37-98e7-20a84e9cbec2: new RaftServerImpl for group-0BBEB04936B1:[317be899-a5e7-4874-8b34-173a53939308:192.168.5.143:42053, d1e1b199-a92a-4c37-98e7-20a84e9cbec2:192.168.5.143:35615, b0d4f042-2fdd-43c4-bade-ce7ad6576109:192.168.5.143:42232] with ContainerStateMachine:uninitialized
2019-09-11 19:01:05,593 [pool-47-thread-1] INFO  impl.RaftServerImpl (ServerState.java:<init>(103)) - b0d4f042-2fdd-43c4-bade-ce7ad6576109@group-0BBEB04936B1: ConfigurationManager, init=-1: [317be899-a5e7-4874-8b34-173a53939308:192.168.5.143:42053, d1e1b199-a92a-4c37-98e7-20a84e9cbec2:192.168.5.143:35615, b0d4f042-2fdd-43c4-bade-ce7ad6576109:192.168.5.143:42232], old=null, confs=<EMPTY_MAP>
2019-09-11 19:01:05,593 [pool-67-thread-1] INFO  server.RaftServerConfigKeys (ConfUtils.java:logGet(43)) - raft.server.rpc.timeout.min = 5s (custom)
2019-09-11 19:01:05,594 [pool-67-thread-1] INFO  server.RaftServerConfigKeys (ConfUtils.java:logGet(43)) - raft.server.rpc.timeout.max = 5200ms (custom)
2019-09-11 19:01:05,594 [pool-67-thread-1] INFO  server.RaftServerConfigKeys (ConfUtils.java:logGet(43)) - raft.server.rpcslowness.timeout = 120s (custom)
2019-09-11 19:01:05,594 [pool-47-thread-1] INFO  server.RaftServerConfigKeys (ConfUtils.java:logGet(43)) - raft.server.storage.dir = [/workdir/hadoop-ozone/integration-test/target/test-dir/MiniOzoneClusterImpl-8bc0b1d6-fcdc-4049-850d-8c31e36a20db/datanode-2/data/ratis] (custom)
2019-09-11 19:01:05,594 [pool-77-thread-1] INFO  impl.RaftServerImpl (RaftServerImpl.java:<init>(95)) - 317be899-a5e7-4874-8b34-173a53939308: new RaftServerImpl for group-0BBEB04936B1:[317be899-a5e7-4874-8b34-173a53939308:192.168.5.143:42053, d1e1b199-a92a-4c37-98e7-20a84e9cbec2:192.168.5.143:35615, b0d4f042-2fdd-43c4-bade-ce7ad6576109:192.168.5.143:42232] with ContainerStateMachine:uninitialized
2019-09-11 19:01:05,594 [pool-67-thread-1] INFO  server.RaftServerConfigKeys (ConfUtils.java:logGet(43)) - raft.server.sleep.deviation.threshold = 300 (default)
2019-09-11 19:01:05,594 [pool-77-thread-1] INFO  server.RaftServerConfigKeys (ConfUtils.java:logGet(43)) - raft.server.rpc.timeout.min = 5s (custom)
2019-09-11 19:01:05,594 [pool-47-thread-1] INFO  storage.RaftStorageDirectory (RaftStorageDirectory.java:analyzeStorage(246)) - The storage directory /workdir/hadoop-ozone/integration-test/target/test-dir/MiniOzoneClusterImpl-8bc0b1d6-fcdc-4049-850d-8c31e36a20db/datanode-2/data/ratis/f4acf43d-e397-454f-bb1f-0bbeb04936b1 does not exist. Creating ...
2019-09-11 19:01:05,594 [pool-67-thread-1] INFO  server.RaftServerConfigKeys (ConfUtils.java:logGet(43)) - raft.server.log.appender.install.snapshot.enabled = false (custom)
2019-09-11 19:01:05,595 [pool-77-thread-1] INFO  server.RaftServerConfigKeys (ConfUtils.java:logGet(43)) - raft.server.rpc.timeout.max = 5200ms (custom)
2019-09-11 19:01:05,595 [pool-67-thread-1] INFO  impl.RaftServerImpl (ServerState.java:<init>(103)) - d1e1b199-a92a-4c37-98e7-20a84e9cbec2@group-0BBEB04936B1: ConfigurationManager, init=-1: [317be899-a5e7-4874-8b34-173a53939308:192.168.5.143:42053, d1e1b199-a92a-4c37-98e7-20a84e9cbec2:192.168.5.143:35615, b0d4f042-2fdd-43c4-bade-ce7ad6576109:192.168.5.143:42232], old=null, confs=<EMPTY_MAP>
2019-09-11 19:01:05,595 [pool-77-thread-1] INFO  server.RaftServerConfigKeys (ConfUtils.java:logGet(43)) - raft.server.rpcslowness.timeout = 120s (custom)
2019-09-11 19:01:05,595 [pool-67-thread-1] INFO  server.RaftServerConfigKeys (ConfUtils.java:logGet(43)) - raft.server.storage.dir = [/workdir/hadoop-ozone/integration-test/target/test-dir/MiniOzoneClusterImpl-8bc0b1d6-fcdc-4049-850d-8c31e36a20db/datanode-4/data/ratis] (custom)
2019-09-11 19:01:05,595 [pool-77-thread-1] INFO  server.RaftServerConfigKeys (ConfUtils.java:logGet(43)) - raft.server.sleep.deviation.threshold = 300 (default)
2019-09-11 19:01:05,596 [pool-77-thread-1] INFO  server.RaftServerConfigKeys (ConfUtils.java:logGet(43)) - raft.server.log.appender.install.snapshot.enabled = false (custom)
2019-09-11 19:01:05,596 [pool-67-thread-1] INFO  storage.RaftStorageDirectory (RaftStorageDirectory.java:analyzeStorage(246)) - The storage directory /workdir/hadoop-ozone/integration-test/target/test-dir/MiniOzoneClusterImpl-8bc0b1d6-fcdc-4049-850d-8c31e36a20db/datanode-4/data/ratis/f4acf43d-e397-454f-bb1f-0bbeb04936b1 does not exist. Creating ...
2019-09-11 19:01:05,596 [pool-77-thread-1] INFO  impl.RaftServerImpl (ServerState.java:<init>(103)) - 317be899-a5e7-4874-8b34-173a53939308@group-0BBEB04936B1: ConfigurationManager, init=-1: [317be899-a5e7-4874-8b34-173a53939308:192.168.5.143:42053, d1e1b199-a92a-4c37-98e7-20a84e9cbec2:192.168.5.143:35615, b0d4f042-2fdd-43c4-bade-ce7ad6576109:192.168.5.143:42232], old=null, confs=<EMPTY_MAP>
2019-09-11 19:01:05,596 [pool-77-thread-1] INFO  server.RaftServerConfigKeys (ConfUtils.java:logGet(43)) - raft.server.storage.dir = [/workdir/hadoop-ozone/integration-test/target/test-dir/MiniOzoneClusterImpl-8bc0b1d6-fcdc-4049-850d-8c31e36a20db/datanode-5/data/ratis] (custom)
2019-09-11 19:01:05,596 [pool-77-thread-1] INFO  storage.RaftStorageDirectory (RaftStorageDirectory.java:analyzeStorage(246)) - The storage directory /workdir/hadoop-ozone/integration-test/target/test-dir/MiniOzoneClusterImpl-8bc0b1d6-fcdc-4049-850d-8c31e36a20db/datanode-5/data/ratis/f4acf43d-e397-454f-bb1f-0bbeb04936b1 does not exist. Creating ...
2019-09-11 19:01:05,611 [pool-77-thread-1] INFO  storage.RaftStorageDirectory (RaftStorageDirectory.java:tryLock(328)) - Lock on /workdir/hadoop-ozone/integration-test/target/test-dir/MiniOzoneClusterImpl-8bc0b1d6-fcdc-4049-850d-8c31e36a20db/datanode-5/data/ratis/f4acf43d-e397-454f-bb1f-0bbeb04936b1/in_use.lock acquired by nodename 9145@pr-hdds-1786-trunk-xjsf7-3704618034
2019-09-11 19:01:05,611 [pool-67-thread-1] INFO  storage.RaftStorageDirectory (RaftStorageDirectory.java:tryLock(328)) - Lock on /workdir/hadoop-ozone/integration-test/target/test-dir/MiniOzoneClusterImpl-8bc0b1d6-fcdc-4049-850d-8c31e36a20db/datanode-4/data/ratis/f4acf43d-e397-454f-bb1f-0bbeb04936b1/in_use.lock acquired by nodename 9145@pr-hdds-1786-trunk-xjsf7-3704618034
2019-09-11 19:01:05,611 [pool-47-thread-1] INFO  storage.RaftStorageDirectory (RaftStorageDirectory.java:tryLock(328)) - Lock on /workdir/hadoop-ozone/integration-test/target/test-dir/MiniOzoneClusterImpl-8bc0b1d6-fcdc-4049-850d-8c31e36a20db/datanode-2/data/ratis/f4acf43d-e397-454f-bb1f-0bbeb04936b1/in_use.lock acquired by nodename 9145@pr-hdds-1786-trunk-xjsf7-3704618034
2019-09-11 19:01:05,638 [pool-77-thread-1] INFO  storage.RaftStorage (RaftStorage.java:format(72)) - Storage directory /workdir/hadoop-ozone/integration-test/target/test-dir/MiniOzoneClusterImpl-8bc0b1d6-fcdc-4049-850d-8c31e36a20db/datanode-5/data/ratis/f4acf43d-e397-454f-bb1f-0bbeb04936b1 has been successfully formatted.
2019-09-11 19:01:05,638 [pool-67-thread-1] INFO  storage.RaftStorage (RaftStorage.java:format(72)) - Storage directory /workdir/hadoop-ozone/integration-test/target/test-dir/MiniOzoneClusterImpl-8bc0b1d6-fcdc-4049-850d-8c31e36a20db/datanode-4/data/ratis/f4acf43d-e397-454f-bb1f-0bbeb04936b1 has been successfully formatted.
2019-09-11 19:01:05,638 [pool-47-thread-1] INFO  storage.RaftStorage (RaftStorage.java:format(72)) - Storage directory /workdir/hadoop-ozone/integration-test/target/test-dir/MiniOzoneClusterImpl-8bc0b1d6-fcdc-4049-850d-8c31e36a20db/datanode-2/data/ratis/f4acf43d-e397-454f-bb1f-0bbeb04936b1 has been successfully formatted.
2019-09-11 19:01:05,638 [pool-67-thread-1] INFO  ratis.ContainerStateMachine (ContainerStateMachine.java:loadSnapshot(230)) - group-0BBEB04936B1: The snapshot info is null. Setting the last applied indexto:(t:0, i:~)
2019-09-11 19:01:05,638 [pool-47-thread-1] INFO  ratis.ContainerStateMachine (ContainerStateMachine.java:loadSnapshot(230)) - group-0BBEB04936B1: The snapshot info is null. Setting the last applied indexto:(t:0, i:~)
2019-09-11 19:01:05,638 [pool-77-thread-1] INFO  ratis.ContainerStateMachine (ContainerStateMachine.java:loadSnapshot(230)) - group-0BBEB04936B1: The snapshot info is null. Setting the last applied indexto:(t:0, i:~)
2019-09-11 19:01:05,639 [pool-47-thread-1] INFO  server.RaftServerConfigKeys (ConfUtils.java:logGet(43)) - raft.server.notification.no-leader.timeout = 120s (custom)
2019-09-11 19:01:05,638 [pool-67-thread-1] INFO  server.RaftServerConfigKeys (ConfUtils.java:logGet(43)) - raft.server.notification.no-leader.timeout = 120s (custom)
2019-09-11 19:01:05,639 [pool-47-thread-1] INFO  server.RaftServerConfigKeys (ConfUtils.java:logGet(43)) - raft.server.log.use.memory = false (default)
2019-09-11 19:01:05,639 [pool-77-thread-1] INFO  server.RaftServerConfigKeys (ConfUtils.java:logGet(43)) - raft.server.notification.no-leader.timeout = 120s (custom)
2019-09-11 19:01:05,639 [pool-47-thread-1] INFO  server.RaftServerConfigKeys (ConfUtils.java:logGet(43)) - raft.server.log.purge.gap = 1000000 (custom)
2019-09-11 19:01:05,639 [pool-67-thread-1] INFO  server.RaftServerConfigKeys (ConfUtils.java:logGet(43)) - raft.server.log.use.memory = false (default)
2019-09-11 19:01:05,640 [pool-47-thread-1] INFO  server.RaftServerConfigKeys (ConfUtils.java:logGet(43)) - raft.server.log.appender.buffer.byte-limit = 33554432 (custom)
2019-09-11 19:01:05,639 [pool-77-thread-1] INFO  server.RaftServerConfigKeys (ConfUtils.java:logGet(43)) - raft.server.log.use.memory = false (default)
2019-09-11 19:01:05,640 [pool-47-thread-1] INFO  server.RaftServerConfigKeys (ConfUtils.java:logGet(43)) - raft.server.log.segment.size.max = 1048576 (custom)
2019-09-11 19:01:05,640 [pool-67-thread-1] INFO  server.RaftServerConfigKeys (ConfUtils.java:logGet(43)) - raft.server.log.purge.gap = 1000000 (custom)
2019-09-11 19:01:05,640 [pool-47-thread-1] INFO  server.RaftServerConfigKeys (ConfUtils.java:logGet(43)) - raft.server.log.segment.cache.num.max = 2 (custom)
2019-09-11 19:01:05,640 [pool-77-thread-1] INFO  server.RaftServerConfigKeys (ConfUtils.java:logGet(43)) - raft.server.log.purge.gap = 1000000 (custom)
2019-09-11 19:01:05,640 [pool-47-thread-1] INFO  segmented.SegmentedRaftLogWorker (SegmentedRaftLogWorker.java:<init>(172)) - new b0d4f042-2fdd-43c4-bade-ce7ad6576109@group-0BBEB04936B1-SegmentedRaftLogWorker for RaftStorage:Storage Directory /workdir/hadoop-ozone/integration-test/target/test-dir/MiniOzoneClusterImpl-8bc0b1d6-fcdc-4049-850d-8c31e36a20db/datanode-2/data/ratis/f4acf43d-e397-454f-bb1f-0bbeb04936b1
2019-09-11 19:01:05,640 [pool-67-thread-1] INFO  server.RaftServerConfigKeys (ConfUtils.java:logGet(43)) - raft.server.log.appender.buffer.byte-limit = 33554432 (custom)
2019-09-11 19:01:05,641 [pool-47-thread-1] INFO  server.RaftServerConfigKeys (ConfUtils.java:logGet(43)) - raft.server.log.queue.byte-limit = 2147483647 (custom)
2019-09-11 19:01:05,641 [pool-77-thread-1] INFO  server.RaftServerConfigKeys (ConfUtils.java:logGet(43)) - raft.server.log.appender.buffer.byte-limit = 33554432 (custom)
2019-09-11 19:01:05,641 [pool-47-thread-1] INFO  server.RaftServerConfigKeys (ConfUtils.java:logGet(43)) - raft.server.log.queue.element-limit = 1024 (custom)
2019-09-11 19:01:05,641 [pool-67-thread-1] INFO  server.RaftServerConfigKeys (ConfUtils.java:logGet(43)) - raft.server.log.segment.size.max = 1048576 (custom)
2019-09-11 19:01:05,641 [pool-47-thread-1] INFO  server.RaftServerConfigKeys (ConfUtils.java:logGet(43)) - raft.server.log.segment.size.max = 1048576 (custom)
2019-09-11 19:01:05,641 [pool-77-thread-1] INFO  server.RaftServerConfigKeys (ConfUtils.java:logGet(43)) - raft.server.log.segment.size.max = 1048576 (custom)
2019-09-11 19:01:05,642 [pool-47-thread-1] INFO  server.RaftServerConfigKeys (ConfUtils.java:logGet(43)) - raft.server.log.preallocated.size = 16384 (custom)
2019-09-11 19:01:05,642 [pool-47-thread-1] INFO  server.RaftServerConfigKeys (ConfUtils.java:logGet(43)) - raft.server.log.write.buffer.size = 33554432 (custom)
2019-09-11 19:01:05,642 [pool-67-thread-1] INFO  server.RaftServerConfigKeys (ConfUtils.java:logGet(43)) - raft.server.log.segment.cache.num.max = 2 (custom)
2019-09-11 19:01:05,642 [pool-47-thread-1] INFO  server.RaftServerConfigKeys (ConfUtils.java:logGet(43)) - raft.server.log.force.sync.num = 128 (default)
2019-09-11 19:01:05,642 [pool-77-thread-1] INFO  server.RaftServerConfigKeys (ConfUtils.java:logGet(43)) - raft.server.log.segment.cache.num.max = 2 (custom)
2019-09-11 19:01:05,643 [pool-47-thread-1] INFO  server.RaftServerConfigKeys (ConfUtils.java:logGet(43)) - raft.server.log.statemachine.data.sync = true (default)
2019-09-11 19:01:05,642 [pool-67-thread-1] INFO  segmented.SegmentedRaftLogWorker (SegmentedRaftLogWorker.java:<init>(172)) - new d1e1b199-a92a-4c37-98e7-20a84e9cbec2@group-0BBEB04936B1-SegmentedRaftLogWorker for RaftStorage:Storage Directory /workdir/hadoop-ozone/integration-test/target/test-dir/MiniOzoneClusterImpl-8bc0b1d6-fcdc-4049-850d-8c31e36a20db/datanode-4/data/ratis/f4acf43d-e397-454f-bb1f-0bbeb04936b1
2019-09-11 19:01:05,643 [pool-47-thread-1] INFO  server.RaftServerConfigKeys (ConfUtils.java:logGet(43)) - raft.server.log.statemachine.data.sync.timeout = 10s (default)
2019-09-11 19:01:05,643 [pool-77-thread-1] INFO  segmented.SegmentedRaftLogWorker (SegmentedRaftLogWorker.java:<init>(172)) - new 317be899-a5e7-4874-8b34-173a53939308@group-0BBEB04936B1-SegmentedRaftLogWorker for RaftStorage:Storage Directory /workdir/hadoop-ozone/integration-test/target/test-dir/MiniOzoneClusterImpl-8bc0b1d6-fcdc-4049-850d-8c31e36a20db/datanode-5/data/ratis/f4acf43d-e397-454f-bb1f-0bbeb04936b1
2019-09-11 19:01:05,643 [pool-47-thread-1] INFO  server.RaftServerConfigKeys (ConfUtils.java:logGet(43)) - raft.server.log.statemachine.data.sync.timeout.retry = -1 (default)
2019-09-11 19:01:05,643 [pool-67-thread-1] INFO  server.RaftServerConfigKeys (ConfUtils.java:logGet(43)) - raft.server.log.queue.byte-limit = 2147483647 (custom)
2019-09-11 19:01:05,644 [pool-47-thread-1] INFO  server.RaftServerConfigKeys (ConfUtils.java:logGet(43)) - raft.server.log.statemachine.data.caching.enabled = true (custom)
2019-09-11 19:01:05,643 [pool-77-thread-1] INFO  server.RaftServerConfigKeys (ConfUtils.java:logGet(43)) - raft.server.log.queue.byte-limit = 2147483647 (custom)
2019-09-11 19:01:05,644 [pool-67-thread-1] INFO  server.RaftServerConfigKeys (ConfUtils.java:logGet(43)) - raft.server.log.queue.element-limit = 1024 (custom)
2019-09-11 19:01:05,644 [pool-47-thread-1] INFO  segmented.SegmentedRaftLogWorker (SegmentedRaftLogWorker.java:lambda$new$0(132)) - b0d4f042-2fdd-43c4-bade-ce7ad6576109@group-0BBEB04936B1-SegmentedRaftLogWorker: flushIndex: setUnconditionally 0 -> -1
2019-09-11 19:01:05,644 [pool-77-thread-1] INFO  server.RaftServerConfigKeys (ConfUtils.java:logGet(43)) - raft.server.log.queue.element-limit = 1024 (custom)
2019-09-11 19:01:05,644 [pool-67-thread-1] INFO  server.RaftServerConfigKeys (ConfUtils.java:logGet(43)) - raft.server.log.segment.size.max = 1048576 (custom)
2019-09-11 19:01:05,645 [pool-47-thread-1] INFO  server.RaftServerConfigKeys (ConfUtils.java:logGet(43)) - raft.server.snapshot.auto.trigger.enabled = true (custom)
2019-09-11 19:01:05,645 [pool-77-thread-1] INFO  server.RaftServerConfigKeys (ConfUtils.java:logGet(43)) - raft.server.log.segment.size.max = 1048576 (custom)
2019-09-11 19:01:05,645 [pool-47-thread-1] INFO  server.RaftServerConfigKeys (ConfUtils.java:logGet(43)) - raft.server.snapshot.auto.trigger.threshold = 10000 (custom)
2019-09-11 19:01:05,645 [pool-67-thread-1] INFO  server.RaftServerConfigKeys (ConfUtils.java:logGet(43)) - raft.server.log.preallocated.size = 16384 (custom)
2019-09-11 19:01:05,645 [pool-47-thread-1] INFO  server.RaftServerConfigKeys (ConfUtils.java:logGet(43)) - raft.server.snapshot.retention.num.files = 5 (custom)
2019-09-11 19:01:05,645 [pool-77-thread-1] INFO  server.RaftServerConfigKeys (ConfUtils.java:logGet(43)) - raft.server.log.preallocated.size = 16384 (custom)
2019-09-11 19:01:05,645 [pool-47-thread-1] INFO  server.RaftServerConfigKeys (ConfUtils.java:logGet(43)) - raft.server.retrycache.expirytime = 600000ms (custom)
2019-09-11 19:01:05,645 [pool-67-thread-1] INFO  server.RaftServerConfigKeys (ConfUtils.java:logGet(43)) - raft.server.log.write.buffer.size = 33554432 (custom)
2019-09-11 19:01:05,646 [pool-77-thread-1] INFO  server.RaftServerConfigKeys (ConfUtils.java:logGet(43)) - raft.server.log.write.buffer.size = 33554432 (custom)
2019-09-11 19:01:05,646 [pool-67-thread-1] INFO  server.RaftServerConfigKeys (ConfUtils.java:logGet(43)) - raft.server.log.force.sync.num = 128 (default)
2019-09-11 19:01:05,646 [pool-77-thread-1] INFO  server.RaftServerConfigKeys (ConfUtils.java:logGet(43)) - raft.server.log.force.sync.num = 128 (default)
2019-09-11 19:01:05,646 [pool-67-thread-1] INFO  server.RaftServerConfigKeys (ConfUtils.java:logGet(43)) - raft.server.log.statemachine.data.sync = true (default)
2019-09-11 19:01:05,647 [pool-77-thread-1] INFO  server.RaftServerConfigKeys (ConfUtils.java:logGet(43)) - raft.server.log.statemachine.data.sync = true (default)
2019-09-11 19:01:05,647 [pool-67-thread-1] INFO  server.RaftServerConfigKeys (ConfUtils.java:logGet(43)) - raft.server.log.statemachine.data.sync.timeout = 10s (default)
2019-09-11 19:01:05,647 [pool-77-thread-1] INFO  server.RaftServerConfigKeys (ConfUtils.java:logGet(43)) - raft.server.log.statemachine.data.sync.timeout = 10s (default)
2019-09-11 19:01:05,647 [pool-67-thread-1] INFO  server.RaftServerConfigKeys (ConfUtils.java:logGet(43)) - raft.server.log.statemachine.data.sync.timeout.retry = -1 (default)
2019-09-11 19:01:05,647 [pool-77-thread-1] INFO  server.RaftServerConfigKeys (ConfUtils.java:logGet(43)) - raft.server.log.statemachine.data.sync.timeout.retry = -1 (default)
2019-09-11 19:01:05,648 [pool-67-thread-1] INFO  server.RaftServerConfigKeys (ConfUtils.java:logGet(43)) - raft.server.log.statemachine.data.caching.enabled = true (custom)
2019-09-11 19:01:05,648 [pool-77-thread-1] INFO  server.RaftServerConfigKeys (ConfUtils.java:logGet(43)) - raft.server.log.statemachine.data.caching.enabled = true (custom)
2019-09-11 19:01:05,648 [pool-67-thread-1] INFO  segmented.SegmentedRaftLogWorker (SegmentedRaftLogWorker.java:lambda$new$0(132)) - d1e1b199-a92a-4c37-98e7-20a84e9cbec2@group-0BBEB04936B1-SegmentedRaftLogWorker: flushIndex: setUnconditionally 0 -> -1
2019-09-11 19:01:05,648 [pool-77-thread-1] INFO  segmented.SegmentedRaftLogWorker (SegmentedRaftLogWorker.java:lambda$new$0(132)) - 317be899-a5e7-4874-8b34-173a53939308@group-0BBEB04936B1-SegmentedRaftLogWorker: flushIndex: setUnconditionally 0 -> -1
2019-09-11 19:01:05,648 [pool-67-thread-1] INFO  server.RaftServerConfigKeys (ConfUtils.java:logGet(43)) - raft.server.snapshot.auto.trigger.enabled = true (custom)
2019-09-11 19:01:05,649 [pool-67-thread-1] INFO  server.RaftServerConfigKeys (ConfUtils.java:logGet(43)) - raft.server.snapshot.auto.trigger.threshold = 10000 (custom)
2019-09-11 19:01:05,649 [pool-77-thread-1] INFO  server.RaftServerConfigKeys (ConfUtils.java:logGet(43)) - raft.server.snapshot.auto.trigger.enabled = true (custom)
2019-09-11 19:01:05,649 [pool-67-thread-1] INFO  server.RaftServerConfigKeys (ConfUtils.java:logGet(43)) - raft.server.snapshot.retention.num.files = 5 (custom)
2019-09-11 19:01:05,649 [pool-77-thread-1] INFO  server.RaftServerConfigKeys (ConfUtils.java:logGet(43)) - raft.server.snapshot.auto.trigger.threshold = 10000 (custom)
2019-09-11 19:01:05,649 [pool-67-thread-1] INFO  server.RaftServerConfigKeys (ConfUtils.java:logGet(43)) - raft.server.retrycache.expirytime = 600000ms (custom)
2019-09-11 19:01:05,649 [pool-47-thread-1] INFO  impl.RaftServerImpl (RaftServerImpl.java:start(185)) - b0d4f042-2fdd-43c4-bade-ce7ad6576109@group-0BBEB04936B1: start as a follower, conf=-1: [317be899-a5e7-4874-8b34-173a53939308:192.168.5.143:42053, d1e1b199-a92a-4c37-98e7-20a84e9cbec2:192.168.5.143:35615, b0d4f042-2fdd-43c4-bade-ce7ad6576109:192.168.5.143:42232], old=null
2019-09-11 19:01:05,649 [pool-77-thread-1] INFO  server.RaftServerConfigKeys (ConfUtils.java:logGet(43)) - raft.server.snapshot.retention.num.files = 5 (custom)
2019-09-11 19:01:05,650 [pool-47-thread-1] INFO  impl.RaftServerImpl (RaftServerImpl.java:setRole(174)) - b0d4f042-2fdd-43c4-bade-ce7ad6576109@group-0BBEB04936B1: changes role from      null to FOLLOWER at term 0 for startAsFollower
2019-09-11 19:01:05,650 [pool-77-thread-1] INFO  server.RaftServerConfigKeys (ConfUtils.java:logGet(43)) - raft.server.retrycache.expirytime = 600000ms (custom)
2019-09-11 19:01:05,650 [pool-47-thread-1] INFO  impl.RoleInfo (RoleInfo.java:updateAndGet(143)) - b0d4f042-2fdd-43c4-bade-ce7ad6576109: start FollowerState
2019-09-11 19:01:05,651 [pool-47-thread-1] INFO  util.JmxRegister (JmxRegister.java:tryRegister(44)) - Successfully registered JMX Bean with object name Ratis:service=RaftServer,group=group-0BBEB04936B1,id=b0d4f042-2fdd-43c4-bade-ce7ad6576109
2019-09-11 19:01:05,656 [pool-67-thread-1] INFO  impl.RaftServerImpl (RaftServerImpl.java:start(185)) - d1e1b199-a92a-4c37-98e7-20a84e9cbec2@group-0BBEB04936B1: start as a follower, conf=-1: [317be899-a5e7-4874-8b34-173a53939308:192.168.5.143:42053, d1e1b199-a92a-4c37-98e7-20a84e9cbec2:192.168.5.143:35615, b0d4f042-2fdd-43c4-bade-ce7ad6576109:192.168.5.143:42232], old=null
2019-09-11 19:01:05,656 [pool-67-thread-1] INFO  impl.RaftServerImpl (RaftServerImpl.java:setRole(174)) - d1e1b199-a92a-4c37-98e7-20a84e9cbec2@group-0BBEB04936B1: changes role from      null to FOLLOWER at term 0 for startAsFollower
2019-09-11 19:01:05,657 [pool-77-thread-1] INFO  impl.RaftServerImpl (RaftServerImpl.java:start(185)) - 317be899-a5e7-4874-8b34-173a53939308@group-0BBEB04936B1: start as a follower, conf=-1: [317be899-a5e7-4874-8b34-173a53939308:192.168.5.143:42053, d1e1b199-a92a-4c37-98e7-20a84e9cbec2:192.168.5.143:35615, b0d4f042-2fdd-43c4-bade-ce7ad6576109:192.168.5.143:42232], old=null
2019-09-11 19:01:05,657 [pool-67-thread-1] INFO  impl.RoleInfo (RoleInfo.java:updateAndGet(143)) - d1e1b199-a92a-4c37-98e7-20a84e9cbec2: start FollowerState
2019-09-11 19:01:05,657 [pool-77-thread-1] INFO  impl.RaftServerImpl (RaftServerImpl.java:setRole(174)) - 317be899-a5e7-4874-8b34-173a53939308@group-0BBEB04936B1: changes role from      null to FOLLOWER at term 0 for startAsFollower
2019-09-11 19:01:05,657 [pool-77-thread-1] INFO  impl.RoleInfo (RoleInfo.java:updateAndGet(143)) - 317be899-a5e7-4874-8b34-173a53939308: start FollowerState
2019-09-11 19:01:05,657 [pool-67-thread-1] INFO  util.JmxRegister (JmxRegister.java:tryRegister(44)) - Successfully registered JMX Bean with object name Ratis:service=RaftServer,group=group-0BBEB04936B1,id=d1e1b199-a92a-4c37-98e7-20a84e9cbec2
2019-09-11 19:01:05,657 [pool-77-thread-1] INFO  util.JmxRegister (JmxRegister.java:tryRegister(44)) - Successfully registered JMX Bean with object name Ratis:service=RaftServer,group=group-0BBEB04936B1,id=317be899-a5e7-4874-8b34-173a53939308
2019-09-11 19:01:05,665 [RatisPipelineUtilsThread] INFO  pipeline.PipelineStateManager (PipelineStateManager.java:addPipeline(56)) - Created pipeline Pipeline[ Id: f4acf43d-e397-454f-bb1f-0bbeb04936b1, Nodes: d1e1b199-a92a-4c37-98e7-20a84e9cbec2{ip: 192.168.5.143, host: pr-hdds-1786-trunk-xjsf7-3704618034, networkLocation: /default-rack, certSerialId: null}317be899-a5e7-4874-8b34-173a53939308{ip: 192.168.5.143, host: pr-hdds-1786-trunk-xjsf7-3704618034, networkLocation: /default-rack, certSerialId: null}b0d4f042-2fdd-43c4-bade-ce7ad6576109{ip: 192.168.5.143, host: pr-hdds-1786-trunk-xjsf7-3704618034, networkLocation: /default-rack, certSerialId: null}, Type:RATIS, Factor:THREE, State:OPEN]
2019-09-11 19:01:05,832 [main] WARN  io.KeyOutputStream (KeyOutputStream.java:handleException(276)) - Encountered exception java.io.IOException: Unexpected Storage Container Exception: java.util.concurrent.CompletionException: java.util.concurrent.CompletionException: org.apache.ratis.protocol.GroupMismatchException: d1e1b199-a92a-4c37-98e7-20a84e9cbec2: group-F8300EFDFC05 not found. on the pipeline Pipeline[ Id: 2252eb15-1dec-4d2d-99c8-f8300efdfc05, Nodes: d1e1b199-a92a-4c37-98e7-20a84e9cbec2{ip: 192.168.5.143, host: pr-hdds-1786-trunk-xjsf7-3704618034, networkLocation: /default-rack, certSerialId: null}317be899-a5e7-4874-8b34-173a53939308{ip: 192.168.5.143, host: pr-hdds-1786-trunk-xjsf7-3704618034, networkLocation: /default-rack, certSerialId: null}b0d4f042-2fdd-43c4-bade-ce7ad6576109{ip: 192.168.5.143, host: pr-hdds-1786-trunk-xjsf7-3704618034, networkLocation: /default-rack, certSerialId: null}, Type:RATIS, Factor:THREE, State:OPEN]. The last committed block length is 0, uncommitted data length is 150 retry count 0
2019-09-11 19:01:05,888 [grpc-default-executor-5] INFO  client.GrpcClientProtocolClient (GrpcClientProtocolClient.java:onNext(264)) - client-AC8CE528086A->d1e1b199-a92a-4c37-98e7-20a84e9cbec2: receive RaftClientReply:client-AC8CE528086A->d1e1b199-a92a-4c37-98e7-20a84e9cbec2@group-0BBEB04936B1, cid=30, FAILED org.apache.ratis.protocol.NotLeaderException: Server d1e1b199-a92a-4c37-98e7-20a84e9cbec2@group-0BBEB04936B1 is not the leader, logIndex=0, commits[d1e1b199-a92a-4c37-98e7-20a84e9cbec2:c-1]
2019-09-11 19:01:06,914 [grpc-default-executor-8] INFO  client.GrpcClientProtocolClient (GrpcClientProtocolClient.java:onNext(264)) - client-AC8CE528086A->317be899-a5e7-4874-8b34-173a53939308: receive RaftClientReply:client-AC8CE528086A->317be899-a5e7-4874-8b34-173a53939308@group-0BBEB04936B1, cid=30, FAILED org.apache.ratis.protocol.NotLeaderException: Server 317be899-a5e7-4874-8b34-173a53939308@group-0BBEB04936B1 is not the leader, logIndex=0, commits[317be899-a5e7-4874-8b34-173a53939308:c-1]
2019-09-11 19:01:07,710 [grpc-default-executor-5] INFO  impl.RaftServerProxy (RaftServerProxy.java:remove(95)) - d1e1b199-a92a-4c37-98e7-20a84e9cbec2: remove group-F8300EFDFC05:null
2019-09-11 19:01:07,721 [RatisPipelineUtilsThread] WARN  pipeline.RatisPipelineUtils (RatisPipelineUtils.java:destroyPipeline(66)) - Pipeline destroy failed for pipeline=PipelineID=2252eb15-1dec-4d2d-99c8-f8300efdfc05 dn=d1e1b199-a92a-4c37-98e7-20a84e9cbec2{ip: 192.168.5.143, host: pr-hdds-1786-trunk-xjsf7-3704618034, networkLocation: /default-rack, certSerialId: null}
2019-09-11 19:01:07,730 [grpc-default-executor-5] INFO  impl.RaftServerProxy (RaftServerProxy.java:remove(95)) - 317be899-a5e7-4874-8b34-173a53939308: remove group-F8300EFDFC05:null
2019-09-11 19:01:07,739 [RatisPipelineUtilsThread] WARN  pipeline.RatisPipelineUtils (RatisPipelineUtils.java:destroyPipeline(66)) - Pipeline destroy failed for pipeline=PipelineID=2252eb15-1dec-4d2d-99c8-f8300efdfc05 dn=317be899-a5e7-4874-8b34-173a53939308{ip: 192.168.5.143, host: pr-hdds-1786-trunk-xjsf7-3704618034, networkLocation: /default-rack, certSerialId: null}
2019-09-11 19:01:07,757 [grpc-default-executor-5] INFO  impl.RaftServerProxy (RaftServerProxy.java:remove(95)) - b0d4f042-2fdd-43c4-bade-ce7ad6576109: remove group-F8300EFDFC05:null
2019-09-11 19:01:07,767 [RatisPipelineUtilsThread] WARN  pipeline.RatisPipelineUtils (RatisPipelineUtils.java:destroyPipeline(66)) - Pipeline destroy failed for pipeline=PipelineID=2252eb15-1dec-4d2d-99c8-f8300efdfc05 dn=b0d4f042-2fdd-43c4-bade-ce7ad6576109{ip: 192.168.5.143, host: pr-hdds-1786-trunk-xjsf7-3704618034, networkLocation: /default-rack, certSerialId: null}
2019-09-11 19:01:07,768 [RatisPipelineUtilsThread] ERROR pipeline.SCMPipelineManager (Scheduler.java:lambda$schedule$1(70)) - Destroy pipeline failed for pipeline:Pipeline[ Id: 2252eb15-1dec-4d2d-99c8-f8300efdfc05, Nodes: d1e1b199-a92a-4c37-98e7-20a84e9cbec2{ip: 192.168.5.143, host: pr-hdds-1786-trunk-xjsf7-3704618034, networkLocation: /default-rack, certSerialId: null}317be899-a5e7-4874-8b34-173a53939308{ip: 192.168.5.143, host: pr-hdds-1786-trunk-xjsf7-3704618034, networkLocation: /default-rack, certSerialId: null}b0d4f042-2fdd-43c4-bade-ce7ad6576109{ip: 192.168.5.143, host: pr-hdds-1786-trunk-xjsf7-3704618034, networkLocation: /default-rack, certSerialId: null}, Type:RATIS, Factor:THREE, State:CLOSED]
org.apache.hadoop.hdds.scm.pipeline.PipelineNotFoundException: PipelineID=2252eb15-1dec-4d2d-99c8-f8300efdfc05 not found
	at org.apache.hadoop.hdds.scm.pipeline.PipelineStateMap.getPipeline(PipelineStateMap.java:132)
	at org.apache.hadoop.hdds.scm.pipeline.PipelineStateMap.removePipeline(PipelineStateMap.java:322)
	at org.apache.hadoop.hdds.scm.pipeline.PipelineStateManager.removePipeline(PipelineStateManager.java:107)
	at org.apache.hadoop.hdds.scm.pipeline.SCMPipelineManager.removePipeline(SCMPipelineManager.java:423)
	at org.apache.hadoop.hdds.scm.pipeline.SCMPipelineManager.destroyPipeline(SCMPipelineManager.java:409)
	at org.apache.hadoop.hdds.scm.pipeline.SCMPipelineManager.lambda$finalizeAndDestroyPipeline$0(SCMPipelineManager.java:318)
	at org.apache.hadoop.utils.Scheduler.lambda$schedule$1(Scheduler.java:68)
	at java.util.concurrent.Executors$RunnableAdapter.call(Executors.java:511)
	at java.util.concurrent.FutureTask.run(FutureTask.java:266)
	at java.util.concurrent.ScheduledThreadPoolExecutor$ScheduledFutureTask.access$201(ScheduledThreadPoolExecutor.java:180)
	at java.util.concurrent.ScheduledThreadPoolExecutor$ScheduledFutureTask.run(ScheduledThreadPoolExecutor.java:293)
	at java.util.concurrent.ThreadPoolExecutor.runWorker(ThreadPoolExecutor.java:1149)
	at java.util.concurrent.ThreadPoolExecutor$Worker.run(ThreadPoolExecutor.java:624)
	at java.lang.Thread.run(Thread.java:748)
2019-09-11 19:01:07,942 [grpc-default-executor-5] INFO  client.GrpcClientProtocolClient (GrpcClientProtocolClient.java:onNext(264)) - client-AC8CE528086A->b0d4f042-2fdd-43c4-bade-ce7ad6576109: receive RaftClientReply:client-AC8CE528086A->b0d4f042-2fdd-43c4-bade-ce7ad6576109@group-0BBEB04936B1, cid=30, FAILED org.apache.ratis.protocol.NotLeaderException: Server b0d4f042-2fdd-43c4-bade-ce7ad6576109@group-0BBEB04936B1 is not the leader, logIndex=0, commits[b0d4f042-2fdd-43c4-bade-ce7ad6576109:c-1]
2019-09-11 19:01:08,742 [grpc-default-executor-5] INFO  impl.RaftServerProxy (RaftServerProxy.java:remove(95)) - d1e1b199-a92a-4c37-98e7-20a84e9cbec2: remove group-F8300EFDFC05:null
2019-09-11 19:01:08,752 [RatisPipelineUtilsThread] WARN  pipeline.RatisPipelineUtils (RatisPipelineUtils.java:destroyPipeline(66)) - Pipeline destroy failed for pipeline=PipelineID=2252eb15-1dec-4d2d-99c8-f8300efdfc05 dn=d1e1b199-a92a-4c37-98e7-20a84e9cbec2{ip: 192.168.5.143, host: pr-hdds-1786-trunk-xjsf7-3704618034, networkLocation: /default-rack, certSerialId: null}
2019-09-11 19:01:08,759 [grpc-default-executor-5] INFO  impl.RaftServerProxy (RaftServerProxy.java:remove(95)) - 317be899-a5e7-4874-8b34-173a53939308: remove group-F8300EFDFC05:null
2019-09-11 19:01:08,767 [RatisPipelineUtilsThread] WARN  pipeline.RatisPipelineUtils (RatisPipelineUtils.java:destroyPipeline(66)) - Pipeline destroy failed for pipeline=PipelineID=2252eb15-1dec-4d2d-99c8-f8300efdfc05 dn=317be899-a5e7-4874-8b34-173a53939308{ip: 192.168.5.143, host: pr-hdds-1786-trunk-xjsf7-3704618034, networkLocation: /default-rack, certSerialId: null}
2019-09-11 19:01:08,789 [grpc-default-executor-5] INFO  impl.RaftServerProxy (RaftServerProxy.java:remove(95)) - b0d4f042-2fdd-43c4-bade-ce7ad6576109: remove group-F8300EFDFC05:null
2019-09-11 19:01:08,797 [RatisPipelineUtilsThread] WARN  pipeline.RatisPipelineUtils (RatisPipelineUtils.java:destroyPipeline(66)) - Pipeline destroy failed for pipeline=PipelineID=2252eb15-1dec-4d2d-99c8-f8300efdfc05 dn=b0d4f042-2fdd-43c4-bade-ce7ad6576109{ip: 192.168.5.143, host: pr-hdds-1786-trunk-xjsf7-3704618034, networkLocation: /default-rack, certSerialId: null}
2019-09-11 19:01:08,797 [RatisPipelineUtilsThread] ERROR pipeline.SCMPipelineManager (Scheduler.java:lambda$schedule$1(70)) - Destroy pipeline failed for pipeline:Pipeline[ Id: 2252eb15-1dec-4d2d-99c8-f8300efdfc05, Nodes: d1e1b199-a92a-4c37-98e7-20a84e9cbec2{ip: 192.168.5.143, host: pr-hdds-1786-trunk-xjsf7-3704618034, networkLocation: /default-rack, certSerialId: null}317be899-a5e7-4874-8b34-173a53939308{ip: 192.168.5.143, host: pr-hdds-1786-trunk-xjsf7-3704618034, networkLocation: /default-rack, certSerialId: null}b0d4f042-2fdd-43c4-bade-ce7ad6576109{ip: 192.168.5.143, host: pr-hdds-1786-trunk-xjsf7-3704618034, networkLocation: /default-rack, certSerialId: null}, Type:RATIS, Factor:THREE, State:CLOSED]
org.apache.hadoop.hdds.scm.pipeline.PipelineNotFoundException: PipelineID=2252eb15-1dec-4d2d-99c8-f8300efdfc05 not found
	at org.apache.hadoop.hdds.scm.pipeline.PipelineStateMap.getPipeline(PipelineStateMap.java:132)
	at org.apache.hadoop.hdds.scm.pipeline.PipelineStateMap.removePipeline(PipelineStateMap.java:322)
	at org.apache.hadoop.hdds.scm.pipeline.PipelineStateManager.removePipeline(PipelineStateManager.java:107)
	at org.apache.hadoop.hdds.scm.pipeline.SCMPipelineManager.removePipeline(SCMPipelineManager.java:423)
	at org.apache.hadoop.hdds.scm.pipeline.SCMPipelineManager.destroyPipeline(SCMPipelineManager.java:409)
	at org.apache.hadoop.hdds.scm.pipeline.SCMPipelineManager.lambda$finalizeAndDestroyPipeline$0(SCMPipelineManager.java:318)
	at org.apache.hadoop.utils.Scheduler.lambda$schedule$1(Scheduler.java:68)
	at java.util.concurrent.Executors$RunnableAdapter.call(Executors.java:511)
	at java.util.concurrent.FutureTask.run(FutureTask.java:266)
	at java.util.concurrent.ScheduledThreadPoolExecutor$ScheduledFutureTask.access$201(ScheduledThreadPoolExecutor.java:180)
	at java.util.concurrent.ScheduledThreadPoolExecutor$ScheduledFutureTask.run(ScheduledThreadPoolExecutor.java:293)
	at java.util.concurrent.ThreadPoolExecutor.runWorker(ThreadPoolExecutor.java:1149)
	at java.util.concurrent.ThreadPoolExecutor$Worker.run(ThreadPoolExecutor.java:624)
	at java.lang.Thread.run(Thread.java:748)
2019-09-11 19:01:08,969 [grpc-default-executor-5] INFO  client.GrpcClientProtocolClient (GrpcClientProtocolClient.java:onNext(264)) - client-AC8CE528086A->d1e1b199-a92a-4c37-98e7-20a84e9cbec2: receive RaftClientReply:client-AC8CE528086A->d1e1b199-a92a-4c37-98e7-20a84e9cbec2@group-0BBEB04936B1, cid=30, FAILED org.apache.ratis.protocol.NotLeaderException: Server d1e1b199-a92a-4c37-98e7-20a84e9cbec2@group-0BBEB04936B1 is not the leader, logIndex=0, commits[d1e1b199-a92a-4c37-98e7-20a84e9cbec2:c-1]
2019-09-11 19:01:09,997 [grpc-default-executor-8] INFO  client.GrpcClientProtocolClient (GrpcClientProtocolClient.java:onNext(264)) - client-AC8CE528086A->b0d4f042-2fdd-43c4-bade-ce7ad6576109: receive RaftClientReply:client-AC8CE528086A->b0d4f042-2fdd-43c4-bade-ce7ad6576109@group-0BBEB04936B1, cid=30, FAILED org.apache.ratis.protocol.NotLeaderException: Server b0d4f042-2fdd-43c4-bade-ce7ad6576109@group-0BBEB04936B1 is not the leader, logIndex=0, commits[b0d4f042-2fdd-43c4-bade-ce7ad6576109:c-1]
2019-09-11 19:01:10,729 [Thread-835] INFO  impl.FollowerState (FollowerState.java:run(106)) - 317be899-a5e7-4874-8b34-173a53939308:group-0BBEB04936B1 changes to CANDIDATE, lastRpcTime:5071, electionTimeout:5071ms
2019-09-11 19:01:10,735 [Thread-835] INFO  impl.RoleInfo (RoleInfo.java:shutdownFollowerState(121)) - 317be899-a5e7-4874-8b34-173a53939308: shutdown FollowerState
2019-09-11 19:01:10,736 [Thread-835] INFO  impl.RaftServerImpl (RaftServerImpl.java:setRole(174)) - 317be899-a5e7-4874-8b34-173a53939308@group-0BBEB04936B1: changes role from  FOLLOWER to CANDIDATE at term 0 for changeToCandidate
2019-09-11 19:01:10,736 [Thread-835] INFO  impl.RoleInfo (RoleInfo.java:updateAndGet(143)) - 317be899-a5e7-4874-8b34-173a53939308: start LeaderElection
2019-09-11 19:01:10,744 [grpc-default-executor-8] INFO  impl.RaftServerProxy (RaftServerProxy.java:remove(95)) - d1e1b199-a92a-4c37-98e7-20a84e9cbec2: remove group-F8300EFDFC05:null
2019-09-11 19:01:10,752 [RatisPipelineUtilsThread] WARN  pipeline.RatisPipelineUtils (RatisPipelineUtils.java:destroyPipeline(66)) - Pipeline destroy failed for pipeline=PipelineID=2252eb15-1dec-4d2d-99c8-f8300efdfc05 dn=d1e1b199-a92a-4c37-98e7-20a84e9cbec2{ip: 192.168.5.143, host: pr-hdds-1786-trunk-xjsf7-3704618034, networkLocation: /default-rack, certSerialId: null}
2019-09-11 19:01:10,760 [grpc-default-executor-8] INFO  impl.RaftServerProxy (RaftServerProxy.java:remove(95)) - 317be899-a5e7-4874-8b34-173a53939308: remove group-F8300EFDFC05:null
2019-09-11 19:01:10,762 [Thread-832] INFO  impl.FollowerState (FollowerState.java:run(106)) - b0d4f042-2fdd-43c4-bade-ce7ad6576109:group-0BBEB04936B1 changes to CANDIDATE, lastRpcTime:5112, electionTimeout:5110ms
2019-09-11 19:01:10,763 [Thread-832] INFO  impl.RoleInfo (RoleInfo.java:shutdownFollowerState(121)) - b0d4f042-2fdd-43c4-bade-ce7ad6576109: shutdown FollowerState
2019-09-11 19:01:10,763 [Thread-832] INFO  impl.RaftServerImpl (RaftServerImpl.java:setRole(174)) - b0d4f042-2fdd-43c4-bade-ce7ad6576109@group-0BBEB04936B1: changes role from  FOLLOWER to CANDIDATE at term 0 for changeToCandidate
2019-09-11 19:01:10,763 [Thread-832] INFO  impl.RoleInfo (RoleInfo.java:updateAndGet(143)) - b0d4f042-2fdd-43c4-bade-ce7ad6576109: start LeaderElection
2019-09-11 19:01:10,770 [RatisPipelineUtilsThread] WARN  pipeline.RatisPipelineUtils (RatisPipelineUtils.java:destroyPipeline(66)) - Pipeline destroy failed for pipeline=PipelineID=2252eb15-1dec-4d2d-99c8-f8300efdfc05 dn=317be899-a5e7-4874-8b34-173a53939308{ip: 192.168.5.143, host: pr-hdds-1786-trunk-xjsf7-3704618034, networkLocation: /default-rack, certSerialId: null}
2019-09-11 19:01:10,776 [grpc-default-executor-8] INFO  impl.RaftServerProxy (RaftServerProxy.java:remove(95)) - b0d4f042-2fdd-43c4-bade-ce7ad6576109: remove group-F8300EFDFC05:null
2019-09-11 19:01:10,782 [RatisPipelineUtilsThread] WARN  pipeline.RatisPipelineUtils (RatisPipelineUtils.java:destroyPipeline(66)) - Pipeline destroy failed for pipeline=PipelineID=2252eb15-1dec-4d2d-99c8-f8300efdfc05 dn=b0d4f042-2fdd-43c4-bade-ce7ad6576109{ip: 192.168.5.143, host: pr-hdds-1786-trunk-xjsf7-3704618034, networkLocation: /default-rack, certSerialId: null}
2019-09-11 19:01:10,783 [RatisPipelineUtilsThread] ERROR pipeline.SCMPipelineManager (Scheduler.java:lambda$schedule$1(70)) - Destroy pipeline failed for pipeline:Pipeline[ Id: 2252eb15-1dec-4d2d-99c8-f8300efdfc05, Nodes: d1e1b199-a92a-4c37-98e7-20a84e9cbec2{ip: 192.168.5.143, host: pr-hdds-1786-trunk-xjsf7-3704618034, networkLocation: /default-rack, certSerialId: null}317be899-a5e7-4874-8b34-173a53939308{ip: 192.168.5.143, host: pr-hdds-1786-trunk-xjsf7-3704618034, networkLocation: /default-rack, certSerialId: null}b0d4f042-2fdd-43c4-bade-ce7ad6576109{ip: 192.168.5.143, host: pr-hdds-1786-trunk-xjsf7-3704618034, networkLocation: /default-rack, certSerialId: null}, Type:RATIS, Factor:THREE, State:CLOSED]
org.apache.hadoop.hdds.scm.pipeline.PipelineNotFoundException: PipelineID=2252eb15-1dec-4d2d-99c8-f8300efdfc05 not found
	at org.apache.hadoop.hdds.scm.pipeline.PipelineStateMap.getPipeline(PipelineStateMap.java:132)
	at org.apache.hadoop.hdds.scm.pipeline.PipelineStateMap.removePipeline(PipelineStateMap.java:322)
	at org.apache.hadoop.hdds.scm.pipeline.PipelineStateManager.removePipeline(PipelineStateManager.java:107)
	at org.apache.hadoop.hdds.scm.pipeline.SCMPipelineManager.removePipeline(SCMPipelineManager.java:423)
	at org.apache.hadoop.hdds.scm.pipeline.SCMPipelineManager.destroyPipeline(SCMPipelineManager.java:409)
	at org.apache.hadoop.hdds.scm.pipeline.SCMPipelineManager.lambda$finalizeAndDestroyPipeline$0(SCMPipelineManager.java:318)
	at org.apache.hadoop.utils.Scheduler.lambda$schedule$1(Scheduler.java:68)
	at java.util.concurrent.Executors$RunnableAdapter.call(Executors.java:511)
	at java.util.concurrent.FutureTask.run(FutureTask.java:266)
	at java.util.concurrent.ScheduledThreadPoolExecutor$ScheduledFutureTask.access$201(ScheduledThreadPoolExecutor.java:180)
	at java.util.concurrent.ScheduledThreadPoolExecutor$ScheduledFutureTask.run(ScheduledThreadPoolExecutor.java:293)
	at java.util.concurrent.ThreadPoolExecutor.runWorker(ThreadPoolExecutor.java:1149)
	at java.util.concurrent.ThreadPoolExecutor$Worker.run(ThreadPoolExecutor.java:624)
	at java.lang.Thread.run(Thread.java:748)
2019-09-11 19:01:10,788 [317be899-a5e7-4874-8b34-173a53939308@group-0BBEB04936B1:LeaderElection11] INFO  impl.LeaderElection (LeaderElection.java:askForVotes(182)) - 317be899-a5e7-4874-8b34-173a53939308@group-0BBEB04936B1:LeaderElection11: begin an election at term 1 for -1: [317be899-a5e7-4874-8b34-173a53939308:192.168.5.143:42053, d1e1b199-a92a-4c37-98e7-20a84e9cbec2:192.168.5.143:35615, b0d4f042-2fdd-43c4-bade-ce7ad6576109:192.168.5.143:42232], old=null
2019-09-11 19:01:10,794 [grpc-default-executor-5] INFO  impl.RaftServerImpl (RaftServerImpl.java:setRole(174)) - d1e1b199-a92a-4c37-98e7-20a84e9cbec2@group-0BBEB04936B1: changes role from  FOLLOWER to FOLLOWER at term 1 for recognizeCandidate:317be899-a5e7-4874-8b34-173a53939308
2019-09-11 19:01:10,794 [grpc-default-executor-5] INFO  impl.RoleInfo (RoleInfo.java:shutdownFollowerState(121)) - d1e1b199-a92a-4c37-98e7-20a84e9cbec2: shutdown FollowerState
2019-09-11 19:01:10,794 [grpc-default-executor-5] INFO  impl.RoleInfo (RoleInfo.java:updateAndGet(143)) - d1e1b199-a92a-4c37-98e7-20a84e9cbec2: start FollowerState
2019-09-11 19:01:10,794 [Thread-834] INFO  impl.FollowerState (FollowerState.java:run(115)) - d1e1b199-a92a-4c37-98e7-20a84e9cbec2: FollowerState was interrupted: java.lang.InterruptedException: sleep interrupted
2019-09-11 19:01:10,797 [b0d4f042-2fdd-43c4-bade-ce7ad6576109@group-0BBEB04936B1:LeaderElection12] INFO  impl.LeaderElection (LeaderElection.java:askForVotes(182)) - b0d4f042-2fdd-43c4-bade-ce7ad6576109@group-0BBEB04936B1:LeaderElection12: begin an election at term 1 for -1: [317be899-a5e7-4874-8b34-173a53939308:192.168.5.143:42053, d1e1b199-a92a-4c37-98e7-20a84e9cbec2:192.168.5.143:35615, b0d4f042-2fdd-43c4-bade-ce7ad6576109:192.168.5.143:42232], old=null
2019-09-11 19:01:10,817 [b0d4f042-2fdd-43c4-bade-ce7ad6576109@group-0BBEB04936B1:LeaderElection12] INFO  impl.LeaderElection (LeaderElection.java:logAndReturn(56)) - b0d4f042-2fdd-43c4-bade-ce7ad6576109@group-0BBEB04936B1:LeaderElection12: Election REJECTED; received 2 response(s) [b0d4f042-2fdd-43c4-bade-ce7ad6576109<-317be899-a5e7-4874-8b34-173a53939308#0:FAIL-t1, b0d4f042-2fdd-43c4-bade-ce7ad6576109<-d1e1b199-a92a-4c37-98e7-20a84e9cbec2#0:FAIL-t1] and 0 exception(s); b0d4f042-2fdd-43c4-bade-ce7ad6576109@group-0BBEB04936B1:t1, leader=null, voted=b0d4f042-2fdd-43c4-bade-ce7ad6576109, raftlog=b0d4f042-2fdd-43c4-bade-ce7ad6576109@group-0BBEB04936B1-SegmentedRaftLog:OPENED:c-1,f-1,i0, conf=-1: [317be899-a5e7-4874-8b34-173a53939308:192.168.5.143:42053, d1e1b199-a92a-4c37-98e7-20a84e9cbec2:192.168.5.143:35615, b0d4f042-2fdd-43c4-bade-ce7ad6576109:192.168.5.143:42232], old=null
2019-09-11 19:01:10,817 [317be899-a5e7-4874-8b34-173a53939308@group-0BBEB04936B1:LeaderElection11] INFO  impl.LeaderElection (LeaderElection.java:logAndReturn(56)) - 317be899-a5e7-4874-8b34-173a53939308@group-0BBEB04936B1:LeaderElection11: Election PASSED; received 2 response(s) [317be899-a5e7-4874-8b34-173a53939308<-d1e1b199-a92a-4c37-98e7-20a84e9cbec2#0:OK-t1, 317be899-a5e7-4874-8b34-173a53939308<-b0d4f042-2fdd-43c4-bade-ce7ad6576109#0:FAIL-t1] and 0 exception(s); 317be899-a5e7-4874-8b34-173a53939308@group-0BBEB04936B1:t1, leader=null, voted=317be899-a5e7-4874-8b34-173a53939308, raftlog=317be899-a5e7-4874-8b34-173a53939308@group-0BBEB04936B1-SegmentedRaftLog:OPENED:c-1,f-1,i0, conf=-1: [317be899-a5e7-4874-8b34-173a53939308:192.168.5.143:42053, d1e1b199-a92a-4c37-98e7-20a84e9cbec2:192.168.5.143:35615, b0d4f042-2fdd-43c4-bade-ce7ad6576109:192.168.5.143:42232], old=null
2019-09-11 19:01:10,817 [b0d4f042-2fdd-43c4-bade-ce7ad6576109@group-0BBEB04936B1:LeaderElection12] INFO  impl.RaftServerImpl (RaftServerImpl.java:setRole(174)) - b0d4f042-2fdd-43c4-bade-ce7ad6576109@group-0BBEB04936B1: changes role from CANDIDATE to FOLLOWER at term 1 for DISCOVERED_A_NEW_TERM
2019-09-11 19:01:10,817 [317be899-a5e7-4874-8b34-173a53939308@group-0BBEB04936B1:LeaderElection11] INFO  impl.RoleInfo (RoleInfo.java:shutdownLeaderElection(134)) - 317be899-a5e7-4874-8b34-173a53939308: shutdown LeaderElection
2019-09-11 19:01:10,825 [b0d4f042-2fdd-43c4-bade-ce7ad6576109@group-0BBEB04936B1:LeaderElection12] INFO  impl.RoleInfo (RoleInfo.java:shutdownLeaderElection(134)) - b0d4f042-2fdd-43c4-bade-ce7ad6576109: shutdown LeaderElection
2019-09-11 19:01:10,825 [317be899-a5e7-4874-8b34-173a53939308@group-0BBEB04936B1:LeaderElection11] INFO  impl.RaftServerImpl (RaftServerImpl.java:setRole(174)) - 317be899-a5e7-4874-8b34-173a53939308@group-0BBEB04936B1: changes role from CANDIDATE to LEADER at term 1 for changeToLeader
2019-09-11 19:01:10,825 [b0d4f042-2fdd-43c4-bade-ce7ad6576109@group-0BBEB04936B1:LeaderElection12] INFO  impl.RoleInfo (RoleInfo.java:updateAndGet(143)) - b0d4f042-2fdd-43c4-bade-ce7ad6576109: start FollowerState
2019-09-11 19:01:10,825 [317be899-a5e7-4874-8b34-173a53939308@group-0BBEB04936B1:LeaderElection11] INFO  impl.RaftServerImpl (ServerState.java:setLeader(253)) - 317be899-a5e7-4874-8b34-173a53939308@group-0BBEB04936B1: change Leader from null to 317be899-a5e7-4874-8b34-173a53939308 at term 1 for becomeLeader, leader elected after 5186ms
2019-09-11 19:01:10,826 [317be899-a5e7-4874-8b34-173a53939308@group-0BBEB04936B1:LeaderElection11] INFO  server.RaftServerConfigKeys (ConfUtils.java:logGet(43)) - raft.server.staging.catchup.gap = 1000 (default)
2019-09-11 19:01:10,826 [317be899-a5e7-4874-8b34-173a53939308@group-0BBEB04936B1:LeaderElection11] INFO  server.RaftServerConfigKeys (ConfUtils.java:logGet(43)) - raft.server.rpc.sleep.time = 25ms (default)
2019-09-11 19:01:10,826 [317be899-a5e7-4874-8b34-173a53939308@group-0BBEB04936B1:LeaderElection11] INFO  server.RaftServerConfigKeys (ConfUtils.java:logGet(43)) - raft.server.write.element-limit = 4096 (default)
2019-09-11 19:01:10,826 [317be899-a5e7-4874-8b34-173a53939308@group-0BBEB04936B1:LeaderElection11] INFO  server.RaftServerConfigKeys (ConfUtils.java:logGet(43)) - raft.server.watch.timeout = 10s (default)
2019-09-11 19:01:10,826 [317be899-a5e7-4874-8b34-173a53939308@group-0BBEB04936B1:LeaderElection11] INFO  server.RaftServerConfigKeys (ConfUtils.java:logGet(43)) - raft.server.watch.timeout.denomination = 1s (default)
2019-09-11 19:01:10,826 [317be899-a5e7-4874-8b34-173a53939308@group-0BBEB04936B1:LeaderElection11] INFO  server.RaftServerConfigKeys (ConfUtils.java:logGet(43)) - raft.server.watch.element-limit = 65536 (default)
2019-09-11 19:01:10,830 [317be899-a5e7-4874-8b34-173a53939308@group-0BBEB04936B1:LeaderElection11] INFO  server.RaftServerConfigKeys (ConfUtils.java:logGet(43)) - raft.server.log.appender.snapshot.chunk.size.max = 16MB (=16777216) (default)
2019-09-11 19:01:10,830 [317be899-a5e7-4874-8b34-173a53939308@group-0BBEB04936B1:LeaderElection11] INFO  server.RaftServerConfigKeys (ConfUtils.java:logGet(43)) - raft.server.log.appender.buffer.byte-limit = 33554432 (custom)
2019-09-11 19:01:10,830 [317be899-a5e7-4874-8b34-173a53939308@group-0BBEB04936B1:LeaderElection11] INFO  server.RaftServerConfigKeys (ConfUtils.java:logGet(43)) - raft.server.log.appender.buffer.element-limit = 1 (custom)
2019-09-11 19:01:10,830 [317be899-a5e7-4874-8b34-173a53939308@group-0BBEB04936B1:LeaderElection11] INFO  grpc.GrpcConfigKeys$Server (ConfUtils.java:logGet(43)) - raft.grpc.server.leader.outstanding.appends.max = 128 (default)
2019-09-11 19:01:10,831 [317be899-a5e7-4874-8b34-173a53939308@group-0BBEB04936B1:LeaderElection11] INFO  server.RaftServerConfigKeys (ConfUtils.java:logGet(43)) - raft.server.rpc.request.timeout = 3000ms (default)
2019-09-11 19:01:10,831 [317be899-a5e7-4874-8b34-173a53939308@group-0BBEB04936B1:LeaderElection11] INFO  server.RaftServerConfigKeys (ConfUtils.java:logGet(43)) - raft.server.log.appender.install.snapshot.enabled = false (custom)
2019-09-11 19:01:10,831 [317be899-a5e7-4874-8b34-173a53939308@group-0BBEB04936B1:LeaderElection11] INFO  server.RaftServerConfigKeys (ConfUtils.java:logGet(43)) - raft.server.log.appender.snapshot.chunk.size.max = 16MB (=16777216) (default)
2019-09-11 19:01:10,831 [317be899-a5e7-4874-8b34-173a53939308@group-0BBEB04936B1:LeaderElection11] INFO  server.RaftServerConfigKeys (ConfUtils.java:logGet(43)) - raft.server.log.appender.buffer.byte-limit = 33554432 (custom)
2019-09-11 19:01:10,831 [317be899-a5e7-4874-8b34-173a53939308@group-0BBEB04936B1:LeaderElection11] INFO  server.RaftServerConfigKeys (ConfUtils.java:logGet(43)) - raft.server.log.appender.buffer.element-limit = 1 (custom)
2019-09-11 19:01:10,831 [317be899-a5e7-4874-8b34-173a53939308@group-0BBEB04936B1:LeaderElection11] INFO  grpc.GrpcConfigKeys$Server (ConfUtils.java:logGet(43)) - raft.grpc.server.leader.outstanding.appends.max = 128 (default)
2019-09-11 19:01:10,831 [317be899-a5e7-4874-8b34-173a53939308@group-0BBEB04936B1:LeaderElection11] INFO  server.RaftServerConfigKeys (ConfUtils.java:logGet(43)) - raft.server.rpc.request.timeout = 3000ms (default)
2019-09-11 19:01:10,832 [317be899-a5e7-4874-8b34-173a53939308@group-0BBEB04936B1:LeaderElection11] INFO  server.RaftServerConfigKeys (ConfUtils.java:logGet(43)) - raft.server.log.appender.install.snapshot.enabled = false (custom)
2019-09-11 19:01:10,832 [317be899-a5e7-4874-8b34-173a53939308@group-0BBEB04936B1:LeaderElection11] INFO  impl.RoleInfo (RoleInfo.java:updateAndGet(143)) - 317be899-a5e7-4874-8b34-173a53939308: start LeaderState
2019-09-11 19:01:10,832 [317be899-a5e7-4874-8b34-173a53939308@group-0BBEB04936B1:LeaderElection11] INFO  segmented.SegmentedRaftLogWorker (SegmentedRaftLogWorker.java:startLogSegment(380)) - 317be899-a5e7-4874-8b34-173a53939308@group-0BBEB04936B1-SegmentedRaftLogWorker: Starting segment from index:0
2019-09-11 19:01:10,833 [317be899-a5e7-4874-8b34-173a53939308@group-0BBEB04936B1:LeaderElection11] INFO  impl.RaftServerImpl (ServerState.java:setRaftConf(354)) - 317be899-a5e7-4874-8b34-173a53939308@group-0BBEB04936B1: set configuration 0: [317be899-a5e7-4874-8b34-173a53939308:192.168.5.143:42053, d1e1b199-a92a-4c37-98e7-20a84e9cbec2:192.168.5.143:35615, b0d4f042-2fdd-43c4-bade-ce7ad6576109:192.168.5.143:42232], old=null at 0
2019-09-11 19:01:10,864 [grpc-default-executor-8] INFO  impl.RaftServerImpl (ServerState.java:setLeader(253)) - d1e1b199-a92a-4c37-98e7-20a84e9cbec2@group-0BBEB04936B1: change Leader from null to 317be899-a5e7-4874-8b34-173a53939308 at term 1 for appendEntries, leader elected after 5225ms
2019-09-11 19:01:10,864 [grpc-default-executor-5] INFO  impl.RaftServerImpl (ServerState.java:setLeader(253)) - b0d4f042-2fdd-43c4-bade-ce7ad6576109@group-0BBEB04936B1: change Leader from null to 317be899-a5e7-4874-8b34-173a53939308 at term 1 for appendEntries, leader elected after 5225ms
2019-09-11 19:01:10,867 [grpc-default-executor-5] INFO  impl.RaftServerImpl (ServerState.java:setRaftConf(354)) - d1e1b199-a92a-4c37-98e7-20a84e9cbec2@group-0BBEB04936B1: set configuration 0: [317be899-a5e7-4874-8b34-173a53939308:192.168.5.143:42053, d1e1b199-a92a-4c37-98e7-20a84e9cbec2:192.168.5.143:35615, b0d4f042-2fdd-43c4-bade-ce7ad6576109:192.168.5.143:42232], old=null at 0
2019-09-11 19:01:10,867 [grpc-default-executor-8] INFO  impl.RaftServerImpl (ServerState.java:setRaftConf(354)) - b0d4f042-2fdd-43c4-bade-ce7ad6576109@group-0BBEB04936B1: set configuration 0: [317be899-a5e7-4874-8b34-173a53939308:192.168.5.143:42053, d1e1b199-a92a-4c37-98e7-20a84e9cbec2:192.168.5.143:35615, b0d4f042-2fdd-43c4-bade-ce7ad6576109:192.168.5.143:42232], old=null at 0
2019-09-11 19:01:10,867 [grpc-default-executor-5] INFO  segmented.SegmentedRaftLogWorker (SegmentedRaftLogWorker.java:startLogSegment(380)) - d1e1b199-a92a-4c37-98e7-20a84e9cbec2@group-0BBEB04936B1-SegmentedRaftLogWorker: Starting segment from index:0
2019-09-11 19:01:10,867 [grpc-default-executor-8] INFO  segmented.SegmentedRaftLogWorker (SegmentedRaftLogWorker.java:startLogSegment(380)) - b0d4f042-2fdd-43c4-bade-ce7ad6576109@group-0BBEB04936B1-SegmentedRaftLogWorker: Starting segment from index:0
2019-09-11 19:01:10,882 [317be899-a5e7-4874-8b34-173a53939308@group-0BBEB04936B1-SegmentedRaftLogWorker] INFO  segmented.SegmentedRaftLogWorker (SegmentedRaftLogWorker.java:execute(569)) - 317be899-a5e7-4874-8b34-173a53939308@group-0BBEB04936B1-SegmentedRaftLogWorker: created new log segment /workdir/hadoop-ozone/integration-test/target/test-dir/MiniOzoneClusterImpl-8bc0b1d6-fcdc-4049-850d-8c31e36a20db/datanode-5/data/ratis/f4acf43d-e397-454f-bb1f-0bbeb04936b1/current/log_inprogress_0
2019-09-11 19:01:10,915 [d1e1b199-a92a-4c37-98e7-20a84e9cbec2@group-0BBEB04936B1-SegmentedRaftLogWorker] INFO  segmented.SegmentedRaftLogWorker (SegmentedRaftLogWorker.java:execute(569)) - d1e1b199-a92a-4c37-98e7-20a84e9cbec2@group-0BBEB04936B1-SegmentedRaftLogWorker: created new log segment /workdir/hadoop-ozone/integration-test/target/test-dir/MiniOzoneClusterImpl-8bc0b1d6-fcdc-4049-850d-8c31e36a20db/datanode-4/data/ratis/f4acf43d-e397-454f-bb1f-0bbeb04936b1/current/log_inprogress_0
2019-09-11 19:01:10,931 [b0d4f042-2fdd-43c4-bade-ce7ad6576109@group-0BBEB04936B1-SegmentedRaftLogWorker] INFO  segmented.SegmentedRaftLogWorker (SegmentedRaftLogWorker.java:execute(569)) - b0d4f042-2fdd-43c4-bade-ce7ad6576109@group-0BBEB04936B1-SegmentedRaftLogWorker: created new log segment /workdir/hadoop-ozone/integration-test/target/test-dir/MiniOzoneClusterImpl-8bc0b1d6-fcdc-4049-850d-8c31e36a20db/datanode-2/data/ratis/f4acf43d-e397-454f-bb1f-0bbeb04936b1/current/log_inprogress_0
2019-09-11 19:01:11,015 [grpc-default-executor-8] INFO  client.GrpcClientProtocolClient (GrpcClientProtocolClient.java:onNext(264)) - client-AC8CE528086A->d1e1b199-a92a-4c37-98e7-20a84e9cbec2: receive RaftClientReply:client-AC8CE528086A->d1e1b199-a92a-4c37-98e7-20a84e9cbec2@group-0BBEB04936B1, cid=30, FAILED org.apache.ratis.protocol.NotLeaderException: Server d1e1b199-a92a-4c37-98e7-20a84e9cbec2@group-0BBEB04936B1 is not the leader 317be899-a5e7-4874-8b34-173a53939308:192.168.5.143:42053, logIndex=0, commits[d1e1b199-a92a-4c37-98e7-20a84e9cbec2:c-1, 317be899-a5e7-4874-8b34-173a53939308:c-1, b0d4f042-2fdd-43c4-bade-ce7ad6576109:c-1]
2019-09-11 19:01:11,183 [grpc-default-executor-5] INFO  client.GrpcClientProtocolClient (GrpcClientProtocolClient.java:onNext(264)) - client-AC8CE528086A->317be899-a5e7-4874-8b34-173a53939308: receive RaftClientReply:client-AC8CE528086A->317be899-a5e7-4874-8b34-173a53939308@group-0BBEB04936B1, cid=30, SUCCESS, logIndex=1, commits[317be899-a5e7-4874-8b34-173a53939308:c1, d1e1b199-a92a-4c37-98e7-20a84e9cbec2:c-1, b0d4f042-2fdd-43c4-bade-ce7ad6576109:c0]
2019-09-11 19:01:11,201 [grpc-default-executor-4] INFO  client.GrpcClientProtocolClient (GrpcClientProtocolClient.java:onNext(264)) - client-AC8CE528086A->317be899-a5e7-4874-8b34-173a53939308: receive RaftClientReply:client-AC8CE528086A->317be899-a5e7-4874-8b34-173a53939308@group-0BBEB04936B1, cid=31, SUCCESS, logIndex=3, commits[317be899-a5e7-4874-8b34-173a53939308:c3, d1e1b199-a92a-4c37-98e7-20a84e9cbec2:c1, b0d4f042-2fdd-43c4-bade-ce7ad6576109:c2]
2019-09-11 19:01:11,272 [grpc-default-executor-8] INFO  client.GrpcClientProtocolClient (GrpcClientProtocolClient.java:onNext(264)) - client-AC8CE528086A->317be899-a5e7-4874-8b34-173a53939308: receive RaftClientReply:client-AC8CE528086A->317be899-a5e7-4874-8b34-173a53939308@group-0BBEB04936B1, cid=32, SUCCESS, logIndex=4, commits[317be899-a5e7-4874-8b34-173a53939308:c6, d1e1b199-a92a-4c37-98e7-20a84e9cbec2:c4, b0d4f042-2fdd-43c4-bade-ce7ad6576109:c4]
]]></system-out>
  </testcase>
  <testcase name="testFullBufferCondition" classname="org.apache.hadoop.ozone.client.rpc.TestBlockOutputStream" time="187.218">
    <failure type="java.lang.AssertionError">java.lang.AssertionError
	at org.junit.Assert.fail(Assert.java:86)
	at org.junit.Assert.assertTrue(Assert.java:41)
	at org.junit.Assert.assertTrue(Assert.java:52)
	at org.apache.hadoop.ozone.client.rpc.TestBlockOutputStream.testFullBufferCondition(TestBlockOutputStream.java:515)
	at sun.reflect.NativeMethodAccessorImpl.invoke0(Native Method)
	at sun.reflect.NativeMethodAccessorImpl.invoke(NativeMethodAccessorImpl.java:62)
	at sun.reflect.DelegatingMethodAccessorImpl.invoke(DelegatingMethodAccessorImpl.java:43)
	at java.lang.reflect.Method.invoke(Method.java:498)
	at org.junit.runners.model.FrameworkMethod$1.runReflectiveCall(FrameworkMethod.java:47)
	at org.junit.internal.runners.model.ReflectiveCallable.run(ReflectiveCallable.java:12)
	at org.junit.runners.model.FrameworkMethod.invokeExplosively(FrameworkMethod.java:44)
	at org.junit.internal.runners.statements.InvokeMethod.evaluate(InvokeMethod.java:17)
	at org.junit.runners.ParentRunner.runLeaf(ParentRunner.java:271)
	at org.junit.runners.BlockJUnit4ClassRunner.runChild(BlockJUnit4ClassRunner.java:70)
	at org.junit.runners.BlockJUnit4ClassRunner.runChild(BlockJUnit4ClassRunner.java:50)
	at org.junit.runners.ParentRunner$3.run(ParentRunner.java:238)
	at org.junit.runners.ParentRunner$1.schedule(ParentRunner.java:63)
	at org.junit.runners.ParentRunner.runChildren(ParentRunner.java:236)
	at org.junit.runners.ParentRunner.access$000(ParentRunner.java:53)
	at org.junit.runners.ParentRunner$2.evaluate(ParentRunner.java:229)
	at org.junit.internal.runners.statements.RunBefores.evaluate(RunBefores.java:26)
	at org.junit.internal.runners.statements.RunAfters.evaluate(RunAfters.java:27)
	at org.junit.runners.ParentRunner.run(ParentRunner.java:309)
	at org.apache.maven.surefire.junit4.JUnit4Provider.execute(JUnit4Provider.java:365)
	at org.apache.maven.surefire.junit4.JUnit4Provider.executeWithRerun(JUnit4Provider.java:273)
	at org.apache.maven.surefire.junit4.JUnit4Provider.executeTestSet(JUnit4Provider.java:238)
	at org.apache.maven.surefire.junit4.JUnit4Provider.invoke(JUnit4Provider.java:159)
	at org.apache.maven.surefire.booter.ForkedBooter.invokeProviderInSameClassLoader(ForkedBooter.java:384)
	at org.apache.maven.surefire.booter.ForkedBooter.runSuitesInProcess(ForkedBooter.java:345)
	at org.apache.maven.surefire.booter.ForkedBooter.execute(ForkedBooter.java:126)
	at org.apache.maven.surefire.booter.ForkedBooter.main(ForkedBooter.java:418)
</failure>
    <system-out><![CDATA[2019-09-11 19:01:13,739 [grpc-default-executor-8] INFO  impl.RaftServerProxy (RaftServerProxy.java:remove(95)) - d1e1b199-a92a-4c37-98e7-20a84e9cbec2: remove group-F8300EFDFC05:null
2019-09-11 19:01:13,747 [RatisPipelineUtilsThread] WARN  pipeline.RatisPipelineUtils (RatisPipelineUtils.java:destroyPipeline(66)) - Pipeline destroy failed for pipeline=PipelineID=2252eb15-1dec-4d2d-99c8-f8300efdfc05 dn=d1e1b199-a92a-4c37-98e7-20a84e9cbec2{ip: 192.168.5.143, host: pr-hdds-1786-trunk-xjsf7-3704618034, networkLocation: /default-rack, certSerialId: null}
2019-09-11 19:01:13,754 [grpc-default-executor-8] INFO  impl.RaftServerProxy (RaftServerProxy.java:remove(95)) - 317be899-a5e7-4874-8b34-173a53939308: remove group-F8300EFDFC05:null
2019-09-11 19:01:13,761 [RatisPipelineUtilsThread] WARN  pipeline.RatisPipelineUtils (RatisPipelineUtils.java:destroyPipeline(66)) - Pipeline destroy failed for pipeline=PipelineID=2252eb15-1dec-4d2d-99c8-f8300efdfc05 dn=317be899-a5e7-4874-8b34-173a53939308{ip: 192.168.5.143, host: pr-hdds-1786-trunk-xjsf7-3704618034, networkLocation: /default-rack, certSerialId: null}
2019-09-11 19:01:13,767 [grpc-default-executor-8] INFO  impl.RaftServerProxy (RaftServerProxy.java:remove(95)) - b0d4f042-2fdd-43c4-bade-ce7ad6576109: remove group-F8300EFDFC05:null
2019-09-11 19:01:13,773 [RatisPipelineUtilsThread] WARN  pipeline.RatisPipelineUtils (RatisPipelineUtils.java:destroyPipeline(66)) - Pipeline destroy failed for pipeline=PipelineID=2252eb15-1dec-4d2d-99c8-f8300efdfc05 dn=b0d4f042-2fdd-43c4-bade-ce7ad6576109{ip: 192.168.5.143, host: pr-hdds-1786-trunk-xjsf7-3704618034, networkLocation: /default-rack, certSerialId: null}
2019-09-11 19:01:13,774 [RatisPipelineUtilsThread] ERROR pipeline.SCMPipelineManager (Scheduler.java:lambda$schedule$1(70)) - Destroy pipeline failed for pipeline:Pipeline[ Id: 2252eb15-1dec-4d2d-99c8-f8300efdfc05, Nodes: d1e1b199-a92a-4c37-98e7-20a84e9cbec2{ip: 192.168.5.143, host: pr-hdds-1786-trunk-xjsf7-3704618034, networkLocation: /default-rack, certSerialId: null}317be899-a5e7-4874-8b34-173a53939308{ip: 192.168.5.143, host: pr-hdds-1786-trunk-xjsf7-3704618034, networkLocation: /default-rack, certSerialId: null}b0d4f042-2fdd-43c4-bade-ce7ad6576109{ip: 192.168.5.143, host: pr-hdds-1786-trunk-xjsf7-3704618034, networkLocation: /default-rack, certSerialId: null}, Type:RATIS, Factor:THREE, State:CLOSED]
org.apache.hadoop.hdds.scm.pipeline.PipelineNotFoundException: PipelineID=2252eb15-1dec-4d2d-99c8-f8300efdfc05 not found
	at org.apache.hadoop.hdds.scm.pipeline.PipelineStateMap.getPipeline(PipelineStateMap.java:132)
	at org.apache.hadoop.hdds.scm.pipeline.PipelineStateMap.removePipeline(PipelineStateMap.java:322)
	at org.apache.hadoop.hdds.scm.pipeline.PipelineStateManager.removePipeline(PipelineStateManager.java:107)
	at org.apache.hadoop.hdds.scm.pipeline.SCMPipelineManager.removePipeline(SCMPipelineManager.java:423)
	at org.apache.hadoop.hdds.scm.pipeline.SCMPipelineManager.destroyPipeline(SCMPipelineManager.java:409)
	at org.apache.hadoop.hdds.scm.pipeline.SCMPipelineManager.lambda$finalizeAndDestroyPipeline$0(SCMPipelineManager.java:318)
	at org.apache.hadoop.utils.Scheduler.lambda$schedule$1(Scheduler.java:68)
	at java.util.concurrent.Executors$RunnableAdapter.call(Executors.java:511)
	at java.util.concurrent.FutureTask.run(FutureTask.java:266)
	at java.util.concurrent.ScheduledThreadPoolExecutor$ScheduledFutureTask.access$201(ScheduledThreadPoolExecutor.java:180)
	at java.util.concurrent.ScheduledThreadPoolExecutor$ScheduledFutureTask.run(ScheduledThreadPoolExecutor.java:293)
	at java.util.concurrent.ThreadPoolExecutor.runWorker(ThreadPoolExecutor.java:1149)
	at java.util.concurrent.ThreadPoolExecutor$Worker.run(ThreadPoolExecutor.java:624)
	at java.lang.Thread.run(Thread.java:748)
2019-09-11 19:01:14,311 [java.util.concurrent.ThreadPoolExecutor$Worker@20491363[State = -1, empty queue]] WARN  server.GrpcLogAppender (GrpcLogAppender.java:timeoutAppendRequest(200)) - 317be899-a5e7-4874-8b34-173a53939308@group-0BBEB04936B1->b0d4f042-2fdd-43c4-bade-ce7ad6576109-GrpcLogAppender: appendEntries Timeout, request=317be899-a5e7-4874-8b34-173a53939308->b0d4f042-2fdd-43c4-bade-ce7ad6576109#8-t1, previous=(t:1, i:6), leaderCommit=6, initializing? false, entries: size=1, first=(t:1, i:7), STATEMACHINELOGENTRY, client-AC8CE528086A, cid=42
2019-09-11 19:01:14,311 [java.util.concurrent.ThreadPoolExecutor$Worker@7266fed5[State = -1, empty queue]] WARN  server.GrpcLogAppender (GrpcLogAppender.java:timeoutAppendRequest(200)) - 317be899-a5e7-4874-8b34-173a53939308@group-0BBEB04936B1->d1e1b199-a92a-4c37-98e7-20a84e9cbec2-GrpcLogAppender: appendEntries Timeout, request=317be899-a5e7-4874-8b34-173a53939308->d1e1b199-a92a-4c37-98e7-20a84e9cbec2#8-t1, previous=(t:1, i:6), leaderCommit=6, initializing? false, entries: size=1, first=(t:1, i:7), STATEMACHINELOGENTRY, client-AC8CE528086A, cid=42
2019-09-11 19:01:14,311 [java.util.concurrent.ThreadPoolExecutor$Worker@20491363[State = -1, empty queue]] WARN  server.GrpcLogAppender (GrpcLogAppender.java:timeoutAppendRequest(200)) - 317be899-a5e7-4874-8b34-173a53939308@group-0BBEB04936B1->b0d4f042-2fdd-43c4-bade-ce7ad6576109-GrpcLogAppender: appendEntries Timeout, request=317be899-a5e7-4874-8b34-173a53939308->b0d4f042-2fdd-43c4-bade-ce7ad6576109#9-t1, previous=(t:1, i:7), leaderCommit=6, initializing? false, entries: size=1, first=(t:1, i:8), STATEMACHINELOGENTRY, client-AC8CE528086A, cid=43
2019-09-11 19:01:14,311 [java.util.concurrent.ThreadPoolExecutor$Worker@7266fed5[State = -1, empty queue]] WARN  server.GrpcLogAppender (GrpcLogAppender.java:timeoutAppendRequest(200)) - 317be899-a5e7-4874-8b34-173a53939308@group-0BBEB04936B1->d1e1b199-a92a-4c37-98e7-20a84e9cbec2-GrpcLogAppender: appendEntries Timeout, request=317be899-a5e7-4874-8b34-173a53939308->d1e1b199-a92a-4c37-98e7-20a84e9cbec2#9-t1, previous=(t:1, i:7), leaderCommit=6, initializing? false, entries: size=1, first=(t:1, i:8), STATEMACHINELOGENTRY, client-AC8CE528086A, cid=43
2019-09-11 19:01:14,312 [java.util.concurrent.ThreadPoolExecutor$Worker@20491363[State = -1, empty queue]] WARN  server.GrpcLogAppender (GrpcLogAppender.java:timeoutAppendRequest(200)) - 317be899-a5e7-4874-8b34-173a53939308@group-0BBEB04936B1->b0d4f042-2fdd-43c4-bade-ce7ad6576109-GrpcLogAppender: appendEntries Timeout, request=317be899-a5e7-4874-8b34-173a53939308->b0d4f042-2fdd-43c4-bade-ce7ad6576109#10-t1, previous=(t:1, i:8), leaderCommit=6, initializing? false, entries: size=1, first=(t:1, i:9), STATEMACHINELOGENTRY, client-AC8CE528086A, cid=44
2019-09-11 19:01:14,312 [java.util.concurrent.ThreadPoolExecutor$Worker@7266fed5[State = -1, empty queue]] WARN  server.GrpcLogAppender (GrpcLogAppender.java:timeoutAppendRequest(200)) - 317be899-a5e7-4874-8b34-173a53939308@group-0BBEB04936B1->d1e1b199-a92a-4c37-98e7-20a84e9cbec2-GrpcLogAppender: appendEntries Timeout, request=317be899-a5e7-4874-8b34-173a53939308->d1e1b199-a92a-4c37-98e7-20a84e9cbec2#10-t1, previous=(t:1, i:8), leaderCommit=6, initializing? false, entries: size=1, first=(t:1, i:9), STATEMACHINELOGENTRY, client-AC8CE528086A, cid=44
2019-09-11 19:01:14,313 [java.util.concurrent.ThreadPoolExecutor$Worker@20491363[State = -1, empty queue]] WARN  server.GrpcLogAppender (GrpcLogAppender.java:timeoutAppendRequest(200)) - 317be899-a5e7-4874-8b34-173a53939308@group-0BBEB04936B1->b0d4f042-2fdd-43c4-bade-ce7ad6576109-GrpcLogAppender: appendEntries Timeout, request=317be899-a5e7-4874-8b34-173a53939308->b0d4f042-2fdd-43c4-bade-ce7ad6576109#11-t1, previous=(t:1, i:9), leaderCommit=6, initializing? false, entries: size=1, first=(t:1, i:10), STATEMACHINELOGENTRY, client-AC8CE528086A, cid=45
2019-09-11 19:01:14,313 [java.util.concurrent.ThreadPoolExecutor$Worker@7266fed5[State = -1, empty queue]] WARN  server.GrpcLogAppender (GrpcLogAppender.java:timeoutAppendRequest(200)) - 317be899-a5e7-4874-8b34-173a53939308@group-0BBEB04936B1->d1e1b199-a92a-4c37-98e7-20a84e9cbec2-GrpcLogAppender: appendEntries Timeout, request=317be899-a5e7-4874-8b34-173a53939308->d1e1b199-a92a-4c37-98e7-20a84e9cbec2#11-t1, previous=(t:1, i:9), leaderCommit=6, initializing? false, entries: size=1, first=(t:1, i:10), STATEMACHINELOGENTRY, client-AC8CE528086A, cid=45
2019-09-11 19:01:14,314 [java.util.concurrent.ThreadPoolExecutor$Worker@20491363[State = -1, empty queue]] WARN  server.GrpcLogAppender (GrpcLogAppender.java:timeoutAppendRequest(200)) - 317be899-a5e7-4874-8b34-173a53939308@group-0BBEB04936B1->b0d4f042-2fdd-43c4-bade-ce7ad6576109-GrpcLogAppender: appendEntries Timeout, request=317be899-a5e7-4874-8b34-173a53939308->b0d4f042-2fdd-43c4-bade-ce7ad6576109#12-t1, previous=(t:1, i:10), leaderCommit=6, initializing? false, entries: size=1, first=(t:1, i:11), STATEMACHINELOGENTRY, client-AC8CE528086A, cid=46
2019-09-11 19:01:14,314 [java.util.concurrent.ThreadPoolExecutor$Worker@7266fed5[State = -1, empty queue]] WARN  server.GrpcLogAppender (GrpcLogAppender.java:timeoutAppendRequest(200)) - 317be899-a5e7-4874-8b34-173a53939308@group-0BBEB04936B1->d1e1b199-a92a-4c37-98e7-20a84e9cbec2-GrpcLogAppender: appendEntries Timeout, request=317be899-a5e7-4874-8b34-173a53939308->d1e1b199-a92a-4c37-98e7-20a84e9cbec2#12-t1, previous=(t:1, i:10), leaderCommit=6, initializing? false, entries: size=1, first=(t:1, i:11), STATEMACHINELOGENTRY, client-AC8CE528086A, cid=46
2019-09-11 19:01:14,314 [java.util.concurrent.ThreadPoolExecutor$Worker@20491363[State = -1, empty queue]] WARN  server.GrpcLogAppender (GrpcLogAppender.java:timeoutAppendRequest(200)) - 317be899-a5e7-4874-8b34-173a53939308@group-0BBEB04936B1->b0d4f042-2fdd-43c4-bade-ce7ad6576109-GrpcLogAppender: appendEntries Timeout, request=317be899-a5e7-4874-8b34-173a53939308->b0d4f042-2fdd-43c4-bade-ce7ad6576109#13-t1, previous=(t:1, i:11), leaderCommit=6, initializing? false, entries: size=1, first=(t:1, i:12), STATEMACHINELOGENTRY, client-AC8CE528086A, cid=47
2019-09-11 19:01:14,314 [java.util.concurrent.ThreadPoolExecutor$Worker@7266fed5[State = -1, empty queue]] WARN  server.GrpcLogAppender (GrpcLogAppender.java:timeoutAppendRequest(200)) - 317be899-a5e7-4874-8b34-173a53939308@group-0BBEB04936B1->d1e1b199-a92a-4c37-98e7-20a84e9cbec2-GrpcLogAppender: appendEntries Timeout, request=317be899-a5e7-4874-8b34-173a53939308->d1e1b199-a92a-4c37-98e7-20a84e9cbec2#13-t1, previous=(t:1, i:11), leaderCommit=6, initializing? false, entries: size=1, first=(t:1, i:12), STATEMACHINELOGENTRY, client-AC8CE528086A, cid=47
2019-09-11 19:01:15,745 [grpc-default-executor-8] INFO  impl.RaftServerProxy (RaftServerProxy.java:remove(95)) - d1e1b199-a92a-4c37-98e7-20a84e9cbec2: remove group-F8300EFDFC05:null
2019-09-11 19:01:15,753 [RatisPipelineUtilsThread] WARN  pipeline.RatisPipelineUtils (RatisPipelineUtils.java:destroyPipeline(66)) - Pipeline destroy failed for pipeline=PipelineID=2252eb15-1dec-4d2d-99c8-f8300efdfc05 dn=d1e1b199-a92a-4c37-98e7-20a84e9cbec2{ip: 192.168.5.143, host: pr-hdds-1786-trunk-xjsf7-3704618034, networkLocation: /default-rack, certSerialId: null}
2019-09-11 19:01:15,758 [grpc-default-executor-8] INFO  impl.RaftServerProxy (RaftServerProxy.java:remove(95)) - 317be899-a5e7-4874-8b34-173a53939308: remove group-F8300EFDFC05:null
2019-09-11 19:01:15,764 [RatisPipelineUtilsThread] WARN  pipeline.RatisPipelineUtils (RatisPipelineUtils.java:destroyPipeline(66)) - Pipeline destroy failed for pipeline=PipelineID=2252eb15-1dec-4d2d-99c8-f8300efdfc05 dn=317be899-a5e7-4874-8b34-173a53939308{ip: 192.168.5.143, host: pr-hdds-1786-trunk-xjsf7-3704618034, networkLocation: /default-rack, certSerialId: null}
2019-09-11 19:01:15,779 [grpc-default-executor-8] INFO  impl.RaftServerProxy (RaftServerProxy.java:remove(95)) - b0d4f042-2fdd-43c4-bade-ce7ad6576109: remove group-F8300EFDFC05:null
2019-09-11 19:01:15,784 [RatisPipelineUtilsThread] WARN  pipeline.RatisPipelineUtils (RatisPipelineUtils.java:destroyPipeline(66)) - Pipeline destroy failed for pipeline=PipelineID=2252eb15-1dec-4d2d-99c8-f8300efdfc05 dn=b0d4f042-2fdd-43c4-bade-ce7ad6576109{ip: 192.168.5.143, host: pr-hdds-1786-trunk-xjsf7-3704618034, networkLocation: /default-rack, certSerialId: null}
2019-09-11 19:01:15,785 [RatisPipelineUtilsThread] ERROR pipeline.SCMPipelineManager (Scheduler.java:lambda$schedule$1(70)) - Destroy pipeline failed for pipeline:Pipeline[ Id: 2252eb15-1dec-4d2d-99c8-f8300efdfc05, Nodes: d1e1b199-a92a-4c37-98e7-20a84e9cbec2{ip: 192.168.5.143, host: pr-hdds-1786-trunk-xjsf7-3704618034, networkLocation: /default-rack, certSerialId: null}317be899-a5e7-4874-8b34-173a53939308{ip: 192.168.5.143, host: pr-hdds-1786-trunk-xjsf7-3704618034, networkLocation: /default-rack, certSerialId: null}b0d4f042-2fdd-43c4-bade-ce7ad6576109{ip: 192.168.5.143, host: pr-hdds-1786-trunk-xjsf7-3704618034, networkLocation: /default-rack, certSerialId: null}, Type:RATIS, Factor:THREE, State:CLOSED]
org.apache.hadoop.hdds.scm.pipeline.PipelineNotFoundException: PipelineID=2252eb15-1dec-4d2d-99c8-f8300efdfc05 not found
	at org.apache.hadoop.hdds.scm.pipeline.PipelineStateMap.getPipeline(PipelineStateMap.java:132)
	at org.apache.hadoop.hdds.scm.pipeline.PipelineStateMap.removePipeline(PipelineStateMap.java:322)
	at org.apache.hadoop.hdds.scm.pipeline.PipelineStateManager.removePipeline(PipelineStateManager.java:107)
	at org.apache.hadoop.hdds.scm.pipeline.SCMPipelineManager.removePipeline(SCMPipelineManager.java:423)
	at org.apache.hadoop.hdds.scm.pipeline.SCMPipelineManager.destroyPipeline(SCMPipelineManager.java:409)
	at org.apache.hadoop.hdds.scm.pipeline.SCMPipelineManager.lambda$finalizeAndDestroyPipeline$0(SCMPipelineManager.java:318)
	at org.apache.hadoop.utils.Scheduler.lambda$schedule$1(Scheduler.java:68)
	at java.util.concurrent.Executors$RunnableAdapter.call(Executors.java:511)
	at java.util.concurrent.FutureTask.run(FutureTask.java:266)
	at java.util.concurrent.ScheduledThreadPoolExecutor$ScheduledFutureTask.access$201(ScheduledThreadPoolExecutor.java:180)
	at java.util.concurrent.ScheduledThreadPoolExecutor$ScheduledFutureTask.run(ScheduledThreadPoolExecutor.java:293)
	at java.util.concurrent.ThreadPoolExecutor.runWorker(ThreadPoolExecutor.java:1149)
	at java.util.concurrent.ThreadPoolExecutor$Worker.run(ThreadPoolExecutor.java:624)
	at java.lang.Thread.run(Thread.java:748)
2019-09-11 19:01:16,336 [grpc-default-executor-5] INFO  client.GrpcClientProtocolClient (GrpcClientProtocolClient.java:onNext(264)) - client-AC8CE528086A->b0d4f042-2fdd-43c4-bade-ce7ad6576109: receive RaftClientReply:client-AC8CE528086A->b0d4f042-2fdd-43c4-bade-ce7ad6576109@group-0BBEB04936B1, cid=42, FAILED org.apache.ratis.protocol.NotLeaderException: Server b0d4f042-2fdd-43c4-bade-ce7ad6576109@group-0BBEB04936B1 is not the leader 317be899-a5e7-4874-8b34-173a53939308:192.168.5.143:42053, logIndex=0, commits[b0d4f042-2fdd-43c4-bade-ce7ad6576109:c6, 317be899-a5e7-4874-8b34-173a53939308:c6, d1e1b199-a92a-4c37-98e7-20a84e9cbec2:c4]
2019-09-11 19:01:16,814 [java.util.concurrent.ThreadPoolExecutor$Worker@20491363[State = -1, empty queue]] WARN  server.GrpcLogAppender (GrpcLogAppender.java:timeoutAppendRequest(200)) - 317be899-a5e7-4874-8b34-173a53939308@group-0BBEB04936B1->b0d4f042-2fdd-43c4-bade-ce7ad6576109-GrpcLogAppender: appendEntries Timeout, request=317be899-a5e7-4874-8b34-173a53939308->b0d4f042-2fdd-43c4-bade-ce7ad6576109#14-t1, previous=(t:1, i:12), leaderCommit=6, initializing? false, entries: <empty>
2019-09-11 19:01:16,815 [java.util.concurrent.ThreadPoolExecutor$Worker@7266fed5[State = -1, empty queue]] WARN  server.GrpcLogAppender (GrpcLogAppender.java:timeoutAppendRequest(200)) - 317be899-a5e7-4874-8b34-173a53939308@group-0BBEB04936B1->d1e1b199-a92a-4c37-98e7-20a84e9cbec2-GrpcLogAppender: appendEntries Timeout, request=317be899-a5e7-4874-8b34-173a53939308->d1e1b199-a92a-4c37-98e7-20a84e9cbec2#14-t1, previous=(t:1, i:12), leaderCommit=6, initializing? false, entries: <empty>
2019-09-11 19:01:18,740 [grpc-default-executor-8] INFO  impl.RaftServerProxy (RaftServerProxy.java:remove(95)) - d1e1b199-a92a-4c37-98e7-20a84e9cbec2: remove group-F8300EFDFC05:null
2019-09-11 19:01:18,754 [RatisPipelineUtilsThread] WARN  pipeline.RatisPipelineUtils (RatisPipelineUtils.java:destroyPipeline(66)) - Pipeline destroy failed for pipeline=PipelineID=2252eb15-1dec-4d2d-99c8-f8300efdfc05 dn=d1e1b199-a92a-4c37-98e7-20a84e9cbec2{ip: 192.168.5.143, host: pr-hdds-1786-trunk-xjsf7-3704618034, networkLocation: /default-rack, certSerialId: null}
2019-09-11 19:01:18,759 [grpc-default-executor-8] INFO  impl.RaftServerProxy (RaftServerProxy.java:remove(95)) - 317be899-a5e7-4874-8b34-173a53939308: remove group-F8300EFDFC05:null
2019-09-11 19:01:18,764 [RatisPipelineUtilsThread] WARN  pipeline.RatisPipelineUtils (RatisPipelineUtils.java:destroyPipeline(66)) - Pipeline destroy failed for pipeline=PipelineID=2252eb15-1dec-4d2d-99c8-f8300efdfc05 dn=317be899-a5e7-4874-8b34-173a53939308{ip: 192.168.5.143, host: pr-hdds-1786-trunk-xjsf7-3704618034, networkLocation: /default-rack, certSerialId: null}
2019-09-11 19:01:18,768 [grpc-default-executor-8] INFO  impl.RaftServerProxy (RaftServerProxy.java:remove(95)) - b0d4f042-2fdd-43c4-bade-ce7ad6576109: remove group-F8300EFDFC05:null
2019-09-11 19:01:18,777 [RatisPipelineUtilsThread] WARN  pipeline.RatisPipelineUtils (RatisPipelineUtils.java:destroyPipeline(66)) - Pipeline destroy failed for pipeline=PipelineID=2252eb15-1dec-4d2d-99c8-f8300efdfc05 dn=b0d4f042-2fdd-43c4-bade-ce7ad6576109{ip: 192.168.5.143, host: pr-hdds-1786-trunk-xjsf7-3704618034, networkLocation: /default-rack, certSerialId: null}
2019-09-11 19:01:18,777 [RatisPipelineUtilsThread] ERROR pipeline.SCMPipelineManager (Scheduler.java:lambda$schedule$1(70)) - Destroy pipeline failed for pipeline:Pipeline[ Id: 2252eb15-1dec-4d2d-99c8-f8300efdfc05, Nodes: d1e1b199-a92a-4c37-98e7-20a84e9cbec2{ip: 192.168.5.143, host: pr-hdds-1786-trunk-xjsf7-3704618034, networkLocation: /default-rack, certSerialId: null}317be899-a5e7-4874-8b34-173a53939308{ip: 192.168.5.143, host: pr-hdds-1786-trunk-xjsf7-3704618034, networkLocation: /default-rack, certSerialId: null}b0d4f042-2fdd-43c4-bade-ce7ad6576109{ip: 192.168.5.143, host: pr-hdds-1786-trunk-xjsf7-3704618034, networkLocation: /default-rack, certSerialId: null}, Type:RATIS, Factor:THREE, State:CLOSED]
org.apache.hadoop.hdds.scm.pipeline.PipelineNotFoundException: PipelineID=2252eb15-1dec-4d2d-99c8-f8300efdfc05 not found
	at org.apache.hadoop.hdds.scm.pipeline.PipelineStateMap.getPipeline(PipelineStateMap.java:132)
	at org.apache.hadoop.hdds.scm.pipeline.PipelineStateMap.removePipeline(PipelineStateMap.java:322)
	at org.apache.hadoop.hdds.scm.pipeline.PipelineStateManager.removePipeline(PipelineStateManager.java:107)
	at org.apache.hadoop.hdds.scm.pipeline.SCMPipelineManager.removePipeline(SCMPipelineManager.java:423)
	at org.apache.hadoop.hdds.scm.pipeline.SCMPipelineManager.destroyPipeline(SCMPipelineManager.java:409)
	at org.apache.hadoop.hdds.scm.pipeline.SCMPipelineManager.lambda$finalizeAndDestroyPipeline$0(SCMPipelineManager.java:318)
	at org.apache.hadoop.utils.Scheduler.lambda$schedule$1(Scheduler.java:68)
	at java.util.concurrent.Executors$RunnableAdapter.call(Executors.java:511)
	at java.util.concurrent.FutureTask.run(FutureTask.java:266)
	at java.util.concurrent.ScheduledThreadPoolExecutor$ScheduledFutureTask.access$201(ScheduledThreadPoolExecutor.java:180)
	at java.util.concurrent.ScheduledThreadPoolExecutor$ScheduledFutureTask.run(ScheduledThreadPoolExecutor.java:293)
	at java.util.concurrent.ThreadPoolExecutor.runWorker(ThreadPoolExecutor.java:1149)
	at java.util.concurrent.ThreadPoolExecutor$Worker.run(ThreadPoolExecutor.java:624)
	at java.lang.Thread.run(Thread.java:748)
2019-09-11 19:01:19,315 [java.util.concurrent.ThreadPoolExecutor$Worker@20491363[State = -1, empty queue]] WARN  server.GrpcLogAppender (GrpcLogAppender.java:timeoutAppendRequest(200)) - 317be899-a5e7-4874-8b34-173a53939308@group-0BBEB04936B1->b0d4f042-2fdd-43c4-bade-ce7ad6576109-GrpcLogAppender: appendEntries Timeout, request=317be899-a5e7-4874-8b34-173a53939308->b0d4f042-2fdd-43c4-bade-ce7ad6576109#15-t1, previous=(t:1, i:12), leaderCommit=6, initializing? false, entries: <empty>
2019-09-11 19:01:19,315 [java.util.concurrent.ThreadPoolExecutor$Worker@7266fed5[State = -1, empty queue]] WARN  server.GrpcLogAppender (GrpcLogAppender.java:timeoutAppendRequest(200)) - 317be899-a5e7-4874-8b34-173a53939308@group-0BBEB04936B1->d1e1b199-a92a-4c37-98e7-20a84e9cbec2-GrpcLogAppender: appendEntries Timeout, request=317be899-a5e7-4874-8b34-173a53939308->d1e1b199-a92a-4c37-98e7-20a84e9cbec2#15-t1, previous=(t:1, i:12), leaderCommit=6, initializing? false, entries: <empty>
2019-09-11 19:01:20,743 [grpc-default-executor-5] INFO  impl.RaftServerProxy (RaftServerProxy.java:remove(95)) - d1e1b199-a92a-4c37-98e7-20a84e9cbec2: remove group-F8300EFDFC05:null
2019-09-11 19:01:20,749 [RatisPipelineUtilsThread] WARN  pipeline.RatisPipelineUtils (RatisPipelineUtils.java:destroyPipeline(66)) - Pipeline destroy failed for pipeline=PipelineID=2252eb15-1dec-4d2d-99c8-f8300efdfc05 dn=d1e1b199-a92a-4c37-98e7-20a84e9cbec2{ip: 192.168.5.143, host: pr-hdds-1786-trunk-xjsf7-3704618034, networkLocation: /default-rack, certSerialId: null}
2019-09-11 19:01:20,759 [grpc-default-executor-5] INFO  impl.RaftServerProxy (RaftServerProxy.java:remove(95)) - 317be899-a5e7-4874-8b34-173a53939308: remove group-F8300EFDFC05:null
2019-09-11 19:01:20,765 [RatisPipelineUtilsThread] WARN  pipeline.RatisPipelineUtils (RatisPipelineUtils.java:destroyPipeline(66)) - Pipeline destroy failed for pipeline=PipelineID=2252eb15-1dec-4d2d-99c8-f8300efdfc05 dn=317be899-a5e7-4874-8b34-173a53939308{ip: 192.168.5.143, host: pr-hdds-1786-trunk-xjsf7-3704618034, networkLocation: /default-rack, certSerialId: null}
2019-09-11 19:01:20,769 [grpc-default-executor-5] INFO  impl.RaftServerProxy (RaftServerProxy.java:remove(95)) - b0d4f042-2fdd-43c4-bade-ce7ad6576109: remove group-F8300EFDFC05:null
2019-09-11 19:01:20,774 [RatisPipelineUtilsThread] WARN  pipeline.RatisPipelineUtils (RatisPipelineUtils.java:destroyPipeline(66)) - Pipeline destroy failed for pipeline=PipelineID=2252eb15-1dec-4d2d-99c8-f8300efdfc05 dn=b0d4f042-2fdd-43c4-bade-ce7ad6576109{ip: 192.168.5.143, host: pr-hdds-1786-trunk-xjsf7-3704618034, networkLocation: /default-rack, certSerialId: null}
2019-09-11 19:01:20,775 [RatisPipelineUtilsThread] ERROR pipeline.SCMPipelineManager (Scheduler.java:lambda$schedule$1(70)) - Destroy pipeline failed for pipeline:Pipeline[ Id: 2252eb15-1dec-4d2d-99c8-f8300efdfc05, Nodes: d1e1b199-a92a-4c37-98e7-20a84e9cbec2{ip: 192.168.5.143, host: pr-hdds-1786-trunk-xjsf7-3704618034, networkLocation: /default-rack, certSerialId: null}317be899-a5e7-4874-8b34-173a53939308{ip: 192.168.5.143, host: pr-hdds-1786-trunk-xjsf7-3704618034, networkLocation: /default-rack, certSerialId: null}b0d4f042-2fdd-43c4-bade-ce7ad6576109{ip: 192.168.5.143, host: pr-hdds-1786-trunk-xjsf7-3704618034, networkLocation: /default-rack, certSerialId: null}, Type:RATIS, Factor:THREE, State:CLOSED]
org.apache.hadoop.hdds.scm.pipeline.PipelineNotFoundException: PipelineID=2252eb15-1dec-4d2d-99c8-f8300efdfc05 not found
	at org.apache.hadoop.hdds.scm.pipeline.PipelineStateMap.getPipeline(PipelineStateMap.java:132)
	at org.apache.hadoop.hdds.scm.pipeline.PipelineStateMap.removePipeline(PipelineStateMap.java:322)
	at org.apache.hadoop.hdds.scm.pipeline.PipelineStateManager.removePipeline(PipelineStateManager.java:107)
	at org.apache.hadoop.hdds.scm.pipeline.SCMPipelineManager.removePipeline(SCMPipelineManager.java:423)
	at org.apache.hadoop.hdds.scm.pipeline.SCMPipelineManager.destroyPipeline(SCMPipelineManager.java:409)
	at org.apache.hadoop.hdds.scm.pipeline.SCMPipelineManager.lambda$finalizeAndDestroyPipeline$0(SCMPipelineManager.java:318)
	at org.apache.hadoop.utils.Scheduler.lambda$schedule$1(Scheduler.java:68)
	at java.util.concurrent.Executors$RunnableAdapter.call(Executors.java:511)
	at java.util.concurrent.FutureTask.run(FutureTask.java:266)
	at java.util.concurrent.ScheduledThreadPoolExecutor$ScheduledFutureTask.access$201(ScheduledThreadPoolExecutor.java:180)
	at java.util.concurrent.ScheduledThreadPoolExecutor$ScheduledFutureTask.run(ScheduledThreadPoolExecutor.java:293)
	at java.util.concurrent.ThreadPoolExecutor.runWorker(ThreadPoolExecutor.java:1149)
	at java.util.concurrent.ThreadPoolExecutor$Worker.run(ThreadPoolExecutor.java:624)
	at java.lang.Thread.run(Thread.java:748)
2019-09-11 19:01:21,310 [317be899-a5e7-4874-8b34-173a53939308@group-0BBEB04936B1-SegmentedRaftLogWorker] WARN  segmented.SegmentedRaftLogWorker (SegmentedRaftLogWorker.java:getFromFuture(90)) - Timeout 0/~
org.apache.ratis.protocol.TimeoutIOException: Timeout 10s: WriteLog:7: (t:1, i:7), STATEMACHINELOGENTRY, client-AC8CE528086A, cid=42-writeStateMachineData
	at org.apache.ratis.util.IOUtils.getFromFuture(IOUtils.java:87)
	at org.apache.ratis.server.raftlog.segmented.SegmentedRaftLogWorker$StateMachineDataPolicy.getFromFuture(SegmentedRaftLogWorker.java:87)
	at org.apache.ratis.server.raftlog.segmented.SegmentedRaftLogWorker$WriteLog.execute(SegmentedRaftLogWorker.java:477)
	at org.apache.ratis.server.raftlog.segmented.SegmentedRaftLogWorker.run(SegmentedRaftLogWorker.java:289)
	at java.lang.Thread.run(Thread.java:748)
Caused by: java.util.concurrent.TimeoutException
	at java.util.concurrent.CompletableFuture.timedGet(CompletableFuture.java:1771)
	at java.util.concurrent.CompletableFuture.get(CompletableFuture.java:1915)
	at org.apache.ratis.util.IOUtils.getFromFuture(IOUtils.java:79)
	... 4 more
2019-09-11 19:01:21,373 [grpc-default-executor-8] INFO  client.GrpcClientProtocolClient (GrpcClientProtocolClient.java:onNext(264)) - client-AC8CE528086A->d1e1b199-a92a-4c37-98e7-20a84e9cbec2: receive RaftClientReply:client-AC8CE528086A->d1e1b199-a92a-4c37-98e7-20a84e9cbec2@group-0BBEB04936B1, cid=42, FAILED org.apache.ratis.protocol.NotLeaderException: Server d1e1b199-a92a-4c37-98e7-20a84e9cbec2@group-0BBEB04936B1 is not the leader 317be899-a5e7-4874-8b34-173a53939308:192.168.5.143:42053, logIndex=0, commits[d1e1b199-a92a-4c37-98e7-20a84e9cbec2:c6, 317be899-a5e7-4874-8b34-173a53939308:c6, b0d4f042-2fdd-43c4-bade-ce7ad6576109:c4]
2019-09-11 19:01:21,485 [b0d4f042-2fdd-43c4-bade-ce7ad6576109@group-0BBEB04936B1-SegmentedRaftLogWorker] WARN  segmented.SegmentedRaftLogWorker (SegmentedRaftLogWorker.java:getFromFuture(90)) - Timeout 0/~
org.apache.ratis.protocol.TimeoutIOException: Timeout 10s: WriteLog:8: (t:1, i:8), STATEMACHINELOGENTRY, client-AC8CE528086A, cid=43-writeStateMachineData
	at org.apache.ratis.util.IOUtils.getFromFuture(IOUtils.java:87)
	at org.apache.ratis.server.raftlog.segmented.SegmentedRaftLogWorker$StateMachineDataPolicy.getFromFuture(SegmentedRaftLogWorker.java:87)
	at org.apache.ratis.server.raftlog.segmented.SegmentedRaftLogWorker$WriteLog.execute(SegmentedRaftLogWorker.java:477)
	at org.apache.ratis.server.raftlog.segmented.SegmentedRaftLogWorker.run(SegmentedRaftLogWorker.java:289)
	at java.lang.Thread.run(Thread.java:748)
Caused by: java.util.concurrent.TimeoutException
	at java.util.concurrent.CompletableFuture.timedGet(CompletableFuture.java:1771)
	at java.util.concurrent.CompletableFuture.get(CompletableFuture.java:1915)
	at org.apache.ratis.util.IOUtils.getFromFuture(IOUtils.java:79)
	... 4 more
2019-09-11 19:01:21,499 [d1e1b199-a92a-4c37-98e7-20a84e9cbec2@group-0BBEB04936B1-SegmentedRaftLogWorker] WARN  segmented.SegmentedRaftLogWorker (SegmentedRaftLogWorker.java:getFromFuture(90)) - Timeout 0/~
org.apache.ratis.protocol.TimeoutIOException: Timeout 10s: WriteLog:8: (t:1, i:8), STATEMACHINELOGENTRY, client-AC8CE528086A, cid=43-writeStateMachineData
	at org.apache.ratis.util.IOUtils.getFromFuture(IOUtils.java:87)
	at org.apache.ratis.server.raftlog.segmented.SegmentedRaftLogWorker$StateMachineDataPolicy.getFromFuture(SegmentedRaftLogWorker.java:87)
	at org.apache.ratis.server.raftlog.segmented.SegmentedRaftLogWorker$WriteLog.execute(SegmentedRaftLogWorker.java:477)
	at org.apache.ratis.server.raftlog.segmented.SegmentedRaftLogWorker.run(SegmentedRaftLogWorker.java:289)
	at java.lang.Thread.run(Thread.java:748)
Caused by: java.util.concurrent.TimeoutException
	at java.util.concurrent.CompletableFuture.timedGet(CompletableFuture.java:1771)
	at java.util.concurrent.CompletableFuture.get(CompletableFuture.java:1915)
	at org.apache.ratis.util.IOUtils.getFromFuture(IOUtils.java:79)
	... 4 more
2019-09-11 19:01:21,815 [java.util.concurrent.ThreadPoolExecutor$Worker@7266fed5[State = -1, empty queue]] WARN  server.GrpcLogAppender (GrpcLogAppender.java:timeoutAppendRequest(200)) - 317be899-a5e7-4874-8b34-173a53939308@group-0BBEB04936B1->d1e1b199-a92a-4c37-98e7-20a84e9cbec2-GrpcLogAppender: appendEntries Timeout, request=317be899-a5e7-4874-8b34-173a53939308->d1e1b199-a92a-4c37-98e7-20a84e9cbec2#16-t1, previous=(t:1, i:12), leaderCommit=6, initializing? false, entries: <empty>
2019-09-11 19:01:21,815 [java.util.concurrent.ThreadPoolExecutor$Worker@20491363[State = -1, empty queue]] WARN  server.GrpcLogAppender (GrpcLogAppender.java:timeoutAppendRequest(200)) - 317be899-a5e7-4874-8b34-173a53939308@group-0BBEB04936B1->b0d4f042-2fdd-43c4-bade-ce7ad6576109-GrpcLogAppender: appendEntries Timeout, request=317be899-a5e7-4874-8b34-173a53939308->b0d4f042-2fdd-43c4-bade-ce7ad6576109#16-t1, previous=(t:1, i:12), leaderCommit=6, initializing? false, entries: <empty>
2019-09-11 19:01:23,739 [grpc-default-executor-8] INFO  impl.RaftServerProxy (RaftServerProxy.java:remove(95)) - d1e1b199-a92a-4c37-98e7-20a84e9cbec2: remove group-F8300EFDFC05:null
2019-09-11 19:01:23,745 [RatisPipelineUtilsThread] WARN  pipeline.RatisPipelineUtils (RatisPipelineUtils.java:destroyPipeline(66)) - Pipeline destroy failed for pipeline=PipelineID=2252eb15-1dec-4d2d-99c8-f8300efdfc05 dn=d1e1b199-a92a-4c37-98e7-20a84e9cbec2{ip: 192.168.5.143, host: pr-hdds-1786-trunk-xjsf7-3704618034, networkLocation: /default-rack, certSerialId: null}
2019-09-11 19:01:23,749 [grpc-default-executor-8] INFO  impl.RaftServerProxy (RaftServerProxy.java:remove(95)) - 317be899-a5e7-4874-8b34-173a53939308: remove group-F8300EFDFC05:null
2019-09-11 19:01:23,754 [RatisPipelineUtilsThread] WARN  pipeline.RatisPipelineUtils (RatisPipelineUtils.java:destroyPipeline(66)) - Pipeline destroy failed for pipeline=PipelineID=2252eb15-1dec-4d2d-99c8-f8300efdfc05 dn=317be899-a5e7-4874-8b34-173a53939308{ip: 192.168.5.143, host: pr-hdds-1786-trunk-xjsf7-3704618034, networkLocation: /default-rack, certSerialId: null}
2019-09-11 19:01:23,757 [grpc-default-executor-8] INFO  impl.RaftServerProxy (RaftServerProxy.java:remove(95)) - b0d4f042-2fdd-43c4-bade-ce7ad6576109: remove group-F8300EFDFC05:null
2019-09-11 19:01:23,763 [RatisPipelineUtilsThread] WARN  pipeline.RatisPipelineUtils (RatisPipelineUtils.java:destroyPipeline(66)) - Pipeline destroy failed for pipeline=PipelineID=2252eb15-1dec-4d2d-99c8-f8300efdfc05 dn=b0d4f042-2fdd-43c4-bade-ce7ad6576109{ip: 192.168.5.143, host: pr-hdds-1786-trunk-xjsf7-3704618034, networkLocation: /default-rack, certSerialId: null}
2019-09-11 19:01:23,763 [RatisPipelineUtilsThread] ERROR pipeline.SCMPipelineManager (Scheduler.java:lambda$schedule$1(70)) - Destroy pipeline failed for pipeline:Pipeline[ Id: 2252eb15-1dec-4d2d-99c8-f8300efdfc05, Nodes: d1e1b199-a92a-4c37-98e7-20a84e9cbec2{ip: 192.168.5.143, host: pr-hdds-1786-trunk-xjsf7-3704618034, networkLocation: /default-rack, certSerialId: null}317be899-a5e7-4874-8b34-173a53939308{ip: 192.168.5.143, host: pr-hdds-1786-trunk-xjsf7-3704618034, networkLocation: /default-rack, certSerialId: null}b0d4f042-2fdd-43c4-bade-ce7ad6576109{ip: 192.168.5.143, host: pr-hdds-1786-trunk-xjsf7-3704618034, networkLocation: /default-rack, certSerialId: null}, Type:RATIS, Factor:THREE, State:CLOSED]
org.apache.hadoop.hdds.scm.pipeline.PipelineNotFoundException: PipelineID=2252eb15-1dec-4d2d-99c8-f8300efdfc05 not found
	at org.apache.hadoop.hdds.scm.pipeline.PipelineStateMap.getPipeline(PipelineStateMap.java:132)
	at org.apache.hadoop.hdds.scm.pipeline.PipelineStateMap.removePipeline(PipelineStateMap.java:322)
	at org.apache.hadoop.hdds.scm.pipeline.PipelineStateManager.removePipeline(PipelineStateManager.java:107)
	at org.apache.hadoop.hdds.scm.pipeline.SCMPipelineManager.removePipeline(SCMPipelineManager.java:423)
	at org.apache.hadoop.hdds.scm.pipeline.SCMPipelineManager.destroyPipeline(SCMPipelineManager.java:409)
	at org.apache.hadoop.hdds.scm.pipeline.SCMPipelineManager.lambda$finalizeAndDestroyPipeline$0(SCMPipelineManager.java:318)
	at org.apache.hadoop.utils.Scheduler.lambda$schedule$1(Scheduler.java:68)
	at java.util.concurrent.Executors$RunnableAdapter.call(Executors.java:511)
	at java.util.concurrent.FutureTask.run(FutureTask.java:266)
	at java.util.concurrent.ScheduledThreadPoolExecutor$ScheduledFutureTask.access$201(ScheduledThreadPoolExecutor.java:180)
	at java.util.concurrent.ScheduledThreadPoolExecutor$ScheduledFutureTask.run(ScheduledThreadPoolExecutor.java:293)
	at java.util.concurrent.ThreadPoolExecutor.runWorker(ThreadPoolExecutor.java:1149)
	at java.util.concurrent.ThreadPoolExecutor$Worker.run(ThreadPoolExecutor.java:624)
	at java.lang.Thread.run(Thread.java:748)
2019-09-11 19:01:24,316 [java.util.concurrent.ThreadPoolExecutor$Worker@7266fed5[State = -1, empty queue]] WARN  server.GrpcLogAppender (GrpcLogAppender.java:timeoutAppendRequest(200)) - 317be899-a5e7-4874-8b34-173a53939308@group-0BBEB04936B1->d1e1b199-a92a-4c37-98e7-20a84e9cbec2-GrpcLogAppender: appendEntries Timeout, request=317be899-a5e7-4874-8b34-173a53939308->d1e1b199-a92a-4c37-98e7-20a84e9cbec2#17-t1, previous=(t:1, i:12), leaderCommit=6, initializing? false, entries: <empty>
2019-09-11 19:01:24,316 [java.util.concurrent.ThreadPoolExecutor$Worker@20491363[State = -1, empty queue]] WARN  server.GrpcLogAppender (GrpcLogAppender.java:timeoutAppendRequest(200)) - 317be899-a5e7-4874-8b34-173a53939308@group-0BBEB04936B1->b0d4f042-2fdd-43c4-bade-ce7ad6576109-GrpcLogAppender: appendEntries Timeout, request=317be899-a5e7-4874-8b34-173a53939308->b0d4f042-2fdd-43c4-bade-ce7ad6576109#17-t1, previous=(t:1, i:12), leaderCommit=6, initializing? false, entries: <empty>
2019-09-11 19:01:25,740 [grpc-default-executor-8] INFO  impl.RaftServerProxy (RaftServerProxy.java:remove(95)) - d1e1b199-a92a-4c37-98e7-20a84e9cbec2: remove group-F8300EFDFC05:null
2019-09-11 19:01:25,746 [RatisPipelineUtilsThread] WARN  pipeline.RatisPipelineUtils (RatisPipelineUtils.java:destroyPipeline(66)) - Pipeline destroy failed for pipeline=PipelineID=2252eb15-1dec-4d2d-99c8-f8300efdfc05 dn=d1e1b199-a92a-4c37-98e7-20a84e9cbec2{ip: 192.168.5.143, host: pr-hdds-1786-trunk-xjsf7-3704618034, networkLocation: /default-rack, certSerialId: null}
2019-09-11 19:01:25,750 [grpc-default-executor-8] INFO  impl.RaftServerProxy (RaftServerProxy.java:remove(95)) - 317be899-a5e7-4874-8b34-173a53939308: remove group-F8300EFDFC05:null
2019-09-11 19:01:25,755 [RatisPipelineUtilsThread] WARN  pipeline.RatisPipelineUtils (RatisPipelineUtils.java:destroyPipeline(66)) - Pipeline destroy failed for pipeline=PipelineID=2252eb15-1dec-4d2d-99c8-f8300efdfc05 dn=317be899-a5e7-4874-8b34-173a53939308{ip: 192.168.5.143, host: pr-hdds-1786-trunk-xjsf7-3704618034, networkLocation: /default-rack, certSerialId: null}
2019-09-11 19:01:25,759 [grpc-default-executor-8] INFO  impl.RaftServerProxy (RaftServerProxy.java:remove(95)) - b0d4f042-2fdd-43c4-bade-ce7ad6576109: remove group-F8300EFDFC05:null
2019-09-11 19:01:25,765 [RatisPipelineUtilsThread] WARN  pipeline.RatisPipelineUtils (RatisPipelineUtils.java:destroyPipeline(66)) - Pipeline destroy failed for pipeline=PipelineID=2252eb15-1dec-4d2d-99c8-f8300efdfc05 dn=b0d4f042-2fdd-43c4-bade-ce7ad6576109{ip: 192.168.5.143, host: pr-hdds-1786-trunk-xjsf7-3704618034, networkLocation: /default-rack, certSerialId: null}
2019-09-11 19:01:25,765 [RatisPipelineUtilsThread] ERROR pipeline.SCMPipelineManager (Scheduler.java:lambda$schedule$1(70)) - Destroy pipeline failed for pipeline:Pipeline[ Id: 2252eb15-1dec-4d2d-99c8-f8300efdfc05, Nodes: d1e1b199-a92a-4c37-98e7-20a84e9cbec2{ip: 192.168.5.143, host: pr-hdds-1786-trunk-xjsf7-3704618034, networkLocation: /default-rack, certSerialId: null}317be899-a5e7-4874-8b34-173a53939308{ip: 192.168.5.143, host: pr-hdds-1786-trunk-xjsf7-3704618034, networkLocation: /default-rack, certSerialId: null}b0d4f042-2fdd-43c4-bade-ce7ad6576109{ip: 192.168.5.143, host: pr-hdds-1786-trunk-xjsf7-3704618034, networkLocation: /default-rack, certSerialId: null}, Type:RATIS, Factor:THREE, State:CLOSED]
org.apache.hadoop.hdds.scm.pipeline.PipelineNotFoundException: PipelineID=2252eb15-1dec-4d2d-99c8-f8300efdfc05 not found
	at org.apache.hadoop.hdds.scm.pipeline.PipelineStateMap.getPipeline(PipelineStateMap.java:132)
	at org.apache.hadoop.hdds.scm.pipeline.PipelineStateMap.removePipeline(PipelineStateMap.java:322)
	at org.apache.hadoop.hdds.scm.pipeline.PipelineStateManager.removePipeline(PipelineStateManager.java:107)
	at org.apache.hadoop.hdds.scm.pipeline.SCMPipelineManager.removePipeline(SCMPipelineManager.java:423)
	at org.apache.hadoop.hdds.scm.pipeline.SCMPipelineManager.destroyPipeline(SCMPipelineManager.java:409)
	at org.apache.hadoop.hdds.scm.pipeline.SCMPipelineManager.lambda$finalizeAndDestroyPipeline$0(SCMPipelineManager.java:318)
	at org.apache.hadoop.utils.Scheduler.lambda$schedule$1(Scheduler.java:68)
	at java.util.concurrent.Executors$RunnableAdapter.call(Executors.java:511)
	at java.util.concurrent.FutureTask.run(FutureTask.java:266)
	at java.util.concurrent.ScheduledThreadPoolExecutor$ScheduledFutureTask.access$201(ScheduledThreadPoolExecutor.java:180)
	at java.util.concurrent.ScheduledThreadPoolExecutor$ScheduledFutureTask.run(ScheduledThreadPoolExecutor.java:293)
	at java.util.concurrent.ThreadPoolExecutor.runWorker(ThreadPoolExecutor.java:1149)
	at java.util.concurrent.ThreadPoolExecutor$Worker.run(ThreadPoolExecutor.java:624)
	at java.lang.Thread.run(Thread.java:748)
2019-09-11 19:01:26,422 [grpc-default-executor-8] INFO  client.GrpcClientProtocolClient (GrpcClientProtocolClient.java:onNext(264)) - client-AC8CE528086A->b0d4f042-2fdd-43c4-bade-ce7ad6576109: receive RaftClientReply:client-AC8CE528086A->b0d4f042-2fdd-43c4-bade-ce7ad6576109@group-0BBEB04936B1, cid=42, FAILED org.apache.ratis.protocol.NotLeaderException: Server b0d4f042-2fdd-43c4-bade-ce7ad6576109@group-0BBEB04936B1 is not the leader 317be899-a5e7-4874-8b34-173a53939308:192.168.5.143:42053, logIndex=0, commits[b0d4f042-2fdd-43c4-bade-ce7ad6576109:c6, 317be899-a5e7-4874-8b34-173a53939308:c6, d1e1b199-a92a-4c37-98e7-20a84e9cbec2:c4]
2019-09-11 19:01:26,816 [java.util.concurrent.ThreadPoolExecutor$Worker@7266fed5[State = -1, empty queue]] WARN  server.GrpcLogAppender (GrpcLogAppender.java:timeoutAppendRequest(200)) - 317be899-a5e7-4874-8b34-173a53939308@group-0BBEB04936B1->d1e1b199-a92a-4c37-98e7-20a84e9cbec2-GrpcLogAppender: appendEntries Timeout, request=317be899-a5e7-4874-8b34-173a53939308->d1e1b199-a92a-4c37-98e7-20a84e9cbec2#18-t1, previous=(t:1, i:12), leaderCommit=6, initializing? false, entries: <empty>
2019-09-11 19:01:26,816 [java.util.concurrent.ThreadPoolExecutor$Worker@20491363[State = -1, empty queue]] WARN  server.GrpcLogAppender (GrpcLogAppender.java:timeoutAppendRequest(200)) - 317be899-a5e7-4874-8b34-173a53939308@group-0BBEB04936B1->b0d4f042-2fdd-43c4-bade-ce7ad6576109-GrpcLogAppender: appendEntries Timeout, request=317be899-a5e7-4874-8b34-173a53939308->b0d4f042-2fdd-43c4-bade-ce7ad6576109#18-t1, previous=(t:1, i:12), leaderCommit=6, initializing? false, entries: <empty>
2019-09-11 19:01:28,748 [grpc-default-executor-8] INFO  impl.RaftServerProxy (RaftServerProxy.java:remove(95)) - d1e1b199-a92a-4c37-98e7-20a84e9cbec2: remove group-F8300EFDFC05:null
2019-09-11 19:01:28,762 [RatisPipelineUtilsThread] WARN  pipeline.RatisPipelineUtils (RatisPipelineUtils.java:destroyPipeline(66)) - Pipeline destroy failed for pipeline=PipelineID=2252eb15-1dec-4d2d-99c8-f8300efdfc05 dn=d1e1b199-a92a-4c37-98e7-20a84e9cbec2{ip: 192.168.5.143, host: pr-hdds-1786-trunk-xjsf7-3704618034, networkLocation: /default-rack, certSerialId: null}
2019-09-11 19:01:28,766 [grpc-default-executor-8] INFO  impl.RaftServerProxy (RaftServerProxy.java:remove(95)) - 317be899-a5e7-4874-8b34-173a53939308: remove group-F8300EFDFC05:null
2019-09-11 19:01:28,771 [RatisPipelineUtilsThread] WARN  pipeline.RatisPipelineUtils (RatisPipelineUtils.java:destroyPipeline(66)) - Pipeline destroy failed for pipeline=PipelineID=2252eb15-1dec-4d2d-99c8-f8300efdfc05 dn=317be899-a5e7-4874-8b34-173a53939308{ip: 192.168.5.143, host: pr-hdds-1786-trunk-xjsf7-3704618034, networkLocation: /default-rack, certSerialId: null}
2019-09-11 19:01:28,774 [grpc-default-executor-8] INFO  impl.RaftServerProxy (RaftServerProxy.java:remove(95)) - b0d4f042-2fdd-43c4-bade-ce7ad6576109: remove group-F8300EFDFC05:null
2019-09-11 19:01:28,780 [RatisPipelineUtilsThread] WARN  pipeline.RatisPipelineUtils (RatisPipelineUtils.java:destroyPipeline(66)) - Pipeline destroy failed for pipeline=PipelineID=2252eb15-1dec-4d2d-99c8-f8300efdfc05 dn=b0d4f042-2fdd-43c4-bade-ce7ad6576109{ip: 192.168.5.143, host: pr-hdds-1786-trunk-xjsf7-3704618034, networkLocation: /default-rack, certSerialId: null}
2019-09-11 19:01:28,781 [RatisPipelineUtilsThread] ERROR pipeline.SCMPipelineManager (Scheduler.java:lambda$schedule$1(70)) - Destroy pipeline failed for pipeline:Pipeline[ Id: 2252eb15-1dec-4d2d-99c8-f8300efdfc05, Nodes: d1e1b199-a92a-4c37-98e7-20a84e9cbec2{ip: 192.168.5.143, host: pr-hdds-1786-trunk-xjsf7-3704618034, networkLocation: /default-rack, certSerialId: null}317be899-a5e7-4874-8b34-173a53939308{ip: 192.168.5.143, host: pr-hdds-1786-trunk-xjsf7-3704618034, networkLocation: /default-rack, certSerialId: null}b0d4f042-2fdd-43c4-bade-ce7ad6576109{ip: 192.168.5.143, host: pr-hdds-1786-trunk-xjsf7-3704618034, networkLocation: /default-rack, certSerialId: null}, Type:RATIS, Factor:THREE, State:CLOSED]
org.apache.hadoop.hdds.scm.pipeline.PipelineNotFoundException: PipelineID=2252eb15-1dec-4d2d-99c8-f8300efdfc05 not found
	at org.apache.hadoop.hdds.scm.pipeline.PipelineStateMap.getPipeline(PipelineStateMap.java:132)
	at org.apache.hadoop.hdds.scm.pipeline.PipelineStateMap.removePipeline(PipelineStateMap.java:322)
	at org.apache.hadoop.hdds.scm.pipeline.PipelineStateManager.removePipeline(PipelineStateManager.java:107)
	at org.apache.hadoop.hdds.scm.pipeline.SCMPipelineManager.removePipeline(SCMPipelineManager.java:423)
	at org.apache.hadoop.hdds.scm.pipeline.SCMPipelineManager.destroyPipeline(SCMPipelineManager.java:409)
	at org.apache.hadoop.hdds.scm.pipeline.SCMPipelineManager.lambda$finalizeAndDestroyPipeline$0(SCMPipelineManager.java:318)
	at org.apache.hadoop.utils.Scheduler.lambda$schedule$1(Scheduler.java:68)
	at java.util.concurrent.Executors$RunnableAdapter.call(Executors.java:511)
	at java.util.concurrent.FutureTask.run(FutureTask.java:266)
	at java.util.concurrent.ScheduledThreadPoolExecutor$ScheduledFutureTask.access$201(ScheduledThreadPoolExecutor.java:180)
	at java.util.concurrent.ScheduledThreadPoolExecutor$ScheduledFutureTask.run(ScheduledThreadPoolExecutor.java:293)
	at java.util.concurrent.ThreadPoolExecutor.runWorker(ThreadPoolExecutor.java:1149)
	at java.util.concurrent.ThreadPoolExecutor$Worker.run(ThreadPoolExecutor.java:624)
	at java.lang.Thread.run(Thread.java:748)
2019-09-11 19:01:29,316 [java.util.concurrent.ThreadPoolExecutor$Worker@20491363[State = -1, empty queue]] WARN  server.GrpcLogAppender (GrpcLogAppender.java:timeoutAppendRequest(200)) - 317be899-a5e7-4874-8b34-173a53939308@group-0BBEB04936B1->b0d4f042-2fdd-43c4-bade-ce7ad6576109-GrpcLogAppender: appendEntries Timeout, request=317be899-a5e7-4874-8b34-173a53939308->b0d4f042-2fdd-43c4-bade-ce7ad6576109#19-t1, previous=(t:1, i:12), leaderCommit=6, initializing? false, entries: <empty>
2019-09-11 19:01:29,316 [java.util.concurrent.ThreadPoolExecutor$Worker@7266fed5[State = -1, empty queue]] WARN  server.GrpcLogAppender (GrpcLogAppender.java:timeoutAppendRequest(200)) - 317be899-a5e7-4874-8b34-173a53939308@group-0BBEB04936B1->d1e1b199-a92a-4c37-98e7-20a84e9cbec2-GrpcLogAppender: appendEntries Timeout, request=317be899-a5e7-4874-8b34-173a53939308->d1e1b199-a92a-4c37-98e7-20a84e9cbec2#19-t1, previous=(t:1, i:12), leaderCommit=6, initializing? false, entries: <empty>
2019-09-11 19:01:30,741 [grpc-default-executor-5] INFO  impl.RaftServerProxy (RaftServerProxy.java:remove(95)) - d1e1b199-a92a-4c37-98e7-20a84e9cbec2: remove group-F8300EFDFC05:null
2019-09-11 19:01:30,748 [RatisPipelineUtilsThread] WARN  pipeline.RatisPipelineUtils (RatisPipelineUtils.java:destroyPipeline(66)) - Pipeline destroy failed for pipeline=PipelineID=2252eb15-1dec-4d2d-99c8-f8300efdfc05 dn=d1e1b199-a92a-4c37-98e7-20a84e9cbec2{ip: 192.168.5.143, host: pr-hdds-1786-trunk-xjsf7-3704618034, networkLocation: /default-rack, certSerialId: null}
2019-09-11 19:01:30,751 [grpc-default-executor-5] INFO  impl.RaftServerProxy (RaftServerProxy.java:remove(95)) - 317be899-a5e7-4874-8b34-173a53939308: remove group-F8300EFDFC05:null
2019-09-11 19:01:30,756 [RatisPipelineUtilsThread] WARN  pipeline.RatisPipelineUtils (RatisPipelineUtils.java:destroyPipeline(66)) - Pipeline destroy failed for pipeline=PipelineID=2252eb15-1dec-4d2d-99c8-f8300efdfc05 dn=317be899-a5e7-4874-8b34-173a53939308{ip: 192.168.5.143, host: pr-hdds-1786-trunk-xjsf7-3704618034, networkLocation: /default-rack, certSerialId: null}
2019-09-11 19:01:30,759 [grpc-default-executor-5] INFO  impl.RaftServerProxy (RaftServerProxy.java:remove(95)) - b0d4f042-2fdd-43c4-bade-ce7ad6576109: remove group-F8300EFDFC05:null
2019-09-11 19:01:30,765 [RatisPipelineUtilsThread] WARN  pipeline.RatisPipelineUtils (RatisPipelineUtils.java:destroyPipeline(66)) - Pipeline destroy failed for pipeline=PipelineID=2252eb15-1dec-4d2d-99c8-f8300efdfc05 dn=b0d4f042-2fdd-43c4-bade-ce7ad6576109{ip: 192.168.5.143, host: pr-hdds-1786-trunk-xjsf7-3704618034, networkLocation: /default-rack, certSerialId: null}
2019-09-11 19:01:30,765 [RatisPipelineUtilsThread] ERROR pipeline.SCMPipelineManager (Scheduler.java:lambda$schedule$1(70)) - Destroy pipeline failed for pipeline:Pipeline[ Id: 2252eb15-1dec-4d2d-99c8-f8300efdfc05, Nodes: d1e1b199-a92a-4c37-98e7-20a84e9cbec2{ip: 192.168.5.143, host: pr-hdds-1786-trunk-xjsf7-3704618034, networkLocation: /default-rack, certSerialId: null}317be899-a5e7-4874-8b34-173a53939308{ip: 192.168.5.143, host: pr-hdds-1786-trunk-xjsf7-3704618034, networkLocation: /default-rack, certSerialId: null}b0d4f042-2fdd-43c4-bade-ce7ad6576109{ip: 192.168.5.143, host: pr-hdds-1786-trunk-xjsf7-3704618034, networkLocation: /default-rack, certSerialId: null}, Type:RATIS, Factor:THREE, State:CLOSED]
org.apache.hadoop.hdds.scm.pipeline.PipelineNotFoundException: PipelineID=2252eb15-1dec-4d2d-99c8-f8300efdfc05 not found
	at org.apache.hadoop.hdds.scm.pipeline.PipelineStateMap.getPipeline(PipelineStateMap.java:132)
	at org.apache.hadoop.hdds.scm.pipeline.PipelineStateMap.removePipeline(PipelineStateMap.java:322)
	at org.apache.hadoop.hdds.scm.pipeline.PipelineStateManager.removePipeline(PipelineStateManager.java:107)
	at org.apache.hadoop.hdds.scm.pipeline.SCMPipelineManager.removePipeline(SCMPipelineManager.java:423)
	at org.apache.hadoop.hdds.scm.pipeline.SCMPipelineManager.destroyPipeline(SCMPipelineManager.java:409)
	at org.apache.hadoop.hdds.scm.pipeline.SCMPipelineManager.lambda$finalizeAndDestroyPipeline$0(SCMPipelineManager.java:318)
	at org.apache.hadoop.utils.Scheduler.lambda$schedule$1(Scheduler.java:68)
	at java.util.concurrent.Executors$RunnableAdapter.call(Executors.java:511)
	at java.util.concurrent.FutureTask.run(FutureTask.java:266)
	at java.util.concurrent.ScheduledThreadPoolExecutor$ScheduledFutureTask.access$201(ScheduledThreadPoolExecutor.java:180)
	at java.util.concurrent.ScheduledThreadPoolExecutor$ScheduledFutureTask.run(ScheduledThreadPoolExecutor.java:293)
	at java.util.concurrent.ThreadPoolExecutor.runWorker(ThreadPoolExecutor.java:1149)
	at java.util.concurrent.ThreadPoolExecutor$Worker.run(ThreadPoolExecutor.java:624)
	at java.lang.Thread.run(Thread.java:748)
2019-09-11 19:01:31,312 [317be899-a5e7-4874-8b34-173a53939308@group-0BBEB04936B1-SegmentedRaftLogWorker] WARN  segmented.SegmentedRaftLogWorker (SegmentedRaftLogWorker.java:getFromFuture(90)) - Timeout 1/~
org.apache.ratis.protocol.TimeoutIOException: Timeout 10s: WriteLog:7: (t:1, i:7), STATEMACHINELOGENTRY, client-AC8CE528086A, cid=42-writeStateMachineData
	at org.apache.ratis.util.IOUtils.getFromFuture(IOUtils.java:87)
	at org.apache.ratis.server.raftlog.segmented.SegmentedRaftLogWorker$StateMachineDataPolicy.getFromFuture(SegmentedRaftLogWorker.java:87)
	at org.apache.ratis.server.raftlog.segmented.SegmentedRaftLogWorker$WriteLog.execute(SegmentedRaftLogWorker.java:477)
	at org.apache.ratis.server.raftlog.segmented.SegmentedRaftLogWorker.run(SegmentedRaftLogWorker.java:289)
	at java.lang.Thread.run(Thread.java:748)
Caused by: java.util.concurrent.TimeoutException
	at java.util.concurrent.CompletableFuture.timedGet(CompletableFuture.java:1771)
	at java.util.concurrent.CompletableFuture.get(CompletableFuture.java:1915)
	at org.apache.ratis.util.IOUtils.getFromFuture(IOUtils.java:79)
	... 4 more
2019-09-11 19:01:31,468 [grpc-default-executor-8] INFO  client.GrpcClientProtocolClient (GrpcClientProtocolClient.java:onNext(264)) - client-AC8CE528086A->b0d4f042-2fdd-43c4-bade-ce7ad6576109: receive RaftClientReply:client-AC8CE528086A->b0d4f042-2fdd-43c4-bade-ce7ad6576109@group-0BBEB04936B1, cid=42, FAILED org.apache.ratis.protocol.NotLeaderException: Server b0d4f042-2fdd-43c4-bade-ce7ad6576109@group-0BBEB04936B1 is not the leader 317be899-a5e7-4874-8b34-173a53939308:192.168.5.143:42053, logIndex=0, commits[b0d4f042-2fdd-43c4-bade-ce7ad6576109:c6, 317be899-a5e7-4874-8b34-173a53939308:c6, d1e1b199-a92a-4c37-98e7-20a84e9cbec2:c4]
2019-09-11 19:01:31,486 [b0d4f042-2fdd-43c4-bade-ce7ad6576109@group-0BBEB04936B1-SegmentedRaftLogWorker] WARN  segmented.SegmentedRaftLogWorker (SegmentedRaftLogWorker.java:getFromFuture(90)) - Timeout 1/~
org.apache.ratis.protocol.TimeoutIOException: Timeout 10s: WriteLog:8: (t:1, i:8), STATEMACHINELOGENTRY, client-AC8CE528086A, cid=43-writeStateMachineData
	at org.apache.ratis.util.IOUtils.getFromFuture(IOUtils.java:87)
	at org.apache.ratis.server.raftlog.segmented.SegmentedRaftLogWorker$StateMachineDataPolicy.getFromFuture(SegmentedRaftLogWorker.java:87)
	at org.apache.ratis.server.raftlog.segmented.SegmentedRaftLogWorker$WriteLog.execute(SegmentedRaftLogWorker.java:477)
	at org.apache.ratis.server.raftlog.segmented.SegmentedRaftLogWorker.run(SegmentedRaftLogWorker.java:289)
	at java.lang.Thread.run(Thread.java:748)
Caused by: java.util.concurrent.TimeoutException
	at java.util.concurrent.CompletableFuture.timedGet(CompletableFuture.java:1771)
	at java.util.concurrent.CompletableFuture.get(CompletableFuture.java:1915)
	at org.apache.ratis.util.IOUtils.getFromFuture(IOUtils.java:79)
	... 4 more
2019-09-11 19:01:31,500 [d1e1b199-a92a-4c37-98e7-20a84e9cbec2@group-0BBEB04936B1-SegmentedRaftLogWorker] WARN  segmented.SegmentedRaftLogWorker (SegmentedRaftLogWorker.java:getFromFuture(90)) - Timeout 1/~
org.apache.ratis.protocol.TimeoutIOException: Timeout 10s: WriteLog:8: (t:1, i:8), STATEMACHINELOGENTRY, client-AC8CE528086A, cid=43-writeStateMachineData
	at org.apache.ratis.util.IOUtils.getFromFuture(IOUtils.java:87)
	at org.apache.ratis.server.raftlog.segmented.SegmentedRaftLogWorker$StateMachineDataPolicy.getFromFuture(SegmentedRaftLogWorker.java:87)
	at org.apache.ratis.server.raftlog.segmented.SegmentedRaftLogWorker$WriteLog.execute(SegmentedRaftLogWorker.java:477)
	at org.apache.ratis.server.raftlog.segmented.SegmentedRaftLogWorker.run(SegmentedRaftLogWorker.java:289)
	at java.lang.Thread.run(Thread.java:748)
Caused by: java.util.concurrent.TimeoutException
	at java.util.concurrent.CompletableFuture.timedGet(CompletableFuture.java:1771)
	at java.util.concurrent.CompletableFuture.get(CompletableFuture.java:1915)
	at org.apache.ratis.util.IOUtils.getFromFuture(IOUtils.java:79)
	... 4 more
2019-09-11 19:01:31,817 [java.util.concurrent.ThreadPoolExecutor$Worker@7266fed5[State = -1, empty queue]] WARN  server.GrpcLogAppender (GrpcLogAppender.java:timeoutAppendRequest(200)) - 317be899-a5e7-4874-8b34-173a53939308@group-0BBEB04936B1->d1e1b199-a92a-4c37-98e7-20a84e9cbec2-GrpcLogAppender: appendEntries Timeout, request=317be899-a5e7-4874-8b34-173a53939308->d1e1b199-a92a-4c37-98e7-20a84e9cbec2#20-t1, previous=(t:1, i:12), leaderCommit=6, initializing? false, entries: <empty>
2019-09-11 19:01:31,817 [java.util.concurrent.ThreadPoolExecutor$Worker@20491363[State = -1, empty queue]] WARN  server.GrpcLogAppender (GrpcLogAppender.java:timeoutAppendRequest(200)) - 317be899-a5e7-4874-8b34-173a53939308@group-0BBEB04936B1->b0d4f042-2fdd-43c4-bade-ce7ad6576109-GrpcLogAppender: appendEntries Timeout, request=317be899-a5e7-4874-8b34-173a53939308->b0d4f042-2fdd-43c4-bade-ce7ad6576109#20-t1, previous=(t:1, i:12), leaderCommit=6, initializing? false, entries: <empty>
2019-09-11 19:01:33,741 [grpc-default-executor-5] INFO  impl.RaftServerProxy (RaftServerProxy.java:remove(95)) - d1e1b199-a92a-4c37-98e7-20a84e9cbec2: remove group-F8300EFDFC05:null
2019-09-11 19:01:33,750 [RatisPipelineUtilsThread] WARN  pipeline.RatisPipelineUtils (RatisPipelineUtils.java:destroyPipeline(66)) - Pipeline destroy failed for pipeline=PipelineID=2252eb15-1dec-4d2d-99c8-f8300efdfc05 dn=d1e1b199-a92a-4c37-98e7-20a84e9cbec2{ip: 192.168.5.143, host: pr-hdds-1786-trunk-xjsf7-3704618034, networkLocation: /default-rack, certSerialId: null}
2019-09-11 19:01:33,754 [grpc-default-executor-5] INFO  impl.RaftServerProxy (RaftServerProxy.java:remove(95)) - 317be899-a5e7-4874-8b34-173a53939308: remove group-F8300EFDFC05:null
2019-09-11 19:01:33,760 [RatisPipelineUtilsThread] WARN  pipeline.RatisPipelineUtils (RatisPipelineUtils.java:destroyPipeline(66)) - Pipeline destroy failed for pipeline=PipelineID=2252eb15-1dec-4d2d-99c8-f8300efdfc05 dn=317be899-a5e7-4874-8b34-173a53939308{ip: 192.168.5.143, host: pr-hdds-1786-trunk-xjsf7-3704618034, networkLocation: /default-rack, certSerialId: null}
2019-09-11 19:01:33,763 [grpc-default-executor-5] INFO  impl.RaftServerProxy (RaftServerProxy.java:remove(95)) - b0d4f042-2fdd-43c4-bade-ce7ad6576109: remove group-F8300EFDFC05:null
2019-09-11 19:01:33,769 [RatisPipelineUtilsThread] WARN  pipeline.RatisPipelineUtils (RatisPipelineUtils.java:destroyPipeline(66)) - Pipeline destroy failed for pipeline=PipelineID=2252eb15-1dec-4d2d-99c8-f8300efdfc05 dn=b0d4f042-2fdd-43c4-bade-ce7ad6576109{ip: 192.168.5.143, host: pr-hdds-1786-trunk-xjsf7-3704618034, networkLocation: /default-rack, certSerialId: null}
2019-09-11 19:01:33,769 [RatisPipelineUtilsThread] ERROR pipeline.SCMPipelineManager (Scheduler.java:lambda$schedule$1(70)) - Destroy pipeline failed for pipeline:Pipeline[ Id: 2252eb15-1dec-4d2d-99c8-f8300efdfc05, Nodes: d1e1b199-a92a-4c37-98e7-20a84e9cbec2{ip: 192.168.5.143, host: pr-hdds-1786-trunk-xjsf7-3704618034, networkLocation: /default-rack, certSerialId: null}317be899-a5e7-4874-8b34-173a53939308{ip: 192.168.5.143, host: pr-hdds-1786-trunk-xjsf7-3704618034, networkLocation: /default-rack, certSerialId: null}b0d4f042-2fdd-43c4-bade-ce7ad6576109{ip: 192.168.5.143, host: pr-hdds-1786-trunk-xjsf7-3704618034, networkLocation: /default-rack, certSerialId: null}, Type:RATIS, Factor:THREE, State:CLOSED]
org.apache.hadoop.hdds.scm.pipeline.PipelineNotFoundException: PipelineID=2252eb15-1dec-4d2d-99c8-f8300efdfc05 not found
	at org.apache.hadoop.hdds.scm.pipeline.PipelineStateMap.getPipeline(PipelineStateMap.java:132)
	at org.apache.hadoop.hdds.scm.pipeline.PipelineStateMap.removePipeline(PipelineStateMap.java:322)
	at org.apache.hadoop.hdds.scm.pipeline.PipelineStateManager.removePipeline(PipelineStateManager.java:107)
	at org.apache.hadoop.hdds.scm.pipeline.SCMPipelineManager.removePipeline(SCMPipelineManager.java:423)
	at org.apache.hadoop.hdds.scm.pipeline.SCMPipelineManager.destroyPipeline(SCMPipelineManager.java:409)
	at org.apache.hadoop.hdds.scm.pipeline.SCMPipelineManager.lambda$finalizeAndDestroyPipeline$0(SCMPipelineManager.java:318)
	at org.apache.hadoop.utils.Scheduler.lambda$schedule$1(Scheduler.java:68)
	at java.util.concurrent.Executors$RunnableAdapter.call(Executors.java:511)
	at java.util.concurrent.FutureTask.run(FutureTask.java:266)
	at java.util.concurrent.ScheduledThreadPoolExecutor$ScheduledFutureTask.access$201(ScheduledThreadPoolExecutor.java:180)
	at java.util.concurrent.ScheduledThreadPoolExecutor$ScheduledFutureTask.run(ScheduledThreadPoolExecutor.java:293)
	at java.util.concurrent.ThreadPoolExecutor.runWorker(ThreadPoolExecutor.java:1149)
	at java.util.concurrent.ThreadPoolExecutor$Worker.run(ThreadPoolExecutor.java:624)
	at java.lang.Thread.run(Thread.java:748)
2019-09-11 19:01:34,318 [java.util.concurrent.ThreadPoolExecutor$Worker@20491363[State = -1, empty queue]] WARN  server.GrpcLogAppender (GrpcLogAppender.java:timeoutAppendRequest(200)) - 317be899-a5e7-4874-8b34-173a53939308@group-0BBEB04936B1->b0d4f042-2fdd-43c4-bade-ce7ad6576109-GrpcLogAppender: appendEntries Timeout, request=317be899-a5e7-4874-8b34-173a53939308->b0d4f042-2fdd-43c4-bade-ce7ad6576109#21-t1, previous=(t:1, i:12), leaderCommit=6, initializing? false, entries: <empty>
2019-09-11 19:01:34,318 [java.util.concurrent.ThreadPoolExecutor$Worker@7266fed5[State = -1, empty queue]] WARN  server.GrpcLogAppender (GrpcLogAppender.java:timeoutAppendRequest(200)) - 317be899-a5e7-4874-8b34-173a53939308@group-0BBEB04936B1->d1e1b199-a92a-4c37-98e7-20a84e9cbec2-GrpcLogAppender: appendEntries Timeout, request=317be899-a5e7-4874-8b34-173a53939308->d1e1b199-a92a-4c37-98e7-20a84e9cbec2#21-t1, previous=(t:1, i:12), leaderCommit=6, initializing? false, entries: <empty>
2019-09-11 19:01:35,740 [grpc-default-executor-8] INFO  impl.RaftServerProxy (RaftServerProxy.java:remove(95)) - d1e1b199-a92a-4c37-98e7-20a84e9cbec2: remove group-F8300EFDFC05:null
2019-09-11 19:01:35,747 [RatisPipelineUtilsThread] WARN  pipeline.RatisPipelineUtils (RatisPipelineUtils.java:destroyPipeline(66)) - Pipeline destroy failed for pipeline=PipelineID=2252eb15-1dec-4d2d-99c8-f8300efdfc05 dn=d1e1b199-a92a-4c37-98e7-20a84e9cbec2{ip: 192.168.5.143, host: pr-hdds-1786-trunk-xjsf7-3704618034, networkLocation: /default-rack, certSerialId: null}
2019-09-11 19:01:35,750 [grpc-default-executor-8] INFO  impl.RaftServerProxy (RaftServerProxy.java:remove(95)) - 317be899-a5e7-4874-8b34-173a53939308: remove group-F8300EFDFC05:null
2019-09-11 19:01:35,768 [RatisPipelineUtilsThread] WARN  pipeline.RatisPipelineUtils (RatisPipelineUtils.java:destroyPipeline(66)) - Pipeline destroy failed for pipeline=PipelineID=2252eb15-1dec-4d2d-99c8-f8300efdfc05 dn=317be899-a5e7-4874-8b34-173a53939308{ip: 192.168.5.143, host: pr-hdds-1786-trunk-xjsf7-3704618034, networkLocation: /default-rack, certSerialId: null}
2019-09-11 19:01:35,772 [grpc-default-executor-8] INFO  impl.RaftServerProxy (RaftServerProxy.java:remove(95)) - b0d4f042-2fdd-43c4-bade-ce7ad6576109: remove group-F8300EFDFC05:null
2019-09-11 19:01:35,775 [RatisPipelineUtilsThread] WARN  pipeline.RatisPipelineUtils (RatisPipelineUtils.java:destroyPipeline(66)) - Pipeline destroy failed for pipeline=PipelineID=2252eb15-1dec-4d2d-99c8-f8300efdfc05 dn=b0d4f042-2fdd-43c4-bade-ce7ad6576109{ip: 192.168.5.143, host: pr-hdds-1786-trunk-xjsf7-3704618034, networkLocation: /default-rack, certSerialId: null}
2019-09-11 19:01:35,775 [RatisPipelineUtilsThread] ERROR pipeline.SCMPipelineManager (Scheduler.java:lambda$schedule$1(70)) - Destroy pipeline failed for pipeline:Pipeline[ Id: 2252eb15-1dec-4d2d-99c8-f8300efdfc05, Nodes: d1e1b199-a92a-4c37-98e7-20a84e9cbec2{ip: 192.168.5.143, host: pr-hdds-1786-trunk-xjsf7-3704618034, networkLocation: /default-rack, certSerialId: null}317be899-a5e7-4874-8b34-173a53939308{ip: 192.168.5.143, host: pr-hdds-1786-trunk-xjsf7-3704618034, networkLocation: /default-rack, certSerialId: null}b0d4f042-2fdd-43c4-bade-ce7ad6576109{ip: 192.168.5.143, host: pr-hdds-1786-trunk-xjsf7-3704618034, networkLocation: /default-rack, certSerialId: null}, Type:RATIS, Factor:THREE, State:CLOSED]
org.apache.hadoop.hdds.scm.pipeline.PipelineNotFoundException: PipelineID=2252eb15-1dec-4d2d-99c8-f8300efdfc05 not found
	at org.apache.hadoop.hdds.scm.pipeline.PipelineStateMap.getPipeline(PipelineStateMap.java:132)
	at org.apache.hadoop.hdds.scm.pipeline.PipelineStateMap.removePipeline(PipelineStateMap.java:322)
	at org.apache.hadoop.hdds.scm.pipeline.PipelineStateManager.removePipeline(PipelineStateManager.java:107)
	at org.apache.hadoop.hdds.scm.pipeline.SCMPipelineManager.removePipeline(SCMPipelineManager.java:423)
	at org.apache.hadoop.hdds.scm.pipeline.SCMPipelineManager.destroyPipeline(SCMPipelineManager.java:409)
	at org.apache.hadoop.hdds.scm.pipeline.SCMPipelineManager.lambda$finalizeAndDestroyPipeline$0(SCMPipelineManager.java:318)
	at org.apache.hadoop.utils.Scheduler.lambda$schedule$1(Scheduler.java:68)
	at java.util.concurrent.Executors$RunnableAdapter.call(Executors.java:511)
	at java.util.concurrent.FutureTask.run(FutureTask.java:266)
	at java.util.concurrent.ScheduledThreadPoolExecutor$ScheduledFutureTask.access$201(ScheduledThreadPoolExecutor.java:180)
	at java.util.concurrent.ScheduledThreadPoolExecutor$ScheduledFutureTask.run(ScheduledThreadPoolExecutor.java:293)
	at java.util.concurrent.ThreadPoolExecutor.runWorker(ThreadPoolExecutor.java:1149)
	at java.util.concurrent.ThreadPoolExecutor$Worker.run(ThreadPoolExecutor.java:624)
	at java.lang.Thread.run(Thread.java:748)
2019-09-11 19:01:36,501 [grpc-default-executor-8] INFO  client.GrpcClientProtocolClient (GrpcClientProtocolClient.java:onNext(264)) - client-AC8CE528086A->b0d4f042-2fdd-43c4-bade-ce7ad6576109: receive RaftClientReply:client-AC8CE528086A->b0d4f042-2fdd-43c4-bade-ce7ad6576109@group-0BBEB04936B1, cid=42, FAILED org.apache.ratis.protocol.NotLeaderException: Server b0d4f042-2fdd-43c4-bade-ce7ad6576109@group-0BBEB04936B1 is not the leader 317be899-a5e7-4874-8b34-173a53939308:192.168.5.143:42053, logIndex=0, commits[b0d4f042-2fdd-43c4-bade-ce7ad6576109:c6, 317be899-a5e7-4874-8b34-173a53939308:c6, d1e1b199-a92a-4c37-98e7-20a84e9cbec2:c4]
2019-09-11 19:01:36,818 [java.util.concurrent.ThreadPoolExecutor$Worker@20491363[State = -1, empty queue]] WARN  server.GrpcLogAppender (GrpcLogAppender.java:timeoutAppendRequest(200)) - 317be899-a5e7-4874-8b34-173a53939308@group-0BBEB04936B1->b0d4f042-2fdd-43c4-bade-ce7ad6576109-GrpcLogAppender: appendEntries Timeout, request=317be899-a5e7-4874-8b34-173a53939308->b0d4f042-2fdd-43c4-bade-ce7ad6576109#22-t1, previous=(t:1, i:12), leaderCommit=6, initializing? false, entries: <empty>
2019-09-11 19:01:36,818 [java.util.concurrent.ThreadPoolExecutor$Worker@7266fed5[State = -1, empty queue]] WARN  server.GrpcLogAppender (GrpcLogAppender.java:timeoutAppendRequest(200)) - 317be899-a5e7-4874-8b34-173a53939308@group-0BBEB04936B1->d1e1b199-a92a-4c37-98e7-20a84e9cbec2-GrpcLogAppender: appendEntries Timeout, request=317be899-a5e7-4874-8b34-173a53939308->d1e1b199-a92a-4c37-98e7-20a84e9cbec2#22-t1, previous=(t:1, i:12), leaderCommit=6, initializing? false, entries: <empty>
2019-09-11 19:01:38,741 [grpc-default-executor-8] INFO  impl.RaftServerProxy (RaftServerProxy.java:remove(95)) - d1e1b199-a92a-4c37-98e7-20a84e9cbec2: remove group-F8300EFDFC05:null
2019-09-11 19:01:38,744 [RatisPipelineUtilsThread] WARN  pipeline.RatisPipelineUtils (RatisPipelineUtils.java:destroyPipeline(66)) - Pipeline destroy failed for pipeline=PipelineID=2252eb15-1dec-4d2d-99c8-f8300efdfc05 dn=d1e1b199-a92a-4c37-98e7-20a84e9cbec2{ip: 192.168.5.143, host: pr-hdds-1786-trunk-xjsf7-3704618034, networkLocation: /default-rack, certSerialId: null}
2019-09-11 19:01:38,748 [grpc-default-executor-8] INFO  impl.RaftServerProxy (RaftServerProxy.java:remove(95)) - 317be899-a5e7-4874-8b34-173a53939308: remove group-F8300EFDFC05:null
2019-09-11 19:01:38,750 [RatisPipelineUtilsThread] WARN  pipeline.RatisPipelineUtils (RatisPipelineUtils.java:destroyPipeline(66)) - Pipeline destroy failed for pipeline=PipelineID=2252eb15-1dec-4d2d-99c8-f8300efdfc05 dn=317be899-a5e7-4874-8b34-173a53939308{ip: 192.168.5.143, host: pr-hdds-1786-trunk-xjsf7-3704618034, networkLocation: /default-rack, certSerialId: null}
2019-09-11 19:01:38,754 [grpc-default-executor-8] INFO  impl.RaftServerProxy (RaftServerProxy.java:remove(95)) - b0d4f042-2fdd-43c4-bade-ce7ad6576109: remove group-F8300EFDFC05:null
2019-09-11 19:01:38,756 [RatisPipelineUtilsThread] WARN  pipeline.RatisPipelineUtils (RatisPipelineUtils.java:destroyPipeline(66)) - Pipeline destroy failed for pipeline=PipelineID=2252eb15-1dec-4d2d-99c8-f8300efdfc05 dn=b0d4f042-2fdd-43c4-bade-ce7ad6576109{ip: 192.168.5.143, host: pr-hdds-1786-trunk-xjsf7-3704618034, networkLocation: /default-rack, certSerialId: null}
2019-09-11 19:01:38,756 [RatisPipelineUtilsThread] ERROR pipeline.SCMPipelineManager (Scheduler.java:lambda$schedule$1(70)) - Destroy pipeline failed for pipeline:Pipeline[ Id: 2252eb15-1dec-4d2d-99c8-f8300efdfc05, Nodes: d1e1b199-a92a-4c37-98e7-20a84e9cbec2{ip: 192.168.5.143, host: pr-hdds-1786-trunk-xjsf7-3704618034, networkLocation: /default-rack, certSerialId: null}317be899-a5e7-4874-8b34-173a53939308{ip: 192.168.5.143, host: pr-hdds-1786-trunk-xjsf7-3704618034, networkLocation: /default-rack, certSerialId: null}b0d4f042-2fdd-43c4-bade-ce7ad6576109{ip: 192.168.5.143, host: pr-hdds-1786-trunk-xjsf7-3704618034, networkLocation: /default-rack, certSerialId: null}, Type:RATIS, Factor:THREE, State:CLOSED]
org.apache.hadoop.hdds.scm.pipeline.PipelineNotFoundException: PipelineID=2252eb15-1dec-4d2d-99c8-f8300efdfc05 not found
	at org.apache.hadoop.hdds.scm.pipeline.PipelineStateMap.getPipeline(PipelineStateMap.java:132)
	at org.apache.hadoop.hdds.scm.pipeline.PipelineStateMap.removePipeline(PipelineStateMap.java:322)
	at org.apache.hadoop.hdds.scm.pipeline.PipelineStateManager.removePipeline(PipelineStateManager.java:107)
	at org.apache.hadoop.hdds.scm.pipeline.SCMPipelineManager.removePipeline(SCMPipelineManager.java:423)
	at org.apache.hadoop.hdds.scm.pipeline.SCMPipelineManager.destroyPipeline(SCMPipelineManager.java:409)
	at org.apache.hadoop.hdds.scm.pipeline.SCMPipelineManager.lambda$finalizeAndDestroyPipeline$0(SCMPipelineManager.java:318)
	at org.apache.hadoop.utils.Scheduler.lambda$schedule$1(Scheduler.java:68)
	at java.util.concurrent.Executors$RunnableAdapter.call(Executors.java:511)
	at java.util.concurrent.FutureTask.run(FutureTask.java:266)
	at java.util.concurrent.ScheduledThreadPoolExecutor$ScheduledFutureTask.access$201(ScheduledThreadPoolExecutor.java:180)
	at java.util.concurrent.ScheduledThreadPoolExecutor$ScheduledFutureTask.run(ScheduledThreadPoolExecutor.java:293)
	at java.util.concurrent.ThreadPoolExecutor.runWorker(ThreadPoolExecutor.java:1149)
	at java.util.concurrent.ThreadPoolExecutor$Worker.run(ThreadPoolExecutor.java:624)
	at java.lang.Thread.run(Thread.java:748)
2019-09-11 19:01:39,318 [java.util.concurrent.ThreadPoolExecutor$Worker@7266fed5[State = -1, empty queue]] WARN  server.GrpcLogAppender (GrpcLogAppender.java:timeoutAppendRequest(200)) - 317be899-a5e7-4874-8b34-173a53939308@group-0BBEB04936B1->d1e1b199-a92a-4c37-98e7-20a84e9cbec2-GrpcLogAppender: appendEntries Timeout, request=317be899-a5e7-4874-8b34-173a53939308->d1e1b199-a92a-4c37-98e7-20a84e9cbec2#23-t1, previous=(t:1, i:12), leaderCommit=6, initializing? false, entries: <empty>
2019-09-11 19:01:39,318 [java.util.concurrent.ThreadPoolExecutor$Worker@20491363[State = -1, empty queue]] WARN  server.GrpcLogAppender (GrpcLogAppender.java:timeoutAppendRequest(200)) - 317be899-a5e7-4874-8b34-173a53939308@group-0BBEB04936B1->b0d4f042-2fdd-43c4-bade-ce7ad6576109-GrpcLogAppender: appendEntries Timeout, request=317be899-a5e7-4874-8b34-173a53939308->b0d4f042-2fdd-43c4-bade-ce7ad6576109#23-t1, previous=(t:1, i:12), leaderCommit=6, initializing? false, entries: <empty>
2019-09-11 19:01:40,742 [grpc-default-executor-8] INFO  impl.RaftServerProxy (RaftServerProxy.java:remove(95)) - d1e1b199-a92a-4c37-98e7-20a84e9cbec2: remove group-F8300EFDFC05:null
2019-09-11 19:01:40,745 [RatisPipelineUtilsThread] WARN  pipeline.RatisPipelineUtils (RatisPipelineUtils.java:destroyPipeline(66)) - Pipeline destroy failed for pipeline=PipelineID=2252eb15-1dec-4d2d-99c8-f8300efdfc05 dn=d1e1b199-a92a-4c37-98e7-20a84e9cbec2{ip: 192.168.5.143, host: pr-hdds-1786-trunk-xjsf7-3704618034, networkLocation: /default-rack, certSerialId: null}
2019-09-11 19:01:40,749 [grpc-default-executor-8] INFO  impl.RaftServerProxy (RaftServerProxy.java:remove(95)) - 317be899-a5e7-4874-8b34-173a53939308: remove group-F8300EFDFC05:null
2019-09-11 19:01:40,751 [RatisPipelineUtilsThread] WARN  pipeline.RatisPipelineUtils (RatisPipelineUtils.java:destroyPipeline(66)) - Pipeline destroy failed for pipeline=PipelineID=2252eb15-1dec-4d2d-99c8-f8300efdfc05 dn=317be899-a5e7-4874-8b34-173a53939308{ip: 192.168.5.143, host: pr-hdds-1786-trunk-xjsf7-3704618034, networkLocation: /default-rack, certSerialId: null}
2019-09-11 19:01:40,754 [grpc-default-executor-8] INFO  impl.RaftServerProxy (RaftServerProxy.java:remove(95)) - b0d4f042-2fdd-43c4-bade-ce7ad6576109: remove group-F8300EFDFC05:null
2019-09-11 19:01:40,756 [RatisPipelineUtilsThread] WARN  pipeline.RatisPipelineUtils (RatisPipelineUtils.java:destroyPipeline(66)) - Pipeline destroy failed for pipeline=PipelineID=2252eb15-1dec-4d2d-99c8-f8300efdfc05 dn=b0d4f042-2fdd-43c4-bade-ce7ad6576109{ip: 192.168.5.143, host: pr-hdds-1786-trunk-xjsf7-3704618034, networkLocation: /default-rack, certSerialId: null}
2019-09-11 19:01:40,756 [RatisPipelineUtilsThread] ERROR pipeline.SCMPipelineManager (Scheduler.java:lambda$schedule$1(70)) - Destroy pipeline failed for pipeline:Pipeline[ Id: 2252eb15-1dec-4d2d-99c8-f8300efdfc05, Nodes: d1e1b199-a92a-4c37-98e7-20a84e9cbec2{ip: 192.168.5.143, host: pr-hdds-1786-trunk-xjsf7-3704618034, networkLocation: /default-rack, certSerialId: null}317be899-a5e7-4874-8b34-173a53939308{ip: 192.168.5.143, host: pr-hdds-1786-trunk-xjsf7-3704618034, networkLocation: /default-rack, certSerialId: null}b0d4f042-2fdd-43c4-bade-ce7ad6576109{ip: 192.168.5.143, host: pr-hdds-1786-trunk-xjsf7-3704618034, networkLocation: /default-rack, certSerialId: null}, Type:RATIS, Factor:THREE, State:CLOSED]
org.apache.hadoop.hdds.scm.pipeline.PipelineNotFoundException: PipelineID=2252eb15-1dec-4d2d-99c8-f8300efdfc05 not found
	at org.apache.hadoop.hdds.scm.pipeline.PipelineStateMap.getPipeline(PipelineStateMap.java:132)
	at org.apache.hadoop.hdds.scm.pipeline.PipelineStateMap.removePipeline(PipelineStateMap.java:322)
	at org.apache.hadoop.hdds.scm.pipeline.PipelineStateManager.removePipeline(PipelineStateManager.java:107)
	at org.apache.hadoop.hdds.scm.pipeline.SCMPipelineManager.removePipeline(SCMPipelineManager.java:423)
	at org.apache.hadoop.hdds.scm.pipeline.SCMPipelineManager.destroyPipeline(SCMPipelineManager.java:409)
	at org.apache.hadoop.hdds.scm.pipeline.SCMPipelineManager.lambda$finalizeAndDestroyPipeline$0(SCMPipelineManager.java:318)
	at org.apache.hadoop.utils.Scheduler.lambda$schedule$1(Scheduler.java:68)
	at java.util.concurrent.Executors$RunnableAdapter.call(Executors.java:511)
	at java.util.concurrent.FutureTask.run(FutureTask.java:266)
	at java.util.concurrent.ScheduledThreadPoolExecutor$ScheduledFutureTask.access$201(ScheduledThreadPoolExecutor.java:180)
	at java.util.concurrent.ScheduledThreadPoolExecutor$ScheduledFutureTask.run(ScheduledThreadPoolExecutor.java:293)
	at java.util.concurrent.ThreadPoolExecutor.runWorker(ThreadPoolExecutor.java:1149)
	at java.util.concurrent.ThreadPoolExecutor$Worker.run(ThreadPoolExecutor.java:624)
	at java.lang.Thread.run(Thread.java:748)
2019-09-11 19:01:41,313 [317be899-a5e7-4874-8b34-173a53939308@group-0BBEB04936B1-SegmentedRaftLogWorker] WARN  segmented.SegmentedRaftLogWorker (SegmentedRaftLogWorker.java:getFromFuture(90)) - Timeout 2/~
org.apache.ratis.protocol.TimeoutIOException: Timeout 10s: WriteLog:7: (t:1, i:7), STATEMACHINELOGENTRY, client-AC8CE528086A, cid=42-writeStateMachineData
	at org.apache.ratis.util.IOUtils.getFromFuture(IOUtils.java:87)
	at org.apache.ratis.server.raftlog.segmented.SegmentedRaftLogWorker$StateMachineDataPolicy.getFromFuture(SegmentedRaftLogWorker.java:87)
	at org.apache.ratis.server.raftlog.segmented.SegmentedRaftLogWorker$WriteLog.execute(SegmentedRaftLogWorker.java:477)
	at org.apache.ratis.server.raftlog.segmented.SegmentedRaftLogWorker.run(SegmentedRaftLogWorker.java:289)
	at java.lang.Thread.run(Thread.java:748)
Caused by: java.util.concurrent.TimeoutException
	at java.util.concurrent.CompletableFuture.timedGet(CompletableFuture.java:1771)
	at java.util.concurrent.CompletableFuture.get(CompletableFuture.java:1915)
	at org.apache.ratis.util.IOUtils.getFromFuture(IOUtils.java:79)
	... 4 more
2019-09-11 19:01:41,487 [b0d4f042-2fdd-43c4-bade-ce7ad6576109@group-0BBEB04936B1-SegmentedRaftLogWorker] WARN  segmented.SegmentedRaftLogWorker (SegmentedRaftLogWorker.java:getFromFuture(90)) - Timeout 2/~
org.apache.ratis.protocol.TimeoutIOException: Timeout 10s: WriteLog:8: (t:1, i:8), STATEMACHINELOGENTRY, client-AC8CE528086A, cid=43-writeStateMachineData
	at org.apache.ratis.util.IOUtils.getFromFuture(IOUtils.java:87)
	at org.apache.ratis.server.raftlog.segmented.SegmentedRaftLogWorker$StateMachineDataPolicy.getFromFuture(SegmentedRaftLogWorker.java:87)
	at org.apache.ratis.server.raftlog.segmented.SegmentedRaftLogWorker$WriteLog.execute(SegmentedRaftLogWorker.java:477)
	at org.apache.ratis.server.raftlog.segmented.SegmentedRaftLogWorker.run(SegmentedRaftLogWorker.java:289)
	at java.lang.Thread.run(Thread.java:748)
Caused by: java.util.concurrent.TimeoutException
	at java.util.concurrent.CompletableFuture.timedGet(CompletableFuture.java:1771)
	at java.util.concurrent.CompletableFuture.get(CompletableFuture.java:1915)
	at org.apache.ratis.util.IOUtils.getFromFuture(IOUtils.java:79)
	... 4 more
2019-09-11 19:01:41,501 [d1e1b199-a92a-4c37-98e7-20a84e9cbec2@group-0BBEB04936B1-SegmentedRaftLogWorker] WARN  segmented.SegmentedRaftLogWorker (SegmentedRaftLogWorker.java:getFromFuture(90)) - Timeout 2/~
org.apache.ratis.protocol.TimeoutIOException: Timeout 10s: WriteLog:8: (t:1, i:8), STATEMACHINELOGENTRY, client-AC8CE528086A, cid=43-writeStateMachineData
	at org.apache.ratis.util.IOUtils.getFromFuture(IOUtils.java:87)
	at org.apache.ratis.server.raftlog.segmented.SegmentedRaftLogWorker$StateMachineDataPolicy.getFromFuture(SegmentedRaftLogWorker.java:87)
	at org.apache.ratis.server.raftlog.segmented.SegmentedRaftLogWorker$WriteLog.execute(SegmentedRaftLogWorker.java:477)
	at org.apache.ratis.server.raftlog.segmented.SegmentedRaftLogWorker.run(SegmentedRaftLogWorker.java:289)
	at java.lang.Thread.run(Thread.java:748)
Caused by: java.util.concurrent.TimeoutException
	at java.util.concurrent.CompletableFuture.timedGet(CompletableFuture.java:1771)
	at java.util.concurrent.CompletableFuture.get(CompletableFuture.java:1915)
	at org.apache.ratis.util.IOUtils.getFromFuture(IOUtils.java:79)
	... 4 more
2019-09-11 19:01:41,535 [grpc-default-executor-8] INFO  client.GrpcClientProtocolClient (GrpcClientProtocolClient.java:onNext(264)) - client-AC8CE528086A->d1e1b199-a92a-4c37-98e7-20a84e9cbec2: receive RaftClientReply:client-AC8CE528086A->d1e1b199-a92a-4c37-98e7-20a84e9cbec2@group-0BBEB04936B1, cid=42, FAILED org.apache.ratis.protocol.NotLeaderException: Server d1e1b199-a92a-4c37-98e7-20a84e9cbec2@group-0BBEB04936B1 is not the leader 317be899-a5e7-4874-8b34-173a53939308:192.168.5.143:42053, logIndex=0, commits[d1e1b199-a92a-4c37-98e7-20a84e9cbec2:c6, 317be899-a5e7-4874-8b34-173a53939308:c6, b0d4f042-2fdd-43c4-bade-ce7ad6576109:c4]
2019-09-11 19:01:41,819 [java.util.concurrent.ThreadPoolExecutor$Worker@20491363[State = -1, empty queue]] WARN  server.GrpcLogAppender (GrpcLogAppender.java:timeoutAppendRequest(200)) - 317be899-a5e7-4874-8b34-173a53939308@group-0BBEB04936B1->b0d4f042-2fdd-43c4-bade-ce7ad6576109-GrpcLogAppender: appendEntries Timeout, request=317be899-a5e7-4874-8b34-173a53939308->b0d4f042-2fdd-43c4-bade-ce7ad6576109#24-t1, previous=(t:1, i:12), leaderCommit=6, initializing? false, entries: <empty>
2019-09-11 19:01:41,819 [java.util.concurrent.ThreadPoolExecutor$Worker@7266fed5[State = -1, empty queue]] WARN  server.GrpcLogAppender (GrpcLogAppender.java:timeoutAppendRequest(200)) - 317be899-a5e7-4874-8b34-173a53939308@group-0BBEB04936B1->d1e1b199-a92a-4c37-98e7-20a84e9cbec2-GrpcLogAppender: appendEntries Timeout, request=317be899-a5e7-4874-8b34-173a53939308->d1e1b199-a92a-4c37-98e7-20a84e9cbec2#24-t1, previous=(t:1, i:12), leaderCommit=6, initializing? false, entries: <empty>
2019-09-11 19:01:43,743 [grpc-default-executor-8] INFO  impl.RaftServerProxy (RaftServerProxy.java:remove(95)) - d1e1b199-a92a-4c37-98e7-20a84e9cbec2: remove group-F8300EFDFC05:null
2019-09-11 19:01:43,746 [RatisPipelineUtilsThread] WARN  pipeline.RatisPipelineUtils (RatisPipelineUtils.java:destroyPipeline(66)) - Pipeline destroy failed for pipeline=PipelineID=2252eb15-1dec-4d2d-99c8-f8300efdfc05 dn=d1e1b199-a92a-4c37-98e7-20a84e9cbec2{ip: 192.168.5.143, host: pr-hdds-1786-trunk-xjsf7-3704618034, networkLocation: /default-rack, certSerialId: null}
2019-09-11 19:01:43,749 [grpc-default-executor-8] INFO  impl.RaftServerProxy (RaftServerProxy.java:remove(95)) - 317be899-a5e7-4874-8b34-173a53939308: remove group-F8300EFDFC05:null
2019-09-11 19:01:43,751 [RatisPipelineUtilsThread] WARN  pipeline.RatisPipelineUtils (RatisPipelineUtils.java:destroyPipeline(66)) - Pipeline destroy failed for pipeline=PipelineID=2252eb15-1dec-4d2d-99c8-f8300efdfc05 dn=317be899-a5e7-4874-8b34-173a53939308{ip: 192.168.5.143, host: pr-hdds-1786-trunk-xjsf7-3704618034, networkLocation: /default-rack, certSerialId: null}
2019-09-11 19:01:43,756 [grpc-default-executor-8] INFO  impl.RaftServerProxy (RaftServerProxy.java:remove(95)) - b0d4f042-2fdd-43c4-bade-ce7ad6576109: remove group-F8300EFDFC05:null
2019-09-11 19:01:43,759 [RatisPipelineUtilsThread] WARN  pipeline.RatisPipelineUtils (RatisPipelineUtils.java:destroyPipeline(66)) - Pipeline destroy failed for pipeline=PipelineID=2252eb15-1dec-4d2d-99c8-f8300efdfc05 dn=b0d4f042-2fdd-43c4-bade-ce7ad6576109{ip: 192.168.5.143, host: pr-hdds-1786-trunk-xjsf7-3704618034, networkLocation: /default-rack, certSerialId: null}
2019-09-11 19:01:43,760 [RatisPipelineUtilsThread] ERROR pipeline.SCMPipelineManager (Scheduler.java:lambda$schedule$1(70)) - Destroy pipeline failed for pipeline:Pipeline[ Id: 2252eb15-1dec-4d2d-99c8-f8300efdfc05, Nodes: d1e1b199-a92a-4c37-98e7-20a84e9cbec2{ip: 192.168.5.143, host: pr-hdds-1786-trunk-xjsf7-3704618034, networkLocation: /default-rack, certSerialId: null}317be899-a5e7-4874-8b34-173a53939308{ip: 192.168.5.143, host: pr-hdds-1786-trunk-xjsf7-3704618034, networkLocation: /default-rack, certSerialId: null}b0d4f042-2fdd-43c4-bade-ce7ad6576109{ip: 192.168.5.143, host: pr-hdds-1786-trunk-xjsf7-3704618034, networkLocation: /default-rack, certSerialId: null}, Type:RATIS, Factor:THREE, State:CLOSED]
org.apache.hadoop.hdds.scm.pipeline.PipelineNotFoundException: PipelineID=2252eb15-1dec-4d2d-99c8-f8300efdfc05 not found
	at org.apache.hadoop.hdds.scm.pipeline.PipelineStateMap.getPipeline(PipelineStateMap.java:132)
	at org.apache.hadoop.hdds.scm.pipeline.PipelineStateMap.removePipeline(PipelineStateMap.java:322)
	at org.apache.hadoop.hdds.scm.pipeline.PipelineStateManager.removePipeline(PipelineStateManager.java:107)
	at org.apache.hadoop.hdds.scm.pipeline.SCMPipelineManager.removePipeline(SCMPipelineManager.java:423)
	at org.apache.hadoop.hdds.scm.pipeline.SCMPipelineManager.destroyPipeline(SCMPipelineManager.java:409)
	at org.apache.hadoop.hdds.scm.pipeline.SCMPipelineManager.lambda$finalizeAndDestroyPipeline$0(SCMPipelineManager.java:318)
	at org.apache.hadoop.utils.Scheduler.lambda$schedule$1(Scheduler.java:68)
	at java.util.concurrent.Executors$RunnableAdapter.call(Executors.java:511)
	at java.util.concurrent.FutureTask.run(FutureTask.java:266)
	at java.util.concurrent.ScheduledThreadPoolExecutor$ScheduledFutureTask.access$201(ScheduledThreadPoolExecutor.java:180)
	at java.util.concurrent.ScheduledThreadPoolExecutor$ScheduledFutureTask.run(ScheduledThreadPoolExecutor.java:293)
	at java.util.concurrent.ThreadPoolExecutor.runWorker(ThreadPoolExecutor.java:1149)
	at java.util.concurrent.ThreadPoolExecutor$Worker.run(ThreadPoolExecutor.java:624)
	at java.lang.Thread.run(Thread.java:748)
2019-09-11 19:01:44,319 [java.util.concurrent.ThreadPoolExecutor$Worker@7266fed5[State = -1, empty queue]] WARN  server.GrpcLogAppender (GrpcLogAppender.java:timeoutAppendRequest(200)) - 317be899-a5e7-4874-8b34-173a53939308@group-0BBEB04936B1->d1e1b199-a92a-4c37-98e7-20a84e9cbec2-GrpcLogAppender: appendEntries Timeout, request=317be899-a5e7-4874-8b34-173a53939308->d1e1b199-a92a-4c37-98e7-20a84e9cbec2#25-t1, previous=(t:1, i:12), leaderCommit=6, initializing? false, entries: <empty>
2019-09-11 19:01:44,319 [java.util.concurrent.ThreadPoolExecutor$Worker@20491363[State = -1, empty queue]] WARN  server.GrpcLogAppender (GrpcLogAppender.java:timeoutAppendRequest(200)) - 317be899-a5e7-4874-8b34-173a53939308@group-0BBEB04936B1->b0d4f042-2fdd-43c4-bade-ce7ad6576109-GrpcLogAppender: appendEntries Timeout, request=317be899-a5e7-4874-8b34-173a53939308->b0d4f042-2fdd-43c4-bade-ce7ad6576109#25-t1, previous=(t:1, i:12), leaderCommit=6, initializing? false, entries: <empty>
2019-09-11 19:01:45,740 [grpc-default-executor-5] INFO  impl.RaftServerProxy (RaftServerProxy.java:remove(95)) - d1e1b199-a92a-4c37-98e7-20a84e9cbec2: remove group-F8300EFDFC05:null
2019-09-11 19:01:45,743 [RatisPipelineUtilsThread] WARN  pipeline.RatisPipelineUtils (RatisPipelineUtils.java:destroyPipeline(66)) - Pipeline destroy failed for pipeline=PipelineID=2252eb15-1dec-4d2d-99c8-f8300efdfc05 dn=d1e1b199-a92a-4c37-98e7-20a84e9cbec2{ip: 192.168.5.143, host: pr-hdds-1786-trunk-xjsf7-3704618034, networkLocation: /default-rack, certSerialId: null}
2019-09-11 19:01:45,745 [grpc-default-executor-5] INFO  impl.RaftServerProxy (RaftServerProxy.java:remove(95)) - 317be899-a5e7-4874-8b34-173a53939308: remove group-F8300EFDFC05:null
2019-09-11 19:01:45,747 [RatisPipelineUtilsThread] WARN  pipeline.RatisPipelineUtils (RatisPipelineUtils.java:destroyPipeline(66)) - Pipeline destroy failed for pipeline=PipelineID=2252eb15-1dec-4d2d-99c8-f8300efdfc05 dn=317be899-a5e7-4874-8b34-173a53939308{ip: 192.168.5.143, host: pr-hdds-1786-trunk-xjsf7-3704618034, networkLocation: /default-rack, certSerialId: null}
2019-09-11 19:01:45,749 [grpc-default-executor-5] INFO  impl.RaftServerProxy (RaftServerProxy.java:remove(95)) - b0d4f042-2fdd-43c4-bade-ce7ad6576109: remove group-F8300EFDFC05:null
2019-09-11 19:01:45,751 [RatisPipelineUtilsThread] WARN  pipeline.RatisPipelineUtils (RatisPipelineUtils.java:destroyPipeline(66)) - Pipeline destroy failed for pipeline=PipelineID=2252eb15-1dec-4d2d-99c8-f8300efdfc05 dn=b0d4f042-2fdd-43c4-bade-ce7ad6576109{ip: 192.168.5.143, host: pr-hdds-1786-trunk-xjsf7-3704618034, networkLocation: /default-rack, certSerialId: null}
2019-09-11 19:01:45,751 [RatisPipelineUtilsThread] ERROR pipeline.SCMPipelineManager (Scheduler.java:lambda$schedule$1(70)) - Destroy pipeline failed for pipeline:Pipeline[ Id: 2252eb15-1dec-4d2d-99c8-f8300efdfc05, Nodes: d1e1b199-a92a-4c37-98e7-20a84e9cbec2{ip: 192.168.5.143, host: pr-hdds-1786-trunk-xjsf7-3704618034, networkLocation: /default-rack, certSerialId: null}317be899-a5e7-4874-8b34-173a53939308{ip: 192.168.5.143, host: pr-hdds-1786-trunk-xjsf7-3704618034, networkLocation: /default-rack, certSerialId: null}b0d4f042-2fdd-43c4-bade-ce7ad6576109{ip: 192.168.5.143, host: pr-hdds-1786-trunk-xjsf7-3704618034, networkLocation: /default-rack, certSerialId: null}, Type:RATIS, Factor:THREE, State:CLOSED]
org.apache.hadoop.hdds.scm.pipeline.PipelineNotFoundException: PipelineID=2252eb15-1dec-4d2d-99c8-f8300efdfc05 not found
	at org.apache.hadoop.hdds.scm.pipeline.PipelineStateMap.getPipeline(PipelineStateMap.java:132)
	at org.apache.hadoop.hdds.scm.pipeline.PipelineStateMap.removePipeline(PipelineStateMap.java:322)
	at org.apache.hadoop.hdds.scm.pipeline.PipelineStateManager.removePipeline(PipelineStateManager.java:107)
	at org.apache.hadoop.hdds.scm.pipeline.SCMPipelineManager.removePipeline(SCMPipelineManager.java:423)
	at org.apache.hadoop.hdds.scm.pipeline.SCMPipelineManager.destroyPipeline(SCMPipelineManager.java:409)
	at org.apache.hadoop.hdds.scm.pipeline.SCMPipelineManager.lambda$finalizeAndDestroyPipeline$0(SCMPipelineManager.java:318)
	at org.apache.hadoop.utils.Scheduler.lambda$schedule$1(Scheduler.java:68)
	at java.util.concurrent.Executors$RunnableAdapter.call(Executors.java:511)
	at java.util.concurrent.FutureTask.run(FutureTask.java:266)
	at java.util.concurrent.ScheduledThreadPoolExecutor$ScheduledFutureTask.access$201(ScheduledThreadPoolExecutor.java:180)
	at java.util.concurrent.ScheduledThreadPoolExecutor$ScheduledFutureTask.run(ScheduledThreadPoolExecutor.java:293)
	at java.util.concurrent.ThreadPoolExecutor.runWorker(ThreadPoolExecutor.java:1149)
	at java.util.concurrent.ThreadPoolExecutor$Worker.run(ThreadPoolExecutor.java:624)
	at java.lang.Thread.run(Thread.java:748)
2019-09-11 19:01:46,581 [grpc-default-executor-8] INFO  client.GrpcClientProtocolClient (GrpcClientProtocolClient.java:onNext(264)) - client-AC8CE528086A->d1e1b199-a92a-4c37-98e7-20a84e9cbec2: receive RaftClientReply:client-AC8CE528086A->d1e1b199-a92a-4c37-98e7-20a84e9cbec2@group-0BBEB04936B1, cid=42, FAILED org.apache.ratis.protocol.NotLeaderException: Server d1e1b199-a92a-4c37-98e7-20a84e9cbec2@group-0BBEB04936B1 is not the leader 317be899-a5e7-4874-8b34-173a53939308:192.168.5.143:42053, logIndex=0, commits[d1e1b199-a92a-4c37-98e7-20a84e9cbec2:c6, 317be899-a5e7-4874-8b34-173a53939308:c6, b0d4f042-2fdd-43c4-bade-ce7ad6576109:c4]
2019-09-11 19:01:46,819 [java.util.concurrent.ThreadPoolExecutor$Worker@7266fed5[State = -1, empty queue]] WARN  server.GrpcLogAppender (GrpcLogAppender.java:timeoutAppendRequest(200)) - 317be899-a5e7-4874-8b34-173a53939308@group-0BBEB04936B1->d1e1b199-a92a-4c37-98e7-20a84e9cbec2-GrpcLogAppender: appendEntries Timeout, request=317be899-a5e7-4874-8b34-173a53939308->d1e1b199-a92a-4c37-98e7-20a84e9cbec2#26-t1, previous=(t:1, i:12), leaderCommit=6, initializing? false, entries: <empty>
2019-09-11 19:01:46,819 [java.util.concurrent.ThreadPoolExecutor$Worker@20491363[State = -1, empty queue]] WARN  server.GrpcLogAppender (GrpcLogAppender.java:timeoutAppendRequest(200)) - 317be899-a5e7-4874-8b34-173a53939308@group-0BBEB04936B1->b0d4f042-2fdd-43c4-bade-ce7ad6576109-GrpcLogAppender: appendEntries Timeout, request=317be899-a5e7-4874-8b34-173a53939308->b0d4f042-2fdd-43c4-bade-ce7ad6576109#26-t1, previous=(t:1, i:12), leaderCommit=6, initializing? false, entries: <empty>
2019-09-11 19:01:48,749 [grpc-default-executor-5] INFO  impl.RaftServerProxy (RaftServerProxy.java:remove(95)) - d1e1b199-a92a-4c37-98e7-20a84e9cbec2: remove group-F8300EFDFC05:null
2019-09-11 19:01:48,755 [RatisPipelineUtilsThread] WARN  pipeline.RatisPipelineUtils (RatisPipelineUtils.java:destroyPipeline(66)) - Pipeline destroy failed for pipeline=PipelineID=2252eb15-1dec-4d2d-99c8-f8300efdfc05 dn=d1e1b199-a92a-4c37-98e7-20a84e9cbec2{ip: 192.168.5.143, host: pr-hdds-1786-trunk-xjsf7-3704618034, networkLocation: /default-rack, certSerialId: null}
2019-09-11 19:01:48,758 [grpc-default-executor-5] INFO  impl.RaftServerProxy (RaftServerProxy.java:remove(95)) - 317be899-a5e7-4874-8b34-173a53939308: remove group-F8300EFDFC05:null
2019-09-11 19:01:48,761 [RatisPipelineUtilsThread] WARN  pipeline.RatisPipelineUtils (RatisPipelineUtils.java:destroyPipeline(66)) - Pipeline destroy failed for pipeline=PipelineID=2252eb15-1dec-4d2d-99c8-f8300efdfc05 dn=317be899-a5e7-4874-8b34-173a53939308{ip: 192.168.5.143, host: pr-hdds-1786-trunk-xjsf7-3704618034, networkLocation: /default-rack, certSerialId: null}
2019-09-11 19:01:48,764 [grpc-default-executor-5] INFO  impl.RaftServerProxy (RaftServerProxy.java:remove(95)) - b0d4f042-2fdd-43c4-bade-ce7ad6576109: remove group-F8300EFDFC05:null
2019-09-11 19:01:48,766 [RatisPipelineUtilsThread] WARN  pipeline.RatisPipelineUtils (RatisPipelineUtils.java:destroyPipeline(66)) - Pipeline destroy failed for pipeline=PipelineID=2252eb15-1dec-4d2d-99c8-f8300efdfc05 dn=b0d4f042-2fdd-43c4-bade-ce7ad6576109{ip: 192.168.5.143, host: pr-hdds-1786-trunk-xjsf7-3704618034, networkLocation: /default-rack, certSerialId: null}
2019-09-11 19:01:48,767 [RatisPipelineUtilsThread] ERROR pipeline.SCMPipelineManager (Scheduler.java:lambda$schedule$1(70)) - Destroy pipeline failed for pipeline:Pipeline[ Id: 2252eb15-1dec-4d2d-99c8-f8300efdfc05, Nodes: d1e1b199-a92a-4c37-98e7-20a84e9cbec2{ip: 192.168.5.143, host: pr-hdds-1786-trunk-xjsf7-3704618034, networkLocation: /default-rack, certSerialId: null}317be899-a5e7-4874-8b34-173a53939308{ip: 192.168.5.143, host: pr-hdds-1786-trunk-xjsf7-3704618034, networkLocation: /default-rack, certSerialId: null}b0d4f042-2fdd-43c4-bade-ce7ad6576109{ip: 192.168.5.143, host: pr-hdds-1786-trunk-xjsf7-3704618034, networkLocation: /default-rack, certSerialId: null}, Type:RATIS, Factor:THREE, State:CLOSED]
org.apache.hadoop.hdds.scm.pipeline.PipelineNotFoundException: PipelineID=2252eb15-1dec-4d2d-99c8-f8300efdfc05 not found
	at org.apache.hadoop.hdds.scm.pipeline.PipelineStateMap.getPipeline(PipelineStateMap.java:132)
	at org.apache.hadoop.hdds.scm.pipeline.PipelineStateMap.removePipeline(PipelineStateMap.java:322)
	at org.apache.hadoop.hdds.scm.pipeline.PipelineStateManager.removePipeline(PipelineStateManager.java:107)
	at org.apache.hadoop.hdds.scm.pipeline.SCMPipelineManager.removePipeline(SCMPipelineManager.java:423)
	at org.apache.hadoop.hdds.scm.pipeline.SCMPipelineManager.destroyPipeline(SCMPipelineManager.java:409)
	at org.apache.hadoop.hdds.scm.pipeline.SCMPipelineManager.lambda$finalizeAndDestroyPipeline$0(SCMPipelineManager.java:318)
	at org.apache.hadoop.utils.Scheduler.lambda$schedule$1(Scheduler.java:68)
	at java.util.concurrent.Executors$RunnableAdapter.call(Executors.java:511)
	at java.util.concurrent.FutureTask.run(FutureTask.java:266)
	at java.util.concurrent.ScheduledThreadPoolExecutor$ScheduledFutureTask.access$201(ScheduledThreadPoolExecutor.java:180)
	at java.util.concurrent.ScheduledThreadPoolExecutor$ScheduledFutureTask.run(ScheduledThreadPoolExecutor.java:293)
	at java.util.concurrent.ThreadPoolExecutor.runWorker(ThreadPoolExecutor.java:1149)
	at java.util.concurrent.ThreadPoolExecutor$Worker.run(ThreadPoolExecutor.java:624)
	at java.lang.Thread.run(Thread.java:748)
2019-09-11 19:01:49,320 [java.util.concurrent.ThreadPoolExecutor$Worker@20491363[State = -1, empty queue]] WARN  server.GrpcLogAppender (GrpcLogAppender.java:timeoutAppendRequest(200)) - 317be899-a5e7-4874-8b34-173a53939308@group-0BBEB04936B1->b0d4f042-2fdd-43c4-bade-ce7ad6576109-GrpcLogAppender: appendEntries Timeout, request=317be899-a5e7-4874-8b34-173a53939308->b0d4f042-2fdd-43c4-bade-ce7ad6576109#27-t1, previous=(t:1, i:12), leaderCommit=6, initializing? false, entries: <empty>
2019-09-11 19:01:49,320 [java.util.concurrent.ThreadPoolExecutor$Worker@7266fed5[State = -1, empty queue]] WARN  server.GrpcLogAppender (GrpcLogAppender.java:timeoutAppendRequest(200)) - 317be899-a5e7-4874-8b34-173a53939308@group-0BBEB04936B1->d1e1b199-a92a-4c37-98e7-20a84e9cbec2-GrpcLogAppender: appendEntries Timeout, request=317be899-a5e7-4874-8b34-173a53939308->d1e1b199-a92a-4c37-98e7-20a84e9cbec2#27-t1, previous=(t:1, i:12), leaderCommit=6, initializing? false, entries: <empty>
2019-09-11 19:01:50,746 [grpc-default-executor-8] INFO  impl.RaftServerProxy (RaftServerProxy.java:remove(95)) - d1e1b199-a92a-4c37-98e7-20a84e9cbec2: remove group-F8300EFDFC05:null
2019-09-11 19:01:50,749 [RatisPipelineUtilsThread] WARN  pipeline.RatisPipelineUtils (RatisPipelineUtils.java:destroyPipeline(66)) - Pipeline destroy failed for pipeline=PipelineID=2252eb15-1dec-4d2d-99c8-f8300efdfc05 dn=d1e1b199-a92a-4c37-98e7-20a84e9cbec2{ip: 192.168.5.143, host: pr-hdds-1786-trunk-xjsf7-3704618034, networkLocation: /default-rack, certSerialId: null}
2019-09-11 19:01:50,753 [grpc-default-executor-8] INFO  impl.RaftServerProxy (RaftServerProxy.java:remove(95)) - 317be899-a5e7-4874-8b34-173a53939308: remove group-F8300EFDFC05:null
2019-09-11 19:01:50,756 [RatisPipelineUtilsThread] WARN  pipeline.RatisPipelineUtils (RatisPipelineUtils.java:destroyPipeline(66)) - Pipeline destroy failed for pipeline=PipelineID=2252eb15-1dec-4d2d-99c8-f8300efdfc05 dn=317be899-a5e7-4874-8b34-173a53939308{ip: 192.168.5.143, host: pr-hdds-1786-trunk-xjsf7-3704618034, networkLocation: /default-rack, certSerialId: null}
2019-09-11 19:01:50,759 [grpc-default-executor-8] INFO  impl.RaftServerProxy (RaftServerProxy.java:remove(95)) - b0d4f042-2fdd-43c4-bade-ce7ad6576109: remove group-F8300EFDFC05:null
2019-09-11 19:01:50,762 [RatisPipelineUtilsThread] WARN  pipeline.RatisPipelineUtils (RatisPipelineUtils.java:destroyPipeline(66)) - Pipeline destroy failed for pipeline=PipelineID=2252eb15-1dec-4d2d-99c8-f8300efdfc05 dn=b0d4f042-2fdd-43c4-bade-ce7ad6576109{ip: 192.168.5.143, host: pr-hdds-1786-trunk-xjsf7-3704618034, networkLocation: /default-rack, certSerialId: null}
2019-09-11 19:01:50,763 [RatisPipelineUtilsThread] ERROR pipeline.SCMPipelineManager (Scheduler.java:lambda$schedule$1(70)) - Destroy pipeline failed for pipeline:Pipeline[ Id: 2252eb15-1dec-4d2d-99c8-f8300efdfc05, Nodes: d1e1b199-a92a-4c37-98e7-20a84e9cbec2{ip: 192.168.5.143, host: pr-hdds-1786-trunk-xjsf7-3704618034, networkLocation: /default-rack, certSerialId: null}317be899-a5e7-4874-8b34-173a53939308{ip: 192.168.5.143, host: pr-hdds-1786-trunk-xjsf7-3704618034, networkLocation: /default-rack, certSerialId: null}b0d4f042-2fdd-43c4-bade-ce7ad6576109{ip: 192.168.5.143, host: pr-hdds-1786-trunk-xjsf7-3704618034, networkLocation: /default-rack, certSerialId: null}, Type:RATIS, Factor:THREE, State:CLOSED]
org.apache.hadoop.hdds.scm.pipeline.PipelineNotFoundException: PipelineID=2252eb15-1dec-4d2d-99c8-f8300efdfc05 not found
	at org.apache.hadoop.hdds.scm.pipeline.PipelineStateMap.getPipeline(PipelineStateMap.java:132)
	at org.apache.hadoop.hdds.scm.pipeline.PipelineStateMap.removePipeline(PipelineStateMap.java:322)
	at org.apache.hadoop.hdds.scm.pipeline.PipelineStateManager.removePipeline(PipelineStateManager.java:107)
	at org.apache.hadoop.hdds.scm.pipeline.SCMPipelineManager.removePipeline(SCMPipelineManager.java:423)
	at org.apache.hadoop.hdds.scm.pipeline.SCMPipelineManager.destroyPipeline(SCMPipelineManager.java:409)
	at org.apache.hadoop.hdds.scm.pipeline.SCMPipelineManager.lambda$finalizeAndDestroyPipeline$0(SCMPipelineManager.java:318)
	at org.apache.hadoop.utils.Scheduler.lambda$schedule$1(Scheduler.java:68)
	at java.util.concurrent.Executors$RunnableAdapter.call(Executors.java:511)
	at java.util.concurrent.FutureTask.run(FutureTask.java:266)
	at java.util.concurrent.ScheduledThreadPoolExecutor$ScheduledFutureTask.access$201(ScheduledThreadPoolExecutor.java:180)
	at java.util.concurrent.ScheduledThreadPoolExecutor$ScheduledFutureTask.run(ScheduledThreadPoolExecutor.java:293)
	at java.util.concurrent.ThreadPoolExecutor.runWorker(ThreadPoolExecutor.java:1149)
	at java.util.concurrent.ThreadPoolExecutor$Worker.run(ThreadPoolExecutor.java:624)
	at java.lang.Thread.run(Thread.java:748)
2019-09-11 19:01:51,314 [317be899-a5e7-4874-8b34-173a53939308@group-0BBEB04936B1-SegmentedRaftLogWorker] WARN  segmented.SegmentedRaftLogWorker (SegmentedRaftLogWorker.java:getFromFuture(90)) - Timeout 3/~
org.apache.ratis.protocol.TimeoutIOException: Timeout 10s: WriteLog:7: (t:1, i:7), STATEMACHINELOGENTRY, client-AC8CE528086A, cid=42-writeStateMachineData
	at org.apache.ratis.util.IOUtils.getFromFuture(IOUtils.java:87)
	at org.apache.ratis.server.raftlog.segmented.SegmentedRaftLogWorker$StateMachineDataPolicy.getFromFuture(SegmentedRaftLogWorker.java:87)
	at org.apache.ratis.server.raftlog.segmented.SegmentedRaftLogWorker$WriteLog.execute(SegmentedRaftLogWorker.java:477)
	at org.apache.ratis.server.raftlog.segmented.SegmentedRaftLogWorker.run(SegmentedRaftLogWorker.java:289)
	at java.lang.Thread.run(Thread.java:748)
Caused by: java.util.concurrent.TimeoutException
	at java.util.concurrent.CompletableFuture.timedGet(CompletableFuture.java:1771)
	at java.util.concurrent.CompletableFuture.get(CompletableFuture.java:1915)
	at org.apache.ratis.util.IOUtils.getFromFuture(IOUtils.java:79)
	... 4 more
2019-09-11 19:01:51,488 [b0d4f042-2fdd-43c4-bade-ce7ad6576109@group-0BBEB04936B1-SegmentedRaftLogWorker] WARN  segmented.SegmentedRaftLogWorker (SegmentedRaftLogWorker.java:getFromFuture(90)) - Timeout 3/~
org.apache.ratis.protocol.TimeoutIOException: Timeout 10s: WriteLog:8: (t:1, i:8), STATEMACHINELOGENTRY, client-AC8CE528086A, cid=43-writeStateMachineData
	at org.apache.ratis.util.IOUtils.getFromFuture(IOUtils.java:87)
	at org.apache.ratis.server.raftlog.segmented.SegmentedRaftLogWorker$StateMachineDataPolicy.getFromFuture(SegmentedRaftLogWorker.java:87)
	at org.apache.ratis.server.raftlog.segmented.SegmentedRaftLogWorker$WriteLog.execute(SegmentedRaftLogWorker.java:477)
	at org.apache.ratis.server.raftlog.segmented.SegmentedRaftLogWorker.run(SegmentedRaftLogWorker.java:289)
	at java.lang.Thread.run(Thread.java:748)
Caused by: java.util.concurrent.TimeoutException
	at java.util.concurrent.CompletableFuture.timedGet(CompletableFuture.java:1771)
	at java.util.concurrent.CompletableFuture.get(CompletableFuture.java:1915)
	at org.apache.ratis.util.IOUtils.getFromFuture(IOUtils.java:79)
	... 4 more
2019-09-11 19:01:51,502 [d1e1b199-a92a-4c37-98e7-20a84e9cbec2@group-0BBEB04936B1-SegmentedRaftLogWorker] WARN  segmented.SegmentedRaftLogWorker (SegmentedRaftLogWorker.java:getFromFuture(90)) - Timeout 3/~
org.apache.ratis.protocol.TimeoutIOException: Timeout 10s: WriteLog:8: (t:1, i:8), STATEMACHINELOGENTRY, client-AC8CE528086A, cid=43-writeStateMachineData
	at org.apache.ratis.util.IOUtils.getFromFuture(IOUtils.java:87)
	at org.apache.ratis.server.raftlog.segmented.SegmentedRaftLogWorker$StateMachineDataPolicy.getFromFuture(SegmentedRaftLogWorker.java:87)
	at org.apache.ratis.server.raftlog.segmented.SegmentedRaftLogWorker$WriteLog.execute(SegmentedRaftLogWorker.java:477)
	at org.apache.ratis.server.raftlog.segmented.SegmentedRaftLogWorker.run(SegmentedRaftLogWorker.java:289)
	at java.lang.Thread.run(Thread.java:748)
Caused by: java.util.concurrent.TimeoutException
	at java.util.concurrent.CompletableFuture.timedGet(CompletableFuture.java:1771)
	at java.util.concurrent.CompletableFuture.get(CompletableFuture.java:1915)
	at org.apache.ratis.util.IOUtils.getFromFuture(IOUtils.java:79)
	... 4 more
2019-09-11 19:01:51,638 [grpc-default-executor-8] INFO  client.GrpcClientProtocolClient (GrpcClientProtocolClient.java:onNext(264)) - client-AC8CE528086A->d1e1b199-a92a-4c37-98e7-20a84e9cbec2: receive RaftClientReply:client-AC8CE528086A->d1e1b199-a92a-4c37-98e7-20a84e9cbec2@group-0BBEB04936B1, cid=42, FAILED org.apache.ratis.protocol.NotLeaderException: Server d1e1b199-a92a-4c37-98e7-20a84e9cbec2@group-0BBEB04936B1 is not the leader 317be899-a5e7-4874-8b34-173a53939308:192.168.5.143:42053, logIndex=0, commits[d1e1b199-a92a-4c37-98e7-20a84e9cbec2:c6, 317be899-a5e7-4874-8b34-173a53939308:c6, b0d4f042-2fdd-43c4-bade-ce7ad6576109:c4]
2019-09-11 19:01:51,821 [java.util.concurrent.ThreadPoolExecutor$Worker@20491363[State = -1, empty queue]] WARN  server.GrpcLogAppender (GrpcLogAppender.java:timeoutAppendRequest(200)) - 317be899-a5e7-4874-8b34-173a53939308@group-0BBEB04936B1->b0d4f042-2fdd-43c4-bade-ce7ad6576109-GrpcLogAppender: appendEntries Timeout, request=317be899-a5e7-4874-8b34-173a53939308->b0d4f042-2fdd-43c4-bade-ce7ad6576109#28-t1, previous=(t:1, i:12), leaderCommit=6, initializing? false, entries: <empty>
2019-09-11 19:01:51,821 [java.util.concurrent.ThreadPoolExecutor$Worker@7266fed5[State = -1, empty queue]] WARN  server.GrpcLogAppender (GrpcLogAppender.java:timeoutAppendRequest(200)) - 317be899-a5e7-4874-8b34-173a53939308@group-0BBEB04936B1->d1e1b199-a92a-4c37-98e7-20a84e9cbec2-GrpcLogAppender: appendEntries Timeout, request=317be899-a5e7-4874-8b34-173a53939308->d1e1b199-a92a-4c37-98e7-20a84e9cbec2#28-t1, previous=(t:1, i:12), leaderCommit=6, initializing? false, entries: <empty>
2019-09-11 19:01:53,744 [grpc-default-executor-5] INFO  impl.RaftServerProxy (RaftServerProxy.java:remove(95)) - d1e1b199-a92a-4c37-98e7-20a84e9cbec2: remove group-F8300EFDFC05:null
2019-09-11 19:01:53,748 [RatisPipelineUtilsThread] WARN  pipeline.RatisPipelineUtils (RatisPipelineUtils.java:destroyPipeline(66)) - Pipeline destroy failed for pipeline=PipelineID=2252eb15-1dec-4d2d-99c8-f8300efdfc05 dn=d1e1b199-a92a-4c37-98e7-20a84e9cbec2{ip: 192.168.5.143, host: pr-hdds-1786-trunk-xjsf7-3704618034, networkLocation: /default-rack, certSerialId: null}
2019-09-11 19:01:53,752 [grpc-default-executor-5] INFO  impl.RaftServerProxy (RaftServerProxy.java:remove(95)) - 317be899-a5e7-4874-8b34-173a53939308: remove group-F8300EFDFC05:null
2019-09-11 19:01:53,754 [RatisPipelineUtilsThread] WARN  pipeline.RatisPipelineUtils (RatisPipelineUtils.java:destroyPipeline(66)) - Pipeline destroy failed for pipeline=PipelineID=2252eb15-1dec-4d2d-99c8-f8300efdfc05 dn=317be899-a5e7-4874-8b34-173a53939308{ip: 192.168.5.143, host: pr-hdds-1786-trunk-xjsf7-3704618034, networkLocation: /default-rack, certSerialId: null}
2019-09-11 19:01:53,758 [grpc-default-executor-5] INFO  impl.RaftServerProxy (RaftServerProxy.java:remove(95)) - b0d4f042-2fdd-43c4-bade-ce7ad6576109: remove group-F8300EFDFC05:null
2019-09-11 19:01:53,760 [RatisPipelineUtilsThread] WARN  pipeline.RatisPipelineUtils (RatisPipelineUtils.java:destroyPipeline(66)) - Pipeline destroy failed for pipeline=PipelineID=2252eb15-1dec-4d2d-99c8-f8300efdfc05 dn=b0d4f042-2fdd-43c4-bade-ce7ad6576109{ip: 192.168.5.143, host: pr-hdds-1786-trunk-xjsf7-3704618034, networkLocation: /default-rack, certSerialId: null}
2019-09-11 19:01:53,761 [RatisPipelineUtilsThread] ERROR pipeline.SCMPipelineManager (Scheduler.java:lambda$schedule$1(70)) - Destroy pipeline failed for pipeline:Pipeline[ Id: 2252eb15-1dec-4d2d-99c8-f8300efdfc05, Nodes: d1e1b199-a92a-4c37-98e7-20a84e9cbec2{ip: 192.168.5.143, host: pr-hdds-1786-trunk-xjsf7-3704618034, networkLocation: /default-rack, certSerialId: null}317be899-a5e7-4874-8b34-173a53939308{ip: 192.168.5.143, host: pr-hdds-1786-trunk-xjsf7-3704618034, networkLocation: /default-rack, certSerialId: null}b0d4f042-2fdd-43c4-bade-ce7ad6576109{ip: 192.168.5.143, host: pr-hdds-1786-trunk-xjsf7-3704618034, networkLocation: /default-rack, certSerialId: null}, Type:RATIS, Factor:THREE, State:CLOSED]
org.apache.hadoop.hdds.scm.pipeline.PipelineNotFoundException: PipelineID=2252eb15-1dec-4d2d-99c8-f8300efdfc05 not found
	at org.apache.hadoop.hdds.scm.pipeline.PipelineStateMap.getPipeline(PipelineStateMap.java:132)
	at org.apache.hadoop.hdds.scm.pipeline.PipelineStateMap.removePipeline(PipelineStateMap.java:322)
	at org.apache.hadoop.hdds.scm.pipeline.PipelineStateManager.removePipeline(PipelineStateManager.java:107)
	at org.apache.hadoop.hdds.scm.pipeline.SCMPipelineManager.removePipeline(SCMPipelineManager.java:423)
	at org.apache.hadoop.hdds.scm.pipeline.SCMPipelineManager.destroyPipeline(SCMPipelineManager.java:409)
	at org.apache.hadoop.hdds.scm.pipeline.SCMPipelineManager.lambda$finalizeAndDestroyPipeline$0(SCMPipelineManager.java:318)
	at org.apache.hadoop.utils.Scheduler.lambda$schedule$1(Scheduler.java:68)
	at java.util.concurrent.Executors$RunnableAdapter.call(Executors.java:511)
	at java.util.concurrent.FutureTask.run(FutureTask.java:266)
	at java.util.concurrent.ScheduledThreadPoolExecutor$ScheduledFutureTask.access$201(ScheduledThreadPoolExecutor.java:180)
	at java.util.concurrent.ScheduledThreadPoolExecutor$ScheduledFutureTask.run(ScheduledThreadPoolExecutor.java:293)
	at java.util.concurrent.ThreadPoolExecutor.runWorker(ThreadPoolExecutor.java:1149)
	at java.util.concurrent.ThreadPoolExecutor$Worker.run(ThreadPoolExecutor.java:624)
	at java.lang.Thread.run(Thread.java:748)
2019-09-11 19:01:54,322 [java.util.concurrent.ThreadPoolExecutor$Worker@20491363[State = -1, empty queue]] WARN  server.GrpcLogAppender (GrpcLogAppender.java:timeoutAppendRequest(200)) - 317be899-a5e7-4874-8b34-173a53939308@group-0BBEB04936B1->b0d4f042-2fdd-43c4-bade-ce7ad6576109-GrpcLogAppender: appendEntries Timeout, request=317be899-a5e7-4874-8b34-173a53939308->b0d4f042-2fdd-43c4-bade-ce7ad6576109#29-t1, previous=(t:1, i:12), leaderCommit=6, initializing? false, entries: <empty>
2019-09-11 19:01:54,322 [java.util.concurrent.ThreadPoolExecutor$Worker@7266fed5[State = -1, empty queue]] WARN  server.GrpcLogAppender (GrpcLogAppender.java:timeoutAppendRequest(200)) - 317be899-a5e7-4874-8b34-173a53939308@group-0BBEB04936B1->d1e1b199-a92a-4c37-98e7-20a84e9cbec2-GrpcLogAppender: appendEntries Timeout, request=317be899-a5e7-4874-8b34-173a53939308->d1e1b199-a92a-4c37-98e7-20a84e9cbec2#29-t1, previous=(t:1, i:12), leaderCommit=6, initializing? false, entries: <empty>
2019-09-11 19:01:55,745 [grpc-default-executor-5] INFO  impl.RaftServerProxy (RaftServerProxy.java:remove(95)) - d1e1b199-a92a-4c37-98e7-20a84e9cbec2: remove group-F8300EFDFC05:null
2019-09-11 19:01:55,748 [RatisPipelineUtilsThread] WARN  pipeline.RatisPipelineUtils (RatisPipelineUtils.java:destroyPipeline(66)) - Pipeline destroy failed for pipeline=PipelineID=2252eb15-1dec-4d2d-99c8-f8300efdfc05 dn=d1e1b199-a92a-4c37-98e7-20a84e9cbec2{ip: 192.168.5.143, host: pr-hdds-1786-trunk-xjsf7-3704618034, networkLocation: /default-rack, certSerialId: null}
2019-09-11 19:01:55,751 [grpc-default-executor-5] INFO  impl.RaftServerProxy (RaftServerProxy.java:remove(95)) - 317be899-a5e7-4874-8b34-173a53939308: remove group-F8300EFDFC05:null
2019-09-11 19:01:55,753 [RatisPipelineUtilsThread] WARN  pipeline.RatisPipelineUtils (RatisPipelineUtils.java:destroyPipeline(66)) - Pipeline destroy failed for pipeline=PipelineID=2252eb15-1dec-4d2d-99c8-f8300efdfc05 dn=317be899-a5e7-4874-8b34-173a53939308{ip: 192.168.5.143, host: pr-hdds-1786-trunk-xjsf7-3704618034, networkLocation: /default-rack, certSerialId: null}
2019-09-11 19:01:55,756 [grpc-default-executor-5] INFO  impl.RaftServerProxy (RaftServerProxy.java:remove(95)) - b0d4f042-2fdd-43c4-bade-ce7ad6576109: remove group-F8300EFDFC05:null
2019-09-11 19:01:55,758 [RatisPipelineUtilsThread] WARN  pipeline.RatisPipelineUtils (RatisPipelineUtils.java:destroyPipeline(66)) - Pipeline destroy failed for pipeline=PipelineID=2252eb15-1dec-4d2d-99c8-f8300efdfc05 dn=b0d4f042-2fdd-43c4-bade-ce7ad6576109{ip: 192.168.5.143, host: pr-hdds-1786-trunk-xjsf7-3704618034, networkLocation: /default-rack, certSerialId: null}
2019-09-11 19:01:55,759 [RatisPipelineUtilsThread] ERROR pipeline.SCMPipelineManager (Scheduler.java:lambda$schedule$1(70)) - Destroy pipeline failed for pipeline:Pipeline[ Id: 2252eb15-1dec-4d2d-99c8-f8300efdfc05, Nodes: d1e1b199-a92a-4c37-98e7-20a84e9cbec2{ip: 192.168.5.143, host: pr-hdds-1786-trunk-xjsf7-3704618034, networkLocation: /default-rack, certSerialId: null}317be899-a5e7-4874-8b34-173a53939308{ip: 192.168.5.143, host: pr-hdds-1786-trunk-xjsf7-3704618034, networkLocation: /default-rack, certSerialId: null}b0d4f042-2fdd-43c4-bade-ce7ad6576109{ip: 192.168.5.143, host: pr-hdds-1786-trunk-xjsf7-3704618034, networkLocation: /default-rack, certSerialId: null}, Type:RATIS, Factor:THREE, State:CLOSED]
org.apache.hadoop.hdds.scm.pipeline.PipelineNotFoundException: PipelineID=2252eb15-1dec-4d2d-99c8-f8300efdfc05 not found
	at org.apache.hadoop.hdds.scm.pipeline.PipelineStateMap.getPipeline(PipelineStateMap.java:132)
	at org.apache.hadoop.hdds.scm.pipeline.PipelineStateMap.removePipeline(PipelineStateMap.java:322)
	at org.apache.hadoop.hdds.scm.pipeline.PipelineStateManager.removePipeline(PipelineStateManager.java:107)
	at org.apache.hadoop.hdds.scm.pipeline.SCMPipelineManager.removePipeline(SCMPipelineManager.java:423)
	at org.apache.hadoop.hdds.scm.pipeline.SCMPipelineManager.destroyPipeline(SCMPipelineManager.java:409)
	at org.apache.hadoop.hdds.scm.pipeline.SCMPipelineManager.lambda$finalizeAndDestroyPipeline$0(SCMPipelineManager.java:318)
	at org.apache.hadoop.utils.Scheduler.lambda$schedule$1(Scheduler.java:68)
	at java.util.concurrent.Executors$RunnableAdapter.call(Executors.java:511)
	at java.util.concurrent.FutureTask.run(FutureTask.java:266)
	at java.util.concurrent.ScheduledThreadPoolExecutor$ScheduledFutureTask.access$201(ScheduledThreadPoolExecutor.java:180)
	at java.util.concurrent.ScheduledThreadPoolExecutor$ScheduledFutureTask.run(ScheduledThreadPoolExecutor.java:293)
	at java.util.concurrent.ThreadPoolExecutor.runWorker(ThreadPoolExecutor.java:1149)
	at java.util.concurrent.ThreadPoolExecutor$Worker.run(ThreadPoolExecutor.java:624)
	at java.lang.Thread.run(Thread.java:748)
2019-09-11 19:01:56,681 [grpc-default-executor-4] INFO  client.GrpcClientProtocolClient (GrpcClientProtocolClient.java:onNext(264)) - client-AC8CE528086A->d1e1b199-a92a-4c37-98e7-20a84e9cbec2: receive RaftClientReply:client-AC8CE528086A->d1e1b199-a92a-4c37-98e7-20a84e9cbec2@group-0BBEB04936B1, cid=42, FAILED org.apache.ratis.protocol.NotLeaderException: Server d1e1b199-a92a-4c37-98e7-20a84e9cbec2@group-0BBEB04936B1 is not the leader 317be899-a5e7-4874-8b34-173a53939308:192.168.5.143:42053, logIndex=0, commits[d1e1b199-a92a-4c37-98e7-20a84e9cbec2:c6, 317be899-a5e7-4874-8b34-173a53939308:c6, b0d4f042-2fdd-43c4-bade-ce7ad6576109:c4]
2019-09-11 19:01:56,822 [java.util.concurrent.ThreadPoolExecutor$Worker@7266fed5[State = -1, empty queue]] WARN  server.GrpcLogAppender (GrpcLogAppender.java:timeoutAppendRequest(200)) - 317be899-a5e7-4874-8b34-173a53939308@group-0BBEB04936B1->d1e1b199-a92a-4c37-98e7-20a84e9cbec2-GrpcLogAppender: appendEntries Timeout, request=317be899-a5e7-4874-8b34-173a53939308->d1e1b199-a92a-4c37-98e7-20a84e9cbec2#30-t1, previous=(t:1, i:12), leaderCommit=6, initializing? false, entries: <empty>
2019-09-11 19:01:56,822 [java.util.concurrent.ThreadPoolExecutor$Worker@20491363[State = -1, empty queue]] WARN  server.GrpcLogAppender (GrpcLogAppender.java:timeoutAppendRequest(200)) - 317be899-a5e7-4874-8b34-173a53939308@group-0BBEB04936B1->b0d4f042-2fdd-43c4-bade-ce7ad6576109-GrpcLogAppender: appendEntries Timeout, request=317be899-a5e7-4874-8b34-173a53939308->b0d4f042-2fdd-43c4-bade-ce7ad6576109#30-t1, previous=(t:1, i:12), leaderCommit=6, initializing? false, entries: <empty>
2019-09-11 19:01:58,747 [grpc-default-executor-4] INFO  impl.RaftServerProxy (RaftServerProxy.java:remove(95)) - d1e1b199-a92a-4c37-98e7-20a84e9cbec2: remove group-F8300EFDFC05:null
2019-09-11 19:01:58,751 [RatisPipelineUtilsThread] WARN  pipeline.RatisPipelineUtils (RatisPipelineUtils.java:destroyPipeline(66)) - Pipeline destroy failed for pipeline=PipelineID=2252eb15-1dec-4d2d-99c8-f8300efdfc05 dn=d1e1b199-a92a-4c37-98e7-20a84e9cbec2{ip: 192.168.5.143, host: pr-hdds-1786-trunk-xjsf7-3704618034, networkLocation: /default-rack, certSerialId: null}
2019-09-11 19:01:58,753 [grpc-default-executor-4] INFO  impl.RaftServerProxy (RaftServerProxy.java:remove(95)) - 317be899-a5e7-4874-8b34-173a53939308: remove group-F8300EFDFC05:null
2019-09-11 19:01:58,756 [RatisPipelineUtilsThread] WARN  pipeline.RatisPipelineUtils (RatisPipelineUtils.java:destroyPipeline(66)) - Pipeline destroy failed for pipeline=PipelineID=2252eb15-1dec-4d2d-99c8-f8300efdfc05 dn=317be899-a5e7-4874-8b34-173a53939308{ip: 192.168.5.143, host: pr-hdds-1786-trunk-xjsf7-3704618034, networkLocation: /default-rack, certSerialId: null}
2019-09-11 19:01:58,758 [grpc-default-executor-4] INFO  impl.RaftServerProxy (RaftServerProxy.java:remove(95)) - b0d4f042-2fdd-43c4-bade-ce7ad6576109: remove group-F8300EFDFC05:null
2019-09-11 19:01:58,760 [RatisPipelineUtilsThread] WARN  pipeline.RatisPipelineUtils (RatisPipelineUtils.java:destroyPipeline(66)) - Pipeline destroy failed for pipeline=PipelineID=2252eb15-1dec-4d2d-99c8-f8300efdfc05 dn=b0d4f042-2fdd-43c4-bade-ce7ad6576109{ip: 192.168.5.143, host: pr-hdds-1786-trunk-xjsf7-3704618034, networkLocation: /default-rack, certSerialId: null}
2019-09-11 19:01:58,760 [RatisPipelineUtilsThread] ERROR pipeline.SCMPipelineManager (Scheduler.java:lambda$schedule$1(70)) - Destroy pipeline failed for pipeline:Pipeline[ Id: 2252eb15-1dec-4d2d-99c8-f8300efdfc05, Nodes: d1e1b199-a92a-4c37-98e7-20a84e9cbec2{ip: 192.168.5.143, host: pr-hdds-1786-trunk-xjsf7-3704618034, networkLocation: /default-rack, certSerialId: null}317be899-a5e7-4874-8b34-173a53939308{ip: 192.168.5.143, host: pr-hdds-1786-trunk-xjsf7-3704618034, networkLocation: /default-rack, certSerialId: null}b0d4f042-2fdd-43c4-bade-ce7ad6576109{ip: 192.168.5.143, host: pr-hdds-1786-trunk-xjsf7-3704618034, networkLocation: /default-rack, certSerialId: null}, Type:RATIS, Factor:THREE, State:CLOSED]
org.apache.hadoop.hdds.scm.pipeline.PipelineNotFoundException: PipelineID=2252eb15-1dec-4d2d-99c8-f8300efdfc05 not found
	at org.apache.hadoop.hdds.scm.pipeline.PipelineStateMap.getPipeline(PipelineStateMap.java:132)
	at org.apache.hadoop.hdds.scm.pipeline.PipelineStateMap.removePipeline(PipelineStateMap.java:322)
	at org.apache.hadoop.hdds.scm.pipeline.PipelineStateManager.removePipeline(PipelineStateManager.java:107)
	at org.apache.hadoop.hdds.scm.pipeline.SCMPipelineManager.removePipeline(SCMPipelineManager.java:423)
	at org.apache.hadoop.hdds.scm.pipeline.SCMPipelineManager.destroyPipeline(SCMPipelineManager.java:409)
	at org.apache.hadoop.hdds.scm.pipeline.SCMPipelineManager.lambda$finalizeAndDestroyPipeline$0(SCMPipelineManager.java:318)
	at org.apache.hadoop.utils.Scheduler.lambda$schedule$1(Scheduler.java:68)
	at java.util.concurrent.Executors$RunnableAdapter.call(Executors.java:511)
	at java.util.concurrent.FutureTask.run(FutureTask.java:266)
	at java.util.concurrent.ScheduledThreadPoolExecutor$ScheduledFutureTask.access$201(ScheduledThreadPoolExecutor.java:180)
	at java.util.concurrent.ScheduledThreadPoolExecutor$ScheduledFutureTask.run(ScheduledThreadPoolExecutor.java:293)
	at java.util.concurrent.ThreadPoolExecutor.runWorker(ThreadPoolExecutor.java:1149)
	at java.util.concurrent.ThreadPoolExecutor$Worker.run(ThreadPoolExecutor.java:624)
	at java.lang.Thread.run(Thread.java:748)
2019-09-11 19:01:59,322 [java.util.concurrent.ThreadPoolExecutor$Worker@7266fed5[State = -1, empty queue]] WARN  server.GrpcLogAppender (GrpcLogAppender.java:timeoutAppendRequest(200)) - 317be899-a5e7-4874-8b34-173a53939308@group-0BBEB04936B1->d1e1b199-a92a-4c37-98e7-20a84e9cbec2-GrpcLogAppender: appendEntries Timeout, request=317be899-a5e7-4874-8b34-173a53939308->d1e1b199-a92a-4c37-98e7-20a84e9cbec2#31-t1, previous=(t:1, i:12), leaderCommit=6, initializing? false, entries: <empty>
2019-09-11 19:01:59,322 [java.util.concurrent.ThreadPoolExecutor$Worker@20491363[State = -1, empty queue]] WARN  server.GrpcLogAppender (GrpcLogAppender.java:timeoutAppendRequest(200)) - 317be899-a5e7-4874-8b34-173a53939308@group-0BBEB04936B1->b0d4f042-2fdd-43c4-bade-ce7ad6576109-GrpcLogAppender: appendEntries Timeout, request=317be899-a5e7-4874-8b34-173a53939308->b0d4f042-2fdd-43c4-bade-ce7ad6576109#31-t1, previous=(t:1, i:12), leaderCommit=6, initializing? false, entries: <empty>
2019-09-11 19:02:00,745 [grpc-default-executor-4] INFO  impl.RaftServerProxy (RaftServerProxy.java:remove(95)) - d1e1b199-a92a-4c37-98e7-20a84e9cbec2: remove group-F8300EFDFC05:null
2019-09-11 19:02:00,748 [RatisPipelineUtilsThread] WARN  pipeline.RatisPipelineUtils (RatisPipelineUtils.java:destroyPipeline(66)) - Pipeline destroy failed for pipeline=PipelineID=2252eb15-1dec-4d2d-99c8-f8300efdfc05 dn=d1e1b199-a92a-4c37-98e7-20a84e9cbec2{ip: 192.168.5.143, host: pr-hdds-1786-trunk-xjsf7-3704618034, networkLocation: /default-rack, certSerialId: null}
2019-09-11 19:02:00,752 [grpc-default-executor-4] INFO  impl.RaftServerProxy (RaftServerProxy.java:remove(95)) - 317be899-a5e7-4874-8b34-173a53939308: remove group-F8300EFDFC05:null
2019-09-11 19:02:00,755 [RatisPipelineUtilsThread] WARN  pipeline.RatisPipelineUtils (RatisPipelineUtils.java:destroyPipeline(66)) - Pipeline destroy failed for pipeline=PipelineID=2252eb15-1dec-4d2d-99c8-f8300efdfc05 dn=317be899-a5e7-4874-8b34-173a53939308{ip: 192.168.5.143, host: pr-hdds-1786-trunk-xjsf7-3704618034, networkLocation: /default-rack, certSerialId: null}
2019-09-11 19:02:00,758 [grpc-default-executor-4] INFO  impl.RaftServerProxy (RaftServerProxy.java:remove(95)) - b0d4f042-2fdd-43c4-bade-ce7ad6576109: remove group-F8300EFDFC05:null
2019-09-11 19:02:00,760 [RatisPipelineUtilsThread] WARN  pipeline.RatisPipelineUtils (RatisPipelineUtils.java:destroyPipeline(66)) - Pipeline destroy failed for pipeline=PipelineID=2252eb15-1dec-4d2d-99c8-f8300efdfc05 dn=b0d4f042-2fdd-43c4-bade-ce7ad6576109{ip: 192.168.5.143, host: pr-hdds-1786-trunk-xjsf7-3704618034, networkLocation: /default-rack, certSerialId: null}
2019-09-11 19:02:00,761 [RatisPipelineUtilsThread] ERROR pipeline.SCMPipelineManager (Scheduler.java:lambda$schedule$1(70)) - Destroy pipeline failed for pipeline:Pipeline[ Id: 2252eb15-1dec-4d2d-99c8-f8300efdfc05, Nodes: d1e1b199-a92a-4c37-98e7-20a84e9cbec2{ip: 192.168.5.143, host: pr-hdds-1786-trunk-xjsf7-3704618034, networkLocation: /default-rack, certSerialId: null}317be899-a5e7-4874-8b34-173a53939308{ip: 192.168.5.143, host: pr-hdds-1786-trunk-xjsf7-3704618034, networkLocation: /default-rack, certSerialId: null}b0d4f042-2fdd-43c4-bade-ce7ad6576109{ip: 192.168.5.143, host: pr-hdds-1786-trunk-xjsf7-3704618034, networkLocation: /default-rack, certSerialId: null}, Type:RATIS, Factor:THREE, State:CLOSED]
org.apache.hadoop.hdds.scm.pipeline.PipelineNotFoundException: PipelineID=2252eb15-1dec-4d2d-99c8-f8300efdfc05 not found
	at org.apache.hadoop.hdds.scm.pipeline.PipelineStateMap.getPipeline(PipelineStateMap.java:132)
	at org.apache.hadoop.hdds.scm.pipeline.PipelineStateMap.removePipeline(PipelineStateMap.java:322)
	at org.apache.hadoop.hdds.scm.pipeline.PipelineStateManager.removePipeline(PipelineStateManager.java:107)
	at org.apache.hadoop.hdds.scm.pipeline.SCMPipelineManager.removePipeline(SCMPipelineManager.java:423)
	at org.apache.hadoop.hdds.scm.pipeline.SCMPipelineManager.destroyPipeline(SCMPipelineManager.java:409)
	at org.apache.hadoop.hdds.scm.pipeline.SCMPipelineManager.lambda$finalizeAndDestroyPipeline$0(SCMPipelineManager.java:318)
	at org.apache.hadoop.utils.Scheduler.lambda$schedule$1(Scheduler.java:68)
	at java.util.concurrent.Executors$RunnableAdapter.call(Executors.java:511)
	at java.util.concurrent.FutureTask.run(FutureTask.java:266)
	at java.util.concurrent.ScheduledThreadPoolExecutor$ScheduledFutureTask.access$201(ScheduledThreadPoolExecutor.java:180)
	at java.util.concurrent.ScheduledThreadPoolExecutor$ScheduledFutureTask.run(ScheduledThreadPoolExecutor.java:293)
	at java.util.concurrent.ThreadPoolExecutor.runWorker(ThreadPoolExecutor.java:1149)
	at java.util.concurrent.ThreadPoolExecutor$Worker.run(ThreadPoolExecutor.java:624)
	at java.lang.Thread.run(Thread.java:748)
2019-09-11 19:02:01,315 [317be899-a5e7-4874-8b34-173a53939308@group-0BBEB04936B1-SegmentedRaftLogWorker] WARN  segmented.SegmentedRaftLogWorker (SegmentedRaftLogWorker.java:getFromFuture(90)) - Timeout 4/~
org.apache.ratis.protocol.TimeoutIOException: Timeout 10s: WriteLog:7: (t:1, i:7), STATEMACHINELOGENTRY, client-AC8CE528086A, cid=42-writeStateMachineData
	at org.apache.ratis.util.IOUtils.getFromFuture(IOUtils.java:87)
	at org.apache.ratis.server.raftlog.segmented.SegmentedRaftLogWorker$StateMachineDataPolicy.getFromFuture(SegmentedRaftLogWorker.java:87)
	at org.apache.ratis.server.raftlog.segmented.SegmentedRaftLogWorker$WriteLog.execute(SegmentedRaftLogWorker.java:477)
	at org.apache.ratis.server.raftlog.segmented.SegmentedRaftLogWorker.run(SegmentedRaftLogWorker.java:289)
	at java.lang.Thread.run(Thread.java:748)
Caused by: java.util.concurrent.TimeoutException
	at java.util.concurrent.CompletableFuture.timedGet(CompletableFuture.java:1771)
	at java.util.concurrent.CompletableFuture.get(CompletableFuture.java:1915)
	at org.apache.ratis.util.IOUtils.getFromFuture(IOUtils.java:79)
	... 4 more
2019-09-11 19:02:01,488 [b0d4f042-2fdd-43c4-bade-ce7ad6576109@group-0BBEB04936B1-SegmentedRaftLogWorker] WARN  segmented.SegmentedRaftLogWorker (SegmentedRaftLogWorker.java:getFromFuture(90)) - Timeout 4/~
org.apache.ratis.protocol.TimeoutIOException: Timeout 10s: WriteLog:8: (t:1, i:8), STATEMACHINELOGENTRY, client-AC8CE528086A, cid=43-writeStateMachineData
	at org.apache.ratis.util.IOUtils.getFromFuture(IOUtils.java:87)
	at org.apache.ratis.server.raftlog.segmented.SegmentedRaftLogWorker$StateMachineDataPolicy.getFromFuture(SegmentedRaftLogWorker.java:87)
	at org.apache.ratis.server.raftlog.segmented.SegmentedRaftLogWorker$WriteLog.execute(SegmentedRaftLogWorker.java:477)
	at org.apache.ratis.server.raftlog.segmented.SegmentedRaftLogWorker.run(SegmentedRaftLogWorker.java:289)
	at java.lang.Thread.run(Thread.java:748)
Caused by: java.util.concurrent.TimeoutException
	at java.util.concurrent.CompletableFuture.timedGet(CompletableFuture.java:1771)
	at java.util.concurrent.CompletableFuture.get(CompletableFuture.java:1915)
	at org.apache.ratis.util.IOUtils.getFromFuture(IOUtils.java:79)
	... 4 more
2019-09-11 19:02:01,502 [d1e1b199-a92a-4c37-98e7-20a84e9cbec2@group-0BBEB04936B1-SegmentedRaftLogWorker] WARN  segmented.SegmentedRaftLogWorker (SegmentedRaftLogWorker.java:getFromFuture(90)) - Timeout 4/~
org.apache.ratis.protocol.TimeoutIOException: Timeout 10s: WriteLog:8: (t:1, i:8), STATEMACHINELOGENTRY, client-AC8CE528086A, cid=43-writeStateMachineData
	at org.apache.ratis.util.IOUtils.getFromFuture(IOUtils.java:87)
	at org.apache.ratis.server.raftlog.segmented.SegmentedRaftLogWorker$StateMachineDataPolicy.getFromFuture(SegmentedRaftLogWorker.java:87)
	at org.apache.ratis.server.raftlog.segmented.SegmentedRaftLogWorker$WriteLog.execute(SegmentedRaftLogWorker.java:477)
	at org.apache.ratis.server.raftlog.segmented.SegmentedRaftLogWorker.run(SegmentedRaftLogWorker.java:289)
	at java.lang.Thread.run(Thread.java:748)
Caused by: java.util.concurrent.TimeoutException
	at java.util.concurrent.CompletableFuture.timedGet(CompletableFuture.java:1771)
	at java.util.concurrent.CompletableFuture.get(CompletableFuture.java:1915)
	at org.apache.ratis.util.IOUtils.getFromFuture(IOUtils.java:79)
	... 4 more
2019-09-11 19:02:01,722 [grpc-default-executor-5] INFO  client.GrpcClientProtocolClient (GrpcClientProtocolClient.java:onNext(264)) - client-AC8CE528086A->d1e1b199-a92a-4c37-98e7-20a84e9cbec2: receive RaftClientReply:client-AC8CE528086A->d1e1b199-a92a-4c37-98e7-20a84e9cbec2@group-0BBEB04936B1, cid=42, FAILED org.apache.ratis.protocol.NotLeaderException: Server d1e1b199-a92a-4c37-98e7-20a84e9cbec2@group-0BBEB04936B1 is not the leader 317be899-a5e7-4874-8b34-173a53939308:192.168.5.143:42053, logIndex=0, commits[d1e1b199-a92a-4c37-98e7-20a84e9cbec2:c6, 317be899-a5e7-4874-8b34-173a53939308:c6, b0d4f042-2fdd-43c4-bade-ce7ad6576109:c4]
2019-09-11 19:02:01,823 [java.util.concurrent.ThreadPoolExecutor$Worker@20491363[State = -1, empty queue]] WARN  server.GrpcLogAppender (GrpcLogAppender.java:timeoutAppendRequest(200)) - 317be899-a5e7-4874-8b34-173a53939308@group-0BBEB04936B1->b0d4f042-2fdd-43c4-bade-ce7ad6576109-GrpcLogAppender: appendEntries Timeout, request=317be899-a5e7-4874-8b34-173a53939308->b0d4f042-2fdd-43c4-bade-ce7ad6576109#32-t1, previous=(t:1, i:12), leaderCommit=6, initializing? false, entries: <empty>
2019-09-11 19:02:01,823 [java.util.concurrent.ThreadPoolExecutor$Worker@7266fed5[State = -1, empty queue]] WARN  server.GrpcLogAppender (GrpcLogAppender.java:timeoutAppendRequest(200)) - 317be899-a5e7-4874-8b34-173a53939308@group-0BBEB04936B1->d1e1b199-a92a-4c37-98e7-20a84e9cbec2-GrpcLogAppender: appendEntries Timeout, request=317be899-a5e7-4874-8b34-173a53939308->d1e1b199-a92a-4c37-98e7-20a84e9cbec2#32-t1, previous=(t:1, i:12), leaderCommit=6, initializing? false, entries: <empty>
2019-09-11 19:02:03,746 [grpc-default-executor-4] INFO  impl.RaftServerProxy (RaftServerProxy.java:remove(95)) - d1e1b199-a92a-4c37-98e7-20a84e9cbec2: remove group-F8300EFDFC05:null
2019-09-11 19:02:03,749 [RatisPipelineUtilsThread] WARN  pipeline.RatisPipelineUtils (RatisPipelineUtils.java:destroyPipeline(66)) - Pipeline destroy failed for pipeline=PipelineID=2252eb15-1dec-4d2d-99c8-f8300efdfc05 dn=d1e1b199-a92a-4c37-98e7-20a84e9cbec2{ip: 192.168.5.143, host: pr-hdds-1786-trunk-xjsf7-3704618034, networkLocation: /default-rack, certSerialId: null}
2019-09-11 19:02:03,753 [grpc-default-executor-4] INFO  impl.RaftServerProxy (RaftServerProxy.java:remove(95)) - 317be899-a5e7-4874-8b34-173a53939308: remove group-F8300EFDFC05:null
2019-09-11 19:02:03,755 [RatisPipelineUtilsThread] WARN  pipeline.RatisPipelineUtils (RatisPipelineUtils.java:destroyPipeline(66)) - Pipeline destroy failed for pipeline=PipelineID=2252eb15-1dec-4d2d-99c8-f8300efdfc05 dn=317be899-a5e7-4874-8b34-173a53939308{ip: 192.168.5.143, host: pr-hdds-1786-trunk-xjsf7-3704618034, networkLocation: /default-rack, certSerialId: null}
2019-09-11 19:02:03,758 [grpc-default-executor-4] INFO  impl.RaftServerProxy (RaftServerProxy.java:remove(95)) - b0d4f042-2fdd-43c4-bade-ce7ad6576109: remove group-F8300EFDFC05:null
2019-09-11 19:02:03,760 [RatisPipelineUtilsThread] WARN  pipeline.RatisPipelineUtils (RatisPipelineUtils.java:destroyPipeline(66)) - Pipeline destroy failed for pipeline=PipelineID=2252eb15-1dec-4d2d-99c8-f8300efdfc05 dn=b0d4f042-2fdd-43c4-bade-ce7ad6576109{ip: 192.168.5.143, host: pr-hdds-1786-trunk-xjsf7-3704618034, networkLocation: /default-rack, certSerialId: null}
2019-09-11 19:02:03,760 [RatisPipelineUtilsThread] ERROR pipeline.SCMPipelineManager (Scheduler.java:lambda$schedule$1(70)) - Destroy pipeline failed for pipeline:Pipeline[ Id: 2252eb15-1dec-4d2d-99c8-f8300efdfc05, Nodes: d1e1b199-a92a-4c37-98e7-20a84e9cbec2{ip: 192.168.5.143, host: pr-hdds-1786-trunk-xjsf7-3704618034, networkLocation: /default-rack, certSerialId: null}317be899-a5e7-4874-8b34-173a53939308{ip: 192.168.5.143, host: pr-hdds-1786-trunk-xjsf7-3704618034, networkLocation: /default-rack, certSerialId: null}b0d4f042-2fdd-43c4-bade-ce7ad6576109{ip: 192.168.5.143, host: pr-hdds-1786-trunk-xjsf7-3704618034, networkLocation: /default-rack, certSerialId: null}, Type:RATIS, Factor:THREE, State:CLOSED]
org.apache.hadoop.hdds.scm.pipeline.PipelineNotFoundException: PipelineID=2252eb15-1dec-4d2d-99c8-f8300efdfc05 not found
	at org.apache.hadoop.hdds.scm.pipeline.PipelineStateMap.getPipeline(PipelineStateMap.java:132)
	at org.apache.hadoop.hdds.scm.pipeline.PipelineStateMap.removePipeline(PipelineStateMap.java:322)
	at org.apache.hadoop.hdds.scm.pipeline.PipelineStateManager.removePipeline(PipelineStateManager.java:107)
	at org.apache.hadoop.hdds.scm.pipeline.SCMPipelineManager.removePipeline(SCMPipelineManager.java:423)
	at org.apache.hadoop.hdds.scm.pipeline.SCMPipelineManager.destroyPipeline(SCMPipelineManager.java:409)
	at org.apache.hadoop.hdds.scm.pipeline.SCMPipelineManager.lambda$finalizeAndDestroyPipeline$0(SCMPipelineManager.java:318)
	at org.apache.hadoop.utils.Scheduler.lambda$schedule$1(Scheduler.java:68)
	at java.util.concurrent.Executors$RunnableAdapter.call(Executors.java:511)
	at java.util.concurrent.FutureTask.run(FutureTask.java:266)
	at java.util.concurrent.ScheduledThreadPoolExecutor$ScheduledFutureTask.access$201(ScheduledThreadPoolExecutor.java:180)
	at java.util.concurrent.ScheduledThreadPoolExecutor$ScheduledFutureTask.run(ScheduledThreadPoolExecutor.java:293)
	at java.util.concurrent.ThreadPoolExecutor.runWorker(ThreadPoolExecutor.java:1149)
	at java.util.concurrent.ThreadPoolExecutor$Worker.run(ThreadPoolExecutor.java:624)
	at java.lang.Thread.run(Thread.java:748)
2019-09-11 19:02:04,323 [java.util.concurrent.ThreadPoolExecutor$Worker@7266fed5[State = -1, empty queue]] WARN  server.GrpcLogAppender (GrpcLogAppender.java:timeoutAppendRequest(200)) - 317be899-a5e7-4874-8b34-173a53939308@group-0BBEB04936B1->d1e1b199-a92a-4c37-98e7-20a84e9cbec2-GrpcLogAppender: appendEntries Timeout, request=317be899-a5e7-4874-8b34-173a53939308->d1e1b199-a92a-4c37-98e7-20a84e9cbec2#33-t1, previous=(t:1, i:12), leaderCommit=6, initializing? false, entries: <empty>
2019-09-11 19:02:04,323 [java.util.concurrent.ThreadPoolExecutor$Worker@20491363[State = -1, empty queue]] WARN  server.GrpcLogAppender (GrpcLogAppender.java:timeoutAppendRequest(200)) - 317be899-a5e7-4874-8b34-173a53939308@group-0BBEB04936B1->b0d4f042-2fdd-43c4-bade-ce7ad6576109-GrpcLogAppender: appendEntries Timeout, request=317be899-a5e7-4874-8b34-173a53939308->b0d4f042-2fdd-43c4-bade-ce7ad6576109#33-t1, previous=(t:1, i:12), leaderCommit=6, initializing? false, entries: <empty>
2019-09-11 19:02:05,752 [grpc-default-executor-4] INFO  impl.RaftServerProxy (RaftServerProxy.java:remove(95)) - d1e1b199-a92a-4c37-98e7-20a84e9cbec2: remove group-F8300EFDFC05:null
2019-09-11 19:02:05,755 [RatisPipelineUtilsThread] WARN  pipeline.RatisPipelineUtils (RatisPipelineUtils.java:destroyPipeline(66)) - Pipeline destroy failed for pipeline=PipelineID=2252eb15-1dec-4d2d-99c8-f8300efdfc05 dn=d1e1b199-a92a-4c37-98e7-20a84e9cbec2{ip: 192.168.5.143, host: pr-hdds-1786-trunk-xjsf7-3704618034, networkLocation: /default-rack, certSerialId: null}
2019-09-11 19:02:05,758 [grpc-default-executor-4] INFO  impl.RaftServerProxy (RaftServerProxy.java:remove(95)) - 317be899-a5e7-4874-8b34-173a53939308: remove group-F8300EFDFC05:null
2019-09-11 19:02:05,761 [RatisPipelineUtilsThread] WARN  pipeline.RatisPipelineUtils (RatisPipelineUtils.java:destroyPipeline(66)) - Pipeline destroy failed for pipeline=PipelineID=2252eb15-1dec-4d2d-99c8-f8300efdfc05 dn=317be899-a5e7-4874-8b34-173a53939308{ip: 192.168.5.143, host: pr-hdds-1786-trunk-xjsf7-3704618034, networkLocation: /default-rack, certSerialId: null}
2019-09-11 19:02:05,764 [grpc-default-executor-4] INFO  impl.RaftServerProxy (RaftServerProxy.java:remove(95)) - b0d4f042-2fdd-43c4-bade-ce7ad6576109: remove group-F8300EFDFC05:null
2019-09-11 19:02:05,767 [RatisPipelineUtilsThread] WARN  pipeline.RatisPipelineUtils (RatisPipelineUtils.java:destroyPipeline(66)) - Pipeline destroy failed for pipeline=PipelineID=2252eb15-1dec-4d2d-99c8-f8300efdfc05 dn=b0d4f042-2fdd-43c4-bade-ce7ad6576109{ip: 192.168.5.143, host: pr-hdds-1786-trunk-xjsf7-3704618034, networkLocation: /default-rack, certSerialId: null}
2019-09-11 19:02:05,767 [RatisPipelineUtilsThread] ERROR pipeline.SCMPipelineManager (Scheduler.java:lambda$schedule$1(70)) - Destroy pipeline failed for pipeline:Pipeline[ Id: 2252eb15-1dec-4d2d-99c8-f8300efdfc05, Nodes: d1e1b199-a92a-4c37-98e7-20a84e9cbec2{ip: 192.168.5.143, host: pr-hdds-1786-trunk-xjsf7-3704618034, networkLocation: /default-rack, certSerialId: null}317be899-a5e7-4874-8b34-173a53939308{ip: 192.168.5.143, host: pr-hdds-1786-trunk-xjsf7-3704618034, networkLocation: /default-rack, certSerialId: null}b0d4f042-2fdd-43c4-bade-ce7ad6576109{ip: 192.168.5.143, host: pr-hdds-1786-trunk-xjsf7-3704618034, networkLocation: /default-rack, certSerialId: null}, Type:RATIS, Factor:THREE, State:CLOSED]
org.apache.hadoop.hdds.scm.pipeline.PipelineNotFoundException: PipelineID=2252eb15-1dec-4d2d-99c8-f8300efdfc05 not found
	at org.apache.hadoop.hdds.scm.pipeline.PipelineStateMap.getPipeline(PipelineStateMap.java:132)
	at org.apache.hadoop.hdds.scm.pipeline.PipelineStateMap.removePipeline(PipelineStateMap.java:322)
	at org.apache.hadoop.hdds.scm.pipeline.PipelineStateManager.removePipeline(PipelineStateManager.java:107)
	at org.apache.hadoop.hdds.scm.pipeline.SCMPipelineManager.removePipeline(SCMPipelineManager.java:423)
	at org.apache.hadoop.hdds.scm.pipeline.SCMPipelineManager.destroyPipeline(SCMPipelineManager.java:409)
	at org.apache.hadoop.hdds.scm.pipeline.SCMPipelineManager.lambda$finalizeAndDestroyPipeline$0(SCMPipelineManager.java:318)
	at org.apache.hadoop.utils.Scheduler.lambda$schedule$1(Scheduler.java:68)
	at java.util.concurrent.Executors$RunnableAdapter.call(Executors.java:511)
	at java.util.concurrent.FutureTask.run(FutureTask.java:266)
	at java.util.concurrent.ScheduledThreadPoolExecutor$ScheduledFutureTask.access$201(ScheduledThreadPoolExecutor.java:180)
	at java.util.concurrent.ScheduledThreadPoolExecutor$ScheduledFutureTask.run(ScheduledThreadPoolExecutor.java:293)
	at java.util.concurrent.ThreadPoolExecutor.runWorker(ThreadPoolExecutor.java:1149)
	at java.util.concurrent.ThreadPoolExecutor$Worker.run(ThreadPoolExecutor.java:624)
	at java.lang.Thread.run(Thread.java:748)
2019-09-11 19:02:06,756 [grpc-default-executor-5] INFO  client.GrpcClientProtocolClient (GrpcClientProtocolClient.java:onNext(264)) - client-AC8CE528086A->d1e1b199-a92a-4c37-98e7-20a84e9cbec2: receive RaftClientReply:client-AC8CE528086A->d1e1b199-a92a-4c37-98e7-20a84e9cbec2@group-0BBEB04936B1, cid=42, FAILED org.apache.ratis.protocol.NotLeaderException: Server d1e1b199-a92a-4c37-98e7-20a84e9cbec2@group-0BBEB04936B1 is not the leader 317be899-a5e7-4874-8b34-173a53939308:192.168.5.143:42053, logIndex=0, commits[d1e1b199-a92a-4c37-98e7-20a84e9cbec2:c6, 317be899-a5e7-4874-8b34-173a53939308:c6, b0d4f042-2fdd-43c4-bade-ce7ad6576109:c4]
2019-09-11 19:02:06,824 [java.util.concurrent.ThreadPoolExecutor$Worker@20491363[State = -1, empty queue]] WARN  server.GrpcLogAppender (GrpcLogAppender.java:timeoutAppendRequest(200)) - 317be899-a5e7-4874-8b34-173a53939308@group-0BBEB04936B1->b0d4f042-2fdd-43c4-bade-ce7ad6576109-GrpcLogAppender: appendEntries Timeout, request=317be899-a5e7-4874-8b34-173a53939308->b0d4f042-2fdd-43c4-bade-ce7ad6576109#34-t1, previous=(t:1, i:12), leaderCommit=6, initializing? false, entries: <empty>
2019-09-11 19:02:06,824 [java.util.concurrent.ThreadPoolExecutor$Worker@7266fed5[State = -1, empty queue]] WARN  server.GrpcLogAppender (GrpcLogAppender.java:timeoutAppendRequest(200)) - 317be899-a5e7-4874-8b34-173a53939308@group-0BBEB04936B1->d1e1b199-a92a-4c37-98e7-20a84e9cbec2-GrpcLogAppender: appendEntries Timeout, request=317be899-a5e7-4874-8b34-173a53939308->d1e1b199-a92a-4c37-98e7-20a84e9cbec2#34-t1, previous=(t:1, i:12), leaderCommit=6, initializing? false, entries: <empty>
2019-09-11 19:02:08,745 [grpc-default-executor-5] INFO  impl.RaftServerProxy (RaftServerProxy.java:remove(95)) - d1e1b199-a92a-4c37-98e7-20a84e9cbec2: remove group-F8300EFDFC05:null
2019-09-11 19:02:08,748 [RatisPipelineUtilsThread] WARN  pipeline.RatisPipelineUtils (RatisPipelineUtils.java:destroyPipeline(66)) - Pipeline destroy failed for pipeline=PipelineID=2252eb15-1dec-4d2d-99c8-f8300efdfc05 dn=d1e1b199-a92a-4c37-98e7-20a84e9cbec2{ip: 192.168.5.143, host: pr-hdds-1786-trunk-xjsf7-3704618034, networkLocation: /default-rack, certSerialId: null}
2019-09-11 19:02:08,751 [grpc-default-executor-5] INFO  impl.RaftServerProxy (RaftServerProxy.java:remove(95)) - 317be899-a5e7-4874-8b34-173a53939308: remove group-F8300EFDFC05:null
2019-09-11 19:02:08,754 [RatisPipelineUtilsThread] WARN  pipeline.RatisPipelineUtils (RatisPipelineUtils.java:destroyPipeline(66)) - Pipeline destroy failed for pipeline=PipelineID=2252eb15-1dec-4d2d-99c8-f8300efdfc05 dn=317be899-a5e7-4874-8b34-173a53939308{ip: 192.168.5.143, host: pr-hdds-1786-trunk-xjsf7-3704618034, networkLocation: /default-rack, certSerialId: null}
2019-09-11 19:02:08,757 [grpc-default-executor-5] INFO  impl.RaftServerProxy (RaftServerProxy.java:remove(95)) - b0d4f042-2fdd-43c4-bade-ce7ad6576109: remove group-F8300EFDFC05:null
2019-09-11 19:02:08,759 [RatisPipelineUtilsThread] WARN  pipeline.RatisPipelineUtils (RatisPipelineUtils.java:destroyPipeline(66)) - Pipeline destroy failed for pipeline=PipelineID=2252eb15-1dec-4d2d-99c8-f8300efdfc05 dn=b0d4f042-2fdd-43c4-bade-ce7ad6576109{ip: 192.168.5.143, host: pr-hdds-1786-trunk-xjsf7-3704618034, networkLocation: /default-rack, certSerialId: null}
2019-09-11 19:02:08,759 [RatisPipelineUtilsThread] ERROR pipeline.SCMPipelineManager (Scheduler.java:lambda$schedule$1(70)) - Destroy pipeline failed for pipeline:Pipeline[ Id: 2252eb15-1dec-4d2d-99c8-f8300efdfc05, Nodes: d1e1b199-a92a-4c37-98e7-20a84e9cbec2{ip: 192.168.5.143, host: pr-hdds-1786-trunk-xjsf7-3704618034, networkLocation: /default-rack, certSerialId: null}317be899-a5e7-4874-8b34-173a53939308{ip: 192.168.5.143, host: pr-hdds-1786-trunk-xjsf7-3704618034, networkLocation: /default-rack, certSerialId: null}b0d4f042-2fdd-43c4-bade-ce7ad6576109{ip: 192.168.5.143, host: pr-hdds-1786-trunk-xjsf7-3704618034, networkLocation: /default-rack, certSerialId: null}, Type:RATIS, Factor:THREE, State:CLOSED]
org.apache.hadoop.hdds.scm.pipeline.PipelineNotFoundException: PipelineID=2252eb15-1dec-4d2d-99c8-f8300efdfc05 not found
	at org.apache.hadoop.hdds.scm.pipeline.PipelineStateMap.getPipeline(PipelineStateMap.java:132)
	at org.apache.hadoop.hdds.scm.pipeline.PipelineStateMap.removePipeline(PipelineStateMap.java:322)
	at org.apache.hadoop.hdds.scm.pipeline.PipelineStateManager.removePipeline(PipelineStateManager.java:107)
	at org.apache.hadoop.hdds.scm.pipeline.SCMPipelineManager.removePipeline(SCMPipelineManager.java:423)
	at org.apache.hadoop.hdds.scm.pipeline.SCMPipelineManager.destroyPipeline(SCMPipelineManager.java:409)
	at org.apache.hadoop.hdds.scm.pipeline.SCMPipelineManager.lambda$finalizeAndDestroyPipeline$0(SCMPipelineManager.java:318)
	at org.apache.hadoop.utils.Scheduler.lambda$schedule$1(Scheduler.java:68)
	at java.util.concurrent.Executors$RunnableAdapter.call(Executors.java:511)
	at java.util.concurrent.FutureTask.run(FutureTask.java:266)
	at java.util.concurrent.ScheduledThreadPoolExecutor$ScheduledFutureTask.access$201(ScheduledThreadPoolExecutor.java:180)
	at java.util.concurrent.ScheduledThreadPoolExecutor$ScheduledFutureTask.run(ScheduledThreadPoolExecutor.java:293)
	at java.util.concurrent.ThreadPoolExecutor.runWorker(ThreadPoolExecutor.java:1149)
	at java.util.concurrent.ThreadPoolExecutor$Worker.run(ThreadPoolExecutor.java:624)
	at java.lang.Thread.run(Thread.java:748)
2019-09-11 19:02:09,324 [java.util.concurrent.ThreadPoolExecutor$Worker@20491363[State = -1, empty queue]] WARN  server.GrpcLogAppender (GrpcLogAppender.java:timeoutAppendRequest(200)) - 317be899-a5e7-4874-8b34-173a53939308@group-0BBEB04936B1->b0d4f042-2fdd-43c4-bade-ce7ad6576109-GrpcLogAppender: appendEntries Timeout, request=317be899-a5e7-4874-8b34-173a53939308->b0d4f042-2fdd-43c4-bade-ce7ad6576109#35-t1, previous=(t:1, i:12), leaderCommit=6, initializing? false, entries: <empty>
2019-09-11 19:02:09,324 [java.util.concurrent.ThreadPoolExecutor$Worker@7266fed5[State = -1, empty queue]] WARN  server.GrpcLogAppender (GrpcLogAppender.java:timeoutAppendRequest(200)) - 317be899-a5e7-4874-8b34-173a53939308@group-0BBEB04936B1->d1e1b199-a92a-4c37-98e7-20a84e9cbec2-GrpcLogAppender: appendEntries Timeout, request=317be899-a5e7-4874-8b34-173a53939308->d1e1b199-a92a-4c37-98e7-20a84e9cbec2#35-t1, previous=(t:1, i:12), leaderCommit=6, initializing? false, entries: <empty>
2019-09-11 19:02:10,748 [grpc-default-executor-5] INFO  impl.RaftServerProxy (RaftServerProxy.java:remove(95)) - d1e1b199-a92a-4c37-98e7-20a84e9cbec2: remove group-F8300EFDFC05:null
2019-09-11 19:02:10,751 [RatisPipelineUtilsThread] WARN  pipeline.RatisPipelineUtils (RatisPipelineUtils.java:destroyPipeline(66)) - Pipeline destroy failed for pipeline=PipelineID=2252eb15-1dec-4d2d-99c8-f8300efdfc05 dn=d1e1b199-a92a-4c37-98e7-20a84e9cbec2{ip: 192.168.5.143, host: pr-hdds-1786-trunk-xjsf7-3704618034, networkLocation: /default-rack, certSerialId: null}
2019-09-11 19:02:10,754 [grpc-default-executor-5] INFO  impl.RaftServerProxy (RaftServerProxy.java:remove(95)) - 317be899-a5e7-4874-8b34-173a53939308: remove group-F8300EFDFC05:null
2019-09-11 19:02:10,756 [RatisPipelineUtilsThread] WARN  pipeline.RatisPipelineUtils (RatisPipelineUtils.java:destroyPipeline(66)) - Pipeline destroy failed for pipeline=PipelineID=2252eb15-1dec-4d2d-99c8-f8300efdfc05 dn=317be899-a5e7-4874-8b34-173a53939308{ip: 192.168.5.143, host: pr-hdds-1786-trunk-xjsf7-3704618034, networkLocation: /default-rack, certSerialId: null}
2019-09-11 19:02:10,759 [grpc-default-executor-5] INFO  impl.RaftServerProxy (RaftServerProxy.java:remove(95)) - b0d4f042-2fdd-43c4-bade-ce7ad6576109: remove group-F8300EFDFC05:null
2019-09-11 19:02:10,761 [RatisPipelineUtilsThread] WARN  pipeline.RatisPipelineUtils (RatisPipelineUtils.java:destroyPipeline(66)) - Pipeline destroy failed for pipeline=PipelineID=2252eb15-1dec-4d2d-99c8-f8300efdfc05 dn=b0d4f042-2fdd-43c4-bade-ce7ad6576109{ip: 192.168.5.143, host: pr-hdds-1786-trunk-xjsf7-3704618034, networkLocation: /default-rack, certSerialId: null}
2019-09-11 19:02:10,762 [RatisPipelineUtilsThread] ERROR pipeline.SCMPipelineManager (Scheduler.java:lambda$schedule$1(70)) - Destroy pipeline failed for pipeline:Pipeline[ Id: 2252eb15-1dec-4d2d-99c8-f8300efdfc05, Nodes: d1e1b199-a92a-4c37-98e7-20a84e9cbec2{ip: 192.168.5.143, host: pr-hdds-1786-trunk-xjsf7-3704618034, networkLocation: /default-rack, certSerialId: null}317be899-a5e7-4874-8b34-173a53939308{ip: 192.168.5.143, host: pr-hdds-1786-trunk-xjsf7-3704618034, networkLocation: /default-rack, certSerialId: null}b0d4f042-2fdd-43c4-bade-ce7ad6576109{ip: 192.168.5.143, host: pr-hdds-1786-trunk-xjsf7-3704618034, networkLocation: /default-rack, certSerialId: null}, Type:RATIS, Factor:THREE, State:CLOSED]
org.apache.hadoop.hdds.scm.pipeline.PipelineNotFoundException: PipelineID=2252eb15-1dec-4d2d-99c8-f8300efdfc05 not found
	at org.apache.hadoop.hdds.scm.pipeline.PipelineStateMap.getPipeline(PipelineStateMap.java:132)
	at org.apache.hadoop.hdds.scm.pipeline.PipelineStateMap.removePipeline(PipelineStateMap.java:322)
	at org.apache.hadoop.hdds.scm.pipeline.PipelineStateManager.removePipeline(PipelineStateManager.java:107)
	at org.apache.hadoop.hdds.scm.pipeline.SCMPipelineManager.removePipeline(SCMPipelineManager.java:423)
	at org.apache.hadoop.hdds.scm.pipeline.SCMPipelineManager.destroyPipeline(SCMPipelineManager.java:409)
	at org.apache.hadoop.hdds.scm.pipeline.SCMPipelineManager.lambda$finalizeAndDestroyPipeline$0(SCMPipelineManager.java:318)
	at org.apache.hadoop.utils.Scheduler.lambda$schedule$1(Scheduler.java:68)
	at java.util.concurrent.Executors$RunnableAdapter.call(Executors.java:511)
	at java.util.concurrent.FutureTask.run(FutureTask.java:266)
	at java.util.concurrent.ScheduledThreadPoolExecutor$ScheduledFutureTask.access$201(ScheduledThreadPoolExecutor.java:180)
	at java.util.concurrent.ScheduledThreadPoolExecutor$ScheduledFutureTask.run(ScheduledThreadPoolExecutor.java:293)
	at java.util.concurrent.ThreadPoolExecutor.runWorker(ThreadPoolExecutor.java:1149)
	at java.util.concurrent.ThreadPoolExecutor$Worker.run(ThreadPoolExecutor.java:624)
	at java.lang.Thread.run(Thread.java:748)
2019-09-11 19:02:10,899 [grpc-default-executor-5] INFO  impl.RaftServerProxy (RaftServerProxy.java:remove(95)) - d1e1b199-a92a-4c37-98e7-20a84e9cbec2: remove group-F8300EFDFC05:null
2019-09-11 19:02:10,904 [RatisPipelineUtilsThread] WARN  pipeline.RatisPipelineUtils (RatisPipelineUtils.java:destroyPipeline(66)) - Pipeline destroy failed for pipeline=PipelineID=2252eb15-1dec-4d2d-99c8-f8300efdfc05 dn=d1e1b199-a92a-4c37-98e7-20a84e9cbec2{ip: 192.168.5.143, host: pr-hdds-1786-trunk-xjsf7-3704618034, networkLocation: /default-rack, certSerialId: null}
2019-09-11 19:02:10,909 [grpc-default-executor-5] INFO  impl.RaftServerProxy (RaftServerProxy.java:remove(95)) - 317be899-a5e7-4874-8b34-173a53939308: remove group-F8300EFDFC05:null
2019-09-11 19:02:10,912 [RatisPipelineUtilsThread] WARN  pipeline.RatisPipelineUtils (RatisPipelineUtils.java:destroyPipeline(66)) - Pipeline destroy failed for pipeline=PipelineID=2252eb15-1dec-4d2d-99c8-f8300efdfc05 dn=317be899-a5e7-4874-8b34-173a53939308{ip: 192.168.5.143, host: pr-hdds-1786-trunk-xjsf7-3704618034, networkLocation: /default-rack, certSerialId: null}
2019-09-11 19:02:10,917 [grpc-default-executor-5] INFO  impl.RaftServerProxy (RaftServerProxy.java:remove(95)) - b0d4f042-2fdd-43c4-bade-ce7ad6576109: remove group-F8300EFDFC05:null
2019-09-11 19:02:10,920 [RatisPipelineUtilsThread] WARN  pipeline.RatisPipelineUtils (RatisPipelineUtils.java:destroyPipeline(66)) - Pipeline destroy failed for pipeline=PipelineID=2252eb15-1dec-4d2d-99c8-f8300efdfc05 dn=b0d4f042-2fdd-43c4-bade-ce7ad6576109{ip: 192.168.5.143, host: pr-hdds-1786-trunk-xjsf7-3704618034, networkLocation: /default-rack, certSerialId: null}
2019-09-11 19:02:10,920 [RatisPipelineUtilsThread] ERROR pipeline.SCMPipelineManager (Scheduler.java:lambda$schedule$1(70)) - Destroy pipeline failed for pipeline:Pipeline[ Id: 2252eb15-1dec-4d2d-99c8-f8300efdfc05, Nodes: d1e1b199-a92a-4c37-98e7-20a84e9cbec2{ip: 192.168.5.143, host: pr-hdds-1786-trunk-xjsf7-3704618034, networkLocation: /default-rack, certSerialId: null}317be899-a5e7-4874-8b34-173a53939308{ip: 192.168.5.143, host: pr-hdds-1786-trunk-xjsf7-3704618034, networkLocation: /default-rack, certSerialId: null}b0d4f042-2fdd-43c4-bade-ce7ad6576109{ip: 192.168.5.143, host: pr-hdds-1786-trunk-xjsf7-3704618034, networkLocation: /default-rack, certSerialId: null}, Type:RATIS, Factor:THREE, State:CLOSED]
org.apache.hadoop.hdds.scm.pipeline.PipelineNotFoundException: PipelineID=2252eb15-1dec-4d2d-99c8-f8300efdfc05 not found
	at org.apache.hadoop.hdds.scm.pipeline.PipelineStateMap.getPipeline(PipelineStateMap.java:132)
	at org.apache.hadoop.hdds.scm.pipeline.PipelineStateMap.removePipeline(PipelineStateMap.java:322)
	at org.apache.hadoop.hdds.scm.pipeline.PipelineStateManager.removePipeline(PipelineStateManager.java:107)
	at org.apache.hadoop.hdds.scm.pipeline.SCMPipelineManager.removePipeline(SCMPipelineManager.java:423)
	at org.apache.hadoop.hdds.scm.pipeline.SCMPipelineManager.destroyPipeline(SCMPipelineManager.java:409)
	at org.apache.hadoop.hdds.scm.pipeline.SCMPipelineManager.lambda$finalizeAndDestroyPipeline$0(SCMPipelineManager.java:318)
	at org.apache.hadoop.utils.Scheduler.lambda$schedule$1(Scheduler.java:68)
	at java.util.concurrent.Executors$RunnableAdapter.call(Executors.java:511)
	at java.util.concurrent.FutureTask.run(FutureTask.java:266)
	at java.util.concurrent.ScheduledThreadPoolExecutor$ScheduledFutureTask.access$201(ScheduledThreadPoolExecutor.java:180)
	at java.util.concurrent.ScheduledThreadPoolExecutor$ScheduledFutureTask.run(ScheduledThreadPoolExecutor.java:293)
	at java.util.concurrent.ThreadPoolExecutor.runWorker(ThreadPoolExecutor.java:1149)
	at java.util.concurrent.ThreadPoolExecutor$Worker.run(ThreadPoolExecutor.java:624)
	at java.lang.Thread.run(Thread.java:748)
2019-09-11 19:02:11,178 [grpc-default-executor-5] INFO  impl.RaftServerProxy (RaftServerProxy.java:remove(95)) - d1e1b199-a92a-4c37-98e7-20a84e9cbec2: remove group-F8300EFDFC05:null
2019-09-11 19:02:11,181 [RatisPipelineUtilsThread] WARN  pipeline.RatisPipelineUtils (RatisPipelineUtils.java:destroyPipeline(66)) - Pipeline destroy failed for pipeline=PipelineID=2252eb15-1dec-4d2d-99c8-f8300efdfc05 dn=d1e1b199-a92a-4c37-98e7-20a84e9cbec2{ip: 192.168.5.143, host: pr-hdds-1786-trunk-xjsf7-3704618034, networkLocation: /default-rack, certSerialId: null}
2019-09-11 19:02:11,185 [grpc-default-executor-5] INFO  impl.RaftServerProxy (RaftServerProxy.java:remove(95)) - 317be899-a5e7-4874-8b34-173a53939308: remove group-F8300EFDFC05:null
2019-09-11 19:02:11,187 [RatisPipelineUtilsThread] WARN  pipeline.RatisPipelineUtils (RatisPipelineUtils.java:destroyPipeline(66)) - Pipeline destroy failed for pipeline=PipelineID=2252eb15-1dec-4d2d-99c8-f8300efdfc05 dn=317be899-a5e7-4874-8b34-173a53939308{ip: 192.168.5.143, host: pr-hdds-1786-trunk-xjsf7-3704618034, networkLocation: /default-rack, certSerialId: null}
2019-09-11 19:02:11,190 [grpc-default-executor-5] INFO  impl.RaftServerProxy (RaftServerProxy.java:remove(95)) - b0d4f042-2fdd-43c4-bade-ce7ad6576109: remove group-F8300EFDFC05:null
2019-09-11 19:02:11,193 [RatisPipelineUtilsThread] WARN  pipeline.RatisPipelineUtils (RatisPipelineUtils.java:destroyPipeline(66)) - Pipeline destroy failed for pipeline=PipelineID=2252eb15-1dec-4d2d-99c8-f8300efdfc05 dn=b0d4f042-2fdd-43c4-bade-ce7ad6576109{ip: 192.168.5.143, host: pr-hdds-1786-trunk-xjsf7-3704618034, networkLocation: /default-rack, certSerialId: null}
2019-09-11 19:02:11,194 [RatisPipelineUtilsThread] ERROR pipeline.SCMPipelineManager (Scheduler.java:lambda$schedule$1(70)) - Destroy pipeline failed for pipeline:Pipeline[ Id: 2252eb15-1dec-4d2d-99c8-f8300efdfc05, Nodes: d1e1b199-a92a-4c37-98e7-20a84e9cbec2{ip: 192.168.5.143, host: pr-hdds-1786-trunk-xjsf7-3704618034, networkLocation: /default-rack, certSerialId: null}317be899-a5e7-4874-8b34-173a53939308{ip: 192.168.5.143, host: pr-hdds-1786-trunk-xjsf7-3704618034, networkLocation: /default-rack, certSerialId: null}b0d4f042-2fdd-43c4-bade-ce7ad6576109{ip: 192.168.5.143, host: pr-hdds-1786-trunk-xjsf7-3704618034, networkLocation: /default-rack, certSerialId: null}, Type:RATIS, Factor:THREE, State:CLOSED]
org.apache.hadoop.hdds.scm.pipeline.PipelineNotFoundException: PipelineID=2252eb15-1dec-4d2d-99c8-f8300efdfc05 not found
	at org.apache.hadoop.hdds.scm.pipeline.PipelineStateMap.getPipeline(PipelineStateMap.java:132)
	at org.apache.hadoop.hdds.scm.pipeline.PipelineStateMap.removePipeline(PipelineStateMap.java:322)
	at org.apache.hadoop.hdds.scm.pipeline.PipelineStateManager.removePipeline(PipelineStateManager.java:107)
	at org.apache.hadoop.hdds.scm.pipeline.SCMPipelineManager.removePipeline(SCMPipelineManager.java:423)
	at org.apache.hadoop.hdds.scm.pipeline.SCMPipelineManager.destroyPipeline(SCMPipelineManager.java:409)
	at org.apache.hadoop.hdds.scm.pipeline.SCMPipelineManager.lambda$finalizeAndDestroyPipeline$0(SCMPipelineManager.java:318)
	at org.apache.hadoop.utils.Scheduler.lambda$schedule$1(Scheduler.java:68)
	at java.util.concurrent.Executors$RunnableAdapter.call(Executors.java:511)
	at java.util.concurrent.FutureTask.run(FutureTask.java:266)
	at java.util.concurrent.ScheduledThreadPoolExecutor$ScheduledFutureTask.access$201(ScheduledThreadPoolExecutor.java:180)
	at java.util.concurrent.ScheduledThreadPoolExecutor$ScheduledFutureTask.run(ScheduledThreadPoolExecutor.java:293)
	at java.util.concurrent.ThreadPoolExecutor.runWorker(ThreadPoolExecutor.java:1149)
	at java.util.concurrent.ThreadPoolExecutor$Worker.run(ThreadPoolExecutor.java:624)
	at java.lang.Thread.run(Thread.java:748)
2019-09-11 19:02:11,317 [317be899-a5e7-4874-8b34-173a53939308@group-0BBEB04936B1-SegmentedRaftLogWorker] WARN  segmented.SegmentedRaftLogWorker (SegmentedRaftLogWorker.java:getFromFuture(90)) - Timeout 5/~
org.apache.ratis.protocol.TimeoutIOException: Timeout 10s: WriteLog:7: (t:1, i:7), STATEMACHINELOGENTRY, client-AC8CE528086A, cid=42-writeStateMachineData
	at org.apache.ratis.util.IOUtils.getFromFuture(IOUtils.java:87)
	at org.apache.ratis.server.raftlog.segmented.SegmentedRaftLogWorker$StateMachineDataPolicy.getFromFuture(SegmentedRaftLogWorker.java:87)
	at org.apache.ratis.server.raftlog.segmented.SegmentedRaftLogWorker$WriteLog.execute(SegmentedRaftLogWorker.java:477)
	at org.apache.ratis.server.raftlog.segmented.SegmentedRaftLogWorker.run(SegmentedRaftLogWorker.java:289)
	at java.lang.Thread.run(Thread.java:748)
Caused by: java.util.concurrent.TimeoutException
	at java.util.concurrent.CompletableFuture.timedGet(CompletableFuture.java:1771)
	at java.util.concurrent.CompletableFuture.get(CompletableFuture.java:1915)
	at org.apache.ratis.util.IOUtils.getFromFuture(IOUtils.java:79)
	... 4 more
2019-09-11 19:02:11,417 [grpc-default-executor-5] INFO  impl.RaftServerProxy (RaftServerProxy.java:remove(95)) - d1e1b199-a92a-4c37-98e7-20a84e9cbec2: remove group-F8300EFDFC05:null
2019-09-11 19:02:11,420 [RatisPipelineUtilsThread] WARN  pipeline.RatisPipelineUtils (RatisPipelineUtils.java:destroyPipeline(66)) - Pipeline destroy failed for pipeline=PipelineID=2252eb15-1dec-4d2d-99c8-f8300efdfc05 dn=d1e1b199-a92a-4c37-98e7-20a84e9cbec2{ip: 192.168.5.143, host: pr-hdds-1786-trunk-xjsf7-3704618034, networkLocation: /default-rack, certSerialId: null}
2019-09-11 19:02:11,423 [grpc-default-executor-5] INFO  impl.RaftServerProxy (RaftServerProxy.java:remove(95)) - 317be899-a5e7-4874-8b34-173a53939308: remove group-F8300EFDFC05:null
2019-09-11 19:02:11,425 [RatisPipelineUtilsThread] WARN  pipeline.RatisPipelineUtils (RatisPipelineUtils.java:destroyPipeline(66)) - Pipeline destroy failed for pipeline=PipelineID=2252eb15-1dec-4d2d-99c8-f8300efdfc05 dn=317be899-a5e7-4874-8b34-173a53939308{ip: 192.168.5.143, host: pr-hdds-1786-trunk-xjsf7-3704618034, networkLocation: /default-rack, certSerialId: null}
2019-09-11 19:02:11,428 [grpc-default-executor-5] INFO  impl.RaftServerProxy (RaftServerProxy.java:remove(95)) - b0d4f042-2fdd-43c4-bade-ce7ad6576109: remove group-F8300EFDFC05:null
2019-09-11 19:02:11,431 [RatisPipelineUtilsThread] WARN  pipeline.RatisPipelineUtils (RatisPipelineUtils.java:destroyPipeline(66)) - Pipeline destroy failed for pipeline=PipelineID=2252eb15-1dec-4d2d-99c8-f8300efdfc05 dn=b0d4f042-2fdd-43c4-bade-ce7ad6576109{ip: 192.168.5.143, host: pr-hdds-1786-trunk-xjsf7-3704618034, networkLocation: /default-rack, certSerialId: null}
2019-09-11 19:02:11,431 [RatisPipelineUtilsThread] ERROR pipeline.SCMPipelineManager (Scheduler.java:lambda$schedule$1(70)) - Destroy pipeline failed for pipeline:Pipeline[ Id: 2252eb15-1dec-4d2d-99c8-f8300efdfc05, Nodes: d1e1b199-a92a-4c37-98e7-20a84e9cbec2{ip: 192.168.5.143, host: pr-hdds-1786-trunk-xjsf7-3704618034, networkLocation: /default-rack, certSerialId: null}317be899-a5e7-4874-8b34-173a53939308{ip: 192.168.5.143, host: pr-hdds-1786-trunk-xjsf7-3704618034, networkLocation: /default-rack, certSerialId: null}b0d4f042-2fdd-43c4-bade-ce7ad6576109{ip: 192.168.5.143, host: pr-hdds-1786-trunk-xjsf7-3704618034, networkLocation: /default-rack, certSerialId: null}, Type:RATIS, Factor:THREE, State:CLOSED]
org.apache.hadoop.hdds.scm.pipeline.PipelineNotFoundException: PipelineID=2252eb15-1dec-4d2d-99c8-f8300efdfc05 not found
	at org.apache.hadoop.hdds.scm.pipeline.PipelineStateMap.getPipeline(PipelineStateMap.java:132)
	at org.apache.hadoop.hdds.scm.pipeline.PipelineStateMap.removePipeline(PipelineStateMap.java:322)
	at org.apache.hadoop.hdds.scm.pipeline.PipelineStateManager.removePipeline(PipelineStateManager.java:107)
	at org.apache.hadoop.hdds.scm.pipeline.SCMPipelineManager.removePipeline(SCMPipelineManager.java:423)
	at org.apache.hadoop.hdds.scm.pipeline.SCMPipelineManager.destroyPipeline(SCMPipelineManager.java:409)
	at org.apache.hadoop.hdds.scm.pipeline.SCMPipelineManager.lambda$finalizeAndDestroyPipeline$0(SCMPipelineManager.java:318)
	at org.apache.hadoop.utils.Scheduler.lambda$schedule$1(Scheduler.java:68)
	at java.util.concurrent.Executors$RunnableAdapter.call(Executors.java:511)
	at java.util.concurrent.FutureTask.run(FutureTask.java:266)
	at java.util.concurrent.ScheduledThreadPoolExecutor$ScheduledFutureTask.access$201(ScheduledThreadPoolExecutor.java:180)
	at java.util.concurrent.ScheduledThreadPoolExecutor$ScheduledFutureTask.run(ScheduledThreadPoolExecutor.java:293)
	at java.util.concurrent.ThreadPoolExecutor.runWorker(ThreadPoolExecutor.java:1149)
	at java.util.concurrent.ThreadPoolExecutor$Worker.run(ThreadPoolExecutor.java:624)
	at java.lang.Thread.run(Thread.java:748)
2019-09-11 19:02:11,489 [b0d4f042-2fdd-43c4-bade-ce7ad6576109@group-0BBEB04936B1-SegmentedRaftLogWorker] WARN  segmented.SegmentedRaftLogWorker (SegmentedRaftLogWorker.java:getFromFuture(90)) - Timeout 5/~
org.apache.ratis.protocol.TimeoutIOException: Timeout 10s: WriteLog:8: (t:1, i:8), STATEMACHINELOGENTRY, client-AC8CE528086A, cid=43-writeStateMachineData
	at org.apache.ratis.util.IOUtils.getFromFuture(IOUtils.java:87)
	at org.apache.ratis.server.raftlog.segmented.SegmentedRaftLogWorker$StateMachineDataPolicy.getFromFuture(SegmentedRaftLogWorker.java:87)
	at org.apache.ratis.server.raftlog.segmented.SegmentedRaftLogWorker$WriteLog.execute(SegmentedRaftLogWorker.java:477)
	at org.apache.ratis.server.raftlog.segmented.SegmentedRaftLogWorker.run(SegmentedRaftLogWorker.java:289)
	at java.lang.Thread.run(Thread.java:748)
Caused by: java.util.concurrent.TimeoutException
	at java.util.concurrent.CompletableFuture.timedGet(CompletableFuture.java:1771)
	at java.util.concurrent.CompletableFuture.get(CompletableFuture.java:1915)
	at org.apache.ratis.util.IOUtils.getFromFuture(IOUtils.java:79)
	... 4 more
2019-09-11 19:02:11,503 [d1e1b199-a92a-4c37-98e7-20a84e9cbec2@group-0BBEB04936B1-SegmentedRaftLogWorker] WARN  segmented.SegmentedRaftLogWorker (SegmentedRaftLogWorker.java:getFromFuture(90)) - Timeout 5/~
org.apache.ratis.protocol.TimeoutIOException: Timeout 10s: WriteLog:8: (t:1, i:8), STATEMACHINELOGENTRY, client-AC8CE528086A, cid=43-writeStateMachineData
	at org.apache.ratis.util.IOUtils.getFromFuture(IOUtils.java:87)
	at org.apache.ratis.server.raftlog.segmented.SegmentedRaftLogWorker$StateMachineDataPolicy.getFromFuture(SegmentedRaftLogWorker.java:87)
	at org.apache.ratis.server.raftlog.segmented.SegmentedRaftLogWorker$WriteLog.execute(SegmentedRaftLogWorker.java:477)
	at org.apache.ratis.server.raftlog.segmented.SegmentedRaftLogWorker.run(SegmentedRaftLogWorker.java:289)
	at java.lang.Thread.run(Thread.java:748)
Caused by: java.util.concurrent.TimeoutException
	at java.util.concurrent.CompletableFuture.timedGet(CompletableFuture.java:1771)
	at java.util.concurrent.CompletableFuture.get(CompletableFuture.java:1915)
	at org.apache.ratis.util.IOUtils.getFromFuture(IOUtils.java:79)
	... 4 more
2019-09-11 19:02:11,793 [grpc-default-executor-5] INFO  client.GrpcClientProtocolClient (GrpcClientProtocolClient.java:onNext(264)) - client-AC8CE528086A->b0d4f042-2fdd-43c4-bade-ce7ad6576109: receive RaftClientReply:client-AC8CE528086A->b0d4f042-2fdd-43c4-bade-ce7ad6576109@group-0BBEB04936B1, cid=42, FAILED org.apache.ratis.protocol.NotLeaderException: Server b0d4f042-2fdd-43c4-bade-ce7ad6576109@group-0BBEB04936B1 is not the leader 317be899-a5e7-4874-8b34-173a53939308:192.168.5.143:42053, logIndex=0, commits[b0d4f042-2fdd-43c4-bade-ce7ad6576109:c6, 317be899-a5e7-4874-8b34-173a53939308:c6, d1e1b199-a92a-4c37-98e7-20a84e9cbec2:c4]
2019-09-11 19:02:11,824 [java.util.concurrent.ThreadPoolExecutor$Worker@7266fed5[State = -1, empty queue]] WARN  server.GrpcLogAppender (GrpcLogAppender.java:timeoutAppendRequest(200)) - 317be899-a5e7-4874-8b34-173a53939308@group-0BBEB04936B1->d1e1b199-a92a-4c37-98e7-20a84e9cbec2-GrpcLogAppender: appendEntries Timeout, request=317be899-a5e7-4874-8b34-173a53939308->d1e1b199-a92a-4c37-98e7-20a84e9cbec2#36-t1, previous=(t:1, i:12), leaderCommit=6, initializing? false, entries: <empty>
2019-09-11 19:02:11,824 [java.util.concurrent.ThreadPoolExecutor$Worker@20491363[State = -1, empty queue]] WARN  server.GrpcLogAppender (GrpcLogAppender.java:timeoutAppendRequest(200)) - 317be899-a5e7-4874-8b34-173a53939308@group-0BBEB04936B1->b0d4f042-2fdd-43c4-bade-ce7ad6576109-GrpcLogAppender: appendEntries Timeout, request=317be899-a5e7-4874-8b34-173a53939308->b0d4f042-2fdd-43c4-bade-ce7ad6576109#36-t1, previous=(t:1, i:12), leaderCommit=6, initializing? false, entries: <empty>
2019-09-11 19:02:14,325 [java.util.concurrent.ThreadPoolExecutor$Worker@20491363[State = -1, empty queue]] WARN  server.GrpcLogAppender (GrpcLogAppender.java:timeoutAppendRequest(200)) - 317be899-a5e7-4874-8b34-173a53939308@group-0BBEB04936B1->b0d4f042-2fdd-43c4-bade-ce7ad6576109-GrpcLogAppender: appendEntries Timeout, request=317be899-a5e7-4874-8b34-173a53939308->b0d4f042-2fdd-43c4-bade-ce7ad6576109#37-t1, previous=(t:1, i:12), leaderCommit=6, initializing? false, entries: <empty>
2019-09-11 19:02:14,325 [java.util.concurrent.ThreadPoolExecutor$Worker@7266fed5[State = -1, empty queue]] WARN  server.GrpcLogAppender (GrpcLogAppender.java:timeoutAppendRequest(200)) - 317be899-a5e7-4874-8b34-173a53939308@group-0BBEB04936B1->d1e1b199-a92a-4c37-98e7-20a84e9cbec2-GrpcLogAppender: appendEntries Timeout, request=317be899-a5e7-4874-8b34-173a53939308->d1e1b199-a92a-4c37-98e7-20a84e9cbec2#37-t1, previous=(t:1, i:12), leaderCommit=6, initializing? false, entries: <empty>
2019-09-11 19:02:16,826 [java.util.concurrent.ThreadPoolExecutor$Worker@20491363[State = -1, empty queue]] WARN  server.GrpcLogAppender (GrpcLogAppender.java:timeoutAppendRequest(200)) - 317be899-a5e7-4874-8b34-173a53939308@group-0BBEB04936B1->b0d4f042-2fdd-43c4-bade-ce7ad6576109-GrpcLogAppender: appendEntries Timeout, request=317be899-a5e7-4874-8b34-173a53939308->b0d4f042-2fdd-43c4-bade-ce7ad6576109#38-t1, previous=(t:1, i:12), leaderCommit=6, initializing? false, entries: <empty>
2019-09-11 19:02:16,826 [java.util.concurrent.ThreadPoolExecutor$Worker@7266fed5[State = -1, empty queue]] WARN  server.GrpcLogAppender (GrpcLogAppender.java:timeoutAppendRequest(200)) - 317be899-a5e7-4874-8b34-173a53939308@group-0BBEB04936B1->d1e1b199-a92a-4c37-98e7-20a84e9cbec2-GrpcLogAppender: appendEntries Timeout, request=317be899-a5e7-4874-8b34-173a53939308->d1e1b199-a92a-4c37-98e7-20a84e9cbec2#38-t1, previous=(t:1, i:12), leaderCommit=6, initializing? false, entries: <empty>
2019-09-11 19:02:16,871 [grpc-default-executor-5] INFO  client.GrpcClientProtocolClient (GrpcClientProtocolClient.java:onNext(264)) - client-AC8CE528086A->b0d4f042-2fdd-43c4-bade-ce7ad6576109: receive RaftClientReply:client-AC8CE528086A->b0d4f042-2fdd-43c4-bade-ce7ad6576109@group-0BBEB04936B1, cid=42, FAILED org.apache.ratis.protocol.NotLeaderException: Server b0d4f042-2fdd-43c4-bade-ce7ad6576109@group-0BBEB04936B1 is not the leader 317be899-a5e7-4874-8b34-173a53939308:192.168.5.143:42053, logIndex=0, commits[b0d4f042-2fdd-43c4-bade-ce7ad6576109:c6, 317be899-a5e7-4874-8b34-173a53939308:c6, d1e1b199-a92a-4c37-98e7-20a84e9cbec2:c4]
2019-09-11 19:02:19,326 [java.util.concurrent.ThreadPoolExecutor$Worker@7266fed5[State = -1, empty queue]] WARN  server.GrpcLogAppender (GrpcLogAppender.java:timeoutAppendRequest(200)) - 317be899-a5e7-4874-8b34-173a53939308@group-0BBEB04936B1->d1e1b199-a92a-4c37-98e7-20a84e9cbec2-GrpcLogAppender: appendEntries Timeout, request=317be899-a5e7-4874-8b34-173a53939308->d1e1b199-a92a-4c37-98e7-20a84e9cbec2#39-t1, previous=(t:1, i:12), leaderCommit=6, initializing? false, entries: <empty>
2019-09-11 19:02:19,326 [java.util.concurrent.ThreadPoolExecutor$Worker@20491363[State = -1, empty queue]] WARN  server.GrpcLogAppender (GrpcLogAppender.java:timeoutAppendRequest(200)) - 317be899-a5e7-4874-8b34-173a53939308@group-0BBEB04936B1->b0d4f042-2fdd-43c4-bade-ce7ad6576109-GrpcLogAppender: appendEntries Timeout, request=317be899-a5e7-4874-8b34-173a53939308->b0d4f042-2fdd-43c4-bade-ce7ad6576109#39-t1, previous=(t:1, i:12), leaderCommit=6, initializing? false, entries: <empty>
2019-09-11 19:02:21,319 [317be899-a5e7-4874-8b34-173a53939308@group-0BBEB04936B1-SegmentedRaftLogWorker] WARN  segmented.SegmentedRaftLogWorker (SegmentedRaftLogWorker.java:getFromFuture(90)) - Timeout 6/~
org.apache.ratis.protocol.TimeoutIOException: Timeout 10s: WriteLog:7: (t:1, i:7), STATEMACHINELOGENTRY, client-AC8CE528086A, cid=42-writeStateMachineData
	at org.apache.ratis.util.IOUtils.getFromFuture(IOUtils.java:87)
	at org.apache.ratis.server.raftlog.segmented.SegmentedRaftLogWorker$StateMachineDataPolicy.getFromFuture(SegmentedRaftLogWorker.java:87)
	at org.apache.ratis.server.raftlog.segmented.SegmentedRaftLogWorker$WriteLog.execute(SegmentedRaftLogWorker.java:477)
	at org.apache.ratis.server.raftlog.segmented.SegmentedRaftLogWorker.run(SegmentedRaftLogWorker.java:289)
	at java.lang.Thread.run(Thread.java:748)
Caused by: java.util.concurrent.TimeoutException
	at java.util.concurrent.CompletableFuture.timedGet(CompletableFuture.java:1771)
	at java.util.concurrent.CompletableFuture.get(CompletableFuture.java:1915)
	at org.apache.ratis.util.IOUtils.getFromFuture(IOUtils.java:79)
	... 4 more
2019-09-11 19:02:21,490 [b0d4f042-2fdd-43c4-bade-ce7ad6576109@group-0BBEB04936B1-SegmentedRaftLogWorker] WARN  segmented.SegmentedRaftLogWorker (SegmentedRaftLogWorker.java:getFromFuture(90)) - Timeout 6/~
org.apache.ratis.protocol.TimeoutIOException: Timeout 10s: WriteLog:8: (t:1, i:8), STATEMACHINELOGENTRY, client-AC8CE528086A, cid=43-writeStateMachineData
	at org.apache.ratis.util.IOUtils.getFromFuture(IOUtils.java:87)
	at org.apache.ratis.server.raftlog.segmented.SegmentedRaftLogWorker$StateMachineDataPolicy.getFromFuture(SegmentedRaftLogWorker.java:87)
	at org.apache.ratis.server.raftlog.segmented.SegmentedRaftLogWorker$WriteLog.execute(SegmentedRaftLogWorker.java:477)
	at org.apache.ratis.server.raftlog.segmented.SegmentedRaftLogWorker.run(SegmentedRaftLogWorker.java:289)
	at java.lang.Thread.run(Thread.java:748)
Caused by: java.util.concurrent.TimeoutException
	at java.util.concurrent.CompletableFuture.timedGet(CompletableFuture.java:1771)
	at java.util.concurrent.CompletableFuture.get(CompletableFuture.java:1915)
	at org.apache.ratis.util.IOUtils.getFromFuture(IOUtils.java:79)
	... 4 more
2019-09-11 19:02:21,512 [d1e1b199-a92a-4c37-98e7-20a84e9cbec2@group-0BBEB04936B1-SegmentedRaftLogWorker] WARN  segmented.SegmentedRaftLogWorker (SegmentedRaftLogWorker.java:getFromFuture(90)) - Timeout 6/~
org.apache.ratis.protocol.TimeoutIOException: Timeout 10s: WriteLog:8: (t:1, i:8), STATEMACHINELOGENTRY, client-AC8CE528086A, cid=43-writeStateMachineData
	at org.apache.ratis.util.IOUtils.getFromFuture(IOUtils.java:87)
	at org.apache.ratis.server.raftlog.segmented.SegmentedRaftLogWorker$StateMachineDataPolicy.getFromFuture(SegmentedRaftLogWorker.java:87)
	at org.apache.ratis.server.raftlog.segmented.SegmentedRaftLogWorker$WriteLog.execute(SegmentedRaftLogWorker.java:477)
	at org.apache.ratis.server.raftlog.segmented.SegmentedRaftLogWorker.run(SegmentedRaftLogWorker.java:289)
	at java.lang.Thread.run(Thread.java:748)
Caused by: java.util.concurrent.TimeoutException
	at java.util.concurrent.CompletableFuture.timedGet(CompletableFuture.java:1771)
	at java.util.concurrent.CompletableFuture.get(CompletableFuture.java:1915)
	at org.apache.ratis.util.IOUtils.getFromFuture(IOUtils.java:79)
	... 4 more
2019-09-11 19:02:21,827 [java.util.concurrent.ThreadPoolExecutor$Worker@20491363[State = -1, empty queue]] WARN  server.GrpcLogAppender (GrpcLogAppender.java:timeoutAppendRequest(200)) - 317be899-a5e7-4874-8b34-173a53939308@group-0BBEB04936B1->b0d4f042-2fdd-43c4-bade-ce7ad6576109-GrpcLogAppender: appendEntries Timeout, request=317be899-a5e7-4874-8b34-173a53939308->b0d4f042-2fdd-43c4-bade-ce7ad6576109#40-t1, previous=(t:1, i:12), leaderCommit=6, initializing? false, entries: <empty>
2019-09-11 19:02:21,827 [java.util.concurrent.ThreadPoolExecutor$Worker@7266fed5[State = -1, empty queue]] WARN  server.GrpcLogAppender (GrpcLogAppender.java:timeoutAppendRequest(200)) - 317be899-a5e7-4874-8b34-173a53939308@group-0BBEB04936B1->d1e1b199-a92a-4c37-98e7-20a84e9cbec2-GrpcLogAppender: appendEntries Timeout, request=317be899-a5e7-4874-8b34-173a53939308->d1e1b199-a92a-4c37-98e7-20a84e9cbec2#40-t1, previous=(t:1, i:12), leaderCommit=6, initializing? false, entries: <empty>
2019-09-11 19:02:21,929 [grpc-default-executor-5] INFO  client.GrpcClientProtocolClient (GrpcClientProtocolClient.java:onNext(264)) - client-AC8CE528086A->d1e1b199-a92a-4c37-98e7-20a84e9cbec2: receive RaftClientReply:client-AC8CE528086A->d1e1b199-a92a-4c37-98e7-20a84e9cbec2@group-0BBEB04936B1, cid=42, FAILED org.apache.ratis.protocol.NotLeaderException: Server d1e1b199-a92a-4c37-98e7-20a84e9cbec2@group-0BBEB04936B1 is not the leader 317be899-a5e7-4874-8b34-173a53939308:192.168.5.143:42053, logIndex=0, commits[d1e1b199-a92a-4c37-98e7-20a84e9cbec2:c6, 317be899-a5e7-4874-8b34-173a53939308:c6, b0d4f042-2fdd-43c4-bade-ce7ad6576109:c4]
2019-09-11 19:02:24,328 [java.util.concurrent.ThreadPoolExecutor$Worker@20491363[State = -1, empty queue]] WARN  server.GrpcLogAppender (GrpcLogAppender.java:timeoutAppendRequest(200)) - 317be899-a5e7-4874-8b34-173a53939308@group-0BBEB04936B1->b0d4f042-2fdd-43c4-bade-ce7ad6576109-GrpcLogAppender: appendEntries Timeout, request=317be899-a5e7-4874-8b34-173a53939308->b0d4f042-2fdd-43c4-bade-ce7ad6576109#41-t1, previous=(t:1, i:12), leaderCommit=6, initializing? false, entries: <empty>
2019-09-11 19:02:24,328 [java.util.concurrent.ThreadPoolExecutor$Worker@7266fed5[State = -1, empty queue]] WARN  server.GrpcLogAppender (GrpcLogAppender.java:timeoutAppendRequest(200)) - 317be899-a5e7-4874-8b34-173a53939308@group-0BBEB04936B1->d1e1b199-a92a-4c37-98e7-20a84e9cbec2-GrpcLogAppender: appendEntries Timeout, request=317be899-a5e7-4874-8b34-173a53939308->d1e1b199-a92a-4c37-98e7-20a84e9cbec2#41-t1, previous=(t:1, i:12), leaderCommit=6, initializing? false, entries: <empty>
2019-09-11 19:02:26,828 [java.util.concurrent.ThreadPoolExecutor$Worker@20491363[State = -1, empty queue]] WARN  server.GrpcLogAppender (GrpcLogAppender.java:timeoutAppendRequest(200)) - 317be899-a5e7-4874-8b34-173a53939308@group-0BBEB04936B1->b0d4f042-2fdd-43c4-bade-ce7ad6576109-GrpcLogAppender: appendEntries Timeout, request=317be899-a5e7-4874-8b34-173a53939308->b0d4f042-2fdd-43c4-bade-ce7ad6576109#42-t1, previous=(t:1, i:12), leaderCommit=6, initializing? false, entries: <empty>
2019-09-11 19:02:26,828 [java.util.concurrent.ThreadPoolExecutor$Worker@7266fed5[State = -1, empty queue]] WARN  server.GrpcLogAppender (GrpcLogAppender.java:timeoutAppendRequest(200)) - 317be899-a5e7-4874-8b34-173a53939308@group-0BBEB04936B1->d1e1b199-a92a-4c37-98e7-20a84e9cbec2-GrpcLogAppender: appendEntries Timeout, request=317be899-a5e7-4874-8b34-173a53939308->d1e1b199-a92a-4c37-98e7-20a84e9cbec2#42-t1, previous=(t:1, i:12), leaderCommit=6, initializing? false, entries: <empty>
2019-09-11 19:02:26,979 [grpc-default-executor-5] INFO  client.GrpcClientProtocolClient (GrpcClientProtocolClient.java:onNext(264)) - client-AC8CE528086A->d1e1b199-a92a-4c37-98e7-20a84e9cbec2: receive RaftClientReply:client-AC8CE528086A->d1e1b199-a92a-4c37-98e7-20a84e9cbec2@group-0BBEB04936B1, cid=42, FAILED org.apache.ratis.protocol.NotLeaderException: Server d1e1b199-a92a-4c37-98e7-20a84e9cbec2@group-0BBEB04936B1 is not the leader 317be899-a5e7-4874-8b34-173a53939308:192.168.5.143:42053, logIndex=0, commits[d1e1b199-a92a-4c37-98e7-20a84e9cbec2:c6, 317be899-a5e7-4874-8b34-173a53939308:c6, b0d4f042-2fdd-43c4-bade-ce7ad6576109:c4]
2019-09-11 19:02:29,330 [java.util.concurrent.ThreadPoolExecutor$Worker@7266fed5[State = -1, empty queue]] WARN  server.GrpcLogAppender (GrpcLogAppender.java:timeoutAppendRequest(200)) - 317be899-a5e7-4874-8b34-173a53939308@group-0BBEB04936B1->d1e1b199-a92a-4c37-98e7-20a84e9cbec2-GrpcLogAppender: appendEntries Timeout, request=317be899-a5e7-4874-8b34-173a53939308->d1e1b199-a92a-4c37-98e7-20a84e9cbec2#43-t1, previous=(t:1, i:12), leaderCommit=6, initializing? false, entries: <empty>
2019-09-11 19:02:29,330 [java.util.concurrent.ThreadPoolExecutor$Worker@20491363[State = -1, empty queue]] WARN  server.GrpcLogAppender (GrpcLogAppender.java:timeoutAppendRequest(200)) - 317be899-a5e7-4874-8b34-173a53939308@group-0BBEB04936B1->b0d4f042-2fdd-43c4-bade-ce7ad6576109-GrpcLogAppender: appendEntries Timeout, request=317be899-a5e7-4874-8b34-173a53939308->b0d4f042-2fdd-43c4-bade-ce7ad6576109#43-t1, previous=(t:1, i:12), leaderCommit=6, initializing? false, entries: <empty>
2019-09-11 19:02:31,321 [317be899-a5e7-4874-8b34-173a53939308@group-0BBEB04936B1-SegmentedRaftLogWorker] WARN  segmented.SegmentedRaftLogWorker (SegmentedRaftLogWorker.java:getFromFuture(90)) - Timeout 7/~
org.apache.ratis.protocol.TimeoutIOException: Timeout 10s: WriteLog:7: (t:1, i:7), STATEMACHINELOGENTRY, client-AC8CE528086A, cid=42-writeStateMachineData
	at org.apache.ratis.util.IOUtils.getFromFuture(IOUtils.java:87)
	at org.apache.ratis.server.raftlog.segmented.SegmentedRaftLogWorker$StateMachineDataPolicy.getFromFuture(SegmentedRaftLogWorker.java:87)
	at org.apache.ratis.server.raftlog.segmented.SegmentedRaftLogWorker$WriteLog.execute(SegmentedRaftLogWorker.java:477)
	at org.apache.ratis.server.raftlog.segmented.SegmentedRaftLogWorker.run(SegmentedRaftLogWorker.java:289)
	at java.lang.Thread.run(Thread.java:748)
Caused by: java.util.concurrent.TimeoutException
	at java.util.concurrent.CompletableFuture.timedGet(CompletableFuture.java:1771)
	at java.util.concurrent.CompletableFuture.get(CompletableFuture.java:1915)
	at org.apache.ratis.util.IOUtils.getFromFuture(IOUtils.java:79)
	... 4 more
2019-09-11 19:02:31,513 [b0d4f042-2fdd-43c4-bade-ce7ad6576109@group-0BBEB04936B1-SegmentedRaftLogWorker] WARN  segmented.SegmentedRaftLogWorker (SegmentedRaftLogWorker.java:getFromFuture(90)) - Timeout 7/~
org.apache.ratis.protocol.TimeoutIOException: Timeout 10s: WriteLog:8: (t:1, i:8), STATEMACHINELOGENTRY, client-AC8CE528086A, cid=43-writeStateMachineData
	at org.apache.ratis.util.IOUtils.getFromFuture(IOUtils.java:87)
	at org.apache.ratis.server.raftlog.segmented.SegmentedRaftLogWorker$StateMachineDataPolicy.getFromFuture(SegmentedRaftLogWorker.java:87)
	at org.apache.ratis.server.raftlog.segmented.SegmentedRaftLogWorker$WriteLog.execute(SegmentedRaftLogWorker.java:477)
	at org.apache.ratis.server.raftlog.segmented.SegmentedRaftLogWorker.run(SegmentedRaftLogWorker.java:289)
	at java.lang.Thread.run(Thread.java:748)
Caused by: java.util.concurrent.TimeoutException
	at java.util.concurrent.CompletableFuture.timedGet(CompletableFuture.java:1771)
	at java.util.concurrent.CompletableFuture.get(CompletableFuture.java:1915)
	at org.apache.ratis.util.IOUtils.getFromFuture(IOUtils.java:79)
	... 4 more
2019-09-11 19:02:31,513 [d1e1b199-a92a-4c37-98e7-20a84e9cbec2@group-0BBEB04936B1-SegmentedRaftLogWorker] WARN  segmented.SegmentedRaftLogWorker (SegmentedRaftLogWorker.java:getFromFuture(90)) - Timeout 7/~
org.apache.ratis.protocol.TimeoutIOException: Timeout 10s: WriteLog:8: (t:1, i:8), STATEMACHINELOGENTRY, client-AC8CE528086A, cid=43-writeStateMachineData
	at org.apache.ratis.util.IOUtils.getFromFuture(IOUtils.java:87)
	at org.apache.ratis.server.raftlog.segmented.SegmentedRaftLogWorker$StateMachineDataPolicy.getFromFuture(SegmentedRaftLogWorker.java:87)
	at org.apache.ratis.server.raftlog.segmented.SegmentedRaftLogWorker$WriteLog.execute(SegmentedRaftLogWorker.java:477)
	at org.apache.ratis.server.raftlog.segmented.SegmentedRaftLogWorker.run(SegmentedRaftLogWorker.java:289)
	at java.lang.Thread.run(Thread.java:748)
Caused by: java.util.concurrent.TimeoutException
	at java.util.concurrent.CompletableFuture.timedGet(CompletableFuture.java:1771)
	at java.util.concurrent.CompletableFuture.get(CompletableFuture.java:1915)
	at org.apache.ratis.util.IOUtils.getFromFuture(IOUtils.java:79)
	... 4 more
2019-09-11 19:02:31,831 [java.util.concurrent.ThreadPoolExecutor$Worker@20491363[State = -1, empty queue]] WARN  server.GrpcLogAppender (GrpcLogAppender.java:timeoutAppendRequest(200)) - 317be899-a5e7-4874-8b34-173a53939308@group-0BBEB04936B1->b0d4f042-2fdd-43c4-bade-ce7ad6576109-GrpcLogAppender: appendEntries Timeout, request=317be899-a5e7-4874-8b34-173a53939308->b0d4f042-2fdd-43c4-bade-ce7ad6576109#44-t1, previous=(t:1, i:12), leaderCommit=6, initializing? false, entries: <empty>
2019-09-11 19:02:31,831 [java.util.concurrent.ThreadPoolExecutor$Worker@7266fed5[State = -1, empty queue]] WARN  server.GrpcLogAppender (GrpcLogAppender.java:timeoutAppendRequest(200)) - 317be899-a5e7-4874-8b34-173a53939308@group-0BBEB04936B1->d1e1b199-a92a-4c37-98e7-20a84e9cbec2-GrpcLogAppender: appendEntries Timeout, request=317be899-a5e7-4874-8b34-173a53939308->d1e1b199-a92a-4c37-98e7-20a84e9cbec2#44-t1, previous=(t:1, i:12), leaderCommit=6, initializing? false, entries: <empty>
2019-09-11 19:02:32,029 [grpc-default-executor-4] INFO  client.GrpcClientProtocolClient (GrpcClientProtocolClient.java:onNext(264)) - client-AC8CE528086A->b0d4f042-2fdd-43c4-bade-ce7ad6576109: receive RaftClientReply:client-AC8CE528086A->b0d4f042-2fdd-43c4-bade-ce7ad6576109@group-0BBEB04936B1, cid=42, FAILED org.apache.ratis.protocol.NotLeaderException: Server b0d4f042-2fdd-43c4-bade-ce7ad6576109@group-0BBEB04936B1 is not the leader 317be899-a5e7-4874-8b34-173a53939308:192.168.5.143:42053, logIndex=0, commits[b0d4f042-2fdd-43c4-bade-ce7ad6576109:c6, 317be899-a5e7-4874-8b34-173a53939308:c6, d1e1b199-a92a-4c37-98e7-20a84e9cbec2:c4]
2019-09-11 19:02:34,331 [java.util.concurrent.ThreadPoolExecutor$Worker@7266fed5[State = -1, empty queue]] WARN  server.GrpcLogAppender (GrpcLogAppender.java:timeoutAppendRequest(200)) - 317be899-a5e7-4874-8b34-173a53939308@group-0BBEB04936B1->d1e1b199-a92a-4c37-98e7-20a84e9cbec2-GrpcLogAppender: appendEntries Timeout, request=317be899-a5e7-4874-8b34-173a53939308->d1e1b199-a92a-4c37-98e7-20a84e9cbec2#45-t1, previous=(t:1, i:12), leaderCommit=6, initializing? false, entries: <empty>
2019-09-11 19:02:34,331 [java.util.concurrent.ThreadPoolExecutor$Worker@20491363[State = -1, empty queue]] WARN  server.GrpcLogAppender (GrpcLogAppender.java:timeoutAppendRequest(200)) - 317be899-a5e7-4874-8b34-173a53939308@group-0BBEB04936B1->b0d4f042-2fdd-43c4-bade-ce7ad6576109-GrpcLogAppender: appendEntries Timeout, request=317be899-a5e7-4874-8b34-173a53939308->b0d4f042-2fdd-43c4-bade-ce7ad6576109#45-t1, previous=(t:1, i:12), leaderCommit=6, initializing? false, entries: <empty>
2019-09-11 19:02:36,831 [java.util.concurrent.ThreadPoolExecutor$Worker@7266fed5[State = -1, empty queue]] WARN  server.GrpcLogAppender (GrpcLogAppender.java:timeoutAppendRequest(200)) - 317be899-a5e7-4874-8b34-173a53939308@group-0BBEB04936B1->d1e1b199-a92a-4c37-98e7-20a84e9cbec2-GrpcLogAppender: appendEntries Timeout, request=317be899-a5e7-4874-8b34-173a53939308->d1e1b199-a92a-4c37-98e7-20a84e9cbec2#46-t1, previous=(t:1, i:12), leaderCommit=6, initializing? false, entries: <empty>
2019-09-11 19:02:36,831 [java.util.concurrent.ThreadPoolExecutor$Worker@20491363[State = -1, empty queue]] WARN  server.GrpcLogAppender (GrpcLogAppender.java:timeoutAppendRequest(200)) - 317be899-a5e7-4874-8b34-173a53939308@group-0BBEB04936B1->b0d4f042-2fdd-43c4-bade-ce7ad6576109-GrpcLogAppender: appendEntries Timeout, request=317be899-a5e7-4874-8b34-173a53939308->b0d4f042-2fdd-43c4-bade-ce7ad6576109#46-t1, previous=(t:1, i:12), leaderCommit=6, initializing? false, entries: <empty>
2019-09-11 19:02:37,067 [grpc-default-executor-5] INFO  client.GrpcClientProtocolClient (GrpcClientProtocolClient.java:onNext(264)) - client-AC8CE528086A->b0d4f042-2fdd-43c4-bade-ce7ad6576109: receive RaftClientReply:client-AC8CE528086A->b0d4f042-2fdd-43c4-bade-ce7ad6576109@group-0BBEB04936B1, cid=42, FAILED org.apache.ratis.protocol.NotLeaderException: Server b0d4f042-2fdd-43c4-bade-ce7ad6576109@group-0BBEB04936B1 is not the leader 317be899-a5e7-4874-8b34-173a53939308:192.168.5.143:42053, logIndex=0, commits[b0d4f042-2fdd-43c4-bade-ce7ad6576109:c6, 317be899-a5e7-4874-8b34-173a53939308:c6, d1e1b199-a92a-4c37-98e7-20a84e9cbec2:c4]
2019-09-11 19:02:39,332 [java.util.concurrent.ThreadPoolExecutor$Worker@20491363[State = -1, empty queue]] WARN  server.GrpcLogAppender (GrpcLogAppender.java:timeoutAppendRequest(200)) - 317be899-a5e7-4874-8b34-173a53939308@group-0BBEB04936B1->b0d4f042-2fdd-43c4-bade-ce7ad6576109-GrpcLogAppender: appendEntries Timeout, request=317be899-a5e7-4874-8b34-173a53939308->b0d4f042-2fdd-43c4-bade-ce7ad6576109#47-t1, previous=(t:1, i:12), leaderCommit=6, initializing? false, entries: <empty>
2019-09-11 19:02:39,332 [java.util.concurrent.ThreadPoolExecutor$Worker@7266fed5[State = -1, empty queue]] WARN  server.GrpcLogAppender (GrpcLogAppender.java:timeoutAppendRequest(200)) - 317be899-a5e7-4874-8b34-173a53939308@group-0BBEB04936B1->d1e1b199-a92a-4c37-98e7-20a84e9cbec2-GrpcLogAppender: appendEntries Timeout, request=317be899-a5e7-4874-8b34-173a53939308->d1e1b199-a92a-4c37-98e7-20a84e9cbec2#47-t1, previous=(t:1, i:12), leaderCommit=6, initializing? false, entries: <empty>
2019-09-11 19:02:41,323 [317be899-a5e7-4874-8b34-173a53939308@group-0BBEB04936B1-SegmentedRaftLogWorker] WARN  segmented.SegmentedRaftLogWorker (SegmentedRaftLogWorker.java:getFromFuture(90)) - Timeout 8/~
org.apache.ratis.protocol.TimeoutIOException: Timeout 10s: WriteLog:7: (t:1, i:7), STATEMACHINELOGENTRY, client-AC8CE528086A, cid=42-writeStateMachineData
	at org.apache.ratis.util.IOUtils.getFromFuture(IOUtils.java:87)
	at org.apache.ratis.server.raftlog.segmented.SegmentedRaftLogWorker$StateMachineDataPolicy.getFromFuture(SegmentedRaftLogWorker.java:87)
	at org.apache.ratis.server.raftlog.segmented.SegmentedRaftLogWorker$WriteLog.execute(SegmentedRaftLogWorker.java:477)
	at org.apache.ratis.server.raftlog.segmented.SegmentedRaftLogWorker.run(SegmentedRaftLogWorker.java:289)
	at java.lang.Thread.run(Thread.java:748)
Caused by: java.util.concurrent.TimeoutException
	at java.util.concurrent.CompletableFuture.timedGet(CompletableFuture.java:1771)
	at java.util.concurrent.CompletableFuture.get(CompletableFuture.java:1915)
	at org.apache.ratis.util.IOUtils.getFromFuture(IOUtils.java:79)
	... 4 more
2019-09-11 19:02:41,514 [b0d4f042-2fdd-43c4-bade-ce7ad6576109@group-0BBEB04936B1-SegmentedRaftLogWorker] WARN  segmented.SegmentedRaftLogWorker (SegmentedRaftLogWorker.java:getFromFuture(90)) - Timeout 8/~
org.apache.ratis.protocol.TimeoutIOException: Timeout 10s: WriteLog:8: (t:1, i:8), STATEMACHINELOGENTRY, client-AC8CE528086A, cid=43-writeStateMachineData
	at org.apache.ratis.util.IOUtils.getFromFuture(IOUtils.java:87)
	at org.apache.ratis.server.raftlog.segmented.SegmentedRaftLogWorker$StateMachineDataPolicy.getFromFuture(SegmentedRaftLogWorker.java:87)
	at org.apache.ratis.server.raftlog.segmented.SegmentedRaftLogWorker$WriteLog.execute(SegmentedRaftLogWorker.java:477)
	at org.apache.ratis.server.raftlog.segmented.SegmentedRaftLogWorker.run(SegmentedRaftLogWorker.java:289)
	at java.lang.Thread.run(Thread.java:748)
Caused by: java.util.concurrent.TimeoutException
	at java.util.concurrent.CompletableFuture.timedGet(CompletableFuture.java:1771)
	at java.util.concurrent.CompletableFuture.get(CompletableFuture.java:1915)
	at org.apache.ratis.util.IOUtils.getFromFuture(IOUtils.java:79)
	... 4 more
2019-09-11 19:02:41,514 [d1e1b199-a92a-4c37-98e7-20a84e9cbec2@group-0BBEB04936B1-SegmentedRaftLogWorker] WARN  segmented.SegmentedRaftLogWorker (SegmentedRaftLogWorker.java:getFromFuture(90)) - Timeout 8/~
org.apache.ratis.protocol.TimeoutIOException: Timeout 10s: WriteLog:8: (t:1, i:8), STATEMACHINELOGENTRY, client-AC8CE528086A, cid=43-writeStateMachineData
	at org.apache.ratis.util.IOUtils.getFromFuture(IOUtils.java:87)
	at org.apache.ratis.server.raftlog.segmented.SegmentedRaftLogWorker$StateMachineDataPolicy.getFromFuture(SegmentedRaftLogWorker.java:87)
	at org.apache.ratis.server.raftlog.segmented.SegmentedRaftLogWorker$WriteLog.execute(SegmentedRaftLogWorker.java:477)
	at org.apache.ratis.server.raftlog.segmented.SegmentedRaftLogWorker.run(SegmentedRaftLogWorker.java:289)
	at java.lang.Thread.run(Thread.java:748)
Caused by: java.util.concurrent.TimeoutException
	at java.util.concurrent.CompletableFuture.timedGet(CompletableFuture.java:1771)
	at java.util.concurrent.CompletableFuture.get(CompletableFuture.java:1915)
	at org.apache.ratis.util.IOUtils.getFromFuture(IOUtils.java:79)
	... 4 more
2019-09-11 19:02:41,832 [java.util.concurrent.ThreadPoolExecutor$Worker@20491363[State = -1, empty queue]] WARN  server.GrpcLogAppender (GrpcLogAppender.java:timeoutAppendRequest(200)) - 317be899-a5e7-4874-8b34-173a53939308@group-0BBEB04936B1->b0d4f042-2fdd-43c4-bade-ce7ad6576109-GrpcLogAppender: appendEntries Timeout, request=317be899-a5e7-4874-8b34-173a53939308->b0d4f042-2fdd-43c4-bade-ce7ad6576109#48-t1, previous=(t:1, i:12), leaderCommit=6, initializing? false, entries: <empty>
2019-09-11 19:02:41,832 [java.util.concurrent.ThreadPoolExecutor$Worker@7266fed5[State = -1, empty queue]] WARN  server.GrpcLogAppender (GrpcLogAppender.java:timeoutAppendRequest(200)) - 317be899-a5e7-4874-8b34-173a53939308@group-0BBEB04936B1->d1e1b199-a92a-4c37-98e7-20a84e9cbec2-GrpcLogAppender: appendEntries Timeout, request=317be899-a5e7-4874-8b34-173a53939308->d1e1b199-a92a-4c37-98e7-20a84e9cbec2#48-t1, previous=(t:1, i:12), leaderCommit=6, initializing? false, entries: <empty>
2019-09-11 19:02:42,107 [grpc-default-executor-5] INFO  client.GrpcClientProtocolClient (GrpcClientProtocolClient.java:onNext(264)) - client-AC8CE528086A->d1e1b199-a92a-4c37-98e7-20a84e9cbec2: receive RaftClientReply:client-AC8CE528086A->d1e1b199-a92a-4c37-98e7-20a84e9cbec2@group-0BBEB04936B1, cid=42, FAILED org.apache.ratis.protocol.NotLeaderException: Server d1e1b199-a92a-4c37-98e7-20a84e9cbec2@group-0BBEB04936B1 is not the leader 317be899-a5e7-4874-8b34-173a53939308:192.168.5.143:42053, logIndex=0, commits[d1e1b199-a92a-4c37-98e7-20a84e9cbec2:c6, 317be899-a5e7-4874-8b34-173a53939308:c6, b0d4f042-2fdd-43c4-bade-ce7ad6576109:c4]
2019-09-11 19:02:44,333 [java.util.concurrent.ThreadPoolExecutor$Worker@7266fed5[State = -1, empty queue]] WARN  server.GrpcLogAppender (GrpcLogAppender.java:timeoutAppendRequest(200)) - 317be899-a5e7-4874-8b34-173a53939308@group-0BBEB04936B1->d1e1b199-a92a-4c37-98e7-20a84e9cbec2-GrpcLogAppender: appendEntries Timeout, request=317be899-a5e7-4874-8b34-173a53939308->d1e1b199-a92a-4c37-98e7-20a84e9cbec2#49-t1, previous=(t:1, i:12), leaderCommit=6, initializing? false, entries: <empty>
2019-09-11 19:02:44,333 [java.util.concurrent.ThreadPoolExecutor$Worker@20491363[State = -1, empty queue]] WARN  server.GrpcLogAppender (GrpcLogAppender.java:timeoutAppendRequest(200)) - 317be899-a5e7-4874-8b34-173a53939308@group-0BBEB04936B1->b0d4f042-2fdd-43c4-bade-ce7ad6576109-GrpcLogAppender: appendEntries Timeout, request=317be899-a5e7-4874-8b34-173a53939308->b0d4f042-2fdd-43c4-bade-ce7ad6576109#49-t1, previous=(t:1, i:12), leaderCommit=6, initializing? false, entries: <empty>
2019-09-11 19:02:46,833 [java.util.concurrent.ThreadPoolExecutor$Worker@7266fed5[State = -1, empty queue]] WARN  server.GrpcLogAppender (GrpcLogAppender.java:timeoutAppendRequest(200)) - 317be899-a5e7-4874-8b34-173a53939308@group-0BBEB04936B1->d1e1b199-a92a-4c37-98e7-20a84e9cbec2-GrpcLogAppender: appendEntries Timeout, request=317be899-a5e7-4874-8b34-173a53939308->d1e1b199-a92a-4c37-98e7-20a84e9cbec2#50-t1, previous=(t:1, i:12), leaderCommit=6, initializing? false, entries: <empty>
2019-09-11 19:02:46,833 [java.util.concurrent.ThreadPoolExecutor$Worker@20491363[State = -1, empty queue]] WARN  server.GrpcLogAppender (GrpcLogAppender.java:timeoutAppendRequest(200)) - 317be899-a5e7-4874-8b34-173a53939308@group-0BBEB04936B1->b0d4f042-2fdd-43c4-bade-ce7ad6576109-GrpcLogAppender: appendEntries Timeout, request=317be899-a5e7-4874-8b34-173a53939308->b0d4f042-2fdd-43c4-bade-ce7ad6576109#50-t1, previous=(t:1, i:12), leaderCommit=6, initializing? false, entries: <empty>
2019-09-11 19:02:47,140 [grpc-default-executor-4] INFO  client.GrpcClientProtocolClient (GrpcClientProtocolClient.java:onNext(264)) - client-AC8CE528086A->d1e1b199-a92a-4c37-98e7-20a84e9cbec2: receive RaftClientReply:client-AC8CE528086A->d1e1b199-a92a-4c37-98e7-20a84e9cbec2@group-0BBEB04936B1, cid=42, FAILED org.apache.ratis.protocol.NotLeaderException: Server d1e1b199-a92a-4c37-98e7-20a84e9cbec2@group-0BBEB04936B1 is not the leader 317be899-a5e7-4874-8b34-173a53939308:192.168.5.143:42053, logIndex=0, commits[d1e1b199-a92a-4c37-98e7-20a84e9cbec2:c6, 317be899-a5e7-4874-8b34-173a53939308:c6, b0d4f042-2fdd-43c4-bade-ce7ad6576109:c4]
2019-09-11 19:02:49,333 [java.util.concurrent.ThreadPoolExecutor$Worker@20491363[State = -1, empty queue]] WARN  server.GrpcLogAppender (GrpcLogAppender.java:timeoutAppendRequest(200)) - 317be899-a5e7-4874-8b34-173a53939308@group-0BBEB04936B1->b0d4f042-2fdd-43c4-bade-ce7ad6576109-GrpcLogAppender: appendEntries Timeout, request=317be899-a5e7-4874-8b34-173a53939308->b0d4f042-2fdd-43c4-bade-ce7ad6576109#51-t1, previous=(t:1, i:12), leaderCommit=6, initializing? false, entries: <empty>
2019-09-11 19:02:49,333 [java.util.concurrent.ThreadPoolExecutor$Worker@7266fed5[State = -1, empty queue]] WARN  server.GrpcLogAppender (GrpcLogAppender.java:timeoutAppendRequest(200)) - 317be899-a5e7-4874-8b34-173a53939308@group-0BBEB04936B1->d1e1b199-a92a-4c37-98e7-20a84e9cbec2-GrpcLogAppender: appendEntries Timeout, request=317be899-a5e7-4874-8b34-173a53939308->d1e1b199-a92a-4c37-98e7-20a84e9cbec2#51-t1, previous=(t:1, i:12), leaderCommit=6, initializing? false, entries: <empty>
2019-09-11 19:02:51,325 [317be899-a5e7-4874-8b34-173a53939308@group-0BBEB04936B1-SegmentedRaftLogWorker] WARN  segmented.SegmentedRaftLogWorker (SegmentedRaftLogWorker.java:getFromFuture(90)) - Timeout 9/~
org.apache.ratis.protocol.TimeoutIOException: Timeout 10s: WriteLog:7: (t:1, i:7), STATEMACHINELOGENTRY, client-AC8CE528086A, cid=42-writeStateMachineData
	at org.apache.ratis.util.IOUtils.getFromFuture(IOUtils.java:87)
	at org.apache.ratis.server.raftlog.segmented.SegmentedRaftLogWorker$StateMachineDataPolicy.getFromFuture(SegmentedRaftLogWorker.java:87)
	at org.apache.ratis.server.raftlog.segmented.SegmentedRaftLogWorker$WriteLog.execute(SegmentedRaftLogWorker.java:477)
	at org.apache.ratis.server.raftlog.segmented.SegmentedRaftLogWorker.run(SegmentedRaftLogWorker.java:289)
	at java.lang.Thread.run(Thread.java:748)
Caused by: java.util.concurrent.TimeoutException
	at java.util.concurrent.CompletableFuture.timedGet(CompletableFuture.java:1771)
	at java.util.concurrent.CompletableFuture.get(CompletableFuture.java:1915)
	at org.apache.ratis.util.IOUtils.getFromFuture(IOUtils.java:79)
	... 4 more
2019-09-11 19:02:51,514 [b0d4f042-2fdd-43c4-bade-ce7ad6576109@group-0BBEB04936B1-SegmentedRaftLogWorker] WARN  segmented.SegmentedRaftLogWorker (SegmentedRaftLogWorker.java:getFromFuture(90)) - Timeout 9/~
org.apache.ratis.protocol.TimeoutIOException: Timeout 10s: WriteLog:8: (t:1, i:8), STATEMACHINELOGENTRY, client-AC8CE528086A, cid=43-writeStateMachineData
	at org.apache.ratis.util.IOUtils.getFromFuture(IOUtils.java:87)
	at org.apache.ratis.server.raftlog.segmented.SegmentedRaftLogWorker$StateMachineDataPolicy.getFromFuture(SegmentedRaftLogWorker.java:87)
	at org.apache.ratis.server.raftlog.segmented.SegmentedRaftLogWorker$WriteLog.execute(SegmentedRaftLogWorker.java:477)
	at org.apache.ratis.server.raftlog.segmented.SegmentedRaftLogWorker.run(SegmentedRaftLogWorker.java:289)
	at java.lang.Thread.run(Thread.java:748)
Caused by: java.util.concurrent.TimeoutException
	at java.util.concurrent.CompletableFuture.timedGet(CompletableFuture.java:1771)
	at java.util.concurrent.CompletableFuture.get(CompletableFuture.java:1915)
	at org.apache.ratis.util.IOUtils.getFromFuture(IOUtils.java:79)
	... 4 more
2019-09-11 19:02:51,515 [d1e1b199-a92a-4c37-98e7-20a84e9cbec2@group-0BBEB04936B1-SegmentedRaftLogWorker] WARN  segmented.SegmentedRaftLogWorker (SegmentedRaftLogWorker.java:getFromFuture(90)) - Timeout 9/~
org.apache.ratis.protocol.TimeoutIOException: Timeout 10s: WriteLog:8: (t:1, i:8), STATEMACHINELOGENTRY, client-AC8CE528086A, cid=43-writeStateMachineData
	at org.apache.ratis.util.IOUtils.getFromFuture(IOUtils.java:87)
	at org.apache.ratis.server.raftlog.segmented.SegmentedRaftLogWorker$StateMachineDataPolicy.getFromFuture(SegmentedRaftLogWorker.java:87)
	at org.apache.ratis.server.raftlog.segmented.SegmentedRaftLogWorker$WriteLog.execute(SegmentedRaftLogWorker.java:477)
	at org.apache.ratis.server.raftlog.segmented.SegmentedRaftLogWorker.run(SegmentedRaftLogWorker.java:289)
	at java.lang.Thread.run(Thread.java:748)
Caused by: java.util.concurrent.TimeoutException
	at java.util.concurrent.CompletableFuture.timedGet(CompletableFuture.java:1771)
	at java.util.concurrent.CompletableFuture.get(CompletableFuture.java:1915)
	at org.apache.ratis.util.IOUtils.getFromFuture(IOUtils.java:79)
	... 4 more
2019-09-11 19:02:51,834 [java.util.concurrent.ThreadPoolExecutor$Worker@7266fed5[State = -1, empty queue]] WARN  server.GrpcLogAppender (GrpcLogAppender.java:timeoutAppendRequest(200)) - 317be899-a5e7-4874-8b34-173a53939308@group-0BBEB04936B1->d1e1b199-a92a-4c37-98e7-20a84e9cbec2-GrpcLogAppender: appendEntries Timeout, request=317be899-a5e7-4874-8b34-173a53939308->d1e1b199-a92a-4c37-98e7-20a84e9cbec2#52-t1, previous=(t:1, i:12), leaderCommit=6, initializing? false, entries: <empty>
2019-09-11 19:02:51,834 [java.util.concurrent.ThreadPoolExecutor$Worker@20491363[State = -1, empty queue]] WARN  server.GrpcLogAppender (GrpcLogAppender.java:timeoutAppendRequest(200)) - 317be899-a5e7-4874-8b34-173a53939308@group-0BBEB04936B1->b0d4f042-2fdd-43c4-bade-ce7ad6576109-GrpcLogAppender: appendEntries Timeout, request=317be899-a5e7-4874-8b34-173a53939308->b0d4f042-2fdd-43c4-bade-ce7ad6576109#52-t1, previous=(t:1, i:12), leaderCommit=6, initializing? false, entries: <empty>
2019-09-11 19:02:52,176 [grpc-default-executor-5] INFO  client.GrpcClientProtocolClient (GrpcClientProtocolClient.java:onNext(264)) - client-AC8CE528086A->d1e1b199-a92a-4c37-98e7-20a84e9cbec2: receive RaftClientReply:client-AC8CE528086A->d1e1b199-a92a-4c37-98e7-20a84e9cbec2@group-0BBEB04936B1, cid=42, FAILED org.apache.ratis.protocol.NotLeaderException: Server d1e1b199-a92a-4c37-98e7-20a84e9cbec2@group-0BBEB04936B1 is not the leader 317be899-a5e7-4874-8b34-173a53939308:192.168.5.143:42053, logIndex=0, commits[d1e1b199-a92a-4c37-98e7-20a84e9cbec2:c6, 317be899-a5e7-4874-8b34-173a53939308:c6, b0d4f042-2fdd-43c4-bade-ce7ad6576109:c4]
2019-09-11 19:02:53,217 [ReplicationMonitor] INFO  container.ReplicationManager (ReplicationManager.java:forceCloseContainer(464)) - Force closing container #2 with BCSID 6, which is in QUASI_CLOSED state.
2019-09-11 19:02:53,219 [ReplicationMonitor] INFO  container.ReplicationManager (ReplicationManager.java:sendCloseCommand(659)) - Sending close container command for container #2 to datanode 317be899-a5e7-4874-8b34-173a53939308{ip: 192.168.5.143, host: pr-hdds-1786-trunk-xjsf7-3704618034, networkLocation: /default-rack, certSerialId: null}.
2019-09-11 19:02:53,220 [ReplicationMonitor] INFO  container.ReplicationManager (ReplicationManager.java:sendCloseCommand(659)) - Sending close container command for container #2 to datanode b0d4f042-2fdd-43c4-bade-ce7ad6576109{ip: 192.168.5.143, host: pr-hdds-1786-trunk-xjsf7-3704618034, networkLocation: /default-rack, certSerialId: null}.
2019-09-11 19:02:53,220 [ReplicationMonitor] INFO  container.ReplicationManager (ReplicationManager.java:sendCloseCommand(659)) - Sending close container command for container #2 to datanode d1e1b199-a92a-4c37-98e7-20a84e9cbec2{ip: 192.168.5.143, host: pr-hdds-1786-trunk-xjsf7-3704618034, networkLocation: /default-rack, certSerialId: null}.
2019-09-11 19:02:53,220 [ReplicationMonitor] INFO  container.ReplicationManager (ReplicationManager.java:forceCloseContainer(464)) - Force closing container #3 with BCSID 0, which is in QUASI_CLOSED state.
2019-09-11 19:02:53,220 [ReplicationMonitor] INFO  container.ReplicationManager (ReplicationManager.java:sendCloseCommand(659)) - Sending close container command for container #3 to datanode 317be899-a5e7-4874-8b34-173a53939308{ip: 192.168.5.143, host: pr-hdds-1786-trunk-xjsf7-3704618034, networkLocation: /default-rack, certSerialId: null}.
2019-09-11 19:02:53,220 [ReplicationMonitor] INFO  container.ReplicationManager (ReplicationManager.java:sendCloseCommand(659)) - Sending close container command for container #3 to datanode d1e1b199-a92a-4c37-98e7-20a84e9cbec2{ip: 192.168.5.143, host: pr-hdds-1786-trunk-xjsf7-3704618034, networkLocation: /default-rack, certSerialId: null}.
2019-09-11 19:02:53,221 [ReplicationMonitor] INFO  container.ReplicationManager (ReplicationManager.java:sendCloseCommand(659)) - Sending close container command for container #3 to datanode b0d4f042-2fdd-43c4-bade-ce7ad6576109{ip: 192.168.5.143, host: pr-hdds-1786-trunk-xjsf7-3704618034, networkLocation: /default-rack, certSerialId: null}.
2019-09-11 19:02:53,221 [ReplicationMonitor] INFO  container.ReplicationManager (ReplicationManager.java:run(225)) - Replication Monitor Thread took 11 milliseconds for processing 5 containers.
2019-09-11 19:02:54,334 [java.util.concurrent.ThreadPoolExecutor$Worker@20491363[State = -1, empty queue]] WARN  server.GrpcLogAppender (GrpcLogAppender.java:timeoutAppendRequest(200)) - 317be899-a5e7-4874-8b34-173a53939308@group-0BBEB04936B1->b0d4f042-2fdd-43c4-bade-ce7ad6576109-GrpcLogAppender: appendEntries Timeout, request=317be899-a5e7-4874-8b34-173a53939308->b0d4f042-2fdd-43c4-bade-ce7ad6576109#53-t1, previous=(t:1, i:12), leaderCommit=6, initializing? false, entries: <empty>
2019-09-11 19:02:54,334 [java.util.concurrent.ThreadPoolExecutor$Worker@7266fed5[State = -1, empty queue]] WARN  server.GrpcLogAppender (GrpcLogAppender.java:timeoutAppendRequest(200)) - 317be899-a5e7-4874-8b34-173a53939308@group-0BBEB04936B1->d1e1b199-a92a-4c37-98e7-20a84e9cbec2-GrpcLogAppender: appendEntries Timeout, request=317be899-a5e7-4874-8b34-173a53939308->d1e1b199-a92a-4c37-98e7-20a84e9cbec2#53-t1, previous=(t:1, i:12), leaderCommit=6, initializing? false, entries: <empty>
2019-09-11 19:02:55,518 [Command processor thread] INFO  interfaces.Container (KeyValueContainer.java:flushAndSyncDB(386)) - Container 2 is synced with bcsId 6.
2019-09-11 19:02:55,518 [Command processor thread] INFO  interfaces.Container (KeyValueContainer.java:flushAndSyncDB(386)) - Container 2 is synced with bcsId 6.
2019-09-11 19:02:55,523 [Command processor thread] INFO  interfaces.Container (KeyValueContainer.java:flushAndSyncDB(386)) - Container 2 is synced with bcsId 6.
2019-09-11 19:02:55,523 [Command processor thread] INFO  interfaces.Container (KeyValueContainer.java:flushAndSyncDB(386)) - Container 2 is synced with bcsId 6.
2019-09-11 19:02:55,523 [Command processor thread] INFO  interfaces.Container (KeyValueContainer.java:flushAndSyncDB(386)) - Container 2 is synced with bcsId 6.
2019-09-11 19:02:55,523 [Command processor thread] INFO  interfaces.Container (KeyValueContainer.java:flushAndSyncDB(386)) - Container 2 is synced with bcsId 6.
2019-09-11 19:02:55,541 [Command processor thread] INFO  interfaces.Container (KeyValueContainer.java:close(335)) - Container 2 is closed with bcsId 6.
2019-09-11 19:02:55,541 [Command processor thread] INFO  interfaces.Container (KeyValueContainer.java:close(335)) - Container 2 is closed with bcsId 6.
2019-09-11 19:02:55,541 [Command processor thread] INFO  interfaces.Container (KeyValueContainer.java:close(335)) - Container 2 is closed with bcsId 6.
2019-09-11 19:02:55,542 [Command processor thread] INFO  interfaces.Container (KeyValueContainer.java:flushAndSyncDB(386)) - Container 3 is synced with bcsId 0.
2019-09-11 19:02:55,542 [Command processor thread] INFO  interfaces.Container (KeyValueContainer.java:flushAndSyncDB(386)) - Container 3 is synced with bcsId 0.
2019-09-11 19:02:55,542 [Command processor thread] INFO  interfaces.Container (KeyValueContainer.java:flushAndSyncDB(386)) - Container 3 is synced with bcsId 0.
2019-09-11 19:02:55,542 [Command processor thread] INFO  interfaces.Container (KeyValueContainer.java:flushAndSyncDB(386)) - Container 3 is synced with bcsId 0.
2019-09-11 19:02:55,542 [Command processor thread] INFO  interfaces.Container (KeyValueContainer.java:flushAndSyncDB(386)) - Container 3 is synced with bcsId 0.
2019-09-11 19:02:55,543 [EventQueue-IncrementalContainerReportForIncrementalContainerReportHandler] INFO  container.IncrementalContainerReportHandler (AbstractContainerReportHandler.java:updateContainerState(202)) - Moving container #2 to CLOSED state, datanode d1e1b199-a92a-4c37-98e7-20a84e9cbec2{ip: 192.168.5.143, host: pr-hdds-1786-trunk-xjsf7-3704618034, networkLocation: /default-rack, certSerialId: null} reported CLOSED replica.
2019-09-11 19:02:55,543 [Command processor thread] INFO  interfaces.Container (KeyValueContainer.java:flushAndSyncDB(386)) - Container 3 is synced with bcsId 0.
2019-09-11 19:02:55,559 [Command processor thread] INFO  interfaces.Container (KeyValueContainer.java:close(335)) - Container 3 is closed with bcsId 0.
2019-09-11 19:02:55,559 [Command processor thread] INFO  interfaces.Container (KeyValueContainer.java:close(335)) - Container 3 is closed with bcsId 0.
2019-09-11 19:02:55,559 [Command processor thread] INFO  interfaces.Container (KeyValueContainer.java:close(335)) - Container 3 is closed with bcsId 0.
2019-09-11 19:02:55,560 [EventQueue-IncrementalContainerReportForIncrementalContainerReportHandler] INFO  container.IncrementalContainerReportHandler (AbstractContainerReportHandler.java:updateContainerState(202)) - Moving container #3 to CLOSED state, datanode d1e1b199-a92a-4c37-98e7-20a84e9cbec2{ip: 192.168.5.143, host: pr-hdds-1786-trunk-xjsf7-3704618034, networkLocation: /default-rack, certSerialId: null} reported CLOSED replica.
2019-09-11 19:02:56,835 [java.util.concurrent.ThreadPoolExecutor$Worker@20491363[State = -1, empty queue]] WARN  server.GrpcLogAppender (GrpcLogAppender.java:timeoutAppendRequest(200)) - 317be899-a5e7-4874-8b34-173a53939308@group-0BBEB04936B1->b0d4f042-2fdd-43c4-bade-ce7ad6576109-GrpcLogAppender: appendEntries Timeout, request=317be899-a5e7-4874-8b34-173a53939308->b0d4f042-2fdd-43c4-bade-ce7ad6576109#54-t1, previous=(t:1, i:12), leaderCommit=6, initializing? false, entries: <empty>
2019-09-11 19:02:56,835 [java.util.concurrent.ThreadPoolExecutor$Worker@7266fed5[State = -1, empty queue]] WARN  server.GrpcLogAppender (GrpcLogAppender.java:timeoutAppendRequest(200)) - 317be899-a5e7-4874-8b34-173a53939308@group-0BBEB04936B1->d1e1b199-a92a-4c37-98e7-20a84e9cbec2-GrpcLogAppender: appendEntries Timeout, request=317be899-a5e7-4874-8b34-173a53939308->d1e1b199-a92a-4c37-98e7-20a84e9cbec2#54-t1, previous=(t:1, i:12), leaderCommit=6, initializing? false, entries: <empty>
2019-09-11 19:02:57,218 [grpc-default-executor-5] INFO  client.GrpcClientProtocolClient (GrpcClientProtocolClient.java:onNext(264)) - client-AC8CE528086A->b0d4f042-2fdd-43c4-bade-ce7ad6576109: receive RaftClientReply:client-AC8CE528086A->b0d4f042-2fdd-43c4-bade-ce7ad6576109@group-0BBEB04936B1, cid=42, FAILED org.apache.ratis.protocol.NotLeaderException: Server b0d4f042-2fdd-43c4-bade-ce7ad6576109@group-0BBEB04936B1 is not the leader 317be899-a5e7-4874-8b34-173a53939308:192.168.5.143:42053, logIndex=0, commits[b0d4f042-2fdd-43c4-bade-ce7ad6576109:c6, 317be899-a5e7-4874-8b34-173a53939308:c6, d1e1b199-a92a-4c37-98e7-20a84e9cbec2:c4]
2019-09-11 19:02:59,335 [java.util.concurrent.ThreadPoolExecutor$Worker@20491363[State = -1, empty queue]] WARN  server.GrpcLogAppender (GrpcLogAppender.java:timeoutAppendRequest(200)) - 317be899-a5e7-4874-8b34-173a53939308@group-0BBEB04936B1->b0d4f042-2fdd-43c4-bade-ce7ad6576109-GrpcLogAppender: appendEntries Timeout, request=317be899-a5e7-4874-8b34-173a53939308->b0d4f042-2fdd-43c4-bade-ce7ad6576109#55-t1, previous=(t:1, i:12), leaderCommit=6, initializing? false, entries: <empty>
2019-09-11 19:02:59,335 [java.util.concurrent.ThreadPoolExecutor$Worker@7266fed5[State = -1, empty queue]] WARN  server.GrpcLogAppender (GrpcLogAppender.java:timeoutAppendRequest(200)) - 317be899-a5e7-4874-8b34-173a53939308@group-0BBEB04936B1->d1e1b199-a92a-4c37-98e7-20a84e9cbec2-GrpcLogAppender: appendEntries Timeout, request=317be899-a5e7-4874-8b34-173a53939308->d1e1b199-a92a-4c37-98e7-20a84e9cbec2#55-t1, previous=(t:1, i:12), leaderCommit=6, initializing? false, entries: <empty>
2019-09-11 19:03:01,326 [317be899-a5e7-4874-8b34-173a53939308@group-0BBEB04936B1-SegmentedRaftLogWorker] WARN  segmented.SegmentedRaftLogWorker (SegmentedRaftLogWorker.java:getFromFuture(90)) - Timeout 10/~
org.apache.ratis.protocol.TimeoutIOException: Timeout 10s: WriteLog:7: (t:1, i:7), STATEMACHINELOGENTRY, client-AC8CE528086A, cid=42-writeStateMachineData
	at org.apache.ratis.util.IOUtils.getFromFuture(IOUtils.java:87)
	at org.apache.ratis.server.raftlog.segmented.SegmentedRaftLogWorker$StateMachineDataPolicy.getFromFuture(SegmentedRaftLogWorker.java:87)
	at org.apache.ratis.server.raftlog.segmented.SegmentedRaftLogWorker$WriteLog.execute(SegmentedRaftLogWorker.java:477)
	at org.apache.ratis.server.raftlog.segmented.SegmentedRaftLogWorker.run(SegmentedRaftLogWorker.java:289)
	at java.lang.Thread.run(Thread.java:748)
Caused by: java.util.concurrent.TimeoutException
	at java.util.concurrent.CompletableFuture.timedGet(CompletableFuture.java:1771)
	at java.util.concurrent.CompletableFuture.get(CompletableFuture.java:1915)
	at org.apache.ratis.util.IOUtils.getFromFuture(IOUtils.java:79)
	... 4 more
2019-09-11 19:03:01,515 [b0d4f042-2fdd-43c4-bade-ce7ad6576109@group-0BBEB04936B1-SegmentedRaftLogWorker] WARN  segmented.SegmentedRaftLogWorker (SegmentedRaftLogWorker.java:getFromFuture(90)) - Timeout 10/~
org.apache.ratis.protocol.TimeoutIOException: Timeout 10s: WriteLog:8: (t:1, i:8), STATEMACHINELOGENTRY, client-AC8CE528086A, cid=43-writeStateMachineData
	at org.apache.ratis.util.IOUtils.getFromFuture(IOUtils.java:87)
	at org.apache.ratis.server.raftlog.segmented.SegmentedRaftLogWorker$StateMachineDataPolicy.getFromFuture(SegmentedRaftLogWorker.java:87)
	at org.apache.ratis.server.raftlog.segmented.SegmentedRaftLogWorker$WriteLog.execute(SegmentedRaftLogWorker.java:477)
	at org.apache.ratis.server.raftlog.segmented.SegmentedRaftLogWorker.run(SegmentedRaftLogWorker.java:289)
	at java.lang.Thread.run(Thread.java:748)
Caused by: java.util.concurrent.TimeoutException
	at java.util.concurrent.CompletableFuture.timedGet(CompletableFuture.java:1771)
	at java.util.concurrent.CompletableFuture.get(CompletableFuture.java:1915)
	at org.apache.ratis.util.IOUtils.getFromFuture(IOUtils.java:79)
	... 4 more
2019-09-11 19:03:01,516 [d1e1b199-a92a-4c37-98e7-20a84e9cbec2@group-0BBEB04936B1-SegmentedRaftLogWorker] WARN  segmented.SegmentedRaftLogWorker (SegmentedRaftLogWorker.java:getFromFuture(90)) - Timeout 10/~
org.apache.ratis.protocol.TimeoutIOException: Timeout 10s: WriteLog:8: (t:1, i:8), STATEMACHINELOGENTRY, client-AC8CE528086A, cid=43-writeStateMachineData
	at org.apache.ratis.util.IOUtils.getFromFuture(IOUtils.java:87)
	at org.apache.ratis.server.raftlog.segmented.SegmentedRaftLogWorker$StateMachineDataPolicy.getFromFuture(SegmentedRaftLogWorker.java:87)
	at org.apache.ratis.server.raftlog.segmented.SegmentedRaftLogWorker$WriteLog.execute(SegmentedRaftLogWorker.java:477)
	at org.apache.ratis.server.raftlog.segmented.SegmentedRaftLogWorker.run(SegmentedRaftLogWorker.java:289)
	at java.lang.Thread.run(Thread.java:748)
Caused by: java.util.concurrent.TimeoutException
	at java.util.concurrent.CompletableFuture.timedGet(CompletableFuture.java:1771)
	at java.util.concurrent.CompletableFuture.get(CompletableFuture.java:1915)
	at org.apache.ratis.util.IOUtils.getFromFuture(IOUtils.java:79)
	... 4 more
2019-09-11 19:03:01,835 [java.util.concurrent.ThreadPoolExecutor$Worker@20491363[State = -1, empty queue]] WARN  server.GrpcLogAppender (GrpcLogAppender.java:timeoutAppendRequest(200)) - 317be899-a5e7-4874-8b34-173a53939308@group-0BBEB04936B1->b0d4f042-2fdd-43c4-bade-ce7ad6576109-GrpcLogAppender: appendEntries Timeout, request=317be899-a5e7-4874-8b34-173a53939308->b0d4f042-2fdd-43c4-bade-ce7ad6576109#56-t1, previous=(t:1, i:12), leaderCommit=6, initializing? false, entries: <empty>
2019-09-11 19:03:01,835 [java.util.concurrent.ThreadPoolExecutor$Worker@7266fed5[State = -1, empty queue]] WARN  server.GrpcLogAppender (GrpcLogAppender.java:timeoutAppendRequest(200)) - 317be899-a5e7-4874-8b34-173a53939308@group-0BBEB04936B1->d1e1b199-a92a-4c37-98e7-20a84e9cbec2-GrpcLogAppender: appendEntries Timeout, request=317be899-a5e7-4874-8b34-173a53939308->d1e1b199-a92a-4c37-98e7-20a84e9cbec2#56-t1, previous=(t:1, i:12), leaderCommit=6, initializing? false, entries: <empty>
2019-09-11 19:03:02,271 [grpc-default-executor-4] INFO  client.GrpcClientProtocolClient (GrpcClientProtocolClient.java:onNext(264)) - client-AC8CE528086A->b0d4f042-2fdd-43c4-bade-ce7ad6576109: receive RaftClientReply:client-AC8CE528086A->b0d4f042-2fdd-43c4-bade-ce7ad6576109@group-0BBEB04936B1, cid=42, FAILED org.apache.ratis.protocol.NotLeaderException: Server b0d4f042-2fdd-43c4-bade-ce7ad6576109@group-0BBEB04936B1 is not the leader 317be899-a5e7-4874-8b34-173a53939308:192.168.5.143:42053, logIndex=0, commits[b0d4f042-2fdd-43c4-bade-ce7ad6576109:c6, 317be899-a5e7-4874-8b34-173a53939308:c6, d1e1b199-a92a-4c37-98e7-20a84e9cbec2:c4]
2019-09-11 19:03:04,336 [java.util.concurrent.ThreadPoolExecutor$Worker@20491363[State = -1, empty queue]] WARN  server.GrpcLogAppender (GrpcLogAppender.java:timeoutAppendRequest(200)) - 317be899-a5e7-4874-8b34-173a53939308@group-0BBEB04936B1->b0d4f042-2fdd-43c4-bade-ce7ad6576109-GrpcLogAppender: appendEntries Timeout, request=317be899-a5e7-4874-8b34-173a53939308->b0d4f042-2fdd-43c4-bade-ce7ad6576109#57-t1, previous=(t:1, i:12), leaderCommit=6, initializing? false, entries: <empty>
2019-09-11 19:03:04,336 [java.util.concurrent.ThreadPoolExecutor$Worker@7266fed5[State = -1, empty queue]] WARN  server.GrpcLogAppender (GrpcLogAppender.java:timeoutAppendRequest(200)) - 317be899-a5e7-4874-8b34-173a53939308@group-0BBEB04936B1->d1e1b199-a92a-4c37-98e7-20a84e9cbec2-GrpcLogAppender: appendEntries Timeout, request=317be899-a5e7-4874-8b34-173a53939308->d1e1b199-a92a-4c37-98e7-20a84e9cbec2#57-t1, previous=(t:1, i:12), leaderCommit=6, initializing? false, entries: <empty>
2019-09-11 19:03:06,836 [java.util.concurrent.ThreadPoolExecutor$Worker@20491363[State = -1, empty queue]] WARN  server.GrpcLogAppender (GrpcLogAppender.java:timeoutAppendRequest(200)) - 317be899-a5e7-4874-8b34-173a53939308@group-0BBEB04936B1->b0d4f042-2fdd-43c4-bade-ce7ad6576109-GrpcLogAppender: appendEntries Timeout, request=317be899-a5e7-4874-8b34-173a53939308->b0d4f042-2fdd-43c4-bade-ce7ad6576109#58-t1, previous=(t:1, i:12), leaderCommit=6, initializing? false, entries: <empty>
2019-09-11 19:03:06,836 [java.util.concurrent.ThreadPoolExecutor$Worker@7266fed5[State = -1, empty queue]] WARN  server.GrpcLogAppender (GrpcLogAppender.java:timeoutAppendRequest(200)) - 317be899-a5e7-4874-8b34-173a53939308@group-0BBEB04936B1->d1e1b199-a92a-4c37-98e7-20a84e9cbec2-GrpcLogAppender: appendEntries Timeout, request=317be899-a5e7-4874-8b34-173a53939308->d1e1b199-a92a-4c37-98e7-20a84e9cbec2#58-t1, previous=(t:1, i:12), leaderCommit=6, initializing? false, entries: <empty>
2019-09-11 19:03:07,340 [grpc-default-executor-5] INFO  client.GrpcClientProtocolClient (GrpcClientProtocolClient.java:onNext(264)) - client-AC8CE528086A->d1e1b199-a92a-4c37-98e7-20a84e9cbec2: receive RaftClientReply:client-AC8CE528086A->d1e1b199-a92a-4c37-98e7-20a84e9cbec2@group-0BBEB04936B1, cid=42, FAILED org.apache.ratis.protocol.NotLeaderException: Server d1e1b199-a92a-4c37-98e7-20a84e9cbec2@group-0BBEB04936B1 is not the leader 317be899-a5e7-4874-8b34-173a53939308:192.168.5.143:42053, logIndex=0, commits[d1e1b199-a92a-4c37-98e7-20a84e9cbec2:c6, 317be899-a5e7-4874-8b34-173a53939308:c6, b0d4f042-2fdd-43c4-bade-ce7ad6576109:c4]
2019-09-11 19:03:09,336 [java.util.concurrent.ThreadPoolExecutor$Worker@7266fed5[State = -1, empty queue]] WARN  server.GrpcLogAppender (GrpcLogAppender.java:timeoutAppendRequest(200)) - 317be899-a5e7-4874-8b34-173a53939308@group-0BBEB04936B1->d1e1b199-a92a-4c37-98e7-20a84e9cbec2-GrpcLogAppender: appendEntries Timeout, request=317be899-a5e7-4874-8b34-173a53939308->d1e1b199-a92a-4c37-98e7-20a84e9cbec2#59-t1, previous=(t:1, i:12), leaderCommit=6, initializing? false, entries: <empty>
2019-09-11 19:03:09,336 [java.util.concurrent.ThreadPoolExecutor$Worker@20491363[State = -1, empty queue]] WARN  server.GrpcLogAppender (GrpcLogAppender.java:timeoutAppendRequest(200)) - 317be899-a5e7-4874-8b34-173a53939308@group-0BBEB04936B1->b0d4f042-2fdd-43c4-bade-ce7ad6576109-GrpcLogAppender: appendEntries Timeout, request=317be899-a5e7-4874-8b34-173a53939308->b0d4f042-2fdd-43c4-bade-ce7ad6576109#59-t1, previous=(t:1, i:12), leaderCommit=6, initializing? false, entries: <empty>
2019-09-11 19:03:11,328 [317be899-a5e7-4874-8b34-173a53939308@group-0BBEB04936B1-SegmentedRaftLogWorker] WARN  segmented.SegmentedRaftLogWorker (SegmentedRaftLogWorker.java:getFromFuture(90)) - Timeout 11/~
org.apache.ratis.protocol.TimeoutIOException: Timeout 10s: WriteLog:7: (t:1, i:7), STATEMACHINELOGENTRY, client-AC8CE528086A, cid=42-writeStateMachineData
	at org.apache.ratis.util.IOUtils.getFromFuture(IOUtils.java:87)
	at org.apache.ratis.server.raftlog.segmented.SegmentedRaftLogWorker$StateMachineDataPolicy.getFromFuture(SegmentedRaftLogWorker.java:87)
	at org.apache.ratis.server.raftlog.segmented.SegmentedRaftLogWorker$WriteLog.execute(SegmentedRaftLogWorker.java:477)
	at org.apache.ratis.server.raftlog.segmented.SegmentedRaftLogWorker.run(SegmentedRaftLogWorker.java:289)
	at java.lang.Thread.run(Thread.java:748)
Caused by: java.util.concurrent.TimeoutException
	at java.util.concurrent.CompletableFuture.timedGet(CompletableFuture.java:1771)
	at java.util.concurrent.CompletableFuture.get(CompletableFuture.java:1915)
	at org.apache.ratis.util.IOUtils.getFromFuture(IOUtils.java:79)
	... 4 more
2019-09-11 19:03:11,338 [org.apache.ratis.server.impl.LogAppender$AppenderDaemon$$Lambda$497/214039350@75b65111] ERROR ratis.XceiverServerRatis (XceiverServerRatis.java:triggerPipelineClose(575)) - pipeline Action CLOSE  on pipeline PipelineID=f4acf43d-e397-454f-bb1f-0bbeb04936b1.Reason : 317be899-a5e7-4874-8b34-173a53939308 has not seen follower/s d1e1b199-a92a-4c37-98e7-20a84e9cbec2 for 120122ms b0d4f042-2fdd-43c4-bade-ce7ad6576109 for 120122ms
2019-09-11 19:03:11,338 [org.apache.ratis.server.impl.LogAppender$AppenderDaemon$$Lambda$497/214039350@2ab5298e] ERROR ratis.XceiverServerRatis (XceiverServerRatis.java:triggerPipelineClose(575)) - pipeline Action CLOSE  on pipeline PipelineID=f4acf43d-e397-454f-bb1f-0bbeb04936b1.Reason : 317be899-a5e7-4874-8b34-173a53939308 has not seen follower/s d1e1b199-a92a-4c37-98e7-20a84e9cbec2 for 120122ms b0d4f042-2fdd-43c4-bade-ce7ad6576109 for 120122ms
2019-09-11 19:03:11,516 [b0d4f042-2fdd-43c4-bade-ce7ad6576109@group-0BBEB04936B1-SegmentedRaftLogWorker] WARN  segmented.SegmentedRaftLogWorker (SegmentedRaftLogWorker.java:getFromFuture(90)) - Timeout 11/~
org.apache.ratis.protocol.TimeoutIOException: Timeout 10s: WriteLog:8: (t:1, i:8), STATEMACHINELOGENTRY, client-AC8CE528086A, cid=43-writeStateMachineData
	at org.apache.ratis.util.IOUtils.getFromFuture(IOUtils.java:87)
	at org.apache.ratis.server.raftlog.segmented.SegmentedRaftLogWorker$StateMachineDataPolicy.getFromFuture(SegmentedRaftLogWorker.java:87)
	at org.apache.ratis.server.raftlog.segmented.SegmentedRaftLogWorker$WriteLog.execute(SegmentedRaftLogWorker.java:477)
	at org.apache.ratis.server.raftlog.segmented.SegmentedRaftLogWorker.run(SegmentedRaftLogWorker.java:289)
	at java.lang.Thread.run(Thread.java:748)
Caused by: java.util.concurrent.TimeoutException
	at java.util.concurrent.CompletableFuture.timedGet(CompletableFuture.java:1771)
	at java.util.concurrent.CompletableFuture.get(CompletableFuture.java:1915)
	at org.apache.ratis.util.IOUtils.getFromFuture(IOUtils.java:79)
	... 4 more
2019-09-11 19:03:11,517 [d1e1b199-a92a-4c37-98e7-20a84e9cbec2@group-0BBEB04936B1-SegmentedRaftLogWorker] WARN  segmented.SegmentedRaftLogWorker (SegmentedRaftLogWorker.java:getFromFuture(90)) - Timeout 11/~
org.apache.ratis.protocol.TimeoutIOException: Timeout 10s: WriteLog:8: (t:1, i:8), STATEMACHINELOGENTRY, client-AC8CE528086A, cid=43-writeStateMachineData
	at org.apache.ratis.util.IOUtils.getFromFuture(IOUtils.java:87)
	at org.apache.ratis.server.raftlog.segmented.SegmentedRaftLogWorker$StateMachineDataPolicy.getFromFuture(SegmentedRaftLogWorker.java:87)
	at org.apache.ratis.server.raftlog.segmented.SegmentedRaftLogWorker$WriteLog.execute(SegmentedRaftLogWorker.java:477)
	at org.apache.ratis.server.raftlog.segmented.SegmentedRaftLogWorker.run(SegmentedRaftLogWorker.java:289)
	at java.lang.Thread.run(Thread.java:748)
Caused by: java.util.concurrent.TimeoutException
	at java.util.concurrent.CompletableFuture.timedGet(CompletableFuture.java:1771)
	at java.util.concurrent.CompletableFuture.get(CompletableFuture.java:1915)
	at org.apache.ratis.util.IOUtils.getFromFuture(IOUtils.java:79)
	... 4 more
2019-09-11 19:03:11,564 [EventQueue-PipelineActionsForPipelineActionHandler] ERROR pipeline.PipelineActionHandler (PipelineActionHandler.java:onMessage(60)) - Received pipeline action CLOSE for Pipeline[ Id: f4acf43d-e397-454f-bb1f-0bbeb04936b1, Nodes: d1e1b199-a92a-4c37-98e7-20a84e9cbec2{ip: 192.168.5.143, host: pr-hdds-1786-trunk-xjsf7-3704618034, networkLocation: /default-rack, certSerialId: null}317be899-a5e7-4874-8b34-173a53939308{ip: 192.168.5.143, host: pr-hdds-1786-trunk-xjsf7-3704618034, networkLocation: /default-rack, certSerialId: null}b0d4f042-2fdd-43c4-bade-ce7ad6576109{ip: 192.168.5.143, host: pr-hdds-1786-trunk-xjsf7-3704618034, networkLocation: /default-rack, certSerialId: null}, Type:RATIS, Factor:THREE, State:OPEN] from datanode 317be899-a5e7-4874-8b34-173a53939308{ip: 192.168.5.143, host: pr-hdds-1786-trunk-xjsf7-3704618034, networkLocation: /default-rack, certSerialId: null}. Reason : 317be899-a5e7-4874-8b34-173a53939308 has not seen follower/s d1e1b199-a92a-4c37-98e7-20a84e9cbec2 for 120122ms b0d4f042-2fdd-43c4-bade-ce7ad6576109 for 120122ms
2019-09-11 19:03:11,564 [EventQueue-PipelineActionsForPipelineActionHandler] INFO  pipeline.SCMPipelineManager (SCMPipelineManager.java:finalizeAndDestroyPipeline(311)) - destroying pipeline:Pipeline[ Id: f4acf43d-e397-454f-bb1f-0bbeb04936b1, Nodes: d1e1b199-a92a-4c37-98e7-20a84e9cbec2{ip: 192.168.5.143, host: pr-hdds-1786-trunk-xjsf7-3704618034, networkLocation: /default-rack, certSerialId: null}317be899-a5e7-4874-8b34-173a53939308{ip: 192.168.5.143, host: pr-hdds-1786-trunk-xjsf7-3704618034, networkLocation: /default-rack, certSerialId: null}b0d4f042-2fdd-43c4-bade-ce7ad6576109{ip: 192.168.5.143, host: pr-hdds-1786-trunk-xjsf7-3704618034, networkLocation: /default-rack, certSerialId: null}, Type:RATIS, Factor:THREE, State:OPEN]
2019-09-11 19:03:11,564 [EventQueue-PipelineActionsForPipelineActionHandler] INFO  pipeline.PipelineStateManager (PipelineStateManager.java:finalizePipeline(123)) - Pipeline Pipeline[ Id: f4acf43d-e397-454f-bb1f-0bbeb04936b1, Nodes: d1e1b199-a92a-4c37-98e7-20a84e9cbec2{ip: 192.168.5.143, host: pr-hdds-1786-trunk-xjsf7-3704618034, networkLocation: /default-rack, certSerialId: null}317be899-a5e7-4874-8b34-173a53939308{ip: 192.168.5.143, host: pr-hdds-1786-trunk-xjsf7-3704618034, networkLocation: /default-rack, certSerialId: null}b0d4f042-2fdd-43c4-bade-ce7ad6576109{ip: 192.168.5.143, host: pr-hdds-1786-trunk-xjsf7-3704618034, networkLocation: /default-rack, certSerialId: null}, Type:RATIS, Factor:THREE, State:CLOSED] moved to CLOSED state
2019-09-11 19:03:11,565 [EventQueue-CloseContainerForCloseContainerEventHandler] INFO  container.CloseContainerEventHandler (CloseContainerEventHandler.java:onMessage(61)) - Close container Event triggered for container : #4
2019-09-11 19:03:11,566 [EventQueue-CloseContainerForCloseContainerEventHandler] INFO  container.CloseContainerEventHandler (CloseContainerEventHandler.java:onMessage(61)) - Close container Event triggered for container : #5
2019-09-11 19:03:11,837 [java.util.concurrent.ThreadPoolExecutor$Worker@20491363[State = -1, empty queue]] WARN  server.GrpcLogAppender (GrpcLogAppender.java:timeoutAppendRequest(200)) - 317be899-a5e7-4874-8b34-173a53939308@group-0BBEB04936B1->b0d4f042-2fdd-43c4-bade-ce7ad6576109-GrpcLogAppender: appendEntries Timeout, request=317be899-a5e7-4874-8b34-173a53939308->b0d4f042-2fdd-43c4-bade-ce7ad6576109#60-t1, previous=(t:1, i:12), leaderCommit=6, initializing? false, entries: <empty>
2019-09-11 19:03:11,837 [java.util.concurrent.ThreadPoolExecutor$Worker@7266fed5[State = -1, empty queue]] WARN  server.GrpcLogAppender (GrpcLogAppender.java:timeoutAppendRequest(200)) - 317be899-a5e7-4874-8b34-173a53939308@group-0BBEB04936B1->d1e1b199-a92a-4c37-98e7-20a84e9cbec2-GrpcLogAppender: appendEntries Timeout, request=317be899-a5e7-4874-8b34-173a53939308->d1e1b199-a92a-4c37-98e7-20a84e9cbec2#60-t1, previous=(t:1, i:12), leaderCommit=6, initializing? false, entries: <empty>
2019-09-11 19:03:12,387 [grpc-default-executor-5] INFO  client.GrpcClientProtocolClient (GrpcClientProtocolClient.java:onNext(264)) - client-AC8CE528086A->d1e1b199-a92a-4c37-98e7-20a84e9cbec2: receive RaftClientReply:client-AC8CE528086A->d1e1b199-a92a-4c37-98e7-20a84e9cbec2@group-0BBEB04936B1, cid=42, FAILED org.apache.ratis.protocol.NotLeaderException: Server d1e1b199-a92a-4c37-98e7-20a84e9cbec2@group-0BBEB04936B1 is not the leader 317be899-a5e7-4874-8b34-173a53939308:192.168.5.143:42053, logIndex=0, commits[d1e1b199-a92a-4c37-98e7-20a84e9cbec2:c6, 317be899-a5e7-4874-8b34-173a53939308:c6, b0d4f042-2fdd-43c4-bade-ce7ad6576109:c4]
2019-09-11 19:03:13,590 [org.apache.ratis.server.impl.LogAppender$AppenderDaemon$$Lambda$497/214039350@2ab5298e] ERROR ratis.XceiverServerRatis (XceiverServerRatis.java:triggerPipelineClose(575)) - pipeline Action CLOSE  on pipeline PipelineID=f4acf43d-e397-454f-bb1f-0bbeb04936b1.Reason : 317be899-a5e7-4874-8b34-173a53939308 has not seen follower/s d1e1b199-a92a-4c37-98e7-20a84e9cbec2 for 122374ms b0d4f042-2fdd-43c4-bade-ce7ad6576109 for 122374ms
2019-09-11 19:03:13,590 [org.apache.ratis.server.impl.LogAppender$AppenderDaemon$$Lambda$497/214039350@75b65111] ERROR ratis.XceiverServerRatis (XceiverServerRatis.java:triggerPipelineClose(575)) - pipeline Action CLOSE  on pipeline PipelineID=f4acf43d-e397-454f-bb1f-0bbeb04936b1.Reason : 317be899-a5e7-4874-8b34-173a53939308 has not seen follower/s d1e1b199-a92a-4c37-98e7-20a84e9cbec2 for 122374ms b0d4f042-2fdd-43c4-bade-ce7ad6576109 for 122374ms
2019-09-11 19:03:14,338 [java.util.concurrent.ThreadPoolExecutor$Worker@7266fed5[State = -1, empty queue]] WARN  server.GrpcLogAppender (GrpcLogAppender.java:timeoutAppendRequest(200)) - 317be899-a5e7-4874-8b34-173a53939308@group-0BBEB04936B1->d1e1b199-a92a-4c37-98e7-20a84e9cbec2-GrpcLogAppender: appendEntries Timeout, request=317be899-a5e7-4874-8b34-173a53939308->d1e1b199-a92a-4c37-98e7-20a84e9cbec2#61-t1, previous=(t:1, i:12), leaderCommit=6, initializing? false, entries: <empty>
2019-09-11 19:03:14,338 [java.util.concurrent.ThreadPoolExecutor$Worker@20491363[State = -1, empty queue]] WARN  server.GrpcLogAppender (GrpcLogAppender.java:timeoutAppendRequest(200)) - 317be899-a5e7-4874-8b34-173a53939308@group-0BBEB04936B1->b0d4f042-2fdd-43c4-bade-ce7ad6576109-GrpcLogAppender: appendEntries Timeout, request=317be899-a5e7-4874-8b34-173a53939308->b0d4f042-2fdd-43c4-bade-ce7ad6576109#61-t1, previous=(t:1, i:12), leaderCommit=6, initializing? false, entries: <empty>
2019-09-11 19:03:14,589 [EventQueue-PipelineActionsForPipelineActionHandler] ERROR pipeline.PipelineActionHandler (PipelineActionHandler.java:onMessage(60)) - Received pipeline action CLOSE for Pipeline[ Id: f4acf43d-e397-454f-bb1f-0bbeb04936b1, Nodes: d1e1b199-a92a-4c37-98e7-20a84e9cbec2{ip: 192.168.5.143, host: pr-hdds-1786-trunk-xjsf7-3704618034, networkLocation: /default-rack, certSerialId: null}317be899-a5e7-4874-8b34-173a53939308{ip: 192.168.5.143, host: pr-hdds-1786-trunk-xjsf7-3704618034, networkLocation: /default-rack, certSerialId: null}b0d4f042-2fdd-43c4-bade-ce7ad6576109{ip: 192.168.5.143, host: pr-hdds-1786-trunk-xjsf7-3704618034, networkLocation: /default-rack, certSerialId: null}, Type:RATIS, Factor:THREE, State:CLOSED] from datanode 317be899-a5e7-4874-8b34-173a53939308{ip: 192.168.5.143, host: pr-hdds-1786-trunk-xjsf7-3704618034, networkLocation: /default-rack, certSerialId: null}. Reason : 317be899-a5e7-4874-8b34-173a53939308 has not seen follower/s d1e1b199-a92a-4c37-98e7-20a84e9cbec2 for 122374ms b0d4f042-2fdd-43c4-bade-ce7ad6576109 for 122374ms
2019-09-11 19:03:14,589 [EventQueue-PipelineActionsForPipelineActionHandler] INFO  pipeline.SCMPipelineManager (SCMPipelineManager.java:finalizeAndDestroyPipeline(311)) - destroying pipeline:Pipeline[ Id: f4acf43d-e397-454f-bb1f-0bbeb04936b1, Nodes: d1e1b199-a92a-4c37-98e7-20a84e9cbec2{ip: 192.168.5.143, host: pr-hdds-1786-trunk-xjsf7-3704618034, networkLocation: /default-rack, certSerialId: null}317be899-a5e7-4874-8b34-173a53939308{ip: 192.168.5.143, host: pr-hdds-1786-trunk-xjsf7-3704618034, networkLocation: /default-rack, certSerialId: null}b0d4f042-2fdd-43c4-bade-ce7ad6576109{ip: 192.168.5.143, host: pr-hdds-1786-trunk-xjsf7-3704618034, networkLocation: /default-rack, certSerialId: null}, Type:RATIS, Factor:THREE, State:CLOSED]
2019-09-11 19:03:16,091 [org.apache.ratis.server.impl.LogAppender$AppenderDaemon$$Lambda$497/214039350@75b65111] ERROR ratis.XceiverServerRatis (XceiverServerRatis.java:triggerPipelineClose(575)) - pipeline Action CLOSE  on pipeline PipelineID=f4acf43d-e397-454f-bb1f-0bbeb04936b1.Reason : 317be899-a5e7-4874-8b34-173a53939308 has not seen follower/s d1e1b199-a92a-4c37-98e7-20a84e9cbec2 for 124875ms b0d4f042-2fdd-43c4-bade-ce7ad6576109 for 124875ms
2019-09-11 19:03:16,091 [org.apache.ratis.server.impl.LogAppender$AppenderDaemon$$Lambda$497/214039350@2ab5298e] ERROR ratis.XceiverServerRatis (XceiverServerRatis.java:triggerPipelineClose(575)) - pipeline Action CLOSE  on pipeline PipelineID=f4acf43d-e397-454f-bb1f-0bbeb04936b1.Reason : 317be899-a5e7-4874-8b34-173a53939308 has not seen follower/s d1e1b199-a92a-4c37-98e7-20a84e9cbec2 for 124875ms b0d4f042-2fdd-43c4-bade-ce7ad6576109 for 124875ms
2019-09-11 19:03:16,590 [java.util.concurrent.ThreadPoolExecutor$Worker@7266fed5[State = -1, empty queue]] WARN  server.GrpcLogAppender (GrpcLogAppender.java:timeoutAppendRequest(200)) - 317be899-a5e7-4874-8b34-173a53939308@group-0BBEB04936B1->d1e1b199-a92a-4c37-98e7-20a84e9cbec2-GrpcLogAppender: appendEntries Timeout, request=317be899-a5e7-4874-8b34-173a53939308->d1e1b199-a92a-4c37-98e7-20a84e9cbec2#62-t1, previous=(t:1, i:12), leaderCommit=6, initializing? false, entries: size=1, first=(t:1, i:13), STATEMACHINELOGENTRY, client-E53655E761AB, cid=6
2019-09-11 19:03:16,590 [java.util.concurrent.ThreadPoolExecutor$Worker@20491363[State = -1, empty queue]] WARN  server.GrpcLogAppender (GrpcLogAppender.java:timeoutAppendRequest(200)) - 317be899-a5e7-4874-8b34-173a53939308@group-0BBEB04936B1->b0d4f042-2fdd-43c4-bade-ce7ad6576109-GrpcLogAppender: appendEntries Timeout, request=317be899-a5e7-4874-8b34-173a53939308->b0d4f042-2fdd-43c4-bade-ce7ad6576109#62-t1, previous=(t:1, i:12), leaderCommit=6, initializing? false, entries: size=1, first=(t:1, i:13), STATEMACHINELOGENTRY, client-E53655E761AB, cid=6
2019-09-11 19:03:16,590 [EventQueue-PipelineActionsForPipelineActionHandler] ERROR pipeline.PipelineActionHandler (PipelineActionHandler.java:onMessage(60)) - Received pipeline action CLOSE for Pipeline[ Id: f4acf43d-e397-454f-bb1f-0bbeb04936b1, Nodes: d1e1b199-a92a-4c37-98e7-20a84e9cbec2{ip: 192.168.5.143, host: pr-hdds-1786-trunk-xjsf7-3704618034, networkLocation: /default-rack, certSerialId: null}317be899-a5e7-4874-8b34-173a53939308{ip: 192.168.5.143, host: pr-hdds-1786-trunk-xjsf7-3704618034, networkLocation: /default-rack, certSerialId: null}b0d4f042-2fdd-43c4-bade-ce7ad6576109{ip: 192.168.5.143, host: pr-hdds-1786-trunk-xjsf7-3704618034, networkLocation: /default-rack, certSerialId: null}, Type:RATIS, Factor:THREE, State:CLOSED] from datanode 317be899-a5e7-4874-8b34-173a53939308{ip: 192.168.5.143, host: pr-hdds-1786-trunk-xjsf7-3704618034, networkLocation: /default-rack, certSerialId: null}. Reason : 317be899-a5e7-4874-8b34-173a53939308 has not seen follower/s d1e1b199-a92a-4c37-98e7-20a84e9cbec2 for 124875ms b0d4f042-2fdd-43c4-bade-ce7ad6576109 for 124875ms
2019-09-11 19:03:16,591 [EventQueue-PipelineActionsForPipelineActionHandler] INFO  pipeline.SCMPipelineManager (SCMPipelineManager.java:finalizeAndDestroyPipeline(311)) - destroying pipeline:Pipeline[ Id: f4acf43d-e397-454f-bb1f-0bbeb04936b1, Nodes: d1e1b199-a92a-4c37-98e7-20a84e9cbec2{ip: 192.168.5.143, host: pr-hdds-1786-trunk-xjsf7-3704618034, networkLocation: /default-rack, certSerialId: null}317be899-a5e7-4874-8b34-173a53939308{ip: 192.168.5.143, host: pr-hdds-1786-trunk-xjsf7-3704618034, networkLocation: /default-rack, certSerialId: null}b0d4f042-2fdd-43c4-bade-ce7ad6576109{ip: 192.168.5.143, host: pr-hdds-1786-trunk-xjsf7-3704618034, networkLocation: /default-rack, certSerialId: null}, Type:RATIS, Factor:THREE, State:CLOSED]
2019-09-11 19:03:17,431 [grpc-default-executor-4] INFO  client.GrpcClientProtocolClient (GrpcClientProtocolClient.java:onNext(264)) - client-AC8CE528086A->b0d4f042-2fdd-43c4-bade-ce7ad6576109: receive RaftClientReply:client-AC8CE528086A->b0d4f042-2fdd-43c4-bade-ce7ad6576109@group-0BBEB04936B1, cid=42, FAILED org.apache.ratis.protocol.NotLeaderException: Server b0d4f042-2fdd-43c4-bade-ce7ad6576109@group-0BBEB04936B1 is not the leader 317be899-a5e7-4874-8b34-173a53939308:192.168.5.143:42053, logIndex=0, commits[b0d4f042-2fdd-43c4-bade-ce7ad6576109:c6, 317be899-a5e7-4874-8b34-173a53939308:c6, d1e1b199-a92a-4c37-98e7-20a84e9cbec2:c4]
2019-09-11 19:03:18,591 [org.apache.ratis.server.impl.LogAppender$AppenderDaemon$$Lambda$497/214039350@2ab5298e] ERROR ratis.XceiverServerRatis (XceiverServerRatis.java:triggerPipelineClose(575)) - pipeline Action CLOSE  on pipeline PipelineID=f4acf43d-e397-454f-bb1f-0bbeb04936b1.Reason : 317be899-a5e7-4874-8b34-173a53939308 has not seen follower/s d1e1b199-a92a-4c37-98e7-20a84e9cbec2 for 127375ms b0d4f042-2fdd-43c4-bade-ce7ad6576109 for 127375ms
2019-09-11 19:03:18,592 [org.apache.ratis.server.impl.LogAppender$AppenderDaemon$$Lambda$497/214039350@75b65111] ERROR ratis.XceiverServerRatis (XceiverServerRatis.java:triggerPipelineClose(575)) - pipeline Action CLOSE  on pipeline PipelineID=f4acf43d-e397-454f-bb1f-0bbeb04936b1.Reason : 317be899-a5e7-4874-8b34-173a53939308 has not seen follower/s d1e1b199-a92a-4c37-98e7-20a84e9cbec2 for 127376ms b0d4f042-2fdd-43c4-bade-ce7ad6576109 for 127376ms
2019-09-11 19:03:19,091 [java.util.concurrent.ThreadPoolExecutor$Worker@20491363[State = -1, empty queue]] WARN  server.GrpcLogAppender (GrpcLogAppender.java:timeoutAppendRequest(200)) - 317be899-a5e7-4874-8b34-173a53939308@group-0BBEB04936B1->b0d4f042-2fdd-43c4-bade-ce7ad6576109-GrpcLogAppender: appendEntries Timeout, request=317be899-a5e7-4874-8b34-173a53939308->b0d4f042-2fdd-43c4-bade-ce7ad6576109#63-t1, previous=(t:1, i:13), leaderCommit=6, initializing? false, entries: <empty>
2019-09-11 19:03:19,091 [java.util.concurrent.ThreadPoolExecutor$Worker@7266fed5[State = -1, empty queue]] WARN  server.GrpcLogAppender (GrpcLogAppender.java:timeoutAppendRequest(200)) - 317be899-a5e7-4874-8b34-173a53939308@group-0BBEB04936B1->d1e1b199-a92a-4c37-98e7-20a84e9cbec2-GrpcLogAppender: appendEntries Timeout, request=317be899-a5e7-4874-8b34-173a53939308->d1e1b199-a92a-4c37-98e7-20a84e9cbec2#63-t1, previous=(t:1, i:13), leaderCommit=6, initializing? false, entries: <empty>
2019-09-11 19:03:19,590 [EventQueue-PipelineActionsForPipelineActionHandler] ERROR pipeline.PipelineActionHandler (PipelineActionHandler.java:onMessage(60)) - Received pipeline action CLOSE for Pipeline[ Id: f4acf43d-e397-454f-bb1f-0bbeb04936b1, Nodes: d1e1b199-a92a-4c37-98e7-20a84e9cbec2{ip: 192.168.5.143, host: pr-hdds-1786-trunk-xjsf7-3704618034, networkLocation: /default-rack, certSerialId: null}317be899-a5e7-4874-8b34-173a53939308{ip: 192.168.5.143, host: pr-hdds-1786-trunk-xjsf7-3704618034, networkLocation: /default-rack, certSerialId: null}b0d4f042-2fdd-43c4-bade-ce7ad6576109{ip: 192.168.5.143, host: pr-hdds-1786-trunk-xjsf7-3704618034, networkLocation: /default-rack, certSerialId: null}, Type:RATIS, Factor:THREE, State:CLOSED] from datanode 317be899-a5e7-4874-8b34-173a53939308{ip: 192.168.5.143, host: pr-hdds-1786-trunk-xjsf7-3704618034, networkLocation: /default-rack, certSerialId: null}. Reason : 317be899-a5e7-4874-8b34-173a53939308 has not seen follower/s d1e1b199-a92a-4c37-98e7-20a84e9cbec2 for 127375ms b0d4f042-2fdd-43c4-bade-ce7ad6576109 for 127375ms
2019-09-11 19:03:19,590 [EventQueue-PipelineActionsForPipelineActionHandler] INFO  pipeline.SCMPipelineManager (SCMPipelineManager.java:finalizeAndDestroyPipeline(311)) - destroying pipeline:Pipeline[ Id: f4acf43d-e397-454f-bb1f-0bbeb04936b1, Nodes: d1e1b199-a92a-4c37-98e7-20a84e9cbec2{ip: 192.168.5.143, host: pr-hdds-1786-trunk-xjsf7-3704618034, networkLocation: /default-rack, certSerialId: null}317be899-a5e7-4874-8b34-173a53939308{ip: 192.168.5.143, host: pr-hdds-1786-trunk-xjsf7-3704618034, networkLocation: /default-rack, certSerialId: null}b0d4f042-2fdd-43c4-bade-ce7ad6576109{ip: 192.168.5.143, host: pr-hdds-1786-trunk-xjsf7-3704618034, networkLocation: /default-rack, certSerialId: null}, Type:RATIS, Factor:THREE, State:CLOSED]
2019-09-11 19:03:21,092 [org.apache.ratis.server.impl.LogAppender$AppenderDaemon$$Lambda$497/214039350@2ab5298e] ERROR ratis.XceiverServerRatis (XceiverServerRatis.java:triggerPipelineClose(575)) - pipeline Action CLOSE  on pipeline PipelineID=f4acf43d-e397-454f-bb1f-0bbeb04936b1.Reason : 317be899-a5e7-4874-8b34-173a53939308 has not seen follower/s d1e1b199-a92a-4c37-98e7-20a84e9cbec2 for 129876ms b0d4f042-2fdd-43c4-bade-ce7ad6576109 for 129876ms
2019-09-11 19:03:21,092 [org.apache.ratis.server.impl.LogAppender$AppenderDaemon$$Lambda$497/214039350@75b65111] ERROR ratis.XceiverServerRatis (XceiverServerRatis.java:triggerPipelineClose(575)) - pipeline Action CLOSE  on pipeline PipelineID=f4acf43d-e397-454f-bb1f-0bbeb04936b1.Reason : 317be899-a5e7-4874-8b34-173a53939308 has not seen follower/s d1e1b199-a92a-4c37-98e7-20a84e9cbec2 for 129876ms b0d4f042-2fdd-43c4-bade-ce7ad6576109 for 129877ms
2019-09-11 19:03:21,330 [317be899-a5e7-4874-8b34-173a53939308@group-0BBEB04936B1-SegmentedRaftLogWorker] WARN  segmented.SegmentedRaftLogWorker (SegmentedRaftLogWorker.java:getFromFuture(90)) - Timeout 12/~
org.apache.ratis.protocol.TimeoutIOException: Timeout 10s: WriteLog:7: (t:1, i:7), STATEMACHINELOGENTRY, client-AC8CE528086A, cid=42-writeStateMachineData
	at org.apache.ratis.util.IOUtils.getFromFuture(IOUtils.java:87)
	at org.apache.ratis.server.raftlog.segmented.SegmentedRaftLogWorker$StateMachineDataPolicy.getFromFuture(SegmentedRaftLogWorker.java:87)
	at org.apache.ratis.server.raftlog.segmented.SegmentedRaftLogWorker$WriteLog.execute(SegmentedRaftLogWorker.java:477)
	at org.apache.ratis.server.raftlog.segmented.SegmentedRaftLogWorker.run(SegmentedRaftLogWorker.java:289)
	at java.lang.Thread.run(Thread.java:748)
Caused by: java.util.concurrent.TimeoutException
	at java.util.concurrent.CompletableFuture.timedGet(CompletableFuture.java:1771)
	at java.util.concurrent.CompletableFuture.get(CompletableFuture.java:1915)
	at org.apache.ratis.util.IOUtils.getFromFuture(IOUtils.java:79)
	... 4 more
2019-09-11 19:03:21,517 [b0d4f042-2fdd-43c4-bade-ce7ad6576109@group-0BBEB04936B1-SegmentedRaftLogWorker] WARN  segmented.SegmentedRaftLogWorker (SegmentedRaftLogWorker.java:getFromFuture(90)) - Timeout 12/~
org.apache.ratis.protocol.TimeoutIOException: Timeout 10s: WriteLog:8: (t:1, i:8), STATEMACHINELOGENTRY, client-AC8CE528086A, cid=43-writeStateMachineData
	at org.apache.ratis.util.IOUtils.getFromFuture(IOUtils.java:87)
	at org.apache.ratis.server.raftlog.segmented.SegmentedRaftLogWorker$StateMachineDataPolicy.getFromFuture(SegmentedRaftLogWorker.java:87)
	at org.apache.ratis.server.raftlog.segmented.SegmentedRaftLogWorker$WriteLog.execute(SegmentedRaftLogWorker.java:477)
	at org.apache.ratis.server.raftlog.segmented.SegmentedRaftLogWorker.run(SegmentedRaftLogWorker.java:289)
	at java.lang.Thread.run(Thread.java:748)
Caused by: java.util.concurrent.TimeoutException
	at java.util.concurrent.CompletableFuture.timedGet(CompletableFuture.java:1771)
	at java.util.concurrent.CompletableFuture.get(CompletableFuture.java:1915)
	at org.apache.ratis.util.IOUtils.getFromFuture(IOUtils.java:79)
	... 4 more
2019-09-11 19:03:21,518 [d1e1b199-a92a-4c37-98e7-20a84e9cbec2@group-0BBEB04936B1-SegmentedRaftLogWorker] WARN  segmented.SegmentedRaftLogWorker (SegmentedRaftLogWorker.java:getFromFuture(90)) - Timeout 12/~
org.apache.ratis.protocol.TimeoutIOException: Timeout 10s: WriteLog:8: (t:1, i:8), STATEMACHINELOGENTRY, client-AC8CE528086A, cid=43-writeStateMachineData
	at org.apache.ratis.util.IOUtils.getFromFuture(IOUtils.java:87)
	at org.apache.ratis.server.raftlog.segmented.SegmentedRaftLogWorker$StateMachineDataPolicy.getFromFuture(SegmentedRaftLogWorker.java:87)
	at org.apache.ratis.server.raftlog.segmented.SegmentedRaftLogWorker$WriteLog.execute(SegmentedRaftLogWorker.java:477)
	at org.apache.ratis.server.raftlog.segmented.SegmentedRaftLogWorker.run(SegmentedRaftLogWorker.java:289)
	at java.lang.Thread.run(Thread.java:748)
Caused by: java.util.concurrent.TimeoutException
	at java.util.concurrent.CompletableFuture.timedGet(CompletableFuture.java:1771)
	at java.util.concurrent.CompletableFuture.get(CompletableFuture.java:1915)
	at org.apache.ratis.util.IOUtils.getFromFuture(IOUtils.java:79)
	... 4 more
2019-09-11 19:03:21,590 [EventQueue-PipelineActionsForPipelineActionHandler] ERROR pipeline.PipelineActionHandler (PipelineActionHandler.java:onMessage(60)) - Received pipeline action CLOSE for Pipeline[ Id: f4acf43d-e397-454f-bb1f-0bbeb04936b1, Nodes: d1e1b199-a92a-4c37-98e7-20a84e9cbec2{ip: 192.168.5.143, host: pr-hdds-1786-trunk-xjsf7-3704618034, networkLocation: /default-rack, certSerialId: null}317be899-a5e7-4874-8b34-173a53939308{ip: 192.168.5.143, host: pr-hdds-1786-trunk-xjsf7-3704618034, networkLocation: /default-rack, certSerialId: null}b0d4f042-2fdd-43c4-bade-ce7ad6576109{ip: 192.168.5.143, host: pr-hdds-1786-trunk-xjsf7-3704618034, networkLocation: /default-rack, certSerialId: null}, Type:RATIS, Factor:THREE, State:CLOSED] from datanode 317be899-a5e7-4874-8b34-173a53939308{ip: 192.168.5.143, host: pr-hdds-1786-trunk-xjsf7-3704618034, networkLocation: /default-rack, certSerialId: null}. Reason : 317be899-a5e7-4874-8b34-173a53939308 has not seen follower/s d1e1b199-a92a-4c37-98e7-20a84e9cbec2 for 129876ms b0d4f042-2fdd-43c4-bade-ce7ad6576109 for 129876ms
2019-09-11 19:03:21,590 [EventQueue-PipelineActionsForPipelineActionHandler] INFO  pipeline.SCMPipelineManager (SCMPipelineManager.java:finalizeAndDestroyPipeline(311)) - destroying pipeline:Pipeline[ Id: f4acf43d-e397-454f-bb1f-0bbeb04936b1, Nodes: d1e1b199-a92a-4c37-98e7-20a84e9cbec2{ip: 192.168.5.143, host: pr-hdds-1786-trunk-xjsf7-3704618034, networkLocation: /default-rack, certSerialId: null}317be899-a5e7-4874-8b34-173a53939308{ip: 192.168.5.143, host: pr-hdds-1786-trunk-xjsf7-3704618034, networkLocation: /default-rack, certSerialId: null}b0d4f042-2fdd-43c4-bade-ce7ad6576109{ip: 192.168.5.143, host: pr-hdds-1786-trunk-xjsf7-3704618034, networkLocation: /default-rack, certSerialId: null}, Type:RATIS, Factor:THREE, State:CLOSED]
2019-09-11 19:03:21,591 [java.util.concurrent.ThreadPoolExecutor$Worker@20491363[State = -1, empty queue]] WARN  server.GrpcLogAppender (GrpcLogAppender.java:timeoutAppendRequest(200)) - 317be899-a5e7-4874-8b34-173a53939308@group-0BBEB04936B1->b0d4f042-2fdd-43c4-bade-ce7ad6576109-GrpcLogAppender: appendEntries Timeout, request=317be899-a5e7-4874-8b34-173a53939308->b0d4f042-2fdd-43c4-bade-ce7ad6576109#64-t1, previous=(t:1, i:13), leaderCommit=6, initializing? false, entries: <empty>
2019-09-11 19:03:21,592 [java.util.concurrent.ThreadPoolExecutor$Worker@7266fed5[State = -1, empty queue]] WARN  server.GrpcLogAppender (GrpcLogAppender.java:timeoutAppendRequest(200)) - 317be899-a5e7-4874-8b34-173a53939308@group-0BBEB04936B1->d1e1b199-a92a-4c37-98e7-20a84e9cbec2-GrpcLogAppender: appendEntries Timeout, request=317be899-a5e7-4874-8b34-173a53939308->d1e1b199-a92a-4c37-98e7-20a84e9cbec2#64-t1, previous=(t:1, i:13), leaderCommit=6, initializing? false, entries: <empty>
2019-09-11 19:03:22,462 [grpc-default-executor-5] INFO  client.GrpcClientProtocolClient (GrpcClientProtocolClient.java:onNext(264)) - client-AC8CE528086A->d1e1b199-a92a-4c37-98e7-20a84e9cbec2: receive RaftClientReply:client-AC8CE528086A->d1e1b199-a92a-4c37-98e7-20a84e9cbec2@group-0BBEB04936B1, cid=42, FAILED org.apache.ratis.protocol.NotLeaderException: Server d1e1b199-a92a-4c37-98e7-20a84e9cbec2@group-0BBEB04936B1 is not the leader 317be899-a5e7-4874-8b34-173a53939308:192.168.5.143:42053, logIndex=0, commits[d1e1b199-a92a-4c37-98e7-20a84e9cbec2:c6, 317be899-a5e7-4874-8b34-173a53939308:c6, b0d4f042-2fdd-43c4-bade-ce7ad6576109:c4]
2019-09-11 19:03:23,593 [org.apache.ratis.server.impl.LogAppender$AppenderDaemon$$Lambda$497/214039350@2ab5298e] ERROR ratis.XceiverServerRatis (XceiverServerRatis.java:triggerPipelineClose(575)) - pipeline Action CLOSE  on pipeline PipelineID=f4acf43d-e397-454f-bb1f-0bbeb04936b1.Reason : 317be899-a5e7-4874-8b34-173a53939308 has not seen follower/s d1e1b199-a92a-4c37-98e7-20a84e9cbec2 for 132377ms b0d4f042-2fdd-43c4-bade-ce7ad6576109 for 132377ms
2019-09-11 19:03:23,593 [org.apache.ratis.server.impl.LogAppender$AppenderDaemon$$Lambda$497/214039350@75b65111] ERROR ratis.XceiverServerRatis (XceiverServerRatis.java:triggerPipelineClose(575)) - pipeline Action CLOSE  on pipeline PipelineID=f4acf43d-e397-454f-bb1f-0bbeb04936b1.Reason : 317be899-a5e7-4874-8b34-173a53939308 has not seen follower/s d1e1b199-a92a-4c37-98e7-20a84e9cbec2 for 132377ms b0d4f042-2fdd-43c4-bade-ce7ad6576109 for 132377ms
2019-09-11 19:03:24,092 [java.util.concurrent.ThreadPoolExecutor$Worker@20491363[State = -1, empty queue]] WARN  server.GrpcLogAppender (GrpcLogAppender.java:timeoutAppendRequest(200)) - 317be899-a5e7-4874-8b34-173a53939308@group-0BBEB04936B1->b0d4f042-2fdd-43c4-bade-ce7ad6576109-GrpcLogAppender: appendEntries Timeout, request=317be899-a5e7-4874-8b34-173a53939308->b0d4f042-2fdd-43c4-bade-ce7ad6576109#65-t1, previous=(t:1, i:13), leaderCommit=6, initializing? false, entries: <empty>
2019-09-11 19:03:24,092 [java.util.concurrent.ThreadPoolExecutor$Worker@7266fed5[State = -1, empty queue]] WARN  server.GrpcLogAppender (GrpcLogAppender.java:timeoutAppendRequest(200)) - 317be899-a5e7-4874-8b34-173a53939308@group-0BBEB04936B1->d1e1b199-a92a-4c37-98e7-20a84e9cbec2-GrpcLogAppender: appendEntries Timeout, request=317be899-a5e7-4874-8b34-173a53939308->d1e1b199-a92a-4c37-98e7-20a84e9cbec2#65-t1, previous=(t:1, i:13), leaderCommit=6, initializing? false, entries: <empty>
2019-09-11 19:03:24,590 [EventQueue-PipelineActionsForPipelineActionHandler] ERROR pipeline.PipelineActionHandler (PipelineActionHandler.java:onMessage(60)) - Received pipeline action CLOSE for Pipeline[ Id: f4acf43d-e397-454f-bb1f-0bbeb04936b1, Nodes: d1e1b199-a92a-4c37-98e7-20a84e9cbec2{ip: 192.168.5.143, host: pr-hdds-1786-trunk-xjsf7-3704618034, networkLocation: /default-rack, certSerialId: null}317be899-a5e7-4874-8b34-173a53939308{ip: 192.168.5.143, host: pr-hdds-1786-trunk-xjsf7-3704618034, networkLocation: /default-rack, certSerialId: null}b0d4f042-2fdd-43c4-bade-ce7ad6576109{ip: 192.168.5.143, host: pr-hdds-1786-trunk-xjsf7-3704618034, networkLocation: /default-rack, certSerialId: null}, Type:RATIS, Factor:THREE, State:CLOSED] from datanode 317be899-a5e7-4874-8b34-173a53939308{ip: 192.168.5.143, host: pr-hdds-1786-trunk-xjsf7-3704618034, networkLocation: /default-rack, certSerialId: null}. Reason : 317be899-a5e7-4874-8b34-173a53939308 has not seen follower/s d1e1b199-a92a-4c37-98e7-20a84e9cbec2 for 132377ms b0d4f042-2fdd-43c4-bade-ce7ad6576109 for 132377ms
2019-09-11 19:03:24,590 [EventQueue-PipelineActionsForPipelineActionHandler] INFO  pipeline.SCMPipelineManager (SCMPipelineManager.java:finalizeAndDestroyPipeline(311)) - destroying pipeline:Pipeline[ Id: f4acf43d-e397-454f-bb1f-0bbeb04936b1, Nodes: d1e1b199-a92a-4c37-98e7-20a84e9cbec2{ip: 192.168.5.143, host: pr-hdds-1786-trunk-xjsf7-3704618034, networkLocation: /default-rack, certSerialId: null}317be899-a5e7-4874-8b34-173a53939308{ip: 192.168.5.143, host: pr-hdds-1786-trunk-xjsf7-3704618034, networkLocation: /default-rack, certSerialId: null}b0d4f042-2fdd-43c4-bade-ce7ad6576109{ip: 192.168.5.143, host: pr-hdds-1786-trunk-xjsf7-3704618034, networkLocation: /default-rack, certSerialId: null}, Type:RATIS, Factor:THREE, State:CLOSED]
2019-09-11 19:03:26,094 [org.apache.ratis.server.impl.LogAppender$AppenderDaemon$$Lambda$497/214039350@2ab5298e] ERROR ratis.XceiverServerRatis (XceiverServerRatis.java:triggerPipelineClose(575)) - pipeline Action CLOSE  on pipeline PipelineID=f4acf43d-e397-454f-bb1f-0bbeb04936b1.Reason : 317be899-a5e7-4874-8b34-173a53939308 has not seen follower/s d1e1b199-a92a-4c37-98e7-20a84e9cbec2 for 134878ms b0d4f042-2fdd-43c4-bade-ce7ad6576109 for 134878ms
2019-09-11 19:03:26,094 [org.apache.ratis.server.impl.LogAppender$AppenderDaemon$$Lambda$497/214039350@75b65111] ERROR ratis.XceiverServerRatis (XceiverServerRatis.java:triggerPipelineClose(575)) - pipeline Action CLOSE  on pipeline PipelineID=f4acf43d-e397-454f-bb1f-0bbeb04936b1.Reason : 317be899-a5e7-4874-8b34-173a53939308 has not seen follower/s d1e1b199-a92a-4c37-98e7-20a84e9cbec2 for 134878ms b0d4f042-2fdd-43c4-bade-ce7ad6576109 for 134878ms
2019-09-11 19:03:26,590 [EventQueue-PipelineActionsForPipelineActionHandler] ERROR pipeline.PipelineActionHandler (PipelineActionHandler.java:onMessage(60)) - Received pipeline action CLOSE for Pipeline[ Id: f4acf43d-e397-454f-bb1f-0bbeb04936b1, Nodes: d1e1b199-a92a-4c37-98e7-20a84e9cbec2{ip: 192.168.5.143, host: pr-hdds-1786-trunk-xjsf7-3704618034, networkLocation: /default-rack, certSerialId: null}317be899-a5e7-4874-8b34-173a53939308{ip: 192.168.5.143, host: pr-hdds-1786-trunk-xjsf7-3704618034, networkLocation: /default-rack, certSerialId: null}b0d4f042-2fdd-43c4-bade-ce7ad6576109{ip: 192.168.5.143, host: pr-hdds-1786-trunk-xjsf7-3704618034, networkLocation: /default-rack, certSerialId: null}, Type:RATIS, Factor:THREE, State:CLOSED] from datanode 317be899-a5e7-4874-8b34-173a53939308{ip: 192.168.5.143, host: pr-hdds-1786-trunk-xjsf7-3704618034, networkLocation: /default-rack, certSerialId: null}. Reason : 317be899-a5e7-4874-8b34-173a53939308 has not seen follower/s d1e1b199-a92a-4c37-98e7-20a84e9cbec2 for 134878ms b0d4f042-2fdd-43c4-bade-ce7ad6576109 for 134878ms
2019-09-11 19:03:26,590 [EventQueue-PipelineActionsForPipelineActionHandler] INFO  pipeline.SCMPipelineManager (SCMPipelineManager.java:finalizeAndDestroyPipeline(311)) - destroying pipeline:Pipeline[ Id: f4acf43d-e397-454f-bb1f-0bbeb04936b1, Nodes: d1e1b199-a92a-4c37-98e7-20a84e9cbec2{ip: 192.168.5.143, host: pr-hdds-1786-trunk-xjsf7-3704618034, networkLocation: /default-rack, certSerialId: null}317be899-a5e7-4874-8b34-173a53939308{ip: 192.168.5.143, host: pr-hdds-1786-trunk-xjsf7-3704618034, networkLocation: /default-rack, certSerialId: null}b0d4f042-2fdd-43c4-bade-ce7ad6576109{ip: 192.168.5.143, host: pr-hdds-1786-trunk-xjsf7-3704618034, networkLocation: /default-rack, certSerialId: null}, Type:RATIS, Factor:THREE, State:CLOSED]
2019-09-11 19:03:26,593 [java.util.concurrent.ThreadPoolExecutor$Worker@20491363[State = -1, empty queue]] WARN  server.GrpcLogAppender (GrpcLogAppender.java:timeoutAppendRequest(200)) - 317be899-a5e7-4874-8b34-173a53939308@group-0BBEB04936B1->b0d4f042-2fdd-43c4-bade-ce7ad6576109-GrpcLogAppender: appendEntries Timeout, request=317be899-a5e7-4874-8b34-173a53939308->b0d4f042-2fdd-43c4-bade-ce7ad6576109#66-t1, previous=(t:1, i:13), leaderCommit=6, initializing? false, entries: <empty>
2019-09-11 19:03:26,593 [java.util.concurrent.ThreadPoolExecutor$Worker@7266fed5[State = -1, empty queue]] WARN  server.GrpcLogAppender (GrpcLogAppender.java:timeoutAppendRequest(200)) - 317be899-a5e7-4874-8b34-173a53939308@group-0BBEB04936B1->d1e1b199-a92a-4c37-98e7-20a84e9cbec2-GrpcLogAppender: appendEntries Timeout, request=317be899-a5e7-4874-8b34-173a53939308->d1e1b199-a92a-4c37-98e7-20a84e9cbec2#66-t1, previous=(t:1, i:13), leaderCommit=6, initializing? false, entries: <empty>
2019-09-11 19:03:27,513 [grpc-default-executor-4] INFO  client.GrpcClientProtocolClient (GrpcClientProtocolClient.java:onNext(264)) - client-AC8CE528086A->d1e1b199-a92a-4c37-98e7-20a84e9cbec2: receive RaftClientReply:client-AC8CE528086A->d1e1b199-a92a-4c37-98e7-20a84e9cbec2@group-0BBEB04936B1, cid=42, FAILED org.apache.ratis.protocol.NotLeaderException: Server d1e1b199-a92a-4c37-98e7-20a84e9cbec2@group-0BBEB04936B1 is not the leader 317be899-a5e7-4874-8b34-173a53939308:192.168.5.143:42053, logIndex=0, commits[d1e1b199-a92a-4c37-98e7-20a84e9cbec2:c6, 317be899-a5e7-4874-8b34-173a53939308:c6, b0d4f042-2fdd-43c4-bade-ce7ad6576109:c4]
2019-09-11 19:03:28,595 [org.apache.ratis.server.impl.LogAppender$AppenderDaemon$$Lambda$497/214039350@2ab5298e] ERROR ratis.XceiverServerRatis (XceiverServerRatis.java:triggerPipelineClose(575)) - pipeline Action CLOSE  on pipeline PipelineID=f4acf43d-e397-454f-bb1f-0bbeb04936b1.Reason : 317be899-a5e7-4874-8b34-173a53939308 has not seen follower/s d1e1b199-a92a-4c37-98e7-20a84e9cbec2 for 137379ms b0d4f042-2fdd-43c4-bade-ce7ad6576109 for 137379ms
2019-09-11 19:03:28,595 [org.apache.ratis.server.impl.LogAppender$AppenderDaemon$$Lambda$497/214039350@75b65111] ERROR ratis.XceiverServerRatis (XceiverServerRatis.java:triggerPipelineClose(575)) - pipeline Action CLOSE  on pipeline PipelineID=f4acf43d-e397-454f-bb1f-0bbeb04936b1.Reason : 317be899-a5e7-4874-8b34-173a53939308 has not seen follower/s d1e1b199-a92a-4c37-98e7-20a84e9cbec2 for 137379ms b0d4f042-2fdd-43c4-bade-ce7ad6576109 for 137379ms
2019-09-11 19:03:29,094 [java.util.concurrent.ThreadPoolExecutor$Worker@7266fed5[State = -1, empty queue]] WARN  server.GrpcLogAppender (GrpcLogAppender.java:timeoutAppendRequest(200)) - 317be899-a5e7-4874-8b34-173a53939308@group-0BBEB04936B1->d1e1b199-a92a-4c37-98e7-20a84e9cbec2-GrpcLogAppender: appendEntries Timeout, request=317be899-a5e7-4874-8b34-173a53939308->d1e1b199-a92a-4c37-98e7-20a84e9cbec2#67-t1, previous=(t:1, i:13), leaderCommit=6, initializing? false, entries: <empty>
2019-09-11 19:03:29,094 [java.util.concurrent.ThreadPoolExecutor$Worker@20491363[State = -1, empty queue]] WARN  server.GrpcLogAppender (GrpcLogAppender.java:timeoutAppendRequest(200)) - 317be899-a5e7-4874-8b34-173a53939308@group-0BBEB04936B1->b0d4f042-2fdd-43c4-bade-ce7ad6576109-GrpcLogAppender: appendEntries Timeout, request=317be899-a5e7-4874-8b34-173a53939308->b0d4f042-2fdd-43c4-bade-ce7ad6576109#67-t1, previous=(t:1, i:13), leaderCommit=6, initializing? false, entries: <empty>
2019-09-11 19:03:29,591 [EventQueue-PipelineActionsForPipelineActionHandler] ERROR pipeline.PipelineActionHandler (PipelineActionHandler.java:onMessage(60)) - Received pipeline action CLOSE for Pipeline[ Id: f4acf43d-e397-454f-bb1f-0bbeb04936b1, Nodes: d1e1b199-a92a-4c37-98e7-20a84e9cbec2{ip: 192.168.5.143, host: pr-hdds-1786-trunk-xjsf7-3704618034, networkLocation: /default-rack, certSerialId: null}317be899-a5e7-4874-8b34-173a53939308{ip: 192.168.5.143, host: pr-hdds-1786-trunk-xjsf7-3704618034, networkLocation: /default-rack, certSerialId: null}b0d4f042-2fdd-43c4-bade-ce7ad6576109{ip: 192.168.5.143, host: pr-hdds-1786-trunk-xjsf7-3704618034, networkLocation: /default-rack, certSerialId: null}, Type:RATIS, Factor:THREE, State:CLOSED] from datanode 317be899-a5e7-4874-8b34-173a53939308{ip: 192.168.5.143, host: pr-hdds-1786-trunk-xjsf7-3704618034, networkLocation: /default-rack, certSerialId: null}. Reason : 317be899-a5e7-4874-8b34-173a53939308 has not seen follower/s d1e1b199-a92a-4c37-98e7-20a84e9cbec2 for 137379ms b0d4f042-2fdd-43c4-bade-ce7ad6576109 for 137379ms
2019-09-11 19:03:29,591 [EventQueue-PipelineActionsForPipelineActionHandler] INFO  pipeline.SCMPipelineManager (SCMPipelineManager.java:finalizeAndDestroyPipeline(311)) - destroying pipeline:Pipeline[ Id: f4acf43d-e397-454f-bb1f-0bbeb04936b1, Nodes: d1e1b199-a92a-4c37-98e7-20a84e9cbec2{ip: 192.168.5.143, host: pr-hdds-1786-trunk-xjsf7-3704618034, networkLocation: /default-rack, certSerialId: null}317be899-a5e7-4874-8b34-173a53939308{ip: 192.168.5.143, host: pr-hdds-1786-trunk-xjsf7-3704618034, networkLocation: /default-rack, certSerialId: null}b0d4f042-2fdd-43c4-bade-ce7ad6576109{ip: 192.168.5.143, host: pr-hdds-1786-trunk-xjsf7-3704618034, networkLocation: /default-rack, certSerialId: null}, Type:RATIS, Factor:THREE, State:CLOSED]
2019-09-11 19:03:31,097 [org.apache.ratis.server.impl.LogAppender$AppenderDaemon$$Lambda$497/214039350@75b65111] ERROR ratis.XceiverServerRatis (XceiverServerRatis.java:triggerPipelineClose(575)) - pipeline Action CLOSE  on pipeline PipelineID=f4acf43d-e397-454f-bb1f-0bbeb04936b1.Reason : 317be899-a5e7-4874-8b34-173a53939308 has not seen follower/s d1e1b199-a92a-4c37-98e7-20a84e9cbec2 for 139880ms b0d4f042-2fdd-43c4-bade-ce7ad6576109 for 139880ms
2019-09-11 19:03:31,097 [org.apache.ratis.server.impl.LogAppender$AppenderDaemon$$Lambda$497/214039350@2ab5298e] ERROR ratis.XceiverServerRatis (XceiverServerRatis.java:triggerPipelineClose(575)) - pipeline Action CLOSE  on pipeline PipelineID=f4acf43d-e397-454f-bb1f-0bbeb04936b1.Reason : 317be899-a5e7-4874-8b34-173a53939308 has not seen follower/s d1e1b199-a92a-4c37-98e7-20a84e9cbec2 for 139880ms b0d4f042-2fdd-43c4-bade-ce7ad6576109 for 139880ms
2019-09-11 19:03:31,331 [317be899-a5e7-4874-8b34-173a53939308@group-0BBEB04936B1-SegmentedRaftLogWorker] WARN  segmented.SegmentedRaftLogWorker (SegmentedRaftLogWorker.java:getFromFuture(90)) - Timeout 13/~
org.apache.ratis.protocol.TimeoutIOException: Timeout 10s: WriteLog:7: (t:1, i:7), STATEMACHINELOGENTRY, client-AC8CE528086A, cid=42-writeStateMachineData
	at org.apache.ratis.util.IOUtils.getFromFuture(IOUtils.java:87)
	at org.apache.ratis.server.raftlog.segmented.SegmentedRaftLogWorker$StateMachineDataPolicy.getFromFuture(SegmentedRaftLogWorker.java:87)
	at org.apache.ratis.server.raftlog.segmented.SegmentedRaftLogWorker$WriteLog.execute(SegmentedRaftLogWorker.java:477)
	at org.apache.ratis.server.raftlog.segmented.SegmentedRaftLogWorker.run(SegmentedRaftLogWorker.java:289)
	at java.lang.Thread.run(Thread.java:748)
Caused by: java.util.concurrent.TimeoutException
	at java.util.concurrent.CompletableFuture.timedGet(CompletableFuture.java:1771)
	at java.util.concurrent.CompletableFuture.get(CompletableFuture.java:1915)
	at org.apache.ratis.util.IOUtils.getFromFuture(IOUtils.java:79)
	... 4 more
2019-09-11 19:03:31,518 [b0d4f042-2fdd-43c4-bade-ce7ad6576109@group-0BBEB04936B1-SegmentedRaftLogWorker] WARN  segmented.SegmentedRaftLogWorker (SegmentedRaftLogWorker.java:getFromFuture(90)) - Timeout 13/~
org.apache.ratis.protocol.TimeoutIOException: Timeout 10s: WriteLog:8: (t:1, i:8), STATEMACHINELOGENTRY, client-AC8CE528086A, cid=43-writeStateMachineData
	at org.apache.ratis.util.IOUtils.getFromFuture(IOUtils.java:87)
	at org.apache.ratis.server.raftlog.segmented.SegmentedRaftLogWorker$StateMachineDataPolicy.getFromFuture(SegmentedRaftLogWorker.java:87)
	at org.apache.ratis.server.raftlog.segmented.SegmentedRaftLogWorker$WriteLog.execute(SegmentedRaftLogWorker.java:477)
	at org.apache.ratis.server.raftlog.segmented.SegmentedRaftLogWorker.run(SegmentedRaftLogWorker.java:289)
	at java.lang.Thread.run(Thread.java:748)
Caused by: java.util.concurrent.TimeoutException
	at java.util.concurrent.CompletableFuture.timedGet(CompletableFuture.java:1771)
	at java.util.concurrent.CompletableFuture.get(CompletableFuture.java:1915)
	at org.apache.ratis.util.IOUtils.getFromFuture(IOUtils.java:79)
	... 4 more
2019-09-11 19:03:31,518 [d1e1b199-a92a-4c37-98e7-20a84e9cbec2@group-0BBEB04936B1-SegmentedRaftLogWorker] WARN  segmented.SegmentedRaftLogWorker (SegmentedRaftLogWorker.java:getFromFuture(90)) - Timeout 13/~
org.apache.ratis.protocol.TimeoutIOException: Timeout 10s: WriteLog:8: (t:1, i:8), STATEMACHINELOGENTRY, client-AC8CE528086A, cid=43-writeStateMachineData
	at org.apache.ratis.util.IOUtils.getFromFuture(IOUtils.java:87)
	at org.apache.ratis.server.raftlog.segmented.SegmentedRaftLogWorker$StateMachineDataPolicy.getFromFuture(SegmentedRaftLogWorker.java:87)
	at org.apache.ratis.server.raftlog.segmented.SegmentedRaftLogWorker$WriteLog.execute(SegmentedRaftLogWorker.java:477)
	at org.apache.ratis.server.raftlog.segmented.SegmentedRaftLogWorker.run(SegmentedRaftLogWorker.java:289)
	at java.lang.Thread.run(Thread.java:748)
Caused by: java.util.concurrent.TimeoutException
	at java.util.concurrent.CompletableFuture.timedGet(CompletableFuture.java:1771)
	at java.util.concurrent.CompletableFuture.get(CompletableFuture.java:1915)
	at org.apache.ratis.util.IOUtils.getFromFuture(IOUtils.java:79)
	... 4 more
2019-09-11 19:03:31,590 [EventQueue-PipelineActionsForPipelineActionHandler] ERROR pipeline.PipelineActionHandler (PipelineActionHandler.java:onMessage(60)) - Received pipeline action CLOSE for Pipeline[ Id: f4acf43d-e397-454f-bb1f-0bbeb04936b1, Nodes: d1e1b199-a92a-4c37-98e7-20a84e9cbec2{ip: 192.168.5.143, host: pr-hdds-1786-trunk-xjsf7-3704618034, networkLocation: /default-rack, certSerialId: null}317be899-a5e7-4874-8b34-173a53939308{ip: 192.168.5.143, host: pr-hdds-1786-trunk-xjsf7-3704618034, networkLocation: /default-rack, certSerialId: null}b0d4f042-2fdd-43c4-bade-ce7ad6576109{ip: 192.168.5.143, host: pr-hdds-1786-trunk-xjsf7-3704618034, networkLocation: /default-rack, certSerialId: null}, Type:RATIS, Factor:THREE, State:CLOSED] from datanode 317be899-a5e7-4874-8b34-173a53939308{ip: 192.168.5.143, host: pr-hdds-1786-trunk-xjsf7-3704618034, networkLocation: /default-rack, certSerialId: null}. Reason : 317be899-a5e7-4874-8b34-173a53939308 has not seen follower/s d1e1b199-a92a-4c37-98e7-20a84e9cbec2 for 139880ms b0d4f042-2fdd-43c4-bade-ce7ad6576109 for 139880ms
2019-09-11 19:03:31,591 [EventQueue-PipelineActionsForPipelineActionHandler] INFO  pipeline.SCMPipelineManager (SCMPipelineManager.java:finalizeAndDestroyPipeline(311)) - destroying pipeline:Pipeline[ Id: f4acf43d-e397-454f-bb1f-0bbeb04936b1, Nodes: d1e1b199-a92a-4c37-98e7-20a84e9cbec2{ip: 192.168.5.143, host: pr-hdds-1786-trunk-xjsf7-3704618034, networkLocation: /default-rack, certSerialId: null}317be899-a5e7-4874-8b34-173a53939308{ip: 192.168.5.143, host: pr-hdds-1786-trunk-xjsf7-3704618034, networkLocation: /default-rack, certSerialId: null}b0d4f042-2fdd-43c4-bade-ce7ad6576109{ip: 192.168.5.143, host: pr-hdds-1786-trunk-xjsf7-3704618034, networkLocation: /default-rack, certSerialId: null}, Type:RATIS, Factor:THREE, State:CLOSED]
2019-09-11 19:03:31,595 [java.util.concurrent.ThreadPoolExecutor$Worker@20491363[State = -1, empty queue]] WARN  server.GrpcLogAppender (GrpcLogAppender.java:timeoutAppendRequest(200)) - 317be899-a5e7-4874-8b34-173a53939308@group-0BBEB04936B1->b0d4f042-2fdd-43c4-bade-ce7ad6576109-GrpcLogAppender: appendEntries Timeout, request=317be899-a5e7-4874-8b34-173a53939308->b0d4f042-2fdd-43c4-bade-ce7ad6576109#68-t1, previous=(t:1, i:13), leaderCommit=6, initializing? false, entries: <empty>
2019-09-11 19:03:31,595 [java.util.concurrent.ThreadPoolExecutor$Worker@7266fed5[State = -1, empty queue]] WARN  server.GrpcLogAppender (GrpcLogAppender.java:timeoutAppendRequest(200)) - 317be899-a5e7-4874-8b34-173a53939308@group-0BBEB04936B1->d1e1b199-a92a-4c37-98e7-20a84e9cbec2-GrpcLogAppender: appendEntries Timeout, request=317be899-a5e7-4874-8b34-173a53939308->d1e1b199-a92a-4c37-98e7-20a84e9cbec2#68-t1, previous=(t:1, i:13), leaderCommit=6, initializing? false, entries: <empty>
2019-09-11 19:03:32,560 [grpc-default-executor-5] INFO  client.GrpcClientProtocolClient (GrpcClientProtocolClient.java:onNext(264)) - client-AC8CE528086A->d1e1b199-a92a-4c37-98e7-20a84e9cbec2: receive RaftClientReply:client-AC8CE528086A->d1e1b199-a92a-4c37-98e7-20a84e9cbec2@group-0BBEB04936B1, cid=42, FAILED org.apache.ratis.protocol.NotLeaderException: Server d1e1b199-a92a-4c37-98e7-20a84e9cbec2@group-0BBEB04936B1 is not the leader 317be899-a5e7-4874-8b34-173a53939308:192.168.5.143:42053, logIndex=0, commits[d1e1b199-a92a-4c37-98e7-20a84e9cbec2:c6, 317be899-a5e7-4874-8b34-173a53939308:c6, b0d4f042-2fdd-43c4-bade-ce7ad6576109:c4]
2019-09-11 19:03:33,597 [org.apache.ratis.server.impl.LogAppender$AppenderDaemon$$Lambda$497/214039350@2ab5298e] ERROR ratis.XceiverServerRatis (XceiverServerRatis.java:triggerPipelineClose(575)) - pipeline Action CLOSE  on pipeline PipelineID=f4acf43d-e397-454f-bb1f-0bbeb04936b1.Reason : 317be899-a5e7-4874-8b34-173a53939308 has not seen follower/s d1e1b199-a92a-4c37-98e7-20a84e9cbec2 for 142381ms b0d4f042-2fdd-43c4-bade-ce7ad6576109 for 142381ms
2019-09-11 19:03:33,597 [org.apache.ratis.server.impl.LogAppender$AppenderDaemon$$Lambda$497/214039350@75b65111] ERROR ratis.XceiverServerRatis (XceiverServerRatis.java:triggerPipelineClose(575)) - pipeline Action CLOSE  on pipeline PipelineID=f4acf43d-e397-454f-bb1f-0bbeb04936b1.Reason : 317be899-a5e7-4874-8b34-173a53939308 has not seen follower/s d1e1b199-a92a-4c37-98e7-20a84e9cbec2 for 142381ms b0d4f042-2fdd-43c4-bade-ce7ad6576109 for 142381ms
2019-09-11 19:03:34,096 [java.util.concurrent.ThreadPoolExecutor$Worker@20491363[State = -1, empty queue]] WARN  server.GrpcLogAppender (GrpcLogAppender.java:timeoutAppendRequest(200)) - 317be899-a5e7-4874-8b34-173a53939308@group-0BBEB04936B1->b0d4f042-2fdd-43c4-bade-ce7ad6576109-GrpcLogAppender: appendEntries Timeout, request=317be899-a5e7-4874-8b34-173a53939308->b0d4f042-2fdd-43c4-bade-ce7ad6576109#69-t1, previous=(t:1, i:13), leaderCommit=6, initializing? false, entries: <empty>
2019-09-11 19:03:34,096 [java.util.concurrent.ThreadPoolExecutor$Worker@7266fed5[State = -1, empty queue]] WARN  server.GrpcLogAppender (GrpcLogAppender.java:timeoutAppendRequest(200)) - 317be899-a5e7-4874-8b34-173a53939308@group-0BBEB04936B1->d1e1b199-a92a-4c37-98e7-20a84e9cbec2-GrpcLogAppender: appendEntries Timeout, request=317be899-a5e7-4874-8b34-173a53939308->d1e1b199-a92a-4c37-98e7-20a84e9cbec2#69-t1, previous=(t:1, i:13), leaderCommit=6, initializing? false, entries: <empty>
2019-09-11 19:03:34,591 [EventQueue-PipelineActionsForPipelineActionHandler] ERROR pipeline.PipelineActionHandler (PipelineActionHandler.java:onMessage(60)) - Received pipeline action CLOSE for Pipeline[ Id: f4acf43d-e397-454f-bb1f-0bbeb04936b1, Nodes: d1e1b199-a92a-4c37-98e7-20a84e9cbec2{ip: 192.168.5.143, host: pr-hdds-1786-trunk-xjsf7-3704618034, networkLocation: /default-rack, certSerialId: null}317be899-a5e7-4874-8b34-173a53939308{ip: 192.168.5.143, host: pr-hdds-1786-trunk-xjsf7-3704618034, networkLocation: /default-rack, certSerialId: null}b0d4f042-2fdd-43c4-bade-ce7ad6576109{ip: 192.168.5.143, host: pr-hdds-1786-trunk-xjsf7-3704618034, networkLocation: /default-rack, certSerialId: null}, Type:RATIS, Factor:THREE, State:CLOSED] from datanode 317be899-a5e7-4874-8b34-173a53939308{ip: 192.168.5.143, host: pr-hdds-1786-trunk-xjsf7-3704618034, networkLocation: /default-rack, certSerialId: null}. Reason : 317be899-a5e7-4874-8b34-173a53939308 has not seen follower/s d1e1b199-a92a-4c37-98e7-20a84e9cbec2 for 142381ms b0d4f042-2fdd-43c4-bade-ce7ad6576109 for 142381ms
2019-09-11 19:03:34,592 [EventQueue-PipelineActionsForPipelineActionHandler] INFO  pipeline.SCMPipelineManager (SCMPipelineManager.java:finalizeAndDestroyPipeline(311)) - destroying pipeline:Pipeline[ Id: f4acf43d-e397-454f-bb1f-0bbeb04936b1, Nodes: d1e1b199-a92a-4c37-98e7-20a84e9cbec2{ip: 192.168.5.143, host: pr-hdds-1786-trunk-xjsf7-3704618034, networkLocation: /default-rack, certSerialId: null}317be899-a5e7-4874-8b34-173a53939308{ip: 192.168.5.143, host: pr-hdds-1786-trunk-xjsf7-3704618034, networkLocation: /default-rack, certSerialId: null}b0d4f042-2fdd-43c4-bade-ce7ad6576109{ip: 192.168.5.143, host: pr-hdds-1786-trunk-xjsf7-3704618034, networkLocation: /default-rack, certSerialId: null}, Type:RATIS, Factor:THREE, State:CLOSED]
2019-09-11 19:03:36,098 [org.apache.ratis.server.impl.LogAppender$AppenderDaemon$$Lambda$497/214039350@2ab5298e] ERROR ratis.XceiverServerRatis (XceiverServerRatis.java:triggerPipelineClose(575)) - pipeline Action CLOSE  on pipeline PipelineID=f4acf43d-e397-454f-bb1f-0bbeb04936b1.Reason : 317be899-a5e7-4874-8b34-173a53939308 has not seen follower/s d1e1b199-a92a-4c37-98e7-20a84e9cbec2 for 144882ms b0d4f042-2fdd-43c4-bade-ce7ad6576109 for 144882ms
2019-09-11 19:03:36,098 [org.apache.ratis.server.impl.LogAppender$AppenderDaemon$$Lambda$497/214039350@75b65111] ERROR ratis.XceiverServerRatis (XceiverServerRatis.java:triggerPipelineClose(575)) - pipeline Action CLOSE  on pipeline PipelineID=f4acf43d-e397-454f-bb1f-0bbeb04936b1.Reason : 317be899-a5e7-4874-8b34-173a53939308 has not seen follower/s d1e1b199-a92a-4c37-98e7-20a84e9cbec2 for 144882ms b0d4f042-2fdd-43c4-bade-ce7ad6576109 for 144882ms
2019-09-11 19:03:36,591 [EventQueue-PipelineActionsForPipelineActionHandler] ERROR pipeline.PipelineActionHandler (PipelineActionHandler.java:onMessage(60)) - Received pipeline action CLOSE for Pipeline[ Id: f4acf43d-e397-454f-bb1f-0bbeb04936b1, Nodes: d1e1b199-a92a-4c37-98e7-20a84e9cbec2{ip: 192.168.5.143, host: pr-hdds-1786-trunk-xjsf7-3704618034, networkLocation: /default-rack, certSerialId: null}317be899-a5e7-4874-8b34-173a53939308{ip: 192.168.5.143, host: pr-hdds-1786-trunk-xjsf7-3704618034, networkLocation: /default-rack, certSerialId: null}b0d4f042-2fdd-43c4-bade-ce7ad6576109{ip: 192.168.5.143, host: pr-hdds-1786-trunk-xjsf7-3704618034, networkLocation: /default-rack, certSerialId: null}, Type:RATIS, Factor:THREE, State:CLOSED] from datanode 317be899-a5e7-4874-8b34-173a53939308{ip: 192.168.5.143, host: pr-hdds-1786-trunk-xjsf7-3704618034, networkLocation: /default-rack, certSerialId: null}. Reason : 317be899-a5e7-4874-8b34-173a53939308 has not seen follower/s d1e1b199-a92a-4c37-98e7-20a84e9cbec2 for 144882ms b0d4f042-2fdd-43c4-bade-ce7ad6576109 for 144882ms
2019-09-11 19:03:36,592 [EventQueue-PipelineActionsForPipelineActionHandler] INFO  pipeline.SCMPipelineManager (SCMPipelineManager.java:finalizeAndDestroyPipeline(311)) - destroying pipeline:Pipeline[ Id: f4acf43d-e397-454f-bb1f-0bbeb04936b1, Nodes: d1e1b199-a92a-4c37-98e7-20a84e9cbec2{ip: 192.168.5.143, host: pr-hdds-1786-trunk-xjsf7-3704618034, networkLocation: /default-rack, certSerialId: null}317be899-a5e7-4874-8b34-173a53939308{ip: 192.168.5.143, host: pr-hdds-1786-trunk-xjsf7-3704618034, networkLocation: /default-rack, certSerialId: null}b0d4f042-2fdd-43c4-bade-ce7ad6576109{ip: 192.168.5.143, host: pr-hdds-1786-trunk-xjsf7-3704618034, networkLocation: /default-rack, certSerialId: null}, Type:RATIS, Factor:THREE, State:CLOSED]
2019-09-11 19:03:36,597 [java.util.concurrent.ThreadPoolExecutor$Worker@7266fed5[State = -1, empty queue]] WARN  server.GrpcLogAppender (GrpcLogAppender.java:timeoutAppendRequest(200)) - 317be899-a5e7-4874-8b34-173a53939308@group-0BBEB04936B1->d1e1b199-a92a-4c37-98e7-20a84e9cbec2-GrpcLogAppender: appendEntries Timeout, request=317be899-a5e7-4874-8b34-173a53939308->d1e1b199-a92a-4c37-98e7-20a84e9cbec2#70-t1, previous=(t:1, i:13), leaderCommit=6, initializing? false, entries: <empty>
2019-09-11 19:03:36,599 [java.util.concurrent.ThreadPoolExecutor$Worker@20491363[State = -1, empty queue]] WARN  server.GrpcLogAppender (GrpcLogAppender.java:timeoutAppendRequest(200)) - 317be899-a5e7-4874-8b34-173a53939308@group-0BBEB04936B1->b0d4f042-2fdd-43c4-bade-ce7ad6576109-GrpcLogAppender: appendEntries Timeout, request=317be899-a5e7-4874-8b34-173a53939308->b0d4f042-2fdd-43c4-bade-ce7ad6576109#70-t1, previous=(t:1, i:13), leaderCommit=6, initializing? false, entries: <empty>
2019-09-11 19:03:37,616 [grpc-default-executor-4] INFO  client.GrpcClientProtocolClient (GrpcClientProtocolClient.java:onNext(264)) - client-AC8CE528086A->d1e1b199-a92a-4c37-98e7-20a84e9cbec2: receive RaftClientReply:client-AC8CE528086A->d1e1b199-a92a-4c37-98e7-20a84e9cbec2@group-0BBEB04936B1, cid=42, FAILED org.apache.ratis.protocol.NotLeaderException: Server d1e1b199-a92a-4c37-98e7-20a84e9cbec2@group-0BBEB04936B1 is not the leader 317be899-a5e7-4874-8b34-173a53939308:192.168.5.143:42053, logIndex=0, commits[d1e1b199-a92a-4c37-98e7-20a84e9cbec2:c6, 317be899-a5e7-4874-8b34-173a53939308:c6, b0d4f042-2fdd-43c4-bade-ce7ad6576109:c4]
2019-09-11 19:03:38,599 [org.apache.ratis.server.impl.LogAppender$AppenderDaemon$$Lambda$497/214039350@2ab5298e] ERROR ratis.XceiverServerRatis (XceiverServerRatis.java:triggerPipelineClose(575)) - pipeline Action CLOSE  on pipeline PipelineID=f4acf43d-e397-454f-bb1f-0bbeb04936b1.Reason : 317be899-a5e7-4874-8b34-173a53939308 has not seen follower/s d1e1b199-a92a-4c37-98e7-20a84e9cbec2 for 147382ms b0d4f042-2fdd-43c4-bade-ce7ad6576109 for 147383ms
2019-09-11 19:03:38,599 [org.apache.ratis.server.impl.LogAppender$AppenderDaemon$$Lambda$497/214039350@75b65111] ERROR ratis.XceiverServerRatis (XceiverServerRatis.java:triggerPipelineClose(575)) - pipeline Action CLOSE  on pipeline PipelineID=f4acf43d-e397-454f-bb1f-0bbeb04936b1.Reason : 317be899-a5e7-4874-8b34-173a53939308 has not seen follower/s d1e1b199-a92a-4c37-98e7-20a84e9cbec2 for 147382ms b0d4f042-2fdd-43c4-bade-ce7ad6576109 for 147383ms
2019-09-11 19:03:39,098 [java.util.concurrent.ThreadPoolExecutor$Worker@20491363[State = -1, empty queue]] WARN  server.GrpcLogAppender (GrpcLogAppender.java:timeoutAppendRequest(200)) - 317be899-a5e7-4874-8b34-173a53939308@group-0BBEB04936B1->b0d4f042-2fdd-43c4-bade-ce7ad6576109-GrpcLogAppender: appendEntries Timeout, request=317be899-a5e7-4874-8b34-173a53939308->b0d4f042-2fdd-43c4-bade-ce7ad6576109#71-t1, previous=(t:1, i:13), leaderCommit=6, initializing? false, entries: <empty>
2019-09-11 19:03:39,098 [java.util.concurrent.ThreadPoolExecutor$Worker@7266fed5[State = -1, empty queue]] WARN  server.GrpcLogAppender (GrpcLogAppender.java:timeoutAppendRequest(200)) - 317be899-a5e7-4874-8b34-173a53939308@group-0BBEB04936B1->d1e1b199-a92a-4c37-98e7-20a84e9cbec2-GrpcLogAppender: appendEntries Timeout, request=317be899-a5e7-4874-8b34-173a53939308->d1e1b199-a92a-4c37-98e7-20a84e9cbec2#71-t1, previous=(t:1, i:13), leaderCommit=6, initializing? false, entries: <empty>
2019-09-11 19:03:39,593 [EventQueue-PipelineActionsForPipelineActionHandler] ERROR pipeline.PipelineActionHandler (PipelineActionHandler.java:onMessage(60)) - Received pipeline action CLOSE for Pipeline[ Id: f4acf43d-e397-454f-bb1f-0bbeb04936b1, Nodes: d1e1b199-a92a-4c37-98e7-20a84e9cbec2{ip: 192.168.5.143, host: pr-hdds-1786-trunk-xjsf7-3704618034, networkLocation: /default-rack, certSerialId: null}317be899-a5e7-4874-8b34-173a53939308{ip: 192.168.5.143, host: pr-hdds-1786-trunk-xjsf7-3704618034, networkLocation: /default-rack, certSerialId: null}b0d4f042-2fdd-43c4-bade-ce7ad6576109{ip: 192.168.5.143, host: pr-hdds-1786-trunk-xjsf7-3704618034, networkLocation: /default-rack, certSerialId: null}, Type:RATIS, Factor:THREE, State:CLOSED] from datanode 317be899-a5e7-4874-8b34-173a53939308{ip: 192.168.5.143, host: pr-hdds-1786-trunk-xjsf7-3704618034, networkLocation: /default-rack, certSerialId: null}. Reason : 317be899-a5e7-4874-8b34-173a53939308 has not seen follower/s d1e1b199-a92a-4c37-98e7-20a84e9cbec2 for 147382ms b0d4f042-2fdd-43c4-bade-ce7ad6576109 for 147383ms
2019-09-11 19:03:39,594 [EventQueue-PipelineActionsForPipelineActionHandler] INFO  pipeline.SCMPipelineManager (SCMPipelineManager.java:finalizeAndDestroyPipeline(311)) - destroying pipeline:Pipeline[ Id: f4acf43d-e397-454f-bb1f-0bbeb04936b1, Nodes: d1e1b199-a92a-4c37-98e7-20a84e9cbec2{ip: 192.168.5.143, host: pr-hdds-1786-trunk-xjsf7-3704618034, networkLocation: /default-rack, certSerialId: null}317be899-a5e7-4874-8b34-173a53939308{ip: 192.168.5.143, host: pr-hdds-1786-trunk-xjsf7-3704618034, networkLocation: /default-rack, certSerialId: null}b0d4f042-2fdd-43c4-bade-ce7ad6576109{ip: 192.168.5.143, host: pr-hdds-1786-trunk-xjsf7-3704618034, networkLocation: /default-rack, certSerialId: null}, Type:RATIS, Factor:THREE, State:CLOSED]
2019-09-11 19:03:41,100 [org.apache.ratis.server.impl.LogAppender$AppenderDaemon$$Lambda$497/214039350@75b65111] ERROR ratis.XceiverServerRatis (XceiverServerRatis.java:triggerPipelineClose(575)) - pipeline Action CLOSE  on pipeline PipelineID=f4acf43d-e397-454f-bb1f-0bbeb04936b1.Reason : 317be899-a5e7-4874-8b34-173a53939308 has not seen follower/s d1e1b199-a92a-4c37-98e7-20a84e9cbec2 for 149884ms b0d4f042-2fdd-43c4-bade-ce7ad6576109 for 149884ms
2019-09-11 19:03:41,100 [org.apache.ratis.server.impl.LogAppender$AppenderDaemon$$Lambda$497/214039350@2ab5298e] ERROR ratis.XceiverServerRatis (XceiverServerRatis.java:triggerPipelineClose(575)) - pipeline Action CLOSE  on pipeline PipelineID=f4acf43d-e397-454f-bb1f-0bbeb04936b1.Reason : 317be899-a5e7-4874-8b34-173a53939308 has not seen follower/s d1e1b199-a92a-4c37-98e7-20a84e9cbec2 for 149884ms b0d4f042-2fdd-43c4-bade-ce7ad6576109 for 149884ms
2019-09-11 19:03:41,332 [317be899-a5e7-4874-8b34-173a53939308@group-0BBEB04936B1-SegmentedRaftLogWorker] WARN  segmented.SegmentedRaftLogWorker (SegmentedRaftLogWorker.java:getFromFuture(90)) - Timeout 14/~
org.apache.ratis.protocol.TimeoutIOException: Timeout 10s: WriteLog:7: (t:1, i:7), STATEMACHINELOGENTRY, client-AC8CE528086A, cid=42-writeStateMachineData
	at org.apache.ratis.util.IOUtils.getFromFuture(IOUtils.java:87)
	at org.apache.ratis.server.raftlog.segmented.SegmentedRaftLogWorker$StateMachineDataPolicy.getFromFuture(SegmentedRaftLogWorker.java:87)
	at org.apache.ratis.server.raftlog.segmented.SegmentedRaftLogWorker$WriteLog.execute(SegmentedRaftLogWorker.java:477)
	at org.apache.ratis.server.raftlog.segmented.SegmentedRaftLogWorker.run(SegmentedRaftLogWorker.java:289)
	at java.lang.Thread.run(Thread.java:748)
Caused by: java.util.concurrent.TimeoutException
	at java.util.concurrent.CompletableFuture.timedGet(CompletableFuture.java:1771)
	at java.util.concurrent.CompletableFuture.get(CompletableFuture.java:1915)
	at org.apache.ratis.util.IOUtils.getFromFuture(IOUtils.java:79)
	... 4 more
2019-09-11 19:03:41,519 [d1e1b199-a92a-4c37-98e7-20a84e9cbec2@group-0BBEB04936B1-SegmentedRaftLogWorker] WARN  segmented.SegmentedRaftLogWorker (SegmentedRaftLogWorker.java:getFromFuture(90)) - Timeout 14/~
org.apache.ratis.protocol.TimeoutIOException: Timeout 10s: WriteLog:8: (t:1, i:8), STATEMACHINELOGENTRY, client-AC8CE528086A, cid=43-writeStateMachineData
	at org.apache.ratis.util.IOUtils.getFromFuture(IOUtils.java:87)
	at org.apache.ratis.server.raftlog.segmented.SegmentedRaftLogWorker$StateMachineDataPolicy.getFromFuture(SegmentedRaftLogWorker.java:87)
	at org.apache.ratis.server.raftlog.segmented.SegmentedRaftLogWorker$WriteLog.execute(SegmentedRaftLogWorker.java:477)
	at org.apache.ratis.server.raftlog.segmented.SegmentedRaftLogWorker.run(SegmentedRaftLogWorker.java:289)
	at java.lang.Thread.run(Thread.java:748)
Caused by: java.util.concurrent.TimeoutException
	at java.util.concurrent.CompletableFuture.timedGet(CompletableFuture.java:1771)
	at java.util.concurrent.CompletableFuture.get(CompletableFuture.java:1915)
	at org.apache.ratis.util.IOUtils.getFromFuture(IOUtils.java:79)
	... 4 more
2019-09-11 19:03:41,519 [b0d4f042-2fdd-43c4-bade-ce7ad6576109@group-0BBEB04936B1-SegmentedRaftLogWorker] WARN  segmented.SegmentedRaftLogWorker (SegmentedRaftLogWorker.java:getFromFuture(90)) - Timeout 14/~
org.apache.ratis.protocol.TimeoutIOException: Timeout 10s: WriteLog:8: (t:1, i:8), STATEMACHINELOGENTRY, client-AC8CE528086A, cid=43-writeStateMachineData
	at org.apache.ratis.util.IOUtils.getFromFuture(IOUtils.java:87)
	at org.apache.ratis.server.raftlog.segmented.SegmentedRaftLogWorker$StateMachineDataPolicy.getFromFuture(SegmentedRaftLogWorker.java:87)
	at org.apache.ratis.server.raftlog.segmented.SegmentedRaftLogWorker$WriteLog.execute(SegmentedRaftLogWorker.java:477)
	at org.apache.ratis.server.raftlog.segmented.SegmentedRaftLogWorker.run(SegmentedRaftLogWorker.java:289)
	at java.lang.Thread.run(Thread.java:748)
Caused by: java.util.concurrent.TimeoutException
	at java.util.concurrent.CompletableFuture.timedGet(CompletableFuture.java:1771)
	at java.util.concurrent.CompletableFuture.get(CompletableFuture.java:1915)
	at org.apache.ratis.util.IOUtils.getFromFuture(IOUtils.java:79)
	... 4 more
2019-09-11 19:03:41,593 [EventQueue-PipelineActionsForPipelineActionHandler] ERROR pipeline.PipelineActionHandler (PipelineActionHandler.java:onMessage(60)) - Received pipeline action CLOSE for Pipeline[ Id: f4acf43d-e397-454f-bb1f-0bbeb04936b1, Nodes: d1e1b199-a92a-4c37-98e7-20a84e9cbec2{ip: 192.168.5.143, host: pr-hdds-1786-trunk-xjsf7-3704618034, networkLocation: /default-rack, certSerialId: null}317be899-a5e7-4874-8b34-173a53939308{ip: 192.168.5.143, host: pr-hdds-1786-trunk-xjsf7-3704618034, networkLocation: /default-rack, certSerialId: null}b0d4f042-2fdd-43c4-bade-ce7ad6576109{ip: 192.168.5.143, host: pr-hdds-1786-trunk-xjsf7-3704618034, networkLocation: /default-rack, certSerialId: null}, Type:RATIS, Factor:THREE, State:CLOSED] from datanode 317be899-a5e7-4874-8b34-173a53939308{ip: 192.168.5.143, host: pr-hdds-1786-trunk-xjsf7-3704618034, networkLocation: /default-rack, certSerialId: null}. Reason : 317be899-a5e7-4874-8b34-173a53939308 has not seen follower/s d1e1b199-a92a-4c37-98e7-20a84e9cbec2 for 149884ms b0d4f042-2fdd-43c4-bade-ce7ad6576109 for 149884ms
2019-09-11 19:03:41,593 [EventQueue-PipelineActionsForPipelineActionHandler] INFO  pipeline.SCMPipelineManager (SCMPipelineManager.java:finalizeAndDestroyPipeline(311)) - destroying pipeline:Pipeline[ Id: f4acf43d-e397-454f-bb1f-0bbeb04936b1, Nodes: d1e1b199-a92a-4c37-98e7-20a84e9cbec2{ip: 192.168.5.143, host: pr-hdds-1786-trunk-xjsf7-3704618034, networkLocation: /default-rack, certSerialId: null}317be899-a5e7-4874-8b34-173a53939308{ip: 192.168.5.143, host: pr-hdds-1786-trunk-xjsf7-3704618034, networkLocation: /default-rack, certSerialId: null}b0d4f042-2fdd-43c4-bade-ce7ad6576109{ip: 192.168.5.143, host: pr-hdds-1786-trunk-xjsf7-3704618034, networkLocation: /default-rack, certSerialId: null}, Type:RATIS, Factor:THREE, State:CLOSED]
2019-09-11 19:03:41,598 [java.util.concurrent.ThreadPoolExecutor$Worker@7266fed5[State = -1, empty queue]] WARN  server.GrpcLogAppender (GrpcLogAppender.java:timeoutAppendRequest(200)) - 317be899-a5e7-4874-8b34-173a53939308@group-0BBEB04936B1->d1e1b199-a92a-4c37-98e7-20a84e9cbec2-GrpcLogAppender: appendEntries Timeout, request=317be899-a5e7-4874-8b34-173a53939308->d1e1b199-a92a-4c37-98e7-20a84e9cbec2#72-t1, previous=(t:1, i:13), leaderCommit=6, initializing? false, entries: <empty>
2019-09-11 19:03:41,598 [java.util.concurrent.ThreadPoolExecutor$Worker@20491363[State = -1, empty queue]] WARN  server.GrpcLogAppender (GrpcLogAppender.java:timeoutAppendRequest(200)) - 317be899-a5e7-4874-8b34-173a53939308@group-0BBEB04936B1->b0d4f042-2fdd-43c4-bade-ce7ad6576109-GrpcLogAppender: appendEntries Timeout, request=317be899-a5e7-4874-8b34-173a53939308->b0d4f042-2fdd-43c4-bade-ce7ad6576109#72-t1, previous=(t:1, i:13), leaderCommit=6, initializing? false, entries: <empty>
2019-09-11 19:03:42,659 [grpc-default-executor-4] INFO  client.GrpcClientProtocolClient (GrpcClientProtocolClient.java:onNext(264)) - client-AC8CE528086A->b0d4f042-2fdd-43c4-bade-ce7ad6576109: receive RaftClientReply:client-AC8CE528086A->b0d4f042-2fdd-43c4-bade-ce7ad6576109@group-0BBEB04936B1, cid=42, FAILED org.apache.ratis.protocol.NotLeaderException: Server b0d4f042-2fdd-43c4-bade-ce7ad6576109@group-0BBEB04936B1 is not the leader 317be899-a5e7-4874-8b34-173a53939308:192.168.5.143:42053, logIndex=0, commits[b0d4f042-2fdd-43c4-bade-ce7ad6576109:c6, 317be899-a5e7-4874-8b34-173a53939308:c6, d1e1b199-a92a-4c37-98e7-20a84e9cbec2:c4]
2019-09-11 19:03:43,600 [org.apache.ratis.server.impl.LogAppender$AppenderDaemon$$Lambda$497/214039350@2ab5298e] ERROR ratis.XceiverServerRatis (XceiverServerRatis.java:triggerPipelineClose(575)) - pipeline Action CLOSE  on pipeline PipelineID=f4acf43d-e397-454f-bb1f-0bbeb04936b1.Reason : 317be899-a5e7-4874-8b34-173a53939308 has not seen follower/s d1e1b199-a92a-4c37-98e7-20a84e9cbec2 for 152384ms b0d4f042-2fdd-43c4-bade-ce7ad6576109 for 152384ms
2019-09-11 19:03:43,600 [org.apache.ratis.server.impl.LogAppender$AppenderDaemon$$Lambda$497/214039350@75b65111] ERROR ratis.XceiverServerRatis (XceiverServerRatis.java:triggerPipelineClose(575)) - pipeline Action CLOSE  on pipeline PipelineID=f4acf43d-e397-454f-bb1f-0bbeb04936b1.Reason : 317be899-a5e7-4874-8b34-173a53939308 has not seen follower/s d1e1b199-a92a-4c37-98e7-20a84e9cbec2 for 152385ms b0d4f042-2fdd-43c4-bade-ce7ad6576109 for 152385ms
2019-09-11 19:03:44,100 [java.util.concurrent.ThreadPoolExecutor$Worker@7266fed5[State = -1, empty queue]] WARN  server.GrpcLogAppender (GrpcLogAppender.java:timeoutAppendRequest(200)) - 317be899-a5e7-4874-8b34-173a53939308@group-0BBEB04936B1->d1e1b199-a92a-4c37-98e7-20a84e9cbec2-GrpcLogAppender: appendEntries Timeout, request=317be899-a5e7-4874-8b34-173a53939308->d1e1b199-a92a-4c37-98e7-20a84e9cbec2#73-t1, previous=(t:1, i:13), leaderCommit=6, initializing? false, entries: <empty>
2019-09-11 19:03:44,100 [java.util.concurrent.ThreadPoolExecutor$Worker@20491363[State = -1, empty queue]] WARN  server.GrpcLogAppender (GrpcLogAppender.java:timeoutAppendRequest(200)) - 317be899-a5e7-4874-8b34-173a53939308@group-0BBEB04936B1->b0d4f042-2fdd-43c4-bade-ce7ad6576109-GrpcLogAppender: appendEntries Timeout, request=317be899-a5e7-4874-8b34-173a53939308->b0d4f042-2fdd-43c4-bade-ce7ad6576109#73-t1, previous=(t:1, i:13), leaderCommit=6, initializing? false, entries: <empty>
2019-09-11 19:03:44,594 [EventQueue-PipelineActionsForPipelineActionHandler] ERROR pipeline.PipelineActionHandler (PipelineActionHandler.java:onMessage(60)) - Received pipeline action CLOSE for Pipeline[ Id: f4acf43d-e397-454f-bb1f-0bbeb04936b1, Nodes: d1e1b199-a92a-4c37-98e7-20a84e9cbec2{ip: 192.168.5.143, host: pr-hdds-1786-trunk-xjsf7-3704618034, networkLocation: /default-rack, certSerialId: null}317be899-a5e7-4874-8b34-173a53939308{ip: 192.168.5.143, host: pr-hdds-1786-trunk-xjsf7-3704618034, networkLocation: /default-rack, certSerialId: null}b0d4f042-2fdd-43c4-bade-ce7ad6576109{ip: 192.168.5.143, host: pr-hdds-1786-trunk-xjsf7-3704618034, networkLocation: /default-rack, certSerialId: null}, Type:RATIS, Factor:THREE, State:CLOSED] from datanode 317be899-a5e7-4874-8b34-173a53939308{ip: 192.168.5.143, host: pr-hdds-1786-trunk-xjsf7-3704618034, networkLocation: /default-rack, certSerialId: null}. Reason : 317be899-a5e7-4874-8b34-173a53939308 has not seen follower/s d1e1b199-a92a-4c37-98e7-20a84e9cbec2 for 152384ms b0d4f042-2fdd-43c4-bade-ce7ad6576109 for 152384ms
2019-09-11 19:03:44,595 [EventQueue-PipelineActionsForPipelineActionHandler] INFO  pipeline.SCMPipelineManager (SCMPipelineManager.java:finalizeAndDestroyPipeline(311)) - destroying pipeline:Pipeline[ Id: f4acf43d-e397-454f-bb1f-0bbeb04936b1, Nodes: d1e1b199-a92a-4c37-98e7-20a84e9cbec2{ip: 192.168.5.143, host: pr-hdds-1786-trunk-xjsf7-3704618034, networkLocation: /default-rack, certSerialId: null}317be899-a5e7-4874-8b34-173a53939308{ip: 192.168.5.143, host: pr-hdds-1786-trunk-xjsf7-3704618034, networkLocation: /default-rack, certSerialId: null}b0d4f042-2fdd-43c4-bade-ce7ad6576109{ip: 192.168.5.143, host: pr-hdds-1786-trunk-xjsf7-3704618034, networkLocation: /default-rack, certSerialId: null}, Type:RATIS, Factor:THREE, State:CLOSED]
2019-09-11 19:03:46,101 [org.apache.ratis.server.impl.LogAppender$AppenderDaemon$$Lambda$497/214039350@2ab5298e] ERROR ratis.XceiverServerRatis (XceiverServerRatis.java:triggerPipelineClose(575)) - pipeline Action CLOSE  on pipeline PipelineID=f4acf43d-e397-454f-bb1f-0bbeb04936b1.Reason : 317be899-a5e7-4874-8b34-173a53939308 has not seen follower/s d1e1b199-a92a-4c37-98e7-20a84e9cbec2 for 154885ms b0d4f042-2fdd-43c4-bade-ce7ad6576109 for 154885ms
2019-09-11 19:03:46,101 [org.apache.ratis.server.impl.LogAppender$AppenderDaemon$$Lambda$497/214039350@75b65111] ERROR ratis.XceiverServerRatis (XceiverServerRatis.java:triggerPipelineClose(575)) - pipeline Action CLOSE  on pipeline PipelineID=f4acf43d-e397-454f-bb1f-0bbeb04936b1.Reason : 317be899-a5e7-4874-8b34-173a53939308 has not seen follower/s d1e1b199-a92a-4c37-98e7-20a84e9cbec2 for 154885ms b0d4f042-2fdd-43c4-bade-ce7ad6576109 for 154886ms
2019-09-11 19:03:46,594 [EventQueue-PipelineActionsForPipelineActionHandler] ERROR pipeline.PipelineActionHandler (PipelineActionHandler.java:onMessage(60)) - Received pipeline action CLOSE for Pipeline[ Id: f4acf43d-e397-454f-bb1f-0bbeb04936b1, Nodes: d1e1b199-a92a-4c37-98e7-20a84e9cbec2{ip: 192.168.5.143, host: pr-hdds-1786-trunk-xjsf7-3704618034, networkLocation: /default-rack, certSerialId: null}317be899-a5e7-4874-8b34-173a53939308{ip: 192.168.5.143, host: pr-hdds-1786-trunk-xjsf7-3704618034, networkLocation: /default-rack, certSerialId: null}b0d4f042-2fdd-43c4-bade-ce7ad6576109{ip: 192.168.5.143, host: pr-hdds-1786-trunk-xjsf7-3704618034, networkLocation: /default-rack, certSerialId: null}, Type:RATIS, Factor:THREE, State:CLOSED] from datanode 317be899-a5e7-4874-8b34-173a53939308{ip: 192.168.5.143, host: pr-hdds-1786-trunk-xjsf7-3704618034, networkLocation: /default-rack, certSerialId: null}. Reason : 317be899-a5e7-4874-8b34-173a53939308 has not seen follower/s d1e1b199-a92a-4c37-98e7-20a84e9cbec2 for 154885ms b0d4f042-2fdd-43c4-bade-ce7ad6576109 for 154885ms
2019-09-11 19:03:46,594 [EventQueue-PipelineActionsForPipelineActionHandler] INFO  pipeline.SCMPipelineManager (SCMPipelineManager.java:finalizeAndDestroyPipeline(311)) - destroying pipeline:Pipeline[ Id: f4acf43d-e397-454f-bb1f-0bbeb04936b1, Nodes: d1e1b199-a92a-4c37-98e7-20a84e9cbec2{ip: 192.168.5.143, host: pr-hdds-1786-trunk-xjsf7-3704618034, networkLocation: /default-rack, certSerialId: null}317be899-a5e7-4874-8b34-173a53939308{ip: 192.168.5.143, host: pr-hdds-1786-trunk-xjsf7-3704618034, networkLocation: /default-rack, certSerialId: null}b0d4f042-2fdd-43c4-bade-ce7ad6576109{ip: 192.168.5.143, host: pr-hdds-1786-trunk-xjsf7-3704618034, networkLocation: /default-rack, certSerialId: null}, Type:RATIS, Factor:THREE, State:CLOSED]
2019-09-11 19:03:46,600 [java.util.concurrent.ThreadPoolExecutor$Worker@20491363[State = -1, empty queue]] WARN  server.GrpcLogAppender (GrpcLogAppender.java:timeoutAppendRequest(200)) - 317be899-a5e7-4874-8b34-173a53939308@group-0BBEB04936B1->b0d4f042-2fdd-43c4-bade-ce7ad6576109-GrpcLogAppender: appendEntries Timeout, request=317be899-a5e7-4874-8b34-173a53939308->b0d4f042-2fdd-43c4-bade-ce7ad6576109#74-t1, previous=(t:1, i:13), leaderCommit=6, initializing? false, entries: <empty>
2019-09-11 19:03:46,601 [java.util.concurrent.ThreadPoolExecutor$Worker@7266fed5[State = -1, empty queue]] WARN  server.GrpcLogAppender (GrpcLogAppender.java:timeoutAppendRequest(200)) - 317be899-a5e7-4874-8b34-173a53939308@group-0BBEB04936B1->d1e1b199-a92a-4c37-98e7-20a84e9cbec2-GrpcLogAppender: appendEntries Timeout, request=317be899-a5e7-4874-8b34-173a53939308->d1e1b199-a92a-4c37-98e7-20a84e9cbec2#74-t1, previous=(t:1, i:13), leaderCommit=6, initializing? false, entries: <empty>
2019-09-11 19:03:47,721 [grpc-default-executor-5] INFO  client.GrpcClientProtocolClient (GrpcClientProtocolClient.java:onNext(264)) - client-AC8CE528086A->b0d4f042-2fdd-43c4-bade-ce7ad6576109: receive RaftClientReply:client-AC8CE528086A->b0d4f042-2fdd-43c4-bade-ce7ad6576109@group-0BBEB04936B1, cid=42, FAILED org.apache.ratis.protocol.NotLeaderException: Server b0d4f042-2fdd-43c4-bade-ce7ad6576109@group-0BBEB04936B1 is not the leader 317be899-a5e7-4874-8b34-173a53939308:192.168.5.143:42053, logIndex=0, commits[b0d4f042-2fdd-43c4-bade-ce7ad6576109:c6, 317be899-a5e7-4874-8b34-173a53939308:c6, d1e1b199-a92a-4c37-98e7-20a84e9cbec2:c4]
2019-09-11 19:03:48,601 [org.apache.ratis.server.impl.LogAppender$AppenderDaemon$$Lambda$497/214039350@2ab5298e] ERROR ratis.XceiverServerRatis (XceiverServerRatis.java:triggerPipelineClose(575)) - pipeline Action CLOSE  on pipeline PipelineID=f4acf43d-e397-454f-bb1f-0bbeb04936b1.Reason : 317be899-a5e7-4874-8b34-173a53939308 has not seen follower/s d1e1b199-a92a-4c37-98e7-20a84e9cbec2 for 157385ms b0d4f042-2fdd-43c4-bade-ce7ad6576109 for 157385ms
2019-09-11 19:03:48,602 [org.apache.ratis.server.impl.LogAppender$AppenderDaemon$$Lambda$497/214039350@75b65111] ERROR ratis.XceiverServerRatis (XceiverServerRatis.java:triggerPipelineClose(575)) - pipeline Action CLOSE  on pipeline PipelineID=f4acf43d-e397-454f-bb1f-0bbeb04936b1.Reason : 317be899-a5e7-4874-8b34-173a53939308 has not seen follower/s d1e1b199-a92a-4c37-98e7-20a84e9cbec2 for 157386ms b0d4f042-2fdd-43c4-bade-ce7ad6576109 for 157386ms
2019-09-11 19:03:49,100 [java.util.concurrent.ThreadPoolExecutor$Worker@20491363[State = -1, empty queue]] WARN  server.GrpcLogAppender (GrpcLogAppender.java:timeoutAppendRequest(200)) - 317be899-a5e7-4874-8b34-173a53939308@group-0BBEB04936B1->b0d4f042-2fdd-43c4-bade-ce7ad6576109-GrpcLogAppender: appendEntries Timeout, request=317be899-a5e7-4874-8b34-173a53939308->b0d4f042-2fdd-43c4-bade-ce7ad6576109#75-t1, previous=(t:1, i:13), leaderCommit=6, initializing? false, entries: <empty>
2019-09-11 19:03:49,101 [java.util.concurrent.ThreadPoolExecutor$Worker@7266fed5[State = -1, empty queue]] WARN  server.GrpcLogAppender (GrpcLogAppender.java:timeoutAppendRequest(200)) - 317be899-a5e7-4874-8b34-173a53939308@group-0BBEB04936B1->d1e1b199-a92a-4c37-98e7-20a84e9cbec2-GrpcLogAppender: appendEntries Timeout, request=317be899-a5e7-4874-8b34-173a53939308->d1e1b199-a92a-4c37-98e7-20a84e9cbec2#75-t1, previous=(t:1, i:13), leaderCommit=6, initializing? false, entries: <empty>
2019-09-11 19:03:49,595 [EventQueue-PipelineActionsForPipelineActionHandler] ERROR pipeline.PipelineActionHandler (PipelineActionHandler.java:onMessage(60)) - Received pipeline action CLOSE for Pipeline[ Id: f4acf43d-e397-454f-bb1f-0bbeb04936b1, Nodes: d1e1b199-a92a-4c37-98e7-20a84e9cbec2{ip: 192.168.5.143, host: pr-hdds-1786-trunk-xjsf7-3704618034, networkLocation: /default-rack, certSerialId: null}317be899-a5e7-4874-8b34-173a53939308{ip: 192.168.5.143, host: pr-hdds-1786-trunk-xjsf7-3704618034, networkLocation: /default-rack, certSerialId: null}b0d4f042-2fdd-43c4-bade-ce7ad6576109{ip: 192.168.5.143, host: pr-hdds-1786-trunk-xjsf7-3704618034, networkLocation: /default-rack, certSerialId: null}, Type:RATIS, Factor:THREE, State:CLOSED] from datanode 317be899-a5e7-4874-8b34-173a53939308{ip: 192.168.5.143, host: pr-hdds-1786-trunk-xjsf7-3704618034, networkLocation: /default-rack, certSerialId: null}. Reason : 317be899-a5e7-4874-8b34-173a53939308 has not seen follower/s d1e1b199-a92a-4c37-98e7-20a84e9cbec2 for 157385ms b0d4f042-2fdd-43c4-bade-ce7ad6576109 for 157385ms
2019-09-11 19:03:49,596 [EventQueue-PipelineActionsForPipelineActionHandler] INFO  pipeline.SCMPipelineManager (SCMPipelineManager.java:finalizeAndDestroyPipeline(311)) - destroying pipeline:Pipeline[ Id: f4acf43d-e397-454f-bb1f-0bbeb04936b1, Nodes: d1e1b199-a92a-4c37-98e7-20a84e9cbec2{ip: 192.168.5.143, host: pr-hdds-1786-trunk-xjsf7-3704618034, networkLocation: /default-rack, certSerialId: null}317be899-a5e7-4874-8b34-173a53939308{ip: 192.168.5.143, host: pr-hdds-1786-trunk-xjsf7-3704618034, networkLocation: /default-rack, certSerialId: null}b0d4f042-2fdd-43c4-bade-ce7ad6576109{ip: 192.168.5.143, host: pr-hdds-1786-trunk-xjsf7-3704618034, networkLocation: /default-rack, certSerialId: null}, Type:RATIS, Factor:THREE, State:CLOSED]
2019-09-11 19:03:51,102 [org.apache.ratis.server.impl.LogAppender$AppenderDaemon$$Lambda$497/214039350@2ab5298e] ERROR ratis.XceiverServerRatis (XceiverServerRatis.java:triggerPipelineClose(575)) - pipeline Action CLOSE  on pipeline PipelineID=f4acf43d-e397-454f-bb1f-0bbeb04936b1.Reason : 317be899-a5e7-4874-8b34-173a53939308 has not seen follower/s d1e1b199-a92a-4c37-98e7-20a84e9cbec2 for 159886ms b0d4f042-2fdd-43c4-bade-ce7ad6576109 for 159886ms
2019-09-11 19:03:51,102 [org.apache.ratis.server.impl.LogAppender$AppenderDaemon$$Lambda$497/214039350@75b65111] ERROR ratis.XceiverServerRatis (XceiverServerRatis.java:triggerPipelineClose(575)) - pipeline Action CLOSE  on pipeline PipelineID=f4acf43d-e397-454f-bb1f-0bbeb04936b1.Reason : 317be899-a5e7-4874-8b34-173a53939308 has not seen follower/s d1e1b199-a92a-4c37-98e7-20a84e9cbec2 for 159887ms b0d4f042-2fdd-43c4-bade-ce7ad6576109 for 159887ms
2019-09-11 19:03:51,333 [317be899-a5e7-4874-8b34-173a53939308@group-0BBEB04936B1-SegmentedRaftLogWorker] WARN  segmented.SegmentedRaftLogWorker (SegmentedRaftLogWorker.java:getFromFuture(90)) - Timeout 15/~
org.apache.ratis.protocol.TimeoutIOException: Timeout 10s: WriteLog:7: (t:1, i:7), STATEMACHINELOGENTRY, client-AC8CE528086A, cid=42-writeStateMachineData
	at org.apache.ratis.util.IOUtils.getFromFuture(IOUtils.java:87)
	at org.apache.ratis.server.raftlog.segmented.SegmentedRaftLogWorker$StateMachineDataPolicy.getFromFuture(SegmentedRaftLogWorker.java:87)
	at org.apache.ratis.server.raftlog.segmented.SegmentedRaftLogWorker$WriteLog.execute(SegmentedRaftLogWorker.java:477)
	at org.apache.ratis.server.raftlog.segmented.SegmentedRaftLogWorker.run(SegmentedRaftLogWorker.java:289)
	at java.lang.Thread.run(Thread.java:748)
Caused by: java.util.concurrent.TimeoutException
	at java.util.concurrent.CompletableFuture.timedGet(CompletableFuture.java:1771)
	at java.util.concurrent.CompletableFuture.get(CompletableFuture.java:1915)
	at org.apache.ratis.util.IOUtils.getFromFuture(IOUtils.java:79)
	... 4 more
2019-09-11 19:03:51,520 [d1e1b199-a92a-4c37-98e7-20a84e9cbec2@group-0BBEB04936B1-SegmentedRaftLogWorker] WARN  segmented.SegmentedRaftLogWorker (SegmentedRaftLogWorker.java:getFromFuture(90)) - Timeout 15/~
org.apache.ratis.protocol.TimeoutIOException: Timeout 10s: WriteLog:8: (t:1, i:8), STATEMACHINELOGENTRY, client-AC8CE528086A, cid=43-writeStateMachineData
	at org.apache.ratis.util.IOUtils.getFromFuture(IOUtils.java:87)
	at org.apache.ratis.server.raftlog.segmented.SegmentedRaftLogWorker$StateMachineDataPolicy.getFromFuture(SegmentedRaftLogWorker.java:87)
	at org.apache.ratis.server.raftlog.segmented.SegmentedRaftLogWorker$WriteLog.execute(SegmentedRaftLogWorker.java:477)
	at org.apache.ratis.server.raftlog.segmented.SegmentedRaftLogWorker.run(SegmentedRaftLogWorker.java:289)
	at java.lang.Thread.run(Thread.java:748)
Caused by: java.util.concurrent.TimeoutException
	at java.util.concurrent.CompletableFuture.timedGet(CompletableFuture.java:1771)
	at java.util.concurrent.CompletableFuture.get(CompletableFuture.java:1915)
	at org.apache.ratis.util.IOUtils.getFromFuture(IOUtils.java:79)
	... 4 more
2019-09-11 19:03:51,543 [b0d4f042-2fdd-43c4-bade-ce7ad6576109@group-0BBEB04936B1-SegmentedRaftLogWorker] WARN  segmented.SegmentedRaftLogWorker (SegmentedRaftLogWorker.java:getFromFuture(90)) - Timeout 15/~
org.apache.ratis.protocol.TimeoutIOException: Timeout 10s: WriteLog:8: (t:1, i:8), STATEMACHINELOGENTRY, client-AC8CE528086A, cid=43-writeStateMachineData
	at org.apache.ratis.util.IOUtils.getFromFuture(IOUtils.java:87)
	at org.apache.ratis.server.raftlog.segmented.SegmentedRaftLogWorker$StateMachineDataPolicy.getFromFuture(SegmentedRaftLogWorker.java:87)
	at org.apache.ratis.server.raftlog.segmented.SegmentedRaftLogWorker$WriteLog.execute(SegmentedRaftLogWorker.java:477)
	at org.apache.ratis.server.raftlog.segmented.SegmentedRaftLogWorker.run(SegmentedRaftLogWorker.java:289)
	at java.lang.Thread.run(Thread.java:748)
Caused by: java.util.concurrent.TimeoutException
	at java.util.concurrent.CompletableFuture.timedGet(CompletableFuture.java:1771)
	at java.util.concurrent.CompletableFuture.get(CompletableFuture.java:1915)
	at org.apache.ratis.util.IOUtils.getFromFuture(IOUtils.java:79)
	... 4 more
2019-09-11 19:03:51,596 [EventQueue-PipelineActionsForPipelineActionHandler] ERROR pipeline.PipelineActionHandler (PipelineActionHandler.java:onMessage(60)) - Received pipeline action CLOSE for Pipeline[ Id: f4acf43d-e397-454f-bb1f-0bbeb04936b1, Nodes: d1e1b199-a92a-4c37-98e7-20a84e9cbec2{ip: 192.168.5.143, host: pr-hdds-1786-trunk-xjsf7-3704618034, networkLocation: /default-rack, certSerialId: null}317be899-a5e7-4874-8b34-173a53939308{ip: 192.168.5.143, host: pr-hdds-1786-trunk-xjsf7-3704618034, networkLocation: /default-rack, certSerialId: null}b0d4f042-2fdd-43c4-bade-ce7ad6576109{ip: 192.168.5.143, host: pr-hdds-1786-trunk-xjsf7-3704618034, networkLocation: /default-rack, certSerialId: null}, Type:RATIS, Factor:THREE, State:CLOSED] from datanode 317be899-a5e7-4874-8b34-173a53939308{ip: 192.168.5.143, host: pr-hdds-1786-trunk-xjsf7-3704618034, networkLocation: /default-rack, certSerialId: null}. Reason : 317be899-a5e7-4874-8b34-173a53939308 has not seen follower/s d1e1b199-a92a-4c37-98e7-20a84e9cbec2 for 159886ms b0d4f042-2fdd-43c4-bade-ce7ad6576109 for 159886ms
2019-09-11 19:03:51,596 [EventQueue-PipelineActionsForPipelineActionHandler] INFO  pipeline.SCMPipelineManager (SCMPipelineManager.java:finalizeAndDestroyPipeline(311)) - destroying pipeline:Pipeline[ Id: f4acf43d-e397-454f-bb1f-0bbeb04936b1, Nodes: d1e1b199-a92a-4c37-98e7-20a84e9cbec2{ip: 192.168.5.143, host: pr-hdds-1786-trunk-xjsf7-3704618034, networkLocation: /default-rack, certSerialId: null}317be899-a5e7-4874-8b34-173a53939308{ip: 192.168.5.143, host: pr-hdds-1786-trunk-xjsf7-3704618034, networkLocation: /default-rack, certSerialId: null}b0d4f042-2fdd-43c4-bade-ce7ad6576109{ip: 192.168.5.143, host: pr-hdds-1786-trunk-xjsf7-3704618034, networkLocation: /default-rack, certSerialId: null}, Type:RATIS, Factor:THREE, State:CLOSED]
2019-09-11 19:03:51,601 [java.util.concurrent.ThreadPoolExecutor$Worker@20491363[State = -1, empty queue]] WARN  server.GrpcLogAppender (GrpcLogAppender.java:timeoutAppendRequest(200)) - 317be899-a5e7-4874-8b34-173a53939308@group-0BBEB04936B1->b0d4f042-2fdd-43c4-bade-ce7ad6576109-GrpcLogAppender: appendEntries Timeout, request=317be899-a5e7-4874-8b34-173a53939308->b0d4f042-2fdd-43c4-bade-ce7ad6576109#76-t1, previous=(t:1, i:13), leaderCommit=6, initializing? false, entries: <empty>
2019-09-11 19:03:51,602 [java.util.concurrent.ThreadPoolExecutor$Worker@7266fed5[State = -1, empty queue]] WARN  server.GrpcLogAppender (GrpcLogAppender.java:timeoutAppendRequest(200)) - 317be899-a5e7-4874-8b34-173a53939308@group-0BBEB04936B1->d1e1b199-a92a-4c37-98e7-20a84e9cbec2-GrpcLogAppender: appendEntries Timeout, request=317be899-a5e7-4874-8b34-173a53939308->d1e1b199-a92a-4c37-98e7-20a84e9cbec2#76-t1, previous=(t:1, i:13), leaderCommit=6, initializing? false, entries: <empty>
2019-09-11 19:03:52,158 [grpc-default-executor-4] INFO  impl.RaftServerProxy (RaftServerProxy.java:addNew(89)) - d1e1b199-a92a-4c37-98e7-20a84e9cbec2: addNew group-EF0BD26DD41E:[317be899-a5e7-4874-8b34-173a53939308:192.168.5.143:42053, d1e1b199-a92a-4c37-98e7-20a84e9cbec2:192.168.5.143:35615, b0d4f042-2fdd-43c4-bade-ce7ad6576109:192.168.5.143:42232] returns group-EF0BD26DD41E:java.util.concurrent.CompletableFuture@560965ca[Not completed]
2019-09-11 19:03:52,158 [grpc-default-executor-5] INFO  impl.RaftServerProxy (RaftServerProxy.java:addNew(89)) - 317be899-a5e7-4874-8b34-173a53939308: addNew group-EF0BD26DD41E:[317be899-a5e7-4874-8b34-173a53939308:192.168.5.143:42053, d1e1b199-a92a-4c37-98e7-20a84e9cbec2:192.168.5.143:35615, b0d4f042-2fdd-43c4-bade-ce7ad6576109:192.168.5.143:42232] returns group-EF0BD26DD41E:java.util.concurrent.CompletableFuture@68b64cf3[Not completed]
2019-09-11 19:03:52,158 [grpc-default-executor-9] INFO  impl.RaftServerProxy (RaftServerProxy.java:addNew(89)) - b0d4f042-2fdd-43c4-bade-ce7ad6576109: addNew group-EF0BD26DD41E:[317be899-a5e7-4874-8b34-173a53939308:192.168.5.143:42053, d1e1b199-a92a-4c37-98e7-20a84e9cbec2:192.168.5.143:35615, b0d4f042-2fdd-43c4-bade-ce7ad6576109:192.168.5.143:42232] returns group-EF0BD26DD41E:java.util.concurrent.CompletableFuture@395cb746[Not completed]
2019-09-11 19:03:52,161 [pool-67-thread-1] INFO  impl.RaftServerImpl (RaftServerImpl.java:<init>(95)) - d1e1b199-a92a-4c37-98e7-20a84e9cbec2: new RaftServerImpl for group-EF0BD26DD41E:[317be899-a5e7-4874-8b34-173a53939308:192.168.5.143:42053, d1e1b199-a92a-4c37-98e7-20a84e9cbec2:192.168.5.143:35615, b0d4f042-2fdd-43c4-bade-ce7ad6576109:192.168.5.143:42232] with ContainerStateMachine:uninitialized
2019-09-11 19:03:52,162 [pool-67-thread-1] INFO  server.RaftServerConfigKeys (ConfUtils.java:logGet(43)) - raft.server.rpc.timeout.min = 5s (custom)
2019-09-11 19:03:52,162 [pool-67-thread-1] INFO  server.RaftServerConfigKeys (ConfUtils.java:logGet(43)) - raft.server.rpc.timeout.max = 5200ms (custom)
2019-09-11 19:03:52,162 [pool-67-thread-1] INFO  server.RaftServerConfigKeys (ConfUtils.java:logGet(43)) - raft.server.rpcslowness.timeout = 120s (custom)
2019-09-11 19:03:52,162 [pool-67-thread-1] INFO  server.RaftServerConfigKeys (ConfUtils.java:logGet(43)) - raft.server.sleep.deviation.threshold = 300 (default)
2019-09-11 19:03:52,162 [pool-67-thread-1] INFO  server.RaftServerConfigKeys (ConfUtils.java:logGet(43)) - raft.server.log.appender.install.snapshot.enabled = false (custom)
2019-09-11 19:03:52,162 [pool-67-thread-1] INFO  impl.RaftServerImpl (ServerState.java:<init>(103)) - d1e1b199-a92a-4c37-98e7-20a84e9cbec2@group-EF0BD26DD41E: ConfigurationManager, init=-1: [317be899-a5e7-4874-8b34-173a53939308:192.168.5.143:42053, d1e1b199-a92a-4c37-98e7-20a84e9cbec2:192.168.5.143:35615, b0d4f042-2fdd-43c4-bade-ce7ad6576109:192.168.5.143:42232], old=null, confs=<EMPTY_MAP>
2019-09-11 19:03:52,162 [pool-47-thread-1] INFO  impl.RaftServerImpl (RaftServerImpl.java:<init>(95)) - b0d4f042-2fdd-43c4-bade-ce7ad6576109: new RaftServerImpl for group-EF0BD26DD41E:[317be899-a5e7-4874-8b34-173a53939308:192.168.5.143:42053, d1e1b199-a92a-4c37-98e7-20a84e9cbec2:192.168.5.143:35615, b0d4f042-2fdd-43c4-bade-ce7ad6576109:192.168.5.143:42232] with ContainerStateMachine:uninitialized
2019-09-11 19:03:52,163 [pool-47-thread-1] INFO  server.RaftServerConfigKeys (ConfUtils.java:logGet(43)) - raft.server.rpc.timeout.min = 5s (custom)
2019-09-11 19:03:52,163 [pool-67-thread-1] INFO  server.RaftServerConfigKeys (ConfUtils.java:logGet(43)) - raft.server.storage.dir = [/workdir/hadoop-ozone/integration-test/target/test-dir/MiniOzoneClusterImpl-8bc0b1d6-fcdc-4049-850d-8c31e36a20db/datanode-4/data/ratis] (custom)
2019-09-11 19:03:52,163 [pool-47-thread-1] INFO  server.RaftServerConfigKeys (ConfUtils.java:logGet(43)) - raft.server.rpc.timeout.max = 5200ms (custom)
2019-09-11 19:03:52,163 [pool-47-thread-1] INFO  server.RaftServerConfigKeys (ConfUtils.java:logGet(43)) - raft.server.rpcslowness.timeout = 120s (custom)
2019-09-11 19:03:52,163 [pool-47-thread-1] INFO  server.RaftServerConfigKeys (ConfUtils.java:logGet(43)) - raft.server.sleep.deviation.threshold = 300 (default)
2019-09-11 19:03:52,163 [pool-67-thread-1] INFO  storage.RaftStorageDirectory (RaftStorageDirectory.java:analyzeStorage(246)) - The storage directory /workdir/hadoop-ozone/integration-test/target/test-dir/MiniOzoneClusterImpl-8bc0b1d6-fcdc-4049-850d-8c31e36a20db/datanode-4/data/ratis/5589feec-2154-432e-85dc-ef0bd26dd41e does not exist. Creating ...
2019-09-11 19:03:52,164 [pool-47-thread-1] INFO  server.RaftServerConfigKeys (ConfUtils.java:logGet(43)) - raft.server.log.appender.install.snapshot.enabled = false (custom)
2019-09-11 19:03:52,164 [pool-47-thread-1] INFO  impl.RaftServerImpl (ServerState.java:<init>(103)) - b0d4f042-2fdd-43c4-bade-ce7ad6576109@group-EF0BD26DD41E: ConfigurationManager, init=-1: [317be899-a5e7-4874-8b34-173a53939308:192.168.5.143:42053, d1e1b199-a92a-4c37-98e7-20a84e9cbec2:192.168.5.143:35615, b0d4f042-2fdd-43c4-bade-ce7ad6576109:192.168.5.143:42232], old=null, confs=<EMPTY_MAP>
2019-09-11 19:03:52,164 [pool-77-thread-1] INFO  impl.RaftServerImpl (RaftServerImpl.java:<init>(95)) - 317be899-a5e7-4874-8b34-173a53939308: new RaftServerImpl for group-EF0BD26DD41E:[317be899-a5e7-4874-8b34-173a53939308:192.168.5.143:42053, d1e1b199-a92a-4c37-98e7-20a84e9cbec2:192.168.5.143:35615, b0d4f042-2fdd-43c4-bade-ce7ad6576109:192.168.5.143:42232] with ContainerStateMachine:uninitialized
2019-09-11 19:03:52,164 [pool-47-thread-1] INFO  server.RaftServerConfigKeys (ConfUtils.java:logGet(43)) - raft.server.storage.dir = [/workdir/hadoop-ozone/integration-test/target/test-dir/MiniOzoneClusterImpl-8bc0b1d6-fcdc-4049-850d-8c31e36a20db/datanode-2/data/ratis] (custom)
2019-09-11 19:03:52,164 [pool-77-thread-1] INFO  server.RaftServerConfigKeys (ConfUtils.java:logGet(43)) - raft.server.rpc.timeout.min = 5s (custom)
2019-09-11 19:03:52,165 [pool-77-thread-1] INFO  server.RaftServerConfigKeys (ConfUtils.java:logGet(43)) - raft.server.rpc.timeout.max = 5200ms (custom)
2019-09-11 19:03:52,165 [pool-47-thread-1] INFO  storage.RaftStorageDirectory (RaftStorageDirectory.java:analyzeStorage(246)) - The storage directory /workdir/hadoop-ozone/integration-test/target/test-dir/MiniOzoneClusterImpl-8bc0b1d6-fcdc-4049-850d-8c31e36a20db/datanode-2/data/ratis/5589feec-2154-432e-85dc-ef0bd26dd41e does not exist. Creating ...
2019-09-11 19:03:52,165 [pool-77-thread-1] INFO  server.RaftServerConfigKeys (ConfUtils.java:logGet(43)) - raft.server.rpcslowness.timeout = 120s (custom)
2019-09-11 19:03:52,165 [pool-77-thread-1] INFO  server.RaftServerConfigKeys (ConfUtils.java:logGet(43)) - raft.server.sleep.deviation.threshold = 300 (default)
2019-09-11 19:03:52,165 [pool-77-thread-1] INFO  server.RaftServerConfigKeys (ConfUtils.java:logGet(43)) - raft.server.log.appender.install.snapshot.enabled = false (custom)
2019-09-11 19:03:52,165 [pool-77-thread-1] INFO  impl.RaftServerImpl (ServerState.java:<init>(103)) - 317be899-a5e7-4874-8b34-173a53939308@group-EF0BD26DD41E: ConfigurationManager, init=-1: [317be899-a5e7-4874-8b34-173a53939308:192.168.5.143:42053, d1e1b199-a92a-4c37-98e7-20a84e9cbec2:192.168.5.143:35615, b0d4f042-2fdd-43c4-bade-ce7ad6576109:192.168.5.143:42232], old=null, confs=<EMPTY_MAP>
2019-09-11 19:03:52,166 [pool-77-thread-1] INFO  server.RaftServerConfigKeys (ConfUtils.java:logGet(43)) - raft.server.storage.dir = [/workdir/hadoop-ozone/integration-test/target/test-dir/MiniOzoneClusterImpl-8bc0b1d6-fcdc-4049-850d-8c31e36a20db/datanode-5/data/ratis] (custom)
2019-09-11 19:03:52,166 [pool-77-thread-1] INFO  storage.RaftStorageDirectory (RaftStorageDirectory.java:analyzeStorage(246)) - The storage directory /workdir/hadoop-ozone/integration-test/target/test-dir/MiniOzoneClusterImpl-8bc0b1d6-fcdc-4049-850d-8c31e36a20db/datanode-5/data/ratis/5589feec-2154-432e-85dc-ef0bd26dd41e does not exist. Creating ...
2019-09-11 19:03:52,187 [pool-47-thread-1] INFO  storage.RaftStorageDirectory (RaftStorageDirectory.java:tryLock(328)) - Lock on /workdir/hadoop-ozone/integration-test/target/test-dir/MiniOzoneClusterImpl-8bc0b1d6-fcdc-4049-850d-8c31e36a20db/datanode-2/data/ratis/5589feec-2154-432e-85dc-ef0bd26dd41e/in_use.lock acquired by nodename 9145@pr-hdds-1786-trunk-xjsf7-3704618034
2019-09-11 19:03:52,187 [pool-77-thread-1] INFO  storage.RaftStorageDirectory (RaftStorageDirectory.java:tryLock(328)) - Lock on /workdir/hadoop-ozone/integration-test/target/test-dir/MiniOzoneClusterImpl-8bc0b1d6-fcdc-4049-850d-8c31e36a20db/datanode-5/data/ratis/5589feec-2154-432e-85dc-ef0bd26dd41e/in_use.lock acquired by nodename 9145@pr-hdds-1786-trunk-xjsf7-3704618034
2019-09-11 19:03:52,187 [pool-67-thread-1] INFO  storage.RaftStorageDirectory (RaftStorageDirectory.java:tryLock(328)) - Lock on /workdir/hadoop-ozone/integration-test/target/test-dir/MiniOzoneClusterImpl-8bc0b1d6-fcdc-4049-850d-8c31e36a20db/datanode-4/data/ratis/5589feec-2154-432e-85dc-ef0bd26dd41e/in_use.lock acquired by nodename 9145@pr-hdds-1786-trunk-xjsf7-3704618034
2019-09-11 19:03:52,210 [pool-77-thread-1] INFO  storage.RaftStorage (RaftStorage.java:format(72)) - Storage directory /workdir/hadoop-ozone/integration-test/target/test-dir/MiniOzoneClusterImpl-8bc0b1d6-fcdc-4049-850d-8c31e36a20db/datanode-5/data/ratis/5589feec-2154-432e-85dc-ef0bd26dd41e has been successfully formatted.
2019-09-11 19:03:52,210 [pool-67-thread-1] INFO  storage.RaftStorage (RaftStorage.java:format(72)) - Storage directory /workdir/hadoop-ozone/integration-test/target/test-dir/MiniOzoneClusterImpl-8bc0b1d6-fcdc-4049-850d-8c31e36a20db/datanode-4/data/ratis/5589feec-2154-432e-85dc-ef0bd26dd41e has been successfully formatted.
2019-09-11 19:03:52,210 [pool-47-thread-1] INFO  storage.RaftStorage (RaftStorage.java:format(72)) - Storage directory /workdir/hadoop-ozone/integration-test/target/test-dir/MiniOzoneClusterImpl-8bc0b1d6-fcdc-4049-850d-8c31e36a20db/datanode-2/data/ratis/5589feec-2154-432e-85dc-ef0bd26dd41e has been successfully formatted.
2019-09-11 19:03:52,211 [pool-77-thread-1] INFO  ratis.ContainerStateMachine (ContainerStateMachine.java:loadSnapshot(230)) - group-EF0BD26DD41E: The snapshot info is null. Setting the last applied indexto:(t:0, i:~)
2019-09-11 19:03:52,211 [pool-47-thread-1] INFO  ratis.ContainerStateMachine (ContainerStateMachine.java:loadSnapshot(230)) - group-EF0BD26DD41E: The snapshot info is null. Setting the last applied indexto:(t:0, i:~)
2019-09-11 19:03:52,211 [pool-67-thread-1] INFO  ratis.ContainerStateMachine (ContainerStateMachine.java:loadSnapshot(230)) - group-EF0BD26DD41E: The snapshot info is null. Setting the last applied indexto:(t:0, i:~)
2019-09-11 19:03:52,211 [pool-47-thread-1] INFO  server.RaftServerConfigKeys (ConfUtils.java:logGet(43)) - raft.server.notification.no-leader.timeout = 120s (custom)
2019-09-11 19:03:52,211 [pool-77-thread-1] INFO  server.RaftServerConfigKeys (ConfUtils.java:logGet(43)) - raft.server.notification.no-leader.timeout = 120s (custom)
2019-09-11 19:03:52,212 [pool-47-thread-1] INFO  server.RaftServerConfigKeys (ConfUtils.java:logGet(43)) - raft.server.log.use.memory = false (default)
2019-09-11 19:03:52,212 [pool-67-thread-1] INFO  server.RaftServerConfigKeys (ConfUtils.java:logGet(43)) - raft.server.notification.no-leader.timeout = 120s (custom)
2019-09-11 19:03:52,212 [pool-47-thread-1] INFO  server.RaftServerConfigKeys (ConfUtils.java:logGet(43)) - raft.server.log.purge.gap = 1000000 (custom)
2019-09-11 19:03:52,212 [pool-77-thread-1] INFO  server.RaftServerConfigKeys (ConfUtils.java:logGet(43)) - raft.server.log.use.memory = false (default)
2019-09-11 19:03:52,212 [pool-47-thread-1] INFO  server.RaftServerConfigKeys (ConfUtils.java:logGet(43)) - raft.server.log.appender.buffer.byte-limit = 33554432 (custom)
2019-09-11 19:03:52,212 [pool-67-thread-1] INFO  server.RaftServerConfigKeys (ConfUtils.java:logGet(43)) - raft.server.log.use.memory = false (default)
2019-09-11 19:03:52,213 [pool-47-thread-1] INFO  server.RaftServerConfigKeys (ConfUtils.java:logGet(43)) - raft.server.log.segment.size.max = 1048576 (custom)
2019-09-11 19:03:52,213 [pool-77-thread-1] INFO  server.RaftServerConfigKeys (ConfUtils.java:logGet(43)) - raft.server.log.purge.gap = 1000000 (custom)
2019-09-11 19:03:52,213 [pool-47-thread-1] INFO  server.RaftServerConfigKeys (ConfUtils.java:logGet(43)) - raft.server.log.segment.cache.num.max = 2 (custom)
2019-09-11 19:03:52,213 [pool-67-thread-1] INFO  server.RaftServerConfigKeys (ConfUtils.java:logGet(43)) - raft.server.log.purge.gap = 1000000 (custom)
2019-09-11 19:03:52,213 [pool-47-thread-1] INFO  segmented.SegmentedRaftLogWorker (SegmentedRaftLogWorker.java:<init>(172)) - new b0d4f042-2fdd-43c4-bade-ce7ad6576109@group-EF0BD26DD41E-SegmentedRaftLogWorker for RaftStorage:Storage Directory /workdir/hadoop-ozone/integration-test/target/test-dir/MiniOzoneClusterImpl-8bc0b1d6-fcdc-4049-850d-8c31e36a20db/datanode-2/data/ratis/5589feec-2154-432e-85dc-ef0bd26dd41e
2019-09-11 19:03:52,213 [pool-77-thread-1] INFO  server.RaftServerConfigKeys (ConfUtils.java:logGet(43)) - raft.server.log.appender.buffer.byte-limit = 33554432 (custom)
2019-09-11 19:03:52,214 [pool-47-thread-1] INFO  server.RaftServerConfigKeys (ConfUtils.java:logGet(43)) - raft.server.log.queue.byte-limit = 2147483647 (custom)
2019-09-11 19:03:52,214 [pool-67-thread-1] INFO  server.RaftServerConfigKeys (ConfUtils.java:logGet(43)) - raft.server.log.appender.buffer.byte-limit = 33554432 (custom)
2019-09-11 19:03:52,214 [pool-47-thread-1] INFO  server.RaftServerConfigKeys (ConfUtils.java:logGet(43)) - raft.server.log.queue.element-limit = 1024 (custom)
2019-09-11 19:03:52,214 [pool-77-thread-1] INFO  server.RaftServerConfigKeys (ConfUtils.java:logGet(43)) - raft.server.log.segment.size.max = 1048576 (custom)
2019-09-11 19:03:52,215 [pool-47-thread-1] INFO  server.RaftServerConfigKeys (ConfUtils.java:logGet(43)) - raft.server.log.segment.size.max = 1048576 (custom)
2019-09-11 19:03:52,214 [pool-67-thread-1] INFO  server.RaftServerConfigKeys (ConfUtils.java:logGet(43)) - raft.server.log.segment.size.max = 1048576 (custom)
2019-09-11 19:03:52,215 [pool-47-thread-1] INFO  server.RaftServerConfigKeys (ConfUtils.java:logGet(43)) - raft.server.log.preallocated.size = 16384 (custom)
2019-09-11 19:03:52,215 [pool-77-thread-1] INFO  server.RaftServerConfigKeys (ConfUtils.java:logGet(43)) - raft.server.log.segment.cache.num.max = 2 (custom)
2019-09-11 19:03:52,215 [pool-47-thread-1] INFO  server.RaftServerConfigKeys (ConfUtils.java:logGet(43)) - raft.server.log.write.buffer.size = 33554432 (custom)
2019-09-11 19:03:52,215 [pool-67-thread-1] INFO  server.RaftServerConfigKeys (ConfUtils.java:logGet(43)) - raft.server.log.segment.cache.num.max = 2 (custom)
2019-09-11 19:03:52,215 [pool-47-thread-1] INFO  server.RaftServerConfigKeys (ConfUtils.java:logGet(43)) - raft.server.log.force.sync.num = 128 (default)
2019-09-11 19:03:52,215 [pool-77-thread-1] INFO  segmented.SegmentedRaftLogWorker (SegmentedRaftLogWorker.java:<init>(172)) - new 317be899-a5e7-4874-8b34-173a53939308@group-EF0BD26DD41E-SegmentedRaftLogWorker for RaftStorage:Storage Directory /workdir/hadoop-ozone/integration-test/target/test-dir/MiniOzoneClusterImpl-8bc0b1d6-fcdc-4049-850d-8c31e36a20db/datanode-5/data/ratis/5589feec-2154-432e-85dc-ef0bd26dd41e
2019-09-11 19:03:52,216 [pool-47-thread-1] INFO  server.RaftServerConfigKeys (ConfUtils.java:logGet(43)) - raft.server.log.statemachine.data.sync = true (default)
2019-09-11 19:03:52,216 [pool-67-thread-1] INFO  segmented.SegmentedRaftLogWorker (SegmentedRaftLogWorker.java:<init>(172)) - new d1e1b199-a92a-4c37-98e7-20a84e9cbec2@group-EF0BD26DD41E-SegmentedRaftLogWorker for RaftStorage:Storage Directory /workdir/hadoop-ozone/integration-test/target/test-dir/MiniOzoneClusterImpl-8bc0b1d6-fcdc-4049-850d-8c31e36a20db/datanode-4/data/ratis/5589feec-2154-432e-85dc-ef0bd26dd41e
2019-09-11 19:03:52,216 [pool-47-thread-1] INFO  server.RaftServerConfigKeys (ConfUtils.java:logGet(43)) - raft.server.log.statemachine.data.sync.timeout = 10s (default)
2019-09-11 19:03:52,216 [pool-77-thread-1] INFO  server.RaftServerConfigKeys (ConfUtils.java:logGet(43)) - raft.server.log.queue.byte-limit = 2147483647 (custom)
2019-09-11 19:03:52,216 [pool-47-thread-1] INFO  server.RaftServerConfigKeys (ConfUtils.java:logGet(43)) - raft.server.log.statemachine.data.sync.timeout.retry = -1 (default)
2019-09-11 19:03:52,216 [pool-67-thread-1] INFO  server.RaftServerConfigKeys (ConfUtils.java:logGet(43)) - raft.server.log.queue.byte-limit = 2147483647 (custom)
2019-09-11 19:03:52,217 [pool-47-thread-1] INFO  server.RaftServerConfigKeys (ConfUtils.java:logGet(43)) - raft.server.log.statemachine.data.caching.enabled = true (custom)
2019-09-11 19:03:52,217 [pool-77-thread-1] INFO  server.RaftServerConfigKeys (ConfUtils.java:logGet(43)) - raft.server.log.queue.element-limit = 1024 (custom)
2019-09-11 19:03:52,217 [pool-67-thread-1] INFO  server.RaftServerConfigKeys (ConfUtils.java:logGet(43)) - raft.server.log.queue.element-limit = 1024 (custom)
2019-09-11 19:03:52,217 [pool-77-thread-1] INFO  server.RaftServerConfigKeys (ConfUtils.java:logGet(43)) - raft.server.log.segment.size.max = 1048576 (custom)
2019-09-11 19:03:52,217 [pool-47-thread-1] INFO  segmented.SegmentedRaftLogWorker (SegmentedRaftLogWorker.java:lambda$new$0(132)) - b0d4f042-2fdd-43c4-bade-ce7ad6576109@group-EF0BD26DD41E-SegmentedRaftLogWorker: flushIndex: setUnconditionally 0 -> -1
2019-09-11 19:03:52,218 [pool-77-thread-1] INFO  server.RaftServerConfigKeys (ConfUtils.java:logGet(43)) - raft.server.log.preallocated.size = 16384 (custom)
2019-09-11 19:03:52,218 [pool-77-thread-1] INFO  server.RaftServerConfigKeys (ConfUtils.java:logGet(43)) - raft.server.log.write.buffer.size = 33554432 (custom)
2019-09-11 19:03:52,218 [pool-67-thread-1] INFO  server.RaftServerConfigKeys (ConfUtils.java:logGet(43)) - raft.server.log.segment.size.max = 1048576 (custom)
2019-09-11 19:03:52,218 [pool-77-thread-1] INFO  server.RaftServerConfigKeys (ConfUtils.java:logGet(43)) - raft.server.log.force.sync.num = 128 (default)
2019-09-11 19:03:52,218 [pool-47-thread-1] INFO  server.RaftServerConfigKeys (ConfUtils.java:logGet(43)) - raft.server.snapshot.auto.trigger.enabled = true (custom)
2019-09-11 19:03:52,219 [pool-77-thread-1] INFO  server.RaftServerConfigKeys (ConfUtils.java:logGet(43)) - raft.server.log.statemachine.data.sync = true (default)
2019-09-11 19:03:52,219 [pool-67-thread-1] INFO  server.RaftServerConfigKeys (ConfUtils.java:logGet(43)) - raft.server.log.preallocated.size = 16384 (custom)
2019-09-11 19:03:52,219 [pool-77-thread-1] INFO  server.RaftServerConfigKeys (ConfUtils.java:logGet(43)) - raft.server.log.statemachine.data.sync.timeout = 10s (default)
2019-09-11 19:03:52,219 [pool-47-thread-1] INFO  server.RaftServerConfigKeys (ConfUtils.java:logGet(43)) - raft.server.snapshot.auto.trigger.threshold = 10000 (custom)
2019-09-11 19:03:52,219 [pool-77-thread-1] INFO  server.RaftServerConfigKeys (ConfUtils.java:logGet(43)) - raft.server.log.statemachine.data.sync.timeout.retry = -1 (default)
2019-09-11 19:03:52,219 [pool-67-thread-1] INFO  server.RaftServerConfigKeys (ConfUtils.java:logGet(43)) - raft.server.log.write.buffer.size = 33554432 (custom)
2019-09-11 19:03:52,220 [pool-77-thread-1] INFO  server.RaftServerConfigKeys (ConfUtils.java:logGet(43)) - raft.server.log.statemachine.data.caching.enabled = true (custom)
2019-09-11 19:03:52,220 [pool-47-thread-1] INFO  server.RaftServerConfigKeys (ConfUtils.java:logGet(43)) - raft.server.snapshot.retention.num.files = 5 (custom)
2019-09-11 19:03:52,220 [pool-67-thread-1] INFO  server.RaftServerConfigKeys (ConfUtils.java:logGet(43)) - raft.server.log.force.sync.num = 128 (default)
2019-09-11 19:03:52,220 [pool-47-thread-1] INFO  server.RaftServerConfigKeys (ConfUtils.java:logGet(43)) - raft.server.retrycache.expirytime = 600000ms (custom)
2019-09-11 19:03:52,220 [pool-77-thread-1] INFO  segmented.SegmentedRaftLogWorker (SegmentedRaftLogWorker.java:lambda$new$0(132)) - 317be899-a5e7-4874-8b34-173a53939308@group-EF0BD26DD41E-SegmentedRaftLogWorker: flushIndex: setUnconditionally 0 -> -1
2019-09-11 19:03:52,221 [pool-67-thread-1] INFO  server.RaftServerConfigKeys (ConfUtils.java:logGet(43)) - raft.server.log.statemachine.data.sync = true (default)
2019-09-11 19:03:52,221 [pool-77-thread-1] INFO  server.RaftServerConfigKeys (ConfUtils.java:logGet(43)) - raft.server.snapshot.auto.trigger.enabled = true (custom)
2019-09-11 19:03:52,221 [pool-67-thread-1] INFO  server.RaftServerConfigKeys (ConfUtils.java:logGet(43)) - raft.server.log.statemachine.data.sync.timeout = 10s (default)
2019-09-11 19:03:52,221 [pool-77-thread-1] INFO  server.RaftServerConfigKeys (ConfUtils.java:logGet(43)) - raft.server.snapshot.auto.trigger.threshold = 10000 (custom)
2019-09-11 19:03:52,222 [pool-67-thread-1] INFO  server.RaftServerConfigKeys (ConfUtils.java:logGet(43)) - raft.server.log.statemachine.data.sync.timeout.retry = -1 (default)
2019-09-11 19:03:52,222 [pool-77-thread-1] INFO  server.RaftServerConfigKeys (ConfUtils.java:logGet(43)) - raft.server.snapshot.retention.num.files = 5 (custom)
2019-09-11 19:03:52,222 [pool-67-thread-1] INFO  server.RaftServerConfigKeys (ConfUtils.java:logGet(43)) - raft.server.log.statemachine.data.caching.enabled = true (custom)
2019-09-11 19:03:52,222 [pool-77-thread-1] INFO  server.RaftServerConfigKeys (ConfUtils.java:logGet(43)) - raft.server.retrycache.expirytime = 600000ms (custom)
2019-09-11 19:03:52,222 [pool-67-thread-1] INFO  segmented.SegmentedRaftLogWorker (SegmentedRaftLogWorker.java:lambda$new$0(132)) - d1e1b199-a92a-4c37-98e7-20a84e9cbec2@group-EF0BD26DD41E-SegmentedRaftLogWorker: flushIndex: setUnconditionally 0 -> -1
2019-09-11 19:03:52,223 [pool-67-thread-1] INFO  server.RaftServerConfigKeys (ConfUtils.java:logGet(43)) - raft.server.snapshot.auto.trigger.enabled = true (custom)
2019-09-11 19:03:52,223 [pool-67-thread-1] INFO  server.RaftServerConfigKeys (ConfUtils.java:logGet(43)) - raft.server.snapshot.auto.trigger.threshold = 10000 (custom)
2019-09-11 19:03:52,223 [pool-67-thread-1] INFO  server.RaftServerConfigKeys (ConfUtils.java:logGet(43)) - raft.server.snapshot.retention.num.files = 5 (custom)
2019-09-11 19:03:52,223 [pool-67-thread-1] INFO  server.RaftServerConfigKeys (ConfUtils.java:logGet(43)) - raft.server.retrycache.expirytime = 600000ms (custom)
2019-09-11 19:03:52,225 [pool-47-thread-1] INFO  impl.RaftServerImpl (RaftServerImpl.java:start(185)) - b0d4f042-2fdd-43c4-bade-ce7ad6576109@group-EF0BD26DD41E: start as a follower, conf=-1: [317be899-a5e7-4874-8b34-173a53939308:192.168.5.143:42053, d1e1b199-a92a-4c37-98e7-20a84e9cbec2:192.168.5.143:35615, b0d4f042-2fdd-43c4-bade-ce7ad6576109:192.168.5.143:42232], old=null
2019-09-11 19:03:52,226 [pool-47-thread-1] INFO  impl.RaftServerImpl (RaftServerImpl.java:setRole(174)) - b0d4f042-2fdd-43c4-bade-ce7ad6576109@group-EF0BD26DD41E: changes role from      null to FOLLOWER at term 0 for startAsFollower
2019-09-11 19:03:52,226 [pool-47-thread-1] INFO  impl.RoleInfo (RoleInfo.java:updateAndGet(143)) - b0d4f042-2fdd-43c4-bade-ce7ad6576109: start FollowerState
2019-09-11 19:03:52,226 [pool-47-thread-1] INFO  util.JmxRegister (JmxRegister.java:tryRegister(44)) - Successfully registered JMX Bean with object name Ratis:service=RaftServer,group=group-EF0BD26DD41E,id=b0d4f042-2fdd-43c4-bade-ce7ad6576109
2019-09-11 19:03:52,227 [pool-77-thread-1] INFO  impl.RaftServerImpl (RaftServerImpl.java:start(185)) - 317be899-a5e7-4874-8b34-173a53939308@group-EF0BD26DD41E: start as a follower, conf=-1: [317be899-a5e7-4874-8b34-173a53939308:192.168.5.143:42053, d1e1b199-a92a-4c37-98e7-20a84e9cbec2:192.168.5.143:35615, b0d4f042-2fdd-43c4-bade-ce7ad6576109:192.168.5.143:42232], old=null
2019-09-11 19:03:52,227 [pool-77-thread-1] INFO  impl.RaftServerImpl (RaftServerImpl.java:setRole(174)) - 317be899-a5e7-4874-8b34-173a53939308@group-EF0BD26DD41E: changes role from      null to FOLLOWER at term 0 for startAsFollower
2019-09-11 19:03:52,227 [pool-77-thread-1] INFO  impl.RoleInfo (RoleInfo.java:updateAndGet(143)) - 317be899-a5e7-4874-8b34-173a53939308: start FollowerState
2019-09-11 19:03:52,228 [pool-67-thread-1] INFO  impl.RaftServerImpl (RaftServerImpl.java:start(185)) - d1e1b199-a92a-4c37-98e7-20a84e9cbec2@group-EF0BD26DD41E: start as a follower, conf=-1: [317be899-a5e7-4874-8b34-173a53939308:192.168.5.143:42053, d1e1b199-a92a-4c37-98e7-20a84e9cbec2:192.168.5.143:35615, b0d4f042-2fdd-43c4-bade-ce7ad6576109:192.168.5.143:42232], old=null
2019-09-11 19:03:52,228 [pool-67-thread-1] INFO  impl.RaftServerImpl (RaftServerImpl.java:setRole(174)) - d1e1b199-a92a-4c37-98e7-20a84e9cbec2@group-EF0BD26DD41E: changes role from      null to FOLLOWER at term 0 for startAsFollower
2019-09-11 19:03:52,228 [pool-77-thread-1] INFO  util.JmxRegister (JmxRegister.java:tryRegister(44)) - Successfully registered JMX Bean with object name Ratis:service=RaftServer,group=group-EF0BD26DD41E,id=317be899-a5e7-4874-8b34-173a53939308
2019-09-11 19:03:52,228 [pool-67-thread-1] INFO  impl.RoleInfo (RoleInfo.java:updateAndGet(143)) - d1e1b199-a92a-4c37-98e7-20a84e9cbec2: start FollowerState
2019-09-11 19:03:52,229 [pool-67-thread-1] INFO  util.JmxRegister (JmxRegister.java:tryRegister(44)) - Successfully registered JMX Bean with object name Ratis:service=RaftServer,group=group-EF0BD26DD41E,id=d1e1b199-a92a-4c37-98e7-20a84e9cbec2
2019-09-11 19:03:52,231 [RatisPipelineUtilsThread] INFO  pipeline.PipelineStateManager (PipelineStateManager.java:addPipeline(56)) - Created pipeline Pipeline[ Id: 5589feec-2154-432e-85dc-ef0bd26dd41e, Nodes: d1e1b199-a92a-4c37-98e7-20a84e9cbec2{ip: 192.168.5.143, host: pr-hdds-1786-trunk-xjsf7-3704618034, networkLocation: /default-rack, certSerialId: null}317be899-a5e7-4874-8b34-173a53939308{ip: 192.168.5.143, host: pr-hdds-1786-trunk-xjsf7-3704618034, networkLocation: /default-rack, certSerialId: null}b0d4f042-2fdd-43c4-bade-ce7ad6576109{ip: 192.168.5.143, host: pr-hdds-1786-trunk-xjsf7-3704618034, networkLocation: /default-rack, certSerialId: null}, Type:RATIS, Factor:THREE, State:OPEN]
2019-09-11 19:03:52,751 [grpc-default-executor-5] INFO  client.GrpcClientProtocolClient (GrpcClientProtocolClient.java:onNext(264)) - client-AC8CE528086A->b0d4f042-2fdd-43c4-bade-ce7ad6576109: receive RaftClientReply:client-AC8CE528086A->b0d4f042-2fdd-43c4-bade-ce7ad6576109@group-0BBEB04936B1, cid=42, FAILED org.apache.ratis.protocol.NotLeaderException: Server b0d4f042-2fdd-43c4-bade-ce7ad6576109@group-0BBEB04936B1 is not the leader 317be899-a5e7-4874-8b34-173a53939308:192.168.5.143:42053, logIndex=0, commits[b0d4f042-2fdd-43c4-bade-ce7ad6576109:c6, 317be899-a5e7-4874-8b34-173a53939308:c6, d1e1b199-a92a-4c37-98e7-20a84e9cbec2:c4]
2019-09-11 19:03:53,602 [org.apache.ratis.server.impl.LogAppender$AppenderDaemon$$Lambda$497/214039350@2ab5298e] ERROR ratis.XceiverServerRatis (XceiverServerRatis.java:triggerPipelineClose(575)) - pipeline Action CLOSE  on pipeline PipelineID=f4acf43d-e397-454f-bb1f-0bbeb04936b1.Reason : 317be899-a5e7-4874-8b34-173a53939308 has not seen follower/s d1e1b199-a92a-4c37-98e7-20a84e9cbec2 for 162387ms b0d4f042-2fdd-43c4-bade-ce7ad6576109 for 162387ms
2019-09-11 19:03:53,603 [org.apache.ratis.server.impl.LogAppender$AppenderDaemon$$Lambda$497/214039350@75b65111] ERROR ratis.XceiverServerRatis (XceiverServerRatis.java:triggerPipelineClose(575)) - pipeline Action CLOSE  on pipeline PipelineID=f4acf43d-e397-454f-bb1f-0bbeb04936b1.Reason : 317be899-a5e7-4874-8b34-173a53939308 has not seen follower/s d1e1b199-a92a-4c37-98e7-20a84e9cbec2 for 162387ms b0d4f042-2fdd-43c4-bade-ce7ad6576109 for 162387ms
2019-09-11 19:03:54,102 [java.util.concurrent.ThreadPoolExecutor$Worker@20491363[State = -1, empty queue]] WARN  server.GrpcLogAppender (GrpcLogAppender.java:timeoutAppendRequest(200)) - 317be899-a5e7-4874-8b34-173a53939308@group-0BBEB04936B1->b0d4f042-2fdd-43c4-bade-ce7ad6576109-GrpcLogAppender: appendEntries Timeout, request=317be899-a5e7-4874-8b34-173a53939308->b0d4f042-2fdd-43c4-bade-ce7ad6576109#77-t1, previous=(t:1, i:13), leaderCommit=6, initializing? false, entries: <empty>
2019-09-11 19:03:54,102 [java.util.concurrent.ThreadPoolExecutor$Worker@7266fed5[State = -1, empty queue]] WARN  server.GrpcLogAppender (GrpcLogAppender.java:timeoutAppendRequest(200)) - 317be899-a5e7-4874-8b34-173a53939308@group-0BBEB04936B1->d1e1b199-a92a-4c37-98e7-20a84e9cbec2-GrpcLogAppender: appendEntries Timeout, request=317be899-a5e7-4874-8b34-173a53939308->d1e1b199-a92a-4c37-98e7-20a84e9cbec2#77-t1, previous=(t:1, i:13), leaderCommit=6, initializing? false, entries: <empty>
2019-09-11 19:03:54,596 [EventQueue-PipelineActionsForPipelineActionHandler] ERROR pipeline.PipelineActionHandler (PipelineActionHandler.java:onMessage(60)) - Received pipeline action CLOSE for Pipeline[ Id: f4acf43d-e397-454f-bb1f-0bbeb04936b1, Nodes: d1e1b199-a92a-4c37-98e7-20a84e9cbec2{ip: 192.168.5.143, host: pr-hdds-1786-trunk-xjsf7-3704618034, networkLocation: /default-rack, certSerialId: null}317be899-a5e7-4874-8b34-173a53939308{ip: 192.168.5.143, host: pr-hdds-1786-trunk-xjsf7-3704618034, networkLocation: /default-rack, certSerialId: null}b0d4f042-2fdd-43c4-bade-ce7ad6576109{ip: 192.168.5.143, host: pr-hdds-1786-trunk-xjsf7-3704618034, networkLocation: /default-rack, certSerialId: null}, Type:RATIS, Factor:THREE, State:CLOSED] from datanode 317be899-a5e7-4874-8b34-173a53939308{ip: 192.168.5.143, host: pr-hdds-1786-trunk-xjsf7-3704618034, networkLocation: /default-rack, certSerialId: null}. Reason : 317be899-a5e7-4874-8b34-173a53939308 has not seen follower/s d1e1b199-a92a-4c37-98e7-20a84e9cbec2 for 162387ms b0d4f042-2fdd-43c4-bade-ce7ad6576109 for 162387ms
2019-09-11 19:03:54,596 [EventQueue-PipelineActionsForPipelineActionHandler] INFO  pipeline.SCMPipelineManager (SCMPipelineManager.java:finalizeAndDestroyPipeline(311)) - destroying pipeline:Pipeline[ Id: f4acf43d-e397-454f-bb1f-0bbeb04936b1, Nodes: d1e1b199-a92a-4c37-98e7-20a84e9cbec2{ip: 192.168.5.143, host: pr-hdds-1786-trunk-xjsf7-3704618034, networkLocation: /default-rack, certSerialId: null}317be899-a5e7-4874-8b34-173a53939308{ip: 192.168.5.143, host: pr-hdds-1786-trunk-xjsf7-3704618034, networkLocation: /default-rack, certSerialId: null}b0d4f042-2fdd-43c4-bade-ce7ad6576109{ip: 192.168.5.143, host: pr-hdds-1786-trunk-xjsf7-3704618034, networkLocation: /default-rack, certSerialId: null}, Type:RATIS, Factor:THREE, State:CLOSED]
2019-09-11 19:03:56,103 [org.apache.ratis.server.impl.LogAppender$AppenderDaemon$$Lambda$497/214039350@2ab5298e] ERROR ratis.XceiverServerRatis (XceiverServerRatis.java:triggerPipelineClose(575)) - pipeline Action CLOSE  on pipeline PipelineID=f4acf43d-e397-454f-bb1f-0bbeb04936b1.Reason : 317be899-a5e7-4874-8b34-173a53939308 has not seen follower/s d1e1b199-a92a-4c37-98e7-20a84e9cbec2 for 164887ms b0d4f042-2fdd-43c4-bade-ce7ad6576109 for 164887ms
2019-09-11 19:03:56,103 [org.apache.ratis.server.impl.LogAppender$AppenderDaemon$$Lambda$497/214039350@75b65111] ERROR ratis.XceiverServerRatis (XceiverServerRatis.java:triggerPipelineClose(575)) - pipeline Action CLOSE  on pipeline PipelineID=f4acf43d-e397-454f-bb1f-0bbeb04936b1.Reason : 317be899-a5e7-4874-8b34-173a53939308 has not seen follower/s d1e1b199-a92a-4c37-98e7-20a84e9cbec2 for 164888ms b0d4f042-2fdd-43c4-bade-ce7ad6576109 for 164888ms
2019-09-11 19:03:56,597 [EventQueue-PipelineActionsForPipelineActionHandler] ERROR pipeline.PipelineActionHandler (PipelineActionHandler.java:onMessage(60)) - Received pipeline action CLOSE for Pipeline[ Id: f4acf43d-e397-454f-bb1f-0bbeb04936b1, Nodes: d1e1b199-a92a-4c37-98e7-20a84e9cbec2{ip: 192.168.5.143, host: pr-hdds-1786-trunk-xjsf7-3704618034, networkLocation: /default-rack, certSerialId: null}317be899-a5e7-4874-8b34-173a53939308{ip: 192.168.5.143, host: pr-hdds-1786-trunk-xjsf7-3704618034, networkLocation: /default-rack, certSerialId: null}b0d4f042-2fdd-43c4-bade-ce7ad6576109{ip: 192.168.5.143, host: pr-hdds-1786-trunk-xjsf7-3704618034, networkLocation: /default-rack, certSerialId: null}, Type:RATIS, Factor:THREE, State:CLOSED] from datanode 317be899-a5e7-4874-8b34-173a53939308{ip: 192.168.5.143, host: pr-hdds-1786-trunk-xjsf7-3704618034, networkLocation: /default-rack, certSerialId: null}. Reason : 317be899-a5e7-4874-8b34-173a53939308 has not seen follower/s d1e1b199-a92a-4c37-98e7-20a84e9cbec2 for 164887ms b0d4f042-2fdd-43c4-bade-ce7ad6576109 for 164887ms
2019-09-11 19:03:56,597 [EventQueue-PipelineActionsForPipelineActionHandler] INFO  pipeline.SCMPipelineManager (SCMPipelineManager.java:finalizeAndDestroyPipeline(311)) - destroying pipeline:Pipeline[ Id: f4acf43d-e397-454f-bb1f-0bbeb04936b1, Nodes: d1e1b199-a92a-4c37-98e7-20a84e9cbec2{ip: 192.168.5.143, host: pr-hdds-1786-trunk-xjsf7-3704618034, networkLocation: /default-rack, certSerialId: null}317be899-a5e7-4874-8b34-173a53939308{ip: 192.168.5.143, host: pr-hdds-1786-trunk-xjsf7-3704618034, networkLocation: /default-rack, certSerialId: null}b0d4f042-2fdd-43c4-bade-ce7ad6576109{ip: 192.168.5.143, host: pr-hdds-1786-trunk-xjsf7-3704618034, networkLocation: /default-rack, certSerialId: null}, Type:RATIS, Factor:THREE, State:CLOSED]
2019-09-11 19:03:56,602 [java.util.concurrent.ThreadPoolExecutor$Worker@20491363[State = -1, empty queue]] WARN  server.GrpcLogAppender (GrpcLogAppender.java:timeoutAppendRequest(200)) - 317be899-a5e7-4874-8b34-173a53939308@group-0BBEB04936B1->b0d4f042-2fdd-43c4-bade-ce7ad6576109-GrpcLogAppender: appendEntries Timeout, request=317be899-a5e7-4874-8b34-173a53939308->b0d4f042-2fdd-43c4-bade-ce7ad6576109#78-t1, previous=(t:1, i:13), leaderCommit=6, initializing? false, entries: <empty>
2019-09-11 19:03:56,603 [java.util.concurrent.ThreadPoolExecutor$Worker@7266fed5[State = -1, empty queue]] WARN  server.GrpcLogAppender (GrpcLogAppender.java:timeoutAppendRequest(200)) - 317be899-a5e7-4874-8b34-173a53939308@group-0BBEB04936B1->d1e1b199-a92a-4c37-98e7-20a84e9cbec2-GrpcLogAppender: appendEntries Timeout, request=317be899-a5e7-4874-8b34-173a53939308->d1e1b199-a92a-4c37-98e7-20a84e9cbec2#78-t1, previous=(t:1, i:13), leaderCommit=6, initializing? false, entries: <empty>
2019-09-11 19:03:57,306 [Thread-1355] INFO  impl.FollowerState (FollowerState.java:run(106)) - b0d4f042-2fdd-43c4-bade-ce7ad6576109:group-EF0BD26DD41E changes to CANDIDATE, lastRpcTime:5080, electionTimeout:5080ms
2019-09-11 19:03:57,307 [Thread-1355] INFO  impl.RoleInfo (RoleInfo.java:shutdownFollowerState(121)) - b0d4f042-2fdd-43c4-bade-ce7ad6576109: shutdown FollowerState
2019-09-11 19:03:57,307 [Thread-1355] INFO  impl.RaftServerImpl (RaftServerImpl.java:setRole(174)) - b0d4f042-2fdd-43c4-bade-ce7ad6576109@group-EF0BD26DD41E: changes role from  FOLLOWER to CANDIDATE at term 0 for changeToCandidate
2019-09-11 19:03:57,307 [Thread-1355] INFO  impl.RoleInfo (RoleInfo.java:updateAndGet(143)) - b0d4f042-2fdd-43c4-bade-ce7ad6576109: start LeaderElection
2019-09-11 19:03:57,360 [Thread-1357] INFO  impl.FollowerState (FollowerState.java:run(106)) - 317be899-a5e7-4874-8b34-173a53939308:group-EF0BD26DD41E changes to CANDIDATE, lastRpcTime:5132, electionTimeout:5132ms
2019-09-11 19:03:57,360 [Thread-1357] INFO  impl.RoleInfo (RoleInfo.java:shutdownFollowerState(121)) - 317be899-a5e7-4874-8b34-173a53939308: shutdown FollowerState
2019-09-11 19:03:57,360 [Thread-1357] INFO  impl.RaftServerImpl (RaftServerImpl.java:setRole(174)) - 317be899-a5e7-4874-8b34-173a53939308@group-EF0BD26DD41E: changes role from  FOLLOWER to CANDIDATE at term 0 for changeToCandidate
2019-09-11 19:03:57,361 [Thread-1357] INFO  impl.RoleInfo (RoleInfo.java:updateAndGet(143)) - 317be899-a5e7-4874-8b34-173a53939308: start LeaderElection
2019-09-11 19:03:57,415 [317be899-a5e7-4874-8b34-173a53939308@group-EF0BD26DD41E:LeaderElection14] INFO  impl.LeaderElection (LeaderElection.java:askForVotes(182)) - 317be899-a5e7-4874-8b34-173a53939308@group-EF0BD26DD41E:LeaderElection14: begin an election at term 1 for -1: [317be899-a5e7-4874-8b34-173a53939308:192.168.5.143:42053, d1e1b199-a92a-4c37-98e7-20a84e9cbec2:192.168.5.143:35615, b0d4f042-2fdd-43c4-bade-ce7ad6576109:192.168.5.143:42232], old=null
2019-09-11 19:03:57,415 [b0d4f042-2fdd-43c4-bade-ce7ad6576109@group-EF0BD26DD41E:LeaderElection13] INFO  impl.LeaderElection (LeaderElection.java:askForVotes(182)) - b0d4f042-2fdd-43c4-bade-ce7ad6576109@group-EF0BD26DD41E:LeaderElection13: begin an election at term 1 for -1: [317be899-a5e7-4874-8b34-173a53939308:192.168.5.143:42053, d1e1b199-a92a-4c37-98e7-20a84e9cbec2:192.168.5.143:35615, b0d4f042-2fdd-43c4-bade-ce7ad6576109:192.168.5.143:42232], old=null
2019-09-11 19:03:57,421 [grpc-default-executor-9] INFO  impl.RaftServerImpl (RaftServerImpl.java:setRole(174)) - d1e1b199-a92a-4c37-98e7-20a84e9cbec2@group-EF0BD26DD41E: changes role from  FOLLOWER to FOLLOWER at term 1 for recognizeCandidate:b0d4f042-2fdd-43c4-bade-ce7ad6576109
2019-09-11 19:03:57,421 [grpc-default-executor-9] INFO  impl.RoleInfo (RoleInfo.java:shutdownFollowerState(121)) - d1e1b199-a92a-4c37-98e7-20a84e9cbec2: shutdown FollowerState
2019-09-11 19:03:57,422 [grpc-default-executor-9] INFO  impl.RoleInfo (RoleInfo.java:updateAndGet(143)) - d1e1b199-a92a-4c37-98e7-20a84e9cbec2: start FollowerState
2019-09-11 19:03:57,422 [Thread-1358] INFO  impl.FollowerState (FollowerState.java:run(115)) - d1e1b199-a92a-4c37-98e7-20a84e9cbec2: FollowerState was interrupted: java.lang.InterruptedException: sleep interrupted
2019-09-11 19:03:57,447 [b0d4f042-2fdd-43c4-bade-ce7ad6576109@group-EF0BD26DD41E:LeaderElection13] INFO  impl.LeaderElection (LeaderElection.java:logAndReturn(56)) - b0d4f042-2fdd-43c4-bade-ce7ad6576109@group-EF0BD26DD41E:LeaderElection13: Election PASSED; received 2 response(s) [b0d4f042-2fdd-43c4-bade-ce7ad6576109<-317be899-a5e7-4874-8b34-173a53939308#0:FAIL-t1, b0d4f042-2fdd-43c4-bade-ce7ad6576109<-d1e1b199-a92a-4c37-98e7-20a84e9cbec2#0:OK-t1] and 0 exception(s); b0d4f042-2fdd-43c4-bade-ce7ad6576109@group-EF0BD26DD41E:t1, leader=null, voted=b0d4f042-2fdd-43c4-bade-ce7ad6576109, raftlog=b0d4f042-2fdd-43c4-bade-ce7ad6576109@group-EF0BD26DD41E-SegmentedRaftLog:OPENED:c-1,f-1,i0, conf=-1: [317be899-a5e7-4874-8b34-173a53939308:192.168.5.143:42053, d1e1b199-a92a-4c37-98e7-20a84e9cbec2:192.168.5.143:35615, b0d4f042-2fdd-43c4-bade-ce7ad6576109:192.168.5.143:42232], old=null
2019-09-11 19:03:57,447 [b0d4f042-2fdd-43c4-bade-ce7ad6576109@group-EF0BD26DD41E:LeaderElection13] INFO  impl.RoleInfo (RoleInfo.java:shutdownLeaderElection(134)) - b0d4f042-2fdd-43c4-bade-ce7ad6576109: shutdown LeaderElection
2019-09-11 19:03:57,448 [317be899-a5e7-4874-8b34-173a53939308@group-EF0BD26DD41E:LeaderElection14] INFO  impl.LeaderElection (LeaderElection.java:logAndReturn(56)) - 317be899-a5e7-4874-8b34-173a53939308@group-EF0BD26DD41E:LeaderElection14: Election REJECTED; received 2 response(s) [317be899-a5e7-4874-8b34-173a53939308<-d1e1b199-a92a-4c37-98e7-20a84e9cbec2#0:FAIL-t1, 317be899-a5e7-4874-8b34-173a53939308<-b0d4f042-2fdd-43c4-bade-ce7ad6576109#0:FAIL-t1] and 0 exception(s); 317be899-a5e7-4874-8b34-173a53939308@group-EF0BD26DD41E:t1, leader=null, voted=317be899-a5e7-4874-8b34-173a53939308, raftlog=317be899-a5e7-4874-8b34-173a53939308@group-EF0BD26DD41E-SegmentedRaftLog:OPENED:c-1,f-1,i0, conf=-1: [317be899-a5e7-4874-8b34-173a53939308:192.168.5.143:42053, d1e1b199-a92a-4c37-98e7-20a84e9cbec2:192.168.5.143:35615, b0d4f042-2fdd-43c4-bade-ce7ad6576109:192.168.5.143:42232], old=null
2019-09-11 19:03:57,450 [b0d4f042-2fdd-43c4-bade-ce7ad6576109@group-EF0BD26DD41E:LeaderElection13] INFO  impl.RaftServerImpl (RaftServerImpl.java:setRole(174)) - b0d4f042-2fdd-43c4-bade-ce7ad6576109@group-EF0BD26DD41E: changes role from CANDIDATE to LEADER at term 1 for changeToLeader
2019-09-11 19:03:57,450 [317be899-a5e7-4874-8b34-173a53939308@group-EF0BD26DD41E:LeaderElection14] INFO  impl.RaftServerImpl (RaftServerImpl.java:setRole(174)) - 317be899-a5e7-4874-8b34-173a53939308@group-EF0BD26DD41E: changes role from CANDIDATE to FOLLOWER at term 1 for DISCOVERED_A_NEW_TERM
2019-09-11 19:03:57,453 [b0d4f042-2fdd-43c4-bade-ce7ad6576109@group-EF0BD26DD41E:LeaderElection13] INFO  impl.RaftServerImpl (ServerState.java:setLeader(253)) - b0d4f042-2fdd-43c4-bade-ce7ad6576109@group-EF0BD26DD41E: change Leader from null to b0d4f042-2fdd-43c4-bade-ce7ad6576109 at term 1 for becomeLeader, leader elected after 5241ms
2019-09-11 19:03:57,453 [317be899-a5e7-4874-8b34-173a53939308@group-EF0BD26DD41E:LeaderElection14] INFO  impl.RoleInfo (RoleInfo.java:shutdownLeaderElection(134)) - 317be899-a5e7-4874-8b34-173a53939308: shutdown LeaderElection
2019-09-11 19:03:57,453 [b0d4f042-2fdd-43c4-bade-ce7ad6576109@group-EF0BD26DD41E:LeaderElection13] INFO  server.RaftServerConfigKeys (ConfUtils.java:logGet(43)) - raft.server.staging.catchup.gap = 1000 (default)
2019-09-11 19:03:57,454 [317be899-a5e7-4874-8b34-173a53939308@group-EF0BD26DD41E:LeaderElection14] INFO  impl.RoleInfo (RoleInfo.java:updateAndGet(143)) - 317be899-a5e7-4874-8b34-173a53939308: start FollowerState
2019-09-11 19:03:57,454 [b0d4f042-2fdd-43c4-bade-ce7ad6576109@group-EF0BD26DD41E:LeaderElection13] INFO  server.RaftServerConfigKeys (ConfUtils.java:logGet(43)) - raft.server.rpc.sleep.time = 25ms (default)
2019-09-11 19:03:57,457 [b0d4f042-2fdd-43c4-bade-ce7ad6576109@group-EF0BD26DD41E:LeaderElection13] INFO  server.RaftServerConfigKeys (ConfUtils.java:logGet(43)) - raft.server.write.element-limit = 4096 (default)
2019-09-11 19:03:57,457 [b0d4f042-2fdd-43c4-bade-ce7ad6576109@group-EF0BD26DD41E:LeaderElection13] INFO  server.RaftServerConfigKeys (ConfUtils.java:logGet(43)) - raft.server.watch.timeout = 10s (default)
2019-09-11 19:03:57,457 [b0d4f042-2fdd-43c4-bade-ce7ad6576109@group-EF0BD26DD41E:LeaderElection13] INFO  server.RaftServerConfigKeys (ConfUtils.java:logGet(43)) - raft.server.watch.timeout.denomination = 1s (default)
2019-09-11 19:03:57,457 [b0d4f042-2fdd-43c4-bade-ce7ad6576109@group-EF0BD26DD41E:LeaderElection13] INFO  server.RaftServerConfigKeys (ConfUtils.java:logGet(43)) - raft.server.watch.element-limit = 65536 (default)
2019-09-11 19:03:57,460 [b0d4f042-2fdd-43c4-bade-ce7ad6576109@group-EF0BD26DD41E:LeaderElection13] INFO  server.RaftServerConfigKeys (ConfUtils.java:logGet(43)) - raft.server.log.appender.snapshot.chunk.size.max = 16MB (=16777216) (default)
2019-09-11 19:03:57,460 [b0d4f042-2fdd-43c4-bade-ce7ad6576109@group-EF0BD26DD41E:LeaderElection13] INFO  server.RaftServerConfigKeys (ConfUtils.java:logGet(43)) - raft.server.log.appender.buffer.byte-limit = 33554432 (custom)
2019-09-11 19:03:57,460 [b0d4f042-2fdd-43c4-bade-ce7ad6576109@group-EF0BD26DD41E:LeaderElection13] INFO  server.RaftServerConfigKeys (ConfUtils.java:logGet(43)) - raft.server.log.appender.buffer.element-limit = 1 (custom)
2019-09-11 19:03:57,460 [b0d4f042-2fdd-43c4-bade-ce7ad6576109@group-EF0BD26DD41E:LeaderElection13] INFO  grpc.GrpcConfigKeys$Server (ConfUtils.java:logGet(43)) - raft.grpc.server.leader.outstanding.appends.max = 128 (default)
2019-09-11 19:03:57,461 [b0d4f042-2fdd-43c4-bade-ce7ad6576109@group-EF0BD26DD41E:LeaderElection13] INFO  server.RaftServerConfigKeys (ConfUtils.java:logGet(43)) - raft.server.rpc.request.timeout = 3000ms (default)
2019-09-11 19:03:57,461 [b0d4f042-2fdd-43c4-bade-ce7ad6576109@group-EF0BD26DD41E:LeaderElection13] INFO  server.RaftServerConfigKeys (ConfUtils.java:logGet(43)) - raft.server.log.appender.install.snapshot.enabled = false (custom)
2019-09-11 19:03:57,461 [b0d4f042-2fdd-43c4-bade-ce7ad6576109@group-EF0BD26DD41E:LeaderElection13] INFO  server.RaftServerConfigKeys (ConfUtils.java:logGet(43)) - raft.server.log.appender.snapshot.chunk.size.max = 16MB (=16777216) (default)
2019-09-11 19:03:57,461 [b0d4f042-2fdd-43c4-bade-ce7ad6576109@group-EF0BD26DD41E:LeaderElection13] INFO  server.RaftServerConfigKeys (ConfUtils.java:logGet(43)) - raft.server.log.appender.buffer.byte-limit = 33554432 (custom)
2019-09-11 19:03:57,461 [b0d4f042-2fdd-43c4-bade-ce7ad6576109@group-EF0BD26DD41E:LeaderElection13] INFO  server.RaftServerConfigKeys (ConfUtils.java:logGet(43)) - raft.server.log.appender.buffer.element-limit = 1 (custom)
2019-09-11 19:03:57,462 [b0d4f042-2fdd-43c4-bade-ce7ad6576109@group-EF0BD26DD41E:LeaderElection13] INFO  grpc.GrpcConfigKeys$Server (ConfUtils.java:logGet(43)) - raft.grpc.server.leader.outstanding.appends.max = 128 (default)
2019-09-11 19:03:57,462 [b0d4f042-2fdd-43c4-bade-ce7ad6576109@group-EF0BD26DD41E:LeaderElection13] INFO  server.RaftServerConfigKeys (ConfUtils.java:logGet(43)) - raft.server.rpc.request.timeout = 3000ms (default)
2019-09-11 19:03:57,462 [b0d4f042-2fdd-43c4-bade-ce7ad6576109@group-EF0BD26DD41E:LeaderElection13] INFO  server.RaftServerConfigKeys (ConfUtils.java:logGet(43)) - raft.server.log.appender.install.snapshot.enabled = false (custom)
2019-09-11 19:03:57,462 [b0d4f042-2fdd-43c4-bade-ce7ad6576109@group-EF0BD26DD41E:LeaderElection13] INFO  impl.RoleInfo (RoleInfo.java:updateAndGet(143)) - b0d4f042-2fdd-43c4-bade-ce7ad6576109: start LeaderState
2019-09-11 19:03:57,462 [b0d4f042-2fdd-43c4-bade-ce7ad6576109@group-EF0BD26DD41E:LeaderElection13] INFO  segmented.SegmentedRaftLogWorker (SegmentedRaftLogWorker.java:startLogSegment(380)) - b0d4f042-2fdd-43c4-bade-ce7ad6576109@group-EF0BD26DD41E-SegmentedRaftLogWorker: Starting segment from index:0
2019-09-11 19:03:57,464 [b0d4f042-2fdd-43c4-bade-ce7ad6576109@group-EF0BD26DD41E:LeaderElection13] INFO  impl.RaftServerImpl (ServerState.java:setRaftConf(354)) - b0d4f042-2fdd-43c4-bade-ce7ad6576109@group-EF0BD26DD41E: set configuration 0: [317be899-a5e7-4874-8b34-173a53939308:192.168.5.143:42053, d1e1b199-a92a-4c37-98e7-20a84e9cbec2:192.168.5.143:35615, b0d4f042-2fdd-43c4-bade-ce7ad6576109:192.168.5.143:42232], old=null at 0
2019-09-11 19:03:57,499 [grpc-default-executor-9] INFO  impl.RaftServerImpl (ServerState.java:setLeader(253)) - 317be899-a5e7-4874-8b34-173a53939308@group-EF0BD26DD41E: change Leader from null to b0d4f042-2fdd-43c4-bade-ce7ad6576109 at term 1 for appendEntries, leader elected after 5287ms
2019-09-11 19:03:57,499 [grpc-default-executor-5] INFO  impl.RaftServerImpl (ServerState.java:setLeader(253)) - d1e1b199-a92a-4c37-98e7-20a84e9cbec2@group-EF0BD26DD41E: change Leader from null to b0d4f042-2fdd-43c4-bade-ce7ad6576109 at term 1 for appendEntries, leader elected after 5287ms
2019-09-11 19:03:57,501 [grpc-default-executor-5] INFO  impl.RaftServerImpl (ServerState.java:setRaftConf(354)) - 317be899-a5e7-4874-8b34-173a53939308@group-EF0BD26DD41E: set configuration 0: [317be899-a5e7-4874-8b34-173a53939308:192.168.5.143:42053, d1e1b199-a92a-4c37-98e7-20a84e9cbec2:192.168.5.143:35615, b0d4f042-2fdd-43c4-bade-ce7ad6576109:192.168.5.143:42232], old=null at 0
2019-09-11 19:03:57,502 [grpc-default-executor-5] INFO  segmented.SegmentedRaftLogWorker (SegmentedRaftLogWorker.java:startLogSegment(380)) - 317be899-a5e7-4874-8b34-173a53939308@group-EF0BD26DD41E-SegmentedRaftLogWorker: Starting segment from index:0
2019-09-11 19:03:57,502 [grpc-default-executor-9] INFO  impl.RaftServerImpl (ServerState.java:setRaftConf(354)) - d1e1b199-a92a-4c37-98e7-20a84e9cbec2@group-EF0BD26DD41E: set configuration 0: [317be899-a5e7-4874-8b34-173a53939308:192.168.5.143:42053, d1e1b199-a92a-4c37-98e7-20a84e9cbec2:192.168.5.143:35615, b0d4f042-2fdd-43c4-bade-ce7ad6576109:192.168.5.143:42232], old=null at 0
2019-09-11 19:03:57,502 [grpc-default-executor-9] INFO  segmented.SegmentedRaftLogWorker (SegmentedRaftLogWorker.java:startLogSegment(380)) - d1e1b199-a92a-4c37-98e7-20a84e9cbec2@group-EF0BD26DD41E-SegmentedRaftLogWorker: Starting segment from index:0
2019-09-11 19:03:57,520 [b0d4f042-2fdd-43c4-bade-ce7ad6576109@group-EF0BD26DD41E-SegmentedRaftLogWorker] INFO  segmented.SegmentedRaftLogWorker (SegmentedRaftLogWorker.java:execute(569)) - b0d4f042-2fdd-43c4-bade-ce7ad6576109@group-EF0BD26DD41E-SegmentedRaftLogWorker: created new log segment /workdir/hadoop-ozone/integration-test/target/test-dir/MiniOzoneClusterImpl-8bc0b1d6-fcdc-4049-850d-8c31e36a20db/datanode-2/data/ratis/5589feec-2154-432e-85dc-ef0bd26dd41e/current/log_inprogress_0
2019-09-11 19:03:57,561 [317be899-a5e7-4874-8b34-173a53939308@group-EF0BD26DD41E-SegmentedRaftLogWorker] INFO  segmented.SegmentedRaftLogWorker (SegmentedRaftLogWorker.java:execute(569)) - 317be899-a5e7-4874-8b34-173a53939308@group-EF0BD26DD41E-SegmentedRaftLogWorker: created new log segment /workdir/hadoop-ozone/integration-test/target/test-dir/MiniOzoneClusterImpl-8bc0b1d6-fcdc-4049-850d-8c31e36a20db/datanode-5/data/ratis/5589feec-2154-432e-85dc-ef0bd26dd41e/current/log_inprogress_0
2019-09-11 19:03:57,561 [d1e1b199-a92a-4c37-98e7-20a84e9cbec2@group-EF0BD26DD41E-SegmentedRaftLogWorker] INFO  segmented.SegmentedRaftLogWorker (SegmentedRaftLogWorker.java:execute(569)) - d1e1b199-a92a-4c37-98e7-20a84e9cbec2@group-EF0BD26DD41E-SegmentedRaftLogWorker: created new log segment /workdir/hadoop-ozone/integration-test/target/test-dir/MiniOzoneClusterImpl-8bc0b1d6-fcdc-4049-850d-8c31e36a20db/datanode-4/data/ratis/5589feec-2154-432e-85dc-ef0bd26dd41e/current/log_inprogress_0
2019-09-11 19:03:57,786 [grpc-default-executor-9] INFO  client.GrpcClientProtocolClient (GrpcClientProtocolClient.java:onNext(264)) - client-AC8CE528086A->b0d4f042-2fdd-43c4-bade-ce7ad6576109: receive RaftClientReply:client-AC8CE528086A->b0d4f042-2fdd-43c4-bade-ce7ad6576109@group-0BBEB04936B1, cid=42, FAILED org.apache.ratis.protocol.NotLeaderException: Server b0d4f042-2fdd-43c4-bade-ce7ad6576109@group-0BBEB04936B1 is not the leader 317be899-a5e7-4874-8b34-173a53939308:192.168.5.143:42053, logIndex=0, commits[b0d4f042-2fdd-43c4-bade-ce7ad6576109:c6, 317be899-a5e7-4874-8b34-173a53939308:c6, d1e1b199-a92a-4c37-98e7-20a84e9cbec2:c4]
2019-09-11 19:03:58,604 [org.apache.ratis.server.impl.LogAppender$AppenderDaemon$$Lambda$497/214039350@2ab5298e] ERROR ratis.XceiverServerRatis (XceiverServerRatis.java:triggerPipelineClose(575)) - pipeline Action CLOSE  on pipeline PipelineID=f4acf43d-e397-454f-bb1f-0bbeb04936b1.Reason : 317be899-a5e7-4874-8b34-173a53939308 has not seen follower/s d1e1b199-a92a-4c37-98e7-20a84e9cbec2 for 167388ms b0d4f042-2fdd-43c4-bade-ce7ad6576109 for 167389ms
2019-09-11 19:03:58,604 [org.apache.ratis.server.impl.LogAppender$AppenderDaemon$$Lambda$497/214039350@75b65111] ERROR ratis.XceiverServerRatis (XceiverServerRatis.java:triggerPipelineClose(575)) - pipeline Action CLOSE  on pipeline PipelineID=f4acf43d-e397-454f-bb1f-0bbeb04936b1.Reason : 317be899-a5e7-4874-8b34-173a53939308 has not seen follower/s d1e1b199-a92a-4c37-98e7-20a84e9cbec2 for 167388ms b0d4f042-2fdd-43c4-bade-ce7ad6576109 for 167389ms
2019-09-11 19:03:59,103 [java.util.concurrent.ThreadPoolExecutor$Worker@20491363[State = -1, empty queue]] WARN  server.GrpcLogAppender (GrpcLogAppender.java:timeoutAppendRequest(200)) - 317be899-a5e7-4874-8b34-173a53939308@group-0BBEB04936B1->b0d4f042-2fdd-43c4-bade-ce7ad6576109-GrpcLogAppender: appendEntries Timeout, request=317be899-a5e7-4874-8b34-173a53939308->b0d4f042-2fdd-43c4-bade-ce7ad6576109#79-t1, previous=(t:1, i:13), leaderCommit=6, initializing? false, entries: <empty>
2019-09-11 19:03:59,103 [java.util.concurrent.ThreadPoolExecutor$Worker@7266fed5[State = -1, empty queue]] WARN  server.GrpcLogAppender (GrpcLogAppender.java:timeoutAppendRequest(200)) - 317be899-a5e7-4874-8b34-173a53939308@group-0BBEB04936B1->d1e1b199-a92a-4c37-98e7-20a84e9cbec2-GrpcLogAppender: appendEntries Timeout, request=317be899-a5e7-4874-8b34-173a53939308->d1e1b199-a92a-4c37-98e7-20a84e9cbec2#79-t1, previous=(t:1, i:13), leaderCommit=6, initializing? false, entries: <empty>
2019-09-11 19:03:59,598 [EventQueue-PipelineActionsForPipelineActionHandler] ERROR pipeline.PipelineActionHandler (PipelineActionHandler.java:onMessage(60)) - Received pipeline action CLOSE for Pipeline[ Id: f4acf43d-e397-454f-bb1f-0bbeb04936b1, Nodes: d1e1b199-a92a-4c37-98e7-20a84e9cbec2{ip: 192.168.5.143, host: pr-hdds-1786-trunk-xjsf7-3704618034, networkLocation: /default-rack, certSerialId: null}317be899-a5e7-4874-8b34-173a53939308{ip: 192.168.5.143, host: pr-hdds-1786-trunk-xjsf7-3704618034, networkLocation: /default-rack, certSerialId: null}b0d4f042-2fdd-43c4-bade-ce7ad6576109{ip: 192.168.5.143, host: pr-hdds-1786-trunk-xjsf7-3704618034, networkLocation: /default-rack, certSerialId: null}, Type:RATIS, Factor:THREE, State:CLOSED] from datanode 317be899-a5e7-4874-8b34-173a53939308{ip: 192.168.5.143, host: pr-hdds-1786-trunk-xjsf7-3704618034, networkLocation: /default-rack, certSerialId: null}. Reason : 317be899-a5e7-4874-8b34-173a53939308 has not seen follower/s d1e1b199-a92a-4c37-98e7-20a84e9cbec2 for 167388ms b0d4f042-2fdd-43c4-bade-ce7ad6576109 for 167389ms
2019-09-11 19:03:59,598 [EventQueue-PipelineActionsForPipelineActionHandler] INFO  pipeline.SCMPipelineManager (SCMPipelineManager.java:finalizeAndDestroyPipeline(311)) - destroying pipeline:Pipeline[ Id: f4acf43d-e397-454f-bb1f-0bbeb04936b1, Nodes: d1e1b199-a92a-4c37-98e7-20a84e9cbec2{ip: 192.168.5.143, host: pr-hdds-1786-trunk-xjsf7-3704618034, networkLocation: /default-rack, certSerialId: null}317be899-a5e7-4874-8b34-173a53939308{ip: 192.168.5.143, host: pr-hdds-1786-trunk-xjsf7-3704618034, networkLocation: /default-rack, certSerialId: null}b0d4f042-2fdd-43c4-bade-ce7ad6576109{ip: 192.168.5.143, host: pr-hdds-1786-trunk-xjsf7-3704618034, networkLocation: /default-rack, certSerialId: null}, Type:RATIS, Factor:THREE, State:CLOSED]
2019-09-11 19:04:01,105 [org.apache.ratis.server.impl.LogAppender$AppenderDaemon$$Lambda$497/214039350@2ab5298e] ERROR ratis.XceiverServerRatis (XceiverServerRatis.java:triggerPipelineClose(575)) - pipeline Action CLOSE  on pipeline PipelineID=f4acf43d-e397-454f-bb1f-0bbeb04936b1.Reason : 317be899-a5e7-4874-8b34-173a53939308 has not seen follower/s d1e1b199-a92a-4c37-98e7-20a84e9cbec2 for 169889ms b0d4f042-2fdd-43c4-bade-ce7ad6576109 for 169890ms
2019-09-11 19:04:01,105 [org.apache.ratis.server.impl.LogAppender$AppenderDaemon$$Lambda$497/214039350@75b65111] ERROR ratis.XceiverServerRatis (XceiverServerRatis.java:triggerPipelineClose(575)) - pipeline Action CLOSE  on pipeline PipelineID=f4acf43d-e397-454f-bb1f-0bbeb04936b1.Reason : 317be899-a5e7-4874-8b34-173a53939308 has not seen follower/s d1e1b199-a92a-4c37-98e7-20a84e9cbec2 for 169889ms b0d4f042-2fdd-43c4-bade-ce7ad6576109 for 169890ms
2019-09-11 19:04:01,334 [317be899-a5e7-4874-8b34-173a53939308@group-0BBEB04936B1-SegmentedRaftLogWorker] WARN  segmented.SegmentedRaftLogWorker (SegmentedRaftLogWorker.java:getFromFuture(90)) - Timeout 16/~
org.apache.ratis.protocol.TimeoutIOException: Timeout 10s: WriteLog:7: (t:1, i:7), STATEMACHINELOGENTRY, client-AC8CE528086A, cid=42-writeStateMachineData
	at org.apache.ratis.util.IOUtils.getFromFuture(IOUtils.java:87)
	at org.apache.ratis.server.raftlog.segmented.SegmentedRaftLogWorker$StateMachineDataPolicy.getFromFuture(SegmentedRaftLogWorker.java:87)
	at org.apache.ratis.server.raftlog.segmented.SegmentedRaftLogWorker$WriteLog.execute(SegmentedRaftLogWorker.java:477)
	at org.apache.ratis.server.raftlog.segmented.SegmentedRaftLogWorker.run(SegmentedRaftLogWorker.java:289)
	at java.lang.Thread.run(Thread.java:748)
Caused by: java.util.concurrent.TimeoutException
	at java.util.concurrent.CompletableFuture.timedGet(CompletableFuture.java:1771)
	at java.util.concurrent.CompletableFuture.get(CompletableFuture.java:1915)
	at org.apache.ratis.util.IOUtils.getFromFuture(IOUtils.java:79)
	... 4 more
2019-09-11 19:04:01,543 [d1e1b199-a92a-4c37-98e7-20a84e9cbec2@group-0BBEB04936B1-SegmentedRaftLogWorker] WARN  segmented.SegmentedRaftLogWorker (SegmentedRaftLogWorker.java:getFromFuture(90)) - Timeout 16/~
org.apache.ratis.protocol.TimeoutIOException: Timeout 10s: WriteLog:8: (t:1, i:8), STATEMACHINELOGENTRY, client-AC8CE528086A, cid=43-writeStateMachineData
	at org.apache.ratis.util.IOUtils.getFromFuture(IOUtils.java:87)
	at org.apache.ratis.server.raftlog.segmented.SegmentedRaftLogWorker$StateMachineDataPolicy.getFromFuture(SegmentedRaftLogWorker.java:87)
	at org.apache.ratis.server.raftlog.segmented.SegmentedRaftLogWorker$WriteLog.execute(SegmentedRaftLogWorker.java:477)
	at org.apache.ratis.server.raftlog.segmented.SegmentedRaftLogWorker.run(SegmentedRaftLogWorker.java:289)
	at java.lang.Thread.run(Thread.java:748)
Caused by: java.util.concurrent.TimeoutException
	at java.util.concurrent.CompletableFuture.timedGet(CompletableFuture.java:1771)
	at java.util.concurrent.CompletableFuture.get(CompletableFuture.java:1915)
	at org.apache.ratis.util.IOUtils.getFromFuture(IOUtils.java:79)
	... 4 more
2019-09-11 19:04:01,543 [b0d4f042-2fdd-43c4-bade-ce7ad6576109@group-0BBEB04936B1-SegmentedRaftLogWorker] WARN  segmented.SegmentedRaftLogWorker (SegmentedRaftLogWorker.java:getFromFuture(90)) - Timeout 16/~
org.apache.ratis.protocol.TimeoutIOException: Timeout 10s: WriteLog:8: (t:1, i:8), STATEMACHINELOGENTRY, client-AC8CE528086A, cid=43-writeStateMachineData
	at org.apache.ratis.util.IOUtils.getFromFuture(IOUtils.java:87)
	at org.apache.ratis.server.raftlog.segmented.SegmentedRaftLogWorker$StateMachineDataPolicy.getFromFuture(SegmentedRaftLogWorker.java:87)
	at org.apache.ratis.server.raftlog.segmented.SegmentedRaftLogWorker$WriteLog.execute(SegmentedRaftLogWorker.java:477)
	at org.apache.ratis.server.raftlog.segmented.SegmentedRaftLogWorker.run(SegmentedRaftLogWorker.java:289)
	at java.lang.Thread.run(Thread.java:748)
Caused by: java.util.concurrent.TimeoutException
	at java.util.concurrent.CompletableFuture.timedGet(CompletableFuture.java:1771)
	at java.util.concurrent.CompletableFuture.get(CompletableFuture.java:1915)
	at org.apache.ratis.util.IOUtils.getFromFuture(IOUtils.java:79)
	... 4 more
2019-09-11 19:04:01,598 [EventQueue-PipelineActionsForPipelineActionHandler] ERROR pipeline.PipelineActionHandler (PipelineActionHandler.java:onMessage(60)) - Received pipeline action CLOSE for Pipeline[ Id: f4acf43d-e397-454f-bb1f-0bbeb04936b1, Nodes: d1e1b199-a92a-4c37-98e7-20a84e9cbec2{ip: 192.168.5.143, host: pr-hdds-1786-trunk-xjsf7-3704618034, networkLocation: /default-rack, certSerialId: null}317be899-a5e7-4874-8b34-173a53939308{ip: 192.168.5.143, host: pr-hdds-1786-trunk-xjsf7-3704618034, networkLocation: /default-rack, certSerialId: null}b0d4f042-2fdd-43c4-bade-ce7ad6576109{ip: 192.168.5.143, host: pr-hdds-1786-trunk-xjsf7-3704618034, networkLocation: /default-rack, certSerialId: null}, Type:RATIS, Factor:THREE, State:CLOSED] from datanode 317be899-a5e7-4874-8b34-173a53939308{ip: 192.168.5.143, host: pr-hdds-1786-trunk-xjsf7-3704618034, networkLocation: /default-rack, certSerialId: null}. Reason : 317be899-a5e7-4874-8b34-173a53939308 has not seen follower/s d1e1b199-a92a-4c37-98e7-20a84e9cbec2 for 169889ms b0d4f042-2fdd-43c4-bade-ce7ad6576109 for 169890ms
2019-09-11 19:04:01,598 [EventQueue-PipelineActionsForPipelineActionHandler] INFO  pipeline.SCMPipelineManager (SCMPipelineManager.java:finalizeAndDestroyPipeline(311)) - destroying pipeline:Pipeline[ Id: f4acf43d-e397-454f-bb1f-0bbeb04936b1, Nodes: d1e1b199-a92a-4c37-98e7-20a84e9cbec2{ip: 192.168.5.143, host: pr-hdds-1786-trunk-xjsf7-3704618034, networkLocation: /default-rack, certSerialId: null}317be899-a5e7-4874-8b34-173a53939308{ip: 192.168.5.143, host: pr-hdds-1786-trunk-xjsf7-3704618034, networkLocation: /default-rack, certSerialId: null}b0d4f042-2fdd-43c4-bade-ce7ad6576109{ip: 192.168.5.143, host: pr-hdds-1786-trunk-xjsf7-3704618034, networkLocation: /default-rack, certSerialId: null}, Type:RATIS, Factor:THREE, State:CLOSED]
2019-09-11 19:04:01,604 [java.util.concurrent.ThreadPoolExecutor$Worker@20491363[State = -1, empty queue]] WARN  server.GrpcLogAppender (GrpcLogAppender.java:timeoutAppendRequest(200)) - 317be899-a5e7-4874-8b34-173a53939308@group-0BBEB04936B1->b0d4f042-2fdd-43c4-bade-ce7ad6576109-GrpcLogAppender: appendEntries Timeout, request=317be899-a5e7-4874-8b34-173a53939308->b0d4f042-2fdd-43c4-bade-ce7ad6576109#80-t1, previous=(t:1, i:13), leaderCommit=6, initializing? false, entries: <empty>
2019-09-11 19:04:01,605 [java.util.concurrent.ThreadPoolExecutor$Worker@7266fed5[State = -1, empty queue]] WARN  server.GrpcLogAppender (GrpcLogAppender.java:timeoutAppendRequest(200)) - 317be899-a5e7-4874-8b34-173a53939308@group-0BBEB04936B1->d1e1b199-a92a-4c37-98e7-20a84e9cbec2-GrpcLogAppender: appendEntries Timeout, request=317be899-a5e7-4874-8b34-173a53939308->d1e1b199-a92a-4c37-98e7-20a84e9cbec2#80-t1, previous=(t:1, i:13), leaderCommit=6, initializing? false, entries: <empty>
2019-09-11 19:04:02,827 [grpc-default-executor-9] INFO  client.GrpcClientProtocolClient (GrpcClientProtocolClient.java:onNext(264)) - client-AC8CE528086A->d1e1b199-a92a-4c37-98e7-20a84e9cbec2: receive RaftClientReply:client-AC8CE528086A->d1e1b199-a92a-4c37-98e7-20a84e9cbec2@group-0BBEB04936B1, cid=42, FAILED org.apache.ratis.protocol.NotLeaderException: Server d1e1b199-a92a-4c37-98e7-20a84e9cbec2@group-0BBEB04936B1 is not the leader 317be899-a5e7-4874-8b34-173a53939308:192.168.5.143:42053, logIndex=0, commits[d1e1b199-a92a-4c37-98e7-20a84e9cbec2:c6, 317be899-a5e7-4874-8b34-173a53939308:c6, b0d4f042-2fdd-43c4-bade-ce7ad6576109:c4]
2019-09-11 19:04:03,606 [org.apache.ratis.server.impl.LogAppender$AppenderDaemon$$Lambda$497/214039350@75b65111] ERROR ratis.XceiverServerRatis (XceiverServerRatis.java:triggerPipelineClose(575)) - pipeline Action CLOSE  on pipeline PipelineID=f4acf43d-e397-454f-bb1f-0bbeb04936b1.Reason : 317be899-a5e7-4874-8b34-173a53939308 has not seen follower/s d1e1b199-a92a-4c37-98e7-20a84e9cbec2 for 172390ms b0d4f042-2fdd-43c4-bade-ce7ad6576109 for 172390ms
2019-09-11 19:04:03,606 [org.apache.ratis.server.impl.LogAppender$AppenderDaemon$$Lambda$497/214039350@2ab5298e] ERROR ratis.XceiverServerRatis (XceiverServerRatis.java:triggerPipelineClose(575)) - pipeline Action CLOSE  on pipeline PipelineID=f4acf43d-e397-454f-bb1f-0bbeb04936b1.Reason : 317be899-a5e7-4874-8b34-173a53939308 has not seen follower/s d1e1b199-a92a-4c37-98e7-20a84e9cbec2 for 172390ms b0d4f042-2fdd-43c4-bade-ce7ad6576109 for 172391ms
2019-09-11 19:04:04,105 [java.util.concurrent.ThreadPoolExecutor$Worker@7266fed5[State = -1, empty queue]] WARN  server.GrpcLogAppender (GrpcLogAppender.java:timeoutAppendRequest(200)) - 317be899-a5e7-4874-8b34-173a53939308@group-0BBEB04936B1->d1e1b199-a92a-4c37-98e7-20a84e9cbec2-GrpcLogAppender: appendEntries Timeout, request=317be899-a5e7-4874-8b34-173a53939308->d1e1b199-a92a-4c37-98e7-20a84e9cbec2#81-t1, previous=(t:1, i:13), leaderCommit=6, initializing? false, entries: <empty>
2019-09-11 19:04:04,105 [java.util.concurrent.ThreadPoolExecutor$Worker@20491363[State = -1, empty queue]] WARN  server.GrpcLogAppender (GrpcLogAppender.java:timeoutAppendRequest(200)) - 317be899-a5e7-4874-8b34-173a53939308@group-0BBEB04936B1->b0d4f042-2fdd-43c4-bade-ce7ad6576109-GrpcLogAppender: appendEntries Timeout, request=317be899-a5e7-4874-8b34-173a53939308->b0d4f042-2fdd-43c4-bade-ce7ad6576109#81-t1, previous=(t:1, i:13), leaderCommit=6, initializing? false, entries: <empty>
2019-09-11 19:04:04,598 [EventQueue-PipelineActionsForPipelineActionHandler] ERROR pipeline.PipelineActionHandler (PipelineActionHandler.java:onMessage(60)) - Received pipeline action CLOSE for Pipeline[ Id: f4acf43d-e397-454f-bb1f-0bbeb04936b1, Nodes: d1e1b199-a92a-4c37-98e7-20a84e9cbec2{ip: 192.168.5.143, host: pr-hdds-1786-trunk-xjsf7-3704618034, networkLocation: /default-rack, certSerialId: null}317be899-a5e7-4874-8b34-173a53939308{ip: 192.168.5.143, host: pr-hdds-1786-trunk-xjsf7-3704618034, networkLocation: /default-rack, certSerialId: null}b0d4f042-2fdd-43c4-bade-ce7ad6576109{ip: 192.168.5.143, host: pr-hdds-1786-trunk-xjsf7-3704618034, networkLocation: /default-rack, certSerialId: null}, Type:RATIS, Factor:THREE, State:CLOSED] from datanode 317be899-a5e7-4874-8b34-173a53939308{ip: 192.168.5.143, host: pr-hdds-1786-trunk-xjsf7-3704618034, networkLocation: /default-rack, certSerialId: null}. Reason : 317be899-a5e7-4874-8b34-173a53939308 has not seen follower/s d1e1b199-a92a-4c37-98e7-20a84e9cbec2 for 172390ms b0d4f042-2fdd-43c4-bade-ce7ad6576109 for 172390ms
2019-09-11 19:04:04,599 [EventQueue-PipelineActionsForPipelineActionHandler] INFO  pipeline.SCMPipelineManager (SCMPipelineManager.java:finalizeAndDestroyPipeline(311)) - destroying pipeline:Pipeline[ Id: f4acf43d-e397-454f-bb1f-0bbeb04936b1, Nodes: d1e1b199-a92a-4c37-98e7-20a84e9cbec2{ip: 192.168.5.143, host: pr-hdds-1786-trunk-xjsf7-3704618034, networkLocation: /default-rack, certSerialId: null}317be899-a5e7-4874-8b34-173a53939308{ip: 192.168.5.143, host: pr-hdds-1786-trunk-xjsf7-3704618034, networkLocation: /default-rack, certSerialId: null}b0d4f042-2fdd-43c4-bade-ce7ad6576109{ip: 192.168.5.143, host: pr-hdds-1786-trunk-xjsf7-3704618034, networkLocation: /default-rack, certSerialId: null}, Type:RATIS, Factor:THREE, State:CLOSED]
2019-09-11 19:04:06,107 [org.apache.ratis.server.impl.LogAppender$AppenderDaemon$$Lambda$497/214039350@75b65111] ERROR ratis.XceiverServerRatis (XceiverServerRatis.java:triggerPipelineClose(575)) - pipeline Action CLOSE  on pipeline PipelineID=f4acf43d-e397-454f-bb1f-0bbeb04936b1.Reason : 317be899-a5e7-4874-8b34-173a53939308 has not seen follower/s d1e1b199-a92a-4c37-98e7-20a84e9cbec2 for 174891ms b0d4f042-2fdd-43c4-bade-ce7ad6576109 for 174891ms
2019-09-11 19:04:06,107 [org.apache.ratis.server.impl.LogAppender$AppenderDaemon$$Lambda$497/214039350@2ab5298e] ERROR ratis.XceiverServerRatis (XceiverServerRatis.java:triggerPipelineClose(575)) - pipeline Action CLOSE  on pipeline PipelineID=f4acf43d-e397-454f-bb1f-0bbeb04936b1.Reason : 317be899-a5e7-4874-8b34-173a53939308 has not seen follower/s d1e1b199-a92a-4c37-98e7-20a84e9cbec2 for 174891ms b0d4f042-2fdd-43c4-bade-ce7ad6576109 for 174891ms
2019-09-11 19:04:06,599 [EventQueue-PipelineActionsForPipelineActionHandler] ERROR pipeline.PipelineActionHandler (PipelineActionHandler.java:onMessage(60)) - Received pipeline action CLOSE for Pipeline[ Id: f4acf43d-e397-454f-bb1f-0bbeb04936b1, Nodes: d1e1b199-a92a-4c37-98e7-20a84e9cbec2{ip: 192.168.5.143, host: pr-hdds-1786-trunk-xjsf7-3704618034, networkLocation: /default-rack, certSerialId: null}317be899-a5e7-4874-8b34-173a53939308{ip: 192.168.5.143, host: pr-hdds-1786-trunk-xjsf7-3704618034, networkLocation: /default-rack, certSerialId: null}b0d4f042-2fdd-43c4-bade-ce7ad6576109{ip: 192.168.5.143, host: pr-hdds-1786-trunk-xjsf7-3704618034, networkLocation: /default-rack, certSerialId: null}, Type:RATIS, Factor:THREE, State:CLOSED] from datanode 317be899-a5e7-4874-8b34-173a53939308{ip: 192.168.5.143, host: pr-hdds-1786-trunk-xjsf7-3704618034, networkLocation: /default-rack, certSerialId: null}. Reason : 317be899-a5e7-4874-8b34-173a53939308 has not seen follower/s d1e1b199-a92a-4c37-98e7-20a84e9cbec2 for 174891ms b0d4f042-2fdd-43c4-bade-ce7ad6576109 for 174891ms
2019-09-11 19:04:06,599 [EventQueue-PipelineActionsForPipelineActionHandler] INFO  pipeline.SCMPipelineManager (SCMPipelineManager.java:finalizeAndDestroyPipeline(311)) - destroying pipeline:Pipeline[ Id: f4acf43d-e397-454f-bb1f-0bbeb04936b1, Nodes: d1e1b199-a92a-4c37-98e7-20a84e9cbec2{ip: 192.168.5.143, host: pr-hdds-1786-trunk-xjsf7-3704618034, networkLocation: /default-rack, certSerialId: null}317be899-a5e7-4874-8b34-173a53939308{ip: 192.168.5.143, host: pr-hdds-1786-trunk-xjsf7-3704618034, networkLocation: /default-rack, certSerialId: null}b0d4f042-2fdd-43c4-bade-ce7ad6576109{ip: 192.168.5.143, host: pr-hdds-1786-trunk-xjsf7-3704618034, networkLocation: /default-rack, certSerialId: null}, Type:RATIS, Factor:THREE, State:CLOSED]
2019-09-11 19:04:06,606 [java.util.concurrent.ThreadPoolExecutor$Worker@7266fed5[State = -1, empty queue]] WARN  server.GrpcLogAppender (GrpcLogAppender.java:timeoutAppendRequest(200)) - 317be899-a5e7-4874-8b34-173a53939308@group-0BBEB04936B1->d1e1b199-a92a-4c37-98e7-20a84e9cbec2-GrpcLogAppender: appendEntries Timeout, request=317be899-a5e7-4874-8b34-173a53939308->d1e1b199-a92a-4c37-98e7-20a84e9cbec2#82-t1, previous=(t:1, i:13), leaderCommit=6, initializing? false, entries: <empty>
2019-09-11 19:04:06,606 [java.util.concurrent.ThreadPoolExecutor$Worker@20491363[State = -1, empty queue]] WARN  server.GrpcLogAppender (GrpcLogAppender.java:timeoutAppendRequest(200)) - 317be899-a5e7-4874-8b34-173a53939308@group-0BBEB04936B1->b0d4f042-2fdd-43c4-bade-ce7ad6576109-GrpcLogAppender: appendEntries Timeout, request=317be899-a5e7-4874-8b34-173a53939308->b0d4f042-2fdd-43c4-bade-ce7ad6576109#82-t1, previous=(t:1, i:13), leaderCommit=6, initializing? false, entries: <empty>
2019-09-11 19:04:07,875 [grpc-default-executor-9] INFO  client.GrpcClientProtocolClient (GrpcClientProtocolClient.java:onNext(264)) - client-AC8CE528086A->b0d4f042-2fdd-43c4-bade-ce7ad6576109: receive RaftClientReply:client-AC8CE528086A->b0d4f042-2fdd-43c4-bade-ce7ad6576109@group-0BBEB04936B1, cid=42, FAILED org.apache.ratis.protocol.NotLeaderException: Server b0d4f042-2fdd-43c4-bade-ce7ad6576109@group-0BBEB04936B1 is not the leader 317be899-a5e7-4874-8b34-173a53939308:192.168.5.143:42053, logIndex=0, commits[b0d4f042-2fdd-43c4-bade-ce7ad6576109:c6, 317be899-a5e7-4874-8b34-173a53939308:c6, d1e1b199-a92a-4c37-98e7-20a84e9cbec2:c4]
2019-09-11 19:04:08,608 [org.apache.ratis.server.impl.LogAppender$AppenderDaemon$$Lambda$497/214039350@2ab5298e] ERROR ratis.XceiverServerRatis (XceiverServerRatis.java:triggerPipelineClose(575)) - pipeline Action CLOSE  on pipeline PipelineID=f4acf43d-e397-454f-bb1f-0bbeb04936b1.Reason : 317be899-a5e7-4874-8b34-173a53939308 has not seen follower/s d1e1b199-a92a-4c37-98e7-20a84e9cbec2 for 177392ms b0d4f042-2fdd-43c4-bade-ce7ad6576109 for 177392ms
2019-09-11 19:04:08,608 [org.apache.ratis.server.impl.LogAppender$AppenderDaemon$$Lambda$497/214039350@75b65111] ERROR ratis.XceiverServerRatis (XceiverServerRatis.java:triggerPipelineClose(575)) - pipeline Action CLOSE  on pipeline PipelineID=f4acf43d-e397-454f-bb1f-0bbeb04936b1.Reason : 317be899-a5e7-4874-8b34-173a53939308 has not seen follower/s d1e1b199-a92a-4c37-98e7-20a84e9cbec2 for 177392ms b0d4f042-2fdd-43c4-bade-ce7ad6576109 for 177392ms
2019-09-11 19:04:09,107 [java.util.concurrent.ThreadPoolExecutor$Worker@20491363[State = -1, empty queue]] WARN  server.GrpcLogAppender (GrpcLogAppender.java:timeoutAppendRequest(200)) - 317be899-a5e7-4874-8b34-173a53939308@group-0BBEB04936B1->b0d4f042-2fdd-43c4-bade-ce7ad6576109-GrpcLogAppender: appendEntries Timeout, request=317be899-a5e7-4874-8b34-173a53939308->b0d4f042-2fdd-43c4-bade-ce7ad6576109#83-t1, previous=(t:1, i:13), leaderCommit=6, initializing? false, entries: <empty>
2019-09-11 19:04:09,107 [java.util.concurrent.ThreadPoolExecutor$Worker@7266fed5[State = -1, empty queue]] WARN  server.GrpcLogAppender (GrpcLogAppender.java:timeoutAppendRequest(200)) - 317be899-a5e7-4874-8b34-173a53939308@group-0BBEB04936B1->d1e1b199-a92a-4c37-98e7-20a84e9cbec2-GrpcLogAppender: appendEntries Timeout, request=317be899-a5e7-4874-8b34-173a53939308->d1e1b199-a92a-4c37-98e7-20a84e9cbec2#83-t1, previous=(t:1, i:13), leaderCommit=6, initializing? false, entries: <empty>
2019-09-11 19:04:09,598 [EventQueue-PipelineActionsForPipelineActionHandler] ERROR pipeline.PipelineActionHandler (PipelineActionHandler.java:onMessage(60)) - Received pipeline action CLOSE for Pipeline[ Id: f4acf43d-e397-454f-bb1f-0bbeb04936b1, Nodes: d1e1b199-a92a-4c37-98e7-20a84e9cbec2{ip: 192.168.5.143, host: pr-hdds-1786-trunk-xjsf7-3704618034, networkLocation: /default-rack, certSerialId: null}317be899-a5e7-4874-8b34-173a53939308{ip: 192.168.5.143, host: pr-hdds-1786-trunk-xjsf7-3704618034, networkLocation: /default-rack, certSerialId: null}b0d4f042-2fdd-43c4-bade-ce7ad6576109{ip: 192.168.5.143, host: pr-hdds-1786-trunk-xjsf7-3704618034, networkLocation: /default-rack, certSerialId: null}, Type:RATIS, Factor:THREE, State:CLOSED] from datanode 317be899-a5e7-4874-8b34-173a53939308{ip: 192.168.5.143, host: pr-hdds-1786-trunk-xjsf7-3704618034, networkLocation: /default-rack, certSerialId: null}. Reason : 317be899-a5e7-4874-8b34-173a53939308 has not seen follower/s d1e1b199-a92a-4c37-98e7-20a84e9cbec2 for 177392ms b0d4f042-2fdd-43c4-bade-ce7ad6576109 for 177392ms
2019-09-11 19:04:09,598 [EventQueue-PipelineActionsForPipelineActionHandler] INFO  pipeline.SCMPipelineManager (SCMPipelineManager.java:finalizeAndDestroyPipeline(311)) - destroying pipeline:Pipeline[ Id: f4acf43d-e397-454f-bb1f-0bbeb04936b1, Nodes: d1e1b199-a92a-4c37-98e7-20a84e9cbec2{ip: 192.168.5.143, host: pr-hdds-1786-trunk-xjsf7-3704618034, networkLocation: /default-rack, certSerialId: null}317be899-a5e7-4874-8b34-173a53939308{ip: 192.168.5.143, host: pr-hdds-1786-trunk-xjsf7-3704618034, networkLocation: /default-rack, certSerialId: null}b0d4f042-2fdd-43c4-bade-ce7ad6576109{ip: 192.168.5.143, host: pr-hdds-1786-trunk-xjsf7-3704618034, networkLocation: /default-rack, certSerialId: null}, Type:RATIS, Factor:THREE, State:CLOSED]
2019-09-11 19:04:11,108 [org.apache.ratis.server.impl.LogAppender$AppenderDaemon$$Lambda$497/214039350@2ab5298e] ERROR ratis.XceiverServerRatis (XceiverServerRatis.java:triggerPipelineClose(575)) - pipeline Action CLOSE  on pipeline PipelineID=f4acf43d-e397-454f-bb1f-0bbeb04936b1.Reason : 317be899-a5e7-4874-8b34-173a53939308 has not seen follower/s d1e1b199-a92a-4c37-98e7-20a84e9cbec2 for 179892ms b0d4f042-2fdd-43c4-bade-ce7ad6576109 for 179893ms
2019-09-11 19:04:11,109 [org.apache.ratis.server.impl.LogAppender$AppenderDaemon$$Lambda$497/214039350@75b65111] ERROR ratis.XceiverServerRatis (XceiverServerRatis.java:triggerPipelineClose(575)) - pipeline Action CLOSE  on pipeline PipelineID=f4acf43d-e397-454f-bb1f-0bbeb04936b1.Reason : 317be899-a5e7-4874-8b34-173a53939308 has not seen follower/s d1e1b199-a92a-4c37-98e7-20a84e9cbec2 for 179892ms b0d4f042-2fdd-43c4-bade-ce7ad6576109 for 179893ms
2019-09-11 19:04:11,336 [317be899-a5e7-4874-8b34-173a53939308@group-0BBEB04936B1-SegmentedRaftLogWorker] WARN  segmented.SegmentedRaftLogWorker (SegmentedRaftLogWorker.java:getFromFuture(90)) - Timeout 17/~
org.apache.ratis.protocol.TimeoutIOException: Timeout 10s: WriteLog:7: (t:1, i:7), STATEMACHINELOGENTRY, client-AC8CE528086A, cid=42-writeStateMachineData
	at org.apache.ratis.util.IOUtils.getFromFuture(IOUtils.java:87)
	at org.apache.ratis.server.raftlog.segmented.SegmentedRaftLogWorker$StateMachineDataPolicy.getFromFuture(SegmentedRaftLogWorker.java:87)
	at org.apache.ratis.server.raftlog.segmented.SegmentedRaftLogWorker$WriteLog.execute(SegmentedRaftLogWorker.java:477)
	at org.apache.ratis.server.raftlog.segmented.SegmentedRaftLogWorker.run(SegmentedRaftLogWorker.java:289)
	at java.lang.Thread.run(Thread.java:748)
Caused by: java.util.concurrent.TimeoutException
	at java.util.concurrent.CompletableFuture.timedGet(CompletableFuture.java:1771)
	at java.util.concurrent.CompletableFuture.get(CompletableFuture.java:1915)
	at org.apache.ratis.util.IOUtils.getFromFuture(IOUtils.java:79)
	... 4 more
2019-09-11 19:04:11,544 [d1e1b199-a92a-4c37-98e7-20a84e9cbec2@group-0BBEB04936B1-SegmentedRaftLogWorker] WARN  segmented.SegmentedRaftLogWorker (SegmentedRaftLogWorker.java:getFromFuture(90)) - Timeout 17/~
org.apache.ratis.protocol.TimeoutIOException: Timeout 10s: WriteLog:8: (t:1, i:8), STATEMACHINELOGENTRY, client-AC8CE528086A, cid=43-writeStateMachineData
	at org.apache.ratis.util.IOUtils.getFromFuture(IOUtils.java:87)
	at org.apache.ratis.server.raftlog.segmented.SegmentedRaftLogWorker$StateMachineDataPolicy.getFromFuture(SegmentedRaftLogWorker.java:87)
	at org.apache.ratis.server.raftlog.segmented.SegmentedRaftLogWorker$WriteLog.execute(SegmentedRaftLogWorker.java:477)
	at org.apache.ratis.server.raftlog.segmented.SegmentedRaftLogWorker.run(SegmentedRaftLogWorker.java:289)
	at java.lang.Thread.run(Thread.java:748)
Caused by: java.util.concurrent.TimeoutException
	at java.util.concurrent.CompletableFuture.timedGet(CompletableFuture.java:1771)
	at java.util.concurrent.CompletableFuture.get(CompletableFuture.java:1915)
	at org.apache.ratis.util.IOUtils.getFromFuture(IOUtils.java:79)
	... 4 more
2019-09-11 19:04:11,544 [b0d4f042-2fdd-43c4-bade-ce7ad6576109@group-0BBEB04936B1-SegmentedRaftLogWorker] WARN  segmented.SegmentedRaftLogWorker (SegmentedRaftLogWorker.java:getFromFuture(90)) - Timeout 17/~
org.apache.ratis.protocol.TimeoutIOException: Timeout 10s: WriteLog:8: (t:1, i:8), STATEMACHINELOGENTRY, client-AC8CE528086A, cid=43-writeStateMachineData
	at org.apache.ratis.util.IOUtils.getFromFuture(IOUtils.java:87)
	at org.apache.ratis.server.raftlog.segmented.SegmentedRaftLogWorker$StateMachineDataPolicy.getFromFuture(SegmentedRaftLogWorker.java:87)
	at org.apache.ratis.server.raftlog.segmented.SegmentedRaftLogWorker$WriteLog.execute(SegmentedRaftLogWorker.java:477)
	at org.apache.ratis.server.raftlog.segmented.SegmentedRaftLogWorker.run(SegmentedRaftLogWorker.java:289)
	at java.lang.Thread.run(Thread.java:748)
Caused by: java.util.concurrent.TimeoutException
	at java.util.concurrent.CompletableFuture.timedGet(CompletableFuture.java:1771)
	at java.util.concurrent.CompletableFuture.get(CompletableFuture.java:1915)
	at org.apache.ratis.util.IOUtils.getFromFuture(IOUtils.java:79)
	... 4 more
2019-09-11 19:04:11,599 [EventQueue-PipelineActionsForPipelineActionHandler] ERROR pipeline.PipelineActionHandler (PipelineActionHandler.java:onMessage(60)) - Received pipeline action CLOSE for Pipeline[ Id: f4acf43d-e397-454f-bb1f-0bbeb04936b1, Nodes: d1e1b199-a92a-4c37-98e7-20a84e9cbec2{ip: 192.168.5.143, host: pr-hdds-1786-trunk-xjsf7-3704618034, networkLocation: /default-rack, certSerialId: null}317be899-a5e7-4874-8b34-173a53939308{ip: 192.168.5.143, host: pr-hdds-1786-trunk-xjsf7-3704618034, networkLocation: /default-rack, certSerialId: null}b0d4f042-2fdd-43c4-bade-ce7ad6576109{ip: 192.168.5.143, host: pr-hdds-1786-trunk-xjsf7-3704618034, networkLocation: /default-rack, certSerialId: null}, Type:RATIS, Factor:THREE, State:CLOSED] from datanode 317be899-a5e7-4874-8b34-173a53939308{ip: 192.168.5.143, host: pr-hdds-1786-trunk-xjsf7-3704618034, networkLocation: /default-rack, certSerialId: null}. Reason : 317be899-a5e7-4874-8b34-173a53939308 has not seen follower/s d1e1b199-a92a-4c37-98e7-20a84e9cbec2 for 179892ms b0d4f042-2fdd-43c4-bade-ce7ad6576109 for 179893ms
2019-09-11 19:04:11,599 [EventQueue-PipelineActionsForPipelineActionHandler] INFO  pipeline.SCMPipelineManager (SCMPipelineManager.java:finalizeAndDestroyPipeline(311)) - destroying pipeline:Pipeline[ Id: f4acf43d-e397-454f-bb1f-0bbeb04936b1, Nodes: d1e1b199-a92a-4c37-98e7-20a84e9cbec2{ip: 192.168.5.143, host: pr-hdds-1786-trunk-xjsf7-3704618034, networkLocation: /default-rack, certSerialId: null}317be899-a5e7-4874-8b34-173a53939308{ip: 192.168.5.143, host: pr-hdds-1786-trunk-xjsf7-3704618034, networkLocation: /default-rack, certSerialId: null}b0d4f042-2fdd-43c4-bade-ce7ad6576109{ip: 192.168.5.143, host: pr-hdds-1786-trunk-xjsf7-3704618034, networkLocation: /default-rack, certSerialId: null}, Type:RATIS, Factor:THREE, State:CLOSED]
2019-09-11 19:04:11,608 [java.util.concurrent.ThreadPoolExecutor$Worker@7266fed5[State = -1, empty queue]] WARN  server.GrpcLogAppender (GrpcLogAppender.java:timeoutAppendRequest(200)) - 317be899-a5e7-4874-8b34-173a53939308@group-0BBEB04936B1->d1e1b199-a92a-4c37-98e7-20a84e9cbec2-GrpcLogAppender: appendEntries Timeout, request=317be899-a5e7-4874-8b34-173a53939308->d1e1b199-a92a-4c37-98e7-20a84e9cbec2#84-t1, previous=(t:1, i:13), leaderCommit=6, initializing? false, entries: <empty>
2019-09-11 19:04:11,608 [java.util.concurrent.ThreadPoolExecutor$Worker@20491363[State = -1, empty queue]] WARN  server.GrpcLogAppender (GrpcLogAppender.java:timeoutAppendRequest(200)) - 317be899-a5e7-4874-8b34-173a53939308@group-0BBEB04936B1->b0d4f042-2fdd-43c4-bade-ce7ad6576109-GrpcLogAppender: appendEntries Timeout, request=317be899-a5e7-4874-8b34-173a53939308->b0d4f042-2fdd-43c4-bade-ce7ad6576109#84-t1, previous=(t:1, i:13), leaderCommit=6, initializing? false, entries: <empty>
2019-09-11 19:04:12,942 [grpc-default-executor-9] INFO  client.GrpcClientProtocolClient (GrpcClientProtocolClient.java:onNext(264)) - client-AC8CE528086A->d1e1b199-a92a-4c37-98e7-20a84e9cbec2: receive RaftClientReply:client-AC8CE528086A->d1e1b199-a92a-4c37-98e7-20a84e9cbec2@group-0BBEB04936B1, cid=42, FAILED org.apache.ratis.protocol.NotLeaderException: Server d1e1b199-a92a-4c37-98e7-20a84e9cbec2@group-0BBEB04936B1 is not the leader 317be899-a5e7-4874-8b34-173a53939308:192.168.5.143:42053, logIndex=0, commits[d1e1b199-a92a-4c37-98e7-20a84e9cbec2:c6, 317be899-a5e7-4874-8b34-173a53939308:c6, b0d4f042-2fdd-43c4-bade-ce7ad6576109:c4]
2019-09-11 19:04:13,609 [org.apache.ratis.server.impl.LogAppender$AppenderDaemon$$Lambda$497/214039350@75b65111] ERROR ratis.XceiverServerRatis (XceiverServerRatis.java:triggerPipelineClose(575)) - pipeline Action CLOSE  on pipeline PipelineID=f4acf43d-e397-454f-bb1f-0bbeb04936b1.Reason : 317be899-a5e7-4874-8b34-173a53939308 has not seen follower/s d1e1b199-a92a-4c37-98e7-20a84e9cbec2 for 182393ms b0d4f042-2fdd-43c4-bade-ce7ad6576109 for 182393ms
2019-09-11 19:04:13,609 [org.apache.ratis.server.impl.LogAppender$AppenderDaemon$$Lambda$497/214039350@2ab5298e] ERROR ratis.XceiverServerRatis (XceiverServerRatis.java:triggerPipelineClose(575)) - pipeline Action CLOSE  on pipeline PipelineID=f4acf43d-e397-454f-bb1f-0bbeb04936b1.Reason : 317be899-a5e7-4874-8b34-173a53939308 has not seen follower/s d1e1b199-a92a-4c37-98e7-20a84e9cbec2 for 182394ms b0d4f042-2fdd-43c4-bade-ce7ad6576109 for 182394ms
2019-09-11 19:04:14,108 [java.util.concurrent.ThreadPoolExecutor$Worker@20491363[State = -1, empty queue]] WARN  server.GrpcLogAppender (GrpcLogAppender.java:timeoutAppendRequest(200)) - 317be899-a5e7-4874-8b34-173a53939308@group-0BBEB04936B1->b0d4f042-2fdd-43c4-bade-ce7ad6576109-GrpcLogAppender: appendEntries Timeout, request=317be899-a5e7-4874-8b34-173a53939308->b0d4f042-2fdd-43c4-bade-ce7ad6576109#85-t1, previous=(t:1, i:13), leaderCommit=6, initializing? false, entries: <empty>
2019-09-11 19:04:14,108 [java.util.concurrent.ThreadPoolExecutor$Worker@7266fed5[State = -1, empty queue]] WARN  server.GrpcLogAppender (GrpcLogAppender.java:timeoutAppendRequest(200)) - 317be899-a5e7-4874-8b34-173a53939308@group-0BBEB04936B1->d1e1b199-a92a-4c37-98e7-20a84e9cbec2-GrpcLogAppender: appendEntries Timeout, request=317be899-a5e7-4874-8b34-173a53939308->d1e1b199-a92a-4c37-98e7-20a84e9cbec2#85-t1, previous=(t:1, i:13), leaderCommit=6, initializing? false, entries: <empty>
2019-09-11 19:04:14,601 [EventQueue-PipelineActionsForPipelineActionHandler] ERROR pipeline.PipelineActionHandler (PipelineActionHandler.java:onMessage(60)) - Received pipeline action CLOSE for Pipeline[ Id: f4acf43d-e397-454f-bb1f-0bbeb04936b1, Nodes: d1e1b199-a92a-4c37-98e7-20a84e9cbec2{ip: 192.168.5.143, host: pr-hdds-1786-trunk-xjsf7-3704618034, networkLocation: /default-rack, certSerialId: null}317be899-a5e7-4874-8b34-173a53939308{ip: 192.168.5.143, host: pr-hdds-1786-trunk-xjsf7-3704618034, networkLocation: /default-rack, certSerialId: null}b0d4f042-2fdd-43c4-bade-ce7ad6576109{ip: 192.168.5.143, host: pr-hdds-1786-trunk-xjsf7-3704618034, networkLocation: /default-rack, certSerialId: null}, Type:RATIS, Factor:THREE, State:CLOSED] from datanode 317be899-a5e7-4874-8b34-173a53939308{ip: 192.168.5.143, host: pr-hdds-1786-trunk-xjsf7-3704618034, networkLocation: /default-rack, certSerialId: null}. Reason : 317be899-a5e7-4874-8b34-173a53939308 has not seen follower/s d1e1b199-a92a-4c37-98e7-20a84e9cbec2 for 182393ms b0d4f042-2fdd-43c4-bade-ce7ad6576109 for 182393ms
2019-09-11 19:04:14,602 [EventQueue-PipelineActionsForPipelineActionHandler] INFO  pipeline.SCMPipelineManager (SCMPipelineManager.java:finalizeAndDestroyPipeline(311)) - destroying pipeline:Pipeline[ Id: f4acf43d-e397-454f-bb1f-0bbeb04936b1, Nodes: d1e1b199-a92a-4c37-98e7-20a84e9cbec2{ip: 192.168.5.143, host: pr-hdds-1786-trunk-xjsf7-3704618034, networkLocation: /default-rack, certSerialId: null}317be899-a5e7-4874-8b34-173a53939308{ip: 192.168.5.143, host: pr-hdds-1786-trunk-xjsf7-3704618034, networkLocation: /default-rack, certSerialId: null}b0d4f042-2fdd-43c4-bade-ce7ad6576109{ip: 192.168.5.143, host: pr-hdds-1786-trunk-xjsf7-3704618034, networkLocation: /default-rack, certSerialId: null}, Type:RATIS, Factor:THREE, State:CLOSED]
2019-09-11 19:04:16,110 [org.apache.ratis.server.impl.LogAppender$AppenderDaemon$$Lambda$497/214039350@75b65111] ERROR ratis.XceiverServerRatis (XceiverServerRatis.java:triggerPipelineClose(575)) - pipeline Action CLOSE  on pipeline PipelineID=f4acf43d-e397-454f-bb1f-0bbeb04936b1.Reason : 317be899-a5e7-4874-8b34-173a53939308 has not seen follower/s d1e1b199-a92a-4c37-98e7-20a84e9cbec2 for 184894ms b0d4f042-2fdd-43c4-bade-ce7ad6576109 for 184894ms
2019-09-11 19:04:16,110 [org.apache.ratis.server.impl.LogAppender$AppenderDaemon$$Lambda$497/214039350@2ab5298e] ERROR ratis.XceiverServerRatis (XceiverServerRatis.java:triggerPipelineClose(575)) - pipeline Action CLOSE  on pipeline PipelineID=f4acf43d-e397-454f-bb1f-0bbeb04936b1.Reason : 317be899-a5e7-4874-8b34-173a53939308 has not seen follower/s d1e1b199-a92a-4c37-98e7-20a84e9cbec2 for 184894ms b0d4f042-2fdd-43c4-bade-ce7ad6576109 for 184895ms
2019-09-11 19:04:16,600 [EventQueue-PipelineActionsForPipelineActionHandler] ERROR pipeline.PipelineActionHandler (PipelineActionHandler.java:onMessage(60)) - Received pipeline action CLOSE for Pipeline[ Id: f4acf43d-e397-454f-bb1f-0bbeb04936b1, Nodes: d1e1b199-a92a-4c37-98e7-20a84e9cbec2{ip: 192.168.5.143, host: pr-hdds-1786-trunk-xjsf7-3704618034, networkLocation: /default-rack, certSerialId: null}317be899-a5e7-4874-8b34-173a53939308{ip: 192.168.5.143, host: pr-hdds-1786-trunk-xjsf7-3704618034, networkLocation: /default-rack, certSerialId: null}b0d4f042-2fdd-43c4-bade-ce7ad6576109{ip: 192.168.5.143, host: pr-hdds-1786-trunk-xjsf7-3704618034, networkLocation: /default-rack, certSerialId: null}, Type:RATIS, Factor:THREE, State:CLOSED] from datanode 317be899-a5e7-4874-8b34-173a53939308{ip: 192.168.5.143, host: pr-hdds-1786-trunk-xjsf7-3704618034, networkLocation: /default-rack, certSerialId: null}. Reason : 317be899-a5e7-4874-8b34-173a53939308 has not seen follower/s d1e1b199-a92a-4c37-98e7-20a84e9cbec2 for 184894ms b0d4f042-2fdd-43c4-bade-ce7ad6576109 for 184894ms
2019-09-11 19:04:16,600 [EventQueue-PipelineActionsForPipelineActionHandler] INFO  pipeline.SCMPipelineManager (SCMPipelineManager.java:finalizeAndDestroyPipeline(311)) - destroying pipeline:Pipeline[ Id: f4acf43d-e397-454f-bb1f-0bbeb04936b1, Nodes: d1e1b199-a92a-4c37-98e7-20a84e9cbec2{ip: 192.168.5.143, host: pr-hdds-1786-trunk-xjsf7-3704618034, networkLocation: /default-rack, certSerialId: null}317be899-a5e7-4874-8b34-173a53939308{ip: 192.168.5.143, host: pr-hdds-1786-trunk-xjsf7-3704618034, networkLocation: /default-rack, certSerialId: null}b0d4f042-2fdd-43c4-bade-ce7ad6576109{ip: 192.168.5.143, host: pr-hdds-1786-trunk-xjsf7-3704618034, networkLocation: /default-rack, certSerialId: null}, Type:RATIS, Factor:THREE, State:CLOSED]
2019-09-11 19:04:16,609 [java.util.concurrent.ThreadPoolExecutor$Worker@7266fed5[State = -1, empty queue]] WARN  server.GrpcLogAppender (GrpcLogAppender.java:timeoutAppendRequest(200)) - 317be899-a5e7-4874-8b34-173a53939308@group-0BBEB04936B1->d1e1b199-a92a-4c37-98e7-20a84e9cbec2-GrpcLogAppender: appendEntries Timeout, request=317be899-a5e7-4874-8b34-173a53939308->d1e1b199-a92a-4c37-98e7-20a84e9cbec2#86-t1, previous=(t:1, i:13), leaderCommit=6, initializing? false, entries: <empty>
2019-09-11 19:04:16,609 [java.util.concurrent.ThreadPoolExecutor$Worker@20491363[State = -1, empty queue]] WARN  server.GrpcLogAppender (GrpcLogAppender.java:timeoutAppendRequest(200)) - 317be899-a5e7-4874-8b34-173a53939308@group-0BBEB04936B1->b0d4f042-2fdd-43c4-bade-ce7ad6576109-GrpcLogAppender: appendEntries Timeout, request=317be899-a5e7-4874-8b34-173a53939308->b0d4f042-2fdd-43c4-bade-ce7ad6576109#86-t1, previous=(t:1, i:13), leaderCommit=6, initializing? false, entries: <empty>
2019-09-11 19:04:17,574 [grpc-default-executor-5] INFO  impl.RaftServerProxy (RaftServerProxy.java:remove(95)) - d1e1b199-a92a-4c37-98e7-20a84e9cbec2: remove  FOLLOWER d1e1b199-a92a-4c37-98e7-20a84e9cbec2@group-0BBEB04936B1:t1, leader=317be899-a5e7-4874-8b34-173a53939308, voted=317be899-a5e7-4874-8b34-173a53939308, raftlog=d1e1b199-a92a-4c37-98e7-20a84e9cbec2@group-0BBEB04936B1-SegmentedRaftLog:OPENED:c6,f6,i13, conf=0: [317be899-a5e7-4874-8b34-173a53939308:192.168.5.143:42053, d1e1b199-a92a-4c37-98e7-20a84e9cbec2:192.168.5.143:35615, b0d4f042-2fdd-43c4-bade-ce7ad6576109:192.168.5.143:42232], old=null RUNNING
2019-09-11 19:04:17,575 [grpc-default-executor-5] INFO  impl.RaftServerImpl (RaftServerImpl.java:lambda$shutdown$3(251)) - d1e1b199-a92a-4c37-98e7-20a84e9cbec2@group-0BBEB04936B1: shutdown
2019-09-11 19:04:17,576 [grpc-default-executor-5] INFO  util.JmxRegister (JmxRegister.java:unregister(73)) - Successfully un-registered JMX Bean with object name Ratis:service=RaftServer,group=group-0BBEB04936B1,id=d1e1b199-a92a-4c37-98e7-20a84e9cbec2
2019-09-11 19:04:17,576 [grpc-default-executor-5] INFO  impl.RoleInfo (RoleInfo.java:shutdownFollowerState(121)) - d1e1b199-a92a-4c37-98e7-20a84e9cbec2: shutdown FollowerState
2019-09-11 19:04:17,576 [grpc-default-executor-5] INFO  impl.StateMachineUpdater (StateMachineUpdater.java:stopAndJoin(125)) - d1e1b199-a92a-4c37-98e7-20a84e9cbec2@group-0BBEB04936B1-StateMachineUpdater: set stopIndex = 6
2019-09-11 19:04:17,577 [Thread-869] INFO  impl.FollowerState (FollowerState.java:run(115)) - d1e1b199-a92a-4c37-98e7-20a84e9cbec2: FollowerState was interrupted: java.lang.InterruptedException: sleep interrupted
2019-09-11 19:04:17,577 [d1e1b199-a92a-4c37-98e7-20a84e9cbec2@group-0BBEB04936B1-StateMachineUpdater] INFO  ratis.ContainerStateMachine (ContainerStateMachine.java:takeSnapshot(289)) - group-0BBEB04936B1: Taking a snapshot at:(t:1, i:4) file /workdir/hadoop-ozone/integration-test/target/test-dir/MiniOzoneClusterImpl-8bc0b1d6-fcdc-4049-850d-8c31e36a20db/datanode-4/data/ratis/f4acf43d-e397-454f-bb1f-0bbeb04936b1/sm/snapshot.1_4
2019-09-11 19:04:17,592 [d1e1b199-a92a-4c37-98e7-20a84e9cbec2@group-0BBEB04936B1-StateMachineUpdater] INFO  ratis.ContainerStateMachine (ContainerStateMachine.java:takeSnapshot(300)) - group-0BBEB04936B1: Finished taking a snapshot at:(t:1, i:4) file:/workdir/hadoop-ozone/integration-test/target/test-dir/MiniOzoneClusterImpl-8bc0b1d6-fcdc-4049-850d-8c31e36a20db/datanode-4/data/ratis/f4acf43d-e397-454f-bb1f-0bbeb04936b1/sm/snapshot.1_4 time:15
2019-09-11 19:04:17,593 [d1e1b199-a92a-4c37-98e7-20a84e9cbec2@group-0BBEB04936B1-StateMachineUpdater] INFO  impl.StateMachineUpdater (StateMachineUpdater.java:takeSnapshot(258)) - d1e1b199-a92a-4c37-98e7-20a84e9cbec2@group-0BBEB04936B1-StateMachineUpdater: Took a snapshot at index 4
2019-09-11 19:04:17,593 [d1e1b199-a92a-4c37-98e7-20a84e9cbec2@group-0BBEB04936B1-StateMachineUpdater] INFO  impl.StateMachineUpdater (StateMachineUpdater.java:lambda$new$0(83)) - d1e1b199-a92a-4c37-98e7-20a84e9cbec2@group-0BBEB04936B1-StateMachineUpdater: snapshotIndex: updateIncreasingly -1 -> 4
2019-09-11 19:04:17,594 [d1e1b199-a92a-4c37-98e7-20a84e9cbec2@group-0BBEB04936B1-StateMachineUpdater] INFO  ratis.ContainerStateMachine (ContainerStateMachine.java:takeSnapshot(289)) - group-0BBEB04936B1: Taking a snapshot at:(t:1, i:4) file /workdir/hadoop-ozone/integration-test/target/test-dir/MiniOzoneClusterImpl-8bc0b1d6-fcdc-4049-850d-8c31e36a20db/datanode-4/data/ratis/f4acf43d-e397-454f-bb1f-0bbeb04936b1/sm/snapshot.1_4
2019-09-11 19:04:17,608 [d1e1b199-a92a-4c37-98e7-20a84e9cbec2@group-0BBEB04936B1-StateMachineUpdater] INFO  ratis.ContainerStateMachine (ContainerStateMachine.java:takeSnapshot(300)) - group-0BBEB04936B1: Finished taking a snapshot at:(t:1, i:4) file:/workdir/hadoop-ozone/integration-test/target/test-dir/MiniOzoneClusterImpl-8bc0b1d6-fcdc-4049-850d-8c31e36a20db/datanode-4/data/ratis/f4acf43d-e397-454f-bb1f-0bbeb04936b1/sm/snapshot.1_4 time:14
2019-09-11 19:04:17,609 [d1e1b199-a92a-4c37-98e7-20a84e9cbec2@group-0BBEB04936B1-StateMachineUpdater] INFO  impl.StateMachineUpdater (StateMachineUpdater.java:takeSnapshot(258)) - d1e1b199-a92a-4c37-98e7-20a84e9cbec2@group-0BBEB04936B1-StateMachineUpdater: Took a snapshot at index 4
2019-09-11 19:04:17,609 [d1e1b199-a92a-4c37-98e7-20a84e9cbec2@group-0BBEB04936B1-StateMachineUpdater] INFO  impl.StateMachineUpdater (StateMachineUpdater.java:lambda$new$0(83)) - d1e1b199-a92a-4c37-98e7-20a84e9cbec2@group-0BBEB04936B1-StateMachineUpdater: snapshotIndex: updateIncreasingly 4 -> 4
2019-09-11 19:04:17,609 [grpc-default-executor-5] INFO  impl.RaftServerImpl (ServerState.java:close(385)) - d1e1b199-a92a-4c37-98e7-20a84e9cbec2@group-0BBEB04936B1: closes. applyIndex: 6
2019-09-11 19:04:17,610 [d1e1b199-a92a-4c37-98e7-20a84e9cbec2@group-0BBEB04936B1-SegmentedRaftLogWorker] ERROR ratis.XceiverServerRatis (XceiverServerRatis.java:triggerPipelineClose(575)) - pipeline Action CLOSE  on pipeline PipelineID=f4acf43d-e397-454f-bb1f-0bbeb04936b1.Reason : WriteLog:8: (t:1, i:8), STATEMACHINELOGENTRY, client-AC8CE528086A, cid=43-writeStateMachineData interrupted.
2019-09-11 19:04:17,614 [EventQueue-PipelineActionsForPipelineActionHandler] ERROR pipeline.PipelineActionHandler (PipelineActionHandler.java:onMessage(60)) - Received pipeline action CLOSE for Pipeline[ Id: f4acf43d-e397-454f-bb1f-0bbeb04936b1, Nodes: d1e1b199-a92a-4c37-98e7-20a84e9cbec2{ip: 192.168.5.143, host: pr-hdds-1786-trunk-xjsf7-3704618034, networkLocation: /default-rack, certSerialId: null}317be899-a5e7-4874-8b34-173a53939308{ip: 192.168.5.143, host: pr-hdds-1786-trunk-xjsf7-3704618034, networkLocation: /default-rack, certSerialId: null}b0d4f042-2fdd-43c4-bade-ce7ad6576109{ip: 192.168.5.143, host: pr-hdds-1786-trunk-xjsf7-3704618034, networkLocation: /default-rack, certSerialId: null}, Type:RATIS, Factor:THREE, State:CLOSED] from datanode d1e1b199-a92a-4c37-98e7-20a84e9cbec2{ip: 192.168.5.143, host: pr-hdds-1786-trunk-xjsf7-3704618034, networkLocation: /default-rack, certSerialId: null}. Reason : WriteLog:8: (t:1, i:8), STATEMACHINELOGENTRY, client-AC8CE528086A, cid=43-writeStateMachineData interrupted.
2019-09-11 19:04:17,614 [EventQueue-PipelineActionsForPipelineActionHandler] INFO  pipeline.SCMPipelineManager (SCMPipelineManager.java:finalizeAndDestroyPipeline(311)) - destroying pipeline:Pipeline[ Id: f4acf43d-e397-454f-bb1f-0bbeb04936b1, Nodes: d1e1b199-a92a-4c37-98e7-20a84e9cbec2{ip: 192.168.5.143, host: pr-hdds-1786-trunk-xjsf7-3704618034, networkLocation: /default-rack, certSerialId: null}317be899-a5e7-4874-8b34-173a53939308{ip: 192.168.5.143, host: pr-hdds-1786-trunk-xjsf7-3704618034, networkLocation: /default-rack, certSerialId: null}b0d4f042-2fdd-43c4-bade-ce7ad6576109{ip: 192.168.5.143, host: pr-hdds-1786-trunk-xjsf7-3704618034, networkLocation: /default-rack, certSerialId: null}, Type:RATIS, Factor:THREE, State:CLOSED]
2019-09-11 19:04:17,618 [grpc-default-executor-5] INFO  segmented.SegmentedRaftLogWorker (SegmentedRaftLogWorker.java:close(228)) - d1e1b199-a92a-4c37-98e7-20a84e9cbec2@group-0BBEB04936B1-SegmentedRaftLogWorker close()
2019-09-11 19:04:17,635 [grpc-default-executor-5] INFO  interfaces.Container (KeyValueContainer.java:flushAndSyncDB(386)) - Container 4 is synced with bcsId 4.
2019-09-11 19:04:17,635 [grpc-default-executor-5] INFO  interfaces.Container (KeyValueContainer.java:flushAndSyncDB(386)) - Container 4 is synced with bcsId 4.
2019-09-11 19:04:17,655 [EventQueue-IncrementalContainerReportForIncrementalContainerReportHandler] INFO  container.IncrementalContainerReportHandler (AbstractContainerReportHandler.java:updateContainerState(169)) - Moving container #4 to QUASI_CLOSED state, datanode d1e1b199-a92a-4c37-98e7-20a84e9cbec2{ip: 192.168.5.143, host: pr-hdds-1786-trunk-xjsf7-3704618034, networkLocation: /default-rack, certSerialId: null} reported QUASI_CLOSED replica.
2019-09-11 19:04:17,680 [grpc-default-executor-5] INFO  interfaces.Container (KeyValueContainer.java:flushAndSyncDB(386)) - Container 5 is synced with bcsId 0.
2019-09-11 19:04:17,680 [grpc-default-executor-5] INFO  interfaces.Container (KeyValueContainer.java:flushAndSyncDB(386)) - Container 5 is synced with bcsId 0.
2019-09-11 19:04:17,696 [EventQueue-IncrementalContainerReportForIncrementalContainerReportHandler] INFO  container.IncrementalContainerReportHandler (AbstractContainerReportHandler.java:updateContainerState(169)) - Moving container #5 to QUASI_CLOSED state, datanode d1e1b199-a92a-4c37-98e7-20a84e9cbec2{ip: 192.168.5.143, host: pr-hdds-1786-trunk-xjsf7-3704618034, networkLocation: /default-rack, certSerialId: null} reported QUASI_CLOSED replica.
2019-09-11 19:04:17,700 [grpc-default-executor-5] INFO  impl.RaftServerProxy (RaftServerProxy.java:remove(95)) - 317be899-a5e7-4874-8b34-173a53939308: remove    LEADER 317be899-a5e7-4874-8b34-173a53939308@group-0BBEB04936B1:t1, leader=317be899-a5e7-4874-8b34-173a53939308, voted=317be899-a5e7-4874-8b34-173a53939308, raftlog=317be899-a5e7-4874-8b34-173a53939308@group-0BBEB04936B1-SegmentedRaftLog:OPENED:c6,f6,i13, conf=0: [317be899-a5e7-4874-8b34-173a53939308:192.168.5.143:42053, d1e1b199-a92a-4c37-98e7-20a84e9cbec2:192.168.5.143:35615, b0d4f042-2fdd-43c4-bade-ce7ad6576109:192.168.5.143:42232], old=null RUNNING
2019-09-11 19:04:17,701 [grpc-default-executor-5] INFO  impl.RaftServerImpl (RaftServerImpl.java:lambda$shutdown$3(251)) - 317be899-a5e7-4874-8b34-173a53939308@group-0BBEB04936B1: shutdown
2019-09-11 19:04:17,701 [grpc-default-executor-5] INFO  util.JmxRegister (JmxRegister.java:unregister(73)) - Successfully un-registered JMX Bean with object name Ratis:service=RaftServer,group=group-0BBEB04936B1,id=317be899-a5e7-4874-8b34-173a53939308
2019-09-11 19:04:17,701 [grpc-default-executor-5] INFO  impl.RoleInfo (RoleInfo.java:shutdownLeaderState(104)) - 317be899-a5e7-4874-8b34-173a53939308: shutdown LeaderState
2019-09-11 19:04:17,706 [org.apache.ratis.server.impl.LogAppender$AppenderDaemon$$Lambda$497/214039350@75b65111] WARN  server.GrpcLogAppender (GrpcLogAppender.java:mayWait(143)) - 317be899-a5e7-4874-8b34-173a53939308@group-0BBEB04936B1->d1e1b199-a92a-4c37-98e7-20a84e9cbec2-GrpcLogAppender: Wait interrupted by java.lang.InterruptedException
2019-09-11 19:04:17,706 [grpc-default-executor-5] INFO  impl.PendingRequests (PendingRequests.java:sendNotLeaderResponses(202)) - 317be899-a5e7-4874-8b34-173a53939308-PendingRequests: sendNotLeaderResponses
2019-09-11 19:04:17,708 [grpc-default-executor-4] INFO  server.GrpcServerProtocolService (GrpcServerProtocolService.java:onCompleted(113)) - d1e1b199-a92a-4c37-98e7-20a84e9cbec2: Completed APPEND_ENTRIES, lastRequest: 317be899-a5e7-4874-8b34-173a53939308->d1e1b199-a92a-4c37-98e7-20a84e9cbec2#87-t1, previous=(t:1, i:13), leaderCommit=6, initializing? false, entries: <empty>
2019-09-11 19:04:17,708 [org.apache.ratis.server.impl.LogAppender$AppenderDaemon$$Lambda$497/214039350@2ab5298e] WARN  server.GrpcLogAppender (GrpcLogAppender.java:mayWait(143)) - 317be899-a5e7-4874-8b34-173a53939308@group-0BBEB04936B1->b0d4f042-2fdd-43c4-bade-ce7ad6576109-GrpcLogAppender: Wait interrupted by java.lang.InterruptedException
2019-09-11 19:04:17,708 [grpc-default-executor-4] INFO  server.GrpcLogAppender (GrpcLogAppender.java:onCompleted(293)) - 317be899-a5e7-4874-8b34-173a53939308@group-0BBEB04936B1->d1e1b199-a92a-4c37-98e7-20a84e9cbec2-AppendLogResponseHandler: follower responses appendEntries COMPLETED
2019-09-11 19:04:17,709 [grpc-default-executor-9] INFO  server.GrpcServerProtocolService (GrpcServerProtocolService.java:onCompleted(113)) - b0d4f042-2fdd-43c4-bade-ce7ad6576109: Completed APPEND_ENTRIES, lastRequest: 317be899-a5e7-4874-8b34-173a53939308->b0d4f042-2fdd-43c4-bade-ce7ad6576109#87-t1, previous=(t:1, i:13), leaderCommit=6, initializing? false, entries: <empty>
2019-09-11 19:04:17,709 [grpc-default-executor-4] INFO  impl.FollowerInfo (FollowerInfo.java:lambda$new$0(51)) - 317be899-a5e7-4874-8b34-173a53939308@group-0BBEB04936B1->d1e1b199-a92a-4c37-98e7-20a84e9cbec2: nextIndex: updateUnconditionally 14 -> 7
2019-09-11 19:04:17,715 [grpc-default-executor-4] INFO  server.GrpcLogAppender (GrpcLogAppender.java:onCompleted(293)) - 317be899-a5e7-4874-8b34-173a53939308@group-0BBEB04936B1->b0d4f042-2fdd-43c4-bade-ce7ad6576109-AppendLogResponseHandler: follower responses appendEntries COMPLETED
2019-09-11 19:04:17,715 [317be899-a5e7-4874-8b34-173a53939308@group-0BBEB04936B1-StateMachineUpdater] INFO  ratis.ContainerStateMachine (ContainerStateMachine.java:takeSnapshot(289)) - group-0BBEB04936B1: Taking a snapshot at:(t:1, i:6) file /workdir/hadoop-ozone/integration-test/target/test-dir/MiniOzoneClusterImpl-8bc0b1d6-fcdc-4049-850d-8c31e36a20db/datanode-5/data/ratis/f4acf43d-e397-454f-bb1f-0bbeb04936b1/sm/snapshot.1_6
2019-09-11 19:04:17,715 [grpc-default-executor-4] INFO  impl.FollowerInfo (FollowerInfo.java:lambda$new$0(51)) - 317be899-a5e7-4874-8b34-173a53939308@group-0BBEB04936B1->b0d4f042-2fdd-43c4-bade-ce7ad6576109: nextIndex: updateUnconditionally 14 -> 7
2019-09-11 19:04:17,715 [grpc-default-executor-5] INFO  impl.StateMachineUpdater (StateMachineUpdater.java:stopAndJoin(125)) - 317be899-a5e7-4874-8b34-173a53939308@group-0BBEB04936B1-StateMachineUpdater: set stopIndex = 6
2019-09-11 19:04:17,723 [317be899-a5e7-4874-8b34-173a53939308@group-0BBEB04936B1-StateMachineUpdater] INFO  ratis.ContainerStateMachine (ContainerStateMachine.java:takeSnapshot(300)) - group-0BBEB04936B1: Finished taking a snapshot at:(t:1, i:6) file:/workdir/hadoop-ozone/integration-test/target/test-dir/MiniOzoneClusterImpl-8bc0b1d6-fcdc-4049-850d-8c31e36a20db/datanode-5/data/ratis/f4acf43d-e397-454f-bb1f-0bbeb04936b1/sm/snapshot.1_6 time:8
2019-09-11 19:04:17,723 [317be899-a5e7-4874-8b34-173a53939308@group-0BBEB04936B1-StateMachineUpdater] INFO  impl.StateMachineUpdater (StateMachineUpdater.java:takeSnapshot(258)) - 317be899-a5e7-4874-8b34-173a53939308@group-0BBEB04936B1-StateMachineUpdater: Took a snapshot at index 6
2019-09-11 19:04:17,723 [317be899-a5e7-4874-8b34-173a53939308@group-0BBEB04936B1-StateMachineUpdater] INFO  impl.StateMachineUpdater (StateMachineUpdater.java:lambda$new$0(83)) - 317be899-a5e7-4874-8b34-173a53939308@group-0BBEB04936B1-StateMachineUpdater: snapshotIndex: updateIncreasingly -1 -> 6
2019-09-11 19:04:17,724 [Command processor thread] ERROR commandhandler.CloseContainerCommandHandler (CloseContainerCommandHandler.java:handle(125)) - Can't close container #5
java.io.IOException: org.apache.ratis.protocol.GroupMismatchException: 317be899-a5e7-4874-8b34-173a53939308: group-0BBEB04936B1 not found.
	at org.apache.hadoop.ozone.container.common.transport.server.ratis.XceiverServerRatis.submitRequest(XceiverServerRatis.java:502)
	at org.apache.hadoop.ozone.container.common.statemachine.commandhandler.CloseContainerCommandHandler.handle(CloseContainerCommandHandler.java:102)
	at org.apache.hadoop.ozone.container.common.statemachine.commandhandler.CommandDispatcher.handle(CommandDispatcher.java:99)
	at org.apache.hadoop.ozone.container.common.statemachine.DatanodeStateMachine.lambda$initCommandHandlerThread$1(DatanodeStateMachine.java:432)
	at java.lang.Thread.run(Thread.java:748)
Caused by: java.util.concurrent.ExecutionException: org.apache.ratis.protocol.GroupMismatchException: 317be899-a5e7-4874-8b34-173a53939308: group-0BBEB04936B1 not found.
	at java.util.concurrent.CompletableFuture.reportGet(CompletableFuture.java:357)
	at java.util.concurrent.CompletableFuture.get(CompletableFuture.java:1895)
	at org.apache.hadoop.ozone.container.common.transport.server.ratis.XceiverServerRatis.submitRequest(XceiverServerRatis.java:500)
	... 4 more
Caused by: org.apache.ratis.protocol.GroupMismatchException: 317be899-a5e7-4874-8b34-173a53939308: group-0BBEB04936B1 not found.
	at org.apache.ratis.server.impl.RaftServerProxy$ImplMap.get(RaftServerProxy.java:122)
	at org.apache.ratis.server.impl.RaftServerProxy.getImplFuture(RaftServerProxy.java:269)
	at org.apache.ratis.server.impl.RaftServerProxy.submitRequest(RaftServerProxy.java:327)
	at org.apache.ratis.server.impl.RaftServerProxy.submitClientRequestAsync(RaftServerProxy.java:333)
	... 5 more
2019-09-11 19:04:17,726 [grpc-default-executor-5] INFO  impl.RaftServerImpl (ServerState.java:close(385)) - 317be899-a5e7-4874-8b34-173a53939308@group-0BBEB04936B1: closes. applyIndex: 6
2019-09-11 19:04:17,727 [317be899-a5e7-4874-8b34-173a53939308@group-0BBEB04936B1-SegmentedRaftLogWorker] ERROR ratis.XceiverServerRatis (XceiverServerRatis.java:triggerPipelineClose(575)) - pipeline Action CLOSE  on pipeline PipelineID=f4acf43d-e397-454f-bb1f-0bbeb04936b1.Reason : WriteLog:7: (t:1, i:7), STATEMACHINELOGENTRY, client-AC8CE528086A, cid=42-writeStateMachineData interrupted.
2019-09-11 19:04:17,729 [grpc-default-executor-5] INFO  segmented.SegmentedRaftLogWorker (SegmentedRaftLogWorker.java:close(228)) - 317be899-a5e7-4874-8b34-173a53939308@group-0BBEB04936B1-SegmentedRaftLogWorker close()
2019-09-11 19:04:17,732 [EventQueue-PipelineActionsForPipelineActionHandler] ERROR pipeline.PipelineActionHandler (PipelineActionHandler.java:onMessage(60)) - Received pipeline action CLOSE for Pipeline[ Id: f4acf43d-e397-454f-bb1f-0bbeb04936b1, Nodes: d1e1b199-a92a-4c37-98e7-20a84e9cbec2{ip: 192.168.5.143, host: pr-hdds-1786-trunk-xjsf7-3704618034, networkLocation: /default-rack, certSerialId: null}317be899-a5e7-4874-8b34-173a53939308{ip: 192.168.5.143, host: pr-hdds-1786-trunk-xjsf7-3704618034, networkLocation: /default-rack, certSerialId: null}b0d4f042-2fdd-43c4-bade-ce7ad6576109{ip: 192.168.5.143, host: pr-hdds-1786-trunk-xjsf7-3704618034, networkLocation: /default-rack, certSerialId: null}, Type:RATIS, Factor:THREE, State:CLOSED] from datanode 317be899-a5e7-4874-8b34-173a53939308{ip: 192.168.5.143, host: pr-hdds-1786-trunk-xjsf7-3704618034, networkLocation: /default-rack, certSerialId: null}. Reason : WriteLog:7: (t:1, i:7), STATEMACHINELOGENTRY, client-AC8CE528086A, cid=42-writeStateMachineData interrupted.
2019-09-11 19:04:17,733 [EventQueue-PipelineActionsForPipelineActionHandler] INFO  pipeline.SCMPipelineManager (SCMPipelineManager.java:finalizeAndDestroyPipeline(311)) - destroying pipeline:Pipeline[ Id: f4acf43d-e397-454f-bb1f-0bbeb04936b1, Nodes: d1e1b199-a92a-4c37-98e7-20a84e9cbec2{ip: 192.168.5.143, host: pr-hdds-1786-trunk-xjsf7-3704618034, networkLocation: /default-rack, certSerialId: null}317be899-a5e7-4874-8b34-173a53939308{ip: 192.168.5.143, host: pr-hdds-1786-trunk-xjsf7-3704618034, networkLocation: /default-rack, certSerialId: null}b0d4f042-2fdd-43c4-bade-ce7ad6576109{ip: 192.168.5.143, host: pr-hdds-1786-trunk-xjsf7-3704618034, networkLocation: /default-rack, certSerialId: null}, Type:RATIS, Factor:THREE, State:CLOSED]
2019-09-11 19:04:17,764 [grpc-default-executor-5] INFO  interfaces.Container (KeyValueContainer.java:flushAndSyncDB(386)) - Container 4 is synced with bcsId 4.
2019-09-11 19:04:17,764 [grpc-default-executor-5] INFO  interfaces.Container (KeyValueContainer.java:flushAndSyncDB(386)) - Container 4 is synced with bcsId 4.
2019-09-11 19:04:17,854 [grpc-default-executor-5] INFO  interfaces.Container (KeyValueContainer.java:flushAndSyncDB(386)) - Container 5 is synced with bcsId 0.
2019-09-11 19:04:17,854 [grpc-default-executor-5] INFO  interfaces.Container (KeyValueContainer.java:flushAndSyncDB(386)) - Container 5 is synced with bcsId 0.
2019-09-11 19:04:17,889 [grpc-default-executor-5] INFO  impl.RaftServerProxy (RaftServerProxy.java:remove(95)) - b0d4f042-2fdd-43c4-bade-ce7ad6576109: remove  FOLLOWER b0d4f042-2fdd-43c4-bade-ce7ad6576109@group-0BBEB04936B1:t1, leader=317be899-a5e7-4874-8b34-173a53939308, voted=b0d4f042-2fdd-43c4-bade-ce7ad6576109, raftlog=b0d4f042-2fdd-43c4-bade-ce7ad6576109@group-0BBEB04936B1-SegmentedRaftLog:OPENED:c6,f6,i13, conf=0: [317be899-a5e7-4874-8b34-173a53939308:192.168.5.143:42053, d1e1b199-a92a-4c37-98e7-20a84e9cbec2:192.168.5.143:35615, b0d4f042-2fdd-43c4-bade-ce7ad6576109:192.168.5.143:42232], old=null RUNNING
2019-09-11 19:04:17,889 [grpc-default-executor-5] INFO  impl.RaftServerImpl (RaftServerImpl.java:lambda$shutdown$3(251)) - b0d4f042-2fdd-43c4-bade-ce7ad6576109@group-0BBEB04936B1: shutdown
2019-09-11 19:04:17,890 [grpc-default-executor-5] INFO  util.JmxRegister (JmxRegister.java:unregister(73)) - Successfully un-registered JMX Bean with object name Ratis:service=RaftServer,group=group-0BBEB04936B1,id=b0d4f042-2fdd-43c4-bade-ce7ad6576109
2019-09-11 19:04:17,890 [grpc-default-executor-5] INFO  impl.RoleInfo (RoleInfo.java:shutdownFollowerState(121)) - b0d4f042-2fdd-43c4-bade-ce7ad6576109: shutdown FollowerState
2019-09-11 19:04:17,890 [grpc-default-executor-5] INFO  impl.StateMachineUpdater (StateMachineUpdater.java:stopAndJoin(125)) - b0d4f042-2fdd-43c4-bade-ce7ad6576109@group-0BBEB04936B1-StateMachineUpdater: set stopIndex = 6
2019-09-11 19:04:17,890 [Thread-872] INFO  impl.FollowerState (FollowerState.java:run(115)) - b0d4f042-2fdd-43c4-bade-ce7ad6576109: FollowerState was interrupted: java.lang.InterruptedException: sleep interrupted
2019-09-11 19:04:17,891 [b0d4f042-2fdd-43c4-bade-ce7ad6576109@group-0BBEB04936B1-StateMachineUpdater] INFO  ratis.ContainerStateMachine (ContainerStateMachine.java:takeSnapshot(289)) - group-0BBEB04936B1: Taking a snapshot at:(t:1, i:4) file /workdir/hadoop-ozone/integration-test/target/test-dir/MiniOzoneClusterImpl-8bc0b1d6-fcdc-4049-850d-8c31e36a20db/datanode-2/data/ratis/f4acf43d-e397-454f-bb1f-0bbeb04936b1/sm/snapshot.1_4
2019-09-11 19:04:17,970 [b0d4f042-2fdd-43c4-bade-ce7ad6576109@group-0BBEB04936B1-StateMachineUpdater] INFO  ratis.ContainerStateMachine (ContainerStateMachine.java:takeSnapshot(300)) - group-0BBEB04936B1: Finished taking a snapshot at:(t:1, i:4) file:/workdir/hadoop-ozone/integration-test/target/test-dir/MiniOzoneClusterImpl-8bc0b1d6-fcdc-4049-850d-8c31e36a20db/datanode-2/data/ratis/f4acf43d-e397-454f-bb1f-0bbeb04936b1/sm/snapshot.1_4 time:79
2019-09-11 19:04:17,970 [b0d4f042-2fdd-43c4-bade-ce7ad6576109@group-0BBEB04936B1-StateMachineUpdater] INFO  impl.StateMachineUpdater (StateMachineUpdater.java:takeSnapshot(258)) - b0d4f042-2fdd-43c4-bade-ce7ad6576109@group-0BBEB04936B1-StateMachineUpdater: Took a snapshot at index 4
2019-09-11 19:04:17,970 [b0d4f042-2fdd-43c4-bade-ce7ad6576109@group-0BBEB04936B1-StateMachineUpdater] INFO  impl.StateMachineUpdater (StateMachineUpdater.java:lambda$new$0(83)) - b0d4f042-2fdd-43c4-bade-ce7ad6576109@group-0BBEB04936B1-StateMachineUpdater: snapshotIndex: updateIncreasingly -1 -> 4
2019-09-11 19:04:17,971 [b0d4f042-2fdd-43c4-bade-ce7ad6576109@group-0BBEB04936B1-StateMachineUpdater] INFO  ratis.ContainerStateMachine (ContainerStateMachine.java:takeSnapshot(289)) - group-0BBEB04936B1: Taking a snapshot at:(t:1, i:4) file /workdir/hadoop-ozone/integration-test/target/test-dir/MiniOzoneClusterImpl-8bc0b1d6-fcdc-4049-850d-8c31e36a20db/datanode-2/data/ratis/f4acf43d-e397-454f-bb1f-0bbeb04936b1/sm/snapshot.1_4
2019-09-11 19:04:17,992 [b0d4f042-2fdd-43c4-bade-ce7ad6576109@group-0BBEB04936B1-StateMachineUpdater] INFO  ratis.ContainerStateMachine (ContainerStateMachine.java:takeSnapshot(300)) - group-0BBEB04936B1: Finished taking a snapshot at:(t:1, i:4) file:/workdir/hadoop-ozone/integration-test/target/test-dir/MiniOzoneClusterImpl-8bc0b1d6-fcdc-4049-850d-8c31e36a20db/datanode-2/data/ratis/f4acf43d-e397-454f-bb1f-0bbeb04936b1/sm/snapshot.1_4 time:21
2019-09-11 19:04:17,995 [b0d4f042-2fdd-43c4-bade-ce7ad6576109@group-0BBEB04936B1-StateMachineUpdater] INFO  impl.StateMachineUpdater (StateMachineUpdater.java:takeSnapshot(258)) - b0d4f042-2fdd-43c4-bade-ce7ad6576109@group-0BBEB04936B1-StateMachineUpdater: Took a snapshot at index 4
2019-09-11 19:04:17,995 [b0d4f042-2fdd-43c4-bade-ce7ad6576109@group-0BBEB04936B1-StateMachineUpdater] INFO  impl.StateMachineUpdater (StateMachineUpdater.java:lambda$new$0(83)) - b0d4f042-2fdd-43c4-bade-ce7ad6576109@group-0BBEB04936B1-StateMachineUpdater: snapshotIndex: updateIncreasingly 4 -> 4
2019-09-11 19:04:18,002 [grpc-default-executor-5] INFO  impl.RaftServerImpl (ServerState.java:close(385)) - b0d4f042-2fdd-43c4-bade-ce7ad6576109@group-0BBEB04936B1: closes. applyIndex: 6
2019-09-11 19:04:18,002 [main] WARN  io.KeyOutputStream (KeyOutputStream.java:handleException(276)) - Encountered exception java.io.IOException: Unexpected Storage Container Exception: java.util.concurrent.CompletionException: java.util.concurrent.CompletionException: org.apache.ratis.protocol.GroupMismatchException: b0d4f042-2fdd-43c4-bade-ce7ad6576109: group-0BBEB04936B1 not found. on the pipeline Pipeline[ Id: f4acf43d-e397-454f-bb1f-0bbeb04936b1, Nodes: d1e1b199-a92a-4c37-98e7-20a84e9cbec2{ip: 192.168.5.143, host: pr-hdds-1786-trunk-xjsf7-3704618034, networkLocation: /default-rack, certSerialId: null}317be899-a5e7-4874-8b34-173a53939308{ip: 192.168.5.143, host: pr-hdds-1786-trunk-xjsf7-3704618034, networkLocation: /default-rack, certSerialId: null}b0d4f042-2fdd-43c4-bade-ce7ad6576109{ip: 192.168.5.143, host: pr-hdds-1786-trunk-xjsf7-3704618034, networkLocation: /default-rack, certSerialId: null}, Type:RATIS, Factor:THREE, State:OPEN]. The last committed block length is 0, uncommitted data length is 400 retry count 0
2019-09-11 19:04:18,002 [b0d4f042-2fdd-43c4-bade-ce7ad6576109@group-0BBEB04936B1-SegmentedRaftLogWorker] ERROR ratis.XceiverServerRatis (XceiverServerRatis.java:triggerPipelineClose(575)) - pipeline Action CLOSE  on pipeline PipelineID=f4acf43d-e397-454f-bb1f-0bbeb04936b1.Reason : WriteLog:8: (t:1, i:8), STATEMACHINELOGENTRY, client-AC8CE528086A, cid=43-writeStateMachineData interrupted.
2019-09-11 19:04:18,006 [EventQueue-PipelineActionsForPipelineActionHandler] ERROR pipeline.PipelineActionHandler (PipelineActionHandler.java:onMessage(60)) - Received pipeline action CLOSE for Pipeline[ Id: f4acf43d-e397-454f-bb1f-0bbeb04936b1, Nodes: d1e1b199-a92a-4c37-98e7-20a84e9cbec2{ip: 192.168.5.143, host: pr-hdds-1786-trunk-xjsf7-3704618034, networkLocation: /default-rack, certSerialId: null}317be899-a5e7-4874-8b34-173a53939308{ip: 192.168.5.143, host: pr-hdds-1786-trunk-xjsf7-3704618034, networkLocation: /default-rack, certSerialId: null}b0d4f042-2fdd-43c4-bade-ce7ad6576109{ip: 192.168.5.143, host: pr-hdds-1786-trunk-xjsf7-3704618034, networkLocation: /default-rack, certSerialId: null}, Type:RATIS, Factor:THREE, State:CLOSED] from datanode b0d4f042-2fdd-43c4-bade-ce7ad6576109{ip: 192.168.5.143, host: pr-hdds-1786-trunk-xjsf7-3704618034, networkLocation: /default-rack, certSerialId: null}. Reason : WriteLog:8: (t:1, i:8), STATEMACHINELOGENTRY, client-AC8CE528086A, cid=43-writeStateMachineData interrupted.
2019-09-11 19:04:18,006 [EventQueue-PipelineActionsForPipelineActionHandler] INFO  pipeline.SCMPipelineManager (SCMPipelineManager.java:finalizeAndDestroyPipeline(311)) - destroying pipeline:Pipeline[ Id: f4acf43d-e397-454f-bb1f-0bbeb04936b1, Nodes: d1e1b199-a92a-4c37-98e7-20a84e9cbec2{ip: 192.168.5.143, host: pr-hdds-1786-trunk-xjsf7-3704618034, networkLocation: /default-rack, certSerialId: null}317be899-a5e7-4874-8b34-173a53939308{ip: 192.168.5.143, host: pr-hdds-1786-trunk-xjsf7-3704618034, networkLocation: /default-rack, certSerialId: null}b0d4f042-2fdd-43c4-bade-ce7ad6576109{ip: 192.168.5.143, host: pr-hdds-1786-trunk-xjsf7-3704618034, networkLocation: /default-rack, certSerialId: null}, Type:RATIS, Factor:THREE, State:CLOSED]
2019-09-11 19:04:18,012 [grpc-default-executor-5] INFO  segmented.SegmentedRaftLogWorker (SegmentedRaftLogWorker.java:close(228)) - b0d4f042-2fdd-43c4-bade-ce7ad6576109@group-0BBEB04936B1-SegmentedRaftLogWorker close()
2019-09-11 19:04:18,034 [grpc-default-executor-5] INFO  interfaces.Container (KeyValueContainer.java:flushAndSyncDB(386)) - Container 4 is synced with bcsId 4.
2019-09-11 19:04:18,034 [grpc-default-executor-5] INFO  interfaces.Container (KeyValueContainer.java:flushAndSyncDB(386)) - Container 4 is synced with bcsId 4.
2019-09-11 19:04:18,052 [grpc-default-executor-4] INFO  client.GrpcClientProtocolClient (GrpcClientProtocolClient.java:onNext(264)) - client-2EE678FA0B74->1dfc4eb8-d8ec-4130-b376-cf7ff73b125d: receive RaftClientReply:client-2EE678FA0B74->1dfc4eb8-d8ec-4130-b376-cf7ff73b125d@group-48DA6CD875F1, cid=135, FAILED org.apache.ratis.protocol.NotLeaderException: Server 1dfc4eb8-d8ec-4130-b376-cf7ff73b125d@group-48DA6CD875F1 is not the leader 36a29c35-610f-4710-b674-c92bf5ca9300:192.168.5.143:36393, logIndex=0, commits[1dfc4eb8-d8ec-4130-b376-cf7ff73b125d:c6, 9dbca244-cd1a-479d-a4f4-40cf2c5bb7b6:c6, 36a29c35-610f-4710-b674-c92bf5ca9300:c6]
2019-09-11 19:04:18,177 [grpc-default-executor-5] INFO  interfaces.Container (KeyValueContainer.java:flushAndSyncDB(386)) - Container 5 is synced with bcsId 0.
2019-09-11 19:04:18,177 [grpc-default-executor-5] INFO  interfaces.Container (KeyValueContainer.java:flushAndSyncDB(386)) - Container 5 is synced with bcsId 0.
2019-09-11 19:04:18,205 [RatisPipelineUtilsThread] INFO  pipeline.PipelineStateManager (PipelineStateManager.java:removePipeline(108)) - Pipeline Pipeline[ Id: f4acf43d-e397-454f-bb1f-0bbeb04936b1, Nodes: d1e1b199-a92a-4c37-98e7-20a84e9cbec2{ip: 192.168.5.143, host: pr-hdds-1786-trunk-xjsf7-3704618034, networkLocation: /default-rack, certSerialId: null}317be899-a5e7-4874-8b34-173a53939308{ip: 192.168.5.143, host: pr-hdds-1786-trunk-xjsf7-3704618034, networkLocation: /default-rack, certSerialId: null}b0d4f042-2fdd-43c4-bade-ce7ad6576109{ip: 192.168.5.143, host: pr-hdds-1786-trunk-xjsf7-3704618034, networkLocation: /default-rack, certSerialId: null}, Type:RATIS, Factor:THREE, State:CLOSED] removed from db
2019-09-11 19:04:18,288 [grpc-default-executor-5] INFO  client.GrpcClientProtocolClient (GrpcClientProtocolClient.java:onNext(264)) - client-2EE678FA0B74->36a29c35-610f-4710-b674-c92bf5ca9300: receive RaftClientReply:client-2EE678FA0B74->36a29c35-610f-4710-b674-c92bf5ca9300@group-48DA6CD875F1, cid=135, SUCCESS, logIndex=7, commits[36a29c35-610f-4710-b674-c92bf5ca9300:c7, 1dfc4eb8-d8ec-4130-b376-cf7ff73b125d:c6, 9dbca244-cd1a-479d-a4f4-40cf2c5bb7b6:c6]
2019-09-11 19:04:18,309 [grpc-default-executor-4] INFO  client.GrpcClientProtocolClient (GrpcClientProtocolClient.java:onNext(264)) - client-2EE678FA0B74->36a29c35-610f-4710-b674-c92bf5ca9300: receive RaftClientReply:client-2EE678FA0B74->36a29c35-610f-4710-b674-c92bf5ca9300@group-48DA6CD875F1, cid=136, SUCCESS, logIndex=9, commits[36a29c35-610f-4710-b674-c92bf5ca9300:c9, 1dfc4eb8-d8ec-4130-b376-cf7ff73b125d:c8, 9dbca244-cd1a-479d-a4f4-40cf2c5bb7b6:c8]
2019-09-11 19:04:18,370 [grpc-default-executor-4] INFO  client.GrpcClientProtocolClient (GrpcClientProtocolClient.java:onNext(264)) - client-2EE678FA0B74->36a29c35-610f-4710-b674-c92bf5ca9300: receive RaftClientReply:client-2EE678FA0B74->36a29c35-610f-4710-b674-c92bf5ca9300@group-48DA6CD875F1, cid=137, SUCCESS, logIndex=10, commits[36a29c35-610f-4710-b674-c92bf5ca9300:c18, 1dfc4eb8-d8ec-4130-b376-cf7ff73b125d:c13, 9dbca244-cd1a-479d-a4f4-40cf2c5bb7b6:c13]
2019-09-11 19:04:18,386 [grpc-default-executor-4] INFO  client.GrpcClientProtocolClient (GrpcClientProtocolClient.java:onNext(264)) - client-2EE678FA0B74->36a29c35-610f-4710-b674-c92bf5ca9300: receive RaftClientReply:client-2EE678FA0B74->36a29c35-610f-4710-b674-c92bf5ca9300@group-48DA6CD875F1, cid=138, SUCCESS, logIndex=11, commits[36a29c35-610f-4710-b674-c92bf5ca9300:c18, 1dfc4eb8-d8ec-4130-b376-cf7ff73b125d:c13, 9dbca244-cd1a-479d-a4f4-40cf2c5bb7b6:c13]
2019-09-11 19:04:18,386 [grpc-default-executor-4] INFO  client.GrpcClientProtocolClient (GrpcClientProtocolClient.java:onNext(264)) - client-2EE678FA0B74->36a29c35-610f-4710-b674-c92bf5ca9300: receive RaftClientReply:client-2EE678FA0B74->36a29c35-610f-4710-b674-c92bf5ca9300@group-48DA6CD875F1, cid=139, SUCCESS, logIndex=12, commits[36a29c35-610f-4710-b674-c92bf5ca9300:c18, 1dfc4eb8-d8ec-4130-b376-cf7ff73b125d:c13, 9dbca244-cd1a-479d-a4f4-40cf2c5bb7b6:c13]
2019-09-11 19:04:18,505 [grpc-default-executor-4] INFO  client.GrpcClientProtocolClient (GrpcClientProtocolClient.java:onNext(264)) - client-2EE678FA0B74->36a29c35-610f-4710-b674-c92bf5ca9300: receive RaftClientReply:client-2EE678FA0B74->36a29c35-610f-4710-b674-c92bf5ca9300@group-48DA6CD875F1, cid=140, SUCCESS, logIndex=13, commits[36a29c35-610f-4710-b674-c92bf5ca9300:c18, 1dfc4eb8-d8ec-4130-b376-cf7ff73b125d:c13, 9dbca244-cd1a-479d-a4f4-40cf2c5bb7b6:c13]
]]></system-out>
  </testcase>
  <testcase name="testBufferCaching" classname="org.apache.hadoop.ozone.client.rpc.TestBlockOutputStream" time="0.506"/>
  <testcase name="testWriteWithExceedingMaxBufferLimit" classname="org.apache.hadoop.ozone.client.rpc.TestBlockOutputStream" time="0.103"/>
</testsuite>