<?xml version="1.0" encoding="UTF-8"?>
<testsuite xmlns:xsi="http://www.w3.org/2001/XMLSchema-instance" xsi:noNamespaceSchemaLocation="https://maven.apache.org/surefire/maven-surefire-plugin/xsd/surefire-test-report.xsd" name="org.apache.hadoop.ozone.client.rpc.TestMultiBlockWritesWithDnFailures" time="34.909" tests="1" errors="1" skipped="0" failures="0">
  <properties>
    <property name="awt.toolkit" value="sun.awt.X11.XToolkit"/>
    <property name="file.encoding.pkg" value="sun.io"/>
    <property name="java.specification.version" value="1.8"/>
    <property name="sun.cpu.isalist" value=""/>
    <property name="sun.jnu.encoding" value="UTF-8"/>
    <property name="java.class.path" value="/workdir/hadoop-ozone/integration-test/target/test-classes:/workdir/hadoop-ozone/integration-test/target/classes:/home/user/.m2/repository/org/apache/hadoop/hadoop-ozone-common/0.5.0-SNAPSHOT/hadoop-ozone-common-0.5.0-SNAPSHOT.jar:/home/user/.m2/repository/org/apache/commons/commons-compress/1.4.1/commons-compress-1.4.1.jar:/home/user/.m2/repository/org/tukaani/xz/1.0/xz-1.0.jar:/home/user/.m2/repository/org/apache/hadoop/hadoop-common/3.2.0/hadoop-common-3.2.0.jar:/home/user/.m2/repository/org/apache/hadoop/hadoop-hdfs/3.2.0/hadoop-hdfs-3.2.0.jar:/home/user/.m2/repository/org/apache/hadoop/hadoop-hdfs-client/3.2.0/hadoop-hdfs-client-3.2.0.jar:/home/user/.m2/repository/com/fasterxml/jackson/core/jackson-annotations/2.9.5/jackson-annotations-2.9.5.jar:/home/user/.m2/repository/org/apache/hadoop/hadoop-hdds-common/0.5.0-SNAPSHOT/hadoop-hdds-common-0.5.0-SNAPSHOT.jar:/home/user/.m2/repository/javax/annotation/javax.annotation-api/1.2/javax.annotation-api-1.2.jar:/home/user/.m2/repository/org/apache/ratis/ratis-server/0.4.0-2337318-SNAPSHOT/ratis-server-0.4.0-2337318-SNAPSHOT.jar:/home/user/.m2/repository/org/apache/ratis/ratis-thirdparty-misc/0.2.0/ratis-thirdparty-misc-0.2.0.jar:/home/user/.m2/repository/org/apache/ratis/ratis-proto/0.4.0-2337318-SNAPSHOT/ratis-proto-0.4.0-2337318-SNAPSHOT.jar:/home/user/.m2/repository/org/apache/ratis/ratis-common/0.4.0-2337318-SNAPSHOT/ratis-common-0.4.0-2337318-SNAPSHOT.jar:/home/user/.m2/repository/org/apache/ratis/ratis-client/0.4.0-2337318-SNAPSHOT/ratis-client-0.4.0-2337318-SNAPSHOT.jar:/home/user/.m2/repository/org/apache/ratis/ratis-metrics/0.4.0-2337318-SNAPSHOT/ratis-metrics-0.4.0-2337318-SNAPSHOT.jar:/home/user/.m2/repository/org/apache/ratis/ratis-netty/0.4.0-2337318-SNAPSHOT/ratis-netty-0.4.0-2337318-SNAPSHOT.jar:/home/user/.m2/repository/org/apache/ratis/ratis-grpc/0.4.0-2337318-SNAPSHOT/ratis-grpc-0.4.0-2337318-SNAPSHOT.jar:/home/user/.m2/repository/org/rocksdb/rocksdbjni/6.0.1/rocksdbjni-6.0.1.jar:/home/user/.m2/repository/org/apache/logging/log4j/log4j-api/2.11.0/log4j-api-2.11.0.jar:/home/user/.m2/repository/org/apache/logging/log4j/log4j-core/2.11.0/log4j-core-2.11.0.jar:/home/user/.m2/repository/com/lmax/disruptor/3.4.2/disruptor-3.4.2.jar:/home/user/.m2/repository/org/apache/commons/commons-pool2/2.6.0/commons-pool2-2.6.0.jar:/home/user/.m2/repository/org/bouncycastle/bcpkix-jdk15on/1.60/bcpkix-jdk15on-1.60.jar:/home/user/.m2/repository/commons-validator/commons-validator/1.6/commons-validator-1.6.jar:/home/user/.m2/repository/commons-digester/commons-digester/1.8.1/commons-digester-1.8.1.jar:/home/user/.m2/repository/io/jaegertracing/jaeger-client/0.33.1/jaeger-client-0.33.1.jar:/home/user/.m2/repository/io/jaegertracing/jaeger-thrift/0.33.1/jaeger-thrift-0.33.1.jar:/home/user/.m2/repository/org/apache/thrift/libthrift/0.11.0/libthrift-0.11.0.jar:/home/user/.m2/repository/com/squareup/okhttp3/okhttp/3.9.0/okhttp-3.9.0.jar:/home/user/.m2/repository/com/squareup/okio/okio/1.13.0/okio-1.13.0.jar:/home/user/.m2/repository/io/jaegertracing/jaeger-core/0.33.1/jaeger-core-0.33.1.jar:/home/user/.m2/repository/io/jaegertracing/jaeger-tracerresolver/0.33.1/jaeger-tracerresolver-0.33.1.jar:/home/user/.m2/repository/io/opentracing/contrib/opentracing-tracerresolver/0.1.5/opentracing-tracerresolver-0.1.5.jar:/home/user/.m2/repository/io/opentracing/opentracing-util/0.31.0/opentracing-util-0.31.0.jar:/home/user/.m2/repository/io/opentracing/opentracing-api/0.31.0/opentracing-api-0.31.0.jar:/home/user/.m2/repository/io/opentracing/opentracing-noop/0.31.0/opentracing-noop-0.31.0.jar:/home/user/.m2/repository/org/apache/hadoop/hadoop-hdds-server-framework/0.5.0-SNAPSHOT/hadoop-hdds-server-framework-0.5.0-SNAPSHOT.jar:/home/user/.m2/repository/org/apache/hadoop/hadoop-hdds-container-service/0.5.0-SNAPSHOT/hadoop-hdds-container-service-0.5.0-SNAPSHOT.jar:/home/user/.m2/repository/org/apache/hadoop/hadoop-hdds-client/0.5.0-SNAPSHOT/hadoop-hdds-client-0.5.0-SNAPSHOT.jar:/home/user/.m2/repository/org/apache/hadoop/hadoop-hdds-tools/0.5.0-SNAPSHOT/hadoop-hdds-tools-0.5.0-SNAPSHOT.jar:/home/user/.m2/repository/org/apache/hadoop/hadoop-hdds-server-scm/0.5.0-SNAPSHOT/hadoop-hdds-server-scm-0.5.0-SNAPSHOT.jar:/home/user/.m2/repository/org/apache/hadoop/hadoop-hdds-docs/0.5.0-SNAPSHOT/hadoop-hdds-docs-0.5.0-SNAPSHOT.jar:/home/user/.m2/repository/com/sun/xml/bind/jaxb-impl/2.3.0.1/jaxb-impl-2.3.0.1.jar:/home/user/.m2/repository/com/sun/xml/bind/jaxb-core/2.3.0.1/jaxb-core-2.3.0.1.jar:/home/user/.m2/repository/javax/xml/bind/jaxb-api/2.3.0/jaxb-api-2.3.0.jar:/home/user/.m2/repository/javax/activation/activation/1.1.1/activation-1.1.1.jar:/home/user/.m2/repository/io/dropwizard/metrics/metrics-core/3.2.4/metrics-core-3.2.4.jar:/home/user/.m2/repository/org/hamcrest/hamcrest-all/1.3/hamcrest-all-1.3.jar:/home/user/.m2/repository/org/bouncycastle/bcprov-jdk15on/1.60/bcprov-jdk15on-1.60.jar:/home/user/.m2/repository/info/picocli/picocli/3.9.6/picocli-3.9.6.jar:/home/user/.m2/repository/com/google/protobuf/protobuf-java/2.5.0/protobuf-java-2.5.0.jar:/home/user/.m2/repository/com/google/guava/guava/11.0.2/guava-11.0.2.jar:/home/user/.m2/repository/org/apache/hadoop/hadoop-ozone-ozone-manager/0.5.0-SNAPSHOT/hadoop-ozone-ozone-manager-0.5.0-SNAPSHOT.jar:/home/user/.m2/repository/org/apache/hadoop/hadoop-minikdc/3.2.0/hadoop-minikdc-3.2.0.jar:/home/user/.m2/repository/commons-io/commons-io/2.5/commons-io-2.5.jar:/home/user/.m2/repository/org/apache/kerby/kerb-simplekdc/1.0.1/kerb-simplekdc-1.0.1.jar:/home/user/.m2/repository/org/apache/kerby/kerb-client/1.0.1/kerb-client-1.0.1.jar:/home/user/.m2/repository/org/apache/kerby/kerby-config/1.0.1/kerby-config-1.0.1.jar:/home/user/.m2/repository/org/apache/kerby/kerb-core/1.0.1/kerb-core-1.0.1.jar:/home/user/.m2/repository/org/apache/kerby/kerby-pkix/1.0.1/kerby-pkix-1.0.1.jar:/home/user/.m2/repository/org/apache/kerby/kerby-asn1/1.0.1/kerby-asn1-1.0.1.jar:/home/user/.m2/repository/org/apache/kerby/kerby-util/1.0.1/kerby-util-1.0.1.jar:/home/user/.m2/repository/org/apache/kerby/kerb-common/1.0.1/kerb-common-1.0.1.jar:/home/user/.m2/repository/org/apache/kerby/kerb-crypto/1.0.1/kerb-crypto-1.0.1.jar:/home/user/.m2/repository/org/apache/kerby/kerb-util/1.0.1/kerb-util-1.0.1.jar:/home/user/.m2/repository/org/apache/kerby/token-provider/1.0.1/token-provider-1.0.1.jar:/home/user/.m2/repository/org/apache/kerby/kerb-admin/1.0.1/kerb-admin-1.0.1.jar:/home/user/.m2/repository/org/apache/kerby/kerb-server/1.0.1/kerb-server-1.0.1.jar:/home/user/.m2/repository/org/apache/kerby/kerb-identity/1.0.1/kerb-identity-1.0.1.jar:/home/user/.m2/repository/org/apache/kerby/kerby-xdr/1.0.1/kerby-xdr-1.0.1.jar:/home/user/.m2/repository/org/slf4j/slf4j-log4j12/1.7.25/slf4j-log4j12-1.7.25.jar:/home/user/.m2/repository/org/apache/hadoop/hadoop-ozone-objectstore-service/0.5.0-SNAPSHOT/hadoop-ozone-objectstore-service-0.5.0-SNAPSHOT.jar:/home/user/.m2/repository/org/apache/hadoop/hadoop-ozone-s3gateway/0.5.0-SNAPSHOT/hadoop-ozone-s3gateway-0.5.0-SNAPSHOT.jar:/home/user/.m2/repository/org/jboss/weld/servlet/weld-servlet/2.4.7.Final/weld-servlet-2.4.7.Final.jar:/home/user/.m2/repository/org/glassfish/jersey/containers/jersey-container-servlet-core/2.27/jersey-container-servlet-core-2.27.jar:/home/user/.m2/repository/org/glassfish/hk2/external/javax.inject/2.5.0-b42/javax.inject-2.5.0-b42.jar:/home/user/.m2/repository/org/glassfish/jersey/core/jersey-common/2.27/jersey-common-2.27.jar:/home/user/.m2/repository/org/glassfish/hk2/osgi-resource-locator/1.0.1/osgi-resource-locator-1.0.1.jar:/home/user/.m2/repository/javax/ws/rs/javax.ws.rs-api/2.1/javax.ws.rs-api-2.1.jar:/home/user/.m2/repository/org/glassfish/jersey/ext/cdi/jersey-cdi1x/2.27/jersey-cdi1x-2.27.jar:/home/user/.m2/repository/org/glassfish/jersey/inject/jersey-hk2/2.27/jersey-hk2-2.27.jar:/home/user/.m2/repository/org/glassfish/hk2/hk2-locator/2.5.0-b42/hk2-locator-2.5.0-b42.jar:/home/user/.m2/repository/org/javassist/javassist/3.22.0-CR2/javassist-3.22.0-CR2.jar:/home/user/.m2/repository/org/glassfish/hk2/hk2-api/2.5.0/hk2-api-2.5.0.jar:/home/user/.m2/repository/org/glassfish/hk2/external/jakarta.inject/2.5.0/jakarta.inject-2.5.0.jar:/home/user/.m2/repository/org/glassfish/hk2/hk2-utils/2.5.0/hk2-utils-2.5.0.jar:/home/user/.m2/repository/jakarta/annotation/jakarta.annotation-api/1.3.4/jakarta.annotation-api-1.3.4.jar:/home/user/.m2/repository/org/glassfish/hk2/external/aopalliance-repackaged/2.5.0/aopalliance-repackaged-2.5.0.jar:/home/user/.m2/repository/com/fasterxml/jackson/dataformat/jackson-dataformat-xml/2.9.0/jackson-dataformat-xml-2.9.0.jar:/home/user/.m2/repository/com/fasterxml/jackson/core/jackson-core/2.9.5/jackson-core-2.9.5.jar:/home/user/.m2/repository/com/fasterxml/jackson/module/jackson-module-jaxb-annotations/2.9.5/jackson-module-jaxb-annotations-2.9.5.jar:/home/user/.m2/repository/javax/enterprise/cdi-api/1.2/cdi-api-1.2.jar:/home/user/.m2/repository/javax/el/javax.el-api/3.0.0/javax.el-api-3.0.0.jar:/home/user/.m2/repository/javax/interceptor/javax.interceptor-api/1.2/javax.interceptor-api-1.2.jar:/home/user/.m2/repository/javax/inject/javax.inject/1/javax.inject-1.jar:/home/user/.m2/repository/org/apache/hadoop/hadoop-ozone-csi/0.5.0-SNAPSHOT/hadoop-ozone-csi-0.5.0-SNAPSHOT.jar:/home/user/.m2/repository/com/google/protobuf/protobuf-java-util/3.5.1/protobuf-java-util-3.5.1.jar:/home/user/.m2/repository/org/apache/hadoop/hadoop-hdds-config/0.5.0-SNAPSHOT/hadoop-hdds-config-0.5.0-SNAPSHOT.jar:/home/user/.m2/repository/io/grpc/grpc-netty/1.17.1/grpc-netty-1.17.1.jar:/home/user/.m2/repository/io/grpc/grpc-core/1.17.1/grpc-core-1.17.1.jar:/home/user/.m2/repository/io/grpc/grpc-context/1.17.1/grpc-context-1.17.1.jar:/home/user/.m2/repository/com/google/errorprone/error_prone_annotations/2.2.0/error_prone_annotations-2.2.0.jar:/home/user/.m2/repository/org/codehaus/mojo/animal-sniffer-annotations/1.17/animal-sniffer-annotations-1.17.jar:/home/user/.m2/repository/io/opencensus/opencensus-api/0.17.0/opencensus-api-0.17.0.jar:/home/user/.m2/repository/io/opencensus/opencensus-contrib-grpc-metrics/0.17.0/opencensus-contrib-grpc-metrics-0.17.0.jar:/home/user/.m2/repository/io/netty/netty-codec-http2/4.1.30.Final/netty-codec-http2-4.1.30.Final.jar:/home/user/.m2/repository/io/netty/netty-codec-http/4.1.30.Final/netty-codec-http-4.1.30.Final.jar:/home/user/.m2/repository/io/netty/netty-codec/4.1.30.Final/netty-codec-4.1.30.Final.jar:/home/user/.m2/repository/io/netty/netty-handler/4.1.30.Final/netty-handler-4.1.30.Final.jar:/home/user/.m2/repository/io/netty/netty-handler-proxy/4.1.30.Final/netty-handler-proxy-4.1.30.Final.jar:/home/user/.m2/repository/io/netty/netty-codec-socks/4.1.30.Final/netty-codec-socks-4.1.30.Final.jar:/home/user/.m2/repository/io/netty/netty-transport-native-epoll/4.1.30.Final/netty-transport-native-epoll-4.1.30.Final.jar:/home/user/.m2/repository/io/netty/netty-common/4.1.30.Final/netty-common-4.1.30.Final.jar:/home/user/.m2/repository/io/netty/netty-buffer/4.1.30.Final/netty-buffer-4.1.30.Final.jar:/home/user/.m2/repository/io/netty/netty-transport/4.1.30.Final/netty-transport-4.1.30.Final.jar:/home/user/.m2/repository/io/netty/netty-resolver/4.1.30.Final/netty-resolver-4.1.30.Final.jar:/home/user/.m2/repository/io/netty/netty-transport-native-unix-common/4.1.30.Final/netty-transport-native-unix-common-4.1.30.Final.jar:/home/user/.m2/repository/io/grpc/grpc-protobuf/1.17.1/grpc-protobuf-1.17.1.jar:/home/user/.m2/repository/com/google/api/grpc/proto-google-common-protos/1.0.0/proto-google-common-protos-1.0.0.jar:/home/user/.m2/repository/io/grpc/grpc-protobuf-lite/1.17.1/grpc-protobuf-lite-1.17.1.jar:/home/user/.m2/repository/io/grpc/grpc-stub/1.17.1/grpc-stub-1.17.1.jar:/home/user/.m2/repository/org/apache/hadoop/hadoop-ozone-recon/0.5.0-SNAPSHOT/hadoop-ozone-recon-0.5.0-SNAPSHOT.jar:/home/user/.m2/repository/org/apache/hadoop/hadoop-ozone-reconcodegen/0.5.0-SNAPSHOT/hadoop-ozone-reconcodegen-0.5.0-SNAPSHOT.jar:/home/user/.m2/repository/com/google/inject/extensions/guice-multibindings/4.0/guice-multibindings-4.0.jar:/home/user/.m2/repository/com/google/inject/guice/4.0/guice-4.0.jar:/home/user/.m2/repository/aopalliance/aopalliance/1.0/aopalliance-1.0.jar:/home/user/.m2/repository/com/google/inject/extensions/guice-servlet/4.0/guice-servlet-4.0.jar:/home/user/.m2/repository/org/glassfish/jersey/containers/jersey-container-servlet/2.27/jersey-container-servlet-2.27.jar:/home/user/.m2/repository/org/glassfish/hk2/guice-bridge/2.5.0/guice-bridge-2.5.0.jar:/home/user/.m2/repository/org/glassfish/jersey/core/jersey-server/2.27/jersey-server-2.27.jar:/home/user/.m2/repository/org/glassfish/jersey/core/jersey-client/2.27/jersey-client-2.27.jar:/home/user/.m2/repository/org/glassfish/jersey/media/jersey-media-jaxb/2.27/jersey-media-jaxb-2.27.jar:/home/user/.m2/repository/javax/validation/validation-api/1.1.0.Final/validation-api-1.1.0.Final.jar:/home/user/.m2/repository/org/glassfish/jersey/media/jersey-media-json-jackson/2.27/jersey-media-json-jackson-2.27.jar:/home/user/.m2/repository/org/glassfish/jersey/ext/jersey-entity-filtering/2.27/jersey-entity-filtering-2.27.jar:/home/user/.m2/repository/com/google/inject/extensions/guice-assistedinject/4.0/guice-assistedinject-4.0.jar:/home/user/.m2/repository/org/jooq/jooq/3.11.10/jooq-3.11.10.jar:/home/user/.m2/repository/org/jooq/jooq-meta/3.11.10/jooq-meta-3.11.10.jar:/home/user/.m2/repository/org/jooq/jooq-codegen/3.11.10/jooq-codegen-3.11.10.jar:/home/user/.m2/repository/com/jolbox/bonecp/0.8.0.RELEASE/bonecp-0.8.0.RELEASE.jar:/home/user/.m2/repository/org/xerial/sqlite-jdbc/3.25.2/sqlite-jdbc-3.25.2.jar:/home/user/.m2/repository/org/springframework/spring-jdbc/5.1.3.RELEASE/spring-jdbc-5.1.3.RELEASE.jar:/home/user/.m2/repository/org/springframework/spring-beans/5.1.3.RELEASE/spring-beans-5.1.3.RELEASE.jar:/home/user/.m2/repository/org/springframework/spring-core/5.1.3.RELEASE/spring-core-5.1.3.RELEASE.jar:/home/user/.m2/repository/org/springframework/spring-jcl/5.1.3.RELEASE/spring-jcl-5.1.3.RELEASE.jar:/home/user/.m2/repository/org/springframework/spring-tx/5.1.3.RELEASE/spring-tx-5.1.3.RELEASE.jar:/home/user/.m2/repository/org/apache/hadoop/hadoop-ozone-client/0.5.0-SNAPSHOT/hadoop-ozone-client-0.5.0-SNAPSHOT.jar:/home/user/.m2/repository/commons-lang/commons-lang/2.6/commons-lang-2.6.jar:/home/user/.m2/repository/org/apache/hadoop/hadoop-ozone-ozone-manager/0.5.0-SNAPSHOT/hadoop-ozone-ozone-manager-0.5.0-SNAPSHOT-tests.jar:/home/user/.m2/repository/junit/junit/4.11/junit-4.11.jar:/home/user/.m2/repository/org/hamcrest/hamcrest-core/1.3/hamcrest-core-1.3.jar:/home/user/.m2/repository/org/openjdk/jmh/jmh-core/1.19/jmh-core-1.19.jar:/home/user/.m2/repository/net/sf/jopt-simple/jopt-simple/4.6/jopt-simple-4.6.jar:/home/user/.m2/repository/org/apache/commons/commons-math3/3.1.1/commons-math3-3.1.1.jar:/home/user/.m2/repository/org/openjdk/jmh/jmh-generator-annprocess/1.19/jmh-generator-annprocess-1.19.jar:/home/user/.m2/repository/org/mockito/mockito-all/1.8.5/mockito-all-1.8.5.jar:/home/user/.m2/repository/org/apache/hadoop/hadoop-kms/3.2.0/hadoop-kms-3.2.0.jar:/home/user/.m2/repository/org/apache/hadoop/hadoop-auth/3.2.0/hadoop-auth-3.2.0.jar:/home/user/.m2/repository/com/nimbusds/nimbus-jose-jwt/4.41.1/nimbus-jose-jwt-4.41.1.jar:/home/user/.m2/repository/com/github/stephenc/jcip/jcip-annotations/1.0-1/jcip-annotations-1.0-1.jar:/home/user/.m2/repository/net/minidev/json-smart/2.3/json-smart-2.3.jar:/home/user/.m2/repository/net/minidev/accessors-smart/1.2/accessors-smart-1.2.jar:/home/user/.m2/repository/org/ow2/asm/asm/5.0.4/asm-5.0.4.jar:/home/user/.m2/repository/org/apache/curator/curator-framework/2.12.0/curator-framework-2.12.0.jar:/home/user/.m2/repository/com/sun/jersey/jersey-core/1.19/jersey-core-1.19.jar:/home/user/.m2/repository/javax/ws/rs/jsr311-api/1.1.1/jsr311-api-1.1.1.jar:/home/user/.m2/repository/com/sun/jersey/jersey-server/1.19/jersey-server-1.19.jar:/home/user/.m2/repository/javax/servlet/javax.servlet-api/3.1.0/javax.servlet-api-3.1.0.jar:/home/user/.m2/repository/org/eclipse/jetty/jetty-server/9.3.24.v20180605/jetty-server-9.3.24.v20180605.jar:/home/user/.m2/repository/org/eclipse/jetty/jetty-http/9.3.24.v20180605/jetty-http-9.3.24.v20180605.jar:/home/user/.m2/repository/org/eclipse/jetty/jetty-io/9.3.24.v20180605/jetty-io-9.3.24.v20180605.jar:/home/user/.m2/repository/org/eclipse/jetty/jetty-webapp/9.3.24.v20180605/jetty-webapp-9.3.24.v20180605.jar:/home/user/.m2/repository/org/eclipse/jetty/jetty-xml/9.3.24.v20180605/jetty-xml-9.3.24.v20180605.jar:/home/user/.m2/repository/log4j/log4j/1.2.17/log4j-1.2.17.jar:/home/user/.m2/repository/org/slf4j/slf4j-api/1.7.25/slf4j-api-1.7.25.jar:/home/user/.m2/repository/org/slf4j/jul-to-slf4j/1.7.25/jul-to-slf4j-1.7.25.jar:/home/user/.m2/repository/org/eclipse/jetty/jetty-util/9.3.24.v20180605/jetty-util-9.3.24.v20180605.jar:/home/user/.m2/repository/com/fasterxml/jackson/core/jackson-databind/2.9.5/jackson-databind-2.9.5.jar:/home/user/.m2/repository/org/apache/hadoop/hadoop-kms/3.2.0/hadoop-kms-3.2.0-tests.jar:/home/user/.m2/repository/org/apache/hadoop/hadoop-hdds-server-scm/0.5.0-SNAPSHOT/hadoop-hdds-server-scm-0.5.0-SNAPSHOT-tests.jar:/home/user/.m2/repository/org/apache/hadoop/hadoop-hdds-container-service/0.5.0-SNAPSHOT/hadoop-hdds-container-service-0.5.0-SNAPSHOT-tests.jar:/home/user/.m2/repository/org/yaml/snakeyaml/1.16/snakeyaml-1.16.jar:/home/user/.m2/repository/org/apache/hadoop/hadoop-common/3.2.0/hadoop-common-3.2.0-tests.jar:/home/user/.m2/repository/org/apache/hadoop/hadoop-annotations/3.2.0/hadoop-annotations-3.2.0.jar:/usr/lib/jvm/java-1.8-openjdk/jre/../lib/tools.jar:/home/user/.m2/repository/commons-cli/commons-cli/1.2/commons-cli-1.2.jar:/home/user/.m2/repository/org/apache/httpcomponents/httpclient/4.5.2/httpclient-4.5.2.jar:/home/user/.m2/repository/org/apache/httpcomponents/httpcore/4.4.4/httpcore-4.4.4.jar:/home/user/.m2/repository/commons-codec/commons-codec/1.11/commons-codec-1.11.jar:/home/user/.m2/repository/commons-net/commons-net/3.6/commons-net-3.6.jar:/home/user/.m2/repository/commons-collections/commons-collections/3.2.2/commons-collections-3.2.2.jar:/home/user/.m2/repository/org/eclipse/jetty/jetty-servlet/9.3.24.v20180605/jetty-servlet-9.3.24.v20180605.jar:/home/user/.m2/repository/org/eclipse/jetty/jetty-security/9.3.24.v20180605/jetty-security-9.3.24.v20180605.jar:/home/user/.m2/repository/javax/servlet/jsp/jsp-api/2.1/jsp-api-2.1.jar:/home/user/.m2/repository/com/sun/jersey/jersey-servlet/1.19/jersey-servlet-1.19.jar:/home/user/.m2/repository/com/sun/jersey/jersey-json/1.19/jersey-json-1.19.jar:/home/user/.m2/repository/org/codehaus/jettison/jettison/1.1/jettison-1.1.jar:/home/user/.m2/repository/org/codehaus/jackson/jackson-core-asl/1.9.13/jackson-core-asl-1.9.13.jar:/home/user/.m2/repository/org/codehaus/jackson/jackson-mapper-asl/1.9.13/jackson-mapper-asl-1.9.13.jar:/home/user/.m2/repository/org/codehaus/jackson/jackson-jaxrs/1.9.13/jackson-jaxrs-1.9.13.jar:/home/user/.m2/repository/org/codehaus/jackson/jackson-xc/1.9.13/jackson-xc-1.9.13.jar:/home/user/.m2/repository/commons-logging/commons-logging/1.1.3/commons-logging-1.1.3.jar:/home/user/.m2/repository/commons-beanutils/commons-beanutils/1.9.3/commons-beanutils-1.9.3.jar:/home/user/.m2/repository/org/apache/commons/commons-configuration2/2.1.1/commons-configuration2-2.1.1.jar:/home/user/.m2/repository/org/apache/commons/commons-lang3/3.7/commons-lang3-3.7.jar:/home/user/.m2/repository/org/apache/commons/commons-text/1.4/commons-text-1.4.jar:/home/user/.m2/repository/org/apache/avro/avro/1.7.7/avro-1.7.7.jar:/home/user/.m2/repository/com/thoughtworks/paranamer/paranamer/2.3/paranamer-2.3.jar:/home/user/.m2/repository/org/xerial/snappy/snappy-java/1.0.5/snappy-java-1.0.5.jar:/home/user/.m2/repository/com/google/re2j/re2j/1.1/re2j-1.1.jar:/home/user/.m2/repository/com/google/code/gson/gson/2.2.4/gson-2.2.4.jar:/home/user/.m2/repository/com/jcraft/jsch/0.1.54/jsch-0.1.54.jar:/home/user/.m2/repository/org/apache/curator/curator-client/2.12.0/curator-client-2.12.0.jar:/home/user/.m2/repository/org/apache/curator/curator-recipes/2.12.0/curator-recipes-2.12.0.jar:/home/user/.m2/repository/com/google/code/findbugs/jsr305/3.0.0/jsr305-3.0.0.jar:/home/user/.m2/repository/org/apache/htrace/htrace-core4/4.1.0-incubating/htrace-core4-4.1.0-incubating.jar:/home/user/.m2/repository/org/apache/zookeeper/zookeeper/3.4.13/zookeeper-3.4.13.jar:/home/user/.m2/repository/org/apache/yetus/audience-annotations/0.5.0/audience-annotations-0.5.0.jar:/home/user/.m2/repository/org/codehaus/woodstox/stax2-api/3.1.4/stax2-api-3.1.4.jar:/home/user/.m2/repository/com/fasterxml/woodstox/woodstox-core/5.0.3/woodstox-core-5.0.3.jar:/home/user/.m2/repository/dnsjava/dnsjava/2.1.7/dnsjava-2.1.7.jar:/home/user/.m2/repository/org/apache/hadoop/hadoop-hdfs/3.2.0/hadoop-hdfs-3.2.0-tests.jar:/home/user/.m2/repository/org/eclipse/jetty/jetty-util-ajax/9.3.24.v20180605/jetty-util-ajax-9.3.24.v20180605.jar:/home/user/.m2/repository/commons-daemon/commons-daemon/1.0.13/commons-daemon-1.0.13.jar:/home/user/.m2/repository/io/netty/netty/3.10.5.Final/netty-3.10.5.Final.jar:/home/user/.m2/repository/io/netty/netty-all/4.0.52.Final/netty-all-4.0.52.Final.jar:/home/user/.m2/repository/org/fusesource/leveldbjni/leveldbjni-all/1.8/leveldbjni-all-1.8.jar:"/>
    <property name="java.vm.vendor" value="IcedTea"/>
    <property name="sun.arch.data.model" value="64"/>
    <property name="test.build.dir" value="/workdir/hadoop-ozone/integration-test/target/test-dir"/>
    <property name="test.cache.data" value=""/>
    <property name="java.vendor.url" value="https://icedtea.classpath.org"/>
    <property name="user.timezone" value=""/>
    <property name="java.vm.specification.version" value="1.8"/>
    <property name="os.name" value="Linux"/>
    <property name="test.build.data" value="/workdir/hadoop-ozone/integration-test/target/test-dir"/>
    <property name="user.country" value="US"/>
    <property name="sun.java.launcher" value="SUN_STANDARD"/>
    <property name="sun.boot.library.path" value="/usr/lib/jvm/java-1.8-openjdk/jre/lib/amd64"/>
    <property name="sun.java.command" value="/workdir/hadoop-ozone/integration-test/target/surefire/surefirebooter1990245559746637251.jar /workdir/hadoop-ozone/integration-test/target/surefire 2019-08-20T16-13-47_054-jvmRun1 surefire2965620748017494143tmp surefire_613620139320371167328tmp"/>
    <property name="surefire.test.class.path" value="/workdir/hadoop-ozone/integration-test/target/test-classes:/workdir/hadoop-ozone/integration-test/target/classes:/home/user/.m2/repository/org/apache/hadoop/hadoop-ozone-common/0.5.0-SNAPSHOT/hadoop-ozone-common-0.5.0-SNAPSHOT.jar:/home/user/.m2/repository/org/apache/commons/commons-compress/1.4.1/commons-compress-1.4.1.jar:/home/user/.m2/repository/org/tukaani/xz/1.0/xz-1.0.jar:/home/user/.m2/repository/org/apache/hadoop/hadoop-common/3.2.0/hadoop-common-3.2.0.jar:/home/user/.m2/repository/org/apache/hadoop/hadoop-hdfs/3.2.0/hadoop-hdfs-3.2.0.jar:/home/user/.m2/repository/org/apache/hadoop/hadoop-hdfs-client/3.2.0/hadoop-hdfs-client-3.2.0.jar:/home/user/.m2/repository/com/fasterxml/jackson/core/jackson-annotations/2.9.5/jackson-annotations-2.9.5.jar:/home/user/.m2/repository/org/apache/hadoop/hadoop-hdds-common/0.5.0-SNAPSHOT/hadoop-hdds-common-0.5.0-SNAPSHOT.jar:/home/user/.m2/repository/javax/annotation/javax.annotation-api/1.2/javax.annotation-api-1.2.jar:/home/user/.m2/repository/org/apache/ratis/ratis-server/0.4.0-2337318-SNAPSHOT/ratis-server-0.4.0-2337318-SNAPSHOT.jar:/home/user/.m2/repository/org/apache/ratis/ratis-thirdparty-misc/0.2.0/ratis-thirdparty-misc-0.2.0.jar:/home/user/.m2/repository/org/apache/ratis/ratis-proto/0.4.0-2337318-SNAPSHOT/ratis-proto-0.4.0-2337318-SNAPSHOT.jar:/home/user/.m2/repository/org/apache/ratis/ratis-common/0.4.0-2337318-SNAPSHOT/ratis-common-0.4.0-2337318-SNAPSHOT.jar:/home/user/.m2/repository/org/apache/ratis/ratis-client/0.4.0-2337318-SNAPSHOT/ratis-client-0.4.0-2337318-SNAPSHOT.jar:/home/user/.m2/repository/org/apache/ratis/ratis-metrics/0.4.0-2337318-SNAPSHOT/ratis-metrics-0.4.0-2337318-SNAPSHOT.jar:/home/user/.m2/repository/org/apache/ratis/ratis-netty/0.4.0-2337318-SNAPSHOT/ratis-netty-0.4.0-2337318-SNAPSHOT.jar:/home/user/.m2/repository/org/apache/ratis/ratis-grpc/0.4.0-2337318-SNAPSHOT/ratis-grpc-0.4.0-2337318-SNAPSHOT.jar:/home/user/.m2/repository/org/rocksdb/rocksdbjni/6.0.1/rocksdbjni-6.0.1.jar:/home/user/.m2/repository/org/apache/logging/log4j/log4j-api/2.11.0/log4j-api-2.11.0.jar:/home/user/.m2/repository/org/apache/logging/log4j/log4j-core/2.11.0/log4j-core-2.11.0.jar:/home/user/.m2/repository/com/lmax/disruptor/3.4.2/disruptor-3.4.2.jar:/home/user/.m2/repository/org/apache/commons/commons-pool2/2.6.0/commons-pool2-2.6.0.jar:/home/user/.m2/repository/org/bouncycastle/bcpkix-jdk15on/1.60/bcpkix-jdk15on-1.60.jar:/home/user/.m2/repository/commons-validator/commons-validator/1.6/commons-validator-1.6.jar:/home/user/.m2/repository/commons-digester/commons-digester/1.8.1/commons-digester-1.8.1.jar:/home/user/.m2/repository/io/jaegertracing/jaeger-client/0.33.1/jaeger-client-0.33.1.jar:/home/user/.m2/repository/io/jaegertracing/jaeger-thrift/0.33.1/jaeger-thrift-0.33.1.jar:/home/user/.m2/repository/org/apache/thrift/libthrift/0.11.0/libthrift-0.11.0.jar:/home/user/.m2/repository/com/squareup/okhttp3/okhttp/3.9.0/okhttp-3.9.0.jar:/home/user/.m2/repository/com/squareup/okio/okio/1.13.0/okio-1.13.0.jar:/home/user/.m2/repository/io/jaegertracing/jaeger-core/0.33.1/jaeger-core-0.33.1.jar:/home/user/.m2/repository/io/jaegertracing/jaeger-tracerresolver/0.33.1/jaeger-tracerresolver-0.33.1.jar:/home/user/.m2/repository/io/opentracing/contrib/opentracing-tracerresolver/0.1.5/opentracing-tracerresolver-0.1.5.jar:/home/user/.m2/repository/io/opentracing/opentracing-util/0.31.0/opentracing-util-0.31.0.jar:/home/user/.m2/repository/io/opentracing/opentracing-api/0.31.0/opentracing-api-0.31.0.jar:/home/user/.m2/repository/io/opentracing/opentracing-noop/0.31.0/opentracing-noop-0.31.0.jar:/home/user/.m2/repository/org/apache/hadoop/hadoop-hdds-server-framework/0.5.0-SNAPSHOT/hadoop-hdds-server-framework-0.5.0-SNAPSHOT.jar:/home/user/.m2/repository/org/apache/hadoop/hadoop-hdds-container-service/0.5.0-SNAPSHOT/hadoop-hdds-container-service-0.5.0-SNAPSHOT.jar:/home/user/.m2/repository/org/apache/hadoop/hadoop-hdds-client/0.5.0-SNAPSHOT/hadoop-hdds-client-0.5.0-SNAPSHOT.jar:/home/user/.m2/repository/org/apache/hadoop/hadoop-hdds-tools/0.5.0-SNAPSHOT/hadoop-hdds-tools-0.5.0-SNAPSHOT.jar:/home/user/.m2/repository/org/apache/hadoop/hadoop-hdds-server-scm/0.5.0-SNAPSHOT/hadoop-hdds-server-scm-0.5.0-SNAPSHOT.jar:/home/user/.m2/repository/org/apache/hadoop/hadoop-hdds-docs/0.5.0-SNAPSHOT/hadoop-hdds-docs-0.5.0-SNAPSHOT.jar:/home/user/.m2/repository/com/sun/xml/bind/jaxb-impl/2.3.0.1/jaxb-impl-2.3.0.1.jar:/home/user/.m2/repository/com/sun/xml/bind/jaxb-core/2.3.0.1/jaxb-core-2.3.0.1.jar:/home/user/.m2/repository/javax/xml/bind/jaxb-api/2.3.0/jaxb-api-2.3.0.jar:/home/user/.m2/repository/javax/activation/activation/1.1.1/activation-1.1.1.jar:/home/user/.m2/repository/io/dropwizard/metrics/metrics-core/3.2.4/metrics-core-3.2.4.jar:/home/user/.m2/repository/org/hamcrest/hamcrest-all/1.3/hamcrest-all-1.3.jar:/home/user/.m2/repository/org/bouncycastle/bcprov-jdk15on/1.60/bcprov-jdk15on-1.60.jar:/home/user/.m2/repository/info/picocli/picocli/3.9.6/picocli-3.9.6.jar:/home/user/.m2/repository/com/google/protobuf/protobuf-java/2.5.0/protobuf-java-2.5.0.jar:/home/user/.m2/repository/com/google/guava/guava/11.0.2/guava-11.0.2.jar:/home/user/.m2/repository/org/apache/hadoop/hadoop-ozone-ozone-manager/0.5.0-SNAPSHOT/hadoop-ozone-ozone-manager-0.5.0-SNAPSHOT.jar:/home/user/.m2/repository/org/apache/hadoop/hadoop-minikdc/3.2.0/hadoop-minikdc-3.2.0.jar:/home/user/.m2/repository/commons-io/commons-io/2.5/commons-io-2.5.jar:/home/user/.m2/repository/org/apache/kerby/kerb-simplekdc/1.0.1/kerb-simplekdc-1.0.1.jar:/home/user/.m2/repository/org/apache/kerby/kerb-client/1.0.1/kerb-client-1.0.1.jar:/home/user/.m2/repository/org/apache/kerby/kerby-config/1.0.1/kerby-config-1.0.1.jar:/home/user/.m2/repository/org/apache/kerby/kerb-core/1.0.1/kerb-core-1.0.1.jar:/home/user/.m2/repository/org/apache/kerby/kerby-pkix/1.0.1/kerby-pkix-1.0.1.jar:/home/user/.m2/repository/org/apache/kerby/kerby-asn1/1.0.1/kerby-asn1-1.0.1.jar:/home/user/.m2/repository/org/apache/kerby/kerby-util/1.0.1/kerby-util-1.0.1.jar:/home/user/.m2/repository/org/apache/kerby/kerb-common/1.0.1/kerb-common-1.0.1.jar:/home/user/.m2/repository/org/apache/kerby/kerb-crypto/1.0.1/kerb-crypto-1.0.1.jar:/home/user/.m2/repository/org/apache/kerby/kerb-util/1.0.1/kerb-util-1.0.1.jar:/home/user/.m2/repository/org/apache/kerby/token-provider/1.0.1/token-provider-1.0.1.jar:/home/user/.m2/repository/org/apache/kerby/kerb-admin/1.0.1/kerb-admin-1.0.1.jar:/home/user/.m2/repository/org/apache/kerby/kerb-server/1.0.1/kerb-server-1.0.1.jar:/home/user/.m2/repository/org/apache/kerby/kerb-identity/1.0.1/kerb-identity-1.0.1.jar:/home/user/.m2/repository/org/apache/kerby/kerby-xdr/1.0.1/kerby-xdr-1.0.1.jar:/home/user/.m2/repository/org/slf4j/slf4j-log4j12/1.7.25/slf4j-log4j12-1.7.25.jar:/home/user/.m2/repository/org/apache/hadoop/hadoop-ozone-objectstore-service/0.5.0-SNAPSHOT/hadoop-ozone-objectstore-service-0.5.0-SNAPSHOT.jar:/home/user/.m2/repository/org/apache/hadoop/hadoop-ozone-s3gateway/0.5.0-SNAPSHOT/hadoop-ozone-s3gateway-0.5.0-SNAPSHOT.jar:/home/user/.m2/repository/org/jboss/weld/servlet/weld-servlet/2.4.7.Final/weld-servlet-2.4.7.Final.jar:/home/user/.m2/repository/org/glassfish/jersey/containers/jersey-container-servlet-core/2.27/jersey-container-servlet-core-2.27.jar:/home/user/.m2/repository/org/glassfish/hk2/external/javax.inject/2.5.0-b42/javax.inject-2.5.0-b42.jar:/home/user/.m2/repository/org/glassfish/jersey/core/jersey-common/2.27/jersey-common-2.27.jar:/home/user/.m2/repository/org/glassfish/hk2/osgi-resource-locator/1.0.1/osgi-resource-locator-1.0.1.jar:/home/user/.m2/repository/javax/ws/rs/javax.ws.rs-api/2.1/javax.ws.rs-api-2.1.jar:/home/user/.m2/repository/org/glassfish/jersey/ext/cdi/jersey-cdi1x/2.27/jersey-cdi1x-2.27.jar:/home/user/.m2/repository/org/glassfish/jersey/inject/jersey-hk2/2.27/jersey-hk2-2.27.jar:/home/user/.m2/repository/org/glassfish/hk2/hk2-locator/2.5.0-b42/hk2-locator-2.5.0-b42.jar:/home/user/.m2/repository/org/javassist/javassist/3.22.0-CR2/javassist-3.22.0-CR2.jar:/home/user/.m2/repository/org/glassfish/hk2/hk2-api/2.5.0/hk2-api-2.5.0.jar:/home/user/.m2/repository/org/glassfish/hk2/external/jakarta.inject/2.5.0/jakarta.inject-2.5.0.jar:/home/user/.m2/repository/org/glassfish/hk2/hk2-utils/2.5.0/hk2-utils-2.5.0.jar:/home/user/.m2/repository/jakarta/annotation/jakarta.annotation-api/1.3.4/jakarta.annotation-api-1.3.4.jar:/home/user/.m2/repository/org/glassfish/hk2/external/aopalliance-repackaged/2.5.0/aopalliance-repackaged-2.5.0.jar:/home/user/.m2/repository/com/fasterxml/jackson/dataformat/jackson-dataformat-xml/2.9.0/jackson-dataformat-xml-2.9.0.jar:/home/user/.m2/repository/com/fasterxml/jackson/core/jackson-core/2.9.5/jackson-core-2.9.5.jar:/home/user/.m2/repository/com/fasterxml/jackson/module/jackson-module-jaxb-annotations/2.9.5/jackson-module-jaxb-annotations-2.9.5.jar:/home/user/.m2/repository/javax/enterprise/cdi-api/1.2/cdi-api-1.2.jar:/home/user/.m2/repository/javax/el/javax.el-api/3.0.0/javax.el-api-3.0.0.jar:/home/user/.m2/repository/javax/interceptor/javax.interceptor-api/1.2/javax.interceptor-api-1.2.jar:/home/user/.m2/repository/javax/inject/javax.inject/1/javax.inject-1.jar:/home/user/.m2/repository/org/apache/hadoop/hadoop-ozone-csi/0.5.0-SNAPSHOT/hadoop-ozone-csi-0.5.0-SNAPSHOT.jar:/home/user/.m2/repository/com/google/protobuf/protobuf-java-util/3.5.1/protobuf-java-util-3.5.1.jar:/home/user/.m2/repository/org/apache/hadoop/hadoop-hdds-config/0.5.0-SNAPSHOT/hadoop-hdds-config-0.5.0-SNAPSHOT.jar:/home/user/.m2/repository/io/grpc/grpc-netty/1.17.1/grpc-netty-1.17.1.jar:/home/user/.m2/repository/io/grpc/grpc-core/1.17.1/grpc-core-1.17.1.jar:/home/user/.m2/repository/io/grpc/grpc-context/1.17.1/grpc-context-1.17.1.jar:/home/user/.m2/repository/com/google/errorprone/error_prone_annotations/2.2.0/error_prone_annotations-2.2.0.jar:/home/user/.m2/repository/org/codehaus/mojo/animal-sniffer-annotations/1.17/animal-sniffer-annotations-1.17.jar:/home/user/.m2/repository/io/opencensus/opencensus-api/0.17.0/opencensus-api-0.17.0.jar:/home/user/.m2/repository/io/opencensus/opencensus-contrib-grpc-metrics/0.17.0/opencensus-contrib-grpc-metrics-0.17.0.jar:/home/user/.m2/repository/io/netty/netty-codec-http2/4.1.30.Final/netty-codec-http2-4.1.30.Final.jar:/home/user/.m2/repository/io/netty/netty-codec-http/4.1.30.Final/netty-codec-http-4.1.30.Final.jar:/home/user/.m2/repository/io/netty/netty-codec/4.1.30.Final/netty-codec-4.1.30.Final.jar:/home/user/.m2/repository/io/netty/netty-handler/4.1.30.Final/netty-handler-4.1.30.Final.jar:/home/user/.m2/repository/io/netty/netty-handler-proxy/4.1.30.Final/netty-handler-proxy-4.1.30.Final.jar:/home/user/.m2/repository/io/netty/netty-codec-socks/4.1.30.Final/netty-codec-socks-4.1.30.Final.jar:/home/user/.m2/repository/io/netty/netty-transport-native-epoll/4.1.30.Final/netty-transport-native-epoll-4.1.30.Final.jar:/home/user/.m2/repository/io/netty/netty-common/4.1.30.Final/netty-common-4.1.30.Final.jar:/home/user/.m2/repository/io/netty/netty-buffer/4.1.30.Final/netty-buffer-4.1.30.Final.jar:/home/user/.m2/repository/io/netty/netty-transport/4.1.30.Final/netty-transport-4.1.30.Final.jar:/home/user/.m2/repository/io/netty/netty-resolver/4.1.30.Final/netty-resolver-4.1.30.Final.jar:/home/user/.m2/repository/io/netty/netty-transport-native-unix-common/4.1.30.Final/netty-transport-native-unix-common-4.1.30.Final.jar:/home/user/.m2/repository/io/grpc/grpc-protobuf/1.17.1/grpc-protobuf-1.17.1.jar:/home/user/.m2/repository/com/google/api/grpc/proto-google-common-protos/1.0.0/proto-google-common-protos-1.0.0.jar:/home/user/.m2/repository/io/grpc/grpc-protobuf-lite/1.17.1/grpc-protobuf-lite-1.17.1.jar:/home/user/.m2/repository/io/grpc/grpc-stub/1.17.1/grpc-stub-1.17.1.jar:/home/user/.m2/repository/org/apache/hadoop/hadoop-ozone-recon/0.5.0-SNAPSHOT/hadoop-ozone-recon-0.5.0-SNAPSHOT.jar:/home/user/.m2/repository/org/apache/hadoop/hadoop-ozone-reconcodegen/0.5.0-SNAPSHOT/hadoop-ozone-reconcodegen-0.5.0-SNAPSHOT.jar:/home/user/.m2/repository/com/google/inject/extensions/guice-multibindings/4.0/guice-multibindings-4.0.jar:/home/user/.m2/repository/com/google/inject/guice/4.0/guice-4.0.jar:/home/user/.m2/repository/aopalliance/aopalliance/1.0/aopalliance-1.0.jar:/home/user/.m2/repository/com/google/inject/extensions/guice-servlet/4.0/guice-servlet-4.0.jar:/home/user/.m2/repository/org/glassfish/jersey/containers/jersey-container-servlet/2.27/jersey-container-servlet-2.27.jar:/home/user/.m2/repository/org/glassfish/hk2/guice-bridge/2.5.0/guice-bridge-2.5.0.jar:/home/user/.m2/repository/org/glassfish/jersey/core/jersey-server/2.27/jersey-server-2.27.jar:/home/user/.m2/repository/org/glassfish/jersey/core/jersey-client/2.27/jersey-client-2.27.jar:/home/user/.m2/repository/org/glassfish/jersey/media/jersey-media-jaxb/2.27/jersey-media-jaxb-2.27.jar:/home/user/.m2/repository/javax/validation/validation-api/1.1.0.Final/validation-api-1.1.0.Final.jar:/home/user/.m2/repository/org/glassfish/jersey/media/jersey-media-json-jackson/2.27/jersey-media-json-jackson-2.27.jar:/home/user/.m2/repository/org/glassfish/jersey/ext/jersey-entity-filtering/2.27/jersey-entity-filtering-2.27.jar:/home/user/.m2/repository/com/google/inject/extensions/guice-assistedinject/4.0/guice-assistedinject-4.0.jar:/home/user/.m2/repository/org/jooq/jooq/3.11.10/jooq-3.11.10.jar:/home/user/.m2/repository/org/jooq/jooq-meta/3.11.10/jooq-meta-3.11.10.jar:/home/user/.m2/repository/org/jooq/jooq-codegen/3.11.10/jooq-codegen-3.11.10.jar:/home/user/.m2/repository/com/jolbox/bonecp/0.8.0.RELEASE/bonecp-0.8.0.RELEASE.jar:/home/user/.m2/repository/org/xerial/sqlite-jdbc/3.25.2/sqlite-jdbc-3.25.2.jar:/home/user/.m2/repository/org/springframework/spring-jdbc/5.1.3.RELEASE/spring-jdbc-5.1.3.RELEASE.jar:/home/user/.m2/repository/org/springframework/spring-beans/5.1.3.RELEASE/spring-beans-5.1.3.RELEASE.jar:/home/user/.m2/repository/org/springframework/spring-core/5.1.3.RELEASE/spring-core-5.1.3.RELEASE.jar:/home/user/.m2/repository/org/springframework/spring-jcl/5.1.3.RELEASE/spring-jcl-5.1.3.RELEASE.jar:/home/user/.m2/repository/org/springframework/spring-tx/5.1.3.RELEASE/spring-tx-5.1.3.RELEASE.jar:/home/user/.m2/repository/org/apache/hadoop/hadoop-ozone-client/0.5.0-SNAPSHOT/hadoop-ozone-client-0.5.0-SNAPSHOT.jar:/home/user/.m2/repository/commons-lang/commons-lang/2.6/commons-lang-2.6.jar:/home/user/.m2/repository/org/apache/hadoop/hadoop-ozone-ozone-manager/0.5.0-SNAPSHOT/hadoop-ozone-ozone-manager-0.5.0-SNAPSHOT-tests.jar:/home/user/.m2/repository/junit/junit/4.11/junit-4.11.jar:/home/user/.m2/repository/org/hamcrest/hamcrest-core/1.3/hamcrest-core-1.3.jar:/home/user/.m2/repository/org/openjdk/jmh/jmh-core/1.19/jmh-core-1.19.jar:/home/user/.m2/repository/net/sf/jopt-simple/jopt-simple/4.6/jopt-simple-4.6.jar:/home/user/.m2/repository/org/apache/commons/commons-math3/3.1.1/commons-math3-3.1.1.jar:/home/user/.m2/repository/org/openjdk/jmh/jmh-generator-annprocess/1.19/jmh-generator-annprocess-1.19.jar:/home/user/.m2/repository/org/mockito/mockito-all/1.8.5/mockito-all-1.8.5.jar:/home/user/.m2/repository/org/apache/hadoop/hadoop-kms/3.2.0/hadoop-kms-3.2.0.jar:/home/user/.m2/repository/org/apache/hadoop/hadoop-auth/3.2.0/hadoop-auth-3.2.0.jar:/home/user/.m2/repository/com/nimbusds/nimbus-jose-jwt/4.41.1/nimbus-jose-jwt-4.41.1.jar:/home/user/.m2/repository/com/github/stephenc/jcip/jcip-annotations/1.0-1/jcip-annotations-1.0-1.jar:/home/user/.m2/repository/net/minidev/json-smart/2.3/json-smart-2.3.jar:/home/user/.m2/repository/net/minidev/accessors-smart/1.2/accessors-smart-1.2.jar:/home/user/.m2/repository/org/ow2/asm/asm/5.0.4/asm-5.0.4.jar:/home/user/.m2/repository/org/apache/curator/curator-framework/2.12.0/curator-framework-2.12.0.jar:/home/user/.m2/repository/com/sun/jersey/jersey-core/1.19/jersey-core-1.19.jar:/home/user/.m2/repository/javax/ws/rs/jsr311-api/1.1.1/jsr311-api-1.1.1.jar:/home/user/.m2/repository/com/sun/jersey/jersey-server/1.19/jersey-server-1.19.jar:/home/user/.m2/repository/javax/servlet/javax.servlet-api/3.1.0/javax.servlet-api-3.1.0.jar:/home/user/.m2/repository/org/eclipse/jetty/jetty-server/9.3.24.v20180605/jetty-server-9.3.24.v20180605.jar:/home/user/.m2/repository/org/eclipse/jetty/jetty-http/9.3.24.v20180605/jetty-http-9.3.24.v20180605.jar:/home/user/.m2/repository/org/eclipse/jetty/jetty-io/9.3.24.v20180605/jetty-io-9.3.24.v20180605.jar:/home/user/.m2/repository/org/eclipse/jetty/jetty-webapp/9.3.24.v20180605/jetty-webapp-9.3.24.v20180605.jar:/home/user/.m2/repository/org/eclipse/jetty/jetty-xml/9.3.24.v20180605/jetty-xml-9.3.24.v20180605.jar:/home/user/.m2/repository/log4j/log4j/1.2.17/log4j-1.2.17.jar:/home/user/.m2/repository/org/slf4j/slf4j-api/1.7.25/slf4j-api-1.7.25.jar:/home/user/.m2/repository/org/slf4j/jul-to-slf4j/1.7.25/jul-to-slf4j-1.7.25.jar:/home/user/.m2/repository/org/eclipse/jetty/jetty-util/9.3.24.v20180605/jetty-util-9.3.24.v20180605.jar:/home/user/.m2/repository/com/fasterxml/jackson/core/jackson-databind/2.9.5/jackson-databind-2.9.5.jar:/home/user/.m2/repository/org/apache/hadoop/hadoop-kms/3.2.0/hadoop-kms-3.2.0-tests.jar:/home/user/.m2/repository/org/apache/hadoop/hadoop-hdds-server-scm/0.5.0-SNAPSHOT/hadoop-hdds-server-scm-0.5.0-SNAPSHOT-tests.jar:/home/user/.m2/repository/org/apache/hadoop/hadoop-hdds-container-service/0.5.0-SNAPSHOT/hadoop-hdds-container-service-0.5.0-SNAPSHOT-tests.jar:/home/user/.m2/repository/org/yaml/snakeyaml/1.16/snakeyaml-1.16.jar:/home/user/.m2/repository/org/apache/hadoop/hadoop-common/3.2.0/hadoop-common-3.2.0-tests.jar:/home/user/.m2/repository/org/apache/hadoop/hadoop-annotations/3.2.0/hadoop-annotations-3.2.0.jar:/usr/lib/jvm/java-1.8-openjdk/jre/../lib/tools.jar:/home/user/.m2/repository/commons-cli/commons-cli/1.2/commons-cli-1.2.jar:/home/user/.m2/repository/org/apache/httpcomponents/httpclient/4.5.2/httpclient-4.5.2.jar:/home/user/.m2/repository/org/apache/httpcomponents/httpcore/4.4.4/httpcore-4.4.4.jar:/home/user/.m2/repository/commons-codec/commons-codec/1.11/commons-codec-1.11.jar:/home/user/.m2/repository/commons-net/commons-net/3.6/commons-net-3.6.jar:/home/user/.m2/repository/commons-collections/commons-collections/3.2.2/commons-collections-3.2.2.jar:/home/user/.m2/repository/org/eclipse/jetty/jetty-servlet/9.3.24.v20180605/jetty-servlet-9.3.24.v20180605.jar:/home/user/.m2/repository/org/eclipse/jetty/jetty-security/9.3.24.v20180605/jetty-security-9.3.24.v20180605.jar:/home/user/.m2/repository/javax/servlet/jsp/jsp-api/2.1/jsp-api-2.1.jar:/home/user/.m2/repository/com/sun/jersey/jersey-servlet/1.19/jersey-servlet-1.19.jar:/home/user/.m2/repository/com/sun/jersey/jersey-json/1.19/jersey-json-1.19.jar:/home/user/.m2/repository/org/codehaus/jettison/jettison/1.1/jettison-1.1.jar:/home/user/.m2/repository/org/codehaus/jackson/jackson-core-asl/1.9.13/jackson-core-asl-1.9.13.jar:/home/user/.m2/repository/org/codehaus/jackson/jackson-mapper-asl/1.9.13/jackson-mapper-asl-1.9.13.jar:/home/user/.m2/repository/org/codehaus/jackson/jackson-jaxrs/1.9.13/jackson-jaxrs-1.9.13.jar:/home/user/.m2/repository/org/codehaus/jackson/jackson-xc/1.9.13/jackson-xc-1.9.13.jar:/home/user/.m2/repository/commons-logging/commons-logging/1.1.3/commons-logging-1.1.3.jar:/home/user/.m2/repository/commons-beanutils/commons-beanutils/1.9.3/commons-beanutils-1.9.3.jar:/home/user/.m2/repository/org/apache/commons/commons-configuration2/2.1.1/commons-configuration2-2.1.1.jar:/home/user/.m2/repository/org/apache/commons/commons-lang3/3.7/commons-lang3-3.7.jar:/home/user/.m2/repository/org/apache/commons/commons-text/1.4/commons-text-1.4.jar:/home/user/.m2/repository/org/apache/avro/avro/1.7.7/avro-1.7.7.jar:/home/user/.m2/repository/com/thoughtworks/paranamer/paranamer/2.3/paranamer-2.3.jar:/home/user/.m2/repository/org/xerial/snappy/snappy-java/1.0.5/snappy-java-1.0.5.jar:/home/user/.m2/repository/com/google/re2j/re2j/1.1/re2j-1.1.jar:/home/user/.m2/repository/com/google/code/gson/gson/2.2.4/gson-2.2.4.jar:/home/user/.m2/repository/com/jcraft/jsch/0.1.54/jsch-0.1.54.jar:/home/user/.m2/repository/org/apache/curator/curator-client/2.12.0/curator-client-2.12.0.jar:/home/user/.m2/repository/org/apache/curator/curator-recipes/2.12.0/curator-recipes-2.12.0.jar:/home/user/.m2/repository/com/google/code/findbugs/jsr305/3.0.0/jsr305-3.0.0.jar:/home/user/.m2/repository/org/apache/htrace/htrace-core4/4.1.0-incubating/htrace-core4-4.1.0-incubating.jar:/home/user/.m2/repository/org/apache/zookeeper/zookeeper/3.4.13/zookeeper-3.4.13.jar:/home/user/.m2/repository/org/apache/yetus/audience-annotations/0.5.0/audience-annotations-0.5.0.jar:/home/user/.m2/repository/org/codehaus/woodstox/stax2-api/3.1.4/stax2-api-3.1.4.jar:/home/user/.m2/repository/com/fasterxml/woodstox/woodstox-core/5.0.3/woodstox-core-5.0.3.jar:/home/user/.m2/repository/dnsjava/dnsjava/2.1.7/dnsjava-2.1.7.jar:/home/user/.m2/repository/org/apache/hadoop/hadoop-hdfs/3.2.0/hadoop-hdfs-3.2.0-tests.jar:/home/user/.m2/repository/org/eclipse/jetty/jetty-util-ajax/9.3.24.v20180605/jetty-util-ajax-9.3.24.v20180605.jar:/home/user/.m2/repository/commons-daemon/commons-daemon/1.0.13/commons-daemon-1.0.13.jar:/home/user/.m2/repository/io/netty/netty/3.10.5.Final/netty-3.10.5.Final.jar:/home/user/.m2/repository/io/netty/netty-all/4.0.52.Final/netty-all-4.0.52.Final.jar:/home/user/.m2/repository/org/fusesource/leveldbjni/leveldbjni-all/1.8/leveldbjni-all-1.8.jar:"/>
    <property name="sun.cpu.endian" value="little"/>
    <property name="user.home" value="/home/user"/>
    <property name="user.language" value="en"/>
    <property name="java.specification.vendor" value="Oracle Corporation"/>
    <property name="java.home" value="/usr/lib/jvm/java-1.8-openjdk/jre"/>
    <property name="java.security.krb5.conf" value="/workdir/hadoop-ozone/integration-test/target/test-classes/krb5.conf"/>
    <property name="basedir" value="/workdir/hadoop-ozone/integration-test"/>
    <property name="file.separator" value="/"/>
    <property name="line.separator" value="&#10;"/>
    <property name="java.vm.specification.vendor" value="Oracle Corporation"/>
    <property name="java.specification.name" value="Java Platform API Specification"/>
    <property name="java.awt.graphicsenv" value="sun.awt.X11GraphicsEnvironment"/>
    <property name="surefire.real.class.path" value="/workdir/hadoop-ozone/integration-test/target/surefire/surefirebooter1990245559746637251.jar"/>
    <property name="hadoop.log.dir" value="/workdir/hadoop-ozone/integration-test/target/log"/>
    <property name="sun.boot.class.path" value="/usr/lib/jvm/java-1.8-openjdk/jre/lib/resources.jar:/usr/lib/jvm/java-1.8-openjdk/jre/lib/rt.jar:/usr/lib/jvm/java-1.8-openjdk/jre/lib/sunrsasign.jar:/usr/lib/jvm/java-1.8-openjdk/jre/lib/jsse.jar:/usr/lib/jvm/java-1.8-openjdk/jre/lib/jce.jar:/usr/lib/jvm/java-1.8-openjdk/jre/lib/charsets.jar:/usr/lib/jvm/java-1.8-openjdk/jre/lib/jfr.jar:/usr/lib/jvm/java-1.8-openjdk/jre/classes"/>
    <property name="sun.management.compiler" value="HotSpot 64-Bit Tiered Compilers"/>
    <property name="java.runtime.version" value="1.8.0_212-b04"/>
    <property name="java.net.preferIPv4Stack" value="true"/>
    <property name="user.name" value="jenkins1000"/>
    <property name="path.separator" value=":"/>
    <property name="java.security.egd" value="file:///dev/urandom"/>
    <property name="os.version" value="3.10.0-957.12.2.el7.x86_64"/>
    <property name="java.endorsed.dirs" value="/usr/lib/jvm/java-1.8-openjdk/jre/lib/endorsed"/>
    <property name="java.runtime.name" value="OpenJDK Runtime Environment"/>
    <property name="file.encoding" value="UTF-8"/>
    <property name="java.vm.name" value="OpenJDK 64-Bit Server VM"/>
    <property name="test.build.webapps" value=""/>
    <property name="localRepository" value="/home/user/.m2/repository"/>
    <property name="java.vendor.url.bug" value="https://icedtea.classpath.org/bugzilla"/>
    <property name="java.io.tmpdir" value="/tmp"/>
    <property name="require.test.libhadoop" value=""/>
    <property name="java.version" value="1.8.0_212"/>
    <property name="user.dir" value="/workdir/hadoop-ozone/integration-test"/>
    <property name="os.arch" value="amd64"/>
    <property name="java.vm.specification.name" value="Java Virtual Machine Specification"/>
    <property name="test.build.classes" value="/workdir/hadoop-ozone/integration-test/target/test-classes"/>
    <property name="java.awt.printerjob" value="sun.print.PSPrinterJob"/>
    <property name="sun.os.patch.level" value="unknown"/>
    <property name="hadoop.tmp.dir" value="/workdir/hadoop-ozone/integration-test/target/tmp"/>
    <property name="java.library.path" value="/usr/lib/jvm/java-1.8-openjdk/jre/lib/amd64/server:/usr/lib/jvm/java-1.8-openjdk/jre/lib/amd64:/usr/lib/jvm/java-1.8-openjdk/jre/../lib/amd64:/workdir/hadoop-ozone/integration-test/target/native/target/usr/local/lib:/workdir/hadoop-ozone/integration-test/../../hadoop-common-project/hadoop-common/target/native/target/usr/local/lib:/usr/java/packages/lib/amd64:/usr/lib64:/lib64:/lib:/usr/lib"/>
    <property name="java.vm.info" value="mixed mode"/>
    <property name="java.vendor" value="IcedTea"/>
    <property name="java.vm.version" value="25.212-b04"/>
    <property name="java.ext.dirs" value="/usr/lib/jvm/java-1.8-openjdk/jre/lib/ext:/usr/java/packages/lib/ext"/>
    <property name="sun.io.unicode.encoding" value="UnicodeLittle"/>
    <property name="java.class.version" value="52.0"/>
  </properties>
  <testcase name="testMultiBlockWritesWithDnFailures" classname="org.apache.hadoop.ozone.client.rpc.TestMultiBlockWritesWithDnFailures" time="34.834">
    <error message="Allocated 0 blocks. Requested 1 blocks" type="INTERNAL_ERROR org.apache.hadoop.ozone.om.exceptions.OMException">INTERNAL_ERROR org.apache.hadoop.ozone.om.exceptions.OMException: Allocated 0 blocks. Requested 1 blocks
	at org.apache.hadoop.ozone.om.protocolPB.OzoneManagerProtocolClientSideTranslatorPB.handleError(OzoneManagerProtocolClientSideTranslatorPB.java:720)
	at org.apache.hadoop.ozone.om.protocolPB.OzoneManagerProtocolClientSideTranslatorPB.allocateBlock(OzoneManagerProtocolClientSideTranslatorPB.java:752)
	at org.apache.hadoop.ozone.client.io.BlockOutputStreamEntryPool.allocateNewBlock(BlockOutputStreamEntryPool.java:248)
	at org.apache.hadoop.ozone.client.io.BlockOutputStreamEntryPool.allocateBlockIfNeeded(BlockOutputStreamEntryPool.java:296)
	at org.apache.hadoop.ozone.client.io.KeyOutputStream.handleWrite(KeyOutputStream.java:201)
	at org.apache.hadoop.ozone.client.io.KeyOutputStream.handleRetry(KeyOutputStream.java:376)
	at org.apache.hadoop.ozone.client.io.KeyOutputStream.handleException(KeyOutputStream.java:325)
	at org.apache.hadoop.ozone.client.io.KeyOutputStream.handleWrite(KeyOutputStream.java:231)
	at org.apache.hadoop.ozone.client.io.KeyOutputStream.write(KeyOutputStream.java:193)
	at org.apache.hadoop.ozone.client.io.OzoneOutputStream.write(OzoneOutputStream.java:49)
	at java.io.OutputStream.write(OutputStream.java:75)
	at org.apache.hadoop.ozone.client.rpc.TestMultiBlockWritesWithDnFailures.testMultiBlockWritesWithDnFailures(TestMultiBlockWritesWithDnFailures.java:144)
	at sun.reflect.NativeMethodAccessorImpl.invoke0(Native Method)
	at sun.reflect.NativeMethodAccessorImpl.invoke(NativeMethodAccessorImpl.java:62)
	at sun.reflect.DelegatingMethodAccessorImpl.invoke(DelegatingMethodAccessorImpl.java:43)
	at java.lang.reflect.Method.invoke(Method.java:498)
	at org.junit.runners.model.FrameworkMethod$1.runReflectiveCall(FrameworkMethod.java:47)
	at org.junit.internal.runners.model.ReflectiveCallable.run(ReflectiveCallable.java:12)
	at org.junit.runners.model.FrameworkMethod.invokeExplosively(FrameworkMethod.java:44)
	at org.junit.internal.runners.statements.InvokeMethod.evaluate(InvokeMethod.java:17)
	at org.junit.runners.ParentRunner.runLeaf(ParentRunner.java:271)
	at org.junit.runners.BlockJUnit4ClassRunner.runChild(BlockJUnit4ClassRunner.java:70)
	at org.junit.runners.BlockJUnit4ClassRunner.runChild(BlockJUnit4ClassRunner.java:50)
	at org.junit.runners.ParentRunner$3.run(ParentRunner.java:238)
	at org.junit.runners.ParentRunner$1.schedule(ParentRunner.java:63)
	at org.junit.runners.ParentRunner.runChildren(ParentRunner.java:236)
	at org.junit.runners.ParentRunner.access$000(ParentRunner.java:53)
	at org.junit.runners.ParentRunner$2.evaluate(ParentRunner.java:229)
	at org.junit.runners.ParentRunner.run(ParentRunner.java:309)
	at org.apache.maven.surefire.junit4.JUnit4Provider.execute(JUnit4Provider.java:365)
	at org.apache.maven.surefire.junit4.JUnit4Provider.executeWithRerun(JUnit4Provider.java:273)
	at org.apache.maven.surefire.junit4.JUnit4Provider.executeTestSet(JUnit4Provider.java:238)
	at org.apache.maven.surefire.junit4.JUnit4Provider.invoke(JUnit4Provider.java:159)
	at org.apache.maven.surefire.booter.ForkedBooter.invokeProviderInSameClassLoader(ForkedBooter.java:384)
	at org.apache.maven.surefire.booter.ForkedBooter.runSuitesInProcess(ForkedBooter.java:345)
	at org.apache.maven.surefire.booter.ForkedBooter.execute(ForkedBooter.java:126)
	at org.apache.maven.surefire.booter.ForkedBooter.main(ForkedBooter.java:418)
</error>
    <system-out><![CDATA[2019-08-20 17:08:17,284 WARN  server.ServerUtils (ServerUtils.java:getScmDbDir(155)) - ozone.scm.db.dirs is not configured. We recommend adding this setting. Falling back to ozone.metadata.dirs instead.
2019-08-20 17:08:17,421 WARN  server.ServerUtils (ServerUtils.java:getScmDbDir(155)) - ozone.scm.db.dirs is not configured. We recommend adding this setting. Falling back to ozone.metadata.dirs instead.
2019-08-20 17:08:17,425 WARN  server.ServerUtils (ServerUtils.java:getScmDbDir(155)) - ozone.scm.db.dirs is not configured. We recommend adding this setting. Falling back to ozone.metadata.dirs instead.
2019-08-20 17:08:17,447 INFO  util.log (Log.java:initialized(192)) - Logging initialized @901ms
2019-08-20 17:08:17,552 INFO  db.DBStoreBuilder (DBStoreBuilder.java:addTable(110)) - using custom profile for table: deletedBlocks
2019-08-20 17:08:17,552 INFO  db.DBStoreBuilder (DBStoreBuilder.java:processTables(161)) - Using default column profile:DBProfile.DISK for Table:deletedBlocks
2019-08-20 17:08:17,552 INFO  db.DBStoreBuilder (DBStoreBuilder.java:addTable(110)) - using custom profile for table: validCerts
2019-08-20 17:08:17,553 INFO  db.DBStoreBuilder (DBStoreBuilder.java:processTables(161)) - Using default column profile:DBProfile.DISK for Table:validCerts
2019-08-20 17:08:17,553 INFO  db.DBStoreBuilder (DBStoreBuilder.java:addTable(110)) - using custom profile for table: revokedCerts
2019-08-20 17:08:17,553 INFO  db.DBStoreBuilder (DBStoreBuilder.java:processTables(161)) - Using default column profile:DBProfile.DISK for Table:revokedCerts
2019-08-20 17:08:17,565 INFO  db.DBStoreBuilder (DBStoreBuilder.java:addTable(110)) - using custom profile for table: default
2019-08-20 17:08:17,565 INFO  db.DBStoreBuilder (DBStoreBuilder.java:processTables(167)) - Using default column profile:DBProfile.DISK for Table:default
2019-08-20 17:08:17,566 INFO  db.DBStoreBuilder (DBStoreBuilder.java:getDbProfile(198)) - Using default options. DBProfile.DISK
2019-08-20 17:08:17,807 INFO  net.NodeSchemaLoader (NodeSchemaLoader.java:loadSchemaFromFile(125)) - Loading file from sun.misc.CompoundEnumeration@393671df
2019-08-20 17:08:17,812 INFO  net.NodeSchemaLoader (NodeSchemaLoader.java:loadSchema(171)) - Loading network topology layer schema file
2019-08-20 17:08:17,890 INFO  node.SCMNodeManager (SCMNodeManager.java:<init>(121)) - Entering startup safe mode.
2019-08-20 17:08:17,965 INFO  algorithms.ContainerPlacementPolicyFactory (ContainerPlacementPolicyFactory.java:getPolicy(55)) - Create container placement policy of type org.apache.hadoop.hdds.scm.container.placement.algorithms.SCMContainerPlacementRandom
2019-08-20 17:08:17,980 WARN  server.ServerUtils (ServerUtils.java:getScmDbDir(155)) - ozone.scm.db.dirs is not configured. We recommend adding this setting. Falling back to ozone.metadata.dirs instead.
2019-08-20 17:08:18,048 INFO  pipeline.SCMPipelineManager (SCMPipelineManager.java:initializePipelineState(126)) - No pipeline exists in current db
2019-08-20 17:08:18,050 WARN  server.ServerUtils (ServerUtils.java:getScmDbDir(155)) - ozone.scm.db.dirs is not configured. We recommend adding this setting. Falling back to ozone.metadata.dirs instead.
2019-08-20 17:08:18,154 WARN  events.EventQueue (EventQueue.java:fireEvent(175)) - No event handler registered for event TypedEvent{payloadType=SafeModeStatus, name='SafeModeStatus'}
2019-08-20 17:08:18,483 INFO  ipc.CallQueueManager (CallQueueManager.java:<init>(84)) - Using callQueue: class java.util.concurrent.LinkedBlockingQueue, queueCapacity: 2000, scheduler: class org.apache.hadoop.ipc.DefaultRpcScheduler, ipcBackoff: false.
2019-08-20 17:08:18,510 INFO  ipc.Server (Server.java:run(1074)) - Starting Socket Reader #1 for port 41112
2019-08-20 17:08:18,532 INFO  ipc.CallQueueManager (CallQueueManager.java:<init>(84)) - Using callQueue: class java.util.concurrent.LinkedBlockingQueue, queueCapacity: 2000, scheduler: class org.apache.hadoop.ipc.DefaultRpcScheduler, ipcBackoff: false.
2019-08-20 17:08:18,534 INFO  ipc.Server (Server.java:run(1074)) - Starting Socket Reader #1 for port 38400
2019-08-20 17:08:18,540 INFO  ipc.CallQueueManager (CallQueueManager.java:<init>(84)) - Using callQueue: class java.util.concurrent.LinkedBlockingQueue, queueCapacity: 2000, scheduler: class org.apache.hadoop.ipc.DefaultRpcScheduler, ipcBackoff: false.
2019-08-20 17:08:18,542 INFO  ipc.Server (Server.java:run(1074)) - Starting Socket Reader #1 for port 40291
2019-08-20 17:08:18,661 INFO  hdfs.DFSUtil (DFSUtil.java:httpServerTemplateForNNAndJN(1641)) - Starting Web-server for scm at: http://0.0.0.0:0
2019-08-20 17:08:18,821 INFO  server.AuthenticationFilter (AuthenticationFilter.java:constructSecretProvider(240)) - Unable to initialize FileSignerSecretProvider, falling back to use random secrets.
2019-08-20 17:08:18,830 WARN  http.HttpRequestLog (HttpRequestLog.java:getRequestLog(97)) - Jetty request log can only be enabled using Log4j
2019-08-20 17:08:18,838 INFO  http.HttpServer2 (HttpServer2.java:addGlobalFilter(975)) - Added global filter 'safety' (class=org.apache.hadoop.http.HttpServer2$QuotingInputFilter)
2019-08-20 17:08:18,841 INFO  http.HttpServer2 (HttpServer2.java:addFilter(948)) - Added filter static_user_filter (class=org.apache.hadoop.http.lib.StaticUserWebFilter$StaticUserFilter) to context scm
2019-08-20 17:08:18,841 INFO  http.HttpServer2 (HttpServer2.java:addFilter(958)) - Added filter static_user_filter (class=org.apache.hadoop.http.lib.StaticUserWebFilter$StaticUserFilter) to context static
2019-08-20 17:08:18,841 INFO  http.HttpServer2 (HttpServer2.java:addFilter(958)) - Added filter static_user_filter (class=org.apache.hadoop.http.lib.StaticUserWebFilter$StaticUserFilter) to context logs
2019-08-20 17:08:18,873 INFO  server.StorageContainerManager (StorageContainerManager.java:start(759)) - StorageContainerLocationProtocol RPC server is listening at /0.0.0.0:40291
2019-08-20 17:08:18,934 WARN  impl.MetricsConfig (MetricsConfig.java:loadFirst(134)) - Cannot locate configuration: tried hadoop-metrics2-storagecontainermanager.properties,hadoop-metrics2.properties
2019-08-20 17:08:18,947 INFO  impl.MetricsSystemImpl (MetricsSystemImpl.java:startTimer(374)) - Scheduled Metric snapshot period at 10 second(s).
2019-08-20 17:08:18,948 INFO  impl.MetricsSystemImpl (MetricsSystemImpl.java:start(191)) - StorageContainerManager metrics system started
2019-08-20 17:08:19,176 INFO  server.SCMClientProtocolServer (SCMClientProtocolServer.java:start(151)) - RPC server for Client  is listening at /0.0.0.0:40291
2019-08-20 17:08:19,177 INFO  ipc.Server (Server.java:run(1314)) - IPC Server Responder: starting
2019-08-20 17:08:19,177 INFO  ipc.Server (Server.java:run(1153)) - IPC Server listener on 40291: starting
2019-08-20 17:08:19,179 INFO  server.StorageContainerManager (StorageContainerManager.java:start(769)) - ScmBlockLocationProtocol RPC server is listening at /127.0.0.1:38400
2019-08-20 17:08:19,180 INFO  server.SCMBlockProtocolServer (SCMBlockProtocolServer.java:start(141)) - RPC server for Block Protocol is listening at /127.0.0.1:38400
2019-08-20 17:08:19,180 INFO  ipc.Server (Server.java:run(1153)) - IPC Server listener on 38400: starting
2019-08-20 17:08:19,180 INFO  ipc.Server (Server.java:run(1314)) - IPC Server Responder: starting
2019-08-20 17:08:19,191 INFO  server.StorageContainerManager (StorageContainerManager.java:start(773)) - ScmDatanodeProtocl RPC server is listening at /0.0.0.0:41112
2019-08-20 17:08:19,191 INFO  server.SCMDatanodeProtocolServer (SCMDatanodeProtocolServer.java:start(191)) - RPC server for DataNodes is listening at /0.0.0.0:41112
2019-08-20 17:08:19,192 INFO  ipc.Server (Server.java:run(1314)) - IPC Server Responder: starting
2019-08-20 17:08:19,192 INFO  ipc.Server (Server.java:run(1153)) - IPC Server listener on 41112: starting
2019-08-20 17:08:19,205 INFO  http.HttpServer2 (HttpServer2.java:bindListener(1191)) - Jetty bound to port 34215
2019-08-20 17:08:19,208 INFO  server.Server (Server.java:doStart(351)) - jetty-9.3.24.v20180605, build timestamp: 2018-06-05T17:11:56Z, git hash: 84205aa28f11a4f31f2a3b86d1bba2cc8ab69827
2019-08-20 17:08:19,262 INFO  handler.ContextHandler (ContextHandler.java:doStart(781)) - Started o.e.j.s.ServletContextHandler@79d94571{/logs,file:///workdir/hadoop-ozone/integration-test/target/log,AVAILABLE}
2019-08-20 17:08:19,263 INFO  handler.ContextHandler (ContextHandler.java:doStart(781)) - Started o.e.j.s.ServletContextHandler@3212a8d7{/static,file:///workdir/hadoop-ozone/integration-test/target/test-classes/webapps/static,AVAILABLE}
2019-08-20 17:08:19,299 INFO  handler.ContextHandler (ContextHandler.java:doStart(781)) - Started o.e.j.w.WebAppContext@332a7fce{/,file:///workdir/hadoop-ozone/integration-test/target/test-classes/webapps/scm/,AVAILABLE}{/scm}
2019-08-20 17:08:19,305 INFO  server.AbstractConnector (AbstractConnector.java:doStart(278)) - Started ServerConnector@290b1b2e{HTTP/1.1,[http/1.1]}{0.0.0.0:34215}
2019-08-20 17:08:19,305 INFO  server.Server (Server.java:doStart(419)) - Started @2760ms
2019-08-20 17:08:19,307 INFO  server.BaseHttpServer (BaseHttpServer.java:updateConnectorAddress(226)) - HTTP server of SCM is listening at http://0.0.0.0:34215
2019-08-20 17:08:19,316 INFO  util.JvmPauseMonitor (JvmPauseMonitor.java:run(188)) - Starting JVM pause monitor
2019-08-20 17:08:19,322 WARN  server.ServerUtils (ServerUtils.java:getDBPath(232)) - ozone.om.db.dirs is not configured. We recommend adding this setting. Falling back to ozone.metadata.dirs instead.
2019-08-20 17:08:19,447 WARN  server.ServerUtils (ServerUtils.java:getDBPath(232)) - ozone.om.db.dirs is not configured. We recommend adding this setting. Falling back to ozone.metadata.dirs instead.
2019-08-20 17:08:19,448 WARN  server.ServerUtils (ServerUtils.java:getDBPath(232)) - ozone.om.db.dirs is not configured. We recommend adding this setting. Falling back to ozone.metadata.dirs instead.
2019-08-20 17:08:19,449 INFO  om.OzoneManager (OzoneManager.java:setOMNodeDetails(648)) - OM Service ID is not set. Setting it to the default ID: omServiceIdDefault
2019-08-20 17:08:19,449 INFO  om.OzoneManager (OzoneManager.java:setOMNodeDetails(654)) - OM Node ID is not set. Setting it to the OmStorage's OmID: f8d3ec70-a9b4-43b3-ad20-dac79f416514
2019-08-20 17:08:19,450 INFO  om.OzoneManager (OzoneManager.java:loadOMHAConfigs(605)) - Found matching OM address with OMServiceId: null, OMNodeId: null, RPC Address: localhost:0 and Ratis port: 9872
2019-08-20 17:08:20,210 WARN  server.ServerUtils (ServerUtils.java:getDBPath(232)) - ozone.om.db.dirs is not configured. We recommend adding this setting. Falling back to ozone.metadata.dirs instead.
2019-08-20 17:08:20,218 INFO  db.DBStoreBuilder (DBStoreBuilder.java:addTable(110)) - using custom profile for table: userTable
2019-08-20 17:08:20,218 INFO  db.DBStoreBuilder (DBStoreBuilder.java:processTables(161)) - Using default column profile:DBProfile.DISK for Table:userTable
2019-08-20 17:08:20,218 INFO  db.DBStoreBuilder (DBStoreBuilder.java:addTable(110)) - using custom profile for table: volumeTable
2019-08-20 17:08:20,219 INFO  db.DBStoreBuilder (DBStoreBuilder.java:processTables(161)) - Using default column profile:DBProfile.DISK for Table:volumeTable
2019-08-20 17:08:20,219 INFO  db.DBStoreBuilder (DBStoreBuilder.java:addTable(110)) - using custom profile for table: bucketTable
2019-08-20 17:08:20,219 INFO  db.DBStoreBuilder (DBStoreBuilder.java:processTables(161)) - Using default column profile:DBProfile.DISK for Table:bucketTable
2019-08-20 17:08:20,219 INFO  db.DBStoreBuilder (DBStoreBuilder.java:addTable(110)) - using custom profile for table: keyTable
2019-08-20 17:08:20,220 INFO  db.DBStoreBuilder (DBStoreBuilder.java:processTables(161)) - Using default column profile:DBProfile.DISK for Table:keyTable
2019-08-20 17:08:20,220 INFO  db.DBStoreBuilder (DBStoreBuilder.java:addTable(110)) - using custom profile for table: deletedTable
2019-08-20 17:08:20,220 INFO  db.DBStoreBuilder (DBStoreBuilder.java:processTables(161)) - Using default column profile:DBProfile.DISK for Table:deletedTable
2019-08-20 17:08:20,220 INFO  db.DBStoreBuilder (DBStoreBuilder.java:addTable(110)) - using custom profile for table: openKeyTable
2019-08-20 17:08:20,221 INFO  db.DBStoreBuilder (DBStoreBuilder.java:processTables(161)) - Using default column profile:DBProfile.DISK for Table:openKeyTable
2019-08-20 17:08:20,221 INFO  db.DBStoreBuilder (DBStoreBuilder.java:addTable(110)) - using custom profile for table: s3Table
2019-08-20 17:08:20,221 INFO  db.DBStoreBuilder (DBStoreBuilder.java:processTables(161)) - Using default column profile:DBProfile.DISK for Table:s3Table
2019-08-20 17:08:20,221 INFO  db.DBStoreBuilder (DBStoreBuilder.java:addTable(110)) - using custom profile for table: multipartInfoTable
2019-08-20 17:08:20,222 INFO  db.DBStoreBuilder (DBStoreBuilder.java:processTables(161)) - Using default column profile:DBProfile.DISK for Table:multipartInfoTable
2019-08-20 17:08:20,222 INFO  db.DBStoreBuilder (DBStoreBuilder.java:addTable(110)) - using custom profile for table: dTokenTable
2019-08-20 17:08:20,222 INFO  db.DBStoreBuilder (DBStoreBuilder.java:processTables(161)) - Using default column profile:DBProfile.DISK for Table:dTokenTable
2019-08-20 17:08:20,222 INFO  db.DBStoreBuilder (DBStoreBuilder.java:addTable(110)) - using custom profile for table: s3SecretTable
2019-08-20 17:08:20,223 INFO  db.DBStoreBuilder (DBStoreBuilder.java:processTables(161)) - Using default column profile:DBProfile.DISK for Table:s3SecretTable
2019-08-20 17:08:20,223 INFO  db.DBStoreBuilder (DBStoreBuilder.java:addTable(110)) - using custom profile for table: prefixTable
2019-08-20 17:08:20,223 INFO  db.DBStoreBuilder (DBStoreBuilder.java:processTables(161)) - Using default column profile:DBProfile.DISK for Table:prefixTable
2019-08-20 17:08:20,223 INFO  db.DBStoreBuilder (DBStoreBuilder.java:addTable(110)) - using custom profile for table: default
2019-08-20 17:08:20,224 INFO  db.DBStoreBuilder (DBStoreBuilder.java:processTables(167)) - Using default column profile:DBProfile.DISK for Table:default
2019-08-20 17:08:20,224 INFO  db.DBStoreBuilder (DBStoreBuilder.java:getDbProfile(198)) - Using default options. DBProfile.DISK
2019-08-20 17:08:20,610 INFO  ipc.CallQueueManager (CallQueueManager.java:<init>(84)) - Using callQueue: class java.util.concurrent.LinkedBlockingQueue, queueCapacity: 2000, scheduler: class org.apache.hadoop.ipc.DefaultRpcScheduler, ipcBackoff: false.
2019-08-20 17:08:20,611 INFO  ipc.Server (Server.java:run(1074)) - Starting Socket Reader #1 for port 33006
2019-08-20 17:08:20,634 INFO  om.OzoneManager (OzoneManager.java:start(1259)) - OzoneManager RPC server is listening at localhost/127.0.0.1:33006
2019-08-20 17:08:20,634 INFO  impl.MetricsSystemImpl (MetricsSystemImpl.java:init(158)) - OzoneManager metrics system started (again)
2019-08-20 17:08:20,636 INFO  ipc.Server (Server.java:run(1153)) - IPC Server listener on 33006: starting
2019-08-20 17:08:20,637 INFO  ipc.Server (Server.java:run(1314)) - IPC Server Responder: starting
2019-08-20 17:08:20,648 INFO  hdfs.DFSUtil (DFSUtil.java:httpServerTemplateForNNAndJN(1641)) - Starting Web-server for ozoneManager at: http://0.0.0.0:0
2019-08-20 17:08:20,650 INFO  server.AuthenticationFilter (AuthenticationFilter.java:constructSecretProvider(240)) - Unable to initialize FileSignerSecretProvider, falling back to use random secrets.
2019-08-20 17:08:20,651 WARN  http.HttpRequestLog (HttpRequestLog.java:getRequestLog(97)) - Jetty request log can only be enabled using Log4j
2019-08-20 17:08:20,656 INFO  http.HttpServer2 (HttpServer2.java:addGlobalFilter(975)) - Added global filter 'safety' (class=org.apache.hadoop.http.HttpServer2$QuotingInputFilter)
2019-08-20 17:08:20,658 INFO  http.HttpServer2 (HttpServer2.java:addFilter(948)) - Added filter static_user_filter (class=org.apache.hadoop.http.lib.StaticUserWebFilter$StaticUserFilter) to context ozoneManager
2019-08-20 17:08:20,658 INFO  http.HttpServer2 (HttpServer2.java:addFilter(958)) - Added filter static_user_filter (class=org.apache.hadoop.http.lib.StaticUserWebFilter$StaticUserFilter) to context static
2019-08-20 17:08:20,658 INFO  http.HttpServer2 (HttpServer2.java:addFilter(958)) - Added filter static_user_filter (class=org.apache.hadoop.http.lib.StaticUserWebFilter$StaticUserFilter) to context logs
2019-08-20 17:08:20,661 INFO  http.HttpServer2 (HttpServer2.java:bindListener(1191)) - Jetty bound to port 33808
2019-08-20 17:08:20,662 INFO  server.Server (Server.java:doStart(351)) - jetty-9.3.24.v20180605, build timestamp: 2018-06-05T17:11:56Z, git hash: 84205aa28f11a4f31f2a3b86d1bba2cc8ab69827
2019-08-20 17:08:20,665 INFO  handler.ContextHandler (ContextHandler.java:doStart(781)) - Started o.e.j.s.ServletContextHandler@34cf5a97{/logs,file:///workdir/hadoop-ozone/integration-test/target/log,AVAILABLE}
2019-08-20 17:08:20,665 INFO  handler.ContextHandler (ContextHandler.java:doStart(781)) - Started o.e.j.s.ServletContextHandler@ddf20fd{/static,file:///workdir/hadoop-ozone/integration-test/target/test-classes/webapps/static,AVAILABLE}
2019-08-20 17:08:20,673 INFO  handler.ContextHandler (ContextHandler.java:doStart(781)) - Started o.e.j.w.WebAppContext@7fedfe27{/,file:///workdir/hadoop-ozone/integration-test/target/test-classes/webapps/ozoneManager/,AVAILABLE}{/ozoneManager}
2019-08-20 17:08:20,674 INFO  server.AbstractConnector (AbstractConnector.java:doStart(278)) - Started ServerConnector@2f879bab{HTTP/1.1,[http/1.1]}{0.0.0.0:33808}
2019-08-20 17:08:20,676 INFO  server.Server (Server.java:doStart(419)) - Started @4131ms
2019-08-20 17:08:20,677 INFO  server.BaseHttpServer (BaseHttpServer.java:updateConnectorAddress(226)) - HTTP server of OZONEMANAGER is listening at http://0.0.0.0:33808
2019-08-20 17:08:20,998 INFO  impl.MetricsSystemImpl (MetricsSystemImpl.java:init(158)) - HddsDatanode metrics system started (again)
2019-08-20 17:08:21,088 INFO  ozone.HddsDatanodeService (HddsDatanodeService.java:start(190)) - HddsDatanodeService host:pr-hdds-1596-bsl28-2951053889 ip:192.168.34.14
2019-08-20 17:08:21,120 INFO  volume.HddsVolume (HddsVolume.java:<init>(176)) - Creating Volume: /workdir/hadoop-ozone/integration-test/target/test-dir/MiniOzoneClusterImpl-40e3faef-9509-4a9d-94a1-11f1cb84446b/datanode-0/data/containers/hdds of  storage type : DISK and capacity : 1482555576320
2019-08-20 17:08:21,122 INFO  volume.VolumeSet (VolumeSet.java:initializeVolumeSet(170)) - Added Volume : /workdir/hadoop-ozone/integration-test/target/test-dir/MiniOzoneClusterImpl-40e3faef-9509-4a9d-94a1-11f1cb84446b/datanode-0/data/containers/hdds to VolumeSet
2019-08-20 17:08:21,125 INFO  volume.ThrottledAsyncChecker (ThrottledAsyncChecker.java:schedule(140)) - Scheduling a check for org.apache.hadoop.ozone.container.common.volume.HddsVolume@dca2615
2019-08-20 17:08:21,139 INFO  volume.HddsVolumeChecker (HddsVolumeChecker.java:checkAllVolumes(203)) - Scheduled health check for volume org.apache.hadoop.ozone.container.common.volume.HddsVolume@dca2615
2019-08-20 17:08:21,227 INFO  impl.RaftServerProxy (ConfUtils.java:logGet(43)) - raft.rpc.type = GRPC (default)
2019-08-20 17:08:21,296 INFO  grpc.GrpcFactory (GrpcFactory.java:checkPooledByteBufAllocatorUseCacheForAllThreads(45)) - PERFORMANCE WARNING: useCacheForAllThreads is true that may cause Netty to create a lot garbage objects and, as a result, trigger GC.
	It is recommended to disable useCacheForAllThreads by setting -Dorg.apache.ratis.thirdparty.io.netty.allocator.useCacheForAllThreads=false in command line.
2019-08-20 17:08:21,302 INFO  grpc.GrpcConfigKeys$Server (ConfUtils.java:logGet(43)) - raft.grpc.server.port = 0 (default)
2019-08-20 17:08:21,303 INFO  server.GrpcService (ConfUtils.java:logGet(43)) - raft.grpc.message.size.max = 33570816 (custom)
2019-08-20 17:08:21,304 INFO  server.RaftServerConfigKeys (ConfUtils.java:logGet(43)) - raft.server.log.appender.buffer.byte-limit = 33554432 (custom)
2019-08-20 17:08:21,305 INFO  server.GrpcService (ConfUtils.java:logGet(43)) - raft.grpc.flow.control.window = 1MB (=1048576) (default)
2019-08-20 17:08:21,306 INFO  server.RaftServerConfigKeys (ConfUtils.java:logGet(43)) - raft.server.rpc.request.timeout = 3000ms (default)
2019-08-20 17:08:21,448 INFO  server.RaftServerConfigKeys (ConfUtils.java:logGet(43)) - raft.server.storage.dir = [/workdir/hadoop-ozone/integration-test/target/test-dir/MiniOzoneClusterImpl-40e3faef-9509-4a9d-94a1-11f1cb84446b/datanode-0/data/ratis] (custom)
2019-08-20 17:08:21,482 INFO  replication.SimpleContainerDownloader (SimpleContainerDownloader.java:<init>(72)) - Starting container downloader service to copy containers to replicate.
2019-08-20 17:08:21,494 INFO  hdfs.DFSUtil (DFSUtil.java:httpServerTemplateForNNAndJN(1641)) - Starting Web-server for hddsDatanode at: http://0.0.0.0:0
2019-08-20 17:08:21,497 INFO  server.AuthenticationFilter (AuthenticationFilter.java:constructSecretProvider(240)) - Unable to initialize FileSignerSecretProvider, falling back to use random secrets.
2019-08-20 17:08:21,498 WARN  http.HttpRequestLog (HttpRequestLog.java:getRequestLog(97)) - Jetty request log can only be enabled using Log4j
2019-08-20 17:08:21,501 INFO  http.HttpServer2 (HttpServer2.java:addGlobalFilter(975)) - Added global filter 'safety' (class=org.apache.hadoop.http.HttpServer2$QuotingInputFilter)
2019-08-20 17:08:21,502 INFO  http.HttpServer2 (HttpServer2.java:addFilter(948)) - Added filter static_user_filter (class=org.apache.hadoop.http.lib.StaticUserWebFilter$StaticUserFilter) to context hddsDatanode
2019-08-20 17:08:21,502 INFO  http.HttpServer2 (HttpServer2.java:addFilter(958)) - Added filter static_user_filter (class=org.apache.hadoop.http.lib.StaticUserWebFilter$StaticUserFilter) to context static
2019-08-20 17:08:21,502 INFO  http.HttpServer2 (HttpServer2.java:addFilter(958)) - Added filter static_user_filter (class=org.apache.hadoop.http.lib.StaticUserWebFilter$StaticUserFilter) to context logs
2019-08-20 17:08:21,504 INFO  http.HttpServer2 (HttpServer2.java:bindListener(1191)) - Jetty bound to port 37972
2019-08-20 17:08:21,504 INFO  server.Server (Server.java:doStart(351)) - jetty-9.3.24.v20180605, build timestamp: 2018-06-05T17:11:56Z, git hash: 84205aa28f11a4f31f2a3b86d1bba2cc8ab69827
2019-08-20 17:08:21,507 INFO  handler.ContextHandler (ContextHandler.java:doStart(781)) - Started o.e.j.s.ServletContextHandler@288ca5f0{/logs,file:///workdir/hadoop-ozone/integration-test/target/log,AVAILABLE}
2019-08-20 17:08:21,507 INFO  handler.ContextHandler (ContextHandler.java:doStart(781)) - Started o.e.j.s.ServletContextHandler@44bd4b0a{/static,jar:file:/home/user/.m2/repository/org/apache/hadoop/hadoop-hdds-container-service/0.5.0-SNAPSHOT/hadoop-hdds-container-service-0.5.0-SNAPSHOT.jar!/webapps/static,AVAILABLE}
2019-08-20 17:08:21,545 INFO  handler.ContextHandler (ContextHandler.java:doStart(781)) - Started o.e.j.w.WebAppContext@13d9261f{/,file:///tmp/jetty-0.0.0.0-37972-hddsDatanode-_-any-3522556444313975067.dir/webapp/,AVAILABLE}{/hddsDatanode}
2019-08-20 17:08:21,546 INFO  server.AbstractConnector (AbstractConnector.java:doStart(278)) - Started ServerConnector@e9ef5b6{HTTP/1.1,[http/1.1]}{0.0.0.0:37972}
2019-08-20 17:08:21,548 INFO  server.Server (Server.java:doStart(419)) - Started @5002ms
2019-08-20 17:08:21,549 INFO  server.BaseHttpServer (BaseHttpServer.java:updateConnectorAddress(226)) - HTTP server of HDDSDATANODE is listening at http://0.0.0.0:37972
2019-08-20 17:08:22,719 INFO  ozone.HddsDatanodeService (HddsDatanodeService.java:startPlugins(401)) - Started plug-in org.apache.hadoop.ozone.web.OzoneHddsDatanodeService@2a8b33ba
2019-08-20 17:08:22,721 INFO  impl.MetricsSystemImpl (MetricsSystemImpl.java:init(158)) - HddsDatanode metrics system started (again)
2019-08-20 17:08:22,726 INFO  ozone.HddsDatanodeService (HddsDatanodeService.java:start(190)) - HddsDatanodeService host:pr-hdds-1596-bsl28-2951053889 ip:192.168.34.14
2019-08-20 17:08:22,730 INFO  util.JvmPauseMonitor (JvmPauseMonitor.java:run(188)) - Starting JVM pause monitor
2019-08-20 17:08:22,737 INFO  volume.HddsVolume (HddsVolume.java:<init>(176)) - Creating Volume: /workdir/hadoop-ozone/integration-test/target/test-dir/MiniOzoneClusterImpl-40e3faef-9509-4a9d-94a1-11f1cb84446b/datanode-1/data/containers/hdds of  storage type : DISK and capacity : 1482555576320
2019-08-20 17:08:22,737 INFO  volume.VolumeSet (VolumeSet.java:initializeVolumeSet(170)) - Added Volume : /workdir/hadoop-ozone/integration-test/target/test-dir/MiniOzoneClusterImpl-40e3faef-9509-4a9d-94a1-11f1cb84446b/datanode-1/data/containers/hdds to VolumeSet
2019-08-20 17:08:22,738 INFO  volume.ThrottledAsyncChecker (ThrottledAsyncChecker.java:schedule(140)) - Scheduling a check for org.apache.hadoop.ozone.container.common.volume.HddsVolume@23cd5d42
2019-08-20 17:08:22,739 INFO  volume.HddsVolumeChecker (HddsVolumeChecker.java:checkAllVolumes(203)) - Scheduled health check for volume org.apache.hadoop.ozone.container.common.volume.HddsVolume@23cd5d42
2019-08-20 17:08:22,760 INFO  impl.RaftServerProxy (ConfUtils.java:logGet(43)) - raft.rpc.type = GRPC (default)
2019-08-20 17:08:22,761 INFO  grpc.GrpcFactory (GrpcFactory.java:checkPooledByteBufAllocatorUseCacheForAllThreads(45)) - PERFORMANCE WARNING: useCacheForAllThreads is true that may cause Netty to create a lot garbage objects and, as a result, trigger GC.
	It is recommended to disable useCacheForAllThreads by setting -Dorg.apache.ratis.thirdparty.io.netty.allocator.useCacheForAllThreads=false in command line.
2019-08-20 17:08:22,761 INFO  grpc.GrpcConfigKeys$Server (ConfUtils.java:logGet(43)) - raft.grpc.server.port = 0 (default)
2019-08-20 17:08:22,761 INFO  server.GrpcService (ConfUtils.java:logGet(43)) - raft.grpc.message.size.max = 33570816 (custom)
2019-08-20 17:08:22,762 INFO  server.RaftServerConfigKeys (ConfUtils.java:logGet(43)) - raft.server.log.appender.buffer.byte-limit = 33554432 (custom)
2019-08-20 17:08:22,762 INFO  server.GrpcService (ConfUtils.java:logGet(43)) - raft.grpc.flow.control.window = 1MB (=1048576) (default)
2019-08-20 17:08:22,762 INFO  server.RaftServerConfigKeys (ConfUtils.java:logGet(43)) - raft.server.rpc.request.timeout = 3000ms (default)
2019-08-20 17:08:22,763 INFO  server.RaftServerConfigKeys (ConfUtils.java:logGet(43)) - raft.server.storage.dir = [/workdir/hadoop-ozone/integration-test/target/test-dir/MiniOzoneClusterImpl-40e3faef-9509-4a9d-94a1-11f1cb84446b/datanode-1/data/ratis] (custom)
2019-08-20 17:08:22,763 INFO  replication.SimpleContainerDownloader (SimpleContainerDownloader.java:<init>(72)) - Starting container downloader service to copy containers to replicate.
2019-08-20 17:08:22,765 INFO  hdfs.DFSUtil (DFSUtil.java:httpServerTemplateForNNAndJN(1641)) - Starting Web-server for hddsDatanode at: http://0.0.0.0:0
2019-08-20 17:08:22,769 INFO  server.AuthenticationFilter (AuthenticationFilter.java:constructSecretProvider(240)) - Unable to initialize FileSignerSecretProvider, falling back to use random secrets.
2019-08-20 17:08:22,770 WARN  http.HttpRequestLog (HttpRequestLog.java:getRequestLog(97)) - Jetty request log can only be enabled using Log4j
2019-08-20 17:08:22,772 INFO  http.HttpServer2 (HttpServer2.java:addGlobalFilter(975)) - Added global filter 'safety' (class=org.apache.hadoop.http.HttpServer2$QuotingInputFilter)
2019-08-20 17:08:22,773 INFO  http.HttpServer2 (HttpServer2.java:addFilter(948)) - Added filter static_user_filter (class=org.apache.hadoop.http.lib.StaticUserWebFilter$StaticUserFilter) to context hddsDatanode
2019-08-20 17:08:22,773 INFO  http.HttpServer2 (HttpServer2.java:addFilter(958)) - Added filter static_user_filter (class=org.apache.hadoop.http.lib.StaticUserWebFilter$StaticUserFilter) to context static
2019-08-20 17:08:22,773 INFO  http.HttpServer2 (HttpServer2.java:addFilter(958)) - Added filter static_user_filter (class=org.apache.hadoop.http.lib.StaticUserWebFilter$StaticUserFilter) to context logs
2019-08-20 17:08:22,774 INFO  http.HttpServer2 (HttpServer2.java:bindListener(1191)) - Jetty bound to port 33661
2019-08-20 17:08:22,774 INFO  server.Server (Server.java:doStart(351)) - jetty-9.3.24.v20180605, build timestamp: 2018-06-05T17:11:56Z, git hash: 84205aa28f11a4f31f2a3b86d1bba2cc8ab69827
2019-08-20 17:08:22,778 INFO  handler.ContextHandler (ContextHandler.java:doStart(781)) - Started o.e.j.s.ServletContextHandler@3a38f122{/logs,file:///workdir/hadoop-ozone/integration-test/target/log,AVAILABLE}
2019-08-20 17:08:22,779 INFO  handler.ContextHandler (ContextHandler.java:doStart(781)) - Started o.e.j.s.ServletContextHandler@1c628f6a{/static,jar:file:/home/user/.m2/repository/org/apache/hadoop/hadoop-hdds-container-service/0.5.0-SNAPSHOT/hadoop-hdds-container-service-0.5.0-SNAPSHOT.jar!/webapps/static,AVAILABLE}
2019-08-20 17:08:22,811 INFO  handler.ContextHandler (ContextHandler.java:doStart(781)) - Started o.e.j.w.WebAppContext@715f45c6{/,file:///tmp/jetty-0.0.0.0-33661-hddsDatanode-_-any-2792029125394118062.dir/webapp/,AVAILABLE}{/hddsDatanode}
2019-08-20 17:08:22,811 INFO  server.AbstractConnector (AbstractConnector.java:doStart(278)) - Started ServerConnector@5d5c41e5{HTTP/1.1,[http/1.1]}{0.0.0.0:33661}
2019-08-20 17:08:22,813 INFO  server.Server (Server.java:doStart(419)) - Started @6267ms
2019-08-20 17:08:22,813 INFO  server.BaseHttpServer (BaseHttpServer.java:updateConnectorAddress(226)) - HTTP server of HDDSDATANODE is listening at http://0.0.0.0:33661
2019-08-20 17:08:22,861 INFO  datanode.InitDatanodeState (InitDatanodeState.java:persistContainerDatanodeDetails(140)) - DatanodeDetails is persisted to /workdir/hadoop-ozone/integration-test/target/test-dir/MiniOzoneClusterImpl-40e3faef-9509-4a9d-94a1-11f1cb84446b/datanode-0/meta/datanode.id
2019-08-20 17:08:22,955 INFO  ozone.HddsDatanodeService (HddsDatanodeService.java:startPlugins(401)) - Started plug-in org.apache.hadoop.ozone.web.OzoneHddsDatanodeService@521441d5
2019-08-20 17:08:22,956 INFO  impl.MetricsSystemImpl (MetricsSystemImpl.java:init(158)) - HddsDatanode metrics system started (again)
2019-08-20 17:08:22,958 INFO  util.JvmPauseMonitor (JvmPauseMonitor.java:run(188)) - Starting JVM pause monitor
2019-08-20 17:08:22,958 INFO  ozone.HddsDatanodeService (HddsDatanodeService.java:start(190)) - HddsDatanodeService host:pr-hdds-1596-bsl28-2951053889 ip:192.168.34.14
2019-08-20 17:08:22,962 INFO  datanode.InitDatanodeState (InitDatanodeState.java:persistContainerDatanodeDetails(140)) - DatanodeDetails is persisted to /workdir/hadoop-ozone/integration-test/target/test-dir/MiniOzoneClusterImpl-40e3faef-9509-4a9d-94a1-11f1cb84446b/datanode-1/meta/datanode.id
2019-08-20 17:08:22,967 INFO  volume.HddsVolume (HddsVolume.java:<init>(176)) - Creating Volume: /workdir/hadoop-ozone/integration-test/target/test-dir/MiniOzoneClusterImpl-40e3faef-9509-4a9d-94a1-11f1cb84446b/datanode-2/data/containers/hdds of  storage type : DISK and capacity : 1482555576320
2019-08-20 17:08:22,967 INFO  volume.VolumeSet (VolumeSet.java:initializeVolumeSet(170)) - Added Volume : /workdir/hadoop-ozone/integration-test/target/test-dir/MiniOzoneClusterImpl-40e3faef-9509-4a9d-94a1-11f1cb84446b/datanode-2/data/containers/hdds to VolumeSet
2019-08-20 17:08:22,968 INFO  volume.ThrottledAsyncChecker (ThrottledAsyncChecker.java:schedule(140)) - Scheduling a check for org.apache.hadoop.ozone.container.common.volume.HddsVolume@2f995afc
2019-08-20 17:08:22,968 INFO  volume.HddsVolumeChecker (HddsVolumeChecker.java:checkAllVolumes(203)) - Scheduled health check for volume org.apache.hadoop.ozone.container.common.volume.HddsVolume@2f995afc
2019-08-20 17:08:22,981 INFO  impl.RaftServerProxy (ConfUtils.java:logGet(43)) - raft.rpc.type = GRPC (default)
2019-08-20 17:08:22,981 INFO  grpc.GrpcFactory (GrpcFactory.java:checkPooledByteBufAllocatorUseCacheForAllThreads(45)) - PERFORMANCE WARNING: useCacheForAllThreads is true that may cause Netty to create a lot garbage objects and, as a result, trigger GC.
	It is recommended to disable useCacheForAllThreads by setting -Dorg.apache.ratis.thirdparty.io.netty.allocator.useCacheForAllThreads=false in command line.
2019-08-20 17:08:22,981 INFO  grpc.GrpcConfigKeys$Server (ConfUtils.java:logGet(43)) - raft.grpc.server.port = 0 (default)
2019-08-20 17:08:22,982 INFO  server.GrpcService (ConfUtils.java:logGet(43)) - raft.grpc.message.size.max = 33570816 (custom)
2019-08-20 17:08:22,982 INFO  server.RaftServerConfigKeys (ConfUtils.java:logGet(43)) - raft.server.log.appender.buffer.byte-limit = 33554432 (custom)
2019-08-20 17:08:22,982 INFO  server.GrpcService (ConfUtils.java:logGet(43)) - raft.grpc.flow.control.window = 1MB (=1048576) (default)
2019-08-20 17:08:22,982 INFO  server.RaftServerConfigKeys (ConfUtils.java:logGet(43)) - raft.server.rpc.request.timeout = 3000ms (default)
2019-08-20 17:08:22,983 INFO  server.RaftServerConfigKeys (ConfUtils.java:logGet(43)) - raft.server.storage.dir = [/workdir/hadoop-ozone/integration-test/target/test-dir/MiniOzoneClusterImpl-40e3faef-9509-4a9d-94a1-11f1cb84446b/datanode-2/data/ratis] (custom)
2019-08-20 17:08:22,984 INFO  replication.SimpleContainerDownloader (SimpleContainerDownloader.java:<init>(72)) - Starting container downloader service to copy containers to replicate.
2019-08-20 17:08:22,985 INFO  hdfs.DFSUtil (DFSUtil.java:httpServerTemplateForNNAndJN(1641)) - Starting Web-server for hddsDatanode at: http://0.0.0.0:0
2019-08-20 17:08:22,986 INFO  server.AuthenticationFilter (AuthenticationFilter.java:constructSecretProvider(240)) - Unable to initialize FileSignerSecretProvider, falling back to use random secrets.
2019-08-20 17:08:22,987 WARN  http.HttpRequestLog (HttpRequestLog.java:getRequestLog(97)) - Jetty request log can only be enabled using Log4j
2019-08-20 17:08:22,988 INFO  http.HttpServer2 (HttpServer2.java:addGlobalFilter(975)) - Added global filter 'safety' (class=org.apache.hadoop.http.HttpServer2$QuotingInputFilter)
2019-08-20 17:08:22,988 INFO  http.HttpServer2 (HttpServer2.java:addFilter(948)) - Added filter static_user_filter (class=org.apache.hadoop.http.lib.StaticUserWebFilter$StaticUserFilter) to context hddsDatanode
2019-08-20 17:08:22,989 INFO  http.HttpServer2 (HttpServer2.java:addFilter(958)) - Added filter static_user_filter (class=org.apache.hadoop.http.lib.StaticUserWebFilter$StaticUserFilter) to context logs
2019-08-20 17:08:22,989 INFO  http.HttpServer2 (HttpServer2.java:addFilter(958)) - Added filter static_user_filter (class=org.apache.hadoop.http.lib.StaticUserWebFilter$StaticUserFilter) to context static
2019-08-20 17:08:22,989 INFO  http.HttpServer2 (HttpServer2.java:bindListener(1191)) - Jetty bound to port 41243
2019-08-20 17:08:22,990 INFO  server.Server (Server.java:doStart(351)) - jetty-9.3.24.v20180605, build timestamp: 2018-06-05T17:11:56Z, git hash: 84205aa28f11a4f31f2a3b86d1bba2cc8ab69827
2019-08-20 17:08:22,991 INFO  handler.ContextHandler (ContextHandler.java:doStart(781)) - Started o.e.j.s.ServletContextHandler@6e8fdd19{/logs,file:///workdir/hadoop-ozone/integration-test/target/log,AVAILABLE}
2019-08-20 17:08:22,992 INFO  handler.ContextHandler (ContextHandler.java:doStart(781)) - Started o.e.j.s.ServletContextHandler@2199e845{/static,jar:file:/home/user/.m2/repository/org/apache/hadoop/hadoop-hdds-container-service/0.5.0-SNAPSHOT/hadoop-hdds-container-service-0.5.0-SNAPSHOT.jar!/webapps/static,AVAILABLE}
2019-08-20 17:08:23,021 INFO  handler.ContextHandler (ContextHandler.java:doStart(781)) - Started o.e.j.w.WebAppContext@26582ca{/,file:///tmp/jetty-0.0.0.0-41243-hddsDatanode-_-any-1373399751190255191.dir/webapp/,AVAILABLE}{/hddsDatanode}
2019-08-20 17:08:23,021 INFO  server.AbstractConnector (AbstractConnector.java:doStart(278)) - Started ServerConnector@153cb763{HTTP/1.1,[http/1.1]}{0.0.0.0:41243}
2019-08-20 17:08:23,022 INFO  server.Server (Server.java:doStart(419)) - Started @6476ms
2019-08-20 17:08:23,023 INFO  server.BaseHttpServer (BaseHttpServer.java:updateConnectorAddress(226)) - HTTP server of HDDSDATANODE is listening at http://0.0.0.0:41243
2019-08-20 17:08:23,198 INFO  ozone.HddsDatanodeService (HddsDatanodeService.java:startPlugins(401)) - Started plug-in org.apache.hadoop.ozone.web.OzoneHddsDatanodeService@35145874
2019-08-20 17:08:23,199 INFO  impl.MetricsSystemImpl (MetricsSystemImpl.java:init(158)) - HddsDatanode metrics system started (again)
2019-08-20 17:08:23,202 INFO  ozone.HddsDatanodeService (HddsDatanodeService.java:start(190)) - HddsDatanodeService host:pr-hdds-1596-bsl28-2951053889 ip:192.168.34.14
2019-08-20 17:08:23,203 INFO  util.JvmPauseMonitor (JvmPauseMonitor.java:run(188)) - Starting JVM pause monitor
2019-08-20 17:08:23,206 INFO  datanode.InitDatanodeState (InitDatanodeState.java:persistContainerDatanodeDetails(140)) - DatanodeDetails is persisted to /workdir/hadoop-ozone/integration-test/target/test-dir/MiniOzoneClusterImpl-40e3faef-9509-4a9d-94a1-11f1cb84446b/datanode-2/meta/datanode.id
2019-08-20 17:08:23,213 INFO  volume.HddsVolume (HddsVolume.java:<init>(176)) - Creating Volume: /workdir/hadoop-ozone/integration-test/target/test-dir/MiniOzoneClusterImpl-40e3faef-9509-4a9d-94a1-11f1cb84446b/datanode-3/data/containers/hdds of  storage type : DISK and capacity : 1482555576320
2019-08-20 17:08:23,213 INFO  volume.VolumeSet (VolumeSet.java:initializeVolumeSet(170)) - Added Volume : /workdir/hadoop-ozone/integration-test/target/test-dir/MiniOzoneClusterImpl-40e3faef-9509-4a9d-94a1-11f1cb84446b/datanode-3/data/containers/hdds to VolumeSet
2019-08-20 17:08:23,213 INFO  volume.ThrottledAsyncChecker (ThrottledAsyncChecker.java:schedule(140)) - Scheduling a check for org.apache.hadoop.ozone.container.common.volume.HddsVolume@8840c98
2019-08-20 17:08:23,214 INFO  volume.HddsVolumeChecker (HddsVolumeChecker.java:checkAllVolumes(203)) - Scheduled health check for volume org.apache.hadoop.ozone.container.common.volume.HddsVolume@8840c98
2019-08-20 17:08:23,227 INFO  impl.RaftServerProxy (ConfUtils.java:logGet(43)) - raft.rpc.type = GRPC (default)
2019-08-20 17:08:23,227 INFO  grpc.GrpcFactory (GrpcFactory.java:checkPooledByteBufAllocatorUseCacheForAllThreads(45)) - PERFORMANCE WARNING: useCacheForAllThreads is true that may cause Netty to create a lot garbage objects and, as a result, trigger GC.
	It is recommended to disable useCacheForAllThreads by setting -Dorg.apache.ratis.thirdparty.io.netty.allocator.useCacheForAllThreads=false in command line.
2019-08-20 17:08:23,228 INFO  grpc.GrpcConfigKeys$Server (ConfUtils.java:logGet(43)) - raft.grpc.server.port = 0 (default)
2019-08-20 17:08:23,228 INFO  server.GrpcService (ConfUtils.java:logGet(43)) - raft.grpc.message.size.max = 33570816 (custom)
2019-08-20 17:08:23,228 INFO  server.RaftServerConfigKeys (ConfUtils.java:logGet(43)) - raft.server.log.appender.buffer.byte-limit = 33554432 (custom)
2019-08-20 17:08:23,228 INFO  server.GrpcService (ConfUtils.java:logGet(43)) - raft.grpc.flow.control.window = 1MB (=1048576) (default)
2019-08-20 17:08:23,229 INFO  server.RaftServerConfigKeys (ConfUtils.java:logGet(43)) - raft.server.rpc.request.timeout = 3000ms (default)
2019-08-20 17:08:23,229 INFO  server.RaftServerConfigKeys (ConfUtils.java:logGet(43)) - raft.server.storage.dir = [/workdir/hadoop-ozone/integration-test/target/test-dir/MiniOzoneClusterImpl-40e3faef-9509-4a9d-94a1-11f1cb84446b/datanode-3/data/ratis] (custom)
2019-08-20 17:08:23,230 INFO  replication.SimpleContainerDownloader (SimpleContainerDownloader.java:<init>(72)) - Starting container downloader service to copy containers to replicate.
2019-08-20 17:08:23,231 INFO  hdfs.DFSUtil (DFSUtil.java:httpServerTemplateForNNAndJN(1641)) - Starting Web-server for hddsDatanode at: http://0.0.0.0:0
2019-08-20 17:08:23,233 INFO  server.AuthenticationFilter (AuthenticationFilter.java:constructSecretProvider(240)) - Unable to initialize FileSignerSecretProvider, falling back to use random secrets.
2019-08-20 17:08:23,234 WARN  http.HttpRequestLog (HttpRequestLog.java:getRequestLog(97)) - Jetty request log can only be enabled using Log4j
2019-08-20 17:08:23,236 INFO  http.HttpServer2 (HttpServer2.java:addGlobalFilter(975)) - Added global filter 'safety' (class=org.apache.hadoop.http.HttpServer2$QuotingInputFilter)
2019-08-20 17:08:23,237 INFO  http.HttpServer2 (HttpServer2.java:addFilter(948)) - Added filter static_user_filter (class=org.apache.hadoop.http.lib.StaticUserWebFilter$StaticUserFilter) to context hddsDatanode
2019-08-20 17:08:23,237 INFO  http.HttpServer2 (HttpServer2.java:addFilter(958)) - Added filter static_user_filter (class=org.apache.hadoop.http.lib.StaticUserWebFilter$StaticUserFilter) to context static
2019-08-20 17:08:23,238 INFO  http.HttpServer2 (HttpServer2.java:addFilter(958)) - Added filter static_user_filter (class=org.apache.hadoop.http.lib.StaticUserWebFilter$StaticUserFilter) to context logs
2019-08-20 17:08:23,238 INFO  http.HttpServer2 (HttpServer2.java:bindListener(1191)) - Jetty bound to port 36556
2019-08-20 17:08:23,239 INFO  server.Server (Server.java:doStart(351)) - jetty-9.3.24.v20180605, build timestamp: 2018-06-05T17:11:56Z, git hash: 84205aa28f11a4f31f2a3b86d1bba2cc8ab69827
2019-08-20 17:08:23,242 INFO  handler.ContextHandler (ContextHandler.java:doStart(781)) - Started o.e.j.s.ServletContextHandler@4a642e4b{/logs,file:///workdir/hadoop-ozone/integration-test/target/log,AVAILABLE}
2019-08-20 17:08:23,243 INFO  handler.ContextHandler (ContextHandler.java:doStart(781)) - Started o.e.j.s.ServletContextHandler@3b4086c1{/static,jar:file:/home/user/.m2/repository/org/apache/hadoop/hadoop-hdds-container-service/0.5.0-SNAPSHOT/hadoop-hdds-container-service-0.5.0-SNAPSHOT.jar!/webapps/static,AVAILABLE}
2019-08-20 17:08:23,282 INFO  handler.ContextHandler (ContextHandler.java:doStart(781)) - Started o.e.j.w.WebAppContext@6c742b84{/,file:///tmp/jetty-0.0.0.0-36556-hddsDatanode-_-any-356234199091850973.dir/webapp/,AVAILABLE}{/hddsDatanode}
2019-08-20 17:08:23,282 INFO  server.AbstractConnector (AbstractConnector.java:doStart(278)) - Started ServerConnector@5db3d57c{HTTP/1.1,[http/1.1]}{0.0.0.0:36556}
2019-08-20 17:08:23,283 INFO  server.Server (Server.java:doStart(419)) - Started @6738ms
2019-08-20 17:08:23,284 INFO  server.BaseHttpServer (BaseHttpServer.java:updateConnectorAddress(226)) - HTTP server of HDDSDATANODE is listening at http://0.0.0.0:36556
2019-08-20 17:08:23,456 INFO  ozone.HddsDatanodeService (HddsDatanodeService.java:startPlugins(401)) - Started plug-in org.apache.hadoop.ozone.web.OzoneHddsDatanodeService@14b4340c
2019-08-20 17:08:23,456 INFO  impl.MetricsSystemImpl (MetricsSystemImpl.java:init(158)) - HddsDatanode metrics system started (again)
2019-08-20 17:08:23,460 INFO  ozone.HddsDatanodeService (HddsDatanodeService.java:start(190)) - HddsDatanodeService host:pr-hdds-1596-bsl28-2951053889 ip:192.168.34.14
2019-08-20 17:08:23,460 INFO  util.JvmPauseMonitor (JvmPauseMonitor.java:run(188)) - Starting JVM pause monitor
2019-08-20 17:08:23,463 INFO  datanode.InitDatanodeState (InitDatanodeState.java:persistContainerDatanodeDetails(140)) - DatanodeDetails is persisted to /workdir/hadoop-ozone/integration-test/target/test-dir/MiniOzoneClusterImpl-40e3faef-9509-4a9d-94a1-11f1cb84446b/datanode-3/meta/datanode.id
2019-08-20 17:08:23,469 INFO  volume.HddsVolume (HddsVolume.java:<init>(176)) - Creating Volume: /workdir/hadoop-ozone/integration-test/target/test-dir/MiniOzoneClusterImpl-40e3faef-9509-4a9d-94a1-11f1cb84446b/datanode-4/data/containers/hdds of  storage type : DISK and capacity : 1482555576320
2019-08-20 17:08:23,469 INFO  volume.VolumeSet (VolumeSet.java:initializeVolumeSet(170)) - Added Volume : /workdir/hadoop-ozone/integration-test/target/test-dir/MiniOzoneClusterImpl-40e3faef-9509-4a9d-94a1-11f1cb84446b/datanode-4/data/containers/hdds to VolumeSet
2019-08-20 17:08:23,469 INFO  volume.ThrottledAsyncChecker (ThrottledAsyncChecker.java:schedule(140)) - Scheduling a check for org.apache.hadoop.ozone.container.common.volume.HddsVolume@252ec02e
2019-08-20 17:08:23,470 INFO  volume.HddsVolumeChecker (HddsVolumeChecker.java:checkAllVolumes(203)) - Scheduled health check for volume org.apache.hadoop.ozone.container.common.volume.HddsVolume@252ec02e
2019-08-20 17:08:23,485 INFO  impl.RaftServerProxy (ConfUtils.java:logGet(43)) - raft.rpc.type = GRPC (default)
2019-08-20 17:08:23,486 INFO  grpc.GrpcFactory (GrpcFactory.java:checkPooledByteBufAllocatorUseCacheForAllThreads(45)) - PERFORMANCE WARNING: useCacheForAllThreads is true that may cause Netty to create a lot garbage objects and, as a result, trigger GC.
	It is recommended to disable useCacheForAllThreads by setting -Dorg.apache.ratis.thirdparty.io.netty.allocator.useCacheForAllThreads=false in command line.
2019-08-20 17:08:23,486 INFO  grpc.GrpcConfigKeys$Server (ConfUtils.java:logGet(43)) - raft.grpc.server.port = 0 (default)
2019-08-20 17:08:23,486 INFO  server.GrpcService (ConfUtils.java:logGet(43)) - raft.grpc.message.size.max = 33570816 (custom)
2019-08-20 17:08:23,487 INFO  server.RaftServerConfigKeys (ConfUtils.java:logGet(43)) - raft.server.log.appender.buffer.byte-limit = 33554432 (custom)
2019-08-20 17:08:23,487 INFO  server.GrpcService (ConfUtils.java:logGet(43)) - raft.grpc.flow.control.window = 1MB (=1048576) (default)
2019-08-20 17:08:23,487 INFO  server.RaftServerConfigKeys (ConfUtils.java:logGet(43)) - raft.server.rpc.request.timeout = 3000ms (default)
2019-08-20 17:08:23,488 INFO  server.RaftServerConfigKeys (ConfUtils.java:logGet(43)) - raft.server.storage.dir = [/workdir/hadoop-ozone/integration-test/target/test-dir/MiniOzoneClusterImpl-40e3faef-9509-4a9d-94a1-11f1cb84446b/datanode-4/data/ratis] (custom)
2019-08-20 17:08:23,488 INFO  replication.SimpleContainerDownloader (SimpleContainerDownloader.java:<init>(72)) - Starting container downloader service to copy containers to replicate.
2019-08-20 17:08:23,489 INFO  hdfs.DFSUtil (DFSUtil.java:httpServerTemplateForNNAndJN(1641)) - Starting Web-server for hddsDatanode at: http://0.0.0.0:0
2019-08-20 17:08:23,491 INFO  server.AuthenticationFilter (AuthenticationFilter.java:constructSecretProvider(240)) - Unable to initialize FileSignerSecretProvider, falling back to use random secrets.
2019-08-20 17:08:23,491 WARN  http.HttpRequestLog (HttpRequestLog.java:getRequestLog(97)) - Jetty request log can only be enabled using Log4j
2019-08-20 17:08:23,493 INFO  http.HttpServer2 (HttpServer2.java:addGlobalFilter(975)) - Added global filter 'safety' (class=org.apache.hadoop.http.HttpServer2$QuotingInputFilter)
2019-08-20 17:08:23,493 INFO  http.HttpServer2 (HttpServer2.java:addFilter(948)) - Added filter static_user_filter (class=org.apache.hadoop.http.lib.StaticUserWebFilter$StaticUserFilter) to context hddsDatanode
2019-08-20 17:08:23,493 INFO  http.HttpServer2 (HttpServer2.java:addFilter(958)) - Added filter static_user_filter (class=org.apache.hadoop.http.lib.StaticUserWebFilter$StaticUserFilter) to context logs
2019-08-20 17:08:23,494 INFO  http.HttpServer2 (HttpServer2.java:addFilter(958)) - Added filter static_user_filter (class=org.apache.hadoop.http.lib.StaticUserWebFilter$StaticUserFilter) to context static
2019-08-20 17:08:23,494 INFO  http.HttpServer2 (HttpServer2.java:bindListener(1191)) - Jetty bound to port 37897
2019-08-20 17:08:23,495 INFO  server.Server (Server.java:doStart(351)) - jetty-9.3.24.v20180605, build timestamp: 2018-06-05T17:11:56Z, git hash: 84205aa28f11a4f31f2a3b86d1bba2cc8ab69827
2019-08-20 17:08:23,497 INFO  handler.ContextHandler (ContextHandler.java:doStart(781)) - Started o.e.j.s.ServletContextHandler@681061d6{/logs,file:///workdir/hadoop-ozone/integration-test/target/log,AVAILABLE}
2019-08-20 17:08:23,497 INFO  handler.ContextHandler (ContextHandler.java:doStart(781)) - Started o.e.j.s.ServletContextHandler@3caee3a8{/static,jar:file:/home/user/.m2/repository/org/apache/hadoop/hadoop-hdds-container-service/0.5.0-SNAPSHOT/hadoop-hdds-container-service-0.5.0-SNAPSHOT.jar!/webapps/static,AVAILABLE}
2019-08-20 17:08:23,525 INFO  handler.ContextHandler (ContextHandler.java:doStart(781)) - Started o.e.j.w.WebAppContext@703fa45{/,file:///tmp/jetty-0.0.0.0-37897-hddsDatanode-_-any-8306571815235393633.dir/webapp/,AVAILABLE}{/hddsDatanode}
2019-08-20 17:08:23,526 INFO  server.AbstractConnector (AbstractConnector.java:doStart(278)) - Started ServerConnector@5e905f2c{HTTP/1.1,[http/1.1]}{0.0.0.0:37897}
2019-08-20 17:08:23,527 INFO  server.Server (Server.java:doStart(419)) - Started @6981ms
2019-08-20 17:08:23,527 INFO  server.BaseHttpServer (BaseHttpServer.java:updateConnectorAddress(226)) - HTTP server of HDDSDATANODE is listening at http://0.0.0.0:37897
2019-08-20 17:08:23,671 INFO  ozone.HddsDatanodeService (HddsDatanodeService.java:startPlugins(401)) - Started plug-in org.apache.hadoop.ozone.web.OzoneHddsDatanodeService@340afaf8
2019-08-20 17:08:23,672 INFO  impl.MetricsSystemImpl (MetricsSystemImpl.java:init(158)) - HddsDatanode metrics system started (again)
2019-08-20 17:08:23,676 INFO  ozone.HddsDatanodeService (HddsDatanodeService.java:start(190)) - HddsDatanodeService host:pr-hdds-1596-bsl28-2951053889 ip:192.168.34.14
2019-08-20 17:08:23,676 INFO  util.JvmPauseMonitor (JvmPauseMonitor.java:run(188)) - Starting JVM pause monitor
2019-08-20 17:08:23,678 INFO  datanode.InitDatanodeState (InitDatanodeState.java:persistContainerDatanodeDetails(140)) - DatanodeDetails is persisted to /workdir/hadoop-ozone/integration-test/target/test-dir/MiniOzoneClusterImpl-40e3faef-9509-4a9d-94a1-11f1cb84446b/datanode-4/meta/datanode.id
2019-08-20 17:08:23,683 INFO  volume.HddsVolume (HddsVolume.java:<init>(176)) - Creating Volume: /workdir/hadoop-ozone/integration-test/target/test-dir/MiniOzoneClusterImpl-40e3faef-9509-4a9d-94a1-11f1cb84446b/datanode-5/data/containers/hdds of  storage type : DISK and capacity : 1482555576320
2019-08-20 17:08:23,684 INFO  volume.VolumeSet (VolumeSet.java:initializeVolumeSet(170)) - Added Volume : /workdir/hadoop-ozone/integration-test/target/test-dir/MiniOzoneClusterImpl-40e3faef-9509-4a9d-94a1-11f1cb84446b/datanode-5/data/containers/hdds to VolumeSet
2019-08-20 17:08:23,684 INFO  volume.ThrottledAsyncChecker (ThrottledAsyncChecker.java:schedule(140)) - Scheduling a check for org.apache.hadoop.ozone.container.common.volume.HddsVolume@2ce524d2
2019-08-20 17:08:23,685 INFO  volume.HddsVolumeChecker (HddsVolumeChecker.java:checkAllVolumes(203)) - Scheduled health check for volume org.apache.hadoop.ozone.container.common.volume.HddsVolume@2ce524d2
2019-08-20 17:08:23,701 INFO  impl.RaftServerProxy (ConfUtils.java:logGet(43)) - raft.rpc.type = GRPC (default)
2019-08-20 17:08:23,701 INFO  grpc.GrpcFactory (GrpcFactory.java:checkPooledByteBufAllocatorUseCacheForAllThreads(45)) - PERFORMANCE WARNING: useCacheForAllThreads is true that may cause Netty to create a lot garbage objects and, as a result, trigger GC.
	It is recommended to disable useCacheForAllThreads by setting -Dorg.apache.ratis.thirdparty.io.netty.allocator.useCacheForAllThreads=false in command line.
2019-08-20 17:08:23,702 INFO  grpc.GrpcConfigKeys$Server (ConfUtils.java:logGet(43)) - raft.grpc.server.port = 0 (default)
2019-08-20 17:08:23,702 INFO  server.GrpcService (ConfUtils.java:logGet(43)) - raft.grpc.message.size.max = 33570816 (custom)
2019-08-20 17:08:23,702 INFO  server.RaftServerConfigKeys (ConfUtils.java:logGet(43)) - raft.server.log.appender.buffer.byte-limit = 33554432 (custom)
2019-08-20 17:08:23,702 INFO  server.GrpcService (ConfUtils.java:logGet(43)) - raft.grpc.flow.control.window = 1MB (=1048576) (default)
2019-08-20 17:08:23,703 INFO  server.RaftServerConfigKeys (ConfUtils.java:logGet(43)) - raft.server.rpc.request.timeout = 3000ms (default)
2019-08-20 17:08:23,704 INFO  server.RaftServerConfigKeys (ConfUtils.java:logGet(43)) - raft.server.storage.dir = [/workdir/hadoop-ozone/integration-test/target/test-dir/MiniOzoneClusterImpl-40e3faef-9509-4a9d-94a1-11f1cb84446b/datanode-5/data/ratis] (custom)
2019-08-20 17:08:23,704 INFO  replication.SimpleContainerDownloader (SimpleContainerDownloader.java:<init>(72)) - Starting container downloader service to copy containers to replicate.
2019-08-20 17:08:23,705 INFO  hdfs.DFSUtil (DFSUtil.java:httpServerTemplateForNNAndJN(1641)) - Starting Web-server for hddsDatanode at: http://0.0.0.0:0
2019-08-20 17:08:23,708 INFO  server.AuthenticationFilter (AuthenticationFilter.java:constructSecretProvider(240)) - Unable to initialize FileSignerSecretProvider, falling back to use random secrets.
2019-08-20 17:08:23,708 WARN  http.HttpRequestLog (HttpRequestLog.java:getRequestLog(97)) - Jetty request log can only be enabled using Log4j
2019-08-20 17:08:23,711 INFO  http.HttpServer2 (HttpServer2.java:addGlobalFilter(975)) - Added global filter 'safety' (class=org.apache.hadoop.http.HttpServer2$QuotingInputFilter)
2019-08-20 17:08:23,712 INFO  http.HttpServer2 (HttpServer2.java:addFilter(948)) - Added filter static_user_filter (class=org.apache.hadoop.http.lib.StaticUserWebFilter$StaticUserFilter) to context hddsDatanode
2019-08-20 17:08:23,712 INFO  http.HttpServer2 (HttpServer2.java:addFilter(958)) - Added filter static_user_filter (class=org.apache.hadoop.http.lib.StaticUserWebFilter$StaticUserFilter) to context static
2019-08-20 17:08:23,713 INFO  http.HttpServer2 (HttpServer2.java:addFilter(958)) - Added filter static_user_filter (class=org.apache.hadoop.http.lib.StaticUserWebFilter$StaticUserFilter) to context logs
2019-08-20 17:08:23,714 INFO  http.HttpServer2 (HttpServer2.java:bindListener(1191)) - Jetty bound to port 41844
2019-08-20 17:08:23,714 INFO  server.Server (Server.java:doStart(351)) - jetty-9.3.24.v20180605, build timestamp: 2018-06-05T17:11:56Z, git hash: 84205aa28f11a4f31f2a3b86d1bba2cc8ab69827
2019-08-20 17:08:23,717 INFO  handler.ContextHandler (ContextHandler.java:doStart(781)) - Started o.e.j.s.ServletContextHandler@2aee0704{/logs,file:///workdir/hadoop-ozone/integration-test/target/log,AVAILABLE}
2019-08-20 17:08:23,718 INFO  handler.ContextHandler (ContextHandler.java:doStart(781)) - Started o.e.j.s.ServletContextHandler@4f3c7808{/static,jar:file:/home/user/.m2/repository/org/apache/hadoop/hadoop-hdds-container-service/0.5.0-SNAPSHOT/hadoop-hdds-container-service-0.5.0-SNAPSHOT.jar!/webapps/static,AVAILABLE}
2019-08-20 17:08:23,761 INFO  handler.ContextHandler (ContextHandler.java:doStart(781)) - Started o.e.j.w.WebAppContext@458031da{/,file:///tmp/jetty-0.0.0.0-41844-hddsDatanode-_-any-4175558669423272121.dir/webapp/,AVAILABLE}{/hddsDatanode}
2019-08-20 17:08:23,762 INFO  server.AbstractConnector (AbstractConnector.java:doStart(278)) - Started ServerConnector@7be94cd6{HTTP/1.1,[http/1.1]}{0.0.0.0:41844}
2019-08-20 17:08:23,763 INFO  server.Server (Server.java:doStart(419)) - Started @7217ms
2019-08-20 17:08:23,764 INFO  server.BaseHttpServer (BaseHttpServer.java:updateConnectorAddress(226)) - HTTP server of HDDSDATANODE is listening at http://0.0.0.0:41844
2019-08-20 17:08:23,909 INFO  ozone.HddsDatanodeService (HddsDatanodeService.java:startPlugins(401)) - Started plug-in org.apache.hadoop.ozone.web.OzoneHddsDatanodeService@5e2a6991
2019-08-20 17:08:23,912 INFO  ozone.MiniOzoneClusterImpl (MiniOzoneClusterImpl.java:lambda$waitForClusterToBeReady$0(142)) - Waiting for cluster to be ready. Got 0 of 6 DN Heartbeats.
2019-08-20 17:08:23,914 INFO  util.JvmPauseMonitor (JvmPauseMonitor.java:run(188)) - Starting JVM pause monitor
2019-08-20 17:08:23,916 INFO  datanode.InitDatanodeState (InitDatanodeState.java:persistContainerDatanodeDetails(140)) - DatanodeDetails is persisted to /workdir/hadoop-ozone/integration-test/target/test-dir/MiniOzoneClusterImpl-40e3faef-9509-4a9d-94a1-11f1cb84446b/datanode-5/meta/datanode.id
2019-08-20 17:08:24,810 INFO  ozoneimpl.OzoneContainer (OzoneContainer.java:start(186)) - Attempting to start container services.
2019-08-20 17:08:24,812 INFO  ozoneimpl.OzoneContainer (OzoneContainer.java:startContainerScrub(160)) - Background container scrubber has been disabled by hdds.containerscrub.enabled
2019-08-20 17:08:24,812 INFO  ratis.XceiverServerRatis (XceiverServerRatis.java:start(404)) - Starting XceiverServerRatis c057a1f0-d88e-4668-8d47-8ac449b5fc09 at port 0
2019-08-20 17:08:24,912 INFO  ozone.MiniOzoneClusterImpl (MiniOzoneClusterImpl.java:lambda$waitForClusterToBeReady$0(142)) - Waiting for cluster to be ready. Got 0 of 6 DN Heartbeats.
2019-08-20 17:08:24,918 INFO  impl.RaftServerProxy (RaftServerProxy.java:lambda$start$3(299)) - c057a1f0-d88e-4668-8d47-8ac449b5fc09: start RPC server
2019-08-20 17:08:24,975 INFO  ozoneimpl.OzoneContainer (OzoneContainer.java:start(186)) - Attempting to start container services.
2019-08-20 17:08:24,978 INFO  ozoneimpl.OzoneContainer (OzoneContainer.java:startContainerScrub(160)) - Background container scrubber has been disabled by hdds.containerscrub.enabled
2019-08-20 17:08:24,979 INFO  ratis.XceiverServerRatis (XceiverServerRatis.java:start(404)) - Starting XceiverServerRatis 0d52cd0d-5887-4861-9f74-56217e1a0f56 at port 0
2019-08-20 17:08:24,989 INFO  impl.RaftServerProxy (RaftServerProxy.java:lambda$start$3(299)) - 0d52cd0d-5887-4861-9f74-56217e1a0f56: start RPC server
2019-08-20 17:08:25,070 INFO  server.GrpcService (GrpcService.java:startImpl(149)) - c057a1f0-d88e-4668-8d47-8ac449b5fc09: GrpcService started, listening on 0.0.0.0/0.0.0.0:45181
2019-08-20 17:08:25,070 INFO  server.GrpcService (GrpcService.java:startImpl(149)) - 0d52cd0d-5887-4861-9f74-56217e1a0f56: GrpcService started, listening on 0.0.0.0/0.0.0.0:34135
2019-08-20 17:08:25,071 INFO  ratis.XceiverServerRatis (XceiverServerRatis.java:start(414)) - XceiverServerRatis c057a1f0-d88e-4668-8d47-8ac449b5fc09 is started using port 45181
2019-08-20 17:08:25,071 INFO  ratis.XceiverServerRatis (XceiverServerRatis.java:start(414)) - XceiverServerRatis 0d52cd0d-5887-4861-9f74-56217e1a0f56 is started using port 34135
2019-08-20 17:08:25,075 INFO  server.XceiverServerGrpc (XceiverServerGrpc.java:start(161)) - XceiverServerGrpc c057a1f0-d88e-4668-8d47-8ac449b5fc09 is started using port 40199
2019-08-20 17:08:25,075 INFO  server.XceiverServerGrpc (XceiverServerGrpc.java:start(161)) - XceiverServerGrpc 0d52cd0d-5887-4861-9f74-56217e1a0f56 is started using port 44825
2019-08-20 17:08:25,220 INFO  ozoneimpl.OzoneContainer (OzoneContainer.java:start(186)) - Attempting to start container services.
2019-08-20 17:08:25,222 INFO  ozoneimpl.OzoneContainer (OzoneContainer.java:startContainerScrub(160)) - Background container scrubber has been disabled by hdds.containerscrub.enabled
2019-08-20 17:08:25,222 INFO  ratis.XceiverServerRatis (XceiverServerRatis.java:start(404)) - Starting XceiverServerRatis 87e47e15-6589-405f-974e-8c9e6ee1e6ee at port 0
2019-08-20 17:08:25,233 INFO  impl.RaftServerProxy (RaftServerProxy.java:lambda$start$3(299)) - 87e47e15-6589-405f-974e-8c9e6ee1e6ee: start RPC server
2019-08-20 17:08:25,236 INFO  server.GrpcService (GrpcService.java:startImpl(149)) - 87e47e15-6589-405f-974e-8c9e6ee1e6ee: GrpcService started, listening on 0.0.0.0/0.0.0.0:33565
2019-08-20 17:08:25,237 INFO  ratis.XceiverServerRatis (XceiverServerRatis.java:start(414)) - XceiverServerRatis 87e47e15-6589-405f-974e-8c9e6ee1e6ee is started using port 33565
2019-08-20 17:08:25,240 INFO  server.XceiverServerGrpc (XceiverServerGrpc.java:start(161)) - XceiverServerGrpc 87e47e15-6589-405f-974e-8c9e6ee1e6ee is started using port 35389
2019-08-20 17:08:25,478 INFO  ozoneimpl.OzoneContainer (OzoneContainer.java:start(186)) - Attempting to start container services.
2019-08-20 17:08:25,484 INFO  ozoneimpl.OzoneContainer (OzoneContainer.java:startContainerScrub(160)) - Background container scrubber has been disabled by hdds.containerscrub.enabled
2019-08-20 17:08:25,484 INFO  ratis.XceiverServerRatis (XceiverServerRatis.java:start(404)) - Starting XceiverServerRatis 92916cba-8e63-46d5-806b-8e4a4e94b08c at port 0
2019-08-20 17:08:25,495 INFO  impl.RaftServerProxy (RaftServerProxy.java:lambda$start$3(299)) - 92916cba-8e63-46d5-806b-8e4a4e94b08c: start RPC server
2019-08-20 17:08:25,499 INFO  server.GrpcService (GrpcService.java:startImpl(149)) - 92916cba-8e63-46d5-806b-8e4a4e94b08c: GrpcService started, listening on 0.0.0.0/0.0.0.0:45686
2019-08-20 17:08:25,499 INFO  ratis.XceiverServerRatis (XceiverServerRatis.java:start(414)) - XceiverServerRatis 92916cba-8e63-46d5-806b-8e4a4e94b08c is started using port 45686
2019-08-20 17:08:25,503 INFO  server.XceiverServerGrpc (XceiverServerGrpc.java:start(161)) - XceiverServerGrpc 92916cba-8e63-46d5-806b-8e4a4e94b08c is started using port 39481
2019-08-20 17:08:25,694 INFO  ozoneimpl.OzoneContainer (OzoneContainer.java:start(186)) - Attempting to start container services.
2019-08-20 17:08:25,694 INFO  ozoneimpl.OzoneContainer (OzoneContainer.java:startContainerScrub(160)) - Background container scrubber has been disabled by hdds.containerscrub.enabled
2019-08-20 17:08:25,694 INFO  ratis.XceiverServerRatis (XceiverServerRatis.java:start(404)) - Starting XceiverServerRatis f2c6fdf1-1b22-4e25-849b-6f41cf78b2b9 at port 0
2019-08-20 17:08:25,704 INFO  impl.RaftServerProxy (RaftServerProxy.java:lambda$start$3(299)) - f2c6fdf1-1b22-4e25-849b-6f41cf78b2b9: start RPC server
2019-08-20 17:08:25,710 INFO  server.GrpcService (GrpcService.java:startImpl(149)) - f2c6fdf1-1b22-4e25-849b-6f41cf78b2b9: GrpcService started, listening on 0.0.0.0/0.0.0.0:46105
2019-08-20 17:08:25,710 INFO  ratis.XceiverServerRatis (XceiverServerRatis.java:start(414)) - XceiverServerRatis f2c6fdf1-1b22-4e25-849b-6f41cf78b2b9 is started using port 46105
2019-08-20 17:08:25,715 INFO  server.XceiverServerGrpc (XceiverServerGrpc.java:start(161)) - XceiverServerGrpc f2c6fdf1-1b22-4e25-849b-6f41cf78b2b9 is started using port 37857
2019-08-20 17:08:25,913 INFO  ozone.MiniOzoneClusterImpl (MiniOzoneClusterImpl.java:lambda$waitForClusterToBeReady$0(142)) - Waiting for cluster to be ready. Got 0 of 6 DN Heartbeats.
2019-08-20 17:08:25,930 INFO  ozoneimpl.OzoneContainer (OzoneContainer.java:start(186)) - Attempting to start container services.
2019-08-20 17:08:25,931 INFO  ozoneimpl.OzoneContainer (OzoneContainer.java:startContainerScrub(160)) - Background container scrubber has been disabled by hdds.containerscrub.enabled
2019-08-20 17:08:25,931 INFO  ratis.XceiverServerRatis (XceiverServerRatis.java:start(404)) - Starting XceiverServerRatis ec509022-aa0f-4f73-9e4d-21dab8bfeb55 at port 0
2019-08-20 17:08:25,941 INFO  impl.RaftServerProxy (RaftServerProxy.java:lambda$start$3(299)) - ec509022-aa0f-4f73-9e4d-21dab8bfeb55: start RPC server
2019-08-20 17:08:25,946 INFO  server.GrpcService (GrpcService.java:startImpl(149)) - ec509022-aa0f-4f73-9e4d-21dab8bfeb55: GrpcService started, listening on 0.0.0.0/0.0.0.0:35309
2019-08-20 17:08:25,947 INFO  ratis.XceiverServerRatis (XceiverServerRatis.java:start(414)) - XceiverServerRatis ec509022-aa0f-4f73-9e4d-21dab8bfeb55 is started using port 35309
2019-08-20 17:08:25,950 INFO  server.XceiverServerGrpc (XceiverServerGrpc.java:start(161)) - XceiverServerGrpc ec509022-aa0f-4f73-9e4d-21dab8bfeb55 is started using port 35851
2019-08-20 17:08:26,779 INFO  net.NetworkTopology (NetworkTopologyImpl.java:add(110)) - Added a new node: /default-rack/c057a1f0-d88e-4668-8d47-8ac449b5fc09
2019-08-20 17:08:26,780 INFO  node.SCMNodeManager (SCMNodeManager.java:register(273)) - Registered Data node : c057a1f0-d88e-4668-8d47-8ac449b5fc09{ip: 192.168.34.14, host: pr-hdds-1596-bsl28-2951053889, networkLocation: /default-rack, certSerialId: null}
2019-08-20 17:08:26,786 INFO  safemode.SCMSafeModeManager (DataNodeSafeModeRule.java:process(71)) - SCM in safe mode. 1 DataNodes registered, 1 required.
2019-08-20 17:08:26,786 INFO  safemode.SCMSafeModeManager (SCMSafeModeManager.java:validateSafeModeExitRules(177)) - ScmSafeModeManager, all rules are successfully validated
2019-08-20 17:08:26,787 INFO  safemode.SCMSafeModeManager (SCMSafeModeManager.java:exitSafeMode(193)) - SCM exiting safe mode.
2019-08-20 17:08:26,914 INFO  ozone.MiniOzoneClusterImpl (MiniOzoneClusterImpl.java:lambda$waitForClusterToBeReady$0(142)) - Waiting for cluster to be ready. Got 1 of 6 DN Heartbeats.
2019-08-20 17:08:26,964 INFO  net.NetworkTopology (NetworkTopologyImpl.java:add(110)) - Added a new node: /default-rack/0d52cd0d-5887-4861-9f74-56217e1a0f56
2019-08-20 17:08:26,964 INFO  node.SCMNodeManager (SCMNodeManager.java:register(273)) - Registered Data node : 0d52cd0d-5887-4861-9f74-56217e1a0f56{ip: 192.168.34.14, host: pr-hdds-1596-bsl28-2951053889, networkLocation: /default-rack, certSerialId: null}
2019-08-20 17:08:27,209 INFO  net.NetworkTopology (NetworkTopologyImpl.java:add(110)) - Added a new node: /default-rack/87e47e15-6589-405f-974e-8c9e6ee1e6ee
2019-08-20 17:08:27,209 INFO  node.SCMNodeManager (SCMNodeManager.java:register(273)) - Registered Data node : 87e47e15-6589-405f-974e-8c9e6ee1e6ee{ip: 192.168.34.14, host: pr-hdds-1596-bsl28-2951053889, networkLocation: /default-rack, certSerialId: null}
2019-08-20 17:08:27,725 INFO  net.NetworkTopology (NetworkTopologyImpl.java:add(110)) - Added a new node: /default-rack/f2c6fdf1-1b22-4e25-849b-6f41cf78b2b9
2019-08-20 17:08:27,727 INFO  node.SCMNodeManager (SCMNodeManager.java:register(273)) - Registered Data node : f2c6fdf1-1b22-4e25-849b-6f41cf78b2b9{ip: 192.168.34.14, host: pr-hdds-1596-bsl28-2951053889, networkLocation: /default-rack, certSerialId: null}
2019-08-20 17:08:27,728 INFO  net.NetworkTopology (NetworkTopologyImpl.java:add(110)) - Added a new node: /default-rack/92916cba-8e63-46d5-806b-8e4a4e94b08c
2019-08-20 17:08:27,728 INFO  node.SCMNodeManager (SCMNodeManager.java:register(273)) - Registered Data node : 92916cba-8e63-46d5-806b-8e4a4e94b08c{ip: 192.168.34.14, host: pr-hdds-1596-bsl28-2951053889, networkLocation: /default-rack, certSerialId: null}
2019-08-20 17:08:27,751 INFO  impl.RaftServerProxy (RaftServerProxy.java:addNew(89)) - c057a1f0-d88e-4668-8d47-8ac449b5fc09: addNew group-231D331B32E7:[c057a1f0-d88e-4668-8d47-8ac449b5fc09:192.168.34.14:45181] returns group-231D331B32E7:java.util.concurrent.CompletableFuture@1674c5a0[Not completed]
2019-08-20 17:08:27,778 INFO  impl.RaftServerImpl (RaftServerImpl.java:<init>(93)) - c057a1f0-d88e-4668-8d47-8ac449b5fc09: new RaftServerImpl for group-231D331B32E7:[c057a1f0-d88e-4668-8d47-8ac449b5fc09:192.168.34.14:45181] with ContainerStateMachine:uninitialized
2019-08-20 17:08:27,780 INFO  server.RaftServerConfigKeys (ConfUtils.java:logGet(43)) - raft.server.rpc.timeout.min = 5s (custom)
2019-08-20 17:08:27,781 INFO  server.RaftServerConfigKeys (ConfUtils.java:logGet(43)) - raft.server.rpc.timeout.max = 5200ms (custom)
2019-08-20 17:08:27,782 INFO  server.RaftServerConfigKeys (ConfUtils.java:logGet(43)) - raft.server.rpcslowness.timeout = 120s (custom)
2019-08-20 17:08:27,782 INFO  server.RaftServerConfigKeys (ConfUtils.java:logGet(43)) - raft.server.sleep.deviation.threshold = 300 (default)
2019-08-20 17:08:27,783 INFO  server.RaftServerConfigKeys (ConfUtils.java:logGet(43)) - raft.server.log.appender.install.snapshot.enabled = false (custom)
2019-08-20 17:08:27,792 INFO  impl.RaftServerImpl (ServerState.java:<init>(105)) - c057a1f0-d88e-4668-8d47-8ac449b5fc09:group-231D331B32E7 ConfigurationManager, init=-1: [c057a1f0-d88e-4668-8d47-8ac449b5fc09:192.168.34.14:45181], old=null, confs=<EMPTY_MAP>
2019-08-20 17:08:27,792 INFO  server.RaftServerConfigKeys (ConfUtils.java:logGet(43)) - raft.server.storage.dir = [/workdir/hadoop-ozone/integration-test/target/test-dir/MiniOzoneClusterImpl-40e3faef-9509-4a9d-94a1-11f1cb84446b/datanode-0/data/ratis] (custom)
2019-08-20 17:08:27,799 INFO  storage.RaftStorageDirectory (RaftStorageDirectory.java:analyzeStorage(246)) - The storage directory /workdir/hadoop-ozone/integration-test/target/test-dir/MiniOzoneClusterImpl-40e3faef-9509-4a9d-94a1-11f1cb84446b/datanode-0/data/ratis/72a59a1a-2eef-4802-bb38-231d331b32e7 does not exist. Creating ...
2019-08-20 17:08:27,817 INFO  storage.RaftStorageDirectory (RaftStorageDirectory.java:tryLock(328)) - Lock on /workdir/hadoop-ozone/integration-test/target/test-dir/MiniOzoneClusterImpl-40e3faef-9509-4a9d-94a1-11f1cb84446b/datanode-0/data/ratis/72a59a1a-2eef-4802-bb38-231d331b32e7/in_use.lock acquired by nodename 5550@pr-hdds-1596-bsl28-2951053889
2019-08-20 17:08:27,832 INFO  storage.RaftStorage (RaftStorage.java:format(72)) - Storage directory /workdir/hadoop-ozone/integration-test/target/test-dir/MiniOzoneClusterImpl-40e3faef-9509-4a9d-94a1-11f1cb84446b/datanode-0/data/ratis/72a59a1a-2eef-4802-bb38-231d331b32e7 has been successfully formatted.
2019-08-20 17:08:27,834 INFO  ratis.ContainerStateMachine (ContainerStateMachine.java:loadSnapshot(222)) - group-231D331B32E7: The snapshot info is null. Setting the last applied indexto:(t:0, i:~)
2019-08-20 17:08:27,834 INFO  server.RaftServerConfigKeys (ConfUtils.java:logGet(43)) - raft.server.leader.election.timeout = 120s (custom)
2019-08-20 17:08:27,836 INFO  server.RaftServerConfigKeys (ConfUtils.java:logGet(43)) - raft.server.log.use.memory = false (default)
2019-08-20 17:08:27,841 INFO  server.RaftServerConfigKeys (ConfUtils.java:logGet(43)) - raft.server.log.purge.gap = 1000000000 (custom)
2019-08-20 17:08:27,841 INFO  server.RaftServerConfigKeys (ConfUtils.java:logGet(43)) - raft.server.log.appender.buffer.byte-limit = 33554432 (custom)
2019-08-20 17:08:27,843 INFO  server.RaftServerConfigKeys (ConfUtils.java:logGet(43)) - raft.server.log.segment.size.max = 1048576 (custom)
2019-08-20 17:08:27,847 INFO  server.RaftServerConfigKeys (ConfUtils.java:logGet(43)) - raft.server.log.segment.cache.num.max = 2 (custom)
2019-08-20 17:08:27,852 INFO  segmented.SegmentedRaftLogWorker (SegmentedRaftLogWorker.java:<init>(172)) - new c057a1f0-d88e-4668-8d47-8ac449b5fc09-SegmentedRaftLogWorker:Storage Directory /workdir/hadoop-ozone/integration-test/target/test-dir/MiniOzoneClusterImpl-40e3faef-9509-4a9d-94a1-11f1cb84446b/datanode-0/data/ratis/72a59a1a-2eef-4802-bb38-231d331b32e7 for RaftStorage:Storage Directory /workdir/hadoop-ozone/integration-test/target/test-dir/MiniOzoneClusterImpl-40e3faef-9509-4a9d-94a1-11f1cb84446b/datanode-0/data/ratis/72a59a1a-2eef-4802-bb38-231d331b32e7
2019-08-20 17:08:27,863 INFO  server.RaftServerConfigKeys (ConfUtils.java:logGet(43)) - raft.server.log.queue.byte-limit = 2147483647 (custom)
2019-08-20 17:08:27,863 INFO  server.RaftServerConfigKeys (ConfUtils.java:logGet(43)) - raft.server.log.queue.element-limit = 1024 (custom)
2019-08-20 17:08:27,867 INFO  server.RaftServerConfigKeys (ConfUtils.java:logGet(43)) - raft.server.log.segment.size.max = 1048576 (custom)
2019-08-20 17:08:27,868 INFO  server.RaftServerConfigKeys (ConfUtils.java:logGet(43)) - raft.server.log.preallocated.size = 16384 (custom)
2019-08-20 17:08:27,868 INFO  server.RaftServerConfigKeys (ConfUtils.java:logGet(43)) - raft.server.log.write.buffer.size = 33554432 (custom)
2019-08-20 17:08:27,868 INFO  server.RaftServerConfigKeys (ConfUtils.java:logGet(43)) - raft.server.log.force.sync.num = 128 (default)
2019-08-20 17:08:27,869 INFO  server.RaftServerConfigKeys (ConfUtils.java:logGet(43)) - raft.server.log.statemachine.data.sync = true (default)
2019-08-20 17:08:27,870 INFO  server.RaftServerConfigKeys (ConfUtils.java:logGet(43)) - raft.server.log.statemachine.data.sync.timeout = 10s (default)
2019-08-20 17:08:27,870 INFO  server.RaftServerConfigKeys (ConfUtils.java:logGet(43)) - raft.server.log.statemachine.data.sync.timeout.retry = -1 (default)
2019-08-20 17:08:27,878 INFO  server.RaftServerConfigKeys (ConfUtils.java:logGet(43)) - raft.server.log.statemachine.data.caching.enabled = true (custom)
2019-08-20 17:08:27,881 INFO  segmented.SegmentedRaftLogWorker (SegmentedRaftLogWorker.java:lambda$new$0(132)) - c057a1f0-d88e-4668-8d47-8ac449b5fc09-SegmentedRaftLogWorker:Storage Directory /workdir/hadoop-ozone/integration-test/target/test-dir/MiniOzoneClusterImpl-40e3faef-9509-4a9d-94a1-11f1cb84446b/datanode-0/data/ratis/72a59a1a-2eef-4802-bb38-231d331b32e7: flushIndex: setUnconditionally 0 -> -1
2019-08-20 17:08:27,885 INFO  server.RaftServerConfigKeys (ConfUtils.java:logGet(43)) - raft.server.snapshot.auto.trigger.enabled = true (custom)
2019-08-20 17:08:27,886 INFO  server.RaftServerConfigKeys (ConfUtils.java:logGet(43)) - raft.server.snapshot.auto.trigger.threshold = 10000 (custom)
2019-08-20 17:08:27,886 INFO  server.RaftServerConfigKeys (ConfUtils.java:logGet(43)) - raft.server.retrycache.expirytime = 600000ms (custom)
2019-08-20 17:08:27,905 INFO  impl.RaftServerImpl (RaftServerImpl.java:start(180)) - c057a1f0-d88e-4668-8d47-8ac449b5fc09: start group-231D331B32E7
2019-08-20 17:08:27,906 INFO  impl.RaftServerImpl (RaftServerImpl.java:setRole(171)) - c057a1f0-d88e-4668-8d47-8ac449b5fc09:group-231D331B32E7 changes role from null to FOLLOWER at term 0 for startAsFollower
2019-08-20 17:08:27,907 INFO  impl.RoleInfo (RoleInfo.java:updateAndGet(143)) - c057a1f0-d88e-4668-8d47-8ac449b5fc09: start FollowerState
2019-08-20 17:08:27,909 INFO  util.JmxRegister (JmxRegister.java:tryRegister(44)) - Successfully registered JMX Bean with object name Ratis:service=RaftServer,group=group-231D331B32E7,id=c057a1f0-d88e-4668-8d47-8ac449b5fc09
2019-08-20 17:08:27,914 INFO  ozone.MiniOzoneClusterImpl (MiniOzoneClusterImpl.java:lambda$waitForClusterToBeReady$0(142)) - Waiting for cluster to be ready. Got 5 of 6 DN Heartbeats.
2019-08-20 17:08:27,919 INFO  net.NetworkTopology (NetworkTopologyImpl.java:add(110)) - Added a new node: /default-rack/ec509022-aa0f-4f73-9e4d-21dab8bfeb55
2019-08-20 17:08:27,920 INFO  node.SCMNodeManager (SCMNodeManager.java:register(273)) - Registered Data node : ec509022-aa0f-4f73-9e4d-21dab8bfeb55{ip: 192.168.34.14, host: pr-hdds-1596-bsl28-2951053889, networkLocation: /default-rack, certSerialId: null}
2019-08-20 17:08:27,971 INFO  pipeline.PipelineStateManager (PipelineStateManager.java:addPipeline(56)) - Created pipeline Pipeline[ Id: 72a59a1a-2eef-4802-bb38-231d331b32e7, Nodes: c057a1f0-d88e-4668-8d47-8ac449b5fc09{ip: 192.168.34.14, host: pr-hdds-1596-bsl28-2951053889, networkLocation: /default-rack, certSerialId: null}, Type:RATIS, Factor:ONE, State:OPEN]
2019-08-20 17:08:27,993 INFO  impl.RaftServerProxy (RaftServerProxy.java:addNew(89)) - 0d52cd0d-5887-4861-9f74-56217e1a0f56: addNew group-DB613E1BF27F:[0d52cd0d-5887-4861-9f74-56217e1a0f56:192.168.34.14:34135] returns group-DB613E1BF27F:java.util.concurrent.CompletableFuture@fbc8de7[Not completed]
2019-08-20 17:08:28,031 INFO  impl.RaftServerImpl (RaftServerImpl.java:<init>(93)) - 0d52cd0d-5887-4861-9f74-56217e1a0f56: new RaftServerImpl for group-DB613E1BF27F:[0d52cd0d-5887-4861-9f74-56217e1a0f56:192.168.34.14:34135] with ContainerStateMachine:uninitialized
2019-08-20 17:08:28,032 INFO  server.RaftServerConfigKeys (ConfUtils.java:logGet(43)) - raft.server.rpc.timeout.min = 5s (custom)
2019-08-20 17:08:28,033 INFO  server.RaftServerConfigKeys (ConfUtils.java:logGet(43)) - raft.server.rpc.timeout.max = 5200ms (custom)
2019-08-20 17:08:28,033 INFO  server.RaftServerConfigKeys (ConfUtils.java:logGet(43)) - raft.server.rpcslowness.timeout = 120s (custom)
2019-08-20 17:08:28,033 INFO  server.RaftServerConfigKeys (ConfUtils.java:logGet(43)) - raft.server.sleep.deviation.threshold = 300 (default)
2019-08-20 17:08:28,033 INFO  server.RaftServerConfigKeys (ConfUtils.java:logGet(43)) - raft.server.log.appender.install.snapshot.enabled = false (custom)
2019-08-20 17:08:28,033 INFO  impl.RaftServerImpl (ServerState.java:<init>(105)) - 0d52cd0d-5887-4861-9f74-56217e1a0f56:group-DB613E1BF27F ConfigurationManager, init=-1: [0d52cd0d-5887-4861-9f74-56217e1a0f56:192.168.34.14:34135], old=null, confs=<EMPTY_MAP>
2019-08-20 17:08:28,034 INFO  server.RaftServerConfigKeys (ConfUtils.java:logGet(43)) - raft.server.storage.dir = [/workdir/hadoop-ozone/integration-test/target/test-dir/MiniOzoneClusterImpl-40e3faef-9509-4a9d-94a1-11f1cb84446b/datanode-1/data/ratis] (custom)
2019-08-20 17:08:28,034 INFO  storage.RaftStorageDirectory (RaftStorageDirectory.java:analyzeStorage(246)) - The storage directory /workdir/hadoop-ozone/integration-test/target/test-dir/MiniOzoneClusterImpl-40e3faef-9509-4a9d-94a1-11f1cb84446b/datanode-1/data/ratis/58e29b13-2962-44ad-b056-db613e1bf27f does not exist. Creating ...
2019-08-20 17:08:28,048 INFO  storage.RaftStorageDirectory (RaftStorageDirectory.java:tryLock(328)) - Lock on /workdir/hadoop-ozone/integration-test/target/test-dir/MiniOzoneClusterImpl-40e3faef-9509-4a9d-94a1-11f1cb84446b/datanode-1/data/ratis/58e29b13-2962-44ad-b056-db613e1bf27f/in_use.lock acquired by nodename 5550@pr-hdds-1596-bsl28-2951053889
2019-08-20 17:08:28,061 INFO  storage.RaftStorage (RaftStorage.java:format(72)) - Storage directory /workdir/hadoop-ozone/integration-test/target/test-dir/MiniOzoneClusterImpl-40e3faef-9509-4a9d-94a1-11f1cb84446b/datanode-1/data/ratis/58e29b13-2962-44ad-b056-db613e1bf27f has been successfully formatted.
2019-08-20 17:08:28,062 INFO  ratis.ContainerStateMachine (ContainerStateMachine.java:loadSnapshot(222)) - group-DB613E1BF27F: The snapshot info is null. Setting the last applied indexto:(t:0, i:~)
2019-08-20 17:08:28,064 INFO  server.RaftServerConfigKeys (ConfUtils.java:logGet(43)) - raft.server.leader.election.timeout = 120s (custom)
2019-08-20 17:08:28,064 INFO  server.RaftServerConfigKeys (ConfUtils.java:logGet(43)) - raft.server.log.use.memory = false (default)
2019-08-20 17:08:28,064 INFO  server.RaftServerConfigKeys (ConfUtils.java:logGet(43)) - raft.server.log.purge.gap = 1000000000 (custom)
2019-08-20 17:08:28,064 INFO  server.RaftServerConfigKeys (ConfUtils.java:logGet(43)) - raft.server.log.appender.buffer.byte-limit = 33554432 (custom)
2019-08-20 17:08:28,064 INFO  server.RaftServerConfigKeys (ConfUtils.java:logGet(43)) - raft.server.log.segment.size.max = 1048576 (custom)
2019-08-20 17:08:28,065 INFO  server.RaftServerConfigKeys (ConfUtils.java:logGet(43)) - raft.server.log.segment.cache.num.max = 2 (custom)
2019-08-20 17:08:28,065 INFO  segmented.SegmentedRaftLogWorker (SegmentedRaftLogWorker.java:<init>(172)) - new 0d52cd0d-5887-4861-9f74-56217e1a0f56-SegmentedRaftLogWorker:Storage Directory /workdir/hadoop-ozone/integration-test/target/test-dir/MiniOzoneClusterImpl-40e3faef-9509-4a9d-94a1-11f1cb84446b/datanode-1/data/ratis/58e29b13-2962-44ad-b056-db613e1bf27f for RaftStorage:Storage Directory /workdir/hadoop-ozone/integration-test/target/test-dir/MiniOzoneClusterImpl-40e3faef-9509-4a9d-94a1-11f1cb84446b/datanode-1/data/ratis/58e29b13-2962-44ad-b056-db613e1bf27f
2019-08-20 17:08:28,066 INFO  server.RaftServerConfigKeys (ConfUtils.java:logGet(43)) - raft.server.log.queue.byte-limit = 2147483647 (custom)
2019-08-20 17:08:28,066 INFO  server.RaftServerConfigKeys (ConfUtils.java:logGet(43)) - raft.server.log.queue.element-limit = 1024 (custom)
2019-08-20 17:08:28,067 INFO  server.RaftServerConfigKeys (ConfUtils.java:logGet(43)) - raft.server.log.segment.size.max = 1048576 (custom)
2019-08-20 17:08:28,067 INFO  server.RaftServerConfigKeys (ConfUtils.java:logGet(43)) - raft.server.log.preallocated.size = 16384 (custom)
2019-08-20 17:08:28,067 INFO  server.RaftServerConfigKeys (ConfUtils.java:logGet(43)) - raft.server.log.write.buffer.size = 33554432 (custom)
2019-08-20 17:08:28,067 INFO  server.RaftServerConfigKeys (ConfUtils.java:logGet(43)) - raft.server.log.force.sync.num = 128 (default)
2019-08-20 17:08:28,067 INFO  server.RaftServerConfigKeys (ConfUtils.java:logGet(43)) - raft.server.log.statemachine.data.sync = true (default)
2019-08-20 17:08:28,068 INFO  server.RaftServerConfigKeys (ConfUtils.java:logGet(43)) - raft.server.log.statemachine.data.sync.timeout = 10s (default)
2019-08-20 17:08:28,068 INFO  server.RaftServerConfigKeys (ConfUtils.java:logGet(43)) - raft.server.log.statemachine.data.sync.timeout.retry = -1 (default)
2019-08-20 17:08:28,068 INFO  server.RaftServerConfigKeys (ConfUtils.java:logGet(43)) - raft.server.log.statemachine.data.caching.enabled = true (custom)
2019-08-20 17:08:28,069 INFO  segmented.SegmentedRaftLogWorker (SegmentedRaftLogWorker.java:lambda$new$0(132)) - 0d52cd0d-5887-4861-9f74-56217e1a0f56-SegmentedRaftLogWorker:Storage Directory /workdir/hadoop-ozone/integration-test/target/test-dir/MiniOzoneClusterImpl-40e3faef-9509-4a9d-94a1-11f1cb84446b/datanode-1/data/ratis/58e29b13-2962-44ad-b056-db613e1bf27f: flushIndex: setUnconditionally 0 -> -1
2019-08-20 17:08:28,069 INFO  server.RaftServerConfigKeys (ConfUtils.java:logGet(43)) - raft.server.snapshot.auto.trigger.enabled = true (custom)
2019-08-20 17:08:28,069 INFO  server.RaftServerConfigKeys (ConfUtils.java:logGet(43)) - raft.server.snapshot.auto.trigger.threshold = 10000 (custom)
2019-08-20 17:08:28,070 INFO  server.RaftServerConfigKeys (ConfUtils.java:logGet(43)) - raft.server.retrycache.expirytime = 600000ms (custom)
2019-08-20 17:08:28,070 INFO  impl.RaftServerImpl (RaftServerImpl.java:start(180)) - 0d52cd0d-5887-4861-9f74-56217e1a0f56: start group-DB613E1BF27F
2019-08-20 17:08:28,070 INFO  impl.RaftServerImpl (RaftServerImpl.java:setRole(171)) - 0d52cd0d-5887-4861-9f74-56217e1a0f56:group-DB613E1BF27F changes role from null to FOLLOWER at term 0 for startAsFollower
2019-08-20 17:08:28,070 INFO  impl.RoleInfo (RoleInfo.java:updateAndGet(143)) - 0d52cd0d-5887-4861-9f74-56217e1a0f56: start FollowerState
2019-08-20 17:08:28,072 INFO  util.JmxRegister (JmxRegister.java:tryRegister(44)) - Successfully registered JMX Bean with object name Ratis:service=RaftServer,group=group-DB613E1BF27F,id=0d52cd0d-5887-4861-9f74-56217e1a0f56
2019-08-20 17:08:28,092 INFO  pipeline.PipelineStateManager (PipelineStateManager.java:addPipeline(56)) - Created pipeline Pipeline[ Id: 58e29b13-2962-44ad-b056-db613e1bf27f, Nodes: 0d52cd0d-5887-4861-9f74-56217e1a0f56{ip: 192.168.34.14, host: pr-hdds-1596-bsl28-2951053889, networkLocation: /default-rack, certSerialId: null}, Type:RATIS, Factor:ONE, State:OPEN]
2019-08-20 17:08:28,112 INFO  impl.RaftServerProxy (RaftServerProxy.java:addNew(89)) - ec509022-aa0f-4f73-9e4d-21dab8bfeb55: addNew group-81370D31919A:[ec509022-aa0f-4f73-9e4d-21dab8bfeb55:192.168.34.14:35309] returns group-81370D31919A:java.util.concurrent.CompletableFuture@1147372c[Not completed]
2019-08-20 17:08:28,123 INFO  impl.RaftServerImpl (RaftServerImpl.java:<init>(93)) - ec509022-aa0f-4f73-9e4d-21dab8bfeb55: new RaftServerImpl for group-81370D31919A:[ec509022-aa0f-4f73-9e4d-21dab8bfeb55:192.168.34.14:35309] with ContainerStateMachine:uninitialized
2019-08-20 17:08:28,124 INFO  server.RaftServerConfigKeys (ConfUtils.java:logGet(43)) - raft.server.rpc.timeout.min = 5s (custom)
2019-08-20 17:08:28,124 INFO  server.RaftServerConfigKeys (ConfUtils.java:logGet(43)) - raft.server.rpc.timeout.max = 5200ms (custom)
2019-08-20 17:08:28,124 INFO  server.RaftServerConfigKeys (ConfUtils.java:logGet(43)) - raft.server.rpcslowness.timeout = 120s (custom)
2019-08-20 17:08:28,124 INFO  server.RaftServerConfigKeys (ConfUtils.java:logGet(43)) - raft.server.sleep.deviation.threshold = 300 (default)
2019-08-20 17:08:28,124 INFO  server.RaftServerConfigKeys (ConfUtils.java:logGet(43)) - raft.server.log.appender.install.snapshot.enabled = false (custom)
2019-08-20 17:08:28,125 INFO  impl.RaftServerImpl (ServerState.java:<init>(105)) - ec509022-aa0f-4f73-9e4d-21dab8bfeb55:group-81370D31919A ConfigurationManager, init=-1: [ec509022-aa0f-4f73-9e4d-21dab8bfeb55:192.168.34.14:35309], old=null, confs=<EMPTY_MAP>
2019-08-20 17:08:28,125 INFO  server.RaftServerConfigKeys (ConfUtils.java:logGet(43)) - raft.server.storage.dir = [/workdir/hadoop-ozone/integration-test/target/test-dir/MiniOzoneClusterImpl-40e3faef-9509-4a9d-94a1-11f1cb84446b/datanode-5/data/ratis] (custom)
2019-08-20 17:08:28,125 INFO  storage.RaftStorageDirectory (RaftStorageDirectory.java:analyzeStorage(246)) - The storage directory /workdir/hadoop-ozone/integration-test/target/test-dir/MiniOzoneClusterImpl-40e3faef-9509-4a9d-94a1-11f1cb84446b/datanode-5/data/ratis/fe11695c-aba3-4db0-a052-81370d31919a does not exist. Creating ...
2019-08-20 17:08:28,135 INFO  storage.RaftStorageDirectory (RaftStorageDirectory.java:tryLock(328)) - Lock on /workdir/hadoop-ozone/integration-test/target/test-dir/MiniOzoneClusterImpl-40e3faef-9509-4a9d-94a1-11f1cb84446b/datanode-5/data/ratis/fe11695c-aba3-4db0-a052-81370d31919a/in_use.lock acquired by nodename 5550@pr-hdds-1596-bsl28-2951053889
2019-08-20 17:08:28,148 INFO  storage.RaftStorage (RaftStorage.java:format(72)) - Storage directory /workdir/hadoop-ozone/integration-test/target/test-dir/MiniOzoneClusterImpl-40e3faef-9509-4a9d-94a1-11f1cb84446b/datanode-5/data/ratis/fe11695c-aba3-4db0-a052-81370d31919a has been successfully formatted.
2019-08-20 17:08:28,148 INFO  ratis.ContainerStateMachine (ContainerStateMachine.java:loadSnapshot(222)) - group-81370D31919A: The snapshot info is null. Setting the last applied indexto:(t:0, i:~)
2019-08-20 17:08:28,149 INFO  server.RaftServerConfigKeys (ConfUtils.java:logGet(43)) - raft.server.leader.election.timeout = 120s (custom)
2019-08-20 17:08:28,149 INFO  server.RaftServerConfigKeys (ConfUtils.java:logGet(43)) - raft.server.log.use.memory = false (default)
2019-08-20 17:08:28,149 INFO  server.RaftServerConfigKeys (ConfUtils.java:logGet(43)) - raft.server.log.purge.gap = 1000000000 (custom)
2019-08-20 17:08:28,149 INFO  server.RaftServerConfigKeys (ConfUtils.java:logGet(43)) - raft.server.log.appender.buffer.byte-limit = 33554432 (custom)
2019-08-20 17:08:28,149 INFO  server.RaftServerConfigKeys (ConfUtils.java:logGet(43)) - raft.server.log.segment.size.max = 1048576 (custom)
2019-08-20 17:08:28,150 INFO  server.RaftServerConfigKeys (ConfUtils.java:logGet(43)) - raft.server.log.segment.cache.num.max = 2 (custom)
2019-08-20 17:08:28,150 INFO  segmented.SegmentedRaftLogWorker (SegmentedRaftLogWorker.java:<init>(172)) - new ec509022-aa0f-4f73-9e4d-21dab8bfeb55-SegmentedRaftLogWorker:Storage Directory /workdir/hadoop-ozone/integration-test/target/test-dir/MiniOzoneClusterImpl-40e3faef-9509-4a9d-94a1-11f1cb84446b/datanode-5/data/ratis/fe11695c-aba3-4db0-a052-81370d31919a for RaftStorage:Storage Directory /workdir/hadoop-ozone/integration-test/target/test-dir/MiniOzoneClusterImpl-40e3faef-9509-4a9d-94a1-11f1cb84446b/datanode-5/data/ratis/fe11695c-aba3-4db0-a052-81370d31919a
2019-08-20 17:08:28,150 INFO  server.RaftServerConfigKeys (ConfUtils.java:logGet(43)) - raft.server.log.queue.byte-limit = 2147483647 (custom)
2019-08-20 17:08:28,150 INFO  server.RaftServerConfigKeys (ConfUtils.java:logGet(43)) - raft.server.log.queue.element-limit = 1024 (custom)
2019-08-20 17:08:28,150 INFO  server.RaftServerConfigKeys (ConfUtils.java:logGet(43)) - raft.server.log.segment.size.max = 1048576 (custom)
2019-08-20 17:08:28,151 INFO  server.RaftServerConfigKeys (ConfUtils.java:logGet(43)) - raft.server.log.preallocated.size = 16384 (custom)
2019-08-20 17:08:28,151 INFO  server.RaftServerConfigKeys (ConfUtils.java:logGet(43)) - raft.server.log.write.buffer.size = 33554432 (custom)
2019-08-20 17:08:28,151 INFO  server.RaftServerConfigKeys (ConfUtils.java:logGet(43)) - raft.server.log.force.sync.num = 128 (default)
2019-08-20 17:08:28,151 INFO  server.RaftServerConfigKeys (ConfUtils.java:logGet(43)) - raft.server.log.statemachine.data.sync = true (default)
2019-08-20 17:08:28,151 INFO  server.RaftServerConfigKeys (ConfUtils.java:logGet(43)) - raft.server.log.statemachine.data.sync.timeout = 10s (default)
2019-08-20 17:08:28,152 INFO  server.RaftServerConfigKeys (ConfUtils.java:logGet(43)) - raft.server.log.statemachine.data.sync.timeout.retry = -1 (default)
2019-08-20 17:08:28,152 INFO  server.RaftServerConfigKeys (ConfUtils.java:logGet(43)) - raft.server.log.statemachine.data.caching.enabled = true (custom)
2019-08-20 17:08:28,152 INFO  segmented.SegmentedRaftLogWorker (SegmentedRaftLogWorker.java:lambda$new$0(132)) - ec509022-aa0f-4f73-9e4d-21dab8bfeb55-SegmentedRaftLogWorker:Storage Directory /workdir/hadoop-ozone/integration-test/target/test-dir/MiniOzoneClusterImpl-40e3faef-9509-4a9d-94a1-11f1cb84446b/datanode-5/data/ratis/fe11695c-aba3-4db0-a052-81370d31919a: flushIndex: setUnconditionally 0 -> -1
2019-08-20 17:08:28,153 INFO  server.RaftServerConfigKeys (ConfUtils.java:logGet(43)) - raft.server.snapshot.auto.trigger.enabled = true (custom)
2019-08-20 17:08:28,153 INFO  server.RaftServerConfigKeys (ConfUtils.java:logGet(43)) - raft.server.snapshot.auto.trigger.threshold = 10000 (custom)
2019-08-20 17:08:28,153 INFO  server.RaftServerConfigKeys (ConfUtils.java:logGet(43)) - raft.server.retrycache.expirytime = 600000ms (custom)
2019-08-20 17:08:28,153 INFO  impl.RaftServerImpl (RaftServerImpl.java:start(180)) - ec509022-aa0f-4f73-9e4d-21dab8bfeb55: start group-81370D31919A
2019-08-20 17:08:28,154 INFO  impl.RaftServerImpl (RaftServerImpl.java:setRole(171)) - ec509022-aa0f-4f73-9e4d-21dab8bfeb55:group-81370D31919A changes role from null to FOLLOWER at term 0 for startAsFollower
2019-08-20 17:08:28,154 INFO  impl.RoleInfo (RoleInfo.java:updateAndGet(143)) - ec509022-aa0f-4f73-9e4d-21dab8bfeb55: start FollowerState
2019-08-20 17:08:28,154 INFO  util.JmxRegister (JmxRegister.java:tryRegister(44)) - Successfully registered JMX Bean with object name Ratis:service=RaftServer,group=group-81370D31919A,id=ec509022-aa0f-4f73-9e4d-21dab8bfeb55
2019-08-20 17:08:28,164 INFO  pipeline.PipelineStateManager (PipelineStateManager.java:addPipeline(56)) - Created pipeline Pipeline[ Id: fe11695c-aba3-4db0-a052-81370d31919a, Nodes: ec509022-aa0f-4f73-9e4d-21dab8bfeb55{ip: 192.168.34.14, host: pr-hdds-1596-bsl28-2951053889, networkLocation: /default-rack, certSerialId: null}, Type:RATIS, Factor:ONE, State:OPEN]
2019-08-20 17:08:28,187 INFO  impl.RaftServerProxy (RaftServerProxy.java:addNew(89)) - 92916cba-8e63-46d5-806b-8e4a4e94b08c: addNew group-015CA52D798B:[92916cba-8e63-46d5-806b-8e4a4e94b08c:192.168.34.14:45686] returns group-015CA52D798B:java.util.concurrent.CompletableFuture@1a3ad43e[Not completed]
2019-08-20 17:08:28,189 INFO  impl.RaftServerImpl (RaftServerImpl.java:<init>(93)) - 92916cba-8e63-46d5-806b-8e4a4e94b08c: new RaftServerImpl for group-015CA52D798B:[92916cba-8e63-46d5-806b-8e4a4e94b08c:192.168.34.14:45686] with ContainerStateMachine:uninitialized
2019-08-20 17:08:28,189 INFO  server.RaftServerConfigKeys (ConfUtils.java:logGet(43)) - raft.server.rpc.timeout.min = 5s (custom)
2019-08-20 17:08:28,190 INFO  server.RaftServerConfigKeys (ConfUtils.java:logGet(43)) - raft.server.rpc.timeout.max = 5200ms (custom)
2019-08-20 17:08:28,190 INFO  server.RaftServerConfigKeys (ConfUtils.java:logGet(43)) - raft.server.rpcslowness.timeout = 120s (custom)
2019-08-20 17:08:28,190 INFO  server.RaftServerConfigKeys (ConfUtils.java:logGet(43)) - raft.server.sleep.deviation.threshold = 300 (default)
2019-08-20 17:08:28,190 INFO  server.RaftServerConfigKeys (ConfUtils.java:logGet(43)) - raft.server.log.appender.install.snapshot.enabled = false (custom)
2019-08-20 17:08:28,190 INFO  impl.RaftServerImpl (ServerState.java:<init>(105)) - 92916cba-8e63-46d5-806b-8e4a4e94b08c:group-015CA52D798B ConfigurationManager, init=-1: [92916cba-8e63-46d5-806b-8e4a4e94b08c:192.168.34.14:45686], old=null, confs=<EMPTY_MAP>
2019-08-20 17:08:28,190 INFO  server.RaftServerConfigKeys (ConfUtils.java:logGet(43)) - raft.server.storage.dir = [/workdir/hadoop-ozone/integration-test/target/test-dir/MiniOzoneClusterImpl-40e3faef-9509-4a9d-94a1-11f1cb84446b/datanode-3/data/ratis] (custom)
2019-08-20 17:08:28,190 INFO  storage.RaftStorageDirectory (RaftStorageDirectory.java:analyzeStorage(246)) - The storage directory /workdir/hadoop-ozone/integration-test/target/test-dir/MiniOzoneClusterImpl-40e3faef-9509-4a9d-94a1-11f1cb84446b/datanode-3/data/ratis/13d0dfe8-e2f4-4dee-b37e-015ca52d798b does not exist. Creating ...
2019-08-20 17:08:28,203 INFO  storage.RaftStorageDirectory (RaftStorageDirectory.java:tryLock(328)) - Lock on /workdir/hadoop-ozone/integration-test/target/test-dir/MiniOzoneClusterImpl-40e3faef-9509-4a9d-94a1-11f1cb84446b/datanode-3/data/ratis/13d0dfe8-e2f4-4dee-b37e-015ca52d798b/in_use.lock acquired by nodename 5550@pr-hdds-1596-bsl28-2951053889
2019-08-20 17:08:28,216 INFO  storage.RaftStorage (RaftStorage.java:format(72)) - Storage directory /workdir/hadoop-ozone/integration-test/target/test-dir/MiniOzoneClusterImpl-40e3faef-9509-4a9d-94a1-11f1cb84446b/datanode-3/data/ratis/13d0dfe8-e2f4-4dee-b37e-015ca52d798b has been successfully formatted.
2019-08-20 17:08:28,216 INFO  ratis.ContainerStateMachine (ContainerStateMachine.java:loadSnapshot(222)) - group-015CA52D798B: The snapshot info is null. Setting the last applied indexto:(t:0, i:~)
2019-08-20 17:08:28,216 INFO  server.RaftServerConfigKeys (ConfUtils.java:logGet(43)) - raft.server.leader.election.timeout = 120s (custom)
2019-08-20 17:08:28,217 INFO  server.RaftServerConfigKeys (ConfUtils.java:logGet(43)) - raft.server.log.use.memory = false (default)
2019-08-20 17:08:28,217 INFO  server.RaftServerConfigKeys (ConfUtils.java:logGet(43)) - raft.server.log.purge.gap = 1000000000 (custom)
2019-08-20 17:08:28,217 INFO  server.RaftServerConfigKeys (ConfUtils.java:logGet(43)) - raft.server.log.appender.buffer.byte-limit = 33554432 (custom)
2019-08-20 17:08:28,217 INFO  server.RaftServerConfigKeys (ConfUtils.java:logGet(43)) - raft.server.log.segment.size.max = 1048576 (custom)
2019-08-20 17:08:28,217 INFO  server.RaftServerConfigKeys (ConfUtils.java:logGet(43)) - raft.server.log.segment.cache.num.max = 2 (custom)
2019-08-20 17:08:28,217 INFO  segmented.SegmentedRaftLogWorker (SegmentedRaftLogWorker.java:<init>(172)) - new 92916cba-8e63-46d5-806b-8e4a4e94b08c-SegmentedRaftLogWorker:Storage Directory /workdir/hadoop-ozone/integration-test/target/test-dir/MiniOzoneClusterImpl-40e3faef-9509-4a9d-94a1-11f1cb84446b/datanode-3/data/ratis/13d0dfe8-e2f4-4dee-b37e-015ca52d798b for RaftStorage:Storage Directory /workdir/hadoop-ozone/integration-test/target/test-dir/MiniOzoneClusterImpl-40e3faef-9509-4a9d-94a1-11f1cb84446b/datanode-3/data/ratis/13d0dfe8-e2f4-4dee-b37e-015ca52d798b
2019-08-20 17:08:28,217 INFO  server.RaftServerConfigKeys (ConfUtils.java:logGet(43)) - raft.server.log.queue.byte-limit = 2147483647 (custom)
2019-08-20 17:08:28,217 INFO  server.RaftServerConfigKeys (ConfUtils.java:logGet(43)) - raft.server.log.queue.element-limit = 1024 (custom)
2019-08-20 17:08:28,218 INFO  server.RaftServerConfigKeys (ConfUtils.java:logGet(43)) - raft.server.log.segment.size.max = 1048576 (custom)
2019-08-20 17:08:28,218 INFO  server.RaftServerConfigKeys (ConfUtils.java:logGet(43)) - raft.server.log.preallocated.size = 16384 (custom)
2019-08-20 17:08:28,218 INFO  server.RaftServerConfigKeys (ConfUtils.java:logGet(43)) - raft.server.log.write.buffer.size = 33554432 (custom)
2019-08-20 17:08:28,218 INFO  server.RaftServerConfigKeys (ConfUtils.java:logGet(43)) - raft.server.log.force.sync.num = 128 (default)
2019-08-20 17:08:28,218 INFO  server.RaftServerConfigKeys (ConfUtils.java:logGet(43)) - raft.server.log.statemachine.data.sync = true (default)
2019-08-20 17:08:28,219 INFO  server.RaftServerConfigKeys (ConfUtils.java:logGet(43)) - raft.server.log.statemachine.data.sync.timeout = 10s (default)
2019-08-20 17:08:28,219 INFO  server.RaftServerConfigKeys (ConfUtils.java:logGet(43)) - raft.server.log.statemachine.data.sync.timeout.retry = -1 (default)
2019-08-20 17:08:28,219 INFO  server.RaftServerConfigKeys (ConfUtils.java:logGet(43)) - raft.server.log.statemachine.data.caching.enabled = true (custom)
2019-08-20 17:08:28,219 INFO  segmented.SegmentedRaftLogWorker (SegmentedRaftLogWorker.java:lambda$new$0(132)) - 92916cba-8e63-46d5-806b-8e4a4e94b08c-SegmentedRaftLogWorker:Storage Directory /workdir/hadoop-ozone/integration-test/target/test-dir/MiniOzoneClusterImpl-40e3faef-9509-4a9d-94a1-11f1cb84446b/datanode-3/data/ratis/13d0dfe8-e2f4-4dee-b37e-015ca52d798b: flushIndex: setUnconditionally 0 -> -1
2019-08-20 17:08:28,220 INFO  server.RaftServerConfigKeys (ConfUtils.java:logGet(43)) - raft.server.snapshot.auto.trigger.enabled = true (custom)
2019-08-20 17:08:28,220 INFO  server.RaftServerConfigKeys (ConfUtils.java:logGet(43)) - raft.server.snapshot.auto.trigger.threshold = 10000 (custom)
2019-08-20 17:08:28,220 INFO  server.RaftServerConfigKeys (ConfUtils.java:logGet(43)) - raft.server.retrycache.expirytime = 600000ms (custom)
2019-08-20 17:08:28,220 INFO  impl.RaftServerImpl (RaftServerImpl.java:start(180)) - 92916cba-8e63-46d5-806b-8e4a4e94b08c: start group-015CA52D798B
2019-08-20 17:08:28,220 INFO  impl.RaftServerImpl (RaftServerImpl.java:setRole(171)) - 92916cba-8e63-46d5-806b-8e4a4e94b08c:group-015CA52D798B changes role from null to FOLLOWER at term 0 for startAsFollower
2019-08-20 17:08:28,220 INFO  impl.RoleInfo (RoleInfo.java:updateAndGet(143)) - 92916cba-8e63-46d5-806b-8e4a4e94b08c: start FollowerState
2019-08-20 17:08:28,221 INFO  util.JmxRegister (JmxRegister.java:tryRegister(44)) - Successfully registered JMX Bean with object name Ratis:service=RaftServer,group=group-015CA52D798B,id=92916cba-8e63-46d5-806b-8e4a4e94b08c
2019-08-20 17:08:28,231 INFO  pipeline.PipelineStateManager (PipelineStateManager.java:addPipeline(56)) - Created pipeline Pipeline[ Id: 13d0dfe8-e2f4-4dee-b37e-015ca52d798b, Nodes: 92916cba-8e63-46d5-806b-8e4a4e94b08c{ip: 192.168.34.14, host: pr-hdds-1596-bsl28-2951053889, networkLocation: /default-rack, certSerialId: null}, Type:RATIS, Factor:ONE, State:OPEN]
2019-08-20 17:08:28,249 INFO  impl.RaftServerProxy (RaftServerProxy.java:addNew(89)) - 87e47e15-6589-405f-974e-8c9e6ee1e6ee: addNew group-2D6E28F7C928:[87e47e15-6589-405f-974e-8c9e6ee1e6ee:192.168.34.14:33565] returns group-2D6E28F7C928:java.util.concurrent.CompletableFuture@70a9a6fe[Not completed]
2019-08-20 17:08:28,250 INFO  impl.RaftServerImpl (RaftServerImpl.java:<init>(93)) - 87e47e15-6589-405f-974e-8c9e6ee1e6ee: new RaftServerImpl for group-2D6E28F7C928:[87e47e15-6589-405f-974e-8c9e6ee1e6ee:192.168.34.14:33565] with ContainerStateMachine:uninitialized
2019-08-20 17:08:28,250 INFO  server.RaftServerConfigKeys (ConfUtils.java:logGet(43)) - raft.server.rpc.timeout.min = 5s (custom)
2019-08-20 17:08:28,250 INFO  server.RaftServerConfigKeys (ConfUtils.java:logGet(43)) - raft.server.rpc.timeout.max = 5200ms (custom)
2019-08-20 17:08:28,250 INFO  server.RaftServerConfigKeys (ConfUtils.java:logGet(43)) - raft.server.rpcslowness.timeout = 120s (custom)
2019-08-20 17:08:28,250 INFO  server.RaftServerConfigKeys (ConfUtils.java:logGet(43)) - raft.server.sleep.deviation.threshold = 300 (default)
2019-08-20 17:08:28,250 INFO  server.RaftServerConfigKeys (ConfUtils.java:logGet(43)) - raft.server.log.appender.install.snapshot.enabled = false (custom)
2019-08-20 17:08:28,250 INFO  impl.RaftServerImpl (ServerState.java:<init>(105)) - 87e47e15-6589-405f-974e-8c9e6ee1e6ee:group-2D6E28F7C928 ConfigurationManager, init=-1: [87e47e15-6589-405f-974e-8c9e6ee1e6ee:192.168.34.14:33565], old=null, confs=<EMPTY_MAP>
2019-08-20 17:08:28,250 INFO  server.RaftServerConfigKeys (ConfUtils.java:logGet(43)) - raft.server.storage.dir = [/workdir/hadoop-ozone/integration-test/target/test-dir/MiniOzoneClusterImpl-40e3faef-9509-4a9d-94a1-11f1cb84446b/datanode-2/data/ratis] (custom)
2019-08-20 17:08:28,251 INFO  storage.RaftStorageDirectory (RaftStorageDirectory.java:analyzeStorage(246)) - The storage directory /workdir/hadoop-ozone/integration-test/target/test-dir/MiniOzoneClusterImpl-40e3faef-9509-4a9d-94a1-11f1cb84446b/datanode-2/data/ratis/9b755f65-c8d2-48df-8f88-2d6e28f7c928 does not exist. Creating ...
2019-08-20 17:08:28,263 INFO  storage.RaftStorageDirectory (RaftStorageDirectory.java:tryLock(328)) - Lock on /workdir/hadoop-ozone/integration-test/target/test-dir/MiniOzoneClusterImpl-40e3faef-9509-4a9d-94a1-11f1cb84446b/datanode-2/data/ratis/9b755f65-c8d2-48df-8f88-2d6e28f7c928/in_use.lock acquired by nodename 5550@pr-hdds-1596-bsl28-2951053889
2019-08-20 17:08:28,276 INFO  storage.RaftStorage (RaftStorage.java:format(72)) - Storage directory /workdir/hadoop-ozone/integration-test/target/test-dir/MiniOzoneClusterImpl-40e3faef-9509-4a9d-94a1-11f1cb84446b/datanode-2/data/ratis/9b755f65-c8d2-48df-8f88-2d6e28f7c928 has been successfully formatted.
2019-08-20 17:08:28,276 INFO  ratis.ContainerStateMachine (ContainerStateMachine.java:loadSnapshot(222)) - group-2D6E28F7C928: The snapshot info is null. Setting the last applied indexto:(t:0, i:~)
2019-08-20 17:08:28,276 INFO  server.RaftServerConfigKeys (ConfUtils.java:logGet(43)) - raft.server.leader.election.timeout = 120s (custom)
2019-08-20 17:08:28,277 INFO  server.RaftServerConfigKeys (ConfUtils.java:logGet(43)) - raft.server.log.use.memory = false (default)
2019-08-20 17:08:28,277 INFO  server.RaftServerConfigKeys (ConfUtils.java:logGet(43)) - raft.server.log.purge.gap = 1000000000 (custom)
2019-08-20 17:08:28,277 INFO  server.RaftServerConfigKeys (ConfUtils.java:logGet(43)) - raft.server.log.appender.buffer.byte-limit = 33554432 (custom)
2019-08-20 17:08:28,277 INFO  server.RaftServerConfigKeys (ConfUtils.java:logGet(43)) - raft.server.log.segment.size.max = 1048576 (custom)
2019-08-20 17:08:28,277 INFO  server.RaftServerConfigKeys (ConfUtils.java:logGet(43)) - raft.server.log.segment.cache.num.max = 2 (custom)
2019-08-20 17:08:28,278 INFO  segmented.SegmentedRaftLogWorker (SegmentedRaftLogWorker.java:<init>(172)) - new 87e47e15-6589-405f-974e-8c9e6ee1e6ee-SegmentedRaftLogWorker:Storage Directory /workdir/hadoop-ozone/integration-test/target/test-dir/MiniOzoneClusterImpl-40e3faef-9509-4a9d-94a1-11f1cb84446b/datanode-2/data/ratis/9b755f65-c8d2-48df-8f88-2d6e28f7c928 for RaftStorage:Storage Directory /workdir/hadoop-ozone/integration-test/target/test-dir/MiniOzoneClusterImpl-40e3faef-9509-4a9d-94a1-11f1cb84446b/datanode-2/data/ratis/9b755f65-c8d2-48df-8f88-2d6e28f7c928
2019-08-20 17:08:28,278 INFO  server.RaftServerConfigKeys (ConfUtils.java:logGet(43)) - raft.server.log.queue.byte-limit = 2147483647 (custom)
2019-08-20 17:08:28,278 INFO  server.RaftServerConfigKeys (ConfUtils.java:logGet(43)) - raft.server.log.queue.element-limit = 1024 (custom)
2019-08-20 17:08:28,278 INFO  server.RaftServerConfigKeys (ConfUtils.java:logGet(43)) - raft.server.log.segment.size.max = 1048576 (custom)
2019-08-20 17:08:28,279 INFO  server.RaftServerConfigKeys (ConfUtils.java:logGet(43)) - raft.server.log.preallocated.size = 16384 (custom)
2019-08-20 17:08:28,279 INFO  server.RaftServerConfigKeys (ConfUtils.java:logGet(43)) - raft.server.log.write.buffer.size = 33554432 (custom)
2019-08-20 17:08:28,279 INFO  server.RaftServerConfigKeys (ConfUtils.java:logGet(43)) - raft.server.log.force.sync.num = 128 (default)
2019-08-20 17:08:28,279 INFO  server.RaftServerConfigKeys (ConfUtils.java:logGet(43)) - raft.server.log.statemachine.data.sync = true (default)
2019-08-20 17:08:28,279 INFO  server.RaftServerConfigKeys (ConfUtils.java:logGet(43)) - raft.server.log.statemachine.data.sync.timeout = 10s (default)
2019-08-20 17:08:28,279 INFO  server.RaftServerConfigKeys (ConfUtils.java:logGet(43)) - raft.server.log.statemachine.data.sync.timeout.retry = -1 (default)
2019-08-20 17:08:28,280 INFO  server.RaftServerConfigKeys (ConfUtils.java:logGet(43)) - raft.server.log.statemachine.data.caching.enabled = true (custom)
2019-08-20 17:08:28,280 INFO  segmented.SegmentedRaftLogWorker (SegmentedRaftLogWorker.java:lambda$new$0(132)) - 87e47e15-6589-405f-974e-8c9e6ee1e6ee-SegmentedRaftLogWorker:Storage Directory /workdir/hadoop-ozone/integration-test/target/test-dir/MiniOzoneClusterImpl-40e3faef-9509-4a9d-94a1-11f1cb84446b/datanode-2/data/ratis/9b755f65-c8d2-48df-8f88-2d6e28f7c928: flushIndex: setUnconditionally 0 -> -1
2019-08-20 17:08:28,281 INFO  server.RaftServerConfigKeys (ConfUtils.java:logGet(43)) - raft.server.snapshot.auto.trigger.enabled = true (custom)
2019-08-20 17:08:28,281 INFO  server.RaftServerConfigKeys (ConfUtils.java:logGet(43)) - raft.server.snapshot.auto.trigger.threshold = 10000 (custom)
2019-08-20 17:08:28,281 INFO  server.RaftServerConfigKeys (ConfUtils.java:logGet(43)) - raft.server.retrycache.expirytime = 600000ms (custom)
2019-08-20 17:08:28,281 INFO  impl.RaftServerImpl (RaftServerImpl.java:start(180)) - 87e47e15-6589-405f-974e-8c9e6ee1e6ee: start group-2D6E28F7C928
2019-08-20 17:08:28,282 INFO  impl.RaftServerImpl (RaftServerImpl.java:setRole(171)) - 87e47e15-6589-405f-974e-8c9e6ee1e6ee:group-2D6E28F7C928 changes role from null to FOLLOWER at term 0 for startAsFollower
2019-08-20 17:08:28,282 INFO  impl.RoleInfo (RoleInfo.java:updateAndGet(143)) - 87e47e15-6589-405f-974e-8c9e6ee1e6ee: start FollowerState
2019-08-20 17:08:28,282 INFO  util.JmxRegister (JmxRegister.java:tryRegister(44)) - Successfully registered JMX Bean with object name Ratis:service=RaftServer,group=group-2D6E28F7C928,id=87e47e15-6589-405f-974e-8c9e6ee1e6ee
2019-08-20 17:08:28,293 INFO  pipeline.PipelineStateManager (PipelineStateManager.java:addPipeline(56)) - Created pipeline Pipeline[ Id: 9b755f65-c8d2-48df-8f88-2d6e28f7c928, Nodes: 87e47e15-6589-405f-974e-8c9e6ee1e6ee{ip: 192.168.34.14, host: pr-hdds-1596-bsl28-2951053889, networkLocation: /default-rack, certSerialId: null}, Type:RATIS, Factor:ONE, State:OPEN]
2019-08-20 17:08:28,316 INFO  impl.RaftServerProxy (RaftServerProxy.java:addNew(89)) - f2c6fdf1-1b22-4e25-849b-6f41cf78b2b9: addNew group-AC71AD021617:[f2c6fdf1-1b22-4e25-849b-6f41cf78b2b9:192.168.34.14:46105] returns group-AC71AD021617:java.util.concurrent.CompletableFuture@14343f60[Not completed]
2019-08-20 17:08:28,319 INFO  impl.RaftServerImpl (RaftServerImpl.java:<init>(93)) - f2c6fdf1-1b22-4e25-849b-6f41cf78b2b9: new RaftServerImpl for group-AC71AD021617:[f2c6fdf1-1b22-4e25-849b-6f41cf78b2b9:192.168.34.14:46105] with ContainerStateMachine:uninitialized
2019-08-20 17:08:28,319 INFO  server.RaftServerConfigKeys (ConfUtils.java:logGet(43)) - raft.server.rpc.timeout.min = 5s (custom)
2019-08-20 17:08:28,319 INFO  server.RaftServerConfigKeys (ConfUtils.java:logGet(43)) - raft.server.rpc.timeout.max = 5200ms (custom)
2019-08-20 17:08:28,319 INFO  server.RaftServerConfigKeys (ConfUtils.java:logGet(43)) - raft.server.rpcslowness.timeout = 120s (custom)
2019-08-20 17:08:28,319 INFO  server.RaftServerConfigKeys (ConfUtils.java:logGet(43)) - raft.server.sleep.deviation.threshold = 300 (default)
2019-08-20 17:08:28,319 INFO  server.RaftServerConfigKeys (ConfUtils.java:logGet(43)) - raft.server.log.appender.install.snapshot.enabled = false (custom)
2019-08-20 17:08:28,320 INFO  impl.RaftServerImpl (ServerState.java:<init>(105)) - f2c6fdf1-1b22-4e25-849b-6f41cf78b2b9:group-AC71AD021617 ConfigurationManager, init=-1: [f2c6fdf1-1b22-4e25-849b-6f41cf78b2b9:192.168.34.14:46105], old=null, confs=<EMPTY_MAP>
2019-08-20 17:08:28,320 INFO  server.RaftServerConfigKeys (ConfUtils.java:logGet(43)) - raft.server.storage.dir = [/workdir/hadoop-ozone/integration-test/target/test-dir/MiniOzoneClusterImpl-40e3faef-9509-4a9d-94a1-11f1cb84446b/datanode-4/data/ratis] (custom)
2019-08-20 17:08:28,320 INFO  storage.RaftStorageDirectory (RaftStorageDirectory.java:analyzeStorage(246)) - The storage directory /workdir/hadoop-ozone/integration-test/target/test-dir/MiniOzoneClusterImpl-40e3faef-9509-4a9d-94a1-11f1cb84446b/datanode-4/data/ratis/53cc7d54-000c-42fb-b54e-ac71ad021617 does not exist. Creating ...
2019-08-20 17:08:28,333 INFO  storage.RaftStorageDirectory (RaftStorageDirectory.java:tryLock(328)) - Lock on /workdir/hadoop-ozone/integration-test/target/test-dir/MiniOzoneClusterImpl-40e3faef-9509-4a9d-94a1-11f1cb84446b/datanode-4/data/ratis/53cc7d54-000c-42fb-b54e-ac71ad021617/in_use.lock acquired by nodename 5550@pr-hdds-1596-bsl28-2951053889
2019-08-20 17:08:28,345 INFO  storage.RaftStorage (RaftStorage.java:format(72)) - Storage directory /workdir/hadoop-ozone/integration-test/target/test-dir/MiniOzoneClusterImpl-40e3faef-9509-4a9d-94a1-11f1cb84446b/datanode-4/data/ratis/53cc7d54-000c-42fb-b54e-ac71ad021617 has been successfully formatted.
2019-08-20 17:08:28,346 INFO  ratis.ContainerStateMachine (ContainerStateMachine.java:loadSnapshot(222)) - group-AC71AD021617: The snapshot info is null. Setting the last applied indexto:(t:0, i:~)
2019-08-20 17:08:28,346 INFO  server.RaftServerConfigKeys (ConfUtils.java:logGet(43)) - raft.server.leader.election.timeout = 120s (custom)
2019-08-20 17:08:28,346 INFO  server.RaftServerConfigKeys (ConfUtils.java:logGet(43)) - raft.server.log.use.memory = false (default)
2019-08-20 17:08:28,346 INFO  server.RaftServerConfigKeys (ConfUtils.java:logGet(43)) - raft.server.log.purge.gap = 1000000000 (custom)
2019-08-20 17:08:28,346 INFO  server.RaftServerConfigKeys (ConfUtils.java:logGet(43)) - raft.server.log.appender.buffer.byte-limit = 33554432 (custom)
2019-08-20 17:08:28,346 INFO  server.RaftServerConfigKeys (ConfUtils.java:logGet(43)) - raft.server.log.segment.size.max = 1048576 (custom)
2019-08-20 17:08:28,346 INFO  server.RaftServerConfigKeys (ConfUtils.java:logGet(43)) - raft.server.log.segment.cache.num.max = 2 (custom)
2019-08-20 17:08:28,346 INFO  segmented.SegmentedRaftLogWorker (SegmentedRaftLogWorker.java:<init>(172)) - new f2c6fdf1-1b22-4e25-849b-6f41cf78b2b9-SegmentedRaftLogWorker:Storage Directory /workdir/hadoop-ozone/integration-test/target/test-dir/MiniOzoneClusterImpl-40e3faef-9509-4a9d-94a1-11f1cb84446b/datanode-4/data/ratis/53cc7d54-000c-42fb-b54e-ac71ad021617 for RaftStorage:Storage Directory /workdir/hadoop-ozone/integration-test/target/test-dir/MiniOzoneClusterImpl-40e3faef-9509-4a9d-94a1-11f1cb84446b/datanode-4/data/ratis/53cc7d54-000c-42fb-b54e-ac71ad021617
2019-08-20 17:08:28,347 INFO  server.RaftServerConfigKeys (ConfUtils.java:logGet(43)) - raft.server.log.queue.byte-limit = 2147483647 (custom)
2019-08-20 17:08:28,347 INFO  server.RaftServerConfigKeys (ConfUtils.java:logGet(43)) - raft.server.log.queue.element-limit = 1024 (custom)
2019-08-20 17:08:28,347 INFO  server.RaftServerConfigKeys (ConfUtils.java:logGet(43)) - raft.server.log.segment.size.max = 1048576 (custom)
2019-08-20 17:08:28,347 INFO  server.RaftServerConfigKeys (ConfUtils.java:logGet(43)) - raft.server.log.preallocated.size = 16384 (custom)
2019-08-20 17:08:28,347 INFO  server.RaftServerConfigKeys (ConfUtils.java:logGet(43)) - raft.server.log.write.buffer.size = 33554432 (custom)
2019-08-20 17:08:28,347 INFO  server.RaftServerConfigKeys (ConfUtils.java:logGet(43)) - raft.server.log.force.sync.num = 128 (default)
2019-08-20 17:08:28,347 INFO  server.RaftServerConfigKeys (ConfUtils.java:logGet(43)) - raft.server.log.statemachine.data.sync = true (default)
2019-08-20 17:08:28,347 INFO  server.RaftServerConfigKeys (ConfUtils.java:logGet(43)) - raft.server.log.statemachine.data.sync.timeout = 10s (default)
2019-08-20 17:08:28,348 INFO  server.RaftServerConfigKeys (ConfUtils.java:logGet(43)) - raft.server.log.statemachine.data.sync.timeout.retry = -1 (default)
2019-08-20 17:08:28,348 INFO  server.RaftServerConfigKeys (ConfUtils.java:logGet(43)) - raft.server.log.statemachine.data.caching.enabled = true (custom)
2019-08-20 17:08:28,348 INFO  segmented.SegmentedRaftLogWorker (SegmentedRaftLogWorker.java:lambda$new$0(132)) - f2c6fdf1-1b22-4e25-849b-6f41cf78b2b9-SegmentedRaftLogWorker:Storage Directory /workdir/hadoop-ozone/integration-test/target/test-dir/MiniOzoneClusterImpl-40e3faef-9509-4a9d-94a1-11f1cb84446b/datanode-4/data/ratis/53cc7d54-000c-42fb-b54e-ac71ad021617: flushIndex: setUnconditionally 0 -> -1
2019-08-20 17:08:28,348 INFO  server.RaftServerConfigKeys (ConfUtils.java:logGet(43)) - raft.server.snapshot.auto.trigger.enabled = true (custom)
2019-08-20 17:08:28,348 INFO  server.RaftServerConfigKeys (ConfUtils.java:logGet(43)) - raft.server.snapshot.auto.trigger.threshold = 10000 (custom)
2019-08-20 17:08:28,349 INFO  server.RaftServerConfigKeys (ConfUtils.java:logGet(43)) - raft.server.retrycache.expirytime = 600000ms (custom)
2019-08-20 17:08:28,349 INFO  impl.RaftServerImpl (RaftServerImpl.java:start(180)) - f2c6fdf1-1b22-4e25-849b-6f41cf78b2b9: start group-AC71AD021617
2019-08-20 17:08:28,349 INFO  impl.RaftServerImpl (RaftServerImpl.java:setRole(171)) - f2c6fdf1-1b22-4e25-849b-6f41cf78b2b9:group-AC71AD021617 changes role from null to FOLLOWER at term 0 for startAsFollower
2019-08-20 17:08:28,349 INFO  impl.RoleInfo (RoleInfo.java:updateAndGet(143)) - f2c6fdf1-1b22-4e25-849b-6f41cf78b2b9: start FollowerState
2019-08-20 17:08:28,349 INFO  util.JmxRegister (JmxRegister.java:tryRegister(44)) - Successfully registered JMX Bean with object name Ratis:service=RaftServer,group=group-AC71AD021617,id=f2c6fdf1-1b22-4e25-849b-6f41cf78b2b9
2019-08-20 17:08:28,358 INFO  pipeline.PipelineStateManager (PipelineStateManager.java:addPipeline(56)) - Created pipeline Pipeline[ Id: 53cc7d54-000c-42fb-b54e-ac71ad021617, Nodes: f2c6fdf1-1b22-4e25-849b-6f41cf78b2b9{ip: 192.168.34.14, host: pr-hdds-1596-bsl28-2951053889, networkLocation: /default-rack, certSerialId: null}, Type:RATIS, Factor:ONE, State:OPEN]
2019-08-20 17:08:28,395 INFO  impl.RaftServerProxy (RaftServerProxy.java:addNew(89)) - ec509022-aa0f-4f73-9e4d-21dab8bfeb55: addNew group-2EABACF192D0:[92916cba-8e63-46d5-806b-8e4a4e94b08c:192.168.34.14:45686, 0d52cd0d-5887-4861-9f74-56217e1a0f56:192.168.34.14:34135, ec509022-aa0f-4f73-9e4d-21dab8bfeb55:192.168.34.14:35309] returns group-2EABACF192D0:java.util.concurrent.CompletableFuture@572ca68c[Not completed]
2019-08-20 17:08:28,397 INFO  impl.RaftServerProxy (RaftServerProxy.java:addNew(89)) - 0d52cd0d-5887-4861-9f74-56217e1a0f56: addNew group-2EABACF192D0:[92916cba-8e63-46d5-806b-8e4a4e94b08c:192.168.34.14:45686, 0d52cd0d-5887-4861-9f74-56217e1a0f56:192.168.34.14:34135, ec509022-aa0f-4f73-9e4d-21dab8bfeb55:192.168.34.14:35309] returns group-2EABACF192D0:java.util.concurrent.CompletableFuture@62668784[Not completed]
2019-08-20 17:08:28,400 INFO  impl.RaftServerImpl (RaftServerImpl.java:<init>(93)) - ec509022-aa0f-4f73-9e4d-21dab8bfeb55: new RaftServerImpl for group-2EABACF192D0:[92916cba-8e63-46d5-806b-8e4a4e94b08c:192.168.34.14:45686, 0d52cd0d-5887-4861-9f74-56217e1a0f56:192.168.34.14:34135, ec509022-aa0f-4f73-9e4d-21dab8bfeb55:192.168.34.14:35309] with ContainerStateMachine:uninitialized
2019-08-20 17:08:28,401 INFO  server.RaftServerConfigKeys (ConfUtils.java:logGet(43)) - raft.server.rpc.timeout.min = 5s (custom)
2019-08-20 17:08:28,401 INFO  impl.RaftServerProxy (RaftServerProxy.java:addNew(89)) - 92916cba-8e63-46d5-806b-8e4a4e94b08c: addNew group-2EABACF192D0:[92916cba-8e63-46d5-806b-8e4a4e94b08c:192.168.34.14:45686, 0d52cd0d-5887-4861-9f74-56217e1a0f56:192.168.34.14:34135, ec509022-aa0f-4f73-9e4d-21dab8bfeb55:192.168.34.14:35309] returns group-2EABACF192D0:java.util.concurrent.CompletableFuture@2c87a232[Not completed]
2019-08-20 17:08:28,401 INFO  server.RaftServerConfigKeys (ConfUtils.java:logGet(43)) - raft.server.rpc.timeout.max = 5200ms (custom)
2019-08-20 17:08:28,401 INFO  server.RaftServerConfigKeys (ConfUtils.java:logGet(43)) - raft.server.rpcslowness.timeout = 120s (custom)
2019-08-20 17:08:28,401 INFO  server.RaftServerConfigKeys (ConfUtils.java:logGet(43)) - raft.server.sleep.deviation.threshold = 300 (default)
2019-08-20 17:08:28,401 INFO  impl.RaftServerImpl (RaftServerImpl.java:<init>(93)) - 0d52cd0d-5887-4861-9f74-56217e1a0f56: new RaftServerImpl for group-2EABACF192D0:[92916cba-8e63-46d5-806b-8e4a4e94b08c:192.168.34.14:45686, 0d52cd0d-5887-4861-9f74-56217e1a0f56:192.168.34.14:34135, ec509022-aa0f-4f73-9e4d-21dab8bfeb55:192.168.34.14:35309] with ContainerStateMachine:uninitialized
2019-08-20 17:08:28,402 INFO  server.RaftServerConfigKeys (ConfUtils.java:logGet(43)) - raft.server.log.appender.install.snapshot.enabled = false (custom)
2019-08-20 17:08:28,402 INFO  server.RaftServerConfigKeys (ConfUtils.java:logGet(43)) - raft.server.rpc.timeout.min = 5s (custom)
2019-08-20 17:08:28,402 INFO  impl.RaftServerImpl (RaftServerImpl.java:<init>(93)) - 92916cba-8e63-46d5-806b-8e4a4e94b08c: new RaftServerImpl for group-2EABACF192D0:[92916cba-8e63-46d5-806b-8e4a4e94b08c:192.168.34.14:45686, 0d52cd0d-5887-4861-9f74-56217e1a0f56:192.168.34.14:34135, ec509022-aa0f-4f73-9e4d-21dab8bfeb55:192.168.34.14:35309] with ContainerStateMachine:uninitialized
2019-08-20 17:08:28,402 INFO  impl.RaftServerImpl (ServerState.java:<init>(105)) - ec509022-aa0f-4f73-9e4d-21dab8bfeb55:group-2EABACF192D0 ConfigurationManager, init=-1: [92916cba-8e63-46d5-806b-8e4a4e94b08c:192.168.34.14:45686, 0d52cd0d-5887-4861-9f74-56217e1a0f56:192.168.34.14:34135, ec509022-aa0f-4f73-9e4d-21dab8bfeb55:192.168.34.14:35309], old=null, confs=<EMPTY_MAP>
2019-08-20 17:08:28,402 INFO  server.RaftServerConfigKeys (ConfUtils.java:logGet(43)) - raft.server.rpc.timeout.min = 5s (custom)
2019-08-20 17:08:28,402 INFO  server.RaftServerConfigKeys (ConfUtils.java:logGet(43)) - raft.server.rpc.timeout.max = 5200ms (custom)
2019-08-20 17:08:28,403 INFO  server.RaftServerConfigKeys (ConfUtils.java:logGet(43)) - raft.server.rpc.timeout.max = 5200ms (custom)
2019-08-20 17:08:28,403 INFO  server.RaftServerConfigKeys (ConfUtils.java:logGet(43)) - raft.server.storage.dir = [/workdir/hadoop-ozone/integration-test/target/test-dir/MiniOzoneClusterImpl-40e3faef-9509-4a9d-94a1-11f1cb84446b/datanode-5/data/ratis] (custom)
2019-08-20 17:08:28,403 INFO  server.RaftServerConfigKeys (ConfUtils.java:logGet(43)) - raft.server.rpcslowness.timeout = 120s (custom)
2019-08-20 17:08:28,403 INFO  server.RaftServerConfigKeys (ConfUtils.java:logGet(43)) - raft.server.rpcslowness.timeout = 120s (custom)
2019-08-20 17:08:28,403 INFO  server.RaftServerConfigKeys (ConfUtils.java:logGet(43)) - raft.server.sleep.deviation.threshold = 300 (default)
2019-08-20 17:08:28,403 INFO  server.RaftServerConfigKeys (ConfUtils.java:logGet(43)) - raft.server.sleep.deviation.threshold = 300 (default)
2019-08-20 17:08:28,403 INFO  server.RaftServerConfigKeys (ConfUtils.java:logGet(43)) - raft.server.log.appender.install.snapshot.enabled = false (custom)
2019-08-20 17:08:28,403 INFO  storage.RaftStorageDirectory (RaftStorageDirectory.java:analyzeStorage(246)) - The storage directory /workdir/hadoop-ozone/integration-test/target/test-dir/MiniOzoneClusterImpl-40e3faef-9509-4a9d-94a1-11f1cb84446b/datanode-5/data/ratis/206b4468-899d-4ae8-84c4-2eabacf192d0 does not exist. Creating ...
2019-08-20 17:08:28,404 INFO  impl.RaftServerImpl (ServerState.java:<init>(105)) - 92916cba-8e63-46d5-806b-8e4a4e94b08c:group-2EABACF192D0 ConfigurationManager, init=-1: [92916cba-8e63-46d5-806b-8e4a4e94b08c:192.168.34.14:45686, 0d52cd0d-5887-4861-9f74-56217e1a0f56:192.168.34.14:34135, ec509022-aa0f-4f73-9e4d-21dab8bfeb55:192.168.34.14:35309], old=null, confs=<EMPTY_MAP>
2019-08-20 17:08:28,403 INFO  server.RaftServerConfigKeys (ConfUtils.java:logGet(43)) - raft.server.log.appender.install.snapshot.enabled = false (custom)
2019-08-20 17:08:28,404 INFO  server.RaftServerConfigKeys (ConfUtils.java:logGet(43)) - raft.server.storage.dir = [/workdir/hadoop-ozone/integration-test/target/test-dir/MiniOzoneClusterImpl-40e3faef-9509-4a9d-94a1-11f1cb84446b/datanode-3/data/ratis] (custom)
2019-08-20 17:08:28,404 INFO  impl.RaftServerImpl (ServerState.java:<init>(105)) - 0d52cd0d-5887-4861-9f74-56217e1a0f56:group-2EABACF192D0 ConfigurationManager, init=-1: [92916cba-8e63-46d5-806b-8e4a4e94b08c:192.168.34.14:45686, 0d52cd0d-5887-4861-9f74-56217e1a0f56:192.168.34.14:34135, ec509022-aa0f-4f73-9e4d-21dab8bfeb55:192.168.34.14:35309], old=null, confs=<EMPTY_MAP>
2019-08-20 17:08:28,404 INFO  storage.RaftStorageDirectory (RaftStorageDirectory.java:analyzeStorage(246)) - The storage directory /workdir/hadoop-ozone/integration-test/target/test-dir/MiniOzoneClusterImpl-40e3faef-9509-4a9d-94a1-11f1cb84446b/datanode-3/data/ratis/206b4468-899d-4ae8-84c4-2eabacf192d0 does not exist. Creating ...
2019-08-20 17:08:28,404 INFO  server.RaftServerConfigKeys (ConfUtils.java:logGet(43)) - raft.server.storage.dir = [/workdir/hadoop-ozone/integration-test/target/test-dir/MiniOzoneClusterImpl-40e3faef-9509-4a9d-94a1-11f1cb84446b/datanode-1/data/ratis] (custom)
2019-08-20 17:08:28,405 INFO  storage.RaftStorageDirectory (RaftStorageDirectory.java:analyzeStorage(246)) - The storage directory /workdir/hadoop-ozone/integration-test/target/test-dir/MiniOzoneClusterImpl-40e3faef-9509-4a9d-94a1-11f1cb84446b/datanode-1/data/ratis/206b4468-899d-4ae8-84c4-2eabacf192d0 does not exist. Creating ...
2019-08-20 17:08:28,418 INFO  storage.RaftStorageDirectory (RaftStorageDirectory.java:tryLock(328)) - Lock on /workdir/hadoop-ozone/integration-test/target/test-dir/MiniOzoneClusterImpl-40e3faef-9509-4a9d-94a1-11f1cb84446b/datanode-3/data/ratis/206b4468-899d-4ae8-84c4-2eabacf192d0/in_use.lock acquired by nodename 5550@pr-hdds-1596-bsl28-2951053889
2019-08-20 17:08:28,418 INFO  storage.RaftStorageDirectory (RaftStorageDirectory.java:tryLock(328)) - Lock on /workdir/hadoop-ozone/integration-test/target/test-dir/MiniOzoneClusterImpl-40e3faef-9509-4a9d-94a1-11f1cb84446b/datanode-5/data/ratis/206b4468-899d-4ae8-84c4-2eabacf192d0/in_use.lock acquired by nodename 5550@pr-hdds-1596-bsl28-2951053889
2019-08-20 17:08:28,418 INFO  storage.RaftStorageDirectory (RaftStorageDirectory.java:tryLock(328)) - Lock on /workdir/hadoop-ozone/integration-test/target/test-dir/MiniOzoneClusterImpl-40e3faef-9509-4a9d-94a1-11f1cb84446b/datanode-1/data/ratis/206b4468-899d-4ae8-84c4-2eabacf192d0/in_use.lock acquired by nodename 5550@pr-hdds-1596-bsl28-2951053889
2019-08-20 17:08:28,436 INFO  storage.RaftStorage (RaftStorage.java:format(72)) - Storage directory /workdir/hadoop-ozone/integration-test/target/test-dir/MiniOzoneClusterImpl-40e3faef-9509-4a9d-94a1-11f1cb84446b/datanode-1/data/ratis/206b4468-899d-4ae8-84c4-2eabacf192d0 has been successfully formatted.
2019-08-20 17:08:28,437 INFO  storage.RaftStorage (RaftStorage.java:format(72)) - Storage directory /workdir/hadoop-ozone/integration-test/target/test-dir/MiniOzoneClusterImpl-40e3faef-9509-4a9d-94a1-11f1cb84446b/datanode-3/data/ratis/206b4468-899d-4ae8-84c4-2eabacf192d0 has been successfully formatted.
2019-08-20 17:08:28,437 INFO  ratis.ContainerStateMachine (ContainerStateMachine.java:loadSnapshot(222)) - group-2EABACF192D0: The snapshot info is null. Setting the last applied indexto:(t:0, i:~)
2019-08-20 17:08:28,437 INFO  ratis.ContainerStateMachine (ContainerStateMachine.java:loadSnapshot(222)) - group-2EABACF192D0: The snapshot info is null. Setting the last applied indexto:(t:0, i:~)
2019-08-20 17:08:28,436 INFO  storage.RaftStorage (RaftStorage.java:format(72)) - Storage directory /workdir/hadoop-ozone/integration-test/target/test-dir/MiniOzoneClusterImpl-40e3faef-9509-4a9d-94a1-11f1cb84446b/datanode-5/data/ratis/206b4468-899d-4ae8-84c4-2eabacf192d0 has been successfully formatted.
2019-08-20 17:08:28,437 INFO  server.RaftServerConfigKeys (ConfUtils.java:logGet(43)) - raft.server.leader.election.timeout = 120s (custom)
2019-08-20 17:08:28,437 INFO  server.RaftServerConfigKeys (ConfUtils.java:logGet(43)) - raft.server.leader.election.timeout = 120s (custom)
2019-08-20 17:08:28,438 INFO  ratis.ContainerStateMachine (ContainerStateMachine.java:loadSnapshot(222)) - group-2EABACF192D0: The snapshot info is null. Setting the last applied indexto:(t:0, i:~)
2019-08-20 17:08:28,438 INFO  server.RaftServerConfigKeys (ConfUtils.java:logGet(43)) - raft.server.log.use.memory = false (default)
2019-08-20 17:08:28,438 INFO  server.RaftServerConfigKeys (ConfUtils.java:logGet(43)) - raft.server.leader.election.timeout = 120s (custom)
2019-08-20 17:08:28,438 INFO  server.RaftServerConfigKeys (ConfUtils.java:logGet(43)) - raft.server.log.use.memory = false (default)
2019-08-20 17:08:28,438 INFO  server.RaftServerConfigKeys (ConfUtils.java:logGet(43)) - raft.server.log.use.memory = false (default)
2019-08-20 17:08:28,438 INFO  server.RaftServerConfigKeys (ConfUtils.java:logGet(43)) - raft.server.log.purge.gap = 1000000000 (custom)
2019-08-20 17:08:28,438 INFO  server.RaftServerConfigKeys (ConfUtils.java:logGet(43)) - raft.server.log.purge.gap = 1000000000 (custom)
2019-08-20 17:08:28,438 INFO  server.RaftServerConfigKeys (ConfUtils.java:logGet(43)) - raft.server.log.purge.gap = 1000000000 (custom)
2019-08-20 17:08:28,439 INFO  server.RaftServerConfigKeys (ConfUtils.java:logGet(43)) - raft.server.log.appender.buffer.byte-limit = 33554432 (custom)
2019-08-20 17:08:28,439 INFO  server.RaftServerConfigKeys (ConfUtils.java:logGet(43)) - raft.server.log.appender.buffer.byte-limit = 33554432 (custom)
2019-08-20 17:08:28,439 INFO  server.RaftServerConfigKeys (ConfUtils.java:logGet(43)) - raft.server.log.segment.size.max = 1048576 (custom)
2019-08-20 17:08:28,439 INFO  server.RaftServerConfigKeys (ConfUtils.java:logGet(43)) - raft.server.log.appender.buffer.byte-limit = 33554432 (custom)
2019-08-20 17:08:28,439 INFO  server.RaftServerConfigKeys (ConfUtils.java:logGet(43)) - raft.server.log.segment.cache.num.max = 2 (custom)
2019-08-20 17:08:28,439 INFO  server.RaftServerConfigKeys (ConfUtils.java:logGet(43)) - raft.server.log.segment.size.max = 1048576 (custom)
2019-08-20 17:08:28,440 INFO  segmented.SegmentedRaftLogWorker (SegmentedRaftLogWorker.java:<init>(172)) - new ec509022-aa0f-4f73-9e4d-21dab8bfeb55-SegmentedRaftLogWorker:Storage Directory /workdir/hadoop-ozone/integration-test/target/test-dir/MiniOzoneClusterImpl-40e3faef-9509-4a9d-94a1-11f1cb84446b/datanode-5/data/ratis/206b4468-899d-4ae8-84c4-2eabacf192d0 for RaftStorage:Storage Directory /workdir/hadoop-ozone/integration-test/target/test-dir/MiniOzoneClusterImpl-40e3faef-9509-4a9d-94a1-11f1cb84446b/datanode-5/data/ratis/206b4468-899d-4ae8-84c4-2eabacf192d0
2019-08-20 17:08:28,440 INFO  server.RaftServerConfigKeys (ConfUtils.java:logGet(43)) - raft.server.log.segment.size.max = 1048576 (custom)
2019-08-20 17:08:28,440 INFO  server.RaftServerConfigKeys (ConfUtils.java:logGet(43)) - raft.server.log.queue.byte-limit = 2147483647 (custom)
2019-08-20 17:08:28,440 INFO  server.RaftServerConfigKeys (ConfUtils.java:logGet(43)) - raft.server.log.segment.cache.num.max = 2 (custom)
2019-08-20 17:08:28,442 INFO  server.RaftServerConfigKeys (ConfUtils.java:logGet(43)) - raft.server.log.queue.element-limit = 1024 (custom)
2019-08-20 17:08:28,440 INFO  server.RaftServerConfigKeys (ConfUtils.java:logGet(43)) - raft.server.log.segment.cache.num.max = 2 (custom)
2019-08-20 17:08:28,443 INFO  server.RaftServerConfigKeys (ConfUtils.java:logGet(43)) - raft.server.log.segment.size.max = 1048576 (custom)
2019-08-20 17:08:28,442 INFO  segmented.SegmentedRaftLogWorker (SegmentedRaftLogWorker.java:<init>(172)) - new 92916cba-8e63-46d5-806b-8e4a4e94b08c-SegmentedRaftLogWorker:Storage Directory /workdir/hadoop-ozone/integration-test/target/test-dir/MiniOzoneClusterImpl-40e3faef-9509-4a9d-94a1-11f1cb84446b/datanode-3/data/ratis/206b4468-899d-4ae8-84c4-2eabacf192d0 for RaftStorage:Storage Directory /workdir/hadoop-ozone/integration-test/target/test-dir/MiniOzoneClusterImpl-40e3faef-9509-4a9d-94a1-11f1cb84446b/datanode-3/data/ratis/206b4468-899d-4ae8-84c4-2eabacf192d0
2019-08-20 17:08:28,443 INFO  server.RaftServerConfigKeys (ConfUtils.java:logGet(43)) - raft.server.log.preallocated.size = 16384 (custom)
2019-08-20 17:08:28,443 INFO  segmented.SegmentedRaftLogWorker (SegmentedRaftLogWorker.java:<init>(172)) - new 0d52cd0d-5887-4861-9f74-56217e1a0f56-SegmentedRaftLogWorker:Storage Directory /workdir/hadoop-ozone/integration-test/target/test-dir/MiniOzoneClusterImpl-40e3faef-9509-4a9d-94a1-11f1cb84446b/datanode-1/data/ratis/206b4468-899d-4ae8-84c4-2eabacf192d0 for RaftStorage:Storage Directory /workdir/hadoop-ozone/integration-test/target/test-dir/MiniOzoneClusterImpl-40e3faef-9509-4a9d-94a1-11f1cb84446b/datanode-1/data/ratis/206b4468-899d-4ae8-84c4-2eabacf192d0
2019-08-20 17:08:28,443 INFO  server.RaftServerConfigKeys (ConfUtils.java:logGet(43)) - raft.server.log.write.buffer.size = 33554432 (custom)
2019-08-20 17:08:28,443 INFO  server.RaftServerConfigKeys (ConfUtils.java:logGet(43)) - raft.server.log.queue.byte-limit = 2147483647 (custom)
2019-08-20 17:08:28,445 INFO  server.RaftServerConfigKeys (ConfUtils.java:logGet(43)) - raft.server.log.force.sync.num = 128 (default)
2019-08-20 17:08:28,445 INFO  server.RaftServerConfigKeys (ConfUtils.java:logGet(43)) - raft.server.log.queue.byte-limit = 2147483647 (custom)
2019-08-20 17:08:28,447 INFO  server.RaftServerConfigKeys (ConfUtils.java:logGet(43)) - raft.server.log.statemachine.data.sync = true (default)
2019-08-20 17:08:28,447 INFO  server.RaftServerConfigKeys (ConfUtils.java:logGet(43)) - raft.server.log.queue.element-limit = 1024 (custom)
2019-08-20 17:08:28,448 INFO  server.RaftServerConfigKeys (ConfUtils.java:logGet(43)) - raft.server.log.statemachine.data.sync.timeout = 10s (default)
2019-08-20 17:08:28,448 INFO  server.RaftServerConfigKeys (ConfUtils.java:logGet(43)) - raft.server.log.queue.element-limit = 1024 (custom)
2019-08-20 17:08:28,448 INFO  server.RaftServerConfigKeys (ConfUtils.java:logGet(43)) - raft.server.log.statemachine.data.sync.timeout.retry = -1 (default)
2019-08-20 17:08:28,448 INFO  server.RaftServerConfigKeys (ConfUtils.java:logGet(43)) - raft.server.log.segment.size.max = 1048576 (custom)
2019-08-20 17:08:28,449 INFO  server.RaftServerConfigKeys (ConfUtils.java:logGet(43)) - raft.server.log.statemachine.data.caching.enabled = true (custom)
2019-08-20 17:08:28,448 INFO  server.RaftServerConfigKeys (ConfUtils.java:logGet(43)) - raft.server.log.segment.size.max = 1048576 (custom)
2019-08-20 17:08:28,449 INFO  server.RaftServerConfigKeys (ConfUtils.java:logGet(43)) - raft.server.log.preallocated.size = 16384 (custom)
2019-08-20 17:08:28,449 INFO  segmented.SegmentedRaftLogWorker (SegmentedRaftLogWorker.java:lambda$new$0(132)) - ec509022-aa0f-4f73-9e4d-21dab8bfeb55-SegmentedRaftLogWorker:Storage Directory /workdir/hadoop-ozone/integration-test/target/test-dir/MiniOzoneClusterImpl-40e3faef-9509-4a9d-94a1-11f1cb84446b/datanode-5/data/ratis/206b4468-899d-4ae8-84c4-2eabacf192d0: flushIndex: setUnconditionally 0 -> -1
2019-08-20 17:08:28,449 INFO  server.RaftServerConfigKeys (ConfUtils.java:logGet(43)) - raft.server.log.preallocated.size = 16384 (custom)
2019-08-20 17:08:28,449 INFO  server.RaftServerConfigKeys (ConfUtils.java:logGet(43)) - raft.server.log.write.buffer.size = 33554432 (custom)
2019-08-20 17:08:28,450 INFO  server.RaftServerConfigKeys (ConfUtils.java:logGet(43)) - raft.server.snapshot.auto.trigger.enabled = true (custom)
2019-08-20 17:08:28,450 INFO  server.RaftServerConfigKeys (ConfUtils.java:logGet(43)) - raft.server.log.write.buffer.size = 33554432 (custom)
2019-08-20 17:08:28,450 INFO  server.RaftServerConfigKeys (ConfUtils.java:logGet(43)) - raft.server.snapshot.auto.trigger.threshold = 10000 (custom)
2019-08-20 17:08:28,450 INFO  server.RaftServerConfigKeys (ConfUtils.java:logGet(43)) - raft.server.log.force.sync.num = 128 (default)
2019-08-20 17:08:28,450 INFO  server.RaftServerConfigKeys (ConfUtils.java:logGet(43)) - raft.server.retrycache.expirytime = 600000ms (custom)
2019-08-20 17:08:28,450 INFO  server.RaftServerConfigKeys (ConfUtils.java:logGet(43)) - raft.server.log.force.sync.num = 128 (default)
2019-08-20 17:08:28,451 INFO  impl.RaftServerImpl (RaftServerImpl.java:start(180)) - ec509022-aa0f-4f73-9e4d-21dab8bfeb55: start group-2EABACF192D0
2019-08-20 17:08:28,450 INFO  server.RaftServerConfigKeys (ConfUtils.java:logGet(43)) - raft.server.log.statemachine.data.sync = true (default)
2019-08-20 17:08:28,451 INFO  impl.RaftServerImpl (RaftServerImpl.java:setRole(171)) - ec509022-aa0f-4f73-9e4d-21dab8bfeb55:group-2EABACF192D0 changes role from null to FOLLOWER at term 0 for startAsFollower
2019-08-20 17:08:28,451 INFO  server.RaftServerConfigKeys (ConfUtils.java:logGet(43)) - raft.server.log.statemachine.data.sync = true (default)
2019-08-20 17:08:28,451 INFO  impl.RoleInfo (RoleInfo.java:updateAndGet(143)) - ec509022-aa0f-4f73-9e4d-21dab8bfeb55: start FollowerState
2019-08-20 17:08:28,451 INFO  server.RaftServerConfigKeys (ConfUtils.java:logGet(43)) - raft.server.log.statemachine.data.sync.timeout = 10s (default)
2019-08-20 17:08:28,451 INFO  server.RaftServerConfigKeys (ConfUtils.java:logGet(43)) - raft.server.log.statemachine.data.sync.timeout = 10s (default)
2019-08-20 17:08:28,452 INFO  server.RaftServerConfigKeys (ConfUtils.java:logGet(43)) - raft.server.log.statemachine.data.sync.timeout.retry = -1 (default)
2019-08-20 17:08:28,452 INFO  server.RaftServerConfigKeys (ConfUtils.java:logGet(43)) - raft.server.log.statemachine.data.sync.timeout.retry = -1 (default)
2019-08-20 17:08:28,452 INFO  util.JmxRegister (JmxRegister.java:tryRegister(44)) - Successfully registered JMX Bean with object name Ratis:service=RaftServer,group=group-2EABACF192D0,id=ec509022-aa0f-4f73-9e4d-21dab8bfeb55
2019-08-20 17:08:28,452 INFO  server.RaftServerConfigKeys (ConfUtils.java:logGet(43)) - raft.server.log.statemachine.data.caching.enabled = true (custom)
2019-08-20 17:08:28,452 INFO  server.RaftServerConfigKeys (ConfUtils.java:logGet(43)) - raft.server.log.statemachine.data.caching.enabled = true (custom)
2019-08-20 17:08:28,453 INFO  segmented.SegmentedRaftLogWorker (SegmentedRaftLogWorker.java:lambda$new$0(132)) - 0d52cd0d-5887-4861-9f74-56217e1a0f56-SegmentedRaftLogWorker:Storage Directory /workdir/hadoop-ozone/integration-test/target/test-dir/MiniOzoneClusterImpl-40e3faef-9509-4a9d-94a1-11f1cb84446b/datanode-1/data/ratis/206b4468-899d-4ae8-84c4-2eabacf192d0: flushIndex: setUnconditionally 0 -> -1
2019-08-20 17:08:28,453 INFO  segmented.SegmentedRaftLogWorker (SegmentedRaftLogWorker.java:lambda$new$0(132)) - 92916cba-8e63-46d5-806b-8e4a4e94b08c-SegmentedRaftLogWorker:Storage Directory /workdir/hadoop-ozone/integration-test/target/test-dir/MiniOzoneClusterImpl-40e3faef-9509-4a9d-94a1-11f1cb84446b/datanode-3/data/ratis/206b4468-899d-4ae8-84c4-2eabacf192d0: flushIndex: setUnconditionally 0 -> -1
2019-08-20 17:08:28,453 INFO  server.RaftServerConfigKeys (ConfUtils.java:logGet(43)) - raft.server.snapshot.auto.trigger.enabled = true (custom)
2019-08-20 17:08:28,453 INFO  server.RaftServerConfigKeys (ConfUtils.java:logGet(43)) - raft.server.snapshot.auto.trigger.threshold = 10000 (custom)
2019-08-20 17:08:28,453 INFO  server.RaftServerConfigKeys (ConfUtils.java:logGet(43)) - raft.server.snapshot.auto.trigger.enabled = true (custom)
2019-08-20 17:08:28,455 INFO  server.RaftServerConfigKeys (ConfUtils.java:logGet(43)) - raft.server.retrycache.expirytime = 600000ms (custom)
2019-08-20 17:08:28,455 INFO  server.RaftServerConfigKeys (ConfUtils.java:logGet(43)) - raft.server.snapshot.auto.trigger.threshold = 10000 (custom)
2019-08-20 17:08:28,456 INFO  impl.RaftServerImpl (RaftServerImpl.java:start(180)) - 0d52cd0d-5887-4861-9f74-56217e1a0f56: start group-2EABACF192D0
2019-08-20 17:08:28,458 INFO  impl.RaftServerImpl (RaftServerImpl.java:setRole(171)) - 0d52cd0d-5887-4861-9f74-56217e1a0f56:group-2EABACF192D0 changes role from null to FOLLOWER at term 0 for startAsFollower
2019-08-20 17:08:28,458 INFO  server.RaftServerConfigKeys (ConfUtils.java:logGet(43)) - raft.server.retrycache.expirytime = 600000ms (custom)
2019-08-20 17:08:28,458 INFO  impl.RoleInfo (RoleInfo.java:updateAndGet(143)) - 0d52cd0d-5887-4861-9f74-56217e1a0f56: start FollowerState
2019-08-20 17:08:28,460 INFO  impl.RaftServerImpl (RaftServerImpl.java:start(180)) - 92916cba-8e63-46d5-806b-8e4a4e94b08c: start group-2EABACF192D0
2019-08-20 17:08:28,460 INFO  impl.RaftServerImpl (RaftServerImpl.java:setRole(171)) - 92916cba-8e63-46d5-806b-8e4a4e94b08c:group-2EABACF192D0 changes role from null to FOLLOWER at term 0 for startAsFollower
2019-08-20 17:08:28,460 INFO  util.JmxRegister (JmxRegister.java:tryRegister(44)) - Successfully registered JMX Bean with object name Ratis:service=RaftServer,group=group-2EABACF192D0,id=0d52cd0d-5887-4861-9f74-56217e1a0f56
2019-08-20 17:08:28,460 INFO  impl.RoleInfo (RoleInfo.java:updateAndGet(143)) - 92916cba-8e63-46d5-806b-8e4a4e94b08c: start FollowerState
2019-08-20 17:08:28,461 INFO  util.JmxRegister (JmxRegister.java:tryRegister(44)) - Successfully registered JMX Bean with object name Ratis:service=RaftServer,group=group-2EABACF192D0,id=92916cba-8e63-46d5-806b-8e4a4e94b08c
2019-08-20 17:08:28,482 INFO  pipeline.PipelineStateManager (PipelineStateManager.java:addPipeline(56)) - Created pipeline Pipeline[ Id: 206b4468-899d-4ae8-84c4-2eabacf192d0, Nodes: 0d52cd0d-5887-4861-9f74-56217e1a0f56{ip: 192.168.34.14, host: pr-hdds-1596-bsl28-2951053889, networkLocation: /default-rack, certSerialId: null}ec509022-aa0f-4f73-9e4d-21dab8bfeb55{ip: 192.168.34.14, host: pr-hdds-1596-bsl28-2951053889, networkLocation: /default-rack, certSerialId: null}92916cba-8e63-46d5-806b-8e4a4e94b08c{ip: 192.168.34.14, host: pr-hdds-1596-bsl28-2951053889, networkLocation: /default-rack, certSerialId: null}, Type:RATIS, Factor:THREE, State:OPEN]
2019-08-20 17:08:28,511 INFO  impl.RaftServerProxy (RaftServerProxy.java:addNew(89)) - f2c6fdf1-1b22-4e25-849b-6f41cf78b2b9: addNew group-7561753E64C1:[f2c6fdf1-1b22-4e25-849b-6f41cf78b2b9:192.168.34.14:46105, c057a1f0-d88e-4668-8d47-8ac449b5fc09:192.168.34.14:45181, 87e47e15-6589-405f-974e-8c9e6ee1e6ee:192.168.34.14:33565] returns group-7561753E64C1:java.util.concurrent.CompletableFuture@54459f60[Not completed]
2019-08-20 17:08:28,511 INFO  impl.RaftServerProxy (RaftServerProxy.java:addNew(89)) - c057a1f0-d88e-4668-8d47-8ac449b5fc09: addNew group-7561753E64C1:[f2c6fdf1-1b22-4e25-849b-6f41cf78b2b9:192.168.34.14:46105, c057a1f0-d88e-4668-8d47-8ac449b5fc09:192.168.34.14:45181, 87e47e15-6589-405f-974e-8c9e6ee1e6ee:192.168.34.14:33565] returns group-7561753E64C1:java.util.concurrent.CompletableFuture@69eeb699[Not completed]
2019-08-20 17:08:28,511 INFO  impl.RaftServerProxy (RaftServerProxy.java:addNew(89)) - 87e47e15-6589-405f-974e-8c9e6ee1e6ee: addNew group-7561753E64C1:[f2c6fdf1-1b22-4e25-849b-6f41cf78b2b9:192.168.34.14:46105, c057a1f0-d88e-4668-8d47-8ac449b5fc09:192.168.34.14:45181, 87e47e15-6589-405f-974e-8c9e6ee1e6ee:192.168.34.14:33565] returns group-7561753E64C1:java.util.concurrent.CompletableFuture@174bf341[Not completed]
2019-08-20 17:08:28,515 INFO  impl.RaftServerImpl (RaftServerImpl.java:<init>(93)) - c057a1f0-d88e-4668-8d47-8ac449b5fc09: new RaftServerImpl for group-7561753E64C1:[f2c6fdf1-1b22-4e25-849b-6f41cf78b2b9:192.168.34.14:46105, c057a1f0-d88e-4668-8d47-8ac449b5fc09:192.168.34.14:45181, 87e47e15-6589-405f-974e-8c9e6ee1e6ee:192.168.34.14:33565] with ContainerStateMachine:uninitialized
2019-08-20 17:08:28,515 INFO  server.RaftServerConfigKeys (ConfUtils.java:logGet(43)) - raft.server.rpc.timeout.min = 5s (custom)
2019-08-20 17:08:28,515 INFO  server.RaftServerConfigKeys (ConfUtils.java:logGet(43)) - raft.server.rpc.timeout.max = 5200ms (custom)
2019-08-20 17:08:28,515 INFO  server.RaftServerConfigKeys (ConfUtils.java:logGet(43)) - raft.server.rpcslowness.timeout = 120s (custom)
2019-08-20 17:08:28,515 INFO  server.RaftServerConfigKeys (ConfUtils.java:logGet(43)) - raft.server.sleep.deviation.threshold = 300 (default)
2019-08-20 17:08:28,516 INFO  server.RaftServerConfigKeys (ConfUtils.java:logGet(43)) - raft.server.log.appender.install.snapshot.enabled = false (custom)
2019-08-20 17:08:28,516 INFO  impl.RaftServerImpl (ServerState.java:<init>(105)) - c057a1f0-d88e-4668-8d47-8ac449b5fc09:group-7561753E64C1 ConfigurationManager, init=-1: [f2c6fdf1-1b22-4e25-849b-6f41cf78b2b9:192.168.34.14:46105, c057a1f0-d88e-4668-8d47-8ac449b5fc09:192.168.34.14:45181, 87e47e15-6589-405f-974e-8c9e6ee1e6ee:192.168.34.14:33565], old=null, confs=<EMPTY_MAP>
2019-08-20 17:08:28,516 INFO  impl.RaftServerImpl (RaftServerImpl.java:<init>(93)) - 87e47e15-6589-405f-974e-8c9e6ee1e6ee: new RaftServerImpl for group-7561753E64C1:[f2c6fdf1-1b22-4e25-849b-6f41cf78b2b9:192.168.34.14:46105, c057a1f0-d88e-4668-8d47-8ac449b5fc09:192.168.34.14:45181, 87e47e15-6589-405f-974e-8c9e6ee1e6ee:192.168.34.14:33565] with ContainerStateMachine:uninitialized
2019-08-20 17:08:28,516 INFO  server.RaftServerConfigKeys (ConfUtils.java:logGet(43)) - raft.server.storage.dir = [/workdir/hadoop-ozone/integration-test/target/test-dir/MiniOzoneClusterImpl-40e3faef-9509-4a9d-94a1-11f1cb84446b/datanode-0/data/ratis] (custom)
2019-08-20 17:08:28,516 INFO  server.RaftServerConfigKeys (ConfUtils.java:logGet(43)) - raft.server.rpc.timeout.min = 5s (custom)
2019-08-20 17:08:28,516 INFO  server.RaftServerConfigKeys (ConfUtils.java:logGet(43)) - raft.server.rpc.timeout.max = 5200ms (custom)
2019-08-20 17:08:28,517 INFO  server.RaftServerConfigKeys (ConfUtils.java:logGet(43)) - raft.server.rpcslowness.timeout = 120s (custom)
2019-08-20 17:08:28,517 INFO  impl.RaftServerImpl (RaftServerImpl.java:<init>(93)) - f2c6fdf1-1b22-4e25-849b-6f41cf78b2b9: new RaftServerImpl for group-7561753E64C1:[f2c6fdf1-1b22-4e25-849b-6f41cf78b2b9:192.168.34.14:46105, c057a1f0-d88e-4668-8d47-8ac449b5fc09:192.168.34.14:45181, 87e47e15-6589-405f-974e-8c9e6ee1e6ee:192.168.34.14:33565] with ContainerStateMachine:uninitialized
2019-08-20 17:08:28,517 INFO  storage.RaftStorageDirectory (RaftStorageDirectory.java:analyzeStorage(246)) - The storage directory /workdir/hadoop-ozone/integration-test/target/test-dir/MiniOzoneClusterImpl-40e3faef-9509-4a9d-94a1-11f1cb84446b/datanode-0/data/ratis/f83b3b2c-6040-4428-88c1-7561753e64c1 does not exist. Creating ...
2019-08-20 17:08:28,517 INFO  server.RaftServerConfigKeys (ConfUtils.java:logGet(43)) - raft.server.rpc.timeout.min = 5s (custom)
2019-08-20 17:08:28,517 INFO  server.RaftServerConfigKeys (ConfUtils.java:logGet(43)) - raft.server.sleep.deviation.threshold = 300 (default)
2019-08-20 17:08:28,517 INFO  server.RaftServerConfigKeys (ConfUtils.java:logGet(43)) - raft.server.rpc.timeout.max = 5200ms (custom)
2019-08-20 17:08:28,517 INFO  server.RaftServerConfigKeys (ConfUtils.java:logGet(43)) - raft.server.log.appender.install.snapshot.enabled = false (custom)
2019-08-20 17:08:28,518 INFO  server.RaftServerConfigKeys (ConfUtils.java:logGet(43)) - raft.server.rpcslowness.timeout = 120s (custom)
2019-08-20 17:08:28,518 INFO  impl.RaftServerImpl (ServerState.java:<init>(105)) - 87e47e15-6589-405f-974e-8c9e6ee1e6ee:group-7561753E64C1 ConfigurationManager, init=-1: [f2c6fdf1-1b22-4e25-849b-6f41cf78b2b9:192.168.34.14:46105, c057a1f0-d88e-4668-8d47-8ac449b5fc09:192.168.34.14:45181, 87e47e15-6589-405f-974e-8c9e6ee1e6ee:192.168.34.14:33565], old=null, confs=<EMPTY_MAP>
2019-08-20 17:08:28,518 INFO  server.RaftServerConfigKeys (ConfUtils.java:logGet(43)) - raft.server.sleep.deviation.threshold = 300 (default)
2019-08-20 17:08:28,518 INFO  server.RaftServerConfigKeys (ConfUtils.java:logGet(43)) - raft.server.log.appender.install.snapshot.enabled = false (custom)
2019-08-20 17:08:28,518 INFO  server.RaftServerConfigKeys (ConfUtils.java:logGet(43)) - raft.server.storage.dir = [/workdir/hadoop-ozone/integration-test/target/test-dir/MiniOzoneClusterImpl-40e3faef-9509-4a9d-94a1-11f1cb84446b/datanode-2/data/ratis] (custom)
2019-08-20 17:08:28,518 INFO  impl.RaftServerImpl (ServerState.java:<init>(105)) - f2c6fdf1-1b22-4e25-849b-6f41cf78b2b9:group-7561753E64C1 ConfigurationManager, init=-1: [f2c6fdf1-1b22-4e25-849b-6f41cf78b2b9:192.168.34.14:46105, c057a1f0-d88e-4668-8d47-8ac449b5fc09:192.168.34.14:45181, 87e47e15-6589-405f-974e-8c9e6ee1e6ee:192.168.34.14:33565], old=null, confs=<EMPTY_MAP>
2019-08-20 17:08:28,519 INFO  server.RaftServerConfigKeys (ConfUtils.java:logGet(43)) - raft.server.storage.dir = [/workdir/hadoop-ozone/integration-test/target/test-dir/MiniOzoneClusterImpl-40e3faef-9509-4a9d-94a1-11f1cb84446b/datanode-4/data/ratis] (custom)
2019-08-20 17:08:28,519 INFO  storage.RaftStorageDirectory (RaftStorageDirectory.java:analyzeStorage(246)) - The storage directory /workdir/hadoop-ozone/integration-test/target/test-dir/MiniOzoneClusterImpl-40e3faef-9509-4a9d-94a1-11f1cb84446b/datanode-2/data/ratis/f83b3b2c-6040-4428-88c1-7561753e64c1 does not exist. Creating ...
2019-08-20 17:08:28,519 INFO  storage.RaftStorageDirectory (RaftStorageDirectory.java:analyzeStorage(246)) - The storage directory /workdir/hadoop-ozone/integration-test/target/test-dir/MiniOzoneClusterImpl-40e3faef-9509-4a9d-94a1-11f1cb84446b/datanode-4/data/ratis/f83b3b2c-6040-4428-88c1-7561753e64c1 does not exist. Creating ...
2019-08-20 17:08:28,531 INFO  storage.RaftStorageDirectory (RaftStorageDirectory.java:tryLock(328)) - Lock on /workdir/hadoop-ozone/integration-test/target/test-dir/MiniOzoneClusterImpl-40e3faef-9509-4a9d-94a1-11f1cb84446b/datanode-4/data/ratis/f83b3b2c-6040-4428-88c1-7561753e64c1/in_use.lock acquired by nodename 5550@pr-hdds-1596-bsl28-2951053889
2019-08-20 17:08:28,531 INFO  storage.RaftStorageDirectory (RaftStorageDirectory.java:tryLock(328)) - Lock on /workdir/hadoop-ozone/integration-test/target/test-dir/MiniOzoneClusterImpl-40e3faef-9509-4a9d-94a1-11f1cb84446b/datanode-2/data/ratis/f83b3b2c-6040-4428-88c1-7561753e64c1/in_use.lock acquired by nodename 5550@pr-hdds-1596-bsl28-2951053889
2019-08-20 17:08:28,531 INFO  storage.RaftStorageDirectory (RaftStorageDirectory.java:tryLock(328)) - Lock on /workdir/hadoop-ozone/integration-test/target/test-dir/MiniOzoneClusterImpl-40e3faef-9509-4a9d-94a1-11f1cb84446b/datanode-0/data/ratis/f83b3b2c-6040-4428-88c1-7561753e64c1/in_use.lock acquired by nodename 5550@pr-hdds-1596-bsl28-2951053889
2019-08-20 17:08:28,545 INFO  storage.RaftStorage (RaftStorage.java:format(72)) - Storage directory /workdir/hadoop-ozone/integration-test/target/test-dir/MiniOzoneClusterImpl-40e3faef-9509-4a9d-94a1-11f1cb84446b/datanode-2/data/ratis/f83b3b2c-6040-4428-88c1-7561753e64c1 has been successfully formatted.
2019-08-20 17:08:28,545 INFO  storage.RaftStorage (RaftStorage.java:format(72)) - Storage directory /workdir/hadoop-ozone/integration-test/target/test-dir/MiniOzoneClusterImpl-40e3faef-9509-4a9d-94a1-11f1cb84446b/datanode-0/data/ratis/f83b3b2c-6040-4428-88c1-7561753e64c1 has been successfully formatted.
2019-08-20 17:08:28,545 INFO  ratis.ContainerStateMachine (ContainerStateMachine.java:loadSnapshot(222)) - group-7561753E64C1: The snapshot info is null. Setting the last applied indexto:(t:0, i:~)
2019-08-20 17:08:28,545 INFO  storage.RaftStorage (RaftStorage.java:format(72)) - Storage directory /workdir/hadoop-ozone/integration-test/target/test-dir/MiniOzoneClusterImpl-40e3faef-9509-4a9d-94a1-11f1cb84446b/datanode-4/data/ratis/f83b3b2c-6040-4428-88c1-7561753e64c1 has been successfully formatted.
2019-08-20 17:08:28,545 INFO  ratis.ContainerStateMachine (ContainerStateMachine.java:loadSnapshot(222)) - group-7561753E64C1: The snapshot info is null. Setting the last applied indexto:(t:0, i:~)
2019-08-20 17:08:28,545 INFO  server.RaftServerConfigKeys (ConfUtils.java:logGet(43)) - raft.server.leader.election.timeout = 120s (custom)
2019-08-20 17:08:28,546 INFO  server.RaftServerConfigKeys (ConfUtils.java:logGet(43)) - raft.server.leader.election.timeout = 120s (custom)
2019-08-20 17:08:28,546 INFO  ratis.ContainerStateMachine (ContainerStateMachine.java:loadSnapshot(222)) - group-7561753E64C1: The snapshot info is null. Setting the last applied indexto:(t:0, i:~)
2019-08-20 17:08:28,546 INFO  server.RaftServerConfigKeys (ConfUtils.java:logGet(43)) - raft.server.log.use.memory = false (default)
2019-08-20 17:08:28,546 INFO  server.RaftServerConfigKeys (ConfUtils.java:logGet(43)) - raft.server.log.use.memory = false (default)
2019-08-20 17:08:28,546 INFO  server.RaftServerConfigKeys (ConfUtils.java:logGet(43)) - raft.server.log.purge.gap = 1000000000 (custom)
2019-08-20 17:08:28,546 INFO  server.RaftServerConfigKeys (ConfUtils.java:logGet(43)) - raft.server.leader.election.timeout = 120s (custom)
2019-08-20 17:08:28,547 INFO  server.RaftServerConfigKeys (ConfUtils.java:logGet(43)) - raft.server.log.appender.buffer.byte-limit = 33554432 (custom)
2019-08-20 17:08:28,547 INFO  server.RaftServerConfigKeys (ConfUtils.java:logGet(43)) - raft.server.log.purge.gap = 1000000000 (custom)
2019-08-20 17:08:28,547 INFO  server.RaftServerConfigKeys (ConfUtils.java:logGet(43)) - raft.server.log.segment.size.max = 1048576 (custom)
2019-08-20 17:08:28,547 INFO  server.RaftServerConfigKeys (ConfUtils.java:logGet(43)) - raft.server.log.use.memory = false (default)
2019-08-20 17:08:28,548 INFO  server.RaftServerConfigKeys (ConfUtils.java:logGet(43)) - raft.server.log.segment.cache.num.max = 2 (custom)
2019-08-20 17:08:28,547 INFO  server.RaftServerConfigKeys (ConfUtils.java:logGet(43)) - raft.server.log.appender.buffer.byte-limit = 33554432 (custom)
2019-08-20 17:08:28,548 INFO  segmented.SegmentedRaftLogWorker (SegmentedRaftLogWorker.java:<init>(172)) - new c057a1f0-d88e-4668-8d47-8ac449b5fc09-SegmentedRaftLogWorker:Storage Directory /workdir/hadoop-ozone/integration-test/target/test-dir/MiniOzoneClusterImpl-40e3faef-9509-4a9d-94a1-11f1cb84446b/datanode-0/data/ratis/f83b3b2c-6040-4428-88c1-7561753e64c1 for RaftStorage:Storage Directory /workdir/hadoop-ozone/integration-test/target/test-dir/MiniOzoneClusterImpl-40e3faef-9509-4a9d-94a1-11f1cb84446b/datanode-0/data/ratis/f83b3b2c-6040-4428-88c1-7561753e64c1
2019-08-20 17:08:28,548 INFO  server.RaftServerConfigKeys (ConfUtils.java:logGet(43)) - raft.server.log.purge.gap = 1000000000 (custom)
2019-08-20 17:08:28,548 INFO  server.RaftServerConfigKeys (ConfUtils.java:logGet(43)) - raft.server.log.queue.byte-limit = 2147483647 (custom)
2019-08-20 17:08:28,548 INFO  server.RaftServerConfigKeys (ConfUtils.java:logGet(43)) - raft.server.log.segment.size.max = 1048576 (custom)
2019-08-20 17:08:28,551 INFO  server.RaftServerConfigKeys (ConfUtils.java:logGet(43)) - raft.server.log.queue.element-limit = 1024 (custom)
2019-08-20 17:08:28,549 INFO  server.RaftServerConfigKeys (ConfUtils.java:logGet(43)) - raft.server.log.appender.buffer.byte-limit = 33554432 (custom)
2019-08-20 17:08:28,551 INFO  server.RaftServerConfigKeys (ConfUtils.java:logGet(43)) - raft.server.log.segment.size.max = 1048576 (custom)
2019-08-20 17:08:28,551 INFO  server.RaftServerConfigKeys (ConfUtils.java:logGet(43)) - raft.server.log.preallocated.size = 16384 (custom)
2019-08-20 17:08:28,551 INFO  server.RaftServerConfigKeys (ConfUtils.java:logGet(43)) - raft.server.log.segment.cache.num.max = 2 (custom)
2019-08-20 17:08:28,552 INFO  server.RaftServerConfigKeys (ConfUtils.java:logGet(43)) - raft.server.log.write.buffer.size = 33554432 (custom)
2019-08-20 17:08:28,551 INFO  server.RaftServerConfigKeys (ConfUtils.java:logGet(43)) - raft.server.log.segment.size.max = 1048576 (custom)
2019-08-20 17:08:28,552 INFO  server.RaftServerConfigKeys (ConfUtils.java:logGet(43)) - raft.server.log.force.sync.num = 128 (default)
2019-08-20 17:08:28,552 INFO  segmented.SegmentedRaftLogWorker (SegmentedRaftLogWorker.java:<init>(172)) - new 87e47e15-6589-405f-974e-8c9e6ee1e6ee-SegmentedRaftLogWorker:Storage Directory /workdir/hadoop-ozone/integration-test/target/test-dir/MiniOzoneClusterImpl-40e3faef-9509-4a9d-94a1-11f1cb84446b/datanode-2/data/ratis/f83b3b2c-6040-4428-88c1-7561753e64c1 for RaftStorage:Storage Directory /workdir/hadoop-ozone/integration-test/target/test-dir/MiniOzoneClusterImpl-40e3faef-9509-4a9d-94a1-11f1cb84446b/datanode-2/data/ratis/f83b3b2c-6040-4428-88c1-7561753e64c1
2019-08-20 17:08:28,552 INFO  server.RaftServerConfigKeys (ConfUtils.java:logGet(43)) - raft.server.log.statemachine.data.sync = true (default)
2019-08-20 17:08:28,552 INFO  server.RaftServerConfigKeys (ConfUtils.java:logGet(43)) - raft.server.log.segment.cache.num.max = 2 (custom)
2019-08-20 17:08:28,553 INFO  server.RaftServerConfigKeys (ConfUtils.java:logGet(43)) - raft.server.log.statemachine.data.sync.timeout = 10s (default)
2019-08-20 17:08:28,555 INFO  server.RaftServerConfigKeys (ConfUtils.java:logGet(43)) - raft.server.log.statemachine.data.sync.timeout.retry = -1 (default)
2019-08-20 17:08:28,553 INFO  server.RaftServerConfigKeys (ConfUtils.java:logGet(43)) - raft.server.log.queue.byte-limit = 2147483647 (custom)
2019-08-20 17:08:28,555 INFO  server.RaftServerConfigKeys (ConfUtils.java:logGet(43)) - raft.server.log.statemachine.data.caching.enabled = true (custom)
2019-08-20 17:08:28,555 INFO  segmented.SegmentedRaftLogWorker (SegmentedRaftLogWorker.java:<init>(172)) - new f2c6fdf1-1b22-4e25-849b-6f41cf78b2b9-SegmentedRaftLogWorker:Storage Directory /workdir/hadoop-ozone/integration-test/target/test-dir/MiniOzoneClusterImpl-40e3faef-9509-4a9d-94a1-11f1cb84446b/datanode-4/data/ratis/f83b3b2c-6040-4428-88c1-7561753e64c1 for RaftStorage:Storage Directory /workdir/hadoop-ozone/integration-test/target/test-dir/MiniOzoneClusterImpl-40e3faef-9509-4a9d-94a1-11f1cb84446b/datanode-4/data/ratis/f83b3b2c-6040-4428-88c1-7561753e64c1
2019-08-20 17:08:28,555 INFO  server.RaftServerConfigKeys (ConfUtils.java:logGet(43)) - raft.server.log.queue.element-limit = 1024 (custom)
2019-08-20 17:08:28,556 INFO  server.RaftServerConfigKeys (ConfUtils.java:logGet(43)) - raft.server.log.queue.byte-limit = 2147483647 (custom)
2019-08-20 17:08:28,556 INFO  segmented.SegmentedRaftLogWorker (SegmentedRaftLogWorker.java:lambda$new$0(132)) - c057a1f0-d88e-4668-8d47-8ac449b5fc09-SegmentedRaftLogWorker:Storage Directory /workdir/hadoop-ozone/integration-test/target/test-dir/MiniOzoneClusterImpl-40e3faef-9509-4a9d-94a1-11f1cb84446b/datanode-0/data/ratis/f83b3b2c-6040-4428-88c1-7561753e64c1: flushIndex: setUnconditionally 0 -> -1
2019-08-20 17:08:28,558 INFO  server.RaftServerConfigKeys (ConfUtils.java:logGet(43)) - raft.server.log.queue.element-limit = 1024 (custom)
2019-08-20 17:08:28,558 INFO  server.RaftServerConfigKeys (ConfUtils.java:logGet(43)) - raft.server.log.segment.size.max = 1048576 (custom)
2019-08-20 17:08:28,559 INFO  server.RaftServerConfigKeys (ConfUtils.java:logGet(43)) - raft.server.snapshot.auto.trigger.enabled = true (custom)
2019-08-20 17:08:28,559 INFO  server.RaftServerConfigKeys (ConfUtils.java:logGet(43)) - raft.server.log.segment.size.max = 1048576 (custom)
2019-08-20 17:08:28,559 INFO  server.RaftServerConfigKeys (ConfUtils.java:logGet(43)) - raft.server.snapshot.auto.trigger.threshold = 10000 (custom)
2019-08-20 17:08:28,559 INFO  server.RaftServerConfigKeys (ConfUtils.java:logGet(43)) - raft.server.log.preallocated.size = 16384 (custom)
2019-08-20 17:08:28,559 INFO  server.RaftServerConfigKeys (ConfUtils.java:logGet(43)) - raft.server.retrycache.expirytime = 600000ms (custom)
2019-08-20 17:08:28,559 INFO  server.RaftServerConfigKeys (ConfUtils.java:logGet(43)) - raft.server.log.preallocated.size = 16384 (custom)
2019-08-20 17:08:28,560 INFO  impl.RaftServerImpl (RaftServerImpl.java:start(180)) - c057a1f0-d88e-4668-8d47-8ac449b5fc09: start group-7561753E64C1
2019-08-20 17:08:28,560 INFO  impl.RaftServerImpl (RaftServerImpl.java:setRole(171)) - c057a1f0-d88e-4668-8d47-8ac449b5fc09:group-7561753E64C1 changes role from null to FOLLOWER at term 0 for startAsFollower
2019-08-20 17:08:28,560 INFO  server.RaftServerConfigKeys (ConfUtils.java:logGet(43)) - raft.server.log.write.buffer.size = 33554432 (custom)
2019-08-20 17:08:28,560 INFO  impl.RoleInfo (RoleInfo.java:updateAndGet(143)) - c057a1f0-d88e-4668-8d47-8ac449b5fc09: start FollowerState
2019-08-20 17:08:28,560 INFO  server.RaftServerConfigKeys (ConfUtils.java:logGet(43)) - raft.server.log.write.buffer.size = 33554432 (custom)
2019-08-20 17:08:28,560 INFO  server.RaftServerConfigKeys (ConfUtils.java:logGet(43)) - raft.server.log.force.sync.num = 128 (default)
2019-08-20 17:08:28,561 INFO  server.RaftServerConfigKeys (ConfUtils.java:logGet(43)) - raft.server.log.force.sync.num = 128 (default)
2019-08-20 17:08:28,561 INFO  server.RaftServerConfigKeys (ConfUtils.java:logGet(43)) - raft.server.log.statemachine.data.sync = true (default)
2019-08-20 17:08:28,561 INFO  util.JmxRegister (JmxRegister.java:tryRegister(44)) - Successfully registered JMX Bean with object name Ratis:service=RaftServer,group=group-7561753E64C1,id=c057a1f0-d88e-4668-8d47-8ac449b5fc09
2019-08-20 17:08:28,561 INFO  server.RaftServerConfigKeys (ConfUtils.java:logGet(43)) - raft.server.log.statemachine.data.sync.timeout = 10s (default)
2019-08-20 17:08:28,561 INFO  server.RaftServerConfigKeys (ConfUtils.java:logGet(43)) - raft.server.log.statemachine.data.sync = true (default)
2019-08-20 17:08:28,562 INFO  server.RaftServerConfigKeys (ConfUtils.java:logGet(43)) - raft.server.log.statemachine.data.sync.timeout.retry = -1 (default)
2019-08-20 17:08:28,562 INFO  server.RaftServerConfigKeys (ConfUtils.java:logGet(43)) - raft.server.log.statemachine.data.sync.timeout = 10s (default)
2019-08-20 17:08:28,562 INFO  server.RaftServerConfigKeys (ConfUtils.java:logGet(43)) - raft.server.log.statemachine.data.caching.enabled = true (custom)
2019-08-20 17:08:28,562 INFO  server.RaftServerConfigKeys (ConfUtils.java:logGet(43)) - raft.server.log.statemachine.data.sync.timeout.retry = -1 (default)
2019-08-20 17:08:28,563 INFO  server.RaftServerConfigKeys (ConfUtils.java:logGet(43)) - raft.server.log.statemachine.data.caching.enabled = true (custom)
2019-08-20 17:08:28,563 INFO  segmented.SegmentedRaftLogWorker (SegmentedRaftLogWorker.java:lambda$new$0(132)) - 87e47e15-6589-405f-974e-8c9e6ee1e6ee-SegmentedRaftLogWorker:Storage Directory /workdir/hadoop-ozone/integration-test/target/test-dir/MiniOzoneClusterImpl-40e3faef-9509-4a9d-94a1-11f1cb84446b/datanode-2/data/ratis/f83b3b2c-6040-4428-88c1-7561753e64c1: flushIndex: setUnconditionally 0 -> -1
2019-08-20 17:08:28,563 INFO  segmented.SegmentedRaftLogWorker (SegmentedRaftLogWorker.java:lambda$new$0(132)) - f2c6fdf1-1b22-4e25-849b-6f41cf78b2b9-SegmentedRaftLogWorker:Storage Directory /workdir/hadoop-ozone/integration-test/target/test-dir/MiniOzoneClusterImpl-40e3faef-9509-4a9d-94a1-11f1cb84446b/datanode-4/data/ratis/f83b3b2c-6040-4428-88c1-7561753e64c1: flushIndex: setUnconditionally 0 -> -1
2019-08-20 17:08:28,563 INFO  server.RaftServerConfigKeys (ConfUtils.java:logGet(43)) - raft.server.snapshot.auto.trigger.enabled = true (custom)
2019-08-20 17:08:28,563 INFO  server.RaftServerConfigKeys (ConfUtils.java:logGet(43)) - raft.server.snapshot.auto.trigger.threshold = 10000 (custom)
2019-08-20 17:08:28,563 INFO  server.RaftServerConfigKeys (ConfUtils.java:logGet(43)) - raft.server.snapshot.auto.trigger.enabled = true (custom)
2019-08-20 17:08:28,564 INFO  server.RaftServerConfigKeys (ConfUtils.java:logGet(43)) - raft.server.retrycache.expirytime = 600000ms (custom)
2019-08-20 17:08:28,564 INFO  server.RaftServerConfigKeys (ConfUtils.java:logGet(43)) - raft.server.snapshot.auto.trigger.threshold = 10000 (custom)
2019-08-20 17:08:28,564 INFO  impl.RaftServerImpl (RaftServerImpl.java:start(180)) - 87e47e15-6589-405f-974e-8c9e6ee1e6ee: start group-7561753E64C1
2019-08-20 17:08:28,564 INFO  server.RaftServerConfigKeys (ConfUtils.java:logGet(43)) - raft.server.retrycache.expirytime = 600000ms (custom)
2019-08-20 17:08:28,564 INFO  impl.RaftServerImpl (RaftServerImpl.java:setRole(171)) - 87e47e15-6589-405f-974e-8c9e6ee1e6ee:group-7561753E64C1 changes role from null to FOLLOWER at term 0 for startAsFollower
2019-08-20 17:08:28,564 INFO  impl.RaftServerImpl (RaftServerImpl.java:start(180)) - f2c6fdf1-1b22-4e25-849b-6f41cf78b2b9: start group-7561753E64C1
2019-08-20 17:08:28,566 INFO  impl.RoleInfo (RoleInfo.java:updateAndGet(143)) - 87e47e15-6589-405f-974e-8c9e6ee1e6ee: start FollowerState
2019-08-20 17:08:28,566 INFO  impl.RaftServerImpl (RaftServerImpl.java:setRole(171)) - f2c6fdf1-1b22-4e25-849b-6f41cf78b2b9:group-7561753E64C1 changes role from null to FOLLOWER at term 0 for startAsFollower
2019-08-20 17:08:28,567 INFO  impl.RoleInfo (RoleInfo.java:updateAndGet(143)) - f2c6fdf1-1b22-4e25-849b-6f41cf78b2b9: start FollowerState
2019-08-20 17:08:28,569 INFO  util.JmxRegister (JmxRegister.java:tryRegister(44)) - Successfully registered JMX Bean with object name Ratis:service=RaftServer,group=group-7561753E64C1,id=87e47e15-6589-405f-974e-8c9e6ee1e6ee
2019-08-20 17:08:28,571 INFO  util.JmxRegister (JmxRegister.java:tryRegister(44)) - Successfully registered JMX Bean with object name Ratis:service=RaftServer,group=group-7561753E64C1,id=f2c6fdf1-1b22-4e25-849b-6f41cf78b2b9
2019-08-20 17:08:28,588 INFO  pipeline.PipelineStateManager (PipelineStateManager.java:addPipeline(56)) - Created pipeline Pipeline[ Id: f83b3b2c-6040-4428-88c1-7561753e64c1, Nodes: 87e47e15-6589-405f-974e-8c9e6ee1e6ee{ip: 192.168.34.14, host: pr-hdds-1596-bsl28-2951053889, networkLocation: /default-rack, certSerialId: null}f2c6fdf1-1b22-4e25-849b-6f41cf78b2b9{ip: 192.168.34.14, host: pr-hdds-1596-bsl28-2951053889, networkLocation: /default-rack, certSerialId: null}c057a1f0-d88e-4668-8d47-8ac449b5fc09{ip: 192.168.34.14, host: pr-hdds-1596-bsl28-2951053889, networkLocation: /default-rack, certSerialId: null}, Type:RATIS, Factor:THREE, State:OPEN]
2019-08-20 17:08:28,917 INFO  ozone.MiniOzoneClusterImpl (MiniOzoneClusterImpl.java:lambda$waitForClusterToBeReady$0(142)) - Cluster is ready. Got 6 of 6 DN Heartbeats.
2019-08-20 17:08:29,241 INFO  rpc.RpcClient (RpcClient.java:createVolume(292)) - Creating Volume: datanodefailurehandlingtest, with jenkins1000 as owner.
2019-08-20 17:08:29,282 INFO  rpc.RpcClient (RpcClient.java:createBucket(429)) - Creating Bucket: datanodefailurehandlingtest/datanodefailurehandlingtest, with Versioning false and Storage Type set to DISK and Encryption set to false 
2019-08-20 17:08:29,506 INFO  impl.MetricsSystemImpl (MetricsSystemImpl.java:init(158)) - XceiverClientMetrics metrics system started (again)
2019-08-20 17:08:29,623 INFO  client.GrpcClientProtocolClient (GrpcClientProtocolClient.java:onNext(255)) - client-0634008F59DF->87e47e15-6589-405f-974e-8c9e6ee1e6ee: receive RaftClientReply:client-0634008F59DF->87e47e15-6589-405f-974e-8c9e6ee1e6ee@group-7561753E64C1, cid=12, FAILED org.apache.ratis.protocol.NotLeaderException: Server 87e47e15-6589-405f-974e-8c9e6ee1e6ee is not the leader (null). Request must be sent to leader., logIndex=0, commits[87e47e15-6589-405f-974e-8c9e6ee1e6ee:c-1]
2019-08-20 17:08:29,789 INFO  container.ReplicationManager (ReplicationManager.java:start(155)) - Starting Replication Monitor Thread.
2019-08-20 17:08:29,794 INFO  container.ReplicationManager (ReplicationManager.java:run(207)) - Replication Monitor Thread took 4 milliseconds for processing 1 containers.
2019-08-20 17:08:30,686 INFO  client.GrpcClientProtocolClient (GrpcClientProtocolClient.java:onNext(255)) - client-0634008F59DF->f2c6fdf1-1b22-4e25-849b-6f41cf78b2b9: receive RaftClientReply:client-0634008F59DF->f2c6fdf1-1b22-4e25-849b-6f41cf78b2b9@group-7561753E64C1, cid=12, FAILED org.apache.ratis.protocol.NotLeaderException: Server f2c6fdf1-1b22-4e25-849b-6f41cf78b2b9 is not the leader (null). Request must be sent to leader., logIndex=0, commits[f2c6fdf1-1b22-4e25-849b-6f41cf78b2b9:c-1]
2019-08-20 17:08:31,719 INFO  client.GrpcClientProtocolClient (GrpcClientProtocolClient.java:onNext(255)) - client-0634008F59DF->87e47e15-6589-405f-974e-8c9e6ee1e6ee: receive RaftClientReply:client-0634008F59DF->87e47e15-6589-405f-974e-8c9e6ee1e6ee@group-7561753E64C1, cid=12, FAILED org.apache.ratis.protocol.NotLeaderException: Server 87e47e15-6589-405f-974e-8c9e6ee1e6ee is not the leader (null). Request must be sent to leader., logIndex=0, commits[87e47e15-6589-405f-974e-8c9e6ee1e6ee:c-1]
2019-08-20 17:08:32,756 INFO  client.GrpcClientProtocolClient (GrpcClientProtocolClient.java:onNext(255)) - client-0634008F59DF->f2c6fdf1-1b22-4e25-849b-6f41cf78b2b9: receive RaftClientReply:client-0634008F59DF->f2c6fdf1-1b22-4e25-849b-6f41cf78b2b9@group-7561753E64C1, cid=12, FAILED org.apache.ratis.protocol.NotLeaderException: Server f2c6fdf1-1b22-4e25-849b-6f41cf78b2b9 is not the leader (null). Request must be sent to leader., logIndex=0, commits[f2c6fdf1-1b22-4e25-849b-6f41cf78b2b9:c-1]
2019-08-20 17:08:33,015 INFO  impl.FollowerState (FollowerState.java:run(106)) - c057a1f0-d88e-4668-8d47-8ac449b5fc09:group-231D331B32E7 changes to CANDIDATE, lastRpcTime:5108, electionTimeout:5107ms
2019-08-20 17:08:33,015 INFO  impl.RoleInfo (RoleInfo.java:shutdownFollowerState(121)) - c057a1f0-d88e-4668-8d47-8ac449b5fc09: shutdown FollowerState
2019-08-20 17:08:33,015 INFO  impl.RaftServerImpl (RaftServerImpl.java:setRole(171)) - c057a1f0-d88e-4668-8d47-8ac449b5fc09:group-231D331B32E7 changes role from FOLLOWER to CANDIDATE at term 0 for changeToCandidate
2019-08-20 17:08:33,019 INFO  impl.RoleInfo (RoleInfo.java:updateAndGet(143)) - c057a1f0-d88e-4668-8d47-8ac449b5fc09: start LeaderElection
2019-08-20 17:08:33,052 INFO  impl.LeaderElection (LeaderElection.java:askForVotes(181)) - c057a1f0-d88e-4668-8d47-8ac449b5fc09:group-231D331B32E7:LeaderElection1: begin an election at term 1 for -1: [c057a1f0-d88e-4668-8d47-8ac449b5fc09:192.168.34.14:45181], old=null
2019-08-20 17:08:33,056 INFO  impl.RoleInfo (RoleInfo.java:shutdownLeaderElection(134)) - c057a1f0-d88e-4668-8d47-8ac449b5fc09: shutdown LeaderElection
2019-08-20 17:08:33,057 INFO  impl.RaftServerImpl (RaftServerImpl.java:setRole(171)) - c057a1f0-d88e-4668-8d47-8ac449b5fc09:group-231D331B32E7 changes role from CANDIDATE to LEADER at term 1 for changeToLeader
2019-08-20 17:08:33,057 INFO  impl.RaftServerImpl (ServerState.java:setLeader(263)) - c057a1f0-d88e-4668-8d47-8ac449b5fc09:group-231D331B32E7 change Leader from null to c057a1f0-d88e-4668-8d47-8ac449b5fc09 at term 1 for becomeLeader, leader elected after 5223ms
2019-08-20 17:08:33,070 INFO  server.RaftServerConfigKeys (ConfUtils.java:logGet(43)) - raft.server.staging.catchup.gap = 1000 (default)
2019-08-20 17:08:33,070 INFO  server.RaftServerConfigKeys (ConfUtils.java:logGet(43)) - raft.server.rpc.sleep.time = 25ms (default)
2019-08-20 17:08:33,074 INFO  server.RaftServerConfigKeys (ConfUtils.java:logGet(43)) - raft.server.write.element-limit = 4096 (default)
2019-08-20 17:08:33,078 INFO  server.RaftServerConfigKeys (ConfUtils.java:logGet(43)) - raft.server.watch.timeout = 10s (default)
2019-08-20 17:08:33,078 INFO  server.RaftServerConfigKeys (ConfUtils.java:logGet(43)) - raft.server.watch.timeout.denomination = 1s (default)
2019-08-20 17:08:33,079 INFO  server.RaftServerConfigKeys (ConfUtils.java:logGet(43)) - raft.server.watch.element-limit = 65536 (default)
2019-08-20 17:08:33,090 INFO  impl.RoleInfo (RoleInfo.java:updateAndGet(143)) - c057a1f0-d88e-4668-8d47-8ac449b5fc09: start LeaderState
2019-08-20 17:08:33,116 INFO  segmented.SegmentedRaftLogWorker (SegmentedRaftLogWorker.java:startLogSegment(380)) - c057a1f0-d88e-4668-8d47-8ac449b5fc09-SegmentedRaftLogWorker:Storage Directory /workdir/hadoop-ozone/integration-test/target/test-dir/MiniOzoneClusterImpl-40e3faef-9509-4a9d-94a1-11f1cb84446b/datanode-0/data/ratis/72a59a1a-2eef-4802-bb38-231d331b32e7: Starting segment from index:0
2019-08-20 17:08:33,126 INFO  impl.RaftServerImpl (ServerState.java:setRaftConf(361)) - c057a1f0-d88e-4668-8d47-8ac449b5fc09:group-231D331B32E7 set configuration 0: [c057a1f0-d88e-4668-8d47-8ac449b5fc09:192.168.34.14:45181], old=null at 0
2019-08-20 17:08:33,187 INFO  impl.FollowerState (FollowerState.java:run(106)) - ec509022-aa0f-4f73-9e4d-21dab8bfeb55:group-81370D31919A changes to CANDIDATE, lastRpcTime:5033, electionTimeout:5027ms
2019-08-20 17:08:33,189 INFO  impl.RoleInfo (RoleInfo.java:shutdownFollowerState(121)) - ec509022-aa0f-4f73-9e4d-21dab8bfeb55: shutdown FollowerState
2019-08-20 17:08:33,190 INFO  impl.RaftServerImpl (RaftServerImpl.java:setRole(171)) - ec509022-aa0f-4f73-9e4d-21dab8bfeb55:group-81370D31919A changes role from FOLLOWER to CANDIDATE at term 0 for changeToCandidate
2019-08-20 17:08:33,200 INFO  impl.RoleInfo (RoleInfo.java:updateAndGet(143)) - ec509022-aa0f-4f73-9e4d-21dab8bfeb55: start LeaderElection
2019-08-20 17:08:33,225 INFO  impl.LeaderElection (LeaderElection.java:askForVotes(181)) - ec509022-aa0f-4f73-9e4d-21dab8bfeb55:group-81370D31919A:LeaderElection2: begin an election at term 1 for -1: [ec509022-aa0f-4f73-9e4d-21dab8bfeb55:192.168.34.14:35309], old=null
2019-08-20 17:08:33,227 INFO  impl.RoleInfo (RoleInfo.java:shutdownLeaderElection(134)) - ec509022-aa0f-4f73-9e4d-21dab8bfeb55: shutdown LeaderElection
2019-08-20 17:08:33,227 INFO  impl.RaftServerImpl (RaftServerImpl.java:setRole(171)) - ec509022-aa0f-4f73-9e4d-21dab8bfeb55:group-81370D31919A changes role from CANDIDATE to LEADER at term 1 for changeToLeader
2019-08-20 17:08:33,227 INFO  impl.RaftServerImpl (ServerState.java:setLeader(263)) - ec509022-aa0f-4f73-9e4d-21dab8bfeb55:group-81370D31919A change Leader from null to ec509022-aa0f-4f73-9e4d-21dab8bfeb55 at term 1 for becomeLeader, leader elected after 5078ms
2019-08-20 17:08:33,229 INFO  server.RaftServerConfigKeys (ConfUtils.java:logGet(43)) - raft.server.staging.catchup.gap = 1000 (default)
2019-08-20 17:08:33,229 INFO  server.RaftServerConfigKeys (ConfUtils.java:logGet(43)) - raft.server.rpc.sleep.time = 25ms (default)
2019-08-20 17:08:33,230 INFO  server.RaftServerConfigKeys (ConfUtils.java:logGet(43)) - raft.server.write.element-limit = 4096 (default)
2019-08-20 17:08:33,230 INFO  server.RaftServerConfigKeys (ConfUtils.java:logGet(43)) - raft.server.watch.timeout = 10s (default)
2019-08-20 17:08:33,230 INFO  server.RaftServerConfigKeys (ConfUtils.java:logGet(43)) - raft.server.watch.timeout.denomination = 1s (default)
2019-08-20 17:08:33,230 INFO  server.RaftServerConfigKeys (ConfUtils.java:logGet(43)) - raft.server.watch.element-limit = 65536 (default)
2019-08-20 17:08:33,231 INFO  impl.RoleInfo (RoleInfo.java:updateAndGet(143)) - ec509022-aa0f-4f73-9e4d-21dab8bfeb55: start LeaderState
2019-08-20 17:08:33,231 INFO  segmented.SegmentedRaftLogWorker (SegmentedRaftLogWorker.java:startLogSegment(380)) - ec509022-aa0f-4f73-9e4d-21dab8bfeb55-SegmentedRaftLogWorker:Storage Directory /workdir/hadoop-ozone/integration-test/target/test-dir/MiniOzoneClusterImpl-40e3faef-9509-4a9d-94a1-11f1cb84446b/datanode-5/data/ratis/fe11695c-aba3-4db0-a052-81370d31919a: Starting segment from index:0
2019-08-20 17:08:33,232 INFO  impl.RaftServerImpl (ServerState.java:setRaftConf(361)) - ec509022-aa0f-4f73-9e4d-21dab8bfeb55:group-81370D31919A set configuration 0: [ec509022-aa0f-4f73-9e4d-21dab8bfeb55:192.168.34.14:35309], old=null at 0
2019-08-20 17:08:33,250 INFO  impl.FollowerState (FollowerState.java:run(106)) - 0d52cd0d-5887-4861-9f74-56217e1a0f56:group-DB613E1BF27F changes to CANDIDATE, lastRpcTime:5179, electionTimeout:5178ms
2019-08-20 17:08:33,250 INFO  impl.RoleInfo (RoleInfo.java:shutdownFollowerState(121)) - 0d52cd0d-5887-4861-9f74-56217e1a0f56: shutdown FollowerState
2019-08-20 17:08:33,250 INFO  impl.RaftServerImpl (RaftServerImpl.java:setRole(171)) - 0d52cd0d-5887-4861-9f74-56217e1a0f56:group-DB613E1BF27F changes role from FOLLOWER to CANDIDATE at term 0 for changeToCandidate
2019-08-20 17:08:33,251 INFO  impl.RoleInfo (RoleInfo.java:updateAndGet(143)) - 0d52cd0d-5887-4861-9f74-56217e1a0f56: start LeaderElection
2019-08-20 17:08:33,269 INFO  impl.LeaderElection (LeaderElection.java:askForVotes(181)) - 0d52cd0d-5887-4861-9f74-56217e1a0f56:group-DB613E1BF27F:LeaderElection3: begin an election at term 1 for -1: [0d52cd0d-5887-4861-9f74-56217e1a0f56:192.168.34.14:34135], old=null
2019-08-20 17:08:33,269 INFO  impl.RoleInfo (RoleInfo.java:shutdownLeaderElection(134)) - 0d52cd0d-5887-4861-9f74-56217e1a0f56: shutdown LeaderElection
2019-08-20 17:08:33,270 INFO  impl.RaftServerImpl (RaftServerImpl.java:setRole(171)) - 0d52cd0d-5887-4861-9f74-56217e1a0f56:group-DB613E1BF27F changes role from CANDIDATE to LEADER at term 1 for changeToLeader
2019-08-20 17:08:33,270 INFO  impl.RaftServerImpl (ServerState.java:setLeader(263)) - 0d52cd0d-5887-4861-9f74-56217e1a0f56:group-DB613E1BF27F change Leader from null to 0d52cd0d-5887-4861-9f74-56217e1a0f56 at term 1 for becomeLeader, leader elected after 5206ms
2019-08-20 17:08:33,271 INFO  server.RaftServerConfigKeys (ConfUtils.java:logGet(43)) - raft.server.staging.catchup.gap = 1000 (default)
2019-08-20 17:08:33,272 INFO  server.RaftServerConfigKeys (ConfUtils.java:logGet(43)) - raft.server.rpc.sleep.time = 25ms (default)
2019-08-20 17:08:33,272 INFO  server.RaftServerConfigKeys (ConfUtils.java:logGet(43)) - raft.server.write.element-limit = 4096 (default)
2019-08-20 17:08:33,272 INFO  server.RaftServerConfigKeys (ConfUtils.java:logGet(43)) - raft.server.watch.timeout = 10s (default)
2019-08-20 17:08:33,272 INFO  server.RaftServerConfigKeys (ConfUtils.java:logGet(43)) - raft.server.watch.timeout.denomination = 1s (default)
2019-08-20 17:08:33,272 INFO  server.RaftServerConfigKeys (ConfUtils.java:logGet(43)) - raft.server.watch.element-limit = 65536 (default)
2019-08-20 17:08:33,273 INFO  impl.RoleInfo (RoleInfo.java:updateAndGet(143)) - 0d52cd0d-5887-4861-9f74-56217e1a0f56: start LeaderState
2019-08-20 17:08:33,273 INFO  segmented.SegmentedRaftLogWorker (SegmentedRaftLogWorker.java:startLogSegment(380)) - 0d52cd0d-5887-4861-9f74-56217e1a0f56-SegmentedRaftLogWorker:Storage Directory /workdir/hadoop-ozone/integration-test/target/test-dir/MiniOzoneClusterImpl-40e3faef-9509-4a9d-94a1-11f1cb84446b/datanode-1/data/ratis/58e29b13-2962-44ad-b056-db613e1bf27f: Starting segment from index:0
2019-08-20 17:08:33,273 INFO  impl.RaftServerImpl (ServerState.java:setRaftConf(361)) - 0d52cd0d-5887-4861-9f74-56217e1a0f56:group-DB613E1BF27F set configuration 0: [0d52cd0d-5887-4861-9f74-56217e1a0f56:192.168.34.14:34135], old=null at 0
2019-08-20 17:08:33,294 INFO  impl.FollowerState (FollowerState.java:run(106)) - 92916cba-8e63-46d5-806b-8e4a4e94b08c:group-015CA52D798B changes to CANDIDATE, lastRpcTime:5073, electionTimeout:5073ms
2019-08-20 17:08:33,294 INFO  impl.RoleInfo (RoleInfo.java:shutdownFollowerState(121)) - 92916cba-8e63-46d5-806b-8e4a4e94b08c: shutdown FollowerState
2019-08-20 17:08:33,294 INFO  impl.RaftServerImpl (RaftServerImpl.java:setRole(171)) - 92916cba-8e63-46d5-806b-8e4a4e94b08c:group-015CA52D798B changes role from FOLLOWER to CANDIDATE at term 0 for changeToCandidate
2019-08-20 17:08:33,295 INFO  impl.RoleInfo (RoleInfo.java:updateAndGet(143)) - 92916cba-8e63-46d5-806b-8e4a4e94b08c: start LeaderElection
2019-08-20 17:08:33,313 INFO  impl.LeaderElection (LeaderElection.java:askForVotes(181)) - 92916cba-8e63-46d5-806b-8e4a4e94b08c:group-015CA52D798B:LeaderElection4: begin an election at term 1 for -1: [92916cba-8e63-46d5-806b-8e4a4e94b08c:192.168.34.14:45686], old=null
2019-08-20 17:08:33,313 INFO  impl.RoleInfo (RoleInfo.java:shutdownLeaderElection(134)) - 92916cba-8e63-46d5-806b-8e4a4e94b08c: shutdown LeaderElection
2019-08-20 17:08:33,313 INFO  impl.RaftServerImpl (RaftServerImpl.java:setRole(171)) - 92916cba-8e63-46d5-806b-8e4a4e94b08c:group-015CA52D798B changes role from CANDIDATE to LEADER at term 1 for changeToLeader
2019-08-20 17:08:33,313 INFO  impl.RaftServerImpl (ServerState.java:setLeader(263)) - 92916cba-8e63-46d5-806b-8e4a4e94b08c:group-015CA52D798B change Leader from null to 92916cba-8e63-46d5-806b-8e4a4e94b08c at term 1 for becomeLeader, leader elected after 5096ms
2019-08-20 17:08:33,315 INFO  server.RaftServerConfigKeys (ConfUtils.java:logGet(43)) - raft.server.staging.catchup.gap = 1000 (default)
2019-08-20 17:08:33,315 INFO  server.RaftServerConfigKeys (ConfUtils.java:logGet(43)) - raft.server.rpc.sleep.time = 25ms (default)
2019-08-20 17:08:33,316 INFO  server.RaftServerConfigKeys (ConfUtils.java:logGet(43)) - raft.server.write.element-limit = 4096 (default)
2019-08-20 17:08:33,316 INFO  server.RaftServerConfigKeys (ConfUtils.java:logGet(43)) - raft.server.watch.timeout = 10s (default)
2019-08-20 17:08:33,316 INFO  server.RaftServerConfigKeys (ConfUtils.java:logGet(43)) - raft.server.watch.timeout.denomination = 1s (default)
2019-08-20 17:08:33,316 INFO  server.RaftServerConfigKeys (ConfUtils.java:logGet(43)) - raft.server.watch.element-limit = 65536 (default)
2019-08-20 17:08:33,316 INFO  impl.RoleInfo (RoleInfo.java:updateAndGet(143)) - 92916cba-8e63-46d5-806b-8e4a4e94b08c: start LeaderState
2019-08-20 17:08:33,317 INFO  segmented.SegmentedRaftLogWorker (SegmentedRaftLogWorker.java:startLogSegment(380)) - 92916cba-8e63-46d5-806b-8e4a4e94b08c-SegmentedRaftLogWorker:Storage Directory /workdir/hadoop-ozone/integration-test/target/test-dir/MiniOzoneClusterImpl-40e3faef-9509-4a9d-94a1-11f1cb84446b/datanode-3/data/ratis/13d0dfe8-e2f4-4dee-b37e-015ca52d798b: Starting segment from index:0
2019-08-20 17:08:33,317 INFO  impl.RaftServerImpl (ServerState.java:setRaftConf(361)) - 92916cba-8e63-46d5-806b-8e4a4e94b08c:group-015CA52D798B set configuration 0: [92916cba-8e63-46d5-806b-8e4a4e94b08c:192.168.34.14:45686], old=null at 0
2019-08-20 17:08:33,377 INFO  impl.FollowerState (FollowerState.java:run(106)) - 87e47e15-6589-405f-974e-8c9e6ee1e6ee:group-2D6E28F7C928 changes to CANDIDATE, lastRpcTime:5094, electionTimeout:5094ms
2019-08-20 17:08:33,377 INFO  impl.RoleInfo (RoleInfo.java:shutdownFollowerState(121)) - 87e47e15-6589-405f-974e-8c9e6ee1e6ee: shutdown FollowerState
2019-08-20 17:08:33,377 INFO  impl.RaftServerImpl (RaftServerImpl.java:setRole(171)) - 87e47e15-6589-405f-974e-8c9e6ee1e6ee:group-2D6E28F7C928 changes role from FOLLOWER to CANDIDATE at term 0 for changeToCandidate
2019-08-20 17:08:33,377 INFO  impl.RoleInfo (RoleInfo.java:updateAndGet(143)) - 87e47e15-6589-405f-974e-8c9e6ee1e6ee: start LeaderElection
2019-08-20 17:08:33,411 INFO  segmented.SegmentedRaftLogWorker (SegmentedRaftLogWorker.java:execute(569)) - c057a1f0-d88e-4668-8d47-8ac449b5fc09-SegmentedRaftLogWorker:Storage Directory /workdir/hadoop-ozone/integration-test/target/test-dir/MiniOzoneClusterImpl-40e3faef-9509-4a9d-94a1-11f1cb84446b/datanode-0/data/ratis/72a59a1a-2eef-4802-bb38-231d331b32e7: created new log segment /workdir/hadoop-ozone/integration-test/target/test-dir/MiniOzoneClusterImpl-40e3faef-9509-4a9d-94a1-11f1cb84446b/datanode-0/data/ratis/72a59a1a-2eef-4802-bb38-231d331b32e7/current/log_inprogress_0
2019-08-20 17:08:33,411 INFO  impl.LeaderElection (LeaderElection.java:askForVotes(181)) - 87e47e15-6589-405f-974e-8c9e6ee1e6ee:group-2D6E28F7C928:LeaderElection5: begin an election at term 1 for -1: [87e47e15-6589-405f-974e-8c9e6ee1e6ee:192.168.34.14:33565], old=null
2019-08-20 17:08:33,411 INFO  segmented.SegmentedRaftLogWorker (SegmentedRaftLogWorker.java:execute(569)) - 0d52cd0d-5887-4861-9f74-56217e1a0f56-SegmentedRaftLogWorker:Storage Directory /workdir/hadoop-ozone/integration-test/target/test-dir/MiniOzoneClusterImpl-40e3faef-9509-4a9d-94a1-11f1cb84446b/datanode-1/data/ratis/58e29b13-2962-44ad-b056-db613e1bf27f: created new log segment /workdir/hadoop-ozone/integration-test/target/test-dir/MiniOzoneClusterImpl-40e3faef-9509-4a9d-94a1-11f1cb84446b/datanode-1/data/ratis/58e29b13-2962-44ad-b056-db613e1bf27f/current/log_inprogress_0
2019-08-20 17:08:33,411 INFO  segmented.SegmentedRaftLogWorker (SegmentedRaftLogWorker.java:execute(569)) - ec509022-aa0f-4f73-9e4d-21dab8bfeb55-SegmentedRaftLogWorker:Storage Directory /workdir/hadoop-ozone/integration-test/target/test-dir/MiniOzoneClusterImpl-40e3faef-9509-4a9d-94a1-11f1cb84446b/datanode-5/data/ratis/fe11695c-aba3-4db0-a052-81370d31919a: created new log segment /workdir/hadoop-ozone/integration-test/target/test-dir/MiniOzoneClusterImpl-40e3faef-9509-4a9d-94a1-11f1cb84446b/datanode-5/data/ratis/fe11695c-aba3-4db0-a052-81370d31919a/current/log_inprogress_0
2019-08-20 17:08:33,411 INFO  segmented.SegmentedRaftLogWorker (SegmentedRaftLogWorker.java:execute(569)) - 92916cba-8e63-46d5-806b-8e4a4e94b08c-SegmentedRaftLogWorker:Storage Directory /workdir/hadoop-ozone/integration-test/target/test-dir/MiniOzoneClusterImpl-40e3faef-9509-4a9d-94a1-11f1cb84446b/datanode-3/data/ratis/13d0dfe8-e2f4-4dee-b37e-015ca52d798b: created new log segment /workdir/hadoop-ozone/integration-test/target/test-dir/MiniOzoneClusterImpl-40e3faef-9509-4a9d-94a1-11f1cb84446b/datanode-3/data/ratis/13d0dfe8-e2f4-4dee-b37e-015ca52d798b/current/log_inprogress_0
2019-08-20 17:08:33,413 INFO  impl.RoleInfo (RoleInfo.java:shutdownLeaderElection(134)) - 87e47e15-6589-405f-974e-8c9e6ee1e6ee: shutdown LeaderElection
2019-08-20 17:08:33,418 INFO  impl.RaftServerImpl (RaftServerImpl.java:setRole(171)) - 87e47e15-6589-405f-974e-8c9e6ee1e6ee:group-2D6E28F7C928 changes role from CANDIDATE to LEADER at term 1 for changeToLeader
2019-08-20 17:08:33,418 INFO  impl.RaftServerImpl (ServerState.java:setLeader(263)) - 87e47e15-6589-405f-974e-8c9e6ee1e6ee:group-2D6E28F7C928 change Leader from null to 87e47e15-6589-405f-974e-8c9e6ee1e6ee at term 1 for becomeLeader, leader elected after 5141ms
2019-08-20 17:08:33,420 INFO  server.RaftServerConfigKeys (ConfUtils.java:logGet(43)) - raft.server.staging.catchup.gap = 1000 (default)
2019-08-20 17:08:33,422 INFO  server.RaftServerConfigKeys (ConfUtils.java:logGet(43)) - raft.server.rpc.sleep.time = 25ms (default)
2019-08-20 17:08:33,422 INFO  server.RaftServerConfigKeys (ConfUtils.java:logGet(43)) - raft.server.write.element-limit = 4096 (default)
2019-08-20 17:08:33,422 INFO  server.RaftServerConfigKeys (ConfUtils.java:logGet(43)) - raft.server.watch.timeout = 10s (default)
2019-08-20 17:08:33,423 INFO  server.RaftServerConfigKeys (ConfUtils.java:logGet(43)) - raft.server.watch.timeout.denomination = 1s (default)
2019-08-20 17:08:33,423 INFO  server.RaftServerConfigKeys (ConfUtils.java:logGet(43)) - raft.server.watch.element-limit = 65536 (default)
2019-08-20 17:08:33,423 INFO  impl.RoleInfo (RoleInfo.java:updateAndGet(143)) - 87e47e15-6589-405f-974e-8c9e6ee1e6ee: start LeaderState
2019-08-20 17:08:33,424 INFO  segmented.SegmentedRaftLogWorker (SegmentedRaftLogWorker.java:startLogSegment(380)) - 87e47e15-6589-405f-974e-8c9e6ee1e6ee-SegmentedRaftLogWorker:Storage Directory /workdir/hadoop-ozone/integration-test/target/test-dir/MiniOzoneClusterImpl-40e3faef-9509-4a9d-94a1-11f1cb84446b/datanode-2/data/ratis/9b755f65-c8d2-48df-8f88-2d6e28f7c928: Starting segment from index:0
2019-08-20 17:08:33,424 INFO  impl.RaftServerImpl (ServerState.java:setRaftConf(361)) - 87e47e15-6589-405f-974e-8c9e6ee1e6ee:group-2D6E28F7C928 set configuration 0: [87e47e15-6589-405f-974e-8c9e6ee1e6ee:192.168.34.14:33565], old=null at 0
2019-08-20 17:08:33,455 INFO  segmented.SegmentedRaftLogWorker (SegmentedRaftLogWorker.java:execute(569)) - 87e47e15-6589-405f-974e-8c9e6ee1e6ee-SegmentedRaftLogWorker:Storage Directory /workdir/hadoop-ozone/integration-test/target/test-dir/MiniOzoneClusterImpl-40e3faef-9509-4a9d-94a1-11f1cb84446b/datanode-2/data/ratis/9b755f65-c8d2-48df-8f88-2d6e28f7c928: created new log segment /workdir/hadoop-ozone/integration-test/target/test-dir/MiniOzoneClusterImpl-40e3faef-9509-4a9d-94a1-11f1cb84446b/datanode-2/data/ratis/9b755f65-c8d2-48df-8f88-2d6e28f7c928/current/log_inprogress_0
2019-08-20 17:08:33,488 INFO  impl.FollowerState (FollowerState.java:run(106)) - 0d52cd0d-5887-4861-9f74-56217e1a0f56:group-2EABACF192D0 changes to CANDIDATE, lastRpcTime:5030, electionTimeout:5028ms
2019-08-20 17:08:33,489 INFO  impl.RoleInfo (RoleInfo.java:shutdownFollowerState(121)) - 0d52cd0d-5887-4861-9f74-56217e1a0f56: shutdown FollowerState
2019-08-20 17:08:33,489 INFO  impl.RaftServerImpl (RaftServerImpl.java:setRole(171)) - 0d52cd0d-5887-4861-9f74-56217e1a0f56:group-2EABACF192D0 changes role from FOLLOWER to CANDIDATE at term 0 for changeToCandidate
2019-08-20 17:08:33,489 INFO  impl.RoleInfo (RoleInfo.java:updateAndGet(143)) - 0d52cd0d-5887-4861-9f74-56217e1a0f56: start LeaderElection
2019-08-20 17:08:33,508 INFO  impl.LeaderElection (LeaderElection.java:askForVotes(181)) - 0d52cd0d-5887-4861-9f74-56217e1a0f56:group-2EABACF192D0:LeaderElection6: begin an election at term 1 for -1: [92916cba-8e63-46d5-806b-8e4a4e94b08c:192.168.34.14:45686, 0d52cd0d-5887-4861-9f74-56217e1a0f56:192.168.34.14:34135, ec509022-aa0f-4f73-9e4d-21dab8bfeb55:192.168.34.14:35309], old=null
2019-08-20 17:08:33,536 INFO  impl.FollowerState (FollowerState.java:run(106)) - f2c6fdf1-1b22-4e25-849b-6f41cf78b2b9:group-AC71AD021617 changes to CANDIDATE, lastRpcTime:5186, electionTimeout:5186ms
2019-08-20 17:08:33,536 INFO  impl.RoleInfo (RoleInfo.java:shutdownFollowerState(121)) - f2c6fdf1-1b22-4e25-849b-6f41cf78b2b9: shutdown FollowerState
2019-08-20 17:08:33,536 INFO  impl.RaftServerImpl (RaftServerImpl.java:setRole(171)) - f2c6fdf1-1b22-4e25-849b-6f41cf78b2b9:group-AC71AD021617 changes role from FOLLOWER to CANDIDATE at term 0 for changeToCandidate
2019-08-20 17:08:33,536 INFO  impl.RoleInfo (RoleInfo.java:updateAndGet(143)) - f2c6fdf1-1b22-4e25-849b-6f41cf78b2b9: start LeaderElection
2019-08-20 17:08:33,550 INFO  impl.RaftServerImpl (RaftServerImpl.java:setRole(171)) - 92916cba-8e63-46d5-806b-8e4a4e94b08c:group-2EABACF192D0 changes role from FOLLOWER to FOLLOWER at term 1 for recognizeCandidate:0d52cd0d-5887-4861-9f74-56217e1a0f56
2019-08-20 17:08:33,550 INFO  impl.RaftServerImpl (RaftServerImpl.java:setRole(171)) - ec509022-aa0f-4f73-9e4d-21dab8bfeb55:group-2EABACF192D0 changes role from FOLLOWER to FOLLOWER at term 1 for recognizeCandidate:0d52cd0d-5887-4861-9f74-56217e1a0f56
2019-08-20 17:08:33,550 INFO  impl.RoleInfo (RoleInfo.java:shutdownFollowerState(121)) - 92916cba-8e63-46d5-806b-8e4a4e94b08c: shutdown FollowerState
2019-08-20 17:08:33,550 INFO  impl.RoleInfo (RoleInfo.java:shutdownFollowerState(121)) - ec509022-aa0f-4f73-9e4d-21dab8bfeb55: shutdown FollowerState
2019-08-20 17:08:33,551 INFO  impl.RoleInfo (RoleInfo.java:updateAndGet(143)) - 92916cba-8e63-46d5-806b-8e4a4e94b08c: start FollowerState
2019-08-20 17:08:33,551 INFO  impl.FollowerState (FollowerState.java:run(114)) - 92916cba-8e63-46d5-806b-8e4a4e94b08c: FollowerState was interrupted: java.lang.InterruptedException: sleep interrupted
2019-08-20 17:08:33,551 INFO  impl.RoleInfo (RoleInfo.java:updateAndGet(143)) - ec509022-aa0f-4f73-9e4d-21dab8bfeb55: start FollowerState
2019-08-20 17:08:33,553 INFO  impl.FollowerState (FollowerState.java:run(114)) - ec509022-aa0f-4f73-9e4d-21dab8bfeb55: FollowerState was interrupted: java.lang.InterruptedException: sleep interrupted
2019-08-20 17:08:33,555 INFO  impl.LeaderElection (LeaderElection.java:askForVotes(181)) - f2c6fdf1-1b22-4e25-849b-6f41cf78b2b9:group-AC71AD021617:LeaderElection7: begin an election at term 1 for -1: [f2c6fdf1-1b22-4e25-849b-6f41cf78b2b9:192.168.34.14:46105], old=null
2019-08-20 17:08:33,555 INFO  impl.RoleInfo (RoleInfo.java:shutdownLeaderElection(134)) - f2c6fdf1-1b22-4e25-849b-6f41cf78b2b9: shutdown LeaderElection
2019-08-20 17:08:33,555 INFO  impl.RaftServerImpl (RaftServerImpl.java:setRole(171)) - f2c6fdf1-1b22-4e25-849b-6f41cf78b2b9:group-AC71AD021617 changes role from CANDIDATE to LEADER at term 1 for changeToLeader
2019-08-20 17:08:33,556 INFO  impl.RaftServerImpl (ServerState.java:setLeader(263)) - f2c6fdf1-1b22-4e25-849b-6f41cf78b2b9:group-AC71AD021617 change Leader from null to f2c6fdf1-1b22-4e25-849b-6f41cf78b2b9 at term 1 for becomeLeader, leader elected after 5209ms
2019-08-20 17:08:33,557 INFO  server.RaftServerConfigKeys (ConfUtils.java:logGet(43)) - raft.server.staging.catchup.gap = 1000 (default)
2019-08-20 17:08:33,557 INFO  server.RaftServerConfigKeys (ConfUtils.java:logGet(43)) - raft.server.rpc.sleep.time = 25ms (default)
2019-08-20 17:08:33,558 INFO  server.RaftServerConfigKeys (ConfUtils.java:logGet(43)) - raft.server.write.element-limit = 4096 (default)
2019-08-20 17:08:33,558 INFO  server.RaftServerConfigKeys (ConfUtils.java:logGet(43)) - raft.server.watch.timeout = 10s (default)
2019-08-20 17:08:33,558 INFO  server.RaftServerConfigKeys (ConfUtils.java:logGet(43)) - raft.server.watch.timeout.denomination = 1s (default)
2019-08-20 17:08:33,558 INFO  server.RaftServerConfigKeys (ConfUtils.java:logGet(43)) - raft.server.watch.element-limit = 65536 (default)
2019-08-20 17:08:33,558 INFO  impl.RoleInfo (RoleInfo.java:updateAndGet(143)) - f2c6fdf1-1b22-4e25-849b-6f41cf78b2b9: start LeaderState
2019-08-20 17:08:33,559 INFO  segmented.SegmentedRaftLogWorker (SegmentedRaftLogWorker.java:startLogSegment(380)) - f2c6fdf1-1b22-4e25-849b-6f41cf78b2b9-SegmentedRaftLogWorker:Storage Directory /workdir/hadoop-ozone/integration-test/target/test-dir/MiniOzoneClusterImpl-40e3faef-9509-4a9d-94a1-11f1cb84446b/datanode-4/data/ratis/53cc7d54-000c-42fb-b54e-ac71ad021617: Starting segment from index:0
2019-08-20 17:08:33,559 INFO  impl.RaftServerImpl (ServerState.java:setRaftConf(361)) - f2c6fdf1-1b22-4e25-849b-6f41cf78b2b9:group-AC71AD021617 set configuration 0: [f2c6fdf1-1b22-4e25-849b-6f41cf78b2b9:192.168.34.14:46105], old=null at 0
2019-08-20 17:08:33,591 INFO  segmented.SegmentedRaftLogWorker (SegmentedRaftLogWorker.java:execute(569)) - f2c6fdf1-1b22-4e25-849b-6f41cf78b2b9-SegmentedRaftLogWorker:Storage Directory /workdir/hadoop-ozone/integration-test/target/test-dir/MiniOzoneClusterImpl-40e3faef-9509-4a9d-94a1-11f1cb84446b/datanode-4/data/ratis/53cc7d54-000c-42fb-b54e-ac71ad021617: created new log segment /workdir/hadoop-ozone/integration-test/target/test-dir/MiniOzoneClusterImpl-40e3faef-9509-4a9d-94a1-11f1cb84446b/datanode-4/data/ratis/53cc7d54-000c-42fb-b54e-ac71ad021617/current/log_inprogress_0
2019-08-20 17:08:33,610 INFO  impl.LeaderElection (LeaderElection.java:logAndReturn(56)) - 0d52cd0d-5887-4861-9f74-56217e1a0f56:group-2EABACF192D0:LeaderElection6: Election PASSED; received 1 response(s) [0d52cd0d-5887-4861-9f74-56217e1a0f56<-ec509022-aa0f-4f73-9e4d-21dab8bfeb55#0:OK-t1] and 0 exception(s); 0d52cd0d-5887-4861-9f74-56217e1a0f56:t1, leader=null, voted=0d52cd0d-5887-4861-9f74-56217e1a0f56, raftlog=0d52cd0d-5887-4861-9f74-56217e1a0f56-SegmentedRaftLog:OPENED:c-1,f-1,i0, conf=-1: [92916cba-8e63-46d5-806b-8e4a4e94b08c:192.168.34.14:45686, 0d52cd0d-5887-4861-9f74-56217e1a0f56:192.168.34.14:34135, ec509022-aa0f-4f73-9e4d-21dab8bfeb55:192.168.34.14:35309], old=null
2019-08-20 17:08:33,610 INFO  impl.RoleInfo (RoleInfo.java:shutdownLeaderElection(134)) - 0d52cd0d-5887-4861-9f74-56217e1a0f56: shutdown LeaderElection
2019-08-20 17:08:33,611 INFO  impl.RaftServerImpl (RaftServerImpl.java:setRole(171)) - 0d52cd0d-5887-4861-9f74-56217e1a0f56:group-2EABACF192D0 changes role from CANDIDATE to LEADER at term 1 for changeToLeader
2019-08-20 17:08:33,614 INFO  impl.RaftServerImpl (ServerState.java:setLeader(263)) - 0d52cd0d-5887-4861-9f74-56217e1a0f56:group-2EABACF192D0 change Leader from null to 0d52cd0d-5887-4861-9f74-56217e1a0f56 at term 1 for becomeLeader, leader elected after 5173ms
2019-08-20 17:08:33,614 INFO  server.RaftServerConfigKeys (ConfUtils.java:logGet(43)) - raft.server.staging.catchup.gap = 1000 (default)
2019-08-20 17:08:33,614 INFO  server.RaftServerConfigKeys (ConfUtils.java:logGet(43)) - raft.server.rpc.sleep.time = 25ms (default)
2019-08-20 17:08:33,614 INFO  server.RaftServerConfigKeys (ConfUtils.java:logGet(43)) - raft.server.write.element-limit = 4096 (default)
2019-08-20 17:08:33,615 INFO  server.RaftServerConfigKeys (ConfUtils.java:logGet(43)) - raft.server.watch.timeout = 10s (default)
2019-08-20 17:08:33,615 INFO  server.RaftServerConfigKeys (ConfUtils.java:logGet(43)) - raft.server.watch.timeout.denomination = 1s (default)
2019-08-20 17:08:33,615 INFO  server.RaftServerConfigKeys (ConfUtils.java:logGet(43)) - raft.server.watch.element-limit = 65536 (default)
2019-08-20 17:08:33,618 INFO  server.RaftServerConfigKeys (ConfUtils.java:logGet(43)) - raft.server.log.appender.snapshot.chunk.size.max = 16MB (=16777216) (default)
2019-08-20 17:08:33,619 INFO  server.RaftServerConfigKeys (ConfUtils.java:logGet(43)) - raft.server.log.appender.buffer.byte-limit = 33554432 (custom)
2019-08-20 17:08:33,619 INFO  server.RaftServerConfigKeys (ConfUtils.java:logGet(43)) - raft.server.log.appender.buffer.element-limit = 1 (custom)
2019-08-20 17:08:33,621 INFO  impl.FollowerState (FollowerState.java:run(106)) - 87e47e15-6589-405f-974e-8c9e6ee1e6ee:group-7561753E64C1 changes to CANDIDATE, lastRpcTime:5054, electionTimeout:5054ms
2019-08-20 17:08:33,627 INFO  impl.RoleInfo (RoleInfo.java:shutdownFollowerState(121)) - 87e47e15-6589-405f-974e-8c9e6ee1e6ee: shutdown FollowerState
2019-08-20 17:08:33,627 INFO  impl.RaftServerImpl (RaftServerImpl.java:setRole(171)) - 87e47e15-6589-405f-974e-8c9e6ee1e6ee:group-7561753E64C1 changes role from FOLLOWER to CANDIDATE at term 0 for changeToCandidate
2019-08-20 17:08:33,627 INFO  impl.RoleInfo (RoleInfo.java:updateAndGet(143)) - 87e47e15-6589-405f-974e-8c9e6ee1e6ee: start LeaderElection
2019-08-20 17:08:33,631 INFO  impl.FollowerState (FollowerState.java:run(106)) - f2c6fdf1-1b22-4e25-849b-6f41cf78b2b9:group-7561753E64C1 changes to CANDIDATE, lastRpcTime:5063, electionTimeout:5061ms
2019-08-20 17:08:33,632 INFO  impl.RoleInfo (RoleInfo.java:shutdownFollowerState(121)) - f2c6fdf1-1b22-4e25-849b-6f41cf78b2b9: shutdown FollowerState
2019-08-20 17:08:33,632 INFO  impl.RaftServerImpl (RaftServerImpl.java:setRole(171)) - f2c6fdf1-1b22-4e25-849b-6f41cf78b2b9:group-7561753E64C1 changes role from FOLLOWER to CANDIDATE at term 0 for changeToCandidate
2019-08-20 17:08:33,632 INFO  grpc.GrpcConfigKeys$Server (ConfUtils.java:logGet(43)) - raft.grpc.server.leader.outstanding.appends.max = 128 (default)
2019-08-20 17:08:33,634 INFO  impl.RoleInfo (RoleInfo.java:updateAndGet(143)) - f2c6fdf1-1b22-4e25-849b-6f41cf78b2b9: start LeaderElection
2019-08-20 17:08:33,634 INFO  server.RaftServerConfigKeys (ConfUtils.java:logGet(43)) - raft.server.rpc.request.timeout = 3000ms (default)
2019-08-20 17:08:33,636 INFO  server.RaftServerConfigKeys (ConfUtils.java:logGet(43)) - raft.server.log.appender.install.snapshot.enabled = false (custom)
2019-08-20 17:08:33,637 INFO  server.RaftServerConfigKeys (ConfUtils.java:logGet(43)) - raft.server.log.appender.snapshot.chunk.size.max = 16MB (=16777216) (default)
2019-08-20 17:08:33,638 INFO  server.RaftServerConfigKeys (ConfUtils.java:logGet(43)) - raft.server.log.appender.buffer.byte-limit = 33554432 (custom)
2019-08-20 17:08:33,638 INFO  server.RaftServerConfigKeys (ConfUtils.java:logGet(43)) - raft.server.log.appender.buffer.element-limit = 1 (custom)
2019-08-20 17:08:33,638 INFO  grpc.GrpcConfigKeys$Server (ConfUtils.java:logGet(43)) - raft.grpc.server.leader.outstanding.appends.max = 128 (default)
2019-08-20 17:08:33,638 INFO  server.RaftServerConfigKeys (ConfUtils.java:logGet(43)) - raft.server.rpc.request.timeout = 3000ms (default)
2019-08-20 17:08:33,639 INFO  server.RaftServerConfigKeys (ConfUtils.java:logGet(43)) - raft.server.log.appender.install.snapshot.enabled = false (custom)
2019-08-20 17:08:33,640 INFO  impl.RoleInfo (RoleInfo.java:updateAndGet(143)) - 0d52cd0d-5887-4861-9f74-56217e1a0f56: start LeaderState
2019-08-20 17:08:33,641 INFO  segmented.SegmentedRaftLogWorker (SegmentedRaftLogWorker.java:startLogSegment(380)) - 0d52cd0d-5887-4861-9f74-56217e1a0f56-SegmentedRaftLogWorker:Storage Directory /workdir/hadoop-ozone/integration-test/target/test-dir/MiniOzoneClusterImpl-40e3faef-9509-4a9d-94a1-11f1cb84446b/datanode-1/data/ratis/206b4468-899d-4ae8-84c4-2eabacf192d0: Starting segment from index:0
2019-08-20 17:08:33,642 INFO  impl.RaftServerImpl (ServerState.java:setRaftConf(361)) - 0d52cd0d-5887-4861-9f74-56217e1a0f56:group-2EABACF192D0 set configuration 0: [92916cba-8e63-46d5-806b-8e4a4e94b08c:192.168.34.14:45686, 0d52cd0d-5887-4861-9f74-56217e1a0f56:192.168.34.14:34135, ec509022-aa0f-4f73-9e4d-21dab8bfeb55:192.168.34.14:35309], old=null at 0
2019-08-20 17:08:33,670 INFO  impl.LeaderElection (LeaderElection.java:askForVotes(181)) - 87e47e15-6589-405f-974e-8c9e6ee1e6ee:group-7561753E64C1:LeaderElection8: begin an election at term 1 for -1: [f2c6fdf1-1b22-4e25-849b-6f41cf78b2b9:192.168.34.14:46105, c057a1f0-d88e-4668-8d47-8ac449b5fc09:192.168.34.14:45181, 87e47e15-6589-405f-974e-8c9e6ee1e6ee:192.168.34.14:33565], old=null
2019-08-20 17:08:33,672 INFO  impl.LeaderElection (LeaderElection.java:askForVotes(181)) - f2c6fdf1-1b22-4e25-849b-6f41cf78b2b9:group-7561753E64C1:LeaderElection9: begin an election at term 1 for -1: [f2c6fdf1-1b22-4e25-849b-6f41cf78b2b9:192.168.34.14:46105, c057a1f0-d88e-4668-8d47-8ac449b5fc09:192.168.34.14:45181, 87e47e15-6589-405f-974e-8c9e6ee1e6ee:192.168.34.14:33565], old=null
2019-08-20 17:08:33,686 INFO  segmented.SegmentedRaftLogWorker (SegmentedRaftLogWorker.java:execute(569)) - 0d52cd0d-5887-4861-9f74-56217e1a0f56-SegmentedRaftLogWorker:Storage Directory /workdir/hadoop-ozone/integration-test/target/test-dir/MiniOzoneClusterImpl-40e3faef-9509-4a9d-94a1-11f1cb84446b/datanode-1/data/ratis/206b4468-899d-4ae8-84c4-2eabacf192d0: created new log segment /workdir/hadoop-ozone/integration-test/target/test-dir/MiniOzoneClusterImpl-40e3faef-9509-4a9d-94a1-11f1cb84446b/datanode-1/data/ratis/206b4468-899d-4ae8-84c4-2eabacf192d0/current/log_inprogress_0
2019-08-20 17:08:33,696 INFO  impl.FollowerState (FollowerState.java:run(106)) - c057a1f0-d88e-4668-8d47-8ac449b5fc09:group-7561753E64C1 changes to CANDIDATE, lastRpcTime:5136, electionTimeout:5135ms
2019-08-20 17:08:33,697 INFO  impl.RoleInfo (RoleInfo.java:shutdownFollowerState(121)) - c057a1f0-d88e-4668-8d47-8ac449b5fc09: shutdown FollowerState
2019-08-20 17:08:33,697 INFO  impl.RaftServerImpl (RaftServerImpl.java:setRole(171)) - c057a1f0-d88e-4668-8d47-8ac449b5fc09:group-7561753E64C1 changes role from FOLLOWER to CANDIDATE at term 0 for changeToCandidate
2019-08-20 17:08:33,697 INFO  impl.RoleInfo (RoleInfo.java:updateAndGet(143)) - c057a1f0-d88e-4668-8d47-8ac449b5fc09: start LeaderElection
2019-08-20 17:08:33,718 INFO  impl.LeaderElection (LeaderElection.java:askForVotes(181)) - c057a1f0-d88e-4668-8d47-8ac449b5fc09:group-7561753E64C1:LeaderElection10: begin an election at term 1 for -1: [f2c6fdf1-1b22-4e25-849b-6f41cf78b2b9:192.168.34.14:46105, c057a1f0-d88e-4668-8d47-8ac449b5fc09:192.168.34.14:45181, 87e47e15-6589-405f-974e-8c9e6ee1e6ee:192.168.34.14:33565], old=null
2019-08-20 17:08:33,736 INFO  impl.LeaderElection (LeaderElection.java:logAndReturn(56)) - 87e47e15-6589-405f-974e-8c9e6ee1e6ee:group-7561753E64C1:LeaderElection8: Election REJECTED; received 2 response(s) [87e47e15-6589-405f-974e-8c9e6ee1e6ee<-f2c6fdf1-1b22-4e25-849b-6f41cf78b2b9#0:FAIL-t1, 87e47e15-6589-405f-974e-8c9e6ee1e6ee<-c057a1f0-d88e-4668-8d47-8ac449b5fc09#0:FAIL-t1] and 0 exception(s); 87e47e15-6589-405f-974e-8c9e6ee1e6ee:t1, leader=null, voted=87e47e15-6589-405f-974e-8c9e6ee1e6ee, raftlog=87e47e15-6589-405f-974e-8c9e6ee1e6ee-SegmentedRaftLog:OPENED:c-1,f-1,i0, conf=-1: [f2c6fdf1-1b22-4e25-849b-6f41cf78b2b9:192.168.34.14:46105, c057a1f0-d88e-4668-8d47-8ac449b5fc09:192.168.34.14:45181, 87e47e15-6589-405f-974e-8c9e6ee1e6ee:192.168.34.14:33565], old=null
2019-08-20 17:08:33,737 INFO  impl.RaftServerImpl (RaftServerImpl.java:setRole(171)) - 87e47e15-6589-405f-974e-8c9e6ee1e6ee:group-7561753E64C1 changes role from CANDIDATE to FOLLOWER at term 1 for DISCOVERED_A_NEW_TERM
2019-08-20 17:08:33,745 INFO  impl.LeaderElection (LeaderElection.java:logAndReturn(56)) - f2c6fdf1-1b22-4e25-849b-6f41cf78b2b9:group-7561753E64C1:LeaderElection9: Election REJECTED; received 2 response(s) [f2c6fdf1-1b22-4e25-849b-6f41cf78b2b9<-c057a1f0-d88e-4668-8d47-8ac449b5fc09#0:FAIL-t1, f2c6fdf1-1b22-4e25-849b-6f41cf78b2b9<-87e47e15-6589-405f-974e-8c9e6ee1e6ee#0:FAIL-t1] and 0 exception(s); f2c6fdf1-1b22-4e25-849b-6f41cf78b2b9:t1, leader=null, voted=f2c6fdf1-1b22-4e25-849b-6f41cf78b2b9, raftlog=f2c6fdf1-1b22-4e25-849b-6f41cf78b2b9-SegmentedRaftLog:OPENED:c-1,f-1,i0, conf=-1: [f2c6fdf1-1b22-4e25-849b-6f41cf78b2b9:192.168.34.14:46105, c057a1f0-d88e-4668-8d47-8ac449b5fc09:192.168.34.14:45181, 87e47e15-6589-405f-974e-8c9e6ee1e6ee:192.168.34.14:33565], old=null
2019-08-20 17:08:33,747 INFO  impl.RoleInfo (RoleInfo.java:shutdownLeaderElection(134)) - 87e47e15-6589-405f-974e-8c9e6ee1e6ee: shutdown LeaderElection
2019-08-20 17:08:33,747 INFO  impl.RaftServerImpl (RaftServerImpl.java:setRole(171)) - f2c6fdf1-1b22-4e25-849b-6f41cf78b2b9:group-7561753E64C1 changes role from CANDIDATE to FOLLOWER at term 1 for DISCOVERED_A_NEW_TERM
2019-08-20 17:08:33,750 INFO  impl.RoleInfo (RoleInfo.java:shutdownLeaderElection(134)) - f2c6fdf1-1b22-4e25-849b-6f41cf78b2b9: shutdown LeaderElection
2019-08-20 17:08:33,751 INFO  impl.RoleInfo (RoleInfo.java:updateAndGet(143)) - 87e47e15-6589-405f-974e-8c9e6ee1e6ee: start FollowerState
2019-08-20 17:08:33,751 INFO  impl.RoleInfo (RoleInfo.java:updateAndGet(143)) - f2c6fdf1-1b22-4e25-849b-6f41cf78b2b9: start FollowerState
2019-08-20 17:08:33,761 INFO  impl.RaftServerImpl (ServerState.java:setLeader(263)) - ec509022-aa0f-4f73-9e4d-21dab8bfeb55:group-2EABACF192D0 change Leader from null to 0d52cd0d-5887-4861-9f74-56217e1a0f56 at term 1 for appendEntries, leader elected after 5323ms
2019-08-20 17:08:33,763 INFO  impl.RaftServerImpl (ServerState.java:setLeader(263)) - 92916cba-8e63-46d5-806b-8e4a4e94b08c:group-2EABACF192D0 change Leader from null to 0d52cd0d-5887-4861-9f74-56217e1a0f56 at term 1 for appendEntries, leader elected after 5326ms
2019-08-20 17:08:33,775 INFO  impl.LeaderElection (LeaderElection.java:logAndReturn(56)) - c057a1f0-d88e-4668-8d47-8ac449b5fc09:group-7561753E64C1:LeaderElection10: Election REJECTED; received 2 response(s) [c057a1f0-d88e-4668-8d47-8ac449b5fc09<-f2c6fdf1-1b22-4e25-849b-6f41cf78b2b9#0:FAIL-t1, c057a1f0-d88e-4668-8d47-8ac449b5fc09<-87e47e15-6589-405f-974e-8c9e6ee1e6ee#0:FAIL-t1] and 0 exception(s); c057a1f0-d88e-4668-8d47-8ac449b5fc09:t1, leader=null, voted=c057a1f0-d88e-4668-8d47-8ac449b5fc09, raftlog=c057a1f0-d88e-4668-8d47-8ac449b5fc09-SegmentedRaftLog:OPENED:c-1,f-1,i0, conf=-1: [f2c6fdf1-1b22-4e25-849b-6f41cf78b2b9:192.168.34.14:46105, c057a1f0-d88e-4668-8d47-8ac449b5fc09:192.168.34.14:45181, 87e47e15-6589-405f-974e-8c9e6ee1e6ee:192.168.34.14:33565], old=null
2019-08-20 17:08:33,775 INFO  impl.RaftServerImpl (RaftServerImpl.java:setRole(171)) - c057a1f0-d88e-4668-8d47-8ac449b5fc09:group-7561753E64C1 changes role from CANDIDATE to FOLLOWER at term 1 for DISCOVERED_A_NEW_TERM
2019-08-20 17:08:33,776 INFO  impl.RoleInfo (RoleInfo.java:shutdownLeaderElection(134)) - c057a1f0-d88e-4668-8d47-8ac449b5fc09: shutdown LeaderElection
2019-08-20 17:08:33,781 INFO  impl.RoleInfo (RoleInfo.java:updateAndGet(143)) - c057a1f0-d88e-4668-8d47-8ac449b5fc09: start FollowerState
2019-08-20 17:08:33,804 INFO  client.GrpcClientProtocolClient (GrpcClientProtocolClient.java:onNext(255)) - client-0634008F59DF->87e47e15-6589-405f-974e-8c9e6ee1e6ee: receive RaftClientReply:client-0634008F59DF->87e47e15-6589-405f-974e-8c9e6ee1e6ee@group-7561753E64C1, cid=12, FAILED org.apache.ratis.protocol.NotLeaderException: Server 87e47e15-6589-405f-974e-8c9e6ee1e6ee is not the leader (null). Request must be sent to leader., logIndex=0, commits[87e47e15-6589-405f-974e-8c9e6ee1e6ee:c-1]
2019-08-20 17:08:33,817 INFO  impl.RaftServerImpl (ServerState.java:setRaftConf(361)) - ec509022-aa0f-4f73-9e4d-21dab8bfeb55:group-2EABACF192D0 set configuration 0: [92916cba-8e63-46d5-806b-8e4a4e94b08c:192.168.34.14:45686, 0d52cd0d-5887-4861-9f74-56217e1a0f56:192.168.34.14:34135, ec509022-aa0f-4f73-9e4d-21dab8bfeb55:192.168.34.14:35309], old=null at 0
2019-08-20 17:08:33,817 INFO  impl.RaftServerImpl (ServerState.java:setRaftConf(361)) - 92916cba-8e63-46d5-806b-8e4a4e94b08c:group-2EABACF192D0 set configuration 0: [92916cba-8e63-46d5-806b-8e4a4e94b08c:192.168.34.14:45686, 0d52cd0d-5887-4861-9f74-56217e1a0f56:192.168.34.14:34135, ec509022-aa0f-4f73-9e4d-21dab8bfeb55:192.168.34.14:35309], old=null at 0
2019-08-20 17:08:33,817 INFO  segmented.SegmentedRaftLogWorker (SegmentedRaftLogWorker.java:startLogSegment(380)) - ec509022-aa0f-4f73-9e4d-21dab8bfeb55-SegmentedRaftLogWorker:Storage Directory /workdir/hadoop-ozone/integration-test/target/test-dir/MiniOzoneClusterImpl-40e3faef-9509-4a9d-94a1-11f1cb84446b/datanode-5/data/ratis/206b4468-899d-4ae8-84c4-2eabacf192d0: Starting segment from index:0
2019-08-20 17:08:33,818 INFO  segmented.SegmentedRaftLogWorker (SegmentedRaftLogWorker.java:startLogSegment(380)) - 92916cba-8e63-46d5-806b-8e4a4e94b08c-SegmentedRaftLogWorker:Storage Directory /workdir/hadoop-ozone/integration-test/target/test-dir/MiniOzoneClusterImpl-40e3faef-9509-4a9d-94a1-11f1cb84446b/datanode-3/data/ratis/206b4468-899d-4ae8-84c4-2eabacf192d0: Starting segment from index:0
2019-08-20 17:08:33,859 WARN  io.KeyOutputStream (KeyOutputStream.java:handleException(276)) - Encountered exception java.io.IOException: Unexpected Storage Container Exception: java.util.concurrent.CompletionException: java.util.concurrent.CompletionException: org.apache.ratis.protocol.RaftRetryFailureException: Failed RaftClientRequest:client-0634008F59DF->87e47e15-6589-405f-974e-8c9e6ee1e6ee@group-7561753E64C1, cid=12, seq=1*, RW, org.apache.hadoop.hdds.scm.XceiverClientRatis$$Lambda$316/180654430@dc5f8ac for 5 attempts with RetryLimited(maxAttempts=5, sleepTime=1000ms) on the pipeline Pipeline[ Id: f83b3b2c-6040-4428-88c1-7561753e64c1, Nodes: 87e47e15-6589-405f-974e-8c9e6ee1e6ee{ip: 192.168.34.14, host: pr-hdds-1596-bsl28-2951053889, networkLocation: /default-rack, certSerialId: null}f2c6fdf1-1b22-4e25-849b-6f41cf78b2b9{ip: 192.168.34.14, host: pr-hdds-1596-bsl28-2951053889, networkLocation: /default-rack, certSerialId: null}c057a1f0-d88e-4668-8d47-8ac449b5fc09{ip: 192.168.34.14, host: pr-hdds-1596-bsl28-2951053889, networkLocation: /default-rack, certSerialId: null}, Type:RATIS, Factor:THREE, State:OPEN]. The last committed block length is 0, uncommitted data length is 2097152 retry count 0
2019-08-20 17:08:33,872 INFO  segmented.SegmentedRaftLogWorker (SegmentedRaftLogWorker.java:execute(569)) - ec509022-aa0f-4f73-9e4d-21dab8bfeb55-SegmentedRaftLogWorker:Storage Directory /workdir/hadoop-ozone/integration-test/target/test-dir/MiniOzoneClusterImpl-40e3faef-9509-4a9d-94a1-11f1cb84446b/datanode-5/data/ratis/206b4468-899d-4ae8-84c4-2eabacf192d0: created new log segment /workdir/hadoop-ozone/integration-test/target/test-dir/MiniOzoneClusterImpl-40e3faef-9509-4a9d-94a1-11f1cb84446b/datanode-5/data/ratis/206b4468-899d-4ae8-84c4-2eabacf192d0/current/log_inprogress_0
2019-08-20 17:08:33,872 INFO  segmented.SegmentedRaftLogWorker (SegmentedRaftLogWorker.java:execute(569)) - 92916cba-8e63-46d5-806b-8e4a4e94b08c-SegmentedRaftLogWorker:Storage Directory /workdir/hadoop-ozone/integration-test/target/test-dir/MiniOzoneClusterImpl-40e3faef-9509-4a9d-94a1-11f1cb84446b/datanode-3/data/ratis/206b4468-899d-4ae8-84c4-2eabacf192d0: created new log segment /workdir/hadoop-ozone/integration-test/target/test-dir/MiniOzoneClusterImpl-40e3faef-9509-4a9d-94a1-11f1cb84446b/datanode-3/data/ratis/206b4468-899d-4ae8-84c4-2eabacf192d0/current/log_inprogress_0
2019-08-20 17:08:34,145 INFO  client.GrpcClientProtocolClient (GrpcClientProtocolClient.java:onNext(255)) - client-2C2C27990A9B->0d52cd0d-5887-4861-9f74-56217e1a0f56: receive RaftClientReply:client-2C2C27990A9B->0d52cd0d-5887-4861-9f74-56217e1a0f56@group-2EABACF192D0, cid=16, SUCCESS, logIndex=1, commits[0d52cd0d-5887-4861-9f74-56217e1a0f56:c1, 92916cba-8e63-46d5-806b-8e4a4e94b08c:c0, ec509022-aa0f-4f73-9e4d-21dab8bfeb55:c0]
2019-08-20 17:08:34,237 INFO  client.GrpcClientProtocolClient (GrpcClientProtocolClient.java:onNext(255)) - client-2C2C27990A9B->0d52cd0d-5887-4861-9f74-56217e1a0f56: receive RaftClientReply:client-2C2C27990A9B->0d52cd0d-5887-4861-9f74-56217e1a0f56@group-2EABACF192D0, cid=17, SUCCESS, logIndex=3, commits[0d52cd0d-5887-4861-9f74-56217e1a0f56:c7, 92916cba-8e63-46d5-806b-8e4a4e94b08c:c6, ec509022-aa0f-4f73-9e4d-21dab8bfeb55:c6]
2019-08-20 17:08:34,240 INFO  client.GrpcClientProtocolClient (GrpcClientProtocolClient.java:onNext(255)) - client-2C2C27990A9B->0d52cd0d-5887-4861-9f74-56217e1a0f56: receive RaftClientReply:client-2C2C27990A9B->0d52cd0d-5887-4861-9f74-56217e1a0f56@group-2EABACF192D0, cid=18, SUCCESS, logIndex=4, commits[0d52cd0d-5887-4861-9f74-56217e1a0f56:c7, 92916cba-8e63-46d5-806b-8e4a4e94b08c:c6, ec509022-aa0f-4f73-9e4d-21dab8bfeb55:c6]
2019-08-20 17:08:34,315 INFO  client.GrpcClientProtocolClient (GrpcClientProtocolClient.java:onNext(255)) - client-2C2C27990A9B->0d52cd0d-5887-4861-9f74-56217e1a0f56: receive RaftClientReply:client-2C2C27990A9B->0d52cd0d-5887-4861-9f74-56217e1a0f56@group-2EABACF192D0, cid=19, SUCCESS, logIndex=5, commits[0d52cd0d-5887-4861-9f74-56217e1a0f56:c7, 92916cba-8e63-46d5-806b-8e4a4e94b08c:c6, ec509022-aa0f-4f73-9e4d-21dab8bfeb55:c6]
2019-08-20 17:08:34,355 INFO  client.GrpcClientProtocolClient (GrpcClientProtocolClient.java:onNext(255)) - client-2C2C27990A9B->0d52cd0d-5887-4861-9f74-56217e1a0f56: receive RaftClientReply:client-2C2C27990A9B->0d52cd0d-5887-4861-9f74-56217e1a0f56@group-2EABACF192D0, cid=20, SUCCESS, logIndex=8, commits[0d52cd0d-5887-4861-9f74-56217e1a0f56:c9, 92916cba-8e63-46d5-806b-8e4a4e94b08c:c7, ec509022-aa0f-4f73-9e4d-21dab8bfeb55:c7]
2019-08-20 17:08:34,356 INFO  client.GrpcClientProtocolClient (GrpcClientProtocolClient.java:onNext(255)) - client-2C2C27990A9B->0d52cd0d-5887-4861-9f74-56217e1a0f56: receive RaftClientReply:client-2C2C27990A9B->0d52cd0d-5887-4861-9f74-56217e1a0f56@group-2EABACF192D0, cid=21, SUCCESS, logIndex=9, commits[0d52cd0d-5887-4861-9f74-56217e1a0f56:c9, 92916cba-8e63-46d5-806b-8e4a4e94b08c:c7, ec509022-aa0f-4f73-9e4d-21dab8bfeb55:c7]
2019-08-20 17:08:34,369 INFO  client.GrpcClientProtocolClient (GrpcClientProtocolClient.java:onNext(255)) - client-2C2C27990A9B->0d52cd0d-5887-4861-9f74-56217e1a0f56: receive RaftClientReply:client-2C2C27990A9B->0d52cd0d-5887-4861-9f74-56217e1a0f56@group-2EABACF192D0, cid=22, SUCCESS, logIndex=10, commits[0d52cd0d-5887-4861-9f74-56217e1a0f56:c12, 92916cba-8e63-46d5-806b-8e4a4e94b08c:c7, ec509022-aa0f-4f73-9e4d-21dab8bfeb55:c9]
2019-08-20 17:08:34,370 INFO  client.GrpcClientProtocolClient (GrpcClientProtocolClient.java:onNext(255)) - client-2C2C27990A9B->0d52cd0d-5887-4861-9f74-56217e1a0f56: receive RaftClientReply:client-2C2C27990A9B->0d52cd0d-5887-4861-9f74-56217e1a0f56@group-2EABACF192D0, cid=23, SUCCESS, logIndex=11, commits[0d52cd0d-5887-4861-9f74-56217e1a0f56:c13, 92916cba-8e63-46d5-806b-8e4a4e94b08c:c9, ec509022-aa0f-4f73-9e4d-21dab8bfeb55:c9]
2019-08-20 17:08:34,402 INFO  client.GrpcClientProtocolClient (GrpcClientProtocolClient.java:onNext(255)) - client-2C2C27990A9B->0d52cd0d-5887-4861-9f74-56217e1a0f56: receive RaftClientReply:client-2C2C27990A9B->0d52cd0d-5887-4861-9f74-56217e1a0f56@group-2EABACF192D0, cid=24, SUCCESS, logIndex=0, commits[0d52cd0d-5887-4861-9f74-56217e1a0f56:c15, 92916cba-8e63-46d5-806b-8e4a4e94b08c:c12, ec509022-aa0f-4f73-9e4d-21dab8bfeb55:c12]
2019-08-20 17:08:34,416 INFO  datanode.ObjectStoreHandler (ObjectStoreHandler.java:close(155)) - Closing ObjectStoreHandler.
2019-08-20 17:08:34,417 INFO  ozone.HddsDatanodeService (HddsDatanodeService.java:stop(457)) - Stopped plug-in org.apache.hadoop.ozone.web.OzoneHddsDatanodeService@521441d5
2019-08-20 17:08:34,518 INFO  statemachine.DatanodeStateMachine (DatanodeStateMachine.java:lambda$startDaemon$0(350)) - Ozone container server started.
2019-08-20 17:08:34,540 INFO  client.GrpcClientProtocolClient (GrpcClientProtocolClient.java:onNext(255)) - client-2C2C27990A9B->0d52cd0d-5887-4861-9f74-56217e1a0f56: receive RaftClientReply:client-2C2C27990A9B->0d52cd0d-5887-4861-9f74-56217e1a0f56@group-2EABACF192D0, cid=25, SUCCESS, logIndex=16, commits[0d52cd0d-5887-4861-9f74-56217e1a0f56:c17, 92916cba-8e63-46d5-806b-8e4a4e94b08c:c15, ec509022-aa0f-4f73-9e4d-21dab8bfeb55:c15]
2019-08-20 17:08:34,584 INFO  client.GrpcClientProtocolClient (GrpcClientProtocolClient.java:onNext(255)) - client-2C2C27990A9B->0d52cd0d-5887-4861-9f74-56217e1a0f56: receive RaftClientReply:client-2C2C27990A9B->0d52cd0d-5887-4861-9f74-56217e1a0f56@group-2EABACF192D0, cid=26, SUCCESS, logIndex=17, commits[0d52cd0d-5887-4861-9f74-56217e1a0f56:c19, 92916cba-8e63-46d5-806b-8e4a4e94b08c:c17, ec509022-aa0f-4f73-9e4d-21dab8bfeb55:c17]
2019-08-20 17:08:38,787 INFO  impl.FollowerState (FollowerState.java:run(106)) - f2c6fdf1-1b22-4e25-849b-6f41cf78b2b9:group-7561753E64C1 changes to CANDIDATE, lastRpcTime:5036, electionTimeout:5034ms
2019-08-20 17:08:38,788 INFO  impl.RoleInfo (RoleInfo.java:shutdownFollowerState(121)) - f2c6fdf1-1b22-4e25-849b-6f41cf78b2b9: shutdown FollowerState
2019-08-20 17:08:38,788 INFO  impl.RaftServerImpl (RaftServerImpl.java:setRole(171)) - f2c6fdf1-1b22-4e25-849b-6f41cf78b2b9:group-7561753E64C1 changes role from FOLLOWER to CANDIDATE at term 1 for changeToCandidate
2019-08-20 17:08:38,788 INFO  impl.RoleInfo (RoleInfo.java:updateAndGet(143)) - f2c6fdf1-1b22-4e25-849b-6f41cf78b2b9: start LeaderElection
2019-08-20 17:08:38,805 INFO  impl.LeaderElection (LeaderElection.java:askForVotes(181)) - f2c6fdf1-1b22-4e25-849b-6f41cf78b2b9:group-7561753E64C1:LeaderElection11: begin an election at term 2 for -1: [f2c6fdf1-1b22-4e25-849b-6f41cf78b2b9:192.168.34.14:46105, c057a1f0-d88e-4668-8d47-8ac449b5fc09:192.168.34.14:45181, 87e47e15-6589-405f-974e-8c9e6ee1e6ee:192.168.34.14:33565], old=null
2019-08-20 17:08:38,812 INFO  impl.RaftServerImpl (RaftServerImpl.java:setRole(171)) - 87e47e15-6589-405f-974e-8c9e6ee1e6ee:group-7561753E64C1 changes role from FOLLOWER to FOLLOWER at term 2 for recognizeCandidate:f2c6fdf1-1b22-4e25-849b-6f41cf78b2b9
2019-08-20 17:08:38,812 INFO  impl.RaftServerImpl (RaftServerImpl.java:setRole(171)) - c057a1f0-d88e-4668-8d47-8ac449b5fc09:group-7561753E64C1 changes role from FOLLOWER to FOLLOWER at term 2 for recognizeCandidate:f2c6fdf1-1b22-4e25-849b-6f41cf78b2b9
2019-08-20 17:08:38,812 INFO  impl.RoleInfo (RoleInfo.java:shutdownFollowerState(121)) - 87e47e15-6589-405f-974e-8c9e6ee1e6ee: shutdown FollowerState
2019-08-20 17:08:38,813 INFO  impl.RoleInfo (RoleInfo.java:shutdownFollowerState(121)) - c057a1f0-d88e-4668-8d47-8ac449b5fc09: shutdown FollowerState
2019-08-20 17:08:38,813 INFO  impl.FollowerState (FollowerState.java:run(114)) - 87e47e15-6589-405f-974e-8c9e6ee1e6ee: FollowerState was interrupted: java.lang.InterruptedException: sleep interrupted
2019-08-20 17:08:38,813 INFO  impl.RoleInfo (RoleInfo.java:updateAndGet(143)) - 87e47e15-6589-405f-974e-8c9e6ee1e6ee: start FollowerState
2019-08-20 17:08:38,815 INFO  impl.FollowerState (FollowerState.java:run(114)) - c057a1f0-d88e-4668-8d47-8ac449b5fc09: FollowerState was interrupted: java.lang.InterruptedException: sleep interrupted
2019-08-20 17:08:38,813 INFO  impl.RoleInfo (RoleInfo.java:updateAndGet(143)) - c057a1f0-d88e-4668-8d47-8ac449b5fc09: start FollowerState
2019-08-20 17:08:38,827 INFO  impl.LeaderElection (LeaderElection.java:logAndReturn(56)) - f2c6fdf1-1b22-4e25-849b-6f41cf78b2b9:group-7561753E64C1:LeaderElection11: Election PASSED; received 1 response(s) [f2c6fdf1-1b22-4e25-849b-6f41cf78b2b9<-c057a1f0-d88e-4668-8d47-8ac449b5fc09#0:OK-t2] and 0 exception(s); f2c6fdf1-1b22-4e25-849b-6f41cf78b2b9:t2, leader=null, voted=f2c6fdf1-1b22-4e25-849b-6f41cf78b2b9, raftlog=f2c6fdf1-1b22-4e25-849b-6f41cf78b2b9-SegmentedRaftLog:OPENED:c-1,f-1,i0, conf=-1: [f2c6fdf1-1b22-4e25-849b-6f41cf78b2b9:192.168.34.14:46105, c057a1f0-d88e-4668-8d47-8ac449b5fc09:192.168.34.14:45181, 87e47e15-6589-405f-974e-8c9e6ee1e6ee:192.168.34.14:33565], old=null
2019-08-20 17:08:38,827 INFO  impl.RoleInfo (RoleInfo.java:shutdownLeaderElection(134)) - f2c6fdf1-1b22-4e25-849b-6f41cf78b2b9: shutdown LeaderElection
2019-08-20 17:08:38,839 INFO  impl.RaftServerImpl (RaftServerImpl.java:setRole(171)) - f2c6fdf1-1b22-4e25-849b-6f41cf78b2b9:group-7561753E64C1 changes role from CANDIDATE to LEADER at term 2 for changeToLeader
2019-08-20 17:08:38,839 INFO  impl.RaftServerImpl (ServerState.java:setLeader(263)) - f2c6fdf1-1b22-4e25-849b-6f41cf78b2b9:group-7561753E64C1 change Leader from null to f2c6fdf1-1b22-4e25-849b-6f41cf78b2b9 at term 2 for becomeLeader, leader elected after 10292ms
2019-08-20 17:08:38,839 INFO  server.RaftServerConfigKeys (ConfUtils.java:logGet(43)) - raft.server.staging.catchup.gap = 1000 (default)
2019-08-20 17:08:38,840 INFO  server.RaftServerConfigKeys (ConfUtils.java:logGet(43)) - raft.server.rpc.sleep.time = 25ms (default)
2019-08-20 17:08:38,840 INFO  server.RaftServerConfigKeys (ConfUtils.java:logGet(43)) - raft.server.write.element-limit = 4096 (default)
2019-08-20 17:08:38,840 INFO  server.RaftServerConfigKeys (ConfUtils.java:logGet(43)) - raft.server.watch.timeout = 10s (default)
2019-08-20 17:08:38,840 INFO  server.RaftServerConfigKeys (ConfUtils.java:logGet(43)) - raft.server.watch.timeout.denomination = 1s (default)
2019-08-20 17:08:38,840 INFO  server.RaftServerConfigKeys (ConfUtils.java:logGet(43)) - raft.server.watch.element-limit = 65536 (default)
2019-08-20 17:08:38,841 INFO  server.RaftServerConfigKeys (ConfUtils.java:logGet(43)) - raft.server.log.appender.snapshot.chunk.size.max = 16MB (=16777216) (default)
2019-08-20 17:08:38,841 INFO  server.RaftServerConfigKeys (ConfUtils.java:logGet(43)) - raft.server.log.appender.buffer.byte-limit = 33554432 (custom)
2019-08-20 17:08:38,841 INFO  server.RaftServerConfigKeys (ConfUtils.java:logGet(43)) - raft.server.log.appender.buffer.element-limit = 1 (custom)
2019-08-20 17:08:38,841 INFO  grpc.GrpcConfigKeys$Server (ConfUtils.java:logGet(43)) - raft.grpc.server.leader.outstanding.appends.max = 128 (default)
2019-08-20 17:08:38,842 INFO  server.RaftServerConfigKeys (ConfUtils.java:logGet(43)) - raft.server.rpc.request.timeout = 3000ms (default)
2019-08-20 17:08:38,842 INFO  server.RaftServerConfigKeys (ConfUtils.java:logGet(43)) - raft.server.log.appender.install.snapshot.enabled = false (custom)
2019-08-20 17:08:38,842 INFO  server.RaftServerConfigKeys (ConfUtils.java:logGet(43)) - raft.server.log.appender.snapshot.chunk.size.max = 16MB (=16777216) (default)
2019-08-20 17:08:38,842 INFO  server.RaftServerConfigKeys (ConfUtils.java:logGet(43)) - raft.server.log.appender.buffer.byte-limit = 33554432 (custom)
2019-08-20 17:08:38,842 INFO  server.RaftServerConfigKeys (ConfUtils.java:logGet(43)) - raft.server.log.appender.buffer.element-limit = 1 (custom)
2019-08-20 17:08:38,843 INFO  grpc.GrpcConfigKeys$Server (ConfUtils.java:logGet(43)) - raft.grpc.server.leader.outstanding.appends.max = 128 (default)
2019-08-20 17:08:38,843 INFO  server.RaftServerConfigKeys (ConfUtils.java:logGet(43)) - raft.server.rpc.request.timeout = 3000ms (default)
2019-08-20 17:08:38,843 INFO  server.RaftServerConfigKeys (ConfUtils.java:logGet(43)) - raft.server.log.appender.install.snapshot.enabled = false (custom)
2019-08-20 17:08:38,843 INFO  impl.RoleInfo (RoleInfo.java:updateAndGet(143)) - f2c6fdf1-1b22-4e25-849b-6f41cf78b2b9: start LeaderState
2019-08-20 17:08:38,844 INFO  segmented.SegmentedRaftLogWorker (SegmentedRaftLogWorker.java:startLogSegment(380)) - f2c6fdf1-1b22-4e25-849b-6f41cf78b2b9-SegmentedRaftLogWorker:Storage Directory /workdir/hadoop-ozone/integration-test/target/test-dir/MiniOzoneClusterImpl-40e3faef-9509-4a9d-94a1-11f1cb84446b/datanode-4/data/ratis/f83b3b2c-6040-4428-88c1-7561753e64c1: Starting segment from index:0
2019-08-20 17:08:38,845 INFO  impl.RaftServerImpl (ServerState.java:setRaftConf(361)) - f2c6fdf1-1b22-4e25-849b-6f41cf78b2b9:group-7561753E64C1 set configuration 0: [f2c6fdf1-1b22-4e25-849b-6f41cf78b2b9:192.168.34.14:46105, c057a1f0-d88e-4668-8d47-8ac449b5fc09:192.168.34.14:45181, 87e47e15-6589-405f-974e-8c9e6ee1e6ee:192.168.34.14:33565], old=null at 0
2019-08-20 17:08:38,847 INFO  impl.RaftServerImpl (ServerState.java:setLeader(263)) - 87e47e15-6589-405f-974e-8c9e6ee1e6ee:group-7561753E64C1 change Leader from null to f2c6fdf1-1b22-4e25-849b-6f41cf78b2b9 at term 2 for appendEntries, leader elected after 10301ms
2019-08-20 17:08:38,864 INFO  impl.RaftServerImpl (ServerState.java:setLeader(263)) - c057a1f0-d88e-4668-8d47-8ac449b5fc09:group-7561753E64C1 change Leader from null to f2c6fdf1-1b22-4e25-849b-6f41cf78b2b9 at term 2 for appendEntries, leader elected after 10318ms
2019-08-20 17:08:38,869 INFO  impl.RaftServerImpl (ServerState.java:setRaftConf(361)) - c057a1f0-d88e-4668-8d47-8ac449b5fc09:group-7561753E64C1 set configuration 0: [f2c6fdf1-1b22-4e25-849b-6f41cf78b2b9:192.168.34.14:46105, c057a1f0-d88e-4668-8d47-8ac449b5fc09:192.168.34.14:45181, 87e47e15-6589-405f-974e-8c9e6ee1e6ee:192.168.34.14:33565], old=null at 0
2019-08-20 17:08:38,869 INFO  impl.RaftServerImpl (ServerState.java:setRaftConf(361)) - 87e47e15-6589-405f-974e-8c9e6ee1e6ee:group-7561753E64C1 set configuration 0: [f2c6fdf1-1b22-4e25-849b-6f41cf78b2b9:192.168.34.14:46105, c057a1f0-d88e-4668-8d47-8ac449b5fc09:192.168.34.14:45181, 87e47e15-6589-405f-974e-8c9e6ee1e6ee:192.168.34.14:33565], old=null at 0
2019-08-20 17:08:38,869 INFO  segmented.SegmentedRaftLogWorker (SegmentedRaftLogWorker.java:startLogSegment(380)) - c057a1f0-d88e-4668-8d47-8ac449b5fc09-SegmentedRaftLogWorker:Storage Directory /workdir/hadoop-ozone/integration-test/target/test-dir/MiniOzoneClusterImpl-40e3faef-9509-4a9d-94a1-11f1cb84446b/datanode-0/data/ratis/f83b3b2c-6040-4428-88c1-7561753e64c1: Starting segment from index:0
2019-08-20 17:08:38,869 INFO  segmented.SegmentedRaftLogWorker (SegmentedRaftLogWorker.java:startLogSegment(380)) - 87e47e15-6589-405f-974e-8c9e6ee1e6ee-SegmentedRaftLogWorker:Storage Directory /workdir/hadoop-ozone/integration-test/target/test-dir/MiniOzoneClusterImpl-40e3faef-9509-4a9d-94a1-11f1cb84446b/datanode-2/data/ratis/f83b3b2c-6040-4428-88c1-7561753e64c1: Starting segment from index:0
2019-08-20 17:08:38,877 INFO  segmented.SegmentedRaftLogWorker (SegmentedRaftLogWorker.java:execute(569)) - f2c6fdf1-1b22-4e25-849b-6f41cf78b2b9-SegmentedRaftLogWorker:Storage Directory /workdir/hadoop-ozone/integration-test/target/test-dir/MiniOzoneClusterImpl-40e3faef-9509-4a9d-94a1-11f1cb84446b/datanode-4/data/ratis/f83b3b2c-6040-4428-88c1-7561753e64c1: created new log segment /workdir/hadoop-ozone/integration-test/target/test-dir/MiniOzoneClusterImpl-40e3faef-9509-4a9d-94a1-11f1cb84446b/datanode-4/data/ratis/f83b3b2c-6040-4428-88c1-7561753e64c1/current/log_inprogress_0
2019-08-20 17:08:38,890 INFO  segmented.SegmentedRaftLogWorker (SegmentedRaftLogWorker.java:execute(569)) - 87e47e15-6589-405f-974e-8c9e6ee1e6ee-SegmentedRaftLogWorker:Storage Directory /workdir/hadoop-ozone/integration-test/target/test-dir/MiniOzoneClusterImpl-40e3faef-9509-4a9d-94a1-11f1cb84446b/datanode-2/data/ratis/f83b3b2c-6040-4428-88c1-7561753e64c1: created new log segment /workdir/hadoop-ozone/integration-test/target/test-dir/MiniOzoneClusterImpl-40e3faef-9509-4a9d-94a1-11f1cb84446b/datanode-2/data/ratis/f83b3b2c-6040-4428-88c1-7561753e64c1/current/log_inprogress_0
2019-08-20 17:08:38,904 INFO  segmented.SegmentedRaftLogWorker (SegmentedRaftLogWorker.java:execute(569)) - c057a1f0-d88e-4668-8d47-8ac449b5fc09-SegmentedRaftLogWorker:Storage Directory /workdir/hadoop-ozone/integration-test/target/test-dir/MiniOzoneClusterImpl-40e3faef-9509-4a9d-94a1-11f1cb84446b/datanode-0/data/ratis/f83b3b2c-6040-4428-88c1-7561753e64c1: created new log segment /workdir/hadoop-ozone/integration-test/target/test-dir/MiniOzoneClusterImpl-40e3faef-9509-4a9d-94a1-11f1cb84446b/datanode-0/data/ratis/f83b3b2c-6040-4428-88c1-7561753e64c1/current/log_inprogress_0
2019-08-20 17:08:39,421 INFO  ozoneimpl.OzoneContainer (OzoneContainer.java:stop(199)) - Attempting to stop container services.
2019-08-20 17:08:39,424 INFO  impl.RaftServerProxy (RaftServerProxy.java:lambda$close$4(314)) - 0d52cd0d-5887-4861-9f74-56217e1a0f56: close
2019-08-20 17:08:39,426 INFO  impl.RaftServerImpl (RaftServerImpl.java:lambda$shutdown$3(245)) - 0d52cd0d-5887-4861-9f74-56217e1a0f56: shutdown group-2EABACF192D0
2019-08-20 17:08:39,427 INFO  util.JmxRegister (JmxRegister.java:unregister(73)) - Successfully un-registered JMX Bean with object name Ratis:service=RaftServer,group=group-2EABACF192D0,id=0d52cd0d-5887-4861-9f74-56217e1a0f56
2019-08-20 17:08:39,427 INFO  impl.RoleInfo (RoleInfo.java:shutdownLeaderState(104)) - 0d52cd0d-5887-4861-9f74-56217e1a0f56: shutdown LeaderState
2019-08-20 17:08:39,432 WARN  server.GrpcLogAppender (GrpcLogAppender.java:mayWait(143)) - GrpcLogAppender(0d52cd0d-5887-4861-9f74-56217e1a0f56->92916cba-8e63-46d5-806b-8e4a4e94b08c): Wait interrupted by java.lang.InterruptedException
2019-08-20 17:08:39,432 WARN  server.GrpcLogAppender (GrpcLogAppender.java:mayWait(143)) - GrpcLogAppender(0d52cd0d-5887-4861-9f74-56217e1a0f56->ec509022-aa0f-4f73-9e4d-21dab8bfeb55): Wait interrupted by java.lang.InterruptedException
2019-08-20 17:08:39,432 INFO  impl.PendingRequests (PendingRequests.java:sendNotLeaderResponses(202)) - 0d52cd0d-5887-4861-9f74-56217e1a0f56-PendingRequests: sendNotLeaderResponses
2019-08-20 17:08:39,442 INFO  server.GrpcServerProtocolService (GrpcServerProtocolService.java:onCompleted(104)) - ec509022-aa0f-4f73-9e4d-21dab8bfeb55: appendEntries completed
2019-08-20 17:08:39,442 INFO  server.GrpcServerProtocolService (GrpcServerProtocolService.java:onCompleted(104)) - 92916cba-8e63-46d5-806b-8e4a4e94b08c: appendEntries completed
2019-08-20 17:08:39,448 INFO  server.GrpcLogAppender (GrpcLogAppender.java:onCompleted(292)) - 0d52cd0d-5887-4861-9f74-56217e1a0f56->ec509022-aa0f-4f73-9e4d-21dab8bfeb55: follower responses appendEntries COMPLETED
2019-08-20 17:08:39,453 INFO  server.GrpcLogAppender (GrpcLogAppender.java:onCompleted(292)) - 0d52cd0d-5887-4861-9f74-56217e1a0f56->92916cba-8e63-46d5-806b-8e4a4e94b08c: follower responses appendEntries COMPLETED
2019-08-20 17:08:39,455 INFO  impl.StateMachineUpdater (StateMachineUpdater.java:stopAndJoin(115)) - StateMachineUpdater:0d52cd0d-5887-4861-9f74-56217e1a0f56:group-2EABACF192D0: set stopIndex = 19
2019-08-20 17:08:39,457 INFO  ratis.ContainerStateMachine (ContainerStateMachine.java:takeSnapshot(271)) - group-2EABACF192D0: Taking a snapshot at:(t:1, i:19) file /workdir/hadoop-ozone/integration-test/target/test-dir/MiniOzoneClusterImpl-40e3faef-9509-4a9d-94a1-11f1cb84446b/datanode-1/data/ratis/206b4468-899d-4ae8-84c4-2eabacf192d0/sm/snapshot.1_19
2019-08-20 17:08:39,460 INFO  impl.FollowerInfo (FollowerInfo.java:lambda$new$0(50)) - 0d52cd0d-5887-4861-9f74-56217e1a0f56->ec509022-aa0f-4f73-9e4d-21dab8bfeb55: nextIndex: updateUnconditionally 20 -> 19
2019-08-20 17:08:39,460 INFO  impl.FollowerInfo (FollowerInfo.java:lambda$new$0(50)) - 0d52cd0d-5887-4861-9f74-56217e1a0f56->92916cba-8e63-46d5-806b-8e4a4e94b08c: nextIndex: updateUnconditionally 20 -> 19
2019-08-20 17:08:39,481 INFO  ratis.ContainerStateMachine (ContainerStateMachine.java:takeSnapshot(282)) - group-2EABACF192D0: Finished taking a snapshot at:(t:1, i:19) file:/workdir/hadoop-ozone/integration-test/target/test-dir/MiniOzoneClusterImpl-40e3faef-9509-4a9d-94a1-11f1cb84446b/datanode-1/data/ratis/206b4468-899d-4ae8-84c4-2eabacf192d0/sm/snapshot.1_19 time:26
2019-08-20 17:08:39,481 INFO  impl.StateMachineUpdater (StateMachineUpdater.java:takeSnapshot(242)) - StateMachineUpdater:0d52cd0d-5887-4861-9f74-56217e1a0f56:group-2EABACF192D0: Took a snapshot at index 19
2019-08-20 17:08:39,483 INFO  impl.StateMachineUpdater (StateMachineUpdater.java:lambda$new$0(80)) - StateMachineUpdater:0d52cd0d-5887-4861-9f74-56217e1a0f56:group-2EABACF192D0: snapshotIndex: updateIncreasingly -1 -> 19
2019-08-20 17:08:39,489 INFO  impl.RaftServerImpl (ServerState.java:close(394)) - 0d52cd0d-5887-4861-9f74-56217e1a0f56:group-2EABACF192D0 closes. The last applied log index is 19
2019-08-20 17:08:39,492 INFO  segmented.SegmentedRaftLogWorker (SegmentedRaftLogWorker.java:run(313)) - 0d52cd0d-5887-4861-9f74-56217e1a0f56-SegmentedRaftLogWorker:Storage Directory /workdir/hadoop-ozone/integration-test/target/test-dir/MiniOzoneClusterImpl-40e3faef-9509-4a9d-94a1-11f1cb84446b/datanode-1/data/ratis/206b4468-899d-4ae8-84c4-2eabacf192d0 was interrupted, exiting. There are 0 tasks remaining in the queue.
2019-08-20 17:08:39,494 INFO  segmented.SegmentedRaftLogWorker (SegmentedRaftLogWorker.java:close(228)) - 0d52cd0d-5887-4861-9f74-56217e1a0f56-SegmentedRaftLogWorker:Storage Directory /workdir/hadoop-ozone/integration-test/target/test-dir/MiniOzoneClusterImpl-40e3faef-9509-4a9d-94a1-11f1cb84446b/datanode-1/data/ratis/206b4468-899d-4ae8-84c4-2eabacf192d0 close()
2019-08-20 17:08:39,497 INFO  impl.RaftServerImpl (RaftServerImpl.java:lambda$shutdown$3(245)) - 0d52cd0d-5887-4861-9f74-56217e1a0f56: shutdown group-DB613E1BF27F
2019-08-20 17:08:39,498 INFO  util.JmxRegister (JmxRegister.java:unregister(73)) - Successfully un-registered JMX Bean with object name Ratis:service=RaftServer,group=group-DB613E1BF27F,id=0d52cd0d-5887-4861-9f74-56217e1a0f56
2019-08-20 17:08:39,498 INFO  impl.RoleInfo (RoleInfo.java:shutdownLeaderState(104)) - 0d52cd0d-5887-4861-9f74-56217e1a0f56: shutdown LeaderState
2019-08-20 17:08:39,498 INFO  impl.PendingRequests (PendingRequests.java:sendNotLeaderResponses(202)) - 0d52cd0d-5887-4861-9f74-56217e1a0f56-PendingRequests: sendNotLeaderResponses
2019-08-20 17:08:39,499 INFO  impl.StateMachineUpdater (StateMachineUpdater.java:stopAndJoin(115)) - StateMachineUpdater:0d52cd0d-5887-4861-9f74-56217e1a0f56:group-DB613E1BF27F: set stopIndex = 0
2019-08-20 17:08:39,499 INFO  impl.RaftServerImpl (ServerState.java:close(394)) - 0d52cd0d-5887-4861-9f74-56217e1a0f56:group-DB613E1BF27F closes. The last applied log index is 0
2019-08-20 17:08:39,500 INFO  segmented.SegmentedRaftLogWorker (SegmentedRaftLogWorker.java:run(313)) - 0d52cd0d-5887-4861-9f74-56217e1a0f56-SegmentedRaftLogWorker:Storage Directory /workdir/hadoop-ozone/integration-test/target/test-dir/MiniOzoneClusterImpl-40e3faef-9509-4a9d-94a1-11f1cb84446b/datanode-1/data/ratis/58e29b13-2962-44ad-b056-db613e1bf27f was interrupted, exiting. There are 0 tasks remaining in the queue.
2019-08-20 17:08:39,502 INFO  segmented.SegmentedRaftLogWorker (SegmentedRaftLogWorker.java:close(228)) - 0d52cd0d-5887-4861-9f74-56217e1a0f56-SegmentedRaftLogWorker:Storage Directory /workdir/hadoop-ozone/integration-test/target/test-dir/MiniOzoneClusterImpl-40e3faef-9509-4a9d-94a1-11f1cb84446b/datanode-1/data/ratis/58e29b13-2962-44ad-b056-db613e1bf27f close()
2019-08-20 17:08:39,506 INFO  server.GrpcService (GrpcService.java:closeImpl(155)) - 0d52cd0d-5887-4861-9f74-56217e1a0f56: shutdown server with port 34135 now
2019-08-20 17:08:39,512 INFO  server.GrpcService (GrpcService.java:closeImpl(163)) - 0d52cd0d-5887-4861-9f74-56217e1a0f56: shutdown server with port 34135 successfully
2019-08-20 17:08:39,512 WARN  client.GrpcClientProtocolService (LogUtils.java:warn(134)) - 1-UnorderedRequestStreamObserver1: onError: org.apache.ratis.thirdparty.io.grpc.StatusRuntimeException: CANCELLED: cancelled before receiving half close
2019-08-20 17:08:39,518 INFO  utils.BackgroundService (BackgroundService.java:shutdown(148)) - Shutting down service BlockDeletingService
2019-08-20 17:08:39,519 WARN  fs.CachingGetSpaceUsed (CachingGetSpaceUsed.java:run(183)) - Thread Interrupted waiting to refresh disk information: sleep interrupted
2019-08-20 17:08:39,547 INFO  statemachine.DatanodeStateMachine (DatanodeStateMachine.java:stopDaemon(395)) - Ozone container server stopped.
2019-08-20 17:08:39,552 INFO  handler.ContextHandler (ContextHandler.java:doStop(910)) - Stopped o.e.j.w.WebAppContext@715f45c6{/,null,UNAVAILABLE}{/hddsDatanode}
2019-08-20 17:08:39,559 INFO  server.AbstractConnector (AbstractConnector.java:doStop(318)) - Stopped ServerConnector@5d5c41e5{HTTP/1.1,[http/1.1]}{0.0.0.0:0}
2019-08-20 17:08:39,559 INFO  handler.ContextHandler (ContextHandler.java:doStop(910)) - Stopped o.e.j.s.ServletContextHandler@1c628f6a{/static,jar:file:/home/user/.m2/repository/org/apache/hadoop/hadoop-hdds-container-service/0.5.0-SNAPSHOT/hadoop-hdds-container-service-0.5.0-SNAPSHOT.jar!/webapps/static,UNAVAILABLE}
2019-08-20 17:08:39,560 INFO  handler.ContextHandler (ContextHandler.java:doStop(910)) - Stopped o.e.j.s.ServletContextHandler@3a38f122{/logs,file:///workdir/hadoop-ozone/integration-test/target/log,UNAVAILABLE}
2019-08-20 17:08:39,562 INFO  datanode.ObjectStoreHandler (ObjectStoreHandler.java:close(155)) - Closing ObjectStoreHandler.
2019-08-20 17:08:39,563 INFO  ozone.HddsDatanodeService (HddsDatanodeService.java:stop(457)) - Stopped plug-in org.apache.hadoop.ozone.web.OzoneHddsDatanodeService@5e2a6991
2019-08-20 17:08:40,520 INFO  statemachine.DatanodeStateMachine (DatanodeStateMachine.java:lambda$startDaemon$0(350)) - Ozone container server started.
2019-08-20 17:08:43,681 INFO  impl.FollowerState (FollowerState.java:run(106)) - 92916cba-8e63-46d5-806b-8e4a4e94b08c:group-2EABACF192D0 changes to CANDIDATE, lastRpcTime:6622, electionTimeout:5118ms
2019-08-20 17:08:43,682 INFO  impl.RoleInfo (RoleInfo.java:shutdownFollowerState(121)) - 92916cba-8e63-46d5-806b-8e4a4e94b08c: shutdown FollowerState
2019-08-20 17:08:43,682 INFO  impl.RaftServerImpl (RaftServerImpl.java:setRole(171)) - 92916cba-8e63-46d5-806b-8e4a4e94b08c:group-2EABACF192D0 changes role from FOLLOWER to CANDIDATE at term 1 for changeToCandidate
2019-08-20 17:08:43,682 INFO  impl.RoleInfo (RoleInfo.java:updateAndGet(143)) - 92916cba-8e63-46d5-806b-8e4a4e94b08c: start LeaderElection
2019-08-20 17:08:43,685 INFO  impl.RaftServerImpl (ServerState.java:setLeader(263)) - 92916cba-8e63-46d5-806b-8e4a4e94b08c:group-2EABACF192D0 change Leader from 0d52cd0d-5887-4861-9f74-56217e1a0f56 to null at term 1 for initElection
2019-08-20 17:08:43,699 INFO  impl.LeaderElection (LeaderElection.java:askForVotes(181)) - 92916cba-8e63-46d5-806b-8e4a4e94b08c:group-2EABACF192D0:LeaderElection12: begin an election at term 2 for 0: [92916cba-8e63-46d5-806b-8e4a4e94b08c:192.168.34.14:45686, 0d52cd0d-5887-4861-9f74-56217e1a0f56:192.168.34.14:34135, ec509022-aa0f-4f73-9e4d-21dab8bfeb55:192.168.34.14:35309], old=null
2019-08-20 17:08:43,714 INFO  impl.RaftServerImpl (ServerState.java:setLeader(263)) - ec509022-aa0f-4f73-9e4d-21dab8bfeb55:group-2EABACF192D0 change Leader from 0d52cd0d-5887-4861-9f74-56217e1a0f56 to null at term 2 for updateCurrentTerm
2019-08-20 17:08:43,714 INFO  impl.RaftServerImpl (RaftServerImpl.java:setRole(171)) - ec509022-aa0f-4f73-9e4d-21dab8bfeb55:group-2EABACF192D0 changes role from FOLLOWER to FOLLOWER at term 2 for recognizeCandidate:92916cba-8e63-46d5-806b-8e4a4e94b08c
2019-08-20 17:08:43,714 INFO  impl.RoleInfo (RoleInfo.java:shutdownFollowerState(121)) - ec509022-aa0f-4f73-9e4d-21dab8bfeb55: shutdown FollowerState
2019-08-20 17:08:43,714 INFO  impl.RoleInfo (RoleInfo.java:updateAndGet(143)) - ec509022-aa0f-4f73-9e4d-21dab8bfeb55: start FollowerState
2019-08-20 17:08:43,714 INFO  impl.FollowerState (FollowerState.java:run(114)) - ec509022-aa0f-4f73-9e4d-21dab8bfeb55: FollowerState was interrupted: java.lang.InterruptedException: sleep interrupted
2019-08-20 17:08:43,723 INFO  impl.LeaderElection (LogUtils.java:infoOrTrace(149)) - 92916cba-8e63-46d5-806b-8e4a4e94b08c:group-2EABACF192D0:LeaderElection12 got exception when requesting votes: {}
java.util.concurrent.ExecutionException: org.apache.ratis.thirdparty.io.grpc.StatusRuntimeException: UNAVAILABLE: io exception
	at java.util.concurrent.FutureTask.report(FutureTask.java:122)
	at java.util.concurrent.FutureTask.get(FutureTask.java:192)
	at org.apache.ratis.server.impl.LeaderElection.waitForResults(LeaderElection.java:262)
	at org.apache.ratis.server.impl.LeaderElection.askForVotes(LeaderElection.java:200)
	at org.apache.ratis.server.impl.LeaderElection.run(LeaderElection.java:130)
	at java.lang.Thread.run(Thread.java:748)
Caused by: org.apache.ratis.thirdparty.io.grpc.StatusRuntimeException: UNAVAILABLE: io exception
	at org.apache.ratis.thirdparty.io.grpc.stub.ClientCalls.toStatusRuntimeException(ClientCalls.java:233)
	at org.apache.ratis.thirdparty.io.grpc.stub.ClientCalls.getUnchecked(ClientCalls.java:214)
	at org.apache.ratis.thirdparty.io.grpc.stub.ClientCalls.blockingUnaryCall(ClientCalls.java:139)
	at org.apache.ratis.proto.grpc.RaftServerProtocolServiceGrpc$RaftServerProtocolServiceBlockingStub.requestVote(RaftServerProtocolServiceGrpc.java:265)
	at org.apache.ratis.grpc.server.GrpcServerProtocolClient.requestVote(GrpcServerProtocolClient.java:83)
	at org.apache.ratis.grpc.server.GrpcService.requestVote(GrpcService.java:195)
	at org.apache.ratis.server.impl.LeaderElection.lambda$submitRequests$1(LeaderElection.java:237)
	at java.util.concurrent.FutureTask.run(FutureTask.java:266)
	at java.util.concurrent.Executors$RunnableAdapter.call(Executors.java:511)
	at java.util.concurrent.FutureTask.run(FutureTask.java:266)
	at java.util.concurrent.ThreadPoolExecutor.runWorker(ThreadPoolExecutor.java:1149)
	at java.util.concurrent.ThreadPoolExecutor$Worker.run(ThreadPoolExecutor.java:624)
	... 1 more
Caused by: org.apache.ratis.thirdparty.io.netty.channel.AbstractChannel$AnnotatedConnectException: Connection refused: /192.168.34.14:34135
	at sun.nio.ch.SocketChannelImpl.checkConnect(Native Method)
	at sun.nio.ch.SocketChannelImpl.finishConnect(SocketChannelImpl.java:717)
	at org.apache.ratis.thirdparty.io.netty.channel.socket.nio.NioSocketChannel.doFinishConnect(NioSocketChannel.java:327)
	at org.apache.ratis.thirdparty.io.netty.channel.nio.AbstractNioChannel$AbstractNioUnsafe.finishConnect(AbstractNioChannel.java:340)
	at org.apache.ratis.thirdparty.io.netty.channel.nio.NioEventLoop.processSelectedKey(NioEventLoop.java:632)
	at org.apache.ratis.thirdparty.io.netty.channel.nio.NioEventLoop.processSelectedKeysOptimized(NioEventLoop.java:579)
	at org.apache.ratis.thirdparty.io.netty.channel.nio.NioEventLoop.processSelectedKeys(NioEventLoop.java:496)
	at org.apache.ratis.thirdparty.io.netty.channel.nio.NioEventLoop.run(NioEventLoop.java:458)
	at org.apache.ratis.thirdparty.io.netty.util.concurrent.SingleThreadEventExecutor$5.run(SingleThreadEventExecutor.java:897)
	at org.apache.ratis.thirdparty.io.netty.util.concurrent.FastThreadLocalRunnable.run(FastThreadLocalRunnable.java:30)
	... 1 more
Caused by: java.net.ConnectException: Connection refused
	... 11 more
2019-08-20 17:08:43,733 INFO  impl.LeaderElection (LeaderElection.java:logAndReturn(56)) - 92916cba-8e63-46d5-806b-8e4a4e94b08c:group-2EABACF192D0:LeaderElection12: Election PASSED; received 1 response(s) [92916cba-8e63-46d5-806b-8e4a4e94b08c<-ec509022-aa0f-4f73-9e4d-21dab8bfeb55#0:OK-t2] and 1 exception(s); 92916cba-8e63-46d5-806b-8e4a4e94b08c:t2, leader=null, voted=92916cba-8e63-46d5-806b-8e4a4e94b08c, raftlog=92916cba-8e63-46d5-806b-8e4a4e94b08c-SegmentedRaftLog:OPENED:c19,f19,i19, conf=0: [92916cba-8e63-46d5-806b-8e4a4e94b08c:192.168.34.14:45686, 0d52cd0d-5887-4861-9f74-56217e1a0f56:192.168.34.14:34135, ec509022-aa0f-4f73-9e4d-21dab8bfeb55:192.168.34.14:35309], old=null
2019-08-20 17:08:43,734 INFO  impl.LeaderElection (LogUtils.java:infoOrTrace(149)) -   Exception 0: {}
java.util.concurrent.ExecutionException: org.apache.ratis.thirdparty.io.grpc.StatusRuntimeException: UNAVAILABLE: io exception
	at java.util.concurrent.FutureTask.report(FutureTask.java:122)
	at java.util.concurrent.FutureTask.get(FutureTask.java:192)
	at org.apache.ratis.server.impl.LeaderElection.waitForResults(LeaderElection.java:262)
	at org.apache.ratis.server.impl.LeaderElection.askForVotes(LeaderElection.java:200)
	at org.apache.ratis.server.impl.LeaderElection.run(LeaderElection.java:130)
	at java.lang.Thread.run(Thread.java:748)
Caused by: org.apache.ratis.thirdparty.io.grpc.StatusRuntimeException: UNAVAILABLE: io exception
	at org.apache.ratis.thirdparty.io.grpc.stub.ClientCalls.toStatusRuntimeException(ClientCalls.java:233)
	at org.apache.ratis.thirdparty.io.grpc.stub.ClientCalls.getUnchecked(ClientCalls.java:214)
	at org.apache.ratis.thirdparty.io.grpc.stub.ClientCalls.blockingUnaryCall(ClientCalls.java:139)
	at org.apache.ratis.proto.grpc.RaftServerProtocolServiceGrpc$RaftServerProtocolServiceBlockingStub.requestVote(RaftServerProtocolServiceGrpc.java:265)
	at org.apache.ratis.grpc.server.GrpcServerProtocolClient.requestVote(GrpcServerProtocolClient.java:83)
	at org.apache.ratis.grpc.server.GrpcService.requestVote(GrpcService.java:195)
	at org.apache.ratis.server.impl.LeaderElection.lambda$submitRequests$1(LeaderElection.java:237)
	at java.util.concurrent.FutureTask.run(FutureTask.java:266)
	at java.util.concurrent.Executors$RunnableAdapter.call(Executors.java:511)
	at java.util.concurrent.FutureTask.run(FutureTask.java:266)
	at java.util.concurrent.ThreadPoolExecutor.runWorker(ThreadPoolExecutor.java:1149)
	at java.util.concurrent.ThreadPoolExecutor$Worker.run(ThreadPoolExecutor.java:624)
	... 1 more
Caused by: org.apache.ratis.thirdparty.io.netty.channel.AbstractChannel$AnnotatedConnectException: Connection refused: /192.168.34.14:34135
	at sun.nio.ch.SocketChannelImpl.checkConnect(Native Method)
	at sun.nio.ch.SocketChannelImpl.finishConnect(SocketChannelImpl.java:717)
	at org.apache.ratis.thirdparty.io.netty.channel.socket.nio.NioSocketChannel.doFinishConnect(NioSocketChannel.java:327)
	at org.apache.ratis.thirdparty.io.netty.channel.nio.AbstractNioChannel$AbstractNioUnsafe.finishConnect(AbstractNioChannel.java:340)
	at org.apache.ratis.thirdparty.io.netty.channel.nio.NioEventLoop.processSelectedKey(NioEventLoop.java:632)
	at org.apache.ratis.thirdparty.io.netty.channel.nio.NioEventLoop.processSelectedKeysOptimized(NioEventLoop.java:579)
	at org.apache.ratis.thirdparty.io.netty.channel.nio.NioEventLoop.processSelectedKeys(NioEventLoop.java:496)
	at org.apache.ratis.thirdparty.io.netty.channel.nio.NioEventLoop.run(NioEventLoop.java:458)
	at org.apache.ratis.thirdparty.io.netty.util.concurrent.SingleThreadEventExecutor$5.run(SingleThreadEventExecutor.java:897)
	at org.apache.ratis.thirdparty.io.netty.util.concurrent.FastThreadLocalRunnable.run(FastThreadLocalRunnable.java:30)
	... 1 more
Caused by: java.net.ConnectException: Connection refused
	... 11 more
2019-08-20 17:08:43,734 INFO  impl.RoleInfo (RoleInfo.java:shutdownLeaderElection(134)) - 92916cba-8e63-46d5-806b-8e4a4e94b08c: shutdown LeaderElection
2019-08-20 17:08:43,734 INFO  impl.RaftServerImpl (RaftServerImpl.java:setRole(171)) - 92916cba-8e63-46d5-806b-8e4a4e94b08c:group-2EABACF192D0 changes role from CANDIDATE to LEADER at term 2 for changeToLeader
2019-08-20 17:08:43,736 INFO  impl.RaftServerImpl (ServerState.java:setLeader(263)) - 92916cba-8e63-46d5-806b-8e4a4e94b08c:group-2EABACF192D0 change Leader from null to 92916cba-8e63-46d5-806b-8e4a4e94b08c at term 2 for becomeLeader, leader elected after 51ms
2019-08-20 17:08:43,736 INFO  server.RaftServerConfigKeys (ConfUtils.java:logGet(43)) - raft.server.staging.catchup.gap = 1000 (default)
2019-08-20 17:08:43,737 INFO  server.RaftServerConfigKeys (ConfUtils.java:logGet(43)) - raft.server.rpc.sleep.time = 25ms (default)
2019-08-20 17:08:43,737 INFO  server.RaftServerConfigKeys (ConfUtils.java:logGet(43)) - raft.server.write.element-limit = 4096 (default)
2019-08-20 17:08:43,737 INFO  server.RaftServerConfigKeys (ConfUtils.java:logGet(43)) - raft.server.watch.timeout = 10s (default)
2019-08-20 17:08:43,737 INFO  server.RaftServerConfigKeys (ConfUtils.java:logGet(43)) - raft.server.watch.timeout.denomination = 1s (default)
2019-08-20 17:08:43,737 INFO  server.RaftServerConfigKeys (ConfUtils.java:logGet(43)) - raft.server.watch.element-limit = 65536 (default)
2019-08-20 17:08:43,738 INFO  server.RaftServerConfigKeys (ConfUtils.java:logGet(43)) - raft.server.log.appender.snapshot.chunk.size.max = 16MB (=16777216) (default)
2019-08-20 17:08:43,738 INFO  server.RaftServerConfigKeys (ConfUtils.java:logGet(43)) - raft.server.log.appender.buffer.byte-limit = 33554432 (custom)
2019-08-20 17:08:43,738 INFO  server.RaftServerConfigKeys (ConfUtils.java:logGet(43)) - raft.server.log.appender.buffer.element-limit = 1 (custom)
2019-08-20 17:08:43,739 INFO  grpc.GrpcConfigKeys$Server (ConfUtils.java:logGet(43)) - raft.grpc.server.leader.outstanding.appends.max = 128 (default)
2019-08-20 17:08:43,739 INFO  server.RaftServerConfigKeys (ConfUtils.java:logGet(43)) - raft.server.rpc.request.timeout = 3000ms (default)
2019-08-20 17:08:43,739 INFO  server.RaftServerConfigKeys (ConfUtils.java:logGet(43)) - raft.server.log.appender.install.snapshot.enabled = false (custom)
2019-08-20 17:08:43,739 INFO  server.RaftServerConfigKeys (ConfUtils.java:logGet(43)) - raft.server.log.appender.snapshot.chunk.size.max = 16MB (=16777216) (default)
2019-08-20 17:08:43,740 INFO  server.RaftServerConfigKeys (ConfUtils.java:logGet(43)) - raft.server.log.appender.buffer.byte-limit = 33554432 (custom)
2019-08-20 17:08:43,740 INFO  server.RaftServerConfigKeys (ConfUtils.java:logGet(43)) - raft.server.log.appender.buffer.element-limit = 1 (custom)
2019-08-20 17:08:43,740 INFO  grpc.GrpcConfigKeys$Server (ConfUtils.java:logGet(43)) - raft.grpc.server.leader.outstanding.appends.max = 128 (default)
2019-08-20 17:08:43,740 INFO  server.RaftServerConfigKeys (ConfUtils.java:logGet(43)) - raft.server.rpc.request.timeout = 3000ms (default)
2019-08-20 17:08:43,741 INFO  server.RaftServerConfigKeys (ConfUtils.java:logGet(43)) - raft.server.log.appender.install.snapshot.enabled = false (custom)
2019-08-20 17:08:43,741 INFO  impl.RoleInfo (RoleInfo.java:updateAndGet(143)) - 92916cba-8e63-46d5-806b-8e4a4e94b08c: start LeaderState
2019-08-20 17:08:43,741 INFO  segmented.SegmentedRaftLogWorker (SegmentedRaftLogWorker.java:rollLogSegment(385)) - 92916cba-8e63-46d5-806b-8e4a4e94b08c-SegmentedRaftLogWorker:Storage Directory /workdir/hadoop-ozone/integration-test/target/test-dir/MiniOzoneClusterImpl-40e3faef-9509-4a9d-94a1-11f1cb84446b/datanode-3/data/ratis/206b4468-899d-4ae8-84c4-2eabacf192d0: Rolling segment log-0_19 to index:19
2019-08-20 17:08:43,744 INFO  impl.RaftServerImpl (ServerState.java:setRaftConf(361)) - 92916cba-8e63-46d5-806b-8e4a4e94b08c:group-2EABACF192D0 set configuration 20: [92916cba-8e63-46d5-806b-8e4a4e94b08c:192.168.34.14:45686, 0d52cd0d-5887-4861-9f74-56217e1a0f56:192.168.34.14:34135, ec509022-aa0f-4f73-9e4d-21dab8bfeb55:192.168.34.14:35309], old=null at 20
2019-08-20 17:08:43,746 INFO  segmented.SegmentedRaftLogWorker (SegmentedRaftLogWorker.java:execute(526)) - 92916cba-8e63-46d5-806b-8e4a4e94b08c-SegmentedRaftLogWorker:Storage Directory /workdir/hadoop-ozone/integration-test/target/test-dir/MiniOzoneClusterImpl-40e3faef-9509-4a9d-94a1-11f1cb84446b/datanode-3/data/ratis/206b4468-899d-4ae8-84c4-2eabacf192d0: Rolled log segment from /workdir/hadoop-ozone/integration-test/target/test-dir/MiniOzoneClusterImpl-40e3faef-9509-4a9d-94a1-11f1cb84446b/datanode-3/data/ratis/206b4468-899d-4ae8-84c4-2eabacf192d0/current/log_inprogress_0 to /workdir/hadoop-ozone/integration-test/target/test-dir/MiniOzoneClusterImpl-40e3faef-9509-4a9d-94a1-11f1cb84446b/datanode-3/data/ratis/206b4468-899d-4ae8-84c4-2eabacf192d0/current/log_0-19
2019-08-20 17:08:43,748 WARN  server.GrpcLogAppender (LogUtils.java:warn(134)) - 92916cba-8e63-46d5-806b-8e4a4e94b08c->0d52cd0d-5887-4861-9f74-56217e1a0f56: Failed appendEntries: org.apache.ratis.thirdparty.io.grpc.StatusRuntimeException: UNAVAILABLE: io exception
2019-08-20 17:08:43,765 INFO  impl.RaftServerImpl (ServerState.java:setLeader(263)) - ec509022-aa0f-4f73-9e4d-21dab8bfeb55:group-2EABACF192D0 change Leader from null to 92916cba-8e63-46d5-806b-8e4a4e94b08c at term 2 for appendEntries, leader elected after 50ms
2019-08-20 17:08:43,765 INFO  impl.FollowerInfo (FollowerInfo.java:lambda$new$0(50)) - 92916cba-8e63-46d5-806b-8e4a4e94b08c->0d52cd0d-5887-4861-9f74-56217e1a0f56: nextIndex: updateUnconditionally 20 -> 1
2019-08-20 17:08:43,771 INFO  impl.RaftServerImpl (ServerState.java:setRaftConf(361)) - ec509022-aa0f-4f73-9e4d-21dab8bfeb55:group-2EABACF192D0 set configuration 20: [92916cba-8e63-46d5-806b-8e4a4e94b08c:192.168.34.14:45686, 0d52cd0d-5887-4861-9f74-56217e1a0f56:192.168.34.14:34135, ec509022-aa0f-4f73-9e4d-21dab8bfeb55:192.168.34.14:35309], old=null at 20
2019-08-20 17:08:43,771 INFO  segmented.SegmentedRaftLogWorker (SegmentedRaftLogWorker.java:rollLogSegment(385)) - ec509022-aa0f-4f73-9e4d-21dab8bfeb55-SegmentedRaftLogWorker:Storage Directory /workdir/hadoop-ozone/integration-test/target/test-dir/MiniOzoneClusterImpl-40e3faef-9509-4a9d-94a1-11f1cb84446b/datanode-5/data/ratis/206b4468-899d-4ae8-84c4-2eabacf192d0: Rolling segment log-0_19 to index:19
2019-08-20 17:08:43,772 INFO  segmented.SegmentedRaftLogWorker (SegmentedRaftLogWorker.java:execute(526)) - ec509022-aa0f-4f73-9e4d-21dab8bfeb55-SegmentedRaftLogWorker:Storage Directory /workdir/hadoop-ozone/integration-test/target/test-dir/MiniOzoneClusterImpl-40e3faef-9509-4a9d-94a1-11f1cb84446b/datanode-5/data/ratis/206b4468-899d-4ae8-84c4-2eabacf192d0: Rolled log segment from /workdir/hadoop-ozone/integration-test/target/test-dir/MiniOzoneClusterImpl-40e3faef-9509-4a9d-94a1-11f1cb84446b/datanode-5/data/ratis/206b4468-899d-4ae8-84c4-2eabacf192d0/current/log_inprogress_0 to /workdir/hadoop-ozone/integration-test/target/test-dir/MiniOzoneClusterImpl-40e3faef-9509-4a9d-94a1-11f1cb84446b/datanode-5/data/ratis/206b4468-899d-4ae8-84c4-2eabacf192d0/current/log_0-19
2019-08-20 17:08:43,777 INFO  segmented.SegmentedRaftLogWorker (SegmentedRaftLogWorker.java:execute(569)) - 92916cba-8e63-46d5-806b-8e4a4e94b08c-SegmentedRaftLogWorker:Storage Directory /workdir/hadoop-ozone/integration-test/target/test-dir/MiniOzoneClusterImpl-40e3faef-9509-4a9d-94a1-11f1cb84446b/datanode-3/data/ratis/206b4468-899d-4ae8-84c4-2eabacf192d0: created new log segment /workdir/hadoop-ozone/integration-test/target/test-dir/MiniOzoneClusterImpl-40e3faef-9509-4a9d-94a1-11f1cb84446b/datanode-3/data/ratis/206b4468-899d-4ae8-84c4-2eabacf192d0/current/log_inprogress_20
2019-08-20 17:08:43,817 INFO  segmented.SegmentedRaftLogWorker (SegmentedRaftLogWorker.java:execute(569)) - ec509022-aa0f-4f73-9e4d-21dab8bfeb55-SegmentedRaftLogWorker:Storage Directory /workdir/hadoop-ozone/integration-test/target/test-dir/MiniOzoneClusterImpl-40e3faef-9509-4a9d-94a1-11f1cb84446b/datanode-5/data/ratis/206b4468-899d-4ae8-84c4-2eabacf192d0: created new log segment /workdir/hadoop-ozone/integration-test/target/test-dir/MiniOzoneClusterImpl-40e3faef-9509-4a9d-94a1-11f1cb84446b/datanode-5/data/ratis/206b4468-899d-4ae8-84c4-2eabacf192d0/current/log_inprogress_20
2019-08-20 17:08:43,872 WARN  server.GrpcLogAppender (LogUtils.java:warn(134)) - 92916cba-8e63-46d5-806b-8e4a4e94b08c->0d52cd0d-5887-4861-9f74-56217e1a0f56: Failed appendEntries: org.apache.ratis.thirdparty.io.grpc.StatusRuntimeException: UNAVAILABLE: io exception
2019-08-20 17:08:43,874 INFO  impl.FollowerInfo (FollowerInfo.java:lambda$new$0(50)) - 92916cba-8e63-46d5-806b-8e4a4e94b08c->0d52cd0d-5887-4861-9f74-56217e1a0f56: nextIndex: updateUnconditionally 2 -> 1
2019-08-20 17:08:44,564 INFO  ozoneimpl.OzoneContainer (OzoneContainer.java:stop(199)) - Attempting to stop container services.
2019-08-20 17:08:44,567 INFO  impl.RaftServerProxy (RaftServerProxy.java:lambda$close$4(314)) - ec509022-aa0f-4f73-9e4d-21dab8bfeb55: close
2019-08-20 17:08:44,568 INFO  impl.RaftServerImpl (RaftServerImpl.java:lambda$shutdown$3(245)) - ec509022-aa0f-4f73-9e4d-21dab8bfeb55: shutdown group-81370D31919A
2019-08-20 17:08:44,568 INFO  impl.RaftServerImpl (RaftServerImpl.java:lambda$shutdown$3(245)) - ec509022-aa0f-4f73-9e4d-21dab8bfeb55: shutdown group-2EABACF192D0
2019-08-20 17:08:44,568 INFO  util.JmxRegister (JmxRegister.java:unregister(73)) - Successfully un-registered JMX Bean with object name Ratis:service=RaftServer,group=group-81370D31919A,id=ec509022-aa0f-4f73-9e4d-21dab8bfeb55
2019-08-20 17:08:44,568 INFO  util.JmxRegister (JmxRegister.java:unregister(73)) - Successfully un-registered JMX Bean with object name Ratis:service=RaftServer,group=group-2EABACF192D0,id=ec509022-aa0f-4f73-9e4d-21dab8bfeb55
2019-08-20 17:08:44,569 INFO  impl.RoleInfo (RoleInfo.java:shutdownLeaderState(104)) - ec509022-aa0f-4f73-9e4d-21dab8bfeb55: shutdown LeaderState
2019-08-20 17:08:44,569 INFO  impl.RoleInfo (RoleInfo.java:shutdownFollowerState(121)) - ec509022-aa0f-4f73-9e4d-21dab8bfeb55: shutdown FollowerState
2019-08-20 17:08:44,569 INFO  impl.PendingRequests (PendingRequests.java:sendNotLeaderResponses(202)) - ec509022-aa0f-4f73-9e4d-21dab8bfeb55-PendingRequests: sendNotLeaderResponses
2019-08-20 17:08:44,569 INFO  ratis.ContainerStateMachine (ContainerStateMachine.java:takeSnapshot(271)) - group-2EABACF192D0: Taking a snapshot at:(t:1, i:17) file /workdir/hadoop-ozone/integration-test/target/test-dir/MiniOzoneClusterImpl-40e3faef-9509-4a9d-94a1-11f1cb84446b/datanode-5/data/ratis/206b4468-899d-4ae8-84c4-2eabacf192d0/sm/snapshot.1_17
2019-08-20 17:08:44,569 INFO  impl.FollowerState (FollowerState.java:run(114)) - ec509022-aa0f-4f73-9e4d-21dab8bfeb55: FollowerState was interrupted: java.lang.InterruptedException: sleep interrupted
2019-08-20 17:08:44,569 INFO  impl.StateMachineUpdater (StateMachineUpdater.java:stopAndJoin(115)) - StateMachineUpdater:ec509022-aa0f-4f73-9e4d-21dab8bfeb55:group-2EABACF192D0: set stopIndex = 20
2019-08-20 17:08:44,570 INFO  impl.StateMachineUpdater (StateMachineUpdater.java:stopAndJoin(115)) - StateMachineUpdater:ec509022-aa0f-4f73-9e4d-21dab8bfeb55:group-81370D31919A: set stopIndex = 0
2019-08-20 17:08:44,572 INFO  impl.RaftServerImpl (ServerState.java:close(394)) - ec509022-aa0f-4f73-9e4d-21dab8bfeb55:group-81370D31919A closes. The last applied log index is 0
2019-08-20 17:08:44,572 INFO  segmented.SegmentedRaftLogWorker (SegmentedRaftLogWorker.java:run(313)) - ec509022-aa0f-4f73-9e4d-21dab8bfeb55-SegmentedRaftLogWorker:Storage Directory /workdir/hadoop-ozone/integration-test/target/test-dir/MiniOzoneClusterImpl-40e3faef-9509-4a9d-94a1-11f1cb84446b/datanode-5/data/ratis/fe11695c-aba3-4db0-a052-81370d31919a was interrupted, exiting. There are 0 tasks remaining in the queue.
2019-08-20 17:08:44,574 INFO  segmented.SegmentedRaftLogWorker (SegmentedRaftLogWorker.java:close(228)) - ec509022-aa0f-4f73-9e4d-21dab8bfeb55-SegmentedRaftLogWorker:Storage Directory /workdir/hadoop-ozone/integration-test/target/test-dir/MiniOzoneClusterImpl-40e3faef-9509-4a9d-94a1-11f1cb84446b/datanode-5/data/ratis/fe11695c-aba3-4db0-a052-81370d31919a close()
2019-08-20 17:08:44,584 INFO  ratis.ContainerStateMachine (ContainerStateMachine.java:takeSnapshot(282)) - group-2EABACF192D0: Finished taking a snapshot at:(t:1, i:17) file:/workdir/hadoop-ozone/integration-test/target/test-dir/MiniOzoneClusterImpl-40e3faef-9509-4a9d-94a1-11f1cb84446b/datanode-5/data/ratis/206b4468-899d-4ae8-84c4-2eabacf192d0/sm/snapshot.1_17 time:14
2019-08-20 17:08:44,584 INFO  impl.StateMachineUpdater (StateMachineUpdater.java:takeSnapshot(242)) - StateMachineUpdater:ec509022-aa0f-4f73-9e4d-21dab8bfeb55:group-2EABACF192D0: Took a snapshot at index 17
2019-08-20 17:08:44,584 INFO  impl.StateMachineUpdater (StateMachineUpdater.java:lambda$new$0(80)) - StateMachineUpdater:ec509022-aa0f-4f73-9e4d-21dab8bfeb55:group-2EABACF192D0: snapshotIndex: updateIncreasingly -1 -> 17
2019-08-20 17:08:44,585 INFO  impl.RaftServerImpl (ServerState.java:close(394)) - ec509022-aa0f-4f73-9e4d-21dab8bfeb55:group-2EABACF192D0 closes. The last applied log index is 20
2019-08-20 17:08:44,585 INFO  segmented.SegmentedRaftLogWorker (SegmentedRaftLogWorker.java:run(313)) - ec509022-aa0f-4f73-9e4d-21dab8bfeb55-SegmentedRaftLogWorker:Storage Directory /workdir/hadoop-ozone/integration-test/target/test-dir/MiniOzoneClusterImpl-40e3faef-9509-4a9d-94a1-11f1cb84446b/datanode-5/data/ratis/206b4468-899d-4ae8-84c4-2eabacf192d0 was interrupted, exiting. There are 0 tasks remaining in the queue.
2019-08-20 17:08:44,587 INFO  segmented.SegmentedRaftLogWorker (SegmentedRaftLogWorker.java:close(228)) - ec509022-aa0f-4f73-9e4d-21dab8bfeb55-SegmentedRaftLogWorker:Storage Directory /workdir/hadoop-ozone/integration-test/target/test-dir/MiniOzoneClusterImpl-40e3faef-9509-4a9d-94a1-11f1cb84446b/datanode-5/data/ratis/206b4468-899d-4ae8-84c4-2eabacf192d0 close()
2019-08-20 17:08:44,590 INFO  server.GrpcService (GrpcService.java:closeImpl(155)) - ec509022-aa0f-4f73-9e4d-21dab8bfeb55: shutdown server with port 35309 now
2019-08-20 17:08:44,592 INFO  server.GrpcService (GrpcService.java:closeImpl(163)) - ec509022-aa0f-4f73-9e4d-21dab8bfeb55: shutdown server with port 35309 successfully
2019-08-20 17:08:44,593 WARN  server.GrpcLogAppender (LogUtils.java:warn(134)) - 92916cba-8e63-46d5-806b-8e4a4e94b08c->ec509022-aa0f-4f73-9e4d-21dab8bfeb55: Failed appendEntries: org.apache.ratis.thirdparty.io.grpc.StatusRuntimeException: CANCELLED: HTTP/2 error code: CANCEL
Received Rst Stream
2019-08-20 17:08:44,593 WARN  server.GrpcServerProtocolService (LogUtils.java:warn(134)) - ec509022-aa0f-4f73-9e4d-21dab8bfeb55: appendEntries onError: org.apache.ratis.thirdparty.io.grpc.StatusRuntimeException: CANCELLED: cancelled before receiving half close
2019-08-20 17:08:44,596 INFO  impl.FollowerInfo (FollowerInfo.java:lambda$new$0(50)) - 92916cba-8e63-46d5-806b-8e4a4e94b08c->ec509022-aa0f-4f73-9e4d-21dab8bfeb55: nextIndex: updateUnconditionally 22 -> 21
2019-08-20 17:08:44,596 INFO  utils.BackgroundService (BackgroundService.java:shutdown(148)) - Shutting down service BlockDeletingService
2019-08-20 17:08:44,597 WARN  fs.CachingGetSpaceUsed (CachingGetSpaceUsed.java:run(183)) - Thread Interrupted waiting to refresh disk information: sleep interrupted
2019-08-20 17:08:44,620 INFO  statemachine.DatanodeStateMachine (DatanodeStateMachine.java:stopDaemon(395)) - Ozone container server stopped.
2019-08-20 17:08:44,621 INFO  handler.ContextHandler (ContextHandler.java:doStop(910)) - Stopped o.e.j.w.WebAppContext@458031da{/,null,UNAVAILABLE}{/hddsDatanode}
2019-08-20 17:08:44,622 INFO  server.AbstractConnector (AbstractConnector.java:doStop(318)) - Stopped ServerConnector@7be94cd6{HTTP/1.1,[http/1.1]}{0.0.0.0:0}
2019-08-20 17:08:44,622 INFO  handler.ContextHandler (ContextHandler.java:doStop(910)) - Stopped o.e.j.s.ServletContextHandler@4f3c7808{/static,jar:file:/home/user/.m2/repository/org/apache/hadoop/hadoop-hdds-container-service/0.5.0-SNAPSHOT/hadoop-hdds-container-service-0.5.0-SNAPSHOT.jar!/webapps/static,UNAVAILABLE}
2019-08-20 17:08:44,622 INFO  handler.ContextHandler (ContextHandler.java:doStop(910)) - Stopped o.e.j.s.ServletContextHandler@2aee0704{/logs,file:///workdir/hadoop-ozone/integration-test/target/log,UNAVAILABLE}
2019-08-20 17:08:46,356 WARN  server.GrpcLogAppender (LogUtils.java:warn(134)) - 92916cba-8e63-46d5-806b-8e4a4e94b08c->ec509022-aa0f-4f73-9e4d-21dab8bfeb55: Failed appendEntries: org.apache.ratis.thirdparty.io.grpc.StatusRuntimeException: UNAVAILABLE: io exception
2019-08-20 17:08:46,358 INFO  impl.FollowerInfo (FollowerInfo.java:lambda$new$0(50)) - 92916cba-8e63-46d5-806b-8e4a4e94b08c->ec509022-aa0f-4f73-9e4d-21dab8bfeb55: nextIndex: updateUnconditionally 21 -> 20
2019-08-20 17:08:46,374 WARN  server.GrpcLogAppender (LogUtils.java:warn(134)) - 92916cba-8e63-46d5-806b-8e4a4e94b08c->0d52cd0d-5887-4861-9f74-56217e1a0f56: Failed appendEntries: org.apache.ratis.thirdparty.io.grpc.StatusRuntimeException: UNAVAILABLE: io exception
2019-08-20 17:08:46,376 INFO  impl.FollowerInfo (FollowerInfo.java:lambda$new$0(50)) - 92916cba-8e63-46d5-806b-8e4a4e94b08c->0d52cd0d-5887-4861-9f74-56217e1a0f56: nextIndex: updateUnconditionally 1 -> 0
2019-08-20 17:08:46,681 WARN  server.GrpcLogAppender (LogUtils.java:warn(134)) - 92916cba-8e63-46d5-806b-8e4a4e94b08c->0d52cd0d-5887-4861-9f74-56217e1a0f56: Failed appendEntries: org.apache.ratis.thirdparty.io.grpc.StatusRuntimeException: UNAVAILABLE: io exception
2019-08-20 17:08:46,683 INFO  impl.FollowerInfo (FollowerInfo.java:lambda$new$0(50)) - 92916cba-8e63-46d5-806b-8e4a4e94b08c->0d52cd0d-5887-4861-9f74-56217e1a0f56: nextIndex: updateUnconditionally 1 -> 0
2019-08-20 17:08:46,683 WARN  server.GrpcLogAppender (LogUtils.java:warn(134)) - 92916cba-8e63-46d5-806b-8e4a4e94b08c->ec509022-aa0f-4f73-9e4d-21dab8bfeb55: Failed appendEntries: org.apache.ratis.thirdparty.io.grpc.StatusRuntimeException: UNAVAILABLE: io exception
2019-08-20 17:08:46,685 INFO  impl.FollowerInfo (FollowerInfo.java:lambda$new$0(50)) - 92916cba-8e63-46d5-806b-8e4a4e94b08c->ec509022-aa0f-4f73-9e4d-21dab8bfeb55: nextIndex: updateUnconditionally 21 -> 20
2019-08-20 17:08:49,185 WARN  server.GrpcLogAppender (LogUtils.java:warn(134)) - 92916cba-8e63-46d5-806b-8e4a4e94b08c->0d52cd0d-5887-4861-9f74-56217e1a0f56: Failed appendEntries: org.apache.ratis.thirdparty.io.grpc.StatusRuntimeException: UNAVAILABLE: io exception
2019-08-20 17:08:49,187 WARN  server.GrpcLogAppender (LogUtils.java:warn(134)) - 92916cba-8e63-46d5-806b-8e4a4e94b08c->ec509022-aa0f-4f73-9e4d-21dab8bfeb55: Failed appendEntries: org.apache.ratis.thirdparty.io.grpc.StatusRuntimeException: UNAVAILABLE: io exception
2019-08-20 17:08:49,187 INFO  impl.FollowerInfo (FollowerInfo.java:lambda$new$0(50)) - 92916cba-8e63-46d5-806b-8e4a4e94b08c->0d52cd0d-5887-4861-9f74-56217e1a0f56: nextIndex: updateUnconditionally 0 -> 0
2019-08-20 17:08:49,188 INFO  impl.FollowerInfo (FollowerInfo.java:lambda$new$0(50)) - 92916cba-8e63-46d5-806b-8e4a4e94b08c->ec509022-aa0f-4f73-9e4d-21dab8bfeb55: nextIndex: updateUnconditionally 20 -> 19
2019-08-20 17:08:51,689 WARN  server.GrpcLogAppender (LogUtils.java:warn(134)) - 92916cba-8e63-46d5-806b-8e4a4e94b08c->ec509022-aa0f-4f73-9e4d-21dab8bfeb55: Failed appendEntries: org.apache.ratis.thirdparty.io.grpc.StatusRuntimeException: UNAVAILABLE: io exception
2019-08-20 17:08:51,689 WARN  server.GrpcLogAppender (LogUtils.java:warn(134)) - 92916cba-8e63-46d5-806b-8e4a4e94b08c->0d52cd0d-5887-4861-9f74-56217e1a0f56: Failed appendEntries: org.apache.ratis.thirdparty.io.grpc.StatusRuntimeException: UNAVAILABLE: io exception
2019-08-20 17:08:51,698 INFO  impl.FollowerInfo (FollowerInfo.java:lambda$new$0(50)) - 92916cba-8e63-46d5-806b-8e4a4e94b08c->ec509022-aa0f-4f73-9e4d-21dab8bfeb55: nextIndex: updateUnconditionally 19 -> 18
2019-08-20 17:08:51,698 INFO  impl.FollowerInfo (FollowerInfo.java:lambda$new$0(50)) - 92916cba-8e63-46d5-806b-8e4a4e94b08c->0d52cd0d-5887-4861-9f74-56217e1a0f56: nextIndex: updateUnconditionally 0 -> 0
2019-08-20 17:08:51,731 WARN  io.KeyOutputStream (KeyOutputStream.java:handleException(276)) - Encountered exception java.io.IOException: Unexpected Storage Container Exception: java.util.concurrent.CompletionException: java.util.concurrent.CompletionException: org.apache.ratis.protocol.RaftRetryFailureException: Failed RaftClientRequest:client-2C2C27990A9B->ec509022-aa0f-4f73-9e4d-21dab8bfeb55@group-2EABACF192D0, cid=27, seq=11*, RW, org.apache.hadoop.hdds.scm.XceiverClientRatis$$Lambda$316/180654430@696873e1 for 5 attempts with RetryLimited(maxAttempts=5, sleepTime=1000ms) on the pipeline Pipeline[ Id: 206b4468-899d-4ae8-84c4-2eabacf192d0, Nodes: 0d52cd0d-5887-4861-9f74-56217e1a0f56{ip: 192.168.34.14, host: pr-hdds-1596-bsl28-2951053889, networkLocation: /default-rack, certSerialId: null}ec509022-aa0f-4f73-9e4d-21dab8bfeb55{ip: 192.168.34.14, host: pr-hdds-1596-bsl28-2951053889, networkLocation: /default-rack, certSerialId: null}92916cba-8e63-46d5-806b-8e4a4e94b08c{ip: 192.168.34.14, host: pr-hdds-1596-bsl28-2951053889, networkLocation: /default-rack, certSerialId: null}, Type:RATIS, Factor:THREE, State:OPEN]. The last committed block length is 1048576, uncommitted data length is 1048576 retry count 0
2019-08-20 17:08:51,749 WARN  block.BlockManagerImpl (BlockManagerImpl.java:allocateBlock(192)) - Pipeline creation failed for type:RATIS factor:THREE. Retrying get pipelines call once.
org.apache.hadoop.hdds.scm.pipeline.InsufficientDatanodesException: Cannot create pipeline of factor 3 using 0 nodes.
	at org.apache.hadoop.hdds.scm.pipeline.RatisPipelineProvider.create(RatisPipelineProvider.java:151)
	at org.apache.hadoop.hdds.scm.pipeline.PipelineFactory.create(PipelineFactory.java:57)
	at org.apache.hadoop.hdds.scm.pipeline.SCMPipelineManager.createPipeline(SCMPipelineManager.java:149)
	at org.apache.hadoop.hdds.scm.block.BlockManagerImpl.allocateBlock(BlockManagerImpl.java:190)
	at org.apache.hadoop.hdds.scm.server.SCMBlockProtocolServer.allocateBlock(SCMBlockProtocolServer.java:176)
	at org.apache.hadoop.ozone.protocolPB.ScmBlockLocationProtocolServerSideTranslatorPB.allocateScmBlock(ScmBlockLocationProtocolServerSideTranslatorPB.java:153)
	at org.apache.hadoop.ozone.protocolPB.ScmBlockLocationProtocolServerSideTranslatorPB.send(ScmBlockLocationProtocolServerSideTranslatorPB.java:112)
	at org.apache.hadoop.hdds.protocol.proto.ScmBlockLocationProtocolProtos$ScmBlockLocationProtocolService$2.callBlockingMethod(ScmBlockLocationProtocolProtos.java:13157)
	at org.apache.hadoop.ipc.ProtobufRpcEngine$Server$ProtoBufRpcInvoker.call(ProtobufRpcEngine.java:524)
	at org.apache.hadoop.ipc.RPC$Server.call(RPC.java:1025)
	at org.apache.hadoop.ipc.Server$RpcCall.run(Server.java:876)
	at org.apache.hadoop.ipc.Server$RpcCall.run(Server.java:822)
	at java.security.AccessController.doPrivileged(Native Method)
	at javax.security.auth.Subject.doAs(Subject.java:422)
	at org.apache.hadoop.security.UserGroupInformation.doAs(UserGroupInformation.java:1730)
	at org.apache.hadoop.ipc.Server$Handler.run(Server.java:2682)
2019-08-20 17:08:51,750 INFO  block.BlockManagerImpl (BlockManagerImpl.java:allocateBlock(198)) - Could not find available pipeline of type:RATIS and factor:THREE even after retrying
2019-08-20 17:08:51,750 ERROR block.BlockManagerImpl (BlockManagerImpl.java:allocateBlock(222)) - Unable to allocate a block for the size: 4194304, type: RATIS, factor: THREE
17:08:51.756 [IPC Server handler 18 on 33006] ERROR OMAudit - user=jenkins1000 | ip=127.0.0.1 | op=ALLOCATE_BLOCK {volume=datanodefailurehandlingtest, bucket=datanodefailurehandlingtest, key=ratis3, dataSize=0, replicationType=null, replicationFactor=null, keyLocationInfo=null, clientID=102650407114833920} | ret=FAILURE
org.apache.hadoop.hdds.scm.exceptions.SCMException: Allocated 0 blocks. Requested 1 blocks
	at org.apache.hadoop.hdds.scm.protocolPB.ScmBlockLocationProtocolClientSideTranslatorPB.handleError(ScmBlockLocationProtocolClientSideTranslatorPB.java:118) ~[hadoop-hdds-common-0.5.0-SNAPSHOT.jar:?]
	at org.apache.hadoop.hdds.scm.protocolPB.ScmBlockLocationProtocolClientSideTranslatorPB.allocateBlock(ScmBlockLocationProtocolClientSideTranslatorPB.java:156) ~[hadoop-hdds-common-0.5.0-SNAPSHOT.jar:?]
	at sun.reflect.NativeMethodAccessorImpl.invoke0(Native Method) ~[?:1.8.0_212]
	at sun.reflect.NativeMethodAccessorImpl.invoke(NativeMethodAccessorImpl.java:62) ~[?:1.8.0_212]
	at sun.reflect.DelegatingMethodAccessorImpl.invoke(DelegatingMethodAccessorImpl.java:43) ~[?:1.8.0_212]
	at java.lang.reflect.Method.invoke(Method.java:498) ~[?:1.8.0_212]
	at org.apache.hadoop.hdds.tracing.TraceAllMethod.invoke(TraceAllMethod.java:66) ~[hadoop-hdds-common-0.5.0-SNAPSHOT.jar:?]
	at com.sun.proxy.$Proxy25.allocateBlock(Unknown Source) ~[?:?]
	at org.apache.hadoop.ozone.om.KeyManagerImpl.allocateBlock(KeyManagerImpl.java:333) ~[hadoop-ozone-ozone-manager-0.5.0-SNAPSHOT.jar:?]
	at org.apache.hadoop.ozone.om.KeyManagerImpl.allocateBlock(KeyManagerImpl.java:304) ~[hadoop-ozone-ozone-manager-0.5.0-SNAPSHOT.jar:?]
	at org.apache.hadoop.ozone.om.OzoneManager.allocateBlock(OzoneManager.java:2298) [hadoop-ozone-ozone-manager-0.5.0-SNAPSHOT.jar:?]
	at org.apache.hadoop.ozone.protocolPB.OzoneManagerRequestHandler.allocateBlock(OzoneManagerRequestHandler.java:741) [hadoop-ozone-ozone-manager-0.5.0-SNAPSHOT.jar:?]
	at org.apache.hadoop.ozone.protocolPB.OzoneManagerRequestHandler.handle(OzoneManagerRequestHandler.java:243) [hadoop-ozone-ozone-manager-0.5.0-SNAPSHOT.jar:?]
	at org.apache.hadoop.ozone.protocolPB.OzoneManagerProtocolServerSideTranslatorPB.submitRequestDirectlyToOM(OzoneManagerProtocolServerSideTranslatorPB.java:200) [hadoop-ozone-ozone-manager-0.5.0-SNAPSHOT.jar:?]
	at org.apache.hadoop.ozone.protocolPB.OzoneManagerProtocolServerSideTranslatorPB.submitRequest(OzoneManagerProtocolServerSideTranslatorPB.java:118) [hadoop-ozone-ozone-manager-0.5.0-SNAPSHOT.jar:?]
	at org.apache.hadoop.ozone.protocol.proto.OzoneManagerProtocolProtos$OzoneManagerService$2.callBlockingMethod(OzoneManagerProtocolProtos.java) [hadoop-ozone-common-0.5.0-SNAPSHOT.jar:?]
	at org.apache.hadoop.ipc.ProtobufRpcEngine$Server$ProtoBufRpcInvoker.call(ProtobufRpcEngine.java:524) [hadoop-common-3.2.0.jar:?]
	at org.apache.hadoop.ipc.RPC$Server.call(RPC.java:1025) [hadoop-common-3.2.0.jar:?]
	at org.apache.hadoop.ipc.Server$RpcCall.run(Server.java:876) [hadoop-common-3.2.0.jar:?]
	at org.apache.hadoop.ipc.Server$RpcCall.run(Server.java:822) [hadoop-common-3.2.0.jar:?]
	at java.security.AccessController.doPrivileged(Native Method) [?:1.8.0_212]
	at javax.security.auth.Subject.doAs(Subject.java:422) [?:1.8.0_212]
	at org.apache.hadoop.security.UserGroupInformation.doAs(UserGroupInformation.java:1730) [hadoop-common-3.2.0.jar:?]
	at org.apache.hadoop.ipc.Server$Handler.run(Server.java:2682) [hadoop-common-3.2.0.jar:?]
2019-08-20 17:08:51,774 ERROR io.BlockOutputStreamEntryPool (BlockOutputStreamEntryPool.java:allocateBlockIfNeeded(299)) - Try to allocate more blocks for write failed, already allocated 0 blocks for this write.
INTERNAL_ERROR org.apache.hadoop.ozone.om.exceptions.OMException: Allocated 0 blocks. Requested 1 blocks
	at org.apache.hadoop.ozone.om.protocolPB.OzoneManagerProtocolClientSideTranslatorPB.handleError(OzoneManagerProtocolClientSideTranslatorPB.java:720)
	at org.apache.hadoop.ozone.om.protocolPB.OzoneManagerProtocolClientSideTranslatorPB.allocateBlock(OzoneManagerProtocolClientSideTranslatorPB.java:752)
	at org.apache.hadoop.ozone.client.io.BlockOutputStreamEntryPool.allocateNewBlock(BlockOutputStreamEntryPool.java:248)
	at org.apache.hadoop.ozone.client.io.BlockOutputStreamEntryPool.allocateBlockIfNeeded(BlockOutputStreamEntryPool.java:296)
	at org.apache.hadoop.ozone.client.io.KeyOutputStream.handleWrite(KeyOutputStream.java:201)
	at org.apache.hadoop.ozone.client.io.KeyOutputStream.handleRetry(KeyOutputStream.java:376)
	at org.apache.hadoop.ozone.client.io.KeyOutputStream.handleException(KeyOutputStream.java:325)
	at org.apache.hadoop.ozone.client.io.KeyOutputStream.handleWrite(KeyOutputStream.java:231)
	at org.apache.hadoop.ozone.client.io.KeyOutputStream.write(KeyOutputStream.java:193)
	at org.apache.hadoop.ozone.client.io.OzoneOutputStream.write(OzoneOutputStream.java:49)
	at java.io.OutputStream.write(OutputStream.java:75)
	at org.apache.hadoop.ozone.client.rpc.TestMultiBlockWritesWithDnFailures.testMultiBlockWritesWithDnFailures(TestMultiBlockWritesWithDnFailures.java:144)
	at sun.reflect.NativeMethodAccessorImpl.invoke0(Native Method)
	at sun.reflect.NativeMethodAccessorImpl.invoke(NativeMethodAccessorImpl.java:62)
	at sun.reflect.DelegatingMethodAccessorImpl.invoke(DelegatingMethodAccessorImpl.java:43)
	at java.lang.reflect.Method.invoke(Method.java:498)
	at org.junit.runners.model.FrameworkMethod$1.runReflectiveCall(FrameworkMethod.java:47)
	at org.junit.internal.runners.model.ReflectiveCallable.run(ReflectiveCallable.java:12)
	at org.junit.runners.model.FrameworkMethod.invokeExplosively(FrameworkMethod.java:44)
	at org.junit.internal.runners.statements.InvokeMethod.evaluate(InvokeMethod.java:17)
	at org.junit.runners.ParentRunner.runLeaf(ParentRunner.java:271)
	at org.junit.runners.BlockJUnit4ClassRunner.runChild(BlockJUnit4ClassRunner.java:70)
	at org.junit.runners.BlockJUnit4ClassRunner.runChild(BlockJUnit4ClassRunner.java:50)
	at org.junit.runners.ParentRunner$3.run(ParentRunner.java:238)
	at org.junit.runners.ParentRunner$1.schedule(ParentRunner.java:63)
	at org.junit.runners.ParentRunner.runChildren(ParentRunner.java:236)
	at org.junit.runners.ParentRunner.access$000(ParentRunner.java:53)
	at org.junit.runners.ParentRunner$2.evaluate(ParentRunner.java:229)
	at org.junit.runners.ParentRunner.run(ParentRunner.java:309)
	at org.apache.maven.surefire.junit4.JUnit4Provider.execute(JUnit4Provider.java:365)
	at org.apache.maven.surefire.junit4.JUnit4Provider.executeWithRerun(JUnit4Provider.java:273)
	at org.apache.maven.surefire.junit4.JUnit4Provider.executeTestSet(JUnit4Provider.java:238)
	at org.apache.maven.surefire.junit4.JUnit4Provider.invoke(JUnit4Provider.java:159)
	at org.apache.maven.surefire.booter.ForkedBooter.invokeProviderInSameClassLoader(ForkedBooter.java:384)
	at org.apache.maven.surefire.booter.ForkedBooter.runSuitesInProcess(ForkedBooter.java:345)
	at org.apache.maven.surefire.booter.ForkedBooter.execute(ForkedBooter.java:126)
	at org.apache.maven.surefire.booter.ForkedBooter.main(ForkedBooter.java:418)
]]></system-out>
    <system-err><![CDATA[ERROR StatusLogger No Log4j 2 configuration file found. Using default configuration (logging only errors to the console), or user programmatically provided configurations. Set system property 'log4j2.debug' to show Log4j 2 internal initialization logging. See https://logging.apache.org/log4j/2.x/manual/configuration.html for instructions on how to configure Log4j 2
Aug 20, 2019 5:08:21 PM com.sun.jersey.server.impl.application.WebApplicationImpl _initiate
INFO: Initiating Jersey application, version 'Jersey: 1.19 02/11/2015 03:25 AM'
Aug 20, 2019 5:08:22 PM com.sun.jersey.server.impl.application.WebApplicationImpl _initiate
INFO: Initiating Jersey application, version 'Jersey: 1.19 02/11/2015 03:25 AM'
Aug 20, 2019 5:08:23 PM com.sun.jersey.server.impl.application.WebApplicationImpl _initiate
INFO: Initiating Jersey application, version 'Jersey: 1.19 02/11/2015 03:25 AM'
Aug 20, 2019 5:08:23 PM com.sun.jersey.server.impl.application.WebApplicationImpl _initiate
INFO: Initiating Jersey application, version 'Jersey: 1.19 02/11/2015 03:25 AM'
Aug 20, 2019 5:08:23 PM com.sun.jersey.server.impl.application.WebApplicationImpl _initiate
INFO: Initiating Jersey application, version 'Jersey: 1.19 02/11/2015 03:25 AM'
Aug 20, 2019 5:08:23 PM com.sun.jersey.server.impl.application.WebApplicationImpl _initiate
INFO: Initiating Jersey application, version 'Jersey: 1.19 02/11/2015 03:25 AM'
]]></system-err>
  </testcase>
</testsuite>