<?xml version="1.0" encoding="UTF-8"?>
<testsuite xmlns:xsi="http://www.w3.org/2001/XMLSchema-instance" xsi:noNamespaceSchemaLocation="https://maven.apache.org/surefire/maven-surefire-plugin/xsd/surefire-test-report.xsd" name="org.apache.hadoop.ozone.client.rpc.TestContainerStateMachineFailures" time="294.562" tests="3" errors="1" skipped="0" failures="0">
  <properties>
    <property name="awt.toolkit" value="sun.awt.X11.XToolkit"/>
    <property name="file.encoding.pkg" value="sun.io"/>
    <property name="java.specification.version" value="1.8"/>
    <property name="sun.cpu.isalist" value=""/>
    <property name="sun.jnu.encoding" value="UTF-8"/>
    <property name="java.class.path" value="/workdir/hadoop-ozone/integration-test/target/test-classes:/workdir/hadoop-ozone/integration-test/target/classes:/home/user/.m2/repository/org/apache/hadoop/hadoop-ozone-common/0.5.0-SNAPSHOT/hadoop-ozone-common-0.5.0-SNAPSHOT.jar:/home/user/.m2/repository/org/apache/commons/commons-compress/1.4.1/commons-compress-1.4.1.jar:/home/user/.m2/repository/org/tukaani/xz/1.0/xz-1.0.jar:/home/user/.m2/repository/org/apache/hadoop/hadoop-common/3.2.0/hadoop-common-3.2.0.jar:/home/user/.m2/repository/org/apache/hadoop/hadoop-hdfs/3.2.0/hadoop-hdfs-3.2.0.jar:/home/user/.m2/repository/org/apache/hadoop/hadoop-hdfs-client/3.2.0/hadoop-hdfs-client-3.2.0.jar:/home/user/.m2/repository/com/fasterxml/jackson/core/jackson-annotations/2.9.5/jackson-annotations-2.9.5.jar:/home/user/.m2/repository/org/apache/hadoop/hadoop-hdds-common/0.5.0-SNAPSHOT/hadoop-hdds-common-0.5.0-SNAPSHOT.jar:/home/user/.m2/repository/javax/annotation/javax.annotation-api/1.2/javax.annotation-api-1.2.jar:/home/user/.m2/repository/org/apache/ratis/ratis-server/0.4.0-2337318-SNAPSHOT/ratis-server-0.4.0-2337318-SNAPSHOT.jar:/home/user/.m2/repository/org/apache/ratis/ratis-thirdparty-misc/0.2.0/ratis-thirdparty-misc-0.2.0.jar:/home/user/.m2/repository/org/apache/ratis/ratis-proto/0.4.0-2337318-SNAPSHOT/ratis-proto-0.4.0-2337318-SNAPSHOT.jar:/home/user/.m2/repository/org/apache/ratis/ratis-common/0.4.0-2337318-SNAPSHOT/ratis-common-0.4.0-2337318-SNAPSHOT.jar:/home/user/.m2/repository/org/apache/ratis/ratis-client/0.4.0-2337318-SNAPSHOT/ratis-client-0.4.0-2337318-SNAPSHOT.jar:/home/user/.m2/repository/org/apache/ratis/ratis-metrics/0.4.0-2337318-SNAPSHOT/ratis-metrics-0.4.0-2337318-SNAPSHOT.jar:/home/user/.m2/repository/org/apache/ratis/ratis-netty/0.4.0-2337318-SNAPSHOT/ratis-netty-0.4.0-2337318-SNAPSHOT.jar:/home/user/.m2/repository/org/apache/ratis/ratis-grpc/0.4.0-2337318-SNAPSHOT/ratis-grpc-0.4.0-2337318-SNAPSHOT.jar:/home/user/.m2/repository/org/rocksdb/rocksdbjni/6.0.1/rocksdbjni-6.0.1.jar:/home/user/.m2/repository/org/apache/logging/log4j/log4j-api/2.11.0/log4j-api-2.11.0.jar:/home/user/.m2/repository/org/apache/logging/log4j/log4j-core/2.11.0/log4j-core-2.11.0.jar:/home/user/.m2/repository/com/lmax/disruptor/3.4.2/disruptor-3.4.2.jar:/home/user/.m2/repository/org/apache/commons/commons-pool2/2.6.0/commons-pool2-2.6.0.jar:/home/user/.m2/repository/org/bouncycastle/bcpkix-jdk15on/1.60/bcpkix-jdk15on-1.60.jar:/home/user/.m2/repository/commons-validator/commons-validator/1.6/commons-validator-1.6.jar:/home/user/.m2/repository/commons-digester/commons-digester/1.8.1/commons-digester-1.8.1.jar:/home/user/.m2/repository/io/jaegertracing/jaeger-client/0.33.1/jaeger-client-0.33.1.jar:/home/user/.m2/repository/io/jaegertracing/jaeger-thrift/0.33.1/jaeger-thrift-0.33.1.jar:/home/user/.m2/repository/org/apache/thrift/libthrift/0.11.0/libthrift-0.11.0.jar:/home/user/.m2/repository/com/squareup/okhttp3/okhttp/3.9.0/okhttp-3.9.0.jar:/home/user/.m2/repository/com/squareup/okio/okio/1.13.0/okio-1.13.0.jar:/home/user/.m2/repository/io/jaegertracing/jaeger-core/0.33.1/jaeger-core-0.33.1.jar:/home/user/.m2/repository/io/jaegertracing/jaeger-tracerresolver/0.33.1/jaeger-tracerresolver-0.33.1.jar:/home/user/.m2/repository/io/opentracing/contrib/opentracing-tracerresolver/0.1.5/opentracing-tracerresolver-0.1.5.jar:/home/user/.m2/repository/io/opentracing/opentracing-util/0.31.0/opentracing-util-0.31.0.jar:/home/user/.m2/repository/io/opentracing/opentracing-api/0.31.0/opentracing-api-0.31.0.jar:/home/user/.m2/repository/io/opentracing/opentracing-noop/0.31.0/opentracing-noop-0.31.0.jar:/home/user/.m2/repository/org/apache/hadoop/hadoop-hdds-server-framework/0.5.0-SNAPSHOT/hadoop-hdds-server-framework-0.5.0-SNAPSHOT.jar:/home/user/.m2/repository/org/apache/hadoop/hadoop-hdds-container-service/0.5.0-SNAPSHOT/hadoop-hdds-container-service-0.5.0-SNAPSHOT.jar:/home/user/.m2/repository/org/apache/hadoop/hadoop-hdds-client/0.5.0-SNAPSHOT/hadoop-hdds-client-0.5.0-SNAPSHOT.jar:/home/user/.m2/repository/org/apache/hadoop/hadoop-hdds-tools/0.5.0-SNAPSHOT/hadoop-hdds-tools-0.5.0-SNAPSHOT.jar:/home/user/.m2/repository/org/apache/hadoop/hadoop-hdds-server-scm/0.5.0-SNAPSHOT/hadoop-hdds-server-scm-0.5.0-SNAPSHOT.jar:/home/user/.m2/repository/org/apache/hadoop/hadoop-hdds-docs/0.5.0-SNAPSHOT/hadoop-hdds-docs-0.5.0-SNAPSHOT.jar:/home/user/.m2/repository/io/dropwizard/metrics/metrics-core/3.2.4/metrics-core-3.2.4.jar:/home/user/.m2/repository/org/hamcrest/hamcrest-all/1.3/hamcrest-all-1.3.jar:/home/user/.m2/repository/org/bouncycastle/bcprov-jdk15on/1.60/bcprov-jdk15on-1.60.jar:/home/user/.m2/repository/info/picocli/picocli/3.9.6/picocli-3.9.6.jar:/home/user/.m2/repository/com/google/protobuf/protobuf-java/2.5.0/protobuf-java-2.5.0.jar:/home/user/.m2/repository/com/google/guava/guava/11.0.2/guava-11.0.2.jar:/home/user/.m2/repository/org/apache/hadoop/hadoop-ozone-ozone-manager/0.5.0-SNAPSHOT/hadoop-ozone-ozone-manager-0.5.0-SNAPSHOT.jar:/home/user/.m2/repository/org/apache/hadoop/hadoop-minikdc/3.2.0/hadoop-minikdc-3.2.0.jar:/home/user/.m2/repository/commons-io/commons-io/2.5/commons-io-2.5.jar:/home/user/.m2/repository/org/apache/kerby/kerb-simplekdc/1.0.1/kerb-simplekdc-1.0.1.jar:/home/user/.m2/repository/org/apache/kerby/kerb-client/1.0.1/kerb-client-1.0.1.jar:/home/user/.m2/repository/org/apache/kerby/kerby-config/1.0.1/kerby-config-1.0.1.jar:/home/user/.m2/repository/org/apache/kerby/kerb-core/1.0.1/kerb-core-1.0.1.jar:/home/user/.m2/repository/org/apache/kerby/kerby-pkix/1.0.1/kerby-pkix-1.0.1.jar:/home/user/.m2/repository/org/apache/kerby/kerby-asn1/1.0.1/kerby-asn1-1.0.1.jar:/home/user/.m2/repository/org/apache/kerby/kerby-util/1.0.1/kerby-util-1.0.1.jar:/home/user/.m2/repository/org/apache/kerby/kerb-common/1.0.1/kerb-common-1.0.1.jar:/home/user/.m2/repository/org/apache/kerby/kerb-crypto/1.0.1/kerb-crypto-1.0.1.jar:/home/user/.m2/repository/org/apache/kerby/kerb-util/1.0.1/kerb-util-1.0.1.jar:/home/user/.m2/repository/org/apache/kerby/token-provider/1.0.1/token-provider-1.0.1.jar:/home/user/.m2/repository/org/apache/kerby/kerb-admin/1.0.1/kerb-admin-1.0.1.jar:/home/user/.m2/repository/org/apache/kerby/kerb-server/1.0.1/kerb-server-1.0.1.jar:/home/user/.m2/repository/org/apache/kerby/kerb-identity/1.0.1/kerb-identity-1.0.1.jar:/home/user/.m2/repository/org/apache/kerby/kerby-xdr/1.0.1/kerby-xdr-1.0.1.jar:/home/user/.m2/repository/org/slf4j/slf4j-log4j12/1.7.25/slf4j-log4j12-1.7.25.jar:/home/user/.m2/repository/org/apache/hadoop/hadoop-ozone-objectstore-service/0.5.0-SNAPSHOT/hadoop-ozone-objectstore-service-0.5.0-SNAPSHOT.jar:/home/user/.m2/repository/org/apache/hadoop/hadoop-ozone-s3gateway/0.5.0-SNAPSHOT/hadoop-ozone-s3gateway-0.5.0-SNAPSHOT.jar:/home/user/.m2/repository/org/jboss/weld/servlet/weld-servlet/2.4.7.Final/weld-servlet-2.4.7.Final.jar:/home/user/.m2/repository/org/glassfish/jersey/containers/jersey-container-servlet-core/2.27/jersey-container-servlet-core-2.27.jar:/home/user/.m2/repository/org/glassfish/hk2/external/javax.inject/2.5.0-b42/javax.inject-2.5.0-b42.jar:/home/user/.m2/repository/org/glassfish/jersey/core/jersey-common/2.27/jersey-common-2.27.jar:/home/user/.m2/repository/org/glassfish/hk2/osgi-resource-locator/1.0.1/osgi-resource-locator-1.0.1.jar:/home/user/.m2/repository/javax/ws/rs/javax.ws.rs-api/2.1/javax.ws.rs-api-2.1.jar:/home/user/.m2/repository/org/glassfish/jersey/ext/cdi/jersey-cdi1x/2.27/jersey-cdi1x-2.27.jar:/home/user/.m2/repository/org/glassfish/jersey/inject/jersey-hk2/2.27/jersey-hk2-2.27.jar:/home/user/.m2/repository/org/glassfish/hk2/hk2-locator/2.5.0-b42/hk2-locator-2.5.0-b42.jar:/home/user/.m2/repository/org/javassist/javassist/3.22.0-CR2/javassist-3.22.0-CR2.jar:/home/user/.m2/repository/org/glassfish/hk2/hk2-api/2.5.0/hk2-api-2.5.0.jar:/home/user/.m2/repository/org/glassfish/hk2/external/jakarta.inject/2.5.0/jakarta.inject-2.5.0.jar:/home/user/.m2/repository/org/glassfish/hk2/hk2-utils/2.5.0/hk2-utils-2.5.0.jar:/home/user/.m2/repository/jakarta/annotation/jakarta.annotation-api/1.3.4/jakarta.annotation-api-1.3.4.jar:/home/user/.m2/repository/org/glassfish/hk2/external/aopalliance-repackaged/2.5.0/aopalliance-repackaged-2.5.0.jar:/home/user/.m2/repository/com/fasterxml/jackson/dataformat/jackson-dataformat-xml/2.9.0/jackson-dataformat-xml-2.9.0.jar:/home/user/.m2/repository/com/fasterxml/jackson/core/jackson-core/2.9.5/jackson-core-2.9.5.jar:/home/user/.m2/repository/com/fasterxml/jackson/module/jackson-module-jaxb-annotations/2.9.5/jackson-module-jaxb-annotations-2.9.5.jar:/home/user/.m2/repository/javax/enterprise/cdi-api/1.2/cdi-api-1.2.jar:/home/user/.m2/repository/javax/el/javax.el-api/3.0.0/javax.el-api-3.0.0.jar:/home/user/.m2/repository/javax/interceptor/javax.interceptor-api/1.2/javax.interceptor-api-1.2.jar:/home/user/.m2/repository/javax/inject/javax.inject/1/javax.inject-1.jar:/home/user/.m2/repository/com/sun/xml/bind/jaxb-impl/2.3.0.1/jaxb-impl-2.3.0.1.jar:/home/user/.m2/repository/com/sun/xml/bind/jaxb-core/2.3.0.1/jaxb-core-2.3.0.1.jar:/home/user/.m2/repository/javax/xml/bind/jaxb-api/2.3.0/jaxb-api-2.3.0.jar:/home/user/.m2/repository/javax/activation/activation/1.1.1/activation-1.1.1.jar:/home/user/.m2/repository/org/apache/hadoop/hadoop-ozone-csi/0.5.0-SNAPSHOT/hadoop-ozone-csi-0.5.0-SNAPSHOT.jar:/home/user/.m2/repository/com/google/protobuf/protobuf-java-util/3.5.1/protobuf-java-util-3.5.1.jar:/home/user/.m2/repository/org/apache/hadoop/hadoop-hdds-config/0.5.0-SNAPSHOT/hadoop-hdds-config-0.5.0-SNAPSHOT.jar:/home/user/.m2/repository/io/grpc/grpc-netty/1.17.1/grpc-netty-1.17.1.jar:/home/user/.m2/repository/io/grpc/grpc-core/1.17.1/grpc-core-1.17.1.jar:/home/user/.m2/repository/io/grpc/grpc-context/1.17.1/grpc-context-1.17.1.jar:/home/user/.m2/repository/com/google/errorprone/error_prone_annotations/2.2.0/error_prone_annotations-2.2.0.jar:/home/user/.m2/repository/org/codehaus/mojo/animal-sniffer-annotations/1.17/animal-sniffer-annotations-1.17.jar:/home/user/.m2/repository/io/opencensus/opencensus-api/0.17.0/opencensus-api-0.17.0.jar:/home/user/.m2/repository/io/opencensus/opencensus-contrib-grpc-metrics/0.17.0/opencensus-contrib-grpc-metrics-0.17.0.jar:/home/user/.m2/repository/io/netty/netty-codec-http2/4.1.30.Final/netty-codec-http2-4.1.30.Final.jar:/home/user/.m2/repository/io/netty/netty-codec-http/4.1.30.Final/netty-codec-http-4.1.30.Final.jar:/home/user/.m2/repository/io/netty/netty-codec/4.1.30.Final/netty-codec-4.1.30.Final.jar:/home/user/.m2/repository/io/netty/netty-handler/4.1.30.Final/netty-handler-4.1.30.Final.jar:/home/user/.m2/repository/io/netty/netty-handler-proxy/4.1.30.Final/netty-handler-proxy-4.1.30.Final.jar:/home/user/.m2/repository/io/netty/netty-codec-socks/4.1.30.Final/netty-codec-socks-4.1.30.Final.jar:/home/user/.m2/repository/io/netty/netty-transport-native-epoll/4.1.30.Final/netty-transport-native-epoll-4.1.30.Final.jar:/home/user/.m2/repository/io/netty/netty-common/4.1.30.Final/netty-common-4.1.30.Final.jar:/home/user/.m2/repository/io/netty/netty-buffer/4.1.30.Final/netty-buffer-4.1.30.Final.jar:/home/user/.m2/repository/io/netty/netty-transport/4.1.30.Final/netty-transport-4.1.30.Final.jar:/home/user/.m2/repository/io/netty/netty-resolver/4.1.30.Final/netty-resolver-4.1.30.Final.jar:/home/user/.m2/repository/io/netty/netty-transport-native-unix-common/4.1.30.Final/netty-transport-native-unix-common-4.1.30.Final.jar:/home/user/.m2/repository/io/grpc/grpc-protobuf/1.17.1/grpc-protobuf-1.17.1.jar:/home/user/.m2/repository/com/google/api/grpc/proto-google-common-protos/1.0.0/proto-google-common-protos-1.0.0.jar:/home/user/.m2/repository/io/grpc/grpc-protobuf-lite/1.17.1/grpc-protobuf-lite-1.17.1.jar:/home/user/.m2/repository/io/grpc/grpc-stub/1.17.1/grpc-stub-1.17.1.jar:/home/user/.m2/repository/org/apache/hadoop/hadoop-ozone-recon/0.5.0-SNAPSHOT/hadoop-ozone-recon-0.5.0-SNAPSHOT.jar:/home/user/.m2/repository/org/apache/hadoop/hadoop-ozone-reconcodegen/0.5.0-SNAPSHOT/hadoop-ozone-reconcodegen-0.5.0-SNAPSHOT.jar:/home/user/.m2/repository/com/google/inject/extensions/guice-multibindings/4.0/guice-multibindings-4.0.jar:/home/user/.m2/repository/com/google/inject/guice/4.0/guice-4.0.jar:/home/user/.m2/repository/aopalliance/aopalliance/1.0/aopalliance-1.0.jar:/home/user/.m2/repository/com/google/inject/extensions/guice-servlet/4.0/guice-servlet-4.0.jar:/home/user/.m2/repository/org/glassfish/jersey/containers/jersey-container-servlet/2.27/jersey-container-servlet-2.27.jar:/home/user/.m2/repository/org/glassfish/hk2/guice-bridge/2.5.0/guice-bridge-2.5.0.jar:/home/user/.m2/repository/org/glassfish/jersey/core/jersey-server/2.27/jersey-server-2.27.jar:/home/user/.m2/repository/org/glassfish/jersey/core/jersey-client/2.27/jersey-client-2.27.jar:/home/user/.m2/repository/org/glassfish/jersey/media/jersey-media-jaxb/2.27/jersey-media-jaxb-2.27.jar:/home/user/.m2/repository/javax/validation/validation-api/1.1.0.Final/validation-api-1.1.0.Final.jar:/home/user/.m2/repository/org/glassfish/jersey/media/jersey-media-json-jackson/2.27/jersey-media-json-jackson-2.27.jar:/home/user/.m2/repository/org/glassfish/jersey/ext/jersey-entity-filtering/2.27/jersey-entity-filtering-2.27.jar:/home/user/.m2/repository/com/google/inject/extensions/guice-assistedinject/4.0/guice-assistedinject-4.0.jar:/home/user/.m2/repository/org/jooq/jooq/3.11.10/jooq-3.11.10.jar:/home/user/.m2/repository/org/jooq/jooq-meta/3.11.10/jooq-meta-3.11.10.jar:/home/user/.m2/repository/org/jooq/jooq-codegen/3.11.10/jooq-codegen-3.11.10.jar:/home/user/.m2/repository/com/jolbox/bonecp/0.8.0.RELEASE/bonecp-0.8.0.RELEASE.jar:/home/user/.m2/repository/org/xerial/sqlite-jdbc/3.25.2/sqlite-jdbc-3.25.2.jar:/home/user/.m2/repository/org/springframework/spring-jdbc/5.1.3.RELEASE/spring-jdbc-5.1.3.RELEASE.jar:/home/user/.m2/repository/org/springframework/spring-beans/5.1.3.RELEASE/spring-beans-5.1.3.RELEASE.jar:/home/user/.m2/repository/org/springframework/spring-core/5.1.3.RELEASE/spring-core-5.1.3.RELEASE.jar:/home/user/.m2/repository/org/springframework/spring-jcl/5.1.3.RELEASE/spring-jcl-5.1.3.RELEASE.jar:/home/user/.m2/repository/org/springframework/spring-tx/5.1.3.RELEASE/spring-tx-5.1.3.RELEASE.jar:/home/user/.m2/repository/org/apache/hadoop/hadoop-ozone-client/0.5.0-SNAPSHOT/hadoop-ozone-client-0.5.0-SNAPSHOT.jar:/home/user/.m2/repository/commons-lang/commons-lang/2.6/commons-lang-2.6.jar:/home/user/.m2/repository/org/apache/hadoop/hadoop-ozone-ozone-manager/0.5.0-SNAPSHOT/hadoop-ozone-ozone-manager-0.5.0-SNAPSHOT-tests.jar:/home/user/.m2/repository/junit/junit/4.11/junit-4.11.jar:/home/user/.m2/repository/org/hamcrest/hamcrest-core/1.3/hamcrest-core-1.3.jar:/home/user/.m2/repository/org/openjdk/jmh/jmh-core/1.19/jmh-core-1.19.jar:/home/user/.m2/repository/net/sf/jopt-simple/jopt-simple/4.6/jopt-simple-4.6.jar:/home/user/.m2/repository/org/apache/commons/commons-math3/3.1.1/commons-math3-3.1.1.jar:/home/user/.m2/repository/org/openjdk/jmh/jmh-generator-annprocess/1.19/jmh-generator-annprocess-1.19.jar:/home/user/.m2/repository/org/mockito/mockito-all/1.8.5/mockito-all-1.8.5.jar:/home/user/.m2/repository/org/apache/hadoop/hadoop-kms/3.2.0/hadoop-kms-3.2.0.jar:/home/user/.m2/repository/org/apache/hadoop/hadoop-auth/3.2.0/hadoop-auth-3.2.0.jar:/home/user/.m2/repository/com/nimbusds/nimbus-jose-jwt/4.41.1/nimbus-jose-jwt-4.41.1.jar:/home/user/.m2/repository/com/github/stephenc/jcip/jcip-annotations/1.0-1/jcip-annotations-1.0-1.jar:/home/user/.m2/repository/net/minidev/json-smart/2.3/json-smart-2.3.jar:/home/user/.m2/repository/net/minidev/accessors-smart/1.2/accessors-smart-1.2.jar:/home/user/.m2/repository/org/ow2/asm/asm/5.0.4/asm-5.0.4.jar:/home/user/.m2/repository/org/apache/curator/curator-framework/2.12.0/curator-framework-2.12.0.jar:/home/user/.m2/repository/com/sun/jersey/jersey-core/1.19/jersey-core-1.19.jar:/home/user/.m2/repository/javax/ws/rs/jsr311-api/1.1.1/jsr311-api-1.1.1.jar:/home/user/.m2/repository/com/sun/jersey/jersey-server/1.19/jersey-server-1.19.jar:/home/user/.m2/repository/javax/servlet/javax.servlet-api/3.1.0/javax.servlet-api-3.1.0.jar:/home/user/.m2/repository/org/eclipse/jetty/jetty-server/9.3.24.v20180605/jetty-server-9.3.24.v20180605.jar:/home/user/.m2/repository/org/eclipse/jetty/jetty-http/9.3.24.v20180605/jetty-http-9.3.24.v20180605.jar:/home/user/.m2/repository/org/eclipse/jetty/jetty-io/9.3.24.v20180605/jetty-io-9.3.24.v20180605.jar:/home/user/.m2/repository/org/eclipse/jetty/jetty-webapp/9.3.24.v20180605/jetty-webapp-9.3.24.v20180605.jar:/home/user/.m2/repository/org/eclipse/jetty/jetty-xml/9.3.24.v20180605/jetty-xml-9.3.24.v20180605.jar:/home/user/.m2/repository/log4j/log4j/1.2.17/log4j-1.2.17.jar:/home/user/.m2/repository/org/slf4j/slf4j-api/1.7.25/slf4j-api-1.7.25.jar:/home/user/.m2/repository/org/slf4j/jul-to-slf4j/1.7.25/jul-to-slf4j-1.7.25.jar:/home/user/.m2/repository/org/eclipse/jetty/jetty-util/9.3.24.v20180605/jetty-util-9.3.24.v20180605.jar:/home/user/.m2/repository/com/fasterxml/jackson/core/jackson-databind/2.9.5/jackson-databind-2.9.5.jar:/home/user/.m2/repository/org/apache/hadoop/hadoop-kms/3.2.0/hadoop-kms-3.2.0-tests.jar:/home/user/.m2/repository/org/apache/hadoop/hadoop-hdds-server-scm/0.5.0-SNAPSHOT/hadoop-hdds-server-scm-0.5.0-SNAPSHOT-tests.jar:/home/user/.m2/repository/org/apache/hadoop/hadoop-hdds-container-service/0.5.0-SNAPSHOT/hadoop-hdds-container-service-0.5.0-SNAPSHOT-tests.jar:/home/user/.m2/repository/org/yaml/snakeyaml/1.16/snakeyaml-1.16.jar:/home/user/.m2/repository/org/apache/hadoop/hadoop-common/3.2.0/hadoop-common-3.2.0-tests.jar:/home/user/.m2/repository/org/apache/hadoop/hadoop-annotations/3.2.0/hadoop-annotations-3.2.0.jar:/usr/lib/jvm/java-1.8-openjdk/jre/../lib/tools.jar:/home/user/.m2/repository/commons-cli/commons-cli/1.2/commons-cli-1.2.jar:/home/user/.m2/repository/org/apache/httpcomponents/httpclient/4.5.2/httpclient-4.5.2.jar:/home/user/.m2/repository/org/apache/httpcomponents/httpcore/4.4.4/httpcore-4.4.4.jar:/home/user/.m2/repository/commons-codec/commons-codec/1.11/commons-codec-1.11.jar:/home/user/.m2/repository/commons-net/commons-net/3.6/commons-net-3.6.jar:/home/user/.m2/repository/commons-collections/commons-collections/3.2.2/commons-collections-3.2.2.jar:/home/user/.m2/repository/org/eclipse/jetty/jetty-servlet/9.3.24.v20180605/jetty-servlet-9.3.24.v20180605.jar:/home/user/.m2/repository/org/eclipse/jetty/jetty-security/9.3.24.v20180605/jetty-security-9.3.24.v20180605.jar:/home/user/.m2/repository/javax/servlet/jsp/jsp-api/2.1/jsp-api-2.1.jar:/home/user/.m2/repository/com/sun/jersey/jersey-servlet/1.19/jersey-servlet-1.19.jar:/home/user/.m2/repository/com/sun/jersey/jersey-json/1.19/jersey-json-1.19.jar:/home/user/.m2/repository/org/codehaus/jettison/jettison/1.1/jettison-1.1.jar:/home/user/.m2/repository/org/codehaus/jackson/jackson-core-asl/1.9.13/jackson-core-asl-1.9.13.jar:/home/user/.m2/repository/org/codehaus/jackson/jackson-mapper-asl/1.9.13/jackson-mapper-asl-1.9.13.jar:/home/user/.m2/repository/org/codehaus/jackson/jackson-jaxrs/1.9.13/jackson-jaxrs-1.9.13.jar:/home/user/.m2/repository/org/codehaus/jackson/jackson-xc/1.9.13/jackson-xc-1.9.13.jar:/home/user/.m2/repository/commons-logging/commons-logging/1.1.3/commons-logging-1.1.3.jar:/home/user/.m2/repository/commons-beanutils/commons-beanutils/1.9.3/commons-beanutils-1.9.3.jar:/home/user/.m2/repository/org/apache/commons/commons-configuration2/2.1.1/commons-configuration2-2.1.1.jar:/home/user/.m2/repository/org/apache/commons/commons-lang3/3.7/commons-lang3-3.7.jar:/home/user/.m2/repository/org/apache/commons/commons-text/1.4/commons-text-1.4.jar:/home/user/.m2/repository/org/apache/avro/avro/1.7.7/avro-1.7.7.jar:/home/user/.m2/repository/com/thoughtworks/paranamer/paranamer/2.3/paranamer-2.3.jar:/home/user/.m2/repository/org/xerial/snappy/snappy-java/1.0.5/snappy-java-1.0.5.jar:/home/user/.m2/repository/com/google/re2j/re2j/1.1/re2j-1.1.jar:/home/user/.m2/repository/com/google/code/gson/gson/2.2.4/gson-2.2.4.jar:/home/user/.m2/repository/com/jcraft/jsch/0.1.54/jsch-0.1.54.jar:/home/user/.m2/repository/org/apache/curator/curator-client/2.12.0/curator-client-2.12.0.jar:/home/user/.m2/repository/org/apache/curator/curator-recipes/2.12.0/curator-recipes-2.12.0.jar:/home/user/.m2/repository/com/google/code/findbugs/jsr305/3.0.0/jsr305-3.0.0.jar:/home/user/.m2/repository/org/apache/htrace/htrace-core4/4.1.0-incubating/htrace-core4-4.1.0-incubating.jar:/home/user/.m2/repository/org/apache/zookeeper/zookeeper/3.4.13/zookeeper-3.4.13.jar:/home/user/.m2/repository/org/apache/yetus/audience-annotations/0.5.0/audience-annotations-0.5.0.jar:/home/user/.m2/repository/org/codehaus/woodstox/stax2-api/3.1.4/stax2-api-3.1.4.jar:/home/user/.m2/repository/com/fasterxml/woodstox/woodstox-core/5.0.3/woodstox-core-5.0.3.jar:/home/user/.m2/repository/dnsjava/dnsjava/2.1.7/dnsjava-2.1.7.jar:/home/user/.m2/repository/org/apache/hadoop/hadoop-hdfs/3.2.0/hadoop-hdfs-3.2.0-tests.jar:/home/user/.m2/repository/org/eclipse/jetty/jetty-util-ajax/9.3.24.v20180605/jetty-util-ajax-9.3.24.v20180605.jar:/home/user/.m2/repository/commons-daemon/commons-daemon/1.0.13/commons-daemon-1.0.13.jar:/home/user/.m2/repository/io/netty/netty/3.10.5.Final/netty-3.10.5.Final.jar:/home/user/.m2/repository/io/netty/netty-all/4.0.52.Final/netty-all-4.0.52.Final.jar:/home/user/.m2/repository/org/fusesource/leveldbjni/leveldbjni-all/1.8/leveldbjni-all-1.8.jar:"/>
    <property name="java.vm.vendor" value="IcedTea"/>
    <property name="sun.arch.data.model" value="64"/>
    <property name="test.build.dir" value="/workdir/hadoop-ozone/integration-test/target/test-dir"/>
    <property name="test.cache.data" value=""/>
    <property name="java.vendor.url" value="https://icedtea.classpath.org"/>
    <property name="user.timezone" value=""/>
    <property name="java.vm.specification.version" value="1.8"/>
    <property name="os.name" value="Linux"/>
    <property name="test.build.data" value="/workdir/hadoop-ozone/integration-test/target/test-dir"/>
    <property name="user.country" value="US"/>
    <property name="sun.java.launcher" value="SUN_STANDARD"/>
    <property name="sun.boot.library.path" value="/usr/lib/jvm/java-1.8-openjdk/jre/lib/amd64"/>
    <property name="sun.java.command" value="/workdir/hadoop-ozone/integration-test/target/surefire/surefirebooter1702851478299041726.jar /workdir/hadoop-ozone/integration-test/target/surefire 2019-09-19T11-05-02_939-jvmRun1 surefire3694273527701159113tmp surefire_383224174344489970138tmp"/>
    <property name="test" value="!TestMiniChaosOzoneCluster"/>
    <property name="surefire.test.class.path" value="/workdir/hadoop-ozone/integration-test/target/test-classes:/workdir/hadoop-ozone/integration-test/target/classes:/home/user/.m2/repository/org/apache/hadoop/hadoop-ozone-common/0.5.0-SNAPSHOT/hadoop-ozone-common-0.5.0-SNAPSHOT.jar:/home/user/.m2/repository/org/apache/commons/commons-compress/1.4.1/commons-compress-1.4.1.jar:/home/user/.m2/repository/org/tukaani/xz/1.0/xz-1.0.jar:/home/user/.m2/repository/org/apache/hadoop/hadoop-common/3.2.0/hadoop-common-3.2.0.jar:/home/user/.m2/repository/org/apache/hadoop/hadoop-hdfs/3.2.0/hadoop-hdfs-3.2.0.jar:/home/user/.m2/repository/org/apache/hadoop/hadoop-hdfs-client/3.2.0/hadoop-hdfs-client-3.2.0.jar:/home/user/.m2/repository/com/fasterxml/jackson/core/jackson-annotations/2.9.5/jackson-annotations-2.9.5.jar:/home/user/.m2/repository/org/apache/hadoop/hadoop-hdds-common/0.5.0-SNAPSHOT/hadoop-hdds-common-0.5.0-SNAPSHOT.jar:/home/user/.m2/repository/javax/annotation/javax.annotation-api/1.2/javax.annotation-api-1.2.jar:/home/user/.m2/repository/org/apache/ratis/ratis-server/0.4.0-2337318-SNAPSHOT/ratis-server-0.4.0-2337318-SNAPSHOT.jar:/home/user/.m2/repository/org/apache/ratis/ratis-thirdparty-misc/0.2.0/ratis-thirdparty-misc-0.2.0.jar:/home/user/.m2/repository/org/apache/ratis/ratis-proto/0.4.0-2337318-SNAPSHOT/ratis-proto-0.4.0-2337318-SNAPSHOT.jar:/home/user/.m2/repository/org/apache/ratis/ratis-common/0.4.0-2337318-SNAPSHOT/ratis-common-0.4.0-2337318-SNAPSHOT.jar:/home/user/.m2/repository/org/apache/ratis/ratis-client/0.4.0-2337318-SNAPSHOT/ratis-client-0.4.0-2337318-SNAPSHOT.jar:/home/user/.m2/repository/org/apache/ratis/ratis-metrics/0.4.0-2337318-SNAPSHOT/ratis-metrics-0.4.0-2337318-SNAPSHOT.jar:/home/user/.m2/repository/org/apache/ratis/ratis-netty/0.4.0-2337318-SNAPSHOT/ratis-netty-0.4.0-2337318-SNAPSHOT.jar:/home/user/.m2/repository/org/apache/ratis/ratis-grpc/0.4.0-2337318-SNAPSHOT/ratis-grpc-0.4.0-2337318-SNAPSHOT.jar:/home/user/.m2/repository/org/rocksdb/rocksdbjni/6.0.1/rocksdbjni-6.0.1.jar:/home/user/.m2/repository/org/apache/logging/log4j/log4j-api/2.11.0/log4j-api-2.11.0.jar:/home/user/.m2/repository/org/apache/logging/log4j/log4j-core/2.11.0/log4j-core-2.11.0.jar:/home/user/.m2/repository/com/lmax/disruptor/3.4.2/disruptor-3.4.2.jar:/home/user/.m2/repository/org/apache/commons/commons-pool2/2.6.0/commons-pool2-2.6.0.jar:/home/user/.m2/repository/org/bouncycastle/bcpkix-jdk15on/1.60/bcpkix-jdk15on-1.60.jar:/home/user/.m2/repository/commons-validator/commons-validator/1.6/commons-validator-1.6.jar:/home/user/.m2/repository/commons-digester/commons-digester/1.8.1/commons-digester-1.8.1.jar:/home/user/.m2/repository/io/jaegertracing/jaeger-client/0.33.1/jaeger-client-0.33.1.jar:/home/user/.m2/repository/io/jaegertracing/jaeger-thrift/0.33.1/jaeger-thrift-0.33.1.jar:/home/user/.m2/repository/org/apache/thrift/libthrift/0.11.0/libthrift-0.11.0.jar:/home/user/.m2/repository/com/squareup/okhttp3/okhttp/3.9.0/okhttp-3.9.0.jar:/home/user/.m2/repository/com/squareup/okio/okio/1.13.0/okio-1.13.0.jar:/home/user/.m2/repository/io/jaegertracing/jaeger-core/0.33.1/jaeger-core-0.33.1.jar:/home/user/.m2/repository/io/jaegertracing/jaeger-tracerresolver/0.33.1/jaeger-tracerresolver-0.33.1.jar:/home/user/.m2/repository/io/opentracing/contrib/opentracing-tracerresolver/0.1.5/opentracing-tracerresolver-0.1.5.jar:/home/user/.m2/repository/io/opentracing/opentracing-util/0.31.0/opentracing-util-0.31.0.jar:/home/user/.m2/repository/io/opentracing/opentracing-api/0.31.0/opentracing-api-0.31.0.jar:/home/user/.m2/repository/io/opentracing/opentracing-noop/0.31.0/opentracing-noop-0.31.0.jar:/home/user/.m2/repository/org/apache/hadoop/hadoop-hdds-server-framework/0.5.0-SNAPSHOT/hadoop-hdds-server-framework-0.5.0-SNAPSHOT.jar:/home/user/.m2/repository/org/apache/hadoop/hadoop-hdds-container-service/0.5.0-SNAPSHOT/hadoop-hdds-container-service-0.5.0-SNAPSHOT.jar:/home/user/.m2/repository/org/apache/hadoop/hadoop-hdds-client/0.5.0-SNAPSHOT/hadoop-hdds-client-0.5.0-SNAPSHOT.jar:/home/user/.m2/repository/org/apache/hadoop/hadoop-hdds-tools/0.5.0-SNAPSHOT/hadoop-hdds-tools-0.5.0-SNAPSHOT.jar:/home/user/.m2/repository/org/apache/hadoop/hadoop-hdds-server-scm/0.5.0-SNAPSHOT/hadoop-hdds-server-scm-0.5.0-SNAPSHOT.jar:/home/user/.m2/repository/org/apache/hadoop/hadoop-hdds-docs/0.5.0-SNAPSHOT/hadoop-hdds-docs-0.5.0-SNAPSHOT.jar:/home/user/.m2/repository/io/dropwizard/metrics/metrics-core/3.2.4/metrics-core-3.2.4.jar:/home/user/.m2/repository/org/hamcrest/hamcrest-all/1.3/hamcrest-all-1.3.jar:/home/user/.m2/repository/org/bouncycastle/bcprov-jdk15on/1.60/bcprov-jdk15on-1.60.jar:/home/user/.m2/repository/info/picocli/picocli/3.9.6/picocli-3.9.6.jar:/home/user/.m2/repository/com/google/protobuf/protobuf-java/2.5.0/protobuf-java-2.5.0.jar:/home/user/.m2/repository/com/google/guava/guava/11.0.2/guava-11.0.2.jar:/home/user/.m2/repository/org/apache/hadoop/hadoop-ozone-ozone-manager/0.5.0-SNAPSHOT/hadoop-ozone-ozone-manager-0.5.0-SNAPSHOT.jar:/home/user/.m2/repository/org/apache/hadoop/hadoop-minikdc/3.2.0/hadoop-minikdc-3.2.0.jar:/home/user/.m2/repository/commons-io/commons-io/2.5/commons-io-2.5.jar:/home/user/.m2/repository/org/apache/kerby/kerb-simplekdc/1.0.1/kerb-simplekdc-1.0.1.jar:/home/user/.m2/repository/org/apache/kerby/kerb-client/1.0.1/kerb-client-1.0.1.jar:/home/user/.m2/repository/org/apache/kerby/kerby-config/1.0.1/kerby-config-1.0.1.jar:/home/user/.m2/repository/org/apache/kerby/kerb-core/1.0.1/kerb-core-1.0.1.jar:/home/user/.m2/repository/org/apache/kerby/kerby-pkix/1.0.1/kerby-pkix-1.0.1.jar:/home/user/.m2/repository/org/apache/kerby/kerby-asn1/1.0.1/kerby-asn1-1.0.1.jar:/home/user/.m2/repository/org/apache/kerby/kerby-util/1.0.1/kerby-util-1.0.1.jar:/home/user/.m2/repository/org/apache/kerby/kerb-common/1.0.1/kerb-common-1.0.1.jar:/home/user/.m2/repository/org/apache/kerby/kerb-crypto/1.0.1/kerb-crypto-1.0.1.jar:/home/user/.m2/repository/org/apache/kerby/kerb-util/1.0.1/kerb-util-1.0.1.jar:/home/user/.m2/repository/org/apache/kerby/token-provider/1.0.1/token-provider-1.0.1.jar:/home/user/.m2/repository/org/apache/kerby/kerb-admin/1.0.1/kerb-admin-1.0.1.jar:/home/user/.m2/repository/org/apache/kerby/kerb-server/1.0.1/kerb-server-1.0.1.jar:/home/user/.m2/repository/org/apache/kerby/kerb-identity/1.0.1/kerb-identity-1.0.1.jar:/home/user/.m2/repository/org/apache/kerby/kerby-xdr/1.0.1/kerby-xdr-1.0.1.jar:/home/user/.m2/repository/org/slf4j/slf4j-log4j12/1.7.25/slf4j-log4j12-1.7.25.jar:/home/user/.m2/repository/org/apache/hadoop/hadoop-ozone-objectstore-service/0.5.0-SNAPSHOT/hadoop-ozone-objectstore-service-0.5.0-SNAPSHOT.jar:/home/user/.m2/repository/org/apache/hadoop/hadoop-ozone-s3gateway/0.5.0-SNAPSHOT/hadoop-ozone-s3gateway-0.5.0-SNAPSHOT.jar:/home/user/.m2/repository/org/jboss/weld/servlet/weld-servlet/2.4.7.Final/weld-servlet-2.4.7.Final.jar:/home/user/.m2/repository/org/glassfish/jersey/containers/jersey-container-servlet-core/2.27/jersey-container-servlet-core-2.27.jar:/home/user/.m2/repository/org/glassfish/hk2/external/javax.inject/2.5.0-b42/javax.inject-2.5.0-b42.jar:/home/user/.m2/repository/org/glassfish/jersey/core/jersey-common/2.27/jersey-common-2.27.jar:/home/user/.m2/repository/org/glassfish/hk2/osgi-resource-locator/1.0.1/osgi-resource-locator-1.0.1.jar:/home/user/.m2/repository/javax/ws/rs/javax.ws.rs-api/2.1/javax.ws.rs-api-2.1.jar:/home/user/.m2/repository/org/glassfish/jersey/ext/cdi/jersey-cdi1x/2.27/jersey-cdi1x-2.27.jar:/home/user/.m2/repository/org/glassfish/jersey/inject/jersey-hk2/2.27/jersey-hk2-2.27.jar:/home/user/.m2/repository/org/glassfish/hk2/hk2-locator/2.5.0-b42/hk2-locator-2.5.0-b42.jar:/home/user/.m2/repository/org/javassist/javassist/3.22.0-CR2/javassist-3.22.0-CR2.jar:/home/user/.m2/repository/org/glassfish/hk2/hk2-api/2.5.0/hk2-api-2.5.0.jar:/home/user/.m2/repository/org/glassfish/hk2/external/jakarta.inject/2.5.0/jakarta.inject-2.5.0.jar:/home/user/.m2/repository/org/glassfish/hk2/hk2-utils/2.5.0/hk2-utils-2.5.0.jar:/home/user/.m2/repository/jakarta/annotation/jakarta.annotation-api/1.3.4/jakarta.annotation-api-1.3.4.jar:/home/user/.m2/repository/org/glassfish/hk2/external/aopalliance-repackaged/2.5.0/aopalliance-repackaged-2.5.0.jar:/home/user/.m2/repository/com/fasterxml/jackson/dataformat/jackson-dataformat-xml/2.9.0/jackson-dataformat-xml-2.9.0.jar:/home/user/.m2/repository/com/fasterxml/jackson/core/jackson-core/2.9.5/jackson-core-2.9.5.jar:/home/user/.m2/repository/com/fasterxml/jackson/module/jackson-module-jaxb-annotations/2.9.5/jackson-module-jaxb-annotations-2.9.5.jar:/home/user/.m2/repository/javax/enterprise/cdi-api/1.2/cdi-api-1.2.jar:/home/user/.m2/repository/javax/el/javax.el-api/3.0.0/javax.el-api-3.0.0.jar:/home/user/.m2/repository/javax/interceptor/javax.interceptor-api/1.2/javax.interceptor-api-1.2.jar:/home/user/.m2/repository/javax/inject/javax.inject/1/javax.inject-1.jar:/home/user/.m2/repository/com/sun/xml/bind/jaxb-impl/2.3.0.1/jaxb-impl-2.3.0.1.jar:/home/user/.m2/repository/com/sun/xml/bind/jaxb-core/2.3.0.1/jaxb-core-2.3.0.1.jar:/home/user/.m2/repository/javax/xml/bind/jaxb-api/2.3.0/jaxb-api-2.3.0.jar:/home/user/.m2/repository/javax/activation/activation/1.1.1/activation-1.1.1.jar:/home/user/.m2/repository/org/apache/hadoop/hadoop-ozone-csi/0.5.0-SNAPSHOT/hadoop-ozone-csi-0.5.0-SNAPSHOT.jar:/home/user/.m2/repository/com/google/protobuf/protobuf-java-util/3.5.1/protobuf-java-util-3.5.1.jar:/home/user/.m2/repository/org/apache/hadoop/hadoop-hdds-config/0.5.0-SNAPSHOT/hadoop-hdds-config-0.5.0-SNAPSHOT.jar:/home/user/.m2/repository/io/grpc/grpc-netty/1.17.1/grpc-netty-1.17.1.jar:/home/user/.m2/repository/io/grpc/grpc-core/1.17.1/grpc-core-1.17.1.jar:/home/user/.m2/repository/io/grpc/grpc-context/1.17.1/grpc-context-1.17.1.jar:/home/user/.m2/repository/com/google/errorprone/error_prone_annotations/2.2.0/error_prone_annotations-2.2.0.jar:/home/user/.m2/repository/org/codehaus/mojo/animal-sniffer-annotations/1.17/animal-sniffer-annotations-1.17.jar:/home/user/.m2/repository/io/opencensus/opencensus-api/0.17.0/opencensus-api-0.17.0.jar:/home/user/.m2/repository/io/opencensus/opencensus-contrib-grpc-metrics/0.17.0/opencensus-contrib-grpc-metrics-0.17.0.jar:/home/user/.m2/repository/io/netty/netty-codec-http2/4.1.30.Final/netty-codec-http2-4.1.30.Final.jar:/home/user/.m2/repository/io/netty/netty-codec-http/4.1.30.Final/netty-codec-http-4.1.30.Final.jar:/home/user/.m2/repository/io/netty/netty-codec/4.1.30.Final/netty-codec-4.1.30.Final.jar:/home/user/.m2/repository/io/netty/netty-handler/4.1.30.Final/netty-handler-4.1.30.Final.jar:/home/user/.m2/repository/io/netty/netty-handler-proxy/4.1.30.Final/netty-handler-proxy-4.1.30.Final.jar:/home/user/.m2/repository/io/netty/netty-codec-socks/4.1.30.Final/netty-codec-socks-4.1.30.Final.jar:/home/user/.m2/repository/io/netty/netty-transport-native-epoll/4.1.30.Final/netty-transport-native-epoll-4.1.30.Final.jar:/home/user/.m2/repository/io/netty/netty-common/4.1.30.Final/netty-common-4.1.30.Final.jar:/home/user/.m2/repository/io/netty/netty-buffer/4.1.30.Final/netty-buffer-4.1.30.Final.jar:/home/user/.m2/repository/io/netty/netty-transport/4.1.30.Final/netty-transport-4.1.30.Final.jar:/home/user/.m2/repository/io/netty/netty-resolver/4.1.30.Final/netty-resolver-4.1.30.Final.jar:/home/user/.m2/repository/io/netty/netty-transport-native-unix-common/4.1.30.Final/netty-transport-native-unix-common-4.1.30.Final.jar:/home/user/.m2/repository/io/grpc/grpc-protobuf/1.17.1/grpc-protobuf-1.17.1.jar:/home/user/.m2/repository/com/google/api/grpc/proto-google-common-protos/1.0.0/proto-google-common-protos-1.0.0.jar:/home/user/.m2/repository/io/grpc/grpc-protobuf-lite/1.17.1/grpc-protobuf-lite-1.17.1.jar:/home/user/.m2/repository/io/grpc/grpc-stub/1.17.1/grpc-stub-1.17.1.jar:/home/user/.m2/repository/org/apache/hadoop/hadoop-ozone-recon/0.5.0-SNAPSHOT/hadoop-ozone-recon-0.5.0-SNAPSHOT.jar:/home/user/.m2/repository/org/apache/hadoop/hadoop-ozone-reconcodegen/0.5.0-SNAPSHOT/hadoop-ozone-reconcodegen-0.5.0-SNAPSHOT.jar:/home/user/.m2/repository/com/google/inject/extensions/guice-multibindings/4.0/guice-multibindings-4.0.jar:/home/user/.m2/repository/com/google/inject/guice/4.0/guice-4.0.jar:/home/user/.m2/repository/aopalliance/aopalliance/1.0/aopalliance-1.0.jar:/home/user/.m2/repository/com/google/inject/extensions/guice-servlet/4.0/guice-servlet-4.0.jar:/home/user/.m2/repository/org/glassfish/jersey/containers/jersey-container-servlet/2.27/jersey-container-servlet-2.27.jar:/home/user/.m2/repository/org/glassfish/hk2/guice-bridge/2.5.0/guice-bridge-2.5.0.jar:/home/user/.m2/repository/org/glassfish/jersey/core/jersey-server/2.27/jersey-server-2.27.jar:/home/user/.m2/repository/org/glassfish/jersey/core/jersey-client/2.27/jersey-client-2.27.jar:/home/user/.m2/repository/org/glassfish/jersey/media/jersey-media-jaxb/2.27/jersey-media-jaxb-2.27.jar:/home/user/.m2/repository/javax/validation/validation-api/1.1.0.Final/validation-api-1.1.0.Final.jar:/home/user/.m2/repository/org/glassfish/jersey/media/jersey-media-json-jackson/2.27/jersey-media-json-jackson-2.27.jar:/home/user/.m2/repository/org/glassfish/jersey/ext/jersey-entity-filtering/2.27/jersey-entity-filtering-2.27.jar:/home/user/.m2/repository/com/google/inject/extensions/guice-assistedinject/4.0/guice-assistedinject-4.0.jar:/home/user/.m2/repository/org/jooq/jooq/3.11.10/jooq-3.11.10.jar:/home/user/.m2/repository/org/jooq/jooq-meta/3.11.10/jooq-meta-3.11.10.jar:/home/user/.m2/repository/org/jooq/jooq-codegen/3.11.10/jooq-codegen-3.11.10.jar:/home/user/.m2/repository/com/jolbox/bonecp/0.8.0.RELEASE/bonecp-0.8.0.RELEASE.jar:/home/user/.m2/repository/org/xerial/sqlite-jdbc/3.25.2/sqlite-jdbc-3.25.2.jar:/home/user/.m2/repository/org/springframework/spring-jdbc/5.1.3.RELEASE/spring-jdbc-5.1.3.RELEASE.jar:/home/user/.m2/repository/org/springframework/spring-beans/5.1.3.RELEASE/spring-beans-5.1.3.RELEASE.jar:/home/user/.m2/repository/org/springframework/spring-core/5.1.3.RELEASE/spring-core-5.1.3.RELEASE.jar:/home/user/.m2/repository/org/springframework/spring-jcl/5.1.3.RELEASE/spring-jcl-5.1.3.RELEASE.jar:/home/user/.m2/repository/org/springframework/spring-tx/5.1.3.RELEASE/spring-tx-5.1.3.RELEASE.jar:/home/user/.m2/repository/org/apache/hadoop/hadoop-ozone-client/0.5.0-SNAPSHOT/hadoop-ozone-client-0.5.0-SNAPSHOT.jar:/home/user/.m2/repository/commons-lang/commons-lang/2.6/commons-lang-2.6.jar:/home/user/.m2/repository/org/apache/hadoop/hadoop-ozone-ozone-manager/0.5.0-SNAPSHOT/hadoop-ozone-ozone-manager-0.5.0-SNAPSHOT-tests.jar:/home/user/.m2/repository/junit/junit/4.11/junit-4.11.jar:/home/user/.m2/repository/org/hamcrest/hamcrest-core/1.3/hamcrest-core-1.3.jar:/home/user/.m2/repository/org/openjdk/jmh/jmh-core/1.19/jmh-core-1.19.jar:/home/user/.m2/repository/net/sf/jopt-simple/jopt-simple/4.6/jopt-simple-4.6.jar:/home/user/.m2/repository/org/apache/commons/commons-math3/3.1.1/commons-math3-3.1.1.jar:/home/user/.m2/repository/org/openjdk/jmh/jmh-generator-annprocess/1.19/jmh-generator-annprocess-1.19.jar:/home/user/.m2/repository/org/mockito/mockito-all/1.8.5/mockito-all-1.8.5.jar:/home/user/.m2/repository/org/apache/hadoop/hadoop-kms/3.2.0/hadoop-kms-3.2.0.jar:/home/user/.m2/repository/org/apache/hadoop/hadoop-auth/3.2.0/hadoop-auth-3.2.0.jar:/home/user/.m2/repository/com/nimbusds/nimbus-jose-jwt/4.41.1/nimbus-jose-jwt-4.41.1.jar:/home/user/.m2/repository/com/github/stephenc/jcip/jcip-annotations/1.0-1/jcip-annotations-1.0-1.jar:/home/user/.m2/repository/net/minidev/json-smart/2.3/json-smart-2.3.jar:/home/user/.m2/repository/net/minidev/accessors-smart/1.2/accessors-smart-1.2.jar:/home/user/.m2/repository/org/ow2/asm/asm/5.0.4/asm-5.0.4.jar:/home/user/.m2/repository/org/apache/curator/curator-framework/2.12.0/curator-framework-2.12.0.jar:/home/user/.m2/repository/com/sun/jersey/jersey-core/1.19/jersey-core-1.19.jar:/home/user/.m2/repository/javax/ws/rs/jsr311-api/1.1.1/jsr311-api-1.1.1.jar:/home/user/.m2/repository/com/sun/jersey/jersey-server/1.19/jersey-server-1.19.jar:/home/user/.m2/repository/javax/servlet/javax.servlet-api/3.1.0/javax.servlet-api-3.1.0.jar:/home/user/.m2/repository/org/eclipse/jetty/jetty-server/9.3.24.v20180605/jetty-server-9.3.24.v20180605.jar:/home/user/.m2/repository/org/eclipse/jetty/jetty-http/9.3.24.v20180605/jetty-http-9.3.24.v20180605.jar:/home/user/.m2/repository/org/eclipse/jetty/jetty-io/9.3.24.v20180605/jetty-io-9.3.24.v20180605.jar:/home/user/.m2/repository/org/eclipse/jetty/jetty-webapp/9.3.24.v20180605/jetty-webapp-9.3.24.v20180605.jar:/home/user/.m2/repository/org/eclipse/jetty/jetty-xml/9.3.24.v20180605/jetty-xml-9.3.24.v20180605.jar:/home/user/.m2/repository/log4j/log4j/1.2.17/log4j-1.2.17.jar:/home/user/.m2/repository/org/slf4j/slf4j-api/1.7.25/slf4j-api-1.7.25.jar:/home/user/.m2/repository/org/slf4j/jul-to-slf4j/1.7.25/jul-to-slf4j-1.7.25.jar:/home/user/.m2/repository/org/eclipse/jetty/jetty-util/9.3.24.v20180605/jetty-util-9.3.24.v20180605.jar:/home/user/.m2/repository/com/fasterxml/jackson/core/jackson-databind/2.9.5/jackson-databind-2.9.5.jar:/home/user/.m2/repository/org/apache/hadoop/hadoop-kms/3.2.0/hadoop-kms-3.2.0-tests.jar:/home/user/.m2/repository/org/apache/hadoop/hadoop-hdds-server-scm/0.5.0-SNAPSHOT/hadoop-hdds-server-scm-0.5.0-SNAPSHOT-tests.jar:/home/user/.m2/repository/org/apache/hadoop/hadoop-hdds-container-service/0.5.0-SNAPSHOT/hadoop-hdds-container-service-0.5.0-SNAPSHOT-tests.jar:/home/user/.m2/repository/org/yaml/snakeyaml/1.16/snakeyaml-1.16.jar:/home/user/.m2/repository/org/apache/hadoop/hadoop-common/3.2.0/hadoop-common-3.2.0-tests.jar:/home/user/.m2/repository/org/apache/hadoop/hadoop-annotations/3.2.0/hadoop-annotations-3.2.0.jar:/usr/lib/jvm/java-1.8-openjdk/jre/../lib/tools.jar:/home/user/.m2/repository/commons-cli/commons-cli/1.2/commons-cli-1.2.jar:/home/user/.m2/repository/org/apache/httpcomponents/httpclient/4.5.2/httpclient-4.5.2.jar:/home/user/.m2/repository/org/apache/httpcomponents/httpcore/4.4.4/httpcore-4.4.4.jar:/home/user/.m2/repository/commons-codec/commons-codec/1.11/commons-codec-1.11.jar:/home/user/.m2/repository/commons-net/commons-net/3.6/commons-net-3.6.jar:/home/user/.m2/repository/commons-collections/commons-collections/3.2.2/commons-collections-3.2.2.jar:/home/user/.m2/repository/org/eclipse/jetty/jetty-servlet/9.3.24.v20180605/jetty-servlet-9.3.24.v20180605.jar:/home/user/.m2/repository/org/eclipse/jetty/jetty-security/9.3.24.v20180605/jetty-security-9.3.24.v20180605.jar:/home/user/.m2/repository/javax/servlet/jsp/jsp-api/2.1/jsp-api-2.1.jar:/home/user/.m2/repository/com/sun/jersey/jersey-servlet/1.19/jersey-servlet-1.19.jar:/home/user/.m2/repository/com/sun/jersey/jersey-json/1.19/jersey-json-1.19.jar:/home/user/.m2/repository/org/codehaus/jettison/jettison/1.1/jettison-1.1.jar:/home/user/.m2/repository/org/codehaus/jackson/jackson-core-asl/1.9.13/jackson-core-asl-1.9.13.jar:/home/user/.m2/repository/org/codehaus/jackson/jackson-mapper-asl/1.9.13/jackson-mapper-asl-1.9.13.jar:/home/user/.m2/repository/org/codehaus/jackson/jackson-jaxrs/1.9.13/jackson-jaxrs-1.9.13.jar:/home/user/.m2/repository/org/codehaus/jackson/jackson-xc/1.9.13/jackson-xc-1.9.13.jar:/home/user/.m2/repository/commons-logging/commons-logging/1.1.3/commons-logging-1.1.3.jar:/home/user/.m2/repository/commons-beanutils/commons-beanutils/1.9.3/commons-beanutils-1.9.3.jar:/home/user/.m2/repository/org/apache/commons/commons-configuration2/2.1.1/commons-configuration2-2.1.1.jar:/home/user/.m2/repository/org/apache/commons/commons-lang3/3.7/commons-lang3-3.7.jar:/home/user/.m2/repository/org/apache/commons/commons-text/1.4/commons-text-1.4.jar:/home/user/.m2/repository/org/apache/avro/avro/1.7.7/avro-1.7.7.jar:/home/user/.m2/repository/com/thoughtworks/paranamer/paranamer/2.3/paranamer-2.3.jar:/home/user/.m2/repository/org/xerial/snappy/snappy-java/1.0.5/snappy-java-1.0.5.jar:/home/user/.m2/repository/com/google/re2j/re2j/1.1/re2j-1.1.jar:/home/user/.m2/repository/com/google/code/gson/gson/2.2.4/gson-2.2.4.jar:/home/user/.m2/repository/com/jcraft/jsch/0.1.54/jsch-0.1.54.jar:/home/user/.m2/repository/org/apache/curator/curator-client/2.12.0/curator-client-2.12.0.jar:/home/user/.m2/repository/org/apache/curator/curator-recipes/2.12.0/curator-recipes-2.12.0.jar:/home/user/.m2/repository/com/google/code/findbugs/jsr305/3.0.0/jsr305-3.0.0.jar:/home/user/.m2/repository/org/apache/htrace/htrace-core4/4.1.0-incubating/htrace-core4-4.1.0-incubating.jar:/home/user/.m2/repository/org/apache/zookeeper/zookeeper/3.4.13/zookeeper-3.4.13.jar:/home/user/.m2/repository/org/apache/yetus/audience-annotations/0.5.0/audience-annotations-0.5.0.jar:/home/user/.m2/repository/org/codehaus/woodstox/stax2-api/3.1.4/stax2-api-3.1.4.jar:/home/user/.m2/repository/com/fasterxml/woodstox/woodstox-core/5.0.3/woodstox-core-5.0.3.jar:/home/user/.m2/repository/dnsjava/dnsjava/2.1.7/dnsjava-2.1.7.jar:/home/user/.m2/repository/org/apache/hadoop/hadoop-hdfs/3.2.0/hadoop-hdfs-3.2.0-tests.jar:/home/user/.m2/repository/org/eclipse/jetty/jetty-util-ajax/9.3.24.v20180605/jetty-util-ajax-9.3.24.v20180605.jar:/home/user/.m2/repository/commons-daemon/commons-daemon/1.0.13/commons-daemon-1.0.13.jar:/home/user/.m2/repository/io/netty/netty/3.10.5.Final/netty-3.10.5.Final.jar:/home/user/.m2/repository/io/netty/netty-all/4.0.52.Final/netty-all-4.0.52.Final.jar:/home/user/.m2/repository/org/fusesource/leveldbjni/leveldbjni-all/1.8/leveldbjni-all-1.8.jar:"/>
    <property name="sun.cpu.endian" value="little"/>
    <property name="user.home" value="/home/user"/>
    <property name="user.language" value="en"/>
    <property name="java.specification.vendor" value="Oracle Corporation"/>
    <property name="java.home" value="/usr/lib/jvm/java-1.8-openjdk/jre"/>
    <property name="java.security.krb5.conf" value="/workdir/hadoop-ozone/integration-test/target/test-classes/krb5.conf"/>
    <property name="basedir" value="/workdir/hadoop-ozone/integration-test"/>
    <property name="file.separator" value="/"/>
    <property name="line.separator" value="&#10;"/>
    <property name="java.vm.specification.vendor" value="Oracle Corporation"/>
    <property name="java.specification.name" value="Java Platform API Specification"/>
    <property name="java.awt.graphicsenv" value="sun.awt.X11GraphicsEnvironment"/>
    <property name="surefire.real.class.path" value="/workdir/hadoop-ozone/integration-test/target/surefire/surefirebooter1702851478299041726.jar"/>
    <property name="hadoop.log.dir" value="/workdir/hadoop-ozone/integration-test/target/log"/>
    <property name="sun.boot.class.path" value="/usr/lib/jvm/java-1.8-openjdk/jre/lib/resources.jar:/usr/lib/jvm/java-1.8-openjdk/jre/lib/rt.jar:/usr/lib/jvm/java-1.8-openjdk/jre/lib/sunrsasign.jar:/usr/lib/jvm/java-1.8-openjdk/jre/lib/jsse.jar:/usr/lib/jvm/java-1.8-openjdk/jre/lib/jce.jar:/usr/lib/jvm/java-1.8-openjdk/jre/lib/charsets.jar:/usr/lib/jvm/java-1.8-openjdk/jre/lib/jfr.jar:/usr/lib/jvm/java-1.8-openjdk/jre/classes"/>
    <property name="sun.management.compiler" value="HotSpot 64-Bit Tiered Compilers"/>
    <property name="java.runtime.version" value="1.8.0_212-b04"/>
    <property name="java.net.preferIPv4Stack" value="true"/>
    <property name="user.name" value="jenkins1000"/>
    <property name="path.separator" value=":"/>
    <property name="java.security.egd" value="file:///dev/urandom"/>
    <property name="os.version" value="3.10.0-957.12.2.el7.x86_64"/>
    <property name="java.endorsed.dirs" value="/usr/lib/jvm/java-1.8-openjdk/jre/lib/endorsed"/>
    <property name="java.runtime.name" value="OpenJDK Runtime Environment"/>
    <property name="file.encoding" value="UTF-8"/>
    <property name="java.vm.name" value="OpenJDK 64-Bit Server VM"/>
    <property name="test.build.webapps" value=""/>
    <property name="localRepository" value="/home/user/.m2/repository"/>
    <property name="java.vendor.url.bug" value="https://icedtea.classpath.org/bugzilla"/>
    <property name="java.io.tmpdir" value="/tmp"/>
    <property name="require.test.libhadoop" value=""/>
    <property name="java.version" value="1.8.0_212"/>
    <property name="user.dir" value="/workdir/hadoop-ozone/integration-test"/>
    <property name="os.arch" value="amd64"/>
    <property name="java.vm.specification.name" value="Java Virtual Machine Specification"/>
    <property name="test.build.classes" value="/workdir/hadoop-ozone/integration-test/target/test-classes"/>
    <property name="java.awt.printerjob" value="sun.print.PSPrinterJob"/>
    <property name="sun.os.patch.level" value="unknown"/>
    <property name="hadoop.tmp.dir" value="/workdir/hadoop-ozone/integration-test/target/tmp"/>
    <property name="java.library.path" value="/usr/lib/jvm/java-1.8-openjdk/jre/lib/amd64/server:/usr/lib/jvm/java-1.8-openjdk/jre/lib/amd64:/usr/lib/jvm/java-1.8-openjdk/jre/../lib/amd64:/workdir/hadoop-ozone/integration-test/target/native/target/usr/local/lib:/workdir/hadoop-ozone/integration-test/../../hadoop-common-project/hadoop-common/target/native/target/usr/local/lib:/usr/java/packages/lib/amd64:/usr/lib64:/lib64:/lib:/usr/lib"/>
    <property name="java.vm.info" value="mixed mode"/>
    <property name="java.vendor" value="IcedTea"/>
    <property name="java.vm.version" value="25.212-b04"/>
    <property name="java.ext.dirs" value="/usr/lib/jvm/java-1.8-openjdk/jre/lib/ext:/usr/java/packages/lib/ext"/>
    <property name="sun.io.unicode.encoding" value="UnicodeLittle"/>
    <property name="java.class.version" value="52.0"/>
  </properties>
  <testcase name="testContainerStateMachineFailures" classname="org.apache.hadoop.ozone.client.rpc.TestContainerStateMachineFailures" time="86.854"/>
  <testcase name="testUnhealthyContainer" classname="org.apache.hadoop.ozone.client.rpc.TestContainerStateMachineFailures" time="119.289"/>
  <testcase name="testApplyTransactionFailure" classname="org.apache.hadoop.ozone.client.rpc.TestContainerStateMachineFailures" time="37.532">
    <error type="java.lang.NullPointerException">java.lang.NullPointerException
	at org.apache.hadoop.ozone.client.rpc.TestContainerStateMachineFailures.testApplyTransactionFailure(TestContainerStateMachineFailures.java:305)
	at sun.reflect.NativeMethodAccessorImpl.invoke0(Native Method)
	at sun.reflect.NativeMethodAccessorImpl.invoke(NativeMethodAccessorImpl.java:62)
	at sun.reflect.DelegatingMethodAccessorImpl.invoke(DelegatingMethodAccessorImpl.java:43)
	at java.lang.reflect.Method.invoke(Method.java:498)
	at org.junit.runners.model.FrameworkMethod$1.runReflectiveCall(FrameworkMethod.java:47)
	at org.junit.internal.runners.model.ReflectiveCallable.run(ReflectiveCallable.java:12)
	at org.junit.runners.model.FrameworkMethod.invokeExplosively(FrameworkMethod.java:44)
	at org.junit.internal.runners.statements.InvokeMethod.evaluate(InvokeMethod.java:17)
	at org.junit.runners.ParentRunner.runLeaf(ParentRunner.java:271)
	at org.junit.runners.BlockJUnit4ClassRunner.runChild(BlockJUnit4ClassRunner.java:70)
	at org.junit.runners.BlockJUnit4ClassRunner.runChild(BlockJUnit4ClassRunner.java:50)
	at org.junit.runners.ParentRunner$3.run(ParentRunner.java:238)
	at org.junit.runners.ParentRunner$1.schedule(ParentRunner.java:63)
	at org.junit.runners.ParentRunner.runChildren(ParentRunner.java:236)
	at org.junit.runners.ParentRunner.access$000(ParentRunner.java:53)
	at org.junit.runners.ParentRunner$2.evaluate(ParentRunner.java:229)
	at org.junit.internal.runners.statements.RunBefores.evaluate(RunBefores.java:26)
	at org.junit.internal.runners.statements.RunAfters.evaluate(RunAfters.java:27)
	at org.junit.runners.ParentRunner.run(ParentRunner.java:309)
	at org.apache.maven.surefire.junit4.JUnit4Provider.execute(JUnit4Provider.java:365)
	at org.apache.maven.surefire.junit4.JUnit4Provider.executeWithRerun(JUnit4Provider.java:273)
	at org.apache.maven.surefire.junit4.JUnit4Provider.executeTestSet(JUnit4Provider.java:238)
	at org.apache.maven.surefire.junit4.JUnit4Provider.invoke(JUnit4Provider.java:159)
	at org.apache.maven.surefire.booter.ForkedBooter.invokeProviderInSameClassLoader(ForkedBooter.java:384)
	at org.apache.maven.surefire.booter.ForkedBooter.runSuitesInProcess(ForkedBooter.java:345)
	at org.apache.maven.surefire.booter.ForkedBooter.execute(ForkedBooter.java:126)
	at org.apache.maven.surefire.booter.ForkedBooter.main(ForkedBooter.java:418)
</error>
    <system-out><![CDATA[2019-09-19 14:04:47,086 [EventQueue-CloseContainerForCloseContainerEventHandler] INFO  container.CloseContainerEventHandler (CloseContainerEventHandler.java:onMessage(61)) - Close container Event triggered for container : #3
2019-09-19 14:04:47,086 [pool-58-thread-1] INFO  server.RaftServerConfigKeys (ConfUtils.java:logGet(43)) - raft.server.log.segment.size.max = 1048576 (custom)
2019-09-19 14:04:47,087 [pool-58-thread-1] INFO  server.RaftServerConfigKeys (ConfUtils.java:logGet(43)) - raft.server.log.preallocated.size = 16384 (custom)
2019-09-19 14:04:47,087 [pool-58-thread-1] INFO  server.RaftServerConfigKeys (ConfUtils.java:logGet(43)) - raft.server.log.write.buffer.size = 33554432 (custom)
2019-09-19 14:04:47,087 [pool-58-thread-1] INFO  server.RaftServerConfigKeys (ConfUtils.java:logGet(43)) - raft.server.log.force.sync.num = 128 (default)
2019-09-19 14:04:47,087 [pool-58-thread-1] INFO  server.RaftServerConfigKeys (ConfUtils.java:logGet(43)) - raft.server.log.statemachine.data.sync = true (default)
2019-09-19 14:04:47,087 [pool-58-thread-1] INFO  server.RaftServerConfigKeys (ConfUtils.java:logGet(43)) - raft.server.log.statemachine.data.sync.timeout = 10s (default)
2019-09-19 14:04:47,087 [pool-58-thread-1] INFO  server.RaftServerConfigKeys (ConfUtils.java:logGet(43)) - raft.server.log.statemachine.data.sync.timeout.retry = -1 (default)
2019-09-19 14:04:47,088 [pool-58-thread-1] INFO  server.RaftServerConfigKeys (ConfUtils.java:logGet(43)) - raft.server.log.statemachine.data.caching.enabled = true (custom)
2019-09-19 14:04:47,088 [pool-58-thread-1] INFO  segmented.SegmentedRaftLogWorker (SegmentedRaftLogWorker.java:lambda$new$0(132)) - dcc77c7b-1d37-448d-8d57-43d254561693-SegmentedRaftLogWorker:Storage Directory /workdir/hadoop-ozone/integration-test/target/test-dir/MiniOzoneClusterImpl-3b2755de-4cfe-4b43-9e0d-73dd8eda8f75/datanode-0/data/ratis/d731706d-16f0-4dab-8a6b-8814f17057e4: flushIndex: setUnconditionally 0 -> -1
2019-09-19 14:04:47,088 [pool-58-thread-1] INFO  server.RaftServerConfigKeys (ConfUtils.java:logGet(43)) - raft.server.snapshot.auto.trigger.enabled = true (custom)
2019-09-19 14:04:47,088 [pool-58-thread-1] INFO  server.RaftServerConfigKeys (ConfUtils.java:logGet(43)) - raft.server.snapshot.auto.trigger.threshold = 1 (custom)
2019-09-19 14:04:47,088 [pool-58-thread-1] INFO  server.RaftServerConfigKeys (ConfUtils.java:logGet(43)) - raft.server.retrycache.expirytime = 600000ms (custom)
2019-09-19 14:04:47,089 [pool-58-thread-1] INFO  impl.RaftServerImpl (RaftServerImpl.java:start(180)) - dcc77c7b-1d37-448d-8d57-43d254561693: start group-8814F17057E4
2019-09-19 14:04:47,089 [pool-58-thread-1] INFO  impl.RaftServerImpl (RaftServerImpl.java:setRole(171)) - dcc77c7b-1d37-448d-8d57-43d254561693:group-8814F17057E4 changes role from null to FOLLOWER at term 0 for startAsFollower
2019-09-19 14:04:47,089 [pool-58-thread-1] INFO  impl.RoleInfo (RoleInfo.java:updateAndGet(143)) - dcc77c7b-1d37-448d-8d57-43d254561693: start FollowerState
2019-09-19 14:04:47,089 [pool-58-thread-1] INFO  util.JmxRegister (JmxRegister.java:tryRegister(44)) - Successfully registered JMX Bean with object name Ratis:service=RaftServer,group=group-8814F17057E4,id=dcc77c7b-1d37-448d-8d57-43d254561693
2019-09-19 14:04:47,093 [RatisPipelineUtilsThread] INFO  pipeline.PipelineStateManager (PipelineStateManager.java:addPipeline(56)) - Created pipeline Pipeline[ Id: d731706d-16f0-4dab-8a6b-8814f17057e4, Nodes: dcc77c7b-1d37-448d-8d57-43d254561693{ip: 192.168.157.226, host: pr-hdds-1569-swxfz-3172132826, networkLocation: /default-rack, certSerialId: null}, Type:RATIS, Factor:ONE, State:OPEN]
2019-09-19 14:04:47,094 | INFO  | OMAudit | user=jenkins1000 | ip=127.0.0.1 | op=READ_VOLUME {volume=testcontainerstatemachinefailures} | ret=SUCCESS |  
2019-09-19 14:04:47,096 [grpc-default-executor-1] INFO  impl.RaftServerProxy (RaftServerProxy.java:addNew(89)) - dcc77c7b-1d37-448d-8d57-43d254561693: addNew group-91150A374F4B:[dcc77c7b-1d37-448d-8d57-43d254561693:192.168.157.226:34527] returns group-91150A374F4B:java.util.concurrent.CompletableFuture@68e58b78[Not completed]
2019-09-19 14:04:47,096 | INFO  | OMAudit | user=jenkins1000 | ip=127.0.0.1 | op=READ_BUCKET {volume=testcontainerstatemachinefailures, bucket=testcontainerstatemachinefailures} | ret=SUCCESS |  
2019-09-19 14:04:47,098 [pool-58-thread-1] INFO  impl.RaftServerImpl (RaftServerImpl.java:<init>(93)) - dcc77c7b-1d37-448d-8d57-43d254561693: new RaftServerImpl for group-91150A374F4B:[dcc77c7b-1d37-448d-8d57-43d254561693:192.168.157.226:34527] with ContainerStateMachine:uninitialized
2019-09-19 14:04:47,098 [pool-58-thread-1] INFO  server.RaftServerConfigKeys (ConfUtils.java:logGet(43)) - raft.server.rpc.timeout.min = 5s (custom)
2019-09-19 14:04:47,098 [pool-58-thread-1] INFO  server.RaftServerConfigKeys (ConfUtils.java:logGet(43)) - raft.server.rpc.timeout.max = 5200ms (custom)
2019-09-19 14:04:47,098 [pool-58-thread-1] INFO  server.RaftServerConfigKeys (ConfUtils.java:logGet(43)) - raft.server.rpcslowness.timeout = 120s (custom)
2019-09-19 14:04:47,098 [pool-58-thread-1] INFO  server.RaftServerConfigKeys (ConfUtils.java:logGet(43)) - raft.server.sleep.deviation.threshold = 300 (default)
2019-09-19 14:04:47,098 [pool-58-thread-1] INFO  server.RaftServerConfigKeys (ConfUtils.java:logGet(43)) - raft.server.log.appender.install.snapshot.enabled = false (custom)
2019-09-19 14:04:47,098 [pool-58-thread-1] INFO  impl.RaftServerImpl (ServerState.java:<init>(105)) - dcc77c7b-1d37-448d-8d57-43d254561693:group-91150A374F4B ConfigurationManager, init=-1: [dcc77c7b-1d37-448d-8d57-43d254561693:192.168.157.226:34527], old=null, confs=<EMPTY_MAP>
2019-09-19 14:04:47,099 [pool-58-thread-1] INFO  server.RaftServerConfigKeys (ConfUtils.java:logGet(43)) - raft.server.storage.dir = [/workdir/hadoop-ozone/integration-test/target/test-dir/MiniOzoneClusterImpl-3b2755de-4cfe-4b43-9e0d-73dd8eda8f75/datanode-0/data/ratis] (custom)
2019-09-19 14:04:47,099 [pool-58-thread-1] INFO  storage.RaftStorageDirectory (RaftStorageDirectory.java:analyzeStorage(246)) - The storage directory /workdir/hadoop-ozone/integration-test/target/test-dir/MiniOzoneClusterImpl-3b2755de-4cfe-4b43-9e0d-73dd8eda8f75/datanode-0/data/ratis/8e10e65b-e1e3-486f-910a-91150a374f4b does not exist. Creating ...
2019-09-19 14:04:47,285 | INFO  | SCMAudit | user=jenkins1000 | ip=192.168.157.226 | op=SEND_HEARTBEAT {datanodeUUID=dcc77c7b-1d37-448d-8d57-43d254561693, command=[]} | ret=SUCCESS |  
2019-09-19 14:04:47,486 | INFO  | SCMAudit | user=jenkins1000 | ip=192.168.157.226 | op=SEND_HEARTBEAT {datanodeUUID=dcc77c7b-1d37-448d-8d57-43d254561693, command=[]} | ret=SUCCESS |  
2019-09-19 14:04:47,516 [pool-58-thread-1] INFO  storage.RaftStorageDirectory (RaftStorageDirectory.java:tryLock(328)) - Lock on /workdir/hadoop-ozone/integration-test/target/test-dir/MiniOzoneClusterImpl-3b2755de-4cfe-4b43-9e0d-73dd8eda8f75/datanode-0/data/ratis/8e10e65b-e1e3-486f-910a-91150a374f4b/in_use.lock acquired by nodename 30982@pr-hdds-1569-swxfz-3172132826
2019-09-19 14:04:47,516 [Command processor thread] INFO  interfaces.Container (KeyValueContainer.java:flushAndSyncDB(382)) - Container 7 is synced with bcsId 3.
2019-09-19 14:04:47,518 [Command processor thread] INFO  interfaces.Container (KeyValueContainer.java:flushAndSyncDB(382)) - Container 7 is synced with bcsId 3.
2019-09-19 14:04:47,525 [pool-58-thread-1] INFO  storage.RaftStorage (RaftStorage.java:format(72)) - Storage directory /workdir/hadoop-ozone/integration-test/target/test-dir/MiniOzoneClusterImpl-3b2755de-4cfe-4b43-9e0d-73dd8eda8f75/datanode-0/data/ratis/8e10e65b-e1e3-486f-910a-91150a374f4b has been successfully formatted.
2019-09-19 14:04:47,525 [pool-58-thread-1] INFO  ratis.ContainerStateMachine (ContainerStateMachine.java:loadSnapshot(226)) - group-91150A374F4B: The snapshot info is null. Setting the last applied indexto:(t:0, i:~)
2019-09-19 14:04:47,525 [pool-58-thread-1] INFO  server.RaftServerConfigKeys (ConfUtils.java:logGet(43)) - raft.server.leader.election.timeout = 120s (custom)
2019-09-19 14:04:47,526 [pool-58-thread-1] INFO  server.RaftServerConfigKeys (ConfUtils.java:logGet(43)) - raft.server.log.use.memory = false (default)
2019-09-19 14:04:47,526 [pool-58-thread-1] INFO  server.RaftServerConfigKeys (ConfUtils.java:logGet(43)) - raft.server.log.purge.gap = 1000000 (custom)
2019-09-19 14:04:47,526 [Command processor thread] ERROR commandhandler.CloseContainerCommandHandler (CloseContainerCommandHandler.java:handle(84)) - Container #4 does not exist in datanode. Container close failed.
2019-09-19 14:04:47,526 [pool-58-thread-1] INFO  server.RaftServerConfigKeys (ConfUtils.java:logGet(43)) - raft.server.log.appender.buffer.byte-limit = 33554432 (custom)
2019-09-19 14:04:47,526 [Command processor thread] ERROR commandhandler.CloseContainerCommandHandler (CloseContainerCommandHandler.java:handle(84)) - Container #6 does not exist in datanode. Container close failed.
2019-09-19 14:04:47,526 [pool-58-thread-1] INFO  server.RaftServerConfigKeys (ConfUtils.java:logGet(43)) - raft.server.log.segment.size.max = 1048576 (custom)
2019-09-19 14:04:47,526 [pool-58-thread-1] INFO  server.RaftServerConfigKeys (ConfUtils.java:logGet(43)) - raft.server.log.segment.cache.num.max = 2 (custom)
2019-09-19 14:04:47,526 [pool-58-thread-1] INFO  segmented.SegmentedRaftLogWorker (SegmentedRaftLogWorker.java:<init>(172)) - new dcc77c7b-1d37-448d-8d57-43d254561693-SegmentedRaftLogWorker:Storage Directory /workdir/hadoop-ozone/integration-test/target/test-dir/MiniOzoneClusterImpl-3b2755de-4cfe-4b43-9e0d-73dd8eda8f75/datanode-0/data/ratis/8e10e65b-e1e3-486f-910a-91150a374f4b for RaftStorage:Storage Directory /workdir/hadoop-ozone/integration-test/target/test-dir/MiniOzoneClusterImpl-3b2755de-4cfe-4b43-9e0d-73dd8eda8f75/datanode-0/data/ratis/8e10e65b-e1e3-486f-910a-91150a374f4b
2019-09-19 14:04:47,527 [pool-58-thread-1] INFO  server.RaftServerConfigKeys (ConfUtils.java:logGet(43)) - raft.server.log.queue.byte-limit = 2147483647 (custom)
2019-09-19 14:04:47,527 | INFO  | SCMAudit | user=jenkins1000 | ip=192.168.157.226 | op=SEND_HEARTBEAT {datanodeUUID=dcc77c7b-1d37-448d-8d57-43d254561693, command=[]} | ret=SUCCESS |  
2019-09-19 14:04:47,527 [pool-58-thread-1] INFO  server.RaftServerConfigKeys (ConfUtils.java:logGet(43)) - raft.server.log.queue.element-limit = 1024 (custom)
2019-09-19 14:04:47,527 [EventQueue-IncrementalContainerReportForIncrementalContainerReportHandler] INFO  container.IncrementalContainerReportHandler (AbstractContainerReportHandler.java:updateContainerState(169)) - Moving container #7 to QUASI_CLOSED state, datanode dcc77c7b-1d37-448d-8d57-43d254561693{ip: 192.168.157.226, host: pr-hdds-1569-swxfz-3172132826, networkLocation: /default-rack, certSerialId: null} reported QUASI_CLOSED replica.
2019-09-19 14:04:47,527 [pool-58-thread-1] INFO  server.RaftServerConfigKeys (ConfUtils.java:logGet(43)) - raft.server.log.segment.size.max = 1048576 (custom)
2019-09-19 14:04:47,527 [pool-58-thread-1] INFO  server.RaftServerConfigKeys (ConfUtils.java:logGet(43)) - raft.server.log.preallocated.size = 16384 (custom)
2019-09-19 14:04:47,527 [pool-58-thread-1] INFO  server.RaftServerConfigKeys (ConfUtils.java:logGet(43)) - raft.server.log.write.buffer.size = 33554432 (custom)
2019-09-19 14:04:47,527 [pool-58-thread-1] INFO  server.RaftServerConfigKeys (ConfUtils.java:logGet(43)) - raft.server.log.force.sync.num = 128 (default)
2019-09-19 14:04:47,528 [pool-58-thread-1] INFO  server.RaftServerConfigKeys (ConfUtils.java:logGet(43)) - raft.server.log.statemachine.data.sync = true (default)
2019-09-19 14:04:47,528 [pool-58-thread-1] INFO  server.RaftServerConfigKeys (ConfUtils.java:logGet(43)) - raft.server.log.statemachine.data.sync.timeout = 10s (default)
2019-09-19 14:04:47,528 [pool-58-thread-1] INFO  server.RaftServerConfigKeys (ConfUtils.java:logGet(43)) - raft.server.log.statemachine.data.sync.timeout.retry = -1 (default)
2019-09-19 14:04:47,528 [pool-58-thread-1] INFO  server.RaftServerConfigKeys (ConfUtils.java:logGet(43)) - raft.server.log.statemachine.data.caching.enabled = true (custom)
2019-09-19 14:04:47,528 [pool-58-thread-1] INFO  segmented.SegmentedRaftLogWorker (SegmentedRaftLogWorker.java:lambda$new$0(132)) - dcc77c7b-1d37-448d-8d57-43d254561693-SegmentedRaftLogWorker:Storage Directory /workdir/hadoop-ozone/integration-test/target/test-dir/MiniOzoneClusterImpl-3b2755de-4cfe-4b43-9e0d-73dd8eda8f75/datanode-0/data/ratis/8e10e65b-e1e3-486f-910a-91150a374f4b: flushIndex: setUnconditionally 0 -> -1
2019-09-19 14:04:47,528 [pool-58-thread-1] INFO  server.RaftServerConfigKeys (ConfUtils.java:logGet(43)) - raft.server.snapshot.auto.trigger.enabled = true (custom)
2019-09-19 14:04:47,529 [pool-58-thread-1] INFO  server.RaftServerConfigKeys (ConfUtils.java:logGet(43)) - raft.server.snapshot.auto.trigger.threshold = 1 (custom)
2019-09-19 14:04:47,529 [pool-58-thread-1] INFO  server.RaftServerConfigKeys (ConfUtils.java:logGet(43)) - raft.server.retrycache.expirytime = 600000ms (custom)
2019-09-19 14:04:47,529 [pool-58-thread-1] INFO  impl.RaftServerImpl (RaftServerImpl.java:start(180)) - dcc77c7b-1d37-448d-8d57-43d254561693: start group-91150A374F4B
2019-09-19 14:04:47,529 [pool-58-thread-1] INFO  impl.RaftServerImpl (RaftServerImpl.java:setRole(171)) - dcc77c7b-1d37-448d-8d57-43d254561693:group-91150A374F4B changes role from null to FOLLOWER at term 0 for startAsFollower
2019-09-19 14:04:47,529 [pool-58-thread-1] INFO  impl.RoleInfo (RoleInfo.java:updateAndGet(143)) - dcc77c7b-1d37-448d-8d57-43d254561693: start FollowerState
2019-09-19 14:04:47,529 [pool-58-thread-1] INFO  util.JmxRegister (JmxRegister.java:tryRegister(44)) - Successfully registered JMX Bean with object name Ratis:service=RaftServer,group=group-91150A374F4B,id=dcc77c7b-1d37-448d-8d57-43d254561693
2019-09-19 14:04:47,531 [RatisPipelineUtilsThread] INFO  pipeline.PipelineStateManager (PipelineStateManager.java:addPipeline(56)) - Created pipeline Pipeline[ Id: 8e10e65b-e1e3-486f-910a-91150a374f4b, Nodes: dcc77c7b-1d37-448d-8d57-43d254561693{ip: 192.168.157.226, host: pr-hdds-1569-swxfz-3172132826, networkLocation: /default-rack, certSerialId: null}, Type:RATIS, Factor:ONE, State:OPEN]
2019-09-19 14:04:47,534 [grpc-default-executor-1] INFO  impl.RaftServerProxy (RaftServerProxy.java:addNew(89)) - dcc77c7b-1d37-448d-8d57-43d254561693: addNew group-5D47684A3372:[dcc77c7b-1d37-448d-8d57-43d254561693:192.168.157.226:34527] returns group-5D47684A3372:java.util.concurrent.CompletableFuture@3f1ba387[Not completed]
2019-09-19 14:04:47,534 [pool-58-thread-1] INFO  impl.RaftServerImpl (RaftServerImpl.java:<init>(93)) - dcc77c7b-1d37-448d-8d57-43d254561693: new RaftServerImpl for group-5D47684A3372:[dcc77c7b-1d37-448d-8d57-43d254561693:192.168.157.226:34527] with ContainerStateMachine:uninitialized
2019-09-19 14:04:47,535 [pool-58-thread-1] INFO  server.RaftServerConfigKeys (ConfUtils.java:logGet(43)) - raft.server.rpc.timeout.min = 5s (custom)
2019-09-19 14:04:47,535 [pool-58-thread-1] INFO  server.RaftServerConfigKeys (ConfUtils.java:logGet(43)) - raft.server.rpc.timeout.max = 5200ms (custom)
2019-09-19 14:04:47,535 [pool-58-thread-1] INFO  server.RaftServerConfigKeys (ConfUtils.java:logGet(43)) - raft.server.rpcslowness.timeout = 120s (custom)
2019-09-19 14:04:47,535 [pool-58-thread-1] INFO  server.RaftServerConfigKeys (ConfUtils.java:logGet(43)) - raft.server.sleep.deviation.threshold = 300 (default)
2019-09-19 14:04:47,535 [pool-58-thread-1] INFO  server.RaftServerConfigKeys (ConfUtils.java:logGet(43)) - raft.server.log.appender.install.snapshot.enabled = false (custom)
2019-09-19 14:04:47,535 [pool-58-thread-1] INFO  impl.RaftServerImpl (ServerState.java:<init>(105)) - dcc77c7b-1d37-448d-8d57-43d254561693:group-5D47684A3372 ConfigurationManager, init=-1: [dcc77c7b-1d37-448d-8d57-43d254561693:192.168.157.226:34527], old=null, confs=<EMPTY_MAP>
2019-09-19 14:04:47,535 [pool-58-thread-1] INFO  server.RaftServerConfigKeys (ConfUtils.java:logGet(43)) - raft.server.storage.dir = [/workdir/hadoop-ozone/integration-test/target/test-dir/MiniOzoneClusterImpl-3b2755de-4cfe-4b43-9e0d-73dd8eda8f75/datanode-0/data/ratis] (custom)
2019-09-19 14:04:47,536 [pool-58-thread-1] INFO  storage.RaftStorageDirectory (RaftStorageDirectory.java:analyzeStorage(246)) - The storage directory /workdir/hadoop-ozone/integration-test/target/test-dir/MiniOzoneClusterImpl-3b2755de-4cfe-4b43-9e0d-73dd8eda8f75/datanode-0/data/ratis/f0f8217d-d56c-48c8-b7d1-5d47684a3372 does not exist. Creating ...
2019-09-19 14:04:47,548 [pool-58-thread-1] INFO  storage.RaftStorageDirectory (RaftStorageDirectory.java:tryLock(328)) - Lock on /workdir/hadoop-ozone/integration-test/target/test-dir/MiniOzoneClusterImpl-3b2755de-4cfe-4b43-9e0d-73dd8eda8f75/datanode-0/data/ratis/f0f8217d-d56c-48c8-b7d1-5d47684a3372/in_use.lock acquired by nodename 30982@pr-hdds-1569-swxfz-3172132826
2019-09-19 14:04:47,553 [pool-58-thread-1] INFO  storage.RaftStorage (RaftStorage.java:format(72)) - Storage directory /workdir/hadoop-ozone/integration-test/target/test-dir/MiniOzoneClusterImpl-3b2755de-4cfe-4b43-9e0d-73dd8eda8f75/datanode-0/data/ratis/f0f8217d-d56c-48c8-b7d1-5d47684a3372 has been successfully formatted.
2019-09-19 14:04:47,554 [pool-58-thread-1] INFO  ratis.ContainerStateMachine (ContainerStateMachine.java:loadSnapshot(226)) - group-5D47684A3372: The snapshot info is null. Setting the last applied indexto:(t:0, i:~)
2019-09-19 14:04:47,554 [pool-58-thread-1] INFO  server.RaftServerConfigKeys (ConfUtils.java:logGet(43)) - raft.server.leader.election.timeout = 120s (custom)
2019-09-19 14:04:47,554 [pool-58-thread-1] INFO  server.RaftServerConfigKeys (ConfUtils.java:logGet(43)) - raft.server.log.use.memory = false (default)
2019-09-19 14:04:47,554 [pool-58-thread-1] INFO  server.RaftServerConfigKeys (ConfUtils.java:logGet(43)) - raft.server.log.purge.gap = 1000000 (custom)
2019-09-19 14:04:47,554 [pool-58-thread-1] INFO  server.RaftServerConfigKeys (ConfUtils.java:logGet(43)) - raft.server.log.appender.buffer.byte-limit = 33554432 (custom)
2019-09-19 14:04:47,554 [pool-58-thread-1] INFO  server.RaftServerConfigKeys (ConfUtils.java:logGet(43)) - raft.server.log.segment.size.max = 1048576 (custom)
2019-09-19 14:04:47,555 [pool-58-thread-1] INFO  server.RaftServerConfigKeys (ConfUtils.java:logGet(43)) - raft.server.log.segment.cache.num.max = 2 (custom)
2019-09-19 14:04:47,555 [pool-58-thread-1] INFO  segmented.SegmentedRaftLogWorker (SegmentedRaftLogWorker.java:<init>(172)) - new dcc77c7b-1d37-448d-8d57-43d254561693-SegmentedRaftLogWorker:Storage Directory /workdir/hadoop-ozone/integration-test/target/test-dir/MiniOzoneClusterImpl-3b2755de-4cfe-4b43-9e0d-73dd8eda8f75/datanode-0/data/ratis/f0f8217d-d56c-48c8-b7d1-5d47684a3372 for RaftStorage:Storage Directory /workdir/hadoop-ozone/integration-test/target/test-dir/MiniOzoneClusterImpl-3b2755de-4cfe-4b43-9e0d-73dd8eda8f75/datanode-0/data/ratis/f0f8217d-d56c-48c8-b7d1-5d47684a3372
2019-09-19 14:04:47,555 [pool-58-thread-1] INFO  server.RaftServerConfigKeys (ConfUtils.java:logGet(43)) - raft.server.log.queue.byte-limit = 2147483647 (custom)
2019-09-19 14:04:47,555 [pool-58-thread-1] INFO  server.RaftServerConfigKeys (ConfUtils.java:logGet(43)) - raft.server.log.queue.element-limit = 1024 (custom)
2019-09-19 14:04:47,555 [pool-58-thread-1] INFO  server.RaftServerConfigKeys (ConfUtils.java:logGet(43)) - raft.server.log.segment.size.max = 1048576 (custom)
2019-09-19 14:04:47,555 [pool-58-thread-1] INFO  server.RaftServerConfigKeys (ConfUtils.java:logGet(43)) - raft.server.log.preallocated.size = 16384 (custom)
2019-09-19 14:04:47,555 [pool-58-thread-1] INFO  server.RaftServerConfigKeys (ConfUtils.java:logGet(43)) - raft.server.log.write.buffer.size = 33554432 (custom)
2019-09-19 14:04:47,555 [pool-58-thread-1] INFO  server.RaftServerConfigKeys (ConfUtils.java:logGet(43)) - raft.server.log.force.sync.num = 128 (default)
2019-09-19 14:04:47,556 [pool-58-thread-1] INFO  server.RaftServerConfigKeys (ConfUtils.java:logGet(43)) - raft.server.log.statemachine.data.sync = true (default)
2019-09-19 14:04:47,556 [pool-58-thread-1] INFO  server.RaftServerConfigKeys (ConfUtils.java:logGet(43)) - raft.server.log.statemachine.data.sync.timeout = 10s (default)
2019-09-19 14:04:47,556 [pool-58-thread-1] INFO  server.RaftServerConfigKeys (ConfUtils.java:logGet(43)) - raft.server.log.statemachine.data.sync.timeout.retry = -1 (default)
2019-09-19 14:04:47,556 [pool-58-thread-1] INFO  server.RaftServerConfigKeys (ConfUtils.java:logGet(43)) - raft.server.log.statemachine.data.caching.enabled = true (custom)
2019-09-19 14:04:47,556 [pool-58-thread-1] INFO  segmented.SegmentedRaftLogWorker (SegmentedRaftLogWorker.java:lambda$new$0(132)) - dcc77c7b-1d37-448d-8d57-43d254561693-SegmentedRaftLogWorker:Storage Directory /workdir/hadoop-ozone/integration-test/target/test-dir/MiniOzoneClusterImpl-3b2755de-4cfe-4b43-9e0d-73dd8eda8f75/datanode-0/data/ratis/f0f8217d-d56c-48c8-b7d1-5d47684a3372: flushIndex: setUnconditionally 0 -> -1
2019-09-19 14:04:47,557 [pool-58-thread-1] INFO  server.RaftServerConfigKeys (ConfUtils.java:logGet(43)) - raft.server.snapshot.auto.trigger.enabled = true (custom)
2019-09-19 14:04:47,557 [pool-58-thread-1] INFO  server.RaftServerConfigKeys (ConfUtils.java:logGet(43)) - raft.server.snapshot.auto.trigger.threshold = 1 (custom)
2019-09-19 14:04:47,557 [pool-58-thread-1] INFO  server.RaftServerConfigKeys (ConfUtils.java:logGet(43)) - raft.server.retrycache.expirytime = 600000ms (custom)
2019-09-19 14:04:47,557 [pool-58-thread-1] INFO  impl.RaftServerImpl (RaftServerImpl.java:start(180)) - dcc77c7b-1d37-448d-8d57-43d254561693: start group-5D47684A3372
2019-09-19 14:04:47,557 [pool-58-thread-1] INFO  impl.RaftServerImpl (RaftServerImpl.java:setRole(171)) - dcc77c7b-1d37-448d-8d57-43d254561693:group-5D47684A3372 changes role from null to FOLLOWER at term 0 for startAsFollower
2019-09-19 14:04:47,557 [pool-58-thread-1] INFO  impl.RoleInfo (RoleInfo.java:updateAndGet(143)) - dcc77c7b-1d37-448d-8d57-43d254561693: start FollowerState
2019-09-19 14:04:47,558 [pool-58-thread-1] INFO  util.JmxRegister (JmxRegister.java:tryRegister(44)) - Successfully registered JMX Bean with object name Ratis:service=RaftServer,group=group-5D47684A3372,id=dcc77c7b-1d37-448d-8d57-43d254561693
2019-09-19 14:04:47,559 [RatisPipelineUtilsThread] INFO  pipeline.PipelineStateManager (PipelineStateManager.java:addPipeline(56)) - Created pipeline Pipeline[ Id: f0f8217d-d56c-48c8-b7d1-5d47684a3372, Nodes: dcc77c7b-1d37-448d-8d57-43d254561693{ip: 192.168.157.226, host: pr-hdds-1569-swxfz-3172132826, networkLocation: /default-rack, certSerialId: null}, Type:RATIS, Factor:ONE, State:OPEN]
2019-09-19 14:04:47,562 [grpc-default-executor-1] INFO  impl.RaftServerProxy (RaftServerProxy.java:addNew(89)) - dcc77c7b-1d37-448d-8d57-43d254561693: addNew group-DA3DDB8E4753:[dcc77c7b-1d37-448d-8d57-43d254561693:192.168.157.226:34527] returns group-DA3DDB8E4753:java.util.concurrent.CompletableFuture@1891060a[Not completed]
2019-09-19 14:04:47,563 [pool-58-thread-1] INFO  impl.RaftServerImpl (RaftServerImpl.java:<init>(93)) - dcc77c7b-1d37-448d-8d57-43d254561693: new RaftServerImpl for group-DA3DDB8E4753:[dcc77c7b-1d37-448d-8d57-43d254561693:192.168.157.226:34527] with ContainerStateMachine:uninitialized
2019-09-19 14:04:47,563 [pool-58-thread-1] INFO  server.RaftServerConfigKeys (ConfUtils.java:logGet(43)) - raft.server.rpc.timeout.min = 5s (custom)
2019-09-19 14:04:47,563 [pool-58-thread-1] INFO  server.RaftServerConfigKeys (ConfUtils.java:logGet(43)) - raft.server.rpc.timeout.max = 5200ms (custom)
2019-09-19 14:04:47,563 [pool-58-thread-1] INFO  server.RaftServerConfigKeys (ConfUtils.java:logGet(43)) - raft.server.rpcslowness.timeout = 120s (custom)
2019-09-19 14:04:47,563 [pool-58-thread-1] INFO  server.RaftServerConfigKeys (ConfUtils.java:logGet(43)) - raft.server.sleep.deviation.threshold = 300 (default)
2019-09-19 14:04:47,563 [pool-58-thread-1] INFO  server.RaftServerConfigKeys (ConfUtils.java:logGet(43)) - raft.server.log.appender.install.snapshot.enabled = false (custom)
2019-09-19 14:04:47,563 [pool-58-thread-1] INFO  impl.RaftServerImpl (ServerState.java:<init>(105)) - dcc77c7b-1d37-448d-8d57-43d254561693:group-DA3DDB8E4753 ConfigurationManager, init=-1: [dcc77c7b-1d37-448d-8d57-43d254561693:192.168.157.226:34527], old=null, confs=<EMPTY_MAP>
2019-09-19 14:04:47,563 [pool-58-thread-1] INFO  server.RaftServerConfigKeys (ConfUtils.java:logGet(43)) - raft.server.storage.dir = [/workdir/hadoop-ozone/integration-test/target/test-dir/MiniOzoneClusterImpl-3b2755de-4cfe-4b43-9e0d-73dd8eda8f75/datanode-0/data/ratis] (custom)
2019-09-19 14:04:47,564 [pool-58-thread-1] INFO  storage.RaftStorageDirectory (RaftStorageDirectory.java:analyzeStorage(246)) - The storage directory /workdir/hadoop-ozone/integration-test/target/test-dir/MiniOzoneClusterImpl-3b2755de-4cfe-4b43-9e0d-73dd8eda8f75/datanode-0/data/ratis/268aaea9-f264-4889-a3ed-da3ddb8e4753 does not exist. Creating ...
2019-09-19 14:04:47,568 [pool-58-thread-1] INFO  storage.RaftStorageDirectory (RaftStorageDirectory.java:tryLock(328)) - Lock on /workdir/hadoop-ozone/integration-test/target/test-dir/MiniOzoneClusterImpl-3b2755de-4cfe-4b43-9e0d-73dd8eda8f75/datanode-0/data/ratis/268aaea9-f264-4889-a3ed-da3ddb8e4753/in_use.lock acquired by nodename 30982@pr-hdds-1569-swxfz-3172132826
2019-09-19 14:04:47,572 [pool-58-thread-1] INFO  storage.RaftStorage (RaftStorage.java:format(72)) - Storage directory /workdir/hadoop-ozone/integration-test/target/test-dir/MiniOzoneClusterImpl-3b2755de-4cfe-4b43-9e0d-73dd8eda8f75/datanode-0/data/ratis/268aaea9-f264-4889-a3ed-da3ddb8e4753 has been successfully formatted.
2019-09-19 14:04:47,573 [pool-58-thread-1] INFO  ratis.ContainerStateMachine (ContainerStateMachine.java:loadSnapshot(226)) - group-DA3DDB8E4753: The snapshot info is null. Setting the last applied indexto:(t:0, i:~)
2019-09-19 14:04:47,573 [pool-58-thread-1] INFO  server.RaftServerConfigKeys (ConfUtils.java:logGet(43)) - raft.server.leader.election.timeout = 120s (custom)
2019-09-19 14:04:47,573 [pool-58-thread-1] INFO  server.RaftServerConfigKeys (ConfUtils.java:logGet(43)) - raft.server.log.use.memory = false (default)
2019-09-19 14:04:47,573 [pool-58-thread-1] INFO  server.RaftServerConfigKeys (ConfUtils.java:logGet(43)) - raft.server.log.purge.gap = 1000000 (custom)
2019-09-19 14:04:47,573 [pool-58-thread-1] INFO  server.RaftServerConfigKeys (ConfUtils.java:logGet(43)) - raft.server.log.appender.buffer.byte-limit = 33554432 (custom)
2019-09-19 14:04:47,573 [pool-58-thread-1] INFO  server.RaftServerConfigKeys (ConfUtils.java:logGet(43)) - raft.server.log.segment.size.max = 1048576 (custom)
2019-09-19 14:04:47,573 [pool-58-thread-1] INFO  server.RaftServerConfigKeys (ConfUtils.java:logGet(43)) - raft.server.log.segment.cache.num.max = 2 (custom)
2019-09-19 14:04:47,573 [pool-58-thread-1] INFO  segmented.SegmentedRaftLogWorker (SegmentedRaftLogWorker.java:<init>(172)) - new dcc77c7b-1d37-448d-8d57-43d254561693-SegmentedRaftLogWorker:Storage Directory /workdir/hadoop-ozone/integration-test/target/test-dir/MiniOzoneClusterImpl-3b2755de-4cfe-4b43-9e0d-73dd8eda8f75/datanode-0/data/ratis/268aaea9-f264-4889-a3ed-da3ddb8e4753 for RaftStorage:Storage Directory /workdir/hadoop-ozone/integration-test/target/test-dir/MiniOzoneClusterImpl-3b2755de-4cfe-4b43-9e0d-73dd8eda8f75/datanode-0/data/ratis/268aaea9-f264-4889-a3ed-da3ddb8e4753
2019-09-19 14:04:47,573 [pool-58-thread-1] INFO  server.RaftServerConfigKeys (ConfUtils.java:logGet(43)) - raft.server.log.queue.byte-limit = 2147483647 (custom)
2019-09-19 14:04:47,574 [pool-58-thread-1] INFO  server.RaftServerConfigKeys (ConfUtils.java:logGet(43)) - raft.server.log.queue.element-limit = 1024 (custom)
2019-09-19 14:04:47,574 [pool-58-thread-1] INFO  server.RaftServerConfigKeys (ConfUtils.java:logGet(43)) - raft.server.log.segment.size.max = 1048576 (custom)
2019-09-19 14:04:47,574 [pool-58-thread-1] INFO  server.RaftServerConfigKeys (ConfUtils.java:logGet(43)) - raft.server.log.preallocated.size = 16384 (custom)
2019-09-19 14:04:47,574 [pool-58-thread-1] INFO  server.RaftServerConfigKeys (ConfUtils.java:logGet(43)) - raft.server.log.write.buffer.size = 33554432 (custom)
2019-09-19 14:04:47,574 [pool-58-thread-1] INFO  server.RaftServerConfigKeys (ConfUtils.java:logGet(43)) - raft.server.log.force.sync.num = 128 (default)
2019-09-19 14:04:47,574 [pool-58-thread-1] INFO  server.RaftServerConfigKeys (ConfUtils.java:logGet(43)) - raft.server.log.statemachine.data.sync = true (default)
2019-09-19 14:04:47,574 [pool-58-thread-1] INFO  server.RaftServerConfigKeys (ConfUtils.java:logGet(43)) - raft.server.log.statemachine.data.sync.timeout = 10s (default)
2019-09-19 14:04:47,574 [pool-58-thread-1] INFO  server.RaftServerConfigKeys (ConfUtils.java:logGet(43)) - raft.server.log.statemachine.data.sync.timeout.retry = -1 (default)
2019-09-19 14:04:47,574 [pool-58-thread-1] INFO  server.RaftServerConfigKeys (ConfUtils.java:logGet(43)) - raft.server.log.statemachine.data.caching.enabled = true (custom)
2019-09-19 14:04:47,575 [pool-58-thread-1] INFO  segmented.SegmentedRaftLogWorker (SegmentedRaftLogWorker.java:lambda$new$0(132)) - dcc77c7b-1d37-448d-8d57-43d254561693-SegmentedRaftLogWorker:Storage Directory /workdir/hadoop-ozone/integration-test/target/test-dir/MiniOzoneClusterImpl-3b2755de-4cfe-4b43-9e0d-73dd8eda8f75/datanode-0/data/ratis/268aaea9-f264-4889-a3ed-da3ddb8e4753: flushIndex: setUnconditionally 0 -> -1
2019-09-19 14:04:47,575 [pool-58-thread-1] INFO  server.RaftServerConfigKeys (ConfUtils.java:logGet(43)) - raft.server.snapshot.auto.trigger.enabled = true (custom)
2019-09-19 14:04:47,575 [pool-58-thread-1] INFO  server.RaftServerConfigKeys (ConfUtils.java:logGet(43)) - raft.server.snapshot.auto.trigger.threshold = 1 (custom)
2019-09-19 14:04:47,575 [pool-58-thread-1] INFO  server.RaftServerConfigKeys (ConfUtils.java:logGet(43)) - raft.server.retrycache.expirytime = 600000ms (custom)
2019-09-19 14:04:47,575 [pool-58-thread-1] INFO  impl.RaftServerImpl (RaftServerImpl.java:start(180)) - dcc77c7b-1d37-448d-8d57-43d254561693: start group-DA3DDB8E4753
2019-09-19 14:04:47,575 [pool-58-thread-1] INFO  impl.RaftServerImpl (RaftServerImpl.java:setRole(171)) - dcc77c7b-1d37-448d-8d57-43d254561693:group-DA3DDB8E4753 changes role from null to FOLLOWER at term 0 for startAsFollower
2019-09-19 14:04:47,575 [pool-58-thread-1] INFO  impl.RoleInfo (RoleInfo.java:updateAndGet(143)) - dcc77c7b-1d37-448d-8d57-43d254561693: start FollowerState
2019-09-19 14:04:47,576 [pool-58-thread-1] INFO  util.JmxRegister (JmxRegister.java:tryRegister(44)) - Successfully registered JMX Bean with object name Ratis:service=RaftServer,group=group-DA3DDB8E4753,id=dcc77c7b-1d37-448d-8d57-43d254561693
2019-09-19 14:04:47,840 | INFO  | SCMAudit | user=jenkins1000 | ip=192.168.157.226 | op=SEND_HEARTBEAT {datanodeUUID=dcc77c7b-1d37-448d-8d57-43d254561693, command=[]} | ret=SUCCESS |  
2019-09-19 14:04:47,923 [RatisPipelineUtilsThread] INFO  pipeline.PipelineStateManager (PipelineStateManager.java:addPipeline(56)) - Created pipeline Pipeline[ Id: 268aaea9-f264-4889-a3ed-da3ddb8e4753, Nodes: dcc77c7b-1d37-448d-8d57-43d254561693{ip: 192.168.157.226, host: pr-hdds-1569-swxfz-3172132826, networkLocation: /default-rack, certSerialId: null}, Type:RATIS, Factor:ONE, State:OPEN]
2019-09-19 14:04:48,008 | INFO  | SCMAudit | user=jenkins1000 | ip=192.168.157.226 | op=SEND_HEARTBEAT {datanodeUUID=dcc77c7b-1d37-448d-8d57-43d254561693, command=[]} | ret=SUCCESS |  
2019-09-19 14:04:48,049 [grpc-default-executor-1] INFO  impl.RaftServerProxy (RaftServerProxy.java:addNew(89)) - dcc77c7b-1d37-448d-8d57-43d254561693: addNew group-B7F16E51773A:[dcc77c7b-1d37-448d-8d57-43d254561693:192.168.157.226:34527] returns group-B7F16E51773A:java.util.concurrent.CompletableFuture@3f43a4f[Not completed]
2019-09-19 14:04:48,068 [pool-58-thread-1] INFO  impl.RaftServerImpl (RaftServerImpl.java:<init>(93)) - dcc77c7b-1d37-448d-8d57-43d254561693: new RaftServerImpl for group-B7F16E51773A:[dcc77c7b-1d37-448d-8d57-43d254561693:192.168.157.226:34527] with ContainerStateMachine:uninitialized
2019-09-19 14:04:48,068 [pool-58-thread-1] INFO  server.RaftServerConfigKeys (ConfUtils.java:logGet(43)) - raft.server.rpc.timeout.min = 5s (custom)
2019-09-19 14:04:48,068 [pool-58-thread-1] INFO  server.RaftServerConfigKeys (ConfUtils.java:logGet(43)) - raft.server.rpc.timeout.max = 5200ms (custom)
2019-09-19 14:04:48,068 [pool-58-thread-1] INFO  server.RaftServerConfigKeys (ConfUtils.java:logGet(43)) - raft.server.rpcslowness.timeout = 120s (custom)
2019-09-19 14:04:48,069 [pool-58-thread-1] INFO  server.RaftServerConfigKeys (ConfUtils.java:logGet(43)) - raft.server.sleep.deviation.threshold = 300 (default)
2019-09-19 14:04:48,069 [pool-58-thread-1] INFO  server.RaftServerConfigKeys (ConfUtils.java:logGet(43)) - raft.server.log.appender.install.snapshot.enabled = false (custom)
2019-09-19 14:04:48,069 [pool-58-thread-1] INFO  impl.RaftServerImpl (ServerState.java:<init>(105)) - dcc77c7b-1d37-448d-8d57-43d254561693:group-B7F16E51773A ConfigurationManager, init=-1: [dcc77c7b-1d37-448d-8d57-43d254561693:192.168.157.226:34527], old=null, confs=<EMPTY_MAP>
2019-09-19 14:04:48,069 [pool-58-thread-1] INFO  server.RaftServerConfigKeys (ConfUtils.java:logGet(43)) - raft.server.storage.dir = [/workdir/hadoop-ozone/integration-test/target/test-dir/MiniOzoneClusterImpl-3b2755de-4cfe-4b43-9e0d-73dd8eda8f75/datanode-0/data/ratis] (custom)
2019-09-19 14:04:48,069 [pool-58-thread-1] INFO  storage.RaftStorageDirectory (RaftStorageDirectory.java:analyzeStorage(246)) - The storage directory /workdir/hadoop-ozone/integration-test/target/test-dir/MiniOzoneClusterImpl-3b2755de-4cfe-4b43-9e0d-73dd8eda8f75/datanode-0/data/ratis/1f6a3ff6-b3d8-4053-b908-b7f16e51773a does not exist. Creating ...
2019-09-19 14:04:48,186 | INFO  | SCMAudit | user=jenkins1000 | ip=192.168.157.226 | op=SEND_HEARTBEAT {datanodeUUID=dcc77c7b-1d37-448d-8d57-43d254561693, command=[]} | ret=SUCCESS |  
2019-09-19 14:04:48,385 | INFO  | SCMAudit | user=jenkins1000 | ip=192.168.157.226 | op=SEND_HEARTBEAT {datanodeUUID=dcc77c7b-1d37-448d-8d57-43d254561693, command=[]} | ret=SUCCESS |  
2019-09-19 14:04:48,585 | INFO  | SCMAudit | user=jenkins1000 | ip=192.168.157.226 | op=SEND_HEARTBEAT {datanodeUUID=dcc77c7b-1d37-448d-8d57-43d254561693, command=[]} | ret=SUCCESS |  
2019-09-19 14:04:48,685 [pool-58-thread-1] INFO  storage.RaftStorageDirectory (RaftStorageDirectory.java:tryLock(328)) - Lock on /workdir/hadoop-ozone/integration-test/target/test-dir/MiniOzoneClusterImpl-3b2755de-4cfe-4b43-9e0d-73dd8eda8f75/datanode-0/data/ratis/1f6a3ff6-b3d8-4053-b908-b7f16e51773a/in_use.lock acquired by nodename 30982@pr-hdds-1569-swxfz-3172132826
2019-09-19 14:04:48,699 [pool-58-thread-1] INFO  storage.RaftStorage (RaftStorage.java:format(72)) - Storage directory /workdir/hadoop-ozone/integration-test/target/test-dir/MiniOzoneClusterImpl-3b2755de-4cfe-4b43-9e0d-73dd8eda8f75/datanode-0/data/ratis/1f6a3ff6-b3d8-4053-b908-b7f16e51773a has been successfully formatted.
2019-09-19 14:04:48,699 [pool-58-thread-1] INFO  ratis.ContainerStateMachine (ContainerStateMachine.java:loadSnapshot(226)) - group-B7F16E51773A: The snapshot info is null. Setting the last applied indexto:(t:0, i:~)
2019-09-19 14:04:48,699 [pool-58-thread-1] INFO  server.RaftServerConfigKeys (ConfUtils.java:logGet(43)) - raft.server.leader.election.timeout = 120s (custom)
2019-09-19 14:04:48,699 [pool-58-thread-1] INFO  server.RaftServerConfigKeys (ConfUtils.java:logGet(43)) - raft.server.log.use.memory = false (default)
2019-09-19 14:04:48,699 [pool-58-thread-1] INFO  server.RaftServerConfigKeys (ConfUtils.java:logGet(43)) - raft.server.log.purge.gap = 1000000 (custom)
2019-09-19 14:04:48,699 [pool-58-thread-1] INFO  server.RaftServerConfigKeys (ConfUtils.java:logGet(43)) - raft.server.log.appender.buffer.byte-limit = 33554432 (custom)
2019-09-19 14:04:48,700 [pool-58-thread-1] INFO  server.RaftServerConfigKeys (ConfUtils.java:logGet(43)) - raft.server.log.segment.size.max = 1048576 (custom)
2019-09-19 14:04:48,700 [pool-58-thread-1] INFO  server.RaftServerConfigKeys (ConfUtils.java:logGet(43)) - raft.server.log.segment.cache.num.max = 2 (custom)
2019-09-19 14:04:48,700 [pool-58-thread-1] INFO  segmented.SegmentedRaftLogWorker (SegmentedRaftLogWorker.java:<init>(172)) - new dcc77c7b-1d37-448d-8d57-43d254561693-SegmentedRaftLogWorker:Storage Directory /workdir/hadoop-ozone/integration-test/target/test-dir/MiniOzoneClusterImpl-3b2755de-4cfe-4b43-9e0d-73dd8eda8f75/datanode-0/data/ratis/1f6a3ff6-b3d8-4053-b908-b7f16e51773a for RaftStorage:Storage Directory /workdir/hadoop-ozone/integration-test/target/test-dir/MiniOzoneClusterImpl-3b2755de-4cfe-4b43-9e0d-73dd8eda8f75/datanode-0/data/ratis/1f6a3ff6-b3d8-4053-b908-b7f16e51773a
2019-09-19 14:04:48,700 [pool-58-thread-1] INFO  server.RaftServerConfigKeys (ConfUtils.java:logGet(43)) - raft.server.log.queue.byte-limit = 2147483647 (custom)
2019-09-19 14:04:48,700 [pool-58-thread-1] INFO  server.RaftServerConfigKeys (ConfUtils.java:logGet(43)) - raft.server.log.queue.element-limit = 1024 (custom)
2019-09-19 14:04:48,700 [pool-58-thread-1] INFO  server.RaftServerConfigKeys (ConfUtils.java:logGet(43)) - raft.server.log.segment.size.max = 1048576 (custom)
2019-09-19 14:04:48,700 [pool-58-thread-1] INFO  server.RaftServerConfigKeys (ConfUtils.java:logGet(43)) - raft.server.log.preallocated.size = 16384 (custom)
2019-09-19 14:04:48,701 [pool-58-thread-1] INFO  server.RaftServerConfigKeys (ConfUtils.java:logGet(43)) - raft.server.log.write.buffer.size = 33554432 (custom)
2019-09-19 14:04:48,701 [pool-58-thread-1] INFO  server.RaftServerConfigKeys (ConfUtils.java:logGet(43)) - raft.server.log.force.sync.num = 128 (default)
2019-09-19 14:04:48,701 [pool-58-thread-1] INFO  server.RaftServerConfigKeys (ConfUtils.java:logGet(43)) - raft.server.log.statemachine.data.sync = true (default)
2019-09-19 14:04:48,701 [pool-58-thread-1] INFO  server.RaftServerConfigKeys (ConfUtils.java:logGet(43)) - raft.server.log.statemachine.data.sync.timeout = 10s (default)
2019-09-19 14:04:48,701 [pool-58-thread-1] INFO  server.RaftServerConfigKeys (ConfUtils.java:logGet(43)) - raft.server.log.statemachine.data.sync.timeout.retry = -1 (default)
2019-09-19 14:04:48,701 [pool-58-thread-1] INFO  server.RaftServerConfigKeys (ConfUtils.java:logGet(43)) - raft.server.log.statemachine.data.caching.enabled = true (custom)
2019-09-19 14:04:48,701 [pool-58-thread-1] INFO  segmented.SegmentedRaftLogWorker (SegmentedRaftLogWorker.java:lambda$new$0(132)) - dcc77c7b-1d37-448d-8d57-43d254561693-SegmentedRaftLogWorker:Storage Directory /workdir/hadoop-ozone/integration-test/target/test-dir/MiniOzoneClusterImpl-3b2755de-4cfe-4b43-9e0d-73dd8eda8f75/datanode-0/data/ratis/1f6a3ff6-b3d8-4053-b908-b7f16e51773a: flushIndex: setUnconditionally 0 -> -1
2019-09-19 14:04:48,702 [pool-58-thread-1] INFO  server.RaftServerConfigKeys (ConfUtils.java:logGet(43)) - raft.server.snapshot.auto.trigger.enabled = true (custom)
2019-09-19 14:04:48,702 [pool-58-thread-1] INFO  server.RaftServerConfigKeys (ConfUtils.java:logGet(43)) - raft.server.snapshot.auto.trigger.threshold = 1 (custom)
2019-09-19 14:04:48,702 [pool-58-thread-1] INFO  server.RaftServerConfigKeys (ConfUtils.java:logGet(43)) - raft.server.retrycache.expirytime = 600000ms (custom)
2019-09-19 14:04:48,702 [pool-58-thread-1] INFO  impl.RaftServerImpl (RaftServerImpl.java:start(180)) - dcc77c7b-1d37-448d-8d57-43d254561693: start group-B7F16E51773A
2019-09-19 14:04:48,702 [pool-58-thread-1] INFO  impl.RaftServerImpl (RaftServerImpl.java:setRole(171)) - dcc77c7b-1d37-448d-8d57-43d254561693:group-B7F16E51773A changes role from null to FOLLOWER at term 0 for startAsFollower
2019-09-19 14:04:48,703 [pool-58-thread-1] INFO  impl.RoleInfo (RoleInfo.java:updateAndGet(143)) - dcc77c7b-1d37-448d-8d57-43d254561693: start FollowerState
2019-09-19 14:04:48,703 [pool-58-thread-1] INFO  util.JmxRegister (JmxRegister.java:tryRegister(44)) - Successfully registered JMX Bean with object name Ratis:service=RaftServer,group=group-B7F16E51773A,id=dcc77c7b-1d37-448d-8d57-43d254561693
2019-09-19 14:04:48,705 [RatisPipelineUtilsThread] INFO  pipeline.PipelineStateManager (PipelineStateManager.java:addPipeline(56)) - Created pipeline Pipeline[ Id: 1f6a3ff6-b3d8-4053-b908-b7f16e51773a, Nodes: dcc77c7b-1d37-448d-8d57-43d254561693{ip: 192.168.157.226, host: pr-hdds-1569-swxfz-3172132826, networkLocation: /default-rack, certSerialId: null}, Type:RATIS, Factor:ONE, State:OPEN]
2019-09-19 14:04:48,708 [grpc-default-executor-1] INFO  impl.RaftServerProxy (RaftServerProxy.java:addNew(89)) - dcc77c7b-1d37-448d-8d57-43d254561693: addNew group-3216422EFA02:[dcc77c7b-1d37-448d-8d57-43d254561693:192.168.157.226:34527] returns group-3216422EFA02:java.util.concurrent.CompletableFuture@10e8bb1a[Not completed]
2019-09-19 14:04:48,709 [pool-58-thread-1] INFO  impl.RaftServerImpl (RaftServerImpl.java:<init>(93)) - dcc77c7b-1d37-448d-8d57-43d254561693: new RaftServerImpl for group-3216422EFA02:[dcc77c7b-1d37-448d-8d57-43d254561693:192.168.157.226:34527] with ContainerStateMachine:uninitialized
2019-09-19 14:04:48,709 [pool-58-thread-1] INFO  server.RaftServerConfigKeys (ConfUtils.java:logGet(43)) - raft.server.rpc.timeout.min = 5s (custom)
2019-09-19 14:04:48,709 [pool-58-thread-1] INFO  server.RaftServerConfigKeys (ConfUtils.java:logGet(43)) - raft.server.rpc.timeout.max = 5200ms (custom)
2019-09-19 14:04:48,709 [pool-58-thread-1] INFO  server.RaftServerConfigKeys (ConfUtils.java:logGet(43)) - raft.server.rpcslowness.timeout = 120s (custom)
2019-09-19 14:04:48,709 [pool-58-thread-1] INFO  server.RaftServerConfigKeys (ConfUtils.java:logGet(43)) - raft.server.sleep.deviation.threshold = 300 (default)
2019-09-19 14:04:48,709 [pool-58-thread-1] INFO  server.RaftServerConfigKeys (ConfUtils.java:logGet(43)) - raft.server.log.appender.install.snapshot.enabled = false (custom)
2019-09-19 14:04:48,710 [pool-58-thread-1] INFO  impl.RaftServerImpl (ServerState.java:<init>(105)) - dcc77c7b-1d37-448d-8d57-43d254561693:group-3216422EFA02 ConfigurationManager, init=-1: [dcc77c7b-1d37-448d-8d57-43d254561693:192.168.157.226:34527], old=null, confs=<EMPTY_MAP>
2019-09-19 14:04:48,710 [pool-58-thread-1] INFO  server.RaftServerConfigKeys (ConfUtils.java:logGet(43)) - raft.server.storage.dir = [/workdir/hadoop-ozone/integration-test/target/test-dir/MiniOzoneClusterImpl-3b2755de-4cfe-4b43-9e0d-73dd8eda8f75/datanode-0/data/ratis] (custom)
2019-09-19 14:04:48,710 [pool-58-thread-1] INFO  storage.RaftStorageDirectory (RaftStorageDirectory.java:analyzeStorage(246)) - The storage directory /workdir/hadoop-ozone/integration-test/target/test-dir/MiniOzoneClusterImpl-3b2755de-4cfe-4b43-9e0d-73dd8eda8f75/datanode-0/data/ratis/912cffaa-d986-4461-83eb-3216422efa02 does not exist. Creating ...
2019-09-19 14:04:48,724 [pool-58-thread-1] INFO  storage.RaftStorageDirectory (RaftStorageDirectory.java:tryLock(328)) - Lock on /workdir/hadoop-ozone/integration-test/target/test-dir/MiniOzoneClusterImpl-3b2755de-4cfe-4b43-9e0d-73dd8eda8f75/datanode-0/data/ratis/912cffaa-d986-4461-83eb-3216422efa02/in_use.lock acquired by nodename 30982@pr-hdds-1569-swxfz-3172132826
2019-09-19 14:04:48,737 [pool-58-thread-1] INFO  storage.RaftStorage (RaftStorage.java:format(72)) - Storage directory /workdir/hadoop-ozone/integration-test/target/test-dir/MiniOzoneClusterImpl-3b2755de-4cfe-4b43-9e0d-73dd8eda8f75/datanode-0/data/ratis/912cffaa-d986-4461-83eb-3216422efa02 has been successfully formatted.
2019-09-19 14:04:48,737 [pool-58-thread-1] INFO  ratis.ContainerStateMachine (ContainerStateMachine.java:loadSnapshot(226)) - group-3216422EFA02: The snapshot info is null. Setting the last applied indexto:(t:0, i:~)
2019-09-19 14:04:48,737 [pool-58-thread-1] INFO  server.RaftServerConfigKeys (ConfUtils.java:logGet(43)) - raft.server.leader.election.timeout = 120s (custom)
2019-09-19 14:04:48,737 [pool-58-thread-1] INFO  server.RaftServerConfigKeys (ConfUtils.java:logGet(43)) - raft.server.log.use.memory = false (default)
2019-09-19 14:04:48,738 [pool-58-thread-1] INFO  server.RaftServerConfigKeys (ConfUtils.java:logGet(43)) - raft.server.log.purge.gap = 1000000 (custom)
2019-09-19 14:04:48,738 [pool-58-thread-1] INFO  server.RaftServerConfigKeys (ConfUtils.java:logGet(43)) - raft.server.log.appender.buffer.byte-limit = 33554432 (custom)
2019-09-19 14:04:48,738 [pool-58-thread-1] INFO  server.RaftServerConfigKeys (ConfUtils.java:logGet(43)) - raft.server.log.segment.size.max = 1048576 (custom)
2019-09-19 14:04:48,738 [pool-58-thread-1] INFO  server.RaftServerConfigKeys (ConfUtils.java:logGet(43)) - raft.server.log.segment.cache.num.max = 2 (custom)
2019-09-19 14:04:48,738 [pool-58-thread-1] INFO  segmented.SegmentedRaftLogWorker (SegmentedRaftLogWorker.java:<init>(172)) - new dcc77c7b-1d37-448d-8d57-43d254561693-SegmentedRaftLogWorker:Storage Directory /workdir/hadoop-ozone/integration-test/target/test-dir/MiniOzoneClusterImpl-3b2755de-4cfe-4b43-9e0d-73dd8eda8f75/datanode-0/data/ratis/912cffaa-d986-4461-83eb-3216422efa02 for RaftStorage:Storage Directory /workdir/hadoop-ozone/integration-test/target/test-dir/MiniOzoneClusterImpl-3b2755de-4cfe-4b43-9e0d-73dd8eda8f75/datanode-0/data/ratis/912cffaa-d986-4461-83eb-3216422efa02
2019-09-19 14:04:48,738 [pool-58-thread-1] INFO  server.RaftServerConfigKeys (ConfUtils.java:logGet(43)) - raft.server.log.queue.byte-limit = 2147483647 (custom)
2019-09-19 14:04:48,738 [pool-58-thread-1] INFO  server.RaftServerConfigKeys (ConfUtils.java:logGet(43)) - raft.server.log.queue.element-limit = 1024 (custom)
2019-09-19 14:04:48,739 [pool-58-thread-1] INFO  server.RaftServerConfigKeys (ConfUtils.java:logGet(43)) - raft.server.log.segment.size.max = 1048576 (custom)
2019-09-19 14:04:48,739 [pool-58-thread-1] INFO  server.RaftServerConfigKeys (ConfUtils.java:logGet(43)) - raft.server.log.preallocated.size = 16384 (custom)
2019-09-19 14:04:48,739 [pool-58-thread-1] INFO  server.RaftServerConfigKeys (ConfUtils.java:logGet(43)) - raft.server.log.write.buffer.size = 33554432 (custom)
2019-09-19 14:04:48,739 [pool-58-thread-1] INFO  server.RaftServerConfigKeys (ConfUtils.java:logGet(43)) - raft.server.log.force.sync.num = 128 (default)
2019-09-19 14:04:48,739 [pool-58-thread-1] INFO  server.RaftServerConfigKeys (ConfUtils.java:logGet(43)) - raft.server.log.statemachine.data.sync = true (default)
2019-09-19 14:04:48,739 [pool-58-thread-1] INFO  server.RaftServerConfigKeys (ConfUtils.java:logGet(43)) - raft.server.log.statemachine.data.sync.timeout = 10s (default)
2019-09-19 14:04:48,739 [pool-58-thread-1] INFO  server.RaftServerConfigKeys (ConfUtils.java:logGet(43)) - raft.server.log.statemachine.data.sync.timeout.retry = -1 (default)
2019-09-19 14:04:48,739 [pool-58-thread-1] INFO  server.RaftServerConfigKeys (ConfUtils.java:logGet(43)) - raft.server.log.statemachine.data.caching.enabled = true (custom)
2019-09-19 14:04:48,740 [pool-58-thread-1] INFO  segmented.SegmentedRaftLogWorker (SegmentedRaftLogWorker.java:lambda$new$0(132)) - dcc77c7b-1d37-448d-8d57-43d254561693-SegmentedRaftLogWorker:Storage Directory /workdir/hadoop-ozone/integration-test/target/test-dir/MiniOzoneClusterImpl-3b2755de-4cfe-4b43-9e0d-73dd8eda8f75/datanode-0/data/ratis/912cffaa-d986-4461-83eb-3216422efa02: flushIndex: setUnconditionally 0 -> -1
2019-09-19 14:04:48,740 [pool-58-thread-1] INFO  server.RaftServerConfigKeys (ConfUtils.java:logGet(43)) - raft.server.snapshot.auto.trigger.enabled = true (custom)
2019-09-19 14:04:48,740 [pool-58-thread-1] INFO  server.RaftServerConfigKeys (ConfUtils.java:logGet(43)) - raft.server.snapshot.auto.trigger.threshold = 1 (custom)
2019-09-19 14:04:48,740 [pool-58-thread-1] INFO  server.RaftServerConfigKeys (ConfUtils.java:logGet(43)) - raft.server.retrycache.expirytime = 600000ms (custom)
2019-09-19 14:04:48,740 [pool-58-thread-1] INFO  impl.RaftServerImpl (RaftServerImpl.java:start(180)) - dcc77c7b-1d37-448d-8d57-43d254561693: start group-3216422EFA02
2019-09-19 14:04:48,740 [pool-58-thread-1] INFO  impl.RaftServerImpl (RaftServerImpl.java:setRole(171)) - dcc77c7b-1d37-448d-8d57-43d254561693:group-3216422EFA02 changes role from null to FOLLOWER at term 0 for startAsFollower
2019-09-19 14:04:48,741 [pool-58-thread-1] INFO  impl.RoleInfo (RoleInfo.java:updateAndGet(143)) - dcc77c7b-1d37-448d-8d57-43d254561693: start FollowerState
2019-09-19 14:04:48,741 [pool-58-thread-1] INFO  util.JmxRegister (JmxRegister.java:tryRegister(44)) - Successfully registered JMX Bean with object name Ratis:service=RaftServer,group=group-3216422EFA02,id=dcc77c7b-1d37-448d-8d57-43d254561693
2019-09-19 14:04:48,742 [RatisPipelineUtilsThread] INFO  pipeline.PipelineStateManager (PipelineStateManager.java:addPipeline(56)) - Created pipeline Pipeline[ Id: 912cffaa-d986-4461-83eb-3216422efa02, Nodes: dcc77c7b-1d37-448d-8d57-43d254561693{ip: 192.168.157.226, host: pr-hdds-1569-swxfz-3172132826, networkLocation: /default-rack, certSerialId: null}, Type:RATIS, Factor:ONE, State:OPEN]
2019-09-19 14:04:48,745 [grpc-default-executor-1] INFO  impl.RaftServerProxy (RaftServerProxy.java:addNew(89)) - dcc77c7b-1d37-448d-8d57-43d254561693: addNew group-F6BA0D12585D:[dcc77c7b-1d37-448d-8d57-43d254561693:192.168.157.226:34527] returns group-F6BA0D12585D:java.util.concurrent.CompletableFuture@5e42a251[Not completed]
2019-09-19 14:04:48,745 [pool-58-thread-1] INFO  impl.RaftServerImpl (RaftServerImpl.java:<init>(93)) - dcc77c7b-1d37-448d-8d57-43d254561693: new RaftServerImpl for group-F6BA0D12585D:[dcc77c7b-1d37-448d-8d57-43d254561693:192.168.157.226:34527] with ContainerStateMachine:uninitialized
2019-09-19 14:04:48,746 [pool-58-thread-1] INFO  server.RaftServerConfigKeys (ConfUtils.java:logGet(43)) - raft.server.rpc.timeout.min = 5s (custom)
2019-09-19 14:04:48,746 [pool-58-thread-1] INFO  server.RaftServerConfigKeys (ConfUtils.java:logGet(43)) - raft.server.rpc.timeout.max = 5200ms (custom)
2019-09-19 14:04:48,746 [pool-58-thread-1] INFO  server.RaftServerConfigKeys (ConfUtils.java:logGet(43)) - raft.server.rpcslowness.timeout = 120s (custom)
2019-09-19 14:04:48,746 [pool-58-thread-1] INFO  server.RaftServerConfigKeys (ConfUtils.java:logGet(43)) - raft.server.sleep.deviation.threshold = 300 (default)
2019-09-19 14:04:48,746 [pool-58-thread-1] INFO  server.RaftServerConfigKeys (ConfUtils.java:logGet(43)) - raft.server.log.appender.install.snapshot.enabled = false (custom)
2019-09-19 14:04:48,746 [pool-58-thread-1] INFO  impl.RaftServerImpl (ServerState.java:<init>(105)) - dcc77c7b-1d37-448d-8d57-43d254561693:group-F6BA0D12585D ConfigurationManager, init=-1: [dcc77c7b-1d37-448d-8d57-43d254561693:192.168.157.226:34527], old=null, confs=<EMPTY_MAP>
2019-09-19 14:04:48,746 [pool-58-thread-1] INFO  server.RaftServerConfigKeys (ConfUtils.java:logGet(43)) - raft.server.storage.dir = [/workdir/hadoop-ozone/integration-test/target/test-dir/MiniOzoneClusterImpl-3b2755de-4cfe-4b43-9e0d-73dd8eda8f75/datanode-0/data/ratis] (custom)
2019-09-19 14:04:48,747 [pool-58-thread-1] INFO  storage.RaftStorageDirectory (RaftStorageDirectory.java:analyzeStorage(246)) - The storage directory /workdir/hadoop-ozone/integration-test/target/test-dir/MiniOzoneClusterImpl-3b2755de-4cfe-4b43-9e0d-73dd8eda8f75/datanode-0/data/ratis/6e89ff6c-f47c-4edb-9fb1-f6ba0d12585d does not exist. Creating ...
2019-09-19 14:04:48,759 [pool-58-thread-1] INFO  storage.RaftStorageDirectory (RaftStorageDirectory.java:tryLock(328)) - Lock on /workdir/hadoop-ozone/integration-test/target/test-dir/MiniOzoneClusterImpl-3b2755de-4cfe-4b43-9e0d-73dd8eda8f75/datanode-0/data/ratis/6e89ff6c-f47c-4edb-9fb1-f6ba0d12585d/in_use.lock acquired by nodename 30982@pr-hdds-1569-swxfz-3172132826
2019-09-19 14:04:48,772 [pool-58-thread-1] INFO  storage.RaftStorage (RaftStorage.java:format(72)) - Storage directory /workdir/hadoop-ozone/integration-test/target/test-dir/MiniOzoneClusterImpl-3b2755de-4cfe-4b43-9e0d-73dd8eda8f75/datanode-0/data/ratis/6e89ff6c-f47c-4edb-9fb1-f6ba0d12585d has been successfully formatted.
2019-09-19 14:04:48,772 [pool-58-thread-1] INFO  ratis.ContainerStateMachine (ContainerStateMachine.java:loadSnapshot(226)) - group-F6BA0D12585D: The snapshot info is null. Setting the last applied indexto:(t:0, i:~)
2019-09-19 14:04:48,772 [pool-58-thread-1] INFO  server.RaftServerConfigKeys (ConfUtils.java:logGet(43)) - raft.server.leader.election.timeout = 120s (custom)
2019-09-19 14:04:48,772 [pool-58-thread-1] INFO  server.RaftServerConfigKeys (ConfUtils.java:logGet(43)) - raft.server.log.use.memory = false (default)
2019-09-19 14:04:48,773 [pool-58-thread-1] INFO  server.RaftServerConfigKeys (ConfUtils.java:logGet(43)) - raft.server.log.purge.gap = 1000000 (custom)
2019-09-19 14:04:48,773 [pool-58-thread-1] INFO  server.RaftServerConfigKeys (ConfUtils.java:logGet(43)) - raft.server.log.appender.buffer.byte-limit = 33554432 (custom)
2019-09-19 14:04:48,773 [pool-58-thread-1] INFO  server.RaftServerConfigKeys (ConfUtils.java:logGet(43)) - raft.server.log.segment.size.max = 1048576 (custom)
2019-09-19 14:04:48,773 [pool-58-thread-1] INFO  server.RaftServerConfigKeys (ConfUtils.java:logGet(43)) - raft.server.log.segment.cache.num.max = 2 (custom)
2019-09-19 14:04:48,773 [pool-58-thread-1] INFO  segmented.SegmentedRaftLogWorker (SegmentedRaftLogWorker.java:<init>(172)) - new dcc77c7b-1d37-448d-8d57-43d254561693-SegmentedRaftLogWorker:Storage Directory /workdir/hadoop-ozone/integration-test/target/test-dir/MiniOzoneClusterImpl-3b2755de-4cfe-4b43-9e0d-73dd8eda8f75/datanode-0/data/ratis/6e89ff6c-f47c-4edb-9fb1-f6ba0d12585d for RaftStorage:Storage Directory /workdir/hadoop-ozone/integration-test/target/test-dir/MiniOzoneClusterImpl-3b2755de-4cfe-4b43-9e0d-73dd8eda8f75/datanode-0/data/ratis/6e89ff6c-f47c-4edb-9fb1-f6ba0d12585d
2019-09-19 14:04:48,773 [pool-58-thread-1] INFO  server.RaftServerConfigKeys (ConfUtils.java:logGet(43)) - raft.server.log.queue.byte-limit = 2147483647 (custom)
2019-09-19 14:04:48,773 [pool-58-thread-1] INFO  server.RaftServerConfigKeys (ConfUtils.java:logGet(43)) - raft.server.log.queue.element-limit = 1024 (custom)
2019-09-19 14:04:48,773 [pool-58-thread-1] INFO  server.RaftServerConfigKeys (ConfUtils.java:logGet(43)) - raft.server.log.segment.size.max = 1048576 (custom)
2019-09-19 14:04:48,774 [pool-58-thread-1] INFO  server.RaftServerConfigKeys (ConfUtils.java:logGet(43)) - raft.server.log.preallocated.size = 16384 (custom)
2019-09-19 14:04:48,774 [pool-58-thread-1] INFO  server.RaftServerConfigKeys (ConfUtils.java:logGet(43)) - raft.server.log.write.buffer.size = 33554432 (custom)
2019-09-19 14:04:48,774 [pool-58-thread-1] INFO  server.RaftServerConfigKeys (ConfUtils.java:logGet(43)) - raft.server.log.force.sync.num = 128 (default)
2019-09-19 14:04:48,774 [pool-58-thread-1] INFO  server.RaftServerConfigKeys (ConfUtils.java:logGet(43)) - raft.server.log.statemachine.data.sync = true (default)
2019-09-19 14:04:48,774 [pool-58-thread-1] INFO  server.RaftServerConfigKeys (ConfUtils.java:logGet(43)) - raft.server.log.statemachine.data.sync.timeout = 10s (default)
2019-09-19 14:04:48,774 [pool-58-thread-1] INFO  server.RaftServerConfigKeys (ConfUtils.java:logGet(43)) - raft.server.log.statemachine.data.sync.timeout.retry = -1 (default)
2019-09-19 14:04:48,774 [pool-58-thread-1] INFO  server.RaftServerConfigKeys (ConfUtils.java:logGet(43)) - raft.server.log.statemachine.data.caching.enabled = true (custom)
2019-09-19 14:04:48,774 [pool-58-thread-1] INFO  segmented.SegmentedRaftLogWorker (SegmentedRaftLogWorker.java:lambda$new$0(132)) - dcc77c7b-1d37-448d-8d57-43d254561693-SegmentedRaftLogWorker:Storage Directory /workdir/hadoop-ozone/integration-test/target/test-dir/MiniOzoneClusterImpl-3b2755de-4cfe-4b43-9e0d-73dd8eda8f75/datanode-0/data/ratis/6e89ff6c-f47c-4edb-9fb1-f6ba0d12585d: flushIndex: setUnconditionally 0 -> -1
2019-09-19 14:04:48,775 [pool-58-thread-1] INFO  server.RaftServerConfigKeys (ConfUtils.java:logGet(43)) - raft.server.snapshot.auto.trigger.enabled = true (custom)
2019-09-19 14:04:48,775 [pool-58-thread-1] INFO  server.RaftServerConfigKeys (ConfUtils.java:logGet(43)) - raft.server.snapshot.auto.trigger.threshold = 1 (custom)
2019-09-19 14:04:48,775 [pool-58-thread-1] INFO  server.RaftServerConfigKeys (ConfUtils.java:logGet(43)) - raft.server.retrycache.expirytime = 600000ms (custom)
2019-09-19 14:04:48,775 [pool-58-thread-1] INFO  impl.RaftServerImpl (RaftServerImpl.java:start(180)) - dcc77c7b-1d37-448d-8d57-43d254561693: start group-F6BA0D12585D
2019-09-19 14:04:48,775 [pool-58-thread-1] INFO  impl.RaftServerImpl (RaftServerImpl.java:setRole(171)) - dcc77c7b-1d37-448d-8d57-43d254561693:group-F6BA0D12585D changes role from null to FOLLOWER at term 0 for startAsFollower
2019-09-19 14:04:48,775 [pool-58-thread-1] INFO  impl.RoleInfo (RoleInfo.java:updateAndGet(143)) - dcc77c7b-1d37-448d-8d57-43d254561693: start FollowerState
2019-09-19 14:04:48,776 [pool-58-thread-1] INFO  util.JmxRegister (JmxRegister.java:tryRegister(44)) - Successfully registered JMX Bean with object name Ratis:service=RaftServer,group=group-F6BA0D12585D,id=dcc77c7b-1d37-448d-8d57-43d254561693
2019-09-19 14:04:48,777 [RatisPipelineUtilsThread] INFO  pipeline.PipelineStateManager (PipelineStateManager.java:addPipeline(56)) - Created pipeline Pipeline[ Id: 6e89ff6c-f47c-4edb-9fb1-f6ba0d12585d, Nodes: dcc77c7b-1d37-448d-8d57-43d254561693{ip: 192.168.157.226, host: pr-hdds-1569-swxfz-3172132826, networkLocation: /default-rack, certSerialId: null}, Type:RATIS, Factor:ONE, State:OPEN]
2019-09-19 14:04:48,780 [grpc-default-executor-1] INFO  impl.RaftServerProxy (RaftServerProxy.java:addNew(89)) - dcc77c7b-1d37-448d-8d57-43d254561693: addNew group-D2ADA134129D:[dcc77c7b-1d37-448d-8d57-43d254561693:192.168.157.226:34527] returns group-D2ADA134129D:java.util.concurrent.CompletableFuture@41567f87[Not completed]
2019-09-19 14:04:48,780 [pool-58-thread-1] INFO  impl.RaftServerImpl (RaftServerImpl.java:<init>(93)) - dcc77c7b-1d37-448d-8d57-43d254561693: new RaftServerImpl for group-D2ADA134129D:[dcc77c7b-1d37-448d-8d57-43d254561693:192.168.157.226:34527] with ContainerStateMachine:uninitialized
2019-09-19 14:04:48,780 [pool-58-thread-1] INFO  server.RaftServerConfigKeys (ConfUtils.java:logGet(43)) - raft.server.rpc.timeout.min = 5s (custom)
2019-09-19 14:04:48,780 [pool-58-thread-1] INFO  server.RaftServerConfigKeys (ConfUtils.java:logGet(43)) - raft.server.rpc.timeout.max = 5200ms (custom)
2019-09-19 14:04:48,781 [pool-58-thread-1] INFO  server.RaftServerConfigKeys (ConfUtils.java:logGet(43)) - raft.server.rpcslowness.timeout = 120s (custom)
2019-09-19 14:04:48,781 [pool-58-thread-1] INFO  server.RaftServerConfigKeys (ConfUtils.java:logGet(43)) - raft.server.sleep.deviation.threshold = 300 (default)
2019-09-19 14:04:48,781 [pool-58-thread-1] INFO  server.RaftServerConfigKeys (ConfUtils.java:logGet(43)) - raft.server.log.appender.install.snapshot.enabled = false (custom)
2019-09-19 14:04:48,781 [pool-58-thread-1] INFO  impl.RaftServerImpl (ServerState.java:<init>(105)) - dcc77c7b-1d37-448d-8d57-43d254561693:group-D2ADA134129D ConfigurationManager, init=-1: [dcc77c7b-1d37-448d-8d57-43d254561693:192.168.157.226:34527], old=null, confs=<EMPTY_MAP>
2019-09-19 14:04:48,781 [pool-58-thread-1] INFO  server.RaftServerConfigKeys (ConfUtils.java:logGet(43)) - raft.server.storage.dir = [/workdir/hadoop-ozone/integration-test/target/test-dir/MiniOzoneClusterImpl-3b2755de-4cfe-4b43-9e0d-73dd8eda8f75/datanode-0/data/ratis] (custom)
2019-09-19 14:04:48,781 [pool-58-thread-1] INFO  storage.RaftStorageDirectory (RaftStorageDirectory.java:analyzeStorage(246)) - The storage directory /workdir/hadoop-ozone/integration-test/target/test-dir/MiniOzoneClusterImpl-3b2755de-4cfe-4b43-9e0d-73dd8eda8f75/datanode-0/data/ratis/99558614-031f-425e-9c6a-d2ada134129d does not exist. Creating ...
2019-09-19 14:04:48,787 | INFO  | SCMAudit | user=jenkins1000 | ip=192.168.157.226 | op=SEND_HEARTBEAT {datanodeUUID=dcc77c7b-1d37-448d-8d57-43d254561693, command=[]} | ret=SUCCESS |  
2019-09-19 14:04:48,793 [pool-58-thread-1] INFO  storage.RaftStorageDirectory (RaftStorageDirectory.java:tryLock(328)) - Lock on /workdir/hadoop-ozone/integration-test/target/test-dir/MiniOzoneClusterImpl-3b2755de-4cfe-4b43-9e0d-73dd8eda8f75/datanode-0/data/ratis/99558614-031f-425e-9c6a-d2ada134129d/in_use.lock acquired by nodename 30982@pr-hdds-1569-swxfz-3172132826
2019-09-19 14:04:48,806 [pool-58-thread-1] INFO  storage.RaftStorage (RaftStorage.java:format(72)) - Storage directory /workdir/hadoop-ozone/integration-test/target/test-dir/MiniOzoneClusterImpl-3b2755de-4cfe-4b43-9e0d-73dd8eda8f75/datanode-0/data/ratis/99558614-031f-425e-9c6a-d2ada134129d has been successfully formatted.
2019-09-19 14:04:48,806 [pool-58-thread-1] INFO  ratis.ContainerStateMachine (ContainerStateMachine.java:loadSnapshot(226)) - group-D2ADA134129D: The snapshot info is null. Setting the last applied indexto:(t:0, i:~)
2019-09-19 14:04:48,806 [pool-58-thread-1] INFO  server.RaftServerConfigKeys (ConfUtils.java:logGet(43)) - raft.server.leader.election.timeout = 120s (custom)
2019-09-19 14:04:48,807 [pool-58-thread-1] INFO  server.RaftServerConfigKeys (ConfUtils.java:logGet(43)) - raft.server.log.use.memory = false (default)
2019-09-19 14:04:48,807 [pool-58-thread-1] INFO  server.RaftServerConfigKeys (ConfUtils.java:logGet(43)) - raft.server.log.purge.gap = 1000000 (custom)
2019-09-19 14:04:48,807 [pool-58-thread-1] INFO  server.RaftServerConfigKeys (ConfUtils.java:logGet(43)) - raft.server.log.appender.buffer.byte-limit = 33554432 (custom)
2019-09-19 14:04:48,807 [pool-58-thread-1] INFO  server.RaftServerConfigKeys (ConfUtils.java:logGet(43)) - raft.server.log.segment.size.max = 1048576 (custom)
2019-09-19 14:04:48,807 [pool-58-thread-1] INFO  server.RaftServerConfigKeys (ConfUtils.java:logGet(43)) - raft.server.log.segment.cache.num.max = 2 (custom)
2019-09-19 14:04:48,807 [pool-58-thread-1] INFO  segmented.SegmentedRaftLogWorker (SegmentedRaftLogWorker.java:<init>(172)) - new dcc77c7b-1d37-448d-8d57-43d254561693-SegmentedRaftLogWorker:Storage Directory /workdir/hadoop-ozone/integration-test/target/test-dir/MiniOzoneClusterImpl-3b2755de-4cfe-4b43-9e0d-73dd8eda8f75/datanode-0/data/ratis/99558614-031f-425e-9c6a-d2ada134129d for RaftStorage:Storage Directory /workdir/hadoop-ozone/integration-test/target/test-dir/MiniOzoneClusterImpl-3b2755de-4cfe-4b43-9e0d-73dd8eda8f75/datanode-0/data/ratis/99558614-031f-425e-9c6a-d2ada134129d
2019-09-19 14:04:48,807 [pool-58-thread-1] INFO  server.RaftServerConfigKeys (ConfUtils.java:logGet(43)) - raft.server.log.queue.byte-limit = 2147483647 (custom)
2019-09-19 14:04:48,807 [pool-58-thread-1] INFO  server.RaftServerConfigKeys (ConfUtils.java:logGet(43)) - raft.server.log.queue.element-limit = 1024 (custom)
2019-09-19 14:04:48,808 [pool-58-thread-1] INFO  server.RaftServerConfigKeys (ConfUtils.java:logGet(43)) - raft.server.log.segment.size.max = 1048576 (custom)
2019-09-19 14:04:48,808 [pool-58-thread-1] INFO  server.RaftServerConfigKeys (ConfUtils.java:logGet(43)) - raft.server.log.preallocated.size = 16384 (custom)
2019-09-19 14:04:48,808 [pool-58-thread-1] INFO  server.RaftServerConfigKeys (ConfUtils.java:logGet(43)) - raft.server.log.write.buffer.size = 33554432 (custom)
2019-09-19 14:04:48,808 [pool-58-thread-1] INFO  server.RaftServerConfigKeys (ConfUtils.java:logGet(43)) - raft.server.log.force.sync.num = 128 (default)
2019-09-19 14:04:48,808 [pool-58-thread-1] INFO  server.RaftServerConfigKeys (ConfUtils.java:logGet(43)) - raft.server.log.statemachine.data.sync = true (default)
2019-09-19 14:04:48,808 [pool-58-thread-1] INFO  server.RaftServerConfigKeys (ConfUtils.java:logGet(43)) - raft.server.log.statemachine.data.sync.timeout = 10s (default)
2019-09-19 14:04:48,808 [pool-58-thread-1] INFO  server.RaftServerConfigKeys (ConfUtils.java:logGet(43)) - raft.server.log.statemachine.data.sync.timeout.retry = -1 (default)
2019-09-19 14:04:48,808 [pool-58-thread-1] INFO  server.RaftServerConfigKeys (ConfUtils.java:logGet(43)) - raft.server.log.statemachine.data.caching.enabled = true (custom)
2019-09-19 14:04:48,809 [pool-58-thread-1] INFO  segmented.SegmentedRaftLogWorker (SegmentedRaftLogWorker.java:lambda$new$0(132)) - dcc77c7b-1d37-448d-8d57-43d254561693-SegmentedRaftLogWorker:Storage Directory /workdir/hadoop-ozone/integration-test/target/test-dir/MiniOzoneClusterImpl-3b2755de-4cfe-4b43-9e0d-73dd8eda8f75/datanode-0/data/ratis/99558614-031f-425e-9c6a-d2ada134129d: flushIndex: setUnconditionally 0 -> -1
2019-09-19 14:04:48,809 [pool-58-thread-1] INFO  server.RaftServerConfigKeys (ConfUtils.java:logGet(43)) - raft.server.snapshot.auto.trigger.enabled = true (custom)
2019-09-19 14:04:48,809 [pool-58-thread-1] INFO  server.RaftServerConfigKeys (ConfUtils.java:logGet(43)) - raft.server.snapshot.auto.trigger.threshold = 1 (custom)
2019-09-19 14:04:48,809 [pool-58-thread-1] INFO  server.RaftServerConfigKeys (ConfUtils.java:logGet(43)) - raft.server.retrycache.expirytime = 600000ms (custom)
2019-09-19 14:04:48,809 [pool-58-thread-1] INFO  impl.RaftServerImpl (RaftServerImpl.java:start(180)) - dcc77c7b-1d37-448d-8d57-43d254561693: start group-D2ADA134129D
2019-09-19 14:04:48,809 [pool-58-thread-1] INFO  impl.RaftServerImpl (RaftServerImpl.java:setRole(171)) - dcc77c7b-1d37-448d-8d57-43d254561693:group-D2ADA134129D changes role from null to FOLLOWER at term 0 for startAsFollower
2019-09-19 14:04:48,810 [pool-58-thread-1] INFO  impl.RoleInfo (RoleInfo.java:updateAndGet(143)) - dcc77c7b-1d37-448d-8d57-43d254561693: start FollowerState
2019-09-19 14:04:48,810 [pool-58-thread-1] INFO  util.JmxRegister (JmxRegister.java:tryRegister(44)) - Successfully registered JMX Bean with object name Ratis:service=RaftServer,group=group-D2ADA134129D,id=dcc77c7b-1d37-448d-8d57-43d254561693
2019-09-19 14:04:48,811 [RatisPipelineUtilsThread] INFO  pipeline.PipelineStateManager (PipelineStateManager.java:addPipeline(56)) - Created pipeline Pipeline[ Id: 99558614-031f-425e-9c6a-d2ada134129d, Nodes: dcc77c7b-1d37-448d-8d57-43d254561693{ip: 192.168.157.226, host: pr-hdds-1569-swxfz-3172132826, networkLocation: /default-rack, certSerialId: null}, Type:RATIS, Factor:ONE, State:OPEN]
2019-09-19 14:04:48,814 [grpc-default-executor-1] INFO  impl.RaftServerProxy (RaftServerProxy.java:addNew(89)) - dcc77c7b-1d37-448d-8d57-43d254561693: addNew group-F469CB8DF69D:[dcc77c7b-1d37-448d-8d57-43d254561693:192.168.157.226:34527] returns group-F469CB8DF69D:java.util.concurrent.CompletableFuture@408fed99[Not completed]
2019-09-19 14:04:48,815 [pool-58-thread-1] INFO  impl.RaftServerImpl (RaftServerImpl.java:<init>(93)) - dcc77c7b-1d37-448d-8d57-43d254561693: new RaftServerImpl for group-F469CB8DF69D:[dcc77c7b-1d37-448d-8d57-43d254561693:192.168.157.226:34527] with ContainerStateMachine:uninitialized
2019-09-19 14:04:48,815 [pool-58-thread-1] INFO  server.RaftServerConfigKeys (ConfUtils.java:logGet(43)) - raft.server.rpc.timeout.min = 5s (custom)
2019-09-19 14:04:48,815 [pool-58-thread-1] INFO  server.RaftServerConfigKeys (ConfUtils.java:logGet(43)) - raft.server.rpc.timeout.max = 5200ms (custom)
2019-09-19 14:04:48,815 [pool-58-thread-1] INFO  server.RaftServerConfigKeys (ConfUtils.java:logGet(43)) - raft.server.rpcslowness.timeout = 120s (custom)
2019-09-19 14:04:48,815 [pool-58-thread-1] INFO  server.RaftServerConfigKeys (ConfUtils.java:logGet(43)) - raft.server.sleep.deviation.threshold = 300 (default)
2019-09-19 14:04:48,815 [pool-58-thread-1] INFO  server.RaftServerConfigKeys (ConfUtils.java:logGet(43)) - raft.server.log.appender.install.snapshot.enabled = false (custom)
2019-09-19 14:04:48,815 [pool-58-thread-1] INFO  impl.RaftServerImpl (ServerState.java:<init>(105)) - dcc77c7b-1d37-448d-8d57-43d254561693:group-F469CB8DF69D ConfigurationManager, init=-1: [dcc77c7b-1d37-448d-8d57-43d254561693:192.168.157.226:34527], old=null, confs=<EMPTY_MAP>
2019-09-19 14:04:48,815 [pool-58-thread-1] INFO  server.RaftServerConfigKeys (ConfUtils.java:logGet(43)) - raft.server.storage.dir = [/workdir/hadoop-ozone/integration-test/target/test-dir/MiniOzoneClusterImpl-3b2755de-4cfe-4b43-9e0d-73dd8eda8f75/datanode-0/data/ratis] (custom)
2019-09-19 14:04:48,816 [pool-58-thread-1] INFO  storage.RaftStorageDirectory (RaftStorageDirectory.java:analyzeStorage(246)) - The storage directory /workdir/hadoop-ozone/integration-test/target/test-dir/MiniOzoneClusterImpl-3b2755de-4cfe-4b43-9e0d-73dd8eda8f75/datanode-0/data/ratis/85399fa0-8258-4e41-8fc3-f469cb8df69d does not exist. Creating ...
2019-09-19 14:04:48,828 [pool-58-thread-1] INFO  storage.RaftStorageDirectory (RaftStorageDirectory.java:tryLock(328)) - Lock on /workdir/hadoop-ozone/integration-test/target/test-dir/MiniOzoneClusterImpl-3b2755de-4cfe-4b43-9e0d-73dd8eda8f75/datanode-0/data/ratis/85399fa0-8258-4e41-8fc3-f469cb8df69d/in_use.lock acquired by nodename 30982@pr-hdds-1569-swxfz-3172132826
2019-09-19 14:04:48,841 [pool-58-thread-1] INFO  storage.RaftStorage (RaftStorage.java:format(72)) - Storage directory /workdir/hadoop-ozone/integration-test/target/test-dir/MiniOzoneClusterImpl-3b2755de-4cfe-4b43-9e0d-73dd8eda8f75/datanode-0/data/ratis/85399fa0-8258-4e41-8fc3-f469cb8df69d has been successfully formatted.
2019-09-19 14:04:48,841 [pool-58-thread-1] INFO  ratis.ContainerStateMachine (ContainerStateMachine.java:loadSnapshot(226)) - group-F469CB8DF69D: The snapshot info is null. Setting the last applied indexto:(t:0, i:~)
2019-09-19 14:04:48,841 [pool-58-thread-1] INFO  server.RaftServerConfigKeys (ConfUtils.java:logGet(43)) - raft.server.leader.election.timeout = 120s (custom)
2019-09-19 14:04:48,841 [pool-58-thread-1] INFO  server.RaftServerConfigKeys (ConfUtils.java:logGet(43)) - raft.server.log.use.memory = false (default)
2019-09-19 14:04:48,841 [pool-58-thread-1] INFO  server.RaftServerConfigKeys (ConfUtils.java:logGet(43)) - raft.server.log.purge.gap = 1000000 (custom)
2019-09-19 14:04:48,841 [pool-58-thread-1] INFO  server.RaftServerConfigKeys (ConfUtils.java:logGet(43)) - raft.server.log.appender.buffer.byte-limit = 33554432 (custom)
2019-09-19 14:04:48,841 [pool-58-thread-1] INFO  server.RaftServerConfigKeys (ConfUtils.java:logGet(43)) - raft.server.log.segment.size.max = 1048576 (custom)
2019-09-19 14:04:48,842 [pool-58-thread-1] INFO  server.RaftServerConfigKeys (ConfUtils.java:logGet(43)) - raft.server.log.segment.cache.num.max = 2 (custom)
2019-09-19 14:04:48,842 [pool-58-thread-1] INFO  segmented.SegmentedRaftLogWorker (SegmentedRaftLogWorker.java:<init>(172)) - new dcc77c7b-1d37-448d-8d57-43d254561693-SegmentedRaftLogWorker:Storage Directory /workdir/hadoop-ozone/integration-test/target/test-dir/MiniOzoneClusterImpl-3b2755de-4cfe-4b43-9e0d-73dd8eda8f75/datanode-0/data/ratis/85399fa0-8258-4e41-8fc3-f469cb8df69d for RaftStorage:Storage Directory /workdir/hadoop-ozone/integration-test/target/test-dir/MiniOzoneClusterImpl-3b2755de-4cfe-4b43-9e0d-73dd8eda8f75/datanode-0/data/ratis/85399fa0-8258-4e41-8fc3-f469cb8df69d
2019-09-19 14:04:48,842 [pool-58-thread-1] INFO  server.RaftServerConfigKeys (ConfUtils.java:logGet(43)) - raft.server.log.queue.byte-limit = 2147483647 (custom)
2019-09-19 14:04:48,842 [pool-58-thread-1] INFO  server.RaftServerConfigKeys (ConfUtils.java:logGet(43)) - raft.server.log.queue.element-limit = 1024 (custom)
2019-09-19 14:04:48,842 [pool-58-thread-1] INFO  server.RaftServerConfigKeys (ConfUtils.java:logGet(43)) - raft.server.log.segment.size.max = 1048576 (custom)
2019-09-19 14:04:48,842 [pool-58-thread-1] INFO  server.RaftServerConfigKeys (ConfUtils.java:logGet(43)) - raft.server.log.preallocated.size = 16384 (custom)
2019-09-19 14:04:48,842 [pool-58-thread-1] INFO  server.RaftServerConfigKeys (ConfUtils.java:logGet(43)) - raft.server.log.write.buffer.size = 33554432 (custom)
2019-09-19 14:04:48,842 [pool-58-thread-1] INFO  server.RaftServerConfigKeys (ConfUtils.java:logGet(43)) - raft.server.log.force.sync.num = 128 (default)
2019-09-19 14:04:48,843 [pool-58-thread-1] INFO  server.RaftServerConfigKeys (ConfUtils.java:logGet(43)) - raft.server.log.statemachine.data.sync = true (default)
2019-09-19 14:04:48,843 [pool-58-thread-1] INFO  server.RaftServerConfigKeys (ConfUtils.java:logGet(43)) - raft.server.log.statemachine.data.sync.timeout = 10s (default)
2019-09-19 14:04:48,843 [pool-58-thread-1] INFO  server.RaftServerConfigKeys (ConfUtils.java:logGet(43)) - raft.server.log.statemachine.data.sync.timeout.retry = -1 (default)
2019-09-19 14:04:48,843 [pool-58-thread-1] INFO  server.RaftServerConfigKeys (ConfUtils.java:logGet(43)) - raft.server.log.statemachine.data.caching.enabled = true (custom)
2019-09-19 14:04:48,843 [pool-58-thread-1] INFO  segmented.SegmentedRaftLogWorker (SegmentedRaftLogWorker.java:lambda$new$0(132)) - dcc77c7b-1d37-448d-8d57-43d254561693-SegmentedRaftLogWorker:Storage Directory /workdir/hadoop-ozone/integration-test/target/test-dir/MiniOzoneClusterImpl-3b2755de-4cfe-4b43-9e0d-73dd8eda8f75/datanode-0/data/ratis/85399fa0-8258-4e41-8fc3-f469cb8df69d: flushIndex: setUnconditionally 0 -> -1
2019-09-19 14:04:48,844 [pool-58-thread-1] INFO  server.RaftServerConfigKeys (ConfUtils.java:logGet(43)) - raft.server.snapshot.auto.trigger.enabled = true (custom)
2019-09-19 14:04:48,844 [pool-58-thread-1] INFO  server.RaftServerConfigKeys (ConfUtils.java:logGet(43)) - raft.server.snapshot.auto.trigger.threshold = 1 (custom)
2019-09-19 14:04:48,844 [pool-58-thread-1] INFO  server.RaftServerConfigKeys (ConfUtils.java:logGet(43)) - raft.server.retrycache.expirytime = 600000ms (custom)
2019-09-19 14:04:48,844 [pool-58-thread-1] INFO  impl.RaftServerImpl (RaftServerImpl.java:start(180)) - dcc77c7b-1d37-448d-8d57-43d254561693: start group-F469CB8DF69D
2019-09-19 14:04:48,844 [pool-58-thread-1] INFO  impl.RaftServerImpl (RaftServerImpl.java:setRole(171)) - dcc77c7b-1d37-448d-8d57-43d254561693:group-F469CB8DF69D changes role from null to FOLLOWER at term 0 for startAsFollower
2019-09-19 14:04:48,844 [pool-58-thread-1] INFO  impl.RoleInfo (RoleInfo.java:updateAndGet(143)) - dcc77c7b-1d37-448d-8d57-43d254561693: start FollowerState
2019-09-19 14:04:48,844 [pool-58-thread-1] INFO  util.JmxRegister (JmxRegister.java:tryRegister(44)) - Successfully registered JMX Bean with object name Ratis:service=RaftServer,group=group-F469CB8DF69D,id=dcc77c7b-1d37-448d-8d57-43d254561693
2019-09-19 14:04:48,846 [RatisPipelineUtilsThread] INFO  pipeline.PipelineStateManager (PipelineStateManager.java:addPipeline(56)) - Created pipeline Pipeline[ Id: 85399fa0-8258-4e41-8fc3-f469cb8df69d, Nodes: dcc77c7b-1d37-448d-8d57-43d254561693{ip: 192.168.157.226, host: pr-hdds-1569-swxfz-3172132826, networkLocation: /default-rack, certSerialId: null}, Type:RATIS, Factor:ONE, State:OPEN]
2019-09-19 14:04:48,848 [grpc-default-executor-1] INFO  impl.RaftServerProxy (RaftServerProxy.java:addNew(89)) - dcc77c7b-1d37-448d-8d57-43d254561693: addNew group-131436E2CCAA:[dcc77c7b-1d37-448d-8d57-43d254561693:192.168.157.226:34527] returns group-131436E2CCAA:java.util.concurrent.CompletableFuture@3f5ab73e[Not completed]
2019-09-19 14:04:48,849 [pool-58-thread-1] INFO  impl.RaftServerImpl (RaftServerImpl.java:<init>(93)) - dcc77c7b-1d37-448d-8d57-43d254561693: new RaftServerImpl for group-131436E2CCAA:[dcc77c7b-1d37-448d-8d57-43d254561693:192.168.157.226:34527] with ContainerStateMachine:uninitialized
2019-09-19 14:04:48,849 [pool-58-thread-1] INFO  server.RaftServerConfigKeys (ConfUtils.java:logGet(43)) - raft.server.rpc.timeout.min = 5s (custom)
2019-09-19 14:04:48,849 [pool-58-thread-1] INFO  server.RaftServerConfigKeys (ConfUtils.java:logGet(43)) - raft.server.rpc.timeout.max = 5200ms (custom)
2019-09-19 14:04:48,849 [pool-58-thread-1] INFO  server.RaftServerConfigKeys (ConfUtils.java:logGet(43)) - raft.server.rpcslowness.timeout = 120s (custom)
2019-09-19 14:04:48,849 [pool-58-thread-1] INFO  server.RaftServerConfigKeys (ConfUtils.java:logGet(43)) - raft.server.sleep.deviation.threshold = 300 (default)
2019-09-19 14:04:48,849 [pool-58-thread-1] INFO  server.RaftServerConfigKeys (ConfUtils.java:logGet(43)) - raft.server.log.appender.install.snapshot.enabled = false (custom)
2019-09-19 14:04:48,849 [pool-58-thread-1] INFO  impl.RaftServerImpl (ServerState.java:<init>(105)) - dcc77c7b-1d37-448d-8d57-43d254561693:group-131436E2CCAA ConfigurationManager, init=-1: [dcc77c7b-1d37-448d-8d57-43d254561693:192.168.157.226:34527], old=null, confs=<EMPTY_MAP>
2019-09-19 14:04:48,850 [pool-58-thread-1] INFO  server.RaftServerConfigKeys (ConfUtils.java:logGet(43)) - raft.server.storage.dir = [/workdir/hadoop-ozone/integration-test/target/test-dir/MiniOzoneClusterImpl-3b2755de-4cfe-4b43-9e0d-73dd8eda8f75/datanode-0/data/ratis] (custom)
2019-09-19 14:04:48,850 [pool-58-thread-1] INFO  storage.RaftStorageDirectory (RaftStorageDirectory.java:analyzeStorage(246)) - The storage directory /workdir/hadoop-ozone/integration-test/target/test-dir/MiniOzoneClusterImpl-3b2755de-4cfe-4b43-9e0d-73dd8eda8f75/datanode-0/data/ratis/a92cf9aa-4513-47a8-b6e9-131436e2ccaa does not exist. Creating ...
2019-09-19 14:04:48,853 [pool-58-thread-1] INFO  storage.RaftStorageDirectory (RaftStorageDirectory.java:tryLock(328)) - Lock on /workdir/hadoop-ozone/integration-test/target/test-dir/MiniOzoneClusterImpl-3b2755de-4cfe-4b43-9e0d-73dd8eda8f75/datanode-0/data/ratis/a92cf9aa-4513-47a8-b6e9-131436e2ccaa/in_use.lock acquired by nodename 30982@pr-hdds-1569-swxfz-3172132826
2019-09-19 14:04:48,856 [pool-58-thread-1] INFO  storage.RaftStorage (RaftStorage.java:format(72)) - Storage directory /workdir/hadoop-ozone/integration-test/target/test-dir/MiniOzoneClusterImpl-3b2755de-4cfe-4b43-9e0d-73dd8eda8f75/datanode-0/data/ratis/a92cf9aa-4513-47a8-b6e9-131436e2ccaa has been successfully formatted.
2019-09-19 14:04:48,857 [pool-58-thread-1] INFO  ratis.ContainerStateMachine (ContainerStateMachine.java:loadSnapshot(226)) - group-131436E2CCAA: The snapshot info is null. Setting the last applied indexto:(t:0, i:~)
2019-09-19 14:04:48,857 [pool-58-thread-1] INFO  server.RaftServerConfigKeys (ConfUtils.java:logGet(43)) - raft.server.leader.election.timeout = 120s (custom)
2019-09-19 14:04:48,857 [pool-58-thread-1] INFO  server.RaftServerConfigKeys (ConfUtils.java:logGet(43)) - raft.server.log.use.memory = false (default)
2019-09-19 14:04:48,857 [pool-58-thread-1] INFO  server.RaftServerConfigKeys (ConfUtils.java:logGet(43)) - raft.server.log.purge.gap = 1000000 (custom)
2019-09-19 14:04:48,857 [pool-58-thread-1] INFO  server.RaftServerConfigKeys (ConfUtils.java:logGet(43)) - raft.server.log.appender.buffer.byte-limit = 33554432 (custom)
2019-09-19 14:04:48,857 [pool-58-thread-1] INFO  server.RaftServerConfigKeys (ConfUtils.java:logGet(43)) - raft.server.log.segment.size.max = 1048576 (custom)
2019-09-19 14:04:48,857 [pool-58-thread-1] INFO  server.RaftServerConfigKeys (ConfUtils.java:logGet(43)) - raft.server.log.segment.cache.num.max = 2 (custom)
2019-09-19 14:04:48,858 [pool-58-thread-1] INFO  segmented.SegmentedRaftLogWorker (SegmentedRaftLogWorker.java:<init>(172)) - new dcc77c7b-1d37-448d-8d57-43d254561693-SegmentedRaftLogWorker:Storage Directory /workdir/hadoop-ozone/integration-test/target/test-dir/MiniOzoneClusterImpl-3b2755de-4cfe-4b43-9e0d-73dd8eda8f75/datanode-0/data/ratis/a92cf9aa-4513-47a8-b6e9-131436e2ccaa for RaftStorage:Storage Directory /workdir/hadoop-ozone/integration-test/target/test-dir/MiniOzoneClusterImpl-3b2755de-4cfe-4b43-9e0d-73dd8eda8f75/datanode-0/data/ratis/a92cf9aa-4513-47a8-b6e9-131436e2ccaa
2019-09-19 14:04:48,858 [pool-58-thread-1] INFO  server.RaftServerConfigKeys (ConfUtils.java:logGet(43)) - raft.server.log.queue.byte-limit = 2147483647 (custom)
2019-09-19 14:04:48,858 [pool-58-thread-1] INFO  server.RaftServerConfigKeys (ConfUtils.java:logGet(43)) - raft.server.log.queue.element-limit = 1024 (custom)
2019-09-19 14:04:48,858 [pool-58-thread-1] INFO  server.RaftServerConfigKeys (ConfUtils.java:logGet(43)) - raft.server.log.segment.size.max = 1048576 (custom)
2019-09-19 14:04:48,858 [pool-58-thread-1] INFO  server.RaftServerConfigKeys (ConfUtils.java:logGet(43)) - raft.server.log.preallocated.size = 16384 (custom)
2019-09-19 14:04:48,858 [pool-58-thread-1] INFO  server.RaftServerConfigKeys (ConfUtils.java:logGet(43)) - raft.server.log.write.buffer.size = 33554432 (custom)
2019-09-19 14:04:48,858 [pool-58-thread-1] INFO  server.RaftServerConfigKeys (ConfUtils.java:logGet(43)) - raft.server.log.force.sync.num = 128 (default)
2019-09-19 14:04:48,858 [pool-58-thread-1] INFO  server.RaftServerConfigKeys (ConfUtils.java:logGet(43)) - raft.server.log.statemachine.data.sync = true (default)
2019-09-19 14:04:48,859 [pool-58-thread-1] INFO  server.RaftServerConfigKeys (ConfUtils.java:logGet(43)) - raft.server.log.statemachine.data.sync.timeout = 10s (default)
2019-09-19 14:04:48,859 [pool-58-thread-1] INFO  server.RaftServerConfigKeys (ConfUtils.java:logGet(43)) - raft.server.log.statemachine.data.sync.timeout.retry = -1 (default)
2019-09-19 14:04:48,859 [pool-58-thread-1] INFO  server.RaftServerConfigKeys (ConfUtils.java:logGet(43)) - raft.server.log.statemachine.data.caching.enabled = true (custom)
2019-09-19 14:04:48,859 [pool-58-thread-1] INFO  segmented.SegmentedRaftLogWorker (SegmentedRaftLogWorker.java:lambda$new$0(132)) - dcc77c7b-1d37-448d-8d57-43d254561693-SegmentedRaftLogWorker:Storage Directory /workdir/hadoop-ozone/integration-test/target/test-dir/MiniOzoneClusterImpl-3b2755de-4cfe-4b43-9e0d-73dd8eda8f75/datanode-0/data/ratis/a92cf9aa-4513-47a8-b6e9-131436e2ccaa: flushIndex: setUnconditionally 0 -> -1
2019-09-19 14:04:48,859 [pool-58-thread-1] INFO  server.RaftServerConfigKeys (ConfUtils.java:logGet(43)) - raft.server.snapshot.auto.trigger.enabled = true (custom)
2019-09-19 14:04:48,859 [pool-58-thread-1] INFO  server.RaftServerConfigKeys (ConfUtils.java:logGet(43)) - raft.server.snapshot.auto.trigger.threshold = 1 (custom)
2019-09-19 14:04:48,860 [pool-58-thread-1] INFO  server.RaftServerConfigKeys (ConfUtils.java:logGet(43)) - raft.server.retrycache.expirytime = 600000ms (custom)
2019-09-19 14:04:48,860 [pool-58-thread-1] INFO  impl.RaftServerImpl (RaftServerImpl.java:start(180)) - dcc77c7b-1d37-448d-8d57-43d254561693: start group-131436E2CCAA
2019-09-19 14:04:48,860 [pool-58-thread-1] INFO  impl.RaftServerImpl (RaftServerImpl.java:setRole(171)) - dcc77c7b-1d37-448d-8d57-43d254561693:group-131436E2CCAA changes role from null to FOLLOWER at term 0 for startAsFollower
2019-09-19 14:04:48,860 [pool-58-thread-1] INFO  impl.RoleInfo (RoleInfo.java:updateAndGet(143)) - dcc77c7b-1d37-448d-8d57-43d254561693: start FollowerState
2019-09-19 14:04:48,860 [pool-58-thread-1] INFO  util.JmxRegister (JmxRegister.java:tryRegister(44)) - Successfully registered JMX Bean with object name Ratis:service=RaftServer,group=group-131436E2CCAA,id=dcc77c7b-1d37-448d-8d57-43d254561693
2019-09-19 14:04:48,862 [RatisPipelineUtilsThread] INFO  pipeline.PipelineStateManager (PipelineStateManager.java:addPipeline(56)) - Created pipeline Pipeline[ Id: a92cf9aa-4513-47a8-b6e9-131436e2ccaa, Nodes: dcc77c7b-1d37-448d-8d57-43d254561693{ip: 192.168.157.226, host: pr-hdds-1569-swxfz-3172132826, networkLocation: /default-rack, certSerialId: null}, Type:RATIS, Factor:ONE, State:OPEN]
2019-09-19 14:04:48,864 [grpc-default-executor-1] INFO  impl.RaftServerProxy (RaftServerProxy.java:addNew(89)) - dcc77c7b-1d37-448d-8d57-43d254561693: addNew group-342B535537C4:[dcc77c7b-1d37-448d-8d57-43d254561693:192.168.157.226:34527] returns group-342B535537C4:java.util.concurrent.CompletableFuture@2f89d2e5[Not completed]
2019-09-19 14:04:48,865 [pool-58-thread-1] INFO  impl.RaftServerImpl (RaftServerImpl.java:<init>(93)) - dcc77c7b-1d37-448d-8d57-43d254561693: new RaftServerImpl for group-342B535537C4:[dcc77c7b-1d37-448d-8d57-43d254561693:192.168.157.226:34527] with ContainerStateMachine:uninitialized
2019-09-19 14:04:48,865 [pool-58-thread-1] INFO  server.RaftServerConfigKeys (ConfUtils.java:logGet(43)) - raft.server.rpc.timeout.min = 5s (custom)
2019-09-19 14:04:48,865 [pool-58-thread-1] INFO  server.RaftServerConfigKeys (ConfUtils.java:logGet(43)) - raft.server.rpc.timeout.max = 5200ms (custom)
2019-09-19 14:04:48,865 [pool-58-thread-1] INFO  server.RaftServerConfigKeys (ConfUtils.java:logGet(43)) - raft.server.rpcslowness.timeout = 120s (custom)
2019-09-19 14:04:48,865 [pool-58-thread-1] INFO  server.RaftServerConfigKeys (ConfUtils.java:logGet(43)) - raft.server.sleep.deviation.threshold = 300 (default)
2019-09-19 14:04:48,865 [pool-58-thread-1] INFO  server.RaftServerConfigKeys (ConfUtils.java:logGet(43)) - raft.server.log.appender.install.snapshot.enabled = false (custom)
2019-09-19 14:04:48,865 [pool-58-thread-1] INFO  impl.RaftServerImpl (ServerState.java:<init>(105)) - dcc77c7b-1d37-448d-8d57-43d254561693:group-342B535537C4 ConfigurationManager, init=-1: [dcc77c7b-1d37-448d-8d57-43d254561693:192.168.157.226:34527], old=null, confs=<EMPTY_MAP>
2019-09-19 14:04:48,865 [pool-58-thread-1] INFO  server.RaftServerConfigKeys (ConfUtils.java:logGet(43)) - raft.server.storage.dir = [/workdir/hadoop-ozone/integration-test/target/test-dir/MiniOzoneClusterImpl-3b2755de-4cfe-4b43-9e0d-73dd8eda8f75/datanode-0/data/ratis] (custom)
2019-09-19 14:04:48,866 [pool-58-thread-1] INFO  storage.RaftStorageDirectory (RaftStorageDirectory.java:analyzeStorage(246)) - The storage directory /workdir/hadoop-ozone/integration-test/target/test-dir/MiniOzoneClusterImpl-3b2755de-4cfe-4b43-9e0d-73dd8eda8f75/datanode-0/data/ratis/8dbf4157-8d3d-4c80-8807-342b535537c4 does not exist. Creating ...
2019-09-19 14:04:48,869 [pool-58-thread-1] INFO  storage.RaftStorageDirectory (RaftStorageDirectory.java:tryLock(328)) - Lock on /workdir/hadoop-ozone/integration-test/target/test-dir/MiniOzoneClusterImpl-3b2755de-4cfe-4b43-9e0d-73dd8eda8f75/datanode-0/data/ratis/8dbf4157-8d3d-4c80-8807-342b535537c4/in_use.lock acquired by nodename 30982@pr-hdds-1569-swxfz-3172132826
2019-09-19 14:04:48,872 [pool-58-thread-1] INFO  storage.RaftStorage (RaftStorage.java:format(72)) - Storage directory /workdir/hadoop-ozone/integration-test/target/test-dir/MiniOzoneClusterImpl-3b2755de-4cfe-4b43-9e0d-73dd8eda8f75/datanode-0/data/ratis/8dbf4157-8d3d-4c80-8807-342b535537c4 has been successfully formatted.
2019-09-19 14:04:48,873 [pool-58-thread-1] INFO  ratis.ContainerStateMachine (ContainerStateMachine.java:loadSnapshot(226)) - group-342B535537C4: The snapshot info is null. Setting the last applied indexto:(t:0, i:~)
2019-09-19 14:04:48,873 [pool-58-thread-1] INFO  server.RaftServerConfigKeys (ConfUtils.java:logGet(43)) - raft.server.leader.election.timeout = 120s (custom)
2019-09-19 14:04:48,873 [pool-58-thread-1] INFO  server.RaftServerConfigKeys (ConfUtils.java:logGet(43)) - raft.server.log.use.memory = false (default)
2019-09-19 14:04:48,873 [pool-58-thread-1] INFO  server.RaftServerConfigKeys (ConfUtils.java:logGet(43)) - raft.server.log.purge.gap = 1000000 (custom)
2019-09-19 14:04:48,873 [pool-58-thread-1] INFO  server.RaftServerConfigKeys (ConfUtils.java:logGet(43)) - raft.server.log.appender.buffer.byte-limit = 33554432 (custom)
2019-09-19 14:04:48,873 [pool-58-thread-1] INFO  server.RaftServerConfigKeys (ConfUtils.java:logGet(43)) - raft.server.log.segment.size.max = 1048576 (custom)
2019-09-19 14:04:48,873 [pool-58-thread-1] INFO  server.RaftServerConfigKeys (ConfUtils.java:logGet(43)) - raft.server.log.segment.cache.num.max = 2 (custom)
2019-09-19 14:04:48,873 [pool-58-thread-1] INFO  segmented.SegmentedRaftLogWorker (SegmentedRaftLogWorker.java:<init>(172)) - new dcc77c7b-1d37-448d-8d57-43d254561693-SegmentedRaftLogWorker:Storage Directory /workdir/hadoop-ozone/integration-test/target/test-dir/MiniOzoneClusterImpl-3b2755de-4cfe-4b43-9e0d-73dd8eda8f75/datanode-0/data/ratis/8dbf4157-8d3d-4c80-8807-342b535537c4 for RaftStorage:Storage Directory /workdir/hadoop-ozone/integration-test/target/test-dir/MiniOzoneClusterImpl-3b2755de-4cfe-4b43-9e0d-73dd8eda8f75/datanode-0/data/ratis/8dbf4157-8d3d-4c80-8807-342b535537c4
2019-09-19 14:04:48,874 [pool-58-thread-1] INFO  server.RaftServerConfigKeys (ConfUtils.java:logGet(43)) - raft.server.log.queue.byte-limit = 2147483647 (custom)
2019-09-19 14:04:48,874 [pool-58-thread-1] INFO  server.RaftServerConfigKeys (ConfUtils.java:logGet(43)) - raft.server.log.queue.element-limit = 1024 (custom)
2019-09-19 14:04:48,874 [pool-58-thread-1] INFO  server.RaftServerConfigKeys (ConfUtils.java:logGet(43)) - raft.server.log.segment.size.max = 1048576 (custom)
2019-09-19 14:04:48,874 [pool-58-thread-1] INFO  server.RaftServerConfigKeys (ConfUtils.java:logGet(43)) - raft.server.log.preallocated.size = 16384 (custom)
2019-09-19 14:04:48,874 [pool-58-thread-1] INFO  server.RaftServerConfigKeys (ConfUtils.java:logGet(43)) - raft.server.log.write.buffer.size = 33554432 (custom)
2019-09-19 14:04:48,874 [pool-58-thread-1] INFO  server.RaftServerConfigKeys (ConfUtils.java:logGet(43)) - raft.server.log.force.sync.num = 128 (default)
2019-09-19 14:04:48,874 [pool-58-thread-1] INFO  server.RaftServerConfigKeys (ConfUtils.java:logGet(43)) - raft.server.log.statemachine.data.sync = true (default)
2019-09-19 14:04:48,874 [pool-58-thread-1] INFO  server.RaftServerConfigKeys (ConfUtils.java:logGet(43)) - raft.server.log.statemachine.data.sync.timeout = 10s (default)
2019-09-19 14:04:48,874 [pool-58-thread-1] INFO  server.RaftServerConfigKeys (ConfUtils.java:logGet(43)) - raft.server.log.statemachine.data.sync.timeout.retry = -1 (default)
2019-09-19 14:04:48,875 [pool-58-thread-1] INFO  server.RaftServerConfigKeys (ConfUtils.java:logGet(43)) - raft.server.log.statemachine.data.caching.enabled = true (custom)
2019-09-19 14:04:48,875 [pool-58-thread-1] INFO  segmented.SegmentedRaftLogWorker (SegmentedRaftLogWorker.java:lambda$new$0(132)) - dcc77c7b-1d37-448d-8d57-43d254561693-SegmentedRaftLogWorker:Storage Directory /workdir/hadoop-ozone/integration-test/target/test-dir/MiniOzoneClusterImpl-3b2755de-4cfe-4b43-9e0d-73dd8eda8f75/datanode-0/data/ratis/8dbf4157-8d3d-4c80-8807-342b535537c4: flushIndex: setUnconditionally 0 -> -1
2019-09-19 14:04:48,875 [pool-58-thread-1] INFO  server.RaftServerConfigKeys (ConfUtils.java:logGet(43)) - raft.server.snapshot.auto.trigger.enabled = true (custom)
2019-09-19 14:04:48,875 [pool-58-thread-1] INFO  server.RaftServerConfigKeys (ConfUtils.java:logGet(43)) - raft.server.snapshot.auto.trigger.threshold = 1 (custom)
2019-09-19 14:04:48,875 [pool-58-thread-1] INFO  server.RaftServerConfigKeys (ConfUtils.java:logGet(43)) - raft.server.retrycache.expirytime = 600000ms (custom)
2019-09-19 14:04:48,875 [pool-58-thread-1] INFO  impl.RaftServerImpl (RaftServerImpl.java:start(180)) - dcc77c7b-1d37-448d-8d57-43d254561693: start group-342B535537C4
2019-09-19 14:04:48,876 [pool-58-thread-1] INFO  impl.RaftServerImpl (RaftServerImpl.java:setRole(171)) - dcc77c7b-1d37-448d-8d57-43d254561693:group-342B535537C4 changes role from null to FOLLOWER at term 0 for startAsFollower
2019-09-19 14:04:48,876 [pool-58-thread-1] INFO  impl.RoleInfo (RoleInfo.java:updateAndGet(143)) - dcc77c7b-1d37-448d-8d57-43d254561693: start FollowerState
2019-09-19 14:04:48,876 [pool-58-thread-1] INFO  util.JmxRegister (JmxRegister.java:tryRegister(44)) - Successfully registered JMX Bean with object name Ratis:service=RaftServer,group=group-342B535537C4,id=dcc77c7b-1d37-448d-8d57-43d254561693
2019-09-19 14:04:48,877 [RatisPipelineUtilsThread] INFO  pipeline.PipelineStateManager (PipelineStateManager.java:addPipeline(56)) - Created pipeline Pipeline[ Id: 8dbf4157-8d3d-4c80-8807-342b535537c4, Nodes: dcc77c7b-1d37-448d-8d57-43d254561693{ip: 192.168.157.226, host: pr-hdds-1569-swxfz-3172132826, networkLocation: /default-rack, certSerialId: null}, Type:RATIS, Factor:ONE, State:OPEN]
2019-09-19 14:04:48,879 [grpc-default-executor-1] INFO  impl.RaftServerProxy (RaftServerProxy.java:addNew(89)) - dcc77c7b-1d37-448d-8d57-43d254561693: addNew group-BD4390171ABC:[dcc77c7b-1d37-448d-8d57-43d254561693:192.168.157.226:34527] returns group-BD4390171ABC:java.util.concurrent.CompletableFuture@1ac74699[Not completed]
2019-09-19 14:04:48,880 [pool-58-thread-1] INFO  impl.RaftServerImpl (RaftServerImpl.java:<init>(93)) - dcc77c7b-1d37-448d-8d57-43d254561693: new RaftServerImpl for group-BD4390171ABC:[dcc77c7b-1d37-448d-8d57-43d254561693:192.168.157.226:34527] with ContainerStateMachine:uninitialized
2019-09-19 14:04:48,880 [pool-58-thread-1] INFO  server.RaftServerConfigKeys (ConfUtils.java:logGet(43)) - raft.server.rpc.timeout.min = 5s (custom)
2019-09-19 14:04:48,880 [pool-58-thread-1] INFO  server.RaftServerConfigKeys (ConfUtils.java:logGet(43)) - raft.server.rpc.timeout.max = 5200ms (custom)
2019-09-19 14:04:48,880 [pool-58-thread-1] INFO  server.RaftServerConfigKeys (ConfUtils.java:logGet(43)) - raft.server.rpcslowness.timeout = 120s (custom)
2019-09-19 14:04:48,880 [pool-58-thread-1] INFO  server.RaftServerConfigKeys (ConfUtils.java:logGet(43)) - raft.server.sleep.deviation.threshold = 300 (default)
2019-09-19 14:04:48,880 [pool-58-thread-1] INFO  server.RaftServerConfigKeys (ConfUtils.java:logGet(43)) - raft.server.log.appender.install.snapshot.enabled = false (custom)
2019-09-19 14:04:48,881 [pool-58-thread-1] INFO  impl.RaftServerImpl (ServerState.java:<init>(105)) - dcc77c7b-1d37-448d-8d57-43d254561693:group-BD4390171ABC ConfigurationManager, init=-1: [dcc77c7b-1d37-448d-8d57-43d254561693:192.168.157.226:34527], old=null, confs=<EMPTY_MAP>
2019-09-19 14:04:48,881 [pool-58-thread-1] INFO  server.RaftServerConfigKeys (ConfUtils.java:logGet(43)) - raft.server.storage.dir = [/workdir/hadoop-ozone/integration-test/target/test-dir/MiniOzoneClusterImpl-3b2755de-4cfe-4b43-9e0d-73dd8eda8f75/datanode-0/data/ratis] (custom)
2019-09-19 14:04:48,881 [pool-58-thread-1] INFO  storage.RaftStorageDirectory (RaftStorageDirectory.java:analyzeStorage(246)) - The storage directory /workdir/hadoop-ozone/integration-test/target/test-dir/MiniOzoneClusterImpl-3b2755de-4cfe-4b43-9e0d-73dd8eda8f75/datanode-0/data/ratis/7908756f-3cd3-435f-9841-bd4390171abc does not exist. Creating ...
2019-09-19 14:04:48,894 [pool-58-thread-1] INFO  storage.RaftStorageDirectory (RaftStorageDirectory.java:tryLock(328)) - Lock on /workdir/hadoop-ozone/integration-test/target/test-dir/MiniOzoneClusterImpl-3b2755de-4cfe-4b43-9e0d-73dd8eda8f75/datanode-0/data/ratis/7908756f-3cd3-435f-9841-bd4390171abc/in_use.lock acquired by nodename 30982@pr-hdds-1569-swxfz-3172132826
2019-09-19 14:04:48,919 [pool-58-thread-1] INFO  storage.RaftStorage (RaftStorage.java:format(72)) - Storage directory /workdir/hadoop-ozone/integration-test/target/test-dir/MiniOzoneClusterImpl-3b2755de-4cfe-4b43-9e0d-73dd8eda8f75/datanode-0/data/ratis/7908756f-3cd3-435f-9841-bd4390171abc has been successfully formatted.
2019-09-19 14:04:48,919 [pool-58-thread-1] INFO  ratis.ContainerStateMachine (ContainerStateMachine.java:loadSnapshot(226)) - group-BD4390171ABC: The snapshot info is null. Setting the last applied indexto:(t:0, i:~)
2019-09-19 14:04:48,920 [pool-58-thread-1] INFO  server.RaftServerConfigKeys (ConfUtils.java:logGet(43)) - raft.server.leader.election.timeout = 120s (custom)
2019-09-19 14:04:48,920 [pool-58-thread-1] INFO  server.RaftServerConfigKeys (ConfUtils.java:logGet(43)) - raft.server.log.use.memory = false (default)
2019-09-19 14:04:48,920 [pool-58-thread-1] INFO  server.RaftServerConfigKeys (ConfUtils.java:logGet(43)) - raft.server.log.purge.gap = 1000000 (custom)
2019-09-19 14:04:48,920 [pool-58-thread-1] INFO  server.RaftServerConfigKeys (ConfUtils.java:logGet(43)) - raft.server.log.appender.buffer.byte-limit = 33554432 (custom)
2019-09-19 14:04:48,920 [pool-58-thread-1] INFO  server.RaftServerConfigKeys (ConfUtils.java:logGet(43)) - raft.server.log.segment.size.max = 1048576 (custom)
2019-09-19 14:04:48,920 [pool-58-thread-1] INFO  server.RaftServerConfigKeys (ConfUtils.java:logGet(43)) - raft.server.log.segment.cache.num.max = 2 (custom)
2019-09-19 14:04:48,920 [pool-58-thread-1] INFO  segmented.SegmentedRaftLogWorker (SegmentedRaftLogWorker.java:<init>(172)) - new dcc77c7b-1d37-448d-8d57-43d254561693-SegmentedRaftLogWorker:Storage Directory /workdir/hadoop-ozone/integration-test/target/test-dir/MiniOzoneClusterImpl-3b2755de-4cfe-4b43-9e0d-73dd8eda8f75/datanode-0/data/ratis/7908756f-3cd3-435f-9841-bd4390171abc for RaftStorage:Storage Directory /workdir/hadoop-ozone/integration-test/target/test-dir/MiniOzoneClusterImpl-3b2755de-4cfe-4b43-9e0d-73dd8eda8f75/datanode-0/data/ratis/7908756f-3cd3-435f-9841-bd4390171abc
2019-09-19 14:04:48,921 [pool-58-thread-1] INFO  server.RaftServerConfigKeys (ConfUtils.java:logGet(43)) - raft.server.log.queue.byte-limit = 2147483647 (custom)
2019-09-19 14:04:48,921 [pool-58-thread-1] INFO  server.RaftServerConfigKeys (ConfUtils.java:logGet(43)) - raft.server.log.queue.element-limit = 1024 (custom)
2019-09-19 14:04:48,921 [pool-58-thread-1] INFO  server.RaftServerConfigKeys (ConfUtils.java:logGet(43)) - raft.server.log.segment.size.max = 1048576 (custom)
2019-09-19 14:04:48,921 [pool-58-thread-1] INFO  server.RaftServerConfigKeys (ConfUtils.java:logGet(43)) - raft.server.log.preallocated.size = 16384 (custom)
2019-09-19 14:04:48,921 [pool-58-thread-1] INFO  server.RaftServerConfigKeys (ConfUtils.java:logGet(43)) - raft.server.log.write.buffer.size = 33554432 (custom)
2019-09-19 14:04:48,921 [pool-58-thread-1] INFO  server.RaftServerConfigKeys (ConfUtils.java:logGet(43)) - raft.server.log.force.sync.num = 128 (default)
2019-09-19 14:04:48,921 [pool-58-thread-1] INFO  server.RaftServerConfigKeys (ConfUtils.java:logGet(43)) - raft.server.log.statemachine.data.sync = true (default)
2019-09-19 14:04:48,921 [pool-58-thread-1] INFO  server.RaftServerConfigKeys (ConfUtils.java:logGet(43)) - raft.server.log.statemachine.data.sync.timeout = 10s (default)
2019-09-19 14:04:48,922 [pool-58-thread-1] INFO  server.RaftServerConfigKeys (ConfUtils.java:logGet(43)) - raft.server.log.statemachine.data.sync.timeout.retry = -1 (default)
2019-09-19 14:04:48,922 [pool-58-thread-1] INFO  server.RaftServerConfigKeys (ConfUtils.java:logGet(43)) - raft.server.log.statemachine.data.caching.enabled = true (custom)
2019-09-19 14:04:48,922 [pool-58-thread-1] INFO  segmented.SegmentedRaftLogWorker (SegmentedRaftLogWorker.java:lambda$new$0(132)) - dcc77c7b-1d37-448d-8d57-43d254561693-SegmentedRaftLogWorker:Storage Directory /workdir/hadoop-ozone/integration-test/target/test-dir/MiniOzoneClusterImpl-3b2755de-4cfe-4b43-9e0d-73dd8eda8f75/datanode-0/data/ratis/7908756f-3cd3-435f-9841-bd4390171abc: flushIndex: setUnconditionally 0 -> -1
2019-09-19 14:04:48,922 [pool-58-thread-1] INFO  server.RaftServerConfigKeys (ConfUtils.java:logGet(43)) - raft.server.snapshot.auto.trigger.enabled = true (custom)
2019-09-19 14:04:48,922 [pool-58-thread-1] INFO  server.RaftServerConfigKeys (ConfUtils.java:logGet(43)) - raft.server.snapshot.auto.trigger.threshold = 1 (custom)
2019-09-19 14:04:48,923 [pool-58-thread-1] INFO  server.RaftServerConfigKeys (ConfUtils.java:logGet(43)) - raft.server.retrycache.expirytime = 600000ms (custom)
2019-09-19 14:04:48,923 [pool-58-thread-1] INFO  impl.RaftServerImpl (RaftServerImpl.java:start(180)) - dcc77c7b-1d37-448d-8d57-43d254561693: start group-BD4390171ABC
2019-09-19 14:04:48,923 [pool-58-thread-1] INFO  impl.RaftServerImpl (RaftServerImpl.java:setRole(171)) - dcc77c7b-1d37-448d-8d57-43d254561693:group-BD4390171ABC changes role from null to FOLLOWER at term 0 for startAsFollower
2019-09-19 14:04:48,923 [pool-58-thread-1] INFO  impl.RoleInfo (RoleInfo.java:updateAndGet(143)) - dcc77c7b-1d37-448d-8d57-43d254561693: start FollowerState
2019-09-19 14:04:48,923 [pool-58-thread-1] INFO  util.JmxRegister (JmxRegister.java:tryRegister(44)) - Successfully registered JMX Bean with object name Ratis:service=RaftServer,group=group-BD4390171ABC,id=dcc77c7b-1d37-448d-8d57-43d254561693
2019-09-19 14:04:48,925 [RatisPipelineUtilsThread] INFO  pipeline.PipelineStateManager (PipelineStateManager.java:addPipeline(56)) - Created pipeline Pipeline[ Id: 7908756f-3cd3-435f-9841-bd4390171abc, Nodes: dcc77c7b-1d37-448d-8d57-43d254561693{ip: 192.168.157.226, host: pr-hdds-1569-swxfz-3172132826, networkLocation: /default-rack, certSerialId: null}, Type:RATIS, Factor:ONE, State:OPEN]
2019-09-19 14:04:48,932 [grpc-default-executor-1] INFO  impl.RaftServerProxy (RaftServerProxy.java:addNew(89)) - dcc77c7b-1d37-448d-8d57-43d254561693: addNew group-C0ECA864A23F:[dcc77c7b-1d37-448d-8d57-43d254561693:192.168.157.226:34527] returns group-C0ECA864A23F:java.util.concurrent.CompletableFuture@43675cc0[Not completed]
2019-09-19 14:04:48,934 [pool-58-thread-1] INFO  impl.RaftServerImpl (RaftServerImpl.java:<init>(93)) - dcc77c7b-1d37-448d-8d57-43d254561693: new RaftServerImpl for group-C0ECA864A23F:[dcc77c7b-1d37-448d-8d57-43d254561693:192.168.157.226:34527] with ContainerStateMachine:uninitialized
2019-09-19 14:04:48,934 [pool-58-thread-1] INFO  server.RaftServerConfigKeys (ConfUtils.java:logGet(43)) - raft.server.rpc.timeout.min = 5s (custom)
2019-09-19 14:04:48,934 [pool-58-thread-1] INFO  server.RaftServerConfigKeys (ConfUtils.java:logGet(43)) - raft.server.rpc.timeout.max = 5200ms (custom)
2019-09-19 14:04:48,934 [pool-58-thread-1] INFO  server.RaftServerConfigKeys (ConfUtils.java:logGet(43)) - raft.server.rpcslowness.timeout = 120s (custom)
2019-09-19 14:04:48,934 [pool-58-thread-1] INFO  server.RaftServerConfigKeys (ConfUtils.java:logGet(43)) - raft.server.sleep.deviation.threshold = 300 (default)
2019-09-19 14:04:48,934 [pool-58-thread-1] INFO  server.RaftServerConfigKeys (ConfUtils.java:logGet(43)) - raft.server.log.appender.install.snapshot.enabled = false (custom)
2019-09-19 14:04:48,934 [pool-58-thread-1] INFO  impl.RaftServerImpl (ServerState.java:<init>(105)) - dcc77c7b-1d37-448d-8d57-43d254561693:group-C0ECA864A23F ConfigurationManager, init=-1: [dcc77c7b-1d37-448d-8d57-43d254561693:192.168.157.226:34527], old=null, confs=<EMPTY_MAP>
2019-09-19 14:04:48,935 [pool-58-thread-1] INFO  server.RaftServerConfigKeys (ConfUtils.java:logGet(43)) - raft.server.storage.dir = [/workdir/hadoop-ozone/integration-test/target/test-dir/MiniOzoneClusterImpl-3b2755de-4cfe-4b43-9e0d-73dd8eda8f75/datanode-0/data/ratis] (custom)
2019-09-19 14:04:48,935 [pool-58-thread-1] INFO  storage.RaftStorageDirectory (RaftStorageDirectory.java:analyzeStorage(246)) - The storage directory /workdir/hadoop-ozone/integration-test/target/test-dir/MiniOzoneClusterImpl-3b2755de-4cfe-4b43-9e0d-73dd8eda8f75/datanode-0/data/ratis/ddefd22a-458b-4145-aba4-c0eca864a23f does not exist. Creating ...
2019-09-19 14:04:48,957 [pool-58-thread-1] INFO  storage.RaftStorageDirectory (RaftStorageDirectory.java:tryLock(328)) - Lock on /workdir/hadoop-ozone/integration-test/target/test-dir/MiniOzoneClusterImpl-3b2755de-4cfe-4b43-9e0d-73dd8eda8f75/datanode-0/data/ratis/ddefd22a-458b-4145-aba4-c0eca864a23f/in_use.lock acquired by nodename 30982@pr-hdds-1569-swxfz-3172132826
2019-09-19 14:04:48,982 [pool-58-thread-1] INFO  storage.RaftStorage (RaftStorage.java:format(72)) - Storage directory /workdir/hadoop-ozone/integration-test/target/test-dir/MiniOzoneClusterImpl-3b2755de-4cfe-4b43-9e0d-73dd8eda8f75/datanode-0/data/ratis/ddefd22a-458b-4145-aba4-c0eca864a23f has been successfully formatted.
2019-09-19 14:04:48,983 [pool-58-thread-1] INFO  ratis.ContainerStateMachine (ContainerStateMachine.java:loadSnapshot(226)) - group-C0ECA864A23F: The snapshot info is null. Setting the last applied indexto:(t:0, i:~)
2019-09-19 14:04:48,983 [pool-58-thread-1] INFO  server.RaftServerConfigKeys (ConfUtils.java:logGet(43)) - raft.server.leader.election.timeout = 120s (custom)
2019-09-19 14:04:48,983 [pool-58-thread-1] INFO  server.RaftServerConfigKeys (ConfUtils.java:logGet(43)) - raft.server.log.use.memory = false (default)
2019-09-19 14:04:48,983 [pool-58-thread-1] INFO  server.RaftServerConfigKeys (ConfUtils.java:logGet(43)) - raft.server.log.purge.gap = 1000000 (custom)
2019-09-19 14:04:48,983 [pool-58-thread-1] INFO  server.RaftServerConfigKeys (ConfUtils.java:logGet(43)) - raft.server.log.appender.buffer.byte-limit = 33554432 (custom)
2019-09-19 14:04:48,983 [pool-58-thread-1] INFO  server.RaftServerConfigKeys (ConfUtils.java:logGet(43)) - raft.server.log.segment.size.max = 1048576 (custom)
2019-09-19 14:04:48,984 [pool-58-thread-1] INFO  server.RaftServerConfigKeys (ConfUtils.java:logGet(43)) - raft.server.log.segment.cache.num.max = 2 (custom)
2019-09-19 14:04:48,984 [pool-58-thread-1] INFO  segmented.SegmentedRaftLogWorker (SegmentedRaftLogWorker.java:<init>(172)) - new dcc77c7b-1d37-448d-8d57-43d254561693-SegmentedRaftLogWorker:Storage Directory /workdir/hadoop-ozone/integration-test/target/test-dir/MiniOzoneClusterImpl-3b2755de-4cfe-4b43-9e0d-73dd8eda8f75/datanode-0/data/ratis/ddefd22a-458b-4145-aba4-c0eca864a23f for RaftStorage:Storage Directory /workdir/hadoop-ozone/integration-test/target/test-dir/MiniOzoneClusterImpl-3b2755de-4cfe-4b43-9e0d-73dd8eda8f75/datanode-0/data/ratis/ddefd22a-458b-4145-aba4-c0eca864a23f
2019-09-19 14:04:48,984 [pool-58-thread-1] INFO  server.RaftServerConfigKeys (ConfUtils.java:logGet(43)) - raft.server.log.queue.byte-limit = 2147483647 (custom)
2019-09-19 14:04:48,984 [pool-58-thread-1] INFO  server.RaftServerConfigKeys (ConfUtils.java:logGet(43)) - raft.server.log.queue.element-limit = 1024 (custom)
2019-09-19 14:04:48,984 [pool-58-thread-1] INFO  server.RaftServerConfigKeys (ConfUtils.java:logGet(43)) - raft.server.log.segment.size.max = 1048576 (custom)
2019-09-19 14:04:48,984 [pool-58-thread-1] INFO  server.RaftServerConfigKeys (ConfUtils.java:logGet(43)) - raft.server.log.preallocated.size = 16384 (custom)
2019-09-19 14:04:48,985 [pool-58-thread-1] INFO  server.RaftServerConfigKeys (ConfUtils.java:logGet(43)) - raft.server.log.write.buffer.size = 33554432 (custom)
2019-09-19 14:04:48,985 [pool-58-thread-1] INFO  server.RaftServerConfigKeys (ConfUtils.java:logGet(43)) - raft.server.log.force.sync.num = 128 (default)
2019-09-19 14:04:48,985 [pool-58-thread-1] INFO  server.RaftServerConfigKeys (ConfUtils.java:logGet(43)) - raft.server.log.statemachine.data.sync = true (default)
2019-09-19 14:04:48,985 [pool-58-thread-1] INFO  server.RaftServerConfigKeys (ConfUtils.java:logGet(43)) - raft.server.log.statemachine.data.sync.timeout = 10s (default)
2019-09-19 14:04:48,985 [pool-58-thread-1] INFO  server.RaftServerConfigKeys (ConfUtils.java:logGet(43)) - raft.server.log.statemachine.data.sync.timeout.retry = -1 (default)
2019-09-19 14:04:48,985 [pool-58-thread-1] INFO  server.RaftServerConfigKeys (ConfUtils.java:logGet(43)) - raft.server.log.statemachine.data.caching.enabled = true (custom)
2019-09-19 14:04:48,986 [pool-58-thread-1] INFO  segmented.SegmentedRaftLogWorker (SegmentedRaftLogWorker.java:lambda$new$0(132)) - dcc77c7b-1d37-448d-8d57-43d254561693-SegmentedRaftLogWorker:Storage Directory /workdir/hadoop-ozone/integration-test/target/test-dir/MiniOzoneClusterImpl-3b2755de-4cfe-4b43-9e0d-73dd8eda8f75/datanode-0/data/ratis/ddefd22a-458b-4145-aba4-c0eca864a23f: flushIndex: setUnconditionally 0 -> -1
2019-09-19 14:04:48,986 [pool-58-thread-1] INFO  server.RaftServerConfigKeys (ConfUtils.java:logGet(43)) - raft.server.snapshot.auto.trigger.enabled = true (custom)
2019-09-19 14:04:48,986 [pool-58-thread-1] INFO  server.RaftServerConfigKeys (ConfUtils.java:logGet(43)) - raft.server.snapshot.auto.trigger.threshold = 1 (custom)
2019-09-19 14:04:48,987 [pool-58-thread-1] INFO  server.RaftServerConfigKeys (ConfUtils.java:logGet(43)) - raft.server.retrycache.expirytime = 600000ms (custom)
2019-09-19 14:04:48,987 [pool-58-thread-1] INFO  impl.RaftServerImpl (RaftServerImpl.java:start(180)) - dcc77c7b-1d37-448d-8d57-43d254561693: start group-C0ECA864A23F
2019-09-19 14:04:48,987 [pool-58-thread-1] INFO  impl.RaftServerImpl (RaftServerImpl.java:setRole(171)) - dcc77c7b-1d37-448d-8d57-43d254561693:group-C0ECA864A23F changes role from null to FOLLOWER at term 0 for startAsFollower
2019-09-19 14:04:48,987 [pool-58-thread-1] INFO  impl.RoleInfo (RoleInfo.java:updateAndGet(143)) - dcc77c7b-1d37-448d-8d57-43d254561693: start FollowerState
2019-09-19 14:04:48,988 [pool-58-thread-1] INFO  util.JmxRegister (JmxRegister.java:tryRegister(44)) - Successfully registered JMX Bean with object name Ratis:service=RaftServer,group=group-C0ECA864A23F,id=dcc77c7b-1d37-448d-8d57-43d254561693
2019-09-19 14:04:48,989 | INFO  | SCMAudit | user=jenkins1000 | ip=192.168.157.226 | op=SEND_HEARTBEAT {datanodeUUID=dcc77c7b-1d37-448d-8d57-43d254561693, command=[]} | ret=SUCCESS |  
2019-09-19 14:04:48,991 [RatisPipelineUtilsThread] INFO  pipeline.PipelineStateManager (PipelineStateManager.java:addPipeline(56)) - Created pipeline Pipeline[ Id: ddefd22a-458b-4145-aba4-c0eca864a23f, Nodes: dcc77c7b-1d37-448d-8d57-43d254561693{ip: 192.168.157.226, host: pr-hdds-1569-swxfz-3172132826, networkLocation: /default-rack, certSerialId: null}, Type:RATIS, Factor:ONE, State:OPEN]
2019-09-19 14:04:48,995 [grpc-default-executor-1] INFO  impl.RaftServerProxy (RaftServerProxy.java:addNew(89)) - dcc77c7b-1d37-448d-8d57-43d254561693: addNew group-877E2A163EF6:[dcc77c7b-1d37-448d-8d57-43d254561693:192.168.157.226:34527] returns group-877E2A163EF6:java.util.concurrent.CompletableFuture@649aac7f[Not completed]
2019-09-19 14:04:49,001 [pool-58-thread-1] INFO  impl.RaftServerImpl (RaftServerImpl.java:<init>(93)) - dcc77c7b-1d37-448d-8d57-43d254561693: new RaftServerImpl for group-877E2A163EF6:[dcc77c7b-1d37-448d-8d57-43d254561693:192.168.157.226:34527] with ContainerStateMachine:uninitialized
2019-09-19 14:04:49,002 [pool-58-thread-1] INFO  server.RaftServerConfigKeys (ConfUtils.java:logGet(43)) - raft.server.rpc.timeout.min = 5s (custom)
2019-09-19 14:04:49,002 [pool-58-thread-1] INFO  server.RaftServerConfigKeys (ConfUtils.java:logGet(43)) - raft.server.rpc.timeout.max = 5200ms (custom)
2019-09-19 14:04:49,002 [pool-58-thread-1] INFO  server.RaftServerConfigKeys (ConfUtils.java:logGet(43)) - raft.server.rpcslowness.timeout = 120s (custom)
2019-09-19 14:04:49,002 [pool-58-thread-1] INFO  server.RaftServerConfigKeys (ConfUtils.java:logGet(43)) - raft.server.sleep.deviation.threshold = 300 (default)
2019-09-19 14:04:49,002 [pool-58-thread-1] INFO  server.RaftServerConfigKeys (ConfUtils.java:logGet(43)) - raft.server.log.appender.install.snapshot.enabled = false (custom)
2019-09-19 14:04:49,002 [pool-58-thread-1] INFO  impl.RaftServerImpl (ServerState.java:<init>(105)) - dcc77c7b-1d37-448d-8d57-43d254561693:group-877E2A163EF6 ConfigurationManager, init=-1: [dcc77c7b-1d37-448d-8d57-43d254561693:192.168.157.226:34527], old=null, confs=<EMPTY_MAP>
2019-09-19 14:04:49,002 [pool-58-thread-1] INFO  server.RaftServerConfigKeys (ConfUtils.java:logGet(43)) - raft.server.storage.dir = [/workdir/hadoop-ozone/integration-test/target/test-dir/MiniOzoneClusterImpl-3b2755de-4cfe-4b43-9e0d-73dd8eda8f75/datanode-0/data/ratis] (custom)
2019-09-19 14:04:49,003 [pool-58-thread-1] INFO  storage.RaftStorageDirectory (RaftStorageDirectory.java:analyzeStorage(246)) - The storage directory /workdir/hadoop-ozone/integration-test/target/test-dir/MiniOzoneClusterImpl-3b2755de-4cfe-4b43-9e0d-73dd8eda8f75/datanode-0/data/ratis/05a4e864-be25-49ca-ade8-877e2a163ef6 does not exist. Creating ...
2019-09-19 14:04:49,015 [pool-58-thread-1] INFO  storage.RaftStorageDirectory (RaftStorageDirectory.java:tryLock(328)) - Lock on /workdir/hadoop-ozone/integration-test/target/test-dir/MiniOzoneClusterImpl-3b2755de-4cfe-4b43-9e0d-73dd8eda8f75/datanode-0/data/ratis/05a4e864-be25-49ca-ade8-877e2a163ef6/in_use.lock acquired by nodename 30982@pr-hdds-1569-swxfz-3172132826
2019-09-19 14:04:49,028 [pool-58-thread-1] INFO  storage.RaftStorage (RaftStorage.java:format(72)) - Storage directory /workdir/hadoop-ozone/integration-test/target/test-dir/MiniOzoneClusterImpl-3b2755de-4cfe-4b43-9e0d-73dd8eda8f75/datanode-0/data/ratis/05a4e864-be25-49ca-ade8-877e2a163ef6 has been successfully formatted.
2019-09-19 14:04:49,028 [pool-58-thread-1] INFO  ratis.ContainerStateMachine (ContainerStateMachine.java:loadSnapshot(226)) - group-877E2A163EF6: The snapshot info is null. Setting the last applied indexto:(t:0, i:~)
2019-09-19 14:04:49,029 [pool-58-thread-1] INFO  server.RaftServerConfigKeys (ConfUtils.java:logGet(43)) - raft.server.leader.election.timeout = 120s (custom)
2019-09-19 14:04:49,029 [pool-58-thread-1] INFO  server.RaftServerConfigKeys (ConfUtils.java:logGet(43)) - raft.server.log.use.memory = false (default)
2019-09-19 14:04:49,029 [pool-58-thread-1] INFO  server.RaftServerConfigKeys (ConfUtils.java:logGet(43)) - raft.server.log.purge.gap = 1000000 (custom)
2019-09-19 14:04:49,029 [pool-58-thread-1] INFO  server.RaftServerConfigKeys (ConfUtils.java:logGet(43)) - raft.server.log.appender.buffer.byte-limit = 33554432 (custom)
2019-09-19 14:04:49,029 [pool-58-thread-1] INFO  server.RaftServerConfigKeys (ConfUtils.java:logGet(43)) - raft.server.log.segment.size.max = 1048576 (custom)
2019-09-19 14:04:49,029 [pool-58-thread-1] INFO  server.RaftServerConfigKeys (ConfUtils.java:logGet(43)) - raft.server.log.segment.cache.num.max = 2 (custom)
2019-09-19 14:04:49,029 [pool-58-thread-1] INFO  segmented.SegmentedRaftLogWorker (SegmentedRaftLogWorker.java:<init>(172)) - new dcc77c7b-1d37-448d-8d57-43d254561693-SegmentedRaftLogWorker:Storage Directory /workdir/hadoop-ozone/integration-test/target/test-dir/MiniOzoneClusterImpl-3b2755de-4cfe-4b43-9e0d-73dd8eda8f75/datanode-0/data/ratis/05a4e864-be25-49ca-ade8-877e2a163ef6 for RaftStorage:Storage Directory /workdir/hadoop-ozone/integration-test/target/test-dir/MiniOzoneClusterImpl-3b2755de-4cfe-4b43-9e0d-73dd8eda8f75/datanode-0/data/ratis/05a4e864-be25-49ca-ade8-877e2a163ef6
2019-09-19 14:04:49,029 [pool-58-thread-1] INFO  server.RaftServerConfigKeys (ConfUtils.java:logGet(43)) - raft.server.log.queue.byte-limit = 2147483647 (custom)
2019-09-19 14:04:49,030 [pool-58-thread-1] INFO  server.RaftServerConfigKeys (ConfUtils.java:logGet(43)) - raft.server.log.queue.element-limit = 1024 (custom)
2019-09-19 14:04:49,030 [pool-58-thread-1] INFO  server.RaftServerConfigKeys (ConfUtils.java:logGet(43)) - raft.server.log.segment.size.max = 1048576 (custom)
2019-09-19 14:04:49,030 [pool-58-thread-1] INFO  server.RaftServerConfigKeys (ConfUtils.java:logGet(43)) - raft.server.log.preallocated.size = 16384 (custom)
2019-09-19 14:04:49,030 [pool-58-thread-1] INFO  server.RaftServerConfigKeys (ConfUtils.java:logGet(43)) - raft.server.log.write.buffer.size = 33554432 (custom)
2019-09-19 14:04:49,030 [pool-58-thread-1] INFO  server.RaftServerConfigKeys (ConfUtils.java:logGet(43)) - raft.server.log.force.sync.num = 128 (default)
2019-09-19 14:04:49,030 [pool-58-thread-1] INFO  server.RaftServerConfigKeys (ConfUtils.java:logGet(43)) - raft.server.log.statemachine.data.sync = true (default)
2019-09-19 14:04:49,030 [pool-58-thread-1] INFO  server.RaftServerConfigKeys (ConfUtils.java:logGet(43)) - raft.server.log.statemachine.data.sync.timeout = 10s (default)
2019-09-19 14:04:49,031 [pool-58-thread-1] INFO  server.RaftServerConfigKeys (ConfUtils.java:logGet(43)) - raft.server.log.statemachine.data.sync.timeout.retry = -1 (default)
2019-09-19 14:04:49,031 [pool-58-thread-1] INFO  server.RaftServerConfigKeys (ConfUtils.java:logGet(43)) - raft.server.log.statemachine.data.caching.enabled = true (custom)
2019-09-19 14:04:49,031 [pool-58-thread-1] INFO  segmented.SegmentedRaftLogWorker (SegmentedRaftLogWorker.java:lambda$new$0(132)) - dcc77c7b-1d37-448d-8d57-43d254561693-SegmentedRaftLogWorker:Storage Directory /workdir/hadoop-ozone/integration-test/target/test-dir/MiniOzoneClusterImpl-3b2755de-4cfe-4b43-9e0d-73dd8eda8f75/datanode-0/data/ratis/05a4e864-be25-49ca-ade8-877e2a163ef6: flushIndex: setUnconditionally 0 -> -1
2019-09-19 14:04:49,031 [pool-58-thread-1] INFO  server.RaftServerConfigKeys (ConfUtils.java:logGet(43)) - raft.server.snapshot.auto.trigger.enabled = true (custom)
2019-09-19 14:04:49,031 [pool-58-thread-1] INFO  server.RaftServerConfigKeys (ConfUtils.java:logGet(43)) - raft.server.snapshot.auto.trigger.threshold = 1 (custom)
2019-09-19 14:04:49,031 [pool-58-thread-1] INFO  server.RaftServerConfigKeys (ConfUtils.java:logGet(43)) - raft.server.retrycache.expirytime = 600000ms (custom)
2019-09-19 14:04:49,032 [pool-58-thread-1] INFO  impl.RaftServerImpl (RaftServerImpl.java:start(180)) - dcc77c7b-1d37-448d-8d57-43d254561693: start group-877E2A163EF6
2019-09-19 14:04:49,032 [pool-58-thread-1] INFO  impl.RaftServerImpl (RaftServerImpl.java:setRole(171)) - dcc77c7b-1d37-448d-8d57-43d254561693:group-877E2A163EF6 changes role from null to FOLLOWER at term 0 for startAsFollower
2019-09-19 14:04:49,032 [pool-58-thread-1] INFO  impl.RoleInfo (RoleInfo.java:updateAndGet(143)) - dcc77c7b-1d37-448d-8d57-43d254561693: start FollowerState
2019-09-19 14:04:49,032 [pool-58-thread-1] INFO  util.JmxRegister (JmxRegister.java:tryRegister(44)) - Successfully registered JMX Bean with object name Ratis:service=RaftServer,group=group-877E2A163EF6,id=dcc77c7b-1d37-448d-8d57-43d254561693
2019-09-19 14:04:49,034 [RatisPipelineUtilsThread] INFO  pipeline.PipelineStateManager (PipelineStateManager.java:addPipeline(56)) - Created pipeline Pipeline[ Id: 05a4e864-be25-49ca-ade8-877e2a163ef6, Nodes: dcc77c7b-1d37-448d-8d57-43d254561693{ip: 192.168.157.226, host: pr-hdds-1569-swxfz-3172132826, networkLocation: /default-rack, certSerialId: null}, Type:RATIS, Factor:ONE, State:OPEN]
2019-09-19 14:04:49,037 [grpc-default-executor-1] INFO  impl.RaftServerProxy (RaftServerProxy.java:addNew(89)) - dcc77c7b-1d37-448d-8d57-43d254561693: addNew group-F5DB325AE177:[dcc77c7b-1d37-448d-8d57-43d254561693:192.168.157.226:34527] returns group-F5DB325AE177:java.util.concurrent.CompletableFuture@7a79cdc0[Not completed]
2019-09-19 14:04:49,038 [pool-58-thread-1] INFO  impl.RaftServerImpl (RaftServerImpl.java:<init>(93)) - dcc77c7b-1d37-448d-8d57-43d254561693: new RaftServerImpl for group-F5DB325AE177:[dcc77c7b-1d37-448d-8d57-43d254561693:192.168.157.226:34527] with ContainerStateMachine:uninitialized
2019-09-19 14:04:49,038 [pool-58-thread-1] INFO  server.RaftServerConfigKeys (ConfUtils.java:logGet(43)) - raft.server.rpc.timeout.min = 5s (custom)
2019-09-19 14:04:49,038 [pool-58-thread-1] INFO  server.RaftServerConfigKeys (ConfUtils.java:logGet(43)) - raft.server.rpc.timeout.max = 5200ms (custom)
2019-09-19 14:04:49,039 [pool-58-thread-1] INFO  server.RaftServerConfigKeys (ConfUtils.java:logGet(43)) - raft.server.rpcslowness.timeout = 120s (custom)
2019-09-19 14:04:49,039 [pool-58-thread-1] INFO  server.RaftServerConfigKeys (ConfUtils.java:logGet(43)) - raft.server.sleep.deviation.threshold = 300 (default)
2019-09-19 14:04:49,039 [pool-58-thread-1] INFO  server.RaftServerConfigKeys (ConfUtils.java:logGet(43)) - raft.server.log.appender.install.snapshot.enabled = false (custom)
2019-09-19 14:04:49,039 [pool-58-thread-1] INFO  impl.RaftServerImpl (ServerState.java:<init>(105)) - dcc77c7b-1d37-448d-8d57-43d254561693:group-F5DB325AE177 ConfigurationManager, init=-1: [dcc77c7b-1d37-448d-8d57-43d254561693:192.168.157.226:34527], old=null, confs=<EMPTY_MAP>
2019-09-19 14:04:49,039 [pool-58-thread-1] INFO  server.RaftServerConfigKeys (ConfUtils.java:logGet(43)) - raft.server.storage.dir = [/workdir/hadoop-ozone/integration-test/target/test-dir/MiniOzoneClusterImpl-3b2755de-4cfe-4b43-9e0d-73dd8eda8f75/datanode-0/data/ratis] (custom)
2019-09-19 14:04:49,040 [pool-58-thread-1] INFO  storage.RaftStorageDirectory (RaftStorageDirectory.java:analyzeStorage(246)) - The storage directory /workdir/hadoop-ozone/integration-test/target/test-dir/MiniOzoneClusterImpl-3b2755de-4cfe-4b43-9e0d-73dd8eda8f75/datanode-0/data/ratis/9bef0d3e-b5d3-4ab2-8e41-f5db325ae177 does not exist. Creating ...
2019-09-19 14:04:49,052 [pool-58-thread-1] INFO  storage.RaftStorageDirectory (RaftStorageDirectory.java:tryLock(328)) - Lock on /workdir/hadoop-ozone/integration-test/target/test-dir/MiniOzoneClusterImpl-3b2755de-4cfe-4b43-9e0d-73dd8eda8f75/datanode-0/data/ratis/9bef0d3e-b5d3-4ab2-8e41-f5db325ae177/in_use.lock acquired by nodename 30982@pr-hdds-1569-swxfz-3172132826
2019-09-19 14:04:49,064 [pool-58-thread-1] INFO  storage.RaftStorage (RaftStorage.java:format(72)) - Storage directory /workdir/hadoop-ozone/integration-test/target/test-dir/MiniOzoneClusterImpl-3b2755de-4cfe-4b43-9e0d-73dd8eda8f75/datanode-0/data/ratis/9bef0d3e-b5d3-4ab2-8e41-f5db325ae177 has been successfully formatted.
2019-09-19 14:04:49,065 [pool-58-thread-1] INFO  ratis.ContainerStateMachine (ContainerStateMachine.java:loadSnapshot(226)) - group-F5DB325AE177: The snapshot info is null. Setting the last applied indexto:(t:0, i:~)
2019-09-19 14:04:49,065 [pool-58-thread-1] INFO  server.RaftServerConfigKeys (ConfUtils.java:logGet(43)) - raft.server.leader.election.timeout = 120s (custom)
2019-09-19 14:04:49,065 [pool-58-thread-1] INFO  server.RaftServerConfigKeys (ConfUtils.java:logGet(43)) - raft.server.log.use.memory = false (default)
2019-09-19 14:04:49,065 [pool-58-thread-1] INFO  server.RaftServerConfigKeys (ConfUtils.java:logGet(43)) - raft.server.log.purge.gap = 1000000 (custom)
2019-09-19 14:04:49,066 [pool-58-thread-1] INFO  server.RaftServerConfigKeys (ConfUtils.java:logGet(43)) - raft.server.log.appender.buffer.byte-limit = 33554432 (custom)
2019-09-19 14:04:49,066 [pool-58-thread-1] INFO  server.RaftServerConfigKeys (ConfUtils.java:logGet(43)) - raft.server.log.segment.size.max = 1048576 (custom)
2019-09-19 14:04:49,066 [pool-58-thread-1] INFO  server.RaftServerConfigKeys (ConfUtils.java:logGet(43)) - raft.server.log.segment.cache.num.max = 2 (custom)
2019-09-19 14:04:49,066 [pool-58-thread-1] INFO  segmented.SegmentedRaftLogWorker (SegmentedRaftLogWorker.java:<init>(172)) - new dcc77c7b-1d37-448d-8d57-43d254561693-SegmentedRaftLogWorker:Storage Directory /workdir/hadoop-ozone/integration-test/target/test-dir/MiniOzoneClusterImpl-3b2755de-4cfe-4b43-9e0d-73dd8eda8f75/datanode-0/data/ratis/9bef0d3e-b5d3-4ab2-8e41-f5db325ae177 for RaftStorage:Storage Directory /workdir/hadoop-ozone/integration-test/target/test-dir/MiniOzoneClusterImpl-3b2755de-4cfe-4b43-9e0d-73dd8eda8f75/datanode-0/data/ratis/9bef0d3e-b5d3-4ab2-8e41-f5db325ae177
2019-09-19 14:04:49,066 [pool-58-thread-1] INFO  server.RaftServerConfigKeys (ConfUtils.java:logGet(43)) - raft.server.log.queue.byte-limit = 2147483647 (custom)
2019-09-19 14:04:49,067 [pool-58-thread-1] INFO  server.RaftServerConfigKeys (ConfUtils.java:logGet(43)) - raft.server.log.queue.element-limit = 1024 (custom)
2019-09-19 14:04:49,067 [pool-58-thread-1] INFO  server.RaftServerConfigKeys (ConfUtils.java:logGet(43)) - raft.server.log.segment.size.max = 1048576 (custom)
2019-09-19 14:04:49,067 [pool-58-thread-1] INFO  server.RaftServerConfigKeys (ConfUtils.java:logGet(43)) - raft.server.log.preallocated.size = 16384 (custom)
2019-09-19 14:04:49,067 [pool-58-thread-1] INFO  server.RaftServerConfigKeys (ConfUtils.java:logGet(43)) - raft.server.log.write.buffer.size = 33554432 (custom)
2019-09-19 14:04:49,067 [pool-58-thread-1] INFO  server.RaftServerConfigKeys (ConfUtils.java:logGet(43)) - raft.server.log.force.sync.num = 128 (default)
2019-09-19 14:04:49,067 [pool-58-thread-1] INFO  server.RaftServerConfigKeys (ConfUtils.java:logGet(43)) - raft.server.log.statemachine.data.sync = true (default)
2019-09-19 14:04:49,068 [pool-58-thread-1] INFO  server.RaftServerConfigKeys (ConfUtils.java:logGet(43)) - raft.server.log.statemachine.data.sync.timeout = 10s (default)
2019-09-19 14:04:49,068 [pool-58-thread-1] INFO  server.RaftServerConfigKeys (ConfUtils.java:logGet(43)) - raft.server.log.statemachine.data.sync.timeout.retry = -1 (default)
2019-09-19 14:04:49,068 [pool-58-thread-1] INFO  server.RaftServerConfigKeys (ConfUtils.java:logGet(43)) - raft.server.log.statemachine.data.caching.enabled = true (custom)
2019-09-19 14:04:49,068 [pool-58-thread-1] INFO  segmented.SegmentedRaftLogWorker (SegmentedRaftLogWorker.java:lambda$new$0(132)) - dcc77c7b-1d37-448d-8d57-43d254561693-SegmentedRaftLogWorker:Storage Directory /workdir/hadoop-ozone/integration-test/target/test-dir/MiniOzoneClusterImpl-3b2755de-4cfe-4b43-9e0d-73dd8eda8f75/datanode-0/data/ratis/9bef0d3e-b5d3-4ab2-8e41-f5db325ae177: flushIndex: setUnconditionally 0 -> -1
2019-09-19 14:04:49,069 [pool-58-thread-1] INFO  server.RaftServerConfigKeys (ConfUtils.java:logGet(43)) - raft.server.snapshot.auto.trigger.enabled = true (custom)
2019-09-19 14:04:49,069 [pool-58-thread-1] INFO  server.RaftServerConfigKeys (ConfUtils.java:logGet(43)) - raft.server.snapshot.auto.trigger.threshold = 1 (custom)
2019-09-19 14:04:49,070 [pool-58-thread-1] INFO  server.RaftServerConfigKeys (ConfUtils.java:logGet(43)) - raft.server.retrycache.expirytime = 600000ms (custom)
2019-09-19 14:04:49,070 [pool-58-thread-1] INFO  impl.RaftServerImpl (RaftServerImpl.java:start(180)) - dcc77c7b-1d37-448d-8d57-43d254561693: start group-F5DB325AE177
2019-09-19 14:04:49,070 [pool-58-thread-1] INFO  impl.RaftServerImpl (RaftServerImpl.java:setRole(171)) - dcc77c7b-1d37-448d-8d57-43d254561693:group-F5DB325AE177 changes role from null to FOLLOWER at term 0 for startAsFollower
2019-09-19 14:04:49,070 [pool-58-thread-1] INFO  impl.RoleInfo (RoleInfo.java:updateAndGet(143)) - dcc77c7b-1d37-448d-8d57-43d254561693: start FollowerState
2019-09-19 14:04:49,071 [pool-58-thread-1] INFO  util.JmxRegister (JmxRegister.java:tryRegister(44)) - Successfully registered JMX Bean with object name Ratis:service=RaftServer,group=group-F5DB325AE177,id=dcc77c7b-1d37-448d-8d57-43d254561693
2019-09-19 14:04:49,074 [RatisPipelineUtilsThread] INFO  pipeline.PipelineStateManager (PipelineStateManager.java:addPipeline(56)) - Created pipeline Pipeline[ Id: 9bef0d3e-b5d3-4ab2-8e41-f5db325ae177, Nodes: dcc77c7b-1d37-448d-8d57-43d254561693{ip: 192.168.157.226, host: pr-hdds-1569-swxfz-3172132826, networkLocation: /default-rack, certSerialId: null}, Type:RATIS, Factor:ONE, State:OPEN]
2019-09-19 14:04:49,077 [grpc-default-executor-1] INFO  impl.RaftServerProxy (RaftServerProxy.java:addNew(89)) - dcc77c7b-1d37-448d-8d57-43d254561693: addNew group-D761E1E1912A:[dcc77c7b-1d37-448d-8d57-43d254561693:192.168.157.226:34527] returns group-D761E1E1912A:java.util.concurrent.CompletableFuture@41bd368a[Not completed]
2019-09-19 14:04:49,078 [pool-58-thread-1] INFO  impl.RaftServerImpl (RaftServerImpl.java:<init>(93)) - dcc77c7b-1d37-448d-8d57-43d254561693: new RaftServerImpl for group-D761E1E1912A:[dcc77c7b-1d37-448d-8d57-43d254561693:192.168.157.226:34527] with ContainerStateMachine:uninitialized
2019-09-19 14:04:49,078 [pool-58-thread-1] INFO  server.RaftServerConfigKeys (ConfUtils.java:logGet(43)) - raft.server.rpc.timeout.min = 5s (custom)
2019-09-19 14:04:49,078 [pool-58-thread-1] INFO  server.RaftServerConfigKeys (ConfUtils.java:logGet(43)) - raft.server.rpc.timeout.max = 5200ms (custom)
2019-09-19 14:04:49,079 [pool-58-thread-1] INFO  server.RaftServerConfigKeys (ConfUtils.java:logGet(43)) - raft.server.rpcslowness.timeout = 120s (custom)
2019-09-19 14:04:49,079 [pool-58-thread-1] INFO  server.RaftServerConfigKeys (ConfUtils.java:logGet(43)) - raft.server.sleep.deviation.threshold = 300 (default)
2019-09-19 14:04:49,079 [pool-58-thread-1] INFO  server.RaftServerConfigKeys (ConfUtils.java:logGet(43)) - raft.server.log.appender.install.snapshot.enabled = false (custom)
2019-09-19 14:04:49,079 [pool-58-thread-1] INFO  impl.RaftServerImpl (ServerState.java:<init>(105)) - dcc77c7b-1d37-448d-8d57-43d254561693:group-D761E1E1912A ConfigurationManager, init=-1: [dcc77c7b-1d37-448d-8d57-43d254561693:192.168.157.226:34527], old=null, confs=<EMPTY_MAP>
2019-09-19 14:04:49,079 [pool-58-thread-1] INFO  server.RaftServerConfigKeys (ConfUtils.java:logGet(43)) - raft.server.storage.dir = [/workdir/hadoop-ozone/integration-test/target/test-dir/MiniOzoneClusterImpl-3b2755de-4cfe-4b43-9e0d-73dd8eda8f75/datanode-0/data/ratis] (custom)
2019-09-19 14:04:49,080 [pool-58-thread-1] INFO  storage.RaftStorageDirectory (RaftStorageDirectory.java:analyzeStorage(246)) - The storage directory /workdir/hadoop-ozone/integration-test/target/test-dir/MiniOzoneClusterImpl-3b2755de-4cfe-4b43-9e0d-73dd8eda8f75/datanode-0/data/ratis/9dda62e0-7928-4bb9-ab85-d761e1e1912a does not exist. Creating ...
2019-09-19 14:04:49,092 [pool-58-thread-1] INFO  storage.RaftStorageDirectory (RaftStorageDirectory.java:tryLock(328)) - Lock on /workdir/hadoop-ozone/integration-test/target/test-dir/MiniOzoneClusterImpl-3b2755de-4cfe-4b43-9e0d-73dd8eda8f75/datanode-0/data/ratis/9dda62e0-7928-4bb9-ab85-d761e1e1912a/in_use.lock acquired by nodename 30982@pr-hdds-1569-swxfz-3172132826
2019-09-19 14:04:49,105 [pool-58-thread-1] INFO  storage.RaftStorage (RaftStorage.java:format(72)) - Storage directory /workdir/hadoop-ozone/integration-test/target/test-dir/MiniOzoneClusterImpl-3b2755de-4cfe-4b43-9e0d-73dd8eda8f75/datanode-0/data/ratis/9dda62e0-7928-4bb9-ab85-d761e1e1912a has been successfully formatted.
2019-09-19 14:04:49,105 [pool-58-thread-1] INFO  ratis.ContainerStateMachine (ContainerStateMachine.java:loadSnapshot(226)) - group-D761E1E1912A: The snapshot info is null. Setting the last applied indexto:(t:0, i:~)
2019-09-19 14:04:49,105 [pool-58-thread-1] INFO  server.RaftServerConfigKeys (ConfUtils.java:logGet(43)) - raft.server.leader.election.timeout = 120s (custom)
2019-09-19 14:04:49,105 [pool-58-thread-1] INFO  server.RaftServerConfigKeys (ConfUtils.java:logGet(43)) - raft.server.log.use.memory = false (default)
2019-09-19 14:04:49,105 [pool-58-thread-1] INFO  server.RaftServerConfigKeys (ConfUtils.java:logGet(43)) - raft.server.log.purge.gap = 1000000 (custom)
2019-09-19 14:04:49,105 [pool-58-thread-1] INFO  server.RaftServerConfigKeys (ConfUtils.java:logGet(43)) - raft.server.log.appender.buffer.byte-limit = 33554432 (custom)
2019-09-19 14:04:49,105 [pool-58-thread-1] INFO  server.RaftServerConfigKeys (ConfUtils.java:logGet(43)) - raft.server.log.segment.size.max = 1048576 (custom)
2019-09-19 14:04:49,106 [pool-58-thread-1] INFO  server.RaftServerConfigKeys (ConfUtils.java:logGet(43)) - raft.server.log.segment.cache.num.max = 2 (custom)
2019-09-19 14:04:49,106 [pool-58-thread-1] INFO  segmented.SegmentedRaftLogWorker (SegmentedRaftLogWorker.java:<init>(172)) - new dcc77c7b-1d37-448d-8d57-43d254561693-SegmentedRaftLogWorker:Storage Directory /workdir/hadoop-ozone/integration-test/target/test-dir/MiniOzoneClusterImpl-3b2755de-4cfe-4b43-9e0d-73dd8eda8f75/datanode-0/data/ratis/9dda62e0-7928-4bb9-ab85-d761e1e1912a for RaftStorage:Storage Directory /workdir/hadoop-ozone/integration-test/target/test-dir/MiniOzoneClusterImpl-3b2755de-4cfe-4b43-9e0d-73dd8eda8f75/datanode-0/data/ratis/9dda62e0-7928-4bb9-ab85-d761e1e1912a
2019-09-19 14:04:49,106 [pool-58-thread-1] INFO  server.RaftServerConfigKeys (ConfUtils.java:logGet(43)) - raft.server.log.queue.byte-limit = 2147483647 (custom)
2019-09-19 14:04:49,106 [pool-58-thread-1] INFO  server.RaftServerConfigKeys (ConfUtils.java:logGet(43)) - raft.server.log.queue.element-limit = 1024 (custom)
2019-09-19 14:04:49,106 [pool-58-thread-1] INFO  server.RaftServerConfigKeys (ConfUtils.java:logGet(43)) - raft.server.log.segment.size.max = 1048576 (custom)
2019-09-19 14:04:49,106 [pool-58-thread-1] INFO  server.RaftServerConfigKeys (ConfUtils.java:logGet(43)) - raft.server.log.preallocated.size = 16384 (custom)
2019-09-19 14:04:49,106 [pool-58-thread-1] INFO  server.RaftServerConfigKeys (ConfUtils.java:logGet(43)) - raft.server.log.write.buffer.size = 33554432 (custom)
2019-09-19 14:04:49,106 [pool-58-thread-1] INFO  server.RaftServerConfigKeys (ConfUtils.java:logGet(43)) - raft.server.log.force.sync.num = 128 (default)
2019-09-19 14:04:49,107 [pool-58-thread-1] INFO  server.RaftServerConfigKeys (ConfUtils.java:logGet(43)) - raft.server.log.statemachine.data.sync = true (default)
2019-09-19 14:04:49,107 [pool-58-thread-1] INFO  server.RaftServerConfigKeys (ConfUtils.java:logGet(43)) - raft.server.log.statemachine.data.sync.timeout = 10s (default)
2019-09-19 14:04:49,107 [pool-58-thread-1] INFO  server.RaftServerConfigKeys (ConfUtils.java:logGet(43)) - raft.server.log.statemachine.data.sync.timeout.retry = -1 (default)
2019-09-19 14:04:49,107 [pool-58-thread-1] INFO  server.RaftServerConfigKeys (ConfUtils.java:logGet(43)) - raft.server.log.statemachine.data.caching.enabled = true (custom)
2019-09-19 14:04:49,107 [pool-58-thread-1] INFO  segmented.SegmentedRaftLogWorker (SegmentedRaftLogWorker.java:lambda$new$0(132)) - dcc77c7b-1d37-448d-8d57-43d254561693-SegmentedRaftLogWorker:Storage Directory /workdir/hadoop-ozone/integration-test/target/test-dir/MiniOzoneClusterImpl-3b2755de-4cfe-4b43-9e0d-73dd8eda8f75/datanode-0/data/ratis/9dda62e0-7928-4bb9-ab85-d761e1e1912a: flushIndex: setUnconditionally 0 -> -1
2019-09-19 14:04:49,108 [pool-58-thread-1] INFO  server.RaftServerConfigKeys (ConfUtils.java:logGet(43)) - raft.server.snapshot.auto.trigger.enabled = true (custom)
2019-09-19 14:04:49,108 [pool-58-thread-1] INFO  server.RaftServerConfigKeys (ConfUtils.java:logGet(43)) - raft.server.snapshot.auto.trigger.threshold = 1 (custom)
2019-09-19 14:04:49,108 [pool-58-thread-1] INFO  server.RaftServerConfigKeys (ConfUtils.java:logGet(43)) - raft.server.retrycache.expirytime = 600000ms (custom)
2019-09-19 14:04:49,108 [pool-58-thread-1] INFO  impl.RaftServerImpl (RaftServerImpl.java:start(180)) - dcc77c7b-1d37-448d-8d57-43d254561693: start group-D761E1E1912A
2019-09-19 14:04:49,108 [pool-58-thread-1] INFO  impl.RaftServerImpl (RaftServerImpl.java:setRole(171)) - dcc77c7b-1d37-448d-8d57-43d254561693:group-D761E1E1912A changes role from null to FOLLOWER at term 0 for startAsFollower
2019-09-19 14:04:49,108 [pool-58-thread-1] INFO  impl.RoleInfo (RoleInfo.java:updateAndGet(143)) - dcc77c7b-1d37-448d-8d57-43d254561693: start FollowerState
2019-09-19 14:04:49,108 [pool-58-thread-1] INFO  util.JmxRegister (JmxRegister.java:tryRegister(44)) - Successfully registered JMX Bean with object name Ratis:service=RaftServer,group=group-D761E1E1912A,id=dcc77c7b-1d37-448d-8d57-43d254561693
2019-09-19 14:04:49,110 [RatisPipelineUtilsThread] INFO  pipeline.PipelineStateManager (PipelineStateManager.java:addPipeline(56)) - Created pipeline Pipeline[ Id: 9dda62e0-7928-4bb9-ab85-d761e1e1912a, Nodes: dcc77c7b-1d37-448d-8d57-43d254561693{ip: 192.168.157.226, host: pr-hdds-1569-swxfz-3172132826, networkLocation: /default-rack, certSerialId: null}, Type:RATIS, Factor:ONE, State:OPEN]
2019-09-19 14:04:49,113 [grpc-default-executor-1] INFO  impl.RaftServerProxy (RaftServerProxy.java:addNew(89)) - dcc77c7b-1d37-448d-8d57-43d254561693: addNew group-70C8365E03ED:[dcc77c7b-1d37-448d-8d57-43d254561693:192.168.157.226:34527] returns group-70C8365E03ED:java.util.concurrent.CompletableFuture@7e951daa[Not completed]
2019-09-19 14:04:49,114 [pool-58-thread-1] INFO  impl.RaftServerImpl (RaftServerImpl.java:<init>(93)) - dcc77c7b-1d37-448d-8d57-43d254561693: new RaftServerImpl for group-70C8365E03ED:[dcc77c7b-1d37-448d-8d57-43d254561693:192.168.157.226:34527] with ContainerStateMachine:uninitialized
2019-09-19 14:04:49,114 [pool-58-thread-1] INFO  server.RaftServerConfigKeys (ConfUtils.java:logGet(43)) - raft.server.rpc.timeout.min = 5s (custom)
2019-09-19 14:04:49,114 [pool-58-thread-1] INFO  server.RaftServerConfigKeys (ConfUtils.java:logGet(43)) - raft.server.rpc.timeout.max = 5200ms (custom)
2019-09-19 14:04:49,114 [pool-58-thread-1] INFO  server.RaftServerConfigKeys (ConfUtils.java:logGet(43)) - raft.server.rpcslowness.timeout = 120s (custom)
2019-09-19 14:04:49,114 [pool-58-thread-1] INFO  server.RaftServerConfigKeys (ConfUtils.java:logGet(43)) - raft.server.sleep.deviation.threshold = 300 (default)
2019-09-19 14:04:49,114 [pool-58-thread-1] INFO  server.RaftServerConfigKeys (ConfUtils.java:logGet(43)) - raft.server.log.appender.install.snapshot.enabled = false (custom)
2019-09-19 14:04:49,115 [pool-58-thread-1] INFO  impl.RaftServerImpl (ServerState.java:<init>(105)) - dcc77c7b-1d37-448d-8d57-43d254561693:group-70C8365E03ED ConfigurationManager, init=-1: [dcc77c7b-1d37-448d-8d57-43d254561693:192.168.157.226:34527], old=null, confs=<EMPTY_MAP>
2019-09-19 14:04:49,115 [pool-58-thread-1] INFO  server.RaftServerConfigKeys (ConfUtils.java:logGet(43)) - raft.server.storage.dir = [/workdir/hadoop-ozone/integration-test/target/test-dir/MiniOzoneClusterImpl-3b2755de-4cfe-4b43-9e0d-73dd8eda8f75/datanode-0/data/ratis] (custom)
2019-09-19 14:04:49,115 [pool-58-thread-1] INFO  storage.RaftStorageDirectory (RaftStorageDirectory.java:analyzeStorage(246)) - The storage directory /workdir/hadoop-ozone/integration-test/target/test-dir/MiniOzoneClusterImpl-3b2755de-4cfe-4b43-9e0d-73dd8eda8f75/datanode-0/data/ratis/270a7eb6-083c-43f6-b9e3-70c8365e03ed does not exist. Creating ...
2019-09-19 14:04:49,128 [pool-58-thread-1] INFO  storage.RaftStorageDirectory (RaftStorageDirectory.java:tryLock(328)) - Lock on /workdir/hadoop-ozone/integration-test/target/test-dir/MiniOzoneClusterImpl-3b2755de-4cfe-4b43-9e0d-73dd8eda8f75/datanode-0/data/ratis/270a7eb6-083c-43f6-b9e3-70c8365e03ed/in_use.lock acquired by nodename 30982@pr-hdds-1569-swxfz-3172132826
2019-09-19 14:04:49,161 [pool-58-thread-1] INFO  storage.RaftStorage (RaftStorage.java:format(72)) - Storage directory /workdir/hadoop-ozone/integration-test/target/test-dir/MiniOzoneClusterImpl-3b2755de-4cfe-4b43-9e0d-73dd8eda8f75/datanode-0/data/ratis/270a7eb6-083c-43f6-b9e3-70c8365e03ed has been successfully formatted.
2019-09-19 14:04:49,162 [pool-58-thread-1] INFO  ratis.ContainerStateMachine (ContainerStateMachine.java:loadSnapshot(226)) - group-70C8365E03ED: The snapshot info is null. Setting the last applied indexto:(t:0, i:~)
2019-09-19 14:04:49,162 [pool-58-thread-1] INFO  server.RaftServerConfigKeys (ConfUtils.java:logGet(43)) - raft.server.leader.election.timeout = 120s (custom)
2019-09-19 14:04:49,162 [pool-58-thread-1] INFO  server.RaftServerConfigKeys (ConfUtils.java:logGet(43)) - raft.server.log.use.memory = false (default)
2019-09-19 14:04:49,162 [pool-58-thread-1] INFO  server.RaftServerConfigKeys (ConfUtils.java:logGet(43)) - raft.server.log.purge.gap = 1000000 (custom)
2019-09-19 14:04:49,162 [pool-58-thread-1] INFO  server.RaftServerConfigKeys (ConfUtils.java:logGet(43)) - raft.server.log.appender.buffer.byte-limit = 33554432 (custom)
2019-09-19 14:04:49,162 [pool-58-thread-1] INFO  server.RaftServerConfigKeys (ConfUtils.java:logGet(43)) - raft.server.log.segment.size.max = 1048576 (custom)
2019-09-19 14:04:49,163 [pool-58-thread-1] INFO  server.RaftServerConfigKeys (ConfUtils.java:logGet(43)) - raft.server.log.segment.cache.num.max = 2 (custom)
2019-09-19 14:04:49,163 [pool-58-thread-1] INFO  segmented.SegmentedRaftLogWorker (SegmentedRaftLogWorker.java:<init>(172)) - new dcc77c7b-1d37-448d-8d57-43d254561693-SegmentedRaftLogWorker:Storage Directory /workdir/hadoop-ozone/integration-test/target/test-dir/MiniOzoneClusterImpl-3b2755de-4cfe-4b43-9e0d-73dd8eda8f75/datanode-0/data/ratis/270a7eb6-083c-43f6-b9e3-70c8365e03ed for RaftStorage:Storage Directory /workdir/hadoop-ozone/integration-test/target/test-dir/MiniOzoneClusterImpl-3b2755de-4cfe-4b43-9e0d-73dd8eda8f75/datanode-0/data/ratis/270a7eb6-083c-43f6-b9e3-70c8365e03ed
2019-09-19 14:04:49,163 [pool-58-thread-1] INFO  server.RaftServerConfigKeys (ConfUtils.java:logGet(43)) - raft.server.log.queue.byte-limit = 2147483647 (custom)
2019-09-19 14:04:49,163 [pool-58-thread-1] INFO  server.RaftServerConfigKeys (ConfUtils.java:logGet(43)) - raft.server.log.queue.element-limit = 1024 (custom)
2019-09-19 14:04:49,163 [pool-58-thread-1] INFO  server.RaftServerConfigKeys (ConfUtils.java:logGet(43)) - raft.server.log.segment.size.max = 1048576 (custom)
2019-09-19 14:04:49,163 [pool-58-thread-1] INFO  server.RaftServerConfigKeys (ConfUtils.java:logGet(43)) - raft.server.log.preallocated.size = 16384 (custom)
2019-09-19 14:04:49,163 [pool-58-thread-1] INFO  server.RaftServerConfigKeys (ConfUtils.java:logGet(43)) - raft.server.log.write.buffer.size = 33554432 (custom)
2019-09-19 14:04:49,163 [pool-58-thread-1] INFO  server.RaftServerConfigKeys (ConfUtils.java:logGet(43)) - raft.server.log.force.sync.num = 128 (default)
2019-09-19 14:04:49,163 [pool-58-thread-1] INFO  server.RaftServerConfigKeys (ConfUtils.java:logGet(43)) - raft.server.log.statemachine.data.sync = true (default)
2019-09-19 14:04:49,164 [pool-58-thread-1] INFO  server.RaftServerConfigKeys (ConfUtils.java:logGet(43)) - raft.server.log.statemachine.data.sync.timeout = 10s (default)
2019-09-19 14:04:49,164 [pool-58-thread-1] INFO  server.RaftServerConfigKeys (ConfUtils.java:logGet(43)) - raft.server.log.statemachine.data.sync.timeout.retry = -1 (default)
2019-09-19 14:04:49,164 [pool-58-thread-1] INFO  server.RaftServerConfigKeys (ConfUtils.java:logGet(43)) - raft.server.log.statemachine.data.caching.enabled = true (custom)
2019-09-19 14:04:49,164 [pool-58-thread-1] INFO  segmented.SegmentedRaftLogWorker (SegmentedRaftLogWorker.java:lambda$new$0(132)) - dcc77c7b-1d37-448d-8d57-43d254561693-SegmentedRaftLogWorker:Storage Directory /workdir/hadoop-ozone/integration-test/target/test-dir/MiniOzoneClusterImpl-3b2755de-4cfe-4b43-9e0d-73dd8eda8f75/datanode-0/data/ratis/270a7eb6-083c-43f6-b9e3-70c8365e03ed: flushIndex: setUnconditionally 0 -> -1
2019-09-19 14:04:49,164 [pool-58-thread-1] INFO  server.RaftServerConfigKeys (ConfUtils.java:logGet(43)) - raft.server.snapshot.auto.trigger.enabled = true (custom)
2019-09-19 14:04:49,165 [pool-58-thread-1] INFO  server.RaftServerConfigKeys (ConfUtils.java:logGet(43)) - raft.server.snapshot.auto.trigger.threshold = 1 (custom)
2019-09-19 14:04:49,165 [pool-58-thread-1] INFO  server.RaftServerConfigKeys (ConfUtils.java:logGet(43)) - raft.server.retrycache.expirytime = 600000ms (custom)
2019-09-19 14:04:49,165 [pool-58-thread-1] INFO  impl.RaftServerImpl (RaftServerImpl.java:start(180)) - dcc77c7b-1d37-448d-8d57-43d254561693: start group-70C8365E03ED
2019-09-19 14:04:49,165 [pool-58-thread-1] INFO  impl.RaftServerImpl (RaftServerImpl.java:setRole(171)) - dcc77c7b-1d37-448d-8d57-43d254561693:group-70C8365E03ED changes role from null to FOLLOWER at term 0 for startAsFollower
2019-09-19 14:04:49,165 [pool-58-thread-1] INFO  impl.RoleInfo (RoleInfo.java:updateAndGet(143)) - dcc77c7b-1d37-448d-8d57-43d254561693: start FollowerState
2019-09-19 14:04:49,165 [pool-58-thread-1] INFO  util.JmxRegister (JmxRegister.java:tryRegister(44)) - Successfully registered JMX Bean with object name Ratis:service=RaftServer,group=group-70C8365E03ED,id=dcc77c7b-1d37-448d-8d57-43d254561693
2019-09-19 14:04:49,168 [RatisPipelineUtilsThread] INFO  pipeline.PipelineStateManager (PipelineStateManager.java:addPipeline(56)) - Created pipeline Pipeline[ Id: 270a7eb6-083c-43f6-b9e3-70c8365e03ed, Nodes: dcc77c7b-1d37-448d-8d57-43d254561693{ip: 192.168.157.226, host: pr-hdds-1569-swxfz-3172132826, networkLocation: /default-rack, certSerialId: null}, Type:RATIS, Factor:ONE, State:OPEN]
2019-09-19 14:04:49,172 [grpc-default-executor-1] INFO  impl.RaftServerProxy (RaftServerProxy.java:addNew(89)) - dcc77c7b-1d37-448d-8d57-43d254561693: addNew group-7072FED0E77C:[dcc77c7b-1d37-448d-8d57-43d254561693:192.168.157.226:34527] returns group-7072FED0E77C:java.util.concurrent.CompletableFuture@ab0dc14[Not completed]
2019-09-19 14:04:49,172 [pool-58-thread-1] INFO  impl.RaftServerImpl (RaftServerImpl.java:<init>(93)) - dcc77c7b-1d37-448d-8d57-43d254561693: new RaftServerImpl for group-7072FED0E77C:[dcc77c7b-1d37-448d-8d57-43d254561693:192.168.157.226:34527] with ContainerStateMachine:uninitialized
2019-09-19 14:04:49,172 [pool-58-thread-1] INFO  server.RaftServerConfigKeys (ConfUtils.java:logGet(43)) - raft.server.rpc.timeout.min = 5s (custom)
2019-09-19 14:04:49,173 [pool-58-thread-1] INFO  server.RaftServerConfigKeys (ConfUtils.java:logGet(43)) - raft.server.rpc.timeout.max = 5200ms (custom)
2019-09-19 14:04:49,173 [pool-58-thread-1] INFO  server.RaftServerConfigKeys (ConfUtils.java:logGet(43)) - raft.server.rpcslowness.timeout = 120s (custom)
2019-09-19 14:04:49,173 [pool-58-thread-1] INFO  server.RaftServerConfigKeys (ConfUtils.java:logGet(43)) - raft.server.sleep.deviation.threshold = 300 (default)
2019-09-19 14:04:49,173 [pool-58-thread-1] INFO  server.RaftServerConfigKeys (ConfUtils.java:logGet(43)) - raft.server.log.appender.install.snapshot.enabled = false (custom)
2019-09-19 14:04:49,173 [pool-58-thread-1] INFO  impl.RaftServerImpl (ServerState.java:<init>(105)) - dcc77c7b-1d37-448d-8d57-43d254561693:group-7072FED0E77C ConfigurationManager, init=-1: [dcc77c7b-1d37-448d-8d57-43d254561693:192.168.157.226:34527], old=null, confs=<EMPTY_MAP>
2019-09-19 14:04:49,173 [pool-58-thread-1] INFO  server.RaftServerConfigKeys (ConfUtils.java:logGet(43)) - raft.server.storage.dir = [/workdir/hadoop-ozone/integration-test/target/test-dir/MiniOzoneClusterImpl-3b2755de-4cfe-4b43-9e0d-73dd8eda8f75/datanode-0/data/ratis] (custom)
2019-09-19 14:04:49,174 [pool-58-thread-1] INFO  storage.RaftStorageDirectory (RaftStorageDirectory.java:analyzeStorage(246)) - The storage directory /workdir/hadoop-ozone/integration-test/target/test-dir/MiniOzoneClusterImpl-3b2755de-4cfe-4b43-9e0d-73dd8eda8f75/datanode-0/data/ratis/fd5909a7-4e86-4d8b-9ed6-7072fed0e77c does not exist. Creating ...
2019-09-19 14:04:49,188 | INFO  | SCMAudit | user=jenkins1000 | ip=192.168.157.226 | op=SEND_HEARTBEAT {datanodeUUID=dcc77c7b-1d37-448d-8d57-43d254561693, command=[]} | ret=SUCCESS |  
2019-09-19 14:04:49,193 [pool-58-thread-1] INFO  storage.RaftStorageDirectory (RaftStorageDirectory.java:tryLock(328)) - Lock on /workdir/hadoop-ozone/integration-test/target/test-dir/MiniOzoneClusterImpl-3b2755de-4cfe-4b43-9e0d-73dd8eda8f75/datanode-0/data/ratis/fd5909a7-4e86-4d8b-9ed6-7072fed0e77c/in_use.lock acquired by nodename 30982@pr-hdds-1569-swxfz-3172132826
2019-09-19 14:04:49,206 [pool-58-thread-1] INFO  storage.RaftStorage (RaftStorage.java:format(72)) - Storage directory /workdir/hadoop-ozone/integration-test/target/test-dir/MiniOzoneClusterImpl-3b2755de-4cfe-4b43-9e0d-73dd8eda8f75/datanode-0/data/ratis/fd5909a7-4e86-4d8b-9ed6-7072fed0e77c has been successfully formatted.
2019-09-19 14:04:49,207 [pool-58-thread-1] INFO  ratis.ContainerStateMachine (ContainerStateMachine.java:loadSnapshot(226)) - group-7072FED0E77C: The snapshot info is null. Setting the last applied indexto:(t:0, i:~)
2019-09-19 14:04:49,207 [pool-58-thread-1] INFO  server.RaftServerConfigKeys (ConfUtils.java:logGet(43)) - raft.server.leader.election.timeout = 120s (custom)
2019-09-19 14:04:49,207 [pool-58-thread-1] INFO  server.RaftServerConfigKeys (ConfUtils.java:logGet(43)) - raft.server.log.use.memory = false (default)
2019-09-19 14:04:49,207 [pool-58-thread-1] INFO  server.RaftServerConfigKeys (ConfUtils.java:logGet(43)) - raft.server.log.purge.gap = 1000000 (custom)
2019-09-19 14:04:49,207 [pool-58-thread-1] INFO  server.RaftServerConfigKeys (ConfUtils.java:logGet(43)) - raft.server.log.appender.buffer.byte-limit = 33554432 (custom)
2019-09-19 14:04:49,207 [pool-58-thread-1] INFO  server.RaftServerConfigKeys (ConfUtils.java:logGet(43)) - raft.server.log.segment.size.max = 1048576 (custom)
2019-09-19 14:04:49,207 [pool-58-thread-1] INFO  server.RaftServerConfigKeys (ConfUtils.java:logGet(43)) - raft.server.log.segment.cache.num.max = 2 (custom)
2019-09-19 14:04:49,207 [pool-58-thread-1] INFO  segmented.SegmentedRaftLogWorker (SegmentedRaftLogWorker.java:<init>(172)) - new dcc77c7b-1d37-448d-8d57-43d254561693-SegmentedRaftLogWorker:Storage Directory /workdir/hadoop-ozone/integration-test/target/test-dir/MiniOzoneClusterImpl-3b2755de-4cfe-4b43-9e0d-73dd8eda8f75/datanode-0/data/ratis/fd5909a7-4e86-4d8b-9ed6-7072fed0e77c for RaftStorage:Storage Directory /workdir/hadoop-ozone/integration-test/target/test-dir/MiniOzoneClusterImpl-3b2755de-4cfe-4b43-9e0d-73dd8eda8f75/datanode-0/data/ratis/fd5909a7-4e86-4d8b-9ed6-7072fed0e77c
2019-09-19 14:04:49,207 [pool-58-thread-1] INFO  server.RaftServerConfigKeys (ConfUtils.java:logGet(43)) - raft.server.log.queue.byte-limit = 2147483647 (custom)
2019-09-19 14:04:49,207 [pool-58-thread-1] INFO  server.RaftServerConfigKeys (ConfUtils.java:logGet(43)) - raft.server.log.queue.element-limit = 1024 (custom)
2019-09-19 14:04:49,208 [pool-58-thread-1] INFO  server.RaftServerConfigKeys (ConfUtils.java:logGet(43)) - raft.server.log.segment.size.max = 1048576 (custom)
2019-09-19 14:04:49,208 [pool-58-thread-1] INFO  server.RaftServerConfigKeys (ConfUtils.java:logGet(43)) - raft.server.log.preallocated.size = 16384 (custom)
2019-09-19 14:04:49,208 [pool-58-thread-1] INFO  server.RaftServerConfigKeys (ConfUtils.java:logGet(43)) - raft.server.log.write.buffer.size = 33554432 (custom)
2019-09-19 14:04:49,208 [pool-58-thread-1] INFO  server.RaftServerConfigKeys (ConfUtils.java:logGet(43)) - raft.server.log.force.sync.num = 128 (default)
2019-09-19 14:04:49,208 [pool-58-thread-1] INFO  server.RaftServerConfigKeys (ConfUtils.java:logGet(43)) - raft.server.log.statemachine.data.sync = true (default)
2019-09-19 14:04:49,208 [pool-58-thread-1] INFO  server.RaftServerConfigKeys (ConfUtils.java:logGet(43)) - raft.server.log.statemachine.data.sync.timeout = 10s (default)
2019-09-19 14:04:49,208 [pool-58-thread-1] INFO  server.RaftServerConfigKeys (ConfUtils.java:logGet(43)) - raft.server.log.statemachine.data.sync.timeout.retry = -1 (default)
2019-09-19 14:04:49,208 [pool-58-thread-1] INFO  server.RaftServerConfigKeys (ConfUtils.java:logGet(43)) - raft.server.log.statemachine.data.caching.enabled = true (custom)
2019-09-19 14:04:49,208 [pool-58-thread-1] INFO  segmented.SegmentedRaftLogWorker (SegmentedRaftLogWorker.java:lambda$new$0(132)) - dcc77c7b-1d37-448d-8d57-43d254561693-SegmentedRaftLogWorker:Storage Directory /workdir/hadoop-ozone/integration-test/target/test-dir/MiniOzoneClusterImpl-3b2755de-4cfe-4b43-9e0d-73dd8eda8f75/datanode-0/data/ratis/fd5909a7-4e86-4d8b-9ed6-7072fed0e77c: flushIndex: setUnconditionally 0 -> -1
2019-09-19 14:04:49,208 [pool-58-thread-1] INFO  server.RaftServerConfigKeys (ConfUtils.java:logGet(43)) - raft.server.snapshot.auto.trigger.enabled = true (custom)
2019-09-19 14:04:49,209 [pool-58-thread-1] INFO  server.RaftServerConfigKeys (ConfUtils.java:logGet(43)) - raft.server.snapshot.auto.trigger.threshold = 1 (custom)
2019-09-19 14:04:49,209 [pool-58-thread-1] INFO  server.RaftServerConfigKeys (ConfUtils.java:logGet(43)) - raft.server.retrycache.expirytime = 600000ms (custom)
2019-09-19 14:04:49,209 [pool-58-thread-1] INFO  impl.RaftServerImpl (RaftServerImpl.java:start(180)) - dcc77c7b-1d37-448d-8d57-43d254561693: start group-7072FED0E77C
2019-09-19 14:04:49,209 [pool-58-thread-1] INFO  impl.RaftServerImpl (RaftServerImpl.java:setRole(171)) - dcc77c7b-1d37-448d-8d57-43d254561693:group-7072FED0E77C changes role from null to FOLLOWER at term 0 for startAsFollower
2019-09-19 14:04:49,209 [pool-58-thread-1] INFO  impl.RoleInfo (RoleInfo.java:updateAndGet(143)) - dcc77c7b-1d37-448d-8d57-43d254561693: start FollowerState
2019-09-19 14:04:49,209 [pool-58-thread-1] INFO  util.JmxRegister (JmxRegister.java:tryRegister(44)) - Successfully registered JMX Bean with object name Ratis:service=RaftServer,group=group-7072FED0E77C,id=dcc77c7b-1d37-448d-8d57-43d254561693
2019-09-19 14:04:49,211 [RatisPipelineUtilsThread] INFO  pipeline.PipelineStateManager (PipelineStateManager.java:addPipeline(56)) - Created pipeline Pipeline[ Id: fd5909a7-4e86-4d8b-9ed6-7072fed0e77c, Nodes: dcc77c7b-1d37-448d-8d57-43d254561693{ip: 192.168.157.226, host: pr-hdds-1569-swxfz-3172132826, networkLocation: /default-rack, certSerialId: null}, Type:RATIS, Factor:ONE, State:OPEN]
2019-09-19 14:04:49,213 [grpc-default-executor-1] INFO  impl.RaftServerProxy (RaftServerProxy.java:addNew(89)) - dcc77c7b-1d37-448d-8d57-43d254561693: addNew group-093113564365:[dcc77c7b-1d37-448d-8d57-43d254561693:192.168.157.226:34527] returns group-093113564365:java.util.concurrent.CompletableFuture@20a3f1d3[Not completed]
2019-09-19 14:04:49,214 [pool-58-thread-1] INFO  impl.RaftServerImpl (RaftServerImpl.java:<init>(93)) - dcc77c7b-1d37-448d-8d57-43d254561693: new RaftServerImpl for group-093113564365:[dcc77c7b-1d37-448d-8d57-43d254561693:192.168.157.226:34527] with ContainerStateMachine:uninitialized
2019-09-19 14:04:49,214 [pool-58-thread-1] INFO  server.RaftServerConfigKeys (ConfUtils.java:logGet(43)) - raft.server.rpc.timeout.min = 5s (custom)
2019-09-19 14:04:49,214 [pool-58-thread-1] INFO  server.RaftServerConfigKeys (ConfUtils.java:logGet(43)) - raft.server.rpc.timeout.max = 5200ms (custom)
2019-09-19 14:04:49,214 [pool-58-thread-1] INFO  server.RaftServerConfigKeys (ConfUtils.java:logGet(43)) - raft.server.rpcslowness.timeout = 120s (custom)
2019-09-19 14:04:49,214 [pool-58-thread-1] INFO  server.RaftServerConfigKeys (ConfUtils.java:logGet(43)) - raft.server.sleep.deviation.threshold = 300 (default)
2019-09-19 14:04:49,214 [pool-58-thread-1] INFO  server.RaftServerConfigKeys (ConfUtils.java:logGet(43)) - raft.server.log.appender.install.snapshot.enabled = false (custom)
2019-09-19 14:04:49,214 [pool-58-thread-1] INFO  impl.RaftServerImpl (ServerState.java:<init>(105)) - dcc77c7b-1d37-448d-8d57-43d254561693:group-093113564365 ConfigurationManager, init=-1: [dcc77c7b-1d37-448d-8d57-43d254561693:192.168.157.226:34527], old=null, confs=<EMPTY_MAP>
2019-09-19 14:04:49,214 [pool-58-thread-1] INFO  server.RaftServerConfigKeys (ConfUtils.java:logGet(43)) - raft.server.storage.dir = [/workdir/hadoop-ozone/integration-test/target/test-dir/MiniOzoneClusterImpl-3b2755de-4cfe-4b43-9e0d-73dd8eda8f75/datanode-0/data/ratis] (custom)
2019-09-19 14:04:49,214 [pool-58-thread-1] INFO  storage.RaftStorageDirectory (RaftStorageDirectory.java:analyzeStorage(246)) - The storage directory /workdir/hadoop-ozone/integration-test/target/test-dir/MiniOzoneClusterImpl-3b2755de-4cfe-4b43-9e0d-73dd8eda8f75/datanode-0/data/ratis/85f34641-e182-46c6-bcfe-093113564365 does not exist. Creating ...
2019-09-19 14:04:49,227 [pool-58-thread-1] INFO  storage.RaftStorageDirectory (RaftStorageDirectory.java:tryLock(328)) - Lock on /workdir/hadoop-ozone/integration-test/target/test-dir/MiniOzoneClusterImpl-3b2755de-4cfe-4b43-9e0d-73dd8eda8f75/datanode-0/data/ratis/85f34641-e182-46c6-bcfe-093113564365/in_use.lock acquired by nodename 30982@pr-hdds-1569-swxfz-3172132826
2019-09-19 14:04:49,240 [pool-58-thread-1] INFO  storage.RaftStorage (RaftStorage.java:format(72)) - Storage directory /workdir/hadoop-ozone/integration-test/target/test-dir/MiniOzoneClusterImpl-3b2755de-4cfe-4b43-9e0d-73dd8eda8f75/datanode-0/data/ratis/85f34641-e182-46c6-bcfe-093113564365 has been successfully formatted.
2019-09-19 14:04:49,240 [pool-58-thread-1] INFO  ratis.ContainerStateMachine (ContainerStateMachine.java:loadSnapshot(226)) - group-093113564365: The snapshot info is null. Setting the last applied indexto:(t:0, i:~)
2019-09-19 14:04:49,240 [pool-58-thread-1] INFO  server.RaftServerConfigKeys (ConfUtils.java:logGet(43)) - raft.server.leader.election.timeout = 120s (custom)
2019-09-19 14:04:49,240 [pool-58-thread-1] INFO  server.RaftServerConfigKeys (ConfUtils.java:logGet(43)) - raft.server.log.use.memory = false (default)
2019-09-19 14:04:49,240 [pool-58-thread-1] INFO  server.RaftServerConfigKeys (ConfUtils.java:logGet(43)) - raft.server.log.purge.gap = 1000000 (custom)
2019-09-19 14:04:49,241 [pool-58-thread-1] INFO  server.RaftServerConfigKeys (ConfUtils.java:logGet(43)) - raft.server.log.appender.buffer.byte-limit = 33554432 (custom)
2019-09-19 14:04:49,241 [pool-58-thread-1] INFO  server.RaftServerConfigKeys (ConfUtils.java:logGet(43)) - raft.server.log.segment.size.max = 1048576 (custom)
2019-09-19 14:04:49,241 [pool-58-thread-1] INFO  server.RaftServerConfigKeys (ConfUtils.java:logGet(43)) - raft.server.log.segment.cache.num.max = 2 (custom)
2019-09-19 14:04:49,241 [pool-58-thread-1] INFO  segmented.SegmentedRaftLogWorker (SegmentedRaftLogWorker.java:<init>(172)) - new dcc77c7b-1d37-448d-8d57-43d254561693-SegmentedRaftLogWorker:Storage Directory /workdir/hadoop-ozone/integration-test/target/test-dir/MiniOzoneClusterImpl-3b2755de-4cfe-4b43-9e0d-73dd8eda8f75/datanode-0/data/ratis/85f34641-e182-46c6-bcfe-093113564365 for RaftStorage:Storage Directory /workdir/hadoop-ozone/integration-test/target/test-dir/MiniOzoneClusterImpl-3b2755de-4cfe-4b43-9e0d-73dd8eda8f75/datanode-0/data/ratis/85f34641-e182-46c6-bcfe-093113564365
2019-09-19 14:04:49,241 [pool-58-thread-1] INFO  server.RaftServerConfigKeys (ConfUtils.java:logGet(43)) - raft.server.log.queue.byte-limit = 2147483647 (custom)
2019-09-19 14:04:49,241 [pool-58-thread-1] INFO  server.RaftServerConfigKeys (ConfUtils.java:logGet(43)) - raft.server.log.queue.element-limit = 1024 (custom)
2019-09-19 14:04:49,241 [pool-58-thread-1] INFO  server.RaftServerConfigKeys (ConfUtils.java:logGet(43)) - raft.server.log.segment.size.max = 1048576 (custom)
2019-09-19 14:04:49,241 [pool-58-thread-1] INFO  server.RaftServerConfigKeys (ConfUtils.java:logGet(43)) - raft.server.log.preallocated.size = 16384 (custom)
2019-09-19 14:04:49,241 [pool-58-thread-1] INFO  server.RaftServerConfigKeys (ConfUtils.java:logGet(43)) - raft.server.log.write.buffer.size = 33554432 (custom)
2019-09-19 14:04:49,241 [pool-58-thread-1] INFO  server.RaftServerConfigKeys (ConfUtils.java:logGet(43)) - raft.server.log.force.sync.num = 128 (default)
2019-09-19 14:04:49,241 [pool-58-thread-1] INFO  server.RaftServerConfigKeys (ConfUtils.java:logGet(43)) - raft.server.log.statemachine.data.sync = true (default)
2019-09-19 14:04:49,241 [pool-58-thread-1] INFO  server.RaftServerConfigKeys (ConfUtils.java:logGet(43)) - raft.server.log.statemachine.data.sync.timeout = 10s (default)
2019-09-19 14:04:49,241 [pool-58-thread-1] INFO  server.RaftServerConfigKeys (ConfUtils.java:logGet(43)) - raft.server.log.statemachine.data.sync.timeout.retry = -1 (default)
2019-09-19 14:04:49,242 [pool-58-thread-1] INFO  server.RaftServerConfigKeys (ConfUtils.java:logGet(43)) - raft.server.log.statemachine.data.caching.enabled = true (custom)
2019-09-19 14:04:49,242 [pool-58-thread-1] INFO  segmented.SegmentedRaftLogWorker (SegmentedRaftLogWorker.java:lambda$new$0(132)) - dcc77c7b-1d37-448d-8d57-43d254561693-SegmentedRaftLogWorker:Storage Directory /workdir/hadoop-ozone/integration-test/target/test-dir/MiniOzoneClusterImpl-3b2755de-4cfe-4b43-9e0d-73dd8eda8f75/datanode-0/data/ratis/85f34641-e182-46c6-bcfe-093113564365: flushIndex: setUnconditionally 0 -> -1
2019-09-19 14:04:49,242 [pool-58-thread-1] INFO  server.RaftServerConfigKeys (ConfUtils.java:logGet(43)) - raft.server.snapshot.auto.trigger.enabled = true (custom)
2019-09-19 14:04:49,242 [pool-58-thread-1] INFO  server.RaftServerConfigKeys (ConfUtils.java:logGet(43)) - raft.server.snapshot.auto.trigger.threshold = 1 (custom)
2019-09-19 14:04:49,242 [pool-58-thread-1] INFO  server.RaftServerConfigKeys (ConfUtils.java:logGet(43)) - raft.server.retrycache.expirytime = 600000ms (custom)
2019-09-19 14:04:49,242 [pool-58-thread-1] INFO  impl.RaftServerImpl (RaftServerImpl.java:start(180)) - dcc77c7b-1d37-448d-8d57-43d254561693: start group-093113564365
2019-09-19 14:04:49,242 [pool-58-thread-1] INFO  impl.RaftServerImpl (RaftServerImpl.java:setRole(171)) - dcc77c7b-1d37-448d-8d57-43d254561693:group-093113564365 changes role from null to FOLLOWER at term 0 for startAsFollower
2019-09-19 14:04:49,242 [pool-58-thread-1] INFO  impl.RoleInfo (RoleInfo.java:updateAndGet(143)) - dcc77c7b-1d37-448d-8d57-43d254561693: start FollowerState
2019-09-19 14:04:49,243 [pool-58-thread-1] INFO  util.JmxRegister (JmxRegister.java:tryRegister(44)) - Successfully registered JMX Bean with object name Ratis:service=RaftServer,group=group-093113564365,id=dcc77c7b-1d37-448d-8d57-43d254561693
2019-09-19 14:04:49,244 [RatisPipelineUtilsThread] INFO  pipeline.PipelineStateManager (PipelineStateManager.java:addPipeline(56)) - Created pipeline Pipeline[ Id: 85f34641-e182-46c6-bcfe-093113564365, Nodes: dcc77c7b-1d37-448d-8d57-43d254561693{ip: 192.168.157.226, host: pr-hdds-1569-swxfz-3172132826, networkLocation: /default-rack, certSerialId: null}, Type:RATIS, Factor:ONE, State:OPEN]
2019-09-19 14:04:49,246 [grpc-default-executor-1] INFO  impl.RaftServerProxy (RaftServerProxy.java:addNew(89)) - dcc77c7b-1d37-448d-8d57-43d254561693: addNew group-109076332BCC:[dcc77c7b-1d37-448d-8d57-43d254561693:192.168.157.226:34527] returns group-109076332BCC:java.util.concurrent.CompletableFuture@37c8396[Not completed]
2019-09-19 14:04:49,247 [pool-58-thread-1] INFO  impl.RaftServerImpl (RaftServerImpl.java:<init>(93)) - dcc77c7b-1d37-448d-8d57-43d254561693: new RaftServerImpl for group-109076332BCC:[dcc77c7b-1d37-448d-8d57-43d254561693:192.168.157.226:34527] with ContainerStateMachine:uninitialized
2019-09-19 14:04:49,247 [pool-58-thread-1] INFO  server.RaftServerConfigKeys (ConfUtils.java:logGet(43)) - raft.server.rpc.timeout.min = 5s (custom)
2019-09-19 14:04:49,247 [pool-58-thread-1] INFO  server.RaftServerConfigKeys (ConfUtils.java:logGet(43)) - raft.server.rpc.timeout.max = 5200ms (custom)
2019-09-19 14:04:49,247 [pool-58-thread-1] INFO  server.RaftServerConfigKeys (ConfUtils.java:logGet(43)) - raft.server.rpcslowness.timeout = 120s (custom)
2019-09-19 14:04:49,247 [pool-58-thread-1] INFO  server.RaftServerConfigKeys (ConfUtils.java:logGet(43)) - raft.server.sleep.deviation.threshold = 300 (default)
2019-09-19 14:04:49,247 [pool-58-thread-1] INFO  server.RaftServerConfigKeys (ConfUtils.java:logGet(43)) - raft.server.log.appender.install.snapshot.enabled = false (custom)
2019-09-19 14:04:49,247 [pool-58-thread-1] INFO  impl.RaftServerImpl (ServerState.java:<init>(105)) - dcc77c7b-1d37-448d-8d57-43d254561693:group-109076332BCC ConfigurationManager, init=-1: [dcc77c7b-1d37-448d-8d57-43d254561693:192.168.157.226:34527], old=null, confs=<EMPTY_MAP>
2019-09-19 14:04:49,247 [pool-58-thread-1] INFO  server.RaftServerConfigKeys (ConfUtils.java:logGet(43)) - raft.server.storage.dir = [/workdir/hadoop-ozone/integration-test/target/test-dir/MiniOzoneClusterImpl-3b2755de-4cfe-4b43-9e0d-73dd8eda8f75/datanode-0/data/ratis] (custom)
2019-09-19 14:04:49,247 [pool-58-thread-1] INFO  storage.RaftStorageDirectory (RaftStorageDirectory.java:analyzeStorage(246)) - The storage directory /workdir/hadoop-ozone/integration-test/target/test-dir/MiniOzoneClusterImpl-3b2755de-4cfe-4b43-9e0d-73dd8eda8f75/datanode-0/data/ratis/0276fbaa-b07d-4afe-a5a8-109076332bcc does not exist. Creating ...
2019-09-19 14:04:49,260 [pool-58-thread-1] INFO  storage.RaftStorageDirectory (RaftStorageDirectory.java:tryLock(328)) - Lock on /workdir/hadoop-ozone/integration-test/target/test-dir/MiniOzoneClusterImpl-3b2755de-4cfe-4b43-9e0d-73dd8eda8f75/datanode-0/data/ratis/0276fbaa-b07d-4afe-a5a8-109076332bcc/in_use.lock acquired by nodename 30982@pr-hdds-1569-swxfz-3172132826
2019-09-19 14:04:49,272 [pool-58-thread-1] INFO  storage.RaftStorage (RaftStorage.java:format(72)) - Storage directory /workdir/hadoop-ozone/integration-test/target/test-dir/MiniOzoneClusterImpl-3b2755de-4cfe-4b43-9e0d-73dd8eda8f75/datanode-0/data/ratis/0276fbaa-b07d-4afe-a5a8-109076332bcc has been successfully formatted.
2019-09-19 14:04:49,272 [pool-58-thread-1] INFO  ratis.ContainerStateMachine (ContainerStateMachine.java:loadSnapshot(226)) - group-109076332BCC: The snapshot info is null. Setting the last applied indexto:(t:0, i:~)
2019-09-19 14:04:49,272 [pool-58-thread-1] INFO  server.RaftServerConfigKeys (ConfUtils.java:logGet(43)) - raft.server.leader.election.timeout = 120s (custom)
2019-09-19 14:04:49,272 [pool-58-thread-1] INFO  server.RaftServerConfigKeys (ConfUtils.java:logGet(43)) - raft.server.log.use.memory = false (default)
2019-09-19 14:04:49,272 [pool-58-thread-1] INFO  server.RaftServerConfigKeys (ConfUtils.java:logGet(43)) - raft.server.log.purge.gap = 1000000 (custom)
2019-09-19 14:04:49,273 [pool-58-thread-1] INFO  server.RaftServerConfigKeys (ConfUtils.java:logGet(43)) - raft.server.log.appender.buffer.byte-limit = 33554432 (custom)
2019-09-19 14:04:49,273 [pool-58-thread-1] INFO  server.RaftServerConfigKeys (ConfUtils.java:logGet(43)) - raft.server.log.segment.size.max = 1048576 (custom)
2019-09-19 14:04:49,273 [pool-58-thread-1] INFO  server.RaftServerConfigKeys (ConfUtils.java:logGet(43)) - raft.server.log.segment.cache.num.max = 2 (custom)
2019-09-19 14:04:49,273 [pool-58-thread-1] INFO  segmented.SegmentedRaftLogWorker (SegmentedRaftLogWorker.java:<init>(172)) - new dcc77c7b-1d37-448d-8d57-43d254561693-SegmentedRaftLogWorker:Storage Directory /workdir/hadoop-ozone/integration-test/target/test-dir/MiniOzoneClusterImpl-3b2755de-4cfe-4b43-9e0d-73dd8eda8f75/datanode-0/data/ratis/0276fbaa-b07d-4afe-a5a8-109076332bcc for RaftStorage:Storage Directory /workdir/hadoop-ozone/integration-test/target/test-dir/MiniOzoneClusterImpl-3b2755de-4cfe-4b43-9e0d-73dd8eda8f75/datanode-0/data/ratis/0276fbaa-b07d-4afe-a5a8-109076332bcc
2019-09-19 14:04:49,273 [pool-58-thread-1] INFO  server.RaftServerConfigKeys (ConfUtils.java:logGet(43)) - raft.server.log.queue.byte-limit = 2147483647 (custom)
2019-09-19 14:04:49,273 [pool-58-thread-1] INFO  server.RaftServerConfigKeys (ConfUtils.java:logGet(43)) - raft.server.log.queue.element-limit = 1024 (custom)
2019-09-19 14:04:49,273 [pool-58-thread-1] INFO  server.RaftServerConfigKeys (ConfUtils.java:logGet(43)) - raft.server.log.segment.size.max = 1048576 (custom)
2019-09-19 14:04:49,273 [pool-58-thread-1] INFO  server.RaftServerConfigKeys (ConfUtils.java:logGet(43)) - raft.server.log.preallocated.size = 16384 (custom)
2019-09-19 14:04:49,273 [pool-58-thread-1] INFO  server.RaftServerConfigKeys (ConfUtils.java:logGet(43)) - raft.server.log.write.buffer.size = 33554432 (custom)
2019-09-19 14:04:49,273 [pool-58-thread-1] INFO  server.RaftServerConfigKeys (ConfUtils.java:logGet(43)) - raft.server.log.force.sync.num = 128 (default)
2019-09-19 14:04:49,273 [pool-58-thread-1] INFO  server.RaftServerConfigKeys (ConfUtils.java:logGet(43)) - raft.server.log.statemachine.data.sync = true (default)
2019-09-19 14:04:49,273 [pool-58-thread-1] INFO  server.RaftServerConfigKeys (ConfUtils.java:logGet(43)) - raft.server.log.statemachine.data.sync.timeout = 10s (default)
2019-09-19 14:04:49,273 [pool-58-thread-1] INFO  server.RaftServerConfigKeys (ConfUtils.java:logGet(43)) - raft.server.log.statemachine.data.sync.timeout.retry = -1 (default)
2019-09-19 14:04:49,274 [pool-58-thread-1] INFO  server.RaftServerConfigKeys (ConfUtils.java:logGet(43)) - raft.server.log.statemachine.data.caching.enabled = true (custom)
2019-09-19 14:04:49,274 [pool-58-thread-1] INFO  segmented.SegmentedRaftLogWorker (SegmentedRaftLogWorker.java:lambda$new$0(132)) - dcc77c7b-1d37-448d-8d57-43d254561693-SegmentedRaftLogWorker:Storage Directory /workdir/hadoop-ozone/integration-test/target/test-dir/MiniOzoneClusterImpl-3b2755de-4cfe-4b43-9e0d-73dd8eda8f75/datanode-0/data/ratis/0276fbaa-b07d-4afe-a5a8-109076332bcc: flushIndex: setUnconditionally 0 -> -1
2019-09-19 14:04:49,274 [pool-58-thread-1] INFO  server.RaftServerConfigKeys (ConfUtils.java:logGet(43)) - raft.server.snapshot.auto.trigger.enabled = true (custom)
2019-09-19 14:04:49,274 [pool-58-thread-1] INFO  server.RaftServerConfigKeys (ConfUtils.java:logGet(43)) - raft.server.snapshot.auto.trigger.threshold = 1 (custom)
2019-09-19 14:04:49,274 [pool-58-thread-1] INFO  server.RaftServerConfigKeys (ConfUtils.java:logGet(43)) - raft.server.retrycache.expirytime = 600000ms (custom)
2019-09-19 14:04:49,274 [pool-58-thread-1] INFO  impl.RaftServerImpl (RaftServerImpl.java:start(180)) - dcc77c7b-1d37-448d-8d57-43d254561693: start group-109076332BCC
2019-09-19 14:04:49,274 [pool-58-thread-1] INFO  impl.RaftServerImpl (RaftServerImpl.java:setRole(171)) - dcc77c7b-1d37-448d-8d57-43d254561693:group-109076332BCC changes role from null to FOLLOWER at term 0 for startAsFollower
2019-09-19 14:04:49,274 [pool-58-thread-1] INFO  impl.RoleInfo (RoleInfo.java:updateAndGet(143)) - dcc77c7b-1d37-448d-8d57-43d254561693: start FollowerState
2019-09-19 14:04:49,275 [pool-58-thread-1] INFO  util.JmxRegister (JmxRegister.java:tryRegister(44)) - Successfully registered JMX Bean with object name Ratis:service=RaftServer,group=group-109076332BCC,id=dcc77c7b-1d37-448d-8d57-43d254561693
2019-09-19 14:04:49,276 [RatisPipelineUtilsThread] INFO  pipeline.PipelineStateManager (PipelineStateManager.java:addPipeline(56)) - Created pipeline Pipeline[ Id: 0276fbaa-b07d-4afe-a5a8-109076332bcc, Nodes: dcc77c7b-1d37-448d-8d57-43d254561693{ip: 192.168.157.226, host: pr-hdds-1569-swxfz-3172132826, networkLocation: /default-rack, certSerialId: null}, Type:RATIS, Factor:ONE, State:OPEN]
2019-09-19 14:04:49,278 [grpc-default-executor-1] INFO  impl.RaftServerProxy (RaftServerProxy.java:addNew(89)) - dcc77c7b-1d37-448d-8d57-43d254561693: addNew group-50C3A5EEC0EE:[dcc77c7b-1d37-448d-8d57-43d254561693:192.168.157.226:34527] returns group-50C3A5EEC0EE:java.util.concurrent.CompletableFuture@24acfc33[Not completed]
2019-09-19 14:04:49,278 [pool-58-thread-1] INFO  impl.RaftServerImpl (RaftServerImpl.java:<init>(93)) - dcc77c7b-1d37-448d-8d57-43d254561693: new RaftServerImpl for group-50C3A5EEC0EE:[dcc77c7b-1d37-448d-8d57-43d254561693:192.168.157.226:34527] with ContainerStateMachine:uninitialized
2019-09-19 14:04:49,278 [pool-58-thread-1] INFO  server.RaftServerConfigKeys (ConfUtils.java:logGet(43)) - raft.server.rpc.timeout.min = 5s (custom)
2019-09-19 14:04:49,279 [pool-58-thread-1] INFO  server.RaftServerConfigKeys (ConfUtils.java:logGet(43)) - raft.server.rpc.timeout.max = 5200ms (custom)
2019-09-19 14:04:49,279 [pool-58-thread-1] INFO  server.RaftServerConfigKeys (ConfUtils.java:logGet(43)) - raft.server.rpcslowness.timeout = 120s (custom)
2019-09-19 14:04:49,279 [pool-58-thread-1] INFO  server.RaftServerConfigKeys (ConfUtils.java:logGet(43)) - raft.server.sleep.deviation.threshold = 300 (default)
2019-09-19 14:04:49,279 [pool-58-thread-1] INFO  server.RaftServerConfigKeys (ConfUtils.java:logGet(43)) - raft.server.log.appender.install.snapshot.enabled = false (custom)
2019-09-19 14:04:49,279 [pool-58-thread-1] INFO  impl.RaftServerImpl (ServerState.java:<init>(105)) - dcc77c7b-1d37-448d-8d57-43d254561693:group-50C3A5EEC0EE ConfigurationManager, init=-1: [dcc77c7b-1d37-448d-8d57-43d254561693:192.168.157.226:34527], old=null, confs=<EMPTY_MAP>
2019-09-19 14:04:49,279 [pool-58-thread-1] INFO  server.RaftServerConfigKeys (ConfUtils.java:logGet(43)) - raft.server.storage.dir = [/workdir/hadoop-ozone/integration-test/target/test-dir/MiniOzoneClusterImpl-3b2755de-4cfe-4b43-9e0d-73dd8eda8f75/datanode-0/data/ratis] (custom)
2019-09-19 14:04:49,279 [pool-58-thread-1] INFO  storage.RaftStorageDirectory (RaftStorageDirectory.java:analyzeStorage(246)) - The storage directory /workdir/hadoop-ozone/integration-test/target/test-dir/MiniOzoneClusterImpl-3b2755de-4cfe-4b43-9e0d-73dd8eda8f75/datanode-0/data/ratis/30178a6c-f87f-47a2-bd14-50c3a5eec0ee does not exist. Creating ...
2019-09-19 14:04:49,292 [pool-58-thread-1] INFO  storage.RaftStorageDirectory (RaftStorageDirectory.java:tryLock(328)) - Lock on /workdir/hadoop-ozone/integration-test/target/test-dir/MiniOzoneClusterImpl-3b2755de-4cfe-4b43-9e0d-73dd8eda8f75/datanode-0/data/ratis/30178a6c-f87f-47a2-bd14-50c3a5eec0ee/in_use.lock acquired by nodename 30982@pr-hdds-1569-swxfz-3172132826
2019-09-19 14:04:49,304 [pool-58-thread-1] INFO  storage.RaftStorage (RaftStorage.java:format(72)) - Storage directory /workdir/hadoop-ozone/integration-test/target/test-dir/MiniOzoneClusterImpl-3b2755de-4cfe-4b43-9e0d-73dd8eda8f75/datanode-0/data/ratis/30178a6c-f87f-47a2-bd14-50c3a5eec0ee has been successfully formatted.
2019-09-19 14:04:49,304 [pool-58-thread-1] INFO  ratis.ContainerStateMachine (ContainerStateMachine.java:loadSnapshot(226)) - group-50C3A5EEC0EE: The snapshot info is null. Setting the last applied indexto:(t:0, i:~)
2019-09-19 14:04:49,304 [pool-58-thread-1] INFO  server.RaftServerConfigKeys (ConfUtils.java:logGet(43)) - raft.server.leader.election.timeout = 120s (custom)
2019-09-19 14:04:49,304 [pool-58-thread-1] INFO  server.RaftServerConfigKeys (ConfUtils.java:logGet(43)) - raft.server.log.use.memory = false (default)
2019-09-19 14:04:49,305 [pool-58-thread-1] INFO  server.RaftServerConfigKeys (ConfUtils.java:logGet(43)) - raft.server.log.purge.gap = 1000000 (custom)
2019-09-19 14:04:49,305 [pool-58-thread-1] INFO  server.RaftServerConfigKeys (ConfUtils.java:logGet(43)) - raft.server.log.appender.buffer.byte-limit = 33554432 (custom)
2019-09-19 14:04:49,305 [pool-58-thread-1] INFO  server.RaftServerConfigKeys (ConfUtils.java:logGet(43)) - raft.server.log.segment.size.max = 1048576 (custom)
2019-09-19 14:04:49,305 [pool-58-thread-1] INFO  server.RaftServerConfigKeys (ConfUtils.java:logGet(43)) - raft.server.log.segment.cache.num.max = 2 (custom)
2019-09-19 14:04:49,305 [pool-58-thread-1] INFO  segmented.SegmentedRaftLogWorker (SegmentedRaftLogWorker.java:<init>(172)) - new dcc77c7b-1d37-448d-8d57-43d254561693-SegmentedRaftLogWorker:Storage Directory /workdir/hadoop-ozone/integration-test/target/test-dir/MiniOzoneClusterImpl-3b2755de-4cfe-4b43-9e0d-73dd8eda8f75/datanode-0/data/ratis/30178a6c-f87f-47a2-bd14-50c3a5eec0ee for RaftStorage:Storage Directory /workdir/hadoop-ozone/integration-test/target/test-dir/MiniOzoneClusterImpl-3b2755de-4cfe-4b43-9e0d-73dd8eda8f75/datanode-0/data/ratis/30178a6c-f87f-47a2-bd14-50c3a5eec0ee
2019-09-19 14:04:49,305 [pool-58-thread-1] INFO  server.RaftServerConfigKeys (ConfUtils.java:logGet(43)) - raft.server.log.queue.byte-limit = 2147483647 (custom)
2019-09-19 14:04:49,305 [pool-58-thread-1] INFO  server.RaftServerConfigKeys (ConfUtils.java:logGet(43)) - raft.server.log.queue.element-limit = 1024 (custom)
2019-09-19 14:04:49,305 [pool-58-thread-1] INFO  server.RaftServerConfigKeys (ConfUtils.java:logGet(43)) - raft.server.log.segment.size.max = 1048576 (custom)
2019-09-19 14:04:49,305 [pool-58-thread-1] INFO  server.RaftServerConfigKeys (ConfUtils.java:logGet(43)) - raft.server.log.preallocated.size = 16384 (custom)
2019-09-19 14:04:49,305 [pool-58-thread-1] INFO  server.RaftServerConfigKeys (ConfUtils.java:logGet(43)) - raft.server.log.write.buffer.size = 33554432 (custom)
2019-09-19 14:04:49,305 [pool-58-thread-1] INFO  server.RaftServerConfigKeys (ConfUtils.java:logGet(43)) - raft.server.log.force.sync.num = 128 (default)
2019-09-19 14:04:49,305 [pool-58-thread-1] INFO  server.RaftServerConfigKeys (ConfUtils.java:logGet(43)) - raft.server.log.statemachine.data.sync = true (default)
2019-09-19 14:04:49,305 [pool-58-thread-1] INFO  server.RaftServerConfigKeys (ConfUtils.java:logGet(43)) - raft.server.log.statemachine.data.sync.timeout = 10s (default)
2019-09-19 14:04:49,306 [pool-58-thread-1] INFO  server.RaftServerConfigKeys (ConfUtils.java:logGet(43)) - raft.server.log.statemachine.data.sync.timeout.retry = -1 (default)
2019-09-19 14:04:49,306 [pool-58-thread-1] INFO  server.RaftServerConfigKeys (ConfUtils.java:logGet(43)) - raft.server.log.statemachine.data.caching.enabled = true (custom)
2019-09-19 14:04:49,306 [pool-58-thread-1] INFO  segmented.SegmentedRaftLogWorker (SegmentedRaftLogWorker.java:lambda$new$0(132)) - dcc77c7b-1d37-448d-8d57-43d254561693-SegmentedRaftLogWorker:Storage Directory /workdir/hadoop-ozone/integration-test/target/test-dir/MiniOzoneClusterImpl-3b2755de-4cfe-4b43-9e0d-73dd8eda8f75/datanode-0/data/ratis/30178a6c-f87f-47a2-bd14-50c3a5eec0ee: flushIndex: setUnconditionally 0 -> -1
2019-09-19 14:04:49,306 [pool-58-thread-1] INFO  server.RaftServerConfigKeys (ConfUtils.java:logGet(43)) - raft.server.snapshot.auto.trigger.enabled = true (custom)
2019-09-19 14:04:49,306 [pool-58-thread-1] INFO  server.RaftServerConfigKeys (ConfUtils.java:logGet(43)) - raft.server.snapshot.auto.trigger.threshold = 1 (custom)
2019-09-19 14:04:49,306 [pool-58-thread-1] INFO  server.RaftServerConfigKeys (ConfUtils.java:logGet(43)) - raft.server.retrycache.expirytime = 600000ms (custom)
2019-09-19 14:04:49,306 [pool-58-thread-1] INFO  impl.RaftServerImpl (RaftServerImpl.java:start(180)) - dcc77c7b-1d37-448d-8d57-43d254561693: start group-50C3A5EEC0EE
2019-09-19 14:04:49,307 [pool-58-thread-1] INFO  impl.RaftServerImpl (RaftServerImpl.java:setRole(171)) - dcc77c7b-1d37-448d-8d57-43d254561693:group-50C3A5EEC0EE changes role from null to FOLLOWER at term 0 for startAsFollower
2019-09-19 14:04:49,307 [pool-58-thread-1] INFO  impl.RoleInfo (RoleInfo.java:updateAndGet(143)) - dcc77c7b-1d37-448d-8d57-43d254561693: start FollowerState
2019-09-19 14:04:49,307 [pool-58-thread-1] INFO  util.JmxRegister (JmxRegister.java:tryRegister(44)) - Successfully registered JMX Bean with object name Ratis:service=RaftServer,group=group-50C3A5EEC0EE,id=dcc77c7b-1d37-448d-8d57-43d254561693
2019-09-19 14:04:49,308 [RatisPipelineUtilsThread] INFO  pipeline.PipelineStateManager (PipelineStateManager.java:addPipeline(56)) - Created pipeline Pipeline[ Id: 30178a6c-f87f-47a2-bd14-50c3a5eec0ee, Nodes: dcc77c7b-1d37-448d-8d57-43d254561693{ip: 192.168.157.226, host: pr-hdds-1569-swxfz-3172132826, networkLocation: /default-rack, certSerialId: null}, Type:RATIS, Factor:ONE, State:OPEN]
2019-09-19 14:04:49,311 [grpc-default-executor-1] INFO  impl.RaftServerProxy (RaftServerProxy.java:addNew(89)) - dcc77c7b-1d37-448d-8d57-43d254561693: addNew group-E3F8F6998740:[dcc77c7b-1d37-448d-8d57-43d254561693:192.168.157.226:34527] returns group-E3F8F6998740:java.util.concurrent.CompletableFuture@49718039[Not completed]
2019-09-19 14:04:49,311 [pool-58-thread-1] INFO  impl.RaftServerImpl (RaftServerImpl.java:<init>(93)) - dcc77c7b-1d37-448d-8d57-43d254561693: new RaftServerImpl for group-E3F8F6998740:[dcc77c7b-1d37-448d-8d57-43d254561693:192.168.157.226:34527] with ContainerStateMachine:uninitialized
2019-09-19 14:04:49,311 [pool-58-thread-1] INFO  server.RaftServerConfigKeys (ConfUtils.java:logGet(43)) - raft.server.rpc.timeout.min = 5s (custom)
2019-09-19 14:04:49,311 [pool-58-thread-1] INFO  server.RaftServerConfigKeys (ConfUtils.java:logGet(43)) - raft.server.rpc.timeout.max = 5200ms (custom)
2019-09-19 14:04:49,312 [pool-58-thread-1] INFO  server.RaftServerConfigKeys (ConfUtils.java:logGet(43)) - raft.server.rpcslowness.timeout = 120s (custom)
2019-09-19 14:04:49,312 [pool-58-thread-1] INFO  server.RaftServerConfigKeys (ConfUtils.java:logGet(43)) - raft.server.sleep.deviation.threshold = 300 (default)
2019-09-19 14:04:49,312 [pool-58-thread-1] INFO  server.RaftServerConfigKeys (ConfUtils.java:logGet(43)) - raft.server.log.appender.install.snapshot.enabled = false (custom)
2019-09-19 14:04:49,312 [pool-58-thread-1] INFO  impl.RaftServerImpl (ServerState.java:<init>(105)) - dcc77c7b-1d37-448d-8d57-43d254561693:group-E3F8F6998740 ConfigurationManager, init=-1: [dcc77c7b-1d37-448d-8d57-43d254561693:192.168.157.226:34527], old=null, confs=<EMPTY_MAP>
2019-09-19 14:04:49,312 [pool-58-thread-1] INFO  server.RaftServerConfigKeys (ConfUtils.java:logGet(43)) - raft.server.storage.dir = [/workdir/hadoop-ozone/integration-test/target/test-dir/MiniOzoneClusterImpl-3b2755de-4cfe-4b43-9e0d-73dd8eda8f75/datanode-0/data/ratis] (custom)
2019-09-19 14:04:49,312 [pool-58-thread-1] INFO  storage.RaftStorageDirectory (RaftStorageDirectory.java:analyzeStorage(246)) - The storage directory /workdir/hadoop-ozone/integration-test/target/test-dir/MiniOzoneClusterImpl-3b2755de-4cfe-4b43-9e0d-73dd8eda8f75/datanode-0/data/ratis/b7afad60-d026-4b6a-a166-e3f8f6998740 does not exist. Creating ...
2019-09-19 14:04:49,324 [pool-58-thread-1] INFO  storage.RaftStorageDirectory (RaftStorageDirectory.java:tryLock(328)) - Lock on /workdir/hadoop-ozone/integration-test/target/test-dir/MiniOzoneClusterImpl-3b2755de-4cfe-4b43-9e0d-73dd8eda8f75/datanode-0/data/ratis/b7afad60-d026-4b6a-a166-e3f8f6998740/in_use.lock acquired by nodename 30982@pr-hdds-1569-swxfz-3172132826
2019-09-19 14:04:49,337 [pool-58-thread-1] INFO  storage.RaftStorage (RaftStorage.java:format(72)) - Storage directory /workdir/hadoop-ozone/integration-test/target/test-dir/MiniOzoneClusterImpl-3b2755de-4cfe-4b43-9e0d-73dd8eda8f75/datanode-0/data/ratis/b7afad60-d026-4b6a-a166-e3f8f6998740 has been successfully formatted.
2019-09-19 14:04:49,337 [pool-58-thread-1] INFO  ratis.ContainerStateMachine (ContainerStateMachine.java:loadSnapshot(226)) - group-E3F8F6998740: The snapshot info is null. Setting the last applied indexto:(t:0, i:~)
2019-09-19 14:04:49,337 [pool-58-thread-1] INFO  server.RaftServerConfigKeys (ConfUtils.java:logGet(43)) - raft.server.leader.election.timeout = 120s (custom)
2019-09-19 14:04:49,337 [pool-58-thread-1] INFO  server.RaftServerConfigKeys (ConfUtils.java:logGet(43)) - raft.server.log.use.memory = false (default)
2019-09-19 14:04:49,337 [pool-58-thread-1] INFO  server.RaftServerConfigKeys (ConfUtils.java:logGet(43)) - raft.server.log.purge.gap = 1000000 (custom)
2019-09-19 14:04:49,337 [pool-58-thread-1] INFO  server.RaftServerConfigKeys (ConfUtils.java:logGet(43)) - raft.server.log.appender.buffer.byte-limit = 33554432 (custom)
2019-09-19 14:04:49,337 [pool-58-thread-1] INFO  server.RaftServerConfigKeys (ConfUtils.java:logGet(43)) - raft.server.log.segment.size.max = 1048576 (custom)
2019-09-19 14:04:49,337 [pool-58-thread-1] INFO  server.RaftServerConfigKeys (ConfUtils.java:logGet(43)) - raft.server.log.segment.cache.num.max = 2 (custom)
2019-09-19 14:04:49,338 [pool-58-thread-1] INFO  segmented.SegmentedRaftLogWorker (SegmentedRaftLogWorker.java:<init>(172)) - new dcc77c7b-1d37-448d-8d57-43d254561693-SegmentedRaftLogWorker:Storage Directory /workdir/hadoop-ozone/integration-test/target/test-dir/MiniOzoneClusterImpl-3b2755de-4cfe-4b43-9e0d-73dd8eda8f75/datanode-0/data/ratis/b7afad60-d026-4b6a-a166-e3f8f6998740 for RaftStorage:Storage Directory /workdir/hadoop-ozone/integration-test/target/test-dir/MiniOzoneClusterImpl-3b2755de-4cfe-4b43-9e0d-73dd8eda8f75/datanode-0/data/ratis/b7afad60-d026-4b6a-a166-e3f8f6998740
2019-09-19 14:04:49,338 [pool-58-thread-1] INFO  server.RaftServerConfigKeys (ConfUtils.java:logGet(43)) - raft.server.log.queue.byte-limit = 2147483647 (custom)
2019-09-19 14:04:49,338 [pool-58-thread-1] INFO  server.RaftServerConfigKeys (ConfUtils.java:logGet(43)) - raft.server.log.queue.element-limit = 1024 (custom)
2019-09-19 14:04:49,338 [pool-58-thread-1] INFO  server.RaftServerConfigKeys (ConfUtils.java:logGet(43)) - raft.server.log.segment.size.max = 1048576 (custom)
2019-09-19 14:04:49,338 [pool-58-thread-1] INFO  server.RaftServerConfigKeys (ConfUtils.java:logGet(43)) - raft.server.log.preallocated.size = 16384 (custom)
2019-09-19 14:04:49,338 [pool-58-thread-1] INFO  server.RaftServerConfigKeys (ConfUtils.java:logGet(43)) - raft.server.log.write.buffer.size = 33554432 (custom)
2019-09-19 14:04:49,338 [pool-58-thread-1] INFO  server.RaftServerConfigKeys (ConfUtils.java:logGet(43)) - raft.server.log.force.sync.num = 128 (default)
2019-09-19 14:04:49,338 [pool-58-thread-1] INFO  server.RaftServerConfigKeys (ConfUtils.java:logGet(43)) - raft.server.log.statemachine.data.sync = true (default)
2019-09-19 14:04:49,338 [pool-58-thread-1] INFO  server.RaftServerConfigKeys (ConfUtils.java:logGet(43)) - raft.server.log.statemachine.data.sync.timeout = 10s (default)
2019-09-19 14:04:49,338 [pool-58-thread-1] INFO  server.RaftServerConfigKeys (ConfUtils.java:logGet(43)) - raft.server.log.statemachine.data.sync.timeout.retry = -1 (default)
2019-09-19 14:04:49,338 [pool-58-thread-1] INFO  server.RaftServerConfigKeys (ConfUtils.java:logGet(43)) - raft.server.log.statemachine.data.caching.enabled = true (custom)
2019-09-19 14:04:49,339 [pool-58-thread-1] INFO  segmented.SegmentedRaftLogWorker (SegmentedRaftLogWorker.java:lambda$new$0(132)) - dcc77c7b-1d37-448d-8d57-43d254561693-SegmentedRaftLogWorker:Storage Directory /workdir/hadoop-ozone/integration-test/target/test-dir/MiniOzoneClusterImpl-3b2755de-4cfe-4b43-9e0d-73dd8eda8f75/datanode-0/data/ratis/b7afad60-d026-4b6a-a166-e3f8f6998740: flushIndex: setUnconditionally 0 -> -1
2019-09-19 14:04:49,339 [pool-58-thread-1] INFO  server.RaftServerConfigKeys (ConfUtils.java:logGet(43)) - raft.server.snapshot.auto.trigger.enabled = true (custom)
2019-09-19 14:04:49,339 [pool-58-thread-1] INFO  server.RaftServerConfigKeys (ConfUtils.java:logGet(43)) - raft.server.snapshot.auto.trigger.threshold = 1 (custom)
2019-09-19 14:04:49,339 [pool-58-thread-1] INFO  server.RaftServerConfigKeys (ConfUtils.java:logGet(43)) - raft.server.retrycache.expirytime = 600000ms (custom)
2019-09-19 14:04:49,339 [pool-58-thread-1] INFO  impl.RaftServerImpl (RaftServerImpl.java:start(180)) - dcc77c7b-1d37-448d-8d57-43d254561693: start group-E3F8F6998740
2019-09-19 14:04:49,339 [pool-58-thread-1] INFO  impl.RaftServerImpl (RaftServerImpl.java:setRole(171)) - dcc77c7b-1d37-448d-8d57-43d254561693:group-E3F8F6998740 changes role from null to FOLLOWER at term 0 for startAsFollower
2019-09-19 14:04:49,339 [pool-58-thread-1] INFO  impl.RoleInfo (RoleInfo.java:updateAndGet(143)) - dcc77c7b-1d37-448d-8d57-43d254561693: start FollowerState
2019-09-19 14:04:49,340 [pool-58-thread-1] INFO  util.JmxRegister (JmxRegister.java:tryRegister(44)) - Successfully registered JMX Bean with object name Ratis:service=RaftServer,group=group-E3F8F6998740,id=dcc77c7b-1d37-448d-8d57-43d254561693
2019-09-19 14:04:49,341 [RatisPipelineUtilsThread] INFO  pipeline.PipelineStateManager (PipelineStateManager.java:addPipeline(56)) - Created pipeline Pipeline[ Id: b7afad60-d026-4b6a-a166-e3f8f6998740, Nodes: dcc77c7b-1d37-448d-8d57-43d254561693{ip: 192.168.157.226, host: pr-hdds-1569-swxfz-3172132826, networkLocation: /default-rack, certSerialId: null}, Type:RATIS, Factor:ONE, State:OPEN]
2019-09-19 14:04:49,344 [grpc-default-executor-1] INFO  impl.RaftServerProxy (RaftServerProxy.java:addNew(89)) - dcc77c7b-1d37-448d-8d57-43d254561693: addNew group-D116783189BC:[dcc77c7b-1d37-448d-8d57-43d254561693:192.168.157.226:34527] returns group-D116783189BC:java.util.concurrent.CompletableFuture@64701e1a[Not completed]
2019-09-19 14:04:49,344 [pool-58-thread-1] INFO  impl.RaftServerImpl (RaftServerImpl.java:<init>(93)) - dcc77c7b-1d37-448d-8d57-43d254561693: new RaftServerImpl for group-D116783189BC:[dcc77c7b-1d37-448d-8d57-43d254561693:192.168.157.226:34527] with ContainerStateMachine:uninitialized
2019-09-19 14:04:49,344 [pool-58-thread-1] INFO  server.RaftServerConfigKeys (ConfUtils.java:logGet(43)) - raft.server.rpc.timeout.min = 5s (custom)
2019-09-19 14:04:49,344 [pool-58-thread-1] INFO  server.RaftServerConfigKeys (ConfUtils.java:logGet(43)) - raft.server.rpc.timeout.max = 5200ms (custom)
2019-09-19 14:04:49,344 [pool-58-thread-1] INFO  server.RaftServerConfigKeys (ConfUtils.java:logGet(43)) - raft.server.rpcslowness.timeout = 120s (custom)
2019-09-19 14:04:49,344 [pool-58-thread-1] INFO  server.RaftServerConfigKeys (ConfUtils.java:logGet(43)) - raft.server.sleep.deviation.threshold = 300 (default)
2019-09-19 14:04:49,344 [pool-58-thread-1] INFO  server.RaftServerConfigKeys (ConfUtils.java:logGet(43)) - raft.server.log.appender.install.snapshot.enabled = false (custom)
2019-09-19 14:04:49,344 [pool-58-thread-1] INFO  impl.RaftServerImpl (ServerState.java:<init>(105)) - dcc77c7b-1d37-448d-8d57-43d254561693:group-D116783189BC ConfigurationManager, init=-1: [dcc77c7b-1d37-448d-8d57-43d254561693:192.168.157.226:34527], old=null, confs=<EMPTY_MAP>
2019-09-19 14:04:49,345 [pool-58-thread-1] INFO  server.RaftServerConfigKeys (ConfUtils.java:logGet(43)) - raft.server.storage.dir = [/workdir/hadoop-ozone/integration-test/target/test-dir/MiniOzoneClusterImpl-3b2755de-4cfe-4b43-9e0d-73dd8eda8f75/datanode-0/data/ratis] (custom)
2019-09-19 14:04:49,345 [pool-58-thread-1] INFO  storage.RaftStorageDirectory (RaftStorageDirectory.java:analyzeStorage(246)) - The storage directory /workdir/hadoop-ozone/integration-test/target/test-dir/MiniOzoneClusterImpl-3b2755de-4cfe-4b43-9e0d-73dd8eda8f75/datanode-0/data/ratis/23229aad-eb16-4ba0-963d-d116783189bc does not exist. Creating ...
2019-09-19 14:04:49,357 [pool-58-thread-1] INFO  storage.RaftStorageDirectory (RaftStorageDirectory.java:tryLock(328)) - Lock on /workdir/hadoop-ozone/integration-test/target/test-dir/MiniOzoneClusterImpl-3b2755de-4cfe-4b43-9e0d-73dd8eda8f75/datanode-0/data/ratis/23229aad-eb16-4ba0-963d-d116783189bc/in_use.lock acquired by nodename 30982@pr-hdds-1569-swxfz-3172132826
2019-09-19 14:04:49,360 [pool-58-thread-1] INFO  storage.RaftStorage (RaftStorage.java:format(72)) - Storage directory /workdir/hadoop-ozone/integration-test/target/test-dir/MiniOzoneClusterImpl-3b2755de-4cfe-4b43-9e0d-73dd8eda8f75/datanode-0/data/ratis/23229aad-eb16-4ba0-963d-d116783189bc has been successfully formatted.
2019-09-19 14:04:49,361 [pool-58-thread-1] INFO  ratis.ContainerStateMachine (ContainerStateMachine.java:loadSnapshot(226)) - group-D116783189BC: The snapshot info is null. Setting the last applied indexto:(t:0, i:~)
2019-09-19 14:04:49,361 [pool-58-thread-1] INFO  server.RaftServerConfigKeys (ConfUtils.java:logGet(43)) - raft.server.leader.election.timeout = 120s (custom)
2019-09-19 14:04:49,361 [pool-58-thread-1] INFO  server.RaftServerConfigKeys (ConfUtils.java:logGet(43)) - raft.server.log.use.memory = false (default)
2019-09-19 14:04:49,361 [pool-58-thread-1] INFO  server.RaftServerConfigKeys (ConfUtils.java:logGet(43)) - raft.server.log.purge.gap = 1000000 (custom)
2019-09-19 14:04:49,361 [pool-58-thread-1] INFO  server.RaftServerConfigKeys (ConfUtils.java:logGet(43)) - raft.server.log.appender.buffer.byte-limit = 33554432 (custom)
2019-09-19 14:04:49,361 [pool-58-thread-1] INFO  server.RaftServerConfigKeys (ConfUtils.java:logGet(43)) - raft.server.log.segment.size.max = 1048576 (custom)
2019-09-19 14:04:49,361 [pool-58-thread-1] INFO  server.RaftServerConfigKeys (ConfUtils.java:logGet(43)) - raft.server.log.segment.cache.num.max = 2 (custom)
2019-09-19 14:04:49,361 [pool-58-thread-1] INFO  segmented.SegmentedRaftLogWorker (SegmentedRaftLogWorker.java:<init>(172)) - new dcc77c7b-1d37-448d-8d57-43d254561693-SegmentedRaftLogWorker:Storage Directory /workdir/hadoop-ozone/integration-test/target/test-dir/MiniOzoneClusterImpl-3b2755de-4cfe-4b43-9e0d-73dd8eda8f75/datanode-0/data/ratis/23229aad-eb16-4ba0-963d-d116783189bc for RaftStorage:Storage Directory /workdir/hadoop-ozone/integration-test/target/test-dir/MiniOzoneClusterImpl-3b2755de-4cfe-4b43-9e0d-73dd8eda8f75/datanode-0/data/ratis/23229aad-eb16-4ba0-963d-d116783189bc
2019-09-19 14:04:49,361 [pool-58-thread-1] INFO  server.RaftServerConfigKeys (ConfUtils.java:logGet(43)) - raft.server.log.queue.byte-limit = 2147483647 (custom)
2019-09-19 14:04:49,361 [pool-58-thread-1] INFO  server.RaftServerConfigKeys (ConfUtils.java:logGet(43)) - raft.server.log.queue.element-limit = 1024 (custom)
2019-09-19 14:04:49,361 [pool-58-thread-1] INFO  server.RaftServerConfigKeys (ConfUtils.java:logGet(43)) - raft.server.log.segment.size.max = 1048576 (custom)
2019-09-19 14:04:49,361 [pool-58-thread-1] INFO  server.RaftServerConfigKeys (ConfUtils.java:logGet(43)) - raft.server.log.preallocated.size = 16384 (custom)
2019-09-19 14:04:49,362 [pool-58-thread-1] INFO  server.RaftServerConfigKeys (ConfUtils.java:logGet(43)) - raft.server.log.write.buffer.size = 33554432 (custom)
2019-09-19 14:04:49,362 [pool-58-thread-1] INFO  server.RaftServerConfigKeys (ConfUtils.java:logGet(43)) - raft.server.log.force.sync.num = 128 (default)
2019-09-19 14:04:49,362 [pool-58-thread-1] INFO  server.RaftServerConfigKeys (ConfUtils.java:logGet(43)) - raft.server.log.statemachine.data.sync = true (default)
2019-09-19 14:04:49,362 [pool-58-thread-1] INFO  server.RaftServerConfigKeys (ConfUtils.java:logGet(43)) - raft.server.log.statemachine.data.sync.timeout = 10s (default)
2019-09-19 14:04:49,362 [pool-58-thread-1] INFO  server.RaftServerConfigKeys (ConfUtils.java:logGet(43)) - raft.server.log.statemachine.data.sync.timeout.retry = -1 (default)
2019-09-19 14:04:49,362 [pool-58-thread-1] INFO  server.RaftServerConfigKeys (ConfUtils.java:logGet(43)) - raft.server.log.statemachine.data.caching.enabled = true (custom)
2019-09-19 14:04:49,362 [pool-58-thread-1] INFO  segmented.SegmentedRaftLogWorker (SegmentedRaftLogWorker.java:lambda$new$0(132)) - dcc77c7b-1d37-448d-8d57-43d254561693-SegmentedRaftLogWorker:Storage Directory /workdir/hadoop-ozone/integration-test/target/test-dir/MiniOzoneClusterImpl-3b2755de-4cfe-4b43-9e0d-73dd8eda8f75/datanode-0/data/ratis/23229aad-eb16-4ba0-963d-d116783189bc: flushIndex: setUnconditionally 0 -> -1
2019-09-19 14:04:49,362 [pool-58-thread-1] INFO  server.RaftServerConfigKeys (ConfUtils.java:logGet(43)) - raft.server.snapshot.auto.trigger.enabled = true (custom)
2019-09-19 14:04:49,362 [pool-58-thread-1] INFO  server.RaftServerConfigKeys (ConfUtils.java:logGet(43)) - raft.server.snapshot.auto.trigger.threshold = 1 (custom)
2019-09-19 14:04:49,362 [pool-58-thread-1] INFO  server.RaftServerConfigKeys (ConfUtils.java:logGet(43)) - raft.server.retrycache.expirytime = 600000ms (custom)
2019-09-19 14:04:49,362 [pool-58-thread-1] INFO  impl.RaftServerImpl (RaftServerImpl.java:start(180)) - dcc77c7b-1d37-448d-8d57-43d254561693: start group-D116783189BC
2019-09-19 14:04:49,363 [pool-58-thread-1] INFO  impl.RaftServerImpl (RaftServerImpl.java:setRole(171)) - dcc77c7b-1d37-448d-8d57-43d254561693:group-D116783189BC changes role from null to FOLLOWER at term 0 for startAsFollower
2019-09-19 14:04:49,363 [pool-58-thread-1] INFO  impl.RoleInfo (RoleInfo.java:updateAndGet(143)) - dcc77c7b-1d37-448d-8d57-43d254561693: start FollowerState
2019-09-19 14:04:49,363 [pool-58-thread-1] INFO  util.JmxRegister (JmxRegister.java:tryRegister(44)) - Successfully registered JMX Bean with object name Ratis:service=RaftServer,group=group-D116783189BC,id=dcc77c7b-1d37-448d-8d57-43d254561693
2019-09-19 14:04:49,364 [RatisPipelineUtilsThread] INFO  pipeline.PipelineStateManager (PipelineStateManager.java:addPipeline(56)) - Created pipeline Pipeline[ Id: 23229aad-eb16-4ba0-963d-d116783189bc, Nodes: dcc77c7b-1d37-448d-8d57-43d254561693{ip: 192.168.157.226, host: pr-hdds-1569-swxfz-3172132826, networkLocation: /default-rack, certSerialId: null}, Type:RATIS, Factor:ONE, State:OPEN]
2019-09-19 14:04:49,367 [grpc-default-executor-1] INFO  impl.RaftServerProxy (RaftServerProxy.java:addNew(89)) - dcc77c7b-1d37-448d-8d57-43d254561693: addNew group-C3E1E6A08425:[dcc77c7b-1d37-448d-8d57-43d254561693:192.168.157.226:34527] returns group-C3E1E6A08425:java.util.concurrent.CompletableFuture@39193764[Not completed]
2019-09-19 14:04:49,367 [pool-58-thread-1] INFO  impl.RaftServerImpl (RaftServerImpl.java:<init>(93)) - dcc77c7b-1d37-448d-8d57-43d254561693: new RaftServerImpl for group-C3E1E6A08425:[dcc77c7b-1d37-448d-8d57-43d254561693:192.168.157.226:34527] with ContainerStateMachine:uninitialized
2019-09-19 14:04:49,367 [pool-58-thread-1] INFO  server.RaftServerConfigKeys (ConfUtils.java:logGet(43)) - raft.server.rpc.timeout.min = 5s (custom)
2019-09-19 14:04:49,367 [pool-58-thread-1] INFO  server.RaftServerConfigKeys (ConfUtils.java:logGet(43)) - raft.server.rpc.timeout.max = 5200ms (custom)
2019-09-19 14:04:49,367 [pool-58-thread-1] INFO  server.RaftServerConfigKeys (ConfUtils.java:logGet(43)) - raft.server.rpcslowness.timeout = 120s (custom)
2019-09-19 14:04:49,367 [pool-58-thread-1] INFO  server.RaftServerConfigKeys (ConfUtils.java:logGet(43)) - raft.server.sleep.deviation.threshold = 300 (default)
2019-09-19 14:04:49,367 [pool-58-thread-1] INFO  server.RaftServerConfigKeys (ConfUtils.java:logGet(43)) - raft.server.log.appender.install.snapshot.enabled = false (custom)
2019-09-19 14:04:49,368 [pool-58-thread-1] INFO  impl.RaftServerImpl (ServerState.java:<init>(105)) - dcc77c7b-1d37-448d-8d57-43d254561693:group-C3E1E6A08425 ConfigurationManager, init=-1: [dcc77c7b-1d37-448d-8d57-43d254561693:192.168.157.226:34527], old=null, confs=<EMPTY_MAP>
2019-09-19 14:04:49,368 [pool-58-thread-1] INFO  server.RaftServerConfigKeys (ConfUtils.java:logGet(43)) - raft.server.storage.dir = [/workdir/hadoop-ozone/integration-test/target/test-dir/MiniOzoneClusterImpl-3b2755de-4cfe-4b43-9e0d-73dd8eda8f75/datanode-0/data/ratis] (custom)
2019-09-19 14:04:49,368 [pool-58-thread-1] INFO  storage.RaftStorageDirectory (RaftStorageDirectory.java:analyzeStorage(246)) - The storage directory /workdir/hadoop-ozone/integration-test/target/test-dir/MiniOzoneClusterImpl-3b2755de-4cfe-4b43-9e0d-73dd8eda8f75/datanode-0/data/ratis/7f4197b5-5912-4169-8d0a-c3e1e6a08425 does not exist. Creating ...
2019-09-19 14:04:49,371 [pool-58-thread-1] INFO  storage.RaftStorageDirectory (RaftStorageDirectory.java:tryLock(328)) - Lock on /workdir/hadoop-ozone/integration-test/target/test-dir/MiniOzoneClusterImpl-3b2755de-4cfe-4b43-9e0d-73dd8eda8f75/datanode-0/data/ratis/7f4197b5-5912-4169-8d0a-c3e1e6a08425/in_use.lock acquired by nodename 30982@pr-hdds-1569-swxfz-3172132826
2019-09-19 14:04:49,374 [pool-58-thread-1] INFO  storage.RaftStorage (RaftStorage.java:format(72)) - Storage directory /workdir/hadoop-ozone/integration-test/target/test-dir/MiniOzoneClusterImpl-3b2755de-4cfe-4b43-9e0d-73dd8eda8f75/datanode-0/data/ratis/7f4197b5-5912-4169-8d0a-c3e1e6a08425 has been successfully formatted.
2019-09-19 14:04:49,374 [pool-58-thread-1] INFO  ratis.ContainerStateMachine (ContainerStateMachine.java:loadSnapshot(226)) - group-C3E1E6A08425: The snapshot info is null. Setting the last applied indexto:(t:0, i:~)
2019-09-19 14:04:49,374 [pool-58-thread-1] INFO  server.RaftServerConfigKeys (ConfUtils.java:logGet(43)) - raft.server.leader.election.timeout = 120s (custom)
2019-09-19 14:04:49,374 [pool-58-thread-1] INFO  server.RaftServerConfigKeys (ConfUtils.java:logGet(43)) - raft.server.log.use.memory = false (default)
2019-09-19 14:04:49,374 [pool-58-thread-1] INFO  server.RaftServerConfigKeys (ConfUtils.java:logGet(43)) - raft.server.log.purge.gap = 1000000 (custom)
2019-09-19 14:04:49,374 [pool-58-thread-1] INFO  server.RaftServerConfigKeys (ConfUtils.java:logGet(43)) - raft.server.log.appender.buffer.byte-limit = 33554432 (custom)
2019-09-19 14:04:49,374 [pool-58-thread-1] INFO  server.RaftServerConfigKeys (ConfUtils.java:logGet(43)) - raft.server.log.segment.size.max = 1048576 (custom)
2019-09-19 14:04:49,374 [pool-58-thread-1] INFO  server.RaftServerConfigKeys (ConfUtils.java:logGet(43)) - raft.server.log.segment.cache.num.max = 2 (custom)
2019-09-19 14:04:49,374 [pool-58-thread-1] INFO  segmented.SegmentedRaftLogWorker (SegmentedRaftLogWorker.java:<init>(172)) - new dcc77c7b-1d37-448d-8d57-43d254561693-SegmentedRaftLogWorker:Storage Directory /workdir/hadoop-ozone/integration-test/target/test-dir/MiniOzoneClusterImpl-3b2755de-4cfe-4b43-9e0d-73dd8eda8f75/datanode-0/data/ratis/7f4197b5-5912-4169-8d0a-c3e1e6a08425 for RaftStorage:Storage Directory /workdir/hadoop-ozone/integration-test/target/test-dir/MiniOzoneClusterImpl-3b2755de-4cfe-4b43-9e0d-73dd8eda8f75/datanode-0/data/ratis/7f4197b5-5912-4169-8d0a-c3e1e6a08425
2019-09-19 14:04:49,374 [pool-58-thread-1] INFO  server.RaftServerConfigKeys (ConfUtils.java:logGet(43)) - raft.server.log.queue.byte-limit = 2147483647 (custom)
2019-09-19 14:04:49,375 [pool-58-thread-1] INFO  server.RaftServerConfigKeys (ConfUtils.java:logGet(43)) - raft.server.log.queue.element-limit = 1024 (custom)
2019-09-19 14:04:49,375 [pool-58-thread-1] INFO  server.RaftServerConfigKeys (ConfUtils.java:logGet(43)) - raft.server.log.segment.size.max = 1048576 (custom)
2019-09-19 14:04:49,375 [pool-58-thread-1] INFO  server.RaftServerConfigKeys (ConfUtils.java:logGet(43)) - raft.server.log.preallocated.size = 16384 (custom)
2019-09-19 14:04:49,375 [pool-58-thread-1] INFO  server.RaftServerConfigKeys (ConfUtils.java:logGet(43)) - raft.server.log.write.buffer.size = 33554432 (custom)
2019-09-19 14:04:49,375 [pool-58-thread-1] INFO  server.RaftServerConfigKeys (ConfUtils.java:logGet(43)) - raft.server.log.force.sync.num = 128 (default)
2019-09-19 14:04:49,375 [pool-58-thread-1] INFO  server.RaftServerConfigKeys (ConfUtils.java:logGet(43)) - raft.server.log.statemachine.data.sync = true (default)
2019-09-19 14:04:49,375 [pool-58-thread-1] INFO  server.RaftServerConfigKeys (ConfUtils.java:logGet(43)) - raft.server.log.statemachine.data.sync.timeout = 10s (default)
2019-09-19 14:04:49,375 [pool-58-thread-1] INFO  server.RaftServerConfigKeys (ConfUtils.java:logGet(43)) - raft.server.log.statemachine.data.sync.timeout.retry = -1 (default)
2019-09-19 14:04:49,375 [pool-58-thread-1] INFO  server.RaftServerConfigKeys (ConfUtils.java:logGet(43)) - raft.server.log.statemachine.data.caching.enabled = true (custom)
2019-09-19 14:04:49,375 [pool-58-thread-1] INFO  segmented.SegmentedRaftLogWorker (SegmentedRaftLogWorker.java:lambda$new$0(132)) - dcc77c7b-1d37-448d-8d57-43d254561693-SegmentedRaftLogWorker:Storage Directory /workdir/hadoop-ozone/integration-test/target/test-dir/MiniOzoneClusterImpl-3b2755de-4cfe-4b43-9e0d-73dd8eda8f75/datanode-0/data/ratis/7f4197b5-5912-4169-8d0a-c3e1e6a08425: flushIndex: setUnconditionally 0 -> -1
2019-09-19 14:04:49,376 [pool-58-thread-1] INFO  server.RaftServerConfigKeys (ConfUtils.java:logGet(43)) - raft.server.snapshot.auto.trigger.enabled = true (custom)
2019-09-19 14:04:49,376 [pool-58-thread-1] INFO  server.RaftServerConfigKeys (ConfUtils.java:logGet(43)) - raft.server.snapshot.auto.trigger.threshold = 1 (custom)
2019-09-19 14:04:49,376 [pool-58-thread-1] INFO  server.RaftServerConfigKeys (ConfUtils.java:logGet(43)) - raft.server.retrycache.expirytime = 600000ms (custom)
2019-09-19 14:04:49,376 [pool-58-thread-1] INFO  impl.RaftServerImpl (RaftServerImpl.java:start(180)) - dcc77c7b-1d37-448d-8d57-43d254561693: start group-C3E1E6A08425
2019-09-19 14:04:49,376 [pool-58-thread-1] INFO  impl.RaftServerImpl (RaftServerImpl.java:setRole(171)) - dcc77c7b-1d37-448d-8d57-43d254561693:group-C3E1E6A08425 changes role from null to FOLLOWER at term 0 for startAsFollower
2019-09-19 14:04:49,376 [pool-58-thread-1] INFO  impl.RoleInfo (RoleInfo.java:updateAndGet(143)) - dcc77c7b-1d37-448d-8d57-43d254561693: start FollowerState
2019-09-19 14:04:49,376 [pool-58-thread-1] INFO  util.JmxRegister (JmxRegister.java:tryRegister(44)) - Successfully registered JMX Bean with object name Ratis:service=RaftServer,group=group-C3E1E6A08425,id=dcc77c7b-1d37-448d-8d57-43d254561693
2019-09-19 14:04:49,378 [RatisPipelineUtilsThread] INFO  pipeline.PipelineStateManager (PipelineStateManager.java:addPipeline(56)) - Created pipeline Pipeline[ Id: 7f4197b5-5912-4169-8d0a-c3e1e6a08425, Nodes: dcc77c7b-1d37-448d-8d57-43d254561693{ip: 192.168.157.226, host: pr-hdds-1569-swxfz-3172132826, networkLocation: /default-rack, certSerialId: null}, Type:RATIS, Factor:ONE, State:OPEN]
2019-09-19 14:04:49,380 [grpc-default-executor-1] INFO  impl.RaftServerProxy (RaftServerProxy.java:addNew(89)) - dcc77c7b-1d37-448d-8d57-43d254561693: addNew group-37BC69129D7F:[dcc77c7b-1d37-448d-8d57-43d254561693:192.168.157.226:34527] returns group-37BC69129D7F:java.util.concurrent.CompletableFuture@bc82367[Not completed]
2019-09-19 14:04:49,383 [pool-58-thread-1] INFO  impl.RaftServerImpl (RaftServerImpl.java:<init>(93)) - dcc77c7b-1d37-448d-8d57-43d254561693: new RaftServerImpl for group-37BC69129D7F:[dcc77c7b-1d37-448d-8d57-43d254561693:192.168.157.226:34527] with ContainerStateMachine:uninitialized
2019-09-19 14:04:49,383 [pool-58-thread-1] INFO  server.RaftServerConfigKeys (ConfUtils.java:logGet(43)) - raft.server.rpc.timeout.min = 5s (custom)
2019-09-19 14:04:49,383 [pool-58-thread-1] INFO  server.RaftServerConfigKeys (ConfUtils.java:logGet(43)) - raft.server.rpc.timeout.max = 5200ms (custom)
2019-09-19 14:04:49,383 [pool-58-thread-1] INFO  server.RaftServerConfigKeys (ConfUtils.java:logGet(43)) - raft.server.rpcslowness.timeout = 120s (custom)
2019-09-19 14:04:49,383 [pool-58-thread-1] INFO  server.RaftServerConfigKeys (ConfUtils.java:logGet(43)) - raft.server.sleep.deviation.threshold = 300 (default)
2019-09-19 14:04:49,384 [pool-58-thread-1] INFO  server.RaftServerConfigKeys (ConfUtils.java:logGet(43)) - raft.server.log.appender.install.snapshot.enabled = false (custom)
2019-09-19 14:04:49,384 [pool-58-thread-1] INFO  impl.RaftServerImpl (ServerState.java:<init>(105)) - dcc77c7b-1d37-448d-8d57-43d254561693:group-37BC69129D7F ConfigurationManager, init=-1: [dcc77c7b-1d37-448d-8d57-43d254561693:192.168.157.226:34527], old=null, confs=<EMPTY_MAP>
2019-09-19 14:04:49,384 [pool-58-thread-1] INFO  server.RaftServerConfigKeys (ConfUtils.java:logGet(43)) - raft.server.storage.dir = [/workdir/hadoop-ozone/integration-test/target/test-dir/MiniOzoneClusterImpl-3b2755de-4cfe-4b43-9e0d-73dd8eda8f75/datanode-0/data/ratis] (custom)
2019-09-19 14:04:49,384 [pool-58-thread-1] INFO  storage.RaftStorageDirectory (RaftStorageDirectory.java:analyzeStorage(246)) - The storage directory /workdir/hadoop-ozone/integration-test/target/test-dir/MiniOzoneClusterImpl-3b2755de-4cfe-4b43-9e0d-73dd8eda8f75/datanode-0/data/ratis/749fb6bc-5de8-4abf-b64f-37bc69129d7f does not exist. Creating ...
2019-09-19 14:04:49,387 | INFO  | SCMAudit | user=jenkins1000 | ip=192.168.157.226 | op=SEND_HEARTBEAT {datanodeUUID=dcc77c7b-1d37-448d-8d57-43d254561693, command=[]} | ret=SUCCESS |  
2019-09-19 14:04:49,393 [pool-58-thread-1] INFO  storage.RaftStorageDirectory (RaftStorageDirectory.java:tryLock(328)) - Lock on /workdir/hadoop-ozone/integration-test/target/test-dir/MiniOzoneClusterImpl-3b2755de-4cfe-4b43-9e0d-73dd8eda8f75/datanode-0/data/ratis/749fb6bc-5de8-4abf-b64f-37bc69129d7f/in_use.lock acquired by nodename 30982@pr-hdds-1569-swxfz-3172132826
2019-09-19 14:04:49,406 [pool-58-thread-1] INFO  storage.RaftStorage (RaftStorage.java:format(72)) - Storage directory /workdir/hadoop-ozone/integration-test/target/test-dir/MiniOzoneClusterImpl-3b2755de-4cfe-4b43-9e0d-73dd8eda8f75/datanode-0/data/ratis/749fb6bc-5de8-4abf-b64f-37bc69129d7f has been successfully formatted.
2019-09-19 14:04:49,406 [pool-58-thread-1] INFO  ratis.ContainerStateMachine (ContainerStateMachine.java:loadSnapshot(226)) - group-37BC69129D7F: The snapshot info is null. Setting the last applied indexto:(t:0, i:~)
2019-09-19 14:04:49,406 [pool-58-thread-1] INFO  server.RaftServerConfigKeys (ConfUtils.java:logGet(43)) - raft.server.leader.election.timeout = 120s (custom)
2019-09-19 14:04:49,407 [pool-58-thread-1] INFO  server.RaftServerConfigKeys (ConfUtils.java:logGet(43)) - raft.server.log.use.memory = false (default)
2019-09-19 14:04:49,407 [pool-58-thread-1] INFO  server.RaftServerConfigKeys (ConfUtils.java:logGet(43)) - raft.server.log.purge.gap = 1000000 (custom)
2019-09-19 14:04:49,407 [pool-58-thread-1] INFO  server.RaftServerConfigKeys (ConfUtils.java:logGet(43)) - raft.server.log.appender.buffer.byte-limit = 33554432 (custom)
2019-09-19 14:04:49,407 [pool-58-thread-1] INFO  server.RaftServerConfigKeys (ConfUtils.java:logGet(43)) - raft.server.log.segment.size.max = 1048576 (custom)
2019-09-19 14:04:49,407 [pool-58-thread-1] INFO  server.RaftServerConfigKeys (ConfUtils.java:logGet(43)) - raft.server.log.segment.cache.num.max = 2 (custom)
2019-09-19 14:04:49,407 [pool-58-thread-1] INFO  segmented.SegmentedRaftLogWorker (SegmentedRaftLogWorker.java:<init>(172)) - new dcc77c7b-1d37-448d-8d57-43d254561693-SegmentedRaftLogWorker:Storage Directory /workdir/hadoop-ozone/integration-test/target/test-dir/MiniOzoneClusterImpl-3b2755de-4cfe-4b43-9e0d-73dd8eda8f75/datanode-0/data/ratis/749fb6bc-5de8-4abf-b64f-37bc69129d7f for RaftStorage:Storage Directory /workdir/hadoop-ozone/integration-test/target/test-dir/MiniOzoneClusterImpl-3b2755de-4cfe-4b43-9e0d-73dd8eda8f75/datanode-0/data/ratis/749fb6bc-5de8-4abf-b64f-37bc69129d7f
2019-09-19 14:04:49,407 [pool-58-thread-1] INFO  server.RaftServerConfigKeys (ConfUtils.java:logGet(43)) - raft.server.log.queue.byte-limit = 2147483647 (custom)
2019-09-19 14:04:49,407 [pool-58-thread-1] INFO  server.RaftServerConfigKeys (ConfUtils.java:logGet(43)) - raft.server.log.queue.element-limit = 1024 (custom)
2019-09-19 14:04:49,408 [pool-58-thread-1] INFO  server.RaftServerConfigKeys (ConfUtils.java:logGet(43)) - raft.server.log.segment.size.max = 1048576 (custom)
2019-09-19 14:04:49,408 [pool-58-thread-1] INFO  server.RaftServerConfigKeys (ConfUtils.java:logGet(43)) - raft.server.log.preallocated.size = 16384 (custom)
2019-09-19 14:04:49,408 [pool-58-thread-1] INFO  server.RaftServerConfigKeys (ConfUtils.java:logGet(43)) - raft.server.log.write.buffer.size = 33554432 (custom)
2019-09-19 14:04:49,408 [pool-58-thread-1] INFO  server.RaftServerConfigKeys (ConfUtils.java:logGet(43)) - raft.server.log.force.sync.num = 128 (default)
2019-09-19 14:04:49,408 [pool-58-thread-1] INFO  server.RaftServerConfigKeys (ConfUtils.java:logGet(43)) - raft.server.log.statemachine.data.sync = true (default)
2019-09-19 14:04:49,408 [pool-58-thread-1] INFO  server.RaftServerConfigKeys (ConfUtils.java:logGet(43)) - raft.server.log.statemachine.data.sync.timeout = 10s (default)
2019-09-19 14:04:49,408 [pool-58-thread-1] INFO  server.RaftServerConfigKeys (ConfUtils.java:logGet(43)) - raft.server.log.statemachine.data.sync.timeout.retry = -1 (default)
2019-09-19 14:04:49,408 [pool-58-thread-1] INFO  server.RaftServerConfigKeys (ConfUtils.java:logGet(43)) - raft.server.log.statemachine.data.caching.enabled = true (custom)
2019-09-19 14:04:49,409 [pool-58-thread-1] INFO  segmented.SegmentedRaftLogWorker (SegmentedRaftLogWorker.java:lambda$new$0(132)) - dcc77c7b-1d37-448d-8d57-43d254561693-SegmentedRaftLogWorker:Storage Directory /workdir/hadoop-ozone/integration-test/target/test-dir/MiniOzoneClusterImpl-3b2755de-4cfe-4b43-9e0d-73dd8eda8f75/datanode-0/data/ratis/749fb6bc-5de8-4abf-b64f-37bc69129d7f: flushIndex: setUnconditionally 0 -> -1
2019-09-19 14:04:49,409 [pool-58-thread-1] INFO  server.RaftServerConfigKeys (ConfUtils.java:logGet(43)) - raft.server.snapshot.auto.trigger.enabled = true (custom)
2019-09-19 14:04:49,409 [pool-58-thread-1] INFO  server.RaftServerConfigKeys (ConfUtils.java:logGet(43)) - raft.server.snapshot.auto.trigger.threshold = 1 (custom)
2019-09-19 14:04:49,409 [pool-58-thread-1] INFO  server.RaftServerConfigKeys (ConfUtils.java:logGet(43)) - raft.server.retrycache.expirytime = 600000ms (custom)
2019-09-19 14:04:49,409 [pool-58-thread-1] INFO  impl.RaftServerImpl (RaftServerImpl.java:start(180)) - dcc77c7b-1d37-448d-8d57-43d254561693: start group-37BC69129D7F
2019-09-19 14:04:49,409 [pool-58-thread-1] INFO  impl.RaftServerImpl (RaftServerImpl.java:setRole(171)) - dcc77c7b-1d37-448d-8d57-43d254561693:group-37BC69129D7F changes role from null to FOLLOWER at term 0 for startAsFollower
2019-09-19 14:04:49,410 [pool-58-thread-1] INFO  impl.RoleInfo (RoleInfo.java:updateAndGet(143)) - dcc77c7b-1d37-448d-8d57-43d254561693: start FollowerState
2019-09-19 14:04:49,410 [pool-58-thread-1] INFO  util.JmxRegister (JmxRegister.java:tryRegister(44)) - Successfully registered JMX Bean with object name Ratis:service=RaftServer,group=group-37BC69129D7F,id=dcc77c7b-1d37-448d-8d57-43d254561693
2019-09-19 14:04:49,412 [RatisPipelineUtilsThread] INFO  pipeline.PipelineStateManager (PipelineStateManager.java:addPipeline(56)) - Created pipeline Pipeline[ Id: 749fb6bc-5de8-4abf-b64f-37bc69129d7f, Nodes: dcc77c7b-1d37-448d-8d57-43d254561693{ip: 192.168.157.226, host: pr-hdds-1569-swxfz-3172132826, networkLocation: /default-rack, certSerialId: null}, Type:RATIS, Factor:ONE, State:OPEN]
2019-09-19 14:04:49,415 [grpc-default-executor-1] INFO  impl.RaftServerProxy (RaftServerProxy.java:addNew(89)) - dcc77c7b-1d37-448d-8d57-43d254561693: addNew group-766773CED0ED:[dcc77c7b-1d37-448d-8d57-43d254561693:192.168.157.226:34527] returns group-766773CED0ED:java.util.concurrent.CompletableFuture@67ae3d82[Not completed]
2019-09-19 14:04:49,415 [pool-58-thread-1] INFO  impl.RaftServerImpl (RaftServerImpl.java:<init>(93)) - dcc77c7b-1d37-448d-8d57-43d254561693: new RaftServerImpl for group-766773CED0ED:[dcc77c7b-1d37-448d-8d57-43d254561693:192.168.157.226:34527] with ContainerStateMachine:uninitialized
2019-09-19 14:04:49,415 [pool-58-thread-1] INFO  server.RaftServerConfigKeys (ConfUtils.java:logGet(43)) - raft.server.rpc.timeout.min = 5s (custom)
2019-09-19 14:04:49,416 [pool-58-thread-1] INFO  server.RaftServerConfigKeys (ConfUtils.java:logGet(43)) - raft.server.rpc.timeout.max = 5200ms (custom)
2019-09-19 14:04:49,416 [pool-58-thread-1] INFO  server.RaftServerConfigKeys (ConfUtils.java:logGet(43)) - raft.server.rpcslowness.timeout = 120s (custom)
2019-09-19 14:04:49,416 [pool-58-thread-1] INFO  server.RaftServerConfigKeys (ConfUtils.java:logGet(43)) - raft.server.sleep.deviation.threshold = 300 (default)
2019-09-19 14:04:49,416 [pool-58-thread-1] INFO  server.RaftServerConfigKeys (ConfUtils.java:logGet(43)) - raft.server.log.appender.install.snapshot.enabled = false (custom)
2019-09-19 14:04:49,416 [pool-58-thread-1] INFO  impl.RaftServerImpl (ServerState.java:<init>(105)) - dcc77c7b-1d37-448d-8d57-43d254561693:group-766773CED0ED ConfigurationManager, init=-1: [dcc77c7b-1d37-448d-8d57-43d254561693:192.168.157.226:34527], old=null, confs=<EMPTY_MAP>
2019-09-19 14:04:49,416 [pool-58-thread-1] INFO  server.RaftServerConfigKeys (ConfUtils.java:logGet(43)) - raft.server.storage.dir = [/workdir/hadoop-ozone/integration-test/target/test-dir/MiniOzoneClusterImpl-3b2755de-4cfe-4b43-9e0d-73dd8eda8f75/datanode-0/data/ratis] (custom)
2019-09-19 14:04:49,417 [pool-58-thread-1] INFO  storage.RaftStorageDirectory (RaftStorageDirectory.java:analyzeStorage(246)) - The storage directory /workdir/hadoop-ozone/integration-test/target/test-dir/MiniOzoneClusterImpl-3b2755de-4cfe-4b43-9e0d-73dd8eda8f75/datanode-0/data/ratis/2cb4039d-4595-420d-abc8-766773ced0ed does not exist. Creating ...
2019-09-19 14:04:49,444 [pool-58-thread-1] INFO  storage.RaftStorageDirectory (RaftStorageDirectory.java:tryLock(328)) - Lock on /workdir/hadoop-ozone/integration-test/target/test-dir/MiniOzoneClusterImpl-3b2755de-4cfe-4b43-9e0d-73dd8eda8f75/datanode-0/data/ratis/2cb4039d-4595-420d-abc8-766773ced0ed/in_use.lock acquired by nodename 30982@pr-hdds-1569-swxfz-3172132826
2019-09-19 14:04:49,470 [pool-58-thread-1] INFO  storage.RaftStorage (RaftStorage.java:format(72)) - Storage directory /workdir/hadoop-ozone/integration-test/target/test-dir/MiniOzoneClusterImpl-3b2755de-4cfe-4b43-9e0d-73dd8eda8f75/datanode-0/data/ratis/2cb4039d-4595-420d-abc8-766773ced0ed has been successfully formatted.
2019-09-19 14:04:49,470 [pool-58-thread-1] INFO  ratis.ContainerStateMachine (ContainerStateMachine.java:loadSnapshot(226)) - group-766773CED0ED: The snapshot info is null. Setting the last applied indexto:(t:0, i:~)
2019-09-19 14:04:49,470 [pool-58-thread-1] INFO  server.RaftServerConfigKeys (ConfUtils.java:logGet(43)) - raft.server.leader.election.timeout = 120s (custom)
2019-09-19 14:04:49,471 [pool-58-thread-1] INFO  server.RaftServerConfigKeys (ConfUtils.java:logGet(43)) - raft.server.log.use.memory = false (default)
2019-09-19 14:04:49,471 [pool-58-thread-1] INFO  server.RaftServerConfigKeys (ConfUtils.java:logGet(43)) - raft.server.log.purge.gap = 1000000 (custom)
2019-09-19 14:04:49,471 [pool-58-thread-1] INFO  server.RaftServerConfigKeys (ConfUtils.java:logGet(43)) - raft.server.log.appender.buffer.byte-limit = 33554432 (custom)
2019-09-19 14:04:49,471 [pool-58-thread-1] INFO  server.RaftServerConfigKeys (ConfUtils.java:logGet(43)) - raft.server.log.segment.size.max = 1048576 (custom)
2019-09-19 14:04:49,471 [pool-58-thread-1] INFO  server.RaftServerConfigKeys (ConfUtils.java:logGet(43)) - raft.server.log.segment.cache.num.max = 2 (custom)
2019-09-19 14:04:49,471 [pool-58-thread-1] INFO  segmented.SegmentedRaftLogWorker (SegmentedRaftLogWorker.java:<init>(172)) - new dcc77c7b-1d37-448d-8d57-43d254561693-SegmentedRaftLogWorker:Storage Directory /workdir/hadoop-ozone/integration-test/target/test-dir/MiniOzoneClusterImpl-3b2755de-4cfe-4b43-9e0d-73dd8eda8f75/datanode-0/data/ratis/2cb4039d-4595-420d-abc8-766773ced0ed for RaftStorage:Storage Directory /workdir/hadoop-ozone/integration-test/target/test-dir/MiniOzoneClusterImpl-3b2755de-4cfe-4b43-9e0d-73dd8eda8f75/datanode-0/data/ratis/2cb4039d-4595-420d-abc8-766773ced0ed
2019-09-19 14:04:49,471 [pool-58-thread-1] INFO  server.RaftServerConfigKeys (ConfUtils.java:logGet(43)) - raft.server.log.queue.byte-limit = 2147483647 (custom)
2019-09-19 14:04:49,471 [pool-58-thread-1] INFO  server.RaftServerConfigKeys (ConfUtils.java:logGet(43)) - raft.server.log.queue.element-limit = 1024 (custom)
2019-09-19 14:04:49,471 [pool-58-thread-1] INFO  server.RaftServerConfigKeys (ConfUtils.java:logGet(43)) - raft.server.log.segment.size.max = 1048576 (custom)
2019-09-19 14:04:49,472 [pool-58-thread-1] INFO  server.RaftServerConfigKeys (ConfUtils.java:logGet(43)) - raft.server.log.preallocated.size = 16384 (custom)
2019-09-19 14:04:49,472 [pool-58-thread-1] INFO  server.RaftServerConfigKeys (ConfUtils.java:logGet(43)) - raft.server.log.write.buffer.size = 33554432 (custom)
2019-09-19 14:04:49,472 [pool-58-thread-1] INFO  server.RaftServerConfigKeys (ConfUtils.java:logGet(43)) - raft.server.log.force.sync.num = 128 (default)
2019-09-19 14:04:49,472 [pool-58-thread-1] INFO  server.RaftServerConfigKeys (ConfUtils.java:logGet(43)) - raft.server.log.statemachine.data.sync = true (default)
2019-09-19 14:04:49,472 [pool-58-thread-1] INFO  server.RaftServerConfigKeys (ConfUtils.java:logGet(43)) - raft.server.log.statemachine.data.sync.timeout = 10s (default)
2019-09-19 14:04:49,472 [pool-58-thread-1] INFO  server.RaftServerConfigKeys (ConfUtils.java:logGet(43)) - raft.server.log.statemachine.data.sync.timeout.retry = -1 (default)
2019-09-19 14:04:49,472 [pool-58-thread-1] INFO  server.RaftServerConfigKeys (ConfUtils.java:logGet(43)) - raft.server.log.statemachine.data.caching.enabled = true (custom)
2019-09-19 14:04:49,472 [pool-58-thread-1] INFO  segmented.SegmentedRaftLogWorker (SegmentedRaftLogWorker.java:lambda$new$0(132)) - dcc77c7b-1d37-448d-8d57-43d254561693-SegmentedRaftLogWorker:Storage Directory /workdir/hadoop-ozone/integration-test/target/test-dir/MiniOzoneClusterImpl-3b2755de-4cfe-4b43-9e0d-73dd8eda8f75/datanode-0/data/ratis/2cb4039d-4595-420d-abc8-766773ced0ed: flushIndex: setUnconditionally 0 -> -1
2019-09-19 14:04:49,473 [pool-58-thread-1] INFO  server.RaftServerConfigKeys (ConfUtils.java:logGet(43)) - raft.server.snapshot.auto.trigger.enabled = true (custom)
2019-09-19 14:04:49,473 [pool-58-thread-1] INFO  server.RaftServerConfigKeys (ConfUtils.java:logGet(43)) - raft.server.snapshot.auto.trigger.threshold = 1 (custom)
2019-09-19 14:04:49,473 [pool-58-thread-1] INFO  server.RaftServerConfigKeys (ConfUtils.java:logGet(43)) - raft.server.retrycache.expirytime = 600000ms (custom)
2019-09-19 14:04:49,473 [pool-58-thread-1] INFO  impl.RaftServerImpl (RaftServerImpl.java:start(180)) - dcc77c7b-1d37-448d-8d57-43d254561693: start group-766773CED0ED
2019-09-19 14:04:49,473 [pool-58-thread-1] INFO  impl.RaftServerImpl (RaftServerImpl.java:setRole(171)) - dcc77c7b-1d37-448d-8d57-43d254561693:group-766773CED0ED changes role from null to FOLLOWER at term 0 for startAsFollower
2019-09-19 14:04:49,473 [pool-58-thread-1] INFO  impl.RoleInfo (RoleInfo.java:updateAndGet(143)) - dcc77c7b-1d37-448d-8d57-43d254561693: start FollowerState
2019-09-19 14:04:49,474 [pool-58-thread-1] INFO  util.JmxRegister (JmxRegister.java:tryRegister(44)) - Successfully registered JMX Bean with object name Ratis:service=RaftServer,group=group-766773CED0ED,id=dcc77c7b-1d37-448d-8d57-43d254561693
2019-09-19 14:04:49,475 [RatisPipelineUtilsThread] INFO  pipeline.PipelineStateManager (PipelineStateManager.java:addPipeline(56)) - Created pipeline Pipeline[ Id: 2cb4039d-4595-420d-abc8-766773ced0ed, Nodes: dcc77c7b-1d37-448d-8d57-43d254561693{ip: 192.168.157.226, host: pr-hdds-1569-swxfz-3172132826, networkLocation: /default-rack, certSerialId: null}, Type:RATIS, Factor:ONE, State:OPEN]
2019-09-19 14:04:49,478 [grpc-default-executor-1] INFO  impl.RaftServerProxy (RaftServerProxy.java:addNew(89)) - dcc77c7b-1d37-448d-8d57-43d254561693: addNew group-10F6EB22B0DE:[dcc77c7b-1d37-448d-8d57-43d254561693:192.168.157.226:34527] returns group-10F6EB22B0DE:java.util.concurrent.CompletableFuture@21150a7c[Not completed]
2019-09-19 14:04:49,479 [pool-58-thread-1] INFO  impl.RaftServerImpl (RaftServerImpl.java:<init>(93)) - dcc77c7b-1d37-448d-8d57-43d254561693: new RaftServerImpl for group-10F6EB22B0DE:[dcc77c7b-1d37-448d-8d57-43d254561693:192.168.157.226:34527] with ContainerStateMachine:uninitialized
2019-09-19 14:04:49,479 [pool-58-thread-1] INFO  server.RaftServerConfigKeys (ConfUtils.java:logGet(43)) - raft.server.rpc.timeout.min = 5s (custom)
2019-09-19 14:04:49,479 [pool-58-thread-1] INFO  server.RaftServerConfigKeys (ConfUtils.java:logGet(43)) - raft.server.rpc.timeout.max = 5200ms (custom)
2019-09-19 14:04:49,479 [pool-58-thread-1] INFO  server.RaftServerConfigKeys (ConfUtils.java:logGet(43)) - raft.server.rpcslowness.timeout = 120s (custom)
2019-09-19 14:04:49,479 [pool-58-thread-1] INFO  server.RaftServerConfigKeys (ConfUtils.java:logGet(43)) - raft.server.sleep.deviation.threshold = 300 (default)
2019-09-19 14:04:49,479 [pool-58-thread-1] INFO  server.RaftServerConfigKeys (ConfUtils.java:logGet(43)) - raft.server.log.appender.install.snapshot.enabled = false (custom)
2019-09-19 14:04:49,479 [pool-58-thread-1] INFO  impl.RaftServerImpl (ServerState.java:<init>(105)) - dcc77c7b-1d37-448d-8d57-43d254561693:group-10F6EB22B0DE ConfigurationManager, init=-1: [dcc77c7b-1d37-448d-8d57-43d254561693:192.168.157.226:34527], old=null, confs=<EMPTY_MAP>
2019-09-19 14:04:49,479 [pool-58-thread-1] INFO  server.RaftServerConfigKeys (ConfUtils.java:logGet(43)) - raft.server.storage.dir = [/workdir/hadoop-ozone/integration-test/target/test-dir/MiniOzoneClusterImpl-3b2755de-4cfe-4b43-9e0d-73dd8eda8f75/datanode-0/data/ratis] (custom)
2019-09-19 14:04:49,480 [pool-58-thread-1] INFO  storage.RaftStorageDirectory (RaftStorageDirectory.java:analyzeStorage(246)) - The storage directory /workdir/hadoop-ozone/integration-test/target/test-dir/MiniOzoneClusterImpl-3b2755de-4cfe-4b43-9e0d-73dd8eda8f75/datanode-0/data/ratis/6ae43f14-766d-4a48-a266-10f6eb22b0de does not exist. Creating ...
2019-09-19 14:04:49,493 [pool-58-thread-1] INFO  storage.RaftStorageDirectory (RaftStorageDirectory.java:tryLock(328)) - Lock on /workdir/hadoop-ozone/integration-test/target/test-dir/MiniOzoneClusterImpl-3b2755de-4cfe-4b43-9e0d-73dd8eda8f75/datanode-0/data/ratis/6ae43f14-766d-4a48-a266-10f6eb22b0de/in_use.lock acquired by nodename 30982@pr-hdds-1569-swxfz-3172132826
2019-09-19 14:04:49,505 [pool-58-thread-1] INFO  storage.RaftStorage (RaftStorage.java:format(72)) - Storage directory /workdir/hadoop-ozone/integration-test/target/test-dir/MiniOzoneClusterImpl-3b2755de-4cfe-4b43-9e0d-73dd8eda8f75/datanode-0/data/ratis/6ae43f14-766d-4a48-a266-10f6eb22b0de has been successfully formatted.
2019-09-19 14:04:49,506 [pool-58-thread-1] INFO  ratis.ContainerStateMachine (ContainerStateMachine.java:loadSnapshot(226)) - group-10F6EB22B0DE: The snapshot info is null. Setting the last applied indexto:(t:0, i:~)
2019-09-19 14:04:49,506 [pool-58-thread-1] INFO  server.RaftServerConfigKeys (ConfUtils.java:logGet(43)) - raft.server.leader.election.timeout = 120s (custom)
2019-09-19 14:04:49,506 [pool-58-thread-1] INFO  server.RaftServerConfigKeys (ConfUtils.java:logGet(43)) - raft.server.log.use.memory = false (default)
2019-09-19 14:04:49,506 [pool-58-thread-1] INFO  server.RaftServerConfigKeys (ConfUtils.java:logGet(43)) - raft.server.log.purge.gap = 1000000 (custom)
2019-09-19 14:04:49,506 [pool-58-thread-1] INFO  server.RaftServerConfigKeys (ConfUtils.java:logGet(43)) - raft.server.log.appender.buffer.byte-limit = 33554432 (custom)
2019-09-19 14:04:49,506 [pool-58-thread-1] INFO  server.RaftServerConfigKeys (ConfUtils.java:logGet(43)) - raft.server.log.segment.size.max = 1048576 (custom)
2019-09-19 14:04:49,506 [pool-58-thread-1] INFO  server.RaftServerConfigKeys (ConfUtils.java:logGet(43)) - raft.server.log.segment.cache.num.max = 2 (custom)
2019-09-19 14:04:49,506 [pool-58-thread-1] INFO  segmented.SegmentedRaftLogWorker (SegmentedRaftLogWorker.java:<init>(172)) - new dcc77c7b-1d37-448d-8d57-43d254561693-SegmentedRaftLogWorker:Storage Directory /workdir/hadoop-ozone/integration-test/target/test-dir/MiniOzoneClusterImpl-3b2755de-4cfe-4b43-9e0d-73dd8eda8f75/datanode-0/data/ratis/6ae43f14-766d-4a48-a266-10f6eb22b0de for RaftStorage:Storage Directory /workdir/hadoop-ozone/integration-test/target/test-dir/MiniOzoneClusterImpl-3b2755de-4cfe-4b43-9e0d-73dd8eda8f75/datanode-0/data/ratis/6ae43f14-766d-4a48-a266-10f6eb22b0de
2019-09-19 14:04:49,506 [pool-58-thread-1] INFO  server.RaftServerConfigKeys (ConfUtils.java:logGet(43)) - raft.server.log.queue.byte-limit = 2147483647 (custom)
2019-09-19 14:04:49,506 [pool-58-thread-1] INFO  server.RaftServerConfigKeys (ConfUtils.java:logGet(43)) - raft.server.log.queue.element-limit = 1024 (custom)
2019-09-19 14:04:49,506 [pool-58-thread-1] INFO  server.RaftServerConfigKeys (ConfUtils.java:logGet(43)) - raft.server.log.segment.size.max = 1048576 (custom)
2019-09-19 14:04:49,506 [pool-58-thread-1] INFO  server.RaftServerConfigKeys (ConfUtils.java:logGet(43)) - raft.server.log.preallocated.size = 16384 (custom)
2019-09-19 14:04:49,507 [pool-58-thread-1] INFO  server.RaftServerConfigKeys (ConfUtils.java:logGet(43)) - raft.server.log.write.buffer.size = 33554432 (custom)
2019-09-19 14:04:49,507 [pool-58-thread-1] INFO  server.RaftServerConfigKeys (ConfUtils.java:logGet(43)) - raft.server.log.force.sync.num = 128 (default)
2019-09-19 14:04:49,507 [pool-58-thread-1] INFO  server.RaftServerConfigKeys (ConfUtils.java:logGet(43)) - raft.server.log.statemachine.data.sync = true (default)
2019-09-19 14:04:49,507 [pool-58-thread-1] INFO  server.RaftServerConfigKeys (ConfUtils.java:logGet(43)) - raft.server.log.statemachine.data.sync.timeout = 10s (default)
2019-09-19 14:04:49,507 [pool-58-thread-1] INFO  server.RaftServerConfigKeys (ConfUtils.java:logGet(43)) - raft.server.log.statemachine.data.sync.timeout.retry = -1 (default)
2019-09-19 14:04:49,507 [pool-58-thread-1] INFO  server.RaftServerConfigKeys (ConfUtils.java:logGet(43)) - raft.server.log.statemachine.data.caching.enabled = true (custom)
2019-09-19 14:04:49,507 [pool-58-thread-1] INFO  segmented.SegmentedRaftLogWorker (SegmentedRaftLogWorker.java:lambda$new$0(132)) - dcc77c7b-1d37-448d-8d57-43d254561693-SegmentedRaftLogWorker:Storage Directory /workdir/hadoop-ozone/integration-test/target/test-dir/MiniOzoneClusterImpl-3b2755de-4cfe-4b43-9e0d-73dd8eda8f75/datanode-0/data/ratis/6ae43f14-766d-4a48-a266-10f6eb22b0de: flushIndex: setUnconditionally 0 -> -1
2019-09-19 14:04:49,507 [pool-58-thread-1] INFO  server.RaftServerConfigKeys (ConfUtils.java:logGet(43)) - raft.server.snapshot.auto.trigger.enabled = true (custom)
2019-09-19 14:04:49,507 [pool-58-thread-1] INFO  server.RaftServerConfigKeys (ConfUtils.java:logGet(43)) - raft.server.snapshot.auto.trigger.threshold = 1 (custom)
2019-09-19 14:04:49,507 [pool-58-thread-1] INFO  server.RaftServerConfigKeys (ConfUtils.java:logGet(43)) - raft.server.retrycache.expirytime = 600000ms (custom)
2019-09-19 14:04:49,508 [pool-58-thread-1] INFO  impl.RaftServerImpl (RaftServerImpl.java:start(180)) - dcc77c7b-1d37-448d-8d57-43d254561693: start group-10F6EB22B0DE
2019-09-19 14:04:49,508 [pool-58-thread-1] INFO  impl.RaftServerImpl (RaftServerImpl.java:setRole(171)) - dcc77c7b-1d37-448d-8d57-43d254561693:group-10F6EB22B0DE changes role from null to FOLLOWER at term 0 for startAsFollower
2019-09-19 14:04:49,508 [pool-58-thread-1] INFO  impl.RoleInfo (RoleInfo.java:updateAndGet(143)) - dcc77c7b-1d37-448d-8d57-43d254561693: start FollowerState
2019-09-19 14:04:49,508 [pool-58-thread-1] INFO  util.JmxRegister (JmxRegister.java:tryRegister(44)) - Successfully registered JMX Bean with object name Ratis:service=RaftServer,group=group-10F6EB22B0DE,id=dcc77c7b-1d37-448d-8d57-43d254561693
2019-09-19 14:04:49,509 [RatisPipelineUtilsThread] INFO  pipeline.PipelineStateManager (PipelineStateManager.java:addPipeline(56)) - Created pipeline Pipeline[ Id: 6ae43f14-766d-4a48-a266-10f6eb22b0de, Nodes: dcc77c7b-1d37-448d-8d57-43d254561693{ip: 192.168.157.226, host: pr-hdds-1569-swxfz-3172132826, networkLocation: /default-rack, certSerialId: null}, Type:RATIS, Factor:ONE, State:OPEN]
2019-09-19 14:04:49,511 [grpc-default-executor-1] INFO  impl.RaftServerProxy (RaftServerProxy.java:addNew(89)) - dcc77c7b-1d37-448d-8d57-43d254561693: addNew group-ACDB59FCC6C6:[dcc77c7b-1d37-448d-8d57-43d254561693:192.168.157.226:34527] returns group-ACDB59FCC6C6:java.util.concurrent.CompletableFuture@441ead5c[Not completed]
2019-09-19 14:04:49,512 [pool-58-thread-1] INFO  impl.RaftServerImpl (RaftServerImpl.java:<init>(93)) - dcc77c7b-1d37-448d-8d57-43d254561693: new RaftServerImpl for group-ACDB59FCC6C6:[dcc77c7b-1d37-448d-8d57-43d254561693:192.168.157.226:34527] with ContainerStateMachine:uninitialized
2019-09-19 14:04:49,512 [pool-58-thread-1] INFO  server.RaftServerConfigKeys (ConfUtils.java:logGet(43)) - raft.server.rpc.timeout.min = 5s (custom)
2019-09-19 14:04:49,512 [pool-58-thread-1] INFO  server.RaftServerConfigKeys (ConfUtils.java:logGet(43)) - raft.server.rpc.timeout.max = 5200ms (custom)
2019-09-19 14:04:49,512 [pool-58-thread-1] INFO  server.RaftServerConfigKeys (ConfUtils.java:logGet(43)) - raft.server.rpcslowness.timeout = 120s (custom)
2019-09-19 14:04:49,512 [pool-58-thread-1] INFO  server.RaftServerConfigKeys (ConfUtils.java:logGet(43)) - raft.server.sleep.deviation.threshold = 300 (default)
2019-09-19 14:04:49,512 [pool-58-thread-1] INFO  server.RaftServerConfigKeys (ConfUtils.java:logGet(43)) - raft.server.log.appender.install.snapshot.enabled = false (custom)
2019-09-19 14:04:49,512 [pool-58-thread-1] INFO  impl.RaftServerImpl (ServerState.java:<init>(105)) - dcc77c7b-1d37-448d-8d57-43d254561693:group-ACDB59FCC6C6 ConfigurationManager, init=-1: [dcc77c7b-1d37-448d-8d57-43d254561693:192.168.157.226:34527], old=null, confs=<EMPTY_MAP>
2019-09-19 14:04:49,512 [pool-58-thread-1] INFO  server.RaftServerConfigKeys (ConfUtils.java:logGet(43)) - raft.server.storage.dir = [/workdir/hadoop-ozone/integration-test/target/test-dir/MiniOzoneClusterImpl-3b2755de-4cfe-4b43-9e0d-73dd8eda8f75/datanode-0/data/ratis] (custom)
2019-09-19 14:04:49,513 [pool-58-thread-1] INFO  storage.RaftStorageDirectory (RaftStorageDirectory.java:analyzeStorage(246)) - The storage directory /workdir/hadoop-ozone/integration-test/target/test-dir/MiniOzoneClusterImpl-3b2755de-4cfe-4b43-9e0d-73dd8eda8f75/datanode-0/data/ratis/c0fe0477-bf39-4db9-bf23-acdb59fcc6c6 does not exist. Creating ...
2019-09-19 14:04:49,525 [pool-58-thread-1] INFO  storage.RaftStorageDirectory (RaftStorageDirectory.java:tryLock(328)) - Lock on /workdir/hadoop-ozone/integration-test/target/test-dir/MiniOzoneClusterImpl-3b2755de-4cfe-4b43-9e0d-73dd8eda8f75/datanode-0/data/ratis/c0fe0477-bf39-4db9-bf23-acdb59fcc6c6/in_use.lock acquired by nodename 30982@pr-hdds-1569-swxfz-3172132826
2019-09-19 14:04:49,527 [pool-58-thread-1] INFO  storage.RaftStorage (RaftStorage.java:format(72)) - Storage directory /workdir/hadoop-ozone/integration-test/target/test-dir/MiniOzoneClusterImpl-3b2755de-4cfe-4b43-9e0d-73dd8eda8f75/datanode-0/data/ratis/c0fe0477-bf39-4db9-bf23-acdb59fcc6c6 has been successfully formatted.
2019-09-19 14:04:49,527 [pool-58-thread-1] INFO  ratis.ContainerStateMachine (ContainerStateMachine.java:loadSnapshot(226)) - group-ACDB59FCC6C6: The snapshot info is null. Setting the last applied indexto:(t:0, i:~)
2019-09-19 14:04:49,527 [pool-58-thread-1] INFO  server.RaftServerConfigKeys (ConfUtils.java:logGet(43)) - raft.server.leader.election.timeout = 120s (custom)
2019-09-19 14:04:49,528 [pool-58-thread-1] INFO  server.RaftServerConfigKeys (ConfUtils.java:logGet(43)) - raft.server.log.use.memory = false (default)
2019-09-19 14:04:49,528 [pool-58-thread-1] INFO  server.RaftServerConfigKeys (ConfUtils.java:logGet(43)) - raft.server.log.purge.gap = 1000000 (custom)
2019-09-19 14:04:49,528 [pool-58-thread-1] INFO  server.RaftServerConfigKeys (ConfUtils.java:logGet(43)) - raft.server.log.appender.buffer.byte-limit = 33554432 (custom)
2019-09-19 14:04:49,528 [pool-58-thread-1] INFO  server.RaftServerConfigKeys (ConfUtils.java:logGet(43)) - raft.server.log.segment.size.max = 1048576 (custom)
2019-09-19 14:04:49,528 [pool-58-thread-1] INFO  server.RaftServerConfigKeys (ConfUtils.java:logGet(43)) - raft.server.log.segment.cache.num.max = 2 (custom)
2019-09-19 14:04:49,528 [pool-58-thread-1] INFO  segmented.SegmentedRaftLogWorker (SegmentedRaftLogWorker.java:<init>(172)) - new dcc77c7b-1d37-448d-8d57-43d254561693-SegmentedRaftLogWorker:Storage Directory /workdir/hadoop-ozone/integration-test/target/test-dir/MiniOzoneClusterImpl-3b2755de-4cfe-4b43-9e0d-73dd8eda8f75/datanode-0/data/ratis/c0fe0477-bf39-4db9-bf23-acdb59fcc6c6 for RaftStorage:Storage Directory /workdir/hadoop-ozone/integration-test/target/test-dir/MiniOzoneClusterImpl-3b2755de-4cfe-4b43-9e0d-73dd8eda8f75/datanode-0/data/ratis/c0fe0477-bf39-4db9-bf23-acdb59fcc6c6
2019-09-19 14:04:49,528 [pool-58-thread-1] INFO  server.RaftServerConfigKeys (ConfUtils.java:logGet(43)) - raft.server.log.queue.byte-limit = 2147483647 (custom)
2019-09-19 14:04:49,528 [pool-58-thread-1] INFO  server.RaftServerConfigKeys (ConfUtils.java:logGet(43)) - raft.server.log.queue.element-limit = 1024 (custom)
2019-09-19 14:04:49,528 [pool-58-thread-1] INFO  server.RaftServerConfigKeys (ConfUtils.java:logGet(43)) - raft.server.log.segment.size.max = 1048576 (custom)
2019-09-19 14:04:49,528 [pool-58-thread-1] INFO  server.RaftServerConfigKeys (ConfUtils.java:logGet(43)) - raft.server.log.preallocated.size = 16384 (custom)
2019-09-19 14:04:49,528 [pool-58-thread-1] INFO  server.RaftServerConfigKeys (ConfUtils.java:logGet(43)) - raft.server.log.write.buffer.size = 33554432 (custom)
2019-09-19 14:04:49,528 [pool-58-thread-1] INFO  server.RaftServerConfigKeys (ConfUtils.java:logGet(43)) - raft.server.log.force.sync.num = 128 (default)
2019-09-19 14:04:49,528 [pool-58-thread-1] INFO  server.RaftServerConfigKeys (ConfUtils.java:logGet(43)) - raft.server.log.statemachine.data.sync = true (default)
2019-09-19 14:04:49,528 [pool-58-thread-1] INFO  server.RaftServerConfigKeys (ConfUtils.java:logGet(43)) - raft.server.log.statemachine.data.sync.timeout = 10s (default)
2019-09-19 14:04:49,529 [pool-58-thread-1] INFO  server.RaftServerConfigKeys (ConfUtils.java:logGet(43)) - raft.server.log.statemachine.data.sync.timeout.retry = -1 (default)
2019-09-19 14:04:49,529 [pool-58-thread-1] INFO  server.RaftServerConfigKeys (ConfUtils.java:logGet(43)) - raft.server.log.statemachine.data.caching.enabled = true (custom)
2019-09-19 14:04:49,529 [pool-58-thread-1] INFO  segmented.SegmentedRaftLogWorker (SegmentedRaftLogWorker.java:lambda$new$0(132)) - dcc77c7b-1d37-448d-8d57-43d254561693-SegmentedRaftLogWorker:Storage Directory /workdir/hadoop-ozone/integration-test/target/test-dir/MiniOzoneClusterImpl-3b2755de-4cfe-4b43-9e0d-73dd8eda8f75/datanode-0/data/ratis/c0fe0477-bf39-4db9-bf23-acdb59fcc6c6: flushIndex: setUnconditionally 0 -> -1
2019-09-19 14:04:49,529 [pool-58-thread-1] INFO  server.RaftServerConfigKeys (ConfUtils.java:logGet(43)) - raft.server.snapshot.auto.trigger.enabled = true (custom)
2019-09-19 14:04:49,529 [pool-58-thread-1] INFO  server.RaftServerConfigKeys (ConfUtils.java:logGet(43)) - raft.server.snapshot.auto.trigger.threshold = 1 (custom)
2019-09-19 14:04:49,529 [pool-58-thread-1] INFO  server.RaftServerConfigKeys (ConfUtils.java:logGet(43)) - raft.server.retrycache.expirytime = 600000ms (custom)
2019-09-19 14:04:49,529 [pool-58-thread-1] INFO  impl.RaftServerImpl (RaftServerImpl.java:start(180)) - dcc77c7b-1d37-448d-8d57-43d254561693: start group-ACDB59FCC6C6
2019-09-19 14:04:49,529 [pool-58-thread-1] INFO  impl.RaftServerImpl (RaftServerImpl.java:setRole(171)) - dcc77c7b-1d37-448d-8d57-43d254561693:group-ACDB59FCC6C6 changes role from null to FOLLOWER at term 0 for startAsFollower
2019-09-19 14:04:49,529 [pool-58-thread-1] INFO  impl.RoleInfo (RoleInfo.java:updateAndGet(143)) - dcc77c7b-1d37-448d-8d57-43d254561693: start FollowerState
2019-09-19 14:04:49,530 [pool-58-thread-1] INFO  util.JmxRegister (JmxRegister.java:tryRegister(44)) - Successfully registered JMX Bean with object name Ratis:service=RaftServer,group=group-ACDB59FCC6C6,id=dcc77c7b-1d37-448d-8d57-43d254561693
2019-09-19 14:04:49,531 [RatisPipelineUtilsThread] INFO  pipeline.PipelineStateManager (PipelineStateManager.java:addPipeline(56)) - Created pipeline Pipeline[ Id: c0fe0477-bf39-4db9-bf23-acdb59fcc6c6, Nodes: dcc77c7b-1d37-448d-8d57-43d254561693{ip: 192.168.157.226, host: pr-hdds-1569-swxfz-3172132826, networkLocation: /default-rack, certSerialId: null}, Type:RATIS, Factor:ONE, State:OPEN]
2019-09-19 14:04:49,533 [grpc-default-executor-1] INFO  impl.RaftServerProxy (RaftServerProxy.java:addNew(89)) - dcc77c7b-1d37-448d-8d57-43d254561693: addNew group-F73F9931E543:[dcc77c7b-1d37-448d-8d57-43d254561693:192.168.157.226:34527] returns group-F73F9931E543:java.util.concurrent.CompletableFuture@402bb0c3[Not completed]
2019-09-19 14:04:49,533 [pool-58-thread-1] INFO  impl.RaftServerImpl (RaftServerImpl.java:<init>(93)) - dcc77c7b-1d37-448d-8d57-43d254561693: new RaftServerImpl for group-F73F9931E543:[dcc77c7b-1d37-448d-8d57-43d254561693:192.168.157.226:34527] with ContainerStateMachine:uninitialized
2019-09-19 14:04:49,533 [pool-58-thread-1] INFO  server.RaftServerConfigKeys (ConfUtils.java:logGet(43)) - raft.server.rpc.timeout.min = 5s (custom)
2019-09-19 14:04:49,533 [pool-58-thread-1] INFO  server.RaftServerConfigKeys (ConfUtils.java:logGet(43)) - raft.server.rpc.timeout.max = 5200ms (custom)
2019-09-19 14:04:49,534 [pool-58-thread-1] INFO  server.RaftServerConfigKeys (ConfUtils.java:logGet(43)) - raft.server.rpcslowness.timeout = 120s (custom)
2019-09-19 14:04:49,534 [pool-58-thread-1] INFO  server.RaftServerConfigKeys (ConfUtils.java:logGet(43)) - raft.server.sleep.deviation.threshold = 300 (default)
2019-09-19 14:04:49,534 [pool-58-thread-1] INFO  server.RaftServerConfigKeys (ConfUtils.java:logGet(43)) - raft.server.log.appender.install.snapshot.enabled = false (custom)
2019-09-19 14:04:49,534 [pool-58-thread-1] INFO  impl.RaftServerImpl (ServerState.java:<init>(105)) - dcc77c7b-1d37-448d-8d57-43d254561693:group-F73F9931E543 ConfigurationManager, init=-1: [dcc77c7b-1d37-448d-8d57-43d254561693:192.168.157.226:34527], old=null, confs=<EMPTY_MAP>
2019-09-19 14:04:49,534 [pool-58-thread-1] INFO  server.RaftServerConfigKeys (ConfUtils.java:logGet(43)) - raft.server.storage.dir = [/workdir/hadoop-ozone/integration-test/target/test-dir/MiniOzoneClusterImpl-3b2755de-4cfe-4b43-9e0d-73dd8eda8f75/datanode-0/data/ratis] (custom)
2019-09-19 14:04:49,534 [pool-58-thread-1] INFO  storage.RaftStorageDirectory (RaftStorageDirectory.java:analyzeStorage(246)) - The storage directory /workdir/hadoop-ozone/integration-test/target/test-dir/MiniOzoneClusterImpl-3b2755de-4cfe-4b43-9e0d-73dd8eda8f75/datanode-0/data/ratis/012caddd-9770-4f80-b740-f73f9931e543 does not exist. Creating ...
2019-09-19 14:04:49,547 [pool-58-thread-1] INFO  storage.RaftStorageDirectory (RaftStorageDirectory.java:tryLock(328)) - Lock on /workdir/hadoop-ozone/integration-test/target/test-dir/MiniOzoneClusterImpl-3b2755de-4cfe-4b43-9e0d-73dd8eda8f75/datanode-0/data/ratis/012caddd-9770-4f80-b740-f73f9931e543/in_use.lock acquired by nodename 30982@pr-hdds-1569-swxfz-3172132826
2019-09-19 14:04:49,559 [pool-58-thread-1] INFO  storage.RaftStorage (RaftStorage.java:format(72)) - Storage directory /workdir/hadoop-ozone/integration-test/target/test-dir/MiniOzoneClusterImpl-3b2755de-4cfe-4b43-9e0d-73dd8eda8f75/datanode-0/data/ratis/012caddd-9770-4f80-b740-f73f9931e543 has been successfully formatted.
2019-09-19 14:04:49,560 [pool-58-thread-1] INFO  ratis.ContainerStateMachine (ContainerStateMachine.java:loadSnapshot(226)) - group-F73F9931E543: The snapshot info is null. Setting the last applied indexto:(t:0, i:~)
2019-09-19 14:04:49,560 [pool-58-thread-1] INFO  server.RaftServerConfigKeys (ConfUtils.java:logGet(43)) - raft.server.leader.election.timeout = 120s (custom)
2019-09-19 14:04:49,560 [pool-58-thread-1] INFO  server.RaftServerConfigKeys (ConfUtils.java:logGet(43)) - raft.server.log.use.memory = false (default)
2019-09-19 14:04:49,560 [pool-58-thread-1] INFO  server.RaftServerConfigKeys (ConfUtils.java:logGet(43)) - raft.server.log.purge.gap = 1000000 (custom)
2019-09-19 14:04:49,560 [pool-58-thread-1] INFO  server.RaftServerConfigKeys (ConfUtils.java:logGet(43)) - raft.server.log.appender.buffer.byte-limit = 33554432 (custom)
2019-09-19 14:04:49,560 [pool-58-thread-1] INFO  server.RaftServerConfigKeys (ConfUtils.java:logGet(43)) - raft.server.log.segment.size.max = 1048576 (custom)
2019-09-19 14:04:49,560 [pool-58-thread-1] INFO  server.RaftServerConfigKeys (ConfUtils.java:logGet(43)) - raft.server.log.segment.cache.num.max = 2 (custom)
2019-09-19 14:04:49,560 [pool-58-thread-1] INFO  segmented.SegmentedRaftLogWorker (SegmentedRaftLogWorker.java:<init>(172)) - new dcc77c7b-1d37-448d-8d57-43d254561693-SegmentedRaftLogWorker:Storage Directory /workdir/hadoop-ozone/integration-test/target/test-dir/MiniOzoneClusterImpl-3b2755de-4cfe-4b43-9e0d-73dd8eda8f75/datanode-0/data/ratis/012caddd-9770-4f80-b740-f73f9931e543 for RaftStorage:Storage Directory /workdir/hadoop-ozone/integration-test/target/test-dir/MiniOzoneClusterImpl-3b2755de-4cfe-4b43-9e0d-73dd8eda8f75/datanode-0/data/ratis/012caddd-9770-4f80-b740-f73f9931e543
2019-09-19 14:04:49,560 [pool-58-thread-1] INFO  server.RaftServerConfigKeys (ConfUtils.java:logGet(43)) - raft.server.log.queue.byte-limit = 2147483647 (custom)
2019-09-19 14:04:49,561 [pool-58-thread-1] INFO  server.RaftServerConfigKeys (ConfUtils.java:logGet(43)) - raft.server.log.queue.element-limit = 1024 (custom)
2019-09-19 14:04:49,561 [pool-58-thread-1] INFO  server.RaftServerConfigKeys (ConfUtils.java:logGet(43)) - raft.server.log.segment.size.max = 1048576 (custom)
2019-09-19 14:04:49,561 [pool-58-thread-1] INFO  server.RaftServerConfigKeys (ConfUtils.java:logGet(43)) - raft.server.log.preallocated.size = 16384 (custom)
2019-09-19 14:04:49,561 [pool-58-thread-1] INFO  server.RaftServerConfigKeys (ConfUtils.java:logGet(43)) - raft.server.log.write.buffer.size = 33554432 (custom)
2019-09-19 14:04:49,561 [pool-58-thread-1] INFO  server.RaftServerConfigKeys (ConfUtils.java:logGet(43)) - raft.server.log.force.sync.num = 128 (default)
2019-09-19 14:04:49,561 [pool-58-thread-1] INFO  server.RaftServerConfigKeys (ConfUtils.java:logGet(43)) - raft.server.log.statemachine.data.sync = true (default)
2019-09-19 14:04:49,561 [pool-58-thread-1] INFO  server.RaftServerConfigKeys (ConfUtils.java:logGet(43)) - raft.server.log.statemachine.data.sync.timeout = 10s (default)
2019-09-19 14:04:49,561 [pool-58-thread-1] INFO  server.RaftServerConfigKeys (ConfUtils.java:logGet(43)) - raft.server.log.statemachine.data.sync.timeout.retry = -1 (default)
2019-09-19 14:04:49,561 [pool-58-thread-1] INFO  server.RaftServerConfigKeys (ConfUtils.java:logGet(43)) - raft.server.log.statemachine.data.caching.enabled = true (custom)
2019-09-19 14:04:49,561 [pool-58-thread-1] INFO  segmented.SegmentedRaftLogWorker (SegmentedRaftLogWorker.java:lambda$new$0(132)) - dcc77c7b-1d37-448d-8d57-43d254561693-SegmentedRaftLogWorker:Storage Directory /workdir/hadoop-ozone/integration-test/target/test-dir/MiniOzoneClusterImpl-3b2755de-4cfe-4b43-9e0d-73dd8eda8f75/datanode-0/data/ratis/012caddd-9770-4f80-b740-f73f9931e543: flushIndex: setUnconditionally 0 -> -1
2019-09-19 14:04:49,562 [pool-58-thread-1] INFO  server.RaftServerConfigKeys (ConfUtils.java:logGet(43)) - raft.server.snapshot.auto.trigger.enabled = true (custom)
2019-09-19 14:04:49,562 [pool-58-thread-1] INFO  server.RaftServerConfigKeys (ConfUtils.java:logGet(43)) - raft.server.snapshot.auto.trigger.threshold = 1 (custom)
2019-09-19 14:04:49,562 [pool-58-thread-1] INFO  server.RaftServerConfigKeys (ConfUtils.java:logGet(43)) - raft.server.retrycache.expirytime = 600000ms (custom)
2019-09-19 14:04:49,562 [pool-58-thread-1] INFO  impl.RaftServerImpl (RaftServerImpl.java:start(180)) - dcc77c7b-1d37-448d-8d57-43d254561693: start group-F73F9931E543
2019-09-19 14:04:49,562 [pool-58-thread-1] INFO  impl.RaftServerImpl (RaftServerImpl.java:setRole(171)) - dcc77c7b-1d37-448d-8d57-43d254561693:group-F73F9931E543 changes role from null to FOLLOWER at term 0 for startAsFollower
2019-09-19 14:04:49,562 [pool-58-thread-1] INFO  impl.RoleInfo (RoleInfo.java:updateAndGet(143)) - dcc77c7b-1d37-448d-8d57-43d254561693: start FollowerState
2019-09-19 14:04:49,562 [pool-58-thread-1] INFO  util.JmxRegister (JmxRegister.java:tryRegister(44)) - Successfully registered JMX Bean with object name Ratis:service=RaftServer,group=group-F73F9931E543,id=dcc77c7b-1d37-448d-8d57-43d254561693
2019-09-19 14:04:49,564 [RatisPipelineUtilsThread] INFO  pipeline.PipelineStateManager (PipelineStateManager.java:addPipeline(56)) - Created pipeline Pipeline[ Id: 012caddd-9770-4f80-b740-f73f9931e543, Nodes: dcc77c7b-1d37-448d-8d57-43d254561693{ip: 192.168.157.226, host: pr-hdds-1569-swxfz-3172132826, networkLocation: /default-rack, certSerialId: null}, Type:RATIS, Factor:ONE, State:OPEN]
2019-09-19 14:04:49,566 [grpc-default-executor-1] INFO  impl.RaftServerProxy (RaftServerProxy.java:addNew(89)) - dcc77c7b-1d37-448d-8d57-43d254561693: addNew group-51146FF46A84:[dcc77c7b-1d37-448d-8d57-43d254561693:192.168.157.226:34527] returns group-51146FF46A84:java.util.concurrent.CompletableFuture@75651ee1[Not completed]
2019-09-19 14:04:49,567 [pool-58-thread-1] INFO  impl.RaftServerImpl (RaftServerImpl.java:<init>(93)) - dcc77c7b-1d37-448d-8d57-43d254561693: new RaftServerImpl for group-51146FF46A84:[dcc77c7b-1d37-448d-8d57-43d254561693:192.168.157.226:34527] with ContainerStateMachine:uninitialized
2019-09-19 14:04:49,567 [pool-58-thread-1] INFO  server.RaftServerConfigKeys (ConfUtils.java:logGet(43)) - raft.server.rpc.timeout.min = 5s (custom)
2019-09-19 14:04:49,567 [pool-58-thread-1] INFO  server.RaftServerConfigKeys (ConfUtils.java:logGet(43)) - raft.server.rpc.timeout.max = 5200ms (custom)
2019-09-19 14:04:49,567 [pool-58-thread-1] INFO  server.RaftServerConfigKeys (ConfUtils.java:logGet(43)) - raft.server.rpcslowness.timeout = 120s (custom)
2019-09-19 14:04:49,567 [pool-58-thread-1] INFO  server.RaftServerConfigKeys (ConfUtils.java:logGet(43)) - raft.server.sleep.deviation.threshold = 300 (default)
2019-09-19 14:04:49,567 [pool-58-thread-1] INFO  server.RaftServerConfigKeys (ConfUtils.java:logGet(43)) - raft.server.log.appender.install.snapshot.enabled = false (custom)
2019-09-19 14:04:49,567 [pool-58-thread-1] INFO  impl.RaftServerImpl (ServerState.java:<init>(105)) - dcc77c7b-1d37-448d-8d57-43d254561693:group-51146FF46A84 ConfigurationManager, init=-1: [dcc77c7b-1d37-448d-8d57-43d254561693:192.168.157.226:34527], old=null, confs=<EMPTY_MAP>
2019-09-19 14:04:49,567 [pool-58-thread-1] INFO  server.RaftServerConfigKeys (ConfUtils.java:logGet(43)) - raft.server.storage.dir = [/workdir/hadoop-ozone/integration-test/target/test-dir/MiniOzoneClusterImpl-3b2755de-4cfe-4b43-9e0d-73dd8eda8f75/datanode-0/data/ratis] (custom)
2019-09-19 14:04:49,568 [pool-58-thread-1] INFO  storage.RaftStorageDirectory (RaftStorageDirectory.java:analyzeStorage(246)) - The storage directory /workdir/hadoop-ozone/integration-test/target/test-dir/MiniOzoneClusterImpl-3b2755de-4cfe-4b43-9e0d-73dd8eda8f75/datanode-0/data/ratis/7060ee75-1b2c-467d-9f1b-51146ff46a84 does not exist. Creating ...
2019-09-19 14:04:49,580 [pool-58-thread-1] INFO  storage.RaftStorageDirectory (RaftStorageDirectory.java:tryLock(328)) - Lock on /workdir/hadoop-ozone/integration-test/target/test-dir/MiniOzoneClusterImpl-3b2755de-4cfe-4b43-9e0d-73dd8eda8f75/datanode-0/data/ratis/7060ee75-1b2c-467d-9f1b-51146ff46a84/in_use.lock acquired by nodename 30982@pr-hdds-1569-swxfz-3172132826
2019-09-19 14:04:49,588 | INFO  | SCMAudit | user=jenkins1000 | ip=192.168.157.226 | op=SEND_HEARTBEAT {datanodeUUID=dcc77c7b-1d37-448d-8d57-43d254561693, command=[]} | ret=SUCCESS |  
2019-09-19 14:04:49,592 [pool-58-thread-1] INFO  storage.RaftStorage (RaftStorage.java:format(72)) - Storage directory /workdir/hadoop-ozone/integration-test/target/test-dir/MiniOzoneClusterImpl-3b2755de-4cfe-4b43-9e0d-73dd8eda8f75/datanode-0/data/ratis/7060ee75-1b2c-467d-9f1b-51146ff46a84 has been successfully formatted.
2019-09-19 14:04:49,592 [pool-58-thread-1] INFO  ratis.ContainerStateMachine (ContainerStateMachine.java:loadSnapshot(226)) - group-51146FF46A84: The snapshot info is null. Setting the last applied indexto:(t:0, i:~)
2019-09-19 14:04:49,592 [pool-58-thread-1] INFO  server.RaftServerConfigKeys (ConfUtils.java:logGet(43)) - raft.server.leader.election.timeout = 120s (custom)
2019-09-19 14:04:49,592 [pool-58-thread-1] INFO  server.RaftServerConfigKeys (ConfUtils.java:logGet(43)) - raft.server.log.use.memory = false (default)
2019-09-19 14:04:49,592 [pool-58-thread-1] INFO  server.RaftServerConfigKeys (ConfUtils.java:logGet(43)) - raft.server.log.purge.gap = 1000000 (custom)
2019-09-19 14:04:49,592 [pool-58-thread-1] INFO  server.RaftServerConfigKeys (ConfUtils.java:logGet(43)) - raft.server.log.appender.buffer.byte-limit = 33554432 (custom)
2019-09-19 14:04:49,593 [pool-58-thread-1] INFO  server.RaftServerConfigKeys (ConfUtils.java:logGet(43)) - raft.server.log.segment.size.max = 1048576 (custom)
2019-09-19 14:04:49,593 [pool-58-thread-1] INFO  server.RaftServerConfigKeys (ConfUtils.java:logGet(43)) - raft.server.log.segment.cache.num.max = 2 (custom)
2019-09-19 14:04:49,593 [pool-58-thread-1] INFO  segmented.SegmentedRaftLogWorker (SegmentedRaftLogWorker.java:<init>(172)) - new dcc77c7b-1d37-448d-8d57-43d254561693-SegmentedRaftLogWorker:Storage Directory /workdir/hadoop-ozone/integration-test/target/test-dir/MiniOzoneClusterImpl-3b2755de-4cfe-4b43-9e0d-73dd8eda8f75/datanode-0/data/ratis/7060ee75-1b2c-467d-9f1b-51146ff46a84 for RaftStorage:Storage Directory /workdir/hadoop-ozone/integration-test/target/test-dir/MiniOzoneClusterImpl-3b2755de-4cfe-4b43-9e0d-73dd8eda8f75/datanode-0/data/ratis/7060ee75-1b2c-467d-9f1b-51146ff46a84
2019-09-19 14:04:49,593 [pool-58-thread-1] INFO  server.RaftServerConfigKeys (ConfUtils.java:logGet(43)) - raft.server.log.queue.byte-limit = 2147483647 (custom)
2019-09-19 14:04:49,593 [pool-58-thread-1] INFO  server.RaftServerConfigKeys (ConfUtils.java:logGet(43)) - raft.server.log.queue.element-limit = 1024 (custom)
2019-09-19 14:04:49,593 [pool-58-thread-1] INFO  server.RaftServerConfigKeys (ConfUtils.java:logGet(43)) - raft.server.log.segment.size.max = 1048576 (custom)
2019-09-19 14:04:49,593 [pool-58-thread-1] INFO  server.RaftServerConfigKeys (ConfUtils.java:logGet(43)) - raft.server.log.preallocated.size = 16384 (custom)
2019-09-19 14:04:49,593 [pool-58-thread-1] INFO  server.RaftServerConfigKeys (ConfUtils.java:logGet(43)) - raft.server.log.write.buffer.size = 33554432 (custom)
2019-09-19 14:04:49,593 [pool-58-thread-1] INFO  server.RaftServerConfigKeys (ConfUtils.java:logGet(43)) - raft.server.log.force.sync.num = 128 (default)
2019-09-19 14:04:49,593 [pool-58-thread-1] INFO  server.RaftServerConfigKeys (ConfUtils.java:logGet(43)) - raft.server.log.statemachine.data.sync = true (default)
2019-09-19 14:04:49,593 [pool-58-thread-1] INFO  server.RaftServerConfigKeys (ConfUtils.java:logGet(43)) - raft.server.log.statemachine.data.sync.timeout = 10s (default)
2019-09-19 14:04:49,594 [pool-58-thread-1] INFO  server.RaftServerConfigKeys (ConfUtils.java:logGet(43)) - raft.server.log.statemachine.data.sync.timeout.retry = -1 (default)
2019-09-19 14:04:49,594 [pool-58-thread-1] INFO  server.RaftServerConfigKeys (ConfUtils.java:logGet(43)) - raft.server.log.statemachine.data.caching.enabled = true (custom)
2019-09-19 14:04:49,594 [pool-58-thread-1] INFO  segmented.SegmentedRaftLogWorker (SegmentedRaftLogWorker.java:lambda$new$0(132)) - dcc77c7b-1d37-448d-8d57-43d254561693-SegmentedRaftLogWorker:Storage Directory /workdir/hadoop-ozone/integration-test/target/test-dir/MiniOzoneClusterImpl-3b2755de-4cfe-4b43-9e0d-73dd8eda8f75/datanode-0/data/ratis/7060ee75-1b2c-467d-9f1b-51146ff46a84: flushIndex: setUnconditionally 0 -> -1
2019-09-19 14:04:49,594 [pool-58-thread-1] INFO  server.RaftServerConfigKeys (ConfUtils.java:logGet(43)) - raft.server.snapshot.auto.trigger.enabled = true (custom)
2019-09-19 14:04:49,594 [pool-58-thread-1] INFO  server.RaftServerConfigKeys (ConfUtils.java:logGet(43)) - raft.server.snapshot.auto.trigger.threshold = 1 (custom)
2019-09-19 14:04:49,594 [pool-58-thread-1] INFO  server.RaftServerConfigKeys (ConfUtils.java:logGet(43)) - raft.server.retrycache.expirytime = 600000ms (custom)
2019-09-19 14:04:49,594 [pool-58-thread-1] INFO  impl.RaftServerImpl (RaftServerImpl.java:start(180)) - dcc77c7b-1d37-448d-8d57-43d254561693: start group-51146FF46A84
2019-09-19 14:04:49,594 [pool-58-thread-1] INFO  impl.RaftServerImpl (RaftServerImpl.java:setRole(171)) - dcc77c7b-1d37-448d-8d57-43d254561693:group-51146FF46A84 changes role from null to FOLLOWER at term 0 for startAsFollower
2019-09-19 14:04:49,594 [pool-58-thread-1] INFO  impl.RoleInfo (RoleInfo.java:updateAndGet(143)) - dcc77c7b-1d37-448d-8d57-43d254561693: start FollowerState
2019-09-19 14:04:49,595 [pool-58-thread-1] INFO  util.JmxRegister (JmxRegister.java:tryRegister(44)) - Successfully registered JMX Bean with object name Ratis:service=RaftServer,group=group-51146FF46A84,id=dcc77c7b-1d37-448d-8d57-43d254561693
2019-09-19 14:04:49,596 [RatisPipelineUtilsThread] INFO  pipeline.PipelineStateManager (PipelineStateManager.java:addPipeline(56)) - Created pipeline Pipeline[ Id: 7060ee75-1b2c-467d-9f1b-51146ff46a84, Nodes: dcc77c7b-1d37-448d-8d57-43d254561693{ip: 192.168.157.226, host: pr-hdds-1569-swxfz-3172132826, networkLocation: /default-rack, certSerialId: null}, Type:RATIS, Factor:ONE, State:OPEN]
2019-09-19 14:04:49,598 [grpc-default-executor-1] INFO  impl.RaftServerProxy (RaftServerProxy.java:addNew(89)) - dcc77c7b-1d37-448d-8d57-43d254561693: addNew group-6CC3AFCAABDB:[dcc77c7b-1d37-448d-8d57-43d254561693:192.168.157.226:34527] returns group-6CC3AFCAABDB:java.util.concurrent.CompletableFuture@1f3840a[Not completed]
2019-09-19 14:04:49,598 [pool-58-thread-1] INFO  impl.RaftServerImpl (RaftServerImpl.java:<init>(93)) - dcc77c7b-1d37-448d-8d57-43d254561693: new RaftServerImpl for group-6CC3AFCAABDB:[dcc77c7b-1d37-448d-8d57-43d254561693:192.168.157.226:34527] with ContainerStateMachine:uninitialized
2019-09-19 14:04:49,598 [pool-58-thread-1] INFO  server.RaftServerConfigKeys (ConfUtils.java:logGet(43)) - raft.server.rpc.timeout.min = 5s (custom)
2019-09-19 14:04:49,599 [pool-58-thread-1] INFO  server.RaftServerConfigKeys (ConfUtils.java:logGet(43)) - raft.server.rpc.timeout.max = 5200ms (custom)
2019-09-19 14:04:49,599 [pool-58-thread-1] INFO  server.RaftServerConfigKeys (ConfUtils.java:logGet(43)) - raft.server.rpcslowness.timeout = 120s (custom)
2019-09-19 14:04:49,599 [pool-58-thread-1] INFO  server.RaftServerConfigKeys (ConfUtils.java:logGet(43)) - raft.server.sleep.deviation.threshold = 300 (default)
2019-09-19 14:04:49,599 [pool-58-thread-1] INFO  server.RaftServerConfigKeys (ConfUtils.java:logGet(43)) - raft.server.log.appender.install.snapshot.enabled = false (custom)
2019-09-19 14:04:49,599 [pool-58-thread-1] INFO  impl.RaftServerImpl (ServerState.java:<init>(105)) - dcc77c7b-1d37-448d-8d57-43d254561693:group-6CC3AFCAABDB ConfigurationManager, init=-1: [dcc77c7b-1d37-448d-8d57-43d254561693:192.168.157.226:34527], old=null, confs=<EMPTY_MAP>
2019-09-19 14:04:49,599 [pool-58-thread-1] INFO  server.RaftServerConfigKeys (ConfUtils.java:logGet(43)) - raft.server.storage.dir = [/workdir/hadoop-ozone/integration-test/target/test-dir/MiniOzoneClusterImpl-3b2755de-4cfe-4b43-9e0d-73dd8eda8f75/datanode-0/data/ratis] (custom)
2019-09-19 14:04:49,599 [pool-58-thread-1] INFO  storage.RaftStorageDirectory (RaftStorageDirectory.java:analyzeStorage(246)) - The storage directory /workdir/hadoop-ozone/integration-test/target/test-dir/MiniOzoneClusterImpl-3b2755de-4cfe-4b43-9e0d-73dd8eda8f75/datanode-0/data/ratis/103d1a43-9b62-4119-8571-6cc3afcaabdb does not exist. Creating ...
2019-09-19 14:04:49,612 [pool-58-thread-1] INFO  storage.RaftStorageDirectory (RaftStorageDirectory.java:tryLock(328)) - Lock on /workdir/hadoop-ozone/integration-test/target/test-dir/MiniOzoneClusterImpl-3b2755de-4cfe-4b43-9e0d-73dd8eda8f75/datanode-0/data/ratis/103d1a43-9b62-4119-8571-6cc3afcaabdb/in_use.lock acquired by nodename 30982@pr-hdds-1569-swxfz-3172132826
2019-09-19 14:04:49,615 [pool-58-thread-1] INFO  storage.RaftStorage (RaftStorage.java:format(72)) - Storage directory /workdir/hadoop-ozone/integration-test/target/test-dir/MiniOzoneClusterImpl-3b2755de-4cfe-4b43-9e0d-73dd8eda8f75/datanode-0/data/ratis/103d1a43-9b62-4119-8571-6cc3afcaabdb has been successfully formatted.
2019-09-19 14:04:49,615 [pool-58-thread-1] INFO  ratis.ContainerStateMachine (ContainerStateMachine.java:loadSnapshot(226)) - group-6CC3AFCAABDB: The snapshot info is null. Setting the last applied indexto:(t:0, i:~)
2019-09-19 14:04:49,615 [pool-58-thread-1] INFO  server.RaftServerConfigKeys (ConfUtils.java:logGet(43)) - raft.server.leader.election.timeout = 120s (custom)
2019-09-19 14:04:49,615 [pool-58-thread-1] INFO  server.RaftServerConfigKeys (ConfUtils.java:logGet(43)) - raft.server.log.use.memory = false (default)
2019-09-19 14:04:49,615 [pool-58-thread-1] INFO  server.RaftServerConfigKeys (ConfUtils.java:logGet(43)) - raft.server.log.purge.gap = 1000000 (custom)
2019-09-19 14:04:49,615 [pool-58-thread-1] INFO  server.RaftServerConfigKeys (ConfUtils.java:logGet(43)) - raft.server.log.appender.buffer.byte-limit = 33554432 (custom)
2019-09-19 14:04:49,616 [pool-58-thread-1] INFO  server.RaftServerConfigKeys (ConfUtils.java:logGet(43)) - raft.server.log.segment.size.max = 1048576 (custom)
2019-09-19 14:04:49,616 [pool-58-thread-1] INFO  server.RaftServerConfigKeys (ConfUtils.java:logGet(43)) - raft.server.log.segment.cache.num.max = 2 (custom)
2019-09-19 14:04:49,616 [pool-58-thread-1] INFO  segmented.SegmentedRaftLogWorker (SegmentedRaftLogWorker.java:<init>(172)) - new dcc77c7b-1d37-448d-8d57-43d254561693-SegmentedRaftLogWorker:Storage Directory /workdir/hadoop-ozone/integration-test/target/test-dir/MiniOzoneClusterImpl-3b2755de-4cfe-4b43-9e0d-73dd8eda8f75/datanode-0/data/ratis/103d1a43-9b62-4119-8571-6cc3afcaabdb for RaftStorage:Storage Directory /workdir/hadoop-ozone/integration-test/target/test-dir/MiniOzoneClusterImpl-3b2755de-4cfe-4b43-9e0d-73dd8eda8f75/datanode-0/data/ratis/103d1a43-9b62-4119-8571-6cc3afcaabdb
2019-09-19 14:04:49,616 [pool-58-thread-1] INFO  server.RaftServerConfigKeys (ConfUtils.java:logGet(43)) - raft.server.log.queue.byte-limit = 2147483647 (custom)
2019-09-19 14:04:49,616 [pool-58-thread-1] INFO  server.RaftServerConfigKeys (ConfUtils.java:logGet(43)) - raft.server.log.queue.element-limit = 1024 (custom)
2019-09-19 14:04:49,616 [pool-58-thread-1] INFO  server.RaftServerConfigKeys (ConfUtils.java:logGet(43)) - raft.server.log.segment.size.max = 1048576 (custom)
2019-09-19 14:04:49,616 [pool-58-thread-1] INFO  server.RaftServerConfigKeys (ConfUtils.java:logGet(43)) - raft.server.log.preallocated.size = 16384 (custom)
2019-09-19 14:04:49,616 [pool-58-thread-1] INFO  server.RaftServerConfigKeys (ConfUtils.java:logGet(43)) - raft.server.log.write.buffer.size = 33554432 (custom)
2019-09-19 14:04:49,616 [pool-58-thread-1] INFO  server.RaftServerConfigKeys (ConfUtils.java:logGet(43)) - raft.server.log.force.sync.num = 128 (default)
2019-09-19 14:04:49,616 [pool-58-thread-1] INFO  server.RaftServerConfigKeys (ConfUtils.java:logGet(43)) - raft.server.log.statemachine.data.sync = true (default)
2019-09-19 14:04:49,616 [pool-58-thread-1] INFO  server.RaftServerConfigKeys (ConfUtils.java:logGet(43)) - raft.server.log.statemachine.data.sync.timeout = 10s (default)
2019-09-19 14:04:49,616 [pool-58-thread-1] INFO  server.RaftServerConfigKeys (ConfUtils.java:logGet(43)) - raft.server.log.statemachine.data.sync.timeout.retry = -1 (default)
2019-09-19 14:04:49,617 [pool-58-thread-1] INFO  server.RaftServerConfigKeys (ConfUtils.java:logGet(43)) - raft.server.log.statemachine.data.caching.enabled = true (custom)
2019-09-19 14:04:49,617 [pool-58-thread-1] INFO  segmented.SegmentedRaftLogWorker (SegmentedRaftLogWorker.java:lambda$new$0(132)) - dcc77c7b-1d37-448d-8d57-43d254561693-SegmentedRaftLogWorker:Storage Directory /workdir/hadoop-ozone/integration-test/target/test-dir/MiniOzoneClusterImpl-3b2755de-4cfe-4b43-9e0d-73dd8eda8f75/datanode-0/data/ratis/103d1a43-9b62-4119-8571-6cc3afcaabdb: flushIndex: setUnconditionally 0 -> -1
2019-09-19 14:04:49,617 [pool-58-thread-1] INFO  server.RaftServerConfigKeys (ConfUtils.java:logGet(43)) - raft.server.snapshot.auto.trigger.enabled = true (custom)
2019-09-19 14:04:49,617 [pool-58-thread-1] INFO  server.RaftServerConfigKeys (ConfUtils.java:logGet(43)) - raft.server.snapshot.auto.trigger.threshold = 1 (custom)
2019-09-19 14:04:49,617 [pool-58-thread-1] INFO  server.RaftServerConfigKeys (ConfUtils.java:logGet(43)) - raft.server.retrycache.expirytime = 600000ms (custom)
2019-09-19 14:04:49,617 [pool-58-thread-1] INFO  impl.RaftServerImpl (RaftServerImpl.java:start(180)) - dcc77c7b-1d37-448d-8d57-43d254561693: start group-6CC3AFCAABDB
2019-09-19 14:04:49,617 [pool-58-thread-1] INFO  impl.RaftServerImpl (RaftServerImpl.java:setRole(171)) - dcc77c7b-1d37-448d-8d57-43d254561693:group-6CC3AFCAABDB changes role from null to FOLLOWER at term 0 for startAsFollower
2019-09-19 14:04:49,617 [pool-58-thread-1] INFO  impl.RoleInfo (RoleInfo.java:updateAndGet(143)) - dcc77c7b-1d37-448d-8d57-43d254561693: start FollowerState
2019-09-19 14:04:49,617 [pool-58-thread-1] INFO  util.JmxRegister (JmxRegister.java:tryRegister(44)) - Successfully registered JMX Bean with object name Ratis:service=RaftServer,group=group-6CC3AFCAABDB,id=dcc77c7b-1d37-448d-8d57-43d254561693
2019-09-19 14:04:49,618 [RatisPipelineUtilsThread] INFO  pipeline.PipelineStateManager (PipelineStateManager.java:addPipeline(56)) - Created pipeline Pipeline[ Id: 103d1a43-9b62-4119-8571-6cc3afcaabdb, Nodes: dcc77c7b-1d37-448d-8d57-43d254561693{ip: 192.168.157.226, host: pr-hdds-1569-swxfz-3172132826, networkLocation: /default-rack, certSerialId: null}, Type:RATIS, Factor:ONE, State:OPEN]
2019-09-19 14:04:49,620 [grpc-default-executor-1] INFO  impl.RaftServerProxy (RaftServerProxy.java:addNew(89)) - dcc77c7b-1d37-448d-8d57-43d254561693: addNew group-1DA80AE1A56D:[dcc77c7b-1d37-448d-8d57-43d254561693:192.168.157.226:34527] returns group-1DA80AE1A56D:java.util.concurrent.CompletableFuture@1922dca5[Not completed]
2019-09-19 14:04:49,620 [pool-58-thread-1] INFO  impl.RaftServerImpl (RaftServerImpl.java:<init>(93)) - dcc77c7b-1d37-448d-8d57-43d254561693: new RaftServerImpl for group-1DA80AE1A56D:[dcc77c7b-1d37-448d-8d57-43d254561693:192.168.157.226:34527] with ContainerStateMachine:uninitialized
2019-09-19 14:04:49,620 [pool-58-thread-1] INFO  server.RaftServerConfigKeys (ConfUtils.java:logGet(43)) - raft.server.rpc.timeout.min = 5s (custom)
2019-09-19 14:04:49,620 [pool-58-thread-1] INFO  server.RaftServerConfigKeys (ConfUtils.java:logGet(43)) - raft.server.rpc.timeout.max = 5200ms (custom)
2019-09-19 14:04:49,621 [pool-58-thread-1] INFO  server.RaftServerConfigKeys (ConfUtils.java:logGet(43)) - raft.server.rpcslowness.timeout = 120s (custom)
2019-09-19 14:04:49,621 [pool-58-thread-1] INFO  server.RaftServerConfigKeys (ConfUtils.java:logGet(43)) - raft.server.sleep.deviation.threshold = 300 (default)
2019-09-19 14:04:49,621 [pool-58-thread-1] INFO  server.RaftServerConfigKeys (ConfUtils.java:logGet(43)) - raft.server.log.appender.install.snapshot.enabled = false (custom)
2019-09-19 14:04:49,621 [pool-58-thread-1] INFO  impl.RaftServerImpl (ServerState.java:<init>(105)) - dcc77c7b-1d37-448d-8d57-43d254561693:group-1DA80AE1A56D ConfigurationManager, init=-1: [dcc77c7b-1d37-448d-8d57-43d254561693:192.168.157.226:34527], old=null, confs=<EMPTY_MAP>
2019-09-19 14:04:49,621 [pool-58-thread-1] INFO  server.RaftServerConfigKeys (ConfUtils.java:logGet(43)) - raft.server.storage.dir = [/workdir/hadoop-ozone/integration-test/target/test-dir/MiniOzoneClusterImpl-3b2755de-4cfe-4b43-9e0d-73dd8eda8f75/datanode-0/data/ratis] (custom)
2019-09-19 14:04:49,621 [pool-58-thread-1] INFO  storage.RaftStorageDirectory (RaftStorageDirectory.java:analyzeStorage(246)) - The storage directory /workdir/hadoop-ozone/integration-test/target/test-dir/MiniOzoneClusterImpl-3b2755de-4cfe-4b43-9e0d-73dd8eda8f75/datanode-0/data/ratis/37484255-5b47-4213-af12-1da80ae1a56d does not exist. Creating ...
2019-09-19 14:04:49,624 [pool-58-thread-1] INFO  storage.RaftStorageDirectory (RaftStorageDirectory.java:tryLock(328)) - Lock on /workdir/hadoop-ozone/integration-test/target/test-dir/MiniOzoneClusterImpl-3b2755de-4cfe-4b43-9e0d-73dd8eda8f75/datanode-0/data/ratis/37484255-5b47-4213-af12-1da80ae1a56d/in_use.lock acquired by nodename 30982@pr-hdds-1569-swxfz-3172132826
2019-09-19 14:04:49,627 [pool-58-thread-1] INFO  storage.RaftStorage (RaftStorage.java:format(72)) - Storage directory /workdir/hadoop-ozone/integration-test/target/test-dir/MiniOzoneClusterImpl-3b2755de-4cfe-4b43-9e0d-73dd8eda8f75/datanode-0/data/ratis/37484255-5b47-4213-af12-1da80ae1a56d has been successfully formatted.
2019-09-19 14:04:49,628 [pool-58-thread-1] INFO  ratis.ContainerStateMachine (ContainerStateMachine.java:loadSnapshot(226)) - group-1DA80AE1A56D: The snapshot info is null. Setting the last applied indexto:(t:0, i:~)
2019-09-19 14:04:49,628 [pool-58-thread-1] INFO  server.RaftServerConfigKeys (ConfUtils.java:logGet(43)) - raft.server.leader.election.timeout = 120s (custom)
2019-09-19 14:04:49,628 [pool-58-thread-1] INFO  server.RaftServerConfigKeys (ConfUtils.java:logGet(43)) - raft.server.log.use.memory = false (default)
2019-09-19 14:04:49,628 [pool-58-thread-1] INFO  server.RaftServerConfigKeys (ConfUtils.java:logGet(43)) - raft.server.log.purge.gap = 1000000 (custom)
2019-09-19 14:04:49,628 [pool-58-thread-1] INFO  server.RaftServerConfigKeys (ConfUtils.java:logGet(43)) - raft.server.log.appender.buffer.byte-limit = 33554432 (custom)
2019-09-19 14:04:49,628 [pool-58-thread-1] INFO  server.RaftServerConfigKeys (ConfUtils.java:logGet(43)) - raft.server.log.segment.size.max = 1048576 (custom)
2019-09-19 14:04:49,628 [pool-58-thread-1] INFO  server.RaftServerConfigKeys (ConfUtils.java:logGet(43)) - raft.server.log.segment.cache.num.max = 2 (custom)
2019-09-19 14:04:49,628 [pool-58-thread-1] INFO  segmented.SegmentedRaftLogWorker (SegmentedRaftLogWorker.java:<init>(172)) - new dcc77c7b-1d37-448d-8d57-43d254561693-SegmentedRaftLogWorker:Storage Directory /workdir/hadoop-ozone/integration-test/target/test-dir/MiniOzoneClusterImpl-3b2755de-4cfe-4b43-9e0d-73dd8eda8f75/datanode-0/data/ratis/37484255-5b47-4213-af12-1da80ae1a56d for RaftStorage:Storage Directory /workdir/hadoop-ozone/integration-test/target/test-dir/MiniOzoneClusterImpl-3b2755de-4cfe-4b43-9e0d-73dd8eda8f75/datanode-0/data/ratis/37484255-5b47-4213-af12-1da80ae1a56d
2019-09-19 14:04:49,628 [pool-58-thread-1] INFO  server.RaftServerConfigKeys (ConfUtils.java:logGet(43)) - raft.server.log.queue.byte-limit = 2147483647 (custom)
2019-09-19 14:04:49,628 [pool-58-thread-1] INFO  server.RaftServerConfigKeys (ConfUtils.java:logGet(43)) - raft.server.log.queue.element-limit = 1024 (custom)
2019-09-19 14:04:49,628 [pool-58-thread-1] INFO  server.RaftServerConfigKeys (ConfUtils.java:logGet(43)) - raft.server.log.segment.size.max = 1048576 (custom)
2019-09-19 14:04:49,629 [pool-58-thread-1] INFO  server.RaftServerConfigKeys (ConfUtils.java:logGet(43)) - raft.server.log.preallocated.size = 16384 (custom)
2019-09-19 14:04:49,629 [pool-58-thread-1] INFO  server.RaftServerConfigKeys (ConfUtils.java:logGet(43)) - raft.server.log.write.buffer.size = 33554432 (custom)
2019-09-19 14:04:49,629 [pool-58-thread-1] INFO  server.RaftServerConfigKeys (ConfUtils.java:logGet(43)) - raft.server.log.force.sync.num = 128 (default)
2019-09-19 14:04:49,629 [pool-58-thread-1] INFO  server.RaftServerConfigKeys (ConfUtils.java:logGet(43)) - raft.server.log.statemachine.data.sync = true (default)
2019-09-19 14:04:49,629 [pool-58-thread-1] INFO  server.RaftServerConfigKeys (ConfUtils.java:logGet(43)) - raft.server.log.statemachine.data.sync.timeout = 10s (default)
2019-09-19 14:04:49,629 [pool-58-thread-1] INFO  server.RaftServerConfigKeys (ConfUtils.java:logGet(43)) - raft.server.log.statemachine.data.sync.timeout.retry = -1 (default)
2019-09-19 14:04:49,629 [pool-58-thread-1] INFO  server.RaftServerConfigKeys (ConfUtils.java:logGet(43)) - raft.server.log.statemachine.data.caching.enabled = true (custom)
2019-09-19 14:04:49,629 [pool-58-thread-1] INFO  segmented.SegmentedRaftLogWorker (SegmentedRaftLogWorker.java:lambda$new$0(132)) - dcc77c7b-1d37-448d-8d57-43d254561693-SegmentedRaftLogWorker:Storage Directory /workdir/hadoop-ozone/integration-test/target/test-dir/MiniOzoneClusterImpl-3b2755de-4cfe-4b43-9e0d-73dd8eda8f75/datanode-0/data/ratis/37484255-5b47-4213-af12-1da80ae1a56d: flushIndex: setUnconditionally 0 -> -1
2019-09-19 14:04:49,629 [pool-58-thread-1] INFO  server.RaftServerConfigKeys (ConfUtils.java:logGet(43)) - raft.server.snapshot.auto.trigger.enabled = true (custom)
2019-09-19 14:04:49,629 [pool-58-thread-1] INFO  server.RaftServerConfigKeys (ConfUtils.java:logGet(43)) - raft.server.snapshot.auto.trigger.threshold = 1 (custom)
2019-09-19 14:04:49,630 [pool-58-thread-1] INFO  server.RaftServerConfigKeys (ConfUtils.java:logGet(43)) - raft.server.retrycache.expirytime = 600000ms (custom)
2019-09-19 14:04:49,630 [pool-58-thread-1] INFO  impl.RaftServerImpl (RaftServerImpl.java:start(180)) - dcc77c7b-1d37-448d-8d57-43d254561693: start group-1DA80AE1A56D
2019-09-19 14:04:49,630 [pool-58-thread-1] INFO  impl.RaftServerImpl (RaftServerImpl.java:setRole(171)) - dcc77c7b-1d37-448d-8d57-43d254561693:group-1DA80AE1A56D changes role from null to FOLLOWER at term 0 for startAsFollower
2019-09-19 14:04:49,630 [pool-58-thread-1] INFO  impl.RoleInfo (RoleInfo.java:updateAndGet(143)) - dcc77c7b-1d37-448d-8d57-43d254561693: start FollowerState
2019-09-19 14:04:49,630 [pool-58-thread-1] INFO  util.JmxRegister (JmxRegister.java:tryRegister(44)) - Successfully registered JMX Bean with object name Ratis:service=RaftServer,group=group-1DA80AE1A56D,id=dcc77c7b-1d37-448d-8d57-43d254561693
2019-09-19 14:04:49,631 [RatisPipelineUtilsThread] INFO  pipeline.PipelineStateManager (PipelineStateManager.java:addPipeline(56)) - Created pipeline Pipeline[ Id: 37484255-5b47-4213-af12-1da80ae1a56d, Nodes: dcc77c7b-1d37-448d-8d57-43d254561693{ip: 192.168.157.226, host: pr-hdds-1569-swxfz-3172132826, networkLocation: /default-rack, certSerialId: null}, Type:RATIS, Factor:ONE, State:OPEN]
2019-09-19 14:04:49,632 [grpc-default-executor-1] INFO  impl.RaftServerProxy (RaftServerProxy.java:addNew(89)) - dcc77c7b-1d37-448d-8d57-43d254561693: addNew group-249D0A2C63EB:[dcc77c7b-1d37-448d-8d57-43d254561693:192.168.157.226:34527] returns group-249D0A2C63EB:java.util.concurrent.CompletableFuture@4b8c5c2[Not completed]
2019-09-19 14:04:49,633 [pool-58-thread-1] INFO  impl.RaftServerImpl (RaftServerImpl.java:<init>(93)) - dcc77c7b-1d37-448d-8d57-43d254561693: new RaftServerImpl for group-249D0A2C63EB:[dcc77c7b-1d37-448d-8d57-43d254561693:192.168.157.226:34527] with ContainerStateMachine:uninitialized
2019-09-19 14:04:49,633 [pool-58-thread-1] INFO  server.RaftServerConfigKeys (ConfUtils.java:logGet(43)) - raft.server.rpc.timeout.min = 5s (custom)
2019-09-19 14:04:49,633 [pool-58-thread-1] INFO  server.RaftServerConfigKeys (ConfUtils.java:logGet(43)) - raft.server.rpc.timeout.max = 5200ms (custom)
2019-09-19 14:04:49,633 [pool-58-thread-1] INFO  server.RaftServerConfigKeys (ConfUtils.java:logGet(43)) - raft.server.rpcslowness.timeout = 120s (custom)
2019-09-19 14:04:49,633 [pool-58-thread-1] INFO  server.RaftServerConfigKeys (ConfUtils.java:logGet(43)) - raft.server.sleep.deviation.threshold = 300 (default)
2019-09-19 14:04:49,633 [pool-58-thread-1] INFO  server.RaftServerConfigKeys (ConfUtils.java:logGet(43)) - raft.server.log.appender.install.snapshot.enabled = false (custom)
2019-09-19 14:04:49,633 [pool-58-thread-1] INFO  impl.RaftServerImpl (ServerState.java:<init>(105)) - dcc77c7b-1d37-448d-8d57-43d254561693:group-249D0A2C63EB ConfigurationManager, init=-1: [dcc77c7b-1d37-448d-8d57-43d254561693:192.168.157.226:34527], old=null, confs=<EMPTY_MAP>
2019-09-19 14:04:49,633 [pool-58-thread-1] INFO  server.RaftServerConfigKeys (ConfUtils.java:logGet(43)) - raft.server.storage.dir = [/workdir/hadoop-ozone/integration-test/target/test-dir/MiniOzoneClusterImpl-3b2755de-4cfe-4b43-9e0d-73dd8eda8f75/datanode-0/data/ratis] (custom)
2019-09-19 14:04:49,634 [pool-58-thread-1] INFO  storage.RaftStorageDirectory (RaftStorageDirectory.java:analyzeStorage(246)) - The storage directory /workdir/hadoop-ozone/integration-test/target/test-dir/MiniOzoneClusterImpl-3b2755de-4cfe-4b43-9e0d-73dd8eda8f75/datanode-0/data/ratis/33a27c08-ca3f-4b0b-a29c-249d0a2c63eb does not exist. Creating ...
2019-09-19 14:04:49,671 [pool-58-thread-1] INFO  storage.RaftStorageDirectory (RaftStorageDirectory.java:tryLock(328)) - Lock on /workdir/hadoop-ozone/integration-test/target/test-dir/MiniOzoneClusterImpl-3b2755de-4cfe-4b43-9e0d-73dd8eda8f75/datanode-0/data/ratis/33a27c08-ca3f-4b0b-a29c-249d0a2c63eb/in_use.lock acquired by nodename 30982@pr-hdds-1569-swxfz-3172132826
2019-09-19 14:04:49,687 [pool-58-thread-1] INFO  storage.RaftStorage (RaftStorage.java:format(72)) - Storage directory /workdir/hadoop-ozone/integration-test/target/test-dir/MiniOzoneClusterImpl-3b2755de-4cfe-4b43-9e0d-73dd8eda8f75/datanode-0/data/ratis/33a27c08-ca3f-4b0b-a29c-249d0a2c63eb has been successfully formatted.
2019-09-19 14:04:49,687 [pool-58-thread-1] INFO  ratis.ContainerStateMachine (ContainerStateMachine.java:loadSnapshot(226)) - group-249D0A2C63EB: The snapshot info is null. Setting the last applied indexto:(t:0, i:~)
2019-09-19 14:04:49,687 [pool-58-thread-1] INFO  server.RaftServerConfigKeys (ConfUtils.java:logGet(43)) - raft.server.leader.election.timeout = 120s (custom)
2019-09-19 14:04:49,688 [pool-58-thread-1] INFO  server.RaftServerConfigKeys (ConfUtils.java:logGet(43)) - raft.server.log.use.memory = false (default)
2019-09-19 14:04:49,688 [pool-58-thread-1] INFO  server.RaftServerConfigKeys (ConfUtils.java:logGet(43)) - raft.server.log.purge.gap = 1000000 (custom)
2019-09-19 14:04:49,688 [pool-58-thread-1] INFO  server.RaftServerConfigKeys (ConfUtils.java:logGet(43)) - raft.server.log.appender.buffer.byte-limit = 33554432 (custom)
2019-09-19 14:04:49,688 [pool-58-thread-1] INFO  server.RaftServerConfigKeys (ConfUtils.java:logGet(43)) - raft.server.log.segment.size.max = 1048576 (custom)
2019-09-19 14:04:49,688 [pool-58-thread-1] INFO  server.RaftServerConfigKeys (ConfUtils.java:logGet(43)) - raft.server.log.segment.cache.num.max = 2 (custom)
2019-09-19 14:04:49,688 [pool-58-thread-1] INFO  segmented.SegmentedRaftLogWorker (SegmentedRaftLogWorker.java:<init>(172)) - new dcc77c7b-1d37-448d-8d57-43d254561693-SegmentedRaftLogWorker:Storage Directory /workdir/hadoop-ozone/integration-test/target/test-dir/MiniOzoneClusterImpl-3b2755de-4cfe-4b43-9e0d-73dd8eda8f75/datanode-0/data/ratis/33a27c08-ca3f-4b0b-a29c-249d0a2c63eb for RaftStorage:Storage Directory /workdir/hadoop-ozone/integration-test/target/test-dir/MiniOzoneClusterImpl-3b2755de-4cfe-4b43-9e0d-73dd8eda8f75/datanode-0/data/ratis/33a27c08-ca3f-4b0b-a29c-249d0a2c63eb
2019-09-19 14:04:49,688 [pool-58-thread-1] INFO  server.RaftServerConfigKeys (ConfUtils.java:logGet(43)) - raft.server.log.queue.byte-limit = 2147483647 (custom)
2019-09-19 14:04:49,688 [pool-58-thread-1] INFO  server.RaftServerConfigKeys (ConfUtils.java:logGet(43)) - raft.server.log.queue.element-limit = 1024 (custom)
2019-09-19 14:04:49,688 [pool-58-thread-1] INFO  server.RaftServerConfigKeys (ConfUtils.java:logGet(43)) - raft.server.log.segment.size.max = 1048576 (custom)
2019-09-19 14:04:49,688 [pool-58-thread-1] INFO  server.RaftServerConfigKeys (ConfUtils.java:logGet(43)) - raft.server.log.preallocated.size = 16384 (custom)
2019-09-19 14:04:49,689 [pool-58-thread-1] INFO  server.RaftServerConfigKeys (ConfUtils.java:logGet(43)) - raft.server.log.write.buffer.size = 33554432 (custom)
2019-09-19 14:04:49,689 [pool-58-thread-1] INFO  server.RaftServerConfigKeys (ConfUtils.java:logGet(43)) - raft.server.log.force.sync.num = 128 (default)
2019-09-19 14:04:49,689 [pool-58-thread-1] INFO  server.RaftServerConfigKeys (ConfUtils.java:logGet(43)) - raft.server.log.statemachine.data.sync = true (default)
2019-09-19 14:04:49,689 [pool-58-thread-1] INFO  server.RaftServerConfigKeys (ConfUtils.java:logGet(43)) - raft.server.log.statemachine.data.sync.timeout = 10s (default)
2019-09-19 14:04:49,689 [pool-58-thread-1] INFO  server.RaftServerConfigKeys (ConfUtils.java:logGet(43)) - raft.server.log.statemachine.data.sync.timeout.retry = -1 (default)
2019-09-19 14:04:49,689 [pool-58-thread-1] INFO  server.RaftServerConfigKeys (ConfUtils.java:logGet(43)) - raft.server.log.statemachine.data.caching.enabled = true (custom)
2019-09-19 14:04:49,689 [pool-58-thread-1] INFO  segmented.SegmentedRaftLogWorker (SegmentedRaftLogWorker.java:lambda$new$0(132)) - dcc77c7b-1d37-448d-8d57-43d254561693-SegmentedRaftLogWorker:Storage Directory /workdir/hadoop-ozone/integration-test/target/test-dir/MiniOzoneClusterImpl-3b2755de-4cfe-4b43-9e0d-73dd8eda8f75/datanode-0/data/ratis/33a27c08-ca3f-4b0b-a29c-249d0a2c63eb: flushIndex: setUnconditionally 0 -> -1
2019-09-19 14:04:49,689 [pool-58-thread-1] INFO  server.RaftServerConfigKeys (ConfUtils.java:logGet(43)) - raft.server.snapshot.auto.trigger.enabled = true (custom)
2019-09-19 14:04:49,689 [pool-58-thread-1] INFO  server.RaftServerConfigKeys (ConfUtils.java:logGet(43)) - raft.server.snapshot.auto.trigger.threshold = 1 (custom)
2019-09-19 14:04:49,690 [pool-58-thread-1] INFO  server.RaftServerConfigKeys (ConfUtils.java:logGet(43)) - raft.server.retrycache.expirytime = 600000ms (custom)
2019-09-19 14:04:49,690 [pool-58-thread-1] INFO  impl.RaftServerImpl (RaftServerImpl.java:start(180)) - dcc77c7b-1d37-448d-8d57-43d254561693: start group-249D0A2C63EB
2019-09-19 14:04:49,690 [pool-58-thread-1] INFO  impl.RaftServerImpl (RaftServerImpl.java:setRole(171)) - dcc77c7b-1d37-448d-8d57-43d254561693:group-249D0A2C63EB changes role from null to FOLLOWER at term 0 for startAsFollower
2019-09-19 14:04:49,690 [pool-58-thread-1] INFO  impl.RoleInfo (RoleInfo.java:updateAndGet(143)) - dcc77c7b-1d37-448d-8d57-43d254561693: start FollowerState
2019-09-19 14:04:49,690 [pool-58-thread-1] INFO  util.JmxRegister (JmxRegister.java:tryRegister(44)) - Successfully registered JMX Bean with object name Ratis:service=RaftServer,group=group-249D0A2C63EB,id=dcc77c7b-1d37-448d-8d57-43d254561693
2019-09-19 14:04:49,692 [RatisPipelineUtilsThread] INFO  pipeline.PipelineStateManager (PipelineStateManager.java:addPipeline(56)) - Created pipeline Pipeline[ Id: 33a27c08-ca3f-4b0b-a29c-249d0a2c63eb, Nodes: dcc77c7b-1d37-448d-8d57-43d254561693{ip: 192.168.157.226, host: pr-hdds-1569-swxfz-3172132826, networkLocation: /default-rack, certSerialId: null}, Type:RATIS, Factor:ONE, State:OPEN]
2019-09-19 14:04:49,694 [grpc-default-executor-1] INFO  impl.RaftServerProxy (RaftServerProxy.java:addNew(89)) - dcc77c7b-1d37-448d-8d57-43d254561693: addNew group-915C5856C6A2:[dcc77c7b-1d37-448d-8d57-43d254561693:192.168.157.226:34527] returns group-915C5856C6A2:java.util.concurrent.CompletableFuture@2535b0bc[Not completed]
2019-09-19 14:04:49,695 [pool-58-thread-1] INFO  impl.RaftServerImpl (RaftServerImpl.java:<init>(93)) - dcc77c7b-1d37-448d-8d57-43d254561693: new RaftServerImpl for group-915C5856C6A2:[dcc77c7b-1d37-448d-8d57-43d254561693:192.168.157.226:34527] with ContainerStateMachine:uninitialized
2019-09-19 14:04:49,695 [pool-58-thread-1] INFO  server.RaftServerConfigKeys (ConfUtils.java:logGet(43)) - raft.server.rpc.timeout.min = 5s (custom)
2019-09-19 14:04:49,695 [pool-58-thread-1] INFO  server.RaftServerConfigKeys (ConfUtils.java:logGet(43)) - raft.server.rpc.timeout.max = 5200ms (custom)
2019-09-19 14:04:49,695 [pool-58-thread-1] INFO  server.RaftServerConfigKeys (ConfUtils.java:logGet(43)) - raft.server.rpcslowness.timeout = 120s (custom)
2019-09-19 14:04:49,695 [pool-58-thread-1] INFO  server.RaftServerConfigKeys (ConfUtils.java:logGet(43)) - raft.server.sleep.deviation.threshold = 300 (default)
2019-09-19 14:04:49,695 [pool-58-thread-1] INFO  server.RaftServerConfigKeys (ConfUtils.java:logGet(43)) - raft.server.log.appender.install.snapshot.enabled = false (custom)
2019-09-19 14:04:49,695 [pool-58-thread-1] INFO  impl.RaftServerImpl (ServerState.java:<init>(105)) - dcc77c7b-1d37-448d-8d57-43d254561693:group-915C5856C6A2 ConfigurationManager, init=-1: [dcc77c7b-1d37-448d-8d57-43d254561693:192.168.157.226:34527], old=null, confs=<EMPTY_MAP>
2019-09-19 14:04:49,695 [pool-58-thread-1] INFO  server.RaftServerConfigKeys (ConfUtils.java:logGet(43)) - raft.server.storage.dir = [/workdir/hadoop-ozone/integration-test/target/test-dir/MiniOzoneClusterImpl-3b2755de-4cfe-4b43-9e0d-73dd8eda8f75/datanode-0/data/ratis] (custom)
2019-09-19 14:04:49,696 [pool-58-thread-1] INFO  storage.RaftStorageDirectory (RaftStorageDirectory.java:analyzeStorage(246)) - The storage directory /workdir/hadoop-ozone/integration-test/target/test-dir/MiniOzoneClusterImpl-3b2755de-4cfe-4b43-9e0d-73dd8eda8f75/datanode-0/data/ratis/5e139560-b9d5-4f43-ac5c-915c5856c6a2 does not exist. Creating ...
2019-09-19 14:04:49,708 [pool-58-thread-1] INFO  storage.RaftStorageDirectory (RaftStorageDirectory.java:tryLock(328)) - Lock on /workdir/hadoop-ozone/integration-test/target/test-dir/MiniOzoneClusterImpl-3b2755de-4cfe-4b43-9e0d-73dd8eda8f75/datanode-0/data/ratis/5e139560-b9d5-4f43-ac5c-915c5856c6a2/in_use.lock acquired by nodename 30982@pr-hdds-1569-swxfz-3172132826
2019-09-19 14:04:49,734 [pool-58-thread-1] INFO  storage.RaftStorage (RaftStorage.java:format(72)) - Storage directory /workdir/hadoop-ozone/integration-test/target/test-dir/MiniOzoneClusterImpl-3b2755de-4cfe-4b43-9e0d-73dd8eda8f75/datanode-0/data/ratis/5e139560-b9d5-4f43-ac5c-915c5856c6a2 has been successfully formatted.
2019-09-19 14:04:49,734 [pool-58-thread-1] INFO  ratis.ContainerStateMachine (ContainerStateMachine.java:loadSnapshot(226)) - group-915C5856C6A2: The snapshot info is null. Setting the last applied indexto:(t:0, i:~)
2019-09-19 14:04:49,734 [pool-58-thread-1] INFO  server.RaftServerConfigKeys (ConfUtils.java:logGet(43)) - raft.server.leader.election.timeout = 120s (custom)
2019-09-19 14:04:49,734 [pool-58-thread-1] INFO  server.RaftServerConfigKeys (ConfUtils.java:logGet(43)) - raft.server.log.use.memory = false (default)
2019-09-19 14:04:49,734 [pool-58-thread-1] INFO  server.RaftServerConfigKeys (ConfUtils.java:logGet(43)) - raft.server.log.purge.gap = 1000000 (custom)
2019-09-19 14:04:49,735 [pool-58-thread-1] INFO  server.RaftServerConfigKeys (ConfUtils.java:logGet(43)) - raft.server.log.appender.buffer.byte-limit = 33554432 (custom)
2019-09-19 14:04:49,735 [pool-58-thread-1] INFO  server.RaftServerConfigKeys (ConfUtils.java:logGet(43)) - raft.server.log.segment.size.max = 1048576 (custom)
2019-09-19 14:04:49,735 [pool-58-thread-1] INFO  server.RaftServerConfigKeys (ConfUtils.java:logGet(43)) - raft.server.log.segment.cache.num.max = 2 (custom)
2019-09-19 14:04:49,735 [pool-58-thread-1] INFO  segmented.SegmentedRaftLogWorker (SegmentedRaftLogWorker.java:<init>(172)) - new dcc77c7b-1d37-448d-8d57-43d254561693-SegmentedRaftLogWorker:Storage Directory /workdir/hadoop-ozone/integration-test/target/test-dir/MiniOzoneClusterImpl-3b2755de-4cfe-4b43-9e0d-73dd8eda8f75/datanode-0/data/ratis/5e139560-b9d5-4f43-ac5c-915c5856c6a2 for RaftStorage:Storage Directory /workdir/hadoop-ozone/integration-test/target/test-dir/MiniOzoneClusterImpl-3b2755de-4cfe-4b43-9e0d-73dd8eda8f75/datanode-0/data/ratis/5e139560-b9d5-4f43-ac5c-915c5856c6a2
2019-09-19 14:04:49,735 [pool-58-thread-1] INFO  server.RaftServerConfigKeys (ConfUtils.java:logGet(43)) - raft.server.log.queue.byte-limit = 2147483647 (custom)
2019-09-19 14:04:49,735 [pool-58-thread-1] INFO  server.RaftServerConfigKeys (ConfUtils.java:logGet(43)) - raft.server.log.queue.element-limit = 1024 (custom)
2019-09-19 14:04:49,735 [pool-58-thread-1] INFO  server.RaftServerConfigKeys (ConfUtils.java:logGet(43)) - raft.server.log.segment.size.max = 1048576 (custom)
2019-09-19 14:04:49,735 [pool-58-thread-1] INFO  server.RaftServerConfigKeys (ConfUtils.java:logGet(43)) - raft.server.log.preallocated.size = 16384 (custom)
2019-09-19 14:04:49,736 [pool-58-thread-1] INFO  server.RaftServerConfigKeys (ConfUtils.java:logGet(43)) - raft.server.log.write.buffer.size = 33554432 (custom)
2019-09-19 14:04:49,736 [pool-58-thread-1] INFO  server.RaftServerConfigKeys (ConfUtils.java:logGet(43)) - raft.server.log.force.sync.num = 128 (default)
2019-09-19 14:04:49,736 [pool-58-thread-1] INFO  server.RaftServerConfigKeys (ConfUtils.java:logGet(43)) - raft.server.log.statemachine.data.sync = true (default)
2019-09-19 14:04:49,736 [pool-58-thread-1] INFO  server.RaftServerConfigKeys (ConfUtils.java:logGet(43)) - raft.server.log.statemachine.data.sync.timeout = 10s (default)
2019-09-19 14:04:49,736 [pool-58-thread-1] INFO  server.RaftServerConfigKeys (ConfUtils.java:logGet(43)) - raft.server.log.statemachine.data.sync.timeout.retry = -1 (default)
2019-09-19 14:04:49,736 [pool-58-thread-1] INFO  server.RaftServerConfigKeys (ConfUtils.java:logGet(43)) - raft.server.log.statemachine.data.caching.enabled = true (custom)
2019-09-19 14:04:49,736 [pool-58-thread-1] INFO  segmented.SegmentedRaftLogWorker (SegmentedRaftLogWorker.java:lambda$new$0(132)) - dcc77c7b-1d37-448d-8d57-43d254561693-SegmentedRaftLogWorker:Storage Directory /workdir/hadoop-ozone/integration-test/target/test-dir/MiniOzoneClusterImpl-3b2755de-4cfe-4b43-9e0d-73dd8eda8f75/datanode-0/data/ratis/5e139560-b9d5-4f43-ac5c-915c5856c6a2: flushIndex: setUnconditionally 0 -> -1
2019-09-19 14:04:49,737 [pool-58-thread-1] INFO  server.RaftServerConfigKeys (ConfUtils.java:logGet(43)) - raft.server.snapshot.auto.trigger.enabled = true (custom)
2019-09-19 14:04:49,737 [pool-58-thread-1] INFO  server.RaftServerConfigKeys (ConfUtils.java:logGet(43)) - raft.server.snapshot.auto.trigger.threshold = 1 (custom)
2019-09-19 14:04:49,737 [pool-58-thread-1] INFO  server.RaftServerConfigKeys (ConfUtils.java:logGet(43)) - raft.server.retrycache.expirytime = 600000ms (custom)
2019-09-19 14:04:49,737 [pool-58-thread-1] INFO  impl.RaftServerImpl (RaftServerImpl.java:start(180)) - dcc77c7b-1d37-448d-8d57-43d254561693: start group-915C5856C6A2
2019-09-19 14:04:49,737 [pool-58-thread-1] INFO  impl.RaftServerImpl (RaftServerImpl.java:setRole(171)) - dcc77c7b-1d37-448d-8d57-43d254561693:group-915C5856C6A2 changes role from null to FOLLOWER at term 0 for startAsFollower
2019-09-19 14:04:49,737 [pool-58-thread-1] INFO  impl.RoleInfo (RoleInfo.java:updateAndGet(143)) - dcc77c7b-1d37-448d-8d57-43d254561693: start FollowerState
2019-09-19 14:04:49,738 [pool-58-thread-1] INFO  util.JmxRegister (JmxRegister.java:tryRegister(44)) - Successfully registered JMX Bean with object name Ratis:service=RaftServer,group=group-915C5856C6A2,id=dcc77c7b-1d37-448d-8d57-43d254561693
2019-09-19 14:04:49,739 [RatisPipelineUtilsThread] INFO  pipeline.PipelineStateManager (PipelineStateManager.java:addPipeline(56)) - Created pipeline Pipeline[ Id: 5e139560-b9d5-4f43-ac5c-915c5856c6a2, Nodes: dcc77c7b-1d37-448d-8d57-43d254561693{ip: 192.168.157.226, host: pr-hdds-1569-swxfz-3172132826, networkLocation: /default-rack, certSerialId: null}, Type:RATIS, Factor:ONE, State:OPEN]
2019-09-19 14:04:49,741 [grpc-default-executor-1] INFO  impl.RaftServerProxy (RaftServerProxy.java:addNew(89)) - dcc77c7b-1d37-448d-8d57-43d254561693: addNew group-0902E0428BAC:[dcc77c7b-1d37-448d-8d57-43d254561693:192.168.157.226:34527] returns group-0902E0428BAC:java.util.concurrent.CompletableFuture@483148a2[Not completed]
2019-09-19 14:04:49,742 [pool-58-thread-1] INFO  impl.RaftServerImpl (RaftServerImpl.java:<init>(93)) - dcc77c7b-1d37-448d-8d57-43d254561693: new RaftServerImpl for group-0902E0428BAC:[dcc77c7b-1d37-448d-8d57-43d254561693:192.168.157.226:34527] with ContainerStateMachine:uninitialized
2019-09-19 14:04:49,742 [pool-58-thread-1] INFO  server.RaftServerConfigKeys (ConfUtils.java:logGet(43)) - raft.server.rpc.timeout.min = 5s (custom)
2019-09-19 14:04:49,742 [pool-58-thread-1] INFO  server.RaftServerConfigKeys (ConfUtils.java:logGet(43)) - raft.server.rpc.timeout.max = 5200ms (custom)
2019-09-19 14:04:49,742 [pool-58-thread-1] INFO  server.RaftServerConfigKeys (ConfUtils.java:logGet(43)) - raft.server.rpcslowness.timeout = 120s (custom)
2019-09-19 14:04:49,742 [pool-58-thread-1] INFO  server.RaftServerConfigKeys (ConfUtils.java:logGet(43)) - raft.server.sleep.deviation.threshold = 300 (default)
2019-09-19 14:04:49,742 [pool-58-thread-1] INFO  server.RaftServerConfigKeys (ConfUtils.java:logGet(43)) - raft.server.log.appender.install.snapshot.enabled = false (custom)
2019-09-19 14:04:49,742 [pool-58-thread-1] INFO  impl.RaftServerImpl (ServerState.java:<init>(105)) - dcc77c7b-1d37-448d-8d57-43d254561693:group-0902E0428BAC ConfigurationManager, init=-1: [dcc77c7b-1d37-448d-8d57-43d254561693:192.168.157.226:34527], old=null, confs=<EMPTY_MAP>
2019-09-19 14:04:49,743 [pool-58-thread-1] INFO  server.RaftServerConfigKeys (ConfUtils.java:logGet(43)) - raft.server.storage.dir = [/workdir/hadoop-ozone/integration-test/target/test-dir/MiniOzoneClusterImpl-3b2755de-4cfe-4b43-9e0d-73dd8eda8f75/datanode-0/data/ratis] (custom)
2019-09-19 14:04:49,743 [pool-58-thread-1] INFO  storage.RaftStorageDirectory (RaftStorageDirectory.java:analyzeStorage(246)) - The storage directory /workdir/hadoop-ozone/integration-test/target/test-dir/MiniOzoneClusterImpl-3b2755de-4cfe-4b43-9e0d-73dd8eda8f75/datanode-0/data/ratis/498ea860-ba6b-4dd0-abfa-0902e0428bac does not exist. Creating ...
2019-09-19 14:04:49,756 [pool-58-thread-1] INFO  storage.RaftStorageDirectory (RaftStorageDirectory.java:tryLock(328)) - Lock on /workdir/hadoop-ozone/integration-test/target/test-dir/MiniOzoneClusterImpl-3b2755de-4cfe-4b43-9e0d-73dd8eda8f75/datanode-0/data/ratis/498ea860-ba6b-4dd0-abfa-0902e0428bac/in_use.lock acquired by nodename 30982@pr-hdds-1569-swxfz-3172132826
2019-09-19 14:04:49,768 [pool-58-thread-1] INFO  storage.RaftStorage (RaftStorage.java:format(72)) - Storage directory /workdir/hadoop-ozone/integration-test/target/test-dir/MiniOzoneClusterImpl-3b2755de-4cfe-4b43-9e0d-73dd8eda8f75/datanode-0/data/ratis/498ea860-ba6b-4dd0-abfa-0902e0428bac has been successfully formatted.
2019-09-19 14:04:49,769 [pool-58-thread-1] INFO  ratis.ContainerStateMachine (ContainerStateMachine.java:loadSnapshot(226)) - group-0902E0428BAC: The snapshot info is null. Setting the last applied indexto:(t:0, i:~)
2019-09-19 14:04:49,769 [pool-58-thread-1] INFO  server.RaftServerConfigKeys (ConfUtils.java:logGet(43)) - raft.server.leader.election.timeout = 120s (custom)
2019-09-19 14:04:49,769 [pool-58-thread-1] INFO  server.RaftServerConfigKeys (ConfUtils.java:logGet(43)) - raft.server.log.use.memory = false (default)
2019-09-19 14:04:49,769 [pool-58-thread-1] INFO  server.RaftServerConfigKeys (ConfUtils.java:logGet(43)) - raft.server.log.purge.gap = 1000000 (custom)
2019-09-19 14:04:49,769 [pool-58-thread-1] INFO  server.RaftServerConfigKeys (ConfUtils.java:logGet(43)) - raft.server.log.appender.buffer.byte-limit = 33554432 (custom)
2019-09-19 14:04:49,769 [pool-58-thread-1] INFO  server.RaftServerConfigKeys (ConfUtils.java:logGet(43)) - raft.server.log.segment.size.max = 1048576 (custom)
2019-09-19 14:04:49,769 [pool-58-thread-1] INFO  server.RaftServerConfigKeys (ConfUtils.java:logGet(43)) - raft.server.log.segment.cache.num.max = 2 (custom)
2019-09-19 14:04:49,770 [pool-58-thread-1] INFO  segmented.SegmentedRaftLogWorker (SegmentedRaftLogWorker.java:<init>(172)) - new dcc77c7b-1d37-448d-8d57-43d254561693-SegmentedRaftLogWorker:Storage Directory /workdir/hadoop-ozone/integration-test/target/test-dir/MiniOzoneClusterImpl-3b2755de-4cfe-4b43-9e0d-73dd8eda8f75/datanode-0/data/ratis/498ea860-ba6b-4dd0-abfa-0902e0428bac for RaftStorage:Storage Directory /workdir/hadoop-ozone/integration-test/target/test-dir/MiniOzoneClusterImpl-3b2755de-4cfe-4b43-9e0d-73dd8eda8f75/datanode-0/data/ratis/498ea860-ba6b-4dd0-abfa-0902e0428bac
2019-09-19 14:04:49,770 [pool-58-thread-1] INFO  server.RaftServerConfigKeys (ConfUtils.java:logGet(43)) - raft.server.log.queue.byte-limit = 2147483647 (custom)
2019-09-19 14:04:49,770 [pool-58-thread-1] INFO  server.RaftServerConfigKeys (ConfUtils.java:logGet(43)) - raft.server.log.queue.element-limit = 1024 (custom)
2019-09-19 14:04:49,770 [pool-58-thread-1] INFO  server.RaftServerConfigKeys (ConfUtils.java:logGet(43)) - raft.server.log.segment.size.max = 1048576 (custom)
2019-09-19 14:04:49,770 [pool-58-thread-1] INFO  server.RaftServerConfigKeys (ConfUtils.java:logGet(43)) - raft.server.log.preallocated.size = 16384 (custom)
2019-09-19 14:04:49,770 [pool-58-thread-1] INFO  server.RaftServerConfigKeys (ConfUtils.java:logGet(43)) - raft.server.log.write.buffer.size = 33554432 (custom)
2019-09-19 14:04:49,770 [pool-58-thread-1] INFO  server.RaftServerConfigKeys (ConfUtils.java:logGet(43)) - raft.server.log.force.sync.num = 128 (default)
2019-09-19 14:04:49,771 [pool-58-thread-1] INFO  server.RaftServerConfigKeys (ConfUtils.java:logGet(43)) - raft.server.log.statemachine.data.sync = true (default)
2019-09-19 14:04:49,771 [pool-58-thread-1] INFO  server.RaftServerConfigKeys (ConfUtils.java:logGet(43)) - raft.server.log.statemachine.data.sync.timeout = 10s (default)
2019-09-19 14:04:49,771 [pool-58-thread-1] INFO  server.RaftServerConfigKeys (ConfUtils.java:logGet(43)) - raft.server.log.statemachine.data.sync.timeout.retry = -1 (default)
2019-09-19 14:04:49,771 [pool-58-thread-1] INFO  server.RaftServerConfigKeys (ConfUtils.java:logGet(43)) - raft.server.log.statemachine.data.caching.enabled = true (custom)
2019-09-19 14:04:49,771 [pool-58-thread-1] INFO  segmented.SegmentedRaftLogWorker (SegmentedRaftLogWorker.java:lambda$new$0(132)) - dcc77c7b-1d37-448d-8d57-43d254561693-SegmentedRaftLogWorker:Storage Directory /workdir/hadoop-ozone/integration-test/target/test-dir/MiniOzoneClusterImpl-3b2755de-4cfe-4b43-9e0d-73dd8eda8f75/datanode-0/data/ratis/498ea860-ba6b-4dd0-abfa-0902e0428bac: flushIndex: setUnconditionally 0 -> -1
2019-09-19 14:04:49,772 [pool-58-thread-1] INFO  server.RaftServerConfigKeys (ConfUtils.java:logGet(43)) - raft.server.snapshot.auto.trigger.enabled = true (custom)
2019-09-19 14:04:49,772 [pool-58-thread-1] INFO  server.RaftServerConfigKeys (ConfUtils.java:logGet(43)) - raft.server.snapshot.auto.trigger.threshold = 1 (custom)
2019-09-19 14:04:49,772 [pool-58-thread-1] INFO  server.RaftServerConfigKeys (ConfUtils.java:logGet(43)) - raft.server.retrycache.expirytime = 600000ms (custom)
2019-09-19 14:04:49,772 [pool-58-thread-1] INFO  impl.RaftServerImpl (RaftServerImpl.java:start(180)) - dcc77c7b-1d37-448d-8d57-43d254561693: start group-0902E0428BAC
2019-09-19 14:04:49,772 [pool-58-thread-1] INFO  impl.RaftServerImpl (RaftServerImpl.java:setRole(171)) - dcc77c7b-1d37-448d-8d57-43d254561693:group-0902E0428BAC changes role from null to FOLLOWER at term 0 for startAsFollower
2019-09-19 14:04:49,772 [pool-58-thread-1] INFO  impl.RoleInfo (RoleInfo.java:updateAndGet(143)) - dcc77c7b-1d37-448d-8d57-43d254561693: start FollowerState
2019-09-19 14:04:49,773 [pool-58-thread-1] INFO  util.JmxRegister (JmxRegister.java:tryRegister(44)) - Successfully registered JMX Bean with object name Ratis:service=RaftServer,group=group-0902E0428BAC,id=dcc77c7b-1d37-448d-8d57-43d254561693
2019-09-19 14:04:49,774 [RatisPipelineUtilsThread] INFO  pipeline.PipelineStateManager (PipelineStateManager.java:addPipeline(56)) - Created pipeline Pipeline[ Id: 498ea860-ba6b-4dd0-abfa-0902e0428bac, Nodes: dcc77c7b-1d37-448d-8d57-43d254561693{ip: 192.168.157.226, host: pr-hdds-1569-swxfz-3172132826, networkLocation: /default-rack, certSerialId: null}, Type:RATIS, Factor:ONE, State:OPEN]
2019-09-19 14:04:49,776 [grpc-default-executor-1] INFO  impl.RaftServerProxy (RaftServerProxy.java:addNew(89)) - dcc77c7b-1d37-448d-8d57-43d254561693: addNew group-A3CC61AEFF87:[dcc77c7b-1d37-448d-8d57-43d254561693:192.168.157.226:34527] returns group-A3CC61AEFF87:java.util.concurrent.CompletableFuture@6076e2b[Not completed]
2019-09-19 14:04:49,776 [pool-58-thread-1] INFO  impl.RaftServerImpl (RaftServerImpl.java:<init>(93)) - dcc77c7b-1d37-448d-8d57-43d254561693: new RaftServerImpl for group-A3CC61AEFF87:[dcc77c7b-1d37-448d-8d57-43d254561693:192.168.157.226:34527] with ContainerStateMachine:uninitialized
2019-09-19 14:04:49,776 [pool-58-thread-1] INFO  server.RaftServerConfigKeys (ConfUtils.java:logGet(43)) - raft.server.rpc.timeout.min = 5s (custom)
2019-09-19 14:04:49,777 [pool-58-thread-1] INFO  server.RaftServerConfigKeys (ConfUtils.java:logGet(43)) - raft.server.rpc.timeout.max = 5200ms (custom)
2019-09-19 14:04:49,777 [pool-58-thread-1] INFO  server.RaftServerConfigKeys (ConfUtils.java:logGet(43)) - raft.server.rpcslowness.timeout = 120s (custom)
2019-09-19 14:04:49,777 [pool-58-thread-1] INFO  server.RaftServerConfigKeys (ConfUtils.java:logGet(43)) - raft.server.sleep.deviation.threshold = 300 (default)
2019-09-19 14:04:49,777 [pool-58-thread-1] INFO  server.RaftServerConfigKeys (ConfUtils.java:logGet(43)) - raft.server.log.appender.install.snapshot.enabled = false (custom)
2019-09-19 14:04:49,777 [pool-58-thread-1] INFO  impl.RaftServerImpl (ServerState.java:<init>(105)) - dcc77c7b-1d37-448d-8d57-43d254561693:group-A3CC61AEFF87 ConfigurationManager, init=-1: [dcc77c7b-1d37-448d-8d57-43d254561693:192.168.157.226:34527], old=null, confs=<EMPTY_MAP>
2019-09-19 14:04:49,777 [pool-58-thread-1] INFO  server.RaftServerConfigKeys (ConfUtils.java:logGet(43)) - raft.server.storage.dir = [/workdir/hadoop-ozone/integration-test/target/test-dir/MiniOzoneClusterImpl-3b2755de-4cfe-4b43-9e0d-73dd8eda8f75/datanode-0/data/ratis] (custom)
2019-09-19 14:04:49,778 [pool-58-thread-1] INFO  storage.RaftStorageDirectory (RaftStorageDirectory.java:analyzeStorage(246)) - The storage directory /workdir/hadoop-ozone/integration-test/target/test-dir/MiniOzoneClusterImpl-3b2755de-4cfe-4b43-9e0d-73dd8eda8f75/datanode-0/data/ratis/de83de8e-22df-4e2d-9557-a3cc61aeff87 does not exist. Creating ...
2019-09-19 14:04:49,788 | INFO  | SCMAudit | user=jenkins1000 | ip=192.168.157.226 | op=SEND_HEARTBEAT {datanodeUUID=dcc77c7b-1d37-448d-8d57-43d254561693, command=[]} | ret=SUCCESS |  
2019-09-19 14:04:49,790 [pool-58-thread-1] INFO  storage.RaftStorageDirectory (RaftStorageDirectory.java:tryLock(328)) - Lock on /workdir/hadoop-ozone/integration-test/target/test-dir/MiniOzoneClusterImpl-3b2755de-4cfe-4b43-9e0d-73dd8eda8f75/datanode-0/data/ratis/de83de8e-22df-4e2d-9557-a3cc61aeff87/in_use.lock acquired by nodename 30982@pr-hdds-1569-swxfz-3172132826
2019-09-19 14:04:49,803 [pool-58-thread-1] INFO  storage.RaftStorage (RaftStorage.java:format(72)) - Storage directory /workdir/hadoop-ozone/integration-test/target/test-dir/MiniOzoneClusterImpl-3b2755de-4cfe-4b43-9e0d-73dd8eda8f75/datanode-0/data/ratis/de83de8e-22df-4e2d-9557-a3cc61aeff87 has been successfully formatted.
2019-09-19 14:04:49,804 [pool-58-thread-1] INFO  ratis.ContainerStateMachine (ContainerStateMachine.java:loadSnapshot(226)) - group-A3CC61AEFF87: The snapshot info is null. Setting the last applied indexto:(t:0, i:~)
2019-09-19 14:04:49,804 [pool-58-thread-1] INFO  server.RaftServerConfigKeys (ConfUtils.java:logGet(43)) - raft.server.leader.election.timeout = 120s (custom)
2019-09-19 14:04:49,804 [pool-58-thread-1] INFO  server.RaftServerConfigKeys (ConfUtils.java:logGet(43)) - raft.server.log.use.memory = false (default)
2019-09-19 14:04:49,804 [pool-58-thread-1] INFO  server.RaftServerConfigKeys (ConfUtils.java:logGet(43)) - raft.server.log.purge.gap = 1000000 (custom)
2019-09-19 14:04:49,804 [pool-58-thread-1] INFO  server.RaftServerConfigKeys (ConfUtils.java:logGet(43)) - raft.server.log.appender.buffer.byte-limit = 33554432 (custom)
2019-09-19 14:04:49,804 [pool-58-thread-1] INFO  server.RaftServerConfigKeys (ConfUtils.java:logGet(43)) - raft.server.log.segment.size.max = 1048576 (custom)
2019-09-19 14:04:49,804 [pool-58-thread-1] INFO  server.RaftServerConfigKeys (ConfUtils.java:logGet(43)) - raft.server.log.segment.cache.num.max = 2 (custom)
2019-09-19 14:04:49,804 [pool-58-thread-1] INFO  segmented.SegmentedRaftLogWorker (SegmentedRaftLogWorker.java:<init>(172)) - new dcc77c7b-1d37-448d-8d57-43d254561693-SegmentedRaftLogWorker:Storage Directory /workdir/hadoop-ozone/integration-test/target/test-dir/MiniOzoneClusterImpl-3b2755de-4cfe-4b43-9e0d-73dd8eda8f75/datanode-0/data/ratis/de83de8e-22df-4e2d-9557-a3cc61aeff87 for RaftStorage:Storage Directory /workdir/hadoop-ozone/integration-test/target/test-dir/MiniOzoneClusterImpl-3b2755de-4cfe-4b43-9e0d-73dd8eda8f75/datanode-0/data/ratis/de83de8e-22df-4e2d-9557-a3cc61aeff87
2019-09-19 14:04:49,805 [pool-58-thread-1] INFO  server.RaftServerConfigKeys (ConfUtils.java:logGet(43)) - raft.server.log.queue.byte-limit = 2147483647 (custom)
2019-09-19 14:04:49,805 [pool-58-thread-1] INFO  server.RaftServerConfigKeys (ConfUtils.java:logGet(43)) - raft.server.log.queue.element-limit = 1024 (custom)
2019-09-19 14:04:49,805 [pool-58-thread-1] INFO  server.RaftServerConfigKeys (ConfUtils.java:logGet(43)) - raft.server.log.segment.size.max = 1048576 (custom)
2019-09-19 14:04:49,805 [pool-58-thread-1] INFO  server.RaftServerConfigKeys (ConfUtils.java:logGet(43)) - raft.server.log.preallocated.size = 16384 (custom)
2019-09-19 14:04:49,805 [pool-58-thread-1] INFO  server.RaftServerConfigKeys (ConfUtils.java:logGet(43)) - raft.server.log.write.buffer.size = 33554432 (custom)
2019-09-19 14:04:49,805 [pool-58-thread-1] INFO  server.RaftServerConfigKeys (ConfUtils.java:logGet(43)) - raft.server.log.force.sync.num = 128 (default)
2019-09-19 14:04:49,805 [pool-58-thread-1] INFO  server.RaftServerConfigKeys (ConfUtils.java:logGet(43)) - raft.server.log.statemachine.data.sync = true (default)
2019-09-19 14:04:49,805 [pool-58-thread-1] INFO  server.RaftServerConfigKeys (ConfUtils.java:logGet(43)) - raft.server.log.statemachine.data.sync.timeout = 10s (default)
2019-09-19 14:04:49,806 [pool-58-thread-1] INFO  server.RaftServerConfigKeys (ConfUtils.java:logGet(43)) - raft.server.log.statemachine.data.sync.timeout.retry = -1 (default)
2019-09-19 14:04:49,806 [pool-58-thread-1] INFO  server.RaftServerConfigKeys (ConfUtils.java:logGet(43)) - raft.server.log.statemachine.data.caching.enabled = true (custom)
2019-09-19 14:04:49,806 [pool-58-thread-1] INFO  segmented.SegmentedRaftLogWorker (SegmentedRaftLogWorker.java:lambda$new$0(132)) - dcc77c7b-1d37-448d-8d57-43d254561693-SegmentedRaftLogWorker:Storage Directory /workdir/hadoop-ozone/integration-test/target/test-dir/MiniOzoneClusterImpl-3b2755de-4cfe-4b43-9e0d-73dd8eda8f75/datanode-0/data/ratis/de83de8e-22df-4e2d-9557-a3cc61aeff87: flushIndex: setUnconditionally 0 -> -1
2019-09-19 14:04:49,806 [pool-58-thread-1] INFO  server.RaftServerConfigKeys (ConfUtils.java:logGet(43)) - raft.server.snapshot.auto.trigger.enabled = true (custom)
2019-09-19 14:04:49,806 [pool-58-thread-1] INFO  server.RaftServerConfigKeys (ConfUtils.java:logGet(43)) - raft.server.snapshot.auto.trigger.threshold = 1 (custom)
2019-09-19 14:04:49,806 [pool-58-thread-1] INFO  server.RaftServerConfigKeys (ConfUtils.java:logGet(43)) - raft.server.retrycache.expirytime = 600000ms (custom)
2019-09-19 14:04:49,807 [pool-58-thread-1] INFO  impl.RaftServerImpl (RaftServerImpl.java:start(180)) - dcc77c7b-1d37-448d-8d57-43d254561693: start group-A3CC61AEFF87
2019-09-19 14:04:49,807 [pool-58-thread-1] INFO  impl.RaftServerImpl (RaftServerImpl.java:setRole(171)) - dcc77c7b-1d37-448d-8d57-43d254561693:group-A3CC61AEFF87 changes role from null to FOLLOWER at term 0 for startAsFollower
2019-09-19 14:04:49,807 [pool-58-thread-1] INFO  impl.RoleInfo (RoleInfo.java:updateAndGet(143)) - dcc77c7b-1d37-448d-8d57-43d254561693: start FollowerState
2019-09-19 14:04:49,807 [pool-58-thread-1] INFO  util.JmxRegister (JmxRegister.java:tryRegister(44)) - Successfully registered JMX Bean with object name Ratis:service=RaftServer,group=group-A3CC61AEFF87,id=dcc77c7b-1d37-448d-8d57-43d254561693
2019-09-19 14:04:49,809 [RatisPipelineUtilsThread] INFO  pipeline.PipelineStateManager (PipelineStateManager.java:addPipeline(56)) - Created pipeline Pipeline[ Id: de83de8e-22df-4e2d-9557-a3cc61aeff87, Nodes: dcc77c7b-1d37-448d-8d57-43d254561693{ip: 192.168.157.226, host: pr-hdds-1569-swxfz-3172132826, networkLocation: /default-rack, certSerialId: null}, Type:RATIS, Factor:ONE, State:OPEN]
2019-09-19 14:04:49,812 [grpc-default-executor-1] INFO  impl.RaftServerProxy (RaftServerProxy.java:addNew(89)) - dcc77c7b-1d37-448d-8d57-43d254561693: addNew group-2E6F357CF8B7:[dcc77c7b-1d37-448d-8d57-43d254561693:192.168.157.226:34527] returns group-2E6F357CF8B7:java.util.concurrent.CompletableFuture@6621b6a8[Not completed]
2019-09-19 14:04:49,812 [pool-58-thread-1] INFO  impl.RaftServerImpl (RaftServerImpl.java:<init>(93)) - dcc77c7b-1d37-448d-8d57-43d254561693: new RaftServerImpl for group-2E6F357CF8B7:[dcc77c7b-1d37-448d-8d57-43d254561693:192.168.157.226:34527] with ContainerStateMachine:uninitialized
2019-09-19 14:04:49,812 [pool-58-thread-1] INFO  server.RaftServerConfigKeys (ConfUtils.java:logGet(43)) - raft.server.rpc.timeout.min = 5s (custom)
2019-09-19 14:04:49,812 [pool-58-thread-1] INFO  server.RaftServerConfigKeys (ConfUtils.java:logGet(43)) - raft.server.rpc.timeout.max = 5200ms (custom)
2019-09-19 14:04:49,813 [pool-58-thread-1] INFO  server.RaftServerConfigKeys (ConfUtils.java:logGet(43)) - raft.server.rpcslowness.timeout = 120s (custom)
2019-09-19 14:04:49,813 [pool-58-thread-1] INFO  server.RaftServerConfigKeys (ConfUtils.java:logGet(43)) - raft.server.sleep.deviation.threshold = 300 (default)
2019-09-19 14:04:49,813 [pool-58-thread-1] INFO  server.RaftServerConfigKeys (ConfUtils.java:logGet(43)) - raft.server.log.appender.install.snapshot.enabled = false (custom)
2019-09-19 14:04:49,813 [pool-58-thread-1] INFO  impl.RaftServerImpl (ServerState.java:<init>(105)) - dcc77c7b-1d37-448d-8d57-43d254561693:group-2E6F357CF8B7 ConfigurationManager, init=-1: [dcc77c7b-1d37-448d-8d57-43d254561693:192.168.157.226:34527], old=null, confs=<EMPTY_MAP>
2019-09-19 14:04:49,813 [pool-58-thread-1] INFO  server.RaftServerConfigKeys (ConfUtils.java:logGet(43)) - raft.server.storage.dir = [/workdir/hadoop-ozone/integration-test/target/test-dir/MiniOzoneClusterImpl-3b2755de-4cfe-4b43-9e0d-73dd8eda8f75/datanode-0/data/ratis] (custom)
2019-09-19 14:04:49,814 [pool-58-thread-1] INFO  storage.RaftStorageDirectory (RaftStorageDirectory.java:analyzeStorage(246)) - The storage directory /workdir/hadoop-ozone/integration-test/target/test-dir/MiniOzoneClusterImpl-3b2755de-4cfe-4b43-9e0d-73dd8eda8f75/datanode-0/data/ratis/83c6f2d8-1c55-4cd1-b0bb-2e6f357cf8b7 does not exist. Creating ...
2019-09-19 14:04:49,826 [pool-58-thread-1] INFO  storage.RaftStorageDirectory (RaftStorageDirectory.java:tryLock(328)) - Lock on /workdir/hadoop-ozone/integration-test/target/test-dir/MiniOzoneClusterImpl-3b2755de-4cfe-4b43-9e0d-73dd8eda8f75/datanode-0/data/ratis/83c6f2d8-1c55-4cd1-b0bb-2e6f357cf8b7/in_use.lock acquired by nodename 30982@pr-hdds-1569-swxfz-3172132826
2019-09-19 14:04:49,839 [pool-58-thread-1] INFO  storage.RaftStorage (RaftStorage.java:format(72)) - Storage directory /workdir/hadoop-ozone/integration-test/target/test-dir/MiniOzoneClusterImpl-3b2755de-4cfe-4b43-9e0d-73dd8eda8f75/datanode-0/data/ratis/83c6f2d8-1c55-4cd1-b0bb-2e6f357cf8b7 has been successfully formatted.
2019-09-19 14:04:49,839 [pool-58-thread-1] INFO  ratis.ContainerStateMachine (ContainerStateMachine.java:loadSnapshot(226)) - group-2E6F357CF8B7: The snapshot info is null. Setting the last applied indexto:(t:0, i:~)
2019-09-19 14:04:49,839 [pool-58-thread-1] INFO  server.RaftServerConfigKeys (ConfUtils.java:logGet(43)) - raft.server.leader.election.timeout = 120s (custom)
2019-09-19 14:04:49,839 [pool-58-thread-1] INFO  server.RaftServerConfigKeys (ConfUtils.java:logGet(43)) - raft.server.log.use.memory = false (default)
2019-09-19 14:04:49,840 [pool-58-thread-1] INFO  server.RaftServerConfigKeys (ConfUtils.java:logGet(43)) - raft.server.log.purge.gap = 1000000 (custom)
2019-09-19 14:04:49,840 [pool-58-thread-1] INFO  server.RaftServerConfigKeys (ConfUtils.java:logGet(43)) - raft.server.log.appender.buffer.byte-limit = 33554432 (custom)
2019-09-19 14:04:49,840 [pool-58-thread-1] INFO  server.RaftServerConfigKeys (ConfUtils.java:logGet(43)) - raft.server.log.segment.size.max = 1048576 (custom)
2019-09-19 14:04:49,840 [pool-58-thread-1] INFO  server.RaftServerConfigKeys (ConfUtils.java:logGet(43)) - raft.server.log.segment.cache.num.max = 2 (custom)
2019-09-19 14:04:49,840 [pool-58-thread-1] INFO  segmented.SegmentedRaftLogWorker (SegmentedRaftLogWorker.java:<init>(172)) - new dcc77c7b-1d37-448d-8d57-43d254561693-SegmentedRaftLogWorker:Storage Directory /workdir/hadoop-ozone/integration-test/target/test-dir/MiniOzoneClusterImpl-3b2755de-4cfe-4b43-9e0d-73dd8eda8f75/datanode-0/data/ratis/83c6f2d8-1c55-4cd1-b0bb-2e6f357cf8b7 for RaftStorage:Storage Directory /workdir/hadoop-ozone/integration-test/target/test-dir/MiniOzoneClusterImpl-3b2755de-4cfe-4b43-9e0d-73dd8eda8f75/datanode-0/data/ratis/83c6f2d8-1c55-4cd1-b0bb-2e6f357cf8b7
2019-09-19 14:04:49,840 [pool-58-thread-1] INFO  server.RaftServerConfigKeys (ConfUtils.java:logGet(43)) - raft.server.log.queue.byte-limit = 2147483647 (custom)
2019-09-19 14:04:49,840 [pool-58-thread-1] INFO  server.RaftServerConfigKeys (ConfUtils.java:logGet(43)) - raft.server.log.queue.element-limit = 1024 (custom)
2019-09-19 14:04:49,840 [pool-58-thread-1] INFO  server.RaftServerConfigKeys (ConfUtils.java:logGet(43)) - raft.server.log.segment.size.max = 1048576 (custom)
2019-09-19 14:04:49,841 [pool-58-thread-1] INFO  server.RaftServerConfigKeys (ConfUtils.java:logGet(43)) - raft.server.log.preallocated.size = 16384 (custom)
2019-09-19 14:04:49,841 [pool-58-thread-1] INFO  server.RaftServerConfigKeys (ConfUtils.java:logGet(43)) - raft.server.log.write.buffer.size = 33554432 (custom)
2019-09-19 14:04:49,841 [pool-58-thread-1] INFO  server.RaftServerConfigKeys (ConfUtils.java:logGet(43)) - raft.server.log.force.sync.num = 128 (default)
2019-09-19 14:04:49,841 [pool-58-thread-1] INFO  server.RaftServerConfigKeys (ConfUtils.java:logGet(43)) - raft.server.log.statemachine.data.sync = true (default)
2019-09-19 14:04:49,841 [pool-58-thread-1] INFO  server.RaftServerConfigKeys (ConfUtils.java:logGet(43)) - raft.server.log.statemachine.data.sync.timeout = 10s (default)
2019-09-19 14:04:49,841 [pool-58-thread-1] INFO  server.RaftServerConfigKeys (ConfUtils.java:logGet(43)) - raft.server.log.statemachine.data.sync.timeout.retry = -1 (default)
2019-09-19 14:04:49,841 [pool-58-thread-1] INFO  server.RaftServerConfigKeys (ConfUtils.java:logGet(43)) - raft.server.log.statemachine.data.caching.enabled = true (custom)
2019-09-19 14:04:49,841 [pool-58-thread-1] INFO  segmented.SegmentedRaftLogWorker (SegmentedRaftLogWorker.java:lambda$new$0(132)) - dcc77c7b-1d37-448d-8d57-43d254561693-SegmentedRaftLogWorker:Storage Directory /workdir/hadoop-ozone/integration-test/target/test-dir/MiniOzoneClusterImpl-3b2755de-4cfe-4b43-9e0d-73dd8eda8f75/datanode-0/data/ratis/83c6f2d8-1c55-4cd1-b0bb-2e6f357cf8b7: flushIndex: setUnconditionally 0 -> -1
2019-09-19 14:04:49,842 [pool-58-thread-1] INFO  server.RaftServerConfigKeys (ConfUtils.java:logGet(43)) - raft.server.snapshot.auto.trigger.enabled = true (custom)
2019-09-19 14:04:49,842 [pool-58-thread-1] INFO  server.RaftServerConfigKeys (ConfUtils.java:logGet(43)) - raft.server.snapshot.auto.trigger.threshold = 1 (custom)
2019-09-19 14:04:49,842 [pool-58-thread-1] INFO  server.RaftServerConfigKeys (ConfUtils.java:logGet(43)) - raft.server.retrycache.expirytime = 600000ms (custom)
2019-09-19 14:04:49,842 [pool-58-thread-1] INFO  impl.RaftServerImpl (RaftServerImpl.java:start(180)) - dcc77c7b-1d37-448d-8d57-43d254561693: start group-2E6F357CF8B7
2019-09-19 14:04:49,842 [pool-58-thread-1] INFO  impl.RaftServerImpl (RaftServerImpl.java:setRole(171)) - dcc77c7b-1d37-448d-8d57-43d254561693:group-2E6F357CF8B7 changes role from null to FOLLOWER at term 0 for startAsFollower
2019-09-19 14:04:49,842 [pool-58-thread-1] INFO  impl.RoleInfo (RoleInfo.java:updateAndGet(143)) - dcc77c7b-1d37-448d-8d57-43d254561693: start FollowerState
2019-09-19 14:04:49,842 [pool-58-thread-1] INFO  util.JmxRegister (JmxRegister.java:tryRegister(44)) - Successfully registered JMX Bean with object name Ratis:service=RaftServer,group=group-2E6F357CF8B7,id=dcc77c7b-1d37-448d-8d57-43d254561693
2019-09-19 14:04:49,844 [RatisPipelineUtilsThread] INFO  pipeline.PipelineStateManager (PipelineStateManager.java:addPipeline(56)) - Created pipeline Pipeline[ Id: 83c6f2d8-1c55-4cd1-b0bb-2e6f357cf8b7, Nodes: dcc77c7b-1d37-448d-8d57-43d254561693{ip: 192.168.157.226, host: pr-hdds-1569-swxfz-3172132826, networkLocation: /default-rack, certSerialId: null}, Type:RATIS, Factor:ONE, State:OPEN]
2019-09-19 14:04:49,846 [grpc-default-executor-1] INFO  impl.RaftServerProxy (RaftServerProxy.java:addNew(89)) - dcc77c7b-1d37-448d-8d57-43d254561693: addNew group-F3BCA7C22EE0:[dcc77c7b-1d37-448d-8d57-43d254561693:192.168.157.226:34527] returns group-F3BCA7C22EE0:java.util.concurrent.CompletableFuture@295f206c[Not completed]
2019-09-19 14:04:49,846 [pool-58-thread-1] INFO  impl.RaftServerImpl (RaftServerImpl.java:<init>(93)) - dcc77c7b-1d37-448d-8d57-43d254561693: new RaftServerImpl for group-F3BCA7C22EE0:[dcc77c7b-1d37-448d-8d57-43d254561693:192.168.157.226:34527] with ContainerStateMachine:uninitialized
2019-09-19 14:04:49,846 [pool-58-thread-1] INFO  server.RaftServerConfigKeys (ConfUtils.java:logGet(43)) - raft.server.rpc.timeout.min = 5s (custom)
2019-09-19 14:04:49,846 [pool-58-thread-1] INFO  server.RaftServerConfigKeys (ConfUtils.java:logGet(43)) - raft.server.rpc.timeout.max = 5200ms (custom)
2019-09-19 14:04:49,846 [pool-58-thread-1] INFO  server.RaftServerConfigKeys (ConfUtils.java:logGet(43)) - raft.server.rpcslowness.timeout = 120s (custom)
2019-09-19 14:04:49,847 [pool-58-thread-1] INFO  server.RaftServerConfigKeys (ConfUtils.java:logGet(43)) - raft.server.sleep.deviation.threshold = 300 (default)
2019-09-19 14:04:49,847 [pool-58-thread-1] INFO  server.RaftServerConfigKeys (ConfUtils.java:logGet(43)) - raft.server.log.appender.install.snapshot.enabled = false (custom)
2019-09-19 14:04:49,847 [pool-58-thread-1] INFO  impl.RaftServerImpl (ServerState.java:<init>(105)) - dcc77c7b-1d37-448d-8d57-43d254561693:group-F3BCA7C22EE0 ConfigurationManager, init=-1: [dcc77c7b-1d37-448d-8d57-43d254561693:192.168.157.226:34527], old=null, confs=<EMPTY_MAP>
2019-09-19 14:04:49,847 [pool-58-thread-1] INFO  server.RaftServerConfigKeys (ConfUtils.java:logGet(43)) - raft.server.storage.dir = [/workdir/hadoop-ozone/integration-test/target/test-dir/MiniOzoneClusterImpl-3b2755de-4cfe-4b43-9e0d-73dd8eda8f75/datanode-0/data/ratis] (custom)
2019-09-19 14:04:49,847 [pool-58-thread-1] INFO  storage.RaftStorageDirectory (RaftStorageDirectory.java:analyzeStorage(246)) - The storage directory /workdir/hadoop-ozone/integration-test/target/test-dir/MiniOzoneClusterImpl-3b2755de-4cfe-4b43-9e0d-73dd8eda8f75/datanode-0/data/ratis/474c291f-975e-4243-a675-f3bca7c22ee0 does not exist. Creating ...
2019-09-19 14:04:49,860 [pool-58-thread-1] INFO  storage.RaftStorageDirectory (RaftStorageDirectory.java:tryLock(328)) - Lock on /workdir/hadoop-ozone/integration-test/target/test-dir/MiniOzoneClusterImpl-3b2755de-4cfe-4b43-9e0d-73dd8eda8f75/datanode-0/data/ratis/474c291f-975e-4243-a675-f3bca7c22ee0/in_use.lock acquired by nodename 30982@pr-hdds-1569-swxfz-3172132826
2019-09-19 14:04:49,863 [pool-58-thread-1] INFO  storage.RaftStorage (RaftStorage.java:format(72)) - Storage directory /workdir/hadoop-ozone/integration-test/target/test-dir/MiniOzoneClusterImpl-3b2755de-4cfe-4b43-9e0d-73dd8eda8f75/datanode-0/data/ratis/474c291f-975e-4243-a675-f3bca7c22ee0 has been successfully formatted.
2019-09-19 14:04:49,863 [pool-58-thread-1] INFO  ratis.ContainerStateMachine (ContainerStateMachine.java:loadSnapshot(226)) - group-F3BCA7C22EE0: The snapshot info is null. Setting the last applied indexto:(t:0, i:~)
2019-09-19 14:04:49,863 [pool-58-thread-1] INFO  server.RaftServerConfigKeys (ConfUtils.java:logGet(43)) - raft.server.leader.election.timeout = 120s (custom)
2019-09-19 14:04:49,863 [pool-58-thread-1] INFO  server.RaftServerConfigKeys (ConfUtils.java:logGet(43)) - raft.server.log.use.memory = false (default)
2019-09-19 14:04:49,864 [pool-58-thread-1] INFO  server.RaftServerConfigKeys (ConfUtils.java:logGet(43)) - raft.server.log.purge.gap = 1000000 (custom)
2019-09-19 14:04:49,864 [pool-58-thread-1] INFO  server.RaftServerConfigKeys (ConfUtils.java:logGet(43)) - raft.server.log.appender.buffer.byte-limit = 33554432 (custom)
2019-09-19 14:04:49,864 [pool-58-thread-1] INFO  server.RaftServerConfigKeys (ConfUtils.java:logGet(43)) - raft.server.log.segment.size.max = 1048576 (custom)
2019-09-19 14:04:49,864 [pool-58-thread-1] INFO  server.RaftServerConfigKeys (ConfUtils.java:logGet(43)) - raft.server.log.segment.cache.num.max = 2 (custom)
2019-09-19 14:04:49,864 [pool-58-thread-1] INFO  segmented.SegmentedRaftLogWorker (SegmentedRaftLogWorker.java:<init>(172)) - new dcc77c7b-1d37-448d-8d57-43d254561693-SegmentedRaftLogWorker:Storage Directory /workdir/hadoop-ozone/integration-test/target/test-dir/MiniOzoneClusterImpl-3b2755de-4cfe-4b43-9e0d-73dd8eda8f75/datanode-0/data/ratis/474c291f-975e-4243-a675-f3bca7c22ee0 for RaftStorage:Storage Directory /workdir/hadoop-ozone/integration-test/target/test-dir/MiniOzoneClusterImpl-3b2755de-4cfe-4b43-9e0d-73dd8eda8f75/datanode-0/data/ratis/474c291f-975e-4243-a675-f3bca7c22ee0
2019-09-19 14:04:49,864 [pool-58-thread-1] INFO  server.RaftServerConfigKeys (ConfUtils.java:logGet(43)) - raft.server.log.queue.byte-limit = 2147483647 (custom)
2019-09-19 14:04:49,864 [pool-58-thread-1] INFO  server.RaftServerConfigKeys (ConfUtils.java:logGet(43)) - raft.server.log.queue.element-limit = 1024 (custom)
2019-09-19 14:04:49,864 [pool-58-thread-1] INFO  server.RaftServerConfigKeys (ConfUtils.java:logGet(43)) - raft.server.log.segment.size.max = 1048576 (custom)
2019-09-19 14:04:49,865 [pool-58-thread-1] INFO  server.RaftServerConfigKeys (ConfUtils.java:logGet(43)) - raft.server.log.preallocated.size = 16384 (custom)
2019-09-19 14:04:49,865 [pool-58-thread-1] INFO  server.RaftServerConfigKeys (ConfUtils.java:logGet(43)) - raft.server.log.write.buffer.size = 33554432 (custom)
2019-09-19 14:04:49,865 [pool-58-thread-1] INFO  server.RaftServerConfigKeys (ConfUtils.java:logGet(43)) - raft.server.log.force.sync.num = 128 (default)
2019-09-19 14:04:49,865 [pool-58-thread-1] INFO  server.RaftServerConfigKeys (ConfUtils.java:logGet(43)) - raft.server.log.statemachine.data.sync = true (default)
2019-09-19 14:04:49,865 [pool-58-thread-1] INFO  server.RaftServerConfigKeys (ConfUtils.java:logGet(43)) - raft.server.log.statemachine.data.sync.timeout = 10s (default)
2019-09-19 14:04:49,865 [pool-58-thread-1] INFO  server.RaftServerConfigKeys (ConfUtils.java:logGet(43)) - raft.server.log.statemachine.data.sync.timeout.retry = -1 (default)
2019-09-19 14:04:49,865 [pool-58-thread-1] INFO  server.RaftServerConfigKeys (ConfUtils.java:logGet(43)) - raft.server.log.statemachine.data.caching.enabled = true (custom)
2019-09-19 14:04:49,866 [pool-58-thread-1] INFO  segmented.SegmentedRaftLogWorker (SegmentedRaftLogWorker.java:lambda$new$0(132)) - dcc77c7b-1d37-448d-8d57-43d254561693-SegmentedRaftLogWorker:Storage Directory /workdir/hadoop-ozone/integration-test/target/test-dir/MiniOzoneClusterImpl-3b2755de-4cfe-4b43-9e0d-73dd8eda8f75/datanode-0/data/ratis/474c291f-975e-4243-a675-f3bca7c22ee0: flushIndex: setUnconditionally 0 -> -1
2019-09-19 14:04:49,866 [pool-58-thread-1] INFO  server.RaftServerConfigKeys (ConfUtils.java:logGet(43)) - raft.server.snapshot.auto.trigger.enabled = true (custom)
2019-09-19 14:04:49,866 [pool-58-thread-1] INFO  server.RaftServerConfigKeys (ConfUtils.java:logGet(43)) - raft.server.snapshot.auto.trigger.threshold = 1 (custom)
2019-09-19 14:04:49,866 [pool-58-thread-1] INFO  server.RaftServerConfigKeys (ConfUtils.java:logGet(43)) - raft.server.retrycache.expirytime = 600000ms (custom)
2019-09-19 14:04:49,866 [pool-58-thread-1] INFO  impl.RaftServerImpl (RaftServerImpl.java:start(180)) - dcc77c7b-1d37-448d-8d57-43d254561693: start group-F3BCA7C22EE0
2019-09-19 14:04:49,866 [pool-58-thread-1] INFO  impl.RaftServerImpl (RaftServerImpl.java:setRole(171)) - dcc77c7b-1d37-448d-8d57-43d254561693:group-F3BCA7C22EE0 changes role from null to FOLLOWER at term 0 for startAsFollower
2019-09-19 14:04:49,866 [pool-58-thread-1] INFO  impl.RoleInfo (RoleInfo.java:updateAndGet(143)) - dcc77c7b-1d37-448d-8d57-43d254561693: start FollowerState
2019-09-19 14:04:49,867 [pool-58-thread-1] INFO  util.JmxRegister (JmxRegister.java:tryRegister(44)) - Successfully registered JMX Bean with object name Ratis:service=RaftServer,group=group-F3BCA7C22EE0,id=dcc77c7b-1d37-448d-8d57-43d254561693
2019-09-19 14:04:49,868 [RatisPipelineUtilsThread] INFO  pipeline.PipelineStateManager (PipelineStateManager.java:addPipeline(56)) - Created pipeline Pipeline[ Id: 474c291f-975e-4243-a675-f3bca7c22ee0, Nodes: dcc77c7b-1d37-448d-8d57-43d254561693{ip: 192.168.157.226, host: pr-hdds-1569-swxfz-3172132826, networkLocation: /default-rack, certSerialId: null}, Type:RATIS, Factor:ONE, State:OPEN]
2019-09-19 14:04:49,870 [grpc-default-executor-1] INFO  impl.RaftServerProxy (RaftServerProxy.java:addNew(89)) - dcc77c7b-1d37-448d-8d57-43d254561693: addNew group-C631AF6B090C:[dcc77c7b-1d37-448d-8d57-43d254561693:192.168.157.226:34527] returns group-C631AF6B090C:java.util.concurrent.CompletableFuture@5a592ee3[Not completed]
2019-09-19 14:04:49,870 [pool-58-thread-1] INFO  impl.RaftServerImpl (RaftServerImpl.java:<init>(93)) - dcc77c7b-1d37-448d-8d57-43d254561693: new RaftServerImpl for group-C631AF6B090C:[dcc77c7b-1d37-448d-8d57-43d254561693:192.168.157.226:34527] with ContainerStateMachine:uninitialized
2019-09-19 14:04:49,871 [pool-58-thread-1] INFO  server.RaftServerConfigKeys (ConfUtils.java:logGet(43)) - raft.server.rpc.timeout.min = 5s (custom)
2019-09-19 14:04:49,871 [pool-58-thread-1] INFO  server.RaftServerConfigKeys (ConfUtils.java:logGet(43)) - raft.server.rpc.timeout.max = 5200ms (custom)
2019-09-19 14:04:49,871 [pool-58-thread-1] INFO  server.RaftServerConfigKeys (ConfUtils.java:logGet(43)) - raft.server.rpcslowness.timeout = 120s (custom)
2019-09-19 14:04:49,871 [pool-58-thread-1] INFO  server.RaftServerConfigKeys (ConfUtils.java:logGet(43)) - raft.server.sleep.deviation.threshold = 300 (default)
2019-09-19 14:04:49,871 [pool-58-thread-1] INFO  server.RaftServerConfigKeys (ConfUtils.java:logGet(43)) - raft.server.log.appender.install.snapshot.enabled = false (custom)
2019-09-19 14:04:49,871 [pool-58-thread-1] INFO  impl.RaftServerImpl (ServerState.java:<init>(105)) - dcc77c7b-1d37-448d-8d57-43d254561693:group-C631AF6B090C ConfigurationManager, init=-1: [dcc77c7b-1d37-448d-8d57-43d254561693:192.168.157.226:34527], old=null, confs=<EMPTY_MAP>
2019-09-19 14:04:49,871 [pool-58-thread-1] INFO  server.RaftServerConfigKeys (ConfUtils.java:logGet(43)) - raft.server.storage.dir = [/workdir/hadoop-ozone/integration-test/target/test-dir/MiniOzoneClusterImpl-3b2755de-4cfe-4b43-9e0d-73dd8eda8f75/datanode-0/data/ratis] (custom)
2019-09-19 14:04:49,872 [pool-58-thread-1] INFO  storage.RaftStorageDirectory (RaftStorageDirectory.java:analyzeStorage(246)) - The storage directory /workdir/hadoop-ozone/integration-test/target/test-dir/MiniOzoneClusterImpl-3b2755de-4cfe-4b43-9e0d-73dd8eda8f75/datanode-0/data/ratis/418cc7e3-7f3f-4a25-8e55-c631af6b090c does not exist. Creating ...
2019-09-19 14:04:49,875 [pool-58-thread-1] INFO  storage.RaftStorageDirectory (RaftStorageDirectory.java:tryLock(328)) - Lock on /workdir/hadoop-ozone/integration-test/target/test-dir/MiniOzoneClusterImpl-3b2755de-4cfe-4b43-9e0d-73dd8eda8f75/datanode-0/data/ratis/418cc7e3-7f3f-4a25-8e55-c631af6b090c/in_use.lock acquired by nodename 30982@pr-hdds-1569-swxfz-3172132826
2019-09-19 14:04:49,879 [pool-58-thread-1] INFO  storage.RaftStorage (RaftStorage.java:format(72)) - Storage directory /workdir/hadoop-ozone/integration-test/target/test-dir/MiniOzoneClusterImpl-3b2755de-4cfe-4b43-9e0d-73dd8eda8f75/datanode-0/data/ratis/418cc7e3-7f3f-4a25-8e55-c631af6b090c has been successfully formatted.
2019-09-19 14:04:49,879 [pool-58-thread-1] INFO  ratis.ContainerStateMachine (ContainerStateMachine.java:loadSnapshot(226)) - group-C631AF6B090C: The snapshot info is null. Setting the last applied indexto:(t:0, i:~)
2019-09-19 14:04:49,879 [pool-58-thread-1] INFO  server.RaftServerConfigKeys (ConfUtils.java:logGet(43)) - raft.server.leader.election.timeout = 120s (custom)
2019-09-19 14:04:49,879 [pool-58-thread-1] INFO  server.RaftServerConfigKeys (ConfUtils.java:logGet(43)) - raft.server.log.use.memory = false (default)
2019-09-19 14:04:49,879 [pool-58-thread-1] INFO  server.RaftServerConfigKeys (ConfUtils.java:logGet(43)) - raft.server.log.purge.gap = 1000000 (custom)
2019-09-19 14:04:49,879 [pool-58-thread-1] INFO  server.RaftServerConfigKeys (ConfUtils.java:logGet(43)) - raft.server.log.appender.buffer.byte-limit = 33554432 (custom)
2019-09-19 14:04:49,879 [pool-58-thread-1] INFO  server.RaftServerConfigKeys (ConfUtils.java:logGet(43)) - raft.server.log.segment.size.max = 1048576 (custom)
2019-09-19 14:04:49,880 [pool-58-thread-1] INFO  server.RaftServerConfigKeys (ConfUtils.java:logGet(43)) - raft.server.log.segment.cache.num.max = 2 (custom)
2019-09-19 14:04:49,880 [pool-58-thread-1] INFO  segmented.SegmentedRaftLogWorker (SegmentedRaftLogWorker.java:<init>(172)) - new dcc77c7b-1d37-448d-8d57-43d254561693-SegmentedRaftLogWorker:Storage Directory /workdir/hadoop-ozone/integration-test/target/test-dir/MiniOzoneClusterImpl-3b2755de-4cfe-4b43-9e0d-73dd8eda8f75/datanode-0/data/ratis/418cc7e3-7f3f-4a25-8e55-c631af6b090c for RaftStorage:Storage Directory /workdir/hadoop-ozone/integration-test/target/test-dir/MiniOzoneClusterImpl-3b2755de-4cfe-4b43-9e0d-73dd8eda8f75/datanode-0/data/ratis/418cc7e3-7f3f-4a25-8e55-c631af6b090c
2019-09-19 14:04:49,880 [pool-58-thread-1] INFO  server.RaftServerConfigKeys (ConfUtils.java:logGet(43)) - raft.server.log.queue.byte-limit = 2147483647 (custom)
2019-09-19 14:04:49,880 [pool-58-thread-1] INFO  server.RaftServerConfigKeys (ConfUtils.java:logGet(43)) - raft.server.log.queue.element-limit = 1024 (custom)
2019-09-19 14:04:49,880 [pool-58-thread-1] INFO  server.RaftServerConfigKeys (ConfUtils.java:logGet(43)) - raft.server.log.segment.size.max = 1048576 (custom)
2019-09-19 14:04:49,880 [pool-58-thread-1] INFO  server.RaftServerConfigKeys (ConfUtils.java:logGet(43)) - raft.server.log.preallocated.size = 16384 (custom)
2019-09-19 14:04:49,880 [pool-58-thread-1] INFO  server.RaftServerConfigKeys (ConfUtils.java:logGet(43)) - raft.server.log.write.buffer.size = 33554432 (custom)
2019-09-19 14:04:49,880 [pool-58-thread-1] INFO  server.RaftServerConfigKeys (ConfUtils.java:logGet(43)) - raft.server.log.force.sync.num = 128 (default)
2019-09-19 14:04:49,881 [pool-58-thread-1] INFO  server.RaftServerConfigKeys (ConfUtils.java:logGet(43)) - raft.server.log.statemachine.data.sync = true (default)
2019-09-19 14:04:49,881 [pool-58-thread-1] INFO  server.RaftServerConfigKeys (ConfUtils.java:logGet(43)) - raft.server.log.statemachine.data.sync.timeout = 10s (default)
2019-09-19 14:04:49,881 [pool-58-thread-1] INFO  server.RaftServerConfigKeys (ConfUtils.java:logGet(43)) - raft.server.log.statemachine.data.sync.timeout.retry = -1 (default)
2019-09-19 14:04:49,881 [pool-58-thread-1] INFO  server.RaftServerConfigKeys (ConfUtils.java:logGet(43)) - raft.server.log.statemachine.data.caching.enabled = true (custom)
2019-09-19 14:04:49,881 [pool-58-thread-1] INFO  segmented.SegmentedRaftLogWorker (SegmentedRaftLogWorker.java:lambda$new$0(132)) - dcc77c7b-1d37-448d-8d57-43d254561693-SegmentedRaftLogWorker:Storage Directory /workdir/hadoop-ozone/integration-test/target/test-dir/MiniOzoneClusterImpl-3b2755de-4cfe-4b43-9e0d-73dd8eda8f75/datanode-0/data/ratis/418cc7e3-7f3f-4a25-8e55-c631af6b090c: flushIndex: setUnconditionally 0 -> -1
2019-09-19 14:04:49,881 [pool-58-thread-1] INFO  server.RaftServerConfigKeys (ConfUtils.java:logGet(43)) - raft.server.snapshot.auto.trigger.enabled = true (custom)
2019-09-19 14:04:49,882 [pool-58-thread-1] INFO  server.RaftServerConfigKeys (ConfUtils.java:logGet(43)) - raft.server.snapshot.auto.trigger.threshold = 1 (custom)
2019-09-19 14:04:49,882 [pool-58-thread-1] INFO  server.RaftServerConfigKeys (ConfUtils.java:logGet(43)) - raft.server.retrycache.expirytime = 600000ms (custom)
2019-09-19 14:04:49,882 [pool-58-thread-1] INFO  impl.RaftServerImpl (RaftServerImpl.java:start(180)) - dcc77c7b-1d37-448d-8d57-43d254561693: start group-C631AF6B090C
2019-09-19 14:04:49,882 [pool-58-thread-1] INFO  impl.RaftServerImpl (RaftServerImpl.java:setRole(171)) - dcc77c7b-1d37-448d-8d57-43d254561693:group-C631AF6B090C changes role from null to FOLLOWER at term 0 for startAsFollower
2019-09-19 14:04:49,882 [pool-58-thread-1] INFO  impl.RoleInfo (RoleInfo.java:updateAndGet(143)) - dcc77c7b-1d37-448d-8d57-43d254561693: start FollowerState
2019-09-19 14:04:49,882 [pool-58-thread-1] INFO  util.JmxRegister (JmxRegister.java:tryRegister(44)) - Successfully registered JMX Bean with object name Ratis:service=RaftServer,group=group-C631AF6B090C,id=dcc77c7b-1d37-448d-8d57-43d254561693
2019-09-19 14:04:49,884 [RatisPipelineUtilsThread] INFO  pipeline.PipelineStateManager (PipelineStateManager.java:addPipeline(56)) - Created pipeline Pipeline[ Id: 418cc7e3-7f3f-4a25-8e55-c631af6b090c, Nodes: dcc77c7b-1d37-448d-8d57-43d254561693{ip: 192.168.157.226, host: pr-hdds-1569-swxfz-3172132826, networkLocation: /default-rack, certSerialId: null}, Type:RATIS, Factor:ONE, State:OPEN]
2019-09-19 14:04:49,886 [grpc-default-executor-1] INFO  impl.RaftServerProxy (RaftServerProxy.java:addNew(89)) - dcc77c7b-1d37-448d-8d57-43d254561693: addNew group-0FBA50506B5E:[dcc77c7b-1d37-448d-8d57-43d254561693:192.168.157.226:34527] returns group-0FBA50506B5E:java.util.concurrent.CompletableFuture@3d61ddb0[Not completed]
2019-09-19 14:04:49,887 [pool-58-thread-1] INFO  impl.RaftServerImpl (RaftServerImpl.java:<init>(93)) - dcc77c7b-1d37-448d-8d57-43d254561693: new RaftServerImpl for group-0FBA50506B5E:[dcc77c7b-1d37-448d-8d57-43d254561693:192.168.157.226:34527] with ContainerStateMachine:uninitialized
2019-09-19 14:04:49,887 [pool-58-thread-1] INFO  server.RaftServerConfigKeys (ConfUtils.java:logGet(43)) - raft.server.rpc.timeout.min = 5s (custom)
2019-09-19 14:04:49,887 [pool-58-thread-1] INFO  server.RaftServerConfigKeys (ConfUtils.java:logGet(43)) - raft.server.rpc.timeout.max = 5200ms (custom)
2019-09-19 14:04:49,887 [pool-58-thread-1] INFO  server.RaftServerConfigKeys (ConfUtils.java:logGet(43)) - raft.server.rpcslowness.timeout = 120s (custom)
2019-09-19 14:04:49,887 [pool-58-thread-1] INFO  server.RaftServerConfigKeys (ConfUtils.java:logGet(43)) - raft.server.sleep.deviation.threshold = 300 (default)
2019-09-19 14:04:49,887 [pool-58-thread-1] INFO  server.RaftServerConfigKeys (ConfUtils.java:logGet(43)) - raft.server.log.appender.install.snapshot.enabled = false (custom)
2019-09-19 14:04:49,887 [pool-58-thread-1] INFO  impl.RaftServerImpl (ServerState.java:<init>(105)) - dcc77c7b-1d37-448d-8d57-43d254561693:group-0FBA50506B5E ConfigurationManager, init=-1: [dcc77c7b-1d37-448d-8d57-43d254561693:192.168.157.226:34527], old=null, confs=<EMPTY_MAP>
2019-09-19 14:04:49,887 [pool-58-thread-1] INFO  server.RaftServerConfigKeys (ConfUtils.java:logGet(43)) - raft.server.storage.dir = [/workdir/hadoop-ozone/integration-test/target/test-dir/MiniOzoneClusterImpl-3b2755de-4cfe-4b43-9e0d-73dd8eda8f75/datanode-0/data/ratis] (custom)
2019-09-19 14:04:49,888 [pool-58-thread-1] INFO  storage.RaftStorageDirectory (RaftStorageDirectory.java:analyzeStorage(246)) - The storage directory /workdir/hadoop-ozone/integration-test/target/test-dir/MiniOzoneClusterImpl-3b2755de-4cfe-4b43-9e0d-73dd8eda8f75/datanode-0/data/ratis/09129046-9e24-406b-9382-0fba50506b5e does not exist. Creating ...
2019-09-19 14:04:49,907 [pool-58-thread-1] INFO  storage.RaftStorageDirectory (RaftStorageDirectory.java:tryLock(328)) - Lock on /workdir/hadoop-ozone/integration-test/target/test-dir/MiniOzoneClusterImpl-3b2755de-4cfe-4b43-9e0d-73dd8eda8f75/datanode-0/data/ratis/09129046-9e24-406b-9382-0fba50506b5e/in_use.lock acquired by nodename 30982@pr-hdds-1569-swxfz-3172132826
2019-09-19 14:04:49,927 [pool-58-thread-1] INFO  storage.RaftStorage (RaftStorage.java:format(72)) - Storage directory /workdir/hadoop-ozone/integration-test/target/test-dir/MiniOzoneClusterImpl-3b2755de-4cfe-4b43-9e0d-73dd8eda8f75/datanode-0/data/ratis/09129046-9e24-406b-9382-0fba50506b5e has been successfully formatted.
2019-09-19 14:04:49,927 [pool-58-thread-1] INFO  ratis.ContainerStateMachine (ContainerStateMachine.java:loadSnapshot(226)) - group-0FBA50506B5E: The snapshot info is null. Setting the last applied indexto:(t:0, i:~)
2019-09-19 14:04:49,927 [pool-58-thread-1] INFO  server.RaftServerConfigKeys (ConfUtils.java:logGet(43)) - raft.server.leader.election.timeout = 120s (custom)
2019-09-19 14:04:49,927 [pool-58-thread-1] INFO  server.RaftServerConfigKeys (ConfUtils.java:logGet(43)) - raft.server.log.use.memory = false (default)
2019-09-19 14:04:49,927 [pool-58-thread-1] INFO  server.RaftServerConfigKeys (ConfUtils.java:logGet(43)) - raft.server.log.purge.gap = 1000000 (custom)
2019-09-19 14:04:49,927 [pool-58-thread-1] INFO  server.RaftServerConfigKeys (ConfUtils.java:logGet(43)) - raft.server.log.appender.buffer.byte-limit = 33554432 (custom)
2019-09-19 14:04:49,927 [pool-58-thread-1] INFO  server.RaftServerConfigKeys (ConfUtils.java:logGet(43)) - raft.server.log.segment.size.max = 1048576 (custom)
2019-09-19 14:04:49,928 [pool-58-thread-1] INFO  server.RaftServerConfigKeys (ConfUtils.java:logGet(43)) - raft.server.log.segment.cache.num.max = 2 (custom)
2019-09-19 14:04:49,928 [pool-58-thread-1] INFO  segmented.SegmentedRaftLogWorker (SegmentedRaftLogWorker.java:<init>(172)) - new dcc77c7b-1d37-448d-8d57-43d254561693-SegmentedRaftLogWorker:Storage Directory /workdir/hadoop-ozone/integration-test/target/test-dir/MiniOzoneClusterImpl-3b2755de-4cfe-4b43-9e0d-73dd8eda8f75/datanode-0/data/ratis/09129046-9e24-406b-9382-0fba50506b5e for RaftStorage:Storage Directory /workdir/hadoop-ozone/integration-test/target/test-dir/MiniOzoneClusterImpl-3b2755de-4cfe-4b43-9e0d-73dd8eda8f75/datanode-0/data/ratis/09129046-9e24-406b-9382-0fba50506b5e
2019-09-19 14:04:49,928 [pool-58-thread-1] INFO  server.RaftServerConfigKeys (ConfUtils.java:logGet(43)) - raft.server.log.queue.byte-limit = 2147483647 (custom)
2019-09-19 14:04:49,928 [pool-58-thread-1] INFO  server.RaftServerConfigKeys (ConfUtils.java:logGet(43)) - raft.server.log.queue.element-limit = 1024 (custom)
2019-09-19 14:04:49,928 [pool-58-thread-1] INFO  server.RaftServerConfigKeys (ConfUtils.java:logGet(43)) - raft.server.log.segment.size.max = 1048576 (custom)
2019-09-19 14:04:49,928 [pool-58-thread-1] INFO  server.RaftServerConfigKeys (ConfUtils.java:logGet(43)) - raft.server.log.preallocated.size = 16384 (custom)
2019-09-19 14:04:49,929 [pool-58-thread-1] INFO  server.RaftServerConfigKeys (ConfUtils.java:logGet(43)) - raft.server.log.write.buffer.size = 33554432 (custom)
2019-09-19 14:04:49,929 [pool-58-thread-1] INFO  server.RaftServerConfigKeys (ConfUtils.java:logGet(43)) - raft.server.log.force.sync.num = 128 (default)
2019-09-19 14:04:49,929 [pool-58-thread-1] INFO  server.RaftServerConfigKeys (ConfUtils.java:logGet(43)) - raft.server.log.statemachine.data.sync = true (default)
2019-09-19 14:04:49,929 [pool-58-thread-1] INFO  server.RaftServerConfigKeys (ConfUtils.java:logGet(43)) - raft.server.log.statemachine.data.sync.timeout = 10s (default)
2019-09-19 14:04:49,929 [pool-58-thread-1] INFO  server.RaftServerConfigKeys (ConfUtils.java:logGet(43)) - raft.server.log.statemachine.data.sync.timeout.retry = -1 (default)
2019-09-19 14:04:49,929 [pool-58-thread-1] INFO  server.RaftServerConfigKeys (ConfUtils.java:logGet(43)) - raft.server.log.statemachine.data.caching.enabled = true (custom)
2019-09-19 14:04:49,929 [pool-58-thread-1] INFO  segmented.SegmentedRaftLogWorker (SegmentedRaftLogWorker.java:lambda$new$0(132)) - dcc77c7b-1d37-448d-8d57-43d254561693-SegmentedRaftLogWorker:Storage Directory /workdir/hadoop-ozone/integration-test/target/test-dir/MiniOzoneClusterImpl-3b2755de-4cfe-4b43-9e0d-73dd8eda8f75/datanode-0/data/ratis/09129046-9e24-406b-9382-0fba50506b5e: flushIndex: setUnconditionally 0 -> -1
2019-09-19 14:04:49,930 [pool-58-thread-1] INFO  server.RaftServerConfigKeys (ConfUtils.java:logGet(43)) - raft.server.snapshot.auto.trigger.enabled = true (custom)
2019-09-19 14:04:49,930 [pool-58-thread-1] INFO  server.RaftServerConfigKeys (ConfUtils.java:logGet(43)) - raft.server.snapshot.auto.trigger.threshold = 1 (custom)
2019-09-19 14:04:49,930 [pool-58-thread-1] INFO  server.RaftServerConfigKeys (ConfUtils.java:logGet(43)) - raft.server.retrycache.expirytime = 600000ms (custom)
2019-09-19 14:04:49,930 [pool-58-thread-1] INFO  impl.RaftServerImpl (RaftServerImpl.java:start(180)) - dcc77c7b-1d37-448d-8d57-43d254561693: start group-0FBA50506B5E
2019-09-19 14:04:49,930 [pool-58-thread-1] INFO  impl.RaftServerImpl (RaftServerImpl.java:setRole(171)) - dcc77c7b-1d37-448d-8d57-43d254561693:group-0FBA50506B5E changes role from null to FOLLOWER at term 0 for startAsFollower
2019-09-19 14:04:49,931 [pool-58-thread-1] INFO  impl.RoleInfo (RoleInfo.java:updateAndGet(143)) - dcc77c7b-1d37-448d-8d57-43d254561693: start FollowerState
2019-09-19 14:04:49,931 [pool-58-thread-1] INFO  util.JmxRegister (JmxRegister.java:tryRegister(44)) - Successfully registered JMX Bean with object name Ratis:service=RaftServer,group=group-0FBA50506B5E,id=dcc77c7b-1d37-448d-8d57-43d254561693
2019-09-19 14:04:49,933 [RatisPipelineUtilsThread] INFO  pipeline.PipelineStateManager (PipelineStateManager.java:addPipeline(56)) - Created pipeline Pipeline[ Id: 09129046-9e24-406b-9382-0fba50506b5e, Nodes: dcc77c7b-1d37-448d-8d57-43d254561693{ip: 192.168.157.226, host: pr-hdds-1569-swxfz-3172132826, networkLocation: /default-rack, certSerialId: null}, Type:RATIS, Factor:ONE, State:OPEN]
2019-09-19 14:04:49,935 [grpc-default-executor-1] INFO  impl.RaftServerProxy (RaftServerProxy.java:addNew(89)) - dcc77c7b-1d37-448d-8d57-43d254561693: addNew group-A51E53567AEE:[dcc77c7b-1d37-448d-8d57-43d254561693:192.168.157.226:34527] returns group-A51E53567AEE:java.util.concurrent.CompletableFuture@2dadb500[Not completed]
2019-09-19 14:04:49,936 [pool-58-thread-1] INFO  impl.RaftServerImpl (RaftServerImpl.java:<init>(93)) - dcc77c7b-1d37-448d-8d57-43d254561693: new RaftServerImpl for group-A51E53567AEE:[dcc77c7b-1d37-448d-8d57-43d254561693:192.168.157.226:34527] with ContainerStateMachine:uninitialized
2019-09-19 14:04:49,936 [pool-58-thread-1] INFO  server.RaftServerConfigKeys (ConfUtils.java:logGet(43)) - raft.server.rpc.timeout.min = 5s (custom)
2019-09-19 14:04:49,936 [pool-58-thread-1] INFO  server.RaftServerConfigKeys (ConfUtils.java:logGet(43)) - raft.server.rpc.timeout.max = 5200ms (custom)
2019-09-19 14:04:49,936 [pool-58-thread-1] INFO  server.RaftServerConfigKeys (ConfUtils.java:logGet(43)) - raft.server.rpcslowness.timeout = 120s (custom)
2019-09-19 14:04:49,936 [pool-58-thread-1] INFO  server.RaftServerConfigKeys (ConfUtils.java:logGet(43)) - raft.server.sleep.deviation.threshold = 300 (default)
2019-09-19 14:04:49,936 [pool-58-thread-1] INFO  server.RaftServerConfigKeys (ConfUtils.java:logGet(43)) - raft.server.log.appender.install.snapshot.enabled = false (custom)
2019-09-19 14:04:49,936 [pool-58-thread-1] INFO  impl.RaftServerImpl (ServerState.java:<init>(105)) - dcc77c7b-1d37-448d-8d57-43d254561693:group-A51E53567AEE ConfigurationManager, init=-1: [dcc77c7b-1d37-448d-8d57-43d254561693:192.168.157.226:34527], old=null, confs=<EMPTY_MAP>
2019-09-19 14:04:49,937 [pool-58-thread-1] INFO  server.RaftServerConfigKeys (ConfUtils.java:logGet(43)) - raft.server.storage.dir = [/workdir/hadoop-ozone/integration-test/target/test-dir/MiniOzoneClusterImpl-3b2755de-4cfe-4b43-9e0d-73dd8eda8f75/datanode-0/data/ratis] (custom)
2019-09-19 14:04:49,937 [pool-58-thread-1] INFO  storage.RaftStorageDirectory (RaftStorageDirectory.java:analyzeStorage(246)) - The storage directory /workdir/hadoop-ozone/integration-test/target/test-dir/MiniOzoneClusterImpl-3b2755de-4cfe-4b43-9e0d-73dd8eda8f75/datanode-0/data/ratis/3e584c9d-f857-4816-be28-a51e53567aee does not exist. Creating ...
2019-09-19 14:04:49,950 [pool-58-thread-1] INFO  storage.RaftStorageDirectory (RaftStorageDirectory.java:tryLock(328)) - Lock on /workdir/hadoop-ozone/integration-test/target/test-dir/MiniOzoneClusterImpl-3b2755de-4cfe-4b43-9e0d-73dd8eda8f75/datanode-0/data/ratis/3e584c9d-f857-4816-be28-a51e53567aee/in_use.lock acquired by nodename 30982@pr-hdds-1569-swxfz-3172132826
2019-09-19 14:04:49,963 [pool-58-thread-1] INFO  storage.RaftStorage (RaftStorage.java:format(72)) - Storage directory /workdir/hadoop-ozone/integration-test/target/test-dir/MiniOzoneClusterImpl-3b2755de-4cfe-4b43-9e0d-73dd8eda8f75/datanode-0/data/ratis/3e584c9d-f857-4816-be28-a51e53567aee has been successfully formatted.
2019-09-19 14:04:49,964 [pool-58-thread-1] INFO  ratis.ContainerStateMachine (ContainerStateMachine.java:loadSnapshot(226)) - group-A51E53567AEE: The snapshot info is null. Setting the last applied indexto:(t:0, i:~)
2019-09-19 14:04:49,964 [pool-58-thread-1] INFO  server.RaftServerConfigKeys (ConfUtils.java:logGet(43)) - raft.server.leader.election.timeout = 120s (custom)
2019-09-19 14:04:49,964 [pool-58-thread-1] INFO  server.RaftServerConfigKeys (ConfUtils.java:logGet(43)) - raft.server.log.use.memory = false (default)
2019-09-19 14:04:49,964 [pool-58-thread-1] INFO  server.RaftServerConfigKeys (ConfUtils.java:logGet(43)) - raft.server.log.purge.gap = 1000000 (custom)
2019-09-19 14:04:49,964 [pool-58-thread-1] INFO  server.RaftServerConfigKeys (ConfUtils.java:logGet(43)) - raft.server.log.appender.buffer.byte-limit = 33554432 (custom)
2019-09-19 14:04:49,964 [pool-58-thread-1] INFO  server.RaftServerConfigKeys (ConfUtils.java:logGet(43)) - raft.server.log.segment.size.max = 1048576 (custom)
2019-09-19 14:04:49,965 [pool-58-thread-1] INFO  server.RaftServerConfigKeys (ConfUtils.java:logGet(43)) - raft.server.log.segment.cache.num.max = 2 (custom)
2019-09-19 14:04:49,965 [pool-58-thread-1] INFO  segmented.SegmentedRaftLogWorker (SegmentedRaftLogWorker.java:<init>(172)) - new dcc77c7b-1d37-448d-8d57-43d254561693-SegmentedRaftLogWorker:Storage Directory /workdir/hadoop-ozone/integration-test/target/test-dir/MiniOzoneClusterImpl-3b2755de-4cfe-4b43-9e0d-73dd8eda8f75/datanode-0/data/ratis/3e584c9d-f857-4816-be28-a51e53567aee for RaftStorage:Storage Directory /workdir/hadoop-ozone/integration-test/target/test-dir/MiniOzoneClusterImpl-3b2755de-4cfe-4b43-9e0d-73dd8eda8f75/datanode-0/data/ratis/3e584c9d-f857-4816-be28-a51e53567aee
2019-09-19 14:04:49,965 [pool-58-thread-1] INFO  server.RaftServerConfigKeys (ConfUtils.java:logGet(43)) - raft.server.log.queue.byte-limit = 2147483647 (custom)
2019-09-19 14:04:49,965 [pool-58-thread-1] INFO  server.RaftServerConfigKeys (ConfUtils.java:logGet(43)) - raft.server.log.queue.element-limit = 1024 (custom)
2019-09-19 14:04:49,965 [pool-58-thread-1] INFO  server.RaftServerConfigKeys (ConfUtils.java:logGet(43)) - raft.server.log.segment.size.max = 1048576 (custom)
2019-09-19 14:04:49,965 [pool-58-thread-1] INFO  server.RaftServerConfigKeys (ConfUtils.java:logGet(43)) - raft.server.log.preallocated.size = 16384 (custom)
2019-09-19 14:04:49,965 [pool-58-thread-1] INFO  server.RaftServerConfigKeys (ConfUtils.java:logGet(43)) - raft.server.log.write.buffer.size = 33554432 (custom)
2019-09-19 14:04:49,965 [pool-58-thread-1] INFO  server.RaftServerConfigKeys (ConfUtils.java:logGet(43)) - raft.server.log.force.sync.num = 128 (default)
2019-09-19 14:04:49,966 [pool-58-thread-1] INFO  server.RaftServerConfigKeys (ConfUtils.java:logGet(43)) - raft.server.log.statemachine.data.sync = true (default)
2019-09-19 14:04:49,966 [pool-58-thread-1] INFO  server.RaftServerConfigKeys (ConfUtils.java:logGet(43)) - raft.server.log.statemachine.data.sync.timeout = 10s (default)
2019-09-19 14:04:49,966 [pool-58-thread-1] INFO  server.RaftServerConfigKeys (ConfUtils.java:logGet(43)) - raft.server.log.statemachine.data.sync.timeout.retry = -1 (default)
2019-09-19 14:04:49,966 [pool-58-thread-1] INFO  server.RaftServerConfigKeys (ConfUtils.java:logGet(43)) - raft.server.log.statemachine.data.caching.enabled = true (custom)
2019-09-19 14:04:49,966 [pool-58-thread-1] INFO  segmented.SegmentedRaftLogWorker (SegmentedRaftLogWorker.java:lambda$new$0(132)) - dcc77c7b-1d37-448d-8d57-43d254561693-SegmentedRaftLogWorker:Storage Directory /workdir/hadoop-ozone/integration-test/target/test-dir/MiniOzoneClusterImpl-3b2755de-4cfe-4b43-9e0d-73dd8eda8f75/datanode-0/data/ratis/3e584c9d-f857-4816-be28-a51e53567aee: flushIndex: setUnconditionally 0 -> -1
2019-09-19 14:04:49,966 [pool-58-thread-1] INFO  server.RaftServerConfigKeys (ConfUtils.java:logGet(43)) - raft.server.snapshot.auto.trigger.enabled = true (custom)
2019-09-19 14:04:49,967 [pool-58-thread-1] INFO  server.RaftServerConfigKeys (ConfUtils.java:logGet(43)) - raft.server.snapshot.auto.trigger.threshold = 1 (custom)
2019-09-19 14:04:49,967 [pool-58-thread-1] INFO  server.RaftServerConfigKeys (ConfUtils.java:logGet(43)) - raft.server.retrycache.expirytime = 600000ms (custom)
2019-09-19 14:04:49,967 [pool-58-thread-1] INFO  impl.RaftServerImpl (RaftServerImpl.java:start(180)) - dcc77c7b-1d37-448d-8d57-43d254561693: start group-A51E53567AEE
2019-09-19 14:04:49,967 [pool-58-thread-1] INFO  impl.RaftServerImpl (RaftServerImpl.java:setRole(171)) - dcc77c7b-1d37-448d-8d57-43d254561693:group-A51E53567AEE changes role from null to FOLLOWER at term 0 for startAsFollower
2019-09-19 14:04:49,967 [pool-58-thread-1] INFO  impl.RoleInfo (RoleInfo.java:updateAndGet(143)) - dcc77c7b-1d37-448d-8d57-43d254561693: start FollowerState
2019-09-19 14:04:49,967 [pool-58-thread-1] INFO  util.JmxRegister (JmxRegister.java:tryRegister(44)) - Successfully registered JMX Bean with object name Ratis:service=RaftServer,group=group-A51E53567AEE,id=dcc77c7b-1d37-448d-8d57-43d254561693
2019-09-19 14:04:49,969 [RatisPipelineUtilsThread] INFO  pipeline.PipelineStateManager (PipelineStateManager.java:addPipeline(56)) - Created pipeline Pipeline[ Id: 3e584c9d-f857-4816-be28-a51e53567aee, Nodes: dcc77c7b-1d37-448d-8d57-43d254561693{ip: 192.168.157.226, host: pr-hdds-1569-swxfz-3172132826, networkLocation: /default-rack, certSerialId: null}, Type:RATIS, Factor:ONE, State:OPEN]
2019-09-19 14:04:49,972 [grpc-default-executor-1] INFO  impl.RaftServerProxy (RaftServerProxy.java:addNew(89)) - dcc77c7b-1d37-448d-8d57-43d254561693: addNew group-3FFAC3177C15:[dcc77c7b-1d37-448d-8d57-43d254561693:192.168.157.226:34527] returns group-3FFAC3177C15:java.util.concurrent.CompletableFuture@1d9dace9[Not completed]
2019-09-19 14:04:49,972 [pool-58-thread-1] INFO  impl.RaftServerImpl (RaftServerImpl.java:<init>(93)) - dcc77c7b-1d37-448d-8d57-43d254561693: new RaftServerImpl for group-3FFAC3177C15:[dcc77c7b-1d37-448d-8d57-43d254561693:192.168.157.226:34527] with ContainerStateMachine:uninitialized
2019-09-19 14:04:49,972 [pool-58-thread-1] INFO  server.RaftServerConfigKeys (ConfUtils.java:logGet(43)) - raft.server.rpc.timeout.min = 5s (custom)
2019-09-19 14:04:49,973 [pool-58-thread-1] INFO  server.RaftServerConfigKeys (ConfUtils.java:logGet(43)) - raft.server.rpc.timeout.max = 5200ms (custom)
2019-09-19 14:04:49,973 [pool-58-thread-1] INFO  server.RaftServerConfigKeys (ConfUtils.java:logGet(43)) - raft.server.rpcslowness.timeout = 120s (custom)
2019-09-19 14:04:49,973 [pool-58-thread-1] INFO  server.RaftServerConfigKeys (ConfUtils.java:logGet(43)) - raft.server.sleep.deviation.threshold = 300 (default)
2019-09-19 14:04:49,973 [pool-58-thread-1] INFO  server.RaftServerConfigKeys (ConfUtils.java:logGet(43)) - raft.server.log.appender.install.snapshot.enabled = false (custom)
2019-09-19 14:04:49,973 [pool-58-thread-1] INFO  impl.RaftServerImpl (ServerState.java:<init>(105)) - dcc77c7b-1d37-448d-8d57-43d254561693:group-3FFAC3177C15 ConfigurationManager, init=-1: [dcc77c7b-1d37-448d-8d57-43d254561693:192.168.157.226:34527], old=null, confs=<EMPTY_MAP>
2019-09-19 14:04:49,973 [pool-58-thread-1] INFO  server.RaftServerConfigKeys (ConfUtils.java:logGet(43)) - raft.server.storage.dir = [/workdir/hadoop-ozone/integration-test/target/test-dir/MiniOzoneClusterImpl-3b2755de-4cfe-4b43-9e0d-73dd8eda8f75/datanode-0/data/ratis] (custom)
2019-09-19 14:04:49,974 [pool-58-thread-1] INFO  storage.RaftStorageDirectory (RaftStorageDirectory.java:analyzeStorage(246)) - The storage directory /workdir/hadoop-ozone/integration-test/target/test-dir/MiniOzoneClusterImpl-3b2755de-4cfe-4b43-9e0d-73dd8eda8f75/datanode-0/data/ratis/e7996556-9aee-4065-9e4f-3ffac3177c15 does not exist. Creating ...
2019-09-19 14:04:49,986 [pool-58-thread-1] INFO  storage.RaftStorageDirectory (RaftStorageDirectory.java:tryLock(328)) - Lock on /workdir/hadoop-ozone/integration-test/target/test-dir/MiniOzoneClusterImpl-3b2755de-4cfe-4b43-9e0d-73dd8eda8f75/datanode-0/data/ratis/e7996556-9aee-4065-9e4f-3ffac3177c15/in_use.lock acquired by nodename 30982@pr-hdds-1569-swxfz-3172132826
2019-09-19 14:04:49,991 | INFO  | SCMAudit | user=jenkins1000 | ip=192.168.157.226 | op=SEND_HEARTBEAT {datanodeUUID=dcc77c7b-1d37-448d-8d57-43d254561693, command=[]} | ret=SUCCESS |  
2019-09-19 14:04:49,999 [pool-58-thread-1] INFO  storage.RaftStorage (RaftStorage.java:format(72)) - Storage directory /workdir/hadoop-ozone/integration-test/target/test-dir/MiniOzoneClusterImpl-3b2755de-4cfe-4b43-9e0d-73dd8eda8f75/datanode-0/data/ratis/e7996556-9aee-4065-9e4f-3ffac3177c15 has been successfully formatted.
2019-09-19 14:04:49,999 [pool-58-thread-1] INFO  ratis.ContainerStateMachine (ContainerStateMachine.java:loadSnapshot(226)) - group-3FFAC3177C15: The snapshot info is null. Setting the last applied indexto:(t:0, i:~)
2019-09-19 14:04:50,000 [pool-58-thread-1] INFO  server.RaftServerConfigKeys (ConfUtils.java:logGet(43)) - raft.server.leader.election.timeout = 120s (custom)
2019-09-19 14:04:50,000 [pool-58-thread-1] INFO  server.RaftServerConfigKeys (ConfUtils.java:logGet(43)) - raft.server.log.use.memory = false (default)
2019-09-19 14:04:50,000 [pool-58-thread-1] INFO  server.RaftServerConfigKeys (ConfUtils.java:logGet(43)) - raft.server.log.purge.gap = 1000000 (custom)
2019-09-19 14:04:50,000 [pool-58-thread-1] INFO  server.RaftServerConfigKeys (ConfUtils.java:logGet(43)) - raft.server.log.appender.buffer.byte-limit = 33554432 (custom)
2019-09-19 14:04:50,000 [pool-58-thread-1] INFO  server.RaftServerConfigKeys (ConfUtils.java:logGet(43)) - raft.server.log.segment.size.max = 1048576 (custom)
2019-09-19 14:04:50,000 [pool-58-thread-1] INFO  server.RaftServerConfigKeys (ConfUtils.java:logGet(43)) - raft.server.log.segment.cache.num.max = 2 (custom)
2019-09-19 14:04:50,000 [pool-58-thread-1] INFO  segmented.SegmentedRaftLogWorker (SegmentedRaftLogWorker.java:<init>(172)) - new dcc77c7b-1d37-448d-8d57-43d254561693-SegmentedRaftLogWorker:Storage Directory /workdir/hadoop-ozone/integration-test/target/test-dir/MiniOzoneClusterImpl-3b2755de-4cfe-4b43-9e0d-73dd8eda8f75/datanode-0/data/ratis/e7996556-9aee-4065-9e4f-3ffac3177c15 for RaftStorage:Storage Directory /workdir/hadoop-ozone/integration-test/target/test-dir/MiniOzoneClusterImpl-3b2755de-4cfe-4b43-9e0d-73dd8eda8f75/datanode-0/data/ratis/e7996556-9aee-4065-9e4f-3ffac3177c15
2019-09-19 14:04:50,001 [pool-58-thread-1] INFO  server.RaftServerConfigKeys (ConfUtils.java:logGet(43)) - raft.server.log.queue.byte-limit = 2147483647 (custom)
2019-09-19 14:04:50,001 [pool-58-thread-1] INFO  server.RaftServerConfigKeys (ConfUtils.java:logGet(43)) - raft.server.log.queue.element-limit = 1024 (custom)
2019-09-19 14:04:50,001 [pool-58-thread-1] INFO  server.RaftServerConfigKeys (ConfUtils.java:logGet(43)) - raft.server.log.segment.size.max = 1048576 (custom)
2019-09-19 14:04:50,001 [pool-58-thread-1] INFO  server.RaftServerConfigKeys (ConfUtils.java:logGet(43)) - raft.server.log.preallocated.size = 16384 (custom)
2019-09-19 14:04:50,001 [pool-58-thread-1] INFO  server.RaftServerConfigKeys (ConfUtils.java:logGet(43)) - raft.server.log.write.buffer.size = 33554432 (custom)
2019-09-19 14:04:50,001 [pool-58-thread-1] INFO  server.RaftServerConfigKeys (ConfUtils.java:logGet(43)) - raft.server.log.force.sync.num = 128 (default)
2019-09-19 14:04:50,001 [pool-58-thread-1] INFO  server.RaftServerConfigKeys (ConfUtils.java:logGet(43)) - raft.server.log.statemachine.data.sync = true (default)
2019-09-19 14:04:50,001 [pool-58-thread-1] INFO  server.RaftServerConfigKeys (ConfUtils.java:logGet(43)) - raft.server.log.statemachine.data.sync.timeout = 10s (default)
2019-09-19 14:04:50,002 [pool-58-thread-1] INFO  server.RaftServerConfigKeys (ConfUtils.java:logGet(43)) - raft.server.log.statemachine.data.sync.timeout.retry = -1 (default)
2019-09-19 14:04:50,002 [pool-58-thread-1] INFO  server.RaftServerConfigKeys (ConfUtils.java:logGet(43)) - raft.server.log.statemachine.data.caching.enabled = true (custom)
2019-09-19 14:04:50,002 [pool-58-thread-1] INFO  segmented.SegmentedRaftLogWorker (SegmentedRaftLogWorker.java:lambda$new$0(132)) - dcc77c7b-1d37-448d-8d57-43d254561693-SegmentedRaftLogWorker:Storage Directory /workdir/hadoop-ozone/integration-test/target/test-dir/MiniOzoneClusterImpl-3b2755de-4cfe-4b43-9e0d-73dd8eda8f75/datanode-0/data/ratis/e7996556-9aee-4065-9e4f-3ffac3177c15: flushIndex: setUnconditionally 0 -> -1
2019-09-19 14:04:50,002 [pool-58-thread-1] INFO  server.RaftServerConfigKeys (ConfUtils.java:logGet(43)) - raft.server.snapshot.auto.trigger.enabled = true (custom)
2019-09-19 14:04:50,003 [pool-58-thread-1] INFO  server.RaftServerConfigKeys (ConfUtils.java:logGet(43)) - raft.server.snapshot.auto.trigger.threshold = 1 (custom)
2019-09-19 14:04:50,003 [pool-58-thread-1] INFO  server.RaftServerConfigKeys (ConfUtils.java:logGet(43)) - raft.server.retrycache.expirytime = 600000ms (custom)
2019-09-19 14:04:50,003 [pool-58-thread-1] INFO  impl.RaftServerImpl (RaftServerImpl.java:start(180)) - dcc77c7b-1d37-448d-8d57-43d254561693: start group-3FFAC3177C15
2019-09-19 14:04:50,003 [pool-58-thread-1] INFO  impl.RaftServerImpl (RaftServerImpl.java:setRole(171)) - dcc77c7b-1d37-448d-8d57-43d254561693:group-3FFAC3177C15 changes role from null to FOLLOWER at term 0 for startAsFollower
2019-09-19 14:04:50,003 [pool-58-thread-1] INFO  impl.RoleInfo (RoleInfo.java:updateAndGet(143)) - dcc77c7b-1d37-448d-8d57-43d254561693: start FollowerState
2019-09-19 14:04:50,004 [pool-58-thread-1] INFO  util.JmxRegister (JmxRegister.java:tryRegister(44)) - Successfully registered JMX Bean with object name Ratis:service=RaftServer,group=group-3FFAC3177C15,id=dcc77c7b-1d37-448d-8d57-43d254561693
2019-09-19 14:04:50,006 [RatisPipelineUtilsThread] INFO  pipeline.PipelineStateManager (PipelineStateManager.java:addPipeline(56)) - Created pipeline Pipeline[ Id: e7996556-9aee-4065-9e4f-3ffac3177c15, Nodes: dcc77c7b-1d37-448d-8d57-43d254561693{ip: 192.168.157.226, host: pr-hdds-1569-swxfz-3172132826, networkLocation: /default-rack, certSerialId: null}, Type:RATIS, Factor:ONE, State:OPEN]
2019-09-19 14:04:50,009 [grpc-default-executor-1] INFO  impl.RaftServerProxy (RaftServerProxy.java:addNew(89)) - dcc77c7b-1d37-448d-8d57-43d254561693: addNew group-DFB7682575CC:[dcc77c7b-1d37-448d-8d57-43d254561693:192.168.157.226:34527] returns group-DFB7682575CC:java.util.concurrent.CompletableFuture@66a35926[Not completed]
2019-09-19 14:04:50,010 [pool-58-thread-1] INFO  impl.RaftServerImpl (RaftServerImpl.java:<init>(93)) - dcc77c7b-1d37-448d-8d57-43d254561693: new RaftServerImpl for group-DFB7682575CC:[dcc77c7b-1d37-448d-8d57-43d254561693:192.168.157.226:34527] with ContainerStateMachine:uninitialized
2019-09-19 14:04:50,010 [pool-58-thread-1] INFO  server.RaftServerConfigKeys (ConfUtils.java:logGet(43)) - raft.server.rpc.timeout.min = 5s (custom)
2019-09-19 14:04:50,010 [pool-58-thread-1] INFO  server.RaftServerConfigKeys (ConfUtils.java:logGet(43)) - raft.server.rpc.timeout.max = 5200ms (custom)
2019-09-19 14:04:50,010 [pool-58-thread-1] INFO  server.RaftServerConfigKeys (ConfUtils.java:logGet(43)) - raft.server.rpcslowness.timeout = 120s (custom)
2019-09-19 14:04:50,010 [pool-58-thread-1] INFO  server.RaftServerConfigKeys (ConfUtils.java:logGet(43)) - raft.server.sleep.deviation.threshold = 300 (default)
2019-09-19 14:04:50,010 [pool-58-thread-1] INFO  server.RaftServerConfigKeys (ConfUtils.java:logGet(43)) - raft.server.log.appender.install.snapshot.enabled = false (custom)
2019-09-19 14:04:50,010 [pool-58-thread-1] INFO  impl.RaftServerImpl (ServerState.java:<init>(105)) - dcc77c7b-1d37-448d-8d57-43d254561693:group-DFB7682575CC ConfigurationManager, init=-1: [dcc77c7b-1d37-448d-8d57-43d254561693:192.168.157.226:34527], old=null, confs=<EMPTY_MAP>
2019-09-19 14:04:50,011 [pool-58-thread-1] INFO  server.RaftServerConfigKeys (ConfUtils.java:logGet(43)) - raft.server.storage.dir = [/workdir/hadoop-ozone/integration-test/target/test-dir/MiniOzoneClusterImpl-3b2755de-4cfe-4b43-9e0d-73dd8eda8f75/datanode-0/data/ratis] (custom)
2019-09-19 14:04:50,011 [pool-58-thread-1] INFO  storage.RaftStorageDirectory (RaftStorageDirectory.java:analyzeStorage(246)) - The storage directory /workdir/hadoop-ozone/integration-test/target/test-dir/MiniOzoneClusterImpl-3b2755de-4cfe-4b43-9e0d-73dd8eda8f75/datanode-0/data/ratis/2b9bc096-55a6-4a12-86e8-dfb7682575cc does not exist. Creating ...
2019-09-19 14:04:50,024 [pool-58-thread-1] INFO  storage.RaftStorageDirectory (RaftStorageDirectory.java:tryLock(328)) - Lock on /workdir/hadoop-ozone/integration-test/target/test-dir/MiniOzoneClusterImpl-3b2755de-4cfe-4b43-9e0d-73dd8eda8f75/datanode-0/data/ratis/2b9bc096-55a6-4a12-86e8-dfb7682575cc/in_use.lock acquired by nodename 30982@pr-hdds-1569-swxfz-3172132826
2019-09-19 14:04:50,037 [pool-58-thread-1] INFO  storage.RaftStorage (RaftStorage.java:format(72)) - Storage directory /workdir/hadoop-ozone/integration-test/target/test-dir/MiniOzoneClusterImpl-3b2755de-4cfe-4b43-9e0d-73dd8eda8f75/datanode-0/data/ratis/2b9bc096-55a6-4a12-86e8-dfb7682575cc has been successfully formatted.
2019-09-19 14:04:50,037 [pool-58-thread-1] INFO  ratis.ContainerStateMachine (ContainerStateMachine.java:loadSnapshot(226)) - group-DFB7682575CC: The snapshot info is null. Setting the last applied indexto:(t:0, i:~)
2019-09-19 14:04:50,037 [pool-58-thread-1] INFO  server.RaftServerConfigKeys (ConfUtils.java:logGet(43)) - raft.server.leader.election.timeout = 120s (custom)
2019-09-19 14:04:50,037 [pool-58-thread-1] INFO  server.RaftServerConfigKeys (ConfUtils.java:logGet(43)) - raft.server.log.use.memory = false (default)
2019-09-19 14:04:50,037 [pool-58-thread-1] INFO  server.RaftServerConfigKeys (ConfUtils.java:logGet(43)) - raft.server.log.purge.gap = 1000000 (custom)
2019-09-19 14:04:50,038 [pool-58-thread-1] INFO  server.RaftServerConfigKeys (ConfUtils.java:logGet(43)) - raft.server.log.appender.buffer.byte-limit = 33554432 (custom)
2019-09-19 14:04:50,038 [pool-58-thread-1] INFO  server.RaftServerConfigKeys (ConfUtils.java:logGet(43)) - raft.server.log.segment.size.max = 1048576 (custom)
2019-09-19 14:04:50,038 [pool-58-thread-1] INFO  server.RaftServerConfigKeys (ConfUtils.java:logGet(43)) - raft.server.log.segment.cache.num.max = 2 (custom)
2019-09-19 14:04:50,038 [pool-58-thread-1] INFO  segmented.SegmentedRaftLogWorker (SegmentedRaftLogWorker.java:<init>(172)) - new dcc77c7b-1d37-448d-8d57-43d254561693-SegmentedRaftLogWorker:Storage Directory /workdir/hadoop-ozone/integration-test/target/test-dir/MiniOzoneClusterImpl-3b2755de-4cfe-4b43-9e0d-73dd8eda8f75/datanode-0/data/ratis/2b9bc096-55a6-4a12-86e8-dfb7682575cc for RaftStorage:Storage Directory /workdir/hadoop-ozone/integration-test/target/test-dir/MiniOzoneClusterImpl-3b2755de-4cfe-4b43-9e0d-73dd8eda8f75/datanode-0/data/ratis/2b9bc096-55a6-4a12-86e8-dfb7682575cc
2019-09-19 14:04:50,038 [pool-58-thread-1] INFO  server.RaftServerConfigKeys (ConfUtils.java:logGet(43)) - raft.server.log.queue.byte-limit = 2147483647 (custom)
2019-09-19 14:04:50,038 [pool-58-thread-1] INFO  server.RaftServerConfigKeys (ConfUtils.java:logGet(43)) - raft.server.log.queue.element-limit = 1024 (custom)
2019-09-19 14:04:50,038 [pool-58-thread-1] INFO  server.RaftServerConfigKeys (ConfUtils.java:logGet(43)) - raft.server.log.segment.size.max = 1048576 (custom)
2019-09-19 14:04:50,038 [pool-58-thread-1] INFO  server.RaftServerConfigKeys (ConfUtils.java:logGet(43)) - raft.server.log.preallocated.size = 16384 (custom)
2019-09-19 14:04:50,038 [pool-58-thread-1] INFO  server.RaftServerConfigKeys (ConfUtils.java:logGet(43)) - raft.server.log.write.buffer.size = 33554432 (custom)
2019-09-19 14:04:50,039 [pool-58-thread-1] INFO  server.RaftServerConfigKeys (ConfUtils.java:logGet(43)) - raft.server.log.force.sync.num = 128 (default)
2019-09-19 14:04:50,039 [pool-58-thread-1] INFO  server.RaftServerConfigKeys (ConfUtils.java:logGet(43)) - raft.server.log.statemachine.data.sync = true (default)
2019-09-19 14:04:50,039 [pool-58-thread-1] INFO  server.RaftServerConfigKeys (ConfUtils.java:logGet(43)) - raft.server.log.statemachine.data.sync.timeout = 10s (default)
2019-09-19 14:04:50,039 [pool-58-thread-1] INFO  server.RaftServerConfigKeys (ConfUtils.java:logGet(43)) - raft.server.log.statemachine.data.sync.timeout.retry = -1 (default)
2019-09-19 14:04:50,039 [pool-58-thread-1] INFO  server.RaftServerConfigKeys (ConfUtils.java:logGet(43)) - raft.server.log.statemachine.data.caching.enabled = true (custom)
2019-09-19 14:04:50,039 [pool-58-thread-1] INFO  segmented.SegmentedRaftLogWorker (SegmentedRaftLogWorker.java:lambda$new$0(132)) - dcc77c7b-1d37-448d-8d57-43d254561693-SegmentedRaftLogWorker:Storage Directory /workdir/hadoop-ozone/integration-test/target/test-dir/MiniOzoneClusterImpl-3b2755de-4cfe-4b43-9e0d-73dd8eda8f75/datanode-0/data/ratis/2b9bc096-55a6-4a12-86e8-dfb7682575cc: flushIndex: setUnconditionally 0 -> -1
2019-09-19 14:04:50,040 [pool-58-thread-1] INFO  server.RaftServerConfigKeys (ConfUtils.java:logGet(43)) - raft.server.snapshot.auto.trigger.enabled = true (custom)
2019-09-19 14:04:50,040 [pool-58-thread-1] INFO  server.RaftServerConfigKeys (ConfUtils.java:logGet(43)) - raft.server.snapshot.auto.trigger.threshold = 1 (custom)
2019-09-19 14:04:50,040 [pool-58-thread-1] INFO  server.RaftServerConfigKeys (ConfUtils.java:logGet(43)) - raft.server.retrycache.expirytime = 600000ms (custom)
2019-09-19 14:04:50,040 [pool-58-thread-1] INFO  impl.RaftServerImpl (RaftServerImpl.java:start(180)) - dcc77c7b-1d37-448d-8d57-43d254561693: start group-DFB7682575CC
2019-09-19 14:04:50,040 [pool-58-thread-1] INFO  impl.RaftServerImpl (RaftServerImpl.java:setRole(171)) - dcc77c7b-1d37-448d-8d57-43d254561693:group-DFB7682575CC changes role from null to FOLLOWER at term 0 for startAsFollower
2019-09-19 14:04:50,040 [pool-58-thread-1] INFO  impl.RoleInfo (RoleInfo.java:updateAndGet(143)) - dcc77c7b-1d37-448d-8d57-43d254561693: start FollowerState
2019-09-19 14:04:50,040 [pool-58-thread-1] INFO  util.JmxRegister (JmxRegister.java:tryRegister(44)) - Successfully registered JMX Bean with object name Ratis:service=RaftServer,group=group-DFB7682575CC,id=dcc77c7b-1d37-448d-8d57-43d254561693
2019-09-19 14:04:50,042 [RatisPipelineUtilsThread] INFO  pipeline.PipelineStateManager (PipelineStateManager.java:addPipeline(56)) - Created pipeline Pipeline[ Id: 2b9bc096-55a6-4a12-86e8-dfb7682575cc, Nodes: dcc77c7b-1d37-448d-8d57-43d254561693{ip: 192.168.157.226, host: pr-hdds-1569-swxfz-3172132826, networkLocation: /default-rack, certSerialId: null}, Type:RATIS, Factor:ONE, State:OPEN]
2019-09-19 14:04:50,044 [grpc-default-executor-1] INFO  impl.RaftServerProxy (RaftServerProxy.java:addNew(89)) - dcc77c7b-1d37-448d-8d57-43d254561693: addNew group-A8B0DCFAD616:[dcc77c7b-1d37-448d-8d57-43d254561693:192.168.157.226:34527] returns group-A8B0DCFAD616:java.util.concurrent.CompletableFuture@2b70dca8[Not completed]
2019-09-19 14:04:50,044 [pool-58-thread-1] INFO  impl.RaftServerImpl (RaftServerImpl.java:<init>(93)) - dcc77c7b-1d37-448d-8d57-43d254561693: new RaftServerImpl for group-A8B0DCFAD616:[dcc77c7b-1d37-448d-8d57-43d254561693:192.168.157.226:34527] with ContainerStateMachine:uninitialized
2019-09-19 14:04:50,045 [pool-58-thread-1] INFO  server.RaftServerConfigKeys (ConfUtils.java:logGet(43)) - raft.server.rpc.timeout.min = 5s (custom)
2019-09-19 14:04:50,045 [pool-58-thread-1] INFO  server.RaftServerConfigKeys (ConfUtils.java:logGet(43)) - raft.server.rpc.timeout.max = 5200ms (custom)
2019-09-19 14:04:50,045 [pool-58-thread-1] INFO  server.RaftServerConfigKeys (ConfUtils.java:logGet(43)) - raft.server.rpcslowness.timeout = 120s (custom)
2019-09-19 14:04:50,045 [pool-58-thread-1] INFO  server.RaftServerConfigKeys (ConfUtils.java:logGet(43)) - raft.server.sleep.deviation.threshold = 300 (default)
2019-09-19 14:04:50,045 [pool-58-thread-1] INFO  server.RaftServerConfigKeys (ConfUtils.java:logGet(43)) - raft.server.log.appender.install.snapshot.enabled = false (custom)
2019-09-19 14:04:50,045 [pool-58-thread-1] INFO  impl.RaftServerImpl (ServerState.java:<init>(105)) - dcc77c7b-1d37-448d-8d57-43d254561693:group-A8B0DCFAD616 ConfigurationManager, init=-1: [dcc77c7b-1d37-448d-8d57-43d254561693:192.168.157.226:34527], old=null, confs=<EMPTY_MAP>
2019-09-19 14:04:50,045 [pool-58-thread-1] INFO  server.RaftServerConfigKeys (ConfUtils.java:logGet(43)) - raft.server.storage.dir = [/workdir/hadoop-ozone/integration-test/target/test-dir/MiniOzoneClusterImpl-3b2755de-4cfe-4b43-9e0d-73dd8eda8f75/datanode-0/data/ratis] (custom)
2019-09-19 14:04:50,046 [pool-58-thread-1] INFO  storage.RaftStorageDirectory (RaftStorageDirectory.java:analyzeStorage(246)) - The storage directory /workdir/hadoop-ozone/integration-test/target/test-dir/MiniOzoneClusterImpl-3b2755de-4cfe-4b43-9e0d-73dd8eda8f75/datanode-0/data/ratis/e688f165-ef84-451d-9742-a8b0dcfad616 does not exist. Creating ...
2019-09-19 14:04:50,058 [pool-58-thread-1] INFO  storage.RaftStorageDirectory (RaftStorageDirectory.java:tryLock(328)) - Lock on /workdir/hadoop-ozone/integration-test/target/test-dir/MiniOzoneClusterImpl-3b2755de-4cfe-4b43-9e0d-73dd8eda8f75/datanode-0/data/ratis/e688f165-ef84-451d-9742-a8b0dcfad616/in_use.lock acquired by nodename 30982@pr-hdds-1569-swxfz-3172132826
2019-09-19 14:04:50,071 [pool-58-thread-1] INFO  storage.RaftStorage (RaftStorage.java:format(72)) - Storage directory /workdir/hadoop-ozone/integration-test/target/test-dir/MiniOzoneClusterImpl-3b2755de-4cfe-4b43-9e0d-73dd8eda8f75/datanode-0/data/ratis/e688f165-ef84-451d-9742-a8b0dcfad616 has been successfully formatted.
2019-09-19 14:04:50,071 [pool-58-thread-1] INFO  ratis.ContainerStateMachine (ContainerStateMachine.java:loadSnapshot(226)) - group-A8B0DCFAD616: The snapshot info is null. Setting the last applied indexto:(t:0, i:~)
2019-09-19 14:04:50,071 [pool-58-thread-1] INFO  server.RaftServerConfigKeys (ConfUtils.java:logGet(43)) - raft.server.leader.election.timeout = 120s (custom)
2019-09-19 14:04:50,071 [pool-58-thread-1] INFO  server.RaftServerConfigKeys (ConfUtils.java:logGet(43)) - raft.server.log.use.memory = false (default)
2019-09-19 14:04:50,071 [pool-58-thread-1] INFO  server.RaftServerConfigKeys (ConfUtils.java:logGet(43)) - raft.server.log.purge.gap = 1000000 (custom)
2019-09-19 14:04:50,071 [pool-58-thread-1] INFO  server.RaftServerConfigKeys (ConfUtils.java:logGet(43)) - raft.server.log.appender.buffer.byte-limit = 33554432 (custom)
2019-09-19 14:04:50,071 [pool-58-thread-1] INFO  server.RaftServerConfigKeys (ConfUtils.java:logGet(43)) - raft.server.log.segment.size.max = 1048576 (custom)
2019-09-19 14:04:50,072 [pool-58-thread-1] INFO  server.RaftServerConfigKeys (ConfUtils.java:logGet(43)) - raft.server.log.segment.cache.num.max = 2 (custom)
2019-09-19 14:04:50,072 [pool-58-thread-1] INFO  segmented.SegmentedRaftLogWorker (SegmentedRaftLogWorker.java:<init>(172)) - new dcc77c7b-1d37-448d-8d57-43d254561693-SegmentedRaftLogWorker:Storage Directory /workdir/hadoop-ozone/integration-test/target/test-dir/MiniOzoneClusterImpl-3b2755de-4cfe-4b43-9e0d-73dd8eda8f75/datanode-0/data/ratis/e688f165-ef84-451d-9742-a8b0dcfad616 for RaftStorage:Storage Directory /workdir/hadoop-ozone/integration-test/target/test-dir/MiniOzoneClusterImpl-3b2755de-4cfe-4b43-9e0d-73dd8eda8f75/datanode-0/data/ratis/e688f165-ef84-451d-9742-a8b0dcfad616
2019-09-19 14:04:50,072 [pool-58-thread-1] INFO  server.RaftServerConfigKeys (ConfUtils.java:logGet(43)) - raft.server.log.queue.byte-limit = 2147483647 (custom)
2019-09-19 14:04:50,072 [pool-58-thread-1] INFO  server.RaftServerConfigKeys (ConfUtils.java:logGet(43)) - raft.server.log.queue.element-limit = 1024 (custom)
2019-09-19 14:04:50,072 [pool-58-thread-1] INFO  server.RaftServerConfigKeys (ConfUtils.java:logGet(43)) - raft.server.log.segment.size.max = 1048576 (custom)
2019-09-19 14:04:50,072 [pool-58-thread-1] INFO  server.RaftServerConfigKeys (ConfUtils.java:logGet(43)) - raft.server.log.preallocated.size = 16384 (custom)
2019-09-19 14:04:50,072 [pool-58-thread-1] INFO  server.RaftServerConfigKeys (ConfUtils.java:logGet(43)) - raft.server.log.write.buffer.size = 33554432 (custom)
2019-09-19 14:04:50,072 [pool-58-thread-1] INFO  server.RaftServerConfigKeys (ConfUtils.java:logGet(43)) - raft.server.log.force.sync.num = 128 (default)
2019-09-19 14:04:50,073 [pool-58-thread-1] INFO  server.RaftServerConfigKeys (ConfUtils.java:logGet(43)) - raft.server.log.statemachine.data.sync = true (default)
2019-09-19 14:04:50,073 [pool-58-thread-1] INFO  server.RaftServerConfigKeys (ConfUtils.java:logGet(43)) - raft.server.log.statemachine.data.sync.timeout = 10s (default)
2019-09-19 14:04:50,073 [pool-58-thread-1] INFO  server.RaftServerConfigKeys (ConfUtils.java:logGet(43)) - raft.server.log.statemachine.data.sync.timeout.retry = -1 (default)
2019-09-19 14:04:50,073 [pool-58-thread-1] INFO  server.RaftServerConfigKeys (ConfUtils.java:logGet(43)) - raft.server.log.statemachine.data.caching.enabled = true (custom)
2019-09-19 14:04:50,073 [pool-58-thread-1] INFO  segmented.SegmentedRaftLogWorker (SegmentedRaftLogWorker.java:lambda$new$0(132)) - dcc77c7b-1d37-448d-8d57-43d254561693-SegmentedRaftLogWorker:Storage Directory /workdir/hadoop-ozone/integration-test/target/test-dir/MiniOzoneClusterImpl-3b2755de-4cfe-4b43-9e0d-73dd8eda8f75/datanode-0/data/ratis/e688f165-ef84-451d-9742-a8b0dcfad616: flushIndex: setUnconditionally 0 -> -1
2019-09-19 14:04:50,073 [pool-58-thread-1] INFO  server.RaftServerConfigKeys (ConfUtils.java:logGet(43)) - raft.server.snapshot.auto.trigger.enabled = true (custom)
2019-09-19 14:04:50,074 [pool-58-thread-1] INFO  server.RaftServerConfigKeys (ConfUtils.java:logGet(43)) - raft.server.snapshot.auto.trigger.threshold = 1 (custom)
2019-09-19 14:04:50,074 [pool-58-thread-1] INFO  server.RaftServerConfigKeys (ConfUtils.java:logGet(43)) - raft.server.retrycache.expirytime = 600000ms (custom)
2019-09-19 14:04:50,074 [pool-58-thread-1] INFO  impl.RaftServerImpl (RaftServerImpl.java:start(180)) - dcc77c7b-1d37-448d-8d57-43d254561693: start group-A8B0DCFAD616
2019-09-19 14:04:50,074 [pool-58-thread-1] INFO  impl.RaftServerImpl (RaftServerImpl.java:setRole(171)) - dcc77c7b-1d37-448d-8d57-43d254561693:group-A8B0DCFAD616 changes role from null to FOLLOWER at term 0 for startAsFollower
2019-09-19 14:04:50,074 [pool-58-thread-1] INFO  impl.RoleInfo (RoleInfo.java:updateAndGet(143)) - dcc77c7b-1d37-448d-8d57-43d254561693: start FollowerState
2019-09-19 14:04:50,074 [pool-58-thread-1] INFO  util.JmxRegister (JmxRegister.java:tryRegister(44)) - Successfully registered JMX Bean with object name Ratis:service=RaftServer,group=group-A8B0DCFAD616,id=dcc77c7b-1d37-448d-8d57-43d254561693
2019-09-19 14:04:50,076 [RatisPipelineUtilsThread] INFO  pipeline.PipelineStateManager (PipelineStateManager.java:addPipeline(56)) - Created pipeline Pipeline[ Id: e688f165-ef84-451d-9742-a8b0dcfad616, Nodes: dcc77c7b-1d37-448d-8d57-43d254561693{ip: 192.168.157.226, host: pr-hdds-1569-swxfz-3172132826, networkLocation: /default-rack, certSerialId: null}, Type:RATIS, Factor:ONE, State:OPEN]
2019-09-19 14:04:50,077 [grpc-default-executor-1] INFO  impl.RaftServerProxy (RaftServerProxy.java:addNew(89)) - dcc77c7b-1d37-448d-8d57-43d254561693: addNew group-CCAC13F47FF4:[dcc77c7b-1d37-448d-8d57-43d254561693:192.168.157.226:34527] returns group-CCAC13F47FF4:java.util.concurrent.CompletableFuture@46fbc48e[Not completed]
2019-09-19 14:04:50,078 [pool-58-thread-1] INFO  impl.RaftServerImpl (RaftServerImpl.java:<init>(93)) - dcc77c7b-1d37-448d-8d57-43d254561693: new RaftServerImpl for group-CCAC13F47FF4:[dcc77c7b-1d37-448d-8d57-43d254561693:192.168.157.226:34527] with ContainerStateMachine:uninitialized
2019-09-19 14:04:50,078 [pool-58-thread-1] INFO  server.RaftServerConfigKeys (ConfUtils.java:logGet(43)) - raft.server.rpc.timeout.min = 5s (custom)
2019-09-19 14:04:50,078 [pool-58-thread-1] INFO  server.RaftServerConfigKeys (ConfUtils.java:logGet(43)) - raft.server.rpc.timeout.max = 5200ms (custom)
2019-09-19 14:04:50,078 [pool-58-thread-1] INFO  server.RaftServerConfigKeys (ConfUtils.java:logGet(43)) - raft.server.rpcslowness.timeout = 120s (custom)
2019-09-19 14:04:50,079 [pool-58-thread-1] INFO  server.RaftServerConfigKeys (ConfUtils.java:logGet(43)) - raft.server.sleep.deviation.threshold = 300 (default)
2019-09-19 14:04:50,079 [pool-58-thread-1] INFO  server.RaftServerConfigKeys (ConfUtils.java:logGet(43)) - raft.server.log.appender.install.snapshot.enabled = false (custom)
2019-09-19 14:04:50,079 [pool-58-thread-1] INFO  impl.RaftServerImpl (ServerState.java:<init>(105)) - dcc77c7b-1d37-448d-8d57-43d254561693:group-CCAC13F47FF4 ConfigurationManager, init=-1: [dcc77c7b-1d37-448d-8d57-43d254561693:192.168.157.226:34527], old=null, confs=<EMPTY_MAP>
2019-09-19 14:04:50,079 [pool-58-thread-1] INFO  server.RaftServerConfigKeys (ConfUtils.java:logGet(43)) - raft.server.storage.dir = [/workdir/hadoop-ozone/integration-test/target/test-dir/MiniOzoneClusterImpl-3b2755de-4cfe-4b43-9e0d-73dd8eda8f75/datanode-0/data/ratis] (custom)
2019-09-19 14:04:50,079 [pool-58-thread-1] INFO  storage.RaftStorageDirectory (RaftStorageDirectory.java:analyzeStorage(246)) - The storage directory /workdir/hadoop-ozone/integration-test/target/test-dir/MiniOzoneClusterImpl-3b2755de-4cfe-4b43-9e0d-73dd8eda8f75/datanode-0/data/ratis/06fe0294-ea37-4413-b51b-ccac13f47ff4 does not exist. Creating ...
2019-09-19 14:04:50,092 [pool-58-thread-1] INFO  storage.RaftStorageDirectory (RaftStorageDirectory.java:tryLock(328)) - Lock on /workdir/hadoop-ozone/integration-test/target/test-dir/MiniOzoneClusterImpl-3b2755de-4cfe-4b43-9e0d-73dd8eda8f75/datanode-0/data/ratis/06fe0294-ea37-4413-b51b-ccac13f47ff4/in_use.lock acquired by nodename 30982@pr-hdds-1569-swxfz-3172132826
2019-09-19 14:04:50,104 [pool-58-thread-1] INFO  storage.RaftStorage (RaftStorage.java:format(72)) - Storage directory /workdir/hadoop-ozone/integration-test/target/test-dir/MiniOzoneClusterImpl-3b2755de-4cfe-4b43-9e0d-73dd8eda8f75/datanode-0/data/ratis/06fe0294-ea37-4413-b51b-ccac13f47ff4 has been successfully formatted.
2019-09-19 14:04:50,104 [pool-58-thread-1] INFO  ratis.ContainerStateMachine (ContainerStateMachine.java:loadSnapshot(226)) - group-CCAC13F47FF4: The snapshot info is null. Setting the last applied indexto:(t:0, i:~)
2019-09-19 14:04:50,105 [pool-58-thread-1] INFO  server.RaftServerConfigKeys (ConfUtils.java:logGet(43)) - raft.server.leader.election.timeout = 120s (custom)
2019-09-19 14:04:50,105 [pool-58-thread-1] INFO  server.RaftServerConfigKeys (ConfUtils.java:logGet(43)) - raft.server.log.use.memory = false (default)
2019-09-19 14:04:50,105 [pool-58-thread-1] INFO  server.RaftServerConfigKeys (ConfUtils.java:logGet(43)) - raft.server.log.purge.gap = 1000000 (custom)
2019-09-19 14:04:50,105 [pool-58-thread-1] INFO  server.RaftServerConfigKeys (ConfUtils.java:logGet(43)) - raft.server.log.appender.buffer.byte-limit = 33554432 (custom)
2019-09-19 14:04:50,105 [pool-58-thread-1] INFO  server.RaftServerConfigKeys (ConfUtils.java:logGet(43)) - raft.server.log.segment.size.max = 1048576 (custom)
2019-09-19 14:04:50,105 [pool-58-thread-1] INFO  server.RaftServerConfigKeys (ConfUtils.java:logGet(43)) - raft.server.log.segment.cache.num.max = 2 (custom)
2019-09-19 14:04:50,105 [pool-58-thread-1] INFO  segmented.SegmentedRaftLogWorker (SegmentedRaftLogWorker.java:<init>(172)) - new dcc77c7b-1d37-448d-8d57-43d254561693-SegmentedRaftLogWorker:Storage Directory /workdir/hadoop-ozone/integration-test/target/test-dir/MiniOzoneClusterImpl-3b2755de-4cfe-4b43-9e0d-73dd8eda8f75/datanode-0/data/ratis/06fe0294-ea37-4413-b51b-ccac13f47ff4 for RaftStorage:Storage Directory /workdir/hadoop-ozone/integration-test/target/test-dir/MiniOzoneClusterImpl-3b2755de-4cfe-4b43-9e0d-73dd8eda8f75/datanode-0/data/ratis/06fe0294-ea37-4413-b51b-ccac13f47ff4
2019-09-19 14:04:50,105 [pool-58-thread-1] INFO  server.RaftServerConfigKeys (ConfUtils.java:logGet(43)) - raft.server.log.queue.byte-limit = 2147483647 (custom)
2019-09-19 14:04:50,105 [pool-58-thread-1] INFO  server.RaftServerConfigKeys (ConfUtils.java:logGet(43)) - raft.server.log.queue.element-limit = 1024 (custom)
2019-09-19 14:04:50,105 [pool-58-thread-1] INFO  server.RaftServerConfigKeys (ConfUtils.java:logGet(43)) - raft.server.log.segment.size.max = 1048576 (custom)
2019-09-19 14:04:50,105 [pool-58-thread-1] INFO  server.RaftServerConfigKeys (ConfUtils.java:logGet(43)) - raft.server.log.preallocated.size = 16384 (custom)
2019-09-19 14:04:50,105 [pool-58-thread-1] INFO  server.RaftServerConfigKeys (ConfUtils.java:logGet(43)) - raft.server.log.write.buffer.size = 33554432 (custom)
2019-09-19 14:04:50,105 [pool-58-thread-1] INFO  server.RaftServerConfigKeys (ConfUtils.java:logGet(43)) - raft.server.log.force.sync.num = 128 (default)
2019-09-19 14:04:50,106 [pool-58-thread-1] INFO  server.RaftServerConfigKeys (ConfUtils.java:logGet(43)) - raft.server.log.statemachine.data.sync = true (default)
2019-09-19 14:04:50,106 [pool-58-thread-1] INFO  server.RaftServerConfigKeys (ConfUtils.java:logGet(43)) - raft.server.log.statemachine.data.sync.timeout = 10s (default)
2019-09-19 14:04:50,106 [pool-58-thread-1] INFO  server.RaftServerConfigKeys (ConfUtils.java:logGet(43)) - raft.server.log.statemachine.data.sync.timeout.retry = -1 (default)
2019-09-19 14:04:50,106 [pool-58-thread-1] INFO  server.RaftServerConfigKeys (ConfUtils.java:logGet(43)) - raft.server.log.statemachine.data.caching.enabled = true (custom)
2019-09-19 14:04:50,106 [pool-58-thread-1] INFO  segmented.SegmentedRaftLogWorker (SegmentedRaftLogWorker.java:lambda$new$0(132)) - dcc77c7b-1d37-448d-8d57-43d254561693-SegmentedRaftLogWorker:Storage Directory /workdir/hadoop-ozone/integration-test/target/test-dir/MiniOzoneClusterImpl-3b2755de-4cfe-4b43-9e0d-73dd8eda8f75/datanode-0/data/ratis/06fe0294-ea37-4413-b51b-ccac13f47ff4: flushIndex: setUnconditionally 0 -> -1
2019-09-19 14:04:50,106 [pool-58-thread-1] INFO  server.RaftServerConfigKeys (ConfUtils.java:logGet(43)) - raft.server.snapshot.auto.trigger.enabled = true (custom)
2019-09-19 14:04:50,106 [pool-58-thread-1] INFO  server.RaftServerConfigKeys (ConfUtils.java:logGet(43)) - raft.server.snapshot.auto.trigger.threshold = 1 (custom)
2019-09-19 14:04:50,106 [pool-58-thread-1] INFO  server.RaftServerConfigKeys (ConfUtils.java:logGet(43)) - raft.server.retrycache.expirytime = 600000ms (custom)
2019-09-19 14:04:50,106 [pool-58-thread-1] INFO  impl.RaftServerImpl (RaftServerImpl.java:start(180)) - dcc77c7b-1d37-448d-8d57-43d254561693: start group-CCAC13F47FF4
2019-09-19 14:04:50,106 [pool-58-thread-1] INFO  impl.RaftServerImpl (RaftServerImpl.java:setRole(171)) - dcc77c7b-1d37-448d-8d57-43d254561693:group-CCAC13F47FF4 changes role from null to FOLLOWER at term 0 for startAsFollower
2019-09-19 14:04:50,107 [pool-58-thread-1] INFO  impl.RoleInfo (RoleInfo.java:updateAndGet(143)) - dcc77c7b-1d37-448d-8d57-43d254561693: start FollowerState
2019-09-19 14:04:50,107 [pool-58-thread-1] INFO  util.JmxRegister (JmxRegister.java:tryRegister(44)) - Successfully registered JMX Bean with object name Ratis:service=RaftServer,group=group-CCAC13F47FF4,id=dcc77c7b-1d37-448d-8d57-43d254561693
2019-09-19 14:04:50,109 [RatisPipelineUtilsThread] INFO  pipeline.PipelineStateManager (PipelineStateManager.java:addPipeline(56)) - Created pipeline Pipeline[ Id: 06fe0294-ea37-4413-b51b-ccac13f47ff4, Nodes: dcc77c7b-1d37-448d-8d57-43d254561693{ip: 192.168.157.226, host: pr-hdds-1569-swxfz-3172132826, networkLocation: /default-rack, certSerialId: null}, Type:RATIS, Factor:ONE, State:OPEN]
2019-09-19 14:04:50,111 [grpc-default-executor-1] INFO  impl.RaftServerProxy (RaftServerProxy.java:addNew(89)) - dcc77c7b-1d37-448d-8d57-43d254561693: addNew group-A89996D31591:[dcc77c7b-1d37-448d-8d57-43d254561693:192.168.157.226:34527] returns group-A89996D31591:java.util.concurrent.CompletableFuture@667af1ce[Not completed]
2019-09-19 14:04:50,111 [pool-58-thread-1] INFO  impl.RaftServerImpl (RaftServerImpl.java:<init>(93)) - dcc77c7b-1d37-448d-8d57-43d254561693: new RaftServerImpl for group-A89996D31591:[dcc77c7b-1d37-448d-8d57-43d254561693:192.168.157.226:34527] with ContainerStateMachine:uninitialized
2019-09-19 14:04:50,111 [pool-58-thread-1] INFO  server.RaftServerConfigKeys (ConfUtils.java:logGet(43)) - raft.server.rpc.timeout.min = 5s (custom)
2019-09-19 14:04:50,111 [pool-58-thread-1] INFO  server.RaftServerConfigKeys (ConfUtils.java:logGet(43)) - raft.server.rpc.timeout.max = 5200ms (custom)
2019-09-19 14:04:50,111 [pool-58-thread-1] INFO  server.RaftServerConfigKeys (ConfUtils.java:logGet(43)) - raft.server.rpcslowness.timeout = 120s (custom)
2019-09-19 14:04:50,111 [pool-58-thread-1] INFO  server.RaftServerConfigKeys (ConfUtils.java:logGet(43)) - raft.server.sleep.deviation.threshold = 300 (default)
2019-09-19 14:04:50,111 [pool-58-thread-1] INFO  server.RaftServerConfigKeys (ConfUtils.java:logGet(43)) - raft.server.log.appender.install.snapshot.enabled = false (custom)
2019-09-19 14:04:50,112 [pool-58-thread-1] INFO  impl.RaftServerImpl (ServerState.java:<init>(105)) - dcc77c7b-1d37-448d-8d57-43d254561693:group-A89996D31591 ConfigurationManager, init=-1: [dcc77c7b-1d37-448d-8d57-43d254561693:192.168.157.226:34527], old=null, confs=<EMPTY_MAP>
2019-09-19 14:04:50,112 [pool-58-thread-1] INFO  server.RaftServerConfigKeys (ConfUtils.java:logGet(43)) - raft.server.storage.dir = [/workdir/hadoop-ozone/integration-test/target/test-dir/MiniOzoneClusterImpl-3b2755de-4cfe-4b43-9e0d-73dd8eda8f75/datanode-0/data/ratis] (custom)
2019-09-19 14:04:50,112 [pool-58-thread-1] INFO  storage.RaftStorageDirectory (RaftStorageDirectory.java:analyzeStorage(246)) - The storage directory /workdir/hadoop-ozone/integration-test/target/test-dir/MiniOzoneClusterImpl-3b2755de-4cfe-4b43-9e0d-73dd8eda8f75/datanode-0/data/ratis/67c55092-95c7-4cea-bee0-a89996d31591 does not exist. Creating ...
2019-09-19 14:04:50,115 [pool-58-thread-1] INFO  storage.RaftStorageDirectory (RaftStorageDirectory.java:tryLock(328)) - Lock on /workdir/hadoop-ozone/integration-test/target/test-dir/MiniOzoneClusterImpl-3b2755de-4cfe-4b43-9e0d-73dd8eda8f75/datanode-0/data/ratis/67c55092-95c7-4cea-bee0-a89996d31591/in_use.lock acquired by nodename 30982@pr-hdds-1569-swxfz-3172132826
2019-09-19 14:04:50,118 [pool-58-thread-1] INFO  storage.RaftStorage (RaftStorage.java:format(72)) - Storage directory /workdir/hadoop-ozone/integration-test/target/test-dir/MiniOzoneClusterImpl-3b2755de-4cfe-4b43-9e0d-73dd8eda8f75/datanode-0/data/ratis/67c55092-95c7-4cea-bee0-a89996d31591 has been successfully formatted.
2019-09-19 14:04:50,118 [pool-58-thread-1] INFO  ratis.ContainerStateMachine (ContainerStateMachine.java:loadSnapshot(226)) - group-A89996D31591: The snapshot info is null. Setting the last applied indexto:(t:0, i:~)
2019-09-19 14:04:50,118 [pool-58-thread-1] INFO  server.RaftServerConfigKeys (ConfUtils.java:logGet(43)) - raft.server.leader.election.timeout = 120s (custom)
2019-09-19 14:04:50,118 [pool-58-thread-1] INFO  server.RaftServerConfigKeys (ConfUtils.java:logGet(43)) - raft.server.log.use.memory = false (default)
2019-09-19 14:04:50,118 [pool-58-thread-1] INFO  server.RaftServerConfigKeys (ConfUtils.java:logGet(43)) - raft.server.log.purge.gap = 1000000 (custom)
2019-09-19 14:04:50,118 [pool-58-thread-1] INFO  server.RaftServerConfigKeys (ConfUtils.java:logGet(43)) - raft.server.log.appender.buffer.byte-limit = 33554432 (custom)
2019-09-19 14:04:50,118 [pool-58-thread-1] INFO  server.RaftServerConfigKeys (ConfUtils.java:logGet(43)) - raft.server.log.segment.size.max = 1048576 (custom)
2019-09-19 14:04:50,118 [pool-58-thread-1] INFO  server.RaftServerConfigKeys (ConfUtils.java:logGet(43)) - raft.server.log.segment.cache.num.max = 2 (custom)
2019-09-19 14:04:50,118 [pool-58-thread-1] INFO  segmented.SegmentedRaftLogWorker (SegmentedRaftLogWorker.java:<init>(172)) - new dcc77c7b-1d37-448d-8d57-43d254561693-SegmentedRaftLogWorker:Storage Directory /workdir/hadoop-ozone/integration-test/target/test-dir/MiniOzoneClusterImpl-3b2755de-4cfe-4b43-9e0d-73dd8eda8f75/datanode-0/data/ratis/67c55092-95c7-4cea-bee0-a89996d31591 for RaftStorage:Storage Directory /workdir/hadoop-ozone/integration-test/target/test-dir/MiniOzoneClusterImpl-3b2755de-4cfe-4b43-9e0d-73dd8eda8f75/datanode-0/data/ratis/67c55092-95c7-4cea-bee0-a89996d31591
2019-09-19 14:04:50,118 [pool-58-thread-1] INFO  server.RaftServerConfigKeys (ConfUtils.java:logGet(43)) - raft.server.log.queue.byte-limit = 2147483647 (custom)
2019-09-19 14:04:50,118 [pool-58-thread-1] INFO  server.RaftServerConfigKeys (ConfUtils.java:logGet(43)) - raft.server.log.queue.element-limit = 1024 (custom)
2019-09-19 14:04:50,118 [pool-58-thread-1] INFO  server.RaftServerConfigKeys (ConfUtils.java:logGet(43)) - raft.server.log.segment.size.max = 1048576 (custom)
2019-09-19 14:04:50,119 [pool-58-thread-1] INFO  server.RaftServerConfigKeys (ConfUtils.java:logGet(43)) - raft.server.log.preallocated.size = 16384 (custom)
2019-09-19 14:04:50,119 [pool-58-thread-1] INFO  server.RaftServerConfigKeys (ConfUtils.java:logGet(43)) - raft.server.log.write.buffer.size = 33554432 (custom)
2019-09-19 14:04:50,119 [pool-58-thread-1] INFO  server.RaftServerConfigKeys (ConfUtils.java:logGet(43)) - raft.server.log.force.sync.num = 128 (default)
2019-09-19 14:04:50,119 [pool-58-thread-1] INFO  server.RaftServerConfigKeys (ConfUtils.java:logGet(43)) - raft.server.log.statemachine.data.sync = true (default)
2019-09-19 14:04:50,119 [pool-58-thread-1] INFO  server.RaftServerConfigKeys (ConfUtils.java:logGet(43)) - raft.server.log.statemachine.data.sync.timeout = 10s (default)
2019-09-19 14:04:50,119 [pool-58-thread-1] INFO  server.RaftServerConfigKeys (ConfUtils.java:logGet(43)) - raft.server.log.statemachine.data.sync.timeout.retry = -1 (default)
2019-09-19 14:04:50,119 [pool-58-thread-1] INFO  server.RaftServerConfigKeys (ConfUtils.java:logGet(43)) - raft.server.log.statemachine.data.caching.enabled = true (custom)
2019-09-19 14:04:50,119 [pool-58-thread-1] INFO  segmented.SegmentedRaftLogWorker (SegmentedRaftLogWorker.java:lambda$new$0(132)) - dcc77c7b-1d37-448d-8d57-43d254561693-SegmentedRaftLogWorker:Storage Directory /workdir/hadoop-ozone/integration-test/target/test-dir/MiniOzoneClusterImpl-3b2755de-4cfe-4b43-9e0d-73dd8eda8f75/datanode-0/data/ratis/67c55092-95c7-4cea-bee0-a89996d31591: flushIndex: setUnconditionally 0 -> -1
2019-09-19 14:04:50,119 [pool-58-thread-1] INFO  server.RaftServerConfigKeys (ConfUtils.java:logGet(43)) - raft.server.snapshot.auto.trigger.enabled = true (custom)
2019-09-19 14:04:50,119 [pool-58-thread-1] INFO  server.RaftServerConfigKeys (ConfUtils.java:logGet(43)) - raft.server.snapshot.auto.trigger.threshold = 1 (custom)
2019-09-19 14:04:50,120 [pool-58-thread-1] INFO  server.RaftServerConfigKeys (ConfUtils.java:logGet(43)) - raft.server.retrycache.expirytime = 600000ms (custom)
2019-09-19 14:04:50,120 [pool-58-thread-1] INFO  impl.RaftServerImpl (RaftServerImpl.java:start(180)) - dcc77c7b-1d37-448d-8d57-43d254561693: start group-A89996D31591
2019-09-19 14:04:50,120 [pool-58-thread-1] INFO  impl.RaftServerImpl (RaftServerImpl.java:setRole(171)) - dcc77c7b-1d37-448d-8d57-43d254561693:group-A89996D31591 changes role from null to FOLLOWER at term 0 for startAsFollower
2019-09-19 14:04:50,120 [pool-58-thread-1] INFO  impl.RoleInfo (RoleInfo.java:updateAndGet(143)) - dcc77c7b-1d37-448d-8d57-43d254561693: start FollowerState
2019-09-19 14:04:50,120 [pool-58-thread-1] INFO  util.JmxRegister (JmxRegister.java:tryRegister(44)) - Successfully registered JMX Bean with object name Ratis:service=RaftServer,group=group-A89996D31591,id=dcc77c7b-1d37-448d-8d57-43d254561693
2019-09-19 14:04:50,121 [RatisPipelineUtilsThread] INFO  pipeline.PipelineStateManager (PipelineStateManager.java:addPipeline(56)) - Created pipeline Pipeline[ Id: 67c55092-95c7-4cea-bee0-a89996d31591, Nodes: dcc77c7b-1d37-448d-8d57-43d254561693{ip: 192.168.157.226, host: pr-hdds-1569-swxfz-3172132826, networkLocation: /default-rack, certSerialId: null}, Type:RATIS, Factor:ONE, State:OPEN]
2019-09-19 14:04:50,123 [grpc-default-executor-1] INFO  impl.RaftServerProxy (RaftServerProxy.java:addNew(89)) - dcc77c7b-1d37-448d-8d57-43d254561693: addNew group-16D5C64EF590:[dcc77c7b-1d37-448d-8d57-43d254561693:192.168.157.226:34527] returns group-16D5C64EF590:java.util.concurrent.CompletableFuture@2a00d94f[Not completed]
2019-09-19 14:04:50,124 [pool-58-thread-1] INFO  impl.RaftServerImpl (RaftServerImpl.java:<init>(93)) - dcc77c7b-1d37-448d-8d57-43d254561693: new RaftServerImpl for group-16D5C64EF590:[dcc77c7b-1d37-448d-8d57-43d254561693:192.168.157.226:34527] with ContainerStateMachine:uninitialized
2019-09-19 14:04:50,124 [pool-58-thread-1] INFO  server.RaftServerConfigKeys (ConfUtils.java:logGet(43)) - raft.server.rpc.timeout.min = 5s (custom)
2019-09-19 14:04:50,124 [pool-58-thread-1] INFO  server.RaftServerConfigKeys (ConfUtils.java:logGet(43)) - raft.server.rpc.timeout.max = 5200ms (custom)
2019-09-19 14:04:50,124 [pool-58-thread-1] INFO  server.RaftServerConfigKeys (ConfUtils.java:logGet(43)) - raft.server.rpcslowness.timeout = 120s (custom)
2019-09-19 14:04:50,124 [pool-58-thread-1] INFO  server.RaftServerConfigKeys (ConfUtils.java:logGet(43)) - raft.server.sleep.deviation.threshold = 300 (default)
2019-09-19 14:04:50,124 [pool-58-thread-1] INFO  server.RaftServerConfigKeys (ConfUtils.java:logGet(43)) - raft.server.log.appender.install.snapshot.enabled = false (custom)
2019-09-19 14:04:50,124 [pool-58-thread-1] INFO  impl.RaftServerImpl (ServerState.java:<init>(105)) - dcc77c7b-1d37-448d-8d57-43d254561693:group-16D5C64EF590 ConfigurationManager, init=-1: [dcc77c7b-1d37-448d-8d57-43d254561693:192.168.157.226:34527], old=null, confs=<EMPTY_MAP>
2019-09-19 14:04:50,124 [pool-58-thread-1] INFO  server.RaftServerConfigKeys (ConfUtils.java:logGet(43)) - raft.server.storage.dir = [/workdir/hadoop-ozone/integration-test/target/test-dir/MiniOzoneClusterImpl-3b2755de-4cfe-4b43-9e0d-73dd8eda8f75/datanode-0/data/ratis] (custom)
2019-09-19 14:04:50,124 [pool-58-thread-1] INFO  storage.RaftStorageDirectory (RaftStorageDirectory.java:analyzeStorage(246)) - The storage directory /workdir/hadoop-ozone/integration-test/target/test-dir/MiniOzoneClusterImpl-3b2755de-4cfe-4b43-9e0d-73dd8eda8f75/datanode-0/data/ratis/0506743f-10ea-4714-8eef-16d5c64ef590 does not exist. Creating ...
2019-09-19 14:04:50,127 [pool-58-thread-1] INFO  storage.RaftStorageDirectory (RaftStorageDirectory.java:tryLock(328)) - Lock on /workdir/hadoop-ozone/integration-test/target/test-dir/MiniOzoneClusterImpl-3b2755de-4cfe-4b43-9e0d-73dd8eda8f75/datanode-0/data/ratis/0506743f-10ea-4714-8eef-16d5c64ef590/in_use.lock acquired by nodename 30982@pr-hdds-1569-swxfz-3172132826
2019-09-19 14:04:50,130 [pool-58-thread-1] INFO  storage.RaftStorage (RaftStorage.java:format(72)) - Storage directory /workdir/hadoop-ozone/integration-test/target/test-dir/MiniOzoneClusterImpl-3b2755de-4cfe-4b43-9e0d-73dd8eda8f75/datanode-0/data/ratis/0506743f-10ea-4714-8eef-16d5c64ef590 has been successfully formatted.
2019-09-19 14:04:50,131 [pool-58-thread-1] INFO  ratis.ContainerStateMachine (ContainerStateMachine.java:loadSnapshot(226)) - group-16D5C64EF590: The snapshot info is null. Setting the last applied indexto:(t:0, i:~)
2019-09-19 14:04:50,131 [pool-58-thread-1] INFO  server.RaftServerConfigKeys (ConfUtils.java:logGet(43)) - raft.server.leader.election.timeout = 120s (custom)
2019-09-19 14:04:50,131 [pool-58-thread-1] INFO  server.RaftServerConfigKeys (ConfUtils.java:logGet(43)) - raft.server.log.use.memory = false (default)
2019-09-19 14:04:50,131 [pool-58-thread-1] INFO  server.RaftServerConfigKeys (ConfUtils.java:logGet(43)) - raft.server.log.purge.gap = 1000000 (custom)
2019-09-19 14:04:50,131 [pool-58-thread-1] INFO  server.RaftServerConfigKeys (ConfUtils.java:logGet(43)) - raft.server.log.appender.buffer.byte-limit = 33554432 (custom)
2019-09-19 14:04:50,131 [pool-58-thread-1] INFO  server.RaftServerConfigKeys (ConfUtils.java:logGet(43)) - raft.server.log.segment.size.max = 1048576 (custom)
2019-09-19 14:04:50,131 [pool-58-thread-1] INFO  server.RaftServerConfigKeys (ConfUtils.java:logGet(43)) - raft.server.log.segment.cache.num.max = 2 (custom)
2019-09-19 14:04:50,131 [pool-58-thread-1] INFO  segmented.SegmentedRaftLogWorker (SegmentedRaftLogWorker.java:<init>(172)) - new dcc77c7b-1d37-448d-8d57-43d254561693-SegmentedRaftLogWorker:Storage Directory /workdir/hadoop-ozone/integration-test/target/test-dir/MiniOzoneClusterImpl-3b2755de-4cfe-4b43-9e0d-73dd8eda8f75/datanode-0/data/ratis/0506743f-10ea-4714-8eef-16d5c64ef590 for RaftStorage:Storage Directory /workdir/hadoop-ozone/integration-test/target/test-dir/MiniOzoneClusterImpl-3b2755de-4cfe-4b43-9e0d-73dd8eda8f75/datanode-0/data/ratis/0506743f-10ea-4714-8eef-16d5c64ef590
2019-09-19 14:04:50,131 [pool-58-thread-1] INFO  server.RaftServerConfigKeys (ConfUtils.java:logGet(43)) - raft.server.log.queue.byte-limit = 2147483647 (custom)
2019-09-19 14:04:50,131 [pool-58-thread-1] INFO  server.RaftServerConfigKeys (ConfUtils.java:logGet(43)) - raft.server.log.queue.element-limit = 1024 (custom)
2019-09-19 14:04:50,131 [pool-58-thread-1] INFO  server.RaftServerConfigKeys (ConfUtils.java:logGet(43)) - raft.server.log.segment.size.max = 1048576 (custom)
2019-09-19 14:04:50,131 [pool-58-thread-1] INFO  server.RaftServerConfigKeys (ConfUtils.java:logGet(43)) - raft.server.log.preallocated.size = 16384 (custom)
2019-09-19 14:04:50,132 [pool-58-thread-1] INFO  server.RaftServerConfigKeys (ConfUtils.java:logGet(43)) - raft.server.log.write.buffer.size = 33554432 (custom)
2019-09-19 14:04:50,132 [pool-58-thread-1] INFO  server.RaftServerConfigKeys (ConfUtils.java:logGet(43)) - raft.server.log.force.sync.num = 128 (default)
2019-09-19 14:04:50,132 [pool-58-thread-1] INFO  server.RaftServerConfigKeys (ConfUtils.java:logGet(43)) - raft.server.log.statemachine.data.sync = true (default)
2019-09-19 14:04:50,132 [pool-58-thread-1] INFO  server.RaftServerConfigKeys (ConfUtils.java:logGet(43)) - raft.server.log.statemachine.data.sync.timeout = 10s (default)
2019-09-19 14:04:50,132 [pool-58-thread-1] INFO  server.RaftServerConfigKeys (ConfUtils.java:logGet(43)) - raft.server.log.statemachine.data.sync.timeout.retry = -1 (default)
2019-09-19 14:04:50,132 [pool-58-thread-1] INFO  server.RaftServerConfigKeys (ConfUtils.java:logGet(43)) - raft.server.log.statemachine.data.caching.enabled = true (custom)
2019-09-19 14:04:50,132 [pool-58-thread-1] INFO  segmented.SegmentedRaftLogWorker (SegmentedRaftLogWorker.java:lambda$new$0(132)) - dcc77c7b-1d37-448d-8d57-43d254561693-SegmentedRaftLogWorker:Storage Directory /workdir/hadoop-ozone/integration-test/target/test-dir/MiniOzoneClusterImpl-3b2755de-4cfe-4b43-9e0d-73dd8eda8f75/datanode-0/data/ratis/0506743f-10ea-4714-8eef-16d5c64ef590: flushIndex: setUnconditionally 0 -> -1
2019-09-19 14:04:50,132 [pool-58-thread-1] INFO  server.RaftServerConfigKeys (ConfUtils.java:logGet(43)) - raft.server.snapshot.auto.trigger.enabled = true (custom)
2019-09-19 14:04:50,132 [pool-58-thread-1] INFO  server.RaftServerConfigKeys (ConfUtils.java:logGet(43)) - raft.server.snapshot.auto.trigger.threshold = 1 (custom)
2019-09-19 14:04:50,132 [pool-58-thread-1] INFO  server.RaftServerConfigKeys (ConfUtils.java:logGet(43)) - raft.server.retrycache.expirytime = 600000ms (custom)
2019-09-19 14:04:50,132 [pool-58-thread-1] INFO  impl.RaftServerImpl (RaftServerImpl.java:start(180)) - dcc77c7b-1d37-448d-8d57-43d254561693: start group-16D5C64EF590
2019-09-19 14:04:50,132 [pool-58-thread-1] INFO  impl.RaftServerImpl (RaftServerImpl.java:setRole(171)) - dcc77c7b-1d37-448d-8d57-43d254561693:group-16D5C64EF590 changes role from null to FOLLOWER at term 0 for startAsFollower
2019-09-19 14:04:50,133 [pool-58-thread-1] INFO  impl.RoleInfo (RoleInfo.java:updateAndGet(143)) - dcc77c7b-1d37-448d-8d57-43d254561693: start FollowerState
2019-09-19 14:04:50,133 [pool-58-thread-1] INFO  util.JmxRegister (JmxRegister.java:tryRegister(44)) - Successfully registered JMX Bean with object name Ratis:service=RaftServer,group=group-16D5C64EF590,id=dcc77c7b-1d37-448d-8d57-43d254561693
2019-09-19 14:04:50,134 [RatisPipelineUtilsThread] INFO  pipeline.PipelineStateManager (PipelineStateManager.java:addPipeline(56)) - Created pipeline Pipeline[ Id: 0506743f-10ea-4714-8eef-16d5c64ef590, Nodes: dcc77c7b-1d37-448d-8d57-43d254561693{ip: 192.168.157.226, host: pr-hdds-1569-swxfz-3172132826, networkLocation: /default-rack, certSerialId: null}, Type:RATIS, Factor:ONE, State:OPEN]
2019-09-19 14:04:50,136 [grpc-default-executor-1] INFO  impl.RaftServerProxy (RaftServerProxy.java:addNew(89)) - dcc77c7b-1d37-448d-8d57-43d254561693: addNew group-354F667D570A:[dcc77c7b-1d37-448d-8d57-43d254561693:192.168.157.226:34527] returns group-354F667D570A:java.util.concurrent.CompletableFuture@475708e1[Not completed]
2019-09-19 14:04:50,136 [pool-58-thread-1] INFO  impl.RaftServerImpl (RaftServerImpl.java:<init>(93)) - dcc77c7b-1d37-448d-8d57-43d254561693: new RaftServerImpl for group-354F667D570A:[dcc77c7b-1d37-448d-8d57-43d254561693:192.168.157.226:34527] with ContainerStateMachine:uninitialized
2019-09-19 14:04:50,136 [pool-58-thread-1] INFO  server.RaftServerConfigKeys (ConfUtils.java:logGet(43)) - raft.server.rpc.timeout.min = 5s (custom)
2019-09-19 14:04:50,136 [pool-58-thread-1] INFO  server.RaftServerConfigKeys (ConfUtils.java:logGet(43)) - raft.server.rpc.timeout.max = 5200ms (custom)
2019-09-19 14:04:50,136 [pool-58-thread-1] INFO  server.RaftServerConfigKeys (ConfUtils.java:logGet(43)) - raft.server.rpcslowness.timeout = 120s (custom)
2019-09-19 14:04:50,136 [pool-58-thread-1] INFO  server.RaftServerConfigKeys (ConfUtils.java:logGet(43)) - raft.server.sleep.deviation.threshold = 300 (default)
2019-09-19 14:04:50,137 [pool-58-thread-1] INFO  server.RaftServerConfigKeys (ConfUtils.java:logGet(43)) - raft.server.log.appender.install.snapshot.enabled = false (custom)
2019-09-19 14:04:50,137 [pool-58-thread-1] INFO  impl.RaftServerImpl (ServerState.java:<init>(105)) - dcc77c7b-1d37-448d-8d57-43d254561693:group-354F667D570A ConfigurationManager, init=-1: [dcc77c7b-1d37-448d-8d57-43d254561693:192.168.157.226:34527], old=null, confs=<EMPTY_MAP>
2019-09-19 14:04:50,137 [pool-58-thread-1] INFO  server.RaftServerConfigKeys (ConfUtils.java:logGet(43)) - raft.server.storage.dir = [/workdir/hadoop-ozone/integration-test/target/test-dir/MiniOzoneClusterImpl-3b2755de-4cfe-4b43-9e0d-73dd8eda8f75/datanode-0/data/ratis] (custom)
2019-09-19 14:04:50,137 [pool-58-thread-1] INFO  storage.RaftStorageDirectory (RaftStorageDirectory.java:analyzeStorage(246)) - The storage directory /workdir/hadoop-ozone/integration-test/target/test-dir/MiniOzoneClusterImpl-3b2755de-4cfe-4b43-9e0d-73dd8eda8f75/datanode-0/data/ratis/af6ea782-4c84-45de-a511-354f667d570a does not exist. Creating ...
2019-09-19 14:04:50,164 [pool-58-thread-1] INFO  storage.RaftStorageDirectory (RaftStorageDirectory.java:tryLock(328)) - Lock on /workdir/hadoop-ozone/integration-test/target/test-dir/MiniOzoneClusterImpl-3b2755de-4cfe-4b43-9e0d-73dd8eda8f75/datanode-0/data/ratis/af6ea782-4c84-45de-a511-354f667d570a/in_use.lock acquired by nodename 30982@pr-hdds-1569-swxfz-3172132826
2019-09-19 14:04:50,189 | INFO  | SCMAudit | user=jenkins1000 | ip=192.168.157.226 | op=SEND_HEARTBEAT {datanodeUUID=dcc77c7b-1d37-448d-8d57-43d254561693, command=[]} | ret=SUCCESS |  
2019-09-19 14:04:50,201 [pool-58-thread-1] INFO  storage.RaftStorage (RaftStorage.java:format(72)) - Storage directory /workdir/hadoop-ozone/integration-test/target/test-dir/MiniOzoneClusterImpl-3b2755de-4cfe-4b43-9e0d-73dd8eda8f75/datanode-0/data/ratis/af6ea782-4c84-45de-a511-354f667d570a has been successfully formatted.
2019-09-19 14:04:50,201 [pool-58-thread-1] INFO  ratis.ContainerStateMachine (ContainerStateMachine.java:loadSnapshot(226)) - group-354F667D570A: The snapshot info is null. Setting the last applied indexto:(t:0, i:~)
2019-09-19 14:04:50,201 [pool-58-thread-1] INFO  server.RaftServerConfigKeys (ConfUtils.java:logGet(43)) - raft.server.leader.election.timeout = 120s (custom)
2019-09-19 14:04:50,201 [pool-58-thread-1] INFO  server.RaftServerConfigKeys (ConfUtils.java:logGet(43)) - raft.server.log.use.memory = false (default)
2019-09-19 14:04:50,201 [pool-58-thread-1] INFO  server.RaftServerConfigKeys (ConfUtils.java:logGet(43)) - raft.server.log.purge.gap = 1000000 (custom)
2019-09-19 14:04:50,201 [pool-58-thread-1] INFO  server.RaftServerConfigKeys (ConfUtils.java:logGet(43)) - raft.server.log.appender.buffer.byte-limit = 33554432 (custom)
2019-09-19 14:04:50,201 [pool-58-thread-1] INFO  server.RaftServerConfigKeys (ConfUtils.java:logGet(43)) - raft.server.log.segment.size.max = 1048576 (custom)
2019-09-19 14:04:50,201 [pool-58-thread-1] INFO  server.RaftServerConfigKeys (ConfUtils.java:logGet(43)) - raft.server.log.segment.cache.num.max = 2 (custom)
2019-09-19 14:04:50,201 [pool-58-thread-1] INFO  segmented.SegmentedRaftLogWorker (SegmentedRaftLogWorker.java:<init>(172)) - new dcc77c7b-1d37-448d-8d57-43d254561693-SegmentedRaftLogWorker:Storage Directory /workdir/hadoop-ozone/integration-test/target/test-dir/MiniOzoneClusterImpl-3b2755de-4cfe-4b43-9e0d-73dd8eda8f75/datanode-0/data/ratis/af6ea782-4c84-45de-a511-354f667d570a for RaftStorage:Storage Directory /workdir/hadoop-ozone/integration-test/target/test-dir/MiniOzoneClusterImpl-3b2755de-4cfe-4b43-9e0d-73dd8eda8f75/datanode-0/data/ratis/af6ea782-4c84-45de-a511-354f667d570a
2019-09-19 14:04:50,201 [pool-58-thread-1] INFO  server.RaftServerConfigKeys (ConfUtils.java:logGet(43)) - raft.server.log.queue.byte-limit = 2147483647 (custom)
2019-09-19 14:04:50,201 [pool-58-thread-1] INFO  server.RaftServerConfigKeys (ConfUtils.java:logGet(43)) - raft.server.log.queue.element-limit = 1024 (custom)
2019-09-19 14:04:50,202 [pool-58-thread-1] INFO  server.RaftServerConfigKeys (ConfUtils.java:logGet(43)) - raft.server.log.segment.size.max = 1048576 (custom)
2019-09-19 14:04:50,202 [pool-58-thread-1] INFO  server.RaftServerConfigKeys (ConfUtils.java:logGet(43)) - raft.server.log.preallocated.size = 16384 (custom)
2019-09-19 14:04:50,202 [pool-58-thread-1] INFO  server.RaftServerConfigKeys (ConfUtils.java:logGet(43)) - raft.server.log.write.buffer.size = 33554432 (custom)
2019-09-19 14:04:50,202 [pool-58-thread-1] INFO  server.RaftServerConfigKeys (ConfUtils.java:logGet(43)) - raft.server.log.force.sync.num = 128 (default)
2019-09-19 14:04:50,202 [pool-58-thread-1] INFO  server.RaftServerConfigKeys (ConfUtils.java:logGet(43)) - raft.server.log.statemachine.data.sync = true (default)
2019-09-19 14:04:50,202 [pool-58-thread-1] INFO  server.RaftServerConfigKeys (ConfUtils.java:logGet(43)) - raft.server.log.statemachine.data.sync.timeout = 10s (default)
2019-09-19 14:04:50,202 [pool-58-thread-1] INFO  server.RaftServerConfigKeys (ConfUtils.java:logGet(43)) - raft.server.log.statemachine.data.sync.timeout.retry = -1 (default)
2019-09-19 14:04:50,202 [pool-58-thread-1] INFO  server.RaftServerConfigKeys (ConfUtils.java:logGet(43)) - raft.server.log.statemachine.data.caching.enabled = true (custom)
2019-09-19 14:04:50,202 [pool-58-thread-1] INFO  segmented.SegmentedRaftLogWorker (SegmentedRaftLogWorker.java:lambda$new$0(132)) - dcc77c7b-1d37-448d-8d57-43d254561693-SegmentedRaftLogWorker:Storage Directory /workdir/hadoop-ozone/integration-test/target/test-dir/MiniOzoneClusterImpl-3b2755de-4cfe-4b43-9e0d-73dd8eda8f75/datanode-0/data/ratis/af6ea782-4c84-45de-a511-354f667d570a: flushIndex: setUnconditionally 0 -> -1
2019-09-19 14:04:50,202 [pool-58-thread-1] INFO  server.RaftServerConfigKeys (ConfUtils.java:logGet(43)) - raft.server.snapshot.auto.trigger.enabled = true (custom)
2019-09-19 14:04:50,202 [pool-58-thread-1] INFO  server.RaftServerConfigKeys (ConfUtils.java:logGet(43)) - raft.server.snapshot.auto.trigger.threshold = 1 (custom)
2019-09-19 14:04:50,203 [pool-58-thread-1] INFO  server.RaftServerConfigKeys (ConfUtils.java:logGet(43)) - raft.server.retrycache.expirytime = 600000ms (custom)
2019-09-19 14:04:50,203 [pool-58-thread-1] INFO  impl.RaftServerImpl (RaftServerImpl.java:start(180)) - dcc77c7b-1d37-448d-8d57-43d254561693: start group-354F667D570A
2019-09-19 14:04:50,203 [pool-58-thread-1] INFO  impl.RaftServerImpl (RaftServerImpl.java:setRole(171)) - dcc77c7b-1d37-448d-8d57-43d254561693:group-354F667D570A changes role from null to FOLLOWER at term 0 for startAsFollower
2019-09-19 14:04:50,203 [pool-58-thread-1] INFO  impl.RoleInfo (RoleInfo.java:updateAndGet(143)) - dcc77c7b-1d37-448d-8d57-43d254561693: start FollowerState
2019-09-19 14:04:50,203 [pool-58-thread-1] INFO  util.JmxRegister (JmxRegister.java:tryRegister(44)) - Successfully registered JMX Bean with object name Ratis:service=RaftServer,group=group-354F667D570A,id=dcc77c7b-1d37-448d-8d57-43d254561693
2019-09-19 14:04:50,205 [RatisPipelineUtilsThread] INFO  pipeline.PipelineStateManager (PipelineStateManager.java:addPipeline(56)) - Created pipeline Pipeline[ Id: af6ea782-4c84-45de-a511-354f667d570a, Nodes: dcc77c7b-1d37-448d-8d57-43d254561693{ip: 192.168.157.226, host: pr-hdds-1569-swxfz-3172132826, networkLocation: /default-rack, certSerialId: null}, Type:RATIS, Factor:ONE, State:OPEN]
2019-09-19 14:04:50,207 [grpc-default-executor-1] INFO  impl.RaftServerProxy (RaftServerProxy.java:addNew(89)) - dcc77c7b-1d37-448d-8d57-43d254561693: addNew group-A8FD2D474859:[dcc77c7b-1d37-448d-8d57-43d254561693:192.168.157.226:34527] returns group-A8FD2D474859:java.util.concurrent.CompletableFuture@64585883[Not completed]
2019-09-19 14:04:50,207 [pool-58-thread-1] INFO  impl.RaftServerImpl (RaftServerImpl.java:<init>(93)) - dcc77c7b-1d37-448d-8d57-43d254561693: new RaftServerImpl for group-A8FD2D474859:[dcc77c7b-1d37-448d-8d57-43d254561693:192.168.157.226:34527] with ContainerStateMachine:uninitialized
2019-09-19 14:04:50,207 [pool-58-thread-1] INFO  server.RaftServerConfigKeys (ConfUtils.java:logGet(43)) - raft.server.rpc.timeout.min = 5s (custom)
2019-09-19 14:04:50,207 [pool-58-thread-1] INFO  server.RaftServerConfigKeys (ConfUtils.java:logGet(43)) - raft.server.rpc.timeout.max = 5200ms (custom)
2019-09-19 14:04:50,207 [pool-58-thread-1] INFO  server.RaftServerConfigKeys (ConfUtils.java:logGet(43)) - raft.server.rpcslowness.timeout = 120s (custom)
2019-09-19 14:04:50,208 [pool-58-thread-1] INFO  server.RaftServerConfigKeys (ConfUtils.java:logGet(43)) - raft.server.sleep.deviation.threshold = 300 (default)
2019-09-19 14:04:50,208 [pool-58-thread-1] INFO  server.RaftServerConfigKeys (ConfUtils.java:logGet(43)) - raft.server.log.appender.install.snapshot.enabled = false (custom)
2019-09-19 14:04:50,208 [pool-58-thread-1] INFO  impl.RaftServerImpl (ServerState.java:<init>(105)) - dcc77c7b-1d37-448d-8d57-43d254561693:group-A8FD2D474859 ConfigurationManager, init=-1: [dcc77c7b-1d37-448d-8d57-43d254561693:192.168.157.226:34527], old=null, confs=<EMPTY_MAP>
2019-09-19 14:04:50,208 [pool-58-thread-1] INFO  server.RaftServerConfigKeys (ConfUtils.java:logGet(43)) - raft.server.storage.dir = [/workdir/hadoop-ozone/integration-test/target/test-dir/MiniOzoneClusterImpl-3b2755de-4cfe-4b43-9e0d-73dd8eda8f75/datanode-0/data/ratis] (custom)
2019-09-19 14:04:50,208 [pool-58-thread-1] INFO  storage.RaftStorageDirectory (RaftStorageDirectory.java:analyzeStorage(246)) - The storage directory /workdir/hadoop-ozone/integration-test/target/test-dir/MiniOzoneClusterImpl-3b2755de-4cfe-4b43-9e0d-73dd8eda8f75/datanode-0/data/ratis/ee3934f9-9712-4852-9baf-a8fd2d474859 does not exist. Creating ...
2019-09-19 14:04:50,221 [pool-58-thread-1] INFO  storage.RaftStorageDirectory (RaftStorageDirectory.java:tryLock(328)) - Lock on /workdir/hadoop-ozone/integration-test/target/test-dir/MiniOzoneClusterImpl-3b2755de-4cfe-4b43-9e0d-73dd8eda8f75/datanode-0/data/ratis/ee3934f9-9712-4852-9baf-a8fd2d474859/in_use.lock acquired by nodename 30982@pr-hdds-1569-swxfz-3172132826
2019-09-19 14:04:50,233 [pool-58-thread-1] INFO  storage.RaftStorage (RaftStorage.java:format(72)) - Storage directory /workdir/hadoop-ozone/integration-test/target/test-dir/MiniOzoneClusterImpl-3b2755de-4cfe-4b43-9e0d-73dd8eda8f75/datanode-0/data/ratis/ee3934f9-9712-4852-9baf-a8fd2d474859 has been successfully formatted.
2019-09-19 14:04:50,233 [pool-58-thread-1] INFO  ratis.ContainerStateMachine (ContainerStateMachine.java:loadSnapshot(226)) - group-A8FD2D474859: The snapshot info is null. Setting the last applied indexto:(t:0, i:~)
2019-09-19 14:04:50,233 [pool-58-thread-1] INFO  server.RaftServerConfigKeys (ConfUtils.java:logGet(43)) - raft.server.leader.election.timeout = 120s (custom)
2019-09-19 14:04:50,233 [pool-58-thread-1] INFO  server.RaftServerConfigKeys (ConfUtils.java:logGet(43)) - raft.server.log.use.memory = false (default)
2019-09-19 14:04:50,233 [pool-58-thread-1] INFO  server.RaftServerConfigKeys (ConfUtils.java:logGet(43)) - raft.server.log.purge.gap = 1000000 (custom)
2019-09-19 14:04:50,234 [pool-58-thread-1] INFO  server.RaftServerConfigKeys (ConfUtils.java:logGet(43)) - raft.server.log.appender.buffer.byte-limit = 33554432 (custom)
2019-09-19 14:04:50,234 [pool-58-thread-1] INFO  server.RaftServerConfigKeys (ConfUtils.java:logGet(43)) - raft.server.log.segment.size.max = 1048576 (custom)
2019-09-19 14:04:50,234 [pool-58-thread-1] INFO  server.RaftServerConfigKeys (ConfUtils.java:logGet(43)) - raft.server.log.segment.cache.num.max = 2 (custom)
2019-09-19 14:04:50,234 [pool-58-thread-1] INFO  segmented.SegmentedRaftLogWorker (SegmentedRaftLogWorker.java:<init>(172)) - new dcc77c7b-1d37-448d-8d57-43d254561693-SegmentedRaftLogWorker:Storage Directory /workdir/hadoop-ozone/integration-test/target/test-dir/MiniOzoneClusterImpl-3b2755de-4cfe-4b43-9e0d-73dd8eda8f75/datanode-0/data/ratis/ee3934f9-9712-4852-9baf-a8fd2d474859 for RaftStorage:Storage Directory /workdir/hadoop-ozone/integration-test/target/test-dir/MiniOzoneClusterImpl-3b2755de-4cfe-4b43-9e0d-73dd8eda8f75/datanode-0/data/ratis/ee3934f9-9712-4852-9baf-a8fd2d474859
2019-09-19 14:04:50,234 [pool-58-thread-1] INFO  server.RaftServerConfigKeys (ConfUtils.java:logGet(43)) - raft.server.log.queue.byte-limit = 2147483647 (custom)
2019-09-19 14:04:50,234 [pool-58-thread-1] INFO  server.RaftServerConfigKeys (ConfUtils.java:logGet(43)) - raft.server.log.queue.element-limit = 1024 (custom)
2019-09-19 14:04:50,234 [pool-58-thread-1] INFO  server.RaftServerConfigKeys (ConfUtils.java:logGet(43)) - raft.server.log.segment.size.max = 1048576 (custom)
2019-09-19 14:04:50,234 [pool-58-thread-1] INFO  server.RaftServerConfigKeys (ConfUtils.java:logGet(43)) - raft.server.log.preallocated.size = 16384 (custom)
2019-09-19 14:04:50,234 [pool-58-thread-1] INFO  server.RaftServerConfigKeys (ConfUtils.java:logGet(43)) - raft.server.log.write.buffer.size = 33554432 (custom)
2019-09-19 14:04:50,234 [pool-58-thread-1] INFO  server.RaftServerConfigKeys (ConfUtils.java:logGet(43)) - raft.server.log.force.sync.num = 128 (default)
2019-09-19 14:04:50,234 [pool-58-thread-1] INFO  server.RaftServerConfigKeys (ConfUtils.java:logGet(43)) - raft.server.log.statemachine.data.sync = true (default)
2019-09-19 14:04:50,234 [pool-58-thread-1] INFO  server.RaftServerConfigKeys (ConfUtils.java:logGet(43)) - raft.server.log.statemachine.data.sync.timeout = 10s (default)
2019-09-19 14:04:50,234 [pool-58-thread-1] INFO  server.RaftServerConfigKeys (ConfUtils.java:logGet(43)) - raft.server.log.statemachine.data.sync.timeout.retry = -1 (default)
2019-09-19 14:04:50,235 [pool-58-thread-1] INFO  server.RaftServerConfigKeys (ConfUtils.java:logGet(43)) - raft.server.log.statemachine.data.caching.enabled = true (custom)
2019-09-19 14:04:50,235 [pool-58-thread-1] INFO  segmented.SegmentedRaftLogWorker (SegmentedRaftLogWorker.java:lambda$new$0(132)) - dcc77c7b-1d37-448d-8d57-43d254561693-SegmentedRaftLogWorker:Storage Directory /workdir/hadoop-ozone/integration-test/target/test-dir/MiniOzoneClusterImpl-3b2755de-4cfe-4b43-9e0d-73dd8eda8f75/datanode-0/data/ratis/ee3934f9-9712-4852-9baf-a8fd2d474859: flushIndex: setUnconditionally 0 -> -1
2019-09-19 14:04:50,235 [pool-58-thread-1] INFO  server.RaftServerConfigKeys (ConfUtils.java:logGet(43)) - raft.server.snapshot.auto.trigger.enabled = true (custom)
2019-09-19 14:04:50,235 [pool-58-thread-1] INFO  server.RaftServerConfigKeys (ConfUtils.java:logGet(43)) - raft.server.snapshot.auto.trigger.threshold = 1 (custom)
2019-09-19 14:04:50,235 [pool-58-thread-1] INFO  server.RaftServerConfigKeys (ConfUtils.java:logGet(43)) - raft.server.retrycache.expirytime = 600000ms (custom)
2019-09-19 14:04:50,235 [pool-58-thread-1] INFO  impl.RaftServerImpl (RaftServerImpl.java:start(180)) - dcc77c7b-1d37-448d-8d57-43d254561693: start group-A8FD2D474859
2019-09-19 14:04:50,235 [pool-58-thread-1] INFO  impl.RaftServerImpl (RaftServerImpl.java:setRole(171)) - dcc77c7b-1d37-448d-8d57-43d254561693:group-A8FD2D474859 changes role from null to FOLLOWER at term 0 for startAsFollower
2019-09-19 14:04:50,235 [pool-58-thread-1] INFO  impl.RoleInfo (RoleInfo.java:updateAndGet(143)) - dcc77c7b-1d37-448d-8d57-43d254561693: start FollowerState
2019-09-19 14:04:50,236 [pool-58-thread-1] INFO  util.JmxRegister (JmxRegister.java:tryRegister(44)) - Successfully registered JMX Bean with object name Ratis:service=RaftServer,group=group-A8FD2D474859,id=dcc77c7b-1d37-448d-8d57-43d254561693
2019-09-19 14:04:50,237 [RatisPipelineUtilsThread] INFO  pipeline.PipelineStateManager (PipelineStateManager.java:addPipeline(56)) - Created pipeline Pipeline[ Id: ee3934f9-9712-4852-9baf-a8fd2d474859, Nodes: dcc77c7b-1d37-448d-8d57-43d254561693{ip: 192.168.157.226, host: pr-hdds-1569-swxfz-3172132826, networkLocation: /default-rack, certSerialId: null}, Type:RATIS, Factor:ONE, State:OPEN]
2019-09-19 14:04:50,240 [grpc-default-executor-1] INFO  impl.RaftServerProxy (RaftServerProxy.java:addNew(89)) - dcc77c7b-1d37-448d-8d57-43d254561693: addNew group-7430C03AE933:[dcc77c7b-1d37-448d-8d57-43d254561693:192.168.157.226:34527] returns group-7430C03AE933:java.util.concurrent.CompletableFuture@7e5bceb0[Not completed]
2019-09-19 14:04:50,242 [pool-58-thread-1] INFO  impl.RaftServerImpl (RaftServerImpl.java:<init>(93)) - dcc77c7b-1d37-448d-8d57-43d254561693: new RaftServerImpl for group-7430C03AE933:[dcc77c7b-1d37-448d-8d57-43d254561693:192.168.157.226:34527] with ContainerStateMachine:uninitialized
2019-09-19 14:04:50,243 [pool-58-thread-1] INFO  server.RaftServerConfigKeys (ConfUtils.java:logGet(43)) - raft.server.rpc.timeout.min = 5s (custom)
2019-09-19 14:04:50,243 [pool-58-thread-1] INFO  server.RaftServerConfigKeys (ConfUtils.java:logGet(43)) - raft.server.rpc.timeout.max = 5200ms (custom)
2019-09-19 14:04:50,243 [pool-58-thread-1] INFO  server.RaftServerConfigKeys (ConfUtils.java:logGet(43)) - raft.server.rpcslowness.timeout = 120s (custom)
2019-09-19 14:04:50,243 [pool-58-thread-1] INFO  server.RaftServerConfigKeys (ConfUtils.java:logGet(43)) - raft.server.sleep.deviation.threshold = 300 (default)
2019-09-19 14:04:50,243 [pool-58-thread-1] INFO  server.RaftServerConfigKeys (ConfUtils.java:logGet(43)) - raft.server.log.appender.install.snapshot.enabled = false (custom)
2019-09-19 14:04:50,243 [pool-58-thread-1] INFO  impl.RaftServerImpl (ServerState.java:<init>(105)) - dcc77c7b-1d37-448d-8d57-43d254561693:group-7430C03AE933 ConfigurationManager, init=-1: [dcc77c7b-1d37-448d-8d57-43d254561693:192.168.157.226:34527], old=null, confs=<EMPTY_MAP>
2019-09-19 14:04:50,243 [pool-58-thread-1] INFO  server.RaftServerConfigKeys (ConfUtils.java:logGet(43)) - raft.server.storage.dir = [/workdir/hadoop-ozone/integration-test/target/test-dir/MiniOzoneClusterImpl-3b2755de-4cfe-4b43-9e0d-73dd8eda8f75/datanode-0/data/ratis] (custom)
2019-09-19 14:04:50,243 [pool-58-thread-1] INFO  storage.RaftStorageDirectory (RaftStorageDirectory.java:analyzeStorage(246)) - The storage directory /workdir/hadoop-ozone/integration-test/target/test-dir/MiniOzoneClusterImpl-3b2755de-4cfe-4b43-9e0d-73dd8eda8f75/datanode-0/data/ratis/e3285b87-f293-4fa3-becb-7430c03ae933 does not exist. Creating ...
2019-09-19 14:04:50,256 [pool-58-thread-1] INFO  storage.RaftStorageDirectory (RaftStorageDirectory.java:tryLock(328)) - Lock on /workdir/hadoop-ozone/integration-test/target/test-dir/MiniOzoneClusterImpl-3b2755de-4cfe-4b43-9e0d-73dd8eda8f75/datanode-0/data/ratis/e3285b87-f293-4fa3-becb-7430c03ae933/in_use.lock acquired by nodename 30982@pr-hdds-1569-swxfz-3172132826
2019-09-19 14:04:50,269 [pool-58-thread-1] INFO  storage.RaftStorage (RaftStorage.java:format(72)) - Storage directory /workdir/hadoop-ozone/integration-test/target/test-dir/MiniOzoneClusterImpl-3b2755de-4cfe-4b43-9e0d-73dd8eda8f75/datanode-0/data/ratis/e3285b87-f293-4fa3-becb-7430c03ae933 has been successfully formatted.
2019-09-19 14:04:50,269 [pool-58-thread-1] INFO  ratis.ContainerStateMachine (ContainerStateMachine.java:loadSnapshot(226)) - group-7430C03AE933: The snapshot info is null. Setting the last applied indexto:(t:0, i:~)
2019-09-19 14:04:50,269 [pool-58-thread-1] INFO  server.RaftServerConfigKeys (ConfUtils.java:logGet(43)) - raft.server.leader.election.timeout = 120s (custom)
2019-09-19 14:04:50,269 [pool-58-thread-1] INFO  server.RaftServerConfigKeys (ConfUtils.java:logGet(43)) - raft.server.log.use.memory = false (default)
2019-09-19 14:04:50,269 [pool-58-thread-1] INFO  server.RaftServerConfigKeys (ConfUtils.java:logGet(43)) - raft.server.log.purge.gap = 1000000 (custom)
2019-09-19 14:04:50,269 [pool-58-thread-1] INFO  server.RaftServerConfigKeys (ConfUtils.java:logGet(43)) - raft.server.log.appender.buffer.byte-limit = 33554432 (custom)
2019-09-19 14:04:50,269 [pool-58-thread-1] INFO  server.RaftServerConfigKeys (ConfUtils.java:logGet(43)) - raft.server.log.segment.size.max = 1048576 (custom)
2019-09-19 14:04:50,270 [pool-58-thread-1] INFO  server.RaftServerConfigKeys (ConfUtils.java:logGet(43)) - raft.server.log.segment.cache.num.max = 2 (custom)
2019-09-19 14:04:50,270 [pool-58-thread-1] INFO  segmented.SegmentedRaftLogWorker (SegmentedRaftLogWorker.java:<init>(172)) - new dcc77c7b-1d37-448d-8d57-43d254561693-SegmentedRaftLogWorker:Storage Directory /workdir/hadoop-ozone/integration-test/target/test-dir/MiniOzoneClusterImpl-3b2755de-4cfe-4b43-9e0d-73dd8eda8f75/datanode-0/data/ratis/e3285b87-f293-4fa3-becb-7430c03ae933 for RaftStorage:Storage Directory /workdir/hadoop-ozone/integration-test/target/test-dir/MiniOzoneClusterImpl-3b2755de-4cfe-4b43-9e0d-73dd8eda8f75/datanode-0/data/ratis/e3285b87-f293-4fa3-becb-7430c03ae933
2019-09-19 14:04:50,270 [pool-58-thread-1] INFO  server.RaftServerConfigKeys (ConfUtils.java:logGet(43)) - raft.server.log.queue.byte-limit = 2147483647 (custom)
2019-09-19 14:04:50,270 [pool-58-thread-1] INFO  server.RaftServerConfigKeys (ConfUtils.java:logGet(43)) - raft.server.log.queue.element-limit = 1024 (custom)
2019-09-19 14:04:50,270 [pool-58-thread-1] INFO  server.RaftServerConfigKeys (ConfUtils.java:logGet(43)) - raft.server.log.segment.size.max = 1048576 (custom)
2019-09-19 14:04:50,270 [pool-58-thread-1] INFO  server.RaftServerConfigKeys (ConfUtils.java:logGet(43)) - raft.server.log.preallocated.size = 16384 (custom)
2019-09-19 14:04:50,270 [pool-58-thread-1] INFO  server.RaftServerConfigKeys (ConfUtils.java:logGet(43)) - raft.server.log.write.buffer.size = 33554432 (custom)
2019-09-19 14:04:50,270 [pool-58-thread-1] INFO  server.RaftServerConfigKeys (ConfUtils.java:logGet(43)) - raft.server.log.force.sync.num = 128 (default)
2019-09-19 14:04:50,271 [pool-58-thread-1] INFO  server.RaftServerConfigKeys (ConfUtils.java:logGet(43)) - raft.server.log.statemachine.data.sync = true (default)
2019-09-19 14:04:50,271 [pool-58-thread-1] INFO  server.RaftServerConfigKeys (ConfUtils.java:logGet(43)) - raft.server.log.statemachine.data.sync.timeout = 10s (default)
2019-09-19 14:04:50,271 [pool-58-thread-1] INFO  server.RaftServerConfigKeys (ConfUtils.java:logGet(43)) - raft.server.log.statemachine.data.sync.timeout.retry = -1 (default)
2019-09-19 14:04:50,271 [pool-58-thread-1] INFO  server.RaftServerConfigKeys (ConfUtils.java:logGet(43)) - raft.server.log.statemachine.data.caching.enabled = true (custom)
2019-09-19 14:04:50,271 [pool-58-thread-1] INFO  segmented.SegmentedRaftLogWorker (SegmentedRaftLogWorker.java:lambda$new$0(132)) - dcc77c7b-1d37-448d-8d57-43d254561693-SegmentedRaftLogWorker:Storage Directory /workdir/hadoop-ozone/integration-test/target/test-dir/MiniOzoneClusterImpl-3b2755de-4cfe-4b43-9e0d-73dd8eda8f75/datanode-0/data/ratis/e3285b87-f293-4fa3-becb-7430c03ae933: flushIndex: setUnconditionally 0 -> -1
2019-09-19 14:04:50,272 [pool-58-thread-1] INFO  server.RaftServerConfigKeys (ConfUtils.java:logGet(43)) - raft.server.snapshot.auto.trigger.enabled = true (custom)
2019-09-19 14:04:50,272 [pool-58-thread-1] INFO  server.RaftServerConfigKeys (ConfUtils.java:logGet(43)) - raft.server.snapshot.auto.trigger.threshold = 1 (custom)
2019-09-19 14:04:50,272 [pool-58-thread-1] INFO  server.RaftServerConfigKeys (ConfUtils.java:logGet(43)) - raft.server.retrycache.expirytime = 600000ms (custom)
2019-09-19 14:04:50,272 [pool-58-thread-1] INFO  impl.RaftServerImpl (RaftServerImpl.java:start(180)) - dcc77c7b-1d37-448d-8d57-43d254561693: start group-7430C03AE933
2019-09-19 14:04:50,272 [pool-58-thread-1] INFO  impl.RaftServerImpl (RaftServerImpl.java:setRole(171)) - dcc77c7b-1d37-448d-8d57-43d254561693:group-7430C03AE933 changes role from null to FOLLOWER at term 0 for startAsFollower
2019-09-19 14:04:50,272 [pool-58-thread-1] INFO  impl.RoleInfo (RoleInfo.java:updateAndGet(143)) - dcc77c7b-1d37-448d-8d57-43d254561693: start FollowerState
2019-09-19 14:04:50,273 [pool-58-thread-1] INFO  util.JmxRegister (JmxRegister.java:tryRegister(44)) - Successfully registered JMX Bean with object name Ratis:service=RaftServer,group=group-7430C03AE933,id=dcc77c7b-1d37-448d-8d57-43d254561693
2019-09-19 14:04:50,274 [RatisPipelineUtilsThread] INFO  pipeline.PipelineStateManager (PipelineStateManager.java:addPipeline(56)) - Created pipeline Pipeline[ Id: e3285b87-f293-4fa3-becb-7430c03ae933, Nodes: dcc77c7b-1d37-448d-8d57-43d254561693{ip: 192.168.157.226, host: pr-hdds-1569-swxfz-3172132826, networkLocation: /default-rack, certSerialId: null}, Type:RATIS, Factor:ONE, State:OPEN]
2019-09-19 14:04:50,276 [grpc-default-executor-1] INFO  impl.RaftServerProxy (RaftServerProxy.java:addNew(89)) - dcc77c7b-1d37-448d-8d57-43d254561693: addNew group-11869BE1A9F1:[dcc77c7b-1d37-448d-8d57-43d254561693:192.168.157.226:34527] returns group-11869BE1A9F1:java.util.concurrent.CompletableFuture@61b582d9[Not completed]
2019-09-19 14:04:50,277 [pool-58-thread-1] INFO  impl.RaftServerImpl (RaftServerImpl.java:<init>(93)) - dcc77c7b-1d37-448d-8d57-43d254561693: new RaftServerImpl for group-11869BE1A9F1:[dcc77c7b-1d37-448d-8d57-43d254561693:192.168.157.226:34527] with ContainerStateMachine:uninitialized
2019-09-19 14:04:50,277 [pool-58-thread-1] INFO  server.RaftServerConfigKeys (ConfUtils.java:logGet(43)) - raft.server.rpc.timeout.min = 5s (custom)
2019-09-19 14:04:50,277 [pool-58-thread-1] INFO  server.RaftServerConfigKeys (ConfUtils.java:logGet(43)) - raft.server.rpc.timeout.max = 5200ms (custom)
2019-09-19 14:04:50,277 [pool-58-thread-1] INFO  server.RaftServerConfigKeys (ConfUtils.java:logGet(43)) - raft.server.rpcslowness.timeout = 120s (custom)
2019-09-19 14:04:50,277 [pool-58-thread-1] INFO  server.RaftServerConfigKeys (ConfUtils.java:logGet(43)) - raft.server.sleep.deviation.threshold = 300 (default)
2019-09-19 14:04:50,277 [pool-58-thread-1] INFO  server.RaftServerConfigKeys (ConfUtils.java:logGet(43)) - raft.server.log.appender.install.snapshot.enabled = false (custom)
2019-09-19 14:04:50,277 [pool-58-thread-1] INFO  impl.RaftServerImpl (ServerState.java:<init>(105)) - dcc77c7b-1d37-448d-8d57-43d254561693:group-11869BE1A9F1 ConfigurationManager, init=-1: [dcc77c7b-1d37-448d-8d57-43d254561693:192.168.157.226:34527], old=null, confs=<EMPTY_MAP>
2019-09-19 14:04:50,277 [pool-58-thread-1] INFO  server.RaftServerConfigKeys (ConfUtils.java:logGet(43)) - raft.server.storage.dir = [/workdir/hadoop-ozone/integration-test/target/test-dir/MiniOzoneClusterImpl-3b2755de-4cfe-4b43-9e0d-73dd8eda8f75/datanode-0/data/ratis] (custom)
2019-09-19 14:04:50,278 [pool-58-thread-1] INFO  storage.RaftStorageDirectory (RaftStorageDirectory.java:analyzeStorage(246)) - The storage directory /workdir/hadoop-ozone/integration-test/target/test-dir/MiniOzoneClusterImpl-3b2755de-4cfe-4b43-9e0d-73dd8eda8f75/datanode-0/data/ratis/abcc18f0-c26d-4d41-9759-11869be1a9f1 does not exist. Creating ...
2019-09-19 14:04:50,291 [pool-58-thread-1] INFO  storage.RaftStorageDirectory (RaftStorageDirectory.java:tryLock(328)) - Lock on /workdir/hadoop-ozone/integration-test/target/test-dir/MiniOzoneClusterImpl-3b2755de-4cfe-4b43-9e0d-73dd8eda8f75/datanode-0/data/ratis/abcc18f0-c26d-4d41-9759-11869be1a9f1/in_use.lock acquired by nodename 30982@pr-hdds-1569-swxfz-3172132826
2019-09-19 14:04:50,303 [pool-58-thread-1] INFO  storage.RaftStorage (RaftStorage.java:format(72)) - Storage directory /workdir/hadoop-ozone/integration-test/target/test-dir/MiniOzoneClusterImpl-3b2755de-4cfe-4b43-9e0d-73dd8eda8f75/datanode-0/data/ratis/abcc18f0-c26d-4d41-9759-11869be1a9f1 has been successfully formatted.
2019-09-19 14:04:50,304 [pool-58-thread-1] INFO  ratis.ContainerStateMachine (ContainerStateMachine.java:loadSnapshot(226)) - group-11869BE1A9F1: The snapshot info is null. Setting the last applied indexto:(t:0, i:~)
2019-09-19 14:04:50,304 [pool-58-thread-1] INFO  server.RaftServerConfigKeys (ConfUtils.java:logGet(43)) - raft.server.leader.election.timeout = 120s (custom)
2019-09-19 14:04:50,304 [pool-58-thread-1] INFO  server.RaftServerConfigKeys (ConfUtils.java:logGet(43)) - raft.server.log.use.memory = false (default)
2019-09-19 14:04:50,304 [pool-58-thread-1] INFO  server.RaftServerConfigKeys (ConfUtils.java:logGet(43)) - raft.server.log.purge.gap = 1000000 (custom)
2019-09-19 14:04:50,304 [pool-58-thread-1] INFO  server.RaftServerConfigKeys (ConfUtils.java:logGet(43)) - raft.server.log.appender.buffer.byte-limit = 33554432 (custom)
2019-09-19 14:04:50,304 [pool-58-thread-1] INFO  server.RaftServerConfigKeys (ConfUtils.java:logGet(43)) - raft.server.log.segment.size.max = 1048576 (custom)
2019-09-19 14:04:50,304 [pool-58-thread-1] INFO  server.RaftServerConfigKeys (ConfUtils.java:logGet(43)) - raft.server.log.segment.cache.num.max = 2 (custom)
2019-09-19 14:04:50,305 [pool-58-thread-1] INFO  segmented.SegmentedRaftLogWorker (SegmentedRaftLogWorker.java:<init>(172)) - new dcc77c7b-1d37-448d-8d57-43d254561693-SegmentedRaftLogWorker:Storage Directory /workdir/hadoop-ozone/integration-test/target/test-dir/MiniOzoneClusterImpl-3b2755de-4cfe-4b43-9e0d-73dd8eda8f75/datanode-0/data/ratis/abcc18f0-c26d-4d41-9759-11869be1a9f1 for RaftStorage:Storage Directory /workdir/hadoop-ozone/integration-test/target/test-dir/MiniOzoneClusterImpl-3b2755de-4cfe-4b43-9e0d-73dd8eda8f75/datanode-0/data/ratis/abcc18f0-c26d-4d41-9759-11869be1a9f1
2019-09-19 14:04:50,305 [pool-58-thread-1] INFO  server.RaftServerConfigKeys (ConfUtils.java:logGet(43)) - raft.server.log.queue.byte-limit = 2147483647 (custom)
2019-09-19 14:04:50,305 [pool-58-thread-1] INFO  server.RaftServerConfigKeys (ConfUtils.java:logGet(43)) - raft.server.log.queue.element-limit = 1024 (custom)
2019-09-19 14:04:50,305 [pool-58-thread-1] INFO  server.RaftServerConfigKeys (ConfUtils.java:logGet(43)) - raft.server.log.segment.size.max = 1048576 (custom)
2019-09-19 14:04:50,305 [pool-58-thread-1] INFO  server.RaftServerConfigKeys (ConfUtils.java:logGet(43)) - raft.server.log.preallocated.size = 16384 (custom)
2019-09-19 14:04:50,305 [pool-58-thread-1] INFO  server.RaftServerConfigKeys (ConfUtils.java:logGet(43)) - raft.server.log.write.buffer.size = 33554432 (custom)
2019-09-19 14:04:50,305 [pool-58-thread-1] INFO  server.RaftServerConfigKeys (ConfUtils.java:logGet(43)) - raft.server.log.force.sync.num = 128 (default)
2019-09-19 14:04:50,305 [pool-58-thread-1] INFO  server.RaftServerConfigKeys (ConfUtils.java:logGet(43)) - raft.server.log.statemachine.data.sync = true (default)
2019-09-19 14:04:50,305 [pool-58-thread-1] INFO  server.RaftServerConfigKeys (ConfUtils.java:logGet(43)) - raft.server.log.statemachine.data.sync.timeout = 10s (default)
2019-09-19 14:04:50,306 [pool-58-thread-1] INFO  server.RaftServerConfigKeys (ConfUtils.java:logGet(43)) - raft.server.log.statemachine.data.sync.timeout.retry = -1 (default)
2019-09-19 14:04:50,306 [pool-58-thread-1] INFO  server.RaftServerConfigKeys (ConfUtils.java:logGet(43)) - raft.server.log.statemachine.data.caching.enabled = true (custom)
2019-09-19 14:04:50,306 [pool-58-thread-1] INFO  segmented.SegmentedRaftLogWorker (SegmentedRaftLogWorker.java:lambda$new$0(132)) - dcc77c7b-1d37-448d-8d57-43d254561693-SegmentedRaftLogWorker:Storage Directory /workdir/hadoop-ozone/integration-test/target/test-dir/MiniOzoneClusterImpl-3b2755de-4cfe-4b43-9e0d-73dd8eda8f75/datanode-0/data/ratis/abcc18f0-c26d-4d41-9759-11869be1a9f1: flushIndex: setUnconditionally 0 -> -1
2019-09-19 14:04:50,306 [pool-58-thread-1] INFO  server.RaftServerConfigKeys (ConfUtils.java:logGet(43)) - raft.server.snapshot.auto.trigger.enabled = true (custom)
2019-09-19 14:04:50,306 [pool-58-thread-1] INFO  server.RaftServerConfigKeys (ConfUtils.java:logGet(43)) - raft.server.snapshot.auto.trigger.threshold = 1 (custom)
2019-09-19 14:04:50,307 [pool-58-thread-1] INFO  server.RaftServerConfigKeys (ConfUtils.java:logGet(43)) - raft.server.retrycache.expirytime = 600000ms (custom)
2019-09-19 14:04:50,307 [pool-58-thread-1] INFO  impl.RaftServerImpl (RaftServerImpl.java:start(180)) - dcc77c7b-1d37-448d-8d57-43d254561693: start group-11869BE1A9F1
2019-09-19 14:04:50,307 [pool-58-thread-1] INFO  impl.RaftServerImpl (RaftServerImpl.java:setRole(171)) - dcc77c7b-1d37-448d-8d57-43d254561693:group-11869BE1A9F1 changes role from null to FOLLOWER at term 0 for startAsFollower
2019-09-19 14:04:50,307 [pool-58-thread-1] INFO  impl.RoleInfo (RoleInfo.java:updateAndGet(143)) - dcc77c7b-1d37-448d-8d57-43d254561693: start FollowerState
2019-09-19 14:04:50,307 [pool-58-thread-1] INFO  util.JmxRegister (JmxRegister.java:tryRegister(44)) - Successfully registered JMX Bean with object name Ratis:service=RaftServer,group=group-11869BE1A9F1,id=dcc77c7b-1d37-448d-8d57-43d254561693
2019-09-19 14:04:50,309 [RatisPipelineUtilsThread] INFO  pipeline.PipelineStateManager (PipelineStateManager.java:addPipeline(56)) - Created pipeline Pipeline[ Id: abcc18f0-c26d-4d41-9759-11869be1a9f1, Nodes: dcc77c7b-1d37-448d-8d57-43d254561693{ip: 192.168.157.226, host: pr-hdds-1569-swxfz-3172132826, networkLocation: /default-rack, certSerialId: null}, Type:RATIS, Factor:ONE, State:OPEN]
2019-09-19 14:04:50,311 [grpc-default-executor-1] INFO  impl.RaftServerProxy (RaftServerProxy.java:addNew(89)) - dcc77c7b-1d37-448d-8d57-43d254561693: addNew group-6752562DDCDA:[dcc77c7b-1d37-448d-8d57-43d254561693:192.168.157.226:34527] returns group-6752562DDCDA:java.util.concurrent.CompletableFuture@66dbd7ca[Not completed]
2019-09-19 14:04:50,313 [pool-58-thread-1] INFO  impl.RaftServerImpl (RaftServerImpl.java:<init>(93)) - dcc77c7b-1d37-448d-8d57-43d254561693: new RaftServerImpl for group-6752562DDCDA:[dcc77c7b-1d37-448d-8d57-43d254561693:192.168.157.226:34527] with ContainerStateMachine:uninitialized
2019-09-19 14:04:50,313 [pool-58-thread-1] INFO  server.RaftServerConfigKeys (ConfUtils.java:logGet(43)) - raft.server.rpc.timeout.min = 5s (custom)
2019-09-19 14:04:50,313 [pool-58-thread-1] INFO  server.RaftServerConfigKeys (ConfUtils.java:logGet(43)) - raft.server.rpc.timeout.max = 5200ms (custom)
2019-09-19 14:04:50,314 [pool-58-thread-1] INFO  server.RaftServerConfigKeys (ConfUtils.java:logGet(43)) - raft.server.rpcslowness.timeout = 120s (custom)
2019-09-19 14:04:50,314 [pool-58-thread-1] INFO  server.RaftServerConfigKeys (ConfUtils.java:logGet(43)) - raft.server.sleep.deviation.threshold = 300 (default)
2019-09-19 14:04:50,314 [pool-58-thread-1] INFO  server.RaftServerConfigKeys (ConfUtils.java:logGet(43)) - raft.server.log.appender.install.snapshot.enabled = false (custom)
2019-09-19 14:04:50,314 [pool-58-thread-1] INFO  impl.RaftServerImpl (ServerState.java:<init>(105)) - dcc77c7b-1d37-448d-8d57-43d254561693:group-6752562DDCDA ConfigurationManager, init=-1: [dcc77c7b-1d37-448d-8d57-43d254561693:192.168.157.226:34527], old=null, confs=<EMPTY_MAP>
2019-09-19 14:04:50,314 [pool-58-thread-1] INFO  server.RaftServerConfigKeys (ConfUtils.java:logGet(43)) - raft.server.storage.dir = [/workdir/hadoop-ozone/integration-test/target/test-dir/MiniOzoneClusterImpl-3b2755de-4cfe-4b43-9e0d-73dd8eda8f75/datanode-0/data/ratis] (custom)
2019-09-19 14:04:50,315 [pool-58-thread-1] INFO  storage.RaftStorageDirectory (RaftStorageDirectory.java:analyzeStorage(246)) - The storage directory /workdir/hadoop-ozone/integration-test/target/test-dir/MiniOzoneClusterImpl-3b2755de-4cfe-4b43-9e0d-73dd8eda8f75/datanode-0/data/ratis/faba916e-1699-421a-a235-6752562ddcda does not exist. Creating ...
2019-09-19 14:04:50,327 [pool-58-thread-1] INFO  storage.RaftStorageDirectory (RaftStorageDirectory.java:tryLock(328)) - Lock on /workdir/hadoop-ozone/integration-test/target/test-dir/MiniOzoneClusterImpl-3b2755de-4cfe-4b43-9e0d-73dd8eda8f75/datanode-0/data/ratis/faba916e-1699-421a-a235-6752562ddcda/in_use.lock acquired by nodename 30982@pr-hdds-1569-swxfz-3172132826
2019-09-19 14:04:50,339 [pool-58-thread-1] INFO  storage.RaftStorage (RaftStorage.java:format(72)) - Storage directory /workdir/hadoop-ozone/integration-test/target/test-dir/MiniOzoneClusterImpl-3b2755de-4cfe-4b43-9e0d-73dd8eda8f75/datanode-0/data/ratis/faba916e-1699-421a-a235-6752562ddcda has been successfully formatted.
2019-09-19 14:04:50,340 [pool-58-thread-1] INFO  ratis.ContainerStateMachine (ContainerStateMachine.java:loadSnapshot(226)) - group-6752562DDCDA: The snapshot info is null. Setting the last applied indexto:(t:0, i:~)
2019-09-19 14:04:50,340 [pool-58-thread-1] INFO  server.RaftServerConfigKeys (ConfUtils.java:logGet(43)) - raft.server.leader.election.timeout = 120s (custom)
2019-09-19 14:04:50,340 [pool-58-thread-1] INFO  server.RaftServerConfigKeys (ConfUtils.java:logGet(43)) - raft.server.log.use.memory = false (default)
2019-09-19 14:04:50,340 [pool-58-thread-1] INFO  server.RaftServerConfigKeys (ConfUtils.java:logGet(43)) - raft.server.log.purge.gap = 1000000 (custom)
2019-09-19 14:04:50,340 [pool-58-thread-1] INFO  server.RaftServerConfigKeys (ConfUtils.java:logGet(43)) - raft.server.log.appender.buffer.byte-limit = 33554432 (custom)
2019-09-19 14:04:50,340 [pool-58-thread-1] INFO  server.RaftServerConfigKeys (ConfUtils.java:logGet(43)) - raft.server.log.segment.size.max = 1048576 (custom)
2019-09-19 14:04:50,340 [pool-58-thread-1] INFO  server.RaftServerConfigKeys (ConfUtils.java:logGet(43)) - raft.server.log.segment.cache.num.max = 2 (custom)
2019-09-19 14:04:50,341 [pool-58-thread-1] INFO  segmented.SegmentedRaftLogWorker (SegmentedRaftLogWorker.java:<init>(172)) - new dcc77c7b-1d37-448d-8d57-43d254561693-SegmentedRaftLogWorker:Storage Directory /workdir/hadoop-ozone/integration-test/target/test-dir/MiniOzoneClusterImpl-3b2755de-4cfe-4b43-9e0d-73dd8eda8f75/datanode-0/data/ratis/faba916e-1699-421a-a235-6752562ddcda for RaftStorage:Storage Directory /workdir/hadoop-ozone/integration-test/target/test-dir/MiniOzoneClusterImpl-3b2755de-4cfe-4b43-9e0d-73dd8eda8f75/datanode-0/data/ratis/faba916e-1699-421a-a235-6752562ddcda
2019-09-19 14:04:50,341 [pool-58-thread-1] INFO  server.RaftServerConfigKeys (ConfUtils.java:logGet(43)) - raft.server.log.queue.byte-limit = 2147483647 (custom)
2019-09-19 14:04:50,341 [pool-58-thread-1] INFO  server.RaftServerConfigKeys (ConfUtils.java:logGet(43)) - raft.server.log.queue.element-limit = 1024 (custom)
2019-09-19 14:04:50,341 [pool-58-thread-1] INFO  server.RaftServerConfigKeys (ConfUtils.java:logGet(43)) - raft.server.log.segment.size.max = 1048576 (custom)
2019-09-19 14:04:50,341 [pool-58-thread-1] INFO  server.RaftServerConfigKeys (ConfUtils.java:logGet(43)) - raft.server.log.preallocated.size = 16384 (custom)
2019-09-19 14:04:50,341 [pool-58-thread-1] INFO  server.RaftServerConfigKeys (ConfUtils.java:logGet(43)) - raft.server.log.write.buffer.size = 33554432 (custom)
2019-09-19 14:04:50,341 [pool-58-thread-1] INFO  server.RaftServerConfigKeys (ConfUtils.java:logGet(43)) - raft.server.log.force.sync.num = 128 (default)
2019-09-19 14:04:50,341 [pool-58-thread-1] INFO  server.RaftServerConfigKeys (ConfUtils.java:logGet(43)) - raft.server.log.statemachine.data.sync = true (default)
2019-09-19 14:04:50,342 [pool-58-thread-1] INFO  server.RaftServerConfigKeys (ConfUtils.java:logGet(43)) - raft.server.log.statemachine.data.sync.timeout = 10s (default)
2019-09-19 14:04:50,342 [pool-58-thread-1] INFO  server.RaftServerConfigKeys (ConfUtils.java:logGet(43)) - raft.server.log.statemachine.data.sync.timeout.retry = -1 (default)
2019-09-19 14:04:50,342 [pool-58-thread-1] INFO  server.RaftServerConfigKeys (ConfUtils.java:logGet(43)) - raft.server.log.statemachine.data.caching.enabled = true (custom)
2019-09-19 14:04:50,342 [pool-58-thread-1] INFO  segmented.SegmentedRaftLogWorker (SegmentedRaftLogWorker.java:lambda$new$0(132)) - dcc77c7b-1d37-448d-8d57-43d254561693-SegmentedRaftLogWorker:Storage Directory /workdir/hadoop-ozone/integration-test/target/test-dir/MiniOzoneClusterImpl-3b2755de-4cfe-4b43-9e0d-73dd8eda8f75/datanode-0/data/ratis/faba916e-1699-421a-a235-6752562ddcda: flushIndex: setUnconditionally 0 -> -1
2019-09-19 14:04:50,342 [pool-58-thread-1] INFO  server.RaftServerConfigKeys (ConfUtils.java:logGet(43)) - raft.server.snapshot.auto.trigger.enabled = true (custom)
2019-09-19 14:04:50,342 [pool-58-thread-1] INFO  server.RaftServerConfigKeys (ConfUtils.java:logGet(43)) - raft.server.snapshot.auto.trigger.threshold = 1 (custom)
2019-09-19 14:04:50,343 [pool-58-thread-1] INFO  server.RaftServerConfigKeys (ConfUtils.java:logGet(43)) - raft.server.retrycache.expirytime = 600000ms (custom)
2019-09-19 14:04:50,343 [pool-58-thread-1] INFO  impl.RaftServerImpl (RaftServerImpl.java:start(180)) - dcc77c7b-1d37-448d-8d57-43d254561693: start group-6752562DDCDA
2019-09-19 14:04:50,343 [pool-58-thread-1] INFO  impl.RaftServerImpl (RaftServerImpl.java:setRole(171)) - dcc77c7b-1d37-448d-8d57-43d254561693:group-6752562DDCDA changes role from null to FOLLOWER at term 0 for startAsFollower
2019-09-19 14:04:50,343 [pool-58-thread-1] INFO  impl.RoleInfo (RoleInfo.java:updateAndGet(143)) - dcc77c7b-1d37-448d-8d57-43d254561693: start FollowerState
2019-09-19 14:04:50,343 [pool-58-thread-1] INFO  util.JmxRegister (JmxRegister.java:tryRegister(44)) - Successfully registered JMX Bean with object name Ratis:service=RaftServer,group=group-6752562DDCDA,id=dcc77c7b-1d37-448d-8d57-43d254561693
2019-09-19 14:04:50,345 [RatisPipelineUtilsThread] INFO  pipeline.PipelineStateManager (PipelineStateManager.java:addPipeline(56)) - Created pipeline Pipeline[ Id: faba916e-1699-421a-a235-6752562ddcda, Nodes: dcc77c7b-1d37-448d-8d57-43d254561693{ip: 192.168.157.226, host: pr-hdds-1569-swxfz-3172132826, networkLocation: /default-rack, certSerialId: null}, Type:RATIS, Factor:ONE, State:OPEN]
2019-09-19 14:04:50,347 [grpc-default-executor-1] INFO  impl.RaftServerProxy (RaftServerProxy.java:addNew(89)) - dcc77c7b-1d37-448d-8d57-43d254561693: addNew group-5585B1E8EF5D:[dcc77c7b-1d37-448d-8d57-43d254561693:192.168.157.226:34527] returns group-5585B1E8EF5D:java.util.concurrent.CompletableFuture@16300f1c[Not completed]
2019-09-19 14:04:50,348 [pool-58-thread-1] INFO  impl.RaftServerImpl (RaftServerImpl.java:<init>(93)) - dcc77c7b-1d37-448d-8d57-43d254561693: new RaftServerImpl for group-5585B1E8EF5D:[dcc77c7b-1d37-448d-8d57-43d254561693:192.168.157.226:34527] with ContainerStateMachine:uninitialized
2019-09-19 14:04:50,348 [pool-58-thread-1] INFO  server.RaftServerConfigKeys (ConfUtils.java:logGet(43)) - raft.server.rpc.timeout.min = 5s (custom)
2019-09-19 14:04:50,348 [pool-58-thread-1] INFO  server.RaftServerConfigKeys (ConfUtils.java:logGet(43)) - raft.server.rpc.timeout.max = 5200ms (custom)
2019-09-19 14:04:50,348 [pool-58-thread-1] INFO  server.RaftServerConfigKeys (ConfUtils.java:logGet(43)) - raft.server.rpcslowness.timeout = 120s (custom)
2019-09-19 14:04:50,348 [pool-58-thread-1] INFO  server.RaftServerConfigKeys (ConfUtils.java:logGet(43)) - raft.server.sleep.deviation.threshold = 300 (default)
2019-09-19 14:04:50,348 [pool-58-thread-1] INFO  server.RaftServerConfigKeys (ConfUtils.java:logGet(43)) - raft.server.log.appender.install.snapshot.enabled = false (custom)
2019-09-19 14:04:50,348 [pool-58-thread-1] INFO  impl.RaftServerImpl (ServerState.java:<init>(105)) - dcc77c7b-1d37-448d-8d57-43d254561693:group-5585B1E8EF5D ConfigurationManager, init=-1: [dcc77c7b-1d37-448d-8d57-43d254561693:192.168.157.226:34527], old=null, confs=<EMPTY_MAP>
2019-09-19 14:04:50,348 [pool-58-thread-1] INFO  server.RaftServerConfigKeys (ConfUtils.java:logGet(43)) - raft.server.storage.dir = [/workdir/hadoop-ozone/integration-test/target/test-dir/MiniOzoneClusterImpl-3b2755de-4cfe-4b43-9e0d-73dd8eda8f75/datanode-0/data/ratis] (custom)
2019-09-19 14:04:50,349 [pool-58-thread-1] INFO  storage.RaftStorageDirectory (RaftStorageDirectory.java:analyzeStorage(246)) - The storage directory /workdir/hadoop-ozone/integration-test/target/test-dir/MiniOzoneClusterImpl-3b2755de-4cfe-4b43-9e0d-73dd8eda8f75/datanode-0/data/ratis/5e736f07-e612-485f-8517-5585b1e8ef5d does not exist. Creating ...
2019-09-19 14:04:50,361 [pool-58-thread-1] INFO  storage.RaftStorageDirectory (RaftStorageDirectory.java:tryLock(328)) - Lock on /workdir/hadoop-ozone/integration-test/target/test-dir/MiniOzoneClusterImpl-3b2755de-4cfe-4b43-9e0d-73dd8eda8f75/datanode-0/data/ratis/5e736f07-e612-485f-8517-5585b1e8ef5d/in_use.lock acquired by nodename 30982@pr-hdds-1569-swxfz-3172132826
2019-09-19 14:04:50,389 | INFO  | SCMAudit | user=jenkins1000 | ip=192.168.157.226 | op=SEND_HEARTBEAT {datanodeUUID=dcc77c7b-1d37-448d-8d57-43d254561693, command=[]} | ret=SUCCESS |  
2019-09-19 14:04:50,396 [pool-58-thread-1] INFO  storage.RaftStorage (RaftStorage.java:format(72)) - Storage directory /workdir/hadoop-ozone/integration-test/target/test-dir/MiniOzoneClusterImpl-3b2755de-4cfe-4b43-9e0d-73dd8eda8f75/datanode-0/data/ratis/5e736f07-e612-485f-8517-5585b1e8ef5d has been successfully formatted.
2019-09-19 14:04:50,397 [pool-58-thread-1] INFO  ratis.ContainerStateMachine (ContainerStateMachine.java:loadSnapshot(226)) - group-5585B1E8EF5D: The snapshot info is null. Setting the last applied indexto:(t:0, i:~)
2019-09-19 14:04:50,397 [pool-58-thread-1] INFO  server.RaftServerConfigKeys (ConfUtils.java:logGet(43)) - raft.server.leader.election.timeout = 120s (custom)
2019-09-19 14:04:50,397 [pool-58-thread-1] INFO  server.RaftServerConfigKeys (ConfUtils.java:logGet(43)) - raft.server.log.use.memory = false (default)
2019-09-19 14:04:50,397 [pool-58-thread-1] INFO  server.RaftServerConfigKeys (ConfUtils.java:logGet(43)) - raft.server.log.purge.gap = 1000000 (custom)
2019-09-19 14:04:50,397 [pool-58-thread-1] INFO  server.RaftServerConfigKeys (ConfUtils.java:logGet(43)) - raft.server.log.appender.buffer.byte-limit = 33554432 (custom)
2019-09-19 14:04:50,397 [pool-58-thread-1] INFO  server.RaftServerConfigKeys (ConfUtils.java:logGet(43)) - raft.server.log.segment.size.max = 1048576 (custom)
2019-09-19 14:04:50,397 [pool-58-thread-1] INFO  server.RaftServerConfigKeys (ConfUtils.java:logGet(43)) - raft.server.log.segment.cache.num.max = 2 (custom)
2019-09-19 14:04:50,397 [pool-58-thread-1] INFO  segmented.SegmentedRaftLogWorker (SegmentedRaftLogWorker.java:<init>(172)) - new dcc77c7b-1d37-448d-8d57-43d254561693-SegmentedRaftLogWorker:Storage Directory /workdir/hadoop-ozone/integration-test/target/test-dir/MiniOzoneClusterImpl-3b2755de-4cfe-4b43-9e0d-73dd8eda8f75/datanode-0/data/ratis/5e736f07-e612-485f-8517-5585b1e8ef5d for RaftStorage:Storage Directory /workdir/hadoop-ozone/integration-test/target/test-dir/MiniOzoneClusterImpl-3b2755de-4cfe-4b43-9e0d-73dd8eda8f75/datanode-0/data/ratis/5e736f07-e612-485f-8517-5585b1e8ef5d
2019-09-19 14:04:50,397 [pool-58-thread-1] INFO  server.RaftServerConfigKeys (ConfUtils.java:logGet(43)) - raft.server.log.queue.byte-limit = 2147483647 (custom)
2019-09-19 14:04:50,398 [pool-58-thread-1] INFO  server.RaftServerConfigKeys (ConfUtils.java:logGet(43)) - raft.server.log.queue.element-limit = 1024 (custom)
2019-09-19 14:04:50,398 [pool-58-thread-1] INFO  server.RaftServerConfigKeys (ConfUtils.java:logGet(43)) - raft.server.log.segment.size.max = 1048576 (custom)
2019-09-19 14:04:50,398 [pool-58-thread-1] INFO  server.RaftServerConfigKeys (ConfUtils.java:logGet(43)) - raft.server.log.preallocated.size = 16384 (custom)
2019-09-19 14:04:50,398 [pool-58-thread-1] INFO  server.RaftServerConfigKeys (ConfUtils.java:logGet(43)) - raft.server.log.write.buffer.size = 33554432 (custom)
2019-09-19 14:04:50,398 [pool-58-thread-1] INFO  server.RaftServerConfigKeys (ConfUtils.java:logGet(43)) - raft.server.log.force.sync.num = 128 (default)
2019-09-19 14:04:50,398 [pool-58-thread-1] INFO  server.RaftServerConfigKeys (ConfUtils.java:logGet(43)) - raft.server.log.statemachine.data.sync = true (default)
2019-09-19 14:04:50,398 [pool-58-thread-1] INFO  server.RaftServerConfigKeys (ConfUtils.java:logGet(43)) - raft.server.log.statemachine.data.sync.timeout = 10s (default)
2019-09-19 14:04:50,398 [pool-58-thread-1] INFO  server.RaftServerConfigKeys (ConfUtils.java:logGet(43)) - raft.server.log.statemachine.data.sync.timeout.retry = -1 (default)
2019-09-19 14:04:50,399 [pool-58-thread-1] INFO  server.RaftServerConfigKeys (ConfUtils.java:logGet(43)) - raft.server.log.statemachine.data.caching.enabled = true (custom)
2019-09-19 14:04:50,399 [pool-58-thread-1] INFO  segmented.SegmentedRaftLogWorker (SegmentedRaftLogWorker.java:lambda$new$0(132)) - dcc77c7b-1d37-448d-8d57-43d254561693-SegmentedRaftLogWorker:Storage Directory /workdir/hadoop-ozone/integration-test/target/test-dir/MiniOzoneClusterImpl-3b2755de-4cfe-4b43-9e0d-73dd8eda8f75/datanode-0/data/ratis/5e736f07-e612-485f-8517-5585b1e8ef5d: flushIndex: setUnconditionally 0 -> -1
2019-09-19 14:04:50,399 [pool-58-thread-1] INFO  server.RaftServerConfigKeys (ConfUtils.java:logGet(43)) - raft.server.snapshot.auto.trigger.enabled = true (custom)
2019-09-19 14:04:50,399 [pool-58-thread-1] INFO  server.RaftServerConfigKeys (ConfUtils.java:logGet(43)) - raft.server.snapshot.auto.trigger.threshold = 1 (custom)
2019-09-19 14:04:50,399 [pool-58-thread-1] INFO  server.RaftServerConfigKeys (ConfUtils.java:logGet(43)) - raft.server.retrycache.expirytime = 600000ms (custom)
2019-09-19 14:04:50,399 [pool-58-thread-1] INFO  impl.RaftServerImpl (RaftServerImpl.java:start(180)) - dcc77c7b-1d37-448d-8d57-43d254561693: start group-5585B1E8EF5D
2019-09-19 14:04:50,400 [pool-58-thread-1] INFO  impl.RaftServerImpl (RaftServerImpl.java:setRole(171)) - dcc77c7b-1d37-448d-8d57-43d254561693:group-5585B1E8EF5D changes role from null to FOLLOWER at term 0 for startAsFollower
2019-09-19 14:04:50,400 [pool-58-thread-1] INFO  impl.RoleInfo (RoleInfo.java:updateAndGet(143)) - dcc77c7b-1d37-448d-8d57-43d254561693: start FollowerState
2019-09-19 14:04:50,400 [pool-58-thread-1] INFO  util.JmxRegister (JmxRegister.java:tryRegister(44)) - Successfully registered JMX Bean with object name Ratis:service=RaftServer,group=group-5585B1E8EF5D,id=dcc77c7b-1d37-448d-8d57-43d254561693
2019-09-19 14:04:50,402 [RatisPipelineUtilsThread] INFO  pipeline.PipelineStateManager (PipelineStateManager.java:addPipeline(56)) - Created pipeline Pipeline[ Id: 5e736f07-e612-485f-8517-5585b1e8ef5d, Nodes: dcc77c7b-1d37-448d-8d57-43d254561693{ip: 192.168.157.226, host: pr-hdds-1569-swxfz-3172132826, networkLocation: /default-rack, certSerialId: null}, Type:RATIS, Factor:ONE, State:OPEN]
2019-09-19 14:04:50,404 [grpc-default-executor-1] INFO  impl.RaftServerProxy (RaftServerProxy.java:addNew(89)) - dcc77c7b-1d37-448d-8d57-43d254561693: addNew group-7C1E89322A1A:[dcc77c7b-1d37-448d-8d57-43d254561693:192.168.157.226:34527] returns group-7C1E89322A1A:java.util.concurrent.CompletableFuture@45ac9518[Not completed]
2019-09-19 14:04:50,405 [pool-58-thread-1] INFO  impl.RaftServerImpl (RaftServerImpl.java:<init>(93)) - dcc77c7b-1d37-448d-8d57-43d254561693: new RaftServerImpl for group-7C1E89322A1A:[dcc77c7b-1d37-448d-8d57-43d254561693:192.168.157.226:34527] with ContainerStateMachine:uninitialized
2019-09-19 14:04:50,405 [pool-58-thread-1] INFO  server.RaftServerConfigKeys (ConfUtils.java:logGet(43)) - raft.server.rpc.timeout.min = 5s (custom)
2019-09-19 14:04:50,405 [pool-58-thread-1] INFO  server.RaftServerConfigKeys (ConfUtils.java:logGet(43)) - raft.server.rpc.timeout.max = 5200ms (custom)
2019-09-19 14:04:50,405 [pool-58-thread-1] INFO  server.RaftServerConfigKeys (ConfUtils.java:logGet(43)) - raft.server.rpcslowness.timeout = 120s (custom)
2019-09-19 14:04:50,405 [pool-58-thread-1] INFO  server.RaftServerConfigKeys (ConfUtils.java:logGet(43)) - raft.server.sleep.deviation.threshold = 300 (default)
2019-09-19 14:04:50,405 [pool-58-thread-1] INFO  server.RaftServerConfigKeys (ConfUtils.java:logGet(43)) - raft.server.log.appender.install.snapshot.enabled = false (custom)
2019-09-19 14:04:50,405 [pool-58-thread-1] INFO  impl.RaftServerImpl (ServerState.java:<init>(105)) - dcc77c7b-1d37-448d-8d57-43d254561693:group-7C1E89322A1A ConfigurationManager, init=-1: [dcc77c7b-1d37-448d-8d57-43d254561693:192.168.157.226:34527], old=null, confs=<EMPTY_MAP>
2019-09-19 14:04:50,405 [pool-58-thread-1] INFO  server.RaftServerConfigKeys (ConfUtils.java:logGet(43)) - raft.server.storage.dir = [/workdir/hadoop-ozone/integration-test/target/test-dir/MiniOzoneClusterImpl-3b2755de-4cfe-4b43-9e0d-73dd8eda8f75/datanode-0/data/ratis] (custom)
2019-09-19 14:04:50,406 [pool-58-thread-1] INFO  storage.RaftStorageDirectory (RaftStorageDirectory.java:analyzeStorage(246)) - The storage directory /workdir/hadoop-ozone/integration-test/target/test-dir/MiniOzoneClusterImpl-3b2755de-4cfe-4b43-9e0d-73dd8eda8f75/datanode-0/data/ratis/8402b45f-6353-4429-a404-7c1e89322a1a does not exist. Creating ...
2019-09-19 14:04:50,426 [pool-58-thread-1] INFO  storage.RaftStorageDirectory (RaftStorageDirectory.java:tryLock(328)) - Lock on /workdir/hadoop-ozone/integration-test/target/test-dir/MiniOzoneClusterImpl-3b2755de-4cfe-4b43-9e0d-73dd8eda8f75/datanode-0/data/ratis/8402b45f-6353-4429-a404-7c1e89322a1a/in_use.lock acquired by nodename 30982@pr-hdds-1569-swxfz-3172132826
2019-09-19 14:04:50,439 [pool-58-thread-1] INFO  storage.RaftStorage (RaftStorage.java:format(72)) - Storage directory /workdir/hadoop-ozone/integration-test/target/test-dir/MiniOzoneClusterImpl-3b2755de-4cfe-4b43-9e0d-73dd8eda8f75/datanode-0/data/ratis/8402b45f-6353-4429-a404-7c1e89322a1a has been successfully formatted.
2019-09-19 14:04:50,440 [pool-58-thread-1] INFO  ratis.ContainerStateMachine (ContainerStateMachine.java:loadSnapshot(226)) - group-7C1E89322A1A: The snapshot info is null. Setting the last applied indexto:(t:0, i:~)
2019-09-19 14:04:50,440 [pool-58-thread-1] INFO  server.RaftServerConfigKeys (ConfUtils.java:logGet(43)) - raft.server.leader.election.timeout = 120s (custom)
2019-09-19 14:04:50,440 [pool-58-thread-1] INFO  server.RaftServerConfigKeys (ConfUtils.java:logGet(43)) - raft.server.log.use.memory = false (default)
2019-09-19 14:04:50,440 [pool-58-thread-1] INFO  server.RaftServerConfigKeys (ConfUtils.java:logGet(43)) - raft.server.log.purge.gap = 1000000 (custom)
2019-09-19 14:04:50,440 [pool-58-thread-1] INFO  server.RaftServerConfigKeys (ConfUtils.java:logGet(43)) - raft.server.log.appender.buffer.byte-limit = 33554432 (custom)
2019-09-19 14:04:50,440 [pool-58-thread-1] INFO  server.RaftServerConfigKeys (ConfUtils.java:logGet(43)) - raft.server.log.segment.size.max = 1048576 (custom)
2019-09-19 14:04:50,441 [pool-58-thread-1] INFO  server.RaftServerConfigKeys (ConfUtils.java:logGet(43)) - raft.server.log.segment.cache.num.max = 2 (custom)
2019-09-19 14:04:50,441 [pool-58-thread-1] INFO  segmented.SegmentedRaftLogWorker (SegmentedRaftLogWorker.java:<init>(172)) - new dcc77c7b-1d37-448d-8d57-43d254561693-SegmentedRaftLogWorker:Storage Directory /workdir/hadoop-ozone/integration-test/target/test-dir/MiniOzoneClusterImpl-3b2755de-4cfe-4b43-9e0d-73dd8eda8f75/datanode-0/data/ratis/8402b45f-6353-4429-a404-7c1e89322a1a for RaftStorage:Storage Directory /workdir/hadoop-ozone/integration-test/target/test-dir/MiniOzoneClusterImpl-3b2755de-4cfe-4b43-9e0d-73dd8eda8f75/datanode-0/data/ratis/8402b45f-6353-4429-a404-7c1e89322a1a
2019-09-19 14:04:50,441 [pool-58-thread-1] INFO  server.RaftServerConfigKeys (ConfUtils.java:logGet(43)) - raft.server.log.queue.byte-limit = 2147483647 (custom)
2019-09-19 14:04:50,441 [pool-58-thread-1] INFO  server.RaftServerConfigKeys (ConfUtils.java:logGet(43)) - raft.server.log.queue.element-limit = 1024 (custom)
2019-09-19 14:04:50,441 [pool-58-thread-1] INFO  server.RaftServerConfigKeys (ConfUtils.java:logGet(43)) - raft.server.log.segment.size.max = 1048576 (custom)
2019-09-19 14:04:50,441 [pool-58-thread-1] INFO  server.RaftServerConfigKeys (ConfUtils.java:logGet(43)) - raft.server.log.preallocated.size = 16384 (custom)
2019-09-19 14:04:50,441 [pool-58-thread-1] INFO  server.RaftServerConfigKeys (ConfUtils.java:logGet(43)) - raft.server.log.write.buffer.size = 33554432 (custom)
2019-09-19 14:04:50,442 [pool-58-thread-1] INFO  server.RaftServerConfigKeys (ConfUtils.java:logGet(43)) - raft.server.log.force.sync.num = 128 (default)
2019-09-19 14:04:50,442 [pool-58-thread-1] INFO  server.RaftServerConfigKeys (ConfUtils.java:logGet(43)) - raft.server.log.statemachine.data.sync = true (default)
2019-09-19 14:04:50,442 [pool-58-thread-1] INFO  server.RaftServerConfigKeys (ConfUtils.java:logGet(43)) - raft.server.log.statemachine.data.sync.timeout = 10s (default)
2019-09-19 14:04:50,442 [pool-58-thread-1] INFO  server.RaftServerConfigKeys (ConfUtils.java:logGet(43)) - raft.server.log.statemachine.data.sync.timeout.retry = -1 (default)
2019-09-19 14:04:50,442 [pool-58-thread-1] INFO  server.RaftServerConfigKeys (ConfUtils.java:logGet(43)) - raft.server.log.statemachine.data.caching.enabled = true (custom)
2019-09-19 14:04:50,442 [pool-58-thread-1] INFO  segmented.SegmentedRaftLogWorker (SegmentedRaftLogWorker.java:lambda$new$0(132)) - dcc77c7b-1d37-448d-8d57-43d254561693-SegmentedRaftLogWorker:Storage Directory /workdir/hadoop-ozone/integration-test/target/test-dir/MiniOzoneClusterImpl-3b2755de-4cfe-4b43-9e0d-73dd8eda8f75/datanode-0/data/ratis/8402b45f-6353-4429-a404-7c1e89322a1a: flushIndex: setUnconditionally 0 -> -1
2019-09-19 14:04:50,443 [pool-58-thread-1] INFO  server.RaftServerConfigKeys (ConfUtils.java:logGet(43)) - raft.server.snapshot.auto.trigger.enabled = true (custom)
2019-09-19 14:04:50,443 [pool-58-thread-1] INFO  server.RaftServerConfigKeys (ConfUtils.java:logGet(43)) - raft.server.snapshot.auto.trigger.threshold = 1 (custom)
2019-09-19 14:04:50,443 [pool-58-thread-1] INFO  server.RaftServerConfigKeys (ConfUtils.java:logGet(43)) - raft.server.retrycache.expirytime = 600000ms (custom)
2019-09-19 14:04:50,443 [pool-58-thread-1] INFO  impl.RaftServerImpl (RaftServerImpl.java:start(180)) - dcc77c7b-1d37-448d-8d57-43d254561693: start group-7C1E89322A1A
2019-09-19 14:04:50,443 [pool-58-thread-1] INFO  impl.RaftServerImpl (RaftServerImpl.java:setRole(171)) - dcc77c7b-1d37-448d-8d57-43d254561693:group-7C1E89322A1A changes role from null to FOLLOWER at term 0 for startAsFollower
2019-09-19 14:04:50,443 [pool-58-thread-1] INFO  impl.RoleInfo (RoleInfo.java:updateAndGet(143)) - dcc77c7b-1d37-448d-8d57-43d254561693: start FollowerState
2019-09-19 14:04:50,444 [pool-58-thread-1] INFO  util.JmxRegister (JmxRegister.java:tryRegister(44)) - Successfully registered JMX Bean with object name Ratis:service=RaftServer,group=group-7C1E89322A1A,id=dcc77c7b-1d37-448d-8d57-43d254561693
2019-09-19 14:04:50,445 [RatisPipelineUtilsThread] INFO  pipeline.PipelineStateManager (PipelineStateManager.java:addPipeline(56)) - Created pipeline Pipeline[ Id: 8402b45f-6353-4429-a404-7c1e89322a1a, Nodes: dcc77c7b-1d37-448d-8d57-43d254561693{ip: 192.168.157.226, host: pr-hdds-1569-swxfz-3172132826, networkLocation: /default-rack, certSerialId: null}, Type:RATIS, Factor:ONE, State:OPEN]
2019-09-19 14:04:50,447 [grpc-default-executor-1] INFO  impl.RaftServerProxy (RaftServerProxy.java:addNew(89)) - dcc77c7b-1d37-448d-8d57-43d254561693: addNew group-9C61F58BE974:[dcc77c7b-1d37-448d-8d57-43d254561693:192.168.157.226:34527] returns group-9C61F58BE974:java.util.concurrent.CompletableFuture@7fef5bc1[Not completed]
2019-09-19 14:04:50,448 [pool-58-thread-1] INFO  impl.RaftServerImpl (RaftServerImpl.java:<init>(93)) - dcc77c7b-1d37-448d-8d57-43d254561693: new RaftServerImpl for group-9C61F58BE974:[dcc77c7b-1d37-448d-8d57-43d254561693:192.168.157.226:34527] with ContainerStateMachine:uninitialized
2019-09-19 14:04:50,448 [pool-58-thread-1] INFO  server.RaftServerConfigKeys (ConfUtils.java:logGet(43)) - raft.server.rpc.timeout.min = 5s (custom)
2019-09-19 14:04:50,448 [pool-58-thread-1] INFO  server.RaftServerConfigKeys (ConfUtils.java:logGet(43)) - raft.server.rpc.timeout.max = 5200ms (custom)
2019-09-19 14:04:50,448 [pool-58-thread-1] INFO  server.RaftServerConfigKeys (ConfUtils.java:logGet(43)) - raft.server.rpcslowness.timeout = 120s (custom)
2019-09-19 14:04:50,448 [pool-58-thread-1] INFO  server.RaftServerConfigKeys (ConfUtils.java:logGet(43)) - raft.server.sleep.deviation.threshold = 300 (default)
2019-09-19 14:04:50,449 [pool-58-thread-1] INFO  server.RaftServerConfigKeys (ConfUtils.java:logGet(43)) - raft.server.log.appender.install.snapshot.enabled = false (custom)
2019-09-19 14:04:50,449 [pool-58-thread-1] INFO  impl.RaftServerImpl (ServerState.java:<init>(105)) - dcc77c7b-1d37-448d-8d57-43d254561693:group-9C61F58BE974 ConfigurationManager, init=-1: [dcc77c7b-1d37-448d-8d57-43d254561693:192.168.157.226:34527], old=null, confs=<EMPTY_MAP>
2019-09-19 14:04:50,449 [pool-58-thread-1] INFO  server.RaftServerConfigKeys (ConfUtils.java:logGet(43)) - raft.server.storage.dir = [/workdir/hadoop-ozone/integration-test/target/test-dir/MiniOzoneClusterImpl-3b2755de-4cfe-4b43-9e0d-73dd8eda8f75/datanode-0/data/ratis] (custom)
2019-09-19 14:04:50,449 [pool-58-thread-1] INFO  storage.RaftStorageDirectory (RaftStorageDirectory.java:analyzeStorage(246)) - The storage directory /workdir/hadoop-ozone/integration-test/target/test-dir/MiniOzoneClusterImpl-3b2755de-4cfe-4b43-9e0d-73dd8eda8f75/datanode-0/data/ratis/979cd7ef-cbfc-409b-9149-9c61f58be974 does not exist. Creating ...
2019-09-19 14:04:50,462 [pool-58-thread-1] INFO  storage.RaftStorageDirectory (RaftStorageDirectory.java:tryLock(328)) - Lock on /workdir/hadoop-ozone/integration-test/target/test-dir/MiniOzoneClusterImpl-3b2755de-4cfe-4b43-9e0d-73dd8eda8f75/datanode-0/data/ratis/979cd7ef-cbfc-409b-9149-9c61f58be974/in_use.lock acquired by nodename 30982@pr-hdds-1569-swxfz-3172132826
2019-09-19 14:04:50,475 [pool-58-thread-1] INFO  storage.RaftStorage (RaftStorage.java:format(72)) - Storage directory /workdir/hadoop-ozone/integration-test/target/test-dir/MiniOzoneClusterImpl-3b2755de-4cfe-4b43-9e0d-73dd8eda8f75/datanode-0/data/ratis/979cd7ef-cbfc-409b-9149-9c61f58be974 has been successfully formatted.
2019-09-19 14:04:50,475 [pool-58-thread-1] INFO  ratis.ContainerStateMachine (ContainerStateMachine.java:loadSnapshot(226)) - group-9C61F58BE974: The snapshot info is null. Setting the last applied indexto:(t:0, i:~)
2019-09-19 14:04:50,475 [pool-58-thread-1] INFO  server.RaftServerConfigKeys (ConfUtils.java:logGet(43)) - raft.server.leader.election.timeout = 120s (custom)
2019-09-19 14:04:50,475 [pool-58-thread-1] INFO  server.RaftServerConfigKeys (ConfUtils.java:logGet(43)) - raft.server.log.use.memory = false (default)
2019-09-19 14:04:50,476 [pool-58-thread-1] INFO  server.RaftServerConfigKeys (ConfUtils.java:logGet(43)) - raft.server.log.purge.gap = 1000000 (custom)
2019-09-19 14:04:50,476 [pool-58-thread-1] INFO  server.RaftServerConfigKeys (ConfUtils.java:logGet(43)) - raft.server.log.appender.buffer.byte-limit = 33554432 (custom)
2019-09-19 14:04:50,476 [pool-58-thread-1] INFO  server.RaftServerConfigKeys (ConfUtils.java:logGet(43)) - raft.server.log.segment.size.max = 1048576 (custom)
2019-09-19 14:04:50,476 [pool-58-thread-1] INFO  server.RaftServerConfigKeys (ConfUtils.java:logGet(43)) - raft.server.log.segment.cache.num.max = 2 (custom)
2019-09-19 14:04:50,476 [pool-58-thread-1] INFO  segmented.SegmentedRaftLogWorker (SegmentedRaftLogWorker.java:<init>(172)) - new dcc77c7b-1d37-448d-8d57-43d254561693-SegmentedRaftLogWorker:Storage Directory /workdir/hadoop-ozone/integration-test/target/test-dir/MiniOzoneClusterImpl-3b2755de-4cfe-4b43-9e0d-73dd8eda8f75/datanode-0/data/ratis/979cd7ef-cbfc-409b-9149-9c61f58be974 for RaftStorage:Storage Directory /workdir/hadoop-ozone/integration-test/target/test-dir/MiniOzoneClusterImpl-3b2755de-4cfe-4b43-9e0d-73dd8eda8f75/datanode-0/data/ratis/979cd7ef-cbfc-409b-9149-9c61f58be974
2019-09-19 14:04:50,476 [pool-58-thread-1] INFO  server.RaftServerConfigKeys (ConfUtils.java:logGet(43)) - raft.server.log.queue.byte-limit = 2147483647 (custom)
2019-09-19 14:04:50,476 [pool-58-thread-1] INFO  server.RaftServerConfigKeys (ConfUtils.java:logGet(43)) - raft.server.log.queue.element-limit = 1024 (custom)
2019-09-19 14:04:50,476 [pool-58-thread-1] INFO  server.RaftServerConfigKeys (ConfUtils.java:logGet(43)) - raft.server.log.segment.size.max = 1048576 (custom)
2019-09-19 14:04:50,477 [pool-58-thread-1] INFO  server.RaftServerConfigKeys (ConfUtils.java:logGet(43)) - raft.server.log.preallocated.size = 16384 (custom)
2019-09-19 14:04:50,477 [pool-58-thread-1] INFO  server.RaftServerConfigKeys (ConfUtils.java:logGet(43)) - raft.server.log.write.buffer.size = 33554432 (custom)
2019-09-19 14:04:50,477 [pool-58-thread-1] INFO  server.RaftServerConfigKeys (ConfUtils.java:logGet(43)) - raft.server.log.force.sync.num = 128 (default)
2019-09-19 14:04:50,477 [pool-58-thread-1] INFO  server.RaftServerConfigKeys (ConfUtils.java:logGet(43)) - raft.server.log.statemachine.data.sync = true (default)
2019-09-19 14:04:50,477 [pool-58-thread-1] INFO  server.RaftServerConfigKeys (ConfUtils.java:logGet(43)) - raft.server.log.statemachine.data.sync.timeout = 10s (default)
2019-09-19 14:04:50,477 [pool-58-thread-1] INFO  server.RaftServerConfigKeys (ConfUtils.java:logGet(43)) - raft.server.log.statemachine.data.sync.timeout.retry = -1 (default)
2019-09-19 14:04:50,477 [pool-58-thread-1] INFO  server.RaftServerConfigKeys (ConfUtils.java:logGet(43)) - raft.server.log.statemachine.data.caching.enabled = true (custom)
2019-09-19 14:04:50,477 [pool-58-thread-1] INFO  segmented.SegmentedRaftLogWorker (SegmentedRaftLogWorker.java:lambda$new$0(132)) - dcc77c7b-1d37-448d-8d57-43d254561693-SegmentedRaftLogWorker:Storage Directory /workdir/hadoop-ozone/integration-test/target/test-dir/MiniOzoneClusterImpl-3b2755de-4cfe-4b43-9e0d-73dd8eda8f75/datanode-0/data/ratis/979cd7ef-cbfc-409b-9149-9c61f58be974: flushIndex: setUnconditionally 0 -> -1
2019-09-19 14:04:50,478 [pool-58-thread-1] INFO  server.RaftServerConfigKeys (ConfUtils.java:logGet(43)) - raft.server.snapshot.auto.trigger.enabled = true (custom)
2019-09-19 14:04:50,478 [pool-58-thread-1] INFO  server.RaftServerConfigKeys (ConfUtils.java:logGet(43)) - raft.server.snapshot.auto.trigger.threshold = 1 (custom)
2019-09-19 14:04:50,478 [pool-58-thread-1] INFO  server.RaftServerConfigKeys (ConfUtils.java:logGet(43)) - raft.server.retrycache.expirytime = 600000ms (custom)
2019-09-19 14:04:50,478 [pool-58-thread-1] INFO  impl.RaftServerImpl (RaftServerImpl.java:start(180)) - dcc77c7b-1d37-448d-8d57-43d254561693: start group-9C61F58BE974
2019-09-19 14:04:50,478 [pool-58-thread-1] INFO  impl.RaftServerImpl (RaftServerImpl.java:setRole(171)) - dcc77c7b-1d37-448d-8d57-43d254561693:group-9C61F58BE974 changes role from null to FOLLOWER at term 0 for startAsFollower
2019-09-19 14:04:50,478 [pool-58-thread-1] INFO  impl.RoleInfo (RoleInfo.java:updateAndGet(143)) - dcc77c7b-1d37-448d-8d57-43d254561693: start FollowerState
2019-09-19 14:04:50,479 [pool-58-thread-1] INFO  util.JmxRegister (JmxRegister.java:tryRegister(44)) - Successfully registered JMX Bean with object name Ratis:service=RaftServer,group=group-9C61F58BE974,id=dcc77c7b-1d37-448d-8d57-43d254561693
2019-09-19 14:04:50,480 [RatisPipelineUtilsThread] INFO  pipeline.PipelineStateManager (PipelineStateManager.java:addPipeline(56)) - Created pipeline Pipeline[ Id: 979cd7ef-cbfc-409b-9149-9c61f58be974, Nodes: dcc77c7b-1d37-448d-8d57-43d254561693{ip: 192.168.157.226, host: pr-hdds-1569-swxfz-3172132826, networkLocation: /default-rack, certSerialId: null}, Type:RATIS, Factor:ONE, State:OPEN]
2019-09-19 14:04:50,483 [grpc-default-executor-1] INFO  impl.RaftServerProxy (RaftServerProxy.java:addNew(89)) - dcc77c7b-1d37-448d-8d57-43d254561693: addNew group-5FE8443C3FF9:[dcc77c7b-1d37-448d-8d57-43d254561693:192.168.157.226:34527] returns group-5FE8443C3FF9:java.util.concurrent.CompletableFuture@288a828f[Not completed]
2019-09-19 14:04:50,483 [pool-58-thread-1] INFO  impl.RaftServerImpl (RaftServerImpl.java:<init>(93)) - dcc77c7b-1d37-448d-8d57-43d254561693: new RaftServerImpl for group-5FE8443C3FF9:[dcc77c7b-1d37-448d-8d57-43d254561693:192.168.157.226:34527] with ContainerStateMachine:uninitialized
2019-09-19 14:04:50,483 [pool-58-thread-1] INFO  server.RaftServerConfigKeys (ConfUtils.java:logGet(43)) - raft.server.rpc.timeout.min = 5s (custom)
2019-09-19 14:04:50,483 [pool-58-thread-1] INFO  server.RaftServerConfigKeys (ConfUtils.java:logGet(43)) - raft.server.rpc.timeout.max = 5200ms (custom)
2019-09-19 14:04:50,484 [pool-58-thread-1] INFO  server.RaftServerConfigKeys (ConfUtils.java:logGet(43)) - raft.server.rpcslowness.timeout = 120s (custom)
2019-09-19 14:04:50,484 [pool-58-thread-1] INFO  server.RaftServerConfigKeys (ConfUtils.java:logGet(43)) - raft.server.sleep.deviation.threshold = 300 (default)
2019-09-19 14:04:50,484 [pool-58-thread-1] INFO  server.RaftServerConfigKeys (ConfUtils.java:logGet(43)) - raft.server.log.appender.install.snapshot.enabled = false (custom)
2019-09-19 14:04:50,484 [pool-58-thread-1] INFO  impl.RaftServerImpl (ServerState.java:<init>(105)) - dcc77c7b-1d37-448d-8d57-43d254561693:group-5FE8443C3FF9 ConfigurationManager, init=-1: [dcc77c7b-1d37-448d-8d57-43d254561693:192.168.157.226:34527], old=null, confs=<EMPTY_MAP>
2019-09-19 14:04:50,484 [pool-58-thread-1] INFO  server.RaftServerConfigKeys (ConfUtils.java:logGet(43)) - raft.server.storage.dir = [/workdir/hadoop-ozone/integration-test/target/test-dir/MiniOzoneClusterImpl-3b2755de-4cfe-4b43-9e0d-73dd8eda8f75/datanode-0/data/ratis] (custom)
2019-09-19 14:04:50,485 [pool-58-thread-1] INFO  storage.RaftStorageDirectory (RaftStorageDirectory.java:analyzeStorage(246)) - The storage directory /workdir/hadoop-ozone/integration-test/target/test-dir/MiniOzoneClusterImpl-3b2755de-4cfe-4b43-9e0d-73dd8eda8f75/datanode-0/data/ratis/1dc62731-1564-44e9-a656-5fe8443c3ff9 does not exist. Creating ...
2019-09-19 14:04:50,497 [pool-58-thread-1] INFO  storage.RaftStorageDirectory (RaftStorageDirectory.java:tryLock(328)) - Lock on /workdir/hadoop-ozone/integration-test/target/test-dir/MiniOzoneClusterImpl-3b2755de-4cfe-4b43-9e0d-73dd8eda8f75/datanode-0/data/ratis/1dc62731-1564-44e9-a656-5fe8443c3ff9/in_use.lock acquired by nodename 30982@pr-hdds-1569-swxfz-3172132826
2019-09-19 14:04:50,510 [pool-58-thread-1] INFO  storage.RaftStorage (RaftStorage.java:format(72)) - Storage directory /workdir/hadoop-ozone/integration-test/target/test-dir/MiniOzoneClusterImpl-3b2755de-4cfe-4b43-9e0d-73dd8eda8f75/datanode-0/data/ratis/1dc62731-1564-44e9-a656-5fe8443c3ff9 has been successfully formatted.
2019-09-19 14:04:50,510 [pool-58-thread-1] INFO  ratis.ContainerStateMachine (ContainerStateMachine.java:loadSnapshot(226)) - group-5FE8443C3FF9: The snapshot info is null. Setting the last applied indexto:(t:0, i:~)
2019-09-19 14:04:50,510 [pool-58-thread-1] INFO  server.RaftServerConfigKeys (ConfUtils.java:logGet(43)) - raft.server.leader.election.timeout = 120s (custom)
2019-09-19 14:04:50,510 [pool-58-thread-1] INFO  server.RaftServerConfigKeys (ConfUtils.java:logGet(43)) - raft.server.log.use.memory = false (default)
2019-09-19 14:04:50,511 [pool-58-thread-1] INFO  server.RaftServerConfigKeys (ConfUtils.java:logGet(43)) - raft.server.log.purge.gap = 1000000 (custom)
2019-09-19 14:04:50,511 [pool-58-thread-1] INFO  server.RaftServerConfigKeys (ConfUtils.java:logGet(43)) - raft.server.log.appender.buffer.byte-limit = 33554432 (custom)
2019-09-19 14:04:50,511 [pool-58-thread-1] INFO  server.RaftServerConfigKeys (ConfUtils.java:logGet(43)) - raft.server.log.segment.size.max = 1048576 (custom)
2019-09-19 14:04:50,511 [pool-58-thread-1] INFO  server.RaftServerConfigKeys (ConfUtils.java:logGet(43)) - raft.server.log.segment.cache.num.max = 2 (custom)
2019-09-19 14:04:50,511 [pool-58-thread-1] INFO  segmented.SegmentedRaftLogWorker (SegmentedRaftLogWorker.java:<init>(172)) - new dcc77c7b-1d37-448d-8d57-43d254561693-SegmentedRaftLogWorker:Storage Directory /workdir/hadoop-ozone/integration-test/target/test-dir/MiniOzoneClusterImpl-3b2755de-4cfe-4b43-9e0d-73dd8eda8f75/datanode-0/data/ratis/1dc62731-1564-44e9-a656-5fe8443c3ff9 for RaftStorage:Storage Directory /workdir/hadoop-ozone/integration-test/target/test-dir/MiniOzoneClusterImpl-3b2755de-4cfe-4b43-9e0d-73dd8eda8f75/datanode-0/data/ratis/1dc62731-1564-44e9-a656-5fe8443c3ff9
2019-09-19 14:04:50,511 [pool-58-thread-1] INFO  server.RaftServerConfigKeys (ConfUtils.java:logGet(43)) - raft.server.log.queue.byte-limit = 2147483647 (custom)
2019-09-19 14:04:50,511 [pool-58-thread-1] INFO  server.RaftServerConfigKeys (ConfUtils.java:logGet(43)) - raft.server.log.queue.element-limit = 1024 (custom)
2019-09-19 14:04:50,511 [pool-58-thread-1] INFO  server.RaftServerConfigKeys (ConfUtils.java:logGet(43)) - raft.server.log.segment.size.max = 1048576 (custom)
2019-09-19 14:04:50,511 [pool-58-thread-1] INFO  server.RaftServerConfigKeys (ConfUtils.java:logGet(43)) - raft.server.log.preallocated.size = 16384 (custom)
2019-09-19 14:04:50,512 [pool-58-thread-1] INFO  server.RaftServerConfigKeys (ConfUtils.java:logGet(43)) - raft.server.log.write.buffer.size = 33554432 (custom)
2019-09-19 14:04:50,512 [pool-58-thread-1] INFO  server.RaftServerConfigKeys (ConfUtils.java:logGet(43)) - raft.server.log.force.sync.num = 128 (default)
2019-09-19 14:04:50,512 [pool-58-thread-1] INFO  server.RaftServerConfigKeys (ConfUtils.java:logGet(43)) - raft.server.log.statemachine.data.sync = true (default)
2019-09-19 14:04:50,512 [pool-58-thread-1] INFO  server.RaftServerConfigKeys (ConfUtils.java:logGet(43)) - raft.server.log.statemachine.data.sync.timeout = 10s (default)
2019-09-19 14:04:50,512 [pool-58-thread-1] INFO  server.RaftServerConfigKeys (ConfUtils.java:logGet(43)) - raft.server.log.statemachine.data.sync.timeout.retry = -1 (default)
2019-09-19 14:04:50,512 [pool-58-thread-1] INFO  server.RaftServerConfigKeys (ConfUtils.java:logGet(43)) - raft.server.log.statemachine.data.caching.enabled = true (custom)
2019-09-19 14:04:50,512 [pool-58-thread-1] INFO  segmented.SegmentedRaftLogWorker (SegmentedRaftLogWorker.java:lambda$new$0(132)) - dcc77c7b-1d37-448d-8d57-43d254561693-SegmentedRaftLogWorker:Storage Directory /workdir/hadoop-ozone/integration-test/target/test-dir/MiniOzoneClusterImpl-3b2755de-4cfe-4b43-9e0d-73dd8eda8f75/datanode-0/data/ratis/1dc62731-1564-44e9-a656-5fe8443c3ff9: flushIndex: setUnconditionally 0 -> -1
2019-09-19 14:04:50,513 [pool-58-thread-1] INFO  server.RaftServerConfigKeys (ConfUtils.java:logGet(43)) - raft.server.snapshot.auto.trigger.enabled = true (custom)
2019-09-19 14:04:50,513 [pool-58-thread-1] INFO  server.RaftServerConfigKeys (ConfUtils.java:logGet(43)) - raft.server.snapshot.auto.trigger.threshold = 1 (custom)
2019-09-19 14:04:50,513 [pool-58-thread-1] INFO  server.RaftServerConfigKeys (ConfUtils.java:logGet(43)) - raft.server.retrycache.expirytime = 600000ms (custom)
2019-09-19 14:04:50,513 [pool-58-thread-1] INFO  impl.RaftServerImpl (RaftServerImpl.java:start(180)) - dcc77c7b-1d37-448d-8d57-43d254561693: start group-5FE8443C3FF9
2019-09-19 14:04:50,513 [pool-58-thread-1] INFO  impl.RaftServerImpl (RaftServerImpl.java:setRole(171)) - dcc77c7b-1d37-448d-8d57-43d254561693:group-5FE8443C3FF9 changes role from null to FOLLOWER at term 0 for startAsFollower
2019-09-19 14:04:50,513 [pool-58-thread-1] INFO  impl.RoleInfo (RoleInfo.java:updateAndGet(143)) - dcc77c7b-1d37-448d-8d57-43d254561693: start FollowerState
2019-09-19 14:04:50,514 [pool-58-thread-1] INFO  util.JmxRegister (JmxRegister.java:tryRegister(44)) - Successfully registered JMX Bean with object name Ratis:service=RaftServer,group=group-5FE8443C3FF9,id=dcc77c7b-1d37-448d-8d57-43d254561693
2019-09-19 14:04:50,515 [RatisPipelineUtilsThread] INFO  pipeline.PipelineStateManager (PipelineStateManager.java:addPipeline(56)) - Created pipeline Pipeline[ Id: 1dc62731-1564-44e9-a656-5fe8443c3ff9, Nodes: dcc77c7b-1d37-448d-8d57-43d254561693{ip: 192.168.157.226, host: pr-hdds-1569-swxfz-3172132826, networkLocation: /default-rack, certSerialId: null}, Type:RATIS, Factor:ONE, State:OPEN]
2019-09-19 14:04:50,517 [grpc-default-executor-1] INFO  impl.RaftServerProxy (RaftServerProxy.java:addNew(89)) - dcc77c7b-1d37-448d-8d57-43d254561693: addNew group-E165C8F20643:[dcc77c7b-1d37-448d-8d57-43d254561693:192.168.157.226:34527] returns group-E165C8F20643:java.util.concurrent.CompletableFuture@4be19403[Not completed]
2019-09-19 14:04:50,518 [pool-58-thread-1] INFO  impl.RaftServerImpl (RaftServerImpl.java:<init>(93)) - dcc77c7b-1d37-448d-8d57-43d254561693: new RaftServerImpl for group-E165C8F20643:[dcc77c7b-1d37-448d-8d57-43d254561693:192.168.157.226:34527] with ContainerStateMachine:uninitialized
2019-09-19 14:04:50,518 [pool-58-thread-1] INFO  server.RaftServerConfigKeys (ConfUtils.java:logGet(43)) - raft.server.rpc.timeout.min = 5s (custom)
2019-09-19 14:04:50,518 [pool-58-thread-1] INFO  server.RaftServerConfigKeys (ConfUtils.java:logGet(43)) - raft.server.rpc.timeout.max = 5200ms (custom)
2019-09-19 14:04:50,518 [pool-58-thread-1] INFO  server.RaftServerConfigKeys (ConfUtils.java:logGet(43)) - raft.server.rpcslowness.timeout = 120s (custom)
2019-09-19 14:04:50,518 [pool-58-thread-1] INFO  server.RaftServerConfigKeys (ConfUtils.java:logGet(43)) - raft.server.sleep.deviation.threshold = 300 (default)
2019-09-19 14:04:50,518 [pool-58-thread-1] INFO  server.RaftServerConfigKeys (ConfUtils.java:logGet(43)) - raft.server.log.appender.install.snapshot.enabled = false (custom)
2019-09-19 14:04:50,519 [pool-58-thread-1] INFO  impl.RaftServerImpl (ServerState.java:<init>(105)) - dcc77c7b-1d37-448d-8d57-43d254561693:group-E165C8F20643 ConfigurationManager, init=-1: [dcc77c7b-1d37-448d-8d57-43d254561693:192.168.157.226:34527], old=null, confs=<EMPTY_MAP>
2019-09-19 14:04:50,519 [pool-58-thread-1] INFO  server.RaftServerConfigKeys (ConfUtils.java:logGet(43)) - raft.server.storage.dir = [/workdir/hadoop-ozone/integration-test/target/test-dir/MiniOzoneClusterImpl-3b2755de-4cfe-4b43-9e0d-73dd8eda8f75/datanode-0/data/ratis] (custom)
2019-09-19 14:04:50,519 [pool-58-thread-1] INFO  storage.RaftStorageDirectory (RaftStorageDirectory.java:analyzeStorage(246)) - The storage directory /workdir/hadoop-ozone/integration-test/target/test-dir/MiniOzoneClusterImpl-3b2755de-4cfe-4b43-9e0d-73dd8eda8f75/datanode-0/data/ratis/84d4965d-076d-4a96-a629-e165c8f20643 does not exist. Creating ...
2019-09-19 14:04:50,532 [pool-58-thread-1] INFO  storage.RaftStorageDirectory (RaftStorageDirectory.java:tryLock(328)) - Lock on /workdir/hadoop-ozone/integration-test/target/test-dir/MiniOzoneClusterImpl-3b2755de-4cfe-4b43-9e0d-73dd8eda8f75/datanode-0/data/ratis/84d4965d-076d-4a96-a629-e165c8f20643/in_use.lock acquired by nodename 30982@pr-hdds-1569-swxfz-3172132826
2019-09-19 14:04:50,545 [pool-58-thread-1] INFO  storage.RaftStorage (RaftStorage.java:format(72)) - Storage directory /workdir/hadoop-ozone/integration-test/target/test-dir/MiniOzoneClusterImpl-3b2755de-4cfe-4b43-9e0d-73dd8eda8f75/datanode-0/data/ratis/84d4965d-076d-4a96-a629-e165c8f20643 has been successfully formatted.
2019-09-19 14:04:50,545 [pool-58-thread-1] INFO  ratis.ContainerStateMachine (ContainerStateMachine.java:loadSnapshot(226)) - group-E165C8F20643: The snapshot info is null. Setting the last applied indexto:(t:0, i:~)
2019-09-19 14:04:50,545 [pool-58-thread-1] INFO  server.RaftServerConfigKeys (ConfUtils.java:logGet(43)) - raft.server.leader.election.timeout = 120s (custom)
2019-09-19 14:04:50,545 [pool-58-thread-1] INFO  server.RaftServerConfigKeys (ConfUtils.java:logGet(43)) - raft.server.log.use.memory = false (default)
2019-09-19 14:04:50,546 [pool-58-thread-1] INFO  server.RaftServerConfigKeys (ConfUtils.java:logGet(43)) - raft.server.log.purge.gap = 1000000 (custom)
2019-09-19 14:04:50,546 [pool-58-thread-1] INFO  server.RaftServerConfigKeys (ConfUtils.java:logGet(43)) - raft.server.log.appender.buffer.byte-limit = 33554432 (custom)
2019-09-19 14:04:50,546 [pool-58-thread-1] INFO  server.RaftServerConfigKeys (ConfUtils.java:logGet(43)) - raft.server.log.segment.size.max = 1048576 (custom)
2019-09-19 14:04:50,546 [pool-58-thread-1] INFO  server.RaftServerConfigKeys (ConfUtils.java:logGet(43)) - raft.server.log.segment.cache.num.max = 2 (custom)
2019-09-19 14:04:50,546 [pool-58-thread-1] INFO  segmented.SegmentedRaftLogWorker (SegmentedRaftLogWorker.java:<init>(172)) - new dcc77c7b-1d37-448d-8d57-43d254561693-SegmentedRaftLogWorker:Storage Directory /workdir/hadoop-ozone/integration-test/target/test-dir/MiniOzoneClusterImpl-3b2755de-4cfe-4b43-9e0d-73dd8eda8f75/datanode-0/data/ratis/84d4965d-076d-4a96-a629-e165c8f20643 for RaftStorage:Storage Directory /workdir/hadoop-ozone/integration-test/target/test-dir/MiniOzoneClusterImpl-3b2755de-4cfe-4b43-9e0d-73dd8eda8f75/datanode-0/data/ratis/84d4965d-076d-4a96-a629-e165c8f20643
2019-09-19 14:04:50,546 [pool-58-thread-1] INFO  server.RaftServerConfigKeys (ConfUtils.java:logGet(43)) - raft.server.log.queue.byte-limit = 2147483647 (custom)
2019-09-19 14:04:50,546 [pool-58-thread-1] INFO  server.RaftServerConfigKeys (ConfUtils.java:logGet(43)) - raft.server.log.queue.element-limit = 1024 (custom)
2019-09-19 14:04:50,546 [pool-58-thread-1] INFO  server.RaftServerConfigKeys (ConfUtils.java:logGet(43)) - raft.server.log.segment.size.max = 1048576 (custom)
2019-09-19 14:04:50,547 [pool-58-thread-1] INFO  server.RaftServerConfigKeys (ConfUtils.java:logGet(43)) - raft.server.log.preallocated.size = 16384 (custom)
2019-09-19 14:04:50,547 [pool-58-thread-1] INFO  server.RaftServerConfigKeys (ConfUtils.java:logGet(43)) - raft.server.log.write.buffer.size = 33554432 (custom)
2019-09-19 14:04:50,547 [pool-58-thread-1] INFO  server.RaftServerConfigKeys (ConfUtils.java:logGet(43)) - raft.server.log.force.sync.num = 128 (default)
2019-09-19 14:04:50,547 [pool-58-thread-1] INFO  server.RaftServerConfigKeys (ConfUtils.java:logGet(43)) - raft.server.log.statemachine.data.sync = true (default)
2019-09-19 14:04:50,547 [pool-58-thread-1] INFO  server.RaftServerConfigKeys (ConfUtils.java:logGet(43)) - raft.server.log.statemachine.data.sync.timeout = 10s (default)
2019-09-19 14:04:50,547 [pool-58-thread-1] INFO  server.RaftServerConfigKeys (ConfUtils.java:logGet(43)) - raft.server.log.statemachine.data.sync.timeout.retry = -1 (default)
2019-09-19 14:04:50,547 [pool-58-thread-1] INFO  server.RaftServerConfigKeys (ConfUtils.java:logGet(43)) - raft.server.log.statemachine.data.caching.enabled = true (custom)
2019-09-19 14:04:50,548 [pool-58-thread-1] INFO  segmented.SegmentedRaftLogWorker (SegmentedRaftLogWorker.java:lambda$new$0(132)) - dcc77c7b-1d37-448d-8d57-43d254561693-SegmentedRaftLogWorker:Storage Directory /workdir/hadoop-ozone/integration-test/target/test-dir/MiniOzoneClusterImpl-3b2755de-4cfe-4b43-9e0d-73dd8eda8f75/datanode-0/data/ratis/84d4965d-076d-4a96-a629-e165c8f20643: flushIndex: setUnconditionally 0 -> -1
2019-09-19 14:04:50,548 [pool-58-thread-1] INFO  server.RaftServerConfigKeys (ConfUtils.java:logGet(43)) - raft.server.snapshot.auto.trigger.enabled = true (custom)
2019-09-19 14:04:50,548 [pool-58-thread-1] INFO  server.RaftServerConfigKeys (ConfUtils.java:logGet(43)) - raft.server.snapshot.auto.trigger.threshold = 1 (custom)
2019-09-19 14:04:50,548 [pool-58-thread-1] INFO  server.RaftServerConfigKeys (ConfUtils.java:logGet(43)) - raft.server.retrycache.expirytime = 600000ms (custom)
2019-09-19 14:04:50,548 [pool-58-thread-1] INFO  impl.RaftServerImpl (RaftServerImpl.java:start(180)) - dcc77c7b-1d37-448d-8d57-43d254561693: start group-E165C8F20643
2019-09-19 14:04:50,548 [pool-58-thread-1] INFO  impl.RaftServerImpl (RaftServerImpl.java:setRole(171)) - dcc77c7b-1d37-448d-8d57-43d254561693:group-E165C8F20643 changes role from null to FOLLOWER at term 0 for startAsFollower
2019-09-19 14:04:50,549 [pool-58-thread-1] INFO  impl.RoleInfo (RoleInfo.java:updateAndGet(143)) - dcc77c7b-1d37-448d-8d57-43d254561693: start FollowerState
2019-09-19 14:04:50,549 [pool-58-thread-1] INFO  util.JmxRegister (JmxRegister.java:tryRegister(44)) - Successfully registered JMX Bean with object name Ratis:service=RaftServer,group=group-E165C8F20643,id=dcc77c7b-1d37-448d-8d57-43d254561693
2019-09-19 14:04:50,550 [RatisPipelineUtilsThread] INFO  pipeline.PipelineStateManager (PipelineStateManager.java:addPipeline(56)) - Created pipeline Pipeline[ Id: 84d4965d-076d-4a96-a629-e165c8f20643, Nodes: dcc77c7b-1d37-448d-8d57-43d254561693{ip: 192.168.157.226, host: pr-hdds-1569-swxfz-3172132826, networkLocation: /default-rack, certSerialId: null}, Type:RATIS, Factor:ONE, State:OPEN]
2019-09-19 14:04:50,553 [grpc-default-executor-1] INFO  impl.RaftServerProxy (RaftServerProxy.java:addNew(89)) - dcc77c7b-1d37-448d-8d57-43d254561693: addNew group-99912B84409F:[dcc77c7b-1d37-448d-8d57-43d254561693:192.168.157.226:34527] returns group-99912B84409F:java.util.concurrent.CompletableFuture@40cc2c92[Not completed]
2019-09-19 14:04:50,553 [pool-58-thread-1] INFO  impl.RaftServerImpl (RaftServerImpl.java:<init>(93)) - dcc77c7b-1d37-448d-8d57-43d254561693: new RaftServerImpl for group-99912B84409F:[dcc77c7b-1d37-448d-8d57-43d254561693:192.168.157.226:34527] with ContainerStateMachine:uninitialized
2019-09-19 14:04:50,554 [pool-58-thread-1] INFO  server.RaftServerConfigKeys (ConfUtils.java:logGet(43)) - raft.server.rpc.timeout.min = 5s (custom)
2019-09-19 14:04:50,554 [pool-58-thread-1] INFO  server.RaftServerConfigKeys (ConfUtils.java:logGet(43)) - raft.server.rpc.timeout.max = 5200ms (custom)
2019-09-19 14:04:50,554 [pool-58-thread-1] INFO  server.RaftServerConfigKeys (ConfUtils.java:logGet(43)) - raft.server.rpcslowness.timeout = 120s (custom)
2019-09-19 14:04:50,554 [pool-58-thread-1] INFO  server.RaftServerConfigKeys (ConfUtils.java:logGet(43)) - raft.server.sleep.deviation.threshold = 300 (default)
2019-09-19 14:04:50,554 [pool-58-thread-1] INFO  server.RaftServerConfigKeys (ConfUtils.java:logGet(43)) - raft.server.log.appender.install.snapshot.enabled = false (custom)
2019-09-19 14:04:50,554 [pool-58-thread-1] INFO  impl.RaftServerImpl (ServerState.java:<init>(105)) - dcc77c7b-1d37-448d-8d57-43d254561693:group-99912B84409F ConfigurationManager, init=-1: [dcc77c7b-1d37-448d-8d57-43d254561693:192.168.157.226:34527], old=null, confs=<EMPTY_MAP>
2019-09-19 14:04:50,554 [pool-58-thread-1] INFO  server.RaftServerConfigKeys (ConfUtils.java:logGet(43)) - raft.server.storage.dir = [/workdir/hadoop-ozone/integration-test/target/test-dir/MiniOzoneClusterImpl-3b2755de-4cfe-4b43-9e0d-73dd8eda8f75/datanode-0/data/ratis] (custom)
2019-09-19 14:04:50,555 [pool-58-thread-1] INFO  storage.RaftStorageDirectory (RaftStorageDirectory.java:analyzeStorage(246)) - The storage directory /workdir/hadoop-ozone/integration-test/target/test-dir/MiniOzoneClusterImpl-3b2755de-4cfe-4b43-9e0d-73dd8eda8f75/datanode-0/data/ratis/cf6cdb73-37c6-40ba-8817-99912b84409f does not exist. Creating ...
2019-09-19 14:04:50,567 [pool-58-thread-1] INFO  storage.RaftStorageDirectory (RaftStorageDirectory.java:tryLock(328)) - Lock on /workdir/hadoop-ozone/integration-test/target/test-dir/MiniOzoneClusterImpl-3b2755de-4cfe-4b43-9e0d-73dd8eda8f75/datanode-0/data/ratis/cf6cdb73-37c6-40ba-8817-99912b84409f/in_use.lock acquired by nodename 30982@pr-hdds-1569-swxfz-3172132826
2019-09-19 14:04:50,581 [pool-58-thread-1] INFO  storage.RaftStorage (RaftStorage.java:format(72)) - Storage directory /workdir/hadoop-ozone/integration-test/target/test-dir/MiniOzoneClusterImpl-3b2755de-4cfe-4b43-9e0d-73dd8eda8f75/datanode-0/data/ratis/cf6cdb73-37c6-40ba-8817-99912b84409f has been successfully formatted.
2019-09-19 14:04:50,581 [pool-58-thread-1] INFO  ratis.ContainerStateMachine (ContainerStateMachine.java:loadSnapshot(226)) - group-99912B84409F: The snapshot info is null. Setting the last applied indexto:(t:0, i:~)
2019-09-19 14:04:50,581 [pool-58-thread-1] INFO  server.RaftServerConfigKeys (ConfUtils.java:logGet(43)) - raft.server.leader.election.timeout = 120s (custom)
2019-09-19 14:04:50,581 [pool-58-thread-1] INFO  server.RaftServerConfigKeys (ConfUtils.java:logGet(43)) - raft.server.log.use.memory = false (default)
2019-09-19 14:04:50,581 [pool-58-thread-1] INFO  server.RaftServerConfigKeys (ConfUtils.java:logGet(43)) - raft.server.log.purge.gap = 1000000 (custom)
2019-09-19 14:04:50,581 [pool-58-thread-1] INFO  server.RaftServerConfigKeys (ConfUtils.java:logGet(43)) - raft.server.log.appender.buffer.byte-limit = 33554432 (custom)
2019-09-19 14:04:50,581 [pool-58-thread-1] INFO  server.RaftServerConfigKeys (ConfUtils.java:logGet(43)) - raft.server.log.segment.size.max = 1048576 (custom)
2019-09-19 14:04:50,582 [pool-58-thread-1] INFO  server.RaftServerConfigKeys (ConfUtils.java:logGet(43)) - raft.server.log.segment.cache.num.max = 2 (custom)
2019-09-19 14:04:50,582 [pool-58-thread-1] INFO  segmented.SegmentedRaftLogWorker (SegmentedRaftLogWorker.java:<init>(172)) - new dcc77c7b-1d37-448d-8d57-43d254561693-SegmentedRaftLogWorker:Storage Directory /workdir/hadoop-ozone/integration-test/target/test-dir/MiniOzoneClusterImpl-3b2755de-4cfe-4b43-9e0d-73dd8eda8f75/datanode-0/data/ratis/cf6cdb73-37c6-40ba-8817-99912b84409f for RaftStorage:Storage Directory /workdir/hadoop-ozone/integration-test/target/test-dir/MiniOzoneClusterImpl-3b2755de-4cfe-4b43-9e0d-73dd8eda8f75/datanode-0/data/ratis/cf6cdb73-37c6-40ba-8817-99912b84409f
2019-09-19 14:04:50,582 [pool-58-thread-1] INFO  server.RaftServerConfigKeys (ConfUtils.java:logGet(43)) - raft.server.log.queue.byte-limit = 2147483647 (custom)
2019-09-19 14:04:50,582 [pool-58-thread-1] INFO  server.RaftServerConfigKeys (ConfUtils.java:logGet(43)) - raft.server.log.queue.element-limit = 1024 (custom)
2019-09-19 14:04:50,582 [pool-58-thread-1] INFO  server.RaftServerConfigKeys (ConfUtils.java:logGet(43)) - raft.server.log.segment.size.max = 1048576 (custom)
2019-09-19 14:04:50,582 [pool-58-thread-1] INFO  server.RaftServerConfigKeys (ConfUtils.java:logGet(43)) - raft.server.log.preallocated.size = 16384 (custom)
2019-09-19 14:04:50,582 [pool-58-thread-1] INFO  server.RaftServerConfigKeys (ConfUtils.java:logGet(43)) - raft.server.log.write.buffer.size = 33554432 (custom)
2019-09-19 14:04:50,583 [pool-58-thread-1] INFO  server.RaftServerConfigKeys (ConfUtils.java:logGet(43)) - raft.server.log.force.sync.num = 128 (default)
2019-09-19 14:04:50,583 [pool-58-thread-1] INFO  server.RaftServerConfigKeys (ConfUtils.java:logGet(43)) - raft.server.log.statemachine.data.sync = true (default)
2019-09-19 14:04:50,583 [pool-58-thread-1] INFO  server.RaftServerConfigKeys (ConfUtils.java:logGet(43)) - raft.server.log.statemachine.data.sync.timeout = 10s (default)
2019-09-19 14:04:50,583 [pool-58-thread-1] INFO  server.RaftServerConfigKeys (ConfUtils.java:logGet(43)) - raft.server.log.statemachine.data.sync.timeout.retry = -1 (default)
2019-09-19 14:04:50,583 [pool-58-thread-1] INFO  server.RaftServerConfigKeys (ConfUtils.java:logGet(43)) - raft.server.log.statemachine.data.caching.enabled = true (custom)
2019-09-19 14:04:50,583 [pool-58-thread-1] INFO  segmented.SegmentedRaftLogWorker (SegmentedRaftLogWorker.java:lambda$new$0(132)) - dcc77c7b-1d37-448d-8d57-43d254561693-SegmentedRaftLogWorker:Storage Directory /workdir/hadoop-ozone/integration-test/target/test-dir/MiniOzoneClusterImpl-3b2755de-4cfe-4b43-9e0d-73dd8eda8f75/datanode-0/data/ratis/cf6cdb73-37c6-40ba-8817-99912b84409f: flushIndex: setUnconditionally 0 -> -1
2019-09-19 14:04:50,584 [pool-58-thread-1] INFO  server.RaftServerConfigKeys (ConfUtils.java:logGet(43)) - raft.server.snapshot.auto.trigger.enabled = true (custom)
2019-09-19 14:04:50,584 [pool-58-thread-1] INFO  server.RaftServerConfigKeys (ConfUtils.java:logGet(43)) - raft.server.snapshot.auto.trigger.threshold = 1 (custom)
2019-09-19 14:04:50,584 [pool-58-thread-1] INFO  server.RaftServerConfigKeys (ConfUtils.java:logGet(43)) - raft.server.retrycache.expirytime = 600000ms (custom)
2019-09-19 14:04:50,584 [pool-58-thread-1] INFO  impl.RaftServerImpl (RaftServerImpl.java:start(180)) - dcc77c7b-1d37-448d-8d57-43d254561693: start group-99912B84409F
2019-09-19 14:04:50,584 [pool-58-thread-1] INFO  impl.RaftServerImpl (RaftServerImpl.java:setRole(171)) - dcc77c7b-1d37-448d-8d57-43d254561693:group-99912B84409F changes role from null to FOLLOWER at term 0 for startAsFollower
2019-09-19 14:04:50,584 [pool-58-thread-1] INFO  impl.RoleInfo (RoleInfo.java:updateAndGet(143)) - dcc77c7b-1d37-448d-8d57-43d254561693: start FollowerState
2019-09-19 14:04:50,585 [pool-58-thread-1] INFO  util.JmxRegister (JmxRegister.java:tryRegister(44)) - Successfully registered JMX Bean with object name Ratis:service=RaftServer,group=group-99912B84409F,id=dcc77c7b-1d37-448d-8d57-43d254561693
2019-09-19 14:04:50,586 [RatisPipelineUtilsThread] INFO  pipeline.PipelineStateManager (PipelineStateManager.java:addPipeline(56)) - Created pipeline Pipeline[ Id: cf6cdb73-37c6-40ba-8817-99912b84409f, Nodes: dcc77c7b-1d37-448d-8d57-43d254561693{ip: 192.168.157.226, host: pr-hdds-1569-swxfz-3172132826, networkLocation: /default-rack, certSerialId: null}, Type:RATIS, Factor:ONE, State:OPEN]
2019-09-19 14:04:50,588 [grpc-default-executor-1] INFO  impl.RaftServerProxy (RaftServerProxy.java:addNew(89)) - dcc77c7b-1d37-448d-8d57-43d254561693: addNew group-6F0B87A6652D:[dcc77c7b-1d37-448d-8d57-43d254561693:192.168.157.226:34527] returns group-6F0B87A6652D:java.util.concurrent.CompletableFuture@66047548[Not completed]
2019-09-19 14:04:50,589 [pool-58-thread-1] INFO  impl.RaftServerImpl (RaftServerImpl.java:<init>(93)) - dcc77c7b-1d37-448d-8d57-43d254561693: new RaftServerImpl for group-6F0B87A6652D:[dcc77c7b-1d37-448d-8d57-43d254561693:192.168.157.226:34527] with ContainerStateMachine:uninitialized
2019-09-19 14:04:50,589 [pool-58-thread-1] INFO  server.RaftServerConfigKeys (ConfUtils.java:logGet(43)) - raft.server.rpc.timeout.min = 5s (custom)
2019-09-19 14:04:50,589 [pool-58-thread-1] INFO  server.RaftServerConfigKeys (ConfUtils.java:logGet(43)) - raft.server.rpc.timeout.max = 5200ms (custom)
2019-09-19 14:04:50,590 [pool-58-thread-1] INFO  server.RaftServerConfigKeys (ConfUtils.java:logGet(43)) - raft.server.rpcslowness.timeout = 120s (custom)
2019-09-19 14:04:50,590 [pool-58-thread-1] INFO  server.RaftServerConfigKeys (ConfUtils.java:logGet(43)) - raft.server.sleep.deviation.threshold = 300 (default)
2019-09-19 14:04:50,590 [pool-58-thread-1] INFO  server.RaftServerConfigKeys (ConfUtils.java:logGet(43)) - raft.server.log.appender.install.snapshot.enabled = false (custom)
2019-09-19 14:04:50,590 [pool-58-thread-1] INFO  impl.RaftServerImpl (ServerState.java:<init>(105)) - dcc77c7b-1d37-448d-8d57-43d254561693:group-6F0B87A6652D ConfigurationManager, init=-1: [dcc77c7b-1d37-448d-8d57-43d254561693:192.168.157.226:34527], old=null, confs=<EMPTY_MAP>
2019-09-19 14:04:50,590 [pool-58-thread-1] INFO  server.RaftServerConfigKeys (ConfUtils.java:logGet(43)) - raft.server.storage.dir = [/workdir/hadoop-ozone/integration-test/target/test-dir/MiniOzoneClusterImpl-3b2755de-4cfe-4b43-9e0d-73dd8eda8f75/datanode-0/data/ratis] (custom)
2019-09-19 14:04:50,590 | INFO  | SCMAudit | user=jenkins1000 | ip=192.168.157.226 | op=SEND_HEARTBEAT {datanodeUUID=dcc77c7b-1d37-448d-8d57-43d254561693, command=[]} | ret=SUCCESS |  
2019-09-19 14:04:50,591 [pool-58-thread-1] INFO  storage.RaftStorageDirectory (RaftStorageDirectory.java:analyzeStorage(246)) - The storage directory /workdir/hadoop-ozone/integration-test/target/test-dir/MiniOzoneClusterImpl-3b2755de-4cfe-4b43-9e0d-73dd8eda8f75/datanode-0/data/ratis/ea3429c1-71ac-4a5f-9adf-6f0b87a6652d does not exist. Creating ...
2019-09-19 14:04:50,603 [pool-58-thread-1] INFO  storage.RaftStorageDirectory (RaftStorageDirectory.java:tryLock(328)) - Lock on /workdir/hadoop-ozone/integration-test/target/test-dir/MiniOzoneClusterImpl-3b2755de-4cfe-4b43-9e0d-73dd8eda8f75/datanode-0/data/ratis/ea3429c1-71ac-4a5f-9adf-6f0b87a6652d/in_use.lock acquired by nodename 30982@pr-hdds-1569-swxfz-3172132826
2019-09-19 14:04:50,606 [pool-58-thread-1] INFO  storage.RaftStorage (RaftStorage.java:format(72)) - Storage directory /workdir/hadoop-ozone/integration-test/target/test-dir/MiniOzoneClusterImpl-3b2755de-4cfe-4b43-9e0d-73dd8eda8f75/datanode-0/data/ratis/ea3429c1-71ac-4a5f-9adf-6f0b87a6652d has been successfully formatted.
2019-09-19 14:04:50,606 [pool-58-thread-1] INFO  ratis.ContainerStateMachine (ContainerStateMachine.java:loadSnapshot(226)) - group-6F0B87A6652D: The snapshot info is null. Setting the last applied indexto:(t:0, i:~)
2019-09-19 14:04:50,607 [pool-58-thread-1] INFO  server.RaftServerConfigKeys (ConfUtils.java:logGet(43)) - raft.server.leader.election.timeout = 120s (custom)
2019-09-19 14:04:50,607 [pool-58-thread-1] INFO  server.RaftServerConfigKeys (ConfUtils.java:logGet(43)) - raft.server.log.use.memory = false (default)
2019-09-19 14:04:50,607 [pool-58-thread-1] INFO  server.RaftServerConfigKeys (ConfUtils.java:logGet(43)) - raft.server.log.purge.gap = 1000000 (custom)
2019-09-19 14:04:50,607 [pool-58-thread-1] INFO  server.RaftServerConfigKeys (ConfUtils.java:logGet(43)) - raft.server.log.appender.buffer.byte-limit = 33554432 (custom)
2019-09-19 14:04:50,607 [pool-58-thread-1] INFO  server.RaftServerConfigKeys (ConfUtils.java:logGet(43)) - raft.server.log.segment.size.max = 1048576 (custom)
2019-09-19 14:04:50,607 [pool-58-thread-1] INFO  server.RaftServerConfigKeys (ConfUtils.java:logGet(43)) - raft.server.log.segment.cache.num.max = 2 (custom)
2019-09-19 14:04:50,607 [pool-58-thread-1] INFO  segmented.SegmentedRaftLogWorker (SegmentedRaftLogWorker.java:<init>(172)) - new dcc77c7b-1d37-448d-8d57-43d254561693-SegmentedRaftLogWorker:Storage Directory /workdir/hadoop-ozone/integration-test/target/test-dir/MiniOzoneClusterImpl-3b2755de-4cfe-4b43-9e0d-73dd8eda8f75/datanode-0/data/ratis/ea3429c1-71ac-4a5f-9adf-6f0b87a6652d for RaftStorage:Storage Directory /workdir/hadoop-ozone/integration-test/target/test-dir/MiniOzoneClusterImpl-3b2755de-4cfe-4b43-9e0d-73dd8eda8f75/datanode-0/data/ratis/ea3429c1-71ac-4a5f-9adf-6f0b87a6652d
2019-09-19 14:04:50,607 [pool-58-thread-1] INFO  server.RaftServerConfigKeys (ConfUtils.java:logGet(43)) - raft.server.log.queue.byte-limit = 2147483647 (custom)
2019-09-19 14:04:50,608 [pool-58-thread-1] INFO  server.RaftServerConfigKeys (ConfUtils.java:logGet(43)) - raft.server.log.queue.element-limit = 1024 (custom)
2019-09-19 14:04:50,608 [pool-58-thread-1] INFO  server.RaftServerConfigKeys (ConfUtils.java:logGet(43)) - raft.server.log.segment.size.max = 1048576 (custom)
2019-09-19 14:04:50,608 [pool-58-thread-1] INFO  server.RaftServerConfigKeys (ConfUtils.java:logGet(43)) - raft.server.log.preallocated.size = 16384 (custom)
2019-09-19 14:04:50,608 [pool-58-thread-1] INFO  server.RaftServerConfigKeys (ConfUtils.java:logGet(43)) - raft.server.log.write.buffer.size = 33554432 (custom)
2019-09-19 14:04:50,608 [pool-58-thread-1] INFO  server.RaftServerConfigKeys (ConfUtils.java:logGet(43)) - raft.server.log.force.sync.num = 128 (default)
2019-09-19 14:04:50,608 [pool-58-thread-1] INFO  server.RaftServerConfigKeys (ConfUtils.java:logGet(43)) - raft.server.log.statemachine.data.sync = true (default)
2019-09-19 14:04:50,608 [pool-58-thread-1] INFO  server.RaftServerConfigKeys (ConfUtils.java:logGet(43)) - raft.server.log.statemachine.data.sync.timeout = 10s (default)
2019-09-19 14:04:50,608 [pool-58-thread-1] INFO  server.RaftServerConfigKeys (ConfUtils.java:logGet(43)) - raft.server.log.statemachine.data.sync.timeout.retry = -1 (default)
2019-09-19 14:04:50,609 [pool-58-thread-1] INFO  server.RaftServerConfigKeys (ConfUtils.java:logGet(43)) - raft.server.log.statemachine.data.caching.enabled = true (custom)
2019-09-19 14:04:50,609 [pool-58-thread-1] INFO  segmented.SegmentedRaftLogWorker (SegmentedRaftLogWorker.java:lambda$new$0(132)) - dcc77c7b-1d37-448d-8d57-43d254561693-SegmentedRaftLogWorker:Storage Directory /workdir/hadoop-ozone/integration-test/target/test-dir/MiniOzoneClusterImpl-3b2755de-4cfe-4b43-9e0d-73dd8eda8f75/datanode-0/data/ratis/ea3429c1-71ac-4a5f-9adf-6f0b87a6652d: flushIndex: setUnconditionally 0 -> -1
2019-09-19 14:04:50,609 [pool-58-thread-1] INFO  server.RaftServerConfigKeys (ConfUtils.java:logGet(43)) - raft.server.snapshot.auto.trigger.enabled = true (custom)
2019-09-19 14:04:50,609 [pool-58-thread-1] INFO  server.RaftServerConfigKeys (ConfUtils.java:logGet(43)) - raft.server.snapshot.auto.trigger.threshold = 1 (custom)
2019-09-19 14:04:50,609 [pool-58-thread-1] INFO  server.RaftServerConfigKeys (ConfUtils.java:logGet(43)) - raft.server.retrycache.expirytime = 600000ms (custom)
2019-09-19 14:04:50,609 [pool-58-thread-1] INFO  impl.RaftServerImpl (RaftServerImpl.java:start(180)) - dcc77c7b-1d37-448d-8d57-43d254561693: start group-6F0B87A6652D
2019-09-19 14:04:50,610 [pool-58-thread-1] INFO  impl.RaftServerImpl (RaftServerImpl.java:setRole(171)) - dcc77c7b-1d37-448d-8d57-43d254561693:group-6F0B87A6652D changes role from null to FOLLOWER at term 0 for startAsFollower
2019-09-19 14:04:50,610 [pool-58-thread-1] INFO  impl.RoleInfo (RoleInfo.java:updateAndGet(143)) - dcc77c7b-1d37-448d-8d57-43d254561693: start FollowerState
2019-09-19 14:04:50,610 [pool-58-thread-1] INFO  util.JmxRegister (JmxRegister.java:tryRegister(44)) - Successfully registered JMX Bean with object name Ratis:service=RaftServer,group=group-6F0B87A6652D,id=dcc77c7b-1d37-448d-8d57-43d254561693
2019-09-19 14:04:50,611 [RatisPipelineUtilsThread] INFO  pipeline.PipelineStateManager (PipelineStateManager.java:addPipeline(56)) - Created pipeline Pipeline[ Id: ea3429c1-71ac-4a5f-9adf-6f0b87a6652d, Nodes: dcc77c7b-1d37-448d-8d57-43d254561693{ip: 192.168.157.226, host: pr-hdds-1569-swxfz-3172132826, networkLocation: /default-rack, certSerialId: null}, Type:RATIS, Factor:ONE, State:OPEN]
2019-09-19 14:04:50,614 [grpc-default-executor-1] INFO  impl.RaftServerProxy (RaftServerProxy.java:addNew(89)) - dcc77c7b-1d37-448d-8d57-43d254561693: addNew group-AD94DCFD5F37:[dcc77c7b-1d37-448d-8d57-43d254561693:192.168.157.226:34527] returns group-AD94DCFD5F37:java.util.concurrent.CompletableFuture@9966298[Not completed]
2019-09-19 14:04:50,615 [pool-58-thread-1] INFO  impl.RaftServerImpl (RaftServerImpl.java:<init>(93)) - dcc77c7b-1d37-448d-8d57-43d254561693: new RaftServerImpl for group-AD94DCFD5F37:[dcc77c7b-1d37-448d-8d57-43d254561693:192.168.157.226:34527] with ContainerStateMachine:uninitialized
2019-09-19 14:04:50,615 [pool-58-thread-1] INFO  server.RaftServerConfigKeys (ConfUtils.java:logGet(43)) - raft.server.rpc.timeout.min = 5s (custom)
2019-09-19 14:04:50,615 [pool-58-thread-1] INFO  server.RaftServerConfigKeys (ConfUtils.java:logGet(43)) - raft.server.rpc.timeout.max = 5200ms (custom)
2019-09-19 14:04:50,615 [pool-58-thread-1] INFO  server.RaftServerConfigKeys (ConfUtils.java:logGet(43)) - raft.server.rpcslowness.timeout = 120s (custom)
2019-09-19 14:04:50,615 [pool-58-thread-1] INFO  server.RaftServerConfigKeys (ConfUtils.java:logGet(43)) - raft.server.sleep.deviation.threshold = 300 (default)
2019-09-19 14:04:50,615 [pool-58-thread-1] INFO  server.RaftServerConfigKeys (ConfUtils.java:logGet(43)) - raft.server.log.appender.install.snapshot.enabled = false (custom)
2019-09-19 14:04:50,615 [pool-58-thread-1] INFO  impl.RaftServerImpl (ServerState.java:<init>(105)) - dcc77c7b-1d37-448d-8d57-43d254561693:group-AD94DCFD5F37 ConfigurationManager, init=-1: [dcc77c7b-1d37-448d-8d57-43d254561693:192.168.157.226:34527], old=null, confs=<EMPTY_MAP>
2019-09-19 14:04:50,616 [pool-58-thread-1] INFO  server.RaftServerConfigKeys (ConfUtils.java:logGet(43)) - raft.server.storage.dir = [/workdir/hadoop-ozone/integration-test/target/test-dir/MiniOzoneClusterImpl-3b2755de-4cfe-4b43-9e0d-73dd8eda8f75/datanode-0/data/ratis] (custom)
2019-09-19 14:04:50,616 [pool-58-thread-1] INFO  storage.RaftStorageDirectory (RaftStorageDirectory.java:analyzeStorage(246)) - The storage directory /workdir/hadoop-ozone/integration-test/target/test-dir/MiniOzoneClusterImpl-3b2755de-4cfe-4b43-9e0d-73dd8eda8f75/datanode-0/data/ratis/bf066c4b-b9ac-4c70-8f56-ad94dcfd5f37 does not exist. Creating ...
2019-09-19 14:04:50,619 [pool-58-thread-1] INFO  storage.RaftStorageDirectory (RaftStorageDirectory.java:tryLock(328)) - Lock on /workdir/hadoop-ozone/integration-test/target/test-dir/MiniOzoneClusterImpl-3b2755de-4cfe-4b43-9e0d-73dd8eda8f75/datanode-0/data/ratis/bf066c4b-b9ac-4c70-8f56-ad94dcfd5f37/in_use.lock acquired by nodename 30982@pr-hdds-1569-swxfz-3172132826
2019-09-19 14:04:50,622 [pool-58-thread-1] INFO  storage.RaftStorage (RaftStorage.java:format(72)) - Storage directory /workdir/hadoop-ozone/integration-test/target/test-dir/MiniOzoneClusterImpl-3b2755de-4cfe-4b43-9e0d-73dd8eda8f75/datanode-0/data/ratis/bf066c4b-b9ac-4c70-8f56-ad94dcfd5f37 has been successfully formatted.
2019-09-19 14:04:50,622 [pool-58-thread-1] INFO  ratis.ContainerStateMachine (ContainerStateMachine.java:loadSnapshot(226)) - group-AD94DCFD5F37: The snapshot info is null. Setting the last applied indexto:(t:0, i:~)
2019-09-19 14:04:50,622 [pool-58-thread-1] INFO  server.RaftServerConfigKeys (ConfUtils.java:logGet(43)) - raft.server.leader.election.timeout = 120s (custom)
2019-09-19 14:04:50,622 [pool-58-thread-1] INFO  server.RaftServerConfigKeys (ConfUtils.java:logGet(43)) - raft.server.log.use.memory = false (default)
2019-09-19 14:04:50,622 [pool-58-thread-1] INFO  server.RaftServerConfigKeys (ConfUtils.java:logGet(43)) - raft.server.log.purge.gap = 1000000 (custom)
2019-09-19 14:04:50,623 [pool-58-thread-1] INFO  server.RaftServerConfigKeys (ConfUtils.java:logGet(43)) - raft.server.log.appender.buffer.byte-limit = 33554432 (custom)
2019-09-19 14:04:50,623 [pool-58-thread-1] INFO  server.RaftServerConfigKeys (ConfUtils.java:logGet(43)) - raft.server.log.segment.size.max = 1048576 (custom)
2019-09-19 14:04:50,623 [pool-58-thread-1] INFO  server.RaftServerConfigKeys (ConfUtils.java:logGet(43)) - raft.server.log.segment.cache.num.max = 2 (custom)
2019-09-19 14:04:50,623 [pool-58-thread-1] INFO  segmented.SegmentedRaftLogWorker (SegmentedRaftLogWorker.java:<init>(172)) - new dcc77c7b-1d37-448d-8d57-43d254561693-SegmentedRaftLogWorker:Storage Directory /workdir/hadoop-ozone/integration-test/target/test-dir/MiniOzoneClusterImpl-3b2755de-4cfe-4b43-9e0d-73dd8eda8f75/datanode-0/data/ratis/bf066c4b-b9ac-4c70-8f56-ad94dcfd5f37 for RaftStorage:Storage Directory /workdir/hadoop-ozone/integration-test/target/test-dir/MiniOzoneClusterImpl-3b2755de-4cfe-4b43-9e0d-73dd8eda8f75/datanode-0/data/ratis/bf066c4b-b9ac-4c70-8f56-ad94dcfd5f37
2019-09-19 14:04:50,623 [pool-58-thread-1] INFO  server.RaftServerConfigKeys (ConfUtils.java:logGet(43)) - raft.server.log.queue.byte-limit = 2147483647 (custom)
2019-09-19 14:04:50,623 [pool-58-thread-1] INFO  server.RaftServerConfigKeys (ConfUtils.java:logGet(43)) - raft.server.log.queue.element-limit = 1024 (custom)
2019-09-19 14:04:50,623 [pool-58-thread-1] INFO  server.RaftServerConfigKeys (ConfUtils.java:logGet(43)) - raft.server.log.segment.size.max = 1048576 (custom)
2019-09-19 14:04:50,623 [pool-58-thread-1] INFO  server.RaftServerConfigKeys (ConfUtils.java:logGet(43)) - raft.server.log.preallocated.size = 16384 (custom)
2019-09-19 14:04:50,623 [pool-58-thread-1] INFO  server.RaftServerConfigKeys (ConfUtils.java:logGet(43)) - raft.server.log.write.buffer.size = 33554432 (custom)
2019-09-19 14:04:50,624 [pool-58-thread-1] INFO  server.RaftServerConfigKeys (ConfUtils.java:logGet(43)) - raft.server.log.force.sync.num = 128 (default)
2019-09-19 14:04:50,624 [pool-58-thread-1] INFO  server.RaftServerConfigKeys (ConfUtils.java:logGet(43)) - raft.server.log.statemachine.data.sync = true (default)
2019-09-19 14:04:50,624 [pool-58-thread-1] INFO  server.RaftServerConfigKeys (ConfUtils.java:logGet(43)) - raft.server.log.statemachine.data.sync.timeout = 10s (default)
2019-09-19 14:04:50,624 [pool-58-thread-1] INFO  server.RaftServerConfigKeys (ConfUtils.java:logGet(43)) - raft.server.log.statemachine.data.sync.timeout.retry = -1 (default)
2019-09-19 14:04:50,624 [pool-58-thread-1] INFO  server.RaftServerConfigKeys (ConfUtils.java:logGet(43)) - raft.server.log.statemachine.data.caching.enabled = true (custom)
2019-09-19 14:04:50,624 [pool-58-thread-1] INFO  segmented.SegmentedRaftLogWorker (SegmentedRaftLogWorker.java:lambda$new$0(132)) - dcc77c7b-1d37-448d-8d57-43d254561693-SegmentedRaftLogWorker:Storage Directory /workdir/hadoop-ozone/integration-test/target/test-dir/MiniOzoneClusterImpl-3b2755de-4cfe-4b43-9e0d-73dd8eda8f75/datanode-0/data/ratis/bf066c4b-b9ac-4c70-8f56-ad94dcfd5f37: flushIndex: setUnconditionally 0 -> -1
2019-09-19 14:04:50,625 [pool-58-thread-1] INFO  server.RaftServerConfigKeys (ConfUtils.java:logGet(43)) - raft.server.snapshot.auto.trigger.enabled = true (custom)
2019-09-19 14:04:50,625 [pool-58-thread-1] INFO  server.RaftServerConfigKeys (ConfUtils.java:logGet(43)) - raft.server.snapshot.auto.trigger.threshold = 1 (custom)
2019-09-19 14:04:50,625 [pool-58-thread-1] INFO  server.RaftServerConfigKeys (ConfUtils.java:logGet(43)) - raft.server.retrycache.expirytime = 600000ms (custom)
2019-09-19 14:04:50,625 [pool-58-thread-1] INFO  impl.RaftServerImpl (RaftServerImpl.java:start(180)) - dcc77c7b-1d37-448d-8d57-43d254561693: start group-AD94DCFD5F37
2019-09-19 14:04:50,625 [pool-58-thread-1] INFO  impl.RaftServerImpl (RaftServerImpl.java:setRole(171)) - dcc77c7b-1d37-448d-8d57-43d254561693:group-AD94DCFD5F37 changes role from null to FOLLOWER at term 0 for startAsFollower
2019-09-19 14:04:50,625 [pool-58-thread-1] INFO  impl.RoleInfo (RoleInfo.java:updateAndGet(143)) - dcc77c7b-1d37-448d-8d57-43d254561693: start FollowerState
2019-09-19 14:04:50,625 [pool-58-thread-1] INFO  util.JmxRegister (JmxRegister.java:tryRegister(44)) - Successfully registered JMX Bean with object name Ratis:service=RaftServer,group=group-AD94DCFD5F37,id=dcc77c7b-1d37-448d-8d57-43d254561693
2019-09-19 14:04:50,627 [RatisPipelineUtilsThread] INFO  pipeline.PipelineStateManager (PipelineStateManager.java:addPipeline(56)) - Created pipeline Pipeline[ Id: bf066c4b-b9ac-4c70-8f56-ad94dcfd5f37, Nodes: dcc77c7b-1d37-448d-8d57-43d254561693{ip: 192.168.157.226, host: pr-hdds-1569-swxfz-3172132826, networkLocation: /default-rack, certSerialId: null}, Type:RATIS, Factor:ONE, State:OPEN]
2019-09-19 14:04:50,629 [grpc-default-executor-1] INFO  impl.RaftServerProxy (RaftServerProxy.java:addNew(89)) - dcc77c7b-1d37-448d-8d57-43d254561693: addNew group-FB7C57D9607D:[dcc77c7b-1d37-448d-8d57-43d254561693:192.168.157.226:34527] returns group-FB7C57D9607D:java.util.concurrent.CompletableFuture@782c1e8c[Not completed]
2019-09-19 14:04:50,629 [pool-58-thread-1] INFO  impl.RaftServerImpl (RaftServerImpl.java:<init>(93)) - dcc77c7b-1d37-448d-8d57-43d254561693: new RaftServerImpl for group-FB7C57D9607D:[dcc77c7b-1d37-448d-8d57-43d254561693:192.168.157.226:34527] with ContainerStateMachine:uninitialized
2019-09-19 14:04:50,630 [pool-58-thread-1] INFO  server.RaftServerConfigKeys (ConfUtils.java:logGet(43)) - raft.server.rpc.timeout.min = 5s (custom)
2019-09-19 14:04:50,630 [pool-58-thread-1] INFO  server.RaftServerConfigKeys (ConfUtils.java:logGet(43)) - raft.server.rpc.timeout.max = 5200ms (custom)
2019-09-19 14:04:50,630 [pool-58-thread-1] INFO  server.RaftServerConfigKeys (ConfUtils.java:logGet(43)) - raft.server.rpcslowness.timeout = 120s (custom)
2019-09-19 14:04:50,630 [pool-58-thread-1] INFO  server.RaftServerConfigKeys (ConfUtils.java:logGet(43)) - raft.server.sleep.deviation.threshold = 300 (default)
2019-09-19 14:04:50,630 [pool-58-thread-1] INFO  server.RaftServerConfigKeys (ConfUtils.java:logGet(43)) - raft.server.log.appender.install.snapshot.enabled = false (custom)
2019-09-19 14:04:50,630 [pool-58-thread-1] INFO  impl.RaftServerImpl (ServerState.java:<init>(105)) - dcc77c7b-1d37-448d-8d57-43d254561693:group-FB7C57D9607D ConfigurationManager, init=-1: [dcc77c7b-1d37-448d-8d57-43d254561693:192.168.157.226:34527], old=null, confs=<EMPTY_MAP>
2019-09-19 14:04:50,630 [pool-58-thread-1] INFO  server.RaftServerConfigKeys (ConfUtils.java:logGet(43)) - raft.server.storage.dir = [/workdir/hadoop-ozone/integration-test/target/test-dir/MiniOzoneClusterImpl-3b2755de-4cfe-4b43-9e0d-73dd8eda8f75/datanode-0/data/ratis] (custom)
2019-09-19 14:04:50,631 [pool-58-thread-1] INFO  storage.RaftStorageDirectory (RaftStorageDirectory.java:analyzeStorage(246)) - The storage directory /workdir/hadoop-ozone/integration-test/target/test-dir/MiniOzoneClusterImpl-3b2755de-4cfe-4b43-9e0d-73dd8eda8f75/datanode-0/data/ratis/0e171e32-4878-4fa4-a8d9-fb7c57d9607d does not exist. Creating ...
2019-09-19 14:04:50,634 [pool-58-thread-1] INFO  storage.RaftStorageDirectory (RaftStorageDirectory.java:tryLock(328)) - Lock on /workdir/hadoop-ozone/integration-test/target/test-dir/MiniOzoneClusterImpl-3b2755de-4cfe-4b43-9e0d-73dd8eda8f75/datanode-0/data/ratis/0e171e32-4878-4fa4-a8d9-fb7c57d9607d/in_use.lock acquired by nodename 30982@pr-hdds-1569-swxfz-3172132826
2019-09-19 14:04:50,639 [pool-58-thread-1] INFO  storage.RaftStorage (RaftStorage.java:format(72)) - Storage directory /workdir/hadoop-ozone/integration-test/target/test-dir/MiniOzoneClusterImpl-3b2755de-4cfe-4b43-9e0d-73dd8eda8f75/datanode-0/data/ratis/0e171e32-4878-4fa4-a8d9-fb7c57d9607d has been successfully formatted.
2019-09-19 14:04:50,639 [pool-58-thread-1] INFO  ratis.ContainerStateMachine (ContainerStateMachine.java:loadSnapshot(226)) - group-FB7C57D9607D: The snapshot info is null. Setting the last applied indexto:(t:0, i:~)
2019-09-19 14:04:50,640 [pool-58-thread-1] INFO  server.RaftServerConfigKeys (ConfUtils.java:logGet(43)) - raft.server.leader.election.timeout = 120s (custom)
2019-09-19 14:04:50,640 [pool-58-thread-1] INFO  server.RaftServerConfigKeys (ConfUtils.java:logGet(43)) - raft.server.log.use.memory = false (default)
2019-09-19 14:04:50,640 [pool-58-thread-1] INFO  server.RaftServerConfigKeys (ConfUtils.java:logGet(43)) - raft.server.log.purge.gap = 1000000 (custom)
2019-09-19 14:04:50,640 [pool-58-thread-1] INFO  server.RaftServerConfigKeys (ConfUtils.java:logGet(43)) - raft.server.log.appender.buffer.byte-limit = 33554432 (custom)
2019-09-19 14:04:50,640 [pool-58-thread-1] INFO  server.RaftServerConfigKeys (ConfUtils.java:logGet(43)) - raft.server.log.segment.size.max = 1048576 (custom)
2019-09-19 14:04:50,640 [pool-58-thread-1] INFO  server.RaftServerConfigKeys (ConfUtils.java:logGet(43)) - raft.server.log.segment.cache.num.max = 2 (custom)
2019-09-19 14:04:50,640 [pool-58-thread-1] INFO  segmented.SegmentedRaftLogWorker (SegmentedRaftLogWorker.java:<init>(172)) - new dcc77c7b-1d37-448d-8d57-43d254561693-SegmentedRaftLogWorker:Storage Directory /workdir/hadoop-ozone/integration-test/target/test-dir/MiniOzoneClusterImpl-3b2755de-4cfe-4b43-9e0d-73dd8eda8f75/datanode-0/data/ratis/0e171e32-4878-4fa4-a8d9-fb7c57d9607d for RaftStorage:Storage Directory /workdir/hadoop-ozone/integration-test/target/test-dir/MiniOzoneClusterImpl-3b2755de-4cfe-4b43-9e0d-73dd8eda8f75/datanode-0/data/ratis/0e171e32-4878-4fa4-a8d9-fb7c57d9607d
2019-09-19 14:04:50,640 [pool-58-thread-1] INFO  server.RaftServerConfigKeys (ConfUtils.java:logGet(43)) - raft.server.log.queue.byte-limit = 2147483647 (custom)
2019-09-19 14:04:50,640 [pool-58-thread-1] INFO  server.RaftServerConfigKeys (ConfUtils.java:logGet(43)) - raft.server.log.queue.element-limit = 1024 (custom)
2019-09-19 14:04:50,641 [pool-58-thread-1] INFO  server.RaftServerConfigKeys (ConfUtils.java:logGet(43)) - raft.server.log.segment.size.max = 1048576 (custom)
2019-09-19 14:04:50,641 [pool-58-thread-1] INFO  server.RaftServerConfigKeys (ConfUtils.java:logGet(43)) - raft.server.log.preallocated.size = 16384 (custom)
2019-09-19 14:04:50,641 [pool-58-thread-1] INFO  server.RaftServerConfigKeys (ConfUtils.java:logGet(43)) - raft.server.log.write.buffer.size = 33554432 (custom)
2019-09-19 14:04:50,641 [pool-58-thread-1] INFO  server.RaftServerConfigKeys (ConfUtils.java:logGet(43)) - raft.server.log.force.sync.num = 128 (default)
2019-09-19 14:04:50,641 [pool-58-thread-1] INFO  server.RaftServerConfigKeys (ConfUtils.java:logGet(43)) - raft.server.log.statemachine.data.sync = true (default)
2019-09-19 14:04:50,641 [pool-58-thread-1] INFO  server.RaftServerConfigKeys (ConfUtils.java:logGet(43)) - raft.server.log.statemachine.data.sync.timeout = 10s (default)
2019-09-19 14:04:50,641 [pool-58-thread-1] INFO  server.RaftServerConfigKeys (ConfUtils.java:logGet(43)) - raft.server.log.statemachine.data.sync.timeout.retry = -1 (default)
2019-09-19 14:04:50,641 [pool-58-thread-1] INFO  server.RaftServerConfigKeys (ConfUtils.java:logGet(43)) - raft.server.log.statemachine.data.caching.enabled = true (custom)
2019-09-19 14:04:50,641 [pool-58-thread-1] INFO  segmented.SegmentedRaftLogWorker (SegmentedRaftLogWorker.java:lambda$new$0(132)) - dcc77c7b-1d37-448d-8d57-43d254561693-SegmentedRaftLogWorker:Storage Directory /workdir/hadoop-ozone/integration-test/target/test-dir/MiniOzoneClusterImpl-3b2755de-4cfe-4b43-9e0d-73dd8eda8f75/datanode-0/data/ratis/0e171e32-4878-4fa4-a8d9-fb7c57d9607d: flushIndex: setUnconditionally 0 -> -1
2019-09-19 14:04:50,642 [pool-58-thread-1] INFO  server.RaftServerConfigKeys (ConfUtils.java:logGet(43)) - raft.server.snapshot.auto.trigger.enabled = true (custom)
2019-09-19 14:04:50,642 [pool-58-thread-1] INFO  server.RaftServerConfigKeys (ConfUtils.java:logGet(43)) - raft.server.snapshot.auto.trigger.threshold = 1 (custom)
2019-09-19 14:04:50,642 [pool-58-thread-1] INFO  server.RaftServerConfigKeys (ConfUtils.java:logGet(43)) - raft.server.retrycache.expirytime = 600000ms (custom)
2019-09-19 14:04:50,642 [pool-58-thread-1] INFO  impl.RaftServerImpl (RaftServerImpl.java:start(180)) - dcc77c7b-1d37-448d-8d57-43d254561693: start group-FB7C57D9607D
2019-09-19 14:04:50,642 [pool-58-thread-1] INFO  impl.RaftServerImpl (RaftServerImpl.java:setRole(171)) - dcc77c7b-1d37-448d-8d57-43d254561693:group-FB7C57D9607D changes role from null to FOLLOWER at term 0 for startAsFollower
2019-09-19 14:04:50,642 [pool-58-thread-1] INFO  impl.RoleInfo (RoleInfo.java:updateAndGet(143)) - dcc77c7b-1d37-448d-8d57-43d254561693: start FollowerState
2019-09-19 14:04:50,642 [pool-58-thread-1] INFO  util.JmxRegister (JmxRegister.java:tryRegister(44)) - Successfully registered JMX Bean with object name Ratis:service=RaftServer,group=group-FB7C57D9607D,id=dcc77c7b-1d37-448d-8d57-43d254561693
2019-09-19 14:04:50,643 [RatisPipelineUtilsThread] INFO  pipeline.PipelineStateManager (PipelineStateManager.java:addPipeline(56)) - Created pipeline Pipeline[ Id: 0e171e32-4878-4fa4-a8d9-fb7c57d9607d, Nodes: dcc77c7b-1d37-448d-8d57-43d254561693{ip: 192.168.157.226, host: pr-hdds-1569-swxfz-3172132826, networkLocation: /default-rack, certSerialId: null}, Type:RATIS, Factor:ONE, State:OPEN]
2019-09-19 14:04:50,645 [grpc-default-executor-1] INFO  impl.RaftServerProxy (RaftServerProxy.java:addNew(89)) - dcc77c7b-1d37-448d-8d57-43d254561693: addNew group-07E00FEA8C55:[dcc77c7b-1d37-448d-8d57-43d254561693:192.168.157.226:34527] returns group-07E00FEA8C55:java.util.concurrent.CompletableFuture@11457db2[Not completed]
2019-09-19 14:04:50,646 [pool-58-thread-1] INFO  impl.RaftServerImpl (RaftServerImpl.java:<init>(93)) - dcc77c7b-1d37-448d-8d57-43d254561693: new RaftServerImpl for group-07E00FEA8C55:[dcc77c7b-1d37-448d-8d57-43d254561693:192.168.157.226:34527] with ContainerStateMachine:uninitialized
2019-09-19 14:04:50,646 [pool-58-thread-1] INFO  server.RaftServerConfigKeys (ConfUtils.java:logGet(43)) - raft.server.rpc.timeout.min = 5s (custom)
2019-09-19 14:04:50,646 [pool-58-thread-1] INFO  server.RaftServerConfigKeys (ConfUtils.java:logGet(43)) - raft.server.rpc.timeout.max = 5200ms (custom)
2019-09-19 14:04:50,646 [pool-58-thread-1] INFO  server.RaftServerConfigKeys (ConfUtils.java:logGet(43)) - raft.server.rpcslowness.timeout = 120s (custom)
2019-09-19 14:04:50,646 [pool-58-thread-1] INFO  server.RaftServerConfigKeys (ConfUtils.java:logGet(43)) - raft.server.sleep.deviation.threshold = 300 (default)
2019-09-19 14:04:50,647 [pool-58-thread-1] INFO  server.RaftServerConfigKeys (ConfUtils.java:logGet(43)) - raft.server.log.appender.install.snapshot.enabled = false (custom)
2019-09-19 14:04:50,647 [pool-58-thread-1] INFO  impl.RaftServerImpl (ServerState.java:<init>(105)) - dcc77c7b-1d37-448d-8d57-43d254561693:group-07E00FEA8C55 ConfigurationManager, init=-1: [dcc77c7b-1d37-448d-8d57-43d254561693:192.168.157.226:34527], old=null, confs=<EMPTY_MAP>
2019-09-19 14:04:50,647 [pool-58-thread-1] INFO  server.RaftServerConfigKeys (ConfUtils.java:logGet(43)) - raft.server.storage.dir = [/workdir/hadoop-ozone/integration-test/target/test-dir/MiniOzoneClusterImpl-3b2755de-4cfe-4b43-9e0d-73dd8eda8f75/datanode-0/data/ratis] (custom)
2019-09-19 14:04:50,647 [pool-58-thread-1] INFO  storage.RaftStorageDirectory (RaftStorageDirectory.java:analyzeStorage(246)) - The storage directory /workdir/hadoop-ozone/integration-test/target/test-dir/MiniOzoneClusterImpl-3b2755de-4cfe-4b43-9e0d-73dd8eda8f75/datanode-0/data/ratis/fc8f426b-2bac-4802-a182-07e00fea8c55 does not exist. Creating ...
2019-09-19 14:04:50,669 [pool-58-thread-1] INFO  storage.RaftStorageDirectory (RaftStorageDirectory.java:tryLock(328)) - Lock on /workdir/hadoop-ozone/integration-test/target/test-dir/MiniOzoneClusterImpl-3b2755de-4cfe-4b43-9e0d-73dd8eda8f75/datanode-0/data/ratis/fc8f426b-2bac-4802-a182-07e00fea8c55/in_use.lock acquired by nodename 30982@pr-hdds-1569-swxfz-3172132826
2019-09-19 14:04:50,682 [pool-58-thread-1] INFO  storage.RaftStorage (RaftStorage.java:format(72)) - Storage directory /workdir/hadoop-ozone/integration-test/target/test-dir/MiniOzoneClusterImpl-3b2755de-4cfe-4b43-9e0d-73dd8eda8f75/datanode-0/data/ratis/fc8f426b-2bac-4802-a182-07e00fea8c55 has been successfully formatted.
2019-09-19 14:04:50,682 [pool-58-thread-1] INFO  ratis.ContainerStateMachine (ContainerStateMachine.java:loadSnapshot(226)) - group-07E00FEA8C55: The snapshot info is null. Setting the last applied indexto:(t:0, i:~)
2019-09-19 14:04:50,682 [pool-58-thread-1] INFO  server.RaftServerConfigKeys (ConfUtils.java:logGet(43)) - raft.server.leader.election.timeout = 120s (custom)
2019-09-19 14:04:50,682 [pool-58-thread-1] INFO  server.RaftServerConfigKeys (ConfUtils.java:logGet(43)) - raft.server.log.use.memory = false (default)
2019-09-19 14:04:50,682 [pool-58-thread-1] INFO  server.RaftServerConfigKeys (ConfUtils.java:logGet(43)) - raft.server.log.purge.gap = 1000000 (custom)
2019-09-19 14:04:50,682 [pool-58-thread-1] INFO  server.RaftServerConfigKeys (ConfUtils.java:logGet(43)) - raft.server.log.appender.buffer.byte-limit = 33554432 (custom)
2019-09-19 14:04:50,683 [pool-58-thread-1] INFO  server.RaftServerConfigKeys (ConfUtils.java:logGet(43)) - raft.server.log.segment.size.max = 1048576 (custom)
2019-09-19 14:04:50,683 [pool-58-thread-1] INFO  server.RaftServerConfigKeys (ConfUtils.java:logGet(43)) - raft.server.log.segment.cache.num.max = 2 (custom)
2019-09-19 14:04:50,683 [pool-58-thread-1] INFO  segmented.SegmentedRaftLogWorker (SegmentedRaftLogWorker.java:<init>(172)) - new dcc77c7b-1d37-448d-8d57-43d254561693-SegmentedRaftLogWorker:Storage Directory /workdir/hadoop-ozone/integration-test/target/test-dir/MiniOzoneClusterImpl-3b2755de-4cfe-4b43-9e0d-73dd8eda8f75/datanode-0/data/ratis/fc8f426b-2bac-4802-a182-07e00fea8c55 for RaftStorage:Storage Directory /workdir/hadoop-ozone/integration-test/target/test-dir/MiniOzoneClusterImpl-3b2755de-4cfe-4b43-9e0d-73dd8eda8f75/datanode-0/data/ratis/fc8f426b-2bac-4802-a182-07e00fea8c55
2019-09-19 14:04:50,683 [pool-58-thread-1] INFO  server.RaftServerConfigKeys (ConfUtils.java:logGet(43)) - raft.server.log.queue.byte-limit = 2147483647 (custom)
2019-09-19 14:04:50,683 [pool-58-thread-1] INFO  server.RaftServerConfigKeys (ConfUtils.java:logGet(43)) - raft.server.log.queue.element-limit = 1024 (custom)
2019-09-19 14:04:50,683 [pool-58-thread-1] INFO  server.RaftServerConfigKeys (ConfUtils.java:logGet(43)) - raft.server.log.segment.size.max = 1048576 (custom)
2019-09-19 14:04:50,683 [pool-58-thread-1] INFO  server.RaftServerConfigKeys (ConfUtils.java:logGet(43)) - raft.server.log.preallocated.size = 16384 (custom)
2019-09-19 14:04:50,684 [pool-58-thread-1] INFO  server.RaftServerConfigKeys (ConfUtils.java:logGet(43)) - raft.server.log.write.buffer.size = 33554432 (custom)
2019-09-19 14:04:50,684 [pool-58-thread-1] INFO  server.RaftServerConfigKeys (ConfUtils.java:logGet(43)) - raft.server.log.force.sync.num = 128 (default)
2019-09-19 14:04:50,684 [pool-58-thread-1] INFO  server.RaftServerConfigKeys (ConfUtils.java:logGet(43)) - raft.server.log.statemachine.data.sync = true (default)
2019-09-19 14:04:50,684 [pool-58-thread-1] INFO  server.RaftServerConfigKeys (ConfUtils.java:logGet(43)) - raft.server.log.statemachine.data.sync.timeout = 10s (default)
2019-09-19 14:04:50,684 [pool-58-thread-1] INFO  server.RaftServerConfigKeys (ConfUtils.java:logGet(43)) - raft.server.log.statemachine.data.sync.timeout.retry = -1 (default)
2019-09-19 14:04:50,684 [pool-58-thread-1] INFO  server.RaftServerConfigKeys (ConfUtils.java:logGet(43)) - raft.server.log.statemachine.data.caching.enabled = true (custom)
2019-09-19 14:04:50,684 [pool-58-thread-1] INFO  segmented.SegmentedRaftLogWorker (SegmentedRaftLogWorker.java:lambda$new$0(132)) - dcc77c7b-1d37-448d-8d57-43d254561693-SegmentedRaftLogWorker:Storage Directory /workdir/hadoop-ozone/integration-test/target/test-dir/MiniOzoneClusterImpl-3b2755de-4cfe-4b43-9e0d-73dd8eda8f75/datanode-0/data/ratis/fc8f426b-2bac-4802-a182-07e00fea8c55: flushIndex: setUnconditionally 0 -> -1
2019-09-19 14:04:50,685 [pool-58-thread-1] INFO  server.RaftServerConfigKeys (ConfUtils.java:logGet(43)) - raft.server.snapshot.auto.trigger.enabled = true (custom)
2019-09-19 14:04:50,685 [pool-58-thread-1] INFO  server.RaftServerConfigKeys (ConfUtils.java:logGet(43)) - raft.server.snapshot.auto.trigger.threshold = 1 (custom)
2019-09-19 14:04:50,685 [pool-58-thread-1] INFO  server.RaftServerConfigKeys (ConfUtils.java:logGet(43)) - raft.server.retrycache.expirytime = 600000ms (custom)
2019-09-19 14:04:50,685 [pool-58-thread-1] INFO  impl.RaftServerImpl (RaftServerImpl.java:start(180)) - dcc77c7b-1d37-448d-8d57-43d254561693: start group-07E00FEA8C55
2019-09-19 14:04:50,685 [pool-58-thread-1] INFO  impl.RaftServerImpl (RaftServerImpl.java:setRole(171)) - dcc77c7b-1d37-448d-8d57-43d254561693:group-07E00FEA8C55 changes role from null to FOLLOWER at term 0 for startAsFollower
2019-09-19 14:04:50,685 [pool-58-thread-1] INFO  impl.RoleInfo (RoleInfo.java:updateAndGet(143)) - dcc77c7b-1d37-448d-8d57-43d254561693: start FollowerState
2019-09-19 14:04:50,686 [pool-58-thread-1] INFO  util.JmxRegister (JmxRegister.java:tryRegister(44)) - Successfully registered JMX Bean with object name Ratis:service=RaftServer,group=group-07E00FEA8C55,id=dcc77c7b-1d37-448d-8d57-43d254561693
2019-09-19 14:04:50,687 [RatisPipelineUtilsThread] INFO  pipeline.PipelineStateManager (PipelineStateManager.java:addPipeline(56)) - Created pipeline Pipeline[ Id: fc8f426b-2bac-4802-a182-07e00fea8c55, Nodes: dcc77c7b-1d37-448d-8d57-43d254561693{ip: 192.168.157.226, host: pr-hdds-1569-swxfz-3172132826, networkLocation: /default-rack, certSerialId: null}, Type:RATIS, Factor:ONE, State:OPEN]
2019-09-19 14:04:50,690 [grpc-default-executor-1] INFO  impl.RaftServerProxy (RaftServerProxy.java:addNew(89)) - dcc77c7b-1d37-448d-8d57-43d254561693: addNew group-EC9A652F867E:[dcc77c7b-1d37-448d-8d57-43d254561693:192.168.157.226:34527] returns group-EC9A652F867E:java.util.concurrent.CompletableFuture@8d144e9[Not completed]
2019-09-19 14:04:50,691 [pool-58-thread-1] INFO  impl.RaftServerImpl (RaftServerImpl.java:<init>(93)) - dcc77c7b-1d37-448d-8d57-43d254561693: new RaftServerImpl for group-EC9A652F867E:[dcc77c7b-1d37-448d-8d57-43d254561693:192.168.157.226:34527] with ContainerStateMachine:uninitialized
2019-09-19 14:04:50,691 [pool-58-thread-1] INFO  server.RaftServerConfigKeys (ConfUtils.java:logGet(43)) - raft.server.rpc.timeout.min = 5s (custom)
2019-09-19 14:04:50,691 [pool-58-thread-1] INFO  server.RaftServerConfigKeys (ConfUtils.java:logGet(43)) - raft.server.rpc.timeout.max = 5200ms (custom)
2019-09-19 14:04:50,691 [pool-58-thread-1] INFO  server.RaftServerConfigKeys (ConfUtils.java:logGet(43)) - raft.server.rpcslowness.timeout = 120s (custom)
2019-09-19 14:04:50,691 [pool-58-thread-1] INFO  server.RaftServerConfigKeys (ConfUtils.java:logGet(43)) - raft.server.sleep.deviation.threshold = 300 (default)
2019-09-19 14:04:50,691 [pool-58-thread-1] INFO  server.RaftServerConfigKeys (ConfUtils.java:logGet(43)) - raft.server.log.appender.install.snapshot.enabled = false (custom)
2019-09-19 14:04:50,691 [pool-58-thread-1] INFO  impl.RaftServerImpl (ServerState.java:<init>(105)) - dcc77c7b-1d37-448d-8d57-43d254561693:group-EC9A652F867E ConfigurationManager, init=-1: [dcc77c7b-1d37-448d-8d57-43d254561693:192.168.157.226:34527], old=null, confs=<EMPTY_MAP>
2019-09-19 14:04:50,691 [pool-58-thread-1] INFO  server.RaftServerConfigKeys (ConfUtils.java:logGet(43)) - raft.server.storage.dir = [/workdir/hadoop-ozone/integration-test/target/test-dir/MiniOzoneClusterImpl-3b2755de-4cfe-4b43-9e0d-73dd8eda8f75/datanode-0/data/ratis] (custom)
2019-09-19 14:04:50,692 [pool-58-thread-1] INFO  storage.RaftStorageDirectory (RaftStorageDirectory.java:analyzeStorage(246)) - The storage directory /workdir/hadoop-ozone/integration-test/target/test-dir/MiniOzoneClusterImpl-3b2755de-4cfe-4b43-9e0d-73dd8eda8f75/datanode-0/data/ratis/bb58adb0-6f5d-4fa8-8aea-ec9a652f867e does not exist. Creating ...
2019-09-19 14:04:50,705 [pool-58-thread-1] INFO  storage.RaftStorageDirectory (RaftStorageDirectory.java:tryLock(328)) - Lock on /workdir/hadoop-ozone/integration-test/target/test-dir/MiniOzoneClusterImpl-3b2755de-4cfe-4b43-9e0d-73dd8eda8f75/datanode-0/data/ratis/bb58adb0-6f5d-4fa8-8aea-ec9a652f867e/in_use.lock acquired by nodename 30982@pr-hdds-1569-swxfz-3172132826
2019-09-19 14:04:50,718 [pool-58-thread-1] INFO  storage.RaftStorage (RaftStorage.java:format(72)) - Storage directory /workdir/hadoop-ozone/integration-test/target/test-dir/MiniOzoneClusterImpl-3b2755de-4cfe-4b43-9e0d-73dd8eda8f75/datanode-0/data/ratis/bb58adb0-6f5d-4fa8-8aea-ec9a652f867e has been successfully formatted.
2019-09-19 14:04:50,719 [pool-58-thread-1] INFO  ratis.ContainerStateMachine (ContainerStateMachine.java:loadSnapshot(226)) - group-EC9A652F867E: The snapshot info is null. Setting the last applied indexto:(t:0, i:~)
2019-09-19 14:04:50,719 [pool-58-thread-1] INFO  server.RaftServerConfigKeys (ConfUtils.java:logGet(43)) - raft.server.leader.election.timeout = 120s (custom)
2019-09-19 14:04:50,719 [pool-58-thread-1] INFO  server.RaftServerConfigKeys (ConfUtils.java:logGet(43)) - raft.server.log.use.memory = false (default)
2019-09-19 14:04:50,719 [pool-58-thread-1] INFO  server.RaftServerConfigKeys (ConfUtils.java:logGet(43)) - raft.server.log.purge.gap = 1000000 (custom)
2019-09-19 14:04:50,719 [pool-58-thread-1] INFO  server.RaftServerConfigKeys (ConfUtils.java:logGet(43)) - raft.server.log.appender.buffer.byte-limit = 33554432 (custom)
2019-09-19 14:04:50,719 [pool-58-thread-1] INFO  server.RaftServerConfigKeys (ConfUtils.java:logGet(43)) - raft.server.log.segment.size.max = 1048576 (custom)
2019-09-19 14:04:50,719 [pool-58-thread-1] INFO  server.RaftServerConfigKeys (ConfUtils.java:logGet(43)) - raft.server.log.segment.cache.num.max = 2 (custom)
2019-09-19 14:04:50,720 [pool-58-thread-1] INFO  segmented.SegmentedRaftLogWorker (SegmentedRaftLogWorker.java:<init>(172)) - new dcc77c7b-1d37-448d-8d57-43d254561693-SegmentedRaftLogWorker:Storage Directory /workdir/hadoop-ozone/integration-test/target/test-dir/MiniOzoneClusterImpl-3b2755de-4cfe-4b43-9e0d-73dd8eda8f75/datanode-0/data/ratis/bb58adb0-6f5d-4fa8-8aea-ec9a652f867e for RaftStorage:Storage Directory /workdir/hadoop-ozone/integration-test/target/test-dir/MiniOzoneClusterImpl-3b2755de-4cfe-4b43-9e0d-73dd8eda8f75/datanode-0/data/ratis/bb58adb0-6f5d-4fa8-8aea-ec9a652f867e
2019-09-19 14:04:50,720 [pool-58-thread-1] INFO  server.RaftServerConfigKeys (ConfUtils.java:logGet(43)) - raft.server.log.queue.byte-limit = 2147483647 (custom)
2019-09-19 14:04:50,720 [pool-58-thread-1] INFO  server.RaftServerConfigKeys (ConfUtils.java:logGet(43)) - raft.server.log.queue.element-limit = 1024 (custom)
2019-09-19 14:04:50,720 [pool-58-thread-1] INFO  server.RaftServerConfigKeys (ConfUtils.java:logGet(43)) - raft.server.log.segment.size.max = 1048576 (custom)
2019-09-19 14:04:50,720 [pool-58-thread-1] INFO  server.RaftServerConfigKeys (ConfUtils.java:logGet(43)) - raft.server.log.preallocated.size = 16384 (custom)
2019-09-19 14:04:50,720 [pool-58-thread-1] INFO  server.RaftServerConfigKeys (ConfUtils.java:logGet(43)) - raft.server.log.write.buffer.size = 33554432 (custom)
2019-09-19 14:04:50,720 [pool-58-thread-1] INFO  server.RaftServerConfigKeys (ConfUtils.java:logGet(43)) - raft.server.log.force.sync.num = 128 (default)
2019-09-19 14:04:50,720 [pool-58-thread-1] INFO  server.RaftServerConfigKeys (ConfUtils.java:logGet(43)) - raft.server.log.statemachine.data.sync = true (default)
2019-09-19 14:04:50,721 [pool-58-thread-1] INFO  server.RaftServerConfigKeys (ConfUtils.java:logGet(43)) - raft.server.log.statemachine.data.sync.timeout = 10s (default)
2019-09-19 14:04:50,721 [pool-58-thread-1] INFO  server.RaftServerConfigKeys (ConfUtils.java:logGet(43)) - raft.server.log.statemachine.data.sync.timeout.retry = -1 (default)
2019-09-19 14:04:50,721 [pool-58-thread-1] INFO  server.RaftServerConfigKeys (ConfUtils.java:logGet(43)) - raft.server.log.statemachine.data.caching.enabled = true (custom)
2019-09-19 14:04:50,721 [pool-58-thread-1] INFO  segmented.SegmentedRaftLogWorker (SegmentedRaftLogWorker.java:lambda$new$0(132)) - dcc77c7b-1d37-448d-8d57-43d254561693-SegmentedRaftLogWorker:Storage Directory /workdir/hadoop-ozone/integration-test/target/test-dir/MiniOzoneClusterImpl-3b2755de-4cfe-4b43-9e0d-73dd8eda8f75/datanode-0/data/ratis/bb58adb0-6f5d-4fa8-8aea-ec9a652f867e: flushIndex: setUnconditionally 0 -> -1
2019-09-19 14:04:50,721 [pool-58-thread-1] INFO  server.RaftServerConfigKeys (ConfUtils.java:logGet(43)) - raft.server.snapshot.auto.trigger.enabled = true (custom)
2019-09-19 14:04:50,722 [pool-58-thread-1] INFO  server.RaftServerConfigKeys (ConfUtils.java:logGet(43)) - raft.server.snapshot.auto.trigger.threshold = 1 (custom)
2019-09-19 14:04:50,722 [pool-58-thread-1] INFO  server.RaftServerConfigKeys (ConfUtils.java:logGet(43)) - raft.server.retrycache.expirytime = 600000ms (custom)
2019-09-19 14:04:50,722 [pool-58-thread-1] INFO  impl.RaftServerImpl (RaftServerImpl.java:start(180)) - dcc77c7b-1d37-448d-8d57-43d254561693: start group-EC9A652F867E
2019-09-19 14:04:50,722 [pool-58-thread-1] INFO  impl.RaftServerImpl (RaftServerImpl.java:setRole(171)) - dcc77c7b-1d37-448d-8d57-43d254561693:group-EC9A652F867E changes role from null to FOLLOWER at term 0 for startAsFollower
2019-09-19 14:04:50,722 [pool-58-thread-1] INFO  impl.RoleInfo (RoleInfo.java:updateAndGet(143)) - dcc77c7b-1d37-448d-8d57-43d254561693: start FollowerState
2019-09-19 14:04:50,722 [pool-58-thread-1] INFO  util.JmxRegister (JmxRegister.java:tryRegister(44)) - Successfully registered JMX Bean with object name Ratis:service=RaftServer,group=group-EC9A652F867E,id=dcc77c7b-1d37-448d-8d57-43d254561693
2019-09-19 14:04:50,724 [RatisPipelineUtilsThread] INFO  pipeline.PipelineStateManager (PipelineStateManager.java:addPipeline(56)) - Created pipeline Pipeline[ Id: bb58adb0-6f5d-4fa8-8aea-ec9a652f867e, Nodes: dcc77c7b-1d37-448d-8d57-43d254561693{ip: 192.168.157.226, host: pr-hdds-1569-swxfz-3172132826, networkLocation: /default-rack, certSerialId: null}, Type:RATIS, Factor:ONE, State:OPEN]
2019-09-19 14:04:50,727 [grpc-default-executor-1] INFO  impl.RaftServerProxy (RaftServerProxy.java:addNew(89)) - dcc77c7b-1d37-448d-8d57-43d254561693: addNew group-FC8AC56A4CFE:[dcc77c7b-1d37-448d-8d57-43d254561693:192.168.157.226:34527] returns group-FC8AC56A4CFE:java.util.concurrent.CompletableFuture@73b8c31e[Not completed]
2019-09-19 14:04:50,730 [pool-58-thread-1] INFO  impl.RaftServerImpl (RaftServerImpl.java:<init>(93)) - dcc77c7b-1d37-448d-8d57-43d254561693: new RaftServerImpl for group-FC8AC56A4CFE:[dcc77c7b-1d37-448d-8d57-43d254561693:192.168.157.226:34527] with ContainerStateMachine:uninitialized
2019-09-19 14:04:50,730 [pool-58-thread-1] INFO  server.RaftServerConfigKeys (ConfUtils.java:logGet(43)) - raft.server.rpc.timeout.min = 5s (custom)
2019-09-19 14:04:50,730 [pool-58-thread-1] INFO  server.RaftServerConfigKeys (ConfUtils.java:logGet(43)) - raft.server.rpc.timeout.max = 5200ms (custom)
2019-09-19 14:04:50,731 [pool-58-thread-1] INFO  server.RaftServerConfigKeys (ConfUtils.java:logGet(43)) - raft.server.rpcslowness.timeout = 120s (custom)
2019-09-19 14:04:50,731 [pool-58-thread-1] INFO  server.RaftServerConfigKeys (ConfUtils.java:logGet(43)) - raft.server.sleep.deviation.threshold = 300 (default)
2019-09-19 14:04:50,731 [pool-58-thread-1] INFO  server.RaftServerConfigKeys (ConfUtils.java:logGet(43)) - raft.server.log.appender.install.snapshot.enabled = false (custom)
2019-09-19 14:04:50,731 [pool-58-thread-1] INFO  impl.RaftServerImpl (ServerState.java:<init>(105)) - dcc77c7b-1d37-448d-8d57-43d254561693:group-FC8AC56A4CFE ConfigurationManager, init=-1: [dcc77c7b-1d37-448d-8d57-43d254561693:192.168.157.226:34527], old=null, confs=<EMPTY_MAP>
2019-09-19 14:04:50,731 [pool-58-thread-1] INFO  server.RaftServerConfigKeys (ConfUtils.java:logGet(43)) - raft.server.storage.dir = [/workdir/hadoop-ozone/integration-test/target/test-dir/MiniOzoneClusterImpl-3b2755de-4cfe-4b43-9e0d-73dd8eda8f75/datanode-0/data/ratis] (custom)
2019-09-19 14:04:50,732 [pool-58-thread-1] INFO  storage.RaftStorageDirectory (RaftStorageDirectory.java:analyzeStorage(246)) - The storage directory /workdir/hadoop-ozone/integration-test/target/test-dir/MiniOzoneClusterImpl-3b2755de-4cfe-4b43-9e0d-73dd8eda8f75/datanode-0/data/ratis/577b7aa0-f3a6-4144-bbc3-fc8ac56a4cfe does not exist. Creating ...
2019-09-19 14:04:50,744 [pool-58-thread-1] INFO  storage.RaftStorageDirectory (RaftStorageDirectory.java:tryLock(328)) - Lock on /workdir/hadoop-ozone/integration-test/target/test-dir/MiniOzoneClusterImpl-3b2755de-4cfe-4b43-9e0d-73dd8eda8f75/datanode-0/data/ratis/577b7aa0-f3a6-4144-bbc3-fc8ac56a4cfe/in_use.lock acquired by nodename 30982@pr-hdds-1569-swxfz-3172132826
2019-09-19 14:04:50,757 [pool-58-thread-1] INFO  storage.RaftStorage (RaftStorage.java:format(72)) - Storage directory /workdir/hadoop-ozone/integration-test/target/test-dir/MiniOzoneClusterImpl-3b2755de-4cfe-4b43-9e0d-73dd8eda8f75/datanode-0/data/ratis/577b7aa0-f3a6-4144-bbc3-fc8ac56a4cfe has been successfully formatted.
2019-09-19 14:04:50,757 [pool-58-thread-1] INFO  ratis.ContainerStateMachine (ContainerStateMachine.java:loadSnapshot(226)) - group-FC8AC56A4CFE: The snapshot info is null. Setting the last applied indexto:(t:0, i:~)
2019-09-19 14:04:50,757 [pool-58-thread-1] INFO  server.RaftServerConfigKeys (ConfUtils.java:logGet(43)) - raft.server.leader.election.timeout = 120s (custom)
2019-09-19 14:04:50,757 [pool-58-thread-1] INFO  server.RaftServerConfigKeys (ConfUtils.java:logGet(43)) - raft.server.log.use.memory = false (default)
2019-09-19 14:04:50,758 [pool-58-thread-1] INFO  server.RaftServerConfigKeys (ConfUtils.java:logGet(43)) - raft.server.log.purge.gap = 1000000 (custom)
2019-09-19 14:04:50,758 [pool-58-thread-1] INFO  server.RaftServerConfigKeys (ConfUtils.java:logGet(43)) - raft.server.log.appender.buffer.byte-limit = 33554432 (custom)
2019-09-19 14:04:50,758 [pool-58-thread-1] INFO  server.RaftServerConfigKeys (ConfUtils.java:logGet(43)) - raft.server.log.segment.size.max = 1048576 (custom)
2019-09-19 14:04:50,758 [pool-58-thread-1] INFO  server.RaftServerConfigKeys (ConfUtils.java:logGet(43)) - raft.server.log.segment.cache.num.max = 2 (custom)
2019-09-19 14:04:50,758 [pool-58-thread-1] INFO  segmented.SegmentedRaftLogWorker (SegmentedRaftLogWorker.java:<init>(172)) - new dcc77c7b-1d37-448d-8d57-43d254561693-SegmentedRaftLogWorker:Storage Directory /workdir/hadoop-ozone/integration-test/target/test-dir/MiniOzoneClusterImpl-3b2755de-4cfe-4b43-9e0d-73dd8eda8f75/datanode-0/data/ratis/577b7aa0-f3a6-4144-bbc3-fc8ac56a4cfe for RaftStorage:Storage Directory /workdir/hadoop-ozone/integration-test/target/test-dir/MiniOzoneClusterImpl-3b2755de-4cfe-4b43-9e0d-73dd8eda8f75/datanode-0/data/ratis/577b7aa0-f3a6-4144-bbc3-fc8ac56a4cfe
2019-09-19 14:04:50,758 [pool-58-thread-1] INFO  server.RaftServerConfigKeys (ConfUtils.java:logGet(43)) - raft.server.log.queue.byte-limit = 2147483647 (custom)
2019-09-19 14:04:50,758 [pool-58-thread-1] INFO  server.RaftServerConfigKeys (ConfUtils.java:logGet(43)) - raft.server.log.queue.element-limit = 1024 (custom)
2019-09-19 14:04:50,759 [pool-58-thread-1] INFO  server.RaftServerConfigKeys (ConfUtils.java:logGet(43)) - raft.server.log.segment.size.max = 1048576 (custom)
2019-09-19 14:04:50,759 [pool-58-thread-1] INFO  server.RaftServerConfigKeys (ConfUtils.java:logGet(43)) - raft.server.log.preallocated.size = 16384 (custom)
2019-09-19 14:04:50,759 [pool-58-thread-1] INFO  server.RaftServerConfigKeys (ConfUtils.java:logGet(43)) - raft.server.log.write.buffer.size = 33554432 (custom)
2019-09-19 14:04:50,759 [pool-58-thread-1] INFO  server.RaftServerConfigKeys (ConfUtils.java:logGet(43)) - raft.server.log.force.sync.num = 128 (default)
2019-09-19 14:04:50,759 [pool-58-thread-1] INFO  server.RaftServerConfigKeys (ConfUtils.java:logGet(43)) - raft.server.log.statemachine.data.sync = true (default)
2019-09-19 14:04:50,759 [pool-58-thread-1] INFO  server.RaftServerConfigKeys (ConfUtils.java:logGet(43)) - raft.server.log.statemachine.data.sync.timeout = 10s (default)
2019-09-19 14:04:50,759 [pool-58-thread-1] INFO  server.RaftServerConfigKeys (ConfUtils.java:logGet(43)) - raft.server.log.statemachine.data.sync.timeout.retry = -1 (default)
2019-09-19 14:04:50,759 [pool-58-thread-1] INFO  server.RaftServerConfigKeys (ConfUtils.java:logGet(43)) - raft.server.log.statemachine.data.caching.enabled = true (custom)
2019-09-19 14:04:50,760 [pool-58-thread-1] INFO  segmented.SegmentedRaftLogWorker (SegmentedRaftLogWorker.java:lambda$new$0(132)) - dcc77c7b-1d37-448d-8d57-43d254561693-SegmentedRaftLogWorker:Storage Directory /workdir/hadoop-ozone/integration-test/target/test-dir/MiniOzoneClusterImpl-3b2755de-4cfe-4b43-9e0d-73dd8eda8f75/datanode-0/data/ratis/577b7aa0-f3a6-4144-bbc3-fc8ac56a4cfe: flushIndex: setUnconditionally 0 -> -1
2019-09-19 14:04:50,760 [pool-58-thread-1] INFO  server.RaftServerConfigKeys (ConfUtils.java:logGet(43)) - raft.server.snapshot.auto.trigger.enabled = true (custom)
2019-09-19 14:04:50,760 [pool-58-thread-1] INFO  server.RaftServerConfigKeys (ConfUtils.java:logGet(43)) - raft.server.snapshot.auto.trigger.threshold = 1 (custom)
2019-09-19 14:04:50,760 [pool-58-thread-1] INFO  server.RaftServerConfigKeys (ConfUtils.java:logGet(43)) - raft.server.retrycache.expirytime = 600000ms (custom)
2019-09-19 14:04:50,760 [pool-58-thread-1] INFO  impl.RaftServerImpl (RaftServerImpl.java:start(180)) - dcc77c7b-1d37-448d-8d57-43d254561693: start group-FC8AC56A4CFE
2019-09-19 14:04:50,760 [pool-58-thread-1] INFO  impl.RaftServerImpl (RaftServerImpl.java:setRole(171)) - dcc77c7b-1d37-448d-8d57-43d254561693:group-FC8AC56A4CFE changes role from null to FOLLOWER at term 0 for startAsFollower
2019-09-19 14:04:50,761 [pool-58-thread-1] INFO  impl.RoleInfo (RoleInfo.java:updateAndGet(143)) - dcc77c7b-1d37-448d-8d57-43d254561693: start FollowerState
2019-09-19 14:04:50,761 [pool-58-thread-1] INFO  util.JmxRegister (JmxRegister.java:tryRegister(44)) - Successfully registered JMX Bean with object name Ratis:service=RaftServer,group=group-FC8AC56A4CFE,id=dcc77c7b-1d37-448d-8d57-43d254561693
2019-09-19 14:04:50,762 [RatisPipelineUtilsThread] INFO  pipeline.PipelineStateManager (PipelineStateManager.java:addPipeline(56)) - Created pipeline Pipeline[ Id: 577b7aa0-f3a6-4144-bbc3-fc8ac56a4cfe, Nodes: dcc77c7b-1d37-448d-8d57-43d254561693{ip: 192.168.157.226, host: pr-hdds-1569-swxfz-3172132826, networkLocation: /default-rack, certSerialId: null}, Type:RATIS, Factor:ONE, State:OPEN]
2019-09-19 14:04:50,766 [grpc-default-executor-1] INFO  impl.RaftServerProxy (RaftServerProxy.java:addNew(89)) - dcc77c7b-1d37-448d-8d57-43d254561693: addNew group-ED4FE5DA218F:[dcc77c7b-1d37-448d-8d57-43d254561693:192.168.157.226:34527] returns group-ED4FE5DA218F:java.util.concurrent.CompletableFuture@6e4213bb[Not completed]
2019-09-19 14:04:50,767 [pool-58-thread-1] INFO  impl.RaftServerImpl (RaftServerImpl.java:<init>(93)) - dcc77c7b-1d37-448d-8d57-43d254561693: new RaftServerImpl for group-ED4FE5DA218F:[dcc77c7b-1d37-448d-8d57-43d254561693:192.168.157.226:34527] with ContainerStateMachine:uninitialized
2019-09-19 14:04:50,767 [pool-58-thread-1] INFO  server.RaftServerConfigKeys (ConfUtils.java:logGet(43)) - raft.server.rpc.timeout.min = 5s (custom)
2019-09-19 14:04:50,767 [pool-58-thread-1] INFO  server.RaftServerConfigKeys (ConfUtils.java:logGet(43)) - raft.server.rpc.timeout.max = 5200ms (custom)
2019-09-19 14:04:50,767 [pool-58-thread-1] INFO  server.RaftServerConfigKeys (ConfUtils.java:logGet(43)) - raft.server.rpcslowness.timeout = 120s (custom)
2019-09-19 14:04:50,767 [pool-58-thread-1] INFO  server.RaftServerConfigKeys (ConfUtils.java:logGet(43)) - raft.server.sleep.deviation.threshold = 300 (default)
2019-09-19 14:04:50,767 [pool-58-thread-1] INFO  server.RaftServerConfigKeys (ConfUtils.java:logGet(43)) - raft.server.log.appender.install.snapshot.enabled = false (custom)
2019-09-19 14:04:50,767 [pool-58-thread-1] INFO  impl.RaftServerImpl (ServerState.java:<init>(105)) - dcc77c7b-1d37-448d-8d57-43d254561693:group-ED4FE5DA218F ConfigurationManager, init=-1: [dcc77c7b-1d37-448d-8d57-43d254561693:192.168.157.226:34527], old=null, confs=<EMPTY_MAP>
2019-09-19 14:04:50,767 [pool-58-thread-1] INFO  server.RaftServerConfigKeys (ConfUtils.java:logGet(43)) - raft.server.storage.dir = [/workdir/hadoop-ozone/integration-test/target/test-dir/MiniOzoneClusterImpl-3b2755de-4cfe-4b43-9e0d-73dd8eda8f75/datanode-0/data/ratis] (custom)
2019-09-19 14:04:50,768 [pool-58-thread-1] INFO  storage.RaftStorageDirectory (RaftStorageDirectory.java:analyzeStorage(246)) - The storage directory /workdir/hadoop-ozone/integration-test/target/test-dir/MiniOzoneClusterImpl-3b2755de-4cfe-4b43-9e0d-73dd8eda8f75/datanode-0/data/ratis/8690c3ee-d9cf-4d86-bb05-ed4fe5da218f does not exist. Creating ...
2019-09-19 14:04:50,780 [pool-58-thread-1] INFO  storage.RaftStorageDirectory (RaftStorageDirectory.java:tryLock(328)) - Lock on /workdir/hadoop-ozone/integration-test/target/test-dir/MiniOzoneClusterImpl-3b2755de-4cfe-4b43-9e0d-73dd8eda8f75/datanode-0/data/ratis/8690c3ee-d9cf-4d86-bb05-ed4fe5da218f/in_use.lock acquired by nodename 30982@pr-hdds-1569-swxfz-3172132826
2019-09-19 14:04:50,791 | INFO  | SCMAudit | user=jenkins1000 | ip=192.168.157.226 | op=SEND_HEARTBEAT {datanodeUUID=dcc77c7b-1d37-448d-8d57-43d254561693, command=[]} | ret=SUCCESS |  
2019-09-19 14:04:50,793 [pool-58-thread-1] INFO  storage.RaftStorage (RaftStorage.java:format(72)) - Storage directory /workdir/hadoop-ozone/integration-test/target/test-dir/MiniOzoneClusterImpl-3b2755de-4cfe-4b43-9e0d-73dd8eda8f75/datanode-0/data/ratis/8690c3ee-d9cf-4d86-bb05-ed4fe5da218f has been successfully formatted.
2019-09-19 14:04:50,793 [pool-58-thread-1] INFO  ratis.ContainerStateMachine (ContainerStateMachine.java:loadSnapshot(226)) - group-ED4FE5DA218F: The snapshot info is null. Setting the last applied indexto:(t:0, i:~)
2019-09-19 14:04:50,793 [pool-58-thread-1] INFO  server.RaftServerConfigKeys (ConfUtils.java:logGet(43)) - raft.server.leader.election.timeout = 120s (custom)
2019-09-19 14:04:50,793 [pool-58-thread-1] INFO  server.RaftServerConfigKeys (ConfUtils.java:logGet(43)) - raft.server.log.use.memory = false (default)
2019-09-19 14:04:50,793 [pool-58-thread-1] INFO  server.RaftServerConfigKeys (ConfUtils.java:logGet(43)) - raft.server.log.purge.gap = 1000000 (custom)
2019-09-19 14:04:50,794 [pool-58-thread-1] INFO  server.RaftServerConfigKeys (ConfUtils.java:logGet(43)) - raft.server.log.appender.buffer.byte-limit = 33554432 (custom)
2019-09-19 14:04:50,794 [pool-58-thread-1] INFO  server.RaftServerConfigKeys (ConfUtils.java:logGet(43)) - raft.server.log.segment.size.max = 1048576 (custom)
2019-09-19 14:04:50,794 [pool-58-thread-1] INFO  server.RaftServerConfigKeys (ConfUtils.java:logGet(43)) - raft.server.log.segment.cache.num.max = 2 (custom)
2019-09-19 14:04:50,794 [pool-58-thread-1] INFO  segmented.SegmentedRaftLogWorker (SegmentedRaftLogWorker.java:<init>(172)) - new dcc77c7b-1d37-448d-8d57-43d254561693-SegmentedRaftLogWorker:Storage Directory /workdir/hadoop-ozone/integration-test/target/test-dir/MiniOzoneClusterImpl-3b2755de-4cfe-4b43-9e0d-73dd8eda8f75/datanode-0/data/ratis/8690c3ee-d9cf-4d86-bb05-ed4fe5da218f for RaftStorage:Storage Directory /workdir/hadoop-ozone/integration-test/target/test-dir/MiniOzoneClusterImpl-3b2755de-4cfe-4b43-9e0d-73dd8eda8f75/datanode-0/data/ratis/8690c3ee-d9cf-4d86-bb05-ed4fe5da218f
2019-09-19 14:04:50,794 [pool-58-thread-1] INFO  server.RaftServerConfigKeys (ConfUtils.java:logGet(43)) - raft.server.log.queue.byte-limit = 2147483647 (custom)
2019-09-19 14:04:50,794 [pool-58-thread-1] INFO  server.RaftServerConfigKeys (ConfUtils.java:logGet(43)) - raft.server.log.queue.element-limit = 1024 (custom)
2019-09-19 14:04:50,794 [pool-58-thread-1] INFO  server.RaftServerConfigKeys (ConfUtils.java:logGet(43)) - raft.server.log.segment.size.max = 1048576 (custom)
2019-09-19 14:04:50,795 [pool-58-thread-1] INFO  server.RaftServerConfigKeys (ConfUtils.java:logGet(43)) - raft.server.log.preallocated.size = 16384 (custom)
2019-09-19 14:04:50,795 [pool-58-thread-1] INFO  server.RaftServerConfigKeys (ConfUtils.java:logGet(43)) - raft.server.log.write.buffer.size = 33554432 (custom)
2019-09-19 14:04:50,795 [pool-58-thread-1] INFO  server.RaftServerConfigKeys (ConfUtils.java:logGet(43)) - raft.server.log.force.sync.num = 128 (default)
2019-09-19 14:04:50,795 [pool-58-thread-1] INFO  server.RaftServerConfigKeys (ConfUtils.java:logGet(43)) - raft.server.log.statemachine.data.sync = true (default)
2019-09-19 14:04:50,795 [pool-58-thread-1] INFO  server.RaftServerConfigKeys (ConfUtils.java:logGet(43)) - raft.server.log.statemachine.data.sync.timeout = 10s (default)
2019-09-19 14:04:50,795 [pool-58-thread-1] INFO  server.RaftServerConfigKeys (ConfUtils.java:logGet(43)) - raft.server.log.statemachine.data.sync.timeout.retry = -1 (default)
2019-09-19 14:04:50,795 [pool-58-thread-1] INFO  server.RaftServerConfigKeys (ConfUtils.java:logGet(43)) - raft.server.log.statemachine.data.caching.enabled = true (custom)
2019-09-19 14:04:50,796 [pool-58-thread-1] INFO  segmented.SegmentedRaftLogWorker (SegmentedRaftLogWorker.java:lambda$new$0(132)) - dcc77c7b-1d37-448d-8d57-43d254561693-SegmentedRaftLogWorker:Storage Directory /workdir/hadoop-ozone/integration-test/target/test-dir/MiniOzoneClusterImpl-3b2755de-4cfe-4b43-9e0d-73dd8eda8f75/datanode-0/data/ratis/8690c3ee-d9cf-4d86-bb05-ed4fe5da218f: flushIndex: setUnconditionally 0 -> -1
2019-09-19 14:04:50,796 [pool-58-thread-1] INFO  server.RaftServerConfigKeys (ConfUtils.java:logGet(43)) - raft.server.snapshot.auto.trigger.enabled = true (custom)
2019-09-19 14:04:50,796 [pool-58-thread-1] INFO  server.RaftServerConfigKeys (ConfUtils.java:logGet(43)) - raft.server.snapshot.auto.trigger.threshold = 1 (custom)
2019-09-19 14:04:50,796 [pool-58-thread-1] INFO  server.RaftServerConfigKeys (ConfUtils.java:logGet(43)) - raft.server.retrycache.expirytime = 600000ms (custom)
2019-09-19 14:04:50,796 [pool-58-thread-1] INFO  impl.RaftServerImpl (RaftServerImpl.java:start(180)) - dcc77c7b-1d37-448d-8d57-43d254561693: start group-ED4FE5DA218F
2019-09-19 14:04:50,797 [pool-58-thread-1] INFO  impl.RaftServerImpl (RaftServerImpl.java:setRole(171)) - dcc77c7b-1d37-448d-8d57-43d254561693:group-ED4FE5DA218F changes role from null to FOLLOWER at term 0 for startAsFollower
2019-09-19 14:04:50,797 [pool-58-thread-1] INFO  impl.RoleInfo (RoleInfo.java:updateAndGet(143)) - dcc77c7b-1d37-448d-8d57-43d254561693: start FollowerState
2019-09-19 14:04:50,797 [pool-58-thread-1] INFO  util.JmxRegister (JmxRegister.java:tryRegister(44)) - Successfully registered JMX Bean with object name Ratis:service=RaftServer,group=group-ED4FE5DA218F,id=dcc77c7b-1d37-448d-8d57-43d254561693
2019-09-19 14:04:50,798 [RatisPipelineUtilsThread] INFO  pipeline.PipelineStateManager (PipelineStateManager.java:addPipeline(56)) - Created pipeline Pipeline[ Id: 8690c3ee-d9cf-4d86-bb05-ed4fe5da218f, Nodes: dcc77c7b-1d37-448d-8d57-43d254561693{ip: 192.168.157.226, host: pr-hdds-1569-swxfz-3172132826, networkLocation: /default-rack, certSerialId: null}, Type:RATIS, Factor:ONE, State:OPEN]
2019-09-19 14:04:50,801 [grpc-default-executor-1] INFO  impl.RaftServerProxy (RaftServerProxy.java:addNew(89)) - dcc77c7b-1d37-448d-8d57-43d254561693: addNew group-1C369C9291F7:[dcc77c7b-1d37-448d-8d57-43d254561693:192.168.157.226:34527] returns group-1C369C9291F7:java.util.concurrent.CompletableFuture@461b7d74[Not completed]
2019-09-19 14:04:50,802 [pool-58-thread-1] INFO  impl.RaftServerImpl (RaftServerImpl.java:<init>(93)) - dcc77c7b-1d37-448d-8d57-43d254561693: new RaftServerImpl for group-1C369C9291F7:[dcc77c7b-1d37-448d-8d57-43d254561693:192.168.157.226:34527] with ContainerStateMachine:uninitialized
2019-09-19 14:04:50,802 [pool-58-thread-1] INFO  server.RaftServerConfigKeys (ConfUtils.java:logGet(43)) - raft.server.rpc.timeout.min = 5s (custom)
2019-09-19 14:04:50,802 [pool-58-thread-1] INFO  server.RaftServerConfigKeys (ConfUtils.java:logGet(43)) - raft.server.rpc.timeout.max = 5200ms (custom)
2019-09-19 14:04:50,802 [pool-58-thread-1] INFO  server.RaftServerConfigKeys (ConfUtils.java:logGet(43)) - raft.server.rpcslowness.timeout = 120s (custom)
2019-09-19 14:04:50,802 [pool-58-thread-1] INFO  server.RaftServerConfigKeys (ConfUtils.java:logGet(43)) - raft.server.sleep.deviation.threshold = 300 (default)
2019-09-19 14:04:50,802 [pool-58-thread-1] INFO  server.RaftServerConfigKeys (ConfUtils.java:logGet(43)) - raft.server.log.appender.install.snapshot.enabled = false (custom)
2019-09-19 14:04:50,802 [pool-58-thread-1] INFO  impl.RaftServerImpl (ServerState.java:<init>(105)) - dcc77c7b-1d37-448d-8d57-43d254561693:group-1C369C9291F7 ConfigurationManager, init=-1: [dcc77c7b-1d37-448d-8d57-43d254561693:192.168.157.226:34527], old=null, confs=<EMPTY_MAP>
2019-09-19 14:04:50,803 [pool-58-thread-1] INFO  server.RaftServerConfigKeys (ConfUtils.java:logGet(43)) - raft.server.storage.dir = [/workdir/hadoop-ozone/integration-test/target/test-dir/MiniOzoneClusterImpl-3b2755de-4cfe-4b43-9e0d-73dd8eda8f75/datanode-0/data/ratis] (custom)
2019-09-19 14:04:50,803 [pool-58-thread-1] INFO  storage.RaftStorageDirectory (RaftStorageDirectory.java:analyzeStorage(246)) - The storage directory /workdir/hadoop-ozone/integration-test/target/test-dir/MiniOzoneClusterImpl-3b2755de-4cfe-4b43-9e0d-73dd8eda8f75/datanode-0/data/ratis/9d7df28a-497c-4916-83d4-1c369c9291f7 does not exist. Creating ...
2019-09-19 14:04:50,816 [pool-58-thread-1] INFO  storage.RaftStorageDirectory (RaftStorageDirectory.java:tryLock(328)) - Lock on /workdir/hadoop-ozone/integration-test/target/test-dir/MiniOzoneClusterImpl-3b2755de-4cfe-4b43-9e0d-73dd8eda8f75/datanode-0/data/ratis/9d7df28a-497c-4916-83d4-1c369c9291f7/in_use.lock acquired by nodename 30982@pr-hdds-1569-swxfz-3172132826
2019-09-19 14:04:50,829 [pool-58-thread-1] INFO  storage.RaftStorage (RaftStorage.java:format(72)) - Storage directory /workdir/hadoop-ozone/integration-test/target/test-dir/MiniOzoneClusterImpl-3b2755de-4cfe-4b43-9e0d-73dd8eda8f75/datanode-0/data/ratis/9d7df28a-497c-4916-83d4-1c369c9291f7 has been successfully formatted.
2019-09-19 14:04:50,830 [pool-58-thread-1] INFO  ratis.ContainerStateMachine (ContainerStateMachine.java:loadSnapshot(226)) - group-1C369C9291F7: The snapshot info is null. Setting the last applied indexto:(t:0, i:~)
2019-09-19 14:04:50,830 [pool-58-thread-1] INFO  server.RaftServerConfigKeys (ConfUtils.java:logGet(43)) - raft.server.leader.election.timeout = 120s (custom)
2019-09-19 14:04:50,830 [pool-58-thread-1] INFO  server.RaftServerConfigKeys (ConfUtils.java:logGet(43)) - raft.server.log.use.memory = false (default)
2019-09-19 14:04:50,830 [pool-58-thread-1] INFO  server.RaftServerConfigKeys (ConfUtils.java:logGet(43)) - raft.server.log.purge.gap = 1000000 (custom)
2019-09-19 14:04:50,830 [pool-58-thread-1] INFO  server.RaftServerConfigKeys (ConfUtils.java:logGet(43)) - raft.server.log.appender.buffer.byte-limit = 33554432 (custom)
2019-09-19 14:04:50,830 [pool-58-thread-1] INFO  server.RaftServerConfigKeys (ConfUtils.java:logGet(43)) - raft.server.log.segment.size.max = 1048576 (custom)
2019-09-19 14:04:50,830 [pool-58-thread-1] INFO  server.RaftServerConfigKeys (ConfUtils.java:logGet(43)) - raft.server.log.segment.cache.num.max = 2 (custom)
2019-09-19 14:04:50,831 [pool-58-thread-1] INFO  segmented.SegmentedRaftLogWorker (SegmentedRaftLogWorker.java:<init>(172)) - new dcc77c7b-1d37-448d-8d57-43d254561693-SegmentedRaftLogWorker:Storage Directory /workdir/hadoop-ozone/integration-test/target/test-dir/MiniOzoneClusterImpl-3b2755de-4cfe-4b43-9e0d-73dd8eda8f75/datanode-0/data/ratis/9d7df28a-497c-4916-83d4-1c369c9291f7 for RaftStorage:Storage Directory /workdir/hadoop-ozone/integration-test/target/test-dir/MiniOzoneClusterImpl-3b2755de-4cfe-4b43-9e0d-73dd8eda8f75/datanode-0/data/ratis/9d7df28a-497c-4916-83d4-1c369c9291f7
2019-09-19 14:04:50,831 [pool-58-thread-1] INFO  server.RaftServerConfigKeys (ConfUtils.java:logGet(43)) - raft.server.log.queue.byte-limit = 2147483647 (custom)
2019-09-19 14:04:50,831 [pool-58-thread-1] INFO  server.RaftServerConfigKeys (ConfUtils.java:logGet(43)) - raft.server.log.queue.element-limit = 1024 (custom)
2019-09-19 14:04:50,831 [pool-58-thread-1] INFO  server.RaftServerConfigKeys (ConfUtils.java:logGet(43)) - raft.server.log.segment.size.max = 1048576 (custom)
2019-09-19 14:04:50,831 [pool-58-thread-1] INFO  server.RaftServerConfigKeys (ConfUtils.java:logGet(43)) - raft.server.log.preallocated.size = 16384 (custom)
2019-09-19 14:04:50,831 [pool-58-thread-1] INFO  server.RaftServerConfigKeys (ConfUtils.java:logGet(43)) - raft.server.log.write.buffer.size = 33554432 (custom)
2019-09-19 14:04:50,831 [pool-58-thread-1] INFO  server.RaftServerConfigKeys (ConfUtils.java:logGet(43)) - raft.server.log.force.sync.num = 128 (default)
2019-09-19 14:04:50,831 [pool-58-thread-1] INFO  server.RaftServerConfigKeys (ConfUtils.java:logGet(43)) - raft.server.log.statemachine.data.sync = true (default)
2019-09-19 14:04:50,832 [pool-58-thread-1] INFO  server.RaftServerConfigKeys (ConfUtils.java:logGet(43)) - raft.server.log.statemachine.data.sync.timeout = 10s (default)
2019-09-19 14:04:50,832 [pool-58-thread-1] INFO  server.RaftServerConfigKeys (ConfUtils.java:logGet(43)) - raft.server.log.statemachine.data.sync.timeout.retry = -1 (default)
2019-09-19 14:04:50,832 [pool-58-thread-1] INFO  server.RaftServerConfigKeys (ConfUtils.java:logGet(43)) - raft.server.log.statemachine.data.caching.enabled = true (custom)
2019-09-19 14:04:50,832 [pool-58-thread-1] INFO  segmented.SegmentedRaftLogWorker (SegmentedRaftLogWorker.java:lambda$new$0(132)) - dcc77c7b-1d37-448d-8d57-43d254561693-SegmentedRaftLogWorker:Storage Directory /workdir/hadoop-ozone/integration-test/target/test-dir/MiniOzoneClusterImpl-3b2755de-4cfe-4b43-9e0d-73dd8eda8f75/datanode-0/data/ratis/9d7df28a-497c-4916-83d4-1c369c9291f7: flushIndex: setUnconditionally 0 -> -1
2019-09-19 14:04:50,832 [pool-58-thread-1] INFO  server.RaftServerConfigKeys (ConfUtils.java:logGet(43)) - raft.server.snapshot.auto.trigger.enabled = true (custom)
2019-09-19 14:04:50,833 [pool-58-thread-1] INFO  server.RaftServerConfigKeys (ConfUtils.java:logGet(43)) - raft.server.snapshot.auto.trigger.threshold = 1 (custom)
2019-09-19 14:04:50,833 [pool-58-thread-1] INFO  server.RaftServerConfigKeys (ConfUtils.java:logGet(43)) - raft.server.retrycache.expirytime = 600000ms (custom)
2019-09-19 14:04:50,833 [pool-58-thread-1] INFO  impl.RaftServerImpl (RaftServerImpl.java:start(180)) - dcc77c7b-1d37-448d-8d57-43d254561693: start group-1C369C9291F7
2019-09-19 14:04:50,833 [pool-58-thread-1] INFO  impl.RaftServerImpl (RaftServerImpl.java:setRole(171)) - dcc77c7b-1d37-448d-8d57-43d254561693:group-1C369C9291F7 changes role from null to FOLLOWER at term 0 for startAsFollower
2019-09-19 14:04:50,833 [pool-58-thread-1] INFO  impl.RoleInfo (RoleInfo.java:updateAndGet(143)) - dcc77c7b-1d37-448d-8d57-43d254561693: start FollowerState
2019-09-19 14:04:50,834 [pool-58-thread-1] INFO  util.JmxRegister (JmxRegister.java:tryRegister(44)) - Successfully registered JMX Bean with object name Ratis:service=RaftServer,group=group-1C369C9291F7,id=dcc77c7b-1d37-448d-8d57-43d254561693
2019-09-19 14:04:50,835 [RatisPipelineUtilsThread] INFO  pipeline.PipelineStateManager (PipelineStateManager.java:addPipeline(56)) - Created pipeline Pipeline[ Id: 9d7df28a-497c-4916-83d4-1c369c9291f7, Nodes: dcc77c7b-1d37-448d-8d57-43d254561693{ip: 192.168.157.226, host: pr-hdds-1569-swxfz-3172132826, networkLocation: /default-rack, certSerialId: null}, Type:RATIS, Factor:ONE, State:OPEN]
2019-09-19 14:04:50,838 [grpc-default-executor-1] INFO  impl.RaftServerProxy (RaftServerProxy.java:addNew(89)) - dcc77c7b-1d37-448d-8d57-43d254561693: addNew group-355ED91025D3:[dcc77c7b-1d37-448d-8d57-43d254561693:192.168.157.226:34527] returns group-355ED91025D3:java.util.concurrent.CompletableFuture@63f14601[Not completed]
2019-09-19 14:04:50,839 [pool-58-thread-1] INFO  impl.RaftServerImpl (RaftServerImpl.java:<init>(93)) - dcc77c7b-1d37-448d-8d57-43d254561693: new RaftServerImpl for group-355ED91025D3:[dcc77c7b-1d37-448d-8d57-43d254561693:192.168.157.226:34527] with ContainerStateMachine:uninitialized
2019-09-19 14:04:50,839 [pool-58-thread-1] INFO  server.RaftServerConfigKeys (ConfUtils.java:logGet(43)) - raft.server.rpc.timeout.min = 5s (custom)
2019-09-19 14:04:50,839 [pool-58-thread-1] INFO  server.RaftServerConfigKeys (ConfUtils.java:logGet(43)) - raft.server.rpc.timeout.max = 5200ms (custom)
2019-09-19 14:04:50,839 [pool-58-thread-1] INFO  server.RaftServerConfigKeys (ConfUtils.java:logGet(43)) - raft.server.rpcslowness.timeout = 120s (custom)
2019-09-19 14:04:50,839 [pool-58-thread-1] INFO  server.RaftServerConfigKeys (ConfUtils.java:logGet(43)) - raft.server.sleep.deviation.threshold = 300 (default)
2019-09-19 14:04:50,839 [pool-58-thread-1] INFO  server.RaftServerConfigKeys (ConfUtils.java:logGet(43)) - raft.server.log.appender.install.snapshot.enabled = false (custom)
2019-09-19 14:04:50,839 [pool-58-thread-1] INFO  impl.RaftServerImpl (ServerState.java:<init>(105)) - dcc77c7b-1d37-448d-8d57-43d254561693:group-355ED91025D3 ConfigurationManager, init=-1: [dcc77c7b-1d37-448d-8d57-43d254561693:192.168.157.226:34527], old=null, confs=<EMPTY_MAP>
2019-09-19 14:04:50,840 [pool-58-thread-1] INFO  server.RaftServerConfigKeys (ConfUtils.java:logGet(43)) - raft.server.storage.dir = [/workdir/hadoop-ozone/integration-test/target/test-dir/MiniOzoneClusterImpl-3b2755de-4cfe-4b43-9e0d-73dd8eda8f75/datanode-0/data/ratis] (custom)
2019-09-19 14:04:50,840 [pool-58-thread-1] INFO  storage.RaftStorageDirectory (RaftStorageDirectory.java:analyzeStorage(246)) - The storage directory /workdir/hadoop-ozone/integration-test/target/test-dir/MiniOzoneClusterImpl-3b2755de-4cfe-4b43-9e0d-73dd8eda8f75/datanode-0/data/ratis/7a7a7456-0dc3-4ec9-a28b-355ed91025d3 does not exist. Creating ...
2019-09-19 14:04:50,853 [pool-58-thread-1] INFO  storage.RaftStorageDirectory (RaftStorageDirectory.java:tryLock(328)) - Lock on /workdir/hadoop-ozone/integration-test/target/test-dir/MiniOzoneClusterImpl-3b2755de-4cfe-4b43-9e0d-73dd8eda8f75/datanode-0/data/ratis/7a7a7456-0dc3-4ec9-a28b-355ed91025d3/in_use.lock acquired by nodename 30982@pr-hdds-1569-swxfz-3172132826
2019-09-19 14:04:50,867 [pool-58-thread-1] INFO  storage.RaftStorage (RaftStorage.java:format(72)) - Storage directory /workdir/hadoop-ozone/integration-test/target/test-dir/MiniOzoneClusterImpl-3b2755de-4cfe-4b43-9e0d-73dd8eda8f75/datanode-0/data/ratis/7a7a7456-0dc3-4ec9-a28b-355ed91025d3 has been successfully formatted.
2019-09-19 14:04:50,867 [pool-58-thread-1] INFO  ratis.ContainerStateMachine (ContainerStateMachine.java:loadSnapshot(226)) - group-355ED91025D3: The snapshot info is null. Setting the last applied indexto:(t:0, i:~)
2019-09-19 14:04:50,867 [pool-58-thread-1] INFO  server.RaftServerConfigKeys (ConfUtils.java:logGet(43)) - raft.server.leader.election.timeout = 120s (custom)
2019-09-19 14:04:50,867 [pool-58-thread-1] INFO  server.RaftServerConfigKeys (ConfUtils.java:logGet(43)) - raft.server.log.use.memory = false (default)
2019-09-19 14:04:50,867 [pool-58-thread-1] INFO  server.RaftServerConfigKeys (ConfUtils.java:logGet(43)) - raft.server.log.purge.gap = 1000000 (custom)
2019-09-19 14:04:50,867 [pool-58-thread-1] INFO  server.RaftServerConfigKeys (ConfUtils.java:logGet(43)) - raft.server.log.appender.buffer.byte-limit = 33554432 (custom)
2019-09-19 14:04:50,868 [pool-58-thread-1] INFO  server.RaftServerConfigKeys (ConfUtils.java:logGet(43)) - raft.server.log.segment.size.max = 1048576 (custom)
2019-09-19 14:04:50,868 [pool-58-thread-1] INFO  server.RaftServerConfigKeys (ConfUtils.java:logGet(43)) - raft.server.log.segment.cache.num.max = 2 (custom)
2019-09-19 14:04:50,868 [pool-58-thread-1] INFO  segmented.SegmentedRaftLogWorker (SegmentedRaftLogWorker.java:<init>(172)) - new dcc77c7b-1d37-448d-8d57-43d254561693-SegmentedRaftLogWorker:Storage Directory /workdir/hadoop-ozone/integration-test/target/test-dir/MiniOzoneClusterImpl-3b2755de-4cfe-4b43-9e0d-73dd8eda8f75/datanode-0/data/ratis/7a7a7456-0dc3-4ec9-a28b-355ed91025d3 for RaftStorage:Storage Directory /workdir/hadoop-ozone/integration-test/target/test-dir/MiniOzoneClusterImpl-3b2755de-4cfe-4b43-9e0d-73dd8eda8f75/datanode-0/data/ratis/7a7a7456-0dc3-4ec9-a28b-355ed91025d3
2019-09-19 14:04:50,868 [pool-58-thread-1] INFO  server.RaftServerConfigKeys (ConfUtils.java:logGet(43)) - raft.server.log.queue.byte-limit = 2147483647 (custom)
2019-09-19 14:04:50,868 [pool-58-thread-1] INFO  server.RaftServerConfigKeys (ConfUtils.java:logGet(43)) - raft.server.log.queue.element-limit = 1024 (custom)
2019-09-19 14:04:50,868 [pool-58-thread-1] INFO  server.RaftServerConfigKeys (ConfUtils.java:logGet(43)) - raft.server.log.segment.size.max = 1048576 (custom)
2019-09-19 14:04:50,869 [pool-58-thread-1] INFO  server.RaftServerConfigKeys (ConfUtils.java:logGet(43)) - raft.server.log.preallocated.size = 16384 (custom)
2019-09-19 14:04:50,869 [pool-58-thread-1] INFO  server.RaftServerConfigKeys (ConfUtils.java:logGet(43)) - raft.server.log.write.buffer.size = 33554432 (custom)
2019-09-19 14:04:50,869 [pool-58-thread-1] INFO  server.RaftServerConfigKeys (ConfUtils.java:logGet(43)) - raft.server.log.force.sync.num = 128 (default)
2019-09-19 14:04:50,869 [pool-58-thread-1] INFO  server.RaftServerConfigKeys (ConfUtils.java:logGet(43)) - raft.server.log.statemachine.data.sync = true (default)
2019-09-19 14:04:50,869 [pool-58-thread-1] INFO  server.RaftServerConfigKeys (ConfUtils.java:logGet(43)) - raft.server.log.statemachine.data.sync.timeout = 10s (default)
2019-09-19 14:04:50,869 [pool-58-thread-1] INFO  server.RaftServerConfigKeys (ConfUtils.java:logGet(43)) - raft.server.log.statemachine.data.sync.timeout.retry = -1 (default)
2019-09-19 14:04:50,870 [pool-58-thread-1] INFO  server.RaftServerConfigKeys (ConfUtils.java:logGet(43)) - raft.server.log.statemachine.data.caching.enabled = true (custom)
2019-09-19 14:04:50,870 [pool-58-thread-1] INFO  segmented.SegmentedRaftLogWorker (SegmentedRaftLogWorker.java:lambda$new$0(132)) - dcc77c7b-1d37-448d-8d57-43d254561693-SegmentedRaftLogWorker:Storage Directory /workdir/hadoop-ozone/integration-test/target/test-dir/MiniOzoneClusterImpl-3b2755de-4cfe-4b43-9e0d-73dd8eda8f75/datanode-0/data/ratis/7a7a7456-0dc3-4ec9-a28b-355ed91025d3: flushIndex: setUnconditionally 0 -> -1
2019-09-19 14:04:50,870 [pool-58-thread-1] INFO  server.RaftServerConfigKeys (ConfUtils.java:logGet(43)) - raft.server.snapshot.auto.trigger.enabled = true (custom)
2019-09-19 14:04:50,870 [pool-58-thread-1] INFO  server.RaftServerConfigKeys (ConfUtils.java:logGet(43)) - raft.server.snapshot.auto.trigger.threshold = 1 (custom)
2019-09-19 14:04:50,870 [pool-58-thread-1] INFO  server.RaftServerConfigKeys (ConfUtils.java:logGet(43)) - raft.server.retrycache.expirytime = 600000ms (custom)
2019-09-19 14:04:50,870 [pool-58-thread-1] INFO  impl.RaftServerImpl (RaftServerImpl.java:start(180)) - dcc77c7b-1d37-448d-8d57-43d254561693: start group-355ED91025D3
2019-09-19 14:04:50,871 [pool-58-thread-1] INFO  impl.RaftServerImpl (RaftServerImpl.java:setRole(171)) - dcc77c7b-1d37-448d-8d57-43d254561693:group-355ED91025D3 changes role from null to FOLLOWER at term 0 for startAsFollower
2019-09-19 14:04:50,871 [pool-58-thread-1] INFO  impl.RoleInfo (RoleInfo.java:updateAndGet(143)) - dcc77c7b-1d37-448d-8d57-43d254561693: start FollowerState
2019-09-19 14:04:50,871 [pool-58-thread-1] INFO  util.JmxRegister (JmxRegister.java:tryRegister(44)) - Successfully registered JMX Bean with object name Ratis:service=RaftServer,group=group-355ED91025D3,id=dcc77c7b-1d37-448d-8d57-43d254561693
2019-09-19 14:04:50,873 [RatisPipelineUtilsThread] INFO  pipeline.PipelineStateManager (PipelineStateManager.java:addPipeline(56)) - Created pipeline Pipeline[ Id: 7a7a7456-0dc3-4ec9-a28b-355ed91025d3, Nodes: dcc77c7b-1d37-448d-8d57-43d254561693{ip: 192.168.157.226, host: pr-hdds-1569-swxfz-3172132826, networkLocation: /default-rack, certSerialId: null}, Type:RATIS, Factor:ONE, State:OPEN]
2019-09-19 14:04:50,875 [grpc-default-executor-1] INFO  impl.RaftServerProxy (RaftServerProxy.java:addNew(89)) - dcc77c7b-1d37-448d-8d57-43d254561693: addNew group-0C7ED090D72E:[dcc77c7b-1d37-448d-8d57-43d254561693:192.168.157.226:34527] returns group-0C7ED090D72E:java.util.concurrent.CompletableFuture@7a1744b1[Not completed]
2019-09-19 14:04:50,877 [pool-58-thread-1] INFO  impl.RaftServerImpl (RaftServerImpl.java:<init>(93)) - dcc77c7b-1d37-448d-8d57-43d254561693: new RaftServerImpl for group-0C7ED090D72E:[dcc77c7b-1d37-448d-8d57-43d254561693:192.168.157.226:34527] with ContainerStateMachine:uninitialized
2019-09-19 14:04:50,877 [pool-58-thread-1] INFO  server.RaftServerConfigKeys (ConfUtils.java:logGet(43)) - raft.server.rpc.timeout.min = 5s (custom)
2019-09-19 14:04:50,877 [pool-58-thread-1] INFO  server.RaftServerConfigKeys (ConfUtils.java:logGet(43)) - raft.server.rpc.timeout.max = 5200ms (custom)
2019-09-19 14:04:50,877 [pool-58-thread-1] INFO  server.RaftServerConfigKeys (ConfUtils.java:logGet(43)) - raft.server.rpcslowness.timeout = 120s (custom)
2019-09-19 14:04:50,877 [pool-58-thread-1] INFO  server.RaftServerConfigKeys (ConfUtils.java:logGet(43)) - raft.server.sleep.deviation.threshold = 300 (default)
2019-09-19 14:04:50,877 [pool-58-thread-1] INFO  server.RaftServerConfigKeys (ConfUtils.java:logGet(43)) - raft.server.log.appender.install.snapshot.enabled = false (custom)
2019-09-19 14:04:50,877 [pool-58-thread-1] INFO  impl.RaftServerImpl (ServerState.java:<init>(105)) - dcc77c7b-1d37-448d-8d57-43d254561693:group-0C7ED090D72E ConfigurationManager, init=-1: [dcc77c7b-1d37-448d-8d57-43d254561693:192.168.157.226:34527], old=null, confs=<EMPTY_MAP>
2019-09-19 14:04:50,878 [pool-58-thread-1] INFO  server.RaftServerConfigKeys (ConfUtils.java:logGet(43)) - raft.server.storage.dir = [/workdir/hadoop-ozone/integration-test/target/test-dir/MiniOzoneClusterImpl-3b2755de-4cfe-4b43-9e0d-73dd8eda8f75/datanode-0/data/ratis] (custom)
2019-09-19 14:04:50,879 [pool-58-thread-1] INFO  storage.RaftStorageDirectory (RaftStorageDirectory.java:analyzeStorage(246)) - The storage directory /workdir/hadoop-ozone/integration-test/target/test-dir/MiniOzoneClusterImpl-3b2755de-4cfe-4b43-9e0d-73dd8eda8f75/datanode-0/data/ratis/a4c4f324-5e2f-4c4d-9469-0c7ed090d72e does not exist. Creating ...
2019-09-19 14:04:50,882 [pool-58-thread-1] INFO  storage.RaftStorageDirectory (RaftStorageDirectory.java:tryLock(328)) - Lock on /workdir/hadoop-ozone/integration-test/target/test-dir/MiniOzoneClusterImpl-3b2755de-4cfe-4b43-9e0d-73dd8eda8f75/datanode-0/data/ratis/a4c4f324-5e2f-4c4d-9469-0c7ed090d72e/in_use.lock acquired by nodename 30982@pr-hdds-1569-swxfz-3172132826
2019-09-19 14:04:50,930 [pool-58-thread-1] INFO  storage.RaftStorage (RaftStorage.java:format(72)) - Storage directory /workdir/hadoop-ozone/integration-test/target/test-dir/MiniOzoneClusterImpl-3b2755de-4cfe-4b43-9e0d-73dd8eda8f75/datanode-0/data/ratis/a4c4f324-5e2f-4c4d-9469-0c7ed090d72e has been successfully formatted.
2019-09-19 14:04:50,931 [pool-58-thread-1] INFO  ratis.ContainerStateMachine (ContainerStateMachine.java:loadSnapshot(226)) - group-0C7ED090D72E: The snapshot info is null. Setting the last applied indexto:(t:0, i:~)
2019-09-19 14:04:50,931 [pool-58-thread-1] INFO  server.RaftServerConfigKeys (ConfUtils.java:logGet(43)) - raft.server.leader.election.timeout = 120s (custom)
2019-09-19 14:04:50,931 [pool-58-thread-1] INFO  server.RaftServerConfigKeys (ConfUtils.java:logGet(43)) - raft.server.log.use.memory = false (default)
2019-09-19 14:04:50,931 [pool-58-thread-1] INFO  server.RaftServerConfigKeys (ConfUtils.java:logGet(43)) - raft.server.log.purge.gap = 1000000 (custom)
2019-09-19 14:04:50,931 [pool-58-thread-1] INFO  server.RaftServerConfigKeys (ConfUtils.java:logGet(43)) - raft.server.log.appender.buffer.byte-limit = 33554432 (custom)
2019-09-19 14:04:50,931 [pool-58-thread-1] INFO  server.RaftServerConfigKeys (ConfUtils.java:logGet(43)) - raft.server.log.segment.size.max = 1048576 (custom)
2019-09-19 14:04:50,932 [pool-58-thread-1] INFO  server.RaftServerConfigKeys (ConfUtils.java:logGet(43)) - raft.server.log.segment.cache.num.max = 2 (custom)
2019-09-19 14:04:50,932 [pool-58-thread-1] INFO  segmented.SegmentedRaftLogWorker (SegmentedRaftLogWorker.java:<init>(172)) - new dcc77c7b-1d37-448d-8d57-43d254561693-SegmentedRaftLogWorker:Storage Directory /workdir/hadoop-ozone/integration-test/target/test-dir/MiniOzoneClusterImpl-3b2755de-4cfe-4b43-9e0d-73dd8eda8f75/datanode-0/data/ratis/a4c4f324-5e2f-4c4d-9469-0c7ed090d72e for RaftStorage:Storage Directory /workdir/hadoop-ozone/integration-test/target/test-dir/MiniOzoneClusterImpl-3b2755de-4cfe-4b43-9e0d-73dd8eda8f75/datanode-0/data/ratis/a4c4f324-5e2f-4c4d-9469-0c7ed090d72e
2019-09-19 14:04:50,932 [pool-58-thread-1] INFO  server.RaftServerConfigKeys (ConfUtils.java:logGet(43)) - raft.server.log.queue.byte-limit = 2147483647 (custom)
2019-09-19 14:04:50,932 [pool-58-thread-1] INFO  server.RaftServerConfigKeys (ConfUtils.java:logGet(43)) - raft.server.log.queue.element-limit = 1024 (custom)
2019-09-19 14:04:50,932 [pool-58-thread-1] INFO  server.RaftServerConfigKeys (ConfUtils.java:logGet(43)) - raft.server.log.segment.size.max = 1048576 (custom)
2019-09-19 14:04:50,932 [pool-58-thread-1] INFO  server.RaftServerConfigKeys (ConfUtils.java:logGet(43)) - raft.server.log.preallocated.size = 16384 (custom)
2019-09-19 14:04:50,932 [pool-58-thread-1] INFO  server.RaftServerConfigKeys (ConfUtils.java:logGet(43)) - raft.server.log.write.buffer.size = 33554432 (custom)
2019-09-19 14:04:50,933 [pool-58-thread-1] INFO  server.RaftServerConfigKeys (ConfUtils.java:logGet(43)) - raft.server.log.force.sync.num = 128 (default)
2019-09-19 14:04:50,933 [pool-58-thread-1] INFO  server.RaftServerConfigKeys (ConfUtils.java:logGet(43)) - raft.server.log.statemachine.data.sync = true (default)
2019-09-19 14:04:50,933 [pool-58-thread-1] INFO  server.RaftServerConfigKeys (ConfUtils.java:logGet(43)) - raft.server.log.statemachine.data.sync.timeout = 10s (default)
2019-09-19 14:04:50,933 [pool-58-thread-1] INFO  server.RaftServerConfigKeys (ConfUtils.java:logGet(43)) - raft.server.log.statemachine.data.sync.timeout.retry = -1 (default)
2019-09-19 14:04:50,933 [pool-58-thread-1] INFO  server.RaftServerConfigKeys (ConfUtils.java:logGet(43)) - raft.server.log.statemachine.data.caching.enabled = true (custom)
2019-09-19 14:04:50,933 [pool-58-thread-1] INFO  segmented.SegmentedRaftLogWorker (SegmentedRaftLogWorker.java:lambda$new$0(132)) - dcc77c7b-1d37-448d-8d57-43d254561693-SegmentedRaftLogWorker:Storage Directory /workdir/hadoop-ozone/integration-test/target/test-dir/MiniOzoneClusterImpl-3b2755de-4cfe-4b43-9e0d-73dd8eda8f75/datanode-0/data/ratis/a4c4f324-5e2f-4c4d-9469-0c7ed090d72e: flushIndex: setUnconditionally 0 -> -1
2019-09-19 14:04:50,934 [pool-58-thread-1] INFO  server.RaftServerConfigKeys (ConfUtils.java:logGet(43)) - raft.server.snapshot.auto.trigger.enabled = true (custom)
2019-09-19 14:04:50,934 [pool-58-thread-1] INFO  server.RaftServerConfigKeys (ConfUtils.java:logGet(43)) - raft.server.snapshot.auto.trigger.threshold = 1 (custom)
2019-09-19 14:04:50,934 [pool-58-thread-1] INFO  server.RaftServerConfigKeys (ConfUtils.java:logGet(43)) - raft.server.retrycache.expirytime = 600000ms (custom)
2019-09-19 14:04:50,934 [pool-58-thread-1] INFO  impl.RaftServerImpl (RaftServerImpl.java:start(180)) - dcc77c7b-1d37-448d-8d57-43d254561693: start group-0C7ED090D72E
2019-09-19 14:04:50,934 [pool-58-thread-1] INFO  impl.RaftServerImpl (RaftServerImpl.java:setRole(171)) - dcc77c7b-1d37-448d-8d57-43d254561693:group-0C7ED090D72E changes role from null to FOLLOWER at term 0 for startAsFollower
2019-09-19 14:04:50,934 [pool-58-thread-1] INFO  impl.RoleInfo (RoleInfo.java:updateAndGet(143)) - dcc77c7b-1d37-448d-8d57-43d254561693: start FollowerState
2019-09-19 14:04:50,935 [pool-58-thread-1] INFO  util.JmxRegister (JmxRegister.java:tryRegister(44)) - Successfully registered JMX Bean with object name Ratis:service=RaftServer,group=group-0C7ED090D72E,id=dcc77c7b-1d37-448d-8d57-43d254561693
2019-09-19 14:04:50,936 [RatisPipelineUtilsThread] INFO  pipeline.PipelineStateManager (PipelineStateManager.java:addPipeline(56)) - Created pipeline Pipeline[ Id: a4c4f324-5e2f-4c4d-9469-0c7ed090d72e, Nodes: dcc77c7b-1d37-448d-8d57-43d254561693{ip: 192.168.157.226, host: pr-hdds-1569-swxfz-3172132826, networkLocation: /default-rack, certSerialId: null}, Type:RATIS, Factor:ONE, State:OPEN]
2019-09-19 14:04:50,939 [grpc-default-executor-1] INFO  impl.RaftServerProxy (RaftServerProxy.java:addNew(89)) - dcc77c7b-1d37-448d-8d57-43d254561693: addNew group-A456A21CC0DF:[dcc77c7b-1d37-448d-8d57-43d254561693:192.168.157.226:34527] returns group-A456A21CC0DF:java.util.concurrent.CompletableFuture@cfe0f54[Not completed]
2019-09-19 14:04:50,940 [pool-58-thread-1] INFO  impl.RaftServerImpl (RaftServerImpl.java:<init>(93)) - dcc77c7b-1d37-448d-8d57-43d254561693: new RaftServerImpl for group-A456A21CC0DF:[dcc77c7b-1d37-448d-8d57-43d254561693:192.168.157.226:34527] with ContainerStateMachine:uninitialized
2019-09-19 14:04:50,940 [pool-58-thread-1] INFO  server.RaftServerConfigKeys (ConfUtils.java:logGet(43)) - raft.server.rpc.timeout.min = 5s (custom)
2019-09-19 14:04:50,940 [pool-58-thread-1] INFO  server.RaftServerConfigKeys (ConfUtils.java:logGet(43)) - raft.server.rpc.timeout.max = 5200ms (custom)
2019-09-19 14:04:50,940 [pool-58-thread-1] INFO  server.RaftServerConfigKeys (ConfUtils.java:logGet(43)) - raft.server.rpcslowness.timeout = 120s (custom)
2019-09-19 14:04:50,941 [pool-58-thread-1] INFO  server.RaftServerConfigKeys (ConfUtils.java:logGet(43)) - raft.server.sleep.deviation.threshold = 300 (default)
2019-09-19 14:04:50,941 [pool-58-thread-1] INFO  server.RaftServerConfigKeys (ConfUtils.java:logGet(43)) - raft.server.log.appender.install.snapshot.enabled = false (custom)
2019-09-19 14:04:50,941 [pool-58-thread-1] INFO  impl.RaftServerImpl (ServerState.java:<init>(105)) - dcc77c7b-1d37-448d-8d57-43d254561693:group-A456A21CC0DF ConfigurationManager, init=-1: [dcc77c7b-1d37-448d-8d57-43d254561693:192.168.157.226:34527], old=null, confs=<EMPTY_MAP>
2019-09-19 14:04:50,941 [pool-58-thread-1] INFO  server.RaftServerConfigKeys (ConfUtils.java:logGet(43)) - raft.server.storage.dir = [/workdir/hadoop-ozone/integration-test/target/test-dir/MiniOzoneClusterImpl-3b2755de-4cfe-4b43-9e0d-73dd8eda8f75/datanode-0/data/ratis] (custom)
2019-09-19 14:04:50,942 [pool-58-thread-1] INFO  storage.RaftStorageDirectory (RaftStorageDirectory.java:analyzeStorage(246)) - The storage directory /workdir/hadoop-ozone/integration-test/target/test-dir/MiniOzoneClusterImpl-3b2755de-4cfe-4b43-9e0d-73dd8eda8f75/datanode-0/data/ratis/dbf1b950-f008-4424-a7f2-a456a21cc0df does not exist. Creating ...
2019-09-19 14:04:50,955 [pool-58-thread-1] INFO  storage.RaftStorageDirectory (RaftStorageDirectory.java:tryLock(328)) - Lock on /workdir/hadoop-ozone/integration-test/target/test-dir/MiniOzoneClusterImpl-3b2755de-4cfe-4b43-9e0d-73dd8eda8f75/datanode-0/data/ratis/dbf1b950-f008-4424-a7f2-a456a21cc0df/in_use.lock acquired by nodename 30982@pr-hdds-1569-swxfz-3172132826
2019-09-19 14:04:50,976 [pool-58-thread-1] INFO  storage.RaftStorage (RaftStorage.java:format(72)) - Storage directory /workdir/hadoop-ozone/integration-test/target/test-dir/MiniOzoneClusterImpl-3b2755de-4cfe-4b43-9e0d-73dd8eda8f75/datanode-0/data/ratis/dbf1b950-f008-4424-a7f2-a456a21cc0df has been successfully formatted.
2019-09-19 14:04:50,976 [pool-58-thread-1] INFO  ratis.ContainerStateMachine (ContainerStateMachine.java:loadSnapshot(226)) - group-A456A21CC0DF: The snapshot info is null. Setting the last applied indexto:(t:0, i:~)
2019-09-19 14:04:50,977 [pool-58-thread-1] INFO  server.RaftServerConfigKeys (ConfUtils.java:logGet(43)) - raft.server.leader.election.timeout = 120s (custom)
2019-09-19 14:04:50,977 [pool-58-thread-1] INFO  server.RaftServerConfigKeys (ConfUtils.java:logGet(43)) - raft.server.log.use.memory = false (default)
2019-09-19 14:04:50,977 [pool-58-thread-1] INFO  server.RaftServerConfigKeys (ConfUtils.java:logGet(43)) - raft.server.log.purge.gap = 1000000 (custom)
2019-09-19 14:04:50,977 [pool-58-thread-1] INFO  server.RaftServerConfigKeys (ConfUtils.java:logGet(43)) - raft.server.log.appender.buffer.byte-limit = 33554432 (custom)
2019-09-19 14:04:50,977 [pool-58-thread-1] INFO  server.RaftServerConfigKeys (ConfUtils.java:logGet(43)) - raft.server.log.segment.size.max = 1048576 (custom)
2019-09-19 14:04:50,977 [pool-58-thread-1] INFO  server.RaftServerConfigKeys (ConfUtils.java:logGet(43)) - raft.server.log.segment.cache.num.max = 2 (custom)
2019-09-19 14:04:50,977 [pool-58-thread-1] INFO  segmented.SegmentedRaftLogWorker (SegmentedRaftLogWorker.java:<init>(172)) - new dcc77c7b-1d37-448d-8d57-43d254561693-SegmentedRaftLogWorker:Storage Directory /workdir/hadoop-ozone/integration-test/target/test-dir/MiniOzoneClusterImpl-3b2755de-4cfe-4b43-9e0d-73dd8eda8f75/datanode-0/data/ratis/dbf1b950-f008-4424-a7f2-a456a21cc0df for RaftStorage:Storage Directory /workdir/hadoop-ozone/integration-test/target/test-dir/MiniOzoneClusterImpl-3b2755de-4cfe-4b43-9e0d-73dd8eda8f75/datanode-0/data/ratis/dbf1b950-f008-4424-a7f2-a456a21cc0df
2019-09-19 14:04:50,978 [pool-58-thread-1] INFO  server.RaftServerConfigKeys (ConfUtils.java:logGet(43)) - raft.server.log.queue.byte-limit = 2147483647 (custom)
2019-09-19 14:04:50,978 [pool-58-thread-1] INFO  server.RaftServerConfigKeys (ConfUtils.java:logGet(43)) - raft.server.log.queue.element-limit = 1024 (custom)
2019-09-19 14:04:50,978 [pool-58-thread-1] INFO  server.RaftServerConfigKeys (ConfUtils.java:logGet(43)) - raft.server.log.segment.size.max = 1048576 (custom)
2019-09-19 14:04:50,978 [pool-58-thread-1] INFO  server.RaftServerConfigKeys (ConfUtils.java:logGet(43)) - raft.server.log.preallocated.size = 16384 (custom)
2019-09-19 14:04:50,978 [pool-58-thread-1] INFO  server.RaftServerConfigKeys (ConfUtils.java:logGet(43)) - raft.server.log.write.buffer.size = 33554432 (custom)
2019-09-19 14:04:50,978 [pool-58-thread-1] INFO  server.RaftServerConfigKeys (ConfUtils.java:logGet(43)) - raft.server.log.force.sync.num = 128 (default)
2019-09-19 14:04:50,978 [pool-58-thread-1] INFO  server.RaftServerConfigKeys (ConfUtils.java:logGet(43)) - raft.server.log.statemachine.data.sync = true (default)
2019-09-19 14:04:50,979 [pool-58-thread-1] INFO  server.RaftServerConfigKeys (ConfUtils.java:logGet(43)) - raft.server.log.statemachine.data.sync.timeout = 10s (default)
2019-09-19 14:04:50,979 [pool-58-thread-1] INFO  server.RaftServerConfigKeys (ConfUtils.java:logGet(43)) - raft.server.log.statemachine.data.sync.timeout.retry = -1 (default)
2019-09-19 14:04:50,979 [pool-58-thread-1] INFO  server.RaftServerConfigKeys (ConfUtils.java:logGet(43)) - raft.server.log.statemachine.data.caching.enabled = true (custom)
2019-09-19 14:04:50,979 [pool-58-thread-1] INFO  segmented.SegmentedRaftLogWorker (SegmentedRaftLogWorker.java:lambda$new$0(132)) - dcc77c7b-1d37-448d-8d57-43d254561693-SegmentedRaftLogWorker:Storage Directory /workdir/hadoop-ozone/integration-test/target/test-dir/MiniOzoneClusterImpl-3b2755de-4cfe-4b43-9e0d-73dd8eda8f75/datanode-0/data/ratis/dbf1b950-f008-4424-a7f2-a456a21cc0df: flushIndex: setUnconditionally 0 -> -1
2019-09-19 14:04:50,979 [pool-58-thread-1] INFO  server.RaftServerConfigKeys (ConfUtils.java:logGet(43)) - raft.server.snapshot.auto.trigger.enabled = true (custom)
2019-09-19 14:04:50,979 [pool-58-thread-1] INFO  server.RaftServerConfigKeys (ConfUtils.java:logGet(43)) - raft.server.snapshot.auto.trigger.threshold = 1 (custom)
2019-09-19 14:04:50,980 [pool-58-thread-1] INFO  server.RaftServerConfigKeys (ConfUtils.java:logGet(43)) - raft.server.retrycache.expirytime = 600000ms (custom)
2019-09-19 14:04:50,980 [pool-58-thread-1] INFO  impl.RaftServerImpl (RaftServerImpl.java:start(180)) - dcc77c7b-1d37-448d-8d57-43d254561693: start group-A456A21CC0DF
2019-09-19 14:04:50,980 [pool-58-thread-1] INFO  impl.RaftServerImpl (RaftServerImpl.java:setRole(171)) - dcc77c7b-1d37-448d-8d57-43d254561693:group-A456A21CC0DF changes role from null to FOLLOWER at term 0 for startAsFollower
2019-09-19 14:04:50,980 [pool-58-thread-1] INFO  impl.RoleInfo (RoleInfo.java:updateAndGet(143)) - dcc77c7b-1d37-448d-8d57-43d254561693: start FollowerState
2019-09-19 14:04:50,980 [pool-58-thread-1] INFO  util.JmxRegister (JmxRegister.java:tryRegister(44)) - Successfully registered JMX Bean with object name Ratis:service=RaftServer,group=group-A456A21CC0DF,id=dcc77c7b-1d37-448d-8d57-43d254561693
2019-09-19 14:04:50,982 [RatisPipelineUtilsThread] INFO  pipeline.PipelineStateManager (PipelineStateManager.java:addPipeline(56)) - Created pipeline Pipeline[ Id: dbf1b950-f008-4424-a7f2-a456a21cc0df, Nodes: dcc77c7b-1d37-448d-8d57-43d254561693{ip: 192.168.157.226, host: pr-hdds-1569-swxfz-3172132826, networkLocation: /default-rack, certSerialId: null}, Type:RATIS, Factor:ONE, State:OPEN]
2019-09-19 14:04:50,984 [grpc-default-executor-1] INFO  impl.RaftServerProxy (RaftServerProxy.java:addNew(89)) - dcc77c7b-1d37-448d-8d57-43d254561693: addNew group-2522B1FB8D22:[dcc77c7b-1d37-448d-8d57-43d254561693:192.168.157.226:34527] returns group-2522B1FB8D22:java.util.concurrent.CompletableFuture@78edef8f[Not completed]
2019-09-19 14:04:50,984 [pool-58-thread-1] INFO  impl.RaftServerImpl (RaftServerImpl.java:<init>(93)) - dcc77c7b-1d37-448d-8d57-43d254561693: new RaftServerImpl for group-2522B1FB8D22:[dcc77c7b-1d37-448d-8d57-43d254561693:192.168.157.226:34527] with ContainerStateMachine:uninitialized
2019-09-19 14:04:50,984 [pool-58-thread-1] INFO  server.RaftServerConfigKeys (ConfUtils.java:logGet(43)) - raft.server.rpc.timeout.min = 5s (custom)
2019-09-19 14:04:50,985 [pool-58-thread-1] INFO  server.RaftServerConfigKeys (ConfUtils.java:logGet(43)) - raft.server.rpc.timeout.max = 5200ms (custom)
2019-09-19 14:04:50,985 [pool-58-thread-1] INFO  server.RaftServerConfigKeys (ConfUtils.java:logGet(43)) - raft.server.rpcslowness.timeout = 120s (custom)
2019-09-19 14:04:50,985 [pool-58-thread-1] INFO  server.RaftServerConfigKeys (ConfUtils.java:logGet(43)) - raft.server.sleep.deviation.threshold = 300 (default)
2019-09-19 14:04:50,985 [pool-58-thread-1] INFO  server.RaftServerConfigKeys (ConfUtils.java:logGet(43)) - raft.server.log.appender.install.snapshot.enabled = false (custom)
2019-09-19 14:04:50,985 [pool-58-thread-1] INFO  impl.RaftServerImpl (ServerState.java:<init>(105)) - dcc77c7b-1d37-448d-8d57-43d254561693:group-2522B1FB8D22 ConfigurationManager, init=-1: [dcc77c7b-1d37-448d-8d57-43d254561693:192.168.157.226:34527], old=null, confs=<EMPTY_MAP>
2019-09-19 14:04:50,985 [pool-58-thread-1] INFO  server.RaftServerConfigKeys (ConfUtils.java:logGet(43)) - raft.server.storage.dir = [/workdir/hadoop-ozone/integration-test/target/test-dir/MiniOzoneClusterImpl-3b2755de-4cfe-4b43-9e0d-73dd8eda8f75/datanode-0/data/ratis] (custom)
2019-09-19 14:04:50,986 [pool-58-thread-1] INFO  storage.RaftStorageDirectory (RaftStorageDirectory.java:analyzeStorage(246)) - The storage directory /workdir/hadoop-ozone/integration-test/target/test-dir/MiniOzoneClusterImpl-3b2755de-4cfe-4b43-9e0d-73dd8eda8f75/datanode-0/data/ratis/5d2e0cd1-8afa-4dfd-8ba8-2522b1fb8d22 does not exist. Creating ...
2019-09-19 14:04:50,991 | INFO  | SCMAudit | user=jenkins1000 | ip=192.168.157.226 | op=SEND_HEARTBEAT {datanodeUUID=dcc77c7b-1d37-448d-8d57-43d254561693, command=[]} | ret=SUCCESS |  
2019-09-19 14:04:50,999 [pool-58-thread-1] INFO  storage.RaftStorageDirectory (RaftStorageDirectory.java:tryLock(328)) - Lock on /workdir/hadoop-ozone/integration-test/target/test-dir/MiniOzoneClusterImpl-3b2755de-4cfe-4b43-9e0d-73dd8eda8f75/datanode-0/data/ratis/5d2e0cd1-8afa-4dfd-8ba8-2522b1fb8d22/in_use.lock acquired by nodename 30982@pr-hdds-1569-swxfz-3172132826
2019-09-19 14:04:51,011 [pool-58-thread-1] INFO  storage.RaftStorage (RaftStorage.java:format(72)) - Storage directory /workdir/hadoop-ozone/integration-test/target/test-dir/MiniOzoneClusterImpl-3b2755de-4cfe-4b43-9e0d-73dd8eda8f75/datanode-0/data/ratis/5d2e0cd1-8afa-4dfd-8ba8-2522b1fb8d22 has been successfully formatted.
2019-09-19 14:04:51,011 [pool-58-thread-1] INFO  ratis.ContainerStateMachine (ContainerStateMachine.java:loadSnapshot(226)) - group-2522B1FB8D22: The snapshot info is null. Setting the last applied indexto:(t:0, i:~)
2019-09-19 14:04:51,011 [pool-58-thread-1] INFO  server.RaftServerConfigKeys (ConfUtils.java:logGet(43)) - raft.server.leader.election.timeout = 120s (custom)
2019-09-19 14:04:51,012 [pool-58-thread-1] INFO  server.RaftServerConfigKeys (ConfUtils.java:logGet(43)) - raft.server.log.use.memory = false (default)
2019-09-19 14:04:51,012 [pool-58-thread-1] INFO  server.RaftServerConfigKeys (ConfUtils.java:logGet(43)) - raft.server.log.purge.gap = 1000000 (custom)
2019-09-19 14:04:51,012 [pool-58-thread-1] INFO  server.RaftServerConfigKeys (ConfUtils.java:logGet(43)) - raft.server.log.appender.buffer.byte-limit = 33554432 (custom)
2019-09-19 14:04:51,012 [pool-58-thread-1] INFO  server.RaftServerConfigKeys (ConfUtils.java:logGet(43)) - raft.server.log.segment.size.max = 1048576 (custom)
2019-09-19 14:04:51,012 [pool-58-thread-1] INFO  server.RaftServerConfigKeys (ConfUtils.java:logGet(43)) - raft.server.log.segment.cache.num.max = 2 (custom)
2019-09-19 14:04:51,012 [pool-58-thread-1] INFO  segmented.SegmentedRaftLogWorker (SegmentedRaftLogWorker.java:<init>(172)) - new dcc77c7b-1d37-448d-8d57-43d254561693-SegmentedRaftLogWorker:Storage Directory /workdir/hadoop-ozone/integration-test/target/test-dir/MiniOzoneClusterImpl-3b2755de-4cfe-4b43-9e0d-73dd8eda8f75/datanode-0/data/ratis/5d2e0cd1-8afa-4dfd-8ba8-2522b1fb8d22 for RaftStorage:Storage Directory /workdir/hadoop-ozone/integration-test/target/test-dir/MiniOzoneClusterImpl-3b2755de-4cfe-4b43-9e0d-73dd8eda8f75/datanode-0/data/ratis/5d2e0cd1-8afa-4dfd-8ba8-2522b1fb8d22
2019-09-19 14:04:51,012 [pool-58-thread-1] INFO  server.RaftServerConfigKeys (ConfUtils.java:logGet(43)) - raft.server.log.queue.byte-limit = 2147483647 (custom)
2019-09-19 14:04:51,012 [pool-58-thread-1] INFO  server.RaftServerConfigKeys (ConfUtils.java:logGet(43)) - raft.server.log.queue.element-limit = 1024 (custom)
2019-09-19 14:04:51,012 [pool-58-thread-1] INFO  server.RaftServerConfigKeys (ConfUtils.java:logGet(43)) - raft.server.log.segment.size.max = 1048576 (custom)
2019-09-19 14:04:51,013 [pool-58-thread-1] INFO  server.RaftServerConfigKeys (ConfUtils.java:logGet(43)) - raft.server.log.preallocated.size = 16384 (custom)
2019-09-19 14:04:51,013 [pool-58-thread-1] INFO  server.RaftServerConfigKeys (ConfUtils.java:logGet(43)) - raft.server.log.write.buffer.size = 33554432 (custom)
2019-09-19 14:04:51,013 [pool-58-thread-1] INFO  server.RaftServerConfigKeys (ConfUtils.java:logGet(43)) - raft.server.log.force.sync.num = 128 (default)
2019-09-19 14:04:51,013 [pool-58-thread-1] INFO  server.RaftServerConfigKeys (ConfUtils.java:logGet(43)) - raft.server.log.statemachine.data.sync = true (default)
2019-09-19 14:04:51,013 [pool-58-thread-1] INFO  server.RaftServerConfigKeys (ConfUtils.java:logGet(43)) - raft.server.log.statemachine.data.sync.timeout = 10s (default)
2019-09-19 14:04:51,013 [pool-58-thread-1] INFO  server.RaftServerConfigKeys (ConfUtils.java:logGet(43)) - raft.server.log.statemachine.data.sync.timeout.retry = -1 (default)
2019-09-19 14:04:51,013 [pool-58-thread-1] INFO  server.RaftServerConfigKeys (ConfUtils.java:logGet(43)) - raft.server.log.statemachine.data.caching.enabled = true (custom)
2019-09-19 14:04:51,013 [pool-58-thread-1] INFO  segmented.SegmentedRaftLogWorker (SegmentedRaftLogWorker.java:lambda$new$0(132)) - dcc77c7b-1d37-448d-8d57-43d254561693-SegmentedRaftLogWorker:Storage Directory /workdir/hadoop-ozone/integration-test/target/test-dir/MiniOzoneClusterImpl-3b2755de-4cfe-4b43-9e0d-73dd8eda8f75/datanode-0/data/ratis/5d2e0cd1-8afa-4dfd-8ba8-2522b1fb8d22: flushIndex: setUnconditionally 0 -> -1
2019-09-19 14:04:51,014 [pool-58-thread-1] INFO  server.RaftServerConfigKeys (ConfUtils.java:logGet(43)) - raft.server.snapshot.auto.trigger.enabled = true (custom)
2019-09-19 14:04:51,014 [pool-58-thread-1] INFO  server.RaftServerConfigKeys (ConfUtils.java:logGet(43)) - raft.server.snapshot.auto.trigger.threshold = 1 (custom)
2019-09-19 14:04:51,014 [pool-58-thread-1] INFO  server.RaftServerConfigKeys (ConfUtils.java:logGet(43)) - raft.server.retrycache.expirytime = 600000ms (custom)
2019-09-19 14:04:51,014 [pool-58-thread-1] INFO  impl.RaftServerImpl (RaftServerImpl.java:start(180)) - dcc77c7b-1d37-448d-8d57-43d254561693: start group-2522B1FB8D22
2019-09-19 14:04:51,014 [pool-58-thread-1] INFO  impl.RaftServerImpl (RaftServerImpl.java:setRole(171)) - dcc77c7b-1d37-448d-8d57-43d254561693:group-2522B1FB8D22 changes role from null to FOLLOWER at term 0 for startAsFollower
2019-09-19 14:04:51,014 [pool-58-thread-1] INFO  impl.RoleInfo (RoleInfo.java:updateAndGet(143)) - dcc77c7b-1d37-448d-8d57-43d254561693: start FollowerState
2019-09-19 14:04:51,015 [pool-58-thread-1] INFO  util.JmxRegister (JmxRegister.java:tryRegister(44)) - Successfully registered JMX Bean with object name Ratis:service=RaftServer,group=group-2522B1FB8D22,id=dcc77c7b-1d37-448d-8d57-43d254561693
2019-09-19 14:04:51,016 [RatisPipelineUtilsThread] INFO  pipeline.PipelineStateManager (PipelineStateManager.java:addPipeline(56)) - Created pipeline Pipeline[ Id: 5d2e0cd1-8afa-4dfd-8ba8-2522b1fb8d22, Nodes: dcc77c7b-1d37-448d-8d57-43d254561693{ip: 192.168.157.226, host: pr-hdds-1569-swxfz-3172132826, networkLocation: /default-rack, certSerialId: null}, Type:RATIS, Factor:ONE, State:OPEN]
2019-09-19 14:04:51,018 [grpc-default-executor-1] INFO  impl.RaftServerProxy (RaftServerProxy.java:addNew(89)) - dcc77c7b-1d37-448d-8d57-43d254561693: addNew group-56D873A3B067:[dcc77c7b-1d37-448d-8d57-43d254561693:192.168.157.226:34527] returns group-56D873A3B067:java.util.concurrent.CompletableFuture@5577e9fd[Not completed]
2019-09-19 14:04:51,019 [pool-58-thread-1] INFO  impl.RaftServerImpl (RaftServerImpl.java:<init>(93)) - dcc77c7b-1d37-448d-8d57-43d254561693: new RaftServerImpl for group-56D873A3B067:[dcc77c7b-1d37-448d-8d57-43d254561693:192.168.157.226:34527] with ContainerStateMachine:uninitialized
2019-09-19 14:04:51,019 [pool-58-thread-1] INFO  server.RaftServerConfigKeys (ConfUtils.java:logGet(43)) - raft.server.rpc.timeout.min = 5s (custom)
2019-09-19 14:04:51,019 [pool-58-thread-1] INFO  server.RaftServerConfigKeys (ConfUtils.java:logGet(43)) - raft.server.rpc.timeout.max = 5200ms (custom)
2019-09-19 14:04:51,019 [pool-58-thread-1] INFO  server.RaftServerConfigKeys (ConfUtils.java:logGet(43)) - raft.server.rpcslowness.timeout = 120s (custom)
2019-09-19 14:04:51,019 [pool-58-thread-1] INFO  server.RaftServerConfigKeys (ConfUtils.java:logGet(43)) - raft.server.sleep.deviation.threshold = 300 (default)
2019-09-19 14:04:51,020 [pool-58-thread-1] INFO  server.RaftServerConfigKeys (ConfUtils.java:logGet(43)) - raft.server.log.appender.install.snapshot.enabled = false (custom)
2019-09-19 14:04:51,020 [pool-58-thread-1] INFO  impl.RaftServerImpl (ServerState.java:<init>(105)) - dcc77c7b-1d37-448d-8d57-43d254561693:group-56D873A3B067 ConfigurationManager, init=-1: [dcc77c7b-1d37-448d-8d57-43d254561693:192.168.157.226:34527], old=null, confs=<EMPTY_MAP>
2019-09-19 14:04:51,020 [pool-58-thread-1] INFO  server.RaftServerConfigKeys (ConfUtils.java:logGet(43)) - raft.server.storage.dir = [/workdir/hadoop-ozone/integration-test/target/test-dir/MiniOzoneClusterImpl-3b2755de-4cfe-4b43-9e0d-73dd8eda8f75/datanode-0/data/ratis] (custom)
2019-09-19 14:04:51,020 [pool-58-thread-1] INFO  storage.RaftStorageDirectory (RaftStorageDirectory.java:analyzeStorage(246)) - The storage directory /workdir/hadoop-ozone/integration-test/target/test-dir/MiniOzoneClusterImpl-3b2755de-4cfe-4b43-9e0d-73dd8eda8f75/datanode-0/data/ratis/aa779339-dfa9-49d1-86de-56d873a3b067 does not exist. Creating ...
2019-09-19 14:04:51,033 [pool-58-thread-1] INFO  storage.RaftStorageDirectory (RaftStorageDirectory.java:tryLock(328)) - Lock on /workdir/hadoop-ozone/integration-test/target/test-dir/MiniOzoneClusterImpl-3b2755de-4cfe-4b43-9e0d-73dd8eda8f75/datanode-0/data/ratis/aa779339-dfa9-49d1-86de-56d873a3b067/in_use.lock acquired by nodename 30982@pr-hdds-1569-swxfz-3172132826
2019-09-19 14:04:51,046 [pool-58-thread-1] INFO  storage.RaftStorage (RaftStorage.java:format(72)) - Storage directory /workdir/hadoop-ozone/integration-test/target/test-dir/MiniOzoneClusterImpl-3b2755de-4cfe-4b43-9e0d-73dd8eda8f75/datanode-0/data/ratis/aa779339-dfa9-49d1-86de-56d873a3b067 has been successfully formatted.
2019-09-19 14:04:51,046 [pool-58-thread-1] INFO  ratis.ContainerStateMachine (ContainerStateMachine.java:loadSnapshot(226)) - group-56D873A3B067: The snapshot info is null. Setting the last applied indexto:(t:0, i:~)
2019-09-19 14:04:51,046 [pool-58-thread-1] INFO  server.RaftServerConfigKeys (ConfUtils.java:logGet(43)) - raft.server.leader.election.timeout = 120s (custom)
2019-09-19 14:04:51,046 [pool-58-thread-1] INFO  server.RaftServerConfigKeys (ConfUtils.java:logGet(43)) - raft.server.log.use.memory = false (default)
2019-09-19 14:04:51,046 [pool-58-thread-1] INFO  server.RaftServerConfigKeys (ConfUtils.java:logGet(43)) - raft.server.log.purge.gap = 1000000 (custom)
2019-09-19 14:04:51,046 [pool-58-thread-1] INFO  server.RaftServerConfigKeys (ConfUtils.java:logGet(43)) - raft.server.log.appender.buffer.byte-limit = 33554432 (custom)
2019-09-19 14:04:51,047 [pool-58-thread-1] INFO  server.RaftServerConfigKeys (ConfUtils.java:logGet(43)) - raft.server.log.segment.size.max = 1048576 (custom)
2019-09-19 14:04:51,047 [pool-58-thread-1] INFO  server.RaftServerConfigKeys (ConfUtils.java:logGet(43)) - raft.server.log.segment.cache.num.max = 2 (custom)
2019-09-19 14:04:51,047 [pool-58-thread-1] INFO  segmented.SegmentedRaftLogWorker (SegmentedRaftLogWorker.java:<init>(172)) - new dcc77c7b-1d37-448d-8d57-43d254561693-SegmentedRaftLogWorker:Storage Directory /workdir/hadoop-ozone/integration-test/target/test-dir/MiniOzoneClusterImpl-3b2755de-4cfe-4b43-9e0d-73dd8eda8f75/datanode-0/data/ratis/aa779339-dfa9-49d1-86de-56d873a3b067 for RaftStorage:Storage Directory /workdir/hadoop-ozone/integration-test/target/test-dir/MiniOzoneClusterImpl-3b2755de-4cfe-4b43-9e0d-73dd8eda8f75/datanode-0/data/ratis/aa779339-dfa9-49d1-86de-56d873a3b067
2019-09-19 14:04:51,047 [pool-58-thread-1] INFO  server.RaftServerConfigKeys (ConfUtils.java:logGet(43)) - raft.server.log.queue.byte-limit = 2147483647 (custom)
2019-09-19 14:04:51,047 [pool-58-thread-1] INFO  server.RaftServerConfigKeys (ConfUtils.java:logGet(43)) - raft.server.log.queue.element-limit = 1024 (custom)
2019-09-19 14:04:51,047 [pool-58-thread-1] INFO  server.RaftServerConfigKeys (ConfUtils.java:logGet(43)) - raft.server.log.segment.size.max = 1048576 (custom)
2019-09-19 14:04:51,047 [pool-58-thread-1] INFO  server.RaftServerConfigKeys (ConfUtils.java:logGet(43)) - raft.server.log.preallocated.size = 16384 (custom)
2019-09-19 14:04:51,047 [pool-58-thread-1] INFO  server.RaftServerConfigKeys (ConfUtils.java:logGet(43)) - raft.server.log.write.buffer.size = 33554432 (custom)
2019-09-19 14:04:51,047 [pool-58-thread-1] INFO  server.RaftServerConfigKeys (ConfUtils.java:logGet(43)) - raft.server.log.force.sync.num = 128 (default)
2019-09-19 14:04:51,047 [pool-58-thread-1] INFO  server.RaftServerConfigKeys (ConfUtils.java:logGet(43)) - raft.server.log.statemachine.data.sync = true (default)
2019-09-19 14:04:51,047 [pool-58-thread-1] INFO  server.RaftServerConfigKeys (ConfUtils.java:logGet(43)) - raft.server.log.statemachine.data.sync.timeout = 10s (default)
2019-09-19 14:04:51,047 [pool-58-thread-1] INFO  server.RaftServerConfigKeys (ConfUtils.java:logGet(43)) - raft.server.log.statemachine.data.sync.timeout.retry = -1 (default)
2019-09-19 14:04:51,048 [pool-58-thread-1] INFO  server.RaftServerConfigKeys (ConfUtils.java:logGet(43)) - raft.server.log.statemachine.data.caching.enabled = true (custom)
2019-09-19 14:04:51,048 [pool-58-thread-1] INFO  segmented.SegmentedRaftLogWorker (SegmentedRaftLogWorker.java:lambda$new$0(132)) - dcc77c7b-1d37-448d-8d57-43d254561693-SegmentedRaftLogWorker:Storage Directory /workdir/hadoop-ozone/integration-test/target/test-dir/MiniOzoneClusterImpl-3b2755de-4cfe-4b43-9e0d-73dd8eda8f75/datanode-0/data/ratis/aa779339-dfa9-49d1-86de-56d873a3b067: flushIndex: setUnconditionally 0 -> -1
2019-09-19 14:04:51,048 [pool-58-thread-1] INFO  server.RaftServerConfigKeys (ConfUtils.java:logGet(43)) - raft.server.snapshot.auto.trigger.enabled = true (custom)
2019-09-19 14:04:51,048 [pool-58-thread-1] INFO  server.RaftServerConfigKeys (ConfUtils.java:logGet(43)) - raft.server.snapshot.auto.trigger.threshold = 1 (custom)
2019-09-19 14:04:51,048 [pool-58-thread-1] INFO  server.RaftServerConfigKeys (ConfUtils.java:logGet(43)) - raft.server.retrycache.expirytime = 600000ms (custom)
2019-09-19 14:04:51,048 [pool-58-thread-1] INFO  impl.RaftServerImpl (RaftServerImpl.java:start(180)) - dcc77c7b-1d37-448d-8d57-43d254561693: start group-56D873A3B067
2019-09-19 14:04:51,048 [pool-58-thread-1] INFO  impl.RaftServerImpl (RaftServerImpl.java:setRole(171)) - dcc77c7b-1d37-448d-8d57-43d254561693:group-56D873A3B067 changes role from null to FOLLOWER at term 0 for startAsFollower
2019-09-19 14:04:51,048 [pool-58-thread-1] INFO  impl.RoleInfo (RoleInfo.java:updateAndGet(143)) - dcc77c7b-1d37-448d-8d57-43d254561693: start FollowerState
2019-09-19 14:04:51,049 [pool-58-thread-1] INFO  util.JmxRegister (JmxRegister.java:tryRegister(44)) - Successfully registered JMX Bean with object name Ratis:service=RaftServer,group=group-56D873A3B067,id=dcc77c7b-1d37-448d-8d57-43d254561693
2019-09-19 14:04:51,050 [RatisPipelineUtilsThread] INFO  pipeline.PipelineStateManager (PipelineStateManager.java:addPipeline(56)) - Created pipeline Pipeline[ Id: aa779339-dfa9-49d1-86de-56d873a3b067, Nodes: dcc77c7b-1d37-448d-8d57-43d254561693{ip: 192.168.157.226, host: pr-hdds-1569-swxfz-3172132826, networkLocation: /default-rack, certSerialId: null}, Type:RATIS, Factor:ONE, State:OPEN]
2019-09-19 14:04:51,052 [grpc-default-executor-1] INFO  impl.RaftServerProxy (RaftServerProxy.java:addNew(89)) - dcc77c7b-1d37-448d-8d57-43d254561693: addNew group-D04ACBF66747:[dcc77c7b-1d37-448d-8d57-43d254561693:192.168.157.226:34527] returns group-D04ACBF66747:java.util.concurrent.CompletableFuture@219c187[Not completed]
2019-09-19 14:04:51,053 [pool-58-thread-1] INFO  impl.RaftServerImpl (RaftServerImpl.java:<init>(93)) - dcc77c7b-1d37-448d-8d57-43d254561693: new RaftServerImpl for group-D04ACBF66747:[dcc77c7b-1d37-448d-8d57-43d254561693:192.168.157.226:34527] with ContainerStateMachine:uninitialized
2019-09-19 14:04:51,053 [pool-58-thread-1] INFO  server.RaftServerConfigKeys (ConfUtils.java:logGet(43)) - raft.server.rpc.timeout.min = 5s (custom)
2019-09-19 14:04:51,053 [pool-58-thread-1] INFO  server.RaftServerConfigKeys (ConfUtils.java:logGet(43)) - raft.server.rpc.timeout.max = 5200ms (custom)
2019-09-19 14:04:51,053 [pool-58-thread-1] INFO  server.RaftServerConfigKeys (ConfUtils.java:logGet(43)) - raft.server.rpcslowness.timeout = 120s (custom)
2019-09-19 14:04:51,053 [pool-58-thread-1] INFO  server.RaftServerConfigKeys (ConfUtils.java:logGet(43)) - raft.server.sleep.deviation.threshold = 300 (default)
2019-09-19 14:04:51,053 [pool-58-thread-1] INFO  server.RaftServerConfigKeys (ConfUtils.java:logGet(43)) - raft.server.log.appender.install.snapshot.enabled = false (custom)
2019-09-19 14:04:51,054 [pool-58-thread-1] INFO  impl.RaftServerImpl (ServerState.java:<init>(105)) - dcc77c7b-1d37-448d-8d57-43d254561693:group-D04ACBF66747 ConfigurationManager, init=-1: [dcc77c7b-1d37-448d-8d57-43d254561693:192.168.157.226:34527], old=null, confs=<EMPTY_MAP>
2019-09-19 14:04:51,054 [pool-58-thread-1] INFO  server.RaftServerConfigKeys (ConfUtils.java:logGet(43)) - raft.server.storage.dir = [/workdir/hadoop-ozone/integration-test/target/test-dir/MiniOzoneClusterImpl-3b2755de-4cfe-4b43-9e0d-73dd8eda8f75/datanode-0/data/ratis] (custom)
2019-09-19 14:04:51,054 [pool-58-thread-1] INFO  storage.RaftStorageDirectory (RaftStorageDirectory.java:analyzeStorage(246)) - The storage directory /workdir/hadoop-ozone/integration-test/target/test-dir/MiniOzoneClusterImpl-3b2755de-4cfe-4b43-9e0d-73dd8eda8f75/datanode-0/data/ratis/180b95ab-2348-4fbe-9c3c-d04acbf66747 does not exist. Creating ...
2019-09-19 14:04:51,067 [pool-58-thread-1] INFO  storage.RaftStorageDirectory (RaftStorageDirectory.java:tryLock(328)) - Lock on /workdir/hadoop-ozone/integration-test/target/test-dir/MiniOzoneClusterImpl-3b2755de-4cfe-4b43-9e0d-73dd8eda8f75/datanode-0/data/ratis/180b95ab-2348-4fbe-9c3c-d04acbf66747/in_use.lock acquired by nodename 30982@pr-hdds-1569-swxfz-3172132826
2019-09-19 14:04:51,080 [pool-58-thread-1] INFO  storage.RaftStorage (RaftStorage.java:format(72)) - Storage directory /workdir/hadoop-ozone/integration-test/target/test-dir/MiniOzoneClusterImpl-3b2755de-4cfe-4b43-9e0d-73dd8eda8f75/datanode-0/data/ratis/180b95ab-2348-4fbe-9c3c-d04acbf66747 has been successfully formatted.
2019-09-19 14:04:51,081 [pool-58-thread-1] INFO  ratis.ContainerStateMachine (ContainerStateMachine.java:loadSnapshot(226)) - group-D04ACBF66747: The snapshot info is null. Setting the last applied indexto:(t:0, i:~)
2019-09-19 14:04:51,081 [pool-58-thread-1] INFO  server.RaftServerConfigKeys (ConfUtils.java:logGet(43)) - raft.server.leader.election.timeout = 120s (custom)
2019-09-19 14:04:51,081 [pool-58-thread-1] INFO  server.RaftServerConfigKeys (ConfUtils.java:logGet(43)) - raft.server.log.use.memory = false (default)
2019-09-19 14:04:51,081 [pool-58-thread-1] INFO  server.RaftServerConfigKeys (ConfUtils.java:logGet(43)) - raft.server.log.purge.gap = 1000000 (custom)
2019-09-19 14:04:51,081 [pool-58-thread-1] INFO  server.RaftServerConfigKeys (ConfUtils.java:logGet(43)) - raft.server.log.appender.buffer.byte-limit = 33554432 (custom)
2019-09-19 14:04:51,082 [pool-58-thread-1] INFO  server.RaftServerConfigKeys (ConfUtils.java:logGet(43)) - raft.server.log.segment.size.max = 1048576 (custom)
2019-09-19 14:04:51,082 [pool-58-thread-1] INFO  server.RaftServerConfigKeys (ConfUtils.java:logGet(43)) - raft.server.log.segment.cache.num.max = 2 (custom)
2019-09-19 14:04:51,082 [pool-58-thread-1] INFO  segmented.SegmentedRaftLogWorker (SegmentedRaftLogWorker.java:<init>(172)) - new dcc77c7b-1d37-448d-8d57-43d254561693-SegmentedRaftLogWorker:Storage Directory /workdir/hadoop-ozone/integration-test/target/test-dir/MiniOzoneClusterImpl-3b2755de-4cfe-4b43-9e0d-73dd8eda8f75/datanode-0/data/ratis/180b95ab-2348-4fbe-9c3c-d04acbf66747 for RaftStorage:Storage Directory /workdir/hadoop-ozone/integration-test/target/test-dir/MiniOzoneClusterImpl-3b2755de-4cfe-4b43-9e0d-73dd8eda8f75/datanode-0/data/ratis/180b95ab-2348-4fbe-9c3c-d04acbf66747
2019-09-19 14:04:51,082 [pool-58-thread-1] INFO  server.RaftServerConfigKeys (ConfUtils.java:logGet(43)) - raft.server.log.queue.byte-limit = 2147483647 (custom)
2019-09-19 14:04:51,082 [pool-58-thread-1] INFO  server.RaftServerConfigKeys (ConfUtils.java:logGet(43)) - raft.server.log.queue.element-limit = 1024 (custom)
2019-09-19 14:04:51,082 [pool-58-thread-1] INFO  server.RaftServerConfigKeys (ConfUtils.java:logGet(43)) - raft.server.log.segment.size.max = 1048576 (custom)
2019-09-19 14:04:51,082 [pool-58-thread-1] INFO  server.RaftServerConfigKeys (ConfUtils.java:logGet(43)) - raft.server.log.preallocated.size = 16384 (custom)
2019-09-19 14:04:51,083 [pool-58-thread-1] INFO  server.RaftServerConfigKeys (ConfUtils.java:logGet(43)) - raft.server.log.write.buffer.size = 33554432 (custom)
2019-09-19 14:04:51,083 [pool-58-thread-1] INFO  server.RaftServerConfigKeys (ConfUtils.java:logGet(43)) - raft.server.log.force.sync.num = 128 (default)
2019-09-19 14:04:51,083 [pool-58-thread-1] INFO  server.RaftServerConfigKeys (ConfUtils.java:logGet(43)) - raft.server.log.statemachine.data.sync = true (default)
2019-09-19 14:04:51,083 [pool-58-thread-1] INFO  server.RaftServerConfigKeys (ConfUtils.java:logGet(43)) - raft.server.log.statemachine.data.sync.timeout = 10s (default)
2019-09-19 14:04:51,083 [pool-58-thread-1] INFO  server.RaftServerConfigKeys (ConfUtils.java:logGet(43)) - raft.server.log.statemachine.data.sync.timeout.retry = -1 (default)
2019-09-19 14:04:51,083 [pool-58-thread-1] INFO  server.RaftServerConfigKeys (ConfUtils.java:logGet(43)) - raft.server.log.statemachine.data.caching.enabled = true (custom)
2019-09-19 14:04:51,083 [pool-58-thread-1] INFO  segmented.SegmentedRaftLogWorker (SegmentedRaftLogWorker.java:lambda$new$0(132)) - dcc77c7b-1d37-448d-8d57-43d254561693-SegmentedRaftLogWorker:Storage Directory /workdir/hadoop-ozone/integration-test/target/test-dir/MiniOzoneClusterImpl-3b2755de-4cfe-4b43-9e0d-73dd8eda8f75/datanode-0/data/ratis/180b95ab-2348-4fbe-9c3c-d04acbf66747: flushIndex: setUnconditionally 0 -> -1
2019-09-19 14:04:51,084 [pool-58-thread-1] INFO  server.RaftServerConfigKeys (ConfUtils.java:logGet(43)) - raft.server.snapshot.auto.trigger.enabled = true (custom)
2019-09-19 14:04:51,084 [pool-58-thread-1] INFO  server.RaftServerConfigKeys (ConfUtils.java:logGet(43)) - raft.server.snapshot.auto.trigger.threshold = 1 (custom)
2019-09-19 14:04:51,084 [pool-58-thread-1] INFO  server.RaftServerConfigKeys (ConfUtils.java:logGet(43)) - raft.server.retrycache.expirytime = 600000ms (custom)
2019-09-19 14:04:51,084 [pool-58-thread-1] INFO  impl.RaftServerImpl (RaftServerImpl.java:start(180)) - dcc77c7b-1d37-448d-8d57-43d254561693: start group-D04ACBF66747
2019-09-19 14:04:51,084 [pool-58-thread-1] INFO  impl.RaftServerImpl (RaftServerImpl.java:setRole(171)) - dcc77c7b-1d37-448d-8d57-43d254561693:group-D04ACBF66747 changes role from null to FOLLOWER at term 0 for startAsFollower
2019-09-19 14:04:51,084 [pool-58-thread-1] INFO  impl.RoleInfo (RoleInfo.java:updateAndGet(143)) - dcc77c7b-1d37-448d-8d57-43d254561693: start FollowerState
2019-09-19 14:04:51,084 [pool-58-thread-1] INFO  util.JmxRegister (JmxRegister.java:tryRegister(44)) - Successfully registered JMX Bean with object name Ratis:service=RaftServer,group=group-D04ACBF66747,id=dcc77c7b-1d37-448d-8d57-43d254561693
2019-09-19 14:04:51,086 [RatisPipelineUtilsThread] INFO  pipeline.PipelineStateManager (PipelineStateManager.java:addPipeline(56)) - Created pipeline Pipeline[ Id: 180b95ab-2348-4fbe-9c3c-d04acbf66747, Nodes: dcc77c7b-1d37-448d-8d57-43d254561693{ip: 192.168.157.226, host: pr-hdds-1569-swxfz-3172132826, networkLocation: /default-rack, certSerialId: null}, Type:RATIS, Factor:ONE, State:OPEN]
2019-09-19 14:04:51,088 [grpc-default-executor-1] INFO  impl.RaftServerProxy (RaftServerProxy.java:addNew(89)) - dcc77c7b-1d37-448d-8d57-43d254561693: addNew group-46D08AB6022E:[dcc77c7b-1d37-448d-8d57-43d254561693:192.168.157.226:34527] returns group-46D08AB6022E:java.util.concurrent.CompletableFuture@3f2a3b4f[Not completed]
2019-09-19 14:04:51,089 [pool-58-thread-1] INFO  impl.RaftServerImpl (RaftServerImpl.java:<init>(93)) - dcc77c7b-1d37-448d-8d57-43d254561693: new RaftServerImpl for group-46D08AB6022E:[dcc77c7b-1d37-448d-8d57-43d254561693:192.168.157.226:34527] with ContainerStateMachine:uninitialized
2019-09-19 14:04:51,089 [pool-58-thread-1] INFO  server.RaftServerConfigKeys (ConfUtils.java:logGet(43)) - raft.server.rpc.timeout.min = 5s (custom)
2019-09-19 14:04:51,089 [pool-58-thread-1] INFO  server.RaftServerConfigKeys (ConfUtils.java:logGet(43)) - raft.server.rpc.timeout.max = 5200ms (custom)
2019-09-19 14:04:51,089 [pool-58-thread-1] INFO  server.RaftServerConfigKeys (ConfUtils.java:logGet(43)) - raft.server.rpcslowness.timeout = 120s (custom)
2019-09-19 14:04:51,089 [pool-58-thread-1] INFO  server.RaftServerConfigKeys (ConfUtils.java:logGet(43)) - raft.server.sleep.deviation.threshold = 300 (default)
2019-09-19 14:04:51,089 [pool-58-thread-1] INFO  server.RaftServerConfigKeys (ConfUtils.java:logGet(43)) - raft.server.log.appender.install.snapshot.enabled = false (custom)
2019-09-19 14:04:51,089 [pool-58-thread-1] INFO  impl.RaftServerImpl (ServerState.java:<init>(105)) - dcc77c7b-1d37-448d-8d57-43d254561693:group-46D08AB6022E ConfigurationManager, init=-1: [dcc77c7b-1d37-448d-8d57-43d254561693:192.168.157.226:34527], old=null, confs=<EMPTY_MAP>
2019-09-19 14:04:51,089 [pool-58-thread-1] INFO  server.RaftServerConfigKeys (ConfUtils.java:logGet(43)) - raft.server.storage.dir = [/workdir/hadoop-ozone/integration-test/target/test-dir/MiniOzoneClusterImpl-3b2755de-4cfe-4b43-9e0d-73dd8eda8f75/datanode-0/data/ratis] (custom)
2019-09-19 14:04:51,090 [pool-58-thread-1] INFO  storage.RaftStorageDirectory (RaftStorageDirectory.java:analyzeStorage(246)) - The storage directory /workdir/hadoop-ozone/integration-test/target/test-dir/MiniOzoneClusterImpl-3b2755de-4cfe-4b43-9e0d-73dd8eda8f75/datanode-0/data/ratis/5179105a-429b-418c-871a-46d08ab6022e does not exist. Creating ...
2019-09-19 14:04:51,102 [pool-58-thread-1] INFO  storage.RaftStorageDirectory (RaftStorageDirectory.java:tryLock(328)) - Lock on /workdir/hadoop-ozone/integration-test/target/test-dir/MiniOzoneClusterImpl-3b2755de-4cfe-4b43-9e0d-73dd8eda8f75/datanode-0/data/ratis/5179105a-429b-418c-871a-46d08ab6022e/in_use.lock acquired by nodename 30982@pr-hdds-1569-swxfz-3172132826
2019-09-19 14:04:51,115 [pool-58-thread-1] INFO  storage.RaftStorage (RaftStorage.java:format(72)) - Storage directory /workdir/hadoop-ozone/integration-test/target/test-dir/MiniOzoneClusterImpl-3b2755de-4cfe-4b43-9e0d-73dd8eda8f75/datanode-0/data/ratis/5179105a-429b-418c-871a-46d08ab6022e has been successfully formatted.
2019-09-19 14:04:51,116 [pool-58-thread-1] INFO  ratis.ContainerStateMachine (ContainerStateMachine.java:loadSnapshot(226)) - group-46D08AB6022E: The snapshot info is null. Setting the last applied indexto:(t:0, i:~)
2019-09-19 14:04:51,116 [pool-58-thread-1] INFO  server.RaftServerConfigKeys (ConfUtils.java:logGet(43)) - raft.server.leader.election.timeout = 120s (custom)
2019-09-19 14:04:51,116 [pool-58-thread-1] INFO  server.RaftServerConfigKeys (ConfUtils.java:logGet(43)) - raft.server.log.use.memory = false (default)
2019-09-19 14:04:51,116 [pool-58-thread-1] INFO  server.RaftServerConfigKeys (ConfUtils.java:logGet(43)) - raft.server.log.purge.gap = 1000000 (custom)
2019-09-19 14:04:51,116 [pool-58-thread-1] INFO  server.RaftServerConfigKeys (ConfUtils.java:logGet(43)) - raft.server.log.appender.buffer.byte-limit = 33554432 (custom)
2019-09-19 14:04:51,117 [pool-58-thread-1] INFO  server.RaftServerConfigKeys (ConfUtils.java:logGet(43)) - raft.server.log.segment.size.max = 1048576 (custom)
2019-09-19 14:04:51,117 [pool-58-thread-1] INFO  server.RaftServerConfigKeys (ConfUtils.java:logGet(43)) - raft.server.log.segment.cache.num.max = 2 (custom)
2019-09-19 14:04:51,117 [pool-58-thread-1] INFO  segmented.SegmentedRaftLogWorker (SegmentedRaftLogWorker.java:<init>(172)) - new dcc77c7b-1d37-448d-8d57-43d254561693-SegmentedRaftLogWorker:Storage Directory /workdir/hadoop-ozone/integration-test/target/test-dir/MiniOzoneClusterImpl-3b2755de-4cfe-4b43-9e0d-73dd8eda8f75/datanode-0/data/ratis/5179105a-429b-418c-871a-46d08ab6022e for RaftStorage:Storage Directory /workdir/hadoop-ozone/integration-test/target/test-dir/MiniOzoneClusterImpl-3b2755de-4cfe-4b43-9e0d-73dd8eda8f75/datanode-0/data/ratis/5179105a-429b-418c-871a-46d08ab6022e
2019-09-19 14:04:51,117 [pool-58-thread-1] INFO  server.RaftServerConfigKeys (ConfUtils.java:logGet(43)) - raft.server.log.queue.byte-limit = 2147483647 (custom)
2019-09-19 14:04:51,117 [pool-58-thread-1] INFO  server.RaftServerConfigKeys (ConfUtils.java:logGet(43)) - raft.server.log.queue.element-limit = 1024 (custom)
2019-09-19 14:04:51,117 [pool-58-thread-1] INFO  server.RaftServerConfigKeys (ConfUtils.java:logGet(43)) - raft.server.log.segment.size.max = 1048576 (custom)
2019-09-19 14:04:51,117 [pool-58-thread-1] INFO  server.RaftServerConfigKeys (ConfUtils.java:logGet(43)) - raft.server.log.preallocated.size = 16384 (custom)
2019-09-19 14:04:51,117 [pool-58-thread-1] INFO  server.RaftServerConfigKeys (ConfUtils.java:logGet(43)) - raft.server.log.write.buffer.size = 33554432 (custom)
2019-09-19 14:04:51,118 [pool-58-thread-1] INFO  server.RaftServerConfigKeys (ConfUtils.java:logGet(43)) - raft.server.log.force.sync.num = 128 (default)
2019-09-19 14:04:51,118 [pool-58-thread-1] INFO  server.RaftServerConfigKeys (ConfUtils.java:logGet(43)) - raft.server.log.statemachine.data.sync = true (default)
2019-09-19 14:04:51,118 [pool-58-thread-1] INFO  server.RaftServerConfigKeys (ConfUtils.java:logGet(43)) - raft.server.log.statemachine.data.sync.timeout = 10s (default)
2019-09-19 14:04:51,118 [pool-58-thread-1] INFO  server.RaftServerConfigKeys (ConfUtils.java:logGet(43)) - raft.server.log.statemachine.data.sync.timeout.retry = -1 (default)
2019-09-19 14:04:51,118 [pool-58-thread-1] INFO  server.RaftServerConfigKeys (ConfUtils.java:logGet(43)) - raft.server.log.statemachine.data.caching.enabled = true (custom)
2019-09-19 14:04:51,118 [pool-58-thread-1] INFO  segmented.SegmentedRaftLogWorker (SegmentedRaftLogWorker.java:lambda$new$0(132)) - dcc77c7b-1d37-448d-8d57-43d254561693-SegmentedRaftLogWorker:Storage Directory /workdir/hadoop-ozone/integration-test/target/test-dir/MiniOzoneClusterImpl-3b2755de-4cfe-4b43-9e0d-73dd8eda8f75/datanode-0/data/ratis/5179105a-429b-418c-871a-46d08ab6022e: flushIndex: setUnconditionally 0 -> -1
2019-09-19 14:04:51,119 [pool-58-thread-1] INFO  server.RaftServerConfigKeys (ConfUtils.java:logGet(43)) - raft.server.snapshot.auto.trigger.enabled = true (custom)
2019-09-19 14:04:51,119 [pool-58-thread-1] INFO  server.RaftServerConfigKeys (ConfUtils.java:logGet(43)) - raft.server.snapshot.auto.trigger.threshold = 1 (custom)
2019-09-19 14:04:51,119 [pool-58-thread-1] INFO  server.RaftServerConfigKeys (ConfUtils.java:logGet(43)) - raft.server.retrycache.expirytime = 600000ms (custom)
2019-09-19 14:04:51,119 [pool-58-thread-1] INFO  impl.RaftServerImpl (RaftServerImpl.java:start(180)) - dcc77c7b-1d37-448d-8d57-43d254561693: start group-46D08AB6022E
2019-09-19 14:04:51,119 [pool-58-thread-1] INFO  impl.RaftServerImpl (RaftServerImpl.java:setRole(171)) - dcc77c7b-1d37-448d-8d57-43d254561693:group-46D08AB6022E changes role from null to FOLLOWER at term 0 for startAsFollower
2019-09-19 14:04:51,119 [pool-58-thread-1] INFO  impl.RoleInfo (RoleInfo.java:updateAndGet(143)) - dcc77c7b-1d37-448d-8d57-43d254561693: start FollowerState
2019-09-19 14:04:51,120 [pool-58-thread-1] INFO  util.JmxRegister (JmxRegister.java:tryRegister(44)) - Successfully registered JMX Bean with object name Ratis:service=RaftServer,group=group-46D08AB6022E,id=dcc77c7b-1d37-448d-8d57-43d254561693
2019-09-19 14:04:51,121 [RatisPipelineUtilsThread] INFO  pipeline.PipelineStateManager (PipelineStateManager.java:addPipeline(56)) - Created pipeline Pipeline[ Id: 5179105a-429b-418c-871a-46d08ab6022e, Nodes: dcc77c7b-1d37-448d-8d57-43d254561693{ip: 192.168.157.226, host: pr-hdds-1569-swxfz-3172132826, networkLocation: /default-rack, certSerialId: null}, Type:RATIS, Factor:ONE, State:OPEN]
2019-09-19 14:04:51,123 [grpc-default-executor-1] INFO  impl.RaftServerProxy (RaftServerProxy.java:addNew(89)) - dcc77c7b-1d37-448d-8d57-43d254561693: addNew group-00ABCB16AA03:[dcc77c7b-1d37-448d-8d57-43d254561693:192.168.157.226:34527] returns group-00ABCB16AA03:java.util.concurrent.CompletableFuture@18aed953[Not completed]
2019-09-19 14:04:51,123 [pool-58-thread-1] INFO  impl.RaftServerImpl (RaftServerImpl.java:<init>(93)) - dcc77c7b-1d37-448d-8d57-43d254561693: new RaftServerImpl for group-00ABCB16AA03:[dcc77c7b-1d37-448d-8d57-43d254561693:192.168.157.226:34527] with ContainerStateMachine:uninitialized
2019-09-19 14:04:51,124 [pool-58-thread-1] INFO  server.RaftServerConfigKeys (ConfUtils.java:logGet(43)) - raft.server.rpc.timeout.min = 5s (custom)
2019-09-19 14:04:51,124 [pool-58-thread-1] INFO  server.RaftServerConfigKeys (ConfUtils.java:logGet(43)) - raft.server.rpc.timeout.max = 5200ms (custom)
2019-09-19 14:04:51,124 [pool-58-thread-1] INFO  server.RaftServerConfigKeys (ConfUtils.java:logGet(43)) - raft.server.rpcslowness.timeout = 120s (custom)
2019-09-19 14:04:51,124 [pool-58-thread-1] INFO  server.RaftServerConfigKeys (ConfUtils.java:logGet(43)) - raft.server.sleep.deviation.threshold = 300 (default)
2019-09-19 14:04:51,124 [pool-58-thread-1] INFO  server.RaftServerConfigKeys (ConfUtils.java:logGet(43)) - raft.server.log.appender.install.snapshot.enabled = false (custom)
2019-09-19 14:04:51,124 [pool-58-thread-1] INFO  impl.RaftServerImpl (ServerState.java:<init>(105)) - dcc77c7b-1d37-448d-8d57-43d254561693:group-00ABCB16AA03 ConfigurationManager, init=-1: [dcc77c7b-1d37-448d-8d57-43d254561693:192.168.157.226:34527], old=null, confs=<EMPTY_MAP>
2019-09-19 14:04:51,124 [pool-58-thread-1] INFO  server.RaftServerConfigKeys (ConfUtils.java:logGet(43)) - raft.server.storage.dir = [/workdir/hadoop-ozone/integration-test/target/test-dir/MiniOzoneClusterImpl-3b2755de-4cfe-4b43-9e0d-73dd8eda8f75/datanode-0/data/ratis] (custom)
2019-09-19 14:04:51,124 [pool-58-thread-1] INFO  storage.RaftStorageDirectory (RaftStorageDirectory.java:analyzeStorage(246)) - The storage directory /workdir/hadoop-ozone/integration-test/target/test-dir/MiniOzoneClusterImpl-3b2755de-4cfe-4b43-9e0d-73dd8eda8f75/datanode-0/data/ratis/2fea3c3c-6ec9-4356-9fdc-00abcb16aa03 does not exist. Creating ...
2019-09-19 14:04:51,137 [pool-58-thread-1] INFO  storage.RaftStorageDirectory (RaftStorageDirectory.java:tryLock(328)) - Lock on /workdir/hadoop-ozone/integration-test/target/test-dir/MiniOzoneClusterImpl-3b2755de-4cfe-4b43-9e0d-73dd8eda8f75/datanode-0/data/ratis/2fea3c3c-6ec9-4356-9fdc-00abcb16aa03/in_use.lock acquired by nodename 30982@pr-hdds-1569-swxfz-3172132826
2019-09-19 14:04:51,176 [pool-58-thread-1] INFO  storage.RaftStorage (RaftStorage.java:format(72)) - Storage directory /workdir/hadoop-ozone/integration-test/target/test-dir/MiniOzoneClusterImpl-3b2755de-4cfe-4b43-9e0d-73dd8eda8f75/datanode-0/data/ratis/2fea3c3c-6ec9-4356-9fdc-00abcb16aa03 has been successfully formatted.
2019-09-19 14:04:51,177 [pool-58-thread-1] INFO  ratis.ContainerStateMachine (ContainerStateMachine.java:loadSnapshot(226)) - group-00ABCB16AA03: The snapshot info is null. Setting the last applied indexto:(t:0, i:~)
2019-09-19 14:04:51,177 [pool-58-thread-1] INFO  server.RaftServerConfigKeys (ConfUtils.java:logGet(43)) - raft.server.leader.election.timeout = 120s (custom)
2019-09-19 14:04:51,177 [pool-58-thread-1] INFO  server.RaftServerConfigKeys (ConfUtils.java:logGet(43)) - raft.server.log.use.memory = false (default)
2019-09-19 14:04:51,177 [pool-58-thread-1] INFO  server.RaftServerConfigKeys (ConfUtils.java:logGet(43)) - raft.server.log.purge.gap = 1000000 (custom)
2019-09-19 14:04:51,177 [pool-58-thread-1] INFO  server.RaftServerConfigKeys (ConfUtils.java:logGet(43)) - raft.server.log.appender.buffer.byte-limit = 33554432 (custom)
2019-09-19 14:04:51,177 [pool-58-thread-1] INFO  server.RaftServerConfigKeys (ConfUtils.java:logGet(43)) - raft.server.log.segment.size.max = 1048576 (custom)
2019-09-19 14:04:51,177 [pool-58-thread-1] INFO  server.RaftServerConfigKeys (ConfUtils.java:logGet(43)) - raft.server.log.segment.cache.num.max = 2 (custom)
2019-09-19 14:04:51,177 [pool-58-thread-1] INFO  segmented.SegmentedRaftLogWorker (SegmentedRaftLogWorker.java:<init>(172)) - new dcc77c7b-1d37-448d-8d57-43d254561693-SegmentedRaftLogWorker:Storage Directory /workdir/hadoop-ozone/integration-test/target/test-dir/MiniOzoneClusterImpl-3b2755de-4cfe-4b43-9e0d-73dd8eda8f75/datanode-0/data/ratis/2fea3c3c-6ec9-4356-9fdc-00abcb16aa03 for RaftStorage:Storage Directory /workdir/hadoop-ozone/integration-test/target/test-dir/MiniOzoneClusterImpl-3b2755de-4cfe-4b43-9e0d-73dd8eda8f75/datanode-0/data/ratis/2fea3c3c-6ec9-4356-9fdc-00abcb16aa03
2019-09-19 14:04:51,177 [pool-58-thread-1] INFO  server.RaftServerConfigKeys (ConfUtils.java:logGet(43)) - raft.server.log.queue.byte-limit = 2147483647 (custom)
2019-09-19 14:04:51,177 [pool-58-thread-1] INFO  server.RaftServerConfigKeys (ConfUtils.java:logGet(43)) - raft.server.log.queue.element-limit = 1024 (custom)
2019-09-19 14:04:51,177 [pool-58-thread-1] INFO  server.RaftServerConfigKeys (ConfUtils.java:logGet(43)) - raft.server.log.segment.size.max = 1048576 (custom)
2019-09-19 14:04:51,177 [pool-58-thread-1] INFO  server.RaftServerConfigKeys (ConfUtils.java:logGet(43)) - raft.server.log.preallocated.size = 16384 (custom)
2019-09-19 14:04:51,178 [pool-58-thread-1] INFO  server.RaftServerConfigKeys (ConfUtils.java:logGet(43)) - raft.server.log.write.buffer.size = 33554432 (custom)
2019-09-19 14:04:51,178 [pool-58-thread-1] INFO  server.RaftServerConfigKeys (ConfUtils.java:logGet(43)) - raft.server.log.force.sync.num = 128 (default)
2019-09-19 14:04:51,178 [pool-58-thread-1] INFO  server.RaftServerConfigKeys (ConfUtils.java:logGet(43)) - raft.server.log.statemachine.data.sync = true (default)
2019-09-19 14:04:51,178 [pool-58-thread-1] INFO  server.RaftServerConfigKeys (ConfUtils.java:logGet(43)) - raft.server.log.statemachine.data.sync.timeout = 10s (default)
2019-09-19 14:04:51,178 [pool-58-thread-1] INFO  server.RaftServerConfigKeys (ConfUtils.java:logGet(43)) - raft.server.log.statemachine.data.sync.timeout.retry = -1 (default)
2019-09-19 14:04:51,178 [pool-58-thread-1] INFO  server.RaftServerConfigKeys (ConfUtils.java:logGet(43)) - raft.server.log.statemachine.data.caching.enabled = true (custom)
2019-09-19 14:04:51,178 [pool-58-thread-1] INFO  segmented.SegmentedRaftLogWorker (SegmentedRaftLogWorker.java:lambda$new$0(132)) - dcc77c7b-1d37-448d-8d57-43d254561693-SegmentedRaftLogWorker:Storage Directory /workdir/hadoop-ozone/integration-test/target/test-dir/MiniOzoneClusterImpl-3b2755de-4cfe-4b43-9e0d-73dd8eda8f75/datanode-0/data/ratis/2fea3c3c-6ec9-4356-9fdc-00abcb16aa03: flushIndex: setUnconditionally 0 -> -1
2019-09-19 14:04:51,178 [pool-58-thread-1] INFO  server.RaftServerConfigKeys (ConfUtils.java:logGet(43)) - raft.server.snapshot.auto.trigger.enabled = true (custom)
2019-09-19 14:04:51,178 [pool-58-thread-1] INFO  server.RaftServerConfigKeys (ConfUtils.java:logGet(43)) - raft.server.snapshot.auto.trigger.threshold = 1 (custom)
2019-09-19 14:04:51,179 [pool-58-thread-1] INFO  server.RaftServerConfigKeys (ConfUtils.java:logGet(43)) - raft.server.retrycache.expirytime = 600000ms (custom)
2019-09-19 14:04:51,179 [pool-58-thread-1] INFO  impl.RaftServerImpl (RaftServerImpl.java:start(180)) - dcc77c7b-1d37-448d-8d57-43d254561693: start group-00ABCB16AA03
2019-09-19 14:04:51,179 [pool-58-thread-1] INFO  impl.RaftServerImpl (RaftServerImpl.java:setRole(171)) - dcc77c7b-1d37-448d-8d57-43d254561693:group-00ABCB16AA03 changes role from null to FOLLOWER at term 0 for startAsFollower
2019-09-19 14:04:51,179 [pool-58-thread-1] INFO  impl.RoleInfo (RoleInfo.java:updateAndGet(143)) - dcc77c7b-1d37-448d-8d57-43d254561693: start FollowerState
2019-09-19 14:04:51,179 [pool-58-thread-1] INFO  util.JmxRegister (JmxRegister.java:tryRegister(44)) - Successfully registered JMX Bean with object name Ratis:service=RaftServer,group=group-00ABCB16AA03,id=dcc77c7b-1d37-448d-8d57-43d254561693
2019-09-19 14:04:51,180 [RatisPipelineUtilsThread] INFO  pipeline.PipelineStateManager (PipelineStateManager.java:addPipeline(56)) - Created pipeline Pipeline[ Id: 2fea3c3c-6ec9-4356-9fdc-00abcb16aa03, Nodes: dcc77c7b-1d37-448d-8d57-43d254561693{ip: 192.168.157.226, host: pr-hdds-1569-swxfz-3172132826, networkLocation: /default-rack, certSerialId: null}, Type:RATIS, Factor:ONE, State:OPEN]
2019-09-19 14:04:51,182 [grpc-default-executor-1] INFO  impl.RaftServerProxy (RaftServerProxy.java:addNew(89)) - dcc77c7b-1d37-448d-8d57-43d254561693: addNew group-DF36A57A9136:[dcc77c7b-1d37-448d-8d57-43d254561693:192.168.157.226:34527] returns group-DF36A57A9136:java.util.concurrent.CompletableFuture@631d280e[Not completed]
2019-09-19 14:04:51,183 [pool-58-thread-1] INFO  impl.RaftServerImpl (RaftServerImpl.java:<init>(93)) - dcc77c7b-1d37-448d-8d57-43d254561693: new RaftServerImpl for group-DF36A57A9136:[dcc77c7b-1d37-448d-8d57-43d254561693:192.168.157.226:34527] with ContainerStateMachine:uninitialized
2019-09-19 14:04:51,183 [pool-58-thread-1] INFO  server.RaftServerConfigKeys (ConfUtils.java:logGet(43)) - raft.server.rpc.timeout.min = 5s (custom)
2019-09-19 14:04:51,183 [pool-58-thread-1] INFO  server.RaftServerConfigKeys (ConfUtils.java:logGet(43)) - raft.server.rpc.timeout.max = 5200ms (custom)
2019-09-19 14:04:51,183 [pool-58-thread-1] INFO  server.RaftServerConfigKeys (ConfUtils.java:logGet(43)) - raft.server.rpcslowness.timeout = 120s (custom)
2019-09-19 14:04:51,183 [pool-58-thread-1] INFO  server.RaftServerConfigKeys (ConfUtils.java:logGet(43)) - raft.server.sleep.deviation.threshold = 300 (default)
2019-09-19 14:04:51,183 [pool-58-thread-1] INFO  server.RaftServerConfigKeys (ConfUtils.java:logGet(43)) - raft.server.log.appender.install.snapshot.enabled = false (custom)
2019-09-19 14:04:51,183 [pool-58-thread-1] INFO  impl.RaftServerImpl (ServerState.java:<init>(105)) - dcc77c7b-1d37-448d-8d57-43d254561693:group-DF36A57A9136 ConfigurationManager, init=-1: [dcc77c7b-1d37-448d-8d57-43d254561693:192.168.157.226:34527], old=null, confs=<EMPTY_MAP>
2019-09-19 14:04:51,183 [pool-58-thread-1] INFO  server.RaftServerConfigKeys (ConfUtils.java:logGet(43)) - raft.server.storage.dir = [/workdir/hadoop-ozone/integration-test/target/test-dir/MiniOzoneClusterImpl-3b2755de-4cfe-4b43-9e0d-73dd8eda8f75/datanode-0/data/ratis] (custom)
2019-09-19 14:04:51,184 [pool-58-thread-1] INFO  storage.RaftStorageDirectory (RaftStorageDirectory.java:analyzeStorage(246)) - The storage directory /workdir/hadoop-ozone/integration-test/target/test-dir/MiniOzoneClusterImpl-3b2755de-4cfe-4b43-9e0d-73dd8eda8f75/datanode-0/data/ratis/5c09cb34-786b-45ad-934d-df36a57a9136 does not exist. Creating ...
2019-09-19 14:04:51,190 | INFO  | SCMAudit | user=jenkins1000 | ip=192.168.157.226 | op=SEND_HEARTBEAT {datanodeUUID=dcc77c7b-1d37-448d-8d57-43d254561693, command=[]} | ret=SUCCESS |  
2019-09-19 14:04:51,197 [pool-58-thread-1] INFO  storage.RaftStorageDirectory (RaftStorageDirectory.java:tryLock(328)) - Lock on /workdir/hadoop-ozone/integration-test/target/test-dir/MiniOzoneClusterImpl-3b2755de-4cfe-4b43-9e0d-73dd8eda8f75/datanode-0/data/ratis/5c09cb34-786b-45ad-934d-df36a57a9136/in_use.lock acquired by nodename 30982@pr-hdds-1569-swxfz-3172132826
2019-09-19 14:04:51,209 [pool-58-thread-1] INFO  storage.RaftStorage (RaftStorage.java:format(72)) - Storage directory /workdir/hadoop-ozone/integration-test/target/test-dir/MiniOzoneClusterImpl-3b2755de-4cfe-4b43-9e0d-73dd8eda8f75/datanode-0/data/ratis/5c09cb34-786b-45ad-934d-df36a57a9136 has been successfully formatted.
2019-09-19 14:04:51,209 [pool-58-thread-1] INFO  ratis.ContainerStateMachine (ContainerStateMachine.java:loadSnapshot(226)) - group-DF36A57A9136: The snapshot info is null. Setting the last applied indexto:(t:0, i:~)
2019-09-19 14:04:51,209 [pool-58-thread-1] INFO  server.RaftServerConfigKeys (ConfUtils.java:logGet(43)) - raft.server.leader.election.timeout = 120s (custom)
2019-09-19 14:04:51,209 [pool-58-thread-1] INFO  server.RaftServerConfigKeys (ConfUtils.java:logGet(43)) - raft.server.log.use.memory = false (default)
2019-09-19 14:04:51,209 [pool-58-thread-1] INFO  server.RaftServerConfigKeys (ConfUtils.java:logGet(43)) - raft.server.log.purge.gap = 1000000 (custom)
2019-09-19 14:04:51,209 [pool-58-thread-1] INFO  server.RaftServerConfigKeys (ConfUtils.java:logGet(43)) - raft.server.log.appender.buffer.byte-limit = 33554432 (custom)
2019-09-19 14:04:51,210 [pool-58-thread-1] INFO  server.RaftServerConfigKeys (ConfUtils.java:logGet(43)) - raft.server.log.segment.size.max = 1048576 (custom)
2019-09-19 14:04:51,210 [pool-58-thread-1] INFO  server.RaftServerConfigKeys (ConfUtils.java:logGet(43)) - raft.server.log.segment.cache.num.max = 2 (custom)
2019-09-19 14:04:51,210 [pool-58-thread-1] INFO  segmented.SegmentedRaftLogWorker (SegmentedRaftLogWorker.java:<init>(172)) - new dcc77c7b-1d37-448d-8d57-43d254561693-SegmentedRaftLogWorker:Storage Directory /workdir/hadoop-ozone/integration-test/target/test-dir/MiniOzoneClusterImpl-3b2755de-4cfe-4b43-9e0d-73dd8eda8f75/datanode-0/data/ratis/5c09cb34-786b-45ad-934d-df36a57a9136 for RaftStorage:Storage Directory /workdir/hadoop-ozone/integration-test/target/test-dir/MiniOzoneClusterImpl-3b2755de-4cfe-4b43-9e0d-73dd8eda8f75/datanode-0/data/ratis/5c09cb34-786b-45ad-934d-df36a57a9136
2019-09-19 14:04:51,210 [pool-58-thread-1] INFO  server.RaftServerConfigKeys (ConfUtils.java:logGet(43)) - raft.server.log.queue.byte-limit = 2147483647 (custom)
2019-09-19 14:04:51,210 [pool-58-thread-1] INFO  server.RaftServerConfigKeys (ConfUtils.java:logGet(43)) - raft.server.log.queue.element-limit = 1024 (custom)
2019-09-19 14:04:51,210 [pool-58-thread-1] INFO  server.RaftServerConfigKeys (ConfUtils.java:logGet(43)) - raft.server.log.segment.size.max = 1048576 (custom)
2019-09-19 14:04:51,210 [pool-58-thread-1] INFO  server.RaftServerConfigKeys (ConfUtils.java:logGet(43)) - raft.server.log.preallocated.size = 16384 (custom)
2019-09-19 14:04:51,210 [pool-58-thread-1] INFO  server.RaftServerConfigKeys (ConfUtils.java:logGet(43)) - raft.server.log.write.buffer.size = 33554432 (custom)
2019-09-19 14:04:51,210 [pool-58-thread-1] INFO  server.RaftServerConfigKeys (ConfUtils.java:logGet(43)) - raft.server.log.force.sync.num = 128 (default)
2019-09-19 14:04:51,210 [pool-58-thread-1] INFO  server.RaftServerConfigKeys (ConfUtils.java:logGet(43)) - raft.server.log.statemachine.data.sync = true (default)
2019-09-19 14:04:51,210 [pool-58-thread-1] INFO  server.RaftServerConfigKeys (ConfUtils.java:logGet(43)) - raft.server.log.statemachine.data.sync.timeout = 10s (default)
2019-09-19 14:04:51,210 [pool-58-thread-1] INFO  server.RaftServerConfigKeys (ConfUtils.java:logGet(43)) - raft.server.log.statemachine.data.sync.timeout.retry = -1 (default)
2019-09-19 14:04:51,211 [pool-58-thread-1] INFO  server.RaftServerConfigKeys (ConfUtils.java:logGet(43)) - raft.server.log.statemachine.data.caching.enabled = true (custom)
2019-09-19 14:04:51,211 [pool-58-thread-1] INFO  segmented.SegmentedRaftLogWorker (SegmentedRaftLogWorker.java:lambda$new$0(132)) - dcc77c7b-1d37-448d-8d57-43d254561693-SegmentedRaftLogWorker:Storage Directory /workdir/hadoop-ozone/integration-test/target/test-dir/MiniOzoneClusterImpl-3b2755de-4cfe-4b43-9e0d-73dd8eda8f75/datanode-0/data/ratis/5c09cb34-786b-45ad-934d-df36a57a9136: flushIndex: setUnconditionally 0 -> -1
2019-09-19 14:04:51,211 [pool-58-thread-1] INFO  server.RaftServerConfigKeys (ConfUtils.java:logGet(43)) - raft.server.snapshot.auto.trigger.enabled = true (custom)
2019-09-19 14:04:51,211 [pool-58-thread-1] INFO  server.RaftServerConfigKeys (ConfUtils.java:logGet(43)) - raft.server.snapshot.auto.trigger.threshold = 1 (custom)
2019-09-19 14:04:51,211 [pool-58-thread-1] INFO  server.RaftServerConfigKeys (ConfUtils.java:logGet(43)) - raft.server.retrycache.expirytime = 600000ms (custom)
2019-09-19 14:04:51,211 [pool-58-thread-1] INFO  impl.RaftServerImpl (RaftServerImpl.java:start(180)) - dcc77c7b-1d37-448d-8d57-43d254561693: start group-DF36A57A9136
2019-09-19 14:04:51,211 [pool-58-thread-1] INFO  impl.RaftServerImpl (RaftServerImpl.java:setRole(171)) - dcc77c7b-1d37-448d-8d57-43d254561693:group-DF36A57A9136 changes role from null to FOLLOWER at term 0 for startAsFollower
2019-09-19 14:04:51,211 [pool-58-thread-1] INFO  impl.RoleInfo (RoleInfo.java:updateAndGet(143)) - dcc77c7b-1d37-448d-8d57-43d254561693: start FollowerState
2019-09-19 14:04:51,212 [pool-58-thread-1] INFO  util.JmxRegister (JmxRegister.java:tryRegister(44)) - Successfully registered JMX Bean with object name Ratis:service=RaftServer,group=group-DF36A57A9136,id=dcc77c7b-1d37-448d-8d57-43d254561693
2019-09-19 14:04:51,213 [RatisPipelineUtilsThread] INFO  pipeline.PipelineStateManager (PipelineStateManager.java:addPipeline(56)) - Created pipeline Pipeline[ Id: 5c09cb34-786b-45ad-934d-df36a57a9136, Nodes: dcc77c7b-1d37-448d-8d57-43d254561693{ip: 192.168.157.226, host: pr-hdds-1569-swxfz-3172132826, networkLocation: /default-rack, certSerialId: null}, Type:RATIS, Factor:ONE, State:OPEN]
2019-09-19 14:04:51,215 [grpc-default-executor-1] INFO  impl.RaftServerProxy (RaftServerProxy.java:addNew(89)) - dcc77c7b-1d37-448d-8d57-43d254561693: addNew group-A8E7F9479FC5:[dcc77c7b-1d37-448d-8d57-43d254561693:192.168.157.226:34527] returns group-A8E7F9479FC5:java.util.concurrent.CompletableFuture@60f0bdb4[Not completed]
2019-09-19 14:04:51,215 [pool-58-thread-1] INFO  impl.RaftServerImpl (RaftServerImpl.java:<init>(93)) - dcc77c7b-1d37-448d-8d57-43d254561693: new RaftServerImpl for group-A8E7F9479FC5:[dcc77c7b-1d37-448d-8d57-43d254561693:192.168.157.226:34527] with ContainerStateMachine:uninitialized
2019-09-19 14:04:51,216 [pool-58-thread-1] INFO  server.RaftServerConfigKeys (ConfUtils.java:logGet(43)) - raft.server.rpc.timeout.min = 5s (custom)
2019-09-19 14:04:51,216 [pool-58-thread-1] INFO  server.RaftServerConfigKeys (ConfUtils.java:logGet(43)) - raft.server.rpc.timeout.max = 5200ms (custom)
2019-09-19 14:04:51,216 [pool-58-thread-1] INFO  server.RaftServerConfigKeys (ConfUtils.java:logGet(43)) - raft.server.rpcslowness.timeout = 120s (custom)
2019-09-19 14:04:51,216 [pool-58-thread-1] INFO  server.RaftServerConfigKeys (ConfUtils.java:logGet(43)) - raft.server.sleep.deviation.threshold = 300 (default)
2019-09-19 14:04:51,216 [pool-58-thread-1] INFO  server.RaftServerConfigKeys (ConfUtils.java:logGet(43)) - raft.server.log.appender.install.snapshot.enabled = false (custom)
2019-09-19 14:04:51,216 [pool-58-thread-1] INFO  impl.RaftServerImpl (ServerState.java:<init>(105)) - dcc77c7b-1d37-448d-8d57-43d254561693:group-A8E7F9479FC5 ConfigurationManager, init=-1: [dcc77c7b-1d37-448d-8d57-43d254561693:192.168.157.226:34527], old=null, confs=<EMPTY_MAP>
2019-09-19 14:04:51,216 [pool-58-thread-1] INFO  server.RaftServerConfigKeys (ConfUtils.java:logGet(43)) - raft.server.storage.dir = [/workdir/hadoop-ozone/integration-test/target/test-dir/MiniOzoneClusterImpl-3b2755de-4cfe-4b43-9e0d-73dd8eda8f75/datanode-0/data/ratis] (custom)
2019-09-19 14:04:51,216 [pool-58-thread-1] INFO  storage.RaftStorageDirectory (RaftStorageDirectory.java:analyzeStorage(246)) - The storage directory /workdir/hadoop-ozone/integration-test/target/test-dir/MiniOzoneClusterImpl-3b2755de-4cfe-4b43-9e0d-73dd8eda8f75/datanode-0/data/ratis/5f039e0b-2746-4771-9cdf-a8e7f9479fc5 does not exist. Creating ...
2019-09-19 14:04:51,237 [pool-58-thread-1] INFO  storage.RaftStorageDirectory (RaftStorageDirectory.java:tryLock(328)) - Lock on /workdir/hadoop-ozone/integration-test/target/test-dir/MiniOzoneClusterImpl-3b2755de-4cfe-4b43-9e0d-73dd8eda8f75/datanode-0/data/ratis/5f039e0b-2746-4771-9cdf-a8e7f9479fc5/in_use.lock acquired by nodename 30982@pr-hdds-1569-swxfz-3172132826
2019-09-19 14:04:51,250 [pool-58-thread-1] INFO  storage.RaftStorage (RaftStorage.java:format(72)) - Storage directory /workdir/hadoop-ozone/integration-test/target/test-dir/MiniOzoneClusterImpl-3b2755de-4cfe-4b43-9e0d-73dd8eda8f75/datanode-0/data/ratis/5f039e0b-2746-4771-9cdf-a8e7f9479fc5 has been successfully formatted.
2019-09-19 14:04:51,250 [pool-58-thread-1] INFO  ratis.ContainerStateMachine (ContainerStateMachine.java:loadSnapshot(226)) - group-A8E7F9479FC5: The snapshot info is null. Setting the last applied indexto:(t:0, i:~)
2019-09-19 14:04:51,250 [pool-58-thread-1] INFO  server.RaftServerConfigKeys (ConfUtils.java:logGet(43)) - raft.server.leader.election.timeout = 120s (custom)
2019-09-19 14:04:51,250 [pool-58-thread-1] INFO  server.RaftServerConfigKeys (ConfUtils.java:logGet(43)) - raft.server.log.use.memory = false (default)
2019-09-19 14:04:51,250 [pool-58-thread-1] INFO  server.RaftServerConfigKeys (ConfUtils.java:logGet(43)) - raft.server.log.purge.gap = 1000000 (custom)
2019-09-19 14:04:51,251 [pool-58-thread-1] INFO  server.RaftServerConfigKeys (ConfUtils.java:logGet(43)) - raft.server.log.appender.buffer.byte-limit = 33554432 (custom)
2019-09-19 14:04:51,251 [pool-58-thread-1] INFO  server.RaftServerConfigKeys (ConfUtils.java:logGet(43)) - raft.server.log.segment.size.max = 1048576 (custom)
2019-09-19 14:04:51,251 [pool-58-thread-1] INFO  server.RaftServerConfigKeys (ConfUtils.java:logGet(43)) - raft.server.log.segment.cache.num.max = 2 (custom)
2019-09-19 14:04:51,251 [pool-58-thread-1] INFO  segmented.SegmentedRaftLogWorker (SegmentedRaftLogWorker.java:<init>(172)) - new dcc77c7b-1d37-448d-8d57-43d254561693-SegmentedRaftLogWorker:Storage Directory /workdir/hadoop-ozone/integration-test/target/test-dir/MiniOzoneClusterImpl-3b2755de-4cfe-4b43-9e0d-73dd8eda8f75/datanode-0/data/ratis/5f039e0b-2746-4771-9cdf-a8e7f9479fc5 for RaftStorage:Storage Directory /workdir/hadoop-ozone/integration-test/target/test-dir/MiniOzoneClusterImpl-3b2755de-4cfe-4b43-9e0d-73dd8eda8f75/datanode-0/data/ratis/5f039e0b-2746-4771-9cdf-a8e7f9479fc5
2019-09-19 14:04:51,251 [pool-58-thread-1] INFO  server.RaftServerConfigKeys (ConfUtils.java:logGet(43)) - raft.server.log.queue.byte-limit = 2147483647 (custom)
2019-09-19 14:04:51,251 [pool-58-thread-1] INFO  server.RaftServerConfigKeys (ConfUtils.java:logGet(43)) - raft.server.log.queue.element-limit = 1024 (custom)
2019-09-19 14:04:51,251 [pool-58-thread-1] INFO  server.RaftServerConfigKeys (ConfUtils.java:logGet(43)) - raft.server.log.segment.size.max = 1048576 (custom)
2019-09-19 14:04:51,251 [pool-58-thread-1] INFO  server.RaftServerConfigKeys (ConfUtils.java:logGet(43)) - raft.server.log.preallocated.size = 16384 (custom)
2019-09-19 14:04:51,251 [pool-58-thread-1] INFO  server.RaftServerConfigKeys (ConfUtils.java:logGet(43)) - raft.server.log.write.buffer.size = 33554432 (custom)
2019-09-19 14:04:51,251 [pool-58-thread-1] INFO  server.RaftServerConfigKeys (ConfUtils.java:logGet(43)) - raft.server.log.force.sync.num = 128 (default)
2019-09-19 14:04:51,252 [pool-58-thread-1] INFO  server.RaftServerConfigKeys (ConfUtils.java:logGet(43)) - raft.server.log.statemachine.data.sync = true (default)
2019-09-19 14:04:51,252 [pool-58-thread-1] INFO  server.RaftServerConfigKeys (ConfUtils.java:logGet(43)) - raft.server.log.statemachine.data.sync.timeout = 10s (default)
2019-09-19 14:04:51,252 [pool-58-thread-1] INFO  server.RaftServerConfigKeys (ConfUtils.java:logGet(43)) - raft.server.log.statemachine.data.sync.timeout.retry = -1 (default)
2019-09-19 14:04:51,252 [pool-58-thread-1] INFO  server.RaftServerConfigKeys (ConfUtils.java:logGet(43)) - raft.server.log.statemachine.data.caching.enabled = true (custom)
2019-09-19 14:04:51,252 [pool-58-thread-1] INFO  segmented.SegmentedRaftLogWorker (SegmentedRaftLogWorker.java:lambda$new$0(132)) - dcc77c7b-1d37-448d-8d57-43d254561693-SegmentedRaftLogWorker:Storage Directory /workdir/hadoop-ozone/integration-test/target/test-dir/MiniOzoneClusterImpl-3b2755de-4cfe-4b43-9e0d-73dd8eda8f75/datanode-0/data/ratis/5f039e0b-2746-4771-9cdf-a8e7f9479fc5: flushIndex: setUnconditionally 0 -> -1
2019-09-19 14:04:51,252 [pool-58-thread-1] INFO  server.RaftServerConfigKeys (ConfUtils.java:logGet(43)) - raft.server.snapshot.auto.trigger.enabled = true (custom)
2019-09-19 14:04:51,252 [pool-58-thread-1] INFO  server.RaftServerConfigKeys (ConfUtils.java:logGet(43)) - raft.server.snapshot.auto.trigger.threshold = 1 (custom)
2019-09-19 14:04:51,252 [pool-58-thread-1] INFO  server.RaftServerConfigKeys (ConfUtils.java:logGet(43)) - raft.server.retrycache.expirytime = 600000ms (custom)
2019-09-19 14:04:51,253 [pool-58-thread-1] INFO  impl.RaftServerImpl (RaftServerImpl.java:start(180)) - dcc77c7b-1d37-448d-8d57-43d254561693: start group-A8E7F9479FC5
2019-09-19 14:04:51,253 [pool-58-thread-1] INFO  impl.RaftServerImpl (RaftServerImpl.java:setRole(171)) - dcc77c7b-1d37-448d-8d57-43d254561693:group-A8E7F9479FC5 changes role from null to FOLLOWER at term 0 for startAsFollower
2019-09-19 14:04:51,253 [pool-58-thread-1] INFO  impl.RoleInfo (RoleInfo.java:updateAndGet(143)) - dcc77c7b-1d37-448d-8d57-43d254561693: start FollowerState
2019-09-19 14:04:51,253 [pool-58-thread-1] INFO  util.JmxRegister (JmxRegister.java:tryRegister(44)) - Successfully registered JMX Bean with object name Ratis:service=RaftServer,group=group-A8E7F9479FC5,id=dcc77c7b-1d37-448d-8d57-43d254561693
2019-09-19 14:04:51,254 [RatisPipelineUtilsThread] INFO  pipeline.PipelineStateManager (PipelineStateManager.java:addPipeline(56)) - Created pipeline Pipeline[ Id: 5f039e0b-2746-4771-9cdf-a8e7f9479fc5, Nodes: dcc77c7b-1d37-448d-8d57-43d254561693{ip: 192.168.157.226, host: pr-hdds-1569-swxfz-3172132826, networkLocation: /default-rack, certSerialId: null}, Type:RATIS, Factor:ONE, State:OPEN]
2019-09-19 14:04:51,256 [grpc-default-executor-1] INFO  impl.RaftServerProxy (RaftServerProxy.java:addNew(89)) - dcc77c7b-1d37-448d-8d57-43d254561693: addNew group-3D808B4B51C3:[dcc77c7b-1d37-448d-8d57-43d254561693:192.168.157.226:34527] returns group-3D808B4B51C3:java.util.concurrent.CompletableFuture@7b60e6f2[Not completed]
2019-09-19 14:04:51,257 [pool-58-thread-1] INFO  impl.RaftServerImpl (RaftServerImpl.java:<init>(93)) - dcc77c7b-1d37-448d-8d57-43d254561693: new RaftServerImpl for group-3D808B4B51C3:[dcc77c7b-1d37-448d-8d57-43d254561693:192.168.157.226:34527] with ContainerStateMachine:uninitialized
2019-09-19 14:04:51,257 [pool-58-thread-1] INFO  server.RaftServerConfigKeys (ConfUtils.java:logGet(43)) - raft.server.rpc.timeout.min = 5s (custom)
2019-09-19 14:04:51,257 [pool-58-thread-1] INFO  server.RaftServerConfigKeys (ConfUtils.java:logGet(43)) - raft.server.rpc.timeout.max = 5200ms (custom)
2019-09-19 14:04:51,257 [pool-58-thread-1] INFO  server.RaftServerConfigKeys (ConfUtils.java:logGet(43)) - raft.server.rpcslowness.timeout = 120s (custom)
2019-09-19 14:04:51,257 [pool-58-thread-1] INFO  server.RaftServerConfigKeys (ConfUtils.java:logGet(43)) - raft.server.sleep.deviation.threshold = 300 (default)
2019-09-19 14:04:51,257 [pool-58-thread-1] INFO  server.RaftServerConfigKeys (ConfUtils.java:logGet(43)) - raft.server.log.appender.install.snapshot.enabled = false (custom)
2019-09-19 14:04:51,257 [pool-58-thread-1] INFO  impl.RaftServerImpl (ServerState.java:<init>(105)) - dcc77c7b-1d37-448d-8d57-43d254561693:group-3D808B4B51C3 ConfigurationManager, init=-1: [dcc77c7b-1d37-448d-8d57-43d254561693:192.168.157.226:34527], old=null, confs=<EMPTY_MAP>
2019-09-19 14:04:51,257 [pool-58-thread-1] INFO  server.RaftServerConfigKeys (ConfUtils.java:logGet(43)) - raft.server.storage.dir = [/workdir/hadoop-ozone/integration-test/target/test-dir/MiniOzoneClusterImpl-3b2755de-4cfe-4b43-9e0d-73dd8eda8f75/datanode-0/data/ratis] (custom)
2019-09-19 14:04:51,258 [pool-58-thread-1] INFO  storage.RaftStorageDirectory (RaftStorageDirectory.java:analyzeStorage(246)) - The storage directory /workdir/hadoop-ozone/integration-test/target/test-dir/MiniOzoneClusterImpl-3b2755de-4cfe-4b43-9e0d-73dd8eda8f75/datanode-0/data/ratis/45a31879-6a8e-4e2e-b8c8-3d808b4b51c3 does not exist. Creating ...
2019-09-19 14:04:51,271 [pool-58-thread-1] INFO  storage.RaftStorageDirectory (RaftStorageDirectory.java:tryLock(328)) - Lock on /workdir/hadoop-ozone/integration-test/target/test-dir/MiniOzoneClusterImpl-3b2755de-4cfe-4b43-9e0d-73dd8eda8f75/datanode-0/data/ratis/45a31879-6a8e-4e2e-b8c8-3d808b4b51c3/in_use.lock acquired by nodename 30982@pr-hdds-1569-swxfz-3172132826
2019-09-19 14:04:51,284 [pool-58-thread-1] INFO  storage.RaftStorage (RaftStorage.java:format(72)) - Storage directory /workdir/hadoop-ozone/integration-test/target/test-dir/MiniOzoneClusterImpl-3b2755de-4cfe-4b43-9e0d-73dd8eda8f75/datanode-0/data/ratis/45a31879-6a8e-4e2e-b8c8-3d808b4b51c3 has been successfully formatted.
2019-09-19 14:04:51,284 [pool-58-thread-1] INFO  ratis.ContainerStateMachine (ContainerStateMachine.java:loadSnapshot(226)) - group-3D808B4B51C3: The snapshot info is null. Setting the last applied indexto:(t:0, i:~)
2019-09-19 14:04:51,284 [pool-58-thread-1] INFO  server.RaftServerConfigKeys (ConfUtils.java:logGet(43)) - raft.server.leader.election.timeout = 120s (custom)
2019-09-19 14:04:51,284 [pool-58-thread-1] INFO  server.RaftServerConfigKeys (ConfUtils.java:logGet(43)) - raft.server.log.use.memory = false (default)
2019-09-19 14:04:51,284 [pool-58-thread-1] INFO  server.RaftServerConfigKeys (ConfUtils.java:logGet(43)) - raft.server.log.purge.gap = 1000000 (custom)
2019-09-19 14:04:51,284 [pool-58-thread-1] INFO  server.RaftServerConfigKeys (ConfUtils.java:logGet(43)) - raft.server.log.appender.buffer.byte-limit = 33554432 (custom)
2019-09-19 14:04:51,284 [pool-58-thread-1] INFO  server.RaftServerConfigKeys (ConfUtils.java:logGet(43)) - raft.server.log.segment.size.max = 1048576 (custom)
2019-09-19 14:04:51,284 [pool-58-thread-1] INFO  server.RaftServerConfigKeys (ConfUtils.java:logGet(43)) - raft.server.log.segment.cache.num.max = 2 (custom)
2019-09-19 14:04:51,284 [pool-58-thread-1] INFO  segmented.SegmentedRaftLogWorker (SegmentedRaftLogWorker.java:<init>(172)) - new dcc77c7b-1d37-448d-8d57-43d254561693-SegmentedRaftLogWorker:Storage Directory /workdir/hadoop-ozone/integration-test/target/test-dir/MiniOzoneClusterImpl-3b2755de-4cfe-4b43-9e0d-73dd8eda8f75/datanode-0/data/ratis/45a31879-6a8e-4e2e-b8c8-3d808b4b51c3 for RaftStorage:Storage Directory /workdir/hadoop-ozone/integration-test/target/test-dir/MiniOzoneClusterImpl-3b2755de-4cfe-4b43-9e0d-73dd8eda8f75/datanode-0/data/ratis/45a31879-6a8e-4e2e-b8c8-3d808b4b51c3
2019-09-19 14:04:51,285 [pool-58-thread-1] INFO  server.RaftServerConfigKeys (ConfUtils.java:logGet(43)) - raft.server.log.queue.byte-limit = 2147483647 (custom)
2019-09-19 14:04:51,285 [pool-58-thread-1] INFO  server.RaftServerConfigKeys (ConfUtils.java:logGet(43)) - raft.server.log.queue.element-limit = 1024 (custom)
2019-09-19 14:04:51,285 [pool-58-thread-1] INFO  server.RaftServerConfigKeys (ConfUtils.java:logGet(43)) - raft.server.log.segment.size.max = 1048576 (custom)
2019-09-19 14:04:51,285 [pool-58-thread-1] INFO  server.RaftServerConfigKeys (ConfUtils.java:logGet(43)) - raft.server.log.preallocated.size = 16384 (custom)
2019-09-19 14:04:51,285 [pool-58-thread-1] INFO  server.RaftServerConfigKeys (ConfUtils.java:logGet(43)) - raft.server.log.write.buffer.size = 33554432 (custom)
2019-09-19 14:04:51,285 [pool-58-thread-1] INFO  server.RaftServerConfigKeys (ConfUtils.java:logGet(43)) - raft.server.log.force.sync.num = 128 (default)
2019-09-19 14:04:51,285 [pool-58-thread-1] INFO  server.RaftServerConfigKeys (ConfUtils.java:logGet(43)) - raft.server.log.statemachine.data.sync = true (default)
2019-09-19 14:04:51,285 [pool-58-thread-1] INFO  server.RaftServerConfigKeys (ConfUtils.java:logGet(43)) - raft.server.log.statemachine.data.sync.timeout = 10s (default)
2019-09-19 14:04:51,285 [pool-58-thread-1] INFO  server.RaftServerConfigKeys (ConfUtils.java:logGet(43)) - raft.server.log.statemachine.data.sync.timeout.retry = -1 (default)
2019-09-19 14:04:51,285 [pool-58-thread-1] INFO  server.RaftServerConfigKeys (ConfUtils.java:logGet(43)) - raft.server.log.statemachine.data.caching.enabled = true (custom)
2019-09-19 14:04:51,285 [pool-58-thread-1] INFO  segmented.SegmentedRaftLogWorker (SegmentedRaftLogWorker.java:lambda$new$0(132)) - dcc77c7b-1d37-448d-8d57-43d254561693-SegmentedRaftLogWorker:Storage Directory /workdir/hadoop-ozone/integration-test/target/test-dir/MiniOzoneClusterImpl-3b2755de-4cfe-4b43-9e0d-73dd8eda8f75/datanode-0/data/ratis/45a31879-6a8e-4e2e-b8c8-3d808b4b51c3: flushIndex: setUnconditionally 0 -> -1
2019-09-19 14:04:51,286 [pool-58-thread-1] INFO  server.RaftServerConfigKeys (ConfUtils.java:logGet(43)) - raft.server.snapshot.auto.trigger.enabled = true (custom)
2019-09-19 14:04:51,286 [pool-58-thread-1] INFO  server.RaftServerConfigKeys (ConfUtils.java:logGet(43)) - raft.server.snapshot.auto.trigger.threshold = 1 (custom)
2019-09-19 14:04:51,286 [pool-58-thread-1] INFO  server.RaftServerConfigKeys (ConfUtils.java:logGet(43)) - raft.server.retrycache.expirytime = 600000ms (custom)
2019-09-19 14:04:51,286 [pool-58-thread-1] INFO  impl.RaftServerImpl (RaftServerImpl.java:start(180)) - dcc77c7b-1d37-448d-8d57-43d254561693: start group-3D808B4B51C3
2019-09-19 14:04:51,286 [pool-58-thread-1] INFO  impl.RaftServerImpl (RaftServerImpl.java:setRole(171)) - dcc77c7b-1d37-448d-8d57-43d254561693:group-3D808B4B51C3 changes role from null to FOLLOWER at term 0 for startAsFollower
2019-09-19 14:04:51,286 [pool-58-thread-1] INFO  impl.RoleInfo (RoleInfo.java:updateAndGet(143)) - dcc77c7b-1d37-448d-8d57-43d254561693: start FollowerState
2019-09-19 14:04:51,286 [pool-58-thread-1] INFO  util.JmxRegister (JmxRegister.java:tryRegister(44)) - Successfully registered JMX Bean with object name Ratis:service=RaftServer,group=group-3D808B4B51C3,id=dcc77c7b-1d37-448d-8d57-43d254561693
2019-09-19 14:04:51,288 [RatisPipelineUtilsThread] INFO  pipeline.PipelineStateManager (PipelineStateManager.java:addPipeline(56)) - Created pipeline Pipeline[ Id: 45a31879-6a8e-4e2e-b8c8-3d808b4b51c3, Nodes: dcc77c7b-1d37-448d-8d57-43d254561693{ip: 192.168.157.226, host: pr-hdds-1569-swxfz-3172132826, networkLocation: /default-rack, certSerialId: null}, Type:RATIS, Factor:ONE, State:OPEN]
2019-09-19 14:04:51,290 [grpc-default-executor-1] INFO  impl.RaftServerProxy (RaftServerProxy.java:addNew(89)) - dcc77c7b-1d37-448d-8d57-43d254561693: addNew group-3CB5F09D983C:[dcc77c7b-1d37-448d-8d57-43d254561693:192.168.157.226:34527] returns group-3CB5F09D983C:java.util.concurrent.CompletableFuture@44739d2e[Not completed]
2019-09-19 14:04:51,290 [pool-58-thread-1] INFO  impl.RaftServerImpl (RaftServerImpl.java:<init>(93)) - dcc77c7b-1d37-448d-8d57-43d254561693: new RaftServerImpl for group-3CB5F09D983C:[dcc77c7b-1d37-448d-8d57-43d254561693:192.168.157.226:34527] with ContainerStateMachine:uninitialized
2019-09-19 14:04:51,290 [pool-58-thread-1] INFO  server.RaftServerConfigKeys (ConfUtils.java:logGet(43)) - raft.server.rpc.timeout.min = 5s (custom)
2019-09-19 14:04:51,290 [pool-58-thread-1] INFO  server.RaftServerConfigKeys (ConfUtils.java:logGet(43)) - raft.server.rpc.timeout.max = 5200ms (custom)
2019-09-19 14:04:51,290 [pool-58-thread-1] INFO  server.RaftServerConfigKeys (ConfUtils.java:logGet(43)) - raft.server.rpcslowness.timeout = 120s (custom)
2019-09-19 14:04:51,290 [pool-58-thread-1] INFO  server.RaftServerConfigKeys (ConfUtils.java:logGet(43)) - raft.server.sleep.deviation.threshold = 300 (default)
2019-09-19 14:04:51,290 [pool-58-thread-1] INFO  server.RaftServerConfigKeys (ConfUtils.java:logGet(43)) - raft.server.log.appender.install.snapshot.enabled = false (custom)
2019-09-19 14:04:51,290 [pool-58-thread-1] INFO  impl.RaftServerImpl (ServerState.java:<init>(105)) - dcc77c7b-1d37-448d-8d57-43d254561693:group-3CB5F09D983C ConfigurationManager, init=-1: [dcc77c7b-1d37-448d-8d57-43d254561693:192.168.157.226:34527], old=null, confs=<EMPTY_MAP>
2019-09-19 14:04:51,291 [pool-58-thread-1] INFO  server.RaftServerConfigKeys (ConfUtils.java:logGet(43)) - raft.server.storage.dir = [/workdir/hadoop-ozone/integration-test/target/test-dir/MiniOzoneClusterImpl-3b2755de-4cfe-4b43-9e0d-73dd8eda8f75/datanode-0/data/ratis] (custom)
2019-09-19 14:04:51,291 [pool-58-thread-1] INFO  storage.RaftStorageDirectory (RaftStorageDirectory.java:analyzeStorage(246)) - The storage directory /workdir/hadoop-ozone/integration-test/target/test-dir/MiniOzoneClusterImpl-3b2755de-4cfe-4b43-9e0d-73dd8eda8f75/datanode-0/data/ratis/df5c79f5-0ba0-4048-9654-3cb5f09d983c does not exist. Creating ...
2019-09-19 14:04:51,303 [pool-58-thread-1] INFO  storage.RaftStorageDirectory (RaftStorageDirectory.java:tryLock(328)) - Lock on /workdir/hadoop-ozone/integration-test/target/test-dir/MiniOzoneClusterImpl-3b2755de-4cfe-4b43-9e0d-73dd8eda8f75/datanode-0/data/ratis/df5c79f5-0ba0-4048-9654-3cb5f09d983c/in_use.lock acquired by nodename 30982@pr-hdds-1569-swxfz-3172132826
2019-09-19 14:04:51,305 [pool-58-thread-1] INFO  storage.RaftStorage (RaftStorage.java:format(72)) - Storage directory /workdir/hadoop-ozone/integration-test/target/test-dir/MiniOzoneClusterImpl-3b2755de-4cfe-4b43-9e0d-73dd8eda8f75/datanode-0/data/ratis/df5c79f5-0ba0-4048-9654-3cb5f09d983c has been successfully formatted.
2019-09-19 14:04:51,305 [pool-58-thread-1] INFO  ratis.ContainerStateMachine (ContainerStateMachine.java:loadSnapshot(226)) - group-3CB5F09D983C: The snapshot info is null. Setting the last applied indexto:(t:0, i:~)
2019-09-19 14:04:51,305 [pool-58-thread-1] INFO  server.RaftServerConfigKeys (ConfUtils.java:logGet(43)) - raft.server.leader.election.timeout = 120s (custom)
2019-09-19 14:04:51,306 [pool-58-thread-1] INFO  server.RaftServerConfigKeys (ConfUtils.java:logGet(43)) - raft.server.log.use.memory = false (default)
2019-09-19 14:04:51,306 [pool-58-thread-1] INFO  server.RaftServerConfigKeys (ConfUtils.java:logGet(43)) - raft.server.log.purge.gap = 1000000 (custom)
2019-09-19 14:04:51,306 [pool-58-thread-1] INFO  server.RaftServerConfigKeys (ConfUtils.java:logGet(43)) - raft.server.log.appender.buffer.byte-limit = 33554432 (custom)
2019-09-19 14:04:51,306 [pool-58-thread-1] INFO  server.RaftServerConfigKeys (ConfUtils.java:logGet(43)) - raft.server.log.segment.size.max = 1048576 (custom)
2019-09-19 14:04:51,306 [pool-58-thread-1] INFO  server.RaftServerConfigKeys (ConfUtils.java:logGet(43)) - raft.server.log.segment.cache.num.max = 2 (custom)
2019-09-19 14:04:51,306 [pool-58-thread-1] INFO  segmented.SegmentedRaftLogWorker (SegmentedRaftLogWorker.java:<init>(172)) - new dcc77c7b-1d37-448d-8d57-43d254561693-SegmentedRaftLogWorker:Storage Directory /workdir/hadoop-ozone/integration-test/target/test-dir/MiniOzoneClusterImpl-3b2755de-4cfe-4b43-9e0d-73dd8eda8f75/datanode-0/data/ratis/df5c79f5-0ba0-4048-9654-3cb5f09d983c for RaftStorage:Storage Directory /workdir/hadoop-ozone/integration-test/target/test-dir/MiniOzoneClusterImpl-3b2755de-4cfe-4b43-9e0d-73dd8eda8f75/datanode-0/data/ratis/df5c79f5-0ba0-4048-9654-3cb5f09d983c
2019-09-19 14:04:51,306 [pool-58-thread-1] INFO  server.RaftServerConfigKeys (ConfUtils.java:logGet(43)) - raft.server.log.queue.byte-limit = 2147483647 (custom)
2019-09-19 14:04:51,306 [pool-58-thread-1] INFO  server.RaftServerConfigKeys (ConfUtils.java:logGet(43)) - raft.server.log.queue.element-limit = 1024 (custom)
2019-09-19 14:04:51,306 [pool-58-thread-1] INFO  server.RaftServerConfigKeys (ConfUtils.java:logGet(43)) - raft.server.log.segment.size.max = 1048576 (custom)
2019-09-19 14:04:51,306 [pool-58-thread-1] INFO  server.RaftServerConfigKeys (ConfUtils.java:logGet(43)) - raft.server.log.preallocated.size = 16384 (custom)
2019-09-19 14:04:51,306 [pool-58-thread-1] INFO  server.RaftServerConfigKeys (ConfUtils.java:logGet(43)) - raft.server.log.write.buffer.size = 33554432 (custom)
2019-09-19 14:04:51,306 [pool-58-thread-1] INFO  server.RaftServerConfigKeys (ConfUtils.java:logGet(43)) - raft.server.log.force.sync.num = 128 (default)
2019-09-19 14:04:51,306 [pool-58-thread-1] INFO  server.RaftServerConfigKeys (ConfUtils.java:logGet(43)) - raft.server.log.statemachine.data.sync = true (default)
2019-09-19 14:04:51,307 [pool-58-thread-1] INFO  server.RaftServerConfigKeys (ConfUtils.java:logGet(43)) - raft.server.log.statemachine.data.sync.timeout = 10s (default)
2019-09-19 14:04:51,307 [pool-58-thread-1] INFO  server.RaftServerConfigKeys (ConfUtils.java:logGet(43)) - raft.server.log.statemachine.data.sync.timeout.retry = -1 (default)
2019-09-19 14:04:51,307 [pool-58-thread-1] INFO  server.RaftServerConfigKeys (ConfUtils.java:logGet(43)) - raft.server.log.statemachine.data.caching.enabled = true (custom)
2019-09-19 14:04:51,307 [pool-58-thread-1] INFO  segmented.SegmentedRaftLogWorker (SegmentedRaftLogWorker.java:lambda$new$0(132)) - dcc77c7b-1d37-448d-8d57-43d254561693-SegmentedRaftLogWorker:Storage Directory /workdir/hadoop-ozone/integration-test/target/test-dir/MiniOzoneClusterImpl-3b2755de-4cfe-4b43-9e0d-73dd8eda8f75/datanode-0/data/ratis/df5c79f5-0ba0-4048-9654-3cb5f09d983c: flushIndex: setUnconditionally 0 -> -1
2019-09-19 14:04:51,307 [pool-58-thread-1] INFO  server.RaftServerConfigKeys (ConfUtils.java:logGet(43)) - raft.server.snapshot.auto.trigger.enabled = true (custom)
2019-09-19 14:04:51,307 [pool-58-thread-1] INFO  server.RaftServerConfigKeys (ConfUtils.java:logGet(43)) - raft.server.snapshot.auto.trigger.threshold = 1 (custom)
2019-09-19 14:04:51,307 [pool-58-thread-1] INFO  server.RaftServerConfigKeys (ConfUtils.java:logGet(43)) - raft.server.retrycache.expirytime = 600000ms (custom)
2019-09-19 14:04:51,307 [pool-58-thread-1] INFO  impl.RaftServerImpl (RaftServerImpl.java:start(180)) - dcc77c7b-1d37-448d-8d57-43d254561693: start group-3CB5F09D983C
2019-09-19 14:04:51,307 [pool-58-thread-1] INFO  impl.RaftServerImpl (RaftServerImpl.java:setRole(171)) - dcc77c7b-1d37-448d-8d57-43d254561693:group-3CB5F09D983C changes role from null to FOLLOWER at term 0 for startAsFollower
2019-09-19 14:04:51,307 [pool-58-thread-1] INFO  impl.RoleInfo (RoleInfo.java:updateAndGet(143)) - dcc77c7b-1d37-448d-8d57-43d254561693: start FollowerState
2019-09-19 14:04:51,308 [pool-58-thread-1] INFO  util.JmxRegister (JmxRegister.java:tryRegister(44)) - Successfully registered JMX Bean with object name Ratis:service=RaftServer,group=group-3CB5F09D983C,id=dcc77c7b-1d37-448d-8d57-43d254561693
2019-09-19 14:04:51,309 [RatisPipelineUtilsThread] INFO  pipeline.PipelineStateManager (PipelineStateManager.java:addPipeline(56)) - Created pipeline Pipeline[ Id: df5c79f5-0ba0-4048-9654-3cb5f09d983c, Nodes: dcc77c7b-1d37-448d-8d57-43d254561693{ip: 192.168.157.226, host: pr-hdds-1569-swxfz-3172132826, networkLocation: /default-rack, certSerialId: null}, Type:RATIS, Factor:ONE, State:OPEN]
2019-09-19 14:04:51,310 [grpc-default-executor-1] INFO  impl.RaftServerProxy (RaftServerProxy.java:addNew(89)) - dcc77c7b-1d37-448d-8d57-43d254561693: addNew group-8F62CC6B93F9:[dcc77c7b-1d37-448d-8d57-43d254561693:192.168.157.226:34527] returns group-8F62CC6B93F9:java.util.concurrent.CompletableFuture@76cd0307[Not completed]
2019-09-19 14:04:51,311 [pool-58-thread-1] INFO  impl.RaftServerImpl (RaftServerImpl.java:<init>(93)) - dcc77c7b-1d37-448d-8d57-43d254561693: new RaftServerImpl for group-8F62CC6B93F9:[dcc77c7b-1d37-448d-8d57-43d254561693:192.168.157.226:34527] with ContainerStateMachine:uninitialized
2019-09-19 14:04:51,311 [pool-58-thread-1] INFO  server.RaftServerConfigKeys (ConfUtils.java:logGet(43)) - raft.server.rpc.timeout.min = 5s (custom)
2019-09-19 14:04:51,311 [pool-58-thread-1] INFO  server.RaftServerConfigKeys (ConfUtils.java:logGet(43)) - raft.server.rpc.timeout.max = 5200ms (custom)
2019-09-19 14:04:51,311 [pool-58-thread-1] INFO  server.RaftServerConfigKeys (ConfUtils.java:logGet(43)) - raft.server.rpcslowness.timeout = 120s (custom)
2019-09-19 14:04:51,311 [pool-58-thread-1] INFO  server.RaftServerConfigKeys (ConfUtils.java:logGet(43)) - raft.server.sleep.deviation.threshold = 300 (default)
2019-09-19 14:04:51,311 [pool-58-thread-1] INFO  server.RaftServerConfigKeys (ConfUtils.java:logGet(43)) - raft.server.log.appender.install.snapshot.enabled = false (custom)
2019-09-19 14:04:51,311 [pool-58-thread-1] INFO  impl.RaftServerImpl (ServerState.java:<init>(105)) - dcc77c7b-1d37-448d-8d57-43d254561693:group-8F62CC6B93F9 ConfigurationManager, init=-1: [dcc77c7b-1d37-448d-8d57-43d254561693:192.168.157.226:34527], old=null, confs=<EMPTY_MAP>
2019-09-19 14:04:51,311 [pool-58-thread-1] INFO  server.RaftServerConfigKeys (ConfUtils.java:logGet(43)) - raft.server.storage.dir = [/workdir/hadoop-ozone/integration-test/target/test-dir/MiniOzoneClusterImpl-3b2755de-4cfe-4b43-9e0d-73dd8eda8f75/datanode-0/data/ratis] (custom)
2019-09-19 14:04:51,312 [pool-58-thread-1] INFO  storage.RaftStorageDirectory (RaftStorageDirectory.java:analyzeStorage(246)) - The storage directory /workdir/hadoop-ozone/integration-test/target/test-dir/MiniOzoneClusterImpl-3b2755de-4cfe-4b43-9e0d-73dd8eda8f75/datanode-0/data/ratis/db3fb848-7260-46b9-8164-8f62cc6b93f9 does not exist. Creating ...
2019-09-19 14:04:51,324 [pool-58-thread-1] INFO  storage.RaftStorageDirectory (RaftStorageDirectory.java:tryLock(328)) - Lock on /workdir/hadoop-ozone/integration-test/target/test-dir/MiniOzoneClusterImpl-3b2755de-4cfe-4b43-9e0d-73dd8eda8f75/datanode-0/data/ratis/db3fb848-7260-46b9-8164-8f62cc6b93f9/in_use.lock acquired by nodename 30982@pr-hdds-1569-swxfz-3172132826
2019-09-19 14:04:51,337 [pool-58-thread-1] INFO  storage.RaftStorage (RaftStorage.java:format(72)) - Storage directory /workdir/hadoop-ozone/integration-test/target/test-dir/MiniOzoneClusterImpl-3b2755de-4cfe-4b43-9e0d-73dd8eda8f75/datanode-0/data/ratis/db3fb848-7260-46b9-8164-8f62cc6b93f9 has been successfully formatted.
2019-09-19 14:04:51,337 [pool-58-thread-1] INFO  ratis.ContainerStateMachine (ContainerStateMachine.java:loadSnapshot(226)) - group-8F62CC6B93F9: The snapshot info is null. Setting the last applied indexto:(t:0, i:~)
2019-09-19 14:04:51,337 [pool-58-thread-1] INFO  server.RaftServerConfigKeys (ConfUtils.java:logGet(43)) - raft.server.leader.election.timeout = 120s (custom)
2019-09-19 14:04:51,337 [pool-58-thread-1] INFO  server.RaftServerConfigKeys (ConfUtils.java:logGet(43)) - raft.server.log.use.memory = false (default)
2019-09-19 14:04:51,337 [pool-58-thread-1] INFO  server.RaftServerConfigKeys (ConfUtils.java:logGet(43)) - raft.server.log.purge.gap = 1000000 (custom)
2019-09-19 14:04:51,337 [pool-58-thread-1] INFO  server.RaftServerConfigKeys (ConfUtils.java:logGet(43)) - raft.server.log.appender.buffer.byte-limit = 33554432 (custom)
2019-09-19 14:04:51,337 [pool-58-thread-1] INFO  server.RaftServerConfigKeys (ConfUtils.java:logGet(43)) - raft.server.log.segment.size.max = 1048576 (custom)
2019-09-19 14:04:51,337 [pool-58-thread-1] INFO  server.RaftServerConfigKeys (ConfUtils.java:logGet(43)) - raft.server.log.segment.cache.num.max = 2 (custom)
2019-09-19 14:04:51,337 [pool-58-thread-1] INFO  segmented.SegmentedRaftLogWorker (SegmentedRaftLogWorker.java:<init>(172)) - new dcc77c7b-1d37-448d-8d57-43d254561693-SegmentedRaftLogWorker:Storage Directory /workdir/hadoop-ozone/integration-test/target/test-dir/MiniOzoneClusterImpl-3b2755de-4cfe-4b43-9e0d-73dd8eda8f75/datanode-0/data/ratis/db3fb848-7260-46b9-8164-8f62cc6b93f9 for RaftStorage:Storage Directory /workdir/hadoop-ozone/integration-test/target/test-dir/MiniOzoneClusterImpl-3b2755de-4cfe-4b43-9e0d-73dd8eda8f75/datanode-0/data/ratis/db3fb848-7260-46b9-8164-8f62cc6b93f9
2019-09-19 14:04:51,337 [pool-58-thread-1] INFO  server.RaftServerConfigKeys (ConfUtils.java:logGet(43)) - raft.server.log.queue.byte-limit = 2147483647 (custom)
2019-09-19 14:04:51,338 [pool-58-thread-1] INFO  server.RaftServerConfigKeys (ConfUtils.java:logGet(43)) - raft.server.log.queue.element-limit = 1024 (custom)
2019-09-19 14:04:51,338 [pool-58-thread-1] INFO  server.RaftServerConfigKeys (ConfUtils.java:logGet(43)) - raft.server.log.segment.size.max = 1048576 (custom)
2019-09-19 14:04:51,338 [pool-58-thread-1] INFO  server.RaftServerConfigKeys (ConfUtils.java:logGet(43)) - raft.server.log.preallocated.size = 16384 (custom)
2019-09-19 14:04:51,338 [pool-58-thread-1] INFO  server.RaftServerConfigKeys (ConfUtils.java:logGet(43)) - raft.server.log.write.buffer.size = 33554432 (custom)
2019-09-19 14:04:51,338 [pool-58-thread-1] INFO  server.RaftServerConfigKeys (ConfUtils.java:logGet(43)) - raft.server.log.force.sync.num = 128 (default)
2019-09-19 14:04:51,338 [pool-58-thread-1] INFO  server.RaftServerConfigKeys (ConfUtils.java:logGet(43)) - raft.server.log.statemachine.data.sync = true (default)
2019-09-19 14:04:51,338 [pool-58-thread-1] INFO  server.RaftServerConfigKeys (ConfUtils.java:logGet(43)) - raft.server.log.statemachine.data.sync.timeout = 10s (default)
2019-09-19 14:04:51,338 [pool-58-thread-1] INFO  server.RaftServerConfigKeys (ConfUtils.java:logGet(43)) - raft.server.log.statemachine.data.sync.timeout.retry = -1 (default)
2019-09-19 14:04:51,338 [pool-58-thread-1] INFO  server.RaftServerConfigKeys (ConfUtils.java:logGet(43)) - raft.server.log.statemachine.data.caching.enabled = true (custom)
2019-09-19 14:04:51,338 [pool-58-thread-1] INFO  segmented.SegmentedRaftLogWorker (SegmentedRaftLogWorker.java:lambda$new$0(132)) - dcc77c7b-1d37-448d-8d57-43d254561693-SegmentedRaftLogWorker:Storage Directory /workdir/hadoop-ozone/integration-test/target/test-dir/MiniOzoneClusterImpl-3b2755de-4cfe-4b43-9e0d-73dd8eda8f75/datanode-0/data/ratis/db3fb848-7260-46b9-8164-8f62cc6b93f9: flushIndex: setUnconditionally 0 -> -1
2019-09-19 14:04:51,339 [pool-58-thread-1] INFO  server.RaftServerConfigKeys (ConfUtils.java:logGet(43)) - raft.server.snapshot.auto.trigger.enabled = true (custom)
2019-09-19 14:04:51,339 [pool-58-thread-1] INFO  server.RaftServerConfigKeys (ConfUtils.java:logGet(43)) - raft.server.snapshot.auto.trigger.threshold = 1 (custom)
2019-09-19 14:04:51,339 [pool-58-thread-1] INFO  server.RaftServerConfigKeys (ConfUtils.java:logGet(43)) - raft.server.retrycache.expirytime = 600000ms (custom)
2019-09-19 14:04:51,339 [pool-58-thread-1] INFO  impl.RaftServerImpl (RaftServerImpl.java:start(180)) - dcc77c7b-1d37-448d-8d57-43d254561693: start group-8F62CC6B93F9
2019-09-19 14:04:51,339 [pool-58-thread-1] INFO  impl.RaftServerImpl (RaftServerImpl.java:setRole(171)) - dcc77c7b-1d37-448d-8d57-43d254561693:group-8F62CC6B93F9 changes role from null to FOLLOWER at term 0 for startAsFollower
2019-09-19 14:04:51,339 [pool-58-thread-1] INFO  impl.RoleInfo (RoleInfo.java:updateAndGet(143)) - dcc77c7b-1d37-448d-8d57-43d254561693: start FollowerState
2019-09-19 14:04:51,339 [pool-58-thread-1] INFO  util.JmxRegister (JmxRegister.java:tryRegister(44)) - Successfully registered JMX Bean with object name Ratis:service=RaftServer,group=group-8F62CC6B93F9,id=dcc77c7b-1d37-448d-8d57-43d254561693
2019-09-19 14:04:51,341 [RatisPipelineUtilsThread] INFO  pipeline.PipelineStateManager (PipelineStateManager.java:addPipeline(56)) - Created pipeline Pipeline[ Id: db3fb848-7260-46b9-8164-8f62cc6b93f9, Nodes: dcc77c7b-1d37-448d-8d57-43d254561693{ip: 192.168.157.226, host: pr-hdds-1569-swxfz-3172132826, networkLocation: /default-rack, certSerialId: null}, Type:RATIS, Factor:ONE, State:OPEN]
2019-09-19 14:04:51,343 [grpc-default-executor-1] INFO  impl.RaftServerProxy (RaftServerProxy.java:addNew(89)) - dcc77c7b-1d37-448d-8d57-43d254561693: addNew group-761DA49682B2:[dcc77c7b-1d37-448d-8d57-43d254561693:192.168.157.226:34527] returns group-761DA49682B2:java.util.concurrent.CompletableFuture@53b494ec[Not completed]
2019-09-19 14:04:51,344 [pool-58-thread-1] INFO  impl.RaftServerImpl (RaftServerImpl.java:<init>(93)) - dcc77c7b-1d37-448d-8d57-43d254561693: new RaftServerImpl for group-761DA49682B2:[dcc77c7b-1d37-448d-8d57-43d254561693:192.168.157.226:34527] with ContainerStateMachine:uninitialized
2019-09-19 14:04:51,344 [pool-58-thread-1] INFO  server.RaftServerConfigKeys (ConfUtils.java:logGet(43)) - raft.server.rpc.timeout.min = 5s (custom)
2019-09-19 14:04:51,344 [pool-58-thread-1] INFO  server.RaftServerConfigKeys (ConfUtils.java:logGet(43)) - raft.server.rpc.timeout.max = 5200ms (custom)
2019-09-19 14:04:51,344 [pool-58-thread-1] INFO  server.RaftServerConfigKeys (ConfUtils.java:logGet(43)) - raft.server.rpcslowness.timeout = 120s (custom)
2019-09-19 14:04:51,344 [pool-58-thread-1] INFO  server.RaftServerConfigKeys (ConfUtils.java:logGet(43)) - raft.server.sleep.deviation.threshold = 300 (default)
2019-09-19 14:04:51,344 [pool-58-thread-1] INFO  server.RaftServerConfigKeys (ConfUtils.java:logGet(43)) - raft.server.log.appender.install.snapshot.enabled = false (custom)
2019-09-19 14:04:51,344 [pool-58-thread-1] INFO  impl.RaftServerImpl (ServerState.java:<init>(105)) - dcc77c7b-1d37-448d-8d57-43d254561693:group-761DA49682B2 ConfigurationManager, init=-1: [dcc77c7b-1d37-448d-8d57-43d254561693:192.168.157.226:34527], old=null, confs=<EMPTY_MAP>
2019-09-19 14:04:51,344 [pool-58-thread-1] INFO  server.RaftServerConfigKeys (ConfUtils.java:logGet(43)) - raft.server.storage.dir = [/workdir/hadoop-ozone/integration-test/target/test-dir/MiniOzoneClusterImpl-3b2755de-4cfe-4b43-9e0d-73dd8eda8f75/datanode-0/data/ratis] (custom)
2019-09-19 14:04:51,345 [pool-58-thread-1] INFO  storage.RaftStorageDirectory (RaftStorageDirectory.java:analyzeStorage(246)) - The storage directory /workdir/hadoop-ozone/integration-test/target/test-dir/MiniOzoneClusterImpl-3b2755de-4cfe-4b43-9e0d-73dd8eda8f75/datanode-0/data/ratis/364470fa-822d-4dd1-ae08-761da49682b2 does not exist. Creating ...
2019-09-19 14:04:51,355 [Thread-3918] INFO  impl.FollowerState (FollowerState.java:run(106)) - dcc77c7b-1d37-448d-8d57-43d254561693:group-8426FA6BE918 changes to CANDIDATE, lastRpcTime:5127, electionTimeout:5127ms
2019-09-19 14:04:51,355 [Thread-3918] INFO  impl.RoleInfo (RoleInfo.java:shutdownFollowerState(121)) - dcc77c7b-1d37-448d-8d57-43d254561693: shutdown FollowerState
2019-09-19 14:04:51,355 [Thread-3918] INFO  impl.RaftServerImpl (RaftServerImpl.java:setRole(171)) - dcc77c7b-1d37-448d-8d57-43d254561693:group-8426FA6BE918 changes role from FOLLOWER to CANDIDATE at term 0 for changeToCandidate
2019-09-19 14:04:51,355 [Thread-3918] INFO  impl.RoleInfo (RoleInfo.java:updateAndGet(143)) - dcc77c7b-1d37-448d-8d57-43d254561693: start LeaderElection
2019-09-19 14:04:51,357 [pool-58-thread-1] INFO  storage.RaftStorageDirectory (RaftStorageDirectory.java:tryLock(328)) - Lock on /workdir/hadoop-ozone/integration-test/target/test-dir/MiniOzoneClusterImpl-3b2755de-4cfe-4b43-9e0d-73dd8eda8f75/datanode-0/data/ratis/364470fa-822d-4dd1-ae08-761da49682b2/in_use.lock acquired by nodename 30982@pr-hdds-1569-swxfz-3172132826
2019-09-19 14:04:51,360 [pool-58-thread-1] INFO  storage.RaftStorage (RaftStorage.java:format(72)) - Storage directory /workdir/hadoop-ozone/integration-test/target/test-dir/MiniOzoneClusterImpl-3b2755de-4cfe-4b43-9e0d-73dd8eda8f75/datanode-0/data/ratis/364470fa-822d-4dd1-ae08-761da49682b2 has been successfully formatted.
2019-09-19 14:04:51,360 [dcc77c7b-1d37-448d-8d57-43d254561693:group-8426FA6BE918:LeaderElection492] INFO  impl.LeaderElection (LeaderElection.java:askForVotes(181)) - dcc77c7b-1d37-448d-8d57-43d254561693:group-8426FA6BE918:LeaderElection492: begin an election at term 1 for -1: [dcc77c7b-1d37-448d-8d57-43d254561693:192.168.157.226:34527], old=null
2019-09-19 14:04:51,360 [pool-58-thread-1] INFO  ratis.ContainerStateMachine (ContainerStateMachine.java:loadSnapshot(226)) - group-761DA49682B2: The snapshot info is null. Setting the last applied indexto:(t:0, i:~)
2019-09-19 14:04:51,360 [pool-58-thread-1] INFO  server.RaftServerConfigKeys (ConfUtils.java:logGet(43)) - raft.server.leader.election.timeout = 120s (custom)
2019-09-19 14:04:51,360 [pool-58-thread-1] INFO  server.RaftServerConfigKeys (ConfUtils.java:logGet(43)) - raft.server.log.use.memory = false (default)
2019-09-19 14:04:51,360 [dcc77c7b-1d37-448d-8d57-43d254561693:group-8426FA6BE918:LeaderElection492] INFO  impl.RoleInfo (RoleInfo.java:shutdownLeaderElection(134)) - dcc77c7b-1d37-448d-8d57-43d254561693: shutdown LeaderElection
2019-09-19 14:04:51,360 [pool-58-thread-1] INFO  server.RaftServerConfigKeys (ConfUtils.java:logGet(43)) - raft.server.log.purge.gap = 1000000 (custom)
2019-09-19 14:04:51,361 [dcc77c7b-1d37-448d-8d57-43d254561693:group-8426FA6BE918:LeaderElection492] INFO  impl.RaftServerImpl (RaftServerImpl.java:setRole(171)) - dcc77c7b-1d37-448d-8d57-43d254561693:group-8426FA6BE918 changes role from CANDIDATE to LEADER at term 1 for changeToLeader
2019-09-19 14:04:51,361 [pool-58-thread-1] INFO  server.RaftServerConfigKeys (ConfUtils.java:logGet(43)) - raft.server.log.appender.buffer.byte-limit = 33554432 (custom)
2019-09-19 14:04:51,361 [dcc77c7b-1d37-448d-8d57-43d254561693:group-8426FA6BE918:LeaderElection492] INFO  impl.RaftServerImpl (ServerState.java:setLeader(263)) - dcc77c7b-1d37-448d-8d57-43d254561693:group-8426FA6BE918 change Leader from null to dcc77c7b-1d37-448d-8d57-43d254561693 at term 1 for becomeLeader, leader elected after 5136ms
2019-09-19 14:04:51,361 [pool-58-thread-1] INFO  server.RaftServerConfigKeys (ConfUtils.java:logGet(43)) - raft.server.log.segment.size.max = 1048576 (custom)
2019-09-19 14:04:51,361 [dcc77c7b-1d37-448d-8d57-43d254561693:group-8426FA6BE918:LeaderElection492] INFO  server.RaftServerConfigKeys (ConfUtils.java:logGet(43)) - raft.server.staging.catchup.gap = 1000 (default)
2019-09-19 14:04:51,361 [pool-58-thread-1] INFO  server.RaftServerConfigKeys (ConfUtils.java:logGet(43)) - raft.server.log.segment.cache.num.max = 2 (custom)
2019-09-19 14:04:51,361 [dcc77c7b-1d37-448d-8d57-43d254561693:group-8426FA6BE918:LeaderElection492] INFO  server.RaftServerConfigKeys (ConfUtils.java:logGet(43)) - raft.server.rpc.sleep.time = 25ms (default)
2019-09-19 14:04:51,361 [pool-58-thread-1] INFO  segmented.SegmentedRaftLogWorker (SegmentedRaftLogWorker.java:<init>(172)) - new dcc77c7b-1d37-448d-8d57-43d254561693-SegmentedRaftLogWorker:Storage Directory /workdir/hadoop-ozone/integration-test/target/test-dir/MiniOzoneClusterImpl-3b2755de-4cfe-4b43-9e0d-73dd8eda8f75/datanode-0/data/ratis/364470fa-822d-4dd1-ae08-761da49682b2 for RaftStorage:Storage Directory /workdir/hadoop-ozone/integration-test/target/test-dir/MiniOzoneClusterImpl-3b2755de-4cfe-4b43-9e0d-73dd8eda8f75/datanode-0/data/ratis/364470fa-822d-4dd1-ae08-761da49682b2
2019-09-19 14:04:51,361 [dcc77c7b-1d37-448d-8d57-43d254561693:group-8426FA6BE918:LeaderElection492] INFO  server.RaftServerConfigKeys (ConfUtils.java:logGet(43)) - raft.server.write.element-limit = 4096 (default)
2019-09-19 14:04:51,361 [pool-58-thread-1] INFO  server.RaftServerConfigKeys (ConfUtils.java:logGet(43)) - raft.server.log.queue.byte-limit = 2147483647 (custom)
2019-09-19 14:04:51,362 [pool-58-thread-1] INFO  server.RaftServerConfigKeys (ConfUtils.java:logGet(43)) - raft.server.log.queue.element-limit = 1024 (custom)
2019-09-19 14:04:51,362 [dcc77c7b-1d37-448d-8d57-43d254561693:group-8426FA6BE918:LeaderElection492] INFO  server.RaftServerConfigKeys (ConfUtils.java:logGet(43)) - raft.server.watch.timeout = 10s (default)
2019-09-19 14:04:51,362 [pool-58-thread-1] INFO  server.RaftServerConfigKeys (ConfUtils.java:logGet(43)) - raft.server.log.segment.size.max = 1048576 (custom)
2019-09-19 14:04:51,362 [pool-58-thread-1] INFO  server.RaftServerConfigKeys (ConfUtils.java:logGet(43)) - raft.server.log.preallocated.size = 16384 (custom)
2019-09-19 14:04:51,362 [pool-58-thread-1] INFO  server.RaftServerConfigKeys (ConfUtils.java:logGet(43)) - raft.server.log.write.buffer.size = 33554432 (custom)
2019-09-19 14:04:51,362 [dcc77c7b-1d37-448d-8d57-43d254561693:group-8426FA6BE918:LeaderElection492] INFO  server.RaftServerConfigKeys (ConfUtils.java:logGet(43)) - raft.server.watch.timeout.denomination = 1s (default)
2019-09-19 14:04:51,362 [pool-58-thread-1] INFO  server.RaftServerConfigKeys (ConfUtils.java:logGet(43)) - raft.server.log.force.sync.num = 128 (default)
2019-09-19 14:04:51,362 [pool-58-thread-1] INFO  server.RaftServerConfigKeys (ConfUtils.java:logGet(43)) - raft.server.log.statemachine.data.sync = true (default)
2019-09-19 14:04:51,362 [dcc77c7b-1d37-448d-8d57-43d254561693:group-8426FA6BE918:LeaderElection492] INFO  server.RaftServerConfigKeys (ConfUtils.java:logGet(43)) - raft.server.watch.element-limit = 65536 (default)
2019-09-19 14:04:51,362 [pool-58-thread-1] INFO  server.RaftServerConfigKeys (ConfUtils.java:logGet(43)) - raft.server.log.statemachine.data.sync.timeout = 10s (default)
2019-09-19 14:04:51,363 [pool-58-thread-1] INFO  server.RaftServerConfigKeys (ConfUtils.java:logGet(43)) - raft.server.log.statemachine.data.sync.timeout.retry = -1 (default)
2019-09-19 14:04:51,363 [dcc77c7b-1d37-448d-8d57-43d254561693:group-8426FA6BE918:LeaderElection492] INFO  impl.RoleInfo (RoleInfo.java:updateAndGet(143)) - dcc77c7b-1d37-448d-8d57-43d254561693: start LeaderState
2019-09-19 14:04:51,363 [pool-58-thread-1] INFO  server.RaftServerConfigKeys (ConfUtils.java:logGet(43)) - raft.server.log.statemachine.data.caching.enabled = true (custom)
2019-09-19 14:04:51,363 [pool-58-thread-1] INFO  segmented.SegmentedRaftLogWorker (SegmentedRaftLogWorker.java:lambda$new$0(132)) - dcc77c7b-1d37-448d-8d57-43d254561693-SegmentedRaftLogWorker:Storage Directory /workdir/hadoop-ozone/integration-test/target/test-dir/MiniOzoneClusterImpl-3b2755de-4cfe-4b43-9e0d-73dd8eda8f75/datanode-0/data/ratis/364470fa-822d-4dd1-ae08-761da49682b2: flushIndex: setUnconditionally 0 -> -1
2019-09-19 14:04:51,363 [dcc77c7b-1d37-448d-8d57-43d254561693:group-8426FA6BE918:LeaderElection492] INFO  segmented.SegmentedRaftLogWorker (SegmentedRaftLogWorker.java:startLogSegment(380)) - dcc77c7b-1d37-448d-8d57-43d254561693-SegmentedRaftLogWorker:Storage Directory /workdir/hadoop-ozone/integration-test/target/test-dir/MiniOzoneClusterImpl-3b2755de-4cfe-4b43-9e0d-73dd8eda8f75/datanode-0/data/ratis/6d0849ea-f705-4597-8cf5-8426fa6be918: Starting segment from index:0
2019-09-19 14:04:51,363 [pool-58-thread-1] INFO  server.RaftServerConfigKeys (ConfUtils.java:logGet(43)) - raft.server.snapshot.auto.trigger.enabled = true (custom)
2019-09-19 14:04:51,363 [pool-58-thread-1] INFO  server.RaftServerConfigKeys (ConfUtils.java:logGet(43)) - raft.server.snapshot.auto.trigger.threshold = 1 (custom)
2019-09-19 14:04:51,363 [pool-58-thread-1] INFO  server.RaftServerConfigKeys (ConfUtils.java:logGet(43)) - raft.server.retrycache.expirytime = 600000ms (custom)
2019-09-19 14:04:51,363 [pool-58-thread-1] INFO  impl.RaftServerImpl (RaftServerImpl.java:start(180)) - dcc77c7b-1d37-448d-8d57-43d254561693: start group-761DA49682B2
2019-09-19 14:04:51,364 [pool-58-thread-1] INFO  impl.RaftServerImpl (RaftServerImpl.java:setRole(171)) - dcc77c7b-1d37-448d-8d57-43d254561693:group-761DA49682B2 changes role from null to FOLLOWER at term 0 for startAsFollower
2019-09-19 14:04:51,364 [pool-58-thread-1] INFO  impl.RoleInfo (RoleInfo.java:updateAndGet(143)) - dcc77c7b-1d37-448d-8d57-43d254561693: start FollowerState
2019-09-19 14:04:51,364 [dcc77c7b-1d37-448d-8d57-43d254561693:group-8426FA6BE918:LeaderElection492] INFO  impl.RaftServerImpl (ServerState.java:setRaftConf(361)) - dcc77c7b-1d37-448d-8d57-43d254561693:group-8426FA6BE918 set configuration 0: [dcc77c7b-1d37-448d-8d57-43d254561693:192.168.157.226:34527], old=null at 0
2019-09-19 14:04:51,364 [pool-58-thread-1] INFO  util.JmxRegister (JmxRegister.java:tryRegister(44)) - Successfully registered JMX Bean with object name Ratis:service=RaftServer,group=group-761DA49682B2,id=dcc77c7b-1d37-448d-8d57-43d254561693
2019-09-19 14:04:51,365 [RatisPipelineUtilsThread] INFO  pipeline.PipelineStateManager (PipelineStateManager.java:addPipeline(56)) - Created pipeline Pipeline[ Id: 364470fa-822d-4dd1-ae08-761da49682b2, Nodes: dcc77c7b-1d37-448d-8d57-43d254561693{ip: 192.168.157.226, host: pr-hdds-1569-swxfz-3172132826, networkLocation: /default-rack, certSerialId: null}, Type:RATIS, Factor:ONE, State:OPEN]
2019-09-19 14:04:51,367 [grpc-default-executor-1] INFO  impl.RaftServerProxy (RaftServerProxy.java:addNew(89)) - dcc77c7b-1d37-448d-8d57-43d254561693: addNew group-C7074BE8E490:[dcc77c7b-1d37-448d-8d57-43d254561693:192.168.157.226:34527] returns group-C7074BE8E490:java.util.concurrent.CompletableFuture@763cdebc[Not completed]
2019-09-19 14:04:51,368 [pool-58-thread-1] INFO  impl.RaftServerImpl (RaftServerImpl.java:<init>(93)) - dcc77c7b-1d37-448d-8d57-43d254561693: new RaftServerImpl for group-C7074BE8E490:[dcc77c7b-1d37-448d-8d57-43d254561693:192.168.157.226:34527] with ContainerStateMachine:uninitialized
2019-09-19 14:04:51,368 [pool-58-thread-1] INFO  server.RaftServerConfigKeys (ConfUtils.java:logGet(43)) - raft.server.rpc.timeout.min = 5s (custom)
2019-09-19 14:04:51,368 [pool-58-thread-1] INFO  server.RaftServerConfigKeys (ConfUtils.java:logGet(43)) - raft.server.rpc.timeout.max = 5200ms (custom)
2019-09-19 14:04:51,368 [pool-58-thread-1] INFO  server.RaftServerConfigKeys (ConfUtils.java:logGet(43)) - raft.server.rpcslowness.timeout = 120s (custom)
2019-09-19 14:04:51,368 [pool-58-thread-1] INFO  server.RaftServerConfigKeys (ConfUtils.java:logGet(43)) - raft.server.sleep.deviation.threshold = 300 (default)
2019-09-19 14:04:51,368 [pool-58-thread-1] INFO  server.RaftServerConfigKeys (ConfUtils.java:logGet(43)) - raft.server.log.appender.install.snapshot.enabled = false (custom)
2019-09-19 14:04:51,369 [pool-58-thread-1] INFO  impl.RaftServerImpl (ServerState.java:<init>(105)) - dcc77c7b-1d37-448d-8d57-43d254561693:group-C7074BE8E490 ConfigurationManager, init=-1: [dcc77c7b-1d37-448d-8d57-43d254561693:192.168.157.226:34527], old=null, confs=<EMPTY_MAP>
2019-09-19 14:04:51,369 [pool-58-thread-1] INFO  server.RaftServerConfigKeys (ConfUtils.java:logGet(43)) - raft.server.storage.dir = [/workdir/hadoop-ozone/integration-test/target/test-dir/MiniOzoneClusterImpl-3b2755de-4cfe-4b43-9e0d-73dd8eda8f75/datanode-0/data/ratis] (custom)
2019-09-19 14:04:51,369 [pool-58-thread-1] INFO  storage.RaftStorageDirectory (RaftStorageDirectory.java:analyzeStorage(246)) - The storage directory /workdir/hadoop-ozone/integration-test/target/test-dir/MiniOzoneClusterImpl-3b2755de-4cfe-4b43-9e0d-73dd8eda8f75/datanode-0/data/ratis/2ddc7a41-9acf-41f1-bc02-c7074be8e490 does not exist. Creating ...
2019-09-19 14:04:51,381 [pool-58-thread-1] INFO  storage.RaftStorageDirectory (RaftStorageDirectory.java:tryLock(328)) - Lock on /workdir/hadoop-ozone/integration-test/target/test-dir/MiniOzoneClusterImpl-3b2755de-4cfe-4b43-9e0d-73dd8eda8f75/datanode-0/data/ratis/2ddc7a41-9acf-41f1-bc02-c7074be8e490/in_use.lock acquired by nodename 30982@pr-hdds-1569-swxfz-3172132826
2019-09-19 14:04:51,382 [Thread-3924] INFO  impl.FollowerState (FollowerState.java:run(106)) - dcc77c7b-1d37-448d-8d57-43d254561693:group-26D6D1551824 changes to CANDIDATE, lastRpcTime:5081, electionTimeout:5081ms
2019-09-19 14:04:51,382 [Thread-3924] INFO  impl.RoleInfo (RoleInfo.java:shutdownFollowerState(121)) - dcc77c7b-1d37-448d-8d57-43d254561693: shutdown FollowerState
2019-09-19 14:04:51,382 [Thread-3924] INFO  impl.RaftServerImpl (RaftServerImpl.java:setRole(171)) - dcc77c7b-1d37-448d-8d57-43d254561693:group-26D6D1551824 changes role from FOLLOWER to CANDIDATE at term 0 for changeToCandidate
2019-09-19 14:04:51,382 [Thread-3924] INFO  impl.RoleInfo (RoleInfo.java:updateAndGet(143)) - dcc77c7b-1d37-448d-8d57-43d254561693: start LeaderElection
2019-09-19 14:04:51,385 [pool-58-thread-1] INFO  storage.RaftStorage (RaftStorage.java:format(72)) - Storage directory /workdir/hadoop-ozone/integration-test/target/test-dir/MiniOzoneClusterImpl-3b2755de-4cfe-4b43-9e0d-73dd8eda8f75/datanode-0/data/ratis/2ddc7a41-9acf-41f1-bc02-c7074be8e490 has been successfully formatted.
2019-09-19 14:04:51,385 [dcc77c7b-1d37-448d-8d57-43d254561693:group-26D6D1551824:LeaderElection493] INFO  impl.LeaderElection (LeaderElection.java:askForVotes(181)) - dcc77c7b-1d37-448d-8d57-43d254561693:group-26D6D1551824:LeaderElection493: begin an election at term 1 for -1: [dcc77c7b-1d37-448d-8d57-43d254561693:192.168.157.226:34527], old=null
2019-09-19 14:04:51,385 [pool-58-thread-1] INFO  ratis.ContainerStateMachine (ContainerStateMachine.java:loadSnapshot(226)) - group-C7074BE8E490: The snapshot info is null. Setting the last applied indexto:(t:0, i:~)
2019-09-19 14:04:51,385 [dcc77c7b-1d37-448d-8d57-43d254561693:group-26D6D1551824:LeaderElection493] INFO  impl.RoleInfo (RoleInfo.java:shutdownLeaderElection(134)) - dcc77c7b-1d37-448d-8d57-43d254561693: shutdown LeaderElection
2019-09-19 14:04:51,385 [pool-58-thread-1] INFO  server.RaftServerConfigKeys (ConfUtils.java:logGet(43)) - raft.server.leader.election.timeout = 120s (custom)
2019-09-19 14:04:51,385 [dcc77c7b-1d37-448d-8d57-43d254561693:group-26D6D1551824:LeaderElection493] INFO  impl.RaftServerImpl (RaftServerImpl.java:setRole(171)) - dcc77c7b-1d37-448d-8d57-43d254561693:group-26D6D1551824 changes role from CANDIDATE to LEADER at term 1 for changeToLeader
2019-09-19 14:04:51,386 [pool-58-thread-1] INFO  server.RaftServerConfigKeys (ConfUtils.java:logGet(43)) - raft.server.log.use.memory = false (default)
2019-09-19 14:04:51,386 [dcc77c7b-1d37-448d-8d57-43d254561693:group-26D6D1551824:LeaderElection493] INFO  impl.RaftServerImpl (ServerState.java:setLeader(263)) - dcc77c7b-1d37-448d-8d57-43d254561693:group-26D6D1551824 change Leader from null to dcc77c7b-1d37-448d-8d57-43d254561693 at term 1 for becomeLeader, leader elected after 5088ms
2019-09-19 14:04:51,386 [pool-58-thread-1] INFO  server.RaftServerConfigKeys (ConfUtils.java:logGet(43)) - raft.server.log.purge.gap = 1000000 (custom)
2019-09-19 14:04:51,386 [dcc77c7b-1d37-448d-8d57-43d254561693:group-26D6D1551824:LeaderElection493] INFO  server.RaftServerConfigKeys (ConfUtils.java:logGet(43)) - raft.server.staging.catchup.gap = 1000 (default)
2019-09-19 14:04:51,386 [pool-58-thread-1] INFO  server.RaftServerConfigKeys (ConfUtils.java:logGet(43)) - raft.server.log.appender.buffer.byte-limit = 33554432 (custom)
2019-09-19 14:04:51,386 [dcc77c7b-1d37-448d-8d57-43d254561693:group-26D6D1551824:LeaderElection493] INFO  server.RaftServerConfigKeys (ConfUtils.java:logGet(43)) - raft.server.rpc.sleep.time = 25ms (default)
2019-09-19 14:04:51,386 [pool-58-thread-1] INFO  server.RaftServerConfigKeys (ConfUtils.java:logGet(43)) - raft.server.log.segment.size.max = 1048576 (custom)
2019-09-19 14:04:51,386 [dcc77c7b-1d37-448d-8d57-43d254561693:group-26D6D1551824:LeaderElection493] INFO  server.RaftServerConfigKeys (ConfUtils.java:logGet(43)) - raft.server.write.element-limit = 4096 (default)
2019-09-19 14:04:51,386 [pool-58-thread-1] INFO  server.RaftServerConfigKeys (ConfUtils.java:logGet(43)) - raft.server.log.segment.cache.num.max = 2 (custom)
2019-09-19 14:04:51,386 [dcc77c7b-1d37-448d-8d57-43d254561693:group-26D6D1551824:LeaderElection493] INFO  server.RaftServerConfigKeys (ConfUtils.java:logGet(43)) - raft.server.watch.timeout = 10s (default)
2019-09-19 14:04:51,387 [pool-58-thread-1] INFO  segmented.SegmentedRaftLogWorker (SegmentedRaftLogWorker.java:<init>(172)) - new dcc77c7b-1d37-448d-8d57-43d254561693-SegmentedRaftLogWorker:Storage Directory /workdir/hadoop-ozone/integration-test/target/test-dir/MiniOzoneClusterImpl-3b2755de-4cfe-4b43-9e0d-73dd8eda8f75/datanode-0/data/ratis/2ddc7a41-9acf-41f1-bc02-c7074be8e490 for RaftStorage:Storage Directory /workdir/hadoop-ozone/integration-test/target/test-dir/MiniOzoneClusterImpl-3b2755de-4cfe-4b43-9e0d-73dd8eda8f75/datanode-0/data/ratis/2ddc7a41-9acf-41f1-bc02-c7074be8e490
2019-09-19 14:04:51,387 [dcc77c7b-1d37-448d-8d57-43d254561693:group-26D6D1551824:LeaderElection493] INFO  server.RaftServerConfigKeys (ConfUtils.java:logGet(43)) - raft.server.watch.timeout.denomination = 1s (default)
2019-09-19 14:04:51,387 [pool-58-thread-1] INFO  server.RaftServerConfigKeys (ConfUtils.java:logGet(43)) - raft.server.log.queue.byte-limit = 2147483647 (custom)
2019-09-19 14:04:51,387 [dcc77c7b-1d37-448d-8d57-43d254561693:group-26D6D1551824:LeaderElection493] INFO  server.RaftServerConfigKeys (ConfUtils.java:logGet(43)) - raft.server.watch.element-limit = 65536 (default)
2019-09-19 14:04:51,387 [pool-58-thread-1] INFO  server.RaftServerConfigKeys (ConfUtils.java:logGet(43)) - raft.server.log.queue.element-limit = 1024 (custom)
2019-09-19 14:04:51,387 [dcc77c7b-1d37-448d-8d57-43d254561693:group-26D6D1551824:LeaderElection493] INFO  impl.RoleInfo (RoleInfo.java:updateAndGet(143)) - dcc77c7b-1d37-448d-8d57-43d254561693: start LeaderState
2019-09-19 14:04:51,387 [pool-58-thread-1] INFO  server.RaftServerConfigKeys (ConfUtils.java:logGet(43)) - raft.server.log.segment.size.max = 1048576 (custom)
2019-09-19 14:04:51,387 [pool-58-thread-1] INFO  server.RaftServerConfigKeys (ConfUtils.java:logGet(43)) - raft.server.log.preallocated.size = 16384 (custom)
2019-09-19 14:04:51,387 [pool-58-thread-1] INFO  server.RaftServerConfigKeys (ConfUtils.java:logGet(43)) - raft.server.log.write.buffer.size = 33554432 (custom)
2019-09-19 14:04:51,387 [dcc77c7b-1d37-448d-8d57-43d254561693:group-26D6D1551824:LeaderElection493] INFO  segmented.SegmentedRaftLogWorker (SegmentedRaftLogWorker.java:startLogSegment(380)) - dcc77c7b-1d37-448d-8d57-43d254561693-SegmentedRaftLogWorker:Storage Directory /workdir/hadoop-ozone/integration-test/target/test-dir/MiniOzoneClusterImpl-3b2755de-4cfe-4b43-9e0d-73dd8eda8f75/datanode-0/data/ratis/6380987e-606b-4d81-b55d-26d6d1551824: Starting segment from index:0
2019-09-19 14:04:51,387 [pool-58-thread-1] INFO  server.RaftServerConfigKeys (ConfUtils.java:logGet(43)) - raft.server.log.force.sync.num = 128 (default)
2019-09-19 14:04:51,388 [pool-58-thread-1] INFO  server.RaftServerConfigKeys (ConfUtils.java:logGet(43)) - raft.server.log.statemachine.data.sync = true (default)
2019-09-19 14:04:51,388 [pool-58-thread-1] INFO  server.RaftServerConfigKeys (ConfUtils.java:logGet(43)) - raft.server.log.statemachine.data.sync.timeout = 10s (default)
2019-09-19 14:04:51,388 [dcc77c7b-1d37-448d-8d57-43d254561693:group-26D6D1551824:LeaderElection493] INFO  impl.RaftServerImpl (ServerState.java:setRaftConf(361)) - dcc77c7b-1d37-448d-8d57-43d254561693:group-26D6D1551824 set configuration 0: [dcc77c7b-1d37-448d-8d57-43d254561693:192.168.157.226:34527], old=null at 0
2019-09-19 14:04:51,388 [pool-58-thread-1] INFO  server.RaftServerConfigKeys (ConfUtils.java:logGet(43)) - raft.server.log.statemachine.data.sync.timeout.retry = -1 (default)
2019-09-19 14:04:51,388 [pool-58-thread-1] INFO  server.RaftServerConfigKeys (ConfUtils.java:logGet(43)) - raft.server.log.statemachine.data.caching.enabled = true (custom)
2019-09-19 14:04:51,388 [pool-58-thread-1] INFO  segmented.SegmentedRaftLogWorker (SegmentedRaftLogWorker.java:lambda$new$0(132)) - dcc77c7b-1d37-448d-8d57-43d254561693-SegmentedRaftLogWorker:Storage Directory /workdir/hadoop-ozone/integration-test/target/test-dir/MiniOzoneClusterImpl-3b2755de-4cfe-4b43-9e0d-73dd8eda8f75/datanode-0/data/ratis/2ddc7a41-9acf-41f1-bc02-c7074be8e490: flushIndex: setUnconditionally 0 -> -1
2019-09-19 14:04:51,389 [pool-58-thread-1] INFO  server.RaftServerConfigKeys (ConfUtils.java:logGet(43)) - raft.server.snapshot.auto.trigger.enabled = true (custom)
2019-09-19 14:04:51,389 [pool-58-thread-1] INFO  server.RaftServerConfigKeys (ConfUtils.java:logGet(43)) - raft.server.snapshot.auto.trigger.threshold = 1 (custom)
2019-09-19 14:04:51,389 [pool-58-thread-1] INFO  server.RaftServerConfigKeys (ConfUtils.java:logGet(43)) - raft.server.retrycache.expirytime = 600000ms (custom)
2019-09-19 14:04:51,389 [pool-58-thread-1] INFO  impl.RaftServerImpl (RaftServerImpl.java:start(180)) - dcc77c7b-1d37-448d-8d57-43d254561693: start group-C7074BE8E490
2019-09-19 14:04:51,389 [pool-58-thread-1] INFO  impl.RaftServerImpl (RaftServerImpl.java:setRole(171)) - dcc77c7b-1d37-448d-8d57-43d254561693:group-C7074BE8E490 changes role from null to FOLLOWER at term 0 for startAsFollower
2019-09-19 14:04:51,389 [pool-58-thread-1] INFO  impl.RoleInfo (RoleInfo.java:updateAndGet(143)) - dcc77c7b-1d37-448d-8d57-43d254561693: start FollowerState
2019-09-19 14:04:51,389 [pool-58-thread-1] INFO  util.JmxRegister (JmxRegister.java:tryRegister(44)) - Successfully registered JMX Bean with object name Ratis:service=RaftServer,group=group-C7074BE8E490,id=dcc77c7b-1d37-448d-8d57-43d254561693
2019-09-19 14:04:51,390 | INFO  | SCMAudit | user=jenkins1000 | ip=192.168.157.226 | op=SEND_HEARTBEAT {datanodeUUID=dcc77c7b-1d37-448d-8d57-43d254561693, command=[]} | ret=SUCCESS |  
2019-09-19 14:04:51,390 [RatisPipelineUtilsThread] INFO  pipeline.PipelineStateManager (PipelineStateManager.java:addPipeline(56)) - Created pipeline Pipeline[ Id: 2ddc7a41-9acf-41f1-bc02-c7074be8e490, Nodes: dcc77c7b-1d37-448d-8d57-43d254561693{ip: 192.168.157.226, host: pr-hdds-1569-swxfz-3172132826, networkLocation: /default-rack, certSerialId: null}, Type:RATIS, Factor:ONE, State:OPEN]
2019-09-19 14:04:51,393 [grpc-default-executor-1] INFO  impl.RaftServerProxy (RaftServerProxy.java:addNew(89)) - dcc77c7b-1d37-448d-8d57-43d254561693: addNew group-9646DAB2F47F:[dcc77c7b-1d37-448d-8d57-43d254561693:192.168.157.226:34527] returns group-9646DAB2F47F:java.util.concurrent.CompletableFuture@3d00a014[Not completed]
2019-09-19 14:04:51,393 [pool-58-thread-1] INFO  impl.RaftServerImpl (RaftServerImpl.java:<init>(93)) - dcc77c7b-1d37-448d-8d57-43d254561693: new RaftServerImpl for group-9646DAB2F47F:[dcc77c7b-1d37-448d-8d57-43d254561693:192.168.157.226:34527] with ContainerStateMachine:uninitialized
2019-09-19 14:04:51,393 [dcc77c7b-1d37-448d-8d57-43d254561693-SegmentedRaftLogWorker:Storage Directory /workdir/hadoop-ozone/integration-test/target/test-dir/MiniOzoneClusterImpl-3b2755de-4cfe-4b43-9e0d-73dd8eda8f75/datanode-0/data/ratis/6d0849ea-f705-4597-8cf5-8426fa6be918] INFO  segmented.SegmentedRaftLogWorker (SegmentedRaftLogWorker.java:execute(569)) - dcc77c7b-1d37-448d-8d57-43d254561693-SegmentedRaftLogWorker:Storage Directory /workdir/hadoop-ozone/integration-test/target/test-dir/MiniOzoneClusterImpl-3b2755de-4cfe-4b43-9e0d-73dd8eda8f75/datanode-0/data/ratis/6d0849ea-f705-4597-8cf5-8426fa6be918: created new log segment /workdir/hadoop-ozone/integration-test/target/test-dir/MiniOzoneClusterImpl-3b2755de-4cfe-4b43-9e0d-73dd8eda8f75/datanode-0/data/ratis/6d0849ea-f705-4597-8cf5-8426fa6be918/current/log_inprogress_0
2019-09-19 14:04:51,394 [pool-58-thread-1] INFO  server.RaftServerConfigKeys (ConfUtils.java:logGet(43)) - raft.server.rpc.timeout.min = 5s (custom)
2019-09-19 14:04:51,394 [pool-58-thread-1] INFO  server.RaftServerConfigKeys (ConfUtils.java:logGet(43)) - raft.server.rpc.timeout.max = 5200ms (custom)
2019-09-19 14:04:51,394 [pool-58-thread-1] INFO  server.RaftServerConfigKeys (ConfUtils.java:logGet(43)) - raft.server.rpcslowness.timeout = 120s (custom)
2019-09-19 14:04:51,394 [pool-58-thread-1] INFO  server.RaftServerConfigKeys (ConfUtils.java:logGet(43)) - raft.server.sleep.deviation.threshold = 300 (default)
2019-09-19 14:04:51,394 [pool-58-thread-1] INFO  server.RaftServerConfigKeys (ConfUtils.java:logGet(43)) - raft.server.log.appender.install.snapshot.enabled = false (custom)
2019-09-19 14:04:51,394 [pool-58-thread-1] INFO  impl.RaftServerImpl (ServerState.java:<init>(105)) - dcc77c7b-1d37-448d-8d57-43d254561693:group-9646DAB2F47F ConfigurationManager, init=-1: [dcc77c7b-1d37-448d-8d57-43d254561693:192.168.157.226:34527], old=null, confs=<EMPTY_MAP>
2019-09-19 14:04:51,394 [pool-58-thread-1] INFO  server.RaftServerConfigKeys (ConfUtils.java:logGet(43)) - raft.server.storage.dir = [/workdir/hadoop-ozone/integration-test/target/test-dir/MiniOzoneClusterImpl-3b2755de-4cfe-4b43-9e0d-73dd8eda8f75/datanode-0/data/ratis] (custom)
2019-09-19 14:04:51,395 [pool-58-thread-1] INFO  storage.RaftStorageDirectory (RaftStorageDirectory.java:analyzeStorage(246)) - The storage directory /workdir/hadoop-ozone/integration-test/target/test-dir/MiniOzoneClusterImpl-3b2755de-4cfe-4b43-9e0d-73dd8eda8f75/datanode-0/data/ratis/c91ad977-9dd9-4a24-8c5f-9646dab2f47f does not exist. Creating ...
2019-09-19 14:04:51,397 [pool-58-thread-1] INFO  storage.RaftStorageDirectory (RaftStorageDirectory.java:tryLock(328)) - Lock on /workdir/hadoop-ozone/integration-test/target/test-dir/MiniOzoneClusterImpl-3b2755de-4cfe-4b43-9e0d-73dd8eda8f75/datanode-0/data/ratis/c91ad977-9dd9-4a24-8c5f-9646dab2f47f/in_use.lock acquired by nodename 30982@pr-hdds-1569-swxfz-3172132826
2019-09-19 14:04:51,400 [pool-58-thread-1] INFO  storage.RaftStorage (RaftStorage.java:format(72)) - Storage directory /workdir/hadoop-ozone/integration-test/target/test-dir/MiniOzoneClusterImpl-3b2755de-4cfe-4b43-9e0d-73dd8eda8f75/datanode-0/data/ratis/c91ad977-9dd9-4a24-8c5f-9646dab2f47f has been successfully formatted.
2019-09-19 14:04:51,400 [pool-58-thread-1] INFO  ratis.ContainerStateMachine (ContainerStateMachine.java:loadSnapshot(226)) - group-9646DAB2F47F: The snapshot info is null. Setting the last applied indexto:(t:0, i:~)
2019-09-19 14:04:51,400 [pool-58-thread-1] INFO  server.RaftServerConfigKeys (ConfUtils.java:logGet(43)) - raft.server.leader.election.timeout = 120s (custom)
2019-09-19 14:04:51,400 [pool-58-thread-1] INFO  server.RaftServerConfigKeys (ConfUtils.java:logGet(43)) - raft.server.log.use.memory = false (default)
2019-09-19 14:04:51,400 [pool-58-thread-1] INFO  server.RaftServerConfigKeys (ConfUtils.java:logGet(43)) - raft.server.log.purge.gap = 1000000 (custom)
2019-09-19 14:04:51,401 [pool-58-thread-1] INFO  server.RaftServerConfigKeys (ConfUtils.java:logGet(43)) - raft.server.log.appender.buffer.byte-limit = 33554432 (custom)
2019-09-19 14:04:51,401 [pool-58-thread-1] INFO  server.RaftServerConfigKeys (ConfUtils.java:logGet(43)) - raft.server.log.segment.size.max = 1048576 (custom)
2019-09-19 14:04:51,401 [pool-58-thread-1] INFO  server.RaftServerConfigKeys (ConfUtils.java:logGet(43)) - raft.server.log.segment.cache.num.max = 2 (custom)
2019-09-19 14:04:51,401 [pool-58-thread-1] INFO  segmented.SegmentedRaftLogWorker (SegmentedRaftLogWorker.java:<init>(172)) - new dcc77c7b-1d37-448d-8d57-43d254561693-SegmentedRaftLogWorker:Storage Directory /workdir/hadoop-ozone/integration-test/target/test-dir/MiniOzoneClusterImpl-3b2755de-4cfe-4b43-9e0d-73dd8eda8f75/datanode-0/data/ratis/c91ad977-9dd9-4a24-8c5f-9646dab2f47f for RaftStorage:Storage Directory /workdir/hadoop-ozone/integration-test/target/test-dir/MiniOzoneClusterImpl-3b2755de-4cfe-4b43-9e0d-73dd8eda8f75/datanode-0/data/ratis/c91ad977-9dd9-4a24-8c5f-9646dab2f47f
2019-09-19 14:04:51,401 [pool-58-thread-1] INFO  server.RaftServerConfigKeys (ConfUtils.java:logGet(43)) - raft.server.log.queue.byte-limit = 2147483647 (custom)
2019-09-19 14:04:51,401 [pool-58-thread-1] INFO  server.RaftServerConfigKeys (ConfUtils.java:logGet(43)) - raft.server.log.queue.element-limit = 1024 (custom)
2019-09-19 14:04:51,401 [pool-58-thread-1] INFO  server.RaftServerConfigKeys (ConfUtils.java:logGet(43)) - raft.server.log.segment.size.max = 1048576 (custom)
2019-09-19 14:04:51,401 [pool-58-thread-1] INFO  server.RaftServerConfigKeys (ConfUtils.java:logGet(43)) - raft.server.log.preallocated.size = 16384 (custom)
2019-09-19 14:04:51,401 [pool-58-thread-1] INFO  server.RaftServerConfigKeys (ConfUtils.java:logGet(43)) - raft.server.log.write.buffer.size = 33554432 (custom)
2019-09-19 14:04:51,401 [pool-58-thread-1] INFO  server.RaftServerConfigKeys (ConfUtils.java:logGet(43)) - raft.server.log.force.sync.num = 128 (default)
2019-09-19 14:04:51,401 [pool-58-thread-1] INFO  server.RaftServerConfigKeys (ConfUtils.java:logGet(43)) - raft.server.log.statemachine.data.sync = true (default)
2019-09-19 14:04:51,401 [pool-58-thread-1] INFO  server.RaftServerConfigKeys (ConfUtils.java:logGet(43)) - raft.server.log.statemachine.data.sync.timeout = 10s (default)
2019-09-19 14:04:51,401 [pool-58-thread-1] INFO  server.RaftServerConfigKeys (ConfUtils.java:logGet(43)) - raft.server.log.statemachine.data.sync.timeout.retry = -1 (default)
2019-09-19 14:04:51,402 [pool-58-thread-1] INFO  server.RaftServerConfigKeys (ConfUtils.java:logGet(43)) - raft.server.log.statemachine.data.caching.enabled = true (custom)
2019-09-19 14:04:51,402 [pool-58-thread-1] INFO  segmented.SegmentedRaftLogWorker (SegmentedRaftLogWorker.java:lambda$new$0(132)) - dcc77c7b-1d37-448d-8d57-43d254561693-SegmentedRaftLogWorker:Storage Directory /workdir/hadoop-ozone/integration-test/target/test-dir/MiniOzoneClusterImpl-3b2755de-4cfe-4b43-9e0d-73dd8eda8f75/datanode-0/data/ratis/c91ad977-9dd9-4a24-8c5f-9646dab2f47f: flushIndex: setUnconditionally 0 -> -1
2019-09-19 14:04:51,402 [pool-58-thread-1] INFO  server.RaftServerConfigKeys (ConfUtils.java:logGet(43)) - raft.server.snapshot.auto.trigger.enabled = true (custom)
2019-09-19 14:04:51,402 [pool-58-thread-1] INFO  server.RaftServerConfigKeys (ConfUtils.java:logGet(43)) - raft.server.snapshot.auto.trigger.threshold = 1 (custom)
2019-09-19 14:04:51,402 [pool-58-thread-1] INFO  server.RaftServerConfigKeys (ConfUtils.java:logGet(43)) - raft.server.retrycache.expirytime = 600000ms (custom)
2019-09-19 14:04:51,402 [pool-58-thread-1] INFO  impl.RaftServerImpl (RaftServerImpl.java:start(180)) - dcc77c7b-1d37-448d-8d57-43d254561693: start group-9646DAB2F47F
2019-09-19 14:04:51,402 [pool-58-thread-1] INFO  impl.RaftServerImpl (RaftServerImpl.java:setRole(171)) - dcc77c7b-1d37-448d-8d57-43d254561693:group-9646DAB2F47F changes role from null to FOLLOWER at term 0 for startAsFollower
2019-09-19 14:04:51,402 [pool-58-thread-1] INFO  impl.RoleInfo (RoleInfo.java:updateAndGet(143)) - dcc77c7b-1d37-448d-8d57-43d254561693: start FollowerState
2019-09-19 14:04:51,403 [pool-58-thread-1] INFO  util.JmxRegister (JmxRegister.java:tryRegister(44)) - Successfully registered JMX Bean with object name Ratis:service=RaftServer,group=group-9646DAB2F47F,id=dcc77c7b-1d37-448d-8d57-43d254561693
2019-09-19 14:04:51,406 [RatisPipelineUtilsThread] INFO  pipeline.PipelineStateManager (PipelineStateManager.java:addPipeline(56)) - Created pipeline Pipeline[ Id: c91ad977-9dd9-4a24-8c5f-9646dab2f47f, Nodes: dcc77c7b-1d37-448d-8d57-43d254561693{ip: 192.168.157.226, host: pr-hdds-1569-swxfz-3172132826, networkLocation: /default-rack, certSerialId: null}, Type:RATIS, Factor:ONE, State:OPEN]
2019-09-19 14:04:51,411 [grpc-default-executor-1] INFO  impl.RaftServerProxy (RaftServerProxy.java:addNew(89)) - dcc77c7b-1d37-448d-8d57-43d254561693: addNew group-C427DF1D703E:[dcc77c7b-1d37-448d-8d57-43d254561693:192.168.157.226:34527] returns group-C427DF1D703E:java.util.concurrent.CompletableFuture@7c939b7c[Not completed]
2019-09-19 14:04:51,412 [pool-58-thread-1] INFO  impl.RaftServerImpl (RaftServerImpl.java:<init>(93)) - dcc77c7b-1d37-448d-8d57-43d254561693: new RaftServerImpl for group-C427DF1D703E:[dcc77c7b-1d37-448d-8d57-43d254561693:192.168.157.226:34527] with ContainerStateMachine:uninitialized
2019-09-19 14:04:51,412 [pool-58-thread-1] INFO  server.RaftServerConfigKeys (ConfUtils.java:logGet(43)) - raft.server.rpc.timeout.min = 5s (custom)
2019-09-19 14:04:51,412 [pool-58-thread-1] INFO  server.RaftServerConfigKeys (ConfUtils.java:logGet(43)) - raft.server.rpc.timeout.max = 5200ms (custom)
2019-09-19 14:04:51,412 [pool-58-thread-1] INFO  server.RaftServerConfigKeys (ConfUtils.java:logGet(43)) - raft.server.rpcslowness.timeout = 120s (custom)
2019-09-19 14:04:51,412 [pool-58-thread-1] INFO  server.RaftServerConfigKeys (ConfUtils.java:logGet(43)) - raft.server.sleep.deviation.threshold = 300 (default)
2019-09-19 14:04:51,413 [pool-58-thread-1] INFO  server.RaftServerConfigKeys (ConfUtils.java:logGet(43)) - raft.server.log.appender.install.snapshot.enabled = false (custom)
2019-09-19 14:04:51,413 [pool-58-thread-1] INFO  impl.RaftServerImpl (ServerState.java:<init>(105)) - dcc77c7b-1d37-448d-8d57-43d254561693:group-C427DF1D703E ConfigurationManager, init=-1: [dcc77c7b-1d37-448d-8d57-43d254561693:192.168.157.226:34527], old=null, confs=<EMPTY_MAP>
2019-09-19 14:04:51,413 [pool-58-thread-1] INFO  server.RaftServerConfigKeys (ConfUtils.java:logGet(43)) - raft.server.storage.dir = [/workdir/hadoop-ozone/integration-test/target/test-dir/MiniOzoneClusterImpl-3b2755de-4cfe-4b43-9e0d-73dd8eda8f75/datanode-0/data/ratis] (custom)
2019-09-19 14:04:51,414 [pool-58-thread-1] INFO  storage.RaftStorageDirectory (RaftStorageDirectory.java:analyzeStorage(246)) - The storage directory /workdir/hadoop-ozone/integration-test/target/test-dir/MiniOzoneClusterImpl-3b2755de-4cfe-4b43-9e0d-73dd8eda8f75/datanode-0/data/ratis/809af549-fcb0-4d0c-aadb-c427df1d703e does not exist. Creating ...
2019-09-19 14:04:51,421 [pool-58-thread-1] INFO  storage.RaftStorageDirectory (RaftStorageDirectory.java:tryLock(328)) - Lock on /workdir/hadoop-ozone/integration-test/target/test-dir/MiniOzoneClusterImpl-3b2755de-4cfe-4b43-9e0d-73dd8eda8f75/datanode-0/data/ratis/809af549-fcb0-4d0c-aadb-c427df1d703e/in_use.lock acquired by nodename 30982@pr-hdds-1569-swxfz-3172132826
2019-09-19 14:04:51,421 [dcc77c7b-1d37-448d-8d57-43d254561693-SegmentedRaftLogWorker:Storage Directory /workdir/hadoop-ozone/integration-test/target/test-dir/MiniOzoneClusterImpl-3b2755de-4cfe-4b43-9e0d-73dd8eda8f75/datanode-0/data/ratis/6380987e-606b-4d81-b55d-26d6d1551824] INFO  segmented.SegmentedRaftLogWorker (SegmentedRaftLogWorker.java:execute(569)) - dcc77c7b-1d37-448d-8d57-43d254561693-SegmentedRaftLogWorker:Storage Directory /workdir/hadoop-ozone/integration-test/target/test-dir/MiniOzoneClusterImpl-3b2755de-4cfe-4b43-9e0d-73dd8eda8f75/datanode-0/data/ratis/6380987e-606b-4d81-b55d-26d6d1551824: created new log segment /workdir/hadoop-ozone/integration-test/target/test-dir/MiniOzoneClusterImpl-3b2755de-4cfe-4b43-9e0d-73dd8eda8f75/datanode-0/data/ratis/6380987e-606b-4d81-b55d-26d6d1551824/current/log_inprogress_0
2019-09-19 14:04:51,425 [pool-58-thread-1] INFO  storage.RaftStorage (RaftStorage.java:format(72)) - Storage directory /workdir/hadoop-ozone/integration-test/target/test-dir/MiniOzoneClusterImpl-3b2755de-4cfe-4b43-9e0d-73dd8eda8f75/datanode-0/data/ratis/809af549-fcb0-4d0c-aadb-c427df1d703e has been successfully formatted.
2019-09-19 14:04:51,425 [pool-58-thread-1] INFO  ratis.ContainerStateMachine (ContainerStateMachine.java:loadSnapshot(226)) - group-C427DF1D703E: The snapshot info is null. Setting the last applied indexto:(t:0, i:~)
2019-09-19 14:04:51,426 [pool-58-thread-1] INFO  server.RaftServerConfigKeys (ConfUtils.java:logGet(43)) - raft.server.leader.election.timeout = 120s (custom)
2019-09-19 14:04:51,426 [pool-58-thread-1] INFO  server.RaftServerConfigKeys (ConfUtils.java:logGet(43)) - raft.server.log.use.memory = false (default)
2019-09-19 14:04:51,426 [pool-58-thread-1] INFO  server.RaftServerConfigKeys (ConfUtils.java:logGet(43)) - raft.server.log.purge.gap = 1000000 (custom)
2019-09-19 14:04:51,426 [pool-58-thread-1] INFO  server.RaftServerConfigKeys (ConfUtils.java:logGet(43)) - raft.server.log.appender.buffer.byte-limit = 33554432 (custom)
2019-09-19 14:04:51,426 [pool-58-thread-1] INFO  server.RaftServerConfigKeys (ConfUtils.java:logGet(43)) - raft.server.log.segment.size.max = 1048576 (custom)
2019-09-19 14:04:51,426 [pool-58-thread-1] INFO  server.RaftServerConfigKeys (ConfUtils.java:logGet(43)) - raft.server.log.segment.cache.num.max = 2 (custom)
2019-09-19 14:04:51,426 [pool-58-thread-1] INFO  segmented.SegmentedRaftLogWorker (SegmentedRaftLogWorker.java:<init>(172)) - new dcc77c7b-1d37-448d-8d57-43d254561693-SegmentedRaftLogWorker:Storage Directory /workdir/hadoop-ozone/integration-test/target/test-dir/MiniOzoneClusterImpl-3b2755de-4cfe-4b43-9e0d-73dd8eda8f75/datanode-0/data/ratis/809af549-fcb0-4d0c-aadb-c427df1d703e for RaftStorage:Storage Directory /workdir/hadoop-ozone/integration-test/target/test-dir/MiniOzoneClusterImpl-3b2755de-4cfe-4b43-9e0d-73dd8eda8f75/datanode-0/data/ratis/809af549-fcb0-4d0c-aadb-c427df1d703e
2019-09-19 14:04:51,426 [pool-58-thread-1] INFO  server.RaftServerConfigKeys (ConfUtils.java:logGet(43)) - raft.server.log.queue.byte-limit = 2147483647 (custom)
2019-09-19 14:04:51,426 [pool-58-thread-1] INFO  server.RaftServerConfigKeys (ConfUtils.java:logGet(43)) - raft.server.log.queue.element-limit = 1024 (custom)
2019-09-19 14:04:51,426 [pool-58-thread-1] INFO  server.RaftServerConfigKeys (ConfUtils.java:logGet(43)) - raft.server.log.segment.size.max = 1048576 (custom)
2019-09-19 14:04:51,426 [pool-58-thread-1] INFO  server.RaftServerConfigKeys (ConfUtils.java:logGet(43)) - raft.server.log.preallocated.size = 16384 (custom)
2019-09-19 14:04:51,426 [pool-58-thread-1] INFO  server.RaftServerConfigKeys (ConfUtils.java:logGet(43)) - raft.server.log.write.buffer.size = 33554432 (custom)
2019-09-19 14:04:51,427 [pool-58-thread-1] INFO  server.RaftServerConfigKeys (ConfUtils.java:logGet(43)) - raft.server.log.force.sync.num = 128 (default)
2019-09-19 14:04:51,427 [pool-58-thread-1] INFO  server.RaftServerConfigKeys (ConfUtils.java:logGet(43)) - raft.server.log.statemachine.data.sync = true (default)
2019-09-19 14:04:51,427 [pool-58-thread-1] INFO  server.RaftServerConfigKeys (ConfUtils.java:logGet(43)) - raft.server.log.statemachine.data.sync.timeout = 10s (default)
2019-09-19 14:04:51,427 [pool-58-thread-1] INFO  server.RaftServerConfigKeys (ConfUtils.java:logGet(43)) - raft.server.log.statemachine.data.sync.timeout.retry = -1 (default)
2019-09-19 14:04:51,427 [pool-58-thread-1] INFO  server.RaftServerConfigKeys (ConfUtils.java:logGet(43)) - raft.server.log.statemachine.data.caching.enabled = true (custom)
2019-09-19 14:04:51,427 [pool-58-thread-1] INFO  segmented.SegmentedRaftLogWorker (SegmentedRaftLogWorker.java:lambda$new$0(132)) - dcc77c7b-1d37-448d-8d57-43d254561693-SegmentedRaftLogWorker:Storage Directory /workdir/hadoop-ozone/integration-test/target/test-dir/MiniOzoneClusterImpl-3b2755de-4cfe-4b43-9e0d-73dd8eda8f75/datanode-0/data/ratis/809af549-fcb0-4d0c-aadb-c427df1d703e: flushIndex: setUnconditionally 0 -> -1
2019-09-19 14:04:51,427 [pool-58-thread-1] INFO  server.RaftServerConfigKeys (ConfUtils.java:logGet(43)) - raft.server.snapshot.auto.trigger.enabled = true (custom)
2019-09-19 14:04:51,427 [pool-58-thread-1] INFO  server.RaftServerConfigKeys (ConfUtils.java:logGet(43)) - raft.server.snapshot.auto.trigger.threshold = 1 (custom)
2019-09-19 14:04:51,428 [pool-58-thread-1] INFO  server.RaftServerConfigKeys (ConfUtils.java:logGet(43)) - raft.server.retrycache.expirytime = 600000ms (custom)
2019-09-19 14:04:51,428 [pool-58-thread-1] INFO  impl.RaftServerImpl (RaftServerImpl.java:start(180)) - dcc77c7b-1d37-448d-8d57-43d254561693: start group-C427DF1D703E
2019-09-19 14:04:51,428 [pool-58-thread-1] INFO  impl.RaftServerImpl (RaftServerImpl.java:setRole(171)) - dcc77c7b-1d37-448d-8d57-43d254561693:group-C427DF1D703E changes role from null to FOLLOWER at term 0 for startAsFollower
2019-09-19 14:04:51,428 [pool-58-thread-1] INFO  impl.RoleInfo (RoleInfo.java:updateAndGet(143)) - dcc77c7b-1d37-448d-8d57-43d254561693: start FollowerState
2019-09-19 14:04:51,428 [pool-58-thread-1] INFO  util.JmxRegister (JmxRegister.java:tryRegister(44)) - Successfully registered JMX Bean with object name Ratis:service=RaftServer,group=group-C427DF1D703E,id=dcc77c7b-1d37-448d-8d57-43d254561693
2019-09-19 14:04:51,429 [RatisPipelineUtilsThread] INFO  pipeline.PipelineStateManager (PipelineStateManager.java:addPipeline(56)) - Created pipeline Pipeline[ Id: 809af549-fcb0-4d0c-aadb-c427df1d703e, Nodes: dcc77c7b-1d37-448d-8d57-43d254561693{ip: 192.168.157.226, host: pr-hdds-1569-swxfz-3172132826, networkLocation: /default-rack, certSerialId: null}, Type:RATIS, Factor:ONE, State:OPEN]
2019-09-19 14:04:51,431 [grpc-default-executor-1] INFO  impl.RaftServerProxy (RaftServerProxy.java:addNew(89)) - dcc77c7b-1d37-448d-8d57-43d254561693: addNew group-9C89C73BB343:[dcc77c7b-1d37-448d-8d57-43d254561693:192.168.157.226:34527] returns group-9C89C73BB343:java.util.concurrent.CompletableFuture@2cd5ce69[Not completed]
2019-09-19 14:04:51,432 [pool-58-thread-1] INFO  impl.RaftServerImpl (RaftServerImpl.java:<init>(93)) - dcc77c7b-1d37-448d-8d57-43d254561693: new RaftServerImpl for group-9C89C73BB343:[dcc77c7b-1d37-448d-8d57-43d254561693:192.168.157.226:34527] with ContainerStateMachine:uninitialized
2019-09-19 14:04:51,432 [pool-58-thread-1] INFO  server.RaftServerConfigKeys (ConfUtils.java:logGet(43)) - raft.server.rpc.timeout.min = 5s (custom)
2019-09-19 14:04:51,432 [pool-58-thread-1] INFO  server.RaftServerConfigKeys (ConfUtils.java:logGet(43)) - raft.server.rpc.timeout.max = 5200ms (custom)
2019-09-19 14:04:51,432 [pool-58-thread-1] INFO  server.RaftServerConfigKeys (ConfUtils.java:logGet(43)) - raft.server.rpcslowness.timeout = 120s (custom)
2019-09-19 14:04:51,432 [pool-58-thread-1] INFO  server.RaftServerConfigKeys (ConfUtils.java:logGet(43)) - raft.server.sleep.deviation.threshold = 300 (default)
2019-09-19 14:04:51,432 [pool-58-thread-1] INFO  server.RaftServerConfigKeys (ConfUtils.java:logGet(43)) - raft.server.log.appender.install.snapshot.enabled = false (custom)
2019-09-19 14:04:51,432 [pool-58-thread-1] INFO  impl.RaftServerImpl (ServerState.java:<init>(105)) - dcc77c7b-1d37-448d-8d57-43d254561693:group-9C89C73BB343 ConfigurationManager, init=-1: [dcc77c7b-1d37-448d-8d57-43d254561693:192.168.157.226:34527], old=null, confs=<EMPTY_MAP>
2019-09-19 14:04:51,432 [pool-58-thread-1] INFO  server.RaftServerConfigKeys (ConfUtils.java:logGet(43)) - raft.server.storage.dir = [/workdir/hadoop-ozone/integration-test/target/test-dir/MiniOzoneClusterImpl-3b2755de-4cfe-4b43-9e0d-73dd8eda8f75/datanode-0/data/ratis] (custom)
2019-09-19 14:04:51,433 [pool-58-thread-1] INFO  storage.RaftStorageDirectory (RaftStorageDirectory.java:analyzeStorage(246)) - The storage directory /workdir/hadoop-ozone/integration-test/target/test-dir/MiniOzoneClusterImpl-3b2755de-4cfe-4b43-9e0d-73dd8eda8f75/datanode-0/data/ratis/cc0a98a1-5529-44b2-91aa-9c89c73bb343 does not exist. Creating ...
2019-09-19 14:04:51,447 [Thread-3927] INFO  impl.FollowerState (FollowerState.java:run(106)) - dcc77c7b-1d37-448d-8d57-43d254561693:group-903C9C9039A4 changes to CANDIDATE, lastRpcTime:5108, electionTimeout:5108ms
2019-09-19 14:04:51,447 [Thread-3927] INFO  impl.RoleInfo (RoleInfo.java:shutdownFollowerState(121)) - dcc77c7b-1d37-448d-8d57-43d254561693: shutdown FollowerState
2019-09-19 14:04:51,447 [Thread-3927] INFO  impl.RaftServerImpl (RaftServerImpl.java:setRole(171)) - dcc77c7b-1d37-448d-8d57-43d254561693:group-903C9C9039A4 changes role from FOLLOWER to CANDIDATE at term 0 for changeToCandidate
2019-09-19 14:04:51,447 [pool-58-thread-1] INFO  storage.RaftStorageDirectory (RaftStorageDirectory.java:tryLock(328)) - Lock on /workdir/hadoop-ozone/integration-test/target/test-dir/MiniOzoneClusterImpl-3b2755de-4cfe-4b43-9e0d-73dd8eda8f75/datanode-0/data/ratis/cc0a98a1-5529-44b2-91aa-9c89c73bb343/in_use.lock acquired by nodename 30982@pr-hdds-1569-swxfz-3172132826
2019-09-19 14:04:51,447 [Thread-3927] INFO  impl.RoleInfo (RoleInfo.java:updateAndGet(143)) - dcc77c7b-1d37-448d-8d57-43d254561693: start LeaderElection
2019-09-19 14:04:51,451 [Thread-3921] INFO  impl.FollowerState (FollowerState.java:run(106)) - dcc77c7b-1d37-448d-8d57-43d254561693:group-51866E2AD012 changes to CANDIDATE, lastRpcTime:5185, electionTimeout:5185ms
2019-09-19 14:04:51,451 [Thread-3921] INFO  impl.RoleInfo (RoleInfo.java:shutdownFollowerState(121)) - dcc77c7b-1d37-448d-8d57-43d254561693: shutdown FollowerState
2019-09-19 14:04:51,451 [Thread-3921] INFO  impl.RaftServerImpl (RaftServerImpl.java:setRole(171)) - dcc77c7b-1d37-448d-8d57-43d254561693:group-51866E2AD012 changes role from FOLLOWER to CANDIDATE at term 0 for changeToCandidate
2019-09-19 14:04:51,451 [Thread-3921] INFO  impl.RoleInfo (RoleInfo.java:updateAndGet(143)) - dcc77c7b-1d37-448d-8d57-43d254561693: start LeaderElection
2019-09-19 14:04:51,461 [pool-58-thread-1] INFO  storage.RaftStorage (RaftStorage.java:format(72)) - Storage directory /workdir/hadoop-ozone/integration-test/target/test-dir/MiniOzoneClusterImpl-3b2755de-4cfe-4b43-9e0d-73dd8eda8f75/datanode-0/data/ratis/cc0a98a1-5529-44b2-91aa-9c89c73bb343 has been successfully formatted.
2019-09-19 14:04:51,461 [dcc77c7b-1d37-448d-8d57-43d254561693:group-51866E2AD012:LeaderElection495] INFO  impl.LeaderElection (LeaderElection.java:askForVotes(181)) - dcc77c7b-1d37-448d-8d57-43d254561693:group-51866E2AD012:LeaderElection495: begin an election at term 1 for -1: [dcc77c7b-1d37-448d-8d57-43d254561693:192.168.157.226:34527], old=null
2019-09-19 14:04:51,461 [dcc77c7b-1d37-448d-8d57-43d254561693:group-903C9C9039A4:LeaderElection494] INFO  impl.LeaderElection (LeaderElection.java:askForVotes(181)) - dcc77c7b-1d37-448d-8d57-43d254561693:group-903C9C9039A4:LeaderElection494: begin an election at term 1 for -1: [dcc77c7b-1d37-448d-8d57-43d254561693:192.168.157.226:34527], old=null
2019-09-19 14:04:51,461 [pool-58-thread-1] INFO  ratis.ContainerStateMachine (ContainerStateMachine.java:loadSnapshot(226)) - group-9C89C73BB343: The snapshot info is null. Setting the last applied indexto:(t:0, i:~)
2019-09-19 14:04:51,461 [dcc77c7b-1d37-448d-8d57-43d254561693:group-903C9C9039A4:LeaderElection494] INFO  impl.RoleInfo (RoleInfo.java:shutdownLeaderElection(134)) - dcc77c7b-1d37-448d-8d57-43d254561693: shutdown LeaderElection
2019-09-19 14:04:51,461 [dcc77c7b-1d37-448d-8d57-43d254561693:group-903C9C9039A4:LeaderElection494] INFO  impl.RaftServerImpl (RaftServerImpl.java:setRole(171)) - dcc77c7b-1d37-448d-8d57-43d254561693:group-903C9C9039A4 changes role from CANDIDATE to LEADER at term 1 for changeToLeader
2019-09-19 14:04:51,461 [dcc77c7b-1d37-448d-8d57-43d254561693:group-51866E2AD012:LeaderElection495] INFO  impl.RoleInfo (RoleInfo.java:shutdownLeaderElection(134)) - dcc77c7b-1d37-448d-8d57-43d254561693: shutdown LeaderElection
2019-09-19 14:04:51,461 [dcc77c7b-1d37-448d-8d57-43d254561693:group-903C9C9039A4:LeaderElection494] INFO  impl.RaftServerImpl (ServerState.java:setLeader(263)) - dcc77c7b-1d37-448d-8d57-43d254561693:group-903C9C9039A4 change Leader from null to dcc77c7b-1d37-448d-8d57-43d254561693 at term 1 for becomeLeader, leader elected after 5126ms
2019-09-19 14:04:51,461 [pool-58-thread-1] INFO  server.RaftServerConfigKeys (ConfUtils.java:logGet(43)) - raft.server.leader.election.timeout = 120s (custom)
2019-09-19 14:04:51,462 [dcc77c7b-1d37-448d-8d57-43d254561693:group-903C9C9039A4:LeaderElection494] INFO  server.RaftServerConfigKeys (ConfUtils.java:logGet(43)) - raft.server.staging.catchup.gap = 1000 (default)
2019-09-19 14:04:51,461 [dcc77c7b-1d37-448d-8d57-43d254561693:group-51866E2AD012:LeaderElection495] INFO  impl.RaftServerImpl (RaftServerImpl.java:setRole(171)) - dcc77c7b-1d37-448d-8d57-43d254561693:group-51866E2AD012 changes role from CANDIDATE to LEADER at term 1 for changeToLeader
2019-09-19 14:04:51,462 [dcc77c7b-1d37-448d-8d57-43d254561693:group-903C9C9039A4:LeaderElection494] INFO  server.RaftServerConfigKeys (ConfUtils.java:logGet(43)) - raft.server.rpc.sleep.time = 25ms (default)
2019-09-19 14:04:51,462 [pool-58-thread-1] INFO  server.RaftServerConfigKeys (ConfUtils.java:logGet(43)) - raft.server.log.use.memory = false (default)
2019-09-19 14:04:51,462 [dcc77c7b-1d37-448d-8d57-43d254561693:group-903C9C9039A4:LeaderElection494] INFO  server.RaftServerConfigKeys (ConfUtils.java:logGet(43)) - raft.server.write.element-limit = 4096 (default)
2019-09-19 14:04:51,462 [dcc77c7b-1d37-448d-8d57-43d254561693:group-51866E2AD012:LeaderElection495] INFO  impl.RaftServerImpl (ServerState.java:setLeader(263)) - dcc77c7b-1d37-448d-8d57-43d254561693:group-51866E2AD012 change Leader from null to dcc77c7b-1d37-448d-8d57-43d254561693 at term 1 for becomeLeader, leader elected after 5200ms
2019-09-19 14:04:51,462 [dcc77c7b-1d37-448d-8d57-43d254561693:group-903C9C9039A4:LeaderElection494] INFO  server.RaftServerConfigKeys (ConfUtils.java:logGet(43)) - raft.server.watch.timeout = 10s (default)
2019-09-19 14:04:51,462 [pool-58-thread-1] INFO  server.RaftServerConfigKeys (ConfUtils.java:logGet(43)) - raft.server.log.purge.gap = 1000000 (custom)
2019-09-19 14:04:51,462 [dcc77c7b-1d37-448d-8d57-43d254561693:group-903C9C9039A4:LeaderElection494] INFO  server.RaftServerConfigKeys (ConfUtils.java:logGet(43)) - raft.server.watch.timeout.denomination = 1s (default)
2019-09-19 14:04:51,462 [dcc77c7b-1d37-448d-8d57-43d254561693:group-51866E2AD012:LeaderElection495] INFO  server.RaftServerConfigKeys (ConfUtils.java:logGet(43)) - raft.server.staging.catchup.gap = 1000 (default)
2019-09-19 14:04:51,462 [dcc77c7b-1d37-448d-8d57-43d254561693:group-903C9C9039A4:LeaderElection494] INFO  server.RaftServerConfigKeys (ConfUtils.java:logGet(43)) - raft.server.watch.element-limit = 65536 (default)
2019-09-19 14:04:51,462 [pool-58-thread-1] INFO  server.RaftServerConfigKeys (ConfUtils.java:logGet(43)) - raft.server.log.appender.buffer.byte-limit = 33554432 (custom)
2019-09-19 14:04:51,463 [dcc77c7b-1d37-448d-8d57-43d254561693:group-903C9C9039A4:LeaderElection494] INFO  impl.RoleInfo (RoleInfo.java:updateAndGet(143)) - dcc77c7b-1d37-448d-8d57-43d254561693: start LeaderState
2019-09-19 14:04:51,462 [dcc77c7b-1d37-448d-8d57-43d254561693:group-51866E2AD012:LeaderElection495] INFO  server.RaftServerConfigKeys (ConfUtils.java:logGet(43)) - raft.server.rpc.sleep.time = 25ms (default)
2019-09-19 14:04:51,463 [dcc77c7b-1d37-448d-8d57-43d254561693:group-903C9C9039A4:LeaderElection494] INFO  segmented.SegmentedRaftLogWorker (SegmentedRaftLogWorker.java:startLogSegment(380)) - dcc77c7b-1d37-448d-8d57-43d254561693-SegmentedRaftLogWorker:Storage Directory /workdir/hadoop-ozone/integration-test/target/test-dir/MiniOzoneClusterImpl-3b2755de-4cfe-4b43-9e0d-73dd8eda8f75/datanode-0/data/ratis/bc358486-f5a2-4b66-a0bd-903c9c9039a4: Starting segment from index:0
2019-09-19 14:04:51,463 [pool-58-thread-1] INFO  server.RaftServerConfigKeys (ConfUtils.java:logGet(43)) - raft.server.log.segment.size.max = 1048576 (custom)
2019-09-19 14:04:51,463 [pool-58-thread-1] INFO  server.RaftServerConfigKeys (ConfUtils.java:logGet(43)) - raft.server.log.segment.cache.num.max = 2 (custom)
2019-09-19 14:04:51,463 [dcc77c7b-1d37-448d-8d57-43d254561693:group-51866E2AD012:LeaderElection495] INFO  server.RaftServerConfigKeys (ConfUtils.java:logGet(43)) - raft.server.write.element-limit = 4096 (default)
2019-09-19 14:04:51,463 [dcc77c7b-1d37-448d-8d57-43d254561693:group-903C9C9039A4:LeaderElection494] INFO  impl.RaftServerImpl (ServerState.java:setRaftConf(361)) - dcc77c7b-1d37-448d-8d57-43d254561693:group-903C9C9039A4 set configuration 0: [dcc77c7b-1d37-448d-8d57-43d254561693:192.168.157.226:34527], old=null at 0
2019-09-19 14:04:51,463 [pool-58-thread-1] INFO  segmented.SegmentedRaftLogWorker (SegmentedRaftLogWorker.java:<init>(172)) - new dcc77c7b-1d37-448d-8d57-43d254561693-SegmentedRaftLogWorker:Storage Directory /workdir/hadoop-ozone/integration-test/target/test-dir/MiniOzoneClusterImpl-3b2755de-4cfe-4b43-9e0d-73dd8eda8f75/datanode-0/data/ratis/cc0a98a1-5529-44b2-91aa-9c89c73bb343 for RaftStorage:Storage Directory /workdir/hadoop-ozone/integration-test/target/test-dir/MiniOzoneClusterImpl-3b2755de-4cfe-4b43-9e0d-73dd8eda8f75/datanode-0/data/ratis/cc0a98a1-5529-44b2-91aa-9c89c73bb343
2019-09-19 14:04:51,463 [dcc77c7b-1d37-448d-8d57-43d254561693:group-51866E2AD012:LeaderElection495] INFO  server.RaftServerConfigKeys (ConfUtils.java:logGet(43)) - raft.server.watch.timeout = 10s (default)
2019-09-19 14:04:51,463 [pool-58-thread-1] INFO  server.RaftServerConfigKeys (ConfUtils.java:logGet(43)) - raft.server.log.queue.byte-limit = 2147483647 (custom)
2019-09-19 14:04:51,463 [dcc77c7b-1d37-448d-8d57-43d254561693:group-51866E2AD012:LeaderElection495] INFO  server.RaftServerConfigKeys (ConfUtils.java:logGet(43)) - raft.server.watch.timeout.denomination = 1s (default)
2019-09-19 14:04:51,464 [pool-58-thread-1] INFO  server.RaftServerConfigKeys (ConfUtils.java:logGet(43)) - raft.server.log.queue.element-limit = 1024 (custom)
2019-09-19 14:04:51,464 [dcc77c7b-1d37-448d-8d57-43d254561693:group-51866E2AD012:LeaderElection495] INFO  server.RaftServerConfigKeys (ConfUtils.java:logGet(43)) - raft.server.watch.element-limit = 65536 (default)
2019-09-19 14:04:51,464 [pool-58-thread-1] INFO  server.RaftServerConfigKeys (ConfUtils.java:logGet(43)) - raft.server.log.segment.size.max = 1048576 (custom)
2019-09-19 14:04:51,464 [dcc77c7b-1d37-448d-8d57-43d254561693:group-51866E2AD012:LeaderElection495] INFO  impl.RoleInfo (RoleInfo.java:updateAndGet(143)) - dcc77c7b-1d37-448d-8d57-43d254561693: start LeaderState
2019-09-19 14:04:51,464 [pool-58-thread-1] INFO  server.RaftServerConfigKeys (ConfUtils.java:logGet(43)) - raft.server.log.preallocated.size = 16384 (custom)
2019-09-19 14:04:51,464 [dcc77c7b-1d37-448d-8d57-43d254561693:group-51866E2AD012:LeaderElection495] INFO  segmented.SegmentedRaftLogWorker (SegmentedRaftLogWorker.java:startLogSegment(380)) - dcc77c7b-1d37-448d-8d57-43d254561693-SegmentedRaftLogWorker:Storage Directory /workdir/hadoop-ozone/integration-test/target/test-dir/MiniOzoneClusterImpl-3b2755de-4cfe-4b43-9e0d-73dd8eda8f75/datanode-0/data/ratis/a8d53942-6873-4a93-bf08-51866e2ad012: Starting segment from index:0
2019-09-19 14:04:51,464 [pool-58-thread-1] INFO  server.RaftServerConfigKeys (ConfUtils.java:logGet(43)) - raft.server.log.write.buffer.size = 33554432 (custom)
2019-09-19 14:04:51,464 [pool-58-thread-1] INFO  server.RaftServerConfigKeys (ConfUtils.java:logGet(43)) - raft.server.log.force.sync.num = 128 (default)
2019-09-19 14:04:51,464 [pool-58-thread-1] INFO  server.RaftServerConfigKeys (ConfUtils.java:logGet(43)) - raft.server.log.statemachine.data.sync = true (default)
2019-09-19 14:04:51,464 [dcc77c7b-1d37-448d-8d57-43d254561693:group-51866E2AD012:LeaderElection495] INFO  impl.RaftServerImpl (ServerState.java:setRaftConf(361)) - dcc77c7b-1d37-448d-8d57-43d254561693:group-51866E2AD012 set configuration 0: [dcc77c7b-1d37-448d-8d57-43d254561693:192.168.157.226:34527], old=null at 0
2019-09-19 14:04:51,464 [pool-58-thread-1] INFO  server.RaftServerConfigKeys (ConfUtils.java:logGet(43)) - raft.server.log.statemachine.data.sync.timeout = 10s (default)
2019-09-19 14:04:51,465 [pool-58-thread-1] INFO  server.RaftServerConfigKeys (ConfUtils.java:logGet(43)) - raft.server.log.statemachine.data.sync.timeout.retry = -1 (default)
2019-09-19 14:04:51,465 [pool-58-thread-1] INFO  server.RaftServerConfigKeys (ConfUtils.java:logGet(43)) - raft.server.log.statemachine.data.caching.enabled = true (custom)
2019-09-19 14:04:51,465 [pool-58-thread-1] INFO  segmented.SegmentedRaftLogWorker (SegmentedRaftLogWorker.java:lambda$new$0(132)) - dcc77c7b-1d37-448d-8d57-43d254561693-SegmentedRaftLogWorker:Storage Directory /workdir/hadoop-ozone/integration-test/target/test-dir/MiniOzoneClusterImpl-3b2755de-4cfe-4b43-9e0d-73dd8eda8f75/datanode-0/data/ratis/cc0a98a1-5529-44b2-91aa-9c89c73bb343: flushIndex: setUnconditionally 0 -> -1
2019-09-19 14:04:51,465 [pool-58-thread-1] INFO  server.RaftServerConfigKeys (ConfUtils.java:logGet(43)) - raft.server.snapshot.auto.trigger.enabled = true (custom)
2019-09-19 14:04:51,465 [pool-58-thread-1] INFO  server.RaftServerConfigKeys (ConfUtils.java:logGet(43)) - raft.server.snapshot.auto.trigger.threshold = 1 (custom)
2019-09-19 14:04:51,465 [pool-58-thread-1] INFO  server.RaftServerConfigKeys (ConfUtils.java:logGet(43)) - raft.server.retrycache.expirytime = 600000ms (custom)
2019-09-19 14:04:51,465 [pool-58-thread-1] INFO  impl.RaftServerImpl (RaftServerImpl.java:start(180)) - dcc77c7b-1d37-448d-8d57-43d254561693: start group-9C89C73BB343
2019-09-19 14:04:51,465 [pool-58-thread-1] INFO  impl.RaftServerImpl (RaftServerImpl.java:setRole(171)) - dcc77c7b-1d37-448d-8d57-43d254561693:group-9C89C73BB343 changes role from null to FOLLOWER at term 0 for startAsFollower
2019-09-19 14:04:51,466 [pool-58-thread-1] INFO  impl.RoleInfo (RoleInfo.java:updateAndGet(143)) - dcc77c7b-1d37-448d-8d57-43d254561693: start FollowerState
2019-09-19 14:04:51,466 [pool-58-thread-1] INFO  util.JmxRegister (JmxRegister.java:tryRegister(44)) - Successfully registered JMX Bean with object name Ratis:service=RaftServer,group=group-9C89C73BB343,id=dcc77c7b-1d37-448d-8d57-43d254561693
2019-09-19 14:04:51,467 [RatisPipelineUtilsThread] INFO  pipeline.PipelineStateManager (PipelineStateManager.java:addPipeline(56)) - Created pipeline Pipeline[ Id: cc0a98a1-5529-44b2-91aa-9c89c73bb343, Nodes: dcc77c7b-1d37-448d-8d57-43d254561693{ip: 192.168.157.226, host: pr-hdds-1569-swxfz-3172132826, networkLocation: /default-rack, certSerialId: null}, Type:RATIS, Factor:ONE, State:OPEN]
2019-09-19 14:04:51,469 [grpc-default-executor-1] INFO  impl.RaftServerProxy (RaftServerProxy.java:addNew(89)) - dcc77c7b-1d37-448d-8d57-43d254561693: addNew group-827C827A8DAD:[dcc77c7b-1d37-448d-8d57-43d254561693:192.168.157.226:34527] returns group-827C827A8DAD:java.util.concurrent.CompletableFuture@7383e23f[Not completed]
2019-09-19 14:04:51,470 [pool-58-thread-1] INFO  impl.RaftServerImpl (RaftServerImpl.java:<init>(93)) - dcc77c7b-1d37-448d-8d57-43d254561693: new RaftServerImpl for group-827C827A8DAD:[dcc77c7b-1d37-448d-8d57-43d254561693:192.168.157.226:34527] with ContainerStateMachine:uninitialized
2019-09-19 14:04:51,470 [pool-58-thread-1] INFO  server.RaftServerConfigKeys (ConfUtils.java:logGet(43)) - raft.server.rpc.timeout.min = 5s (custom)
2019-09-19 14:04:51,470 [pool-58-thread-1] INFO  server.RaftServerConfigKeys (ConfUtils.java:logGet(43)) - raft.server.rpc.timeout.max = 5200ms (custom)
2019-09-19 14:04:51,470 [pool-58-thread-1] INFO  server.RaftServerConfigKeys (ConfUtils.java:logGet(43)) - raft.server.rpcslowness.timeout = 120s (custom)
2019-09-19 14:04:51,470 [pool-58-thread-1] INFO  server.RaftServerConfigKeys (ConfUtils.java:logGet(43)) - raft.server.sleep.deviation.threshold = 300 (default)
2019-09-19 14:04:51,470 [pool-58-thread-1] INFO  server.RaftServerConfigKeys (ConfUtils.java:logGet(43)) - raft.server.log.appender.install.snapshot.enabled = false (custom)
2019-09-19 14:04:51,470 [Thread-3930] INFO  impl.FollowerState (FollowerState.java:run(106)) - dcc77c7b-1d37-448d-8d57-43d254561693:group-D9330847D16E changes to CANDIDATE, lastRpcTime:5096, electionTimeout:5096ms
2019-09-19 14:04:51,470 [Thread-3930] INFO  impl.RoleInfo (RoleInfo.java:shutdownFollowerState(121)) - dcc77c7b-1d37-448d-8d57-43d254561693: shutdown FollowerState
2019-09-19 14:04:51,470 [pool-58-thread-1] INFO  impl.RaftServerImpl (ServerState.java:<init>(105)) - dcc77c7b-1d37-448d-8d57-43d254561693:group-827C827A8DAD ConfigurationManager, init=-1: [dcc77c7b-1d37-448d-8d57-43d254561693:192.168.157.226:34527], old=null, confs=<EMPTY_MAP>
2019-09-19 14:04:51,470 [Thread-3930] INFO  impl.RaftServerImpl (RaftServerImpl.java:setRole(171)) - dcc77c7b-1d37-448d-8d57-43d254561693:group-D9330847D16E changes role from FOLLOWER to CANDIDATE at term 0 for changeToCandidate
2019-09-19 14:04:51,470 [pool-58-thread-1] INFO  server.RaftServerConfigKeys (ConfUtils.java:logGet(43)) - raft.server.storage.dir = [/workdir/hadoop-ozone/integration-test/target/test-dir/MiniOzoneClusterImpl-3b2755de-4cfe-4b43-9e0d-73dd8eda8f75/datanode-0/data/ratis] (custom)
2019-09-19 14:04:51,471 [Thread-3930] INFO  impl.RoleInfo (RoleInfo.java:updateAndGet(143)) - dcc77c7b-1d37-448d-8d57-43d254561693: start LeaderElection
2019-09-19 14:04:51,471 [pool-58-thread-1] INFO  storage.RaftStorageDirectory (RaftStorageDirectory.java:analyzeStorage(246)) - The storage directory /workdir/hadoop-ozone/integration-test/target/test-dir/MiniOzoneClusterImpl-3b2755de-4cfe-4b43-9e0d-73dd8eda8f75/datanode-0/data/ratis/ca6a6194-c73d-4588-92e9-827c827a8dad does not exist. Creating ...
2019-09-19 14:04:51,485 [pool-58-thread-1] INFO  storage.RaftStorageDirectory (RaftStorageDirectory.java:tryLock(328)) - Lock on /workdir/hadoop-ozone/integration-test/target/test-dir/MiniOzoneClusterImpl-3b2755de-4cfe-4b43-9e0d-73dd8eda8f75/datanode-0/data/ratis/ca6a6194-c73d-4588-92e9-827c827a8dad/in_use.lock acquired by nodename 30982@pr-hdds-1569-swxfz-3172132826
2019-09-19 14:04:51,485 [dcc77c7b-1d37-448d-8d57-43d254561693:group-D9330847D16E:LeaderElection496] INFO  impl.LeaderElection (LeaderElection.java:askForVotes(181)) - dcc77c7b-1d37-448d-8d57-43d254561693:group-D9330847D16E:LeaderElection496: begin an election at term 1 for -1: [dcc77c7b-1d37-448d-8d57-43d254561693:192.168.157.226:34527], old=null
2019-09-19 14:04:51,485 [dcc77c7b-1d37-448d-8d57-43d254561693:group-D9330847D16E:LeaderElection496] INFO  impl.RoleInfo (RoleInfo.java:shutdownLeaderElection(134)) - dcc77c7b-1d37-448d-8d57-43d254561693: shutdown LeaderElection
2019-09-19 14:04:51,485 [dcc77c7b-1d37-448d-8d57-43d254561693:group-D9330847D16E:LeaderElection496] INFO  impl.RaftServerImpl (RaftServerImpl.java:setRole(171)) - dcc77c7b-1d37-448d-8d57-43d254561693:group-D9330847D16E changes role from CANDIDATE to LEADER at term 1 for changeToLeader
2019-09-19 14:04:51,485 [dcc77c7b-1d37-448d-8d57-43d254561693:group-D9330847D16E:LeaderElection496] INFO  impl.RaftServerImpl (ServerState.java:setLeader(263)) - dcc77c7b-1d37-448d-8d57-43d254561693:group-D9330847D16E change Leader from null to dcc77c7b-1d37-448d-8d57-43d254561693 at term 1 for becomeLeader, leader elected after 5114ms
2019-09-19 14:04:51,486 [dcc77c7b-1d37-448d-8d57-43d254561693:group-D9330847D16E:LeaderElection496] INFO  server.RaftServerConfigKeys (ConfUtils.java:logGet(43)) - raft.server.staging.catchup.gap = 1000 (default)
2019-09-19 14:04:51,486 [dcc77c7b-1d37-448d-8d57-43d254561693:group-D9330847D16E:LeaderElection496] INFO  server.RaftServerConfigKeys (ConfUtils.java:logGet(43)) - raft.server.rpc.sleep.time = 25ms (default)
2019-09-19 14:04:51,486 [dcc77c7b-1d37-448d-8d57-43d254561693:group-D9330847D16E:LeaderElection496] INFO  server.RaftServerConfigKeys (ConfUtils.java:logGet(43)) - raft.server.write.element-limit = 4096 (default)
2019-09-19 14:04:51,486 [dcc77c7b-1d37-448d-8d57-43d254561693:group-D9330847D16E:LeaderElection496] INFO  server.RaftServerConfigKeys (ConfUtils.java:logGet(43)) - raft.server.watch.timeout = 10s (default)
2019-09-19 14:04:51,486 [dcc77c7b-1d37-448d-8d57-43d254561693:group-D9330847D16E:LeaderElection496] INFO  server.RaftServerConfigKeys (ConfUtils.java:logGet(43)) - raft.server.watch.timeout.denomination = 1s (default)
2019-09-19 14:04:51,486 [dcc77c7b-1d37-448d-8d57-43d254561693:group-D9330847D16E:LeaderElection496] INFO  server.RaftServerConfigKeys (ConfUtils.java:logGet(43)) - raft.server.watch.element-limit = 65536 (default)
2019-09-19 14:04:51,487 [dcc77c7b-1d37-448d-8d57-43d254561693:group-D9330847D16E:LeaderElection496] INFO  impl.RoleInfo (RoleInfo.java:updateAndGet(143)) - dcc77c7b-1d37-448d-8d57-43d254561693: start LeaderState
2019-09-19 14:04:51,487 [dcc77c7b-1d37-448d-8d57-43d254561693:group-D9330847D16E:LeaderElection496] INFO  segmented.SegmentedRaftLogWorker (SegmentedRaftLogWorker.java:startLogSegment(380)) - dcc77c7b-1d37-448d-8d57-43d254561693-SegmentedRaftLogWorker:Storage Directory /workdir/hadoop-ozone/integration-test/target/test-dir/MiniOzoneClusterImpl-3b2755de-4cfe-4b43-9e0d-73dd8eda8f75/datanode-0/data/ratis/4818f00d-8e7a-4eb3-9eb3-d9330847d16e: Starting segment from index:0
2019-09-19 14:04:51,487 [dcc77c7b-1d37-448d-8d57-43d254561693:group-D9330847D16E:LeaderElection496] INFO  impl.RaftServerImpl (ServerState.java:setRaftConf(361)) - dcc77c7b-1d37-448d-8d57-43d254561693:group-D9330847D16E set configuration 0: [dcc77c7b-1d37-448d-8d57-43d254561693:192.168.157.226:34527], old=null at 0
2019-09-19 14:04:51,499 [dcc77c7b-1d37-448d-8d57-43d254561693-SegmentedRaftLogWorker:Storage Directory /workdir/hadoop-ozone/integration-test/target/test-dir/MiniOzoneClusterImpl-3b2755de-4cfe-4b43-9e0d-73dd8eda8f75/datanode-0/data/ratis/bc358486-f5a2-4b66-a0bd-903c9c9039a4] INFO  segmented.SegmentedRaftLogWorker (SegmentedRaftLogWorker.java:execute(569)) - dcc77c7b-1d37-448d-8d57-43d254561693-SegmentedRaftLogWorker:Storage Directory /workdir/hadoop-ozone/integration-test/target/test-dir/MiniOzoneClusterImpl-3b2755de-4cfe-4b43-9e0d-73dd8eda8f75/datanode-0/data/ratis/bc358486-f5a2-4b66-a0bd-903c9c9039a4: created new log segment /workdir/hadoop-ozone/integration-test/target/test-dir/MiniOzoneClusterImpl-3b2755de-4cfe-4b43-9e0d-73dd8eda8f75/datanode-0/data/ratis/bc358486-f5a2-4b66-a0bd-903c9c9039a4/current/log_inprogress_0
2019-09-19 14:04:51,499 [dcc77c7b-1d37-448d-8d57-43d254561693-SegmentedRaftLogWorker:Storage Directory /workdir/hadoop-ozone/integration-test/target/test-dir/MiniOzoneClusterImpl-3b2755de-4cfe-4b43-9e0d-73dd8eda8f75/datanode-0/data/ratis/a8d53942-6873-4a93-bf08-51866e2ad012] INFO  segmented.SegmentedRaftLogWorker (SegmentedRaftLogWorker.java:execute(569)) - dcc77c7b-1d37-448d-8d57-43d254561693-SegmentedRaftLogWorker:Storage Directory /workdir/hadoop-ozone/integration-test/target/test-dir/MiniOzoneClusterImpl-3b2755de-4cfe-4b43-9e0d-73dd8eda8f75/datanode-0/data/ratis/a8d53942-6873-4a93-bf08-51866e2ad012: created new log segment /workdir/hadoop-ozone/integration-test/target/test-dir/MiniOzoneClusterImpl-3b2755de-4cfe-4b43-9e0d-73dd8eda8f75/datanode-0/data/ratis/a8d53942-6873-4a93-bf08-51866e2ad012/current/log_inprogress_0
2019-09-19 14:04:51,499 [pool-58-thread-1] INFO  storage.RaftStorage (RaftStorage.java:format(72)) - Storage directory /workdir/hadoop-ozone/integration-test/target/test-dir/MiniOzoneClusterImpl-3b2755de-4cfe-4b43-9e0d-73dd8eda8f75/datanode-0/data/ratis/ca6a6194-c73d-4588-92e9-827c827a8dad has been successfully formatted.
2019-09-19 14:04:51,499 [pool-58-thread-1] INFO  ratis.ContainerStateMachine (ContainerStateMachine.java:loadSnapshot(226)) - group-827C827A8DAD: The snapshot info is null. Setting the last applied indexto:(t:0, i:~)
2019-09-19 14:04:51,499 [pool-58-thread-1] INFO  server.RaftServerConfigKeys (ConfUtils.java:logGet(43)) - raft.server.leader.election.timeout = 120s (custom)
2019-09-19 14:04:51,499 [pool-58-thread-1] INFO  server.RaftServerConfigKeys (ConfUtils.java:logGet(43)) - raft.server.log.use.memory = false (default)
2019-09-19 14:04:51,499 [pool-58-thread-1] INFO  server.RaftServerConfigKeys (ConfUtils.java:logGet(43)) - raft.server.log.purge.gap = 1000000 (custom)
2019-09-19 14:04:51,499 [pool-58-thread-1] INFO  server.RaftServerConfigKeys (ConfUtils.java:logGet(43)) - raft.server.log.appender.buffer.byte-limit = 33554432 (custom)
2019-09-19 14:04:51,500 [pool-58-thread-1] INFO  server.RaftServerConfigKeys (ConfUtils.java:logGet(43)) - raft.server.log.segment.size.max = 1048576 (custom)
2019-09-19 14:04:51,500 [pool-58-thread-1] INFO  server.RaftServerConfigKeys (ConfUtils.java:logGet(43)) - raft.server.log.segment.cache.num.max = 2 (custom)
2019-09-19 14:04:51,500 [pool-58-thread-1] INFO  segmented.SegmentedRaftLogWorker (SegmentedRaftLogWorker.java:<init>(172)) - new dcc77c7b-1d37-448d-8d57-43d254561693-SegmentedRaftLogWorker:Storage Directory /workdir/hadoop-ozone/integration-test/target/test-dir/MiniOzoneClusterImpl-3b2755de-4cfe-4b43-9e0d-73dd8eda8f75/datanode-0/data/ratis/ca6a6194-c73d-4588-92e9-827c827a8dad for RaftStorage:Storage Directory /workdir/hadoop-ozone/integration-test/target/test-dir/MiniOzoneClusterImpl-3b2755de-4cfe-4b43-9e0d-73dd8eda8f75/datanode-0/data/ratis/ca6a6194-c73d-4588-92e9-827c827a8dad
2019-09-19 14:04:51,500 [pool-58-thread-1] INFO  server.RaftServerConfigKeys (ConfUtils.java:logGet(43)) - raft.server.log.queue.byte-limit = 2147483647 (custom)
2019-09-19 14:04:51,500 [pool-58-thread-1] INFO  server.RaftServerConfigKeys (ConfUtils.java:logGet(43)) - raft.server.log.queue.element-limit = 1024 (custom)
2019-09-19 14:04:51,500 [pool-58-thread-1] INFO  server.RaftServerConfigKeys (ConfUtils.java:logGet(43)) - raft.server.log.segment.size.max = 1048576 (custom)
2019-09-19 14:04:51,500 [pool-58-thread-1] INFO  server.RaftServerConfigKeys (ConfUtils.java:logGet(43)) - raft.server.log.preallocated.size = 16384 (custom)
2019-09-19 14:04:51,500 [pool-58-thread-1] INFO  server.RaftServerConfigKeys (ConfUtils.java:logGet(43)) - raft.server.log.write.buffer.size = 33554432 (custom)
2019-09-19 14:04:51,500 [pool-58-thread-1] INFO  server.RaftServerConfigKeys (ConfUtils.java:logGet(43)) - raft.server.log.force.sync.num = 128 (default)
2019-09-19 14:04:51,500 [pool-58-thread-1] INFO  server.RaftServerConfigKeys (ConfUtils.java:logGet(43)) - raft.server.log.statemachine.data.sync = true (default)
2019-09-19 14:04:51,500 [pool-58-thread-1] INFO  server.RaftServerConfigKeys (ConfUtils.java:logGet(43)) - raft.server.log.statemachine.data.sync.timeout = 10s (default)
2019-09-19 14:04:51,500 [pool-58-thread-1] INFO  server.RaftServerConfigKeys (ConfUtils.java:logGet(43)) - raft.server.log.statemachine.data.sync.timeout.retry = -1 (default)
2019-09-19 14:04:51,500 [pool-58-thread-1] INFO  server.RaftServerConfigKeys (ConfUtils.java:logGet(43)) - raft.server.log.statemachine.data.caching.enabled = true (custom)
2019-09-19 14:04:51,501 [pool-58-thread-1] INFO  segmented.SegmentedRaftLogWorker (SegmentedRaftLogWorker.java:lambda$new$0(132)) - dcc77c7b-1d37-448d-8d57-43d254561693-SegmentedRaftLogWorker:Storage Directory /workdir/hadoop-ozone/integration-test/target/test-dir/MiniOzoneClusterImpl-3b2755de-4cfe-4b43-9e0d-73dd8eda8f75/datanode-0/data/ratis/ca6a6194-c73d-4588-92e9-827c827a8dad: flushIndex: setUnconditionally 0 -> -1
2019-09-19 14:04:51,501 [pool-58-thread-1] INFO  server.RaftServerConfigKeys (ConfUtils.java:logGet(43)) - raft.server.snapshot.auto.trigger.enabled = true (custom)
2019-09-19 14:04:51,501 [pool-58-thread-1] INFO  server.RaftServerConfigKeys (ConfUtils.java:logGet(43)) - raft.server.snapshot.auto.trigger.threshold = 1 (custom)
2019-09-19 14:04:51,501 [pool-58-thread-1] INFO  server.RaftServerConfigKeys (ConfUtils.java:logGet(43)) - raft.server.retrycache.expirytime = 600000ms (custom)
2019-09-19 14:04:51,501 [pool-58-thread-1] INFO  impl.RaftServerImpl (RaftServerImpl.java:start(180)) - dcc77c7b-1d37-448d-8d57-43d254561693: start group-827C827A8DAD
2019-09-19 14:04:51,501 [pool-58-thread-1] INFO  impl.RaftServerImpl (RaftServerImpl.java:setRole(171)) - dcc77c7b-1d37-448d-8d57-43d254561693:group-827C827A8DAD changes role from null to FOLLOWER at term 0 for startAsFollower
2019-09-19 14:04:51,501 [pool-58-thread-1] INFO  impl.RoleInfo (RoleInfo.java:updateAndGet(143)) - dcc77c7b-1d37-448d-8d57-43d254561693: start FollowerState
2019-09-19 14:04:51,501 [pool-58-thread-1] INFO  util.JmxRegister (JmxRegister.java:tryRegister(44)) - Successfully registered JMX Bean with object name Ratis:service=RaftServer,group=group-827C827A8DAD,id=dcc77c7b-1d37-448d-8d57-43d254561693
2019-09-19 14:04:51,503 [RatisPipelineUtilsThread] INFO  pipeline.PipelineStateManager (PipelineStateManager.java:addPipeline(56)) - Created pipeline Pipeline[ Id: ca6a6194-c73d-4588-92e9-827c827a8dad, Nodes: dcc77c7b-1d37-448d-8d57-43d254561693{ip: 192.168.157.226, host: pr-hdds-1569-swxfz-3172132826, networkLocation: /default-rack, certSerialId: null}, Type:RATIS, Factor:ONE, State:OPEN]
2019-09-19 14:04:51,505 [grpc-default-executor-1] INFO  impl.RaftServerProxy (RaftServerProxy.java:addNew(89)) - dcc77c7b-1d37-448d-8d57-43d254561693: addNew group-C0BCADC5D7D8:[dcc77c7b-1d37-448d-8d57-43d254561693:192.168.157.226:34527] returns group-C0BCADC5D7D8:java.util.concurrent.CompletableFuture@bd70bb2[Not completed]
2019-09-19 14:04:51,505 [pool-58-thread-1] INFO  impl.RaftServerImpl (RaftServerImpl.java:<init>(93)) - dcc77c7b-1d37-448d-8d57-43d254561693: new RaftServerImpl for group-C0BCADC5D7D8:[dcc77c7b-1d37-448d-8d57-43d254561693:192.168.157.226:34527] with ContainerStateMachine:uninitialized
2019-09-19 14:04:51,505 [pool-58-thread-1] INFO  server.RaftServerConfigKeys (ConfUtils.java:logGet(43)) - raft.server.rpc.timeout.min = 5s (custom)
2019-09-19 14:04:51,505 [pool-58-thread-1] INFO  server.RaftServerConfigKeys (ConfUtils.java:logGet(43)) - raft.server.rpc.timeout.max = 5200ms (custom)
2019-09-19 14:04:51,505 [pool-58-thread-1] INFO  server.RaftServerConfigKeys (ConfUtils.java:logGet(43)) - raft.server.rpcslowness.timeout = 120s (custom)
2019-09-19 14:04:51,505 [pool-58-thread-1] INFO  server.RaftServerConfigKeys (ConfUtils.java:logGet(43)) - raft.server.sleep.deviation.threshold = 300 (default)
2019-09-19 14:04:51,505 [pool-58-thread-1] INFO  server.RaftServerConfigKeys (ConfUtils.java:logGet(43)) - raft.server.log.appender.install.snapshot.enabled = false (custom)
2019-09-19 14:04:51,505 [pool-58-thread-1] INFO  impl.RaftServerImpl (ServerState.java:<init>(105)) - dcc77c7b-1d37-448d-8d57-43d254561693:group-C0BCADC5D7D8 ConfigurationManager, init=-1: [dcc77c7b-1d37-448d-8d57-43d254561693:192.168.157.226:34527], old=null, confs=<EMPTY_MAP>
2019-09-19 14:04:51,505 [pool-58-thread-1] INFO  server.RaftServerConfigKeys (ConfUtils.java:logGet(43)) - raft.server.storage.dir = [/workdir/hadoop-ozone/integration-test/target/test-dir/MiniOzoneClusterImpl-3b2755de-4cfe-4b43-9e0d-73dd8eda8f75/datanode-0/data/ratis] (custom)
2019-09-19 14:04:51,506 [Thread-3933] INFO  impl.FollowerState (FollowerState.java:run(106)) - dcc77c7b-1d37-448d-8d57-43d254561693:group-57DC34E7F89A changes to CANDIDATE, lastRpcTime:5067, electionTimeout:5067ms
2019-09-19 14:04:51,506 [Thread-3933] INFO  impl.RoleInfo (RoleInfo.java:shutdownFollowerState(121)) - dcc77c7b-1d37-448d-8d57-43d254561693: shutdown FollowerState
2019-09-19 14:04:51,506 [pool-58-thread-1] INFO  storage.RaftStorageDirectory (RaftStorageDirectory.java:analyzeStorage(246)) - The storage directory /workdir/hadoop-ozone/integration-test/target/test-dir/MiniOzoneClusterImpl-3b2755de-4cfe-4b43-9e0d-73dd8eda8f75/datanode-0/data/ratis/3c853461-9479-429b-9494-c0bcadc5d7d8 does not exist. Creating ...
2019-09-19 14:04:51,506 [Thread-3933] INFO  impl.RaftServerImpl (RaftServerImpl.java:setRole(171)) - dcc77c7b-1d37-448d-8d57-43d254561693:group-57DC34E7F89A changes role from FOLLOWER to CANDIDATE at term 0 for changeToCandidate
2019-09-19 14:04:51,506 [Thread-3933] INFO  impl.RoleInfo (RoleInfo.java:updateAndGet(143)) - dcc77c7b-1d37-448d-8d57-43d254561693: start LeaderElection
2019-09-19 14:04:51,511 [Thread-3936] INFO  impl.FollowerState (FollowerState.java:run(106)) - dcc77c7b-1d37-448d-8d57-43d254561693:group-D5D76ECF1320 changes to CANDIDATE, lastRpcTime:5036, electionTimeout:5036ms
2019-09-19 14:04:51,511 [Thread-3936] INFO  impl.RoleInfo (RoleInfo.java:shutdownFollowerState(121)) - dcc77c7b-1d37-448d-8d57-43d254561693: shutdown FollowerState
2019-09-19 14:04:51,512 [Thread-3936] INFO  impl.RaftServerImpl (RaftServerImpl.java:setRole(171)) - dcc77c7b-1d37-448d-8d57-43d254561693:group-D5D76ECF1320 changes role from FOLLOWER to CANDIDATE at term 0 for changeToCandidate
2019-09-19 14:04:51,512 [Thread-3936] INFO  impl.RoleInfo (RoleInfo.java:updateAndGet(143)) - dcc77c7b-1d37-448d-8d57-43d254561693: start LeaderElection
2019-09-19 14:04:51,519 [pool-58-thread-1] INFO  storage.RaftStorageDirectory (RaftStorageDirectory.java:tryLock(328)) - Lock on /workdir/hadoop-ozone/integration-test/target/test-dir/MiniOzoneClusterImpl-3b2755de-4cfe-4b43-9e0d-73dd8eda8f75/datanode-0/data/ratis/3c853461-9479-429b-9494-c0bcadc5d7d8/in_use.lock acquired by nodename 30982@pr-hdds-1569-swxfz-3172132826
2019-09-19 14:04:51,519 [dcc77c7b-1d37-448d-8d57-43d254561693:group-57DC34E7F89A:LeaderElection497] INFO  impl.LeaderElection (LeaderElection.java:askForVotes(181)) - dcc77c7b-1d37-448d-8d57-43d254561693:group-57DC34E7F89A:LeaderElection497: begin an election at term 1 for -1: [dcc77c7b-1d37-448d-8d57-43d254561693:192.168.157.226:34527], old=null
2019-09-19 14:04:51,519 [dcc77c7b-1d37-448d-8d57-43d254561693-SegmentedRaftLogWorker:Storage Directory /workdir/hadoop-ozone/integration-test/target/test-dir/MiniOzoneClusterImpl-3b2755de-4cfe-4b43-9e0d-73dd8eda8f75/datanode-0/data/ratis/4818f00d-8e7a-4eb3-9eb3-d9330847d16e] INFO  segmented.SegmentedRaftLogWorker (SegmentedRaftLogWorker.java:execute(569)) - dcc77c7b-1d37-448d-8d57-43d254561693-SegmentedRaftLogWorker:Storage Directory /workdir/hadoop-ozone/integration-test/target/test-dir/MiniOzoneClusterImpl-3b2755de-4cfe-4b43-9e0d-73dd8eda8f75/datanode-0/data/ratis/4818f00d-8e7a-4eb3-9eb3-d9330847d16e: created new log segment /workdir/hadoop-ozone/integration-test/target/test-dir/MiniOzoneClusterImpl-3b2755de-4cfe-4b43-9e0d-73dd8eda8f75/datanode-0/data/ratis/4818f00d-8e7a-4eb3-9eb3-d9330847d16e/current/log_inprogress_0
2019-09-19 14:04:51,519 [dcc77c7b-1d37-448d-8d57-43d254561693:group-57DC34E7F89A:LeaderElection497] INFO  impl.RoleInfo (RoleInfo.java:shutdownLeaderElection(134)) - dcc77c7b-1d37-448d-8d57-43d254561693: shutdown LeaderElection
2019-09-19 14:04:51,519 [dcc77c7b-1d37-448d-8d57-43d254561693:group-57DC34E7F89A:LeaderElection497] INFO  impl.RaftServerImpl (RaftServerImpl.java:setRole(171)) - dcc77c7b-1d37-448d-8d57-43d254561693:group-57DC34E7F89A changes role from CANDIDATE to LEADER at term 1 for changeToLeader
2019-09-19 14:04:51,520 [dcc77c7b-1d37-448d-8d57-43d254561693:group-57DC34E7F89A:LeaderElection497] INFO  impl.RaftServerImpl (ServerState.java:setLeader(263)) - dcc77c7b-1d37-448d-8d57-43d254561693:group-57DC34E7F89A change Leader from null to dcc77c7b-1d37-448d-8d57-43d254561693 at term 1 for becomeLeader, leader elected after 5084ms
2019-09-19 14:04:51,519 [dcc77c7b-1d37-448d-8d57-43d254561693:group-D5D76ECF1320:LeaderElection498] INFO  impl.LeaderElection (LeaderElection.java:askForVotes(181)) - dcc77c7b-1d37-448d-8d57-43d254561693:group-D5D76ECF1320:LeaderElection498: begin an election at term 1 for -1: [dcc77c7b-1d37-448d-8d57-43d254561693:192.168.157.226:34527], old=null
2019-09-19 14:04:51,520 [dcc77c7b-1d37-448d-8d57-43d254561693:group-57DC34E7F89A:LeaderElection497] INFO  server.RaftServerConfigKeys (ConfUtils.java:logGet(43)) - raft.server.staging.catchup.gap = 1000 (default)
2019-09-19 14:04:51,520 [dcc77c7b-1d37-448d-8d57-43d254561693:group-D5D76ECF1320:LeaderElection498] INFO  impl.RoleInfo (RoleInfo.java:shutdownLeaderElection(134)) - dcc77c7b-1d37-448d-8d57-43d254561693: shutdown LeaderElection
2019-09-19 14:04:51,520 [dcc77c7b-1d37-448d-8d57-43d254561693:group-57DC34E7F89A:LeaderElection497] INFO  server.RaftServerConfigKeys (ConfUtils.java:logGet(43)) - raft.server.rpc.sleep.time = 25ms (default)
2019-09-19 14:04:51,520 [dcc77c7b-1d37-448d-8d57-43d254561693:group-D5D76ECF1320:LeaderElection498] INFO  impl.RaftServerImpl (RaftServerImpl.java:setRole(171)) - dcc77c7b-1d37-448d-8d57-43d254561693:group-D5D76ECF1320 changes role from CANDIDATE to LEADER at term 1 for changeToLeader
2019-09-19 14:04:51,520 [dcc77c7b-1d37-448d-8d57-43d254561693:group-57DC34E7F89A:LeaderElection497] INFO  server.RaftServerConfigKeys (ConfUtils.java:logGet(43)) - raft.server.write.element-limit = 4096 (default)
2019-09-19 14:04:51,520 [dcc77c7b-1d37-448d-8d57-43d254561693:group-D5D76ECF1320:LeaderElection498] INFO  impl.RaftServerImpl (ServerState.java:setLeader(263)) - dcc77c7b-1d37-448d-8d57-43d254561693:group-D5D76ECF1320 change Leader from null to dcc77c7b-1d37-448d-8d57-43d254561693 at term 1 for becomeLeader, leader elected after 5049ms
2019-09-19 14:04:51,520 [dcc77c7b-1d37-448d-8d57-43d254561693:group-57DC34E7F89A:LeaderElection497] INFO  server.RaftServerConfigKeys (ConfUtils.java:logGet(43)) - raft.server.watch.timeout = 10s (default)
2019-09-19 14:04:51,520 [dcc77c7b-1d37-448d-8d57-43d254561693:group-D5D76ECF1320:LeaderElection498] INFO  server.RaftServerConfigKeys (ConfUtils.java:logGet(43)) - raft.server.staging.catchup.gap = 1000 (default)
2019-09-19 14:04:51,520 [dcc77c7b-1d37-448d-8d57-43d254561693:group-57DC34E7F89A:LeaderElection497] INFO  server.RaftServerConfigKeys (ConfUtils.java:logGet(43)) - raft.server.watch.timeout.denomination = 1s (default)
2019-09-19 14:04:51,520 [dcc77c7b-1d37-448d-8d57-43d254561693:group-D5D76ECF1320:LeaderElection498] INFO  server.RaftServerConfigKeys (ConfUtils.java:logGet(43)) - raft.server.rpc.sleep.time = 25ms (default)
2019-09-19 14:04:51,520 [dcc77c7b-1d37-448d-8d57-43d254561693:group-57DC34E7F89A:LeaderElection497] INFO  server.RaftServerConfigKeys (ConfUtils.java:logGet(43)) - raft.server.watch.element-limit = 65536 (default)
2019-09-19 14:04:51,520 [dcc77c7b-1d37-448d-8d57-43d254561693:group-D5D76ECF1320:LeaderElection498] INFO  server.RaftServerConfigKeys (ConfUtils.java:logGet(43)) - raft.server.write.element-limit = 4096 (default)
2019-09-19 14:04:51,521 [dcc77c7b-1d37-448d-8d57-43d254561693:group-57DC34E7F89A:LeaderElection497] INFO  impl.RoleInfo (RoleInfo.java:updateAndGet(143)) - dcc77c7b-1d37-448d-8d57-43d254561693: start LeaderState
2019-09-19 14:04:51,521 [dcc77c7b-1d37-448d-8d57-43d254561693:group-D5D76ECF1320:LeaderElection498] INFO  server.RaftServerConfigKeys (ConfUtils.java:logGet(43)) - raft.server.watch.timeout = 10s (default)
2019-09-19 14:04:51,521 [dcc77c7b-1d37-448d-8d57-43d254561693:group-57DC34E7F89A:LeaderElection497] INFO  segmented.SegmentedRaftLogWorker (SegmentedRaftLogWorker.java:startLogSegment(380)) - dcc77c7b-1d37-448d-8d57-43d254561693-SegmentedRaftLogWorker:Storage Directory /workdir/hadoop-ozone/integration-test/target/test-dir/MiniOzoneClusterImpl-3b2755de-4cfe-4b43-9e0d-73dd8eda8f75/datanode-0/data/ratis/f528b9c5-a07b-4811-857b-57dc34e7f89a: Starting segment from index:0
2019-09-19 14:04:51,521 [dcc77c7b-1d37-448d-8d57-43d254561693:group-D5D76ECF1320:LeaderElection498] INFO  server.RaftServerConfigKeys (ConfUtils.java:logGet(43)) - raft.server.watch.timeout.denomination = 1s (default)
2019-09-19 14:04:51,521 [dcc77c7b-1d37-448d-8d57-43d254561693:group-D5D76ECF1320:LeaderElection498] INFO  server.RaftServerConfigKeys (ConfUtils.java:logGet(43)) - raft.server.watch.element-limit = 65536 (default)
2019-09-19 14:04:51,521 [dcc77c7b-1d37-448d-8d57-43d254561693:group-57DC34E7F89A:LeaderElection497] INFO  impl.RaftServerImpl (ServerState.java:setRaftConf(361)) - dcc77c7b-1d37-448d-8d57-43d254561693:group-57DC34E7F89A set configuration 0: [dcc77c7b-1d37-448d-8d57-43d254561693:192.168.157.226:34527], old=null at 0
2019-09-19 14:04:51,521 [dcc77c7b-1d37-448d-8d57-43d254561693:group-D5D76ECF1320:LeaderElection498] INFO  impl.RoleInfo (RoleInfo.java:updateAndGet(143)) - dcc77c7b-1d37-448d-8d57-43d254561693: start LeaderState
2019-09-19 14:04:51,521 [dcc77c7b-1d37-448d-8d57-43d254561693:group-D5D76ECF1320:LeaderElection498] INFO  segmented.SegmentedRaftLogWorker (SegmentedRaftLogWorker.java:startLogSegment(380)) - dcc77c7b-1d37-448d-8d57-43d254561693-SegmentedRaftLogWorker:Storage Directory /workdir/hadoop-ozone/integration-test/target/test-dir/MiniOzoneClusterImpl-3b2755de-4cfe-4b43-9e0d-73dd8eda8f75/datanode-0/data/ratis/6e6aec93-b49a-4995-81e2-d5d76ecf1320: Starting segment from index:0
2019-09-19 14:04:51,522 [dcc77c7b-1d37-448d-8d57-43d254561693:group-D5D76ECF1320:LeaderElection498] INFO  impl.RaftServerImpl (ServerState.java:setRaftConf(361)) - dcc77c7b-1d37-448d-8d57-43d254561693:group-D5D76ECF1320 set configuration 0: [dcc77c7b-1d37-448d-8d57-43d254561693:192.168.157.226:34527], old=null at 0
2019-09-19 14:04:51,532 [pool-58-thread-1] INFO  storage.RaftStorage (RaftStorage.java:format(72)) - Storage directory /workdir/hadoop-ozone/integration-test/target/test-dir/MiniOzoneClusterImpl-3b2755de-4cfe-4b43-9e0d-73dd8eda8f75/datanode-0/data/ratis/3c853461-9479-429b-9494-c0bcadc5d7d8 has been successfully formatted.
2019-09-19 14:04:51,533 [pool-58-thread-1] INFO  ratis.ContainerStateMachine (ContainerStateMachine.java:loadSnapshot(226)) - group-C0BCADC5D7D8: The snapshot info is null. Setting the last applied indexto:(t:0, i:~)
2019-09-19 14:04:51,533 [pool-58-thread-1] INFO  server.RaftServerConfigKeys (ConfUtils.java:logGet(43)) - raft.server.leader.election.timeout = 120s (custom)
2019-09-19 14:04:51,533 [pool-58-thread-1] INFO  server.RaftServerConfigKeys (ConfUtils.java:logGet(43)) - raft.server.log.use.memory = false (default)
2019-09-19 14:04:51,533 [pool-58-thread-1] INFO  server.RaftServerConfigKeys (ConfUtils.java:logGet(43)) - raft.server.log.purge.gap = 1000000 (custom)
2019-09-19 14:04:51,533 [pool-58-thread-1] INFO  server.RaftServerConfigKeys (ConfUtils.java:logGet(43)) - raft.server.log.appender.buffer.byte-limit = 33554432 (custom)
2019-09-19 14:04:51,533 [pool-58-thread-1] INFO  server.RaftServerConfigKeys (ConfUtils.java:logGet(43)) - raft.server.log.segment.size.max = 1048576 (custom)
2019-09-19 14:04:51,533 [pool-58-thread-1] INFO  server.RaftServerConfigKeys (ConfUtils.java:logGet(43)) - raft.server.log.segment.cache.num.max = 2 (custom)
2019-09-19 14:04:51,533 [pool-58-thread-1] INFO  segmented.SegmentedRaftLogWorker (SegmentedRaftLogWorker.java:<init>(172)) - new dcc77c7b-1d37-448d-8d57-43d254561693-SegmentedRaftLogWorker:Storage Directory /workdir/hadoop-ozone/integration-test/target/test-dir/MiniOzoneClusterImpl-3b2755de-4cfe-4b43-9e0d-73dd8eda8f75/datanode-0/data/ratis/3c853461-9479-429b-9494-c0bcadc5d7d8 for RaftStorage:Storage Directory /workdir/hadoop-ozone/integration-test/target/test-dir/MiniOzoneClusterImpl-3b2755de-4cfe-4b43-9e0d-73dd8eda8f75/datanode-0/data/ratis/3c853461-9479-429b-9494-c0bcadc5d7d8
2019-09-19 14:04:51,533 [pool-58-thread-1] INFO  server.RaftServerConfigKeys (ConfUtils.java:logGet(43)) - raft.server.log.queue.byte-limit = 2147483647 (custom)
2019-09-19 14:04:51,533 [pool-58-thread-1] INFO  server.RaftServerConfigKeys (ConfUtils.java:logGet(43)) - raft.server.log.queue.element-limit = 1024 (custom)
2019-09-19 14:04:51,533 [pool-58-thread-1] INFO  server.RaftServerConfigKeys (ConfUtils.java:logGet(43)) - raft.server.log.segment.size.max = 1048576 (custom)
2019-09-19 14:04:51,533 [pool-58-thread-1] INFO  server.RaftServerConfigKeys (ConfUtils.java:logGet(43)) - raft.server.log.preallocated.size = 16384 (custom)
2019-09-19 14:04:51,534 [pool-58-thread-1] INFO  server.RaftServerConfigKeys (ConfUtils.java:logGet(43)) - raft.server.log.write.buffer.size = 33554432 (custom)
2019-09-19 14:04:51,534 [pool-58-thread-1] INFO  server.RaftServerConfigKeys (ConfUtils.java:logGet(43)) - raft.server.log.force.sync.num = 128 (default)
2019-09-19 14:04:51,534 [pool-58-thread-1] INFO  server.RaftServerConfigKeys (ConfUtils.java:logGet(43)) - raft.server.log.statemachine.data.sync = true (default)
2019-09-19 14:04:51,534 [pool-58-thread-1] INFO  server.RaftServerConfigKeys (ConfUtils.java:logGet(43)) - raft.server.log.statemachine.data.sync.timeout = 10s (default)
2019-09-19 14:04:51,534 [pool-58-thread-1] INFO  server.RaftServerConfigKeys (ConfUtils.java:logGet(43)) - raft.server.log.statemachine.data.sync.timeout.retry = -1 (default)
2019-09-19 14:04:51,534 [pool-58-thread-1] INFO  server.RaftServerConfigKeys (ConfUtils.java:logGet(43)) - raft.server.log.statemachine.data.caching.enabled = true (custom)
2019-09-19 14:04:51,534 [pool-58-thread-1] INFO  segmented.SegmentedRaftLogWorker (SegmentedRaftLogWorker.java:lambda$new$0(132)) - dcc77c7b-1d37-448d-8d57-43d254561693-SegmentedRaftLogWorker:Storage Directory /workdir/hadoop-ozone/integration-test/target/test-dir/MiniOzoneClusterImpl-3b2755de-4cfe-4b43-9e0d-73dd8eda8f75/datanode-0/data/ratis/3c853461-9479-429b-9494-c0bcadc5d7d8: flushIndex: setUnconditionally 0 -> -1
2019-09-19 14:04:51,534 [pool-58-thread-1] INFO  server.RaftServerConfigKeys (ConfUtils.java:logGet(43)) - raft.server.snapshot.auto.trigger.enabled = true (custom)
2019-09-19 14:04:51,534 [pool-58-thread-1] INFO  server.RaftServerConfigKeys (ConfUtils.java:logGet(43)) - raft.server.snapshot.auto.trigger.threshold = 1 (custom)
2019-09-19 14:04:51,534 [pool-58-thread-1] INFO  server.RaftServerConfigKeys (ConfUtils.java:logGet(43)) - raft.server.retrycache.expirytime = 600000ms (custom)
2019-09-19 14:04:51,535 [pool-58-thread-1] INFO  impl.RaftServerImpl (RaftServerImpl.java:start(180)) - dcc77c7b-1d37-448d-8d57-43d254561693: start group-C0BCADC5D7D8
2019-09-19 14:04:51,535 [pool-58-thread-1] INFO  impl.RaftServerImpl (RaftServerImpl.java:setRole(171)) - dcc77c7b-1d37-448d-8d57-43d254561693:group-C0BCADC5D7D8 changes role from null to FOLLOWER at term 0 for startAsFollower
2019-09-19 14:04:51,535 [pool-58-thread-1] INFO  impl.RoleInfo (RoleInfo.java:updateAndGet(143)) - dcc77c7b-1d37-448d-8d57-43d254561693: start FollowerState
2019-09-19 14:04:51,535 [pool-58-thread-1] INFO  util.JmxRegister (JmxRegister.java:tryRegister(44)) - Successfully registered JMX Bean with object name Ratis:service=RaftServer,group=group-C0BCADC5D7D8,id=dcc77c7b-1d37-448d-8d57-43d254561693
2019-09-19 14:04:51,536 [RatisPipelineUtilsThread] INFO  pipeline.PipelineStateManager (PipelineStateManager.java:addPipeline(56)) - Created pipeline Pipeline[ Id: 3c853461-9479-429b-9494-c0bcadc5d7d8, Nodes: dcc77c7b-1d37-448d-8d57-43d254561693{ip: 192.168.157.226, host: pr-hdds-1569-swxfz-3172132826, networkLocation: /default-rack, certSerialId: null}, Type:RATIS, Factor:ONE, State:OPEN]
2019-09-19 14:04:51,538 [grpc-default-executor-1] INFO  impl.RaftServerProxy (RaftServerProxy.java:addNew(89)) - dcc77c7b-1d37-448d-8d57-43d254561693: addNew group-B8EC2EEEE8D5:[dcc77c7b-1d37-448d-8d57-43d254561693:192.168.157.226:34527] returns group-B8EC2EEEE8D5:java.util.concurrent.CompletableFuture@2a5500ce[Not completed]
2019-09-19 14:04:51,539 [pool-58-thread-1] INFO  impl.RaftServerImpl (RaftServerImpl.java:<init>(93)) - dcc77c7b-1d37-448d-8d57-43d254561693: new RaftServerImpl for group-B8EC2EEEE8D5:[dcc77c7b-1d37-448d-8d57-43d254561693:192.168.157.226:34527] with ContainerStateMachine:uninitialized
2019-09-19 14:04:51,539 [pool-58-thread-1] INFO  server.RaftServerConfigKeys (ConfUtils.java:logGet(43)) - raft.server.rpc.timeout.min = 5s (custom)
2019-09-19 14:04:51,539 [pool-58-thread-1] INFO  server.RaftServerConfigKeys (ConfUtils.java:logGet(43)) - raft.server.rpc.timeout.max = 5200ms (custom)
2019-09-19 14:04:51,539 [pool-58-thread-1] INFO  server.RaftServerConfigKeys (ConfUtils.java:logGet(43)) - raft.server.rpcslowness.timeout = 120s (custom)
2019-09-19 14:04:51,539 [pool-58-thread-1] INFO  server.RaftServerConfigKeys (ConfUtils.java:logGet(43)) - raft.server.sleep.deviation.threshold = 300 (default)
2019-09-19 14:04:51,539 [pool-58-thread-1] INFO  server.RaftServerConfigKeys (ConfUtils.java:logGet(43)) - raft.server.log.appender.install.snapshot.enabled = false (custom)
2019-09-19 14:04:51,539 [pool-58-thread-1] INFO  impl.RaftServerImpl (ServerState.java:<init>(105)) - dcc77c7b-1d37-448d-8d57-43d254561693:group-B8EC2EEEE8D5 ConfigurationManager, init=-1: [dcc77c7b-1d37-448d-8d57-43d254561693:192.168.157.226:34527], old=null, confs=<EMPTY_MAP>
2019-09-19 14:04:51,539 [pool-58-thread-1] INFO  server.RaftServerConfigKeys (ConfUtils.java:logGet(43)) - raft.server.storage.dir = [/workdir/hadoop-ozone/integration-test/target/test-dir/MiniOzoneClusterImpl-3b2755de-4cfe-4b43-9e0d-73dd8eda8f75/datanode-0/data/ratis] (custom)
2019-09-19 14:04:51,540 [pool-58-thread-1] INFO  storage.RaftStorageDirectory (RaftStorageDirectory.java:analyzeStorage(246)) - The storage directory /workdir/hadoop-ozone/integration-test/target/test-dir/MiniOzoneClusterImpl-3b2755de-4cfe-4b43-9e0d-73dd8eda8f75/datanode-0/data/ratis/496c209b-a8fb-44b0-964b-b8ec2eeee8d5 does not exist. Creating ...
2019-09-19 14:04:51,553 [pool-58-thread-1] INFO  storage.RaftStorageDirectory (RaftStorageDirectory.java:tryLock(328)) - Lock on /workdir/hadoop-ozone/integration-test/target/test-dir/MiniOzoneClusterImpl-3b2755de-4cfe-4b43-9e0d-73dd8eda8f75/datanode-0/data/ratis/496c209b-a8fb-44b0-964b-b8ec2eeee8d5/in_use.lock acquired by nodename 30982@pr-hdds-1569-swxfz-3172132826
2019-09-19 14:04:51,553 [dcc77c7b-1d37-448d-8d57-43d254561693-SegmentedRaftLogWorker:Storage Directory /workdir/hadoop-ozone/integration-test/target/test-dir/MiniOzoneClusterImpl-3b2755de-4cfe-4b43-9e0d-73dd8eda8f75/datanode-0/data/ratis/6e6aec93-b49a-4995-81e2-d5d76ecf1320] INFO  segmented.SegmentedRaftLogWorker (SegmentedRaftLogWorker.java:execute(569)) - dcc77c7b-1d37-448d-8d57-43d254561693-SegmentedRaftLogWorker:Storage Directory /workdir/hadoop-ozone/integration-test/target/test-dir/MiniOzoneClusterImpl-3b2755de-4cfe-4b43-9e0d-73dd8eda8f75/datanode-0/data/ratis/6e6aec93-b49a-4995-81e2-d5d76ecf1320: created new log segment /workdir/hadoop-ozone/integration-test/target/test-dir/MiniOzoneClusterImpl-3b2755de-4cfe-4b43-9e0d-73dd8eda8f75/datanode-0/data/ratis/6e6aec93-b49a-4995-81e2-d5d76ecf1320/current/log_inprogress_0
2019-09-19 14:04:51,557 [Thread-3939] INFO  impl.FollowerState (FollowerState.java:run(106)) - dcc77c7b-1d37-448d-8d57-43d254561693:group-C685BEAECC28 changes to CANDIDATE, lastRpcTime:5045, electionTimeout:5045ms
2019-09-19 14:04:51,557 [Thread-3939] INFO  impl.RoleInfo (RoleInfo.java:shutdownFollowerState(121)) - dcc77c7b-1d37-448d-8d57-43d254561693: shutdown FollowerState
2019-09-19 14:04:51,557 [Thread-3939] INFO  impl.RaftServerImpl (RaftServerImpl.java:setRole(171)) - dcc77c7b-1d37-448d-8d57-43d254561693:group-C685BEAECC28 changes role from FOLLOWER to CANDIDATE at term 0 for changeToCandidate
2019-09-19 14:04:51,557 [Thread-3939] INFO  impl.RoleInfo (RoleInfo.java:updateAndGet(143)) - dcc77c7b-1d37-448d-8d57-43d254561693: start LeaderElection
2019-09-19 14:04:51,566 [dcc77c7b-1d37-448d-8d57-43d254561693-SegmentedRaftLogWorker:Storage Directory /workdir/hadoop-ozone/integration-test/target/test-dir/MiniOzoneClusterImpl-3b2755de-4cfe-4b43-9e0d-73dd8eda8f75/datanode-0/data/ratis/f528b9c5-a07b-4811-857b-57dc34e7f89a] INFO  segmented.SegmentedRaftLogWorker (SegmentedRaftLogWorker.java:execute(569)) - dcc77c7b-1d37-448d-8d57-43d254561693-SegmentedRaftLogWorker:Storage Directory /workdir/hadoop-ozone/integration-test/target/test-dir/MiniOzoneClusterImpl-3b2755de-4cfe-4b43-9e0d-73dd8eda8f75/datanode-0/data/ratis/f528b9c5-a07b-4811-857b-57dc34e7f89a: created new log segment /workdir/hadoop-ozone/integration-test/target/test-dir/MiniOzoneClusterImpl-3b2755de-4cfe-4b43-9e0d-73dd8eda8f75/datanode-0/data/ratis/f528b9c5-a07b-4811-857b-57dc34e7f89a/current/log_inprogress_0
2019-09-19 14:04:51,566 [pool-58-thread-1] INFO  storage.RaftStorage (RaftStorage.java:format(72)) - Storage directory /workdir/hadoop-ozone/integration-test/target/test-dir/MiniOzoneClusterImpl-3b2755de-4cfe-4b43-9e0d-73dd8eda8f75/datanode-0/data/ratis/496c209b-a8fb-44b0-964b-b8ec2eeee8d5 has been successfully formatted.
2019-09-19 14:04:51,566 [dcc77c7b-1d37-448d-8d57-43d254561693:group-C685BEAECC28:LeaderElection499] INFO  impl.LeaderElection (LeaderElection.java:askForVotes(181)) - dcc77c7b-1d37-448d-8d57-43d254561693:group-C685BEAECC28:LeaderElection499: begin an election at term 1 for -1: [dcc77c7b-1d37-448d-8d57-43d254561693:192.168.157.226:34527], old=null
2019-09-19 14:04:51,566 [pool-58-thread-1] INFO  ratis.ContainerStateMachine (ContainerStateMachine.java:loadSnapshot(226)) - group-B8EC2EEEE8D5: The snapshot info is null. Setting the last applied indexto:(t:0, i:~)
2019-09-19 14:04:51,566 [dcc77c7b-1d37-448d-8d57-43d254561693:group-C685BEAECC28:LeaderElection499] INFO  impl.RoleInfo (RoleInfo.java:shutdownLeaderElection(134)) - dcc77c7b-1d37-448d-8d57-43d254561693: shutdown LeaderElection
2019-09-19 14:04:51,566 [pool-58-thread-1] INFO  server.RaftServerConfigKeys (ConfUtils.java:logGet(43)) - raft.server.leader.election.timeout = 120s (custom)
2019-09-19 14:04:51,566 [dcc77c7b-1d37-448d-8d57-43d254561693:group-C685BEAECC28:LeaderElection499] INFO  impl.RaftServerImpl (RaftServerImpl.java:setRole(171)) - dcc77c7b-1d37-448d-8d57-43d254561693:group-C685BEAECC28 changes role from CANDIDATE to LEADER at term 1 for changeToLeader
2019-09-19 14:04:51,567 [pool-58-thread-1] INFO  server.RaftServerConfigKeys (ConfUtils.java:logGet(43)) - raft.server.log.use.memory = false (default)
2019-09-19 14:04:51,567 [dcc77c7b-1d37-448d-8d57-43d254561693:group-C685BEAECC28:LeaderElection499] INFO  impl.RaftServerImpl (ServerState.java:setLeader(263)) - dcc77c7b-1d37-448d-8d57-43d254561693:group-C685BEAECC28 change Leader from null to dcc77c7b-1d37-448d-8d57-43d254561693 at term 1 for becomeLeader, leader elected after 5058ms
2019-09-19 14:04:51,567 [pool-58-thread-1] INFO  server.RaftServerConfigKeys (ConfUtils.java:logGet(43)) - raft.server.log.purge.gap = 1000000 (custom)
2019-09-19 14:04:51,567 [dcc77c7b-1d37-448d-8d57-43d254561693:group-C685BEAECC28:LeaderElection499] INFO  server.RaftServerConfigKeys (ConfUtils.java:logGet(43)) - raft.server.staging.catchup.gap = 1000 (default)
2019-09-19 14:04:51,567 [pool-58-thread-1] INFO  server.RaftServerConfigKeys (ConfUtils.java:logGet(43)) - raft.server.log.appender.buffer.byte-limit = 33554432 (custom)
2019-09-19 14:04:51,567 [dcc77c7b-1d37-448d-8d57-43d254561693:group-C685BEAECC28:LeaderElection499] INFO  server.RaftServerConfigKeys (ConfUtils.java:logGet(43)) - raft.server.rpc.sleep.time = 25ms (default)
2019-09-19 14:04:51,567 [pool-58-thread-1] INFO  server.RaftServerConfigKeys (ConfUtils.java:logGet(43)) - raft.server.log.segment.size.max = 1048576 (custom)
2019-09-19 14:04:51,567 [dcc77c7b-1d37-448d-8d57-43d254561693:group-C685BEAECC28:LeaderElection499] INFO  server.RaftServerConfigKeys (ConfUtils.java:logGet(43)) - raft.server.write.element-limit = 4096 (default)
2019-09-19 14:04:51,567 [pool-58-thread-1] INFO  server.RaftServerConfigKeys (ConfUtils.java:logGet(43)) - raft.server.log.segment.cache.num.max = 2 (custom)
2019-09-19 14:04:51,567 [dcc77c7b-1d37-448d-8d57-43d254561693:group-C685BEAECC28:LeaderElection499] INFO  server.RaftServerConfigKeys (ConfUtils.java:logGet(43)) - raft.server.watch.timeout = 10s (default)
2019-09-19 14:04:51,567 [pool-58-thread-1] INFO  segmented.SegmentedRaftLogWorker (SegmentedRaftLogWorker.java:<init>(172)) - new dcc77c7b-1d37-448d-8d57-43d254561693-SegmentedRaftLogWorker:Storage Directory /workdir/hadoop-ozone/integration-test/target/test-dir/MiniOzoneClusterImpl-3b2755de-4cfe-4b43-9e0d-73dd8eda8f75/datanode-0/data/ratis/496c209b-a8fb-44b0-964b-b8ec2eeee8d5 for RaftStorage:Storage Directory /workdir/hadoop-ozone/integration-test/target/test-dir/MiniOzoneClusterImpl-3b2755de-4cfe-4b43-9e0d-73dd8eda8f75/datanode-0/data/ratis/496c209b-a8fb-44b0-964b-b8ec2eeee8d5
2019-09-19 14:04:51,567 [dcc77c7b-1d37-448d-8d57-43d254561693:group-C685BEAECC28:LeaderElection499] INFO  server.RaftServerConfigKeys (ConfUtils.java:logGet(43)) - raft.server.watch.timeout.denomination = 1s (default)
2019-09-19 14:04:51,568 [pool-58-thread-1] INFO  server.RaftServerConfigKeys (ConfUtils.java:logGet(43)) - raft.server.log.queue.byte-limit = 2147483647 (custom)
2019-09-19 14:04:51,568 [dcc77c7b-1d37-448d-8d57-43d254561693:group-C685BEAECC28:LeaderElection499] INFO  server.RaftServerConfigKeys (ConfUtils.java:logGet(43)) - raft.server.watch.element-limit = 65536 (default)
2019-09-19 14:04:51,568 [pool-58-thread-1] INFO  server.RaftServerConfigKeys (ConfUtils.java:logGet(43)) - raft.server.log.queue.element-limit = 1024 (custom)
2019-09-19 14:04:51,568 [dcc77c7b-1d37-448d-8d57-43d254561693:group-C685BEAECC28:LeaderElection499] INFO  impl.RoleInfo (RoleInfo.java:updateAndGet(143)) - dcc77c7b-1d37-448d-8d57-43d254561693: start LeaderState
2019-09-19 14:04:51,568 [pool-58-thread-1] INFO  server.RaftServerConfigKeys (ConfUtils.java:logGet(43)) - raft.server.log.segment.size.max = 1048576 (custom)
2019-09-19 14:04:51,568 [dcc77c7b-1d37-448d-8d57-43d254561693:group-C685BEAECC28:LeaderElection499] INFO  segmented.SegmentedRaftLogWorker (SegmentedRaftLogWorker.java:startLogSegment(380)) - dcc77c7b-1d37-448d-8d57-43d254561693-SegmentedRaftLogWorker:Storage Directory /workdir/hadoop-ozone/integration-test/target/test-dir/MiniOzoneClusterImpl-3b2755de-4cfe-4b43-9e0d-73dd8eda8f75/datanode-0/data/ratis/15e00326-0293-4008-a91f-c685beaecc28: Starting segment from index:0
2019-09-19 14:04:51,568 [pool-58-thread-1] INFO  server.RaftServerConfigKeys (ConfUtils.java:logGet(43)) - raft.server.log.preallocated.size = 16384 (custom)
2019-09-19 14:04:51,568 [pool-58-thread-1] INFO  server.RaftServerConfigKeys (ConfUtils.java:logGet(43)) - raft.server.log.write.buffer.size = 33554432 (custom)
2019-09-19 14:04:51,568 [pool-58-thread-1] INFO  server.RaftServerConfigKeys (ConfUtils.java:logGet(43)) - raft.server.log.force.sync.num = 128 (default)
2019-09-19 14:04:51,568 [dcc77c7b-1d37-448d-8d57-43d254561693:group-C685BEAECC28:LeaderElection499] INFO  impl.RaftServerImpl (ServerState.java:setRaftConf(361)) - dcc77c7b-1d37-448d-8d57-43d254561693:group-C685BEAECC28 set configuration 0: [dcc77c7b-1d37-448d-8d57-43d254561693:192.168.157.226:34527], old=null at 0
2019-09-19 14:04:51,568 [pool-58-thread-1] INFO  server.RaftServerConfigKeys (ConfUtils.java:logGet(43)) - raft.server.log.statemachine.data.sync = true (default)
2019-09-19 14:04:51,569 [pool-58-thread-1] INFO  server.RaftServerConfigKeys (ConfUtils.java:logGet(43)) - raft.server.log.statemachine.data.sync.timeout = 10s (default)
2019-09-19 14:04:51,569 [pool-58-thread-1] INFO  server.RaftServerConfigKeys (ConfUtils.java:logGet(43)) - raft.server.log.statemachine.data.sync.timeout.retry = -1 (default)
2019-09-19 14:04:51,569 [pool-58-thread-1] INFO  server.RaftServerConfigKeys (ConfUtils.java:logGet(43)) - raft.server.log.statemachine.data.caching.enabled = true (custom)
2019-09-19 14:04:51,569 [pool-58-thread-1] INFO  segmented.SegmentedRaftLogWorker (SegmentedRaftLogWorker.java:lambda$new$0(132)) - dcc77c7b-1d37-448d-8d57-43d254561693-SegmentedRaftLogWorker:Storage Directory /workdir/hadoop-ozone/integration-test/target/test-dir/MiniOzoneClusterImpl-3b2755de-4cfe-4b43-9e0d-73dd8eda8f75/datanode-0/data/ratis/496c209b-a8fb-44b0-964b-b8ec2eeee8d5: flushIndex: setUnconditionally 0 -> -1
2019-09-19 14:04:51,569 [pool-58-thread-1] INFO  server.RaftServerConfigKeys (ConfUtils.java:logGet(43)) - raft.server.snapshot.auto.trigger.enabled = true (custom)
2019-09-19 14:04:51,569 [pool-58-thread-1] INFO  server.RaftServerConfigKeys (ConfUtils.java:logGet(43)) - raft.server.snapshot.auto.trigger.threshold = 1 (custom)
2019-09-19 14:04:51,569 [pool-58-thread-1] INFO  server.RaftServerConfigKeys (ConfUtils.java:logGet(43)) - raft.server.retrycache.expirytime = 600000ms (custom)
2019-09-19 14:04:51,569 [pool-58-thread-1] INFO  impl.RaftServerImpl (RaftServerImpl.java:start(180)) - dcc77c7b-1d37-448d-8d57-43d254561693: start group-B8EC2EEEE8D5
2019-09-19 14:04:51,569 [pool-58-thread-1] INFO  impl.RaftServerImpl (RaftServerImpl.java:setRole(171)) - dcc77c7b-1d37-448d-8d57-43d254561693:group-B8EC2EEEE8D5 changes role from null to FOLLOWER at term 0 for startAsFollower
2019-09-19 14:04:51,569 [pool-58-thread-1] INFO  impl.RoleInfo (RoleInfo.java:updateAndGet(143)) - dcc77c7b-1d37-448d-8d57-43d254561693: start FollowerState
2019-09-19 14:04:51,570 [pool-58-thread-1] INFO  util.JmxRegister (JmxRegister.java:tryRegister(44)) - Successfully registered JMX Bean with object name Ratis:service=RaftServer,group=group-B8EC2EEEE8D5,id=dcc77c7b-1d37-448d-8d57-43d254561693
2019-09-19 14:04:51,571 [RatisPipelineUtilsThread] INFO  pipeline.PipelineStateManager (PipelineStateManager.java:addPipeline(56)) - Created pipeline Pipeline[ Id: 496c209b-a8fb-44b0-964b-b8ec2eeee8d5, Nodes: dcc77c7b-1d37-448d-8d57-43d254561693{ip: 192.168.157.226, host: pr-hdds-1569-swxfz-3172132826, networkLocation: /default-rack, certSerialId: null}, Type:RATIS, Factor:ONE, State:OPEN]
2019-09-19 14:04:51,573 [grpc-default-executor-1] INFO  impl.RaftServerProxy (RaftServerProxy.java:addNew(89)) - dcc77c7b-1d37-448d-8d57-43d254561693: addNew group-8705EAB60863:[dcc77c7b-1d37-448d-8d57-43d254561693:192.168.157.226:34527] returns group-8705EAB60863:java.util.concurrent.CompletableFuture@95c1120[Not completed]
2019-09-19 14:04:51,573 [pool-58-thread-1] INFO  impl.RaftServerImpl (RaftServerImpl.java:<init>(93)) - dcc77c7b-1d37-448d-8d57-43d254561693: new RaftServerImpl for group-8705EAB60863:[dcc77c7b-1d37-448d-8d57-43d254561693:192.168.157.226:34527] with ContainerStateMachine:uninitialized
2019-09-19 14:04:51,573 [pool-58-thread-1] INFO  server.RaftServerConfigKeys (ConfUtils.java:logGet(43)) - raft.server.rpc.timeout.min = 5s (custom)
2019-09-19 14:04:51,573 [pool-58-thread-1] INFO  server.RaftServerConfigKeys (ConfUtils.java:logGet(43)) - raft.server.rpc.timeout.max = 5200ms (custom)
2019-09-19 14:04:51,573 [pool-58-thread-1] INFO  server.RaftServerConfigKeys (ConfUtils.java:logGet(43)) - raft.server.rpcslowness.timeout = 120s (custom)
2019-09-19 14:04:51,574 [pool-58-thread-1] INFO  server.RaftServerConfigKeys (ConfUtils.java:logGet(43)) - raft.server.sleep.deviation.threshold = 300 (default)
2019-09-19 14:04:51,574 [pool-58-thread-1] INFO  server.RaftServerConfigKeys (ConfUtils.java:logGet(43)) - raft.server.log.appender.install.snapshot.enabled = false (custom)
2019-09-19 14:04:51,574 [pool-58-thread-1] INFO  impl.RaftServerImpl (ServerState.java:<init>(105)) - dcc77c7b-1d37-448d-8d57-43d254561693:group-8705EAB60863 ConfigurationManager, init=-1: [dcc77c7b-1d37-448d-8d57-43d254561693:192.168.157.226:34527], old=null, confs=<EMPTY_MAP>
2019-09-19 14:04:51,574 [pool-58-thread-1] INFO  server.RaftServerConfigKeys (ConfUtils.java:logGet(43)) - raft.server.storage.dir = [/workdir/hadoop-ozone/integration-test/target/test-dir/MiniOzoneClusterImpl-3b2755de-4cfe-4b43-9e0d-73dd8eda8f75/datanode-0/data/ratis] (custom)
2019-09-19 14:04:51,574 [pool-58-thread-1] INFO  storage.RaftStorageDirectory (RaftStorageDirectory.java:analyzeStorage(246)) - The storage directory /workdir/hadoop-ozone/integration-test/target/test-dir/MiniOzoneClusterImpl-3b2755de-4cfe-4b43-9e0d-73dd8eda8f75/datanode-0/data/ratis/95dcca76-3e6d-463c-8c9e-8705eab60863 does not exist. Creating ...
2019-09-19 14:04:51,586 [pool-58-thread-1] INFO  storage.RaftStorageDirectory (RaftStorageDirectory.java:tryLock(328)) - Lock on /workdir/hadoop-ozone/integration-test/target/test-dir/MiniOzoneClusterImpl-3b2755de-4cfe-4b43-9e0d-73dd8eda8f75/datanode-0/data/ratis/95dcca76-3e6d-463c-8c9e-8705eab60863/in_use.lock acquired by nodename 30982@pr-hdds-1569-swxfz-3172132826
2019-09-19 14:04:51,592 | INFO  | SCMAudit | user=jenkins1000 | ip=192.168.157.226 | op=SEND_HEARTBEAT {datanodeUUID=dcc77c7b-1d37-448d-8d57-43d254561693, command=[]} | ret=SUCCESS |  
2019-09-19 14:04:51,600 [dcc77c7b-1d37-448d-8d57-43d254561693-SegmentedRaftLogWorker:Storage Directory /workdir/hadoop-ozone/integration-test/target/test-dir/MiniOzoneClusterImpl-3b2755de-4cfe-4b43-9e0d-73dd8eda8f75/datanode-0/data/ratis/15e00326-0293-4008-a91f-c685beaecc28] INFO  segmented.SegmentedRaftLogWorker (SegmentedRaftLogWorker.java:execute(569)) - dcc77c7b-1d37-448d-8d57-43d254561693-SegmentedRaftLogWorker:Storage Directory /workdir/hadoop-ozone/integration-test/target/test-dir/MiniOzoneClusterImpl-3b2755de-4cfe-4b43-9e0d-73dd8eda8f75/datanode-0/data/ratis/15e00326-0293-4008-a91f-c685beaecc28: created new log segment /workdir/hadoop-ozone/integration-test/target/test-dir/MiniOzoneClusterImpl-3b2755de-4cfe-4b43-9e0d-73dd8eda8f75/datanode-0/data/ratis/15e00326-0293-4008-a91f-c685beaecc28/current/log_inprogress_0
2019-09-19 14:04:51,600 [pool-58-thread-1] INFO  storage.RaftStorage (RaftStorage.java:format(72)) - Storage directory /workdir/hadoop-ozone/integration-test/target/test-dir/MiniOzoneClusterImpl-3b2755de-4cfe-4b43-9e0d-73dd8eda8f75/datanode-0/data/ratis/95dcca76-3e6d-463c-8c9e-8705eab60863 has been successfully formatted.
2019-09-19 14:04:51,600 [pool-58-thread-1] INFO  ratis.ContainerStateMachine (ContainerStateMachine.java:loadSnapshot(226)) - group-8705EAB60863: The snapshot info is null. Setting the last applied indexto:(t:0, i:~)
2019-09-19 14:04:51,600 [pool-58-thread-1] INFO  server.RaftServerConfigKeys (ConfUtils.java:logGet(43)) - raft.server.leader.election.timeout = 120s (custom)
2019-09-19 14:04:51,600 [pool-58-thread-1] INFO  server.RaftServerConfigKeys (ConfUtils.java:logGet(43)) - raft.server.log.use.memory = false (default)
2019-09-19 14:04:51,600 [pool-58-thread-1] INFO  server.RaftServerConfigKeys (ConfUtils.java:logGet(43)) - raft.server.log.purge.gap = 1000000 (custom)
2019-09-19 14:04:51,600 [pool-58-thread-1] INFO  server.RaftServerConfigKeys (ConfUtils.java:logGet(43)) - raft.server.log.appender.buffer.byte-limit = 33554432 (custom)
2019-09-19 14:04:51,600 [pool-58-thread-1] INFO  server.RaftServerConfigKeys (ConfUtils.java:logGet(43)) - raft.server.log.segment.size.max = 1048576 (custom)
2019-09-19 14:04:51,601 [pool-58-thread-1] INFO  server.RaftServerConfigKeys (ConfUtils.java:logGet(43)) - raft.server.log.segment.cache.num.max = 2 (custom)
2019-09-19 14:04:51,601 [pool-58-thread-1] INFO  segmented.SegmentedRaftLogWorker (SegmentedRaftLogWorker.java:<init>(172)) - new dcc77c7b-1d37-448d-8d57-43d254561693-SegmentedRaftLogWorker:Storage Directory /workdir/hadoop-ozone/integration-test/target/test-dir/MiniOzoneClusterImpl-3b2755de-4cfe-4b43-9e0d-73dd8eda8f75/datanode-0/data/ratis/95dcca76-3e6d-463c-8c9e-8705eab60863 for RaftStorage:Storage Directory /workdir/hadoop-ozone/integration-test/target/test-dir/MiniOzoneClusterImpl-3b2755de-4cfe-4b43-9e0d-73dd8eda8f75/datanode-0/data/ratis/95dcca76-3e6d-463c-8c9e-8705eab60863
2019-09-19 14:04:51,601 [pool-58-thread-1] INFO  server.RaftServerConfigKeys (ConfUtils.java:logGet(43)) - raft.server.log.queue.byte-limit = 2147483647 (custom)
2019-09-19 14:04:51,601 [pool-58-thread-1] INFO  server.RaftServerConfigKeys (ConfUtils.java:logGet(43)) - raft.server.log.queue.element-limit = 1024 (custom)
2019-09-19 14:04:51,601 [pool-58-thread-1] INFO  server.RaftServerConfigKeys (ConfUtils.java:logGet(43)) - raft.server.log.segment.size.max = 1048576 (custom)
2019-09-19 14:04:51,601 [pool-58-thread-1] INFO  server.RaftServerConfigKeys (ConfUtils.java:logGet(43)) - raft.server.log.preallocated.size = 16384 (custom)
2019-09-19 14:04:51,601 [pool-58-thread-1] INFO  server.RaftServerConfigKeys (ConfUtils.java:logGet(43)) - raft.server.log.write.buffer.size = 33554432 (custom)
2019-09-19 14:04:51,601 [pool-58-thread-1] INFO  server.RaftServerConfigKeys (ConfUtils.java:logGet(43)) - raft.server.log.force.sync.num = 128 (default)
2019-09-19 14:04:51,601 [pool-58-thread-1] INFO  server.RaftServerConfigKeys (ConfUtils.java:logGet(43)) - raft.server.log.statemachine.data.sync = true (default)
2019-09-19 14:04:51,601 [pool-58-thread-1] INFO  server.RaftServerConfigKeys (ConfUtils.java:logGet(43)) - raft.server.log.statemachine.data.sync.timeout = 10s (default)
2019-09-19 14:04:51,601 [pool-58-thread-1] INFO  server.RaftServerConfigKeys (ConfUtils.java:logGet(43)) - raft.server.log.statemachine.data.sync.timeout.retry = -1 (default)
2019-09-19 14:04:51,602 [pool-58-thread-1] INFO  server.RaftServerConfigKeys (ConfUtils.java:logGet(43)) - raft.server.log.statemachine.data.caching.enabled = true (custom)
2019-09-19 14:04:51,602 [pool-58-thread-1] INFO  segmented.SegmentedRaftLogWorker (SegmentedRaftLogWorker.java:lambda$new$0(132)) - dcc77c7b-1d37-448d-8d57-43d254561693-SegmentedRaftLogWorker:Storage Directory /workdir/hadoop-ozone/integration-test/target/test-dir/MiniOzoneClusterImpl-3b2755de-4cfe-4b43-9e0d-73dd8eda8f75/datanode-0/data/ratis/95dcca76-3e6d-463c-8c9e-8705eab60863: flushIndex: setUnconditionally 0 -> -1
2019-09-19 14:04:51,602 [pool-58-thread-1] INFO  server.RaftServerConfigKeys (ConfUtils.java:logGet(43)) - raft.server.snapshot.auto.trigger.enabled = true (custom)
2019-09-19 14:04:51,602 [pool-58-thread-1] INFO  server.RaftServerConfigKeys (ConfUtils.java:logGet(43)) - raft.server.snapshot.auto.trigger.threshold = 1 (custom)
2019-09-19 14:04:51,602 [pool-58-thread-1] INFO  server.RaftServerConfigKeys (ConfUtils.java:logGet(43)) - raft.server.retrycache.expirytime = 600000ms (custom)
2019-09-19 14:04:51,602 [pool-58-thread-1] INFO  impl.RaftServerImpl (RaftServerImpl.java:start(180)) - dcc77c7b-1d37-448d-8d57-43d254561693: start group-8705EAB60863
2019-09-19 14:04:51,602 [pool-58-thread-1] INFO  impl.RaftServerImpl (RaftServerImpl.java:setRole(171)) - dcc77c7b-1d37-448d-8d57-43d254561693:group-8705EAB60863 changes role from null to FOLLOWER at term 0 for startAsFollower
2019-09-19 14:04:51,602 [pool-58-thread-1] INFO  impl.RoleInfo (RoleInfo.java:updateAndGet(143)) - dcc77c7b-1d37-448d-8d57-43d254561693: start FollowerState
2019-09-19 14:04:51,603 [pool-58-thread-1] INFO  util.JmxRegister (JmxRegister.java:tryRegister(44)) - Successfully registered JMX Bean with object name Ratis:service=RaftServer,group=group-8705EAB60863,id=dcc77c7b-1d37-448d-8d57-43d254561693
2019-09-19 14:04:51,604 [RatisPipelineUtilsThread] INFO  pipeline.PipelineStateManager (PipelineStateManager.java:addPipeline(56)) - Created pipeline Pipeline[ Id: 95dcca76-3e6d-463c-8c9e-8705eab60863, Nodes: dcc77c7b-1d37-448d-8d57-43d254561693{ip: 192.168.157.226, host: pr-hdds-1569-swxfz-3172132826, networkLocation: /default-rack, certSerialId: null}, Type:RATIS, Factor:ONE, State:OPEN]
2019-09-19 14:04:51,606 [grpc-default-executor-1] INFO  impl.RaftServerProxy (RaftServerProxy.java:addNew(89)) - dcc77c7b-1d37-448d-8d57-43d254561693: addNew group-C6C4A2B7D1DA:[dcc77c7b-1d37-448d-8d57-43d254561693:192.168.157.226:34527] returns group-C6C4A2B7D1DA:java.util.concurrent.CompletableFuture@11bd6b96[Not completed]
2019-09-19 14:04:51,607 [pool-58-thread-1] INFO  impl.RaftServerImpl (RaftServerImpl.java:<init>(93)) - dcc77c7b-1d37-448d-8d57-43d254561693: new RaftServerImpl for group-C6C4A2B7D1DA:[dcc77c7b-1d37-448d-8d57-43d254561693:192.168.157.226:34527] with ContainerStateMachine:uninitialized
2019-09-19 14:04:51,607 [pool-58-thread-1] INFO  server.RaftServerConfigKeys (ConfUtils.java:logGet(43)) - raft.server.rpc.timeout.min = 5s (custom)
2019-09-19 14:04:51,607 [pool-58-thread-1] INFO  server.RaftServerConfigKeys (ConfUtils.java:logGet(43)) - raft.server.rpc.timeout.max = 5200ms (custom)
2019-09-19 14:04:51,607 [pool-58-thread-1] INFO  server.RaftServerConfigKeys (ConfUtils.java:logGet(43)) - raft.server.rpcslowness.timeout = 120s (custom)
2019-09-19 14:04:51,607 [pool-58-thread-1] INFO  server.RaftServerConfigKeys (ConfUtils.java:logGet(43)) - raft.server.sleep.deviation.threshold = 300 (default)
2019-09-19 14:04:51,607 [pool-58-thread-1] INFO  server.RaftServerConfigKeys (ConfUtils.java:logGet(43)) - raft.server.log.appender.install.snapshot.enabled = false (custom)
2019-09-19 14:04:51,607 [pool-58-thread-1] INFO  impl.RaftServerImpl (ServerState.java:<init>(105)) - dcc77c7b-1d37-448d-8d57-43d254561693:group-C6C4A2B7D1DA ConfigurationManager, init=-1: [dcc77c7b-1d37-448d-8d57-43d254561693:192.168.157.226:34527], old=null, confs=<EMPTY_MAP>
2019-09-19 14:04:51,608 [pool-58-thread-1] INFO  server.RaftServerConfigKeys (ConfUtils.java:logGet(43)) - raft.server.storage.dir = [/workdir/hadoop-ozone/integration-test/target/test-dir/MiniOzoneClusterImpl-3b2755de-4cfe-4b43-9e0d-73dd8eda8f75/datanode-0/data/ratis] (custom)
2019-09-19 14:04:51,608 [pool-58-thread-1] INFO  storage.RaftStorageDirectory (RaftStorageDirectory.java:analyzeStorage(246)) - The storage directory /workdir/hadoop-ozone/integration-test/target/test-dir/MiniOzoneClusterImpl-3b2755de-4cfe-4b43-9e0d-73dd8eda8f75/datanode-0/data/ratis/0da6c939-5164-41ff-81e1-c6c4a2b7d1da does not exist. Creating ...
2019-09-19 14:04:51,620 [pool-58-thread-1] INFO  storage.RaftStorageDirectory (RaftStorageDirectory.java:tryLock(328)) - Lock on /workdir/hadoop-ozone/integration-test/target/test-dir/MiniOzoneClusterImpl-3b2755de-4cfe-4b43-9e0d-73dd8eda8f75/datanode-0/data/ratis/0da6c939-5164-41ff-81e1-c6c4a2b7d1da/in_use.lock acquired by nodename 30982@pr-hdds-1569-swxfz-3172132826
2019-09-19 14:04:51,634 [pool-58-thread-1] INFO  storage.RaftStorage (RaftStorage.java:format(72)) - Storage directory /workdir/hadoop-ozone/integration-test/target/test-dir/MiniOzoneClusterImpl-3b2755de-4cfe-4b43-9e0d-73dd8eda8f75/datanode-0/data/ratis/0da6c939-5164-41ff-81e1-c6c4a2b7d1da has been successfully formatted.
2019-09-19 14:04:51,634 [pool-58-thread-1] INFO  ratis.ContainerStateMachine (ContainerStateMachine.java:loadSnapshot(226)) - group-C6C4A2B7D1DA: The snapshot info is null. Setting the last applied indexto:(t:0, i:~)
2019-09-19 14:04:51,634 [pool-58-thread-1] INFO  server.RaftServerConfigKeys (ConfUtils.java:logGet(43)) - raft.server.leader.election.timeout = 120s (custom)
2019-09-19 14:04:51,634 [pool-58-thread-1] INFO  server.RaftServerConfigKeys (ConfUtils.java:logGet(43)) - raft.server.log.use.memory = false (default)
2019-09-19 14:04:51,634 [pool-58-thread-1] INFO  server.RaftServerConfigKeys (ConfUtils.java:logGet(43)) - raft.server.log.purge.gap = 1000000 (custom)
2019-09-19 14:04:51,634 [pool-58-thread-1] INFO  server.RaftServerConfigKeys (ConfUtils.java:logGet(43)) - raft.server.log.appender.buffer.byte-limit = 33554432 (custom)
2019-09-19 14:04:51,634 [pool-58-thread-1] INFO  server.RaftServerConfigKeys (ConfUtils.java:logGet(43)) - raft.server.log.segment.size.max = 1048576 (custom)
2019-09-19 14:04:51,634 [pool-58-thread-1] INFO  server.RaftServerConfigKeys (ConfUtils.java:logGet(43)) - raft.server.log.segment.cache.num.max = 2 (custom)
2019-09-19 14:04:51,635 [pool-58-thread-1] INFO  segmented.SegmentedRaftLogWorker (SegmentedRaftLogWorker.java:<init>(172)) - new dcc77c7b-1d37-448d-8d57-43d254561693-SegmentedRaftLogWorker:Storage Directory /workdir/hadoop-ozone/integration-test/target/test-dir/MiniOzoneClusterImpl-3b2755de-4cfe-4b43-9e0d-73dd8eda8f75/datanode-0/data/ratis/0da6c939-5164-41ff-81e1-c6c4a2b7d1da for RaftStorage:Storage Directory /workdir/hadoop-ozone/integration-test/target/test-dir/MiniOzoneClusterImpl-3b2755de-4cfe-4b43-9e0d-73dd8eda8f75/datanode-0/data/ratis/0da6c939-5164-41ff-81e1-c6c4a2b7d1da
2019-09-19 14:04:51,635 [pool-58-thread-1] INFO  server.RaftServerConfigKeys (ConfUtils.java:logGet(43)) - raft.server.log.queue.byte-limit = 2147483647 (custom)
2019-09-19 14:04:51,635 [pool-58-thread-1] INFO  server.RaftServerConfigKeys (ConfUtils.java:logGet(43)) - raft.server.log.queue.element-limit = 1024 (custom)
2019-09-19 14:04:51,635 [pool-58-thread-1] INFO  server.RaftServerConfigKeys (ConfUtils.java:logGet(43)) - raft.server.log.segment.size.max = 1048576 (custom)
2019-09-19 14:04:51,635 [pool-58-thread-1] INFO  server.RaftServerConfigKeys (ConfUtils.java:logGet(43)) - raft.server.log.preallocated.size = 16384 (custom)
2019-09-19 14:04:51,635 [pool-58-thread-1] INFO  server.RaftServerConfigKeys (ConfUtils.java:logGet(43)) - raft.server.log.write.buffer.size = 33554432 (custom)
2019-09-19 14:04:51,635 [pool-58-thread-1] INFO  server.RaftServerConfigKeys (ConfUtils.java:logGet(43)) - raft.server.log.force.sync.num = 128 (default)
2019-09-19 14:04:51,635 [pool-58-thread-1] INFO  server.RaftServerConfigKeys (ConfUtils.java:logGet(43)) - raft.server.log.statemachine.data.sync = true (default)
2019-09-19 14:04:51,635 [pool-58-thread-1] INFO  server.RaftServerConfigKeys (ConfUtils.java:logGet(43)) - raft.server.log.statemachine.data.sync.timeout = 10s (default)
2019-09-19 14:04:51,636 [pool-58-thread-1] INFO  server.RaftServerConfigKeys (ConfUtils.java:logGet(43)) - raft.server.log.statemachine.data.sync.timeout.retry = -1 (default)
2019-09-19 14:04:51,636 [pool-58-thread-1] INFO  server.RaftServerConfigKeys (ConfUtils.java:logGet(43)) - raft.server.log.statemachine.data.caching.enabled = true (custom)
2019-09-19 14:04:51,636 [pool-58-thread-1] INFO  segmented.SegmentedRaftLogWorker (SegmentedRaftLogWorker.java:lambda$new$0(132)) - dcc77c7b-1d37-448d-8d57-43d254561693-SegmentedRaftLogWorker:Storage Directory /workdir/hadoop-ozone/integration-test/target/test-dir/MiniOzoneClusterImpl-3b2755de-4cfe-4b43-9e0d-73dd8eda8f75/datanode-0/data/ratis/0da6c939-5164-41ff-81e1-c6c4a2b7d1da: flushIndex: setUnconditionally 0 -> -1
2019-09-19 14:04:51,636 [pool-58-thread-1] INFO  server.RaftServerConfigKeys (ConfUtils.java:logGet(43)) - raft.server.snapshot.auto.trigger.enabled = true (custom)
2019-09-19 14:04:51,636 [pool-58-thread-1] INFO  server.RaftServerConfigKeys (ConfUtils.java:logGet(43)) - raft.server.snapshot.auto.trigger.threshold = 1 (custom)
2019-09-19 14:04:51,636 [pool-58-thread-1] INFO  server.RaftServerConfigKeys (ConfUtils.java:logGet(43)) - raft.server.retrycache.expirytime = 600000ms (custom)
2019-09-19 14:04:51,637 [pool-58-thread-1] INFO  impl.RaftServerImpl (RaftServerImpl.java:start(180)) - dcc77c7b-1d37-448d-8d57-43d254561693: start group-C6C4A2B7D1DA
2019-09-19 14:04:51,637 [pool-58-thread-1] INFO  impl.RaftServerImpl (RaftServerImpl.java:setRole(171)) - dcc77c7b-1d37-448d-8d57-43d254561693:group-C6C4A2B7D1DA changes role from null to FOLLOWER at term 0 for startAsFollower
2019-09-19 14:04:51,637 [pool-58-thread-1] INFO  impl.RoleInfo (RoleInfo.java:updateAndGet(143)) - dcc77c7b-1d37-448d-8d57-43d254561693: start FollowerState
2019-09-19 14:04:51,637 [pool-58-thread-1] INFO  util.JmxRegister (JmxRegister.java:tryRegister(44)) - Successfully registered JMX Bean with object name Ratis:service=RaftServer,group=group-C6C4A2B7D1DA,id=dcc77c7b-1d37-448d-8d57-43d254561693
2019-09-19 14:04:51,638 [RatisPipelineUtilsThread] INFO  pipeline.PipelineStateManager (PipelineStateManager.java:addPipeline(56)) - Created pipeline Pipeline[ Id: 0da6c939-5164-41ff-81e1-c6c4a2b7d1da, Nodes: dcc77c7b-1d37-448d-8d57-43d254561693{ip: 192.168.157.226, host: pr-hdds-1569-swxfz-3172132826, networkLocation: /default-rack, certSerialId: null}, Type:RATIS, Factor:ONE, State:OPEN]
2019-09-19 14:04:51,639 [Thread-3945] INFO  impl.FollowerState (FollowerState.java:run(106)) - dcc77c7b-1d37-448d-8d57-43d254561693:group-AEB2CDE570B8 changes to CANDIDATE, lastRpcTime:5059, electionTimeout:5059ms
2019-09-19 14:04:51,639 [Thread-3945] INFO  impl.RoleInfo (RoleInfo.java:shutdownFollowerState(121)) - dcc77c7b-1d37-448d-8d57-43d254561693: shutdown FollowerState
2019-09-19 14:04:51,639 [Thread-3945] INFO  impl.RaftServerImpl (RaftServerImpl.java:setRole(171)) - dcc77c7b-1d37-448d-8d57-43d254561693:group-AEB2CDE570B8 changes role from FOLLOWER to CANDIDATE at term 0 for changeToCandidate
2019-09-19 14:04:51,639 [Thread-3945] INFO  impl.RoleInfo (RoleInfo.java:updateAndGet(143)) - dcc77c7b-1d37-448d-8d57-43d254561693: start LeaderElection
2019-09-19 14:04:51,640 [grpc-default-executor-1] INFO  impl.RaftServerProxy (RaftServerProxy.java:addNew(89)) - dcc77c7b-1d37-448d-8d57-43d254561693: addNew group-FEB63AD957C4:[dcc77c7b-1d37-448d-8d57-43d254561693:192.168.157.226:34527] returns group-FEB63AD957C4:java.util.concurrent.CompletableFuture@6acc5d14[Not completed]
2019-09-19 14:04:51,641 [pool-58-thread-1] INFO  impl.RaftServerImpl (RaftServerImpl.java:<init>(93)) - dcc77c7b-1d37-448d-8d57-43d254561693: new RaftServerImpl for group-FEB63AD957C4:[dcc77c7b-1d37-448d-8d57-43d254561693:192.168.157.226:34527] with ContainerStateMachine:uninitialized
2019-09-19 14:04:51,641 [pool-58-thread-1] INFO  server.RaftServerConfigKeys (ConfUtils.java:logGet(43)) - raft.server.rpc.timeout.min = 5s (custom)
2019-09-19 14:04:51,641 [pool-58-thread-1] INFO  server.RaftServerConfigKeys (ConfUtils.java:logGet(43)) - raft.server.rpc.timeout.max = 5200ms (custom)
2019-09-19 14:04:51,641 [pool-58-thread-1] INFO  server.RaftServerConfigKeys (ConfUtils.java:logGet(43)) - raft.server.rpcslowness.timeout = 120s (custom)
2019-09-19 14:04:51,641 [pool-58-thread-1] INFO  server.RaftServerConfigKeys (ConfUtils.java:logGet(43)) - raft.server.sleep.deviation.threshold = 300 (default)
2019-09-19 14:04:51,641 [pool-58-thread-1] INFO  server.RaftServerConfigKeys (ConfUtils.java:logGet(43)) - raft.server.log.appender.install.snapshot.enabled = false (custom)
2019-09-19 14:04:51,641 [pool-58-thread-1] INFO  impl.RaftServerImpl (ServerState.java:<init>(105)) - dcc77c7b-1d37-448d-8d57-43d254561693:group-FEB63AD957C4 ConfigurationManager, init=-1: [dcc77c7b-1d37-448d-8d57-43d254561693:192.168.157.226:34527], old=null, confs=<EMPTY_MAP>
2019-09-19 14:04:51,642 [pool-58-thread-1] INFO  server.RaftServerConfigKeys (ConfUtils.java:logGet(43)) - raft.server.storage.dir = [/workdir/hadoop-ozone/integration-test/target/test-dir/MiniOzoneClusterImpl-3b2755de-4cfe-4b43-9e0d-73dd8eda8f75/datanode-0/data/ratis] (custom)
2019-09-19 14:04:51,642 [pool-58-thread-1] INFO  storage.RaftStorageDirectory (RaftStorageDirectory.java:analyzeStorage(246)) - The storage directory /workdir/hadoop-ozone/integration-test/target/test-dir/MiniOzoneClusterImpl-3b2755de-4cfe-4b43-9e0d-73dd8eda8f75/datanode-0/data/ratis/c7f5a025-36b4-40f4-bf0c-feb63ad957c4 does not exist. Creating ...
2019-09-19 14:04:51,644 [dcc77c7b-1d37-448d-8d57-43d254561693:group-AEB2CDE570B8:LeaderElection500] INFO  impl.LeaderElection (LeaderElection.java:askForVotes(181)) - dcc77c7b-1d37-448d-8d57-43d254561693:group-AEB2CDE570B8:LeaderElection500: begin an election at term 1 for -1: [dcc77c7b-1d37-448d-8d57-43d254561693:192.168.157.226:34527], old=null
2019-09-19 14:04:51,644 [dcc77c7b-1d37-448d-8d57-43d254561693:group-AEB2CDE570B8:LeaderElection500] INFO  impl.RoleInfo (RoleInfo.java:shutdownLeaderElection(134)) - dcc77c7b-1d37-448d-8d57-43d254561693: shutdown LeaderElection
2019-09-19 14:04:51,644 [dcc77c7b-1d37-448d-8d57-43d254561693:group-AEB2CDE570B8:LeaderElection500] INFO  impl.RaftServerImpl (RaftServerImpl.java:setRole(171)) - dcc77c7b-1d37-448d-8d57-43d254561693:group-AEB2CDE570B8 changes role from CANDIDATE to LEADER at term 1 for changeToLeader
2019-09-19 14:04:51,644 [dcc77c7b-1d37-448d-8d57-43d254561693:group-AEB2CDE570B8:LeaderElection500] INFO  impl.RaftServerImpl (ServerState.java:setLeader(263)) - dcc77c7b-1d37-448d-8d57-43d254561693:group-AEB2CDE570B8 change Leader from null to dcc77c7b-1d37-448d-8d57-43d254561693 at term 1 for becomeLeader, leader elected after 5067ms
2019-09-19 14:04:51,645 [dcc77c7b-1d37-448d-8d57-43d254561693:group-AEB2CDE570B8:LeaderElection500] INFO  server.RaftServerConfigKeys (ConfUtils.java:logGet(43)) - raft.server.staging.catchup.gap = 1000 (default)
2019-09-19 14:04:51,645 [dcc77c7b-1d37-448d-8d57-43d254561693:group-AEB2CDE570B8:LeaderElection500] INFO  server.RaftServerConfigKeys (ConfUtils.java:logGet(43)) - raft.server.rpc.sleep.time = 25ms (default)
2019-09-19 14:04:51,645 [dcc77c7b-1d37-448d-8d57-43d254561693:group-AEB2CDE570B8:LeaderElection500] INFO  server.RaftServerConfigKeys (ConfUtils.java:logGet(43)) - raft.server.write.element-limit = 4096 (default)
2019-09-19 14:04:51,645 [dcc77c7b-1d37-448d-8d57-43d254561693:group-AEB2CDE570B8:LeaderElection500] INFO  server.RaftServerConfigKeys (ConfUtils.java:logGet(43)) - raft.server.watch.timeout = 10s (default)
2019-09-19 14:04:51,645 [dcc77c7b-1d37-448d-8d57-43d254561693:group-AEB2CDE570B8:LeaderElection500] INFO  server.RaftServerConfigKeys (ConfUtils.java:logGet(43)) - raft.server.watch.timeout.denomination = 1s (default)
2019-09-19 14:04:51,645 [dcc77c7b-1d37-448d-8d57-43d254561693:group-AEB2CDE570B8:LeaderElection500] INFO  server.RaftServerConfigKeys (ConfUtils.java:logGet(43)) - raft.server.watch.element-limit = 65536 (default)
2019-09-19 14:04:51,645 [dcc77c7b-1d37-448d-8d57-43d254561693:group-AEB2CDE570B8:LeaderElection500] INFO  impl.RoleInfo (RoleInfo.java:updateAndGet(143)) - dcc77c7b-1d37-448d-8d57-43d254561693: start LeaderState
2019-09-19 14:04:51,646 [dcc77c7b-1d37-448d-8d57-43d254561693:group-AEB2CDE570B8:LeaderElection500] INFO  segmented.SegmentedRaftLogWorker (SegmentedRaftLogWorker.java:startLogSegment(380)) - dcc77c7b-1d37-448d-8d57-43d254561693-SegmentedRaftLogWorker:Storage Directory /workdir/hadoop-ozone/integration-test/target/test-dir/MiniOzoneClusterImpl-3b2755de-4cfe-4b43-9e0d-73dd8eda8f75/datanode-0/data/ratis/488978e1-4f17-4f8f-baa4-aeb2cde570b8: Starting segment from index:0
2019-09-19 14:04:51,646 [dcc77c7b-1d37-448d-8d57-43d254561693:group-AEB2CDE570B8:LeaderElection500] INFO  impl.RaftServerImpl (ServerState.java:setRaftConf(361)) - dcc77c7b-1d37-448d-8d57-43d254561693:group-AEB2CDE570B8 set configuration 0: [dcc77c7b-1d37-448d-8d57-43d254561693:192.168.157.226:34527], old=null at 0
2019-09-19 14:04:51,646 [pool-58-thread-1] INFO  storage.RaftStorageDirectory (RaftStorageDirectory.java:tryLock(328)) - Lock on /workdir/hadoop-ozone/integration-test/target/test-dir/MiniOzoneClusterImpl-3b2755de-4cfe-4b43-9e0d-73dd8eda8f75/datanode-0/data/ratis/c7f5a025-36b4-40f4-bf0c-feb63ad957c4/in_use.lock acquired by nodename 30982@pr-hdds-1569-swxfz-3172132826
2019-09-19 14:04:51,650 [pool-58-thread-1] INFO  storage.RaftStorage (RaftStorage.java:format(72)) - Storage directory /workdir/hadoop-ozone/integration-test/target/test-dir/MiniOzoneClusterImpl-3b2755de-4cfe-4b43-9e0d-73dd8eda8f75/datanode-0/data/ratis/c7f5a025-36b4-40f4-bf0c-feb63ad957c4 has been successfully formatted.
2019-09-19 14:04:51,651 [pool-58-thread-1] INFO  ratis.ContainerStateMachine (ContainerStateMachine.java:loadSnapshot(226)) - group-FEB63AD957C4: The snapshot info is null. Setting the last applied indexto:(t:0, i:~)
2019-09-19 14:04:51,651 [pool-58-thread-1] INFO  server.RaftServerConfigKeys (ConfUtils.java:logGet(43)) - raft.server.leader.election.timeout = 120s (custom)
2019-09-19 14:04:51,651 [pool-58-thread-1] INFO  server.RaftServerConfigKeys (ConfUtils.java:logGet(43)) - raft.server.log.use.memory = false (default)
2019-09-19 14:04:51,651 [pool-58-thread-1] INFO  server.RaftServerConfigKeys (ConfUtils.java:logGet(43)) - raft.server.log.purge.gap = 1000000 (custom)
2019-09-19 14:04:51,651 [pool-58-thread-1] INFO  server.RaftServerConfigKeys (ConfUtils.java:logGet(43)) - raft.server.log.appender.buffer.byte-limit = 33554432 (custom)
2019-09-19 14:04:51,651 [pool-58-thread-1] INFO  server.RaftServerConfigKeys (ConfUtils.java:logGet(43)) - raft.server.log.segment.size.max = 1048576 (custom)
2019-09-19 14:04:51,651 [pool-58-thread-1] INFO  server.RaftServerConfigKeys (ConfUtils.java:logGet(43)) - raft.server.log.segment.cache.num.max = 2 (custom)
2019-09-19 14:04:51,651 [pool-58-thread-1] INFO  segmented.SegmentedRaftLogWorker (SegmentedRaftLogWorker.java:<init>(172)) - new dcc77c7b-1d37-448d-8d57-43d254561693-SegmentedRaftLogWorker:Storage Directory /workdir/hadoop-ozone/integration-test/target/test-dir/MiniOzoneClusterImpl-3b2755de-4cfe-4b43-9e0d-73dd8eda8f75/datanode-0/data/ratis/c7f5a025-36b4-40f4-bf0c-feb63ad957c4 for RaftStorage:Storage Directory /workdir/hadoop-ozone/integration-test/target/test-dir/MiniOzoneClusterImpl-3b2755de-4cfe-4b43-9e0d-73dd8eda8f75/datanode-0/data/ratis/c7f5a025-36b4-40f4-bf0c-feb63ad957c4
2019-09-19 14:04:51,651 [pool-58-thread-1] INFO  server.RaftServerConfigKeys (ConfUtils.java:logGet(43)) - raft.server.log.queue.byte-limit = 2147483647 (custom)
2019-09-19 14:04:51,651 [pool-58-thread-1] INFO  server.RaftServerConfigKeys (ConfUtils.java:logGet(43)) - raft.server.log.queue.element-limit = 1024 (custom)
2019-09-19 14:04:51,651 [pool-58-thread-1] INFO  server.RaftServerConfigKeys (ConfUtils.java:logGet(43)) - raft.server.log.segment.size.max = 1048576 (custom)
2019-09-19 14:04:51,651 [pool-58-thread-1] INFO  server.RaftServerConfigKeys (ConfUtils.java:logGet(43)) - raft.server.log.preallocated.size = 16384 (custom)
2019-09-19 14:04:51,651 [pool-58-thread-1] INFO  server.RaftServerConfigKeys (ConfUtils.java:logGet(43)) - raft.server.log.write.buffer.size = 33554432 (custom)
2019-09-19 14:04:51,652 [pool-58-thread-1] INFO  server.RaftServerConfigKeys (ConfUtils.java:logGet(43)) - raft.server.log.force.sync.num = 128 (default)
2019-09-19 14:04:51,652 [pool-58-thread-1] INFO  server.RaftServerConfigKeys (ConfUtils.java:logGet(43)) - raft.server.log.statemachine.data.sync = true (default)
2019-09-19 14:04:51,652 [pool-58-thread-1] INFO  server.RaftServerConfigKeys (ConfUtils.java:logGet(43)) - raft.server.log.statemachine.data.sync.timeout = 10s (default)
2019-09-19 14:04:51,652 [pool-58-thread-1] INFO  server.RaftServerConfigKeys (ConfUtils.java:logGet(43)) - raft.server.log.statemachine.data.sync.timeout.retry = -1 (default)
2019-09-19 14:04:51,652 [pool-58-thread-1] INFO  server.RaftServerConfigKeys (ConfUtils.java:logGet(43)) - raft.server.log.statemachine.data.caching.enabled = true (custom)
2019-09-19 14:04:51,652 [pool-58-thread-1] INFO  segmented.SegmentedRaftLogWorker (SegmentedRaftLogWorker.java:lambda$new$0(132)) - dcc77c7b-1d37-448d-8d57-43d254561693-SegmentedRaftLogWorker:Storage Directory /workdir/hadoop-ozone/integration-test/target/test-dir/MiniOzoneClusterImpl-3b2755de-4cfe-4b43-9e0d-73dd8eda8f75/datanode-0/data/ratis/c7f5a025-36b4-40f4-bf0c-feb63ad957c4: flushIndex: setUnconditionally 0 -> -1
2019-09-19 14:04:51,652 [pool-58-thread-1] INFO  server.RaftServerConfigKeys (ConfUtils.java:logGet(43)) - raft.server.snapshot.auto.trigger.enabled = true (custom)
2019-09-19 14:04:51,652 [pool-58-thread-1] INFO  server.RaftServerConfigKeys (ConfUtils.java:logGet(43)) - raft.server.snapshot.auto.trigger.threshold = 1 (custom)
2019-09-19 14:04:51,652 [pool-58-thread-1] INFO  server.RaftServerConfigKeys (ConfUtils.java:logGet(43)) - raft.server.retrycache.expirytime = 600000ms (custom)
2019-09-19 14:04:51,652 [pool-58-thread-1] INFO  impl.RaftServerImpl (RaftServerImpl.java:start(180)) - dcc77c7b-1d37-448d-8d57-43d254561693: start group-FEB63AD957C4
2019-09-19 14:04:51,652 [pool-58-thread-1] INFO  impl.RaftServerImpl (RaftServerImpl.java:setRole(171)) - dcc77c7b-1d37-448d-8d57-43d254561693:group-FEB63AD957C4 changes role from null to FOLLOWER at term 0 for startAsFollower
2019-09-19 14:04:51,652 [pool-58-thread-1] INFO  impl.RoleInfo (RoleInfo.java:updateAndGet(143)) - dcc77c7b-1d37-448d-8d57-43d254561693: start FollowerState
2019-09-19 14:04:51,653 [pool-58-thread-1] INFO  util.JmxRegister (JmxRegister.java:tryRegister(44)) - Successfully registered JMX Bean with object name Ratis:service=RaftServer,group=group-FEB63AD957C4,id=dcc77c7b-1d37-448d-8d57-43d254561693
2019-09-19 14:04:51,654 [RatisPipelineUtilsThread] INFO  pipeline.PipelineStateManager (PipelineStateManager.java:addPipeline(56)) - Created pipeline Pipeline[ Id: c7f5a025-36b4-40f4-bf0c-feb63ad957c4, Nodes: dcc77c7b-1d37-448d-8d57-43d254561693{ip: 192.168.157.226, host: pr-hdds-1569-swxfz-3172132826, networkLocation: /default-rack, certSerialId: null}, Type:RATIS, Factor:ONE, State:OPEN]
2019-09-19 14:04:51,656 [grpc-default-executor-1] INFO  impl.RaftServerProxy (RaftServerProxy.java:addNew(89)) - dcc77c7b-1d37-448d-8d57-43d254561693: addNew group-7B8CEBFF5854:[dcc77c7b-1d37-448d-8d57-43d254561693:192.168.157.226:34527] returns group-7B8CEBFF5854:java.util.concurrent.CompletableFuture@611835d7[Not completed]
2019-09-19 14:04:51,656 [pool-58-thread-1] INFO  impl.RaftServerImpl (RaftServerImpl.java:<init>(93)) - dcc77c7b-1d37-448d-8d57-43d254561693: new RaftServerImpl for group-7B8CEBFF5854:[dcc77c7b-1d37-448d-8d57-43d254561693:192.168.157.226:34527] with ContainerStateMachine:uninitialized
2019-09-19 14:04:51,656 [pool-58-thread-1] INFO  server.RaftServerConfigKeys (ConfUtils.java:logGet(43)) - raft.server.rpc.timeout.min = 5s (custom)
2019-09-19 14:04:51,656 [pool-58-thread-1] INFO  server.RaftServerConfigKeys (ConfUtils.java:logGet(43)) - raft.server.rpc.timeout.max = 5200ms (custom)
2019-09-19 14:04:51,656 [pool-58-thread-1] INFO  server.RaftServerConfigKeys (ConfUtils.java:logGet(43)) - raft.server.rpcslowness.timeout = 120s (custom)
2019-09-19 14:04:51,657 [pool-58-thread-1] INFO  server.RaftServerConfigKeys (ConfUtils.java:logGet(43)) - raft.server.sleep.deviation.threshold = 300 (default)
2019-09-19 14:04:51,657 [pool-58-thread-1] INFO  server.RaftServerConfigKeys (ConfUtils.java:logGet(43)) - raft.server.log.appender.install.snapshot.enabled = false (custom)
2019-09-19 14:04:51,657 [pool-58-thread-1] INFO  impl.RaftServerImpl (ServerState.java:<init>(105)) - dcc77c7b-1d37-448d-8d57-43d254561693:group-7B8CEBFF5854 ConfigurationManager, init=-1: [dcc77c7b-1d37-448d-8d57-43d254561693:192.168.157.226:34527], old=null, confs=<EMPTY_MAP>
2019-09-19 14:04:51,657 [pool-58-thread-1] INFO  server.RaftServerConfigKeys (ConfUtils.java:logGet(43)) - raft.server.storage.dir = [/workdir/hadoop-ozone/integration-test/target/test-dir/MiniOzoneClusterImpl-3b2755de-4cfe-4b43-9e0d-73dd8eda8f75/datanode-0/data/ratis] (custom)
2019-09-19 14:04:51,657 [Thread-3951] INFO  impl.FollowerState (FollowerState.java:run(106)) - dcc77c7b-1d37-448d-8d57-43d254561693:group-7C80B854B119 changes to CANDIDATE, lastRpcTime:5019, electionTimeout:5019ms
2019-09-19 14:04:51,657 [Thread-3951] INFO  impl.RoleInfo (RoleInfo.java:shutdownFollowerState(121)) - dcc77c7b-1d37-448d-8d57-43d254561693: shutdown FollowerState
2019-09-19 14:04:51,657 [Thread-3951] INFO  impl.RaftServerImpl (RaftServerImpl.java:setRole(171)) - dcc77c7b-1d37-448d-8d57-43d254561693:group-7C80B854B119 changes role from FOLLOWER to CANDIDATE at term 0 for changeToCandidate
2019-09-19 14:04:51,657 [Thread-3951] INFO  impl.RoleInfo (RoleInfo.java:updateAndGet(143)) - dcc77c7b-1d37-448d-8d57-43d254561693: start LeaderElection
2019-09-19 14:04:51,657 [pool-58-thread-1] INFO  storage.RaftStorageDirectory (RaftStorageDirectory.java:analyzeStorage(246)) - The storage directory /workdir/hadoop-ozone/integration-test/target/test-dir/MiniOzoneClusterImpl-3b2755de-4cfe-4b43-9e0d-73dd8eda8f75/datanode-0/data/ratis/6259c4c5-9885-476f-b8b3-7b8cebff5854 does not exist. Creating ...
2019-09-19 14:04:51,706 [pool-58-thread-1] INFO  storage.RaftStorageDirectory (RaftStorageDirectory.java:tryLock(328)) - Lock on /workdir/hadoop-ozone/integration-test/target/test-dir/MiniOzoneClusterImpl-3b2755de-4cfe-4b43-9e0d-73dd8eda8f75/datanode-0/data/ratis/6259c4c5-9885-476f-b8b3-7b8cebff5854/in_use.lock acquired by nodename 30982@pr-hdds-1569-swxfz-3172132826
2019-09-19 14:04:51,706 [dcc77c7b-1d37-448d-8d57-43d254561693:group-7C80B854B119:LeaderElection501] INFO  impl.LeaderElection (LeaderElection.java:askForVotes(181)) - dcc77c7b-1d37-448d-8d57-43d254561693:group-7C80B854B119:LeaderElection501: begin an election at term 1 for -1: [dcc77c7b-1d37-448d-8d57-43d254561693:192.168.157.226:34527], old=null
2019-09-19 14:04:51,706 [dcc77c7b-1d37-448d-8d57-43d254561693-SegmentedRaftLogWorker:Storage Directory /workdir/hadoop-ozone/integration-test/target/test-dir/MiniOzoneClusterImpl-3b2755de-4cfe-4b43-9e0d-73dd8eda8f75/datanode-0/data/ratis/488978e1-4f17-4f8f-baa4-aeb2cde570b8] INFO  segmented.SegmentedRaftLogWorker (SegmentedRaftLogWorker.java:execute(569)) - dcc77c7b-1d37-448d-8d57-43d254561693-SegmentedRaftLogWorker:Storage Directory /workdir/hadoop-ozone/integration-test/target/test-dir/MiniOzoneClusterImpl-3b2755de-4cfe-4b43-9e0d-73dd8eda8f75/datanode-0/data/ratis/488978e1-4f17-4f8f-baa4-aeb2cde570b8: created new log segment /workdir/hadoop-ozone/integration-test/target/test-dir/MiniOzoneClusterImpl-3b2755de-4cfe-4b43-9e0d-73dd8eda8f75/datanode-0/data/ratis/488978e1-4f17-4f8f-baa4-aeb2cde570b8/current/log_inprogress_0
2019-09-19 14:04:51,706 [dcc77c7b-1d37-448d-8d57-43d254561693:group-7C80B854B119:LeaderElection501] INFO  impl.RoleInfo (RoleInfo.java:shutdownLeaderElection(134)) - dcc77c7b-1d37-448d-8d57-43d254561693: shutdown LeaderElection
2019-09-19 14:04:51,707 [dcc77c7b-1d37-448d-8d57-43d254561693:group-7C80B854B119:LeaderElection501] INFO  impl.RaftServerImpl (RaftServerImpl.java:setRole(171)) - dcc77c7b-1d37-448d-8d57-43d254561693:group-7C80B854B119 changes role from CANDIDATE to LEADER at term 1 for changeToLeader
2019-09-19 14:04:51,707 [dcc77c7b-1d37-448d-8d57-43d254561693:group-7C80B854B119:LeaderElection501] INFO  impl.RaftServerImpl (ServerState.java:setLeader(263)) - dcc77c7b-1d37-448d-8d57-43d254561693:group-7C80B854B119 change Leader from null to dcc77c7b-1d37-448d-8d57-43d254561693 at term 1 for becomeLeader, leader elected after 5071ms
2019-09-19 14:04:51,707 [dcc77c7b-1d37-448d-8d57-43d254561693:group-7C80B854B119:LeaderElection501] INFO  server.RaftServerConfigKeys (ConfUtils.java:logGet(43)) - raft.server.staging.catchup.gap = 1000 (default)
2019-09-19 14:04:51,707 [dcc77c7b-1d37-448d-8d57-43d254561693:group-7C80B854B119:LeaderElection501] INFO  server.RaftServerConfigKeys (ConfUtils.java:logGet(43)) - raft.server.rpc.sleep.time = 25ms (default)
2019-09-19 14:04:51,707 [dcc77c7b-1d37-448d-8d57-43d254561693:group-7C80B854B119:LeaderElection501] INFO  server.RaftServerConfigKeys (ConfUtils.java:logGet(43)) - raft.server.write.element-limit = 4096 (default)
2019-09-19 14:04:51,707 [dcc77c7b-1d37-448d-8d57-43d254561693:group-7C80B854B119:LeaderElection501] INFO  server.RaftServerConfigKeys (ConfUtils.java:logGet(43)) - raft.server.watch.timeout = 10s (default)
2019-09-19 14:04:51,707 [dcc77c7b-1d37-448d-8d57-43d254561693:group-7C80B854B119:LeaderElection501] INFO  server.RaftServerConfigKeys (ConfUtils.java:logGet(43)) - raft.server.watch.timeout.denomination = 1s (default)
2019-09-19 14:04:51,708 [dcc77c7b-1d37-448d-8d57-43d254561693:group-7C80B854B119:LeaderElection501] INFO  server.RaftServerConfigKeys (ConfUtils.java:logGet(43)) - raft.server.watch.element-limit = 65536 (default)
2019-09-19 14:04:51,708 [dcc77c7b-1d37-448d-8d57-43d254561693:group-7C80B854B119:LeaderElection501] INFO  impl.RoleInfo (RoleInfo.java:updateAndGet(143)) - dcc77c7b-1d37-448d-8d57-43d254561693: start LeaderState
2019-09-19 14:04:51,708 [dcc77c7b-1d37-448d-8d57-43d254561693:group-7C80B854B119:LeaderElection501] INFO  segmented.SegmentedRaftLogWorker (SegmentedRaftLogWorker.java:startLogSegment(380)) - dcc77c7b-1d37-448d-8d57-43d254561693-SegmentedRaftLogWorker:Storage Directory /workdir/hadoop-ozone/integration-test/target/test-dir/MiniOzoneClusterImpl-3b2755de-4cfe-4b43-9e0d-73dd8eda8f75/datanode-0/data/ratis/39de5c12-9f22-47b7-890a-7c80b854b119: Starting segment from index:0
2019-09-19 14:04:51,708 [dcc77c7b-1d37-448d-8d57-43d254561693:group-7C80B854B119:LeaderElection501] INFO  impl.RaftServerImpl (ServerState.java:setRaftConf(361)) - dcc77c7b-1d37-448d-8d57-43d254561693:group-7C80B854B119 set configuration 0: [dcc77c7b-1d37-448d-8d57-43d254561693:192.168.157.226:34527], old=null at 0
2019-09-19 14:04:51,725 [pool-58-thread-1] INFO  storage.RaftStorage (RaftStorage.java:format(72)) - Storage directory /workdir/hadoop-ozone/integration-test/target/test-dir/MiniOzoneClusterImpl-3b2755de-4cfe-4b43-9e0d-73dd8eda8f75/datanode-0/data/ratis/6259c4c5-9885-476f-b8b3-7b8cebff5854 has been successfully formatted.
2019-09-19 14:04:51,725 [pool-58-thread-1] INFO  ratis.ContainerStateMachine (ContainerStateMachine.java:loadSnapshot(226)) - group-7B8CEBFF5854: The snapshot info is null. Setting the last applied indexto:(t:0, i:~)
2019-09-19 14:04:51,725 [pool-58-thread-1] INFO  server.RaftServerConfigKeys (ConfUtils.java:logGet(43)) - raft.server.leader.election.timeout = 120s (custom)
2019-09-19 14:04:51,725 [pool-58-thread-1] INFO  server.RaftServerConfigKeys (ConfUtils.java:logGet(43)) - raft.server.log.use.memory = false (default)
2019-09-19 14:04:51,725 [pool-58-thread-1] INFO  server.RaftServerConfigKeys (ConfUtils.java:logGet(43)) - raft.server.log.purge.gap = 1000000 (custom)
2019-09-19 14:04:51,726 [pool-58-thread-1] INFO  server.RaftServerConfigKeys (ConfUtils.java:logGet(43)) - raft.server.log.appender.buffer.byte-limit = 33554432 (custom)
2019-09-19 14:04:51,726 [pool-58-thread-1] INFO  server.RaftServerConfigKeys (ConfUtils.java:logGet(43)) - raft.server.log.segment.size.max = 1048576 (custom)
2019-09-19 14:04:51,726 [pool-58-thread-1] INFO  server.RaftServerConfigKeys (ConfUtils.java:logGet(43)) - raft.server.log.segment.cache.num.max = 2 (custom)
2019-09-19 14:04:51,726 [pool-58-thread-1] INFO  segmented.SegmentedRaftLogWorker (SegmentedRaftLogWorker.java:<init>(172)) - new dcc77c7b-1d37-448d-8d57-43d254561693-SegmentedRaftLogWorker:Storage Directory /workdir/hadoop-ozone/integration-test/target/test-dir/MiniOzoneClusterImpl-3b2755de-4cfe-4b43-9e0d-73dd8eda8f75/datanode-0/data/ratis/6259c4c5-9885-476f-b8b3-7b8cebff5854 for RaftStorage:Storage Directory /workdir/hadoop-ozone/integration-test/target/test-dir/MiniOzoneClusterImpl-3b2755de-4cfe-4b43-9e0d-73dd8eda8f75/datanode-0/data/ratis/6259c4c5-9885-476f-b8b3-7b8cebff5854
2019-09-19 14:04:51,726 [pool-58-thread-1] INFO  server.RaftServerConfigKeys (ConfUtils.java:logGet(43)) - raft.server.log.queue.byte-limit = 2147483647 (custom)
2019-09-19 14:04:51,726 [pool-58-thread-1] INFO  server.RaftServerConfigKeys (ConfUtils.java:logGet(43)) - raft.server.log.queue.element-limit = 1024 (custom)
2019-09-19 14:04:51,726 [pool-58-thread-1] INFO  server.RaftServerConfigKeys (ConfUtils.java:logGet(43)) - raft.server.log.segment.size.max = 1048576 (custom)
2019-09-19 14:04:51,727 [pool-58-thread-1] INFO  server.RaftServerConfigKeys (ConfUtils.java:logGet(43)) - raft.server.log.preallocated.size = 16384 (custom)
2019-09-19 14:04:51,727 [pool-58-thread-1] INFO  server.RaftServerConfigKeys (ConfUtils.java:logGet(43)) - raft.server.log.write.buffer.size = 33554432 (custom)
2019-09-19 14:04:51,727 [pool-58-thread-1] INFO  server.RaftServerConfigKeys (ConfUtils.java:logGet(43)) - raft.server.log.force.sync.num = 128 (default)
2019-09-19 14:04:51,727 [pool-58-thread-1] INFO  server.RaftServerConfigKeys (ConfUtils.java:logGet(43)) - raft.server.log.statemachine.data.sync = true (default)
2019-09-19 14:04:51,727 [pool-58-thread-1] INFO  server.RaftServerConfigKeys (ConfUtils.java:logGet(43)) - raft.server.log.statemachine.data.sync.timeout = 10s (default)
2019-09-19 14:04:51,727 [pool-58-thread-1] INFO  server.RaftServerConfigKeys (ConfUtils.java:logGet(43)) - raft.server.log.statemachine.data.sync.timeout.retry = -1 (default)
2019-09-19 14:04:51,727 [pool-58-thread-1] INFO  server.RaftServerConfigKeys (ConfUtils.java:logGet(43)) - raft.server.log.statemachine.data.caching.enabled = true (custom)
2019-09-19 14:04:51,728 [pool-58-thread-1] INFO  segmented.SegmentedRaftLogWorker (SegmentedRaftLogWorker.java:lambda$new$0(132)) - dcc77c7b-1d37-448d-8d57-43d254561693-SegmentedRaftLogWorker:Storage Directory /workdir/hadoop-ozone/integration-test/target/test-dir/MiniOzoneClusterImpl-3b2755de-4cfe-4b43-9e0d-73dd8eda8f75/datanode-0/data/ratis/6259c4c5-9885-476f-b8b3-7b8cebff5854: flushIndex: setUnconditionally 0 -> -1
2019-09-19 14:04:51,728 [pool-58-thread-1] INFO  server.RaftServerConfigKeys (ConfUtils.java:logGet(43)) - raft.server.snapshot.auto.trigger.enabled = true (custom)
2019-09-19 14:04:51,728 [pool-58-thread-1] INFO  server.RaftServerConfigKeys (ConfUtils.java:logGet(43)) - raft.server.snapshot.auto.trigger.threshold = 1 (custom)
2019-09-19 14:04:51,728 [pool-58-thread-1] INFO  server.RaftServerConfigKeys (ConfUtils.java:logGet(43)) - raft.server.retrycache.expirytime = 600000ms (custom)
2019-09-19 14:04:51,728 [pool-58-thread-1] INFO  impl.RaftServerImpl (RaftServerImpl.java:start(180)) - dcc77c7b-1d37-448d-8d57-43d254561693: start group-7B8CEBFF5854
2019-09-19 14:04:51,728 [pool-58-thread-1] INFO  impl.RaftServerImpl (RaftServerImpl.java:setRole(171)) - dcc77c7b-1d37-448d-8d57-43d254561693:group-7B8CEBFF5854 changes role from null to FOLLOWER at term 0 for startAsFollower
2019-09-19 14:04:51,729 [pool-58-thread-1] INFO  impl.RoleInfo (RoleInfo.java:updateAndGet(143)) - dcc77c7b-1d37-448d-8d57-43d254561693: start FollowerState
2019-09-19 14:04:51,729 [pool-58-thread-1] INFO  util.JmxRegister (JmxRegister.java:tryRegister(44)) - Successfully registered JMX Bean with object name Ratis:service=RaftServer,group=group-7B8CEBFF5854,id=dcc77c7b-1d37-448d-8d57-43d254561693
2019-09-19 14:04:51,745 [Thread-3942] INFO  impl.FollowerState (FollowerState.java:run(106)) - dcc77c7b-1d37-448d-8d57-43d254561693:group-E843EA1FECF9 changes to CANDIDATE, lastRpcTime:5199, electionTimeout:5198ms
2019-09-19 14:04:51,745 [Thread-3942] INFO  impl.RoleInfo (RoleInfo.java:shutdownFollowerState(121)) - dcc77c7b-1d37-448d-8d57-43d254561693: shutdown FollowerState
2019-09-19 14:04:51,745 [Thread-3942] INFO  impl.RaftServerImpl (RaftServerImpl.java:setRole(171)) - dcc77c7b-1d37-448d-8d57-43d254561693:group-E843EA1FECF9 changes role from FOLLOWER to CANDIDATE at term 0 for changeToCandidate
2019-09-19 14:04:51,745 [Thread-3942] INFO  impl.RoleInfo (RoleInfo.java:updateAndGet(143)) - dcc77c7b-1d37-448d-8d57-43d254561693: start LeaderElection
2019-09-19 14:04:51,747 [RatisPipelineUtilsThread] INFO  pipeline.PipelineStateManager (PipelineStateManager.java:addPipeline(56)) - Created pipeline Pipeline[ Id: 6259c4c5-9885-476f-b8b3-7b8cebff5854, Nodes: dcc77c7b-1d37-448d-8d57-43d254561693{ip: 192.168.157.226, host: pr-hdds-1569-swxfz-3172132826, networkLocation: /default-rack, certSerialId: null}, Type:RATIS, Factor:ONE, State:OPEN]
2019-09-19 14:04:51,749 [grpc-default-executor-1] INFO  impl.RaftServerProxy (RaftServerProxy.java:addNew(89)) - dcc77c7b-1d37-448d-8d57-43d254561693: addNew group-973F91C20342:[dcc77c7b-1d37-448d-8d57-43d254561693:192.168.157.226:34527] returns group-973F91C20342:java.util.concurrent.CompletableFuture@6e890743[Not completed]
2019-09-19 14:04:51,750 [pool-58-thread-1] INFO  impl.RaftServerImpl (RaftServerImpl.java:<init>(93)) - dcc77c7b-1d37-448d-8d57-43d254561693: new RaftServerImpl for group-973F91C20342:[dcc77c7b-1d37-448d-8d57-43d254561693:192.168.157.226:34527] with ContainerStateMachine:uninitialized
2019-09-19 14:04:51,750 [pool-58-thread-1] INFO  server.RaftServerConfigKeys (ConfUtils.java:logGet(43)) - raft.server.rpc.timeout.min = 5s (custom)
2019-09-19 14:04:51,750 [pool-58-thread-1] INFO  server.RaftServerConfigKeys (ConfUtils.java:logGet(43)) - raft.server.rpc.timeout.max = 5200ms (custom)
2019-09-19 14:04:51,751 [pool-58-thread-1] INFO  server.RaftServerConfigKeys (ConfUtils.java:logGet(43)) - raft.server.rpcslowness.timeout = 120s (custom)
2019-09-19 14:04:51,751 [pool-58-thread-1] INFO  server.RaftServerConfigKeys (ConfUtils.java:logGet(43)) - raft.server.sleep.deviation.threshold = 300 (default)
2019-09-19 14:04:51,751 [pool-58-thread-1] INFO  server.RaftServerConfigKeys (ConfUtils.java:logGet(43)) - raft.server.log.appender.install.snapshot.enabled = false (custom)
2019-09-19 14:04:51,751 [pool-58-thread-1] INFO  impl.RaftServerImpl (ServerState.java:<init>(105)) - dcc77c7b-1d37-448d-8d57-43d254561693:group-973F91C20342 ConfigurationManager, init=-1: [dcc77c7b-1d37-448d-8d57-43d254561693:192.168.157.226:34527], old=null, confs=<EMPTY_MAP>
2019-09-19 14:04:51,751 [pool-58-thread-1] INFO  server.RaftServerConfigKeys (ConfUtils.java:logGet(43)) - raft.server.storage.dir = [/workdir/hadoop-ozone/integration-test/target/test-dir/MiniOzoneClusterImpl-3b2755de-4cfe-4b43-9e0d-73dd8eda8f75/datanode-0/data/ratis] (custom)
2019-09-19 14:04:51,752 [pool-58-thread-1] INFO  storage.RaftStorageDirectory (RaftStorageDirectory.java:analyzeStorage(246)) - The storage directory /workdir/hadoop-ozone/integration-test/target/test-dir/MiniOzoneClusterImpl-3b2755de-4cfe-4b43-9e0d-73dd8eda8f75/datanode-0/data/ratis/bc979890-6b93-4c34-92f4-973f91c20342 does not exist. Creating ...
2019-09-19 14:04:51,759 [pool-58-thread-1] INFO  storage.RaftStorageDirectory (RaftStorageDirectory.java:tryLock(328)) - Lock on /workdir/hadoop-ozone/integration-test/target/test-dir/MiniOzoneClusterImpl-3b2755de-4cfe-4b43-9e0d-73dd8eda8f75/datanode-0/data/ratis/bc979890-6b93-4c34-92f4-973f91c20342/in_use.lock acquired by nodename 30982@pr-hdds-1569-swxfz-3172132826
2019-09-19 14:04:51,759 [dcc77c7b-1d37-448d-8d57-43d254561693:group-E843EA1FECF9:LeaderElection502] INFO  impl.LeaderElection (LeaderElection.java:askForVotes(181)) - dcc77c7b-1d37-448d-8d57-43d254561693:group-E843EA1FECF9:LeaderElection502: begin an election at term 1 for -1: [dcc77c7b-1d37-448d-8d57-43d254561693:192.168.157.226:34527], old=null
2019-09-19 14:04:51,759 [dcc77c7b-1d37-448d-8d57-43d254561693:group-E843EA1FECF9:LeaderElection502] INFO  impl.RoleInfo (RoleInfo.java:shutdownLeaderElection(134)) - dcc77c7b-1d37-448d-8d57-43d254561693: shutdown LeaderElection
2019-09-19 14:04:51,760 [dcc77c7b-1d37-448d-8d57-43d254561693:group-E843EA1FECF9:LeaderElection502] INFO  impl.RaftServerImpl (RaftServerImpl.java:setRole(171)) - dcc77c7b-1d37-448d-8d57-43d254561693:group-E843EA1FECF9 changes role from CANDIDATE to LEADER at term 1 for changeToLeader
2019-09-19 14:04:51,760 [dcc77c7b-1d37-448d-8d57-43d254561693:group-E843EA1FECF9:LeaderElection502] INFO  impl.RaftServerImpl (ServerState.java:setLeader(263)) - dcc77c7b-1d37-448d-8d57-43d254561693:group-E843EA1FECF9 change Leader from null to dcc77c7b-1d37-448d-8d57-43d254561693 at term 1 for becomeLeader, leader elected after 5216ms
2019-09-19 14:04:51,760 [dcc77c7b-1d37-448d-8d57-43d254561693-SegmentedRaftLogWorker:Storage Directory /workdir/hadoop-ozone/integration-test/target/test-dir/MiniOzoneClusterImpl-3b2755de-4cfe-4b43-9e0d-73dd8eda8f75/datanode-0/data/ratis/39de5c12-9f22-47b7-890a-7c80b854b119] INFO  segmented.SegmentedRaftLogWorker (SegmentedRaftLogWorker.java:execute(569)) - dcc77c7b-1d37-448d-8d57-43d254561693-SegmentedRaftLogWorker:Storage Directory /workdir/hadoop-ozone/integration-test/target/test-dir/MiniOzoneClusterImpl-3b2755de-4cfe-4b43-9e0d-73dd8eda8f75/datanode-0/data/ratis/39de5c12-9f22-47b7-890a-7c80b854b119: created new log segment /workdir/hadoop-ozone/integration-test/target/test-dir/MiniOzoneClusterImpl-3b2755de-4cfe-4b43-9e0d-73dd8eda8f75/datanode-0/data/ratis/39de5c12-9f22-47b7-890a-7c80b854b119/current/log_inprogress_0
2019-09-19 14:04:51,760 [dcc77c7b-1d37-448d-8d57-43d254561693:group-E843EA1FECF9:LeaderElection502] INFO  server.RaftServerConfigKeys (ConfUtils.java:logGet(43)) - raft.server.staging.catchup.gap = 1000 (default)
2019-09-19 14:04:51,760 [dcc77c7b-1d37-448d-8d57-43d254561693:group-E843EA1FECF9:LeaderElection502] INFO  server.RaftServerConfigKeys (ConfUtils.java:logGet(43)) - raft.server.rpc.sleep.time = 25ms (default)
2019-09-19 14:04:51,760 [dcc77c7b-1d37-448d-8d57-43d254561693:group-E843EA1FECF9:LeaderElection502] INFO  server.RaftServerConfigKeys (ConfUtils.java:logGet(43)) - raft.server.write.element-limit = 4096 (default)
2019-09-19 14:04:51,760 [dcc77c7b-1d37-448d-8d57-43d254561693:group-E843EA1FECF9:LeaderElection502] INFO  server.RaftServerConfigKeys (ConfUtils.java:logGet(43)) - raft.server.watch.timeout = 10s (default)
2019-09-19 14:04:51,760 [dcc77c7b-1d37-448d-8d57-43d254561693:group-E843EA1FECF9:LeaderElection502] INFO  server.RaftServerConfigKeys (ConfUtils.java:logGet(43)) - raft.server.watch.timeout.denomination = 1s (default)
2019-09-19 14:04:51,761 [dcc77c7b-1d37-448d-8d57-43d254561693:group-E843EA1FECF9:LeaderElection502] INFO  server.RaftServerConfigKeys (ConfUtils.java:logGet(43)) - raft.server.watch.element-limit = 65536 (default)
2019-09-19 14:04:51,761 [dcc77c7b-1d37-448d-8d57-43d254561693:group-E843EA1FECF9:LeaderElection502] INFO  impl.RoleInfo (RoleInfo.java:updateAndGet(143)) - dcc77c7b-1d37-448d-8d57-43d254561693: start LeaderState
2019-09-19 14:04:51,761 [dcc77c7b-1d37-448d-8d57-43d254561693:group-E843EA1FECF9:LeaderElection502] INFO  segmented.SegmentedRaftLogWorker (SegmentedRaftLogWorker.java:startLogSegment(380)) - dcc77c7b-1d37-448d-8d57-43d254561693-SegmentedRaftLogWorker:Storage Directory /workdir/hadoop-ozone/integration-test/target/test-dir/MiniOzoneClusterImpl-3b2755de-4cfe-4b43-9e0d-73dd8eda8f75/datanode-0/data/ratis/757b9ad5-3e87-47dd-b6dd-e843ea1fecf9: Starting segment from index:0
2019-09-19 14:04:51,761 [dcc77c7b-1d37-448d-8d57-43d254561693:group-E843EA1FECF9:LeaderElection502] INFO  impl.RaftServerImpl (ServerState.java:setRaftConf(361)) - dcc77c7b-1d37-448d-8d57-43d254561693:group-E843EA1FECF9 set configuration 0: [dcc77c7b-1d37-448d-8d57-43d254561693:192.168.157.226:34527], old=null at 0
2019-09-19 14:04:51,767 [Thread-3948] INFO  impl.FollowerState (FollowerState.java:run(106)) - dcc77c7b-1d37-448d-8d57-43d254561693:group-33CFAD262BE0 changes to CANDIDATE, lastRpcTime:5153, electionTimeout:5153ms
2019-09-19 14:04:51,767 [Thread-3948] INFO  impl.RoleInfo (RoleInfo.java:shutdownFollowerState(121)) - dcc77c7b-1d37-448d-8d57-43d254561693: shutdown FollowerState
2019-09-19 14:04:51,767 [Thread-3948] INFO  impl.RaftServerImpl (RaftServerImpl.java:setRole(171)) - dcc77c7b-1d37-448d-8d57-43d254561693:group-33CFAD262BE0 changes role from FOLLOWER to CANDIDATE at term 0 for changeToCandidate
2019-09-19 14:04:51,767 [Thread-3948] INFO  impl.RoleInfo (RoleInfo.java:updateAndGet(143)) - dcc77c7b-1d37-448d-8d57-43d254561693: start LeaderElection
2019-09-19 14:04:51,773 [pool-58-thread-1] INFO  storage.RaftStorage (RaftStorage.java:format(72)) - Storage directory /workdir/hadoop-ozone/integration-test/target/test-dir/MiniOzoneClusterImpl-3b2755de-4cfe-4b43-9e0d-73dd8eda8f75/datanode-0/data/ratis/bc979890-6b93-4c34-92f4-973f91c20342 has been successfully formatted.
2019-09-19 14:04:51,773 [dcc77c7b-1d37-448d-8d57-43d254561693:group-33CFAD262BE0:LeaderElection503] INFO  impl.LeaderElection (LeaderElection.java:askForVotes(181)) - dcc77c7b-1d37-448d-8d57-43d254561693:group-33CFAD262BE0:LeaderElection503: begin an election at term 1 for -1: [dcc77c7b-1d37-448d-8d57-43d254561693:192.168.157.226:34527], old=null
2019-09-19 14:04:51,773 [pool-58-thread-1] INFO  ratis.ContainerStateMachine (ContainerStateMachine.java:loadSnapshot(226)) - group-973F91C20342: The snapshot info is null. Setting the last applied indexto:(t:0, i:~)
2019-09-19 14:04:51,773 [dcc77c7b-1d37-448d-8d57-43d254561693:group-33CFAD262BE0:LeaderElection503] INFO  impl.RoleInfo (RoleInfo.java:shutdownLeaderElection(134)) - dcc77c7b-1d37-448d-8d57-43d254561693: shutdown LeaderElection
2019-09-19 14:04:51,773 [pool-58-thread-1] INFO  server.RaftServerConfigKeys (ConfUtils.java:logGet(43)) - raft.server.leader.election.timeout = 120s (custom)
2019-09-19 14:04:51,773 [dcc77c7b-1d37-448d-8d57-43d254561693:group-33CFAD262BE0:LeaderElection503] INFO  impl.RaftServerImpl (RaftServerImpl.java:setRole(171)) - dcc77c7b-1d37-448d-8d57-43d254561693:group-33CFAD262BE0 changes role from CANDIDATE to LEADER at term 1 for changeToLeader
2019-09-19 14:04:51,773 [pool-58-thread-1] INFO  server.RaftServerConfigKeys (ConfUtils.java:logGet(43)) - raft.server.log.use.memory = false (default)
2019-09-19 14:04:51,773 [dcc77c7b-1d37-448d-8d57-43d254561693:group-33CFAD262BE0:LeaderElection503] INFO  impl.RaftServerImpl (ServerState.java:setLeader(263)) - dcc77c7b-1d37-448d-8d57-43d254561693:group-33CFAD262BE0 change Leader from null to dcc77c7b-1d37-448d-8d57-43d254561693 at term 1 for becomeLeader, leader elected after 5162ms
2019-09-19 14:04:51,773 [pool-58-thread-1] INFO  server.RaftServerConfigKeys (ConfUtils.java:logGet(43)) - raft.server.log.purge.gap = 1000000 (custom)
2019-09-19 14:04:51,773 [dcc77c7b-1d37-448d-8d57-43d254561693:group-33CFAD262BE0:LeaderElection503] INFO  server.RaftServerConfigKeys (ConfUtils.java:logGet(43)) - raft.server.staging.catchup.gap = 1000 (default)
2019-09-19 14:04:51,774 [pool-58-thread-1] INFO  server.RaftServerConfigKeys (ConfUtils.java:logGet(43)) - raft.server.log.appender.buffer.byte-limit = 33554432 (custom)
2019-09-19 14:04:51,774 [dcc77c7b-1d37-448d-8d57-43d254561693:group-33CFAD262BE0:LeaderElection503] INFO  server.RaftServerConfigKeys (ConfUtils.java:logGet(43)) - raft.server.rpc.sleep.time = 25ms (default)
2019-09-19 14:04:51,774 [pool-58-thread-1] INFO  server.RaftServerConfigKeys (ConfUtils.java:logGet(43)) - raft.server.log.segment.size.max = 1048576 (custom)
2019-09-19 14:04:51,774 [dcc77c7b-1d37-448d-8d57-43d254561693:group-33CFAD262BE0:LeaderElection503] INFO  server.RaftServerConfigKeys (ConfUtils.java:logGet(43)) - raft.server.write.element-limit = 4096 (default)
2019-09-19 14:04:51,774 [pool-58-thread-1] INFO  server.RaftServerConfigKeys (ConfUtils.java:logGet(43)) - raft.server.log.segment.cache.num.max = 2 (custom)
2019-09-19 14:04:51,774 [dcc77c7b-1d37-448d-8d57-43d254561693:group-33CFAD262BE0:LeaderElection503] INFO  server.RaftServerConfigKeys (ConfUtils.java:logGet(43)) - raft.server.watch.timeout = 10s (default)
2019-09-19 14:04:51,774 [pool-58-thread-1] INFO  segmented.SegmentedRaftLogWorker (SegmentedRaftLogWorker.java:<init>(172)) - new dcc77c7b-1d37-448d-8d57-43d254561693-SegmentedRaftLogWorker:Storage Directory /workdir/hadoop-ozone/integration-test/target/test-dir/MiniOzoneClusterImpl-3b2755de-4cfe-4b43-9e0d-73dd8eda8f75/datanode-0/data/ratis/bc979890-6b93-4c34-92f4-973f91c20342 for RaftStorage:Storage Directory /workdir/hadoop-ozone/integration-test/target/test-dir/MiniOzoneClusterImpl-3b2755de-4cfe-4b43-9e0d-73dd8eda8f75/datanode-0/data/ratis/bc979890-6b93-4c34-92f4-973f91c20342
2019-09-19 14:04:51,774 [dcc77c7b-1d37-448d-8d57-43d254561693:group-33CFAD262BE0:LeaderElection503] INFO  server.RaftServerConfigKeys (ConfUtils.java:logGet(43)) - raft.server.watch.timeout.denomination = 1s (default)
2019-09-19 14:04:51,774 [pool-58-thread-1] INFO  server.RaftServerConfigKeys (ConfUtils.java:logGet(43)) - raft.server.log.queue.byte-limit = 2147483647 (custom)
2019-09-19 14:04:51,775 [dcc77c7b-1d37-448d-8d57-43d254561693:group-33CFAD262BE0:LeaderElection503] INFO  server.RaftServerConfigKeys (ConfUtils.java:logGet(43)) - raft.server.watch.element-limit = 65536 (default)
2019-09-19 14:04:51,775 [pool-58-thread-1] INFO  server.RaftServerConfigKeys (ConfUtils.java:logGet(43)) - raft.server.log.queue.element-limit = 1024 (custom)
2019-09-19 14:04:51,775 [dcc77c7b-1d37-448d-8d57-43d254561693:group-33CFAD262BE0:LeaderElection503] INFO  impl.RoleInfo (RoleInfo.java:updateAndGet(143)) - dcc77c7b-1d37-448d-8d57-43d254561693: start LeaderState
2019-09-19 14:04:51,775 [pool-58-thread-1] INFO  server.RaftServerConfigKeys (ConfUtils.java:logGet(43)) - raft.server.log.segment.size.max = 1048576 (custom)
2019-09-19 14:04:51,775 [pool-58-thread-1] INFO  server.RaftServerConfigKeys (ConfUtils.java:logGet(43)) - raft.server.log.preallocated.size = 16384 (custom)
2019-09-19 14:04:51,775 [dcc77c7b-1d37-448d-8d57-43d254561693:group-33CFAD262BE0:LeaderElection503] INFO  segmented.SegmentedRaftLogWorker (SegmentedRaftLogWorker.java:startLogSegment(380)) - dcc77c7b-1d37-448d-8d57-43d254561693-SegmentedRaftLogWorker:Storage Directory /workdir/hadoop-ozone/integration-test/target/test-dir/MiniOzoneClusterImpl-3b2755de-4cfe-4b43-9e0d-73dd8eda8f75/datanode-0/data/ratis/7a389dab-fd01-4479-bfa3-33cfad262be0: Starting segment from index:0
2019-09-19 14:04:51,775 [pool-58-thread-1] INFO  server.RaftServerConfigKeys (ConfUtils.java:logGet(43)) - raft.server.log.write.buffer.size = 33554432 (custom)
2019-09-19 14:04:51,776 [pool-58-thread-1] INFO  server.RaftServerConfigKeys (ConfUtils.java:logGet(43)) - raft.server.log.force.sync.num = 128 (default)
2019-09-19 14:04:51,776 [dcc77c7b-1d37-448d-8d57-43d254561693:group-33CFAD262BE0:LeaderElection503] INFO  impl.RaftServerImpl (ServerState.java:setRaftConf(361)) - dcc77c7b-1d37-448d-8d57-43d254561693:group-33CFAD262BE0 set configuration 0: [dcc77c7b-1d37-448d-8d57-43d254561693:192.168.157.226:34527], old=null at 0
2019-09-19 14:04:51,776 [pool-58-thread-1] INFO  server.RaftServerConfigKeys (ConfUtils.java:logGet(43)) - raft.server.log.statemachine.data.sync = true (default)
2019-09-19 14:04:51,776 [pool-58-thread-1] INFO  server.RaftServerConfigKeys (ConfUtils.java:logGet(43)) - raft.server.log.statemachine.data.sync.timeout = 10s (default)
2019-09-19 14:04:51,776 [pool-58-thread-1] INFO  server.RaftServerConfigKeys (ConfUtils.java:logGet(43)) - raft.server.log.statemachine.data.sync.timeout.retry = -1 (default)
2019-09-19 14:04:51,776 [pool-58-thread-1] INFO  server.RaftServerConfigKeys (ConfUtils.java:logGet(43)) - raft.server.log.statemachine.data.caching.enabled = true (custom)
2019-09-19 14:04:51,776 [pool-58-thread-1] INFO  segmented.SegmentedRaftLogWorker (SegmentedRaftLogWorker.java:lambda$new$0(132)) - dcc77c7b-1d37-448d-8d57-43d254561693-SegmentedRaftLogWorker:Storage Directory /workdir/hadoop-ozone/integration-test/target/test-dir/MiniOzoneClusterImpl-3b2755de-4cfe-4b43-9e0d-73dd8eda8f75/datanode-0/data/ratis/bc979890-6b93-4c34-92f4-973f91c20342: flushIndex: setUnconditionally 0 -> -1
2019-09-19 14:04:51,777 [pool-58-thread-1] INFO  server.RaftServerConfigKeys (ConfUtils.java:logGet(43)) - raft.server.snapshot.auto.trigger.enabled = true (custom)
2019-09-19 14:04:51,777 [pool-58-thread-1] INFO  server.RaftServerConfigKeys (ConfUtils.java:logGet(43)) - raft.server.snapshot.auto.trigger.threshold = 1 (custom)
2019-09-19 14:04:51,777 [pool-58-thread-1] INFO  server.RaftServerConfigKeys (ConfUtils.java:logGet(43)) - raft.server.retrycache.expirytime = 600000ms (custom)
2019-09-19 14:04:51,777 [pool-58-thread-1] INFO  impl.RaftServerImpl (RaftServerImpl.java:start(180)) - dcc77c7b-1d37-448d-8d57-43d254561693: start group-973F91C20342
2019-09-19 14:04:51,777 [pool-58-thread-1] INFO  impl.RaftServerImpl (RaftServerImpl.java:setRole(171)) - dcc77c7b-1d37-448d-8d57-43d254561693:group-973F91C20342 changes role from null to FOLLOWER at term 0 for startAsFollower
2019-09-19 14:04:51,777 [pool-58-thread-1] INFO  impl.RoleInfo (RoleInfo.java:updateAndGet(143)) - dcc77c7b-1d37-448d-8d57-43d254561693: start FollowerState
2019-09-19 14:04:51,778 [pool-58-thread-1] INFO  util.JmxRegister (JmxRegister.java:tryRegister(44)) - Successfully registered JMX Bean with object name Ratis:service=RaftServer,group=group-973F91C20342,id=dcc77c7b-1d37-448d-8d57-43d254561693
2019-09-19 14:04:51,779 [RatisPipelineUtilsThread] INFO  pipeline.PipelineStateManager (PipelineStateManager.java:addPipeline(56)) - Created pipeline Pipeline[ Id: bc979890-6b93-4c34-92f4-973f91c20342, Nodes: dcc77c7b-1d37-448d-8d57-43d254561693{ip: 192.168.157.226, host: pr-hdds-1569-swxfz-3172132826, networkLocation: /default-rack, certSerialId: null}, Type:RATIS, Factor:ONE, State:OPEN]
2019-09-19 14:04:51,782 [grpc-default-executor-1] INFO  impl.RaftServerProxy (RaftServerProxy.java:addNew(89)) - dcc77c7b-1d37-448d-8d57-43d254561693: addNew group-B3B29087AAA0:[dcc77c7b-1d37-448d-8d57-43d254561693:192.168.157.226:34527] returns group-B3B29087AAA0:java.util.concurrent.CompletableFuture@4df80443[Not completed]
2019-09-19 14:04:51,782 [pool-58-thread-1] INFO  impl.RaftServerImpl (RaftServerImpl.java:<init>(93)) - dcc77c7b-1d37-448d-8d57-43d254561693: new RaftServerImpl for group-B3B29087AAA0:[dcc77c7b-1d37-448d-8d57-43d254561693:192.168.157.226:34527] with ContainerStateMachine:uninitialized
2019-09-19 14:04:51,783 [pool-58-thread-1] INFO  server.RaftServerConfigKeys (ConfUtils.java:logGet(43)) - raft.server.rpc.timeout.min = 5s (custom)
2019-09-19 14:04:51,783 [pool-58-thread-1] INFO  server.RaftServerConfigKeys (ConfUtils.java:logGet(43)) - raft.server.rpc.timeout.max = 5200ms (custom)
2019-09-19 14:04:51,783 [pool-58-thread-1] INFO  server.RaftServerConfigKeys (ConfUtils.java:logGet(43)) - raft.server.rpcslowness.timeout = 120s (custom)
2019-09-19 14:04:51,783 [pool-58-thread-1] INFO  server.RaftServerConfigKeys (ConfUtils.java:logGet(43)) - raft.server.sleep.deviation.threshold = 300 (default)
2019-09-19 14:04:51,783 [pool-58-thread-1] INFO  server.RaftServerConfigKeys (ConfUtils.java:logGet(43)) - raft.server.log.appender.install.snapshot.enabled = false (custom)
2019-09-19 14:04:51,783 [pool-58-thread-1] INFO  impl.RaftServerImpl (ServerState.java:<init>(105)) - dcc77c7b-1d37-448d-8d57-43d254561693:group-B3B29087AAA0 ConfigurationManager, init=-1: [dcc77c7b-1d37-448d-8d57-43d254561693:192.168.157.226:34527], old=null, confs=<EMPTY_MAP>
2019-09-19 14:04:51,783 [pool-58-thread-1] INFO  server.RaftServerConfigKeys (ConfUtils.java:logGet(43)) - raft.server.storage.dir = [/workdir/hadoop-ozone/integration-test/target/test-dir/MiniOzoneClusterImpl-3b2755de-4cfe-4b43-9e0d-73dd8eda8f75/datanode-0/data/ratis] (custom)
2019-09-19 14:04:51,784 [pool-58-thread-1] INFO  storage.RaftStorageDirectory (RaftStorageDirectory.java:analyzeStorage(246)) - The storage directory /workdir/hadoop-ozone/integration-test/target/test-dir/MiniOzoneClusterImpl-3b2755de-4cfe-4b43-9e0d-73dd8eda8f75/datanode-0/data/ratis/056fd711-72ef-4867-a25d-b3b29087aaa0 does not exist. Creating ...
2019-09-19 14:04:51,791 | INFO  | SCMAudit | user=jenkins1000 | ip=192.168.157.226 | op=SEND_HEARTBEAT {datanodeUUID=dcc77c7b-1d37-448d-8d57-43d254561693, command=[]} | ret=SUCCESS |  
2019-09-19 14:04:51,797 [pool-58-thread-1] INFO  storage.RaftStorageDirectory (RaftStorageDirectory.java:tryLock(328)) - Lock on /workdir/hadoop-ozone/integration-test/target/test-dir/MiniOzoneClusterImpl-3b2755de-4cfe-4b43-9e0d-73dd8eda8f75/datanode-0/data/ratis/056fd711-72ef-4867-a25d-b3b29087aaa0/in_use.lock acquired by nodename 30982@pr-hdds-1569-swxfz-3172132826
2019-09-19 14:04:51,797 [dcc77c7b-1d37-448d-8d57-43d254561693-SegmentedRaftLogWorker:Storage Directory /workdir/hadoop-ozone/integration-test/target/test-dir/MiniOzoneClusterImpl-3b2755de-4cfe-4b43-9e0d-73dd8eda8f75/datanode-0/data/ratis/757b9ad5-3e87-47dd-b6dd-e843ea1fecf9] INFO  segmented.SegmentedRaftLogWorker (SegmentedRaftLogWorker.java:execute(569)) - dcc77c7b-1d37-448d-8d57-43d254561693-SegmentedRaftLogWorker:Storage Directory /workdir/hadoop-ozone/integration-test/target/test-dir/MiniOzoneClusterImpl-3b2755de-4cfe-4b43-9e0d-73dd8eda8f75/datanode-0/data/ratis/757b9ad5-3e87-47dd-b6dd-e843ea1fecf9: created new log segment /workdir/hadoop-ozone/integration-test/target/test-dir/MiniOzoneClusterImpl-3b2755de-4cfe-4b43-9e0d-73dd8eda8f75/datanode-0/data/ratis/757b9ad5-3e87-47dd-b6dd-e843ea1fecf9/current/log_inprogress_0
2019-09-19 14:04:51,804 [Thread-3960] INFO  impl.FollowerState (FollowerState.java:run(106)) - dcc77c7b-1d37-448d-8d57-43d254561693:group-2661DCDAE9D0 changes to CANDIDATE, lastRpcTime:5067, electionTimeout:5067ms
2019-09-19 14:04:51,805 [Thread-3960] INFO  impl.RoleInfo (RoleInfo.java:shutdownFollowerState(121)) - dcc77c7b-1d37-448d-8d57-43d254561693: shutdown FollowerState
2019-09-19 14:04:51,805 [Thread-3960] INFO  impl.RaftServerImpl (RaftServerImpl.java:setRole(171)) - dcc77c7b-1d37-448d-8d57-43d254561693:group-2661DCDAE9D0 changes role from FOLLOWER to CANDIDATE at term 0 for changeToCandidate
2019-09-19 14:04:51,805 [Thread-3960] INFO  impl.RoleInfo (RoleInfo.java:updateAndGet(143)) - dcc77c7b-1d37-448d-8d57-43d254561693: start LeaderElection
2019-09-19 14:04:51,810 [pool-58-thread-1] INFO  storage.RaftStorage (RaftStorage.java:format(72)) - Storage directory /workdir/hadoop-ozone/integration-test/target/test-dir/MiniOzoneClusterImpl-3b2755de-4cfe-4b43-9e0d-73dd8eda8f75/datanode-0/data/ratis/056fd711-72ef-4867-a25d-b3b29087aaa0 has been successfully formatted.
2019-09-19 14:04:51,811 [dcc77c7b-1d37-448d-8d57-43d254561693:group-2661DCDAE9D0:LeaderElection504] INFO  impl.LeaderElection (LeaderElection.java:askForVotes(181)) - dcc77c7b-1d37-448d-8d57-43d254561693:group-2661DCDAE9D0:LeaderElection504: begin an election at term 1 for -1: [dcc77c7b-1d37-448d-8d57-43d254561693:192.168.157.226:34527], old=null
2019-09-19 14:04:51,811 [pool-58-thread-1] INFO  ratis.ContainerStateMachine (ContainerStateMachine.java:loadSnapshot(226)) - group-B3B29087AAA0: The snapshot info is null. Setting the last applied indexto:(t:0, i:~)
2019-09-19 14:04:51,811 [dcc77c7b-1d37-448d-8d57-43d254561693:group-2661DCDAE9D0:LeaderElection504] INFO  impl.RoleInfo (RoleInfo.java:shutdownLeaderElection(134)) - dcc77c7b-1d37-448d-8d57-43d254561693: shutdown LeaderElection
2019-09-19 14:04:51,811 [pool-58-thread-1] INFO  server.RaftServerConfigKeys (ConfUtils.java:logGet(43)) - raft.server.leader.election.timeout = 120s (custom)
2019-09-19 14:04:51,811 [dcc77c7b-1d37-448d-8d57-43d254561693:group-2661DCDAE9D0:LeaderElection504] INFO  impl.RaftServerImpl (RaftServerImpl.java:setRole(171)) - dcc77c7b-1d37-448d-8d57-43d254561693:group-2661DCDAE9D0 changes role from CANDIDATE to LEADER at term 1 for changeToLeader
2019-09-19 14:04:51,811 [pool-58-thread-1] INFO  server.RaftServerConfigKeys (ConfUtils.java:logGet(43)) - raft.server.log.use.memory = false (default)
2019-09-19 14:04:51,811 [dcc77c7b-1d37-448d-8d57-43d254561693:group-2661DCDAE9D0:LeaderElection504] INFO  impl.RaftServerImpl (ServerState.java:setLeader(263)) - dcc77c7b-1d37-448d-8d57-43d254561693:group-2661DCDAE9D0 change Leader from null to dcc77c7b-1d37-448d-8d57-43d254561693 at term 1 for becomeLeader, leader elected after 5076ms
2019-09-19 14:04:51,811 [pool-58-thread-1] INFO  server.RaftServerConfigKeys (ConfUtils.java:logGet(43)) - raft.server.log.purge.gap = 1000000 (custom)
2019-09-19 14:04:51,811 [dcc77c7b-1d37-448d-8d57-43d254561693:group-2661DCDAE9D0:LeaderElection504] INFO  server.RaftServerConfigKeys (ConfUtils.java:logGet(43)) - raft.server.staging.catchup.gap = 1000 (default)
2019-09-19 14:04:51,811 [pool-58-thread-1] INFO  server.RaftServerConfigKeys (ConfUtils.java:logGet(43)) - raft.server.log.appender.buffer.byte-limit = 33554432 (custom)
2019-09-19 14:04:51,812 [dcc77c7b-1d37-448d-8d57-43d254561693:group-2661DCDAE9D0:LeaderElection504] INFO  server.RaftServerConfigKeys (ConfUtils.java:logGet(43)) - raft.server.rpc.sleep.time = 25ms (default)
2019-09-19 14:04:51,812 [pool-58-thread-1] INFO  server.RaftServerConfigKeys (ConfUtils.java:logGet(43)) - raft.server.log.segment.size.max = 1048576 (custom)
2019-09-19 14:04:51,812 [dcc77c7b-1d37-448d-8d57-43d254561693:group-2661DCDAE9D0:LeaderElection504] INFO  server.RaftServerConfigKeys (ConfUtils.java:logGet(43)) - raft.server.write.element-limit = 4096 (default)
2019-09-19 14:04:51,812 [pool-58-thread-1] INFO  server.RaftServerConfigKeys (ConfUtils.java:logGet(43)) - raft.server.log.segment.cache.num.max = 2 (custom)
2019-09-19 14:04:51,812 [dcc77c7b-1d37-448d-8d57-43d254561693:group-2661DCDAE9D0:LeaderElection504] INFO  server.RaftServerConfigKeys (ConfUtils.java:logGet(43)) - raft.server.watch.timeout = 10s (default)
2019-09-19 14:04:51,812 [pool-58-thread-1] INFO  segmented.SegmentedRaftLogWorker (SegmentedRaftLogWorker.java:<init>(172)) - new dcc77c7b-1d37-448d-8d57-43d254561693-SegmentedRaftLogWorker:Storage Directory /workdir/hadoop-ozone/integration-test/target/test-dir/MiniOzoneClusterImpl-3b2755de-4cfe-4b43-9e0d-73dd8eda8f75/datanode-0/data/ratis/056fd711-72ef-4867-a25d-b3b29087aaa0 for RaftStorage:Storage Directory /workdir/hadoop-ozone/integration-test/target/test-dir/MiniOzoneClusterImpl-3b2755de-4cfe-4b43-9e0d-73dd8eda8f75/datanode-0/data/ratis/056fd711-72ef-4867-a25d-b3b29087aaa0
2019-09-19 14:04:51,812 [dcc77c7b-1d37-448d-8d57-43d254561693:group-2661DCDAE9D0:LeaderElection504] INFO  server.RaftServerConfigKeys (ConfUtils.java:logGet(43)) - raft.server.watch.timeout.denomination = 1s (default)
2019-09-19 14:04:51,812 [pool-58-thread-1] INFO  server.RaftServerConfigKeys (ConfUtils.java:logGet(43)) - raft.server.log.queue.byte-limit = 2147483647 (custom)
2019-09-19 14:04:51,812 [dcc77c7b-1d37-448d-8d57-43d254561693:group-2661DCDAE9D0:LeaderElection504] INFO  server.RaftServerConfigKeys (ConfUtils.java:logGet(43)) - raft.server.watch.element-limit = 65536 (default)
2019-09-19 14:04:51,813 [pool-58-thread-1] INFO  server.RaftServerConfigKeys (ConfUtils.java:logGet(43)) - raft.server.log.queue.element-limit = 1024 (custom)
2019-09-19 14:04:51,813 [dcc77c7b-1d37-448d-8d57-43d254561693:group-2661DCDAE9D0:LeaderElection504] INFO  impl.RoleInfo (RoleInfo.java:updateAndGet(143)) - dcc77c7b-1d37-448d-8d57-43d254561693: start LeaderState
2019-09-19 14:04:51,813 [pool-58-thread-1] INFO  server.RaftServerConfigKeys (ConfUtils.java:logGet(43)) - raft.server.log.segment.size.max = 1048576 (custom)
2019-09-19 14:04:51,813 [pool-58-thread-1] INFO  server.RaftServerConfigKeys (ConfUtils.java:logGet(43)) - raft.server.log.preallocated.size = 16384 (custom)
2019-09-19 14:04:51,813 [dcc77c7b-1d37-448d-8d57-43d254561693:group-2661DCDAE9D0:LeaderElection504] INFO  segmented.SegmentedRaftLogWorker (SegmentedRaftLogWorker.java:startLogSegment(380)) - dcc77c7b-1d37-448d-8d57-43d254561693-SegmentedRaftLogWorker:Storage Directory /workdir/hadoop-ozone/integration-test/target/test-dir/MiniOzoneClusterImpl-3b2755de-4cfe-4b43-9e0d-73dd8eda8f75/datanode-0/data/ratis/70e6e63b-fefa-4b33-a842-2661dcdae9d0: Starting segment from index:0
2019-09-19 14:04:51,813 [pool-58-thread-1] INFO  server.RaftServerConfigKeys (ConfUtils.java:logGet(43)) - raft.server.log.write.buffer.size = 33554432 (custom)
2019-09-19 14:04:51,813 [pool-58-thread-1] INFO  server.RaftServerConfigKeys (ConfUtils.java:logGet(43)) - raft.server.log.force.sync.num = 128 (default)
2019-09-19 14:04:51,813 [pool-58-thread-1] INFO  server.RaftServerConfigKeys (ConfUtils.java:logGet(43)) - raft.server.log.statemachine.data.sync = true (default)
2019-09-19 14:04:51,813 [dcc77c7b-1d37-448d-8d57-43d254561693:group-2661DCDAE9D0:LeaderElection504] INFO  impl.RaftServerImpl (ServerState.java:setRaftConf(361)) - dcc77c7b-1d37-448d-8d57-43d254561693:group-2661DCDAE9D0 set configuration 0: [dcc77c7b-1d37-448d-8d57-43d254561693:192.168.157.226:34527], old=null at 0
2019-09-19 14:04:51,814 [pool-58-thread-1] INFO  server.RaftServerConfigKeys (ConfUtils.java:logGet(43)) - raft.server.log.statemachine.data.sync.timeout = 10s (default)
2019-09-19 14:04:51,814 [pool-58-thread-1] INFO  server.RaftServerConfigKeys (ConfUtils.java:logGet(43)) - raft.server.log.statemachine.data.sync.timeout.retry = -1 (default)
2019-09-19 14:04:51,814 [pool-58-thread-1] INFO  server.RaftServerConfigKeys (ConfUtils.java:logGet(43)) - raft.server.log.statemachine.data.caching.enabled = true (custom)
2019-09-19 14:04:51,814 [pool-58-thread-1] INFO  segmented.SegmentedRaftLogWorker (SegmentedRaftLogWorker.java:lambda$new$0(132)) - dcc77c7b-1d37-448d-8d57-43d254561693-SegmentedRaftLogWorker:Storage Directory /workdir/hadoop-ozone/integration-test/target/test-dir/MiniOzoneClusterImpl-3b2755de-4cfe-4b43-9e0d-73dd8eda8f75/datanode-0/data/ratis/056fd711-72ef-4867-a25d-b3b29087aaa0: flushIndex: setUnconditionally 0 -> -1
2019-09-19 14:04:51,814 [pool-58-thread-1] INFO  server.RaftServerConfigKeys (ConfUtils.java:logGet(43)) - raft.server.snapshot.auto.trigger.enabled = true (custom)
2019-09-19 14:04:51,814 [pool-58-thread-1] INFO  server.RaftServerConfigKeys (ConfUtils.java:logGet(43)) - raft.server.snapshot.auto.trigger.threshold = 1 (custom)
2019-09-19 14:04:51,815 [pool-58-thread-1] INFO  server.RaftServerConfigKeys (ConfUtils.java:logGet(43)) - raft.server.retrycache.expirytime = 600000ms (custom)
2019-09-19 14:04:51,815 [pool-58-thread-1] INFO  impl.RaftServerImpl (RaftServerImpl.java:start(180)) - dcc77c7b-1d37-448d-8d57-43d254561693: start group-B3B29087AAA0
2019-09-19 14:04:51,815 [pool-58-thread-1] INFO  impl.RaftServerImpl (RaftServerImpl.java:setRole(171)) - dcc77c7b-1d37-448d-8d57-43d254561693:group-B3B29087AAA0 changes role from null to FOLLOWER at term 0 for startAsFollower
2019-09-19 14:04:51,815 [pool-58-thread-1] INFO  impl.RoleInfo (RoleInfo.java:updateAndGet(143)) - dcc77c7b-1d37-448d-8d57-43d254561693: start FollowerState
2019-09-19 14:04:51,815 [pool-58-thread-1] INFO  util.JmxRegister (JmxRegister.java:tryRegister(44)) - Successfully registered JMX Bean with object name Ratis:service=RaftServer,group=group-B3B29087AAA0,id=dcc77c7b-1d37-448d-8d57-43d254561693
2019-09-19 14:04:51,816 [RatisPipelineUtilsThread] INFO  pipeline.PipelineStateManager (PipelineStateManager.java:addPipeline(56)) - Created pipeline Pipeline[ Id: 056fd711-72ef-4867-a25d-b3b29087aaa0, Nodes: dcc77c7b-1d37-448d-8d57-43d254561693{ip: 192.168.157.226, host: pr-hdds-1569-swxfz-3172132826, networkLocation: /default-rack, certSerialId: null}, Type:RATIS, Factor:ONE, State:OPEN]
2019-09-19 14:04:51,819 [grpc-default-executor-1] INFO  impl.RaftServerProxy (RaftServerProxy.java:addNew(89)) - dcc77c7b-1d37-448d-8d57-43d254561693: addNew group-9054243D6A0E:[dcc77c7b-1d37-448d-8d57-43d254561693:192.168.157.226:34527] returns group-9054243D6A0E:java.util.concurrent.CompletableFuture@2313b5cc[Not completed]
2019-09-19 14:04:51,819 [pool-58-thread-1] INFO  impl.RaftServerImpl (RaftServerImpl.java:<init>(93)) - dcc77c7b-1d37-448d-8d57-43d254561693: new RaftServerImpl for group-9054243D6A0E:[dcc77c7b-1d37-448d-8d57-43d254561693:192.168.157.226:34527] with ContainerStateMachine:uninitialized
2019-09-19 14:04:51,819 [pool-58-thread-1] INFO  server.RaftServerConfigKeys (ConfUtils.java:logGet(43)) - raft.server.rpc.timeout.min = 5s (custom)
2019-09-19 14:04:51,819 [pool-58-thread-1] INFO  server.RaftServerConfigKeys (ConfUtils.java:logGet(43)) - raft.server.rpc.timeout.max = 5200ms (custom)
2019-09-19 14:04:51,819 [pool-58-thread-1] INFO  server.RaftServerConfigKeys (ConfUtils.java:logGet(43)) - raft.server.rpcslowness.timeout = 120s (custom)
2019-09-19 14:04:51,819 [pool-58-thread-1] INFO  server.RaftServerConfigKeys (ConfUtils.java:logGet(43)) - raft.server.sleep.deviation.threshold = 300 (default)
2019-09-19 14:04:51,819 [pool-58-thread-1] INFO  server.RaftServerConfigKeys (ConfUtils.java:logGet(43)) - raft.server.log.appender.install.snapshot.enabled = false (custom)
2019-09-19 14:04:51,820 [pool-58-thread-1] INFO  impl.RaftServerImpl (ServerState.java:<init>(105)) - dcc77c7b-1d37-448d-8d57-43d254561693:group-9054243D6A0E ConfigurationManager, init=-1: [dcc77c7b-1d37-448d-8d57-43d254561693:192.168.157.226:34527], old=null, confs=<EMPTY_MAP>
2019-09-19 14:04:51,820 [pool-58-thread-1] INFO  server.RaftServerConfigKeys (ConfUtils.java:logGet(43)) - raft.server.storage.dir = [/workdir/hadoop-ozone/integration-test/target/test-dir/MiniOzoneClusterImpl-3b2755de-4cfe-4b43-9e0d-73dd8eda8f75/datanode-0/data/ratis] (custom)
2019-09-19 14:04:51,820 [pool-58-thread-1] INFO  storage.RaftStorageDirectory (RaftStorageDirectory.java:analyzeStorage(246)) - The storage directory /workdir/hadoop-ozone/integration-test/target/test-dir/MiniOzoneClusterImpl-3b2755de-4cfe-4b43-9e0d-73dd8eda8f75/datanode-0/data/ratis/f638db7c-e41a-4e11-b361-9054243d6a0e does not exist. Creating ...
2019-09-19 14:04:51,825 [pool-58-thread-1] INFO  storage.RaftStorageDirectory (RaftStorageDirectory.java:tryLock(328)) - Lock on /workdir/hadoop-ozone/integration-test/target/test-dir/MiniOzoneClusterImpl-3b2755de-4cfe-4b43-9e0d-73dd8eda8f75/datanode-0/data/ratis/f638db7c-e41a-4e11-b361-9054243d6a0e/in_use.lock acquired by nodename 30982@pr-hdds-1569-swxfz-3172132826
2019-09-19 14:04:51,825 [dcc77c7b-1d37-448d-8d57-43d254561693-SegmentedRaftLogWorker:Storage Directory /workdir/hadoop-ozone/integration-test/target/test-dir/MiniOzoneClusterImpl-3b2755de-4cfe-4b43-9e0d-73dd8eda8f75/datanode-0/data/ratis/7a389dab-fd01-4479-bfa3-33cfad262be0] INFO  segmented.SegmentedRaftLogWorker (SegmentedRaftLogWorker.java:execute(569)) - dcc77c7b-1d37-448d-8d57-43d254561693-SegmentedRaftLogWorker:Storage Directory /workdir/hadoop-ozone/integration-test/target/test-dir/MiniOzoneClusterImpl-3b2755de-4cfe-4b43-9e0d-73dd8eda8f75/datanode-0/data/ratis/7a389dab-fd01-4479-bfa3-33cfad262be0: created new log segment /workdir/hadoop-ozone/integration-test/target/test-dir/MiniOzoneClusterImpl-3b2755de-4cfe-4b43-9e0d-73dd8eda8f75/datanode-0/data/ratis/7a389dab-fd01-4479-bfa3-33cfad262be0/current/log_inprogress_0
2019-09-19 14:04:51,828 [pool-58-thread-1] INFO  storage.RaftStorage (RaftStorage.java:format(72)) - Storage directory /workdir/hadoop-ozone/integration-test/target/test-dir/MiniOzoneClusterImpl-3b2755de-4cfe-4b43-9e0d-73dd8eda8f75/datanode-0/data/ratis/f638db7c-e41a-4e11-b361-9054243d6a0e has been successfully formatted.
2019-09-19 14:04:51,828 [pool-58-thread-1] INFO  ratis.ContainerStateMachine (ContainerStateMachine.java:loadSnapshot(226)) - group-9054243D6A0E: The snapshot info is null. Setting the last applied indexto:(t:0, i:~)
2019-09-19 14:04:51,828 [pool-58-thread-1] INFO  server.RaftServerConfigKeys (ConfUtils.java:logGet(43)) - raft.server.leader.election.timeout = 120s (custom)
2019-09-19 14:04:51,828 [pool-58-thread-1] INFO  server.RaftServerConfigKeys (ConfUtils.java:logGet(43)) - raft.server.log.use.memory = false (default)
2019-09-19 14:04:51,828 [pool-58-thread-1] INFO  server.RaftServerConfigKeys (ConfUtils.java:logGet(43)) - raft.server.log.purge.gap = 1000000 (custom)
2019-09-19 14:04:51,829 [pool-58-thread-1] INFO  server.RaftServerConfigKeys (ConfUtils.java:logGet(43)) - raft.server.log.appender.buffer.byte-limit = 33554432 (custom)
2019-09-19 14:04:51,829 [pool-58-thread-1] INFO  server.RaftServerConfigKeys (ConfUtils.java:logGet(43)) - raft.server.log.segment.size.max = 1048576 (custom)
2019-09-19 14:04:51,829 [pool-58-thread-1] INFO  server.RaftServerConfigKeys (ConfUtils.java:logGet(43)) - raft.server.log.segment.cache.num.max = 2 (custom)
2019-09-19 14:04:51,829 [pool-58-thread-1] INFO  segmented.SegmentedRaftLogWorker (SegmentedRaftLogWorker.java:<init>(172)) - new dcc77c7b-1d37-448d-8d57-43d254561693-SegmentedRaftLogWorker:Storage Directory /workdir/hadoop-ozone/integration-test/target/test-dir/MiniOzoneClusterImpl-3b2755de-4cfe-4b43-9e0d-73dd8eda8f75/datanode-0/data/ratis/f638db7c-e41a-4e11-b361-9054243d6a0e for RaftStorage:Storage Directory /workdir/hadoop-ozone/integration-test/target/test-dir/MiniOzoneClusterImpl-3b2755de-4cfe-4b43-9e0d-73dd8eda8f75/datanode-0/data/ratis/f638db7c-e41a-4e11-b361-9054243d6a0e
2019-09-19 14:04:51,829 [pool-58-thread-1] INFO  server.RaftServerConfigKeys (ConfUtils.java:logGet(43)) - raft.server.log.queue.byte-limit = 2147483647 (custom)
2019-09-19 14:04:51,829 [pool-58-thread-1] INFO  server.RaftServerConfigKeys (ConfUtils.java:logGet(43)) - raft.server.log.queue.element-limit = 1024 (custom)
2019-09-19 14:04:51,829 [pool-58-thread-1] INFO  server.RaftServerConfigKeys (ConfUtils.java:logGet(43)) - raft.server.log.segment.size.max = 1048576 (custom)
2019-09-19 14:04:51,829 [pool-58-thread-1] INFO  server.RaftServerConfigKeys (ConfUtils.java:logGet(43)) - raft.server.log.preallocated.size = 16384 (custom)
2019-09-19 14:04:51,829 [pool-58-thread-1] INFO  server.RaftServerConfigKeys (ConfUtils.java:logGet(43)) - raft.server.log.write.buffer.size = 33554432 (custom)
2019-09-19 14:04:51,829 [pool-58-thread-1] INFO  server.RaftServerConfigKeys (ConfUtils.java:logGet(43)) - raft.server.log.force.sync.num = 128 (default)
2019-09-19 14:04:51,829 [pool-58-thread-1] INFO  server.RaftServerConfigKeys (ConfUtils.java:logGet(43)) - raft.server.log.statemachine.data.sync = true (default)
2019-09-19 14:04:51,829 [pool-58-thread-1] INFO  server.RaftServerConfigKeys (ConfUtils.java:logGet(43)) - raft.server.log.statemachine.data.sync.timeout = 10s (default)
2019-09-19 14:04:51,829 [pool-58-thread-1] INFO  server.RaftServerConfigKeys (ConfUtils.java:logGet(43)) - raft.server.log.statemachine.data.sync.timeout.retry = -1 (default)
2019-09-19 14:04:51,830 [pool-58-thread-1] INFO  server.RaftServerConfigKeys (ConfUtils.java:logGet(43)) - raft.server.log.statemachine.data.caching.enabled = true (custom)
2019-09-19 14:04:51,830 [pool-58-thread-1] INFO  segmented.SegmentedRaftLogWorker (SegmentedRaftLogWorker.java:lambda$new$0(132)) - dcc77c7b-1d37-448d-8d57-43d254561693-SegmentedRaftLogWorker:Storage Directory /workdir/hadoop-ozone/integration-test/target/test-dir/MiniOzoneClusterImpl-3b2755de-4cfe-4b43-9e0d-73dd8eda8f75/datanode-0/data/ratis/f638db7c-e41a-4e11-b361-9054243d6a0e: flushIndex: setUnconditionally 0 -> -1
2019-09-19 14:04:51,830 [pool-58-thread-1] INFO  server.RaftServerConfigKeys (ConfUtils.java:logGet(43)) - raft.server.snapshot.auto.trigger.enabled = true (custom)
2019-09-19 14:04:51,830 [pool-58-thread-1] INFO  server.RaftServerConfigKeys (ConfUtils.java:logGet(43)) - raft.server.snapshot.auto.trigger.threshold = 1 (custom)
2019-09-19 14:04:51,830 [pool-58-thread-1] INFO  server.RaftServerConfigKeys (ConfUtils.java:logGet(43)) - raft.server.retrycache.expirytime = 600000ms (custom)
2019-09-19 14:04:51,830 [pool-58-thread-1] INFO  impl.RaftServerImpl (RaftServerImpl.java:start(180)) - dcc77c7b-1d37-448d-8d57-43d254561693: start group-9054243D6A0E
2019-09-19 14:04:51,830 [pool-58-thread-1] INFO  impl.RaftServerImpl (RaftServerImpl.java:setRole(171)) - dcc77c7b-1d37-448d-8d57-43d254561693:group-9054243D6A0E changes role from null to FOLLOWER at term 0 for startAsFollower
2019-09-19 14:04:51,830 [pool-58-thread-1] INFO  impl.RoleInfo (RoleInfo.java:updateAndGet(143)) - dcc77c7b-1d37-448d-8d57-43d254561693: start FollowerState
2019-09-19 14:04:51,831 [pool-58-thread-1] INFO  util.JmxRegister (JmxRegister.java:tryRegister(44)) - Successfully registered JMX Bean with object name Ratis:service=RaftServer,group=group-9054243D6A0E,id=dcc77c7b-1d37-448d-8d57-43d254561693
2019-09-19 14:04:51,832 [RatisPipelineUtilsThread] INFO  pipeline.PipelineStateManager (PipelineStateManager.java:addPipeline(56)) - Created pipeline Pipeline[ Id: f638db7c-e41a-4e11-b361-9054243d6a0e, Nodes: dcc77c7b-1d37-448d-8d57-43d254561693{ip: 192.168.157.226, host: pr-hdds-1569-swxfz-3172132826, networkLocation: /default-rack, certSerialId: null}, Type:RATIS, Factor:ONE, State:OPEN]
2019-09-19 14:04:51,834 [grpc-default-executor-1] INFO  impl.RaftServerProxy (RaftServerProxy.java:addNew(89)) - dcc77c7b-1d37-448d-8d57-43d254561693: addNew group-6EDC13E5AA9D:[dcc77c7b-1d37-448d-8d57-43d254561693:192.168.157.226:34527] returns group-6EDC13E5AA9D:java.util.concurrent.CompletableFuture@32a319a9[Not completed]
2019-09-19 14:04:51,834 [pool-58-thread-1] INFO  impl.RaftServerImpl (RaftServerImpl.java:<init>(93)) - dcc77c7b-1d37-448d-8d57-43d254561693: new RaftServerImpl for group-6EDC13E5AA9D:[dcc77c7b-1d37-448d-8d57-43d254561693:192.168.157.226:34527] with ContainerStateMachine:uninitialized
2019-09-19 14:04:51,834 [pool-58-thread-1] INFO  server.RaftServerConfigKeys (ConfUtils.java:logGet(43)) - raft.server.rpc.timeout.min = 5s (custom)
2019-09-19 14:04:51,834 [pool-58-thread-1] INFO  server.RaftServerConfigKeys (ConfUtils.java:logGet(43)) - raft.server.rpc.timeout.max = 5200ms (custom)
2019-09-19 14:04:51,835 [pool-58-thread-1] INFO  server.RaftServerConfigKeys (ConfUtils.java:logGet(43)) - raft.server.rpcslowness.timeout = 120s (custom)
2019-09-19 14:04:51,835 [pool-58-thread-1] INFO  server.RaftServerConfigKeys (ConfUtils.java:logGet(43)) - raft.server.sleep.deviation.threshold = 300 (default)
2019-09-19 14:04:51,835 [pool-58-thread-1] INFO  server.RaftServerConfigKeys (ConfUtils.java:logGet(43)) - raft.server.log.appender.install.snapshot.enabled = false (custom)
2019-09-19 14:04:51,835 [pool-58-thread-1] INFO  impl.RaftServerImpl (ServerState.java:<init>(105)) - dcc77c7b-1d37-448d-8d57-43d254561693:group-6EDC13E5AA9D ConfigurationManager, init=-1: [dcc77c7b-1d37-448d-8d57-43d254561693:192.168.157.226:34527], old=null, confs=<EMPTY_MAP>
2019-09-19 14:04:51,835 [pool-58-thread-1] INFO  server.RaftServerConfigKeys (ConfUtils.java:logGet(43)) - raft.server.storage.dir = [/workdir/hadoop-ozone/integration-test/target/test-dir/MiniOzoneClusterImpl-3b2755de-4cfe-4b43-9e0d-73dd8eda8f75/datanode-0/data/ratis] (custom)
2019-09-19 14:04:51,835 [pool-58-thread-1] INFO  storage.RaftStorageDirectory (RaftStorageDirectory.java:analyzeStorage(246)) - The storage directory /workdir/hadoop-ozone/integration-test/target/test-dir/MiniOzoneClusterImpl-3b2755de-4cfe-4b43-9e0d-73dd8eda8f75/datanode-0/data/ratis/b0645890-24a1-457a-85dc-6edc13e5aa9d does not exist. Creating ...
2019-09-19 14:04:51,838 [Thread-3963] INFO  impl.FollowerState (FollowerState.java:run(106)) - dcc77c7b-1d37-448d-8d57-43d254561693:group-10A50686FBE4 changes to CANDIDATE, lastRpcTime:5067, electionTimeout:5067ms
2019-09-19 14:04:51,838 [Thread-3963] INFO  impl.RoleInfo (RoleInfo.java:shutdownFollowerState(121)) - dcc77c7b-1d37-448d-8d57-43d254561693: shutdown FollowerState
2019-09-19 14:04:51,838 [Thread-3963] INFO  impl.RaftServerImpl (RaftServerImpl.java:setRole(171)) - dcc77c7b-1d37-448d-8d57-43d254561693:group-10A50686FBE4 changes role from FOLLOWER to CANDIDATE at term 0 for changeToCandidate
2019-09-19 14:04:51,838 [Thread-3963] INFO  impl.RoleInfo (RoleInfo.java:updateAndGet(143)) - dcc77c7b-1d37-448d-8d57-43d254561693: start LeaderElection
2019-09-19 14:04:51,844 [Thread-3954] INFO  impl.FollowerState (FollowerState.java:run(106)) - dcc77c7b-1d37-448d-8d57-43d254561693:group-47073B05046F changes to CANDIDATE, lastRpcTime:5173, electionTimeout:5173ms
2019-09-19 14:04:51,844 [Thread-3954] INFO  impl.RoleInfo (RoleInfo.java:shutdownFollowerState(121)) - dcc77c7b-1d37-448d-8d57-43d254561693: shutdown FollowerState
2019-09-19 14:04:51,844 [Thread-3954] INFO  impl.RaftServerImpl (RaftServerImpl.java:setRole(171)) - dcc77c7b-1d37-448d-8d57-43d254561693:group-47073B05046F changes role from FOLLOWER to CANDIDATE at term 0 for changeToCandidate
2019-09-19 14:04:51,844 [Thread-3954] INFO  impl.RoleInfo (RoleInfo.java:updateAndGet(143)) - dcc77c7b-1d37-448d-8d57-43d254561693: start LeaderElection
2019-09-19 14:04:51,849 [pool-58-thread-1] INFO  storage.RaftStorageDirectory (RaftStorageDirectory.java:tryLock(328)) - Lock on /workdir/hadoop-ozone/integration-test/target/test-dir/MiniOzoneClusterImpl-3b2755de-4cfe-4b43-9e0d-73dd8eda8f75/datanode-0/data/ratis/b0645890-24a1-457a-85dc-6edc13e5aa9d/in_use.lock acquired by nodename 30982@pr-hdds-1569-swxfz-3172132826
2019-09-19 14:04:51,849 [dcc77c7b-1d37-448d-8d57-43d254561693:group-47073B05046F:LeaderElection506] INFO  impl.LeaderElection (LeaderElection.java:askForVotes(181)) - dcc77c7b-1d37-448d-8d57-43d254561693:group-47073B05046F:LeaderElection506: begin an election at term 1 for -1: [dcc77c7b-1d37-448d-8d57-43d254561693:192.168.157.226:34527], old=null
2019-09-19 14:04:51,849 [dcc77c7b-1d37-448d-8d57-43d254561693:group-10A50686FBE4:LeaderElection505] INFO  impl.LeaderElection (LeaderElection.java:askForVotes(181)) - dcc77c7b-1d37-448d-8d57-43d254561693:group-10A50686FBE4:LeaderElection505: begin an election at term 1 for -1: [dcc77c7b-1d37-448d-8d57-43d254561693:192.168.157.226:34527], old=null
2019-09-19 14:04:51,849 [dcc77c7b-1d37-448d-8d57-43d254561693-SegmentedRaftLogWorker:Storage Directory /workdir/hadoop-ozone/integration-test/target/test-dir/MiniOzoneClusterImpl-3b2755de-4cfe-4b43-9e0d-73dd8eda8f75/datanode-0/data/ratis/70e6e63b-fefa-4b33-a842-2661dcdae9d0] INFO  segmented.SegmentedRaftLogWorker (SegmentedRaftLogWorker.java:execute(569)) - dcc77c7b-1d37-448d-8d57-43d254561693-SegmentedRaftLogWorker:Storage Directory /workdir/hadoop-ozone/integration-test/target/test-dir/MiniOzoneClusterImpl-3b2755de-4cfe-4b43-9e0d-73dd8eda8f75/datanode-0/data/ratis/70e6e63b-fefa-4b33-a842-2661dcdae9d0: created new log segment /workdir/hadoop-ozone/integration-test/target/test-dir/MiniOzoneClusterImpl-3b2755de-4cfe-4b43-9e0d-73dd8eda8f75/datanode-0/data/ratis/70e6e63b-fefa-4b33-a842-2661dcdae9d0/current/log_inprogress_0
2019-09-19 14:04:51,849 [dcc77c7b-1d37-448d-8d57-43d254561693:group-10A50686FBE4:LeaderElection505] INFO  impl.RoleInfo (RoleInfo.java:shutdownLeaderElection(134)) - dcc77c7b-1d37-448d-8d57-43d254561693: shutdown LeaderElection
2019-09-19 14:04:51,849 [dcc77c7b-1d37-448d-8d57-43d254561693:group-47073B05046F:LeaderElection506] INFO  impl.RoleInfo (RoleInfo.java:shutdownLeaderElection(134)) - dcc77c7b-1d37-448d-8d57-43d254561693: shutdown LeaderElection
2019-09-19 14:04:51,849 [dcc77c7b-1d37-448d-8d57-43d254561693:group-10A50686FBE4:LeaderElection505] INFO  impl.RaftServerImpl (RaftServerImpl.java:setRole(171)) - dcc77c7b-1d37-448d-8d57-43d254561693:group-10A50686FBE4 changes role from CANDIDATE to LEADER at term 1 for changeToLeader
2019-09-19 14:04:51,849 [dcc77c7b-1d37-448d-8d57-43d254561693:group-47073B05046F:LeaderElection506] INFO  impl.RaftServerImpl (RaftServerImpl.java:setRole(171)) - dcc77c7b-1d37-448d-8d57-43d254561693:group-47073B05046F changes role from CANDIDATE to LEADER at term 1 for changeToLeader
2019-09-19 14:04:51,850 [dcc77c7b-1d37-448d-8d57-43d254561693:group-47073B05046F:LeaderElection506] INFO  impl.RaftServerImpl (ServerState.java:setLeader(263)) - dcc77c7b-1d37-448d-8d57-43d254561693:group-47073B05046F change Leader from null to dcc77c7b-1d37-448d-8d57-43d254561693 at term 1 for becomeLeader, leader elected after 5181ms
2019-09-19 14:04:51,849 [dcc77c7b-1d37-448d-8d57-43d254561693:group-10A50686FBE4:LeaderElection505] INFO  impl.RaftServerImpl (ServerState.java:setLeader(263)) - dcc77c7b-1d37-448d-8d57-43d254561693:group-10A50686FBE4 change Leader from null to dcc77c7b-1d37-448d-8d57-43d254561693 at term 1 for becomeLeader, leader elected after 5081ms
2019-09-19 14:04:51,850 [dcc77c7b-1d37-448d-8d57-43d254561693:group-47073B05046F:LeaderElection506] INFO  server.RaftServerConfigKeys (ConfUtils.java:logGet(43)) - raft.server.staging.catchup.gap = 1000 (default)
2019-09-19 14:04:51,850 [dcc77c7b-1d37-448d-8d57-43d254561693:group-10A50686FBE4:LeaderElection505] INFO  server.RaftServerConfigKeys (ConfUtils.java:logGet(43)) - raft.server.staging.catchup.gap = 1000 (default)
2019-09-19 14:04:51,850 [dcc77c7b-1d37-448d-8d57-43d254561693:group-47073B05046F:LeaderElection506] INFO  server.RaftServerConfigKeys (ConfUtils.java:logGet(43)) - raft.server.rpc.sleep.time = 25ms (default)
2019-09-19 14:04:51,850 [dcc77c7b-1d37-448d-8d57-43d254561693:group-10A50686FBE4:LeaderElection505] INFO  server.RaftServerConfigKeys (ConfUtils.java:logGet(43)) - raft.server.rpc.sleep.time = 25ms (default)
2019-09-19 14:04:51,850 [dcc77c7b-1d37-448d-8d57-43d254561693:group-47073B05046F:LeaderElection506] INFO  server.RaftServerConfigKeys (ConfUtils.java:logGet(43)) - raft.server.write.element-limit = 4096 (default)
2019-09-19 14:04:51,850 [dcc77c7b-1d37-448d-8d57-43d254561693:group-10A50686FBE4:LeaderElection505] INFO  server.RaftServerConfigKeys (ConfUtils.java:logGet(43)) - raft.server.write.element-limit = 4096 (default)
2019-09-19 14:04:51,850 [dcc77c7b-1d37-448d-8d57-43d254561693:group-47073B05046F:LeaderElection506] INFO  server.RaftServerConfigKeys (ConfUtils.java:logGet(43)) - raft.server.watch.timeout = 10s (default)
2019-09-19 14:04:51,850 [dcc77c7b-1d37-448d-8d57-43d254561693:group-10A50686FBE4:LeaderElection505] INFO  server.RaftServerConfigKeys (ConfUtils.java:logGet(43)) - raft.server.watch.timeout = 10s (default)
2019-09-19 14:04:51,850 [dcc77c7b-1d37-448d-8d57-43d254561693:group-47073B05046F:LeaderElection506] INFO  server.RaftServerConfigKeys (ConfUtils.java:logGet(43)) - raft.server.watch.timeout.denomination = 1s (default)
2019-09-19 14:04:51,850 [dcc77c7b-1d37-448d-8d57-43d254561693:group-10A50686FBE4:LeaderElection505] INFO  server.RaftServerConfigKeys (ConfUtils.java:logGet(43)) - raft.server.watch.timeout.denomination = 1s (default)
2019-09-19 14:04:51,851 [dcc77c7b-1d37-448d-8d57-43d254561693:group-47073B05046F:LeaderElection506] INFO  server.RaftServerConfigKeys (ConfUtils.java:logGet(43)) - raft.server.watch.element-limit = 65536 (default)
2019-09-19 14:04:51,851 [dcc77c7b-1d37-448d-8d57-43d254561693:group-10A50686FBE4:LeaderElection505] INFO  server.RaftServerConfigKeys (ConfUtils.java:logGet(43)) - raft.server.watch.element-limit = 65536 (default)
2019-09-19 14:04:51,851 [dcc77c7b-1d37-448d-8d57-43d254561693:group-47073B05046F:LeaderElection506] INFO  impl.RoleInfo (RoleInfo.java:updateAndGet(143)) - dcc77c7b-1d37-448d-8d57-43d254561693: start LeaderState
2019-09-19 14:04:51,851 [dcc77c7b-1d37-448d-8d57-43d254561693:group-10A50686FBE4:LeaderElection505] INFO  impl.RoleInfo (RoleInfo.java:updateAndGet(143)) - dcc77c7b-1d37-448d-8d57-43d254561693: start LeaderState
2019-09-19 14:04:51,851 [dcc77c7b-1d37-448d-8d57-43d254561693:group-47073B05046F:LeaderElection506] INFO  segmented.SegmentedRaftLogWorker (SegmentedRaftLogWorker.java:startLogSegment(380)) - dcc77c7b-1d37-448d-8d57-43d254561693-SegmentedRaftLogWorker:Storage Directory /workdir/hadoop-ozone/integration-test/target/test-dir/MiniOzoneClusterImpl-3b2755de-4cfe-4b43-9e0d-73dd8eda8f75/datanode-0/data/ratis/641b6501-a657-46eb-b69f-47073b05046f: Starting segment from index:0
2019-09-19 14:04:51,851 [dcc77c7b-1d37-448d-8d57-43d254561693:group-10A50686FBE4:LeaderElection505] INFO  segmented.SegmentedRaftLogWorker (SegmentedRaftLogWorker.java:startLogSegment(380)) - dcc77c7b-1d37-448d-8d57-43d254561693-SegmentedRaftLogWorker:Storage Directory /workdir/hadoop-ozone/integration-test/target/test-dir/MiniOzoneClusterImpl-3b2755de-4cfe-4b43-9e0d-73dd8eda8f75/datanode-0/data/ratis/db8259f9-fc6f-4e56-b415-10a50686fbe4: Starting segment from index:0
2019-09-19 14:04:51,851 [dcc77c7b-1d37-448d-8d57-43d254561693:group-47073B05046F:LeaderElection506] INFO  impl.RaftServerImpl (ServerState.java:setRaftConf(361)) - dcc77c7b-1d37-448d-8d57-43d254561693:group-47073B05046F set configuration 0: [dcc77c7b-1d37-448d-8d57-43d254561693:192.168.157.226:34527], old=null at 0
2019-09-19 14:04:51,852 [dcc77c7b-1d37-448d-8d57-43d254561693:group-10A50686FBE4:LeaderElection505] INFO  impl.RaftServerImpl (ServerState.java:setRaftConf(361)) - dcc77c7b-1d37-448d-8d57-43d254561693:group-10A50686FBE4 set configuration 0: [dcc77c7b-1d37-448d-8d57-43d254561693:192.168.157.226:34527], old=null at 0
2019-09-19 14:04:51,863 [pool-58-thread-1] INFO  storage.RaftStorage (RaftStorage.java:format(72)) - Storage directory /workdir/hadoop-ozone/integration-test/target/test-dir/MiniOzoneClusterImpl-3b2755de-4cfe-4b43-9e0d-73dd8eda8f75/datanode-0/data/ratis/b0645890-24a1-457a-85dc-6edc13e5aa9d has been successfully formatted.
2019-09-19 14:04:51,863 [pool-58-thread-1] INFO  ratis.ContainerStateMachine (ContainerStateMachine.java:loadSnapshot(226)) - group-6EDC13E5AA9D: The snapshot info is null. Setting the last applied indexto:(t:0, i:~)
2019-09-19 14:04:51,863 [pool-58-thread-1] INFO  server.RaftServerConfigKeys (ConfUtils.java:logGet(43)) - raft.server.leader.election.timeout = 120s (custom)
2019-09-19 14:04:51,863 [pool-58-thread-1] INFO  server.RaftServerConfigKeys (ConfUtils.java:logGet(43)) - raft.server.log.use.memory = false (default)
2019-09-19 14:04:51,863 [pool-58-thread-1] INFO  server.RaftServerConfigKeys (ConfUtils.java:logGet(43)) - raft.server.log.purge.gap = 1000000 (custom)
2019-09-19 14:04:51,863 [pool-58-thread-1] INFO  server.RaftServerConfigKeys (ConfUtils.java:logGet(43)) - raft.server.log.appender.buffer.byte-limit = 33554432 (custom)
2019-09-19 14:04:51,864 [pool-58-thread-1] INFO  server.RaftServerConfigKeys (ConfUtils.java:logGet(43)) - raft.server.log.segment.size.max = 1048576 (custom)
2019-09-19 14:04:51,864 [pool-58-thread-1] INFO  server.RaftServerConfigKeys (ConfUtils.java:logGet(43)) - raft.server.log.segment.cache.num.max = 2 (custom)
2019-09-19 14:04:51,864 [pool-58-thread-1] INFO  segmented.SegmentedRaftLogWorker (SegmentedRaftLogWorker.java:<init>(172)) - new dcc77c7b-1d37-448d-8d57-43d254561693-SegmentedRaftLogWorker:Storage Directory /workdir/hadoop-ozone/integration-test/target/test-dir/MiniOzoneClusterImpl-3b2755de-4cfe-4b43-9e0d-73dd8eda8f75/datanode-0/data/ratis/b0645890-24a1-457a-85dc-6edc13e5aa9d for RaftStorage:Storage Directory /workdir/hadoop-ozone/integration-test/target/test-dir/MiniOzoneClusterImpl-3b2755de-4cfe-4b43-9e0d-73dd8eda8f75/datanode-0/data/ratis/b0645890-24a1-457a-85dc-6edc13e5aa9d
2019-09-19 14:04:51,864 [pool-58-thread-1] INFO  server.RaftServerConfigKeys (ConfUtils.java:logGet(43)) - raft.server.log.queue.byte-limit = 2147483647 (custom)
2019-09-19 14:04:51,864 [pool-58-thread-1] INFO  server.RaftServerConfigKeys (ConfUtils.java:logGet(43)) - raft.server.log.queue.element-limit = 1024 (custom)
2019-09-19 14:04:51,864 [pool-58-thread-1] INFO  server.RaftServerConfigKeys (ConfUtils.java:logGet(43)) - raft.server.log.segment.size.max = 1048576 (custom)
2019-09-19 14:04:51,864 [pool-58-thread-1] INFO  server.RaftServerConfigKeys (ConfUtils.java:logGet(43)) - raft.server.log.preallocated.size = 16384 (custom)
2019-09-19 14:04:51,865 [pool-58-thread-1] INFO  server.RaftServerConfigKeys (ConfUtils.java:logGet(43)) - raft.server.log.write.buffer.size = 33554432 (custom)
2019-09-19 14:04:51,865 [pool-58-thread-1] INFO  server.RaftServerConfigKeys (ConfUtils.java:logGet(43)) - raft.server.log.force.sync.num = 128 (default)
2019-09-19 14:04:51,865 [pool-58-thread-1] INFO  server.RaftServerConfigKeys (ConfUtils.java:logGet(43)) - raft.server.log.statemachine.data.sync = true (default)
2019-09-19 14:04:51,865 [pool-58-thread-1] INFO  server.RaftServerConfigKeys (ConfUtils.java:logGet(43)) - raft.server.log.statemachine.data.sync.timeout = 10s (default)
2019-09-19 14:04:51,865 [pool-58-thread-1] INFO  server.RaftServerConfigKeys (ConfUtils.java:logGet(43)) - raft.server.log.statemachine.data.sync.timeout.retry = -1 (default)
2019-09-19 14:04:51,865 [pool-58-thread-1] INFO  server.RaftServerConfigKeys (ConfUtils.java:logGet(43)) - raft.server.log.statemachine.data.caching.enabled = true (custom)
2019-09-19 14:04:51,866 [pool-58-thread-1] INFO  segmented.SegmentedRaftLogWorker (SegmentedRaftLogWorker.java:lambda$new$0(132)) - dcc77c7b-1d37-448d-8d57-43d254561693-SegmentedRaftLogWorker:Storage Directory /workdir/hadoop-ozone/integration-test/target/test-dir/MiniOzoneClusterImpl-3b2755de-4cfe-4b43-9e0d-73dd8eda8f75/datanode-0/data/ratis/b0645890-24a1-457a-85dc-6edc13e5aa9d: flushIndex: setUnconditionally 0 -> -1
2019-09-19 14:04:51,866 [pool-58-thread-1] INFO  server.RaftServerConfigKeys (ConfUtils.java:logGet(43)) - raft.server.snapshot.auto.trigger.enabled = true (custom)
2019-09-19 14:04:51,866 [pool-58-thread-1] INFO  server.RaftServerConfigKeys (ConfUtils.java:logGet(43)) - raft.server.snapshot.auto.trigger.threshold = 1 (custom)
2019-09-19 14:04:51,866 [pool-58-thread-1] INFO  server.RaftServerConfigKeys (ConfUtils.java:logGet(43)) - raft.server.retrycache.expirytime = 600000ms (custom)
2019-09-19 14:04:51,866 [pool-58-thread-1] INFO  impl.RaftServerImpl (RaftServerImpl.java:start(180)) - dcc77c7b-1d37-448d-8d57-43d254561693: start group-6EDC13E5AA9D
2019-09-19 14:04:51,866 [pool-58-thread-1] INFO  impl.RaftServerImpl (RaftServerImpl.java:setRole(171)) - dcc77c7b-1d37-448d-8d57-43d254561693:group-6EDC13E5AA9D changes role from null to FOLLOWER at term 0 for startAsFollower
2019-09-19 14:04:51,867 [pool-58-thread-1] INFO  impl.RoleInfo (RoleInfo.java:updateAndGet(143)) - dcc77c7b-1d37-448d-8d57-43d254561693: start FollowerState
2019-09-19 14:04:51,867 [pool-58-thread-1] INFO  util.JmxRegister (JmxRegister.java:tryRegister(44)) - Successfully registered JMX Bean with object name Ratis:service=RaftServer,group=group-6EDC13E5AA9D,id=dcc77c7b-1d37-448d-8d57-43d254561693
2019-09-19 14:04:51,868 [RatisPipelineUtilsThread] INFO  pipeline.PipelineStateManager (PipelineStateManager.java:addPipeline(56)) - Created pipeline Pipeline[ Id: b0645890-24a1-457a-85dc-6edc13e5aa9d, Nodes: dcc77c7b-1d37-448d-8d57-43d254561693{ip: 192.168.157.226, host: pr-hdds-1569-swxfz-3172132826, networkLocation: /default-rack, certSerialId: null}, Type:RATIS, Factor:ONE, State:OPEN]
2019-09-19 14:04:51,870 [grpc-default-executor-1] INFO  impl.RaftServerProxy (RaftServerProxy.java:addNew(89)) - dcc77c7b-1d37-448d-8d57-43d254561693: addNew group-FBD0D09AD849:[dcc77c7b-1d37-448d-8d57-43d254561693:192.168.157.226:34527] returns group-FBD0D09AD849:java.util.concurrent.CompletableFuture@395aa1b6[Not completed]
2019-09-19 14:04:51,871 [pool-58-thread-1] INFO  impl.RaftServerImpl (RaftServerImpl.java:<init>(93)) - dcc77c7b-1d37-448d-8d57-43d254561693: new RaftServerImpl for group-FBD0D09AD849:[dcc77c7b-1d37-448d-8d57-43d254561693:192.168.157.226:34527] with ContainerStateMachine:uninitialized
2019-09-19 14:04:51,871 [pool-58-thread-1] INFO  server.RaftServerConfigKeys (ConfUtils.java:logGet(43)) - raft.server.rpc.timeout.min = 5s (custom)
2019-09-19 14:04:51,871 [pool-58-thread-1] INFO  server.RaftServerConfigKeys (ConfUtils.java:logGet(43)) - raft.server.rpc.timeout.max = 5200ms (custom)
2019-09-19 14:04:51,871 [pool-58-thread-1] INFO  server.RaftServerConfigKeys (ConfUtils.java:logGet(43)) - raft.server.rpcslowness.timeout = 120s (custom)
2019-09-19 14:04:51,871 [pool-58-thread-1] INFO  server.RaftServerConfigKeys (ConfUtils.java:logGet(43)) - raft.server.sleep.deviation.threshold = 300 (default)
2019-09-19 14:04:51,871 [pool-58-thread-1] INFO  server.RaftServerConfigKeys (ConfUtils.java:logGet(43)) - raft.server.log.appender.install.snapshot.enabled = false (custom)
2019-09-19 14:04:51,871 [pool-58-thread-1] INFO  impl.RaftServerImpl (ServerState.java:<init>(105)) - dcc77c7b-1d37-448d-8d57-43d254561693:group-FBD0D09AD849 ConfigurationManager, init=-1: [dcc77c7b-1d37-448d-8d57-43d254561693:192.168.157.226:34527], old=null, confs=<EMPTY_MAP>
2019-09-19 14:04:51,871 [pool-58-thread-1] INFO  server.RaftServerConfigKeys (ConfUtils.java:logGet(43)) - raft.server.storage.dir = [/workdir/hadoop-ozone/integration-test/target/test-dir/MiniOzoneClusterImpl-3b2755de-4cfe-4b43-9e0d-73dd8eda8f75/datanode-0/data/ratis] (custom)
2019-09-19 14:04:51,872 [pool-58-thread-1] INFO  storage.RaftStorageDirectory (RaftStorageDirectory.java:analyzeStorage(246)) - The storage directory /workdir/hadoop-ozone/integration-test/target/test-dir/MiniOzoneClusterImpl-3b2755de-4cfe-4b43-9e0d-73dd8eda8f75/datanode-0/data/ratis/e19daaf9-e448-4e17-a794-fbd0d09ad849 does not exist. Creating ...
2019-09-19 14:04:51,873 [Thread-3957] INFO  impl.FollowerState (FollowerState.java:run(106)) - dcc77c7b-1d37-448d-8d57-43d254561693:group-B45B8AE2BA5B changes to CANDIDATE, lastRpcTime:5170, electionTimeout:5170ms
2019-09-19 14:04:51,873 [Thread-3957] INFO  impl.RoleInfo (RoleInfo.java:shutdownFollowerState(121)) - dcc77c7b-1d37-448d-8d57-43d254561693: shutdown FollowerState
2019-09-19 14:04:51,873 [Thread-3957] INFO  impl.RaftServerImpl (RaftServerImpl.java:setRole(171)) - dcc77c7b-1d37-448d-8d57-43d254561693:group-B45B8AE2BA5B changes role from FOLLOWER to CANDIDATE at term 0 for changeToCandidate
2019-09-19 14:04:51,873 [Thread-3957] INFO  impl.RoleInfo (RoleInfo.java:updateAndGet(143)) - dcc77c7b-1d37-448d-8d57-43d254561693: start LeaderElection
2019-09-19 14:04:51,885 [pool-58-thread-1] INFO  storage.RaftStorageDirectory (RaftStorageDirectory.java:tryLock(328)) - Lock on /workdir/hadoop-ozone/integration-test/target/test-dir/MiniOzoneClusterImpl-3b2755de-4cfe-4b43-9e0d-73dd8eda8f75/datanode-0/data/ratis/e19daaf9-e448-4e17-a794-fbd0d09ad849/in_use.lock acquired by nodename 30982@pr-hdds-1569-swxfz-3172132826
2019-09-19 14:04:51,885 [dcc77c7b-1d37-448d-8d57-43d254561693:group-B45B8AE2BA5B:LeaderElection507] INFO  impl.LeaderElection (LeaderElection.java:askForVotes(181)) - dcc77c7b-1d37-448d-8d57-43d254561693:group-B45B8AE2BA5B:LeaderElection507: begin an election at term 1 for -1: [dcc77c7b-1d37-448d-8d57-43d254561693:192.168.157.226:34527], old=null
2019-09-19 14:04:51,885 [dcc77c7b-1d37-448d-8d57-43d254561693-SegmentedRaftLogWorker:Storage Directory /workdir/hadoop-ozone/integration-test/target/test-dir/MiniOzoneClusterImpl-3b2755de-4cfe-4b43-9e0d-73dd8eda8f75/datanode-0/data/ratis/641b6501-a657-46eb-b69f-47073b05046f] INFO  segmented.SegmentedRaftLogWorker (SegmentedRaftLogWorker.java:execute(569)) - dcc77c7b-1d37-448d-8d57-43d254561693-SegmentedRaftLogWorker:Storage Directory /workdir/hadoop-ozone/integration-test/target/test-dir/MiniOzoneClusterImpl-3b2755de-4cfe-4b43-9e0d-73dd8eda8f75/datanode-0/data/ratis/641b6501-a657-46eb-b69f-47073b05046f: created new log segment /workdir/hadoop-ozone/integration-test/target/test-dir/MiniOzoneClusterImpl-3b2755de-4cfe-4b43-9e0d-73dd8eda8f75/datanode-0/data/ratis/641b6501-a657-46eb-b69f-47073b05046f/current/log_inprogress_0
2019-09-19 14:04:51,885 [dcc77c7b-1d37-448d-8d57-43d254561693:group-B45B8AE2BA5B:LeaderElection507] INFO  impl.RoleInfo (RoleInfo.java:shutdownLeaderElection(134)) - dcc77c7b-1d37-448d-8d57-43d254561693: shutdown LeaderElection
2019-09-19 14:04:51,885 [dcc77c7b-1d37-448d-8d57-43d254561693:group-B45B8AE2BA5B:LeaderElection507] INFO  impl.RaftServerImpl (RaftServerImpl.java:setRole(171)) - dcc77c7b-1d37-448d-8d57-43d254561693:group-B45B8AE2BA5B changes role from CANDIDATE to LEADER at term 1 for changeToLeader
2019-09-19 14:04:51,886 [dcc77c7b-1d37-448d-8d57-43d254561693:group-B45B8AE2BA5B:LeaderElection507] INFO  impl.RaftServerImpl (ServerState.java:setLeader(263)) - dcc77c7b-1d37-448d-8d57-43d254561693:group-B45B8AE2BA5B change Leader from null to dcc77c7b-1d37-448d-8d57-43d254561693 at term 1 for becomeLeader, leader elected after 5186ms
2019-09-19 14:04:51,886 [dcc77c7b-1d37-448d-8d57-43d254561693:group-B45B8AE2BA5B:LeaderElection507] INFO  server.RaftServerConfigKeys (ConfUtils.java:logGet(43)) - raft.server.staging.catchup.gap = 1000 (default)
2019-09-19 14:04:51,886 [dcc77c7b-1d37-448d-8d57-43d254561693:group-B45B8AE2BA5B:LeaderElection507] INFO  server.RaftServerConfigKeys (ConfUtils.java:logGet(43)) - raft.server.rpc.sleep.time = 25ms (default)
2019-09-19 14:04:51,886 [dcc77c7b-1d37-448d-8d57-43d254561693:group-B45B8AE2BA5B:LeaderElection507] INFO  server.RaftServerConfigKeys (ConfUtils.java:logGet(43)) - raft.server.write.element-limit = 4096 (default)
2019-09-19 14:04:51,886 [dcc77c7b-1d37-448d-8d57-43d254561693:group-B45B8AE2BA5B:LeaderElection507] INFO  server.RaftServerConfigKeys (ConfUtils.java:logGet(43)) - raft.server.watch.timeout = 10s (default)
2019-09-19 14:04:51,886 [dcc77c7b-1d37-448d-8d57-43d254561693:group-B45B8AE2BA5B:LeaderElection507] INFO  server.RaftServerConfigKeys (ConfUtils.java:logGet(43)) - raft.server.watch.timeout.denomination = 1s (default)
2019-09-19 14:04:51,886 [dcc77c7b-1d37-448d-8d57-43d254561693:group-B45B8AE2BA5B:LeaderElection507] INFO  server.RaftServerConfigKeys (ConfUtils.java:logGet(43)) - raft.server.watch.element-limit = 65536 (default)
2019-09-19 14:04:51,886 [dcc77c7b-1d37-448d-8d57-43d254561693:group-B45B8AE2BA5B:LeaderElection507] INFO  impl.RoleInfo (RoleInfo.java:updateAndGet(143)) - dcc77c7b-1d37-448d-8d57-43d254561693: start LeaderState
2019-09-19 14:04:51,886 [dcc77c7b-1d37-448d-8d57-43d254561693:group-B45B8AE2BA5B:LeaderElection507] INFO  segmented.SegmentedRaftLogWorker (SegmentedRaftLogWorker.java:startLogSegment(380)) - dcc77c7b-1d37-448d-8d57-43d254561693-SegmentedRaftLogWorker:Storage Directory /workdir/hadoop-ozone/integration-test/target/test-dir/MiniOzoneClusterImpl-3b2755de-4cfe-4b43-9e0d-73dd8eda8f75/datanode-0/data/ratis/ee477f9e-4b1e-418d-a7a1-b45b8ae2ba5b: Starting segment from index:0
2019-09-19 14:04:51,887 [dcc77c7b-1d37-448d-8d57-43d254561693:group-B45B8AE2BA5B:LeaderElection507] INFO  impl.RaftServerImpl (ServerState.java:setRaftConf(361)) - dcc77c7b-1d37-448d-8d57-43d254561693:group-B45B8AE2BA5B set configuration 0: [dcc77c7b-1d37-448d-8d57-43d254561693:192.168.157.226:34527], old=null at 0
2019-09-19 14:04:51,899 [pool-58-thread-1] INFO  storage.RaftStorage (RaftStorage.java:format(72)) - Storage directory /workdir/hadoop-ozone/integration-test/target/test-dir/MiniOzoneClusterImpl-3b2755de-4cfe-4b43-9e0d-73dd8eda8f75/datanode-0/data/ratis/e19daaf9-e448-4e17-a794-fbd0d09ad849 has been successfully formatted.
2019-09-19 14:04:51,899 [dcc77c7b-1d37-448d-8d57-43d254561693-SegmentedRaftLogWorker:Storage Directory /workdir/hadoop-ozone/integration-test/target/test-dir/MiniOzoneClusterImpl-3b2755de-4cfe-4b43-9e0d-73dd8eda8f75/datanode-0/data/ratis/db8259f9-fc6f-4e56-b415-10a50686fbe4] INFO  segmented.SegmentedRaftLogWorker (SegmentedRaftLogWorker.java:execute(569)) - dcc77c7b-1d37-448d-8d57-43d254561693-SegmentedRaftLogWorker:Storage Directory /workdir/hadoop-ozone/integration-test/target/test-dir/MiniOzoneClusterImpl-3b2755de-4cfe-4b43-9e0d-73dd8eda8f75/datanode-0/data/ratis/db8259f9-fc6f-4e56-b415-10a50686fbe4: created new log segment /workdir/hadoop-ozone/integration-test/target/test-dir/MiniOzoneClusterImpl-3b2755de-4cfe-4b43-9e0d-73dd8eda8f75/datanode-0/data/ratis/db8259f9-fc6f-4e56-b415-10a50686fbe4/current/log_inprogress_0
2019-09-19 14:04:51,899 [pool-58-thread-1] INFO  ratis.ContainerStateMachine (ContainerStateMachine.java:loadSnapshot(226)) - group-FBD0D09AD849: The snapshot info is null. Setting the last applied indexto:(t:0, i:~)
2019-09-19 14:04:51,899 [pool-58-thread-1] INFO  server.RaftServerConfigKeys (ConfUtils.java:logGet(43)) - raft.server.leader.election.timeout = 120s (custom)
2019-09-19 14:04:51,899 [pool-58-thread-1] INFO  server.RaftServerConfigKeys (ConfUtils.java:logGet(43)) - raft.server.log.use.memory = false (default)
2019-09-19 14:04:51,899 [pool-58-thread-1] INFO  server.RaftServerConfigKeys (ConfUtils.java:logGet(43)) - raft.server.log.purge.gap = 1000000 (custom)
2019-09-19 14:04:51,899 [pool-58-thread-1] INFO  server.RaftServerConfigKeys (ConfUtils.java:logGet(43)) - raft.server.log.appender.buffer.byte-limit = 33554432 (custom)
2019-09-19 14:04:51,899 [pool-58-thread-1] INFO  server.RaftServerConfigKeys (ConfUtils.java:logGet(43)) - raft.server.log.segment.size.max = 1048576 (custom)
2019-09-19 14:04:51,899 [pool-58-thread-1] INFO  server.RaftServerConfigKeys (ConfUtils.java:logGet(43)) - raft.server.log.segment.cache.num.max = 2 (custom)
2019-09-19 14:04:51,899 [pool-58-thread-1] INFO  segmented.SegmentedRaftLogWorker (SegmentedRaftLogWorker.java:<init>(172)) - new dcc77c7b-1d37-448d-8d57-43d254561693-SegmentedRaftLogWorker:Storage Directory /workdir/hadoop-ozone/integration-test/target/test-dir/MiniOzoneClusterImpl-3b2755de-4cfe-4b43-9e0d-73dd8eda8f75/datanode-0/data/ratis/e19daaf9-e448-4e17-a794-fbd0d09ad849 for RaftStorage:Storage Directory /workdir/hadoop-ozone/integration-test/target/test-dir/MiniOzoneClusterImpl-3b2755de-4cfe-4b43-9e0d-73dd8eda8f75/datanode-0/data/ratis/e19daaf9-e448-4e17-a794-fbd0d09ad849
2019-09-19 14:04:51,900 [pool-58-thread-1] INFO  server.RaftServerConfigKeys (ConfUtils.java:logGet(43)) - raft.server.log.queue.byte-limit = 2147483647 (custom)
2019-09-19 14:04:51,900 [pool-58-thread-1] INFO  server.RaftServerConfigKeys (ConfUtils.java:logGet(43)) - raft.server.log.queue.element-limit = 1024 (custom)
2019-09-19 14:04:51,900 [pool-58-thread-1] INFO  server.RaftServerConfigKeys (ConfUtils.java:logGet(43)) - raft.server.log.segment.size.max = 1048576 (custom)
2019-09-19 14:04:51,900 [pool-58-thread-1] INFO  server.RaftServerConfigKeys (ConfUtils.java:logGet(43)) - raft.server.log.preallocated.size = 16384 (custom)
2019-09-19 14:04:51,900 [pool-58-thread-1] INFO  server.RaftServerConfigKeys (ConfUtils.java:logGet(43)) - raft.server.log.write.buffer.size = 33554432 (custom)
2019-09-19 14:04:51,900 [pool-58-thread-1] INFO  server.RaftServerConfigKeys (ConfUtils.java:logGet(43)) - raft.server.log.force.sync.num = 128 (default)
2019-09-19 14:04:51,900 [pool-58-thread-1] INFO  server.RaftServerConfigKeys (ConfUtils.java:logGet(43)) - raft.server.log.statemachine.data.sync = true (default)
2019-09-19 14:04:51,900 [pool-58-thread-1] INFO  server.RaftServerConfigKeys (ConfUtils.java:logGet(43)) - raft.server.log.statemachine.data.sync.timeout = 10s (default)
2019-09-19 14:04:51,900 [pool-58-thread-1] INFO  server.RaftServerConfigKeys (ConfUtils.java:logGet(43)) - raft.server.log.statemachine.data.sync.timeout.retry = -1 (default)
2019-09-19 14:04:51,900 [pool-58-thread-1] INFO  server.RaftServerConfigKeys (ConfUtils.java:logGet(43)) - raft.server.log.statemachine.data.caching.enabled = true (custom)
2019-09-19 14:04:51,900 [pool-58-thread-1] INFO  segmented.SegmentedRaftLogWorker (SegmentedRaftLogWorker.java:lambda$new$0(132)) - dcc77c7b-1d37-448d-8d57-43d254561693-SegmentedRaftLogWorker:Storage Directory /workdir/hadoop-ozone/integration-test/target/test-dir/MiniOzoneClusterImpl-3b2755de-4cfe-4b43-9e0d-73dd8eda8f75/datanode-0/data/ratis/e19daaf9-e448-4e17-a794-fbd0d09ad849: flushIndex: setUnconditionally 0 -> -1
2019-09-19 14:04:51,901 [pool-58-thread-1] INFO  server.RaftServerConfigKeys (ConfUtils.java:logGet(43)) - raft.server.snapshot.auto.trigger.enabled = true (custom)
2019-09-19 14:04:51,901 [pool-58-thread-1] INFO  server.RaftServerConfigKeys (ConfUtils.java:logGet(43)) - raft.server.snapshot.auto.trigger.threshold = 1 (custom)
2019-09-19 14:04:51,901 [pool-58-thread-1] INFO  server.RaftServerConfigKeys (ConfUtils.java:logGet(43)) - raft.server.retrycache.expirytime = 600000ms (custom)
2019-09-19 14:04:51,901 [pool-58-thread-1] INFO  impl.RaftServerImpl (RaftServerImpl.java:start(180)) - dcc77c7b-1d37-448d-8d57-43d254561693: start group-FBD0D09AD849
2019-09-19 14:04:51,901 [pool-58-thread-1] INFO  impl.RaftServerImpl (RaftServerImpl.java:setRole(171)) - dcc77c7b-1d37-448d-8d57-43d254561693:group-FBD0D09AD849 changes role from null to FOLLOWER at term 0 for startAsFollower
2019-09-19 14:04:51,901 [pool-58-thread-1] INFO  impl.RoleInfo (RoleInfo.java:updateAndGet(143)) - dcc77c7b-1d37-448d-8d57-43d254561693: start FollowerState
2019-09-19 14:04:51,901 [pool-58-thread-1] INFO  util.JmxRegister (JmxRegister.java:tryRegister(44)) - Successfully registered JMX Bean with object name Ratis:service=RaftServer,group=group-FBD0D09AD849,id=dcc77c7b-1d37-448d-8d57-43d254561693
2019-09-19 14:04:51,903 [RatisPipelineUtilsThread] INFO  pipeline.PipelineStateManager (PipelineStateManager.java:addPipeline(56)) - Created pipeline Pipeline[ Id: e19daaf9-e448-4e17-a794-fbd0d09ad849, Nodes: dcc77c7b-1d37-448d-8d57-43d254561693{ip: 192.168.157.226, host: pr-hdds-1569-swxfz-3172132826, networkLocation: /default-rack, certSerialId: null}, Type:RATIS, Factor:ONE, State:OPEN]
2019-09-19 14:04:51,905 [grpc-default-executor-1] INFO  impl.RaftServerProxy (RaftServerProxy.java:addNew(89)) - dcc77c7b-1d37-448d-8d57-43d254561693: addNew group-C61393B9958E:[dcc77c7b-1d37-448d-8d57-43d254561693:192.168.157.226:34527] returns group-C61393B9958E:java.util.concurrent.CompletableFuture@a33216b[Not completed]
2019-09-19 14:04:51,905 [pool-58-thread-1] INFO  impl.RaftServerImpl (RaftServerImpl.java:<init>(93)) - dcc77c7b-1d37-448d-8d57-43d254561693: new RaftServerImpl for group-C61393B9958E:[dcc77c7b-1d37-448d-8d57-43d254561693:192.168.157.226:34527] with ContainerStateMachine:uninitialized
2019-09-19 14:04:51,905 [pool-58-thread-1] INFO  server.RaftServerConfigKeys (ConfUtils.java:logGet(43)) - raft.server.rpc.timeout.min = 5s (custom)
2019-09-19 14:04:51,905 [pool-58-thread-1] INFO  server.RaftServerConfigKeys (ConfUtils.java:logGet(43)) - raft.server.rpc.timeout.max = 5200ms (custom)
2019-09-19 14:04:51,905 [pool-58-thread-1] INFO  server.RaftServerConfigKeys (ConfUtils.java:logGet(43)) - raft.server.rpcslowness.timeout = 120s (custom)
2019-09-19 14:04:51,906 [pool-58-thread-1] INFO  server.RaftServerConfigKeys (ConfUtils.java:logGet(43)) - raft.server.sleep.deviation.threshold = 300 (default)
2019-09-19 14:04:51,906 [pool-58-thread-1] INFO  server.RaftServerConfigKeys (ConfUtils.java:logGet(43)) - raft.server.log.appender.install.snapshot.enabled = false (custom)
2019-09-19 14:04:51,906 [pool-58-thread-1] INFO  impl.RaftServerImpl (ServerState.java:<init>(105)) - dcc77c7b-1d37-448d-8d57-43d254561693:group-C61393B9958E ConfigurationManager, init=-1: [dcc77c7b-1d37-448d-8d57-43d254561693:192.168.157.226:34527], old=null, confs=<EMPTY_MAP>
2019-09-19 14:04:51,906 [pool-58-thread-1] INFO  server.RaftServerConfigKeys (ConfUtils.java:logGet(43)) - raft.server.storage.dir = [/workdir/hadoop-ozone/integration-test/target/test-dir/MiniOzoneClusterImpl-3b2755de-4cfe-4b43-9e0d-73dd8eda8f75/datanode-0/data/ratis] (custom)
2019-09-19 14:04:51,906 [Thread-3972] INFO  impl.FollowerState (FollowerState.java:run(106)) - dcc77c7b-1d37-448d-8d57-43d254561693:group-CE1F78CFD901 changes to CANDIDATE, lastRpcTime:5037, electionTimeout:5037ms
2019-09-19 14:04:51,906 [Thread-3972] INFO  impl.RoleInfo (RoleInfo.java:shutdownFollowerState(121)) - dcc77c7b-1d37-448d-8d57-43d254561693: shutdown FollowerState
2019-09-19 14:04:51,906 [Thread-3972] INFO  impl.RaftServerImpl (RaftServerImpl.java:setRole(171)) - dcc77c7b-1d37-448d-8d57-43d254561693:group-CE1F78CFD901 changes role from FOLLOWER to CANDIDATE at term 0 for changeToCandidate
2019-09-19 14:04:51,906 [Thread-3972] INFO  impl.RoleInfo (RoleInfo.java:updateAndGet(143)) - dcc77c7b-1d37-448d-8d57-43d254561693: start LeaderElection
2019-09-19 14:04:51,906 [pool-58-thread-1] INFO  storage.RaftStorageDirectory (RaftStorageDirectory.java:analyzeStorage(246)) - The storage directory /workdir/hadoop-ozone/integration-test/target/test-dir/MiniOzoneClusterImpl-3b2755de-4cfe-4b43-9e0d-73dd8eda8f75/datanode-0/data/ratis/0bcb92b1-8f88-4bb5-a8d7-c61393b9958e does not exist. Creating ...
2019-09-19 14:04:51,916 [Thread-3969] INFO  impl.FollowerState (FollowerState.java:run(106)) - dcc77c7b-1d37-448d-8d57-43d254561693:group-1D6E2DBB19C1 changes to CANDIDATE, lastRpcTime:5074, electionTimeout:5074ms
2019-09-19 14:04:51,916 [Thread-3969] INFO  impl.RoleInfo (RoleInfo.java:shutdownFollowerState(121)) - dcc77c7b-1d37-448d-8d57-43d254561693: shutdown FollowerState
2019-09-19 14:04:51,916 [Thread-3975] INFO  impl.FollowerState (FollowerState.java:run(106)) - dcc77c7b-1d37-448d-8d57-43d254561693:group-5FAB9426E2D8 changes to CANDIDATE, lastRpcTime:5023, electionTimeout:5023ms
2019-09-19 14:04:51,917 [Thread-3975] INFO  impl.RoleInfo (RoleInfo.java:shutdownFollowerState(121)) - dcc77c7b-1d37-448d-8d57-43d254561693: shutdown FollowerState
2019-09-19 14:04:51,917 [Thread-3975] INFO  impl.RaftServerImpl (RaftServerImpl.java:setRole(171)) - dcc77c7b-1d37-448d-8d57-43d254561693:group-5FAB9426E2D8 changes role from FOLLOWER to CANDIDATE at term 0 for changeToCandidate
2019-09-19 14:04:51,916 [Thread-3969] INFO  impl.RaftServerImpl (RaftServerImpl.java:setRole(171)) - dcc77c7b-1d37-448d-8d57-43d254561693:group-1D6E2DBB19C1 changes role from FOLLOWER to CANDIDATE at term 0 for changeToCandidate
2019-09-19 14:04:51,917 [Thread-3975] INFO  impl.RoleInfo (RoleInfo.java:updateAndGet(143)) - dcc77c7b-1d37-448d-8d57-43d254561693: start LeaderElection
2019-09-19 14:04:51,917 [Thread-3969] INFO  impl.RoleInfo (RoleInfo.java:updateAndGet(143)) - dcc77c7b-1d37-448d-8d57-43d254561693: start LeaderElection
2019-09-19 14:04:51,920 [pool-58-thread-1] INFO  storage.RaftStorageDirectory (RaftStorageDirectory.java:tryLock(328)) - Lock on /workdir/hadoop-ozone/integration-test/target/test-dir/MiniOzoneClusterImpl-3b2755de-4cfe-4b43-9e0d-73dd8eda8f75/datanode-0/data/ratis/0bcb92b1-8f88-4bb5-a8d7-c61393b9958e/in_use.lock acquired by nodename 30982@pr-hdds-1569-swxfz-3172132826
2019-09-19 14:04:51,920 [dcc77c7b-1d37-448d-8d57-43d254561693:group-5FAB9426E2D8:LeaderElection509] INFO  impl.LeaderElection (LeaderElection.java:askForVotes(181)) - dcc77c7b-1d37-448d-8d57-43d254561693:group-5FAB9426E2D8:LeaderElection509: begin an election at term 1 for -1: [dcc77c7b-1d37-448d-8d57-43d254561693:192.168.157.226:34527], old=null
2019-09-19 14:04:51,920 [dcc77c7b-1d37-448d-8d57-43d254561693:group-CE1F78CFD901:LeaderElection508] INFO  impl.LeaderElection (LeaderElection.java:askForVotes(181)) - dcc77c7b-1d37-448d-8d57-43d254561693:group-CE1F78CFD901:LeaderElection508: begin an election at term 1 for -1: [dcc77c7b-1d37-448d-8d57-43d254561693:192.168.157.226:34527], old=null
2019-09-19 14:04:51,920 [dcc77c7b-1d37-448d-8d57-43d254561693:group-5FAB9426E2D8:LeaderElection509] INFO  impl.RoleInfo (RoleInfo.java:shutdownLeaderElection(134)) - dcc77c7b-1d37-448d-8d57-43d254561693: shutdown LeaderElection
2019-09-19 14:04:51,920 [dcc77c7b-1d37-448d-8d57-43d254561693:group-CE1F78CFD901:LeaderElection508] INFO  impl.RoleInfo (RoleInfo.java:shutdownLeaderElection(134)) - dcc77c7b-1d37-448d-8d57-43d254561693: shutdown LeaderElection
2019-09-19 14:04:51,920 [dcc77c7b-1d37-448d-8d57-43d254561693:group-5FAB9426E2D8:LeaderElection509] INFO  impl.RaftServerImpl (RaftServerImpl.java:setRole(171)) - dcc77c7b-1d37-448d-8d57-43d254561693:group-5FAB9426E2D8 changes role from CANDIDATE to LEADER at term 1 for changeToLeader
2019-09-19 14:04:51,920 [dcc77c7b-1d37-448d-8d57-43d254561693:group-CE1F78CFD901:LeaderElection508] INFO  impl.RaftServerImpl (RaftServerImpl.java:setRole(171)) - dcc77c7b-1d37-448d-8d57-43d254561693:group-CE1F78CFD901 changes role from CANDIDATE to LEADER at term 1 for changeToLeader
2019-09-19 14:04:51,920 [dcc77c7b-1d37-448d-8d57-43d254561693:group-5FAB9426E2D8:LeaderElection509] INFO  impl.RaftServerImpl (ServerState.java:setLeader(263)) - dcc77c7b-1d37-448d-8d57-43d254561693:group-5FAB9426E2D8 change Leader from null to dcc77c7b-1d37-448d-8d57-43d254561693 at term 1 for becomeLeader, leader elected after 5030ms
2019-09-19 14:04:51,921 [dcc77c7b-1d37-448d-8d57-43d254561693:group-CE1F78CFD901:LeaderElection508] INFO  impl.RaftServerImpl (ServerState.java:setLeader(263)) - dcc77c7b-1d37-448d-8d57-43d254561693:group-CE1F78CFD901 change Leader from null to dcc77c7b-1d37-448d-8d57-43d254561693 at term 1 for becomeLeader, leader elected after 5055ms
2019-09-19 14:04:51,921 [dcc77c7b-1d37-448d-8d57-43d254561693:group-5FAB9426E2D8:LeaderElection509] INFO  server.RaftServerConfigKeys (ConfUtils.java:logGet(43)) - raft.server.staging.catchup.gap = 1000 (default)
2019-09-19 14:04:51,921 [dcc77c7b-1d37-448d-8d57-43d254561693:group-CE1F78CFD901:LeaderElection508] INFO  server.RaftServerConfigKeys (ConfUtils.java:logGet(43)) - raft.server.staging.catchup.gap = 1000 (default)
2019-09-19 14:04:51,921 [dcc77c7b-1d37-448d-8d57-43d254561693:group-5FAB9426E2D8:LeaderElection509] INFO  server.RaftServerConfigKeys (ConfUtils.java:logGet(43)) - raft.server.rpc.sleep.time = 25ms (default)
2019-09-19 14:04:51,921 [dcc77c7b-1d37-448d-8d57-43d254561693:group-CE1F78CFD901:LeaderElection508] INFO  server.RaftServerConfigKeys (ConfUtils.java:logGet(43)) - raft.server.rpc.sleep.time = 25ms (default)
2019-09-19 14:04:51,921 [dcc77c7b-1d37-448d-8d57-43d254561693:group-5FAB9426E2D8:LeaderElection509] INFO  server.RaftServerConfigKeys (ConfUtils.java:logGet(43)) - raft.server.write.element-limit = 4096 (default)
2019-09-19 14:04:51,921 [dcc77c7b-1d37-448d-8d57-43d254561693:group-CE1F78CFD901:LeaderElection508] INFO  server.RaftServerConfigKeys (ConfUtils.java:logGet(43)) - raft.server.write.element-limit = 4096 (default)
2019-09-19 14:04:51,921 [dcc77c7b-1d37-448d-8d57-43d254561693:group-5FAB9426E2D8:LeaderElection509] INFO  server.RaftServerConfigKeys (ConfUtils.java:logGet(43)) - raft.server.watch.timeout = 10s (default)
2019-09-19 14:04:51,921 [dcc77c7b-1d37-448d-8d57-43d254561693:group-CE1F78CFD901:LeaderElection508] INFO  server.RaftServerConfigKeys (ConfUtils.java:logGet(43)) - raft.server.watch.timeout = 10s (default)
2019-09-19 14:04:51,921 [dcc77c7b-1d37-448d-8d57-43d254561693:group-5FAB9426E2D8:LeaderElection509] INFO  server.RaftServerConfigKeys (ConfUtils.java:logGet(43)) - raft.server.watch.timeout.denomination = 1s (default)
2019-09-19 14:04:51,921 [dcc77c7b-1d37-448d-8d57-43d254561693:group-CE1F78CFD901:LeaderElection508] INFO  server.RaftServerConfigKeys (ConfUtils.java:logGet(43)) - raft.server.watch.timeout.denomination = 1s (default)
2019-09-19 14:04:51,921 [dcc77c7b-1d37-448d-8d57-43d254561693:group-5FAB9426E2D8:LeaderElection509] INFO  server.RaftServerConfigKeys (ConfUtils.java:logGet(43)) - raft.server.watch.element-limit = 65536 (default)
2019-09-19 14:04:51,921 [dcc77c7b-1d37-448d-8d57-43d254561693:group-CE1F78CFD901:LeaderElection508] INFO  server.RaftServerConfigKeys (ConfUtils.java:logGet(43)) - raft.server.watch.element-limit = 65536 (default)
2019-09-19 14:04:51,922 [dcc77c7b-1d37-448d-8d57-43d254561693:group-5FAB9426E2D8:LeaderElection509] INFO  impl.RoleInfo (RoleInfo.java:updateAndGet(143)) - dcc77c7b-1d37-448d-8d57-43d254561693: start LeaderState
2019-09-19 14:04:51,922 [dcc77c7b-1d37-448d-8d57-43d254561693:group-CE1F78CFD901:LeaderElection508] INFO  impl.RoleInfo (RoleInfo.java:updateAndGet(143)) - dcc77c7b-1d37-448d-8d57-43d254561693: start LeaderState
2019-09-19 14:04:51,922 [dcc77c7b-1d37-448d-8d57-43d254561693:group-5FAB9426E2D8:LeaderElection509] INFO  segmented.SegmentedRaftLogWorker (SegmentedRaftLogWorker.java:startLogSegment(380)) - dcc77c7b-1d37-448d-8d57-43d254561693-SegmentedRaftLogWorker:Storage Directory /workdir/hadoop-ozone/integration-test/target/test-dir/MiniOzoneClusterImpl-3b2755de-4cfe-4b43-9e0d-73dd8eda8f75/datanode-0/data/ratis/bcd6d58d-379a-43f3-b255-5fab9426e2d8: Starting segment from index:0
2019-09-19 14:04:51,922 [dcc77c7b-1d37-448d-8d57-43d254561693:group-CE1F78CFD901:LeaderElection508] INFO  segmented.SegmentedRaftLogWorker (SegmentedRaftLogWorker.java:startLogSegment(380)) - dcc77c7b-1d37-448d-8d57-43d254561693-SegmentedRaftLogWorker:Storage Directory /workdir/hadoop-ozone/integration-test/target/test-dir/MiniOzoneClusterImpl-3b2755de-4cfe-4b43-9e0d-73dd8eda8f75/datanode-0/data/ratis/66c9ebb2-09ad-406f-bba2-ce1f78cfd901: Starting segment from index:0
2019-09-19 14:04:51,922 [dcc77c7b-1d37-448d-8d57-43d254561693:group-5FAB9426E2D8:LeaderElection509] INFO  impl.RaftServerImpl (ServerState.java:setRaftConf(361)) - dcc77c7b-1d37-448d-8d57-43d254561693:group-5FAB9426E2D8 set configuration 0: [dcc77c7b-1d37-448d-8d57-43d254561693:192.168.157.226:34527], old=null at 0
2019-09-19 14:04:51,922 [dcc77c7b-1d37-448d-8d57-43d254561693:group-1D6E2DBB19C1:LeaderElection510] INFO  impl.LeaderElection (LeaderElection.java:askForVotes(181)) - dcc77c7b-1d37-448d-8d57-43d254561693:group-1D6E2DBB19C1:LeaderElection510: begin an election at term 1 for -1: [dcc77c7b-1d37-448d-8d57-43d254561693:192.168.157.226:34527], old=null
2019-09-19 14:04:51,922 [dcc77c7b-1d37-448d-8d57-43d254561693:group-CE1F78CFD901:LeaderElection508] INFO  impl.RaftServerImpl (ServerState.java:setRaftConf(361)) - dcc77c7b-1d37-448d-8d57-43d254561693:group-CE1F78CFD901 set configuration 0: [dcc77c7b-1d37-448d-8d57-43d254561693:192.168.157.226:34527], old=null at 0
2019-09-19 14:04:51,922 [dcc77c7b-1d37-448d-8d57-43d254561693:group-1D6E2DBB19C1:LeaderElection510] INFO  impl.RoleInfo (RoleInfo.java:shutdownLeaderElection(134)) - dcc77c7b-1d37-448d-8d57-43d254561693: shutdown LeaderElection
2019-09-19 14:04:51,923 [dcc77c7b-1d37-448d-8d57-43d254561693:group-1D6E2DBB19C1:LeaderElection510] INFO  impl.RaftServerImpl (RaftServerImpl.java:setRole(171)) - dcc77c7b-1d37-448d-8d57-43d254561693:group-1D6E2DBB19C1 changes role from CANDIDATE to LEADER at term 1 for changeToLeader
2019-09-19 14:04:51,923 [dcc77c7b-1d37-448d-8d57-43d254561693:group-1D6E2DBB19C1:LeaderElection510] INFO  impl.RaftServerImpl (ServerState.java:setLeader(263)) - dcc77c7b-1d37-448d-8d57-43d254561693:group-1D6E2DBB19C1 change Leader from null to dcc77c7b-1d37-448d-8d57-43d254561693 at term 1 for becomeLeader, leader elected after 5084ms
2019-09-19 14:04:51,923 [dcc77c7b-1d37-448d-8d57-43d254561693:group-1D6E2DBB19C1:LeaderElection510] INFO  server.RaftServerConfigKeys (ConfUtils.java:logGet(43)) - raft.server.staging.catchup.gap = 1000 (default)
2019-09-19 14:04:51,923 [dcc77c7b-1d37-448d-8d57-43d254561693:group-1D6E2DBB19C1:LeaderElection510] INFO  server.RaftServerConfigKeys (ConfUtils.java:logGet(43)) - raft.server.rpc.sleep.time = 25ms (default)
2019-09-19 14:04:51,923 [dcc77c7b-1d37-448d-8d57-43d254561693:group-1D6E2DBB19C1:LeaderElection510] INFO  server.RaftServerConfigKeys (ConfUtils.java:logGet(43)) - raft.server.write.element-limit = 4096 (default)
2019-09-19 14:04:51,923 [dcc77c7b-1d37-448d-8d57-43d254561693:group-1D6E2DBB19C1:LeaderElection510] INFO  server.RaftServerConfigKeys (ConfUtils.java:logGet(43)) - raft.server.watch.timeout = 10s (default)
2019-09-19 14:04:51,923 [dcc77c7b-1d37-448d-8d57-43d254561693:group-1D6E2DBB19C1:LeaderElection510] INFO  server.RaftServerConfigKeys (ConfUtils.java:logGet(43)) - raft.server.watch.timeout.denomination = 1s (default)
2019-09-19 14:04:51,923 [dcc77c7b-1d37-448d-8d57-43d254561693:group-1D6E2DBB19C1:LeaderElection510] INFO  server.RaftServerConfigKeys (ConfUtils.java:logGet(43)) - raft.server.watch.element-limit = 65536 (default)
2019-09-19 14:04:51,923 [dcc77c7b-1d37-448d-8d57-43d254561693:group-1D6E2DBB19C1:LeaderElection510] INFO  impl.RoleInfo (RoleInfo.java:updateAndGet(143)) - dcc77c7b-1d37-448d-8d57-43d254561693: start LeaderState
2019-09-19 14:04:51,923 [dcc77c7b-1d37-448d-8d57-43d254561693:group-1D6E2DBB19C1:LeaderElection510] INFO  segmented.SegmentedRaftLogWorker (SegmentedRaftLogWorker.java:startLogSegment(380)) - dcc77c7b-1d37-448d-8d57-43d254561693-SegmentedRaftLogWorker:Storage Directory /workdir/hadoop-ozone/integration-test/target/test-dir/MiniOzoneClusterImpl-3b2755de-4cfe-4b43-9e0d-73dd8eda8f75/datanode-0/data/ratis/aea4a1bd-d5d8-4d58-a567-1d6e2dbb19c1: Starting segment from index:0
2019-09-19 14:04:51,924 [dcc77c7b-1d37-448d-8d57-43d254561693:group-1D6E2DBB19C1:LeaderElection510] INFO  impl.RaftServerImpl (ServerState.java:setRaftConf(361)) - dcc77c7b-1d37-448d-8d57-43d254561693:group-1D6E2DBB19C1 set configuration 0: [dcc77c7b-1d37-448d-8d57-43d254561693:192.168.157.226:34527], old=null at 0
2019-09-19 14:04:51,924 [pool-58-thread-1] INFO  storage.RaftStorage (RaftStorage.java:format(72)) - Storage directory /workdir/hadoop-ozone/integration-test/target/test-dir/MiniOzoneClusterImpl-3b2755de-4cfe-4b43-9e0d-73dd8eda8f75/datanode-0/data/ratis/0bcb92b1-8f88-4bb5-a8d7-c61393b9958e has been successfully formatted.
2019-09-19 14:04:51,924 [pool-58-thread-1] INFO  ratis.ContainerStateMachine (ContainerStateMachine.java:loadSnapshot(226)) - group-C61393B9958E: The snapshot info is null. Setting the last applied indexto:(t:0, i:~)
2019-09-19 14:04:51,924 [pool-58-thread-1] INFO  server.RaftServerConfigKeys (ConfUtils.java:logGet(43)) - raft.server.leader.election.timeout = 120s (custom)
2019-09-19 14:04:51,925 [pool-58-thread-1] INFO  server.RaftServerConfigKeys (ConfUtils.java:logGet(43)) - raft.server.log.use.memory = false (default)
2019-09-19 14:04:51,925 [pool-58-thread-1] INFO  server.RaftServerConfigKeys (ConfUtils.java:logGet(43)) - raft.server.log.purge.gap = 1000000 (custom)
2019-09-19 14:04:51,925 [pool-58-thread-1] INFO  server.RaftServerConfigKeys (ConfUtils.java:logGet(43)) - raft.server.log.appender.buffer.byte-limit = 33554432 (custom)
2019-09-19 14:04:51,925 [Thread-3966] INFO  impl.FollowerState (FollowerState.java:run(106)) - dcc77c7b-1d37-448d-8d57-43d254561693:group-1DDB5CE4E967 changes to CANDIDATE, lastRpcTime:5119, electionTimeout:5119ms
2019-09-19 14:04:51,925 [pool-58-thread-1] INFO  server.RaftServerConfigKeys (ConfUtils.java:logGet(43)) - raft.server.log.segment.size.max = 1048576 (custom)
2019-09-19 14:04:51,925 [Thread-3966] INFO  impl.RoleInfo (RoleInfo.java:shutdownFollowerState(121)) - dcc77c7b-1d37-448d-8d57-43d254561693: shutdown FollowerState
2019-09-19 14:04:51,925 [pool-58-thread-1] INFO  server.RaftServerConfigKeys (ConfUtils.java:logGet(43)) - raft.server.log.segment.cache.num.max = 2 (custom)
2019-09-19 14:04:51,925 [Thread-3966] INFO  impl.RaftServerImpl (RaftServerImpl.java:setRole(171)) - dcc77c7b-1d37-448d-8d57-43d254561693:group-1DDB5CE4E967 changes role from FOLLOWER to CANDIDATE at term 0 for changeToCandidate
2019-09-19 14:04:51,925 [pool-58-thread-1] INFO  segmented.SegmentedRaftLogWorker (SegmentedRaftLogWorker.java:<init>(172)) - new dcc77c7b-1d37-448d-8d57-43d254561693-SegmentedRaftLogWorker:Storage Directory /workdir/hadoop-ozone/integration-test/target/test-dir/MiniOzoneClusterImpl-3b2755de-4cfe-4b43-9e0d-73dd8eda8f75/datanode-0/data/ratis/0bcb92b1-8f88-4bb5-a8d7-c61393b9958e for RaftStorage:Storage Directory /workdir/hadoop-ozone/integration-test/target/test-dir/MiniOzoneClusterImpl-3b2755de-4cfe-4b43-9e0d-73dd8eda8f75/datanode-0/data/ratis/0bcb92b1-8f88-4bb5-a8d7-c61393b9958e
2019-09-19 14:04:51,925 [Thread-3966] INFO  impl.RoleInfo (RoleInfo.java:updateAndGet(143)) - dcc77c7b-1d37-448d-8d57-43d254561693: start LeaderElection
2019-09-19 14:04:51,925 [pool-58-thread-1] INFO  server.RaftServerConfigKeys (ConfUtils.java:logGet(43)) - raft.server.log.queue.byte-limit = 2147483647 (custom)
2019-09-19 14:04:51,926 [pool-58-thread-1] INFO  server.RaftServerConfigKeys (ConfUtils.java:logGet(43)) - raft.server.log.queue.element-limit = 1024 (custom)
2019-09-19 14:04:51,926 [pool-58-thread-1] INFO  server.RaftServerConfigKeys (ConfUtils.java:logGet(43)) - raft.server.log.segment.size.max = 1048576 (custom)
2019-09-19 14:04:51,926 [pool-58-thread-1] INFO  server.RaftServerConfigKeys (ConfUtils.java:logGet(43)) - raft.server.log.preallocated.size = 16384 (custom)
2019-09-19 14:04:51,926 [pool-58-thread-1] INFO  server.RaftServerConfigKeys (ConfUtils.java:logGet(43)) - raft.server.log.write.buffer.size = 33554432 (custom)
2019-09-19 14:04:51,926 [pool-58-thread-1] INFO  server.RaftServerConfigKeys (ConfUtils.java:logGet(43)) - raft.server.log.force.sync.num = 128 (default)
2019-09-19 14:04:51,926 [pool-58-thread-1] INFO  server.RaftServerConfigKeys (ConfUtils.java:logGet(43)) - raft.server.log.statemachine.data.sync = true (default)
2019-09-19 14:04:51,926 [pool-58-thread-1] INFO  server.RaftServerConfigKeys (ConfUtils.java:logGet(43)) - raft.server.log.statemachine.data.sync.timeout = 10s (default)
2019-09-19 14:04:51,926 [pool-58-thread-1] INFO  server.RaftServerConfigKeys (ConfUtils.java:logGet(43)) - raft.server.log.statemachine.data.sync.timeout.retry = -1 (default)
2019-09-19 14:04:51,926 [pool-58-thread-1] INFO  server.RaftServerConfigKeys (ConfUtils.java:logGet(43)) - raft.server.log.statemachine.data.caching.enabled = true (custom)
2019-09-19 14:04:51,926 [pool-58-thread-1] INFO  segmented.SegmentedRaftLogWorker (SegmentedRaftLogWorker.java:lambda$new$0(132)) - dcc77c7b-1d37-448d-8d57-43d254561693-SegmentedRaftLogWorker:Storage Directory /workdir/hadoop-ozone/integration-test/target/test-dir/MiniOzoneClusterImpl-3b2755de-4cfe-4b43-9e0d-73dd8eda8f75/datanode-0/data/ratis/0bcb92b1-8f88-4bb5-a8d7-c61393b9958e: flushIndex: setUnconditionally 0 -> -1
2019-09-19 14:04:51,927 [pool-58-thread-1] INFO  server.RaftServerConfigKeys (ConfUtils.java:logGet(43)) - raft.server.snapshot.auto.trigger.enabled = true (custom)
2019-09-19 14:04:51,927 [pool-58-thread-1] INFO  server.RaftServerConfigKeys (ConfUtils.java:logGet(43)) - raft.server.snapshot.auto.trigger.threshold = 1 (custom)
2019-09-19 14:04:51,927 [pool-58-thread-1] INFO  server.RaftServerConfigKeys (ConfUtils.java:logGet(43)) - raft.server.retrycache.expirytime = 600000ms (custom)
2019-09-19 14:04:51,927 [pool-58-thread-1] INFO  impl.RaftServerImpl (RaftServerImpl.java:start(180)) - dcc77c7b-1d37-448d-8d57-43d254561693: start group-C61393B9958E
2019-09-19 14:04:51,927 [pool-58-thread-1] INFO  impl.RaftServerImpl (RaftServerImpl.java:setRole(171)) - dcc77c7b-1d37-448d-8d57-43d254561693:group-C61393B9958E changes role from null to FOLLOWER at term 0 for startAsFollower
2019-09-19 14:04:51,927 [pool-58-thread-1] INFO  impl.RoleInfo (RoleInfo.java:updateAndGet(143)) - dcc77c7b-1d37-448d-8d57-43d254561693: start FollowerState
2019-09-19 14:04:51,927 [pool-58-thread-1] INFO  util.JmxRegister (JmxRegister.java:tryRegister(44)) - Successfully registered JMX Bean with object name Ratis:service=RaftServer,group=group-C61393B9958E,id=dcc77c7b-1d37-448d-8d57-43d254561693
2019-09-19 14:04:51,929 [RatisPipelineUtilsThread] INFO  pipeline.PipelineStateManager (PipelineStateManager.java:addPipeline(56)) - Created pipeline Pipeline[ Id: 0bcb92b1-8f88-4bb5-a8d7-c61393b9958e, Nodes: dcc77c7b-1d37-448d-8d57-43d254561693{ip: 192.168.157.226, host: pr-hdds-1569-swxfz-3172132826, networkLocation: /default-rack, certSerialId: null}, Type:RATIS, Factor:ONE, State:OPEN]
2019-09-19 14:04:51,931 [grpc-default-executor-1] INFO  impl.RaftServerProxy (RaftServerProxy.java:addNew(89)) - dcc77c7b-1d37-448d-8d57-43d254561693: addNew group-F426BA34EE2B:[dcc77c7b-1d37-448d-8d57-43d254561693:192.168.157.226:34527] returns group-F426BA34EE2B:java.util.concurrent.CompletableFuture@2f52044a[Not completed]
2019-09-19 14:04:51,931 [pool-58-thread-1] INFO  impl.RaftServerImpl (RaftServerImpl.java:<init>(93)) - dcc77c7b-1d37-448d-8d57-43d254561693: new RaftServerImpl for group-F426BA34EE2B:[dcc77c7b-1d37-448d-8d57-43d254561693:192.168.157.226:34527] with ContainerStateMachine:uninitialized
2019-09-19 14:04:51,931 [pool-58-thread-1] INFO  server.RaftServerConfigKeys (ConfUtils.java:logGet(43)) - raft.server.rpc.timeout.min = 5s (custom)
2019-09-19 14:04:51,931 [pool-58-thread-1] INFO  server.RaftServerConfigKeys (ConfUtils.java:logGet(43)) - raft.server.rpc.timeout.max = 5200ms (custom)
2019-09-19 14:04:51,931 [pool-58-thread-1] INFO  server.RaftServerConfigKeys (ConfUtils.java:logGet(43)) - raft.server.rpcslowness.timeout = 120s (custom)
2019-09-19 14:04:51,932 [pool-58-thread-1] INFO  server.RaftServerConfigKeys (ConfUtils.java:logGet(43)) - raft.server.sleep.deviation.threshold = 300 (default)
2019-09-19 14:04:51,932 [pool-58-thread-1] INFO  server.RaftServerConfigKeys (ConfUtils.java:logGet(43)) - raft.server.log.appender.install.snapshot.enabled = false (custom)
2019-09-19 14:04:51,932 [pool-58-thread-1] INFO  impl.RaftServerImpl (ServerState.java:<init>(105)) - dcc77c7b-1d37-448d-8d57-43d254561693:group-F426BA34EE2B ConfigurationManager, init=-1: [dcc77c7b-1d37-448d-8d57-43d254561693:192.168.157.226:34527], old=null, confs=<EMPTY_MAP>
2019-09-19 14:04:51,932 [pool-58-thread-1] INFO  server.RaftServerConfigKeys (ConfUtils.java:logGet(43)) - raft.server.storage.dir = [/workdir/hadoop-ozone/integration-test/target/test-dir/MiniOzoneClusterImpl-3b2755de-4cfe-4b43-9e0d-73dd8eda8f75/datanode-0/data/ratis] (custom)
2019-09-19 14:04:51,932 [pool-58-thread-1] INFO  storage.RaftStorageDirectory (RaftStorageDirectory.java:analyzeStorage(246)) - The storage directory /workdir/hadoop-ozone/integration-test/target/test-dir/MiniOzoneClusterImpl-3b2755de-4cfe-4b43-9e0d-73dd8eda8f75/datanode-0/data/ratis/c10b78a9-67e9-4f55-be11-f426ba34ee2b does not exist. Creating ...
2019-09-19 14:04:51,957 [pool-58-thread-1] INFO  storage.RaftStorageDirectory (RaftStorageDirectory.java:tryLock(328)) - Lock on /workdir/hadoop-ozone/integration-test/target/test-dir/MiniOzoneClusterImpl-3b2755de-4cfe-4b43-9e0d-73dd8eda8f75/datanode-0/data/ratis/c10b78a9-67e9-4f55-be11-f426ba34ee2b/in_use.lock acquired by nodename 30982@pr-hdds-1569-swxfz-3172132826
2019-09-19 14:04:51,958 [dcc77c7b-1d37-448d-8d57-43d254561693:group-1DDB5CE4E967:LeaderElection511] INFO  impl.LeaderElection (LeaderElection.java:askForVotes(181)) - dcc77c7b-1d37-448d-8d57-43d254561693:group-1DDB5CE4E967:LeaderElection511: begin an election at term 1 for -1: [dcc77c7b-1d37-448d-8d57-43d254561693:192.168.157.226:34527], old=null
2019-09-19 14:04:51,957 [dcc77c7b-1d37-448d-8d57-43d254561693-SegmentedRaftLogWorker:Storage Directory /workdir/hadoop-ozone/integration-test/target/test-dir/MiniOzoneClusterImpl-3b2755de-4cfe-4b43-9e0d-73dd8eda8f75/datanode-0/data/ratis/ee477f9e-4b1e-418d-a7a1-b45b8ae2ba5b] INFO  segmented.SegmentedRaftLogWorker (SegmentedRaftLogWorker.java:execute(569)) - dcc77c7b-1d37-448d-8d57-43d254561693-SegmentedRaftLogWorker:Storage Directory /workdir/hadoop-ozone/integration-test/target/test-dir/MiniOzoneClusterImpl-3b2755de-4cfe-4b43-9e0d-73dd8eda8f75/datanode-0/data/ratis/ee477f9e-4b1e-418d-a7a1-b45b8ae2ba5b: created new log segment /workdir/hadoop-ozone/integration-test/target/test-dir/MiniOzoneClusterImpl-3b2755de-4cfe-4b43-9e0d-73dd8eda8f75/datanode-0/data/ratis/ee477f9e-4b1e-418d-a7a1-b45b8ae2ba5b/current/log_inprogress_0
2019-09-19 14:04:51,957 [dcc77c7b-1d37-448d-8d57-43d254561693-SegmentedRaftLogWorker:Storage Directory /workdir/hadoop-ozone/integration-test/target/test-dir/MiniOzoneClusterImpl-3b2755de-4cfe-4b43-9e0d-73dd8eda8f75/datanode-0/data/ratis/aea4a1bd-d5d8-4d58-a567-1d6e2dbb19c1] INFO  segmented.SegmentedRaftLogWorker (SegmentedRaftLogWorker.java:execute(569)) - dcc77c7b-1d37-448d-8d57-43d254561693-SegmentedRaftLogWorker:Storage Directory /workdir/hadoop-ozone/integration-test/target/test-dir/MiniOzoneClusterImpl-3b2755de-4cfe-4b43-9e0d-73dd8eda8f75/datanode-0/data/ratis/aea4a1bd-d5d8-4d58-a567-1d6e2dbb19c1: created new log segment /workdir/hadoop-ozone/integration-test/target/test-dir/MiniOzoneClusterImpl-3b2755de-4cfe-4b43-9e0d-73dd8eda8f75/datanode-0/data/ratis/aea4a1bd-d5d8-4d58-a567-1d6e2dbb19c1/current/log_inprogress_0
2019-09-19 14:04:51,957 [dcc77c7b-1d37-448d-8d57-43d254561693-SegmentedRaftLogWorker:Storage Directory /workdir/hadoop-ozone/integration-test/target/test-dir/MiniOzoneClusterImpl-3b2755de-4cfe-4b43-9e0d-73dd8eda8f75/datanode-0/data/ratis/bcd6d58d-379a-43f3-b255-5fab9426e2d8] INFO  segmented.SegmentedRaftLogWorker (SegmentedRaftLogWorker.java:execute(569)) - dcc77c7b-1d37-448d-8d57-43d254561693-SegmentedRaftLogWorker:Storage Directory /workdir/hadoop-ozone/integration-test/target/test-dir/MiniOzoneClusterImpl-3b2755de-4cfe-4b43-9e0d-73dd8eda8f75/datanode-0/data/ratis/bcd6d58d-379a-43f3-b255-5fab9426e2d8: created new log segment /workdir/hadoop-ozone/integration-test/target/test-dir/MiniOzoneClusterImpl-3b2755de-4cfe-4b43-9e0d-73dd8eda8f75/datanode-0/data/ratis/bcd6d58d-379a-43f3-b255-5fab9426e2d8/current/log_inprogress_0
2019-09-19 14:04:51,958 [dcc77c7b-1d37-448d-8d57-43d254561693:group-1DDB5CE4E967:LeaderElection511] INFO  impl.RoleInfo (RoleInfo.java:shutdownLeaderElection(134)) - dcc77c7b-1d37-448d-8d57-43d254561693: shutdown LeaderElection
2019-09-19 14:04:51,958 [dcc77c7b-1d37-448d-8d57-43d254561693:group-1DDB5CE4E967:LeaderElection511] INFO  impl.RaftServerImpl (RaftServerImpl.java:setRole(171)) - dcc77c7b-1d37-448d-8d57-43d254561693:group-1DDB5CE4E967 changes role from CANDIDATE to LEADER at term 1 for changeToLeader
2019-09-19 14:04:51,958 [dcc77c7b-1d37-448d-8d57-43d254561693:group-1DDB5CE4E967:LeaderElection511] INFO  impl.RaftServerImpl (ServerState.java:setLeader(263)) - dcc77c7b-1d37-448d-8d57-43d254561693:group-1DDB5CE4E967 change Leader from null to dcc77c7b-1d37-448d-8d57-43d254561693 at term 1 for becomeLeader, leader elected after 5156ms
2019-09-19 14:04:51,958 [dcc77c7b-1d37-448d-8d57-43d254561693:group-1DDB5CE4E967:LeaderElection511] INFO  server.RaftServerConfigKeys (ConfUtils.java:logGet(43)) - raft.server.staging.catchup.gap = 1000 (default)
2019-09-19 14:04:51,959 [dcc77c7b-1d37-448d-8d57-43d254561693:group-1DDB5CE4E967:LeaderElection511] INFO  server.RaftServerConfigKeys (ConfUtils.java:logGet(43)) - raft.server.rpc.sleep.time = 25ms (default)
2019-09-19 14:04:51,959 [dcc77c7b-1d37-448d-8d57-43d254561693:group-1DDB5CE4E967:LeaderElection511] INFO  server.RaftServerConfigKeys (ConfUtils.java:logGet(43)) - raft.server.write.element-limit = 4096 (default)
2019-09-19 14:04:51,959 [dcc77c7b-1d37-448d-8d57-43d254561693:group-1DDB5CE4E967:LeaderElection511] INFO  server.RaftServerConfigKeys (ConfUtils.java:logGet(43)) - raft.server.watch.timeout = 10s (default)
2019-09-19 14:04:51,959 [dcc77c7b-1d37-448d-8d57-43d254561693:group-1DDB5CE4E967:LeaderElection511] INFO  server.RaftServerConfigKeys (ConfUtils.java:logGet(43)) - raft.server.watch.timeout.denomination = 1s (default)
2019-09-19 14:04:51,959 [dcc77c7b-1d37-448d-8d57-43d254561693:group-1DDB5CE4E967:LeaderElection511] INFO  server.RaftServerConfigKeys (ConfUtils.java:logGet(43)) - raft.server.watch.element-limit = 65536 (default)
2019-09-19 14:04:51,959 [dcc77c7b-1d37-448d-8d57-43d254561693:group-1DDB5CE4E967:LeaderElection511] INFO  impl.RoleInfo (RoleInfo.java:updateAndGet(143)) - dcc77c7b-1d37-448d-8d57-43d254561693: start LeaderState
2019-09-19 14:04:51,959 [dcc77c7b-1d37-448d-8d57-43d254561693:group-1DDB5CE4E967:LeaderElection511] INFO  segmented.SegmentedRaftLogWorker (SegmentedRaftLogWorker.java:startLogSegment(380)) - dcc77c7b-1d37-448d-8d57-43d254561693-SegmentedRaftLogWorker:Storage Directory /workdir/hadoop-ozone/integration-test/target/test-dir/MiniOzoneClusterImpl-3b2755de-4cfe-4b43-9e0d-73dd8eda8f75/datanode-0/data/ratis/e2abdaee-f9cc-49f6-a60c-1ddb5ce4e967: Starting segment from index:0
2019-09-19 14:04:51,960 [dcc77c7b-1d37-448d-8d57-43d254561693:group-1DDB5CE4E967:LeaderElection511] INFO  impl.RaftServerImpl (ServerState.java:setRaftConf(361)) - dcc77c7b-1d37-448d-8d57-43d254561693:group-1DDB5CE4E967 set configuration 0: [dcc77c7b-1d37-448d-8d57-43d254561693:192.168.157.226:34527], old=null at 0
2019-09-19 14:04:51,971 [dcc77c7b-1d37-448d-8d57-43d254561693-SegmentedRaftLogWorker:Storage Directory /workdir/hadoop-ozone/integration-test/target/test-dir/MiniOzoneClusterImpl-3b2755de-4cfe-4b43-9e0d-73dd8eda8f75/datanode-0/data/ratis/66c9ebb2-09ad-406f-bba2-ce1f78cfd901] INFO  segmented.SegmentedRaftLogWorker (SegmentedRaftLogWorker.java:execute(569)) - dcc77c7b-1d37-448d-8d57-43d254561693-SegmentedRaftLogWorker:Storage Directory /workdir/hadoop-ozone/integration-test/target/test-dir/MiniOzoneClusterImpl-3b2755de-4cfe-4b43-9e0d-73dd8eda8f75/datanode-0/data/ratis/66c9ebb2-09ad-406f-bba2-ce1f78cfd901: created new log segment /workdir/hadoop-ozone/integration-test/target/test-dir/MiniOzoneClusterImpl-3b2755de-4cfe-4b43-9e0d-73dd8eda8f75/datanode-0/data/ratis/66c9ebb2-09ad-406f-bba2-ce1f78cfd901/current/log_inprogress_0
2019-09-19 14:04:51,973 [pool-58-thread-1] INFO  storage.RaftStorage (RaftStorage.java:format(72)) - Storage directory /workdir/hadoop-ozone/integration-test/target/test-dir/MiniOzoneClusterImpl-3b2755de-4cfe-4b43-9e0d-73dd8eda8f75/datanode-0/data/ratis/c10b78a9-67e9-4f55-be11-f426ba34ee2b has been successfully formatted.
2019-09-19 14:04:51,973 [pool-58-thread-1] INFO  ratis.ContainerStateMachine (ContainerStateMachine.java:loadSnapshot(226)) - group-F426BA34EE2B: The snapshot info is null. Setting the last applied indexto:(t:0, i:~)
2019-09-19 14:04:51,973 [pool-58-thread-1] INFO  server.RaftServerConfigKeys (ConfUtils.java:logGet(43)) - raft.server.leader.election.timeout = 120s (custom)
2019-09-19 14:04:51,973 [pool-58-thread-1] INFO  server.RaftServerConfigKeys (ConfUtils.java:logGet(43)) - raft.server.log.use.memory = false (default)
2019-09-19 14:04:51,973 [pool-58-thread-1] INFO  server.RaftServerConfigKeys (ConfUtils.java:logGet(43)) - raft.server.log.purge.gap = 1000000 (custom)
2019-09-19 14:04:51,973 [pool-58-thread-1] INFO  server.RaftServerConfigKeys (ConfUtils.java:logGet(43)) - raft.server.log.appender.buffer.byte-limit = 33554432 (custom)
2019-09-19 14:04:51,973 [pool-58-thread-1] INFO  server.RaftServerConfigKeys (ConfUtils.java:logGet(43)) - raft.server.log.segment.size.max = 1048576 (custom)
2019-09-19 14:04:51,973 [pool-58-thread-1] INFO  server.RaftServerConfigKeys (ConfUtils.java:logGet(43)) - raft.server.log.segment.cache.num.max = 2 (custom)
2019-09-19 14:04:51,974 [pool-58-thread-1] INFO  segmented.SegmentedRaftLogWorker (SegmentedRaftLogWorker.java:<init>(172)) - new dcc77c7b-1d37-448d-8d57-43d254561693-SegmentedRaftLogWorker:Storage Directory /workdir/hadoop-ozone/integration-test/target/test-dir/MiniOzoneClusterImpl-3b2755de-4cfe-4b43-9e0d-73dd8eda8f75/datanode-0/data/ratis/c10b78a9-67e9-4f55-be11-f426ba34ee2b for RaftStorage:Storage Directory /workdir/hadoop-ozone/integration-test/target/test-dir/MiniOzoneClusterImpl-3b2755de-4cfe-4b43-9e0d-73dd8eda8f75/datanode-0/data/ratis/c10b78a9-67e9-4f55-be11-f426ba34ee2b
2019-09-19 14:04:51,974 [pool-58-thread-1] INFO  server.RaftServerConfigKeys (ConfUtils.java:logGet(43)) - raft.server.log.queue.byte-limit = 2147483647 (custom)
2019-09-19 14:04:51,974 [pool-58-thread-1] INFO  server.RaftServerConfigKeys (ConfUtils.java:logGet(43)) - raft.server.log.queue.element-limit = 1024 (custom)
2019-09-19 14:04:51,974 [pool-58-thread-1] INFO  server.RaftServerConfigKeys (ConfUtils.java:logGet(43)) - raft.server.log.segment.size.max = 1048576 (custom)
2019-09-19 14:04:51,974 [pool-58-thread-1] INFO  server.RaftServerConfigKeys (ConfUtils.java:logGet(43)) - raft.server.log.preallocated.size = 16384 (custom)
2019-09-19 14:04:51,974 [pool-58-thread-1] INFO  server.RaftServerConfigKeys (ConfUtils.java:logGet(43)) - raft.server.log.write.buffer.size = 33554432 (custom)
2019-09-19 14:04:51,974 [pool-58-thread-1] INFO  server.RaftServerConfigKeys (ConfUtils.java:logGet(43)) - raft.server.log.force.sync.num = 128 (default)
2019-09-19 14:04:51,974 [pool-58-thread-1] INFO  server.RaftServerConfigKeys (ConfUtils.java:logGet(43)) - raft.server.log.statemachine.data.sync = true (default)
2019-09-19 14:04:51,974 [pool-58-thread-1] INFO  server.RaftServerConfigKeys (ConfUtils.java:logGet(43)) - raft.server.log.statemachine.data.sync.timeout = 10s (default)
2019-09-19 14:04:51,974 [pool-58-thread-1] INFO  server.RaftServerConfigKeys (ConfUtils.java:logGet(43)) - raft.server.log.statemachine.data.sync.timeout.retry = -1 (default)
2019-09-19 14:04:51,974 [pool-58-thread-1] INFO  server.RaftServerConfigKeys (ConfUtils.java:logGet(43)) - raft.server.log.statemachine.data.caching.enabled = true (custom)
2019-09-19 14:04:51,974 [pool-58-thread-1] INFO  segmented.SegmentedRaftLogWorker (SegmentedRaftLogWorker.java:lambda$new$0(132)) - dcc77c7b-1d37-448d-8d57-43d254561693-SegmentedRaftLogWorker:Storage Directory /workdir/hadoop-ozone/integration-test/target/test-dir/MiniOzoneClusterImpl-3b2755de-4cfe-4b43-9e0d-73dd8eda8f75/datanode-0/data/ratis/c10b78a9-67e9-4f55-be11-f426ba34ee2b: flushIndex: setUnconditionally 0 -> -1
2019-09-19 14:04:51,975 [pool-58-thread-1] INFO  server.RaftServerConfigKeys (ConfUtils.java:logGet(43)) - raft.server.snapshot.auto.trigger.enabled = true (custom)
2019-09-19 14:04:51,975 [pool-58-thread-1] INFO  server.RaftServerConfigKeys (ConfUtils.java:logGet(43)) - raft.server.snapshot.auto.trigger.threshold = 1 (custom)
2019-09-19 14:04:51,975 [pool-58-thread-1] INFO  server.RaftServerConfigKeys (ConfUtils.java:logGet(43)) - raft.server.retrycache.expirytime = 600000ms (custom)
2019-09-19 14:04:51,975 [pool-58-thread-1] INFO  impl.RaftServerImpl (RaftServerImpl.java:start(180)) - dcc77c7b-1d37-448d-8d57-43d254561693: start group-F426BA34EE2B
2019-09-19 14:04:51,975 [pool-58-thread-1] INFO  impl.RaftServerImpl (RaftServerImpl.java:setRole(171)) - dcc77c7b-1d37-448d-8d57-43d254561693:group-F426BA34EE2B changes role from null to FOLLOWER at term 0 for startAsFollower
2019-09-19 14:04:51,975 [pool-58-thread-1] INFO  impl.RoleInfo (RoleInfo.java:updateAndGet(143)) - dcc77c7b-1d37-448d-8d57-43d254561693: start FollowerState
2019-09-19 14:04:51,975 [pool-58-thread-1] INFO  util.JmxRegister (JmxRegister.java:tryRegister(44)) - Successfully registered JMX Bean with object name Ratis:service=RaftServer,group=group-F426BA34EE2B,id=dcc77c7b-1d37-448d-8d57-43d254561693
2019-09-19 14:04:51,976 [RatisPipelineUtilsThread] INFO  pipeline.PipelineStateManager (PipelineStateManager.java:addPipeline(56)) - Created pipeline Pipeline[ Id: c10b78a9-67e9-4f55-be11-f426ba34ee2b, Nodes: dcc77c7b-1d37-448d-8d57-43d254561693{ip: 192.168.157.226, host: pr-hdds-1569-swxfz-3172132826, networkLocation: /default-rack, certSerialId: null}, Type:RATIS, Factor:ONE, State:OPEN]
2019-09-19 14:04:51,978 [grpc-default-executor-1] INFO  impl.RaftServerProxy (RaftServerProxy.java:addNew(89)) - dcc77c7b-1d37-448d-8d57-43d254561693: addNew group-D44479695D46:[dcc77c7b-1d37-448d-8d57-43d254561693:192.168.157.226:34527] returns group-D44479695D46:java.util.concurrent.CompletableFuture@24428720[Not completed]
2019-09-19 14:04:51,979 [pool-58-thread-1] INFO  impl.RaftServerImpl (RaftServerImpl.java:<init>(93)) - dcc77c7b-1d37-448d-8d57-43d254561693: new RaftServerImpl for group-D44479695D46:[dcc77c7b-1d37-448d-8d57-43d254561693:192.168.157.226:34527] with ContainerStateMachine:uninitialized
2019-09-19 14:04:51,979 [pool-58-thread-1] INFO  server.RaftServerConfigKeys (ConfUtils.java:logGet(43)) - raft.server.rpc.timeout.min = 5s (custom)
2019-09-19 14:04:51,979 [pool-58-thread-1] INFO  server.RaftServerConfigKeys (ConfUtils.java:logGet(43)) - raft.server.rpc.timeout.max = 5200ms (custom)
2019-09-19 14:04:51,979 [pool-58-thread-1] INFO  server.RaftServerConfigKeys (ConfUtils.java:logGet(43)) - raft.server.rpcslowness.timeout = 120s (custom)
2019-09-19 14:04:51,979 [pool-58-thread-1] INFO  server.RaftServerConfigKeys (ConfUtils.java:logGet(43)) - raft.server.sleep.deviation.threshold = 300 (default)
2019-09-19 14:04:51,979 [pool-58-thread-1] INFO  server.RaftServerConfigKeys (ConfUtils.java:logGet(43)) - raft.server.log.appender.install.snapshot.enabled = false (custom)
2019-09-19 14:04:51,979 [pool-58-thread-1] INFO  impl.RaftServerImpl (ServerState.java:<init>(105)) - dcc77c7b-1d37-448d-8d57-43d254561693:group-D44479695D46 ConfigurationManager, init=-1: [dcc77c7b-1d37-448d-8d57-43d254561693:192.168.157.226:34527], old=null, confs=<EMPTY_MAP>
2019-09-19 14:04:51,979 [pool-58-thread-1] INFO  server.RaftServerConfigKeys (ConfUtils.java:logGet(43)) - raft.server.storage.dir = [/workdir/hadoop-ozone/integration-test/target/test-dir/MiniOzoneClusterImpl-3b2755de-4cfe-4b43-9e0d-73dd8eda8f75/datanode-0/data/ratis] (custom)
2019-09-19 14:04:51,980 [pool-58-thread-1] INFO  storage.RaftStorageDirectory (RaftStorageDirectory.java:analyzeStorage(246)) - The storage directory /workdir/hadoop-ozone/integration-test/target/test-dir/MiniOzoneClusterImpl-3b2755de-4cfe-4b43-9e0d-73dd8eda8f75/datanode-0/data/ratis/4baffc22-c783-46ab-915d-d44479695d46 does not exist. Creating ...
2019-09-19 14:04:51,992 | INFO  | SCMAudit | user=jenkins1000 | ip=192.168.157.226 | op=SEND_HEARTBEAT {datanodeUUID=dcc77c7b-1d37-448d-8d57-43d254561693, command=[]} | ret=SUCCESS |  
2019-09-19 14:04:51,994 [pool-58-thread-1] INFO  storage.RaftStorageDirectory (RaftStorageDirectory.java:tryLock(328)) - Lock on /workdir/hadoop-ozone/integration-test/target/test-dir/MiniOzoneClusterImpl-3b2755de-4cfe-4b43-9e0d-73dd8eda8f75/datanode-0/data/ratis/4baffc22-c783-46ab-915d-d44479695d46/in_use.lock acquired by nodename 30982@pr-hdds-1569-swxfz-3172132826
2019-09-19 14:04:51,994 [dcc77c7b-1d37-448d-8d57-43d254561693-SegmentedRaftLogWorker:Storage Directory /workdir/hadoop-ozone/integration-test/target/test-dir/MiniOzoneClusterImpl-3b2755de-4cfe-4b43-9e0d-73dd8eda8f75/datanode-0/data/ratis/e2abdaee-f9cc-49f6-a60c-1ddb5ce4e967] INFO  segmented.SegmentedRaftLogWorker (SegmentedRaftLogWorker.java:execute(569)) - dcc77c7b-1d37-448d-8d57-43d254561693-SegmentedRaftLogWorker:Storage Directory /workdir/hadoop-ozone/integration-test/target/test-dir/MiniOzoneClusterImpl-3b2755de-4cfe-4b43-9e0d-73dd8eda8f75/datanode-0/data/ratis/e2abdaee-f9cc-49f6-a60c-1ddb5ce4e967: created new log segment /workdir/hadoop-ozone/integration-test/target/test-dir/MiniOzoneClusterImpl-3b2755de-4cfe-4b43-9e0d-73dd8eda8f75/datanode-0/data/ratis/e2abdaee-f9cc-49f6-a60c-1ddb5ce4e967/current/log_inprogress_0
2019-09-19 14:04:51,997 [pool-58-thread-1] INFO  storage.RaftStorage (RaftStorage.java:format(72)) - Storage directory /workdir/hadoop-ozone/integration-test/target/test-dir/MiniOzoneClusterImpl-3b2755de-4cfe-4b43-9e0d-73dd8eda8f75/datanode-0/data/ratis/4baffc22-c783-46ab-915d-d44479695d46 has been successfully formatted.
2019-09-19 14:04:51,997 [pool-58-thread-1] INFO  ratis.ContainerStateMachine (ContainerStateMachine.java:loadSnapshot(226)) - group-D44479695D46: The snapshot info is null. Setting the last applied indexto:(t:0, i:~)
2019-09-19 14:04:51,997 [pool-58-thread-1] INFO  server.RaftServerConfigKeys (ConfUtils.java:logGet(43)) - raft.server.leader.election.timeout = 120s (custom)
2019-09-19 14:04:51,997 [pool-58-thread-1] INFO  server.RaftServerConfigKeys (ConfUtils.java:logGet(43)) - raft.server.log.use.memory = false (default)
2019-09-19 14:04:51,997 [pool-58-thread-1] INFO  server.RaftServerConfigKeys (ConfUtils.java:logGet(43)) - raft.server.log.purge.gap = 1000000 (custom)
2019-09-19 14:04:51,997 [pool-58-thread-1] INFO  server.RaftServerConfigKeys (ConfUtils.java:logGet(43)) - raft.server.log.appender.buffer.byte-limit = 33554432 (custom)
2019-09-19 14:04:51,997 [pool-58-thread-1] INFO  server.RaftServerConfigKeys (ConfUtils.java:logGet(43)) - raft.server.log.segment.size.max = 1048576 (custom)
2019-09-19 14:04:51,997 [pool-58-thread-1] INFO  server.RaftServerConfigKeys (ConfUtils.java:logGet(43)) - raft.server.log.segment.cache.num.max = 2 (custom)
2019-09-19 14:04:51,997 [pool-58-thread-1] INFO  segmented.SegmentedRaftLogWorker (SegmentedRaftLogWorker.java:<init>(172)) - new dcc77c7b-1d37-448d-8d57-43d254561693-SegmentedRaftLogWorker:Storage Directory /workdir/hadoop-ozone/integration-test/target/test-dir/MiniOzoneClusterImpl-3b2755de-4cfe-4b43-9e0d-73dd8eda8f75/datanode-0/data/ratis/4baffc22-c783-46ab-915d-d44479695d46 for RaftStorage:Storage Directory /workdir/hadoop-ozone/integration-test/target/test-dir/MiniOzoneClusterImpl-3b2755de-4cfe-4b43-9e0d-73dd8eda8f75/datanode-0/data/ratis/4baffc22-c783-46ab-915d-d44479695d46
2019-09-19 14:04:51,998 [pool-58-thread-1] INFO  server.RaftServerConfigKeys (ConfUtils.java:logGet(43)) - raft.server.log.queue.byte-limit = 2147483647 (custom)
2019-09-19 14:04:51,998 [pool-58-thread-1] INFO  server.RaftServerConfigKeys (ConfUtils.java:logGet(43)) - raft.server.log.queue.element-limit = 1024 (custom)
2019-09-19 14:04:51,998 [pool-58-thread-1] INFO  server.RaftServerConfigKeys (ConfUtils.java:logGet(43)) - raft.server.log.segment.size.max = 1048576 (custom)
2019-09-19 14:04:51,998 [pool-58-thread-1] INFO  server.RaftServerConfigKeys (ConfUtils.java:logGet(43)) - raft.server.log.preallocated.size = 16384 (custom)
2019-09-19 14:04:51,998 [pool-58-thread-1] INFO  server.RaftServerConfigKeys (ConfUtils.java:logGet(43)) - raft.server.log.write.buffer.size = 33554432 (custom)
2019-09-19 14:04:51,998 [pool-58-thread-1] INFO  server.RaftServerConfigKeys (ConfUtils.java:logGet(43)) - raft.server.log.force.sync.num = 128 (default)
2019-09-19 14:04:51,998 [pool-58-thread-1] INFO  server.RaftServerConfigKeys (ConfUtils.java:logGet(43)) - raft.server.log.statemachine.data.sync = true (default)
2019-09-19 14:04:51,998 [pool-58-thread-1] INFO  server.RaftServerConfigKeys (ConfUtils.java:logGet(43)) - raft.server.log.statemachine.data.sync.timeout = 10s (default)
2019-09-19 14:04:51,998 [pool-58-thread-1] INFO  server.RaftServerConfigKeys (ConfUtils.java:logGet(43)) - raft.server.log.statemachine.data.sync.timeout.retry = -1 (default)
2019-09-19 14:04:51,998 [pool-58-thread-1] INFO  server.RaftServerConfigKeys (ConfUtils.java:logGet(43)) - raft.server.log.statemachine.data.caching.enabled = true (custom)
2019-09-19 14:04:51,998 [pool-58-thread-1] INFO  segmented.SegmentedRaftLogWorker (SegmentedRaftLogWorker.java:lambda$new$0(132)) - dcc77c7b-1d37-448d-8d57-43d254561693-SegmentedRaftLogWorker:Storage Directory /workdir/hadoop-ozone/integration-test/target/test-dir/MiniOzoneClusterImpl-3b2755de-4cfe-4b43-9e0d-73dd8eda8f75/datanode-0/data/ratis/4baffc22-c783-46ab-915d-d44479695d46: flushIndex: setUnconditionally 0 -> -1
2019-09-19 14:04:51,999 [pool-58-thread-1] INFO  server.RaftServerConfigKeys (ConfUtils.java:logGet(43)) - raft.server.snapshot.auto.trigger.enabled = true (custom)
2019-09-19 14:04:51,999 [pool-58-thread-1] INFO  server.RaftServerConfigKeys (ConfUtils.java:logGet(43)) - raft.server.snapshot.auto.trigger.threshold = 1 (custom)
2019-09-19 14:04:51,999 [pool-58-thread-1] INFO  server.RaftServerConfigKeys (ConfUtils.java:logGet(43)) - raft.server.retrycache.expirytime = 600000ms (custom)
2019-09-19 14:04:51,999 [pool-58-thread-1] INFO  impl.RaftServerImpl (RaftServerImpl.java:start(180)) - dcc77c7b-1d37-448d-8d57-43d254561693: start group-D44479695D46
2019-09-19 14:04:51,999 [pool-58-thread-1] INFO  impl.RaftServerImpl (RaftServerImpl.java:setRole(171)) - dcc77c7b-1d37-448d-8d57-43d254561693:group-D44479695D46 changes role from null to FOLLOWER at term 0 for startAsFollower
2019-09-19 14:04:51,999 [pool-58-thread-1] INFO  impl.RoleInfo (RoleInfo.java:updateAndGet(143)) - dcc77c7b-1d37-448d-8d57-43d254561693: start FollowerState
2019-09-19 14:04:51,999 [pool-58-thread-1] INFO  util.JmxRegister (JmxRegister.java:tryRegister(44)) - Successfully registered JMX Bean with object name Ratis:service=RaftServer,group=group-D44479695D46,id=dcc77c7b-1d37-448d-8d57-43d254561693
2019-09-19 14:04:52,000 [RatisPipelineUtilsThread] INFO  pipeline.PipelineStateManager (PipelineStateManager.java:addPipeline(56)) - Created pipeline Pipeline[ Id: 4baffc22-c783-46ab-915d-d44479695d46, Nodes: dcc77c7b-1d37-448d-8d57-43d254561693{ip: 192.168.157.226, host: pr-hdds-1569-swxfz-3172132826, networkLocation: /default-rack, certSerialId: null}, Type:RATIS, Factor:ONE, State:OPEN]
2019-09-19 14:04:52,002 [grpc-default-executor-1] INFO  impl.RaftServerProxy (RaftServerProxy.java:addNew(89)) - dcc77c7b-1d37-448d-8d57-43d254561693: addNew group-D788F79D6955:[dcc77c7b-1d37-448d-8d57-43d254561693:192.168.157.226:34527] returns group-D788F79D6955:java.util.concurrent.CompletableFuture@12395542[Not completed]
2019-09-19 14:04:52,003 [pool-58-thread-1] INFO  impl.RaftServerImpl (RaftServerImpl.java:<init>(93)) - dcc77c7b-1d37-448d-8d57-43d254561693: new RaftServerImpl for group-D788F79D6955:[dcc77c7b-1d37-448d-8d57-43d254561693:192.168.157.226:34527] with ContainerStateMachine:uninitialized
2019-09-19 14:04:52,003 [pool-58-thread-1] INFO  server.RaftServerConfigKeys (ConfUtils.java:logGet(43)) - raft.server.rpc.timeout.min = 5s (custom)
2019-09-19 14:04:52,003 [pool-58-thread-1] INFO  server.RaftServerConfigKeys (ConfUtils.java:logGet(43)) - raft.server.rpc.timeout.max = 5200ms (custom)
2019-09-19 14:04:52,003 [pool-58-thread-1] INFO  server.RaftServerConfigKeys (ConfUtils.java:logGet(43)) - raft.server.rpcslowness.timeout = 120s (custom)
2019-09-19 14:04:52,003 [pool-58-thread-1] INFO  server.RaftServerConfigKeys (ConfUtils.java:logGet(43)) - raft.server.sleep.deviation.threshold = 300 (default)
2019-09-19 14:04:52,003 [pool-58-thread-1] INFO  server.RaftServerConfigKeys (ConfUtils.java:logGet(43)) - raft.server.log.appender.install.snapshot.enabled = false (custom)
2019-09-19 14:04:52,004 [pool-58-thread-1] INFO  impl.RaftServerImpl (ServerState.java:<init>(105)) - dcc77c7b-1d37-448d-8d57-43d254561693:group-D788F79D6955 ConfigurationManager, init=-1: [dcc77c7b-1d37-448d-8d57-43d254561693:192.168.157.226:34527], old=null, confs=<EMPTY_MAP>
2019-09-19 14:04:52,004 [pool-58-thread-1] INFO  server.RaftServerConfigKeys (ConfUtils.java:logGet(43)) - raft.server.storage.dir = [/workdir/hadoop-ozone/integration-test/target/test-dir/MiniOzoneClusterImpl-3b2755de-4cfe-4b43-9e0d-73dd8eda8f75/datanode-0/data/ratis] (custom)
2019-09-19 14:04:52,004 [pool-58-thread-1] INFO  storage.RaftStorageDirectory (RaftStorageDirectory.java:analyzeStorage(246)) - The storage directory /workdir/hadoop-ozone/integration-test/target/test-dir/MiniOzoneClusterImpl-3b2755de-4cfe-4b43-9e0d-73dd8eda8f75/datanode-0/data/ratis/774be42b-925e-43de-a34a-d788f79d6955 does not exist. Creating ...
2019-09-19 14:04:52,016 [pool-58-thread-1] INFO  storage.RaftStorageDirectory (RaftStorageDirectory.java:tryLock(328)) - Lock on /workdir/hadoop-ozone/integration-test/target/test-dir/MiniOzoneClusterImpl-3b2755de-4cfe-4b43-9e0d-73dd8eda8f75/datanode-0/data/ratis/774be42b-925e-43de-a34a-d788f79d6955/in_use.lock acquired by nodename 30982@pr-hdds-1569-swxfz-3172132826
2019-09-19 14:04:52,029 [pool-58-thread-1] INFO  storage.RaftStorage (RaftStorage.java:format(72)) - Storage directory /workdir/hadoop-ozone/integration-test/target/test-dir/MiniOzoneClusterImpl-3b2755de-4cfe-4b43-9e0d-73dd8eda8f75/datanode-0/data/ratis/774be42b-925e-43de-a34a-d788f79d6955 has been successfully formatted.
2019-09-19 14:04:52,029 [pool-58-thread-1] INFO  ratis.ContainerStateMachine (ContainerStateMachine.java:loadSnapshot(226)) - group-D788F79D6955: The snapshot info is null. Setting the last applied indexto:(t:0, i:~)
2019-09-19 14:04:52,029 [pool-58-thread-1] INFO  server.RaftServerConfigKeys (ConfUtils.java:logGet(43)) - raft.server.leader.election.timeout = 120s (custom)
2019-09-19 14:04:52,029 [pool-58-thread-1] INFO  server.RaftServerConfigKeys (ConfUtils.java:logGet(43)) - raft.server.log.use.memory = false (default)
2019-09-19 14:04:52,029 [pool-58-thread-1] INFO  server.RaftServerConfigKeys (ConfUtils.java:logGet(43)) - raft.server.log.purge.gap = 1000000 (custom)
2019-09-19 14:04:52,029 [pool-58-thread-1] INFO  server.RaftServerConfigKeys (ConfUtils.java:logGet(43)) - raft.server.log.appender.buffer.byte-limit = 33554432 (custom)
2019-09-19 14:04:52,029 [pool-58-thread-1] INFO  server.RaftServerConfigKeys (ConfUtils.java:logGet(43)) - raft.server.log.segment.size.max = 1048576 (custom)
2019-09-19 14:04:52,029 [pool-58-thread-1] INFO  server.RaftServerConfigKeys (ConfUtils.java:logGet(43)) - raft.server.log.segment.cache.num.max = 2 (custom)
2019-09-19 14:04:52,029 [pool-58-thread-1] INFO  segmented.SegmentedRaftLogWorker (SegmentedRaftLogWorker.java:<init>(172)) - new dcc77c7b-1d37-448d-8d57-43d254561693-SegmentedRaftLogWorker:Storage Directory /workdir/hadoop-ozone/integration-test/target/test-dir/MiniOzoneClusterImpl-3b2755de-4cfe-4b43-9e0d-73dd8eda8f75/datanode-0/data/ratis/774be42b-925e-43de-a34a-d788f79d6955 for RaftStorage:Storage Directory /workdir/hadoop-ozone/integration-test/target/test-dir/MiniOzoneClusterImpl-3b2755de-4cfe-4b43-9e0d-73dd8eda8f75/datanode-0/data/ratis/774be42b-925e-43de-a34a-d788f79d6955
2019-09-19 14:04:52,030 [pool-58-thread-1] INFO  server.RaftServerConfigKeys (ConfUtils.java:logGet(43)) - raft.server.log.queue.byte-limit = 2147483647 (custom)
2019-09-19 14:04:52,030 [pool-58-thread-1] INFO  server.RaftServerConfigKeys (ConfUtils.java:logGet(43)) - raft.server.log.queue.element-limit = 1024 (custom)
2019-09-19 14:04:52,030 [pool-58-thread-1] INFO  server.RaftServerConfigKeys (ConfUtils.java:logGet(43)) - raft.server.log.segment.size.max = 1048576 (custom)
2019-09-19 14:04:52,030 [pool-58-thread-1] INFO  server.RaftServerConfigKeys (ConfUtils.java:logGet(43)) - raft.server.log.preallocated.size = 16384 (custom)
2019-09-19 14:04:52,030 [pool-58-thread-1] INFO  server.RaftServerConfigKeys (ConfUtils.java:logGet(43)) - raft.server.log.write.buffer.size = 33554432 (custom)
2019-09-19 14:04:52,030 [pool-58-thread-1] INFO  server.RaftServerConfigKeys (ConfUtils.java:logGet(43)) - raft.server.log.force.sync.num = 128 (default)
2019-09-19 14:04:52,030 [pool-58-thread-1] INFO  server.RaftServerConfigKeys (ConfUtils.java:logGet(43)) - raft.server.log.statemachine.data.sync = true (default)
2019-09-19 14:04:52,030 [pool-58-thread-1] INFO  server.RaftServerConfigKeys (ConfUtils.java:logGet(43)) - raft.server.log.statemachine.data.sync.timeout = 10s (default)
2019-09-19 14:04:52,030 [pool-58-thread-1] INFO  server.RaftServerConfigKeys (ConfUtils.java:logGet(43)) - raft.server.log.statemachine.data.sync.timeout.retry = -1 (default)
2019-09-19 14:04:52,030 [pool-58-thread-1] INFO  server.RaftServerConfigKeys (ConfUtils.java:logGet(43)) - raft.server.log.statemachine.data.caching.enabled = true (custom)
2019-09-19 14:04:52,030 [pool-58-thread-1] INFO  segmented.SegmentedRaftLogWorker (SegmentedRaftLogWorker.java:lambda$new$0(132)) - dcc77c7b-1d37-448d-8d57-43d254561693-SegmentedRaftLogWorker:Storage Directory /workdir/hadoop-ozone/integration-test/target/test-dir/MiniOzoneClusterImpl-3b2755de-4cfe-4b43-9e0d-73dd8eda8f75/datanode-0/data/ratis/774be42b-925e-43de-a34a-d788f79d6955: flushIndex: setUnconditionally 0 -> -1
2019-09-19 14:04:52,031 [pool-58-thread-1] INFO  server.RaftServerConfigKeys (ConfUtils.java:logGet(43)) - raft.server.snapshot.auto.trigger.enabled = true (custom)
2019-09-19 14:04:52,031 [pool-58-thread-1] INFO  server.RaftServerConfigKeys (ConfUtils.java:logGet(43)) - raft.server.snapshot.auto.trigger.threshold = 1 (custom)
2019-09-19 14:04:52,031 [pool-58-thread-1] INFO  server.RaftServerConfigKeys (ConfUtils.java:logGet(43)) - raft.server.retrycache.expirytime = 600000ms (custom)
2019-09-19 14:04:52,031 [pool-58-thread-1] INFO  impl.RaftServerImpl (RaftServerImpl.java:start(180)) - dcc77c7b-1d37-448d-8d57-43d254561693: start group-D788F79D6955
2019-09-19 14:04:52,031 [pool-58-thread-1] INFO  impl.RaftServerImpl (RaftServerImpl.java:setRole(171)) - dcc77c7b-1d37-448d-8d57-43d254561693:group-D788F79D6955 changes role from null to FOLLOWER at term 0 for startAsFollower
2019-09-19 14:04:52,031 [pool-58-thread-1] INFO  impl.RoleInfo (RoleInfo.java:updateAndGet(143)) - dcc77c7b-1d37-448d-8d57-43d254561693: start FollowerState
2019-09-19 14:04:52,031 [pool-58-thread-1] INFO  util.JmxRegister (JmxRegister.java:tryRegister(44)) - Successfully registered JMX Bean with object name Ratis:service=RaftServer,group=group-D788F79D6955,id=dcc77c7b-1d37-448d-8d57-43d254561693
2019-09-19 14:04:52,032 [RatisPipelineUtilsThread] INFO  pipeline.PipelineStateManager (PipelineStateManager.java:addPipeline(56)) - Created pipeline Pipeline[ Id: 774be42b-925e-43de-a34a-d788f79d6955, Nodes: dcc77c7b-1d37-448d-8d57-43d254561693{ip: 192.168.157.226, host: pr-hdds-1569-swxfz-3172132826, networkLocation: /default-rack, certSerialId: null}, Type:RATIS, Factor:ONE, State:OPEN]
2019-09-19 14:04:52,035 [grpc-default-executor-1] INFO  impl.RaftServerProxy (RaftServerProxy.java:addNew(89)) - dcc77c7b-1d37-448d-8d57-43d254561693: addNew group-CD7159C89C08:[dcc77c7b-1d37-448d-8d57-43d254561693:192.168.157.226:34527] returns group-CD7159C89C08:java.util.concurrent.CompletableFuture@5b64f120[Not completed]
2019-09-19 14:04:52,035 [pool-58-thread-1] INFO  impl.RaftServerImpl (RaftServerImpl.java:<init>(93)) - dcc77c7b-1d37-448d-8d57-43d254561693: new RaftServerImpl for group-CD7159C89C08:[dcc77c7b-1d37-448d-8d57-43d254561693:192.168.157.226:34527] with ContainerStateMachine:uninitialized
2019-09-19 14:04:52,035 [pool-58-thread-1] INFO  server.RaftServerConfigKeys (ConfUtils.java:logGet(43)) - raft.server.rpc.timeout.min = 5s (custom)
2019-09-19 14:04:52,035 [pool-58-thread-1] INFO  server.RaftServerConfigKeys (ConfUtils.java:logGet(43)) - raft.server.rpc.timeout.max = 5200ms (custom)
2019-09-19 14:04:52,035 [pool-58-thread-1] INFO  server.RaftServerConfigKeys (ConfUtils.java:logGet(43)) - raft.server.rpcslowness.timeout = 120s (custom)
2019-09-19 14:04:52,035 [pool-58-thread-1] INFO  server.RaftServerConfigKeys (ConfUtils.java:logGet(43)) - raft.server.sleep.deviation.threshold = 300 (default)
2019-09-19 14:04:52,036 [pool-58-thread-1] INFO  server.RaftServerConfigKeys (ConfUtils.java:logGet(43)) - raft.server.log.appender.install.snapshot.enabled = false (custom)
2019-09-19 14:04:52,036 [pool-58-thread-1] INFO  impl.RaftServerImpl (ServerState.java:<init>(105)) - dcc77c7b-1d37-448d-8d57-43d254561693:group-CD7159C89C08 ConfigurationManager, init=-1: [dcc77c7b-1d37-448d-8d57-43d254561693:192.168.157.226:34527], old=null, confs=<EMPTY_MAP>
2019-09-19 14:04:52,036 [pool-58-thread-1] INFO  server.RaftServerConfigKeys (ConfUtils.java:logGet(43)) - raft.server.storage.dir = [/workdir/hadoop-ozone/integration-test/target/test-dir/MiniOzoneClusterImpl-3b2755de-4cfe-4b43-9e0d-73dd8eda8f75/datanode-0/data/ratis] (custom)
2019-09-19 14:04:52,036 [pool-58-thread-1] INFO  storage.RaftStorageDirectory (RaftStorageDirectory.java:analyzeStorage(246)) - The storage directory /workdir/hadoop-ozone/integration-test/target/test-dir/MiniOzoneClusterImpl-3b2755de-4cfe-4b43-9e0d-73dd8eda8f75/datanode-0/data/ratis/55ea1096-7909-4481-a143-cd7159c89c08 does not exist. Creating ...
2019-09-19 14:04:52,049 [pool-58-thread-1] INFO  storage.RaftStorageDirectory (RaftStorageDirectory.java:tryLock(328)) - Lock on /workdir/hadoop-ozone/integration-test/target/test-dir/MiniOzoneClusterImpl-3b2755de-4cfe-4b43-9e0d-73dd8eda8f75/datanode-0/data/ratis/55ea1096-7909-4481-a143-cd7159c89c08/in_use.lock acquired by nodename 30982@pr-hdds-1569-swxfz-3172132826
2019-09-19 14:04:52,060 [Thread-3984] INFO  impl.FollowerState (FollowerState.java:run(106)) - dcc77c7b-1d37-448d-8d57-43d254561693:group-54CCFDB25400 changes to CANDIDATE, lastRpcTime:5013, electionTimeout:5013ms
2019-09-19 14:04:52,060 [Thread-3984] INFO  impl.RoleInfo (RoleInfo.java:shutdownFollowerState(121)) - dcc77c7b-1d37-448d-8d57-43d254561693: shutdown FollowerState
2019-09-19 14:04:52,060 [Thread-3984] INFO  impl.RaftServerImpl (RaftServerImpl.java:setRole(171)) - dcc77c7b-1d37-448d-8d57-43d254561693:group-54CCFDB25400 changes role from FOLLOWER to CANDIDATE at term 0 for changeToCandidate
2019-09-19 14:04:52,061 [Thread-3984] INFO  impl.RoleInfo (RoleInfo.java:updateAndGet(143)) - dcc77c7b-1d37-448d-8d57-43d254561693: start LeaderElection
2019-09-19 14:04:52,061 [pool-58-thread-1] INFO  storage.RaftStorage (RaftStorage.java:format(72)) - Storage directory /workdir/hadoop-ozone/integration-test/target/test-dir/MiniOzoneClusterImpl-3b2755de-4cfe-4b43-9e0d-73dd8eda8f75/datanode-0/data/ratis/55ea1096-7909-4481-a143-cd7159c89c08 has been successfully formatted.
2019-09-19 14:04:52,062 [pool-58-thread-1] INFO  ratis.ContainerStateMachine (ContainerStateMachine.java:loadSnapshot(226)) - group-CD7159C89C08: The snapshot info is null. Setting the last applied indexto:(t:0, i:~)
2019-09-19 14:04:52,062 [pool-58-thread-1] INFO  server.RaftServerConfigKeys (ConfUtils.java:logGet(43)) - raft.server.leader.election.timeout = 120s (custom)
2019-09-19 14:04:52,062 [pool-58-thread-1] INFO  server.RaftServerConfigKeys (ConfUtils.java:logGet(43)) - raft.server.log.use.memory = false (default)
2019-09-19 14:04:52,062 [pool-58-thread-1] INFO  server.RaftServerConfigKeys (ConfUtils.java:logGet(43)) - raft.server.log.purge.gap = 1000000 (custom)
2019-09-19 14:04:52,062 [pool-58-thread-1] INFO  server.RaftServerConfigKeys (ConfUtils.java:logGet(43)) - raft.server.log.appender.buffer.byte-limit = 33554432 (custom)
2019-09-19 14:04:52,062 [pool-58-thread-1] INFO  server.RaftServerConfigKeys (ConfUtils.java:logGet(43)) - raft.server.log.segment.size.max = 1048576 (custom)
2019-09-19 14:04:52,062 [pool-58-thread-1] INFO  server.RaftServerConfigKeys (ConfUtils.java:logGet(43)) - raft.server.log.segment.cache.num.max = 2 (custom)
2019-09-19 14:04:52,063 [pool-58-thread-1] INFO  segmented.SegmentedRaftLogWorker (SegmentedRaftLogWorker.java:<init>(172)) - new dcc77c7b-1d37-448d-8d57-43d254561693-SegmentedRaftLogWorker:Storage Directory /workdir/hadoop-ozone/integration-test/target/test-dir/MiniOzoneClusterImpl-3b2755de-4cfe-4b43-9e0d-73dd8eda8f75/datanode-0/data/ratis/55ea1096-7909-4481-a143-cd7159c89c08 for RaftStorage:Storage Directory /workdir/hadoop-ozone/integration-test/target/test-dir/MiniOzoneClusterImpl-3b2755de-4cfe-4b43-9e0d-73dd8eda8f75/datanode-0/data/ratis/55ea1096-7909-4481-a143-cd7159c89c08
2019-09-19 14:04:52,063 [pool-58-thread-1] INFO  server.RaftServerConfigKeys (ConfUtils.java:logGet(43)) - raft.server.log.queue.byte-limit = 2147483647 (custom)
2019-09-19 14:04:52,063 [pool-58-thread-1] INFO  server.RaftServerConfigKeys (ConfUtils.java:logGet(43)) - raft.server.log.queue.element-limit = 1024 (custom)
2019-09-19 14:04:52,063 [pool-58-thread-1] INFO  server.RaftServerConfigKeys (ConfUtils.java:logGet(43)) - raft.server.log.segment.size.max = 1048576 (custom)
2019-09-19 14:04:52,063 [pool-58-thread-1] INFO  server.RaftServerConfigKeys (ConfUtils.java:logGet(43)) - raft.server.log.preallocated.size = 16384 (custom)
2019-09-19 14:04:52,063 [pool-58-thread-1] INFO  server.RaftServerConfigKeys (ConfUtils.java:logGet(43)) - raft.server.log.write.buffer.size = 33554432 (custom)
2019-09-19 14:04:52,063 [dcc77c7b-1d37-448d-8d57-43d254561693:group-54CCFDB25400:LeaderElection512] INFO  impl.LeaderElection (LeaderElection.java:askForVotes(181)) - dcc77c7b-1d37-448d-8d57-43d254561693:group-54CCFDB25400:LeaderElection512: begin an election at term 1 for -1: [dcc77c7b-1d37-448d-8d57-43d254561693:192.168.157.226:34527], old=null
2019-09-19 14:04:52,063 [pool-58-thread-1] INFO  server.RaftServerConfigKeys (ConfUtils.java:logGet(43)) - raft.server.log.force.sync.num = 128 (default)
2019-09-19 14:04:52,063 [dcc77c7b-1d37-448d-8d57-43d254561693:group-54CCFDB25400:LeaderElection512] INFO  impl.RoleInfo (RoleInfo.java:shutdownLeaderElection(134)) - dcc77c7b-1d37-448d-8d57-43d254561693: shutdown LeaderElection
2019-09-19 14:04:52,064 [pool-58-thread-1] INFO  server.RaftServerConfigKeys (ConfUtils.java:logGet(43)) - raft.server.log.statemachine.data.sync = true (default)
2019-09-19 14:04:52,064 [dcc77c7b-1d37-448d-8d57-43d254561693:group-54CCFDB25400:LeaderElection512] INFO  impl.RaftServerImpl (RaftServerImpl.java:setRole(171)) - dcc77c7b-1d37-448d-8d57-43d254561693:group-54CCFDB25400 changes role from CANDIDATE to LEADER at term 1 for changeToLeader
2019-09-19 14:04:52,064 [pool-58-thread-1] INFO  server.RaftServerConfigKeys (ConfUtils.java:logGet(43)) - raft.server.log.statemachine.data.sync.timeout = 10s (default)
2019-09-19 14:04:52,064 [dcc77c7b-1d37-448d-8d57-43d254561693:group-54CCFDB25400:LeaderElection512] INFO  impl.RaftServerImpl (ServerState.java:setLeader(263)) - dcc77c7b-1d37-448d-8d57-43d254561693:group-54CCFDB25400 change Leader from null to dcc77c7b-1d37-448d-8d57-43d254561693 at term 1 for becomeLeader, leader elected after 5020ms
2019-09-19 14:04:52,064 [pool-58-thread-1] INFO  server.RaftServerConfigKeys (ConfUtils.java:logGet(43)) - raft.server.log.statemachine.data.sync.timeout.retry = -1 (default)
2019-09-19 14:04:52,064 [dcc77c7b-1d37-448d-8d57-43d254561693:group-54CCFDB25400:LeaderElection512] INFO  server.RaftServerConfigKeys (ConfUtils.java:logGet(43)) - raft.server.staging.catchup.gap = 1000 (default)
2019-09-19 14:04:52,064 [pool-58-thread-1] INFO  server.RaftServerConfigKeys (ConfUtils.java:logGet(43)) - raft.server.log.statemachine.data.caching.enabled = true (custom)
2019-09-19 14:04:52,064 [dcc77c7b-1d37-448d-8d57-43d254561693:group-54CCFDB25400:LeaderElection512] INFO  server.RaftServerConfigKeys (ConfUtils.java:logGet(43)) - raft.server.rpc.sleep.time = 25ms (default)
2019-09-19 14:04:52,065 [dcc77c7b-1d37-448d-8d57-43d254561693:group-54CCFDB25400:LeaderElection512] INFO  server.RaftServerConfigKeys (ConfUtils.java:logGet(43)) - raft.server.write.element-limit = 4096 (default)
2019-09-19 14:04:52,065 [pool-58-thread-1] INFO  segmented.SegmentedRaftLogWorker (SegmentedRaftLogWorker.java:lambda$new$0(132)) - dcc77c7b-1d37-448d-8d57-43d254561693-SegmentedRaftLogWorker:Storage Directory /workdir/hadoop-ozone/integration-test/target/test-dir/MiniOzoneClusterImpl-3b2755de-4cfe-4b43-9e0d-73dd8eda8f75/datanode-0/data/ratis/55ea1096-7909-4481-a143-cd7159c89c08: flushIndex: setUnconditionally 0 -> -1
2019-09-19 14:04:52,065 [dcc77c7b-1d37-448d-8d57-43d254561693:group-54CCFDB25400:LeaderElection512] INFO  server.RaftServerConfigKeys (ConfUtils.java:logGet(43)) - raft.server.watch.timeout = 10s (default)
2019-09-19 14:04:52,065 [dcc77c7b-1d37-448d-8d57-43d254561693:group-54CCFDB25400:LeaderElection512] INFO  server.RaftServerConfigKeys (ConfUtils.java:logGet(43)) - raft.server.watch.timeout.denomination = 1s (default)
2019-09-19 14:04:52,065 [pool-58-thread-1] INFO  server.RaftServerConfigKeys (ConfUtils.java:logGet(43)) - raft.server.snapshot.auto.trigger.enabled = true (custom)
2019-09-19 14:04:52,065 [dcc77c7b-1d37-448d-8d57-43d254561693:group-54CCFDB25400:LeaderElection512] INFO  server.RaftServerConfigKeys (ConfUtils.java:logGet(43)) - raft.server.watch.element-limit = 65536 (default)
2019-09-19 14:04:52,065 [pool-58-thread-1] INFO  server.RaftServerConfigKeys (ConfUtils.java:logGet(43)) - raft.server.snapshot.auto.trigger.threshold = 1 (custom)
2019-09-19 14:04:52,065 [dcc77c7b-1d37-448d-8d57-43d254561693:group-54CCFDB25400:LeaderElection512] INFO  impl.RoleInfo (RoleInfo.java:updateAndGet(143)) - dcc77c7b-1d37-448d-8d57-43d254561693: start LeaderState
2019-09-19 14:04:52,065 [pool-58-thread-1] INFO  server.RaftServerConfigKeys (ConfUtils.java:logGet(43)) - raft.server.retrycache.expirytime = 600000ms (custom)
2019-09-19 14:04:52,065 [pool-58-thread-1] INFO  impl.RaftServerImpl (RaftServerImpl.java:start(180)) - dcc77c7b-1d37-448d-8d57-43d254561693: start group-CD7159C89C08
2019-09-19 14:04:52,066 [pool-58-thread-1] INFO  impl.RaftServerImpl (RaftServerImpl.java:setRole(171)) - dcc77c7b-1d37-448d-8d57-43d254561693:group-CD7159C89C08 changes role from null to FOLLOWER at term 0 for startAsFollower
2019-09-19 14:04:52,066 [dcc77c7b-1d37-448d-8d57-43d254561693:group-54CCFDB25400:LeaderElection512] INFO  segmented.SegmentedRaftLogWorker (SegmentedRaftLogWorker.java:startLogSegment(380)) - dcc77c7b-1d37-448d-8d57-43d254561693-SegmentedRaftLogWorker:Storage Directory /workdir/hadoop-ozone/integration-test/target/test-dir/MiniOzoneClusterImpl-3b2755de-4cfe-4b43-9e0d-73dd8eda8f75/datanode-0/data/ratis/7727f19e-e506-49bb-85ca-54ccfdb25400: Starting segment from index:0
2019-09-19 14:04:52,066 [pool-58-thread-1] INFO  impl.RoleInfo (RoleInfo.java:updateAndGet(143)) - dcc77c7b-1d37-448d-8d57-43d254561693: start FollowerState
2019-09-19 14:04:52,066 [dcc77c7b-1d37-448d-8d57-43d254561693:group-54CCFDB25400:LeaderElection512] INFO  impl.RaftServerImpl (ServerState.java:setRaftConf(361)) - dcc77c7b-1d37-448d-8d57-43d254561693:group-54CCFDB25400 set configuration 0: [dcc77c7b-1d37-448d-8d57-43d254561693:192.168.157.226:34527], old=null at 0
2019-09-19 14:04:52,066 [pool-58-thread-1] INFO  util.JmxRegister (JmxRegister.java:tryRegister(44)) - Successfully registered JMX Bean with object name Ratis:service=RaftServer,group=group-CD7159C89C08,id=dcc77c7b-1d37-448d-8d57-43d254561693
2019-09-19 14:04:52,068 [RatisPipelineUtilsThread] INFO  pipeline.PipelineStateManager (PipelineStateManager.java:addPipeline(56)) - Created pipeline Pipeline[ Id: 55ea1096-7909-4481-a143-cd7159c89c08, Nodes: dcc77c7b-1d37-448d-8d57-43d254561693{ip: 192.168.157.226, host: pr-hdds-1569-swxfz-3172132826, networkLocation: /default-rack, certSerialId: null}, Type:RATIS, Factor:ONE, State:OPEN]
2019-09-19 14:04:52,070 [Thread-3978] INFO  impl.FollowerState (FollowerState.java:run(106)) - dcc77c7b-1d37-448d-8d57-43d254561693:group-A73FB30FCA09 changes to CANDIDATE, lastRpcTime:5095, electionTimeout:5095ms
2019-09-19 14:04:52,070 [Thread-3978] INFO  impl.RoleInfo (RoleInfo.java:shutdownFollowerState(121)) - dcc77c7b-1d37-448d-8d57-43d254561693: shutdown FollowerState
2019-09-19 14:04:52,070 [Thread-3978] INFO  impl.RaftServerImpl (RaftServerImpl.java:setRole(171)) - dcc77c7b-1d37-448d-8d57-43d254561693:group-A73FB30FCA09 changes role from FOLLOWER to CANDIDATE at term 0 for changeToCandidate
2019-09-19 14:04:52,070 [Thread-3978] INFO  impl.RoleInfo (RoleInfo.java:updateAndGet(143)) - dcc77c7b-1d37-448d-8d57-43d254561693: start LeaderElection
2019-09-19 14:04:52,070 [grpc-default-executor-1] INFO  impl.RaftServerProxy (RaftServerProxy.java:addNew(89)) - dcc77c7b-1d37-448d-8d57-43d254561693: addNew group-C22B218FA0A6:[dcc77c7b-1d37-448d-8d57-43d254561693:192.168.157.226:34527] returns group-C22B218FA0A6:java.util.concurrent.CompletableFuture@1de08168[Not completed]
2019-09-19 14:04:52,071 [pool-58-thread-1] INFO  impl.RaftServerImpl (RaftServerImpl.java:<init>(93)) - dcc77c7b-1d37-448d-8d57-43d254561693: new RaftServerImpl for group-C22B218FA0A6:[dcc77c7b-1d37-448d-8d57-43d254561693:192.168.157.226:34527] with ContainerStateMachine:uninitialized
2019-09-19 14:04:52,071 [pool-58-thread-1] INFO  server.RaftServerConfigKeys (ConfUtils.java:logGet(43)) - raft.server.rpc.timeout.min = 5s (custom)
2019-09-19 14:04:52,071 [pool-58-thread-1] INFO  server.RaftServerConfigKeys (ConfUtils.java:logGet(43)) - raft.server.rpc.timeout.max = 5200ms (custom)
2019-09-19 14:04:52,071 [pool-58-thread-1] INFO  server.RaftServerConfigKeys (ConfUtils.java:logGet(43)) - raft.server.rpcslowness.timeout = 120s (custom)
2019-09-19 14:04:52,071 [pool-58-thread-1] INFO  server.RaftServerConfigKeys (ConfUtils.java:logGet(43)) - raft.server.sleep.deviation.threshold = 300 (default)
2019-09-19 14:04:52,071 [pool-58-thread-1] INFO  server.RaftServerConfigKeys (ConfUtils.java:logGet(43)) - raft.server.log.appender.install.snapshot.enabled = false (custom)
2019-09-19 14:04:52,072 [pool-58-thread-1] INFO  impl.RaftServerImpl (ServerState.java:<init>(105)) - dcc77c7b-1d37-448d-8d57-43d254561693:group-C22B218FA0A6 ConfigurationManager, init=-1: [dcc77c7b-1d37-448d-8d57-43d254561693:192.168.157.226:34527], old=null, confs=<EMPTY_MAP>
2019-09-19 14:04:52,072 [pool-58-thread-1] INFO  server.RaftServerConfigKeys (ConfUtils.java:logGet(43)) - raft.server.storage.dir = [/workdir/hadoop-ozone/integration-test/target/test-dir/MiniOzoneClusterImpl-3b2755de-4cfe-4b43-9e0d-73dd8eda8f75/datanode-0/data/ratis] (custom)
2019-09-19 14:04:52,073 [pool-58-thread-1] INFO  storage.RaftStorageDirectory (RaftStorageDirectory.java:analyzeStorage(246)) - The storage directory /workdir/hadoop-ozone/integration-test/target/test-dir/MiniOzoneClusterImpl-3b2755de-4cfe-4b43-9e0d-73dd8eda8f75/datanode-0/data/ratis/52a0a543-c338-4f27-821b-c22b218fa0a6 does not exist. Creating ...
2019-09-19 14:04:52,083 [pool-58-thread-1] INFO  storage.RaftStorageDirectory (RaftStorageDirectory.java:tryLock(328)) - Lock on /workdir/hadoop-ozone/integration-test/target/test-dir/MiniOzoneClusterImpl-3b2755de-4cfe-4b43-9e0d-73dd8eda8f75/datanode-0/data/ratis/52a0a543-c338-4f27-821b-c22b218fa0a6/in_use.lock acquired by nodename 30982@pr-hdds-1569-swxfz-3172132826
2019-09-19 14:04:52,083 [dcc77c7b-1d37-448d-8d57-43d254561693:group-A73FB30FCA09:LeaderElection513] INFO  impl.LeaderElection (LeaderElection.java:askForVotes(181)) - dcc77c7b-1d37-448d-8d57-43d254561693:group-A73FB30FCA09:LeaderElection513: begin an election at term 1 for -1: [dcc77c7b-1d37-448d-8d57-43d254561693:192.168.157.226:34527], old=null
2019-09-19 14:04:52,083 [dcc77c7b-1d37-448d-8d57-43d254561693:group-A73FB30FCA09:LeaderElection513] INFO  impl.RoleInfo (RoleInfo.java:shutdownLeaderElection(134)) - dcc77c7b-1d37-448d-8d57-43d254561693: shutdown LeaderElection
2019-09-19 14:04:52,083 [dcc77c7b-1d37-448d-8d57-43d254561693:group-A73FB30FCA09:LeaderElection513] INFO  impl.RaftServerImpl (RaftServerImpl.java:setRole(171)) - dcc77c7b-1d37-448d-8d57-43d254561693:group-A73FB30FCA09 changes role from CANDIDATE to LEADER at term 1 for changeToLeader
2019-09-19 14:04:52,084 [dcc77c7b-1d37-448d-8d57-43d254561693:group-A73FB30FCA09:LeaderElection513] INFO  impl.RaftServerImpl (ServerState.java:setLeader(263)) - dcc77c7b-1d37-448d-8d57-43d254561693:group-A73FB30FCA09 change Leader from null to dcc77c7b-1d37-448d-8d57-43d254561693 at term 1 for becomeLeader, leader elected after 5112ms
2019-09-19 14:04:52,084 [dcc77c7b-1d37-448d-8d57-43d254561693:group-A73FB30FCA09:LeaderElection513] INFO  server.RaftServerConfigKeys (ConfUtils.java:logGet(43)) - raft.server.staging.catchup.gap = 1000 (default)
2019-09-19 14:04:52,084 [dcc77c7b-1d37-448d-8d57-43d254561693:group-A73FB30FCA09:LeaderElection513] INFO  server.RaftServerConfigKeys (ConfUtils.java:logGet(43)) - raft.server.rpc.sleep.time = 25ms (default)
2019-09-19 14:04:52,084 [dcc77c7b-1d37-448d-8d57-43d254561693:group-A73FB30FCA09:LeaderElection513] INFO  server.RaftServerConfigKeys (ConfUtils.java:logGet(43)) - raft.server.write.element-limit = 4096 (default)
2019-09-19 14:04:52,084 [dcc77c7b-1d37-448d-8d57-43d254561693:group-A73FB30FCA09:LeaderElection513] INFO  server.RaftServerConfigKeys (ConfUtils.java:logGet(43)) - raft.server.watch.timeout = 10s (default)
2019-09-19 14:04:52,084 [dcc77c7b-1d37-448d-8d57-43d254561693:group-A73FB30FCA09:LeaderElection513] INFO  server.RaftServerConfigKeys (ConfUtils.java:logGet(43)) - raft.server.watch.timeout.denomination = 1s (default)
2019-09-19 14:04:52,084 [dcc77c7b-1d37-448d-8d57-43d254561693:group-A73FB30FCA09:LeaderElection513] INFO  server.RaftServerConfigKeys (ConfUtils.java:logGet(43)) - raft.server.watch.element-limit = 65536 (default)
2019-09-19 14:04:52,084 [dcc77c7b-1d37-448d-8d57-43d254561693:group-A73FB30FCA09:LeaderElection513] INFO  impl.RoleInfo (RoleInfo.java:updateAndGet(143)) - dcc77c7b-1d37-448d-8d57-43d254561693: start LeaderState
2019-09-19 14:04:52,084 [dcc77c7b-1d37-448d-8d57-43d254561693:group-A73FB30FCA09:LeaderElection513] INFO  segmented.SegmentedRaftLogWorker (SegmentedRaftLogWorker.java:startLogSegment(380)) - dcc77c7b-1d37-448d-8d57-43d254561693-SegmentedRaftLogWorker:Storage Directory /workdir/hadoop-ozone/integration-test/target/test-dir/MiniOzoneClusterImpl-3b2755de-4cfe-4b43-9e0d-73dd8eda8f75/datanode-0/data/ratis/be9423e8-1fc1-42a7-86ec-a73fb30fca09: Starting segment from index:0
2019-09-19 14:04:52,085 [dcc77c7b-1d37-448d-8d57-43d254561693:group-A73FB30FCA09:LeaderElection513] INFO  impl.RaftServerImpl (ServerState.java:setRaftConf(361)) - dcc77c7b-1d37-448d-8d57-43d254561693:group-A73FB30FCA09 set configuration 0: [dcc77c7b-1d37-448d-8d57-43d254561693:192.168.157.226:34527], old=null at 0
2019-09-19 14:04:52,096 [pool-58-thread-1] INFO  storage.RaftStorage (RaftStorage.java:format(72)) - Storage directory /workdir/hadoop-ozone/integration-test/target/test-dir/MiniOzoneClusterImpl-3b2755de-4cfe-4b43-9e0d-73dd8eda8f75/datanode-0/data/ratis/52a0a543-c338-4f27-821b-c22b218fa0a6 has been successfully formatted.
2019-09-19 14:04:52,096 [pool-58-thread-1] INFO  ratis.ContainerStateMachine (ContainerStateMachine.java:loadSnapshot(226)) - group-C22B218FA0A6: The snapshot info is null. Setting the last applied indexto:(t:0, i:~)
2019-09-19 14:04:52,096 [pool-58-thread-1] INFO  server.RaftServerConfigKeys (ConfUtils.java:logGet(43)) - raft.server.leader.election.timeout = 120s (custom)
2019-09-19 14:04:52,096 [pool-58-thread-1] INFO  server.RaftServerConfigKeys (ConfUtils.java:logGet(43)) - raft.server.log.use.memory = false (default)
2019-09-19 14:04:52,096 [pool-58-thread-1] INFO  server.RaftServerConfigKeys (ConfUtils.java:logGet(43)) - raft.server.log.purge.gap = 1000000 (custom)
2019-09-19 14:04:52,097 [pool-58-thread-1] INFO  server.RaftServerConfigKeys (ConfUtils.java:logGet(43)) - raft.server.log.appender.buffer.byte-limit = 33554432 (custom)
2019-09-19 14:04:52,097 [pool-58-thread-1] INFO  server.RaftServerConfigKeys (ConfUtils.java:logGet(43)) - raft.server.log.segment.size.max = 1048576 (custom)
2019-09-19 14:04:52,097 [pool-58-thread-1] INFO  server.RaftServerConfigKeys (ConfUtils.java:logGet(43)) - raft.server.log.segment.cache.num.max = 2 (custom)
2019-09-19 14:04:52,097 [pool-58-thread-1] INFO  segmented.SegmentedRaftLogWorker (SegmentedRaftLogWorker.java:<init>(172)) - new dcc77c7b-1d37-448d-8d57-43d254561693-SegmentedRaftLogWorker:Storage Directory /workdir/hadoop-ozone/integration-test/target/test-dir/MiniOzoneClusterImpl-3b2755de-4cfe-4b43-9e0d-73dd8eda8f75/datanode-0/data/ratis/52a0a543-c338-4f27-821b-c22b218fa0a6 for RaftStorage:Storage Directory /workdir/hadoop-ozone/integration-test/target/test-dir/MiniOzoneClusterImpl-3b2755de-4cfe-4b43-9e0d-73dd8eda8f75/datanode-0/data/ratis/52a0a543-c338-4f27-821b-c22b218fa0a6
2019-09-19 14:04:52,097 [pool-58-thread-1] INFO  server.RaftServerConfigKeys (ConfUtils.java:logGet(43)) - raft.server.log.queue.byte-limit = 2147483647 (custom)
2019-09-19 14:04:52,097 [pool-58-thread-1] INFO  server.RaftServerConfigKeys (ConfUtils.java:logGet(43)) - raft.server.log.queue.element-limit = 1024 (custom)
2019-09-19 14:04:52,097 [pool-58-thread-1] INFO  server.RaftServerConfigKeys (ConfUtils.java:logGet(43)) - raft.server.log.segment.size.max = 1048576 (custom)
2019-09-19 14:04:52,097 [pool-58-thread-1] INFO  server.RaftServerConfigKeys (ConfUtils.java:logGet(43)) - raft.server.log.preallocated.size = 16384 (custom)
2019-09-19 14:04:52,097 [pool-58-thread-1] INFO  server.RaftServerConfigKeys (ConfUtils.java:logGet(43)) - raft.server.log.write.buffer.size = 33554432 (custom)
2019-09-19 14:04:52,097 [pool-58-thread-1] INFO  server.RaftServerConfigKeys (ConfUtils.java:logGet(43)) - raft.server.log.force.sync.num = 128 (default)
2019-09-19 14:04:52,097 [pool-58-thread-1] INFO  server.RaftServerConfigKeys (ConfUtils.java:logGet(43)) - raft.server.log.statemachine.data.sync = true (default)
2019-09-19 14:04:52,097 [pool-58-thread-1] INFO  server.RaftServerConfigKeys (ConfUtils.java:logGet(43)) - raft.server.log.statemachine.data.sync.timeout = 10s (default)
2019-09-19 14:04:52,098 [pool-58-thread-1] INFO  server.RaftServerConfigKeys (ConfUtils.java:logGet(43)) - raft.server.log.statemachine.data.sync.timeout.retry = -1 (default)
2019-09-19 14:04:52,098 [pool-58-thread-1] INFO  server.RaftServerConfigKeys (ConfUtils.java:logGet(43)) - raft.server.log.statemachine.data.caching.enabled = true (custom)
2019-09-19 14:04:52,098 [pool-58-thread-1] INFO  segmented.SegmentedRaftLogWorker (SegmentedRaftLogWorker.java:lambda$new$0(132)) - dcc77c7b-1d37-448d-8d57-43d254561693-SegmentedRaftLogWorker:Storage Directory /workdir/hadoop-ozone/integration-test/target/test-dir/MiniOzoneClusterImpl-3b2755de-4cfe-4b43-9e0d-73dd8eda8f75/datanode-0/data/ratis/52a0a543-c338-4f27-821b-c22b218fa0a6: flushIndex: setUnconditionally 0 -> -1
2019-09-19 14:04:52,098 [pool-58-thread-1] INFO  server.RaftServerConfigKeys (ConfUtils.java:logGet(43)) - raft.server.snapshot.auto.trigger.enabled = true (custom)
2019-09-19 14:04:52,098 [pool-58-thread-1] INFO  server.RaftServerConfigKeys (ConfUtils.java:logGet(43)) - raft.server.snapshot.auto.trigger.threshold = 1 (custom)
2019-09-19 14:04:52,098 [pool-58-thread-1] INFO  server.RaftServerConfigKeys (ConfUtils.java:logGet(43)) - raft.server.retrycache.expirytime = 600000ms (custom)
2019-09-19 14:04:52,098 [pool-58-thread-1] INFO  impl.RaftServerImpl (RaftServerImpl.java:start(180)) - dcc77c7b-1d37-448d-8d57-43d254561693: start group-C22B218FA0A6
2019-09-19 14:04:52,098 [pool-58-thread-1] INFO  impl.RaftServerImpl (RaftServerImpl.java:setRole(171)) - dcc77c7b-1d37-448d-8d57-43d254561693:group-C22B218FA0A6 changes role from null to FOLLOWER at term 0 for startAsFollower
2019-09-19 14:04:52,098 [pool-58-thread-1] INFO  impl.RoleInfo (RoleInfo.java:updateAndGet(143)) - dcc77c7b-1d37-448d-8d57-43d254561693: start FollowerState
2019-09-19 14:04:52,099 [pool-58-thread-1] INFO  util.JmxRegister (JmxRegister.java:tryRegister(44)) - Successfully registered JMX Bean with object name Ratis:service=RaftServer,group=group-C22B218FA0A6,id=dcc77c7b-1d37-448d-8d57-43d254561693
2019-09-19 14:04:52,100 [RatisPipelineUtilsThread] INFO  pipeline.PipelineStateManager (PipelineStateManager.java:addPipeline(56)) - Created pipeline Pipeline[ Id: 52a0a543-c338-4f27-821b-c22b218fa0a6, Nodes: dcc77c7b-1d37-448d-8d57-43d254561693{ip: 192.168.157.226, host: pr-hdds-1569-swxfz-3172132826, networkLocation: /default-rack, certSerialId: null}, Type:RATIS, Factor:ONE, State:OPEN]
2019-09-19 14:04:52,103 [grpc-default-executor-1] INFO  impl.RaftServerProxy (RaftServerProxy.java:addNew(89)) - dcc77c7b-1d37-448d-8d57-43d254561693: addNew group-869D2374C5B7:[dcc77c7b-1d37-448d-8d57-43d254561693:192.168.157.226:34527] returns group-869D2374C5B7:java.util.concurrent.CompletableFuture@724aa72c[Not completed]
2019-09-19 14:04:52,104 [pool-58-thread-1] INFO  impl.RaftServerImpl (RaftServerImpl.java:<init>(93)) - dcc77c7b-1d37-448d-8d57-43d254561693: new RaftServerImpl for group-869D2374C5B7:[dcc77c7b-1d37-448d-8d57-43d254561693:192.168.157.226:34527] with ContainerStateMachine:uninitialized
2019-09-19 14:04:52,104 [pool-58-thread-1] INFO  server.RaftServerConfigKeys (ConfUtils.java:logGet(43)) - raft.server.rpc.timeout.min = 5s (custom)
2019-09-19 14:04:52,104 [pool-58-thread-1] INFO  server.RaftServerConfigKeys (ConfUtils.java:logGet(43)) - raft.server.rpc.timeout.max = 5200ms (custom)
2019-09-19 14:04:52,104 [pool-58-thread-1] INFO  server.RaftServerConfigKeys (ConfUtils.java:logGet(43)) - raft.server.rpcslowness.timeout = 120s (custom)
2019-09-19 14:04:52,104 [pool-58-thread-1] INFO  server.RaftServerConfigKeys (ConfUtils.java:logGet(43)) - raft.server.sleep.deviation.threshold = 300 (default)
2019-09-19 14:04:52,104 [pool-58-thread-1] INFO  server.RaftServerConfigKeys (ConfUtils.java:logGet(43)) - raft.server.log.appender.install.snapshot.enabled = false (custom)
2019-09-19 14:04:52,104 [pool-58-thread-1] INFO  impl.RaftServerImpl (ServerState.java:<init>(105)) - dcc77c7b-1d37-448d-8d57-43d254561693:group-869D2374C5B7 ConfigurationManager, init=-1: [dcc77c7b-1d37-448d-8d57-43d254561693:192.168.157.226:34527], old=null, confs=<EMPTY_MAP>
2019-09-19 14:04:52,104 [pool-58-thread-1] INFO  server.RaftServerConfigKeys (ConfUtils.java:logGet(43)) - raft.server.storage.dir = [/workdir/hadoop-ozone/integration-test/target/test-dir/MiniOzoneClusterImpl-3b2755de-4cfe-4b43-9e0d-73dd8eda8f75/datanode-0/data/ratis] (custom)
2019-09-19 14:04:52,105 [pool-58-thread-1] INFO  storage.RaftStorageDirectory (RaftStorageDirectory.java:analyzeStorage(246)) - The storage directory /workdir/hadoop-ozone/integration-test/target/test-dir/MiniOzoneClusterImpl-3b2755de-4cfe-4b43-9e0d-73dd8eda8f75/datanode-0/data/ratis/325a6685-5506-4a90-be06-869d2374c5b7 does not exist. Creating ...
2019-09-19 14:04:52,109 [pool-58-thread-1] INFO  storage.RaftStorageDirectory (RaftStorageDirectory.java:tryLock(328)) - Lock on /workdir/hadoop-ozone/integration-test/target/test-dir/MiniOzoneClusterImpl-3b2755de-4cfe-4b43-9e0d-73dd8eda8f75/datanode-0/data/ratis/325a6685-5506-4a90-be06-869d2374c5b7/in_use.lock acquired by nodename 30982@pr-hdds-1569-swxfz-3172132826
2019-09-19 14:04:52,109 [dcc77c7b-1d37-448d-8d57-43d254561693-SegmentedRaftLogWorker:Storage Directory /workdir/hadoop-ozone/integration-test/target/test-dir/MiniOzoneClusterImpl-3b2755de-4cfe-4b43-9e0d-73dd8eda8f75/datanode-0/data/ratis/7727f19e-e506-49bb-85ca-54ccfdb25400] INFO  segmented.SegmentedRaftLogWorker (SegmentedRaftLogWorker.java:execute(569)) - dcc77c7b-1d37-448d-8d57-43d254561693-SegmentedRaftLogWorker:Storage Directory /workdir/hadoop-ozone/integration-test/target/test-dir/MiniOzoneClusterImpl-3b2755de-4cfe-4b43-9e0d-73dd8eda8f75/datanode-0/data/ratis/7727f19e-e506-49bb-85ca-54ccfdb25400: created new log segment /workdir/hadoop-ozone/integration-test/target/test-dir/MiniOzoneClusterImpl-3b2755de-4cfe-4b43-9e0d-73dd8eda8f75/datanode-0/data/ratis/7727f19e-e506-49bb-85ca-54ccfdb25400/current/log_inprogress_0
2019-09-19 14:04:52,113 [dcc77c7b-1d37-448d-8d57-43d254561693-SegmentedRaftLogWorker:Storage Directory /workdir/hadoop-ozone/integration-test/target/test-dir/MiniOzoneClusterImpl-3b2755de-4cfe-4b43-9e0d-73dd8eda8f75/datanode-0/data/ratis/be9423e8-1fc1-42a7-86ec-a73fb30fca09] INFO  segmented.SegmentedRaftLogWorker (SegmentedRaftLogWorker.java:execute(569)) - dcc77c7b-1d37-448d-8d57-43d254561693-SegmentedRaftLogWorker:Storage Directory /workdir/hadoop-ozone/integration-test/target/test-dir/MiniOzoneClusterImpl-3b2755de-4cfe-4b43-9e0d-73dd8eda8f75/datanode-0/data/ratis/be9423e8-1fc1-42a7-86ec-a73fb30fca09: created new log segment /workdir/hadoop-ozone/integration-test/target/test-dir/MiniOzoneClusterImpl-3b2755de-4cfe-4b43-9e0d-73dd8eda8f75/datanode-0/data/ratis/be9423e8-1fc1-42a7-86ec-a73fb30fca09/current/log_inprogress_0
2019-09-19 14:04:52,113 [pool-58-thread-1] INFO  storage.RaftStorage (RaftStorage.java:format(72)) - Storage directory /workdir/hadoop-ozone/integration-test/target/test-dir/MiniOzoneClusterImpl-3b2755de-4cfe-4b43-9e0d-73dd8eda8f75/datanode-0/data/ratis/325a6685-5506-4a90-be06-869d2374c5b7 has been successfully formatted.
2019-09-19 14:04:52,113 [pool-58-thread-1] INFO  ratis.ContainerStateMachine (ContainerStateMachine.java:loadSnapshot(226)) - group-869D2374C5B7: The snapshot info is null. Setting the last applied indexto:(t:0, i:~)
2019-09-19 14:04:52,113 [pool-58-thread-1] INFO  server.RaftServerConfigKeys (ConfUtils.java:logGet(43)) - raft.server.leader.election.timeout = 120s (custom)
2019-09-19 14:04:52,114 [pool-58-thread-1] INFO  server.RaftServerConfigKeys (ConfUtils.java:logGet(43)) - raft.server.log.use.memory = false (default)
2019-09-19 14:04:52,114 [pool-58-thread-1] INFO  server.RaftServerConfigKeys (ConfUtils.java:logGet(43)) - raft.server.log.purge.gap = 1000000 (custom)
2019-09-19 14:04:52,114 [pool-58-thread-1] INFO  server.RaftServerConfigKeys (ConfUtils.java:logGet(43)) - raft.server.log.appender.buffer.byte-limit = 33554432 (custom)
2019-09-19 14:04:52,114 [pool-58-thread-1] INFO  server.RaftServerConfigKeys (ConfUtils.java:logGet(43)) - raft.server.log.segment.size.max = 1048576 (custom)
2019-09-19 14:04:52,114 [pool-58-thread-1] INFO  server.RaftServerConfigKeys (ConfUtils.java:logGet(43)) - raft.server.log.segment.cache.num.max = 2 (custom)
2019-09-19 14:04:52,114 [pool-58-thread-1] INFO  segmented.SegmentedRaftLogWorker (SegmentedRaftLogWorker.java:<init>(172)) - new dcc77c7b-1d37-448d-8d57-43d254561693-SegmentedRaftLogWorker:Storage Directory /workdir/hadoop-ozone/integration-test/target/test-dir/MiniOzoneClusterImpl-3b2755de-4cfe-4b43-9e0d-73dd8eda8f75/datanode-0/data/ratis/325a6685-5506-4a90-be06-869d2374c5b7 for RaftStorage:Storage Directory /workdir/hadoop-ozone/integration-test/target/test-dir/MiniOzoneClusterImpl-3b2755de-4cfe-4b43-9e0d-73dd8eda8f75/datanode-0/data/ratis/325a6685-5506-4a90-be06-869d2374c5b7
2019-09-19 14:04:52,114 [pool-58-thread-1] INFO  server.RaftServerConfigKeys (ConfUtils.java:logGet(43)) - raft.server.log.queue.byte-limit = 2147483647 (custom)
2019-09-19 14:04:52,115 [pool-58-thread-1] INFO  server.RaftServerConfigKeys (ConfUtils.java:logGet(43)) - raft.server.log.queue.element-limit = 1024 (custom)
2019-09-19 14:04:52,115 [pool-58-thread-1] INFO  server.RaftServerConfigKeys (ConfUtils.java:logGet(43)) - raft.server.log.segment.size.max = 1048576 (custom)
2019-09-19 14:04:52,115 [pool-58-thread-1] INFO  server.RaftServerConfigKeys (ConfUtils.java:logGet(43)) - raft.server.log.preallocated.size = 16384 (custom)
2019-09-19 14:04:52,115 [pool-58-thread-1] INFO  server.RaftServerConfigKeys (ConfUtils.java:logGet(43)) - raft.server.log.write.buffer.size = 33554432 (custom)
2019-09-19 14:04:52,115 [pool-58-thread-1] INFO  server.RaftServerConfigKeys (ConfUtils.java:logGet(43)) - raft.server.log.force.sync.num = 128 (default)
2019-09-19 14:04:52,115 [pool-58-thread-1] INFO  server.RaftServerConfigKeys (ConfUtils.java:logGet(43)) - raft.server.log.statemachine.data.sync = true (default)
2019-09-19 14:04:52,115 [pool-58-thread-1] INFO  server.RaftServerConfigKeys (ConfUtils.java:logGet(43)) - raft.server.log.statemachine.data.sync.timeout = 10s (default)
2019-09-19 14:04:52,115 [pool-58-thread-1] INFO  server.RaftServerConfigKeys (ConfUtils.java:logGet(43)) - raft.server.log.statemachine.data.sync.timeout.retry = -1 (default)
2019-09-19 14:04:52,116 [pool-58-thread-1] INFO  server.RaftServerConfigKeys (ConfUtils.java:logGet(43)) - raft.server.log.statemachine.data.caching.enabled = true (custom)
2019-09-19 14:04:52,116 [pool-58-thread-1] INFO  segmented.SegmentedRaftLogWorker (SegmentedRaftLogWorker.java:lambda$new$0(132)) - dcc77c7b-1d37-448d-8d57-43d254561693-SegmentedRaftLogWorker:Storage Directory /workdir/hadoop-ozone/integration-test/target/test-dir/MiniOzoneClusterImpl-3b2755de-4cfe-4b43-9e0d-73dd8eda8f75/datanode-0/data/ratis/325a6685-5506-4a90-be06-869d2374c5b7: flushIndex: setUnconditionally 0 -> -1
2019-09-19 14:04:52,116 [pool-58-thread-1] INFO  server.RaftServerConfigKeys (ConfUtils.java:logGet(43)) - raft.server.snapshot.auto.trigger.enabled = true (custom)
2019-09-19 14:04:52,116 [pool-58-thread-1] INFO  server.RaftServerConfigKeys (ConfUtils.java:logGet(43)) - raft.server.snapshot.auto.trigger.threshold = 1 (custom)
2019-09-19 14:04:52,116 [pool-58-thread-1] INFO  server.RaftServerConfigKeys (ConfUtils.java:logGet(43)) - raft.server.retrycache.expirytime = 600000ms (custom)
2019-09-19 14:04:52,116 [pool-58-thread-1] INFO  impl.RaftServerImpl (RaftServerImpl.java:start(180)) - dcc77c7b-1d37-448d-8d57-43d254561693: start group-869D2374C5B7
2019-09-19 14:04:52,116 [pool-58-thread-1] INFO  impl.RaftServerImpl (RaftServerImpl.java:setRole(171)) - dcc77c7b-1d37-448d-8d57-43d254561693:group-869D2374C5B7 changes role from null to FOLLOWER at term 0 for startAsFollower
2019-09-19 14:04:52,117 [pool-58-thread-1] INFO  impl.RoleInfo (RoleInfo.java:updateAndGet(143)) - dcc77c7b-1d37-448d-8d57-43d254561693: start FollowerState
2019-09-19 14:04:52,117 [pool-58-thread-1] INFO  util.JmxRegister (JmxRegister.java:tryRegister(44)) - Successfully registered JMX Bean with object name Ratis:service=RaftServer,group=group-869D2374C5B7,id=dcc77c7b-1d37-448d-8d57-43d254561693
2019-09-19 14:04:52,118 [RatisPipelineUtilsThread] INFO  pipeline.PipelineStateManager (PipelineStateManager.java:addPipeline(56)) - Created pipeline Pipeline[ Id: 325a6685-5506-4a90-be06-869d2374c5b7, Nodes: dcc77c7b-1d37-448d-8d57-43d254561693{ip: 192.168.157.226, host: pr-hdds-1569-swxfz-3172132826, networkLocation: /default-rack, certSerialId: null}, Type:RATIS, Factor:ONE, State:OPEN]
2019-09-19 14:04:52,121 [grpc-default-executor-1] INFO  impl.RaftServerProxy (RaftServerProxy.java:addNew(89)) - dcc77c7b-1d37-448d-8d57-43d254561693: addNew group-DF274F267A33:[dcc77c7b-1d37-448d-8d57-43d254561693:192.168.157.226:34527] returns group-DF274F267A33:java.util.concurrent.CompletableFuture@74725439[Not completed]
2019-09-19 14:04:52,121 [pool-58-thread-1] INFO  impl.RaftServerImpl (RaftServerImpl.java:<init>(93)) - dcc77c7b-1d37-448d-8d57-43d254561693: new RaftServerImpl for group-DF274F267A33:[dcc77c7b-1d37-448d-8d57-43d254561693:192.168.157.226:34527] with ContainerStateMachine:uninitialized
2019-09-19 14:04:52,121 [pool-58-thread-1] INFO  server.RaftServerConfigKeys (ConfUtils.java:logGet(43)) - raft.server.rpc.timeout.min = 5s (custom)
2019-09-19 14:04:52,121 [pool-58-thread-1] INFO  server.RaftServerConfigKeys (ConfUtils.java:logGet(43)) - raft.server.rpc.timeout.max = 5200ms (custom)
2019-09-19 14:04:52,121 [pool-58-thread-1] INFO  server.RaftServerConfigKeys (ConfUtils.java:logGet(43)) - raft.server.rpcslowness.timeout = 120s (custom)
2019-09-19 14:04:52,122 [pool-58-thread-1] INFO  server.RaftServerConfigKeys (ConfUtils.java:logGet(43)) - raft.server.sleep.deviation.threshold = 300 (default)
2019-09-19 14:04:52,122 [pool-58-thread-1] INFO  server.RaftServerConfigKeys (ConfUtils.java:logGet(43)) - raft.server.log.appender.install.snapshot.enabled = false (custom)
2019-09-19 14:04:52,122 [pool-58-thread-1] INFO  impl.RaftServerImpl (ServerState.java:<init>(105)) - dcc77c7b-1d37-448d-8d57-43d254561693:group-DF274F267A33 ConfigurationManager, init=-1: [dcc77c7b-1d37-448d-8d57-43d254561693:192.168.157.226:34527], old=null, confs=<EMPTY_MAP>
2019-09-19 14:04:52,122 [pool-58-thread-1] INFO  server.RaftServerConfigKeys (ConfUtils.java:logGet(43)) - raft.server.storage.dir = [/workdir/hadoop-ozone/integration-test/target/test-dir/MiniOzoneClusterImpl-3b2755de-4cfe-4b43-9e0d-73dd8eda8f75/datanode-0/data/ratis] (custom)
2019-09-19 14:04:52,123 [pool-58-thread-1] INFO  storage.RaftStorageDirectory (RaftStorageDirectory.java:analyzeStorage(246)) - The storage directory /workdir/hadoop-ozone/integration-test/target/test-dir/MiniOzoneClusterImpl-3b2755de-4cfe-4b43-9e0d-73dd8eda8f75/datanode-0/data/ratis/0670478e-5791-4e08-bea4-df274f267a33 does not exist. Creating ...
2019-09-19 14:04:52,136 [pool-58-thread-1] INFO  storage.RaftStorageDirectory (RaftStorageDirectory.java:tryLock(328)) - Lock on /workdir/hadoop-ozone/integration-test/target/test-dir/MiniOzoneClusterImpl-3b2755de-4cfe-4b43-9e0d-73dd8eda8f75/datanode-0/data/ratis/0670478e-5791-4e08-bea4-df274f267a33/in_use.lock acquired by nodename 30982@pr-hdds-1569-swxfz-3172132826
2019-09-19 14:04:52,139 [pool-58-thread-1] INFO  storage.RaftStorage (RaftStorage.java:format(72)) - Storage directory /workdir/hadoop-ozone/integration-test/target/test-dir/MiniOzoneClusterImpl-3b2755de-4cfe-4b43-9e0d-73dd8eda8f75/datanode-0/data/ratis/0670478e-5791-4e08-bea4-df274f267a33 has been successfully formatted.
2019-09-19 14:04:52,139 [pool-58-thread-1] INFO  ratis.ContainerStateMachine (ContainerStateMachine.java:loadSnapshot(226)) - group-DF274F267A33: The snapshot info is null. Setting the last applied indexto:(t:0, i:~)
2019-09-19 14:04:52,139 [pool-58-thread-1] INFO  server.RaftServerConfigKeys (ConfUtils.java:logGet(43)) - raft.server.leader.election.timeout = 120s (custom)
2019-09-19 14:04:52,139 [pool-58-thread-1] INFO  server.RaftServerConfigKeys (ConfUtils.java:logGet(43)) - raft.server.log.use.memory = false (default)
2019-09-19 14:04:52,139 [pool-58-thread-1] INFO  server.RaftServerConfigKeys (ConfUtils.java:logGet(43)) - raft.server.log.purge.gap = 1000000 (custom)
2019-09-19 14:04:52,139 [pool-58-thread-1] INFO  server.RaftServerConfigKeys (ConfUtils.java:logGet(43)) - raft.server.log.appender.buffer.byte-limit = 33554432 (custom)
2019-09-19 14:04:52,140 [pool-58-thread-1] INFO  server.RaftServerConfigKeys (ConfUtils.java:logGet(43)) - raft.server.log.segment.size.max = 1048576 (custom)
2019-09-19 14:04:52,140 [pool-58-thread-1] INFO  server.RaftServerConfigKeys (ConfUtils.java:logGet(43)) - raft.server.log.segment.cache.num.max = 2 (custom)
2019-09-19 14:04:52,140 [pool-58-thread-1] INFO  segmented.SegmentedRaftLogWorker (SegmentedRaftLogWorker.java:<init>(172)) - new dcc77c7b-1d37-448d-8d57-43d254561693-SegmentedRaftLogWorker:Storage Directory /workdir/hadoop-ozone/integration-test/target/test-dir/MiniOzoneClusterImpl-3b2755de-4cfe-4b43-9e0d-73dd8eda8f75/datanode-0/data/ratis/0670478e-5791-4e08-bea4-df274f267a33 for RaftStorage:Storage Directory /workdir/hadoop-ozone/integration-test/target/test-dir/MiniOzoneClusterImpl-3b2755de-4cfe-4b43-9e0d-73dd8eda8f75/datanode-0/data/ratis/0670478e-5791-4e08-bea4-df274f267a33
2019-09-19 14:04:52,140 [pool-58-thread-1] INFO  server.RaftServerConfigKeys (ConfUtils.java:logGet(43)) - raft.server.log.queue.byte-limit = 2147483647 (custom)
2019-09-19 14:04:52,140 [pool-58-thread-1] INFO  server.RaftServerConfigKeys (ConfUtils.java:logGet(43)) - raft.server.log.queue.element-limit = 1024 (custom)
2019-09-19 14:04:52,140 [pool-58-thread-1] INFO  server.RaftServerConfigKeys (ConfUtils.java:logGet(43)) - raft.server.log.segment.size.max = 1048576 (custom)
2019-09-19 14:04:52,140 [pool-58-thread-1] INFO  server.RaftServerConfigKeys (ConfUtils.java:logGet(43)) - raft.server.log.preallocated.size = 16384 (custom)
2019-09-19 14:04:52,140 [pool-58-thread-1] INFO  server.RaftServerConfigKeys (ConfUtils.java:logGet(43)) - raft.server.log.write.buffer.size = 33554432 (custom)
2019-09-19 14:04:52,140 [pool-58-thread-1] INFO  server.RaftServerConfigKeys (ConfUtils.java:logGet(43)) - raft.server.log.force.sync.num = 128 (default)
2019-09-19 14:04:52,140 [pool-58-thread-1] INFO  server.RaftServerConfigKeys (ConfUtils.java:logGet(43)) - raft.server.log.statemachine.data.sync = true (default)
2019-09-19 14:04:52,141 [pool-58-thread-1] INFO  server.RaftServerConfigKeys (ConfUtils.java:logGet(43)) - raft.server.log.statemachine.data.sync.timeout = 10s (default)
2019-09-19 14:04:52,141 [pool-58-thread-1] INFO  server.RaftServerConfigKeys (ConfUtils.java:logGet(43)) - raft.server.log.statemachine.data.sync.timeout.retry = -1 (default)
2019-09-19 14:04:52,141 [pool-58-thread-1] INFO  server.RaftServerConfigKeys (ConfUtils.java:logGet(43)) - raft.server.log.statemachine.data.caching.enabled = true (custom)
2019-09-19 14:04:52,141 [pool-58-thread-1] INFO  segmented.SegmentedRaftLogWorker (SegmentedRaftLogWorker.java:lambda$new$0(132)) - dcc77c7b-1d37-448d-8d57-43d254561693-SegmentedRaftLogWorker:Storage Directory /workdir/hadoop-ozone/integration-test/target/test-dir/MiniOzoneClusterImpl-3b2755de-4cfe-4b43-9e0d-73dd8eda8f75/datanode-0/data/ratis/0670478e-5791-4e08-bea4-df274f267a33: flushIndex: setUnconditionally 0 -> -1
2019-09-19 14:04:52,141 [pool-58-thread-1] INFO  server.RaftServerConfigKeys (ConfUtils.java:logGet(43)) - raft.server.snapshot.auto.trigger.enabled = true (custom)
2019-09-19 14:04:52,141 [pool-58-thread-1] INFO  server.RaftServerConfigKeys (ConfUtils.java:logGet(43)) - raft.server.snapshot.auto.trigger.threshold = 1 (custom)
2019-09-19 14:04:52,141 [pool-58-thread-1] INFO  server.RaftServerConfigKeys (ConfUtils.java:logGet(43)) - raft.server.retrycache.expirytime = 600000ms (custom)
2019-09-19 14:04:52,142 [pool-58-thread-1] INFO  impl.RaftServerImpl (RaftServerImpl.java:start(180)) - dcc77c7b-1d37-448d-8d57-43d254561693: start group-DF274F267A33
2019-09-19 14:04:52,142 [pool-58-thread-1] INFO  impl.RaftServerImpl (RaftServerImpl.java:setRole(171)) - dcc77c7b-1d37-448d-8d57-43d254561693:group-DF274F267A33 changes role from null to FOLLOWER at term 0 for startAsFollower
2019-09-19 14:04:52,142 [pool-58-thread-1] INFO  impl.RoleInfo (RoleInfo.java:updateAndGet(143)) - dcc77c7b-1d37-448d-8d57-43d254561693: start FollowerState
2019-09-19 14:04:52,142 [pool-58-thread-1] INFO  util.JmxRegister (JmxRegister.java:tryRegister(44)) - Successfully registered JMX Bean with object name Ratis:service=RaftServer,group=group-DF274F267A33,id=dcc77c7b-1d37-448d-8d57-43d254561693
2019-09-19 14:04:52,143 [RatisPipelineUtilsThread] INFO  pipeline.PipelineStateManager (PipelineStateManager.java:addPipeline(56)) - Created pipeline Pipeline[ Id: 0670478e-5791-4e08-bea4-df274f267a33, Nodes: dcc77c7b-1d37-448d-8d57-43d254561693{ip: 192.168.157.226, host: pr-hdds-1569-swxfz-3172132826, networkLocation: /default-rack, certSerialId: null}, Type:RATIS, Factor:ONE, State:OPEN]
2019-09-19 14:04:52,144 [grpc-default-executor-1] INFO  impl.RaftServerProxy (RaftServerProxy.java:addNew(89)) - dcc77c7b-1d37-448d-8d57-43d254561693: addNew group-E53CD96B3E19:[dcc77c7b-1d37-448d-8d57-43d254561693:192.168.157.226:34527] returns group-E53CD96B3E19:java.util.concurrent.CompletableFuture@7ffa15[Not completed]
2019-09-19 14:04:52,145 [pool-58-thread-1] INFO  impl.RaftServerImpl (RaftServerImpl.java:<init>(93)) - dcc77c7b-1d37-448d-8d57-43d254561693: new RaftServerImpl for group-E53CD96B3E19:[dcc77c7b-1d37-448d-8d57-43d254561693:192.168.157.226:34527] with ContainerStateMachine:uninitialized
2019-09-19 14:04:52,145 [pool-58-thread-1] INFO  server.RaftServerConfigKeys (ConfUtils.java:logGet(43)) - raft.server.rpc.timeout.min = 5s (custom)
2019-09-19 14:04:52,145 [pool-58-thread-1] INFO  server.RaftServerConfigKeys (ConfUtils.java:logGet(43)) - raft.server.rpc.timeout.max = 5200ms (custom)
2019-09-19 14:04:52,145 [pool-58-thread-1] INFO  server.RaftServerConfigKeys (ConfUtils.java:logGet(43)) - raft.server.rpcslowness.timeout = 120s (custom)
2019-09-19 14:04:52,145 [pool-58-thread-1] INFO  server.RaftServerConfigKeys (ConfUtils.java:logGet(43)) - raft.server.sleep.deviation.threshold = 300 (default)
2019-09-19 14:04:52,145 [pool-58-thread-1] INFO  server.RaftServerConfigKeys (ConfUtils.java:logGet(43)) - raft.server.log.appender.install.snapshot.enabled = false (custom)
2019-09-19 14:04:52,145 [pool-58-thread-1] INFO  impl.RaftServerImpl (ServerState.java:<init>(105)) - dcc77c7b-1d37-448d-8d57-43d254561693:group-E53CD96B3E19 ConfigurationManager, init=-1: [dcc77c7b-1d37-448d-8d57-43d254561693:192.168.157.226:34527], old=null, confs=<EMPTY_MAP>
2019-09-19 14:04:52,145 [pool-58-thread-1] INFO  server.RaftServerConfigKeys (ConfUtils.java:logGet(43)) - raft.server.storage.dir = [/workdir/hadoop-ozone/integration-test/target/test-dir/MiniOzoneClusterImpl-3b2755de-4cfe-4b43-9e0d-73dd8eda8f75/datanode-0/data/ratis] (custom)
2019-09-19 14:04:52,146 [pool-58-thread-1] INFO  storage.RaftStorageDirectory (RaftStorageDirectory.java:analyzeStorage(246)) - The storage directory /workdir/hadoop-ozone/integration-test/target/test-dir/MiniOzoneClusterImpl-3b2755de-4cfe-4b43-9e0d-73dd8eda8f75/datanode-0/data/ratis/cf1a1524-ab21-4332-a4e8-e53cd96b3e19 does not exist. Creating ...
2019-09-19 14:04:52,157 [pool-58-thread-1] INFO  storage.RaftStorageDirectory (RaftStorageDirectory.java:tryLock(328)) - Lock on /workdir/hadoop-ozone/integration-test/target/test-dir/MiniOzoneClusterImpl-3b2755de-4cfe-4b43-9e0d-73dd8eda8f75/datanode-0/data/ratis/cf1a1524-ab21-4332-a4e8-e53cd96b3e19/in_use.lock acquired by nodename 30982@pr-hdds-1569-swxfz-3172132826
2019-09-19 14:04:52,176 [pool-58-thread-1] INFO  storage.RaftStorage (RaftStorage.java:format(72)) - Storage directory /workdir/hadoop-ozone/integration-test/target/test-dir/MiniOzoneClusterImpl-3b2755de-4cfe-4b43-9e0d-73dd8eda8f75/datanode-0/data/ratis/cf1a1524-ab21-4332-a4e8-e53cd96b3e19 has been successfully formatted.
2019-09-19 14:04:52,176 [pool-58-thread-1] INFO  ratis.ContainerStateMachine (ContainerStateMachine.java:loadSnapshot(226)) - group-E53CD96B3E19: The snapshot info is null. Setting the last applied indexto:(t:0, i:~)
2019-09-19 14:04:52,177 [pool-58-thread-1] INFO  server.RaftServerConfigKeys (ConfUtils.java:logGet(43)) - raft.server.leader.election.timeout = 120s (custom)
2019-09-19 14:04:52,177 [pool-58-thread-1] INFO  server.RaftServerConfigKeys (ConfUtils.java:logGet(43)) - raft.server.log.use.memory = false (default)
2019-09-19 14:04:52,177 [pool-58-thread-1] INFO  server.RaftServerConfigKeys (ConfUtils.java:logGet(43)) - raft.server.log.purge.gap = 1000000 (custom)
2019-09-19 14:04:52,177 [pool-58-thread-1] INFO  server.RaftServerConfigKeys (ConfUtils.java:logGet(43)) - raft.server.log.appender.buffer.byte-limit = 33554432 (custom)
2019-09-19 14:04:52,177 [pool-58-thread-1] INFO  server.RaftServerConfigKeys (ConfUtils.java:logGet(43)) - raft.server.log.segment.size.max = 1048576 (custom)
2019-09-19 14:04:52,177 [pool-58-thread-1] INFO  server.RaftServerConfigKeys (ConfUtils.java:logGet(43)) - raft.server.log.segment.cache.num.max = 2 (custom)
2019-09-19 14:04:52,177 [pool-58-thread-1] INFO  segmented.SegmentedRaftLogWorker (SegmentedRaftLogWorker.java:<init>(172)) - new dcc77c7b-1d37-448d-8d57-43d254561693-SegmentedRaftLogWorker:Storage Directory /workdir/hadoop-ozone/integration-test/target/test-dir/MiniOzoneClusterImpl-3b2755de-4cfe-4b43-9e0d-73dd8eda8f75/datanode-0/data/ratis/cf1a1524-ab21-4332-a4e8-e53cd96b3e19 for RaftStorage:Storage Directory /workdir/hadoop-ozone/integration-test/target/test-dir/MiniOzoneClusterImpl-3b2755de-4cfe-4b43-9e0d-73dd8eda8f75/datanode-0/data/ratis/cf1a1524-ab21-4332-a4e8-e53cd96b3e19
2019-09-19 14:04:52,177 [pool-58-thread-1] INFO  server.RaftServerConfigKeys (ConfUtils.java:logGet(43)) - raft.server.log.queue.byte-limit = 2147483647 (custom)
2019-09-19 14:04:52,177 [pool-58-thread-1] INFO  server.RaftServerConfigKeys (ConfUtils.java:logGet(43)) - raft.server.log.queue.element-limit = 1024 (custom)
2019-09-19 14:04:52,177 [pool-58-thread-1] INFO  server.RaftServerConfigKeys (ConfUtils.java:logGet(43)) - raft.server.log.segment.size.max = 1048576 (custom)
2019-09-19 14:04:52,178 [pool-58-thread-1] INFO  server.RaftServerConfigKeys (ConfUtils.java:logGet(43)) - raft.server.log.preallocated.size = 16384 (custom)
2019-09-19 14:04:52,178 [pool-58-thread-1] INFO  server.RaftServerConfigKeys (ConfUtils.java:logGet(43)) - raft.server.log.write.buffer.size = 33554432 (custom)
2019-09-19 14:04:52,178 [pool-58-thread-1] INFO  server.RaftServerConfigKeys (ConfUtils.java:logGet(43)) - raft.server.log.force.sync.num = 128 (default)
2019-09-19 14:04:52,178 [pool-58-thread-1] INFO  server.RaftServerConfigKeys (ConfUtils.java:logGet(43)) - raft.server.log.statemachine.data.sync = true (default)
2019-09-19 14:04:52,178 [pool-58-thread-1] INFO  server.RaftServerConfigKeys (ConfUtils.java:logGet(43)) - raft.server.log.statemachine.data.sync.timeout = 10s (default)
2019-09-19 14:04:52,178 [pool-58-thread-1] INFO  server.RaftServerConfigKeys (ConfUtils.java:logGet(43)) - raft.server.log.statemachine.data.sync.timeout.retry = -1 (default)
2019-09-19 14:04:52,178 [pool-58-thread-1] INFO  server.RaftServerConfigKeys (ConfUtils.java:logGet(43)) - raft.server.log.statemachine.data.caching.enabled = true (custom)
2019-09-19 14:04:52,178 [pool-58-thread-1] INFO  segmented.SegmentedRaftLogWorker (SegmentedRaftLogWorker.java:lambda$new$0(132)) - dcc77c7b-1d37-448d-8d57-43d254561693-SegmentedRaftLogWorker:Storage Directory /workdir/hadoop-ozone/integration-test/target/test-dir/MiniOzoneClusterImpl-3b2755de-4cfe-4b43-9e0d-73dd8eda8f75/datanode-0/data/ratis/cf1a1524-ab21-4332-a4e8-e53cd96b3e19: flushIndex: setUnconditionally 0 -> -1
2019-09-19 14:04:52,179 [pool-58-thread-1] INFO  server.RaftServerConfigKeys (ConfUtils.java:logGet(43)) - raft.server.snapshot.auto.trigger.enabled = true (custom)
2019-09-19 14:04:52,179 [pool-58-thread-1] INFO  server.RaftServerConfigKeys (ConfUtils.java:logGet(43)) - raft.server.snapshot.auto.trigger.threshold = 1 (custom)
2019-09-19 14:04:52,179 [pool-58-thread-1] INFO  server.RaftServerConfigKeys (ConfUtils.java:logGet(43)) - raft.server.retrycache.expirytime = 600000ms (custom)
2019-09-19 14:04:52,179 [pool-58-thread-1] INFO  impl.RaftServerImpl (RaftServerImpl.java:start(180)) - dcc77c7b-1d37-448d-8d57-43d254561693: start group-E53CD96B3E19
2019-09-19 14:04:52,179 [pool-58-thread-1] INFO  impl.RaftServerImpl (RaftServerImpl.java:setRole(171)) - dcc77c7b-1d37-448d-8d57-43d254561693:group-E53CD96B3E19 changes role from null to FOLLOWER at term 0 for startAsFollower
2019-09-19 14:04:52,179 [pool-58-thread-1] INFO  impl.RoleInfo (RoleInfo.java:updateAndGet(143)) - dcc77c7b-1d37-448d-8d57-43d254561693: start FollowerState
2019-09-19 14:04:52,179 [pool-58-thread-1] INFO  util.JmxRegister (JmxRegister.java:tryRegister(44)) - Successfully registered JMX Bean with object name Ratis:service=RaftServer,group=group-E53CD96B3E19,id=dcc77c7b-1d37-448d-8d57-43d254561693
2019-09-19 14:04:52,181 [RatisPipelineUtilsThread] INFO  pipeline.PipelineStateManager (PipelineStateManager.java:addPipeline(56)) - Created pipeline Pipeline[ Id: cf1a1524-ab21-4332-a4e8-e53cd96b3e19, Nodes: dcc77c7b-1d37-448d-8d57-43d254561693{ip: 192.168.157.226, host: pr-hdds-1569-swxfz-3172132826, networkLocation: /default-rack, certSerialId: null}, Type:RATIS, Factor:ONE, State:OPEN]
2019-09-19 14:04:52,183 [grpc-default-executor-1] INFO  impl.RaftServerProxy (RaftServerProxy.java:addNew(89)) - dcc77c7b-1d37-448d-8d57-43d254561693: addNew group-EF22F8D31499:[dcc77c7b-1d37-448d-8d57-43d254561693:192.168.157.226:34527] returns group-EF22F8D31499:java.util.concurrent.CompletableFuture@8bd52bd[Not completed]
2019-09-19 14:04:52,184 [pool-58-thread-1] INFO  impl.RaftServerImpl (RaftServerImpl.java:<init>(93)) - dcc77c7b-1d37-448d-8d57-43d254561693: new RaftServerImpl for group-EF22F8D31499:[dcc77c7b-1d37-448d-8d57-43d254561693:192.168.157.226:34527] with ContainerStateMachine:uninitialized
2019-09-19 14:04:52,184 [pool-58-thread-1] INFO  server.RaftServerConfigKeys (ConfUtils.java:logGet(43)) - raft.server.rpc.timeout.min = 5s (custom)
2019-09-19 14:04:52,184 [pool-58-thread-1] INFO  server.RaftServerConfigKeys (ConfUtils.java:logGet(43)) - raft.server.rpc.timeout.max = 5200ms (custom)
2019-09-19 14:04:52,184 [pool-58-thread-1] INFO  server.RaftServerConfigKeys (ConfUtils.java:logGet(43)) - raft.server.rpcslowness.timeout = 120s (custom)
2019-09-19 14:04:52,184 [pool-58-thread-1] INFO  server.RaftServerConfigKeys (ConfUtils.java:logGet(43)) - raft.server.sleep.deviation.threshold = 300 (default)
2019-09-19 14:04:52,184 [pool-58-thread-1] INFO  server.RaftServerConfigKeys (ConfUtils.java:logGet(43)) - raft.server.log.appender.install.snapshot.enabled = false (custom)
2019-09-19 14:04:52,184 [pool-58-thread-1] INFO  impl.RaftServerImpl (ServerState.java:<init>(105)) - dcc77c7b-1d37-448d-8d57-43d254561693:group-EF22F8D31499 ConfigurationManager, init=-1: [dcc77c7b-1d37-448d-8d57-43d254561693:192.168.157.226:34527], old=null, confs=<EMPTY_MAP>
2019-09-19 14:04:52,184 [pool-58-thread-1] INFO  server.RaftServerConfigKeys (ConfUtils.java:logGet(43)) - raft.server.storage.dir = [/workdir/hadoop-ozone/integration-test/target/test-dir/MiniOzoneClusterImpl-3b2755de-4cfe-4b43-9e0d-73dd8eda8f75/datanode-0/data/ratis] (custom)
2019-09-19 14:04:52,185 [pool-58-thread-1] INFO  storage.RaftStorageDirectory (RaftStorageDirectory.java:analyzeStorage(246)) - The storage directory /workdir/hadoop-ozone/integration-test/target/test-dir/MiniOzoneClusterImpl-3b2755de-4cfe-4b43-9e0d-73dd8eda8f75/datanode-0/data/ratis/195e7c49-f441-4cbd-a4fc-ef22f8d31499 does not exist. Creating ...
2019-09-19 14:04:52,188 [Thread-3988] INFO  impl.FollowerState (FollowerState.java:run(106)) - dcc77c7b-1d37-448d-8d57-43d254561693:group-8814F17057E4 changes to CANDIDATE, lastRpcTime:5099, electionTimeout:5099ms
2019-09-19 14:04:52,188 [Thread-3988] INFO  impl.RoleInfo (RoleInfo.java:shutdownFollowerState(121)) - dcc77c7b-1d37-448d-8d57-43d254561693: shutdown FollowerState
2019-09-19 14:04:52,188 [Thread-3988] INFO  impl.RaftServerImpl (RaftServerImpl.java:setRole(171)) - dcc77c7b-1d37-448d-8d57-43d254561693:group-8814F17057E4 changes role from FOLLOWER to CANDIDATE at term 0 for changeToCandidate
2019-09-19 14:04:52,189 [Thread-3988] INFO  impl.RoleInfo (RoleInfo.java:updateAndGet(143)) - dcc77c7b-1d37-448d-8d57-43d254561693: start LeaderElection
2019-09-19 14:04:52,192 | INFO  | SCMAudit | user=jenkins1000 | ip=192.168.157.226 | op=SEND_HEARTBEAT {datanodeUUID=dcc77c7b-1d37-448d-8d57-43d254561693, command=[]} | ret=SUCCESS |  
2019-09-19 14:04:52,194 [Thread-3981] INFO  impl.FollowerState (FollowerState.java:run(106)) - dcc77c7b-1d37-448d-8d57-43d254561693:group-D8A1293B4D72 changes to CANDIDATE, lastRpcTime:5181, electionTimeout:5181ms
2019-09-19 14:04:52,194 [Thread-3981] INFO  impl.RoleInfo (RoleInfo.java:shutdownFollowerState(121)) - dcc77c7b-1d37-448d-8d57-43d254561693: shutdown FollowerState
2019-09-19 14:04:52,194 [Thread-3981] INFO  impl.RaftServerImpl (RaftServerImpl.java:setRole(171)) - dcc77c7b-1d37-448d-8d57-43d254561693:group-D8A1293B4D72 changes role from FOLLOWER to CANDIDATE at term 0 for changeToCandidate
2019-09-19 14:04:52,194 [Thread-3981] INFO  impl.RoleInfo (RoleInfo.java:updateAndGet(143)) - dcc77c7b-1d37-448d-8d57-43d254561693: start LeaderElection
2019-09-19 14:04:52,198 [pool-58-thread-1] INFO  storage.RaftStorageDirectory (RaftStorageDirectory.java:tryLock(328)) - Lock on /workdir/hadoop-ozone/integration-test/target/test-dir/MiniOzoneClusterImpl-3b2755de-4cfe-4b43-9e0d-73dd8eda8f75/datanode-0/data/ratis/195e7c49-f441-4cbd-a4fc-ef22f8d31499/in_use.lock acquired by nodename 30982@pr-hdds-1569-swxfz-3172132826
2019-09-19 14:04:52,198 [dcc77c7b-1d37-448d-8d57-43d254561693:group-D8A1293B4D72:LeaderElection515] INFO  impl.LeaderElection (LeaderElection.java:askForVotes(181)) - dcc77c7b-1d37-448d-8d57-43d254561693:group-D8A1293B4D72:LeaderElection515: begin an election at term 1 for -1: [dcc77c7b-1d37-448d-8d57-43d254561693:192.168.157.226:34527], old=null
2019-09-19 14:04:52,198 [dcc77c7b-1d37-448d-8d57-43d254561693:group-8814F17057E4:LeaderElection514] INFO  impl.LeaderElection (LeaderElection.java:askForVotes(181)) - dcc77c7b-1d37-448d-8d57-43d254561693:group-8814F17057E4:LeaderElection514: begin an election at term 1 for -1: [dcc77c7b-1d37-448d-8d57-43d254561693:192.168.157.226:34527], old=null
2019-09-19 14:04:52,199 [dcc77c7b-1d37-448d-8d57-43d254561693:group-D8A1293B4D72:LeaderElection515] INFO  impl.RoleInfo (RoleInfo.java:shutdownLeaderElection(134)) - dcc77c7b-1d37-448d-8d57-43d254561693: shutdown LeaderElection
2019-09-19 14:04:52,199 [dcc77c7b-1d37-448d-8d57-43d254561693:group-8814F17057E4:LeaderElection514] INFO  impl.RoleInfo (RoleInfo.java:shutdownLeaderElection(134)) - dcc77c7b-1d37-448d-8d57-43d254561693: shutdown LeaderElection
2019-09-19 14:04:52,199 [dcc77c7b-1d37-448d-8d57-43d254561693:group-D8A1293B4D72:LeaderElection515] INFO  impl.RaftServerImpl (RaftServerImpl.java:setRole(171)) - dcc77c7b-1d37-448d-8d57-43d254561693:group-D8A1293B4D72 changes role from CANDIDATE to LEADER at term 1 for changeToLeader
2019-09-19 14:04:52,199 [dcc77c7b-1d37-448d-8d57-43d254561693:group-8814F17057E4:LeaderElection514] INFO  impl.RaftServerImpl (RaftServerImpl.java:setRole(171)) - dcc77c7b-1d37-448d-8d57-43d254561693:group-8814F17057E4 changes role from CANDIDATE to LEADER at term 1 for changeToLeader
2019-09-19 14:04:52,199 [dcc77c7b-1d37-448d-8d57-43d254561693:group-D8A1293B4D72:LeaderElection515] INFO  impl.RaftServerImpl (ServerState.java:setLeader(263)) - dcc77c7b-1d37-448d-8d57-43d254561693:group-D8A1293B4D72 change Leader from null to dcc77c7b-1d37-448d-8d57-43d254561693 at term 1 for becomeLeader, leader elected after 5191ms
2019-09-19 14:04:52,199 [dcc77c7b-1d37-448d-8d57-43d254561693:group-8814F17057E4:LeaderElection514] INFO  impl.RaftServerImpl (ServerState.java:setLeader(263)) - dcc77c7b-1d37-448d-8d57-43d254561693:group-8814F17057E4 change Leader from null to dcc77c7b-1d37-448d-8d57-43d254561693 at term 1 for becomeLeader, leader elected after 5113ms
2019-09-19 14:04:52,199 [dcc77c7b-1d37-448d-8d57-43d254561693:group-D8A1293B4D72:LeaderElection515] INFO  server.RaftServerConfigKeys (ConfUtils.java:logGet(43)) - raft.server.staging.catchup.gap = 1000 (default)
2019-09-19 14:04:52,199 [dcc77c7b-1d37-448d-8d57-43d254561693:group-8814F17057E4:LeaderElection514] INFO  server.RaftServerConfigKeys (ConfUtils.java:logGet(43)) - raft.server.staging.catchup.gap = 1000 (default)
2019-09-19 14:04:52,199 [dcc77c7b-1d37-448d-8d57-43d254561693:group-D8A1293B4D72:LeaderElection515] INFO  server.RaftServerConfigKeys (ConfUtils.java:logGet(43)) - raft.server.rpc.sleep.time = 25ms (default)
2019-09-19 14:04:52,199 [dcc77c7b-1d37-448d-8d57-43d254561693:group-8814F17057E4:LeaderElection514] INFO  server.RaftServerConfigKeys (ConfUtils.java:logGet(43)) - raft.server.rpc.sleep.time = 25ms (default)
2019-09-19 14:04:52,200 [dcc77c7b-1d37-448d-8d57-43d254561693:group-D8A1293B4D72:LeaderElection515] INFO  server.RaftServerConfigKeys (ConfUtils.java:logGet(43)) - raft.server.write.element-limit = 4096 (default)
2019-09-19 14:04:52,200 [dcc77c7b-1d37-448d-8d57-43d254561693:group-8814F17057E4:LeaderElection514] INFO  server.RaftServerConfigKeys (ConfUtils.java:logGet(43)) - raft.server.write.element-limit = 4096 (default)
2019-09-19 14:04:52,200 [dcc77c7b-1d37-448d-8d57-43d254561693:group-D8A1293B4D72:LeaderElection515] INFO  server.RaftServerConfigKeys (ConfUtils.java:logGet(43)) - raft.server.watch.timeout = 10s (default)
2019-09-19 14:04:52,200 [dcc77c7b-1d37-448d-8d57-43d254561693:group-8814F17057E4:LeaderElection514] INFO  server.RaftServerConfigKeys (ConfUtils.java:logGet(43)) - raft.server.watch.timeout = 10s (default)
2019-09-19 14:04:52,200 [dcc77c7b-1d37-448d-8d57-43d254561693:group-D8A1293B4D72:LeaderElection515] INFO  server.RaftServerConfigKeys (ConfUtils.java:logGet(43)) - raft.server.watch.timeout.denomination = 1s (default)
2019-09-19 14:04:52,200 [dcc77c7b-1d37-448d-8d57-43d254561693:group-8814F17057E4:LeaderElection514] INFO  server.RaftServerConfigKeys (ConfUtils.java:logGet(43)) - raft.server.watch.timeout.denomination = 1s (default)
2019-09-19 14:04:52,200 [dcc77c7b-1d37-448d-8d57-43d254561693:group-D8A1293B4D72:LeaderElection515] INFO  server.RaftServerConfigKeys (ConfUtils.java:logGet(43)) - raft.server.watch.element-limit = 65536 (default)
2019-09-19 14:04:52,200 [dcc77c7b-1d37-448d-8d57-43d254561693:group-8814F17057E4:LeaderElection514] INFO  server.RaftServerConfigKeys (ConfUtils.java:logGet(43)) - raft.server.watch.element-limit = 65536 (default)
2019-09-19 14:04:52,200 [dcc77c7b-1d37-448d-8d57-43d254561693:group-D8A1293B4D72:LeaderElection515] INFO  impl.RoleInfo (RoleInfo.java:updateAndGet(143)) - dcc77c7b-1d37-448d-8d57-43d254561693: start LeaderState
2019-09-19 14:04:52,200 [dcc77c7b-1d37-448d-8d57-43d254561693:group-8814F17057E4:LeaderElection514] INFO  impl.RoleInfo (RoleInfo.java:updateAndGet(143)) - dcc77c7b-1d37-448d-8d57-43d254561693: start LeaderState
2019-09-19 14:04:52,201 [dcc77c7b-1d37-448d-8d57-43d254561693:group-D8A1293B4D72:LeaderElection515] INFO  segmented.SegmentedRaftLogWorker (SegmentedRaftLogWorker.java:startLogSegment(380)) - dcc77c7b-1d37-448d-8d57-43d254561693-SegmentedRaftLogWorker:Storage Directory /workdir/hadoop-ozone/integration-test/target/test-dir/MiniOzoneClusterImpl-3b2755de-4cfe-4b43-9e0d-73dd8eda8f75/datanode-0/data/ratis/4b258b17-bab2-4df3-8074-d8a1293b4d72: Starting segment from index:0
2019-09-19 14:04:52,201 [dcc77c7b-1d37-448d-8d57-43d254561693:group-8814F17057E4:LeaderElection514] INFO  segmented.SegmentedRaftLogWorker (SegmentedRaftLogWorker.java:startLogSegment(380)) - dcc77c7b-1d37-448d-8d57-43d254561693-SegmentedRaftLogWorker:Storage Directory /workdir/hadoop-ozone/integration-test/target/test-dir/MiniOzoneClusterImpl-3b2755de-4cfe-4b43-9e0d-73dd8eda8f75/datanode-0/data/ratis/d731706d-16f0-4dab-8a6b-8814f17057e4: Starting segment from index:0
2019-09-19 14:04:52,201 [dcc77c7b-1d37-448d-8d57-43d254561693:group-D8A1293B4D72:LeaderElection515] INFO  impl.RaftServerImpl (ServerState.java:setRaftConf(361)) - dcc77c7b-1d37-448d-8d57-43d254561693:group-D8A1293B4D72 set configuration 0: [dcc77c7b-1d37-448d-8d57-43d254561693:192.168.157.226:34527], old=null at 0
2019-09-19 14:04:52,201 [dcc77c7b-1d37-448d-8d57-43d254561693:group-8814F17057E4:LeaderElection514] INFO  impl.RaftServerImpl (ServerState.java:setRaftConf(361)) - dcc77c7b-1d37-448d-8d57-43d254561693:group-8814F17057E4 set configuration 0: [dcc77c7b-1d37-448d-8d57-43d254561693:192.168.157.226:34527], old=null at 0
2019-09-19 14:04:52,211 [pool-58-thread-1] INFO  storage.RaftStorage (RaftStorage.java:format(72)) - Storage directory /workdir/hadoop-ozone/integration-test/target/test-dir/MiniOzoneClusterImpl-3b2755de-4cfe-4b43-9e0d-73dd8eda8f75/datanode-0/data/ratis/195e7c49-f441-4cbd-a4fc-ef22f8d31499 has been successfully formatted.
2019-09-19 14:04:52,211 [pool-58-thread-1] INFO  ratis.ContainerStateMachine (ContainerStateMachine.java:loadSnapshot(226)) - group-EF22F8D31499: The snapshot info is null. Setting the last applied indexto:(t:0, i:~)
2019-09-19 14:04:52,211 [pool-58-thread-1] INFO  server.RaftServerConfigKeys (ConfUtils.java:logGet(43)) - raft.server.leader.election.timeout = 120s (custom)
2019-09-19 14:04:52,211 [pool-58-thread-1] INFO  server.RaftServerConfigKeys (ConfUtils.java:logGet(43)) - raft.server.log.use.memory = false (default)
2019-09-19 14:04:52,211 [pool-58-thread-1] INFO  server.RaftServerConfigKeys (ConfUtils.java:logGet(43)) - raft.server.log.purge.gap = 1000000 (custom)
2019-09-19 14:04:52,212 [pool-58-thread-1] INFO  server.RaftServerConfigKeys (ConfUtils.java:logGet(43)) - raft.server.log.appender.buffer.byte-limit = 33554432 (custom)
2019-09-19 14:04:52,212 [pool-58-thread-1] INFO  server.RaftServerConfigKeys (ConfUtils.java:logGet(43)) - raft.server.log.segment.size.max = 1048576 (custom)
2019-09-19 14:04:52,212 [pool-58-thread-1] INFO  server.RaftServerConfigKeys (ConfUtils.java:logGet(43)) - raft.server.log.segment.cache.num.max = 2 (custom)
2019-09-19 14:04:52,212 [pool-58-thread-1] INFO  segmented.SegmentedRaftLogWorker (SegmentedRaftLogWorker.java:<init>(172)) - new dcc77c7b-1d37-448d-8d57-43d254561693-SegmentedRaftLogWorker:Storage Directory /workdir/hadoop-ozone/integration-test/target/test-dir/MiniOzoneClusterImpl-3b2755de-4cfe-4b43-9e0d-73dd8eda8f75/datanode-0/data/ratis/195e7c49-f441-4cbd-a4fc-ef22f8d31499 for RaftStorage:Storage Directory /workdir/hadoop-ozone/integration-test/target/test-dir/MiniOzoneClusterImpl-3b2755de-4cfe-4b43-9e0d-73dd8eda8f75/datanode-0/data/ratis/195e7c49-f441-4cbd-a4fc-ef22f8d31499
2019-09-19 14:04:52,212 [pool-58-thread-1] INFO  server.RaftServerConfigKeys (ConfUtils.java:logGet(43)) - raft.server.log.queue.byte-limit = 2147483647 (custom)
2019-09-19 14:04:52,212 [pool-58-thread-1] INFO  server.RaftServerConfigKeys (ConfUtils.java:logGet(43)) - raft.server.log.queue.element-limit = 1024 (custom)
2019-09-19 14:04:52,212 [pool-58-thread-1] INFO  server.RaftServerConfigKeys (ConfUtils.java:logGet(43)) - raft.server.log.segment.size.max = 1048576 (custom)
2019-09-19 14:04:52,212 [pool-58-thread-1] INFO  server.RaftServerConfigKeys (ConfUtils.java:logGet(43)) - raft.server.log.preallocated.size = 16384 (custom)
2019-09-19 14:04:52,212 [pool-58-thread-1] INFO  server.RaftServerConfigKeys (ConfUtils.java:logGet(43)) - raft.server.log.write.buffer.size = 33554432 (custom)
2019-09-19 14:04:52,212 [pool-58-thread-1] INFO  server.RaftServerConfigKeys (ConfUtils.java:logGet(43)) - raft.server.log.force.sync.num = 128 (default)
2019-09-19 14:04:52,213 [pool-58-thread-1] INFO  server.RaftServerConfigKeys (ConfUtils.java:logGet(43)) - raft.server.log.statemachine.data.sync = true (default)
2019-09-19 14:04:52,213 [pool-58-thread-1] INFO  server.RaftServerConfigKeys (ConfUtils.java:logGet(43)) - raft.server.log.statemachine.data.sync.timeout = 10s (default)
2019-09-19 14:04:52,213 [pool-58-thread-1] INFO  server.RaftServerConfigKeys (ConfUtils.java:logGet(43)) - raft.server.log.statemachine.data.sync.timeout.retry = -1 (default)
2019-09-19 14:04:52,213 [pool-58-thread-1] INFO  server.RaftServerConfigKeys (ConfUtils.java:logGet(43)) - raft.server.log.statemachine.data.caching.enabled = true (custom)
2019-09-19 14:04:52,213 [pool-58-thread-1] INFO  segmented.SegmentedRaftLogWorker (SegmentedRaftLogWorker.java:lambda$new$0(132)) - dcc77c7b-1d37-448d-8d57-43d254561693-SegmentedRaftLogWorker:Storage Directory /workdir/hadoop-ozone/integration-test/target/test-dir/MiniOzoneClusterImpl-3b2755de-4cfe-4b43-9e0d-73dd8eda8f75/datanode-0/data/ratis/195e7c49-f441-4cbd-a4fc-ef22f8d31499: flushIndex: setUnconditionally 0 -> -1
2019-09-19 14:04:52,213 [pool-58-thread-1] INFO  server.RaftServerConfigKeys (ConfUtils.java:logGet(43)) - raft.server.snapshot.auto.trigger.enabled = true (custom)
2019-09-19 14:04:52,213 [pool-58-thread-1] INFO  server.RaftServerConfigKeys (ConfUtils.java:logGet(43)) - raft.server.snapshot.auto.trigger.threshold = 1 (custom)
2019-09-19 14:04:52,213 [pool-58-thread-1] INFO  server.RaftServerConfigKeys (ConfUtils.java:logGet(43)) - raft.server.retrycache.expirytime = 600000ms (custom)
2019-09-19 14:04:52,214 [pool-58-thread-1] INFO  impl.RaftServerImpl (RaftServerImpl.java:start(180)) - dcc77c7b-1d37-448d-8d57-43d254561693: start group-EF22F8D31499
2019-09-19 14:04:52,214 [pool-58-thread-1] INFO  impl.RaftServerImpl (RaftServerImpl.java:setRole(171)) - dcc77c7b-1d37-448d-8d57-43d254561693:group-EF22F8D31499 changes role from null to FOLLOWER at term 0 for startAsFollower
2019-09-19 14:04:52,214 [pool-58-thread-1] INFO  impl.RoleInfo (RoleInfo.java:updateAndGet(143)) - dcc77c7b-1d37-448d-8d57-43d254561693: start FollowerState
2019-09-19 14:04:52,214 [pool-58-thread-1] INFO  util.JmxRegister (JmxRegister.java:tryRegister(44)) - Successfully registered JMX Bean with object name Ratis:service=RaftServer,group=group-EF22F8D31499,id=dcc77c7b-1d37-448d-8d57-43d254561693
2019-09-19 14:04:52,216 [RatisPipelineUtilsThread] INFO  pipeline.PipelineStateManager (PipelineStateManager.java:addPipeline(56)) - Created pipeline Pipeline[ Id: 195e7c49-f441-4cbd-a4fc-ef22f8d31499, Nodes: dcc77c7b-1d37-448d-8d57-43d254561693{ip: 192.168.157.226, host: pr-hdds-1569-swxfz-3172132826, networkLocation: /default-rack, certSerialId: null}, Type:RATIS, Factor:ONE, State:OPEN]
2019-09-19 14:04:52,219 [grpc-default-executor-1] INFO  impl.RaftServerProxy (RaftServerProxy.java:addNew(89)) - dcc77c7b-1d37-448d-8d57-43d254561693: addNew group-8DBED52DD969:[dcc77c7b-1d37-448d-8d57-43d254561693:192.168.157.226:34527] returns group-8DBED52DD969:java.util.concurrent.CompletableFuture@aeb4953[Not completed]
2019-09-19 14:04:52,219 [pool-58-thread-1] INFO  impl.RaftServerImpl (RaftServerImpl.java:<init>(93)) - dcc77c7b-1d37-448d-8d57-43d254561693: new RaftServerImpl for group-8DBED52DD969:[dcc77c7b-1d37-448d-8d57-43d254561693:192.168.157.226:34527] with ContainerStateMachine:uninitialized
2019-09-19 14:04:52,219 [pool-58-thread-1] INFO  server.RaftServerConfigKeys (ConfUtils.java:logGet(43)) - raft.server.rpc.timeout.min = 5s (custom)
2019-09-19 14:04:52,219 [pool-58-thread-1] INFO  server.RaftServerConfigKeys (ConfUtils.java:logGet(43)) - raft.server.rpc.timeout.max = 5200ms (custom)
2019-09-19 14:04:52,219 [pool-58-thread-1] INFO  server.RaftServerConfigKeys (ConfUtils.java:logGet(43)) - raft.server.rpcslowness.timeout = 120s (custom)
2019-09-19 14:04:52,219 [pool-58-thread-1] INFO  server.RaftServerConfigKeys (ConfUtils.java:logGet(43)) - raft.server.sleep.deviation.threshold = 300 (default)
2019-09-19 14:04:52,220 [pool-58-thread-1] INFO  server.RaftServerConfigKeys (ConfUtils.java:logGet(43)) - raft.server.log.appender.install.snapshot.enabled = false (custom)
2019-09-19 14:04:52,220 [pool-58-thread-1] INFO  impl.RaftServerImpl (ServerState.java:<init>(105)) - dcc77c7b-1d37-448d-8d57-43d254561693:group-8DBED52DD969 ConfigurationManager, init=-1: [dcc77c7b-1d37-448d-8d57-43d254561693:192.168.157.226:34527], old=null, confs=<EMPTY_MAP>
2019-09-19 14:04:52,220 [pool-58-thread-1] INFO  server.RaftServerConfigKeys (ConfUtils.java:logGet(43)) - raft.server.storage.dir = [/workdir/hadoop-ozone/integration-test/target/test-dir/MiniOzoneClusterImpl-3b2755de-4cfe-4b43-9e0d-73dd8eda8f75/datanode-0/data/ratis] (custom)
2019-09-19 14:04:52,220 [pool-58-thread-1] INFO  storage.RaftStorageDirectory (RaftStorageDirectory.java:analyzeStorage(246)) - The storage directory /workdir/hadoop-ozone/integration-test/target/test-dir/MiniOzoneClusterImpl-3b2755de-4cfe-4b43-9e0d-73dd8eda8f75/datanode-0/data/ratis/13e365e2-082e-427c-9029-8dbed52dd969 does not exist. Creating ...
2019-09-19 14:04:52,234 [pool-58-thread-1] INFO  storage.RaftStorageDirectory (RaftStorageDirectory.java:tryLock(328)) - Lock on /workdir/hadoop-ozone/integration-test/target/test-dir/MiniOzoneClusterImpl-3b2755de-4cfe-4b43-9e0d-73dd8eda8f75/datanode-0/data/ratis/13e365e2-082e-427c-9029-8dbed52dd969/in_use.lock acquired by nodename 30982@pr-hdds-1569-swxfz-3172132826
2019-09-19 14:04:52,234 [dcc77c7b-1d37-448d-8d57-43d254561693-SegmentedRaftLogWorker:Storage Directory /workdir/hadoop-ozone/integration-test/target/test-dir/MiniOzoneClusterImpl-3b2755de-4cfe-4b43-9e0d-73dd8eda8f75/datanode-0/data/ratis/d731706d-16f0-4dab-8a6b-8814f17057e4] INFO  segmented.SegmentedRaftLogWorker (SegmentedRaftLogWorker.java:execute(569)) - dcc77c7b-1d37-448d-8d57-43d254561693-SegmentedRaftLogWorker:Storage Directory /workdir/hadoop-ozone/integration-test/target/test-dir/MiniOzoneClusterImpl-3b2755de-4cfe-4b43-9e0d-73dd8eda8f75/datanode-0/data/ratis/d731706d-16f0-4dab-8a6b-8814f17057e4: created new log segment /workdir/hadoop-ozone/integration-test/target/test-dir/MiniOzoneClusterImpl-3b2755de-4cfe-4b43-9e0d-73dd8eda8f75/datanode-0/data/ratis/d731706d-16f0-4dab-8a6b-8814f17057e4/current/log_inprogress_0
2019-09-19 14:04:52,237 [dcc77c7b-1d37-448d-8d57-43d254561693-SegmentedRaftLogWorker:Storage Directory /workdir/hadoop-ozone/integration-test/target/test-dir/MiniOzoneClusterImpl-3b2755de-4cfe-4b43-9e0d-73dd8eda8f75/datanode-0/data/ratis/4b258b17-bab2-4df3-8074-d8a1293b4d72] INFO  segmented.SegmentedRaftLogWorker (SegmentedRaftLogWorker.java:execute(569)) - dcc77c7b-1d37-448d-8d57-43d254561693-SegmentedRaftLogWorker:Storage Directory /workdir/hadoop-ozone/integration-test/target/test-dir/MiniOzoneClusterImpl-3b2755de-4cfe-4b43-9e0d-73dd8eda8f75/datanode-0/data/ratis/4b258b17-bab2-4df3-8074-d8a1293b4d72: created new log segment /workdir/hadoop-ozone/integration-test/target/test-dir/MiniOzoneClusterImpl-3b2755de-4cfe-4b43-9e0d-73dd8eda8f75/datanode-0/data/ratis/4b258b17-bab2-4df3-8074-d8a1293b4d72/current/log_inprogress_0
2019-09-19 14:04:52,237 [pool-58-thread-1] INFO  storage.RaftStorage (RaftStorage.java:format(72)) - Storage directory /workdir/hadoop-ozone/integration-test/target/test-dir/MiniOzoneClusterImpl-3b2755de-4cfe-4b43-9e0d-73dd8eda8f75/datanode-0/data/ratis/13e365e2-082e-427c-9029-8dbed52dd969 has been successfully formatted.
2019-09-19 14:04:52,238 [pool-58-thread-1] INFO  ratis.ContainerStateMachine (ContainerStateMachine.java:loadSnapshot(226)) - group-8DBED52DD969: The snapshot info is null. Setting the last applied indexto:(t:0, i:~)
2019-09-19 14:04:52,238 [pool-58-thread-1] INFO  server.RaftServerConfigKeys (ConfUtils.java:logGet(43)) - raft.server.leader.election.timeout = 120s (custom)
2019-09-19 14:04:52,238 [pool-58-thread-1] INFO  server.RaftServerConfigKeys (ConfUtils.java:logGet(43)) - raft.server.log.use.memory = false (default)
2019-09-19 14:04:52,238 [pool-58-thread-1] INFO  server.RaftServerConfigKeys (ConfUtils.java:logGet(43)) - raft.server.log.purge.gap = 1000000 (custom)
2019-09-19 14:04:52,238 [pool-58-thread-1] INFO  server.RaftServerConfigKeys (ConfUtils.java:logGet(43)) - raft.server.log.appender.buffer.byte-limit = 33554432 (custom)
2019-09-19 14:04:52,238 [pool-58-thread-1] INFO  server.RaftServerConfigKeys (ConfUtils.java:logGet(43)) - raft.server.log.segment.size.max = 1048576 (custom)
2019-09-19 14:04:52,238 [pool-58-thread-1] INFO  server.RaftServerConfigKeys (ConfUtils.java:logGet(43)) - raft.server.log.segment.cache.num.max = 2 (custom)
2019-09-19 14:04:52,238 [pool-58-thread-1] INFO  segmented.SegmentedRaftLogWorker (SegmentedRaftLogWorker.java:<init>(172)) - new dcc77c7b-1d37-448d-8d57-43d254561693-SegmentedRaftLogWorker:Storage Directory /workdir/hadoop-ozone/integration-test/target/test-dir/MiniOzoneClusterImpl-3b2755de-4cfe-4b43-9e0d-73dd8eda8f75/datanode-0/data/ratis/13e365e2-082e-427c-9029-8dbed52dd969 for RaftStorage:Storage Directory /workdir/hadoop-ozone/integration-test/target/test-dir/MiniOzoneClusterImpl-3b2755de-4cfe-4b43-9e0d-73dd8eda8f75/datanode-0/data/ratis/13e365e2-082e-427c-9029-8dbed52dd969
2019-09-19 14:04:52,239 [pool-58-thread-1] INFO  server.RaftServerConfigKeys (ConfUtils.java:logGet(43)) - raft.server.log.queue.byte-limit = 2147483647 (custom)
2019-09-19 14:04:52,239 [pool-58-thread-1] INFO  server.RaftServerConfigKeys (ConfUtils.java:logGet(43)) - raft.server.log.queue.element-limit = 1024 (custom)
2019-09-19 14:04:52,239 [pool-58-thread-1] INFO  server.RaftServerConfigKeys (ConfUtils.java:logGet(43)) - raft.server.log.segment.size.max = 1048576 (custom)
2019-09-19 14:04:52,239 [pool-58-thread-1] INFO  server.RaftServerConfigKeys (ConfUtils.java:logGet(43)) - raft.server.log.preallocated.size = 16384 (custom)
2019-09-19 14:04:52,239 [pool-58-thread-1] INFO  server.RaftServerConfigKeys (ConfUtils.java:logGet(43)) - raft.server.log.write.buffer.size = 33554432 (custom)
2019-09-19 14:04:52,239 [pool-58-thread-1] INFO  server.RaftServerConfigKeys (ConfUtils.java:logGet(43)) - raft.server.log.force.sync.num = 128 (default)
2019-09-19 14:04:52,239 [pool-58-thread-1] INFO  server.RaftServerConfigKeys (ConfUtils.java:logGet(43)) - raft.server.log.statemachine.data.sync = true (default)
2019-09-19 14:04:52,240 [pool-58-thread-1] INFO  server.RaftServerConfigKeys (ConfUtils.java:logGet(43)) - raft.server.log.statemachine.data.sync.timeout = 10s (default)
2019-09-19 14:04:52,240 [pool-58-thread-1] INFO  server.RaftServerConfigKeys (ConfUtils.java:logGet(43)) - raft.server.log.statemachine.data.sync.timeout.retry = -1 (default)
2019-09-19 14:04:52,240 [pool-58-thread-1] INFO  server.RaftServerConfigKeys (ConfUtils.java:logGet(43)) - raft.server.log.statemachine.data.caching.enabled = true (custom)
2019-09-19 14:04:52,240 [pool-58-thread-1] INFO  segmented.SegmentedRaftLogWorker (SegmentedRaftLogWorker.java:lambda$new$0(132)) - dcc77c7b-1d37-448d-8d57-43d254561693-SegmentedRaftLogWorker:Storage Directory /workdir/hadoop-ozone/integration-test/target/test-dir/MiniOzoneClusterImpl-3b2755de-4cfe-4b43-9e0d-73dd8eda8f75/datanode-0/data/ratis/13e365e2-082e-427c-9029-8dbed52dd969: flushIndex: setUnconditionally 0 -> -1
2019-09-19 14:04:52,240 [pool-58-thread-1] INFO  server.RaftServerConfigKeys (ConfUtils.java:logGet(43)) - raft.server.snapshot.auto.trigger.enabled = true (custom)
2019-09-19 14:04:52,241 [pool-58-thread-1] INFO  server.RaftServerConfigKeys (ConfUtils.java:logGet(43)) - raft.server.snapshot.auto.trigger.threshold = 1 (custom)
2019-09-19 14:04:52,241 [pool-58-thread-1] INFO  server.RaftServerConfigKeys (ConfUtils.java:logGet(43)) - raft.server.retrycache.expirytime = 600000ms (custom)
2019-09-19 14:04:52,241 [pool-58-thread-1] INFO  impl.RaftServerImpl (RaftServerImpl.java:start(180)) - dcc77c7b-1d37-448d-8d57-43d254561693: start group-8DBED52DD969
2019-09-19 14:04:52,241 [pool-58-thread-1] INFO  impl.RaftServerImpl (RaftServerImpl.java:setRole(171)) - dcc77c7b-1d37-448d-8d57-43d254561693:group-8DBED52DD969 changes role from null to FOLLOWER at term 0 for startAsFollower
2019-09-19 14:04:52,241 [pool-58-thread-1] INFO  impl.RoleInfo (RoleInfo.java:updateAndGet(143)) - dcc77c7b-1d37-448d-8d57-43d254561693: start FollowerState
2019-09-19 14:04:52,241 [pool-58-thread-1] INFO  util.JmxRegister (JmxRegister.java:tryRegister(44)) - Successfully registered JMX Bean with object name Ratis:service=RaftServer,group=group-8DBED52DD969,id=dcc77c7b-1d37-448d-8d57-43d254561693
2019-09-19 14:04:52,243 [RatisPipelineUtilsThread] INFO  pipeline.PipelineStateManager (PipelineStateManager.java:addPipeline(56)) - Created pipeline Pipeline[ Id: 13e365e2-082e-427c-9029-8dbed52dd969, Nodes: dcc77c7b-1d37-448d-8d57-43d254561693{ip: 192.168.157.226, host: pr-hdds-1569-swxfz-3172132826, networkLocation: /default-rack, certSerialId: null}, Type:RATIS, Factor:ONE, State:OPEN]
2019-09-19 14:04:52,245 [grpc-default-executor-1] INFO  impl.RaftServerProxy (RaftServerProxy.java:addNew(89)) - dcc77c7b-1d37-448d-8d57-43d254561693: addNew group-E501E5C2F87A:[dcc77c7b-1d37-448d-8d57-43d254561693:192.168.157.226:34527] returns group-E501E5C2F87A:java.util.concurrent.CompletableFuture@46818801[Not completed]
2019-09-19 14:04:52,246 [pool-58-thread-1] INFO  impl.RaftServerImpl (RaftServerImpl.java:<init>(93)) - dcc77c7b-1d37-448d-8d57-43d254561693: new RaftServerImpl for group-E501E5C2F87A:[dcc77c7b-1d37-448d-8d57-43d254561693:192.168.157.226:34527] with ContainerStateMachine:uninitialized
2019-09-19 14:04:52,246 [pool-58-thread-1] INFO  server.RaftServerConfigKeys (ConfUtils.java:logGet(43)) - raft.server.rpc.timeout.min = 5s (custom)
2019-09-19 14:04:52,247 [pool-58-thread-1] INFO  server.RaftServerConfigKeys (ConfUtils.java:logGet(43)) - raft.server.rpc.timeout.max = 5200ms (custom)
2019-09-19 14:04:52,247 [pool-58-thread-1] INFO  server.RaftServerConfigKeys (ConfUtils.java:logGet(43)) - raft.server.rpcslowness.timeout = 120s (custom)
2019-09-19 14:04:52,247 [pool-58-thread-1] INFO  server.RaftServerConfigKeys (ConfUtils.java:logGet(43)) - raft.server.sleep.deviation.threshold = 300 (default)
2019-09-19 14:04:52,247 [pool-58-thread-1] INFO  server.RaftServerConfigKeys (ConfUtils.java:logGet(43)) - raft.server.log.appender.install.snapshot.enabled = false (custom)
2019-09-19 14:04:52,247 [pool-58-thread-1] INFO  impl.RaftServerImpl (ServerState.java:<init>(105)) - dcc77c7b-1d37-448d-8d57-43d254561693:group-E501E5C2F87A ConfigurationManager, init=-1: [dcc77c7b-1d37-448d-8d57-43d254561693:192.168.157.226:34527], old=null, confs=<EMPTY_MAP>
2019-09-19 14:04:52,247 [pool-58-thread-1] INFO  server.RaftServerConfigKeys (ConfUtils.java:logGet(43)) - raft.server.storage.dir = [/workdir/hadoop-ozone/integration-test/target/test-dir/MiniOzoneClusterImpl-3b2755de-4cfe-4b43-9e0d-73dd8eda8f75/datanode-0/data/ratis] (custom)
2019-09-19 14:04:52,248 [pool-58-thread-1] INFO  storage.RaftStorageDirectory (RaftStorageDirectory.java:analyzeStorage(246)) - The storage directory /workdir/hadoop-ozone/integration-test/target/test-dir/MiniOzoneClusterImpl-3b2755de-4cfe-4b43-9e0d-73dd8eda8f75/datanode-0/data/ratis/8cd24193-87e3-4023-8697-e501e5c2f87a does not exist. Creating ...
2019-09-19 14:04:52,261 [pool-58-thread-1] INFO  storage.RaftStorageDirectory (RaftStorageDirectory.java:tryLock(328)) - Lock on /workdir/hadoop-ozone/integration-test/target/test-dir/MiniOzoneClusterImpl-3b2755de-4cfe-4b43-9e0d-73dd8eda8f75/datanode-0/data/ratis/8cd24193-87e3-4023-8697-e501e5c2f87a/in_use.lock acquired by nodename 30982@pr-hdds-1569-swxfz-3172132826
2019-09-19 14:04:52,274 [pool-58-thread-1] INFO  storage.RaftStorage (RaftStorage.java:format(72)) - Storage directory /workdir/hadoop-ozone/integration-test/target/test-dir/MiniOzoneClusterImpl-3b2755de-4cfe-4b43-9e0d-73dd8eda8f75/datanode-0/data/ratis/8cd24193-87e3-4023-8697-e501e5c2f87a has been successfully formatted.
2019-09-19 14:04:52,274 [pool-58-thread-1] INFO  ratis.ContainerStateMachine (ContainerStateMachine.java:loadSnapshot(226)) - group-E501E5C2F87A: The snapshot info is null. Setting the last applied indexto:(t:0, i:~)
2019-09-19 14:04:52,274 [pool-58-thread-1] INFO  server.RaftServerConfigKeys (ConfUtils.java:logGet(43)) - raft.server.leader.election.timeout = 120s (custom)
2019-09-19 14:04:52,274 [pool-58-thread-1] INFO  server.RaftServerConfigKeys (ConfUtils.java:logGet(43)) - raft.server.log.use.memory = false (default)
2019-09-19 14:04:52,275 [pool-58-thread-1] INFO  server.RaftServerConfigKeys (ConfUtils.java:logGet(43)) - raft.server.log.purge.gap = 1000000 (custom)
2019-09-19 14:04:52,275 [pool-58-thread-1] INFO  server.RaftServerConfigKeys (ConfUtils.java:logGet(43)) - raft.server.log.appender.buffer.byte-limit = 33554432 (custom)
2019-09-19 14:04:52,275 [pool-58-thread-1] INFO  server.RaftServerConfigKeys (ConfUtils.java:logGet(43)) - raft.server.log.segment.size.max = 1048576 (custom)
2019-09-19 14:04:52,275 [pool-58-thread-1] INFO  server.RaftServerConfigKeys (ConfUtils.java:logGet(43)) - raft.server.log.segment.cache.num.max = 2 (custom)
2019-09-19 14:04:52,275 [pool-58-thread-1] INFO  segmented.SegmentedRaftLogWorker (SegmentedRaftLogWorker.java:<init>(172)) - new dcc77c7b-1d37-448d-8d57-43d254561693-SegmentedRaftLogWorker:Storage Directory /workdir/hadoop-ozone/integration-test/target/test-dir/MiniOzoneClusterImpl-3b2755de-4cfe-4b43-9e0d-73dd8eda8f75/datanode-0/data/ratis/8cd24193-87e3-4023-8697-e501e5c2f87a for RaftStorage:Storage Directory /workdir/hadoop-ozone/integration-test/target/test-dir/MiniOzoneClusterImpl-3b2755de-4cfe-4b43-9e0d-73dd8eda8f75/datanode-0/data/ratis/8cd24193-87e3-4023-8697-e501e5c2f87a
2019-09-19 14:04:52,275 [pool-58-thread-1] INFO  server.RaftServerConfigKeys (ConfUtils.java:logGet(43)) - raft.server.log.queue.byte-limit = 2147483647 (custom)
2019-09-19 14:04:52,275 [pool-58-thread-1] INFO  server.RaftServerConfigKeys (ConfUtils.java:logGet(43)) - raft.server.log.queue.element-limit = 1024 (custom)
2019-09-19 14:04:52,275 [pool-58-thread-1] INFO  server.RaftServerConfigKeys (ConfUtils.java:logGet(43)) - raft.server.log.segment.size.max = 1048576 (custom)
2019-09-19 14:04:52,276 [pool-58-thread-1] INFO  server.RaftServerConfigKeys (ConfUtils.java:logGet(43)) - raft.server.log.preallocated.size = 16384 (custom)
2019-09-19 14:04:52,276 [pool-58-thread-1] INFO  server.RaftServerConfigKeys (ConfUtils.java:logGet(43)) - raft.server.log.write.buffer.size = 33554432 (custom)
2019-09-19 14:04:52,276 [pool-58-thread-1] INFO  server.RaftServerConfigKeys (ConfUtils.java:logGet(43)) - raft.server.log.force.sync.num = 128 (default)
2019-09-19 14:04:52,276 [pool-58-thread-1] INFO  server.RaftServerConfigKeys (ConfUtils.java:logGet(43)) - raft.server.log.statemachine.data.sync = true (default)
2019-09-19 14:04:52,276 [pool-58-thread-1] INFO  server.RaftServerConfigKeys (ConfUtils.java:logGet(43)) - raft.server.log.statemachine.data.sync.timeout = 10s (default)
2019-09-19 14:04:52,276 [pool-58-thread-1] INFO  server.RaftServerConfigKeys (ConfUtils.java:logGet(43)) - raft.server.log.statemachine.data.sync.timeout.retry = -1 (default)
2019-09-19 14:04:52,276 [pool-58-thread-1] INFO  server.RaftServerConfigKeys (ConfUtils.java:logGet(43)) - raft.server.log.statemachine.data.caching.enabled = true (custom)
2019-09-19 14:04:52,277 [pool-58-thread-1] INFO  segmented.SegmentedRaftLogWorker (SegmentedRaftLogWorker.java:lambda$new$0(132)) - dcc77c7b-1d37-448d-8d57-43d254561693-SegmentedRaftLogWorker:Storage Directory /workdir/hadoop-ozone/integration-test/target/test-dir/MiniOzoneClusterImpl-3b2755de-4cfe-4b43-9e0d-73dd8eda8f75/datanode-0/data/ratis/8cd24193-87e3-4023-8697-e501e5c2f87a: flushIndex: setUnconditionally 0 -> -1
2019-09-19 14:04:52,277 [pool-58-thread-1] INFO  server.RaftServerConfigKeys (ConfUtils.java:logGet(43)) - raft.server.snapshot.auto.trigger.enabled = true (custom)
2019-09-19 14:04:52,277 [pool-58-thread-1] INFO  server.RaftServerConfigKeys (ConfUtils.java:logGet(43)) - raft.server.snapshot.auto.trigger.threshold = 1 (custom)
2019-09-19 14:04:52,277 [pool-58-thread-1] INFO  server.RaftServerConfigKeys (ConfUtils.java:logGet(43)) - raft.server.retrycache.expirytime = 600000ms (custom)
2019-09-19 14:04:52,277 [pool-58-thread-1] INFO  impl.RaftServerImpl (RaftServerImpl.java:start(180)) - dcc77c7b-1d37-448d-8d57-43d254561693: start group-E501E5C2F87A
2019-09-19 14:04:52,277 [pool-58-thread-1] INFO  impl.RaftServerImpl (RaftServerImpl.java:setRole(171)) - dcc77c7b-1d37-448d-8d57-43d254561693:group-E501E5C2F87A changes role from null to FOLLOWER at term 0 for startAsFollower
2019-09-19 14:04:52,278 [pool-58-thread-1] INFO  impl.RoleInfo (RoleInfo.java:updateAndGet(143)) - dcc77c7b-1d37-448d-8d57-43d254561693: start FollowerState
2019-09-19 14:04:52,278 [pool-58-thread-1] INFO  util.JmxRegister (JmxRegister.java:tryRegister(44)) - Successfully registered JMX Bean with object name Ratis:service=RaftServer,group=group-E501E5C2F87A,id=dcc77c7b-1d37-448d-8d57-43d254561693
2019-09-19 14:04:52,279 [RatisPipelineUtilsThread] INFO  pipeline.PipelineStateManager (PipelineStateManager.java:addPipeline(56)) - Created pipeline Pipeline[ Id: 8cd24193-87e3-4023-8697-e501e5c2f87a, Nodes: dcc77c7b-1d37-448d-8d57-43d254561693{ip: 192.168.157.226, host: pr-hdds-1569-swxfz-3172132826, networkLocation: /default-rack, certSerialId: null}, Type:RATIS, Factor:ONE, State:OPEN]
2019-09-19 14:04:52,282 [grpc-default-executor-1] INFO  impl.RaftServerProxy (RaftServerProxy.java:addNew(89)) - dcc77c7b-1d37-448d-8d57-43d254561693: addNew group-BCC62B444D9D:[dcc77c7b-1d37-448d-8d57-43d254561693:192.168.157.226:34527] returns group-BCC62B444D9D:java.util.concurrent.CompletableFuture@3eb6a10a[Not completed]
2019-09-19 14:04:52,282 [pool-58-thread-1] INFO  impl.RaftServerImpl (RaftServerImpl.java:<init>(93)) - dcc77c7b-1d37-448d-8d57-43d254561693: new RaftServerImpl for group-BCC62B444D9D:[dcc77c7b-1d37-448d-8d57-43d254561693:192.168.157.226:34527] with ContainerStateMachine:uninitialized
2019-09-19 14:04:52,283 [pool-58-thread-1] INFO  server.RaftServerConfigKeys (ConfUtils.java:logGet(43)) - raft.server.rpc.timeout.min = 5s (custom)
2019-09-19 14:04:52,283 [pool-58-thread-1] INFO  server.RaftServerConfigKeys (ConfUtils.java:logGet(43)) - raft.server.rpc.timeout.max = 5200ms (custom)
2019-09-19 14:04:52,283 [pool-58-thread-1] INFO  server.RaftServerConfigKeys (ConfUtils.java:logGet(43)) - raft.server.rpcslowness.timeout = 120s (custom)
2019-09-19 14:04:52,283 [pool-58-thread-1] INFO  server.RaftServerConfigKeys (ConfUtils.java:logGet(43)) - raft.server.sleep.deviation.threshold = 300 (default)
2019-09-19 14:04:52,283 [pool-58-thread-1] INFO  server.RaftServerConfigKeys (ConfUtils.java:logGet(43)) - raft.server.log.appender.install.snapshot.enabled = false (custom)
2019-09-19 14:04:52,283 [pool-58-thread-1] INFO  impl.RaftServerImpl (ServerState.java:<init>(105)) - dcc77c7b-1d37-448d-8d57-43d254561693:group-BCC62B444D9D ConfigurationManager, init=-1: [dcc77c7b-1d37-448d-8d57-43d254561693:192.168.157.226:34527], old=null, confs=<EMPTY_MAP>
2019-09-19 14:04:52,283 [pool-58-thread-1] INFO  server.RaftServerConfigKeys (ConfUtils.java:logGet(43)) - raft.server.storage.dir = [/workdir/hadoop-ozone/integration-test/target/test-dir/MiniOzoneClusterImpl-3b2755de-4cfe-4b43-9e0d-73dd8eda8f75/datanode-0/data/ratis] (custom)
2019-09-19 14:04:52,284 [pool-58-thread-1] INFO  storage.RaftStorageDirectory (RaftStorageDirectory.java:analyzeStorage(246)) - The storage directory /workdir/hadoop-ozone/integration-test/target/test-dir/MiniOzoneClusterImpl-3b2755de-4cfe-4b43-9e0d-73dd8eda8f75/datanode-0/data/ratis/00b76e0c-516e-486f-8902-bcc62b444d9d does not exist. Creating ...
2019-09-19 14:04:52,296 [pool-58-thread-1] INFO  storage.RaftStorageDirectory (RaftStorageDirectory.java:tryLock(328)) - Lock on /workdir/hadoop-ozone/integration-test/target/test-dir/MiniOzoneClusterImpl-3b2755de-4cfe-4b43-9e0d-73dd8eda8f75/datanode-0/data/ratis/00b76e0c-516e-486f-8902-bcc62b444d9d/in_use.lock acquired by nodename 30982@pr-hdds-1569-swxfz-3172132826
2019-09-19 14:04:52,309 [pool-58-thread-1] INFO  storage.RaftStorage (RaftStorage.java:format(72)) - Storage directory /workdir/hadoop-ozone/integration-test/target/test-dir/MiniOzoneClusterImpl-3b2755de-4cfe-4b43-9e0d-73dd8eda8f75/datanode-0/data/ratis/00b76e0c-516e-486f-8902-bcc62b444d9d has been successfully formatted.
2019-09-19 14:04:52,309 [pool-58-thread-1] INFO  ratis.ContainerStateMachine (ContainerStateMachine.java:loadSnapshot(226)) - group-BCC62B444D9D: The snapshot info is null. Setting the last applied indexto:(t:0, i:~)
2019-09-19 14:04:52,309 [pool-58-thread-1] INFO  server.RaftServerConfigKeys (ConfUtils.java:logGet(43)) - raft.server.leader.election.timeout = 120s (custom)
2019-09-19 14:04:52,309 [pool-58-thread-1] INFO  server.RaftServerConfigKeys (ConfUtils.java:logGet(43)) - raft.server.log.use.memory = false (default)
2019-09-19 14:04:52,309 [pool-58-thread-1] INFO  server.RaftServerConfigKeys (ConfUtils.java:logGet(43)) - raft.server.log.purge.gap = 1000000 (custom)
2019-09-19 14:04:52,309 [pool-58-thread-1] INFO  server.RaftServerConfigKeys (ConfUtils.java:logGet(43)) - raft.server.log.appender.buffer.byte-limit = 33554432 (custom)
2019-09-19 14:04:52,310 [pool-58-thread-1] INFO  server.RaftServerConfigKeys (ConfUtils.java:logGet(43)) - raft.server.log.segment.size.max = 1048576 (custom)
2019-09-19 14:04:52,310 [pool-58-thread-1] INFO  server.RaftServerConfigKeys (ConfUtils.java:logGet(43)) - raft.server.log.segment.cache.num.max = 2 (custom)
2019-09-19 14:04:52,310 [pool-58-thread-1] INFO  segmented.SegmentedRaftLogWorker (SegmentedRaftLogWorker.java:<init>(172)) - new dcc77c7b-1d37-448d-8d57-43d254561693-SegmentedRaftLogWorker:Storage Directory /workdir/hadoop-ozone/integration-test/target/test-dir/MiniOzoneClusterImpl-3b2755de-4cfe-4b43-9e0d-73dd8eda8f75/datanode-0/data/ratis/00b76e0c-516e-486f-8902-bcc62b444d9d for RaftStorage:Storage Directory /workdir/hadoop-ozone/integration-test/target/test-dir/MiniOzoneClusterImpl-3b2755de-4cfe-4b43-9e0d-73dd8eda8f75/datanode-0/data/ratis/00b76e0c-516e-486f-8902-bcc62b444d9d
2019-09-19 14:04:52,310 [pool-58-thread-1] INFO  server.RaftServerConfigKeys (ConfUtils.java:logGet(43)) - raft.server.log.queue.byte-limit = 2147483647 (custom)
2019-09-19 14:04:52,310 [pool-58-thread-1] INFO  server.RaftServerConfigKeys (ConfUtils.java:logGet(43)) - raft.server.log.queue.element-limit = 1024 (custom)
2019-09-19 14:04:52,310 [pool-58-thread-1] INFO  server.RaftServerConfigKeys (ConfUtils.java:logGet(43)) - raft.server.log.segment.size.max = 1048576 (custom)
2019-09-19 14:04:52,310 [pool-58-thread-1] INFO  server.RaftServerConfigKeys (ConfUtils.java:logGet(43)) - raft.server.log.preallocated.size = 16384 (custom)
2019-09-19 14:04:52,310 [pool-58-thread-1] INFO  server.RaftServerConfigKeys (ConfUtils.java:logGet(43)) - raft.server.log.write.buffer.size = 33554432 (custom)
2019-09-19 14:04:52,311 [pool-58-thread-1] INFO  server.RaftServerConfigKeys (ConfUtils.java:logGet(43)) - raft.server.log.force.sync.num = 128 (default)
2019-09-19 14:04:52,311 [pool-58-thread-1] INFO  server.RaftServerConfigKeys (ConfUtils.java:logGet(43)) - raft.server.log.statemachine.data.sync = true (default)
2019-09-19 14:04:52,311 [pool-58-thread-1] INFO  server.RaftServerConfigKeys (ConfUtils.java:logGet(43)) - raft.server.log.statemachine.data.sync.timeout = 10s (default)
2019-09-19 14:04:52,311 [pool-58-thread-1] INFO  server.RaftServerConfigKeys (ConfUtils.java:logGet(43)) - raft.server.log.statemachine.data.sync.timeout.retry = -1 (default)
2019-09-19 14:04:52,311 [pool-58-thread-1] INFO  server.RaftServerConfigKeys (ConfUtils.java:logGet(43)) - raft.server.log.statemachine.data.caching.enabled = true (custom)
2019-09-19 14:04:52,311 [pool-58-thread-1] INFO  segmented.SegmentedRaftLogWorker (SegmentedRaftLogWorker.java:lambda$new$0(132)) - dcc77c7b-1d37-448d-8d57-43d254561693-SegmentedRaftLogWorker:Storage Directory /workdir/hadoop-ozone/integration-test/target/test-dir/MiniOzoneClusterImpl-3b2755de-4cfe-4b43-9e0d-73dd8eda8f75/datanode-0/data/ratis/00b76e0c-516e-486f-8902-bcc62b444d9d: flushIndex: setUnconditionally 0 -> -1
2019-09-19 14:04:52,312 [pool-58-thread-1] INFO  server.RaftServerConfigKeys (ConfUtils.java:logGet(43)) - raft.server.snapshot.auto.trigger.enabled = true (custom)
2019-09-19 14:04:52,312 [pool-58-thread-1] INFO  server.RaftServerConfigKeys (ConfUtils.java:logGet(43)) - raft.server.snapshot.auto.trigger.threshold = 1 (custom)
2019-09-19 14:04:52,312 [pool-58-thread-1] INFO  server.RaftServerConfigKeys (ConfUtils.java:logGet(43)) - raft.server.retrycache.expirytime = 600000ms (custom)
2019-09-19 14:04:52,312 [pool-58-thread-1] INFO  impl.RaftServerImpl (RaftServerImpl.java:start(180)) - dcc77c7b-1d37-448d-8d57-43d254561693: start group-BCC62B444D9D
2019-09-19 14:04:52,312 [pool-58-thread-1] INFO  impl.RaftServerImpl (RaftServerImpl.java:setRole(171)) - dcc77c7b-1d37-448d-8d57-43d254561693:group-BCC62B444D9D changes role from null to FOLLOWER at term 0 for startAsFollower
2019-09-19 14:04:52,312 [pool-58-thread-1] INFO  impl.RoleInfo (RoleInfo.java:updateAndGet(143)) - dcc77c7b-1d37-448d-8d57-43d254561693: start FollowerState
2019-09-19 14:04:52,313 [pool-58-thread-1] INFO  util.JmxRegister (JmxRegister.java:tryRegister(44)) - Successfully registered JMX Bean with object name Ratis:service=RaftServer,group=group-BCC62B444D9D,id=dcc77c7b-1d37-448d-8d57-43d254561693
2019-09-19 14:04:52,314 [RatisPipelineUtilsThread] INFO  pipeline.PipelineStateManager (PipelineStateManager.java:addPipeline(56)) - Created pipeline Pipeline[ Id: 00b76e0c-516e-486f-8902-bcc62b444d9d, Nodes: dcc77c7b-1d37-448d-8d57-43d254561693{ip: 192.168.157.226, host: pr-hdds-1569-swxfz-3172132826, networkLocation: /default-rack, certSerialId: null}, Type:RATIS, Factor:ONE, State:OPEN]
2019-09-19 14:04:52,317 [grpc-default-executor-1] INFO  impl.RaftServerProxy (RaftServerProxy.java:addNew(89)) - dcc77c7b-1d37-448d-8d57-43d254561693: addNew group-D8C1D5FCCD5D:[dcc77c7b-1d37-448d-8d57-43d254561693:192.168.157.226:34527] returns group-D8C1D5FCCD5D:java.util.concurrent.CompletableFuture@8feb66a[Not completed]
2019-09-19 14:04:52,317 [pool-58-thread-1] INFO  impl.RaftServerImpl (RaftServerImpl.java:<init>(93)) - dcc77c7b-1d37-448d-8d57-43d254561693: new RaftServerImpl for group-D8C1D5FCCD5D:[dcc77c7b-1d37-448d-8d57-43d254561693:192.168.157.226:34527] with ContainerStateMachine:uninitialized
2019-09-19 14:04:52,318 [pool-58-thread-1] INFO  server.RaftServerConfigKeys (ConfUtils.java:logGet(43)) - raft.server.rpc.timeout.min = 5s (custom)
2019-09-19 14:04:52,318 [pool-58-thread-1] INFO  server.RaftServerConfigKeys (ConfUtils.java:logGet(43)) - raft.server.rpc.timeout.max = 5200ms (custom)
2019-09-19 14:04:52,318 [pool-58-thread-1] INFO  server.RaftServerConfigKeys (ConfUtils.java:logGet(43)) - raft.server.rpcslowness.timeout = 120s (custom)
2019-09-19 14:04:52,318 [pool-58-thread-1] INFO  server.RaftServerConfigKeys (ConfUtils.java:logGet(43)) - raft.server.sleep.deviation.threshold = 300 (default)
2019-09-19 14:04:52,318 [pool-58-thread-1] INFO  server.RaftServerConfigKeys (ConfUtils.java:logGet(43)) - raft.server.log.appender.install.snapshot.enabled = false (custom)
2019-09-19 14:04:52,318 [pool-58-thread-1] INFO  impl.RaftServerImpl (ServerState.java:<init>(105)) - dcc77c7b-1d37-448d-8d57-43d254561693:group-D8C1D5FCCD5D ConfigurationManager, init=-1: [dcc77c7b-1d37-448d-8d57-43d254561693:192.168.157.226:34527], old=null, confs=<EMPTY_MAP>
2019-09-19 14:04:52,318 [pool-58-thread-1] INFO  server.RaftServerConfigKeys (ConfUtils.java:logGet(43)) - raft.server.storage.dir = [/workdir/hadoop-ozone/integration-test/target/test-dir/MiniOzoneClusterImpl-3b2755de-4cfe-4b43-9e0d-73dd8eda8f75/datanode-0/data/ratis] (custom)
2019-09-19 14:04:52,319 [pool-58-thread-1] INFO  storage.RaftStorageDirectory (RaftStorageDirectory.java:analyzeStorage(246)) - The storage directory /workdir/hadoop-ozone/integration-test/target/test-dir/MiniOzoneClusterImpl-3b2755de-4cfe-4b43-9e0d-73dd8eda8f75/datanode-0/data/ratis/adc73485-a1d0-4303-a62c-d8c1d5fccd5d does not exist. Creating ...
2019-09-19 14:04:52,331 [pool-58-thread-1] INFO  storage.RaftStorageDirectory (RaftStorageDirectory.java:tryLock(328)) - Lock on /workdir/hadoop-ozone/integration-test/target/test-dir/MiniOzoneClusterImpl-3b2755de-4cfe-4b43-9e0d-73dd8eda8f75/datanode-0/data/ratis/adc73485-a1d0-4303-a62c-d8c1d5fccd5d/in_use.lock acquired by nodename 30982@pr-hdds-1569-swxfz-3172132826
2019-09-19 14:04:52,343 [pool-58-thread-1] INFO  storage.RaftStorage (RaftStorage.java:format(72)) - Storage directory /workdir/hadoop-ozone/integration-test/target/test-dir/MiniOzoneClusterImpl-3b2755de-4cfe-4b43-9e0d-73dd8eda8f75/datanode-0/data/ratis/adc73485-a1d0-4303-a62c-d8c1d5fccd5d has been successfully formatted.
2019-09-19 14:04:52,344 [pool-58-thread-1] INFO  ratis.ContainerStateMachine (ContainerStateMachine.java:loadSnapshot(226)) - group-D8C1D5FCCD5D: The snapshot info is null. Setting the last applied indexto:(t:0, i:~)
2019-09-19 14:04:52,344 [pool-58-thread-1] INFO  server.RaftServerConfigKeys (ConfUtils.java:logGet(43)) - raft.server.leader.election.timeout = 120s (custom)
2019-09-19 14:04:52,344 [pool-58-thread-1] INFO  server.RaftServerConfigKeys (ConfUtils.java:logGet(43)) - raft.server.log.use.memory = false (default)
2019-09-19 14:04:52,344 [pool-58-thread-1] INFO  server.RaftServerConfigKeys (ConfUtils.java:logGet(43)) - raft.server.log.purge.gap = 1000000 (custom)
2019-09-19 14:04:52,344 [pool-58-thread-1] INFO  server.RaftServerConfigKeys (ConfUtils.java:logGet(43)) - raft.server.log.appender.buffer.byte-limit = 33554432 (custom)
2019-09-19 14:04:52,344 [pool-58-thread-1] INFO  server.RaftServerConfigKeys (ConfUtils.java:logGet(43)) - raft.server.log.segment.size.max = 1048576 (custom)
2019-09-19 14:04:52,344 [pool-58-thread-1] INFO  server.RaftServerConfigKeys (ConfUtils.java:logGet(43)) - raft.server.log.segment.cache.num.max = 2 (custom)
2019-09-19 14:04:52,344 [pool-58-thread-1] INFO  segmented.SegmentedRaftLogWorker (SegmentedRaftLogWorker.java:<init>(172)) - new dcc77c7b-1d37-448d-8d57-43d254561693-SegmentedRaftLogWorker:Storage Directory /workdir/hadoop-ozone/integration-test/target/test-dir/MiniOzoneClusterImpl-3b2755de-4cfe-4b43-9e0d-73dd8eda8f75/datanode-0/data/ratis/adc73485-a1d0-4303-a62c-d8c1d5fccd5d for RaftStorage:Storage Directory /workdir/hadoop-ozone/integration-test/target/test-dir/MiniOzoneClusterImpl-3b2755de-4cfe-4b43-9e0d-73dd8eda8f75/datanode-0/data/ratis/adc73485-a1d0-4303-a62c-d8c1d5fccd5d
2019-09-19 14:04:52,344 [pool-58-thread-1] INFO  server.RaftServerConfigKeys (ConfUtils.java:logGet(43)) - raft.server.log.queue.byte-limit = 2147483647 (custom)
2019-09-19 14:04:52,344 [pool-58-thread-1] INFO  server.RaftServerConfigKeys (ConfUtils.java:logGet(43)) - raft.server.log.queue.element-limit = 1024 (custom)
2019-09-19 14:04:52,344 [pool-58-thread-1] INFO  server.RaftServerConfigKeys (ConfUtils.java:logGet(43)) - raft.server.log.segment.size.max = 1048576 (custom)
2019-09-19 14:04:52,344 [pool-58-thread-1] INFO  server.RaftServerConfigKeys (ConfUtils.java:logGet(43)) - raft.server.log.preallocated.size = 16384 (custom)
2019-09-19 14:04:52,344 [pool-58-thread-1] INFO  server.RaftServerConfigKeys (ConfUtils.java:logGet(43)) - raft.server.log.write.buffer.size = 33554432 (custom)
2019-09-19 14:04:52,345 [pool-58-thread-1] INFO  server.RaftServerConfigKeys (ConfUtils.java:logGet(43)) - raft.server.log.force.sync.num = 128 (default)
2019-09-19 14:04:52,345 [pool-58-thread-1] INFO  server.RaftServerConfigKeys (ConfUtils.java:logGet(43)) - raft.server.log.statemachine.data.sync = true (default)
2019-09-19 14:04:52,345 [pool-58-thread-1] INFO  server.RaftServerConfigKeys (ConfUtils.java:logGet(43)) - raft.server.log.statemachine.data.sync.timeout = 10s (default)
2019-09-19 14:04:52,345 [pool-58-thread-1] INFO  server.RaftServerConfigKeys (ConfUtils.java:logGet(43)) - raft.server.log.statemachine.data.sync.timeout.retry = -1 (default)
2019-09-19 14:04:52,345 [pool-58-thread-1] INFO  server.RaftServerConfigKeys (ConfUtils.java:logGet(43)) - raft.server.log.statemachine.data.caching.enabled = true (custom)
2019-09-19 14:04:52,345 [pool-58-thread-1] INFO  segmented.SegmentedRaftLogWorker (SegmentedRaftLogWorker.java:lambda$new$0(132)) - dcc77c7b-1d37-448d-8d57-43d254561693-SegmentedRaftLogWorker:Storage Directory /workdir/hadoop-ozone/integration-test/target/test-dir/MiniOzoneClusterImpl-3b2755de-4cfe-4b43-9e0d-73dd8eda8f75/datanode-0/data/ratis/adc73485-a1d0-4303-a62c-d8c1d5fccd5d: flushIndex: setUnconditionally 0 -> -1
2019-09-19 14:04:52,345 [pool-58-thread-1] INFO  server.RaftServerConfigKeys (ConfUtils.java:logGet(43)) - raft.server.snapshot.auto.trigger.enabled = true (custom)
2019-09-19 14:04:52,345 [pool-58-thread-1] INFO  server.RaftServerConfigKeys (ConfUtils.java:logGet(43)) - raft.server.snapshot.auto.trigger.threshold = 1 (custom)
2019-09-19 14:04:52,346 [pool-58-thread-1] INFO  server.RaftServerConfigKeys (ConfUtils.java:logGet(43)) - raft.server.retrycache.expirytime = 600000ms (custom)
2019-09-19 14:04:52,346 [pool-58-thread-1] INFO  impl.RaftServerImpl (RaftServerImpl.java:start(180)) - dcc77c7b-1d37-448d-8d57-43d254561693: start group-D8C1D5FCCD5D
2019-09-19 14:04:52,346 [pool-58-thread-1] INFO  impl.RaftServerImpl (RaftServerImpl.java:setRole(171)) - dcc77c7b-1d37-448d-8d57-43d254561693:group-D8C1D5FCCD5D changes role from null to FOLLOWER at term 0 for startAsFollower
2019-09-19 14:04:52,346 [pool-58-thread-1] INFO  impl.RoleInfo (RoleInfo.java:updateAndGet(143)) - dcc77c7b-1d37-448d-8d57-43d254561693: start FollowerState
2019-09-19 14:04:52,346 [pool-58-thread-1] INFO  util.JmxRegister (JmxRegister.java:tryRegister(44)) - Successfully registered JMX Bean with object name Ratis:service=RaftServer,group=group-D8C1D5FCCD5D,id=dcc77c7b-1d37-448d-8d57-43d254561693
2019-09-19 14:04:52,347 [RatisPipelineUtilsThread] INFO  pipeline.PipelineStateManager (PipelineStateManager.java:addPipeline(56)) - Created pipeline Pipeline[ Id: adc73485-a1d0-4303-a62c-d8c1d5fccd5d, Nodes: dcc77c7b-1d37-448d-8d57-43d254561693{ip: 192.168.157.226, host: pr-hdds-1569-swxfz-3172132826, networkLocation: /default-rack, certSerialId: null}, Type:RATIS, Factor:ONE, State:OPEN]
2019-09-19 14:04:52,350 [grpc-default-executor-1] INFO  impl.RaftServerProxy (RaftServerProxy.java:addNew(89)) - dcc77c7b-1d37-448d-8d57-43d254561693: addNew group-EFC4C2912C84:[dcc77c7b-1d37-448d-8d57-43d254561693:192.168.157.226:34527] returns group-EFC4C2912C84:java.util.concurrent.CompletableFuture@53be0a83[Not completed]
2019-09-19 14:04:52,351 [pool-58-thread-1] INFO  impl.RaftServerImpl (RaftServerImpl.java:<init>(93)) - dcc77c7b-1d37-448d-8d57-43d254561693: new RaftServerImpl for group-EFC4C2912C84:[dcc77c7b-1d37-448d-8d57-43d254561693:192.168.157.226:34527] with ContainerStateMachine:uninitialized
2019-09-19 14:04:52,351 [pool-58-thread-1] INFO  server.RaftServerConfigKeys (ConfUtils.java:logGet(43)) - raft.server.rpc.timeout.min = 5s (custom)
2019-09-19 14:04:52,351 [pool-58-thread-1] INFO  server.RaftServerConfigKeys (ConfUtils.java:logGet(43)) - raft.server.rpc.timeout.max = 5200ms (custom)
2019-09-19 14:04:52,351 [pool-58-thread-1] INFO  server.RaftServerConfigKeys (ConfUtils.java:logGet(43)) - raft.server.rpcslowness.timeout = 120s (custom)
2019-09-19 14:04:52,351 [pool-58-thread-1] INFO  server.RaftServerConfigKeys (ConfUtils.java:logGet(43)) - raft.server.sleep.deviation.threshold = 300 (default)
2019-09-19 14:04:52,351 [pool-58-thread-1] INFO  server.RaftServerConfigKeys (ConfUtils.java:logGet(43)) - raft.server.log.appender.install.snapshot.enabled = false (custom)
2019-09-19 14:04:52,351 [pool-58-thread-1] INFO  impl.RaftServerImpl (ServerState.java:<init>(105)) - dcc77c7b-1d37-448d-8d57-43d254561693:group-EFC4C2912C84 ConfigurationManager, init=-1: [dcc77c7b-1d37-448d-8d57-43d254561693:192.168.157.226:34527], old=null, confs=<EMPTY_MAP>
2019-09-19 14:04:52,352 [pool-58-thread-1] INFO  server.RaftServerConfigKeys (ConfUtils.java:logGet(43)) - raft.server.storage.dir = [/workdir/hadoop-ozone/integration-test/target/test-dir/MiniOzoneClusterImpl-3b2755de-4cfe-4b43-9e0d-73dd8eda8f75/datanode-0/data/ratis] (custom)
2019-09-19 14:04:52,352 [pool-58-thread-1] INFO  storage.RaftStorageDirectory (RaftStorageDirectory.java:analyzeStorage(246)) - The storage directory /workdir/hadoop-ozone/integration-test/target/test-dir/MiniOzoneClusterImpl-3b2755de-4cfe-4b43-9e0d-73dd8eda8f75/datanode-0/data/ratis/9da2643f-4d65-4d64-8530-efc4c2912c84 does not exist. Creating ...
2019-09-19 14:04:52,365 [pool-58-thread-1] INFO  storage.RaftStorageDirectory (RaftStorageDirectory.java:tryLock(328)) - Lock on /workdir/hadoop-ozone/integration-test/target/test-dir/MiniOzoneClusterImpl-3b2755de-4cfe-4b43-9e0d-73dd8eda8f75/datanode-0/data/ratis/9da2643f-4d65-4d64-8530-efc4c2912c84/in_use.lock acquired by nodename 30982@pr-hdds-1569-swxfz-3172132826
2019-09-19 14:04:52,368 [pool-58-thread-1] INFO  storage.RaftStorage (RaftStorage.java:format(72)) - Storage directory /workdir/hadoop-ozone/integration-test/target/test-dir/MiniOzoneClusterImpl-3b2755de-4cfe-4b43-9e0d-73dd8eda8f75/datanode-0/data/ratis/9da2643f-4d65-4d64-8530-efc4c2912c84 has been successfully formatted.
2019-09-19 14:04:52,368 [pool-58-thread-1] INFO  ratis.ContainerStateMachine (ContainerStateMachine.java:loadSnapshot(226)) - group-EFC4C2912C84: The snapshot info is null. Setting the last applied indexto:(t:0, i:~)
2019-09-19 14:04:52,368 [pool-58-thread-1] INFO  server.RaftServerConfigKeys (ConfUtils.java:logGet(43)) - raft.server.leader.election.timeout = 120s (custom)
2019-09-19 14:04:52,369 [pool-58-thread-1] INFO  server.RaftServerConfigKeys (ConfUtils.java:logGet(43)) - raft.server.log.use.memory = false (default)
2019-09-19 14:04:52,369 [pool-58-thread-1] INFO  server.RaftServerConfigKeys (ConfUtils.java:logGet(43)) - raft.server.log.purge.gap = 1000000 (custom)
2019-09-19 14:04:52,369 [pool-58-thread-1] INFO  server.RaftServerConfigKeys (ConfUtils.java:logGet(43)) - raft.server.log.appender.buffer.byte-limit = 33554432 (custom)
2019-09-19 14:04:52,369 [pool-58-thread-1] INFO  server.RaftServerConfigKeys (ConfUtils.java:logGet(43)) - raft.server.log.segment.size.max = 1048576 (custom)
2019-09-19 14:04:52,369 [pool-58-thread-1] INFO  server.RaftServerConfigKeys (ConfUtils.java:logGet(43)) - raft.server.log.segment.cache.num.max = 2 (custom)
2019-09-19 14:04:52,369 [pool-58-thread-1] INFO  segmented.SegmentedRaftLogWorker (SegmentedRaftLogWorker.java:<init>(172)) - new dcc77c7b-1d37-448d-8d57-43d254561693-SegmentedRaftLogWorker:Storage Directory /workdir/hadoop-ozone/integration-test/target/test-dir/MiniOzoneClusterImpl-3b2755de-4cfe-4b43-9e0d-73dd8eda8f75/datanode-0/data/ratis/9da2643f-4d65-4d64-8530-efc4c2912c84 for RaftStorage:Storage Directory /workdir/hadoop-ozone/integration-test/target/test-dir/MiniOzoneClusterImpl-3b2755de-4cfe-4b43-9e0d-73dd8eda8f75/datanode-0/data/ratis/9da2643f-4d65-4d64-8530-efc4c2912c84
2019-09-19 14:04:52,369 [pool-58-thread-1] INFO  server.RaftServerConfigKeys (ConfUtils.java:logGet(43)) - raft.server.log.queue.byte-limit = 2147483647 (custom)
2019-09-19 14:04:52,369 [pool-58-thread-1] INFO  server.RaftServerConfigKeys (ConfUtils.java:logGet(43)) - raft.server.log.queue.element-limit = 1024 (custom)
2019-09-19 14:04:52,370 [pool-58-thread-1] INFO  server.RaftServerConfigKeys (ConfUtils.java:logGet(43)) - raft.server.log.segment.size.max = 1048576 (custom)
2019-09-19 14:04:52,370 [pool-58-thread-1] INFO  server.RaftServerConfigKeys (ConfUtils.java:logGet(43)) - raft.server.log.preallocated.size = 16384 (custom)
2019-09-19 14:04:52,370 [pool-58-thread-1] INFO  server.RaftServerConfigKeys (ConfUtils.java:logGet(43)) - raft.server.log.write.buffer.size = 33554432 (custom)
2019-09-19 14:04:52,370 [pool-58-thread-1] INFO  server.RaftServerConfigKeys (ConfUtils.java:logGet(43)) - raft.server.log.force.sync.num = 128 (default)
2019-09-19 14:04:52,370 [pool-58-thread-1] INFO  server.RaftServerConfigKeys (ConfUtils.java:logGet(43)) - raft.server.log.statemachine.data.sync = true (default)
2019-09-19 14:04:52,370 [pool-58-thread-1] INFO  server.RaftServerConfigKeys (ConfUtils.java:logGet(43)) - raft.server.log.statemachine.data.sync.timeout = 10s (default)
2019-09-19 14:04:52,370 [pool-58-thread-1] INFO  server.RaftServerConfigKeys (ConfUtils.java:logGet(43)) - raft.server.log.statemachine.data.sync.timeout.retry = -1 (default)
2019-09-19 14:04:52,370 [pool-58-thread-1] INFO  server.RaftServerConfigKeys (ConfUtils.java:logGet(43)) - raft.server.log.statemachine.data.caching.enabled = true (custom)
2019-09-19 14:04:52,371 [pool-58-thread-1] INFO  segmented.SegmentedRaftLogWorker (SegmentedRaftLogWorker.java:lambda$new$0(132)) - dcc77c7b-1d37-448d-8d57-43d254561693-SegmentedRaftLogWorker:Storage Directory /workdir/hadoop-ozone/integration-test/target/test-dir/MiniOzoneClusterImpl-3b2755de-4cfe-4b43-9e0d-73dd8eda8f75/datanode-0/data/ratis/9da2643f-4d65-4d64-8530-efc4c2912c84: flushIndex: setUnconditionally 0 -> -1
2019-09-19 14:04:52,371 [pool-58-thread-1] INFO  server.RaftServerConfigKeys (ConfUtils.java:logGet(43)) - raft.server.snapshot.auto.trigger.enabled = true (custom)
2019-09-19 14:04:52,371 [pool-58-thread-1] INFO  server.RaftServerConfigKeys (ConfUtils.java:logGet(43)) - raft.server.snapshot.auto.trigger.threshold = 1 (custom)
2019-09-19 14:04:52,371 [pool-58-thread-1] INFO  server.RaftServerConfigKeys (ConfUtils.java:logGet(43)) - raft.server.retrycache.expirytime = 600000ms (custom)
2019-09-19 14:04:52,371 [pool-58-thread-1] INFO  impl.RaftServerImpl (RaftServerImpl.java:start(180)) - dcc77c7b-1d37-448d-8d57-43d254561693: start group-EFC4C2912C84
2019-09-19 14:04:52,371 [pool-58-thread-1] INFO  impl.RaftServerImpl (RaftServerImpl.java:setRole(171)) - dcc77c7b-1d37-448d-8d57-43d254561693:group-EFC4C2912C84 changes role from null to FOLLOWER at term 0 for startAsFollower
2019-09-19 14:04:52,371 [pool-58-thread-1] INFO  impl.RoleInfo (RoleInfo.java:updateAndGet(143)) - dcc77c7b-1d37-448d-8d57-43d254561693: start FollowerState
2019-09-19 14:04:52,372 [pool-58-thread-1] INFO  util.JmxRegister (JmxRegister.java:tryRegister(44)) - Successfully registered JMX Bean with object name Ratis:service=RaftServer,group=group-EFC4C2912C84,id=dcc77c7b-1d37-448d-8d57-43d254561693
2019-09-19 14:04:52,373 [RatisPipelineUtilsThread] INFO  pipeline.PipelineStateManager (PipelineStateManager.java:addPipeline(56)) - Created pipeline Pipeline[ Id: 9da2643f-4d65-4d64-8530-efc4c2912c84, Nodes: dcc77c7b-1d37-448d-8d57-43d254561693{ip: 192.168.157.226, host: pr-hdds-1569-swxfz-3172132826, networkLocation: /default-rack, certSerialId: null}, Type:RATIS, Factor:ONE, State:OPEN]
2019-09-19 14:04:52,376 [grpc-default-executor-1] INFO  impl.RaftServerProxy (RaftServerProxy.java:addNew(89)) - dcc77c7b-1d37-448d-8d57-43d254561693: addNew group-AEFE1D75DE75:[dcc77c7b-1d37-448d-8d57-43d254561693:192.168.157.226:34527] returns group-AEFE1D75DE75:java.util.concurrent.CompletableFuture@43eb6341[Not completed]
2019-09-19 14:04:52,376 [pool-58-thread-1] INFO  impl.RaftServerImpl (RaftServerImpl.java:<init>(93)) - dcc77c7b-1d37-448d-8d57-43d254561693: new RaftServerImpl for group-AEFE1D75DE75:[dcc77c7b-1d37-448d-8d57-43d254561693:192.168.157.226:34527] with ContainerStateMachine:uninitialized
2019-09-19 14:04:52,376 [pool-58-thread-1] INFO  server.RaftServerConfigKeys (ConfUtils.java:logGet(43)) - raft.server.rpc.timeout.min = 5s (custom)
2019-09-19 14:04:52,376 [pool-58-thread-1] INFO  server.RaftServerConfigKeys (ConfUtils.java:logGet(43)) - raft.server.rpc.timeout.max = 5200ms (custom)
2019-09-19 14:04:52,376 [pool-58-thread-1] INFO  server.RaftServerConfigKeys (ConfUtils.java:logGet(43)) - raft.server.rpcslowness.timeout = 120s (custom)
2019-09-19 14:04:52,376 [pool-58-thread-1] INFO  server.RaftServerConfigKeys (ConfUtils.java:logGet(43)) - raft.server.sleep.deviation.threshold = 300 (default)
2019-09-19 14:04:52,377 [pool-58-thread-1] INFO  server.RaftServerConfigKeys (ConfUtils.java:logGet(43)) - raft.server.log.appender.install.snapshot.enabled = false (custom)
2019-09-19 14:04:52,377 [pool-58-thread-1] INFO  impl.RaftServerImpl (ServerState.java:<init>(105)) - dcc77c7b-1d37-448d-8d57-43d254561693:group-AEFE1D75DE75 ConfigurationManager, init=-1: [dcc77c7b-1d37-448d-8d57-43d254561693:192.168.157.226:34527], old=null, confs=<EMPTY_MAP>
2019-09-19 14:04:52,377 [pool-58-thread-1] INFO  server.RaftServerConfigKeys (ConfUtils.java:logGet(43)) - raft.server.storage.dir = [/workdir/hadoop-ozone/integration-test/target/test-dir/MiniOzoneClusterImpl-3b2755de-4cfe-4b43-9e0d-73dd8eda8f75/datanode-0/data/ratis] (custom)
2019-09-19 14:04:52,377 [pool-58-thread-1] INFO  storage.RaftStorageDirectory (RaftStorageDirectory.java:analyzeStorage(246)) - The storage directory /workdir/hadoop-ozone/integration-test/target/test-dir/MiniOzoneClusterImpl-3b2755de-4cfe-4b43-9e0d-73dd8eda8f75/datanode-0/data/ratis/c2f8a40a-eab5-4d2f-ac26-aefe1d75de75 does not exist. Creating ...
2019-09-19 14:04:52,380 [pool-58-thread-1] INFO  storage.RaftStorageDirectory (RaftStorageDirectory.java:tryLock(328)) - Lock on /workdir/hadoop-ozone/integration-test/target/test-dir/MiniOzoneClusterImpl-3b2755de-4cfe-4b43-9e0d-73dd8eda8f75/datanode-0/data/ratis/c2f8a40a-eab5-4d2f-ac26-aefe1d75de75/in_use.lock acquired by nodename 30982@pr-hdds-1569-swxfz-3172132826
2019-09-19 14:04:52,383 [pool-58-thread-1] INFO  storage.RaftStorage (RaftStorage.java:format(72)) - Storage directory /workdir/hadoop-ozone/integration-test/target/test-dir/MiniOzoneClusterImpl-3b2755de-4cfe-4b43-9e0d-73dd8eda8f75/datanode-0/data/ratis/c2f8a40a-eab5-4d2f-ac26-aefe1d75de75 has been successfully formatted.
2019-09-19 14:04:52,383 [pool-58-thread-1] INFO  ratis.ContainerStateMachine (ContainerStateMachine.java:loadSnapshot(226)) - group-AEFE1D75DE75: The snapshot info is null. Setting the last applied indexto:(t:0, i:~)
2019-09-19 14:04:52,383 [pool-58-thread-1] INFO  server.RaftServerConfigKeys (ConfUtils.java:logGet(43)) - raft.server.leader.election.timeout = 120s (custom)
2019-09-19 14:04:52,383 [pool-58-thread-1] INFO  server.RaftServerConfigKeys (ConfUtils.java:logGet(43)) - raft.server.log.use.memory = false (default)
2019-09-19 14:04:52,384 [pool-58-thread-1] INFO  server.RaftServerConfigKeys (ConfUtils.java:logGet(43)) - raft.server.log.purge.gap = 1000000 (custom)
2019-09-19 14:04:52,384 [pool-58-thread-1] INFO  server.RaftServerConfigKeys (ConfUtils.java:logGet(43)) - raft.server.log.appender.buffer.byte-limit = 33554432 (custom)
2019-09-19 14:04:52,384 [pool-58-thread-1] INFO  server.RaftServerConfigKeys (ConfUtils.java:logGet(43)) - raft.server.log.segment.size.max = 1048576 (custom)
2019-09-19 14:04:52,384 [pool-58-thread-1] INFO  server.RaftServerConfigKeys (ConfUtils.java:logGet(43)) - raft.server.log.segment.cache.num.max = 2 (custom)
2019-09-19 14:04:52,384 [pool-58-thread-1] INFO  segmented.SegmentedRaftLogWorker (SegmentedRaftLogWorker.java:<init>(172)) - new dcc77c7b-1d37-448d-8d57-43d254561693-SegmentedRaftLogWorker:Storage Directory /workdir/hadoop-ozone/integration-test/target/test-dir/MiniOzoneClusterImpl-3b2755de-4cfe-4b43-9e0d-73dd8eda8f75/datanode-0/data/ratis/c2f8a40a-eab5-4d2f-ac26-aefe1d75de75 for RaftStorage:Storage Directory /workdir/hadoop-ozone/integration-test/target/test-dir/MiniOzoneClusterImpl-3b2755de-4cfe-4b43-9e0d-73dd8eda8f75/datanode-0/data/ratis/c2f8a40a-eab5-4d2f-ac26-aefe1d75de75
2019-09-19 14:04:52,384 [pool-58-thread-1] INFO  server.RaftServerConfigKeys (ConfUtils.java:logGet(43)) - raft.server.log.queue.byte-limit = 2147483647 (custom)
2019-09-19 14:04:52,384 [pool-58-thread-1] INFO  server.RaftServerConfigKeys (ConfUtils.java:logGet(43)) - raft.server.log.queue.element-limit = 1024 (custom)
2019-09-19 14:04:52,384 [pool-58-thread-1] INFO  server.RaftServerConfigKeys (ConfUtils.java:logGet(43)) - raft.server.log.segment.size.max = 1048576 (custom)
2019-09-19 14:04:52,384 [pool-58-thread-1] INFO  server.RaftServerConfigKeys (ConfUtils.java:logGet(43)) - raft.server.log.preallocated.size = 16384 (custom)
2019-09-19 14:04:52,385 [pool-58-thread-1] INFO  server.RaftServerConfigKeys (ConfUtils.java:logGet(43)) - raft.server.log.write.buffer.size = 33554432 (custom)
2019-09-19 14:04:52,385 [pool-58-thread-1] INFO  server.RaftServerConfigKeys (ConfUtils.java:logGet(43)) - raft.server.log.force.sync.num = 128 (default)
2019-09-19 14:04:52,385 [pool-58-thread-1] INFO  server.RaftServerConfigKeys (ConfUtils.java:logGet(43)) - raft.server.log.statemachine.data.sync = true (default)
2019-09-19 14:04:52,385 [pool-58-thread-1] INFO  server.RaftServerConfigKeys (ConfUtils.java:logGet(43)) - raft.server.log.statemachine.data.sync.timeout = 10s (default)
2019-09-19 14:04:52,385 [pool-58-thread-1] INFO  server.RaftServerConfigKeys (ConfUtils.java:logGet(43)) - raft.server.log.statemachine.data.sync.timeout.retry = -1 (default)
2019-09-19 14:04:52,385 [pool-58-thread-1] INFO  server.RaftServerConfigKeys (ConfUtils.java:logGet(43)) - raft.server.log.statemachine.data.caching.enabled = true (custom)
2019-09-19 14:04:52,385 [pool-58-thread-1] INFO  segmented.SegmentedRaftLogWorker (SegmentedRaftLogWorker.java:lambda$new$0(132)) - dcc77c7b-1d37-448d-8d57-43d254561693-SegmentedRaftLogWorker:Storage Directory /workdir/hadoop-ozone/integration-test/target/test-dir/MiniOzoneClusterImpl-3b2755de-4cfe-4b43-9e0d-73dd8eda8f75/datanode-0/data/ratis/c2f8a40a-eab5-4d2f-ac26-aefe1d75de75: flushIndex: setUnconditionally 0 -> -1
2019-09-19 14:04:52,386 [pool-58-thread-1] INFO  server.RaftServerConfigKeys (ConfUtils.java:logGet(43)) - raft.server.snapshot.auto.trigger.enabled = true (custom)
2019-09-19 14:04:52,386 [pool-58-thread-1] INFO  server.RaftServerConfigKeys (ConfUtils.java:logGet(43)) - raft.server.snapshot.auto.trigger.threshold = 1 (custom)
2019-09-19 14:04:52,386 [pool-58-thread-1] INFO  server.RaftServerConfigKeys (ConfUtils.java:logGet(43)) - raft.server.retrycache.expirytime = 600000ms (custom)
2019-09-19 14:04:52,386 [pool-58-thread-1] INFO  impl.RaftServerImpl (RaftServerImpl.java:start(180)) - dcc77c7b-1d37-448d-8d57-43d254561693: start group-AEFE1D75DE75
2019-09-19 14:04:52,386 [pool-58-thread-1] INFO  impl.RaftServerImpl (RaftServerImpl.java:setRole(171)) - dcc77c7b-1d37-448d-8d57-43d254561693:group-AEFE1D75DE75 changes role from null to FOLLOWER at term 0 for startAsFollower
2019-09-19 14:04:52,386 [pool-58-thread-1] INFO  impl.RoleInfo (RoleInfo.java:updateAndGet(143)) - dcc77c7b-1d37-448d-8d57-43d254561693: start FollowerState
2019-09-19 14:04:52,386 [pool-58-thread-1] INFO  util.JmxRegister (JmxRegister.java:tryRegister(44)) - Successfully registered JMX Bean with object name Ratis:service=RaftServer,group=group-AEFE1D75DE75,id=dcc77c7b-1d37-448d-8d57-43d254561693
2019-09-19 14:04:52,387 [RatisPipelineUtilsThread] INFO  pipeline.PipelineStateManager (PipelineStateManager.java:addPipeline(56)) - Created pipeline Pipeline[ Id: c2f8a40a-eab5-4d2f-ac26-aefe1d75de75, Nodes: dcc77c7b-1d37-448d-8d57-43d254561693{ip: 192.168.157.226, host: pr-hdds-1569-swxfz-3172132826, networkLocation: /default-rack, certSerialId: null}, Type:RATIS, Factor:ONE, State:OPEN]
2019-09-19 14:04:52,389 [grpc-default-executor-1] INFO  impl.RaftServerProxy (RaftServerProxy.java:addNew(89)) - dcc77c7b-1d37-448d-8d57-43d254561693: addNew group-621FF724F9C4:[dcc77c7b-1d37-448d-8d57-43d254561693:192.168.157.226:34527] returns group-621FF724F9C4:java.util.concurrent.CompletableFuture@6258e5f0[Not completed]
2019-09-19 14:04:52,390 [pool-58-thread-1] INFO  impl.RaftServerImpl (RaftServerImpl.java:<init>(93)) - dcc77c7b-1d37-448d-8d57-43d254561693: new RaftServerImpl for group-621FF724F9C4:[dcc77c7b-1d37-448d-8d57-43d254561693:192.168.157.226:34527] with ContainerStateMachine:uninitialized
2019-09-19 14:04:52,390 [pool-58-thread-1] INFO  server.RaftServerConfigKeys (ConfUtils.java:logGet(43)) - raft.server.rpc.timeout.min = 5s (custom)
2019-09-19 14:04:52,390 [pool-58-thread-1] INFO  server.RaftServerConfigKeys (ConfUtils.java:logGet(43)) - raft.server.rpc.timeout.max = 5200ms (custom)
2019-09-19 14:04:52,390 [pool-58-thread-1] INFO  server.RaftServerConfigKeys (ConfUtils.java:logGet(43)) - raft.server.rpcslowness.timeout = 120s (custom)
2019-09-19 14:04:52,390 [pool-58-thread-1] INFO  server.RaftServerConfigKeys (ConfUtils.java:logGet(43)) - raft.server.sleep.deviation.threshold = 300 (default)
2019-09-19 14:04:52,390 [pool-58-thread-1] INFO  server.RaftServerConfigKeys (ConfUtils.java:logGet(43)) - raft.server.log.appender.install.snapshot.enabled = false (custom)
2019-09-19 14:04:52,390 [pool-58-thread-1] INFO  impl.RaftServerImpl (ServerState.java:<init>(105)) - dcc77c7b-1d37-448d-8d57-43d254561693:group-621FF724F9C4 ConfigurationManager, init=-1: [dcc77c7b-1d37-448d-8d57-43d254561693:192.168.157.226:34527], old=null, confs=<EMPTY_MAP>
2019-09-19 14:04:52,390 [pool-58-thread-1] INFO  server.RaftServerConfigKeys (ConfUtils.java:logGet(43)) - raft.server.storage.dir = [/workdir/hadoop-ozone/integration-test/target/test-dir/MiniOzoneClusterImpl-3b2755de-4cfe-4b43-9e0d-73dd8eda8f75/datanode-0/data/ratis] (custom)
2019-09-19 14:04:52,391 [pool-58-thread-1] INFO  storage.RaftStorageDirectory (RaftStorageDirectory.java:analyzeStorage(246)) - The storage directory /workdir/hadoop-ozone/integration-test/target/test-dir/MiniOzoneClusterImpl-3b2755de-4cfe-4b43-9e0d-73dd8eda8f75/datanode-0/data/ratis/0963d6eb-8651-48ec-b6b5-621ff724f9c4 does not exist. Creating ...
2019-09-19 14:04:52,392 | INFO  | SCMAudit | user=jenkins1000 | ip=192.168.157.226 | op=SEND_HEARTBEAT {datanodeUUID=dcc77c7b-1d37-448d-8d57-43d254561693, command=[]} | ret=SUCCESS |  
2019-09-19 14:04:52,394 [pool-58-thread-1] INFO  storage.RaftStorageDirectory (RaftStorageDirectory.java:tryLock(328)) - Lock on /workdir/hadoop-ozone/integration-test/target/test-dir/MiniOzoneClusterImpl-3b2755de-4cfe-4b43-9e0d-73dd8eda8f75/datanode-0/data/ratis/0963d6eb-8651-48ec-b6b5-621ff724f9c4/in_use.lock acquired by nodename 30982@pr-hdds-1569-swxfz-3172132826
2019-09-19 14:04:52,399 [pool-58-thread-1] INFO  storage.RaftStorage (RaftStorage.java:format(72)) - Storage directory /workdir/hadoop-ozone/integration-test/target/test-dir/MiniOzoneClusterImpl-3b2755de-4cfe-4b43-9e0d-73dd8eda8f75/datanode-0/data/ratis/0963d6eb-8651-48ec-b6b5-621ff724f9c4 has been successfully formatted.
2019-09-19 14:04:52,399 [pool-58-thread-1] INFO  ratis.ContainerStateMachine (ContainerStateMachine.java:loadSnapshot(226)) - group-621FF724F9C4: The snapshot info is null. Setting the last applied indexto:(t:0, i:~)
2019-09-19 14:04:52,400 [pool-58-thread-1] INFO  server.RaftServerConfigKeys (ConfUtils.java:logGet(43)) - raft.server.leader.election.timeout = 120s (custom)
2019-09-19 14:04:52,400 [pool-58-thread-1] INFO  server.RaftServerConfigKeys (ConfUtils.java:logGet(43)) - raft.server.log.use.memory = false (default)
2019-09-19 14:04:52,400 [pool-58-thread-1] INFO  server.RaftServerConfigKeys (ConfUtils.java:logGet(43)) - raft.server.log.purge.gap = 1000000 (custom)
2019-09-19 14:04:52,400 [pool-58-thread-1] INFO  server.RaftServerConfigKeys (ConfUtils.java:logGet(43)) - raft.server.log.appender.buffer.byte-limit = 33554432 (custom)
2019-09-19 14:04:52,400 [pool-58-thread-1] INFO  server.RaftServerConfigKeys (ConfUtils.java:logGet(43)) - raft.server.log.segment.size.max = 1048576 (custom)
2019-09-19 14:04:52,400 [pool-58-thread-1] INFO  server.RaftServerConfigKeys (ConfUtils.java:logGet(43)) - raft.server.log.segment.cache.num.max = 2 (custom)
2019-09-19 14:04:52,400 [pool-58-thread-1] INFO  segmented.SegmentedRaftLogWorker (SegmentedRaftLogWorker.java:<init>(172)) - new dcc77c7b-1d37-448d-8d57-43d254561693-SegmentedRaftLogWorker:Storage Directory /workdir/hadoop-ozone/integration-test/target/test-dir/MiniOzoneClusterImpl-3b2755de-4cfe-4b43-9e0d-73dd8eda8f75/datanode-0/data/ratis/0963d6eb-8651-48ec-b6b5-621ff724f9c4 for RaftStorage:Storage Directory /workdir/hadoop-ozone/integration-test/target/test-dir/MiniOzoneClusterImpl-3b2755de-4cfe-4b43-9e0d-73dd8eda8f75/datanode-0/data/ratis/0963d6eb-8651-48ec-b6b5-621ff724f9c4
2019-09-19 14:04:52,401 [pool-58-thread-1] INFO  server.RaftServerConfigKeys (ConfUtils.java:logGet(43)) - raft.server.log.queue.byte-limit = 2147483647 (custom)
2019-09-19 14:04:52,401 [pool-58-thread-1] INFO  server.RaftServerConfigKeys (ConfUtils.java:logGet(43)) - raft.server.log.queue.element-limit = 1024 (custom)
2019-09-19 14:04:52,401 [pool-58-thread-1] INFO  server.RaftServerConfigKeys (ConfUtils.java:logGet(43)) - raft.server.log.segment.size.max = 1048576 (custom)
2019-09-19 14:04:52,401 [pool-58-thread-1] INFO  server.RaftServerConfigKeys (ConfUtils.java:logGet(43)) - raft.server.log.preallocated.size = 16384 (custom)
2019-09-19 14:04:52,401 [pool-58-thread-1] INFO  server.RaftServerConfigKeys (ConfUtils.java:logGet(43)) - raft.server.log.write.buffer.size = 33554432 (custom)
2019-09-19 14:04:52,401 [pool-58-thread-1] INFO  server.RaftServerConfigKeys (ConfUtils.java:logGet(43)) - raft.server.log.force.sync.num = 128 (default)
2019-09-19 14:04:52,401 [pool-58-thread-1] INFO  server.RaftServerConfigKeys (ConfUtils.java:logGet(43)) - raft.server.log.statemachine.data.sync = true (default)
2019-09-19 14:04:52,401 [pool-58-thread-1] INFO  server.RaftServerConfigKeys (ConfUtils.java:logGet(43)) - raft.server.log.statemachine.data.sync.timeout = 10s (default)
2019-09-19 14:04:52,402 [pool-58-thread-1] INFO  server.RaftServerConfigKeys (ConfUtils.java:logGet(43)) - raft.server.log.statemachine.data.sync.timeout.retry = -1 (default)
2019-09-19 14:04:52,402 [pool-58-thread-1] INFO  server.RaftServerConfigKeys (ConfUtils.java:logGet(43)) - raft.server.log.statemachine.data.caching.enabled = true (custom)
2019-09-19 14:04:52,402 [pool-58-thread-1] INFO  segmented.SegmentedRaftLogWorker (SegmentedRaftLogWorker.java:lambda$new$0(132)) - dcc77c7b-1d37-448d-8d57-43d254561693-SegmentedRaftLogWorker:Storage Directory /workdir/hadoop-ozone/integration-test/target/test-dir/MiniOzoneClusterImpl-3b2755de-4cfe-4b43-9e0d-73dd8eda8f75/datanode-0/data/ratis/0963d6eb-8651-48ec-b6b5-621ff724f9c4: flushIndex: setUnconditionally 0 -> -1
2019-09-19 14:04:52,402 [pool-58-thread-1] INFO  server.RaftServerConfigKeys (ConfUtils.java:logGet(43)) - raft.server.snapshot.auto.trigger.enabled = true (custom)
2019-09-19 14:04:52,402 [pool-58-thread-1] INFO  server.RaftServerConfigKeys (ConfUtils.java:logGet(43)) - raft.server.snapshot.auto.trigger.threshold = 1 (custom)
2019-09-19 14:04:52,402 [pool-58-thread-1] INFO  server.RaftServerConfigKeys (ConfUtils.java:logGet(43)) - raft.server.retrycache.expirytime = 600000ms (custom)
2019-09-19 14:04:52,403 [pool-58-thread-1] INFO  impl.RaftServerImpl (RaftServerImpl.java:start(180)) - dcc77c7b-1d37-448d-8d57-43d254561693: start group-621FF724F9C4
2019-09-19 14:04:52,403 [pool-58-thread-1] INFO  impl.RaftServerImpl (RaftServerImpl.java:setRole(171)) - dcc77c7b-1d37-448d-8d57-43d254561693:group-621FF724F9C4 changes role from null to FOLLOWER at term 0 for startAsFollower
2019-09-19 14:04:52,403 [pool-58-thread-1] INFO  impl.RoleInfo (RoleInfo.java:updateAndGet(143)) - dcc77c7b-1d37-448d-8d57-43d254561693: start FollowerState
2019-09-19 14:04:52,403 [pool-58-thread-1] INFO  util.JmxRegister (JmxRegister.java:tryRegister(44)) - Successfully registered JMX Bean with object name Ratis:service=RaftServer,group=group-621FF724F9C4,id=dcc77c7b-1d37-448d-8d57-43d254561693
2019-09-19 14:04:52,404 [RatisPipelineUtilsThread] INFO  pipeline.PipelineStateManager (PipelineStateManager.java:addPipeline(56)) - Created pipeline Pipeline[ Id: 0963d6eb-8651-48ec-b6b5-621ff724f9c4, Nodes: dcc77c7b-1d37-448d-8d57-43d254561693{ip: 192.168.157.226, host: pr-hdds-1569-swxfz-3172132826, networkLocation: /default-rack, certSerialId: null}, Type:RATIS, Factor:ONE, State:OPEN]
2019-09-19 14:04:52,406 [grpc-default-executor-1] INFO  impl.RaftServerProxy (RaftServerProxy.java:addNew(89)) - dcc77c7b-1d37-448d-8d57-43d254561693: addNew group-77F6979B7494:[dcc77c7b-1d37-448d-8d57-43d254561693:192.168.157.226:34527] returns group-77F6979B7494:java.util.concurrent.CompletableFuture@1af2bf3b[Not completed]
2019-09-19 14:04:52,407 [pool-58-thread-1] INFO  impl.RaftServerImpl (RaftServerImpl.java:<init>(93)) - dcc77c7b-1d37-448d-8d57-43d254561693: new RaftServerImpl for group-77F6979B7494:[dcc77c7b-1d37-448d-8d57-43d254561693:192.168.157.226:34527] with ContainerStateMachine:uninitialized
2019-09-19 14:04:52,407 [pool-58-thread-1] INFO  server.RaftServerConfigKeys (ConfUtils.java:logGet(43)) - raft.server.rpc.timeout.min = 5s (custom)
2019-09-19 14:04:52,407 [pool-58-thread-1] INFO  server.RaftServerConfigKeys (ConfUtils.java:logGet(43)) - raft.server.rpc.timeout.max = 5200ms (custom)
2019-09-19 14:04:52,407 [pool-58-thread-1] INFO  server.RaftServerConfigKeys (ConfUtils.java:logGet(43)) - raft.server.rpcslowness.timeout = 120s (custom)
2019-09-19 14:04:52,407 [pool-58-thread-1] INFO  server.RaftServerConfigKeys (ConfUtils.java:logGet(43)) - raft.server.sleep.deviation.threshold = 300 (default)
2019-09-19 14:04:52,407 [pool-58-thread-1] INFO  server.RaftServerConfigKeys (ConfUtils.java:logGet(43)) - raft.server.log.appender.install.snapshot.enabled = false (custom)
2019-09-19 14:04:52,407 [pool-58-thread-1] INFO  impl.RaftServerImpl (ServerState.java:<init>(105)) - dcc77c7b-1d37-448d-8d57-43d254561693:group-77F6979B7494 ConfigurationManager, init=-1: [dcc77c7b-1d37-448d-8d57-43d254561693:192.168.157.226:34527], old=null, confs=<EMPTY_MAP>
2019-09-19 14:04:52,408 [pool-58-thread-1] INFO  server.RaftServerConfigKeys (ConfUtils.java:logGet(43)) - raft.server.storage.dir = [/workdir/hadoop-ozone/integration-test/target/test-dir/MiniOzoneClusterImpl-3b2755de-4cfe-4b43-9e0d-73dd8eda8f75/datanode-0/data/ratis] (custom)
2019-09-19 14:04:52,408 [pool-58-thread-1] INFO  storage.RaftStorageDirectory (RaftStorageDirectory.java:analyzeStorage(246)) - The storage directory /workdir/hadoop-ozone/integration-test/target/test-dir/MiniOzoneClusterImpl-3b2755de-4cfe-4b43-9e0d-73dd8eda8f75/datanode-0/data/ratis/5b93b202-425e-47c7-8b0b-77f6979b7494 does not exist. Creating ...
2019-09-19 14:04:52,444 [pool-58-thread-1] INFO  storage.RaftStorageDirectory (RaftStorageDirectory.java:tryLock(328)) - Lock on /workdir/hadoop-ozone/integration-test/target/test-dir/MiniOzoneClusterImpl-3b2755de-4cfe-4b43-9e0d-73dd8eda8f75/datanode-0/data/ratis/5b93b202-425e-47c7-8b0b-77f6979b7494/in_use.lock acquired by nodename 30982@pr-hdds-1569-swxfz-3172132826
2019-09-19 14:04:52,466 [pool-58-thread-1] INFO  storage.RaftStorage (RaftStorage.java:format(72)) - Storage directory /workdir/hadoop-ozone/integration-test/target/test-dir/MiniOzoneClusterImpl-3b2755de-4cfe-4b43-9e0d-73dd8eda8f75/datanode-0/data/ratis/5b93b202-425e-47c7-8b0b-77f6979b7494 has been successfully formatted.
2019-09-19 14:04:52,467 [pool-58-thread-1] INFO  ratis.ContainerStateMachine (ContainerStateMachine.java:loadSnapshot(226)) - group-77F6979B7494: The snapshot info is null. Setting the last applied indexto:(t:0, i:~)
2019-09-19 14:04:52,467 [pool-58-thread-1] INFO  server.RaftServerConfigKeys (ConfUtils.java:logGet(43)) - raft.server.leader.election.timeout = 120s (custom)
2019-09-19 14:04:52,467 [pool-58-thread-1] INFO  server.RaftServerConfigKeys (ConfUtils.java:logGet(43)) - raft.server.log.use.memory = false (default)
2019-09-19 14:04:52,467 [pool-58-thread-1] INFO  server.RaftServerConfigKeys (ConfUtils.java:logGet(43)) - raft.server.log.purge.gap = 1000000 (custom)
2019-09-19 14:04:52,467 [pool-58-thread-1] INFO  server.RaftServerConfigKeys (ConfUtils.java:logGet(43)) - raft.server.log.appender.buffer.byte-limit = 33554432 (custom)
2019-09-19 14:04:52,467 [pool-58-thread-1] INFO  server.RaftServerConfigKeys (ConfUtils.java:logGet(43)) - raft.server.log.segment.size.max = 1048576 (custom)
2019-09-19 14:04:52,467 [pool-58-thread-1] INFO  server.RaftServerConfigKeys (ConfUtils.java:logGet(43)) - raft.server.log.segment.cache.num.max = 2 (custom)
2019-09-19 14:04:52,468 [pool-58-thread-1] INFO  segmented.SegmentedRaftLogWorker (SegmentedRaftLogWorker.java:<init>(172)) - new dcc77c7b-1d37-448d-8d57-43d254561693-SegmentedRaftLogWorker:Storage Directory /workdir/hadoop-ozone/integration-test/target/test-dir/MiniOzoneClusterImpl-3b2755de-4cfe-4b43-9e0d-73dd8eda8f75/datanode-0/data/ratis/5b93b202-425e-47c7-8b0b-77f6979b7494 for RaftStorage:Storage Directory /workdir/hadoop-ozone/integration-test/target/test-dir/MiniOzoneClusterImpl-3b2755de-4cfe-4b43-9e0d-73dd8eda8f75/datanode-0/data/ratis/5b93b202-425e-47c7-8b0b-77f6979b7494
2019-09-19 14:04:52,468 [pool-58-thread-1] INFO  server.RaftServerConfigKeys (ConfUtils.java:logGet(43)) - raft.server.log.queue.byte-limit = 2147483647 (custom)
2019-09-19 14:04:52,468 [pool-58-thread-1] INFO  server.RaftServerConfigKeys (ConfUtils.java:logGet(43)) - raft.server.log.queue.element-limit = 1024 (custom)
2019-09-19 14:04:52,468 [pool-58-thread-1] INFO  server.RaftServerConfigKeys (ConfUtils.java:logGet(43)) - raft.server.log.segment.size.max = 1048576 (custom)
2019-09-19 14:04:52,468 [pool-58-thread-1] INFO  server.RaftServerConfigKeys (ConfUtils.java:logGet(43)) - raft.server.log.preallocated.size = 16384 (custom)
2019-09-19 14:04:52,468 [pool-58-thread-1] INFO  server.RaftServerConfigKeys (ConfUtils.java:logGet(43)) - raft.server.log.write.buffer.size = 33554432 (custom)
2019-09-19 14:04:52,468 [pool-58-thread-1] INFO  server.RaftServerConfigKeys (ConfUtils.java:logGet(43)) - raft.server.log.force.sync.num = 128 (default)
2019-09-19 14:04:52,468 [pool-58-thread-1] INFO  server.RaftServerConfigKeys (ConfUtils.java:logGet(43)) - raft.server.log.statemachine.data.sync = true (default)
2019-09-19 14:04:52,469 [pool-58-thread-1] INFO  server.RaftServerConfigKeys (ConfUtils.java:logGet(43)) - raft.server.log.statemachine.data.sync.timeout = 10s (default)
2019-09-19 14:04:52,469 [pool-58-thread-1] INFO  server.RaftServerConfigKeys (ConfUtils.java:logGet(43)) - raft.server.log.statemachine.data.sync.timeout.retry = -1 (default)
2019-09-19 14:04:52,469 [pool-58-thread-1] INFO  server.RaftServerConfigKeys (ConfUtils.java:logGet(43)) - raft.server.log.statemachine.data.caching.enabled = true (custom)
2019-09-19 14:04:52,469 [pool-58-thread-1] INFO  segmented.SegmentedRaftLogWorker (SegmentedRaftLogWorker.java:lambda$new$0(132)) - dcc77c7b-1d37-448d-8d57-43d254561693-SegmentedRaftLogWorker:Storage Directory /workdir/hadoop-ozone/integration-test/target/test-dir/MiniOzoneClusterImpl-3b2755de-4cfe-4b43-9e0d-73dd8eda8f75/datanode-0/data/ratis/5b93b202-425e-47c7-8b0b-77f6979b7494: flushIndex: setUnconditionally 0 -> -1
2019-09-19 14:04:52,469 [pool-58-thread-1] INFO  server.RaftServerConfigKeys (ConfUtils.java:logGet(43)) - raft.server.snapshot.auto.trigger.enabled = true (custom)
2019-09-19 14:04:52,469 [pool-58-thread-1] INFO  server.RaftServerConfigKeys (ConfUtils.java:logGet(43)) - raft.server.snapshot.auto.trigger.threshold = 1 (custom)
2019-09-19 14:04:52,470 [pool-58-thread-1] INFO  server.RaftServerConfigKeys (ConfUtils.java:logGet(43)) - raft.server.retrycache.expirytime = 600000ms (custom)
2019-09-19 14:04:52,470 [pool-58-thread-1] INFO  impl.RaftServerImpl (RaftServerImpl.java:start(180)) - dcc77c7b-1d37-448d-8d57-43d254561693: start group-77F6979B7494
2019-09-19 14:04:52,470 [pool-58-thread-1] INFO  impl.RaftServerImpl (RaftServerImpl.java:setRole(171)) - dcc77c7b-1d37-448d-8d57-43d254561693:group-77F6979B7494 changes role from null to FOLLOWER at term 0 for startAsFollower
2019-09-19 14:04:52,470 [pool-58-thread-1] INFO  impl.RoleInfo (RoleInfo.java:updateAndGet(143)) - dcc77c7b-1d37-448d-8d57-43d254561693: start FollowerState
2019-09-19 14:04:52,470 [pool-58-thread-1] INFO  util.JmxRegister (JmxRegister.java:tryRegister(44)) - Successfully registered JMX Bean with object name Ratis:service=RaftServer,group=group-77F6979B7494,id=dcc77c7b-1d37-448d-8d57-43d254561693
2019-09-19 14:04:52,472 [RatisPipelineUtilsThread] INFO  pipeline.PipelineStateManager (PipelineStateManager.java:addPipeline(56)) - Created pipeline Pipeline[ Id: 5b93b202-425e-47c7-8b0b-77f6979b7494, Nodes: dcc77c7b-1d37-448d-8d57-43d254561693{ip: 192.168.157.226, host: pr-hdds-1569-swxfz-3172132826, networkLocation: /default-rack, certSerialId: null}, Type:RATIS, Factor:ONE, State:OPEN]
2019-09-19 14:04:52,474 [grpc-default-executor-1] INFO  impl.RaftServerProxy (RaftServerProxy.java:addNew(89)) - dcc77c7b-1d37-448d-8d57-43d254561693: addNew group-09863E5FAFF9:[dcc77c7b-1d37-448d-8d57-43d254561693:192.168.157.226:34527] returns group-09863E5FAFF9:java.util.concurrent.CompletableFuture@76d202ce[Not completed]
2019-09-19 14:04:52,475 [pool-58-thread-1] INFO  impl.RaftServerImpl (RaftServerImpl.java:<init>(93)) - dcc77c7b-1d37-448d-8d57-43d254561693: new RaftServerImpl for group-09863E5FAFF9:[dcc77c7b-1d37-448d-8d57-43d254561693:192.168.157.226:34527] with ContainerStateMachine:uninitialized
2019-09-19 14:04:52,475 [pool-58-thread-1] INFO  server.RaftServerConfigKeys (ConfUtils.java:logGet(43)) - raft.server.rpc.timeout.min = 5s (custom)
2019-09-19 14:04:52,475 [pool-58-thread-1] INFO  server.RaftServerConfigKeys (ConfUtils.java:logGet(43)) - raft.server.rpc.timeout.max = 5200ms (custom)
2019-09-19 14:04:52,475 [pool-58-thread-1] INFO  server.RaftServerConfigKeys (ConfUtils.java:logGet(43)) - raft.server.rpcslowness.timeout = 120s (custom)
2019-09-19 14:04:52,475 [pool-58-thread-1] INFO  server.RaftServerConfigKeys (ConfUtils.java:logGet(43)) - raft.server.sleep.deviation.threshold = 300 (default)
2019-09-19 14:04:52,475 [pool-58-thread-1] INFO  server.RaftServerConfigKeys (ConfUtils.java:logGet(43)) - raft.server.log.appender.install.snapshot.enabled = false (custom)
2019-09-19 14:04:52,476 [pool-58-thread-1] INFO  impl.RaftServerImpl (ServerState.java:<init>(105)) - dcc77c7b-1d37-448d-8d57-43d254561693:group-09863E5FAFF9 ConfigurationManager, init=-1: [dcc77c7b-1d37-448d-8d57-43d254561693:192.168.157.226:34527], old=null, confs=<EMPTY_MAP>
2019-09-19 14:04:52,476 [pool-58-thread-1] INFO  server.RaftServerConfigKeys (ConfUtils.java:logGet(43)) - raft.server.storage.dir = [/workdir/hadoop-ozone/integration-test/target/test-dir/MiniOzoneClusterImpl-3b2755de-4cfe-4b43-9e0d-73dd8eda8f75/datanode-0/data/ratis] (custom)
2019-09-19 14:04:52,477 [pool-58-thread-1] INFO  storage.RaftStorageDirectory (RaftStorageDirectory.java:analyzeStorage(246)) - The storage directory /workdir/hadoop-ozone/integration-test/target/test-dir/MiniOzoneClusterImpl-3b2755de-4cfe-4b43-9e0d-73dd8eda8f75/datanode-0/data/ratis/5927ca10-2c6b-49d5-aed5-09863e5faff9 does not exist. Creating ...
2019-09-19 14:04:52,489 [pool-58-thread-1] INFO  storage.RaftStorageDirectory (RaftStorageDirectory.java:tryLock(328)) - Lock on /workdir/hadoop-ozone/integration-test/target/test-dir/MiniOzoneClusterImpl-3b2755de-4cfe-4b43-9e0d-73dd8eda8f75/datanode-0/data/ratis/5927ca10-2c6b-49d5-aed5-09863e5faff9/in_use.lock acquired by nodename 30982@pr-hdds-1569-swxfz-3172132826
2019-09-19 14:04:52,502 [pool-58-thread-1] INFO  storage.RaftStorage (RaftStorage.java:format(72)) - Storage directory /workdir/hadoop-ozone/integration-test/target/test-dir/MiniOzoneClusterImpl-3b2755de-4cfe-4b43-9e0d-73dd8eda8f75/datanode-0/data/ratis/5927ca10-2c6b-49d5-aed5-09863e5faff9 has been successfully formatted.
2019-09-19 14:04:52,502 [pool-58-thread-1] INFO  ratis.ContainerStateMachine (ContainerStateMachine.java:loadSnapshot(226)) - group-09863E5FAFF9: The snapshot info is null. Setting the last applied indexto:(t:0, i:~)
2019-09-19 14:04:52,503 [pool-58-thread-1] INFO  server.RaftServerConfigKeys (ConfUtils.java:logGet(43)) - raft.server.leader.election.timeout = 120s (custom)
2019-09-19 14:04:52,503 [pool-58-thread-1] INFO  server.RaftServerConfigKeys (ConfUtils.java:logGet(43)) - raft.server.log.use.memory = false (default)
2019-09-19 14:04:52,503 [pool-58-thread-1] INFO  server.RaftServerConfigKeys (ConfUtils.java:logGet(43)) - raft.server.log.purge.gap = 1000000 (custom)
2019-09-19 14:04:52,503 [pool-58-thread-1] INFO  server.RaftServerConfigKeys (ConfUtils.java:logGet(43)) - raft.server.log.appender.buffer.byte-limit = 33554432 (custom)
2019-09-19 14:04:52,503 [pool-58-thread-1] INFO  server.RaftServerConfigKeys (ConfUtils.java:logGet(43)) - raft.server.log.segment.size.max = 1048576 (custom)
2019-09-19 14:04:52,503 [pool-58-thread-1] INFO  server.RaftServerConfigKeys (ConfUtils.java:logGet(43)) - raft.server.log.segment.cache.num.max = 2 (custom)
2019-09-19 14:04:52,503 [pool-58-thread-1] INFO  segmented.SegmentedRaftLogWorker (SegmentedRaftLogWorker.java:<init>(172)) - new dcc77c7b-1d37-448d-8d57-43d254561693-SegmentedRaftLogWorker:Storage Directory /workdir/hadoop-ozone/integration-test/target/test-dir/MiniOzoneClusterImpl-3b2755de-4cfe-4b43-9e0d-73dd8eda8f75/datanode-0/data/ratis/5927ca10-2c6b-49d5-aed5-09863e5faff9 for RaftStorage:Storage Directory /workdir/hadoop-ozone/integration-test/target/test-dir/MiniOzoneClusterImpl-3b2755de-4cfe-4b43-9e0d-73dd8eda8f75/datanode-0/data/ratis/5927ca10-2c6b-49d5-aed5-09863e5faff9
2019-09-19 14:04:52,503 [pool-58-thread-1] INFO  server.RaftServerConfigKeys (ConfUtils.java:logGet(43)) - raft.server.log.queue.byte-limit = 2147483647 (custom)
2019-09-19 14:04:52,504 [pool-58-thread-1] INFO  server.RaftServerConfigKeys (ConfUtils.java:logGet(43)) - raft.server.log.queue.element-limit = 1024 (custom)
2019-09-19 14:04:52,504 [pool-58-thread-1] INFO  server.RaftServerConfigKeys (ConfUtils.java:logGet(43)) - raft.server.log.segment.size.max = 1048576 (custom)
2019-09-19 14:04:52,504 [pool-58-thread-1] INFO  server.RaftServerConfigKeys (ConfUtils.java:logGet(43)) - raft.server.log.preallocated.size = 16384 (custom)
2019-09-19 14:04:52,504 [pool-58-thread-1] INFO  server.RaftServerConfigKeys (ConfUtils.java:logGet(43)) - raft.server.log.write.buffer.size = 33554432 (custom)
2019-09-19 14:04:52,504 [pool-58-thread-1] INFO  server.RaftServerConfigKeys (ConfUtils.java:logGet(43)) - raft.server.log.force.sync.num = 128 (default)
2019-09-19 14:04:52,504 [pool-58-thread-1] INFO  server.RaftServerConfigKeys (ConfUtils.java:logGet(43)) - raft.server.log.statemachine.data.sync = true (default)
2019-09-19 14:04:52,504 [pool-58-thread-1] INFO  server.RaftServerConfigKeys (ConfUtils.java:logGet(43)) - raft.server.log.statemachine.data.sync.timeout = 10s (default)
2019-09-19 14:04:52,504 [pool-58-thread-1] INFO  server.RaftServerConfigKeys (ConfUtils.java:logGet(43)) - raft.server.log.statemachine.data.sync.timeout.retry = -1 (default)
2019-09-19 14:04:52,505 [pool-58-thread-1] INFO  server.RaftServerConfigKeys (ConfUtils.java:logGet(43)) - raft.server.log.statemachine.data.caching.enabled = true (custom)
2019-09-19 14:04:52,505 [pool-58-thread-1] INFO  segmented.SegmentedRaftLogWorker (SegmentedRaftLogWorker.java:lambda$new$0(132)) - dcc77c7b-1d37-448d-8d57-43d254561693-SegmentedRaftLogWorker:Storage Directory /workdir/hadoop-ozone/integration-test/target/test-dir/MiniOzoneClusterImpl-3b2755de-4cfe-4b43-9e0d-73dd8eda8f75/datanode-0/data/ratis/5927ca10-2c6b-49d5-aed5-09863e5faff9: flushIndex: setUnconditionally 0 -> -1
2019-09-19 14:04:52,505 [pool-58-thread-1] INFO  server.RaftServerConfigKeys (ConfUtils.java:logGet(43)) - raft.server.snapshot.auto.trigger.enabled = true (custom)
2019-09-19 14:04:52,505 [pool-58-thread-1] INFO  server.RaftServerConfigKeys (ConfUtils.java:logGet(43)) - raft.server.snapshot.auto.trigger.threshold = 1 (custom)
2019-09-19 14:04:52,505 [pool-58-thread-1] INFO  server.RaftServerConfigKeys (ConfUtils.java:logGet(43)) - raft.server.retrycache.expirytime = 600000ms (custom)
2019-09-19 14:04:52,506 [pool-58-thread-1] INFO  impl.RaftServerImpl (RaftServerImpl.java:start(180)) - dcc77c7b-1d37-448d-8d57-43d254561693: start group-09863E5FAFF9
2019-09-19 14:04:52,506 [pool-58-thread-1] INFO  impl.RaftServerImpl (RaftServerImpl.java:setRole(171)) - dcc77c7b-1d37-448d-8d57-43d254561693:group-09863E5FAFF9 changes role from null to FOLLOWER at term 0 for startAsFollower
2019-09-19 14:04:52,506 [pool-58-thread-1] INFO  impl.RoleInfo (RoleInfo.java:updateAndGet(143)) - dcc77c7b-1d37-448d-8d57-43d254561693: start FollowerState
2019-09-19 14:04:52,506 [pool-58-thread-1] INFO  util.JmxRegister (JmxRegister.java:tryRegister(44)) - Successfully registered JMX Bean with object name Ratis:service=RaftServer,group=group-09863E5FAFF9,id=dcc77c7b-1d37-448d-8d57-43d254561693
2019-09-19 14:04:52,507 [RatisPipelineUtilsThread] INFO  pipeline.PipelineStateManager (PipelineStateManager.java:addPipeline(56)) - Created pipeline Pipeline[ Id: 5927ca10-2c6b-49d5-aed5-09863e5faff9, Nodes: dcc77c7b-1d37-448d-8d57-43d254561693{ip: 192.168.157.226, host: pr-hdds-1569-swxfz-3172132826, networkLocation: /default-rack, certSerialId: null}, Type:RATIS, Factor:ONE, State:OPEN]
2019-09-19 14:04:52,510 [grpc-default-executor-1] INFO  impl.RaftServerProxy (RaftServerProxy.java:addNew(89)) - dcc77c7b-1d37-448d-8d57-43d254561693: addNew group-A448A7A95FAE:[dcc77c7b-1d37-448d-8d57-43d254561693:192.168.157.226:34527] returns group-A448A7A95FAE:java.util.concurrent.CompletableFuture@22bcf188[Not completed]
2019-09-19 14:04:52,511 [pool-58-thread-1] INFO  impl.RaftServerImpl (RaftServerImpl.java:<init>(93)) - dcc77c7b-1d37-448d-8d57-43d254561693: new RaftServerImpl for group-A448A7A95FAE:[dcc77c7b-1d37-448d-8d57-43d254561693:192.168.157.226:34527] with ContainerStateMachine:uninitialized
2019-09-19 14:04:52,511 [pool-58-thread-1] INFO  server.RaftServerConfigKeys (ConfUtils.java:logGet(43)) - raft.server.rpc.timeout.min = 5s (custom)
2019-09-19 14:04:52,511 [pool-58-thread-1] INFO  server.RaftServerConfigKeys (ConfUtils.java:logGet(43)) - raft.server.rpc.timeout.max = 5200ms (custom)
2019-09-19 14:04:52,511 [pool-58-thread-1] INFO  server.RaftServerConfigKeys (ConfUtils.java:logGet(43)) - raft.server.rpcslowness.timeout = 120s (custom)
2019-09-19 14:04:52,511 [pool-58-thread-1] INFO  server.RaftServerConfigKeys (ConfUtils.java:logGet(43)) - raft.server.sleep.deviation.threshold = 300 (default)
2019-09-19 14:04:52,511 [pool-58-thread-1] INFO  server.RaftServerConfigKeys (ConfUtils.java:logGet(43)) - raft.server.log.appender.install.snapshot.enabled = false (custom)
2019-09-19 14:04:52,511 [pool-58-thread-1] INFO  impl.RaftServerImpl (ServerState.java:<init>(105)) - dcc77c7b-1d37-448d-8d57-43d254561693:group-A448A7A95FAE ConfigurationManager, init=-1: [dcc77c7b-1d37-448d-8d57-43d254561693:192.168.157.226:34527], old=null, confs=<EMPTY_MAP>
2019-09-19 14:04:52,511 [pool-58-thread-1] INFO  server.RaftServerConfigKeys (ConfUtils.java:logGet(43)) - raft.server.storage.dir = [/workdir/hadoop-ozone/integration-test/target/test-dir/MiniOzoneClusterImpl-3b2755de-4cfe-4b43-9e0d-73dd8eda8f75/datanode-0/data/ratis] (custom)
2019-09-19 14:04:52,512 [pool-58-thread-1] INFO  storage.RaftStorageDirectory (RaftStorageDirectory.java:analyzeStorage(246)) - The storage directory /workdir/hadoop-ozone/integration-test/target/test-dir/MiniOzoneClusterImpl-3b2755de-4cfe-4b43-9e0d-73dd8eda8f75/datanode-0/data/ratis/206a5506-ca1c-489f-a7a6-a448a7a95fae does not exist. Creating ...
2019-09-19 14:04:52,534 [pool-58-thread-1] INFO  storage.RaftStorageDirectory (RaftStorageDirectory.java:tryLock(328)) - Lock on /workdir/hadoop-ozone/integration-test/target/test-dir/MiniOzoneClusterImpl-3b2755de-4cfe-4b43-9e0d-73dd8eda8f75/datanode-0/data/ratis/206a5506-ca1c-489f-a7a6-a448a7a95fae/in_use.lock acquired by nodename 30982@pr-hdds-1569-swxfz-3172132826
2019-09-19 14:04:52,546 [pool-58-thread-1] INFO  storage.RaftStorage (RaftStorage.java:format(72)) - Storage directory /workdir/hadoop-ozone/integration-test/target/test-dir/MiniOzoneClusterImpl-3b2755de-4cfe-4b43-9e0d-73dd8eda8f75/datanode-0/data/ratis/206a5506-ca1c-489f-a7a6-a448a7a95fae has been successfully formatted.
2019-09-19 14:04:52,546 [pool-58-thread-1] INFO  ratis.ContainerStateMachine (ContainerStateMachine.java:loadSnapshot(226)) - group-A448A7A95FAE: The snapshot info is null. Setting the last applied indexto:(t:0, i:~)
2019-09-19 14:04:52,547 [pool-58-thread-1] INFO  server.RaftServerConfigKeys (ConfUtils.java:logGet(43)) - raft.server.leader.election.timeout = 120s (custom)
2019-09-19 14:04:52,547 [pool-58-thread-1] INFO  server.RaftServerConfigKeys (ConfUtils.java:logGet(43)) - raft.server.log.use.memory = false (default)
2019-09-19 14:04:52,547 [pool-58-thread-1] INFO  server.RaftServerConfigKeys (ConfUtils.java:logGet(43)) - raft.server.log.purge.gap = 1000000 (custom)
2019-09-19 14:04:52,547 [pool-58-thread-1] INFO  server.RaftServerConfigKeys (ConfUtils.java:logGet(43)) - raft.server.log.appender.buffer.byte-limit = 33554432 (custom)
2019-09-19 14:04:52,547 [pool-58-thread-1] INFO  server.RaftServerConfigKeys (ConfUtils.java:logGet(43)) - raft.server.log.segment.size.max = 1048576 (custom)
2019-09-19 14:04:52,547 [pool-58-thread-1] INFO  server.RaftServerConfigKeys (ConfUtils.java:logGet(43)) - raft.server.log.segment.cache.num.max = 2 (custom)
2019-09-19 14:04:52,547 [pool-58-thread-1] INFO  segmented.SegmentedRaftLogWorker (SegmentedRaftLogWorker.java:<init>(172)) - new dcc77c7b-1d37-448d-8d57-43d254561693-SegmentedRaftLogWorker:Storage Directory /workdir/hadoop-ozone/integration-test/target/test-dir/MiniOzoneClusterImpl-3b2755de-4cfe-4b43-9e0d-73dd8eda8f75/datanode-0/data/ratis/206a5506-ca1c-489f-a7a6-a448a7a95fae for RaftStorage:Storage Directory /workdir/hadoop-ozone/integration-test/target/test-dir/MiniOzoneClusterImpl-3b2755de-4cfe-4b43-9e0d-73dd8eda8f75/datanode-0/data/ratis/206a5506-ca1c-489f-a7a6-a448a7a95fae
2019-09-19 14:04:52,548 [pool-58-thread-1] INFO  server.RaftServerConfigKeys (ConfUtils.java:logGet(43)) - raft.server.log.queue.byte-limit = 2147483647 (custom)
2019-09-19 14:04:52,548 [pool-58-thread-1] INFO  server.RaftServerConfigKeys (ConfUtils.java:logGet(43)) - raft.server.log.queue.element-limit = 1024 (custom)
2019-09-19 14:04:52,548 [pool-58-thread-1] INFO  server.RaftServerConfigKeys (ConfUtils.java:logGet(43)) - raft.server.log.segment.size.max = 1048576 (custom)
2019-09-19 14:04:52,548 [pool-58-thread-1] INFO  server.RaftServerConfigKeys (ConfUtils.java:logGet(43)) - raft.server.log.preallocated.size = 16384 (custom)
2019-09-19 14:04:52,548 [pool-58-thread-1] INFO  server.RaftServerConfigKeys (ConfUtils.java:logGet(43)) - raft.server.log.write.buffer.size = 33554432 (custom)
2019-09-19 14:04:52,548 [pool-58-thread-1] INFO  server.RaftServerConfigKeys (ConfUtils.java:logGet(43)) - raft.server.log.force.sync.num = 128 (default)
2019-09-19 14:04:52,548 [pool-58-thread-1] INFO  server.RaftServerConfigKeys (ConfUtils.java:logGet(43)) - raft.server.log.statemachine.data.sync = true (default)
2019-09-19 14:04:52,549 [pool-58-thread-1] INFO  server.RaftServerConfigKeys (ConfUtils.java:logGet(43)) - raft.server.log.statemachine.data.sync.timeout = 10s (default)
2019-09-19 14:04:52,549 [pool-58-thread-1] INFO  server.RaftServerConfigKeys (ConfUtils.java:logGet(43)) - raft.server.log.statemachine.data.sync.timeout.retry = -1 (default)
2019-09-19 14:04:52,549 [pool-58-thread-1] INFO  server.RaftServerConfigKeys (ConfUtils.java:logGet(43)) - raft.server.log.statemachine.data.caching.enabled = true (custom)
2019-09-19 14:04:52,549 [pool-58-thread-1] INFO  segmented.SegmentedRaftLogWorker (SegmentedRaftLogWorker.java:lambda$new$0(132)) - dcc77c7b-1d37-448d-8d57-43d254561693-SegmentedRaftLogWorker:Storage Directory /workdir/hadoop-ozone/integration-test/target/test-dir/MiniOzoneClusterImpl-3b2755de-4cfe-4b43-9e0d-73dd8eda8f75/datanode-0/data/ratis/206a5506-ca1c-489f-a7a6-a448a7a95fae: flushIndex: setUnconditionally 0 -> -1
2019-09-19 14:04:52,549 [pool-58-thread-1] INFO  server.RaftServerConfigKeys (ConfUtils.java:logGet(43)) - raft.server.snapshot.auto.trigger.enabled = true (custom)
2019-09-19 14:04:52,549 [pool-58-thread-1] INFO  server.RaftServerConfigKeys (ConfUtils.java:logGet(43)) - raft.server.snapshot.auto.trigger.threshold = 1 (custom)
2019-09-19 14:04:52,550 [pool-58-thread-1] INFO  server.RaftServerConfigKeys (ConfUtils.java:logGet(43)) - raft.server.retrycache.expirytime = 600000ms (custom)
2019-09-19 14:04:52,550 [pool-58-thread-1] INFO  impl.RaftServerImpl (RaftServerImpl.java:start(180)) - dcc77c7b-1d37-448d-8d57-43d254561693: start group-A448A7A95FAE
2019-09-19 14:04:52,550 [pool-58-thread-1] INFO  impl.RaftServerImpl (RaftServerImpl.java:setRole(171)) - dcc77c7b-1d37-448d-8d57-43d254561693:group-A448A7A95FAE changes role from null to FOLLOWER at term 0 for startAsFollower
2019-09-19 14:04:52,550 [pool-58-thread-1] INFO  impl.RoleInfo (RoleInfo.java:updateAndGet(143)) - dcc77c7b-1d37-448d-8d57-43d254561693: start FollowerState
2019-09-19 14:04:52,550 [pool-58-thread-1] INFO  util.JmxRegister (JmxRegister.java:tryRegister(44)) - Successfully registered JMX Bean with object name Ratis:service=RaftServer,group=group-A448A7A95FAE,id=dcc77c7b-1d37-448d-8d57-43d254561693
2019-09-19 14:04:52,552 [RatisPipelineUtilsThread] INFO  pipeline.PipelineStateManager (PipelineStateManager.java:addPipeline(56)) - Created pipeline Pipeline[ Id: 206a5506-ca1c-489f-a7a6-a448a7a95fae, Nodes: dcc77c7b-1d37-448d-8d57-43d254561693{ip: 192.168.157.226, host: pr-hdds-1569-swxfz-3172132826, networkLocation: /default-rack, certSerialId: null}, Type:RATIS, Factor:ONE, State:OPEN]
2019-09-19 14:04:52,555 [grpc-default-executor-1] INFO  impl.RaftServerProxy (RaftServerProxy.java:addNew(89)) - dcc77c7b-1d37-448d-8d57-43d254561693: addNew group-86AAD3D49F70:[dcc77c7b-1d37-448d-8d57-43d254561693:192.168.157.226:34527] returns group-86AAD3D49F70:java.util.concurrent.CompletableFuture@179c5e3d[Not completed]
2019-09-19 14:04:52,555 [pool-58-thread-1] INFO  impl.RaftServerImpl (RaftServerImpl.java:<init>(93)) - dcc77c7b-1d37-448d-8d57-43d254561693: new RaftServerImpl for group-86AAD3D49F70:[dcc77c7b-1d37-448d-8d57-43d254561693:192.168.157.226:34527] with ContainerStateMachine:uninitialized
2019-09-19 14:04:52,556 [pool-58-thread-1] INFO  server.RaftServerConfigKeys (ConfUtils.java:logGet(43)) - raft.server.rpc.timeout.min = 5s (custom)
2019-09-19 14:04:52,556 [pool-58-thread-1] INFO  server.RaftServerConfigKeys (ConfUtils.java:logGet(43)) - raft.server.rpc.timeout.max = 5200ms (custom)
2019-09-19 14:04:52,556 [pool-58-thread-1] INFO  server.RaftServerConfigKeys (ConfUtils.java:logGet(43)) - raft.server.rpcslowness.timeout = 120s (custom)
2019-09-19 14:04:52,556 [pool-58-thread-1] INFO  server.RaftServerConfigKeys (ConfUtils.java:logGet(43)) - raft.server.sleep.deviation.threshold = 300 (default)
2019-09-19 14:04:52,556 [pool-58-thread-1] INFO  server.RaftServerConfigKeys (ConfUtils.java:logGet(43)) - raft.server.log.appender.install.snapshot.enabled = false (custom)
2019-09-19 14:04:52,556 [pool-58-thread-1] INFO  impl.RaftServerImpl (ServerState.java:<init>(105)) - dcc77c7b-1d37-448d-8d57-43d254561693:group-86AAD3D49F70 ConfigurationManager, init=-1: [dcc77c7b-1d37-448d-8d57-43d254561693:192.168.157.226:34527], old=null, confs=<EMPTY_MAP>
2019-09-19 14:04:52,556 [pool-58-thread-1] INFO  server.RaftServerConfigKeys (ConfUtils.java:logGet(43)) - raft.server.storage.dir = [/workdir/hadoop-ozone/integration-test/target/test-dir/MiniOzoneClusterImpl-3b2755de-4cfe-4b43-9e0d-73dd8eda8f75/datanode-0/data/ratis] (custom)
2019-09-19 14:04:52,557 [pool-58-thread-1] INFO  storage.RaftStorageDirectory (RaftStorageDirectory.java:analyzeStorage(246)) - The storage directory /workdir/hadoop-ozone/integration-test/target/test-dir/MiniOzoneClusterImpl-3b2755de-4cfe-4b43-9e0d-73dd8eda8f75/datanode-0/data/ratis/587de14f-fd99-4143-acd9-86aad3d49f70 does not exist. Creating ...
2019-09-19 14:04:52,570 [pool-58-thread-1] INFO  storage.RaftStorageDirectory (RaftStorageDirectory.java:tryLock(328)) - Lock on /workdir/hadoop-ozone/integration-test/target/test-dir/MiniOzoneClusterImpl-3b2755de-4cfe-4b43-9e0d-73dd8eda8f75/datanode-0/data/ratis/587de14f-fd99-4143-acd9-86aad3d49f70/in_use.lock acquired by nodename 30982@pr-hdds-1569-swxfz-3172132826
2019-09-19 14:04:52,583 [pool-58-thread-1] INFO  storage.RaftStorage (RaftStorage.java:format(72)) - Storage directory /workdir/hadoop-ozone/integration-test/target/test-dir/MiniOzoneClusterImpl-3b2755de-4cfe-4b43-9e0d-73dd8eda8f75/datanode-0/data/ratis/587de14f-fd99-4143-acd9-86aad3d49f70 has been successfully formatted.
2019-09-19 14:04:52,583 [pool-58-thread-1] INFO  ratis.ContainerStateMachine (ContainerStateMachine.java:loadSnapshot(226)) - group-86AAD3D49F70: The snapshot info is null. Setting the last applied indexto:(t:0, i:~)
2019-09-19 14:04:52,583 [pool-58-thread-1] INFO  server.RaftServerConfigKeys (ConfUtils.java:logGet(43)) - raft.server.leader.election.timeout = 120s (custom)
2019-09-19 14:04:52,583 [pool-58-thread-1] INFO  server.RaftServerConfigKeys (ConfUtils.java:logGet(43)) - raft.server.log.use.memory = false (default)
2019-09-19 14:04:52,584 [pool-58-thread-1] INFO  server.RaftServerConfigKeys (ConfUtils.java:logGet(43)) - raft.server.log.purge.gap = 1000000 (custom)
2019-09-19 14:04:52,584 [pool-58-thread-1] INFO  server.RaftServerConfigKeys (ConfUtils.java:logGet(43)) - raft.server.log.appender.buffer.byte-limit = 33554432 (custom)
2019-09-19 14:04:52,584 [pool-58-thread-1] INFO  server.RaftServerConfigKeys (ConfUtils.java:logGet(43)) - raft.server.log.segment.size.max = 1048576 (custom)
2019-09-19 14:04:52,584 [pool-58-thread-1] INFO  server.RaftServerConfigKeys (ConfUtils.java:logGet(43)) - raft.server.log.segment.cache.num.max = 2 (custom)
2019-09-19 14:04:52,584 [pool-58-thread-1] INFO  segmented.SegmentedRaftLogWorker (SegmentedRaftLogWorker.java:<init>(172)) - new dcc77c7b-1d37-448d-8d57-43d254561693-SegmentedRaftLogWorker:Storage Directory /workdir/hadoop-ozone/integration-test/target/test-dir/MiniOzoneClusterImpl-3b2755de-4cfe-4b43-9e0d-73dd8eda8f75/datanode-0/data/ratis/587de14f-fd99-4143-acd9-86aad3d49f70 for RaftStorage:Storage Directory /workdir/hadoop-ozone/integration-test/target/test-dir/MiniOzoneClusterImpl-3b2755de-4cfe-4b43-9e0d-73dd8eda8f75/datanode-0/data/ratis/587de14f-fd99-4143-acd9-86aad3d49f70
2019-09-19 14:04:52,584 [pool-58-thread-1] INFO  server.RaftServerConfigKeys (ConfUtils.java:logGet(43)) - raft.server.log.queue.byte-limit = 2147483647 (custom)
2019-09-19 14:04:52,584 [pool-58-thread-1] INFO  server.RaftServerConfigKeys (ConfUtils.java:logGet(43)) - raft.server.log.queue.element-limit = 1024 (custom)
2019-09-19 14:04:52,584 [pool-58-thread-1] INFO  server.RaftServerConfigKeys (ConfUtils.java:logGet(43)) - raft.server.log.segment.size.max = 1048576 (custom)
2019-09-19 14:04:52,585 [pool-58-thread-1] INFO  server.RaftServerConfigKeys (ConfUtils.java:logGet(43)) - raft.server.log.preallocated.size = 16384 (custom)
2019-09-19 14:04:52,585 [pool-58-thread-1] INFO  server.RaftServerConfigKeys (ConfUtils.java:logGet(43)) - raft.server.log.write.buffer.size = 33554432 (custom)
2019-09-19 14:04:52,585 [pool-58-thread-1] INFO  server.RaftServerConfigKeys (ConfUtils.java:logGet(43)) - raft.server.log.force.sync.num = 128 (default)
2019-09-19 14:04:52,585 [pool-58-thread-1] INFO  server.RaftServerConfigKeys (ConfUtils.java:logGet(43)) - raft.server.log.statemachine.data.sync = true (default)
2019-09-19 14:04:52,585 [pool-58-thread-1] INFO  server.RaftServerConfigKeys (ConfUtils.java:logGet(43)) - raft.server.log.statemachine.data.sync.timeout = 10s (default)
2019-09-19 14:04:52,585 [pool-58-thread-1] INFO  server.RaftServerConfigKeys (ConfUtils.java:logGet(43)) - raft.server.log.statemachine.data.sync.timeout.retry = -1 (default)
2019-09-19 14:04:52,585 [pool-58-thread-1] INFO  server.RaftServerConfigKeys (ConfUtils.java:logGet(43)) - raft.server.log.statemachine.data.caching.enabled = true (custom)
2019-09-19 14:04:52,585 [pool-58-thread-1] INFO  segmented.SegmentedRaftLogWorker (SegmentedRaftLogWorker.java:lambda$new$0(132)) - dcc77c7b-1d37-448d-8d57-43d254561693-SegmentedRaftLogWorker:Storage Directory /workdir/hadoop-ozone/integration-test/target/test-dir/MiniOzoneClusterImpl-3b2755de-4cfe-4b43-9e0d-73dd8eda8f75/datanode-0/data/ratis/587de14f-fd99-4143-acd9-86aad3d49f70: flushIndex: setUnconditionally 0 -> -1
2019-09-19 14:04:52,586 [pool-58-thread-1] INFO  server.RaftServerConfigKeys (ConfUtils.java:logGet(43)) - raft.server.snapshot.auto.trigger.enabled = true (custom)
2019-09-19 14:04:52,586 [pool-58-thread-1] INFO  server.RaftServerConfigKeys (ConfUtils.java:logGet(43)) - raft.server.snapshot.auto.trigger.threshold = 1 (custom)
2019-09-19 14:04:52,586 [pool-58-thread-1] INFO  server.RaftServerConfigKeys (ConfUtils.java:logGet(43)) - raft.server.retrycache.expirytime = 600000ms (custom)
2019-09-19 14:04:52,586 [pool-58-thread-1] INFO  impl.RaftServerImpl (RaftServerImpl.java:start(180)) - dcc77c7b-1d37-448d-8d57-43d254561693: start group-86AAD3D49F70
2019-09-19 14:04:52,586 [pool-58-thread-1] INFO  impl.RaftServerImpl (RaftServerImpl.java:setRole(171)) - dcc77c7b-1d37-448d-8d57-43d254561693:group-86AAD3D49F70 changes role from null to FOLLOWER at term 0 for startAsFollower
2019-09-19 14:04:52,586 [pool-58-thread-1] INFO  impl.RoleInfo (RoleInfo.java:updateAndGet(143)) - dcc77c7b-1d37-448d-8d57-43d254561693: start FollowerState
2019-09-19 14:04:52,587 [pool-58-thread-1] INFO  util.JmxRegister (JmxRegister.java:tryRegister(44)) - Successfully registered JMX Bean with object name Ratis:service=RaftServer,group=group-86AAD3D49F70,id=dcc77c7b-1d37-448d-8d57-43d254561693
2019-09-19 14:04:52,588 [RatisPipelineUtilsThread] INFO  pipeline.PipelineStateManager (PipelineStateManager.java:addPipeline(56)) - Created pipeline Pipeline[ Id: 587de14f-fd99-4143-acd9-86aad3d49f70, Nodes: dcc77c7b-1d37-448d-8d57-43d254561693{ip: 192.168.157.226, host: pr-hdds-1569-swxfz-3172132826, networkLocation: /default-rack, certSerialId: null}, Type:RATIS, Factor:ONE, State:OPEN]
2019-09-19 14:04:52,590 [grpc-default-executor-1] INFO  impl.RaftServerProxy (RaftServerProxy.java:addNew(89)) - dcc77c7b-1d37-448d-8d57-43d254561693: addNew group-A28310F2B329:[dcc77c7b-1d37-448d-8d57-43d254561693:192.168.157.226:34527] returns group-A28310F2B329:java.util.concurrent.CompletableFuture@3b7bb9c5[Not completed]
2019-09-19 14:04:52,591 [pool-58-thread-1] INFO  impl.RaftServerImpl (RaftServerImpl.java:<init>(93)) - dcc77c7b-1d37-448d-8d57-43d254561693: new RaftServerImpl for group-A28310F2B329:[dcc77c7b-1d37-448d-8d57-43d254561693:192.168.157.226:34527] with ContainerStateMachine:uninitialized
2019-09-19 14:04:52,591 [pool-58-thread-1] INFO  server.RaftServerConfigKeys (ConfUtils.java:logGet(43)) - raft.server.rpc.timeout.min = 5s (custom)
2019-09-19 14:04:52,591 [pool-58-thread-1] INFO  server.RaftServerConfigKeys (ConfUtils.java:logGet(43)) - raft.server.rpc.timeout.max = 5200ms (custom)
2019-09-19 14:04:52,591 [pool-58-thread-1] INFO  server.RaftServerConfigKeys (ConfUtils.java:logGet(43)) - raft.server.rpcslowness.timeout = 120s (custom)
2019-09-19 14:04:52,591 [pool-58-thread-1] INFO  server.RaftServerConfigKeys (ConfUtils.java:logGet(43)) - raft.server.sleep.deviation.threshold = 300 (default)
2019-09-19 14:04:52,591 [pool-58-thread-1] INFO  server.RaftServerConfigKeys (ConfUtils.java:logGet(43)) - raft.server.log.appender.install.snapshot.enabled = false (custom)
2019-09-19 14:04:52,592 [pool-58-thread-1] INFO  impl.RaftServerImpl (ServerState.java:<init>(105)) - dcc77c7b-1d37-448d-8d57-43d254561693:group-A28310F2B329 ConfigurationManager, init=-1: [dcc77c7b-1d37-448d-8d57-43d254561693:192.168.157.226:34527], old=null, confs=<EMPTY_MAP>
2019-09-19 14:04:52,592 [pool-58-thread-1] INFO  server.RaftServerConfigKeys (ConfUtils.java:logGet(43)) - raft.server.storage.dir = [/workdir/hadoop-ozone/integration-test/target/test-dir/MiniOzoneClusterImpl-3b2755de-4cfe-4b43-9e0d-73dd8eda8f75/datanode-0/data/ratis] (custom)
2019-09-19 14:04:52,592 [pool-58-thread-1] INFO  storage.RaftStorageDirectory (RaftStorageDirectory.java:analyzeStorage(246)) - The storage directory /workdir/hadoop-ozone/integration-test/target/test-dir/MiniOzoneClusterImpl-3b2755de-4cfe-4b43-9e0d-73dd8eda8f75/datanode-0/data/ratis/23d871d7-9525-46c9-bee7-a28310f2b329 does not exist. Creating ...
2019-09-19 14:04:52,593 | INFO  | SCMAudit | user=jenkins1000 | ip=192.168.157.226 | op=SEND_HEARTBEAT {datanodeUUID=dcc77c7b-1d37-448d-8d57-43d254561693, command=[]} | ret=SUCCESS |  
2019-09-19 14:04:52,605 [pool-58-thread-1] INFO  storage.RaftStorageDirectory (RaftStorageDirectory.java:tryLock(328)) - Lock on /workdir/hadoop-ozone/integration-test/target/test-dir/MiniOzoneClusterImpl-3b2755de-4cfe-4b43-9e0d-73dd8eda8f75/datanode-0/data/ratis/23d871d7-9525-46c9-bee7-a28310f2b329/in_use.lock acquired by nodename 30982@pr-hdds-1569-swxfz-3172132826
2019-09-19 14:04:52,618 [pool-58-thread-1] INFO  storage.RaftStorage (RaftStorage.java:format(72)) - Storage directory /workdir/hadoop-ozone/integration-test/target/test-dir/MiniOzoneClusterImpl-3b2755de-4cfe-4b43-9e0d-73dd8eda8f75/datanode-0/data/ratis/23d871d7-9525-46c9-bee7-a28310f2b329 has been successfully formatted.
2019-09-19 14:04:52,618 [pool-58-thread-1] INFO  ratis.ContainerStateMachine (ContainerStateMachine.java:loadSnapshot(226)) - group-A28310F2B329: The snapshot info is null. Setting the last applied indexto:(t:0, i:~)
2019-09-19 14:04:52,619 [pool-58-thread-1] INFO  server.RaftServerConfigKeys (ConfUtils.java:logGet(43)) - raft.server.leader.election.timeout = 120s (custom)
2019-09-19 14:04:52,619 [pool-58-thread-1] INFO  server.RaftServerConfigKeys (ConfUtils.java:logGet(43)) - raft.server.log.use.memory = false (default)
2019-09-19 14:04:52,619 [pool-58-thread-1] INFO  server.RaftServerConfigKeys (ConfUtils.java:logGet(43)) - raft.server.log.purge.gap = 1000000 (custom)
2019-09-19 14:04:52,619 [pool-58-thread-1] INFO  server.RaftServerConfigKeys (ConfUtils.java:logGet(43)) - raft.server.log.appender.buffer.byte-limit = 33554432 (custom)
2019-09-19 14:04:52,619 [pool-58-thread-1] INFO  server.RaftServerConfigKeys (ConfUtils.java:logGet(43)) - raft.server.log.segment.size.max = 1048576 (custom)
2019-09-19 14:04:52,619 [pool-58-thread-1] INFO  server.RaftServerConfigKeys (ConfUtils.java:logGet(43)) - raft.server.log.segment.cache.num.max = 2 (custom)
2019-09-19 14:04:52,619 [pool-58-thread-1] INFO  segmented.SegmentedRaftLogWorker (SegmentedRaftLogWorker.java:<init>(172)) - new dcc77c7b-1d37-448d-8d57-43d254561693-SegmentedRaftLogWorker:Storage Directory /workdir/hadoop-ozone/integration-test/target/test-dir/MiniOzoneClusterImpl-3b2755de-4cfe-4b43-9e0d-73dd8eda8f75/datanode-0/data/ratis/23d871d7-9525-46c9-bee7-a28310f2b329 for RaftStorage:Storage Directory /workdir/hadoop-ozone/integration-test/target/test-dir/MiniOzoneClusterImpl-3b2755de-4cfe-4b43-9e0d-73dd8eda8f75/datanode-0/data/ratis/23d871d7-9525-46c9-bee7-a28310f2b329
2019-09-19 14:04:52,620 [pool-58-thread-1] INFO  server.RaftServerConfigKeys (ConfUtils.java:logGet(43)) - raft.server.log.queue.byte-limit = 2147483647 (custom)
2019-09-19 14:04:52,620 [pool-58-thread-1] INFO  server.RaftServerConfigKeys (ConfUtils.java:logGet(43)) - raft.server.log.queue.element-limit = 1024 (custom)
2019-09-19 14:04:52,620 [pool-58-thread-1] INFO  server.RaftServerConfigKeys (ConfUtils.java:logGet(43)) - raft.server.log.segment.size.max = 1048576 (custom)
2019-09-19 14:04:52,620 [pool-58-thread-1] INFO  server.RaftServerConfigKeys (ConfUtils.java:logGet(43)) - raft.server.log.preallocated.size = 16384 (custom)
2019-09-19 14:04:52,620 [pool-58-thread-1] INFO  server.RaftServerConfigKeys (ConfUtils.java:logGet(43)) - raft.server.log.write.buffer.size = 33554432 (custom)
2019-09-19 14:04:52,620 [pool-58-thread-1] INFO  server.RaftServerConfigKeys (ConfUtils.java:logGet(43)) - raft.server.log.force.sync.num = 128 (default)
2019-09-19 14:04:52,620 [pool-58-thread-1] INFO  server.RaftServerConfigKeys (ConfUtils.java:logGet(43)) - raft.server.log.statemachine.data.sync = true (default)
2019-09-19 14:04:52,621 [pool-58-thread-1] INFO  server.RaftServerConfigKeys (ConfUtils.java:logGet(43)) - raft.server.log.statemachine.data.sync.timeout = 10s (default)
2019-09-19 14:04:52,621 [pool-58-thread-1] INFO  server.RaftServerConfigKeys (ConfUtils.java:logGet(43)) - raft.server.log.statemachine.data.sync.timeout.retry = -1 (default)
2019-09-19 14:04:52,621 [pool-58-thread-1] INFO  server.RaftServerConfigKeys (ConfUtils.java:logGet(43)) - raft.server.log.statemachine.data.caching.enabled = true (custom)
2019-09-19 14:04:52,621 [pool-58-thread-1] INFO  segmented.SegmentedRaftLogWorker (SegmentedRaftLogWorker.java:lambda$new$0(132)) - dcc77c7b-1d37-448d-8d57-43d254561693-SegmentedRaftLogWorker:Storage Directory /workdir/hadoop-ozone/integration-test/target/test-dir/MiniOzoneClusterImpl-3b2755de-4cfe-4b43-9e0d-73dd8eda8f75/datanode-0/data/ratis/23d871d7-9525-46c9-bee7-a28310f2b329: flushIndex: setUnconditionally 0 -> -1
2019-09-19 14:04:52,621 [pool-58-thread-1] INFO  server.RaftServerConfigKeys (ConfUtils.java:logGet(43)) - raft.server.snapshot.auto.trigger.enabled = true (custom)
2019-09-19 14:04:52,621 [pool-58-thread-1] INFO  server.RaftServerConfigKeys (ConfUtils.java:logGet(43)) - raft.server.snapshot.auto.trigger.threshold = 1 (custom)
2019-09-19 14:04:52,622 [pool-58-thread-1] INFO  server.RaftServerConfigKeys (ConfUtils.java:logGet(43)) - raft.server.retrycache.expirytime = 600000ms (custom)
2019-09-19 14:04:52,622 [pool-58-thread-1] INFO  impl.RaftServerImpl (RaftServerImpl.java:start(180)) - dcc77c7b-1d37-448d-8d57-43d254561693: start group-A28310F2B329
2019-09-19 14:04:52,622 [pool-58-thread-1] INFO  impl.RaftServerImpl (RaftServerImpl.java:setRole(171)) - dcc77c7b-1d37-448d-8d57-43d254561693:group-A28310F2B329 changes role from null to FOLLOWER at term 0 for startAsFollower
2019-09-19 14:04:52,622 [pool-58-thread-1] INFO  impl.RoleInfo (RoleInfo.java:updateAndGet(143)) - dcc77c7b-1d37-448d-8d57-43d254561693: start FollowerState
2019-09-19 14:04:52,622 [pool-58-thread-1] INFO  util.JmxRegister (JmxRegister.java:tryRegister(44)) - Successfully registered JMX Bean with object name Ratis:service=RaftServer,group=group-A28310F2B329,id=dcc77c7b-1d37-448d-8d57-43d254561693
2019-09-19 14:04:52,624 [RatisPipelineUtilsThread] INFO  pipeline.PipelineStateManager (PipelineStateManager.java:addPipeline(56)) - Created pipeline Pipeline[ Id: 23d871d7-9525-46c9-bee7-a28310f2b329, Nodes: dcc77c7b-1d37-448d-8d57-43d254561693{ip: 192.168.157.226, host: pr-hdds-1569-swxfz-3172132826, networkLocation: /default-rack, certSerialId: null}, Type:RATIS, Factor:ONE, State:OPEN]
2019-09-19 14:04:52,626 [grpc-default-executor-1] INFO  impl.RaftServerProxy (RaftServerProxy.java:addNew(89)) - dcc77c7b-1d37-448d-8d57-43d254561693: addNew group-89849F9FD3BA:[dcc77c7b-1d37-448d-8d57-43d254561693:192.168.157.226:34527] returns group-89849F9FD3BA:java.util.concurrent.CompletableFuture@48ee2f7f[Not completed]
2019-09-19 14:04:52,627 [pool-58-thread-1] INFO  impl.RaftServerImpl (RaftServerImpl.java:<init>(93)) - dcc77c7b-1d37-448d-8d57-43d254561693: new RaftServerImpl for group-89849F9FD3BA:[dcc77c7b-1d37-448d-8d57-43d254561693:192.168.157.226:34527] with ContainerStateMachine:uninitialized
2019-09-19 14:04:52,627 [pool-58-thread-1] INFO  server.RaftServerConfigKeys (ConfUtils.java:logGet(43)) - raft.server.rpc.timeout.min = 5s (custom)
2019-09-19 14:04:52,627 [pool-58-thread-1] INFO  server.RaftServerConfigKeys (ConfUtils.java:logGet(43)) - raft.server.rpc.timeout.max = 5200ms (custom)
2019-09-19 14:04:52,627 [pool-58-thread-1] INFO  server.RaftServerConfigKeys (ConfUtils.java:logGet(43)) - raft.server.rpcslowness.timeout = 120s (custom)
2019-09-19 14:04:52,628 [pool-58-thread-1] INFO  server.RaftServerConfigKeys (ConfUtils.java:logGet(43)) - raft.server.sleep.deviation.threshold = 300 (default)
2019-09-19 14:04:52,628 [pool-58-thread-1] INFO  server.RaftServerConfigKeys (ConfUtils.java:logGet(43)) - raft.server.log.appender.install.snapshot.enabled = false (custom)
2019-09-19 14:04:52,628 [pool-58-thread-1] INFO  impl.RaftServerImpl (ServerState.java:<init>(105)) - dcc77c7b-1d37-448d-8d57-43d254561693:group-89849F9FD3BA ConfigurationManager, init=-1: [dcc77c7b-1d37-448d-8d57-43d254561693:192.168.157.226:34527], old=null, confs=<EMPTY_MAP>
2019-09-19 14:04:52,628 [pool-58-thread-1] INFO  server.RaftServerConfigKeys (ConfUtils.java:logGet(43)) - raft.server.storage.dir = [/workdir/hadoop-ozone/integration-test/target/test-dir/MiniOzoneClusterImpl-3b2755de-4cfe-4b43-9e0d-73dd8eda8f75/datanode-0/data/ratis] (custom)
2019-09-19 14:04:52,629 [pool-58-thread-1] INFO  storage.RaftStorageDirectory (RaftStorageDirectory.java:analyzeStorage(246)) - The storage directory /workdir/hadoop-ozone/integration-test/target/test-dir/MiniOzoneClusterImpl-3b2755de-4cfe-4b43-9e0d-73dd8eda8f75/datanode-0/data/ratis/d354f42a-d9ec-4c21-9161-89849f9fd3ba does not exist. Creating ...
2019-09-19 14:04:52,642 [pool-58-thread-1] INFO  storage.RaftStorageDirectory (RaftStorageDirectory.java:tryLock(328)) - Lock on /workdir/hadoop-ozone/integration-test/target/test-dir/MiniOzoneClusterImpl-3b2755de-4cfe-4b43-9e0d-73dd8eda8f75/datanode-0/data/ratis/d354f42a-d9ec-4c21-9161-89849f9fd3ba/in_use.lock acquired by nodename 30982@pr-hdds-1569-swxfz-3172132826
2019-09-19 14:04:52,655 [pool-58-thread-1] INFO  storage.RaftStorage (RaftStorage.java:format(72)) - Storage directory /workdir/hadoop-ozone/integration-test/target/test-dir/MiniOzoneClusterImpl-3b2755de-4cfe-4b43-9e0d-73dd8eda8f75/datanode-0/data/ratis/d354f42a-d9ec-4c21-9161-89849f9fd3ba has been successfully formatted.
2019-09-19 14:04:52,655 [pool-58-thread-1] INFO  ratis.ContainerStateMachine (ContainerStateMachine.java:loadSnapshot(226)) - group-89849F9FD3BA: The snapshot info is null. Setting the last applied indexto:(t:0, i:~)
2019-09-19 14:04:52,655 [pool-58-thread-1] INFO  server.RaftServerConfigKeys (ConfUtils.java:logGet(43)) - raft.server.leader.election.timeout = 120s (custom)
2019-09-19 14:04:52,655 [pool-58-thread-1] INFO  server.RaftServerConfigKeys (ConfUtils.java:logGet(43)) - raft.server.log.use.memory = false (default)
2019-09-19 14:04:52,655 [pool-58-thread-1] INFO  server.RaftServerConfigKeys (ConfUtils.java:logGet(43)) - raft.server.log.purge.gap = 1000000 (custom)
2019-09-19 14:04:52,655 [pool-58-thread-1] INFO  server.RaftServerConfigKeys (ConfUtils.java:logGet(43)) - raft.server.log.appender.buffer.byte-limit = 33554432 (custom)
2019-09-19 14:04:52,655 [pool-58-thread-1] INFO  server.RaftServerConfigKeys (ConfUtils.java:logGet(43)) - raft.server.log.segment.size.max = 1048576 (custom)
2019-09-19 14:04:52,656 [pool-58-thread-1] INFO  server.RaftServerConfigKeys (ConfUtils.java:logGet(43)) - raft.server.log.segment.cache.num.max = 2 (custom)
2019-09-19 14:04:52,656 [pool-58-thread-1] INFO  segmented.SegmentedRaftLogWorker (SegmentedRaftLogWorker.java:<init>(172)) - new dcc77c7b-1d37-448d-8d57-43d254561693-SegmentedRaftLogWorker:Storage Directory /workdir/hadoop-ozone/integration-test/target/test-dir/MiniOzoneClusterImpl-3b2755de-4cfe-4b43-9e0d-73dd8eda8f75/datanode-0/data/ratis/d354f42a-d9ec-4c21-9161-89849f9fd3ba for RaftStorage:Storage Directory /workdir/hadoop-ozone/integration-test/target/test-dir/MiniOzoneClusterImpl-3b2755de-4cfe-4b43-9e0d-73dd8eda8f75/datanode-0/data/ratis/d354f42a-d9ec-4c21-9161-89849f9fd3ba
2019-09-19 14:04:52,656 [pool-58-thread-1] INFO  server.RaftServerConfigKeys (ConfUtils.java:logGet(43)) - raft.server.log.queue.byte-limit = 2147483647 (custom)
2019-09-19 14:04:52,656 [pool-58-thread-1] INFO  server.RaftServerConfigKeys (ConfUtils.java:logGet(43)) - raft.server.log.queue.element-limit = 1024 (custom)
2019-09-19 14:04:52,656 [pool-58-thread-1] INFO  server.RaftServerConfigKeys (ConfUtils.java:logGet(43)) - raft.server.log.segment.size.max = 1048576 (custom)
2019-09-19 14:04:52,656 [pool-58-thread-1] INFO  server.RaftServerConfigKeys (ConfUtils.java:logGet(43)) - raft.server.log.preallocated.size = 16384 (custom)
2019-09-19 14:04:52,656 [pool-58-thread-1] INFO  server.RaftServerConfigKeys (ConfUtils.java:logGet(43)) - raft.server.log.write.buffer.size = 33554432 (custom)
2019-09-19 14:04:52,656 [pool-58-thread-1] INFO  server.RaftServerConfigKeys (ConfUtils.java:logGet(43)) - raft.server.log.force.sync.num = 128 (default)
2019-09-19 14:04:52,657 [pool-58-thread-1] INFO  server.RaftServerConfigKeys (ConfUtils.java:logGet(43)) - raft.server.log.statemachine.data.sync = true (default)
2019-09-19 14:04:52,657 [pool-58-thread-1] INFO  server.RaftServerConfigKeys (ConfUtils.java:logGet(43)) - raft.server.log.statemachine.data.sync.timeout = 10s (default)
2019-09-19 14:04:52,657 [pool-58-thread-1] INFO  server.RaftServerConfigKeys (ConfUtils.java:logGet(43)) - raft.server.log.statemachine.data.sync.timeout.retry = -1 (default)
2019-09-19 14:04:52,657 [pool-58-thread-1] INFO  server.RaftServerConfigKeys (ConfUtils.java:logGet(43)) - raft.server.log.statemachine.data.caching.enabled = true (custom)
2019-09-19 14:04:52,657 [pool-58-thread-1] INFO  segmented.SegmentedRaftLogWorker (SegmentedRaftLogWorker.java:lambda$new$0(132)) - dcc77c7b-1d37-448d-8d57-43d254561693-SegmentedRaftLogWorker:Storage Directory /workdir/hadoop-ozone/integration-test/target/test-dir/MiniOzoneClusterImpl-3b2755de-4cfe-4b43-9e0d-73dd8eda8f75/datanode-0/data/ratis/d354f42a-d9ec-4c21-9161-89849f9fd3ba: flushIndex: setUnconditionally 0 -> -1
2019-09-19 14:04:52,657 [pool-58-thread-1] INFO  server.RaftServerConfigKeys (ConfUtils.java:logGet(43)) - raft.server.snapshot.auto.trigger.enabled = true (custom)
2019-09-19 14:04:52,658 [pool-58-thread-1] INFO  server.RaftServerConfigKeys (ConfUtils.java:logGet(43)) - raft.server.snapshot.auto.trigger.threshold = 1 (custom)
2019-09-19 14:04:52,658 [pool-58-thread-1] INFO  server.RaftServerConfigKeys (ConfUtils.java:logGet(43)) - raft.server.retrycache.expirytime = 600000ms (custom)
2019-09-19 14:04:52,658 [pool-58-thread-1] INFO  impl.RaftServerImpl (RaftServerImpl.java:start(180)) - dcc77c7b-1d37-448d-8d57-43d254561693: start group-89849F9FD3BA
2019-09-19 14:04:52,658 [pool-58-thread-1] INFO  impl.RaftServerImpl (RaftServerImpl.java:setRole(171)) - dcc77c7b-1d37-448d-8d57-43d254561693:group-89849F9FD3BA changes role from null to FOLLOWER at term 0 for startAsFollower
2019-09-19 14:04:52,658 [pool-58-thread-1] INFO  impl.RoleInfo (RoleInfo.java:updateAndGet(143)) - dcc77c7b-1d37-448d-8d57-43d254561693: start FollowerState
2019-09-19 14:04:52,658 [pool-58-thread-1] INFO  util.JmxRegister (JmxRegister.java:tryRegister(44)) - Successfully registered JMX Bean with object name Ratis:service=RaftServer,group=group-89849F9FD3BA,id=dcc77c7b-1d37-448d-8d57-43d254561693
2019-09-19 14:04:52,660 [RatisPipelineUtilsThread] INFO  pipeline.PipelineStateManager (PipelineStateManager.java:addPipeline(56)) - Created pipeline Pipeline[ Id: d354f42a-d9ec-4c21-9161-89849f9fd3ba, Nodes: dcc77c7b-1d37-448d-8d57-43d254561693{ip: 192.168.157.226, host: pr-hdds-1569-swxfz-3172132826, networkLocation: /default-rack, certSerialId: null}, Type:RATIS, Factor:ONE, State:OPEN]
2019-09-19 14:04:52,662 [grpc-default-executor-1] INFO  impl.RaftServerProxy (RaftServerProxy.java:addNew(89)) - dcc77c7b-1d37-448d-8d57-43d254561693: addNew group-AF209FE8FECB:[dcc77c7b-1d37-448d-8d57-43d254561693:192.168.157.226:34527] returns group-AF209FE8FECB:java.util.concurrent.CompletableFuture@2105623e[Not completed]
2019-09-19 14:04:52,663 [pool-58-thread-1] INFO  impl.RaftServerImpl (RaftServerImpl.java:<init>(93)) - dcc77c7b-1d37-448d-8d57-43d254561693: new RaftServerImpl for group-AF209FE8FECB:[dcc77c7b-1d37-448d-8d57-43d254561693:192.168.157.226:34527] with ContainerStateMachine:uninitialized
2019-09-19 14:04:52,663 [pool-58-thread-1] INFO  server.RaftServerConfigKeys (ConfUtils.java:logGet(43)) - raft.server.rpc.timeout.min = 5s (custom)
2019-09-19 14:04:52,663 [pool-58-thread-1] INFO  server.RaftServerConfigKeys (ConfUtils.java:logGet(43)) - raft.server.rpc.timeout.max = 5200ms (custom)
2019-09-19 14:04:52,663 [pool-58-thread-1] INFO  server.RaftServerConfigKeys (ConfUtils.java:logGet(43)) - raft.server.rpcslowness.timeout = 120s (custom)
2019-09-19 14:04:52,663 [pool-58-thread-1] INFO  server.RaftServerConfigKeys (ConfUtils.java:logGet(43)) - raft.server.sleep.deviation.threshold = 300 (default)
2019-09-19 14:04:52,664 [pool-58-thread-1] INFO  server.RaftServerConfigKeys (ConfUtils.java:logGet(43)) - raft.server.log.appender.install.snapshot.enabled = false (custom)
2019-09-19 14:04:52,664 [pool-58-thread-1] INFO  impl.RaftServerImpl (ServerState.java:<init>(105)) - dcc77c7b-1d37-448d-8d57-43d254561693:group-AF209FE8FECB ConfigurationManager, init=-1: [dcc77c7b-1d37-448d-8d57-43d254561693:192.168.157.226:34527], old=null, confs=<EMPTY_MAP>
2019-09-19 14:04:52,664 [pool-58-thread-1] INFO  server.RaftServerConfigKeys (ConfUtils.java:logGet(43)) - raft.server.storage.dir = [/workdir/hadoop-ozone/integration-test/target/test-dir/MiniOzoneClusterImpl-3b2755de-4cfe-4b43-9e0d-73dd8eda8f75/datanode-0/data/ratis] (custom)
2019-09-19 14:04:52,665 [pool-58-thread-1] INFO  storage.RaftStorageDirectory (RaftStorageDirectory.java:analyzeStorage(246)) - The storage directory /workdir/hadoop-ozone/integration-test/target/test-dir/MiniOzoneClusterImpl-3b2755de-4cfe-4b43-9e0d-73dd8eda8f75/datanode-0/data/ratis/92654bd5-732e-47db-8962-af209fe8fecb does not exist. Creating ...
2019-09-19 14:04:52,668 [pool-58-thread-1] INFO  storage.RaftStorageDirectory (RaftStorageDirectory.java:tryLock(328)) - Lock on /workdir/hadoop-ozone/integration-test/target/test-dir/MiniOzoneClusterImpl-3b2755de-4cfe-4b43-9e0d-73dd8eda8f75/datanode-0/data/ratis/92654bd5-732e-47db-8962-af209fe8fecb/in_use.lock acquired by nodename 30982@pr-hdds-1569-swxfz-3172132826
2019-09-19 14:04:52,699 [pool-58-thread-1] INFO  storage.RaftStorage (RaftStorage.java:format(72)) - Storage directory /workdir/hadoop-ozone/integration-test/target/test-dir/MiniOzoneClusterImpl-3b2755de-4cfe-4b43-9e0d-73dd8eda8f75/datanode-0/data/ratis/92654bd5-732e-47db-8962-af209fe8fecb has been successfully formatted.
2019-09-19 14:04:52,699 [pool-58-thread-1] INFO  ratis.ContainerStateMachine (ContainerStateMachine.java:loadSnapshot(226)) - group-AF209FE8FECB: The snapshot info is null. Setting the last applied indexto:(t:0, i:~)
2019-09-19 14:04:52,699 [pool-58-thread-1] INFO  server.RaftServerConfigKeys (ConfUtils.java:logGet(43)) - raft.server.leader.election.timeout = 120s (custom)
2019-09-19 14:04:52,699 [pool-58-thread-1] INFO  server.RaftServerConfigKeys (ConfUtils.java:logGet(43)) - raft.server.log.use.memory = false (default)
2019-09-19 14:04:52,699 [pool-58-thread-1] INFO  server.RaftServerConfigKeys (ConfUtils.java:logGet(43)) - raft.server.log.purge.gap = 1000000 (custom)
2019-09-19 14:04:52,699 [pool-58-thread-1] INFO  server.RaftServerConfigKeys (ConfUtils.java:logGet(43)) - raft.server.log.appender.buffer.byte-limit = 33554432 (custom)
2019-09-19 14:04:52,700 [pool-58-thread-1] INFO  server.RaftServerConfigKeys (ConfUtils.java:logGet(43)) - raft.server.log.segment.size.max = 1048576 (custom)
2019-09-19 14:04:52,700 [pool-58-thread-1] INFO  server.RaftServerConfigKeys (ConfUtils.java:logGet(43)) - raft.server.log.segment.cache.num.max = 2 (custom)
2019-09-19 14:04:52,700 [pool-58-thread-1] INFO  segmented.SegmentedRaftLogWorker (SegmentedRaftLogWorker.java:<init>(172)) - new dcc77c7b-1d37-448d-8d57-43d254561693-SegmentedRaftLogWorker:Storage Directory /workdir/hadoop-ozone/integration-test/target/test-dir/MiniOzoneClusterImpl-3b2755de-4cfe-4b43-9e0d-73dd8eda8f75/datanode-0/data/ratis/92654bd5-732e-47db-8962-af209fe8fecb for RaftStorage:Storage Directory /workdir/hadoop-ozone/integration-test/target/test-dir/MiniOzoneClusterImpl-3b2755de-4cfe-4b43-9e0d-73dd8eda8f75/datanode-0/data/ratis/92654bd5-732e-47db-8962-af209fe8fecb
2019-09-19 14:04:52,700 [pool-58-thread-1] INFO  server.RaftServerConfigKeys (ConfUtils.java:logGet(43)) - raft.server.log.queue.byte-limit = 2147483647 (custom)
2019-09-19 14:04:52,700 [pool-58-thread-1] INFO  server.RaftServerConfigKeys (ConfUtils.java:logGet(43)) - raft.server.log.queue.element-limit = 1024 (custom)
2019-09-19 14:04:52,700 [pool-58-thread-1] INFO  server.RaftServerConfigKeys (ConfUtils.java:logGet(43)) - raft.server.log.segment.size.max = 1048576 (custom)
2019-09-19 14:04:52,700 [pool-58-thread-1] INFO  server.RaftServerConfigKeys (ConfUtils.java:logGet(43)) - raft.server.log.preallocated.size = 16384 (custom)
2019-09-19 14:04:52,700 [pool-58-thread-1] INFO  server.RaftServerConfigKeys (ConfUtils.java:logGet(43)) - raft.server.log.write.buffer.size = 33554432 (custom)
2019-09-19 14:04:52,700 [pool-58-thread-1] INFO  server.RaftServerConfigKeys (ConfUtils.java:logGet(43)) - raft.server.log.force.sync.num = 128 (default)
2019-09-19 14:04:52,701 [pool-58-thread-1] INFO  server.RaftServerConfigKeys (ConfUtils.java:logGet(43)) - raft.server.log.statemachine.data.sync = true (default)
2019-09-19 14:04:52,701 [pool-58-thread-1] INFO  server.RaftServerConfigKeys (ConfUtils.java:logGet(43)) - raft.server.log.statemachine.data.sync.timeout = 10s (default)
2019-09-19 14:04:52,701 [pool-58-thread-1] INFO  server.RaftServerConfigKeys (ConfUtils.java:logGet(43)) - raft.server.log.statemachine.data.sync.timeout.retry = -1 (default)
2019-09-19 14:04:52,701 [pool-58-thread-1] INFO  server.RaftServerConfigKeys (ConfUtils.java:logGet(43)) - raft.server.log.statemachine.data.caching.enabled = true (custom)
2019-09-19 14:04:52,701 [pool-58-thread-1] INFO  segmented.SegmentedRaftLogWorker (SegmentedRaftLogWorker.java:lambda$new$0(132)) - dcc77c7b-1d37-448d-8d57-43d254561693-SegmentedRaftLogWorker:Storage Directory /workdir/hadoop-ozone/integration-test/target/test-dir/MiniOzoneClusterImpl-3b2755de-4cfe-4b43-9e0d-73dd8eda8f75/datanode-0/data/ratis/92654bd5-732e-47db-8962-af209fe8fecb: flushIndex: setUnconditionally 0 -> -1
2019-09-19 14:04:52,701 [pool-58-thread-1] INFO  server.RaftServerConfigKeys (ConfUtils.java:logGet(43)) - raft.server.snapshot.auto.trigger.enabled = true (custom)
2019-09-19 14:04:52,701 [pool-58-thread-1] INFO  server.RaftServerConfigKeys (ConfUtils.java:logGet(43)) - raft.server.snapshot.auto.trigger.threshold = 1 (custom)
2019-09-19 14:04:52,702 [pool-58-thread-1] INFO  server.RaftServerConfigKeys (ConfUtils.java:logGet(43)) - raft.server.retrycache.expirytime = 600000ms (custom)
2019-09-19 14:04:52,702 [pool-58-thread-1] INFO  impl.RaftServerImpl (RaftServerImpl.java:start(180)) - dcc77c7b-1d37-448d-8d57-43d254561693: start group-AF209FE8FECB
2019-09-19 14:04:52,702 [pool-58-thread-1] INFO  impl.RaftServerImpl (RaftServerImpl.java:setRole(171)) - dcc77c7b-1d37-448d-8d57-43d254561693:group-AF209FE8FECB changes role from null to FOLLOWER at term 0 for startAsFollower
2019-09-19 14:04:52,702 [pool-58-thread-1] INFO  impl.RoleInfo (RoleInfo.java:updateAndGet(143)) - dcc77c7b-1d37-448d-8d57-43d254561693: start FollowerState
2019-09-19 14:04:52,702 [pool-58-thread-1] INFO  util.JmxRegister (JmxRegister.java:tryRegister(44)) - Successfully registered JMX Bean with object name Ratis:service=RaftServer,group=group-AF209FE8FECB,id=dcc77c7b-1d37-448d-8d57-43d254561693
2019-09-19 14:04:52,704 [RatisPipelineUtilsThread] INFO  pipeline.PipelineStateManager (PipelineStateManager.java:addPipeline(56)) - Created pipeline Pipeline[ Id: 92654bd5-732e-47db-8962-af209fe8fecb, Nodes: dcc77c7b-1d37-448d-8d57-43d254561693{ip: 192.168.157.226, host: pr-hdds-1569-swxfz-3172132826, networkLocation: /default-rack, certSerialId: null}, Type:RATIS, Factor:ONE, State:OPEN]
2019-09-19 14:04:52,707 [grpc-default-executor-1] INFO  impl.RaftServerProxy (RaftServerProxy.java:addNew(89)) - dcc77c7b-1d37-448d-8d57-43d254561693: addNew group-F1AB8729C726:[dcc77c7b-1d37-448d-8d57-43d254561693:192.168.157.226:34527] returns group-F1AB8729C726:java.util.concurrent.CompletableFuture@124ffea3[Not completed]
2019-09-19 14:04:52,707 [pool-58-thread-1] INFO  impl.RaftServerImpl (RaftServerImpl.java:<init>(93)) - dcc77c7b-1d37-448d-8d57-43d254561693: new RaftServerImpl for group-F1AB8729C726:[dcc77c7b-1d37-448d-8d57-43d254561693:192.168.157.226:34527] with ContainerStateMachine:uninitialized
2019-09-19 14:04:52,707 [pool-58-thread-1] INFO  server.RaftServerConfigKeys (ConfUtils.java:logGet(43)) - raft.server.rpc.timeout.min = 5s (custom)
2019-09-19 14:04:52,707 [pool-58-thread-1] INFO  server.RaftServerConfigKeys (ConfUtils.java:logGet(43)) - raft.server.rpc.timeout.max = 5200ms (custom)
2019-09-19 14:04:52,708 [pool-58-thread-1] INFO  server.RaftServerConfigKeys (ConfUtils.java:logGet(43)) - raft.server.rpcslowness.timeout = 120s (custom)
2019-09-19 14:04:52,708 [pool-58-thread-1] INFO  server.RaftServerConfigKeys (ConfUtils.java:logGet(43)) - raft.server.sleep.deviation.threshold = 300 (default)
2019-09-19 14:04:52,708 [pool-58-thread-1] INFO  server.RaftServerConfigKeys (ConfUtils.java:logGet(43)) - raft.server.log.appender.install.snapshot.enabled = false (custom)
2019-09-19 14:04:52,708 [pool-58-thread-1] INFO  impl.RaftServerImpl (ServerState.java:<init>(105)) - dcc77c7b-1d37-448d-8d57-43d254561693:group-F1AB8729C726 ConfigurationManager, init=-1: [dcc77c7b-1d37-448d-8d57-43d254561693:192.168.157.226:34527], old=null, confs=<EMPTY_MAP>
2019-09-19 14:04:52,708 [pool-58-thread-1] INFO  server.RaftServerConfigKeys (ConfUtils.java:logGet(43)) - raft.server.storage.dir = [/workdir/hadoop-ozone/integration-test/target/test-dir/MiniOzoneClusterImpl-3b2755de-4cfe-4b43-9e0d-73dd8eda8f75/datanode-0/data/ratis] (custom)
2019-09-19 14:04:52,709 [pool-58-thread-1] INFO  storage.RaftStorageDirectory (RaftStorageDirectory.java:analyzeStorage(246)) - The storage directory /workdir/hadoop-ozone/integration-test/target/test-dir/MiniOzoneClusterImpl-3b2755de-4cfe-4b43-9e0d-73dd8eda8f75/datanode-0/data/ratis/69bb65d1-9de7-4beb-a688-f1ab8729c726 does not exist. Creating ...
2019-09-19 14:04:52,711 [Thread-3995] INFO  impl.FollowerState (FollowerState.java:run(106)) - dcc77c7b-1d37-448d-8d57-43d254561693:group-5D47684A3372 changes to CANDIDATE, lastRpcTime:5153, electionTimeout:5153ms
2019-09-19 14:04:52,711 [Thread-3995] INFO  impl.RoleInfo (RoleInfo.java:shutdownFollowerState(121)) - dcc77c7b-1d37-448d-8d57-43d254561693: shutdown FollowerState
2019-09-19 14:04:52,711 [Thread-3995] INFO  impl.RaftServerImpl (RaftServerImpl.java:setRole(171)) - dcc77c7b-1d37-448d-8d57-43d254561693:group-5D47684A3372 changes role from FOLLOWER to CANDIDATE at term 0 for changeToCandidate
2019-09-19 14:04:52,711 [Thread-3995] INFO  impl.RoleInfo (RoleInfo.java:updateAndGet(143)) - dcc77c7b-1d37-448d-8d57-43d254561693: start LeaderElection
2019-09-19 14:04:52,728 [Thread-3992] INFO  impl.FollowerState (FollowerState.java:run(106)) - dcc77c7b-1d37-448d-8d57-43d254561693:group-91150A374F4B changes to CANDIDATE, lastRpcTime:5198, electionTimeout:5198ms
2019-09-19 14:04:52,728 [Thread-3992] INFO  impl.RoleInfo (RoleInfo.java:shutdownFollowerState(121)) - dcc77c7b-1d37-448d-8d57-43d254561693: shutdown FollowerState
2019-09-19 14:04:52,728 [Thread-3992] INFO  impl.RaftServerImpl (RaftServerImpl.java:setRole(171)) - dcc77c7b-1d37-448d-8d57-43d254561693:group-91150A374F4B changes role from FOLLOWER to CANDIDATE at term 0 for changeToCandidate
2019-09-19 14:04:52,728 [Thread-3992] INFO  impl.RoleInfo (RoleInfo.java:updateAndGet(143)) - dcc77c7b-1d37-448d-8d57-43d254561693: start LeaderElection
2019-09-19 14:04:52,737 [pool-58-thread-1] INFO  storage.RaftStorageDirectory (RaftStorageDirectory.java:tryLock(328)) - Lock on /workdir/hadoop-ozone/integration-test/target/test-dir/MiniOzoneClusterImpl-3b2755de-4cfe-4b43-9e0d-73dd8eda8f75/datanode-0/data/ratis/69bb65d1-9de7-4beb-a688-f1ab8729c726/in_use.lock acquired by nodename 30982@pr-hdds-1569-swxfz-3172132826
2019-09-19 14:04:52,737 [dcc77c7b-1d37-448d-8d57-43d254561693:group-5D47684A3372:LeaderElection516] INFO  impl.LeaderElection (LeaderElection.java:askForVotes(181)) - dcc77c7b-1d37-448d-8d57-43d254561693:group-5D47684A3372:LeaderElection516: begin an election at term 1 for -1: [dcc77c7b-1d37-448d-8d57-43d254561693:192.168.157.226:34527], old=null
2019-09-19 14:04:52,737 [dcc77c7b-1d37-448d-8d57-43d254561693:group-5D47684A3372:LeaderElection516] INFO  impl.RoleInfo (RoleInfo.java:shutdownLeaderElection(134)) - dcc77c7b-1d37-448d-8d57-43d254561693: shutdown LeaderElection
2019-09-19 14:04:52,737 [dcc77c7b-1d37-448d-8d57-43d254561693:group-91150A374F4B:LeaderElection517] INFO  impl.LeaderElection (LeaderElection.java:askForVotes(181)) - dcc77c7b-1d37-448d-8d57-43d254561693:group-91150A374F4B:LeaderElection517: begin an election at term 1 for -1: [dcc77c7b-1d37-448d-8d57-43d254561693:192.168.157.226:34527], old=null
2019-09-19 14:04:52,738 [dcc77c7b-1d37-448d-8d57-43d254561693:group-5D47684A3372:LeaderElection516] INFO  impl.RaftServerImpl (RaftServerImpl.java:setRole(171)) - dcc77c7b-1d37-448d-8d57-43d254561693:group-5D47684A3372 changes role from CANDIDATE to LEADER at term 1 for changeToLeader
2019-09-19 14:04:52,738 [dcc77c7b-1d37-448d-8d57-43d254561693:group-91150A374F4B:LeaderElection517] INFO  impl.RoleInfo (RoleInfo.java:shutdownLeaderElection(134)) - dcc77c7b-1d37-448d-8d57-43d254561693: shutdown LeaderElection
2019-09-19 14:04:52,738 [dcc77c7b-1d37-448d-8d57-43d254561693:group-91150A374F4B:LeaderElection517] INFO  impl.RaftServerImpl (RaftServerImpl.java:setRole(171)) - dcc77c7b-1d37-448d-8d57-43d254561693:group-91150A374F4B changes role from CANDIDATE to LEADER at term 1 for changeToLeader
2019-09-19 14:04:52,738 [dcc77c7b-1d37-448d-8d57-43d254561693:group-91150A374F4B:LeaderElection517] INFO  impl.RaftServerImpl (ServerState.java:setLeader(263)) - dcc77c7b-1d37-448d-8d57-43d254561693:group-91150A374F4B change Leader from null to dcc77c7b-1d37-448d-8d57-43d254561693 at term 1 for becomeLeader, leader elected after 5212ms
2019-09-19 14:04:52,738 [dcc77c7b-1d37-448d-8d57-43d254561693:group-5D47684A3372:LeaderElection516] INFO  impl.RaftServerImpl (ServerState.java:setLeader(263)) - dcc77c7b-1d37-448d-8d57-43d254561693:group-5D47684A3372 change Leader from null to dcc77c7b-1d37-448d-8d57-43d254561693 at term 1 for becomeLeader, leader elected after 5183ms
2019-09-19 14:04:52,738 [dcc77c7b-1d37-448d-8d57-43d254561693:group-91150A374F4B:LeaderElection517] INFO  server.RaftServerConfigKeys (ConfUtils.java:logGet(43)) - raft.server.staging.catchup.gap = 1000 (default)
2019-09-19 14:04:52,738 [dcc77c7b-1d37-448d-8d57-43d254561693:group-5D47684A3372:LeaderElection516] INFO  server.RaftServerConfigKeys (ConfUtils.java:logGet(43)) - raft.server.staging.catchup.gap = 1000 (default)
2019-09-19 14:04:52,738 [dcc77c7b-1d37-448d-8d57-43d254561693:group-91150A374F4B:LeaderElection517] INFO  server.RaftServerConfigKeys (ConfUtils.java:logGet(43)) - raft.server.rpc.sleep.time = 25ms (default)
2019-09-19 14:04:52,738 [dcc77c7b-1d37-448d-8d57-43d254561693:group-5D47684A3372:LeaderElection516] INFO  server.RaftServerConfigKeys (ConfUtils.java:logGet(43)) - raft.server.rpc.sleep.time = 25ms (default)
2019-09-19 14:04:52,739 [dcc77c7b-1d37-448d-8d57-43d254561693:group-91150A374F4B:LeaderElection517] INFO  server.RaftServerConfigKeys (ConfUtils.java:logGet(43)) - raft.server.write.element-limit = 4096 (default)
2019-09-19 14:04:52,739 [dcc77c7b-1d37-448d-8d57-43d254561693:group-5D47684A3372:LeaderElection516] INFO  server.RaftServerConfigKeys (ConfUtils.java:logGet(43)) - raft.server.write.element-limit = 4096 (default)
2019-09-19 14:04:52,739 [dcc77c7b-1d37-448d-8d57-43d254561693:group-91150A374F4B:LeaderElection517] INFO  server.RaftServerConfigKeys (ConfUtils.java:logGet(43)) - raft.server.watch.timeout = 10s (default)
2019-09-19 14:04:52,739 [dcc77c7b-1d37-448d-8d57-43d254561693:group-5D47684A3372:LeaderElection516] INFO  server.RaftServerConfigKeys (ConfUtils.java:logGet(43)) - raft.server.watch.timeout = 10s (default)
2019-09-19 14:04:52,739 [dcc77c7b-1d37-448d-8d57-43d254561693:group-91150A374F4B:LeaderElection517] INFO  server.RaftServerConfigKeys (ConfUtils.java:logGet(43)) - raft.server.watch.timeout.denomination = 1s (default)
2019-09-19 14:04:52,739 [dcc77c7b-1d37-448d-8d57-43d254561693:group-5D47684A3372:LeaderElection516] INFO  server.RaftServerConfigKeys (ConfUtils.java:logGet(43)) - raft.server.watch.timeout.denomination = 1s (default)
2019-09-19 14:04:52,739 [dcc77c7b-1d37-448d-8d57-43d254561693:group-91150A374F4B:LeaderElection517] INFO  server.RaftServerConfigKeys (ConfUtils.java:logGet(43)) - raft.server.watch.element-limit = 65536 (default)
2019-09-19 14:04:52,739 [dcc77c7b-1d37-448d-8d57-43d254561693:group-5D47684A3372:LeaderElection516] INFO  server.RaftServerConfigKeys (ConfUtils.java:logGet(43)) - raft.server.watch.element-limit = 65536 (default)
2019-09-19 14:04:52,739 [dcc77c7b-1d37-448d-8d57-43d254561693:group-91150A374F4B:LeaderElection517] INFO  impl.RoleInfo (RoleInfo.java:updateAndGet(143)) - dcc77c7b-1d37-448d-8d57-43d254561693: start LeaderState
2019-09-19 14:04:52,740 [dcc77c7b-1d37-448d-8d57-43d254561693:group-5D47684A3372:LeaderElection516] INFO  impl.RoleInfo (RoleInfo.java:updateAndGet(143)) - dcc77c7b-1d37-448d-8d57-43d254561693: start LeaderState
2019-09-19 14:04:52,740 [dcc77c7b-1d37-448d-8d57-43d254561693:group-91150A374F4B:LeaderElection517] INFO  segmented.SegmentedRaftLogWorker (SegmentedRaftLogWorker.java:startLogSegment(380)) - dcc77c7b-1d37-448d-8d57-43d254561693-SegmentedRaftLogWorker:Storage Directory /workdir/hadoop-ozone/integration-test/target/test-dir/MiniOzoneClusterImpl-3b2755de-4cfe-4b43-9e0d-73dd8eda8f75/datanode-0/data/ratis/8e10e65b-e1e3-486f-910a-91150a374f4b: Starting segment from index:0
2019-09-19 14:04:52,740 [dcc77c7b-1d37-448d-8d57-43d254561693:group-5D47684A3372:LeaderElection516] INFO  segmented.SegmentedRaftLogWorker (SegmentedRaftLogWorker.java:startLogSegment(380)) - dcc77c7b-1d37-448d-8d57-43d254561693-SegmentedRaftLogWorker:Storage Directory /workdir/hadoop-ozone/integration-test/target/test-dir/MiniOzoneClusterImpl-3b2755de-4cfe-4b43-9e0d-73dd8eda8f75/datanode-0/data/ratis/f0f8217d-d56c-48c8-b7d1-5d47684a3372: Starting segment from index:0
2019-09-19 14:04:52,740 [dcc77c7b-1d37-448d-8d57-43d254561693:group-91150A374F4B:LeaderElection517] INFO  impl.RaftServerImpl (ServerState.java:setRaftConf(361)) - dcc77c7b-1d37-448d-8d57-43d254561693:group-91150A374F4B set configuration 0: [dcc77c7b-1d37-448d-8d57-43d254561693:192.168.157.226:34527], old=null at 0
2019-09-19 14:04:52,740 [dcc77c7b-1d37-448d-8d57-43d254561693:group-5D47684A3372:LeaderElection516] INFO  impl.RaftServerImpl (ServerState.java:setRaftConf(361)) - dcc77c7b-1d37-448d-8d57-43d254561693:group-5D47684A3372 set configuration 0: [dcc77c7b-1d37-448d-8d57-43d254561693:192.168.157.226:34527], old=null at 0
2019-09-19 14:04:52,792 [pool-58-thread-1] INFO  storage.RaftStorage (RaftStorage.java:format(72)) - Storage directory /workdir/hadoop-ozone/integration-test/target/test-dir/MiniOzoneClusterImpl-3b2755de-4cfe-4b43-9e0d-73dd8eda8f75/datanode-0/data/ratis/69bb65d1-9de7-4beb-a688-f1ab8729c726 has been successfully formatted.
2019-09-19 14:04:52,793 [pool-58-thread-1] INFO  ratis.ContainerStateMachine (ContainerStateMachine.java:loadSnapshot(226)) - group-F1AB8729C726: The snapshot info is null. Setting the last applied indexto:(t:0, i:~)
2019-09-19 14:04:52,793 [pool-58-thread-1] INFO  server.RaftServerConfigKeys (ConfUtils.java:logGet(43)) - raft.server.leader.election.timeout = 120s (custom)
2019-09-19 14:04:52,793 [pool-58-thread-1] INFO  server.RaftServerConfigKeys (ConfUtils.java:logGet(43)) - raft.server.log.use.memory = false (default)
2019-09-19 14:04:52,793 [pool-58-thread-1] INFO  server.RaftServerConfigKeys (ConfUtils.java:logGet(43)) - raft.server.log.purge.gap = 1000000 (custom)
2019-09-19 14:04:52,793 [pool-58-thread-1] INFO  server.RaftServerConfigKeys (ConfUtils.java:logGet(43)) - raft.server.log.appender.buffer.byte-limit = 33554432 (custom)
2019-09-19 14:04:52,793 | INFO  | SCMAudit | user=jenkins1000 | ip=192.168.157.226 | op=SEND_HEARTBEAT {datanodeUUID=dcc77c7b-1d37-448d-8d57-43d254561693, command=[]} | ret=SUCCESS |  
2019-09-19 14:04:52,793 [pool-58-thread-1] INFO  server.RaftServerConfigKeys (ConfUtils.java:logGet(43)) - raft.server.log.segment.size.max = 1048576 (custom)
2019-09-19 14:04:52,794 [pool-58-thread-1] INFO  server.RaftServerConfigKeys (ConfUtils.java:logGet(43)) - raft.server.log.segment.cache.num.max = 2 (custom)
2019-09-19 14:04:52,794 [pool-58-thread-1] INFO  segmented.SegmentedRaftLogWorker (SegmentedRaftLogWorker.java:<init>(172)) - new dcc77c7b-1d37-448d-8d57-43d254561693-SegmentedRaftLogWorker:Storage Directory /workdir/hadoop-ozone/integration-test/target/test-dir/MiniOzoneClusterImpl-3b2755de-4cfe-4b43-9e0d-73dd8eda8f75/datanode-0/data/ratis/69bb65d1-9de7-4beb-a688-f1ab8729c726 for RaftStorage:Storage Directory /workdir/hadoop-ozone/integration-test/target/test-dir/MiniOzoneClusterImpl-3b2755de-4cfe-4b43-9e0d-73dd8eda8f75/datanode-0/data/ratis/69bb65d1-9de7-4beb-a688-f1ab8729c726
2019-09-19 14:04:52,794 [pool-58-thread-1] INFO  server.RaftServerConfigKeys (ConfUtils.java:logGet(43)) - raft.server.log.queue.byte-limit = 2147483647 (custom)
2019-09-19 14:04:52,794 [pool-58-thread-1] INFO  server.RaftServerConfigKeys (ConfUtils.java:logGet(43)) - raft.server.log.queue.element-limit = 1024 (custom)
2019-09-19 14:04:52,794 [pool-58-thread-1] INFO  server.RaftServerConfigKeys (ConfUtils.java:logGet(43)) - raft.server.log.segment.size.max = 1048576 (custom)
2019-09-19 14:04:52,794 [pool-58-thread-1] INFO  server.RaftServerConfigKeys (ConfUtils.java:logGet(43)) - raft.server.log.preallocated.size = 16384 (custom)
2019-09-19 14:04:52,794 [pool-58-thread-1] INFO  server.RaftServerConfigKeys (ConfUtils.java:logGet(43)) - raft.server.log.write.buffer.size = 33554432 (custom)
2019-09-19 14:04:52,794 [pool-58-thread-1] INFO  server.RaftServerConfigKeys (ConfUtils.java:logGet(43)) - raft.server.log.force.sync.num = 128 (default)
2019-09-19 14:04:52,795 [pool-58-thread-1] INFO  server.RaftServerConfigKeys (ConfUtils.java:logGet(43)) - raft.server.log.statemachine.data.sync = true (default)
2019-09-19 14:04:52,795 [pool-58-thread-1] INFO  server.RaftServerConfigKeys (ConfUtils.java:logGet(43)) - raft.server.log.statemachine.data.sync.timeout = 10s (default)
2019-09-19 14:04:52,795 [pool-58-thread-1] INFO  server.RaftServerConfigKeys (ConfUtils.java:logGet(43)) - raft.server.log.statemachine.data.sync.timeout.retry = -1 (default)
2019-09-19 14:04:52,795 [pool-58-thread-1] INFO  server.RaftServerConfigKeys (ConfUtils.java:logGet(43)) - raft.server.log.statemachine.data.caching.enabled = true (custom)
2019-09-19 14:04:52,795 [pool-58-thread-1] INFO  segmented.SegmentedRaftLogWorker (SegmentedRaftLogWorker.java:lambda$new$0(132)) - dcc77c7b-1d37-448d-8d57-43d254561693-SegmentedRaftLogWorker:Storage Directory /workdir/hadoop-ozone/integration-test/target/test-dir/MiniOzoneClusterImpl-3b2755de-4cfe-4b43-9e0d-73dd8eda8f75/datanode-0/data/ratis/69bb65d1-9de7-4beb-a688-f1ab8729c726: flushIndex: setUnconditionally 0 -> -1
2019-09-19 14:04:52,795 [pool-58-thread-1] INFO  server.RaftServerConfigKeys (ConfUtils.java:logGet(43)) - raft.server.snapshot.auto.trigger.enabled = true (custom)
2019-09-19 14:04:52,795 [pool-58-thread-1] INFO  server.RaftServerConfigKeys (ConfUtils.java:logGet(43)) - raft.server.snapshot.auto.trigger.threshold = 1 (custom)
2019-09-19 14:04:52,796 [pool-58-thread-1] INFO  server.RaftServerConfigKeys (ConfUtils.java:logGet(43)) - raft.server.retrycache.expirytime = 600000ms (custom)
2019-09-19 14:04:52,796 [pool-58-thread-1] INFO  impl.RaftServerImpl (RaftServerImpl.java:start(180)) - dcc77c7b-1d37-448d-8d57-43d254561693: start group-F1AB8729C726
2019-09-19 14:04:52,796 [pool-58-thread-1] INFO  impl.RaftServerImpl (RaftServerImpl.java:setRole(171)) - dcc77c7b-1d37-448d-8d57-43d254561693:group-F1AB8729C726 changes role from null to FOLLOWER at term 0 for startAsFollower
2019-09-19 14:04:52,796 [pool-58-thread-1] INFO  impl.RoleInfo (RoleInfo.java:updateAndGet(143)) - dcc77c7b-1d37-448d-8d57-43d254561693: start FollowerState
2019-09-19 14:04:52,796 [pool-58-thread-1] INFO  util.JmxRegister (JmxRegister.java:tryRegister(44)) - Successfully registered JMX Bean with object name Ratis:service=RaftServer,group=group-F1AB8729C726,id=dcc77c7b-1d37-448d-8d57-43d254561693
2019-09-19 14:04:52,798 [RatisPipelineUtilsThread] INFO  pipeline.PipelineStateManager (PipelineStateManager.java:addPipeline(56)) - Created pipeline Pipeline[ Id: 69bb65d1-9de7-4beb-a688-f1ab8729c726, Nodes: dcc77c7b-1d37-448d-8d57-43d254561693{ip: 192.168.157.226, host: pr-hdds-1569-swxfz-3172132826, networkLocation: /default-rack, certSerialId: null}, Type:RATIS, Factor:ONE, State:OPEN]
2019-09-19 14:04:52,800 [grpc-default-executor-1] INFO  impl.RaftServerProxy (RaftServerProxy.java:addNew(89)) - dcc77c7b-1d37-448d-8d57-43d254561693: addNew group-CC8CAE5134C7:[dcc77c7b-1d37-448d-8d57-43d254561693:192.168.157.226:34527] returns group-CC8CAE5134C7:java.util.concurrent.CompletableFuture@6d868a6b[Not completed]
2019-09-19 14:04:52,801 [pool-58-thread-1] INFO  impl.RaftServerImpl (RaftServerImpl.java:<init>(93)) - dcc77c7b-1d37-448d-8d57-43d254561693: new RaftServerImpl for group-CC8CAE5134C7:[dcc77c7b-1d37-448d-8d57-43d254561693:192.168.157.226:34527] with ContainerStateMachine:uninitialized
2019-09-19 14:04:52,801 [pool-58-thread-1] INFO  server.RaftServerConfigKeys (ConfUtils.java:logGet(43)) - raft.server.rpc.timeout.min = 5s (custom)
2019-09-19 14:04:52,801 [pool-58-thread-1] INFO  server.RaftServerConfigKeys (ConfUtils.java:logGet(43)) - raft.server.rpc.timeout.max = 5200ms (custom)
2019-09-19 14:04:52,801 [pool-58-thread-1] INFO  server.RaftServerConfigKeys (ConfUtils.java:logGet(43)) - raft.server.rpcslowness.timeout = 120s (custom)
2019-09-19 14:04:52,801 [pool-58-thread-1] INFO  server.RaftServerConfigKeys (ConfUtils.java:logGet(43)) - raft.server.sleep.deviation.threshold = 300 (default)
2019-09-19 14:04:52,801 [pool-58-thread-1] INFO  server.RaftServerConfigKeys (ConfUtils.java:logGet(43)) - raft.server.log.appender.install.snapshot.enabled = false (custom)
2019-09-19 14:04:52,801 [pool-58-thread-1] INFO  impl.RaftServerImpl (ServerState.java:<init>(105)) - dcc77c7b-1d37-448d-8d57-43d254561693:group-CC8CAE5134C7 ConfigurationManager, init=-1: [dcc77c7b-1d37-448d-8d57-43d254561693:192.168.157.226:34527], old=null, confs=<EMPTY_MAP>
2019-09-19 14:04:52,802 [pool-58-thread-1] INFO  server.RaftServerConfigKeys (ConfUtils.java:logGet(43)) - raft.server.storage.dir = [/workdir/hadoop-ozone/integration-test/target/test-dir/MiniOzoneClusterImpl-3b2755de-4cfe-4b43-9e0d-73dd8eda8f75/datanode-0/data/ratis] (custom)
2019-09-19 14:04:52,802 [pool-58-thread-1] INFO  storage.RaftStorageDirectory (RaftStorageDirectory.java:analyzeStorage(246)) - The storage directory /workdir/hadoop-ozone/integration-test/target/test-dir/MiniOzoneClusterImpl-3b2755de-4cfe-4b43-9e0d-73dd8eda8f75/datanode-0/data/ratis/d940fc8f-6058-456e-94c6-cc8cae5134c7 does not exist. Creating ...
2019-09-19 14:04:52,805 [pool-58-thread-1] INFO  storage.RaftStorageDirectory (RaftStorageDirectory.java:tryLock(328)) - Lock on /workdir/hadoop-ozone/integration-test/target/test-dir/MiniOzoneClusterImpl-3b2755de-4cfe-4b43-9e0d-73dd8eda8f75/datanode-0/data/ratis/d940fc8f-6058-456e-94c6-cc8cae5134c7/in_use.lock acquired by nodename 30982@pr-hdds-1569-swxfz-3172132826
2019-09-19 14:04:52,805 [dcc77c7b-1d37-448d-8d57-43d254561693-SegmentedRaftLogWorker:Storage Directory /workdir/hadoop-ozone/integration-test/target/test-dir/MiniOzoneClusterImpl-3b2755de-4cfe-4b43-9e0d-73dd8eda8f75/datanode-0/data/ratis/f0f8217d-d56c-48c8-b7d1-5d47684a3372] INFO  segmented.SegmentedRaftLogWorker (SegmentedRaftLogWorker.java:execute(569)) - dcc77c7b-1d37-448d-8d57-43d254561693-SegmentedRaftLogWorker:Storage Directory /workdir/hadoop-ozone/integration-test/target/test-dir/MiniOzoneClusterImpl-3b2755de-4cfe-4b43-9e0d-73dd8eda8f75/datanode-0/data/ratis/f0f8217d-d56c-48c8-b7d1-5d47684a3372: created new log segment /workdir/hadoop-ozone/integration-test/target/test-dir/MiniOzoneClusterImpl-3b2755de-4cfe-4b43-9e0d-73dd8eda8f75/datanode-0/data/ratis/f0f8217d-d56c-48c8-b7d1-5d47684a3372/current/log_inprogress_0
2019-09-19 14:04:52,805 [dcc77c7b-1d37-448d-8d57-43d254561693-SegmentedRaftLogWorker:Storage Directory /workdir/hadoop-ozone/integration-test/target/test-dir/MiniOzoneClusterImpl-3b2755de-4cfe-4b43-9e0d-73dd8eda8f75/datanode-0/data/ratis/8e10e65b-e1e3-486f-910a-91150a374f4b] INFO  segmented.SegmentedRaftLogWorker (SegmentedRaftLogWorker.java:execute(569)) - dcc77c7b-1d37-448d-8d57-43d254561693-SegmentedRaftLogWorker:Storage Directory /workdir/hadoop-ozone/integration-test/target/test-dir/MiniOzoneClusterImpl-3b2755de-4cfe-4b43-9e0d-73dd8eda8f75/datanode-0/data/ratis/8e10e65b-e1e3-486f-910a-91150a374f4b: created new log segment /workdir/hadoop-ozone/integration-test/target/test-dir/MiniOzoneClusterImpl-3b2755de-4cfe-4b43-9e0d-73dd8eda8f75/datanode-0/data/ratis/8e10e65b-e1e3-486f-910a-91150a374f4b/current/log_inprogress_0
2019-09-19 14:04:52,805 [Thread-3998] INFO  impl.FollowerState (FollowerState.java:run(106)) - dcc77c7b-1d37-448d-8d57-43d254561693:group-DA3DDB8E4753 changes to CANDIDATE, lastRpcTime:5229, electionTimeout:5021ms
2019-09-19 14:04:52,806 [Thread-3998] INFO  impl.RoleInfo (RoleInfo.java:shutdownFollowerState(121)) - dcc77c7b-1d37-448d-8d57-43d254561693: shutdown FollowerState
2019-09-19 14:04:52,806 [Thread-3998] INFO  impl.RaftServerImpl (RaftServerImpl.java:setRole(171)) - dcc77c7b-1d37-448d-8d57-43d254561693:group-DA3DDB8E4753 changes role from FOLLOWER to CANDIDATE at term 0 for changeToCandidate
2019-09-19 14:04:52,806 [Thread-3998] INFO  impl.RoleInfo (RoleInfo.java:updateAndGet(143)) - dcc77c7b-1d37-448d-8d57-43d254561693: start LeaderElection
2019-09-19 14:04:52,819 [dcc77c7b-1d37-448d-8d57-43d254561693:group-DA3DDB8E4753:LeaderElection518] INFO  impl.LeaderElection (LeaderElection.java:askForVotes(181)) - dcc77c7b-1d37-448d-8d57-43d254561693:group-DA3DDB8E4753:LeaderElection518: begin an election at term 1 for -1: [dcc77c7b-1d37-448d-8d57-43d254561693:192.168.157.226:34527], old=null
2019-09-19 14:04:52,819 [pool-58-thread-1] INFO  storage.RaftStorage (RaftStorage.java:format(72)) - Storage directory /workdir/hadoop-ozone/integration-test/target/test-dir/MiniOzoneClusterImpl-3b2755de-4cfe-4b43-9e0d-73dd8eda8f75/datanode-0/data/ratis/d940fc8f-6058-456e-94c6-cc8cae5134c7 has been successfully formatted.
2019-09-19 14:04:52,819 [dcc77c7b-1d37-448d-8d57-43d254561693:group-DA3DDB8E4753:LeaderElection518] INFO  impl.RoleInfo (RoleInfo.java:shutdownLeaderElection(134)) - dcc77c7b-1d37-448d-8d57-43d254561693: shutdown LeaderElection
2019-09-19 14:04:52,819 [dcc77c7b-1d37-448d-8d57-43d254561693:group-DA3DDB8E4753:LeaderElection518] INFO  impl.RaftServerImpl (RaftServerImpl.java:setRole(171)) - dcc77c7b-1d37-448d-8d57-43d254561693:group-DA3DDB8E4753 changes role from CANDIDATE to LEADER at term 1 for changeToLeader
2019-09-19 14:04:52,819 [pool-58-thread-1] INFO  ratis.ContainerStateMachine (ContainerStateMachine.java:loadSnapshot(226)) - group-CC8CAE5134C7: The snapshot info is null. Setting the last applied indexto:(t:0, i:~)
2019-09-19 14:04:52,819 [dcc77c7b-1d37-448d-8d57-43d254561693:group-DA3DDB8E4753:LeaderElection518] INFO  impl.RaftServerImpl (ServerState.java:setLeader(263)) - dcc77c7b-1d37-448d-8d57-43d254561693:group-DA3DDB8E4753 change Leader from null to dcc77c7b-1d37-448d-8d57-43d254561693 at term 1 for becomeLeader, leader elected after 5246ms
2019-09-19 14:04:52,819 [pool-58-thread-1] INFO  server.RaftServerConfigKeys (ConfUtils.java:logGet(43)) - raft.server.leader.election.timeout = 120s (custom)
2019-09-19 14:04:52,820 [dcc77c7b-1d37-448d-8d57-43d254561693:group-DA3DDB8E4753:LeaderElection518] INFO  server.RaftServerConfigKeys (ConfUtils.java:logGet(43)) - raft.server.staging.catchup.gap = 1000 (default)
2019-09-19 14:04:52,820 [pool-58-thread-1] INFO  server.RaftServerConfigKeys (ConfUtils.java:logGet(43)) - raft.server.log.use.memory = false (default)
2019-09-19 14:04:52,820 [dcc77c7b-1d37-448d-8d57-43d254561693:group-DA3DDB8E4753:LeaderElection518] INFO  server.RaftServerConfigKeys (ConfUtils.java:logGet(43)) - raft.server.rpc.sleep.time = 25ms (default)
2019-09-19 14:04:52,820 [pool-58-thread-1] INFO  server.RaftServerConfigKeys (ConfUtils.java:logGet(43)) - raft.server.log.purge.gap = 1000000 (custom)
2019-09-19 14:04:52,820 [dcc77c7b-1d37-448d-8d57-43d254561693:group-DA3DDB8E4753:LeaderElection518] INFO  server.RaftServerConfigKeys (ConfUtils.java:logGet(43)) - raft.server.write.element-limit = 4096 (default)
2019-09-19 14:04:52,820 [pool-58-thread-1] INFO  server.RaftServerConfigKeys (ConfUtils.java:logGet(43)) - raft.server.log.appender.buffer.byte-limit = 33554432 (custom)
2019-09-19 14:04:52,820 [dcc77c7b-1d37-448d-8d57-43d254561693:group-DA3DDB8E4753:LeaderElection518] INFO  server.RaftServerConfigKeys (ConfUtils.java:logGet(43)) - raft.server.watch.timeout = 10s (default)
2019-09-19 14:04:52,820 [pool-58-thread-1] INFO  server.RaftServerConfigKeys (ConfUtils.java:logGet(43)) - raft.server.log.segment.size.max = 1048576 (custom)
2019-09-19 14:04:52,820 [dcc77c7b-1d37-448d-8d57-43d254561693:group-DA3DDB8E4753:LeaderElection518] INFO  server.RaftServerConfigKeys (ConfUtils.java:logGet(43)) - raft.server.watch.timeout.denomination = 1s (default)
2019-09-19 14:04:52,821 [pool-58-thread-1] INFO  server.RaftServerConfigKeys (ConfUtils.java:logGet(43)) - raft.server.log.segment.cache.num.max = 2 (custom)
2019-09-19 14:04:52,821 [dcc77c7b-1d37-448d-8d57-43d254561693:group-DA3DDB8E4753:LeaderElection518] INFO  server.RaftServerConfigKeys (ConfUtils.java:logGet(43)) - raft.server.watch.element-limit = 65536 (default)
2019-09-19 14:04:52,821 [pool-58-thread-1] INFO  segmented.SegmentedRaftLogWorker (SegmentedRaftLogWorker.java:<init>(172)) - new dcc77c7b-1d37-448d-8d57-43d254561693-SegmentedRaftLogWorker:Storage Directory /workdir/hadoop-ozone/integration-test/target/test-dir/MiniOzoneClusterImpl-3b2755de-4cfe-4b43-9e0d-73dd8eda8f75/datanode-0/data/ratis/d940fc8f-6058-456e-94c6-cc8cae5134c7 for RaftStorage:Storage Directory /workdir/hadoop-ozone/integration-test/target/test-dir/MiniOzoneClusterImpl-3b2755de-4cfe-4b43-9e0d-73dd8eda8f75/datanode-0/data/ratis/d940fc8f-6058-456e-94c6-cc8cae5134c7
2019-09-19 14:04:52,821 [dcc77c7b-1d37-448d-8d57-43d254561693:group-DA3DDB8E4753:LeaderElection518] INFO  impl.RoleInfo (RoleInfo.java:updateAndGet(143)) - dcc77c7b-1d37-448d-8d57-43d254561693: start LeaderState
2019-09-19 14:04:52,821 [pool-58-thread-1] INFO  server.RaftServerConfigKeys (ConfUtils.java:logGet(43)) - raft.server.log.queue.byte-limit = 2147483647 (custom)
2019-09-19 14:04:52,821 [dcc77c7b-1d37-448d-8d57-43d254561693:group-DA3DDB8E4753:LeaderElection518] INFO  segmented.SegmentedRaftLogWorker (SegmentedRaftLogWorker.java:startLogSegment(380)) - dcc77c7b-1d37-448d-8d57-43d254561693-SegmentedRaftLogWorker:Storage Directory /workdir/hadoop-ozone/integration-test/target/test-dir/MiniOzoneClusterImpl-3b2755de-4cfe-4b43-9e0d-73dd8eda8f75/datanode-0/data/ratis/268aaea9-f264-4889-a3ed-da3ddb8e4753: Starting segment from index:0
2019-09-19 14:04:52,821 [pool-58-thread-1] INFO  server.RaftServerConfigKeys (ConfUtils.java:logGet(43)) - raft.server.log.queue.element-limit = 1024 (custom)
2019-09-19 14:04:52,822 [pool-58-thread-1] INFO  server.RaftServerConfigKeys (ConfUtils.java:logGet(43)) - raft.server.log.segment.size.max = 1048576 (custom)
2019-09-19 14:04:52,822 [dcc77c7b-1d37-448d-8d57-43d254561693:group-DA3DDB8E4753:LeaderElection518] INFO  impl.RaftServerImpl (ServerState.java:setRaftConf(361)) - dcc77c7b-1d37-448d-8d57-43d254561693:group-DA3DDB8E4753 set configuration 0: [dcc77c7b-1d37-448d-8d57-43d254561693:192.168.157.226:34527], old=null at 0
2019-09-19 14:04:52,822 [pool-58-thread-1] INFO  server.RaftServerConfigKeys (ConfUtils.java:logGet(43)) - raft.server.log.preallocated.size = 16384 (custom)
2019-09-19 14:04:52,822 [pool-58-thread-1] INFO  server.RaftServerConfigKeys (ConfUtils.java:logGet(43)) - raft.server.log.write.buffer.size = 33554432 (custom)
2019-09-19 14:04:52,822 [pool-58-thread-1] INFO  server.RaftServerConfigKeys (ConfUtils.java:logGet(43)) - raft.server.log.force.sync.num = 128 (default)
2019-09-19 14:04:52,822 [pool-58-thread-1] INFO  server.RaftServerConfigKeys (ConfUtils.java:logGet(43)) - raft.server.log.statemachine.data.sync = true (default)
2019-09-19 14:04:52,822 [pool-58-thread-1] INFO  server.RaftServerConfigKeys (ConfUtils.java:logGet(43)) - raft.server.log.statemachine.data.sync.timeout = 10s (default)
2019-09-19 14:04:52,823 [pool-58-thread-1] INFO  server.RaftServerConfigKeys (ConfUtils.java:logGet(43)) - raft.server.log.statemachine.data.sync.timeout.retry = -1 (default)
2019-09-19 14:04:52,823 [pool-58-thread-1] INFO  server.RaftServerConfigKeys (ConfUtils.java:logGet(43)) - raft.server.log.statemachine.data.caching.enabled = true (custom)
2019-09-19 14:04:52,823 [pool-58-thread-1] INFO  segmented.SegmentedRaftLogWorker (SegmentedRaftLogWorker.java:lambda$new$0(132)) - dcc77c7b-1d37-448d-8d57-43d254561693-SegmentedRaftLogWorker:Storage Directory /workdir/hadoop-ozone/integration-test/target/test-dir/MiniOzoneClusterImpl-3b2755de-4cfe-4b43-9e0d-73dd8eda8f75/datanode-0/data/ratis/d940fc8f-6058-456e-94c6-cc8cae5134c7: flushIndex: setUnconditionally 0 -> -1
2019-09-19 14:04:52,823 [pool-58-thread-1] INFO  server.RaftServerConfigKeys (ConfUtils.java:logGet(43)) - raft.server.snapshot.auto.trigger.enabled = true (custom)
2019-09-19 14:04:52,823 [pool-58-thread-1] INFO  server.RaftServerConfigKeys (ConfUtils.java:logGet(43)) - raft.server.snapshot.auto.trigger.threshold = 1 (custom)
2019-09-19 14:04:52,824 [pool-58-thread-1] INFO  server.RaftServerConfigKeys (ConfUtils.java:logGet(43)) - raft.server.retrycache.expirytime = 600000ms (custom)
2019-09-19 14:04:52,824 [pool-58-thread-1] INFO  impl.RaftServerImpl (RaftServerImpl.java:start(180)) - dcc77c7b-1d37-448d-8d57-43d254561693: start group-CC8CAE5134C7
2019-09-19 14:04:52,824 [pool-58-thread-1] INFO  impl.RaftServerImpl (RaftServerImpl.java:setRole(171)) - dcc77c7b-1d37-448d-8d57-43d254561693:group-CC8CAE5134C7 changes role from null to FOLLOWER at term 0 for startAsFollower
2019-09-19 14:04:52,824 [pool-58-thread-1] INFO  impl.RoleInfo (RoleInfo.java:updateAndGet(143)) - dcc77c7b-1d37-448d-8d57-43d254561693: start FollowerState
2019-09-19 14:04:52,824 [pool-58-thread-1] INFO  util.JmxRegister (JmxRegister.java:tryRegister(44)) - Successfully registered JMX Bean with object name Ratis:service=RaftServer,group=group-CC8CAE5134C7,id=dcc77c7b-1d37-448d-8d57-43d254561693
2019-09-19 14:04:52,826 [RatisPipelineUtilsThread] INFO  pipeline.PipelineStateManager (PipelineStateManager.java:addPipeline(56)) - Created pipeline Pipeline[ Id: d940fc8f-6058-456e-94c6-cc8cae5134c7, Nodes: dcc77c7b-1d37-448d-8d57-43d254561693{ip: 192.168.157.226, host: pr-hdds-1569-swxfz-3172132826, networkLocation: /default-rack, certSerialId: null}, Type:RATIS, Factor:ONE, State:OPEN]
2019-09-19 14:04:52,828 [grpc-default-executor-1] INFO  impl.RaftServerProxy (RaftServerProxy.java:addNew(89)) - dcc77c7b-1d37-448d-8d57-43d254561693: addNew group-B0D529AC88AD:[dcc77c7b-1d37-448d-8d57-43d254561693:192.168.157.226:34527] returns group-B0D529AC88AD:java.util.concurrent.CompletableFuture@36cf790b[Not completed]
2019-09-19 14:04:52,829 [pool-58-thread-1] INFO  impl.RaftServerImpl (RaftServerImpl.java:<init>(93)) - dcc77c7b-1d37-448d-8d57-43d254561693: new RaftServerImpl for group-B0D529AC88AD:[dcc77c7b-1d37-448d-8d57-43d254561693:192.168.157.226:34527] with ContainerStateMachine:uninitialized
2019-09-19 14:04:52,829 [pool-58-thread-1] INFO  server.RaftServerConfigKeys (ConfUtils.java:logGet(43)) - raft.server.rpc.timeout.min = 5s (custom)
2019-09-19 14:04:52,829 [pool-58-thread-1] INFO  server.RaftServerConfigKeys (ConfUtils.java:logGet(43)) - raft.server.rpc.timeout.max = 5200ms (custom)
2019-09-19 14:04:52,829 [pool-58-thread-1] INFO  server.RaftServerConfigKeys (ConfUtils.java:logGet(43)) - raft.server.rpcslowness.timeout = 120s (custom)
2019-09-19 14:04:52,829 [pool-58-thread-1] INFO  server.RaftServerConfigKeys (ConfUtils.java:logGet(43)) - raft.server.sleep.deviation.threshold = 300 (default)
2019-09-19 14:04:52,829 [pool-58-thread-1] INFO  server.RaftServerConfigKeys (ConfUtils.java:logGet(43)) - raft.server.log.appender.install.snapshot.enabled = false (custom)
2019-09-19 14:04:52,829 [pool-58-thread-1] INFO  impl.RaftServerImpl (ServerState.java:<init>(105)) - dcc77c7b-1d37-448d-8d57-43d254561693:group-B0D529AC88AD ConfigurationManager, init=-1: [dcc77c7b-1d37-448d-8d57-43d254561693:192.168.157.226:34527], old=null, confs=<EMPTY_MAP>
2019-09-19 14:04:52,829 [pool-58-thread-1] INFO  server.RaftServerConfigKeys (ConfUtils.java:logGet(43)) - raft.server.storage.dir = [/workdir/hadoop-ozone/integration-test/target/test-dir/MiniOzoneClusterImpl-3b2755de-4cfe-4b43-9e0d-73dd8eda8f75/datanode-0/data/ratis] (custom)
2019-09-19 14:04:52,830 [pool-58-thread-1] INFO  storage.RaftStorageDirectory (RaftStorageDirectory.java:analyzeStorage(246)) - The storage directory /workdir/hadoop-ozone/integration-test/target/test-dir/MiniOzoneClusterImpl-3b2755de-4cfe-4b43-9e0d-73dd8eda8f75/datanode-0/data/ratis/77e33ca6-9136-4002-b503-b0d529ac88ad does not exist. Creating ...
2019-09-19 14:04:52,842 [pool-58-thread-1] INFO  storage.RaftStorageDirectory (RaftStorageDirectory.java:tryLock(328)) - Lock on /workdir/hadoop-ozone/integration-test/target/test-dir/MiniOzoneClusterImpl-3b2755de-4cfe-4b43-9e0d-73dd8eda8f75/datanode-0/data/ratis/77e33ca6-9136-4002-b503-b0d529ac88ad/in_use.lock acquired by nodename 30982@pr-hdds-1569-swxfz-3172132826
2019-09-19 14:04:52,856 [dcc77c7b-1d37-448d-8d57-43d254561693-SegmentedRaftLogWorker:Storage Directory /workdir/hadoop-ozone/integration-test/target/test-dir/MiniOzoneClusterImpl-3b2755de-4cfe-4b43-9e0d-73dd8eda8f75/datanode-0/data/ratis/268aaea9-f264-4889-a3ed-da3ddb8e4753] INFO  segmented.SegmentedRaftLogWorker (SegmentedRaftLogWorker.java:execute(569)) - dcc77c7b-1d37-448d-8d57-43d254561693-SegmentedRaftLogWorker:Storage Directory /workdir/hadoop-ozone/integration-test/target/test-dir/MiniOzoneClusterImpl-3b2755de-4cfe-4b43-9e0d-73dd8eda8f75/datanode-0/data/ratis/268aaea9-f264-4889-a3ed-da3ddb8e4753: created new log segment /workdir/hadoop-ozone/integration-test/target/test-dir/MiniOzoneClusterImpl-3b2755de-4cfe-4b43-9e0d-73dd8eda8f75/datanode-0/data/ratis/268aaea9-f264-4889-a3ed-da3ddb8e4753/current/log_inprogress_0
2019-09-19 14:04:52,856 [pool-58-thread-1] INFO  storage.RaftStorage (RaftStorage.java:format(72)) - Storage directory /workdir/hadoop-ozone/integration-test/target/test-dir/MiniOzoneClusterImpl-3b2755de-4cfe-4b43-9e0d-73dd8eda8f75/datanode-0/data/ratis/77e33ca6-9136-4002-b503-b0d529ac88ad has been successfully formatted.
2019-09-19 14:04:52,856 [pool-58-thread-1] INFO  ratis.ContainerStateMachine (ContainerStateMachine.java:loadSnapshot(226)) - group-B0D529AC88AD: The snapshot info is null. Setting the last applied indexto:(t:0, i:~)
2019-09-19 14:04:52,856 [pool-58-thread-1] INFO  server.RaftServerConfigKeys (ConfUtils.java:logGet(43)) - raft.server.leader.election.timeout = 120s (custom)
2019-09-19 14:04:52,856 [pool-58-thread-1] INFO  server.RaftServerConfigKeys (ConfUtils.java:logGet(43)) - raft.server.log.use.memory = false (default)
2019-09-19 14:04:52,857 [pool-58-thread-1] INFO  server.RaftServerConfigKeys (ConfUtils.java:logGet(43)) - raft.server.log.purge.gap = 1000000 (custom)
2019-09-19 14:04:52,857 [pool-58-thread-1] INFO  server.RaftServerConfigKeys (ConfUtils.java:logGet(43)) - raft.server.log.appender.buffer.byte-limit = 33554432 (custom)
2019-09-19 14:04:52,857 [pool-58-thread-1] INFO  server.RaftServerConfigKeys (ConfUtils.java:logGet(43)) - raft.server.log.segment.size.max = 1048576 (custom)
2019-09-19 14:04:52,857 [pool-58-thread-1] INFO  server.RaftServerConfigKeys (ConfUtils.java:logGet(43)) - raft.server.log.segment.cache.num.max = 2 (custom)
2019-09-19 14:04:52,857 [pool-58-thread-1] INFO  segmented.SegmentedRaftLogWorker (SegmentedRaftLogWorker.java:<init>(172)) - new dcc77c7b-1d37-448d-8d57-43d254561693-SegmentedRaftLogWorker:Storage Directory /workdir/hadoop-ozone/integration-test/target/test-dir/MiniOzoneClusterImpl-3b2755de-4cfe-4b43-9e0d-73dd8eda8f75/datanode-0/data/ratis/77e33ca6-9136-4002-b503-b0d529ac88ad for RaftStorage:Storage Directory /workdir/hadoop-ozone/integration-test/target/test-dir/MiniOzoneClusterImpl-3b2755de-4cfe-4b43-9e0d-73dd8eda8f75/datanode-0/data/ratis/77e33ca6-9136-4002-b503-b0d529ac88ad
2019-09-19 14:04:52,857 [pool-58-thread-1] INFO  server.RaftServerConfigKeys (ConfUtils.java:logGet(43)) - raft.server.log.queue.byte-limit = 2147483647 (custom)
2019-09-19 14:04:52,857 [pool-58-thread-1] INFO  server.RaftServerConfigKeys (ConfUtils.java:logGet(43)) - raft.server.log.queue.element-limit = 1024 (custom)
2019-09-19 14:04:52,857 [pool-58-thread-1] INFO  server.RaftServerConfigKeys (ConfUtils.java:logGet(43)) - raft.server.log.segment.size.max = 1048576 (custom)
2019-09-19 14:04:52,857 [pool-58-thread-1] INFO  server.RaftServerConfigKeys (ConfUtils.java:logGet(43)) - raft.server.log.preallocated.size = 16384 (custom)
2019-09-19 14:04:52,857 [pool-58-thread-1] INFO  server.RaftServerConfigKeys (ConfUtils.java:logGet(43)) - raft.server.log.write.buffer.size = 33554432 (custom)
2019-09-19 14:04:52,857 [pool-58-thread-1] INFO  server.RaftServerConfigKeys (ConfUtils.java:logGet(43)) - raft.server.log.force.sync.num = 128 (default)
2019-09-19 14:04:52,857 [pool-58-thread-1] INFO  server.RaftServerConfigKeys (ConfUtils.java:logGet(43)) - raft.server.log.statemachine.data.sync = true (default)
2019-09-19 14:04:52,858 [pool-58-thread-1] INFO  server.RaftServerConfigKeys (ConfUtils.java:logGet(43)) - raft.server.log.statemachine.data.sync.timeout = 10s (default)
2019-09-19 14:04:52,858 [pool-58-thread-1] INFO  server.RaftServerConfigKeys (ConfUtils.java:logGet(43)) - raft.server.log.statemachine.data.sync.timeout.retry = -1 (default)
2019-09-19 14:04:52,858 [pool-58-thread-1] INFO  server.RaftServerConfigKeys (ConfUtils.java:logGet(43)) - raft.server.log.statemachine.data.caching.enabled = true (custom)
2019-09-19 14:04:52,858 [pool-58-thread-1] INFO  segmented.SegmentedRaftLogWorker (SegmentedRaftLogWorker.java:lambda$new$0(132)) - dcc77c7b-1d37-448d-8d57-43d254561693-SegmentedRaftLogWorker:Storage Directory /workdir/hadoop-ozone/integration-test/target/test-dir/MiniOzoneClusterImpl-3b2755de-4cfe-4b43-9e0d-73dd8eda8f75/datanode-0/data/ratis/77e33ca6-9136-4002-b503-b0d529ac88ad: flushIndex: setUnconditionally 0 -> -1
2019-09-19 14:04:52,858 [pool-58-thread-1] INFO  server.RaftServerConfigKeys (ConfUtils.java:logGet(43)) - raft.server.snapshot.auto.trigger.enabled = true (custom)
2019-09-19 14:04:52,858 [pool-58-thread-1] INFO  server.RaftServerConfigKeys (ConfUtils.java:logGet(43)) - raft.server.snapshot.auto.trigger.threshold = 1 (custom)
2019-09-19 14:04:52,858 [pool-58-thread-1] INFO  server.RaftServerConfigKeys (ConfUtils.java:logGet(43)) - raft.server.retrycache.expirytime = 600000ms (custom)
2019-09-19 14:04:52,858 [pool-58-thread-1] INFO  impl.RaftServerImpl (RaftServerImpl.java:start(180)) - dcc77c7b-1d37-448d-8d57-43d254561693: start group-B0D529AC88AD
2019-09-19 14:04:52,858 [pool-58-thread-1] INFO  impl.RaftServerImpl (RaftServerImpl.java:setRole(171)) - dcc77c7b-1d37-448d-8d57-43d254561693:group-B0D529AC88AD changes role from null to FOLLOWER at term 0 for startAsFollower
2019-09-19 14:04:52,858 [pool-58-thread-1] INFO  impl.RoleInfo (RoleInfo.java:updateAndGet(143)) - dcc77c7b-1d37-448d-8d57-43d254561693: start FollowerState
2019-09-19 14:04:52,859 [pool-58-thread-1] INFO  util.JmxRegister (JmxRegister.java:tryRegister(44)) - Successfully registered JMX Bean with object name Ratis:service=RaftServer,group=group-B0D529AC88AD,id=dcc77c7b-1d37-448d-8d57-43d254561693
2019-09-19 14:04:52,860 [RatisPipelineUtilsThread] INFO  pipeline.PipelineStateManager (PipelineStateManager.java:addPipeline(56)) - Created pipeline Pipeline[ Id: 77e33ca6-9136-4002-b503-b0d529ac88ad, Nodes: dcc77c7b-1d37-448d-8d57-43d254561693{ip: 192.168.157.226, host: pr-hdds-1569-swxfz-3172132826, networkLocation: /default-rack, certSerialId: null}, Type:RATIS, Factor:ONE, State:OPEN]
2019-09-19 14:04:52,862 [grpc-default-executor-1] INFO  impl.RaftServerProxy (RaftServerProxy.java:addNew(89)) - dcc77c7b-1d37-448d-8d57-43d254561693: addNew group-1639C94C8647:[dcc77c7b-1d37-448d-8d57-43d254561693:192.168.157.226:34527] returns group-1639C94C8647:java.util.concurrent.CompletableFuture@487d53c1[Not completed]
2019-09-19 14:04:52,863 [pool-58-thread-1] INFO  impl.RaftServerImpl (RaftServerImpl.java:<init>(93)) - dcc77c7b-1d37-448d-8d57-43d254561693: new RaftServerImpl for group-1639C94C8647:[dcc77c7b-1d37-448d-8d57-43d254561693:192.168.157.226:34527] with ContainerStateMachine:uninitialized
2019-09-19 14:04:52,863 [pool-58-thread-1] INFO  server.RaftServerConfigKeys (ConfUtils.java:logGet(43)) - raft.server.rpc.timeout.min = 5s (custom)
2019-09-19 14:04:52,863 [pool-58-thread-1] INFO  server.RaftServerConfigKeys (ConfUtils.java:logGet(43)) - raft.server.rpc.timeout.max = 5200ms (custom)
2019-09-19 14:04:52,863 [pool-58-thread-1] INFO  server.RaftServerConfigKeys (ConfUtils.java:logGet(43)) - raft.server.rpcslowness.timeout = 120s (custom)
2019-09-19 14:04:52,863 [pool-58-thread-1] INFO  server.RaftServerConfigKeys (ConfUtils.java:logGet(43)) - raft.server.sleep.deviation.threshold = 300 (default)
2019-09-19 14:04:52,863 [pool-58-thread-1] INFO  server.RaftServerConfigKeys (ConfUtils.java:logGet(43)) - raft.server.log.appender.install.snapshot.enabled = false (custom)
2019-09-19 14:04:52,863 [pool-58-thread-1] INFO  impl.RaftServerImpl (ServerState.java:<init>(105)) - dcc77c7b-1d37-448d-8d57-43d254561693:group-1639C94C8647 ConfigurationManager, init=-1: [dcc77c7b-1d37-448d-8d57-43d254561693:192.168.157.226:34527], old=null, confs=<EMPTY_MAP>
2019-09-19 14:04:52,863 [pool-58-thread-1] INFO  server.RaftServerConfigKeys (ConfUtils.java:logGet(43)) - raft.server.storage.dir = [/workdir/hadoop-ozone/integration-test/target/test-dir/MiniOzoneClusterImpl-3b2755de-4cfe-4b43-9e0d-73dd8eda8f75/datanode-0/data/ratis] (custom)
2019-09-19 14:04:52,864 [pool-58-thread-1] INFO  storage.RaftStorageDirectory (RaftStorageDirectory.java:analyzeStorage(246)) - The storage directory /workdir/hadoop-ozone/integration-test/target/test-dir/MiniOzoneClusterImpl-3b2755de-4cfe-4b43-9e0d-73dd8eda8f75/datanode-0/data/ratis/1c9ba3da-70bd-414b-8c0b-1639c94c8647 does not exist. Creating ...
2019-09-19 14:04:52,876 [pool-58-thread-1] INFO  storage.RaftStorageDirectory (RaftStorageDirectory.java:tryLock(328)) - Lock on /workdir/hadoop-ozone/integration-test/target/test-dir/MiniOzoneClusterImpl-3b2755de-4cfe-4b43-9e0d-73dd8eda8f75/datanode-0/data/ratis/1c9ba3da-70bd-414b-8c0b-1639c94c8647/in_use.lock acquired by nodename 30982@pr-hdds-1569-swxfz-3172132826
2019-09-19 14:04:52,889 [pool-58-thread-1] INFO  storage.RaftStorage (RaftStorage.java:format(72)) - Storage directory /workdir/hadoop-ozone/integration-test/target/test-dir/MiniOzoneClusterImpl-3b2755de-4cfe-4b43-9e0d-73dd8eda8f75/datanode-0/data/ratis/1c9ba3da-70bd-414b-8c0b-1639c94c8647 has been successfully formatted.
2019-09-19 14:04:52,889 [pool-58-thread-1] INFO  ratis.ContainerStateMachine (ContainerStateMachine.java:loadSnapshot(226)) - group-1639C94C8647: The snapshot info is null. Setting the last applied indexto:(t:0, i:~)
2019-09-19 14:04:52,889 [pool-58-thread-1] INFO  server.RaftServerConfigKeys (ConfUtils.java:logGet(43)) - raft.server.leader.election.timeout = 120s (custom)
2019-09-19 14:04:52,889 [pool-58-thread-1] INFO  server.RaftServerConfigKeys (ConfUtils.java:logGet(43)) - raft.server.log.use.memory = false (default)
2019-09-19 14:04:52,889 [pool-58-thread-1] INFO  server.RaftServerConfigKeys (ConfUtils.java:logGet(43)) - raft.server.log.purge.gap = 1000000 (custom)
2019-09-19 14:04:52,889 [pool-58-thread-1] INFO  server.RaftServerConfigKeys (ConfUtils.java:logGet(43)) - raft.server.log.appender.buffer.byte-limit = 33554432 (custom)
2019-09-19 14:04:52,890 [pool-58-thread-1] INFO  server.RaftServerConfigKeys (ConfUtils.java:logGet(43)) - raft.server.log.segment.size.max = 1048576 (custom)
2019-09-19 14:04:52,890 [pool-58-thread-1] INFO  server.RaftServerConfigKeys (ConfUtils.java:logGet(43)) - raft.server.log.segment.cache.num.max = 2 (custom)
2019-09-19 14:04:52,890 [pool-58-thread-1] INFO  segmented.SegmentedRaftLogWorker (SegmentedRaftLogWorker.java:<init>(172)) - new dcc77c7b-1d37-448d-8d57-43d254561693-SegmentedRaftLogWorker:Storage Directory /workdir/hadoop-ozone/integration-test/target/test-dir/MiniOzoneClusterImpl-3b2755de-4cfe-4b43-9e0d-73dd8eda8f75/datanode-0/data/ratis/1c9ba3da-70bd-414b-8c0b-1639c94c8647 for RaftStorage:Storage Directory /workdir/hadoop-ozone/integration-test/target/test-dir/MiniOzoneClusterImpl-3b2755de-4cfe-4b43-9e0d-73dd8eda8f75/datanode-0/data/ratis/1c9ba3da-70bd-414b-8c0b-1639c94c8647
2019-09-19 14:04:52,890 [pool-58-thread-1] INFO  server.RaftServerConfigKeys (ConfUtils.java:logGet(43)) - raft.server.log.queue.byte-limit = 2147483647 (custom)
2019-09-19 14:04:52,890 [pool-58-thread-1] INFO  server.RaftServerConfigKeys (ConfUtils.java:logGet(43)) - raft.server.log.queue.element-limit = 1024 (custom)
2019-09-19 14:04:52,890 [pool-58-thread-1] INFO  server.RaftServerConfigKeys (ConfUtils.java:logGet(43)) - raft.server.log.segment.size.max = 1048576 (custom)
2019-09-19 14:04:52,890 [pool-58-thread-1] INFO  server.RaftServerConfigKeys (ConfUtils.java:logGet(43)) - raft.server.log.preallocated.size = 16384 (custom)
2019-09-19 14:04:52,890 [pool-58-thread-1] INFO  server.RaftServerConfigKeys (ConfUtils.java:logGet(43)) - raft.server.log.write.buffer.size = 33554432 (custom)
2019-09-19 14:04:52,890 [pool-58-thread-1] INFO  server.RaftServerConfigKeys (ConfUtils.java:logGet(43)) - raft.server.log.force.sync.num = 128 (default)
2019-09-19 14:04:52,890 [pool-58-thread-1] INFO  server.RaftServerConfigKeys (ConfUtils.java:logGet(43)) - raft.server.log.statemachine.data.sync = true (default)
2019-09-19 14:04:52,891 [pool-58-thread-1] INFO  server.RaftServerConfigKeys (ConfUtils.java:logGet(43)) - raft.server.log.statemachine.data.sync.timeout = 10s (default)
2019-09-19 14:04:52,891 [pool-58-thread-1] INFO  server.RaftServerConfigKeys (ConfUtils.java:logGet(43)) - raft.server.log.statemachine.data.sync.timeout.retry = -1 (default)
2019-09-19 14:04:52,891 [pool-58-thread-1] INFO  server.RaftServerConfigKeys (ConfUtils.java:logGet(43)) - raft.server.log.statemachine.data.caching.enabled = true (custom)
2019-09-19 14:04:52,891 [pool-58-thread-1] INFO  segmented.SegmentedRaftLogWorker (SegmentedRaftLogWorker.java:lambda$new$0(132)) - dcc77c7b-1d37-448d-8d57-43d254561693-SegmentedRaftLogWorker:Storage Directory /workdir/hadoop-ozone/integration-test/target/test-dir/MiniOzoneClusterImpl-3b2755de-4cfe-4b43-9e0d-73dd8eda8f75/datanode-0/data/ratis/1c9ba3da-70bd-414b-8c0b-1639c94c8647: flushIndex: setUnconditionally 0 -> -1
2019-09-19 14:04:52,891 [pool-58-thread-1] INFO  server.RaftServerConfigKeys (ConfUtils.java:logGet(43)) - raft.server.snapshot.auto.trigger.enabled = true (custom)
2019-09-19 14:04:52,891 [pool-58-thread-1] INFO  server.RaftServerConfigKeys (ConfUtils.java:logGet(43)) - raft.server.snapshot.auto.trigger.threshold = 1 (custom)
2019-09-19 14:04:52,891 [pool-58-thread-1] INFO  server.RaftServerConfigKeys (ConfUtils.java:logGet(43)) - raft.server.retrycache.expirytime = 600000ms (custom)
2019-09-19 14:04:52,891 [pool-58-thread-1] INFO  impl.RaftServerImpl (RaftServerImpl.java:start(180)) - dcc77c7b-1d37-448d-8d57-43d254561693: start group-1639C94C8647
2019-09-19 14:04:52,892 [pool-58-thread-1] INFO  impl.RaftServerImpl (RaftServerImpl.java:setRole(171)) - dcc77c7b-1d37-448d-8d57-43d254561693:group-1639C94C8647 changes role from null to FOLLOWER at term 0 for startAsFollower
2019-09-19 14:04:52,892 [pool-58-thread-1] INFO  impl.RoleInfo (RoleInfo.java:updateAndGet(143)) - dcc77c7b-1d37-448d-8d57-43d254561693: start FollowerState
2019-09-19 14:04:52,892 [pool-58-thread-1] INFO  util.JmxRegister (JmxRegister.java:tryRegister(44)) - Successfully registered JMX Bean with object name Ratis:service=RaftServer,group=group-1639C94C8647,id=dcc77c7b-1d37-448d-8d57-43d254561693
2019-09-19 14:04:52,893 [RatisPipelineUtilsThread] INFO  pipeline.PipelineStateManager (PipelineStateManager.java:addPipeline(56)) - Created pipeline Pipeline[ Id: 1c9ba3da-70bd-414b-8c0b-1639c94c8647, Nodes: dcc77c7b-1d37-448d-8d57-43d254561693{ip: 192.168.157.226, host: pr-hdds-1569-swxfz-3172132826, networkLocation: /default-rack, certSerialId: null}, Type:RATIS, Factor:ONE, State:OPEN]
2019-09-19 14:04:52,895 [grpc-default-executor-1] INFO  impl.RaftServerProxy (RaftServerProxy.java:addNew(89)) - dcc77c7b-1d37-448d-8d57-43d254561693: addNew group-7D1EFE063BF2:[dcc77c7b-1d37-448d-8d57-43d254561693:192.168.157.226:34527] returns group-7D1EFE063BF2:java.util.concurrent.CompletableFuture@1f44c9ce[Not completed]
2019-09-19 14:04:52,896 [pool-58-thread-1] INFO  impl.RaftServerImpl (RaftServerImpl.java:<init>(93)) - dcc77c7b-1d37-448d-8d57-43d254561693: new RaftServerImpl for group-7D1EFE063BF2:[dcc77c7b-1d37-448d-8d57-43d254561693:192.168.157.226:34527] with ContainerStateMachine:uninitialized
2019-09-19 14:04:52,896 [pool-58-thread-1] INFO  server.RaftServerConfigKeys (ConfUtils.java:logGet(43)) - raft.server.rpc.timeout.min = 5s (custom)
2019-09-19 14:04:52,896 [pool-58-thread-1] INFO  server.RaftServerConfigKeys (ConfUtils.java:logGet(43)) - raft.server.rpc.timeout.max = 5200ms (custom)
2019-09-19 14:04:52,896 [pool-58-thread-1] INFO  server.RaftServerConfigKeys (ConfUtils.java:logGet(43)) - raft.server.rpcslowness.timeout = 120s (custom)
2019-09-19 14:04:52,896 [pool-58-thread-1] INFO  server.RaftServerConfigKeys (ConfUtils.java:logGet(43)) - raft.server.sleep.deviation.threshold = 300 (default)
2019-09-19 14:04:52,896 [pool-58-thread-1] INFO  server.RaftServerConfigKeys (ConfUtils.java:logGet(43)) - raft.server.log.appender.install.snapshot.enabled = false (custom)
2019-09-19 14:04:52,896 [pool-58-thread-1] INFO  impl.RaftServerImpl (ServerState.java:<init>(105)) - dcc77c7b-1d37-448d-8d57-43d254561693:group-7D1EFE063BF2 ConfigurationManager, init=-1: [dcc77c7b-1d37-448d-8d57-43d254561693:192.168.157.226:34527], old=null, confs=<EMPTY_MAP>
2019-09-19 14:04:52,896 [pool-58-thread-1] INFO  server.RaftServerConfigKeys (ConfUtils.java:logGet(43)) - raft.server.storage.dir = [/workdir/hadoop-ozone/integration-test/target/test-dir/MiniOzoneClusterImpl-3b2755de-4cfe-4b43-9e0d-73dd8eda8f75/datanode-0/data/ratis] (custom)
2019-09-19 14:04:52,897 [pool-58-thread-1] INFO  storage.RaftStorageDirectory (RaftStorageDirectory.java:analyzeStorage(246)) - The storage directory /workdir/hadoop-ozone/integration-test/target/test-dir/MiniOzoneClusterImpl-3b2755de-4cfe-4b43-9e0d-73dd8eda8f75/datanode-0/data/ratis/5c28bcfe-7916-4692-a8a1-7d1efe063bf2 does not exist. Creating ...
2019-09-19 14:04:52,910 [pool-58-thread-1] INFO  storage.RaftStorageDirectory (RaftStorageDirectory.java:tryLock(328)) - Lock on /workdir/hadoop-ozone/integration-test/target/test-dir/MiniOzoneClusterImpl-3b2755de-4cfe-4b43-9e0d-73dd8eda8f75/datanode-0/data/ratis/5c28bcfe-7916-4692-a8a1-7d1efe063bf2/in_use.lock acquired by nodename 30982@pr-hdds-1569-swxfz-3172132826
2019-09-19 14:04:52,922 [pool-58-thread-1] INFO  storage.RaftStorage (RaftStorage.java:format(72)) - Storage directory /workdir/hadoop-ozone/integration-test/target/test-dir/MiniOzoneClusterImpl-3b2755de-4cfe-4b43-9e0d-73dd8eda8f75/datanode-0/data/ratis/5c28bcfe-7916-4692-a8a1-7d1efe063bf2 has been successfully formatted.
2019-09-19 14:04:52,922 [pool-58-thread-1] INFO  ratis.ContainerStateMachine (ContainerStateMachine.java:loadSnapshot(226)) - group-7D1EFE063BF2: The snapshot info is null. Setting the last applied indexto:(t:0, i:~)
2019-09-19 14:04:52,922 [pool-58-thread-1] INFO  server.RaftServerConfigKeys (ConfUtils.java:logGet(43)) - raft.server.leader.election.timeout = 120s (custom)
2019-09-19 14:04:52,922 [pool-58-thread-1] INFO  server.RaftServerConfigKeys (ConfUtils.java:logGet(43)) - raft.server.log.use.memory = false (default)
2019-09-19 14:04:52,922 [pool-58-thread-1] INFO  server.RaftServerConfigKeys (ConfUtils.java:logGet(43)) - raft.server.log.purge.gap = 1000000 (custom)
2019-09-19 14:04:52,923 [pool-58-thread-1] INFO  server.RaftServerConfigKeys (ConfUtils.java:logGet(43)) - raft.server.log.appender.buffer.byte-limit = 33554432 (custom)
2019-09-19 14:04:52,923 [pool-58-thread-1] INFO  server.RaftServerConfigKeys (ConfUtils.java:logGet(43)) - raft.server.log.segment.size.max = 1048576 (custom)
2019-09-19 14:04:52,923 [pool-58-thread-1] INFO  server.RaftServerConfigKeys (ConfUtils.java:logGet(43)) - raft.server.log.segment.cache.num.max = 2 (custom)
2019-09-19 14:04:52,923 [pool-58-thread-1] INFO  segmented.SegmentedRaftLogWorker (SegmentedRaftLogWorker.java:<init>(172)) - new dcc77c7b-1d37-448d-8d57-43d254561693-SegmentedRaftLogWorker:Storage Directory /workdir/hadoop-ozone/integration-test/target/test-dir/MiniOzoneClusterImpl-3b2755de-4cfe-4b43-9e0d-73dd8eda8f75/datanode-0/data/ratis/5c28bcfe-7916-4692-a8a1-7d1efe063bf2 for RaftStorage:Storage Directory /workdir/hadoop-ozone/integration-test/target/test-dir/MiniOzoneClusterImpl-3b2755de-4cfe-4b43-9e0d-73dd8eda8f75/datanode-0/data/ratis/5c28bcfe-7916-4692-a8a1-7d1efe063bf2
2019-09-19 14:04:52,923 [pool-58-thread-1] INFO  server.RaftServerConfigKeys (ConfUtils.java:logGet(43)) - raft.server.log.queue.byte-limit = 2147483647 (custom)
2019-09-19 14:04:52,923 [pool-58-thread-1] INFO  server.RaftServerConfigKeys (ConfUtils.java:logGet(43)) - raft.server.log.queue.element-limit = 1024 (custom)
2019-09-19 14:04:52,923 [pool-58-thread-1] INFO  server.RaftServerConfigKeys (ConfUtils.java:logGet(43)) - raft.server.log.segment.size.max = 1048576 (custom)
2019-09-19 14:04:52,923 [pool-58-thread-1] INFO  server.RaftServerConfigKeys (ConfUtils.java:logGet(43)) - raft.server.log.preallocated.size = 16384 (custom)
2019-09-19 14:04:52,923 [pool-58-thread-1] INFO  server.RaftServerConfigKeys (ConfUtils.java:logGet(43)) - raft.server.log.write.buffer.size = 33554432 (custom)
2019-09-19 14:04:52,924 [pool-58-thread-1] INFO  server.RaftServerConfigKeys (ConfUtils.java:logGet(43)) - raft.server.log.force.sync.num = 128 (default)
2019-09-19 14:04:52,924 [pool-58-thread-1] INFO  server.RaftServerConfigKeys (ConfUtils.java:logGet(43)) - raft.server.log.statemachine.data.sync = true (default)
2019-09-19 14:04:52,924 [pool-58-thread-1] INFO  server.RaftServerConfigKeys (ConfUtils.java:logGet(43)) - raft.server.log.statemachine.data.sync.timeout = 10s (default)
2019-09-19 14:04:52,924 [pool-58-thread-1] INFO  server.RaftServerConfigKeys (ConfUtils.java:logGet(43)) - raft.server.log.statemachine.data.sync.timeout.retry = -1 (default)
2019-09-19 14:04:52,924 [pool-58-thread-1] INFO  server.RaftServerConfigKeys (ConfUtils.java:logGet(43)) - raft.server.log.statemachine.data.caching.enabled = true (custom)
2019-09-19 14:04:52,924 [pool-58-thread-1] INFO  segmented.SegmentedRaftLogWorker (SegmentedRaftLogWorker.java:lambda$new$0(132)) - dcc77c7b-1d37-448d-8d57-43d254561693-SegmentedRaftLogWorker:Storage Directory /workdir/hadoop-ozone/integration-test/target/test-dir/MiniOzoneClusterImpl-3b2755de-4cfe-4b43-9e0d-73dd8eda8f75/datanode-0/data/ratis/5c28bcfe-7916-4692-a8a1-7d1efe063bf2: flushIndex: setUnconditionally 0 -> -1
2019-09-19 14:04:52,924 [pool-58-thread-1] INFO  server.RaftServerConfigKeys (ConfUtils.java:logGet(43)) - raft.server.snapshot.auto.trigger.enabled = true (custom)
2019-09-19 14:04:52,924 [pool-58-thread-1] INFO  server.RaftServerConfigKeys (ConfUtils.java:logGet(43)) - raft.server.snapshot.auto.trigger.threshold = 1 (custom)
2019-09-19 14:04:52,925 [pool-58-thread-1] INFO  server.RaftServerConfigKeys (ConfUtils.java:logGet(43)) - raft.server.retrycache.expirytime = 600000ms (custom)
2019-09-19 14:04:52,925 [pool-58-thread-1] INFO  impl.RaftServerImpl (RaftServerImpl.java:start(180)) - dcc77c7b-1d37-448d-8d57-43d254561693: start group-7D1EFE063BF2
2019-09-19 14:04:52,925 [pool-58-thread-1] INFO  impl.RaftServerImpl (RaftServerImpl.java:setRole(171)) - dcc77c7b-1d37-448d-8d57-43d254561693:group-7D1EFE063BF2 changes role from null to FOLLOWER at term 0 for startAsFollower
2019-09-19 14:04:52,925 [pool-58-thread-1] INFO  impl.RoleInfo (RoleInfo.java:updateAndGet(143)) - dcc77c7b-1d37-448d-8d57-43d254561693: start FollowerState
2019-09-19 14:04:52,925 [pool-58-thread-1] INFO  util.JmxRegister (JmxRegister.java:tryRegister(44)) - Successfully registered JMX Bean with object name Ratis:service=RaftServer,group=group-7D1EFE063BF2,id=dcc77c7b-1d37-448d-8d57-43d254561693
2019-09-19 14:04:52,927 [RatisPipelineUtilsThread] INFO  pipeline.PipelineStateManager (PipelineStateManager.java:addPipeline(56)) - Created pipeline Pipeline[ Id: 5c28bcfe-7916-4692-a8a1-7d1efe063bf2, Nodes: dcc77c7b-1d37-448d-8d57-43d254561693{ip: 192.168.157.226, host: pr-hdds-1569-swxfz-3172132826, networkLocation: /default-rack, certSerialId: null}, Type:RATIS, Factor:ONE, State:OPEN]
2019-09-19 14:04:52,929 [grpc-default-executor-1] INFO  impl.RaftServerProxy (RaftServerProxy.java:addNew(89)) - dcc77c7b-1d37-448d-8d57-43d254561693: addNew group-6BA61B232CB7:[dcc77c7b-1d37-448d-8d57-43d254561693:192.168.157.226:34527] returns group-6BA61B232CB7:java.util.concurrent.CompletableFuture@26dd470f[Not completed]
2019-09-19 14:04:52,930 [pool-58-thread-1] INFO  impl.RaftServerImpl (RaftServerImpl.java:<init>(93)) - dcc77c7b-1d37-448d-8d57-43d254561693: new RaftServerImpl for group-6BA61B232CB7:[dcc77c7b-1d37-448d-8d57-43d254561693:192.168.157.226:34527] with ContainerStateMachine:uninitialized
2019-09-19 14:04:52,930 [pool-58-thread-1] INFO  server.RaftServerConfigKeys (ConfUtils.java:logGet(43)) - raft.server.rpc.timeout.min = 5s (custom)
2019-09-19 14:04:52,930 [pool-58-thread-1] INFO  server.RaftServerConfigKeys (ConfUtils.java:logGet(43)) - raft.server.rpc.timeout.max = 5200ms (custom)
2019-09-19 14:04:52,931 [pool-58-thread-1] INFO  server.RaftServerConfigKeys (ConfUtils.java:logGet(43)) - raft.server.rpcslowness.timeout = 120s (custom)
2019-09-19 14:04:52,931 [pool-58-thread-1] INFO  server.RaftServerConfigKeys (ConfUtils.java:logGet(43)) - raft.server.sleep.deviation.threshold = 300 (default)
2019-09-19 14:04:52,931 [pool-58-thread-1] INFO  server.RaftServerConfigKeys (ConfUtils.java:logGet(43)) - raft.server.log.appender.install.snapshot.enabled = false (custom)
2019-09-19 14:04:52,931 [pool-58-thread-1] INFO  impl.RaftServerImpl (ServerState.java:<init>(105)) - dcc77c7b-1d37-448d-8d57-43d254561693:group-6BA61B232CB7 ConfigurationManager, init=-1: [dcc77c7b-1d37-448d-8d57-43d254561693:192.168.157.226:34527], old=null, confs=<EMPTY_MAP>
2019-09-19 14:04:52,931 [pool-58-thread-1] INFO  server.RaftServerConfigKeys (ConfUtils.java:logGet(43)) - raft.server.storage.dir = [/workdir/hadoop-ozone/integration-test/target/test-dir/MiniOzoneClusterImpl-3b2755de-4cfe-4b43-9e0d-73dd8eda8f75/datanode-0/data/ratis] (custom)
2019-09-19 14:04:52,932 [pool-58-thread-1] INFO  storage.RaftStorageDirectory (RaftStorageDirectory.java:analyzeStorage(246)) - The storage directory /workdir/hadoop-ozone/integration-test/target/test-dir/MiniOzoneClusterImpl-3b2755de-4cfe-4b43-9e0d-73dd8eda8f75/datanode-0/data/ratis/6949dbb8-3021-4130-9733-6ba61b232cb7 does not exist. Creating ...
2019-09-19 14:04:52,955 [pool-58-thread-1] INFO  storage.RaftStorageDirectory (RaftStorageDirectory.java:tryLock(328)) - Lock on /workdir/hadoop-ozone/integration-test/target/test-dir/MiniOzoneClusterImpl-3b2755de-4cfe-4b43-9e0d-73dd8eda8f75/datanode-0/data/ratis/6949dbb8-3021-4130-9733-6ba61b232cb7/in_use.lock acquired by nodename 30982@pr-hdds-1569-swxfz-3172132826
2019-09-19 14:04:52,977 [pool-58-thread-1] INFO  storage.RaftStorage (RaftStorage.java:format(72)) - Storage directory /workdir/hadoop-ozone/integration-test/target/test-dir/MiniOzoneClusterImpl-3b2755de-4cfe-4b43-9e0d-73dd8eda8f75/datanode-0/data/ratis/6949dbb8-3021-4130-9733-6ba61b232cb7 has been successfully formatted.
2019-09-19 14:04:52,977 [pool-58-thread-1] INFO  ratis.ContainerStateMachine (ContainerStateMachine.java:loadSnapshot(226)) - group-6BA61B232CB7: The snapshot info is null. Setting the last applied indexto:(t:0, i:~)
2019-09-19 14:04:52,977 [pool-58-thread-1] INFO  server.RaftServerConfigKeys (ConfUtils.java:logGet(43)) - raft.server.leader.election.timeout = 120s (custom)
2019-09-19 14:04:52,978 [pool-58-thread-1] INFO  server.RaftServerConfigKeys (ConfUtils.java:logGet(43)) - raft.server.log.use.memory = false (default)
2019-09-19 14:04:52,978 [pool-58-thread-1] INFO  server.RaftServerConfigKeys (ConfUtils.java:logGet(43)) - raft.server.log.purge.gap = 1000000 (custom)
2019-09-19 14:04:52,978 [pool-58-thread-1] INFO  server.RaftServerConfigKeys (ConfUtils.java:logGet(43)) - raft.server.log.appender.buffer.byte-limit = 33554432 (custom)
2019-09-19 14:04:52,978 [pool-58-thread-1] INFO  server.RaftServerConfigKeys (ConfUtils.java:logGet(43)) - raft.server.log.segment.size.max = 1048576 (custom)
2019-09-19 14:04:52,978 [pool-58-thread-1] INFO  server.RaftServerConfigKeys (ConfUtils.java:logGet(43)) - raft.server.log.segment.cache.num.max = 2 (custom)
2019-09-19 14:04:52,978 [pool-58-thread-1] INFO  segmented.SegmentedRaftLogWorker (SegmentedRaftLogWorker.java:<init>(172)) - new dcc77c7b-1d37-448d-8d57-43d254561693-SegmentedRaftLogWorker:Storage Directory /workdir/hadoop-ozone/integration-test/target/test-dir/MiniOzoneClusterImpl-3b2755de-4cfe-4b43-9e0d-73dd8eda8f75/datanode-0/data/ratis/6949dbb8-3021-4130-9733-6ba61b232cb7 for RaftStorage:Storage Directory /workdir/hadoop-ozone/integration-test/target/test-dir/MiniOzoneClusterImpl-3b2755de-4cfe-4b43-9e0d-73dd8eda8f75/datanode-0/data/ratis/6949dbb8-3021-4130-9733-6ba61b232cb7
2019-09-19 14:04:52,978 [pool-58-thread-1] INFO  server.RaftServerConfigKeys (ConfUtils.java:logGet(43)) - raft.server.log.queue.byte-limit = 2147483647 (custom)
2019-09-19 14:04:52,978 [pool-58-thread-1] INFO  server.RaftServerConfigKeys (ConfUtils.java:logGet(43)) - raft.server.log.queue.element-limit = 1024 (custom)
2019-09-19 14:04:52,979 [pool-58-thread-1] INFO  server.RaftServerConfigKeys (ConfUtils.java:logGet(43)) - raft.server.log.segment.size.max = 1048576 (custom)
2019-09-19 14:04:52,979 [pool-58-thread-1] INFO  server.RaftServerConfigKeys (ConfUtils.java:logGet(43)) - raft.server.log.preallocated.size = 16384 (custom)
2019-09-19 14:04:52,979 [pool-58-thread-1] INFO  server.RaftServerConfigKeys (ConfUtils.java:logGet(43)) - raft.server.log.write.buffer.size = 33554432 (custom)
2019-09-19 14:04:52,979 [pool-58-thread-1] INFO  server.RaftServerConfigKeys (ConfUtils.java:logGet(43)) - raft.server.log.force.sync.num = 128 (default)
2019-09-19 14:04:52,979 [pool-58-thread-1] INFO  server.RaftServerConfigKeys (ConfUtils.java:logGet(43)) - raft.server.log.statemachine.data.sync = true (default)
2019-09-19 14:04:52,979 [pool-58-thread-1] INFO  server.RaftServerConfigKeys (ConfUtils.java:logGet(43)) - raft.server.log.statemachine.data.sync.timeout = 10s (default)
2019-09-19 14:04:52,979 [pool-58-thread-1] INFO  server.RaftServerConfigKeys (ConfUtils.java:logGet(43)) - raft.server.log.statemachine.data.sync.timeout.retry = -1 (default)
2019-09-19 14:04:52,980 [pool-58-thread-1] INFO  server.RaftServerConfigKeys (ConfUtils.java:logGet(43)) - raft.server.log.statemachine.data.caching.enabled = true (custom)
2019-09-19 14:04:52,980 [pool-58-thread-1] INFO  segmented.SegmentedRaftLogWorker (SegmentedRaftLogWorker.java:lambda$new$0(132)) - dcc77c7b-1d37-448d-8d57-43d254561693-SegmentedRaftLogWorker:Storage Directory /workdir/hadoop-ozone/integration-test/target/test-dir/MiniOzoneClusterImpl-3b2755de-4cfe-4b43-9e0d-73dd8eda8f75/datanode-0/data/ratis/6949dbb8-3021-4130-9733-6ba61b232cb7: flushIndex: setUnconditionally 0 -> -1
2019-09-19 14:04:52,980 [pool-58-thread-1] INFO  server.RaftServerConfigKeys (ConfUtils.java:logGet(43)) - raft.server.snapshot.auto.trigger.enabled = true (custom)
2019-09-19 14:04:52,980 [pool-58-thread-1] INFO  server.RaftServerConfigKeys (ConfUtils.java:logGet(43)) - raft.server.snapshot.auto.trigger.threshold = 1 (custom)
2019-09-19 14:04:52,980 [pool-58-thread-1] INFO  server.RaftServerConfigKeys (ConfUtils.java:logGet(43)) - raft.server.retrycache.expirytime = 600000ms (custom)
2019-09-19 14:04:52,981 [pool-58-thread-1] INFO  impl.RaftServerImpl (RaftServerImpl.java:start(180)) - dcc77c7b-1d37-448d-8d57-43d254561693: start group-6BA61B232CB7
2019-09-19 14:04:52,981 [pool-58-thread-1] INFO  impl.RaftServerImpl (RaftServerImpl.java:setRole(171)) - dcc77c7b-1d37-448d-8d57-43d254561693:group-6BA61B232CB7 changes role from null to FOLLOWER at term 0 for startAsFollower
2019-09-19 14:04:52,981 [pool-58-thread-1] INFO  impl.RoleInfo (RoleInfo.java:updateAndGet(143)) - dcc77c7b-1d37-448d-8d57-43d254561693: start FollowerState
2019-09-19 14:04:52,981 [pool-58-thread-1] INFO  util.JmxRegister (JmxRegister.java:tryRegister(44)) - Successfully registered JMX Bean with object name Ratis:service=RaftServer,group=group-6BA61B232CB7,id=dcc77c7b-1d37-448d-8d57-43d254561693
2019-09-19 14:04:52,982 [RatisPipelineUtilsThread] INFO  pipeline.PipelineStateManager (PipelineStateManager.java:addPipeline(56)) - Created pipeline Pipeline[ Id: 6949dbb8-3021-4130-9733-6ba61b232cb7, Nodes: dcc77c7b-1d37-448d-8d57-43d254561693{ip: 192.168.157.226, host: pr-hdds-1569-swxfz-3172132826, networkLocation: /default-rack, certSerialId: null}, Type:RATIS, Factor:ONE, State:OPEN]
2019-09-19 14:04:52,985 [grpc-default-executor-1] INFO  impl.RaftServerProxy (RaftServerProxy.java:addNew(89)) - dcc77c7b-1d37-448d-8d57-43d254561693: addNew group-801B220FEE86:[dcc77c7b-1d37-448d-8d57-43d254561693:192.168.157.226:34527] returns group-801B220FEE86:java.util.concurrent.CompletableFuture@3ae81e30[Not completed]
2019-09-19 14:04:52,986 [pool-58-thread-1] INFO  impl.RaftServerImpl (RaftServerImpl.java:<init>(93)) - dcc77c7b-1d37-448d-8d57-43d254561693: new RaftServerImpl for group-801B220FEE86:[dcc77c7b-1d37-448d-8d57-43d254561693:192.168.157.226:34527] with ContainerStateMachine:uninitialized
2019-09-19 14:04:52,986 [pool-58-thread-1] INFO  server.RaftServerConfigKeys (ConfUtils.java:logGet(43)) - raft.server.rpc.timeout.min = 5s (custom)
2019-09-19 14:04:52,986 [pool-58-thread-1] INFO  server.RaftServerConfigKeys (ConfUtils.java:logGet(43)) - raft.server.rpc.timeout.max = 5200ms (custom)
2019-09-19 14:04:52,986 [pool-58-thread-1] INFO  server.RaftServerConfigKeys (ConfUtils.java:logGet(43)) - raft.server.rpcslowness.timeout = 120s (custom)
2019-09-19 14:04:52,986 [pool-58-thread-1] INFO  server.RaftServerConfigKeys (ConfUtils.java:logGet(43)) - raft.server.sleep.deviation.threshold = 300 (default)
2019-09-19 14:04:52,986 [pool-58-thread-1] INFO  server.RaftServerConfigKeys (ConfUtils.java:logGet(43)) - raft.server.log.appender.install.snapshot.enabled = false (custom)
2019-09-19 14:04:52,987 [pool-58-thread-1] INFO  impl.RaftServerImpl (ServerState.java:<init>(105)) - dcc77c7b-1d37-448d-8d57-43d254561693:group-801B220FEE86 ConfigurationManager, init=-1: [dcc77c7b-1d37-448d-8d57-43d254561693:192.168.157.226:34527], old=null, confs=<EMPTY_MAP>
2019-09-19 14:04:52,987 [pool-58-thread-1] INFO  server.RaftServerConfigKeys (ConfUtils.java:logGet(43)) - raft.server.storage.dir = [/workdir/hadoop-ozone/integration-test/target/test-dir/MiniOzoneClusterImpl-3b2755de-4cfe-4b43-9e0d-73dd8eda8f75/datanode-0/data/ratis] (custom)
2019-09-19 14:04:52,988 [pool-58-thread-1] INFO  storage.RaftStorageDirectory (RaftStorageDirectory.java:analyzeStorage(246)) - The storage directory /workdir/hadoop-ozone/integration-test/target/test-dir/MiniOzoneClusterImpl-3b2755de-4cfe-4b43-9e0d-73dd8eda8f75/datanode-0/data/ratis/ed873b42-ab25-4cc7-84ac-801b220fee86 does not exist. Creating ...
2019-09-19 14:04:52,994 | INFO  | SCMAudit | user=jenkins1000 | ip=192.168.157.226 | op=SEND_HEARTBEAT {datanodeUUID=dcc77c7b-1d37-448d-8d57-43d254561693, command=[]} | ret=SUCCESS |  
2019-09-19 14:04:53,001 [pool-58-thread-1] INFO  storage.RaftStorageDirectory (RaftStorageDirectory.java:tryLock(328)) - Lock on /workdir/hadoop-ozone/integration-test/target/test-dir/MiniOzoneClusterImpl-3b2755de-4cfe-4b43-9e0d-73dd8eda8f75/datanode-0/data/ratis/ed873b42-ab25-4cc7-84ac-801b220fee86/in_use.lock acquired by nodename 30982@pr-hdds-1569-swxfz-3172132826
2019-09-19 14:04:53,013 [pool-58-thread-1] INFO  storage.RaftStorage (RaftStorage.java:format(72)) - Storage directory /workdir/hadoop-ozone/integration-test/target/test-dir/MiniOzoneClusterImpl-3b2755de-4cfe-4b43-9e0d-73dd8eda8f75/datanode-0/data/ratis/ed873b42-ab25-4cc7-84ac-801b220fee86 has been successfully formatted.
2019-09-19 14:04:53,014 [pool-58-thread-1] INFO  ratis.ContainerStateMachine (ContainerStateMachine.java:loadSnapshot(226)) - group-801B220FEE86: The snapshot info is null. Setting the last applied indexto:(t:0, i:~)
2019-09-19 14:04:53,014 [pool-58-thread-1] INFO  server.RaftServerConfigKeys (ConfUtils.java:logGet(43)) - raft.server.leader.election.timeout = 120s (custom)
2019-09-19 14:04:53,014 [pool-58-thread-1] INFO  server.RaftServerConfigKeys (ConfUtils.java:logGet(43)) - raft.server.log.use.memory = false (default)
2019-09-19 14:04:53,014 [pool-58-thread-1] INFO  server.RaftServerConfigKeys (ConfUtils.java:logGet(43)) - raft.server.log.purge.gap = 1000000 (custom)
2019-09-19 14:04:53,014 [pool-58-thread-1] INFO  server.RaftServerConfigKeys (ConfUtils.java:logGet(43)) - raft.server.log.appender.buffer.byte-limit = 33554432 (custom)
2019-09-19 14:04:53,014 [pool-58-thread-1] INFO  server.RaftServerConfigKeys (ConfUtils.java:logGet(43)) - raft.server.log.segment.size.max = 1048576 (custom)
2019-09-19 14:04:53,015 [pool-58-thread-1] INFO  server.RaftServerConfigKeys (ConfUtils.java:logGet(43)) - raft.server.log.segment.cache.num.max = 2 (custom)
2019-09-19 14:04:53,015 [pool-58-thread-1] INFO  segmented.SegmentedRaftLogWorker (SegmentedRaftLogWorker.java:<init>(172)) - new dcc77c7b-1d37-448d-8d57-43d254561693-SegmentedRaftLogWorker:Storage Directory /workdir/hadoop-ozone/integration-test/target/test-dir/MiniOzoneClusterImpl-3b2755de-4cfe-4b43-9e0d-73dd8eda8f75/datanode-0/data/ratis/ed873b42-ab25-4cc7-84ac-801b220fee86 for RaftStorage:Storage Directory /workdir/hadoop-ozone/integration-test/target/test-dir/MiniOzoneClusterImpl-3b2755de-4cfe-4b43-9e0d-73dd8eda8f75/datanode-0/data/ratis/ed873b42-ab25-4cc7-84ac-801b220fee86
2019-09-19 14:04:53,015 [pool-58-thread-1] INFO  server.RaftServerConfigKeys (ConfUtils.java:logGet(43)) - raft.server.log.queue.byte-limit = 2147483647 (custom)
2019-09-19 14:04:53,015 [pool-58-thread-1] INFO  server.RaftServerConfigKeys (ConfUtils.java:logGet(43)) - raft.server.log.queue.element-limit = 1024 (custom)
2019-09-19 14:04:53,015 [pool-58-thread-1] INFO  server.RaftServerConfigKeys (ConfUtils.java:logGet(43)) - raft.server.log.segment.size.max = 1048576 (custom)
2019-09-19 14:04:53,015 [pool-58-thread-1] INFO  server.RaftServerConfigKeys (ConfUtils.java:logGet(43)) - raft.server.log.preallocated.size = 16384 (custom)
2019-09-19 14:04:53,015 [pool-58-thread-1] INFO  server.RaftServerConfigKeys (ConfUtils.java:logGet(43)) - raft.server.log.write.buffer.size = 33554432 (custom)
2019-09-19 14:04:53,015 [pool-58-thread-1] INFO  server.RaftServerConfigKeys (ConfUtils.java:logGet(43)) - raft.server.log.force.sync.num = 128 (default)
2019-09-19 14:04:53,016 [pool-58-thread-1] INFO  server.RaftServerConfigKeys (ConfUtils.java:logGet(43)) - raft.server.log.statemachine.data.sync = true (default)
2019-09-19 14:04:53,016 [pool-58-thread-1] INFO  server.RaftServerConfigKeys (ConfUtils.java:logGet(43)) - raft.server.log.statemachine.data.sync.timeout = 10s (default)
2019-09-19 14:04:53,016 [pool-58-thread-1] INFO  server.RaftServerConfigKeys (ConfUtils.java:logGet(43)) - raft.server.log.statemachine.data.sync.timeout.retry = -1 (default)
2019-09-19 14:04:53,016 [pool-58-thread-1] INFO  server.RaftServerConfigKeys (ConfUtils.java:logGet(43)) - raft.server.log.statemachine.data.caching.enabled = true (custom)
2019-09-19 14:04:53,016 [pool-58-thread-1] INFO  segmented.SegmentedRaftLogWorker (SegmentedRaftLogWorker.java:lambda$new$0(132)) - dcc77c7b-1d37-448d-8d57-43d254561693-SegmentedRaftLogWorker:Storage Directory /workdir/hadoop-ozone/integration-test/target/test-dir/MiniOzoneClusterImpl-3b2755de-4cfe-4b43-9e0d-73dd8eda8f75/datanode-0/data/ratis/ed873b42-ab25-4cc7-84ac-801b220fee86: flushIndex: setUnconditionally 0 -> -1
2019-09-19 14:04:53,017 [pool-58-thread-1] INFO  server.RaftServerConfigKeys (ConfUtils.java:logGet(43)) - raft.server.snapshot.auto.trigger.enabled = true (custom)
2019-09-19 14:04:53,017 [pool-58-thread-1] INFO  server.RaftServerConfigKeys (ConfUtils.java:logGet(43)) - raft.server.snapshot.auto.trigger.threshold = 1 (custom)
2019-09-19 14:04:53,017 [pool-58-thread-1] INFO  server.RaftServerConfigKeys (ConfUtils.java:logGet(43)) - raft.server.retrycache.expirytime = 600000ms (custom)
2019-09-19 14:04:53,017 [pool-58-thread-1] INFO  impl.RaftServerImpl (RaftServerImpl.java:start(180)) - dcc77c7b-1d37-448d-8d57-43d254561693: start group-801B220FEE86
2019-09-19 14:04:53,017 [pool-58-thread-1] INFO  impl.RaftServerImpl (RaftServerImpl.java:setRole(171)) - dcc77c7b-1d37-448d-8d57-43d254561693:group-801B220FEE86 changes role from null to FOLLOWER at term 0 for startAsFollower
2019-09-19 14:04:53,017 [pool-58-thread-1] INFO  impl.RoleInfo (RoleInfo.java:updateAndGet(143)) - dcc77c7b-1d37-448d-8d57-43d254561693: start FollowerState
2019-09-19 14:04:53,018 [pool-58-thread-1] INFO  util.JmxRegister (JmxRegister.java:tryRegister(44)) - Successfully registered JMX Bean with object name Ratis:service=RaftServer,group=group-801B220FEE86,id=dcc77c7b-1d37-448d-8d57-43d254561693
2019-09-19 14:04:53,019 [RatisPipelineUtilsThread] INFO  pipeline.PipelineStateManager (PipelineStateManager.java:addPipeline(56)) - Created pipeline Pipeline[ Id: ed873b42-ab25-4cc7-84ac-801b220fee86, Nodes: dcc77c7b-1d37-448d-8d57-43d254561693{ip: 192.168.157.226, host: pr-hdds-1569-swxfz-3172132826, networkLocation: /default-rack, certSerialId: null}, Type:RATIS, Factor:ONE, State:OPEN]
2019-09-19 14:04:53,022 [grpc-default-executor-1] INFO  impl.RaftServerProxy (RaftServerProxy.java:addNew(89)) - dcc77c7b-1d37-448d-8d57-43d254561693: addNew group-6097693610F3:[dcc77c7b-1d37-448d-8d57-43d254561693:192.168.157.226:34527] returns group-6097693610F3:java.util.concurrent.CompletableFuture@15c673b9[Not completed]
2019-09-19 14:04:53,023 [pool-58-thread-1] INFO  impl.RaftServerImpl (RaftServerImpl.java:<init>(93)) - dcc77c7b-1d37-448d-8d57-43d254561693: new RaftServerImpl for group-6097693610F3:[dcc77c7b-1d37-448d-8d57-43d254561693:192.168.157.226:34527] with ContainerStateMachine:uninitialized
2019-09-19 14:04:53,023 [pool-58-thread-1] INFO  server.RaftServerConfigKeys (ConfUtils.java:logGet(43)) - raft.server.rpc.timeout.min = 5s (custom)
2019-09-19 14:04:53,023 [pool-58-thread-1] INFO  server.RaftServerConfigKeys (ConfUtils.java:logGet(43)) - raft.server.rpc.timeout.max = 5200ms (custom)
2019-09-19 14:04:53,023 [pool-58-thread-1] INFO  server.RaftServerConfigKeys (ConfUtils.java:logGet(43)) - raft.server.rpcslowness.timeout = 120s (custom)
2019-09-19 14:04:53,023 [pool-58-thread-1] INFO  server.RaftServerConfigKeys (ConfUtils.java:logGet(43)) - raft.server.sleep.deviation.threshold = 300 (default)
2019-09-19 14:04:53,023 [pool-58-thread-1] INFO  server.RaftServerConfigKeys (ConfUtils.java:logGet(43)) - raft.server.log.appender.install.snapshot.enabled = false (custom)
2019-09-19 14:04:53,024 [pool-58-thread-1] INFO  impl.RaftServerImpl (ServerState.java:<init>(105)) - dcc77c7b-1d37-448d-8d57-43d254561693:group-6097693610F3 ConfigurationManager, init=-1: [dcc77c7b-1d37-448d-8d57-43d254561693:192.168.157.226:34527], old=null, confs=<EMPTY_MAP>
2019-09-19 14:04:53,024 [pool-58-thread-1] INFO  server.RaftServerConfigKeys (ConfUtils.java:logGet(43)) - raft.server.storage.dir = [/workdir/hadoop-ozone/integration-test/target/test-dir/MiniOzoneClusterImpl-3b2755de-4cfe-4b43-9e0d-73dd8eda8f75/datanode-0/data/ratis] (custom)
2019-09-19 14:04:53,025 [pool-58-thread-1] INFO  storage.RaftStorageDirectory (RaftStorageDirectory.java:analyzeStorage(246)) - The storage directory /workdir/hadoop-ozone/integration-test/target/test-dir/MiniOzoneClusterImpl-3b2755de-4cfe-4b43-9e0d-73dd8eda8f75/datanode-0/data/ratis/ec304384-7b14-4c7f-8d01-6097693610f3 does not exist. Creating ...
2019-09-19 14:04:53,049 [pool-58-thread-1] INFO  storage.RaftStorageDirectory (RaftStorageDirectory.java:tryLock(328)) - Lock on /workdir/hadoop-ozone/integration-test/target/test-dir/MiniOzoneClusterImpl-3b2755de-4cfe-4b43-9e0d-73dd8eda8f75/datanode-0/data/ratis/ec304384-7b14-4c7f-8d01-6097693610f3/in_use.lock acquired by nodename 30982@pr-hdds-1569-swxfz-3172132826
2019-09-19 14:04:53,063 [pool-58-thread-1] INFO  storage.RaftStorage (RaftStorage.java:format(72)) - Storage directory /workdir/hadoop-ozone/integration-test/target/test-dir/MiniOzoneClusterImpl-3b2755de-4cfe-4b43-9e0d-73dd8eda8f75/datanode-0/data/ratis/ec304384-7b14-4c7f-8d01-6097693610f3 has been successfully formatted.
2019-09-19 14:04:53,063 [pool-58-thread-1] INFO  ratis.ContainerStateMachine (ContainerStateMachine.java:loadSnapshot(226)) - group-6097693610F3: The snapshot info is null. Setting the last applied indexto:(t:0, i:~)
2019-09-19 14:04:53,063 [pool-58-thread-1] INFO  server.RaftServerConfigKeys (ConfUtils.java:logGet(43)) - raft.server.leader.election.timeout = 120s (custom)
2019-09-19 14:04:53,063 [pool-58-thread-1] INFO  server.RaftServerConfigKeys (ConfUtils.java:logGet(43)) - raft.server.log.use.memory = false (default)
2019-09-19 14:04:53,063 [pool-58-thread-1] INFO  server.RaftServerConfigKeys (ConfUtils.java:logGet(43)) - raft.server.log.purge.gap = 1000000 (custom)
2019-09-19 14:04:53,063 [pool-58-thread-1] INFO  server.RaftServerConfigKeys (ConfUtils.java:logGet(43)) - raft.server.log.appender.buffer.byte-limit = 33554432 (custom)
2019-09-19 14:04:53,064 [pool-58-thread-1] INFO  server.RaftServerConfigKeys (ConfUtils.java:logGet(43)) - raft.server.log.segment.size.max = 1048576 (custom)
2019-09-19 14:04:53,064 [pool-58-thread-1] INFO  server.RaftServerConfigKeys (ConfUtils.java:logGet(43)) - raft.server.log.segment.cache.num.max = 2 (custom)
2019-09-19 14:04:53,064 [pool-58-thread-1] INFO  segmented.SegmentedRaftLogWorker (SegmentedRaftLogWorker.java:<init>(172)) - new dcc77c7b-1d37-448d-8d57-43d254561693-SegmentedRaftLogWorker:Storage Directory /workdir/hadoop-ozone/integration-test/target/test-dir/MiniOzoneClusterImpl-3b2755de-4cfe-4b43-9e0d-73dd8eda8f75/datanode-0/data/ratis/ec304384-7b14-4c7f-8d01-6097693610f3 for RaftStorage:Storage Directory /workdir/hadoop-ozone/integration-test/target/test-dir/MiniOzoneClusterImpl-3b2755de-4cfe-4b43-9e0d-73dd8eda8f75/datanode-0/data/ratis/ec304384-7b14-4c7f-8d01-6097693610f3
2019-09-19 14:04:53,064 [pool-58-thread-1] INFO  server.RaftServerConfigKeys (ConfUtils.java:logGet(43)) - raft.server.log.queue.byte-limit = 2147483647 (custom)
2019-09-19 14:04:53,064 [pool-58-thread-1] INFO  server.RaftServerConfigKeys (ConfUtils.java:logGet(43)) - raft.server.log.queue.element-limit = 1024 (custom)
2019-09-19 14:04:53,064 [pool-58-thread-1] INFO  server.RaftServerConfigKeys (ConfUtils.java:logGet(43)) - raft.server.log.segment.size.max = 1048576 (custom)
2019-09-19 14:04:53,064 [pool-58-thread-1] INFO  server.RaftServerConfigKeys (ConfUtils.java:logGet(43)) - raft.server.log.preallocated.size = 16384 (custom)
2019-09-19 14:04:53,064 [pool-58-thread-1] INFO  server.RaftServerConfigKeys (ConfUtils.java:logGet(43)) - raft.server.log.write.buffer.size = 33554432 (custom)
2019-09-19 14:04:53,064 [pool-58-thread-1] INFO  server.RaftServerConfigKeys (ConfUtils.java:logGet(43)) - raft.server.log.force.sync.num = 128 (default)
2019-09-19 14:04:53,065 [pool-58-thread-1] INFO  server.RaftServerConfigKeys (ConfUtils.java:logGet(43)) - raft.server.log.statemachine.data.sync = true (default)
2019-09-19 14:04:53,065 [pool-58-thread-1] INFO  server.RaftServerConfigKeys (ConfUtils.java:logGet(43)) - raft.server.log.statemachine.data.sync.timeout = 10s (default)
2019-09-19 14:04:53,065 [pool-58-thread-1] INFO  server.RaftServerConfigKeys (ConfUtils.java:logGet(43)) - raft.server.log.statemachine.data.sync.timeout.retry = -1 (default)
2019-09-19 14:04:53,065 [pool-58-thread-1] INFO  server.RaftServerConfigKeys (ConfUtils.java:logGet(43)) - raft.server.log.statemachine.data.caching.enabled = true (custom)
2019-09-19 14:04:53,065 [pool-58-thread-1] INFO  segmented.SegmentedRaftLogWorker (SegmentedRaftLogWorker.java:lambda$new$0(132)) - dcc77c7b-1d37-448d-8d57-43d254561693-SegmentedRaftLogWorker:Storage Directory /workdir/hadoop-ozone/integration-test/target/test-dir/MiniOzoneClusterImpl-3b2755de-4cfe-4b43-9e0d-73dd8eda8f75/datanode-0/data/ratis/ec304384-7b14-4c7f-8d01-6097693610f3: flushIndex: setUnconditionally 0 -> -1
2019-09-19 14:04:53,065 [pool-58-thread-1] INFO  server.RaftServerConfigKeys (ConfUtils.java:logGet(43)) - raft.server.snapshot.auto.trigger.enabled = true (custom)
2019-09-19 14:04:53,066 [pool-58-thread-1] INFO  server.RaftServerConfigKeys (ConfUtils.java:logGet(43)) - raft.server.snapshot.auto.trigger.threshold = 1 (custom)
2019-09-19 14:04:53,066 [pool-58-thread-1] INFO  server.RaftServerConfigKeys (ConfUtils.java:logGet(43)) - raft.server.retrycache.expirytime = 600000ms (custom)
2019-09-19 14:04:53,066 [pool-58-thread-1] INFO  impl.RaftServerImpl (RaftServerImpl.java:start(180)) - dcc77c7b-1d37-448d-8d57-43d254561693: start group-6097693610F3
2019-09-19 14:04:53,066 [pool-58-thread-1] INFO  impl.RaftServerImpl (RaftServerImpl.java:setRole(171)) - dcc77c7b-1d37-448d-8d57-43d254561693:group-6097693610F3 changes role from null to FOLLOWER at term 0 for startAsFollower
2019-09-19 14:04:53,066 [pool-58-thread-1] INFO  impl.RoleInfo (RoleInfo.java:updateAndGet(143)) - dcc77c7b-1d37-448d-8d57-43d254561693: start FollowerState
2019-09-19 14:04:53,066 [pool-58-thread-1] INFO  util.JmxRegister (JmxRegister.java:tryRegister(44)) - Successfully registered JMX Bean with object name Ratis:service=RaftServer,group=group-6097693610F3,id=dcc77c7b-1d37-448d-8d57-43d254561693
2019-09-19 14:04:53,068 [RatisPipelineUtilsThread] INFO  pipeline.PipelineStateManager (PipelineStateManager.java:addPipeline(56)) - Created pipeline Pipeline[ Id: ec304384-7b14-4c7f-8d01-6097693610f3, Nodes: dcc77c7b-1d37-448d-8d57-43d254561693{ip: 192.168.157.226, host: pr-hdds-1569-swxfz-3172132826, networkLocation: /default-rack, certSerialId: null}, Type:RATIS, Factor:ONE, State:OPEN]
2019-09-19 14:04:53,071 [grpc-default-executor-1] INFO  impl.RaftServerProxy (RaftServerProxy.java:addNew(89)) - dcc77c7b-1d37-448d-8d57-43d254561693: addNew group-E31AF374E74C:[dcc77c7b-1d37-448d-8d57-43d254561693:192.168.157.226:34527] returns group-E31AF374E74C:java.util.concurrent.CompletableFuture@3149903b[Not completed]
2019-09-19 14:04:53,072 [pool-58-thread-1] INFO  impl.RaftServerImpl (RaftServerImpl.java:<init>(93)) - dcc77c7b-1d37-448d-8d57-43d254561693: new RaftServerImpl for group-E31AF374E74C:[dcc77c7b-1d37-448d-8d57-43d254561693:192.168.157.226:34527] with ContainerStateMachine:uninitialized
2019-09-19 14:04:53,072 [pool-58-thread-1] INFO  server.RaftServerConfigKeys (ConfUtils.java:logGet(43)) - raft.server.rpc.timeout.min = 5s (custom)
2019-09-19 14:04:53,072 [pool-58-thread-1] INFO  server.RaftServerConfigKeys (ConfUtils.java:logGet(43)) - raft.server.rpc.timeout.max = 5200ms (custom)
2019-09-19 14:04:53,072 [pool-58-thread-1] INFO  server.RaftServerConfigKeys (ConfUtils.java:logGet(43)) - raft.server.rpcslowness.timeout = 120s (custom)
2019-09-19 14:04:53,072 [pool-58-thread-1] INFO  server.RaftServerConfigKeys (ConfUtils.java:logGet(43)) - raft.server.sleep.deviation.threshold = 300 (default)
2019-09-19 14:04:53,072 [pool-58-thread-1] INFO  server.RaftServerConfigKeys (ConfUtils.java:logGet(43)) - raft.server.log.appender.install.snapshot.enabled = false (custom)
2019-09-19 14:04:53,073 [pool-58-thread-1] INFO  impl.RaftServerImpl (ServerState.java:<init>(105)) - dcc77c7b-1d37-448d-8d57-43d254561693:group-E31AF374E74C ConfigurationManager, init=-1: [dcc77c7b-1d37-448d-8d57-43d254561693:192.168.157.226:34527], old=null, confs=<EMPTY_MAP>
2019-09-19 14:04:53,073 [pool-58-thread-1] INFO  server.RaftServerConfigKeys (ConfUtils.java:logGet(43)) - raft.server.storage.dir = [/workdir/hadoop-ozone/integration-test/target/test-dir/MiniOzoneClusterImpl-3b2755de-4cfe-4b43-9e0d-73dd8eda8f75/datanode-0/data/ratis] (custom)
2019-09-19 14:04:53,073 [pool-58-thread-1] INFO  storage.RaftStorageDirectory (RaftStorageDirectory.java:analyzeStorage(246)) - The storage directory /workdir/hadoop-ozone/integration-test/target/test-dir/MiniOzoneClusterImpl-3b2755de-4cfe-4b43-9e0d-73dd8eda8f75/datanode-0/data/ratis/86bb2644-c807-4586-80a5-e31af374e74c does not exist. Creating ...
2019-09-19 14:04:53,087 [pool-58-thread-1] INFO  storage.RaftStorageDirectory (RaftStorageDirectory.java:tryLock(328)) - Lock on /workdir/hadoop-ozone/integration-test/target/test-dir/MiniOzoneClusterImpl-3b2755de-4cfe-4b43-9e0d-73dd8eda8f75/datanode-0/data/ratis/86bb2644-c807-4586-80a5-e31af374e74c/in_use.lock acquired by nodename 30982@pr-hdds-1569-swxfz-3172132826
2019-09-19 14:04:53,100 [pool-58-thread-1] INFO  storage.RaftStorage (RaftStorage.java:format(72)) - Storage directory /workdir/hadoop-ozone/integration-test/target/test-dir/MiniOzoneClusterImpl-3b2755de-4cfe-4b43-9e0d-73dd8eda8f75/datanode-0/data/ratis/86bb2644-c807-4586-80a5-e31af374e74c has been successfully formatted.
2019-09-19 14:04:53,101 [pool-58-thread-1] INFO  ratis.ContainerStateMachine (ContainerStateMachine.java:loadSnapshot(226)) - group-E31AF374E74C: The snapshot info is null. Setting the last applied indexto:(t:0, i:~)
2019-09-19 14:04:53,101 [pool-58-thread-1] INFO  server.RaftServerConfigKeys (ConfUtils.java:logGet(43)) - raft.server.leader.election.timeout = 120s (custom)
2019-09-19 14:04:53,101 [pool-58-thread-1] INFO  server.RaftServerConfigKeys (ConfUtils.java:logGet(43)) - raft.server.log.use.memory = false (default)
2019-09-19 14:04:53,101 [pool-58-thread-1] INFO  server.RaftServerConfigKeys (ConfUtils.java:logGet(43)) - raft.server.log.purge.gap = 1000000 (custom)
2019-09-19 14:04:53,101 [pool-58-thread-1] INFO  server.RaftServerConfigKeys (ConfUtils.java:logGet(43)) - raft.server.log.appender.buffer.byte-limit = 33554432 (custom)
2019-09-19 14:04:53,101 [pool-58-thread-1] INFO  server.RaftServerConfigKeys (ConfUtils.java:logGet(43)) - raft.server.log.segment.size.max = 1048576 (custom)
2019-09-19 14:04:53,101 [pool-58-thread-1] INFO  server.RaftServerConfigKeys (ConfUtils.java:logGet(43)) - raft.server.log.segment.cache.num.max = 2 (custom)
2019-09-19 14:04:53,101 [pool-58-thread-1] INFO  segmented.SegmentedRaftLogWorker (SegmentedRaftLogWorker.java:<init>(172)) - new dcc77c7b-1d37-448d-8d57-43d254561693-SegmentedRaftLogWorker:Storage Directory /workdir/hadoop-ozone/integration-test/target/test-dir/MiniOzoneClusterImpl-3b2755de-4cfe-4b43-9e0d-73dd8eda8f75/datanode-0/data/ratis/86bb2644-c807-4586-80a5-e31af374e74c for RaftStorage:Storage Directory /workdir/hadoop-ozone/integration-test/target/test-dir/MiniOzoneClusterImpl-3b2755de-4cfe-4b43-9e0d-73dd8eda8f75/datanode-0/data/ratis/86bb2644-c807-4586-80a5-e31af374e74c
2019-09-19 14:04:53,101 [pool-58-thread-1] INFO  server.RaftServerConfigKeys (ConfUtils.java:logGet(43)) - raft.server.log.queue.byte-limit = 2147483647 (custom)
2019-09-19 14:04:53,102 [pool-58-thread-1] INFO  server.RaftServerConfigKeys (ConfUtils.java:logGet(43)) - raft.server.log.queue.element-limit = 1024 (custom)
2019-09-19 14:04:53,102 [pool-58-thread-1] INFO  server.RaftServerConfigKeys (ConfUtils.java:logGet(43)) - raft.server.log.segment.size.max = 1048576 (custom)
2019-09-19 14:04:53,102 [pool-58-thread-1] INFO  server.RaftServerConfigKeys (ConfUtils.java:logGet(43)) - raft.server.log.preallocated.size = 16384 (custom)
2019-09-19 14:04:53,102 [pool-58-thread-1] INFO  server.RaftServerConfigKeys (ConfUtils.java:logGet(43)) - raft.server.log.write.buffer.size = 33554432 (custom)
2019-09-19 14:04:53,102 [pool-58-thread-1] INFO  server.RaftServerConfigKeys (ConfUtils.java:logGet(43)) - raft.server.log.force.sync.num = 128 (default)
2019-09-19 14:04:53,102 [pool-58-thread-1] INFO  server.RaftServerConfigKeys (ConfUtils.java:logGet(43)) - raft.server.log.statemachine.data.sync = true (default)
2019-09-19 14:04:53,102 [pool-58-thread-1] INFO  server.RaftServerConfigKeys (ConfUtils.java:logGet(43)) - raft.server.log.statemachine.data.sync.timeout = 10s (default)
2019-09-19 14:04:53,102 [pool-58-thread-1] INFO  server.RaftServerConfigKeys (ConfUtils.java:logGet(43)) - raft.server.log.statemachine.data.sync.timeout.retry = -1 (default)
2019-09-19 14:04:53,103 [pool-58-thread-1] INFO  server.RaftServerConfigKeys (ConfUtils.java:logGet(43)) - raft.server.log.statemachine.data.caching.enabled = true (custom)
2019-09-19 14:04:53,103 [pool-58-thread-1] INFO  segmented.SegmentedRaftLogWorker (SegmentedRaftLogWorker.java:lambda$new$0(132)) - dcc77c7b-1d37-448d-8d57-43d254561693-SegmentedRaftLogWorker:Storage Directory /workdir/hadoop-ozone/integration-test/target/test-dir/MiniOzoneClusterImpl-3b2755de-4cfe-4b43-9e0d-73dd8eda8f75/datanode-0/data/ratis/86bb2644-c807-4586-80a5-e31af374e74c: flushIndex: setUnconditionally 0 -> -1
2019-09-19 14:04:53,103 [pool-58-thread-1] INFO  server.RaftServerConfigKeys (ConfUtils.java:logGet(43)) - raft.server.snapshot.auto.trigger.enabled = true (custom)
2019-09-19 14:04:53,103 [pool-58-thread-1] INFO  server.RaftServerConfigKeys (ConfUtils.java:logGet(43)) - raft.server.snapshot.auto.trigger.threshold = 1 (custom)
2019-09-19 14:04:53,103 [pool-58-thread-1] INFO  server.RaftServerConfigKeys (ConfUtils.java:logGet(43)) - raft.server.retrycache.expirytime = 600000ms (custom)
2019-09-19 14:04:53,103 [pool-58-thread-1] INFO  impl.RaftServerImpl (RaftServerImpl.java:start(180)) - dcc77c7b-1d37-448d-8d57-43d254561693: start group-E31AF374E74C
2019-09-19 14:04:53,103 [pool-58-thread-1] INFO  impl.RaftServerImpl (RaftServerImpl.java:setRole(171)) - dcc77c7b-1d37-448d-8d57-43d254561693:group-E31AF374E74C changes role from null to FOLLOWER at term 0 for startAsFollower
2019-09-19 14:04:53,103 [pool-58-thread-1] INFO  impl.RoleInfo (RoleInfo.java:updateAndGet(143)) - dcc77c7b-1d37-448d-8d57-43d254561693: start FollowerState
2019-09-19 14:04:53,104 [pool-58-thread-1] INFO  util.JmxRegister (JmxRegister.java:tryRegister(44)) - Successfully registered JMX Bean with object name Ratis:service=RaftServer,group=group-E31AF374E74C,id=dcc77c7b-1d37-448d-8d57-43d254561693
2019-09-19 14:04:53,105 [RatisPipelineUtilsThread] INFO  pipeline.PipelineStateManager (PipelineStateManager.java:addPipeline(56)) - Created pipeline Pipeline[ Id: 86bb2644-c807-4586-80a5-e31af374e74c, Nodes: dcc77c7b-1d37-448d-8d57-43d254561693{ip: 192.168.157.226, host: pr-hdds-1569-swxfz-3172132826, networkLocation: /default-rack, certSerialId: null}, Type:RATIS, Factor:ONE, State:OPEN]
2019-09-19 14:04:53,107 [grpc-default-executor-1] INFO  impl.RaftServerProxy (RaftServerProxy.java:addNew(89)) - dcc77c7b-1d37-448d-8d57-43d254561693: addNew group-5058C03AF78E:[dcc77c7b-1d37-448d-8d57-43d254561693:192.168.157.226:34527] returns group-5058C03AF78E:java.util.concurrent.CompletableFuture@33ea0c84[Not completed]
2019-09-19 14:04:53,108 [pool-58-thread-1] INFO  impl.RaftServerImpl (RaftServerImpl.java:<init>(93)) - dcc77c7b-1d37-448d-8d57-43d254561693: new RaftServerImpl for group-5058C03AF78E:[dcc77c7b-1d37-448d-8d57-43d254561693:192.168.157.226:34527] with ContainerStateMachine:uninitialized
2019-09-19 14:04:53,108 [pool-58-thread-1] INFO  server.RaftServerConfigKeys (ConfUtils.java:logGet(43)) - raft.server.rpc.timeout.min = 5s (custom)
2019-09-19 14:04:53,108 [pool-58-thread-1] INFO  server.RaftServerConfigKeys (ConfUtils.java:logGet(43)) - raft.server.rpc.timeout.max = 5200ms (custom)
2019-09-19 14:04:53,108 [pool-58-thread-1] INFO  server.RaftServerConfigKeys (ConfUtils.java:logGet(43)) - raft.server.rpcslowness.timeout = 120s (custom)
2019-09-19 14:04:53,108 [pool-58-thread-1] INFO  server.RaftServerConfigKeys (ConfUtils.java:logGet(43)) - raft.server.sleep.deviation.threshold = 300 (default)
2019-09-19 14:04:53,108 [pool-58-thread-1] INFO  server.RaftServerConfigKeys (ConfUtils.java:logGet(43)) - raft.server.log.appender.install.snapshot.enabled = false (custom)
2019-09-19 14:04:53,108 [pool-58-thread-1] INFO  impl.RaftServerImpl (ServerState.java:<init>(105)) - dcc77c7b-1d37-448d-8d57-43d254561693:group-5058C03AF78E ConfigurationManager, init=-1: [dcc77c7b-1d37-448d-8d57-43d254561693:192.168.157.226:34527], old=null, confs=<EMPTY_MAP>
2019-09-19 14:04:53,109 [pool-58-thread-1] INFO  server.RaftServerConfigKeys (ConfUtils.java:logGet(43)) - raft.server.storage.dir = [/workdir/hadoop-ozone/integration-test/target/test-dir/MiniOzoneClusterImpl-3b2755de-4cfe-4b43-9e0d-73dd8eda8f75/datanode-0/data/ratis] (custom)
2019-09-19 14:04:53,109 [pool-58-thread-1] INFO  storage.RaftStorageDirectory (RaftStorageDirectory.java:analyzeStorage(246)) - The storage directory /workdir/hadoop-ozone/integration-test/target/test-dir/MiniOzoneClusterImpl-3b2755de-4cfe-4b43-9e0d-73dd8eda8f75/datanode-0/data/ratis/7679cf48-2fd9-4db1-a1e6-5058c03af78e does not exist. Creating ...
2019-09-19 14:04:53,122 [pool-58-thread-1] INFO  storage.RaftStorageDirectory (RaftStorageDirectory.java:tryLock(328)) - Lock on /workdir/hadoop-ozone/integration-test/target/test-dir/MiniOzoneClusterImpl-3b2755de-4cfe-4b43-9e0d-73dd8eda8f75/datanode-0/data/ratis/7679cf48-2fd9-4db1-a1e6-5058c03af78e/in_use.lock acquired by nodename 30982@pr-hdds-1569-swxfz-3172132826
2019-09-19 14:04:53,134 [pool-58-thread-1] INFO  storage.RaftStorage (RaftStorage.java:format(72)) - Storage directory /workdir/hadoop-ozone/integration-test/target/test-dir/MiniOzoneClusterImpl-3b2755de-4cfe-4b43-9e0d-73dd8eda8f75/datanode-0/data/ratis/7679cf48-2fd9-4db1-a1e6-5058c03af78e has been successfully formatted.
2019-09-19 14:04:53,135 [pool-58-thread-1] INFO  ratis.ContainerStateMachine (ContainerStateMachine.java:loadSnapshot(226)) - group-5058C03AF78E: The snapshot info is null. Setting the last applied indexto:(t:0, i:~)
2019-09-19 14:04:53,135 [pool-58-thread-1] INFO  server.RaftServerConfigKeys (ConfUtils.java:logGet(43)) - raft.server.leader.election.timeout = 120s (custom)
2019-09-19 14:04:53,135 [pool-58-thread-1] INFO  server.RaftServerConfigKeys (ConfUtils.java:logGet(43)) - raft.server.log.use.memory = false (default)
2019-09-19 14:04:53,135 [pool-58-thread-1] INFO  server.RaftServerConfigKeys (ConfUtils.java:logGet(43)) - raft.server.log.purge.gap = 1000000 (custom)
2019-09-19 14:04:53,135 [pool-58-thread-1] INFO  server.RaftServerConfigKeys (ConfUtils.java:logGet(43)) - raft.server.log.appender.buffer.byte-limit = 33554432 (custom)
2019-09-19 14:04:53,135 [pool-58-thread-1] INFO  server.RaftServerConfigKeys (ConfUtils.java:logGet(43)) - raft.server.log.segment.size.max = 1048576 (custom)
2019-09-19 14:04:53,135 [pool-58-thread-1] INFO  server.RaftServerConfigKeys (ConfUtils.java:logGet(43)) - raft.server.log.segment.cache.num.max = 2 (custom)
2019-09-19 14:04:53,135 [pool-58-thread-1] INFO  segmented.SegmentedRaftLogWorker (SegmentedRaftLogWorker.java:<init>(172)) - new dcc77c7b-1d37-448d-8d57-43d254561693-SegmentedRaftLogWorker:Storage Directory /workdir/hadoop-ozone/integration-test/target/test-dir/MiniOzoneClusterImpl-3b2755de-4cfe-4b43-9e0d-73dd8eda8f75/datanode-0/data/ratis/7679cf48-2fd9-4db1-a1e6-5058c03af78e for RaftStorage:Storage Directory /workdir/hadoop-ozone/integration-test/target/test-dir/MiniOzoneClusterImpl-3b2755de-4cfe-4b43-9e0d-73dd8eda8f75/datanode-0/data/ratis/7679cf48-2fd9-4db1-a1e6-5058c03af78e
2019-09-19 14:04:53,136 [pool-58-thread-1] INFO  server.RaftServerConfigKeys (ConfUtils.java:logGet(43)) - raft.server.log.queue.byte-limit = 2147483647 (custom)
2019-09-19 14:04:53,136 [pool-58-thread-1] INFO  server.RaftServerConfigKeys (ConfUtils.java:logGet(43)) - raft.server.log.queue.element-limit = 1024 (custom)
2019-09-19 14:04:53,136 [pool-58-thread-1] INFO  server.RaftServerConfigKeys (ConfUtils.java:logGet(43)) - raft.server.log.segment.size.max = 1048576 (custom)
2019-09-19 14:04:53,136 [pool-58-thread-1] INFO  server.RaftServerConfigKeys (ConfUtils.java:logGet(43)) - raft.server.log.preallocated.size = 16384 (custom)
2019-09-19 14:04:53,136 [pool-58-thread-1] INFO  server.RaftServerConfigKeys (ConfUtils.java:logGet(43)) - raft.server.log.write.buffer.size = 33554432 (custom)
2019-09-19 14:04:53,136 [pool-58-thread-1] INFO  server.RaftServerConfigKeys (ConfUtils.java:logGet(43)) - raft.server.log.force.sync.num = 128 (default)
2019-09-19 14:04:53,136 [pool-58-thread-1] INFO  server.RaftServerConfigKeys (ConfUtils.java:logGet(43)) - raft.server.log.statemachine.data.sync = true (default)
2019-09-19 14:04:53,136 [pool-58-thread-1] INFO  server.RaftServerConfigKeys (ConfUtils.java:logGet(43)) - raft.server.log.statemachine.data.sync.timeout = 10s (default)
2019-09-19 14:04:53,136 [pool-58-thread-1] INFO  server.RaftServerConfigKeys (ConfUtils.java:logGet(43)) - raft.server.log.statemachine.data.sync.timeout.retry = -1 (default)
2019-09-19 14:04:53,137 [pool-58-thread-1] INFO  server.RaftServerConfigKeys (ConfUtils.java:logGet(43)) - raft.server.log.statemachine.data.caching.enabled = true (custom)
2019-09-19 14:04:53,137 [pool-58-thread-1] INFO  segmented.SegmentedRaftLogWorker (SegmentedRaftLogWorker.java:lambda$new$0(132)) - dcc77c7b-1d37-448d-8d57-43d254561693-SegmentedRaftLogWorker:Storage Directory /workdir/hadoop-ozone/integration-test/target/test-dir/MiniOzoneClusterImpl-3b2755de-4cfe-4b43-9e0d-73dd8eda8f75/datanode-0/data/ratis/7679cf48-2fd9-4db1-a1e6-5058c03af78e: flushIndex: setUnconditionally 0 -> -1
2019-09-19 14:04:53,137 [pool-58-thread-1] INFO  server.RaftServerConfigKeys (ConfUtils.java:logGet(43)) - raft.server.snapshot.auto.trigger.enabled = true (custom)
2019-09-19 14:04:53,137 [pool-58-thread-1] INFO  server.RaftServerConfigKeys (ConfUtils.java:logGet(43)) - raft.server.snapshot.auto.trigger.threshold = 1 (custom)
2019-09-19 14:04:53,137 [pool-58-thread-1] INFO  server.RaftServerConfigKeys (ConfUtils.java:logGet(43)) - raft.server.retrycache.expirytime = 600000ms (custom)
2019-09-19 14:04:53,137 [pool-58-thread-1] INFO  impl.RaftServerImpl (RaftServerImpl.java:start(180)) - dcc77c7b-1d37-448d-8d57-43d254561693: start group-5058C03AF78E
2019-09-19 14:04:53,137 [pool-58-thread-1] INFO  impl.RaftServerImpl (RaftServerImpl.java:setRole(171)) - dcc77c7b-1d37-448d-8d57-43d254561693:group-5058C03AF78E changes role from null to FOLLOWER at term 0 for startAsFollower
2019-09-19 14:04:53,137 [pool-58-thread-1] INFO  impl.RoleInfo (RoleInfo.java:updateAndGet(143)) - dcc77c7b-1d37-448d-8d57-43d254561693: start FollowerState
2019-09-19 14:04:53,138 [pool-58-thread-1] INFO  util.JmxRegister (JmxRegister.java:tryRegister(44)) - Successfully registered JMX Bean with object name Ratis:service=RaftServer,group=group-5058C03AF78E,id=dcc77c7b-1d37-448d-8d57-43d254561693
2019-09-19 14:04:53,139 [RatisPipelineUtilsThread] INFO  pipeline.PipelineStateManager (PipelineStateManager.java:addPipeline(56)) - Created pipeline Pipeline[ Id: 7679cf48-2fd9-4db1-a1e6-5058c03af78e, Nodes: dcc77c7b-1d37-448d-8d57-43d254561693{ip: 192.168.157.226, host: pr-hdds-1569-swxfz-3172132826, networkLocation: /default-rack, certSerialId: null}, Type:RATIS, Factor:ONE, State:OPEN]
2019-09-19 14:04:53,141 [grpc-default-executor-1] INFO  impl.RaftServerProxy (RaftServerProxy.java:addNew(89)) - dcc77c7b-1d37-448d-8d57-43d254561693: addNew group-450D00ABA19B:[dcc77c7b-1d37-448d-8d57-43d254561693:192.168.157.226:34527] returns group-450D00ABA19B:java.util.concurrent.CompletableFuture@55194cf1[Not completed]
2019-09-19 14:04:53,141 [pool-58-thread-1] INFO  impl.RaftServerImpl (RaftServerImpl.java:<init>(93)) - dcc77c7b-1d37-448d-8d57-43d254561693: new RaftServerImpl for group-450D00ABA19B:[dcc77c7b-1d37-448d-8d57-43d254561693:192.168.157.226:34527] with ContainerStateMachine:uninitialized
2019-09-19 14:04:53,142 [pool-58-thread-1] INFO  server.RaftServerConfigKeys (ConfUtils.java:logGet(43)) - raft.server.rpc.timeout.min = 5s (custom)
2019-09-19 14:04:53,142 [pool-58-thread-1] INFO  server.RaftServerConfigKeys (ConfUtils.java:logGet(43)) - raft.server.rpc.timeout.max = 5200ms (custom)
2019-09-19 14:04:53,142 [pool-58-thread-1] INFO  server.RaftServerConfigKeys (ConfUtils.java:logGet(43)) - raft.server.rpcslowness.timeout = 120s (custom)
2019-09-19 14:04:53,142 [pool-58-thread-1] INFO  server.RaftServerConfigKeys (ConfUtils.java:logGet(43)) - raft.server.sleep.deviation.threshold = 300 (default)
2019-09-19 14:04:53,142 [pool-58-thread-1] INFO  server.RaftServerConfigKeys (ConfUtils.java:logGet(43)) - raft.server.log.appender.install.snapshot.enabled = false (custom)
2019-09-19 14:04:53,142 [pool-58-thread-1] INFO  impl.RaftServerImpl (ServerState.java:<init>(105)) - dcc77c7b-1d37-448d-8d57-43d254561693:group-450D00ABA19B ConfigurationManager, init=-1: [dcc77c7b-1d37-448d-8d57-43d254561693:192.168.157.226:34527], old=null, confs=<EMPTY_MAP>
2019-09-19 14:04:53,142 [pool-58-thread-1] INFO  server.RaftServerConfigKeys (ConfUtils.java:logGet(43)) - raft.server.storage.dir = [/workdir/hadoop-ozone/integration-test/target/test-dir/MiniOzoneClusterImpl-3b2755de-4cfe-4b43-9e0d-73dd8eda8f75/datanode-0/data/ratis] (custom)
2019-09-19 14:04:53,143 [pool-58-thread-1] INFO  storage.RaftStorageDirectory (RaftStorageDirectory.java:analyzeStorage(246)) - The storage directory /workdir/hadoop-ozone/integration-test/target/test-dir/MiniOzoneClusterImpl-3b2755de-4cfe-4b43-9e0d-73dd8eda8f75/datanode-0/data/ratis/27ec6a42-f45c-46c2-9989-450d00aba19b does not exist. Creating ...
2019-09-19 14:04:53,155 [pool-58-thread-1] INFO  storage.RaftStorageDirectory (RaftStorageDirectory.java:tryLock(328)) - Lock on /workdir/hadoop-ozone/integration-test/target/test-dir/MiniOzoneClusterImpl-3b2755de-4cfe-4b43-9e0d-73dd8eda8f75/datanode-0/data/ratis/27ec6a42-f45c-46c2-9989-450d00aba19b/in_use.lock acquired by nodename 30982@pr-hdds-1569-swxfz-3172132826
2019-09-19 14:04:53,158 [pool-58-thread-1] INFO  storage.RaftStorage (RaftStorage.java:format(72)) - Storage directory /workdir/hadoop-ozone/integration-test/target/test-dir/MiniOzoneClusterImpl-3b2755de-4cfe-4b43-9e0d-73dd8eda8f75/datanode-0/data/ratis/27ec6a42-f45c-46c2-9989-450d00aba19b has been successfully formatted.
2019-09-19 14:04:53,158 [pool-58-thread-1] INFO  ratis.ContainerStateMachine (ContainerStateMachine.java:loadSnapshot(226)) - group-450D00ABA19B: The snapshot info is null. Setting the last applied indexto:(t:0, i:~)
2019-09-19 14:04:53,158 [pool-58-thread-1] INFO  server.RaftServerConfigKeys (ConfUtils.java:logGet(43)) - raft.server.leader.election.timeout = 120s (custom)
2019-09-19 14:04:53,159 [pool-58-thread-1] INFO  server.RaftServerConfigKeys (ConfUtils.java:logGet(43)) - raft.server.log.use.memory = false (default)
2019-09-19 14:04:53,159 [pool-58-thread-1] INFO  server.RaftServerConfigKeys (ConfUtils.java:logGet(43)) - raft.server.log.purge.gap = 1000000 (custom)
2019-09-19 14:04:53,159 [pool-58-thread-1] INFO  server.RaftServerConfigKeys (ConfUtils.java:logGet(43)) - raft.server.log.appender.buffer.byte-limit = 33554432 (custom)
2019-09-19 14:04:53,159 [pool-58-thread-1] INFO  server.RaftServerConfigKeys (ConfUtils.java:logGet(43)) - raft.server.log.segment.size.max = 1048576 (custom)
2019-09-19 14:04:53,159 [pool-58-thread-1] INFO  server.RaftServerConfigKeys (ConfUtils.java:logGet(43)) - raft.server.log.segment.cache.num.max = 2 (custom)
2019-09-19 14:04:53,159 [pool-58-thread-1] INFO  segmented.SegmentedRaftLogWorker (SegmentedRaftLogWorker.java:<init>(172)) - new dcc77c7b-1d37-448d-8d57-43d254561693-SegmentedRaftLogWorker:Storage Directory /workdir/hadoop-ozone/integration-test/target/test-dir/MiniOzoneClusterImpl-3b2755de-4cfe-4b43-9e0d-73dd8eda8f75/datanode-0/data/ratis/27ec6a42-f45c-46c2-9989-450d00aba19b for RaftStorage:Storage Directory /workdir/hadoop-ozone/integration-test/target/test-dir/MiniOzoneClusterImpl-3b2755de-4cfe-4b43-9e0d-73dd8eda8f75/datanode-0/data/ratis/27ec6a42-f45c-46c2-9989-450d00aba19b
2019-09-19 14:04:53,159 [pool-58-thread-1] INFO  server.RaftServerConfigKeys (ConfUtils.java:logGet(43)) - raft.server.log.queue.byte-limit = 2147483647 (custom)
2019-09-19 14:04:53,160 [pool-58-thread-1] INFO  server.RaftServerConfigKeys (ConfUtils.java:logGet(43)) - raft.server.log.queue.element-limit = 1024 (custom)
2019-09-19 14:04:53,160 [pool-58-thread-1] INFO  server.RaftServerConfigKeys (ConfUtils.java:logGet(43)) - raft.server.log.segment.size.max = 1048576 (custom)
2019-09-19 14:04:53,160 [pool-58-thread-1] INFO  server.RaftServerConfigKeys (ConfUtils.java:logGet(43)) - raft.server.log.preallocated.size = 16384 (custom)
2019-09-19 14:04:53,160 [pool-58-thread-1] INFO  server.RaftServerConfigKeys (ConfUtils.java:logGet(43)) - raft.server.log.write.buffer.size = 33554432 (custom)
2019-09-19 14:04:53,160 [pool-58-thread-1] INFO  server.RaftServerConfigKeys (ConfUtils.java:logGet(43)) - raft.server.log.force.sync.num = 128 (default)
2019-09-19 14:04:53,160 [pool-58-thread-1] INFO  server.RaftServerConfigKeys (ConfUtils.java:logGet(43)) - raft.server.log.statemachine.data.sync = true (default)
2019-09-19 14:04:53,160 [pool-58-thread-1] INFO  server.RaftServerConfigKeys (ConfUtils.java:logGet(43)) - raft.server.log.statemachine.data.sync.timeout = 10s (default)
2019-09-19 14:04:53,160 [pool-58-thread-1] INFO  server.RaftServerConfigKeys (ConfUtils.java:logGet(43)) - raft.server.log.statemachine.data.sync.timeout.retry = -1 (default)
2019-09-19 14:04:53,161 [pool-58-thread-1] INFO  server.RaftServerConfigKeys (ConfUtils.java:logGet(43)) - raft.server.log.statemachine.data.caching.enabled = true (custom)
2019-09-19 14:04:53,161 [pool-58-thread-1] INFO  segmented.SegmentedRaftLogWorker (SegmentedRaftLogWorker.java:lambda$new$0(132)) - dcc77c7b-1d37-448d-8d57-43d254561693-SegmentedRaftLogWorker:Storage Directory /workdir/hadoop-ozone/integration-test/target/test-dir/MiniOzoneClusterImpl-3b2755de-4cfe-4b43-9e0d-73dd8eda8f75/datanode-0/data/ratis/27ec6a42-f45c-46c2-9989-450d00aba19b: flushIndex: setUnconditionally 0 -> -1
2019-09-19 14:04:53,161 [pool-58-thread-1] INFO  server.RaftServerConfigKeys (ConfUtils.java:logGet(43)) - raft.server.snapshot.auto.trigger.enabled = true (custom)
2019-09-19 14:04:53,161 [pool-58-thread-1] INFO  server.RaftServerConfigKeys (ConfUtils.java:logGet(43)) - raft.server.snapshot.auto.trigger.threshold = 1 (custom)
2019-09-19 14:04:53,161 [pool-58-thread-1] INFO  server.RaftServerConfigKeys (ConfUtils.java:logGet(43)) - raft.server.retrycache.expirytime = 600000ms (custom)
2019-09-19 14:04:53,161 [pool-58-thread-1] INFO  impl.RaftServerImpl (RaftServerImpl.java:start(180)) - dcc77c7b-1d37-448d-8d57-43d254561693: start group-450D00ABA19B
2019-09-19 14:04:53,162 [pool-58-thread-1] INFO  impl.RaftServerImpl (RaftServerImpl.java:setRole(171)) - dcc77c7b-1d37-448d-8d57-43d254561693:group-450D00ABA19B changes role from null to FOLLOWER at term 0 for startAsFollower
2019-09-19 14:04:53,162 [pool-58-thread-1] INFO  impl.RoleInfo (RoleInfo.java:updateAndGet(143)) - dcc77c7b-1d37-448d-8d57-43d254561693: start FollowerState
2019-09-19 14:04:53,162 [pool-58-thread-1] INFO  util.JmxRegister (JmxRegister.java:tryRegister(44)) - Successfully registered JMX Bean with object name Ratis:service=RaftServer,group=group-450D00ABA19B,id=dcc77c7b-1d37-448d-8d57-43d254561693
2019-09-19 14:04:53,163 [RatisPipelineUtilsThread] INFO  pipeline.PipelineStateManager (PipelineStateManager.java:addPipeline(56)) - Created pipeline Pipeline[ Id: 27ec6a42-f45c-46c2-9989-450d00aba19b, Nodes: dcc77c7b-1d37-448d-8d57-43d254561693{ip: 192.168.157.226, host: pr-hdds-1569-swxfz-3172132826, networkLocation: /default-rack, certSerialId: null}, Type:RATIS, Factor:ONE, State:OPEN]
2019-09-19 14:04:53,166 [grpc-default-executor-1] INFO  impl.RaftServerProxy (RaftServerProxy.java:addNew(89)) - dcc77c7b-1d37-448d-8d57-43d254561693: addNew group-4467D65330C2:[dcc77c7b-1d37-448d-8d57-43d254561693:192.168.157.226:34527] returns group-4467D65330C2:java.util.concurrent.CompletableFuture@1cb853ea[Not completed]
2019-09-19 14:04:53,166 [pool-58-thread-1] INFO  impl.RaftServerImpl (RaftServerImpl.java:<init>(93)) - dcc77c7b-1d37-448d-8d57-43d254561693: new RaftServerImpl for group-4467D65330C2:[dcc77c7b-1d37-448d-8d57-43d254561693:192.168.157.226:34527] with ContainerStateMachine:uninitialized
2019-09-19 14:04:53,167 [pool-58-thread-1] INFO  server.RaftServerConfigKeys (ConfUtils.java:logGet(43)) - raft.server.rpc.timeout.min = 5s (custom)
2019-09-19 14:04:53,167 [pool-58-thread-1] INFO  server.RaftServerConfigKeys (ConfUtils.java:logGet(43)) - raft.server.rpc.timeout.max = 5200ms (custom)
2019-09-19 14:04:53,167 [pool-58-thread-1] INFO  server.RaftServerConfigKeys (ConfUtils.java:logGet(43)) - raft.server.rpcslowness.timeout = 120s (custom)
2019-09-19 14:04:53,167 [pool-58-thread-1] INFO  server.RaftServerConfigKeys (ConfUtils.java:logGet(43)) - raft.server.sleep.deviation.threshold = 300 (default)
2019-09-19 14:04:53,167 [pool-58-thread-1] INFO  server.RaftServerConfigKeys (ConfUtils.java:logGet(43)) - raft.server.log.appender.install.snapshot.enabled = false (custom)
2019-09-19 14:04:53,167 [pool-58-thread-1] INFO  impl.RaftServerImpl (ServerState.java:<init>(105)) - dcc77c7b-1d37-448d-8d57-43d254561693:group-4467D65330C2 ConfigurationManager, init=-1: [dcc77c7b-1d37-448d-8d57-43d254561693:192.168.157.226:34527], old=null, confs=<EMPTY_MAP>
2019-09-19 14:04:53,167 [pool-58-thread-1] INFO  server.RaftServerConfigKeys (ConfUtils.java:logGet(43)) - raft.server.storage.dir = [/workdir/hadoop-ozone/integration-test/target/test-dir/MiniOzoneClusterImpl-3b2755de-4cfe-4b43-9e0d-73dd8eda8f75/datanode-0/data/ratis] (custom)
2019-09-19 14:04:53,168 [pool-58-thread-1] INFO  storage.RaftStorageDirectory (RaftStorageDirectory.java:analyzeStorage(246)) - The storage directory /workdir/hadoop-ozone/integration-test/target/test-dir/MiniOzoneClusterImpl-3b2755de-4cfe-4b43-9e0d-73dd8eda8f75/datanode-0/data/ratis/5b6bb2d1-6a86-44a9-9560-4467d65330c2 does not exist. Creating ...
2019-09-19 14:04:53,171 [pool-58-thread-1] INFO  storage.RaftStorageDirectory (RaftStorageDirectory.java:tryLock(328)) - Lock on /workdir/hadoop-ozone/integration-test/target/test-dir/MiniOzoneClusterImpl-3b2755de-4cfe-4b43-9e0d-73dd8eda8f75/datanode-0/data/ratis/5b6bb2d1-6a86-44a9-9560-4467d65330c2/in_use.lock acquired by nodename 30982@pr-hdds-1569-swxfz-3172132826
2019-09-19 14:04:53,175 [pool-58-thread-1] INFO  storage.RaftStorage (RaftStorage.java:format(72)) - Storage directory /workdir/hadoop-ozone/integration-test/target/test-dir/MiniOzoneClusterImpl-3b2755de-4cfe-4b43-9e0d-73dd8eda8f75/datanode-0/data/ratis/5b6bb2d1-6a86-44a9-9560-4467d65330c2 has been successfully formatted.
2019-09-19 14:04:53,175 [pool-58-thread-1] INFO  ratis.ContainerStateMachine (ContainerStateMachine.java:loadSnapshot(226)) - group-4467D65330C2: The snapshot info is null. Setting the last applied indexto:(t:0, i:~)
2019-09-19 14:04:53,175 [pool-58-thread-1] INFO  server.RaftServerConfigKeys (ConfUtils.java:logGet(43)) - raft.server.leader.election.timeout = 120s (custom)
2019-09-19 14:04:53,175 [pool-58-thread-1] INFO  server.RaftServerConfigKeys (ConfUtils.java:logGet(43)) - raft.server.log.use.memory = false (default)
2019-09-19 14:04:53,176 [pool-58-thread-1] INFO  server.RaftServerConfigKeys (ConfUtils.java:logGet(43)) - raft.server.log.purge.gap = 1000000 (custom)
2019-09-19 14:04:53,176 [pool-58-thread-1] INFO  server.RaftServerConfigKeys (ConfUtils.java:logGet(43)) - raft.server.log.appender.buffer.byte-limit = 33554432 (custom)
2019-09-19 14:04:53,176 [pool-58-thread-1] INFO  server.RaftServerConfigKeys (ConfUtils.java:logGet(43)) - raft.server.log.segment.size.max = 1048576 (custom)
2019-09-19 14:04:53,176 [pool-58-thread-1] INFO  server.RaftServerConfigKeys (ConfUtils.java:logGet(43)) - raft.server.log.segment.cache.num.max = 2 (custom)
2019-09-19 14:04:53,176 [pool-58-thread-1] INFO  segmented.SegmentedRaftLogWorker (SegmentedRaftLogWorker.java:<init>(172)) - new dcc77c7b-1d37-448d-8d57-43d254561693-SegmentedRaftLogWorker:Storage Directory /workdir/hadoop-ozone/integration-test/target/test-dir/MiniOzoneClusterImpl-3b2755de-4cfe-4b43-9e0d-73dd8eda8f75/datanode-0/data/ratis/5b6bb2d1-6a86-44a9-9560-4467d65330c2 for RaftStorage:Storage Directory /workdir/hadoop-ozone/integration-test/target/test-dir/MiniOzoneClusterImpl-3b2755de-4cfe-4b43-9e0d-73dd8eda8f75/datanode-0/data/ratis/5b6bb2d1-6a86-44a9-9560-4467d65330c2
2019-09-19 14:04:53,176 [pool-58-thread-1] INFO  server.RaftServerConfigKeys (ConfUtils.java:logGet(43)) - raft.server.log.queue.byte-limit = 2147483647 (custom)
2019-09-19 14:04:53,176 [pool-58-thread-1] INFO  server.RaftServerConfigKeys (ConfUtils.java:logGet(43)) - raft.server.log.queue.element-limit = 1024 (custom)
2019-09-19 14:04:53,177 [pool-58-thread-1] INFO  server.RaftServerConfigKeys (ConfUtils.java:logGet(43)) - raft.server.log.segment.size.max = 1048576 (custom)
2019-09-19 14:04:53,177 [pool-58-thread-1] INFO  server.RaftServerConfigKeys (ConfUtils.java:logGet(43)) - raft.server.log.preallocated.size = 16384 (custom)
2019-09-19 14:04:53,177 [pool-58-thread-1] INFO  server.RaftServerConfigKeys (ConfUtils.java:logGet(43)) - raft.server.log.write.buffer.size = 33554432 (custom)
2019-09-19 14:04:53,177 [pool-58-thread-1] INFO  server.RaftServerConfigKeys (ConfUtils.java:logGet(43)) - raft.server.log.force.sync.num = 128 (default)
2019-09-19 14:04:53,177 [pool-58-thread-1] INFO  server.RaftServerConfigKeys (ConfUtils.java:logGet(43)) - raft.server.log.statemachine.data.sync = true (default)
2019-09-19 14:04:53,177 [pool-58-thread-1] INFO  server.RaftServerConfigKeys (ConfUtils.java:logGet(43)) - raft.server.log.statemachine.data.sync.timeout = 10s (default)
2019-09-19 14:04:53,177 [pool-58-thread-1] INFO  server.RaftServerConfigKeys (ConfUtils.java:logGet(43)) - raft.server.log.statemachine.data.sync.timeout.retry = -1 (default)
2019-09-19 14:04:53,178 [pool-58-thread-1] INFO  server.RaftServerConfigKeys (ConfUtils.java:logGet(43)) - raft.server.log.statemachine.data.caching.enabled = true (custom)
2019-09-19 14:04:53,178 [pool-58-thread-1] INFO  segmented.SegmentedRaftLogWorker (SegmentedRaftLogWorker.java:lambda$new$0(132)) - dcc77c7b-1d37-448d-8d57-43d254561693-SegmentedRaftLogWorker:Storage Directory /workdir/hadoop-ozone/integration-test/target/test-dir/MiniOzoneClusterImpl-3b2755de-4cfe-4b43-9e0d-73dd8eda8f75/datanode-0/data/ratis/5b6bb2d1-6a86-44a9-9560-4467d65330c2: flushIndex: setUnconditionally 0 -> -1
2019-09-19 14:04:53,178 [pool-58-thread-1] INFO  server.RaftServerConfigKeys (ConfUtils.java:logGet(43)) - raft.server.snapshot.auto.trigger.enabled = true (custom)
2019-09-19 14:04:53,178 [pool-58-thread-1] INFO  server.RaftServerConfigKeys (ConfUtils.java:logGet(43)) - raft.server.snapshot.auto.trigger.threshold = 1 (custom)
2019-09-19 14:04:53,178 [pool-58-thread-1] INFO  server.RaftServerConfigKeys (ConfUtils.java:logGet(43)) - raft.server.retrycache.expirytime = 600000ms (custom)
2019-09-19 14:04:53,178 [pool-58-thread-1] INFO  impl.RaftServerImpl (RaftServerImpl.java:start(180)) - dcc77c7b-1d37-448d-8d57-43d254561693: start group-4467D65330C2
2019-09-19 14:04:53,179 [pool-58-thread-1] INFO  impl.RaftServerImpl (RaftServerImpl.java:setRole(171)) - dcc77c7b-1d37-448d-8d57-43d254561693:group-4467D65330C2 changes role from null to FOLLOWER at term 0 for startAsFollower
2019-09-19 14:04:53,179 [pool-58-thread-1] INFO  impl.RoleInfo (RoleInfo.java:updateAndGet(143)) - dcc77c7b-1d37-448d-8d57-43d254561693: start FollowerState
2019-09-19 14:04:53,179 [pool-58-thread-1] INFO  util.JmxRegister (JmxRegister.java:tryRegister(44)) - Successfully registered JMX Bean with object name Ratis:service=RaftServer,group=group-4467D65330C2,id=dcc77c7b-1d37-448d-8d57-43d254561693
2019-09-19 14:04:53,180 [RatisPipelineUtilsThread] INFO  pipeline.PipelineStateManager (PipelineStateManager.java:addPipeline(56)) - Created pipeline Pipeline[ Id: 5b6bb2d1-6a86-44a9-9560-4467d65330c2, Nodes: dcc77c7b-1d37-448d-8d57-43d254561693{ip: 192.168.157.226, host: pr-hdds-1569-swxfz-3172132826, networkLocation: /default-rack, certSerialId: null}, Type:RATIS, Factor:ONE, State:OPEN]
2019-09-19 14:04:53,182 [grpc-default-executor-1] INFO  impl.RaftServerProxy (RaftServerProxy.java:addNew(89)) - dcc77c7b-1d37-448d-8d57-43d254561693: addNew group-BB4E63A8ADCE:[dcc77c7b-1d37-448d-8d57-43d254561693:192.168.157.226:34527] returns group-BB4E63A8ADCE:java.util.concurrent.CompletableFuture@4df7716c[Not completed]
2019-09-19 14:04:53,183 [pool-58-thread-1] INFO  impl.RaftServerImpl (RaftServerImpl.java:<init>(93)) - dcc77c7b-1d37-448d-8d57-43d254561693: new RaftServerImpl for group-BB4E63A8ADCE:[dcc77c7b-1d37-448d-8d57-43d254561693:192.168.157.226:34527] with ContainerStateMachine:uninitialized
2019-09-19 14:04:53,183 [pool-58-thread-1] INFO  server.RaftServerConfigKeys (ConfUtils.java:logGet(43)) - raft.server.rpc.timeout.min = 5s (custom)
2019-09-19 14:04:53,183 [pool-58-thread-1] INFO  server.RaftServerConfigKeys (ConfUtils.java:logGet(43)) - raft.server.rpc.timeout.max = 5200ms (custom)
2019-09-19 14:04:53,183 [pool-58-thread-1] INFO  server.RaftServerConfigKeys (ConfUtils.java:logGet(43)) - raft.server.rpcslowness.timeout = 120s (custom)
2019-09-19 14:04:53,183 [pool-58-thread-1] INFO  server.RaftServerConfigKeys (ConfUtils.java:logGet(43)) - raft.server.sleep.deviation.threshold = 300 (default)
2019-09-19 14:04:53,184 [pool-58-thread-1] INFO  server.RaftServerConfigKeys (ConfUtils.java:logGet(43)) - raft.server.log.appender.install.snapshot.enabled = false (custom)
2019-09-19 14:04:53,184 [pool-58-thread-1] INFO  impl.RaftServerImpl (ServerState.java:<init>(105)) - dcc77c7b-1d37-448d-8d57-43d254561693:group-BB4E63A8ADCE ConfigurationManager, init=-1: [dcc77c7b-1d37-448d-8d57-43d254561693:192.168.157.226:34527], old=null, confs=<EMPTY_MAP>
2019-09-19 14:04:53,184 [pool-58-thread-1] INFO  server.RaftServerConfigKeys (ConfUtils.java:logGet(43)) - raft.server.storage.dir = [/workdir/hadoop-ozone/integration-test/target/test-dir/MiniOzoneClusterImpl-3b2755de-4cfe-4b43-9e0d-73dd8eda8f75/datanode-0/data/ratis] (custom)
2019-09-19 14:04:53,185 [pool-58-thread-1] INFO  storage.RaftStorageDirectory (RaftStorageDirectory.java:analyzeStorage(246)) - The storage directory /workdir/hadoop-ozone/integration-test/target/test-dir/MiniOzoneClusterImpl-3b2755de-4cfe-4b43-9e0d-73dd8eda8f75/datanode-0/data/ratis/2394fb0c-6f10-496e-bf96-bb4e63a8adce does not exist. Creating ...
2019-09-19 14:04:53,194 | INFO  | SCMAudit | user=jenkins1000 | ip=192.168.157.226 | op=SEND_HEARTBEAT {datanodeUUID=dcc77c7b-1d37-448d-8d57-43d254561693, command=[]} | ret=SUCCESS |  
2019-09-19 14:04:53,208 [pool-58-thread-1] INFO  storage.RaftStorageDirectory (RaftStorageDirectory.java:tryLock(328)) - Lock on /workdir/hadoop-ozone/integration-test/target/test-dir/MiniOzoneClusterImpl-3b2755de-4cfe-4b43-9e0d-73dd8eda8f75/datanode-0/data/ratis/2394fb0c-6f10-496e-bf96-bb4e63a8adce/in_use.lock acquired by nodename 30982@pr-hdds-1569-swxfz-3172132826
2019-09-19 14:04:53,249 [pool-58-thread-1] INFO  storage.RaftStorage (RaftStorage.java:format(72)) - Storage directory /workdir/hadoop-ozone/integration-test/target/test-dir/MiniOzoneClusterImpl-3b2755de-4cfe-4b43-9e0d-73dd8eda8f75/datanode-0/data/ratis/2394fb0c-6f10-496e-bf96-bb4e63a8adce has been successfully formatted.
2019-09-19 14:04:53,249 [pool-58-thread-1] INFO  ratis.ContainerStateMachine (ContainerStateMachine.java:loadSnapshot(226)) - group-BB4E63A8ADCE: The snapshot info is null. Setting the last applied indexto:(t:0, i:~)
2019-09-19 14:04:53,249 [pool-58-thread-1] INFO  server.RaftServerConfigKeys (ConfUtils.java:logGet(43)) - raft.server.leader.election.timeout = 120s (custom)
2019-09-19 14:04:53,249 [pool-58-thread-1] INFO  server.RaftServerConfigKeys (ConfUtils.java:logGet(43)) - raft.server.log.use.memory = false (default)
2019-09-19 14:04:53,250 [pool-58-thread-1] INFO  server.RaftServerConfigKeys (ConfUtils.java:logGet(43)) - raft.server.log.purge.gap = 1000000 (custom)
2019-09-19 14:04:53,250 [pool-58-thread-1] INFO  server.RaftServerConfigKeys (ConfUtils.java:logGet(43)) - raft.server.log.appender.buffer.byte-limit = 33554432 (custom)
2019-09-19 14:04:53,250 [pool-58-thread-1] INFO  server.RaftServerConfigKeys (ConfUtils.java:logGet(43)) - raft.server.log.segment.size.max = 1048576 (custom)
2019-09-19 14:04:53,250 [pool-58-thread-1] INFO  server.RaftServerConfigKeys (ConfUtils.java:logGet(43)) - raft.server.log.segment.cache.num.max = 2 (custom)
2019-09-19 14:04:53,250 [pool-58-thread-1] INFO  segmented.SegmentedRaftLogWorker (SegmentedRaftLogWorker.java:<init>(172)) - new dcc77c7b-1d37-448d-8d57-43d254561693-SegmentedRaftLogWorker:Storage Directory /workdir/hadoop-ozone/integration-test/target/test-dir/MiniOzoneClusterImpl-3b2755de-4cfe-4b43-9e0d-73dd8eda8f75/datanode-0/data/ratis/2394fb0c-6f10-496e-bf96-bb4e63a8adce for RaftStorage:Storage Directory /workdir/hadoop-ozone/integration-test/target/test-dir/MiniOzoneClusterImpl-3b2755de-4cfe-4b43-9e0d-73dd8eda8f75/datanode-0/data/ratis/2394fb0c-6f10-496e-bf96-bb4e63a8adce
2019-09-19 14:04:53,250 [pool-58-thread-1] INFO  server.RaftServerConfigKeys (ConfUtils.java:logGet(43)) - raft.server.log.queue.byte-limit = 2147483647 (custom)
2019-09-19 14:04:53,251 [pool-58-thread-1] INFO  server.RaftServerConfigKeys (ConfUtils.java:logGet(43)) - raft.server.log.queue.element-limit = 1024 (custom)
2019-09-19 14:04:53,251 [pool-58-thread-1] INFO  server.RaftServerConfigKeys (ConfUtils.java:logGet(43)) - raft.server.log.segment.size.max = 1048576 (custom)
2019-09-19 14:04:53,251 [pool-58-thread-1] INFO  server.RaftServerConfigKeys (ConfUtils.java:logGet(43)) - raft.server.log.preallocated.size = 16384 (custom)
2019-09-19 14:04:53,251 [pool-58-thread-1] INFO  server.RaftServerConfigKeys (ConfUtils.java:logGet(43)) - raft.server.log.write.buffer.size = 33554432 (custom)
2019-09-19 14:04:53,251 [pool-58-thread-1] INFO  server.RaftServerConfigKeys (ConfUtils.java:logGet(43)) - raft.server.log.force.sync.num = 128 (default)
2019-09-19 14:04:53,251 [pool-58-thread-1] INFO  server.RaftServerConfigKeys (ConfUtils.java:logGet(43)) - raft.server.log.statemachine.data.sync = true (default)
2019-09-19 14:04:53,252 [pool-58-thread-1] INFO  server.RaftServerConfigKeys (ConfUtils.java:logGet(43)) - raft.server.log.statemachine.data.sync.timeout = 10s (default)
2019-09-19 14:04:53,252 [pool-58-thread-1] INFO  server.RaftServerConfigKeys (ConfUtils.java:logGet(43)) - raft.server.log.statemachine.data.sync.timeout.retry = -1 (default)
2019-09-19 14:04:53,252 [pool-58-thread-1] INFO  server.RaftServerConfigKeys (ConfUtils.java:logGet(43)) - raft.server.log.statemachine.data.caching.enabled = true (custom)
2019-09-19 14:04:53,252 [pool-58-thread-1] INFO  segmented.SegmentedRaftLogWorker (SegmentedRaftLogWorker.java:lambda$new$0(132)) - dcc77c7b-1d37-448d-8d57-43d254561693-SegmentedRaftLogWorker:Storage Directory /workdir/hadoop-ozone/integration-test/target/test-dir/MiniOzoneClusterImpl-3b2755de-4cfe-4b43-9e0d-73dd8eda8f75/datanode-0/data/ratis/2394fb0c-6f10-496e-bf96-bb4e63a8adce: flushIndex: setUnconditionally 0 -> -1
2019-09-19 14:04:53,252 [pool-58-thread-1] INFO  server.RaftServerConfigKeys (ConfUtils.java:logGet(43)) - raft.server.snapshot.auto.trigger.enabled = true (custom)
2019-09-19 14:04:53,253 [pool-58-thread-1] INFO  server.RaftServerConfigKeys (ConfUtils.java:logGet(43)) - raft.server.snapshot.auto.trigger.threshold = 1 (custom)
2019-09-19 14:04:53,253 [pool-58-thread-1] INFO  server.RaftServerConfigKeys (ConfUtils.java:logGet(43)) - raft.server.retrycache.expirytime = 600000ms (custom)
2019-09-19 14:04:53,253 [pool-58-thread-1] INFO  impl.RaftServerImpl (RaftServerImpl.java:start(180)) - dcc77c7b-1d37-448d-8d57-43d254561693: start group-BB4E63A8ADCE
2019-09-19 14:04:53,253 [pool-58-thread-1] INFO  impl.RaftServerImpl (RaftServerImpl.java:setRole(171)) - dcc77c7b-1d37-448d-8d57-43d254561693:group-BB4E63A8ADCE changes role from null to FOLLOWER at term 0 for startAsFollower
2019-09-19 14:04:53,253 [pool-58-thread-1] INFO  impl.RoleInfo (RoleInfo.java:updateAndGet(143)) - dcc77c7b-1d37-448d-8d57-43d254561693: start FollowerState
2019-09-19 14:04:53,254 [pool-58-thread-1] INFO  util.JmxRegister (JmxRegister.java:tryRegister(44)) - Successfully registered JMX Bean with object name Ratis:service=RaftServer,group=group-BB4E63A8ADCE,id=dcc77c7b-1d37-448d-8d57-43d254561693
2019-09-19 14:04:53,255 [RatisPipelineUtilsThread] INFO  pipeline.PipelineStateManager (PipelineStateManager.java:addPipeline(56)) - Created pipeline Pipeline[ Id: 2394fb0c-6f10-496e-bf96-bb4e63a8adce, Nodes: dcc77c7b-1d37-448d-8d57-43d254561693{ip: 192.168.157.226, host: pr-hdds-1569-swxfz-3172132826, networkLocation: /default-rack, certSerialId: null}, Type:RATIS, Factor:ONE, State:OPEN]
2019-09-19 14:04:53,258 [grpc-default-executor-1] INFO  impl.RaftServerProxy (RaftServerProxy.java:addNew(89)) - dcc77c7b-1d37-448d-8d57-43d254561693: addNew group-8B49C088430A:[dcc77c7b-1d37-448d-8d57-43d254561693:192.168.157.226:34527] returns group-8B49C088430A:java.util.concurrent.CompletableFuture@437e511d[Not completed]
2019-09-19 14:04:53,258 [pool-58-thread-1] INFO  impl.RaftServerImpl (RaftServerImpl.java:<init>(93)) - dcc77c7b-1d37-448d-8d57-43d254561693: new RaftServerImpl for group-8B49C088430A:[dcc77c7b-1d37-448d-8d57-43d254561693:192.168.157.226:34527] with ContainerStateMachine:uninitialized
2019-09-19 14:04:53,258 [pool-58-thread-1] INFO  server.RaftServerConfigKeys (ConfUtils.java:logGet(43)) - raft.server.rpc.timeout.min = 5s (custom)
2019-09-19 14:04:53,259 [pool-58-thread-1] INFO  server.RaftServerConfigKeys (ConfUtils.java:logGet(43)) - raft.server.rpc.timeout.max = 5200ms (custom)
2019-09-19 14:04:53,259 [pool-58-thread-1] INFO  server.RaftServerConfigKeys (ConfUtils.java:logGet(43)) - raft.server.rpcslowness.timeout = 120s (custom)
2019-09-19 14:04:53,259 [pool-58-thread-1] INFO  server.RaftServerConfigKeys (ConfUtils.java:logGet(43)) - raft.server.sleep.deviation.threshold = 300 (default)
2019-09-19 14:04:53,259 [pool-58-thread-1] INFO  server.RaftServerConfigKeys (ConfUtils.java:logGet(43)) - raft.server.log.appender.install.snapshot.enabled = false (custom)
2019-09-19 14:04:53,259 [pool-58-thread-1] INFO  impl.RaftServerImpl (ServerState.java:<init>(105)) - dcc77c7b-1d37-448d-8d57-43d254561693:group-8B49C088430A ConfigurationManager, init=-1: [dcc77c7b-1d37-448d-8d57-43d254561693:192.168.157.226:34527], old=null, confs=<EMPTY_MAP>
2019-09-19 14:04:53,259 [pool-58-thread-1] INFO  server.RaftServerConfigKeys (ConfUtils.java:logGet(43)) - raft.server.storage.dir = [/workdir/hadoop-ozone/integration-test/target/test-dir/MiniOzoneClusterImpl-3b2755de-4cfe-4b43-9e0d-73dd8eda8f75/datanode-0/data/ratis] (custom)
2019-09-19 14:04:53,260 [pool-58-thread-1] INFO  storage.RaftStorageDirectory (RaftStorageDirectory.java:analyzeStorage(246)) - The storage directory /workdir/hadoop-ozone/integration-test/target/test-dir/MiniOzoneClusterImpl-3b2755de-4cfe-4b43-9e0d-73dd8eda8f75/datanode-0/data/ratis/e7350761-a8ab-4397-82fd-8b49c088430a does not exist. Creating ...
2019-09-19 14:04:53,273 [pool-58-thread-1] INFO  storage.RaftStorageDirectory (RaftStorageDirectory.java:tryLock(328)) - Lock on /workdir/hadoop-ozone/integration-test/target/test-dir/MiniOzoneClusterImpl-3b2755de-4cfe-4b43-9e0d-73dd8eda8f75/datanode-0/data/ratis/e7350761-a8ab-4397-82fd-8b49c088430a/in_use.lock acquired by nodename 30982@pr-hdds-1569-swxfz-3172132826
2019-09-19 14:04:53,286 [pool-58-thread-1] INFO  storage.RaftStorage (RaftStorage.java:format(72)) - Storage directory /workdir/hadoop-ozone/integration-test/target/test-dir/MiniOzoneClusterImpl-3b2755de-4cfe-4b43-9e0d-73dd8eda8f75/datanode-0/data/ratis/e7350761-a8ab-4397-82fd-8b49c088430a has been successfully formatted.
2019-09-19 14:04:53,286 [pool-58-thread-1] INFO  ratis.ContainerStateMachine (ContainerStateMachine.java:loadSnapshot(226)) - group-8B49C088430A: The snapshot info is null. Setting the last applied indexto:(t:0, i:~)
2019-09-19 14:04:53,286 [pool-58-thread-1] INFO  server.RaftServerConfigKeys (ConfUtils.java:logGet(43)) - raft.server.leader.election.timeout = 120s (custom)
2019-09-19 14:04:53,287 [pool-58-thread-1] INFO  server.RaftServerConfigKeys (ConfUtils.java:logGet(43)) - raft.server.log.use.memory = false (default)
2019-09-19 14:04:53,287 [pool-58-thread-1] INFO  server.RaftServerConfigKeys (ConfUtils.java:logGet(43)) - raft.server.log.purge.gap = 1000000 (custom)
2019-09-19 14:04:53,287 [pool-58-thread-1] INFO  server.RaftServerConfigKeys (ConfUtils.java:logGet(43)) - raft.server.log.appender.buffer.byte-limit = 33554432 (custom)
2019-09-19 14:04:53,287 [pool-58-thread-1] INFO  server.RaftServerConfigKeys (ConfUtils.java:logGet(43)) - raft.server.log.segment.size.max = 1048576 (custom)
2019-09-19 14:04:53,287 [pool-58-thread-1] INFO  server.RaftServerConfigKeys (ConfUtils.java:logGet(43)) - raft.server.log.segment.cache.num.max = 2 (custom)
2019-09-19 14:04:53,287 [pool-58-thread-1] INFO  segmented.SegmentedRaftLogWorker (SegmentedRaftLogWorker.java:<init>(172)) - new dcc77c7b-1d37-448d-8d57-43d254561693-SegmentedRaftLogWorker:Storage Directory /workdir/hadoop-ozone/integration-test/target/test-dir/MiniOzoneClusterImpl-3b2755de-4cfe-4b43-9e0d-73dd8eda8f75/datanode-0/data/ratis/e7350761-a8ab-4397-82fd-8b49c088430a for RaftStorage:Storage Directory /workdir/hadoop-ozone/integration-test/target/test-dir/MiniOzoneClusterImpl-3b2755de-4cfe-4b43-9e0d-73dd8eda8f75/datanode-0/data/ratis/e7350761-a8ab-4397-82fd-8b49c088430a
2019-09-19 14:04:53,287 [pool-58-thread-1] INFO  server.RaftServerConfigKeys (ConfUtils.java:logGet(43)) - raft.server.log.queue.byte-limit = 2147483647 (custom)
2019-09-19 14:04:53,288 [pool-58-thread-1] INFO  server.RaftServerConfigKeys (ConfUtils.java:logGet(43)) - raft.server.log.queue.element-limit = 1024 (custom)
2019-09-19 14:04:53,288 [pool-58-thread-1] INFO  server.RaftServerConfigKeys (ConfUtils.java:logGet(43)) - raft.server.log.segment.size.max = 1048576 (custom)
2019-09-19 14:04:53,288 [pool-58-thread-1] INFO  server.RaftServerConfigKeys (ConfUtils.java:logGet(43)) - raft.server.log.preallocated.size = 16384 (custom)
2019-09-19 14:04:53,288 [pool-58-thread-1] INFO  server.RaftServerConfigKeys (ConfUtils.java:logGet(43)) - raft.server.log.write.buffer.size = 33554432 (custom)
2019-09-19 14:04:53,288 [pool-58-thread-1] INFO  server.RaftServerConfigKeys (ConfUtils.java:logGet(43)) - raft.server.log.force.sync.num = 128 (default)
2019-09-19 14:04:53,288 [pool-58-thread-1] INFO  server.RaftServerConfigKeys (ConfUtils.java:logGet(43)) - raft.server.log.statemachine.data.sync = true (default)
2019-09-19 14:04:53,288 [pool-58-thread-1] INFO  server.RaftServerConfigKeys (ConfUtils.java:logGet(43)) - raft.server.log.statemachine.data.sync.timeout = 10s (default)
2019-09-19 14:04:53,288 [pool-58-thread-1] INFO  server.RaftServerConfigKeys (ConfUtils.java:logGet(43)) - raft.server.log.statemachine.data.sync.timeout.retry = -1 (default)
2019-09-19 14:04:53,289 [pool-58-thread-1] INFO  server.RaftServerConfigKeys (ConfUtils.java:logGet(43)) - raft.server.log.statemachine.data.caching.enabled = true (custom)
2019-09-19 14:04:53,289 [pool-58-thread-1] INFO  segmented.SegmentedRaftLogWorker (SegmentedRaftLogWorker.java:lambda$new$0(132)) - dcc77c7b-1d37-448d-8d57-43d254561693-SegmentedRaftLogWorker:Storage Directory /workdir/hadoop-ozone/integration-test/target/test-dir/MiniOzoneClusterImpl-3b2755de-4cfe-4b43-9e0d-73dd8eda8f75/datanode-0/data/ratis/e7350761-a8ab-4397-82fd-8b49c088430a: flushIndex: setUnconditionally 0 -> -1
2019-09-19 14:04:53,289 [pool-58-thread-1] INFO  server.RaftServerConfigKeys (ConfUtils.java:logGet(43)) - raft.server.snapshot.auto.trigger.enabled = true (custom)
2019-09-19 14:04:53,289 [pool-58-thread-1] INFO  server.RaftServerConfigKeys (ConfUtils.java:logGet(43)) - raft.server.snapshot.auto.trigger.threshold = 1 (custom)
2019-09-19 14:04:53,289 [pool-58-thread-1] INFO  server.RaftServerConfigKeys (ConfUtils.java:logGet(43)) - raft.server.retrycache.expirytime = 600000ms (custom)
2019-09-19 14:04:53,290 [pool-58-thread-1] INFO  impl.RaftServerImpl (RaftServerImpl.java:start(180)) - dcc77c7b-1d37-448d-8d57-43d254561693: start group-8B49C088430A
2019-09-19 14:04:53,290 [pool-58-thread-1] INFO  impl.RaftServerImpl (RaftServerImpl.java:setRole(171)) - dcc77c7b-1d37-448d-8d57-43d254561693:group-8B49C088430A changes role from null to FOLLOWER at term 0 for startAsFollower
2019-09-19 14:04:53,290 [pool-58-thread-1] INFO  impl.RoleInfo (RoleInfo.java:updateAndGet(143)) - dcc77c7b-1d37-448d-8d57-43d254561693: start FollowerState
2019-09-19 14:04:53,290 [pool-58-thread-1] INFO  util.JmxRegister (JmxRegister.java:tryRegister(44)) - Successfully registered JMX Bean with object name Ratis:service=RaftServer,group=group-8B49C088430A,id=dcc77c7b-1d37-448d-8d57-43d254561693
2019-09-19 14:04:53,292 [RatisPipelineUtilsThread] INFO  pipeline.PipelineStateManager (PipelineStateManager.java:addPipeline(56)) - Created pipeline Pipeline[ Id: e7350761-a8ab-4397-82fd-8b49c088430a, Nodes: dcc77c7b-1d37-448d-8d57-43d254561693{ip: 192.168.157.226, host: pr-hdds-1569-swxfz-3172132826, networkLocation: /default-rack, certSerialId: null}, Type:RATIS, Factor:ONE, State:OPEN]
2019-09-19 14:04:53,294 [grpc-default-executor-1] INFO  impl.RaftServerProxy (RaftServerProxy.java:addNew(89)) - dcc77c7b-1d37-448d-8d57-43d254561693: addNew group-1CA508E03965:[dcc77c7b-1d37-448d-8d57-43d254561693:192.168.157.226:34527] returns group-1CA508E03965:java.util.concurrent.CompletableFuture@510ea76d[Not completed]
2019-09-19 14:04:53,295 [pool-58-thread-1] INFO  impl.RaftServerImpl (RaftServerImpl.java:<init>(93)) - dcc77c7b-1d37-448d-8d57-43d254561693: new RaftServerImpl for group-1CA508E03965:[dcc77c7b-1d37-448d-8d57-43d254561693:192.168.157.226:34527] with ContainerStateMachine:uninitialized
2019-09-19 14:04:53,295 [pool-58-thread-1] INFO  server.RaftServerConfigKeys (ConfUtils.java:logGet(43)) - raft.server.rpc.timeout.min = 5s (custom)
2019-09-19 14:04:53,295 [pool-58-thread-1] INFO  server.RaftServerConfigKeys (ConfUtils.java:logGet(43)) - raft.server.rpc.timeout.max = 5200ms (custom)
2019-09-19 14:04:53,295 [pool-58-thread-1] INFO  server.RaftServerConfigKeys (ConfUtils.java:logGet(43)) - raft.server.rpcslowness.timeout = 120s (custom)
2019-09-19 14:04:53,295 [pool-58-thread-1] INFO  server.RaftServerConfigKeys (ConfUtils.java:logGet(43)) - raft.server.sleep.deviation.threshold = 300 (default)
2019-09-19 14:04:53,295 [pool-58-thread-1] INFO  server.RaftServerConfigKeys (ConfUtils.java:logGet(43)) - raft.server.log.appender.install.snapshot.enabled = false (custom)
2019-09-19 14:04:53,295 [pool-58-thread-1] INFO  impl.RaftServerImpl (ServerState.java:<init>(105)) - dcc77c7b-1d37-448d-8d57-43d254561693:group-1CA508E03965 ConfigurationManager, init=-1: [dcc77c7b-1d37-448d-8d57-43d254561693:192.168.157.226:34527], old=null, confs=<EMPTY_MAP>
2019-09-19 14:04:53,296 [pool-58-thread-1] INFO  server.RaftServerConfigKeys (ConfUtils.java:logGet(43)) - raft.server.storage.dir = [/workdir/hadoop-ozone/integration-test/target/test-dir/MiniOzoneClusterImpl-3b2755de-4cfe-4b43-9e0d-73dd8eda8f75/datanode-0/data/ratis] (custom)
2019-09-19 14:04:53,296 [pool-58-thread-1] INFO  storage.RaftStorageDirectory (RaftStorageDirectory.java:analyzeStorage(246)) - The storage directory /workdir/hadoop-ozone/integration-test/target/test-dir/MiniOzoneClusterImpl-3b2755de-4cfe-4b43-9e0d-73dd8eda8f75/datanode-0/data/ratis/396dd680-1929-484e-8da9-1ca508e03965 does not exist. Creating ...
2019-09-19 14:04:53,310 [pool-58-thread-1] INFO  storage.RaftStorageDirectory (RaftStorageDirectory.java:tryLock(328)) - Lock on /workdir/hadoop-ozone/integration-test/target/test-dir/MiniOzoneClusterImpl-3b2755de-4cfe-4b43-9e0d-73dd8eda8f75/datanode-0/data/ratis/396dd680-1929-484e-8da9-1ca508e03965/in_use.lock acquired by nodename 30982@pr-hdds-1569-swxfz-3172132826
2019-09-19 14:04:53,323 [pool-58-thread-1] INFO  storage.RaftStorage (RaftStorage.java:format(72)) - Storage directory /workdir/hadoop-ozone/integration-test/target/test-dir/MiniOzoneClusterImpl-3b2755de-4cfe-4b43-9e0d-73dd8eda8f75/datanode-0/data/ratis/396dd680-1929-484e-8da9-1ca508e03965 has been successfully formatted.
2019-09-19 14:04:53,324 [pool-58-thread-1] INFO  ratis.ContainerStateMachine (ContainerStateMachine.java:loadSnapshot(226)) - group-1CA508E03965: The snapshot info is null. Setting the last applied indexto:(t:0, i:~)
2019-09-19 14:04:53,324 [pool-58-thread-1] INFO  server.RaftServerConfigKeys (ConfUtils.java:logGet(43)) - raft.server.leader.election.timeout = 120s (custom)
2019-09-19 14:04:53,324 [pool-58-thread-1] INFO  server.RaftServerConfigKeys (ConfUtils.java:logGet(43)) - raft.server.log.use.memory = false (default)
2019-09-19 14:04:53,324 [pool-58-thread-1] INFO  server.RaftServerConfigKeys (ConfUtils.java:logGet(43)) - raft.server.log.purge.gap = 1000000 (custom)
2019-09-19 14:04:53,324 [pool-58-thread-1] INFO  server.RaftServerConfigKeys (ConfUtils.java:logGet(43)) - raft.server.log.appender.buffer.byte-limit = 33554432 (custom)
2019-09-19 14:04:53,324 [pool-58-thread-1] INFO  server.RaftServerConfigKeys (ConfUtils.java:logGet(43)) - raft.server.log.segment.size.max = 1048576 (custom)
2019-09-19 14:04:53,324 [pool-58-thread-1] INFO  server.RaftServerConfigKeys (ConfUtils.java:logGet(43)) - raft.server.log.segment.cache.num.max = 2 (custom)
2019-09-19 14:04:53,325 [pool-58-thread-1] INFO  segmented.SegmentedRaftLogWorker (SegmentedRaftLogWorker.java:<init>(172)) - new dcc77c7b-1d37-448d-8d57-43d254561693-SegmentedRaftLogWorker:Storage Directory /workdir/hadoop-ozone/integration-test/target/test-dir/MiniOzoneClusterImpl-3b2755de-4cfe-4b43-9e0d-73dd8eda8f75/datanode-0/data/ratis/396dd680-1929-484e-8da9-1ca508e03965 for RaftStorage:Storage Directory /workdir/hadoop-ozone/integration-test/target/test-dir/MiniOzoneClusterImpl-3b2755de-4cfe-4b43-9e0d-73dd8eda8f75/datanode-0/data/ratis/396dd680-1929-484e-8da9-1ca508e03965
2019-09-19 14:04:53,325 [pool-58-thread-1] INFO  server.RaftServerConfigKeys (ConfUtils.java:logGet(43)) - raft.server.log.queue.byte-limit = 2147483647 (custom)
2019-09-19 14:04:53,325 [pool-58-thread-1] INFO  server.RaftServerConfigKeys (ConfUtils.java:logGet(43)) - raft.server.log.queue.element-limit = 1024 (custom)
2019-09-19 14:04:53,325 [pool-58-thread-1] INFO  server.RaftServerConfigKeys (ConfUtils.java:logGet(43)) - raft.server.log.segment.size.max = 1048576 (custom)
2019-09-19 14:04:53,325 [pool-58-thread-1] INFO  server.RaftServerConfigKeys (ConfUtils.java:logGet(43)) - raft.server.log.preallocated.size = 16384 (custom)
2019-09-19 14:04:53,325 [pool-58-thread-1] INFO  server.RaftServerConfigKeys (ConfUtils.java:logGet(43)) - raft.server.log.write.buffer.size = 33554432 (custom)
2019-09-19 14:04:53,325 [pool-58-thread-1] INFO  server.RaftServerConfigKeys (ConfUtils.java:logGet(43)) - raft.server.log.force.sync.num = 128 (default)
2019-09-19 14:04:53,325 [pool-58-thread-1] INFO  server.RaftServerConfigKeys (ConfUtils.java:logGet(43)) - raft.server.log.statemachine.data.sync = true (default)
2019-09-19 14:04:53,326 [pool-58-thread-1] INFO  server.RaftServerConfigKeys (ConfUtils.java:logGet(43)) - raft.server.log.statemachine.data.sync.timeout = 10s (default)
2019-09-19 14:04:53,326 [pool-58-thread-1] INFO  server.RaftServerConfigKeys (ConfUtils.java:logGet(43)) - raft.server.log.statemachine.data.sync.timeout.retry = -1 (default)
2019-09-19 14:04:53,326 [pool-58-thread-1] INFO  server.RaftServerConfigKeys (ConfUtils.java:logGet(43)) - raft.server.log.statemachine.data.caching.enabled = true (custom)
2019-09-19 14:04:53,326 [pool-58-thread-1] INFO  segmented.SegmentedRaftLogWorker (SegmentedRaftLogWorker.java:lambda$new$0(132)) - dcc77c7b-1d37-448d-8d57-43d254561693-SegmentedRaftLogWorker:Storage Directory /workdir/hadoop-ozone/integration-test/target/test-dir/MiniOzoneClusterImpl-3b2755de-4cfe-4b43-9e0d-73dd8eda8f75/datanode-0/data/ratis/396dd680-1929-484e-8da9-1ca508e03965: flushIndex: setUnconditionally 0 -> -1
2019-09-19 14:04:53,326 [pool-58-thread-1] INFO  server.RaftServerConfigKeys (ConfUtils.java:logGet(43)) - raft.server.snapshot.auto.trigger.enabled = true (custom)
2019-09-19 14:04:53,326 [pool-58-thread-1] INFO  server.RaftServerConfigKeys (ConfUtils.java:logGet(43)) - raft.server.snapshot.auto.trigger.threshold = 1 (custom)
2019-09-19 14:04:53,327 [pool-58-thread-1] INFO  server.RaftServerConfigKeys (ConfUtils.java:logGet(43)) - raft.server.retrycache.expirytime = 600000ms (custom)
2019-09-19 14:04:53,327 [pool-58-thread-1] INFO  impl.RaftServerImpl (RaftServerImpl.java:start(180)) - dcc77c7b-1d37-448d-8d57-43d254561693: start group-1CA508E03965
2019-09-19 14:04:53,327 [pool-58-thread-1] INFO  impl.RaftServerImpl (RaftServerImpl.java:setRole(171)) - dcc77c7b-1d37-448d-8d57-43d254561693:group-1CA508E03965 changes role from null to FOLLOWER at term 0 for startAsFollower
2019-09-19 14:04:53,327 [pool-58-thread-1] INFO  impl.RoleInfo (RoleInfo.java:updateAndGet(143)) - dcc77c7b-1d37-448d-8d57-43d254561693: start FollowerState
2019-09-19 14:04:53,327 [pool-58-thread-1] INFO  util.JmxRegister (JmxRegister.java:tryRegister(44)) - Successfully registered JMX Bean with object name Ratis:service=RaftServer,group=group-1CA508E03965,id=dcc77c7b-1d37-448d-8d57-43d254561693
2019-09-19 14:04:53,329 [RatisPipelineUtilsThread] INFO  pipeline.PipelineStateManager (PipelineStateManager.java:addPipeline(56)) - Created pipeline Pipeline[ Id: 396dd680-1929-484e-8da9-1ca508e03965, Nodes: dcc77c7b-1d37-448d-8d57-43d254561693{ip: 192.168.157.226, host: pr-hdds-1569-swxfz-3172132826, networkLocation: /default-rack, certSerialId: null}, Type:RATIS, Factor:ONE, State:OPEN]
2019-09-19 14:04:53,331 [grpc-default-executor-1] INFO  impl.RaftServerProxy (RaftServerProxy.java:addNew(89)) - dcc77c7b-1d37-448d-8d57-43d254561693: addNew group-A31FF801AF6F:[dcc77c7b-1d37-448d-8d57-43d254561693:192.168.157.226:34527] returns group-A31FF801AF6F:java.util.concurrent.CompletableFuture@46da8f99[Not completed]
2019-09-19 14:04:53,332 [pool-58-thread-1] INFO  impl.RaftServerImpl (RaftServerImpl.java:<init>(93)) - dcc77c7b-1d37-448d-8d57-43d254561693: new RaftServerImpl for group-A31FF801AF6F:[dcc77c7b-1d37-448d-8d57-43d254561693:192.168.157.226:34527] with ContainerStateMachine:uninitialized
2019-09-19 14:04:53,332 [pool-58-thread-1] INFO  server.RaftServerConfigKeys (ConfUtils.java:logGet(43)) - raft.server.rpc.timeout.min = 5s (custom)
2019-09-19 14:04:53,332 [pool-58-thread-1] INFO  server.RaftServerConfigKeys (ConfUtils.java:logGet(43)) - raft.server.rpc.timeout.max = 5200ms (custom)
2019-09-19 14:04:53,332 [pool-58-thread-1] INFO  server.RaftServerConfigKeys (ConfUtils.java:logGet(43)) - raft.server.rpcslowness.timeout = 120s (custom)
2019-09-19 14:04:53,332 [pool-58-thread-1] INFO  server.RaftServerConfigKeys (ConfUtils.java:logGet(43)) - raft.server.sleep.deviation.threshold = 300 (default)
2019-09-19 14:04:53,332 [pool-58-thread-1] INFO  server.RaftServerConfigKeys (ConfUtils.java:logGet(43)) - raft.server.log.appender.install.snapshot.enabled = false (custom)
2019-09-19 14:04:53,332 [pool-58-thread-1] INFO  impl.RaftServerImpl (ServerState.java:<init>(105)) - dcc77c7b-1d37-448d-8d57-43d254561693:group-A31FF801AF6F ConfigurationManager, init=-1: [dcc77c7b-1d37-448d-8d57-43d254561693:192.168.157.226:34527], old=null, confs=<EMPTY_MAP>
2019-09-19 14:04:53,332 [pool-58-thread-1] INFO  server.RaftServerConfigKeys (ConfUtils.java:logGet(43)) - raft.server.storage.dir = [/workdir/hadoop-ozone/integration-test/target/test-dir/MiniOzoneClusterImpl-3b2755de-4cfe-4b43-9e0d-73dd8eda8f75/datanode-0/data/ratis] (custom)
2019-09-19 14:04:53,333 [pool-58-thread-1] INFO  storage.RaftStorageDirectory (RaftStorageDirectory.java:analyzeStorage(246)) - The storage directory /workdir/hadoop-ozone/integration-test/target/test-dir/MiniOzoneClusterImpl-3b2755de-4cfe-4b43-9e0d-73dd8eda8f75/datanode-0/data/ratis/b161966a-6fb0-4db4-a7db-a31ff801af6f does not exist. Creating ...
2019-09-19 14:04:53,346 [pool-58-thread-1] INFO  storage.RaftStorageDirectory (RaftStorageDirectory.java:tryLock(328)) - Lock on /workdir/hadoop-ozone/integration-test/target/test-dir/MiniOzoneClusterImpl-3b2755de-4cfe-4b43-9e0d-73dd8eda8f75/datanode-0/data/ratis/b161966a-6fb0-4db4-a7db-a31ff801af6f/in_use.lock acquired by nodename 30982@pr-hdds-1569-swxfz-3172132826
2019-09-19 14:04:53,359 [pool-58-thread-1] INFO  storage.RaftStorage (RaftStorage.java:format(72)) - Storage directory /workdir/hadoop-ozone/integration-test/target/test-dir/MiniOzoneClusterImpl-3b2755de-4cfe-4b43-9e0d-73dd8eda8f75/datanode-0/data/ratis/b161966a-6fb0-4db4-a7db-a31ff801af6f has been successfully formatted.
2019-09-19 14:04:53,359 [pool-58-thread-1] INFO  ratis.ContainerStateMachine (ContainerStateMachine.java:loadSnapshot(226)) - group-A31FF801AF6F: The snapshot info is null. Setting the last applied indexto:(t:0, i:~)
2019-09-19 14:04:53,359 [pool-58-thread-1] INFO  server.RaftServerConfigKeys (ConfUtils.java:logGet(43)) - raft.server.leader.election.timeout = 120s (custom)
2019-09-19 14:04:53,359 [pool-58-thread-1] INFO  server.RaftServerConfigKeys (ConfUtils.java:logGet(43)) - raft.server.log.use.memory = false (default)
2019-09-19 14:04:53,359 [pool-58-thread-1] INFO  server.RaftServerConfigKeys (ConfUtils.java:logGet(43)) - raft.server.log.purge.gap = 1000000 (custom)
2019-09-19 14:04:53,359 [pool-58-thread-1] INFO  server.RaftServerConfigKeys (ConfUtils.java:logGet(43)) - raft.server.log.appender.buffer.byte-limit = 33554432 (custom)
2019-09-19 14:04:53,360 [pool-58-thread-1] INFO  server.RaftServerConfigKeys (ConfUtils.java:logGet(43)) - raft.server.log.segment.size.max = 1048576 (custom)
2019-09-19 14:04:53,360 [pool-58-thread-1] INFO  server.RaftServerConfigKeys (ConfUtils.java:logGet(43)) - raft.server.log.segment.cache.num.max = 2 (custom)
2019-09-19 14:04:53,360 [pool-58-thread-1] INFO  segmented.SegmentedRaftLogWorker (SegmentedRaftLogWorker.java:<init>(172)) - new dcc77c7b-1d37-448d-8d57-43d254561693-SegmentedRaftLogWorker:Storage Directory /workdir/hadoop-ozone/integration-test/target/test-dir/MiniOzoneClusterImpl-3b2755de-4cfe-4b43-9e0d-73dd8eda8f75/datanode-0/data/ratis/b161966a-6fb0-4db4-a7db-a31ff801af6f for RaftStorage:Storage Directory /workdir/hadoop-ozone/integration-test/target/test-dir/MiniOzoneClusterImpl-3b2755de-4cfe-4b43-9e0d-73dd8eda8f75/datanode-0/data/ratis/b161966a-6fb0-4db4-a7db-a31ff801af6f
2019-09-19 14:04:53,360 [pool-58-thread-1] INFO  server.RaftServerConfigKeys (ConfUtils.java:logGet(43)) - raft.server.log.queue.byte-limit = 2147483647 (custom)
2019-09-19 14:04:53,360 [pool-58-thread-1] INFO  server.RaftServerConfigKeys (ConfUtils.java:logGet(43)) - raft.server.log.queue.element-limit = 1024 (custom)
2019-09-19 14:04:53,360 [pool-58-thread-1] INFO  server.RaftServerConfigKeys (ConfUtils.java:logGet(43)) - raft.server.log.segment.size.max = 1048576 (custom)
2019-09-19 14:04:53,360 [pool-58-thread-1] INFO  server.RaftServerConfigKeys (ConfUtils.java:logGet(43)) - raft.server.log.preallocated.size = 16384 (custom)
2019-09-19 14:04:53,360 [pool-58-thread-1] INFO  server.RaftServerConfigKeys (ConfUtils.java:logGet(43)) - raft.server.log.write.buffer.size = 33554432 (custom)
2019-09-19 14:04:53,361 [pool-58-thread-1] INFO  server.RaftServerConfigKeys (ConfUtils.java:logGet(43)) - raft.server.log.force.sync.num = 128 (default)
2019-09-19 14:04:53,361 [pool-58-thread-1] INFO  server.RaftServerConfigKeys (ConfUtils.java:logGet(43)) - raft.server.log.statemachine.data.sync = true (default)
2019-09-19 14:04:53,361 [pool-58-thread-1] INFO  server.RaftServerConfigKeys (ConfUtils.java:logGet(43)) - raft.server.log.statemachine.data.sync.timeout = 10s (default)
2019-09-19 14:04:53,361 [pool-58-thread-1] INFO  server.RaftServerConfigKeys (ConfUtils.java:logGet(43)) - raft.server.log.statemachine.data.sync.timeout.retry = -1 (default)
2019-09-19 14:04:53,361 [pool-58-thread-1] INFO  server.RaftServerConfigKeys (ConfUtils.java:logGet(43)) - raft.server.log.statemachine.data.caching.enabled = true (custom)
2019-09-19 14:04:53,361 [pool-58-thread-1] INFO  segmented.SegmentedRaftLogWorker (SegmentedRaftLogWorker.java:lambda$new$0(132)) - dcc77c7b-1d37-448d-8d57-43d254561693-SegmentedRaftLogWorker:Storage Directory /workdir/hadoop-ozone/integration-test/target/test-dir/MiniOzoneClusterImpl-3b2755de-4cfe-4b43-9e0d-73dd8eda8f75/datanode-0/data/ratis/b161966a-6fb0-4db4-a7db-a31ff801af6f: flushIndex: setUnconditionally 0 -> -1
2019-09-19 14:04:53,362 [pool-58-thread-1] INFO  server.RaftServerConfigKeys (ConfUtils.java:logGet(43)) - raft.server.snapshot.auto.trigger.enabled = true (custom)
2019-09-19 14:04:53,362 [pool-58-thread-1] INFO  server.RaftServerConfigKeys (ConfUtils.java:logGet(43)) - raft.server.snapshot.auto.trigger.threshold = 1 (custom)
2019-09-19 14:04:53,362 [pool-58-thread-1] INFO  server.RaftServerConfigKeys (ConfUtils.java:logGet(43)) - raft.server.retrycache.expirytime = 600000ms (custom)
2019-09-19 14:04:53,362 [pool-58-thread-1] INFO  impl.RaftServerImpl (RaftServerImpl.java:start(180)) - dcc77c7b-1d37-448d-8d57-43d254561693: start group-A31FF801AF6F
2019-09-19 14:04:53,362 [pool-58-thread-1] INFO  impl.RaftServerImpl (RaftServerImpl.java:setRole(171)) - dcc77c7b-1d37-448d-8d57-43d254561693:group-A31FF801AF6F changes role from null to FOLLOWER at term 0 for startAsFollower
2019-09-19 14:04:53,362 [pool-58-thread-1] INFO  impl.RoleInfo (RoleInfo.java:updateAndGet(143)) - dcc77c7b-1d37-448d-8d57-43d254561693: start FollowerState
2019-09-19 14:04:53,363 [pool-58-thread-1] INFO  util.JmxRegister (JmxRegister.java:tryRegister(44)) - Successfully registered JMX Bean with object name Ratis:service=RaftServer,group=group-A31FF801AF6F,id=dcc77c7b-1d37-448d-8d57-43d254561693
2019-09-19 14:04:53,364 [RatisPipelineUtilsThread] INFO  pipeline.PipelineStateManager (PipelineStateManager.java:addPipeline(56)) - Created pipeline Pipeline[ Id: b161966a-6fb0-4db4-a7db-a31ff801af6f, Nodes: dcc77c7b-1d37-448d-8d57-43d254561693{ip: 192.168.157.226, host: pr-hdds-1569-swxfz-3172132826, networkLocation: /default-rack, certSerialId: null}, Type:RATIS, Factor:ONE, State:OPEN]
2019-09-19 14:04:53,366 [grpc-default-executor-1] INFO  impl.RaftServerProxy (RaftServerProxy.java:addNew(89)) - dcc77c7b-1d37-448d-8d57-43d254561693: addNew group-A786CE105C3D:[dcc77c7b-1d37-448d-8d57-43d254561693:192.168.157.226:34527] returns group-A786CE105C3D:java.util.concurrent.CompletableFuture@63b948ab[Not completed]
2019-09-19 14:04:53,367 [pool-58-thread-1] INFO  impl.RaftServerImpl (RaftServerImpl.java:<init>(93)) - dcc77c7b-1d37-448d-8d57-43d254561693: new RaftServerImpl for group-A786CE105C3D:[dcc77c7b-1d37-448d-8d57-43d254561693:192.168.157.226:34527] with ContainerStateMachine:uninitialized
2019-09-19 14:04:53,367 [pool-58-thread-1] INFO  server.RaftServerConfigKeys (ConfUtils.java:logGet(43)) - raft.server.rpc.timeout.min = 5s (custom)
2019-09-19 14:04:53,367 [pool-58-thread-1] INFO  server.RaftServerConfigKeys (ConfUtils.java:logGet(43)) - raft.server.rpc.timeout.max = 5200ms (custom)
2019-09-19 14:04:53,367 [pool-58-thread-1] INFO  server.RaftServerConfigKeys (ConfUtils.java:logGet(43)) - raft.server.rpcslowness.timeout = 120s (custom)
2019-09-19 14:04:53,367 [pool-58-thread-1] INFO  server.RaftServerConfigKeys (ConfUtils.java:logGet(43)) - raft.server.sleep.deviation.threshold = 300 (default)
2019-09-19 14:04:53,367 [pool-58-thread-1] INFO  server.RaftServerConfigKeys (ConfUtils.java:logGet(43)) - raft.server.log.appender.install.snapshot.enabled = false (custom)
2019-09-19 14:04:53,368 [pool-58-thread-1] INFO  impl.RaftServerImpl (ServerState.java:<init>(105)) - dcc77c7b-1d37-448d-8d57-43d254561693:group-A786CE105C3D ConfigurationManager, init=-1: [dcc77c7b-1d37-448d-8d57-43d254561693:192.168.157.226:34527], old=null, confs=<EMPTY_MAP>
2019-09-19 14:04:53,368 [pool-58-thread-1] INFO  server.RaftServerConfigKeys (ConfUtils.java:logGet(43)) - raft.server.storage.dir = [/workdir/hadoop-ozone/integration-test/target/test-dir/MiniOzoneClusterImpl-3b2755de-4cfe-4b43-9e0d-73dd8eda8f75/datanode-0/data/ratis] (custom)
2019-09-19 14:04:53,369 [pool-58-thread-1] INFO  storage.RaftStorageDirectory (RaftStorageDirectory.java:analyzeStorage(246)) - The storage directory /workdir/hadoop-ozone/integration-test/target/test-dir/MiniOzoneClusterImpl-3b2755de-4cfe-4b43-9e0d-73dd8eda8f75/datanode-0/data/ratis/1fa9a670-5ed2-4608-b94f-a786ce105c3d does not exist. Creating ...
2019-09-19 14:04:53,383 [pool-58-thread-1] INFO  storage.RaftStorageDirectory (RaftStorageDirectory.java:tryLock(328)) - Lock on /workdir/hadoop-ozone/integration-test/target/test-dir/MiniOzoneClusterImpl-3b2755de-4cfe-4b43-9e0d-73dd8eda8f75/datanode-0/data/ratis/1fa9a670-5ed2-4608-b94f-a786ce105c3d/in_use.lock acquired by nodename 30982@pr-hdds-1569-swxfz-3172132826
2019-09-19 14:04:53,395 | INFO  | SCMAudit | user=jenkins1000 | ip=192.168.157.226 | op=SEND_HEARTBEAT {datanodeUUID=dcc77c7b-1d37-448d-8d57-43d254561693, command=[]} | ret=SUCCESS |  
2019-09-19 14:04:53,395 [pool-58-thread-1] INFO  storage.RaftStorage (RaftStorage.java:format(72)) - Storage directory /workdir/hadoop-ozone/integration-test/target/test-dir/MiniOzoneClusterImpl-3b2755de-4cfe-4b43-9e0d-73dd8eda8f75/datanode-0/data/ratis/1fa9a670-5ed2-4608-b94f-a786ce105c3d has been successfully formatted.
2019-09-19 14:04:53,396 [pool-58-thread-1] INFO  ratis.ContainerStateMachine (ContainerStateMachine.java:loadSnapshot(226)) - group-A786CE105C3D: The snapshot info is null. Setting the last applied indexto:(t:0, i:~)
2019-09-19 14:04:53,396 [pool-58-thread-1] INFO  server.RaftServerConfigKeys (ConfUtils.java:logGet(43)) - raft.server.leader.election.timeout = 120s (custom)
2019-09-19 14:04:53,396 [pool-58-thread-1] INFO  server.RaftServerConfigKeys (ConfUtils.java:logGet(43)) - raft.server.log.use.memory = false (default)
2019-09-19 14:04:53,396 [pool-58-thread-1] INFO  server.RaftServerConfigKeys (ConfUtils.java:logGet(43)) - raft.server.log.purge.gap = 1000000 (custom)
2019-09-19 14:04:53,396 [pool-58-thread-1] INFO  server.RaftServerConfigKeys (ConfUtils.java:logGet(43)) - raft.server.log.appender.buffer.byte-limit = 33554432 (custom)
2019-09-19 14:04:53,396 [pool-58-thread-1] INFO  server.RaftServerConfigKeys (ConfUtils.java:logGet(43)) - raft.server.log.segment.size.max = 1048576 (custom)
2019-09-19 14:04:53,396 [pool-58-thread-1] INFO  server.RaftServerConfigKeys (ConfUtils.java:logGet(43)) - raft.server.log.segment.cache.num.max = 2 (custom)
2019-09-19 14:04:53,397 [pool-58-thread-1] INFO  segmented.SegmentedRaftLogWorker (SegmentedRaftLogWorker.java:<init>(172)) - new dcc77c7b-1d37-448d-8d57-43d254561693-SegmentedRaftLogWorker:Storage Directory /workdir/hadoop-ozone/integration-test/target/test-dir/MiniOzoneClusterImpl-3b2755de-4cfe-4b43-9e0d-73dd8eda8f75/datanode-0/data/ratis/1fa9a670-5ed2-4608-b94f-a786ce105c3d for RaftStorage:Storage Directory /workdir/hadoop-ozone/integration-test/target/test-dir/MiniOzoneClusterImpl-3b2755de-4cfe-4b43-9e0d-73dd8eda8f75/datanode-0/data/ratis/1fa9a670-5ed2-4608-b94f-a786ce105c3d
2019-09-19 14:04:53,397 [pool-58-thread-1] INFO  server.RaftServerConfigKeys (ConfUtils.java:logGet(43)) - raft.server.log.queue.byte-limit = 2147483647 (custom)
2019-09-19 14:04:53,397 [pool-58-thread-1] INFO  server.RaftServerConfigKeys (ConfUtils.java:logGet(43)) - raft.server.log.queue.element-limit = 1024 (custom)
2019-09-19 14:04:53,397 [pool-58-thread-1] INFO  server.RaftServerConfigKeys (ConfUtils.java:logGet(43)) - raft.server.log.segment.size.max = 1048576 (custom)
2019-09-19 14:04:53,397 [pool-58-thread-1] INFO  server.RaftServerConfigKeys (ConfUtils.java:logGet(43)) - raft.server.log.preallocated.size = 16384 (custom)
2019-09-19 14:04:53,397 [pool-58-thread-1] INFO  server.RaftServerConfigKeys (ConfUtils.java:logGet(43)) - raft.server.log.write.buffer.size = 33554432 (custom)
2019-09-19 14:04:53,397 [pool-58-thread-1] INFO  server.RaftServerConfigKeys (ConfUtils.java:logGet(43)) - raft.server.log.force.sync.num = 128 (default)
2019-09-19 14:04:53,397 [pool-58-thread-1] INFO  server.RaftServerConfigKeys (ConfUtils.java:logGet(43)) - raft.server.log.statemachine.data.sync = true (default)
2019-09-19 14:04:53,398 [pool-58-thread-1] INFO  server.RaftServerConfigKeys (ConfUtils.java:logGet(43)) - raft.server.log.statemachine.data.sync.timeout = 10s (default)
2019-09-19 14:04:53,398 [pool-58-thread-1] INFO  server.RaftServerConfigKeys (ConfUtils.java:logGet(43)) - raft.server.log.statemachine.data.sync.timeout.retry = -1 (default)
2019-09-19 14:04:53,398 [pool-58-thread-1] INFO  server.RaftServerConfigKeys (ConfUtils.java:logGet(43)) - raft.server.log.statemachine.data.caching.enabled = true (custom)
2019-09-19 14:04:53,398 [pool-58-thread-1] INFO  segmented.SegmentedRaftLogWorker (SegmentedRaftLogWorker.java:lambda$new$0(132)) - dcc77c7b-1d37-448d-8d57-43d254561693-SegmentedRaftLogWorker:Storage Directory /workdir/hadoop-ozone/integration-test/target/test-dir/MiniOzoneClusterImpl-3b2755de-4cfe-4b43-9e0d-73dd8eda8f75/datanode-0/data/ratis/1fa9a670-5ed2-4608-b94f-a786ce105c3d: flushIndex: setUnconditionally 0 -> -1
2019-09-19 14:04:53,398 [pool-58-thread-1] INFO  server.RaftServerConfigKeys (ConfUtils.java:logGet(43)) - raft.server.snapshot.auto.trigger.enabled = true (custom)
2019-09-19 14:04:53,398 [pool-58-thread-1] INFO  server.RaftServerConfigKeys (ConfUtils.java:logGet(43)) - raft.server.snapshot.auto.trigger.threshold = 1 (custom)
2019-09-19 14:04:53,399 [pool-58-thread-1] INFO  server.RaftServerConfigKeys (ConfUtils.java:logGet(43)) - raft.server.retrycache.expirytime = 600000ms (custom)
2019-09-19 14:04:53,399 [pool-58-thread-1] INFO  impl.RaftServerImpl (RaftServerImpl.java:start(180)) - dcc77c7b-1d37-448d-8d57-43d254561693: start group-A786CE105C3D
2019-09-19 14:04:53,399 [pool-58-thread-1] INFO  impl.RaftServerImpl (RaftServerImpl.java:setRole(171)) - dcc77c7b-1d37-448d-8d57-43d254561693:group-A786CE105C3D changes role from null to FOLLOWER at term 0 for startAsFollower
2019-09-19 14:04:53,399 [pool-58-thread-1] INFO  impl.RoleInfo (RoleInfo.java:updateAndGet(143)) - dcc77c7b-1d37-448d-8d57-43d254561693: start FollowerState
2019-09-19 14:04:53,399 [pool-58-thread-1] INFO  util.JmxRegister (JmxRegister.java:tryRegister(44)) - Successfully registered JMX Bean with object name Ratis:service=RaftServer,group=group-A786CE105C3D,id=dcc77c7b-1d37-448d-8d57-43d254561693
2019-09-19 14:04:53,401 [RatisPipelineUtilsThread] INFO  pipeline.PipelineStateManager (PipelineStateManager.java:addPipeline(56)) - Created pipeline Pipeline[ Id: 1fa9a670-5ed2-4608-b94f-a786ce105c3d, Nodes: dcc77c7b-1d37-448d-8d57-43d254561693{ip: 192.168.157.226, host: pr-hdds-1569-swxfz-3172132826, networkLocation: /default-rack, certSerialId: null}, Type:RATIS, Factor:ONE, State:OPEN]
2019-09-19 14:04:53,403 [grpc-default-executor-1] INFO  impl.RaftServerProxy (RaftServerProxy.java:addNew(89)) - dcc77c7b-1d37-448d-8d57-43d254561693: addNew group-CDD98A98F0BC:[dcc77c7b-1d37-448d-8d57-43d254561693:192.168.157.226:34527] returns group-CDD98A98F0BC:java.util.concurrent.CompletableFuture@687fef2b[Not completed]
2019-09-19 14:04:53,404 [pool-58-thread-1] INFO  impl.RaftServerImpl (RaftServerImpl.java:<init>(93)) - dcc77c7b-1d37-448d-8d57-43d254561693: new RaftServerImpl for group-CDD98A98F0BC:[dcc77c7b-1d37-448d-8d57-43d254561693:192.168.157.226:34527] with ContainerStateMachine:uninitialized
2019-09-19 14:04:53,404 [pool-58-thread-1] INFO  server.RaftServerConfigKeys (ConfUtils.java:logGet(43)) - raft.server.rpc.timeout.min = 5s (custom)
2019-09-19 14:04:53,404 [pool-58-thread-1] INFO  server.RaftServerConfigKeys (ConfUtils.java:logGet(43)) - raft.server.rpc.timeout.max = 5200ms (custom)
2019-09-19 14:04:53,404 [pool-58-thread-1] INFO  server.RaftServerConfigKeys (ConfUtils.java:logGet(43)) - raft.server.rpcslowness.timeout = 120s (custom)
2019-09-19 14:04:53,404 [pool-58-thread-1] INFO  server.RaftServerConfigKeys (ConfUtils.java:logGet(43)) - raft.server.sleep.deviation.threshold = 300 (default)
2019-09-19 14:04:53,404 [pool-58-thread-1] INFO  server.RaftServerConfigKeys (ConfUtils.java:logGet(43)) - raft.server.log.appender.install.snapshot.enabled = false (custom)
2019-09-19 14:04:53,404 [pool-58-thread-1] INFO  impl.RaftServerImpl (ServerState.java:<init>(105)) - dcc77c7b-1d37-448d-8d57-43d254561693:group-CDD98A98F0BC ConfigurationManager, init=-1: [dcc77c7b-1d37-448d-8d57-43d254561693:192.168.157.226:34527], old=null, confs=<EMPTY_MAP>
2019-09-19 14:04:53,404 [pool-58-thread-1] INFO  server.RaftServerConfigKeys (ConfUtils.java:logGet(43)) - raft.server.storage.dir = [/workdir/hadoop-ozone/integration-test/target/test-dir/MiniOzoneClusterImpl-3b2755de-4cfe-4b43-9e0d-73dd8eda8f75/datanode-0/data/ratis] (custom)
2019-09-19 14:04:53,405 [pool-58-thread-1] INFO  storage.RaftStorageDirectory (RaftStorageDirectory.java:analyzeStorage(246)) - The storage directory /workdir/hadoop-ozone/integration-test/target/test-dir/MiniOzoneClusterImpl-3b2755de-4cfe-4b43-9e0d-73dd8eda8f75/datanode-0/data/ratis/cb3b7820-bbbe-4d1c-892d-cdd98a98f0bc does not exist. Creating ...
2019-09-19 14:04:53,417 [pool-58-thread-1] INFO  storage.RaftStorageDirectory (RaftStorageDirectory.java:tryLock(328)) - Lock on /workdir/hadoop-ozone/integration-test/target/test-dir/MiniOzoneClusterImpl-3b2755de-4cfe-4b43-9e0d-73dd8eda8f75/datanode-0/data/ratis/cb3b7820-bbbe-4d1c-892d-cdd98a98f0bc/in_use.lock acquired by nodename 30982@pr-hdds-1569-swxfz-3172132826
2019-09-19 14:04:53,430 [pool-58-thread-1] INFO  storage.RaftStorage (RaftStorage.java:format(72)) - Storage directory /workdir/hadoop-ozone/integration-test/target/test-dir/MiniOzoneClusterImpl-3b2755de-4cfe-4b43-9e0d-73dd8eda8f75/datanode-0/data/ratis/cb3b7820-bbbe-4d1c-892d-cdd98a98f0bc has been successfully formatted.
2019-09-19 14:04:53,431 [pool-58-thread-1] INFO  ratis.ContainerStateMachine (ContainerStateMachine.java:loadSnapshot(226)) - group-CDD98A98F0BC: The snapshot info is null. Setting the last applied indexto:(t:0, i:~)
2019-09-19 14:04:53,431 [pool-58-thread-1] INFO  server.RaftServerConfigKeys (ConfUtils.java:logGet(43)) - raft.server.leader.election.timeout = 120s (custom)
2019-09-19 14:04:53,431 [pool-58-thread-1] INFO  server.RaftServerConfigKeys (ConfUtils.java:logGet(43)) - raft.server.log.use.memory = false (default)
2019-09-19 14:04:53,431 [pool-58-thread-1] INFO  server.RaftServerConfigKeys (ConfUtils.java:logGet(43)) - raft.server.log.purge.gap = 1000000 (custom)
2019-09-19 14:04:53,431 [pool-58-thread-1] INFO  server.RaftServerConfigKeys (ConfUtils.java:logGet(43)) - raft.server.log.appender.buffer.byte-limit = 33554432 (custom)
2019-09-19 14:04:53,431 [pool-58-thread-1] INFO  server.RaftServerConfigKeys (ConfUtils.java:logGet(43)) - raft.server.log.segment.size.max = 1048576 (custom)
2019-09-19 14:04:53,431 [pool-58-thread-1] INFO  server.RaftServerConfigKeys (ConfUtils.java:logGet(43)) - raft.server.log.segment.cache.num.max = 2 (custom)
2019-09-19 14:04:53,431 [pool-58-thread-1] INFO  segmented.SegmentedRaftLogWorker (SegmentedRaftLogWorker.java:<init>(172)) - new dcc77c7b-1d37-448d-8d57-43d254561693-SegmentedRaftLogWorker:Storage Directory /workdir/hadoop-ozone/integration-test/target/test-dir/MiniOzoneClusterImpl-3b2755de-4cfe-4b43-9e0d-73dd8eda8f75/datanode-0/data/ratis/cb3b7820-bbbe-4d1c-892d-cdd98a98f0bc for RaftStorage:Storage Directory /workdir/hadoop-ozone/integration-test/target/test-dir/MiniOzoneClusterImpl-3b2755de-4cfe-4b43-9e0d-73dd8eda8f75/datanode-0/data/ratis/cb3b7820-bbbe-4d1c-892d-cdd98a98f0bc
2019-09-19 14:04:53,432 [pool-58-thread-1] INFO  server.RaftServerConfigKeys (ConfUtils.java:logGet(43)) - raft.server.log.queue.byte-limit = 2147483647 (custom)
2019-09-19 14:04:53,432 [pool-58-thread-1] INFO  server.RaftServerConfigKeys (ConfUtils.java:logGet(43)) - raft.server.log.queue.element-limit = 1024 (custom)
2019-09-19 14:04:53,432 [pool-58-thread-1] INFO  server.RaftServerConfigKeys (ConfUtils.java:logGet(43)) - raft.server.log.segment.size.max = 1048576 (custom)
2019-09-19 14:04:53,432 [pool-58-thread-1] INFO  server.RaftServerConfigKeys (ConfUtils.java:logGet(43)) - raft.server.log.preallocated.size = 16384 (custom)
2019-09-19 14:04:53,432 [pool-58-thread-1] INFO  server.RaftServerConfigKeys (ConfUtils.java:logGet(43)) - raft.server.log.write.buffer.size = 33554432 (custom)
2019-09-19 14:04:53,432 [pool-58-thread-1] INFO  server.RaftServerConfigKeys (ConfUtils.java:logGet(43)) - raft.server.log.force.sync.num = 128 (default)
2019-09-19 14:04:53,432 [pool-58-thread-1] INFO  server.RaftServerConfigKeys (ConfUtils.java:logGet(43)) - raft.server.log.statemachine.data.sync = true (default)
2019-09-19 14:04:53,432 [pool-58-thread-1] INFO  server.RaftServerConfigKeys (ConfUtils.java:logGet(43)) - raft.server.log.statemachine.data.sync.timeout = 10s (default)
2019-09-19 14:04:53,433 [pool-58-thread-1] INFO  server.RaftServerConfigKeys (ConfUtils.java:logGet(43)) - raft.server.log.statemachine.data.sync.timeout.retry = -1 (default)
2019-09-19 14:04:53,433 [pool-58-thread-1] INFO  server.RaftServerConfigKeys (ConfUtils.java:logGet(43)) - raft.server.log.statemachine.data.caching.enabled = true (custom)
2019-09-19 14:04:53,433 [pool-58-thread-1] INFO  segmented.SegmentedRaftLogWorker (SegmentedRaftLogWorker.java:lambda$new$0(132)) - dcc77c7b-1d37-448d-8d57-43d254561693-SegmentedRaftLogWorker:Storage Directory /workdir/hadoop-ozone/integration-test/target/test-dir/MiniOzoneClusterImpl-3b2755de-4cfe-4b43-9e0d-73dd8eda8f75/datanode-0/data/ratis/cb3b7820-bbbe-4d1c-892d-cdd98a98f0bc: flushIndex: setUnconditionally 0 -> -1
2019-09-19 14:04:53,433 [pool-58-thread-1] INFO  server.RaftServerConfigKeys (ConfUtils.java:logGet(43)) - raft.server.snapshot.auto.trigger.enabled = true (custom)
2019-09-19 14:04:53,433 [pool-58-thread-1] INFO  server.RaftServerConfigKeys (ConfUtils.java:logGet(43)) - raft.server.snapshot.auto.trigger.threshold = 1 (custom)
2019-09-19 14:04:53,433 [pool-58-thread-1] INFO  server.RaftServerConfigKeys (ConfUtils.java:logGet(43)) - raft.server.retrycache.expirytime = 600000ms (custom)
2019-09-19 14:04:53,434 [pool-58-thread-1] INFO  impl.RaftServerImpl (RaftServerImpl.java:start(180)) - dcc77c7b-1d37-448d-8d57-43d254561693: start group-CDD98A98F0BC
2019-09-19 14:04:53,434 [pool-58-thread-1] INFO  impl.RaftServerImpl (RaftServerImpl.java:setRole(171)) - dcc77c7b-1d37-448d-8d57-43d254561693:group-CDD98A98F0BC changes role from null to FOLLOWER at term 0 for startAsFollower
2019-09-19 14:04:53,434 [pool-58-thread-1] INFO  impl.RoleInfo (RoleInfo.java:updateAndGet(143)) - dcc77c7b-1d37-448d-8d57-43d254561693: start FollowerState
2019-09-19 14:04:53,434 [pool-58-thread-1] INFO  util.JmxRegister (JmxRegister.java:tryRegister(44)) - Successfully registered JMX Bean with object name Ratis:service=RaftServer,group=group-CDD98A98F0BC,id=dcc77c7b-1d37-448d-8d57-43d254561693
2019-09-19 14:04:53,435 [RatisPipelineUtilsThread] INFO  pipeline.PipelineStateManager (PipelineStateManager.java:addPipeline(56)) - Created pipeline Pipeline[ Id: cb3b7820-bbbe-4d1c-892d-cdd98a98f0bc, Nodes: dcc77c7b-1d37-448d-8d57-43d254561693{ip: 192.168.157.226, host: pr-hdds-1569-swxfz-3172132826, networkLocation: /default-rack, certSerialId: null}, Type:RATIS, Factor:ONE, State:OPEN]
2019-09-19 14:04:53,438 [grpc-default-executor-1] INFO  impl.RaftServerProxy (RaftServerProxy.java:addNew(89)) - dcc77c7b-1d37-448d-8d57-43d254561693: addNew group-8D9545D9289E:[dcc77c7b-1d37-448d-8d57-43d254561693:192.168.157.226:34527] returns group-8D9545D9289E:java.util.concurrent.CompletableFuture@43d7a669[Not completed]
2019-09-19 14:04:53,438 [pool-58-thread-1] INFO  impl.RaftServerImpl (RaftServerImpl.java:<init>(93)) - dcc77c7b-1d37-448d-8d57-43d254561693: new RaftServerImpl for group-8D9545D9289E:[dcc77c7b-1d37-448d-8d57-43d254561693:192.168.157.226:34527] with ContainerStateMachine:uninitialized
2019-09-19 14:04:53,438 [pool-58-thread-1] INFO  server.RaftServerConfigKeys (ConfUtils.java:logGet(43)) - raft.server.rpc.timeout.min = 5s (custom)
2019-09-19 14:04:53,439 [pool-58-thread-1] INFO  server.RaftServerConfigKeys (ConfUtils.java:logGet(43)) - raft.server.rpc.timeout.max = 5200ms (custom)
2019-09-19 14:04:53,439 [pool-58-thread-1] INFO  server.RaftServerConfigKeys (ConfUtils.java:logGet(43)) - raft.server.rpcslowness.timeout = 120s (custom)
2019-09-19 14:04:53,439 [pool-58-thread-1] INFO  server.RaftServerConfigKeys (ConfUtils.java:logGet(43)) - raft.server.sleep.deviation.threshold = 300 (default)
2019-09-19 14:04:53,439 [pool-58-thread-1] INFO  server.RaftServerConfigKeys (ConfUtils.java:logGet(43)) - raft.server.log.appender.install.snapshot.enabled = false (custom)
2019-09-19 14:04:53,439 [pool-58-thread-1] INFO  impl.RaftServerImpl (ServerState.java:<init>(105)) - dcc77c7b-1d37-448d-8d57-43d254561693:group-8D9545D9289E ConfigurationManager, init=-1: [dcc77c7b-1d37-448d-8d57-43d254561693:192.168.157.226:34527], old=null, confs=<EMPTY_MAP>
2019-09-19 14:04:53,439 [pool-58-thread-1] INFO  server.RaftServerConfigKeys (ConfUtils.java:logGet(43)) - raft.server.storage.dir = [/workdir/hadoop-ozone/integration-test/target/test-dir/MiniOzoneClusterImpl-3b2755de-4cfe-4b43-9e0d-73dd8eda8f75/datanode-0/data/ratis] (custom)
2019-09-19 14:04:53,440 [pool-58-thread-1] INFO  storage.RaftStorageDirectory (RaftStorageDirectory.java:analyzeStorage(246)) - The storage directory /workdir/hadoop-ozone/integration-test/target/test-dir/MiniOzoneClusterImpl-3b2755de-4cfe-4b43-9e0d-73dd8eda8f75/datanode-0/data/ratis/9e704356-3229-4fb5-b0f4-8d9545d9289e does not exist. Creating ...
2019-09-19 14:04:53,464 [pool-58-thread-1] INFO  storage.RaftStorageDirectory (RaftStorageDirectory.java:tryLock(328)) - Lock on /workdir/hadoop-ozone/integration-test/target/test-dir/MiniOzoneClusterImpl-3b2755de-4cfe-4b43-9e0d-73dd8eda8f75/datanode-0/data/ratis/9e704356-3229-4fb5-b0f4-8d9545d9289e/in_use.lock acquired by nodename 30982@pr-hdds-1569-swxfz-3172132826
2019-09-19 14:04:53,489 [pool-58-thread-1] INFO  storage.RaftStorage (RaftStorage.java:format(72)) - Storage directory /workdir/hadoop-ozone/integration-test/target/test-dir/MiniOzoneClusterImpl-3b2755de-4cfe-4b43-9e0d-73dd8eda8f75/datanode-0/data/ratis/9e704356-3229-4fb5-b0f4-8d9545d9289e has been successfully formatted.
2019-09-19 14:04:53,489 [pool-58-thread-1] INFO  ratis.ContainerStateMachine (ContainerStateMachine.java:loadSnapshot(226)) - group-8D9545D9289E: The snapshot info is null. Setting the last applied indexto:(t:0, i:~)
2019-09-19 14:04:53,490 [pool-58-thread-1] INFO  server.RaftServerConfigKeys (ConfUtils.java:logGet(43)) - raft.server.leader.election.timeout = 120s (custom)
2019-09-19 14:04:53,490 [pool-58-thread-1] INFO  server.RaftServerConfigKeys (ConfUtils.java:logGet(43)) - raft.server.log.use.memory = false (default)
2019-09-19 14:04:53,490 [pool-58-thread-1] INFO  server.RaftServerConfigKeys (ConfUtils.java:logGet(43)) - raft.server.log.purge.gap = 1000000 (custom)
2019-09-19 14:04:53,490 [pool-58-thread-1] INFO  server.RaftServerConfigKeys (ConfUtils.java:logGet(43)) - raft.server.log.appender.buffer.byte-limit = 33554432 (custom)
2019-09-19 14:04:53,490 [pool-58-thread-1] INFO  server.RaftServerConfigKeys (ConfUtils.java:logGet(43)) - raft.server.log.segment.size.max = 1048576 (custom)
2019-09-19 14:04:53,490 [pool-58-thread-1] INFO  server.RaftServerConfigKeys (ConfUtils.java:logGet(43)) - raft.server.log.segment.cache.num.max = 2 (custom)
2019-09-19 14:04:53,490 [pool-58-thread-1] INFO  segmented.SegmentedRaftLogWorker (SegmentedRaftLogWorker.java:<init>(172)) - new dcc77c7b-1d37-448d-8d57-43d254561693-SegmentedRaftLogWorker:Storage Directory /workdir/hadoop-ozone/integration-test/target/test-dir/MiniOzoneClusterImpl-3b2755de-4cfe-4b43-9e0d-73dd8eda8f75/datanode-0/data/ratis/9e704356-3229-4fb5-b0f4-8d9545d9289e for RaftStorage:Storage Directory /workdir/hadoop-ozone/integration-test/target/test-dir/MiniOzoneClusterImpl-3b2755de-4cfe-4b43-9e0d-73dd8eda8f75/datanode-0/data/ratis/9e704356-3229-4fb5-b0f4-8d9545d9289e
2019-09-19 14:04:53,491 [pool-58-thread-1] INFO  server.RaftServerConfigKeys (ConfUtils.java:logGet(43)) - raft.server.log.queue.byte-limit = 2147483647 (custom)
2019-09-19 14:04:53,491 [pool-58-thread-1] INFO  server.RaftServerConfigKeys (ConfUtils.java:logGet(43)) - raft.server.log.queue.element-limit = 1024 (custom)
2019-09-19 14:04:53,491 [pool-58-thread-1] INFO  server.RaftServerConfigKeys (ConfUtils.java:logGet(43)) - raft.server.log.segment.size.max = 1048576 (custom)
2019-09-19 14:04:53,491 [pool-58-thread-1] INFO  server.RaftServerConfigKeys (ConfUtils.java:logGet(43)) - raft.server.log.preallocated.size = 16384 (custom)
2019-09-19 14:04:53,491 [pool-58-thread-1] INFO  server.RaftServerConfigKeys (ConfUtils.java:logGet(43)) - raft.server.log.write.buffer.size = 33554432 (custom)
2019-09-19 14:04:53,491 [pool-58-thread-1] INFO  server.RaftServerConfigKeys (ConfUtils.java:logGet(43)) - raft.server.log.force.sync.num = 128 (default)
2019-09-19 14:04:53,491 [pool-58-thread-1] INFO  server.RaftServerConfigKeys (ConfUtils.java:logGet(43)) - raft.server.log.statemachine.data.sync = true (default)
2019-09-19 14:04:53,491 [pool-58-thread-1] INFO  server.RaftServerConfigKeys (ConfUtils.java:logGet(43)) - raft.server.log.statemachine.data.sync.timeout = 10s (default)
2019-09-19 14:04:53,492 [pool-58-thread-1] INFO  server.RaftServerConfigKeys (ConfUtils.java:logGet(43)) - raft.server.log.statemachine.data.sync.timeout.retry = -1 (default)
2019-09-19 14:04:53,492 [pool-58-thread-1] INFO  server.RaftServerConfigKeys (ConfUtils.java:logGet(43)) - raft.server.log.statemachine.data.caching.enabled = true (custom)
2019-09-19 14:04:53,492 [pool-58-thread-1] INFO  segmented.SegmentedRaftLogWorker (SegmentedRaftLogWorker.java:lambda$new$0(132)) - dcc77c7b-1d37-448d-8d57-43d254561693-SegmentedRaftLogWorker:Storage Directory /workdir/hadoop-ozone/integration-test/target/test-dir/MiniOzoneClusterImpl-3b2755de-4cfe-4b43-9e0d-73dd8eda8f75/datanode-0/data/ratis/9e704356-3229-4fb5-b0f4-8d9545d9289e: flushIndex: setUnconditionally 0 -> -1
2019-09-19 14:04:53,492 [pool-58-thread-1] INFO  server.RaftServerConfigKeys (ConfUtils.java:logGet(43)) - raft.server.snapshot.auto.trigger.enabled = true (custom)
2019-09-19 14:04:53,492 [pool-58-thread-1] INFO  server.RaftServerConfigKeys (ConfUtils.java:logGet(43)) - raft.server.snapshot.auto.trigger.threshold = 1 (custom)
2019-09-19 14:04:53,493 [pool-58-thread-1] INFO  server.RaftServerConfigKeys (ConfUtils.java:logGet(43)) - raft.server.retrycache.expirytime = 600000ms (custom)
2019-09-19 14:04:53,493 [pool-58-thread-1] INFO  impl.RaftServerImpl (RaftServerImpl.java:start(180)) - dcc77c7b-1d37-448d-8d57-43d254561693: start group-8D9545D9289E
2019-09-19 14:04:53,493 [pool-58-thread-1] INFO  impl.RaftServerImpl (RaftServerImpl.java:setRole(171)) - dcc77c7b-1d37-448d-8d57-43d254561693:group-8D9545D9289E changes role from null to FOLLOWER at term 0 for startAsFollower
2019-09-19 14:04:53,493 [pool-58-thread-1] INFO  impl.RoleInfo (RoleInfo.java:updateAndGet(143)) - dcc77c7b-1d37-448d-8d57-43d254561693: start FollowerState
2019-09-19 14:04:53,493 [pool-58-thread-1] INFO  util.JmxRegister (JmxRegister.java:tryRegister(44)) - Successfully registered JMX Bean with object name Ratis:service=RaftServer,group=group-8D9545D9289E,id=dcc77c7b-1d37-448d-8d57-43d254561693
2019-09-19 14:04:53,495 [RatisPipelineUtilsThread] INFO  pipeline.PipelineStateManager (PipelineStateManager.java:addPipeline(56)) - Created pipeline Pipeline[ Id: 9e704356-3229-4fb5-b0f4-8d9545d9289e, Nodes: dcc77c7b-1d37-448d-8d57-43d254561693{ip: 192.168.157.226, host: pr-hdds-1569-swxfz-3172132826, networkLocation: /default-rack, certSerialId: null}, Type:RATIS, Factor:ONE, State:OPEN]
2019-09-19 14:04:53,497 [grpc-default-executor-1] INFO  impl.RaftServerProxy (RaftServerProxy.java:addNew(89)) - dcc77c7b-1d37-448d-8d57-43d254561693: addNew group-2AF851618A31:[dcc77c7b-1d37-448d-8d57-43d254561693:192.168.157.226:34527] returns group-2AF851618A31:java.util.concurrent.CompletableFuture@76a2b464[Not completed]
2019-09-19 14:04:53,498 [pool-58-thread-1] INFO  impl.RaftServerImpl (RaftServerImpl.java:<init>(93)) - dcc77c7b-1d37-448d-8d57-43d254561693: new RaftServerImpl for group-2AF851618A31:[dcc77c7b-1d37-448d-8d57-43d254561693:192.168.157.226:34527] with ContainerStateMachine:uninitialized
2019-09-19 14:04:53,498 [pool-58-thread-1] INFO  server.RaftServerConfigKeys (ConfUtils.java:logGet(43)) - raft.server.rpc.timeout.min = 5s (custom)
2019-09-19 14:04:53,498 [pool-58-thread-1] INFO  server.RaftServerConfigKeys (ConfUtils.java:logGet(43)) - raft.server.rpc.timeout.max = 5200ms (custom)
2019-09-19 14:04:53,498 [pool-58-thread-1] INFO  server.RaftServerConfigKeys (ConfUtils.java:logGet(43)) - raft.server.rpcslowness.timeout = 120s (custom)
2019-09-19 14:04:53,498 [pool-58-thread-1] INFO  server.RaftServerConfigKeys (ConfUtils.java:logGet(43)) - raft.server.sleep.deviation.threshold = 300 (default)
2019-09-19 14:04:53,498 [pool-58-thread-1] INFO  server.RaftServerConfigKeys (ConfUtils.java:logGet(43)) - raft.server.log.appender.install.snapshot.enabled = false (custom)
2019-09-19 14:04:53,498 [pool-58-thread-1] INFO  impl.RaftServerImpl (ServerState.java:<init>(105)) - dcc77c7b-1d37-448d-8d57-43d254561693:group-2AF851618A31 ConfigurationManager, init=-1: [dcc77c7b-1d37-448d-8d57-43d254561693:192.168.157.226:34527], old=null, confs=<EMPTY_MAP>
2019-09-19 14:04:53,498 [pool-58-thread-1] INFO  server.RaftServerConfigKeys (ConfUtils.java:logGet(43)) - raft.server.storage.dir = [/workdir/hadoop-ozone/integration-test/target/test-dir/MiniOzoneClusterImpl-3b2755de-4cfe-4b43-9e0d-73dd8eda8f75/datanode-0/data/ratis] (custom)
2019-09-19 14:04:53,499 [pool-58-thread-1] INFO  storage.RaftStorageDirectory (RaftStorageDirectory.java:analyzeStorage(246)) - The storage directory /workdir/hadoop-ozone/integration-test/target/test-dir/MiniOzoneClusterImpl-3b2755de-4cfe-4b43-9e0d-73dd8eda8f75/datanode-0/data/ratis/fb03b5ce-252f-4acc-ad7d-2af851618a31 does not exist. Creating ...
2019-09-19 14:04:53,512 [pool-58-thread-1] INFO  storage.RaftStorageDirectory (RaftStorageDirectory.java:tryLock(328)) - Lock on /workdir/hadoop-ozone/integration-test/target/test-dir/MiniOzoneClusterImpl-3b2755de-4cfe-4b43-9e0d-73dd8eda8f75/datanode-0/data/ratis/fb03b5ce-252f-4acc-ad7d-2af851618a31/in_use.lock acquired by nodename 30982@pr-hdds-1569-swxfz-3172132826
2019-09-19 14:04:53,527 [pool-58-thread-1] INFO  storage.RaftStorage (RaftStorage.java:format(72)) - Storage directory /workdir/hadoop-ozone/integration-test/target/test-dir/MiniOzoneClusterImpl-3b2755de-4cfe-4b43-9e0d-73dd8eda8f75/datanode-0/data/ratis/fb03b5ce-252f-4acc-ad7d-2af851618a31 has been successfully formatted.
2019-09-19 14:04:53,527 [pool-58-thread-1] INFO  ratis.ContainerStateMachine (ContainerStateMachine.java:loadSnapshot(226)) - group-2AF851618A31: The snapshot info is null. Setting the last applied indexto:(t:0, i:~)
2019-09-19 14:04:53,527 [pool-58-thread-1] INFO  server.RaftServerConfigKeys (ConfUtils.java:logGet(43)) - raft.server.leader.election.timeout = 120s (custom)
2019-09-19 14:04:53,528 [pool-58-thread-1] INFO  server.RaftServerConfigKeys (ConfUtils.java:logGet(43)) - raft.server.log.use.memory = false (default)
2019-09-19 14:04:53,528 [pool-58-thread-1] INFO  server.RaftServerConfigKeys (ConfUtils.java:logGet(43)) - raft.server.log.purge.gap = 1000000 (custom)
2019-09-19 14:04:53,528 [pool-58-thread-1] INFO  server.RaftServerConfigKeys (ConfUtils.java:logGet(43)) - raft.server.log.appender.buffer.byte-limit = 33554432 (custom)
2019-09-19 14:04:53,528 [pool-58-thread-1] INFO  server.RaftServerConfigKeys (ConfUtils.java:logGet(43)) - raft.server.log.segment.size.max = 1048576 (custom)
2019-09-19 14:04:53,528 [pool-58-thread-1] INFO  server.RaftServerConfigKeys (ConfUtils.java:logGet(43)) - raft.server.log.segment.cache.num.max = 2 (custom)
2019-09-19 14:04:53,528 [pool-58-thread-1] INFO  segmented.SegmentedRaftLogWorker (SegmentedRaftLogWorker.java:<init>(172)) - new dcc77c7b-1d37-448d-8d57-43d254561693-SegmentedRaftLogWorker:Storage Directory /workdir/hadoop-ozone/integration-test/target/test-dir/MiniOzoneClusterImpl-3b2755de-4cfe-4b43-9e0d-73dd8eda8f75/datanode-0/data/ratis/fb03b5ce-252f-4acc-ad7d-2af851618a31 for RaftStorage:Storage Directory /workdir/hadoop-ozone/integration-test/target/test-dir/MiniOzoneClusterImpl-3b2755de-4cfe-4b43-9e0d-73dd8eda8f75/datanode-0/data/ratis/fb03b5ce-252f-4acc-ad7d-2af851618a31
2019-09-19 14:04:53,528 [pool-58-thread-1] INFO  server.RaftServerConfigKeys (ConfUtils.java:logGet(43)) - raft.server.log.queue.byte-limit = 2147483647 (custom)
2019-09-19 14:04:53,529 [pool-58-thread-1] INFO  server.RaftServerConfigKeys (ConfUtils.java:logGet(43)) - raft.server.log.queue.element-limit = 1024 (custom)
2019-09-19 14:04:53,529 [pool-58-thread-1] INFO  server.RaftServerConfigKeys (ConfUtils.java:logGet(43)) - raft.server.log.segment.size.max = 1048576 (custom)
2019-09-19 14:04:53,529 [pool-58-thread-1] INFO  server.RaftServerConfigKeys (ConfUtils.java:logGet(43)) - raft.server.log.preallocated.size = 16384 (custom)
2019-09-19 14:04:53,529 [pool-58-thread-1] INFO  server.RaftServerConfigKeys (ConfUtils.java:logGet(43)) - raft.server.log.write.buffer.size = 33554432 (custom)
2019-09-19 14:04:53,529 [pool-58-thread-1] INFO  server.RaftServerConfigKeys (ConfUtils.java:logGet(43)) - raft.server.log.force.sync.num = 128 (default)
2019-09-19 14:04:53,529 [pool-58-thread-1] INFO  server.RaftServerConfigKeys (ConfUtils.java:logGet(43)) - raft.server.log.statemachine.data.sync = true (default)
2019-09-19 14:04:53,529 [pool-58-thread-1] INFO  server.RaftServerConfigKeys (ConfUtils.java:logGet(43)) - raft.server.log.statemachine.data.sync.timeout = 10s (default)
2019-09-19 14:04:53,529 [pool-58-thread-1] INFO  server.RaftServerConfigKeys (ConfUtils.java:logGet(43)) - raft.server.log.statemachine.data.sync.timeout.retry = -1 (default)
2019-09-19 14:04:53,530 [pool-58-thread-1] INFO  server.RaftServerConfigKeys (ConfUtils.java:logGet(43)) - raft.server.log.statemachine.data.caching.enabled = true (custom)
2019-09-19 14:04:53,530 [pool-58-thread-1] INFO  segmented.SegmentedRaftLogWorker (SegmentedRaftLogWorker.java:lambda$new$0(132)) - dcc77c7b-1d37-448d-8d57-43d254561693-SegmentedRaftLogWorker:Storage Directory /workdir/hadoop-ozone/integration-test/target/test-dir/MiniOzoneClusterImpl-3b2755de-4cfe-4b43-9e0d-73dd8eda8f75/datanode-0/data/ratis/fb03b5ce-252f-4acc-ad7d-2af851618a31: flushIndex: setUnconditionally 0 -> -1
2019-09-19 14:04:53,530 [pool-58-thread-1] INFO  server.RaftServerConfigKeys (ConfUtils.java:logGet(43)) - raft.server.snapshot.auto.trigger.enabled = true (custom)
2019-09-19 14:04:53,530 [pool-58-thread-1] INFO  server.RaftServerConfigKeys (ConfUtils.java:logGet(43)) - raft.server.snapshot.auto.trigger.threshold = 1 (custom)
2019-09-19 14:04:53,530 [pool-58-thread-1] INFO  server.RaftServerConfigKeys (ConfUtils.java:logGet(43)) - raft.server.retrycache.expirytime = 600000ms (custom)
2019-09-19 14:04:53,530 [pool-58-thread-1] INFO  impl.RaftServerImpl (RaftServerImpl.java:start(180)) - dcc77c7b-1d37-448d-8d57-43d254561693: start group-2AF851618A31
2019-09-19 14:04:53,531 [pool-58-thread-1] INFO  impl.RaftServerImpl (RaftServerImpl.java:setRole(171)) - dcc77c7b-1d37-448d-8d57-43d254561693:group-2AF851618A31 changes role from null to FOLLOWER at term 0 for startAsFollower
2019-09-19 14:04:53,531 [pool-58-thread-1] INFO  impl.RoleInfo (RoleInfo.java:updateAndGet(143)) - dcc77c7b-1d37-448d-8d57-43d254561693: start FollowerState
2019-09-19 14:04:53,531 [pool-58-thread-1] INFO  util.JmxRegister (JmxRegister.java:tryRegister(44)) - Successfully registered JMX Bean with object name Ratis:service=RaftServer,group=group-2AF851618A31,id=dcc77c7b-1d37-448d-8d57-43d254561693
2019-09-19 14:04:53,532 [RatisPipelineUtilsThread] INFO  pipeline.PipelineStateManager (PipelineStateManager.java:addPipeline(56)) - Created pipeline Pipeline[ Id: fb03b5ce-252f-4acc-ad7d-2af851618a31, Nodes: dcc77c7b-1d37-448d-8d57-43d254561693{ip: 192.168.157.226, host: pr-hdds-1569-swxfz-3172132826, networkLocation: /default-rack, certSerialId: null}, Type:RATIS, Factor:ONE, State:OPEN]
2019-09-19 14:04:53,535 [grpc-default-executor-1] INFO  impl.RaftServerProxy (RaftServerProxy.java:addNew(89)) - dcc77c7b-1d37-448d-8d57-43d254561693: addNew group-3B4ECEA16FCB:[dcc77c7b-1d37-448d-8d57-43d254561693:192.168.157.226:34527] returns group-3B4ECEA16FCB:java.util.concurrent.CompletableFuture@707ed8be[Not completed]
2019-09-19 14:04:53,535 [pool-58-thread-1] INFO  impl.RaftServerImpl (RaftServerImpl.java:<init>(93)) - dcc77c7b-1d37-448d-8d57-43d254561693: new RaftServerImpl for group-3B4ECEA16FCB:[dcc77c7b-1d37-448d-8d57-43d254561693:192.168.157.226:34527] with ContainerStateMachine:uninitialized
2019-09-19 14:04:53,536 [pool-58-thread-1] INFO  server.RaftServerConfigKeys (ConfUtils.java:logGet(43)) - raft.server.rpc.timeout.min = 5s (custom)
2019-09-19 14:04:53,536 [pool-58-thread-1] INFO  server.RaftServerConfigKeys (ConfUtils.java:logGet(43)) - raft.server.rpc.timeout.max = 5200ms (custom)
2019-09-19 14:04:53,536 [pool-58-thread-1] INFO  server.RaftServerConfigKeys (ConfUtils.java:logGet(43)) - raft.server.rpcslowness.timeout = 120s (custom)
2019-09-19 14:04:53,536 [pool-58-thread-1] INFO  server.RaftServerConfigKeys (ConfUtils.java:logGet(43)) - raft.server.sleep.deviation.threshold = 300 (default)
2019-09-19 14:04:53,536 [pool-58-thread-1] INFO  server.RaftServerConfigKeys (ConfUtils.java:logGet(43)) - raft.server.log.appender.install.snapshot.enabled = false (custom)
2019-09-19 14:04:53,536 [pool-58-thread-1] INFO  impl.RaftServerImpl (ServerState.java:<init>(105)) - dcc77c7b-1d37-448d-8d57-43d254561693:group-3B4ECEA16FCB ConfigurationManager, init=-1: [dcc77c7b-1d37-448d-8d57-43d254561693:192.168.157.226:34527], old=null, confs=<EMPTY_MAP>
2019-09-19 14:04:53,536 [pool-58-thread-1] INFO  server.RaftServerConfigKeys (ConfUtils.java:logGet(43)) - raft.server.storage.dir = [/workdir/hadoop-ozone/integration-test/target/test-dir/MiniOzoneClusterImpl-3b2755de-4cfe-4b43-9e0d-73dd8eda8f75/datanode-0/data/ratis] (custom)
2019-09-19 14:04:53,537 [pool-58-thread-1] INFO  storage.RaftStorageDirectory (RaftStorageDirectory.java:analyzeStorage(246)) - The storage directory /workdir/hadoop-ozone/integration-test/target/test-dir/MiniOzoneClusterImpl-3b2755de-4cfe-4b43-9e0d-73dd8eda8f75/datanode-0/data/ratis/dfac8f44-20b0-4bc3-8eac-3b4ecea16fcb does not exist. Creating ...
2019-09-19 14:04:53,550 [pool-58-thread-1] INFO  storage.RaftStorageDirectory (RaftStorageDirectory.java:tryLock(328)) - Lock on /workdir/hadoop-ozone/integration-test/target/test-dir/MiniOzoneClusterImpl-3b2755de-4cfe-4b43-9e0d-73dd8eda8f75/datanode-0/data/ratis/dfac8f44-20b0-4bc3-8eac-3b4ecea16fcb/in_use.lock acquired by nodename 30982@pr-hdds-1569-swxfz-3172132826
2019-09-19 14:04:53,563 [pool-58-thread-1] INFO  storage.RaftStorage (RaftStorage.java:format(72)) - Storage directory /workdir/hadoop-ozone/integration-test/target/test-dir/MiniOzoneClusterImpl-3b2755de-4cfe-4b43-9e0d-73dd8eda8f75/datanode-0/data/ratis/dfac8f44-20b0-4bc3-8eac-3b4ecea16fcb has been successfully formatted.
2019-09-19 14:04:53,563 [pool-58-thread-1] INFO  ratis.ContainerStateMachine (ContainerStateMachine.java:loadSnapshot(226)) - group-3B4ECEA16FCB: The snapshot info is null. Setting the last applied indexto:(t:0, i:~)
2019-09-19 14:04:53,563 [pool-58-thread-1] INFO  server.RaftServerConfigKeys (ConfUtils.java:logGet(43)) - raft.server.leader.election.timeout = 120s (custom)
2019-09-19 14:04:53,563 [pool-58-thread-1] INFO  server.RaftServerConfigKeys (ConfUtils.java:logGet(43)) - raft.server.log.use.memory = false (default)
2019-09-19 14:04:53,563 [pool-58-thread-1] INFO  server.RaftServerConfigKeys (ConfUtils.java:logGet(43)) - raft.server.log.purge.gap = 1000000 (custom)
2019-09-19 14:04:53,563 [pool-58-thread-1] INFO  server.RaftServerConfigKeys (ConfUtils.java:logGet(43)) - raft.server.log.appender.buffer.byte-limit = 33554432 (custom)
2019-09-19 14:04:53,564 [pool-58-thread-1] INFO  server.RaftServerConfigKeys (ConfUtils.java:logGet(43)) - raft.server.log.segment.size.max = 1048576 (custom)
2019-09-19 14:04:53,564 [pool-58-thread-1] INFO  server.RaftServerConfigKeys (ConfUtils.java:logGet(43)) - raft.server.log.segment.cache.num.max = 2 (custom)
2019-09-19 14:04:53,564 [pool-58-thread-1] INFO  segmented.SegmentedRaftLogWorker (SegmentedRaftLogWorker.java:<init>(172)) - new dcc77c7b-1d37-448d-8d57-43d254561693-SegmentedRaftLogWorker:Storage Directory /workdir/hadoop-ozone/integration-test/target/test-dir/MiniOzoneClusterImpl-3b2755de-4cfe-4b43-9e0d-73dd8eda8f75/datanode-0/data/ratis/dfac8f44-20b0-4bc3-8eac-3b4ecea16fcb for RaftStorage:Storage Directory /workdir/hadoop-ozone/integration-test/target/test-dir/MiniOzoneClusterImpl-3b2755de-4cfe-4b43-9e0d-73dd8eda8f75/datanode-0/data/ratis/dfac8f44-20b0-4bc3-8eac-3b4ecea16fcb
2019-09-19 14:04:53,564 [pool-58-thread-1] INFO  server.RaftServerConfigKeys (ConfUtils.java:logGet(43)) - raft.server.log.queue.byte-limit = 2147483647 (custom)
2019-09-19 14:04:53,564 [pool-58-thread-1] INFO  server.RaftServerConfigKeys (ConfUtils.java:logGet(43)) - raft.server.log.queue.element-limit = 1024 (custom)
2019-09-19 14:04:53,564 [pool-58-thread-1] INFO  server.RaftServerConfigKeys (ConfUtils.java:logGet(43)) - raft.server.log.segment.size.max = 1048576 (custom)
2019-09-19 14:04:53,564 [pool-58-thread-1] INFO  server.RaftServerConfigKeys (ConfUtils.java:logGet(43)) - raft.server.log.preallocated.size = 16384 (custom)
2019-09-19 14:04:53,565 [pool-58-thread-1] INFO  server.RaftServerConfigKeys (ConfUtils.java:logGet(43)) - raft.server.log.write.buffer.size = 33554432 (custom)
2019-09-19 14:04:53,565 [pool-58-thread-1] INFO  server.RaftServerConfigKeys (ConfUtils.java:logGet(43)) - raft.server.log.force.sync.num = 128 (default)
2019-09-19 14:04:53,565 [pool-58-thread-1] INFO  server.RaftServerConfigKeys (ConfUtils.java:logGet(43)) - raft.server.log.statemachine.data.sync = true (default)
2019-09-19 14:04:53,565 [pool-58-thread-1] INFO  server.RaftServerConfigKeys (ConfUtils.java:logGet(43)) - raft.server.log.statemachine.data.sync.timeout = 10s (default)
2019-09-19 14:04:53,565 [pool-58-thread-1] INFO  server.RaftServerConfigKeys (ConfUtils.java:logGet(43)) - raft.server.log.statemachine.data.sync.timeout.retry = -1 (default)
2019-09-19 14:04:53,565 [pool-58-thread-1] INFO  server.RaftServerConfigKeys (ConfUtils.java:logGet(43)) - raft.server.log.statemachine.data.caching.enabled = true (custom)
2019-09-19 14:04:53,565 [pool-58-thread-1] INFO  segmented.SegmentedRaftLogWorker (SegmentedRaftLogWorker.java:lambda$new$0(132)) - dcc77c7b-1d37-448d-8d57-43d254561693-SegmentedRaftLogWorker:Storage Directory /workdir/hadoop-ozone/integration-test/target/test-dir/MiniOzoneClusterImpl-3b2755de-4cfe-4b43-9e0d-73dd8eda8f75/datanode-0/data/ratis/dfac8f44-20b0-4bc3-8eac-3b4ecea16fcb: flushIndex: setUnconditionally 0 -> -1
2019-09-19 14:04:53,566 [pool-58-thread-1] INFO  server.RaftServerConfigKeys (ConfUtils.java:logGet(43)) - raft.server.snapshot.auto.trigger.enabled = true (custom)
2019-09-19 14:04:53,566 [pool-58-thread-1] INFO  server.RaftServerConfigKeys (ConfUtils.java:logGet(43)) - raft.server.snapshot.auto.trigger.threshold = 1 (custom)
2019-09-19 14:04:53,566 [pool-58-thread-1] INFO  server.RaftServerConfigKeys (ConfUtils.java:logGet(43)) - raft.server.retrycache.expirytime = 600000ms (custom)
2019-09-19 14:04:53,566 [pool-58-thread-1] INFO  impl.RaftServerImpl (RaftServerImpl.java:start(180)) - dcc77c7b-1d37-448d-8d57-43d254561693: start group-3B4ECEA16FCB
2019-09-19 14:04:53,566 [pool-58-thread-1] INFO  impl.RaftServerImpl (RaftServerImpl.java:setRole(171)) - dcc77c7b-1d37-448d-8d57-43d254561693:group-3B4ECEA16FCB changes role from null to FOLLOWER at term 0 for startAsFollower
2019-09-19 14:04:53,567 [pool-58-thread-1] INFO  impl.RoleInfo (RoleInfo.java:updateAndGet(143)) - dcc77c7b-1d37-448d-8d57-43d254561693: start FollowerState
2019-09-19 14:04:53,567 [pool-58-thread-1] INFO  util.JmxRegister (JmxRegister.java:tryRegister(44)) - Successfully registered JMX Bean with object name Ratis:service=RaftServer,group=group-3B4ECEA16FCB,id=dcc77c7b-1d37-448d-8d57-43d254561693
2019-09-19 14:04:53,568 [RatisPipelineUtilsThread] INFO  pipeline.PipelineStateManager (PipelineStateManager.java:addPipeline(56)) - Created pipeline Pipeline[ Id: dfac8f44-20b0-4bc3-8eac-3b4ecea16fcb, Nodes: dcc77c7b-1d37-448d-8d57-43d254561693{ip: 192.168.157.226, host: pr-hdds-1569-swxfz-3172132826, networkLocation: /default-rack, certSerialId: null}, Type:RATIS, Factor:ONE, State:OPEN]
2019-09-19 14:04:53,571 [grpc-default-executor-1] INFO  impl.RaftServerProxy (RaftServerProxy.java:addNew(89)) - dcc77c7b-1d37-448d-8d57-43d254561693: addNew group-04BD0E6020D4:[dcc77c7b-1d37-448d-8d57-43d254561693:192.168.157.226:34527] returns group-04BD0E6020D4:java.util.concurrent.CompletableFuture@6a985649[Not completed]
2019-09-19 14:04:53,572 [pool-58-thread-1] INFO  impl.RaftServerImpl (RaftServerImpl.java:<init>(93)) - dcc77c7b-1d37-448d-8d57-43d254561693: new RaftServerImpl for group-04BD0E6020D4:[dcc77c7b-1d37-448d-8d57-43d254561693:192.168.157.226:34527] with ContainerStateMachine:uninitialized
2019-09-19 14:04:53,572 [pool-58-thread-1] INFO  server.RaftServerConfigKeys (ConfUtils.java:logGet(43)) - raft.server.rpc.timeout.min = 5s (custom)
2019-09-19 14:04:53,572 [pool-58-thread-1] INFO  server.RaftServerConfigKeys (ConfUtils.java:logGet(43)) - raft.server.rpc.timeout.max = 5200ms (custom)
2019-09-19 14:04:53,572 [pool-58-thread-1] INFO  server.RaftServerConfigKeys (ConfUtils.java:logGet(43)) - raft.server.rpcslowness.timeout = 120s (custom)
2019-09-19 14:04:53,572 [pool-58-thread-1] INFO  server.RaftServerConfigKeys (ConfUtils.java:logGet(43)) - raft.server.sleep.deviation.threshold = 300 (default)
2019-09-19 14:04:53,572 [pool-58-thread-1] INFO  server.RaftServerConfigKeys (ConfUtils.java:logGet(43)) - raft.server.log.appender.install.snapshot.enabled = false (custom)
2019-09-19 14:04:53,573 [pool-58-thread-1] INFO  impl.RaftServerImpl (ServerState.java:<init>(105)) - dcc77c7b-1d37-448d-8d57-43d254561693:group-04BD0E6020D4 ConfigurationManager, init=-1: [dcc77c7b-1d37-448d-8d57-43d254561693:192.168.157.226:34527], old=null, confs=<EMPTY_MAP>
2019-09-19 14:04:53,573 [pool-58-thread-1] INFO  server.RaftServerConfigKeys (ConfUtils.java:logGet(43)) - raft.server.storage.dir = [/workdir/hadoop-ozone/integration-test/target/test-dir/MiniOzoneClusterImpl-3b2755de-4cfe-4b43-9e0d-73dd8eda8f75/datanode-0/data/ratis] (custom)
2019-09-19 14:04:53,574 [pool-58-thread-1] INFO  storage.RaftStorageDirectory (RaftStorageDirectory.java:analyzeStorage(246)) - The storage directory /workdir/hadoop-ozone/integration-test/target/test-dir/MiniOzoneClusterImpl-3b2755de-4cfe-4b43-9e0d-73dd8eda8f75/datanode-0/data/ratis/05fd50f6-f551-4401-9aa3-04bd0e6020d4 does not exist. Creating ...
2019-09-19 14:04:53,586 [pool-58-thread-1] INFO  storage.RaftStorageDirectory (RaftStorageDirectory.java:tryLock(328)) - Lock on /workdir/hadoop-ozone/integration-test/target/test-dir/MiniOzoneClusterImpl-3b2755de-4cfe-4b43-9e0d-73dd8eda8f75/datanode-0/data/ratis/05fd50f6-f551-4401-9aa3-04bd0e6020d4/in_use.lock acquired by nodename 30982@pr-hdds-1569-swxfz-3172132826
2019-09-19 14:04:53,594 | INFO  | SCMAudit | user=jenkins1000 | ip=192.168.157.226 | op=SEND_HEARTBEAT {datanodeUUID=dcc77c7b-1d37-448d-8d57-43d254561693, command=[]} | ret=SUCCESS |  
2019-09-19 14:04:53,599 [pool-58-thread-1] INFO  storage.RaftStorage (RaftStorage.java:format(72)) - Storage directory /workdir/hadoop-ozone/integration-test/target/test-dir/MiniOzoneClusterImpl-3b2755de-4cfe-4b43-9e0d-73dd8eda8f75/datanode-0/data/ratis/05fd50f6-f551-4401-9aa3-04bd0e6020d4 has been successfully formatted.
2019-09-19 14:04:53,600 [pool-58-thread-1] INFO  ratis.ContainerStateMachine (ContainerStateMachine.java:loadSnapshot(226)) - group-04BD0E6020D4: The snapshot info is null. Setting the last applied indexto:(t:0, i:~)
2019-09-19 14:04:53,600 [pool-58-thread-1] INFO  server.RaftServerConfigKeys (ConfUtils.java:logGet(43)) - raft.server.leader.election.timeout = 120s (custom)
2019-09-19 14:04:53,600 [pool-58-thread-1] INFO  server.RaftServerConfigKeys (ConfUtils.java:logGet(43)) - raft.server.log.use.memory = false (default)
2019-09-19 14:04:53,600 [pool-58-thread-1] INFO  server.RaftServerConfigKeys (ConfUtils.java:logGet(43)) - raft.server.log.purge.gap = 1000000 (custom)
2019-09-19 14:04:53,600 [pool-58-thread-1] INFO  server.RaftServerConfigKeys (ConfUtils.java:logGet(43)) - raft.server.log.appender.buffer.byte-limit = 33554432 (custom)
2019-09-19 14:04:53,600 [pool-58-thread-1] INFO  server.RaftServerConfigKeys (ConfUtils.java:logGet(43)) - raft.server.log.segment.size.max = 1048576 (custom)
2019-09-19 14:04:53,600 [pool-58-thread-1] INFO  server.RaftServerConfigKeys (ConfUtils.java:logGet(43)) - raft.server.log.segment.cache.num.max = 2 (custom)
2019-09-19 14:04:53,601 [pool-58-thread-1] INFO  segmented.SegmentedRaftLogWorker (SegmentedRaftLogWorker.java:<init>(172)) - new dcc77c7b-1d37-448d-8d57-43d254561693-SegmentedRaftLogWorker:Storage Directory /workdir/hadoop-ozone/integration-test/target/test-dir/MiniOzoneClusterImpl-3b2755de-4cfe-4b43-9e0d-73dd8eda8f75/datanode-0/data/ratis/05fd50f6-f551-4401-9aa3-04bd0e6020d4 for RaftStorage:Storage Directory /workdir/hadoop-ozone/integration-test/target/test-dir/MiniOzoneClusterImpl-3b2755de-4cfe-4b43-9e0d-73dd8eda8f75/datanode-0/data/ratis/05fd50f6-f551-4401-9aa3-04bd0e6020d4
2019-09-19 14:04:53,601 [pool-58-thread-1] INFO  server.RaftServerConfigKeys (ConfUtils.java:logGet(43)) - raft.server.log.queue.byte-limit = 2147483647 (custom)
2019-09-19 14:04:53,601 [pool-58-thread-1] INFO  server.RaftServerConfigKeys (ConfUtils.java:logGet(43)) - raft.server.log.queue.element-limit = 1024 (custom)
2019-09-19 14:04:53,601 [pool-58-thread-1] INFO  server.RaftServerConfigKeys (ConfUtils.java:logGet(43)) - raft.server.log.segment.size.max = 1048576 (custom)
2019-09-19 14:04:53,601 [pool-58-thread-1] INFO  server.RaftServerConfigKeys (ConfUtils.java:logGet(43)) - raft.server.log.preallocated.size = 16384 (custom)
2019-09-19 14:04:53,601 [pool-58-thread-1] INFO  server.RaftServerConfigKeys (ConfUtils.java:logGet(43)) - raft.server.log.write.buffer.size = 33554432 (custom)
2019-09-19 14:04:53,602 [pool-58-thread-1] INFO  server.RaftServerConfigKeys (ConfUtils.java:logGet(43)) - raft.server.log.force.sync.num = 128 (default)
2019-09-19 14:04:53,602 [pool-58-thread-1] INFO  server.RaftServerConfigKeys (ConfUtils.java:logGet(43)) - raft.server.log.statemachine.data.sync = true (default)
2019-09-19 14:04:53,602 [pool-58-thread-1] INFO  server.RaftServerConfigKeys (ConfUtils.java:logGet(43)) - raft.server.log.statemachine.data.sync.timeout = 10s (default)
2019-09-19 14:04:53,602 [pool-58-thread-1] INFO  server.RaftServerConfigKeys (ConfUtils.java:logGet(43)) - raft.server.log.statemachine.data.sync.timeout.retry = -1 (default)
2019-09-19 14:04:53,602 [pool-58-thread-1] INFO  server.RaftServerConfigKeys (ConfUtils.java:logGet(43)) - raft.server.log.statemachine.data.caching.enabled = true (custom)
2019-09-19 14:04:53,602 [pool-58-thread-1] INFO  segmented.SegmentedRaftLogWorker (SegmentedRaftLogWorker.java:lambda$new$0(132)) - dcc77c7b-1d37-448d-8d57-43d254561693-SegmentedRaftLogWorker:Storage Directory /workdir/hadoop-ozone/integration-test/target/test-dir/MiniOzoneClusterImpl-3b2755de-4cfe-4b43-9e0d-73dd8eda8f75/datanode-0/data/ratis/05fd50f6-f551-4401-9aa3-04bd0e6020d4: flushIndex: setUnconditionally 0 -> -1
2019-09-19 14:04:53,603 [pool-58-thread-1] INFO  server.RaftServerConfigKeys (ConfUtils.java:logGet(43)) - raft.server.snapshot.auto.trigger.enabled = true (custom)
2019-09-19 14:04:53,603 [pool-58-thread-1] INFO  server.RaftServerConfigKeys (ConfUtils.java:logGet(43)) - raft.server.snapshot.auto.trigger.threshold = 1 (custom)
2019-09-19 14:04:53,603 [pool-58-thread-1] INFO  server.RaftServerConfigKeys (ConfUtils.java:logGet(43)) - raft.server.retrycache.expirytime = 600000ms (custom)
2019-09-19 14:04:53,603 [pool-58-thread-1] INFO  impl.RaftServerImpl (RaftServerImpl.java:start(180)) - dcc77c7b-1d37-448d-8d57-43d254561693: start group-04BD0E6020D4
2019-09-19 14:04:53,603 [pool-58-thread-1] INFO  impl.RaftServerImpl (RaftServerImpl.java:setRole(171)) - dcc77c7b-1d37-448d-8d57-43d254561693:group-04BD0E6020D4 changes role from null to FOLLOWER at term 0 for startAsFollower
2019-09-19 14:04:53,603 [pool-58-thread-1] INFO  impl.RoleInfo (RoleInfo.java:updateAndGet(143)) - dcc77c7b-1d37-448d-8d57-43d254561693: start FollowerState
2019-09-19 14:04:53,604 [pool-58-thread-1] INFO  util.JmxRegister (JmxRegister.java:tryRegister(44)) - Successfully registered JMX Bean with object name Ratis:service=RaftServer,group=group-04BD0E6020D4,id=dcc77c7b-1d37-448d-8d57-43d254561693
2019-09-19 14:04:53,605 [RatisPipelineUtilsThread] INFO  pipeline.PipelineStateManager (PipelineStateManager.java:addPipeline(56)) - Created pipeline Pipeline[ Id: 05fd50f6-f551-4401-9aa3-04bd0e6020d4, Nodes: dcc77c7b-1d37-448d-8d57-43d254561693{ip: 192.168.157.226, host: pr-hdds-1569-swxfz-3172132826, networkLocation: /default-rack, certSerialId: null}, Type:RATIS, Factor:ONE, State:OPEN]
2019-09-19 14:04:53,608 [grpc-default-executor-1] INFO  impl.RaftServerProxy (RaftServerProxy.java:addNew(89)) - dcc77c7b-1d37-448d-8d57-43d254561693: addNew group-0DAF98B9911C:[dcc77c7b-1d37-448d-8d57-43d254561693:192.168.157.226:34527] returns group-0DAF98B9911C:java.util.concurrent.CompletableFuture@4476c0db[Not completed]
2019-09-19 14:04:53,609 [pool-58-thread-1] INFO  impl.RaftServerImpl (RaftServerImpl.java:<init>(93)) - dcc77c7b-1d37-448d-8d57-43d254561693: new RaftServerImpl for group-0DAF98B9911C:[dcc77c7b-1d37-448d-8d57-43d254561693:192.168.157.226:34527] with ContainerStateMachine:uninitialized
2019-09-19 14:04:53,609 [pool-58-thread-1] INFO  server.RaftServerConfigKeys (ConfUtils.java:logGet(43)) - raft.server.rpc.timeout.min = 5s (custom)
2019-09-19 14:04:53,609 [pool-58-thread-1] INFO  server.RaftServerConfigKeys (ConfUtils.java:logGet(43)) - raft.server.rpc.timeout.max = 5200ms (custom)
2019-09-19 14:04:53,609 [pool-58-thread-1] INFO  server.RaftServerConfigKeys (ConfUtils.java:logGet(43)) - raft.server.rpcslowness.timeout = 120s (custom)
2019-09-19 14:04:53,609 [pool-58-thread-1] INFO  server.RaftServerConfigKeys (ConfUtils.java:logGet(43)) - raft.server.sleep.deviation.threshold = 300 (default)
2019-09-19 14:04:53,609 [pool-58-thread-1] INFO  server.RaftServerConfigKeys (ConfUtils.java:logGet(43)) - raft.server.log.appender.install.snapshot.enabled = false (custom)
2019-09-19 14:04:53,609 [pool-58-thread-1] INFO  impl.RaftServerImpl (ServerState.java:<init>(105)) - dcc77c7b-1d37-448d-8d57-43d254561693:group-0DAF98B9911C ConfigurationManager, init=-1: [dcc77c7b-1d37-448d-8d57-43d254561693:192.168.157.226:34527], old=null, confs=<EMPTY_MAP>
2019-09-19 14:04:53,609 [pool-58-thread-1] INFO  server.RaftServerConfigKeys (ConfUtils.java:logGet(43)) - raft.server.storage.dir = [/workdir/hadoop-ozone/integration-test/target/test-dir/MiniOzoneClusterImpl-3b2755de-4cfe-4b43-9e0d-73dd8eda8f75/datanode-0/data/ratis] (custom)
2019-09-19 14:04:53,611 [pool-58-thread-1] INFO  storage.RaftStorageDirectory (RaftStorageDirectory.java:analyzeStorage(246)) - The storage directory /workdir/hadoop-ozone/integration-test/target/test-dir/MiniOzoneClusterImpl-3b2755de-4cfe-4b43-9e0d-73dd8eda8f75/datanode-0/data/ratis/ee44affa-94a9-42cb-87a7-0daf98b9911c does not exist. Creating ...
2019-09-19 14:04:53,624 [pool-58-thread-1] INFO  storage.RaftStorageDirectory (RaftStorageDirectory.java:tryLock(328)) - Lock on /workdir/hadoop-ozone/integration-test/target/test-dir/MiniOzoneClusterImpl-3b2755de-4cfe-4b43-9e0d-73dd8eda8f75/datanode-0/data/ratis/ee44affa-94a9-42cb-87a7-0daf98b9911c/in_use.lock acquired by nodename 30982@pr-hdds-1569-swxfz-3172132826
2019-09-19 14:04:53,637 [pool-58-thread-1] INFO  storage.RaftStorage (RaftStorage.java:format(72)) - Storage directory /workdir/hadoop-ozone/integration-test/target/test-dir/MiniOzoneClusterImpl-3b2755de-4cfe-4b43-9e0d-73dd8eda8f75/datanode-0/data/ratis/ee44affa-94a9-42cb-87a7-0daf98b9911c has been successfully formatted.
2019-09-19 14:04:53,637 [pool-58-thread-1] INFO  ratis.ContainerStateMachine (ContainerStateMachine.java:loadSnapshot(226)) - group-0DAF98B9911C: The snapshot info is null. Setting the last applied indexto:(t:0, i:~)
2019-09-19 14:04:53,637 [pool-58-thread-1] INFO  server.RaftServerConfigKeys (ConfUtils.java:logGet(43)) - raft.server.leader.election.timeout = 120s (custom)
2019-09-19 14:04:53,638 [pool-58-thread-1] INFO  server.RaftServerConfigKeys (ConfUtils.java:logGet(43)) - raft.server.log.use.memory = false (default)
2019-09-19 14:04:53,638 [pool-58-thread-1] INFO  server.RaftServerConfigKeys (ConfUtils.java:logGet(43)) - raft.server.log.purge.gap = 1000000 (custom)
2019-09-19 14:04:53,638 [pool-58-thread-1] INFO  server.RaftServerConfigKeys (ConfUtils.java:logGet(43)) - raft.server.log.appender.buffer.byte-limit = 33554432 (custom)
2019-09-19 14:04:53,638 [pool-58-thread-1] INFO  server.RaftServerConfigKeys (ConfUtils.java:logGet(43)) - raft.server.log.segment.size.max = 1048576 (custom)
2019-09-19 14:04:53,638 [pool-58-thread-1] INFO  server.RaftServerConfigKeys (ConfUtils.java:logGet(43)) - raft.server.log.segment.cache.num.max = 2 (custom)
2019-09-19 14:04:53,638 [pool-58-thread-1] INFO  segmented.SegmentedRaftLogWorker (SegmentedRaftLogWorker.java:<init>(172)) - new dcc77c7b-1d37-448d-8d57-43d254561693-SegmentedRaftLogWorker:Storage Directory /workdir/hadoop-ozone/integration-test/target/test-dir/MiniOzoneClusterImpl-3b2755de-4cfe-4b43-9e0d-73dd8eda8f75/datanode-0/data/ratis/ee44affa-94a9-42cb-87a7-0daf98b9911c for RaftStorage:Storage Directory /workdir/hadoop-ozone/integration-test/target/test-dir/MiniOzoneClusterImpl-3b2755de-4cfe-4b43-9e0d-73dd8eda8f75/datanode-0/data/ratis/ee44affa-94a9-42cb-87a7-0daf98b9911c
2019-09-19 14:04:53,638 [pool-58-thread-1] INFO  server.RaftServerConfigKeys (ConfUtils.java:logGet(43)) - raft.server.log.queue.byte-limit = 2147483647 (custom)
2019-09-19 14:04:53,639 [pool-58-thread-1] INFO  server.RaftServerConfigKeys (ConfUtils.java:logGet(43)) - raft.server.log.queue.element-limit = 1024 (custom)
2019-09-19 14:04:53,639 [pool-58-thread-1] INFO  server.RaftServerConfigKeys (ConfUtils.java:logGet(43)) - raft.server.log.segment.size.max = 1048576 (custom)
2019-09-19 14:04:53,639 [pool-58-thread-1] INFO  server.RaftServerConfigKeys (ConfUtils.java:logGet(43)) - raft.server.log.preallocated.size = 16384 (custom)
2019-09-19 14:04:53,639 [pool-58-thread-1] INFO  server.RaftServerConfigKeys (ConfUtils.java:logGet(43)) - raft.server.log.write.buffer.size = 33554432 (custom)
2019-09-19 14:04:53,639 [pool-58-thread-1] INFO  server.RaftServerConfigKeys (ConfUtils.java:logGet(43)) - raft.server.log.force.sync.num = 128 (default)
2019-09-19 14:04:53,639 [pool-58-thread-1] INFO  server.RaftServerConfigKeys (ConfUtils.java:logGet(43)) - raft.server.log.statemachine.data.sync = true (default)
2019-09-19 14:04:53,639 [pool-58-thread-1] INFO  server.RaftServerConfigKeys (ConfUtils.java:logGet(43)) - raft.server.log.statemachine.data.sync.timeout = 10s (default)
2019-09-19 14:04:53,640 [pool-58-thread-1] INFO  server.RaftServerConfigKeys (ConfUtils.java:logGet(43)) - raft.server.log.statemachine.data.sync.timeout.retry = -1 (default)
2019-09-19 14:04:53,640 [pool-58-thread-1] INFO  server.RaftServerConfigKeys (ConfUtils.java:logGet(43)) - raft.server.log.statemachine.data.caching.enabled = true (custom)
2019-09-19 14:04:53,640 [pool-58-thread-1] INFO  segmented.SegmentedRaftLogWorker (SegmentedRaftLogWorker.java:lambda$new$0(132)) - dcc77c7b-1d37-448d-8d57-43d254561693-SegmentedRaftLogWorker:Storage Directory /workdir/hadoop-ozone/integration-test/target/test-dir/MiniOzoneClusterImpl-3b2755de-4cfe-4b43-9e0d-73dd8eda8f75/datanode-0/data/ratis/ee44affa-94a9-42cb-87a7-0daf98b9911c: flushIndex: setUnconditionally 0 -> -1
2019-09-19 14:04:53,640 [pool-58-thread-1] INFO  server.RaftServerConfigKeys (ConfUtils.java:logGet(43)) - raft.server.snapshot.auto.trigger.enabled = true (custom)
2019-09-19 14:04:53,640 [pool-58-thread-1] INFO  server.RaftServerConfigKeys (ConfUtils.java:logGet(43)) - raft.server.snapshot.auto.trigger.threshold = 1 (custom)
2019-09-19 14:04:53,641 [pool-58-thread-1] INFO  server.RaftServerConfigKeys (ConfUtils.java:logGet(43)) - raft.server.retrycache.expirytime = 600000ms (custom)
2019-09-19 14:04:53,641 [pool-58-thread-1] INFO  impl.RaftServerImpl (RaftServerImpl.java:start(180)) - dcc77c7b-1d37-448d-8d57-43d254561693: start group-0DAF98B9911C
2019-09-19 14:04:53,641 [pool-58-thread-1] INFO  impl.RaftServerImpl (RaftServerImpl.java:setRole(171)) - dcc77c7b-1d37-448d-8d57-43d254561693:group-0DAF98B9911C changes role from null to FOLLOWER at term 0 for startAsFollower
2019-09-19 14:04:53,641 [pool-58-thread-1] INFO  impl.RoleInfo (RoleInfo.java:updateAndGet(143)) - dcc77c7b-1d37-448d-8d57-43d254561693: start FollowerState
2019-09-19 14:04:53,641 [pool-58-thread-1] INFO  util.JmxRegister (JmxRegister.java:tryRegister(44)) - Successfully registered JMX Bean with object name Ratis:service=RaftServer,group=group-0DAF98B9911C,id=dcc77c7b-1d37-448d-8d57-43d254561693
2019-09-19 14:04:53,643 [RatisPipelineUtilsThread] INFO  pipeline.PipelineStateManager (PipelineStateManager.java:addPipeline(56)) - Created pipeline Pipeline[ Id: ee44affa-94a9-42cb-87a7-0daf98b9911c, Nodes: dcc77c7b-1d37-448d-8d57-43d254561693{ip: 192.168.157.226, host: pr-hdds-1569-swxfz-3172132826, networkLocation: /default-rack, certSerialId: null}, Type:RATIS, Factor:ONE, State:OPEN]
2019-09-19 14:04:53,645 [grpc-default-executor-1] INFO  impl.RaftServerProxy (RaftServerProxy.java:addNew(89)) - dcc77c7b-1d37-448d-8d57-43d254561693: addNew group-E62FEC0D47BC:[dcc77c7b-1d37-448d-8d57-43d254561693:192.168.157.226:34527] returns group-E62FEC0D47BC:java.util.concurrent.CompletableFuture@3345730e[Not completed]
2019-09-19 14:04:53,646 [pool-58-thread-1] INFO  impl.RaftServerImpl (RaftServerImpl.java:<init>(93)) - dcc77c7b-1d37-448d-8d57-43d254561693: new RaftServerImpl for group-E62FEC0D47BC:[dcc77c7b-1d37-448d-8d57-43d254561693:192.168.157.226:34527] with ContainerStateMachine:uninitialized
2019-09-19 14:04:53,646 [pool-58-thread-1] INFO  server.RaftServerConfigKeys (ConfUtils.java:logGet(43)) - raft.server.rpc.timeout.min = 5s (custom)
2019-09-19 14:04:53,646 [pool-58-thread-1] INFO  server.RaftServerConfigKeys (ConfUtils.java:logGet(43)) - raft.server.rpc.timeout.max = 5200ms (custom)
2019-09-19 14:04:53,646 [pool-58-thread-1] INFO  server.RaftServerConfigKeys (ConfUtils.java:logGet(43)) - raft.server.rpcslowness.timeout = 120s (custom)
2019-09-19 14:04:53,646 [pool-58-thread-1] INFO  server.RaftServerConfigKeys (ConfUtils.java:logGet(43)) - raft.server.sleep.deviation.threshold = 300 (default)
2019-09-19 14:04:53,646 [pool-58-thread-1] INFO  server.RaftServerConfigKeys (ConfUtils.java:logGet(43)) - raft.server.log.appender.install.snapshot.enabled = false (custom)
2019-09-19 14:04:53,647 [pool-58-thread-1] INFO  impl.RaftServerImpl (ServerState.java:<init>(105)) - dcc77c7b-1d37-448d-8d57-43d254561693:group-E62FEC0D47BC ConfigurationManager, init=-1: [dcc77c7b-1d37-448d-8d57-43d254561693:192.168.157.226:34527], old=null, confs=<EMPTY_MAP>
2019-09-19 14:04:53,647 [pool-58-thread-1] INFO  server.RaftServerConfigKeys (ConfUtils.java:logGet(43)) - raft.server.storage.dir = [/workdir/hadoop-ozone/integration-test/target/test-dir/MiniOzoneClusterImpl-3b2755de-4cfe-4b43-9e0d-73dd8eda8f75/datanode-0/data/ratis] (custom)
2019-09-19 14:04:53,648 [pool-58-thread-1] INFO  storage.RaftStorageDirectory (RaftStorageDirectory.java:analyzeStorage(246)) - The storage directory /workdir/hadoop-ozone/integration-test/target/test-dir/MiniOzoneClusterImpl-3b2755de-4cfe-4b43-9e0d-73dd8eda8f75/datanode-0/data/ratis/a97accda-cde8-422f-952d-e62fec0d47bc does not exist. Creating ...
2019-09-19 14:04:53,660 [pool-58-thread-1] INFO  storage.RaftStorageDirectory (RaftStorageDirectory.java:tryLock(328)) - Lock on /workdir/hadoop-ozone/integration-test/target/test-dir/MiniOzoneClusterImpl-3b2755de-4cfe-4b43-9e0d-73dd8eda8f75/datanode-0/data/ratis/a97accda-cde8-422f-952d-e62fec0d47bc/in_use.lock acquired by nodename 30982@pr-hdds-1569-swxfz-3172132826
2019-09-19 14:04:53,663 [pool-58-thread-1] INFO  storage.RaftStorage (RaftStorage.java:format(72)) - Storage directory /workdir/hadoop-ozone/integration-test/target/test-dir/MiniOzoneClusterImpl-3b2755de-4cfe-4b43-9e0d-73dd8eda8f75/datanode-0/data/ratis/a97accda-cde8-422f-952d-e62fec0d47bc has been successfully formatted.
2019-09-19 14:04:53,664 [pool-58-thread-1] INFO  ratis.ContainerStateMachine (ContainerStateMachine.java:loadSnapshot(226)) - group-E62FEC0D47BC: The snapshot info is null. Setting the last applied indexto:(t:0, i:~)
2019-09-19 14:04:53,664 [pool-58-thread-1] INFO  server.RaftServerConfigKeys (ConfUtils.java:logGet(43)) - raft.server.leader.election.timeout = 120s (custom)
2019-09-19 14:04:53,664 [pool-58-thread-1] INFO  server.RaftServerConfigKeys (ConfUtils.java:logGet(43)) - raft.server.log.use.memory = false (default)
2019-09-19 14:04:53,664 [pool-58-thread-1] INFO  server.RaftServerConfigKeys (ConfUtils.java:logGet(43)) - raft.server.log.purge.gap = 1000000 (custom)
2019-09-19 14:04:53,664 [pool-58-thread-1] INFO  server.RaftServerConfigKeys (ConfUtils.java:logGet(43)) - raft.server.log.appender.buffer.byte-limit = 33554432 (custom)
2019-09-19 14:04:53,664 [pool-58-thread-1] INFO  server.RaftServerConfigKeys (ConfUtils.java:logGet(43)) - raft.server.log.segment.size.max = 1048576 (custom)
2019-09-19 14:04:53,664 [pool-58-thread-1] INFO  server.RaftServerConfigKeys (ConfUtils.java:logGet(43)) - raft.server.log.segment.cache.num.max = 2 (custom)
2019-09-19 14:04:53,664 [pool-58-thread-1] INFO  segmented.SegmentedRaftLogWorker (SegmentedRaftLogWorker.java:<init>(172)) - new dcc77c7b-1d37-448d-8d57-43d254561693-SegmentedRaftLogWorker:Storage Directory /workdir/hadoop-ozone/integration-test/target/test-dir/MiniOzoneClusterImpl-3b2755de-4cfe-4b43-9e0d-73dd8eda8f75/datanode-0/data/ratis/a97accda-cde8-422f-952d-e62fec0d47bc for RaftStorage:Storage Directory /workdir/hadoop-ozone/integration-test/target/test-dir/MiniOzoneClusterImpl-3b2755de-4cfe-4b43-9e0d-73dd8eda8f75/datanode-0/data/ratis/a97accda-cde8-422f-952d-e62fec0d47bc
2019-09-19 14:04:53,665 [pool-58-thread-1] INFO  server.RaftServerConfigKeys (ConfUtils.java:logGet(43)) - raft.server.log.queue.byte-limit = 2147483647 (custom)
2019-09-19 14:04:53,665 [pool-58-thread-1] INFO  server.RaftServerConfigKeys (ConfUtils.java:logGet(43)) - raft.server.log.queue.element-limit = 1024 (custom)
2019-09-19 14:04:53,665 [pool-58-thread-1] INFO  server.RaftServerConfigKeys (ConfUtils.java:logGet(43)) - raft.server.log.segment.size.max = 1048576 (custom)
2019-09-19 14:04:53,665 [pool-58-thread-1] INFO  server.RaftServerConfigKeys (ConfUtils.java:logGet(43)) - raft.server.log.preallocated.size = 16384 (custom)
2019-09-19 14:04:53,665 [pool-58-thread-1] INFO  server.RaftServerConfigKeys (ConfUtils.java:logGet(43)) - raft.server.log.write.buffer.size = 33554432 (custom)
2019-09-19 14:04:53,665 [pool-58-thread-1] INFO  server.RaftServerConfigKeys (ConfUtils.java:logGet(43)) - raft.server.log.force.sync.num = 128 (default)
2019-09-19 14:04:53,665 [pool-58-thread-1] INFO  server.RaftServerConfigKeys (ConfUtils.java:logGet(43)) - raft.server.log.statemachine.data.sync = true (default)
2019-09-19 14:04:53,665 [pool-58-thread-1] INFO  server.RaftServerConfigKeys (ConfUtils.java:logGet(43)) - raft.server.log.statemachine.data.sync.timeout = 10s (default)
2019-09-19 14:04:53,666 [pool-58-thread-1] INFO  server.RaftServerConfigKeys (ConfUtils.java:logGet(43)) - raft.server.log.statemachine.data.sync.timeout.retry = -1 (default)
2019-09-19 14:04:53,666 [pool-58-thread-1] INFO  server.RaftServerConfigKeys (ConfUtils.java:logGet(43)) - raft.server.log.statemachine.data.caching.enabled = true (custom)
2019-09-19 14:04:53,666 [pool-58-thread-1] INFO  segmented.SegmentedRaftLogWorker (SegmentedRaftLogWorker.java:lambda$new$0(132)) - dcc77c7b-1d37-448d-8d57-43d254561693-SegmentedRaftLogWorker:Storage Directory /workdir/hadoop-ozone/integration-test/target/test-dir/MiniOzoneClusterImpl-3b2755de-4cfe-4b43-9e0d-73dd8eda8f75/datanode-0/data/ratis/a97accda-cde8-422f-952d-e62fec0d47bc: flushIndex: setUnconditionally 0 -> -1
2019-09-19 14:04:53,666 [pool-58-thread-1] INFO  server.RaftServerConfigKeys (ConfUtils.java:logGet(43)) - raft.server.snapshot.auto.trigger.enabled = true (custom)
2019-09-19 14:04:53,666 [pool-58-thread-1] INFO  server.RaftServerConfigKeys (ConfUtils.java:logGet(43)) - raft.server.snapshot.auto.trigger.threshold = 1 (custom)
2019-09-19 14:04:53,666 [pool-58-thread-1] INFO  server.RaftServerConfigKeys (ConfUtils.java:logGet(43)) - raft.server.retrycache.expirytime = 600000ms (custom)
2019-09-19 14:04:53,667 [pool-58-thread-1] INFO  impl.RaftServerImpl (RaftServerImpl.java:start(180)) - dcc77c7b-1d37-448d-8d57-43d254561693: start group-E62FEC0D47BC
2019-09-19 14:04:53,667 [pool-58-thread-1] INFO  impl.RaftServerImpl (RaftServerImpl.java:setRole(171)) - dcc77c7b-1d37-448d-8d57-43d254561693:group-E62FEC0D47BC changes role from null to FOLLOWER at term 0 for startAsFollower
2019-09-19 14:04:53,667 [pool-58-thread-1] INFO  impl.RoleInfo (RoleInfo.java:updateAndGet(143)) - dcc77c7b-1d37-448d-8d57-43d254561693: start FollowerState
2019-09-19 14:04:53,667 [pool-58-thread-1] INFO  util.JmxRegister (JmxRegister.java:tryRegister(44)) - Successfully registered JMX Bean with object name Ratis:service=RaftServer,group=group-E62FEC0D47BC,id=dcc77c7b-1d37-448d-8d57-43d254561693
2019-09-19 14:04:53,668 [RatisPipelineUtilsThread] INFO  pipeline.PipelineStateManager (PipelineStateManager.java:addPipeline(56)) - Created pipeline Pipeline[ Id: a97accda-cde8-422f-952d-e62fec0d47bc, Nodes: dcc77c7b-1d37-448d-8d57-43d254561693{ip: 192.168.157.226, host: pr-hdds-1569-swxfz-3172132826, networkLocation: /default-rack, certSerialId: null}, Type:RATIS, Factor:ONE, State:OPEN]
2019-09-19 14:04:53,670 [grpc-default-executor-1] INFO  impl.RaftServerProxy (RaftServerProxy.java:addNew(89)) - dcc77c7b-1d37-448d-8d57-43d254561693: addNew group-314C4D324251:[dcc77c7b-1d37-448d-8d57-43d254561693:192.168.157.226:34527] returns group-314C4D324251:java.util.concurrent.CompletableFuture@59ccf023[Not completed]
2019-09-19 14:04:53,671 [pool-58-thread-1] INFO  impl.RaftServerImpl (RaftServerImpl.java:<init>(93)) - dcc77c7b-1d37-448d-8d57-43d254561693: new RaftServerImpl for group-314C4D324251:[dcc77c7b-1d37-448d-8d57-43d254561693:192.168.157.226:34527] with ContainerStateMachine:uninitialized
2019-09-19 14:04:53,671 [pool-58-thread-1] INFO  server.RaftServerConfigKeys (ConfUtils.java:logGet(43)) - raft.server.rpc.timeout.min = 5s (custom)
2019-09-19 14:04:53,671 [pool-58-thread-1] INFO  server.RaftServerConfigKeys (ConfUtils.java:logGet(43)) - raft.server.rpc.timeout.max = 5200ms (custom)
2019-09-19 14:04:53,672 [pool-58-thread-1] INFO  server.RaftServerConfigKeys (ConfUtils.java:logGet(43)) - raft.server.rpcslowness.timeout = 120s (custom)
2019-09-19 14:04:53,672 [pool-58-thread-1] INFO  server.RaftServerConfigKeys (ConfUtils.java:logGet(43)) - raft.server.sleep.deviation.threshold = 300 (default)
2019-09-19 14:04:53,672 [pool-58-thread-1] INFO  server.RaftServerConfigKeys (ConfUtils.java:logGet(43)) - raft.server.log.appender.install.snapshot.enabled = false (custom)
2019-09-19 14:04:53,672 [pool-58-thread-1] INFO  impl.RaftServerImpl (ServerState.java:<init>(105)) - dcc77c7b-1d37-448d-8d57-43d254561693:group-314C4D324251 ConfigurationManager, init=-1: [dcc77c7b-1d37-448d-8d57-43d254561693:192.168.157.226:34527], old=null, confs=<EMPTY_MAP>
2019-09-19 14:04:53,672 [pool-58-thread-1] INFO  server.RaftServerConfigKeys (ConfUtils.java:logGet(43)) - raft.server.storage.dir = [/workdir/hadoop-ozone/integration-test/target/test-dir/MiniOzoneClusterImpl-3b2755de-4cfe-4b43-9e0d-73dd8eda8f75/datanode-0/data/ratis] (custom)
2019-09-19 14:04:53,673 [pool-58-thread-1] INFO  storage.RaftStorageDirectory (RaftStorageDirectory.java:analyzeStorage(246)) - The storage directory /workdir/hadoop-ozone/integration-test/target/test-dir/MiniOzoneClusterImpl-3b2755de-4cfe-4b43-9e0d-73dd8eda8f75/datanode-0/data/ratis/fd6f1f34-645d-4910-950f-314c4d324251 does not exist. Creating ...
2019-09-19 14:04:53,685 [pool-58-thread-1] INFO  storage.RaftStorageDirectory (RaftStorageDirectory.java:tryLock(328)) - Lock on /workdir/hadoop-ozone/integration-test/target/test-dir/MiniOzoneClusterImpl-3b2755de-4cfe-4b43-9e0d-73dd8eda8f75/datanode-0/data/ratis/fd6f1f34-645d-4910-950f-314c4d324251/in_use.lock acquired by nodename 30982@pr-hdds-1569-swxfz-3172132826
2019-09-19 14:04:53,720 [pool-58-thread-1] INFO  storage.RaftStorage (RaftStorage.java:format(72)) - Storage directory /workdir/hadoop-ozone/integration-test/target/test-dir/MiniOzoneClusterImpl-3b2755de-4cfe-4b43-9e0d-73dd8eda8f75/datanode-0/data/ratis/fd6f1f34-645d-4910-950f-314c4d324251 has been successfully formatted.
2019-09-19 14:04:53,720 [pool-58-thread-1] INFO  ratis.ContainerStateMachine (ContainerStateMachine.java:loadSnapshot(226)) - group-314C4D324251: The snapshot info is null. Setting the last applied indexto:(t:0, i:~)
2019-09-19 14:04:53,720 [pool-58-thread-1] INFO  server.RaftServerConfigKeys (ConfUtils.java:logGet(43)) - raft.server.leader.election.timeout = 120s (custom)
2019-09-19 14:04:53,721 [pool-58-thread-1] INFO  server.RaftServerConfigKeys (ConfUtils.java:logGet(43)) - raft.server.log.use.memory = false (default)
2019-09-19 14:04:53,721 [pool-58-thread-1] INFO  server.RaftServerConfigKeys (ConfUtils.java:logGet(43)) - raft.server.log.purge.gap = 1000000 (custom)
2019-09-19 14:04:53,721 [pool-58-thread-1] INFO  server.RaftServerConfigKeys (ConfUtils.java:logGet(43)) - raft.server.log.appender.buffer.byte-limit = 33554432 (custom)
2019-09-19 14:04:53,721 [pool-58-thread-1] INFO  server.RaftServerConfigKeys (ConfUtils.java:logGet(43)) - raft.server.log.segment.size.max = 1048576 (custom)
2019-09-19 14:04:53,721 [pool-58-thread-1] INFO  server.RaftServerConfigKeys (ConfUtils.java:logGet(43)) - raft.server.log.segment.cache.num.max = 2 (custom)
2019-09-19 14:04:53,721 [pool-58-thread-1] INFO  segmented.SegmentedRaftLogWorker (SegmentedRaftLogWorker.java:<init>(172)) - new dcc77c7b-1d37-448d-8d57-43d254561693-SegmentedRaftLogWorker:Storage Directory /workdir/hadoop-ozone/integration-test/target/test-dir/MiniOzoneClusterImpl-3b2755de-4cfe-4b43-9e0d-73dd8eda8f75/datanode-0/data/ratis/fd6f1f34-645d-4910-950f-314c4d324251 for RaftStorage:Storage Directory /workdir/hadoop-ozone/integration-test/target/test-dir/MiniOzoneClusterImpl-3b2755de-4cfe-4b43-9e0d-73dd8eda8f75/datanode-0/data/ratis/fd6f1f34-645d-4910-950f-314c4d324251
2019-09-19 14:04:53,721 [pool-58-thread-1] INFO  server.RaftServerConfigKeys (ConfUtils.java:logGet(43)) - raft.server.log.queue.byte-limit = 2147483647 (custom)
2019-09-19 14:04:53,722 [pool-58-thread-1] INFO  server.RaftServerConfigKeys (ConfUtils.java:logGet(43)) - raft.server.log.queue.element-limit = 1024 (custom)
2019-09-19 14:04:53,722 [pool-58-thread-1] INFO  server.RaftServerConfigKeys (ConfUtils.java:logGet(43)) - raft.server.log.segment.size.max = 1048576 (custom)
2019-09-19 14:04:53,722 [pool-58-thread-1] INFO  server.RaftServerConfigKeys (ConfUtils.java:logGet(43)) - raft.server.log.preallocated.size = 16384 (custom)
2019-09-19 14:04:53,722 [pool-58-thread-1] INFO  server.RaftServerConfigKeys (ConfUtils.java:logGet(43)) - raft.server.log.write.buffer.size = 33554432 (custom)
2019-09-19 14:04:53,722 [pool-58-thread-1] INFO  server.RaftServerConfigKeys (ConfUtils.java:logGet(43)) - raft.server.log.force.sync.num = 128 (default)
2019-09-19 14:04:53,722 [pool-58-thread-1] INFO  server.RaftServerConfigKeys (ConfUtils.java:logGet(43)) - raft.server.log.statemachine.data.sync = true (default)
2019-09-19 14:04:53,722 [pool-58-thread-1] INFO  server.RaftServerConfigKeys (ConfUtils.java:logGet(43)) - raft.server.log.statemachine.data.sync.timeout = 10s (default)
2019-09-19 14:04:53,723 [pool-58-thread-1] INFO  server.RaftServerConfigKeys (ConfUtils.java:logGet(43)) - raft.server.log.statemachine.data.sync.timeout.retry = -1 (default)
2019-09-19 14:04:53,723 [pool-58-thread-1] INFO  server.RaftServerConfigKeys (ConfUtils.java:logGet(43)) - raft.server.log.statemachine.data.caching.enabled = true (custom)
2019-09-19 14:04:53,723 [pool-58-thread-1] INFO  segmented.SegmentedRaftLogWorker (SegmentedRaftLogWorker.java:lambda$new$0(132)) - dcc77c7b-1d37-448d-8d57-43d254561693-SegmentedRaftLogWorker:Storage Directory /workdir/hadoop-ozone/integration-test/target/test-dir/MiniOzoneClusterImpl-3b2755de-4cfe-4b43-9e0d-73dd8eda8f75/datanode-0/data/ratis/fd6f1f34-645d-4910-950f-314c4d324251: flushIndex: setUnconditionally 0 -> -1
2019-09-19 14:04:53,723 [pool-58-thread-1] INFO  server.RaftServerConfigKeys (ConfUtils.java:logGet(43)) - raft.server.snapshot.auto.trigger.enabled = true (custom)
2019-09-19 14:04:53,724 [pool-58-thread-1] INFO  server.RaftServerConfigKeys (ConfUtils.java:logGet(43)) - raft.server.snapshot.auto.trigger.threshold = 1 (custom)
2019-09-19 14:04:53,724 [pool-58-thread-1] INFO  server.RaftServerConfigKeys (ConfUtils.java:logGet(43)) - raft.server.retrycache.expirytime = 600000ms (custom)
2019-09-19 14:04:53,724 [pool-58-thread-1] INFO  impl.RaftServerImpl (RaftServerImpl.java:start(180)) - dcc77c7b-1d37-448d-8d57-43d254561693: start group-314C4D324251
2019-09-19 14:04:53,724 [pool-58-thread-1] INFO  impl.RaftServerImpl (RaftServerImpl.java:setRole(171)) - dcc77c7b-1d37-448d-8d57-43d254561693:group-314C4D324251 changes role from null to FOLLOWER at term 0 for startAsFollower
2019-09-19 14:04:53,724 [pool-58-thread-1] INFO  impl.RoleInfo (RoleInfo.java:updateAndGet(143)) - dcc77c7b-1d37-448d-8d57-43d254561693: start FollowerState
2019-09-19 14:04:53,724 [pool-58-thread-1] INFO  util.JmxRegister (JmxRegister.java:tryRegister(44)) - Successfully registered JMX Bean with object name Ratis:service=RaftServer,group=group-314C4D324251,id=dcc77c7b-1d37-448d-8d57-43d254561693
2019-09-19 14:04:53,726 [RatisPipelineUtilsThread] INFO  pipeline.PipelineStateManager (PipelineStateManager.java:addPipeline(56)) - Created pipeline Pipeline[ Id: fd6f1f34-645d-4910-950f-314c4d324251, Nodes: dcc77c7b-1d37-448d-8d57-43d254561693{ip: 192.168.157.226, host: pr-hdds-1569-swxfz-3172132826, networkLocation: /default-rack, certSerialId: null}, Type:RATIS, Factor:ONE, State:OPEN]
2019-09-19 14:04:53,728 [grpc-default-executor-1] INFO  impl.RaftServerProxy (RaftServerProxy.java:addNew(89)) - dcc77c7b-1d37-448d-8d57-43d254561693: addNew group-007612E7CB3B:[dcc77c7b-1d37-448d-8d57-43d254561693:192.168.157.226:34527] returns group-007612E7CB3B:java.util.concurrent.CompletableFuture@604e80fb[Not completed]
2019-09-19 14:04:53,729 [pool-58-thread-1] INFO  impl.RaftServerImpl (RaftServerImpl.java:<init>(93)) - dcc77c7b-1d37-448d-8d57-43d254561693: new RaftServerImpl for group-007612E7CB3B:[dcc77c7b-1d37-448d-8d57-43d254561693:192.168.157.226:34527] with ContainerStateMachine:uninitialized
2019-09-19 14:04:53,729 [pool-58-thread-1] INFO  server.RaftServerConfigKeys (ConfUtils.java:logGet(43)) - raft.server.rpc.timeout.min = 5s (custom)
2019-09-19 14:04:53,729 [pool-58-thread-1] INFO  server.RaftServerConfigKeys (ConfUtils.java:logGet(43)) - raft.server.rpc.timeout.max = 5200ms (custom)
2019-09-19 14:04:53,729 [pool-58-thread-1] INFO  server.RaftServerConfigKeys (ConfUtils.java:logGet(43)) - raft.server.rpcslowness.timeout = 120s (custom)
2019-09-19 14:04:53,729 [pool-58-thread-1] INFO  server.RaftServerConfigKeys (ConfUtils.java:logGet(43)) - raft.server.sleep.deviation.threshold = 300 (default)
2019-09-19 14:04:53,730 [pool-58-thread-1] INFO  server.RaftServerConfigKeys (ConfUtils.java:logGet(43)) - raft.server.log.appender.install.snapshot.enabled = false (custom)
2019-09-19 14:04:53,730 [pool-58-thread-1] INFO  impl.RaftServerImpl (ServerState.java:<init>(105)) - dcc77c7b-1d37-448d-8d57-43d254561693:group-007612E7CB3B ConfigurationManager, init=-1: [dcc77c7b-1d37-448d-8d57-43d254561693:192.168.157.226:34527], old=null, confs=<EMPTY_MAP>
2019-09-19 14:04:53,730 [pool-58-thread-1] INFO  server.RaftServerConfigKeys (ConfUtils.java:logGet(43)) - raft.server.storage.dir = [/workdir/hadoop-ozone/integration-test/target/test-dir/MiniOzoneClusterImpl-3b2755de-4cfe-4b43-9e0d-73dd8eda8f75/datanode-0/data/ratis] (custom)
2019-09-19 14:04:53,731 [pool-58-thread-1] INFO  storage.RaftStorageDirectory (RaftStorageDirectory.java:analyzeStorage(246)) - The storage directory /workdir/hadoop-ozone/integration-test/target/test-dir/MiniOzoneClusterImpl-3b2755de-4cfe-4b43-9e0d-73dd8eda8f75/datanode-0/data/ratis/75ea34c9-a6b7-4800-ab03-007612e7cb3b does not exist. Creating ...
2019-09-19 14:04:53,753 [pool-58-thread-1] INFO  storage.RaftStorageDirectory (RaftStorageDirectory.java:tryLock(328)) - Lock on /workdir/hadoop-ozone/integration-test/target/test-dir/MiniOzoneClusterImpl-3b2755de-4cfe-4b43-9e0d-73dd8eda8f75/datanode-0/data/ratis/75ea34c9-a6b7-4800-ab03-007612e7cb3b/in_use.lock acquired by nodename 30982@pr-hdds-1569-swxfz-3172132826
2019-09-19 14:04:53,765 [Thread-4004] INFO  impl.FollowerState (FollowerState.java:run(106)) - dcc77c7b-1d37-448d-8d57-43d254561693:group-3216422EFA02 changes to CANDIDATE, lastRpcTime:5024, electionTimeout:5024ms
2019-09-19 14:04:53,765 [Thread-4004] INFO  impl.RoleInfo (RoleInfo.java:shutdownFollowerState(121)) - dcc77c7b-1d37-448d-8d57-43d254561693: shutdown FollowerState
2019-09-19 14:04:53,765 [Thread-4004] INFO  impl.RaftServerImpl (RaftServerImpl.java:setRole(171)) - dcc77c7b-1d37-448d-8d57-43d254561693:group-3216422EFA02 changes role from FOLLOWER to CANDIDATE at term 0 for changeToCandidate
2019-09-19 14:04:53,765 [Thread-4004] INFO  impl.RoleInfo (RoleInfo.java:updateAndGet(143)) - dcc77c7b-1d37-448d-8d57-43d254561693: start LeaderElection
2019-09-19 14:04:53,768 [pool-58-thread-1] INFO  storage.RaftStorage (RaftStorage.java:format(72)) - Storage directory /workdir/hadoop-ozone/integration-test/target/test-dir/MiniOzoneClusterImpl-3b2755de-4cfe-4b43-9e0d-73dd8eda8f75/datanode-0/data/ratis/75ea34c9-a6b7-4800-ab03-007612e7cb3b has been successfully formatted.
2019-09-19 14:04:53,768 [pool-58-thread-1] INFO  ratis.ContainerStateMachine (ContainerStateMachine.java:loadSnapshot(226)) - group-007612E7CB3B: The snapshot info is null. Setting the last applied indexto:(t:0, i:~)
2019-09-19 14:04:53,768 [pool-58-thread-1] INFO  server.RaftServerConfigKeys (ConfUtils.java:logGet(43)) - raft.server.leader.election.timeout = 120s (custom)
2019-09-19 14:04:53,769 [pool-58-thread-1] INFO  server.RaftServerConfigKeys (ConfUtils.java:logGet(43)) - raft.server.log.use.memory = false (default)
2019-09-19 14:04:53,769 [pool-58-thread-1] INFO  server.RaftServerConfigKeys (ConfUtils.java:logGet(43)) - raft.server.log.purge.gap = 1000000 (custom)
2019-09-19 14:04:53,769 [pool-58-thread-1] INFO  server.RaftServerConfigKeys (ConfUtils.java:logGet(43)) - raft.server.log.appender.buffer.byte-limit = 33554432 (custom)
2019-09-19 14:04:53,769 [pool-58-thread-1] INFO  server.RaftServerConfigKeys (ConfUtils.java:logGet(43)) - raft.server.log.segment.size.max = 1048576 (custom)
2019-09-19 14:04:53,769 [pool-58-thread-1] INFO  server.RaftServerConfigKeys (ConfUtils.java:logGet(43)) - raft.server.log.segment.cache.num.max = 2 (custom)
2019-09-19 14:04:53,769 [pool-58-thread-1] INFO  segmented.SegmentedRaftLogWorker (SegmentedRaftLogWorker.java:<init>(172)) - new dcc77c7b-1d37-448d-8d57-43d254561693-SegmentedRaftLogWorker:Storage Directory /workdir/hadoop-ozone/integration-test/target/test-dir/MiniOzoneClusterImpl-3b2755de-4cfe-4b43-9e0d-73dd8eda8f75/datanode-0/data/ratis/75ea34c9-a6b7-4800-ab03-007612e7cb3b for RaftStorage:Storage Directory /workdir/hadoop-ozone/integration-test/target/test-dir/MiniOzoneClusterImpl-3b2755de-4cfe-4b43-9e0d-73dd8eda8f75/datanode-0/data/ratis/75ea34c9-a6b7-4800-ab03-007612e7cb3b
2019-09-19 14:04:53,769 [pool-58-thread-1] INFO  server.RaftServerConfigKeys (ConfUtils.java:logGet(43)) - raft.server.log.queue.byte-limit = 2147483647 (custom)
2019-09-19 14:04:53,769 [pool-58-thread-1] INFO  server.RaftServerConfigKeys (ConfUtils.java:logGet(43)) - raft.server.log.queue.element-limit = 1024 (custom)
2019-09-19 14:04:53,769 [pool-58-thread-1] INFO  server.RaftServerConfigKeys (ConfUtils.java:logGet(43)) - raft.server.log.segment.size.max = 1048576 (custom)
2019-09-19 14:04:53,770 [pool-58-thread-1] INFO  server.RaftServerConfigKeys (ConfUtils.java:logGet(43)) - raft.server.log.preallocated.size = 16384 (custom)
2019-09-19 14:04:53,770 [pool-58-thread-1] INFO  server.RaftServerConfigKeys (ConfUtils.java:logGet(43)) - raft.server.log.write.buffer.size = 33554432 (custom)
2019-09-19 14:04:53,770 [pool-58-thread-1] INFO  server.RaftServerConfigKeys (ConfUtils.java:logGet(43)) - raft.server.log.force.sync.num = 128 (default)
2019-09-19 14:04:53,770 [pool-58-thread-1] INFO  server.RaftServerConfigKeys (ConfUtils.java:logGet(43)) - raft.server.log.statemachine.data.sync = true (default)
2019-09-19 14:04:53,770 [pool-58-thread-1] INFO  server.RaftServerConfigKeys (ConfUtils.java:logGet(43)) - raft.server.log.statemachine.data.sync.timeout = 10s (default)
2019-09-19 14:04:53,770 [pool-58-thread-1] INFO  server.RaftServerConfigKeys (ConfUtils.java:logGet(43)) - raft.server.log.statemachine.data.sync.timeout.retry = -1 (default)
2019-09-19 14:04:53,770 [pool-58-thread-1] INFO  server.RaftServerConfigKeys (ConfUtils.java:logGet(43)) - raft.server.log.statemachine.data.caching.enabled = true (custom)
2019-09-19 14:04:53,771 [pool-58-thread-1] INFO  segmented.SegmentedRaftLogWorker (SegmentedRaftLogWorker.java:lambda$new$0(132)) - dcc77c7b-1d37-448d-8d57-43d254561693-SegmentedRaftLogWorker:Storage Directory /workdir/hadoop-ozone/integration-test/target/test-dir/MiniOzoneClusterImpl-3b2755de-4cfe-4b43-9e0d-73dd8eda8f75/datanode-0/data/ratis/75ea34c9-a6b7-4800-ab03-007612e7cb3b: flushIndex: setUnconditionally 0 -> -1
2019-09-19 14:04:53,771 [pool-58-thread-1] INFO  server.RaftServerConfigKeys (ConfUtils.java:logGet(43)) - raft.server.snapshot.auto.trigger.enabled = true (custom)
2019-09-19 14:04:53,771 [pool-58-thread-1] INFO  server.RaftServerConfigKeys (ConfUtils.java:logGet(43)) - raft.server.snapshot.auto.trigger.threshold = 1 (custom)
2019-09-19 14:04:53,771 [pool-58-thread-1] INFO  server.RaftServerConfigKeys (ConfUtils.java:logGet(43)) - raft.server.retrycache.expirytime = 600000ms (custom)
2019-09-19 14:04:53,771 [pool-58-thread-1] INFO  impl.RaftServerImpl (RaftServerImpl.java:start(180)) - dcc77c7b-1d37-448d-8d57-43d254561693: start group-007612E7CB3B
2019-09-19 14:04:53,771 [pool-58-thread-1] INFO  impl.RaftServerImpl (RaftServerImpl.java:setRole(171)) - dcc77c7b-1d37-448d-8d57-43d254561693:group-007612E7CB3B changes role from null to FOLLOWER at term 0 for startAsFollower
2019-09-19 14:04:53,771 [pool-58-thread-1] INFO  impl.RoleInfo (RoleInfo.java:updateAndGet(143)) - dcc77c7b-1d37-448d-8d57-43d254561693: start FollowerState
2019-09-19 14:04:53,772 [pool-58-thread-1] INFO  util.JmxRegister (JmxRegister.java:tryRegister(44)) - Successfully registered JMX Bean with object name Ratis:service=RaftServer,group=group-007612E7CB3B,id=dcc77c7b-1d37-448d-8d57-43d254561693
2019-09-19 14:04:53,773 [RatisPipelineUtilsThread] INFO  pipeline.PipelineStateManager (PipelineStateManager.java:addPipeline(56)) - Created pipeline Pipeline[ Id: 75ea34c9-a6b7-4800-ab03-007612e7cb3b, Nodes: dcc77c7b-1d37-448d-8d57-43d254561693{ip: 192.168.157.226, host: pr-hdds-1569-swxfz-3172132826, networkLocation: /default-rack, certSerialId: null}, Type:RATIS, Factor:ONE, State:OPEN]
2019-09-19 14:04:53,775 [grpc-default-executor-1] INFO  impl.RaftServerProxy (RaftServerProxy.java:addNew(89)) - dcc77c7b-1d37-448d-8d57-43d254561693: addNew group-B809E960E354:[dcc77c7b-1d37-448d-8d57-43d254561693:192.168.157.226:34527] returns group-B809E960E354:java.util.concurrent.CompletableFuture@1405993[Not completed]
2019-09-19 14:04:53,776 [pool-58-thread-1] INFO  impl.RaftServerImpl (RaftServerImpl.java:<init>(93)) - dcc77c7b-1d37-448d-8d57-43d254561693: new RaftServerImpl for group-B809E960E354:[dcc77c7b-1d37-448d-8d57-43d254561693:192.168.157.226:34527] with ContainerStateMachine:uninitialized
2019-09-19 14:04:53,776 [pool-58-thread-1] INFO  server.RaftServerConfigKeys (ConfUtils.java:logGet(43)) - raft.server.rpc.timeout.min = 5s (custom)
2019-09-19 14:04:53,776 [pool-58-thread-1] INFO  server.RaftServerConfigKeys (ConfUtils.java:logGet(43)) - raft.server.rpc.timeout.max = 5200ms (custom)
2019-09-19 14:04:53,777 [pool-58-thread-1] INFO  server.RaftServerConfigKeys (ConfUtils.java:logGet(43)) - raft.server.rpcslowness.timeout = 120s (custom)
2019-09-19 14:04:53,777 [pool-58-thread-1] INFO  server.RaftServerConfigKeys (ConfUtils.java:logGet(43)) - raft.server.sleep.deviation.threshold = 300 (default)
2019-09-19 14:04:53,777 [pool-58-thread-1] INFO  server.RaftServerConfigKeys (ConfUtils.java:logGet(43)) - raft.server.log.appender.install.snapshot.enabled = false (custom)
2019-09-19 14:04:53,777 [pool-58-thread-1] INFO  impl.RaftServerImpl (ServerState.java:<init>(105)) - dcc77c7b-1d37-448d-8d57-43d254561693:group-B809E960E354 ConfigurationManager, init=-1: [dcc77c7b-1d37-448d-8d57-43d254561693:192.168.157.226:34527], old=null, confs=<EMPTY_MAP>
2019-09-19 14:04:53,777 [pool-58-thread-1] INFO  server.RaftServerConfigKeys (ConfUtils.java:logGet(43)) - raft.server.storage.dir = [/workdir/hadoop-ozone/integration-test/target/test-dir/MiniOzoneClusterImpl-3b2755de-4cfe-4b43-9e0d-73dd8eda8f75/datanode-0/data/ratis] (custom)
2019-09-19 14:04:53,778 [pool-58-thread-1] INFO  storage.RaftStorageDirectory (RaftStorageDirectory.java:analyzeStorage(246)) - The storage directory /workdir/hadoop-ozone/integration-test/target/test-dir/MiniOzoneClusterImpl-3b2755de-4cfe-4b43-9e0d-73dd8eda8f75/datanode-0/data/ratis/1e110a47-a75b-4bcd-a58d-b809e960e354 does not exist. Creating ...
2019-09-19 14:04:53,782 [pool-58-thread-1] INFO  storage.RaftStorageDirectory (RaftStorageDirectory.java:tryLock(328)) - Lock on /workdir/hadoop-ozone/integration-test/target/test-dir/MiniOzoneClusterImpl-3b2755de-4cfe-4b43-9e0d-73dd8eda8f75/datanode-0/data/ratis/1e110a47-a75b-4bcd-a58d-b809e960e354/in_use.lock acquired by nodename 30982@pr-hdds-1569-swxfz-3172132826
2019-09-19 14:04:53,782 [dcc77c7b-1d37-448d-8d57-43d254561693:group-3216422EFA02:LeaderElection519] INFO  impl.LeaderElection (LeaderElection.java:askForVotes(181)) - dcc77c7b-1d37-448d-8d57-43d254561693:group-3216422EFA02:LeaderElection519: begin an election at term 1 for -1: [dcc77c7b-1d37-448d-8d57-43d254561693:192.168.157.226:34527], old=null
2019-09-19 14:04:53,782 [dcc77c7b-1d37-448d-8d57-43d254561693:group-3216422EFA02:LeaderElection519] INFO  impl.RoleInfo (RoleInfo.java:shutdownLeaderElection(134)) - dcc77c7b-1d37-448d-8d57-43d254561693: shutdown LeaderElection
2019-09-19 14:04:53,782 [dcc77c7b-1d37-448d-8d57-43d254561693:group-3216422EFA02:LeaderElection519] INFO  impl.RaftServerImpl (RaftServerImpl.java:setRole(171)) - dcc77c7b-1d37-448d-8d57-43d254561693:group-3216422EFA02 changes role from CANDIDATE to LEADER at term 1 for changeToLeader
2019-09-19 14:04:53,782 [dcc77c7b-1d37-448d-8d57-43d254561693:group-3216422EFA02:LeaderElection519] INFO  impl.RaftServerImpl (ServerState.java:setLeader(263)) - dcc77c7b-1d37-448d-8d57-43d254561693:group-3216422EFA02 change Leader from null to dcc77c7b-1d37-448d-8d57-43d254561693 at term 1 for becomeLeader, leader elected after 5044ms
2019-09-19 14:04:53,782 [dcc77c7b-1d37-448d-8d57-43d254561693:group-3216422EFA02:LeaderElection519] INFO  server.RaftServerConfigKeys (ConfUtils.java:logGet(43)) - raft.server.staging.catchup.gap = 1000 (default)
2019-09-19 14:04:53,782 [dcc77c7b-1d37-448d-8d57-43d254561693:group-3216422EFA02:LeaderElection519] INFO  server.RaftServerConfigKeys (ConfUtils.java:logGet(43)) - raft.server.rpc.sleep.time = 25ms (default)
2019-09-19 14:04:53,783 [dcc77c7b-1d37-448d-8d57-43d254561693:group-3216422EFA02:LeaderElection519] INFO  server.RaftServerConfigKeys (ConfUtils.java:logGet(43)) - raft.server.write.element-limit = 4096 (default)
2019-09-19 14:04:53,783 [dcc77c7b-1d37-448d-8d57-43d254561693:group-3216422EFA02:LeaderElection519] INFO  server.RaftServerConfigKeys (ConfUtils.java:logGet(43)) - raft.server.watch.timeout = 10s (default)
2019-09-19 14:04:53,783 [dcc77c7b-1d37-448d-8d57-43d254561693:group-3216422EFA02:LeaderElection519] INFO  server.RaftServerConfigKeys (ConfUtils.java:logGet(43)) - raft.server.watch.timeout.denomination = 1s (default)
2019-09-19 14:04:53,783 [dcc77c7b-1d37-448d-8d57-43d254561693:group-3216422EFA02:LeaderElection519] INFO  server.RaftServerConfigKeys (ConfUtils.java:logGet(43)) - raft.server.watch.element-limit = 65536 (default)
2019-09-19 14:04:53,783 [dcc77c7b-1d37-448d-8d57-43d254561693:group-3216422EFA02:LeaderElection519] INFO  impl.RoleInfo (RoleInfo.java:updateAndGet(143)) - dcc77c7b-1d37-448d-8d57-43d254561693: start LeaderState
2019-09-19 14:04:53,783 [dcc77c7b-1d37-448d-8d57-43d254561693:group-3216422EFA02:LeaderElection519] INFO  segmented.SegmentedRaftLogWorker (SegmentedRaftLogWorker.java:startLogSegment(380)) - dcc77c7b-1d37-448d-8d57-43d254561693-SegmentedRaftLogWorker:Storage Directory /workdir/hadoop-ozone/integration-test/target/test-dir/MiniOzoneClusterImpl-3b2755de-4cfe-4b43-9e0d-73dd8eda8f75/datanode-0/data/ratis/912cffaa-d986-4461-83eb-3216422efa02: Starting segment from index:0
2019-09-19 14:04:53,784 [dcc77c7b-1d37-448d-8d57-43d254561693:group-3216422EFA02:LeaderElection519] INFO  impl.RaftServerImpl (ServerState.java:setRaftConf(361)) - dcc77c7b-1d37-448d-8d57-43d254561693:group-3216422EFA02 set configuration 0: [dcc77c7b-1d37-448d-8d57-43d254561693:192.168.157.226:34527], old=null at 0
2019-09-19 14:04:53,821 [pool-58-thread-1] INFO  storage.RaftStorage (RaftStorage.java:format(72)) - Storage directory /workdir/hadoop-ozone/integration-test/target/test-dir/MiniOzoneClusterImpl-3b2755de-4cfe-4b43-9e0d-73dd8eda8f75/datanode-0/data/ratis/1e110a47-a75b-4bcd-a58d-b809e960e354 has been successfully formatted.
2019-09-19 14:04:53,822 [pool-58-thread-1] INFO  ratis.ContainerStateMachine (ContainerStateMachine.java:loadSnapshot(226)) - group-B809E960E354: The snapshot info is null. Setting the last applied indexto:(t:0, i:~)
2019-09-19 14:04:53,822 [pool-58-thread-1] INFO  server.RaftServerConfigKeys (ConfUtils.java:logGet(43)) - raft.server.leader.election.timeout = 120s (custom)
2019-09-19 14:04:53,822 [pool-58-thread-1] INFO  server.RaftServerConfigKeys (ConfUtils.java:logGet(43)) - raft.server.log.use.memory = false (default)
2019-09-19 14:04:53,822 | INFO  | SCMAudit | user=jenkins1000 | ip=192.168.157.226 | op=SEND_HEARTBEAT {datanodeUUID=dcc77c7b-1d37-448d-8d57-43d254561693, command=[]} | ret=SUCCESS |  
2019-09-19 14:04:53,822 [pool-58-thread-1] INFO  server.RaftServerConfigKeys (ConfUtils.java:logGet(43)) - raft.server.log.purge.gap = 1000000 (custom)
2019-09-19 14:04:53,822 [pool-58-thread-1] INFO  server.RaftServerConfigKeys (ConfUtils.java:logGet(43)) - raft.server.log.appender.buffer.byte-limit = 33554432 (custom)
2019-09-19 14:04:53,822 [pool-58-thread-1] INFO  server.RaftServerConfigKeys (ConfUtils.java:logGet(43)) - raft.server.log.segment.size.max = 1048576 (custom)
2019-09-19 14:04:53,823 [pool-58-thread-1] INFO  server.RaftServerConfigKeys (ConfUtils.java:logGet(43)) - raft.server.log.segment.cache.num.max = 2 (custom)
2019-09-19 14:04:53,823 [pool-58-thread-1] INFO  segmented.SegmentedRaftLogWorker (SegmentedRaftLogWorker.java:<init>(172)) - new dcc77c7b-1d37-448d-8d57-43d254561693-SegmentedRaftLogWorker:Storage Directory /workdir/hadoop-ozone/integration-test/target/test-dir/MiniOzoneClusterImpl-3b2755de-4cfe-4b43-9e0d-73dd8eda8f75/datanode-0/data/ratis/1e110a47-a75b-4bcd-a58d-b809e960e354 for RaftStorage:Storage Directory /workdir/hadoop-ozone/integration-test/target/test-dir/MiniOzoneClusterImpl-3b2755de-4cfe-4b43-9e0d-73dd8eda8f75/datanode-0/data/ratis/1e110a47-a75b-4bcd-a58d-b809e960e354
2019-09-19 14:04:53,823 [pool-58-thread-1] INFO  server.RaftServerConfigKeys (ConfUtils.java:logGet(43)) - raft.server.log.queue.byte-limit = 2147483647 (custom)
2019-09-19 14:04:53,823 [pool-58-thread-1] INFO  server.RaftServerConfigKeys (ConfUtils.java:logGet(43)) - raft.server.log.queue.element-limit = 1024 (custom)
2019-09-19 14:04:53,823 [pool-58-thread-1] INFO  server.RaftServerConfigKeys (ConfUtils.java:logGet(43)) - raft.server.log.segment.size.max = 1048576 (custom)
2019-09-19 14:04:53,823 [pool-58-thread-1] INFO  server.RaftServerConfigKeys (ConfUtils.java:logGet(43)) - raft.server.log.preallocated.size = 16384 (custom)
2019-09-19 14:04:53,823 [pool-58-thread-1] INFO  server.RaftServerConfigKeys (ConfUtils.java:logGet(43)) - raft.server.log.write.buffer.size = 33554432 (custom)
2019-09-19 14:04:53,824 [pool-58-thread-1] INFO  server.RaftServerConfigKeys (ConfUtils.java:logGet(43)) - raft.server.log.force.sync.num = 128 (default)
2019-09-19 14:04:53,824 [pool-58-thread-1] INFO  server.RaftServerConfigKeys (ConfUtils.java:logGet(43)) - raft.server.log.statemachine.data.sync = true (default)
2019-09-19 14:04:53,824 [pool-58-thread-1] INFO  server.RaftServerConfigKeys (ConfUtils.java:logGet(43)) - raft.server.log.statemachine.data.sync.timeout = 10s (default)
2019-09-19 14:04:53,824 [pool-58-thread-1] INFO  server.RaftServerConfigKeys (ConfUtils.java:logGet(43)) - raft.server.log.statemachine.data.sync.timeout.retry = -1 (default)
2019-09-19 14:04:53,824 [pool-58-thread-1] INFO  server.RaftServerConfigKeys (ConfUtils.java:logGet(43)) - raft.server.log.statemachine.data.caching.enabled = true (custom)
2019-09-19 14:04:53,824 [pool-58-thread-1] INFO  segmented.SegmentedRaftLogWorker (SegmentedRaftLogWorker.java:lambda$new$0(132)) - dcc77c7b-1d37-448d-8d57-43d254561693-SegmentedRaftLogWorker:Storage Directory /workdir/hadoop-ozone/integration-test/target/test-dir/MiniOzoneClusterImpl-3b2755de-4cfe-4b43-9e0d-73dd8eda8f75/datanode-0/data/ratis/1e110a47-a75b-4bcd-a58d-b809e960e354: flushIndex: setUnconditionally 0 -> -1
2019-09-19 14:04:53,825 [pool-58-thread-1] INFO  server.RaftServerConfigKeys (ConfUtils.java:logGet(43)) - raft.server.snapshot.auto.trigger.enabled = true (custom)
2019-09-19 14:04:53,825 [pool-58-thread-1] INFO  server.RaftServerConfigKeys (ConfUtils.java:logGet(43)) - raft.server.snapshot.auto.trigger.threshold = 1 (custom)
2019-09-19 14:04:53,825 [pool-58-thread-1] INFO  server.RaftServerConfigKeys (ConfUtils.java:logGet(43)) - raft.server.retrycache.expirytime = 600000ms (custom)
2019-09-19 14:04:53,825 [pool-58-thread-1] INFO  impl.RaftServerImpl (RaftServerImpl.java:start(180)) - dcc77c7b-1d37-448d-8d57-43d254561693: start group-B809E960E354
2019-09-19 14:04:53,825 [pool-58-thread-1] INFO  impl.RaftServerImpl (RaftServerImpl.java:setRole(171)) - dcc77c7b-1d37-448d-8d57-43d254561693:group-B809E960E354 changes role from null to FOLLOWER at term 0 for startAsFollower
2019-09-19 14:04:53,825 [pool-58-thread-1] INFO  impl.RoleInfo (RoleInfo.java:updateAndGet(143)) - dcc77c7b-1d37-448d-8d57-43d254561693: start FollowerState
2019-09-19 14:04:53,825 [pool-58-thread-1] INFO  util.JmxRegister (JmxRegister.java:tryRegister(44)) - Successfully registered JMX Bean with object name Ratis:service=RaftServer,group=group-B809E960E354,id=dcc77c7b-1d37-448d-8d57-43d254561693
2019-09-19 14:04:53,827 [RatisPipelineUtilsThread] INFO  pipeline.PipelineStateManager (PipelineStateManager.java:addPipeline(56)) - Created pipeline Pipeline[ Id: 1e110a47-a75b-4bcd-a58d-b809e960e354, Nodes: dcc77c7b-1d37-448d-8d57-43d254561693{ip: 192.168.157.226, host: pr-hdds-1569-swxfz-3172132826, networkLocation: /default-rack, certSerialId: null}, Type:RATIS, Factor:ONE, State:OPEN]
2019-09-19 14:04:53,829 [grpc-default-executor-1] INFO  impl.RaftServerProxy (RaftServerProxy.java:addNew(89)) - dcc77c7b-1d37-448d-8d57-43d254561693: addNew group-38CC3D23514A:[dcc77c7b-1d37-448d-8d57-43d254561693:192.168.157.226:34527] returns group-38CC3D23514A:java.util.concurrent.CompletableFuture@37bba1ea[Not completed]
2019-09-19 14:04:53,830 [pool-58-thread-1] INFO  impl.RaftServerImpl (RaftServerImpl.java:<init>(93)) - dcc77c7b-1d37-448d-8d57-43d254561693: new RaftServerImpl for group-38CC3D23514A:[dcc77c7b-1d37-448d-8d57-43d254561693:192.168.157.226:34527] with ContainerStateMachine:uninitialized
2019-09-19 14:04:53,830 [pool-58-thread-1] INFO  server.RaftServerConfigKeys (ConfUtils.java:logGet(43)) - raft.server.rpc.timeout.min = 5s (custom)
2019-09-19 14:04:53,830 [pool-58-thread-1] INFO  server.RaftServerConfigKeys (ConfUtils.java:logGet(43)) - raft.server.rpc.timeout.max = 5200ms (custom)
2019-09-19 14:04:53,830 [pool-58-thread-1] INFO  server.RaftServerConfigKeys (ConfUtils.java:logGet(43)) - raft.server.rpcslowness.timeout = 120s (custom)
2019-09-19 14:04:53,830 [pool-58-thread-1] INFO  server.RaftServerConfigKeys (ConfUtils.java:logGet(43)) - raft.server.sleep.deviation.threshold = 300 (default)
2019-09-19 14:04:53,831 [pool-58-thread-1] INFO  server.RaftServerConfigKeys (ConfUtils.java:logGet(43)) - raft.server.log.appender.install.snapshot.enabled = false (custom)
2019-09-19 14:04:53,831 [pool-58-thread-1] INFO  impl.RaftServerImpl (ServerState.java:<init>(105)) - dcc77c7b-1d37-448d-8d57-43d254561693:group-38CC3D23514A ConfigurationManager, init=-1: [dcc77c7b-1d37-448d-8d57-43d254561693:192.168.157.226:34527], old=null, confs=<EMPTY_MAP>
2019-09-19 14:04:53,831 [pool-58-thread-1] INFO  server.RaftServerConfigKeys (ConfUtils.java:logGet(43)) - raft.server.storage.dir = [/workdir/hadoop-ozone/integration-test/target/test-dir/MiniOzoneClusterImpl-3b2755de-4cfe-4b43-9e0d-73dd8eda8f75/datanode-0/data/ratis] (custom)
2019-09-19 14:04:53,832 [pool-58-thread-1] INFO  storage.RaftStorageDirectory (RaftStorageDirectory.java:analyzeStorage(246)) - The storage directory /workdir/hadoop-ozone/integration-test/target/test-dir/MiniOzoneClusterImpl-3b2755de-4cfe-4b43-9e0d-73dd8eda8f75/datanode-0/data/ratis/fa9ac6ff-fdef-411b-93cc-38cc3d23514a does not exist. Creating ...
2019-09-19 14:04:53,846 [dcc77c7b-1d37-448d-8d57-43d254561693-SegmentedRaftLogWorker:Storage Directory /workdir/hadoop-ozone/integration-test/target/test-dir/MiniOzoneClusterImpl-3b2755de-4cfe-4b43-9e0d-73dd8eda8f75/datanode-0/data/ratis/912cffaa-d986-4461-83eb-3216422efa02] INFO  segmented.SegmentedRaftLogWorker (SegmentedRaftLogWorker.java:execute(569)) - dcc77c7b-1d37-448d-8d57-43d254561693-SegmentedRaftLogWorker:Storage Directory /workdir/hadoop-ozone/integration-test/target/test-dir/MiniOzoneClusterImpl-3b2755de-4cfe-4b43-9e0d-73dd8eda8f75/datanode-0/data/ratis/912cffaa-d986-4461-83eb-3216422efa02: created new log segment /workdir/hadoop-ozone/integration-test/target/test-dir/MiniOzoneClusterImpl-3b2755de-4cfe-4b43-9e0d-73dd8eda8f75/datanode-0/data/ratis/912cffaa-d986-4461-83eb-3216422efa02/current/log_inprogress_0
2019-09-19 14:04:53,849 [pool-58-thread-1] INFO  storage.RaftStorageDirectory (RaftStorageDirectory.java:tryLock(328)) - Lock on /workdir/hadoop-ozone/integration-test/target/test-dir/MiniOzoneClusterImpl-3b2755de-4cfe-4b43-9e0d-73dd8eda8f75/datanode-0/data/ratis/fa9ac6ff-fdef-411b-93cc-38cc3d23514a/in_use.lock acquired by nodename 30982@pr-hdds-1569-swxfz-3172132826
2019-09-19 14:04:53,862 [pool-58-thread-1] INFO  storage.RaftStorage (RaftStorage.java:format(72)) - Storage directory /workdir/hadoop-ozone/integration-test/target/test-dir/MiniOzoneClusterImpl-3b2755de-4cfe-4b43-9e0d-73dd8eda8f75/datanode-0/data/ratis/fa9ac6ff-fdef-411b-93cc-38cc3d23514a has been successfully formatted.
2019-09-19 14:04:53,862 [pool-58-thread-1] INFO  ratis.ContainerStateMachine (ContainerStateMachine.java:loadSnapshot(226)) - group-38CC3D23514A: The snapshot info is null. Setting the last applied indexto:(t:0, i:~)
2019-09-19 14:04:53,862 [pool-58-thread-1] INFO  server.RaftServerConfigKeys (ConfUtils.java:logGet(43)) - raft.server.leader.election.timeout = 120s (custom)
2019-09-19 14:04:53,863 [pool-58-thread-1] INFO  server.RaftServerConfigKeys (ConfUtils.java:logGet(43)) - raft.server.log.use.memory = false (default)
2019-09-19 14:04:53,863 [pool-58-thread-1] INFO  server.RaftServerConfigKeys (ConfUtils.java:logGet(43)) - raft.server.log.purge.gap = 1000000 (custom)
2019-09-19 14:04:53,863 [pool-58-thread-1] INFO  server.RaftServerConfigKeys (ConfUtils.java:logGet(43)) - raft.server.log.appender.buffer.byte-limit = 33554432 (custom)
2019-09-19 14:04:53,863 [pool-58-thread-1] INFO  server.RaftServerConfigKeys (ConfUtils.java:logGet(43)) - raft.server.log.segment.size.max = 1048576 (custom)
2019-09-19 14:04:53,863 [pool-58-thread-1] INFO  server.RaftServerConfigKeys (ConfUtils.java:logGet(43)) - raft.server.log.segment.cache.num.max = 2 (custom)
2019-09-19 14:04:53,863 [pool-58-thread-1] INFO  segmented.SegmentedRaftLogWorker (SegmentedRaftLogWorker.java:<init>(172)) - new dcc77c7b-1d37-448d-8d57-43d254561693-SegmentedRaftLogWorker:Storage Directory /workdir/hadoop-ozone/integration-test/target/test-dir/MiniOzoneClusterImpl-3b2755de-4cfe-4b43-9e0d-73dd8eda8f75/datanode-0/data/ratis/fa9ac6ff-fdef-411b-93cc-38cc3d23514a for RaftStorage:Storage Directory /workdir/hadoop-ozone/integration-test/target/test-dir/MiniOzoneClusterImpl-3b2755de-4cfe-4b43-9e0d-73dd8eda8f75/datanode-0/data/ratis/fa9ac6ff-fdef-411b-93cc-38cc3d23514a
2019-09-19 14:04:53,863 [pool-58-thread-1] INFO  server.RaftServerConfigKeys (ConfUtils.java:logGet(43)) - raft.server.log.queue.byte-limit = 2147483647 (custom)
2019-09-19 14:04:53,863 [pool-58-thread-1] INFO  server.RaftServerConfigKeys (ConfUtils.java:logGet(43)) - raft.server.log.queue.element-limit = 1024 (custom)
2019-09-19 14:04:53,863 [pool-58-thread-1] INFO  server.RaftServerConfigKeys (ConfUtils.java:logGet(43)) - raft.server.log.segment.size.max = 1048576 (custom)
2019-09-19 14:04:53,864 [pool-58-thread-1] INFO  server.RaftServerConfigKeys (ConfUtils.java:logGet(43)) - raft.server.log.preallocated.size = 16384 (custom)
2019-09-19 14:04:53,864 [pool-58-thread-1] INFO  server.RaftServerConfigKeys (ConfUtils.java:logGet(43)) - raft.server.log.write.buffer.size = 33554432 (custom)
2019-09-19 14:04:53,864 [pool-58-thread-1] INFO  server.RaftServerConfigKeys (ConfUtils.java:logGet(43)) - raft.server.log.force.sync.num = 128 (default)
2019-09-19 14:04:53,864 [pool-58-thread-1] INFO  server.RaftServerConfigKeys (ConfUtils.java:logGet(43)) - raft.server.log.statemachine.data.sync = true (default)
2019-09-19 14:04:53,864 [pool-58-thread-1] INFO  server.RaftServerConfigKeys (ConfUtils.java:logGet(43)) - raft.server.log.statemachine.data.sync.timeout = 10s (default)
2019-09-19 14:04:53,864 [pool-58-thread-1] INFO  server.RaftServerConfigKeys (ConfUtils.java:logGet(43)) - raft.server.log.statemachine.data.sync.timeout.retry = -1 (default)
2019-09-19 14:04:53,864 [pool-58-thread-1] INFO  server.RaftServerConfigKeys (ConfUtils.java:logGet(43)) - raft.server.log.statemachine.data.caching.enabled = true (custom)
2019-09-19 14:04:53,864 [pool-58-thread-1] INFO  segmented.SegmentedRaftLogWorker (SegmentedRaftLogWorker.java:lambda$new$0(132)) - dcc77c7b-1d37-448d-8d57-43d254561693-SegmentedRaftLogWorker:Storage Directory /workdir/hadoop-ozone/integration-test/target/test-dir/MiniOzoneClusterImpl-3b2755de-4cfe-4b43-9e0d-73dd8eda8f75/datanode-0/data/ratis/fa9ac6ff-fdef-411b-93cc-38cc3d23514a: flushIndex: setUnconditionally 0 -> -1
2019-09-19 14:04:53,865 [pool-58-thread-1] INFO  server.RaftServerConfigKeys (ConfUtils.java:logGet(43)) - raft.server.snapshot.auto.trigger.enabled = true (custom)
2019-09-19 14:04:53,865 [pool-58-thread-1] INFO  server.RaftServerConfigKeys (ConfUtils.java:logGet(43)) - raft.server.snapshot.auto.trigger.threshold = 1 (custom)
2019-09-19 14:04:53,865 [pool-58-thread-1] INFO  server.RaftServerConfigKeys (ConfUtils.java:logGet(43)) - raft.server.retrycache.expirytime = 600000ms (custom)
2019-09-19 14:04:53,865 [pool-58-thread-1] INFO  impl.RaftServerImpl (RaftServerImpl.java:start(180)) - dcc77c7b-1d37-448d-8d57-43d254561693: start group-38CC3D23514A
2019-09-19 14:04:53,865 [pool-58-thread-1] INFO  impl.RaftServerImpl (RaftServerImpl.java:setRole(171)) - dcc77c7b-1d37-448d-8d57-43d254561693:group-38CC3D23514A changes role from null to FOLLOWER at term 0 for startAsFollower
2019-09-19 14:04:53,865 [pool-58-thread-1] INFO  impl.RoleInfo (RoleInfo.java:updateAndGet(143)) - dcc77c7b-1d37-448d-8d57-43d254561693: start FollowerState
2019-09-19 14:04:53,866 [pool-58-thread-1] INFO  util.JmxRegister (JmxRegister.java:tryRegister(44)) - Successfully registered JMX Bean with object name Ratis:service=RaftServer,group=group-38CC3D23514A,id=dcc77c7b-1d37-448d-8d57-43d254561693
2019-09-19 14:04:53,867 [RatisPipelineUtilsThread] INFO  pipeline.PipelineStateManager (PipelineStateManager.java:addPipeline(56)) - Created pipeline Pipeline[ Id: fa9ac6ff-fdef-411b-93cc-38cc3d23514a, Nodes: dcc77c7b-1d37-448d-8d57-43d254561693{ip: 192.168.157.226, host: pr-hdds-1569-swxfz-3172132826, networkLocation: /default-rack, certSerialId: null}, Type:RATIS, Factor:ONE, State:OPEN]
2019-09-19 14:04:53,867 [Thread-4016] INFO  impl.FollowerState (FollowerState.java:run(106)) - dcc77c7b-1d37-448d-8d57-43d254561693:group-131436E2CCAA changes to CANDIDATE, lastRpcTime:5007, electionTimeout:5007ms
2019-09-19 14:04:53,867 [Thread-4016] INFO  impl.RoleInfo (RoleInfo.java:shutdownFollowerState(121)) - dcc77c7b-1d37-448d-8d57-43d254561693: shutdown FollowerState
2019-09-19 14:04:53,868 [Thread-4016] INFO  impl.RaftServerImpl (RaftServerImpl.java:setRole(171)) - dcc77c7b-1d37-448d-8d57-43d254561693:group-131436E2CCAA changes role from FOLLOWER to CANDIDATE at term 0 for changeToCandidate
2019-09-19 14:04:53,868 [Thread-4016] INFO  impl.RoleInfo (RoleInfo.java:updateAndGet(143)) - dcc77c7b-1d37-448d-8d57-43d254561693: start LeaderElection
2019-09-19 14:04:53,869 [grpc-default-executor-1] INFO  impl.RaftServerProxy (RaftServerProxy.java:addNew(89)) - dcc77c7b-1d37-448d-8d57-43d254561693: addNew group-3C856EABEE0A:[dcc77c7b-1d37-448d-8d57-43d254561693:192.168.157.226:34527] returns group-3C856EABEE0A:java.util.concurrent.CompletableFuture@14fa9d94[Not completed]
2019-09-19 14:04:53,870 [pool-58-thread-1] INFO  impl.RaftServerImpl (RaftServerImpl.java:<init>(93)) - dcc77c7b-1d37-448d-8d57-43d254561693: new RaftServerImpl for group-3C856EABEE0A:[dcc77c7b-1d37-448d-8d57-43d254561693:192.168.157.226:34527] with ContainerStateMachine:uninitialized
2019-09-19 14:04:53,870 [pool-58-thread-1] INFO  server.RaftServerConfigKeys (ConfUtils.java:logGet(43)) - raft.server.rpc.timeout.min = 5s (custom)
2019-09-19 14:04:53,870 [pool-58-thread-1] INFO  server.RaftServerConfigKeys (ConfUtils.java:logGet(43)) - raft.server.rpc.timeout.max = 5200ms (custom)
2019-09-19 14:04:53,870 [pool-58-thread-1] INFO  server.RaftServerConfigKeys (ConfUtils.java:logGet(43)) - raft.server.rpcslowness.timeout = 120s (custom)
2019-09-19 14:04:53,870 [pool-58-thread-1] INFO  server.RaftServerConfigKeys (ConfUtils.java:logGet(43)) - raft.server.sleep.deviation.threshold = 300 (default)
2019-09-19 14:04:53,870 [pool-58-thread-1] INFO  server.RaftServerConfigKeys (ConfUtils.java:logGet(43)) - raft.server.log.appender.install.snapshot.enabled = false (custom)
2019-09-19 14:04:53,871 [pool-58-thread-1] INFO  impl.RaftServerImpl (ServerState.java:<init>(105)) - dcc77c7b-1d37-448d-8d57-43d254561693:group-3C856EABEE0A ConfigurationManager, init=-1: [dcc77c7b-1d37-448d-8d57-43d254561693:192.168.157.226:34527], old=null, confs=<EMPTY_MAP>
2019-09-19 14:04:53,871 [pool-58-thread-1] INFO  server.RaftServerConfigKeys (ConfUtils.java:logGet(43)) - raft.server.storage.dir = [/workdir/hadoop-ozone/integration-test/target/test-dir/MiniOzoneClusterImpl-3b2755de-4cfe-4b43-9e0d-73dd8eda8f75/datanode-0/data/ratis] (custom)
2019-09-19 14:04:53,872 [pool-58-thread-1] INFO  storage.RaftStorageDirectory (RaftStorageDirectory.java:analyzeStorage(246)) - The storage directory /workdir/hadoop-ozone/integration-test/target/test-dir/MiniOzoneClusterImpl-3b2755de-4cfe-4b43-9e0d-73dd8eda8f75/datanode-0/data/ratis/f51b6f59-7a94-43d8-989f-3c856eabee0a does not exist. Creating ...
2019-09-19 14:04:53,882 [pool-58-thread-1] INFO  storage.RaftStorageDirectory (RaftStorageDirectory.java:tryLock(328)) - Lock on /workdir/hadoop-ozone/integration-test/target/test-dir/MiniOzoneClusterImpl-3b2755de-4cfe-4b43-9e0d-73dd8eda8f75/datanode-0/data/ratis/f51b6f59-7a94-43d8-989f-3c856eabee0a/in_use.lock acquired by nodename 30982@pr-hdds-1569-swxfz-3172132826
2019-09-19 14:04:53,882 [dcc77c7b-1d37-448d-8d57-43d254561693:group-131436E2CCAA:LeaderElection520] INFO  impl.LeaderElection (LeaderElection.java:askForVotes(181)) - dcc77c7b-1d37-448d-8d57-43d254561693:group-131436E2CCAA:LeaderElection520: begin an election at term 1 for -1: [dcc77c7b-1d37-448d-8d57-43d254561693:192.168.157.226:34527], old=null
2019-09-19 14:04:53,882 [dcc77c7b-1d37-448d-8d57-43d254561693:group-131436E2CCAA:LeaderElection520] INFO  impl.RoleInfo (RoleInfo.java:shutdownLeaderElection(134)) - dcc77c7b-1d37-448d-8d57-43d254561693: shutdown LeaderElection
2019-09-19 14:04:53,882 [dcc77c7b-1d37-448d-8d57-43d254561693:group-131436E2CCAA:LeaderElection520] INFO  impl.RaftServerImpl (RaftServerImpl.java:setRole(171)) - dcc77c7b-1d37-448d-8d57-43d254561693:group-131436E2CCAA changes role from CANDIDATE to LEADER at term 1 for changeToLeader
2019-09-19 14:04:53,882 [dcc77c7b-1d37-448d-8d57-43d254561693:group-131436E2CCAA:LeaderElection520] INFO  impl.RaftServerImpl (ServerState.java:setLeader(263)) - dcc77c7b-1d37-448d-8d57-43d254561693:group-131436E2CCAA change Leader from null to dcc77c7b-1d37-448d-8d57-43d254561693 at term 1 for becomeLeader, leader elected after 5025ms
2019-09-19 14:04:53,882 [dcc77c7b-1d37-448d-8d57-43d254561693:group-131436E2CCAA:LeaderElection520] INFO  server.RaftServerConfigKeys (ConfUtils.java:logGet(43)) - raft.server.staging.catchup.gap = 1000 (default)
2019-09-19 14:04:53,883 [dcc77c7b-1d37-448d-8d57-43d254561693:group-131436E2CCAA:LeaderElection520] INFO  server.RaftServerConfigKeys (ConfUtils.java:logGet(43)) - raft.server.rpc.sleep.time = 25ms (default)
2019-09-19 14:04:53,883 [dcc77c7b-1d37-448d-8d57-43d254561693:group-131436E2CCAA:LeaderElection520] INFO  server.RaftServerConfigKeys (ConfUtils.java:logGet(43)) - raft.server.write.element-limit = 4096 (default)
2019-09-19 14:04:53,883 [dcc77c7b-1d37-448d-8d57-43d254561693:group-131436E2CCAA:LeaderElection520] INFO  server.RaftServerConfigKeys (ConfUtils.java:logGet(43)) - raft.server.watch.timeout = 10s (default)
2019-09-19 14:04:53,883 [dcc77c7b-1d37-448d-8d57-43d254561693:group-131436E2CCAA:LeaderElection520] INFO  server.RaftServerConfigKeys (ConfUtils.java:logGet(43)) - raft.server.watch.timeout.denomination = 1s (default)
2019-09-19 14:04:53,883 [dcc77c7b-1d37-448d-8d57-43d254561693:group-131436E2CCAA:LeaderElection520] INFO  server.RaftServerConfigKeys (ConfUtils.java:logGet(43)) - raft.server.watch.element-limit = 65536 (default)
2019-09-19 14:04:53,883 [dcc77c7b-1d37-448d-8d57-43d254561693:group-131436E2CCAA:LeaderElection520] INFO  impl.RoleInfo (RoleInfo.java:updateAndGet(143)) - dcc77c7b-1d37-448d-8d57-43d254561693: start LeaderState
2019-09-19 14:04:53,884 [dcc77c7b-1d37-448d-8d57-43d254561693:group-131436E2CCAA:LeaderElection520] INFO  segmented.SegmentedRaftLogWorker (SegmentedRaftLogWorker.java:startLogSegment(380)) - dcc77c7b-1d37-448d-8d57-43d254561693-SegmentedRaftLogWorker:Storage Directory /workdir/hadoop-ozone/integration-test/target/test-dir/MiniOzoneClusterImpl-3b2755de-4cfe-4b43-9e0d-73dd8eda8f75/datanode-0/data/ratis/a92cf9aa-4513-47a8-b6e9-131436e2ccaa: Starting segment from index:0
2019-09-19 14:04:53,884 [dcc77c7b-1d37-448d-8d57-43d254561693:group-131436E2CCAA:LeaderElection520] INFO  impl.RaftServerImpl (ServerState.java:setRaftConf(361)) - dcc77c7b-1d37-448d-8d57-43d254561693:group-131436E2CCAA set configuration 0: [dcc77c7b-1d37-448d-8d57-43d254561693:192.168.157.226:34527], old=null at 0
2019-09-19 14:04:53,884 [Thread-4001] INFO  impl.FollowerState (FollowerState.java:run(106)) - dcc77c7b-1d37-448d-8d57-43d254561693:group-B7F16E51773A changes to CANDIDATE, lastRpcTime:5181, electionTimeout:5181ms
2019-09-19 14:04:53,884 [Thread-4001] INFO  impl.RoleInfo (RoleInfo.java:shutdownFollowerState(121)) - dcc77c7b-1d37-448d-8d57-43d254561693: shutdown FollowerState
2019-09-19 14:04:53,884 [Thread-4001] INFO  impl.RaftServerImpl (RaftServerImpl.java:setRole(171)) - dcc77c7b-1d37-448d-8d57-43d254561693:group-B7F16E51773A changes role from FOLLOWER to CANDIDATE at term 0 for changeToCandidate
2019-09-19 14:04:53,884 [Thread-4001] INFO  impl.RoleInfo (RoleInfo.java:updateAndGet(143)) - dcc77c7b-1d37-448d-8d57-43d254561693: start LeaderElection
2019-09-19 14:04:53,893 [Thread-4007] INFO  impl.FollowerState (FollowerState.java:run(106)) - dcc77c7b-1d37-448d-8d57-43d254561693:group-F6BA0D12585D changes to CANDIDATE, lastRpcTime:5117, electionTimeout:5117ms
2019-09-19 14:04:53,893 [Thread-4007] INFO  impl.RoleInfo (RoleInfo.java:shutdownFollowerState(121)) - dcc77c7b-1d37-448d-8d57-43d254561693: shutdown FollowerState
2019-09-19 14:04:53,893 [Thread-4007] INFO  impl.RaftServerImpl (RaftServerImpl.java:setRole(171)) - dcc77c7b-1d37-448d-8d57-43d254561693:group-F6BA0D12585D changes role from FOLLOWER to CANDIDATE at term 0 for changeToCandidate
2019-09-19 14:04:53,893 [Thread-4007] INFO  impl.RoleInfo (RoleInfo.java:updateAndGet(143)) - dcc77c7b-1d37-448d-8d57-43d254561693: start LeaderElection
2019-09-19 14:04:53,896 [pool-58-thread-1] INFO  storage.RaftStorage (RaftStorage.java:format(72)) - Storage directory /workdir/hadoop-ozone/integration-test/target/test-dir/MiniOzoneClusterImpl-3b2755de-4cfe-4b43-9e0d-73dd8eda8f75/datanode-0/data/ratis/f51b6f59-7a94-43d8-989f-3c856eabee0a has been successfully formatted.
2019-09-19 14:04:53,896 [dcc77c7b-1d37-448d-8d57-43d254561693:group-B7F16E51773A:LeaderElection521] INFO  impl.LeaderElection (LeaderElection.java:askForVotes(181)) - dcc77c7b-1d37-448d-8d57-43d254561693:group-B7F16E51773A:LeaderElection521: begin an election at term 1 for -1: [dcc77c7b-1d37-448d-8d57-43d254561693:192.168.157.226:34527], old=null
2019-09-19 14:04:53,896 [pool-58-thread-1] INFO  ratis.ContainerStateMachine (ContainerStateMachine.java:loadSnapshot(226)) - group-3C856EABEE0A: The snapshot info is null. Setting the last applied indexto:(t:0, i:~)
2019-09-19 14:04:53,896 [dcc77c7b-1d37-448d-8d57-43d254561693:group-B7F16E51773A:LeaderElection521] INFO  impl.RoleInfo (RoleInfo.java:shutdownLeaderElection(134)) - dcc77c7b-1d37-448d-8d57-43d254561693: shutdown LeaderElection
2019-09-19 14:04:53,896 [pool-58-thread-1] INFO  server.RaftServerConfigKeys (ConfUtils.java:logGet(43)) - raft.server.leader.election.timeout = 120s (custom)
2019-09-19 14:04:53,896 [dcc77c7b-1d37-448d-8d57-43d254561693:group-B7F16E51773A:LeaderElection521] INFO  impl.RaftServerImpl (RaftServerImpl.java:setRole(171)) - dcc77c7b-1d37-448d-8d57-43d254561693:group-B7F16E51773A changes role from CANDIDATE to LEADER at term 1 for changeToLeader
2019-09-19 14:04:53,896 [pool-58-thread-1] INFO  server.RaftServerConfigKeys (ConfUtils.java:logGet(43)) - raft.server.log.use.memory = false (default)
2019-09-19 14:04:53,896 [dcc77c7b-1d37-448d-8d57-43d254561693:group-B7F16E51773A:LeaderElection521] INFO  impl.RaftServerImpl (ServerState.java:setLeader(263)) - dcc77c7b-1d37-448d-8d57-43d254561693:group-B7F16E51773A change Leader from null to dcc77c7b-1d37-448d-8d57-43d254561693 at term 1 for becomeLeader, leader elected after 5197ms
2019-09-19 14:04:53,897 [pool-58-thread-1] INFO  server.RaftServerConfigKeys (ConfUtils.java:logGet(43)) - raft.server.log.purge.gap = 1000000 (custom)
2019-09-19 14:04:53,897 [dcc77c7b-1d37-448d-8d57-43d254561693:group-B7F16E51773A:LeaderElection521] INFO  server.RaftServerConfigKeys (ConfUtils.java:logGet(43)) - raft.server.staging.catchup.gap = 1000 (default)
2019-09-19 14:04:53,897 [pool-58-thread-1] INFO  server.RaftServerConfigKeys (ConfUtils.java:logGet(43)) - raft.server.log.appender.buffer.byte-limit = 33554432 (custom)
2019-09-19 14:04:53,897 [dcc77c7b-1d37-448d-8d57-43d254561693:group-B7F16E51773A:LeaderElection521] INFO  server.RaftServerConfigKeys (ConfUtils.java:logGet(43)) - raft.server.rpc.sleep.time = 25ms (default)
2019-09-19 14:04:53,897 [pool-58-thread-1] INFO  server.RaftServerConfigKeys (ConfUtils.java:logGet(43)) - raft.server.log.segment.size.max = 1048576 (custom)
2019-09-19 14:04:53,897 [dcc77c7b-1d37-448d-8d57-43d254561693:group-B7F16E51773A:LeaderElection521] INFO  server.RaftServerConfigKeys (ConfUtils.java:logGet(43)) - raft.server.write.element-limit = 4096 (default)
2019-09-19 14:04:53,897 [pool-58-thread-1] INFO  server.RaftServerConfigKeys (ConfUtils.java:logGet(43)) - raft.server.log.segment.cache.num.max = 2 (custom)
2019-09-19 14:04:53,897 [dcc77c7b-1d37-448d-8d57-43d254561693:group-B7F16E51773A:LeaderElection521] INFO  server.RaftServerConfigKeys (ConfUtils.java:logGet(43)) - raft.server.watch.timeout = 10s (default)
2019-09-19 14:04:53,897 [pool-58-thread-1] INFO  segmented.SegmentedRaftLogWorker (SegmentedRaftLogWorker.java:<init>(172)) - new dcc77c7b-1d37-448d-8d57-43d254561693-SegmentedRaftLogWorker:Storage Directory /workdir/hadoop-ozone/integration-test/target/test-dir/MiniOzoneClusterImpl-3b2755de-4cfe-4b43-9e0d-73dd8eda8f75/datanode-0/data/ratis/f51b6f59-7a94-43d8-989f-3c856eabee0a for RaftStorage:Storage Directory /workdir/hadoop-ozone/integration-test/target/test-dir/MiniOzoneClusterImpl-3b2755de-4cfe-4b43-9e0d-73dd8eda8f75/datanode-0/data/ratis/f51b6f59-7a94-43d8-989f-3c856eabee0a
2019-09-19 14:04:53,898 [dcc77c7b-1d37-448d-8d57-43d254561693:group-B7F16E51773A:LeaderElection521] INFO  server.RaftServerConfigKeys (ConfUtils.java:logGet(43)) - raft.server.watch.timeout.denomination = 1s (default)
2019-09-19 14:04:53,898 [pool-58-thread-1] INFO  server.RaftServerConfigKeys (ConfUtils.java:logGet(43)) - raft.server.log.queue.byte-limit = 2147483647 (custom)
2019-09-19 14:04:53,898 [dcc77c7b-1d37-448d-8d57-43d254561693:group-B7F16E51773A:LeaderElection521] INFO  server.RaftServerConfigKeys (ConfUtils.java:logGet(43)) - raft.server.watch.element-limit = 65536 (default)
2019-09-19 14:04:53,898 [pool-58-thread-1] INFO  server.RaftServerConfigKeys (ConfUtils.java:logGet(43)) - raft.server.log.queue.element-limit = 1024 (custom)
2019-09-19 14:04:53,898 [dcc77c7b-1d37-448d-8d57-43d254561693:group-B7F16E51773A:LeaderElection521] INFO  impl.RoleInfo (RoleInfo.java:updateAndGet(143)) - dcc77c7b-1d37-448d-8d57-43d254561693: start LeaderState
2019-09-19 14:04:53,898 [dcc77c7b-1d37-448d-8d57-43d254561693:group-F6BA0D12585D:LeaderElection522] INFO  impl.LeaderElection (LeaderElection.java:askForVotes(181)) - dcc77c7b-1d37-448d-8d57-43d254561693:group-F6BA0D12585D:LeaderElection522: begin an election at term 1 for -1: [dcc77c7b-1d37-448d-8d57-43d254561693:192.168.157.226:34527], old=null
2019-09-19 14:04:53,898 [dcc77c7b-1d37-448d-8d57-43d254561693:group-B7F16E51773A:LeaderElection521] INFO  segmented.SegmentedRaftLogWorker (SegmentedRaftLogWorker.java:startLogSegment(380)) - dcc77c7b-1d37-448d-8d57-43d254561693-SegmentedRaftLogWorker:Storage Directory /workdir/hadoop-ozone/integration-test/target/test-dir/MiniOzoneClusterImpl-3b2755de-4cfe-4b43-9e0d-73dd8eda8f75/datanode-0/data/ratis/1f6a3ff6-b3d8-4053-b908-b7f16e51773a: Starting segment from index:0
2019-09-19 14:04:53,898 [pool-58-thread-1] INFO  server.RaftServerConfigKeys (ConfUtils.java:logGet(43)) - raft.server.log.segment.size.max = 1048576 (custom)
2019-09-19 14:04:53,899 [pool-58-thread-1] INFO  server.RaftServerConfigKeys (ConfUtils.java:logGet(43)) - raft.server.log.preallocated.size = 16384 (custom)
2019-09-19 14:04:53,898 [dcc77c7b-1d37-448d-8d57-43d254561693:group-F6BA0D12585D:LeaderElection522] INFO  impl.RoleInfo (RoleInfo.java:shutdownLeaderElection(134)) - dcc77c7b-1d37-448d-8d57-43d254561693: shutdown LeaderElection
2019-09-19 14:04:53,899 [pool-58-thread-1] INFO  server.RaftServerConfigKeys (ConfUtils.java:logGet(43)) - raft.server.log.write.buffer.size = 33554432 (custom)
2019-09-19 14:04:53,899 [dcc77c7b-1d37-448d-8d57-43d254561693:group-B7F16E51773A:LeaderElection521] INFO  impl.RaftServerImpl (ServerState.java:setRaftConf(361)) - dcc77c7b-1d37-448d-8d57-43d254561693:group-B7F16E51773A set configuration 0: [dcc77c7b-1d37-448d-8d57-43d254561693:192.168.157.226:34527], old=null at 0
2019-09-19 14:04:53,899 [pool-58-thread-1] INFO  server.RaftServerConfigKeys (ConfUtils.java:logGet(43)) - raft.server.log.force.sync.num = 128 (default)
2019-09-19 14:04:53,899 [pool-58-thread-1] INFO  server.RaftServerConfigKeys (ConfUtils.java:logGet(43)) - raft.server.log.statemachine.data.sync = true (default)
2019-09-19 14:04:53,899 [dcc77c7b-1d37-448d-8d57-43d254561693:group-F6BA0D12585D:LeaderElection522] INFO  impl.RaftServerImpl (RaftServerImpl.java:setRole(171)) - dcc77c7b-1d37-448d-8d57-43d254561693:group-F6BA0D12585D changes role from CANDIDATE to LEADER at term 1 for changeToLeader
2019-09-19 14:04:53,900 [pool-58-thread-1] INFO  server.RaftServerConfigKeys (ConfUtils.java:logGet(43)) - raft.server.log.statemachine.data.sync.timeout = 10s (default)
2019-09-19 14:04:53,900 [dcc77c7b-1d37-448d-8d57-43d254561693:group-F6BA0D12585D:LeaderElection522] INFO  impl.RaftServerImpl (ServerState.java:setLeader(263)) - dcc77c7b-1d37-448d-8d57-43d254561693:group-F6BA0D12585D change Leader from null to dcc77c7b-1d37-448d-8d57-43d254561693 at term 1 for becomeLeader, leader elected after 5127ms
2019-09-19 14:04:53,900 [pool-58-thread-1] INFO  server.RaftServerConfigKeys (ConfUtils.java:logGet(43)) - raft.server.log.statemachine.data.sync.timeout.retry = -1 (default)
2019-09-19 14:04:53,900 [dcc77c7b-1d37-448d-8d57-43d254561693:group-F6BA0D12585D:LeaderElection522] INFO  server.RaftServerConfigKeys (ConfUtils.java:logGet(43)) - raft.server.staging.catchup.gap = 1000 (default)
2019-09-19 14:04:53,900 [pool-58-thread-1] INFO  server.RaftServerConfigKeys (ConfUtils.java:logGet(43)) - raft.server.log.statemachine.data.caching.enabled = true (custom)
2019-09-19 14:04:53,900 [dcc77c7b-1d37-448d-8d57-43d254561693:group-F6BA0D12585D:LeaderElection522] INFO  server.RaftServerConfigKeys (ConfUtils.java:logGet(43)) - raft.server.rpc.sleep.time = 25ms (default)
2019-09-19 14:04:53,900 [pool-58-thread-1] INFO  segmented.SegmentedRaftLogWorker (SegmentedRaftLogWorker.java:lambda$new$0(132)) - dcc77c7b-1d37-448d-8d57-43d254561693-SegmentedRaftLogWorker:Storage Directory /workdir/hadoop-ozone/integration-test/target/test-dir/MiniOzoneClusterImpl-3b2755de-4cfe-4b43-9e0d-73dd8eda8f75/datanode-0/data/ratis/f51b6f59-7a94-43d8-989f-3c856eabee0a: flushIndex: setUnconditionally 0 -> -1
2019-09-19 14:04:53,900 [dcc77c7b-1d37-448d-8d57-43d254561693:group-F6BA0D12585D:LeaderElection522] INFO  server.RaftServerConfigKeys (ConfUtils.java:logGet(43)) - raft.server.write.element-limit = 4096 (default)
2019-09-19 14:04:53,901 [pool-58-thread-1] INFO  server.RaftServerConfigKeys (ConfUtils.java:logGet(43)) - raft.server.snapshot.auto.trigger.enabled = true (custom)
2019-09-19 14:04:53,901 [dcc77c7b-1d37-448d-8d57-43d254561693:group-F6BA0D12585D:LeaderElection522] INFO  server.RaftServerConfigKeys (ConfUtils.java:logGet(43)) - raft.server.watch.timeout = 10s (default)
2019-09-19 14:04:53,901 [pool-58-thread-1] INFO  server.RaftServerConfigKeys (ConfUtils.java:logGet(43)) - raft.server.snapshot.auto.trigger.threshold = 1 (custom)
2019-09-19 14:04:53,901 [dcc77c7b-1d37-448d-8d57-43d254561693:group-F6BA0D12585D:LeaderElection522] INFO  server.RaftServerConfigKeys (ConfUtils.java:logGet(43)) - raft.server.watch.timeout.denomination = 1s (default)
2019-09-19 14:04:53,901 [pool-58-thread-1] INFO  server.RaftServerConfigKeys (ConfUtils.java:logGet(43)) - raft.server.retrycache.expirytime = 600000ms (custom)
2019-09-19 14:04:53,901 [dcc77c7b-1d37-448d-8d57-43d254561693:group-F6BA0D12585D:LeaderElection522] INFO  server.RaftServerConfigKeys (ConfUtils.java:logGet(43)) - raft.server.watch.element-limit = 65536 (default)
2019-09-19 14:04:53,901 [pool-58-thread-1] INFO  impl.RaftServerImpl (RaftServerImpl.java:start(180)) - dcc77c7b-1d37-448d-8d57-43d254561693: start group-3C856EABEE0A
2019-09-19 14:04:53,901 [dcc77c7b-1d37-448d-8d57-43d254561693:group-F6BA0D12585D:LeaderElection522] INFO  impl.RoleInfo (RoleInfo.java:updateAndGet(143)) - dcc77c7b-1d37-448d-8d57-43d254561693: start LeaderState
2019-09-19 14:04:53,901 [pool-58-thread-1] INFO  impl.RaftServerImpl (RaftServerImpl.java:setRole(171)) - dcc77c7b-1d37-448d-8d57-43d254561693:group-3C856EABEE0A changes role from null to FOLLOWER at term 0 for startAsFollower
2019-09-19 14:04:53,902 [pool-58-thread-1] INFO  impl.RoleInfo (RoleInfo.java:updateAndGet(143)) - dcc77c7b-1d37-448d-8d57-43d254561693: start FollowerState
2019-09-19 14:04:53,902 [dcc77c7b-1d37-448d-8d57-43d254561693:group-F6BA0D12585D:LeaderElection522] INFO  segmented.SegmentedRaftLogWorker (SegmentedRaftLogWorker.java:startLogSegment(380)) - dcc77c7b-1d37-448d-8d57-43d254561693-SegmentedRaftLogWorker:Storage Directory /workdir/hadoop-ozone/integration-test/target/test-dir/MiniOzoneClusterImpl-3b2755de-4cfe-4b43-9e0d-73dd8eda8f75/datanode-0/data/ratis/6e89ff6c-f47c-4edb-9fb1-f6ba0d12585d: Starting segment from index:0
2019-09-19 14:04:53,902 [pool-58-thread-1] INFO  util.JmxRegister (JmxRegister.java:tryRegister(44)) - Successfully registered JMX Bean with object name Ratis:service=RaftServer,group=group-3C856EABEE0A,id=dcc77c7b-1d37-448d-8d57-43d254561693
2019-09-19 14:04:53,902 [dcc77c7b-1d37-448d-8d57-43d254561693:group-F6BA0D12585D:LeaderElection522] INFO  impl.RaftServerImpl (ServerState.java:setRaftConf(361)) - dcc77c7b-1d37-448d-8d57-43d254561693:group-F6BA0D12585D set configuration 0: [dcc77c7b-1d37-448d-8d57-43d254561693:192.168.157.226:34527], old=null at 0
2019-09-19 14:04:53,904 [RatisPipelineUtilsThread] INFO  pipeline.PipelineStateManager (PipelineStateManager.java:addPipeline(56)) - Created pipeline Pipeline[ Id: f51b6f59-7a94-43d8-989f-3c856eabee0a, Nodes: dcc77c7b-1d37-448d-8d57-43d254561693{ip: 192.168.157.226, host: pr-hdds-1569-swxfz-3172132826, networkLocation: /default-rack, certSerialId: null}, Type:RATIS, Factor:ONE, State:OPEN]
2019-09-19 14:04:53,906 [grpc-default-executor-1] INFO  impl.RaftServerProxy (RaftServerProxy.java:addNew(89)) - dcc77c7b-1d37-448d-8d57-43d254561693: addNew group-A7785E8E6A28:[dcc77c7b-1d37-448d-8d57-43d254561693:192.168.157.226:34527] returns group-A7785E8E6A28:java.util.concurrent.CompletableFuture@687501fc[Not completed]
2019-09-19 14:04:53,907 [pool-58-thread-1] INFO  impl.RaftServerImpl (RaftServerImpl.java:<init>(93)) - dcc77c7b-1d37-448d-8d57-43d254561693: new RaftServerImpl for group-A7785E8E6A28:[dcc77c7b-1d37-448d-8d57-43d254561693:192.168.157.226:34527] with ContainerStateMachine:uninitialized
2019-09-19 14:04:53,907 [pool-58-thread-1] INFO  server.RaftServerConfigKeys (ConfUtils.java:logGet(43)) - raft.server.rpc.timeout.min = 5s (custom)
2019-09-19 14:04:53,907 [pool-58-thread-1] INFO  server.RaftServerConfigKeys (ConfUtils.java:logGet(43)) - raft.server.rpc.timeout.max = 5200ms (custom)
2019-09-19 14:04:53,907 [pool-58-thread-1] INFO  server.RaftServerConfigKeys (ConfUtils.java:logGet(43)) - raft.server.rpcslowness.timeout = 120s (custom)
2019-09-19 14:04:53,907 [pool-58-thread-1] INFO  server.RaftServerConfigKeys (ConfUtils.java:logGet(43)) - raft.server.sleep.deviation.threshold = 300 (default)
2019-09-19 14:04:53,908 [pool-58-thread-1] INFO  server.RaftServerConfigKeys (ConfUtils.java:logGet(43)) - raft.server.log.appender.install.snapshot.enabled = false (custom)
2019-09-19 14:04:53,908 [pool-58-thread-1] INFO  impl.RaftServerImpl (ServerState.java:<init>(105)) - dcc77c7b-1d37-448d-8d57-43d254561693:group-A7785E8E6A28 ConfigurationManager, init=-1: [dcc77c7b-1d37-448d-8d57-43d254561693:192.168.157.226:34527], old=null, confs=<EMPTY_MAP>
2019-09-19 14:04:53,908 [pool-58-thread-1] INFO  server.RaftServerConfigKeys (ConfUtils.java:logGet(43)) - raft.server.storage.dir = [/workdir/hadoop-ozone/integration-test/target/test-dir/MiniOzoneClusterImpl-3b2755de-4cfe-4b43-9e0d-73dd8eda8f75/datanode-0/data/ratis] (custom)
2019-09-19 14:04:53,909 [pool-58-thread-1] INFO  storage.RaftStorageDirectory (RaftStorageDirectory.java:analyzeStorage(246)) - The storage directory /workdir/hadoop-ozone/integration-test/target/test-dir/MiniOzoneClusterImpl-3b2755de-4cfe-4b43-9e0d-73dd8eda8f75/datanode-0/data/ratis/3c2ad993-000c-4a9b-9fe4-a7785e8e6a28 does not exist. Creating ...
2019-09-19 14:04:53,922 [pool-58-thread-1] INFO  storage.RaftStorageDirectory (RaftStorageDirectory.java:tryLock(328)) - Lock on /workdir/hadoop-ozone/integration-test/target/test-dir/MiniOzoneClusterImpl-3b2755de-4cfe-4b43-9e0d-73dd8eda8f75/datanode-0/data/ratis/3c2ad993-000c-4a9b-9fe4-a7785e8e6a28/in_use.lock acquired by nodename 30982@pr-hdds-1569-swxfz-3172132826
2019-09-19 14:04:53,923 [dcc77c7b-1d37-448d-8d57-43d254561693-SegmentedRaftLogWorker:Storage Directory /workdir/hadoop-ozone/integration-test/target/test-dir/MiniOzoneClusterImpl-3b2755de-4cfe-4b43-9e0d-73dd8eda8f75/datanode-0/data/ratis/a92cf9aa-4513-47a8-b6e9-131436e2ccaa] INFO  segmented.SegmentedRaftLogWorker (SegmentedRaftLogWorker.java:execute(569)) - dcc77c7b-1d37-448d-8d57-43d254561693-SegmentedRaftLogWorker:Storage Directory /workdir/hadoop-ozone/integration-test/target/test-dir/MiniOzoneClusterImpl-3b2755de-4cfe-4b43-9e0d-73dd8eda8f75/datanode-0/data/ratis/a92cf9aa-4513-47a8-b6e9-131436e2ccaa: created new log segment /workdir/hadoop-ozone/integration-test/target/test-dir/MiniOzoneClusterImpl-3b2755de-4cfe-4b43-9e0d-73dd8eda8f75/datanode-0/data/ratis/a92cf9aa-4513-47a8-b6e9-131436e2ccaa/current/log_inprogress_0
2019-09-19 14:04:53,938 [pool-58-thread-1] INFO  storage.RaftStorage (RaftStorage.java:format(72)) - Storage directory /workdir/hadoop-ozone/integration-test/target/test-dir/MiniOzoneClusterImpl-3b2755de-4cfe-4b43-9e0d-73dd8eda8f75/datanode-0/data/ratis/3c2ad993-000c-4a9b-9fe4-a7785e8e6a28 has been successfully formatted.
2019-09-19 14:04:53,938 [pool-58-thread-1] INFO  ratis.ContainerStateMachine (ContainerStateMachine.java:loadSnapshot(226)) - group-A7785E8E6A28: The snapshot info is null. Setting the last applied indexto:(t:0, i:~)
2019-09-19 14:04:53,938 [pool-58-thread-1] INFO  server.RaftServerConfigKeys (ConfUtils.java:logGet(43)) - raft.server.leader.election.timeout = 120s (custom)
2019-09-19 14:04:53,938 [pool-58-thread-1] INFO  server.RaftServerConfigKeys (ConfUtils.java:logGet(43)) - raft.server.log.use.memory = false (default)
2019-09-19 14:04:53,938 [pool-58-thread-1] INFO  server.RaftServerConfigKeys (ConfUtils.java:logGet(43)) - raft.server.log.purge.gap = 1000000 (custom)
2019-09-19 14:04:53,938 [pool-58-thread-1] INFO  server.RaftServerConfigKeys (ConfUtils.java:logGet(43)) - raft.server.log.appender.buffer.byte-limit = 33554432 (custom)
2019-09-19 14:04:53,939 [pool-58-thread-1] INFO  server.RaftServerConfigKeys (ConfUtils.java:logGet(43)) - raft.server.log.segment.size.max = 1048576 (custom)
2019-09-19 14:04:53,939 [pool-58-thread-1] INFO  server.RaftServerConfigKeys (ConfUtils.java:logGet(43)) - raft.server.log.segment.cache.num.max = 2 (custom)
2019-09-19 14:04:53,939 [pool-58-thread-1] INFO  segmented.SegmentedRaftLogWorker (SegmentedRaftLogWorker.java:<init>(172)) - new dcc77c7b-1d37-448d-8d57-43d254561693-SegmentedRaftLogWorker:Storage Directory /workdir/hadoop-ozone/integration-test/target/test-dir/MiniOzoneClusterImpl-3b2755de-4cfe-4b43-9e0d-73dd8eda8f75/datanode-0/data/ratis/3c2ad993-000c-4a9b-9fe4-a7785e8e6a28 for RaftStorage:Storage Directory /workdir/hadoop-ozone/integration-test/target/test-dir/MiniOzoneClusterImpl-3b2755de-4cfe-4b43-9e0d-73dd8eda8f75/datanode-0/data/ratis/3c2ad993-000c-4a9b-9fe4-a7785e8e6a28
2019-09-19 14:04:53,939 [pool-58-thread-1] INFO  server.RaftServerConfigKeys (ConfUtils.java:logGet(43)) - raft.server.log.queue.byte-limit = 2147483647 (custom)
2019-09-19 14:04:53,939 [pool-58-thread-1] INFO  server.RaftServerConfigKeys (ConfUtils.java:logGet(43)) - raft.server.log.queue.element-limit = 1024 (custom)
2019-09-19 14:04:53,939 [pool-58-thread-1] INFO  server.RaftServerConfigKeys (ConfUtils.java:logGet(43)) - raft.server.log.segment.size.max = 1048576 (custom)
2019-09-19 14:04:53,939 [pool-58-thread-1] INFO  server.RaftServerConfigKeys (ConfUtils.java:logGet(43)) - raft.server.log.preallocated.size = 16384 (custom)
2019-09-19 14:04:53,939 [pool-58-thread-1] INFO  server.RaftServerConfigKeys (ConfUtils.java:logGet(43)) - raft.server.log.write.buffer.size = 33554432 (custom)
2019-09-19 14:04:53,939 [pool-58-thread-1] INFO  server.RaftServerConfigKeys (ConfUtils.java:logGet(43)) - raft.server.log.force.sync.num = 128 (default)
2019-09-19 14:04:53,939 [pool-58-thread-1] INFO  server.RaftServerConfigKeys (ConfUtils.java:logGet(43)) - raft.server.log.statemachine.data.sync = true (default)
2019-09-19 14:04:53,939 [pool-58-thread-1] INFO  server.RaftServerConfigKeys (ConfUtils.java:logGet(43)) - raft.server.log.statemachine.data.sync.timeout = 10s (default)
2019-09-19 14:04:53,940 [pool-58-thread-1] INFO  server.RaftServerConfigKeys (ConfUtils.java:logGet(43)) - raft.server.log.statemachine.data.sync.timeout.retry = -1 (default)
2019-09-19 14:04:53,940 [pool-58-thread-1] INFO  server.RaftServerConfigKeys (ConfUtils.java:logGet(43)) - raft.server.log.statemachine.data.caching.enabled = true (custom)
2019-09-19 14:04:53,940 [pool-58-thread-1] INFO  segmented.SegmentedRaftLogWorker (SegmentedRaftLogWorker.java:lambda$new$0(132)) - dcc77c7b-1d37-448d-8d57-43d254561693-SegmentedRaftLogWorker:Storage Directory /workdir/hadoop-ozone/integration-test/target/test-dir/MiniOzoneClusterImpl-3b2755de-4cfe-4b43-9e0d-73dd8eda8f75/datanode-0/data/ratis/3c2ad993-000c-4a9b-9fe4-a7785e8e6a28: flushIndex: setUnconditionally 0 -> -1
2019-09-19 14:04:53,940 [pool-58-thread-1] INFO  server.RaftServerConfigKeys (ConfUtils.java:logGet(43)) - raft.server.snapshot.auto.trigger.enabled = true (custom)
2019-09-19 14:04:53,940 [pool-58-thread-1] INFO  server.RaftServerConfigKeys (ConfUtils.java:logGet(43)) - raft.server.snapshot.auto.trigger.threshold = 1 (custom)
2019-09-19 14:04:53,940 [pool-58-thread-1] INFO  server.RaftServerConfigKeys (ConfUtils.java:logGet(43)) - raft.server.retrycache.expirytime = 600000ms (custom)
2019-09-19 14:04:53,940 [pool-58-thread-1] INFO  impl.RaftServerImpl (RaftServerImpl.java:start(180)) - dcc77c7b-1d37-448d-8d57-43d254561693: start group-A7785E8E6A28
2019-09-19 14:04:53,940 [dcc77c7b-1d37-448d-8d57-43d254561693-SegmentedRaftLogWorker:Storage Directory /workdir/hadoop-ozone/integration-test/target/test-dir/MiniOzoneClusterImpl-3b2755de-4cfe-4b43-9e0d-73dd8eda8f75/datanode-0/data/ratis/1f6a3ff6-b3d8-4053-b908-b7f16e51773a] INFO  segmented.SegmentedRaftLogWorker (SegmentedRaftLogWorker.java:execute(569)) - dcc77c7b-1d37-448d-8d57-43d254561693-SegmentedRaftLogWorker:Storage Directory /workdir/hadoop-ozone/integration-test/target/test-dir/MiniOzoneClusterImpl-3b2755de-4cfe-4b43-9e0d-73dd8eda8f75/datanode-0/data/ratis/1f6a3ff6-b3d8-4053-b908-b7f16e51773a: created new log segment /workdir/hadoop-ozone/integration-test/target/test-dir/MiniOzoneClusterImpl-3b2755de-4cfe-4b43-9e0d-73dd8eda8f75/datanode-0/data/ratis/1f6a3ff6-b3d8-4053-b908-b7f16e51773a/current/log_inprogress_0
2019-09-19 14:04:53,940 [dcc77c7b-1d37-448d-8d57-43d254561693-SegmentedRaftLogWorker:Storage Directory /workdir/hadoop-ozone/integration-test/target/test-dir/MiniOzoneClusterImpl-3b2755de-4cfe-4b43-9e0d-73dd8eda8f75/datanode-0/data/ratis/6e89ff6c-f47c-4edb-9fb1-f6ba0d12585d] INFO  segmented.SegmentedRaftLogWorker (SegmentedRaftLogWorker.java:execute(569)) - dcc77c7b-1d37-448d-8d57-43d254561693-SegmentedRaftLogWorker:Storage Directory /workdir/hadoop-ozone/integration-test/target/test-dir/MiniOzoneClusterImpl-3b2755de-4cfe-4b43-9e0d-73dd8eda8f75/datanode-0/data/ratis/6e89ff6c-f47c-4edb-9fb1-f6ba0d12585d: created new log segment /workdir/hadoop-ozone/integration-test/target/test-dir/MiniOzoneClusterImpl-3b2755de-4cfe-4b43-9e0d-73dd8eda8f75/datanode-0/data/ratis/6e89ff6c-f47c-4edb-9fb1-f6ba0d12585d/current/log_inprogress_0
2019-09-19 14:04:53,940 [pool-58-thread-1] INFO  impl.RaftServerImpl (RaftServerImpl.java:setRole(171)) - dcc77c7b-1d37-448d-8d57-43d254561693:group-A7785E8E6A28 changes role from null to FOLLOWER at term 0 for startAsFollower
2019-09-19 14:04:53,941 [pool-58-thread-1] INFO  impl.RoleInfo (RoleInfo.java:updateAndGet(143)) - dcc77c7b-1d37-448d-8d57-43d254561693: start FollowerState
2019-09-19 14:04:53,941 [pool-58-thread-1] INFO  util.JmxRegister (JmxRegister.java:tryRegister(44)) - Successfully registered JMX Bean with object name Ratis:service=RaftServer,group=group-A7785E8E6A28,id=dcc77c7b-1d37-448d-8d57-43d254561693
2019-09-19 14:04:53,942 [RatisPipelineUtilsThread] INFO  pipeline.PipelineStateManager (PipelineStateManager.java:addPipeline(56)) - Created pipeline Pipeline[ Id: 3c2ad993-000c-4a9b-9fe4-a7785e8e6a28, Nodes: dcc77c7b-1d37-448d-8d57-43d254561693{ip: 192.168.157.226, host: pr-hdds-1569-swxfz-3172132826, networkLocation: /default-rack, certSerialId: null}, Type:RATIS, Factor:ONE, State:OPEN]
2019-09-19 14:04:53,944 [grpc-default-executor-1] INFO  impl.RaftServerProxy (RaftServerProxy.java:addNew(89)) - dcc77c7b-1d37-448d-8d57-43d254561693: addNew group-B5CC723FD166:[dcc77c7b-1d37-448d-8d57-43d254561693:192.168.157.226:34527] returns group-B5CC723FD166:java.util.concurrent.CompletableFuture@11fe4bc4[Not completed]
2019-09-19 14:04:53,945 [pool-58-thread-1] INFO  impl.RaftServerImpl (RaftServerImpl.java:<init>(93)) - dcc77c7b-1d37-448d-8d57-43d254561693: new RaftServerImpl for group-B5CC723FD166:[dcc77c7b-1d37-448d-8d57-43d254561693:192.168.157.226:34527] with ContainerStateMachine:uninitialized
2019-09-19 14:04:53,945 [pool-58-thread-1] INFO  server.RaftServerConfigKeys (ConfUtils.java:logGet(43)) - raft.server.rpc.timeout.min = 5s (custom)
2019-09-19 14:04:53,945 [pool-58-thread-1] INFO  server.RaftServerConfigKeys (ConfUtils.java:logGet(43)) - raft.server.rpc.timeout.max = 5200ms (custom)
2019-09-19 14:04:53,945 [pool-58-thread-1] INFO  server.RaftServerConfigKeys (ConfUtils.java:logGet(43)) - raft.server.rpcslowness.timeout = 120s (custom)
2019-09-19 14:04:53,945 [pool-58-thread-1] INFO  server.RaftServerConfigKeys (ConfUtils.java:logGet(43)) - raft.server.sleep.deviation.threshold = 300 (default)
2019-09-19 14:04:53,945 [pool-58-thread-1] INFO  server.RaftServerConfigKeys (ConfUtils.java:logGet(43)) - raft.server.log.appender.install.snapshot.enabled = false (custom)
2019-09-19 14:04:53,945 [pool-58-thread-1] INFO  impl.RaftServerImpl (ServerState.java:<init>(105)) - dcc77c7b-1d37-448d-8d57-43d254561693:group-B5CC723FD166 ConfigurationManager, init=-1: [dcc77c7b-1d37-448d-8d57-43d254561693:192.168.157.226:34527], old=null, confs=<EMPTY_MAP>
2019-09-19 14:04:53,945 [pool-58-thread-1] INFO  server.RaftServerConfigKeys (ConfUtils.java:logGet(43)) - raft.server.storage.dir = [/workdir/hadoop-ozone/integration-test/target/test-dir/MiniOzoneClusterImpl-3b2755de-4cfe-4b43-9e0d-73dd8eda8f75/datanode-0/data/ratis] (custom)
2019-09-19 14:04:53,946 [pool-58-thread-1] INFO  storage.RaftStorageDirectory (RaftStorageDirectory.java:analyzeStorage(246)) - The storage directory /workdir/hadoop-ozone/integration-test/target/test-dir/MiniOzoneClusterImpl-3b2755de-4cfe-4b43-9e0d-73dd8eda8f75/datanode-0/data/ratis/b74d3d50-fba9-4359-897d-b5cc723fd166 does not exist. Creating ...
2019-09-19 14:04:53,951 [Thread-4022] INFO  impl.FollowerState (FollowerState.java:run(106)) - dcc77c7b-1d37-448d-8d57-43d254561693:group-BD4390171ABC changes to CANDIDATE, lastRpcTime:5028, electionTimeout:5028ms
2019-09-19 14:04:53,951 [Thread-4022] INFO  impl.RoleInfo (RoleInfo.java:shutdownFollowerState(121)) - dcc77c7b-1d37-448d-8d57-43d254561693: shutdown FollowerState
2019-09-19 14:04:53,952 [Thread-4022] INFO  impl.RaftServerImpl (RaftServerImpl.java:setRole(171)) - dcc77c7b-1d37-448d-8d57-43d254561693:group-BD4390171ABC changes role from FOLLOWER to CANDIDATE at term 0 for changeToCandidate
2019-09-19 14:04:53,952 [Thread-4022] INFO  impl.RoleInfo (RoleInfo.java:updateAndGet(143)) - dcc77c7b-1d37-448d-8d57-43d254561693: start LeaderElection
2019-09-19 14:04:53,957 [Thread-4013] INFO  impl.FollowerState (FollowerState.java:run(106)) - dcc77c7b-1d37-448d-8d57-43d254561693:group-F469CB8DF69D changes to CANDIDATE, lastRpcTime:5112, electionTimeout:5112ms
2019-09-19 14:04:53,957 [Thread-4013] INFO  impl.RoleInfo (RoleInfo.java:shutdownFollowerState(121)) - dcc77c7b-1d37-448d-8d57-43d254561693: shutdown FollowerState
2019-09-19 14:04:53,957 [Thread-4013] INFO  impl.RaftServerImpl (RaftServerImpl.java:setRole(171)) - dcc77c7b-1d37-448d-8d57-43d254561693:group-F469CB8DF69D changes role from FOLLOWER to CANDIDATE at term 0 for changeToCandidate
2019-09-19 14:04:53,957 [Thread-4013] INFO  impl.RoleInfo (RoleInfo.java:updateAndGet(143)) - dcc77c7b-1d37-448d-8d57-43d254561693: start LeaderElection
2019-09-19 14:04:53,978 [Thread-4019] INFO  impl.FollowerState (FollowerState.java:run(106)) - dcc77c7b-1d37-448d-8d57-43d254561693:group-342B535537C4 changes to CANDIDATE, lastRpcTime:5102, electionTimeout:5102ms
2019-09-19 14:04:53,978 [Thread-4019] INFO  impl.RoleInfo (RoleInfo.java:shutdownFollowerState(121)) - dcc77c7b-1d37-448d-8d57-43d254561693: shutdown FollowerState
2019-09-19 14:04:53,978 [Thread-4019] INFO  impl.RaftServerImpl (RaftServerImpl.java:setRole(171)) - dcc77c7b-1d37-448d-8d57-43d254561693:group-342B535537C4 changes role from FOLLOWER to CANDIDATE at term 0 for changeToCandidate
2019-09-19 14:04:53,978 [Thread-4019] INFO  impl.RoleInfo (RoleInfo.java:updateAndGet(143)) - dcc77c7b-1d37-448d-8d57-43d254561693: start LeaderElection
2019-09-19 14:04:53,979 [pool-58-thread-1] INFO  storage.RaftStorageDirectory (RaftStorageDirectory.java:tryLock(328)) - Lock on /workdir/hadoop-ozone/integration-test/target/test-dir/MiniOzoneClusterImpl-3b2755de-4cfe-4b43-9e0d-73dd8eda8f75/datanode-0/data/ratis/b74d3d50-fba9-4359-897d-b5cc723fd166/in_use.lock acquired by nodename 30982@pr-hdds-1569-swxfz-3172132826
2019-09-19 14:04:53,979 [dcc77c7b-1d37-448d-8d57-43d254561693:group-F469CB8DF69D:LeaderElection524] INFO  impl.LeaderElection (LeaderElection.java:askForVotes(181)) - dcc77c7b-1d37-448d-8d57-43d254561693:group-F469CB8DF69D:LeaderElection524: begin an election at term 1 for -1: [dcc77c7b-1d37-448d-8d57-43d254561693:192.168.157.226:34527], old=null
2019-09-19 14:04:53,979 [dcc77c7b-1d37-448d-8d57-43d254561693:group-BD4390171ABC:LeaderElection523] INFO  impl.LeaderElection (LeaderElection.java:askForVotes(181)) - dcc77c7b-1d37-448d-8d57-43d254561693:group-BD4390171ABC:LeaderElection523: begin an election at term 1 for -1: [dcc77c7b-1d37-448d-8d57-43d254561693:192.168.157.226:34527], old=null
2019-09-19 14:04:53,979 [dcc77c7b-1d37-448d-8d57-43d254561693:group-F469CB8DF69D:LeaderElection524] INFO  impl.RoleInfo (RoleInfo.java:shutdownLeaderElection(134)) - dcc77c7b-1d37-448d-8d57-43d254561693: shutdown LeaderElection
2019-09-19 14:04:53,979 [dcc77c7b-1d37-448d-8d57-43d254561693:group-BD4390171ABC:LeaderElection523] INFO  impl.RoleInfo (RoleInfo.java:shutdownLeaderElection(134)) - dcc77c7b-1d37-448d-8d57-43d254561693: shutdown LeaderElection
2019-09-19 14:04:53,979 [dcc77c7b-1d37-448d-8d57-43d254561693:group-F469CB8DF69D:LeaderElection524] INFO  impl.RaftServerImpl (RaftServerImpl.java:setRole(171)) - dcc77c7b-1d37-448d-8d57-43d254561693:group-F469CB8DF69D changes role from CANDIDATE to LEADER at term 1 for changeToLeader
2019-09-19 14:04:53,979 [dcc77c7b-1d37-448d-8d57-43d254561693:group-BD4390171ABC:LeaderElection523] INFO  impl.RaftServerImpl (RaftServerImpl.java:setRole(171)) - dcc77c7b-1d37-448d-8d57-43d254561693:group-BD4390171ABC changes role from CANDIDATE to LEADER at term 1 for changeToLeader
2019-09-19 14:04:53,980 [dcc77c7b-1d37-448d-8d57-43d254561693:group-F469CB8DF69D:LeaderElection524] INFO  impl.RaftServerImpl (ServerState.java:setLeader(263)) - dcc77c7b-1d37-448d-8d57-43d254561693:group-F469CB8DF69D change Leader from null to dcc77c7b-1d37-448d-8d57-43d254561693 at term 1 for becomeLeader, leader elected after 5138ms
2019-09-19 14:04:53,980 [dcc77c7b-1d37-448d-8d57-43d254561693:group-BD4390171ABC:LeaderElection523] INFO  impl.RaftServerImpl (ServerState.java:setLeader(263)) - dcc77c7b-1d37-448d-8d57-43d254561693:group-BD4390171ABC change Leader from null to dcc77c7b-1d37-448d-8d57-43d254561693 at term 1 for becomeLeader, leader elected after 5060ms
2019-09-19 14:04:53,980 [dcc77c7b-1d37-448d-8d57-43d254561693:group-F469CB8DF69D:LeaderElection524] INFO  server.RaftServerConfigKeys (ConfUtils.java:logGet(43)) - raft.server.staging.catchup.gap = 1000 (default)
2019-09-19 14:04:53,980 [dcc77c7b-1d37-448d-8d57-43d254561693:group-BD4390171ABC:LeaderElection523] INFO  server.RaftServerConfigKeys (ConfUtils.java:logGet(43)) - raft.server.staging.catchup.gap = 1000 (default)
2019-09-19 14:04:53,980 [dcc77c7b-1d37-448d-8d57-43d254561693:group-F469CB8DF69D:LeaderElection524] INFO  server.RaftServerConfigKeys (ConfUtils.java:logGet(43)) - raft.server.rpc.sleep.time = 25ms (default)
2019-09-19 14:04:53,980 [dcc77c7b-1d37-448d-8d57-43d254561693:group-BD4390171ABC:LeaderElection523] INFO  server.RaftServerConfigKeys (ConfUtils.java:logGet(43)) - raft.server.rpc.sleep.time = 25ms (default)
2019-09-19 14:04:53,980 [dcc77c7b-1d37-448d-8d57-43d254561693:group-F469CB8DF69D:LeaderElection524] INFO  server.RaftServerConfigKeys (ConfUtils.java:logGet(43)) - raft.server.write.element-limit = 4096 (default)
2019-09-19 14:04:53,981 [dcc77c7b-1d37-448d-8d57-43d254561693:group-BD4390171ABC:LeaderElection523] INFO  server.RaftServerConfigKeys (ConfUtils.java:logGet(43)) - raft.server.write.element-limit = 4096 (default)
2019-09-19 14:04:53,981 [dcc77c7b-1d37-448d-8d57-43d254561693:group-F469CB8DF69D:LeaderElection524] INFO  server.RaftServerConfigKeys (ConfUtils.java:logGet(43)) - raft.server.watch.timeout = 10s (default)
2019-09-19 14:04:53,981 [dcc77c7b-1d37-448d-8d57-43d254561693:group-BD4390171ABC:LeaderElection523] INFO  server.RaftServerConfigKeys (ConfUtils.java:logGet(43)) - raft.server.watch.timeout = 10s (default)
2019-09-19 14:04:53,981 [dcc77c7b-1d37-448d-8d57-43d254561693:group-F469CB8DF69D:LeaderElection524] INFO  server.RaftServerConfigKeys (ConfUtils.java:logGet(43)) - raft.server.watch.timeout.denomination = 1s (default)
2019-09-19 14:04:53,981 [dcc77c7b-1d37-448d-8d57-43d254561693:group-BD4390171ABC:LeaderElection523] INFO  server.RaftServerConfigKeys (ConfUtils.java:logGet(43)) - raft.server.watch.timeout.denomination = 1s (default)
2019-09-19 14:04:53,981 [dcc77c7b-1d37-448d-8d57-43d254561693:group-F469CB8DF69D:LeaderElection524] INFO  server.RaftServerConfigKeys (ConfUtils.java:logGet(43)) - raft.server.watch.element-limit = 65536 (default)
2019-09-19 14:04:53,981 [dcc77c7b-1d37-448d-8d57-43d254561693:group-BD4390171ABC:LeaderElection523] INFO  server.RaftServerConfigKeys (ConfUtils.java:logGet(43)) - raft.server.watch.element-limit = 65536 (default)
2019-09-19 14:04:53,982 [dcc77c7b-1d37-448d-8d57-43d254561693:group-F469CB8DF69D:LeaderElection524] INFO  impl.RoleInfo (RoleInfo.java:updateAndGet(143)) - dcc77c7b-1d37-448d-8d57-43d254561693: start LeaderState
2019-09-19 14:04:53,982 [dcc77c7b-1d37-448d-8d57-43d254561693:group-BD4390171ABC:LeaderElection523] INFO  impl.RoleInfo (RoleInfo.java:updateAndGet(143)) - dcc77c7b-1d37-448d-8d57-43d254561693: start LeaderState
2019-09-19 14:04:53,982 [dcc77c7b-1d37-448d-8d57-43d254561693:group-F469CB8DF69D:LeaderElection524] INFO  segmented.SegmentedRaftLogWorker (SegmentedRaftLogWorker.java:startLogSegment(380)) - dcc77c7b-1d37-448d-8d57-43d254561693-SegmentedRaftLogWorker:Storage Directory /workdir/hadoop-ozone/integration-test/target/test-dir/MiniOzoneClusterImpl-3b2755de-4cfe-4b43-9e0d-73dd8eda8f75/datanode-0/data/ratis/85399fa0-8258-4e41-8fc3-f469cb8df69d: Starting segment from index:0
2019-09-19 14:04:53,982 [dcc77c7b-1d37-448d-8d57-43d254561693:group-BD4390171ABC:LeaderElection523] INFO  segmented.SegmentedRaftLogWorker (SegmentedRaftLogWorker.java:startLogSegment(380)) - dcc77c7b-1d37-448d-8d57-43d254561693-SegmentedRaftLogWorker:Storage Directory /workdir/hadoop-ozone/integration-test/target/test-dir/MiniOzoneClusterImpl-3b2755de-4cfe-4b43-9e0d-73dd8eda8f75/datanode-0/data/ratis/7908756f-3cd3-435f-9841-bd4390171abc: Starting segment from index:0
2019-09-19 14:04:53,982 [dcc77c7b-1d37-448d-8d57-43d254561693:group-342B535537C4:LeaderElection525] INFO  impl.LeaderElection (LeaderElection.java:askForVotes(181)) - dcc77c7b-1d37-448d-8d57-43d254561693:group-342B535537C4:LeaderElection525: begin an election at term 1 for -1: [dcc77c7b-1d37-448d-8d57-43d254561693:192.168.157.226:34527], old=null
2019-09-19 14:04:53,982 [pool-58-thread-1] INFO  storage.RaftStorage (RaftStorage.java:format(72)) - Storage directory /workdir/hadoop-ozone/integration-test/target/test-dir/MiniOzoneClusterImpl-3b2755de-4cfe-4b43-9e0d-73dd8eda8f75/datanode-0/data/ratis/b74d3d50-fba9-4359-897d-b5cc723fd166 has been successfully formatted.
2019-09-19 14:04:53,982 [dcc77c7b-1d37-448d-8d57-43d254561693:group-342B535537C4:LeaderElection525] INFO  impl.RoleInfo (RoleInfo.java:shutdownLeaderElection(134)) - dcc77c7b-1d37-448d-8d57-43d254561693: shutdown LeaderElection
2019-09-19 14:04:53,983 [dcc77c7b-1d37-448d-8d57-43d254561693:group-342B535537C4:LeaderElection525] INFO  impl.RaftServerImpl (RaftServerImpl.java:setRole(171)) - dcc77c7b-1d37-448d-8d57-43d254561693:group-342B535537C4 changes role from CANDIDATE to LEADER at term 1 for changeToLeader
2019-09-19 14:04:53,982 [dcc77c7b-1d37-448d-8d57-43d254561693:group-F469CB8DF69D:LeaderElection524] INFO  impl.RaftServerImpl (ServerState.java:setRaftConf(361)) - dcc77c7b-1d37-448d-8d57-43d254561693:group-F469CB8DF69D set configuration 0: [dcc77c7b-1d37-448d-8d57-43d254561693:192.168.157.226:34527], old=null at 0
2019-09-19 14:04:53,983 [dcc77c7b-1d37-448d-8d57-43d254561693:group-342B535537C4:LeaderElection525] INFO  impl.RaftServerImpl (ServerState.java:setLeader(263)) - dcc77c7b-1d37-448d-8d57-43d254561693:group-342B535537C4 change Leader from null to dcc77c7b-1d37-448d-8d57-43d254561693 at term 1 for becomeLeader, leader elected after 5110ms
2019-09-19 14:04:53,983 [dcc77c7b-1d37-448d-8d57-43d254561693:group-BD4390171ABC:LeaderElection523] INFO  impl.RaftServerImpl (ServerState.java:setRaftConf(361)) - dcc77c7b-1d37-448d-8d57-43d254561693:group-BD4390171ABC set configuration 0: [dcc77c7b-1d37-448d-8d57-43d254561693:192.168.157.226:34527], old=null at 0
2019-09-19 14:04:53,983 [pool-58-thread-1] INFO  ratis.ContainerStateMachine (ContainerStateMachine.java:loadSnapshot(226)) - group-B5CC723FD166: The snapshot info is null. Setting the last applied indexto:(t:0, i:~)
2019-09-19 14:04:53,983 [dcc77c7b-1d37-448d-8d57-43d254561693:group-342B535537C4:LeaderElection525] INFO  server.RaftServerConfigKeys (ConfUtils.java:logGet(43)) - raft.server.staging.catchup.gap = 1000 (default)
2019-09-19 14:04:53,984 [pool-58-thread-1] INFO  server.RaftServerConfigKeys (ConfUtils.java:logGet(43)) - raft.server.leader.election.timeout = 120s (custom)
2019-09-19 14:04:53,984 [dcc77c7b-1d37-448d-8d57-43d254561693:group-342B535537C4:LeaderElection525] INFO  server.RaftServerConfigKeys (ConfUtils.java:logGet(43)) - raft.server.rpc.sleep.time = 25ms (default)
2019-09-19 14:04:53,984 [pool-58-thread-1] INFO  server.RaftServerConfigKeys (ConfUtils.java:logGet(43)) - raft.server.log.use.memory = false (default)
2019-09-19 14:04:53,984 [dcc77c7b-1d37-448d-8d57-43d254561693:group-342B535537C4:LeaderElection525] INFO  server.RaftServerConfigKeys (ConfUtils.java:logGet(43)) - raft.server.write.element-limit = 4096 (default)
2019-09-19 14:04:53,984 [pool-58-thread-1] INFO  server.RaftServerConfigKeys (ConfUtils.java:logGet(43)) - raft.server.log.purge.gap = 1000000 (custom)
2019-09-19 14:04:53,984 [dcc77c7b-1d37-448d-8d57-43d254561693:group-342B535537C4:LeaderElection525] INFO  server.RaftServerConfigKeys (ConfUtils.java:logGet(43)) - raft.server.watch.timeout = 10s (default)
2019-09-19 14:04:53,984 [pool-58-thread-1] INFO  server.RaftServerConfigKeys (ConfUtils.java:logGet(43)) - raft.server.log.appender.buffer.byte-limit = 33554432 (custom)
2019-09-19 14:04:53,985 [dcc77c7b-1d37-448d-8d57-43d254561693:group-342B535537C4:LeaderElection525] INFO  server.RaftServerConfigKeys (ConfUtils.java:logGet(43)) - raft.server.watch.timeout.denomination = 1s (default)
2019-09-19 14:04:53,985 [pool-58-thread-1] INFO  server.RaftServerConfigKeys (ConfUtils.java:logGet(43)) - raft.server.log.segment.size.max = 1048576 (custom)
2019-09-19 14:04:53,985 [Thread-4010] INFO  impl.FollowerState (FollowerState.java:run(106)) - dcc77c7b-1d37-448d-8d57-43d254561693:group-D2ADA134129D changes to CANDIDATE, lastRpcTime:5175, electionTimeout:5175ms
2019-09-19 14:04:53,985 [dcc77c7b-1d37-448d-8d57-43d254561693:group-342B535537C4:LeaderElection525] INFO  server.RaftServerConfigKeys (ConfUtils.java:logGet(43)) - raft.server.watch.element-limit = 65536 (default)
2019-09-19 14:04:53,985 [Thread-4010] INFO  impl.RoleInfo (RoleInfo.java:shutdownFollowerState(121)) - dcc77c7b-1d37-448d-8d57-43d254561693: shutdown FollowerState
2019-09-19 14:04:53,985 [pool-58-thread-1] INFO  server.RaftServerConfigKeys (ConfUtils.java:logGet(43)) - raft.server.log.segment.cache.num.max = 2 (custom)
2019-09-19 14:04:53,986 [Thread-4010] INFO  impl.RaftServerImpl (RaftServerImpl.java:setRole(171)) - dcc77c7b-1d37-448d-8d57-43d254561693:group-D2ADA134129D changes role from FOLLOWER to CANDIDATE at term 0 for changeToCandidate
2019-09-19 14:04:53,986 [dcc77c7b-1d37-448d-8d57-43d254561693:group-342B535537C4:LeaderElection525] INFO  impl.RoleInfo (RoleInfo.java:updateAndGet(143)) - dcc77c7b-1d37-448d-8d57-43d254561693: start LeaderState
2019-09-19 14:04:53,986 [Thread-4010] INFO  impl.RoleInfo (RoleInfo.java:updateAndGet(143)) - dcc77c7b-1d37-448d-8d57-43d254561693: start LeaderElection
2019-09-19 14:04:53,986 [pool-58-thread-1] INFO  segmented.SegmentedRaftLogWorker (SegmentedRaftLogWorker.java:<init>(172)) - new dcc77c7b-1d37-448d-8d57-43d254561693-SegmentedRaftLogWorker:Storage Directory /workdir/hadoop-ozone/integration-test/target/test-dir/MiniOzoneClusterImpl-3b2755de-4cfe-4b43-9e0d-73dd8eda8f75/datanode-0/data/ratis/b74d3d50-fba9-4359-897d-b5cc723fd166 for RaftStorage:Storage Directory /workdir/hadoop-ozone/integration-test/target/test-dir/MiniOzoneClusterImpl-3b2755de-4cfe-4b43-9e0d-73dd8eda8f75/datanode-0/data/ratis/b74d3d50-fba9-4359-897d-b5cc723fd166
2019-09-19 14:04:53,986 [dcc77c7b-1d37-448d-8d57-43d254561693:group-342B535537C4:LeaderElection525] INFO  segmented.SegmentedRaftLogWorker (SegmentedRaftLogWorker.java:startLogSegment(380)) - dcc77c7b-1d37-448d-8d57-43d254561693-SegmentedRaftLogWorker:Storage Directory /workdir/hadoop-ozone/integration-test/target/test-dir/MiniOzoneClusterImpl-3b2755de-4cfe-4b43-9e0d-73dd8eda8f75/datanode-0/data/ratis/8dbf4157-8d3d-4c80-8807-342b535537c4: Starting segment from index:0
2019-09-19 14:04:53,986 [pool-58-thread-1] INFO  server.RaftServerConfigKeys (ConfUtils.java:logGet(43)) - raft.server.log.queue.byte-limit = 2147483647 (custom)
2019-09-19 14:04:53,987 [pool-58-thread-1] INFO  server.RaftServerConfigKeys (ConfUtils.java:logGet(43)) - raft.server.log.queue.element-limit = 1024 (custom)
2019-09-19 14:04:53,987 [dcc77c7b-1d37-448d-8d57-43d254561693:group-342B535537C4:LeaderElection525] INFO  impl.RaftServerImpl (ServerState.java:setRaftConf(361)) - dcc77c7b-1d37-448d-8d57-43d254561693:group-342B535537C4 set configuration 0: [dcc77c7b-1d37-448d-8d57-43d254561693:192.168.157.226:34527], old=null at 0
2019-09-19 14:04:53,987 [pool-58-thread-1] INFO  server.RaftServerConfigKeys (ConfUtils.java:logGet(43)) - raft.server.log.segment.size.max = 1048576 (custom)
2019-09-19 14:04:53,987 [pool-58-thread-1] INFO  server.RaftServerConfigKeys (ConfUtils.java:logGet(43)) - raft.server.log.preallocated.size = 16384 (custom)
2019-09-19 14:04:53,987 [pool-58-thread-1] INFO  server.RaftServerConfigKeys (ConfUtils.java:logGet(43)) - raft.server.log.write.buffer.size = 33554432 (custom)
2019-09-19 14:04:53,987 [pool-58-thread-1] INFO  server.RaftServerConfigKeys (ConfUtils.java:logGet(43)) - raft.server.log.force.sync.num = 128 (default)
2019-09-19 14:04:53,988 [pool-58-thread-1] INFO  server.RaftServerConfigKeys (ConfUtils.java:logGet(43)) - raft.server.log.statemachine.data.sync = true (default)
2019-09-19 14:04:53,988 [pool-58-thread-1] INFO  server.RaftServerConfigKeys (ConfUtils.java:logGet(43)) - raft.server.log.statemachine.data.sync.timeout = 10s (default)
2019-09-19 14:04:53,988 [pool-58-thread-1] INFO  server.RaftServerConfigKeys (ConfUtils.java:logGet(43)) - raft.server.log.statemachine.data.sync.timeout.retry = -1 (default)
2019-09-19 14:04:53,988 [pool-58-thread-1] INFO  server.RaftServerConfigKeys (ConfUtils.java:logGet(43)) - raft.server.log.statemachine.data.caching.enabled = true (custom)
2019-09-19 14:04:53,988 [pool-58-thread-1] INFO  segmented.SegmentedRaftLogWorker (SegmentedRaftLogWorker.java:lambda$new$0(132)) - dcc77c7b-1d37-448d-8d57-43d254561693-SegmentedRaftLogWorker:Storage Directory /workdir/hadoop-ozone/integration-test/target/test-dir/MiniOzoneClusterImpl-3b2755de-4cfe-4b43-9e0d-73dd8eda8f75/datanode-0/data/ratis/b74d3d50-fba9-4359-897d-b5cc723fd166: flushIndex: setUnconditionally 0 -> -1
2019-09-19 14:04:53,989 [pool-58-thread-1] INFO  server.RaftServerConfigKeys (ConfUtils.java:logGet(43)) - raft.server.snapshot.auto.trigger.enabled = true (custom)
2019-09-19 14:04:53,989 [pool-58-thread-1] INFO  server.RaftServerConfigKeys (ConfUtils.java:logGet(43)) - raft.server.snapshot.auto.trigger.threshold = 1 (custom)
2019-09-19 14:04:53,989 [pool-58-thread-1] INFO  server.RaftServerConfigKeys (ConfUtils.java:logGet(43)) - raft.server.retrycache.expirytime = 600000ms (custom)
2019-09-19 14:04:53,989 [pool-58-thread-1] INFO  impl.RaftServerImpl (RaftServerImpl.java:start(180)) - dcc77c7b-1d37-448d-8d57-43d254561693: start group-B5CC723FD166
2019-09-19 14:04:53,989 [pool-58-thread-1] INFO  impl.RaftServerImpl (RaftServerImpl.java:setRole(171)) - dcc77c7b-1d37-448d-8d57-43d254561693:group-B5CC723FD166 changes role from null to FOLLOWER at term 0 for startAsFollower
2019-09-19 14:04:53,989 [pool-58-thread-1] INFO  impl.RoleInfo (RoleInfo.java:updateAndGet(143)) - dcc77c7b-1d37-448d-8d57-43d254561693: start FollowerState
2019-09-19 14:04:53,990 [pool-58-thread-1] INFO  util.JmxRegister (JmxRegister.java:tryRegister(44)) - Successfully registered JMX Bean with object name Ratis:service=RaftServer,group=group-B5CC723FD166,id=dcc77c7b-1d37-448d-8d57-43d254561693
2019-09-19 14:04:53,991 [RatisPipelineUtilsThread] INFO  pipeline.PipelineStateManager (PipelineStateManager.java:addPipeline(56)) - Created pipeline Pipeline[ Id: b74d3d50-fba9-4359-897d-b5cc723fd166, Nodes: dcc77c7b-1d37-448d-8d57-43d254561693{ip: 192.168.157.226, host: pr-hdds-1569-swxfz-3172132826, networkLocation: /default-rack, certSerialId: null}, Type:RATIS, Factor:ONE, State:OPEN]
2019-09-19 14:04:53,994 [grpc-default-executor-1] INFO  impl.RaftServerProxy (RaftServerProxy.java:addNew(89)) - dcc77c7b-1d37-448d-8d57-43d254561693: addNew group-7687262C50C0:[dcc77c7b-1d37-448d-8d57-43d254561693:192.168.157.226:34527] returns group-7687262C50C0:java.util.concurrent.CompletableFuture@9120135[Not completed]
2019-09-19 14:04:53,995 [pool-58-thread-1] INFO  impl.RaftServerImpl (RaftServerImpl.java:<init>(93)) - dcc77c7b-1d37-448d-8d57-43d254561693: new RaftServerImpl for group-7687262C50C0:[dcc77c7b-1d37-448d-8d57-43d254561693:192.168.157.226:34527] with ContainerStateMachine:uninitialized
2019-09-19 14:04:53,995 [pool-58-thread-1] INFO  server.RaftServerConfigKeys (ConfUtils.java:logGet(43)) - raft.server.rpc.timeout.min = 5s (custom)
2019-09-19 14:04:53,995 [pool-58-thread-1] INFO  server.RaftServerConfigKeys (ConfUtils.java:logGet(43)) - raft.server.rpc.timeout.max = 5200ms (custom)
2019-09-19 14:04:53,995 [pool-58-thread-1] INFO  server.RaftServerConfigKeys (ConfUtils.java:logGet(43)) - raft.server.rpcslowness.timeout = 120s (custom)
2019-09-19 14:04:53,995 [pool-58-thread-1] INFO  server.RaftServerConfigKeys (ConfUtils.java:logGet(43)) - raft.server.sleep.deviation.threshold = 300 (default)
2019-09-19 14:04:53,995 [pool-58-thread-1] INFO  server.RaftServerConfigKeys (ConfUtils.java:logGet(43)) - raft.server.log.appender.install.snapshot.enabled = false (custom)
2019-09-19 14:04:53,995 [pool-58-thread-1] INFO  impl.RaftServerImpl (ServerState.java:<init>(105)) - dcc77c7b-1d37-448d-8d57-43d254561693:group-7687262C50C0 ConfigurationManager, init=-1: [dcc77c7b-1d37-448d-8d57-43d254561693:192.168.157.226:34527], old=null, confs=<EMPTY_MAP>
2019-09-19 14:04:53,996 [pool-58-thread-1] INFO  server.RaftServerConfigKeys (ConfUtils.java:logGet(43)) - raft.server.storage.dir = [/workdir/hadoop-ozone/integration-test/target/test-dir/MiniOzoneClusterImpl-3b2755de-4cfe-4b43-9e0d-73dd8eda8f75/datanode-0/data/ratis] (custom)
2019-09-19 14:04:53,997 [pool-58-thread-1] INFO  storage.RaftStorageDirectory (RaftStorageDirectory.java:analyzeStorage(246)) - The storage directory /workdir/hadoop-ozone/integration-test/target/test-dir/MiniOzoneClusterImpl-3b2755de-4cfe-4b43-9e0d-73dd8eda8f75/datanode-0/data/ratis/855be88d-2d3a-48f9-bb4d-7687262c50c0 does not exist. Creating ...
2019-09-19 14:04:53,999 [dcc77c7b-1d37-448d-8d57-43d254561693:group-D2ADA134129D:LeaderElection526] INFO  impl.LeaderElection (LeaderElection.java:askForVotes(181)) - dcc77c7b-1d37-448d-8d57-43d254561693:group-D2ADA134129D:LeaderElection526: begin an election at term 1 for -1: [dcc77c7b-1d37-448d-8d57-43d254561693:192.168.157.226:34527], old=null
2019-09-19 14:04:53,999 [dcc77c7b-1d37-448d-8d57-43d254561693:group-D2ADA134129D:LeaderElection526] INFO  impl.RoleInfo (RoleInfo.java:shutdownLeaderElection(134)) - dcc77c7b-1d37-448d-8d57-43d254561693: shutdown LeaderElection
2019-09-19 14:04:53,999 [dcc77c7b-1d37-448d-8d57-43d254561693:group-D2ADA134129D:LeaderElection526] INFO  impl.RaftServerImpl (RaftServerImpl.java:setRole(171)) - dcc77c7b-1d37-448d-8d57-43d254561693:group-D2ADA134129D changes role from CANDIDATE to LEADER at term 1 for changeToLeader
2019-09-19 14:04:53,999 [dcc77c7b-1d37-448d-8d57-43d254561693:group-D2ADA134129D:LeaderElection526] INFO  impl.RaftServerImpl (ServerState.java:setLeader(263)) - dcc77c7b-1d37-448d-8d57-43d254561693:group-D2ADA134129D change Leader from null to dcc77c7b-1d37-448d-8d57-43d254561693 at term 1 for becomeLeader, leader elected after 5192ms
2019-09-19 14:04:53,999 [dcc77c7b-1d37-448d-8d57-43d254561693:group-D2ADA134129D:LeaderElection526] INFO  server.RaftServerConfigKeys (ConfUtils.java:logGet(43)) - raft.server.staging.catchup.gap = 1000 (default)
2019-09-19 14:04:54,000 [dcc77c7b-1d37-448d-8d57-43d254561693:group-D2ADA134129D:LeaderElection526] INFO  server.RaftServerConfigKeys (ConfUtils.java:logGet(43)) - raft.server.rpc.sleep.time = 25ms (default)
2019-09-19 14:04:54,000 [dcc77c7b-1d37-448d-8d57-43d254561693:group-D2ADA134129D:LeaderElection526] INFO  server.RaftServerConfigKeys (ConfUtils.java:logGet(43)) - raft.server.write.element-limit = 4096 (default)
2019-09-19 14:04:54,000 [dcc77c7b-1d37-448d-8d57-43d254561693:group-D2ADA134129D:LeaderElection526] INFO  server.RaftServerConfigKeys (ConfUtils.java:logGet(43)) - raft.server.watch.timeout = 10s (default)
2019-09-19 14:04:54,000 [dcc77c7b-1d37-448d-8d57-43d254561693:group-D2ADA134129D:LeaderElection526] INFO  server.RaftServerConfigKeys (ConfUtils.java:logGet(43)) - raft.server.watch.timeout.denomination = 1s (default)
2019-09-19 14:04:54,000 [dcc77c7b-1d37-448d-8d57-43d254561693:group-D2ADA134129D:LeaderElection526] INFO  server.RaftServerConfigKeys (ConfUtils.java:logGet(43)) - raft.server.watch.element-limit = 65536 (default)
2019-09-19 14:04:54,000 [dcc77c7b-1d37-448d-8d57-43d254561693:group-D2ADA134129D:LeaderElection526] INFO  impl.RoleInfo (RoleInfo.java:updateAndGet(143)) - dcc77c7b-1d37-448d-8d57-43d254561693: start LeaderState
2019-09-19 14:04:54,001 [dcc77c7b-1d37-448d-8d57-43d254561693:group-D2ADA134129D:LeaderElection526] INFO  segmented.SegmentedRaftLogWorker (SegmentedRaftLogWorker.java:startLogSegment(380)) - dcc77c7b-1d37-448d-8d57-43d254561693-SegmentedRaftLogWorker:Storage Directory /workdir/hadoop-ozone/integration-test/target/test-dir/MiniOzoneClusterImpl-3b2755de-4cfe-4b43-9e0d-73dd8eda8f75/datanode-0/data/ratis/99558614-031f-425e-9c6a-d2ada134129d: Starting segment from index:0
2019-09-19 14:04:54,001 [dcc77c7b-1d37-448d-8d57-43d254561693:group-D2ADA134129D:LeaderElection526] INFO  impl.RaftServerImpl (ServerState.java:setRaftConf(361)) - dcc77c7b-1d37-448d-8d57-43d254561693:group-D2ADA134129D set configuration 0: [dcc77c7b-1d37-448d-8d57-43d254561693:192.168.157.226:34527], old=null at 0
2019-09-19 14:04:54,002 [pool-58-thread-1] INFO  storage.RaftStorageDirectory (RaftStorageDirectory.java:tryLock(328)) - Lock on /workdir/hadoop-ozone/integration-test/target/test-dir/MiniOzoneClusterImpl-3b2755de-4cfe-4b43-9e0d-73dd8eda8f75/datanode-0/data/ratis/855be88d-2d3a-48f9-bb4d-7687262c50c0/in_use.lock acquired by nodename 30982@pr-hdds-1569-swxfz-3172132826
2019-09-19 14:04:54,023 | INFO  | SCMAudit | user=jenkins1000 | ip=192.168.157.226 | op=SEND_HEARTBEAT {datanodeUUID=dcc77c7b-1d37-448d-8d57-43d254561693, command=[]} | ret=SUCCESS |  
2019-09-19 14:04:54,024 [dcc77c7b-1d37-448d-8d57-43d254561693-SegmentedRaftLogWorker:Storage Directory /workdir/hadoop-ozone/integration-test/target/test-dir/MiniOzoneClusterImpl-3b2755de-4cfe-4b43-9e0d-73dd8eda8f75/datanode-0/data/ratis/85399fa0-8258-4e41-8fc3-f469cb8df69d] INFO  segmented.SegmentedRaftLogWorker (SegmentedRaftLogWorker.java:execute(569)) - dcc77c7b-1d37-448d-8d57-43d254561693-SegmentedRaftLogWorker:Storage Directory /workdir/hadoop-ozone/integration-test/target/test-dir/MiniOzoneClusterImpl-3b2755de-4cfe-4b43-9e0d-73dd8eda8f75/datanode-0/data/ratis/85399fa0-8258-4e41-8fc3-f469cb8df69d: created new log segment /workdir/hadoop-ozone/integration-test/target/test-dir/MiniOzoneClusterImpl-3b2755de-4cfe-4b43-9e0d-73dd8eda8f75/datanode-0/data/ratis/85399fa0-8258-4e41-8fc3-f469cb8df69d/current/log_inprogress_0
2019-09-19 14:04:54,024 [pool-58-thread-1] INFO  storage.RaftStorage (RaftStorage.java:format(72)) - Storage directory /workdir/hadoop-ozone/integration-test/target/test-dir/MiniOzoneClusterImpl-3b2755de-4cfe-4b43-9e0d-73dd8eda8f75/datanode-0/data/ratis/855be88d-2d3a-48f9-bb4d-7687262c50c0 has been successfully formatted.
2019-09-19 14:04:54,024 [dcc77c7b-1d37-448d-8d57-43d254561693-SegmentedRaftLogWorker:Storage Directory /workdir/hadoop-ozone/integration-test/target/test-dir/MiniOzoneClusterImpl-3b2755de-4cfe-4b43-9e0d-73dd8eda8f75/datanode-0/data/ratis/7908756f-3cd3-435f-9841-bd4390171abc] INFO  segmented.SegmentedRaftLogWorker (SegmentedRaftLogWorker.java:execute(569)) - dcc77c7b-1d37-448d-8d57-43d254561693-SegmentedRaftLogWorker:Storage Directory /workdir/hadoop-ozone/integration-test/target/test-dir/MiniOzoneClusterImpl-3b2755de-4cfe-4b43-9e0d-73dd8eda8f75/datanode-0/data/ratis/7908756f-3cd3-435f-9841-bd4390171abc: created new log segment /workdir/hadoop-ozone/integration-test/target/test-dir/MiniOzoneClusterImpl-3b2755de-4cfe-4b43-9e0d-73dd8eda8f75/datanode-0/data/ratis/7908756f-3cd3-435f-9841-bd4390171abc/current/log_inprogress_0
2019-09-19 14:04:54,025 [pool-58-thread-1] INFO  ratis.ContainerStateMachine (ContainerStateMachine.java:loadSnapshot(226)) - group-7687262C50C0: The snapshot info is null. Setting the last applied indexto:(t:0, i:~)
2019-09-19 14:04:54,025 [pool-58-thread-1] INFO  server.RaftServerConfigKeys (ConfUtils.java:logGet(43)) - raft.server.leader.election.timeout = 120s (custom)
2019-09-19 14:04:54,025 [pool-58-thread-1] INFO  server.RaftServerConfigKeys (ConfUtils.java:logGet(43)) - raft.server.log.use.memory = false (default)
2019-09-19 14:04:54,025 [pool-58-thread-1] INFO  server.RaftServerConfigKeys (ConfUtils.java:logGet(43)) - raft.server.log.purge.gap = 1000000 (custom)
2019-09-19 14:04:54,025 [pool-58-thread-1] INFO  server.RaftServerConfigKeys (ConfUtils.java:logGet(43)) - raft.server.log.appender.buffer.byte-limit = 33554432 (custom)
2019-09-19 14:04:54,025 [pool-58-thread-1] INFO  server.RaftServerConfigKeys (ConfUtils.java:logGet(43)) - raft.server.log.segment.size.max = 1048576 (custom)
2019-09-19 14:04:54,025 [pool-58-thread-1] INFO  server.RaftServerConfigKeys (ConfUtils.java:logGet(43)) - raft.server.log.segment.cache.num.max = 2 (custom)
2019-09-19 14:04:54,025 [pool-58-thread-1] INFO  segmented.SegmentedRaftLogWorker (SegmentedRaftLogWorker.java:<init>(172)) - new dcc77c7b-1d37-448d-8d57-43d254561693-SegmentedRaftLogWorker:Storage Directory /workdir/hadoop-ozone/integration-test/target/test-dir/MiniOzoneClusterImpl-3b2755de-4cfe-4b43-9e0d-73dd8eda8f75/datanode-0/data/ratis/855be88d-2d3a-48f9-bb4d-7687262c50c0 for RaftStorage:Storage Directory /workdir/hadoop-ozone/integration-test/target/test-dir/MiniOzoneClusterImpl-3b2755de-4cfe-4b43-9e0d-73dd8eda8f75/datanode-0/data/ratis/855be88d-2d3a-48f9-bb4d-7687262c50c0
2019-09-19 14:04:54,025 [pool-58-thread-1] INFO  server.RaftServerConfigKeys (ConfUtils.java:logGet(43)) - raft.server.log.queue.byte-limit = 2147483647 (custom)
2019-09-19 14:04:54,026 [pool-58-thread-1] INFO  server.RaftServerConfigKeys (ConfUtils.java:logGet(43)) - raft.server.log.queue.element-limit = 1024 (custom)
2019-09-19 14:04:54,026 [pool-58-thread-1] INFO  server.RaftServerConfigKeys (ConfUtils.java:logGet(43)) - raft.server.log.segment.size.max = 1048576 (custom)
2019-09-19 14:04:54,026 [pool-58-thread-1] INFO  server.RaftServerConfigKeys (ConfUtils.java:logGet(43)) - raft.server.log.preallocated.size = 16384 (custom)
2019-09-19 14:04:54,026 [pool-58-thread-1] INFO  server.RaftServerConfigKeys (ConfUtils.java:logGet(43)) - raft.server.log.write.buffer.size = 33554432 (custom)
2019-09-19 14:04:54,026 [pool-58-thread-1] INFO  server.RaftServerConfigKeys (ConfUtils.java:logGet(43)) - raft.server.log.force.sync.num = 128 (default)
2019-09-19 14:04:54,026 [pool-58-thread-1] INFO  server.RaftServerConfigKeys (ConfUtils.java:logGet(43)) - raft.server.log.statemachine.data.sync = true (default)
2019-09-19 14:04:54,026 [pool-58-thread-1] INFO  server.RaftServerConfigKeys (ConfUtils.java:logGet(43)) - raft.server.log.statemachine.data.sync.timeout = 10s (default)
2019-09-19 14:04:54,026 [pool-58-thread-1] INFO  server.RaftServerConfigKeys (ConfUtils.java:logGet(43)) - raft.server.log.statemachine.data.sync.timeout.retry = -1 (default)
2019-09-19 14:04:54,026 [pool-58-thread-1] INFO  server.RaftServerConfigKeys (ConfUtils.java:logGet(43)) - raft.server.log.statemachine.data.caching.enabled = true (custom)
2019-09-19 14:04:54,027 [pool-58-thread-1] INFO  segmented.SegmentedRaftLogWorker (SegmentedRaftLogWorker.java:lambda$new$0(132)) - dcc77c7b-1d37-448d-8d57-43d254561693-SegmentedRaftLogWorker:Storage Directory /workdir/hadoop-ozone/integration-test/target/test-dir/MiniOzoneClusterImpl-3b2755de-4cfe-4b43-9e0d-73dd8eda8f75/datanode-0/data/ratis/855be88d-2d3a-48f9-bb4d-7687262c50c0: flushIndex: setUnconditionally 0 -> -1
2019-09-19 14:04:54,027 [pool-58-thread-1] INFO  server.RaftServerConfigKeys (ConfUtils.java:logGet(43)) - raft.server.snapshot.auto.trigger.enabled = true (custom)
2019-09-19 14:04:54,027 [pool-58-thread-1] INFO  server.RaftServerConfigKeys (ConfUtils.java:logGet(43)) - raft.server.snapshot.auto.trigger.threshold = 1 (custom)
2019-09-19 14:04:54,027 [pool-58-thread-1] INFO  server.RaftServerConfigKeys (ConfUtils.java:logGet(43)) - raft.server.retrycache.expirytime = 600000ms (custom)
2019-09-19 14:04:54,027 [pool-58-thread-1] INFO  impl.RaftServerImpl (RaftServerImpl.java:start(180)) - dcc77c7b-1d37-448d-8d57-43d254561693: start group-7687262C50C0
2019-09-19 14:04:54,027 [pool-58-thread-1] INFO  impl.RaftServerImpl (RaftServerImpl.java:setRole(171)) - dcc77c7b-1d37-448d-8d57-43d254561693:group-7687262C50C0 changes role from null to FOLLOWER at term 0 for startAsFollower
2019-09-19 14:04:54,028 [pool-58-thread-1] INFO  impl.RoleInfo (RoleInfo.java:updateAndGet(143)) - dcc77c7b-1d37-448d-8d57-43d254561693: start FollowerState
2019-09-19 14:04:54,028 [pool-58-thread-1] INFO  util.JmxRegister (JmxRegister.java:tryRegister(44)) - Successfully registered JMX Bean with object name Ratis:service=RaftServer,group=group-7687262C50C0,id=dcc77c7b-1d37-448d-8d57-43d254561693
2019-09-19 14:04:54,029 [RatisPipelineUtilsThread] INFO  pipeline.PipelineStateManager (PipelineStateManager.java:addPipeline(56)) - Created pipeline Pipeline[ Id: 855be88d-2d3a-48f9-bb4d-7687262c50c0, Nodes: dcc77c7b-1d37-448d-8d57-43d254561693{ip: 192.168.157.226, host: pr-hdds-1569-swxfz-3172132826, networkLocation: /default-rack, certSerialId: null}, Type:RATIS, Factor:ONE, State:OPEN]
2019-09-19 14:04:54,032 [grpc-default-executor-1] INFO  impl.RaftServerProxy (RaftServerProxy.java:addNew(89)) - dcc77c7b-1d37-448d-8d57-43d254561693: addNew group-9D703827DFCE:[dcc77c7b-1d37-448d-8d57-43d254561693:192.168.157.226:34527] returns group-9D703827DFCE:java.util.concurrent.CompletableFuture@783918a5[Not completed]
2019-09-19 14:04:54,032 [pool-58-thread-1] INFO  impl.RaftServerImpl (RaftServerImpl.java:<init>(93)) - dcc77c7b-1d37-448d-8d57-43d254561693: new RaftServerImpl for group-9D703827DFCE:[dcc77c7b-1d37-448d-8d57-43d254561693:192.168.157.226:34527] with ContainerStateMachine:uninitialized
2019-09-19 14:04:54,032 [pool-58-thread-1] INFO  server.RaftServerConfigKeys (ConfUtils.java:logGet(43)) - raft.server.rpc.timeout.min = 5s (custom)
2019-09-19 14:04:54,032 [pool-58-thread-1] INFO  server.RaftServerConfigKeys (ConfUtils.java:logGet(43)) - raft.server.rpc.timeout.max = 5200ms (custom)
2019-09-19 14:04:54,032 [pool-58-thread-1] INFO  server.RaftServerConfigKeys (ConfUtils.java:logGet(43)) - raft.server.rpcslowness.timeout = 120s (custom)
2019-09-19 14:04:54,032 [pool-58-thread-1] INFO  server.RaftServerConfigKeys (ConfUtils.java:logGet(43)) - raft.server.sleep.deviation.threshold = 300 (default)
2019-09-19 14:04:54,032 [pool-58-thread-1] INFO  server.RaftServerConfigKeys (ConfUtils.java:logGet(43)) - raft.server.log.appender.install.snapshot.enabled = false (custom)
2019-09-19 14:04:54,032 [pool-58-thread-1] INFO  impl.RaftServerImpl (ServerState.java:<init>(105)) - dcc77c7b-1d37-448d-8d57-43d254561693:group-9D703827DFCE ConfigurationManager, init=-1: [dcc77c7b-1d37-448d-8d57-43d254561693:192.168.157.226:34527], old=null, confs=<EMPTY_MAP>
2019-09-19 14:04:54,032 [pool-58-thread-1] INFO  server.RaftServerConfigKeys (ConfUtils.java:logGet(43)) - raft.server.storage.dir = [/workdir/hadoop-ozone/integration-test/target/test-dir/MiniOzoneClusterImpl-3b2755de-4cfe-4b43-9e0d-73dd8eda8f75/datanode-0/data/ratis] (custom)
2019-09-19 14:04:54,033 [pool-58-thread-1] INFO  storage.RaftStorageDirectory (RaftStorageDirectory.java:analyzeStorage(246)) - The storage directory /workdir/hadoop-ozone/integration-test/target/test-dir/MiniOzoneClusterImpl-3b2755de-4cfe-4b43-9e0d-73dd8eda8f75/datanode-0/data/ratis/db4579a6-828d-4b84-b871-9d703827dfce does not exist. Creating ...
2019-09-19 14:04:54,038 [dcc77c7b-1d37-448d-8d57-43d254561693-SegmentedRaftLogWorker:Storage Directory /workdir/hadoop-ozone/integration-test/target/test-dir/MiniOzoneClusterImpl-3b2755de-4cfe-4b43-9e0d-73dd8eda8f75/datanode-0/data/ratis/8dbf4157-8d3d-4c80-8807-342b535537c4] INFO  segmented.SegmentedRaftLogWorker (SegmentedRaftLogWorker.java:execute(569)) - dcc77c7b-1d37-448d-8d57-43d254561693-SegmentedRaftLogWorker:Storage Directory /workdir/hadoop-ozone/integration-test/target/test-dir/MiniOzoneClusterImpl-3b2755de-4cfe-4b43-9e0d-73dd8eda8f75/datanode-0/data/ratis/8dbf4157-8d3d-4c80-8807-342b535537c4: created new log segment /workdir/hadoop-ozone/integration-test/target/test-dir/MiniOzoneClusterImpl-3b2755de-4cfe-4b43-9e0d-73dd8eda8f75/datanode-0/data/ratis/8dbf4157-8d3d-4c80-8807-342b535537c4/current/log_inprogress_0
2019-09-19 14:04:54,052 [dcc77c7b-1d37-448d-8d57-43d254561693-SegmentedRaftLogWorker:Storage Directory /workdir/hadoop-ozone/integration-test/target/test-dir/MiniOzoneClusterImpl-3b2755de-4cfe-4b43-9e0d-73dd8eda8f75/datanode-0/data/ratis/99558614-031f-425e-9c6a-d2ada134129d] INFO  segmented.SegmentedRaftLogWorker (SegmentedRaftLogWorker.java:execute(569)) - dcc77c7b-1d37-448d-8d57-43d254561693-SegmentedRaftLogWorker:Storage Directory /workdir/hadoop-ozone/integration-test/target/test-dir/MiniOzoneClusterImpl-3b2755de-4cfe-4b43-9e0d-73dd8eda8f75/datanode-0/data/ratis/99558614-031f-425e-9c6a-d2ada134129d: created new log segment /workdir/hadoop-ozone/integration-test/target/test-dir/MiniOzoneClusterImpl-3b2755de-4cfe-4b43-9e0d-73dd8eda8f75/datanode-0/data/ratis/99558614-031f-425e-9c6a-d2ada134129d/current/log_inprogress_0
2019-09-19 14:04:54,052 [pool-58-thread-1] INFO  storage.RaftStorageDirectory (RaftStorageDirectory.java:tryLock(328)) - Lock on /workdir/hadoop-ozone/integration-test/target/test-dir/MiniOzoneClusterImpl-3b2755de-4cfe-4b43-9e0d-73dd8eda8f75/datanode-0/data/ratis/db4579a6-828d-4b84-b871-9d703827dfce/in_use.lock acquired by nodename 30982@pr-hdds-1569-swxfz-3172132826
2019-09-19 14:04:54,067 [pool-58-thread-1] INFO  storage.RaftStorage (RaftStorage.java:format(72)) - Storage directory /workdir/hadoop-ozone/integration-test/target/test-dir/MiniOzoneClusterImpl-3b2755de-4cfe-4b43-9e0d-73dd8eda8f75/datanode-0/data/ratis/db4579a6-828d-4b84-b871-9d703827dfce has been successfully formatted.
2019-09-19 14:04:54,068 [pool-58-thread-1] INFO  ratis.ContainerStateMachine (ContainerStateMachine.java:loadSnapshot(226)) - group-9D703827DFCE: The snapshot info is null. Setting the last applied indexto:(t:0, i:~)
2019-09-19 14:04:54,068 [pool-58-thread-1] INFO  server.RaftServerConfigKeys (ConfUtils.java:logGet(43)) - raft.server.leader.election.timeout = 120s (custom)
2019-09-19 14:04:54,068 [pool-58-thread-1] INFO  server.RaftServerConfigKeys (ConfUtils.java:logGet(43)) - raft.server.log.use.memory = false (default)
2019-09-19 14:04:54,068 [pool-58-thread-1] INFO  server.RaftServerConfigKeys (ConfUtils.java:logGet(43)) - raft.server.log.purge.gap = 1000000 (custom)
2019-09-19 14:04:54,068 [pool-58-thread-1] INFO  server.RaftServerConfigKeys (ConfUtils.java:logGet(43)) - raft.server.log.appender.buffer.byte-limit = 33554432 (custom)
2019-09-19 14:04:54,068 [pool-58-thread-1] INFO  server.RaftServerConfigKeys (ConfUtils.java:logGet(43)) - raft.server.log.segment.size.max = 1048576 (custom)
2019-09-19 14:04:54,068 [pool-58-thread-1] INFO  server.RaftServerConfigKeys (ConfUtils.java:logGet(43)) - raft.server.log.segment.cache.num.max = 2 (custom)
2019-09-19 14:04:54,068 [pool-58-thread-1] INFO  segmented.SegmentedRaftLogWorker (SegmentedRaftLogWorker.java:<init>(172)) - new dcc77c7b-1d37-448d-8d57-43d254561693-SegmentedRaftLogWorker:Storage Directory /workdir/hadoop-ozone/integration-test/target/test-dir/MiniOzoneClusterImpl-3b2755de-4cfe-4b43-9e0d-73dd8eda8f75/datanode-0/data/ratis/db4579a6-828d-4b84-b871-9d703827dfce for RaftStorage:Storage Directory /workdir/hadoop-ozone/integration-test/target/test-dir/MiniOzoneClusterImpl-3b2755de-4cfe-4b43-9e0d-73dd8eda8f75/datanode-0/data/ratis/db4579a6-828d-4b84-b871-9d703827dfce
2019-09-19 14:04:54,068 [pool-58-thread-1] INFO  server.RaftServerConfigKeys (ConfUtils.java:logGet(43)) - raft.server.log.queue.byte-limit = 2147483647 (custom)
2019-09-19 14:04:54,068 [pool-58-thread-1] INFO  server.RaftServerConfigKeys (ConfUtils.java:logGet(43)) - raft.server.log.queue.element-limit = 1024 (custom)
2019-09-19 14:04:54,069 [pool-58-thread-1] INFO  server.RaftServerConfigKeys (ConfUtils.java:logGet(43)) - raft.server.log.segment.size.max = 1048576 (custom)
2019-09-19 14:04:54,069 [pool-58-thread-1] INFO  server.RaftServerConfigKeys (ConfUtils.java:logGet(43)) - raft.server.log.preallocated.size = 16384 (custom)
2019-09-19 14:04:54,069 [pool-58-thread-1] INFO  server.RaftServerConfigKeys (ConfUtils.java:logGet(43)) - raft.server.log.write.buffer.size = 33554432 (custom)
2019-09-19 14:04:54,069 [pool-58-thread-1] INFO  server.RaftServerConfigKeys (ConfUtils.java:logGet(43)) - raft.server.log.force.sync.num = 128 (default)
2019-09-19 14:04:54,069 [pool-58-thread-1] INFO  server.RaftServerConfigKeys (ConfUtils.java:logGet(43)) - raft.server.log.statemachine.data.sync = true (default)
2019-09-19 14:04:54,069 [pool-58-thread-1] INFO  server.RaftServerConfigKeys (ConfUtils.java:logGet(43)) - raft.server.log.statemachine.data.sync.timeout = 10s (default)
2019-09-19 14:04:54,069 [pool-58-thread-1] INFO  server.RaftServerConfigKeys (ConfUtils.java:logGet(43)) - raft.server.log.statemachine.data.sync.timeout.retry = -1 (default)
2019-09-19 14:04:54,069 [pool-58-thread-1] INFO  server.RaftServerConfigKeys (ConfUtils.java:logGet(43)) - raft.server.log.statemachine.data.caching.enabled = true (custom)
2019-09-19 14:04:54,069 [pool-58-thread-1] INFO  segmented.SegmentedRaftLogWorker (SegmentedRaftLogWorker.java:lambda$new$0(132)) - dcc77c7b-1d37-448d-8d57-43d254561693-SegmentedRaftLogWorker:Storage Directory /workdir/hadoop-ozone/integration-test/target/test-dir/MiniOzoneClusterImpl-3b2755de-4cfe-4b43-9e0d-73dd8eda8f75/datanode-0/data/ratis/db4579a6-828d-4b84-b871-9d703827dfce: flushIndex: setUnconditionally 0 -> -1
2019-09-19 14:04:54,070 [pool-58-thread-1] INFO  server.RaftServerConfigKeys (ConfUtils.java:logGet(43)) - raft.server.snapshot.auto.trigger.enabled = true (custom)
2019-09-19 14:04:54,070 [pool-58-thread-1] INFO  server.RaftServerConfigKeys (ConfUtils.java:logGet(43)) - raft.server.snapshot.auto.trigger.threshold = 1 (custom)
2019-09-19 14:04:54,070 [pool-58-thread-1] INFO  server.RaftServerConfigKeys (ConfUtils.java:logGet(43)) - raft.server.retrycache.expirytime = 600000ms (custom)
2019-09-19 14:04:54,070 [pool-58-thread-1] INFO  impl.RaftServerImpl (RaftServerImpl.java:start(180)) - dcc77c7b-1d37-448d-8d57-43d254561693: start group-9D703827DFCE
2019-09-19 14:04:54,070 [pool-58-thread-1] INFO  impl.RaftServerImpl (RaftServerImpl.java:setRole(171)) - dcc77c7b-1d37-448d-8d57-43d254561693:group-9D703827DFCE changes role from null to FOLLOWER at term 0 for startAsFollower
2019-09-19 14:04:54,070 [pool-58-thread-1] INFO  impl.RoleInfo (RoleInfo.java:updateAndGet(143)) - dcc77c7b-1d37-448d-8d57-43d254561693: start FollowerState
2019-09-19 14:04:54,070 [pool-58-thread-1] INFO  util.JmxRegister (JmxRegister.java:tryRegister(44)) - Successfully registered JMX Bean with object name Ratis:service=RaftServer,group=group-9D703827DFCE,id=dcc77c7b-1d37-448d-8d57-43d254561693
2019-09-19 14:04:54,072 [RatisPipelineUtilsThread] INFO  pipeline.PipelineStateManager (PipelineStateManager.java:addPipeline(56)) - Created pipeline Pipeline[ Id: db4579a6-828d-4b84-b871-9d703827dfce, Nodes: dcc77c7b-1d37-448d-8d57-43d254561693{ip: 192.168.157.226, host: pr-hdds-1569-swxfz-3172132826, networkLocation: /default-rack, certSerialId: null}, Type:RATIS, Factor:ONE, State:OPEN]
2019-09-19 14:04:54,074 [grpc-default-executor-1] INFO  impl.RaftServerProxy (RaftServerProxy.java:addNew(89)) - dcc77c7b-1d37-448d-8d57-43d254561693: addNew group-9200CAEB600D:[dcc77c7b-1d37-448d-8d57-43d254561693:192.168.157.226:34527] returns group-9200CAEB600D:java.util.concurrent.CompletableFuture@6c8660e8[Not completed]
2019-09-19 14:04:54,075 [pool-58-thread-1] INFO  impl.RaftServerImpl (RaftServerImpl.java:<init>(93)) - dcc77c7b-1d37-448d-8d57-43d254561693: new RaftServerImpl for group-9200CAEB600D:[dcc77c7b-1d37-448d-8d57-43d254561693:192.168.157.226:34527] with ContainerStateMachine:uninitialized
2019-09-19 14:04:54,075 [pool-58-thread-1] INFO  server.RaftServerConfigKeys (ConfUtils.java:logGet(43)) - raft.server.rpc.timeout.min = 5s (custom)
2019-09-19 14:04:54,075 [pool-58-thread-1] INFO  server.RaftServerConfigKeys (ConfUtils.java:logGet(43)) - raft.server.rpc.timeout.max = 5200ms (custom)
2019-09-19 14:04:54,075 [pool-58-thread-1] INFO  server.RaftServerConfigKeys (ConfUtils.java:logGet(43)) - raft.server.rpcslowness.timeout = 120s (custom)
2019-09-19 14:04:54,075 [pool-58-thread-1] INFO  server.RaftServerConfigKeys (ConfUtils.java:logGet(43)) - raft.server.sleep.deviation.threshold = 300 (default)
2019-09-19 14:04:54,075 [pool-58-thread-1] INFO  server.RaftServerConfigKeys (ConfUtils.java:logGet(43)) - raft.server.log.appender.install.snapshot.enabled = false (custom)
2019-09-19 14:04:54,075 [pool-58-thread-1] INFO  impl.RaftServerImpl (ServerState.java:<init>(105)) - dcc77c7b-1d37-448d-8d57-43d254561693:group-9200CAEB600D ConfigurationManager, init=-1: [dcc77c7b-1d37-448d-8d57-43d254561693:192.168.157.226:34527], old=null, confs=<EMPTY_MAP>
2019-09-19 14:04:54,075 [pool-58-thread-1] INFO  server.RaftServerConfigKeys (ConfUtils.java:logGet(43)) - raft.server.storage.dir = [/workdir/hadoop-ozone/integration-test/target/test-dir/MiniOzoneClusterImpl-3b2755de-4cfe-4b43-9e0d-73dd8eda8f75/datanode-0/data/ratis] (custom)
2019-09-19 14:04:54,076 [pool-58-thread-1] INFO  storage.RaftStorageDirectory (RaftStorageDirectory.java:analyzeStorage(246)) - The storage directory /workdir/hadoop-ozone/integration-test/target/test-dir/MiniOzoneClusterImpl-3b2755de-4cfe-4b43-9e0d-73dd8eda8f75/datanode-0/data/ratis/21b2868e-00d0-4f91-b6b1-9200caeb600d does not exist. Creating ...
2019-09-19 14:04:54,089 [pool-58-thread-1] INFO  storage.RaftStorageDirectory (RaftStorageDirectory.java:tryLock(328)) - Lock on /workdir/hadoop-ozone/integration-test/target/test-dir/MiniOzoneClusterImpl-3b2755de-4cfe-4b43-9e0d-73dd8eda8f75/datanode-0/data/ratis/21b2868e-00d0-4f91-b6b1-9200caeb600d/in_use.lock acquired by nodename 30982@pr-hdds-1569-swxfz-3172132826
2019-09-19 14:04:54,101 [pool-58-thread-1] INFO  storage.RaftStorage (RaftStorage.java:format(72)) - Storage directory /workdir/hadoop-ozone/integration-test/target/test-dir/MiniOzoneClusterImpl-3b2755de-4cfe-4b43-9e0d-73dd8eda8f75/datanode-0/data/ratis/21b2868e-00d0-4f91-b6b1-9200caeb600d has been successfully formatted.
2019-09-19 14:04:54,102 [pool-58-thread-1] INFO  ratis.ContainerStateMachine (ContainerStateMachine.java:loadSnapshot(226)) - group-9200CAEB600D: The snapshot info is null. Setting the last applied indexto:(t:0, i:~)
2019-09-19 14:04:54,102 [pool-58-thread-1] INFO  server.RaftServerConfigKeys (ConfUtils.java:logGet(43)) - raft.server.leader.election.timeout = 120s (custom)
2019-09-19 14:04:54,102 [pool-58-thread-1] INFO  server.RaftServerConfigKeys (ConfUtils.java:logGet(43)) - raft.server.log.use.memory = false (default)
2019-09-19 14:04:54,102 [pool-58-thread-1] INFO  server.RaftServerConfigKeys (ConfUtils.java:logGet(43)) - raft.server.log.purge.gap = 1000000 (custom)
2019-09-19 14:04:54,102 [pool-58-thread-1] INFO  server.RaftServerConfigKeys (ConfUtils.java:logGet(43)) - raft.server.log.appender.buffer.byte-limit = 33554432 (custom)
2019-09-19 14:04:54,102 [pool-58-thread-1] INFO  server.RaftServerConfigKeys (ConfUtils.java:logGet(43)) - raft.server.log.segment.size.max = 1048576 (custom)
2019-09-19 14:04:54,102 [pool-58-thread-1] INFO  server.RaftServerConfigKeys (ConfUtils.java:logGet(43)) - raft.server.log.segment.cache.num.max = 2 (custom)
2019-09-19 14:04:54,102 [pool-58-thread-1] INFO  segmented.SegmentedRaftLogWorker (SegmentedRaftLogWorker.java:<init>(172)) - new dcc77c7b-1d37-448d-8d57-43d254561693-SegmentedRaftLogWorker:Storage Directory /workdir/hadoop-ozone/integration-test/target/test-dir/MiniOzoneClusterImpl-3b2755de-4cfe-4b43-9e0d-73dd8eda8f75/datanode-0/data/ratis/21b2868e-00d0-4f91-b6b1-9200caeb600d for RaftStorage:Storage Directory /workdir/hadoop-ozone/integration-test/target/test-dir/MiniOzoneClusterImpl-3b2755de-4cfe-4b43-9e0d-73dd8eda8f75/datanode-0/data/ratis/21b2868e-00d0-4f91-b6b1-9200caeb600d
2019-09-19 14:04:54,102 [pool-58-thread-1] INFO  server.RaftServerConfigKeys (ConfUtils.java:logGet(43)) - raft.server.log.queue.byte-limit = 2147483647 (custom)
2019-09-19 14:04:54,103 [pool-58-thread-1] INFO  server.RaftServerConfigKeys (ConfUtils.java:logGet(43)) - raft.server.log.queue.element-limit = 1024 (custom)
2019-09-19 14:04:54,103 [pool-58-thread-1] INFO  server.RaftServerConfigKeys (ConfUtils.java:logGet(43)) - raft.server.log.segment.size.max = 1048576 (custom)
2019-09-19 14:04:54,103 [pool-58-thread-1] INFO  server.RaftServerConfigKeys (ConfUtils.java:logGet(43)) - raft.server.log.preallocated.size = 16384 (custom)
2019-09-19 14:04:54,103 [pool-58-thread-1] INFO  server.RaftServerConfigKeys (ConfUtils.java:logGet(43)) - raft.server.log.write.buffer.size = 33554432 (custom)
2019-09-19 14:04:54,103 [pool-58-thread-1] INFO  server.RaftServerConfigKeys (ConfUtils.java:logGet(43)) - raft.server.log.force.sync.num = 128 (default)
2019-09-19 14:04:54,103 [pool-58-thread-1] INFO  server.RaftServerConfigKeys (ConfUtils.java:logGet(43)) - raft.server.log.statemachine.data.sync = true (default)
2019-09-19 14:04:54,103 [pool-58-thread-1] INFO  server.RaftServerConfigKeys (ConfUtils.java:logGet(43)) - raft.server.log.statemachine.data.sync.timeout = 10s (default)
2019-09-19 14:04:54,103 [pool-58-thread-1] INFO  server.RaftServerConfigKeys (ConfUtils.java:logGet(43)) - raft.server.log.statemachine.data.sync.timeout.retry = -1 (default)
2019-09-19 14:04:54,103 [pool-58-thread-1] INFO  server.RaftServerConfigKeys (ConfUtils.java:logGet(43)) - raft.server.log.statemachine.data.caching.enabled = true (custom)
2019-09-19 14:04:54,104 [pool-58-thread-1] INFO  segmented.SegmentedRaftLogWorker (SegmentedRaftLogWorker.java:lambda$new$0(132)) - dcc77c7b-1d37-448d-8d57-43d254561693-SegmentedRaftLogWorker:Storage Directory /workdir/hadoop-ozone/integration-test/target/test-dir/MiniOzoneClusterImpl-3b2755de-4cfe-4b43-9e0d-73dd8eda8f75/datanode-0/data/ratis/21b2868e-00d0-4f91-b6b1-9200caeb600d: flushIndex: setUnconditionally 0 -> -1
2019-09-19 14:04:54,104 [pool-58-thread-1] INFO  server.RaftServerConfigKeys (ConfUtils.java:logGet(43)) - raft.server.snapshot.auto.trigger.enabled = true (custom)
2019-09-19 14:04:54,104 [pool-58-thread-1] INFO  server.RaftServerConfigKeys (ConfUtils.java:logGet(43)) - raft.server.snapshot.auto.trigger.threshold = 1 (custom)
2019-09-19 14:04:54,104 [pool-58-thread-1] INFO  server.RaftServerConfigKeys (ConfUtils.java:logGet(43)) - raft.server.retrycache.expirytime = 600000ms (custom)
2019-09-19 14:04:54,104 [pool-58-thread-1] INFO  impl.RaftServerImpl (RaftServerImpl.java:start(180)) - dcc77c7b-1d37-448d-8d57-43d254561693: start group-9200CAEB600D
2019-09-19 14:04:54,104 [pool-58-thread-1] INFO  impl.RaftServerImpl (RaftServerImpl.java:setRole(171)) - dcc77c7b-1d37-448d-8d57-43d254561693:group-9200CAEB600D changes role from null to FOLLOWER at term 0 for startAsFollower
2019-09-19 14:04:54,104 [pool-58-thread-1] INFO  impl.RoleInfo (RoleInfo.java:updateAndGet(143)) - dcc77c7b-1d37-448d-8d57-43d254561693: start FollowerState
2019-09-19 14:04:54,105 [pool-58-thread-1] INFO  util.JmxRegister (JmxRegister.java:tryRegister(44)) - Successfully registered JMX Bean with object name Ratis:service=RaftServer,group=group-9200CAEB600D,id=dcc77c7b-1d37-448d-8d57-43d254561693
2019-09-19 14:04:54,106 [RatisPipelineUtilsThread] INFO  pipeline.PipelineStateManager (PipelineStateManager.java:addPipeline(56)) - Created pipeline Pipeline[ Id: 21b2868e-00d0-4f91-b6b1-9200caeb600d, Nodes: dcc77c7b-1d37-448d-8d57-43d254561693{ip: 192.168.157.226, host: pr-hdds-1569-swxfz-3172132826, networkLocation: /default-rack, certSerialId: null}, Type:RATIS, Factor:ONE, State:OPEN]
2019-09-19 14:04:54,108 [grpc-default-executor-1] INFO  impl.RaftServerProxy (RaftServerProxy.java:addNew(89)) - dcc77c7b-1d37-448d-8d57-43d254561693: addNew group-B95710768541:[dcc77c7b-1d37-448d-8d57-43d254561693:192.168.157.226:34527] returns group-B95710768541:java.util.concurrent.CompletableFuture@11fe3456[Not completed]
2019-09-19 14:04:54,109 [pool-58-thread-1] INFO  impl.RaftServerImpl (RaftServerImpl.java:<init>(93)) - dcc77c7b-1d37-448d-8d57-43d254561693: new RaftServerImpl for group-B95710768541:[dcc77c7b-1d37-448d-8d57-43d254561693:192.168.157.226:34527] with ContainerStateMachine:uninitialized
2019-09-19 14:04:54,109 [pool-58-thread-1] INFO  server.RaftServerConfigKeys (ConfUtils.java:logGet(43)) - raft.server.rpc.timeout.min = 5s (custom)
2019-09-19 14:04:54,109 [pool-58-thread-1] INFO  server.RaftServerConfigKeys (ConfUtils.java:logGet(43)) - raft.server.rpc.timeout.max = 5200ms (custom)
2019-09-19 14:04:54,109 [pool-58-thread-1] INFO  server.RaftServerConfigKeys (ConfUtils.java:logGet(43)) - raft.server.rpcslowness.timeout = 120s (custom)
2019-09-19 14:04:54,109 [pool-58-thread-1] INFO  server.RaftServerConfigKeys (ConfUtils.java:logGet(43)) - raft.server.sleep.deviation.threshold = 300 (default)
2019-09-19 14:04:54,109 [pool-58-thread-1] INFO  server.RaftServerConfigKeys (ConfUtils.java:logGet(43)) - raft.server.log.appender.install.snapshot.enabled = false (custom)
2019-09-19 14:04:54,109 [pool-58-thread-1] INFO  impl.RaftServerImpl (ServerState.java:<init>(105)) - dcc77c7b-1d37-448d-8d57-43d254561693:group-B95710768541 ConfigurationManager, init=-1: [dcc77c7b-1d37-448d-8d57-43d254561693:192.168.157.226:34527], old=null, confs=<EMPTY_MAP>
2019-09-19 14:04:54,109 [pool-58-thread-1] INFO  server.RaftServerConfigKeys (ConfUtils.java:logGet(43)) - raft.server.storage.dir = [/workdir/hadoop-ozone/integration-test/target/test-dir/MiniOzoneClusterImpl-3b2755de-4cfe-4b43-9e0d-73dd8eda8f75/datanode-0/data/ratis] (custom)
2019-09-19 14:04:54,110 [pool-58-thread-1] INFO  storage.RaftStorageDirectory (RaftStorageDirectory.java:analyzeStorage(246)) - The storage directory /workdir/hadoop-ozone/integration-test/target/test-dir/MiniOzoneClusterImpl-3b2755de-4cfe-4b43-9e0d-73dd8eda8f75/datanode-0/data/ratis/3801067e-a2c2-48ba-a58e-b95710768541 does not exist. Creating ...
2019-09-19 14:04:54,122 [pool-58-thread-1] INFO  storage.RaftStorageDirectory (RaftStorageDirectory.java:tryLock(328)) - Lock on /workdir/hadoop-ozone/integration-test/target/test-dir/MiniOzoneClusterImpl-3b2755de-4cfe-4b43-9e0d-73dd8eda8f75/datanode-0/data/ratis/3801067e-a2c2-48ba-a58e-b95710768541/in_use.lock acquired by nodename 30982@pr-hdds-1569-swxfz-3172132826
2019-09-19 14:04:54,135 [pool-58-thread-1] INFO  storage.RaftStorage (RaftStorage.java:format(72)) - Storage directory /workdir/hadoop-ozone/integration-test/target/test-dir/MiniOzoneClusterImpl-3b2755de-4cfe-4b43-9e0d-73dd8eda8f75/datanode-0/data/ratis/3801067e-a2c2-48ba-a58e-b95710768541 has been successfully formatted.
2019-09-19 14:04:54,135 [pool-58-thread-1] INFO  ratis.ContainerStateMachine (ContainerStateMachine.java:loadSnapshot(226)) - group-B95710768541: The snapshot info is null. Setting the last applied indexto:(t:0, i:~)
2019-09-19 14:04:54,136 [pool-58-thread-1] INFO  server.RaftServerConfigKeys (ConfUtils.java:logGet(43)) - raft.server.leader.election.timeout = 120s (custom)
2019-09-19 14:04:54,136 [pool-58-thread-1] INFO  server.RaftServerConfigKeys (ConfUtils.java:logGet(43)) - raft.server.log.use.memory = false (default)
2019-09-19 14:04:54,136 [pool-58-thread-1] INFO  server.RaftServerConfigKeys (ConfUtils.java:logGet(43)) - raft.server.log.purge.gap = 1000000 (custom)
2019-09-19 14:04:54,136 [pool-58-thread-1] INFO  server.RaftServerConfigKeys (ConfUtils.java:logGet(43)) - raft.server.log.appender.buffer.byte-limit = 33554432 (custom)
2019-09-19 14:04:54,136 [pool-58-thread-1] INFO  server.RaftServerConfigKeys (ConfUtils.java:logGet(43)) - raft.server.log.segment.size.max = 1048576 (custom)
2019-09-19 14:04:54,136 [pool-58-thread-1] INFO  server.RaftServerConfigKeys (ConfUtils.java:logGet(43)) - raft.server.log.segment.cache.num.max = 2 (custom)
2019-09-19 14:04:54,136 [pool-58-thread-1] INFO  segmented.SegmentedRaftLogWorker (SegmentedRaftLogWorker.java:<init>(172)) - new dcc77c7b-1d37-448d-8d57-43d254561693-SegmentedRaftLogWorker:Storage Directory /workdir/hadoop-ozone/integration-test/target/test-dir/MiniOzoneClusterImpl-3b2755de-4cfe-4b43-9e0d-73dd8eda8f75/datanode-0/data/ratis/3801067e-a2c2-48ba-a58e-b95710768541 for RaftStorage:Storage Directory /workdir/hadoop-ozone/integration-test/target/test-dir/MiniOzoneClusterImpl-3b2755de-4cfe-4b43-9e0d-73dd8eda8f75/datanode-0/data/ratis/3801067e-a2c2-48ba-a58e-b95710768541
2019-09-19 14:04:54,136 [pool-58-thread-1] INFO  server.RaftServerConfigKeys (ConfUtils.java:logGet(43)) - raft.server.log.queue.byte-limit = 2147483647 (custom)
2019-09-19 14:04:54,137 [pool-58-thread-1] INFO  server.RaftServerConfigKeys (ConfUtils.java:logGet(43)) - raft.server.log.queue.element-limit = 1024 (custom)
2019-09-19 14:04:54,137 [pool-58-thread-1] INFO  server.RaftServerConfigKeys (ConfUtils.java:logGet(43)) - raft.server.log.segment.size.max = 1048576 (custom)
2019-09-19 14:04:54,137 [pool-58-thread-1] INFO  server.RaftServerConfigKeys (ConfUtils.java:logGet(43)) - raft.server.log.preallocated.size = 16384 (custom)
2019-09-19 14:04:54,137 [pool-58-thread-1] INFO  server.RaftServerConfigKeys (ConfUtils.java:logGet(43)) - raft.server.log.write.buffer.size = 33554432 (custom)
2019-09-19 14:04:54,137 [pool-58-thread-1] INFO  server.RaftServerConfigKeys (ConfUtils.java:logGet(43)) - raft.server.log.force.sync.num = 128 (default)
2019-09-19 14:04:54,137 [pool-58-thread-1] INFO  server.RaftServerConfigKeys (ConfUtils.java:logGet(43)) - raft.server.log.statemachine.data.sync = true (default)
2019-09-19 14:04:54,137 [pool-58-thread-1] INFO  server.RaftServerConfigKeys (ConfUtils.java:logGet(43)) - raft.server.log.statemachine.data.sync.timeout = 10s (default)
2019-09-19 14:04:54,137 [pool-58-thread-1] INFO  server.RaftServerConfigKeys (ConfUtils.java:logGet(43)) - raft.server.log.statemachine.data.sync.timeout.retry = -1 (default)
2019-09-19 14:04:54,137 [pool-58-thread-1] INFO  server.RaftServerConfigKeys (ConfUtils.java:logGet(43)) - raft.server.log.statemachine.data.caching.enabled = true (custom)
2019-09-19 14:04:54,138 [pool-58-thread-1] INFO  segmented.SegmentedRaftLogWorker (SegmentedRaftLogWorker.java:lambda$new$0(132)) - dcc77c7b-1d37-448d-8d57-43d254561693-SegmentedRaftLogWorker:Storage Directory /workdir/hadoop-ozone/integration-test/target/test-dir/MiniOzoneClusterImpl-3b2755de-4cfe-4b43-9e0d-73dd8eda8f75/datanode-0/data/ratis/3801067e-a2c2-48ba-a58e-b95710768541: flushIndex: setUnconditionally 0 -> -1
2019-09-19 14:04:54,138 [pool-58-thread-1] INFO  server.RaftServerConfigKeys (ConfUtils.java:logGet(43)) - raft.server.snapshot.auto.trigger.enabled = true (custom)
2019-09-19 14:04:54,138 [pool-58-thread-1] INFO  server.RaftServerConfigKeys (ConfUtils.java:logGet(43)) - raft.server.snapshot.auto.trigger.threshold = 1 (custom)
2019-09-19 14:04:54,138 [pool-58-thread-1] INFO  server.RaftServerConfigKeys (ConfUtils.java:logGet(43)) - raft.server.retrycache.expirytime = 600000ms (custom)
2019-09-19 14:04:54,138 [pool-58-thread-1] INFO  impl.RaftServerImpl (RaftServerImpl.java:start(180)) - dcc77c7b-1d37-448d-8d57-43d254561693: start group-B95710768541
2019-09-19 14:04:54,138 [pool-58-thread-1] INFO  impl.RaftServerImpl (RaftServerImpl.java:setRole(171)) - dcc77c7b-1d37-448d-8d57-43d254561693:group-B95710768541 changes role from null to FOLLOWER at term 0 for startAsFollower
2019-09-19 14:04:54,138 [pool-58-thread-1] INFO  impl.RoleInfo (RoleInfo.java:updateAndGet(143)) - dcc77c7b-1d37-448d-8d57-43d254561693: start FollowerState
2019-09-19 14:04:54,139 [pool-58-thread-1] INFO  util.JmxRegister (JmxRegister.java:tryRegister(44)) - Successfully registered JMX Bean with object name Ratis:service=RaftServer,group=group-B95710768541,id=dcc77c7b-1d37-448d-8d57-43d254561693
2019-09-19 14:04:54,140 [RatisPipelineUtilsThread] INFO  pipeline.PipelineStateManager (PipelineStateManager.java:addPipeline(56)) - Created pipeline Pipeline[ Id: 3801067e-a2c2-48ba-a58e-b95710768541, Nodes: dcc77c7b-1d37-448d-8d57-43d254561693{ip: 192.168.157.226, host: pr-hdds-1569-swxfz-3172132826, networkLocation: /default-rack, certSerialId: null}, Type:RATIS, Factor:ONE, State:OPEN]
2019-09-19 14:04:54,142 [grpc-default-executor-1] INFO  impl.RaftServerProxy (RaftServerProxy.java:addNew(89)) - dcc77c7b-1d37-448d-8d57-43d254561693: addNew group-98785DA6C0F7:[dcc77c7b-1d37-448d-8d57-43d254561693:192.168.157.226:34527] returns group-98785DA6C0F7:java.util.concurrent.CompletableFuture@1d918150[Not completed]
2019-09-19 14:04:54,143 [pool-58-thread-1] INFO  impl.RaftServerImpl (RaftServerImpl.java:<init>(93)) - dcc77c7b-1d37-448d-8d57-43d254561693: new RaftServerImpl for group-98785DA6C0F7:[dcc77c7b-1d37-448d-8d57-43d254561693:192.168.157.226:34527] with ContainerStateMachine:uninitialized
2019-09-19 14:04:54,143 [pool-58-thread-1] INFO  server.RaftServerConfigKeys (ConfUtils.java:logGet(43)) - raft.server.rpc.timeout.min = 5s (custom)
2019-09-19 14:04:54,143 [pool-58-thread-1] INFO  server.RaftServerConfigKeys (ConfUtils.java:logGet(43)) - raft.server.rpc.timeout.max = 5200ms (custom)
2019-09-19 14:04:54,143 [pool-58-thread-1] INFO  server.RaftServerConfigKeys (ConfUtils.java:logGet(43)) - raft.server.rpcslowness.timeout = 120s (custom)
2019-09-19 14:04:54,143 [pool-58-thread-1] INFO  server.RaftServerConfigKeys (ConfUtils.java:logGet(43)) - raft.server.sleep.deviation.threshold = 300 (default)
2019-09-19 14:04:54,143 [pool-58-thread-1] INFO  server.RaftServerConfigKeys (ConfUtils.java:logGet(43)) - raft.server.log.appender.install.snapshot.enabled = false (custom)
2019-09-19 14:04:54,144 [pool-58-thread-1] INFO  impl.RaftServerImpl (ServerState.java:<init>(105)) - dcc77c7b-1d37-448d-8d57-43d254561693:group-98785DA6C0F7 ConfigurationManager, init=-1: [dcc77c7b-1d37-448d-8d57-43d254561693:192.168.157.226:34527], old=null, confs=<EMPTY_MAP>
2019-09-19 14:04:54,144 [pool-58-thread-1] INFO  server.RaftServerConfigKeys (ConfUtils.java:logGet(43)) - raft.server.storage.dir = [/workdir/hadoop-ozone/integration-test/target/test-dir/MiniOzoneClusterImpl-3b2755de-4cfe-4b43-9e0d-73dd8eda8f75/datanode-0/data/ratis] (custom)
2019-09-19 14:04:54,144 [pool-58-thread-1] INFO  storage.RaftStorageDirectory (RaftStorageDirectory.java:analyzeStorage(246)) - The storage directory /workdir/hadoop-ozone/integration-test/target/test-dir/MiniOzoneClusterImpl-3b2755de-4cfe-4b43-9e0d-73dd8eda8f75/datanode-0/data/ratis/2be31f40-106f-429a-9838-98785da6c0f7 does not exist. Creating ...
2019-09-19 14:04:54,157 [pool-58-thread-1] INFO  storage.RaftStorageDirectory (RaftStorageDirectory.java:tryLock(328)) - Lock on /workdir/hadoop-ozone/integration-test/target/test-dir/MiniOzoneClusterImpl-3b2755de-4cfe-4b43-9e0d-73dd8eda8f75/datanode-0/data/ratis/2be31f40-106f-429a-9838-98785da6c0f7/in_use.lock acquired by nodename 30982@pr-hdds-1569-swxfz-3172132826
2019-09-19 14:04:54,167 [Thread-4028] INFO  impl.FollowerState (FollowerState.java:run(106)) - dcc77c7b-1d37-448d-8d57-43d254561693:group-877E2A163EF6 changes to CANDIDATE, lastRpcTime:5135, electionTimeout:5135ms
2019-09-19 14:04:54,167 [Thread-4028] INFO  impl.RoleInfo (RoleInfo.java:shutdownFollowerState(121)) - dcc77c7b-1d37-448d-8d57-43d254561693: shutdown FollowerState
2019-09-19 14:04:54,168 [Thread-4028] INFO  impl.RaftServerImpl (RaftServerImpl.java:setRole(171)) - dcc77c7b-1d37-448d-8d57-43d254561693:group-877E2A163EF6 changes role from FOLLOWER to CANDIDATE at term 0 for changeToCandidate
2019-09-19 14:04:54,168 [Thread-4028] INFO  impl.RoleInfo (RoleInfo.java:updateAndGet(143)) - dcc77c7b-1d37-448d-8d57-43d254561693: start LeaderElection
2019-09-19 14:04:54,171 [pool-58-thread-1] INFO  storage.RaftStorage (RaftStorage.java:format(72)) - Storage directory /workdir/hadoop-ozone/integration-test/target/test-dir/MiniOzoneClusterImpl-3b2755de-4cfe-4b43-9e0d-73dd8eda8f75/datanode-0/data/ratis/2be31f40-106f-429a-9838-98785da6c0f7 has been successfully formatted.
2019-09-19 14:04:54,171 [pool-58-thread-1] INFO  ratis.ContainerStateMachine (ContainerStateMachine.java:loadSnapshot(226)) - group-98785DA6C0F7: The snapshot info is null. Setting the last applied indexto:(t:0, i:~)
2019-09-19 14:04:54,171 [pool-58-thread-1] INFO  server.RaftServerConfigKeys (ConfUtils.java:logGet(43)) - raft.server.leader.election.timeout = 120s (custom)
2019-09-19 14:04:54,171 [pool-58-thread-1] INFO  server.RaftServerConfigKeys (ConfUtils.java:logGet(43)) - raft.server.log.use.memory = false (default)
2019-09-19 14:04:54,172 [pool-58-thread-1] INFO  server.RaftServerConfigKeys (ConfUtils.java:logGet(43)) - raft.server.log.purge.gap = 1000000 (custom)
2019-09-19 14:04:54,172 [pool-58-thread-1] INFO  server.RaftServerConfigKeys (ConfUtils.java:logGet(43)) - raft.server.log.appender.buffer.byte-limit = 33554432 (custom)
2019-09-19 14:04:54,172 [pool-58-thread-1] INFO  server.RaftServerConfigKeys (ConfUtils.java:logGet(43)) - raft.server.log.segment.size.max = 1048576 (custom)
2019-09-19 14:04:54,172 [pool-58-thread-1] INFO  server.RaftServerConfigKeys (ConfUtils.java:logGet(43)) - raft.server.log.segment.cache.num.max = 2 (custom)
2019-09-19 14:04:54,172 [pool-58-thread-1] INFO  segmented.SegmentedRaftLogWorker (SegmentedRaftLogWorker.java:<init>(172)) - new dcc77c7b-1d37-448d-8d57-43d254561693-SegmentedRaftLogWorker:Storage Directory /workdir/hadoop-ozone/integration-test/target/test-dir/MiniOzoneClusterImpl-3b2755de-4cfe-4b43-9e0d-73dd8eda8f75/datanode-0/data/ratis/2be31f40-106f-429a-9838-98785da6c0f7 for RaftStorage:Storage Directory /workdir/hadoop-ozone/integration-test/target/test-dir/MiniOzoneClusterImpl-3b2755de-4cfe-4b43-9e0d-73dd8eda8f75/datanode-0/data/ratis/2be31f40-106f-429a-9838-98785da6c0f7
2019-09-19 14:04:54,172 [pool-58-thread-1] INFO  server.RaftServerConfigKeys (ConfUtils.java:logGet(43)) - raft.server.log.queue.byte-limit = 2147483647 (custom)
2019-09-19 14:04:54,172 [pool-58-thread-1] INFO  server.RaftServerConfigKeys (ConfUtils.java:logGet(43)) - raft.server.log.queue.element-limit = 1024 (custom)
2019-09-19 14:04:54,172 [pool-58-thread-1] INFO  server.RaftServerConfigKeys (ConfUtils.java:logGet(43)) - raft.server.log.segment.size.max = 1048576 (custom)
2019-09-19 14:04:54,172 [pool-58-thread-1] INFO  server.RaftServerConfigKeys (ConfUtils.java:logGet(43)) - raft.server.log.preallocated.size = 16384 (custom)
2019-09-19 14:04:54,173 [pool-58-thread-1] INFO  server.RaftServerConfigKeys (ConfUtils.java:logGet(43)) - raft.server.log.write.buffer.size = 33554432 (custom)
2019-09-19 14:04:54,173 [pool-58-thread-1] INFO  server.RaftServerConfigKeys (ConfUtils.java:logGet(43)) - raft.server.log.force.sync.num = 128 (default)
2019-09-19 14:04:54,173 [pool-58-thread-1] INFO  server.RaftServerConfigKeys (ConfUtils.java:logGet(43)) - raft.server.log.statemachine.data.sync = true (default)
2019-09-19 14:04:54,173 [pool-58-thread-1] INFO  server.RaftServerConfigKeys (ConfUtils.java:logGet(43)) - raft.server.log.statemachine.data.sync.timeout = 10s (default)
2019-09-19 14:04:54,173 [pool-58-thread-1] INFO  server.RaftServerConfigKeys (ConfUtils.java:logGet(43)) - raft.server.log.statemachine.data.sync.timeout.retry = -1 (default)
2019-09-19 14:04:54,173 [pool-58-thread-1] INFO  server.RaftServerConfigKeys (ConfUtils.java:logGet(43)) - raft.server.log.statemachine.data.caching.enabled = true (custom)
2019-09-19 14:04:54,173 [pool-58-thread-1] INFO  segmented.SegmentedRaftLogWorker (SegmentedRaftLogWorker.java:lambda$new$0(132)) - dcc77c7b-1d37-448d-8d57-43d254561693-SegmentedRaftLogWorker:Storage Directory /workdir/hadoop-ozone/integration-test/target/test-dir/MiniOzoneClusterImpl-3b2755de-4cfe-4b43-9e0d-73dd8eda8f75/datanode-0/data/ratis/2be31f40-106f-429a-9838-98785da6c0f7: flushIndex: setUnconditionally 0 -> -1
2019-09-19 14:04:54,173 [pool-58-thread-1] INFO  server.RaftServerConfigKeys (ConfUtils.java:logGet(43)) - raft.server.snapshot.auto.trigger.enabled = true (custom)
2019-09-19 14:04:54,174 [pool-58-thread-1] INFO  server.RaftServerConfigKeys (ConfUtils.java:logGet(43)) - raft.server.snapshot.auto.trigger.threshold = 1 (custom)
2019-09-19 14:04:54,174 [pool-58-thread-1] INFO  server.RaftServerConfigKeys (ConfUtils.java:logGet(43)) - raft.server.retrycache.expirytime = 600000ms (custom)
2019-09-19 14:04:54,174 [pool-58-thread-1] INFO  impl.RaftServerImpl (RaftServerImpl.java:start(180)) - dcc77c7b-1d37-448d-8d57-43d254561693: start group-98785DA6C0F7
2019-09-19 14:04:54,174 [pool-58-thread-1] INFO  impl.RaftServerImpl (RaftServerImpl.java:setRole(171)) - dcc77c7b-1d37-448d-8d57-43d254561693:group-98785DA6C0F7 changes role from null to FOLLOWER at term 0 for startAsFollower
2019-09-19 14:04:54,174 [pool-58-thread-1] INFO  impl.RoleInfo (RoleInfo.java:updateAndGet(143)) - dcc77c7b-1d37-448d-8d57-43d254561693: start FollowerState
2019-09-19 14:04:54,174 [pool-58-thread-1] INFO  util.JmxRegister (JmxRegister.java:tryRegister(44)) - Successfully registered JMX Bean with object name Ratis:service=RaftServer,group=group-98785DA6C0F7,id=dcc77c7b-1d37-448d-8d57-43d254561693
2019-09-19 14:04:54,176 [RatisPipelineUtilsThread] INFO  pipeline.PipelineStateManager (PipelineStateManager.java:addPipeline(56)) - Created pipeline Pipeline[ Id: 2be31f40-106f-429a-9838-98785da6c0f7, Nodes: dcc77c7b-1d37-448d-8d57-43d254561693{ip: 192.168.157.226, host: pr-hdds-1569-swxfz-3172132826, networkLocation: /default-rack, certSerialId: null}, Type:RATIS, Factor:ONE, State:OPEN]
2019-09-19 14:04:54,178 [Thread-4025] INFO  impl.FollowerState (FollowerState.java:run(106)) - dcc77c7b-1d37-448d-8d57-43d254561693:group-C0ECA864A23F changes to CANDIDATE, lastRpcTime:5190, electionTimeout:5190ms
2019-09-19 14:04:54,178 [Thread-4025] INFO  impl.RoleInfo (RoleInfo.java:shutdownFollowerState(121)) - dcc77c7b-1d37-448d-8d57-43d254561693: shutdown FollowerState
2019-09-19 14:04:54,178 [grpc-default-executor-1] INFO  impl.RaftServerProxy (RaftServerProxy.java:addNew(89)) - dcc77c7b-1d37-448d-8d57-43d254561693: addNew group-890F06A36E32:[dcc77c7b-1d37-448d-8d57-43d254561693:192.168.157.226:34527] returns group-890F06A36E32:java.util.concurrent.CompletableFuture@4b4e4eff[Not completed]
2019-09-19 14:04:54,178 [Thread-4025] INFO  impl.RaftServerImpl (RaftServerImpl.java:setRole(171)) - dcc77c7b-1d37-448d-8d57-43d254561693:group-C0ECA864A23F changes role from FOLLOWER to CANDIDATE at term 0 for changeToCandidate
2019-09-19 14:04:54,178 [Thread-4025] INFO  impl.RoleInfo (RoleInfo.java:updateAndGet(143)) - dcc77c7b-1d37-448d-8d57-43d254561693: start LeaderElection
2019-09-19 14:04:54,178 [pool-58-thread-1] INFO  impl.RaftServerImpl (RaftServerImpl.java:<init>(93)) - dcc77c7b-1d37-448d-8d57-43d254561693: new RaftServerImpl for group-890F06A36E32:[dcc77c7b-1d37-448d-8d57-43d254561693:192.168.157.226:34527] with ContainerStateMachine:uninitialized
2019-09-19 14:04:54,179 [pool-58-thread-1] INFO  server.RaftServerConfigKeys (ConfUtils.java:logGet(43)) - raft.server.rpc.timeout.min = 5s (custom)
2019-09-19 14:04:54,179 [pool-58-thread-1] INFO  server.RaftServerConfigKeys (ConfUtils.java:logGet(43)) - raft.server.rpc.timeout.max = 5200ms (custom)
2019-09-19 14:04:54,179 [pool-58-thread-1] INFO  server.RaftServerConfigKeys (ConfUtils.java:logGet(43)) - raft.server.rpcslowness.timeout = 120s (custom)
2019-09-19 14:04:54,179 [pool-58-thread-1] INFO  server.RaftServerConfigKeys (ConfUtils.java:logGet(43)) - raft.server.sleep.deviation.threshold = 300 (default)
2019-09-19 14:04:54,179 [pool-58-thread-1] INFO  server.RaftServerConfigKeys (ConfUtils.java:logGet(43)) - raft.server.log.appender.install.snapshot.enabled = false (custom)
2019-09-19 14:04:54,179 [pool-58-thread-1] INFO  impl.RaftServerImpl (ServerState.java:<init>(105)) - dcc77c7b-1d37-448d-8d57-43d254561693:group-890F06A36E32 ConfigurationManager, init=-1: [dcc77c7b-1d37-448d-8d57-43d254561693:192.168.157.226:34527], old=null, confs=<EMPTY_MAP>
2019-09-19 14:04:54,179 [pool-58-thread-1] INFO  server.RaftServerConfigKeys (ConfUtils.java:logGet(43)) - raft.server.storage.dir = [/workdir/hadoop-ozone/integration-test/target/test-dir/MiniOzoneClusterImpl-3b2755de-4cfe-4b43-9e0d-73dd8eda8f75/datanode-0/data/ratis] (custom)
2019-09-19 14:04:54,180 [pool-58-thread-1] INFO  storage.RaftStorageDirectory (RaftStorageDirectory.java:analyzeStorage(246)) - The storage directory /workdir/hadoop-ozone/integration-test/target/test-dir/MiniOzoneClusterImpl-3b2755de-4cfe-4b43-9e0d-73dd8eda8f75/datanode-0/data/ratis/4135f258-4a28-498a-b155-890f06a36e32 does not exist. Creating ...
2019-09-19 14:04:54,195 [pool-58-thread-1] INFO  storage.RaftStorageDirectory (RaftStorageDirectory.java:tryLock(328)) - Lock on /workdir/hadoop-ozone/integration-test/target/test-dir/MiniOzoneClusterImpl-3b2755de-4cfe-4b43-9e0d-73dd8eda8f75/datanode-0/data/ratis/4135f258-4a28-498a-b155-890f06a36e32/in_use.lock acquired by nodename 30982@pr-hdds-1569-swxfz-3172132826
2019-09-19 14:04:54,195 [dcc77c7b-1d37-448d-8d57-43d254561693:group-C0ECA864A23F:LeaderElection528] INFO  impl.LeaderElection (LeaderElection.java:askForVotes(181)) - dcc77c7b-1d37-448d-8d57-43d254561693:group-C0ECA864A23F:LeaderElection528: begin an election at term 1 for -1: [dcc77c7b-1d37-448d-8d57-43d254561693:192.168.157.226:34527], old=null
2019-09-19 14:04:54,195 [dcc77c7b-1d37-448d-8d57-43d254561693:group-877E2A163EF6:LeaderElection527] INFO  impl.LeaderElection (LeaderElection.java:askForVotes(181)) - dcc77c7b-1d37-448d-8d57-43d254561693:group-877E2A163EF6:LeaderElection527: begin an election at term 1 for -1: [dcc77c7b-1d37-448d-8d57-43d254561693:192.168.157.226:34527], old=null
2019-09-19 14:04:54,195 [dcc77c7b-1d37-448d-8d57-43d254561693:group-C0ECA864A23F:LeaderElection528] INFO  impl.RoleInfo (RoleInfo.java:shutdownLeaderElection(134)) - dcc77c7b-1d37-448d-8d57-43d254561693: shutdown LeaderElection
2019-09-19 14:04:54,195 [dcc77c7b-1d37-448d-8d57-43d254561693:group-877E2A163EF6:LeaderElection527] INFO  impl.RoleInfo (RoleInfo.java:shutdownLeaderElection(134)) - dcc77c7b-1d37-448d-8d57-43d254561693: shutdown LeaderElection
2019-09-19 14:04:54,195 [dcc77c7b-1d37-448d-8d57-43d254561693:group-C0ECA864A23F:LeaderElection528] INFO  impl.RaftServerImpl (RaftServerImpl.java:setRole(171)) - dcc77c7b-1d37-448d-8d57-43d254561693:group-C0ECA864A23F changes role from CANDIDATE to LEADER at term 1 for changeToLeader
2019-09-19 14:04:54,195 [dcc77c7b-1d37-448d-8d57-43d254561693:group-877E2A163EF6:LeaderElection527] INFO  impl.RaftServerImpl (RaftServerImpl.java:setRole(171)) - dcc77c7b-1d37-448d-8d57-43d254561693:group-877E2A163EF6 changes role from CANDIDATE to LEADER at term 1 for changeToLeader
2019-09-19 14:04:54,196 [dcc77c7b-1d37-448d-8d57-43d254561693:group-C0ECA864A23F:LeaderElection528] INFO  impl.RaftServerImpl (ServerState.java:setLeader(263)) - dcc77c7b-1d37-448d-8d57-43d254561693:group-C0ECA864A23F change Leader from null to dcc77c7b-1d37-448d-8d57-43d254561693 at term 1 for becomeLeader, leader elected after 5212ms
2019-09-19 14:04:54,196 [dcc77c7b-1d37-448d-8d57-43d254561693:group-877E2A163EF6:LeaderElection527] INFO  impl.RaftServerImpl (ServerState.java:setLeader(263)) - dcc77c7b-1d37-448d-8d57-43d254561693:group-877E2A163EF6 change Leader from null to dcc77c7b-1d37-448d-8d57-43d254561693 at term 1 for becomeLeader, leader elected after 5166ms
2019-09-19 14:04:54,196 [dcc77c7b-1d37-448d-8d57-43d254561693:group-C0ECA864A23F:LeaderElection528] INFO  server.RaftServerConfigKeys (ConfUtils.java:logGet(43)) - raft.server.staging.catchup.gap = 1000 (default)
2019-09-19 14:04:54,196 [dcc77c7b-1d37-448d-8d57-43d254561693:group-877E2A163EF6:LeaderElection527] INFO  server.RaftServerConfigKeys (ConfUtils.java:logGet(43)) - raft.server.staging.catchup.gap = 1000 (default)
2019-09-19 14:04:54,196 [dcc77c7b-1d37-448d-8d57-43d254561693:group-C0ECA864A23F:LeaderElection528] INFO  server.RaftServerConfigKeys (ConfUtils.java:logGet(43)) - raft.server.rpc.sleep.time = 25ms (default)
2019-09-19 14:04:54,196 [dcc77c7b-1d37-448d-8d57-43d254561693:group-877E2A163EF6:LeaderElection527] INFO  server.RaftServerConfigKeys (ConfUtils.java:logGet(43)) - raft.server.rpc.sleep.time = 25ms (default)
2019-09-19 14:04:54,196 [dcc77c7b-1d37-448d-8d57-43d254561693:group-C0ECA864A23F:LeaderElection528] INFO  server.RaftServerConfigKeys (ConfUtils.java:logGet(43)) - raft.server.write.element-limit = 4096 (default)
2019-09-19 14:04:54,196 [dcc77c7b-1d37-448d-8d57-43d254561693:group-877E2A163EF6:LeaderElection527] INFO  server.RaftServerConfigKeys (ConfUtils.java:logGet(43)) - raft.server.write.element-limit = 4096 (default)
2019-09-19 14:04:54,196 [dcc77c7b-1d37-448d-8d57-43d254561693:group-C0ECA864A23F:LeaderElection528] INFO  server.RaftServerConfigKeys (ConfUtils.java:logGet(43)) - raft.server.watch.timeout = 10s (default)
2019-09-19 14:04:54,196 [dcc77c7b-1d37-448d-8d57-43d254561693:group-877E2A163EF6:LeaderElection527] INFO  server.RaftServerConfigKeys (ConfUtils.java:logGet(43)) - raft.server.watch.timeout = 10s (default)
2019-09-19 14:04:54,196 [dcc77c7b-1d37-448d-8d57-43d254561693:group-C0ECA864A23F:LeaderElection528] INFO  server.RaftServerConfigKeys (ConfUtils.java:logGet(43)) - raft.server.watch.timeout.denomination = 1s (default)
2019-09-19 14:04:54,196 [dcc77c7b-1d37-448d-8d57-43d254561693:group-877E2A163EF6:LeaderElection527] INFO  server.RaftServerConfigKeys (ConfUtils.java:logGet(43)) - raft.server.watch.timeout.denomination = 1s (default)
2019-09-19 14:04:54,197 [dcc77c7b-1d37-448d-8d57-43d254561693:group-C0ECA864A23F:LeaderElection528] INFO  server.RaftServerConfigKeys (ConfUtils.java:logGet(43)) - raft.server.watch.element-limit = 65536 (default)
2019-09-19 14:04:54,197 [dcc77c7b-1d37-448d-8d57-43d254561693:group-877E2A163EF6:LeaderElection527] INFO  server.RaftServerConfigKeys (ConfUtils.java:logGet(43)) - raft.server.watch.element-limit = 65536 (default)
2019-09-19 14:04:54,197 [dcc77c7b-1d37-448d-8d57-43d254561693:group-C0ECA864A23F:LeaderElection528] INFO  impl.RoleInfo (RoleInfo.java:updateAndGet(143)) - dcc77c7b-1d37-448d-8d57-43d254561693: start LeaderState
2019-09-19 14:04:54,197 [dcc77c7b-1d37-448d-8d57-43d254561693:group-877E2A163EF6:LeaderElection527] INFO  impl.RoleInfo (RoleInfo.java:updateAndGet(143)) - dcc77c7b-1d37-448d-8d57-43d254561693: start LeaderState
2019-09-19 14:04:54,197 [dcc77c7b-1d37-448d-8d57-43d254561693:group-C0ECA864A23F:LeaderElection528] INFO  segmented.SegmentedRaftLogWorker (SegmentedRaftLogWorker.java:startLogSegment(380)) - dcc77c7b-1d37-448d-8d57-43d254561693-SegmentedRaftLogWorker:Storage Directory /workdir/hadoop-ozone/integration-test/target/test-dir/MiniOzoneClusterImpl-3b2755de-4cfe-4b43-9e0d-73dd8eda8f75/datanode-0/data/ratis/ddefd22a-458b-4145-aba4-c0eca864a23f: Starting segment from index:0
2019-09-19 14:04:54,197 [dcc77c7b-1d37-448d-8d57-43d254561693:group-877E2A163EF6:LeaderElection527] INFO  segmented.SegmentedRaftLogWorker (SegmentedRaftLogWorker.java:startLogSegment(380)) - dcc77c7b-1d37-448d-8d57-43d254561693-SegmentedRaftLogWorker:Storage Directory /workdir/hadoop-ozone/integration-test/target/test-dir/MiniOzoneClusterImpl-3b2755de-4cfe-4b43-9e0d-73dd8eda8f75/datanode-0/data/ratis/05a4e864-be25-49ca-ade8-877e2a163ef6: Starting segment from index:0
2019-09-19 14:04:54,197 [dcc77c7b-1d37-448d-8d57-43d254561693:group-C0ECA864A23F:LeaderElection528] INFO  impl.RaftServerImpl (ServerState.java:setRaftConf(361)) - dcc77c7b-1d37-448d-8d57-43d254561693:group-C0ECA864A23F set configuration 0: [dcc77c7b-1d37-448d-8d57-43d254561693:192.168.157.226:34527], old=null at 0
2019-09-19 14:04:54,197 [dcc77c7b-1d37-448d-8d57-43d254561693:group-877E2A163EF6:LeaderElection527] INFO  impl.RaftServerImpl (ServerState.java:setRaftConf(361)) - dcc77c7b-1d37-448d-8d57-43d254561693:group-877E2A163EF6 set configuration 0: [dcc77c7b-1d37-448d-8d57-43d254561693:192.168.157.226:34527], old=null at 0
2019-09-19 14:04:54,207 [Thread-4034] INFO  impl.FollowerState (FollowerState.java:run(106)) - dcc77c7b-1d37-448d-8d57-43d254561693:group-D761E1E1912A changes to CANDIDATE, lastRpcTime:5099, electionTimeout:5099ms
2019-09-19 14:04:54,208 [Thread-4034] INFO  impl.RoleInfo (RoleInfo.java:shutdownFollowerState(121)) - dcc77c7b-1d37-448d-8d57-43d254561693: shutdown FollowerState
2019-09-19 14:04:54,208 [Thread-4034] INFO  impl.RaftServerImpl (RaftServerImpl.java:setRole(171)) - dcc77c7b-1d37-448d-8d57-43d254561693:group-D761E1E1912A changes role from FOLLOWER to CANDIDATE at term 0 for changeToCandidate
2019-09-19 14:04:54,208 [Thread-4034] INFO  impl.RoleInfo (RoleInfo.java:updateAndGet(143)) - dcc77c7b-1d37-448d-8d57-43d254561693: start LeaderElection
2019-09-19 14:04:54,211 [Thread-4031] INFO  impl.FollowerState (FollowerState.java:run(106)) - dcc77c7b-1d37-448d-8d57-43d254561693:group-F5DB325AE177 changes to CANDIDATE, lastRpcTime:5140, electionTimeout:5140ms
2019-09-19 14:04:54,211 [Thread-4031] INFO  impl.RoleInfo (RoleInfo.java:shutdownFollowerState(121)) - dcc77c7b-1d37-448d-8d57-43d254561693: shutdown FollowerState
2019-09-19 14:04:54,211 [Thread-4031] INFO  impl.RaftServerImpl (RaftServerImpl.java:setRole(171)) - dcc77c7b-1d37-448d-8d57-43d254561693:group-F5DB325AE177 changes role from FOLLOWER to CANDIDATE at term 0 for changeToCandidate
2019-09-19 14:04:54,211 [Thread-4031] INFO  impl.RoleInfo (RoleInfo.java:updateAndGet(143)) - dcc77c7b-1d37-448d-8d57-43d254561693: start LeaderElection
2019-09-19 14:04:54,216 [pool-58-thread-1] INFO  storage.RaftStorage (RaftStorage.java:format(72)) - Storage directory /workdir/hadoop-ozone/integration-test/target/test-dir/MiniOzoneClusterImpl-3b2755de-4cfe-4b43-9e0d-73dd8eda8f75/datanode-0/data/ratis/4135f258-4a28-498a-b155-890f06a36e32 has been successfully formatted.
2019-09-19 14:04:54,216 [dcc77c7b-1d37-448d-8d57-43d254561693:group-F5DB325AE177:LeaderElection530] INFO  impl.LeaderElection (LeaderElection.java:askForVotes(181)) - dcc77c7b-1d37-448d-8d57-43d254561693:group-F5DB325AE177:LeaderElection530: begin an election at term 1 for -1: [dcc77c7b-1d37-448d-8d57-43d254561693:192.168.157.226:34527], old=null
2019-09-19 14:04:54,217 [pool-58-thread-1] INFO  ratis.ContainerStateMachine (ContainerStateMachine.java:loadSnapshot(226)) - group-890F06A36E32: The snapshot info is null. Setting the last applied indexto:(t:0, i:~)
2019-09-19 14:04:54,216 [dcc77c7b-1d37-448d-8d57-43d254561693:group-D761E1E1912A:LeaderElection529] INFO  impl.LeaderElection (LeaderElection.java:askForVotes(181)) - dcc77c7b-1d37-448d-8d57-43d254561693:group-D761E1E1912A:LeaderElection529: begin an election at term 1 for -1: [dcc77c7b-1d37-448d-8d57-43d254561693:192.168.157.226:34527], old=null
2019-09-19 14:04:54,217 [pool-58-thread-1] INFO  server.RaftServerConfigKeys (ConfUtils.java:logGet(43)) - raft.server.leader.election.timeout = 120s (custom)
2019-09-19 14:04:54,217 [dcc77c7b-1d37-448d-8d57-43d254561693:group-F5DB325AE177:LeaderElection530] INFO  impl.RoleInfo (RoleInfo.java:shutdownLeaderElection(134)) - dcc77c7b-1d37-448d-8d57-43d254561693: shutdown LeaderElection
2019-09-19 14:04:54,217 [pool-58-thread-1] INFO  server.RaftServerConfigKeys (ConfUtils.java:logGet(43)) - raft.server.log.use.memory = false (default)
2019-09-19 14:04:54,217 [dcc77c7b-1d37-448d-8d57-43d254561693:group-D761E1E1912A:LeaderElection529] INFO  impl.RoleInfo (RoleInfo.java:shutdownLeaderElection(134)) - dcc77c7b-1d37-448d-8d57-43d254561693: shutdown LeaderElection
2019-09-19 14:04:54,217 [pool-58-thread-1] INFO  server.RaftServerConfigKeys (ConfUtils.java:logGet(43)) - raft.server.log.purge.gap = 1000000 (custom)
2019-09-19 14:04:54,218 [pool-58-thread-1] INFO  server.RaftServerConfigKeys (ConfUtils.java:logGet(43)) - raft.server.log.appender.buffer.byte-limit = 33554432 (custom)
2019-09-19 14:04:54,217 [dcc77c7b-1d37-448d-8d57-43d254561693:group-F5DB325AE177:LeaderElection530] INFO  impl.RaftServerImpl (RaftServerImpl.java:setRole(171)) - dcc77c7b-1d37-448d-8d57-43d254561693:group-F5DB325AE177 changes role from CANDIDATE to LEADER at term 1 for changeToLeader
2019-09-19 14:04:54,218 [pool-58-thread-1] INFO  server.RaftServerConfigKeys (ConfUtils.java:logGet(43)) - raft.server.log.segment.size.max = 1048576 (custom)
2019-09-19 14:04:54,217 [dcc77c7b-1d37-448d-8d57-43d254561693:group-D761E1E1912A:LeaderElection529] INFO  impl.RaftServerImpl (RaftServerImpl.java:setRole(171)) - dcc77c7b-1d37-448d-8d57-43d254561693:group-D761E1E1912A changes role from CANDIDATE to LEADER at term 1 for changeToLeader
2019-09-19 14:04:54,218 [pool-58-thread-1] INFO  server.RaftServerConfigKeys (ConfUtils.java:logGet(43)) - raft.server.log.segment.cache.num.max = 2 (custom)
2019-09-19 14:04:54,218 [dcc77c7b-1d37-448d-8d57-43d254561693:group-F5DB325AE177:LeaderElection530] INFO  impl.RaftServerImpl (ServerState.java:setLeader(263)) - dcc77c7b-1d37-448d-8d57-43d254561693:group-F5DB325AE177 change Leader from null to dcc77c7b-1d37-448d-8d57-43d254561693 at term 1 for becomeLeader, leader elected after 5152ms
2019-09-19 14:04:54,218 [pool-58-thread-1] INFO  segmented.SegmentedRaftLogWorker (SegmentedRaftLogWorker.java:<init>(172)) - new dcc77c7b-1d37-448d-8d57-43d254561693-SegmentedRaftLogWorker:Storage Directory /workdir/hadoop-ozone/integration-test/target/test-dir/MiniOzoneClusterImpl-3b2755de-4cfe-4b43-9e0d-73dd8eda8f75/datanode-0/data/ratis/4135f258-4a28-498a-b155-890f06a36e32 for RaftStorage:Storage Directory /workdir/hadoop-ozone/integration-test/target/test-dir/MiniOzoneClusterImpl-3b2755de-4cfe-4b43-9e0d-73dd8eda8f75/datanode-0/data/ratis/4135f258-4a28-498a-b155-890f06a36e32
2019-09-19 14:04:54,218 [dcc77c7b-1d37-448d-8d57-43d254561693:group-D761E1E1912A:LeaderElection529] INFO  impl.RaftServerImpl (ServerState.java:setLeader(263)) - dcc77c7b-1d37-448d-8d57-43d254561693:group-D761E1E1912A change Leader from null to dcc77c7b-1d37-448d-8d57-43d254561693 at term 1 for becomeLeader, leader elected after 5113ms
2019-09-19 14:04:54,219 [pool-58-thread-1] INFO  server.RaftServerConfigKeys (ConfUtils.java:logGet(43)) - raft.server.log.queue.byte-limit = 2147483647 (custom)
2019-09-19 14:04:54,218 [dcc77c7b-1d37-448d-8d57-43d254561693:group-F5DB325AE177:LeaderElection530] INFO  server.RaftServerConfigKeys (ConfUtils.java:logGet(43)) - raft.server.staging.catchup.gap = 1000 (default)
2019-09-19 14:04:54,219 [pool-58-thread-1] INFO  server.RaftServerConfigKeys (ConfUtils.java:logGet(43)) - raft.server.log.queue.element-limit = 1024 (custom)
2019-09-19 14:04:54,219 [dcc77c7b-1d37-448d-8d57-43d254561693:group-D761E1E1912A:LeaderElection529] INFO  server.RaftServerConfigKeys (ConfUtils.java:logGet(43)) - raft.server.staging.catchup.gap = 1000 (default)
2019-09-19 14:04:54,219 [pool-58-thread-1] INFO  server.RaftServerConfigKeys (ConfUtils.java:logGet(43)) - raft.server.log.segment.size.max = 1048576 (custom)
2019-09-19 14:04:54,219 [dcc77c7b-1d37-448d-8d57-43d254561693:group-F5DB325AE177:LeaderElection530] INFO  server.RaftServerConfigKeys (ConfUtils.java:logGet(43)) - raft.server.rpc.sleep.time = 25ms (default)
2019-09-19 14:04:54,219 [pool-58-thread-1] INFO  server.RaftServerConfigKeys (ConfUtils.java:logGet(43)) - raft.server.log.preallocated.size = 16384 (custom)
2019-09-19 14:04:54,219 [pool-58-thread-1] INFO  server.RaftServerConfigKeys (ConfUtils.java:logGet(43)) - raft.server.log.write.buffer.size = 33554432 (custom)
2019-09-19 14:04:54,219 [dcc77c7b-1d37-448d-8d57-43d254561693:group-D761E1E1912A:LeaderElection529] INFO  server.RaftServerConfigKeys (ConfUtils.java:logGet(43)) - raft.server.rpc.sleep.time = 25ms (default)
2019-09-19 14:04:54,220 [pool-58-thread-1] INFO  server.RaftServerConfigKeys (ConfUtils.java:logGet(43)) - raft.server.log.force.sync.num = 128 (default)
2019-09-19 14:04:54,219 [dcc77c7b-1d37-448d-8d57-43d254561693:group-F5DB325AE177:LeaderElection530] INFO  server.RaftServerConfigKeys (ConfUtils.java:logGet(43)) - raft.server.write.element-limit = 4096 (default)
2019-09-19 14:04:54,220 [pool-58-thread-1] INFO  server.RaftServerConfigKeys (ConfUtils.java:logGet(43)) - raft.server.log.statemachine.data.sync = true (default)
2019-09-19 14:04:54,220 [pool-58-thread-1] INFO  server.RaftServerConfigKeys (ConfUtils.java:logGet(43)) - raft.server.log.statemachine.data.sync.timeout = 10s (default)
2019-09-19 14:04:54,220 [dcc77c7b-1d37-448d-8d57-43d254561693:group-D761E1E1912A:LeaderElection529] INFO  server.RaftServerConfigKeys (ConfUtils.java:logGet(43)) - raft.server.write.element-limit = 4096 (default)
2019-09-19 14:04:54,220 [pool-58-thread-1] INFO  server.RaftServerConfigKeys (ConfUtils.java:logGet(43)) - raft.server.log.statemachine.data.sync.timeout.retry = -1 (default)
2019-09-19 14:04:54,220 [dcc77c7b-1d37-448d-8d57-43d254561693:group-F5DB325AE177:LeaderElection530] INFO  server.RaftServerConfigKeys (ConfUtils.java:logGet(43)) - raft.server.watch.timeout = 10s (default)
2019-09-19 14:04:54,220 [pool-58-thread-1] INFO  server.RaftServerConfigKeys (ConfUtils.java:logGet(43)) - raft.server.log.statemachine.data.caching.enabled = true (custom)
2019-09-19 14:04:54,220 [dcc77c7b-1d37-448d-8d57-43d254561693:group-D761E1E1912A:LeaderElection529] INFO  server.RaftServerConfigKeys (ConfUtils.java:logGet(43)) - raft.server.watch.timeout = 10s (default)
2019-09-19 14:04:54,221 [pool-58-thread-1] INFO  segmented.SegmentedRaftLogWorker (SegmentedRaftLogWorker.java:lambda$new$0(132)) - dcc77c7b-1d37-448d-8d57-43d254561693-SegmentedRaftLogWorker:Storage Directory /workdir/hadoop-ozone/integration-test/target/test-dir/MiniOzoneClusterImpl-3b2755de-4cfe-4b43-9e0d-73dd8eda8f75/datanode-0/data/ratis/4135f258-4a28-498a-b155-890f06a36e32: flushIndex: setUnconditionally 0 -> -1
2019-09-19 14:04:54,221 [dcc77c7b-1d37-448d-8d57-43d254561693:group-F5DB325AE177:LeaderElection530] INFO  server.RaftServerConfigKeys (ConfUtils.java:logGet(43)) - raft.server.watch.timeout.denomination = 1s (default)
2019-09-19 14:04:54,221 [pool-58-thread-1] INFO  server.RaftServerConfigKeys (ConfUtils.java:logGet(43)) - raft.server.snapshot.auto.trigger.enabled = true (custom)
2019-09-19 14:04:54,221 [dcc77c7b-1d37-448d-8d57-43d254561693:group-D761E1E1912A:LeaderElection529] INFO  server.RaftServerConfigKeys (ConfUtils.java:logGet(43)) - raft.server.watch.timeout.denomination = 1s (default)
2019-09-19 14:04:54,221 [pool-58-thread-1] INFO  server.RaftServerConfigKeys (ConfUtils.java:logGet(43)) - raft.server.snapshot.auto.trigger.threshold = 1 (custom)
2019-09-19 14:04:54,221 [pool-58-thread-1] INFO  server.RaftServerConfigKeys (ConfUtils.java:logGet(43)) - raft.server.retrycache.expirytime = 600000ms (custom)
2019-09-19 14:04:54,221 [dcc77c7b-1d37-448d-8d57-43d254561693:group-F5DB325AE177:LeaderElection530] INFO  server.RaftServerConfigKeys (ConfUtils.java:logGet(43)) - raft.server.watch.element-limit = 65536 (default)
2019-09-19 14:04:54,222 [pool-58-thread-1] INFO  impl.RaftServerImpl (RaftServerImpl.java:start(180)) - dcc77c7b-1d37-448d-8d57-43d254561693: start group-890F06A36E32
2019-09-19 14:04:54,221 [dcc77c7b-1d37-448d-8d57-43d254561693:group-D761E1E1912A:LeaderElection529] INFO  server.RaftServerConfigKeys (ConfUtils.java:logGet(43)) - raft.server.watch.element-limit = 65536 (default)
2019-09-19 14:04:54,222 [pool-58-thread-1] INFO  impl.RaftServerImpl (RaftServerImpl.java:setRole(171)) - dcc77c7b-1d37-448d-8d57-43d254561693:group-890F06A36E32 changes role from null to FOLLOWER at term 0 for startAsFollower
2019-09-19 14:04:54,222 [pool-58-thread-1] INFO  impl.RoleInfo (RoleInfo.java:updateAndGet(143)) - dcc77c7b-1d37-448d-8d57-43d254561693: start FollowerState
2019-09-19 14:04:54,222 | INFO  | SCMAudit | user=jenkins1000 | ip=192.168.157.226 | op=SEND_HEARTBEAT {datanodeUUID=dcc77c7b-1d37-448d-8d57-43d254561693, command=[]} | ret=SUCCESS |  
2019-09-19 14:04:54,222 [dcc77c7b-1d37-448d-8d57-43d254561693:group-F5DB325AE177:LeaderElection530] INFO  impl.RoleInfo (RoleInfo.java:updateAndGet(143)) - dcc77c7b-1d37-448d-8d57-43d254561693: start LeaderState
2019-09-19 14:04:54,222 [dcc77c7b-1d37-448d-8d57-43d254561693:group-D761E1E1912A:LeaderElection529] INFO  impl.RoleInfo (RoleInfo.java:updateAndGet(143)) - dcc77c7b-1d37-448d-8d57-43d254561693: start LeaderState
2019-09-19 14:04:54,222 [dcc77c7b-1d37-448d-8d57-43d254561693:group-F5DB325AE177:LeaderElection530] INFO  segmented.SegmentedRaftLogWorker (SegmentedRaftLogWorker.java:startLogSegment(380)) - dcc77c7b-1d37-448d-8d57-43d254561693-SegmentedRaftLogWorker:Storage Directory /workdir/hadoop-ozone/integration-test/target/test-dir/MiniOzoneClusterImpl-3b2755de-4cfe-4b43-9e0d-73dd8eda8f75/datanode-0/data/ratis/9bef0d3e-b5d3-4ab2-8e41-f5db325ae177: Starting segment from index:0
2019-09-19 14:04:54,223 [dcc77c7b-1d37-448d-8d57-43d254561693:group-D761E1E1912A:LeaderElection529] INFO  segmented.SegmentedRaftLogWorker (SegmentedRaftLogWorker.java:startLogSegment(380)) - dcc77c7b-1d37-448d-8d57-43d254561693-SegmentedRaftLogWorker:Storage Directory /workdir/hadoop-ozone/integration-test/target/test-dir/MiniOzoneClusterImpl-3b2755de-4cfe-4b43-9e0d-73dd8eda8f75/datanode-0/data/ratis/9dda62e0-7928-4bb9-ab85-d761e1e1912a: Starting segment from index:0
2019-09-19 14:04:54,222 [pool-58-thread-1] INFO  util.JmxRegister (JmxRegister.java:tryRegister(44)) - Successfully registered JMX Bean with object name Ratis:service=RaftServer,group=group-890F06A36E32,id=dcc77c7b-1d37-448d-8d57-43d254561693
2019-09-19 14:04:54,223 [dcc77c7b-1d37-448d-8d57-43d254561693:group-F5DB325AE177:LeaderElection530] INFO  impl.RaftServerImpl (ServerState.java:setRaftConf(361)) - dcc77c7b-1d37-448d-8d57-43d254561693:group-F5DB325AE177 set configuration 0: [dcc77c7b-1d37-448d-8d57-43d254561693:192.168.157.226:34527], old=null at 0
2019-09-19 14:04:54,223 [dcc77c7b-1d37-448d-8d57-43d254561693:group-D761E1E1912A:LeaderElection529] INFO  impl.RaftServerImpl (ServerState.java:setRaftConf(361)) - dcc77c7b-1d37-448d-8d57-43d254561693:group-D761E1E1912A set configuration 0: [dcc77c7b-1d37-448d-8d57-43d254561693:192.168.157.226:34527], old=null at 0
2019-09-19 14:04:54,224 [RatisPipelineUtilsThread] INFO  pipeline.PipelineStateManager (PipelineStateManager.java:addPipeline(56)) - Created pipeline Pipeline[ Id: 4135f258-4a28-498a-b155-890f06a36e32, Nodes: dcc77c7b-1d37-448d-8d57-43d254561693{ip: 192.168.157.226, host: pr-hdds-1569-swxfz-3172132826, networkLocation: /default-rack, certSerialId: null}, Type:RATIS, Factor:ONE, State:OPEN]
2019-09-19 14:04:54,227 [grpc-default-executor-1] INFO  impl.RaftServerProxy (RaftServerProxy.java:addNew(89)) - dcc77c7b-1d37-448d-8d57-43d254561693: addNew group-1AB3A26E676C:[dcc77c7b-1d37-448d-8d57-43d254561693:192.168.157.226:34527] returns group-1AB3A26E676C:java.util.concurrent.CompletableFuture@61767ab9[Not completed]
2019-09-19 14:04:54,227 [pool-58-thread-1] INFO  impl.RaftServerImpl (RaftServerImpl.java:<init>(93)) - dcc77c7b-1d37-448d-8d57-43d254561693: new RaftServerImpl for group-1AB3A26E676C:[dcc77c7b-1d37-448d-8d57-43d254561693:192.168.157.226:34527] with ContainerStateMachine:uninitialized
2019-09-19 14:04:54,228 [pool-58-thread-1] INFO  server.RaftServerConfigKeys (ConfUtils.java:logGet(43)) - raft.server.rpc.timeout.min = 5s (custom)
2019-09-19 14:04:54,228 [pool-58-thread-1] INFO  server.RaftServerConfigKeys (ConfUtils.java:logGet(43)) - raft.server.rpc.timeout.max = 5200ms (custom)
2019-09-19 14:04:54,228 [pool-58-thread-1] INFO  server.RaftServerConfigKeys (ConfUtils.java:logGet(43)) - raft.server.rpcslowness.timeout = 120s (custom)
2019-09-19 14:04:54,228 [pool-58-thread-1] INFO  server.RaftServerConfigKeys (ConfUtils.java:logGet(43)) - raft.server.sleep.deviation.threshold = 300 (default)
2019-09-19 14:04:54,228 [pool-58-thread-1] INFO  server.RaftServerConfigKeys (ConfUtils.java:logGet(43)) - raft.server.log.appender.install.snapshot.enabled = false (custom)
2019-09-19 14:04:54,228 [pool-58-thread-1] INFO  impl.RaftServerImpl (ServerState.java:<init>(105)) - dcc77c7b-1d37-448d-8d57-43d254561693:group-1AB3A26E676C ConfigurationManager, init=-1: [dcc77c7b-1d37-448d-8d57-43d254561693:192.168.157.226:34527], old=null, confs=<EMPTY_MAP>
2019-09-19 14:04:54,228 [pool-58-thread-1] INFO  server.RaftServerConfigKeys (ConfUtils.java:logGet(43)) - raft.server.storage.dir = [/workdir/hadoop-ozone/integration-test/target/test-dir/MiniOzoneClusterImpl-3b2755de-4cfe-4b43-9e0d-73dd8eda8f75/datanode-0/data/ratis] (custom)
2019-09-19 14:04:54,229 [pool-58-thread-1] INFO  storage.RaftStorageDirectory (RaftStorageDirectory.java:analyzeStorage(246)) - The storage directory /workdir/hadoop-ozone/integration-test/target/test-dir/MiniOzoneClusterImpl-3b2755de-4cfe-4b43-9e0d-73dd8eda8f75/datanode-0/data/ratis/11058d19-b6ae-4f84-849f-1ab3a26e676c does not exist. Creating ...
2019-09-19 14:04:54,243 [pool-58-thread-1] INFO  storage.RaftStorageDirectory (RaftStorageDirectory.java:tryLock(328)) - Lock on /workdir/hadoop-ozone/integration-test/target/test-dir/MiniOzoneClusterImpl-3b2755de-4cfe-4b43-9e0d-73dd8eda8f75/datanode-0/data/ratis/11058d19-b6ae-4f84-849f-1ab3a26e676c/in_use.lock acquired by nodename 30982@pr-hdds-1569-swxfz-3172132826
2019-09-19 14:04:54,243 [dcc77c7b-1d37-448d-8d57-43d254561693-SegmentedRaftLogWorker:Storage Directory /workdir/hadoop-ozone/integration-test/target/test-dir/MiniOzoneClusterImpl-3b2755de-4cfe-4b43-9e0d-73dd8eda8f75/datanode-0/data/ratis/ddefd22a-458b-4145-aba4-c0eca864a23f] INFO  segmented.SegmentedRaftLogWorker (SegmentedRaftLogWorker.java:execute(569)) - dcc77c7b-1d37-448d-8d57-43d254561693-SegmentedRaftLogWorker:Storage Directory /workdir/hadoop-ozone/integration-test/target/test-dir/MiniOzoneClusterImpl-3b2755de-4cfe-4b43-9e0d-73dd8eda8f75/datanode-0/data/ratis/ddefd22a-458b-4145-aba4-c0eca864a23f: created new log segment /workdir/hadoop-ozone/integration-test/target/test-dir/MiniOzoneClusterImpl-3b2755de-4cfe-4b43-9e0d-73dd8eda8f75/datanode-0/data/ratis/ddefd22a-458b-4145-aba4-c0eca864a23f/current/log_inprogress_0
2019-09-19 14:04:54,243 [dcc77c7b-1d37-448d-8d57-43d254561693-SegmentedRaftLogWorker:Storage Directory /workdir/hadoop-ozone/integration-test/target/test-dir/MiniOzoneClusterImpl-3b2755de-4cfe-4b43-9e0d-73dd8eda8f75/datanode-0/data/ratis/05a4e864-be25-49ca-ade8-877e2a163ef6] INFO  segmented.SegmentedRaftLogWorker (SegmentedRaftLogWorker.java:execute(569)) - dcc77c7b-1d37-448d-8d57-43d254561693-SegmentedRaftLogWorker:Storage Directory /workdir/hadoop-ozone/integration-test/target/test-dir/MiniOzoneClusterImpl-3b2755de-4cfe-4b43-9e0d-73dd8eda8f75/datanode-0/data/ratis/05a4e864-be25-49ca-ade8-877e2a163ef6: created new log segment /workdir/hadoop-ozone/integration-test/target/test-dir/MiniOzoneClusterImpl-3b2755de-4cfe-4b43-9e0d-73dd8eda8f75/datanode-0/data/ratis/05a4e864-be25-49ca-ade8-877e2a163ef6/current/log_inprogress_0
2019-09-19 14:04:54,269 [dcc77c7b-1d37-448d-8d57-43d254561693-SegmentedRaftLogWorker:Storage Directory /workdir/hadoop-ozone/integration-test/target/test-dir/MiniOzoneClusterImpl-3b2755de-4cfe-4b43-9e0d-73dd8eda8f75/datanode-0/data/ratis/9bef0d3e-b5d3-4ab2-8e41-f5db325ae177] INFO  segmented.SegmentedRaftLogWorker (SegmentedRaftLogWorker.java:execute(569)) - dcc77c7b-1d37-448d-8d57-43d254561693-SegmentedRaftLogWorker:Storage Directory /workdir/hadoop-ozone/integration-test/target/test-dir/MiniOzoneClusterImpl-3b2755de-4cfe-4b43-9e0d-73dd8eda8f75/datanode-0/data/ratis/9bef0d3e-b5d3-4ab2-8e41-f5db325ae177: created new log segment /workdir/hadoop-ozone/integration-test/target/test-dir/MiniOzoneClusterImpl-3b2755de-4cfe-4b43-9e0d-73dd8eda8f75/datanode-0/data/ratis/9bef0d3e-b5d3-4ab2-8e41-f5db325ae177/current/log_inprogress_0
2019-09-19 14:04:54,269 [pool-58-thread-1] INFO  storage.RaftStorage (RaftStorage.java:format(72)) - Storage directory /workdir/hadoop-ozone/integration-test/target/test-dir/MiniOzoneClusterImpl-3b2755de-4cfe-4b43-9e0d-73dd8eda8f75/datanode-0/data/ratis/11058d19-b6ae-4f84-849f-1ab3a26e676c has been successfully formatted.
2019-09-19 14:04:54,269 [dcc77c7b-1d37-448d-8d57-43d254561693-SegmentedRaftLogWorker:Storage Directory /workdir/hadoop-ozone/integration-test/target/test-dir/MiniOzoneClusterImpl-3b2755de-4cfe-4b43-9e0d-73dd8eda8f75/datanode-0/data/ratis/9dda62e0-7928-4bb9-ab85-d761e1e1912a] INFO  segmented.SegmentedRaftLogWorker (SegmentedRaftLogWorker.java:execute(569)) - dcc77c7b-1d37-448d-8d57-43d254561693-SegmentedRaftLogWorker:Storage Directory /workdir/hadoop-ozone/integration-test/target/test-dir/MiniOzoneClusterImpl-3b2755de-4cfe-4b43-9e0d-73dd8eda8f75/datanode-0/data/ratis/9dda62e0-7928-4bb9-ab85-d761e1e1912a: created new log segment /workdir/hadoop-ozone/integration-test/target/test-dir/MiniOzoneClusterImpl-3b2755de-4cfe-4b43-9e0d-73dd8eda8f75/datanode-0/data/ratis/9dda62e0-7928-4bb9-ab85-d761e1e1912a/current/log_inprogress_0
2019-09-19 14:04:54,269 [pool-58-thread-1] INFO  ratis.ContainerStateMachine (ContainerStateMachine.java:loadSnapshot(226)) - group-1AB3A26E676C: The snapshot info is null. Setting the last applied indexto:(t:0, i:~)
2019-09-19 14:04:54,269 [pool-58-thread-1] INFO  server.RaftServerConfigKeys (ConfUtils.java:logGet(43)) - raft.server.leader.election.timeout = 120s (custom)
2019-09-19 14:04:54,269 [pool-58-thread-1] INFO  server.RaftServerConfigKeys (ConfUtils.java:logGet(43)) - raft.server.log.use.memory = false (default)
2019-09-19 14:04:54,270 [pool-58-thread-1] INFO  server.RaftServerConfigKeys (ConfUtils.java:logGet(43)) - raft.server.log.purge.gap = 1000000 (custom)
2019-09-19 14:04:54,270 [pool-58-thread-1] INFO  server.RaftServerConfigKeys (ConfUtils.java:logGet(43)) - raft.server.log.appender.buffer.byte-limit = 33554432 (custom)
2019-09-19 14:04:54,270 [pool-58-thread-1] INFO  server.RaftServerConfigKeys (ConfUtils.java:logGet(43)) - raft.server.log.segment.size.max = 1048576 (custom)
2019-09-19 14:04:54,270 [pool-58-thread-1] INFO  server.RaftServerConfigKeys (ConfUtils.java:logGet(43)) - raft.server.log.segment.cache.num.max = 2 (custom)
2019-09-19 14:04:54,270 [pool-58-thread-1] INFO  segmented.SegmentedRaftLogWorker (SegmentedRaftLogWorker.java:<init>(172)) - new dcc77c7b-1d37-448d-8d57-43d254561693-SegmentedRaftLogWorker:Storage Directory /workdir/hadoop-ozone/integration-test/target/test-dir/MiniOzoneClusterImpl-3b2755de-4cfe-4b43-9e0d-73dd8eda8f75/datanode-0/data/ratis/11058d19-b6ae-4f84-849f-1ab3a26e676c for RaftStorage:Storage Directory /workdir/hadoop-ozone/integration-test/target/test-dir/MiniOzoneClusterImpl-3b2755de-4cfe-4b43-9e0d-73dd8eda8f75/datanode-0/data/ratis/11058d19-b6ae-4f84-849f-1ab3a26e676c
2019-09-19 14:04:54,270 [pool-58-thread-1] INFO  server.RaftServerConfigKeys (ConfUtils.java:logGet(43)) - raft.server.log.queue.byte-limit = 2147483647 (custom)
2019-09-19 14:04:54,270 [pool-58-thread-1] INFO  server.RaftServerConfigKeys (ConfUtils.java:logGet(43)) - raft.server.log.queue.element-limit = 1024 (custom)
2019-09-19 14:04:54,270 [pool-58-thread-1] INFO  server.RaftServerConfigKeys (ConfUtils.java:logGet(43)) - raft.server.log.segment.size.max = 1048576 (custom)
2019-09-19 14:04:54,270 [pool-58-thread-1] INFO  server.RaftServerConfigKeys (ConfUtils.java:logGet(43)) - raft.server.log.preallocated.size = 16384 (custom)
2019-09-19 14:04:54,270 [pool-58-thread-1] INFO  server.RaftServerConfigKeys (ConfUtils.java:logGet(43)) - raft.server.log.write.buffer.size = 33554432 (custom)
2019-09-19 14:04:54,270 [pool-58-thread-1] INFO  server.RaftServerConfigKeys (ConfUtils.java:logGet(43)) - raft.server.log.force.sync.num = 128 (default)
2019-09-19 14:04:54,270 [pool-58-thread-1] INFO  server.RaftServerConfigKeys (ConfUtils.java:logGet(43)) - raft.server.log.statemachine.data.sync = true (default)
2019-09-19 14:04:54,271 [pool-58-thread-1] INFO  server.RaftServerConfigKeys (ConfUtils.java:logGet(43)) - raft.server.log.statemachine.data.sync.timeout = 10s (default)
2019-09-19 14:04:54,271 [pool-58-thread-1] INFO  server.RaftServerConfigKeys (ConfUtils.java:logGet(43)) - raft.server.log.statemachine.data.sync.timeout.retry = -1 (default)
2019-09-19 14:04:54,271 [pool-58-thread-1] INFO  server.RaftServerConfigKeys (ConfUtils.java:logGet(43)) - raft.server.log.statemachine.data.caching.enabled = true (custom)
2019-09-19 14:04:54,271 [pool-58-thread-1] INFO  segmented.SegmentedRaftLogWorker (SegmentedRaftLogWorker.java:lambda$new$0(132)) - dcc77c7b-1d37-448d-8d57-43d254561693-SegmentedRaftLogWorker:Storage Directory /workdir/hadoop-ozone/integration-test/target/test-dir/MiniOzoneClusterImpl-3b2755de-4cfe-4b43-9e0d-73dd8eda8f75/datanode-0/data/ratis/11058d19-b6ae-4f84-849f-1ab3a26e676c: flushIndex: setUnconditionally 0 -> -1
2019-09-19 14:04:54,271 [pool-58-thread-1] INFO  server.RaftServerConfigKeys (ConfUtils.java:logGet(43)) - raft.server.snapshot.auto.trigger.enabled = true (custom)
2019-09-19 14:04:54,271 [pool-58-thread-1] INFO  server.RaftServerConfigKeys (ConfUtils.java:logGet(43)) - raft.server.snapshot.auto.trigger.threshold = 1 (custom)
2019-09-19 14:04:54,271 [pool-58-thread-1] INFO  server.RaftServerConfigKeys (ConfUtils.java:logGet(43)) - raft.server.retrycache.expirytime = 600000ms (custom)
2019-09-19 14:04:54,271 [pool-58-thread-1] INFO  impl.RaftServerImpl (RaftServerImpl.java:start(180)) - dcc77c7b-1d37-448d-8d57-43d254561693: start group-1AB3A26E676C
2019-09-19 14:04:54,271 [pool-58-thread-1] INFO  impl.RaftServerImpl (RaftServerImpl.java:setRole(171)) - dcc77c7b-1d37-448d-8d57-43d254561693:group-1AB3A26E676C changes role from null to FOLLOWER at term 0 for startAsFollower
2019-09-19 14:04:54,272 [pool-58-thread-1] INFO  impl.RoleInfo (RoleInfo.java:updateAndGet(143)) - dcc77c7b-1d37-448d-8d57-43d254561693: start FollowerState
2019-09-19 14:04:54,272 [pool-58-thread-1] INFO  util.JmxRegister (JmxRegister.java:tryRegister(44)) - Successfully registered JMX Bean with object name Ratis:service=RaftServer,group=group-1AB3A26E676C,id=dcc77c7b-1d37-448d-8d57-43d254561693
2019-09-19 14:04:54,273 [RatisPipelineUtilsThread] INFO  pipeline.PipelineStateManager (PipelineStateManager.java:addPipeline(56)) - Created pipeline Pipeline[ Id: 11058d19-b6ae-4f84-849f-1ab3a26e676c, Nodes: dcc77c7b-1d37-448d-8d57-43d254561693{ip: 192.168.157.226, host: pr-hdds-1569-swxfz-3172132826, networkLocation: /default-rack, certSerialId: null}, Type:RATIS, Factor:ONE, State:OPEN]
2019-09-19 14:04:54,276 [grpc-default-executor-1] INFO  impl.RaftServerProxy (RaftServerProxy.java:addNew(89)) - dcc77c7b-1d37-448d-8d57-43d254561693: addNew group-26A6A6CCFAD8:[dcc77c7b-1d37-448d-8d57-43d254561693:192.168.157.226:34527] returns group-26A6A6CCFAD8:java.util.concurrent.CompletableFuture@67a101c2[Not completed]
2019-09-19 14:04:54,276 [pool-58-thread-1] INFO  impl.RaftServerImpl (RaftServerImpl.java:<init>(93)) - dcc77c7b-1d37-448d-8d57-43d254561693: new RaftServerImpl for group-26A6A6CCFAD8:[dcc77c7b-1d37-448d-8d57-43d254561693:192.168.157.226:34527] with ContainerStateMachine:uninitialized
2019-09-19 14:04:54,276 [pool-58-thread-1] INFO  server.RaftServerConfigKeys (ConfUtils.java:logGet(43)) - raft.server.rpc.timeout.min = 5s (custom)
2019-09-19 14:04:54,276 [pool-58-thread-1] INFO  server.RaftServerConfigKeys (ConfUtils.java:logGet(43)) - raft.server.rpc.timeout.max = 5200ms (custom)
2019-09-19 14:04:54,276 [pool-58-thread-1] INFO  server.RaftServerConfigKeys (ConfUtils.java:logGet(43)) - raft.server.rpcslowness.timeout = 120s (custom)
2019-09-19 14:04:54,276 [pool-58-thread-1] INFO  server.RaftServerConfigKeys (ConfUtils.java:logGet(43)) - raft.server.sleep.deviation.threshold = 300 (default)
2019-09-19 14:04:54,276 [pool-58-thread-1] INFO  server.RaftServerConfigKeys (ConfUtils.java:logGet(43)) - raft.server.log.appender.install.snapshot.enabled = false (custom)
2019-09-19 14:04:54,277 [pool-58-thread-1] INFO  impl.RaftServerImpl (ServerState.java:<init>(105)) - dcc77c7b-1d37-448d-8d57-43d254561693:group-26A6A6CCFAD8 ConfigurationManager, init=-1: [dcc77c7b-1d37-448d-8d57-43d254561693:192.168.157.226:34527], old=null, confs=<EMPTY_MAP>
2019-09-19 14:04:54,277 [pool-58-thread-1] INFO  server.RaftServerConfigKeys (ConfUtils.java:logGet(43)) - raft.server.storage.dir = [/workdir/hadoop-ozone/integration-test/target/test-dir/MiniOzoneClusterImpl-3b2755de-4cfe-4b43-9e0d-73dd8eda8f75/datanode-0/data/ratis] (custom)
2019-09-19 14:04:54,277 [pool-58-thread-1] INFO  storage.RaftStorageDirectory (RaftStorageDirectory.java:analyzeStorage(246)) - The storage directory /workdir/hadoop-ozone/integration-test/target/test-dir/MiniOzoneClusterImpl-3b2755de-4cfe-4b43-9e0d-73dd8eda8f75/datanode-0/data/ratis/a2feacce-77a7-493d-a462-26a6a6ccfad8 does not exist. Creating ...
2019-09-19 14:04:54,286 [Thread-4046] INFO  impl.FollowerState (FollowerState.java:run(106)) - dcc77c7b-1d37-448d-8d57-43d254561693:group-109076332BCC changes to CANDIDATE, lastRpcTime:5011, electionTimeout:5011ms
2019-09-19 14:04:54,286 [Thread-4046] INFO  impl.RoleInfo (RoleInfo.java:shutdownFollowerState(121)) - dcc77c7b-1d37-448d-8d57-43d254561693: shutdown FollowerState
2019-09-19 14:04:54,286 [Thread-4046] INFO  impl.RaftServerImpl (RaftServerImpl.java:setRole(171)) - dcc77c7b-1d37-448d-8d57-43d254561693:group-109076332BCC changes role from FOLLOWER to CANDIDATE at term 0 for changeToCandidate
2019-09-19 14:04:54,286 [Thread-4046] INFO  impl.RoleInfo (RoleInfo.java:updateAndGet(143)) - dcc77c7b-1d37-448d-8d57-43d254561693: start LeaderElection
2019-09-19 14:04:54,302 [pool-58-thread-1] INFO  storage.RaftStorageDirectory (RaftStorageDirectory.java:tryLock(328)) - Lock on /workdir/hadoop-ozone/integration-test/target/test-dir/MiniOzoneClusterImpl-3b2755de-4cfe-4b43-9e0d-73dd8eda8f75/datanode-0/data/ratis/a2feacce-77a7-493d-a462-26a6a6ccfad8/in_use.lock acquired by nodename 30982@pr-hdds-1569-swxfz-3172132826
2019-09-19 14:04:54,302 [dcc77c7b-1d37-448d-8d57-43d254561693:group-109076332BCC:LeaderElection531] INFO  impl.LeaderElection (LeaderElection.java:askForVotes(181)) - dcc77c7b-1d37-448d-8d57-43d254561693:group-109076332BCC:LeaderElection531: begin an election at term 1 for -1: [dcc77c7b-1d37-448d-8d57-43d254561693:192.168.157.226:34527], old=null
2019-09-19 14:04:54,303 [dcc77c7b-1d37-448d-8d57-43d254561693:group-109076332BCC:LeaderElection531] INFO  impl.RoleInfo (RoleInfo.java:shutdownLeaderElection(134)) - dcc77c7b-1d37-448d-8d57-43d254561693: shutdown LeaderElection
2019-09-19 14:04:54,303 [dcc77c7b-1d37-448d-8d57-43d254561693:group-109076332BCC:LeaderElection531] INFO  impl.RaftServerImpl (RaftServerImpl.java:setRole(171)) - dcc77c7b-1d37-448d-8d57-43d254561693:group-109076332BCC changes role from CANDIDATE to LEADER at term 1 for changeToLeader
2019-09-19 14:04:54,303 [dcc77c7b-1d37-448d-8d57-43d254561693:group-109076332BCC:LeaderElection531] INFO  impl.RaftServerImpl (ServerState.java:setLeader(263)) - dcc77c7b-1d37-448d-8d57-43d254561693:group-109076332BCC change Leader from null to dcc77c7b-1d37-448d-8d57-43d254561693 at term 1 for becomeLeader, leader elected after 5030ms
2019-09-19 14:04:54,303 [dcc77c7b-1d37-448d-8d57-43d254561693:group-109076332BCC:LeaderElection531] INFO  server.RaftServerConfigKeys (ConfUtils.java:logGet(43)) - raft.server.staging.catchup.gap = 1000 (default)
2019-09-19 14:04:54,303 [dcc77c7b-1d37-448d-8d57-43d254561693:group-109076332BCC:LeaderElection531] INFO  server.RaftServerConfigKeys (ConfUtils.java:logGet(43)) - raft.server.rpc.sleep.time = 25ms (default)
2019-09-19 14:04:54,303 [dcc77c7b-1d37-448d-8d57-43d254561693:group-109076332BCC:LeaderElection531] INFO  server.RaftServerConfigKeys (ConfUtils.java:logGet(43)) - raft.server.write.element-limit = 4096 (default)
2019-09-19 14:04:54,303 [dcc77c7b-1d37-448d-8d57-43d254561693:group-109076332BCC:LeaderElection531] INFO  server.RaftServerConfigKeys (ConfUtils.java:logGet(43)) - raft.server.watch.timeout = 10s (default)
2019-09-19 14:04:54,303 [dcc77c7b-1d37-448d-8d57-43d254561693:group-109076332BCC:LeaderElection531] INFO  server.RaftServerConfigKeys (ConfUtils.java:logGet(43)) - raft.server.watch.timeout.denomination = 1s (default)
2019-09-19 14:04:54,303 [dcc77c7b-1d37-448d-8d57-43d254561693:group-109076332BCC:LeaderElection531] INFO  server.RaftServerConfigKeys (ConfUtils.java:logGet(43)) - raft.server.watch.element-limit = 65536 (default)
2019-09-19 14:04:54,303 [dcc77c7b-1d37-448d-8d57-43d254561693:group-109076332BCC:LeaderElection531] INFO  impl.RoleInfo (RoleInfo.java:updateAndGet(143)) - dcc77c7b-1d37-448d-8d57-43d254561693: start LeaderState
2019-09-19 14:04:54,303 [dcc77c7b-1d37-448d-8d57-43d254561693:group-109076332BCC:LeaderElection531] INFO  segmented.SegmentedRaftLogWorker (SegmentedRaftLogWorker.java:startLogSegment(380)) - dcc77c7b-1d37-448d-8d57-43d254561693-SegmentedRaftLogWorker:Storage Directory /workdir/hadoop-ozone/integration-test/target/test-dir/MiniOzoneClusterImpl-3b2755de-4cfe-4b43-9e0d-73dd8eda8f75/datanode-0/data/ratis/0276fbaa-b07d-4afe-a5a8-109076332bcc: Starting segment from index:0
2019-09-19 14:04:54,304 [dcc77c7b-1d37-448d-8d57-43d254561693:group-109076332BCC:LeaderElection531] INFO  impl.RaftServerImpl (ServerState.java:setRaftConf(361)) - dcc77c7b-1d37-448d-8d57-43d254561693:group-109076332BCC set configuration 0: [dcc77c7b-1d37-448d-8d57-43d254561693:192.168.157.226:34527], old=null at 0
2019-09-19 14:04:54,317 [pool-58-thread-1] INFO  storage.RaftStorage (RaftStorage.java:format(72)) - Storage directory /workdir/hadoop-ozone/integration-test/target/test-dir/MiniOzoneClusterImpl-3b2755de-4cfe-4b43-9e0d-73dd8eda8f75/datanode-0/data/ratis/a2feacce-77a7-493d-a462-26a6a6ccfad8 has been successfully formatted.
2019-09-19 14:04:54,317 [pool-58-thread-1] INFO  ratis.ContainerStateMachine (ContainerStateMachine.java:loadSnapshot(226)) - group-26A6A6CCFAD8: The snapshot info is null. Setting the last applied indexto:(t:0, i:~)
2019-09-19 14:04:54,318 [pool-58-thread-1] INFO  server.RaftServerConfigKeys (ConfUtils.java:logGet(43)) - raft.server.leader.election.timeout = 120s (custom)
2019-09-19 14:04:54,318 [pool-58-thread-1] INFO  server.RaftServerConfigKeys (ConfUtils.java:logGet(43)) - raft.server.log.use.memory = false (default)
2019-09-19 14:04:54,318 [pool-58-thread-1] INFO  server.RaftServerConfigKeys (ConfUtils.java:logGet(43)) - raft.server.log.purge.gap = 1000000 (custom)
2019-09-19 14:04:54,318 [pool-58-thread-1] INFO  server.RaftServerConfigKeys (ConfUtils.java:logGet(43)) - raft.server.log.appender.buffer.byte-limit = 33554432 (custom)
2019-09-19 14:04:54,318 [pool-58-thread-1] INFO  server.RaftServerConfigKeys (ConfUtils.java:logGet(43)) - raft.server.log.segment.size.max = 1048576 (custom)
2019-09-19 14:04:54,318 [pool-58-thread-1] INFO  server.RaftServerConfigKeys (ConfUtils.java:logGet(43)) - raft.server.log.segment.cache.num.max = 2 (custom)
2019-09-19 14:04:54,319 [pool-58-thread-1] INFO  segmented.SegmentedRaftLogWorker (SegmentedRaftLogWorker.java:<init>(172)) - new dcc77c7b-1d37-448d-8d57-43d254561693-SegmentedRaftLogWorker:Storage Directory /workdir/hadoop-ozone/integration-test/target/test-dir/MiniOzoneClusterImpl-3b2755de-4cfe-4b43-9e0d-73dd8eda8f75/datanode-0/data/ratis/a2feacce-77a7-493d-a462-26a6a6ccfad8 for RaftStorage:Storage Directory /workdir/hadoop-ozone/integration-test/target/test-dir/MiniOzoneClusterImpl-3b2755de-4cfe-4b43-9e0d-73dd8eda8f75/datanode-0/data/ratis/a2feacce-77a7-493d-a462-26a6a6ccfad8
2019-09-19 14:04:54,319 [pool-58-thread-1] INFO  server.RaftServerConfigKeys (ConfUtils.java:logGet(43)) - raft.server.log.queue.byte-limit = 2147483647 (custom)
2019-09-19 14:04:54,319 [pool-58-thread-1] INFO  server.RaftServerConfigKeys (ConfUtils.java:logGet(43)) - raft.server.log.queue.element-limit = 1024 (custom)
2019-09-19 14:04:54,319 [pool-58-thread-1] INFO  server.RaftServerConfigKeys (ConfUtils.java:logGet(43)) - raft.server.log.segment.size.max = 1048576 (custom)
2019-09-19 14:04:54,319 [pool-58-thread-1] INFO  server.RaftServerConfigKeys (ConfUtils.java:logGet(43)) - raft.server.log.preallocated.size = 16384 (custom)
2019-09-19 14:04:54,319 [pool-58-thread-1] INFO  server.RaftServerConfigKeys (ConfUtils.java:logGet(43)) - raft.server.log.write.buffer.size = 33554432 (custom)
2019-09-19 14:04:54,319 [pool-58-thread-1] INFO  server.RaftServerConfigKeys (ConfUtils.java:logGet(43)) - raft.server.log.force.sync.num = 128 (default)
2019-09-19 14:04:54,320 [pool-58-thread-1] INFO  server.RaftServerConfigKeys (ConfUtils.java:logGet(43)) - raft.server.log.statemachine.data.sync = true (default)
2019-09-19 14:04:54,320 [pool-58-thread-1] INFO  server.RaftServerConfigKeys (ConfUtils.java:logGet(43)) - raft.server.log.statemachine.data.sync.timeout = 10s (default)
2019-09-19 14:04:54,320 [pool-58-thread-1] INFO  server.RaftServerConfigKeys (ConfUtils.java:logGet(43)) - raft.server.log.statemachine.data.sync.timeout.retry = -1 (default)
2019-09-19 14:04:54,320 [pool-58-thread-1] INFO  server.RaftServerConfigKeys (ConfUtils.java:logGet(43)) - raft.server.log.statemachine.data.caching.enabled = true (custom)
2019-09-19 14:04:54,320 [pool-58-thread-1] INFO  segmented.SegmentedRaftLogWorker (SegmentedRaftLogWorker.java:lambda$new$0(132)) - dcc77c7b-1d37-448d-8d57-43d254561693-SegmentedRaftLogWorker:Storage Directory /workdir/hadoop-ozone/integration-test/target/test-dir/MiniOzoneClusterImpl-3b2755de-4cfe-4b43-9e0d-73dd8eda8f75/datanode-0/data/ratis/a2feacce-77a7-493d-a462-26a6a6ccfad8: flushIndex: setUnconditionally 0 -> -1
2019-09-19 14:04:54,321 [pool-58-thread-1] INFO  server.RaftServerConfigKeys (ConfUtils.java:logGet(43)) - raft.server.snapshot.auto.trigger.enabled = true (custom)
2019-09-19 14:04:54,321 [pool-58-thread-1] INFO  server.RaftServerConfigKeys (ConfUtils.java:logGet(43)) - raft.server.snapshot.auto.trigger.threshold = 1 (custom)
2019-09-19 14:04:54,321 [pool-58-thread-1] INFO  server.RaftServerConfigKeys (ConfUtils.java:logGet(43)) - raft.server.retrycache.expirytime = 600000ms (custom)
2019-09-19 14:04:54,321 [pool-58-thread-1] INFO  impl.RaftServerImpl (RaftServerImpl.java:start(180)) - dcc77c7b-1d37-448d-8d57-43d254561693: start group-26A6A6CCFAD8
2019-09-19 14:04:54,321 [pool-58-thread-1] INFO  impl.RaftServerImpl (RaftServerImpl.java:setRole(171)) - dcc77c7b-1d37-448d-8d57-43d254561693:group-26A6A6CCFAD8 changes role from null to FOLLOWER at term 0 for startAsFollower
2019-09-19 14:04:54,321 [pool-58-thread-1] INFO  impl.RoleInfo (RoleInfo.java:updateAndGet(143)) - dcc77c7b-1d37-448d-8d57-43d254561693: start FollowerState
2019-09-19 14:04:54,322 [Thread-4037] INFO  impl.FollowerState (FollowerState.java:run(106)) - dcc77c7b-1d37-448d-8d57-43d254561693:group-70C8365E03ED changes to CANDIDATE, lastRpcTime:5156, electionTimeout:5156ms
2019-09-19 14:04:54,322 [Thread-4037] INFO  impl.RoleInfo (RoleInfo.java:shutdownFollowerState(121)) - dcc77c7b-1d37-448d-8d57-43d254561693: shutdown FollowerState
2019-09-19 14:04:54,322 [Thread-4037] INFO  impl.RaftServerImpl (RaftServerImpl.java:setRole(171)) - dcc77c7b-1d37-448d-8d57-43d254561693:group-70C8365E03ED changes role from FOLLOWER to CANDIDATE at term 0 for changeToCandidate
2019-09-19 14:04:54,322 [pool-58-thread-1] INFO  util.JmxRegister (JmxRegister.java:tryRegister(44)) - Successfully registered JMX Bean with object name Ratis:service=RaftServer,group=group-26A6A6CCFAD8,id=dcc77c7b-1d37-448d-8d57-43d254561693
2019-09-19 14:04:54,322 [Thread-4037] INFO  impl.RoleInfo (RoleInfo.java:updateAndGet(143)) - dcc77c7b-1d37-448d-8d57-43d254561693: start LeaderElection
2019-09-19 14:04:54,324 [RatisPipelineUtilsThread] INFO  pipeline.PipelineStateManager (PipelineStateManager.java:addPipeline(56)) - Created pipeline Pipeline[ Id: a2feacce-77a7-493d-a462-26a6a6ccfad8, Nodes: dcc77c7b-1d37-448d-8d57-43d254561693{ip: 192.168.157.226, host: pr-hdds-1569-swxfz-3172132826, networkLocation: /default-rack, certSerialId: null}, Type:RATIS, Factor:ONE, State:OPEN]
2019-09-19 14:04:54,326 [Thread-4043] INFO  impl.FollowerState (FollowerState.java:run(106)) - dcc77c7b-1d37-448d-8d57-43d254561693:group-093113564365 changes to CANDIDATE, lastRpcTime:5083, electionTimeout:5083ms
2019-09-19 14:04:54,326 [Thread-4043] INFO  impl.RoleInfo (RoleInfo.java:shutdownFollowerState(121)) - dcc77c7b-1d37-448d-8d57-43d254561693: shutdown FollowerState
2019-09-19 14:04:54,326 [Thread-4043] INFO  impl.RaftServerImpl (RaftServerImpl.java:setRole(171)) - dcc77c7b-1d37-448d-8d57-43d254561693:group-093113564365 changes role from FOLLOWER to CANDIDATE at term 0 for changeToCandidate
2019-09-19 14:04:54,326 [Thread-4043] INFO  impl.RoleInfo (RoleInfo.java:updateAndGet(143)) - dcc77c7b-1d37-448d-8d57-43d254561693: start LeaderElection
2019-09-19 14:04:54,326 [grpc-default-executor-1] INFO  impl.RaftServerProxy (RaftServerProxy.java:addNew(89)) - dcc77c7b-1d37-448d-8d57-43d254561693: addNew group-101271AE1179:[dcc77c7b-1d37-448d-8d57-43d254561693:192.168.157.226:34527] returns group-101271AE1179:java.util.concurrent.CompletableFuture@224c5f1b[Not completed]
2019-09-19 14:04:54,327 [pool-58-thread-1] INFO  impl.RaftServerImpl (RaftServerImpl.java:<init>(93)) - dcc77c7b-1d37-448d-8d57-43d254561693: new RaftServerImpl for group-101271AE1179:[dcc77c7b-1d37-448d-8d57-43d254561693:192.168.157.226:34527] with ContainerStateMachine:uninitialized
2019-09-19 14:04:54,327 [pool-58-thread-1] INFO  server.RaftServerConfigKeys (ConfUtils.java:logGet(43)) - raft.server.rpc.timeout.min = 5s (custom)
2019-09-19 14:04:54,327 [pool-58-thread-1] INFO  server.RaftServerConfigKeys (ConfUtils.java:logGet(43)) - raft.server.rpc.timeout.max = 5200ms (custom)
2019-09-19 14:04:54,328 [pool-58-thread-1] INFO  server.RaftServerConfigKeys (ConfUtils.java:logGet(43)) - raft.server.rpcslowness.timeout = 120s (custom)
2019-09-19 14:04:54,328 [pool-58-thread-1] INFO  server.RaftServerConfigKeys (ConfUtils.java:logGet(43)) - raft.server.sleep.deviation.threshold = 300 (default)
2019-09-19 14:04:54,328 [pool-58-thread-1] INFO  server.RaftServerConfigKeys (ConfUtils.java:logGet(43)) - raft.server.log.appender.install.snapshot.enabled = false (custom)
2019-09-19 14:04:54,328 [pool-58-thread-1] INFO  impl.RaftServerImpl (ServerState.java:<init>(105)) - dcc77c7b-1d37-448d-8d57-43d254561693:group-101271AE1179 ConfigurationManager, init=-1: [dcc77c7b-1d37-448d-8d57-43d254561693:192.168.157.226:34527], old=null, confs=<EMPTY_MAP>
2019-09-19 14:04:54,328 [pool-58-thread-1] INFO  server.RaftServerConfigKeys (ConfUtils.java:logGet(43)) - raft.server.storage.dir = [/workdir/hadoop-ozone/integration-test/target/test-dir/MiniOzoneClusterImpl-3b2755de-4cfe-4b43-9e0d-73dd8eda8f75/datanode-0/data/ratis] (custom)
2019-09-19 14:04:54,329 [pool-58-thread-1] INFO  storage.RaftStorageDirectory (RaftStorageDirectory.java:analyzeStorage(246)) - The storage directory /workdir/hadoop-ozone/integration-test/target/test-dir/MiniOzoneClusterImpl-3b2755de-4cfe-4b43-9e0d-73dd8eda8f75/datanode-0/data/ratis/01463b4e-5b2d-493b-85ee-101271ae1179 does not exist. Creating ...
2019-09-19 14:04:54,348 [pool-58-thread-1] INFO  storage.RaftStorageDirectory (RaftStorageDirectory.java:tryLock(328)) - Lock on /workdir/hadoop-ozone/integration-test/target/test-dir/MiniOzoneClusterImpl-3b2755de-4cfe-4b43-9e0d-73dd8eda8f75/datanode-0/data/ratis/01463b4e-5b2d-493b-85ee-101271ae1179/in_use.lock acquired by nodename 30982@pr-hdds-1569-swxfz-3172132826
2019-09-19 14:04:54,348 [dcc77c7b-1d37-448d-8d57-43d254561693:group-70C8365E03ED:LeaderElection532] INFO  impl.LeaderElection (LeaderElection.java:askForVotes(181)) - dcc77c7b-1d37-448d-8d57-43d254561693:group-70C8365E03ED:LeaderElection532: begin an election at term 1 for -1: [dcc77c7b-1d37-448d-8d57-43d254561693:192.168.157.226:34527], old=null
2019-09-19 14:04:54,348 [dcc77c7b-1d37-448d-8d57-43d254561693:group-70C8365E03ED:LeaderElection532] INFO  impl.RoleInfo (RoleInfo.java:shutdownLeaderElection(134)) - dcc77c7b-1d37-448d-8d57-43d254561693: shutdown LeaderElection
2019-09-19 14:04:54,348 [dcc77c7b-1d37-448d-8d57-43d254561693:group-70C8365E03ED:LeaderElection532] INFO  impl.RaftServerImpl (RaftServerImpl.java:setRole(171)) - dcc77c7b-1d37-448d-8d57-43d254561693:group-70C8365E03ED changes role from CANDIDATE to LEADER at term 1 for changeToLeader
2019-09-19 14:04:54,348 [dcc77c7b-1d37-448d-8d57-43d254561693:group-70C8365E03ED:LeaderElection532] INFO  impl.RaftServerImpl (ServerState.java:setLeader(263)) - dcc77c7b-1d37-448d-8d57-43d254561693:group-70C8365E03ED change Leader from null to dcc77c7b-1d37-448d-8d57-43d254561693 at term 1 for becomeLeader, leader elected after 5186ms
2019-09-19 14:04:54,348 [dcc77c7b-1d37-448d-8d57-43d254561693:group-093113564365:LeaderElection533] INFO  impl.LeaderElection (LeaderElection.java:askForVotes(181)) - dcc77c7b-1d37-448d-8d57-43d254561693:group-093113564365:LeaderElection533: begin an election at term 1 for -1: [dcc77c7b-1d37-448d-8d57-43d254561693:192.168.157.226:34527], old=null
2019-09-19 14:04:54,349 [dcc77c7b-1d37-448d-8d57-43d254561693:group-70C8365E03ED:LeaderElection532] INFO  server.RaftServerConfigKeys (ConfUtils.java:logGet(43)) - raft.server.staging.catchup.gap = 1000 (default)
2019-09-19 14:04:54,349 [dcc77c7b-1d37-448d-8d57-43d254561693:group-093113564365:LeaderElection533] INFO  impl.RoleInfo (RoleInfo.java:shutdownLeaderElection(134)) - dcc77c7b-1d37-448d-8d57-43d254561693: shutdown LeaderElection
2019-09-19 14:04:54,349 [dcc77c7b-1d37-448d-8d57-43d254561693:group-70C8365E03ED:LeaderElection532] INFO  server.RaftServerConfigKeys (ConfUtils.java:logGet(43)) - raft.server.rpc.sleep.time = 25ms (default)
2019-09-19 14:04:54,349 [dcc77c7b-1d37-448d-8d57-43d254561693-SegmentedRaftLogWorker:Storage Directory /workdir/hadoop-ozone/integration-test/target/test-dir/MiniOzoneClusterImpl-3b2755de-4cfe-4b43-9e0d-73dd8eda8f75/datanode-0/data/ratis/0276fbaa-b07d-4afe-a5a8-109076332bcc] INFO  segmented.SegmentedRaftLogWorker (SegmentedRaftLogWorker.java:execute(569)) - dcc77c7b-1d37-448d-8d57-43d254561693-SegmentedRaftLogWorker:Storage Directory /workdir/hadoop-ozone/integration-test/target/test-dir/MiniOzoneClusterImpl-3b2755de-4cfe-4b43-9e0d-73dd8eda8f75/datanode-0/data/ratis/0276fbaa-b07d-4afe-a5a8-109076332bcc: created new log segment /workdir/hadoop-ozone/integration-test/target/test-dir/MiniOzoneClusterImpl-3b2755de-4cfe-4b43-9e0d-73dd8eda8f75/datanode-0/data/ratis/0276fbaa-b07d-4afe-a5a8-109076332bcc/current/log_inprogress_0
2019-09-19 14:04:54,349 [dcc77c7b-1d37-448d-8d57-43d254561693:group-093113564365:LeaderElection533] INFO  impl.RaftServerImpl (RaftServerImpl.java:setRole(171)) - dcc77c7b-1d37-448d-8d57-43d254561693:group-093113564365 changes role from CANDIDATE to LEADER at term 1 for changeToLeader
2019-09-19 14:04:54,349 [dcc77c7b-1d37-448d-8d57-43d254561693:group-70C8365E03ED:LeaderElection532] INFO  server.RaftServerConfigKeys (ConfUtils.java:logGet(43)) - raft.server.write.element-limit = 4096 (default)
2019-09-19 14:04:54,349 [dcc77c7b-1d37-448d-8d57-43d254561693:group-093113564365:LeaderElection533] INFO  impl.RaftServerImpl (ServerState.java:setLeader(263)) - dcc77c7b-1d37-448d-8d57-43d254561693:group-093113564365 change Leader from null to dcc77c7b-1d37-448d-8d57-43d254561693 at term 1 for becomeLeader, leader elected after 5109ms
2019-09-19 14:04:54,349 [dcc77c7b-1d37-448d-8d57-43d254561693:group-70C8365E03ED:LeaderElection532] INFO  server.RaftServerConfigKeys (ConfUtils.java:logGet(43)) - raft.server.watch.timeout = 10s (default)
2019-09-19 14:04:54,350 [dcc77c7b-1d37-448d-8d57-43d254561693:group-093113564365:LeaderElection533] INFO  server.RaftServerConfigKeys (ConfUtils.java:logGet(43)) - raft.server.staging.catchup.gap = 1000 (default)
2019-09-19 14:04:54,350 [dcc77c7b-1d37-448d-8d57-43d254561693:group-70C8365E03ED:LeaderElection532] INFO  server.RaftServerConfigKeys (ConfUtils.java:logGet(43)) - raft.server.watch.timeout.denomination = 1s (default)
2019-09-19 14:04:54,350 [dcc77c7b-1d37-448d-8d57-43d254561693:group-093113564365:LeaderElection533] INFO  server.RaftServerConfigKeys (ConfUtils.java:logGet(43)) - raft.server.rpc.sleep.time = 25ms (default)
2019-09-19 14:04:54,350 [dcc77c7b-1d37-448d-8d57-43d254561693:group-70C8365E03ED:LeaderElection532] INFO  server.RaftServerConfigKeys (ConfUtils.java:logGet(43)) - raft.server.watch.element-limit = 65536 (default)
2019-09-19 14:04:54,350 [dcc77c7b-1d37-448d-8d57-43d254561693:group-093113564365:LeaderElection533] INFO  server.RaftServerConfigKeys (ConfUtils.java:logGet(43)) - raft.server.write.element-limit = 4096 (default)
2019-09-19 14:04:54,350 [dcc77c7b-1d37-448d-8d57-43d254561693:group-70C8365E03ED:LeaderElection532] INFO  impl.RoleInfo (RoleInfo.java:updateAndGet(143)) - dcc77c7b-1d37-448d-8d57-43d254561693: start LeaderState
2019-09-19 14:04:54,350 [dcc77c7b-1d37-448d-8d57-43d254561693:group-093113564365:LeaderElection533] INFO  server.RaftServerConfigKeys (ConfUtils.java:logGet(43)) - raft.server.watch.timeout = 10s (default)
2019-09-19 14:04:54,351 [dcc77c7b-1d37-448d-8d57-43d254561693:group-70C8365E03ED:LeaderElection532] INFO  segmented.SegmentedRaftLogWorker (SegmentedRaftLogWorker.java:startLogSegment(380)) - dcc77c7b-1d37-448d-8d57-43d254561693-SegmentedRaftLogWorker:Storage Directory /workdir/hadoop-ozone/integration-test/target/test-dir/MiniOzoneClusterImpl-3b2755de-4cfe-4b43-9e0d-73dd8eda8f75/datanode-0/data/ratis/270a7eb6-083c-43f6-b9e3-70c8365e03ed: Starting segment from index:0
2019-09-19 14:04:54,351 [dcc77c7b-1d37-448d-8d57-43d254561693:group-093113564365:LeaderElection533] INFO  server.RaftServerConfigKeys (ConfUtils.java:logGet(43)) - raft.server.watch.timeout.denomination = 1s (default)
2019-09-19 14:04:54,351 [dcc77c7b-1d37-448d-8d57-43d254561693:group-093113564365:LeaderElection533] INFO  server.RaftServerConfigKeys (ConfUtils.java:logGet(43)) - raft.server.watch.element-limit = 65536 (default)
2019-09-19 14:04:54,351 [dcc77c7b-1d37-448d-8d57-43d254561693:group-70C8365E03ED:LeaderElection532] INFO  impl.RaftServerImpl (ServerState.java:setRaftConf(361)) - dcc77c7b-1d37-448d-8d57-43d254561693:group-70C8365E03ED set configuration 0: [dcc77c7b-1d37-448d-8d57-43d254561693:192.168.157.226:34527], old=null at 0
2019-09-19 14:04:54,351 [dcc77c7b-1d37-448d-8d57-43d254561693:group-093113564365:LeaderElection533] INFO  impl.RoleInfo (RoleInfo.java:updateAndGet(143)) - dcc77c7b-1d37-448d-8d57-43d254561693: start LeaderState
2019-09-19 14:04:54,352 [dcc77c7b-1d37-448d-8d57-43d254561693:group-093113564365:LeaderElection533] INFO  segmented.SegmentedRaftLogWorker (SegmentedRaftLogWorker.java:startLogSegment(380)) - dcc77c7b-1d37-448d-8d57-43d254561693-SegmentedRaftLogWorker:Storage Directory /workdir/hadoop-ozone/integration-test/target/test-dir/MiniOzoneClusterImpl-3b2755de-4cfe-4b43-9e0d-73dd8eda8f75/datanode-0/data/ratis/85f34641-e182-46c6-bcfe-093113564365: Starting segment from index:0
2019-09-19 14:04:54,352 [dcc77c7b-1d37-448d-8d57-43d254561693:group-093113564365:LeaderElection533] INFO  impl.RaftServerImpl (ServerState.java:setRaftConf(361)) - dcc77c7b-1d37-448d-8d57-43d254561693:group-093113564365 set configuration 0: [dcc77c7b-1d37-448d-8d57-43d254561693:192.168.157.226:34527], old=null at 0
2019-09-19 14:04:54,363 [pool-58-thread-1] INFO  storage.RaftStorage (RaftStorage.java:format(72)) - Storage directory /workdir/hadoop-ozone/integration-test/target/test-dir/MiniOzoneClusterImpl-3b2755de-4cfe-4b43-9e0d-73dd8eda8f75/datanode-0/data/ratis/01463b4e-5b2d-493b-85ee-101271ae1179 has been successfully formatted.
2019-09-19 14:04:54,364 [pool-58-thread-1] INFO  ratis.ContainerStateMachine (ContainerStateMachine.java:loadSnapshot(226)) - group-101271AE1179: The snapshot info is null. Setting the last applied indexto:(t:0, i:~)
2019-09-19 14:04:54,364 [pool-58-thread-1] INFO  server.RaftServerConfigKeys (ConfUtils.java:logGet(43)) - raft.server.leader.election.timeout = 120s (custom)
2019-09-19 14:04:54,364 [pool-58-thread-1] INFO  server.RaftServerConfigKeys (ConfUtils.java:logGet(43)) - raft.server.log.use.memory = false (default)
2019-09-19 14:04:54,364 [pool-58-thread-1] INFO  server.RaftServerConfigKeys (ConfUtils.java:logGet(43)) - raft.server.log.purge.gap = 1000000 (custom)
2019-09-19 14:04:54,364 [pool-58-thread-1] INFO  server.RaftServerConfigKeys (ConfUtils.java:logGet(43)) - raft.server.log.appender.buffer.byte-limit = 33554432 (custom)
2019-09-19 14:04:54,364 [pool-58-thread-1] INFO  server.RaftServerConfigKeys (ConfUtils.java:logGet(43)) - raft.server.log.segment.size.max = 1048576 (custom)
2019-09-19 14:04:54,364 [pool-58-thread-1] INFO  server.RaftServerConfigKeys (ConfUtils.java:logGet(43)) - raft.server.log.segment.cache.num.max = 2 (custom)
2019-09-19 14:04:54,364 [pool-58-thread-1] INFO  segmented.SegmentedRaftLogWorker (SegmentedRaftLogWorker.java:<init>(172)) - new dcc77c7b-1d37-448d-8d57-43d254561693-SegmentedRaftLogWorker:Storage Directory /workdir/hadoop-ozone/integration-test/target/test-dir/MiniOzoneClusterImpl-3b2755de-4cfe-4b43-9e0d-73dd8eda8f75/datanode-0/data/ratis/01463b4e-5b2d-493b-85ee-101271ae1179 for RaftStorage:Storage Directory /workdir/hadoop-ozone/integration-test/target/test-dir/MiniOzoneClusterImpl-3b2755de-4cfe-4b43-9e0d-73dd8eda8f75/datanode-0/data/ratis/01463b4e-5b2d-493b-85ee-101271ae1179
2019-09-19 14:04:54,365 [pool-58-thread-1] INFO  server.RaftServerConfigKeys (ConfUtils.java:logGet(43)) - raft.server.log.queue.byte-limit = 2147483647 (custom)
2019-09-19 14:04:54,365 [pool-58-thread-1] INFO  server.RaftServerConfigKeys (ConfUtils.java:logGet(43)) - raft.server.log.queue.element-limit = 1024 (custom)
2019-09-19 14:04:54,365 [pool-58-thread-1] INFO  server.RaftServerConfigKeys (ConfUtils.java:logGet(43)) - raft.server.log.segment.size.max = 1048576 (custom)
2019-09-19 14:04:54,365 [pool-58-thread-1] INFO  server.RaftServerConfigKeys (ConfUtils.java:logGet(43)) - raft.server.log.preallocated.size = 16384 (custom)
2019-09-19 14:04:54,365 [pool-58-thread-1] INFO  server.RaftServerConfigKeys (ConfUtils.java:logGet(43)) - raft.server.log.write.buffer.size = 33554432 (custom)
2019-09-19 14:04:54,365 [pool-58-thread-1] INFO  server.RaftServerConfigKeys (ConfUtils.java:logGet(43)) - raft.server.log.force.sync.num = 128 (default)
2019-09-19 14:04:54,365 [pool-58-thread-1] INFO  server.RaftServerConfigKeys (ConfUtils.java:logGet(43)) - raft.server.log.statemachine.data.sync = true (default)
2019-09-19 14:04:54,365 [pool-58-thread-1] INFO  server.RaftServerConfigKeys (ConfUtils.java:logGet(43)) - raft.server.log.statemachine.data.sync.timeout = 10s (default)
2019-09-19 14:04:54,365 [pool-58-thread-1] INFO  server.RaftServerConfigKeys (ConfUtils.java:logGet(43)) - raft.server.log.statemachine.data.sync.timeout.retry = -1 (default)
2019-09-19 14:04:54,366 [pool-58-thread-1] INFO  server.RaftServerConfigKeys (ConfUtils.java:logGet(43)) - raft.server.log.statemachine.data.caching.enabled = true (custom)
2019-09-19 14:04:54,366 [pool-58-thread-1] INFO  segmented.SegmentedRaftLogWorker (SegmentedRaftLogWorker.java:lambda$new$0(132)) - dcc77c7b-1d37-448d-8d57-43d254561693-SegmentedRaftLogWorker:Storage Directory /workdir/hadoop-ozone/integration-test/target/test-dir/MiniOzoneClusterImpl-3b2755de-4cfe-4b43-9e0d-73dd8eda8f75/datanode-0/data/ratis/01463b4e-5b2d-493b-85ee-101271ae1179: flushIndex: setUnconditionally 0 -> -1
2019-09-19 14:04:54,366 [pool-58-thread-1] INFO  server.RaftServerConfigKeys (ConfUtils.java:logGet(43)) - raft.server.snapshot.auto.trigger.enabled = true (custom)
2019-09-19 14:04:54,366 [pool-58-thread-1] INFO  server.RaftServerConfigKeys (ConfUtils.java:logGet(43)) - raft.server.snapshot.auto.trigger.threshold = 1 (custom)
2019-09-19 14:04:54,366 [pool-58-thread-1] INFO  server.RaftServerConfigKeys (ConfUtils.java:logGet(43)) - raft.server.retrycache.expirytime = 600000ms (custom)
2019-09-19 14:04:54,366 [pool-58-thread-1] INFO  impl.RaftServerImpl (RaftServerImpl.java:start(180)) - dcc77c7b-1d37-448d-8d57-43d254561693: start group-101271AE1179
2019-09-19 14:04:54,366 [pool-58-thread-1] INFO  impl.RaftServerImpl (RaftServerImpl.java:setRole(171)) - dcc77c7b-1d37-448d-8d57-43d254561693:group-101271AE1179 changes role from null to FOLLOWER at term 0 for startAsFollower
2019-09-19 14:04:54,367 [pool-58-thread-1] INFO  impl.RoleInfo (RoleInfo.java:updateAndGet(143)) - dcc77c7b-1d37-448d-8d57-43d254561693: start FollowerState
2019-09-19 14:04:54,367 [pool-58-thread-1] INFO  util.JmxRegister (JmxRegister.java:tryRegister(44)) - Successfully registered JMX Bean with object name Ratis:service=RaftServer,group=group-101271AE1179,id=dcc77c7b-1d37-448d-8d57-43d254561693
2019-09-19 14:04:54,369 [RatisPipelineUtilsThread] INFO  pipeline.PipelineStateManager (PipelineStateManager.java:addPipeline(56)) - Created pipeline Pipeline[ Id: 01463b4e-5b2d-493b-85ee-101271ae1179, Nodes: dcc77c7b-1d37-448d-8d57-43d254561693{ip: 192.168.157.226, host: pr-hdds-1569-swxfz-3172132826, networkLocation: /default-rack, certSerialId: null}, Type:RATIS, Factor:ONE, State:OPEN]
2019-09-19 14:04:54,371 [grpc-default-executor-1] INFO  impl.RaftServerProxy (RaftServerProxy.java:addNew(89)) - dcc77c7b-1d37-448d-8d57-43d254561693: addNew group-BB4770E0F3FD:[dcc77c7b-1d37-448d-8d57-43d254561693:192.168.157.226:34527] returns group-BB4770E0F3FD:java.util.concurrent.CompletableFuture@1f551d31[Not completed]
2019-09-19 14:04:54,372 [pool-58-thread-1] INFO  impl.RaftServerImpl (RaftServerImpl.java:<init>(93)) - dcc77c7b-1d37-448d-8d57-43d254561693: new RaftServerImpl for group-BB4770E0F3FD:[dcc77c7b-1d37-448d-8d57-43d254561693:192.168.157.226:34527] with ContainerStateMachine:uninitialized
2019-09-19 14:04:54,372 [pool-58-thread-1] INFO  server.RaftServerConfigKeys (ConfUtils.java:logGet(43)) - raft.server.rpc.timeout.min = 5s (custom)
2019-09-19 14:04:54,372 [pool-58-thread-1] INFO  server.RaftServerConfigKeys (ConfUtils.java:logGet(43)) - raft.server.rpc.timeout.max = 5200ms (custom)
2019-09-19 14:04:54,372 [pool-58-thread-1] INFO  server.RaftServerConfigKeys (ConfUtils.java:logGet(43)) - raft.server.rpcslowness.timeout = 120s (custom)
2019-09-19 14:04:54,373 [pool-58-thread-1] INFO  server.RaftServerConfigKeys (ConfUtils.java:logGet(43)) - raft.server.sleep.deviation.threshold = 300 (default)
2019-09-19 14:04:54,373 [pool-58-thread-1] INFO  server.RaftServerConfigKeys (ConfUtils.java:logGet(43)) - raft.server.log.appender.install.snapshot.enabled = false (custom)
2019-09-19 14:04:54,373 [pool-58-thread-1] INFO  impl.RaftServerImpl (ServerState.java:<init>(105)) - dcc77c7b-1d37-448d-8d57-43d254561693:group-BB4770E0F3FD ConfigurationManager, init=-1: [dcc77c7b-1d37-448d-8d57-43d254561693:192.168.157.226:34527], old=null, confs=<EMPTY_MAP>
2019-09-19 14:04:54,373 [pool-58-thread-1] INFO  server.RaftServerConfigKeys (ConfUtils.java:logGet(43)) - raft.server.storage.dir = [/workdir/hadoop-ozone/integration-test/target/test-dir/MiniOzoneClusterImpl-3b2755de-4cfe-4b43-9e0d-73dd8eda8f75/datanode-0/data/ratis] (custom)
2019-09-19 14:04:54,374 [pool-58-thread-1] INFO  storage.RaftStorageDirectory (RaftStorageDirectory.java:analyzeStorage(246)) - The storage directory /workdir/hadoop-ozone/integration-test/target/test-dir/MiniOzoneClusterImpl-3b2755de-4cfe-4b43-9e0d-73dd8eda8f75/datanode-0/data/ratis/684f71f8-0656-4437-9b6f-bb4770e0f3fd does not exist. Creating ...
2019-09-19 14:04:54,387 [pool-58-thread-1] INFO  storage.RaftStorageDirectory (RaftStorageDirectory.java:tryLock(328)) - Lock on /workdir/hadoop-ozone/integration-test/target/test-dir/MiniOzoneClusterImpl-3b2755de-4cfe-4b43-9e0d-73dd8eda8f75/datanode-0/data/ratis/684f71f8-0656-4437-9b6f-bb4770e0f3fd/in_use.lock acquired by nodename 30982@pr-hdds-1569-swxfz-3172132826
2019-09-19 14:04:54,387 [dcc77c7b-1d37-448d-8d57-43d254561693-SegmentedRaftLogWorker:Storage Directory /workdir/hadoop-ozone/integration-test/target/test-dir/MiniOzoneClusterImpl-3b2755de-4cfe-4b43-9e0d-73dd8eda8f75/datanode-0/data/ratis/270a7eb6-083c-43f6-b9e3-70c8365e03ed] INFO  segmented.SegmentedRaftLogWorker (SegmentedRaftLogWorker.java:execute(569)) - dcc77c7b-1d37-448d-8d57-43d254561693-SegmentedRaftLogWorker:Storage Directory /workdir/hadoop-ozone/integration-test/target/test-dir/MiniOzoneClusterImpl-3b2755de-4cfe-4b43-9e0d-73dd8eda8f75/datanode-0/data/ratis/270a7eb6-083c-43f6-b9e3-70c8365e03ed: created new log segment /workdir/hadoop-ozone/integration-test/target/test-dir/MiniOzoneClusterImpl-3b2755de-4cfe-4b43-9e0d-73dd8eda8f75/datanode-0/data/ratis/270a7eb6-083c-43f6-b9e3-70c8365e03ed/current/log_inprogress_0
2019-09-19 14:04:54,388 [Thread-4052] INFO  impl.FollowerState (FollowerState.java:run(106)) - dcc77c7b-1d37-448d-8d57-43d254561693:group-E3F8F6998740 changes to CANDIDATE, lastRpcTime:5048, electionTimeout:5048ms
2019-09-19 14:04:54,388 [Thread-4052] INFO  impl.RoleInfo (RoleInfo.java:shutdownFollowerState(121)) - dcc77c7b-1d37-448d-8d57-43d254561693: shutdown FollowerState
2019-09-19 14:04:54,388 [Thread-4052] INFO  impl.RaftServerImpl (RaftServerImpl.java:setRole(171)) - dcc77c7b-1d37-448d-8d57-43d254561693:group-E3F8F6998740 changes role from FOLLOWER to CANDIDATE at term 0 for changeToCandidate
2019-09-19 14:04:54,388 [Thread-4052] INFO  impl.RoleInfo (RoleInfo.java:updateAndGet(143)) - dcc77c7b-1d37-448d-8d57-43d254561693: start LeaderElection
2019-09-19 14:04:54,392 [pool-58-thread-1] INFO  storage.RaftStorage (RaftStorage.java:format(72)) - Storage directory /workdir/hadoop-ozone/integration-test/target/test-dir/MiniOzoneClusterImpl-3b2755de-4cfe-4b43-9e0d-73dd8eda8f75/datanode-0/data/ratis/684f71f8-0656-4437-9b6f-bb4770e0f3fd has been successfully formatted.
2019-09-19 14:04:54,392 [dcc77c7b-1d37-448d-8d57-43d254561693:group-E3F8F6998740:LeaderElection534] INFO  impl.LeaderElection (LeaderElection.java:askForVotes(181)) - dcc77c7b-1d37-448d-8d57-43d254561693:group-E3F8F6998740:LeaderElection534: begin an election at term 1 for -1: [dcc77c7b-1d37-448d-8d57-43d254561693:192.168.157.226:34527], old=null
2019-09-19 14:04:54,393 [pool-58-thread-1] INFO  ratis.ContainerStateMachine (ContainerStateMachine.java:loadSnapshot(226)) - group-BB4770E0F3FD: The snapshot info is null. Setting the last applied indexto:(t:0, i:~)
2019-09-19 14:04:54,393 [dcc77c7b-1d37-448d-8d57-43d254561693:group-E3F8F6998740:LeaderElection534] INFO  impl.RoleInfo (RoleInfo.java:shutdownLeaderElection(134)) - dcc77c7b-1d37-448d-8d57-43d254561693: shutdown LeaderElection
2019-09-19 14:04:54,393 [pool-58-thread-1] INFO  server.RaftServerConfigKeys (ConfUtils.java:logGet(43)) - raft.server.leader.election.timeout = 120s (custom)
2019-09-19 14:04:54,393 [dcc77c7b-1d37-448d-8d57-43d254561693:group-E3F8F6998740:LeaderElection534] INFO  impl.RaftServerImpl (RaftServerImpl.java:setRole(171)) - dcc77c7b-1d37-448d-8d57-43d254561693:group-E3F8F6998740 changes role from CANDIDATE to LEADER at term 1 for changeToLeader
2019-09-19 14:04:54,393 [pool-58-thread-1] INFO  server.RaftServerConfigKeys (ConfUtils.java:logGet(43)) - raft.server.log.use.memory = false (default)
2019-09-19 14:04:54,393 [dcc77c7b-1d37-448d-8d57-43d254561693:group-E3F8F6998740:LeaderElection534] INFO  impl.RaftServerImpl (ServerState.java:setLeader(263)) - dcc77c7b-1d37-448d-8d57-43d254561693:group-E3F8F6998740 change Leader from null to dcc77c7b-1d37-448d-8d57-43d254561693 at term 1 for becomeLeader, leader elected after 5056ms
2019-09-19 14:04:54,393 [pool-58-thread-1] INFO  server.RaftServerConfigKeys (ConfUtils.java:logGet(43)) - raft.server.log.purge.gap = 1000000 (custom)
2019-09-19 14:04:54,393 [dcc77c7b-1d37-448d-8d57-43d254561693:group-E3F8F6998740:LeaderElection534] INFO  server.RaftServerConfigKeys (ConfUtils.java:logGet(43)) - raft.server.staging.catchup.gap = 1000 (default)
2019-09-19 14:04:54,393 [pool-58-thread-1] INFO  server.RaftServerConfigKeys (ConfUtils.java:logGet(43)) - raft.server.log.appender.buffer.byte-limit = 33554432 (custom)
2019-09-19 14:04:54,393 [dcc77c7b-1d37-448d-8d57-43d254561693:group-E3F8F6998740:LeaderElection534] INFO  server.RaftServerConfigKeys (ConfUtils.java:logGet(43)) - raft.server.rpc.sleep.time = 25ms (default)
2019-09-19 14:04:54,394 [pool-58-thread-1] INFO  server.RaftServerConfigKeys (ConfUtils.java:logGet(43)) - raft.server.log.segment.size.max = 1048576 (custom)
2019-09-19 14:04:54,394 [dcc77c7b-1d37-448d-8d57-43d254561693:group-E3F8F6998740:LeaderElection534] INFO  server.RaftServerConfigKeys (ConfUtils.java:logGet(43)) - raft.server.write.element-limit = 4096 (default)
2019-09-19 14:04:54,394 [pool-58-thread-1] INFO  server.RaftServerConfigKeys (ConfUtils.java:logGet(43)) - raft.server.log.segment.cache.num.max = 2 (custom)
2019-09-19 14:04:54,394 [dcc77c7b-1d37-448d-8d57-43d254561693:group-E3F8F6998740:LeaderElection534] INFO  server.RaftServerConfigKeys (ConfUtils.java:logGet(43)) - raft.server.watch.timeout = 10s (default)
2019-09-19 14:04:54,394 [pool-58-thread-1] INFO  segmented.SegmentedRaftLogWorker (SegmentedRaftLogWorker.java:<init>(172)) - new dcc77c7b-1d37-448d-8d57-43d254561693-SegmentedRaftLogWorker:Storage Directory /workdir/hadoop-ozone/integration-test/target/test-dir/MiniOzoneClusterImpl-3b2755de-4cfe-4b43-9e0d-73dd8eda8f75/datanode-0/data/ratis/684f71f8-0656-4437-9b6f-bb4770e0f3fd for RaftStorage:Storage Directory /workdir/hadoop-ozone/integration-test/target/test-dir/MiniOzoneClusterImpl-3b2755de-4cfe-4b43-9e0d-73dd8eda8f75/datanode-0/data/ratis/684f71f8-0656-4437-9b6f-bb4770e0f3fd
2019-09-19 14:04:54,394 [dcc77c7b-1d37-448d-8d57-43d254561693:group-E3F8F6998740:LeaderElection534] INFO  server.RaftServerConfigKeys (ConfUtils.java:logGet(43)) - raft.server.watch.timeout.denomination = 1s (default)
2019-09-19 14:04:54,394 [pool-58-thread-1] INFO  server.RaftServerConfigKeys (ConfUtils.java:logGet(43)) - raft.server.log.queue.byte-limit = 2147483647 (custom)
2019-09-19 14:04:54,394 [dcc77c7b-1d37-448d-8d57-43d254561693:group-E3F8F6998740:LeaderElection534] INFO  server.RaftServerConfigKeys (ConfUtils.java:logGet(43)) - raft.server.watch.element-limit = 65536 (default)
2019-09-19 14:04:54,395 [pool-58-thread-1] INFO  server.RaftServerConfigKeys (ConfUtils.java:logGet(43)) - raft.server.log.queue.element-limit = 1024 (custom)
2019-09-19 14:04:54,395 [dcc77c7b-1d37-448d-8d57-43d254561693:group-E3F8F6998740:LeaderElection534] INFO  impl.RoleInfo (RoleInfo.java:updateAndGet(143)) - dcc77c7b-1d37-448d-8d57-43d254561693: start LeaderState
2019-09-19 14:04:54,395 [pool-58-thread-1] INFO  server.RaftServerConfigKeys (ConfUtils.java:logGet(43)) - raft.server.log.segment.size.max = 1048576 (custom)
2019-09-19 14:04:54,395 [dcc77c7b-1d37-448d-8d57-43d254561693:group-E3F8F6998740:LeaderElection534] INFO  segmented.SegmentedRaftLogWorker (SegmentedRaftLogWorker.java:startLogSegment(380)) - dcc77c7b-1d37-448d-8d57-43d254561693-SegmentedRaftLogWorker:Storage Directory /workdir/hadoop-ozone/integration-test/target/test-dir/MiniOzoneClusterImpl-3b2755de-4cfe-4b43-9e0d-73dd8eda8f75/datanode-0/data/ratis/b7afad60-d026-4b6a-a166-e3f8f6998740: Starting segment from index:0
2019-09-19 14:04:54,395 [pool-58-thread-1] INFO  server.RaftServerConfigKeys (ConfUtils.java:logGet(43)) - raft.server.log.preallocated.size = 16384 (custom)
2019-09-19 14:04:54,395 [pool-58-thread-1] INFO  server.RaftServerConfigKeys (ConfUtils.java:logGet(43)) - raft.server.log.write.buffer.size = 33554432 (custom)
2019-09-19 14:04:54,395 [dcc77c7b-1d37-448d-8d57-43d254561693:group-E3F8F6998740:LeaderElection534] INFO  impl.RaftServerImpl (ServerState.java:setRaftConf(361)) - dcc77c7b-1d37-448d-8d57-43d254561693:group-E3F8F6998740 set configuration 0: [dcc77c7b-1d37-448d-8d57-43d254561693:192.168.157.226:34527], old=null at 0
2019-09-19 14:04:54,395 [pool-58-thread-1] INFO  server.RaftServerConfigKeys (ConfUtils.java:logGet(43)) - raft.server.log.force.sync.num = 128 (default)
2019-09-19 14:04:54,396 [pool-58-thread-1] INFO  server.RaftServerConfigKeys (ConfUtils.java:logGet(43)) - raft.server.log.statemachine.data.sync = true (default)
2019-09-19 14:04:54,396 [pool-58-thread-1] INFO  server.RaftServerConfigKeys (ConfUtils.java:logGet(43)) - raft.server.log.statemachine.data.sync.timeout = 10s (default)
2019-09-19 14:04:54,396 [pool-58-thread-1] INFO  server.RaftServerConfigKeys (ConfUtils.java:logGet(43)) - raft.server.log.statemachine.data.sync.timeout.retry = -1 (default)
2019-09-19 14:04:54,396 [pool-58-thread-1] INFO  server.RaftServerConfigKeys (ConfUtils.java:logGet(43)) - raft.server.log.statemachine.data.caching.enabled = true (custom)
2019-09-19 14:04:54,396 [Thread-4040] INFO  impl.FollowerState (FollowerState.java:run(106)) - dcc77c7b-1d37-448d-8d57-43d254561693:group-7072FED0E77C changes to CANDIDATE, lastRpcTime:5187, electionTimeout:5187ms
2019-09-19 14:04:54,396 [pool-58-thread-1] INFO  segmented.SegmentedRaftLogWorker (SegmentedRaftLogWorker.java:lambda$new$0(132)) - dcc77c7b-1d37-448d-8d57-43d254561693-SegmentedRaftLogWorker:Storage Directory /workdir/hadoop-ozone/integration-test/target/test-dir/MiniOzoneClusterImpl-3b2755de-4cfe-4b43-9e0d-73dd8eda8f75/datanode-0/data/ratis/684f71f8-0656-4437-9b6f-bb4770e0f3fd: flushIndex: setUnconditionally 0 -> -1
2019-09-19 14:04:54,396 [Thread-4040] INFO  impl.RoleInfo (RoleInfo.java:shutdownFollowerState(121)) - dcc77c7b-1d37-448d-8d57-43d254561693: shutdown FollowerState
2019-09-19 14:04:54,397 [Thread-4040] INFO  impl.RaftServerImpl (RaftServerImpl.java:setRole(171)) - dcc77c7b-1d37-448d-8d57-43d254561693:group-7072FED0E77C changes role from FOLLOWER to CANDIDATE at term 0 for changeToCandidate
2019-09-19 14:04:54,397 [pool-58-thread-1] INFO  server.RaftServerConfigKeys (ConfUtils.java:logGet(43)) - raft.server.snapshot.auto.trigger.enabled = true (custom)
2019-09-19 14:04:54,397 [Thread-4040] INFO  impl.RoleInfo (RoleInfo.java:updateAndGet(143)) - dcc77c7b-1d37-448d-8d57-43d254561693: start LeaderElection
2019-09-19 14:04:54,397 [pool-58-thread-1] INFO  server.RaftServerConfigKeys (ConfUtils.java:logGet(43)) - raft.server.snapshot.auto.trigger.threshold = 1 (custom)
2019-09-19 14:04:54,397 [pool-58-thread-1] INFO  server.RaftServerConfigKeys (ConfUtils.java:logGet(43)) - raft.server.retrycache.expirytime = 600000ms (custom)
2019-09-19 14:04:54,397 [pool-58-thread-1] INFO  impl.RaftServerImpl (RaftServerImpl.java:start(180)) - dcc77c7b-1d37-448d-8d57-43d254561693: start group-BB4770E0F3FD
2019-09-19 14:04:54,398 [pool-58-thread-1] INFO  impl.RaftServerImpl (RaftServerImpl.java:setRole(171)) - dcc77c7b-1d37-448d-8d57-43d254561693:group-BB4770E0F3FD changes role from null to FOLLOWER at term 0 for startAsFollower
2019-09-19 14:04:54,398 [pool-58-thread-1] INFO  impl.RoleInfo (RoleInfo.java:updateAndGet(143)) - dcc77c7b-1d37-448d-8d57-43d254561693: start FollowerState
2019-09-19 14:04:54,398 [pool-58-thread-1] INFO  util.JmxRegister (JmxRegister.java:tryRegister(44)) - Successfully registered JMX Bean with object name Ratis:service=RaftServer,group=group-BB4770E0F3FD,id=dcc77c7b-1d37-448d-8d57-43d254561693
2019-09-19 14:04:54,400 [RatisPipelineUtilsThread] INFO  pipeline.PipelineStateManager (PipelineStateManager.java:addPipeline(56)) - Created pipeline Pipeline[ Id: 684f71f8-0656-4437-9b6f-bb4770e0f3fd, Nodes: dcc77c7b-1d37-448d-8d57-43d254561693{ip: 192.168.157.226, host: pr-hdds-1569-swxfz-3172132826, networkLocation: /default-rack, certSerialId: null}, Type:RATIS, Factor:ONE, State:OPEN]
2019-09-19 14:04:54,402 [dcc77c7b-1d37-448d-8d57-43d254561693:group-7072FED0E77C:LeaderElection535] INFO  impl.LeaderElection (LeaderElection.java:askForVotes(181)) - dcc77c7b-1d37-448d-8d57-43d254561693:group-7072FED0E77C:LeaderElection535: begin an election at term 1 for -1: [dcc77c7b-1d37-448d-8d57-43d254561693:192.168.157.226:34527], old=null
2019-09-19 14:04:54,402 [dcc77c7b-1d37-448d-8d57-43d254561693-SegmentedRaftLogWorker:Storage Directory /workdir/hadoop-ozone/integration-test/target/test-dir/MiniOzoneClusterImpl-3b2755de-4cfe-4b43-9e0d-73dd8eda8f75/datanode-0/data/ratis/85f34641-e182-46c6-bcfe-093113564365] INFO  segmented.SegmentedRaftLogWorker (SegmentedRaftLogWorker.java:execute(569)) - dcc77c7b-1d37-448d-8d57-43d254561693-SegmentedRaftLogWorker:Storage Directory /workdir/hadoop-ozone/integration-test/target/test-dir/MiniOzoneClusterImpl-3b2755de-4cfe-4b43-9e0d-73dd8eda8f75/datanode-0/data/ratis/85f34641-e182-46c6-bcfe-093113564365: created new log segment /workdir/hadoop-ozone/integration-test/target/test-dir/MiniOzoneClusterImpl-3b2755de-4cfe-4b43-9e0d-73dd8eda8f75/datanode-0/data/ratis/85f34641-e182-46c6-bcfe-093113564365/current/log_inprogress_0
2019-09-19 14:04:54,402 [dcc77c7b-1d37-448d-8d57-43d254561693:group-7072FED0E77C:LeaderElection535] INFO  impl.RoleInfo (RoleInfo.java:shutdownLeaderElection(134)) - dcc77c7b-1d37-448d-8d57-43d254561693: shutdown LeaderElection
2019-09-19 14:04:54,402 [dcc77c7b-1d37-448d-8d57-43d254561693:group-7072FED0E77C:LeaderElection535] INFO  impl.RaftServerImpl (RaftServerImpl.java:setRole(171)) - dcc77c7b-1d37-448d-8d57-43d254561693:group-7072FED0E77C changes role from CANDIDATE to LEADER at term 1 for changeToLeader
2019-09-19 14:04:54,402 [dcc77c7b-1d37-448d-8d57-43d254561693:group-7072FED0E77C:LeaderElection535] INFO  impl.RaftServerImpl (ServerState.java:setLeader(263)) - dcc77c7b-1d37-448d-8d57-43d254561693:group-7072FED0E77C change Leader from null to dcc77c7b-1d37-448d-8d57-43d254561693 at term 1 for becomeLeader, leader elected after 5195ms
2019-09-19 14:04:54,402 [grpc-default-executor-1] INFO  impl.RaftServerProxy (RaftServerProxy.java:addNew(89)) - dcc77c7b-1d37-448d-8d57-43d254561693: addNew group-332CF7478EA4:[dcc77c7b-1d37-448d-8d57-43d254561693:192.168.157.226:34527] returns group-332CF7478EA4:java.util.concurrent.CompletableFuture@45067806[Not completed]
2019-09-19 14:04:54,403 [dcc77c7b-1d37-448d-8d57-43d254561693:group-7072FED0E77C:LeaderElection535] INFO  server.RaftServerConfigKeys (ConfUtils.java:logGet(43)) - raft.server.staging.catchup.gap = 1000 (default)
2019-09-19 14:04:54,403 [dcc77c7b-1d37-448d-8d57-43d254561693:group-7072FED0E77C:LeaderElection535] INFO  server.RaftServerConfigKeys (ConfUtils.java:logGet(43)) - raft.server.rpc.sleep.time = 25ms (default)
2019-09-19 14:04:54,403 [dcc77c7b-1d37-448d-8d57-43d254561693:group-7072FED0E77C:LeaderElection535] INFO  server.RaftServerConfigKeys (ConfUtils.java:logGet(43)) - raft.server.write.element-limit = 4096 (default)
2019-09-19 14:04:54,403 [dcc77c7b-1d37-448d-8d57-43d254561693:group-7072FED0E77C:LeaderElection535] INFO  server.RaftServerConfigKeys (ConfUtils.java:logGet(43)) - raft.server.watch.timeout = 10s (default)
2019-09-19 14:04:54,403 [dcc77c7b-1d37-448d-8d57-43d254561693:group-7072FED0E77C:LeaderElection535] INFO  server.RaftServerConfigKeys (ConfUtils.java:logGet(43)) - raft.server.watch.timeout.denomination = 1s (default)
2019-09-19 14:04:54,403 [pool-58-thread-1] INFO  impl.RaftServerImpl (RaftServerImpl.java:<init>(93)) - dcc77c7b-1d37-448d-8d57-43d254561693: new RaftServerImpl for group-332CF7478EA4:[dcc77c7b-1d37-448d-8d57-43d254561693:192.168.157.226:34527] with ContainerStateMachine:uninitialized
2019-09-19 14:04:54,403 [dcc77c7b-1d37-448d-8d57-43d254561693:group-7072FED0E77C:LeaderElection535] INFO  server.RaftServerConfigKeys (ConfUtils.java:logGet(43)) - raft.server.watch.element-limit = 65536 (default)
2019-09-19 14:04:54,404 [pool-58-thread-1] INFO  server.RaftServerConfigKeys (ConfUtils.java:logGet(43)) - raft.server.rpc.timeout.min = 5s (custom)
2019-09-19 14:04:54,404 [dcc77c7b-1d37-448d-8d57-43d254561693:group-7072FED0E77C:LeaderElection535] INFO  impl.RoleInfo (RoleInfo.java:updateAndGet(143)) - dcc77c7b-1d37-448d-8d57-43d254561693: start LeaderState
2019-09-19 14:04:54,404 [pool-58-thread-1] INFO  server.RaftServerConfigKeys (ConfUtils.java:logGet(43)) - raft.server.rpc.timeout.max = 5200ms (custom)
2019-09-19 14:04:54,404 [pool-58-thread-1] INFO  server.RaftServerConfigKeys (ConfUtils.java:logGet(43)) - raft.server.rpcslowness.timeout = 120s (custom)
2019-09-19 14:04:54,404 [dcc77c7b-1d37-448d-8d57-43d254561693:group-7072FED0E77C:LeaderElection535] INFO  segmented.SegmentedRaftLogWorker (SegmentedRaftLogWorker.java:startLogSegment(380)) - dcc77c7b-1d37-448d-8d57-43d254561693-SegmentedRaftLogWorker:Storage Directory /workdir/hadoop-ozone/integration-test/target/test-dir/MiniOzoneClusterImpl-3b2755de-4cfe-4b43-9e0d-73dd8eda8f75/datanode-0/data/ratis/fd5909a7-4e86-4d8b-9ed6-7072fed0e77c: Starting segment from index:0
2019-09-19 14:04:54,404 [pool-58-thread-1] INFO  server.RaftServerConfigKeys (ConfUtils.java:logGet(43)) - raft.server.sleep.deviation.threshold = 300 (default)
2019-09-19 14:04:54,405 [pool-58-thread-1] INFO  server.RaftServerConfigKeys (ConfUtils.java:logGet(43)) - raft.server.log.appender.install.snapshot.enabled = false (custom)
2019-09-19 14:04:54,405 [dcc77c7b-1d37-448d-8d57-43d254561693:group-7072FED0E77C:LeaderElection535] INFO  impl.RaftServerImpl (ServerState.java:setRaftConf(361)) - dcc77c7b-1d37-448d-8d57-43d254561693:group-7072FED0E77C set configuration 0: [dcc77c7b-1d37-448d-8d57-43d254561693:192.168.157.226:34527], old=null at 0
2019-09-19 14:04:54,405 [pool-58-thread-1] INFO  impl.RaftServerImpl (ServerState.java:<init>(105)) - dcc77c7b-1d37-448d-8d57-43d254561693:group-332CF7478EA4 ConfigurationManager, init=-1: [dcc77c7b-1d37-448d-8d57-43d254561693:192.168.157.226:34527], old=null, confs=<EMPTY_MAP>
2019-09-19 14:04:54,405 [pool-58-thread-1] INFO  server.RaftServerConfigKeys (ConfUtils.java:logGet(43)) - raft.server.storage.dir = [/workdir/hadoop-ozone/integration-test/target/test-dir/MiniOzoneClusterImpl-3b2755de-4cfe-4b43-9e0d-73dd8eda8f75/datanode-0/data/ratis] (custom)
2019-09-19 14:04:54,406 [pool-58-thread-1] INFO  storage.RaftStorageDirectory (RaftStorageDirectory.java:analyzeStorage(246)) - The storage directory /workdir/hadoop-ozone/integration-test/target/test-dir/MiniOzoneClusterImpl-3b2755de-4cfe-4b43-9e0d-73dd8eda8f75/datanode-0/data/ratis/bd91f080-1d8c-457b-a57a-332cf7478ea4 does not exist. Creating ...
2019-09-19 14:04:54,410 [pool-58-thread-1] INFO  storage.RaftStorageDirectory (RaftStorageDirectory.java:tryLock(328)) - Lock on /workdir/hadoop-ozone/integration-test/target/test-dir/MiniOzoneClusterImpl-3b2755de-4cfe-4b43-9e0d-73dd8eda8f75/datanode-0/data/ratis/bd91f080-1d8c-457b-a57a-332cf7478ea4/in_use.lock acquired by nodename 30982@pr-hdds-1569-swxfz-3172132826
2019-09-19 14:04:54,414 [pool-58-thread-1] INFO  storage.RaftStorage (RaftStorage.java:format(72)) - Storage directory /workdir/hadoop-ozone/integration-test/target/test-dir/MiniOzoneClusterImpl-3b2755de-4cfe-4b43-9e0d-73dd8eda8f75/datanode-0/data/ratis/bd91f080-1d8c-457b-a57a-332cf7478ea4 has been successfully formatted.
2019-09-19 14:04:54,414 [pool-58-thread-1] INFO  ratis.ContainerStateMachine (ContainerStateMachine.java:loadSnapshot(226)) - group-332CF7478EA4: The snapshot info is null. Setting the last applied indexto:(t:0, i:~)
2019-09-19 14:04:54,414 [pool-58-thread-1] INFO  server.RaftServerConfigKeys (ConfUtils.java:logGet(43)) - raft.server.leader.election.timeout = 120s (custom)
2019-09-19 14:04:54,414 [pool-58-thread-1] INFO  server.RaftServerConfigKeys (ConfUtils.java:logGet(43)) - raft.server.log.use.memory = false (default)
2019-09-19 14:04:54,414 [pool-58-thread-1] INFO  server.RaftServerConfigKeys (ConfUtils.java:logGet(43)) - raft.server.log.purge.gap = 1000000 (custom)
2019-09-19 14:04:54,415 [pool-58-thread-1] INFO  server.RaftServerConfigKeys (ConfUtils.java:logGet(43)) - raft.server.log.appender.buffer.byte-limit = 33554432 (custom)
2019-09-19 14:04:54,415 [pool-58-thread-1] INFO  server.RaftServerConfigKeys (ConfUtils.java:logGet(43)) - raft.server.log.segment.size.max = 1048576 (custom)
2019-09-19 14:04:54,415 [pool-58-thread-1] INFO  server.RaftServerConfigKeys (ConfUtils.java:logGet(43)) - raft.server.log.segment.cache.num.max = 2 (custom)
2019-09-19 14:04:54,415 [pool-58-thread-1] INFO  segmented.SegmentedRaftLogWorker (SegmentedRaftLogWorker.java:<init>(172)) - new dcc77c7b-1d37-448d-8d57-43d254561693-SegmentedRaftLogWorker:Storage Directory /workdir/hadoop-ozone/integration-test/target/test-dir/MiniOzoneClusterImpl-3b2755de-4cfe-4b43-9e0d-73dd8eda8f75/datanode-0/data/ratis/bd91f080-1d8c-457b-a57a-332cf7478ea4 for RaftStorage:Storage Directory /workdir/hadoop-ozone/integration-test/target/test-dir/MiniOzoneClusterImpl-3b2755de-4cfe-4b43-9e0d-73dd8eda8f75/datanode-0/data/ratis/bd91f080-1d8c-457b-a57a-332cf7478ea4
2019-09-19 14:04:54,415 [pool-58-thread-1] INFO  server.RaftServerConfigKeys (ConfUtils.java:logGet(43)) - raft.server.log.queue.byte-limit = 2147483647 (custom)
2019-09-19 14:04:54,415 [pool-58-thread-1] INFO  server.RaftServerConfigKeys (ConfUtils.java:logGet(43)) - raft.server.log.queue.element-limit = 1024 (custom)
2019-09-19 14:04:54,415 [pool-58-thread-1] INFO  server.RaftServerConfigKeys (ConfUtils.java:logGet(43)) - raft.server.log.segment.size.max = 1048576 (custom)
2019-09-19 14:04:54,415 [pool-58-thread-1] INFO  server.RaftServerConfigKeys (ConfUtils.java:logGet(43)) - raft.server.log.preallocated.size = 16384 (custom)
2019-09-19 14:04:54,416 [pool-58-thread-1] INFO  server.RaftServerConfigKeys (ConfUtils.java:logGet(43)) - raft.server.log.write.buffer.size = 33554432 (custom)
2019-09-19 14:04:54,416 [pool-58-thread-1] INFO  server.RaftServerConfigKeys (ConfUtils.java:logGet(43)) - raft.server.log.force.sync.num = 128 (default)
2019-09-19 14:04:54,416 [pool-58-thread-1] INFO  server.RaftServerConfigKeys (ConfUtils.java:logGet(43)) - raft.server.log.statemachine.data.sync = true (default)
2019-09-19 14:04:54,416 [pool-58-thread-1] INFO  server.RaftServerConfigKeys (ConfUtils.java:logGet(43)) - raft.server.log.statemachine.data.sync.timeout = 10s (default)
2019-09-19 14:04:54,416 [pool-58-thread-1] INFO  server.RaftServerConfigKeys (ConfUtils.java:logGet(43)) - raft.server.log.statemachine.data.sync.timeout.retry = -1 (default)
2019-09-19 14:04:54,416 [pool-58-thread-1] INFO  server.RaftServerConfigKeys (ConfUtils.java:logGet(43)) - raft.server.log.statemachine.data.caching.enabled = true (custom)
2019-09-19 14:04:54,416 [pool-58-thread-1] INFO  segmented.SegmentedRaftLogWorker (SegmentedRaftLogWorker.java:lambda$new$0(132)) - dcc77c7b-1d37-448d-8d57-43d254561693-SegmentedRaftLogWorker:Storage Directory /workdir/hadoop-ozone/integration-test/target/test-dir/MiniOzoneClusterImpl-3b2755de-4cfe-4b43-9e0d-73dd8eda8f75/datanode-0/data/ratis/bd91f080-1d8c-457b-a57a-332cf7478ea4: flushIndex: setUnconditionally 0 -> -1
2019-09-19 14:04:54,417 [pool-58-thread-1] INFO  server.RaftServerConfigKeys (ConfUtils.java:logGet(43)) - raft.server.snapshot.auto.trigger.enabled = true (custom)
2019-09-19 14:04:54,417 [pool-58-thread-1] INFO  server.RaftServerConfigKeys (ConfUtils.java:logGet(43)) - raft.server.snapshot.auto.trigger.threshold = 1 (custom)
2019-09-19 14:04:54,417 [pool-58-thread-1] INFO  server.RaftServerConfigKeys (ConfUtils.java:logGet(43)) - raft.server.retrycache.expirytime = 600000ms (custom)
2019-09-19 14:04:54,417 [pool-58-thread-1] INFO  impl.RaftServerImpl (RaftServerImpl.java:start(180)) - dcc77c7b-1d37-448d-8d57-43d254561693: start group-332CF7478EA4
2019-09-19 14:04:54,417 [pool-58-thread-1] INFO  impl.RaftServerImpl (RaftServerImpl.java:setRole(171)) - dcc77c7b-1d37-448d-8d57-43d254561693:group-332CF7478EA4 changes role from null to FOLLOWER at term 0 for startAsFollower
2019-09-19 14:04:54,417 [pool-58-thread-1] INFO  impl.RoleInfo (RoleInfo.java:updateAndGet(143)) - dcc77c7b-1d37-448d-8d57-43d254561693: start FollowerState
2019-09-19 14:04:54,418 [pool-58-thread-1] INFO  util.JmxRegister (JmxRegister.java:tryRegister(44)) - Successfully registered JMX Bean with object name Ratis:service=RaftServer,group=group-332CF7478EA4,id=dcc77c7b-1d37-448d-8d57-43d254561693
2019-09-19 14:04:54,419 [RatisPipelineUtilsThread] INFO  pipeline.PipelineStateManager (PipelineStateManager.java:addPipeline(56)) - Created pipeline Pipeline[ Id: bd91f080-1d8c-457b-a57a-332cf7478ea4, Nodes: dcc77c7b-1d37-448d-8d57-43d254561693{ip: 192.168.157.226, host: pr-hdds-1569-swxfz-3172132826, networkLocation: /default-rack, certSerialId: null}, Type:RATIS, Factor:ONE, State:OPEN]
2019-09-19 14:04:54,422 [grpc-default-executor-1] INFO  impl.RaftServerProxy (RaftServerProxy.java:addNew(89)) - dcc77c7b-1d37-448d-8d57-43d254561693: addNew group-FE83F846C166:[dcc77c7b-1d37-448d-8d57-43d254561693:192.168.157.226:34527] returns group-FE83F846C166:java.util.concurrent.CompletableFuture@2f2a9d5b[Not completed]
2019-09-19 14:04:54,422 [pool-58-thread-1] INFO  impl.RaftServerImpl (RaftServerImpl.java:<init>(93)) - dcc77c7b-1d37-448d-8d57-43d254561693: new RaftServerImpl for group-FE83F846C166:[dcc77c7b-1d37-448d-8d57-43d254561693:192.168.157.226:34527] with ContainerStateMachine:uninitialized
2019-09-19 14:04:54,422 [pool-58-thread-1] INFO  server.RaftServerConfigKeys (ConfUtils.java:logGet(43)) - raft.server.rpc.timeout.min = 5s (custom)
2019-09-19 14:04:54,422 | INFO  | SCMAudit | user=jenkins1000 | ip=192.168.157.226 | op=SEND_HEARTBEAT {datanodeUUID=dcc77c7b-1d37-448d-8d57-43d254561693, command=[]} | ret=SUCCESS |  
2019-09-19 14:04:54,422 [pool-58-thread-1] INFO  server.RaftServerConfigKeys (ConfUtils.java:logGet(43)) - raft.server.rpc.timeout.max = 5200ms (custom)
2019-09-19 14:04:54,423 [pool-58-thread-1] INFO  server.RaftServerConfigKeys (ConfUtils.java:logGet(43)) - raft.server.rpcslowness.timeout = 120s (custom)
2019-09-19 14:04:54,423 [pool-58-thread-1] INFO  server.RaftServerConfigKeys (ConfUtils.java:logGet(43)) - raft.server.sleep.deviation.threshold = 300 (default)
2019-09-19 14:04:54,423 [pool-58-thread-1] INFO  server.RaftServerConfigKeys (ConfUtils.java:logGet(43)) - raft.server.log.appender.install.snapshot.enabled = false (custom)
2019-09-19 14:04:54,423 [pool-58-thread-1] INFO  impl.RaftServerImpl (ServerState.java:<init>(105)) - dcc77c7b-1d37-448d-8d57-43d254561693:group-FE83F846C166 ConfigurationManager, init=-1: [dcc77c7b-1d37-448d-8d57-43d254561693:192.168.157.226:34527], old=null, confs=<EMPTY_MAP>
2019-09-19 14:04:54,423 [pool-58-thread-1] INFO  server.RaftServerConfigKeys (ConfUtils.java:logGet(43)) - raft.server.storage.dir = [/workdir/hadoop-ozone/integration-test/target/test-dir/MiniOzoneClusterImpl-3b2755de-4cfe-4b43-9e0d-73dd8eda8f75/datanode-0/data/ratis] (custom)
2019-09-19 14:04:54,424 [pool-58-thread-1] INFO  storage.RaftStorageDirectory (RaftStorageDirectory.java:analyzeStorage(246)) - The storage directory /workdir/hadoop-ozone/integration-test/target/test-dir/MiniOzoneClusterImpl-3b2755de-4cfe-4b43-9e0d-73dd8eda8f75/datanode-0/data/ratis/e710f6cb-4cbe-4c93-8849-fe83f846c166 does not exist. Creating ...
2019-09-19 14:04:54,425 [dcc77c7b-1d37-448d-8d57-43d254561693-SegmentedRaftLogWorker:Storage Directory /workdir/hadoop-ozone/integration-test/target/test-dir/MiniOzoneClusterImpl-3b2755de-4cfe-4b43-9e0d-73dd8eda8f75/datanode-0/data/ratis/b7afad60-d026-4b6a-a166-e3f8f6998740] INFO  segmented.SegmentedRaftLogWorker (SegmentedRaftLogWorker.java:execute(569)) - dcc77c7b-1d37-448d-8d57-43d254561693-SegmentedRaftLogWorker:Storage Directory /workdir/hadoop-ozone/integration-test/target/test-dir/MiniOzoneClusterImpl-3b2755de-4cfe-4b43-9e0d-73dd8eda8f75/datanode-0/data/ratis/b7afad60-d026-4b6a-a166-e3f8f6998740: created new log segment /workdir/hadoop-ozone/integration-test/target/test-dir/MiniOzoneClusterImpl-3b2755de-4cfe-4b43-9e0d-73dd8eda8f75/datanode-0/data/ratis/b7afad60-d026-4b6a-a166-e3f8f6998740/current/log_inprogress_0
2019-09-19 14:04:54,430 [pool-58-thread-1] INFO  storage.RaftStorageDirectory (RaftStorageDirectory.java:tryLock(328)) - Lock on /workdir/hadoop-ozone/integration-test/target/test-dir/MiniOzoneClusterImpl-3b2755de-4cfe-4b43-9e0d-73dd8eda8f75/datanode-0/data/ratis/e710f6cb-4cbe-4c93-8849-fe83f846c166/in_use.lock acquired by nodename 30982@pr-hdds-1569-swxfz-3172132826
2019-09-19 14:04:54,433 [pool-58-thread-1] INFO  storage.RaftStorage (RaftStorage.java:format(72)) - Storage directory /workdir/hadoop-ozone/integration-test/target/test-dir/MiniOzoneClusterImpl-3b2755de-4cfe-4b43-9e0d-73dd8eda8f75/datanode-0/data/ratis/e710f6cb-4cbe-4c93-8849-fe83f846c166 has been successfully formatted.
2019-09-19 14:04:54,433 [pool-58-thread-1] INFO  ratis.ContainerStateMachine (ContainerStateMachine.java:loadSnapshot(226)) - group-FE83F846C166: The snapshot info is null. Setting the last applied indexto:(t:0, i:~)
2019-09-19 14:04:54,433 [pool-58-thread-1] INFO  server.RaftServerConfigKeys (ConfUtils.java:logGet(43)) - raft.server.leader.election.timeout = 120s (custom)
2019-09-19 14:04:54,434 [pool-58-thread-1] INFO  server.RaftServerConfigKeys (ConfUtils.java:logGet(43)) - raft.server.log.use.memory = false (default)
2019-09-19 14:04:54,434 [pool-58-thread-1] INFO  server.RaftServerConfigKeys (ConfUtils.java:logGet(43)) - raft.server.log.purge.gap = 1000000 (custom)
2019-09-19 14:04:54,434 [pool-58-thread-1] INFO  server.RaftServerConfigKeys (ConfUtils.java:logGet(43)) - raft.server.log.appender.buffer.byte-limit = 33554432 (custom)
2019-09-19 14:04:54,434 [pool-58-thread-1] INFO  server.RaftServerConfigKeys (ConfUtils.java:logGet(43)) - raft.server.log.segment.size.max = 1048576 (custom)
2019-09-19 14:04:54,434 [pool-58-thread-1] INFO  server.RaftServerConfigKeys (ConfUtils.java:logGet(43)) - raft.server.log.segment.cache.num.max = 2 (custom)
2019-09-19 14:04:54,434 [pool-58-thread-1] INFO  segmented.SegmentedRaftLogWorker (SegmentedRaftLogWorker.java:<init>(172)) - new dcc77c7b-1d37-448d-8d57-43d254561693-SegmentedRaftLogWorker:Storage Directory /workdir/hadoop-ozone/integration-test/target/test-dir/MiniOzoneClusterImpl-3b2755de-4cfe-4b43-9e0d-73dd8eda8f75/datanode-0/data/ratis/e710f6cb-4cbe-4c93-8849-fe83f846c166 for RaftStorage:Storage Directory /workdir/hadoop-ozone/integration-test/target/test-dir/MiniOzoneClusterImpl-3b2755de-4cfe-4b43-9e0d-73dd8eda8f75/datanode-0/data/ratis/e710f6cb-4cbe-4c93-8849-fe83f846c166
2019-09-19 14:04:54,434 [pool-58-thread-1] INFO  server.RaftServerConfigKeys (ConfUtils.java:logGet(43)) - raft.server.log.queue.byte-limit = 2147483647 (custom)
2019-09-19 14:04:54,434 [pool-58-thread-1] INFO  server.RaftServerConfigKeys (ConfUtils.java:logGet(43)) - raft.server.log.queue.element-limit = 1024 (custom)
2019-09-19 14:04:54,434 [pool-58-thread-1] INFO  server.RaftServerConfigKeys (ConfUtils.java:logGet(43)) - raft.server.log.segment.size.max = 1048576 (custom)
2019-09-19 14:04:54,435 [pool-58-thread-1] INFO  server.RaftServerConfigKeys (ConfUtils.java:logGet(43)) - raft.server.log.preallocated.size = 16384 (custom)
2019-09-19 14:04:54,435 [pool-58-thread-1] INFO  server.RaftServerConfigKeys (ConfUtils.java:logGet(43)) - raft.server.log.write.buffer.size = 33554432 (custom)
2019-09-19 14:04:54,435 [pool-58-thread-1] INFO  server.RaftServerConfigKeys (ConfUtils.java:logGet(43)) - raft.server.log.force.sync.num = 128 (default)
2019-09-19 14:04:54,435 [pool-58-thread-1] INFO  server.RaftServerConfigKeys (ConfUtils.java:logGet(43)) - raft.server.log.statemachine.data.sync = true (default)
2019-09-19 14:04:54,435 [pool-58-thread-1] INFO  server.RaftServerConfigKeys (ConfUtils.java:logGet(43)) - raft.server.log.statemachine.data.sync.timeout = 10s (default)
2019-09-19 14:04:54,435 [pool-58-thread-1] INFO  server.RaftServerConfigKeys (ConfUtils.java:logGet(43)) - raft.server.log.statemachine.data.sync.timeout.retry = -1 (default)
2019-09-19 14:04:54,435 [pool-58-thread-1] INFO  server.RaftServerConfigKeys (ConfUtils.java:logGet(43)) - raft.server.log.statemachine.data.caching.enabled = true (custom)
2019-09-19 14:04:54,436 [pool-58-thread-1] INFO  segmented.SegmentedRaftLogWorker (SegmentedRaftLogWorker.java:lambda$new$0(132)) - dcc77c7b-1d37-448d-8d57-43d254561693-SegmentedRaftLogWorker:Storage Directory /workdir/hadoop-ozone/integration-test/target/test-dir/MiniOzoneClusterImpl-3b2755de-4cfe-4b43-9e0d-73dd8eda8f75/datanode-0/data/ratis/e710f6cb-4cbe-4c93-8849-fe83f846c166: flushIndex: setUnconditionally 0 -> -1
2019-09-19 14:04:54,436 [pool-58-thread-1] INFO  server.RaftServerConfigKeys (ConfUtils.java:logGet(43)) - raft.server.snapshot.auto.trigger.enabled = true (custom)
2019-09-19 14:04:54,436 [pool-58-thread-1] INFO  server.RaftServerConfigKeys (ConfUtils.java:logGet(43)) - raft.server.snapshot.auto.trigger.threshold = 1 (custom)
2019-09-19 14:04:54,436 [pool-58-thread-1] INFO  server.RaftServerConfigKeys (ConfUtils.java:logGet(43)) - raft.server.retrycache.expirytime = 600000ms (custom)
2019-09-19 14:04:54,436 [pool-58-thread-1] INFO  impl.RaftServerImpl (RaftServerImpl.java:start(180)) - dcc77c7b-1d37-448d-8d57-43d254561693: start group-FE83F846C166
2019-09-19 14:04:54,436 [pool-58-thread-1] INFO  impl.RaftServerImpl (RaftServerImpl.java:setRole(171)) - dcc77c7b-1d37-448d-8d57-43d254561693:group-FE83F846C166 changes role from null to FOLLOWER at term 0 for startAsFollower
2019-09-19 14:04:54,436 [pool-58-thread-1] INFO  impl.RoleInfo (RoleInfo.java:updateAndGet(143)) - dcc77c7b-1d37-448d-8d57-43d254561693: start FollowerState
2019-09-19 14:04:54,437 [pool-58-thread-1] INFO  util.JmxRegister (JmxRegister.java:tryRegister(44)) - Successfully registered JMX Bean with object name Ratis:service=RaftServer,group=group-FE83F846C166,id=dcc77c7b-1d37-448d-8d57-43d254561693
2019-09-19 14:04:54,438 [RatisPipelineUtilsThread] INFO  pipeline.PipelineStateManager (PipelineStateManager.java:addPipeline(56)) - Created pipeline Pipeline[ Id: e710f6cb-4cbe-4c93-8849-fe83f846c166, Nodes: dcc77c7b-1d37-448d-8d57-43d254561693{ip: 192.168.157.226, host: pr-hdds-1569-swxfz-3172132826, networkLocation: /default-rack, certSerialId: null}, Type:RATIS, Factor:ONE, State:OPEN]
2019-09-19 14:04:54,441 [grpc-default-executor-1] INFO  impl.RaftServerProxy (RaftServerProxy.java:addNew(89)) - dcc77c7b-1d37-448d-8d57-43d254561693: addNew group-78B7DFC7FE28:[dcc77c7b-1d37-448d-8d57-43d254561693:192.168.157.226:34527] returns group-78B7DFC7FE28:java.util.concurrent.CompletableFuture@4e2641ad[Not completed]
2019-09-19 14:04:54,441 [pool-58-thread-1] INFO  impl.RaftServerImpl (RaftServerImpl.java:<init>(93)) - dcc77c7b-1d37-448d-8d57-43d254561693: new RaftServerImpl for group-78B7DFC7FE28:[dcc77c7b-1d37-448d-8d57-43d254561693:192.168.157.226:34527] with ContainerStateMachine:uninitialized
2019-09-19 14:04:54,441 [pool-58-thread-1] INFO  server.RaftServerConfigKeys (ConfUtils.java:logGet(43)) - raft.server.rpc.timeout.min = 5s (custom)
2019-09-19 14:04:54,441 [pool-58-thread-1] INFO  server.RaftServerConfigKeys (ConfUtils.java:logGet(43)) - raft.server.rpc.timeout.max = 5200ms (custom)
2019-09-19 14:04:54,442 [pool-58-thread-1] INFO  server.RaftServerConfigKeys (ConfUtils.java:logGet(43)) - raft.server.rpcslowness.timeout = 120s (custom)
2019-09-19 14:04:54,442 [pool-58-thread-1] INFO  server.RaftServerConfigKeys (ConfUtils.java:logGet(43)) - raft.server.sleep.deviation.threshold = 300 (default)
2019-09-19 14:04:54,442 [pool-58-thread-1] INFO  server.RaftServerConfigKeys (ConfUtils.java:logGet(43)) - raft.server.log.appender.install.snapshot.enabled = false (custom)
2019-09-19 14:04:54,442 [pool-58-thread-1] INFO  impl.RaftServerImpl (ServerState.java:<init>(105)) - dcc77c7b-1d37-448d-8d57-43d254561693:group-78B7DFC7FE28 ConfigurationManager, init=-1: [dcc77c7b-1d37-448d-8d57-43d254561693:192.168.157.226:34527], old=null, confs=<EMPTY_MAP>
2019-09-19 14:04:54,442 [pool-58-thread-1] INFO  server.RaftServerConfigKeys (ConfUtils.java:logGet(43)) - raft.server.storage.dir = [/workdir/hadoop-ozone/integration-test/target/test-dir/MiniOzoneClusterImpl-3b2755de-4cfe-4b43-9e0d-73dd8eda8f75/datanode-0/data/ratis] (custom)
2019-09-19 14:04:54,443 [pool-58-thread-1] INFO  storage.RaftStorageDirectory (RaftStorageDirectory.java:analyzeStorage(246)) - The storage directory /workdir/hadoop-ozone/integration-test/target/test-dir/MiniOzoneClusterImpl-3b2755de-4cfe-4b43-9e0d-73dd8eda8f75/datanode-0/data/ratis/fcddf96c-ff74-4ce0-b6a2-78b7dfc7fe28 does not exist. Creating ...
2019-09-19 14:04:54,443 [dcc77c7b-1d37-448d-8d57-43d254561693-SegmentedRaftLogWorker:Storage Directory /workdir/hadoop-ozone/integration-test/target/test-dir/MiniOzoneClusterImpl-3b2755de-4cfe-4b43-9e0d-73dd8eda8f75/datanode-0/data/ratis/fd5909a7-4e86-4d8b-9ed6-7072fed0e77c] INFO  segmented.SegmentedRaftLogWorker (SegmentedRaftLogWorker.java:execute(569)) - dcc77c7b-1d37-448d-8d57-43d254561693-SegmentedRaftLogWorker:Storage Directory /workdir/hadoop-ozone/integration-test/target/test-dir/MiniOzoneClusterImpl-3b2755de-4cfe-4b43-9e0d-73dd8eda8f75/datanode-0/data/ratis/fd5909a7-4e86-4d8b-9ed6-7072fed0e77c: created new log segment /workdir/hadoop-ozone/integration-test/target/test-dir/MiniOzoneClusterImpl-3b2755de-4cfe-4b43-9e0d-73dd8eda8f75/datanode-0/data/ratis/fd5909a7-4e86-4d8b-9ed6-7072fed0e77c/current/log_inprogress_0
2019-09-19 14:04:54,450 [pool-58-thread-1] INFO  storage.RaftStorageDirectory (RaftStorageDirectory.java:tryLock(328)) - Lock on /workdir/hadoop-ozone/integration-test/target/test-dir/MiniOzoneClusterImpl-3b2755de-4cfe-4b43-9e0d-73dd8eda8f75/datanode-0/data/ratis/fcddf96c-ff74-4ce0-b6a2-78b7dfc7fe28/in_use.lock acquired by nodename 30982@pr-hdds-1569-swxfz-3172132826
2019-09-19 14:04:54,461 [Thread-4049] INFO  impl.FollowerState (FollowerState.java:run(106)) - dcc77c7b-1d37-448d-8d57-43d254561693:group-50C3A5EEC0EE changes to CANDIDATE, lastRpcTime:5154, electionTimeout:5154ms
2019-09-19 14:04:54,461 [Thread-4049] INFO  impl.RoleInfo (RoleInfo.java:shutdownFollowerState(121)) - dcc77c7b-1d37-448d-8d57-43d254561693: shutdown FollowerState
2019-09-19 14:04:54,461 [Thread-4049] INFO  impl.RaftServerImpl (RaftServerImpl.java:setRole(171)) - dcc77c7b-1d37-448d-8d57-43d254561693:group-50C3A5EEC0EE changes role from FOLLOWER to CANDIDATE at term 0 for changeToCandidate
2019-09-19 14:04:54,461 [Thread-4049] INFO  impl.RoleInfo (RoleInfo.java:updateAndGet(143)) - dcc77c7b-1d37-448d-8d57-43d254561693: start LeaderElection
2019-09-19 14:04:54,486 [Thread-4055] INFO  impl.FollowerState (FollowerState.java:run(106)) - dcc77c7b-1d37-448d-8d57-43d254561693:group-D116783189BC changes to CANDIDATE, lastRpcTime:5123, electionTimeout:5123ms
2019-09-19 14:04:54,486 [Thread-4055] INFO  impl.RoleInfo (RoleInfo.java:shutdownFollowerState(121)) - dcc77c7b-1d37-448d-8d57-43d254561693: shutdown FollowerState
2019-09-19 14:04:54,486 [Thread-4055] INFO  impl.RaftServerImpl (RaftServerImpl.java:setRole(171)) - dcc77c7b-1d37-448d-8d57-43d254561693:group-D116783189BC changes role from FOLLOWER to CANDIDATE at term 0 for changeToCandidate
2019-09-19 14:04:54,486 [Thread-4055] INFO  impl.RoleInfo (RoleInfo.java:updateAndGet(143)) - dcc77c7b-1d37-448d-8d57-43d254561693: start LeaderElection
2019-09-19 14:04:54,494 [pool-58-thread-1] INFO  storage.RaftStorage (RaftStorage.java:format(72)) - Storage directory /workdir/hadoop-ozone/integration-test/target/test-dir/MiniOzoneClusterImpl-3b2755de-4cfe-4b43-9e0d-73dd8eda8f75/datanode-0/data/ratis/fcddf96c-ff74-4ce0-b6a2-78b7dfc7fe28 has been successfully formatted.
2019-09-19 14:04:54,494 [dcc77c7b-1d37-448d-8d57-43d254561693:group-D116783189BC:LeaderElection537] INFO  impl.LeaderElection (LeaderElection.java:askForVotes(181)) - dcc77c7b-1d37-448d-8d57-43d254561693:group-D116783189BC:LeaderElection537: begin an election at term 1 for -1: [dcc77c7b-1d37-448d-8d57-43d254561693:192.168.157.226:34527], old=null
2019-09-19 14:04:54,494 [dcc77c7b-1d37-448d-8d57-43d254561693:group-D116783189BC:LeaderElection537] INFO  impl.RoleInfo (RoleInfo.java:shutdownLeaderElection(134)) - dcc77c7b-1d37-448d-8d57-43d254561693: shutdown LeaderElection
2019-09-19 14:04:54,494 [dcc77c7b-1d37-448d-8d57-43d254561693:group-50C3A5EEC0EE:LeaderElection536] INFO  impl.LeaderElection (LeaderElection.java:askForVotes(181)) - dcc77c7b-1d37-448d-8d57-43d254561693:group-50C3A5EEC0EE:LeaderElection536: begin an election at term 1 for -1: [dcc77c7b-1d37-448d-8d57-43d254561693:192.168.157.226:34527], old=null
2019-09-19 14:04:54,494 [dcc77c7b-1d37-448d-8d57-43d254561693:group-D116783189BC:LeaderElection537] INFO  impl.RaftServerImpl (RaftServerImpl.java:setRole(171)) - dcc77c7b-1d37-448d-8d57-43d254561693:group-D116783189BC changes role from CANDIDATE to LEADER at term 1 for changeToLeader
2019-09-19 14:04:54,494 [dcc77c7b-1d37-448d-8d57-43d254561693:group-D116783189BC:LeaderElection537] INFO  impl.RaftServerImpl (ServerState.java:setLeader(263)) - dcc77c7b-1d37-448d-8d57-43d254561693:group-D116783189BC change Leader from null to dcc77c7b-1d37-448d-8d57-43d254561693 at term 1 for becomeLeader, leader elected after 5133ms
2019-09-19 14:04:54,494 [pool-58-thread-1] INFO  ratis.ContainerStateMachine (ContainerStateMachine.java:loadSnapshot(226)) - group-78B7DFC7FE28: The snapshot info is null. Setting the last applied indexto:(t:0, i:~)
2019-09-19 14:04:54,494 [dcc77c7b-1d37-448d-8d57-43d254561693:group-D116783189BC:LeaderElection537] INFO  server.RaftServerConfigKeys (ConfUtils.java:logGet(43)) - raft.server.staging.catchup.gap = 1000 (default)
2019-09-19 14:04:54,494 [dcc77c7b-1d37-448d-8d57-43d254561693:group-50C3A5EEC0EE:LeaderElection536] INFO  impl.RoleInfo (RoleInfo.java:shutdownLeaderElection(134)) - dcc77c7b-1d37-448d-8d57-43d254561693: shutdown LeaderElection
2019-09-19 14:04:54,495 [dcc77c7b-1d37-448d-8d57-43d254561693:group-D116783189BC:LeaderElection537] INFO  server.RaftServerConfigKeys (ConfUtils.java:logGet(43)) - raft.server.rpc.sleep.time = 25ms (default)
2019-09-19 14:04:54,494 [pool-58-thread-1] INFO  server.RaftServerConfigKeys (ConfUtils.java:logGet(43)) - raft.server.leader.election.timeout = 120s (custom)
2019-09-19 14:04:54,495 [dcc77c7b-1d37-448d-8d57-43d254561693:group-D116783189BC:LeaderElection537] INFO  server.RaftServerConfigKeys (ConfUtils.java:logGet(43)) - raft.server.write.element-limit = 4096 (default)
2019-09-19 14:04:54,495 [dcc77c7b-1d37-448d-8d57-43d254561693:group-D116783189BC:LeaderElection537] INFO  server.RaftServerConfigKeys (ConfUtils.java:logGet(43)) - raft.server.watch.timeout = 10s (default)
2019-09-19 14:04:54,495 [dcc77c7b-1d37-448d-8d57-43d254561693:group-50C3A5EEC0EE:LeaderElection536] INFO  impl.RaftServerImpl (RaftServerImpl.java:setRole(171)) - dcc77c7b-1d37-448d-8d57-43d254561693:group-50C3A5EEC0EE changes role from CANDIDATE to LEADER at term 1 for changeToLeader
2019-09-19 14:04:54,495 [dcc77c7b-1d37-448d-8d57-43d254561693:group-D116783189BC:LeaderElection537] INFO  server.RaftServerConfigKeys (ConfUtils.java:logGet(43)) - raft.server.watch.timeout.denomination = 1s (default)
2019-09-19 14:04:54,495 [pool-58-thread-1] INFO  server.RaftServerConfigKeys (ConfUtils.java:logGet(43)) - raft.server.log.use.memory = false (default)
2019-09-19 14:04:54,495 [dcc77c7b-1d37-448d-8d57-43d254561693:group-D116783189BC:LeaderElection537] INFO  server.RaftServerConfigKeys (ConfUtils.java:logGet(43)) - raft.server.watch.element-limit = 65536 (default)
2019-09-19 14:04:54,495 [dcc77c7b-1d37-448d-8d57-43d254561693:group-50C3A5EEC0EE:LeaderElection536] INFO  impl.RaftServerImpl (ServerState.java:setLeader(263)) - dcc77c7b-1d37-448d-8d57-43d254561693:group-50C3A5EEC0EE change Leader from null to dcc77c7b-1d37-448d-8d57-43d254561693 at term 1 for becomeLeader, leader elected after 5190ms
2019-09-19 14:04:54,496 [dcc77c7b-1d37-448d-8d57-43d254561693:group-D116783189BC:LeaderElection537] INFO  impl.RoleInfo (RoleInfo.java:updateAndGet(143)) - dcc77c7b-1d37-448d-8d57-43d254561693: start LeaderState
2019-09-19 14:04:54,496 [pool-58-thread-1] INFO  server.RaftServerConfigKeys (ConfUtils.java:logGet(43)) - raft.server.log.purge.gap = 1000000 (custom)
2019-09-19 14:04:54,496 [dcc77c7b-1d37-448d-8d57-43d254561693:group-D116783189BC:LeaderElection537] INFO  segmented.SegmentedRaftLogWorker (SegmentedRaftLogWorker.java:startLogSegment(380)) - dcc77c7b-1d37-448d-8d57-43d254561693-SegmentedRaftLogWorker:Storage Directory /workdir/hadoop-ozone/integration-test/target/test-dir/MiniOzoneClusterImpl-3b2755de-4cfe-4b43-9e0d-73dd8eda8f75/datanode-0/data/ratis/23229aad-eb16-4ba0-963d-d116783189bc: Starting segment from index:0
2019-09-19 14:04:54,496 [dcc77c7b-1d37-448d-8d57-43d254561693:group-50C3A5EEC0EE:LeaderElection536] INFO  server.RaftServerConfigKeys (ConfUtils.java:logGet(43)) - raft.server.staging.catchup.gap = 1000 (default)
2019-09-19 14:04:54,496 [pool-58-thread-1] INFO  server.RaftServerConfigKeys (ConfUtils.java:logGet(43)) - raft.server.log.appender.buffer.byte-limit = 33554432 (custom)
2019-09-19 14:04:54,497 [dcc77c7b-1d37-448d-8d57-43d254561693:group-D116783189BC:LeaderElection537] INFO  impl.RaftServerImpl (ServerState.java:setRaftConf(361)) - dcc77c7b-1d37-448d-8d57-43d254561693:group-D116783189BC set configuration 0: [dcc77c7b-1d37-448d-8d57-43d254561693:192.168.157.226:34527], old=null at 0
2019-09-19 14:04:54,496 [dcc77c7b-1d37-448d-8d57-43d254561693:group-50C3A5EEC0EE:LeaderElection536] INFO  server.RaftServerConfigKeys (ConfUtils.java:logGet(43)) - raft.server.rpc.sleep.time = 25ms (default)
2019-09-19 14:04:54,497 [pool-58-thread-1] INFO  server.RaftServerConfigKeys (ConfUtils.java:logGet(43)) - raft.server.log.segment.size.max = 1048576 (custom)
2019-09-19 14:04:54,497 [dcc77c7b-1d37-448d-8d57-43d254561693:group-50C3A5EEC0EE:LeaderElection536] INFO  server.RaftServerConfigKeys (ConfUtils.java:logGet(43)) - raft.server.write.element-limit = 4096 (default)
2019-09-19 14:04:54,497 [pool-58-thread-1] INFO  server.RaftServerConfigKeys (ConfUtils.java:logGet(43)) - raft.server.log.segment.cache.num.max = 2 (custom)
2019-09-19 14:04:54,497 [dcc77c7b-1d37-448d-8d57-43d254561693:group-50C3A5EEC0EE:LeaderElection536] INFO  server.RaftServerConfigKeys (ConfUtils.java:logGet(43)) - raft.server.watch.timeout = 10s (default)
2019-09-19 14:04:54,497 [pool-58-thread-1] INFO  segmented.SegmentedRaftLogWorker (SegmentedRaftLogWorker.java:<init>(172)) - new dcc77c7b-1d37-448d-8d57-43d254561693-SegmentedRaftLogWorker:Storage Directory /workdir/hadoop-ozone/integration-test/target/test-dir/MiniOzoneClusterImpl-3b2755de-4cfe-4b43-9e0d-73dd8eda8f75/datanode-0/data/ratis/fcddf96c-ff74-4ce0-b6a2-78b7dfc7fe28 for RaftStorage:Storage Directory /workdir/hadoop-ozone/integration-test/target/test-dir/MiniOzoneClusterImpl-3b2755de-4cfe-4b43-9e0d-73dd8eda8f75/datanode-0/data/ratis/fcddf96c-ff74-4ce0-b6a2-78b7dfc7fe28
2019-09-19 14:04:54,497 [dcc77c7b-1d37-448d-8d57-43d254561693:group-50C3A5EEC0EE:LeaderElection536] INFO  server.RaftServerConfigKeys (ConfUtils.java:logGet(43)) - raft.server.watch.timeout.denomination = 1s (default)
2019-09-19 14:04:54,498 [pool-58-thread-1] INFO  server.RaftServerConfigKeys (ConfUtils.java:logGet(43)) - raft.server.log.queue.byte-limit = 2147483647 (custom)
2019-09-19 14:04:54,498 [dcc77c7b-1d37-448d-8d57-43d254561693:group-50C3A5EEC0EE:LeaderElection536] INFO  server.RaftServerConfigKeys (ConfUtils.java:logGet(43)) - raft.server.watch.element-limit = 65536 (default)
2019-09-19 14:04:54,498 [pool-58-thread-1] INFO  server.RaftServerConfigKeys (ConfUtils.java:logGet(43)) - raft.server.log.queue.element-limit = 1024 (custom)
2019-09-19 14:04:54,498 [dcc77c7b-1d37-448d-8d57-43d254561693:group-50C3A5EEC0EE:LeaderElection536] INFO  impl.RoleInfo (RoleInfo.java:updateAndGet(143)) - dcc77c7b-1d37-448d-8d57-43d254561693: start LeaderState
2019-09-19 14:04:54,498 [pool-58-thread-1] INFO  server.RaftServerConfigKeys (ConfUtils.java:logGet(43)) - raft.server.log.segment.size.max = 1048576 (custom)
2019-09-19 14:04:54,498 [dcc77c7b-1d37-448d-8d57-43d254561693:group-50C3A5EEC0EE:LeaderElection536] INFO  segmented.SegmentedRaftLogWorker (SegmentedRaftLogWorker.java:startLogSegment(380)) - dcc77c7b-1d37-448d-8d57-43d254561693-SegmentedRaftLogWorker:Storage Directory /workdir/hadoop-ozone/integration-test/target/test-dir/MiniOzoneClusterImpl-3b2755de-4cfe-4b43-9e0d-73dd8eda8f75/datanode-0/data/ratis/30178a6c-f87f-47a2-bd14-50c3a5eec0ee: Starting segment from index:0
2019-09-19 14:04:54,498 [pool-58-thread-1] INFO  server.RaftServerConfigKeys (ConfUtils.java:logGet(43)) - raft.server.log.preallocated.size = 16384 (custom)
2019-09-19 14:04:54,499 [pool-58-thread-1] INFO  server.RaftServerConfigKeys (ConfUtils.java:logGet(43)) - raft.server.log.write.buffer.size = 33554432 (custom)
2019-09-19 14:04:54,499 [dcc77c7b-1d37-448d-8d57-43d254561693:group-50C3A5EEC0EE:LeaderElection536] INFO  impl.RaftServerImpl (ServerState.java:setRaftConf(361)) - dcc77c7b-1d37-448d-8d57-43d254561693:group-50C3A5EEC0EE set configuration 0: [dcc77c7b-1d37-448d-8d57-43d254561693:192.168.157.226:34527], old=null at 0
2019-09-19 14:04:54,499 [pool-58-thread-1] INFO  server.RaftServerConfigKeys (ConfUtils.java:logGet(43)) - raft.server.log.force.sync.num = 128 (default)
2019-09-19 14:04:54,499 [pool-58-thread-1] INFO  server.RaftServerConfigKeys (ConfUtils.java:logGet(43)) - raft.server.log.statemachine.data.sync = true (default)
2019-09-19 14:04:54,499 [pool-58-thread-1] INFO  server.RaftServerConfigKeys (ConfUtils.java:logGet(43)) - raft.server.log.statemachine.data.sync.timeout = 10s (default)
2019-09-19 14:04:54,499 [pool-58-thread-1] INFO  server.RaftServerConfigKeys (ConfUtils.java:logGet(43)) - raft.server.log.statemachine.data.sync.timeout.retry = -1 (default)
2019-09-19 14:04:54,499 [pool-58-thread-1] INFO  server.RaftServerConfigKeys (ConfUtils.java:logGet(43)) - raft.server.log.statemachine.data.caching.enabled = true (custom)
2019-09-19 14:04:54,500 [pool-58-thread-1] INFO  segmented.SegmentedRaftLogWorker (SegmentedRaftLogWorker.java:lambda$new$0(132)) - dcc77c7b-1d37-448d-8d57-43d254561693-SegmentedRaftLogWorker:Storage Directory /workdir/hadoop-ozone/integration-test/target/test-dir/MiniOzoneClusterImpl-3b2755de-4cfe-4b43-9e0d-73dd8eda8f75/datanode-0/data/ratis/fcddf96c-ff74-4ce0-b6a2-78b7dfc7fe28: flushIndex: setUnconditionally 0 -> -1
2019-09-19 14:04:54,500 [pool-58-thread-1] INFO  server.RaftServerConfigKeys (ConfUtils.java:logGet(43)) - raft.server.snapshot.auto.trigger.enabled = true (custom)
2019-09-19 14:04:54,500 [pool-58-thread-1] INFO  server.RaftServerConfigKeys (ConfUtils.java:logGet(43)) - raft.server.snapshot.auto.trigger.threshold = 1 (custom)
2019-09-19 14:04:54,500 [pool-58-thread-1] INFO  server.RaftServerConfigKeys (ConfUtils.java:logGet(43)) - raft.server.retrycache.expirytime = 600000ms (custom)
2019-09-19 14:04:54,501 [pool-58-thread-1] INFO  impl.RaftServerImpl (RaftServerImpl.java:start(180)) - dcc77c7b-1d37-448d-8d57-43d254561693: start group-78B7DFC7FE28
2019-09-19 14:04:54,501 [pool-58-thread-1] INFO  impl.RaftServerImpl (RaftServerImpl.java:setRole(171)) - dcc77c7b-1d37-448d-8d57-43d254561693:group-78B7DFC7FE28 changes role from null to FOLLOWER at term 0 for startAsFollower
2019-09-19 14:04:54,501 [pool-58-thread-1] INFO  impl.RoleInfo (RoleInfo.java:updateAndGet(143)) - dcc77c7b-1d37-448d-8d57-43d254561693: start FollowerState
2019-09-19 14:04:54,501 [pool-58-thread-1] INFO  util.JmxRegister (JmxRegister.java:tryRegister(44)) - Successfully registered JMX Bean with object name Ratis:service=RaftServer,group=group-78B7DFC7FE28,id=dcc77c7b-1d37-448d-8d57-43d254561693
2019-09-19 14:04:54,503 [RatisPipelineUtilsThread] INFO  pipeline.PipelineStateManager (PipelineStateManager.java:addPipeline(56)) - Created pipeline Pipeline[ Id: fcddf96c-ff74-4ce0-b6a2-78b7dfc7fe28, Nodes: dcc77c7b-1d37-448d-8d57-43d254561693{ip: 192.168.157.226, host: pr-hdds-1569-swxfz-3172132826, networkLocation: /default-rack, certSerialId: null}, Type:RATIS, Factor:ONE, State:OPEN]
2019-09-19 14:04:54,505 [grpc-default-executor-1] INFO  impl.RaftServerProxy (RaftServerProxy.java:addNew(89)) - dcc77c7b-1d37-448d-8d57-43d254561693: addNew group-C4C3DBF2EB40:[dcc77c7b-1d37-448d-8d57-43d254561693:192.168.157.226:34527] returns group-C4C3DBF2EB40:java.util.concurrent.CompletableFuture@20963716[Not completed]
2019-09-19 14:04:54,506 [pool-58-thread-1] INFO  impl.RaftServerImpl (RaftServerImpl.java:<init>(93)) - dcc77c7b-1d37-448d-8d57-43d254561693: new RaftServerImpl for group-C4C3DBF2EB40:[dcc77c7b-1d37-448d-8d57-43d254561693:192.168.157.226:34527] with ContainerStateMachine:uninitialized
2019-09-19 14:04:54,506 [pool-58-thread-1] INFO  server.RaftServerConfigKeys (ConfUtils.java:logGet(43)) - raft.server.rpc.timeout.min = 5s (custom)
2019-09-19 14:04:54,507 [pool-58-thread-1] INFO  server.RaftServerConfigKeys (ConfUtils.java:logGet(43)) - raft.server.rpc.timeout.max = 5200ms (custom)
2019-09-19 14:04:54,507 [pool-58-thread-1] INFO  server.RaftServerConfigKeys (ConfUtils.java:logGet(43)) - raft.server.rpcslowness.timeout = 120s (custom)
2019-09-19 14:04:54,507 [pool-58-thread-1] INFO  server.RaftServerConfigKeys (ConfUtils.java:logGet(43)) - raft.server.sleep.deviation.threshold = 300 (default)
2019-09-19 14:04:54,507 [pool-58-thread-1] INFO  server.RaftServerConfigKeys (ConfUtils.java:logGet(43)) - raft.server.log.appender.install.snapshot.enabled = false (custom)
2019-09-19 14:04:54,507 [pool-58-thread-1] INFO  impl.RaftServerImpl (ServerState.java:<init>(105)) - dcc77c7b-1d37-448d-8d57-43d254561693:group-C4C3DBF2EB40 ConfigurationManager, init=-1: [dcc77c7b-1d37-448d-8d57-43d254561693:192.168.157.226:34527], old=null, confs=<EMPTY_MAP>
2019-09-19 14:04:54,507 [pool-58-thread-1] INFO  server.RaftServerConfigKeys (ConfUtils.java:logGet(43)) - raft.server.storage.dir = [/workdir/hadoop-ozone/integration-test/target/test-dir/MiniOzoneClusterImpl-3b2755de-4cfe-4b43-9e0d-73dd8eda8f75/datanode-0/data/ratis] (custom)
2019-09-19 14:04:54,508 [pool-58-thread-1] INFO  storage.RaftStorageDirectory (RaftStorageDirectory.java:analyzeStorage(246)) - The storage directory /workdir/hadoop-ozone/integration-test/target/test-dir/MiniOzoneClusterImpl-3b2755de-4cfe-4b43-9e0d-73dd8eda8f75/datanode-0/data/ratis/c1800245-6d8c-4fa6-afad-c4c3dbf2eb40 does not exist. Creating ...
2019-09-19 14:04:54,527 [Thread-4064] INFO  impl.FollowerState (FollowerState.java:run(106)) - dcc77c7b-1d37-448d-8d57-43d254561693:group-766773CED0ED changes to CANDIDATE, lastRpcTime:5053, electionTimeout:5053ms
2019-09-19 14:04:54,527 [Thread-4064] INFO  impl.RoleInfo (RoleInfo.java:shutdownFollowerState(121)) - dcc77c7b-1d37-448d-8d57-43d254561693: shutdown FollowerState
2019-09-19 14:04:54,527 [Thread-4064] INFO  impl.RaftServerImpl (RaftServerImpl.java:setRole(171)) - dcc77c7b-1d37-448d-8d57-43d254561693:group-766773CED0ED changes role from FOLLOWER to CANDIDATE at term 0 for changeToCandidate
2019-09-19 14:04:54,527 [Thread-4064] INFO  impl.RoleInfo (RoleInfo.java:updateAndGet(143)) - dcc77c7b-1d37-448d-8d57-43d254561693: start LeaderElection
2019-09-19 14:04:54,542 [dcc77c7b-1d37-448d-8d57-43d254561693-SegmentedRaftLogWorker:Storage Directory /workdir/hadoop-ozone/integration-test/target/test-dir/MiniOzoneClusterImpl-3b2755de-4cfe-4b43-9e0d-73dd8eda8f75/datanode-0/data/ratis/23229aad-eb16-4ba0-963d-d116783189bc] INFO  segmented.SegmentedRaftLogWorker (SegmentedRaftLogWorker.java:execute(569)) - dcc77c7b-1d37-448d-8d57-43d254561693-SegmentedRaftLogWorker:Storage Directory /workdir/hadoop-ozone/integration-test/target/test-dir/MiniOzoneClusterImpl-3b2755de-4cfe-4b43-9e0d-73dd8eda8f75/datanode-0/data/ratis/23229aad-eb16-4ba0-963d-d116783189bc: created new log segment /workdir/hadoop-ozone/integration-test/target/test-dir/MiniOzoneClusterImpl-3b2755de-4cfe-4b43-9e0d-73dd8eda8f75/datanode-0/data/ratis/23229aad-eb16-4ba0-963d-d116783189bc/current/log_inprogress_0
2019-09-19 14:04:54,542 [pool-58-thread-1] INFO  storage.RaftStorageDirectory (RaftStorageDirectory.java:tryLock(328)) - Lock on /workdir/hadoop-ozone/integration-test/target/test-dir/MiniOzoneClusterImpl-3b2755de-4cfe-4b43-9e0d-73dd8eda8f75/datanode-0/data/ratis/c1800245-6d8c-4fa6-afad-c4c3dbf2eb40/in_use.lock acquired by nodename 30982@pr-hdds-1569-swxfz-3172132826
2019-09-19 14:04:54,542 [dcc77c7b-1d37-448d-8d57-43d254561693:group-766773CED0ED:LeaderElection538] INFO  impl.LeaderElection (LeaderElection.java:askForVotes(181)) - dcc77c7b-1d37-448d-8d57-43d254561693:group-766773CED0ED:LeaderElection538: begin an election at term 1 for -1: [dcc77c7b-1d37-448d-8d57-43d254561693:192.168.157.226:34527], old=null
2019-09-19 14:04:54,543 [dcc77c7b-1d37-448d-8d57-43d254561693:group-766773CED0ED:LeaderElection538] INFO  impl.RoleInfo (RoleInfo.java:shutdownLeaderElection(134)) - dcc77c7b-1d37-448d-8d57-43d254561693: shutdown LeaderElection
2019-09-19 14:04:54,543 [dcc77c7b-1d37-448d-8d57-43d254561693:group-766773CED0ED:LeaderElection538] INFO  impl.RaftServerImpl (RaftServerImpl.java:setRole(171)) - dcc77c7b-1d37-448d-8d57-43d254561693:group-766773CED0ED changes role from CANDIDATE to LEADER at term 1 for changeToLeader
2019-09-19 14:04:54,543 [dcc77c7b-1d37-448d-8d57-43d254561693:group-766773CED0ED:LeaderElection538] INFO  impl.RaftServerImpl (ServerState.java:setLeader(263)) - dcc77c7b-1d37-448d-8d57-43d254561693:group-766773CED0ED change Leader from null to dcc77c7b-1d37-448d-8d57-43d254561693 at term 1 for becomeLeader, leader elected after 5072ms
2019-09-19 14:04:54,543 [dcc77c7b-1d37-448d-8d57-43d254561693:group-766773CED0ED:LeaderElection538] INFO  server.RaftServerConfigKeys (ConfUtils.java:logGet(43)) - raft.server.staging.catchup.gap = 1000 (default)
2019-09-19 14:04:54,543 [dcc77c7b-1d37-448d-8d57-43d254561693:group-766773CED0ED:LeaderElection538] INFO  server.RaftServerConfigKeys (ConfUtils.java:logGet(43)) - raft.server.rpc.sleep.time = 25ms (default)
2019-09-19 14:04:54,543 [dcc77c7b-1d37-448d-8d57-43d254561693:group-766773CED0ED:LeaderElection538] INFO  server.RaftServerConfigKeys (ConfUtils.java:logGet(43)) - raft.server.write.element-limit = 4096 (default)
2019-09-19 14:04:54,543 [dcc77c7b-1d37-448d-8d57-43d254561693:group-766773CED0ED:LeaderElection538] INFO  server.RaftServerConfigKeys (ConfUtils.java:logGet(43)) - raft.server.watch.timeout = 10s (default)
2019-09-19 14:04:54,544 [dcc77c7b-1d37-448d-8d57-43d254561693:group-766773CED0ED:LeaderElection538] INFO  server.RaftServerConfigKeys (ConfUtils.java:logGet(43)) - raft.server.watch.timeout.denomination = 1s (default)
2019-09-19 14:04:54,544 [dcc77c7b-1d37-448d-8d57-43d254561693:group-766773CED0ED:LeaderElection538] INFO  server.RaftServerConfigKeys (ConfUtils.java:logGet(43)) - raft.server.watch.element-limit = 65536 (default)
2019-09-19 14:04:54,544 [dcc77c7b-1d37-448d-8d57-43d254561693:group-766773CED0ED:LeaderElection538] INFO  impl.RoleInfo (RoleInfo.java:updateAndGet(143)) - dcc77c7b-1d37-448d-8d57-43d254561693: start LeaderState
2019-09-19 14:04:54,544 [dcc77c7b-1d37-448d-8d57-43d254561693:group-766773CED0ED:LeaderElection538] INFO  segmented.SegmentedRaftLogWorker (SegmentedRaftLogWorker.java:startLogSegment(380)) - dcc77c7b-1d37-448d-8d57-43d254561693-SegmentedRaftLogWorker:Storage Directory /workdir/hadoop-ozone/integration-test/target/test-dir/MiniOzoneClusterImpl-3b2755de-4cfe-4b43-9e0d-73dd8eda8f75/datanode-0/data/ratis/2cb4039d-4595-420d-abc8-766773ced0ed: Starting segment from index:0
2019-09-19 14:04:54,544 [dcc77c7b-1d37-448d-8d57-43d254561693:group-766773CED0ED:LeaderElection538] INFO  impl.RaftServerImpl (ServerState.java:setRaftConf(361)) - dcc77c7b-1d37-448d-8d57-43d254561693:group-766773CED0ED set configuration 0: [dcc77c7b-1d37-448d-8d57-43d254561693:192.168.157.226:34527], old=null at 0
2019-09-19 14:04:54,545 [dcc77c7b-1d37-448d-8d57-43d254561693-SegmentedRaftLogWorker:Storage Directory /workdir/hadoop-ozone/integration-test/target/test-dir/MiniOzoneClusterImpl-3b2755de-4cfe-4b43-9e0d-73dd8eda8f75/datanode-0/data/ratis/30178a6c-f87f-47a2-bd14-50c3a5eec0ee] INFO  segmented.SegmentedRaftLogWorker (SegmentedRaftLogWorker.java:execute(569)) - dcc77c7b-1d37-448d-8d57-43d254561693-SegmentedRaftLogWorker:Storage Directory /workdir/hadoop-ozone/integration-test/target/test-dir/MiniOzoneClusterImpl-3b2755de-4cfe-4b43-9e0d-73dd8eda8f75/datanode-0/data/ratis/30178a6c-f87f-47a2-bd14-50c3a5eec0ee: created new log segment /workdir/hadoop-ozone/integration-test/target/test-dir/MiniOzoneClusterImpl-3b2755de-4cfe-4b43-9e0d-73dd8eda8f75/datanode-0/data/ratis/30178a6c-f87f-47a2-bd14-50c3a5eec0ee/current/log_inprogress_0
2019-09-19 14:04:54,559 [pool-58-thread-1] INFO  storage.RaftStorage (RaftStorage.java:format(72)) - Storage directory /workdir/hadoop-ozone/integration-test/target/test-dir/MiniOzoneClusterImpl-3b2755de-4cfe-4b43-9e0d-73dd8eda8f75/datanode-0/data/ratis/c1800245-6d8c-4fa6-afad-c4c3dbf2eb40 has been successfully formatted.
2019-09-19 14:04:54,559 [pool-58-thread-1] INFO  ratis.ContainerStateMachine (ContainerStateMachine.java:loadSnapshot(226)) - group-C4C3DBF2EB40: The snapshot info is null. Setting the last applied indexto:(t:0, i:~)
2019-09-19 14:04:54,560 [pool-58-thread-1] INFO  server.RaftServerConfigKeys (ConfUtils.java:logGet(43)) - raft.server.leader.election.timeout = 120s (custom)
2019-09-19 14:04:54,560 [pool-58-thread-1] INFO  server.RaftServerConfigKeys (ConfUtils.java:logGet(43)) - raft.server.log.use.memory = false (default)
2019-09-19 14:04:54,560 [pool-58-thread-1] INFO  server.RaftServerConfigKeys (ConfUtils.java:logGet(43)) - raft.server.log.purge.gap = 1000000 (custom)
2019-09-19 14:04:54,560 [pool-58-thread-1] INFO  server.RaftServerConfigKeys (ConfUtils.java:logGet(43)) - raft.server.log.appender.buffer.byte-limit = 33554432 (custom)
2019-09-19 14:04:54,560 [pool-58-thread-1] INFO  server.RaftServerConfigKeys (ConfUtils.java:logGet(43)) - raft.server.log.segment.size.max = 1048576 (custom)
2019-09-19 14:04:54,560 [pool-58-thread-1] INFO  server.RaftServerConfigKeys (ConfUtils.java:logGet(43)) - raft.server.log.segment.cache.num.max = 2 (custom)
2019-09-19 14:04:54,561 [pool-58-thread-1] INFO  segmented.SegmentedRaftLogWorker (SegmentedRaftLogWorker.java:<init>(172)) - new dcc77c7b-1d37-448d-8d57-43d254561693-SegmentedRaftLogWorker:Storage Directory /workdir/hadoop-ozone/integration-test/target/test-dir/MiniOzoneClusterImpl-3b2755de-4cfe-4b43-9e0d-73dd8eda8f75/datanode-0/data/ratis/c1800245-6d8c-4fa6-afad-c4c3dbf2eb40 for RaftStorage:Storage Directory /workdir/hadoop-ozone/integration-test/target/test-dir/MiniOzoneClusterImpl-3b2755de-4cfe-4b43-9e0d-73dd8eda8f75/datanode-0/data/ratis/c1800245-6d8c-4fa6-afad-c4c3dbf2eb40
2019-09-19 14:04:54,561 [pool-58-thread-1] INFO  server.RaftServerConfigKeys (ConfUtils.java:logGet(43)) - raft.server.log.queue.byte-limit = 2147483647 (custom)
2019-09-19 14:04:54,561 [pool-58-thread-1] INFO  server.RaftServerConfigKeys (ConfUtils.java:logGet(43)) - raft.server.log.queue.element-limit = 1024 (custom)
2019-09-19 14:04:54,561 [pool-58-thread-1] INFO  server.RaftServerConfigKeys (ConfUtils.java:logGet(43)) - raft.server.log.segment.size.max = 1048576 (custom)
2019-09-19 14:04:54,561 [pool-58-thread-1] INFO  server.RaftServerConfigKeys (ConfUtils.java:logGet(43)) - raft.server.log.preallocated.size = 16384 (custom)
2019-09-19 14:04:54,561 [pool-58-thread-1] INFO  server.RaftServerConfigKeys (ConfUtils.java:logGet(43)) - raft.server.log.write.buffer.size = 33554432 (custom)
2019-09-19 14:04:54,561 [pool-58-thread-1] INFO  server.RaftServerConfigKeys (ConfUtils.java:logGet(43)) - raft.server.log.force.sync.num = 128 (default)
2019-09-19 14:04:54,561 [pool-58-thread-1] INFO  server.RaftServerConfigKeys (ConfUtils.java:logGet(43)) - raft.server.log.statemachine.data.sync = true (default)
2019-09-19 14:04:54,562 [pool-58-thread-1] INFO  server.RaftServerConfigKeys (ConfUtils.java:logGet(43)) - raft.server.log.statemachine.data.sync.timeout = 10s (default)
2019-09-19 14:04:54,562 [pool-58-thread-1] INFO  server.RaftServerConfigKeys (ConfUtils.java:logGet(43)) - raft.server.log.statemachine.data.sync.timeout.retry = -1 (default)
2019-09-19 14:04:54,562 [pool-58-thread-1] INFO  server.RaftServerConfigKeys (ConfUtils.java:logGet(43)) - raft.server.log.statemachine.data.caching.enabled = true (custom)
2019-09-19 14:04:54,562 [pool-58-thread-1] INFO  segmented.SegmentedRaftLogWorker (SegmentedRaftLogWorker.java:lambda$new$0(132)) - dcc77c7b-1d37-448d-8d57-43d254561693-SegmentedRaftLogWorker:Storage Directory /workdir/hadoop-ozone/integration-test/target/test-dir/MiniOzoneClusterImpl-3b2755de-4cfe-4b43-9e0d-73dd8eda8f75/datanode-0/data/ratis/c1800245-6d8c-4fa6-afad-c4c3dbf2eb40: flushIndex: setUnconditionally 0 -> -1
2019-09-19 14:04:54,562 [pool-58-thread-1] INFO  server.RaftServerConfigKeys (ConfUtils.java:logGet(43)) - raft.server.snapshot.auto.trigger.enabled = true (custom)
2019-09-19 14:04:54,563 [pool-58-thread-1] INFO  server.RaftServerConfigKeys (ConfUtils.java:logGet(43)) - raft.server.snapshot.auto.trigger.threshold = 1 (custom)
2019-09-19 14:04:54,563 [pool-58-thread-1] INFO  server.RaftServerConfigKeys (ConfUtils.java:logGet(43)) - raft.server.retrycache.expirytime = 600000ms (custom)
2019-09-19 14:04:54,563 [pool-58-thread-1] INFO  impl.RaftServerImpl (RaftServerImpl.java:start(180)) - dcc77c7b-1d37-448d-8d57-43d254561693: start group-C4C3DBF2EB40
2019-09-19 14:04:54,563 [pool-58-thread-1] INFO  impl.RaftServerImpl (RaftServerImpl.java:setRole(171)) - dcc77c7b-1d37-448d-8d57-43d254561693:group-C4C3DBF2EB40 changes role from null to FOLLOWER at term 0 for startAsFollower
2019-09-19 14:04:54,563 [pool-58-thread-1] INFO  impl.RoleInfo (RoleInfo.java:updateAndGet(143)) - dcc77c7b-1d37-448d-8d57-43d254561693: start FollowerState
2019-09-19 14:04:54,563 [pool-58-thread-1] INFO  util.JmxRegister (JmxRegister.java:tryRegister(44)) - Successfully registered JMX Bean with object name Ratis:service=RaftServer,group=group-C4C3DBF2EB40,id=dcc77c7b-1d37-448d-8d57-43d254561693
2019-09-19 14:04:54,565 [RatisPipelineUtilsThread] INFO  pipeline.PipelineStateManager (PipelineStateManager.java:addPipeline(56)) - Created pipeline Pipeline[ Id: c1800245-6d8c-4fa6-afad-c4c3dbf2eb40, Nodes: dcc77c7b-1d37-448d-8d57-43d254561693{ip: 192.168.157.226, host: pr-hdds-1569-swxfz-3172132826, networkLocation: /default-rack, certSerialId: null}, Type:RATIS, Factor:ONE, State:OPEN]
2019-09-19 14:04:54,568 [grpc-default-executor-1] INFO  impl.RaftServerProxy (RaftServerProxy.java:addNew(89)) - dcc77c7b-1d37-448d-8d57-43d254561693: addNew group-FB8A0F6129D1:[dcc77c7b-1d37-448d-8d57-43d254561693:192.168.157.226:34527] returns group-FB8A0F6129D1:java.util.concurrent.CompletableFuture@529eb568[Not completed]
2019-09-19 14:04:54,569 [pool-58-thread-1] INFO  impl.RaftServerImpl (RaftServerImpl.java:<init>(93)) - dcc77c7b-1d37-448d-8d57-43d254561693: new RaftServerImpl for group-FB8A0F6129D1:[dcc77c7b-1d37-448d-8d57-43d254561693:192.168.157.226:34527] with ContainerStateMachine:uninitialized
2019-09-19 14:04:54,569 [pool-58-thread-1] INFO  server.RaftServerConfigKeys (ConfUtils.java:logGet(43)) - raft.server.rpc.timeout.min = 5s (custom)
2019-09-19 14:04:54,569 [pool-58-thread-1] INFO  server.RaftServerConfigKeys (ConfUtils.java:logGet(43)) - raft.server.rpc.timeout.max = 5200ms (custom)
2019-09-19 14:04:54,569 [pool-58-thread-1] INFO  server.RaftServerConfigKeys (ConfUtils.java:logGet(43)) - raft.server.rpcslowness.timeout = 120s (custom)
2019-09-19 14:04:54,569 [pool-58-thread-1] INFO  server.RaftServerConfigKeys (ConfUtils.java:logGet(43)) - raft.server.sleep.deviation.threshold = 300 (default)
2019-09-19 14:04:54,569 [pool-58-thread-1] INFO  server.RaftServerConfigKeys (ConfUtils.java:logGet(43)) - raft.server.log.appender.install.snapshot.enabled = false (custom)
2019-09-19 14:04:54,569 [pool-58-thread-1] INFO  impl.RaftServerImpl (ServerState.java:<init>(105)) - dcc77c7b-1d37-448d-8d57-43d254561693:group-FB8A0F6129D1 ConfigurationManager, init=-1: [dcc77c7b-1d37-448d-8d57-43d254561693:192.168.157.226:34527], old=null, confs=<EMPTY_MAP>
2019-09-19 14:04:54,569 [pool-58-thread-1] INFO  server.RaftServerConfigKeys (ConfUtils.java:logGet(43)) - raft.server.storage.dir = [/workdir/hadoop-ozone/integration-test/target/test-dir/MiniOzoneClusterImpl-3b2755de-4cfe-4b43-9e0d-73dd8eda8f75/datanode-0/data/ratis] (custom)
2019-09-19 14:04:54,571 [pool-58-thread-1] INFO  storage.RaftStorageDirectory (RaftStorageDirectory.java:analyzeStorage(246)) - The storage directory /workdir/hadoop-ozone/integration-test/target/test-dir/MiniOzoneClusterImpl-3b2755de-4cfe-4b43-9e0d-73dd8eda8f75/datanode-0/data/ratis/fee7afbf-a83c-4232-9eb3-fb8a0f6129d1 does not exist. Creating ...
2019-09-19 14:04:54,571 [Thread-4058] INFO  impl.FollowerState (FollowerState.java:run(106)) - dcc77c7b-1d37-448d-8d57-43d254561693:group-C3E1E6A08425 changes to CANDIDATE, lastRpcTime:5195, electionTimeout:5195ms
2019-09-19 14:04:54,571 [Thread-4058] INFO  impl.RoleInfo (RoleInfo.java:shutdownFollowerState(121)) - dcc77c7b-1d37-448d-8d57-43d254561693: shutdown FollowerState
2019-09-19 14:04:54,572 [Thread-4058] INFO  impl.RaftServerImpl (RaftServerImpl.java:setRole(171)) - dcc77c7b-1d37-448d-8d57-43d254561693:group-C3E1E6A08425 changes role from FOLLOWER to CANDIDATE at term 0 for changeToCandidate
2019-09-19 14:04:54,572 [Thread-4058] INFO  impl.RoleInfo (RoleInfo.java:updateAndGet(143)) - dcc77c7b-1d37-448d-8d57-43d254561693: start LeaderElection
2019-09-19 14:04:54,580 [Thread-4061] INFO  impl.FollowerState (FollowerState.java:run(106)) - dcc77c7b-1d37-448d-8d57-43d254561693:group-37BC69129D7F changes to CANDIDATE, lastRpcTime:5170, electionTimeout:5170ms
2019-09-19 14:04:54,580 [Thread-4061] INFO  impl.RoleInfo (RoleInfo.java:shutdownFollowerState(121)) - dcc77c7b-1d37-448d-8d57-43d254561693: shutdown FollowerState
2019-09-19 14:04:54,580 [Thread-4061] INFO  impl.RaftServerImpl (RaftServerImpl.java:setRole(171)) - dcc77c7b-1d37-448d-8d57-43d254561693:group-37BC69129D7F changes role from FOLLOWER to CANDIDATE at term 0 for changeToCandidate
2019-09-19 14:04:54,580 [Thread-4061] INFO  impl.RoleInfo (RoleInfo.java:updateAndGet(143)) - dcc77c7b-1d37-448d-8d57-43d254561693: start LeaderElection
2019-09-19 14:04:54,585 [dcc77c7b-1d37-448d-8d57-43d254561693-SegmentedRaftLogWorker:Storage Directory /workdir/hadoop-ozone/integration-test/target/test-dir/MiniOzoneClusterImpl-3b2755de-4cfe-4b43-9e0d-73dd8eda8f75/datanode-0/data/ratis/2cb4039d-4595-420d-abc8-766773ced0ed] INFO  segmented.SegmentedRaftLogWorker (SegmentedRaftLogWorker.java:execute(569)) - dcc77c7b-1d37-448d-8d57-43d254561693-SegmentedRaftLogWorker:Storage Directory /workdir/hadoop-ozone/integration-test/target/test-dir/MiniOzoneClusterImpl-3b2755de-4cfe-4b43-9e0d-73dd8eda8f75/datanode-0/data/ratis/2cb4039d-4595-420d-abc8-766773ced0ed: created new log segment /workdir/hadoop-ozone/integration-test/target/test-dir/MiniOzoneClusterImpl-3b2755de-4cfe-4b43-9e0d-73dd8eda8f75/datanode-0/data/ratis/2cb4039d-4595-420d-abc8-766773ced0ed/current/log_inprogress_0
2019-09-19 14:04:54,585 [dcc77c7b-1d37-448d-8d57-43d254561693:group-C3E1E6A08425:LeaderElection539] INFO  impl.LeaderElection (LeaderElection.java:askForVotes(181)) - dcc77c7b-1d37-448d-8d57-43d254561693:group-C3E1E6A08425:LeaderElection539: begin an election at term 1 for -1: [dcc77c7b-1d37-448d-8d57-43d254561693:192.168.157.226:34527], old=null
2019-09-19 14:04:54,585 [pool-58-thread-1] INFO  storage.RaftStorageDirectory (RaftStorageDirectory.java:tryLock(328)) - Lock on /workdir/hadoop-ozone/integration-test/target/test-dir/MiniOzoneClusterImpl-3b2755de-4cfe-4b43-9e0d-73dd8eda8f75/datanode-0/data/ratis/fee7afbf-a83c-4232-9eb3-fb8a0f6129d1/in_use.lock acquired by nodename 30982@pr-hdds-1569-swxfz-3172132826
2019-09-19 14:04:54,585 [dcc77c7b-1d37-448d-8d57-43d254561693:group-C3E1E6A08425:LeaderElection539] INFO  impl.RoleInfo (RoleInfo.java:shutdownLeaderElection(134)) - dcc77c7b-1d37-448d-8d57-43d254561693: shutdown LeaderElection
2019-09-19 14:04:54,585 [dcc77c7b-1d37-448d-8d57-43d254561693:group-37BC69129D7F:LeaderElection540] INFO  impl.LeaderElection (LeaderElection.java:askForVotes(181)) - dcc77c7b-1d37-448d-8d57-43d254561693:group-37BC69129D7F:LeaderElection540: begin an election at term 1 for -1: [dcc77c7b-1d37-448d-8d57-43d254561693:192.168.157.226:34527], old=null
2019-09-19 14:04:54,585 [dcc77c7b-1d37-448d-8d57-43d254561693:group-C3E1E6A08425:LeaderElection539] INFO  impl.RaftServerImpl (RaftServerImpl.java:setRole(171)) - dcc77c7b-1d37-448d-8d57-43d254561693:group-C3E1E6A08425 changes role from CANDIDATE to LEADER at term 1 for changeToLeader
2019-09-19 14:04:54,585 [dcc77c7b-1d37-448d-8d57-43d254561693:group-37BC69129D7F:LeaderElection540] INFO  impl.RoleInfo (RoleInfo.java:shutdownLeaderElection(134)) - dcc77c7b-1d37-448d-8d57-43d254561693: shutdown LeaderElection
2019-09-19 14:04:54,586 [dcc77c7b-1d37-448d-8d57-43d254561693:group-C3E1E6A08425:LeaderElection539] INFO  impl.RaftServerImpl (ServerState.java:setLeader(263)) - dcc77c7b-1d37-448d-8d57-43d254561693:group-C3E1E6A08425 change Leader from null to dcc77c7b-1d37-448d-8d57-43d254561693 at term 1 for becomeLeader, leader elected after 5211ms
2019-09-19 14:04:54,586 [dcc77c7b-1d37-448d-8d57-43d254561693:group-37BC69129D7F:LeaderElection540] INFO  impl.RaftServerImpl (RaftServerImpl.java:setRole(171)) - dcc77c7b-1d37-448d-8d57-43d254561693:group-37BC69129D7F changes role from CANDIDATE to LEADER at term 1 for changeToLeader
2019-09-19 14:04:54,586 [dcc77c7b-1d37-448d-8d57-43d254561693:group-C3E1E6A08425:LeaderElection539] INFO  server.RaftServerConfigKeys (ConfUtils.java:logGet(43)) - raft.server.staging.catchup.gap = 1000 (default)
2019-09-19 14:04:54,586 [dcc77c7b-1d37-448d-8d57-43d254561693:group-37BC69129D7F:LeaderElection540] INFO  impl.RaftServerImpl (ServerState.java:setLeader(263)) - dcc77c7b-1d37-448d-8d57-43d254561693:group-37BC69129D7F change Leader from null to dcc77c7b-1d37-448d-8d57-43d254561693 at term 1 for becomeLeader, leader elected after 5179ms
2019-09-19 14:04:54,586 [dcc77c7b-1d37-448d-8d57-43d254561693:group-C3E1E6A08425:LeaderElection539] INFO  server.RaftServerConfigKeys (ConfUtils.java:logGet(43)) - raft.server.rpc.sleep.time = 25ms (default)
2019-09-19 14:04:54,586 [dcc77c7b-1d37-448d-8d57-43d254561693:group-37BC69129D7F:LeaderElection540] INFO  server.RaftServerConfigKeys (ConfUtils.java:logGet(43)) - raft.server.staging.catchup.gap = 1000 (default)
2019-09-19 14:04:54,586 [dcc77c7b-1d37-448d-8d57-43d254561693:group-C3E1E6A08425:LeaderElection539] INFO  server.RaftServerConfigKeys (ConfUtils.java:logGet(43)) - raft.server.write.element-limit = 4096 (default)
2019-09-19 14:04:54,586 [dcc77c7b-1d37-448d-8d57-43d254561693:group-37BC69129D7F:LeaderElection540] INFO  server.RaftServerConfigKeys (ConfUtils.java:logGet(43)) - raft.server.rpc.sleep.time = 25ms (default)
2019-09-19 14:04:54,586 [dcc77c7b-1d37-448d-8d57-43d254561693:group-C3E1E6A08425:LeaderElection539] INFO  server.RaftServerConfigKeys (ConfUtils.java:logGet(43)) - raft.server.watch.timeout = 10s (default)
2019-09-19 14:04:54,586 [dcc77c7b-1d37-448d-8d57-43d254561693:group-37BC69129D7F:LeaderElection540] INFO  server.RaftServerConfigKeys (ConfUtils.java:logGet(43)) - raft.server.write.element-limit = 4096 (default)
2019-09-19 14:04:54,587 [dcc77c7b-1d37-448d-8d57-43d254561693:group-C3E1E6A08425:LeaderElection539] INFO  server.RaftServerConfigKeys (ConfUtils.java:logGet(43)) - raft.server.watch.timeout.denomination = 1s (default)
2019-09-19 14:04:54,587 [dcc77c7b-1d37-448d-8d57-43d254561693:group-37BC69129D7F:LeaderElection540] INFO  server.RaftServerConfigKeys (ConfUtils.java:logGet(43)) - raft.server.watch.timeout = 10s (default)
2019-09-19 14:04:54,587 [dcc77c7b-1d37-448d-8d57-43d254561693:group-C3E1E6A08425:LeaderElection539] INFO  server.RaftServerConfigKeys (ConfUtils.java:logGet(43)) - raft.server.watch.element-limit = 65536 (default)
2019-09-19 14:04:54,587 [dcc77c7b-1d37-448d-8d57-43d254561693:group-37BC69129D7F:LeaderElection540] INFO  server.RaftServerConfigKeys (ConfUtils.java:logGet(43)) - raft.server.watch.timeout.denomination = 1s (default)
2019-09-19 14:04:54,587 [dcc77c7b-1d37-448d-8d57-43d254561693:group-C3E1E6A08425:LeaderElection539] INFO  impl.RoleInfo (RoleInfo.java:updateAndGet(143)) - dcc77c7b-1d37-448d-8d57-43d254561693: start LeaderState
2019-09-19 14:04:54,587 [dcc77c7b-1d37-448d-8d57-43d254561693:group-37BC69129D7F:LeaderElection540] INFO  server.RaftServerConfigKeys (ConfUtils.java:logGet(43)) - raft.server.watch.element-limit = 65536 (default)
2019-09-19 14:04:54,587 [dcc77c7b-1d37-448d-8d57-43d254561693:group-C3E1E6A08425:LeaderElection539] INFO  segmented.SegmentedRaftLogWorker (SegmentedRaftLogWorker.java:startLogSegment(380)) - dcc77c7b-1d37-448d-8d57-43d254561693-SegmentedRaftLogWorker:Storage Directory /workdir/hadoop-ozone/integration-test/target/test-dir/MiniOzoneClusterImpl-3b2755de-4cfe-4b43-9e0d-73dd8eda8f75/datanode-0/data/ratis/7f4197b5-5912-4169-8d0a-c3e1e6a08425: Starting segment from index:0
2019-09-19 14:04:54,587 [dcc77c7b-1d37-448d-8d57-43d254561693:group-37BC69129D7F:LeaderElection540] INFO  impl.RoleInfo (RoleInfo.java:updateAndGet(143)) - dcc77c7b-1d37-448d-8d57-43d254561693: start LeaderState
2019-09-19 14:04:54,587 [dcc77c7b-1d37-448d-8d57-43d254561693:group-C3E1E6A08425:LeaderElection539] INFO  impl.RaftServerImpl (ServerState.java:setRaftConf(361)) - dcc77c7b-1d37-448d-8d57-43d254561693:group-C3E1E6A08425 set configuration 0: [dcc77c7b-1d37-448d-8d57-43d254561693:192.168.157.226:34527], old=null at 0
2019-09-19 14:04:54,587 [dcc77c7b-1d37-448d-8d57-43d254561693:group-37BC69129D7F:LeaderElection540] INFO  segmented.SegmentedRaftLogWorker (SegmentedRaftLogWorker.java:startLogSegment(380)) - dcc77c7b-1d37-448d-8d57-43d254561693-SegmentedRaftLogWorker:Storage Directory /workdir/hadoop-ozone/integration-test/target/test-dir/MiniOzoneClusterImpl-3b2755de-4cfe-4b43-9e0d-73dd8eda8f75/datanode-0/data/ratis/749fb6bc-5de8-4abf-b64f-37bc69129d7f: Starting segment from index:0
2019-09-19 14:04:54,588 [dcc77c7b-1d37-448d-8d57-43d254561693:group-37BC69129D7F:LeaderElection540] INFO  impl.RaftServerImpl (ServerState.java:setRaftConf(361)) - dcc77c7b-1d37-448d-8d57-43d254561693:group-37BC69129D7F set configuration 0: [dcc77c7b-1d37-448d-8d57-43d254561693:192.168.157.226:34527], old=null at 0
2019-09-19 14:04:54,598 [Thread-4070] INFO  impl.FollowerState (FollowerState.java:run(106)) - dcc77c7b-1d37-448d-8d57-43d254561693:group-ACDB59FCC6C6 changes to CANDIDATE, lastRpcTime:5068, electionTimeout:5068ms
2019-09-19 14:04:54,598 [Thread-4070] INFO  impl.RoleInfo (RoleInfo.java:shutdownFollowerState(121)) - dcc77c7b-1d37-448d-8d57-43d254561693: shutdown FollowerState
2019-09-19 14:04:54,598 [Thread-4070] INFO  impl.RaftServerImpl (RaftServerImpl.java:setRole(171)) - dcc77c7b-1d37-448d-8d57-43d254561693:group-ACDB59FCC6C6 changes role from FOLLOWER to CANDIDATE at term 0 for changeToCandidate
2019-09-19 14:04:54,598 [Thread-4070] INFO  impl.RoleInfo (RoleInfo.java:updateAndGet(143)) - dcc77c7b-1d37-448d-8d57-43d254561693: start LeaderElection
2019-09-19 14:04:54,599 [pool-58-thread-1] INFO  storage.RaftStorage (RaftStorage.java:format(72)) - Storage directory /workdir/hadoop-ozone/integration-test/target/test-dir/MiniOzoneClusterImpl-3b2755de-4cfe-4b43-9e0d-73dd8eda8f75/datanode-0/data/ratis/fee7afbf-a83c-4232-9eb3-fb8a0f6129d1 has been successfully formatted.
2019-09-19 14:04:54,600 [pool-58-thread-1] INFO  ratis.ContainerStateMachine (ContainerStateMachine.java:loadSnapshot(226)) - group-FB8A0F6129D1: The snapshot info is null. Setting the last applied indexto:(t:0, i:~)
2019-09-19 14:04:54,600 [pool-58-thread-1] INFO  server.RaftServerConfigKeys (ConfUtils.java:logGet(43)) - raft.server.leader.election.timeout = 120s (custom)
2019-09-19 14:04:54,600 [pool-58-thread-1] INFO  server.RaftServerConfigKeys (ConfUtils.java:logGet(43)) - raft.server.log.use.memory = false (default)
2019-09-19 14:04:54,600 [pool-58-thread-1] INFO  server.RaftServerConfigKeys (ConfUtils.java:logGet(43)) - raft.server.log.purge.gap = 1000000 (custom)
2019-09-19 14:04:54,600 [pool-58-thread-1] INFO  server.RaftServerConfigKeys (ConfUtils.java:logGet(43)) - raft.server.log.appender.buffer.byte-limit = 33554432 (custom)
2019-09-19 14:04:54,600 [pool-58-thread-1] INFO  server.RaftServerConfigKeys (ConfUtils.java:logGet(43)) - raft.server.log.segment.size.max = 1048576 (custom)
2019-09-19 14:04:54,600 [pool-58-thread-1] INFO  server.RaftServerConfigKeys (ConfUtils.java:logGet(43)) - raft.server.log.segment.cache.num.max = 2 (custom)
2019-09-19 14:04:54,601 [pool-58-thread-1] INFO  segmented.SegmentedRaftLogWorker (SegmentedRaftLogWorker.java:<init>(172)) - new dcc77c7b-1d37-448d-8d57-43d254561693-SegmentedRaftLogWorker:Storage Directory /workdir/hadoop-ozone/integration-test/target/test-dir/MiniOzoneClusterImpl-3b2755de-4cfe-4b43-9e0d-73dd8eda8f75/datanode-0/data/ratis/fee7afbf-a83c-4232-9eb3-fb8a0f6129d1 for RaftStorage:Storage Directory /workdir/hadoop-ozone/integration-test/target/test-dir/MiniOzoneClusterImpl-3b2755de-4cfe-4b43-9e0d-73dd8eda8f75/datanode-0/data/ratis/fee7afbf-a83c-4232-9eb3-fb8a0f6129d1
2019-09-19 14:04:54,601 [pool-58-thread-1] INFO  server.RaftServerConfigKeys (ConfUtils.java:logGet(43)) - raft.server.log.queue.byte-limit = 2147483647 (custom)
2019-09-19 14:04:54,601 [Thread-4076] INFO  impl.FollowerState (FollowerState.java:run(106)) - dcc77c7b-1d37-448d-8d57-43d254561693:group-51146FF46A84 changes to CANDIDATE, lastRpcTime:5006, electionTimeout:5006ms
2019-09-19 14:04:54,601 [Thread-4076] INFO  impl.RoleInfo (RoleInfo.java:shutdownFollowerState(121)) - dcc77c7b-1d37-448d-8d57-43d254561693: shutdown FollowerState
2019-09-19 14:04:54,601 [pool-58-thread-1] INFO  server.RaftServerConfigKeys (ConfUtils.java:logGet(43)) - raft.server.log.queue.element-limit = 1024 (custom)
2019-09-19 14:04:54,601 [Thread-4076] INFO  impl.RaftServerImpl (RaftServerImpl.java:setRole(171)) - dcc77c7b-1d37-448d-8d57-43d254561693:group-51146FF46A84 changes role from FOLLOWER to CANDIDATE at term 0 for changeToCandidate
2019-09-19 14:04:54,601 [pool-58-thread-1] INFO  server.RaftServerConfigKeys (ConfUtils.java:logGet(43)) - raft.server.log.segment.size.max = 1048576 (custom)
2019-09-19 14:04:54,601 [Thread-4076] INFO  impl.RoleInfo (RoleInfo.java:updateAndGet(143)) - dcc77c7b-1d37-448d-8d57-43d254561693: start LeaderElection
2019-09-19 14:04:54,601 [pool-58-thread-1] INFO  server.RaftServerConfigKeys (ConfUtils.java:logGet(43)) - raft.server.log.preallocated.size = 16384 (custom)
2019-09-19 14:04:54,602 [pool-58-thread-1] INFO  server.RaftServerConfigKeys (ConfUtils.java:logGet(43)) - raft.server.log.write.buffer.size = 33554432 (custom)
2019-09-19 14:04:54,602 [pool-58-thread-1] INFO  server.RaftServerConfigKeys (ConfUtils.java:logGet(43)) - raft.server.log.force.sync.num = 128 (default)
2019-09-19 14:04:54,602 [pool-58-thread-1] INFO  server.RaftServerConfigKeys (ConfUtils.java:logGet(43)) - raft.server.log.statemachine.data.sync = true (default)
2019-09-19 14:04:54,602 [pool-58-thread-1] INFO  server.RaftServerConfigKeys (ConfUtils.java:logGet(43)) - raft.server.log.statemachine.data.sync.timeout = 10s (default)
2019-09-19 14:04:54,602 [pool-58-thread-1] INFO  server.RaftServerConfigKeys (ConfUtils.java:logGet(43)) - raft.server.log.statemachine.data.sync.timeout.retry = -1 (default)
2019-09-19 14:04:54,602 [pool-58-thread-1] INFO  server.RaftServerConfigKeys (ConfUtils.java:logGet(43)) - raft.server.log.statemachine.data.caching.enabled = true (custom)
2019-09-19 14:04:54,613 [pool-58-thread-1] INFO  segmented.SegmentedRaftLogWorker (SegmentedRaftLogWorker.java:lambda$new$0(132)) - dcc77c7b-1d37-448d-8d57-43d254561693-SegmentedRaftLogWorker:Storage Directory /workdir/hadoop-ozone/integration-test/target/test-dir/MiniOzoneClusterImpl-3b2755de-4cfe-4b43-9e0d-73dd8eda8f75/datanode-0/data/ratis/fee7afbf-a83c-4232-9eb3-fb8a0f6129d1: flushIndex: setUnconditionally 0 -> -1
2019-09-19 14:04:54,613 [pool-58-thread-1] INFO  server.RaftServerConfigKeys (ConfUtils.java:logGet(43)) - raft.server.snapshot.auto.trigger.enabled = true (custom)
2019-09-19 14:04:54,613 [pool-58-thread-1] INFO  server.RaftServerConfigKeys (ConfUtils.java:logGet(43)) - raft.server.snapshot.auto.trigger.threshold = 1 (custom)
2019-09-19 14:04:54,614 [dcc77c7b-1d37-448d-8d57-43d254561693:group-ACDB59FCC6C6:LeaderElection541] INFO  impl.LeaderElection (LeaderElection.java:askForVotes(181)) - dcc77c7b-1d37-448d-8d57-43d254561693:group-ACDB59FCC6C6:LeaderElection541: begin an election at term 1 for -1: [dcc77c7b-1d37-448d-8d57-43d254561693:192.168.157.226:34527], old=null
2019-09-19 14:04:54,614 [pool-58-thread-1] INFO  server.RaftServerConfigKeys (ConfUtils.java:logGet(43)) - raft.server.retrycache.expirytime = 600000ms (custom)
2019-09-19 14:04:54,614 [dcc77c7b-1d37-448d-8d57-43d254561693:group-ACDB59FCC6C6:LeaderElection541] INFO  impl.RoleInfo (RoleInfo.java:shutdownLeaderElection(134)) - dcc77c7b-1d37-448d-8d57-43d254561693: shutdown LeaderElection
2019-09-19 14:04:54,614 [pool-58-thread-1] INFO  impl.RaftServerImpl (RaftServerImpl.java:start(180)) - dcc77c7b-1d37-448d-8d57-43d254561693: start group-FB8A0F6129D1
2019-09-19 14:04:54,614 [dcc77c7b-1d37-448d-8d57-43d254561693:group-ACDB59FCC6C6:LeaderElection541] INFO  impl.RaftServerImpl (RaftServerImpl.java:setRole(171)) - dcc77c7b-1d37-448d-8d57-43d254561693:group-ACDB59FCC6C6 changes role from CANDIDATE to LEADER at term 1 for changeToLeader
2019-09-19 14:04:54,614 [pool-58-thread-1] INFO  impl.RaftServerImpl (RaftServerImpl.java:setRole(171)) - dcc77c7b-1d37-448d-8d57-43d254561693:group-FB8A0F6129D1 changes role from null to FOLLOWER at term 0 for startAsFollower
2019-09-19 14:04:54,614 [dcc77c7b-1d37-448d-8d57-43d254561693:group-ACDB59FCC6C6:LeaderElection541] INFO  impl.RaftServerImpl (ServerState.java:setLeader(263)) - dcc77c7b-1d37-448d-8d57-43d254561693:group-ACDB59FCC6C6 change Leader from null to dcc77c7b-1d37-448d-8d57-43d254561693 at term 1 for becomeLeader, leader elected after 5086ms
2019-09-19 14:04:54,614 [pool-58-thread-1] INFO  impl.RoleInfo (RoleInfo.java:updateAndGet(143)) - dcc77c7b-1d37-448d-8d57-43d254561693: start FollowerState
2019-09-19 14:04:54,614 [dcc77c7b-1d37-448d-8d57-43d254561693:group-ACDB59FCC6C6:LeaderElection541] INFO  server.RaftServerConfigKeys (ConfUtils.java:logGet(43)) - raft.server.staging.catchup.gap = 1000 (default)
2019-09-19 14:04:54,615 [dcc77c7b-1d37-448d-8d57-43d254561693:group-ACDB59FCC6C6:LeaderElection541] INFO  server.RaftServerConfigKeys (ConfUtils.java:logGet(43)) - raft.server.rpc.sleep.time = 25ms (default)
2019-09-19 14:04:54,615 [dcc77c7b-1d37-448d-8d57-43d254561693:group-ACDB59FCC6C6:LeaderElection541] INFO  server.RaftServerConfigKeys (ConfUtils.java:logGet(43)) - raft.server.write.element-limit = 4096 (default)
2019-09-19 14:04:54,615 [pool-58-thread-1] INFO  util.JmxRegister (JmxRegister.java:tryRegister(44)) - Successfully registered JMX Bean with object name Ratis:service=RaftServer,group=group-FB8A0F6129D1,id=dcc77c7b-1d37-448d-8d57-43d254561693
2019-09-19 14:04:54,615 [dcc77c7b-1d37-448d-8d57-43d254561693:group-ACDB59FCC6C6:LeaderElection541] INFO  server.RaftServerConfigKeys (ConfUtils.java:logGet(43)) - raft.server.watch.timeout = 10s (default)
2019-09-19 14:04:54,615 [dcc77c7b-1d37-448d-8d57-43d254561693:group-ACDB59FCC6C6:LeaderElection541] INFO  server.RaftServerConfigKeys (ConfUtils.java:logGet(43)) - raft.server.watch.timeout.denomination = 1s (default)
2019-09-19 14:04:54,615 [dcc77c7b-1d37-448d-8d57-43d254561693:group-ACDB59FCC6C6:LeaderElection541] INFO  server.RaftServerConfigKeys (ConfUtils.java:logGet(43)) - raft.server.watch.element-limit = 65536 (default)
2019-09-19 14:04:54,616 [dcc77c7b-1d37-448d-8d57-43d254561693:group-ACDB59FCC6C6:LeaderElection541] INFO  impl.RoleInfo (RoleInfo.java:updateAndGet(143)) - dcc77c7b-1d37-448d-8d57-43d254561693: start LeaderState
2019-09-19 14:04:54,616 [dcc77c7b-1d37-448d-8d57-43d254561693:group-51146FF46A84:LeaderElection542] INFO  impl.LeaderElection (LeaderElection.java:askForVotes(181)) - dcc77c7b-1d37-448d-8d57-43d254561693:group-51146FF46A84:LeaderElection542: begin an election at term 1 for -1: [dcc77c7b-1d37-448d-8d57-43d254561693:192.168.157.226:34527], old=null
2019-09-19 14:04:54,616 [dcc77c7b-1d37-448d-8d57-43d254561693:group-ACDB59FCC6C6:LeaderElection541] INFO  segmented.SegmentedRaftLogWorker (SegmentedRaftLogWorker.java:startLogSegment(380)) - dcc77c7b-1d37-448d-8d57-43d254561693-SegmentedRaftLogWorker:Storage Directory /workdir/hadoop-ozone/integration-test/target/test-dir/MiniOzoneClusterImpl-3b2755de-4cfe-4b43-9e0d-73dd8eda8f75/datanode-0/data/ratis/c0fe0477-bf39-4db9-bf23-acdb59fcc6c6: Starting segment from index:0
2019-09-19 14:04:54,616 [dcc77c7b-1d37-448d-8d57-43d254561693:group-51146FF46A84:LeaderElection542] INFO  impl.RoleInfo (RoleInfo.java:shutdownLeaderElection(134)) - dcc77c7b-1d37-448d-8d57-43d254561693: shutdown LeaderElection
2019-09-19 14:04:54,616 [dcc77c7b-1d37-448d-8d57-43d254561693:group-51146FF46A84:LeaderElection542] INFO  impl.RaftServerImpl (RaftServerImpl.java:setRole(171)) - dcc77c7b-1d37-448d-8d57-43d254561693:group-51146FF46A84 changes role from CANDIDATE to LEADER at term 1 for changeToLeader
2019-09-19 14:04:54,616 [dcc77c7b-1d37-448d-8d57-43d254561693:group-ACDB59FCC6C6:LeaderElection541] INFO  impl.RaftServerImpl (ServerState.java:setRaftConf(361)) - dcc77c7b-1d37-448d-8d57-43d254561693:group-ACDB59FCC6C6 set configuration 0: [dcc77c7b-1d37-448d-8d57-43d254561693:192.168.157.226:34527], old=null at 0
2019-09-19 14:04:54,616 [dcc77c7b-1d37-448d-8d57-43d254561693:group-51146FF46A84:LeaderElection542] INFO  impl.RaftServerImpl (ServerState.java:setLeader(263)) - dcc77c7b-1d37-448d-8d57-43d254561693:group-51146FF46A84 change Leader from null to dcc77c7b-1d37-448d-8d57-43d254561693 at term 1 for becomeLeader, leader elected after 5024ms
2019-09-19 14:04:54,617 [dcc77c7b-1d37-448d-8d57-43d254561693:group-51146FF46A84:LeaderElection542] INFO  server.RaftServerConfigKeys (ConfUtils.java:logGet(43)) - raft.server.staging.catchup.gap = 1000 (default)
2019-09-19 14:04:54,617 [RatisPipelineUtilsThread] INFO  pipeline.PipelineStateManager (PipelineStateManager.java:addPipeline(56)) - Created pipeline Pipeline[ Id: fee7afbf-a83c-4232-9eb3-fb8a0f6129d1, Nodes: dcc77c7b-1d37-448d-8d57-43d254561693{ip: 192.168.157.226, host: pr-hdds-1569-swxfz-3172132826, networkLocation: /default-rack, certSerialId: null}, Type:RATIS, Factor:ONE, State:OPEN]
2019-09-19 14:04:54,617 [dcc77c7b-1d37-448d-8d57-43d254561693:group-51146FF46A84:LeaderElection542] INFO  server.RaftServerConfigKeys (ConfUtils.java:logGet(43)) - raft.server.rpc.sleep.time = 25ms (default)
2019-09-19 14:04:54,617 [dcc77c7b-1d37-448d-8d57-43d254561693:group-51146FF46A84:LeaderElection542] INFO  server.RaftServerConfigKeys (ConfUtils.java:logGet(43)) - raft.server.write.element-limit = 4096 (default)
2019-09-19 14:04:54,617 [dcc77c7b-1d37-448d-8d57-43d254561693:group-51146FF46A84:LeaderElection542] INFO  server.RaftServerConfigKeys (ConfUtils.java:logGet(43)) - raft.server.watch.timeout = 10s (default)
2019-09-19 14:04:54,617 [dcc77c7b-1d37-448d-8d57-43d254561693:group-51146FF46A84:LeaderElection542] INFO  server.RaftServerConfigKeys (ConfUtils.java:logGet(43)) - raft.server.watch.timeout.denomination = 1s (default)
2019-09-19 14:04:54,617 [dcc77c7b-1d37-448d-8d57-43d254561693:group-51146FF46A84:LeaderElection542] INFO  server.RaftServerConfigKeys (ConfUtils.java:logGet(43)) - raft.server.watch.element-limit = 65536 (default)
2019-09-19 14:04:54,617 [dcc77c7b-1d37-448d-8d57-43d254561693:group-51146FF46A84:LeaderElection542] INFO  impl.RoleInfo (RoleInfo.java:updateAndGet(143)) - dcc77c7b-1d37-448d-8d57-43d254561693: start LeaderState
2019-09-19 14:04:54,617 [dcc77c7b-1d37-448d-8d57-43d254561693:group-51146FF46A84:LeaderElection542] INFO  segmented.SegmentedRaftLogWorker (SegmentedRaftLogWorker.java:startLogSegment(380)) - dcc77c7b-1d37-448d-8d57-43d254561693-SegmentedRaftLogWorker:Storage Directory /workdir/hadoop-ozone/integration-test/target/test-dir/MiniOzoneClusterImpl-3b2755de-4cfe-4b43-9e0d-73dd8eda8f75/datanode-0/data/ratis/7060ee75-1b2c-467d-9f1b-51146ff46a84: Starting segment from index:0
2019-09-19 14:04:54,618 [dcc77c7b-1d37-448d-8d57-43d254561693:group-51146FF46A84:LeaderElection542] INFO  impl.RaftServerImpl (ServerState.java:setRaftConf(361)) - dcc77c7b-1d37-448d-8d57-43d254561693:group-51146FF46A84 set configuration 0: [dcc77c7b-1d37-448d-8d57-43d254561693:192.168.157.226:34527], old=null at 0
2019-09-19 14:04:54,620 [grpc-default-executor-1] INFO  impl.RaftServerProxy (RaftServerProxy.java:addNew(89)) - dcc77c7b-1d37-448d-8d57-43d254561693: addNew group-CAD015ACF5B5:[dcc77c7b-1d37-448d-8d57-43d254561693:192.168.157.226:34527] returns group-CAD015ACF5B5:java.util.concurrent.CompletableFuture@7571ad8f[Not completed]
2019-09-19 14:04:54,620 [pool-58-thread-1] INFO  impl.RaftServerImpl (RaftServerImpl.java:<init>(93)) - dcc77c7b-1d37-448d-8d57-43d254561693: new RaftServerImpl for group-CAD015ACF5B5:[dcc77c7b-1d37-448d-8d57-43d254561693:192.168.157.226:34527] with ContainerStateMachine:uninitialized
2019-09-19 14:04:54,621 [pool-58-thread-1] INFO  server.RaftServerConfigKeys (ConfUtils.java:logGet(43)) - raft.server.rpc.timeout.min = 5s (custom)
2019-09-19 14:04:54,621 [pool-58-thread-1] INFO  server.RaftServerConfigKeys (ConfUtils.java:logGet(43)) - raft.server.rpc.timeout.max = 5200ms (custom)
2019-09-19 14:04:54,621 [pool-58-thread-1] INFO  server.RaftServerConfigKeys (ConfUtils.java:logGet(43)) - raft.server.rpcslowness.timeout = 120s (custom)
2019-09-19 14:04:54,621 [pool-58-thread-1] INFO  server.RaftServerConfigKeys (ConfUtils.java:logGet(43)) - raft.server.sleep.deviation.threshold = 300 (default)
2019-09-19 14:04:54,621 [pool-58-thread-1] INFO  server.RaftServerConfigKeys (ConfUtils.java:logGet(43)) - raft.server.log.appender.install.snapshot.enabled = false (custom)
2019-09-19 14:04:54,621 [pool-58-thread-1] INFO  impl.RaftServerImpl (ServerState.java:<init>(105)) - dcc77c7b-1d37-448d-8d57-43d254561693:group-CAD015ACF5B5 ConfigurationManager, init=-1: [dcc77c7b-1d37-448d-8d57-43d254561693:192.168.157.226:34527], old=null, confs=<EMPTY_MAP>
2019-09-19 14:04:54,621 [pool-58-thread-1] INFO  server.RaftServerConfigKeys (ConfUtils.java:logGet(43)) - raft.server.storage.dir = [/workdir/hadoop-ozone/integration-test/target/test-dir/MiniOzoneClusterImpl-3b2755de-4cfe-4b43-9e0d-73dd8eda8f75/datanode-0/data/ratis] (custom)
2019-09-19 14:04:54,623 | INFO  | SCMAudit | user=jenkins1000 | ip=192.168.157.226 | op=SEND_HEARTBEAT {datanodeUUID=dcc77c7b-1d37-448d-8d57-43d254561693, command=[]} | ret=SUCCESS |  
2019-09-19 14:04:54,623 [pool-58-thread-1] INFO  storage.RaftStorageDirectory (RaftStorageDirectory.java:analyzeStorage(246)) - The storage directory /workdir/hadoop-ozone/integration-test/target/test-dir/MiniOzoneClusterImpl-3b2755de-4cfe-4b43-9e0d-73dd8eda8f75/datanode-0/data/ratis/eb93c91a-554c-4ebd-8547-cad015acf5b5 does not exist. Creating ...
2019-09-19 14:04:54,625 [Thread-4067] INFO  impl.FollowerState (FollowerState.java:run(106)) - dcc77c7b-1d37-448d-8d57-43d254561693:group-10F6EB22B0DE changes to CANDIDATE, lastRpcTime:5117, electionTimeout:5117ms
2019-09-19 14:04:54,625 [Thread-4067] INFO  impl.RoleInfo (RoleInfo.java:shutdownFollowerState(121)) - dcc77c7b-1d37-448d-8d57-43d254561693: shutdown FollowerState
2019-09-19 14:04:54,625 [Thread-4067] INFO  impl.RaftServerImpl (RaftServerImpl.java:setRole(171)) - dcc77c7b-1d37-448d-8d57-43d254561693:group-10F6EB22B0DE changes role from FOLLOWER to CANDIDATE at term 0 for changeToCandidate
2019-09-19 14:04:54,625 [Thread-4067] INFO  impl.RoleInfo (RoleInfo.java:updateAndGet(143)) - dcc77c7b-1d37-448d-8d57-43d254561693: start LeaderElection
2019-09-19 14:04:54,648 [pool-58-thread-1] INFO  storage.RaftStorageDirectory (RaftStorageDirectory.java:tryLock(328)) - Lock on /workdir/hadoop-ozone/integration-test/target/test-dir/MiniOzoneClusterImpl-3b2755de-4cfe-4b43-9e0d-73dd8eda8f75/datanode-0/data/ratis/eb93c91a-554c-4ebd-8547-cad015acf5b5/in_use.lock acquired by nodename 30982@pr-hdds-1569-swxfz-3172132826
2019-09-19 14:04:54,648 [dcc77c7b-1d37-448d-8d57-43d254561693-SegmentedRaftLogWorker:Storage Directory /workdir/hadoop-ozone/integration-test/target/test-dir/MiniOzoneClusterImpl-3b2755de-4cfe-4b43-9e0d-73dd8eda8f75/datanode-0/data/ratis/7f4197b5-5912-4169-8d0a-c3e1e6a08425] INFO  segmented.SegmentedRaftLogWorker (SegmentedRaftLogWorker.java:execute(569)) - dcc77c7b-1d37-448d-8d57-43d254561693-SegmentedRaftLogWorker:Storage Directory /workdir/hadoop-ozone/integration-test/target/test-dir/MiniOzoneClusterImpl-3b2755de-4cfe-4b43-9e0d-73dd8eda8f75/datanode-0/data/ratis/7f4197b5-5912-4169-8d0a-c3e1e6a08425: created new log segment /workdir/hadoop-ozone/integration-test/target/test-dir/MiniOzoneClusterImpl-3b2755de-4cfe-4b43-9e0d-73dd8eda8f75/datanode-0/data/ratis/7f4197b5-5912-4169-8d0a-c3e1e6a08425/current/log_inprogress_0
2019-09-19 14:04:54,648 [dcc77c7b-1d37-448d-8d57-43d254561693:group-10F6EB22B0DE:LeaderElection543] INFO  impl.LeaderElection (LeaderElection.java:askForVotes(181)) - dcc77c7b-1d37-448d-8d57-43d254561693:group-10F6EB22B0DE:LeaderElection543: begin an election at term 1 for -1: [dcc77c7b-1d37-448d-8d57-43d254561693:192.168.157.226:34527], old=null
2019-09-19 14:04:54,649 [dcc77c7b-1d37-448d-8d57-43d254561693:group-10F6EB22B0DE:LeaderElection543] INFO  impl.RoleInfo (RoleInfo.java:shutdownLeaderElection(134)) - dcc77c7b-1d37-448d-8d57-43d254561693: shutdown LeaderElection
2019-09-19 14:04:54,649 [dcc77c7b-1d37-448d-8d57-43d254561693:group-10F6EB22B0DE:LeaderElection543] INFO  impl.RaftServerImpl (RaftServerImpl.java:setRole(171)) - dcc77c7b-1d37-448d-8d57-43d254561693:group-10F6EB22B0DE changes role from CANDIDATE to LEADER at term 1 for changeToLeader
2019-09-19 14:04:54,649 [dcc77c7b-1d37-448d-8d57-43d254561693:group-10F6EB22B0DE:LeaderElection543] INFO  impl.RaftServerImpl (ServerState.java:setLeader(263)) - dcc77c7b-1d37-448d-8d57-43d254561693:group-10F6EB22B0DE change Leader from null to dcc77c7b-1d37-448d-8d57-43d254561693 at term 1 for becomeLeader, leader elected after 5143ms
2019-09-19 14:04:54,649 [dcc77c7b-1d37-448d-8d57-43d254561693:group-10F6EB22B0DE:LeaderElection543] INFO  server.RaftServerConfigKeys (ConfUtils.java:logGet(43)) - raft.server.staging.catchup.gap = 1000 (default)
2019-09-19 14:04:54,649 [dcc77c7b-1d37-448d-8d57-43d254561693:group-10F6EB22B0DE:LeaderElection543] INFO  server.RaftServerConfigKeys (ConfUtils.java:logGet(43)) - raft.server.rpc.sleep.time = 25ms (default)
2019-09-19 14:04:54,649 [dcc77c7b-1d37-448d-8d57-43d254561693:group-10F6EB22B0DE:LeaderElection543] INFO  server.RaftServerConfigKeys (ConfUtils.java:logGet(43)) - raft.server.write.element-limit = 4096 (default)
2019-09-19 14:04:54,649 [dcc77c7b-1d37-448d-8d57-43d254561693:group-10F6EB22B0DE:LeaderElection543] INFO  server.RaftServerConfigKeys (ConfUtils.java:logGet(43)) - raft.server.watch.timeout = 10s (default)
2019-09-19 14:04:54,650 [dcc77c7b-1d37-448d-8d57-43d254561693:group-10F6EB22B0DE:LeaderElection543] INFO  server.RaftServerConfigKeys (ConfUtils.java:logGet(43)) - raft.server.watch.timeout.denomination = 1s (default)
2019-09-19 14:04:54,650 [dcc77c7b-1d37-448d-8d57-43d254561693:group-10F6EB22B0DE:LeaderElection543] INFO  server.RaftServerConfigKeys (ConfUtils.java:logGet(43)) - raft.server.watch.element-limit = 65536 (default)
2019-09-19 14:04:54,650 [dcc77c7b-1d37-448d-8d57-43d254561693:group-10F6EB22B0DE:LeaderElection543] INFO  impl.RoleInfo (RoleInfo.java:updateAndGet(143)) - dcc77c7b-1d37-448d-8d57-43d254561693: start LeaderState
2019-09-19 14:04:54,650 [dcc77c7b-1d37-448d-8d57-43d254561693:group-10F6EB22B0DE:LeaderElection543] INFO  segmented.SegmentedRaftLogWorker (SegmentedRaftLogWorker.java:startLogSegment(380)) - dcc77c7b-1d37-448d-8d57-43d254561693-SegmentedRaftLogWorker:Storage Directory /workdir/hadoop-ozone/integration-test/target/test-dir/MiniOzoneClusterImpl-3b2755de-4cfe-4b43-9e0d-73dd8eda8f75/datanode-0/data/ratis/6ae43f14-766d-4a48-a266-10f6eb22b0de: Starting segment from index:0
2019-09-19 14:04:54,650 [dcc77c7b-1d37-448d-8d57-43d254561693:group-10F6EB22B0DE:LeaderElection543] INFO  impl.RaftServerImpl (ServerState.java:setRaftConf(361)) - dcc77c7b-1d37-448d-8d57-43d254561693:group-10F6EB22B0DE set configuration 0: [dcc77c7b-1d37-448d-8d57-43d254561693:192.168.157.226:34527], old=null at 0
2019-09-19 14:04:54,663 [dcc77c7b-1d37-448d-8d57-43d254561693-SegmentedRaftLogWorker:Storage Directory /workdir/hadoop-ozone/integration-test/target/test-dir/MiniOzoneClusterImpl-3b2755de-4cfe-4b43-9e0d-73dd8eda8f75/datanode-0/data/ratis/749fb6bc-5de8-4abf-b64f-37bc69129d7f] INFO  segmented.SegmentedRaftLogWorker (SegmentedRaftLogWorker.java:execute(569)) - dcc77c7b-1d37-448d-8d57-43d254561693-SegmentedRaftLogWorker:Storage Directory /workdir/hadoop-ozone/integration-test/target/test-dir/MiniOzoneClusterImpl-3b2755de-4cfe-4b43-9e0d-73dd8eda8f75/datanode-0/data/ratis/749fb6bc-5de8-4abf-b64f-37bc69129d7f: created new log segment /workdir/hadoop-ozone/integration-test/target/test-dir/MiniOzoneClusterImpl-3b2755de-4cfe-4b43-9e0d-73dd8eda8f75/datanode-0/data/ratis/749fb6bc-5de8-4abf-b64f-37bc69129d7f/current/log_inprogress_0
2019-09-19 14:04:54,663 [pool-58-thread-1] INFO  storage.RaftStorage (RaftStorage.java:format(72)) - Storage directory /workdir/hadoop-ozone/integration-test/target/test-dir/MiniOzoneClusterImpl-3b2755de-4cfe-4b43-9e0d-73dd8eda8f75/datanode-0/data/ratis/eb93c91a-554c-4ebd-8547-cad015acf5b5 has been successfully formatted.
2019-09-19 14:04:54,663 [dcc77c7b-1d37-448d-8d57-43d254561693-SegmentedRaftLogWorker:Storage Directory /workdir/hadoop-ozone/integration-test/target/test-dir/MiniOzoneClusterImpl-3b2755de-4cfe-4b43-9e0d-73dd8eda8f75/datanode-0/data/ratis/7060ee75-1b2c-467d-9f1b-51146ff46a84] INFO  segmented.SegmentedRaftLogWorker (SegmentedRaftLogWorker.java:execute(569)) - dcc77c7b-1d37-448d-8d57-43d254561693-SegmentedRaftLogWorker:Storage Directory /workdir/hadoop-ozone/integration-test/target/test-dir/MiniOzoneClusterImpl-3b2755de-4cfe-4b43-9e0d-73dd8eda8f75/datanode-0/data/ratis/7060ee75-1b2c-467d-9f1b-51146ff46a84: created new log segment /workdir/hadoop-ozone/integration-test/target/test-dir/MiniOzoneClusterImpl-3b2755de-4cfe-4b43-9e0d-73dd8eda8f75/datanode-0/data/ratis/7060ee75-1b2c-467d-9f1b-51146ff46a84/current/log_inprogress_0
2019-09-19 14:04:54,663 [pool-58-thread-1] INFO  ratis.ContainerStateMachine (ContainerStateMachine.java:loadSnapshot(226)) - group-CAD015ACF5B5: The snapshot info is null. Setting the last applied indexto:(t:0, i:~)
2019-09-19 14:04:54,663 [pool-58-thread-1] INFO  server.RaftServerConfigKeys (ConfUtils.java:logGet(43)) - raft.server.leader.election.timeout = 120s (custom)
2019-09-19 14:04:54,663 [pool-58-thread-1] INFO  server.RaftServerConfigKeys (ConfUtils.java:logGet(43)) - raft.server.log.use.memory = false (default)
2019-09-19 14:04:54,664 [pool-58-thread-1] INFO  server.RaftServerConfigKeys (ConfUtils.java:logGet(43)) - raft.server.log.purge.gap = 1000000 (custom)
2019-09-19 14:04:54,664 [pool-58-thread-1] INFO  server.RaftServerConfigKeys (ConfUtils.java:logGet(43)) - raft.server.log.appender.buffer.byte-limit = 33554432 (custom)
2019-09-19 14:04:54,664 [pool-58-thread-1] INFO  server.RaftServerConfigKeys (ConfUtils.java:logGet(43)) - raft.server.log.segment.size.max = 1048576 (custom)
2019-09-19 14:04:54,664 [pool-58-thread-1] INFO  server.RaftServerConfigKeys (ConfUtils.java:logGet(43)) - raft.server.log.segment.cache.num.max = 2 (custom)
2019-09-19 14:04:54,664 [pool-58-thread-1] INFO  segmented.SegmentedRaftLogWorker (SegmentedRaftLogWorker.java:<init>(172)) - new dcc77c7b-1d37-448d-8d57-43d254561693-SegmentedRaftLogWorker:Storage Directory /workdir/hadoop-ozone/integration-test/target/test-dir/MiniOzoneClusterImpl-3b2755de-4cfe-4b43-9e0d-73dd8eda8f75/datanode-0/data/ratis/eb93c91a-554c-4ebd-8547-cad015acf5b5 for RaftStorage:Storage Directory /workdir/hadoop-ozone/integration-test/target/test-dir/MiniOzoneClusterImpl-3b2755de-4cfe-4b43-9e0d-73dd8eda8f75/datanode-0/data/ratis/eb93c91a-554c-4ebd-8547-cad015acf5b5
2019-09-19 14:04:54,664 [pool-58-thread-1] INFO  server.RaftServerConfigKeys (ConfUtils.java:logGet(43)) - raft.server.log.queue.byte-limit = 2147483647 (custom)
2019-09-19 14:04:54,664 [pool-58-thread-1] INFO  server.RaftServerConfigKeys (ConfUtils.java:logGet(43)) - raft.server.log.queue.element-limit = 1024 (custom)
2019-09-19 14:04:54,664 [pool-58-thread-1] INFO  server.RaftServerConfigKeys (ConfUtils.java:logGet(43)) - raft.server.log.segment.size.max = 1048576 (custom)
2019-09-19 14:04:54,665 [pool-58-thread-1] INFO  server.RaftServerConfigKeys (ConfUtils.java:logGet(43)) - raft.server.log.preallocated.size = 16384 (custom)
2019-09-19 14:04:54,665 [pool-58-thread-1] INFO  server.RaftServerConfigKeys (ConfUtils.java:logGet(43)) - raft.server.log.write.buffer.size = 33554432 (custom)
2019-09-19 14:04:54,665 [dcc77c7b-1d37-448d-8d57-43d254561693-SegmentedRaftLogWorker:Storage Directory /workdir/hadoop-ozone/integration-test/target/test-dir/MiniOzoneClusterImpl-3b2755de-4cfe-4b43-9e0d-73dd8eda8f75/datanode-0/data/ratis/c0fe0477-bf39-4db9-bf23-acdb59fcc6c6] INFO  segmented.SegmentedRaftLogWorker (SegmentedRaftLogWorker.java:execute(569)) - dcc77c7b-1d37-448d-8d57-43d254561693-SegmentedRaftLogWorker:Storage Directory /workdir/hadoop-ozone/integration-test/target/test-dir/MiniOzoneClusterImpl-3b2755de-4cfe-4b43-9e0d-73dd8eda8f75/datanode-0/data/ratis/c0fe0477-bf39-4db9-bf23-acdb59fcc6c6: created new log segment /workdir/hadoop-ozone/integration-test/target/test-dir/MiniOzoneClusterImpl-3b2755de-4cfe-4b43-9e0d-73dd8eda8f75/datanode-0/data/ratis/c0fe0477-bf39-4db9-bf23-acdb59fcc6c6/current/log_inprogress_0
2019-09-19 14:04:54,665 [pool-58-thread-1] INFO  server.RaftServerConfigKeys (ConfUtils.java:logGet(43)) - raft.server.log.force.sync.num = 128 (default)
2019-09-19 14:04:54,665 [pool-58-thread-1] INFO  server.RaftServerConfigKeys (ConfUtils.java:logGet(43)) - raft.server.log.statemachine.data.sync = true (default)
2019-09-19 14:04:54,665 [pool-58-thread-1] INFO  server.RaftServerConfigKeys (ConfUtils.java:logGet(43)) - raft.server.log.statemachine.data.sync.timeout = 10s (default)
2019-09-19 14:04:54,665 [pool-58-thread-1] INFO  server.RaftServerConfigKeys (ConfUtils.java:logGet(43)) - raft.server.log.statemachine.data.sync.timeout.retry = -1 (default)
2019-09-19 14:04:54,666 [pool-58-thread-1] INFO  server.RaftServerConfigKeys (ConfUtils.java:logGet(43)) - raft.server.log.statemachine.data.caching.enabled = true (custom)
2019-09-19 14:04:54,666 [pool-58-thread-1] INFO  segmented.SegmentedRaftLogWorker (SegmentedRaftLogWorker.java:lambda$new$0(132)) - dcc77c7b-1d37-448d-8d57-43d254561693-SegmentedRaftLogWorker:Storage Directory /workdir/hadoop-ozone/integration-test/target/test-dir/MiniOzoneClusterImpl-3b2755de-4cfe-4b43-9e0d-73dd8eda8f75/datanode-0/data/ratis/eb93c91a-554c-4ebd-8547-cad015acf5b5: flushIndex: setUnconditionally 0 -> -1
2019-09-19 14:04:54,666 [pool-58-thread-1] INFO  server.RaftServerConfigKeys (ConfUtils.java:logGet(43)) - raft.server.snapshot.auto.trigger.enabled = true (custom)
2019-09-19 14:04:54,666 [pool-58-thread-1] INFO  server.RaftServerConfigKeys (ConfUtils.java:logGet(43)) - raft.server.snapshot.auto.trigger.threshold = 1 (custom)
2019-09-19 14:04:54,666 [pool-58-thread-1] INFO  server.RaftServerConfigKeys (ConfUtils.java:logGet(43)) - raft.server.retrycache.expirytime = 600000ms (custom)
2019-09-19 14:04:54,667 [pool-58-thread-1] INFO  impl.RaftServerImpl (RaftServerImpl.java:start(180)) - dcc77c7b-1d37-448d-8d57-43d254561693: start group-CAD015ACF5B5
2019-09-19 14:04:54,667 [pool-58-thread-1] INFO  impl.RaftServerImpl (RaftServerImpl.java:setRole(171)) - dcc77c7b-1d37-448d-8d57-43d254561693:group-CAD015ACF5B5 changes role from null to FOLLOWER at term 0 for startAsFollower
2019-09-19 14:04:54,667 [pool-58-thread-1] INFO  impl.RoleInfo (RoleInfo.java:updateAndGet(143)) - dcc77c7b-1d37-448d-8d57-43d254561693: start FollowerState
2019-09-19 14:04:54,667 [pool-58-thread-1] INFO  util.JmxRegister (JmxRegister.java:tryRegister(44)) - Successfully registered JMX Bean with object name Ratis:service=RaftServer,group=group-CAD015ACF5B5,id=dcc77c7b-1d37-448d-8d57-43d254561693
2019-09-19 14:04:54,669 [RatisPipelineUtilsThread] INFO  pipeline.PipelineStateManager (PipelineStateManager.java:addPipeline(56)) - Created pipeline Pipeline[ Id: eb93c91a-554c-4ebd-8547-cad015acf5b5, Nodes: dcc77c7b-1d37-448d-8d57-43d254561693{ip: 192.168.157.226, host: pr-hdds-1569-swxfz-3172132826, networkLocation: /default-rack, certSerialId: null}, Type:RATIS, Factor:ONE, State:OPEN]
2019-09-19 14:04:54,671 [grpc-default-executor-1] INFO  impl.RaftServerProxy (RaftServerProxy.java:addNew(89)) - dcc77c7b-1d37-448d-8d57-43d254561693: addNew group-47C7557B9325:[dcc77c7b-1d37-448d-8d57-43d254561693:192.168.157.226:34527] returns group-47C7557B9325:java.util.concurrent.CompletableFuture@31d823da[Not completed]
2019-09-19 14:04:54,672 [pool-58-thread-1] INFO  impl.RaftServerImpl (RaftServerImpl.java:<init>(93)) - dcc77c7b-1d37-448d-8d57-43d254561693: new RaftServerImpl for group-47C7557B9325:[dcc77c7b-1d37-448d-8d57-43d254561693:192.168.157.226:34527] with ContainerStateMachine:uninitialized
2019-09-19 14:04:54,672 [pool-58-thread-1] INFO  server.RaftServerConfigKeys (ConfUtils.java:logGet(43)) - raft.server.rpc.timeout.min = 5s (custom)
2019-09-19 14:04:54,672 [pool-58-thread-1] INFO  server.RaftServerConfigKeys (ConfUtils.java:logGet(43)) - raft.server.rpc.timeout.max = 5200ms (custom)
2019-09-19 14:04:54,672 [pool-58-thread-1] INFO  server.RaftServerConfigKeys (ConfUtils.java:logGet(43)) - raft.server.rpcslowness.timeout = 120s (custom)
2019-09-19 14:04:54,672 [pool-58-thread-1] INFO  server.RaftServerConfigKeys (ConfUtils.java:logGet(43)) - raft.server.sleep.deviation.threshold = 300 (default)
2019-09-19 14:04:54,672 [pool-58-thread-1] INFO  server.RaftServerConfigKeys (ConfUtils.java:logGet(43)) - raft.server.log.appender.install.snapshot.enabled = false (custom)
2019-09-19 14:04:54,672 [pool-58-thread-1] INFO  impl.RaftServerImpl (ServerState.java:<init>(105)) - dcc77c7b-1d37-448d-8d57-43d254561693:group-47C7557B9325 ConfigurationManager, init=-1: [dcc77c7b-1d37-448d-8d57-43d254561693:192.168.157.226:34527], old=null, confs=<EMPTY_MAP>
2019-09-19 14:04:54,672 [pool-58-thread-1] INFO  server.RaftServerConfigKeys (ConfUtils.java:logGet(43)) - raft.server.storage.dir = [/workdir/hadoop-ozone/integration-test/target/test-dir/MiniOzoneClusterImpl-3b2755de-4cfe-4b43-9e0d-73dd8eda8f75/datanode-0/data/ratis] (custom)
2019-09-19 14:04:54,673 [pool-58-thread-1] INFO  storage.RaftStorageDirectory (RaftStorageDirectory.java:analyzeStorage(246)) - The storage directory /workdir/hadoop-ozone/integration-test/target/test-dir/MiniOzoneClusterImpl-3b2755de-4cfe-4b43-9e0d-73dd8eda8f75/datanode-0/data/ratis/08b547f3-fe9d-4e11-9731-47c7557b9325 does not exist. Creating ...
2019-09-19 14:04:54,675 [Thread-4073] INFO  impl.FollowerState (FollowerState.java:run(106)) - dcc77c7b-1d37-448d-8d57-43d254561693:group-F73F9931E543 changes to CANDIDATE, lastRpcTime:5113, electionTimeout:5113ms
2019-09-19 14:04:54,675 [Thread-4073] INFO  impl.RoleInfo (RoleInfo.java:shutdownFollowerState(121)) - dcc77c7b-1d37-448d-8d57-43d254561693: shutdown FollowerState
2019-09-19 14:04:54,676 [Thread-4073] INFO  impl.RaftServerImpl (RaftServerImpl.java:setRole(171)) - dcc77c7b-1d37-448d-8d57-43d254561693:group-F73F9931E543 changes role from FOLLOWER to CANDIDATE at term 0 for changeToCandidate
2019-09-19 14:04:54,676 [Thread-4073] INFO  impl.RoleInfo (RoleInfo.java:updateAndGet(143)) - dcc77c7b-1d37-448d-8d57-43d254561693: start LeaderElection
2019-09-19 14:04:54,686 [pool-58-thread-1] INFO  storage.RaftStorageDirectory (RaftStorageDirectory.java:tryLock(328)) - Lock on /workdir/hadoop-ozone/integration-test/target/test-dir/MiniOzoneClusterImpl-3b2755de-4cfe-4b43-9e0d-73dd8eda8f75/datanode-0/data/ratis/08b547f3-fe9d-4e11-9731-47c7557b9325/in_use.lock acquired by nodename 30982@pr-hdds-1569-swxfz-3172132826
2019-09-19 14:04:54,686 [dcc77c7b-1d37-448d-8d57-43d254561693:group-F73F9931E543:LeaderElection544] INFO  impl.LeaderElection (LeaderElection.java:askForVotes(181)) - dcc77c7b-1d37-448d-8d57-43d254561693:group-F73F9931E543:LeaderElection544: begin an election at term 1 for -1: [dcc77c7b-1d37-448d-8d57-43d254561693:192.168.157.226:34527], old=null
2019-09-19 14:04:54,687 [dcc77c7b-1d37-448d-8d57-43d254561693:group-F73F9931E543:LeaderElection544] INFO  impl.RoleInfo (RoleInfo.java:shutdownLeaderElection(134)) - dcc77c7b-1d37-448d-8d57-43d254561693: shutdown LeaderElection
2019-09-19 14:04:54,687 [dcc77c7b-1d37-448d-8d57-43d254561693:group-F73F9931E543:LeaderElection544] INFO  impl.RaftServerImpl (RaftServerImpl.java:setRole(171)) - dcc77c7b-1d37-448d-8d57-43d254561693:group-F73F9931E543 changes role from CANDIDATE to LEADER at term 1 for changeToLeader
2019-09-19 14:04:54,687 [dcc77c7b-1d37-448d-8d57-43d254561693:group-F73F9931E543:LeaderElection544] INFO  impl.RaftServerImpl (ServerState.java:setLeader(263)) - dcc77c7b-1d37-448d-8d57-43d254561693:group-F73F9931E543 change Leader from null to dcc77c7b-1d37-448d-8d57-43d254561693 at term 1 for becomeLeader, leader elected after 5127ms
2019-09-19 14:04:54,687 [dcc77c7b-1d37-448d-8d57-43d254561693:group-F73F9931E543:LeaderElection544] INFO  server.RaftServerConfigKeys (ConfUtils.java:logGet(43)) - raft.server.staging.catchup.gap = 1000 (default)
2019-09-19 14:04:54,687 [dcc77c7b-1d37-448d-8d57-43d254561693:group-F73F9931E543:LeaderElection544] INFO  server.RaftServerConfigKeys (ConfUtils.java:logGet(43)) - raft.server.rpc.sleep.time = 25ms (default)
2019-09-19 14:04:54,687 [dcc77c7b-1d37-448d-8d57-43d254561693:group-F73F9931E543:LeaderElection544] INFO  server.RaftServerConfigKeys (ConfUtils.java:logGet(43)) - raft.server.write.element-limit = 4096 (default)
2019-09-19 14:04:54,687 [dcc77c7b-1d37-448d-8d57-43d254561693:group-F73F9931E543:LeaderElection544] INFO  server.RaftServerConfigKeys (ConfUtils.java:logGet(43)) - raft.server.watch.timeout = 10s (default)
2019-09-19 14:04:54,688 [dcc77c7b-1d37-448d-8d57-43d254561693:group-F73F9931E543:LeaderElection544] INFO  server.RaftServerConfigKeys (ConfUtils.java:logGet(43)) - raft.server.watch.timeout.denomination = 1s (default)
2019-09-19 14:04:54,688 [dcc77c7b-1d37-448d-8d57-43d254561693:group-F73F9931E543:LeaderElection544] INFO  server.RaftServerConfigKeys (ConfUtils.java:logGet(43)) - raft.server.watch.element-limit = 65536 (default)
2019-09-19 14:04:54,688 [dcc77c7b-1d37-448d-8d57-43d254561693:group-F73F9931E543:LeaderElection544] INFO  impl.RoleInfo (RoleInfo.java:updateAndGet(143)) - dcc77c7b-1d37-448d-8d57-43d254561693: start LeaderState
2019-09-19 14:04:54,688 [dcc77c7b-1d37-448d-8d57-43d254561693:group-F73F9931E543:LeaderElection544] INFO  segmented.SegmentedRaftLogWorker (SegmentedRaftLogWorker.java:startLogSegment(380)) - dcc77c7b-1d37-448d-8d57-43d254561693-SegmentedRaftLogWorker:Storage Directory /workdir/hadoop-ozone/integration-test/target/test-dir/MiniOzoneClusterImpl-3b2755de-4cfe-4b43-9e0d-73dd8eda8f75/datanode-0/data/ratis/012caddd-9770-4f80-b740-f73f9931e543: Starting segment from index:0
2019-09-19 14:04:54,689 [dcc77c7b-1d37-448d-8d57-43d254561693:group-F73F9931E543:LeaderElection544] INFO  impl.RaftServerImpl (ServerState.java:setRaftConf(361)) - dcc77c7b-1d37-448d-8d57-43d254561693:group-F73F9931E543 set configuration 0: [dcc77c7b-1d37-448d-8d57-43d254561693:192.168.157.226:34527], old=null at 0
2019-09-19 14:04:54,701 [dcc77c7b-1d37-448d-8d57-43d254561693-SegmentedRaftLogWorker:Storage Directory /workdir/hadoop-ozone/integration-test/target/test-dir/MiniOzoneClusterImpl-3b2755de-4cfe-4b43-9e0d-73dd8eda8f75/datanode-0/data/ratis/6ae43f14-766d-4a48-a266-10f6eb22b0de] INFO  segmented.SegmentedRaftLogWorker (SegmentedRaftLogWorker.java:execute(569)) - dcc77c7b-1d37-448d-8d57-43d254561693-SegmentedRaftLogWorker:Storage Directory /workdir/hadoop-ozone/integration-test/target/test-dir/MiniOzoneClusterImpl-3b2755de-4cfe-4b43-9e0d-73dd8eda8f75/datanode-0/data/ratis/6ae43f14-766d-4a48-a266-10f6eb22b0de: created new log segment /workdir/hadoop-ozone/integration-test/target/test-dir/MiniOzoneClusterImpl-3b2755de-4cfe-4b43-9e0d-73dd8eda8f75/datanode-0/data/ratis/6ae43f14-766d-4a48-a266-10f6eb22b0de/current/log_inprogress_0
2019-09-19 14:04:54,701 [pool-58-thread-1] INFO  storage.RaftStorage (RaftStorage.java:format(72)) - Storage directory /workdir/hadoop-ozone/integration-test/target/test-dir/MiniOzoneClusterImpl-3b2755de-4cfe-4b43-9e0d-73dd8eda8f75/datanode-0/data/ratis/08b547f3-fe9d-4e11-9731-47c7557b9325 has been successfully formatted.
2019-09-19 14:04:54,701 [pool-58-thread-1] INFO  ratis.ContainerStateMachine (ContainerStateMachine.java:loadSnapshot(226)) - group-47C7557B9325: The snapshot info is null. Setting the last applied indexto:(t:0, i:~)
2019-09-19 14:04:54,701 [pool-58-thread-1] INFO  server.RaftServerConfigKeys (ConfUtils.java:logGet(43)) - raft.server.leader.election.timeout = 120s (custom)
2019-09-19 14:04:54,701 [pool-58-thread-1] INFO  server.RaftServerConfigKeys (ConfUtils.java:logGet(43)) - raft.server.log.use.memory = false (default)
2019-09-19 14:04:54,701 [pool-58-thread-1] INFO  server.RaftServerConfigKeys (ConfUtils.java:logGet(43)) - raft.server.log.purge.gap = 1000000 (custom)
2019-09-19 14:04:54,701 [pool-58-thread-1] INFO  server.RaftServerConfigKeys (ConfUtils.java:logGet(43)) - raft.server.log.appender.buffer.byte-limit = 33554432 (custom)
2019-09-19 14:04:54,702 [pool-58-thread-1] INFO  server.RaftServerConfigKeys (ConfUtils.java:logGet(43)) - raft.server.log.segment.size.max = 1048576 (custom)
2019-09-19 14:04:54,702 [pool-58-thread-1] INFO  server.RaftServerConfigKeys (ConfUtils.java:logGet(43)) - raft.server.log.segment.cache.num.max = 2 (custom)
2019-09-19 14:04:54,702 [pool-58-thread-1] INFO  segmented.SegmentedRaftLogWorker (SegmentedRaftLogWorker.java:<init>(172)) - new dcc77c7b-1d37-448d-8d57-43d254561693-SegmentedRaftLogWorker:Storage Directory /workdir/hadoop-ozone/integration-test/target/test-dir/MiniOzoneClusterImpl-3b2755de-4cfe-4b43-9e0d-73dd8eda8f75/datanode-0/data/ratis/08b547f3-fe9d-4e11-9731-47c7557b9325 for RaftStorage:Storage Directory /workdir/hadoop-ozone/integration-test/target/test-dir/MiniOzoneClusterImpl-3b2755de-4cfe-4b43-9e0d-73dd8eda8f75/datanode-0/data/ratis/08b547f3-fe9d-4e11-9731-47c7557b9325
2019-09-19 14:04:54,702 [pool-58-thread-1] INFO  server.RaftServerConfigKeys (ConfUtils.java:logGet(43)) - raft.server.log.queue.byte-limit = 2147483647 (custom)
2019-09-19 14:04:54,702 [pool-58-thread-1] INFO  server.RaftServerConfigKeys (ConfUtils.java:logGet(43)) - raft.server.log.queue.element-limit = 1024 (custom)
2019-09-19 14:04:54,702 [pool-58-thread-1] INFO  server.RaftServerConfigKeys (ConfUtils.java:logGet(43)) - raft.server.log.segment.size.max = 1048576 (custom)
2019-09-19 14:04:54,702 [pool-58-thread-1] INFO  server.RaftServerConfigKeys (ConfUtils.java:logGet(43)) - raft.server.log.preallocated.size = 16384 (custom)
2019-09-19 14:04:54,702 [pool-58-thread-1] INFO  server.RaftServerConfigKeys (ConfUtils.java:logGet(43)) - raft.server.log.write.buffer.size = 33554432 (custom)
2019-09-19 14:04:54,703 [pool-58-thread-1] INFO  server.RaftServerConfigKeys (ConfUtils.java:logGet(43)) - raft.server.log.force.sync.num = 128 (default)
2019-09-19 14:04:54,703 [pool-58-thread-1] INFO  server.RaftServerConfigKeys (ConfUtils.java:logGet(43)) - raft.server.log.statemachine.data.sync = true (default)
2019-09-19 14:04:54,703 [pool-58-thread-1] INFO  server.RaftServerConfigKeys (ConfUtils.java:logGet(43)) - raft.server.log.statemachine.data.sync.timeout = 10s (default)
2019-09-19 14:04:54,703 [pool-58-thread-1] INFO  server.RaftServerConfigKeys (ConfUtils.java:logGet(43)) - raft.server.log.statemachine.data.sync.timeout.retry = -1 (default)
2019-09-19 14:04:54,703 [pool-58-thread-1] INFO  server.RaftServerConfigKeys (ConfUtils.java:logGet(43)) - raft.server.log.statemachine.data.caching.enabled = true (custom)
2019-09-19 14:04:54,703 [pool-58-thread-1] INFO  segmented.SegmentedRaftLogWorker (SegmentedRaftLogWorker.java:lambda$new$0(132)) - dcc77c7b-1d37-448d-8d57-43d254561693-SegmentedRaftLogWorker:Storage Directory /workdir/hadoop-ozone/integration-test/target/test-dir/MiniOzoneClusterImpl-3b2755de-4cfe-4b43-9e0d-73dd8eda8f75/datanode-0/data/ratis/08b547f3-fe9d-4e11-9731-47c7557b9325: flushIndex: setUnconditionally 0 -> -1
2019-09-19 14:04:54,703 [pool-58-thread-1] INFO  server.RaftServerConfigKeys (ConfUtils.java:logGet(43)) - raft.server.snapshot.auto.trigger.enabled = true (custom)
2019-09-19 14:04:54,704 [pool-58-thread-1] INFO  server.RaftServerConfigKeys (ConfUtils.java:logGet(43)) - raft.server.snapshot.auto.trigger.threshold = 1 (custom)
2019-09-19 14:04:54,704 [pool-58-thread-1] INFO  server.RaftServerConfigKeys (ConfUtils.java:logGet(43)) - raft.server.retrycache.expirytime = 600000ms (custom)
2019-09-19 14:04:54,704 [pool-58-thread-1] INFO  impl.RaftServerImpl (RaftServerImpl.java:start(180)) - dcc77c7b-1d37-448d-8d57-43d254561693: start group-47C7557B9325
2019-09-19 14:04:54,704 [pool-58-thread-1] INFO  impl.RaftServerImpl (RaftServerImpl.java:setRole(171)) - dcc77c7b-1d37-448d-8d57-43d254561693:group-47C7557B9325 changes role from null to FOLLOWER at term 0 for startAsFollower
2019-09-19 14:04:54,704 [pool-58-thread-1] INFO  impl.RoleInfo (RoleInfo.java:updateAndGet(143)) - dcc77c7b-1d37-448d-8d57-43d254561693: start FollowerState
2019-09-19 14:04:54,704 [pool-58-thread-1] INFO  util.JmxRegister (JmxRegister.java:tryRegister(44)) - Successfully registered JMX Bean with object name Ratis:service=RaftServer,group=group-47C7557B9325,id=dcc77c7b-1d37-448d-8d57-43d254561693
2019-09-19 14:04:54,705 [Thread-4082] INFO  impl.FollowerState (FollowerState.java:run(106)) - dcc77c7b-1d37-448d-8d57-43d254561693:group-1DA80AE1A56D changes to CANDIDATE, lastRpcTime:5075, electionTimeout:5075ms
2019-09-19 14:04:54,705 [Thread-4082] INFO  impl.RoleInfo (RoleInfo.java:shutdownFollowerState(121)) - dcc77c7b-1d37-448d-8d57-43d254561693: shutdown FollowerState
2019-09-19 14:04:54,705 [Thread-4082] INFO  impl.RaftServerImpl (RaftServerImpl.java:setRole(171)) - dcc77c7b-1d37-448d-8d57-43d254561693:group-1DA80AE1A56D changes role from FOLLOWER to CANDIDATE at term 0 for changeToCandidate
2019-09-19 14:04:54,705 [Thread-4082] INFO  impl.RoleInfo (RoleInfo.java:updateAndGet(143)) - dcc77c7b-1d37-448d-8d57-43d254561693: start LeaderElection
2019-09-19 14:04:54,706 [RatisPipelineUtilsThread] INFO  pipeline.PipelineStateManager (PipelineStateManager.java:addPipeline(56)) - Created pipeline Pipeline[ Id: 08b547f3-fe9d-4e11-9731-47c7557b9325, Nodes: dcc77c7b-1d37-448d-8d57-43d254561693{ip: 192.168.157.226, host: pr-hdds-1569-swxfz-3172132826, networkLocation: /default-rack, certSerialId: null}, Type:RATIS, Factor:ONE, State:OPEN]
2019-09-19 14:04:54,708 [grpc-default-executor-1] INFO  impl.RaftServerProxy (RaftServerProxy.java:addNew(89)) - dcc77c7b-1d37-448d-8d57-43d254561693: addNew group-F883EB7B65C2:[dcc77c7b-1d37-448d-8d57-43d254561693:192.168.157.226:34527] returns group-F883EB7B65C2:java.util.concurrent.CompletableFuture@5d235324[Not completed]
2019-09-19 14:04:54,709 [pool-58-thread-1] INFO  impl.RaftServerImpl (RaftServerImpl.java:<init>(93)) - dcc77c7b-1d37-448d-8d57-43d254561693: new RaftServerImpl for group-F883EB7B65C2:[dcc77c7b-1d37-448d-8d57-43d254561693:192.168.157.226:34527] with ContainerStateMachine:uninitialized
2019-09-19 14:04:54,709 [pool-58-thread-1] INFO  server.RaftServerConfigKeys (ConfUtils.java:logGet(43)) - raft.server.rpc.timeout.min = 5s (custom)
2019-09-19 14:04:54,709 [pool-58-thread-1] INFO  server.RaftServerConfigKeys (ConfUtils.java:logGet(43)) - raft.server.rpc.timeout.max = 5200ms (custom)
2019-09-19 14:04:54,709 [pool-58-thread-1] INFO  server.RaftServerConfigKeys (ConfUtils.java:logGet(43)) - raft.server.rpcslowness.timeout = 120s (custom)
2019-09-19 14:04:54,709 [pool-58-thread-1] INFO  server.RaftServerConfigKeys (ConfUtils.java:logGet(43)) - raft.server.sleep.deviation.threshold = 300 (default)
2019-09-19 14:04:54,709 [pool-58-thread-1] INFO  server.RaftServerConfigKeys (ConfUtils.java:logGet(43)) - raft.server.log.appender.install.snapshot.enabled = false (custom)
2019-09-19 14:04:54,709 [pool-58-thread-1] INFO  impl.RaftServerImpl (ServerState.java:<init>(105)) - dcc77c7b-1d37-448d-8d57-43d254561693:group-F883EB7B65C2 ConfigurationManager, init=-1: [dcc77c7b-1d37-448d-8d57-43d254561693:192.168.157.226:34527], old=null, confs=<EMPTY_MAP>
2019-09-19 14:04:54,709 [pool-58-thread-1] INFO  server.RaftServerConfigKeys (ConfUtils.java:logGet(43)) - raft.server.storage.dir = [/workdir/hadoop-ozone/integration-test/target/test-dir/MiniOzoneClusterImpl-3b2755de-4cfe-4b43-9e0d-73dd8eda8f75/datanode-0/data/ratis] (custom)
2019-09-19 14:04:54,710 [pool-58-thread-1] INFO  storage.RaftStorageDirectory (RaftStorageDirectory.java:analyzeStorage(246)) - The storage directory /workdir/hadoop-ozone/integration-test/target/test-dir/MiniOzoneClusterImpl-3b2755de-4cfe-4b43-9e0d-73dd8eda8f75/datanode-0/data/ratis/692d41a9-2eed-49d9-a120-f883eb7b65c2 does not exist. Creating ...
2019-09-19 14:04:54,724 [Thread-4079] INFO  impl.FollowerState (FollowerState.java:run(106)) - dcc77c7b-1d37-448d-8d57-43d254561693:group-6CC3AFCAABDB changes to CANDIDATE, lastRpcTime:5107, electionTimeout:5107ms
2019-09-19 14:04:54,725 [Thread-4079] INFO  impl.RoleInfo (RoleInfo.java:shutdownFollowerState(121)) - dcc77c7b-1d37-448d-8d57-43d254561693: shutdown FollowerState
2019-09-19 14:04:54,725 [Thread-4079] INFO  impl.RaftServerImpl (RaftServerImpl.java:setRole(171)) - dcc77c7b-1d37-448d-8d57-43d254561693:group-6CC3AFCAABDB changes role from FOLLOWER to CANDIDATE at term 0 for changeToCandidate
2019-09-19 14:04:54,725 [Thread-4079] INFO  impl.RoleInfo (RoleInfo.java:updateAndGet(143)) - dcc77c7b-1d37-448d-8d57-43d254561693: start LeaderElection
2019-09-19 14:04:54,729 [pool-58-thread-1] INFO  storage.RaftStorageDirectory (RaftStorageDirectory.java:tryLock(328)) - Lock on /workdir/hadoop-ozone/integration-test/target/test-dir/MiniOzoneClusterImpl-3b2755de-4cfe-4b43-9e0d-73dd8eda8f75/datanode-0/data/ratis/692d41a9-2eed-49d9-a120-f883eb7b65c2/in_use.lock acquired by nodename 30982@pr-hdds-1569-swxfz-3172132826
2019-09-19 14:04:54,729 [dcc77c7b-1d37-448d-8d57-43d254561693-SegmentedRaftLogWorker:Storage Directory /workdir/hadoop-ozone/integration-test/target/test-dir/MiniOzoneClusterImpl-3b2755de-4cfe-4b43-9e0d-73dd8eda8f75/datanode-0/data/ratis/012caddd-9770-4f80-b740-f73f9931e543] INFO  segmented.SegmentedRaftLogWorker (SegmentedRaftLogWorker.java:execute(569)) - dcc77c7b-1d37-448d-8d57-43d254561693-SegmentedRaftLogWorker:Storage Directory /workdir/hadoop-ozone/integration-test/target/test-dir/MiniOzoneClusterImpl-3b2755de-4cfe-4b43-9e0d-73dd8eda8f75/datanode-0/data/ratis/012caddd-9770-4f80-b740-f73f9931e543: created new log segment /workdir/hadoop-ozone/integration-test/target/test-dir/MiniOzoneClusterImpl-3b2755de-4cfe-4b43-9e0d-73dd8eda8f75/datanode-0/data/ratis/012caddd-9770-4f80-b740-f73f9931e543/current/log_inprogress_0
2019-09-19 14:04:54,729 [dcc77c7b-1d37-448d-8d57-43d254561693:group-6CC3AFCAABDB:LeaderElection546] INFO  impl.LeaderElection (LeaderElection.java:askForVotes(181)) - dcc77c7b-1d37-448d-8d57-43d254561693:group-6CC3AFCAABDB:LeaderElection546: begin an election at term 1 for -1: [dcc77c7b-1d37-448d-8d57-43d254561693:192.168.157.226:34527], old=null
2019-09-19 14:04:54,729 [dcc77c7b-1d37-448d-8d57-43d254561693:group-1DA80AE1A56D:LeaderElection545] INFO  impl.LeaderElection (LeaderElection.java:askForVotes(181)) - dcc77c7b-1d37-448d-8d57-43d254561693:group-1DA80AE1A56D:LeaderElection545: begin an election at term 1 for -1: [dcc77c7b-1d37-448d-8d57-43d254561693:192.168.157.226:34527], old=null
2019-09-19 14:04:54,729 [dcc77c7b-1d37-448d-8d57-43d254561693:group-6CC3AFCAABDB:LeaderElection546] INFO  impl.RoleInfo (RoleInfo.java:shutdownLeaderElection(134)) - dcc77c7b-1d37-448d-8d57-43d254561693: shutdown LeaderElection
2019-09-19 14:04:54,729 [dcc77c7b-1d37-448d-8d57-43d254561693:group-1DA80AE1A56D:LeaderElection545] INFO  impl.RoleInfo (RoleInfo.java:shutdownLeaderElection(134)) - dcc77c7b-1d37-448d-8d57-43d254561693: shutdown LeaderElection
2019-09-19 14:04:54,729 [dcc77c7b-1d37-448d-8d57-43d254561693:group-6CC3AFCAABDB:LeaderElection546] INFO  impl.RaftServerImpl (RaftServerImpl.java:setRole(171)) - dcc77c7b-1d37-448d-8d57-43d254561693:group-6CC3AFCAABDB changes role from CANDIDATE to LEADER at term 1 for changeToLeader
2019-09-19 14:04:54,729 [dcc77c7b-1d37-448d-8d57-43d254561693:group-1DA80AE1A56D:LeaderElection545] INFO  impl.RaftServerImpl (RaftServerImpl.java:setRole(171)) - dcc77c7b-1d37-448d-8d57-43d254561693:group-1DA80AE1A56D changes role from CANDIDATE to LEADER at term 1 for changeToLeader
2019-09-19 14:04:54,730 [dcc77c7b-1d37-448d-8d57-43d254561693:group-6CC3AFCAABDB:LeaderElection546] INFO  impl.RaftServerImpl (ServerState.java:setLeader(263)) - dcc77c7b-1d37-448d-8d57-43d254561693:group-6CC3AFCAABDB change Leader from null to dcc77c7b-1d37-448d-8d57-43d254561693 at term 1 for becomeLeader, leader elected after 5114ms
2019-09-19 14:04:54,730 [dcc77c7b-1d37-448d-8d57-43d254561693:group-1DA80AE1A56D:LeaderElection545] INFO  impl.RaftServerImpl (ServerState.java:setLeader(263)) - dcc77c7b-1d37-448d-8d57-43d254561693:group-1DA80AE1A56D change Leader from null to dcc77c7b-1d37-448d-8d57-43d254561693 at term 1 for becomeLeader, leader elected after 5101ms
2019-09-19 14:04:54,730 [dcc77c7b-1d37-448d-8d57-43d254561693:group-6CC3AFCAABDB:LeaderElection546] INFO  server.RaftServerConfigKeys (ConfUtils.java:logGet(43)) - raft.server.staging.catchup.gap = 1000 (default)
2019-09-19 14:04:54,730 [dcc77c7b-1d37-448d-8d57-43d254561693:group-1DA80AE1A56D:LeaderElection545] INFO  server.RaftServerConfigKeys (ConfUtils.java:logGet(43)) - raft.server.staging.catchup.gap = 1000 (default)
2019-09-19 14:04:54,730 [dcc77c7b-1d37-448d-8d57-43d254561693:group-6CC3AFCAABDB:LeaderElection546] INFO  server.RaftServerConfigKeys (ConfUtils.java:logGet(43)) - raft.server.rpc.sleep.time = 25ms (default)
2019-09-19 14:04:54,730 [dcc77c7b-1d37-448d-8d57-43d254561693:group-1DA80AE1A56D:LeaderElection545] INFO  server.RaftServerConfigKeys (ConfUtils.java:logGet(43)) - raft.server.rpc.sleep.time = 25ms (default)
2019-09-19 14:04:54,730 [dcc77c7b-1d37-448d-8d57-43d254561693:group-6CC3AFCAABDB:LeaderElection546] INFO  server.RaftServerConfigKeys (ConfUtils.java:logGet(43)) - raft.server.write.element-limit = 4096 (default)
2019-09-19 14:04:54,730 [dcc77c7b-1d37-448d-8d57-43d254561693:group-1DA80AE1A56D:LeaderElection545] INFO  server.RaftServerConfigKeys (ConfUtils.java:logGet(43)) - raft.server.write.element-limit = 4096 (default)
2019-09-19 14:04:54,730 [dcc77c7b-1d37-448d-8d57-43d254561693:group-6CC3AFCAABDB:LeaderElection546] INFO  server.RaftServerConfigKeys (ConfUtils.java:logGet(43)) - raft.server.watch.timeout = 10s (default)
2019-09-19 14:04:54,730 [dcc77c7b-1d37-448d-8d57-43d254561693:group-1DA80AE1A56D:LeaderElection545] INFO  server.RaftServerConfigKeys (ConfUtils.java:logGet(43)) - raft.server.watch.timeout = 10s (default)
2019-09-19 14:04:54,730 [dcc77c7b-1d37-448d-8d57-43d254561693:group-6CC3AFCAABDB:LeaderElection546] INFO  server.RaftServerConfigKeys (ConfUtils.java:logGet(43)) - raft.server.watch.timeout.denomination = 1s (default)
2019-09-19 14:04:54,731 [dcc77c7b-1d37-448d-8d57-43d254561693:group-1DA80AE1A56D:LeaderElection545] INFO  server.RaftServerConfigKeys (ConfUtils.java:logGet(43)) - raft.server.watch.timeout.denomination = 1s (default)
2019-09-19 14:04:54,731 [dcc77c7b-1d37-448d-8d57-43d254561693:group-6CC3AFCAABDB:LeaderElection546] INFO  server.RaftServerConfigKeys (ConfUtils.java:logGet(43)) - raft.server.watch.element-limit = 65536 (default)
2019-09-19 14:04:54,731 [dcc77c7b-1d37-448d-8d57-43d254561693:group-1DA80AE1A56D:LeaderElection545] INFO  server.RaftServerConfigKeys (ConfUtils.java:logGet(43)) - raft.server.watch.element-limit = 65536 (default)
2019-09-19 14:04:54,731 [dcc77c7b-1d37-448d-8d57-43d254561693:group-6CC3AFCAABDB:LeaderElection546] INFO  impl.RoleInfo (RoleInfo.java:updateAndGet(143)) - dcc77c7b-1d37-448d-8d57-43d254561693: start LeaderState
2019-09-19 14:04:54,731 [dcc77c7b-1d37-448d-8d57-43d254561693:group-1DA80AE1A56D:LeaderElection545] INFO  impl.RoleInfo (RoleInfo.java:updateAndGet(143)) - dcc77c7b-1d37-448d-8d57-43d254561693: start LeaderState
2019-09-19 14:04:54,731 [dcc77c7b-1d37-448d-8d57-43d254561693:group-6CC3AFCAABDB:LeaderElection546] INFO  segmented.SegmentedRaftLogWorker (SegmentedRaftLogWorker.java:startLogSegment(380)) - dcc77c7b-1d37-448d-8d57-43d254561693-SegmentedRaftLogWorker:Storage Directory /workdir/hadoop-ozone/integration-test/target/test-dir/MiniOzoneClusterImpl-3b2755de-4cfe-4b43-9e0d-73dd8eda8f75/datanode-0/data/ratis/103d1a43-9b62-4119-8571-6cc3afcaabdb: Starting segment from index:0
2019-09-19 14:04:54,731 [dcc77c7b-1d37-448d-8d57-43d254561693:group-1DA80AE1A56D:LeaderElection545] INFO  segmented.SegmentedRaftLogWorker (SegmentedRaftLogWorker.java:startLogSegment(380)) - dcc77c7b-1d37-448d-8d57-43d254561693-SegmentedRaftLogWorker:Storage Directory /workdir/hadoop-ozone/integration-test/target/test-dir/MiniOzoneClusterImpl-3b2755de-4cfe-4b43-9e0d-73dd8eda8f75/datanode-0/data/ratis/37484255-5b47-4213-af12-1da80ae1a56d: Starting segment from index:0
2019-09-19 14:04:54,731 [dcc77c7b-1d37-448d-8d57-43d254561693:group-6CC3AFCAABDB:LeaderElection546] INFO  impl.RaftServerImpl (ServerState.java:setRaftConf(361)) - dcc77c7b-1d37-448d-8d57-43d254561693:group-6CC3AFCAABDB set configuration 0: [dcc77c7b-1d37-448d-8d57-43d254561693:192.168.157.226:34527], old=null at 0
2019-09-19 14:04:54,732 [dcc77c7b-1d37-448d-8d57-43d254561693:group-1DA80AE1A56D:LeaderElection545] INFO  impl.RaftServerImpl (ServerState.java:setRaftConf(361)) - dcc77c7b-1d37-448d-8d57-43d254561693:group-1DA80AE1A56D set configuration 0: [dcc77c7b-1d37-448d-8d57-43d254561693:192.168.157.226:34527], old=null at 0
2019-09-19 14:04:54,732 [pool-58-thread-1] INFO  storage.RaftStorage (RaftStorage.java:format(72)) - Storage directory /workdir/hadoop-ozone/integration-test/target/test-dir/MiniOzoneClusterImpl-3b2755de-4cfe-4b43-9e0d-73dd8eda8f75/datanode-0/data/ratis/692d41a9-2eed-49d9-a120-f883eb7b65c2 has been successfully formatted.
2019-09-19 14:04:54,732 [pool-58-thread-1] INFO  ratis.ContainerStateMachine (ContainerStateMachine.java:loadSnapshot(226)) - group-F883EB7B65C2: The snapshot info is null. Setting the last applied indexto:(t:0, i:~)
2019-09-19 14:04:54,733 [pool-58-thread-1] INFO  server.RaftServerConfigKeys (ConfUtils.java:logGet(43)) - raft.server.leader.election.timeout = 120s (custom)
2019-09-19 14:04:54,733 [pool-58-thread-1] INFO  server.RaftServerConfigKeys (ConfUtils.java:logGet(43)) - raft.server.log.use.memory = false (default)
2019-09-19 14:04:54,733 [pool-58-thread-1] INFO  server.RaftServerConfigKeys (ConfUtils.java:logGet(43)) - raft.server.log.purge.gap = 1000000 (custom)
2019-09-19 14:04:54,733 [pool-58-thread-1] INFO  server.RaftServerConfigKeys (ConfUtils.java:logGet(43)) - raft.server.log.appender.buffer.byte-limit = 33554432 (custom)
2019-09-19 14:04:54,733 [pool-58-thread-1] INFO  server.RaftServerConfigKeys (ConfUtils.java:logGet(43)) - raft.server.log.segment.size.max = 1048576 (custom)
2019-09-19 14:04:54,733 [pool-58-thread-1] INFO  server.RaftServerConfigKeys (ConfUtils.java:logGet(43)) - raft.server.log.segment.cache.num.max = 2 (custom)
2019-09-19 14:04:54,733 [pool-58-thread-1] INFO  segmented.SegmentedRaftLogWorker (SegmentedRaftLogWorker.java:<init>(172)) - new dcc77c7b-1d37-448d-8d57-43d254561693-SegmentedRaftLogWorker:Storage Directory /workdir/hadoop-ozone/integration-test/target/test-dir/MiniOzoneClusterImpl-3b2755de-4cfe-4b43-9e0d-73dd8eda8f75/datanode-0/data/ratis/692d41a9-2eed-49d9-a120-f883eb7b65c2 for RaftStorage:Storage Directory /workdir/hadoop-ozone/integration-test/target/test-dir/MiniOzoneClusterImpl-3b2755de-4cfe-4b43-9e0d-73dd8eda8f75/datanode-0/data/ratis/692d41a9-2eed-49d9-a120-f883eb7b65c2
2019-09-19 14:04:54,733 [pool-58-thread-1] INFO  server.RaftServerConfigKeys (ConfUtils.java:logGet(43)) - raft.server.log.queue.byte-limit = 2147483647 (custom)
2019-09-19 14:04:54,734 [pool-58-thread-1] INFO  server.RaftServerConfigKeys (ConfUtils.java:logGet(43)) - raft.server.log.queue.element-limit = 1024 (custom)
2019-09-19 14:04:54,734 [pool-58-thread-1] INFO  server.RaftServerConfigKeys (ConfUtils.java:logGet(43)) - raft.server.log.segment.size.max = 1048576 (custom)
2019-09-19 14:04:54,734 [pool-58-thread-1] INFO  server.RaftServerConfigKeys (ConfUtils.java:logGet(43)) - raft.server.log.preallocated.size = 16384 (custom)
2019-09-19 14:04:54,734 [pool-58-thread-1] INFO  server.RaftServerConfigKeys (ConfUtils.java:logGet(43)) - raft.server.log.write.buffer.size = 33554432 (custom)
2019-09-19 14:04:54,734 [pool-58-thread-1] INFO  server.RaftServerConfigKeys (ConfUtils.java:logGet(43)) - raft.server.log.force.sync.num = 128 (default)
2019-09-19 14:04:54,734 [pool-58-thread-1] INFO  server.RaftServerConfigKeys (ConfUtils.java:logGet(43)) - raft.server.log.statemachine.data.sync = true (default)
2019-09-19 14:04:54,734 [pool-58-thread-1] INFO  server.RaftServerConfigKeys (ConfUtils.java:logGet(43)) - raft.server.log.statemachine.data.sync.timeout = 10s (default)
2019-09-19 14:04:54,734 [pool-58-thread-1] INFO  server.RaftServerConfigKeys (ConfUtils.java:logGet(43)) - raft.server.log.statemachine.data.sync.timeout.retry = -1 (default)
2019-09-19 14:04:54,734 [pool-58-thread-1] INFO  server.RaftServerConfigKeys (ConfUtils.java:logGet(43)) - raft.server.log.statemachine.data.caching.enabled = true (custom)
2019-09-19 14:04:54,735 [pool-58-thread-1] INFO  segmented.SegmentedRaftLogWorker (SegmentedRaftLogWorker.java:lambda$new$0(132)) - dcc77c7b-1d37-448d-8d57-43d254561693-SegmentedRaftLogWorker:Storage Directory /workdir/hadoop-ozone/integration-test/target/test-dir/MiniOzoneClusterImpl-3b2755de-4cfe-4b43-9e0d-73dd8eda8f75/datanode-0/data/ratis/692d41a9-2eed-49d9-a120-f883eb7b65c2: flushIndex: setUnconditionally 0 -> -1
2019-09-19 14:04:54,735 [pool-58-thread-1] INFO  server.RaftServerConfigKeys (ConfUtils.java:logGet(43)) - raft.server.snapshot.auto.trigger.enabled = true (custom)
2019-09-19 14:04:54,735 [pool-58-thread-1] INFO  server.RaftServerConfigKeys (ConfUtils.java:logGet(43)) - raft.server.snapshot.auto.trigger.threshold = 1 (custom)
2019-09-19 14:04:54,735 [pool-58-thread-1] INFO  server.RaftServerConfigKeys (ConfUtils.java:logGet(43)) - raft.server.retrycache.expirytime = 600000ms (custom)
2019-09-19 14:04:54,735 [pool-58-thread-1] INFO  impl.RaftServerImpl (RaftServerImpl.java:start(180)) - dcc77c7b-1d37-448d-8d57-43d254561693: start group-F883EB7B65C2
2019-09-19 14:04:54,735 [pool-58-thread-1] INFO  impl.RaftServerImpl (RaftServerImpl.java:setRole(171)) - dcc77c7b-1d37-448d-8d57-43d254561693:group-F883EB7B65C2 changes role from null to FOLLOWER at term 0 for startAsFollower
2019-09-19 14:04:54,735 [pool-58-thread-1] INFO  impl.RoleInfo (RoleInfo.java:updateAndGet(143)) - dcc77c7b-1d37-448d-8d57-43d254561693: start FollowerState
2019-09-19 14:04:54,736 [pool-58-thread-1] INFO  util.JmxRegister (JmxRegister.java:tryRegister(44)) - Successfully registered JMX Bean with object name Ratis:service=RaftServer,group=group-F883EB7B65C2,id=dcc77c7b-1d37-448d-8d57-43d254561693
2019-09-19 14:04:54,737 [RatisPipelineUtilsThread] INFO  pipeline.PipelineStateManager (PipelineStateManager.java:addPipeline(56)) - Created pipeline Pipeline[ Id: 692d41a9-2eed-49d9-a120-f883eb7b65c2, Nodes: dcc77c7b-1d37-448d-8d57-43d254561693{ip: 192.168.157.226, host: pr-hdds-1569-swxfz-3172132826, networkLocation: /default-rack, certSerialId: null}, Type:RATIS, Factor:ONE, State:OPEN]
2019-09-19 14:04:54,739 [grpc-default-executor-1] INFO  impl.RaftServerProxy (RaftServerProxy.java:addNew(89)) - dcc77c7b-1d37-448d-8d57-43d254561693: addNew group-48A901C7CAAB:[dcc77c7b-1d37-448d-8d57-43d254561693:192.168.157.226:34527] returns group-48A901C7CAAB:java.util.concurrent.CompletableFuture@6c92b9b2[Not completed]
2019-09-19 14:04:54,764 [pool-58-thread-1] INFO  impl.RaftServerImpl (RaftServerImpl.java:<init>(93)) - dcc77c7b-1d37-448d-8d57-43d254561693: new RaftServerImpl for group-48A901C7CAAB:[dcc77c7b-1d37-448d-8d57-43d254561693:192.168.157.226:34527] with ContainerStateMachine:uninitialized
2019-09-19 14:04:54,764 [pool-58-thread-1] INFO  server.RaftServerConfigKeys (ConfUtils.java:logGet(43)) - raft.server.rpc.timeout.min = 5s (custom)
2019-09-19 14:04:54,764 [pool-58-thread-1] INFO  server.RaftServerConfigKeys (ConfUtils.java:logGet(43)) - raft.server.rpc.timeout.max = 5200ms (custom)
2019-09-19 14:04:54,764 [pool-58-thread-1] INFO  server.RaftServerConfigKeys (ConfUtils.java:logGet(43)) - raft.server.rpcslowness.timeout = 120s (custom)
2019-09-19 14:04:54,764 [pool-58-thread-1] INFO  server.RaftServerConfigKeys (ConfUtils.java:logGet(43)) - raft.server.sleep.deviation.threshold = 300 (default)
2019-09-19 14:04:54,764 [pool-58-thread-1] INFO  server.RaftServerConfigKeys (ConfUtils.java:logGet(43)) - raft.server.log.appender.install.snapshot.enabled = false (custom)
2019-09-19 14:04:54,764 [pool-58-thread-1] INFO  impl.RaftServerImpl (ServerState.java:<init>(105)) - dcc77c7b-1d37-448d-8d57-43d254561693:group-48A901C7CAAB ConfigurationManager, init=-1: [dcc77c7b-1d37-448d-8d57-43d254561693:192.168.157.226:34527], old=null, confs=<EMPTY_MAP>
2019-09-19 14:04:54,765 [pool-58-thread-1] INFO  server.RaftServerConfigKeys (ConfUtils.java:logGet(43)) - raft.server.storage.dir = [/workdir/hadoop-ozone/integration-test/target/test-dir/MiniOzoneClusterImpl-3b2755de-4cfe-4b43-9e0d-73dd8eda8f75/datanode-0/data/ratis] (custom)
2019-09-19 14:04:54,766 [pool-58-thread-1] INFO  storage.RaftStorageDirectory (RaftStorageDirectory.java:analyzeStorage(246)) - The storage directory /workdir/hadoop-ozone/integration-test/target/test-dir/MiniOzoneClusterImpl-3b2755de-4cfe-4b43-9e0d-73dd8eda8f75/datanode-0/data/ratis/1f57c5f3-75d2-4bf0-be5e-48a901c7caab does not exist. Creating ...
2019-09-19 14:04:54,778 [Thread-4085] INFO  impl.FollowerState (FollowerState.java:run(106)) - dcc77c7b-1d37-448d-8d57-43d254561693:group-249D0A2C63EB changes to CANDIDATE, lastRpcTime:5088, electionTimeout:5088ms
2019-09-19 14:04:54,778 [Thread-4085] INFO  impl.RoleInfo (RoleInfo.java:shutdownFollowerState(121)) - dcc77c7b-1d37-448d-8d57-43d254561693: shutdown FollowerState
2019-09-19 14:04:54,779 [Thread-4085] INFO  impl.RaftServerImpl (RaftServerImpl.java:setRole(171)) - dcc77c7b-1d37-448d-8d57-43d254561693:group-249D0A2C63EB changes role from FOLLOWER to CANDIDATE at term 0 for changeToCandidate
2019-09-19 14:04:54,779 [Thread-4085] INFO  impl.RoleInfo (RoleInfo.java:updateAndGet(143)) - dcc77c7b-1d37-448d-8d57-43d254561693: start LeaderElection
2019-09-19 14:04:54,789 [pool-58-thread-1] INFO  storage.RaftStorageDirectory (RaftStorageDirectory.java:tryLock(328)) - Lock on /workdir/hadoop-ozone/integration-test/target/test-dir/MiniOzoneClusterImpl-3b2755de-4cfe-4b43-9e0d-73dd8eda8f75/datanode-0/data/ratis/1f57c5f3-75d2-4bf0-be5e-48a901c7caab/in_use.lock acquired by nodename 30982@pr-hdds-1569-swxfz-3172132826
2019-09-19 14:04:54,789 [dcc77c7b-1d37-448d-8d57-43d254561693-SegmentedRaftLogWorker:Storage Directory /workdir/hadoop-ozone/integration-test/target/test-dir/MiniOzoneClusterImpl-3b2755de-4cfe-4b43-9e0d-73dd8eda8f75/datanode-0/data/ratis/103d1a43-9b62-4119-8571-6cc3afcaabdb] INFO  segmented.SegmentedRaftLogWorker (SegmentedRaftLogWorker.java:execute(569)) - dcc77c7b-1d37-448d-8d57-43d254561693-SegmentedRaftLogWorker:Storage Directory /workdir/hadoop-ozone/integration-test/target/test-dir/MiniOzoneClusterImpl-3b2755de-4cfe-4b43-9e0d-73dd8eda8f75/datanode-0/data/ratis/103d1a43-9b62-4119-8571-6cc3afcaabdb: created new log segment /workdir/hadoop-ozone/integration-test/target/test-dir/MiniOzoneClusterImpl-3b2755de-4cfe-4b43-9e0d-73dd8eda8f75/datanode-0/data/ratis/103d1a43-9b62-4119-8571-6cc3afcaabdb/current/log_inprogress_0
2019-09-19 14:04:54,789 [dcc77c7b-1d37-448d-8d57-43d254561693-SegmentedRaftLogWorker:Storage Directory /workdir/hadoop-ozone/integration-test/target/test-dir/MiniOzoneClusterImpl-3b2755de-4cfe-4b43-9e0d-73dd8eda8f75/datanode-0/data/ratis/37484255-5b47-4213-af12-1da80ae1a56d] INFO  segmented.SegmentedRaftLogWorker (SegmentedRaftLogWorker.java:execute(569)) - dcc77c7b-1d37-448d-8d57-43d254561693-SegmentedRaftLogWorker:Storage Directory /workdir/hadoop-ozone/integration-test/target/test-dir/MiniOzoneClusterImpl-3b2755de-4cfe-4b43-9e0d-73dd8eda8f75/datanode-0/data/ratis/37484255-5b47-4213-af12-1da80ae1a56d: created new log segment /workdir/hadoop-ozone/integration-test/target/test-dir/MiniOzoneClusterImpl-3b2755de-4cfe-4b43-9e0d-73dd8eda8f75/datanode-0/data/ratis/37484255-5b47-4213-af12-1da80ae1a56d/current/log_inprogress_0
2019-09-19 14:04:54,804 [dcc77c7b-1d37-448d-8d57-43d254561693:group-249D0A2C63EB:LeaderElection547] INFO  impl.LeaderElection (LeaderElection.java:askForVotes(181)) - dcc77c7b-1d37-448d-8d57-43d254561693:group-249D0A2C63EB:LeaderElection547: begin an election at term 1 for -1: [dcc77c7b-1d37-448d-8d57-43d254561693:192.168.157.226:34527], old=null
2019-09-19 14:04:54,804 [dcc77c7b-1d37-448d-8d57-43d254561693:group-249D0A2C63EB:LeaderElection547] INFO  impl.RoleInfo (RoleInfo.java:shutdownLeaderElection(134)) - dcc77c7b-1d37-448d-8d57-43d254561693: shutdown LeaderElection
2019-09-19 14:04:54,804 [dcc77c7b-1d37-448d-8d57-43d254561693:group-249D0A2C63EB:LeaderElection547] INFO  impl.RaftServerImpl (RaftServerImpl.java:setRole(171)) - dcc77c7b-1d37-448d-8d57-43d254561693:group-249D0A2C63EB changes role from CANDIDATE to LEADER at term 1 for changeToLeader
2019-09-19 14:04:54,804 [dcc77c7b-1d37-448d-8d57-43d254561693:group-249D0A2C63EB:LeaderElection547] INFO  impl.RaftServerImpl (ServerState.java:setLeader(263)) - dcc77c7b-1d37-448d-8d57-43d254561693:group-249D0A2C63EB change Leader from null to dcc77c7b-1d37-448d-8d57-43d254561693 at term 1 for becomeLeader, leader elected after 5116ms
2019-09-19 14:04:54,804 [dcc77c7b-1d37-448d-8d57-43d254561693:group-249D0A2C63EB:LeaderElection547] INFO  server.RaftServerConfigKeys (ConfUtils.java:logGet(43)) - raft.server.staging.catchup.gap = 1000 (default)
2019-09-19 14:04:54,805 [dcc77c7b-1d37-448d-8d57-43d254561693:group-249D0A2C63EB:LeaderElection547] INFO  server.RaftServerConfigKeys (ConfUtils.java:logGet(43)) - raft.server.rpc.sleep.time = 25ms (default)
2019-09-19 14:04:54,805 [dcc77c7b-1d37-448d-8d57-43d254561693:group-249D0A2C63EB:LeaderElection547] INFO  server.RaftServerConfigKeys (ConfUtils.java:logGet(43)) - raft.server.write.element-limit = 4096 (default)
2019-09-19 14:04:54,805 [pool-58-thread-1] INFO  storage.RaftStorage (RaftStorage.java:format(72)) - Storage directory /workdir/hadoop-ozone/integration-test/target/test-dir/MiniOzoneClusterImpl-3b2755de-4cfe-4b43-9e0d-73dd8eda8f75/datanode-0/data/ratis/1f57c5f3-75d2-4bf0-be5e-48a901c7caab has been successfully formatted.
2019-09-19 14:04:54,805 [dcc77c7b-1d37-448d-8d57-43d254561693:group-249D0A2C63EB:LeaderElection547] INFO  server.RaftServerConfigKeys (ConfUtils.java:logGet(43)) - raft.server.watch.timeout = 10s (default)
2019-09-19 14:04:54,805 [pool-58-thread-1] INFO  ratis.ContainerStateMachine (ContainerStateMachine.java:loadSnapshot(226)) - group-48A901C7CAAB: The snapshot info is null. Setting the last applied indexto:(t:0, i:~)
2019-09-19 14:04:54,805 [dcc77c7b-1d37-448d-8d57-43d254561693:group-249D0A2C63EB:LeaderElection547] INFO  server.RaftServerConfigKeys (ConfUtils.java:logGet(43)) - raft.server.watch.timeout.denomination = 1s (default)
2019-09-19 14:04:54,805 [pool-58-thread-1] INFO  server.RaftServerConfigKeys (ConfUtils.java:logGet(43)) - raft.server.leader.election.timeout = 120s (custom)
2019-09-19 14:04:54,805 [dcc77c7b-1d37-448d-8d57-43d254561693:group-249D0A2C63EB:LeaderElection547] INFO  server.RaftServerConfigKeys (ConfUtils.java:logGet(43)) - raft.server.watch.element-limit = 65536 (default)
2019-09-19 14:04:54,805 [pool-58-thread-1] INFO  server.RaftServerConfigKeys (ConfUtils.java:logGet(43)) - raft.server.log.use.memory = false (default)
2019-09-19 14:04:54,805 [dcc77c7b-1d37-448d-8d57-43d254561693:group-249D0A2C63EB:LeaderElection547] INFO  impl.RoleInfo (RoleInfo.java:updateAndGet(143)) - dcc77c7b-1d37-448d-8d57-43d254561693: start LeaderState
2019-09-19 14:04:54,806 [pool-58-thread-1] INFO  server.RaftServerConfigKeys (ConfUtils.java:logGet(43)) - raft.server.log.purge.gap = 1000000 (custom)
2019-09-19 14:04:54,806 [dcc77c7b-1d37-448d-8d57-43d254561693:group-249D0A2C63EB:LeaderElection547] INFO  segmented.SegmentedRaftLogWorker (SegmentedRaftLogWorker.java:startLogSegment(380)) - dcc77c7b-1d37-448d-8d57-43d254561693-SegmentedRaftLogWorker:Storage Directory /workdir/hadoop-ozone/integration-test/target/test-dir/MiniOzoneClusterImpl-3b2755de-4cfe-4b43-9e0d-73dd8eda8f75/datanode-0/data/ratis/33a27c08-ca3f-4b0b-a29c-249d0a2c63eb: Starting segment from index:0
2019-09-19 14:04:54,806 [pool-58-thread-1] INFO  server.RaftServerConfigKeys (ConfUtils.java:logGet(43)) - raft.server.log.appender.buffer.byte-limit = 33554432 (custom)
2019-09-19 14:04:54,806 [pool-58-thread-1] INFO  server.RaftServerConfigKeys (ConfUtils.java:logGet(43)) - raft.server.log.segment.size.max = 1048576 (custom)
2019-09-19 14:04:54,806 [dcc77c7b-1d37-448d-8d57-43d254561693:group-249D0A2C63EB:LeaderElection547] INFO  impl.RaftServerImpl (ServerState.java:setRaftConf(361)) - dcc77c7b-1d37-448d-8d57-43d254561693:group-249D0A2C63EB set configuration 0: [dcc77c7b-1d37-448d-8d57-43d254561693:192.168.157.226:34527], old=null at 0
2019-09-19 14:04:54,806 [pool-58-thread-1] INFO  server.RaftServerConfigKeys (ConfUtils.java:logGet(43)) - raft.server.log.segment.cache.num.max = 2 (custom)
2019-09-19 14:04:54,806 [pool-58-thread-1] INFO  segmented.SegmentedRaftLogWorker (SegmentedRaftLogWorker.java:<init>(172)) - new dcc77c7b-1d37-448d-8d57-43d254561693-SegmentedRaftLogWorker:Storage Directory /workdir/hadoop-ozone/integration-test/target/test-dir/MiniOzoneClusterImpl-3b2755de-4cfe-4b43-9e0d-73dd8eda8f75/datanode-0/data/ratis/1f57c5f3-75d2-4bf0-be5e-48a901c7caab for RaftStorage:Storage Directory /workdir/hadoop-ozone/integration-test/target/test-dir/MiniOzoneClusterImpl-3b2755de-4cfe-4b43-9e0d-73dd8eda8f75/datanode-0/data/ratis/1f57c5f3-75d2-4bf0-be5e-48a901c7caab
2019-09-19 14:04:54,807 [pool-58-thread-1] INFO  server.RaftServerConfigKeys (ConfUtils.java:logGet(43)) - raft.server.log.queue.byte-limit = 2147483647 (custom)
2019-09-19 14:04:54,807 [pool-58-thread-1] INFO  server.RaftServerConfigKeys (ConfUtils.java:logGet(43)) - raft.server.log.queue.element-limit = 1024 (custom)
2019-09-19 14:04:54,807 [pool-58-thread-1] INFO  server.RaftServerConfigKeys (ConfUtils.java:logGet(43)) - raft.server.log.segment.size.max = 1048576 (custom)
2019-09-19 14:04:54,807 [pool-58-thread-1] INFO  server.RaftServerConfigKeys (ConfUtils.java:logGet(43)) - raft.server.log.preallocated.size = 16384 (custom)
2019-09-19 14:04:54,807 [pool-58-thread-1] INFO  server.RaftServerConfigKeys (ConfUtils.java:logGet(43)) - raft.server.log.write.buffer.size = 33554432 (custom)
2019-09-19 14:04:54,807 [pool-58-thread-1] INFO  server.RaftServerConfigKeys (ConfUtils.java:logGet(43)) - raft.server.log.force.sync.num = 128 (default)
2019-09-19 14:04:54,807 [pool-58-thread-1] INFO  server.RaftServerConfigKeys (ConfUtils.java:logGet(43)) - raft.server.log.statemachine.data.sync = true (default)
2019-09-19 14:04:54,807 [pool-58-thread-1] INFO  server.RaftServerConfigKeys (ConfUtils.java:logGet(43)) - raft.server.log.statemachine.data.sync.timeout = 10s (default)
2019-09-19 14:04:54,808 [pool-58-thread-1] INFO  server.RaftServerConfigKeys (ConfUtils.java:logGet(43)) - raft.server.log.statemachine.data.sync.timeout.retry = -1 (default)
2019-09-19 14:04:54,808 [pool-58-thread-1] INFO  server.RaftServerConfigKeys (ConfUtils.java:logGet(43)) - raft.server.log.statemachine.data.caching.enabled = true (custom)
2019-09-19 14:04:54,808 [pool-58-thread-1] INFO  segmented.SegmentedRaftLogWorker (SegmentedRaftLogWorker.java:lambda$new$0(132)) - dcc77c7b-1d37-448d-8d57-43d254561693-SegmentedRaftLogWorker:Storage Directory /workdir/hadoop-ozone/integration-test/target/test-dir/MiniOzoneClusterImpl-3b2755de-4cfe-4b43-9e0d-73dd8eda8f75/datanode-0/data/ratis/1f57c5f3-75d2-4bf0-be5e-48a901c7caab: flushIndex: setUnconditionally 0 -> -1
2019-09-19 14:04:54,808 [pool-58-thread-1] INFO  server.RaftServerConfigKeys (ConfUtils.java:logGet(43)) - raft.server.snapshot.auto.trigger.enabled = true (custom)
2019-09-19 14:04:54,808 [pool-58-thread-1] INFO  server.RaftServerConfigKeys (ConfUtils.java:logGet(43)) - raft.server.snapshot.auto.trigger.threshold = 1 (custom)
2019-09-19 14:04:54,809 [pool-58-thread-1] INFO  server.RaftServerConfigKeys (ConfUtils.java:logGet(43)) - raft.server.retrycache.expirytime = 600000ms (custom)
2019-09-19 14:04:54,809 [pool-58-thread-1] INFO  impl.RaftServerImpl (RaftServerImpl.java:start(180)) - dcc77c7b-1d37-448d-8d57-43d254561693: start group-48A901C7CAAB
2019-09-19 14:04:54,809 [pool-58-thread-1] INFO  impl.RaftServerImpl (RaftServerImpl.java:setRole(171)) - dcc77c7b-1d37-448d-8d57-43d254561693:group-48A901C7CAAB changes role from null to FOLLOWER at term 0 for startAsFollower
2019-09-19 14:04:54,809 [pool-58-thread-1] INFO  impl.RoleInfo (RoleInfo.java:updateAndGet(143)) - dcc77c7b-1d37-448d-8d57-43d254561693: start FollowerState
2019-09-19 14:04:54,809 [pool-58-thread-1] INFO  util.JmxRegister (JmxRegister.java:tryRegister(44)) - Successfully registered JMX Bean with object name Ratis:service=RaftServer,group=group-48A901C7CAAB,id=dcc77c7b-1d37-448d-8d57-43d254561693
2019-09-19 14:04:54,811 [RatisPipelineUtilsThread] INFO  pipeline.PipelineStateManager (PipelineStateManager.java:addPipeline(56)) - Created pipeline Pipeline[ Id: 1f57c5f3-75d2-4bf0-be5e-48a901c7caab, Nodes: dcc77c7b-1d37-448d-8d57-43d254561693{ip: 192.168.157.226, host: pr-hdds-1569-swxfz-3172132826, networkLocation: /default-rack, certSerialId: null}, Type:RATIS, Factor:ONE, State:OPEN]
2019-09-19 14:04:54,813 [grpc-default-executor-1] INFO  impl.RaftServerProxy (RaftServerProxy.java:addNew(89)) - dcc77c7b-1d37-448d-8d57-43d254561693: addNew group-21D390036BC2:[dcc77c7b-1d37-448d-8d57-43d254561693:192.168.157.226:34527] returns group-21D390036BC2:java.util.concurrent.CompletableFuture@3ac6e5a9[Not completed]
2019-09-19 14:04:54,814 [pool-58-thread-1] INFO  impl.RaftServerImpl (RaftServerImpl.java:<init>(93)) - dcc77c7b-1d37-448d-8d57-43d254561693: new RaftServerImpl for group-21D390036BC2:[dcc77c7b-1d37-448d-8d57-43d254561693:192.168.157.226:34527] with ContainerStateMachine:uninitialized
2019-09-19 14:04:54,814 [pool-58-thread-1] INFO  server.RaftServerConfigKeys (ConfUtils.java:logGet(43)) - raft.server.rpc.timeout.min = 5s (custom)
2019-09-19 14:04:54,814 [pool-58-thread-1] INFO  server.RaftServerConfigKeys (ConfUtils.java:logGet(43)) - raft.server.rpc.timeout.max = 5200ms (custom)
2019-09-19 14:04:54,815 [pool-58-thread-1] INFO  server.RaftServerConfigKeys (ConfUtils.java:logGet(43)) - raft.server.rpcslowness.timeout = 120s (custom)
2019-09-19 14:04:54,815 [pool-58-thread-1] INFO  server.RaftServerConfigKeys (ConfUtils.java:logGet(43)) - raft.server.sleep.deviation.threshold = 300 (default)
2019-09-19 14:04:54,815 [pool-58-thread-1] INFO  server.RaftServerConfigKeys (ConfUtils.java:logGet(43)) - raft.server.log.appender.install.snapshot.enabled = false (custom)
2019-09-19 14:04:54,815 [pool-58-thread-1] INFO  impl.RaftServerImpl (ServerState.java:<init>(105)) - dcc77c7b-1d37-448d-8d57-43d254561693:group-21D390036BC2 ConfigurationManager, init=-1: [dcc77c7b-1d37-448d-8d57-43d254561693:192.168.157.226:34527], old=null, confs=<EMPTY_MAP>
2019-09-19 14:04:54,815 [pool-58-thread-1] INFO  server.RaftServerConfigKeys (ConfUtils.java:logGet(43)) - raft.server.storage.dir = [/workdir/hadoop-ozone/integration-test/target/test-dir/MiniOzoneClusterImpl-3b2755de-4cfe-4b43-9e0d-73dd8eda8f75/datanode-0/data/ratis] (custom)
2019-09-19 14:04:54,816 [pool-58-thread-1] INFO  storage.RaftStorageDirectory (RaftStorageDirectory.java:analyzeStorage(246)) - The storage directory /workdir/hadoop-ozone/integration-test/target/test-dir/MiniOzoneClusterImpl-3b2755de-4cfe-4b43-9e0d-73dd8eda8f75/datanode-0/data/ratis/1159bca9-524c-46c2-9711-21d390036bc2 does not exist. Creating ...
2019-09-19 14:04:54,823 | INFO  | SCMAudit | user=jenkins1000 | ip=192.168.157.226 | op=SEND_HEARTBEAT {datanodeUUID=dcc77c7b-1d37-448d-8d57-43d254561693, command=[]} | ret=SUCCESS |  
2019-09-19 14:04:54,829 [pool-58-thread-1] INFO  storage.RaftStorageDirectory (RaftStorageDirectory.java:tryLock(328)) - Lock on /workdir/hadoop-ozone/integration-test/target/test-dir/MiniOzoneClusterImpl-3b2755de-4cfe-4b43-9e0d-73dd8eda8f75/datanode-0/data/ratis/1159bca9-524c-46c2-9711-21d390036bc2/in_use.lock acquired by nodename 30982@pr-hdds-1569-swxfz-3172132826
2019-09-19 14:04:54,844 [Thread-4094] INFO  impl.FollowerState (FollowerState.java:run(106)) - dcc77c7b-1d37-448d-8d57-43d254561693:group-A3CC61AEFF87 changes to CANDIDATE, lastRpcTime:5037, electionTimeout:5037ms
2019-09-19 14:04:54,844 [Thread-4094] INFO  impl.RoleInfo (RoleInfo.java:shutdownFollowerState(121)) - dcc77c7b-1d37-448d-8d57-43d254561693: shutdown FollowerState
2019-09-19 14:04:54,844 [dcc77c7b-1d37-448d-8d57-43d254561693-SegmentedRaftLogWorker:Storage Directory /workdir/hadoop-ozone/integration-test/target/test-dir/MiniOzoneClusterImpl-3b2755de-4cfe-4b43-9e0d-73dd8eda8f75/datanode-0/data/ratis/33a27c08-ca3f-4b0b-a29c-249d0a2c63eb] INFO  segmented.SegmentedRaftLogWorker (SegmentedRaftLogWorker.java:execute(569)) - dcc77c7b-1d37-448d-8d57-43d254561693-SegmentedRaftLogWorker:Storage Directory /workdir/hadoop-ozone/integration-test/target/test-dir/MiniOzoneClusterImpl-3b2755de-4cfe-4b43-9e0d-73dd8eda8f75/datanode-0/data/ratis/33a27c08-ca3f-4b0b-a29c-249d0a2c63eb: created new log segment /workdir/hadoop-ozone/integration-test/target/test-dir/MiniOzoneClusterImpl-3b2755de-4cfe-4b43-9e0d-73dd8eda8f75/datanode-0/data/ratis/33a27c08-ca3f-4b0b-a29c-249d0a2c63eb/current/log_inprogress_0
2019-09-19 14:04:54,844 [pool-58-thread-1] INFO  storage.RaftStorage (RaftStorage.java:format(72)) - Storage directory /workdir/hadoop-ozone/integration-test/target/test-dir/MiniOzoneClusterImpl-3b2755de-4cfe-4b43-9e0d-73dd8eda8f75/datanode-0/data/ratis/1159bca9-524c-46c2-9711-21d390036bc2 has been successfully formatted.
2019-09-19 14:04:54,844 [Thread-4094] INFO  impl.RaftServerImpl (RaftServerImpl.java:setRole(171)) - dcc77c7b-1d37-448d-8d57-43d254561693:group-A3CC61AEFF87 changes role from FOLLOWER to CANDIDATE at term 0 for changeToCandidate
2019-09-19 14:04:54,845 [pool-58-thread-1] INFO  ratis.ContainerStateMachine (ContainerStateMachine.java:loadSnapshot(226)) - group-21D390036BC2: The snapshot info is null. Setting the last applied indexto:(t:0, i:~)
2019-09-19 14:04:54,845 [Thread-4094] INFO  impl.RoleInfo (RoleInfo.java:updateAndGet(143)) - dcc77c7b-1d37-448d-8d57-43d254561693: start LeaderElection
2019-09-19 14:04:54,845 [pool-58-thread-1] INFO  server.RaftServerConfigKeys (ConfUtils.java:logGet(43)) - raft.server.leader.election.timeout = 120s (custom)
2019-09-19 14:04:54,845 [pool-58-thread-1] INFO  server.RaftServerConfigKeys (ConfUtils.java:logGet(43)) - raft.server.log.use.memory = false (default)
2019-09-19 14:04:54,845 [pool-58-thread-1] INFO  server.RaftServerConfigKeys (ConfUtils.java:logGet(43)) - raft.server.log.purge.gap = 1000000 (custom)
2019-09-19 14:04:54,845 [pool-58-thread-1] INFO  server.RaftServerConfigKeys (ConfUtils.java:logGet(43)) - raft.server.log.appender.buffer.byte-limit = 33554432 (custom)
2019-09-19 14:04:54,846 [pool-58-thread-1] INFO  server.RaftServerConfigKeys (ConfUtils.java:logGet(43)) - raft.server.log.segment.size.max = 1048576 (custom)
2019-09-19 14:04:54,846 [pool-58-thread-1] INFO  server.RaftServerConfigKeys (ConfUtils.java:logGet(43)) - raft.server.log.segment.cache.num.max = 2 (custom)
2019-09-19 14:04:54,846 [pool-58-thread-1] INFO  segmented.SegmentedRaftLogWorker (SegmentedRaftLogWorker.java:<init>(172)) - new dcc77c7b-1d37-448d-8d57-43d254561693-SegmentedRaftLogWorker:Storage Directory /workdir/hadoop-ozone/integration-test/target/test-dir/MiniOzoneClusterImpl-3b2755de-4cfe-4b43-9e0d-73dd8eda8f75/datanode-0/data/ratis/1159bca9-524c-46c2-9711-21d390036bc2 for RaftStorage:Storage Directory /workdir/hadoop-ozone/integration-test/target/test-dir/MiniOzoneClusterImpl-3b2755de-4cfe-4b43-9e0d-73dd8eda8f75/datanode-0/data/ratis/1159bca9-524c-46c2-9711-21d390036bc2
2019-09-19 14:04:54,846 [pool-58-thread-1] INFO  server.RaftServerConfigKeys (ConfUtils.java:logGet(43)) - raft.server.log.queue.byte-limit = 2147483647 (custom)
2019-09-19 14:04:54,846 [pool-58-thread-1] INFO  server.RaftServerConfigKeys (ConfUtils.java:logGet(43)) - raft.server.log.queue.element-limit = 1024 (custom)
2019-09-19 14:04:54,846 [pool-58-thread-1] INFO  server.RaftServerConfigKeys (ConfUtils.java:logGet(43)) - raft.server.log.segment.size.max = 1048576 (custom)
2019-09-19 14:04:54,846 [pool-58-thread-1] INFO  server.RaftServerConfigKeys (ConfUtils.java:logGet(43)) - raft.server.log.preallocated.size = 16384 (custom)
2019-09-19 14:04:54,846 [pool-58-thread-1] INFO  server.RaftServerConfigKeys (ConfUtils.java:logGet(43)) - raft.server.log.write.buffer.size = 33554432 (custom)
2019-09-19 14:04:54,847 [pool-58-thread-1] INFO  server.RaftServerConfigKeys (ConfUtils.java:logGet(43)) - raft.server.log.force.sync.num = 128 (default)
2019-09-19 14:04:54,847 [pool-58-thread-1] INFO  server.RaftServerConfigKeys (ConfUtils.java:logGet(43)) - raft.server.log.statemachine.data.sync = true (default)
2019-09-19 14:04:54,847 [pool-58-thread-1] INFO  server.RaftServerConfigKeys (ConfUtils.java:logGet(43)) - raft.server.log.statemachine.data.sync.timeout = 10s (default)
2019-09-19 14:04:54,847 [pool-58-thread-1] INFO  server.RaftServerConfigKeys (ConfUtils.java:logGet(43)) - raft.server.log.statemachine.data.sync.timeout.retry = -1 (default)
2019-09-19 14:04:54,847 [pool-58-thread-1] INFO  server.RaftServerConfigKeys (ConfUtils.java:logGet(43)) - raft.server.log.statemachine.data.caching.enabled = true (custom)
2019-09-19 14:04:54,847 [pool-58-thread-1] INFO  segmented.SegmentedRaftLogWorker (SegmentedRaftLogWorker.java:lambda$new$0(132)) - dcc77c7b-1d37-448d-8d57-43d254561693-SegmentedRaftLogWorker:Storage Directory /workdir/hadoop-ozone/integration-test/target/test-dir/MiniOzoneClusterImpl-3b2755de-4cfe-4b43-9e0d-73dd8eda8f75/datanode-0/data/ratis/1159bca9-524c-46c2-9711-21d390036bc2: flushIndex: setUnconditionally 0 -> -1
2019-09-19 14:04:54,848 [pool-58-thread-1] INFO  server.RaftServerConfigKeys (ConfUtils.java:logGet(43)) - raft.server.snapshot.auto.trigger.enabled = true (custom)
2019-09-19 14:04:54,848 [pool-58-thread-1] INFO  server.RaftServerConfigKeys (ConfUtils.java:logGet(43)) - raft.server.snapshot.auto.trigger.threshold = 1 (custom)
2019-09-19 14:04:54,848 [pool-58-thread-1] INFO  server.RaftServerConfigKeys (ConfUtils.java:logGet(43)) - raft.server.retrycache.expirytime = 600000ms (custom)
2019-09-19 14:04:54,848 [pool-58-thread-1] INFO  impl.RaftServerImpl (RaftServerImpl.java:start(180)) - dcc77c7b-1d37-448d-8d57-43d254561693: start group-21D390036BC2
2019-09-19 14:04:54,848 [pool-58-thread-1] INFO  impl.RaftServerImpl (RaftServerImpl.java:setRole(171)) - dcc77c7b-1d37-448d-8d57-43d254561693:group-21D390036BC2 changes role from null to FOLLOWER at term 0 for startAsFollower
2019-09-19 14:04:54,848 [pool-58-thread-1] INFO  impl.RoleInfo (RoleInfo.java:updateAndGet(143)) - dcc77c7b-1d37-448d-8d57-43d254561693: start FollowerState
2019-09-19 14:04:54,849 [pool-58-thread-1] INFO  util.JmxRegister (JmxRegister.java:tryRegister(44)) - Successfully registered JMX Bean with object name Ratis:service=RaftServer,group=group-21D390036BC2,id=dcc77c7b-1d37-448d-8d57-43d254561693
2019-09-19 14:04:54,850 [RatisPipelineUtilsThread] INFO  pipeline.PipelineStateManager (PipelineStateManager.java:addPipeline(56)) - Created pipeline Pipeline[ Id: 1159bca9-524c-46c2-9711-21d390036bc2, Nodes: dcc77c7b-1d37-448d-8d57-43d254561693{ip: 192.168.157.226, host: pr-hdds-1569-swxfz-3172132826, networkLocation: /default-rack, certSerialId: null}, Type:RATIS, Factor:ONE, State:OPEN]
2019-09-19 14:04:54,852 [grpc-default-executor-1] INFO  impl.RaftServerProxy (RaftServerProxy.java:addNew(89)) - dcc77c7b-1d37-448d-8d57-43d254561693: addNew group-64275F144400:[dcc77c7b-1d37-448d-8d57-43d254561693:192.168.157.226:34527] returns group-64275F144400:java.util.concurrent.CompletableFuture@7b843fc6[Not completed]
2019-09-19 14:04:54,853 [pool-58-thread-1] INFO  impl.RaftServerImpl (RaftServerImpl.java:<init>(93)) - dcc77c7b-1d37-448d-8d57-43d254561693: new RaftServerImpl for group-64275F144400:[dcc77c7b-1d37-448d-8d57-43d254561693:192.168.157.226:34527] with ContainerStateMachine:uninitialized
2019-09-19 14:04:54,853 [pool-58-thread-1] INFO  server.RaftServerConfigKeys (ConfUtils.java:logGet(43)) - raft.server.rpc.timeout.min = 5s (custom)
2019-09-19 14:04:54,853 [pool-58-thread-1] INFO  server.RaftServerConfigKeys (ConfUtils.java:logGet(43)) - raft.server.rpc.timeout.max = 5200ms (custom)
2019-09-19 14:04:54,853 [pool-58-thread-1] INFO  server.RaftServerConfigKeys (ConfUtils.java:logGet(43)) - raft.server.rpcslowness.timeout = 120s (custom)
2019-09-19 14:04:54,853 [pool-58-thread-1] INFO  server.RaftServerConfigKeys (ConfUtils.java:logGet(43)) - raft.server.sleep.deviation.threshold = 300 (default)
2019-09-19 14:04:54,854 [pool-58-thread-1] INFO  server.RaftServerConfigKeys (ConfUtils.java:logGet(43)) - raft.server.log.appender.install.snapshot.enabled = false (custom)
2019-09-19 14:04:54,854 [pool-58-thread-1] INFO  impl.RaftServerImpl (ServerState.java:<init>(105)) - dcc77c7b-1d37-448d-8d57-43d254561693:group-64275F144400 ConfigurationManager, init=-1: [dcc77c7b-1d37-448d-8d57-43d254561693:192.168.157.226:34527], old=null, confs=<EMPTY_MAP>
2019-09-19 14:04:54,854 [pool-58-thread-1] INFO  server.RaftServerConfigKeys (ConfUtils.java:logGet(43)) - raft.server.storage.dir = [/workdir/hadoop-ozone/integration-test/target/test-dir/MiniOzoneClusterImpl-3b2755de-4cfe-4b43-9e0d-73dd8eda8f75/datanode-0/data/ratis] (custom)
2019-09-19 14:04:54,855 [pool-58-thread-1] INFO  storage.RaftStorageDirectory (RaftStorageDirectory.java:analyzeStorage(246)) - The storage directory /workdir/hadoop-ozone/integration-test/target/test-dir/MiniOzoneClusterImpl-3b2755de-4cfe-4b43-9e0d-73dd8eda8f75/datanode-0/data/ratis/c540818c-2b50-43ba-b2f1-64275f144400 does not exist. Creating ...
2019-09-19 14:04:54,870 [pool-58-thread-1] INFO  storage.RaftStorageDirectory (RaftStorageDirectory.java:tryLock(328)) - Lock on /workdir/hadoop-ozone/integration-test/target/test-dir/MiniOzoneClusterImpl-3b2755de-4cfe-4b43-9e0d-73dd8eda8f75/datanode-0/data/ratis/c540818c-2b50-43ba-b2f1-64275f144400/in_use.lock acquired by nodename 30982@pr-hdds-1569-swxfz-3172132826
2019-09-19 14:04:54,870 [dcc77c7b-1d37-448d-8d57-43d254561693:group-A3CC61AEFF87:LeaderElection548] INFO  impl.LeaderElection (LeaderElection.java:askForVotes(181)) - dcc77c7b-1d37-448d-8d57-43d254561693:group-A3CC61AEFF87:LeaderElection548: begin an election at term 1 for -1: [dcc77c7b-1d37-448d-8d57-43d254561693:192.168.157.226:34527], old=null
2019-09-19 14:04:54,870 [dcc77c7b-1d37-448d-8d57-43d254561693:group-A3CC61AEFF87:LeaderElection548] INFO  impl.RoleInfo (RoleInfo.java:shutdownLeaderElection(134)) - dcc77c7b-1d37-448d-8d57-43d254561693: shutdown LeaderElection
2019-09-19 14:04:54,870 [dcc77c7b-1d37-448d-8d57-43d254561693:group-A3CC61AEFF87:LeaderElection548] INFO  impl.RaftServerImpl (RaftServerImpl.java:setRole(171)) - dcc77c7b-1d37-448d-8d57-43d254561693:group-A3CC61AEFF87 changes role from CANDIDATE to LEADER at term 1 for changeToLeader
2019-09-19 14:04:54,870 [dcc77c7b-1d37-448d-8d57-43d254561693:group-A3CC61AEFF87:LeaderElection548] INFO  impl.RaftServerImpl (ServerState.java:setLeader(263)) - dcc77c7b-1d37-448d-8d57-43d254561693:group-A3CC61AEFF87 change Leader from null to dcc77c7b-1d37-448d-8d57-43d254561693 at term 1 for becomeLeader, leader elected after 5066ms
2019-09-19 14:04:54,871 [dcc77c7b-1d37-448d-8d57-43d254561693:group-A3CC61AEFF87:LeaderElection548] INFO  server.RaftServerConfigKeys (ConfUtils.java:logGet(43)) - raft.server.staging.catchup.gap = 1000 (default)
2019-09-19 14:04:54,871 [dcc77c7b-1d37-448d-8d57-43d254561693:group-A3CC61AEFF87:LeaderElection548] INFO  server.RaftServerConfigKeys (ConfUtils.java:logGet(43)) - raft.server.rpc.sleep.time = 25ms (default)
2019-09-19 14:04:54,871 [dcc77c7b-1d37-448d-8d57-43d254561693:group-A3CC61AEFF87:LeaderElection548] INFO  server.RaftServerConfigKeys (ConfUtils.java:logGet(43)) - raft.server.write.element-limit = 4096 (default)
2019-09-19 14:04:54,871 [dcc77c7b-1d37-448d-8d57-43d254561693:group-A3CC61AEFF87:LeaderElection548] INFO  server.RaftServerConfigKeys (ConfUtils.java:logGet(43)) - raft.server.watch.timeout = 10s (default)
2019-09-19 14:04:54,871 [dcc77c7b-1d37-448d-8d57-43d254561693:group-A3CC61AEFF87:LeaderElection548] INFO  server.RaftServerConfigKeys (ConfUtils.java:logGet(43)) - raft.server.watch.timeout.denomination = 1s (default)
2019-09-19 14:04:54,871 [dcc77c7b-1d37-448d-8d57-43d254561693:group-A3CC61AEFF87:LeaderElection548] INFO  server.RaftServerConfigKeys (ConfUtils.java:logGet(43)) - raft.server.watch.element-limit = 65536 (default)
2019-09-19 14:04:54,871 [dcc77c7b-1d37-448d-8d57-43d254561693:group-A3CC61AEFF87:LeaderElection548] INFO  impl.RoleInfo (RoleInfo.java:updateAndGet(143)) - dcc77c7b-1d37-448d-8d57-43d254561693: start LeaderState
2019-09-19 14:04:54,872 [dcc77c7b-1d37-448d-8d57-43d254561693:group-A3CC61AEFF87:LeaderElection548] INFO  segmented.SegmentedRaftLogWorker (SegmentedRaftLogWorker.java:startLogSegment(380)) - dcc77c7b-1d37-448d-8d57-43d254561693-SegmentedRaftLogWorker:Storage Directory /workdir/hadoop-ozone/integration-test/target/test-dir/MiniOzoneClusterImpl-3b2755de-4cfe-4b43-9e0d-73dd8eda8f75/datanode-0/data/ratis/de83de8e-22df-4e2d-9557-a3cc61aeff87: Starting segment from index:0
2019-09-19 14:04:54,872 [dcc77c7b-1d37-448d-8d57-43d254561693:group-A3CC61AEFF87:LeaderElection548] INFO  impl.RaftServerImpl (ServerState.java:setRaftConf(361)) - dcc77c7b-1d37-448d-8d57-43d254561693:group-A3CC61AEFF87 set configuration 0: [dcc77c7b-1d37-448d-8d57-43d254561693:192.168.157.226:34527], old=null at 0
2019-09-19 14:04:54,882 [Thread-4091] INFO  impl.FollowerState (FollowerState.java:run(106)) - dcc77c7b-1d37-448d-8d57-43d254561693:group-0902E0428BAC changes to CANDIDATE, lastRpcTime:5109, electionTimeout:5109ms
2019-09-19 14:04:54,882 [Thread-4091] INFO  impl.RoleInfo (RoleInfo.java:shutdownFollowerState(121)) - dcc77c7b-1d37-448d-8d57-43d254561693: shutdown FollowerState
2019-09-19 14:04:54,882 [Thread-4091] INFO  impl.RaftServerImpl (RaftServerImpl.java:setRole(171)) - dcc77c7b-1d37-448d-8d57-43d254561693:group-0902E0428BAC changes role from FOLLOWER to CANDIDATE at term 0 for changeToCandidate
2019-09-19 14:04:54,882 [Thread-4091] INFO  impl.RoleInfo (RoleInfo.java:updateAndGet(143)) - dcc77c7b-1d37-448d-8d57-43d254561693: start LeaderElection
2019-09-19 14:04:54,883 [pool-58-thread-1] INFO  storage.RaftStorage (RaftStorage.java:format(72)) - Storage directory /workdir/hadoop-ozone/integration-test/target/test-dir/MiniOzoneClusterImpl-3b2755de-4cfe-4b43-9e0d-73dd8eda8f75/datanode-0/data/ratis/c540818c-2b50-43ba-b2f1-64275f144400 has been successfully formatted.
2019-09-19 14:04:54,883 [pool-58-thread-1] INFO  ratis.ContainerStateMachine (ContainerStateMachine.java:loadSnapshot(226)) - group-64275F144400: The snapshot info is null. Setting the last applied indexto:(t:0, i:~)
2019-09-19 14:04:54,883 [pool-58-thread-1] INFO  server.RaftServerConfigKeys (ConfUtils.java:logGet(43)) - raft.server.leader.election.timeout = 120s (custom)
2019-09-19 14:04:54,883 [pool-58-thread-1] INFO  server.RaftServerConfigKeys (ConfUtils.java:logGet(43)) - raft.server.log.use.memory = false (default)
2019-09-19 14:04:54,883 [pool-58-thread-1] INFO  server.RaftServerConfigKeys (ConfUtils.java:logGet(43)) - raft.server.log.purge.gap = 1000000 (custom)
2019-09-19 14:04:54,883 [pool-58-thread-1] INFO  server.RaftServerConfigKeys (ConfUtils.java:logGet(43)) - raft.server.log.appender.buffer.byte-limit = 33554432 (custom)
2019-09-19 14:04:54,884 [pool-58-thread-1] INFO  server.RaftServerConfigKeys (ConfUtils.java:logGet(43)) - raft.server.log.segment.size.max = 1048576 (custom)
2019-09-19 14:04:54,884 [pool-58-thread-1] INFO  server.RaftServerConfigKeys (ConfUtils.java:logGet(43)) - raft.server.log.segment.cache.num.max = 2 (custom)
2019-09-19 14:04:54,884 [pool-58-thread-1] INFO  segmented.SegmentedRaftLogWorker (SegmentedRaftLogWorker.java:<init>(172)) - new dcc77c7b-1d37-448d-8d57-43d254561693-SegmentedRaftLogWorker:Storage Directory /workdir/hadoop-ozone/integration-test/target/test-dir/MiniOzoneClusterImpl-3b2755de-4cfe-4b43-9e0d-73dd8eda8f75/datanode-0/data/ratis/c540818c-2b50-43ba-b2f1-64275f144400 for RaftStorage:Storage Directory /workdir/hadoop-ozone/integration-test/target/test-dir/MiniOzoneClusterImpl-3b2755de-4cfe-4b43-9e0d-73dd8eda8f75/datanode-0/data/ratis/c540818c-2b50-43ba-b2f1-64275f144400
2019-09-19 14:04:54,884 [pool-58-thread-1] INFO  server.RaftServerConfigKeys (ConfUtils.java:logGet(43)) - raft.server.log.queue.byte-limit = 2147483647 (custom)
2019-09-19 14:04:54,884 [pool-58-thread-1] INFO  server.RaftServerConfigKeys (ConfUtils.java:logGet(43)) - raft.server.log.queue.element-limit = 1024 (custom)
2019-09-19 14:04:54,884 [pool-58-thread-1] INFO  server.RaftServerConfigKeys (ConfUtils.java:logGet(43)) - raft.server.log.segment.size.max = 1048576 (custom)
2019-09-19 14:04:54,884 [pool-58-thread-1] INFO  server.RaftServerConfigKeys (ConfUtils.java:logGet(43)) - raft.server.log.preallocated.size = 16384 (custom)
2019-09-19 14:04:54,884 [pool-58-thread-1] INFO  server.RaftServerConfigKeys (ConfUtils.java:logGet(43)) - raft.server.log.write.buffer.size = 33554432 (custom)
2019-09-19 14:04:54,884 [pool-58-thread-1] INFO  server.RaftServerConfigKeys (ConfUtils.java:logGet(43)) - raft.server.log.force.sync.num = 128 (default)
2019-09-19 14:04:54,885 [pool-58-thread-1] INFO  server.RaftServerConfigKeys (ConfUtils.java:logGet(43)) - raft.server.log.statemachine.data.sync = true (default)
2019-09-19 14:04:54,885 [pool-58-thread-1] INFO  server.RaftServerConfigKeys (ConfUtils.java:logGet(43)) - raft.server.log.statemachine.data.sync.timeout = 10s (default)
2019-09-19 14:04:54,885 [dcc77c7b-1d37-448d-8d57-43d254561693:group-0902E0428BAC:LeaderElection549] INFO  impl.LeaderElection (LeaderElection.java:askForVotes(181)) - dcc77c7b-1d37-448d-8d57-43d254561693:group-0902E0428BAC:LeaderElection549: begin an election at term 1 for -1: [dcc77c7b-1d37-448d-8d57-43d254561693:192.168.157.226:34527], old=null
2019-09-19 14:04:54,885 [dcc77c7b-1d37-448d-8d57-43d254561693:group-0902E0428BAC:LeaderElection549] INFO  impl.RoleInfo (RoleInfo.java:shutdownLeaderElection(134)) - dcc77c7b-1d37-448d-8d57-43d254561693: shutdown LeaderElection
2019-09-19 14:04:54,885 [dcc77c7b-1d37-448d-8d57-43d254561693:group-0902E0428BAC:LeaderElection549] INFO  impl.RaftServerImpl (RaftServerImpl.java:setRole(171)) - dcc77c7b-1d37-448d-8d57-43d254561693:group-0902E0428BAC changes role from CANDIDATE to LEADER at term 1 for changeToLeader
2019-09-19 14:04:54,885 [dcc77c7b-1d37-448d-8d57-43d254561693:group-0902E0428BAC:LeaderElection549] INFO  impl.RaftServerImpl (ServerState.java:setLeader(263)) - dcc77c7b-1d37-448d-8d57-43d254561693:group-0902E0428BAC change Leader from null to dcc77c7b-1d37-448d-8d57-43d254561693 at term 1 for becomeLeader, leader elected after 5116ms
2019-09-19 14:04:54,885 [pool-58-thread-1] INFO  server.RaftServerConfigKeys (ConfUtils.java:logGet(43)) - raft.server.log.statemachine.data.sync.timeout.retry = -1 (default)
2019-09-19 14:04:54,885 [dcc77c7b-1d37-448d-8d57-43d254561693:group-0902E0428BAC:LeaderElection549] INFO  server.RaftServerConfigKeys (ConfUtils.java:logGet(43)) - raft.server.staging.catchup.gap = 1000 (default)
2019-09-19 14:04:54,885 [dcc77c7b-1d37-448d-8d57-43d254561693:group-0902E0428BAC:LeaderElection549] INFO  server.RaftServerConfigKeys (ConfUtils.java:logGet(43)) - raft.server.rpc.sleep.time = 25ms (default)
2019-09-19 14:04:54,885 [pool-58-thread-1] INFO  server.RaftServerConfigKeys (ConfUtils.java:logGet(43)) - raft.server.log.statemachine.data.caching.enabled = true (custom)
2019-09-19 14:04:54,885 [Thread-4103] INFO  impl.FollowerState (FollowerState.java:run(106)) - dcc77c7b-1d37-448d-8d57-43d254561693:group-C631AF6B090C changes to CANDIDATE, lastRpcTime:5003, electionTimeout:5003ms
2019-09-19 14:04:54,885 [dcc77c7b-1d37-448d-8d57-43d254561693:group-0902E0428BAC:LeaderElection549] INFO  server.RaftServerConfigKeys (ConfUtils.java:logGet(43)) - raft.server.write.element-limit = 4096 (default)
2019-09-19 14:04:54,886 [Thread-4103] INFO  impl.RoleInfo (RoleInfo.java:shutdownFollowerState(121)) - dcc77c7b-1d37-448d-8d57-43d254561693: shutdown FollowerState
2019-09-19 14:04:54,886 [pool-58-thread-1] INFO  segmented.SegmentedRaftLogWorker (SegmentedRaftLogWorker.java:lambda$new$0(132)) - dcc77c7b-1d37-448d-8d57-43d254561693-SegmentedRaftLogWorker:Storage Directory /workdir/hadoop-ozone/integration-test/target/test-dir/MiniOzoneClusterImpl-3b2755de-4cfe-4b43-9e0d-73dd8eda8f75/datanode-0/data/ratis/c540818c-2b50-43ba-b2f1-64275f144400: flushIndex: setUnconditionally 0 -> -1
2019-09-19 14:04:54,886 [Thread-4103] INFO  impl.RaftServerImpl (RaftServerImpl.java:setRole(171)) - dcc77c7b-1d37-448d-8d57-43d254561693:group-C631AF6B090C changes role from FOLLOWER to CANDIDATE at term 0 for changeToCandidate
2019-09-19 14:04:54,886 [dcc77c7b-1d37-448d-8d57-43d254561693:group-0902E0428BAC:LeaderElection549] INFO  server.RaftServerConfigKeys (ConfUtils.java:logGet(43)) - raft.server.watch.timeout = 10s (default)
2019-09-19 14:04:54,886 [pool-58-thread-1] INFO  server.RaftServerConfigKeys (ConfUtils.java:logGet(43)) - raft.server.snapshot.auto.trigger.enabled = true (custom)
2019-09-19 14:04:54,886 [Thread-4103] INFO  impl.RoleInfo (RoleInfo.java:updateAndGet(143)) - dcc77c7b-1d37-448d-8d57-43d254561693: start LeaderElection
2019-09-19 14:04:54,886 [pool-58-thread-1] INFO  server.RaftServerConfigKeys (ConfUtils.java:logGet(43)) - raft.server.snapshot.auto.trigger.threshold = 1 (custom)
2019-09-19 14:04:54,886 [dcc77c7b-1d37-448d-8d57-43d254561693:group-0902E0428BAC:LeaderElection549] INFO  server.RaftServerConfigKeys (ConfUtils.java:logGet(43)) - raft.server.watch.timeout.denomination = 1s (default)
2019-09-19 14:04:54,887 [pool-58-thread-1] INFO  server.RaftServerConfigKeys (ConfUtils.java:logGet(43)) - raft.server.retrycache.expirytime = 600000ms (custom)
2019-09-19 14:04:54,887 [dcc77c7b-1d37-448d-8d57-43d254561693:group-0902E0428BAC:LeaderElection549] INFO  server.RaftServerConfigKeys (ConfUtils.java:logGet(43)) - raft.server.watch.element-limit = 65536 (default)
2019-09-19 14:04:54,887 [pool-58-thread-1] INFO  impl.RaftServerImpl (RaftServerImpl.java:start(180)) - dcc77c7b-1d37-448d-8d57-43d254561693: start group-64275F144400
2019-09-19 14:04:54,887 [dcc77c7b-1d37-448d-8d57-43d254561693:group-0902E0428BAC:LeaderElection549] INFO  impl.RoleInfo (RoleInfo.java:updateAndGet(143)) - dcc77c7b-1d37-448d-8d57-43d254561693: start LeaderState
2019-09-19 14:04:54,887 [pool-58-thread-1] INFO  impl.RaftServerImpl (RaftServerImpl.java:setRole(171)) - dcc77c7b-1d37-448d-8d57-43d254561693:group-64275F144400 changes role from null to FOLLOWER at term 0 for startAsFollower
2019-09-19 14:04:54,887 [pool-58-thread-1] INFO  impl.RoleInfo (RoleInfo.java:updateAndGet(143)) - dcc77c7b-1d37-448d-8d57-43d254561693: start FollowerState
2019-09-19 14:04:54,887 [dcc77c7b-1d37-448d-8d57-43d254561693:group-0902E0428BAC:LeaderElection549] INFO  segmented.SegmentedRaftLogWorker (SegmentedRaftLogWorker.java:startLogSegment(380)) - dcc77c7b-1d37-448d-8d57-43d254561693-SegmentedRaftLogWorker:Storage Directory /workdir/hadoop-ozone/integration-test/target/test-dir/MiniOzoneClusterImpl-3b2755de-4cfe-4b43-9e0d-73dd8eda8f75/datanode-0/data/ratis/498ea860-ba6b-4dd0-abfa-0902e0428bac: Starting segment from index:0
2019-09-19 14:04:54,888 [pool-58-thread-1] INFO  util.JmxRegister (JmxRegister.java:tryRegister(44)) - Successfully registered JMX Bean with object name Ratis:service=RaftServer,group=group-64275F144400,id=dcc77c7b-1d37-448d-8d57-43d254561693
2019-09-19 14:04:54,888 [dcc77c7b-1d37-448d-8d57-43d254561693:group-0902E0428BAC:LeaderElection549] INFO  impl.RaftServerImpl (ServerState.java:setRaftConf(361)) - dcc77c7b-1d37-448d-8d57-43d254561693:group-0902E0428BAC set configuration 0: [dcc77c7b-1d37-448d-8d57-43d254561693:192.168.157.226:34527], old=null at 0
2019-09-19 14:04:54,889 [RatisPipelineUtilsThread] INFO  pipeline.PipelineStateManager (PipelineStateManager.java:addPipeline(56)) - Created pipeline Pipeline[ Id: c540818c-2b50-43ba-b2f1-64275f144400, Nodes: dcc77c7b-1d37-448d-8d57-43d254561693{ip: 192.168.157.226, host: pr-hdds-1569-swxfz-3172132826, networkLocation: /default-rack, certSerialId: null}, Type:RATIS, Factor:ONE, State:OPEN]
2019-09-19 14:04:54,892 [grpc-default-executor-1] INFO  impl.RaftServerProxy (RaftServerProxy.java:addNew(89)) - dcc77c7b-1d37-448d-8d57-43d254561693: addNew group-0720468DC241:[dcc77c7b-1d37-448d-8d57-43d254561693:192.168.157.226:34527] returns group-0720468DC241:java.util.concurrent.CompletableFuture@52e7a760[Not completed]
2019-09-19 14:04:54,892 [pool-58-thread-1] INFO  impl.RaftServerImpl (RaftServerImpl.java:<init>(93)) - dcc77c7b-1d37-448d-8d57-43d254561693: new RaftServerImpl for group-0720468DC241:[dcc77c7b-1d37-448d-8d57-43d254561693:192.168.157.226:34527] with ContainerStateMachine:uninitialized
2019-09-19 14:04:54,892 [pool-58-thread-1] INFO  server.RaftServerConfigKeys (ConfUtils.java:logGet(43)) - raft.server.rpc.timeout.min = 5s (custom)
2019-09-19 14:04:54,892 [pool-58-thread-1] INFO  server.RaftServerConfigKeys (ConfUtils.java:logGet(43)) - raft.server.rpc.timeout.max = 5200ms (custom)
2019-09-19 14:04:54,893 [pool-58-thread-1] INFO  server.RaftServerConfigKeys (ConfUtils.java:logGet(43)) - raft.server.rpcslowness.timeout = 120s (custom)
2019-09-19 14:04:54,893 [pool-58-thread-1] INFO  server.RaftServerConfigKeys (ConfUtils.java:logGet(43)) - raft.server.sleep.deviation.threshold = 300 (default)
2019-09-19 14:04:54,893 [pool-58-thread-1] INFO  server.RaftServerConfigKeys (ConfUtils.java:logGet(43)) - raft.server.log.appender.install.snapshot.enabled = false (custom)
2019-09-19 14:04:54,893 [pool-58-thread-1] INFO  impl.RaftServerImpl (ServerState.java:<init>(105)) - dcc77c7b-1d37-448d-8d57-43d254561693:group-0720468DC241 ConfigurationManager, init=-1: [dcc77c7b-1d37-448d-8d57-43d254561693:192.168.157.226:34527], old=null, confs=<EMPTY_MAP>
2019-09-19 14:04:54,893 [pool-58-thread-1] INFO  server.RaftServerConfigKeys (ConfUtils.java:logGet(43)) - raft.server.storage.dir = [/workdir/hadoop-ozone/integration-test/target/test-dir/MiniOzoneClusterImpl-3b2755de-4cfe-4b43-9e0d-73dd8eda8f75/datanode-0/data/ratis] (custom)
2019-09-19 14:04:54,894 [pool-58-thread-1] INFO  storage.RaftStorageDirectory (RaftStorageDirectory.java:analyzeStorage(246)) - The storage directory /workdir/hadoop-ozone/integration-test/target/test-dir/MiniOzoneClusterImpl-3b2755de-4cfe-4b43-9e0d-73dd8eda8f75/datanode-0/data/ratis/410ad5bb-46a8-4664-b279-0720468dc241 does not exist. Creating ...
2019-09-19 14:04:54,912 [pool-58-thread-1] INFO  storage.RaftStorageDirectory (RaftStorageDirectory.java:tryLock(328)) - Lock on /workdir/hadoop-ozone/integration-test/target/test-dir/MiniOzoneClusterImpl-3b2755de-4cfe-4b43-9e0d-73dd8eda8f75/datanode-0/data/ratis/410ad5bb-46a8-4664-b279-0720468dc241/in_use.lock acquired by nodename 30982@pr-hdds-1569-swxfz-3172132826
2019-09-19 14:04:54,912 [dcc77c7b-1d37-448d-8d57-43d254561693:group-C631AF6B090C:LeaderElection550] INFO  impl.LeaderElection (LeaderElection.java:askForVotes(181)) - dcc77c7b-1d37-448d-8d57-43d254561693:group-C631AF6B090C:LeaderElection550: begin an election at term 1 for -1: [dcc77c7b-1d37-448d-8d57-43d254561693:192.168.157.226:34527], old=null
2019-09-19 14:04:54,912 [dcc77c7b-1d37-448d-8d57-43d254561693:group-C631AF6B090C:LeaderElection550] INFO  impl.RoleInfo (RoleInfo.java:shutdownLeaderElection(134)) - dcc77c7b-1d37-448d-8d57-43d254561693: shutdown LeaderElection
2019-09-19 14:04:54,912 [dcc77c7b-1d37-448d-8d57-43d254561693:group-C631AF6B090C:LeaderElection550] INFO  impl.RaftServerImpl (RaftServerImpl.java:setRole(171)) - dcc77c7b-1d37-448d-8d57-43d254561693:group-C631AF6B090C changes role from CANDIDATE to LEADER at term 1 for changeToLeader
2019-09-19 14:04:54,912 [dcc77c7b-1d37-448d-8d57-43d254561693:group-C631AF6B090C:LeaderElection550] INFO  impl.RaftServerImpl (ServerState.java:setLeader(263)) - dcc77c7b-1d37-448d-8d57-43d254561693:group-C631AF6B090C change Leader from null to dcc77c7b-1d37-448d-8d57-43d254561693 at term 1 for becomeLeader, leader elected after 5033ms
2019-09-19 14:04:54,913 [dcc77c7b-1d37-448d-8d57-43d254561693:group-C631AF6B090C:LeaderElection550] INFO  server.RaftServerConfigKeys (ConfUtils.java:logGet(43)) - raft.server.staging.catchup.gap = 1000 (default)
2019-09-19 14:04:54,913 [dcc77c7b-1d37-448d-8d57-43d254561693:group-C631AF6B090C:LeaderElection550] INFO  server.RaftServerConfigKeys (ConfUtils.java:logGet(43)) - raft.server.rpc.sleep.time = 25ms (default)
2019-09-19 14:04:54,913 [dcc77c7b-1d37-448d-8d57-43d254561693:group-C631AF6B090C:LeaderElection550] INFO  server.RaftServerConfigKeys (ConfUtils.java:logGet(43)) - raft.server.write.element-limit = 4096 (default)
2019-09-19 14:04:54,913 [dcc77c7b-1d37-448d-8d57-43d254561693:group-C631AF6B090C:LeaderElection550] INFO  server.RaftServerConfigKeys (ConfUtils.java:logGet(43)) - raft.server.watch.timeout = 10s (default)
2019-09-19 14:04:54,913 [dcc77c7b-1d37-448d-8d57-43d254561693:group-C631AF6B090C:LeaderElection550] INFO  server.RaftServerConfigKeys (ConfUtils.java:logGet(43)) - raft.server.watch.timeout.denomination = 1s (default)
2019-09-19 14:04:54,913 [dcc77c7b-1d37-448d-8d57-43d254561693:group-C631AF6B090C:LeaderElection550] INFO  server.RaftServerConfigKeys (ConfUtils.java:logGet(43)) - raft.server.watch.element-limit = 65536 (default)
2019-09-19 14:04:54,913 [dcc77c7b-1d37-448d-8d57-43d254561693:group-C631AF6B090C:LeaderElection550] INFO  impl.RoleInfo (RoleInfo.java:updateAndGet(143)) - dcc77c7b-1d37-448d-8d57-43d254561693: start LeaderState
2019-09-19 14:04:54,914 [dcc77c7b-1d37-448d-8d57-43d254561693:group-C631AF6B090C:LeaderElection550] INFO  segmented.SegmentedRaftLogWorker (SegmentedRaftLogWorker.java:startLogSegment(380)) - dcc77c7b-1d37-448d-8d57-43d254561693-SegmentedRaftLogWorker:Storage Directory /workdir/hadoop-ozone/integration-test/target/test-dir/MiniOzoneClusterImpl-3b2755de-4cfe-4b43-9e0d-73dd8eda8f75/datanode-0/data/ratis/418cc7e3-7f3f-4a25-8e55-c631af6b090c: Starting segment from index:0
2019-09-19 14:04:54,914 [dcc77c7b-1d37-448d-8d57-43d254561693-SegmentedRaftLogWorker:Storage Directory /workdir/hadoop-ozone/integration-test/target/test-dir/MiniOzoneClusterImpl-3b2755de-4cfe-4b43-9e0d-73dd8eda8f75/datanode-0/data/ratis/de83de8e-22df-4e2d-9557-a3cc61aeff87] INFO  segmented.SegmentedRaftLogWorker (SegmentedRaftLogWorker.java:execute(569)) - dcc77c7b-1d37-448d-8d57-43d254561693-SegmentedRaftLogWorker:Storage Directory /workdir/hadoop-ozone/integration-test/target/test-dir/MiniOzoneClusterImpl-3b2755de-4cfe-4b43-9e0d-73dd8eda8f75/datanode-0/data/ratis/de83de8e-22df-4e2d-9557-a3cc61aeff87: created new log segment /workdir/hadoop-ozone/integration-test/target/test-dir/MiniOzoneClusterImpl-3b2755de-4cfe-4b43-9e0d-73dd8eda8f75/datanode-0/data/ratis/de83de8e-22df-4e2d-9557-a3cc61aeff87/current/log_inprogress_0
2019-09-19 14:04:54,914 [dcc77c7b-1d37-448d-8d57-43d254561693:group-C631AF6B090C:LeaderElection550] INFO  impl.RaftServerImpl (ServerState.java:setRaftConf(361)) - dcc77c7b-1d37-448d-8d57-43d254561693:group-C631AF6B090C set configuration 0: [dcc77c7b-1d37-448d-8d57-43d254561693:192.168.157.226:34527], old=null at 0
2019-09-19 14:04:54,916 [pool-58-thread-1] INFO  storage.RaftStorage (RaftStorage.java:format(72)) - Storage directory /workdir/hadoop-ozone/integration-test/target/test-dir/MiniOzoneClusterImpl-3b2755de-4cfe-4b43-9e0d-73dd8eda8f75/datanode-0/data/ratis/410ad5bb-46a8-4664-b279-0720468dc241 has been successfully formatted.
2019-09-19 14:04:54,917 [pool-58-thread-1] INFO  ratis.ContainerStateMachine (ContainerStateMachine.java:loadSnapshot(226)) - group-0720468DC241: The snapshot info is null. Setting the last applied indexto:(t:0, i:~)
2019-09-19 14:04:54,917 [pool-58-thread-1] INFO  server.RaftServerConfigKeys (ConfUtils.java:logGet(43)) - raft.server.leader.election.timeout = 120s (custom)
2019-09-19 14:04:54,917 [pool-58-thread-1] INFO  server.RaftServerConfigKeys (ConfUtils.java:logGet(43)) - raft.server.log.use.memory = false (default)
2019-09-19 14:04:54,917 [pool-58-thread-1] INFO  server.RaftServerConfigKeys (ConfUtils.java:logGet(43)) - raft.server.log.purge.gap = 1000000 (custom)
2019-09-19 14:04:54,917 [pool-58-thread-1] INFO  server.RaftServerConfigKeys (ConfUtils.java:logGet(43)) - raft.server.log.appender.buffer.byte-limit = 33554432 (custom)
2019-09-19 14:04:54,917 [pool-58-thread-1] INFO  server.RaftServerConfigKeys (ConfUtils.java:logGet(43)) - raft.server.log.segment.size.max = 1048576 (custom)
2019-09-19 14:04:54,917 [pool-58-thread-1] INFO  server.RaftServerConfigKeys (ConfUtils.java:logGet(43)) - raft.server.log.segment.cache.num.max = 2 (custom)
2019-09-19 14:04:54,917 [pool-58-thread-1] INFO  segmented.SegmentedRaftLogWorker (SegmentedRaftLogWorker.java:<init>(172)) - new dcc77c7b-1d37-448d-8d57-43d254561693-SegmentedRaftLogWorker:Storage Directory /workdir/hadoop-ozone/integration-test/target/test-dir/MiniOzoneClusterImpl-3b2755de-4cfe-4b43-9e0d-73dd8eda8f75/datanode-0/data/ratis/410ad5bb-46a8-4664-b279-0720468dc241 for RaftStorage:Storage Directory /workdir/hadoop-ozone/integration-test/target/test-dir/MiniOzoneClusterImpl-3b2755de-4cfe-4b43-9e0d-73dd8eda8f75/datanode-0/data/ratis/410ad5bb-46a8-4664-b279-0720468dc241
2019-09-19 14:04:54,917 [pool-58-thread-1] INFO  server.RaftServerConfigKeys (ConfUtils.java:logGet(43)) - raft.server.log.queue.byte-limit = 2147483647 (custom)
2019-09-19 14:04:54,917 [pool-58-thread-1] INFO  server.RaftServerConfigKeys (ConfUtils.java:logGet(43)) - raft.server.log.queue.element-limit = 1024 (custom)
2019-09-19 14:04:54,918 [pool-58-thread-1] INFO  server.RaftServerConfigKeys (ConfUtils.java:logGet(43)) - raft.server.log.segment.size.max = 1048576 (custom)
2019-09-19 14:04:54,918 [pool-58-thread-1] INFO  server.RaftServerConfigKeys (ConfUtils.java:logGet(43)) - raft.server.log.preallocated.size = 16384 (custom)
2019-09-19 14:04:54,918 [pool-58-thread-1] INFO  server.RaftServerConfigKeys (ConfUtils.java:logGet(43)) - raft.server.log.write.buffer.size = 33554432 (custom)
2019-09-19 14:04:54,918 [pool-58-thread-1] INFO  server.RaftServerConfigKeys (ConfUtils.java:logGet(43)) - raft.server.log.force.sync.num = 128 (default)
2019-09-19 14:04:54,918 [pool-58-thread-1] INFO  server.RaftServerConfigKeys (ConfUtils.java:logGet(43)) - raft.server.log.statemachine.data.sync = true (default)
2019-09-19 14:04:54,918 [pool-58-thread-1] INFO  server.RaftServerConfigKeys (ConfUtils.java:logGet(43)) - raft.server.log.statemachine.data.sync.timeout = 10s (default)
2019-09-19 14:04:54,918 [pool-58-thread-1] INFO  server.RaftServerConfigKeys (ConfUtils.java:logGet(43)) - raft.server.log.statemachine.data.sync.timeout.retry = -1 (default)
2019-09-19 14:04:54,918 [pool-58-thread-1] INFO  server.RaftServerConfigKeys (ConfUtils.java:logGet(43)) - raft.server.log.statemachine.data.caching.enabled = true (custom)
2019-09-19 14:04:54,918 [pool-58-thread-1] INFO  segmented.SegmentedRaftLogWorker (SegmentedRaftLogWorker.java:lambda$new$0(132)) - dcc77c7b-1d37-448d-8d57-43d254561693-SegmentedRaftLogWorker:Storage Directory /workdir/hadoop-ozone/integration-test/target/test-dir/MiniOzoneClusterImpl-3b2755de-4cfe-4b43-9e0d-73dd8eda8f75/datanode-0/data/ratis/410ad5bb-46a8-4664-b279-0720468dc241: flushIndex: setUnconditionally 0 -> -1
2019-09-19 14:04:54,919 [pool-58-thread-1] INFO  server.RaftServerConfigKeys (ConfUtils.java:logGet(43)) - raft.server.snapshot.auto.trigger.enabled = true (custom)
2019-09-19 14:04:54,919 [pool-58-thread-1] INFO  server.RaftServerConfigKeys (ConfUtils.java:logGet(43)) - raft.server.snapshot.auto.trigger.threshold = 1 (custom)
2019-09-19 14:04:54,919 [pool-58-thread-1] INFO  server.RaftServerConfigKeys (ConfUtils.java:logGet(43)) - raft.server.retrycache.expirytime = 600000ms (custom)
2019-09-19 14:04:54,919 [pool-58-thread-1] INFO  impl.RaftServerImpl (RaftServerImpl.java:start(180)) - dcc77c7b-1d37-448d-8d57-43d254561693: start group-0720468DC241
2019-09-19 14:04:54,919 [pool-58-thread-1] INFO  impl.RaftServerImpl (RaftServerImpl.java:setRole(171)) - dcc77c7b-1d37-448d-8d57-43d254561693:group-0720468DC241 changes role from null to FOLLOWER at term 0 for startAsFollower
2019-09-19 14:04:54,919 [pool-58-thread-1] INFO  impl.RoleInfo (RoleInfo.java:updateAndGet(143)) - dcc77c7b-1d37-448d-8d57-43d254561693: start FollowerState
2019-09-19 14:04:54,919 [pool-58-thread-1] INFO  util.JmxRegister (JmxRegister.java:tryRegister(44)) - Successfully registered JMX Bean with object name Ratis:service=RaftServer,group=group-0720468DC241,id=dcc77c7b-1d37-448d-8d57-43d254561693
2019-09-19 14:04:54,921 [RatisPipelineUtilsThread] INFO  pipeline.PipelineStateManager (PipelineStateManager.java:addPipeline(56)) - Created pipeline Pipeline[ Id: 410ad5bb-46a8-4664-b279-0720468dc241, Nodes: dcc77c7b-1d37-448d-8d57-43d254561693{ip: 192.168.157.226, host: pr-hdds-1569-swxfz-3172132826, networkLocation: /default-rack, certSerialId: null}, Type:RATIS, Factor:ONE, State:OPEN]
2019-09-19 14:04:54,921 [dcc77c7b-1d37-448d-8d57-43d254561693-SegmentedRaftLogWorker:Storage Directory /workdir/hadoop-ozone/integration-test/target/test-dir/MiniOzoneClusterImpl-3b2755de-4cfe-4b43-9e0d-73dd8eda8f75/datanode-0/data/ratis/498ea860-ba6b-4dd0-abfa-0902e0428bac] INFO  segmented.SegmentedRaftLogWorker (SegmentedRaftLogWorker.java:execute(569)) - dcc77c7b-1d37-448d-8d57-43d254561693-SegmentedRaftLogWorker:Storage Directory /workdir/hadoop-ozone/integration-test/target/test-dir/MiniOzoneClusterImpl-3b2755de-4cfe-4b43-9e0d-73dd8eda8f75/datanode-0/data/ratis/498ea860-ba6b-4dd0-abfa-0902e0428bac: created new log segment /workdir/hadoop-ozone/integration-test/target/test-dir/MiniOzoneClusterImpl-3b2755de-4cfe-4b43-9e0d-73dd8eda8f75/datanode-0/data/ratis/498ea860-ba6b-4dd0-abfa-0902e0428bac/current/log_inprogress_0
2019-09-19 14:04:54,923 [grpc-default-executor-1] INFO  impl.RaftServerProxy (RaftServerProxy.java:addNew(89)) - dcc77c7b-1d37-448d-8d57-43d254561693: addNew group-C91F44D9A055:[dcc77c7b-1d37-448d-8d57-43d254561693:192.168.157.226:34527] returns group-C91F44D9A055:java.util.concurrent.CompletableFuture@183d3b3e[Not completed]
2019-09-19 14:04:54,924 [pool-58-thread-1] INFO  impl.RaftServerImpl (RaftServerImpl.java:<init>(93)) - dcc77c7b-1d37-448d-8d57-43d254561693: new RaftServerImpl for group-C91F44D9A055:[dcc77c7b-1d37-448d-8d57-43d254561693:192.168.157.226:34527] with ContainerStateMachine:uninitialized
2019-09-19 14:04:54,924 [pool-58-thread-1] INFO  server.RaftServerConfigKeys (ConfUtils.java:logGet(43)) - raft.server.rpc.timeout.min = 5s (custom)
2019-09-19 14:04:54,924 [pool-58-thread-1] INFO  server.RaftServerConfigKeys (ConfUtils.java:logGet(43)) - raft.server.rpc.timeout.max = 5200ms (custom)
2019-09-19 14:04:54,924 [pool-58-thread-1] INFO  server.RaftServerConfigKeys (ConfUtils.java:logGet(43)) - raft.server.rpcslowness.timeout = 120s (custom)
2019-09-19 14:04:54,924 [pool-58-thread-1] INFO  server.RaftServerConfigKeys (ConfUtils.java:logGet(43)) - raft.server.sleep.deviation.threshold = 300 (default)
2019-09-19 14:04:54,924 [pool-58-thread-1] INFO  server.RaftServerConfigKeys (ConfUtils.java:logGet(43)) - raft.server.log.appender.install.snapshot.enabled = false (custom)
2019-09-19 14:04:54,924 [pool-58-thread-1] INFO  impl.RaftServerImpl (ServerState.java:<init>(105)) - dcc77c7b-1d37-448d-8d57-43d254561693:group-C91F44D9A055 ConfigurationManager, init=-1: [dcc77c7b-1d37-448d-8d57-43d254561693:192.168.157.226:34527], old=null, confs=<EMPTY_MAP>
2019-09-19 14:04:54,925 [pool-58-thread-1] INFO  server.RaftServerConfigKeys (ConfUtils.java:logGet(43)) - raft.server.storage.dir = [/workdir/hadoop-ozone/integration-test/target/test-dir/MiniOzoneClusterImpl-3b2755de-4cfe-4b43-9e0d-73dd8eda8f75/datanode-0/data/ratis] (custom)
2019-09-19 14:04:54,925 [pool-58-thread-1] INFO  storage.RaftStorageDirectory (RaftStorageDirectory.java:analyzeStorage(246)) - The storage directory /workdir/hadoop-ozone/integration-test/target/test-dir/MiniOzoneClusterImpl-3b2755de-4cfe-4b43-9e0d-73dd8eda8f75/datanode-0/data/ratis/ade16f6c-59b0-4717-88ca-c91f44d9a055 does not exist. Creating ...
2019-09-19 14:04:54,929 [pool-58-thread-1] INFO  storage.RaftStorageDirectory (RaftStorageDirectory.java:tryLock(328)) - Lock on /workdir/hadoop-ozone/integration-test/target/test-dir/MiniOzoneClusterImpl-3b2755de-4cfe-4b43-9e0d-73dd8eda8f75/datanode-0/data/ratis/ade16f6c-59b0-4717-88ca-c91f44d9a055/in_use.lock acquired by nodename 30982@pr-hdds-1569-swxfz-3172132826
2019-09-19 14:04:54,932 [pool-58-thread-1] INFO  storage.RaftStorage (RaftStorage.java:format(72)) - Storage directory /workdir/hadoop-ozone/integration-test/target/test-dir/MiniOzoneClusterImpl-3b2755de-4cfe-4b43-9e0d-73dd8eda8f75/datanode-0/data/ratis/ade16f6c-59b0-4717-88ca-c91f44d9a055 has been successfully formatted.
2019-09-19 14:04:54,932 [pool-58-thread-1] INFO  ratis.ContainerStateMachine (ContainerStateMachine.java:loadSnapshot(226)) - group-C91F44D9A055: The snapshot info is null. Setting the last applied indexto:(t:0, i:~)
2019-09-19 14:04:54,932 [pool-58-thread-1] INFO  server.RaftServerConfigKeys (ConfUtils.java:logGet(43)) - raft.server.leader.election.timeout = 120s (custom)
2019-09-19 14:04:54,932 [pool-58-thread-1] INFO  server.RaftServerConfigKeys (ConfUtils.java:logGet(43)) - raft.server.log.use.memory = false (default)
2019-09-19 14:04:54,933 [pool-58-thread-1] INFO  server.RaftServerConfigKeys (ConfUtils.java:logGet(43)) - raft.server.log.purge.gap = 1000000 (custom)
2019-09-19 14:04:54,933 [pool-58-thread-1] INFO  server.RaftServerConfigKeys (ConfUtils.java:logGet(43)) - raft.server.log.appender.buffer.byte-limit = 33554432 (custom)
2019-09-19 14:04:54,933 [pool-58-thread-1] INFO  server.RaftServerConfigKeys (ConfUtils.java:logGet(43)) - raft.server.log.segment.size.max = 1048576 (custom)
2019-09-19 14:04:54,933 [pool-58-thread-1] INFO  server.RaftServerConfigKeys (ConfUtils.java:logGet(43)) - raft.server.log.segment.cache.num.max = 2 (custom)
2019-09-19 14:04:54,933 [pool-58-thread-1] INFO  segmented.SegmentedRaftLogWorker (SegmentedRaftLogWorker.java:<init>(172)) - new dcc77c7b-1d37-448d-8d57-43d254561693-SegmentedRaftLogWorker:Storage Directory /workdir/hadoop-ozone/integration-test/target/test-dir/MiniOzoneClusterImpl-3b2755de-4cfe-4b43-9e0d-73dd8eda8f75/datanode-0/data/ratis/ade16f6c-59b0-4717-88ca-c91f44d9a055 for RaftStorage:Storage Directory /workdir/hadoop-ozone/integration-test/target/test-dir/MiniOzoneClusterImpl-3b2755de-4cfe-4b43-9e0d-73dd8eda8f75/datanode-0/data/ratis/ade16f6c-59b0-4717-88ca-c91f44d9a055
2019-09-19 14:04:54,933 [pool-58-thread-1] INFO  server.RaftServerConfigKeys (ConfUtils.java:logGet(43)) - raft.server.log.queue.byte-limit = 2147483647 (custom)
2019-09-19 14:04:54,933 [pool-58-thread-1] INFO  server.RaftServerConfigKeys (ConfUtils.java:logGet(43)) - raft.server.log.queue.element-limit = 1024 (custom)
2019-09-19 14:04:54,933 [pool-58-thread-1] INFO  server.RaftServerConfigKeys (ConfUtils.java:logGet(43)) - raft.server.log.segment.size.max = 1048576 (custom)
2019-09-19 14:04:54,933 [pool-58-thread-1] INFO  server.RaftServerConfigKeys (ConfUtils.java:logGet(43)) - raft.server.log.preallocated.size = 16384 (custom)
2019-09-19 14:04:54,933 [pool-58-thread-1] INFO  server.RaftServerConfigKeys (ConfUtils.java:logGet(43)) - raft.server.log.write.buffer.size = 33554432 (custom)
2019-09-19 14:04:54,934 [pool-58-thread-1] INFO  server.RaftServerConfigKeys (ConfUtils.java:logGet(43)) - raft.server.log.force.sync.num = 128 (default)
2019-09-19 14:04:54,934 [pool-58-thread-1] INFO  server.RaftServerConfigKeys (ConfUtils.java:logGet(43)) - raft.server.log.statemachine.data.sync = true (default)
2019-09-19 14:04:54,934 [pool-58-thread-1] INFO  server.RaftServerConfigKeys (ConfUtils.java:logGet(43)) - raft.server.log.statemachine.data.sync.timeout = 10s (default)
2019-09-19 14:04:54,934 [pool-58-thread-1] INFO  server.RaftServerConfigKeys (ConfUtils.java:logGet(43)) - raft.server.log.statemachine.data.sync.timeout.retry = -1 (default)
2019-09-19 14:04:54,934 [pool-58-thread-1] INFO  server.RaftServerConfigKeys (ConfUtils.java:logGet(43)) - raft.server.log.statemachine.data.caching.enabled = true (custom)
2019-09-19 14:04:54,934 [pool-58-thread-1] INFO  segmented.SegmentedRaftLogWorker (SegmentedRaftLogWorker.java:lambda$new$0(132)) - dcc77c7b-1d37-448d-8d57-43d254561693-SegmentedRaftLogWorker:Storage Directory /workdir/hadoop-ozone/integration-test/target/test-dir/MiniOzoneClusterImpl-3b2755de-4cfe-4b43-9e0d-73dd8eda8f75/datanode-0/data/ratis/ade16f6c-59b0-4717-88ca-c91f44d9a055: flushIndex: setUnconditionally 0 -> -1
2019-09-19 14:04:54,934 [pool-58-thread-1] INFO  server.RaftServerConfigKeys (ConfUtils.java:logGet(43)) - raft.server.snapshot.auto.trigger.enabled = true (custom)
2019-09-19 14:04:54,934 [pool-58-thread-1] INFO  server.RaftServerConfigKeys (ConfUtils.java:logGet(43)) - raft.server.snapshot.auto.trigger.threshold = 1 (custom)
2019-09-19 14:04:54,935 [pool-58-thread-1] INFO  server.RaftServerConfigKeys (ConfUtils.java:logGet(43)) - raft.server.retrycache.expirytime = 600000ms (custom)
2019-09-19 14:04:54,935 [pool-58-thread-1] INFO  impl.RaftServerImpl (RaftServerImpl.java:start(180)) - dcc77c7b-1d37-448d-8d57-43d254561693: start group-C91F44D9A055
2019-09-19 14:04:54,935 [pool-58-thread-1] INFO  impl.RaftServerImpl (RaftServerImpl.java:setRole(171)) - dcc77c7b-1d37-448d-8d57-43d254561693:group-C91F44D9A055 changes role from null to FOLLOWER at term 0 for startAsFollower
2019-09-19 14:04:54,935 [pool-58-thread-1] INFO  impl.RoleInfo (RoleInfo.java:updateAndGet(143)) - dcc77c7b-1d37-448d-8d57-43d254561693: start FollowerState
2019-09-19 14:04:54,935 [pool-58-thread-1] INFO  util.JmxRegister (JmxRegister.java:tryRegister(44)) - Successfully registered JMX Bean with object name Ratis:service=RaftServer,group=group-C91F44D9A055,id=dcc77c7b-1d37-448d-8d57-43d254561693
2019-09-19 14:04:54,936 [Thread-4088] INFO  impl.FollowerState (FollowerState.java:run(106)) - dcc77c7b-1d37-448d-8d57-43d254561693:group-915C5856C6A2 changes to CANDIDATE, lastRpcTime:5198, electionTimeout:5198ms
2019-09-19 14:04:54,936 [Thread-4088] INFO  impl.RoleInfo (RoleInfo.java:shutdownFollowerState(121)) - dcc77c7b-1d37-448d-8d57-43d254561693: shutdown FollowerState
2019-09-19 14:04:54,936 [Thread-4088] INFO  impl.RaftServerImpl (RaftServerImpl.java:setRole(171)) - dcc77c7b-1d37-448d-8d57-43d254561693:group-915C5856C6A2 changes role from FOLLOWER to CANDIDATE at term 0 for changeToCandidate
2019-09-19 14:04:54,936 [Thread-4088] INFO  impl.RoleInfo (RoleInfo.java:updateAndGet(143)) - dcc77c7b-1d37-448d-8d57-43d254561693: start LeaderElection
2019-09-19 14:04:54,936 [RatisPipelineUtilsThread] INFO  pipeline.PipelineStateManager (PipelineStateManager.java:addPipeline(56)) - Created pipeline Pipeline[ Id: ade16f6c-59b0-4717-88ca-c91f44d9a055, Nodes: dcc77c7b-1d37-448d-8d57-43d254561693{ip: 192.168.157.226, host: pr-hdds-1569-swxfz-3172132826, networkLocation: /default-rack, certSerialId: null}, Type:RATIS, Factor:ONE, State:OPEN]
2019-09-19 14:04:54,939 [grpc-default-executor-1] INFO  impl.RaftServerProxy (RaftServerProxy.java:addNew(89)) - dcc77c7b-1d37-448d-8d57-43d254561693: addNew group-06488AB7C697:[dcc77c7b-1d37-448d-8d57-43d254561693:192.168.157.226:34527] returns group-06488AB7C697:java.util.concurrent.CompletableFuture@278bd537[Not completed]
2019-09-19 14:04:54,939 [pool-58-thread-1] INFO  impl.RaftServerImpl (RaftServerImpl.java:<init>(93)) - dcc77c7b-1d37-448d-8d57-43d254561693: new RaftServerImpl for group-06488AB7C697:[dcc77c7b-1d37-448d-8d57-43d254561693:192.168.157.226:34527] with ContainerStateMachine:uninitialized
2019-09-19 14:04:54,939 [pool-58-thread-1] INFO  server.RaftServerConfigKeys (ConfUtils.java:logGet(43)) - raft.server.rpc.timeout.min = 5s (custom)
2019-09-19 14:04:54,939 [pool-58-thread-1] INFO  server.RaftServerConfigKeys (ConfUtils.java:logGet(43)) - raft.server.rpc.timeout.max = 5200ms (custom)
2019-09-19 14:04:54,940 [pool-58-thread-1] INFO  server.RaftServerConfigKeys (ConfUtils.java:logGet(43)) - raft.server.rpcslowness.timeout = 120s (custom)
2019-09-19 14:04:54,940 [pool-58-thread-1] INFO  server.RaftServerConfigKeys (ConfUtils.java:logGet(43)) - raft.server.sleep.deviation.threshold = 300 (default)
2019-09-19 14:04:54,940 [pool-58-thread-1] INFO  server.RaftServerConfigKeys (ConfUtils.java:logGet(43)) - raft.server.log.appender.install.snapshot.enabled = false (custom)
2019-09-19 14:04:54,940 [pool-58-thread-1] INFO  impl.RaftServerImpl (ServerState.java:<init>(105)) - dcc77c7b-1d37-448d-8d57-43d254561693:group-06488AB7C697 ConfigurationManager, init=-1: [dcc77c7b-1d37-448d-8d57-43d254561693:192.168.157.226:34527], old=null, confs=<EMPTY_MAP>
2019-09-19 14:04:54,940 [pool-58-thread-1] INFO  server.RaftServerConfigKeys (ConfUtils.java:logGet(43)) - raft.server.storage.dir = [/workdir/hadoop-ozone/integration-test/target/test-dir/MiniOzoneClusterImpl-3b2755de-4cfe-4b43-9e0d-73dd8eda8f75/datanode-0/data/ratis] (custom)
2019-09-19 14:04:54,940 [dcc77c7b-1d37-448d-8d57-43d254561693:group-915C5856C6A2:LeaderElection551] INFO  impl.LeaderElection (LeaderElection.java:askForVotes(181)) - dcc77c7b-1d37-448d-8d57-43d254561693:group-915C5856C6A2:LeaderElection551: begin an election at term 1 for -1: [dcc77c7b-1d37-448d-8d57-43d254561693:192.168.157.226:34527], old=null
2019-09-19 14:04:54,940 [dcc77c7b-1d37-448d-8d57-43d254561693:group-915C5856C6A2:LeaderElection551] INFO  impl.RoleInfo (RoleInfo.java:shutdownLeaderElection(134)) - dcc77c7b-1d37-448d-8d57-43d254561693: shutdown LeaderElection
2019-09-19 14:04:54,940 [dcc77c7b-1d37-448d-8d57-43d254561693:group-915C5856C6A2:LeaderElection551] INFO  impl.RaftServerImpl (RaftServerImpl.java:setRole(171)) - dcc77c7b-1d37-448d-8d57-43d254561693:group-915C5856C6A2 changes role from CANDIDATE to LEADER at term 1 for changeToLeader
2019-09-19 14:04:54,940 [dcc77c7b-1d37-448d-8d57-43d254561693:group-915C5856C6A2:LeaderElection551] INFO  impl.RaftServerImpl (ServerState.java:setLeader(263)) - dcc77c7b-1d37-448d-8d57-43d254561693:group-915C5856C6A2 change Leader from null to dcc77c7b-1d37-448d-8d57-43d254561693 at term 1 for becomeLeader, leader elected after 5206ms
2019-09-19 14:04:54,941 [dcc77c7b-1d37-448d-8d57-43d254561693:group-915C5856C6A2:LeaderElection551] INFO  server.RaftServerConfigKeys (ConfUtils.java:logGet(43)) - raft.server.staging.catchup.gap = 1000 (default)
2019-09-19 14:04:54,941 [dcc77c7b-1d37-448d-8d57-43d254561693:group-915C5856C6A2:LeaderElection551] INFO  server.RaftServerConfigKeys (ConfUtils.java:logGet(43)) - raft.server.rpc.sleep.time = 25ms (default)
2019-09-19 14:04:54,941 [pool-58-thread-1] INFO  storage.RaftStorageDirectory (RaftStorageDirectory.java:analyzeStorage(246)) - The storage directory /workdir/hadoop-ozone/integration-test/target/test-dir/MiniOzoneClusterImpl-3b2755de-4cfe-4b43-9e0d-73dd8eda8f75/datanode-0/data/ratis/5ad6f0b4-adc5-4a96-b8ae-06488ab7c697 does not exist. Creating ...
2019-09-19 14:04:54,941 [dcc77c7b-1d37-448d-8d57-43d254561693:group-915C5856C6A2:LeaderElection551] INFO  server.RaftServerConfigKeys (ConfUtils.java:logGet(43)) - raft.server.write.element-limit = 4096 (default)
2019-09-19 14:04:54,941 [dcc77c7b-1d37-448d-8d57-43d254561693:group-915C5856C6A2:LeaderElection551] INFO  server.RaftServerConfigKeys (ConfUtils.java:logGet(43)) - raft.server.watch.timeout = 10s (default)
2019-09-19 14:04:54,941 [dcc77c7b-1d37-448d-8d57-43d254561693:group-915C5856C6A2:LeaderElection551] INFO  server.RaftServerConfigKeys (ConfUtils.java:logGet(43)) - raft.server.watch.timeout.denomination = 1s (default)
2019-09-19 14:04:54,941 [dcc77c7b-1d37-448d-8d57-43d254561693:group-915C5856C6A2:LeaderElection551] INFO  server.RaftServerConfigKeys (ConfUtils.java:logGet(43)) - raft.server.watch.element-limit = 65536 (default)
2019-09-19 14:04:54,941 [dcc77c7b-1d37-448d-8d57-43d254561693:group-915C5856C6A2:LeaderElection551] INFO  impl.RoleInfo (RoleInfo.java:updateAndGet(143)) - dcc77c7b-1d37-448d-8d57-43d254561693: start LeaderState
2019-09-19 14:04:54,942 [dcc77c7b-1d37-448d-8d57-43d254561693:group-915C5856C6A2:LeaderElection551] INFO  segmented.SegmentedRaftLogWorker (SegmentedRaftLogWorker.java:startLogSegment(380)) - dcc77c7b-1d37-448d-8d57-43d254561693-SegmentedRaftLogWorker:Storage Directory /workdir/hadoop-ozone/integration-test/target/test-dir/MiniOzoneClusterImpl-3b2755de-4cfe-4b43-9e0d-73dd8eda8f75/datanode-0/data/ratis/5e139560-b9d5-4f43-ac5c-915c5856c6a2: Starting segment from index:0
2019-09-19 14:04:54,942 [dcc77c7b-1d37-448d-8d57-43d254561693:group-915C5856C6A2:LeaderElection551] INFO  impl.RaftServerImpl (ServerState.java:setRaftConf(361)) - dcc77c7b-1d37-448d-8d57-43d254561693:group-915C5856C6A2 set configuration 0: [dcc77c7b-1d37-448d-8d57-43d254561693:192.168.157.226:34527], old=null at 0
2019-09-19 14:04:54,945 [Thread-4097] INFO  impl.FollowerState (FollowerState.java:run(106)) - dcc77c7b-1d37-448d-8d57-43d254561693:group-2E6F357CF8B7 changes to CANDIDATE, lastRpcTime:5102, electionTimeout:5102ms
2019-09-19 14:04:54,945 [Thread-4097] INFO  impl.RoleInfo (RoleInfo.java:shutdownFollowerState(121)) - dcc77c7b-1d37-448d-8d57-43d254561693: shutdown FollowerState
2019-09-19 14:04:54,945 [Thread-4097] INFO  impl.RaftServerImpl (RaftServerImpl.java:setRole(171)) - dcc77c7b-1d37-448d-8d57-43d254561693:group-2E6F357CF8B7 changes role from FOLLOWER to CANDIDATE at term 0 for changeToCandidate
2019-09-19 14:04:54,945 [Thread-4097] INFO  impl.RoleInfo (RoleInfo.java:updateAndGet(143)) - dcc77c7b-1d37-448d-8d57-43d254561693: start LeaderElection
2019-09-19 14:04:54,955 [pool-58-thread-1] INFO  storage.RaftStorageDirectory (RaftStorageDirectory.java:tryLock(328)) - Lock on /workdir/hadoop-ozone/integration-test/target/test-dir/MiniOzoneClusterImpl-3b2755de-4cfe-4b43-9e0d-73dd8eda8f75/datanode-0/data/ratis/5ad6f0b4-adc5-4a96-b8ae-06488ab7c697/in_use.lock acquired by nodename 30982@pr-hdds-1569-swxfz-3172132826
2019-09-19 14:04:54,955 [dcc77c7b-1d37-448d-8d57-43d254561693-SegmentedRaftLogWorker:Storage Directory /workdir/hadoop-ozone/integration-test/target/test-dir/MiniOzoneClusterImpl-3b2755de-4cfe-4b43-9e0d-73dd8eda8f75/datanode-0/data/ratis/418cc7e3-7f3f-4a25-8e55-c631af6b090c] INFO  segmented.SegmentedRaftLogWorker (SegmentedRaftLogWorker.java:execute(569)) - dcc77c7b-1d37-448d-8d57-43d254561693-SegmentedRaftLogWorker:Storage Directory /workdir/hadoop-ozone/integration-test/target/test-dir/MiniOzoneClusterImpl-3b2755de-4cfe-4b43-9e0d-73dd8eda8f75/datanode-0/data/ratis/418cc7e3-7f3f-4a25-8e55-c631af6b090c: created new log segment /workdir/hadoop-ozone/integration-test/target/test-dir/MiniOzoneClusterImpl-3b2755de-4cfe-4b43-9e0d-73dd8eda8f75/datanode-0/data/ratis/418cc7e3-7f3f-4a25-8e55-c631af6b090c/current/log_inprogress_0
2019-09-19 14:04:54,955 [dcc77c7b-1d37-448d-8d57-43d254561693:group-2E6F357CF8B7:LeaderElection552] INFO  impl.LeaderElection (LeaderElection.java:askForVotes(181)) - dcc77c7b-1d37-448d-8d57-43d254561693:group-2E6F357CF8B7:LeaderElection552: begin an election at term 1 for -1: [dcc77c7b-1d37-448d-8d57-43d254561693:192.168.157.226:34527], old=null
2019-09-19 14:04:54,955 [dcc77c7b-1d37-448d-8d57-43d254561693:group-2E6F357CF8B7:LeaderElection552] INFO  impl.RoleInfo (RoleInfo.java:shutdownLeaderElection(134)) - dcc77c7b-1d37-448d-8d57-43d254561693: shutdown LeaderElection
2019-09-19 14:04:54,955 [dcc77c7b-1d37-448d-8d57-43d254561693:group-2E6F357CF8B7:LeaderElection552] INFO  impl.RaftServerImpl (RaftServerImpl.java:setRole(171)) - dcc77c7b-1d37-448d-8d57-43d254561693:group-2E6F357CF8B7 changes role from CANDIDATE to LEADER at term 1 for changeToLeader
2019-09-19 14:04:54,955 [dcc77c7b-1d37-448d-8d57-43d254561693:group-2E6F357CF8B7:LeaderElection552] INFO  impl.RaftServerImpl (ServerState.java:setLeader(263)) - dcc77c7b-1d37-448d-8d57-43d254561693:group-2E6F357CF8B7 change Leader from null to dcc77c7b-1d37-448d-8d57-43d254561693 at term 1 for becomeLeader, leader elected after 5115ms
2019-09-19 14:04:54,956 [dcc77c7b-1d37-448d-8d57-43d254561693:group-2E6F357CF8B7:LeaderElection552] INFO  server.RaftServerConfigKeys (ConfUtils.java:logGet(43)) - raft.server.staging.catchup.gap = 1000 (default)
2019-09-19 14:04:54,956 [dcc77c7b-1d37-448d-8d57-43d254561693:group-2E6F357CF8B7:LeaderElection552] INFO  server.RaftServerConfigKeys (ConfUtils.java:logGet(43)) - raft.server.rpc.sleep.time = 25ms (default)
2019-09-19 14:04:54,956 [dcc77c7b-1d37-448d-8d57-43d254561693:group-2E6F357CF8B7:LeaderElection552] INFO  server.RaftServerConfigKeys (ConfUtils.java:logGet(43)) - raft.server.write.element-limit = 4096 (default)
2019-09-19 14:04:54,956 [dcc77c7b-1d37-448d-8d57-43d254561693:group-2E6F357CF8B7:LeaderElection552] INFO  server.RaftServerConfigKeys (ConfUtils.java:logGet(43)) - raft.server.watch.timeout = 10s (default)
2019-09-19 14:04:54,956 [dcc77c7b-1d37-448d-8d57-43d254561693:group-2E6F357CF8B7:LeaderElection552] INFO  server.RaftServerConfigKeys (ConfUtils.java:logGet(43)) - raft.server.watch.timeout.denomination = 1s (default)
2019-09-19 14:04:54,956 [dcc77c7b-1d37-448d-8d57-43d254561693:group-2E6F357CF8B7:LeaderElection552] INFO  server.RaftServerConfigKeys (ConfUtils.java:logGet(43)) - raft.server.watch.element-limit = 65536 (default)
2019-09-19 14:04:54,956 [dcc77c7b-1d37-448d-8d57-43d254561693:group-2E6F357CF8B7:LeaderElection552] INFO  impl.RoleInfo (RoleInfo.java:updateAndGet(143)) - dcc77c7b-1d37-448d-8d57-43d254561693: start LeaderState
2019-09-19 14:04:54,957 [dcc77c7b-1d37-448d-8d57-43d254561693:group-2E6F357CF8B7:LeaderElection552] INFO  segmented.SegmentedRaftLogWorker (SegmentedRaftLogWorker.java:startLogSegment(380)) - dcc77c7b-1d37-448d-8d57-43d254561693-SegmentedRaftLogWorker:Storage Directory /workdir/hadoop-ozone/integration-test/target/test-dir/MiniOzoneClusterImpl-3b2755de-4cfe-4b43-9e0d-73dd8eda8f75/datanode-0/data/ratis/83c6f2d8-1c55-4cd1-b0bb-2e6f357cf8b7: Starting segment from index:0
2019-09-19 14:04:54,957 [dcc77c7b-1d37-448d-8d57-43d254561693:group-2E6F357CF8B7:LeaderElection552] INFO  impl.RaftServerImpl (ServerState.java:setRaftConf(361)) - dcc77c7b-1d37-448d-8d57-43d254561693:group-2E6F357CF8B7 set configuration 0: [dcc77c7b-1d37-448d-8d57-43d254561693:192.168.157.226:34527], old=null at 0
2019-09-19 14:04:55,604 [Thread-4160] INFO  impl.FollowerState (FollowerState.java:run(106)) - dcc77c7b-1d37-448d-8d57-43d254561693:group-99912B84409F changes to CANDIDATE, lastRpcTime:5020, electionTimeout:5015ms
2019-09-19 14:04:55,611 [Thread-4154] INFO  impl.FollowerState (FollowerState.java:run(106)) - dcc77c7b-1d37-448d-8d57-43d254561693:group-5FE8443C3FF9 changes to CANDIDATE, lastRpcTime:5097, electionTimeout:5066ms
2019-09-19 14:04:55,611 [Thread-4154] INFO  impl.RoleInfo (RoleInfo.java:shutdownFollowerState(121)) - dcc77c7b-1d37-448d-8d57-43d254561693: shutdown FollowerState
2019-09-19 14:04:55,611 [Thread-4115] WARN  util.JavaUtils (JavaUtils.java:sleep(250)) - Unexpected long sleep: sleep(5001ms) actually took 5568ms which is over the threshold 300ms
2019-09-19 14:04:55,611 [Thread-4130] INFO  impl.FollowerState (FollowerState.java:run(106)) - dcc77c7b-1d37-448d-8d57-43d254561693:group-354F667D570A changes to CANDIDATE, lastRpcTime:5408, electionTimeout:5184ms
2019-09-19 14:04:55,612 [Thread-4130] INFO  impl.RoleInfo (RoleInfo.java:shutdownFollowerState(121)) - dcc77c7b-1d37-448d-8d57-43d254561693: shutdown FollowerState
2019-09-19 14:04:55,612 [Thread-4130] INFO  impl.RaftServerImpl (RaftServerImpl.java:setRole(171)) - dcc77c7b-1d37-448d-8d57-43d254561693:group-354F667D570A changes role from FOLLOWER to CANDIDATE at term 0 for changeToCandidate
2019-09-19 14:04:55,611 [Thread-4136] INFO  impl.FollowerState (FollowerState.java:run(106)) - dcc77c7b-1d37-448d-8d57-43d254561693:group-7430C03AE933 changes to CANDIDATE, lastRpcTime:5338, electionTimeout:5193ms
2019-09-19 14:04:55,612 [Thread-4136] INFO  impl.RoleInfo (RoleInfo.java:shutdownFollowerState(121)) - dcc77c7b-1d37-448d-8d57-43d254561693: shutdown FollowerState
2019-09-19 14:04:55,611 [Thread-4139] INFO  impl.FollowerState (FollowerState.java:run(106)) - dcc77c7b-1d37-448d-8d57-43d254561693:group-11869BE1A9F1 changes to CANDIDATE, lastRpcTime:5303, electionTimeout:5169ms
2019-09-19 14:04:55,612 | INFO  | SCMAudit | user=jenkins1000 | ip=192.168.157.226 | op=SEND_HEARTBEAT {datanodeUUID=dcc77c7b-1d37-448d-8d57-43d254561693, command=[]} | ret=SUCCESS |  
2019-09-19 14:04:55,612 [Thread-4139] INFO  impl.RoleInfo (RoleInfo.java:shutdownFollowerState(121)) - dcc77c7b-1d37-448d-8d57-43d254561693: shutdown FollowerState
2019-09-19 14:04:55,611 [Thread-4142] INFO  impl.FollowerState (FollowerState.java:run(106)) - dcc77c7b-1d37-448d-8d57-43d254561693:group-6752562DDCDA changes to CANDIDATE, lastRpcTime:5267, electionTimeout:5165ms
2019-09-19 14:04:55,611 [Thread-4151] INFO  impl.FollowerState (FollowerState.java:run(106)) - dcc77c7b-1d37-448d-8d57-43d254561693:group-9C61F58BE974 changes to CANDIDATE, lastRpcTime:5132, electionTimeout:5075ms
2019-09-19 14:04:55,611 [Thread-4160] INFO  impl.RoleInfo (RoleInfo.java:shutdownFollowerState(121)) - dcc77c7b-1d37-448d-8d57-43d254561693: shutdown FollowerState
2019-09-19 14:04:55,612 [Thread-4151] INFO  impl.RoleInfo (RoleInfo.java:shutdownFollowerState(121)) - dcc77c7b-1d37-448d-8d57-43d254561693: shutdown FollowerState
2019-09-19 14:04:55,612 [Thread-4142] INFO  impl.RoleInfo (RoleInfo.java:shutdownFollowerState(121)) - dcc77c7b-1d37-448d-8d57-43d254561693: shutdown FollowerState
2019-09-19 14:04:55,612 [Thread-4139] INFO  impl.RaftServerImpl (RaftServerImpl.java:setRole(171)) - dcc77c7b-1d37-448d-8d57-43d254561693:group-11869BE1A9F1 changes role from FOLLOWER to CANDIDATE at term 0 for changeToCandidate
2019-09-19 14:04:55,612 [Thread-4136] INFO  impl.RaftServerImpl (RaftServerImpl.java:setRole(171)) - dcc77c7b-1d37-448d-8d57-43d254561693:group-7430C03AE933 changes role from FOLLOWER to CANDIDATE at term 0 for changeToCandidate
2019-09-19 14:04:55,613 [Thread-4136] INFO  impl.RoleInfo (RoleInfo.java:updateAndGet(143)) - dcc77c7b-1d37-448d-8d57-43d254561693: start LeaderElection
2019-09-19 14:04:55,612 [Thread-4130] INFO  impl.RoleInfo (RoleInfo.java:updateAndGet(143)) - dcc77c7b-1d37-448d-8d57-43d254561693: start LeaderElection
2019-09-19 14:04:55,611 [pool-58-thread-1] INFO  storage.RaftStorage (RaftStorage.java:format(72)) - Storage directory /workdir/hadoop-ozone/integration-test/target/test-dir/MiniOzoneClusterImpl-3b2755de-4cfe-4b43-9e0d-73dd8eda8f75/datanode-0/data/ratis/5ad6f0b4-adc5-4a96-b8ae-06488ab7c697 has been successfully formatted.
2019-09-19 14:04:55,611 [Thread-4109] WARN  util.JavaUtils (JavaUtils.java:sleep(250)) - Unexpected long sleep: sleep(5056ms) actually took 5641ms which is over the threshold 300ms
2019-09-19 14:04:55,611 [Thread-4100] WARN  util.JavaUtils (JavaUtils.java:sleep(250)) - Unexpected long sleep: sleep(5171ms) actually took 5741ms which is over the threshold 300ms
2019-09-19 14:04:55,611 [Thread-4121] WARN  util.JavaUtils (JavaUtils.java:sleep(250)) - Unexpected long sleep: sleep(5066ms) actually took 5501ms which is over the threshold 300ms
2019-09-19 14:04:55,611 [Thread-4106] WARN  util.JavaUtils (JavaUtils.java:sleep(250)) - Unexpected long sleep: sleep(5104ms) actually took 5677ms which is over the threshold 300ms
2019-09-19 14:04:55,611 [Thread-4154] INFO  impl.RaftServerImpl (RaftServerImpl.java:setRole(171)) - dcc77c7b-1d37-448d-8d57-43d254561693:group-5FE8443C3FF9 changes role from FOLLOWER to CANDIDATE at term 0 for changeToCandidate
2019-09-19 14:04:55,611 [Thread-4124] WARN  util.JavaUtils (JavaUtils.java:sleep(250)) - Unexpected long sleep: sleep(5114ms) actually took 5486ms which is over the threshold 300ms
2019-09-19 14:04:55,611 [Thread-4112] WARN  util.JavaUtils (JavaUtils.java:sleep(250)) - Unexpected long sleep: sleep(5022ms) actually took 5605ms which is over the threshold 300ms
2019-09-19 14:04:55,611 [Thread-4118] WARN  util.JavaUtils (JavaUtils.java:sleep(250)) - Unexpected long sleep: sleep(5064ms) actually took 5533ms which is over the threshold 300ms
2019-09-19 14:04:55,611 [Thread-4127] WARN  util.JavaUtils (JavaUtils.java:sleep(250)) - Unexpected long sleep: sleep(5116ms) actually took 5473ms which is over the threshold 300ms
2019-09-19 14:04:55,611 [Thread-4133] INFO  impl.FollowerState (FollowerState.java:run(106)) - dcc77c7b-1d37-448d-8d57-43d254561693:group-A8FD2D474859 changes to CANDIDATE, lastRpcTime:5375, electionTimeout:5139ms
2019-09-19 14:04:55,611 [Thread-4148] INFO  impl.FollowerState (FollowerState.java:run(106)) - dcc77c7b-1d37-448d-8d57-43d254561693:group-7C1E89322A1A changes to CANDIDATE, lastRpcTime:5167, electionTimeout:5003ms
2019-09-19 14:04:55,614 [Thread-4148] INFO  impl.RoleInfo (RoleInfo.java:shutdownFollowerState(121)) - dcc77c7b-1d37-448d-8d57-43d254561693: shutdown FollowerState
2019-09-19 14:04:55,611 [Thread-4145] INFO  impl.FollowerState (FollowerState.java:run(106)) - dcc77c7b-1d37-448d-8d57-43d254561693:group-5585B1E8EF5D changes to CANDIDATE, lastRpcTime:5211, electionTimeout:5003ms
2019-09-19 14:04:55,615 [Thread-4145] INFO  impl.RoleInfo (RoleInfo.java:shutdownFollowerState(121)) - dcc77c7b-1d37-448d-8d57-43d254561693: shutdown FollowerState
2019-09-19 14:04:55,615 [Thread-4148] INFO  impl.RaftServerImpl (RaftServerImpl.java:setRole(171)) - dcc77c7b-1d37-448d-8d57-43d254561693:group-7C1E89322A1A changes role from FOLLOWER to CANDIDATE at term 0 for changeToCandidate
2019-09-19 14:04:55,615 [Thread-4148] INFO  impl.RoleInfo (RoleInfo.java:updateAndGet(143)) - dcc77c7b-1d37-448d-8d57-43d254561693: start LeaderElection
2019-09-19 14:04:55,614 [Thread-4133] INFO  impl.RoleInfo (RoleInfo.java:shutdownFollowerState(121)) - dcc77c7b-1d37-448d-8d57-43d254561693: shutdown FollowerState
2019-09-19 14:04:55,614 [Thread-4154] INFO  impl.RoleInfo (RoleInfo.java:updateAndGet(143)) - dcc77c7b-1d37-448d-8d57-43d254561693: start LeaderElection
2019-09-19 14:04:55,613 [pool-58-thread-1] INFO  ratis.ContainerStateMachine (ContainerStateMachine.java:loadSnapshot(226)) - group-06488AB7C697: The snapshot info is null. Setting the last applied indexto:(t:0, i:~)
2019-09-19 14:04:55,613 [Thread-4139] INFO  impl.RoleInfo (RoleInfo.java:updateAndGet(143)) - dcc77c7b-1d37-448d-8d57-43d254561693: start LeaderElection
2019-09-19 14:04:55,613 [Thread-4142] INFO  impl.RaftServerImpl (RaftServerImpl.java:setRole(171)) - dcc77c7b-1d37-448d-8d57-43d254561693:group-6752562DDCDA changes role from FOLLOWER to CANDIDATE at term 0 for changeToCandidate
2019-09-19 14:04:55,612 [Thread-4151] INFO  impl.RaftServerImpl (RaftServerImpl.java:setRole(171)) - dcc77c7b-1d37-448d-8d57-43d254561693:group-9C61F58BE974 changes role from FOLLOWER to CANDIDATE at term 0 for changeToCandidate
2019-09-19 14:04:55,612 [Thread-4160] INFO  impl.RaftServerImpl (RaftServerImpl.java:setRole(171)) - dcc77c7b-1d37-448d-8d57-43d254561693:group-99912B84409F changes role from FOLLOWER to CANDIDATE at term 0 for changeToCandidate
2019-09-19 14:04:55,616 [Thread-4151] INFO  impl.RoleInfo (RoleInfo.java:updateAndGet(143)) - dcc77c7b-1d37-448d-8d57-43d254561693: start LeaderElection
2019-09-19 14:04:55,616 [Thread-4142] INFO  impl.RoleInfo (RoleInfo.java:updateAndGet(143)) - dcc77c7b-1d37-448d-8d57-43d254561693: start LeaderElection
2019-09-19 14:04:55,615 [pool-58-thread-1] INFO  server.RaftServerConfigKeys (ConfUtils.java:logGet(43)) - raft.server.leader.election.timeout = 120s (custom)
2019-09-19 14:04:55,616 [pool-58-thread-1] INFO  server.RaftServerConfigKeys (ConfUtils.java:logGet(43)) - raft.server.log.use.memory = false (default)
2019-09-19 14:04:55,615 [Thread-4133] INFO  impl.RaftServerImpl (RaftServerImpl.java:setRole(171)) - dcc77c7b-1d37-448d-8d57-43d254561693:group-A8FD2D474859 changes role from FOLLOWER to CANDIDATE at term 0 for changeToCandidate
2019-09-19 14:04:55,615 [Thread-4145] INFO  impl.RaftServerImpl (RaftServerImpl.java:setRole(171)) - dcc77c7b-1d37-448d-8d57-43d254561693:group-5585B1E8EF5D changes role from FOLLOWER to CANDIDATE at term 0 for changeToCandidate
2019-09-19 14:04:55,617 [Thread-4133] INFO  impl.RoleInfo (RoleInfo.java:updateAndGet(143)) - dcc77c7b-1d37-448d-8d57-43d254561693: start LeaderElection
2019-09-19 14:04:55,616 [pool-58-thread-1] INFO  server.RaftServerConfigKeys (ConfUtils.java:logGet(43)) - raft.server.log.purge.gap = 1000000 (custom)
2019-09-19 14:04:55,616 [Thread-4160] INFO  impl.RoleInfo (RoleInfo.java:updateAndGet(143)) - dcc77c7b-1d37-448d-8d57-43d254561693: start LeaderElection
2019-09-19 14:04:55,617 [pool-58-thread-1] INFO  server.RaftServerConfigKeys (ConfUtils.java:logGet(43)) - raft.server.log.appender.buffer.byte-limit = 33554432 (custom)
2019-09-19 14:04:55,617 [Thread-4145] INFO  impl.RoleInfo (RoleInfo.java:updateAndGet(143)) - dcc77c7b-1d37-448d-8d57-43d254561693: start LeaderElection
2019-09-19 14:04:55,617 [pool-58-thread-1] INFO  server.RaftServerConfigKeys (ConfUtils.java:logGet(43)) - raft.server.log.segment.size.max = 1048576 (custom)
2019-09-19 14:04:55,617 [pool-58-thread-1] INFO  server.RaftServerConfigKeys (ConfUtils.java:logGet(43)) - raft.server.log.segment.cache.num.max = 2 (custom)
2019-09-19 14:04:55,618 [pool-58-thread-1] INFO  segmented.SegmentedRaftLogWorker (SegmentedRaftLogWorker.java:<init>(172)) - new dcc77c7b-1d37-448d-8d57-43d254561693-SegmentedRaftLogWorker:Storage Directory /workdir/hadoop-ozone/integration-test/target/test-dir/MiniOzoneClusterImpl-3b2755de-4cfe-4b43-9e0d-73dd8eda8f75/datanode-0/data/ratis/5ad6f0b4-adc5-4a96-b8ae-06488ab7c697 for RaftStorage:Storage Directory /workdir/hadoop-ozone/integration-test/target/test-dir/MiniOzoneClusterImpl-3b2755de-4cfe-4b43-9e0d-73dd8eda8f75/datanode-0/data/ratis/5ad6f0b4-adc5-4a96-b8ae-06488ab7c697
2019-09-19 14:04:55,618 [pool-58-thread-1] INFO  server.RaftServerConfigKeys (ConfUtils.java:logGet(43)) - raft.server.log.queue.byte-limit = 2147483647 (custom)
2019-09-19 14:04:55,618 [pool-58-thread-1] INFO  server.RaftServerConfigKeys (ConfUtils.java:logGet(43)) - raft.server.log.queue.element-limit = 1024 (custom)
2019-09-19 14:04:55,618 [pool-58-thread-1] INFO  server.RaftServerConfigKeys (ConfUtils.java:logGet(43)) - raft.server.log.segment.size.max = 1048576 (custom)
2019-09-19 14:04:55,618 [pool-58-thread-1] INFO  server.RaftServerConfigKeys (ConfUtils.java:logGet(43)) - raft.server.log.preallocated.size = 16384 (custom)
2019-09-19 14:04:55,618 [pool-58-thread-1] INFO  server.RaftServerConfigKeys (ConfUtils.java:logGet(43)) - raft.server.log.write.buffer.size = 33554432 (custom)
2019-09-19 14:04:55,618 [pool-58-thread-1] INFO  server.RaftServerConfigKeys (ConfUtils.java:logGet(43)) - raft.server.log.force.sync.num = 128 (default)
2019-09-19 14:04:55,619 [pool-58-thread-1] INFO  server.RaftServerConfigKeys (ConfUtils.java:logGet(43)) - raft.server.log.statemachine.data.sync = true (default)
2019-09-19 14:04:55,619 [pool-58-thread-1] INFO  server.RaftServerConfigKeys (ConfUtils.java:logGet(43)) - raft.server.log.statemachine.data.sync.timeout = 10s (default)
2019-09-19 14:04:55,619 [pool-58-thread-1] INFO  server.RaftServerConfigKeys (ConfUtils.java:logGet(43)) - raft.server.log.statemachine.data.sync.timeout.retry = -1 (default)
2019-09-19 14:04:55,619 [pool-58-thread-1] INFO  server.RaftServerConfigKeys (ConfUtils.java:logGet(43)) - raft.server.log.statemachine.data.caching.enabled = true (custom)
2019-09-19 14:04:55,619 [Thread-4163] INFO  impl.FollowerState (FollowerState.java:run(106)) - dcc77c7b-1d37-448d-8d57-43d254561693:group-6F0B87A6652D changes to CANDIDATE, lastRpcTime:5009, electionTimeout:5009ms
2019-09-19 14:04:55,619 [Thread-4163] INFO  impl.RoleInfo (RoleInfo.java:shutdownFollowerState(121)) - dcc77c7b-1d37-448d-8d57-43d254561693: shutdown FollowerState
2019-09-19 14:04:55,619 [pool-58-thread-1] INFO  segmented.SegmentedRaftLogWorker (SegmentedRaftLogWorker.java:lambda$new$0(132)) - dcc77c7b-1d37-448d-8d57-43d254561693-SegmentedRaftLogWorker:Storage Directory /workdir/hadoop-ozone/integration-test/target/test-dir/MiniOzoneClusterImpl-3b2755de-4cfe-4b43-9e0d-73dd8eda8f75/datanode-0/data/ratis/5ad6f0b4-adc5-4a96-b8ae-06488ab7c697: flushIndex: setUnconditionally 0 -> -1
2019-09-19 14:04:55,619 [Thread-4163] INFO  impl.RaftServerImpl (RaftServerImpl.java:setRole(171)) - dcc77c7b-1d37-448d-8d57-43d254561693:group-6F0B87A6652D changes role from FOLLOWER to CANDIDATE at term 0 for changeToCandidate
2019-09-19 14:04:55,620 [Thread-4163] INFO  impl.RoleInfo (RoleInfo.java:updateAndGet(143)) - dcc77c7b-1d37-448d-8d57-43d254561693: start LeaderElection
2019-09-19 14:04:55,620 [pool-58-thread-1] INFO  server.RaftServerConfigKeys (ConfUtils.java:logGet(43)) - raft.server.snapshot.auto.trigger.enabled = true (custom)
2019-09-19 14:04:55,620 [pool-58-thread-1] INFO  server.RaftServerConfigKeys (ConfUtils.java:logGet(43)) - raft.server.snapshot.auto.trigger.threshold = 1 (custom)
2019-09-19 14:04:55,620 [pool-58-thread-1] INFO  server.RaftServerConfigKeys (ConfUtils.java:logGet(43)) - raft.server.retrycache.expirytime = 600000ms (custom)
2019-09-19 14:04:55,620 [pool-58-thread-1] INFO  impl.RaftServerImpl (RaftServerImpl.java:start(180)) - dcc77c7b-1d37-448d-8d57-43d254561693: start group-06488AB7C697
2019-09-19 14:04:55,620 [pool-58-thread-1] INFO  impl.RaftServerImpl (RaftServerImpl.java:setRole(171)) - dcc77c7b-1d37-448d-8d57-43d254561693:group-06488AB7C697 changes role from null to FOLLOWER at term 0 for startAsFollower
2019-09-19 14:04:55,620 [pool-58-thread-1] INFO  impl.RoleInfo (RoleInfo.java:updateAndGet(143)) - dcc77c7b-1d37-448d-8d57-43d254561693: start FollowerState
2019-09-19 14:04:55,621 [pool-58-thread-1] INFO  util.JmxRegister (JmxRegister.java:tryRegister(44)) - Successfully registered JMX Bean with object name Ratis:service=RaftServer,group=group-06488AB7C697,id=dcc77c7b-1d37-448d-8d57-43d254561693
2019-09-19 14:04:55,622 [RatisPipelineUtilsThread] INFO  pipeline.PipelineStateManager (PipelineStateManager.java:addPipeline(56)) - Created pipeline Pipeline[ Id: 5ad6f0b4-adc5-4a96-b8ae-06488ab7c697, Nodes: dcc77c7b-1d37-448d-8d57-43d254561693{ip: 192.168.157.226, host: pr-hdds-1569-swxfz-3172132826, networkLocation: /default-rack, certSerialId: null}, Type:RATIS, Factor:ONE, State:OPEN]
2019-09-19 14:04:55,625 [grpc-default-executor-1] INFO  impl.RaftServerProxy (RaftServerProxy.java:addNew(89)) - dcc77c7b-1d37-448d-8d57-43d254561693: addNew group-5AA8F96077A0:[dcc77c7b-1d37-448d-8d57-43d254561693:192.168.157.226:34527] returns group-5AA8F96077A0:java.util.concurrent.CompletableFuture@7e9ea110[Not completed]
2019-09-19 14:04:55,626 [pool-58-thread-1] INFO  impl.RaftServerImpl (RaftServerImpl.java:<init>(93)) - dcc77c7b-1d37-448d-8d57-43d254561693: new RaftServerImpl for group-5AA8F96077A0:[dcc77c7b-1d37-448d-8d57-43d254561693:192.168.157.226:34527] with ContainerStateMachine:uninitialized
2019-09-19 14:04:55,626 [pool-58-thread-1] INFO  server.RaftServerConfigKeys (ConfUtils.java:logGet(43)) - raft.server.rpc.timeout.min = 5s (custom)
2019-09-19 14:04:55,626 [pool-58-thread-1] INFO  server.RaftServerConfigKeys (ConfUtils.java:logGet(43)) - raft.server.rpc.timeout.max = 5200ms (custom)
2019-09-19 14:04:55,626 [pool-58-thread-1] INFO  server.RaftServerConfigKeys (ConfUtils.java:logGet(43)) - raft.server.rpcslowness.timeout = 120s (custom)
2019-09-19 14:04:55,626 [pool-58-thread-1] INFO  server.RaftServerConfigKeys (ConfUtils.java:logGet(43)) - raft.server.sleep.deviation.threshold = 300 (default)
2019-09-19 14:04:55,626 [pool-58-thread-1] INFO  server.RaftServerConfigKeys (ConfUtils.java:logGet(43)) - raft.server.log.appender.install.snapshot.enabled = false (custom)
2019-09-19 14:04:55,626 [pool-58-thread-1] INFO  impl.RaftServerImpl (ServerState.java:<init>(105)) - dcc77c7b-1d37-448d-8d57-43d254561693:group-5AA8F96077A0 ConfigurationManager, init=-1: [dcc77c7b-1d37-448d-8d57-43d254561693:192.168.157.226:34527], old=null, confs=<EMPTY_MAP>
2019-09-19 14:04:55,626 [pool-58-thread-1] INFO  server.RaftServerConfigKeys (ConfUtils.java:logGet(43)) - raft.server.storage.dir = [/workdir/hadoop-ozone/integration-test/target/test-dir/MiniOzoneClusterImpl-3b2755de-4cfe-4b43-9e0d-73dd8eda8f75/datanode-0/data/ratis] (custom)
2019-09-19 14:04:55,628 [pool-58-thread-1] INFO  storage.RaftStorageDirectory (RaftStorageDirectory.java:analyzeStorage(246)) - The storage directory /workdir/hadoop-ozone/integration-test/target/test-dir/MiniOzoneClusterImpl-3b2755de-4cfe-4b43-9e0d-73dd8eda8f75/datanode-0/data/ratis/ed48526f-596a-4aef-aa91-5aa8f96077a0 does not exist. Creating ...
2019-09-19 14:04:55,637 [dcc77c7b-1d37-448d-8d57-43d254561693-SegmentedRaftLogWorker:Storage Directory /workdir/hadoop-ozone/integration-test/target/test-dir/MiniOzoneClusterImpl-3b2755de-4cfe-4b43-9e0d-73dd8eda8f75/datanode-0/data/ratis/5e139560-b9d5-4f43-ac5c-915c5856c6a2] INFO  segmented.SegmentedRaftLogWorker (SegmentedRaftLogWorker.java:execute(569)) - dcc77c7b-1d37-448d-8d57-43d254561693-SegmentedRaftLogWorker:Storage Directory /workdir/hadoop-ozone/integration-test/target/test-dir/MiniOzoneClusterImpl-3b2755de-4cfe-4b43-9e0d-73dd8eda8f75/datanode-0/data/ratis/5e139560-b9d5-4f43-ac5c-915c5856c6a2: created new log segment /workdir/hadoop-ozone/integration-test/target/test-dir/MiniOzoneClusterImpl-3b2755de-4cfe-4b43-9e0d-73dd8eda8f75/datanode-0/data/ratis/5e139560-b9d5-4f43-ac5c-915c5856c6a2/current/log_inprogress_0
2019-09-19 14:04:55,637 [dcc77c7b-1d37-448d-8d57-43d254561693:group-9C61F58BE974:LeaderElection559] INFO  impl.LeaderElection (LeaderElection.java:askForVotes(181)) - dcc77c7b-1d37-448d-8d57-43d254561693:group-9C61F58BE974:LeaderElection559: begin an election at term 1 for -1: [dcc77c7b-1d37-448d-8d57-43d254561693:192.168.157.226:34527], old=null
2019-09-19 14:04:55,637 [dcc77c7b-1d37-448d-8d57-43d254561693:group-354F667D570A:LeaderElection553] INFO  impl.LeaderElection (LeaderElection.java:askForVotes(181)) - dcc77c7b-1d37-448d-8d57-43d254561693:group-354F667D570A:LeaderElection553: begin an election at term 1 for -1: [dcc77c7b-1d37-448d-8d57-43d254561693:192.168.157.226:34527], old=null
2019-09-19 14:04:55,638 [dcc77c7b-1d37-448d-8d57-43d254561693:group-354F667D570A:LeaderElection553] INFO  impl.RoleInfo (RoleInfo.java:shutdownLeaderElection(134)) - dcc77c7b-1d37-448d-8d57-43d254561693: shutdown LeaderElection
2019-09-19 14:04:55,637 [dcc77c7b-1d37-448d-8d57-43d254561693:group-5FE8443C3FF9:LeaderElection556] INFO  impl.LeaderElection (LeaderElection.java:askForVotes(181)) - dcc77c7b-1d37-448d-8d57-43d254561693:group-5FE8443C3FF9:LeaderElection556: begin an election at term 1 for -1: [dcc77c7b-1d37-448d-8d57-43d254561693:192.168.157.226:34527], old=null
2019-09-19 14:04:55,638 [dcc77c7b-1d37-448d-8d57-43d254561693:group-5FE8443C3FF9:LeaderElection556] INFO  impl.RoleInfo (RoleInfo.java:shutdownLeaderElection(134)) - dcc77c7b-1d37-448d-8d57-43d254561693: shutdown LeaderElection
2019-09-19 14:04:55,637 [dcc77c7b-1d37-448d-8d57-43d254561693:group-5585B1E8EF5D:LeaderElection562] INFO  impl.LeaderElection (LeaderElection.java:askForVotes(181)) - dcc77c7b-1d37-448d-8d57-43d254561693:group-5585B1E8EF5D:LeaderElection562: begin an election at term 1 for -1: [dcc77c7b-1d37-448d-8d57-43d254561693:192.168.157.226:34527], old=null
2019-09-19 14:04:55,637 [dcc77c7b-1d37-448d-8d57-43d254561693:group-6752562DDCDA:LeaderElection558] INFO  impl.LeaderElection (LeaderElection.java:askForVotes(181)) - dcc77c7b-1d37-448d-8d57-43d254561693:group-6752562DDCDA:LeaderElection558: begin an election at term 1 for -1: [dcc77c7b-1d37-448d-8d57-43d254561693:192.168.157.226:34527], old=null
2019-09-19 14:04:55,638 [dcc77c7b-1d37-448d-8d57-43d254561693:group-6752562DDCDA:LeaderElection558] INFO  impl.RoleInfo (RoleInfo.java:shutdownLeaderElection(134)) - dcc77c7b-1d37-448d-8d57-43d254561693: shutdown LeaderElection
2019-09-19 14:04:55,637 [dcc77c7b-1d37-448d-8d57-43d254561693:group-7C1E89322A1A:LeaderElection557] INFO  impl.LeaderElection (LeaderElection.java:askForVotes(181)) - dcc77c7b-1d37-448d-8d57-43d254561693:group-7C1E89322A1A:LeaderElection557: begin an election at term 1 for -1: [dcc77c7b-1d37-448d-8d57-43d254561693:192.168.157.226:34527], old=null
2019-09-19 14:04:55,638 [dcc77c7b-1d37-448d-8d57-43d254561693:group-7C1E89322A1A:LeaderElection557] INFO  impl.RoleInfo (RoleInfo.java:shutdownLeaderElection(134)) - dcc77c7b-1d37-448d-8d57-43d254561693: shutdown LeaderElection
2019-09-19 14:04:55,637 [dcc77c7b-1d37-448d-8d57-43d254561693:group-11869BE1A9F1:LeaderElection554] INFO  impl.LeaderElection (LeaderElection.java:askForVotes(181)) - dcc77c7b-1d37-448d-8d57-43d254561693:group-11869BE1A9F1:LeaderElection554: begin an election at term 1 for -1: [dcc77c7b-1d37-448d-8d57-43d254561693:192.168.157.226:34527], old=null
2019-09-19 14:04:55,639 [dcc77c7b-1d37-448d-8d57-43d254561693:group-11869BE1A9F1:LeaderElection554] INFO  impl.RoleInfo (RoleInfo.java:shutdownLeaderElection(134)) - dcc77c7b-1d37-448d-8d57-43d254561693: shutdown LeaderElection
2019-09-19 14:04:55,637 [dcc77c7b-1d37-448d-8d57-43d254561693:group-6F0B87A6652D:LeaderElection563] INFO  impl.LeaderElection (LeaderElection.java:askForVotes(181)) - dcc77c7b-1d37-448d-8d57-43d254561693:group-6F0B87A6652D:LeaderElection563: begin an election at term 1 for -1: [dcc77c7b-1d37-448d-8d57-43d254561693:192.168.157.226:34527], old=null
2019-09-19 14:04:55,639 [dcc77c7b-1d37-448d-8d57-43d254561693:group-6F0B87A6652D:LeaderElection563] INFO  impl.RoleInfo (RoleInfo.java:shutdownLeaderElection(134)) - dcc77c7b-1d37-448d-8d57-43d254561693: shutdown LeaderElection
2019-09-19 14:04:55,637 [dcc77c7b-1d37-448d-8d57-43d254561693:group-99912B84409F:LeaderElection560] INFO  impl.LeaderElection (LeaderElection.java:askForVotes(181)) - dcc77c7b-1d37-448d-8d57-43d254561693:group-99912B84409F:LeaderElection560: begin an election at term 1 for -1: [dcc77c7b-1d37-448d-8d57-43d254561693:192.168.157.226:34527], old=null
2019-09-19 14:04:55,637 [dcc77c7b-1d37-448d-8d57-43d254561693:group-A8FD2D474859:LeaderElection561] INFO  impl.LeaderElection (LeaderElection.java:askForVotes(181)) - dcc77c7b-1d37-448d-8d57-43d254561693:group-A8FD2D474859:LeaderElection561: begin an election at term 1 for -1: [dcc77c7b-1d37-448d-8d57-43d254561693:192.168.157.226:34527], old=null
2019-09-19 14:04:55,639 [dcc77c7b-1d37-448d-8d57-43d254561693:group-99912B84409F:LeaderElection560] INFO  impl.RoleInfo (RoleInfo.java:shutdownLeaderElection(134)) - dcc77c7b-1d37-448d-8d57-43d254561693: shutdown LeaderElection
2019-09-19 14:04:55,639 [dcc77c7b-1d37-448d-8d57-43d254561693:group-99912B84409F:LeaderElection560] INFO  impl.RaftServerImpl (RaftServerImpl.java:setRole(171)) - dcc77c7b-1d37-448d-8d57-43d254561693:group-99912B84409F changes role from CANDIDATE to LEADER at term 1 for changeToLeader
2019-09-19 14:04:55,639 [dcc77c7b-1d37-448d-8d57-43d254561693:group-6F0B87A6652D:LeaderElection563] INFO  impl.RaftServerImpl (RaftServerImpl.java:setRole(171)) - dcc77c7b-1d37-448d-8d57-43d254561693:group-6F0B87A6652D changes role from CANDIDATE to LEADER at term 1 for changeToLeader
2019-09-19 14:04:55,639 [dcc77c7b-1d37-448d-8d57-43d254561693:group-6F0B87A6652D:LeaderElection563] INFO  impl.RaftServerImpl (ServerState.java:setLeader(263)) - dcc77c7b-1d37-448d-8d57-43d254561693:group-6F0B87A6652D change Leader from null to dcc77c7b-1d37-448d-8d57-43d254561693 at term 1 for becomeLeader, leader elected after 5032ms
2019-09-19 14:04:55,639 [dcc77c7b-1d37-448d-8d57-43d254561693:group-11869BE1A9F1:LeaderElection554] INFO  impl.RaftServerImpl (RaftServerImpl.java:setRole(171)) - dcc77c7b-1d37-448d-8d57-43d254561693:group-11869BE1A9F1 changes role from CANDIDATE to LEADER at term 1 for changeToLeader
2019-09-19 14:04:55,640 [dcc77c7b-1d37-448d-8d57-43d254561693:group-11869BE1A9F1:LeaderElection554] INFO  impl.RaftServerImpl (ServerState.java:setLeader(263)) - dcc77c7b-1d37-448d-8d57-43d254561693:group-11869BE1A9F1 change Leader from null to dcc77c7b-1d37-448d-8d57-43d254561693 at term 1 for becomeLeader, leader elected after 5335ms
2019-09-19 14:04:55,639 [dcc77c7b-1d37-448d-8d57-43d254561693:group-7C1E89322A1A:LeaderElection557] INFO  impl.RaftServerImpl (RaftServerImpl.java:setRole(171)) - dcc77c7b-1d37-448d-8d57-43d254561693:group-7C1E89322A1A changes role from CANDIDATE to LEADER at term 1 for changeToLeader
2019-09-19 14:04:55,640 [dcc77c7b-1d37-448d-8d57-43d254561693:group-7C1E89322A1A:LeaderElection557] INFO  impl.RaftServerImpl (ServerState.java:setLeader(263)) - dcc77c7b-1d37-448d-8d57-43d254561693:group-7C1E89322A1A change Leader from null to dcc77c7b-1d37-448d-8d57-43d254561693 at term 1 for becomeLeader, leader elected after 5199ms
2019-09-19 14:04:55,638 [dcc77c7b-1d37-448d-8d57-43d254561693:group-6752562DDCDA:LeaderElection558] INFO  impl.RaftServerImpl (RaftServerImpl.java:setRole(171)) - dcc77c7b-1d37-448d-8d57-43d254561693:group-6752562DDCDA changes role from CANDIDATE to LEADER at term 1 for changeToLeader
2019-09-19 14:04:55,638 [dcc77c7b-1d37-448d-8d57-43d254561693:group-5585B1E8EF5D:LeaderElection562] INFO  impl.RoleInfo (RoleInfo.java:shutdownLeaderElection(134)) - dcc77c7b-1d37-448d-8d57-43d254561693: shutdown LeaderElection
2019-09-19 14:04:55,638 [dcc77c7b-1d37-448d-8d57-43d254561693:group-5FE8443C3FF9:LeaderElection556] INFO  impl.RaftServerImpl (RaftServerImpl.java:setRole(171)) - dcc77c7b-1d37-448d-8d57-43d254561693:group-5FE8443C3FF9 changes role from CANDIDATE to LEADER at term 1 for changeToLeader
2019-09-19 14:04:55,638 [dcc77c7b-1d37-448d-8d57-43d254561693:group-354F667D570A:LeaderElection553] INFO  impl.RaftServerImpl (RaftServerImpl.java:setRole(171)) - dcc77c7b-1d37-448d-8d57-43d254561693:group-354F667D570A changes role from CANDIDATE to LEADER at term 1 for changeToLeader
2019-09-19 14:04:55,637 [dcc77c7b-1d37-448d-8d57-43d254561693:group-9C61F58BE974:LeaderElection559] INFO  impl.RoleInfo (RoleInfo.java:shutdownLeaderElection(134)) - dcc77c7b-1d37-448d-8d57-43d254561693: shutdown LeaderElection
2019-09-19 14:04:55,640 [dcc77c7b-1d37-448d-8d57-43d254561693:group-9C61F58BE974:LeaderElection559] INFO  impl.RaftServerImpl (RaftServerImpl.java:setRole(171)) - dcc77c7b-1d37-448d-8d57-43d254561693:group-9C61F58BE974 changes role from CANDIDATE to LEADER at term 1 for changeToLeader
2019-09-19 14:04:55,640 [dcc77c7b-1d37-448d-8d57-43d254561693:group-9C61F58BE974:LeaderElection559] INFO  impl.RaftServerImpl (ServerState.java:setLeader(263)) - dcc77c7b-1d37-448d-8d57-43d254561693:group-9C61F58BE974 change Leader from null to dcc77c7b-1d37-448d-8d57-43d254561693 at term 1 for becomeLeader, leader elected after 5165ms
2019-09-19 14:04:55,637 [dcc77c7b-1d37-448d-8d57-43d254561693:group-7430C03AE933:LeaderElection555] INFO  impl.LeaderElection (LeaderElection.java:askForVotes(181)) - dcc77c7b-1d37-448d-8d57-43d254561693:group-7430C03AE933:LeaderElection555: begin an election at term 1 for -1: [dcc77c7b-1d37-448d-8d57-43d254561693:192.168.157.226:34527], old=null
2019-09-19 14:04:55,640 [dcc77c7b-1d37-448d-8d57-43d254561693:group-9C61F58BE974:LeaderElection559] INFO  server.RaftServerConfigKeys (ConfUtils.java:logGet(43)) - raft.server.staging.catchup.gap = 1000 (default)
2019-09-19 14:04:55,640 [dcc77c7b-1d37-448d-8d57-43d254561693:group-354F667D570A:LeaderElection553] INFO  impl.RaftServerImpl (ServerState.java:setLeader(263)) - dcc77c7b-1d37-448d-8d57-43d254561693:group-354F667D570A change Leader from null to dcc77c7b-1d37-448d-8d57-43d254561693 at term 1 for becomeLeader, leader elected after 5439ms
2019-09-19 14:04:55,640 [dcc77c7b-1d37-448d-8d57-43d254561693:group-5FE8443C3FF9:LeaderElection556] INFO  impl.RaftServerImpl (ServerState.java:setLeader(263)) - dcc77c7b-1d37-448d-8d57-43d254561693:group-5FE8443C3FF9 change Leader from null to dcc77c7b-1d37-448d-8d57-43d254561693 at term 1 for becomeLeader, leader elected after 5129ms
2019-09-19 14:04:55,640 [dcc77c7b-1d37-448d-8d57-43d254561693:group-5585B1E8EF5D:LeaderElection562] INFO  impl.RaftServerImpl (RaftServerImpl.java:setRole(171)) - dcc77c7b-1d37-448d-8d57-43d254561693:group-5585B1E8EF5D changes role from CANDIDATE to LEADER at term 1 for changeToLeader
2019-09-19 14:04:55,640 [dcc77c7b-1d37-448d-8d57-43d254561693:group-6752562DDCDA:LeaderElection558] INFO  impl.RaftServerImpl (ServerState.java:setLeader(263)) - dcc77c7b-1d37-448d-8d57-43d254561693:group-6752562DDCDA change Leader from null to dcc77c7b-1d37-448d-8d57-43d254561693 at term 1 for becomeLeader, leader elected after 5300ms
2019-09-19 14:04:55,640 [dcc77c7b-1d37-448d-8d57-43d254561693:group-7C1E89322A1A:LeaderElection557] INFO  server.RaftServerConfigKeys (ConfUtils.java:logGet(43)) - raft.server.staging.catchup.gap = 1000 (default)
2019-09-19 14:04:55,640 [dcc77c7b-1d37-448d-8d57-43d254561693:group-11869BE1A9F1:LeaderElection554] INFO  server.RaftServerConfigKeys (ConfUtils.java:logGet(43)) - raft.server.staging.catchup.gap = 1000 (default)
2019-09-19 14:04:55,639 [dcc77c7b-1d37-448d-8d57-43d254561693:group-6F0B87A6652D:LeaderElection563] INFO  server.RaftServerConfigKeys (ConfUtils.java:logGet(43)) - raft.server.staging.catchup.gap = 1000 (default)
2019-09-19 14:04:55,639 [dcc77c7b-1d37-448d-8d57-43d254561693:group-99912B84409F:LeaderElection560] INFO  impl.RaftServerImpl (ServerState.java:setLeader(263)) - dcc77c7b-1d37-448d-8d57-43d254561693:group-99912B84409F change Leader from null to dcc77c7b-1d37-448d-8d57-43d254561693 at term 1 for becomeLeader, leader elected after 5058ms
2019-09-19 14:04:55,639 [dcc77c7b-1d37-448d-8d57-43d254561693:group-A8FD2D474859:LeaderElection561] INFO  impl.RoleInfo (RoleInfo.java:shutdownLeaderElection(134)) - dcc77c7b-1d37-448d-8d57-43d254561693: shutdown LeaderElection
2019-09-19 14:04:55,642 [dcc77c7b-1d37-448d-8d57-43d254561693:group-99912B84409F:LeaderElection560] INFO  server.RaftServerConfigKeys (ConfUtils.java:logGet(43)) - raft.server.staging.catchup.gap = 1000 (default)
2019-09-19 14:04:55,642 [dcc77c7b-1d37-448d-8d57-43d254561693:group-6F0B87A6652D:LeaderElection563] INFO  server.RaftServerConfigKeys (ConfUtils.java:logGet(43)) - raft.server.rpc.sleep.time = 25ms (default)
2019-09-19 14:04:55,642 [dcc77c7b-1d37-448d-8d57-43d254561693:group-11869BE1A9F1:LeaderElection554] INFO  server.RaftServerConfigKeys (ConfUtils.java:logGet(43)) - raft.server.rpc.sleep.time = 25ms (default)
2019-09-19 14:04:55,641 [dcc77c7b-1d37-448d-8d57-43d254561693:group-7C1E89322A1A:LeaderElection557] INFO  server.RaftServerConfigKeys (ConfUtils.java:logGet(43)) - raft.server.rpc.sleep.time = 25ms (default)
2019-09-19 14:04:55,641 [dcc77c7b-1d37-448d-8d57-43d254561693:group-6752562DDCDA:LeaderElection558] INFO  server.RaftServerConfigKeys (ConfUtils.java:logGet(43)) - raft.server.staging.catchup.gap = 1000 (default)
2019-09-19 14:04:55,641 [dcc77c7b-1d37-448d-8d57-43d254561693:group-5585B1E8EF5D:LeaderElection562] INFO  impl.RaftServerImpl (ServerState.java:setLeader(263)) - dcc77c7b-1d37-448d-8d57-43d254561693:group-5585B1E8EF5D change Leader from null to dcc77c7b-1d37-448d-8d57-43d254561693 at term 1 for becomeLeader, leader elected after 5244ms
2019-09-19 14:04:55,641 [dcc77c7b-1d37-448d-8d57-43d254561693:group-5FE8443C3FF9:LeaderElection556] INFO  server.RaftServerConfigKeys (ConfUtils.java:logGet(43)) - raft.server.staging.catchup.gap = 1000 (default)
2019-09-19 14:04:55,643 [dcc77c7b-1d37-448d-8d57-43d254561693:group-5FE8443C3FF9:LeaderElection556] INFO  server.RaftServerConfigKeys (ConfUtils.java:logGet(43)) - raft.server.rpc.sleep.time = 25ms (default)
2019-09-19 14:04:55,641 [dcc77c7b-1d37-448d-8d57-43d254561693:group-354F667D570A:LeaderElection553] INFO  server.RaftServerConfigKeys (ConfUtils.java:logGet(43)) - raft.server.staging.catchup.gap = 1000 (default)
2019-09-19 14:04:55,641 [dcc77c7b-1d37-448d-8d57-43d254561693:group-9C61F58BE974:LeaderElection559] INFO  server.RaftServerConfigKeys (ConfUtils.java:logGet(43)) - raft.server.rpc.sleep.time = 25ms (default)
2019-09-19 14:04:55,641 [dcc77c7b-1d37-448d-8d57-43d254561693:group-7430C03AE933:LeaderElection555] INFO  impl.RoleInfo (RoleInfo.java:shutdownLeaderElection(134)) - dcc77c7b-1d37-448d-8d57-43d254561693: shutdown LeaderElection
2019-09-19 14:04:55,643 [dcc77c7b-1d37-448d-8d57-43d254561693:group-9C61F58BE974:LeaderElection559] INFO  server.RaftServerConfigKeys (ConfUtils.java:logGet(43)) - raft.server.write.element-limit = 4096 (default)
2019-09-19 14:04:55,643 [dcc77c7b-1d37-448d-8d57-43d254561693:group-354F667D570A:LeaderElection553] INFO  server.RaftServerConfigKeys (ConfUtils.java:logGet(43)) - raft.server.rpc.sleep.time = 25ms (default)
2019-09-19 14:04:55,643 [dcc77c7b-1d37-448d-8d57-43d254561693:group-5FE8443C3FF9:LeaderElection556] INFO  server.RaftServerConfigKeys (ConfUtils.java:logGet(43)) - raft.server.write.element-limit = 4096 (default)
2019-09-19 14:04:55,644 [dcc77c7b-1d37-448d-8d57-43d254561693:group-5FE8443C3FF9:LeaderElection556] INFO  server.RaftServerConfigKeys (ConfUtils.java:logGet(43)) - raft.server.watch.timeout = 10s (default)
2019-09-19 14:04:55,643 [dcc77c7b-1d37-448d-8d57-43d254561693:group-5585B1E8EF5D:LeaderElection562] INFO  server.RaftServerConfigKeys (ConfUtils.java:logGet(43)) - raft.server.staging.catchup.gap = 1000 (default)
2019-09-19 14:04:55,642 [dcc77c7b-1d37-448d-8d57-43d254561693:group-6752562DDCDA:LeaderElection558] INFO  server.RaftServerConfigKeys (ConfUtils.java:logGet(43)) - raft.server.rpc.sleep.time = 25ms (default)
2019-09-19 14:04:55,642 [dcc77c7b-1d37-448d-8d57-43d254561693:group-7C1E89322A1A:LeaderElection557] INFO  server.RaftServerConfigKeys (ConfUtils.java:logGet(43)) - raft.server.write.element-limit = 4096 (default)
2019-09-19 14:04:55,642 [dcc77c7b-1d37-448d-8d57-43d254561693:group-11869BE1A9F1:LeaderElection554] INFO  server.RaftServerConfigKeys (ConfUtils.java:logGet(43)) - raft.server.write.element-limit = 4096 (default)
2019-09-19 14:04:55,644 [dcc77c7b-1d37-448d-8d57-43d254561693:group-11869BE1A9F1:LeaderElection554] INFO  server.RaftServerConfigKeys (ConfUtils.java:logGet(43)) - raft.server.watch.timeout = 10s (default)
2019-09-19 14:04:55,642 [dcc77c7b-1d37-448d-8d57-43d254561693:group-6F0B87A6652D:LeaderElection563] INFO  server.RaftServerConfigKeys (ConfUtils.java:logGet(43)) - raft.server.write.element-limit = 4096 (default)
2019-09-19 14:04:55,642 [dcc77c7b-1d37-448d-8d57-43d254561693:group-99912B84409F:LeaderElection560] INFO  server.RaftServerConfigKeys (ConfUtils.java:logGet(43)) - raft.server.rpc.sleep.time = 25ms (default)
2019-09-19 14:04:55,642 [dcc77c7b-1d37-448d-8d57-43d254561693:group-A8FD2D474859:LeaderElection561] INFO  impl.RaftServerImpl (RaftServerImpl.java:setRole(171)) - dcc77c7b-1d37-448d-8d57-43d254561693:group-A8FD2D474859 changes role from CANDIDATE to LEADER at term 1 for changeToLeader
2019-09-19 14:04:55,645 [dcc77c7b-1d37-448d-8d57-43d254561693:group-99912B84409F:LeaderElection560] INFO  server.RaftServerConfigKeys (ConfUtils.java:logGet(43)) - raft.server.write.element-limit = 4096 (default)
2019-09-19 14:04:55,645 [dcc77c7b-1d37-448d-8d57-43d254561693:group-99912B84409F:LeaderElection560] INFO  server.RaftServerConfigKeys (ConfUtils.java:logGet(43)) - raft.server.watch.timeout = 10s (default)
2019-09-19 14:04:55,644 [dcc77c7b-1d37-448d-8d57-43d254561693:group-6F0B87A6652D:LeaderElection563] INFO  server.RaftServerConfigKeys (ConfUtils.java:logGet(43)) - raft.server.watch.timeout = 10s (default)
2019-09-19 14:04:55,644 [dcc77c7b-1d37-448d-8d57-43d254561693:group-11869BE1A9F1:LeaderElection554] INFO  server.RaftServerConfigKeys (ConfUtils.java:logGet(43)) - raft.server.watch.timeout.denomination = 1s (default)
2019-09-19 14:04:55,644 [dcc77c7b-1d37-448d-8d57-43d254561693:group-7C1E89322A1A:LeaderElection557] INFO  server.RaftServerConfigKeys (ConfUtils.java:logGet(43)) - raft.server.watch.timeout = 10s (default)
2019-09-19 14:04:55,644 [dcc77c7b-1d37-448d-8d57-43d254561693:group-6752562DDCDA:LeaderElection558] INFO  server.RaftServerConfigKeys (ConfUtils.java:logGet(43)) - raft.server.write.element-limit = 4096 (default)
2019-09-19 14:04:55,645 [dcc77c7b-1d37-448d-8d57-43d254561693:group-6752562DDCDA:LeaderElection558] INFO  server.RaftServerConfigKeys (ConfUtils.java:logGet(43)) - raft.server.watch.timeout = 10s (default)
2019-09-19 14:04:55,644 [dcc77c7b-1d37-448d-8d57-43d254561693:group-5585B1E8EF5D:LeaderElection562] INFO  server.RaftServerConfigKeys (ConfUtils.java:logGet(43)) - raft.server.rpc.sleep.time = 25ms (default)
2019-09-19 14:04:55,644 [dcc77c7b-1d37-448d-8d57-43d254561693:group-5FE8443C3FF9:LeaderElection556] INFO  server.RaftServerConfigKeys (ConfUtils.java:logGet(43)) - raft.server.watch.timeout.denomination = 1s (default)
2019-09-19 14:04:55,643 [dcc77c7b-1d37-448d-8d57-43d254561693:group-354F667D570A:LeaderElection553] INFO  server.RaftServerConfigKeys (ConfUtils.java:logGet(43)) - raft.server.write.element-limit = 4096 (default)
2019-09-19 14:04:55,643 [dcc77c7b-1d37-448d-8d57-43d254561693:group-9C61F58BE974:LeaderElection559] INFO  server.RaftServerConfigKeys (ConfUtils.java:logGet(43)) - raft.server.watch.timeout = 10s (default)
2019-09-19 14:04:55,646 [dcc77c7b-1d37-448d-8d57-43d254561693:group-9C61F58BE974:LeaderElection559] INFO  server.RaftServerConfigKeys (ConfUtils.java:logGet(43)) - raft.server.watch.timeout.denomination = 1s (default)
2019-09-19 14:04:55,646 [dcc77c7b-1d37-448d-8d57-43d254561693:group-9C61F58BE974:LeaderElection559] INFO  server.RaftServerConfigKeys (ConfUtils.java:logGet(43)) - raft.server.watch.element-limit = 65536 (default)
2019-09-19 14:04:55,643 [dcc77c7b-1d37-448d-8d57-43d254561693:group-7430C03AE933:LeaderElection555] INFO  impl.RaftServerImpl (RaftServerImpl.java:setRole(171)) - dcc77c7b-1d37-448d-8d57-43d254561693:group-7430C03AE933 changes role from CANDIDATE to LEADER at term 1 for changeToLeader
2019-09-19 14:04:55,646 [dcc77c7b-1d37-448d-8d57-43d254561693:group-9C61F58BE974:LeaderElection559] INFO  impl.RoleInfo (RoleInfo.java:updateAndGet(143)) - dcc77c7b-1d37-448d-8d57-43d254561693: start LeaderState
2019-09-19 14:04:55,646 [dcc77c7b-1d37-448d-8d57-43d254561693:group-354F667D570A:LeaderElection553] INFO  server.RaftServerConfigKeys (ConfUtils.java:logGet(43)) - raft.server.watch.timeout = 10s (default)
2019-09-19 14:04:55,646 [dcc77c7b-1d37-448d-8d57-43d254561693:group-9C61F58BE974:LeaderElection559] INFO  segmented.SegmentedRaftLogWorker (SegmentedRaftLogWorker.java:startLogSegment(380)) - dcc77c7b-1d37-448d-8d57-43d254561693-SegmentedRaftLogWorker:Storage Directory /workdir/hadoop-ozone/integration-test/target/test-dir/MiniOzoneClusterImpl-3b2755de-4cfe-4b43-9e0d-73dd8eda8f75/datanode-0/data/ratis/979cd7ef-cbfc-409b-9149-9c61f58be974: Starting segment from index:0
2019-09-19 14:04:55,646 [dcc77c7b-1d37-448d-8d57-43d254561693:group-5FE8443C3FF9:LeaderElection556] INFO  server.RaftServerConfigKeys (ConfUtils.java:logGet(43)) - raft.server.watch.element-limit = 65536 (default)
2019-09-19 14:04:55,986 | INFO  | SCMAudit | user=jenkins1000 | ip=192.168.157.226 | op=SEND_HEARTBEAT {datanodeUUID=dcc77c7b-1d37-448d-8d57-43d254561693, command=[]} | ret=SUCCESS |  
2019-09-19 14:04:55,646 [dcc77c7b-1d37-448d-8d57-43d254561693:group-5585B1E8EF5D:LeaderElection562] INFO  server.RaftServerConfigKeys (ConfUtils.java:logGet(43)) - raft.server.write.element-limit = 4096 (default)
2019-09-19 14:04:55,645 [dcc77c7b-1d37-448d-8d57-43d254561693:group-6752562DDCDA:LeaderElection558] INFO  server.RaftServerConfigKeys (ConfUtils.java:logGet(43)) - raft.server.watch.timeout.denomination = 1s (default)
2019-09-19 14:04:55,645 [dcc77c7b-1d37-448d-8d57-43d254561693:group-7C1E89322A1A:LeaderElection557] INFO  server.RaftServerConfigKeys (ConfUtils.java:logGet(43)) - raft.server.watch.timeout.denomination = 1s (default)
2019-09-19 14:04:55,645 [dcc77c7b-1d37-448d-8d57-43d254561693:group-11869BE1A9F1:LeaderElection554] INFO  server.RaftServerConfigKeys (ConfUtils.java:logGet(43)) - raft.server.watch.element-limit = 65536 (default)
2019-09-19 14:04:55,645 [dcc77c7b-1d37-448d-8d57-43d254561693:group-6F0B87A6652D:LeaderElection563] INFO  server.RaftServerConfigKeys (ConfUtils.java:logGet(43)) - raft.server.watch.timeout.denomination = 1s (default)
2019-09-19 14:04:55,645 [dcc77c7b-1d37-448d-8d57-43d254561693:group-99912B84409F:LeaderElection560] INFO  server.RaftServerConfigKeys (ConfUtils.java:logGet(43)) - raft.server.watch.timeout.denomination = 1s (default)
2019-09-19 14:04:55,645 [dcc77c7b-1d37-448d-8d57-43d254561693:group-A8FD2D474859:LeaderElection561] INFO  impl.RaftServerImpl (ServerState.java:setLeader(263)) - dcc77c7b-1d37-448d-8d57-43d254561693:group-A8FD2D474859 change Leader from null to dcc77c7b-1d37-448d-8d57-43d254561693 at term 1 for becomeLeader, leader elected after 5411ms
2019-09-19 14:04:55,987 [dcc77c7b-1d37-448d-8d57-43d254561693:group-99912B84409F:LeaderElection560] INFO  server.RaftServerConfigKeys (ConfUtils.java:logGet(43)) - raft.server.watch.element-limit = 65536 (default)
2019-09-19 14:04:55,987 [dcc77c7b-1d37-448d-8d57-43d254561693:group-6F0B87A6652D:LeaderElection563] INFO  server.RaftServerConfigKeys (ConfUtils.java:logGet(43)) - raft.server.watch.element-limit = 65536 (default)
2019-09-19 14:04:55,987 [dcc77c7b-1d37-448d-8d57-43d254561693:group-11869BE1A9F1:LeaderElection554] INFO  impl.RoleInfo (RoleInfo.java:updateAndGet(143)) - dcc77c7b-1d37-448d-8d57-43d254561693: start LeaderState
2019-09-19 14:04:55,987 [dcc77c7b-1d37-448d-8d57-43d254561693:group-7C1E89322A1A:LeaderElection557] INFO  server.RaftServerConfigKeys (ConfUtils.java:logGet(43)) - raft.server.watch.element-limit = 65536 (default)
2019-09-19 14:04:55,986 [dcc77c7b-1d37-448d-8d57-43d254561693:group-6752562DDCDA:LeaderElection558] INFO  server.RaftServerConfigKeys (ConfUtils.java:logGet(43)) - raft.server.watch.element-limit = 65536 (default)
2019-09-19 14:04:55,986 [dcc77c7b-1d37-448d-8d57-43d254561693:group-5585B1E8EF5D:LeaderElection562] INFO  server.RaftServerConfigKeys (ConfUtils.java:logGet(43)) - raft.server.watch.timeout = 10s (default)
2019-09-19 14:04:55,988 [dcc77c7b-1d37-448d-8d57-43d254561693:group-5585B1E8EF5D:LeaderElection562] INFO  server.RaftServerConfigKeys (ConfUtils.java:logGet(43)) - raft.server.watch.timeout.denomination = 1s (default)
2019-09-19 14:04:55,647 [dcc77c7b-1d37-448d-8d57-43d254561693:group-9C61F58BE974:LeaderElection559] INFO  impl.RaftServerImpl (ServerState.java:setRaftConf(361)) - dcc77c7b-1d37-448d-8d57-43d254561693:group-9C61F58BE974 set configuration 0: [dcc77c7b-1d37-448d-8d57-43d254561693:192.168.157.226:34527], old=null at 0
2019-09-19 14:04:55,647 [dcc77c7b-1d37-448d-8d57-43d254561693:group-5FE8443C3FF9:LeaderElection556] INFO  impl.RoleInfo (RoleInfo.java:updateAndGet(143)) - dcc77c7b-1d37-448d-8d57-43d254561693: start LeaderState
2019-09-19 14:04:55,986 [dcc77c7b-1d37-448d-8d57-43d254561693-SegmentedRaftLogWorker:Storage Directory /workdir/hadoop-ozone/integration-test/target/test-dir/MiniOzoneClusterImpl-3b2755de-4cfe-4b43-9e0d-73dd8eda8f75/datanode-0/data/ratis/83c6f2d8-1c55-4cd1-b0bb-2e6f357cf8b7] INFO  segmented.SegmentedRaftLogWorker (SegmentedRaftLogWorker.java:execute(569)) - dcc77c7b-1d37-448d-8d57-43d254561693-SegmentedRaftLogWorker:Storage Directory /workdir/hadoop-ozone/integration-test/target/test-dir/MiniOzoneClusterImpl-3b2755de-4cfe-4b43-9e0d-73dd8eda8f75/datanode-0/data/ratis/83c6f2d8-1c55-4cd1-b0bb-2e6f357cf8b7: created new log segment /workdir/hadoop-ozone/integration-test/target/test-dir/MiniOzoneClusterImpl-3b2755de-4cfe-4b43-9e0d-73dd8eda8f75/datanode-0/data/ratis/83c6f2d8-1c55-4cd1-b0bb-2e6f357cf8b7/current/log_inprogress_0
2019-09-19 14:04:55,986 [pool-58-thread-1] INFO  storage.RaftStorageDirectory (RaftStorageDirectory.java:tryLock(328)) - Lock on /workdir/hadoop-ozone/integration-test/target/test-dir/MiniOzoneClusterImpl-3b2755de-4cfe-4b43-9e0d-73dd8eda8f75/datanode-0/data/ratis/ed48526f-596a-4aef-aa91-5aa8f96077a0/in_use.lock acquired by nodename 30982@pr-hdds-1569-swxfz-3172132826
2019-09-19 14:04:55,986 [Thread-4169] WARN  util.JavaUtils (JavaUtils.java:sleep(250)) - Unexpected long sleep: sleep(5034ms) actually took 5343ms which is over the threshold 300ms
2019-09-19 14:04:55,986 [Thread-4157] WARN  util.JavaUtils (JavaUtils.java:sleep(250)) - Unexpected long sleep: sleep(5128ms) actually took 5436ms which is over the threshold 300ms
2019-09-19 14:04:55,985 [Thread-4166] INFO  impl.FollowerState (FollowerState.java:run(106)) - dcc77c7b-1d37-448d-8d57-43d254561693:group-AD94DCFD5F37 changes to CANDIDATE, lastRpcTime:5360, electionTimeout:5090ms
2019-09-19 14:04:55,990 [Thread-4166] INFO  impl.RoleInfo (RoleInfo.java:shutdownFollowerState(121)) - dcc77c7b-1d37-448d-8d57-43d254561693: shutdown FollowerState
2019-09-19 14:04:55,985 [Thread-4175] INFO  impl.FollowerState (FollowerState.java:run(106)) - dcc77c7b-1d37-448d-8d57-43d254561693:group-EC9A652F867E changes to CANDIDATE, lastRpcTime:5262, electionTimeout:5026ms
2019-09-19 14:04:55,990 [Thread-4175] INFO  impl.RoleInfo (RoleInfo.java:shutdownFollowerState(121)) - dcc77c7b-1d37-448d-8d57-43d254561693: shutdown FollowerState
2019-09-19 14:04:55,985 [Thread-4178] INFO  impl.FollowerState (FollowerState.java:run(106)) - dcc77c7b-1d37-448d-8d57-43d254561693:group-FC8AC56A4CFE changes to CANDIDATE, lastRpcTime:5224, electionTimeout:5014ms
2019-09-19 14:04:55,990 [Thread-4178] INFO  impl.RoleInfo (RoleInfo.java:shutdownFollowerState(121)) - dcc77c7b-1d37-448d-8d57-43d254561693: shutdown FollowerState
2019-09-19 14:04:55,985 [Thread-4172] INFO  impl.FollowerState (FollowerState.java:run(106)) - dcc77c7b-1d37-448d-8d57-43d254561693:group-07E00FEA8C55 changes to CANDIDATE, lastRpcTime:5299, electionTimeout:5090ms
2019-09-19 14:04:55,990 [Thread-4172] INFO  impl.RoleInfo (RoleInfo.java:shutdownFollowerState(121)) - dcc77c7b-1d37-448d-8d57-43d254561693: shutdown FollowerState
2019-09-19 14:04:55,990 [Thread-4172] INFO  impl.RaftServerImpl (RaftServerImpl.java:setRole(171)) - dcc77c7b-1d37-448d-8d57-43d254561693:group-07E00FEA8C55 changes role from FOLLOWER to CANDIDATE at term 0 for changeToCandidate
2019-09-19 14:04:55,984 [Thread-4184] INFO  impl.FollowerState (FollowerState.java:run(106)) - dcc77c7b-1d37-448d-8d57-43d254561693:group-1C369C9291F7 changes to CANDIDATE, lastRpcTime:5150, electionTimeout:5062ms
2019-09-19 14:04:55,983 [Thread-4181] INFO  impl.FollowerState (FollowerState.java:run(106)) - dcc77c7b-1d37-448d-8d57-43d254561693:group-ED4FE5DA218F changes to CANDIDATE, lastRpcTime:5186, electionTimeout:5178ms
2019-09-19 14:04:55,991 [Thread-4181] INFO  impl.RoleInfo (RoleInfo.java:shutdownFollowerState(121)) - dcc77c7b-1d37-448d-8d57-43d254561693: shutdown FollowerState
2019-09-19 14:04:55,991 [Thread-4181] INFO  impl.RaftServerImpl (RaftServerImpl.java:setRole(171)) - dcc77c7b-1d37-448d-8d57-43d254561693:group-ED4FE5DA218F changes role from FOLLOWER to CANDIDATE at term 0 for changeToCandidate
2019-09-19 14:04:55,647 [dcc77c7b-1d37-448d-8d57-43d254561693:group-354F667D570A:LeaderElection553] INFO  server.RaftServerConfigKeys (ConfUtils.java:logGet(43)) - raft.server.watch.timeout.denomination = 1s (default)
2019-09-19 14:04:55,646 [dcc77c7b-1d37-448d-8d57-43d254561693:group-7430C03AE933:LeaderElection555] INFO  impl.RaftServerImpl (ServerState.java:setLeader(263)) - dcc77c7b-1d37-448d-8d57-43d254561693:group-7430C03AE933 change Leader from null to dcc77c7b-1d37-448d-8d57-43d254561693 at term 1 for becomeLeader, leader elected after 5377ms
2019-09-19 14:04:55,991 [dcc77c7b-1d37-448d-8d57-43d254561693:group-354F667D570A:LeaderElection553] INFO  server.RaftServerConfigKeys (ConfUtils.java:logGet(43)) - raft.server.watch.element-limit = 65536 (default)
2019-09-19 14:04:55,991 [Thread-4181] INFO  impl.RoleInfo (RoleInfo.java:updateAndGet(143)) - dcc77c7b-1d37-448d-8d57-43d254561693: start LeaderElection
2019-09-19 14:04:55,991 [Thread-4184] INFO  impl.RoleInfo (RoleInfo.java:shutdownFollowerState(121)) - dcc77c7b-1d37-448d-8d57-43d254561693: shutdown FollowerState
2019-09-19 14:04:55,992 [Thread-4184] INFO  impl.RaftServerImpl (RaftServerImpl.java:setRole(171)) - dcc77c7b-1d37-448d-8d57-43d254561693:group-1C369C9291F7 changes role from FOLLOWER to CANDIDATE at term 0 for changeToCandidate
2019-09-19 14:04:55,990 [Thread-4172] INFO  impl.RoleInfo (RoleInfo.java:updateAndGet(143)) - dcc77c7b-1d37-448d-8d57-43d254561693: start LeaderElection
2019-09-19 14:04:55,990 [Thread-4178] INFO  impl.RaftServerImpl (RaftServerImpl.java:setRole(171)) - dcc77c7b-1d37-448d-8d57-43d254561693:group-FC8AC56A4CFE changes role from FOLLOWER to CANDIDATE at term 0 for changeToCandidate
2019-09-19 14:04:55,990 [Thread-4175] INFO  impl.RaftServerImpl (RaftServerImpl.java:setRole(171)) - dcc77c7b-1d37-448d-8d57-43d254561693:group-EC9A652F867E changes role from FOLLOWER to CANDIDATE at term 0 for changeToCandidate
2019-09-19 14:04:55,990 [Thread-4190] INFO  impl.FollowerState (FollowerState.java:run(106)) - dcc77c7b-1d37-448d-8d57-43d254561693:group-0C7ED090D72E changes to CANDIDATE, lastRpcTime:5055, electionTimeout:5055ms
2019-09-19 14:04:55,992 [Thread-4190] INFO  impl.RoleInfo (RoleInfo.java:shutdownFollowerState(121)) - dcc77c7b-1d37-448d-8d57-43d254561693: shutdown FollowerState
2019-09-19 14:04:55,992 [Thread-4190] INFO  impl.RaftServerImpl (RaftServerImpl.java:setRole(171)) - dcc77c7b-1d37-448d-8d57-43d254561693:group-0C7ED090D72E changes role from FOLLOWER to CANDIDATE at term 0 for changeToCandidate
2019-09-19 14:04:55,990 [Thread-4166] INFO  impl.RaftServerImpl (RaftServerImpl.java:setRole(171)) - dcc77c7b-1d37-448d-8d57-43d254561693:group-AD94DCFD5F37 changes role from FOLLOWER to CANDIDATE at term 0 for changeToCandidate
2019-09-19 14:04:55,989 [dcc77c7b-1d37-448d-8d57-43d254561693:group-5FE8443C3FF9:LeaderElection556] INFO  segmented.SegmentedRaftLogWorker (SegmentedRaftLogWorker.java:startLogSegment(380)) - dcc77c7b-1d37-448d-8d57-43d254561693-SegmentedRaftLogWorker:Storage Directory /workdir/hadoop-ozone/integration-test/target/test-dir/MiniOzoneClusterImpl-3b2755de-4cfe-4b43-9e0d-73dd8eda8f75/datanode-0/data/ratis/1dc62731-1564-44e9-a656-5fe8443c3ff9: Starting segment from index:0
2019-09-19 14:04:55,989 [dcc77c7b-1d37-448d-8d57-43d254561693:group-5585B1E8EF5D:LeaderElection562] INFO  server.RaftServerConfigKeys (ConfUtils.java:logGet(43)) - raft.server.watch.element-limit = 65536 (default)
2019-09-19 14:04:55,988 [dcc77c7b-1d37-448d-8d57-43d254561693:group-6752562DDCDA:LeaderElection558] INFO  impl.RoleInfo (RoleInfo.java:updateAndGet(143)) - dcc77c7b-1d37-448d-8d57-43d254561693: start LeaderState
2019-09-19 14:04:55,988 [dcc77c7b-1d37-448d-8d57-43d254561693:group-7C1E89322A1A:LeaderElection557] INFO  impl.RoleInfo (RoleInfo.java:updateAndGet(143)) - dcc77c7b-1d37-448d-8d57-43d254561693: start LeaderState
2019-09-19 14:04:56,320 | INFO  | SCMAudit | user=jenkins1000 | ip=192.168.157.226 | op=SEND_HEARTBEAT {datanodeUUID=dcc77c7b-1d37-448d-8d57-43d254561693, command=[]} | ret=SUCCESS |  
2019-09-19 14:04:55,988 [dcc77c7b-1d37-448d-8d57-43d254561693:group-11869BE1A9F1:LeaderElection554] INFO  segmented.SegmentedRaftLogWorker (SegmentedRaftLogWorker.java:startLogSegment(380)) - dcc77c7b-1d37-448d-8d57-43d254561693-SegmentedRaftLogWorker:Storage Directory /workdir/hadoop-ozone/integration-test/target/test-dir/MiniOzoneClusterImpl-3b2755de-4cfe-4b43-9e0d-73dd8eda8f75/datanode-0/data/ratis/abcc18f0-c26d-4d41-9759-11869be1a9f1: Starting segment from index:0
2019-09-19 14:04:55,988 [dcc77c7b-1d37-448d-8d57-43d254561693:group-6F0B87A6652D:LeaderElection563] INFO  impl.RoleInfo (RoleInfo.java:updateAndGet(143)) - dcc77c7b-1d37-448d-8d57-43d254561693: start LeaderState
2019-09-19 14:04:55,988 [dcc77c7b-1d37-448d-8d57-43d254561693:group-99912B84409F:LeaderElection560] INFO  impl.RoleInfo (RoleInfo.java:updateAndGet(143)) - dcc77c7b-1d37-448d-8d57-43d254561693: start LeaderState
2019-09-19 14:04:55,987 [dcc77c7b-1d37-448d-8d57-43d254561693:group-A8FD2D474859:LeaderElection561] INFO  server.RaftServerConfigKeys (ConfUtils.java:logGet(43)) - raft.server.staging.catchup.gap = 1000 (default)
2019-09-19 14:04:56,623 [dcc77c7b-1d37-448d-8d57-43d254561693:group-99912B84409F:LeaderElection560] INFO  segmented.SegmentedRaftLogWorker (SegmentedRaftLogWorker.java:startLogSegment(380)) - dcc77c7b-1d37-448d-8d57-43d254561693-SegmentedRaftLogWorker:Storage Directory /workdir/hadoop-ozone/integration-test/target/test-dir/MiniOzoneClusterImpl-3b2755de-4cfe-4b43-9e0d-73dd8eda8f75/datanode-0/data/ratis/cf6cdb73-37c6-40ba-8817-99912b84409f: Starting segment from index:0
2019-09-19 14:04:56,623 | INFO  | SCMAudit | user=jenkins1000 | ip=192.168.157.226 | op=SEND_HEARTBEAT {datanodeUUID=dcc77c7b-1d37-448d-8d57-43d254561693, command=[]} | ret=SUCCESS |  
2019-09-19 14:04:56,623 [Thread-4214] INFO  impl.FollowerState (FollowerState.java:run(106)) - dcc77c7b-1d37-448d-8d57-43d254561693:group-A8E7F9479FC5 changes to CANDIDATE, lastRpcTime:5369, electionTimeout:5108ms
2019-09-19 14:04:56,624 [Thread-4214] INFO  impl.RoleInfo (RoleInfo.java:shutdownFollowerState(121)) - dcc77c7b-1d37-448d-8d57-43d254561693: shutdown FollowerState
2019-09-19 14:04:56,623 [Thread-4233] INFO  impl.FollowerState (FollowerState.java:run(106)) - dcc77c7b-1d37-448d-8d57-43d254561693:group-C7074BE8E490 changes to CANDIDATE, lastRpcTime:5233, electionTimeout:5037ms
2019-09-19 14:04:56,916 [Thread-4233] INFO  impl.RoleInfo (RoleInfo.java:shutdownFollowerState(121)) - dcc77c7b-1d37-448d-8d57-43d254561693: shutdown FollowerState
2019-09-19 14:04:56,623 [Thread-4223] INFO  impl.FollowerState (FollowerState.java:run(106)) - dcc77c7b-1d37-448d-8d57-43d254561693:group-8F62CC6B93F9 changes to CANDIDATE, lastRpcTime:5283, electionTimeout:5087ms
2019-09-19 14:04:56,923 [Thread-4223] INFO  impl.RoleInfo (RoleInfo.java:shutdownFollowerState(121)) - dcc77c7b-1d37-448d-8d57-43d254561693: shutdown FollowerState
2019-09-19 14:04:56,623 [Thread-4217] INFO  impl.FollowerState (FollowerState.java:run(106)) - dcc77c7b-1d37-448d-8d57-43d254561693:group-3D808B4B51C3 changes to CANDIDATE, lastRpcTime:5336, electionTimeout:5161ms
2019-09-19 14:04:56,924 [Thread-4217] INFO  impl.RoleInfo (RoleInfo.java:shutdownFollowerState(121)) - dcc77c7b-1d37-448d-8d57-43d254561693: shutdown FollowerState
2019-09-19 14:04:56,623 [Thread-4220] INFO  impl.FollowerState (FollowerState.java:run(106)) - dcc77c7b-1d37-448d-8d57-43d254561693:group-3CB5F09D983C changes to CANDIDATE, lastRpcTime:5315, electionTimeout:5184ms
2019-09-19 14:04:56,924 [Thread-4220] INFO  impl.RoleInfo (RoleInfo.java:shutdownFollowerState(121)) - dcc77c7b-1d37-448d-8d57-43d254561693: shutdown FollowerState
2019-09-19 14:04:56,924 | INFO  | SCMAudit | user=jenkins1000 | ip=192.168.157.226 | op=SEND_HEARTBEAT {datanodeUUID=dcc77c7b-1d37-448d-8d57-43d254561693, command=[]} | ret=SUCCESS |  
2019-09-19 14:04:56,623 [Thread-4236] INFO  impl.FollowerState (FollowerState.java:run(106)) - dcc77c7b-1d37-448d-8d57-43d254561693:group-9646DAB2F47F changes to CANDIDATE, lastRpcTime:5220, electionTimeout:5105ms
2019-09-19 14:04:56,924 [Thread-4236] INFO  impl.RoleInfo (RoleInfo.java:shutdownFollowerState(121)) - dcc77c7b-1d37-448d-8d57-43d254561693: shutdown FollowerState
2019-09-19 14:04:56,924 [Thread-4236] INFO  impl.RaftServerImpl (RaftServerImpl.java:setRole(171)) - dcc77c7b-1d37-448d-8d57-43d254561693:group-9646DAB2F47F changes role from FOLLOWER to CANDIDATE at term 0 for changeToCandidate
2019-09-19 14:04:56,623 [Thread-4258] INFO  impl.FollowerState (FollowerState.java:run(106)) - dcc77c7b-1d37-448d-8d57-43d254561693:group-C0BCADC5D7D8 changes to CANDIDATE, lastRpcTime:5087, electionTimeout:5032ms
2019-09-19 14:04:56,924 [Thread-4258] INFO  impl.RoleInfo (RoleInfo.java:shutdownFollowerState(121)) - dcc77c7b-1d37-448d-8d57-43d254561693: shutdown FollowerState
2019-09-19 14:04:56,623 [Thread-4228] INFO  impl.FollowerState (FollowerState.java:run(106)) - dcc77c7b-1d37-448d-8d57-43d254561693:group-761DA49682B2 changes to CANDIDATE, lastRpcTime:5258, electionTimeout:5171ms
2019-09-19 14:04:56,925 [Thread-4228] INFO  impl.RoleInfo (RoleInfo.java:shutdownFollowerState(121)) - dcc77c7b-1d37-448d-8d57-43d254561693: shutdown FollowerState
2019-09-19 14:04:56,623 [Thread-4251] INFO  impl.FollowerState (FollowerState.java:run(106)) - dcc77c7b-1d37-448d-8d57-43d254561693:group-827C827A8DAD changes to CANDIDATE, lastRpcTime:5121, electionTimeout:5081ms
2019-09-19 14:04:56,925 [Thread-4251] INFO  impl.RoleInfo (RoleInfo.java:shutdownFollowerState(121)) - dcc77c7b-1d37-448d-8d57-43d254561693: shutdown FollowerState
2019-09-19 14:04:56,622 [Thread-4246] INFO  impl.FollowerState (FollowerState.java:run(106)) - dcc77c7b-1d37-448d-8d57-43d254561693:group-9C89C73BB343 changes to CANDIDATE, lastRpcTime:5156, electionTimeout:5124ms
2019-09-19 14:04:56,925 [Thread-4246] INFO  impl.RoleInfo (RoleInfo.java:shutdownFollowerState(121)) - dcc77c7b-1d37-448d-8d57-43d254561693: shutdown FollowerState
2019-09-19 14:04:56,618 [Thread-4239] INFO  impl.FollowerState (FollowerState.java:run(106)) - dcc77c7b-1d37-448d-8d57-43d254561693:group-C427DF1D703E changes to CANDIDATE, lastRpcTime:5189, electionTimeout:5189ms
2019-09-19 14:04:56,925 [Thread-4239] INFO  impl.RoleInfo (RoleInfo.java:shutdownFollowerState(121)) - dcc77c7b-1d37-448d-8d57-43d254561693: shutdown FollowerState
2019-09-19 14:04:56,320 [dcc77c7b-1d37-448d-8d57-43d254561693:group-11869BE1A9F1:LeaderElection554] INFO  impl.RaftServerImpl (ServerState.java:setRaftConf(361)) - dcc77c7b-1d37-448d-8d57-43d254561693:group-11869BE1A9F1 set configuration 0: [dcc77c7b-1d37-448d-8d57-43d254561693:192.168.157.226:34527], old=null at 0
2019-09-19 14:04:56,320 [dcc77c7b-1d37-448d-8d57-43d254561693:group-6F0B87A6652D:LeaderElection563] INFO  segmented.SegmentedRaftLogWorker (SegmentedRaftLogWorker.java:startLogSegment(380)) - dcc77c7b-1d37-448d-8d57-43d254561693-SegmentedRaftLogWorker:Storage Directory /workdir/hadoop-ozone/integration-test/target/test-dir/MiniOzoneClusterImpl-3b2755de-4cfe-4b43-9e0d-73dd8eda8f75/datanode-0/data/ratis/ea3429c1-71ac-4a5f-9adf-6f0b87a6652d: Starting segment from index:0
2019-09-19 14:04:56,320 [dcc77c7b-1d37-448d-8d57-43d254561693:group-7C1E89322A1A:LeaderElection557] INFO  segmented.SegmentedRaftLogWorker (SegmentedRaftLogWorker.java:startLogSegment(380)) - dcc77c7b-1d37-448d-8d57-43d254561693-SegmentedRaftLogWorker:Storage Directory /workdir/hadoop-ozone/integration-test/target/test-dir/MiniOzoneClusterImpl-3b2755de-4cfe-4b43-9e0d-73dd8eda8f75/datanode-0/data/ratis/8402b45f-6353-4429-a404-7c1e89322a1a: Starting segment from index:0
2019-09-19 14:04:56,320 [dcc77c7b-1d37-448d-8d57-43d254561693:group-6752562DDCDA:LeaderElection558] INFO  segmented.SegmentedRaftLogWorker (SegmentedRaftLogWorker.java:startLogSegment(380)) - dcc77c7b-1d37-448d-8d57-43d254561693-SegmentedRaftLogWorker:Storage Directory /workdir/hadoop-ozone/integration-test/target/test-dir/MiniOzoneClusterImpl-3b2755de-4cfe-4b43-9e0d-73dd8eda8f75/datanode-0/data/ratis/faba916e-1699-421a-a235-6752562ddcda: Starting segment from index:0
2019-09-19 14:04:56,319 [dcc77c7b-1d37-448d-8d57-43d254561693:group-5585B1E8EF5D:LeaderElection562] INFO  impl.RoleInfo (RoleInfo.java:updateAndGet(143)) - dcc77c7b-1d37-448d-8d57-43d254561693: start LeaderState
2019-09-19 14:04:56,319 [dcc77c7b-1d37-448d-8d57-43d254561693:group-ED4FE5DA218F:LeaderElection565] INFO  impl.LeaderElection (LeaderElection.java:askForVotes(181)) - dcc77c7b-1d37-448d-8d57-43d254561693:group-ED4FE5DA218F:LeaderElection565: begin an election at term 1 for -1: [dcc77c7b-1d37-448d-8d57-43d254561693:192.168.157.226:34527], old=null
2019-09-19 14:04:57,184 | INFO  | SCMAudit | user=jenkins1000 | ip=192.168.157.226 | op=SEND_HEARTBEAT {datanodeUUID=dcc77c7b-1d37-448d-8d57-43d254561693, command=[]} | ret=SUCCESS |  
2019-09-19 14:04:56,926 [dcc77c7b-1d37-448d-8d57-43d254561693:group-5585B1E8EF5D:LeaderElection562] INFO  segmented.SegmentedRaftLogWorker (SegmentedRaftLogWorker.java:startLogSegment(380)) - dcc77c7b-1d37-448d-8d57-43d254561693-SegmentedRaftLogWorker:Storage Directory /workdir/hadoop-ozone/integration-test/target/test-dir/MiniOzoneClusterImpl-3b2755de-4cfe-4b43-9e0d-73dd8eda8f75/datanode-0/data/ratis/5e736f07-e612-485f-8517-5585b1e8ef5d: Starting segment from index:0
2019-09-19 14:04:56,927 [dcc77c7b-1d37-448d-8d57-43d254561693:group-6752562DDCDA:LeaderElection558] INFO  impl.RaftServerImpl (ServerState.java:setRaftConf(361)) - dcc77c7b-1d37-448d-8d57-43d254561693:group-6752562DDCDA set configuration 0: [dcc77c7b-1d37-448d-8d57-43d254561693:192.168.157.226:34527], old=null at 0
2019-09-19 14:04:55,993 [dcc77c7b-1d37-448d-8d57-43d254561693:group-5FE8443C3FF9:LeaderElection556] INFO  impl.RaftServerImpl (ServerState.java:setRaftConf(361)) - dcc77c7b-1d37-448d-8d57-43d254561693:group-5FE8443C3FF9 set configuration 0: [dcc77c7b-1d37-448d-8d57-43d254561693:192.168.157.226:34527], old=null at 0
2019-09-19 14:04:56,319 [dcc77c7b-1d37-448d-8d57-43d254561693:group-07E00FEA8C55:LeaderElection564] INFO  impl.LeaderElection (LeaderElection.java:askForVotes(181)) - dcc77c7b-1d37-448d-8d57-43d254561693:group-07E00FEA8C55:LeaderElection564: begin an election at term 1 for -1: [dcc77c7b-1d37-448d-8d57-43d254561693:192.168.157.226:34527], old=null
2019-09-19 14:04:58,056 | INFO  | SCMAudit | user=jenkins1000 | ip=192.168.157.226 | op=SEND_HEARTBEAT {datanodeUUID=dcc77c7b-1d37-448d-8d57-43d254561693, command=[]} | ret=SUCCESS |  
2019-09-19 14:04:58,056 [Thread-4409] INFO  impl.FollowerState (FollowerState.java:run(106)) - dcc77c7b-1d37-448d-8d57-43d254561693:group-B0D529AC88AD changes to CANDIDATE, lastRpcTime:5197, electionTimeout:5036ms
2019-09-19 14:04:56,319 [pool-58-thread-1] INFO  storage.RaftStorage (RaftStorage.java:format(72)) - Storage directory /workdir/hadoop-ozone/integration-test/target/test-dir/MiniOzoneClusterImpl-3b2755de-4cfe-4b43-9e0d-73dd8eda8f75/datanode-0/data/ratis/ed48526f-596a-4aef-aa91-5aa8f96077a0 has been successfully formatted.
2019-09-19 14:04:56,319 [Thread-4196] INFO  impl.FollowerState (FollowerState.java:run(106)) - dcc77c7b-1d37-448d-8d57-43d254561693:group-2522B1FB8D22 changes to CANDIDATE, lastRpcTime:5304, electionTimeout:5040ms
2019-09-19 14:04:58,059 [Thread-4196] INFO  impl.RoleInfo (RoleInfo.java:shutdownFollowerState(121)) - dcc77c7b-1d37-448d-8d57-43d254561693: shutdown FollowerState
2019-09-19 14:04:56,319 [Thread-4193] INFO  impl.FollowerState (FollowerState.java:run(106)) - dcc77c7b-1d37-448d-8d57-43d254561693:group-A456A21CC0DF changes to CANDIDATE, lastRpcTime:5339, electionTimeout:5089ms
2019-09-19 14:04:58,060 [Thread-4193] INFO  impl.RoleInfo (RoleInfo.java:shutdownFollowerState(121)) - dcc77c7b-1d37-448d-8d57-43d254561693: shutdown FollowerState
2019-09-19 14:04:58,060 | INFO  | SCMAudit | user=jenkins1000 | ip=192.168.157.226 | op=SEND_HEARTBEAT {datanodeUUID=dcc77c7b-1d37-448d-8d57-43d254561693, command=[]} | ret=SUCCESS |  
2019-09-19 14:04:56,319 [Thread-4187] INFO  impl.FollowerState (FollowerState.java:run(106)) - dcc77c7b-1d37-448d-8d57-43d254561693:group-355ED91025D3 changes to CANDIDATE, lastRpcTime:5448, electionTimeout:5198ms
2019-09-19 14:04:58,060 [Thread-4187] INFO  impl.RoleInfo (RoleInfo.java:shutdownFollowerState(121)) - dcc77c7b-1d37-448d-8d57-43d254561693: shutdown FollowerState
2019-09-19 14:04:56,319 [Thread-4202] INFO  impl.FollowerState (FollowerState.java:run(106)) - dcc77c7b-1d37-448d-8d57-43d254561693:group-D04ACBF66747 changes to CANDIDATE, lastRpcTime:5234, electionTimeout:5005ms
2019-09-19 14:04:58,060 [Thread-4202] INFO  impl.RoleInfo (RoleInfo.java:shutdownFollowerState(121)) - dcc77c7b-1d37-448d-8d57-43d254561693: shutdown FollowerState
2019-09-19 14:04:56,319 [Thread-4199] INFO  impl.FollowerState (FollowerState.java:run(106)) - dcc77c7b-1d37-448d-8d57-43d254561693:group-56D873A3B067 changes to CANDIDATE, lastRpcTime:5270, electionTimeout:5143ms
2019-09-19 14:04:58,060 [Thread-4199] INFO  impl.RoleInfo (RoleInfo.java:shutdownFollowerState(121)) - dcc77c7b-1d37-448d-8d57-43d254561693: shutdown FollowerState
2019-09-19 14:04:58,061 | INFO  | SCMAudit | user=jenkins1000 | ip=192.168.157.226 | op=SEND_HEARTBEAT {datanodeUUID=dcc77c7b-1d37-448d-8d57-43d254561693, command=[]} | ret=SUCCESS |  
2019-09-19 14:04:56,319 [Thread-4208] INFO  impl.FollowerState (FollowerState.java:run(106)) - dcc77c7b-1d37-448d-8d57-43d254561693:group-00ABCB16AA03 changes to CANDIDATE, lastRpcTime:5139, electionTimeout:5032ms
2019-09-19 14:04:58,061 [Thread-4208] INFO  impl.RoleInfo (RoleInfo.java:shutdownFollowerState(121)) - dcc77c7b-1d37-448d-8d57-43d254561693: shutdown FollowerState
2019-09-19 14:04:56,319 [Thread-4211] INFO  impl.FollowerState (FollowerState.java:run(106)) - dcc77c7b-1d37-448d-8d57-43d254561693:group-DF36A57A9136 changes to CANDIDATE, lastRpcTime:5107, electionTimeout:5008ms
2019-09-19 14:04:58,061 [Thread-4211] INFO  impl.RoleInfo (RoleInfo.java:shutdownFollowerState(121)) - dcc77c7b-1d37-448d-8d57-43d254561693: shutdown FollowerState
2019-09-19 14:04:56,319 [Thread-4205] INFO  impl.FollowerState (FollowerState.java:run(106)) - dcc77c7b-1d37-448d-8d57-43d254561693:group-46D08AB6022E changes to CANDIDATE, lastRpcTime:5199, electionTimeout:5104ms
2019-09-19 14:04:58,061 [Thread-4205] INFO  impl.RoleInfo (RoleInfo.java:shutdownFollowerState(121)) - dcc77c7b-1d37-448d-8d57-43d254561693: shutdown FollowerState
2019-09-19 14:04:55,992 [Thread-4166] INFO  impl.RoleInfo (RoleInfo.java:updateAndGet(143)) - dcc77c7b-1d37-448d-8d57-43d254561693: start LeaderElection
2019-09-19 14:04:55,992 [Thread-4190] INFO  impl.RoleInfo (RoleInfo.java:updateAndGet(143)) - dcc77c7b-1d37-448d-8d57-43d254561693: start LeaderElection
2019-09-19 14:04:55,992 [Thread-4175] INFO  impl.RoleInfo (RoleInfo.java:updateAndGet(143)) - dcc77c7b-1d37-448d-8d57-43d254561693: start LeaderElection
2019-09-19 14:04:55,992 [Thread-4178] INFO  impl.RoleInfo (RoleInfo.java:updateAndGet(143)) - dcc77c7b-1d37-448d-8d57-43d254561693: start LeaderElection
2019-09-19 14:04:55,992 [Thread-4184] INFO  impl.RoleInfo (RoleInfo.java:updateAndGet(143)) - dcc77c7b-1d37-448d-8d57-43d254561693: start LeaderElection
2019-09-19 14:04:55,991 [dcc77c7b-1d37-448d-8d57-43d254561693:group-354F667D570A:LeaderElection553] INFO  impl.RoleInfo (RoleInfo.java:updateAndGet(143)) - dcc77c7b-1d37-448d-8d57-43d254561693: start LeaderState
2019-09-19 14:04:55,991 [dcc77c7b-1d37-448d-8d57-43d254561693:group-7430C03AE933:LeaderElection555] INFO  server.RaftServerConfigKeys (ConfUtils.java:logGet(43)) - raft.server.staging.catchup.gap = 1000 (default)
2019-09-19 14:04:58,063 [dcc77c7b-1d37-448d-8d57-43d254561693:group-354F667D570A:LeaderElection553] INFO  segmented.SegmentedRaftLogWorker (SegmentedRaftLogWorker.java:startLogSegment(380)) - dcc77c7b-1d37-448d-8d57-43d254561693-SegmentedRaftLogWorker:Storage Directory /workdir/hadoop-ozone/integration-test/target/test-dir/MiniOzoneClusterImpl-3b2755de-4cfe-4b43-9e0d-73dd8eda8f75/datanode-0/data/ratis/af6ea782-4c84-45de-a511-354f667d570a: Starting segment from index:0
2019-09-19 14:04:58,061 [Thread-4205] INFO  impl.RaftServerImpl (RaftServerImpl.java:setRole(171)) - dcc77c7b-1d37-448d-8d57-43d254561693:group-46D08AB6022E changes role from FOLLOWER to CANDIDATE at term 0 for changeToCandidate
2019-09-19 14:04:58,342 | INFO  | SCMAudit | user=jenkins1000 | ip=192.168.157.226 | op=SEND_HEARTBEAT {datanodeUUID=dcc77c7b-1d37-448d-8d57-43d254561693, command=[]} | ret=SUCCESS |  
2019-09-19 14:04:58,061 [Thread-4211] INFO  impl.RaftServerImpl (RaftServerImpl.java:setRole(171)) - dcc77c7b-1d37-448d-8d57-43d254561693:group-DF36A57A9136 changes role from FOLLOWER to CANDIDATE at term 0 for changeToCandidate
2019-09-19 14:04:58,061 [Thread-4208] INFO  impl.RaftServerImpl (RaftServerImpl.java:setRole(171)) - dcc77c7b-1d37-448d-8d57-43d254561693:group-00ABCB16AA03 changes role from FOLLOWER to CANDIDATE at term 0 for changeToCandidate
2019-09-19 14:04:58,061 [Thread-4199] INFO  impl.RaftServerImpl (RaftServerImpl.java:setRole(171)) - dcc77c7b-1d37-448d-8d57-43d254561693:group-56D873A3B067 changes role from FOLLOWER to CANDIDATE at term 0 for changeToCandidate
2019-09-19 14:04:58,060 [Thread-4202] INFO  impl.RaftServerImpl (RaftServerImpl.java:setRole(171)) - dcc77c7b-1d37-448d-8d57-43d254561693:group-D04ACBF66747 changes role from FOLLOWER to CANDIDATE at term 0 for changeToCandidate
2019-09-19 14:04:58,060 [Thread-4187] INFO  impl.RaftServerImpl (RaftServerImpl.java:setRole(171)) - dcc77c7b-1d37-448d-8d57-43d254561693:group-355ED91025D3 changes role from FOLLOWER to CANDIDATE at term 0 for changeToCandidate
2019-09-19 14:04:58,060 [Thread-4193] INFO  impl.RaftServerImpl (RaftServerImpl.java:setRole(171)) - dcc77c7b-1d37-448d-8d57-43d254561693:group-A456A21CC0DF changes role from FOLLOWER to CANDIDATE at term 0 for changeToCandidate
2019-09-19 14:04:58,345 [Thread-4193] INFO  impl.RoleInfo (RoleInfo.java:updateAndGet(143)) - dcc77c7b-1d37-448d-8d57-43d254561693: start LeaderElection
2019-09-19 14:04:58,059 [Thread-4196] INFO  impl.RaftServerImpl (RaftServerImpl.java:setRole(171)) - dcc77c7b-1d37-448d-8d57-43d254561693:group-2522B1FB8D22 changes role from FOLLOWER to CANDIDATE at term 0 for changeToCandidate
2019-09-19 14:04:58,059 [pool-58-thread-1] INFO  ratis.ContainerStateMachine (ContainerStateMachine.java:loadSnapshot(226)) - group-5AA8F96077A0: The snapshot info is null. Setting the last applied indexto:(t:0, i:~)
2019-09-19 14:04:58,056 [Thread-4409] INFO  impl.RoleInfo (RoleInfo.java:shutdownFollowerState(121)) - dcc77c7b-1d37-448d-8d57-43d254561693: shutdown FollowerState
2019-09-19 14:04:58,345 [Thread-4409] INFO  impl.RaftServerImpl (RaftServerImpl.java:setRole(171)) - dcc77c7b-1d37-448d-8d57-43d254561693:group-B0D529AC88AD changes role from FOLLOWER to CANDIDATE at term 0 for changeToCandidate
2019-09-19 14:04:58,056 [dcc77c7b-1d37-448d-8d57-43d254561693:group-07E00FEA8C55:LeaderElection564] INFO  impl.RoleInfo (RoleInfo.java:shutdownLeaderElection(134)) - dcc77c7b-1d37-448d-8d57-43d254561693: shutdown LeaderElection
2019-09-19 14:04:58,345 [dcc77c7b-1d37-448d-8d57-43d254561693:group-07E00FEA8C55:LeaderElection564] INFO  impl.RaftServerImpl (RaftServerImpl.java:setRole(171)) - dcc77c7b-1d37-448d-8d57-43d254561693:group-07E00FEA8C55 changes role from CANDIDATE to LEADER at term 1 for changeToLeader
2019-09-19 14:04:58,056 [dcc77c7b-1d37-448d-8d57-43d254561693-SegmentedRaftLogWorker:Storage Directory /workdir/hadoop-ozone/integration-test/target/test-dir/MiniOzoneClusterImpl-3b2755de-4cfe-4b43-9e0d-73dd8eda8f75/datanode-0/data/ratis/979cd7ef-cbfc-409b-9149-9c61f58be974] ERROR segmented.SegmentedRaftLogWorker (SegmentedRaftLogWorker.java:run(323)) - dcc77c7b-1d37-448d-8d57-43d254561693-SegmentedRaftLogWorker:Storage Directory /workdir/hadoop-ozone/integration-test/target/test-dir/MiniOzoneClusterImpl-3b2755de-4cfe-4b43-9e0d-73dd8eda8f75/datanode-0/data/ratis/979cd7ef-cbfc-409b-9149-9c61f58be974 hit exception
java.lang.OutOfMemoryError: Direct buffer memory
	at java.nio.Bits.reserveMemory(Bits.java:666)
	at java.nio.DirectByteBuffer.<init>(DirectByteBuffer.java:123)
	at java.nio.ByteBuffer.allocateDirect(ByteBuffer.java:311)
	at org.apache.ratis.server.raftlog.segmented.BufferedWriteChannel.<init>(BufferedWriteChannel.java:41)
	at org.apache.ratis.server.raftlog.segmented.SegmentedRaftLogOutputStream.<init>(SegmentedRaftLogOutputStream.java:72)
	at org.apache.ratis.server.raftlog.segmented.SegmentedRaftLogWorker$StartLogSegment.execute(SegmentedRaftLogWorker.java:566)
	at org.apache.ratis.server.raftlog.segmented.SegmentedRaftLogWorker.run(SegmentedRaftLogWorker.java:289)
	at java.lang.Thread.run(Thread.java:748)
2019-09-19 14:04:58,056 [Thread-4394] INFO  impl.FollowerState (FollowerState.java:run(106)) - dcc77c7b-1d37-448d-8d57-43d254561693:group-AF209FE8FECB changes to CANDIDATE, lastRpcTime:5354, electionTimeout:5121ms
2019-09-19 14:04:58,346 [Thread-4394] INFO  impl.RoleInfo (RoleInfo.java:shutdownFollowerState(121)) - dcc77c7b-1d37-448d-8d57-43d254561693: shutdown FollowerState
2019-09-19 14:04:58,346 [Thread-4394] INFO  impl.RaftServerImpl (RaftServerImpl.java:setRole(171)) - dcc77c7b-1d37-448d-8d57-43d254561693:group-AF209FE8FECB changes role from FOLLOWER to CANDIDATE at term 0 for changeToCandidate
2019-09-19 14:04:58,056 [Thread-4401] INFO  impl.FollowerState (FollowerState.java:run(106)) - dcc77c7b-1d37-448d-8d57-43d254561693:group-F1AB8729C726 changes to CANDIDATE, lastRpcTime:5260, electionTimeout:5032ms
2019-09-19 14:04:58,346 [Thread-4401] INFO  impl.RoleInfo (RoleInfo.java:shutdownFollowerState(121)) - dcc77c7b-1d37-448d-8d57-43d254561693: shutdown FollowerState
2019-09-19 14:04:58,056 [Thread-4406] INFO  impl.FollowerState (FollowerState.java:run(106)) - dcc77c7b-1d37-448d-8d57-43d254561693:group-CC8CAE5134C7 changes to CANDIDATE, lastRpcTime:5231, electionTimeout:5160ms
2019-09-19 14:04:58,347 [Thread-4406] INFO  impl.RoleInfo (RoleInfo.java:shutdownFollowerState(121)) - dcc77c7b-1d37-448d-8d57-43d254561693: shutdown FollowerState
2019-09-19 14:04:58,056 [Thread-4412] INFO  impl.FollowerState (FollowerState.java:run(106)) - dcc77c7b-1d37-448d-8d57-43d254561693:group-1639C94C8647 changes to CANDIDATE, lastRpcTime:5164, electionTimeout:5067ms
2019-09-19 14:04:58,347 [Thread-4412] INFO  impl.RoleInfo (RoleInfo.java:shutdownFollowerState(121)) - dcc77c7b-1d37-448d-8d57-43d254561693: shutdown FollowerState
2019-09-19 14:04:58,055 [Thread-4373] WARN  util.JavaUtils (JavaUtils.java:sleep(250)) - Unexpected long sleep: sleep(5126ms) actually took 5652ms which is over the threshold 300ms
2019-09-19 14:04:58,055 [Thread-4367] WARN  util.JavaUtils (JavaUtils.java:sleep(250)) - Unexpected long sleep: sleep(5163ms) actually took 5683ms which is over the threshold 300ms
2019-09-19 14:04:58,055 [Thread-4385] WARN  util.JavaUtils (JavaUtils.java:sleep(250)) - Unexpected long sleep: sleep(5000ms) actually took 5468ms which is over the threshold 300ms
2019-09-19 14:04:58,055 [Thread-4376] WARN  util.JavaUtils (JavaUtils.java:sleep(250)) - Unexpected long sleep: sleep(5147ms) actually took 5584ms which is over the threshold 300ms
2019-09-19 14:04:58,049 [Thread-4388] WARN  util.JavaUtils (JavaUtils.java:sleep(250)) - Unexpected long sleep: sleep(5006ms) actually took 5426ms which is over the threshold 300ms
2019-09-19 14:04:58,049 [Thread-4382] WARN  util.JavaUtils (JavaUtils.java:sleep(250)) - Unexpected long sleep: sleep(5086ms) actually took 5498ms which is over the threshold 300ms
2019-09-19 14:04:58,049 [Thread-4379] WARN  util.JavaUtils (JavaUtils.java:sleep(250)) - Unexpected long sleep: sleep(5159ms) actually took 5542ms which is over the threshold 300ms
2019-09-19 14:04:57,766 [Thread-4391] INFO  impl.FollowerState (FollowerState.java:run(106)) - dcc77c7b-1d37-448d-8d57-43d254561693:group-89849F9FD3BA changes to CANDIDATE, lastRpcTime:5108, electionTimeout:5061ms
2019-09-19 14:04:58,348 [Thread-4391] INFO  impl.RoleInfo (RoleInfo.java:shutdownFollowerState(121)) - dcc77c7b-1d37-448d-8d57-43d254561693: shutdown FollowerState
2019-09-19 14:04:57,492 [dcc77c7b-1d37-448d-8d57-43d254561693:group-5585B1E8EF5D:LeaderElection562] INFO  impl.RaftServerImpl (ServerState.java:setRaftConf(361)) - dcc77c7b-1d37-448d-8d57-43d254561693:group-5585B1E8EF5D set configuration 0: [dcc77c7b-1d37-448d-8d57-43d254561693:192.168.157.226:34527], old=null at 0
2019-09-19 14:04:57,492 [Thread-4345] INFO  impl.FollowerState (FollowerState.java:run(106)) - dcc77c7b-1d37-448d-8d57-43d254561693:group-E53CD96B3E19 changes to CANDIDATE, lastRpcTime:5313, electionTimeout:5017ms
2019-09-19 14:04:57,492 [Thread-4342] INFO  impl.FollowerState (FollowerState.java:run(106)) - dcc77c7b-1d37-448d-8d57-43d254561693:group-DF274F267A33 changes to CANDIDATE, lastRpcTime:5350, electionTimeout:5106ms
2019-09-19 14:04:58,349 [Thread-4342] INFO  impl.RoleInfo (RoleInfo.java:shutdownFollowerState(121)) - dcc77c7b-1d37-448d-8d57-43d254561693: shutdown FollowerState
2019-09-19 14:04:57,492 [Thread-4339] INFO  impl.FollowerState (FollowerState.java:run(106)) - dcc77c7b-1d37-448d-8d57-43d254561693:group-869D2374C5B7 changes to CANDIDATE, lastRpcTime:5375, electionTimeout:5143ms
2019-09-19 14:04:58,349 [Thread-4339] INFO  impl.RoleInfo (RoleInfo.java:shutdownFollowerState(121)) - dcc77c7b-1d37-448d-8d57-43d254561693: shutdown FollowerState
2019-09-19 14:04:57,492 [Thread-4336] INFO  impl.FollowerState (FollowerState.java:run(106)) - dcc77c7b-1d37-448d-8d57-43d254561693:group-C22B218FA0A6 changes to CANDIDATE, lastRpcTime:5393, electionTimeout:5170ms
2019-09-19 14:04:57,492 [Thread-4352] INFO  impl.FollowerState (FollowerState.java:run(106)) - dcc77c7b-1d37-448d-8d57-43d254561693:group-EF22F8D31499 changes to CANDIDATE, lastRpcTime:5278, electionTimeout:5056ms
2019-09-19 14:04:58,350 [Thread-4352] INFO  impl.RoleInfo (RoleInfo.java:shutdownFollowerState(121)) - dcc77c7b-1d37-448d-8d57-43d254561693: shutdown FollowerState
2019-09-19 14:04:58,350 [Thread-4352] INFO  impl.RaftServerImpl (RaftServerImpl.java:setRole(171)) - dcc77c7b-1d37-448d-8d57-43d254561693:group-EF22F8D31499 changes role from FOLLOWER to CANDIDATE at term 0 for changeToCandidate
2019-09-19 14:04:57,492 [Thread-4358] INFO  impl.FollowerState (FollowerState.java:run(106)) - dcc77c7b-1d37-448d-8d57-43d254561693:group-E501E5C2F87A changes to CANDIDATE, lastRpcTime:5214, electionTimeout:5020ms
2019-09-19 14:04:58,350 [Thread-4358] INFO  impl.RoleInfo (RoleInfo.java:shutdownFollowerState(121)) - dcc77c7b-1d37-448d-8d57-43d254561693: shutdown FollowerState
2019-09-19 14:04:57,492 [Thread-4361] INFO  impl.FollowerState (FollowerState.java:run(106)) - dcc77c7b-1d37-448d-8d57-43d254561693:group-BCC62B444D9D changes to CANDIDATE, lastRpcTime:5179, electionTimeout:5018ms
2019-09-19 14:04:58,350 [Thread-4361] INFO  impl.RoleInfo (RoleInfo.java:shutdownFollowerState(121)) - dcc77c7b-1d37-448d-8d57-43d254561693: shutdown FollowerState
2019-09-19 14:04:58,350 [Thread-4361] INFO  impl.RaftServerImpl (RaftServerImpl.java:setRole(171)) - dcc77c7b-1d37-448d-8d57-43d254561693:group-BCC62B444D9D changes role from FOLLOWER to CANDIDATE at term 0 for changeToCandidate
2019-09-19 14:04:57,492 [Thread-4364] INFO  impl.FollowerState (FollowerState.java:run(106)) - dcc77c7b-1d37-448d-8d57-43d254561693:group-D8C1D5FCCD5D changes to CANDIDATE, lastRpcTime:5145, electionTimeout:5015ms
2019-09-19 14:04:58,350 [Thread-4364] INFO  impl.RoleInfo (RoleInfo.java:shutdownFollowerState(121)) - dcc77c7b-1d37-448d-8d57-43d254561693: shutdown FollowerState
2019-09-19 14:04:57,492 [Thread-4355] INFO  impl.FollowerState (FollowerState.java:run(106)) - dcc77c7b-1d37-448d-8d57-43d254561693:group-8DBED52DD969 changes to CANDIDATE, lastRpcTime:5250, electionTimeout:5183ms
2019-09-19 14:04:58,351 [Thread-4355] INFO  impl.RoleInfo (RoleInfo.java:shutdownFollowerState(121)) - dcc77c7b-1d37-448d-8d57-43d254561693: shutdown FollowerState
2019-09-19 14:04:58,351 [Thread-4355] INFO  impl.RaftServerImpl (RaftServerImpl.java:setRole(171)) - dcc77c7b-1d37-448d-8d57-43d254561693:group-8DBED52DD969 changes role from FOLLOWER to CANDIDATE at term 0 for changeToCandidate
2019-09-19 14:04:57,491 [Thread-4370] INFO  impl.FollowerState (FollowerState.java:run(106)) - dcc77c7b-1d37-448d-8d57-43d254561693:group-AEFE1D75DE75 changes to CANDIDATE, lastRpcTime:5105, electionTimeout:5057ms
2019-09-19 14:04:58,351 [Thread-4370] INFO  impl.RoleInfo (RoleInfo.java:shutdownFollowerState(121)) - dcc77c7b-1d37-448d-8d57-43d254561693: shutdown FollowerState
2019-09-19 14:04:58,351 [Thread-4370] INFO  impl.RaftServerImpl (RaftServerImpl.java:setRole(171)) - dcc77c7b-1d37-448d-8d57-43d254561693:group-AEFE1D75DE75 changes role from FOLLOWER to CANDIDATE at term 0 for changeToCandidate
2019-09-19 14:04:57,185 [Thread-4316] INFO  impl.FollowerState (FollowerState.java:run(106)) - dcc77c7b-1d37-448d-8d57-43d254561693:group-C61393B9958E changes to CANDIDATE, lastRpcTime:5258, electionTimeout:5005ms
2019-09-19 14:04:58,351 [Thread-4316] INFO  impl.RoleInfo (RoleInfo.java:shutdownFollowerState(121)) - dcc77c7b-1d37-448d-8d57-43d254561693: shutdown FollowerState
2019-09-19 14:04:57,185 [Thread-4301] INFO  impl.FollowerState (FollowerState.java:run(106)) - dcc77c7b-1d37-448d-8d57-43d254561693:group-6EDC13E5AA9D changes to CANDIDATE, lastRpcTime:5318, electionTimeout:5102ms
2019-09-19 14:04:58,352 [Thread-4301] INFO  impl.RoleInfo (RoleInfo.java:shutdownFollowerState(121)) - dcc77c7b-1d37-448d-8d57-43d254561693: shutdown FollowerState
2019-09-19 14:04:57,183 [Thread-4323] INFO  impl.FollowerState (FollowerState.java:run(106)) - dcc77c7b-1d37-448d-8d57-43d254561693:group-D44479695D46 changes to CANDIDATE, lastRpcTime:5184, electionTimeout:5004ms
2019-09-19 14:04:58,352 [Thread-4323] INFO  impl.RoleInfo (RoleInfo.java:shutdownFollowerState(121)) - dcc77c7b-1d37-448d-8d57-43d254561693: shutdown FollowerState
2019-09-19 14:04:57,183 [Thread-4320] INFO  impl.FollowerState (FollowerState.java:run(106)) - dcc77c7b-1d37-448d-8d57-43d254561693:group-F426BA34EE2B changes to CANDIDATE, lastRpcTime:5208, electionTimeout:5069ms
2019-09-19 14:04:58,352 [Thread-4320] INFO  impl.RoleInfo (RoleInfo.java:shutdownFollowerState(121)) - dcc77c7b-1d37-448d-8d57-43d254561693: shutdown FollowerState
2019-09-19 14:04:58,352 [Thread-4320] INFO  impl.RaftServerImpl (RaftServerImpl.java:setRole(171)) - dcc77c7b-1d37-448d-8d57-43d254561693:group-F426BA34EE2B changes role from FOLLOWER to CANDIDATE at term 0 for changeToCandidate
2019-09-19 14:04:57,183 [Thread-4306] INFO  impl.FollowerState (FollowerState.java:run(106)) - dcc77c7b-1d37-448d-8d57-43d254561693:group-FBD0D09AD849 changes to CANDIDATE, lastRpcTime:5281, electionTimeout:5163ms
2019-09-19 14:04:58,352 [Thread-4306] INFO  impl.RoleInfo (RoleInfo.java:shutdownFollowerState(121)) - dcc77c7b-1d37-448d-8d57-43d254561693: shutdown FollowerState
2019-09-19 14:04:57,183 [Thread-4326] INFO  impl.FollowerState (FollowerState.java:run(106)) - dcc77c7b-1d37-448d-8d57-43d254561693:group-D788F79D6955 changes to CANDIDATE, lastRpcTime:5152, electionTimeout:5042ms
2019-09-19 14:04:58,353 [Thread-4326] INFO  impl.RoleInfo (RoleInfo.java:shutdownFollowerState(121)) - dcc77c7b-1d37-448d-8d57-43d254561693: shutdown FollowerState
2019-09-19 14:04:57,183 [Thread-4331] INFO  impl.FollowerState (FollowerState.java:run(106)) - dcc77c7b-1d37-448d-8d57-43d254561693:group-CD7159C89C08 changes to CANDIDATE, lastRpcTime:5117, electionTimeout:5008ms
2019-09-19 14:04:58,353 [Thread-4331] INFO  impl.RoleInfo (RoleInfo.java:shutdownFollowerState(121)) - dcc77c7b-1d37-448d-8d57-43d254561693: shutdown FollowerState
2019-09-19 14:04:56,927 [dcc77c7b-1d37-448d-8d57-43d254561693:group-ED4FE5DA218F:LeaderElection565] INFO  impl.RoleInfo (RoleInfo.java:shutdownLeaderElection(134)) - dcc77c7b-1d37-448d-8d57-43d254561693: shutdown LeaderElection
2019-09-19 14:04:58,353 [dcc77c7b-1d37-448d-8d57-43d254561693:group-ED4FE5DA218F:LeaderElection565] INFO  impl.RaftServerImpl (RaftServerImpl.java:setRole(171)) - dcc77c7b-1d37-448d-8d57-43d254561693:group-ED4FE5DA218F changes role from CANDIDATE to LEADER at term 1 for changeToLeader
2019-09-19 14:04:56,926 [dcc77c7b-1d37-448d-8d57-43d254561693:group-7C1E89322A1A:LeaderElection557] INFO  impl.RaftServerImpl (ServerState.java:setRaftConf(361)) - dcc77c7b-1d37-448d-8d57-43d254561693:group-7C1E89322A1A set configuration 0: [dcc77c7b-1d37-448d-8d57-43d254561693:192.168.157.226:34527], old=null at 0
2019-09-19 14:04:56,926 [dcc77c7b-1d37-448d-8d57-43d254561693:group-6F0B87A6652D:LeaderElection563] INFO  impl.RaftServerImpl (ServerState.java:setRaftConf(361)) - dcc77c7b-1d37-448d-8d57-43d254561693:group-6F0B87A6652D set configuration 0: [dcc77c7b-1d37-448d-8d57-43d254561693:192.168.157.226:34527], old=null at 0
2019-09-19 14:04:56,925 [Thread-4239] INFO  impl.RaftServerImpl (RaftServerImpl.java:setRole(171)) - dcc77c7b-1d37-448d-8d57-43d254561693:group-C427DF1D703E changes role from FOLLOWER to CANDIDATE at term 0 for changeToCandidate
2019-09-19 14:04:56,925 [Thread-4246] INFO  impl.RaftServerImpl (RaftServerImpl.java:setRole(171)) - dcc77c7b-1d37-448d-8d57-43d254561693:group-9C89C73BB343 changes role from FOLLOWER to CANDIDATE at term 0 for changeToCandidate
2019-09-19 14:04:58,354 [Thread-4246] INFO  impl.RoleInfo (RoleInfo.java:updateAndGet(143)) - dcc77c7b-1d37-448d-8d57-43d254561693: start LeaderElection
2019-09-19 14:04:56,925 [Thread-4251] INFO  impl.RaftServerImpl (RaftServerImpl.java:setRole(171)) - dcc77c7b-1d37-448d-8d57-43d254561693:group-827C827A8DAD changes role from FOLLOWER to CANDIDATE at term 0 for changeToCandidate
2019-09-19 14:04:56,925 [Thread-4228] INFO  impl.RaftServerImpl (RaftServerImpl.java:setRole(171)) - dcc77c7b-1d37-448d-8d57-43d254561693:group-761DA49682B2 changes role from FOLLOWER to CANDIDATE at term 0 for changeToCandidate
2019-09-19 14:04:56,924 [Thread-4258] INFO  impl.RaftServerImpl (RaftServerImpl.java:setRole(171)) - dcc77c7b-1d37-448d-8d57-43d254561693:group-C0BCADC5D7D8 changes role from FOLLOWER to CANDIDATE at term 0 for changeToCandidate
2019-09-19 14:04:56,924 [Thread-4236] INFO  impl.RoleInfo (RoleInfo.java:updateAndGet(143)) - dcc77c7b-1d37-448d-8d57-43d254561693: start LeaderElection
2019-09-19 14:04:56,924 [Thread-4220] INFO  impl.RaftServerImpl (RaftServerImpl.java:setRole(171)) - dcc77c7b-1d37-448d-8d57-43d254561693:group-3CB5F09D983C changes role from FOLLOWER to CANDIDATE at term 0 for changeToCandidate
2019-09-19 14:04:56,924 [Thread-4217] INFO  impl.RaftServerImpl (RaftServerImpl.java:setRole(171)) - dcc77c7b-1d37-448d-8d57-43d254561693:group-3D808B4B51C3 changes role from FOLLOWER to CANDIDATE at term 0 for changeToCandidate
2019-09-19 14:04:56,923 [Thread-4223] INFO  impl.RaftServerImpl (RaftServerImpl.java:setRole(171)) - dcc77c7b-1d37-448d-8d57-43d254561693:group-8F62CC6B93F9 changes role from FOLLOWER to CANDIDATE at term 0 for changeToCandidate
2019-09-19 14:04:56,923 [Thread-4233] INFO  impl.RaftServerImpl (RaftServerImpl.java:setRole(171)) - dcc77c7b-1d37-448d-8d57-43d254561693:group-C7074BE8E490 changes role from FOLLOWER to CANDIDATE at term 0 for changeToCandidate
2019-09-19 14:04:58,355 [Thread-4233] INFO  impl.RoleInfo (RoleInfo.java:updateAndGet(143)) - dcc77c7b-1d37-448d-8d57-43d254561693: start LeaderElection
2019-09-19 14:04:56,916 [Thread-4263] INFO  impl.FollowerState (FollowerState.java:run(106)) - dcc77c7b-1d37-448d-8d57-43d254561693:group-B8EC2EEEE8D5 changes to CANDIDATE, lastRpcTime:5346, electionTimeout:5095ms
2019-09-19 14:04:58,356 [Thread-4263] INFO  impl.RoleInfo (RoleInfo.java:shutdownFollowerState(121)) - dcc77c7b-1d37-448d-8d57-43d254561693: shutdown FollowerState
2019-09-19 14:04:56,915 [Thread-4274] INFO  impl.FollowerState (FollowerState.java:run(106)) - dcc77c7b-1d37-448d-8d57-43d254561693:group-FEB63AD957C4 changes to CANDIDATE, lastRpcTime:5262, electionTimeout:5050ms
2019-09-19 14:04:58,356 [Thread-4274] INFO  impl.RoleInfo (RoleInfo.java:shutdownFollowerState(121)) - dcc77c7b-1d37-448d-8d57-43d254561693: shutdown FollowerState
2019-09-19 14:04:56,915 [Thread-4269] INFO  impl.FollowerState (FollowerState.java:run(106)) - dcc77c7b-1d37-448d-8d57-43d254561693:group-C6C4A2B7D1DA changes to CANDIDATE, lastRpcTime:5278, electionTimeout:5066ms
2019-09-19 14:04:58,356 [Thread-4269] INFO  impl.RoleInfo (RoleInfo.java:shutdownFollowerState(121)) - dcc77c7b-1d37-448d-8d57-43d254561693: shutdown FollowerState
2019-09-19 14:04:58,356 [Thread-4269] INFO  impl.RaftServerImpl (RaftServerImpl.java:setRole(171)) - dcc77c7b-1d37-448d-8d57-43d254561693:group-C6C4A2B7D1DA changes role from FOLLOWER to CANDIDATE at term 0 for changeToCandidate
2019-09-19 14:04:56,915 [Thread-4266] INFO  impl.FollowerState (FollowerState.java:run(106)) - dcc77c7b-1d37-448d-8d57-43d254561693:group-8705EAB60863 changes to CANDIDATE, lastRpcTime:5312, electionTimeout:5141ms
2019-09-19 14:04:58,357 [Thread-4266] INFO  impl.RoleInfo (RoleInfo.java:shutdownFollowerState(121)) - dcc77c7b-1d37-448d-8d57-43d254561693: shutdown FollowerState
2019-09-19 14:04:56,915 [Thread-4279] INFO  impl.FollowerState (FollowerState.java:run(106)) - dcc77c7b-1d37-448d-8d57-43d254561693:group-7B8CEBFF5854 changes to CANDIDATE, lastRpcTime:5186, electionTimeout:5077ms
2019-09-19 14:04:58,357 [Thread-4279] INFO  impl.RoleInfo (RoleInfo.java:shutdownFollowerState(121)) - dcc77c7b-1d37-448d-8d57-43d254561693: shutdown FollowerState
2019-09-19 14:04:56,915 [Thread-4286] INFO  impl.FollowerState (FollowerState.java:run(106)) - dcc77c7b-1d37-448d-8d57-43d254561693:group-973F91C20342 changes to CANDIDATE, lastRpcTime:5137, electionTimeout:5070ms
2019-09-19 14:04:58,357 [Thread-4286] INFO  impl.RoleInfo (RoleInfo.java:shutdownFollowerState(121)) - dcc77c7b-1d37-448d-8d57-43d254561693: shutdown FollowerState
2019-09-19 14:04:56,915 [Thread-4294] INFO  impl.FollowerState (FollowerState.java:run(106)) - dcc77c7b-1d37-448d-8d57-43d254561693:group-9054243D6A0E changes to CANDIDATE, lastRpcTime:5084, electionTimeout:5063ms
2019-09-19 14:04:58,357 [Thread-4294] INFO  impl.RoleInfo (RoleInfo.java:shutdownFollowerState(121)) - dcc77c7b-1d37-448d-8d57-43d254561693: shutdown FollowerState
2019-09-19 14:04:56,915 [Thread-4291] INFO  impl.FollowerState (FollowerState.java:run(106)) - dcc77c7b-1d37-448d-8d57-43d254561693:group-B3B29087AAA0 changes to CANDIDATE, lastRpcTime:5100, electionTimeout:5091ms
2019-09-19 14:04:58,358 [Thread-4291] INFO  impl.RoleInfo (RoleInfo.java:shutdownFollowerState(121)) - dcc77c7b-1d37-448d-8d57-43d254561693: shutdown FollowerState
2019-09-19 14:04:56,624 [Thread-4214] INFO  impl.RaftServerImpl (RaftServerImpl.java:setRole(171)) - dcc77c7b-1d37-448d-8d57-43d254561693:group-A8E7F9479FC5 changes role from FOLLOWER to CANDIDATE at term 0 for changeToCandidate
2019-09-19 14:04:56,624 [dcc77c7b-1d37-448d-8d57-43d254561693:group-99912B84409F:LeaderElection560] INFO  impl.RaftServerImpl (ServerState.java:setRaftConf(361)) - dcc77c7b-1d37-448d-8d57-43d254561693:group-99912B84409F set configuration 0: [dcc77c7b-1d37-448d-8d57-43d254561693:192.168.157.226:34527], old=null at 0
2019-09-19 14:04:56,623 [dcc77c7b-1d37-448d-8d57-43d254561693:group-A8FD2D474859:LeaderElection561] INFO  server.RaftServerConfigKeys (ConfUtils.java:logGet(43)) - raft.server.rpc.sleep.time = 25ms (default)
2019-09-19 14:04:58,358 [Thread-4214] INFO  impl.RoleInfo (RoleInfo.java:updateAndGet(143)) - dcc77c7b-1d37-448d-8d57-43d254561693: start LeaderElection
2019-09-19 14:04:58,358 [Thread-4291] INFO  impl.RaftServerImpl (RaftServerImpl.java:setRole(171)) - dcc77c7b-1d37-448d-8d57-43d254561693:group-B3B29087AAA0 changes role from FOLLOWER to CANDIDATE at term 0 for changeToCandidate
2019-09-19 14:04:58,358 [Thread-4294] INFO  impl.RaftServerImpl (RaftServerImpl.java:setRole(171)) - dcc77c7b-1d37-448d-8d57-43d254561693:group-9054243D6A0E changes role from FOLLOWER to CANDIDATE at term 0 for changeToCandidate
2019-09-19 14:04:58,357 [Thread-4286] INFO  impl.RaftServerImpl (RaftServerImpl.java:setRole(171)) - dcc77c7b-1d37-448d-8d57-43d254561693:group-973F91C20342 changes role from FOLLOWER to CANDIDATE at term 0 for changeToCandidate
2019-09-19 14:04:58,359 [Thread-4286] INFO  impl.RoleInfo (RoleInfo.java:updateAndGet(143)) - dcc77c7b-1d37-448d-8d57-43d254561693: start LeaderElection
2019-09-19 14:04:58,357 [Thread-4279] INFO  impl.RaftServerImpl (RaftServerImpl.java:setRole(171)) - dcc77c7b-1d37-448d-8d57-43d254561693:group-7B8CEBFF5854 changes role from FOLLOWER to CANDIDATE at term 0 for changeToCandidate
2019-09-19 14:04:58,357 [Thread-4266] INFO  impl.RaftServerImpl (RaftServerImpl.java:setRole(171)) - dcc77c7b-1d37-448d-8d57-43d254561693:group-8705EAB60863 changes role from FOLLOWER to CANDIDATE at term 0 for changeToCandidate
2019-09-19 14:04:58,359 [Thread-4266] INFO  impl.RoleInfo (RoleInfo.java:updateAndGet(143)) - dcc77c7b-1d37-448d-8d57-43d254561693: start LeaderElection
2019-09-19 14:04:58,357 [Thread-4269] INFO  impl.RoleInfo (RoleInfo.java:updateAndGet(143)) - dcc77c7b-1d37-448d-8d57-43d254561693: start LeaderElection
2019-09-19 14:04:58,356 [Thread-4274] INFO  impl.RaftServerImpl (RaftServerImpl.java:setRole(171)) - dcc77c7b-1d37-448d-8d57-43d254561693:group-FEB63AD957C4 changes role from FOLLOWER to CANDIDATE at term 0 for changeToCandidate
2019-09-19 14:04:58,356 [Thread-4263] INFO  impl.RaftServerImpl (RaftServerImpl.java:setRole(171)) - dcc77c7b-1d37-448d-8d57-43d254561693:group-B8EC2EEEE8D5 changes role from FOLLOWER to CANDIDATE at term 0 for changeToCandidate
2019-09-19 14:04:58,355 [Thread-4223] INFO  impl.RoleInfo (RoleInfo.java:updateAndGet(143)) - dcc77c7b-1d37-448d-8d57-43d254561693: start LeaderElection
2019-09-19 14:04:58,355 [Thread-4217] INFO  impl.RoleInfo (RoleInfo.java:updateAndGet(143)) - dcc77c7b-1d37-448d-8d57-43d254561693: start LeaderElection
2019-09-19 14:04:58,355 [Thread-4220] INFO  impl.RoleInfo (RoleInfo.java:updateAndGet(143)) - dcc77c7b-1d37-448d-8d57-43d254561693: start LeaderElection
2019-09-19 14:04:58,355 [Thread-4258] INFO  impl.RoleInfo (RoleInfo.java:updateAndGet(143)) - dcc77c7b-1d37-448d-8d57-43d254561693: start LeaderElection
2019-09-19 14:04:58,355 [Thread-4228] INFO  impl.RoleInfo (RoleInfo.java:updateAndGet(143)) - dcc77c7b-1d37-448d-8d57-43d254561693: start LeaderElection
2019-09-19 14:04:58,354 [Thread-4251] INFO  impl.RoleInfo (RoleInfo.java:updateAndGet(143)) - dcc77c7b-1d37-448d-8d57-43d254561693: start LeaderElection
2019-09-19 14:04:58,354 [Thread-4239] INFO  impl.RoleInfo (RoleInfo.java:updateAndGet(143)) - dcc77c7b-1d37-448d-8d57-43d254561693: start LeaderElection
2019-09-19 14:04:58,353 [dcc77c7b-1d37-448d-8d57-43d254561693:group-ED4FE5DA218F:LeaderElection565] INFO  impl.RaftServerImpl (ServerState.java:setLeader(263)) - dcc77c7b-1d37-448d-8d57-43d254561693:group-ED4FE5DA218F change Leader from null to dcc77c7b-1d37-448d-8d57-43d254561693 at term 1 for becomeLeader, leader elected after 7559ms
2019-09-19 14:04:58,353 [Thread-4331] INFO  impl.RaftServerImpl (RaftServerImpl.java:setRole(171)) - dcc77c7b-1d37-448d-8d57-43d254561693:group-CD7159C89C08 changes role from FOLLOWER to CANDIDATE at term 0 for changeToCandidate
2019-09-19 14:04:58,353 [Thread-4326] INFO  impl.RaftServerImpl (RaftServerImpl.java:setRole(171)) - dcc77c7b-1d37-448d-8d57-43d254561693:group-D788F79D6955 changes role from FOLLOWER to CANDIDATE at term 0 for changeToCandidate
2019-09-19 14:04:58,352 [Thread-4306] INFO  impl.RaftServerImpl (RaftServerImpl.java:setRole(171)) - dcc77c7b-1d37-448d-8d57-43d254561693:group-FBD0D09AD849 changes role from FOLLOWER to CANDIDATE at term 0 for changeToCandidate
2019-09-19 14:04:58,352 [Thread-4320] INFO  impl.RoleInfo (RoleInfo.java:updateAndGet(143)) - dcc77c7b-1d37-448d-8d57-43d254561693: start LeaderElection
2019-09-19 14:04:58,352 [Thread-4323] INFO  impl.RaftServerImpl (RaftServerImpl.java:setRole(171)) - dcc77c7b-1d37-448d-8d57-43d254561693:group-D44479695D46 changes role from FOLLOWER to CANDIDATE at term 0 for changeToCandidate
2019-09-19 14:04:58,352 [Thread-4301] INFO  impl.RaftServerImpl (RaftServerImpl.java:setRole(171)) - dcc77c7b-1d37-448d-8d57-43d254561693:group-6EDC13E5AA9D changes role from FOLLOWER to CANDIDATE at term 0 for changeToCandidate
2019-09-19 14:04:58,351 [Thread-4316] INFO  impl.RaftServerImpl (RaftServerImpl.java:setRole(171)) - dcc77c7b-1d37-448d-8d57-43d254561693:group-C61393B9958E changes role from FOLLOWER to CANDIDATE at term 0 for changeToCandidate
2019-09-19 14:04:58,351 [Thread-4370] INFO  impl.RoleInfo (RoleInfo.java:updateAndGet(143)) - dcc77c7b-1d37-448d-8d57-43d254561693: start LeaderElection
2019-09-19 14:04:58,351 [Thread-4355] INFO  impl.RoleInfo (RoleInfo.java:updateAndGet(143)) - dcc77c7b-1d37-448d-8d57-43d254561693: start LeaderElection
2019-09-19 14:04:58,351 [Thread-4364] INFO  impl.RaftServerImpl (RaftServerImpl.java:setRole(171)) - dcc77c7b-1d37-448d-8d57-43d254561693:group-D8C1D5FCCD5D changes role from FOLLOWER to CANDIDATE at term 0 for changeToCandidate
2019-09-19 14:04:58,350 [Thread-4361] INFO  impl.RoleInfo (RoleInfo.java:updateAndGet(143)) - dcc77c7b-1d37-448d-8d57-43d254561693: start LeaderElection
2019-09-19 14:04:58,350 [Thread-4358] INFO  impl.RaftServerImpl (RaftServerImpl.java:setRole(171)) - dcc77c7b-1d37-448d-8d57-43d254561693:group-E501E5C2F87A changes role from FOLLOWER to CANDIDATE at term 0 for changeToCandidate
2019-09-19 14:04:58,350 [Thread-4352] INFO  impl.RoleInfo (RoleInfo.java:updateAndGet(143)) - dcc77c7b-1d37-448d-8d57-43d254561693: start LeaderElection
2019-09-19 14:04:58,349 [Thread-4336] INFO  impl.RoleInfo (RoleInfo.java:shutdownFollowerState(121)) - dcc77c7b-1d37-448d-8d57-43d254561693: shutdown FollowerState
2019-09-19 14:04:58,349 [Thread-4339] INFO  impl.RaftServerImpl (RaftServerImpl.java:setRole(171)) - dcc77c7b-1d37-448d-8d57-43d254561693:group-869D2374C5B7 changes role from FOLLOWER to CANDIDATE at term 0 for changeToCandidate
2019-09-19 14:04:58,349 [Thread-4342] INFO  impl.RaftServerImpl (RaftServerImpl.java:setRole(171)) - dcc77c7b-1d37-448d-8d57-43d254561693:group-DF274F267A33 changes role from FOLLOWER to CANDIDATE at term 0 for changeToCandidate
2019-09-19 14:04:58,349 [Thread-4345] INFO  impl.RoleInfo (RoleInfo.java:shutdownFollowerState(121)) - dcc77c7b-1d37-448d-8d57-43d254561693: shutdown FollowerState
2019-09-19 14:04:58,363 [Thread-4345] INFO  impl.RaftServerImpl (RaftServerImpl.java:setRole(171)) - dcc77c7b-1d37-448d-8d57-43d254561693:group-E53CD96B3E19 changes role from FOLLOWER to CANDIDATE at term 0 for changeToCandidate
2019-09-19 14:04:58,348 [Thread-4391] INFO  impl.RaftServerImpl (RaftServerImpl.java:setRole(171)) - dcc77c7b-1d37-448d-8d57-43d254561693:group-89849F9FD3BA changes role from FOLLOWER to CANDIDATE at term 0 for changeToCandidate
2019-09-19 14:04:58,347 [Thread-4412] INFO  impl.RaftServerImpl (RaftServerImpl.java:setRole(171)) - dcc77c7b-1d37-448d-8d57-43d254561693:group-1639C94C8647 changes role from FOLLOWER to CANDIDATE at term 0 for changeToCandidate
2019-09-19 14:04:58,363 [Thread-4412] INFO  impl.RoleInfo (RoleInfo.java:updateAndGet(143)) - dcc77c7b-1d37-448d-8d57-43d254561693: start LeaderElection
2019-09-19 14:04:58,347 [Thread-4406] INFO  impl.RaftServerImpl (RaftServerImpl.java:setRole(171)) - dcc77c7b-1d37-448d-8d57-43d254561693:group-CC8CAE5134C7 changes role from FOLLOWER to CANDIDATE at term 0 for changeToCandidate
2019-09-19 14:04:58,346 [Thread-4401] INFO  impl.RaftServerImpl (RaftServerImpl.java:setRole(171)) - dcc77c7b-1d37-448d-8d57-43d254561693:group-F1AB8729C726 changes role from FOLLOWER to CANDIDATE at term 0 for changeToCandidate
2019-09-19 14:04:58,346 [Thread-4394] INFO  impl.RoleInfo (RoleInfo.java:updateAndGet(143)) - dcc77c7b-1d37-448d-8d57-43d254561693: start LeaderElection
2019-09-19 14:04:58,346 [dcc77c7b-1d37-448d-8d57-43d254561693-SegmentedRaftLogWorker:Storage Directory /workdir/hadoop-ozone/integration-test/target/test-dir/MiniOzoneClusterImpl-3b2755de-4cfe-4b43-9e0d-73dd8eda8f75/datanode-0/data/ratis/979cd7ef-cbfc-409b-9149-9c61f58be974] INFO  impl.RaftServerImpl (RaftServerImpl.java:lambda$shutdown$3(245)) - dcc77c7b-1d37-448d-8d57-43d254561693: shutdown group-9C61F58BE974
2019-09-19 14:04:58,346 [dcc77c7b-1d37-448d-8d57-43d254561693:group-07E00FEA8C55:LeaderElection564] INFO  impl.RaftServerImpl (ServerState.java:setLeader(263)) - dcc77c7b-1d37-448d-8d57-43d254561693:group-07E00FEA8C55 change Leader from null to dcc77c7b-1d37-448d-8d57-43d254561693 at term 1 for becomeLeader, leader elected after 7663ms
2019-09-19 14:04:58,345 [Thread-4409] INFO  impl.RoleInfo (RoleInfo.java:updateAndGet(143)) - dcc77c7b-1d37-448d-8d57-43d254561693: start LeaderElection
2019-09-19 14:04:58,345 [pool-58-thread-1] INFO  server.RaftServerConfigKeys (ConfUtils.java:logGet(43)) - raft.server.leader.election.timeout = 120s (custom)
2019-09-19 14:04:58,365 [pool-58-thread-1] INFO  server.RaftServerConfigKeys (ConfUtils.java:logGet(43)) - raft.server.log.use.memory = false (default)
2019-09-19 14:04:58,345 [Thread-4196] INFO  impl.RoleInfo (RoleInfo.java:updateAndGet(143)) - dcc77c7b-1d37-448d-8d57-43d254561693: start LeaderElection
2019-09-19 14:04:58,344 [Thread-4187] INFO  impl.RoleInfo (RoleInfo.java:updateAndGet(143)) - dcc77c7b-1d37-448d-8d57-43d254561693: start LeaderElection
2019-09-19 14:04:58,344 [Thread-4202] INFO  impl.RoleInfo (RoleInfo.java:updateAndGet(143)) - dcc77c7b-1d37-448d-8d57-43d254561693: start LeaderElection
2019-09-19 14:04:58,344 [Thread-4199] INFO  impl.RoleInfo (RoleInfo.java:updateAndGet(143)) - dcc77c7b-1d37-448d-8d57-43d254561693: start LeaderElection
2019-09-19 14:04:58,344 [Thread-4208] INFO  impl.RoleInfo (RoleInfo.java:updateAndGet(143)) - dcc77c7b-1d37-448d-8d57-43d254561693: start LeaderElection
2019-09-19 14:04:58,344 [Thread-4211] INFO  impl.RoleInfo (RoleInfo.java:updateAndGet(143)) - dcc77c7b-1d37-448d-8d57-43d254561693: start LeaderElection
2019-09-19 14:04:58,063 [dcc77c7b-1d37-448d-8d57-43d254561693:group-354F667D570A:LeaderElection553] INFO  impl.RaftServerImpl (ServerState.java:setRaftConf(361)) - dcc77c7b-1d37-448d-8d57-43d254561693:group-354F667D570A set configuration 0: [dcc77c7b-1d37-448d-8d57-43d254561693:192.168.157.226:34527], old=null at 0
2019-09-19 14:04:58,344 [Thread-4205] INFO  impl.RoleInfo (RoleInfo.java:updateAndGet(143)) - dcc77c7b-1d37-448d-8d57-43d254561693: start LeaderElection
2019-09-19 14:04:58,343 [dcc77c7b-1d37-448d-8d57-43d254561693:group-AD94DCFD5F37:LeaderElection570] INFO  impl.LeaderElection (LeaderElection.java:askForVotes(181)) - dcc77c7b-1d37-448d-8d57-43d254561693:group-AD94DCFD5F37:LeaderElection570: begin an election at term 1 for -1: [dcc77c7b-1d37-448d-8d57-43d254561693:192.168.157.226:34527], old=null
2019-09-19 14:04:58,343 [dcc77c7b-1d37-448d-8d57-43d254561693:group-0C7ED090D72E:LeaderElection569] INFO  impl.LeaderElection (LeaderElection.java:askForVotes(181)) - dcc77c7b-1d37-448d-8d57-43d254561693:group-0C7ED090D72E:LeaderElection569: begin an election at term 1 for -1: [dcc77c7b-1d37-448d-8d57-43d254561693:192.168.157.226:34527], old=null
2019-09-19 14:04:58,343 [Thread-4415] INFO  impl.FollowerState (FollowerState.java:run(106)) - dcc77c7b-1d37-448d-8d57-43d254561693:group-7D1EFE063BF2 changes to CANDIDATE, lastRpcTime:5418, electionTimeout:5146ms
2019-09-19 14:04:58,367 [Thread-4415] INFO  impl.RoleInfo (RoleInfo.java:shutdownFollowerState(121)) - dcc77c7b-1d37-448d-8d57-43d254561693: shutdown FollowerState
2019-09-19 14:04:58,343 [Thread-4418] INFO  impl.FollowerState (FollowerState.java:run(106)) - dcc77c7b-1d37-448d-8d57-43d254561693:group-6BA61B232CB7 changes to CANDIDATE, lastRpcTime:5362, electionTimeout:5167ms
2019-09-19 14:04:58,368 [Thread-4418] INFO  impl.RoleInfo (RoleInfo.java:shutdownFollowerState(121)) - dcc77c7b-1d37-448d-8d57-43d254561693: shutdown FollowerState
2019-09-19 14:04:58,343 [Thread-4430] INFO  impl.FollowerState (FollowerState.java:run(106)) - dcc77c7b-1d37-448d-8d57-43d254561693:group-5058C03AF78E changes to CANDIDATE, lastRpcTime:5205, electionTimeout:5027ms
2019-09-19 14:04:58,368 [Thread-4430] INFO  impl.RoleInfo (RoleInfo.java:shutdownFollowerState(121)) - dcc77c7b-1d37-448d-8d57-43d254561693: shutdown FollowerState
2019-09-19 14:04:58,343 [Thread-4424] INFO  impl.FollowerState (FollowerState.java:run(106)) - dcc77c7b-1d37-448d-8d57-43d254561693:group-6097693610F3 changes to CANDIDATE, lastRpcTime:5277, electionTimeout:5109ms
2019-09-19 14:04:58,368 [Thread-4424] INFO  impl.RoleInfo (RoleInfo.java:shutdownFollowerState(121)) - dcc77c7b-1d37-448d-8d57-43d254561693: shutdown FollowerState
2019-09-19 14:04:58,341 [Thread-4427] INFO  impl.FollowerState (FollowerState.java:run(106)) - dcc77c7b-1d37-448d-8d57-43d254561693:group-E31AF374E74C changes to CANDIDATE, lastRpcTime:5237, electionTimeout:5088ms
2019-09-19 14:04:58,368 [Thread-4427] INFO  impl.RoleInfo (RoleInfo.java:shutdownFollowerState(121)) - dcc77c7b-1d37-448d-8d57-43d254561693: shutdown FollowerState
2019-09-19 14:04:58,368 [Thread-4427] INFO  impl.RaftServerImpl (RaftServerImpl.java:setRole(171)) - dcc77c7b-1d37-448d-8d57-43d254561693:group-E31AF374E74C changes role from FOLLOWER to CANDIDATE at term 0 for changeToCandidate
2019-09-19 14:04:58,341 [Thread-4421] INFO  impl.FollowerState (FollowerState.java:run(106)) - dcc77c7b-1d37-448d-8d57-43d254561693:group-801B220FEE86 changes to CANDIDATE, lastRpcTime:5323, electionTimeout:5186ms
2019-09-19 14:04:58,369 [Thread-4421] INFO  impl.RoleInfo (RoleInfo.java:shutdownFollowerState(121)) - dcc77c7b-1d37-448d-8d57-43d254561693: shutdown FollowerState
2019-09-19 14:04:58,341 [Thread-4436] INFO  impl.FollowerState (FollowerState.java:run(106)) - dcc77c7b-1d37-448d-8d57-43d254561693:group-4467D65330C2 changes to CANDIDATE, lastRpcTime:5162, electionTimeout:5037ms
2019-09-19 14:04:58,369 [Thread-4436] INFO  impl.RoleInfo (RoleInfo.java:shutdownFollowerState(121)) - dcc77c7b-1d37-448d-8d57-43d254561693: shutdown FollowerState
2019-09-19 14:04:58,341 [Thread-4433] INFO  impl.FollowerState (FollowerState.java:run(106)) - dcc77c7b-1d37-448d-8d57-43d254561693:group-450D00ABA19B changes to CANDIDATE, lastRpcTime:5179, electionTimeout:5132ms
2019-09-19 14:04:58,369 [Thread-4433] INFO  impl.RoleInfo (RoleInfo.java:shutdownFollowerState(121)) - dcc77c7b-1d37-448d-8d57-43d254561693: shutdown FollowerState
2019-09-19 14:04:58,369 [Thread-4433] INFO  impl.RaftServerImpl (RaftServerImpl.java:setRole(171)) - dcc77c7b-1d37-448d-8d57-43d254561693:group-450D00ABA19B changes role from FOLLOWER to CANDIDATE at term 0 for changeToCandidate
2019-09-19 14:04:58,341 [Thread-4439] INFO  impl.FollowerState (FollowerState.java:run(106)) - dcc77c7b-1d37-448d-8d57-43d254561693:group-BB4E63A8ADCE changes to CANDIDATE, lastRpcTime:5087, electionTimeout:5049ms
2019-09-19 14:04:58,341 [Thread-4445] INFO  impl.FollowerState (FollowerState.java:run(106)) - dcc77c7b-1d37-448d-8d57-43d254561693:group-1CA508E03965 changes to CANDIDATE, lastRpcTime:5013, electionTimeout:5012ms
2019-09-19 14:04:58,369 [Thread-4445] INFO  impl.RoleInfo (RoleInfo.java:shutdownFollowerState(121)) - dcc77c7b-1d37-448d-8d57-43d254561693: shutdown FollowerState
2019-09-19 14:04:58,063 [dcc77c7b-1d37-448d-8d57-43d254561693:group-7430C03AE933:LeaderElection555] INFO  server.RaftServerConfigKeys (ConfUtils.java:logGet(43)) - raft.server.rpc.sleep.time = 25ms (default)
2019-09-19 14:04:58,369 [Thread-4445] INFO  impl.RaftServerImpl (RaftServerImpl.java:setRole(171)) - dcc77c7b-1d37-448d-8d57-43d254561693:group-1CA508E03965 changes role from FOLLOWER to CANDIDATE at term 0 for changeToCandidate
2019-09-19 14:04:58,369 [Thread-4439] INFO  impl.RoleInfo (RoleInfo.java:shutdownFollowerState(121)) - dcc77c7b-1d37-448d-8d57-43d254561693: shutdown FollowerState
2019-09-19 14:04:58,370 [Thread-4439] INFO  impl.RaftServerImpl (RaftServerImpl.java:setRole(171)) - dcc77c7b-1d37-448d-8d57-43d254561693:group-BB4E63A8ADCE changes role from FOLLOWER to CANDIDATE at term 0 for changeToCandidate
2019-09-19 14:04:58,369 [Thread-4433] INFO  impl.RoleInfo (RoleInfo.java:updateAndGet(143)) - dcc77c7b-1d37-448d-8d57-43d254561693: start LeaderElection
2019-09-19 14:04:58,369 [Thread-4436] INFO  impl.RaftServerImpl (RaftServerImpl.java:setRole(171)) - dcc77c7b-1d37-448d-8d57-43d254561693:group-4467D65330C2 changes role from FOLLOWER to CANDIDATE at term 0 for changeToCandidate
2019-09-19 14:04:58,369 [Thread-4421] INFO  impl.RaftServerImpl (RaftServerImpl.java:setRole(171)) - dcc77c7b-1d37-448d-8d57-43d254561693:group-801B220FEE86 changes role from FOLLOWER to CANDIDATE at term 0 for changeToCandidate
2019-09-19 14:04:58,368 [Thread-4427] INFO  impl.RoleInfo (RoleInfo.java:updateAndGet(143)) - dcc77c7b-1d37-448d-8d57-43d254561693: start LeaderElection
2019-09-19 14:04:58,368 [Thread-4424] INFO  impl.RaftServerImpl (RaftServerImpl.java:setRole(171)) - dcc77c7b-1d37-448d-8d57-43d254561693:group-6097693610F3 changes role from FOLLOWER to CANDIDATE at term 0 for changeToCandidate
2019-09-19 14:04:58,370 [Thread-4424] INFO  impl.RoleInfo (RoleInfo.java:updateAndGet(143)) - dcc77c7b-1d37-448d-8d57-43d254561693: start LeaderElection
2019-09-19 14:04:58,368 [Thread-4430] INFO  impl.RaftServerImpl (RaftServerImpl.java:setRole(171)) - dcc77c7b-1d37-448d-8d57-43d254561693:group-5058C03AF78E changes role from FOLLOWER to CANDIDATE at term 0 for changeToCandidate
2019-09-19 14:04:58,368 [Thread-4418] INFO  impl.RaftServerImpl (RaftServerImpl.java:setRole(171)) - dcc77c7b-1d37-448d-8d57-43d254561693:group-6BA61B232CB7 changes role from FOLLOWER to CANDIDATE at term 0 for changeToCandidate
2019-09-19 14:04:58,367 [Thread-4415] INFO  impl.RaftServerImpl (RaftServerImpl.java:setRole(171)) - dcc77c7b-1d37-448d-8d57-43d254561693:group-7D1EFE063BF2 changes role from FOLLOWER to CANDIDATE at term 0 for changeToCandidate
2019-09-19 14:04:58,367 [dcc77c7b-1d37-448d-8d57-43d254561693:group-0C7ED090D72E:LeaderElection569] INFO  impl.RoleInfo (RoleInfo.java:shutdownLeaderElection(134)) - dcc77c7b-1d37-448d-8d57-43d254561693: shutdown LeaderElection
2019-09-19 14:04:58,367 [dcc77c7b-1d37-448d-8d57-43d254561693:group-AD94DCFD5F37:LeaderElection570] INFO  impl.RoleInfo (RoleInfo.java:shutdownLeaderElection(134)) - dcc77c7b-1d37-448d-8d57-43d254561693: shutdown LeaderElection
2019-09-19 14:04:58,366 [pool-58-thread-1] INFO  server.RaftServerConfigKeys (ConfUtils.java:logGet(43)) - raft.server.log.purge.gap = 1000000 (custom)
2019-09-19 14:04:58,365 [dcc77c7b-1d37-448d-8d57-43d254561693:group-07E00FEA8C55:LeaderElection564] INFO  server.RaftServerConfigKeys (ConfUtils.java:logGet(43)) - raft.server.staging.catchup.gap = 1000 (default)
2019-09-19 14:04:58,371 [dcc77c7b-1d37-448d-8d57-43d254561693:group-07E00FEA8C55:LeaderElection564] INFO  server.RaftServerConfigKeys (ConfUtils.java:logGet(43)) - raft.server.rpc.sleep.time = 25ms (default)
2019-09-19 14:04:58,365 [dcc77c7b-1d37-448d-8d57-43d254561693-SegmentedRaftLogWorker:Storage Directory /workdir/hadoop-ozone/integration-test/target/test-dir/MiniOzoneClusterImpl-3b2755de-4cfe-4b43-9e0d-73dd8eda8f75/datanode-0/data/ratis/979cd7ef-cbfc-409b-9149-9c61f58be974] INFO  util.JmxRegister (JmxRegister.java:unregister(73)) - Successfully un-registered JMX Bean with object name Ratis:service=RaftServer,group=group-9C61F58BE974,id=dcc77c7b-1d37-448d-8d57-43d254561693
2019-09-19 14:04:58,372 [dcc77c7b-1d37-448d-8d57-43d254561693-SegmentedRaftLogWorker:Storage Directory /workdir/hadoop-ozone/integration-test/target/test-dir/MiniOzoneClusterImpl-3b2755de-4cfe-4b43-9e0d-73dd8eda8f75/datanode-0/data/ratis/979cd7ef-cbfc-409b-9149-9c61f58be974] INFO  impl.RoleInfo (RoleInfo.java:shutdownLeaderState(104)) - dcc77c7b-1d37-448d-8d57-43d254561693: shutdown LeaderState
2019-09-19 14:04:58,364 [Thread-4401] INFO  impl.RoleInfo (RoleInfo.java:updateAndGet(143)) - dcc77c7b-1d37-448d-8d57-43d254561693: start LeaderElection
2019-09-19 14:04:58,364 [Thread-4406] INFO  impl.RoleInfo (RoleInfo.java:updateAndGet(143)) - dcc77c7b-1d37-448d-8d57-43d254561693: start LeaderElection
2019-09-19 14:04:58,364 [dcc77c7b-1d37-448d-8d57-43d254561693:group-9C89C73BB343:LeaderElection588] INFO  impl.LeaderElection (LeaderElection.java:askForVotes(181)) - dcc77c7b-1d37-448d-8d57-43d254561693:group-9C89C73BB343:LeaderElection588: begin an election at term 1 for -1: [dcc77c7b-1d37-448d-8d57-43d254561693:192.168.157.226:34527], old=null
2019-09-19 14:04:58,372 [dcc77c7b-1d37-448d-8d57-43d254561693:group-9C89C73BB343:LeaderElection588] INFO  impl.RoleInfo (RoleInfo.java:shutdownLeaderElection(134)) - dcc77c7b-1d37-448d-8d57-43d254561693: shutdown LeaderElection
2019-09-19 14:04:58,363 [dcc77c7b-1d37-448d-8d57-43d254561693:group-9646DAB2F47F:LeaderElection571] INFO  impl.LeaderElection (LeaderElection.java:askForVotes(181)) - dcc77c7b-1d37-448d-8d57-43d254561693:group-9646DAB2F47F:LeaderElection571: begin an election at term 1 for -1: [dcc77c7b-1d37-448d-8d57-43d254561693:192.168.157.226:34527], old=null
2019-09-19 14:04:58,373 [dcc77c7b-1d37-448d-8d57-43d254561693:group-9646DAB2F47F:LeaderElection571] INFO  impl.RoleInfo (RoleInfo.java:shutdownLeaderElection(134)) - dcc77c7b-1d37-448d-8d57-43d254561693: shutdown LeaderElection
2019-09-19 14:04:58,363 [Thread-4391] INFO  impl.RoleInfo (RoleInfo.java:updateAndGet(143)) - dcc77c7b-1d37-448d-8d57-43d254561693: start LeaderElection
2019-09-19 14:04:58,363 [Thread-4345] INFO  impl.RoleInfo (RoleInfo.java:updateAndGet(143)) - dcc77c7b-1d37-448d-8d57-43d254561693: start LeaderElection
2019-09-19 14:04:58,363 [Thread-4342] INFO  impl.RoleInfo (RoleInfo.java:updateAndGet(143)) - dcc77c7b-1d37-448d-8d57-43d254561693: start LeaderElection
2019-09-19 14:04:58,363 [Thread-4339] INFO  impl.RoleInfo (RoleInfo.java:updateAndGet(143)) - dcc77c7b-1d37-448d-8d57-43d254561693: start LeaderElection
2019-09-19 14:04:58,363 [Thread-4336] INFO  impl.RaftServerImpl (RaftServerImpl.java:setRole(171)) - dcc77c7b-1d37-448d-8d57-43d254561693:group-C22B218FA0A6 changes role from FOLLOWER to CANDIDATE at term 0 for changeToCandidate
2019-09-19 14:04:58,362 [Thread-4358] INFO  impl.RoleInfo (RoleInfo.java:updateAndGet(143)) - dcc77c7b-1d37-448d-8d57-43d254561693: start LeaderElection
2019-09-19 14:04:58,362 [Thread-4364] INFO  impl.RoleInfo (RoleInfo.java:updateAndGet(143)) - dcc77c7b-1d37-448d-8d57-43d254561693: start LeaderElection
2019-09-19 14:04:58,362 [Thread-4316] INFO  impl.RoleInfo (RoleInfo.java:updateAndGet(143)) - dcc77c7b-1d37-448d-8d57-43d254561693: start LeaderElection
2019-09-19 14:04:58,362 [Thread-4301] INFO  impl.RoleInfo (RoleInfo.java:updateAndGet(143)) - dcc77c7b-1d37-448d-8d57-43d254561693: start LeaderElection
2019-09-19 14:04:58,362 [Thread-4323] INFO  impl.RoleInfo (RoleInfo.java:updateAndGet(143)) - dcc77c7b-1d37-448d-8d57-43d254561693: start LeaderElection
2019-09-19 14:04:58,361 [Thread-4306] INFO  impl.RoleInfo (RoleInfo.java:updateAndGet(143)) - dcc77c7b-1d37-448d-8d57-43d254561693: start LeaderElection
2019-09-19 14:04:58,361 [Thread-4331] INFO  impl.RoleInfo (RoleInfo.java:updateAndGet(143)) - dcc77c7b-1d37-448d-8d57-43d254561693: start LeaderElection
2019-09-19 14:04:58,361 [Thread-4326] INFO  impl.RoleInfo (RoleInfo.java:updateAndGet(143)) - dcc77c7b-1d37-448d-8d57-43d254561693: start LeaderElection
2019-09-19 14:04:58,361 [dcc77c7b-1d37-448d-8d57-43d254561693:group-ED4FE5DA218F:LeaderElection565] INFO  server.RaftServerConfigKeys (ConfUtils.java:logGet(43)) - raft.server.staging.catchup.gap = 1000 (default)
2019-09-19 14:04:58,360 [Thread-4263] INFO  impl.RoleInfo (RoleInfo.java:updateAndGet(143)) - dcc77c7b-1d37-448d-8d57-43d254561693: start LeaderElection
2019-09-19 14:04:58,360 [Thread-4274] INFO  impl.RoleInfo (RoleInfo.java:updateAndGet(143)) - dcc77c7b-1d37-448d-8d57-43d254561693: start LeaderElection
2019-09-19 14:04:58,359 [Thread-4279] INFO  impl.RoleInfo (RoleInfo.java:updateAndGet(143)) - dcc77c7b-1d37-448d-8d57-43d254561693: start LeaderElection
2019-09-19 14:04:58,359 [Thread-4294] INFO  impl.RoleInfo (RoleInfo.java:updateAndGet(143)) - dcc77c7b-1d37-448d-8d57-43d254561693: start LeaderElection
2019-09-19 14:04:58,359 [Thread-4291] INFO  impl.RoleInfo (RoleInfo.java:updateAndGet(143)) - dcc77c7b-1d37-448d-8d57-43d254561693: start LeaderElection
2019-09-19 14:04:58,358 [dcc77c7b-1d37-448d-8d57-43d254561693:group-A8FD2D474859:LeaderElection561] INFO  server.RaftServerConfigKeys (ConfUtils.java:logGet(43)) - raft.server.write.element-limit = 4096 (default)
2019-09-19 14:04:58,358 [dcc77c7b-1d37-448d-8d57-43d254561693:group-A456A21CC0DF:LeaderElection578] INFO  impl.LeaderElection (LeaderElection.java:askForVotes(181)) - dcc77c7b-1d37-448d-8d57-43d254561693:group-A456A21CC0DF:LeaderElection578: begin an election at term 1 for -1: [dcc77c7b-1d37-448d-8d57-43d254561693:192.168.157.226:34527], old=null
2019-09-19 14:04:58,358 [dcc77c7b-1d37-448d-8d57-43d254561693:group-1C369C9291F7:LeaderElection566] INFO  impl.LeaderElection (LeaderElection.java:askForVotes(181)) - dcc77c7b-1d37-448d-8d57-43d254561693:group-1C369C9291F7:LeaderElection566: begin an election at term 1 for -1: [dcc77c7b-1d37-448d-8d57-43d254561693:192.168.157.226:34527], old=null
2019-09-19 14:04:58,358 [dcc77c7b-1d37-448d-8d57-43d254561693:group-FC8AC56A4CFE:LeaderElection567] INFO  impl.LeaderElection (LeaderElection.java:askForVotes(181)) - dcc77c7b-1d37-448d-8d57-43d254561693:group-FC8AC56A4CFE:LeaderElection567: begin an election at term 1 for -1: [dcc77c7b-1d37-448d-8d57-43d254561693:192.168.157.226:34527], old=null
2019-09-19 14:04:58,358 [dcc77c7b-1d37-448d-8d57-43d254561693:group-EC9A652F867E:LeaderElection568] INFO  impl.LeaderElection (LeaderElection.java:askForVotes(181)) - dcc77c7b-1d37-448d-8d57-43d254561693:group-EC9A652F867E:LeaderElection568: begin an election at term 1 for -1: [dcc77c7b-1d37-448d-8d57-43d254561693:192.168.157.226:34527], old=null
2019-09-19 14:04:58,376 [dcc77c7b-1d37-448d-8d57-43d254561693:group-FC8AC56A4CFE:LeaderElection567] INFO  impl.RoleInfo (RoleInfo.java:shutdownLeaderElection(134)) - dcc77c7b-1d37-448d-8d57-43d254561693: shutdown LeaderElection
2019-09-19 14:04:58,376 [dcc77c7b-1d37-448d-8d57-43d254561693:group-1C369C9291F7:LeaderElection566] INFO  impl.RoleInfo (RoleInfo.java:shutdownLeaderElection(134)) - dcc77c7b-1d37-448d-8d57-43d254561693: shutdown LeaderElection
2019-09-19 14:04:58,376 [dcc77c7b-1d37-448d-8d57-43d254561693:group-A456A21CC0DF:LeaderElection578] INFO  impl.RoleInfo (RoleInfo.java:shutdownLeaderElection(134)) - dcc77c7b-1d37-448d-8d57-43d254561693: shutdown LeaderElection
2019-09-19 14:04:58,376 [dcc77c7b-1d37-448d-8d57-43d254561693:group-A8FD2D474859:LeaderElection561] INFO  server.RaftServerConfigKeys (ConfUtils.java:logGet(43)) - raft.server.watch.timeout = 10s (default)
2019-09-19 14:04:58,375 [dcc77c7b-1d37-448d-8d57-43d254561693:group-ED4FE5DA218F:LeaderElection565] INFO  server.RaftServerConfigKeys (ConfUtils.java:logGet(43)) - raft.server.rpc.sleep.time = 25ms (default)
2019-09-19 14:04:58,375 [dcc77c7b-1d37-448d-8d57-43d254561693:group-A8E7F9479FC5:LeaderElection597] INFO  impl.LeaderElection (LeaderElection.java:askForVotes(181)) - dcc77c7b-1d37-448d-8d57-43d254561693:group-A8E7F9479FC5:LeaderElection597: begin an election at term 1 for -1: [dcc77c7b-1d37-448d-8d57-43d254561693:192.168.157.226:34527], old=null
2019-09-19 14:04:58,373 [Thread-4336] INFO  impl.RoleInfo (RoleInfo.java:updateAndGet(143)) - dcc77c7b-1d37-448d-8d57-43d254561693: start LeaderElection
2019-09-19 14:04:58,373 [dcc77c7b-1d37-448d-8d57-43d254561693:group-9646DAB2F47F:LeaderElection571] INFO  impl.RaftServerImpl (RaftServerImpl.java:setRole(171)) - dcc77c7b-1d37-448d-8d57-43d254561693:group-9646DAB2F47F changes role from CANDIDATE to LEADER at term 1 for changeToLeader
2019-09-19 14:04:58,372 [dcc77c7b-1d37-448d-8d57-43d254561693:group-9C89C73BB343:LeaderElection588] INFO  impl.RaftServerImpl (RaftServerImpl.java:setRole(171)) - dcc77c7b-1d37-448d-8d57-43d254561693:group-9C89C73BB343 changes role from CANDIDATE to LEADER at term 1 for changeToLeader
2019-09-19 14:04:58,377 [dcc77c7b-1d37-448d-8d57-43d254561693:group-9C89C73BB343:LeaderElection588] INFO  impl.RaftServerImpl (ServerState.java:setLeader(263)) - dcc77c7b-1d37-448d-8d57-43d254561693:group-9C89C73BB343 change Leader from null to dcc77c7b-1d37-448d-8d57-43d254561693 at term 1 for becomeLeader, leader elected after 6916ms
2019-09-19 14:04:58,372 [dcc77c7b-1d37-448d-8d57-43d254561693-SegmentedRaftLogWorker:Storage Directory /workdir/hadoop-ozone/integration-test/target/test-dir/MiniOzoneClusterImpl-3b2755de-4cfe-4b43-9e0d-73dd8eda8f75/datanode-0/data/ratis/979cd7ef-cbfc-409b-9149-9c61f58be974] INFO  impl.PendingRequests (PendingRequests.java:sendNotLeaderResponses(202)) - dcc77c7b-1d37-448d-8d57-43d254561693-PendingRequests: sendNotLeaderResponses
2019-09-19 14:04:58,372 [dcc77c7b-1d37-448d-8d57-43d254561693:group-07E00FEA8C55:LeaderElection564] INFO  server.RaftServerConfigKeys (ConfUtils.java:logGet(43)) - raft.server.write.element-limit = 4096 (default)
2019-09-19 14:04:58,378 [dcc77c7b-1d37-448d-8d57-43d254561693:group-07E00FEA8C55:LeaderElection564] INFO  server.RaftServerConfigKeys (ConfUtils.java:logGet(43)) - raft.server.watch.timeout = 10s (default)
2019-09-19 14:04:58,371 [pool-58-thread-1] INFO  server.RaftServerConfigKeys (ConfUtils.java:logGet(43)) - raft.server.log.appender.buffer.byte-limit = 33554432 (custom)
2019-09-19 14:04:58,371 [dcc77c7b-1d37-448d-8d57-43d254561693:group-AD94DCFD5F37:LeaderElection570] INFO  impl.RaftServerImpl (RaftServerImpl.java:setRole(171)) - dcc77c7b-1d37-448d-8d57-43d254561693:group-AD94DCFD5F37 changes role from CANDIDATE to LEADER at term 1 for changeToLeader
2019-09-19 14:04:58,378 [dcc77c7b-1d37-448d-8d57-43d254561693:group-AD94DCFD5F37:LeaderElection570] INFO  impl.RaftServerImpl (ServerState.java:setLeader(263)) - dcc77c7b-1d37-448d-8d57-43d254561693:group-AD94DCFD5F37 change Leader from null to dcc77c7b-1d37-448d-8d57-43d254561693 at term 1 for becomeLeader, leader elected after 7755ms
2019-09-19 14:04:58,371 [dcc77c7b-1d37-448d-8d57-43d254561693:group-0C7ED090D72E:LeaderElection569] INFO  impl.RaftServerImpl (RaftServerImpl.java:setRole(171)) - dcc77c7b-1d37-448d-8d57-43d254561693:group-0C7ED090D72E changes role from CANDIDATE to LEADER at term 1 for changeToLeader
2019-09-19 14:04:58,371 [Thread-4415] INFO  impl.RoleInfo (RoleInfo.java:updateAndGet(143)) - dcc77c7b-1d37-448d-8d57-43d254561693: start LeaderElection
2019-09-19 14:04:58,371 [Thread-4418] INFO  impl.RoleInfo (RoleInfo.java:updateAndGet(143)) - dcc77c7b-1d37-448d-8d57-43d254561693: start LeaderElection
2019-09-19 14:04:58,371 [Thread-4430] INFO  impl.RoleInfo (RoleInfo.java:updateAndGet(143)) - dcc77c7b-1d37-448d-8d57-43d254561693: start LeaderElection
2019-09-19 14:04:58,370 [Thread-4421] INFO  impl.RoleInfo (RoleInfo.java:updateAndGet(143)) - dcc77c7b-1d37-448d-8d57-43d254561693: start LeaderElection
2019-09-19 14:04:58,370 [Thread-4436] INFO  impl.RoleInfo (RoleInfo.java:updateAndGet(143)) - dcc77c7b-1d37-448d-8d57-43d254561693: start LeaderElection
2019-09-19 14:04:58,370 [Thread-4439] INFO  impl.RoleInfo (RoleInfo.java:updateAndGet(143)) - dcc77c7b-1d37-448d-8d57-43d254561693: start LeaderElection
2019-09-19 14:04:58,370 [Thread-4445] INFO  impl.RoleInfo (RoleInfo.java:updateAndGet(143)) - dcc77c7b-1d37-448d-8d57-43d254561693: start LeaderElection
2019-09-19 14:04:58,370 [dcc77c7b-1d37-448d-8d57-43d254561693:group-7430C03AE933:LeaderElection555] INFO  server.RaftServerConfigKeys (ConfUtils.java:logGet(43)) - raft.server.write.element-limit = 4096 (default)
2019-09-19 14:04:58,378 [dcc77c7b-1d37-448d-8d57-43d254561693:group-0C7ED090D72E:LeaderElection569] INFO  impl.RaftServerImpl (ServerState.java:setLeader(263)) - dcc77c7b-1d37-448d-8d57-43d254561693:group-0C7ED090D72E change Leader from null to dcc77c7b-1d37-448d-8d57-43d254561693 at term 1 for becomeLeader, leader elected after 7447ms
2019-09-19 14:04:58,378 [dcc77c7b-1d37-448d-8d57-43d254561693:group-AD94DCFD5F37:LeaderElection570] INFO  server.RaftServerConfigKeys (ConfUtils.java:logGet(43)) - raft.server.staging.catchup.gap = 1000 (default)
2019-09-19 14:04:58,378 [pool-58-thread-1] INFO  server.RaftServerConfigKeys (ConfUtils.java:logGet(43)) - raft.server.log.segment.size.max = 1048576 (custom)
2019-09-19 14:04:58,378 [dcc77c7b-1d37-448d-8d57-43d254561693:group-07E00FEA8C55:LeaderElection564] INFO  server.RaftServerConfigKeys (ConfUtils.java:logGet(43)) - raft.server.watch.timeout.denomination = 1s (default)
2019-09-19 14:04:58,378 [dcc77c7b-1d37-448d-8d57-43d254561693-SegmentedRaftLogWorker:Storage Directory /workdir/hadoop-ozone/integration-test/target/test-dir/MiniOzoneClusterImpl-3b2755de-4cfe-4b43-9e0d-73dd8eda8f75/datanode-0/data/ratis/979cd7ef-cbfc-409b-9149-9c61f58be974] INFO  impl.StateMachineUpdater (StateMachineUpdater.java:stopAndJoin(115)) - StateMachineUpdater:dcc77c7b-1d37-448d-8d57-43d254561693:group-9C61F58BE974: set stopIndex = -1
2019-09-19 14:04:58,377 [dcc77c7b-1d37-448d-8d57-43d254561693:group-9C89C73BB343:LeaderElection588] INFO  server.RaftServerConfigKeys (ConfUtils.java:logGet(43)) - raft.server.staging.catchup.gap = 1000 (default)
2019-09-19 14:04:58,377 [dcc77c7b-1d37-448d-8d57-43d254561693:group-9646DAB2F47F:LeaderElection571] INFO  impl.RaftServerImpl (ServerState.java:setLeader(263)) - dcc77c7b-1d37-448d-8d57-43d254561693:group-9646DAB2F47F change Leader from null to dcc77c7b-1d37-448d-8d57-43d254561693 at term 1 for becomeLeader, leader elected after 6976ms
2019-09-19 14:04:58,377 [dcc77c7b-1d37-448d-8d57-43d254561693:group-A8E7F9479FC5:LeaderElection597] INFO  impl.RoleInfo (RoleInfo.java:shutdownLeaderElection(134)) - dcc77c7b-1d37-448d-8d57-43d254561693: shutdown LeaderElection
2019-09-19 14:04:58,377 [dcc77c7b-1d37-448d-8d57-43d254561693:group-ED4FE5DA218F:LeaderElection565] INFO  server.RaftServerConfigKeys (ConfUtils.java:logGet(43)) - raft.server.write.element-limit = 4096 (default)
2019-09-19 14:04:58,377 [dcc77c7b-1d37-448d-8d57-43d254561693:group-A8FD2D474859:LeaderElection561] INFO  server.RaftServerConfigKeys (ConfUtils.java:logGet(43)) - raft.server.watch.timeout.denomination = 1s (default)
2019-09-19 14:04:58,381 [dcc77c7b-1d37-448d-8d57-43d254561693:group-A8FD2D474859:LeaderElection561] INFO  server.RaftServerConfigKeys (ConfUtils.java:logGet(43)) - raft.server.watch.element-limit = 65536 (default)
2019-09-19 14:04:58,377 [dcc77c7b-1d37-448d-8d57-43d254561693:group-A456A21CC0DF:LeaderElection578] INFO  impl.RaftServerImpl (RaftServerImpl.java:setRole(171)) - dcc77c7b-1d37-448d-8d57-43d254561693:group-A456A21CC0DF changes role from CANDIDATE to LEADER at term 1 for changeToLeader
2019-09-19 14:04:58,376 [dcc77c7b-1d37-448d-8d57-43d254561693:group-1C369C9291F7:LeaderElection566] INFO  impl.RaftServerImpl (RaftServerImpl.java:setRole(171)) - dcc77c7b-1d37-448d-8d57-43d254561693:group-1C369C9291F7 changes role from CANDIDATE to LEADER at term 1 for changeToLeader
2019-09-19 14:04:58,376 [dcc77c7b-1d37-448d-8d57-43d254561693:group-FC8AC56A4CFE:LeaderElection567] INFO  impl.RaftServerImpl (RaftServerImpl.java:setRole(171)) - dcc77c7b-1d37-448d-8d57-43d254561693:group-FC8AC56A4CFE changes role from CANDIDATE to LEADER at term 1 for changeToLeader
2019-09-19 14:04:58,376 [dcc77c7b-1d37-448d-8d57-43d254561693:group-EC9A652F867E:LeaderElection568] INFO  impl.RoleInfo (RoleInfo.java:shutdownLeaderElection(134)) - dcc77c7b-1d37-448d-8d57-43d254561693: shutdown LeaderElection
2019-09-19 14:04:58,381 [dcc77c7b-1d37-448d-8d57-43d254561693:group-FC8AC56A4CFE:LeaderElection567] INFO  impl.RaftServerImpl (ServerState.java:setLeader(263)) - dcc77c7b-1d37-448d-8d57-43d254561693:group-FC8AC56A4CFE change Leader from null to dcc77c7b-1d37-448d-8d57-43d254561693 at term 1 for becomeLeader, leader elected after 7623ms
2019-09-19 14:04:58,381 [dcc77c7b-1d37-448d-8d57-43d254561693:group-1C369C9291F7:LeaderElection566] INFO  impl.RaftServerImpl (ServerState.java:setLeader(263)) - dcc77c7b-1d37-448d-8d57-43d254561693:group-1C369C9291F7 change Leader from null to dcc77c7b-1d37-448d-8d57-43d254561693 at term 1 for becomeLeader, leader elected after 7551ms
2019-09-19 14:04:58,381 [dcc77c7b-1d37-448d-8d57-43d254561693:group-1C369C9291F7:LeaderElection566] INFO  server.RaftServerConfigKeys (ConfUtils.java:logGet(43)) - raft.server.staging.catchup.gap = 1000 (default)
2019-09-19 14:04:58,381 [dcc77c7b-1d37-448d-8d57-43d254561693:group-A456A21CC0DF:LeaderElection578] INFO  impl.RaftServerImpl (ServerState.java:setLeader(263)) - dcc77c7b-1d37-448d-8d57-43d254561693:group-A456A21CC0DF change Leader from null to dcc77c7b-1d37-448d-8d57-43d254561693 at term 1 for becomeLeader, leader elected after 7404ms
2019-09-19 14:04:58,381 [dcc77c7b-1d37-448d-8d57-43d254561693:group-A8FD2D474859:LeaderElection561] INFO  impl.RoleInfo (RoleInfo.java:updateAndGet(143)) - dcc77c7b-1d37-448d-8d57-43d254561693: start LeaderState
2019-09-19 14:04:58,380 [dcc77c7b-1d37-448d-8d57-43d254561693:group-ED4FE5DA218F:LeaderElection565] INFO  server.RaftServerConfigKeys (ConfUtils.java:logGet(43)) - raft.server.watch.timeout = 10s (default)
2019-09-19 14:04:58,382 [dcc77c7b-1d37-448d-8d57-43d254561693:group-A8FD2D474859:LeaderElection561] INFO  segmented.SegmentedRaftLogWorker (SegmentedRaftLogWorker.java:startLogSegment(380)) - dcc77c7b-1d37-448d-8d57-43d254561693-SegmentedRaftLogWorker:Storage Directory /workdir/hadoop-ozone/integration-test/target/test-dir/MiniOzoneClusterImpl-3b2755de-4cfe-4b43-9e0d-73dd8eda8f75/datanode-0/data/ratis/ee3934f9-9712-4852-9baf-a8fd2d474859: Starting segment from index:0
2019-09-19 14:04:58,380 [dcc77c7b-1d37-448d-8d57-43d254561693:group-A8E7F9479FC5:LeaderElection597] INFO  impl.RaftServerImpl (RaftServerImpl.java:setRole(171)) - dcc77c7b-1d37-448d-8d57-43d254561693:group-A8E7F9479FC5 changes role from CANDIDATE to LEADER at term 1 for changeToLeader
2019-09-19 14:04:58,380 [dcc77c7b-1d37-448d-8d57-43d254561693:group-9646DAB2F47F:LeaderElection571] INFO  server.RaftServerConfigKeys (ConfUtils.java:logGet(43)) - raft.server.staging.catchup.gap = 1000 (default)
2019-09-19 14:04:58,666 | INFO  | SCMAudit | user=jenkins1000 | ip=192.168.157.226 | op=SEND_HEARTBEAT {datanodeUUID=dcc77c7b-1d37-448d-8d57-43d254561693, command=[]} | ret=SUCCESS |  
2019-09-19 14:04:58,380 [dcc77c7b-1d37-448d-8d57-43d254561693:group-9C89C73BB343:LeaderElection588] INFO  server.RaftServerConfigKeys (ConfUtils.java:logGet(43)) - raft.server.rpc.sleep.time = 25ms (default)
2019-09-19 14:04:58,380 [dcc77c7b-1d37-448d-8d57-43d254561693-SegmentedRaftLogWorker:Storage Directory /workdir/hadoop-ozone/integration-test/target/test-dir/MiniOzoneClusterImpl-3b2755de-4cfe-4b43-9e0d-73dd8eda8f75/datanode-0/data/ratis/979cd7ef-cbfc-409b-9149-9c61f58be974] INFO  impl.RaftServerImpl (ServerState.java:close(394)) - dcc77c7b-1d37-448d-8d57-43d254561693:group-9C61F58BE974 closes. The last applied log index is -1
2019-09-19 14:04:58,380 [dcc77c7b-1d37-448d-8d57-43d254561693:group-07E00FEA8C55:LeaderElection564] INFO  server.RaftServerConfigKeys (ConfUtils.java:logGet(43)) - raft.server.watch.element-limit = 65536 (default)
2019-09-19 14:04:58,380 [pool-58-thread-1] INFO  server.RaftServerConfigKeys (ConfUtils.java:logGet(43)) - raft.server.log.segment.cache.num.max = 2 (custom)
2019-09-19 14:04:58,380 [dcc77c7b-1d37-448d-8d57-43d254561693:group-AD94DCFD5F37:LeaderElection570] INFO  server.RaftServerConfigKeys (ConfUtils.java:logGet(43)) - raft.server.rpc.sleep.time = 25ms (default)
2019-09-19 14:04:58,379 [dcc77c7b-1d37-448d-8d57-43d254561693:group-0C7ED090D72E:LeaderElection569] INFO  server.RaftServerConfigKeys (ConfUtils.java:logGet(43)) - raft.server.staging.catchup.gap = 1000 (default)
2019-09-19 14:04:58,669 [dcc77c7b-1d37-448d-8d57-43d254561693:group-0C7ED090D72E:LeaderElection569] INFO  server.RaftServerConfigKeys (ConfUtils.java:logGet(43)) - raft.server.rpc.sleep.time = 25ms (default)
2019-09-19 14:04:58,379 [dcc77c7b-1d37-448d-8d57-43d254561693:group-7430C03AE933:LeaderElection555] INFO  server.RaftServerConfigKeys (ConfUtils.java:logGet(43)) - raft.server.watch.timeout = 10s (default)
2019-09-19 14:04:58,669 [dcc77c7b-1d37-448d-8d57-43d254561693:group-0C7ED090D72E:LeaderElection569] INFO  server.RaftServerConfigKeys (ConfUtils.java:logGet(43)) - raft.server.write.element-limit = 4096 (default)
2019-09-19 14:04:58,668 [dcc77c7b-1d37-448d-8d57-43d254561693:group-AD94DCFD5F37:LeaderElection570] INFO  server.RaftServerConfigKeys (ConfUtils.java:logGet(43)) - raft.server.write.element-limit = 4096 (default)
2019-09-19 14:04:58,668 [pool-58-thread-1] INFO  segmented.SegmentedRaftLogWorker (SegmentedRaftLogWorker.java:<init>(172)) - new dcc77c7b-1d37-448d-8d57-43d254561693-SegmentedRaftLogWorker:Storage Directory /workdir/hadoop-ozone/integration-test/target/test-dir/MiniOzoneClusterImpl-3b2755de-4cfe-4b43-9e0d-73dd8eda8f75/datanode-0/data/ratis/ed48526f-596a-4aef-aa91-5aa8f96077a0 for RaftStorage:Storage Directory /workdir/hadoop-ozone/integration-test/target/test-dir/MiniOzoneClusterImpl-3b2755de-4cfe-4b43-9e0d-73dd8eda8f75/datanode-0/data/ratis/ed48526f-596a-4aef-aa91-5aa8f96077a0
2019-09-19 14:04:58,668 [dcc77c7b-1d37-448d-8d57-43d254561693:group-07E00FEA8C55:LeaderElection564] INFO  impl.RoleInfo (RoleInfo.java:updateAndGet(143)) - dcc77c7b-1d37-448d-8d57-43d254561693: start LeaderState
2019-09-19 14:04:58,668 [dcc77c7b-1d37-448d-8d57-43d254561693-SegmentedRaftLogWorker:Storage Directory /workdir/hadoop-ozone/integration-test/target/test-dir/MiniOzoneClusterImpl-3b2755de-4cfe-4b43-9e0d-73dd8eda8f75/datanode-0/data/ratis/979cd7ef-cbfc-409b-9149-9c61f58be974] INFO  segmented.SegmentedRaftLogWorker (SegmentedRaftLogWorker.java:close(228)) - dcc77c7b-1d37-448d-8d57-43d254561693-SegmentedRaftLogWorker:Storage Directory /workdir/hadoop-ozone/integration-test/target/test-dir/MiniOzoneClusterImpl-3b2755de-4cfe-4b43-9e0d-73dd8eda8f75/datanode-0/data/ratis/979cd7ef-cbfc-409b-9149-9c61f58be974 close()
2019-09-19 14:04:58,668 [dcc77c7b-1d37-448d-8d57-43d254561693:group-9C89C73BB343:LeaderElection588] INFO  server.RaftServerConfigKeys (ConfUtils.java:logGet(43)) - raft.server.write.element-limit = 4096 (default)
2019-09-19 14:04:58,667 [Thread-4442] INFO  impl.FollowerState (FollowerState.java:run(106)) - dcc77c7b-1d37-448d-8d57-43d254561693:group-8B49C088430A changes to CANDIDATE, lastRpcTime:5377, electionTimeout:5103ms
2019-09-19 14:04:58,667 [dcc77c7b-1d37-448d-8d57-43d254561693:group-89849F9FD3BA:LeaderElection616] INFO  impl.LeaderElection (LeaderElection.java:askForVotes(181)) - dcc77c7b-1d37-448d-8d57-43d254561693:group-89849F9FD3BA:LeaderElection616: begin an election at term 1 for -1: [dcc77c7b-1d37-448d-8d57-43d254561693:192.168.157.226:34527], old=null
2019-09-19 14:04:58,670 [dcc77c7b-1d37-448d-8d57-43d254561693:group-89849F9FD3BA:LeaderElection616] INFO  impl.RoleInfo (RoleInfo.java:shutdownLeaderElection(134)) - dcc77c7b-1d37-448d-8d57-43d254561693: shutdown LeaderElection
2019-09-19 14:04:58,667 [dcc77c7b-1d37-448d-8d57-43d254561693:group-CC8CAE5134C7:LeaderElection618] INFO  impl.LeaderElection (LeaderElection.java:askForVotes(181)) - dcc77c7b-1d37-448d-8d57-43d254561693:group-CC8CAE5134C7:LeaderElection618: begin an election at term 1 for -1: [dcc77c7b-1d37-448d-8d57-43d254561693:192.168.157.226:34527], old=null
2019-09-19 14:04:58,670 [dcc77c7b-1d37-448d-8d57-43d254561693:group-CC8CAE5134C7:LeaderElection618] INFO  impl.RoleInfo (RoleInfo.java:shutdownLeaderElection(134)) - dcc77c7b-1d37-448d-8d57-43d254561693: shutdown LeaderElection
2019-09-19 14:04:58,667 [dcc77c7b-1d37-448d-8d57-43d254561693:group-00ABCB16AA03:LeaderElection574] INFO  impl.LeaderElection (LeaderElection.java:askForVotes(181)) - dcc77c7b-1d37-448d-8d57-43d254561693:group-00ABCB16AA03:LeaderElection574: begin an election at term 1 for -1: [dcc77c7b-1d37-448d-8d57-43d254561693:192.168.157.226:34527], old=null
2019-09-19 14:04:58,667 [dcc77c7b-1d37-448d-8d57-43d254561693:group-E31AF374E74C:LeaderElection620] INFO  impl.LeaderElection (LeaderElection.java:askForVotes(181)) - dcc77c7b-1d37-448d-8d57-43d254561693:group-E31AF374E74C:LeaderElection620: begin an election at term 1 for -1: [dcc77c7b-1d37-448d-8d57-43d254561693:192.168.157.226:34527], old=null
2019-09-19 14:04:58,671 [dcc77c7b-1d37-448d-8d57-43d254561693:group-E31AF374E74C:LeaderElection620] INFO  impl.RoleInfo (RoleInfo.java:shutdownLeaderElection(134)) - dcc77c7b-1d37-448d-8d57-43d254561693: shutdown LeaderElection
2019-09-19 14:04:58,667 [dcc77c7b-1d37-448d-8d57-43d254561693:group-C7074BE8E490:LeaderElection595] INFO  impl.LeaderElection (LeaderElection.java:askForVotes(181)) - dcc77c7b-1d37-448d-8d57-43d254561693:group-C7074BE8E490:LeaderElection595: begin an election at term 1 for -1: [dcc77c7b-1d37-448d-8d57-43d254561693:192.168.157.226:34527], old=null
2019-09-19 14:04:58,667 [dcc77c7b-1d37-448d-8d57-43d254561693:group-46D08AB6022E:LeaderElection572] INFO  impl.LeaderElection (LeaderElection.java:askForVotes(181)) - dcc77c7b-1d37-448d-8d57-43d254561693:group-46D08AB6022E:LeaderElection572: begin an election at term 1 for -1: [dcc77c7b-1d37-448d-8d57-43d254561693:192.168.157.226:34527], old=null
2019-09-19 14:04:58,667 [dcc77c7b-1d37-448d-8d57-43d254561693:group-56D873A3B067:LeaderElection575] INFO  impl.LeaderElection (LeaderElection.java:askForVotes(181)) - dcc77c7b-1d37-448d-8d57-43d254561693:group-56D873A3B067:LeaderElection575: begin an election at term 1 for -1: [dcc77c7b-1d37-448d-8d57-43d254561693:192.168.157.226:34527], old=null
2019-09-19 14:04:58,671 [dcc77c7b-1d37-448d-8d57-43d254561693:group-56D873A3B067:LeaderElection575] INFO  impl.RoleInfo (RoleInfo.java:shutdownLeaderElection(134)) - dcc77c7b-1d37-448d-8d57-43d254561693: shutdown LeaderElection
2019-09-19 14:04:58,667 [dcc77c7b-1d37-448d-8d57-43d254561693:group-B0D529AC88AD:LeaderElection580] INFO  impl.LeaderElection (LeaderElection.java:askForVotes(181)) - dcc77c7b-1d37-448d-8d57-43d254561693:group-B0D529AC88AD:LeaderElection580: begin an election at term 1 for -1: [dcc77c7b-1d37-448d-8d57-43d254561693:192.168.157.226:34527], old=null
2019-09-19 14:04:58,667 [dcc77c7b-1d37-448d-8d57-43d254561693:group-827C827A8DAD:LeaderElection589] INFO  impl.LeaderElection (LeaderElection.java:askForVotes(181)) - dcc77c7b-1d37-448d-8d57-43d254561693:group-827C827A8DAD:LeaderElection589: begin an election at term 1 for -1: [dcc77c7b-1d37-448d-8d57-43d254561693:192.168.157.226:34527], old=null
2019-09-19 14:04:58,672 [dcc77c7b-1d37-448d-8d57-43d254561693:group-827C827A8DAD:LeaderElection589] INFO  impl.RoleInfo (RoleInfo.java:shutdownLeaderElection(134)) - dcc77c7b-1d37-448d-8d57-43d254561693: shutdown LeaderElection
2019-09-19 14:04:58,667 [dcc77c7b-1d37-448d-8d57-43d254561693:group-AF209FE8FECB:LeaderElection581] INFO  impl.LeaderElection (LeaderElection.java:askForVotes(181)) - dcc77c7b-1d37-448d-8d57-43d254561693:group-AF209FE8FECB:LeaderElection581: begin an election at term 1 for -1: [dcc77c7b-1d37-448d-8d57-43d254561693:192.168.157.226:34527], old=null
2019-09-19 14:04:58,667 [dcc77c7b-1d37-448d-8d57-43d254561693:group-450D00ABA19B:LeaderElection621] INFO  impl.LeaderElection (LeaderElection.java:askForVotes(181)) - dcc77c7b-1d37-448d-8d57-43d254561693:group-450D00ABA19B:LeaderElection621: begin an election at term 1 for -1: [dcc77c7b-1d37-448d-8d57-43d254561693:192.168.157.226:34527], old=null
2019-09-19 14:04:58,667 [dcc77c7b-1d37-448d-8d57-43d254561693:group-F1AB8729C726:LeaderElection619] INFO  impl.LeaderElection (LeaderElection.java:askForVotes(181)) - dcc77c7b-1d37-448d-8d57-43d254561693:group-F1AB8729C726:LeaderElection619: begin an election at term 1 for -1: [dcc77c7b-1d37-448d-8d57-43d254561693:192.168.157.226:34527], old=null
2019-09-19 14:04:58,667 [dcc77c7b-1d37-448d-8d57-43d254561693:group-E501E5C2F87A:LeaderElection612] INFO  impl.LeaderElection (LeaderElection.java:askForVotes(181)) - dcc77c7b-1d37-448d-8d57-43d254561693:group-E501E5C2F87A:LeaderElection612: begin an election at term 1 for -1: [dcc77c7b-1d37-448d-8d57-43d254561693:192.168.157.226:34527], old=null
2019-09-19 14:04:58,672 [dcc77c7b-1d37-448d-8d57-43d254561693:group-E501E5C2F87A:LeaderElection612] INFO  impl.RoleInfo (RoleInfo.java:shutdownLeaderElection(134)) - dcc77c7b-1d37-448d-8d57-43d254561693: shutdown LeaderElection
2019-09-19 14:04:58,667 [dcc77c7b-1d37-448d-8d57-43d254561693:group-DF274F267A33:LeaderElection614] INFO  impl.LeaderElection (LeaderElection.java:askForVotes(181)) - dcc77c7b-1d37-448d-8d57-43d254561693:group-DF274F267A33:LeaderElection614: begin an election at term 1 for -1: [dcc77c7b-1d37-448d-8d57-43d254561693:192.168.157.226:34527], old=null
2019-09-19 14:04:58,672 [dcc77c7b-1d37-448d-8d57-43d254561693:group-DF274F267A33:LeaderElection614] INFO  impl.RoleInfo (RoleInfo.java:shutdownLeaderElection(134)) - dcc77c7b-1d37-448d-8d57-43d254561693: shutdown LeaderElection
2019-09-19 14:04:58,667 [dcc77c7b-1d37-448d-8d57-43d254561693:group-C427DF1D703E:LeaderElection587] INFO  impl.LeaderElection (LeaderElection.java:askForVotes(181)) - dcc77c7b-1d37-448d-8d57-43d254561693:group-C427DF1D703E:LeaderElection587: begin an election at term 1 for -1: [dcc77c7b-1d37-448d-8d57-43d254561693:192.168.157.226:34527], old=null
2019-09-19 14:04:58,667 [dcc77c7b-1d37-448d-8d57-43d254561693:group-C6C4A2B7D1DA:LeaderElection596] INFO  impl.LeaderElection (LeaderElection.java:askForVotes(181)) - dcc77c7b-1d37-448d-8d57-43d254561693:group-C6C4A2B7D1DA:LeaderElection596: begin an election at term 1 for -1: [dcc77c7b-1d37-448d-8d57-43d254561693:192.168.157.226:34527], old=null
2019-09-19 14:04:58,673 [dcc77c7b-1d37-448d-8d57-43d254561693:group-C6C4A2B7D1DA:LeaderElection596] INFO  impl.RoleInfo (RoleInfo.java:shutdownLeaderElection(134)) - dcc77c7b-1d37-448d-8d57-43d254561693: shutdown LeaderElection
2019-09-19 14:04:58,666 [dcc77c7b-1d37-448d-8d57-43d254561693:group-C0BCADC5D7D8:LeaderElection591] INFO  impl.LeaderElection (LeaderElection.java:askForVotes(181)) - dcc77c7b-1d37-448d-8d57-43d254561693:group-C0BCADC5D7D8:LeaderElection591: begin an election at term 1 for -1: [dcc77c7b-1d37-448d-8d57-43d254561693:192.168.157.226:34527], old=null
2019-09-19 14:04:58,666 [dcc77c7b-1d37-448d-8d57-43d254561693:group-E53CD96B3E19:LeaderElection615] INFO  impl.LeaderElection (LeaderElection.java:askForVotes(181)) - dcc77c7b-1d37-448d-8d57-43d254561693:group-E53CD96B3E19:LeaderElection615: begin an election at term 1 for -1: [dcc77c7b-1d37-448d-8d57-43d254561693:192.168.157.226:34527], old=null
2019-09-19 14:04:58,666 [dcc77c7b-1d37-448d-8d57-43d254561693:group-2522B1FB8D22:LeaderElection579] INFO  impl.LeaderElection (LeaderElection.java:askForVotes(181)) - dcc77c7b-1d37-448d-8d57-43d254561693:group-2522B1FB8D22:LeaderElection579: begin an election at term 1 for -1: [dcc77c7b-1d37-448d-8d57-43d254561693:192.168.157.226:34527], old=null
2019-09-19 14:04:58,666 [dcc77c7b-1d37-448d-8d57-43d254561693:group-1639C94C8647:LeaderElection617] INFO  impl.LeaderElection (LeaderElection.java:askForVotes(181)) - dcc77c7b-1d37-448d-8d57-43d254561693:group-1639C94C8647:LeaderElection617: begin an election at term 1 for -1: [dcc77c7b-1d37-448d-8d57-43d254561693:192.168.157.226:34527], old=null
2019-09-19 14:04:58,673 [dcc77c7b-1d37-448d-8d57-43d254561693:group-1639C94C8647:LeaderElection617] INFO  impl.RoleInfo (RoleInfo.java:shutdownLeaderElection(134)) - dcc77c7b-1d37-448d-8d57-43d254561693: shutdown LeaderElection
2019-09-19 14:04:58,666 [dcc77c7b-1d37-448d-8d57-43d254561693:group-869D2374C5B7:LeaderElection613] INFO  impl.LeaderElection (LeaderElection.java:askForVotes(181)) - dcc77c7b-1d37-448d-8d57-43d254561693:group-869D2374C5B7:LeaderElection613: begin an election at term 1 for -1: [dcc77c7b-1d37-448d-8d57-43d254561693:192.168.157.226:34527], old=null
2019-09-19 14:04:58,673 [dcc77c7b-1d37-448d-8d57-43d254561693:group-869D2374C5B7:LeaderElection613] INFO  impl.RoleInfo (RoleInfo.java:shutdownLeaderElection(134)) - dcc77c7b-1d37-448d-8d57-43d254561693: shutdown LeaderElection
2019-09-19 14:04:58,666 [dcc77c7b-1d37-448d-8d57-43d254561693:group-3D808B4B51C3:LeaderElection593] INFO  impl.LeaderElection (LeaderElection.java:askForVotes(181)) - dcc77c7b-1d37-448d-8d57-43d254561693:group-3D808B4B51C3:LeaderElection593: begin an election at term 1 for -1: [dcc77c7b-1d37-448d-8d57-43d254561693:192.168.157.226:34527], old=null
2019-09-19 14:04:58,674 [dcc77c7b-1d37-448d-8d57-43d254561693:group-3D808B4B51C3:LeaderElection593] INFO  impl.RoleInfo (RoleInfo.java:shutdownLeaderElection(134)) - dcc77c7b-1d37-448d-8d57-43d254561693: shutdown LeaderElection
2019-09-19 14:04:58,666 [dcc77c7b-1d37-448d-8d57-43d254561693:group-6097693610F3:LeaderElection626] INFO  impl.LeaderElection (LeaderElection.java:askForVotes(181)) - dcc77c7b-1d37-448d-8d57-43d254561693:group-6097693610F3:LeaderElection626: begin an election at term 1 for -1: [dcc77c7b-1d37-448d-8d57-43d254561693:192.168.157.226:34527], old=null
2019-09-19 14:04:58,666 [dcc77c7b-1d37-448d-8d57-43d254561693:group-761DA49682B2:LeaderElection590] INFO  impl.LeaderElection (LeaderElection.java:askForVotes(181)) - dcc77c7b-1d37-448d-8d57-43d254561693:group-761DA49682B2:LeaderElection590: begin an election at term 1 for -1: [dcc77c7b-1d37-448d-8d57-43d254561693:192.168.157.226:34527], old=null
2019-09-19 14:04:58,666 [dcc77c7b-1d37-448d-8d57-43d254561693:group-8705EAB60863:LeaderElection602] INFO  impl.LeaderElection (LeaderElection.java:askForVotes(181)) - dcc77c7b-1d37-448d-8d57-43d254561693:group-8705EAB60863:LeaderElection602: begin an election at term 1 for -1: [dcc77c7b-1d37-448d-8d57-43d254561693:192.168.157.226:34527], old=null
2019-09-19 14:04:58,674 [dcc77c7b-1d37-448d-8d57-43d254561693:group-8705EAB60863:LeaderElection602] INFO  impl.RoleInfo (RoleInfo.java:shutdownLeaderElection(134)) - dcc77c7b-1d37-448d-8d57-43d254561693: shutdown LeaderElection
2019-09-19 14:04:58,666 [dcc77c7b-1d37-448d-8d57-43d254561693:group-3CB5F09D983C:LeaderElection592] INFO  impl.LeaderElection (LeaderElection.java:askForVotes(181)) - dcc77c7b-1d37-448d-8d57-43d254561693:group-3CB5F09D983C:LeaderElection592: begin an election at term 1 for -1: [dcc77c7b-1d37-448d-8d57-43d254561693:192.168.157.226:34527], old=null
2019-09-19 14:04:58,674 [dcc77c7b-1d37-448d-8d57-43d254561693:group-3CB5F09D983C:LeaderElection592] INFO  impl.RoleInfo (RoleInfo.java:shutdownLeaderElection(134)) - dcc77c7b-1d37-448d-8d57-43d254561693: shutdown LeaderElection
2019-09-19 14:04:58,666 [dcc77c7b-1d37-448d-8d57-43d254561693:group-BCC62B444D9D:LeaderElection583] INFO  impl.LeaderElection (LeaderElection.java:askForVotes(181)) - dcc77c7b-1d37-448d-8d57-43d254561693:group-BCC62B444D9D:LeaderElection583: begin an election at term 1 for -1: [dcc77c7b-1d37-448d-8d57-43d254561693:192.168.157.226:34527], old=null
2019-09-19 14:04:58,675 [dcc77c7b-1d37-448d-8d57-43d254561693:group-BCC62B444D9D:LeaderElection583] INFO  impl.RoleInfo (RoleInfo.java:shutdownLeaderElection(134)) - dcc77c7b-1d37-448d-8d57-43d254561693: shutdown LeaderElection
2019-09-19 14:04:58,666 [dcc77c7b-1d37-448d-8d57-43d254561693:group-355ED91025D3:LeaderElection577] INFO  impl.LeaderElection (LeaderElection.java:askForVotes(181)) - dcc77c7b-1d37-448d-8d57-43d254561693:group-355ED91025D3:LeaderElection577: begin an election at term 1 for -1: [dcc77c7b-1d37-448d-8d57-43d254561693:192.168.157.226:34527], old=null
2019-09-19 14:04:58,675 [dcc77c7b-1d37-448d-8d57-43d254561693:group-355ED91025D3:LeaderElection577] INFO  impl.RoleInfo (RoleInfo.java:shutdownLeaderElection(134)) - dcc77c7b-1d37-448d-8d57-43d254561693: shutdown LeaderElection
2019-09-19 14:04:58,666 [dcc77c7b-1d37-448d-8d57-43d254561693:group-D04ACBF66747:LeaderElection576] INFO  impl.LeaderElection (LeaderElection.java:askForVotes(181)) - dcc77c7b-1d37-448d-8d57-43d254561693:group-D04ACBF66747:LeaderElection576: begin an election at term 1 for -1: [dcc77c7b-1d37-448d-8d57-43d254561693:192.168.157.226:34527], old=null
2019-09-19 14:04:58,666 [dcc77c7b-1d37-448d-8d57-43d254561693:group-973F91C20342:LeaderElection600] INFO  impl.LeaderElection (LeaderElection.java:askForVotes(181)) - dcc77c7b-1d37-448d-8d57-43d254561693:group-973F91C20342:LeaderElection600: begin an election at term 1 for -1: [dcc77c7b-1d37-448d-8d57-43d254561693:192.168.157.226:34527], old=null
2019-09-19 14:04:58,675 [dcc77c7b-1d37-448d-8d57-43d254561693:group-973F91C20342:LeaderElection600] INFO  impl.RoleInfo (RoleInfo.java:shutdownLeaderElection(134)) - dcc77c7b-1d37-448d-8d57-43d254561693: shutdown LeaderElection
2019-09-19 14:04:58,666 [dcc77c7b-1d37-448d-8d57-43d254561693:group-EF22F8D31499:LeaderElection582] INFO  impl.LeaderElection (LeaderElection.java:askForVotes(181)) - dcc77c7b-1d37-448d-8d57-43d254561693:group-EF22F8D31499:LeaderElection582: begin an election at term 1 for -1: [dcc77c7b-1d37-448d-8d57-43d254561693:192.168.157.226:34527], old=null
2019-09-19 14:04:58,666 [dcc77c7b-1d37-448d-8d57-43d254561693:group-8F62CC6B93F9:LeaderElection594] INFO  impl.LeaderElection (LeaderElection.java:askForVotes(181)) - dcc77c7b-1d37-448d-8d57-43d254561693:group-8F62CC6B93F9:LeaderElection594: begin an election at term 1 for -1: [dcc77c7b-1d37-448d-8d57-43d254561693:192.168.157.226:34527], old=null
2019-09-19 14:04:58,675 [dcc77c7b-1d37-448d-8d57-43d254561693:group-8F62CC6B93F9:LeaderElection594] INFO  impl.RoleInfo (RoleInfo.java:shutdownLeaderElection(134)) - dcc77c7b-1d37-448d-8d57-43d254561693: shutdown LeaderElection
2019-09-19 14:04:58,666 [dcc77c7b-1d37-448d-8d57-43d254561693:group-AEFE1D75DE75:LeaderElection585] INFO  impl.LeaderElection (LeaderElection.java:askForVotes(181)) - dcc77c7b-1d37-448d-8d57-43d254561693:group-AEFE1D75DE75:LeaderElection585: begin an election at term 1 for -1: [dcc77c7b-1d37-448d-8d57-43d254561693:192.168.157.226:34527], old=null
2019-09-19 14:04:58,666 [dcc77c7b-1d37-448d-8d57-43d254561693:group-8DBED52DD969:LeaderElection584] INFO  impl.LeaderElection (LeaderElection.java:askForVotes(181)) - dcc77c7b-1d37-448d-8d57-43d254561693:group-8DBED52DD969:LeaderElection584: begin an election at term 1 for -1: [dcc77c7b-1d37-448d-8d57-43d254561693:192.168.157.226:34527], old=null
2019-09-19 14:04:58,676 [dcc77c7b-1d37-448d-8d57-43d254561693:group-8DBED52DD969:LeaderElection584] INFO  impl.RoleInfo (RoleInfo.java:shutdownLeaderElection(134)) - dcc77c7b-1d37-448d-8d57-43d254561693: shutdown LeaderElection
2019-09-19 14:04:58,666 [dcc77c7b-1d37-448d-8d57-43d254561693:group-DF36A57A9136:LeaderElection573] INFO  impl.LeaderElection (LeaderElection.java:askForVotes(181)) - dcc77c7b-1d37-448d-8d57-43d254561693:group-DF36A57A9136:LeaderElection573: begin an election at term 1 for -1: [dcc77c7b-1d37-448d-8d57-43d254561693:192.168.157.226:34527], old=null
2019-09-19 14:04:58,676 [dcc77c7b-1d37-448d-8d57-43d254561693:group-DF36A57A9136:LeaderElection573] INFO  impl.RoleInfo (RoleInfo.java:shutdownLeaderElection(134)) - dcc77c7b-1d37-448d-8d57-43d254561693: shutdown LeaderElection
2019-09-19 14:04:58,676 [dcc77c7b-1d37-448d-8d57-43d254561693:group-DF36A57A9136:LeaderElection573] INFO  impl.RaftServerImpl (RaftServerImpl.java:setRole(171)) - dcc77c7b-1d37-448d-8d57-43d254561693:group-DF36A57A9136 changes role from CANDIDATE to LEADER at term 1 for changeToLeader
2019-09-19 14:04:58,666 [RATISCREATEPIPELINE1] ERROR pipeline.RatisPipelineProvider (RatisPipelineProvider.java:lambda$null$2(182)) - Failed invoke Ratis rpc org.apache.hadoop.hdds.scm.pipeline.RatisPipelineProvider$$Lambda$168/1612887079@4bbf1c9b for dcc77c7b-1d37-448d-8d57-43d254561693
org.apache.ratis.protocol.TimeoutIOException: deadline exceeded after 2999936265ns
	at org.apache.ratis.grpc.GrpcUtil.tryUnwrapException(GrpcUtil.java:82)
	at org.apache.ratis.grpc.GrpcUtil.unwrapException(GrpcUtil.java:75)
	at org.apache.ratis.grpc.client.GrpcClientProtocolClient.blockingCall(GrpcClientProtocolClient.java:169)
	at org.apache.ratis.grpc.client.GrpcClientProtocolClient.groupAdd(GrpcClientProtocolClient.java:138)
	at org.apache.ratis.grpc.client.GrpcClientRpc.sendRequest(GrpcClientRpc.java:94)
	at org.apache.ratis.client.impl.RaftClientImpl.sendRequest(RaftClientImpl.java:279)
	at org.apache.ratis.client.impl.RaftClientImpl.groupAdd(RaftClientImpl.java:206)
	at org.apache.hadoop.hdds.scm.pipeline.RatisPipelineProvider.lambda$initializePipeline$1(RatisPipelineProvider.java:141)
	at org.apache.hadoop.hdds.scm.pipeline.RatisPipelineProvider.lambda$null$2(RatisPipelineProvider.java:178)
	at java.util.stream.ForEachOps$ForEachOp$OfRef.accept(ForEachOps.java:184)
	at java.util.ArrayList$ArrayListSpliterator.forEachRemaining(ArrayList.java:1382)
	at java.util.stream.AbstractPipeline.copyInto(AbstractPipeline.java:482)
	at java.util.stream.ForEachOps$ForEachTask.compute(ForEachOps.java:291)
	at java.util.concurrent.CountedCompleter.exec(CountedCompleter.java:731)
	at java.util.concurrent.ForkJoinTask.doExec(ForkJoinTask.java:289)
	at java.util.concurrent.ForkJoinTask.doInvoke(ForkJoinTask.java:401)
	at java.util.concurrent.ForkJoinTask.invoke(ForkJoinTask.java:734)
	at java.util.stream.ForEachOps$ForEachOp.evaluateParallel(ForEachOps.java:160)
	at java.util.stream.ForEachOps$ForEachOp$OfRef.evaluateParallel(ForEachOps.java:174)
	at java.util.stream.AbstractPipeline.evaluate(AbstractPipeline.java:233)
	at java.util.stream.ReferencePipeline.forEach(ReferencePipeline.java:418)
	at java.util.stream.ReferencePipeline$Head.forEach(ReferencePipeline.java:583)
	at org.apache.hadoop.hdds.scm.pipeline.RatisPipelineProvider.lambda$callRatisRpc$3(RatisPipelineProvider.java:172)
	at java.util.concurrent.ForkJoinTask$AdaptedRunnableAction.exec(ForkJoinTask.java:1386)
	at java.util.concurrent.ForkJoinTask.doExec(ForkJoinTask.java:289)
	at java.util.concurrent.ForkJoinPool$WorkQueue.runTask(ForkJoinPool.java:1056)
	at java.util.concurrent.ForkJoinPool.runWorker(ForkJoinPool.java:1692)
	at java.util.concurrent.ForkJoinWorkerThread.run(ForkJoinWorkerThread.java:157)
Caused by: org.apache.ratis.thirdparty.io.grpc.StatusRuntimeException: DEADLINE_EXCEEDED: deadline exceeded after 2999936265ns
	at org.apache.ratis.thirdparty.io.grpc.stub.ClientCalls.toStatusRuntimeException(ClientCalls.java:233)
	at org.apache.ratis.thirdparty.io.grpc.stub.ClientCalls.getUnchecked(ClientCalls.java:214)
	at org.apache.ratis.thirdparty.io.grpc.stub.ClientCalls.blockingUnaryCall(ClientCalls.java:139)
	at org.apache.ratis.proto.grpc.AdminProtocolServiceGrpc$AdminProtocolServiceBlockingStub.groupManagement(AdminProtocolServiceGrpc.java:274)
	at org.apache.ratis.grpc.client.GrpcClientProtocolClient.lambda$groupAdd$3(GrpcClientProtocolClient.java:140)
	at org.apache.ratis.grpc.client.GrpcClientProtocolClient.blockingCall(GrpcClientProtocolClient.java:167)
	... 25 more
2019-09-19 14:04:58,666 [dcc77c7b-1d37-448d-8d57-43d254561693:group-F426BA34EE2B:LeaderElection586] INFO  impl.LeaderElection (LeaderElection.java:askForVotes(181)) - dcc77c7b-1d37-448d-8d57-43d254561693:group-F426BA34EE2B:LeaderElection586: begin an election at term 1 for -1: [dcc77c7b-1d37-448d-8d57-43d254561693:192.168.157.226:34527], old=null
2019-09-19 14:04:58,666 [dcc77c7b-1d37-448d-8d57-43d254561693:group-B3B29087AAA0:LeaderElection598] INFO  impl.LeaderElection (LeaderElection.java:askForVotes(181)) - dcc77c7b-1d37-448d-8d57-43d254561693:group-B3B29087AAA0:LeaderElection598: begin an election at term 1 for -1: [dcc77c7b-1d37-448d-8d57-43d254561693:192.168.157.226:34527], old=null
2019-09-19 14:04:58,680 [dcc77c7b-1d37-448d-8d57-43d254561693:group-B3B29087AAA0:LeaderElection598] INFO  impl.RoleInfo (RoleInfo.java:shutdownLeaderElection(134)) - dcc77c7b-1d37-448d-8d57-43d254561693: shutdown LeaderElection
2019-09-19 14:04:58,666 [dcc77c7b-1d37-448d-8d57-43d254561693:group-6EDC13E5AA9D:LeaderElection609] INFO  impl.LeaderElection (LeaderElection.java:askForVotes(181)) - dcc77c7b-1d37-448d-8d57-43d254561693:group-6EDC13E5AA9D:LeaderElection609: begin an election at term 1 for -1: [dcc77c7b-1d37-448d-8d57-43d254561693:192.168.157.226:34527], old=null
2019-09-19 14:04:58,666 [dcc77c7b-1d37-448d-8d57-43d254561693:group-1CA508E03965:LeaderElection622] INFO  impl.LeaderElection (LeaderElection.java:askForVotes(181)) - dcc77c7b-1d37-448d-8d57-43d254561693:group-1CA508E03965:LeaderElection622: begin an election at term 1 for -1: [dcc77c7b-1d37-448d-8d57-43d254561693:192.168.157.226:34527], old=null
2019-09-19 14:04:58,680 [dcc77c7b-1d37-448d-8d57-43d254561693:group-1CA508E03965:LeaderElection622] INFO  impl.RoleInfo (RoleInfo.java:shutdownLeaderElection(134)) - dcc77c7b-1d37-448d-8d57-43d254561693: shutdown LeaderElection
2019-09-19 14:04:58,666 [dcc77c7b-1d37-448d-8d57-43d254561693:group-BB4E63A8ADCE:LeaderElection623] INFO  impl.LeaderElection (LeaderElection.java:askForVotes(181)) - dcc77c7b-1d37-448d-8d57-43d254561693:group-BB4E63A8ADCE:LeaderElection623: begin an election at term 1 for -1: [dcc77c7b-1d37-448d-8d57-43d254561693:192.168.157.226:34527], old=null
2019-09-19 14:04:58,680 [dcc77c7b-1d37-448d-8d57-43d254561693:group-BB4E63A8ADCE:LeaderElection623] INFO  impl.RoleInfo (RoleInfo.java:shutdownLeaderElection(134)) - dcc77c7b-1d37-448d-8d57-43d254561693: shutdown LeaderElection
2019-09-19 14:04:58,666 [dcc77c7b-1d37-448d-8d57-43d254561693:group-C61393B9958E:LeaderElection610] INFO  impl.LeaderElection (LeaderElection.java:askForVotes(181)) - dcc77c7b-1d37-448d-8d57-43d254561693:group-C61393B9958E:LeaderElection610: begin an election at term 1 for -1: [dcc77c7b-1d37-448d-8d57-43d254561693:192.168.157.226:34527], old=null
2019-09-19 14:04:58,681 [dcc77c7b-1d37-448d-8d57-43d254561693:group-C61393B9958E:LeaderElection610] INFO  impl.RoleInfo (RoleInfo.java:shutdownLeaderElection(134)) - dcc77c7b-1d37-448d-8d57-43d254561693: shutdown LeaderElection
2019-09-19 14:04:58,666 [dcc77c7b-1d37-448d-8d57-43d254561693:group-9054243D6A0E:LeaderElection599] INFO  impl.LeaderElection (LeaderElection.java:askForVotes(181)) - dcc77c7b-1d37-448d-8d57-43d254561693:group-9054243D6A0E:LeaderElection599: begin an election at term 1 for -1: [dcc77c7b-1d37-448d-8d57-43d254561693:192.168.157.226:34527], old=null
2019-09-19 14:04:58,666 [dcc77c7b-1d37-448d-8d57-43d254561693:group-D8C1D5FCCD5D:LeaderElection611] INFO  impl.LeaderElection (LeaderElection.java:askForVotes(181)) - dcc77c7b-1d37-448d-8d57-43d254561693:group-D8C1D5FCCD5D:LeaderElection611: begin an election at term 1 for -1: [dcc77c7b-1d37-448d-8d57-43d254561693:192.168.157.226:34527], old=null
2019-09-19 14:04:58,666 [Thread-4448] INFO  impl.FollowerState (FollowerState.java:run(106)) - dcc77c7b-1d37-448d-8d57-43d254561693:group-A31FF801AF6F changes to CANDIDATE, lastRpcTime:5303, electionTimeout:5172ms
2019-09-19 14:04:58,681 [Thread-4448] INFO  impl.RoleInfo (RoleInfo.java:shutdownFollowerState(121)) - dcc77c7b-1d37-448d-8d57-43d254561693: shutdown FollowerState
2019-09-19 14:04:58,665 [Thread-4454] INFO  impl.FollowerState (FollowerState.java:run(106)) - dcc77c7b-1d37-448d-8d57-43d254561693:group-CDD98A98F0BC changes to CANDIDATE, lastRpcTime:5231, electionTimeout:5106ms
2019-09-19 14:04:58,681 [Thread-4454] INFO  impl.RoleInfo (RoleInfo.java:shutdownFollowerState(121)) - dcc77c7b-1d37-448d-8d57-43d254561693: shutdown FollowerState
2019-09-19 14:04:58,665 [dcc77c7b-1d37-448d-8d57-43d254561693-SegmentedRaftLogWorker:Storage Directory /workdir/hadoop-ozone/integration-test/target/test-dir/MiniOzoneClusterImpl-3b2755de-4cfe-4b43-9e0d-73dd8eda8f75/datanode-0/data/ratis/abcc18f0-c26d-4d41-9759-11869be1a9f1] ERROR segmented.SegmentedRaftLogWorker (SegmentedRaftLogWorker.java:run(323)) - dcc77c7b-1d37-448d-8d57-43d254561693-SegmentedRaftLogWorker:Storage Directory /workdir/hadoop-ozone/integration-test/target/test-dir/MiniOzoneClusterImpl-3b2755de-4cfe-4b43-9e0d-73dd8eda8f75/datanode-0/data/ratis/abcc18f0-c26d-4d41-9759-11869be1a9f1 hit exception
java.lang.OutOfMemoryError: Direct buffer memory
	at java.nio.Bits.reserveMemory(Bits.java:666)
	at java.nio.DirectByteBuffer.<init>(DirectByteBuffer.java:123)
	at java.nio.ByteBuffer.allocateDirect(ByteBuffer.java:311)
	at org.apache.ratis.server.raftlog.segmented.BufferedWriteChannel.<init>(BufferedWriteChannel.java:41)
	at org.apache.ratis.server.raftlog.segmented.SegmentedRaftLogOutputStream.<init>(SegmentedRaftLogOutputStream.java:72)
	at org.apache.ratis.server.raftlog.segmented.SegmentedRaftLogWorker$StartLogSegment.execute(SegmentedRaftLogWorker.java:566)
	at org.apache.ratis.server.raftlog.segmented.SegmentedRaftLogWorker.run(SegmentedRaftLogWorker.java:289)
	at java.lang.Thread.run(Thread.java:748)
2019-09-19 14:04:58,665 [dcc77c7b-1d37-448d-8d57-43d254561693-SegmentedRaftLogWorker:Storage Directory /workdir/hadoop-ozone/integration-test/target/test-dir/MiniOzoneClusterImpl-3b2755de-4cfe-4b43-9e0d-73dd8eda8f75/datanode-0/data/ratis/1dc62731-1564-44e9-a656-5fe8443c3ff9] ERROR segmented.SegmentedRaftLogWorker (SegmentedRaftLogWorker.java:run(323)) - dcc77c7b-1d37-448d-8d57-43d254561693-SegmentedRaftLogWorker:Storage Directory /workdir/hadoop-ozone/integration-test/target/test-dir/MiniOzoneClusterImpl-3b2755de-4cfe-4b43-9e0d-73dd8eda8f75/datanode-0/data/ratis/1dc62731-1564-44e9-a656-5fe8443c3ff9 hit exception
java.lang.OutOfMemoryError: Direct buffer memory
	at java.nio.Bits.reserveMemory(Bits.java:666)
	at java.nio.DirectByteBuffer.<init>(DirectByteBuffer.java:123)
	at java.nio.ByteBuffer.allocateDirect(ByteBuffer.java:311)
	at org.apache.ratis.server.raftlog.segmented.BufferedWriteChannel.<init>(BufferedWriteChannel.java:41)
	at org.apache.ratis.server.raftlog.segmented.SegmentedRaftLogOutputStream.<init>(SegmentedRaftLogOutputStream.java:72)
	at org.apache.ratis.server.raftlog.segmented.SegmentedRaftLogWorker$StartLogSegment.execute(SegmentedRaftLogWorker.java:566)
	at org.apache.ratis.server.raftlog.segmented.SegmentedRaftLogWorker.run(SegmentedRaftLogWorker.java:289)
	at java.lang.Thread.run(Thread.java:748)
2019-09-19 14:04:58,682 [dcc77c7b-1d37-448d-8d57-43d254561693-SegmentedRaftLogWorker:Storage Directory /workdir/hadoop-ozone/integration-test/target/test-dir/MiniOzoneClusterImpl-3b2755de-4cfe-4b43-9e0d-73dd8eda8f75/datanode-0/data/ratis/1dc62731-1564-44e9-a656-5fe8443c3ff9] INFO  impl.RaftServerImpl (RaftServerImpl.java:lambda$shutdown$3(245)) - dcc77c7b-1d37-448d-8d57-43d254561693: shutdown group-5FE8443C3FF9
2019-09-19 14:04:58,665 [Thread-4457] INFO  impl.FollowerState (FollowerState.java:run(106)) - dcc77c7b-1d37-448d-8d57-43d254561693:group-8D9545D9289E changes to CANDIDATE, lastRpcTime:5172, electionTimeout:5081ms
2019-09-19 14:04:58,682 [Thread-4457] INFO  impl.RoleInfo (RoleInfo.java:shutdownFollowerState(121)) - dcc77c7b-1d37-448d-8d57-43d254561693: shutdown FollowerState
2019-09-19 14:04:58,665 [Thread-4451] INFO  impl.FollowerState (FollowerState.java:run(106)) - dcc77c7b-1d37-448d-8d57-43d254561693:group-A786CE105C3D changes to CANDIDATE, lastRpcTime:5266, electionTimeout:5187ms
2019-09-19 14:04:58,682 [Thread-4451] INFO  impl.RoleInfo (RoleInfo.java:shutdownFollowerState(121)) - dcc77c7b-1d37-448d-8d57-43d254561693: shutdown FollowerState
2019-09-19 14:04:58,382 [dcc77c7b-1d37-448d-8d57-43d254561693:group-A8FD2D474859:LeaderElection561] INFO  impl.RaftServerImpl (ServerState.java:setRaftConf(361)) - dcc77c7b-1d37-448d-8d57-43d254561693:group-A8FD2D474859 set configuration 0: [dcc77c7b-1d37-448d-8d57-43d254561693:192.168.157.226:34527], old=null at 0
2019-09-19 14:04:58,382 [dcc77c7b-1d37-448d-8d57-43d254561693:group-9646DAB2F47F:LeaderElection571] INFO  server.RaftServerConfigKeys (ConfUtils.java:logGet(43)) - raft.server.rpc.sleep.time = 25ms (default)
2019-09-19 14:04:58,382 [dcc77c7b-1d37-448d-8d57-43d254561693:group-A8E7F9479FC5:LeaderElection597] INFO  impl.RaftServerImpl (ServerState.java:setLeader(263)) - dcc77c7b-1d37-448d-8d57-43d254561693:group-A8E7F9479FC5 change Leader from null to dcc77c7b-1d37-448d-8d57-43d254561693 at term 1 for becomeLeader, leader elected after 7131ms
2019-09-19 14:04:58,382 [dcc77c7b-1d37-448d-8d57-43d254561693:group-ED4FE5DA218F:LeaderElection565] INFO  server.RaftServerConfigKeys (ConfUtils.java:logGet(43)) - raft.server.watch.timeout.denomination = 1s (default)
2019-09-19 14:04:58,381 [dcc77c7b-1d37-448d-8d57-43d254561693:group-A456A21CC0DF:LeaderElection578] INFO  server.RaftServerConfigKeys (ConfUtils.java:logGet(43)) - raft.server.staging.catchup.gap = 1000 (default)
2019-09-19 14:04:58,683 [dcc77c7b-1d37-448d-8d57-43d254561693:group-A456A21CC0DF:LeaderElection578] INFO  server.RaftServerConfigKeys (ConfUtils.java:logGet(43)) - raft.server.rpc.sleep.time = 25ms (default)
2019-09-19 14:04:58,381 [dcc77c7b-1d37-448d-8d57-43d254561693:group-1C369C9291F7:LeaderElection566] INFO  server.RaftServerConfigKeys (ConfUtils.java:logGet(43)) - raft.server.rpc.sleep.time = 25ms (default)
2019-09-19 14:04:58,683 [dcc77c7b-1d37-448d-8d57-43d254561693:group-1C369C9291F7:LeaderElection566] INFO  server.RaftServerConfigKeys (ConfUtils.java:logGet(43)) - raft.server.write.element-limit = 4096 (default)
2019-09-19 14:04:58,381 [dcc77c7b-1d37-448d-8d57-43d254561693:group-FC8AC56A4CFE:LeaderElection567] INFO  server.RaftServerConfigKeys (ConfUtils.java:logGet(43)) - raft.server.staging.catchup.gap = 1000 (default)
2019-09-19 14:04:58,684 [dcc77c7b-1d37-448d-8d57-43d254561693:group-FC8AC56A4CFE:LeaderElection567] INFO  server.RaftServerConfigKeys (ConfUtils.java:logGet(43)) - raft.server.rpc.sleep.time = 25ms (default)
2019-09-19 14:04:58,381 [dcc77c7b-1d37-448d-8d57-43d254561693:group-EC9A652F867E:LeaderElection568] INFO  impl.RaftServerImpl (RaftServerImpl.java:setRole(171)) - dcc77c7b-1d37-448d-8d57-43d254561693:group-EC9A652F867E changes role from CANDIDATE to LEADER at term 1 for changeToLeader
2019-09-19 14:04:58,684 [dcc77c7b-1d37-448d-8d57-43d254561693:group-FC8AC56A4CFE:LeaderElection567] INFO  server.RaftServerConfigKeys (ConfUtils.java:logGet(43)) - raft.server.write.element-limit = 4096 (default)
2019-09-19 14:04:58,684 [dcc77c7b-1d37-448d-8d57-43d254561693:group-FC8AC56A4CFE:LeaderElection567] INFO  server.RaftServerConfigKeys (ConfUtils.java:logGet(43)) - raft.server.watch.timeout = 10s (default)
2019-09-19 14:04:58,683 [dcc77c7b-1d37-448d-8d57-43d254561693:group-1C369C9291F7:LeaderElection566] INFO  server.RaftServerConfigKeys (ConfUtils.java:logGet(43)) - raft.server.watch.timeout = 10s (default)
2019-09-19 14:04:58,684 [dcc77c7b-1d37-448d-8d57-43d254561693:group-1C369C9291F7:LeaderElection566] INFO  server.RaftServerConfigKeys (ConfUtils.java:logGet(43)) - raft.server.watch.timeout.denomination = 1s (default)
2019-09-19 14:04:58,683 [dcc77c7b-1d37-448d-8d57-43d254561693:group-A456A21CC0DF:LeaderElection578] INFO  server.RaftServerConfigKeys (ConfUtils.java:logGet(43)) - raft.server.write.element-limit = 4096 (default)
2019-09-19 14:04:58,683 [dcc77c7b-1d37-448d-8d57-43d254561693:group-ED4FE5DA218F:LeaderElection565] INFO  server.RaftServerConfigKeys (ConfUtils.java:logGet(43)) - raft.server.watch.element-limit = 65536 (default)
2019-09-19 14:04:58,683 [dcc77c7b-1d37-448d-8d57-43d254561693:group-A8E7F9479FC5:LeaderElection597] INFO  server.RaftServerConfigKeys (ConfUtils.java:logGet(43)) - raft.server.staging.catchup.gap = 1000 (default)
2019-09-19 14:04:58,683 [dcc77c7b-1d37-448d-8d57-43d254561693:group-9646DAB2F47F:LeaderElection571] INFO  server.RaftServerConfigKeys (ConfUtils.java:logGet(43)) - raft.server.write.element-limit = 4096 (default)
2019-09-19 14:04:58,682 [Thread-4451] INFO  impl.RaftServerImpl (RaftServerImpl.java:setRole(171)) - dcc77c7b-1d37-448d-8d57-43d254561693:group-A786CE105C3D changes role from FOLLOWER to CANDIDATE at term 0 for changeToCandidate
2019-09-19 14:04:58,685 [Thread-4451] INFO  impl.RoleInfo (RoleInfo.java:updateAndGet(143)) - dcc77c7b-1d37-448d-8d57-43d254561693: start LeaderElection
2019-09-19 14:04:58,682 [Thread-4457] INFO  impl.RaftServerImpl (RaftServerImpl.java:setRole(171)) - dcc77c7b-1d37-448d-8d57-43d254561693:group-8D9545D9289E changes role from FOLLOWER to CANDIDATE at term 0 for changeToCandidate
2019-09-19 14:04:58,682 [dcc77c7b-1d37-448d-8d57-43d254561693-SegmentedRaftLogWorker:Storage Directory /workdir/hadoop-ozone/integration-test/target/test-dir/MiniOzoneClusterImpl-3b2755de-4cfe-4b43-9e0d-73dd8eda8f75/datanode-0/data/ratis/1dc62731-1564-44e9-a656-5fe8443c3ff9] INFO  util.JmxRegister (JmxRegister.java:unregister(73)) - Successfully un-registered JMX Bean with object name Ratis:service=RaftServer,group=group-5FE8443C3FF9,id=dcc77c7b-1d37-448d-8d57-43d254561693
2019-09-19 14:04:58,685 [dcc77c7b-1d37-448d-8d57-43d254561693-SegmentedRaftLogWorker:Storage Directory /workdir/hadoop-ozone/integration-test/target/test-dir/MiniOzoneClusterImpl-3b2755de-4cfe-4b43-9e0d-73dd8eda8f75/datanode-0/data/ratis/1dc62731-1564-44e9-a656-5fe8443c3ff9] INFO  impl.RoleInfo (RoleInfo.java:shutdownLeaderState(104)) - dcc77c7b-1d37-448d-8d57-43d254561693: shutdown LeaderState
2019-09-19 14:04:58,682 [dcc77c7b-1d37-448d-8d57-43d254561693-SegmentedRaftLogWorker:Storage Directory /workdir/hadoop-ozone/integration-test/target/test-dir/MiniOzoneClusterImpl-3b2755de-4cfe-4b43-9e0d-73dd8eda8f75/datanode-0/data/ratis/abcc18f0-c26d-4d41-9759-11869be1a9f1] INFO  impl.RaftServerImpl (RaftServerImpl.java:lambda$shutdown$3(245)) - dcc77c7b-1d37-448d-8d57-43d254561693: shutdown group-11869BE1A9F1
2019-09-19 14:04:58,681 [Thread-4454] INFO  impl.RaftServerImpl (RaftServerImpl.java:setRole(171)) - dcc77c7b-1d37-448d-8d57-43d254561693:group-CDD98A98F0BC changes role from FOLLOWER to CANDIDATE at term 0 for changeToCandidate
2019-09-19 14:04:58,686 [Thread-4454] INFO  impl.RoleInfo (RoleInfo.java:updateAndGet(143)) - dcc77c7b-1d37-448d-8d57-43d254561693: start LeaderElection
2019-09-19 14:04:58,681 [Thread-4448] INFO  impl.RaftServerImpl (RaftServerImpl.java:setRole(171)) - dcc77c7b-1d37-448d-8d57-43d254561693:group-A31FF801AF6F changes role from FOLLOWER to CANDIDATE at term 0 for changeToCandidate
2019-09-19 14:04:58,681 [dcc77c7b-1d37-448d-8d57-43d254561693:group-D8C1D5FCCD5D:LeaderElection611] INFO  impl.RoleInfo (RoleInfo.java:shutdownLeaderElection(134)) - dcc77c7b-1d37-448d-8d57-43d254561693: shutdown LeaderElection
2019-09-19 14:04:58,681 [dcc77c7b-1d37-448d-8d57-43d254561693:group-9054243D6A0E:LeaderElection599] INFO  impl.RoleInfo (RoleInfo.java:shutdownLeaderElection(134)) - dcc77c7b-1d37-448d-8d57-43d254561693: shutdown LeaderElection
2019-09-19 14:04:58,686 [dcc77c7b-1d37-448d-8d57-43d254561693:group-9054243D6A0E:LeaderElection599] INFO  impl.RaftServerImpl (RaftServerImpl.java:setRole(171)) - dcc77c7b-1d37-448d-8d57-43d254561693:group-9054243D6A0E changes role from CANDIDATE to LEADER at term 1 for changeToLeader
2019-09-19 14:04:58,681 [dcc77c7b-1d37-448d-8d57-43d254561693:group-C61393B9958E:LeaderElection610] INFO  impl.RaftServerImpl (RaftServerImpl.java:setRole(171)) - dcc77c7b-1d37-448d-8d57-43d254561693:group-C61393B9958E changes role from CANDIDATE to LEADER at term 1 for changeToLeader
2019-09-19 14:04:58,686 [dcc77c7b-1d37-448d-8d57-43d254561693:group-C61393B9958E:LeaderElection610] INFO  impl.RaftServerImpl (ServerState.java:setLeader(263)) - dcc77c7b-1d37-448d-8d57-43d254561693:group-C61393B9958E change Leader from null to dcc77c7b-1d37-448d-8d57-43d254561693 at term 1 for becomeLeader, leader elected after 6761ms
2019-09-19 14:04:58,680 [dcc77c7b-1d37-448d-8d57-43d254561693:group-BB4E63A8ADCE:LeaderElection623] INFO  impl.RaftServerImpl (RaftServerImpl.java:setRole(171)) - dcc77c7b-1d37-448d-8d57-43d254561693:group-BB4E63A8ADCE changes role from CANDIDATE to LEADER at term 1 for changeToLeader
2019-09-19 14:04:58,687 [dcc77c7b-1d37-448d-8d57-43d254561693:group-BB4E63A8ADCE:LeaderElection623] INFO  impl.RaftServerImpl (ServerState.java:setLeader(263)) - dcc77c7b-1d37-448d-8d57-43d254561693:group-BB4E63A8ADCE change Leader from null to dcc77c7b-1d37-448d-8d57-43d254561693 at term 1 for becomeLeader, leader elected after 5437ms
2019-09-19 14:04:58,680 [dcc77c7b-1d37-448d-8d57-43d254561693:group-1CA508E03965:LeaderElection622] INFO  impl.RaftServerImpl (RaftServerImpl.java:setRole(171)) - dcc77c7b-1d37-448d-8d57-43d254561693:group-1CA508E03965 changes role from CANDIDATE to LEADER at term 1 for changeToLeader
2019-09-19 14:04:58,680 [dcc77c7b-1d37-448d-8d57-43d254561693:group-6EDC13E5AA9D:LeaderElection609] INFO  impl.RoleInfo (RoleInfo.java:shutdownLeaderElection(134)) - dcc77c7b-1d37-448d-8d57-43d254561693: shutdown LeaderElection
2019-09-19 14:04:58,680 [dcc77c7b-1d37-448d-8d57-43d254561693:group-B3B29087AAA0:LeaderElection598] INFO  impl.RaftServerImpl (RaftServerImpl.java:setRole(171)) - dcc77c7b-1d37-448d-8d57-43d254561693:group-B3B29087AAA0 changes role from CANDIDATE to LEADER at term 1 for changeToLeader
2019-09-19 14:04:58,687 [dcc77c7b-1d37-448d-8d57-43d254561693:group-B3B29087AAA0:LeaderElection598] INFO  impl.RaftServerImpl (ServerState.java:setLeader(263)) - dcc77c7b-1d37-448d-8d57-43d254561693:group-B3B29087AAA0 change Leader from null to dcc77c7b-1d37-448d-8d57-43d254561693 at term 1 for becomeLeader, leader elected after 6876ms
2019-09-19 14:04:58,680 [dcc77c7b-1d37-448d-8d57-43d254561693:group-F426BA34EE2B:LeaderElection586] INFO  impl.RoleInfo (RoleInfo.java:shutdownLeaderElection(134)) - dcc77c7b-1d37-448d-8d57-43d254561693: shutdown LeaderElection
2019-09-19 14:04:58,687 [dcc77c7b-1d37-448d-8d57-43d254561693:group-F426BA34EE2B:LeaderElection586] INFO  impl.RaftServerImpl (RaftServerImpl.java:setRole(171)) - dcc77c7b-1d37-448d-8d57-43d254561693:group-F426BA34EE2B changes role from CANDIDATE to LEADER at term 1 for changeToLeader
2019-09-19 14:04:58,680 [RatisPipelineUtilsThread] ERROR pipeline.SCMPipelineManager (SCMPipelineManager.java:createPipeline(161)) - Pipeline creation failed due to exception: Failed invoke Ratis rpc org.apache.hadoop.hdds.scm.pipeline.RatisPipelineProvider$$Lambda$168/1612887079@4bbf1c9b for dcc77c7b-1d37-448d-8d57-43d254561693
2019-09-19 14:04:58,676 [dcc77c7b-1d37-448d-8d57-43d254561693:group-DF36A57A9136:LeaderElection573] INFO  impl.RaftServerImpl (ServerState.java:setLeader(263)) - dcc77c7b-1d37-448d-8d57-43d254561693:group-DF36A57A9136 change Leader from null to dcc77c7b-1d37-448d-8d57-43d254561693 at term 1 for becomeLeader, leader elected after 7466ms
2019-09-19 14:04:58,676 [dcc77c7b-1d37-448d-8d57-43d254561693:group-8DBED52DD969:LeaderElection584] INFO  impl.RaftServerImpl (RaftServerImpl.java:setRole(171)) - dcc77c7b-1d37-448d-8d57-43d254561693:group-8DBED52DD969 changes role from CANDIDATE to LEADER at term 1 for changeToLeader
2019-09-19 14:04:58,676 [dcc77c7b-1d37-448d-8d57-43d254561693:group-AEFE1D75DE75:LeaderElection585] INFO  impl.RoleInfo (RoleInfo.java:shutdownLeaderElection(134)) - dcc77c7b-1d37-448d-8d57-43d254561693: shutdown LeaderElection
2019-09-19 14:04:58,688 [dcc77c7b-1d37-448d-8d57-43d254561693:group-AEFE1D75DE75:LeaderElection585] INFO  impl.RaftServerImpl (RaftServerImpl.java:setRole(171)) - dcc77c7b-1d37-448d-8d57-43d254561693:group-AEFE1D75DE75 changes role from CANDIDATE to LEADER at term 1 for changeToLeader
2019-09-19 14:04:58,675 [dcc77c7b-1d37-448d-8d57-43d254561693:group-8F62CC6B93F9:LeaderElection594] INFO  impl.RaftServerImpl (RaftServerImpl.java:setRole(171)) - dcc77c7b-1d37-448d-8d57-43d254561693:group-8F62CC6B93F9 changes role from CANDIDATE to LEADER at term 1 for changeToLeader
2019-09-19 14:04:58,675 [dcc77c7b-1d37-448d-8d57-43d254561693:group-EF22F8D31499:LeaderElection582] INFO  impl.RoleInfo (RoleInfo.java:shutdownLeaderElection(134)) - dcc77c7b-1d37-448d-8d57-43d254561693: shutdown LeaderElection
2019-09-19 14:04:58,688 [dcc77c7b-1d37-448d-8d57-43d254561693:group-EF22F8D31499:LeaderElection582] INFO  impl.RaftServerImpl (RaftServerImpl.java:setRole(171)) - dcc77c7b-1d37-448d-8d57-43d254561693:group-EF22F8D31499 changes role from CANDIDATE to LEADER at term 1 for changeToLeader
2019-09-19 14:04:58,675 [dcc77c7b-1d37-448d-8d57-43d254561693:group-973F91C20342:LeaderElection600] INFO  impl.RaftServerImpl (RaftServerImpl.java:setRole(171)) - dcc77c7b-1d37-448d-8d57-43d254561693:group-973F91C20342 changes role from CANDIDATE to LEADER at term 1 for changeToLeader
2019-09-19 14:04:58,689 [dcc77c7b-1d37-448d-8d57-43d254561693:group-973F91C20342:LeaderElection600] INFO  impl.RaftServerImpl (ServerState.java:setLeader(263)) - dcc77c7b-1d37-448d-8d57-43d254561693:group-973F91C20342 change Leader from null to dcc77c7b-1d37-448d-8d57-43d254561693 at term 1 for becomeLeader, leader elected after 6915ms
2019-09-19 14:04:58,675 [dcc77c7b-1d37-448d-8d57-43d254561693:group-D04ACBF66747:LeaderElection576] INFO  impl.RoleInfo (RoleInfo.java:shutdownLeaderElection(134)) - dcc77c7b-1d37-448d-8d57-43d254561693: shutdown LeaderElection
2019-09-19 14:04:58,689 [dcc77c7b-1d37-448d-8d57-43d254561693:group-D04ACBF66747:LeaderElection576] INFO  impl.RaftServerImpl (RaftServerImpl.java:setRole(171)) - dcc77c7b-1d37-448d-8d57-43d254561693:group-D04ACBF66747 changes role from CANDIDATE to LEADER at term 1 for changeToLeader
2019-09-19 14:04:58,675 [dcc77c7b-1d37-448d-8d57-43d254561693:group-355ED91025D3:LeaderElection577] INFO  impl.RaftServerImpl (RaftServerImpl.java:setRole(171)) - dcc77c7b-1d37-448d-8d57-43d254561693:group-355ED91025D3 changes role from CANDIDATE to LEADER at term 1 for changeToLeader
2019-09-19 14:04:58,675 [dcc77c7b-1d37-448d-8d57-43d254561693:group-BCC62B444D9D:LeaderElection583] INFO  impl.RaftServerImpl (RaftServerImpl.java:setRole(171)) - dcc77c7b-1d37-448d-8d57-43d254561693:group-BCC62B444D9D changes role from CANDIDATE to LEADER at term 1 for changeToLeader
2019-09-19 14:04:58,689 [dcc77c7b-1d37-448d-8d57-43d254561693:group-BCC62B444D9D:LeaderElection583] INFO  impl.RaftServerImpl (ServerState.java:setLeader(263)) - dcc77c7b-1d37-448d-8d57-43d254561693:group-BCC62B444D9D change Leader from null to dcc77c7b-1d37-448d-8d57-43d254561693 at term 1 for becomeLeader, leader elected after 6379ms
2019-09-19 14:04:58,674 [dcc77c7b-1d37-448d-8d57-43d254561693:group-3CB5F09D983C:LeaderElection592] INFO  impl.RaftServerImpl (RaftServerImpl.java:setRole(171)) - dcc77c7b-1d37-448d-8d57-43d254561693:group-3CB5F09D983C changes role from CANDIDATE to LEADER at term 1 for changeToLeader
2019-09-19 14:04:58,689 [dcc77c7b-1d37-448d-8d57-43d254561693:group-3CB5F09D983C:LeaderElection592] INFO  impl.RaftServerImpl (ServerState.java:setLeader(263)) - dcc77c7b-1d37-448d-8d57-43d254561693:group-3CB5F09D983C change Leader from null to dcc77c7b-1d37-448d-8d57-43d254561693 at term 1 for becomeLeader, leader elected after 7383ms
2019-09-19 14:04:58,674 [dcc77c7b-1d37-448d-8d57-43d254561693:group-8705EAB60863:LeaderElection602] INFO  impl.RaftServerImpl (RaftServerImpl.java:setRole(171)) - dcc77c7b-1d37-448d-8d57-43d254561693:group-8705EAB60863 changes role from CANDIDATE to LEADER at term 1 for changeToLeader
2019-09-19 14:04:58,674 [dcc77c7b-1d37-448d-8d57-43d254561693:group-761DA49682B2:LeaderElection590] INFO  impl.RoleInfo (RoleInfo.java:shutdownLeaderElection(134)) - dcc77c7b-1d37-448d-8d57-43d254561693: shutdown LeaderElection
2019-09-19 14:04:58,690 [dcc77c7b-1d37-448d-8d57-43d254561693:group-761DA49682B2:LeaderElection590] INFO  impl.RaftServerImpl (RaftServerImpl.java:setRole(171)) - dcc77c7b-1d37-448d-8d57-43d254561693:group-761DA49682B2 changes role from CANDIDATE to LEADER at term 1 for changeToLeader
2019-09-19 14:04:58,674 [dcc77c7b-1d37-448d-8d57-43d254561693:group-6097693610F3:LeaderElection626] INFO  impl.RoleInfo (RoleInfo.java:shutdownLeaderElection(134)) - dcc77c7b-1d37-448d-8d57-43d254561693: shutdown LeaderElection
2019-09-19 14:04:58,690 [dcc77c7b-1d37-448d-8d57-43d254561693:group-6097693610F3:LeaderElection626] INFO  impl.RaftServerImpl (RaftServerImpl.java:setRole(171)) - dcc77c7b-1d37-448d-8d57-43d254561693:group-6097693610F3 changes role from CANDIDATE to LEADER at term 1 for changeToLeader
2019-09-19 14:04:58,674 [dcc77c7b-1d37-448d-8d57-43d254561693:group-3D808B4B51C3:LeaderElection593] INFO  impl.RaftServerImpl (RaftServerImpl.java:setRole(171)) - dcc77c7b-1d37-448d-8d57-43d254561693:group-3D808B4B51C3 changes role from CANDIDATE to LEADER at term 1 for changeToLeader
2019-09-19 14:04:58,690 [dcc77c7b-1d37-448d-8d57-43d254561693:group-3D808B4B51C3:LeaderElection593] INFO  impl.RaftServerImpl (ServerState.java:setLeader(263)) - dcc77c7b-1d37-448d-8d57-43d254561693:group-3D808B4B51C3 change Leader from null to dcc77c7b-1d37-448d-8d57-43d254561693 at term 1 for becomeLeader, leader elected after 7406ms
2019-09-19 14:04:58,674 [dcc77c7b-1d37-448d-8d57-43d254561693:group-869D2374C5B7:LeaderElection613] INFO  impl.RaftServerImpl (RaftServerImpl.java:setRole(171)) - dcc77c7b-1d37-448d-8d57-43d254561693:group-869D2374C5B7 changes role from CANDIDATE to LEADER at term 1 for changeToLeader
2019-09-19 14:04:58,690 [dcc77c7b-1d37-448d-8d57-43d254561693:group-869D2374C5B7:LeaderElection613] INFO  impl.RaftServerImpl (ServerState.java:setLeader(263)) - dcc77c7b-1d37-448d-8d57-43d254561693:group-869D2374C5B7 change Leader from null to dcc77c7b-1d37-448d-8d57-43d254561693 at term 1 for becomeLeader, leader elected after 6576ms
2019-09-19 14:04:58,673 [dcc77c7b-1d37-448d-8d57-43d254561693:group-1639C94C8647:LeaderElection617] INFO  impl.RaftServerImpl (RaftServerImpl.java:setRole(171)) - dcc77c7b-1d37-448d-8d57-43d254561693:group-1639C94C8647 changes role from CANDIDATE to LEADER at term 1 for changeToLeader
2019-09-19 14:04:58,690 [dcc77c7b-1d37-448d-8d57-43d254561693:group-1639C94C8647:LeaderElection617] INFO  impl.RaftServerImpl (ServerState.java:setLeader(263)) - dcc77c7b-1d37-448d-8d57-43d254561693:group-1639C94C8647 change Leader from null to dcc77c7b-1d37-448d-8d57-43d254561693 at term 1 for becomeLeader, leader elected after 5801ms
2019-09-19 14:04:58,673 [dcc77c7b-1d37-448d-8d57-43d254561693:group-2522B1FB8D22:LeaderElection579] INFO  impl.RoleInfo (RoleInfo.java:shutdownLeaderElection(134)) - dcc77c7b-1d37-448d-8d57-43d254561693: shutdown LeaderElection
2019-09-19 14:04:58,673 [dcc77c7b-1d37-448d-8d57-43d254561693:group-E53CD96B3E19:LeaderElection615] INFO  impl.RoleInfo (RoleInfo.java:shutdownLeaderElection(134)) - dcc77c7b-1d37-448d-8d57-43d254561693: shutdown LeaderElection
2019-09-19 14:04:58,691 [dcc77c7b-1d37-448d-8d57-43d254561693:group-E53CD96B3E19:LeaderElection615] INFO  impl.RaftServerImpl (RaftServerImpl.java:setRole(171)) - dcc77c7b-1d37-448d-8d57-43d254561693:group-E53CD96B3E19 changes role from CANDIDATE to LEADER at term 1 for changeToLeader
2019-09-19 14:04:58,691 [dcc77c7b-1d37-448d-8d57-43d254561693:group-E53CD96B3E19:LeaderElection615] INFO  impl.RaftServerImpl (ServerState.java:setLeader(263)) - dcc77c7b-1d37-448d-8d57-43d254561693:group-E53CD96B3E19 change Leader from null to dcc77c7b-1d37-448d-8d57-43d254561693 at term 1 for becomeLeader, leader elected after 6514ms
2019-09-19 14:04:58,673 [dcc77c7b-1d37-448d-8d57-43d254561693:group-C0BCADC5D7D8:LeaderElection591] INFO  impl.RoleInfo (RoleInfo.java:shutdownLeaderElection(134)) - dcc77c7b-1d37-448d-8d57-43d254561693: shutdown LeaderElection
2019-09-19 14:04:58,691 [dcc77c7b-1d37-448d-8d57-43d254561693:group-C0BCADC5D7D8:LeaderElection591] INFO  impl.RaftServerImpl (RaftServerImpl.java:setRole(171)) - dcc77c7b-1d37-448d-8d57-43d254561693:group-C0BCADC5D7D8 changes role from CANDIDATE to LEADER at term 1 for changeToLeader
2019-09-19 14:04:58,673 [dcc77c7b-1d37-448d-8d57-43d254561693:group-C6C4A2B7D1DA:LeaderElection596] INFO  impl.RaftServerImpl (RaftServerImpl.java:setRole(171)) - dcc77c7b-1d37-448d-8d57-43d254561693:group-C6C4A2B7D1DA changes role from CANDIDATE to LEADER at term 1 for changeToLeader
2019-09-19 14:04:58,691 [dcc77c7b-1d37-448d-8d57-43d254561693:group-C6C4A2B7D1DA:LeaderElection596] INFO  impl.RaftServerImpl (ServerState.java:setLeader(263)) - dcc77c7b-1d37-448d-8d57-43d254561693:group-C6C4A2B7D1DA change Leader from null to dcc77c7b-1d37-448d-8d57-43d254561693 at term 1 for becomeLeader, leader elected after 7057ms
2019-09-19 14:04:58,673 [dcc77c7b-1d37-448d-8d57-43d254561693:group-C427DF1D703E:LeaderElection587] INFO  impl.RoleInfo (RoleInfo.java:shutdownLeaderElection(134)) - dcc77c7b-1d37-448d-8d57-43d254561693: shutdown LeaderElection
2019-09-19 14:04:58,692 [dcc77c7b-1d37-448d-8d57-43d254561693:group-C427DF1D703E:LeaderElection587] INFO  impl.RaftServerImpl (RaftServerImpl.java:setRole(171)) - dcc77c7b-1d37-448d-8d57-43d254561693:group-C427DF1D703E changes role from CANDIDATE to LEADER at term 1 for changeToLeader
2019-09-19 14:04:58,673 [dcc77c7b-1d37-448d-8d57-43d254561693:group-DF274F267A33:LeaderElection614] INFO  impl.RaftServerImpl (RaftServerImpl.java:setRole(171)) - dcc77c7b-1d37-448d-8d57-43d254561693:group-DF274F267A33 changes role from CANDIDATE to LEADER at term 1 for changeToLeader
2019-09-19 14:04:58,692 [dcc77c7b-1d37-448d-8d57-43d254561693:group-DF274F267A33:LeaderElection614] INFO  impl.RaftServerImpl (ServerState.java:setLeader(263)) - dcc77c7b-1d37-448d-8d57-43d254561693:group-DF274F267A33 change Leader from null to dcc77c7b-1d37-448d-8d57-43d254561693 at term 1 for becomeLeader, leader elected after 6552ms
2019-09-19 14:04:58,672 [dcc77c7b-1d37-448d-8d57-43d254561693:group-E501E5C2F87A:LeaderElection612] INFO  impl.RaftServerImpl (RaftServerImpl.java:setRole(171)) - dcc77c7b-1d37-448d-8d57-43d254561693:group-E501E5C2F87A changes role from CANDIDATE to LEADER at term 1 for changeToLeader
2019-09-19 14:04:58,692 [dcc77c7b-1d37-448d-8d57-43d254561693:group-E501E5C2F87A:LeaderElection612] INFO  impl.RaftServerImpl (ServerState.java:setLeader(263)) - dcc77c7b-1d37-448d-8d57-43d254561693:group-E501E5C2F87A change Leader from null to dcc77c7b-1d37-448d-8d57-43d254561693 at term 1 for becomeLeader, leader elected after 6417ms
2019-09-19 14:04:58,672 [dcc77c7b-1d37-448d-8d57-43d254561693:group-F1AB8729C726:LeaderElection619] INFO  impl.RoleInfo (RoleInfo.java:shutdownLeaderElection(134)) - dcc77c7b-1d37-448d-8d57-43d254561693: shutdown LeaderElection
2019-09-19 14:04:58,692 [dcc77c7b-1d37-448d-8d57-43d254561693:group-F1AB8729C726:LeaderElection619] INFO  impl.RaftServerImpl (RaftServerImpl.java:setRole(171)) - dcc77c7b-1d37-448d-8d57-43d254561693:group-F1AB8729C726 changes role from CANDIDATE to LEADER at term 1 for changeToLeader
2019-09-19 14:04:58,672 [dcc77c7b-1d37-448d-8d57-43d254561693:group-450D00ABA19B:LeaderElection621] INFO  impl.RoleInfo (RoleInfo.java:shutdownLeaderElection(134)) - dcc77c7b-1d37-448d-8d57-43d254561693: shutdown LeaderElection
2019-09-19 14:04:58,692 [dcc77c7b-1d37-448d-8d57-43d254561693:group-450D00ABA19B:LeaderElection621] INFO  impl.RaftServerImpl (RaftServerImpl.java:setRole(171)) - dcc77c7b-1d37-448d-8d57-43d254561693:group-450D00ABA19B changes role from CANDIDATE to LEADER at term 1 for changeToLeader
2019-09-19 14:04:58,672 [dcc77c7b-1d37-448d-8d57-43d254561693:group-AF209FE8FECB:LeaderElection581] INFO  impl.RoleInfo (RoleInfo.java:shutdownLeaderElection(134)) - dcc77c7b-1d37-448d-8d57-43d254561693: shutdown LeaderElection
2019-09-19 14:04:58,693 [dcc77c7b-1d37-448d-8d57-43d254561693:group-AF209FE8FECB:LeaderElection581] INFO  impl.RaftServerImpl (RaftServerImpl.java:setRole(171)) - dcc77c7b-1d37-448d-8d57-43d254561693:group-AF209FE8FECB changes role from CANDIDATE to LEADER at term 1 for changeToLeader
2019-09-19 14:04:58,672 [dcc77c7b-1d37-448d-8d57-43d254561693:group-827C827A8DAD:LeaderElection589] INFO  impl.RaftServerImpl (RaftServerImpl.java:setRole(171)) - dcc77c7b-1d37-448d-8d57-43d254561693:group-827C827A8DAD changes role from CANDIDATE to LEADER at term 1 for changeToLeader
2019-09-19 14:04:58,693 [dcc77c7b-1d37-448d-8d57-43d254561693:group-827C827A8DAD:LeaderElection589] INFO  impl.RaftServerImpl (ServerState.java:setLeader(263)) - dcc77c7b-1d37-448d-8d57-43d254561693:group-827C827A8DAD change Leader from null to dcc77c7b-1d37-448d-8d57-43d254561693 at term 1 for becomeLeader, leader elected after 7193ms
2019-09-19 14:04:58,672 [dcc77c7b-1d37-448d-8d57-43d254561693:group-B0D529AC88AD:LeaderElection580] INFO  impl.RoleInfo (RoleInfo.java:shutdownLeaderElection(134)) - dcc77c7b-1d37-448d-8d57-43d254561693: shutdown LeaderElection
2019-09-19 14:04:58,671 [dcc77c7b-1d37-448d-8d57-43d254561693:group-56D873A3B067:LeaderElection575] INFO  impl.RaftServerImpl (RaftServerImpl.java:setRole(171)) - dcc77c7b-1d37-448d-8d57-43d254561693:group-56D873A3B067 changes role from CANDIDATE to LEADER at term 1 for changeToLeader
2019-09-19 14:04:58,693 [dcc77c7b-1d37-448d-8d57-43d254561693:group-56D873A3B067:LeaderElection575] INFO  impl.RaftServerImpl (ServerState.java:setLeader(263)) - dcc77c7b-1d37-448d-8d57-43d254561693:group-56D873A3B067 change Leader from null to dcc77c7b-1d37-448d-8d57-43d254561693 at term 1 for becomeLeader, leader elected after 7646ms
2019-09-19 14:04:58,671 [dcc77c7b-1d37-448d-8d57-43d254561693:group-46D08AB6022E:LeaderElection572] INFO  impl.RoleInfo (RoleInfo.java:shutdownLeaderElection(134)) - dcc77c7b-1d37-448d-8d57-43d254561693: shutdown LeaderElection
2019-09-19 14:04:58,693 [dcc77c7b-1d37-448d-8d57-43d254561693:group-46D08AB6022E:LeaderElection572] INFO  impl.RaftServerImpl (RaftServerImpl.java:setRole(171)) - dcc77c7b-1d37-448d-8d57-43d254561693:group-46D08AB6022E changes role from CANDIDATE to LEADER at term 1 for changeToLeader
2019-09-19 14:04:58,671 [dcc77c7b-1d37-448d-8d57-43d254561693:group-C7074BE8E490:LeaderElection595] INFO  impl.RoleInfo (RoleInfo.java:shutdownLeaderElection(134)) - dcc77c7b-1d37-448d-8d57-43d254561693: shutdown LeaderElection
2019-09-19 14:04:58,694 [dcc77c7b-1d37-448d-8d57-43d254561693:group-C7074BE8E490:LeaderElection595] INFO  impl.RaftServerImpl (RaftServerImpl.java:setRole(171)) - dcc77c7b-1d37-448d-8d57-43d254561693:group-C7074BE8E490 changes role from CANDIDATE to LEADER at term 1 for changeToLeader
2019-09-19 14:04:58,671 [dcc77c7b-1d37-448d-8d57-43d254561693:group-E31AF374E74C:LeaderElection620] INFO  impl.RaftServerImpl (RaftServerImpl.java:setRole(171)) - dcc77c7b-1d37-448d-8d57-43d254561693:group-E31AF374E74C changes role from CANDIDATE to LEADER at term 1 for changeToLeader
2019-09-19 14:04:58,671 [dcc77c7b-1d37-448d-8d57-43d254561693:group-00ABCB16AA03:LeaderElection574] INFO  impl.RoleInfo (RoleInfo.java:shutdownLeaderElection(134)) - dcc77c7b-1d37-448d-8d57-43d254561693: shutdown LeaderElection
2019-09-19 14:04:58,694 [dcc77c7b-1d37-448d-8d57-43d254561693:group-00ABCB16AA03:LeaderElection574] INFO  impl.RaftServerImpl (RaftServerImpl.java:setRole(171)) - dcc77c7b-1d37-448d-8d57-43d254561693:group-00ABCB16AA03 changes role from CANDIDATE to LEADER at term 1 for changeToLeader
2019-09-19 14:04:58,670 [dcc77c7b-1d37-448d-8d57-43d254561693:group-CC8CAE5134C7:LeaderElection618] INFO  impl.RaftServerImpl (RaftServerImpl.java:setRole(171)) - dcc77c7b-1d37-448d-8d57-43d254561693:group-CC8CAE5134C7 changes role from CANDIDATE to LEADER at term 1 for changeToLeader
2019-09-19 14:04:58,694 [dcc77c7b-1d37-448d-8d57-43d254561693:group-CC8CAE5134C7:LeaderElection618] INFO  impl.RaftServerImpl (ServerState.java:setLeader(263)) - dcc77c7b-1d37-448d-8d57-43d254561693:group-CC8CAE5134C7 change Leader from null to dcc77c7b-1d37-448d-8d57-43d254561693 at term 1 for becomeLeader, leader elected after 5874ms
2019-09-19 14:04:58,670 [dcc77c7b-1d37-448d-8d57-43d254561693:group-89849F9FD3BA:LeaderElection616] INFO  impl.RaftServerImpl (RaftServerImpl.java:setRole(171)) - dcc77c7b-1d37-448d-8d57-43d254561693:group-89849F9FD3BA changes role from CANDIDATE to LEADER at term 1 for changeToLeader
2019-09-19 14:04:58,694 [dcc77c7b-1d37-448d-8d57-43d254561693:group-89849F9FD3BA:LeaderElection616] INFO  impl.RaftServerImpl (ServerState.java:setLeader(263)) - dcc77c7b-1d37-448d-8d57-43d254561693:group-89849F9FD3BA change Leader from null to dcc77c7b-1d37-448d-8d57-43d254561693 at term 1 for becomeLeader, leader elected after 6039ms
2019-09-19 14:04:58,670 [Thread-4442] INFO  impl.RoleInfo (RoleInfo.java:shutdownFollowerState(121)) - dcc77c7b-1d37-448d-8d57-43d254561693: shutdown FollowerState
2019-09-19 14:04:58,670 [dcc77c7b-1d37-448d-8d57-43d254561693:group-9C89C73BB343:LeaderElection588] INFO  server.RaftServerConfigKeys (ConfUtils.java:logGet(43)) - raft.server.watch.timeout = 10s (default)
2019-09-19 14:04:58,695 [dcc77c7b-1d37-448d-8d57-43d254561693:group-9C89C73BB343:LeaderElection588] INFO  server.RaftServerConfigKeys (ConfUtils.java:logGet(43)) - raft.server.watch.timeout.denomination = 1s (default)
2019-09-19 14:04:58,670 [dcc77c7b-1d37-448d-8d57-43d254561693:group-07E00FEA8C55:LeaderElection564] INFO  segmented.SegmentedRaftLogWorker (SegmentedRaftLogWorker.java:startLogSegment(380)) - dcc77c7b-1d37-448d-8d57-43d254561693-SegmentedRaftLogWorker:Storage Directory /workdir/hadoop-ozone/integration-test/target/test-dir/MiniOzoneClusterImpl-3b2755de-4cfe-4b43-9e0d-73dd8eda8f75/datanode-0/data/ratis/fc8f426b-2bac-4802-a182-07e00fea8c55: Starting segment from index:0
2019-09-19 14:04:58,669 [pool-58-thread-1] INFO  server.RaftServerConfigKeys (ConfUtils.java:logGet(43)) - raft.server.log.queue.byte-limit = 2147483647 (custom)
2019-09-19 14:04:58,669 [dcc77c7b-1d37-448d-8d57-43d254561693:group-AD94DCFD5F37:LeaderElection570] INFO  server.RaftServerConfigKeys (ConfUtils.java:logGet(43)) - raft.server.watch.timeout = 10s (default)
2019-09-19 14:04:58,981 | INFO  | SCMAudit | user=jenkins1000 | ip=192.168.157.226 | op=SEND_HEARTBEAT {datanodeUUID=dcc77c7b-1d37-448d-8d57-43d254561693, command=[]} | ret=SUCCESS |  
2019-09-19 14:04:58,669 [dcc77c7b-1d37-448d-8d57-43d254561693:group-0C7ED090D72E:LeaderElection569] INFO  server.RaftServerConfigKeys (ConfUtils.java:logGet(43)) - raft.server.watch.timeout = 10s (default)
2019-09-19 14:04:58,669 [dcc77c7b-1d37-448d-8d57-43d254561693:group-7430C03AE933:LeaderElection555] INFO  server.RaftServerConfigKeys (ConfUtils.java:logGet(43)) - raft.server.watch.timeout.denomination = 1s (default)
2019-09-19 14:04:58,982 [dcc77c7b-1d37-448d-8d57-43d254561693:group-0C7ED090D72E:LeaderElection569] INFO  server.RaftServerConfigKeys (ConfUtils.java:logGet(43)) - raft.server.watch.timeout.denomination = 1s (default)
2019-09-19 14:04:58,981 [dcc77c7b-1d37-448d-8d57-43d254561693:group-AD94DCFD5F37:LeaderElection570] INFO  server.RaftServerConfigKeys (ConfUtils.java:logGet(43)) - raft.server.watch.timeout.denomination = 1s (default)
2019-09-19 14:04:58,981 [dcc77c7b-1d37-448d-8d57-43d254561693:group-5058C03AF78E:LeaderElection627] INFO  impl.LeaderElection (LeaderElection.java:askForVotes(181)) - dcc77c7b-1d37-448d-8d57-43d254561693:group-5058C03AF78E:LeaderElection627: begin an election at term 1 for -1: [dcc77c7b-1d37-448d-8d57-43d254561693:192.168.157.226:34527], old=null
2019-09-19 14:04:58,981 [dcc77c7b-1d37-448d-8d57-43d254561693:group-4467D65330C2:LeaderElection624] INFO  impl.LeaderElection (LeaderElection.java:askForVotes(181)) - dcc77c7b-1d37-448d-8d57-43d254561693:group-4467D65330C2:LeaderElection624: begin an election at term 1 for -1: [dcc77c7b-1d37-448d-8d57-43d254561693:192.168.157.226:34527], old=null
2019-09-19 14:04:58,981 [dcc77c7b-1d37-448d-8d57-43d254561693:group-C22B218FA0A6:LeaderElection630] INFO  impl.LeaderElection (LeaderElection.java:askForVotes(181)) - dcc77c7b-1d37-448d-8d57-43d254561693:group-C22B218FA0A6:LeaderElection630: begin an election at term 1 for -1: [dcc77c7b-1d37-448d-8d57-43d254561693:192.168.157.226:34527], old=null
2019-09-19 14:04:58,981 [dcc77c7b-1d37-448d-8d57-43d254561693:group-FEB63AD957C4:LeaderElection603] INFO  impl.LeaderElection (LeaderElection.java:askForVotes(181)) - dcc77c7b-1d37-448d-8d57-43d254561693:group-FEB63AD957C4:LeaderElection603: begin an election at term 1 for -1: [dcc77c7b-1d37-448d-8d57-43d254561693:192.168.157.226:34527], old=null
2019-09-19 14:04:58,983 [dcc77c7b-1d37-448d-8d57-43d254561693:group-FEB63AD957C4:LeaderElection603] INFO  impl.RoleInfo (RoleInfo.java:shutdownLeaderElection(134)) - dcc77c7b-1d37-448d-8d57-43d254561693: shutdown LeaderElection
2019-09-19 14:04:58,981 [dcc77c7b-1d37-448d-8d57-43d254561693:group-D44479695D46:LeaderElection608] INFO  impl.LeaderElection (LeaderElection.java:askForVotes(181)) - dcc77c7b-1d37-448d-8d57-43d254561693:group-D44479695D46:LeaderElection608: begin an election at term 1 for -1: [dcc77c7b-1d37-448d-8d57-43d254561693:192.168.157.226:34527], old=null
2019-09-19 14:04:58,981 [dcc77c7b-1d37-448d-8d57-43d254561693:group-FBD0D09AD849:LeaderElection607] INFO  impl.LeaderElection (LeaderElection.java:askForVotes(181)) - dcc77c7b-1d37-448d-8d57-43d254561693:group-FBD0D09AD849:LeaderElection607: begin an election at term 1 for -1: [dcc77c7b-1d37-448d-8d57-43d254561693:192.168.157.226:34527], old=null
2019-09-19 14:04:58,981 [dcc77c7b-1d37-448d-8d57-43d254561693:group-B8EC2EEEE8D5:LeaderElection604] INFO  impl.LeaderElection (LeaderElection.java:askForVotes(181)) - dcc77c7b-1d37-448d-8d57-43d254561693:group-B8EC2EEEE8D5:LeaderElection604: begin an election at term 1 for -1: [dcc77c7b-1d37-448d-8d57-43d254561693:192.168.157.226:34527], old=null
2019-09-19 14:04:58,983 [dcc77c7b-1d37-448d-8d57-43d254561693:group-B8EC2EEEE8D5:LeaderElection604] INFO  impl.RoleInfo (RoleInfo.java:shutdownLeaderElection(134)) - dcc77c7b-1d37-448d-8d57-43d254561693: shutdown LeaderElection
2019-09-19 14:04:58,981 [dcc77c7b-1d37-448d-8d57-43d254561693:group-7B8CEBFF5854:LeaderElection601] INFO  impl.LeaderElection (LeaderElection.java:askForVotes(181)) - dcc77c7b-1d37-448d-8d57-43d254561693:group-7B8CEBFF5854:LeaderElection601: begin an election at term 1 for -1: [dcc77c7b-1d37-448d-8d57-43d254561693:192.168.157.226:34527], old=null
2019-09-19 14:04:58,981 [dcc77c7b-1d37-448d-8d57-43d254561693:group-801B220FEE86:LeaderElection625] INFO  impl.LeaderElection (LeaderElection.java:askForVotes(181)) - dcc77c7b-1d37-448d-8d57-43d254561693:group-801B220FEE86:LeaderElection625: begin an election at term 1 for -1: [dcc77c7b-1d37-448d-8d57-43d254561693:192.168.157.226:34527], old=null
2019-09-19 14:04:58,981 [dcc77c7b-1d37-448d-8d57-43d254561693:group-6BA61B232CB7:LeaderElection628] INFO  impl.LeaderElection (LeaderElection.java:askForVotes(181)) - dcc77c7b-1d37-448d-8d57-43d254561693:group-6BA61B232CB7:LeaderElection628: begin an election at term 1 for -1: [dcc77c7b-1d37-448d-8d57-43d254561693:192.168.157.226:34527], old=null
2019-09-19 14:04:58,984 [dcc77c7b-1d37-448d-8d57-43d254561693:group-6BA61B232CB7:LeaderElection628] INFO  impl.RoleInfo (RoleInfo.java:shutdownLeaderElection(134)) - dcc77c7b-1d37-448d-8d57-43d254561693: shutdown LeaderElection
2019-09-19 14:04:58,981 [dcc77c7b-1d37-448d-8d57-43d254561693:group-7D1EFE063BF2:LeaderElection629] INFO  impl.LeaderElection (LeaderElection.java:askForVotes(181)) - dcc77c7b-1d37-448d-8d57-43d254561693:group-7D1EFE063BF2:LeaderElection629: begin an election at term 1 for -1: [dcc77c7b-1d37-448d-8d57-43d254561693:192.168.157.226:34527], old=null
2019-09-19 14:04:58,981 [dcc77c7b-1d37-448d-8d57-43d254561693:group-CD7159C89C08:LeaderElection605] INFO  impl.LeaderElection (LeaderElection.java:askForVotes(181)) - dcc77c7b-1d37-448d-8d57-43d254561693:group-CD7159C89C08:LeaderElection605: begin an election at term 1 for -1: [dcc77c7b-1d37-448d-8d57-43d254561693:192.168.157.226:34527], old=null
2019-09-19 14:04:58,984 [dcc77c7b-1d37-448d-8d57-43d254561693:group-CD7159C89C08:LeaderElection605] INFO  impl.RoleInfo (RoleInfo.java:shutdownLeaderElection(134)) - dcc77c7b-1d37-448d-8d57-43d254561693: shutdown LeaderElection
2019-09-19 14:04:58,984 [dcc77c7b-1d37-448d-8d57-43d254561693:group-CD7159C89C08:LeaderElection605] INFO  impl.RaftServerImpl (RaftServerImpl.java:setRole(171)) - dcc77c7b-1d37-448d-8d57-43d254561693:group-CD7159C89C08 changes role from CANDIDATE to LEADER at term 1 for changeToLeader
2019-09-19 14:04:58,985 [dcc77c7b-1d37-448d-8d57-43d254561693:group-CD7159C89C08:LeaderElection605] INFO  impl.RaftServerImpl (ServerState.java:setLeader(263)) - dcc77c7b-1d37-448d-8d57-43d254561693:group-CD7159C89C08 change Leader from null to dcc77c7b-1d37-448d-8d57-43d254561693 at term 1 for becomeLeader, leader elected after 6922ms
2019-09-19 14:04:58,981 [dcc77c7b-1d37-448d-8d57-43d254561693:group-D788F79D6955:LeaderElection606] INFO  impl.LeaderElection (LeaderElection.java:askForVotes(181)) - dcc77c7b-1d37-448d-8d57-43d254561693:group-D788F79D6955:LeaderElection606: begin an election at term 1 for -1: [dcc77c7b-1d37-448d-8d57-43d254561693:192.168.157.226:34527], old=null
2019-09-19 14:04:58,981 [Thread-4472] INFO  impl.FollowerState (FollowerState.java:run(106)) - dcc77c7b-1d37-448d-8d57-43d254561693:group-E62FEC0D47BC changes to CANDIDATE, lastRpcTime:5314, electionTimeout:5061ms
2019-09-19 14:04:58,985 [Thread-4472] INFO  impl.RoleInfo (RoleInfo.java:shutdownFollowerState(121)) - dcc77c7b-1d37-448d-8d57-43d254561693: shutdown FollowerState
2019-09-19 14:04:58,981 [Thread-4460] INFO  impl.FollowerState (FollowerState.java:run(106)) - dcc77c7b-1d37-448d-8d57-43d254561693:group-2AF851618A31 changes to CANDIDATE, lastRpcTime:5450, electionTimeout:5179ms
2019-09-19 14:04:58,985 [Thread-4460] INFO  impl.RoleInfo (RoleInfo.java:shutdownFollowerState(121)) - dcc77c7b-1d37-448d-8d57-43d254561693: shutdown FollowerState
2019-09-19 14:04:58,981 [Thread-4463] INFO  impl.FollowerState (FollowerState.java:run(106)) - dcc77c7b-1d37-448d-8d57-43d254561693:group-3B4ECEA16FCB changes to CANDIDATE, lastRpcTime:5414, electionTimeout:5164ms
2019-09-19 14:04:58,985 [Thread-4463] INFO  impl.RoleInfo (RoleInfo.java:shutdownFollowerState(121)) - dcc77c7b-1d37-448d-8d57-43d254561693: shutdown FollowerState
2019-09-19 14:04:58,981 [Thread-4466] INFO  impl.FollowerState (FollowerState.java:run(106)) - dcc77c7b-1d37-448d-8d57-43d254561693:group-04BD0E6020D4 changes to CANDIDATE, lastRpcTime:5377, electionTimeout:5147ms
2019-09-19 14:04:58,986 [Thread-4466] INFO  impl.RoleInfo (RoleInfo.java:shutdownFollowerState(121)) - dcc77c7b-1d37-448d-8d57-43d254561693: shutdown FollowerState
2019-09-19 14:04:58,980 [Thread-4469] INFO  impl.FollowerState (FollowerState.java:run(106)) - dcc77c7b-1d37-448d-8d57-43d254561693:group-0DAF98B9911C changes to CANDIDATE, lastRpcTime:5339, electionTimeout:5129ms
2019-09-19 14:04:58,986 [Thread-4469] INFO  impl.RoleInfo (RoleInfo.java:shutdownFollowerState(121)) - dcc77c7b-1d37-448d-8d57-43d254561693: shutdown FollowerState
2019-09-19 14:04:58,986 [Thread-4469] INFO  impl.RaftServerImpl (RaftServerImpl.java:setRole(171)) - dcc77c7b-1d37-448d-8d57-43d254561693:group-0DAF98B9911C changes role from FOLLOWER to CANDIDATE at term 0 for changeToCandidate
2019-09-19 14:04:58,980 [Thread-4475] INFO  impl.FollowerState (FollowerState.java:run(106)) - dcc77c7b-1d37-448d-8d57-43d254561693:group-314C4D324251 changes to CANDIDATE, lastRpcTime:5256, electionTimeout:5063ms
2019-09-19 14:04:58,986 [Thread-4475] INFO  impl.RoleInfo (RoleInfo.java:shutdownFollowerState(121)) - dcc77c7b-1d37-448d-8d57-43d254561693: shutdown FollowerState
2019-09-19 14:04:58,980 [Thread-4479] INFO  impl.FollowerState (FollowerState.java:run(106)) - dcc77c7b-1d37-448d-8d57-43d254561693:group-007612E7CB3B changes to CANDIDATE, lastRpcTime:5208, electionTimeout:5061ms
2019-09-19 14:04:58,986 [Thread-4479] INFO  impl.RoleInfo (RoleInfo.java:shutdownFollowerState(121)) - dcc77c7b-1d37-448d-8d57-43d254561693: shutdown FollowerState
2019-09-19 14:04:58,986 [Thread-4479] INFO  impl.RaftServerImpl (RaftServerImpl.java:setRole(171)) - dcc77c7b-1d37-448d-8d57-43d254561693:group-007612E7CB3B changes role from FOLLOWER to CANDIDATE at term 0 for changeToCandidate
2019-09-19 14:04:58,980 [Thread-4498] INFO  impl.FollowerState (FollowerState.java:run(106)) - dcc77c7b-1d37-448d-8d57-43d254561693:group-A7785E8E6A28 changes to CANDIDATE, lastRpcTime:5039, electionTimeout:5000ms
2019-09-19 14:04:58,986 [Thread-4498] INFO  impl.RoleInfo (RoleInfo.java:shutdownFollowerState(121)) - dcc77c7b-1d37-448d-8d57-43d254561693: shutdown FollowerState
2019-09-19 14:04:58,695 [pool-58-thread-1] INFO  server.RaftServerConfigKeys (ConfUtils.java:logGet(43)) - raft.server.log.queue.element-limit = 1024 (custom)
2019-09-19 14:04:58,695 [dcc77c7b-1d37-448d-8d57-43d254561693:group-07E00FEA8C55:LeaderElection564] INFO  impl.RaftServerImpl (ServerState.java:setRaftConf(361)) - dcc77c7b-1d37-448d-8d57-43d254561693:group-07E00FEA8C55 set configuration 0: [dcc77c7b-1d37-448d-8d57-43d254561693:192.168.157.226:34527], old=null at 0
2019-09-19 14:04:58,695 [dcc77c7b-1d37-448d-8d57-43d254561693:group-9C89C73BB343:LeaderElection588] INFO  server.RaftServerConfigKeys (ConfUtils.java:logGet(43)) - raft.server.watch.element-limit = 65536 (default)
2019-09-19 14:04:58,694 [Thread-4442] INFO  impl.RaftServerImpl (RaftServerImpl.java:setRole(171)) - dcc77c7b-1d37-448d-8d57-43d254561693:group-8B49C088430A changes role from FOLLOWER to CANDIDATE at term 0 for changeToCandidate
2019-09-19 14:04:58,694 [dcc77c7b-1d37-448d-8d57-43d254561693:group-89849F9FD3BA:LeaderElection616] INFO  server.RaftServerConfigKeys (ConfUtils.java:logGet(43)) - raft.server.staging.catchup.gap = 1000 (default)
2019-09-19 14:04:58,694 [dcc77c7b-1d37-448d-8d57-43d254561693:group-CC8CAE5134C7:LeaderElection618] INFO  server.RaftServerConfigKeys (ConfUtils.java:logGet(43)) - raft.server.staging.catchup.gap = 1000 (default)
2019-09-19 14:04:58,988 [dcc77c7b-1d37-448d-8d57-43d254561693:group-CC8CAE5134C7:LeaderElection618] INFO  server.RaftServerConfigKeys (ConfUtils.java:logGet(43)) - raft.server.rpc.sleep.time = 25ms (default)
2019-09-19 14:04:58,694 [dcc77c7b-1d37-448d-8d57-43d254561693:group-00ABCB16AA03:LeaderElection574] INFO  impl.RaftServerImpl (ServerState.java:setLeader(263)) - dcc77c7b-1d37-448d-8d57-43d254561693:group-00ABCB16AA03 change Leader from null to dcc77c7b-1d37-448d-8d57-43d254561693 at term 1 for becomeLeader, leader elected after 7517ms
2019-09-19 14:04:58,694 [dcc77c7b-1d37-448d-8d57-43d254561693:group-E31AF374E74C:LeaderElection620] INFO  impl.RaftServerImpl (ServerState.java:setLeader(263)) - dcc77c7b-1d37-448d-8d57-43d254561693:group-E31AF374E74C change Leader from null to dcc77c7b-1d37-448d-8d57-43d254561693 at term 1 for becomeLeader, leader elected after 5593ms
2019-09-19 14:04:58,988 [dcc77c7b-1d37-448d-8d57-43d254561693:group-E31AF374E74C:LeaderElection620] INFO  server.RaftServerConfigKeys (ConfUtils.java:logGet(43)) - raft.server.staging.catchup.gap = 1000 (default)
2019-09-19 14:04:58,694 [dcc77c7b-1d37-448d-8d57-43d254561693:group-C7074BE8E490:LeaderElection595] INFO  impl.RaftServerImpl (ServerState.java:setLeader(263)) - dcc77c7b-1d37-448d-8d57-43d254561693:group-C7074BE8E490 change Leader from null to dcc77c7b-1d37-448d-8d57-43d254561693 at term 1 for becomeLeader, leader elected after 7308ms
2019-09-19 14:04:58,988 [dcc77c7b-1d37-448d-8d57-43d254561693:group-C7074BE8E490:LeaderElection595] INFO  server.RaftServerConfigKeys (ConfUtils.java:logGet(43)) - raft.server.staging.catchup.gap = 1000 (default)
2019-09-19 14:04:58,693 [dcc77c7b-1d37-448d-8d57-43d254561693:group-46D08AB6022E:LeaderElection572] INFO  impl.RaftServerImpl (ServerState.java:setLeader(263)) - dcc77c7b-1d37-448d-8d57-43d254561693:group-46D08AB6022E change Leader from null to dcc77c7b-1d37-448d-8d57-43d254561693 at term 1 for becomeLeader, leader elected after 7577ms
2019-09-19 14:04:58,693 [dcc77c7b-1d37-448d-8d57-43d254561693:group-56D873A3B067:LeaderElection575] INFO  server.RaftServerConfigKeys (ConfUtils.java:logGet(43)) - raft.server.staging.catchup.gap = 1000 (default)
2019-09-19 14:04:58,693 [dcc77c7b-1d37-448d-8d57-43d254561693:group-B0D529AC88AD:LeaderElection580] INFO  impl.RaftServerImpl (RaftServerImpl.java:setRole(171)) - dcc77c7b-1d37-448d-8d57-43d254561693:group-B0D529AC88AD changes role from CANDIDATE to LEADER at term 1 for changeToLeader
2019-09-19 14:04:58,693 [dcc77c7b-1d37-448d-8d57-43d254561693:group-827C827A8DAD:LeaderElection589] INFO  server.RaftServerConfigKeys (ConfUtils.java:logGet(43)) - raft.server.staging.catchup.gap = 1000 (default)
2019-09-19 14:04:58,989 [dcc77c7b-1d37-448d-8d57-43d254561693:group-827C827A8DAD:LeaderElection589] INFO  server.RaftServerConfigKeys (ConfUtils.java:logGet(43)) - raft.server.rpc.sleep.time = 25ms (default)
2019-09-19 14:04:58,693 [dcc77c7b-1d37-448d-8d57-43d254561693:group-AF209FE8FECB:LeaderElection581] INFO  impl.RaftServerImpl (ServerState.java:setLeader(263)) - dcc77c7b-1d37-448d-8d57-43d254561693:group-AF209FE8FECB change Leader from null to dcc77c7b-1d37-448d-8d57-43d254561693 at term 1 for becomeLeader, leader elected after 5993ms
2019-09-19 14:04:58,989 [dcc77c7b-1d37-448d-8d57-43d254561693:group-AF209FE8FECB:LeaderElection581] INFO  server.RaftServerConfigKeys (ConfUtils.java:logGet(43)) - raft.server.staging.catchup.gap = 1000 (default)
2019-09-19 14:04:58,692 [dcc77c7b-1d37-448d-8d57-43d254561693:group-450D00ABA19B:LeaderElection621] INFO  impl.RaftServerImpl (ServerState.java:setLeader(263)) - dcc77c7b-1d37-448d-8d57-43d254561693:group-450D00ABA19B change Leader from null to dcc77c7b-1d37-448d-8d57-43d254561693 at term 1 for becomeLeader, leader elected after 5534ms
2019-09-19 14:04:58,692 [dcc77c7b-1d37-448d-8d57-43d254561693:group-F1AB8729C726:LeaderElection619] INFO  impl.RaftServerImpl (ServerState.java:setLeader(263)) - dcc77c7b-1d37-448d-8d57-43d254561693:group-F1AB8729C726 change Leader from null to dcc77c7b-1d37-448d-8d57-43d254561693 at term 1 for becomeLeader, leader elected after 5899ms
2019-09-19 14:04:58,692 [dcc77c7b-1d37-448d-8d57-43d254561693:group-E501E5C2F87A:LeaderElection612] INFO  server.RaftServerConfigKeys (ConfUtils.java:logGet(43)) - raft.server.staging.catchup.gap = 1000 (default)
2019-09-19 14:04:58,692 [dcc77c7b-1d37-448d-8d57-43d254561693:group-DF274F267A33:LeaderElection614] INFO  server.RaftServerConfigKeys (ConfUtils.java:logGet(43)) - raft.server.staging.catchup.gap = 1000 (default)
2019-09-19 14:04:58,692 [dcc77c7b-1d37-448d-8d57-43d254561693:group-C427DF1D703E:LeaderElection587] INFO  impl.RaftServerImpl (ServerState.java:setLeader(263)) - dcc77c7b-1d37-448d-8d57-43d254561693:group-C427DF1D703E change Leader from null to dcc77c7b-1d37-448d-8d57-43d254561693 at term 1 for becomeLeader, leader elected after 7266ms
2019-09-19 14:04:58,990 [dcc77c7b-1d37-448d-8d57-43d254561693:group-C427DF1D703E:LeaderElection587] INFO  server.RaftServerConfigKeys (ConfUtils.java:logGet(43)) - raft.server.staging.catchup.gap = 1000 (default)
2019-09-19 14:04:58,691 [dcc77c7b-1d37-448d-8d57-43d254561693:group-C6C4A2B7D1DA:LeaderElection596] INFO  server.RaftServerConfigKeys (ConfUtils.java:logGet(43)) - raft.server.staging.catchup.gap = 1000 (default)
2019-09-19 14:04:58,691 [dcc77c7b-1d37-448d-8d57-43d254561693:group-C0BCADC5D7D8:LeaderElection591] INFO  impl.RaftServerImpl (ServerState.java:setLeader(263)) - dcc77c7b-1d37-448d-8d57-43d254561693:group-C0BCADC5D7D8 change Leader from null to dcc77c7b-1d37-448d-8d57-43d254561693 at term 1 for becomeLeader, leader elected after 7158ms
2019-09-19 14:04:58,991 [dcc77c7b-1d37-448d-8d57-43d254561693:group-C0BCADC5D7D8:LeaderElection591] INFO  server.RaftServerConfigKeys (ConfUtils.java:logGet(43)) - raft.server.staging.catchup.gap = 1000 (default)
2019-09-19 14:04:58,691 [dcc77c7b-1d37-448d-8d57-43d254561693:group-E53CD96B3E19:LeaderElection615] INFO  server.RaftServerConfigKeys (ConfUtils.java:logGet(43)) - raft.server.staging.catchup.gap = 1000 (default)
2019-09-19 14:04:58,991 [dcc77c7b-1d37-448d-8d57-43d254561693:group-E53CD96B3E19:LeaderElection615] INFO  server.RaftServerConfigKeys (ConfUtils.java:logGet(43)) - raft.server.rpc.sleep.time = 25ms (default)
2019-09-19 14:04:58,691 [dcc77c7b-1d37-448d-8d57-43d254561693:group-2522B1FB8D22:LeaderElection579] INFO  impl.RaftServerImpl (RaftServerImpl.java:setRole(171)) - dcc77c7b-1d37-448d-8d57-43d254561693:group-2522B1FB8D22 changes role from CANDIDATE to LEADER at term 1 for changeToLeader
2019-09-19 14:04:58,691 [dcc77c7b-1d37-448d-8d57-43d254561693:group-1639C94C8647:LeaderElection617] INFO  server.RaftServerConfigKeys (ConfUtils.java:logGet(43)) - raft.server.staging.catchup.gap = 1000 (default)
2019-09-19 14:04:58,991 [dcc77c7b-1d37-448d-8d57-43d254561693:group-1639C94C8647:LeaderElection617] INFO  server.RaftServerConfigKeys (ConfUtils.java:logGet(43)) - raft.server.rpc.sleep.time = 25ms (default)
2019-09-19 14:04:58,690 [dcc77c7b-1d37-448d-8d57-43d254561693:group-869D2374C5B7:LeaderElection613] INFO  server.RaftServerConfigKeys (ConfUtils.java:logGet(43)) - raft.server.staging.catchup.gap = 1000 (default)
2019-09-19 14:04:58,991 [dcc77c7b-1d37-448d-8d57-43d254561693:group-869D2374C5B7:LeaderElection613] INFO  server.RaftServerConfigKeys (ConfUtils.java:logGet(43)) - raft.server.rpc.sleep.time = 25ms (default)
2019-09-19 14:04:58,690 [dcc77c7b-1d37-448d-8d57-43d254561693:group-3D808B4B51C3:LeaderElection593] INFO  server.RaftServerConfigKeys (ConfUtils.java:logGet(43)) - raft.server.staging.catchup.gap = 1000 (default)
2019-09-19 14:04:58,690 [dcc77c7b-1d37-448d-8d57-43d254561693:group-6097693610F3:LeaderElection626] INFO  impl.RaftServerImpl (ServerState.java:setLeader(263)) - dcc77c7b-1d37-448d-8d57-43d254561693:group-6097693610F3 change Leader from null to dcc77c7b-1d37-448d-8d57-43d254561693 at term 1 for becomeLeader, leader elected after 5626ms
2019-09-19 14:04:58,690 [dcc77c7b-1d37-448d-8d57-43d254561693:group-761DA49682B2:LeaderElection590] INFO  impl.RaftServerImpl (ServerState.java:setLeader(263)) - dcc77c7b-1d37-448d-8d57-43d254561693:group-761DA49682B2 change Leader from null to dcc77c7b-1d37-448d-8d57-43d254561693 at term 1 for becomeLeader, leader elected after 7329ms
2019-09-19 14:04:58,689 [dcc77c7b-1d37-448d-8d57-43d254561693:group-8705EAB60863:LeaderElection602] INFO  impl.RaftServerImpl (ServerState.java:setLeader(263)) - dcc77c7b-1d37-448d-8d57-43d254561693:group-8705EAB60863 change Leader from null to dcc77c7b-1d37-448d-8d57-43d254561693 at term 1 for becomeLeader, leader elected after 7089ms
2019-09-19 14:04:58,689 [dcc77c7b-1d37-448d-8d57-43d254561693:group-3CB5F09D983C:LeaderElection592] INFO  server.RaftServerConfigKeys (ConfUtils.java:logGet(43)) - raft.server.staging.catchup.gap = 1000 (default)
2019-09-19 14:04:58,992 [dcc77c7b-1d37-448d-8d57-43d254561693:group-3CB5F09D983C:LeaderElection592] INFO  server.RaftServerConfigKeys (ConfUtils.java:logGet(43)) - raft.server.rpc.sleep.time = 25ms (default)
2019-09-19 14:04:58,689 [dcc77c7b-1d37-448d-8d57-43d254561693:group-BCC62B444D9D:LeaderElection583] INFO  server.RaftServerConfigKeys (ConfUtils.java:logGet(43)) - raft.server.staging.catchup.gap = 1000 (default)
2019-09-19 14:04:58,689 [dcc77c7b-1d37-448d-8d57-43d254561693:group-355ED91025D3:LeaderElection577] INFO  impl.RaftServerImpl (ServerState.java:setLeader(263)) - dcc77c7b-1d37-448d-8d57-43d254561693:group-355ED91025D3 change Leader from null to dcc77c7b-1d37-448d-8d57-43d254561693 at term 1 for becomeLeader, leader elected after 7822ms
2019-09-19 14:04:58,993 [dcc77c7b-1d37-448d-8d57-43d254561693:group-355ED91025D3:LeaderElection577] INFO  server.RaftServerConfigKeys (ConfUtils.java:logGet(43)) - raft.server.staging.catchup.gap = 1000 (default)
2019-09-19 14:04:58,689 [dcc77c7b-1d37-448d-8d57-43d254561693:group-D04ACBF66747:LeaderElection576] INFO  impl.RaftServerImpl (ServerState.java:setLeader(263)) - dcc77c7b-1d37-448d-8d57-43d254561693:group-D04ACBF66747 change Leader from null to dcc77c7b-1d37-448d-8d57-43d254561693 at term 1 for becomeLeader, leader elected after 7607ms
2019-09-19 14:04:58,689 [dcc77c7b-1d37-448d-8d57-43d254561693:group-973F91C20342:LeaderElection600] INFO  server.RaftServerConfigKeys (ConfUtils.java:logGet(43)) - raft.server.staging.catchup.gap = 1000 (default)
2019-09-19 14:04:58,688 [dcc77c7b-1d37-448d-8d57-43d254561693:group-EF22F8D31499:LeaderElection582] INFO  impl.RaftServerImpl (ServerState.java:setLeader(263)) - dcc77c7b-1d37-448d-8d57-43d254561693:group-EF22F8D31499 change Leader from null to dcc77c7b-1d37-448d-8d57-43d254561693 at term 1 for becomeLeader, leader elected after 6477ms
2019-09-19 14:04:58,688 [dcc77c7b-1d37-448d-8d57-43d254561693:group-8F62CC6B93F9:LeaderElection594] INFO  impl.RaftServerImpl (ServerState.java:setLeader(263)) - dcc77c7b-1d37-448d-8d57-43d254561693:group-8F62CC6B93F9 change Leader from null to dcc77c7b-1d37-448d-8d57-43d254561693 at term 1 for becomeLeader, leader elected after 7351ms
2019-09-19 14:04:58,688 [dcc77c7b-1d37-448d-8d57-43d254561693:group-AEFE1D75DE75:LeaderElection585] INFO  impl.RaftServerImpl (ServerState.java:setLeader(263)) - dcc77c7b-1d37-448d-8d57-43d254561693:group-AEFE1D75DE75 change Leader from null to dcc77c7b-1d37-448d-8d57-43d254561693 at term 1 for becomeLeader, leader elected after 6304ms
2019-09-19 14:04:58,688 [dcc77c7b-1d37-448d-8d57-43d254561693:group-8DBED52DD969:LeaderElection584] INFO  impl.RaftServerImpl (ServerState.java:setLeader(263)) - dcc77c7b-1d37-448d-8d57-43d254561693:group-8DBED52DD969 change Leader from null to dcc77c7b-1d37-448d-8d57-43d254561693 at term 1 for becomeLeader, leader elected after 6450ms
2019-09-19 14:04:58,688 [dcc77c7b-1d37-448d-8d57-43d254561693:group-DF36A57A9136:LeaderElection573] INFO  server.RaftServerConfigKeys (ConfUtils.java:logGet(43)) - raft.server.staging.catchup.gap = 1000 (default)
2019-09-19 14:04:58,688 [RatisPipelineUtilsThread] ERROR pipeline.PipelinePlacementPolicy (PipelinePlacementPolicy.java:filterViableNodes(129)) - Not enough healthy nodes to allocate pipeline. 3  datanodes required. Found 1
2019-09-19 14:04:58,687 [dcc77c7b-1d37-448d-8d57-43d254561693:group-F426BA34EE2B:LeaderElection586] INFO  impl.RaftServerImpl (ServerState.java:setLeader(263)) - dcc77c7b-1d37-448d-8d57-43d254561693:group-F426BA34EE2B change Leader from null to dcc77c7b-1d37-448d-8d57-43d254561693 at term 1 for becomeLeader, leader elected after 6714ms
2019-09-19 14:04:58,687 [dcc77c7b-1d37-448d-8d57-43d254561693:group-B3B29087AAA0:LeaderElection598] INFO  server.RaftServerConfigKeys (ConfUtils.java:logGet(43)) - raft.server.staging.catchup.gap = 1000 (default)
2019-09-19 14:04:58,994 [dcc77c7b-1d37-448d-8d57-43d254561693:group-B3B29087AAA0:LeaderElection598] INFO  server.RaftServerConfigKeys (ConfUtils.java:logGet(43)) - raft.server.rpc.sleep.time = 25ms (default)
2019-09-19 14:04:58,687 [dcc77c7b-1d37-448d-8d57-43d254561693:group-6EDC13E5AA9D:LeaderElection609] INFO  impl.RaftServerImpl (RaftServerImpl.java:setRole(171)) - dcc77c7b-1d37-448d-8d57-43d254561693:group-6EDC13E5AA9D changes role from CANDIDATE to LEADER at term 1 for changeToLeader
2019-09-19 14:04:58,687 [dcc77c7b-1d37-448d-8d57-43d254561693:group-1CA508E03965:LeaderElection622] INFO  impl.RaftServerImpl (ServerState.java:setLeader(263)) - dcc77c7b-1d37-448d-8d57-43d254561693:group-1CA508E03965 change Leader from null to dcc77c7b-1d37-448d-8d57-43d254561693 at term 1 for becomeLeader, leader elected after 5363ms
2019-09-19 14:04:58,687 [dcc77c7b-1d37-448d-8d57-43d254561693:group-BB4E63A8ADCE:LeaderElection623] INFO  server.RaftServerConfigKeys (ConfUtils.java:logGet(43)) - raft.server.staging.catchup.gap = 1000 (default)
2019-09-19 14:04:58,995 [dcc77c7b-1d37-448d-8d57-43d254561693:group-BB4E63A8ADCE:LeaderElection623] INFO  server.RaftServerConfigKeys (ConfUtils.java:logGet(43)) - raft.server.rpc.sleep.time = 25ms (default)
2019-09-19 14:04:58,686 [dcc77c7b-1d37-448d-8d57-43d254561693:group-C61393B9958E:LeaderElection610] INFO  server.RaftServerConfigKeys (ConfUtils.java:logGet(43)) - raft.server.staging.catchup.gap = 1000 (default)
2019-09-19 14:04:58,995 [dcc77c7b-1d37-448d-8d57-43d254561693:group-C61393B9958E:LeaderElection610] INFO  server.RaftServerConfigKeys (ConfUtils.java:logGet(43)) - raft.server.rpc.sleep.time = 25ms (default)
2019-09-19 14:04:58,686 [dcc77c7b-1d37-448d-8d57-43d254561693:group-9054243D6A0E:LeaderElection599] INFO  impl.RaftServerImpl (ServerState.java:setLeader(263)) - dcc77c7b-1d37-448d-8d57-43d254561693:group-9054243D6A0E change Leader from null to dcc77c7b-1d37-448d-8d57-43d254561693 at term 1 for becomeLeader, leader elected after 6857ms
2019-09-19 14:04:58,686 [dcc77c7b-1d37-448d-8d57-43d254561693:group-D8C1D5FCCD5D:LeaderElection611] INFO  impl.RaftServerImpl (RaftServerImpl.java:setRole(171)) - dcc77c7b-1d37-448d-8d57-43d254561693:group-D8C1D5FCCD5D changes role from CANDIDATE to LEADER at term 1 for changeToLeader
2019-09-19 14:04:58,686 [Thread-4448] INFO  impl.RoleInfo (RoleInfo.java:updateAndGet(143)) - dcc77c7b-1d37-448d-8d57-43d254561693: start LeaderElection
2019-09-19 14:04:58,686 [dcc77c7b-1d37-448d-8d57-43d254561693-SegmentedRaftLogWorker:Storage Directory /workdir/hadoop-ozone/integration-test/target/test-dir/MiniOzoneClusterImpl-3b2755de-4cfe-4b43-9e0d-73dd8eda8f75/datanode-0/data/ratis/abcc18f0-c26d-4d41-9759-11869be1a9f1] INFO  util.JmxRegister (JmxRegister.java:unregister(73)) - Successfully un-registered JMX Bean with object name Ratis:service=RaftServer,group=group-11869BE1A9F1,id=dcc77c7b-1d37-448d-8d57-43d254561693
2019-09-19 14:04:58,996 [dcc77c7b-1d37-448d-8d57-43d254561693-SegmentedRaftLogWorker:Storage Directory /workdir/hadoop-ozone/integration-test/target/test-dir/MiniOzoneClusterImpl-3b2755de-4cfe-4b43-9e0d-73dd8eda8f75/datanode-0/data/ratis/abcc18f0-c26d-4d41-9759-11869be1a9f1] INFO  impl.RoleInfo (RoleInfo.java:shutdownLeaderState(104)) - dcc77c7b-1d37-448d-8d57-43d254561693: shutdown LeaderState
2019-09-19 14:04:58,996 [dcc77c7b-1d37-448d-8d57-43d254561693-SegmentedRaftLogWorker:Storage Directory /workdir/hadoop-ozone/integration-test/target/test-dir/MiniOzoneClusterImpl-3b2755de-4cfe-4b43-9e0d-73dd8eda8f75/datanode-0/data/ratis/abcc18f0-c26d-4d41-9759-11869be1a9f1] INFO  impl.PendingRequests (PendingRequests.java:sendNotLeaderResponses(202)) - dcc77c7b-1d37-448d-8d57-43d254561693-PendingRequests: sendNotLeaderResponses
2019-09-19 14:04:58,685 [dcc77c7b-1d37-448d-8d57-43d254561693-SegmentedRaftLogWorker:Storage Directory /workdir/hadoop-ozone/integration-test/target/test-dir/MiniOzoneClusterImpl-3b2755de-4cfe-4b43-9e0d-73dd8eda8f75/datanode-0/data/ratis/1dc62731-1564-44e9-a656-5fe8443c3ff9] INFO  impl.PendingRequests (PendingRequests.java:sendNotLeaderResponses(202)) - dcc77c7b-1d37-448d-8d57-43d254561693-PendingRequests: sendNotLeaderResponses
2019-09-19 14:04:58,685 [Thread-4457] INFO  impl.RoleInfo (RoleInfo.java:updateAndGet(143)) - dcc77c7b-1d37-448d-8d57-43d254561693: start LeaderElection
2019-09-19 14:04:58,685 [dcc77c7b-1d37-448d-8d57-43d254561693:group-9646DAB2F47F:LeaderElection571] INFO  server.RaftServerConfigKeys (ConfUtils.java:logGet(43)) - raft.server.watch.timeout = 10s (default)
2019-09-19 14:04:58,685 [dcc77c7b-1d37-448d-8d57-43d254561693:group-A8E7F9479FC5:LeaderElection597] INFO  server.RaftServerConfigKeys (ConfUtils.java:logGet(43)) - raft.server.rpc.sleep.time = 25ms (default)
2019-09-19 14:04:58,685 [dcc77c7b-1d37-448d-8d57-43d254561693:group-ED4FE5DA218F:LeaderElection565] INFO  impl.RoleInfo (RoleInfo.java:updateAndGet(143)) - dcc77c7b-1d37-448d-8d57-43d254561693: start LeaderState
2019-09-19 14:04:58,684 [dcc77c7b-1d37-448d-8d57-43d254561693:group-A456A21CC0DF:LeaderElection578] INFO  server.RaftServerConfigKeys (ConfUtils.java:logGet(43)) - raft.server.watch.timeout = 10s (default)
2019-09-19 14:04:58,684 [dcc77c7b-1d37-448d-8d57-43d254561693:group-1C369C9291F7:LeaderElection566] INFO  server.RaftServerConfigKeys (ConfUtils.java:logGet(43)) - raft.server.watch.element-limit = 65536 (default)
2019-09-19 14:04:58,684 [dcc77c7b-1d37-448d-8d57-43d254561693:group-FC8AC56A4CFE:LeaderElection567] INFO  server.RaftServerConfigKeys (ConfUtils.java:logGet(43)) - raft.server.watch.timeout.denomination = 1s (default)
2019-09-19 14:04:58,684 [dcc77c7b-1d37-448d-8d57-43d254561693:group-EC9A652F867E:LeaderElection568] INFO  impl.RaftServerImpl (ServerState.java:setLeader(263)) - dcc77c7b-1d37-448d-8d57-43d254561693:group-EC9A652F867E change Leader from null to dcc77c7b-1d37-448d-8d57-43d254561693 at term 1 for becomeLeader, leader elected after 7965ms
2019-09-19 14:04:58,997 [dcc77c7b-1d37-448d-8d57-43d254561693:group-FC8AC56A4CFE:LeaderElection567] INFO  server.RaftServerConfigKeys (ConfUtils.java:logGet(43)) - raft.server.watch.element-limit = 65536 (default)
2019-09-19 14:04:58,997 [dcc77c7b-1d37-448d-8d57-43d254561693:group-1C369C9291F7:LeaderElection566] INFO  impl.RoleInfo (RoleInfo.java:updateAndGet(143)) - dcc77c7b-1d37-448d-8d57-43d254561693: start LeaderState
2019-09-19 14:04:58,997 [dcc77c7b-1d37-448d-8d57-43d254561693:group-ED4FE5DA218F:LeaderElection565] INFO  segmented.SegmentedRaftLogWorker (SegmentedRaftLogWorker.java:startLogSegment(380)) - dcc77c7b-1d37-448d-8d57-43d254561693-SegmentedRaftLogWorker:Storage Directory /workdir/hadoop-ozone/integration-test/target/test-dir/MiniOzoneClusterImpl-3b2755de-4cfe-4b43-9e0d-73dd8eda8f75/datanode-0/data/ratis/8690c3ee-d9cf-4d86-bb05-ed4fe5da218f: Starting segment from index:0
2019-09-19 14:04:58,997 [dcc77c7b-1d37-448d-8d57-43d254561693:group-A456A21CC0DF:LeaderElection578] INFO  server.RaftServerConfigKeys (ConfUtils.java:logGet(43)) - raft.server.watch.timeout.denomination = 1s (default)
2019-09-19 14:04:58,997 [dcc77c7b-1d37-448d-8d57-43d254561693:group-A8E7F9479FC5:LeaderElection597] INFO  server.RaftServerConfigKeys (ConfUtils.java:logGet(43)) - raft.server.write.element-limit = 4096 (default)
2019-09-19 14:04:58,998 [dcc77c7b-1d37-448d-8d57-43d254561693:group-ED4FE5DA218F:LeaderElection565] INFO  impl.RaftServerImpl (ServerState.java:setRaftConf(361)) - dcc77c7b-1d37-448d-8d57-43d254561693:group-ED4FE5DA218F set configuration 0: [dcc77c7b-1d37-448d-8d57-43d254561693:192.168.157.226:34527], old=null at 0
2019-09-19 14:04:59,285 | INFO  | SCMAudit | user=jenkins1000 | ip=192.168.157.226 | op=SEND_HEARTBEAT {datanodeUUID=dcc77c7b-1d37-448d-8d57-43d254561693, command=[]} | ret=SUCCESS |  
2019-09-19 14:04:58,997 [Thread-4483] INFO  impl.FollowerState (FollowerState.java:run(106)) - dcc77c7b-1d37-448d-8d57-43d254561693:group-B809E960E354 changes to CANDIDATE, lastRpcTime:5171, electionTimeout:5171ms
2019-09-19 14:04:58,996 [dcc77c7b-1d37-448d-8d57-43d254561693:group-9646DAB2F47F:LeaderElection571] INFO  server.RaftServerConfigKeys (ConfUtils.java:logGet(43)) - raft.server.watch.timeout.denomination = 1s (default)
2019-09-19 14:04:58,996 [dcc77c7b-1d37-448d-8d57-43d254561693:group-A786CE105C3D:LeaderElection631] INFO  impl.LeaderElection (LeaderElection.java:askForVotes(181)) - dcc77c7b-1d37-448d-8d57-43d254561693:group-A786CE105C3D:LeaderElection631: begin an election at term 1 for -1: [dcc77c7b-1d37-448d-8d57-43d254561693:192.168.157.226:34527], old=null
2019-09-19 14:04:58,996 [dcc77c7b-1d37-448d-8d57-43d254561693:group-CDD98A98F0BC:LeaderElection633] INFO  impl.LeaderElection (LeaderElection.java:askForVotes(181)) - dcc77c7b-1d37-448d-8d57-43d254561693:group-CDD98A98F0BC:LeaderElection633: begin an election at term 1 for -1: [dcc77c7b-1d37-448d-8d57-43d254561693:192.168.157.226:34527], old=null
2019-09-19 14:04:58,996 [dcc77c7b-1d37-448d-8d57-43d254561693-SegmentedRaftLogWorker:Storage Directory /workdir/hadoop-ozone/integration-test/target/test-dir/MiniOzoneClusterImpl-3b2755de-4cfe-4b43-9e0d-73dd8eda8f75/datanode-0/data/ratis/1dc62731-1564-44e9-a656-5fe8443c3ff9] INFO  impl.StateMachineUpdater (StateMachineUpdater.java:stopAndJoin(115)) - StateMachineUpdater:dcc77c7b-1d37-448d-8d57-43d254561693:group-5FE8443C3FF9: set stopIndex = -1
2019-09-19 14:04:59,290 [dcc77c7b-1d37-448d-8d57-43d254561693-SegmentedRaftLogWorker:Storage Directory /workdir/hadoop-ozone/integration-test/target/test-dir/MiniOzoneClusterImpl-3b2755de-4cfe-4b43-9e0d-73dd8eda8f75/datanode-0/data/ratis/1dc62731-1564-44e9-a656-5fe8443c3ff9] INFO  impl.RaftServerImpl (ServerState.java:close(394)) - dcc77c7b-1d37-448d-8d57-43d254561693:group-5FE8443C3FF9 closes. The last applied log index is -1
2019-09-19 14:04:58,996 [dcc77c7b-1d37-448d-8d57-43d254561693-SegmentedRaftLogWorker:Storage Directory /workdir/hadoop-ozone/integration-test/target/test-dir/MiniOzoneClusterImpl-3b2755de-4cfe-4b43-9e0d-73dd8eda8f75/datanode-0/data/ratis/abcc18f0-c26d-4d41-9759-11869be1a9f1] INFO  impl.StateMachineUpdater (StateMachineUpdater.java:stopAndJoin(115)) - StateMachineUpdater:dcc77c7b-1d37-448d-8d57-43d254561693:group-11869BE1A9F1: set stopIndex = -1
2019-09-19 14:04:59,290 [dcc77c7b-1d37-448d-8d57-43d254561693-SegmentedRaftLogWorker:Storage Directory /workdir/hadoop-ozone/integration-test/target/test-dir/MiniOzoneClusterImpl-3b2755de-4cfe-4b43-9e0d-73dd8eda8f75/datanode-0/data/ratis/abcc18f0-c26d-4d41-9759-11869be1a9f1] INFO  impl.RaftServerImpl (ServerState.java:close(394)) - dcc77c7b-1d37-448d-8d57-43d254561693:group-11869BE1A9F1 closes. The last applied log index is -1
2019-09-19 14:04:58,995 [dcc77c7b-1d37-448d-8d57-43d254561693:group-D8C1D5FCCD5D:LeaderElection611] INFO  impl.RaftServerImpl (ServerState.java:setLeader(263)) - dcc77c7b-1d37-448d-8d57-43d254561693:group-D8C1D5FCCD5D change Leader from null to dcc77c7b-1d37-448d-8d57-43d254561693 at term 1 for becomeLeader, leader elected after 6651ms
2019-09-19 14:04:58,995 [dcc77c7b-1d37-448d-8d57-43d254561693:group-9054243D6A0E:LeaderElection599] INFO  server.RaftServerConfigKeys (ConfUtils.java:logGet(43)) - raft.server.staging.catchup.gap = 1000 (default)
2019-09-19 14:04:58,995 [dcc77c7b-1d37-448d-8d57-43d254561693:group-C61393B9958E:LeaderElection610] INFO  server.RaftServerConfigKeys (ConfUtils.java:logGet(43)) - raft.server.write.element-limit = 4096 (default)
2019-09-19 14:04:58,995 [dcc77c7b-1d37-448d-8d57-43d254561693:group-BB4E63A8ADCE:LeaderElection623] INFO  server.RaftServerConfigKeys (ConfUtils.java:logGet(43)) - raft.server.write.element-limit = 4096 (default)
2019-09-19 14:04:58,995 [dcc77c7b-1d37-448d-8d57-43d254561693:group-1CA508E03965:LeaderElection622] INFO  server.RaftServerConfigKeys (ConfUtils.java:logGet(43)) - raft.server.staging.catchup.gap = 1000 (default)
2019-09-19 14:04:58,995 [dcc77c7b-1d37-448d-8d57-43d254561693:group-6EDC13E5AA9D:LeaderElection609] INFO  impl.RaftServerImpl (ServerState.java:setLeader(263)) - dcc77c7b-1d37-448d-8d57-43d254561693:group-6EDC13E5AA9D change Leader from null to dcc77c7b-1d37-448d-8d57-43d254561693 at term 1 for becomeLeader, leader elected after 7131ms
2019-09-19 14:04:58,994 [dcc77c7b-1d37-448d-8d57-43d254561693:group-B3B29087AAA0:LeaderElection598] INFO  server.RaftServerConfigKeys (ConfUtils.java:logGet(43)) - raft.server.write.element-limit = 4096 (default)
2019-09-19 14:04:59,291 [dcc77c7b-1d37-448d-8d57-43d254561693:group-B3B29087AAA0:LeaderElection598] INFO  server.RaftServerConfigKeys (ConfUtils.java:logGet(43)) - raft.server.watch.timeout = 10s (default)
2019-09-19 14:04:58,994 [dcc77c7b-1d37-448d-8d57-43d254561693:group-F426BA34EE2B:LeaderElection586] INFO  server.RaftServerConfigKeys (ConfUtils.java:logGet(43)) - raft.server.staging.catchup.gap = 1000 (default)
2019-09-19 14:04:58,994 [RatisPipelineUtilsThread] ERROR pipeline.SCMPipelineManager (SCMPipelineManager.java:createPipeline(161)) - Pipeline creation failed due to exception: Not enough healthy nodes to allocate pipeline. 3  datanodes required. Found 1
2019-09-19 14:04:58,994 [dcc77c7b-1d37-448d-8d57-43d254561693:group-DF36A57A9136:LeaderElection573] INFO  server.RaftServerConfigKeys (ConfUtils.java:logGet(43)) - raft.server.rpc.sleep.time = 25ms (default)
2019-09-19 14:04:58,994 [dcc77c7b-1d37-448d-8d57-43d254561693:group-8DBED52DD969:LeaderElection584] INFO  server.RaftServerConfigKeys (ConfUtils.java:logGet(43)) - raft.server.staging.catchup.gap = 1000 (default)
2019-09-19 14:04:59,292 [dcc77c7b-1d37-448d-8d57-43d254561693:group-8DBED52DD969:LeaderElection584] INFO  server.RaftServerConfigKeys (ConfUtils.java:logGet(43)) - raft.server.rpc.sleep.time = 25ms (default)
2019-09-19 14:04:58,993 [dcc77c7b-1d37-448d-8d57-43d254561693:group-AEFE1D75DE75:LeaderElection585] INFO  server.RaftServerConfigKeys (ConfUtils.java:logGet(43)) - raft.server.staging.catchup.gap = 1000 (default)
2019-09-19 14:04:58,993 [dcc77c7b-1d37-448d-8d57-43d254561693:group-8F62CC6B93F9:LeaderElection594] INFO  server.RaftServerConfigKeys (ConfUtils.java:logGet(43)) - raft.server.staging.catchup.gap = 1000 (default)
2019-09-19 14:04:58,993 [dcc77c7b-1d37-448d-8d57-43d254561693:group-EF22F8D31499:LeaderElection582] INFO  server.RaftServerConfigKeys (ConfUtils.java:logGet(43)) - raft.server.staging.catchup.gap = 1000 (default)
2019-09-19 14:04:59,292 [dcc77c7b-1d37-448d-8d57-43d254561693:group-EF22F8D31499:LeaderElection582] INFO  server.RaftServerConfigKeys (ConfUtils.java:logGet(43)) - raft.server.rpc.sleep.time = 25ms (default)
2019-09-19 14:04:58,993 [dcc77c7b-1d37-448d-8d57-43d254561693:group-973F91C20342:LeaderElection600] INFO  server.RaftServerConfigKeys (ConfUtils.java:logGet(43)) - raft.server.rpc.sleep.time = 25ms (default)
2019-09-19 14:04:59,292 [dcc77c7b-1d37-448d-8d57-43d254561693:group-973F91C20342:LeaderElection600] INFO  server.RaftServerConfigKeys (ConfUtils.java:logGet(43)) - raft.server.write.element-limit = 4096 (default)
2019-09-19 14:04:58,993 [dcc77c7b-1d37-448d-8d57-43d254561693:group-D04ACBF66747:LeaderElection576] INFO  server.RaftServerConfigKeys (ConfUtils.java:logGet(43)) - raft.server.staging.catchup.gap = 1000 (default)
2019-09-19 14:04:58,993 [dcc77c7b-1d37-448d-8d57-43d254561693:group-355ED91025D3:LeaderElection577] INFO  server.RaftServerConfigKeys (ConfUtils.java:logGet(43)) - raft.server.rpc.sleep.time = 25ms (default)
2019-09-19 14:04:59,292 | INFO  | SCMAudit | user=jenkins1000 | ip=192.168.157.226 | op=ALLOCATE_BLOCK {owner=0ac9c35e-db52-4740-8088-f543096ece3c, size=4194304, type=RATIS, factor=ONE} | ret=SUCCESS |  
2019-09-19 14:04:58,992 [dcc77c7b-1d37-448d-8d57-43d254561693:group-BCC62B444D9D:LeaderElection583] INFO  server.RaftServerConfigKeys (ConfUtils.java:logGet(43)) - raft.server.rpc.sleep.time = 25ms (default)
2019-09-19 14:04:58,992 [dcc77c7b-1d37-448d-8d57-43d254561693:group-3CB5F09D983C:LeaderElection592] INFO  server.RaftServerConfigKeys (ConfUtils.java:logGet(43)) - raft.server.write.element-limit = 4096 (default)
2019-09-19 14:04:59,293 [dcc77c7b-1d37-448d-8d57-43d254561693:group-3CB5F09D983C:LeaderElection592] INFO  server.RaftServerConfigKeys (ConfUtils.java:logGet(43)) - raft.server.watch.timeout = 10s (default)
2019-09-19 14:04:58,992 [dcc77c7b-1d37-448d-8d57-43d254561693:group-8705EAB60863:LeaderElection602] INFO  server.RaftServerConfigKeys (ConfUtils.java:logGet(43)) - raft.server.staging.catchup.gap = 1000 (default)
2019-09-19 14:04:58,992 [dcc77c7b-1d37-448d-8d57-43d254561693:group-761DA49682B2:LeaderElection590] INFO  server.RaftServerConfigKeys (ConfUtils.java:logGet(43)) - raft.server.staging.catchup.gap = 1000 (default)
2019-09-19 14:04:59,293 [dcc77c7b-1d37-448d-8d57-43d254561693:group-761DA49682B2:LeaderElection590] INFO  server.RaftServerConfigKeys (ConfUtils.java:logGet(43)) - raft.server.rpc.sleep.time = 25ms (default)
2019-09-19 14:04:58,992 [dcc77c7b-1d37-448d-8d57-43d254561693:group-6097693610F3:LeaderElection626] INFO  server.RaftServerConfigKeys (ConfUtils.java:logGet(43)) - raft.server.staging.catchup.gap = 1000 (default)
2019-09-19 14:04:58,992 [dcc77c7b-1d37-448d-8d57-43d254561693:group-3D808B4B51C3:LeaderElection593] INFO  server.RaftServerConfigKeys (ConfUtils.java:logGet(43)) - raft.server.rpc.sleep.time = 25ms (default)
2019-09-19 14:04:58,992 [dcc77c7b-1d37-448d-8d57-43d254561693:group-869D2374C5B7:LeaderElection613] INFO  server.RaftServerConfigKeys (ConfUtils.java:logGet(43)) - raft.server.write.element-limit = 4096 (default)
2019-09-19 14:04:58,991 [dcc77c7b-1d37-448d-8d57-43d254561693:group-1639C94C8647:LeaderElection617] INFO  server.RaftServerConfigKeys (ConfUtils.java:logGet(43)) - raft.server.write.element-limit = 4096 (default)
2019-09-19 14:04:59,296 [dcc77c7b-1d37-448d-8d57-43d254561693:group-1639C94C8647:LeaderElection617] INFO  server.RaftServerConfigKeys (ConfUtils.java:logGet(43)) - raft.server.watch.timeout = 10s (default)
2019-09-19 14:04:59,296 [dcc77c7b-1d37-448d-8d57-43d254561693:group-1639C94C8647:LeaderElection617] INFO  server.RaftServerConfigKeys (ConfUtils.java:logGet(43)) - raft.server.watch.timeout.denomination = 1s (default)
2019-09-19 14:04:59,296 [dcc77c7b-1d37-448d-8d57-43d254561693:group-1639C94C8647:LeaderElection617] INFO  server.RaftServerConfigKeys (ConfUtils.java:logGet(43)) - raft.server.watch.element-limit = 65536 (default)
2019-09-19 14:04:58,991 [dcc77c7b-1d37-448d-8d57-43d254561693:group-2522B1FB8D22:LeaderElection579] INFO  impl.RaftServerImpl (ServerState.java:setLeader(263)) - dcc77c7b-1d37-448d-8d57-43d254561693:group-2522B1FB8D22 change Leader from null to dcc77c7b-1d37-448d-8d57-43d254561693 at term 1 for becomeLeader, leader elected after 7979ms
2019-09-19 14:04:58,991 [dcc77c7b-1d37-448d-8d57-43d254561693:group-E53CD96B3E19:LeaderElection615] INFO  server.RaftServerConfigKeys (ConfUtils.java:logGet(43)) - raft.server.write.element-limit = 4096 (default)
2019-09-19 14:04:59,296 [dcc77c7b-1d37-448d-8d57-43d254561693:group-E53CD96B3E19:LeaderElection615] INFO  server.RaftServerConfigKeys (ConfUtils.java:logGet(43)) - raft.server.watch.timeout = 10s (default)
2019-09-19 14:04:59,296 [dcc77c7b-1d37-448d-8d57-43d254561693:group-E53CD96B3E19:LeaderElection615] INFO  server.RaftServerConfigKeys (ConfUtils.java:logGet(43)) - raft.server.watch.timeout.denomination = 1s (default)
2019-09-19 14:04:59,296 [dcc77c7b-1d37-448d-8d57-43d254561693:group-E53CD96B3E19:LeaderElection615] INFO  server.RaftServerConfigKeys (ConfUtils.java:logGet(43)) - raft.server.watch.element-limit = 65536 (default)
2019-09-19 14:04:59,296 | INFO  | OMAudit | user=jenkins1000 | ip=127.0.0.1 | op=ALLOCATE_KEY {volume=testcontainerstatemachinefailures, bucket=testcontainerstatemachinefailures, key=ratis, dataSize=1024, replicationType=RATIS, replicationFactor=ONE, keyLocationInfo=null} | ret=SUCCESS |  
2019-09-19 14:04:58,991 [dcc77c7b-1d37-448d-8d57-43d254561693:group-C0BCADC5D7D8:LeaderElection591] INFO  server.RaftServerConfigKeys (ConfUtils.java:logGet(43)) - raft.server.rpc.sleep.time = 25ms (default)
2019-09-19 14:04:58,990 [dcc77c7b-1d37-448d-8d57-43d254561693:group-C6C4A2B7D1DA:LeaderElection596] INFO  server.RaftServerConfigKeys (ConfUtils.java:logGet(43)) - raft.server.rpc.sleep.time = 25ms (default)
2019-09-19 14:04:58,990 [dcc77c7b-1d37-448d-8d57-43d254561693:group-C427DF1D703E:LeaderElection587] INFO  server.RaftServerConfigKeys (ConfUtils.java:logGet(43)) - raft.server.rpc.sleep.time = 25ms (default)
2019-09-19 14:04:58,990 [dcc77c7b-1d37-448d-8d57-43d254561693:group-DF274F267A33:LeaderElection614] INFO  server.RaftServerConfigKeys (ConfUtils.java:logGet(43)) - raft.server.rpc.sleep.time = 25ms (default)
2019-09-19 14:04:59,297 [dcc77c7b-1d37-448d-8d57-43d254561693:group-DF274F267A33:LeaderElection614] INFO  server.RaftServerConfigKeys (ConfUtils.java:logGet(43)) - raft.server.write.element-limit = 4096 (default)
2019-09-19 14:04:58,990 [dcc77c7b-1d37-448d-8d57-43d254561693:group-E501E5C2F87A:LeaderElection612] INFO  server.RaftServerConfigKeys (ConfUtils.java:logGet(43)) - raft.server.rpc.sleep.time = 25ms (default)
2019-09-19 14:04:58,990 [dcc77c7b-1d37-448d-8d57-43d254561693:group-F1AB8729C726:LeaderElection619] INFO  server.RaftServerConfigKeys (ConfUtils.java:logGet(43)) - raft.server.staging.catchup.gap = 1000 (default)
2019-09-19 14:04:58,990 [dcc77c7b-1d37-448d-8d57-43d254561693:group-450D00ABA19B:LeaderElection621] INFO  server.RaftServerConfigKeys (ConfUtils.java:logGet(43)) - raft.server.staging.catchup.gap = 1000 (default)
2019-09-19 14:04:58,989 [dcc77c7b-1d37-448d-8d57-43d254561693:group-AF209FE8FECB:LeaderElection581] INFO  server.RaftServerConfigKeys (ConfUtils.java:logGet(43)) - raft.server.rpc.sleep.time = 25ms (default)
2019-09-19 14:04:58,989 [dcc77c7b-1d37-448d-8d57-43d254561693:group-827C827A8DAD:LeaderElection589] INFO  server.RaftServerConfigKeys (ConfUtils.java:logGet(43)) - raft.server.write.element-limit = 4096 (default)
2019-09-19 14:04:59,297 [dcc77c7b-1d37-448d-8d57-43d254561693:group-AF209FE8FECB:LeaderElection581] INFO  server.RaftServerConfigKeys (ConfUtils.java:logGet(43)) - raft.server.write.element-limit = 4096 (default)
2019-09-19 14:04:58,989 [dcc77c7b-1d37-448d-8d57-43d254561693:group-B0D529AC88AD:LeaderElection580] INFO  impl.RaftServerImpl (ServerState.java:setLeader(263)) - dcc77c7b-1d37-448d-8d57-43d254561693:group-B0D529AC88AD change Leader from null to dcc77c7b-1d37-448d-8d57-43d254561693 at term 1 for becomeLeader, leader elected after 6132ms
2019-09-19 14:04:58,989 [dcc77c7b-1d37-448d-8d57-43d254561693:group-56D873A3B067:LeaderElection575] INFO  server.RaftServerConfigKeys (ConfUtils.java:logGet(43)) - raft.server.rpc.sleep.time = 25ms (default)
2019-09-19 14:04:58,989 [dcc77c7b-1d37-448d-8d57-43d254561693:group-46D08AB6022E:LeaderElection572] INFO  server.RaftServerConfigKeys (ConfUtils.java:logGet(43)) - raft.server.staging.catchup.gap = 1000 (default)
2019-09-19 14:04:58,989 [dcc77c7b-1d37-448d-8d57-43d254561693:group-C7074BE8E490:LeaderElection595] INFO  server.RaftServerConfigKeys (ConfUtils.java:logGet(43)) - raft.server.rpc.sleep.time = 25ms (default)
2019-09-19 14:04:58,988 [dcc77c7b-1d37-448d-8d57-43d254561693:group-E31AF374E74C:LeaderElection620] INFO  server.RaftServerConfigKeys (ConfUtils.java:logGet(43)) - raft.server.rpc.sleep.time = 25ms (default)
2019-09-19 14:04:58,988 [dcc77c7b-1d37-448d-8d57-43d254561693:group-00ABCB16AA03:LeaderElection574] INFO  server.RaftServerConfigKeys (ConfUtils.java:logGet(43)) - raft.server.staging.catchup.gap = 1000 (default)
2019-09-19 14:04:58,988 [dcc77c7b-1d37-448d-8d57-43d254561693:group-CC8CAE5134C7:LeaderElection618] INFO  server.RaftServerConfigKeys (ConfUtils.java:logGet(43)) - raft.server.write.element-limit = 4096 (default)
2019-09-19 14:04:59,298 [dcc77c7b-1d37-448d-8d57-43d254561693:group-CC8CAE5134C7:LeaderElection618] INFO  server.RaftServerConfigKeys (ConfUtils.java:logGet(43)) - raft.server.watch.timeout = 10s (default)
2019-09-19 14:04:59,298 [dcc77c7b-1d37-448d-8d57-43d254561693:group-CC8CAE5134C7:LeaderElection618] INFO  server.RaftServerConfigKeys (ConfUtils.java:logGet(43)) - raft.server.watch.timeout.denomination = 1s (default)
2019-09-19 14:04:59,298 [dcc77c7b-1d37-448d-8d57-43d254561693:group-CC8CAE5134C7:LeaderElection618] INFO  server.RaftServerConfigKeys (ConfUtils.java:logGet(43)) - raft.server.watch.element-limit = 65536 (default)
2019-09-19 14:04:58,988 [dcc77c7b-1d37-448d-8d57-43d254561693:group-89849F9FD3BA:LeaderElection616] INFO  server.RaftServerConfigKeys (ConfUtils.java:logGet(43)) - raft.server.rpc.sleep.time = 25ms (default)
2019-09-19 14:04:58,987 [Thread-4442] INFO  impl.RoleInfo (RoleInfo.java:updateAndGet(143)) - dcc77c7b-1d37-448d-8d57-43d254561693: start LeaderElection
2019-09-19 14:04:58,987 [dcc77c7b-1d37-448d-8d57-43d254561693:group-9C89C73BB343:LeaderElection588] INFO  impl.RoleInfo (RoleInfo.java:updateAndGet(143)) - dcc77c7b-1d37-448d-8d57-43d254561693: start LeaderState
2019-09-19 14:04:58,987 [pool-58-thread-1] INFO  server.RaftServerConfigKeys (ConfUtils.java:logGet(43)) - raft.server.log.segment.size.max = 1048576 (custom)
2019-09-19 14:04:58,987 [Thread-4498] INFO  impl.RaftServerImpl (RaftServerImpl.java:setRole(171)) - dcc77c7b-1d37-448d-8d57-43d254561693:group-A7785E8E6A28 changes role from FOLLOWER to CANDIDATE at term 0 for changeToCandidate
2019-09-19 14:04:58,986 [Thread-4479] INFO  impl.RoleInfo (RoleInfo.java:updateAndGet(143)) - dcc77c7b-1d37-448d-8d57-43d254561693: start LeaderElection
2019-09-19 14:04:58,986 [Thread-4475] INFO  impl.RaftServerImpl (RaftServerImpl.java:setRole(171)) - dcc77c7b-1d37-448d-8d57-43d254561693:group-314C4D324251 changes role from FOLLOWER to CANDIDATE at term 0 for changeToCandidate
2019-09-19 14:04:58,986 [Thread-4469] INFO  impl.RoleInfo (RoleInfo.java:updateAndGet(143)) - dcc77c7b-1d37-448d-8d57-43d254561693: start LeaderElection
2019-09-19 14:04:58,986 [Thread-4466] INFO  impl.RaftServerImpl (RaftServerImpl.java:setRole(171)) - dcc77c7b-1d37-448d-8d57-43d254561693:group-04BD0E6020D4 changes role from FOLLOWER to CANDIDATE at term 0 for changeToCandidate
2019-09-19 14:04:58,985 [Thread-4463] INFO  impl.RaftServerImpl (RaftServerImpl.java:setRole(171)) - dcc77c7b-1d37-448d-8d57-43d254561693:group-3B4ECEA16FCB changes role from FOLLOWER to CANDIDATE at term 0 for changeToCandidate
2019-09-19 14:04:58,985 [Thread-4460] INFO  impl.RaftServerImpl (RaftServerImpl.java:setRole(171)) - dcc77c7b-1d37-448d-8d57-43d254561693:group-2AF851618A31 changes role from FOLLOWER to CANDIDATE at term 0 for changeToCandidate
2019-09-19 14:04:58,985 [Thread-4472] INFO  impl.RaftServerImpl (RaftServerImpl.java:setRole(171)) - dcc77c7b-1d37-448d-8d57-43d254561693:group-E62FEC0D47BC changes role from FOLLOWER to CANDIDATE at term 0 for changeToCandidate
2019-09-19 14:04:58,985 [dcc77c7b-1d37-448d-8d57-43d254561693:group-D788F79D6955:LeaderElection606] INFO  impl.RoleInfo (RoleInfo.java:shutdownLeaderElection(134)) - dcc77c7b-1d37-448d-8d57-43d254561693: shutdown LeaderElection
2019-09-19 14:04:58,985 [dcc77c7b-1d37-448d-8d57-43d254561693:group-CD7159C89C08:LeaderElection605] INFO  server.RaftServerConfigKeys (ConfUtils.java:logGet(43)) - raft.server.staging.catchup.gap = 1000 (default)
2019-09-19 14:04:58,984 [dcc77c7b-1d37-448d-8d57-43d254561693:group-7D1EFE063BF2:LeaderElection629] INFO  impl.RoleInfo (RoleInfo.java:shutdownLeaderElection(134)) - dcc77c7b-1d37-448d-8d57-43d254561693: shutdown LeaderElection
2019-09-19 14:04:59,300 [dcc77c7b-1d37-448d-8d57-43d254561693:group-7D1EFE063BF2:LeaderElection629] INFO  impl.RaftServerImpl (RaftServerImpl.java:setRole(171)) - dcc77c7b-1d37-448d-8d57-43d254561693:group-7D1EFE063BF2 changes role from CANDIDATE to LEADER at term 1 for changeToLeader
2019-09-19 14:04:58,984 [dcc77c7b-1d37-448d-8d57-43d254561693:group-6BA61B232CB7:LeaderElection628] INFO  impl.RaftServerImpl (RaftServerImpl.java:setRole(171)) - dcc77c7b-1d37-448d-8d57-43d254561693:group-6BA61B232CB7 changes role from CANDIDATE to LEADER at term 1 for changeToLeader
2019-09-19 14:04:59,300 [dcc77c7b-1d37-448d-8d57-43d254561693:group-6BA61B232CB7:LeaderElection628] INFO  impl.RaftServerImpl (ServerState.java:setLeader(263)) - dcc77c7b-1d37-448d-8d57-43d254561693:group-6BA61B232CB7 change Leader from null to dcc77c7b-1d37-448d-8d57-43d254561693 at term 1 for becomeLeader, leader elected after 6322ms
2019-09-19 14:04:58,984 [dcc77c7b-1d37-448d-8d57-43d254561693:group-801B220FEE86:LeaderElection625] INFO  impl.RoleInfo (RoleInfo.java:shutdownLeaderElection(134)) - dcc77c7b-1d37-448d-8d57-43d254561693: shutdown LeaderElection
2019-09-19 14:04:58,984 [dcc77c7b-1d37-448d-8d57-43d254561693:group-7B8CEBFF5854:LeaderElection601] INFO  impl.RoleInfo (RoleInfo.java:shutdownLeaderElection(134)) - dcc77c7b-1d37-448d-8d57-43d254561693: shutdown LeaderElection
2019-09-19 14:04:58,983 [dcc77c7b-1d37-448d-8d57-43d254561693:group-B8EC2EEEE8D5:LeaderElection604] INFO  impl.RaftServerImpl (RaftServerImpl.java:setRole(171)) - dcc77c7b-1d37-448d-8d57-43d254561693:group-B8EC2EEEE8D5 changes role from CANDIDATE to LEADER at term 1 for changeToLeader
2019-09-19 14:04:59,300 [dcc77c7b-1d37-448d-8d57-43d254561693:group-B8EC2EEEE8D5:LeaderElection604] INFO  impl.RaftServerImpl (ServerState.java:setLeader(263)) - dcc77c7b-1d37-448d-8d57-43d254561693:group-B8EC2EEEE8D5 change Leader from null to dcc77c7b-1d37-448d-8d57-43d254561693 at term 1 for becomeLeader, leader elected after 7733ms
2019-09-19 14:04:58,983 [dcc77c7b-1d37-448d-8d57-43d254561693:group-FBD0D09AD849:LeaderElection607] INFO  impl.RoleInfo (RoleInfo.java:shutdownLeaderElection(134)) - dcc77c7b-1d37-448d-8d57-43d254561693: shutdown LeaderElection
2019-09-19 14:04:58,983 [dcc77c7b-1d37-448d-8d57-43d254561693:group-D44479695D46:LeaderElection608] INFO  impl.RoleInfo (RoleInfo.java:shutdownLeaderElection(134)) - dcc77c7b-1d37-448d-8d57-43d254561693: shutdown LeaderElection
2019-09-19 14:04:59,301 [dcc77c7b-1d37-448d-8d57-43d254561693:group-D44479695D46:LeaderElection608] INFO  impl.RaftServerImpl (RaftServerImpl.java:setRole(171)) - dcc77c7b-1d37-448d-8d57-43d254561693:group-D44479695D46 changes role from CANDIDATE to LEADER at term 1 for changeToLeader
2019-09-19 14:04:59,301 [dcc77c7b-1d37-448d-8d57-43d254561693:group-D44479695D46:LeaderElection608] INFO  impl.RaftServerImpl (ServerState.java:setLeader(263)) - dcc77c7b-1d37-448d-8d57-43d254561693:group-D44479695D46 change Leader from null to dcc77c7b-1d37-448d-8d57-43d254561693 at term 1 for becomeLeader, leader elected after 7303ms
2019-09-19 14:04:58,983 [dcc77c7b-1d37-448d-8d57-43d254561693:group-FEB63AD957C4:LeaderElection603] INFO  impl.RaftServerImpl (RaftServerImpl.java:setRole(171)) - dcc77c7b-1d37-448d-8d57-43d254561693:group-FEB63AD957C4 changes role from CANDIDATE to LEADER at term 1 for changeToLeader
2019-09-19 14:04:58,982 [dcc77c7b-1d37-448d-8d57-43d254561693:group-C22B218FA0A6:LeaderElection630] INFO  impl.RoleInfo (RoleInfo.java:shutdownLeaderElection(134)) - dcc77c7b-1d37-448d-8d57-43d254561693: shutdown LeaderElection
2019-09-19 14:04:58,982 [dcc77c7b-1d37-448d-8d57-43d254561693:group-4467D65330C2:LeaderElection624] INFO  impl.RoleInfo (RoleInfo.java:shutdownLeaderElection(134)) - dcc77c7b-1d37-448d-8d57-43d254561693: shutdown LeaderElection
2019-09-19 14:04:58,982 [dcc77c7b-1d37-448d-8d57-43d254561693:group-5058C03AF78E:LeaderElection627] INFO  impl.RoleInfo (RoleInfo.java:shutdownLeaderElection(134)) - dcc77c7b-1d37-448d-8d57-43d254561693: shutdown LeaderElection
2019-09-19 14:04:59,301 [dcc77c7b-1d37-448d-8d57-43d254561693:group-5058C03AF78E:LeaderElection627] INFO  impl.RaftServerImpl (RaftServerImpl.java:setRole(171)) - dcc77c7b-1d37-448d-8d57-43d254561693:group-5058C03AF78E changes role from CANDIDATE to LEADER at term 1 for changeToLeader
2019-09-19 14:04:58,982 [dcc77c7b-1d37-448d-8d57-43d254561693:group-AD94DCFD5F37:LeaderElection570] INFO  server.RaftServerConfigKeys (ConfUtils.java:logGet(43)) - raft.server.watch.element-limit = 65536 (default)
2019-09-19 14:04:58,982 [dcc77c7b-1d37-448d-8d57-43d254561693:group-0C7ED090D72E:LeaderElection569] INFO  server.RaftServerConfigKeys (ConfUtils.java:logGet(43)) - raft.server.watch.element-limit = 65536 (default)
2019-09-19 14:04:58,982 [dcc77c7b-1d37-448d-8d57-43d254561693:group-7430C03AE933:LeaderElection555] INFO  server.RaftServerConfigKeys (ConfUtils.java:logGet(43)) - raft.server.watch.element-limit = 65536 (default)
2019-09-19 14:04:59,301 [dcc77c7b-1d37-448d-8d57-43d254561693:group-0C7ED090D72E:LeaderElection569] INFO  impl.RoleInfo (RoleInfo.java:updateAndGet(143)) - dcc77c7b-1d37-448d-8d57-43d254561693: start LeaderState
2019-09-19 14:04:59,301 [dcc77c7b-1d37-448d-8d57-43d254561693:group-AD94DCFD5F37:LeaderElection570] INFO  impl.RoleInfo (RoleInfo.java:updateAndGet(143)) - dcc77c7b-1d37-448d-8d57-43d254561693: start LeaderState
2019-09-19 14:04:59,301 [dcc77c7b-1d37-448d-8d57-43d254561693:group-5058C03AF78E:LeaderElection627] INFO  impl.RaftServerImpl (ServerState.java:setLeader(263)) - dcc77c7b-1d37-448d-8d57-43d254561693:group-5058C03AF78E change Leader from null to dcc77c7b-1d37-448d-8d57-43d254561693 at term 1 for becomeLeader, leader elected after 6166ms
2019-09-19 14:04:59,302 [dcc77c7b-1d37-448d-8d57-43d254561693:group-AD94DCFD5F37:LeaderElection570] INFO  segmented.SegmentedRaftLogWorker (SegmentedRaftLogWorker.java:startLogSegment(380)) - dcc77c7b-1d37-448d-8d57-43d254561693-SegmentedRaftLogWorker:Storage Directory /workdir/hadoop-ozone/integration-test/target/test-dir/MiniOzoneClusterImpl-3b2755de-4cfe-4b43-9e0d-73dd8eda8f75/datanode-0/data/ratis/bf066c4b-b9ac-4c70-8f56-ad94dcfd5f37: Starting segment from index:0
2019-09-19 14:04:59,301 [dcc77c7b-1d37-448d-8d57-43d254561693:group-4467D65330C2:LeaderElection624] INFO  impl.RaftServerImpl (RaftServerImpl.java:setRole(171)) - dcc77c7b-1d37-448d-8d57-43d254561693:group-4467D65330C2 changes role from CANDIDATE to LEADER at term 1 for changeToLeader
2019-09-19 14:04:59,302 [dcc77c7b-1d37-448d-8d57-43d254561693:group-4467D65330C2:LeaderElection624] INFO  impl.RaftServerImpl (ServerState.java:setLeader(263)) - dcc77c7b-1d37-448d-8d57-43d254561693:group-4467D65330C2 change Leader from null to dcc77c7b-1d37-448d-8d57-43d254561693 at term 1 for becomeLeader, leader elected after 6126ms
2019-09-19 14:04:59,302 [dcc77c7b-1d37-448d-8d57-43d254561693:group-AD94DCFD5F37:LeaderElection570] INFO  impl.RaftServerImpl (ServerState.java:setRaftConf(361)) - dcc77c7b-1d37-448d-8d57-43d254561693:group-AD94DCFD5F37 set configuration 0: [dcc77c7b-1d37-448d-8d57-43d254561693:192.168.157.226:34527], old=null at 0
2019-09-19 14:04:59,679 | INFO  | SCMAudit | user=jenkins1000 | ip=192.168.157.226 | op=SEND_HEARTBEAT {datanodeUUID=dcc77c7b-1d37-448d-8d57-43d254561693, command=[commandType: closeContainerCommand closeContainerCommandProto { containerID: 3 pipelineID { id: "97e019ac-a874-42be-ae0f-f72f5a3d8c01" } cmdId: 3 force: false } ]} | ret=SUCCESS |  
2019-09-19 14:04:59,679 [Thread-4535] WARN  util.JavaUtils (JavaUtils.java:sleep(250)) - Unexpected long sleep: sleep(5084ms) actually took 5456ms which is over the threshold 300ms
2019-09-19 14:04:59,301 [dcc77c7b-1d37-448d-8d57-43d254561693:group-C22B218FA0A6:LeaderElection630] INFO  impl.RaftServerImpl (RaftServerImpl.java:setRole(171)) - dcc77c7b-1d37-448d-8d57-43d254561693:group-C22B218FA0A6 changes role from CANDIDATE to LEADER at term 1 for changeToLeader
2019-09-19 14:04:59,679 [dcc77c7b-1d37-448d-8d57-43d254561693:group-C22B218FA0A6:LeaderElection630] INFO  impl.RaftServerImpl (ServerState.java:setLeader(263)) - dcc77c7b-1d37-448d-8d57-43d254561693:group-C22B218FA0A6 change Leader from null to dcc77c7b-1d37-448d-8d57-43d254561693 at term 1 for becomeLeader, leader elected after 7583ms
2019-09-19 14:04:59,301 [dcc77c7b-1d37-448d-8d57-43d254561693:group-FEB63AD957C4:LeaderElection603] INFO  impl.RaftServerImpl (ServerState.java:setLeader(263)) - dcc77c7b-1d37-448d-8d57-43d254561693:group-FEB63AD957C4 change Leader from null to dcc77c7b-1d37-448d-8d57-43d254561693 at term 1 for becomeLeader, leader elected after 7650ms
2019-09-19 14:04:59,301 [dcc77c7b-1d37-448d-8d57-43d254561693:group-D44479695D46:LeaderElection608] INFO  server.RaftServerConfigKeys (ConfUtils.java:logGet(43)) - raft.server.staging.catchup.gap = 1000 (default)
2019-09-19 14:04:59,301 [dcc77c7b-1d37-448d-8d57-43d254561693:group-FBD0D09AD849:LeaderElection607] INFO  impl.RaftServerImpl (RaftServerImpl.java:setRole(171)) - dcc77c7b-1d37-448d-8d57-43d254561693:group-FBD0D09AD849 changes role from CANDIDATE to LEADER at term 1 for changeToLeader
2019-09-19 14:04:59,680 [dcc77c7b-1d37-448d-8d57-43d254561693:group-FBD0D09AD849:LeaderElection607] INFO  impl.RaftServerImpl (ServerState.java:setLeader(263)) - dcc77c7b-1d37-448d-8d57-43d254561693:group-FBD0D09AD849 change Leader from null to dcc77c7b-1d37-448d-8d57-43d254561693 at term 1 for becomeLeader, leader elected after 7780ms
2019-09-19 14:04:59,300 [dcc77c7b-1d37-448d-8d57-43d254561693:group-B8EC2EEEE8D5:LeaderElection604] INFO  server.RaftServerConfigKeys (ConfUtils.java:logGet(43)) - raft.server.staging.catchup.gap = 1000 (default)
2019-09-19 14:04:59,300 [dcc77c7b-1d37-448d-8d57-43d254561693:group-7B8CEBFF5854:LeaderElection601] INFO  impl.RaftServerImpl (RaftServerImpl.java:setRole(171)) - dcc77c7b-1d37-448d-8d57-43d254561693:group-7B8CEBFF5854 changes role from CANDIDATE to LEADER at term 1 for changeToLeader
2019-09-19 14:04:59,680 [dcc77c7b-1d37-448d-8d57-43d254561693:group-7B8CEBFF5854:LeaderElection601] INFO  impl.RaftServerImpl (ServerState.java:setLeader(263)) - dcc77c7b-1d37-448d-8d57-43d254561693:group-7B8CEBFF5854 change Leader from null to dcc77c7b-1d37-448d-8d57-43d254561693 at term 1 for becomeLeader, leader elected after 7954ms
2019-09-19 14:04:59,300 [dcc77c7b-1d37-448d-8d57-43d254561693:group-801B220FEE86:LeaderElection625] INFO  impl.RaftServerImpl (RaftServerImpl.java:setRole(171)) - dcc77c7b-1d37-448d-8d57-43d254561693:group-801B220FEE86 changes role from CANDIDATE to LEADER at term 1 for changeToLeader
2019-09-19 14:04:59,300 [dcc77c7b-1d37-448d-8d57-43d254561693:group-6BA61B232CB7:LeaderElection628] INFO  server.RaftServerConfigKeys (ConfUtils.java:logGet(43)) - raft.server.staging.catchup.gap = 1000 (default)
2019-09-19 14:04:59,300 [dcc77c7b-1d37-448d-8d57-43d254561693:group-7D1EFE063BF2:LeaderElection629] INFO  impl.RaftServerImpl (ServerState.java:setLeader(263)) - dcc77c7b-1d37-448d-8d57-43d254561693:group-7D1EFE063BF2 change Leader from null to dcc77c7b-1d37-448d-8d57-43d254561693 at term 1 for becomeLeader, leader elected after 6377ms
2019-09-19 14:04:59,300 [dcc77c7b-1d37-448d-8d57-43d254561693:group-CD7159C89C08:LeaderElection605] INFO  server.RaftServerConfigKeys (ConfUtils.java:logGet(43)) - raft.server.rpc.sleep.time = 25ms (default)
2019-09-19 14:04:59,300 [dcc77c7b-1d37-448d-8d57-43d254561693:group-D788F79D6955:LeaderElection606] INFO  impl.RaftServerImpl (RaftServerImpl.java:setRole(171)) - dcc77c7b-1d37-448d-8d57-43d254561693:group-D788F79D6955 changes role from CANDIDATE to LEADER at term 1 for changeToLeader
2019-09-19 14:04:59,300 [Thread-4472] INFO  impl.RoleInfo (RoleInfo.java:updateAndGet(143)) - dcc77c7b-1d37-448d-8d57-43d254561693: start LeaderElection
2019-09-19 14:04:59,300 [Thread-4460] INFO  impl.RoleInfo (RoleInfo.java:updateAndGet(143)) - dcc77c7b-1d37-448d-8d57-43d254561693: start LeaderElection
2019-09-19 14:04:59,299 [Thread-4463] INFO  impl.RoleInfo (RoleInfo.java:updateAndGet(143)) - dcc77c7b-1d37-448d-8d57-43d254561693: start LeaderElection
2019-09-19 14:04:59,299 [Thread-4466] INFO  impl.RoleInfo (RoleInfo.java:updateAndGet(143)) - dcc77c7b-1d37-448d-8d57-43d254561693: start LeaderElection
2019-09-19 14:04:59,299 [Thread-4475] INFO  impl.RoleInfo (RoleInfo.java:updateAndGet(143)) - dcc77c7b-1d37-448d-8d57-43d254561693: start LeaderElection
2019-09-19 14:04:59,299 [Thread-4498] INFO  impl.RoleInfo (RoleInfo.java:updateAndGet(143)) - dcc77c7b-1d37-448d-8d57-43d254561693: start LeaderElection
2019-09-19 14:04:59,299 [dcc77c7b-1d37-448d-8d57-43d254561693:group-9C89C73BB343:LeaderElection588] INFO  segmented.SegmentedRaftLogWorker (SegmentedRaftLogWorker.java:startLogSegment(380)) - dcc77c7b-1d37-448d-8d57-43d254561693-SegmentedRaftLogWorker:Storage Directory /workdir/hadoop-ozone/integration-test/target/test-dir/MiniOzoneClusterImpl-3b2755de-4cfe-4b43-9e0d-73dd8eda8f75/datanode-0/data/ratis/cc0a98a1-5529-44b2-91aa-9c89c73bb343: Starting segment from index:0
2019-09-19 14:04:59,299 [pool-58-thread-1] INFO  server.RaftServerConfigKeys (ConfUtils.java:logGet(43)) - raft.server.log.preallocated.size = 16384 (custom)
2019-09-19 14:04:59,682 [pool-58-thread-1] INFO  server.RaftServerConfigKeys (ConfUtils.java:logGet(43)) - raft.server.log.write.buffer.size = 33554432 (custom)
2019-09-19 14:04:59,299 [dcc77c7b-1d37-448d-8d57-43d254561693:group-89849F9FD3BA:LeaderElection616] INFO  server.RaftServerConfigKeys (ConfUtils.java:logGet(43)) - raft.server.write.element-limit = 4096 (default)
2019-09-19 14:04:59,298 [dcc77c7b-1d37-448d-8d57-43d254561693:group-CC8CAE5134C7:LeaderElection618] INFO  impl.RoleInfo (RoleInfo.java:updateAndGet(143)) - dcc77c7b-1d37-448d-8d57-43d254561693: start LeaderState
2019-09-19 14:04:59,982 | INFO  | SCMAudit | user=jenkins1000 | ip=192.168.157.226 | op=SEND_HEARTBEAT {datanodeUUID=dcc77c7b-1d37-448d-8d57-43d254561693, command=[]} | ret=SUCCESS |  
2019-09-19 14:04:59,298 [dcc77c7b-1d37-448d-8d57-43d254561693:group-00ABCB16AA03:LeaderElection574] INFO  server.RaftServerConfigKeys (ConfUtils.java:logGet(43)) - raft.server.rpc.sleep.time = 25ms (default)
2019-09-19 14:04:59,298 [dcc77c7b-1d37-448d-8d57-43d254561693:group-E31AF374E74C:LeaderElection620] INFO  server.RaftServerConfigKeys (ConfUtils.java:logGet(43)) - raft.server.write.element-limit = 4096 (default)
2019-09-19 14:04:59,298 [dcc77c7b-1d37-448d-8d57-43d254561693:group-C7074BE8E490:LeaderElection595] INFO  server.RaftServerConfigKeys (ConfUtils.java:logGet(43)) - raft.server.write.element-limit = 4096 (default)
2019-09-19 14:04:59,298 [dcc77c7b-1d37-448d-8d57-43d254561693:group-46D08AB6022E:LeaderElection572] INFO  server.RaftServerConfigKeys (ConfUtils.java:logGet(43)) - raft.server.rpc.sleep.time = 25ms (default)
2019-09-19 14:04:59,298 [dcc77c7b-1d37-448d-8d57-43d254561693:group-56D873A3B067:LeaderElection575] INFO  server.RaftServerConfigKeys (ConfUtils.java:logGet(43)) - raft.server.write.element-limit = 4096 (default)
2019-09-19 14:04:59,298 [dcc77c7b-1d37-448d-8d57-43d254561693:group-B0D529AC88AD:LeaderElection580] INFO  server.RaftServerConfigKeys (ConfUtils.java:logGet(43)) - raft.server.staging.catchup.gap = 1000 (default)
2019-09-19 14:04:59,983 [dcc77c7b-1d37-448d-8d57-43d254561693:group-B0D529AC88AD:LeaderElection580] INFO  server.RaftServerConfigKeys (ConfUtils.java:logGet(43)) - raft.server.rpc.sleep.time = 25ms (default)
2019-09-19 14:04:59,298 [dcc77c7b-1d37-448d-8d57-43d254561693:group-AF209FE8FECB:LeaderElection581] INFO  server.RaftServerConfigKeys (ConfUtils.java:logGet(43)) - raft.server.watch.timeout = 10s (default)
2019-09-19 14:04:59,297 [dcc77c7b-1d37-448d-8d57-43d254561693:group-827C827A8DAD:LeaderElection589] INFO  server.RaftServerConfigKeys (ConfUtils.java:logGet(43)) - raft.server.watch.timeout = 10s (default)
2019-09-19 14:04:59,297 [dcc77c7b-1d37-448d-8d57-43d254561693:group-450D00ABA19B:LeaderElection621] INFO  server.RaftServerConfigKeys (ConfUtils.java:logGet(43)) - raft.server.rpc.sleep.time = 25ms (default)
2019-09-19 14:04:59,297 [dcc77c7b-1d37-448d-8d57-43d254561693:group-F1AB8729C726:LeaderElection619] INFO  server.RaftServerConfigKeys (ConfUtils.java:logGet(43)) - raft.server.rpc.sleep.time = 25ms (default)
2019-09-19 14:04:59,297 [dcc77c7b-1d37-448d-8d57-43d254561693:group-E501E5C2F87A:LeaderElection612] INFO  server.RaftServerConfigKeys (ConfUtils.java:logGet(43)) - raft.server.write.element-limit = 4096 (default)
2019-09-19 14:04:59,297 [dcc77c7b-1d37-448d-8d57-43d254561693:group-DF274F267A33:LeaderElection614] INFO  server.RaftServerConfigKeys (ConfUtils.java:logGet(43)) - raft.server.watch.timeout = 10s (default)
2019-09-19 14:04:59,983 [dcc77c7b-1d37-448d-8d57-43d254561693:group-DF274F267A33:LeaderElection614] INFO  server.RaftServerConfigKeys (ConfUtils.java:logGet(43)) - raft.server.watch.timeout.denomination = 1s (default)
2019-09-19 14:04:59,297 [dcc77c7b-1d37-448d-8d57-43d254561693:group-C427DF1D703E:LeaderElection587] INFO  server.RaftServerConfigKeys (ConfUtils.java:logGet(43)) - raft.server.write.element-limit = 4096 (default)
2019-09-19 14:04:59,984 [dcc77c7b-1d37-448d-8d57-43d254561693:group-C427DF1D703E:LeaderElection587] INFO  server.RaftServerConfigKeys (ConfUtils.java:logGet(43)) - raft.server.watch.timeout = 10s (default)
2019-09-19 14:04:59,297 [dcc77c7b-1d37-448d-8d57-43d254561693:group-C6C4A2B7D1DA:LeaderElection596] INFO  server.RaftServerConfigKeys (ConfUtils.java:logGet(43)) - raft.server.write.element-limit = 4096 (default)
2019-09-19 14:04:59,296 [dcc77c7b-1d37-448d-8d57-43d254561693:group-C0BCADC5D7D8:LeaderElection591] INFO  server.RaftServerConfigKeys (ConfUtils.java:logGet(43)) - raft.server.write.element-limit = 4096 (default)
2019-09-19 14:04:59,296 [dcc77c7b-1d37-448d-8d57-43d254561693:group-E53CD96B3E19:LeaderElection615] INFO  impl.RoleInfo (RoleInfo.java:updateAndGet(143)) - dcc77c7b-1d37-448d-8d57-43d254561693: start LeaderState
2019-09-19 14:04:59,296 [dcc77c7b-1d37-448d-8d57-43d254561693:group-2522B1FB8D22:LeaderElection579] INFO  server.RaftServerConfigKeys (ConfUtils.java:logGet(43)) - raft.server.staging.catchup.gap = 1000 (default)
2019-09-19 14:04:59,984 [dcc77c7b-1d37-448d-8d57-43d254561693:group-2522B1FB8D22:LeaderElection579] INFO  server.RaftServerConfigKeys (ConfUtils.java:logGet(43)) - raft.server.rpc.sleep.time = 25ms (default)
2019-09-19 14:04:59,296 [dcc77c7b-1d37-448d-8d57-43d254561693:group-1639C94C8647:LeaderElection617] INFO  impl.RoleInfo (RoleInfo.java:updateAndGet(143)) - dcc77c7b-1d37-448d-8d57-43d254561693: start LeaderState
2019-09-19 14:04:59,295 [dcc77c7b-1d37-448d-8d57-43d254561693:group-869D2374C5B7:LeaderElection613] INFO  server.RaftServerConfigKeys (ConfUtils.java:logGet(43)) - raft.server.watch.timeout = 10s (default)
2019-09-19 14:04:59,985 [dcc77c7b-1d37-448d-8d57-43d254561693:group-869D2374C5B7:LeaderElection613] INFO  server.RaftServerConfigKeys (ConfUtils.java:logGet(43)) - raft.server.watch.timeout.denomination = 1s (default)
2019-09-19 14:04:59,295 [dcc77c7b-1d37-448d-8d57-43d254561693:group-3D808B4B51C3:LeaderElection593] INFO  server.RaftServerConfigKeys (ConfUtils.java:logGet(43)) - raft.server.write.element-limit = 4096 (default)
2019-09-19 14:04:59,295 [dcc77c7b-1d37-448d-8d57-43d254561693:group-6097693610F3:LeaderElection626] INFO  server.RaftServerConfigKeys (ConfUtils.java:logGet(43)) - raft.server.rpc.sleep.time = 25ms (default)
2019-09-19 14:04:59,295 [dcc77c7b-1d37-448d-8d57-43d254561693:group-761DA49682B2:LeaderElection590] INFO  server.RaftServerConfigKeys (ConfUtils.java:logGet(43)) - raft.server.write.element-limit = 4096 (default)
2019-09-19 14:04:59,293 [dcc77c7b-1d37-448d-8d57-43d254561693:group-8705EAB60863:LeaderElection602] INFO  server.RaftServerConfigKeys (ConfUtils.java:logGet(43)) - raft.server.rpc.sleep.time = 25ms (default)
2019-09-19 14:04:59,293 [dcc77c7b-1d37-448d-8d57-43d254561693:group-3CB5F09D983C:LeaderElection592] INFO  server.RaftServerConfigKeys (ConfUtils.java:logGet(43)) - raft.server.watch.timeout.denomination = 1s (default)
2019-09-19 14:04:59,985 [dcc77c7b-1d37-448d-8d57-43d254561693:group-3CB5F09D983C:LeaderElection592] INFO  server.RaftServerConfigKeys (ConfUtils.java:logGet(43)) - raft.server.watch.element-limit = 65536 (default)
2019-09-19 14:04:59,293 [dcc77c7b-1d37-448d-8d57-43d254561693:group-BCC62B444D9D:LeaderElection583] INFO  server.RaftServerConfigKeys (ConfUtils.java:logGet(43)) - raft.server.write.element-limit = 4096 (default)
2019-09-19 14:04:59,292 [dcc77c7b-1d37-448d-8d57-43d254561693:group-355ED91025D3:LeaderElection577] INFO  server.RaftServerConfigKeys (ConfUtils.java:logGet(43)) - raft.server.write.element-limit = 4096 (default)
2019-09-19 14:04:59,985 [dcc77c7b-1d37-448d-8d57-43d254561693:group-355ED91025D3:LeaderElection577] INFO  server.RaftServerConfigKeys (ConfUtils.java:logGet(43)) - raft.server.watch.timeout = 10s (default)
2019-09-19 14:04:59,292 [dcc77c7b-1d37-448d-8d57-43d254561693:group-D04ACBF66747:LeaderElection576] INFO  server.RaftServerConfigKeys (ConfUtils.java:logGet(43)) - raft.server.rpc.sleep.time = 25ms (default)
2019-09-19 14:04:59,292 [dcc77c7b-1d37-448d-8d57-43d254561693:group-973F91C20342:LeaderElection600] INFO  server.RaftServerConfigKeys (ConfUtils.java:logGet(43)) - raft.server.watch.timeout = 10s (default)
2019-09-19 14:04:59,986 [dcc77c7b-1d37-448d-8d57-43d254561693:group-973F91C20342:LeaderElection600] INFO  server.RaftServerConfigKeys (ConfUtils.java:logGet(43)) - raft.server.watch.timeout.denomination = 1s (default)
2019-09-19 14:04:59,292 [dcc77c7b-1d37-448d-8d57-43d254561693:group-EF22F8D31499:LeaderElection582] INFO  server.RaftServerConfigKeys (ConfUtils.java:logGet(43)) - raft.server.write.element-limit = 4096 (default)
2019-09-19 14:04:59,986 [dcc77c7b-1d37-448d-8d57-43d254561693:group-EF22F8D31499:LeaderElection582] INFO  server.RaftServerConfigKeys (ConfUtils.java:logGet(43)) - raft.server.watch.timeout = 10s (default)
2019-09-19 14:04:59,292 [dcc77c7b-1d37-448d-8d57-43d254561693:group-8F62CC6B93F9:LeaderElection594] INFO  server.RaftServerConfigKeys (ConfUtils.java:logGet(43)) - raft.server.rpc.sleep.time = 25ms (default)
2019-09-19 14:04:59,292 [dcc77c7b-1d37-448d-8d57-43d254561693:group-AEFE1D75DE75:LeaderElection585] INFO  server.RaftServerConfigKeys (ConfUtils.java:logGet(43)) - raft.server.rpc.sleep.time = 25ms (default)
2019-09-19 14:04:59,292 [dcc77c7b-1d37-448d-8d57-43d254561693:group-8DBED52DD969:LeaderElection584] INFO  server.RaftServerConfigKeys (ConfUtils.java:logGet(43)) - raft.server.write.element-limit = 4096 (default)
2019-09-19 14:04:59,292 [dcc77c7b-1d37-448d-8d57-43d254561693:group-DF36A57A9136:LeaderElection573] INFO  server.RaftServerConfigKeys (ConfUtils.java:logGet(43)) - raft.server.write.element-limit = 4096 (default)
2019-09-19 14:04:59,291 [dcc77c7b-1d37-448d-8d57-43d254561693:group-F426BA34EE2B:LeaderElection586] INFO  server.RaftServerConfigKeys (ConfUtils.java:logGet(43)) - raft.server.rpc.sleep.time = 25ms (default)
2019-09-19 14:04:59,986 [dcc77c7b-1d37-448d-8d57-43d254561693:group-F426BA34EE2B:LeaderElection586] INFO  server.RaftServerConfigKeys (ConfUtils.java:logGet(43)) - raft.server.write.element-limit = 4096 (default)
2019-09-19 14:04:59,291 [dcc77c7b-1d37-448d-8d57-43d254561693:group-B3B29087AAA0:LeaderElection598] INFO  server.RaftServerConfigKeys (ConfUtils.java:logGet(43)) - raft.server.watch.timeout.denomination = 1s (default)
2019-09-19 14:04:59,291 [dcc77c7b-1d37-448d-8d57-43d254561693:group-6EDC13E5AA9D:LeaderElection609] INFO  server.RaftServerConfigKeys (ConfUtils.java:logGet(43)) - raft.server.staging.catchup.gap = 1000 (default)
2019-09-19 14:04:59,987 [dcc77c7b-1d37-448d-8d57-43d254561693:group-6EDC13E5AA9D:LeaderElection609] INFO  server.RaftServerConfigKeys (ConfUtils.java:logGet(43)) - raft.server.rpc.sleep.time = 25ms (default)
2019-09-19 14:04:59,291 [dcc77c7b-1d37-448d-8d57-43d254561693:group-1CA508E03965:LeaderElection622] INFO  server.RaftServerConfigKeys (ConfUtils.java:logGet(43)) - raft.server.rpc.sleep.time = 25ms (default)
2019-09-19 14:04:59,291 [dcc77c7b-1d37-448d-8d57-43d254561693:group-BB4E63A8ADCE:LeaderElection623] INFO  server.RaftServerConfigKeys (ConfUtils.java:logGet(43)) - raft.server.watch.timeout = 10s (default)
2019-09-19 14:04:59,290 [dcc77c7b-1d37-448d-8d57-43d254561693:group-C61393B9958E:LeaderElection610] INFO  server.RaftServerConfigKeys (ConfUtils.java:logGet(43)) - raft.server.watch.timeout = 10s (default)
2019-09-19 14:04:59,290 [dcc77c7b-1d37-448d-8d57-43d254561693:group-9054243D6A0E:LeaderElection599] INFO  server.RaftServerConfigKeys (ConfUtils.java:logGet(43)) - raft.server.rpc.sleep.time = 25ms (default)
2019-09-19 14:04:59,290 [dcc77c7b-1d37-448d-8d57-43d254561693:group-D8C1D5FCCD5D:LeaderElection611] INFO  server.RaftServerConfigKeys (ConfUtils.java:logGet(43)) - raft.server.staging.catchup.gap = 1000 (default)
2019-09-19 14:04:59,290 [dcc77c7b-1d37-448d-8d57-43d254561693-SegmentedRaftLogWorker:Storage Directory /workdir/hadoop-ozone/integration-test/target/test-dir/MiniOzoneClusterImpl-3b2755de-4cfe-4b43-9e0d-73dd8eda8f75/datanode-0/data/ratis/abcc18f0-c26d-4d41-9759-11869be1a9f1] INFO  segmented.SegmentedRaftLogWorker (SegmentedRaftLogWorker.java:close(228)) - dcc77c7b-1d37-448d-8d57-43d254561693-SegmentedRaftLogWorker:Storage Directory /workdir/hadoop-ozone/integration-test/target/test-dir/MiniOzoneClusterImpl-3b2755de-4cfe-4b43-9e0d-73dd8eda8f75/datanode-0/data/ratis/abcc18f0-c26d-4d41-9759-11869be1a9f1 close()
2019-09-19 14:04:59,290 [dcc77c7b-1d37-448d-8d57-43d254561693-SegmentedRaftLogWorker:Storage Directory /workdir/hadoop-ozone/integration-test/target/test-dir/MiniOzoneClusterImpl-3b2755de-4cfe-4b43-9e0d-73dd8eda8f75/datanode-0/data/ratis/1dc62731-1564-44e9-a656-5fe8443c3ff9] INFO  segmented.SegmentedRaftLogWorker (SegmentedRaftLogWorker.java:close(228)) - dcc77c7b-1d37-448d-8d57-43d254561693-SegmentedRaftLogWorker:Storage Directory /workdir/hadoop-ozone/integration-test/target/test-dir/MiniOzoneClusterImpl-3b2755de-4cfe-4b43-9e0d-73dd8eda8f75/datanode-0/data/ratis/1dc62731-1564-44e9-a656-5fe8443c3ff9 close()
2019-09-19 14:04:59,290 [dcc77c7b-1d37-448d-8d57-43d254561693:group-CDD98A98F0BC:LeaderElection633] INFO  impl.RoleInfo (RoleInfo.java:shutdownLeaderElection(134)) - dcc77c7b-1d37-448d-8d57-43d254561693: shutdown LeaderElection
2019-09-19 14:04:59,289 [dcc77c7b-1d37-448d-8d57-43d254561693:group-A786CE105C3D:LeaderElection631] INFO  impl.RoleInfo (RoleInfo.java:shutdownLeaderElection(134)) - dcc77c7b-1d37-448d-8d57-43d254561693: shutdown LeaderElection
2019-09-19 14:04:59,289 [dcc77c7b-1d37-448d-8d57-43d254561693:group-9646DAB2F47F:LeaderElection571] INFO  server.RaftServerConfigKeys (ConfUtils.java:logGet(43)) - raft.server.watch.element-limit = 65536 (default)
2019-09-19 14:04:59,289 [Thread-4483] INFO  impl.RoleInfo (RoleInfo.java:shutdownFollowerState(121)) - dcc77c7b-1d37-448d-8d57-43d254561693: shutdown FollowerState
2019-09-19 14:04:59,988 [Thread-4483] INFO  impl.RaftServerImpl (RaftServerImpl.java:setRole(171)) - dcc77c7b-1d37-448d-8d57-43d254561693:group-B809E960E354 changes role from FOLLOWER to CANDIDATE at term 0 for changeToCandidate
2019-09-19 14:04:59,289 [dcc77c7b-1d37-448d-8d57-43d254561693:group-8D9545D9289E:LeaderElection632] INFO  impl.LeaderElection (LeaderElection.java:askForVotes(181)) - dcc77c7b-1d37-448d-8d57-43d254561693:group-8D9545D9289E:LeaderElection632: begin an election at term 1 for -1: [dcc77c7b-1d37-448d-8d57-43d254561693:192.168.157.226:34527], old=null
2019-09-19 14:04:59,289 [dcc77c7b-1d37-448d-8d57-43d254561693:group-A31FF801AF6F:LeaderElection634] INFO  impl.LeaderElection (LeaderElection.java:askForVotes(181)) - dcc77c7b-1d37-448d-8d57-43d254561693:group-A31FF801AF6F:LeaderElection634: begin an election at term 1 for -1: [dcc77c7b-1d37-448d-8d57-43d254561693:192.168.157.226:34527], old=null
2019-09-19 14:04:59,988 [dcc77c7b-1d37-448d-8d57-43d254561693:group-A31FF801AF6F:LeaderElection634] INFO  impl.RoleInfo (RoleInfo.java:shutdownLeaderElection(134)) - dcc77c7b-1d37-448d-8d57-43d254561693: shutdown LeaderElection
2019-09-19 14:04:59,989 [dcc77c7b-1d37-448d-8d57-43d254561693:group-A31FF801AF6F:LeaderElection634] INFO  impl.RaftServerImpl (RaftServerImpl.java:setRole(171)) - dcc77c7b-1d37-448d-8d57-43d254561693:group-A31FF801AF6F changes role from CANDIDATE to LEADER at term 1 for changeToLeader
2019-09-19 14:04:59,989 [dcc77c7b-1d37-448d-8d57-43d254561693:group-A31FF801AF6F:LeaderElection634] INFO  impl.RaftServerImpl (ServerState.java:setLeader(263)) - dcc77c7b-1d37-448d-8d57-43d254561693:group-A31FF801AF6F change Leader from null to dcc77c7b-1d37-448d-8d57-43d254561693 at term 1 for becomeLeader, leader elected after 6629ms
2019-09-19 14:04:59,289 [Thread-4486] INFO  impl.FollowerState (FollowerState.java:run(106)) - dcc77c7b-1d37-448d-8d57-43d254561693:group-38CC3D23514A changes to CANDIDATE, lastRpcTime:5423, electionTimeout:5172ms
2019-09-19 14:04:59,989 [Thread-4486] INFO  impl.RoleInfo (RoleInfo.java:shutdownFollowerState(121)) - dcc77c7b-1d37-448d-8d57-43d254561693: shutdown FollowerState
2019-09-19 14:04:59,285 [Thread-4515] INFO  impl.FollowerState (FollowerState.java:run(106)) - dcc77c7b-1d37-448d-8d57-43d254561693:group-9D703827DFCE changes to CANDIDATE, lastRpcTime:5214, electionTimeout:5010ms
2019-09-19 14:04:59,285 [Thread-4495] INFO  impl.FollowerState (FollowerState.java:run(106)) - dcc77c7b-1d37-448d-8d57-43d254561693:group-3C856EABEE0A changes to CANDIDATE, lastRpcTime:5382, electionTimeout:5179ms
2019-09-19 14:04:59,989 [Thread-4495] INFO  impl.RoleInfo (RoleInfo.java:shutdownFollowerState(121)) - dcc77c7b-1d37-448d-8d57-43d254561693: shutdown FollowerState
2019-09-19 14:04:59,284 [Thread-4512] INFO  impl.FollowerState (FollowerState.java:run(106)) - dcc77c7b-1d37-448d-8d57-43d254561693:group-7687262C50C0 changes to CANDIDATE, lastRpcTime:5256, electionTimeout:5092ms
2019-09-19 14:04:59,989 [Thread-4512] INFO  impl.RoleInfo (RoleInfo.java:shutdownFollowerState(121)) - dcc77c7b-1d37-448d-8d57-43d254561693: shutdown FollowerState
2019-09-19 14:04:59,284 [Thread-4518] INFO  impl.FollowerState (FollowerState.java:run(106)) - dcc77c7b-1d37-448d-8d57-43d254561693:group-9200CAEB600D changes to CANDIDATE, lastRpcTime:5179, electionTimeout:5038ms
2019-09-19 14:04:59,990 [Thread-4518] INFO  impl.RoleInfo (RoleInfo.java:shutdownFollowerState(121)) - dcc77c7b-1d37-448d-8d57-43d254561693: shutdown FollowerState
2019-09-19 14:04:59,284 [Thread-4508] INFO  impl.FollowerState (FollowerState.java:run(106)) - dcc77c7b-1d37-448d-8d57-43d254561693:group-B5CC723FD166 changes to CANDIDATE, lastRpcTime:5295, electionTimeout:5156ms
2019-09-19 14:04:59,990 [Thread-4508] INFO  impl.RoleInfo (RoleInfo.java:shutdownFollowerState(121)) - dcc77c7b-1d37-448d-8d57-43d254561693: shutdown FollowerState
2019-09-19 14:04:59,284 [Thread-4521] INFO  impl.FollowerState (FollowerState.java:run(106)) - dcc77c7b-1d37-448d-8d57-43d254561693:group-B95710768541 changes to CANDIDATE, lastRpcTime:5145, electionTimeout:5023ms
2019-09-19 14:04:59,990 [Thread-4521] INFO  impl.RoleInfo (RoleInfo.java:shutdownFollowerState(121)) - dcc77c7b-1d37-448d-8d57-43d254561693: shutdown FollowerState
2019-09-19 14:04:59,281 [dcc77c7b-1d37-448d-8d57-43d254561693-SegmentedRaftLogWorker:Storage Directory /workdir/hadoop-ozone/integration-test/target/test-dir/MiniOzoneClusterImpl-3b2755de-4cfe-4b43-9e0d-73dd8eda8f75/datanode-0/data/ratis/cf6cdb73-37c6-40ba-8817-99912b84409f] ERROR segmented.SegmentedRaftLogWorker (SegmentedRaftLogWorker.java:run(323)) - dcc77c7b-1d37-448d-8d57-43d254561693-SegmentedRaftLogWorker:Storage Directory /workdir/hadoop-ozone/integration-test/target/test-dir/MiniOzoneClusterImpl-3b2755de-4cfe-4b43-9e0d-73dd8eda8f75/datanode-0/data/ratis/cf6cdb73-37c6-40ba-8817-99912b84409f hit exception
java.lang.OutOfMemoryError: Direct buffer memory
	at java.nio.Bits.reserveMemory(Bits.java:666)
	at java.nio.DirectByteBuffer.<init>(DirectByteBuffer.java:123)
	at java.nio.ByteBuffer.allocateDirect(ByteBuffer.java:311)
	at org.apache.ratis.server.raftlog.segmented.BufferedWriteChannel.<init>(BufferedWriteChannel.java:41)
	at org.apache.ratis.server.raftlog.segmented.SegmentedRaftLogOutputStream.<init>(SegmentedRaftLogOutputStream.java:72)
	at org.apache.ratis.server.raftlog.segmented.SegmentedRaftLogWorker$StartLogSegment.execute(SegmentedRaftLogWorker.java:566)
	at org.apache.ratis.server.raftlog.segmented.SegmentedRaftLogWorker.run(SegmentedRaftLogWorker.java:289)
	at java.lang.Thread.run(Thread.java:748)
2019-09-19 14:04:59,990 [dcc77c7b-1d37-448d-8d57-43d254561693-SegmentedRaftLogWorker:Storage Directory /workdir/hadoop-ozone/integration-test/target/test-dir/MiniOzoneClusterImpl-3b2755de-4cfe-4b43-9e0d-73dd8eda8f75/datanode-0/data/ratis/cf6cdb73-37c6-40ba-8817-99912b84409f] INFO  impl.RaftServerImpl (RaftServerImpl.java:lambda$shutdown$3(245)) - dcc77c7b-1d37-448d-8d57-43d254561693: shutdown group-99912B84409F
2019-09-19 14:04:59,281 [Thread-4525] INFO  impl.FollowerState (FollowerState.java:run(106)) - dcc77c7b-1d37-448d-8d57-43d254561693:group-98785DA6C0F7 changes to CANDIDATE, lastRpcTime:5107, electionTimeout:5059ms
2019-09-19 14:04:59,990 [Thread-4525] INFO  impl.RoleInfo (RoleInfo.java:shutdownFollowerState(121)) - dcc77c7b-1d37-448d-8d57-43d254561693: shutdown FollowerState
2019-09-19 14:04:59,281 [Thread-4538] INFO  impl.FollowerState (FollowerState.java:run(106)) - dcc77c7b-1d37-448d-8d57-43d254561693:group-1AB3A26E676C changes to CANDIDATE, lastRpcTime:5009, electionTimeout:5008ms
2019-09-19 14:04:59,991 [Thread-4538] INFO  impl.RoleInfo (RoleInfo.java:shutdownFollowerState(121)) - dcc77c7b-1d37-448d-8d57-43d254561693: shutdown FollowerState
2019-09-19 14:04:58,998 [dcc77c7b-1d37-448d-8d57-43d254561693:group-A8E7F9479FC5:LeaderElection597] INFO  server.RaftServerConfigKeys (ConfUtils.java:logGet(43)) - raft.server.watch.timeout = 10s (default)
2019-09-19 14:04:59,991 [dcc77c7b-1d37-448d-8d57-43d254561693:group-A8E7F9479FC5:LeaderElection597] INFO  server.RaftServerConfigKeys (ConfUtils.java:logGet(43)) - raft.server.watch.timeout.denomination = 1s (default)
2019-09-19 14:04:58,998 [dcc77c7b-1d37-448d-8d57-43d254561693:group-A456A21CC0DF:LeaderElection578] INFO  server.RaftServerConfigKeys (ConfUtils.java:logGet(43)) - raft.server.watch.element-limit = 65536 (default)
2019-09-19 14:04:58,998 [dcc77c7b-1d37-448d-8d57-43d254561693:group-1C369C9291F7:LeaderElection566] INFO  segmented.SegmentedRaftLogWorker (SegmentedRaftLogWorker.java:startLogSegment(380)) - dcc77c7b-1d37-448d-8d57-43d254561693-SegmentedRaftLogWorker:Storage Directory /workdir/hadoop-ozone/integration-test/target/test-dir/MiniOzoneClusterImpl-3b2755de-4cfe-4b43-9e0d-73dd8eda8f75/datanode-0/data/ratis/9d7df28a-497c-4916-83d4-1c369c9291f7: Starting segment from index:0
2019-09-19 14:04:58,997 [dcc77c7b-1d37-448d-8d57-43d254561693:group-FC8AC56A4CFE:LeaderElection567] INFO  impl.RoleInfo (RoleInfo.java:updateAndGet(143)) - dcc77c7b-1d37-448d-8d57-43d254561693: start LeaderState
2019-09-19 14:04:58,997 [dcc77c7b-1d37-448d-8d57-43d254561693:group-EC9A652F867E:LeaderElection568] INFO  server.RaftServerConfigKeys (ConfUtils.java:logGet(43)) - raft.server.staging.catchup.gap = 1000 (default)
2019-09-19 14:04:59,991 [dcc77c7b-1d37-448d-8d57-43d254561693:group-FC8AC56A4CFE:LeaderElection567] INFO  segmented.SegmentedRaftLogWorker (SegmentedRaftLogWorker.java:startLogSegment(380)) - dcc77c7b-1d37-448d-8d57-43d254561693-SegmentedRaftLogWorker:Storage Directory /workdir/hadoop-ozone/integration-test/target/test-dir/MiniOzoneClusterImpl-3b2755de-4cfe-4b43-9e0d-73dd8eda8f75/datanode-0/data/ratis/577b7aa0-f3a6-4144-bbc3-fc8ac56a4cfe: Starting segment from index:0
2019-09-19 14:04:59,991 [dcc77c7b-1d37-448d-8d57-43d254561693:group-A456A21CC0DF:LeaderElection578] INFO  impl.RoleInfo (RoleInfo.java:updateAndGet(143)) - dcc77c7b-1d37-448d-8d57-43d254561693: start LeaderState
2019-09-19 14:04:59,991 [dcc77c7b-1d37-448d-8d57-43d254561693:group-A8E7F9479FC5:LeaderElection597] INFO  server.RaftServerConfigKeys (ConfUtils.java:logGet(43)) - raft.server.watch.element-limit = 65536 (default)
2019-09-19 14:05:00,240 | INFO  | SCMAudit | user=jenkins1000 | ip=192.168.157.226 | op=SEND_HEARTBEAT {datanodeUUID=dcc77c7b-1d37-448d-8d57-43d254561693, command=[]} | ret=SUCCESS |  
2019-09-19 14:05:00,240 [dcc77c7b-1d37-448d-8d57-43d254561693:group-A456A21CC0DF:LeaderElection578] INFO  segmented.SegmentedRaftLogWorker (SegmentedRaftLogWorker.java:startLogSegment(380)) - dcc77c7b-1d37-448d-8d57-43d254561693-SegmentedRaftLogWorker:Storage Directory /workdir/hadoop-ozone/integration-test/target/test-dir/MiniOzoneClusterImpl-3b2755de-4cfe-4b43-9e0d-73dd8eda8f75/datanode-0/data/ratis/dbf1b950-f008-4424-a7f2-a456a21cc0df: Starting segment from index:0
2019-09-19 14:04:59,991 [Thread-4538] INFO  impl.RaftServerImpl (RaftServerImpl.java:setRole(171)) - dcc77c7b-1d37-448d-8d57-43d254561693:group-1AB3A26E676C changes role from FOLLOWER to CANDIDATE at term 0 for changeToCandidate
2019-09-19 14:04:59,990 [Thread-4525] INFO  impl.RaftServerImpl (RaftServerImpl.java:setRole(171)) - dcc77c7b-1d37-448d-8d57-43d254561693:group-98785DA6C0F7 changes role from FOLLOWER to CANDIDATE at term 0 for changeToCandidate
2019-09-19 14:04:59,990 [dcc77c7b-1d37-448d-8d57-43d254561693-SegmentedRaftLogWorker:Storage Directory /workdir/hadoop-ozone/integration-test/target/test-dir/MiniOzoneClusterImpl-3b2755de-4cfe-4b43-9e0d-73dd8eda8f75/datanode-0/data/ratis/cf6cdb73-37c6-40ba-8817-99912b84409f] INFO  util.JmxRegister (JmxRegister.java:unregister(73)) - Successfully un-registered JMX Bean with object name Ratis:service=RaftServer,group=group-99912B84409F,id=dcc77c7b-1d37-448d-8d57-43d254561693
2019-09-19 14:05:00,809 [dcc77c7b-1d37-448d-8d57-43d254561693-SegmentedRaftLogWorker:Storage Directory /workdir/hadoop-ozone/integration-test/target/test-dir/MiniOzoneClusterImpl-3b2755de-4cfe-4b43-9e0d-73dd8eda8f75/datanode-0/data/ratis/cf6cdb73-37c6-40ba-8817-99912b84409f] INFO  impl.RoleInfo (RoleInfo.java:shutdownLeaderState(104)) - dcc77c7b-1d37-448d-8d57-43d254561693: shutdown LeaderState
2019-09-19 14:04:59,990 [Thread-4521] INFO  impl.RaftServerImpl (RaftServerImpl.java:setRole(171)) - dcc77c7b-1d37-448d-8d57-43d254561693:group-B95710768541 changes role from FOLLOWER to CANDIDATE at term 0 for changeToCandidate
2019-09-19 14:04:59,990 [Thread-4508] INFO  impl.RaftServerImpl (RaftServerImpl.java:setRole(171)) - dcc77c7b-1d37-448d-8d57-43d254561693:group-B5CC723FD166 changes role from FOLLOWER to CANDIDATE at term 0 for changeToCandidate
2019-09-19 14:04:59,990 [Thread-4518] INFO  impl.RaftServerImpl (RaftServerImpl.java:setRole(171)) - dcc77c7b-1d37-448d-8d57-43d254561693:group-9200CAEB600D changes role from FOLLOWER to CANDIDATE at term 0 for changeToCandidate
2019-09-19 14:04:59,989 [Thread-4512] INFO  impl.RaftServerImpl (RaftServerImpl.java:setRole(171)) - dcc77c7b-1d37-448d-8d57-43d254561693:group-7687262C50C0 changes role from FOLLOWER to CANDIDATE at term 0 for changeToCandidate
2019-09-19 14:04:59,989 [Thread-4495] INFO  impl.RaftServerImpl (RaftServerImpl.java:setRole(171)) - dcc77c7b-1d37-448d-8d57-43d254561693:group-3C856EABEE0A changes role from FOLLOWER to CANDIDATE at term 0 for changeToCandidate
2019-09-19 14:04:59,989 [Thread-4515] INFO  impl.RoleInfo (RoleInfo.java:shutdownFollowerState(121)) - dcc77c7b-1d37-448d-8d57-43d254561693: shutdown FollowerState
2019-09-19 14:05:00,810 [Thread-4106] INFO  impl.FollowerState (FollowerState.java:run(106)) - dcc77c7b-1d37-448d-8d57-43d254561693:group-0FBA50506B5E changes to CANDIDATE, lastRpcTime:10879, electionTimeout:5014ms
2019-09-19 14:05:00,811 [Thread-4106] INFO  impl.RoleInfo (RoleInfo.java:shutdownFollowerState(121)) - dcc77c7b-1d37-448d-8d57-43d254561693: shutdown FollowerState
2019-09-19 14:05:00,811 [SCM Heartbeat Processing Thread - 0] ERROR node.NodeStateManager (NodeStateManager.java:checkNodesHealth(635)) - Total time spend processing datanode HB's is greater than configured values for datanode heartbeats. Please adjust the heartbeat configs. Time Spend on HB processing: 0 seconds Datanode heartbeat Interval: 100 seconds.
2019-09-19 14:04:59,989 [Thread-4486] INFO  impl.RaftServerImpl (RaftServerImpl.java:setRole(171)) - dcc77c7b-1d37-448d-8d57-43d254561693:group-38CC3D23514A changes role from FOLLOWER to CANDIDATE at term 0 for changeToCandidate
2019-09-19 14:04:59,989 [dcc77c7b-1d37-448d-8d57-43d254561693:group-A31FF801AF6F:LeaderElection634] INFO  server.RaftServerConfigKeys (ConfUtils.java:logGet(43)) - raft.server.staging.catchup.gap = 1000 (default)
2019-09-19 14:04:59,988 [dcc77c7b-1d37-448d-8d57-43d254561693:group-8D9545D9289E:LeaderElection632] INFO  impl.RoleInfo (RoleInfo.java:shutdownLeaderElection(134)) - dcc77c7b-1d37-448d-8d57-43d254561693: shutdown LeaderElection
2019-09-19 14:04:59,988 [Thread-4483] INFO  impl.RoleInfo (RoleInfo.java:updateAndGet(143)) - dcc77c7b-1d37-448d-8d57-43d254561693: start LeaderElection
2019-09-19 14:05:00,811 | INFO  | SCMAudit | user=jenkins1000 | ip=192.168.157.226 | op=SEND_HEARTBEAT {datanodeUUID=dcc77c7b-1d37-448d-8d57-43d254561693, command=[]} | ret=SUCCESS |  
2019-09-19 14:04:59,988 [dcc77c7b-1d37-448d-8d57-43d254561693:group-9646DAB2F47F:LeaderElection571] INFO  impl.RoleInfo (RoleInfo.java:updateAndGet(143)) - dcc77c7b-1d37-448d-8d57-43d254561693: start LeaderState
2019-09-19 14:04:59,988 [dcc77c7b-1d37-448d-8d57-43d254561693:group-A786CE105C3D:LeaderElection631] INFO  impl.RaftServerImpl (RaftServerImpl.java:setRole(171)) - dcc77c7b-1d37-448d-8d57-43d254561693:group-A786CE105C3D changes role from CANDIDATE to LEADER at term 1 for changeToLeader
2019-09-19 14:04:59,988 [dcc77c7b-1d37-448d-8d57-43d254561693:group-CDD98A98F0BC:LeaderElection633] INFO  impl.RaftServerImpl (RaftServerImpl.java:setRole(171)) - dcc77c7b-1d37-448d-8d57-43d254561693:group-CDD98A98F0BC changes role from CANDIDATE to LEADER at term 1 for changeToLeader
2019-09-19 14:04:59,987 [dcc77c7b-1d37-448d-8d57-43d254561693:group-D8C1D5FCCD5D:LeaderElection611] INFO  server.RaftServerConfigKeys (ConfUtils.java:logGet(43)) - raft.server.rpc.sleep.time = 25ms (default)
2019-09-19 14:04:59,987 [dcc77c7b-1d37-448d-8d57-43d254561693:group-9054243D6A0E:LeaderElection599] INFO  server.RaftServerConfigKeys (ConfUtils.java:logGet(43)) - raft.server.write.element-limit = 4096 (default)
2019-09-19 14:04:59,987 [dcc77c7b-1d37-448d-8d57-43d254561693:group-C61393B9958E:LeaderElection610] INFO  server.RaftServerConfigKeys (ConfUtils.java:logGet(43)) - raft.server.watch.timeout.denomination = 1s (default)
2019-09-19 14:05:00,812 | INFO  | SCMAudit | user=jenkins1000 | ip=192.168.157.226 | op=SEND_HEARTBEAT {datanodeUUID=dcc77c7b-1d37-448d-8d57-43d254561693, command=[]} | ret=SUCCESS |  
2019-09-19 14:04:59,987 [dcc77c7b-1d37-448d-8d57-43d254561693:group-BB4E63A8ADCE:LeaderElection623] INFO  server.RaftServerConfigKeys (ConfUtils.java:logGet(43)) - raft.server.watch.timeout.denomination = 1s (default)
2019-09-19 14:05:00,812 [dcc77c7b-1d37-448d-8d57-43d254561693:group-BB4E63A8ADCE:LeaderElection623] INFO  server.RaftServerConfigKeys (ConfUtils.java:logGet(43)) - raft.server.watch.element-limit = 65536 (default)
2019-09-19 14:04:59,987 [dcc77c7b-1d37-448d-8d57-43d254561693:group-1CA508E03965:LeaderElection622] INFO  server.RaftServerConfigKeys (ConfUtils.java:logGet(43)) - raft.server.write.element-limit = 4096 (default)
2019-09-19 14:04:59,987 [dcc77c7b-1d37-448d-8d57-43d254561693:group-6EDC13E5AA9D:LeaderElection609] INFO  server.RaftServerConfigKeys (ConfUtils.java:logGet(43)) - raft.server.write.element-limit = 4096 (default)
2019-09-19 14:04:59,987 [dcc77c7b-1d37-448d-8d57-43d254561693:group-B3B29087AAA0:LeaderElection598] INFO  server.RaftServerConfigKeys (ConfUtils.java:logGet(43)) - raft.server.watch.element-limit = 65536 (default)
2019-09-19 14:04:59,987 [dcc77c7b-1d37-448d-8d57-43d254561693:group-F426BA34EE2B:LeaderElection586] INFO  server.RaftServerConfigKeys (ConfUtils.java:logGet(43)) - raft.server.watch.timeout = 10s (default)
2019-09-19 14:04:59,986 [dcc77c7b-1d37-448d-8d57-43d254561693:group-DF36A57A9136:LeaderElection573] INFO  server.RaftServerConfigKeys (ConfUtils.java:logGet(43)) - raft.server.watch.timeout = 10s (default)
2019-09-19 14:05:00,813 [dcc77c7b-1d37-448d-8d57-43d254561693:group-DF36A57A9136:LeaderElection573] INFO  server.RaftServerConfigKeys (ConfUtils.java:logGet(43)) - raft.server.watch.timeout.denomination = 1s (default)
2019-09-19 14:04:59,986 [dcc77c7b-1d37-448d-8d57-43d254561693:group-8DBED52DD969:LeaderElection584] INFO  server.RaftServerConfigKeys (ConfUtils.java:logGet(43)) - raft.server.watch.timeout = 10s (default)
2019-09-19 14:04:59,986 [dcc77c7b-1d37-448d-8d57-43d254561693:group-AEFE1D75DE75:LeaderElection585] INFO  server.RaftServerConfigKeys (ConfUtils.java:logGet(43)) - raft.server.write.element-limit = 4096 (default)
2019-09-19 14:04:59,986 [dcc77c7b-1d37-448d-8d57-43d254561693:group-8F62CC6B93F9:LeaderElection594] INFO  server.RaftServerConfigKeys (ConfUtils.java:logGet(43)) - raft.server.write.element-limit = 4096 (default)
2019-09-19 14:05:00,814 [dcc77c7b-1d37-448d-8d57-43d254561693:group-8F62CC6B93F9:LeaderElection594] INFO  server.RaftServerConfigKeys (ConfUtils.java:logGet(43)) - raft.server.watch.timeout = 10s (default)
2019-09-19 14:04:59,986 [dcc77c7b-1d37-448d-8d57-43d254561693:group-EF22F8D31499:LeaderElection582] INFO  server.RaftServerConfigKeys (ConfUtils.java:logGet(43)) - raft.server.watch.timeout.denomination = 1s (default)
2019-09-19 14:04:59,986 [dcc77c7b-1d37-448d-8d57-43d254561693:group-973F91C20342:LeaderElection600] INFO  server.RaftServerConfigKeys (ConfUtils.java:logGet(43)) - raft.server.watch.element-limit = 65536 (default)
2019-09-19 14:04:59,986 [dcc77c7b-1d37-448d-8d57-43d254561693:group-D04ACBF66747:LeaderElection576] INFO  server.RaftServerConfigKeys (ConfUtils.java:logGet(43)) - raft.server.write.element-limit = 4096 (default)
2019-09-19 14:04:59,985 [dcc77c7b-1d37-448d-8d57-43d254561693:group-355ED91025D3:LeaderElection577] INFO  server.RaftServerConfigKeys (ConfUtils.java:logGet(43)) - raft.server.watch.timeout.denomination = 1s (default)
2019-09-19 14:05:00,815 [dcc77c7b-1d37-448d-8d57-43d254561693:group-355ED91025D3:LeaderElection577] INFO  server.RaftServerConfigKeys (ConfUtils.java:logGet(43)) - raft.server.watch.element-limit = 65536 (default)
2019-09-19 14:04:59,985 [dcc77c7b-1d37-448d-8d57-43d254561693:group-BCC62B444D9D:LeaderElection583] INFO  server.RaftServerConfigKeys (ConfUtils.java:logGet(43)) - raft.server.watch.timeout = 10s (default)
2019-09-19 14:04:59,985 [dcc77c7b-1d37-448d-8d57-43d254561693:group-3CB5F09D983C:LeaderElection592] INFO  impl.RoleInfo (RoleInfo.java:updateAndGet(143)) - dcc77c7b-1d37-448d-8d57-43d254561693: start LeaderState
2019-09-19 14:04:59,985 [dcc77c7b-1d37-448d-8d57-43d254561693:group-8705EAB60863:LeaderElection602] INFO  server.RaftServerConfigKeys (ConfUtils.java:logGet(43)) - raft.server.write.element-limit = 4096 (default)
2019-09-19 14:04:59,985 [dcc77c7b-1d37-448d-8d57-43d254561693:group-761DA49682B2:LeaderElection590] INFO  server.RaftServerConfigKeys (ConfUtils.java:logGet(43)) - raft.server.watch.timeout = 10s (default)
2019-09-19 14:04:59,985 [dcc77c7b-1d37-448d-8d57-43d254561693:group-6097693610F3:LeaderElection626] INFO  server.RaftServerConfigKeys (ConfUtils.java:logGet(43)) - raft.server.write.element-limit = 4096 (default)
2019-09-19 14:04:59,985 [dcc77c7b-1d37-448d-8d57-43d254561693:group-3D808B4B51C3:LeaderElection593] INFO  server.RaftServerConfigKeys (ConfUtils.java:logGet(43)) - raft.server.watch.timeout = 10s (default)
2019-09-19 14:04:59,985 [dcc77c7b-1d37-448d-8d57-43d254561693:group-869D2374C5B7:LeaderElection613] INFO  server.RaftServerConfigKeys (ConfUtils.java:logGet(43)) - raft.server.watch.element-limit = 65536 (default)
2019-09-19 14:04:59,985 [dcc77c7b-1d37-448d-8d57-43d254561693:group-1639C94C8647:LeaderElection617] INFO  segmented.SegmentedRaftLogWorker (SegmentedRaftLogWorker.java:startLogSegment(380)) - dcc77c7b-1d37-448d-8d57-43d254561693-SegmentedRaftLogWorker:Storage Directory /workdir/hadoop-ozone/integration-test/target/test-dir/MiniOzoneClusterImpl-3b2755de-4cfe-4b43-9e0d-73dd8eda8f75/datanode-0/data/ratis/1c9ba3da-70bd-414b-8c0b-1639c94c8647: Starting segment from index:0
2019-09-19 14:04:59,984 [dcc77c7b-1d37-448d-8d57-43d254561693:group-2522B1FB8D22:LeaderElection579] INFO  server.RaftServerConfigKeys (ConfUtils.java:logGet(43)) - raft.server.write.element-limit = 4096 (default)
2019-09-19 14:04:59,984 [dcc77c7b-1d37-448d-8d57-43d254561693:group-E53CD96B3E19:LeaderElection615] INFO  segmented.SegmentedRaftLogWorker (SegmentedRaftLogWorker.java:startLogSegment(380)) - dcc77c7b-1d37-448d-8d57-43d254561693-SegmentedRaftLogWorker:Storage Directory /workdir/hadoop-ozone/integration-test/target/test-dir/MiniOzoneClusterImpl-3b2755de-4cfe-4b43-9e0d-73dd8eda8f75/datanode-0/data/ratis/cf1a1524-ab21-4332-a4e8-e53cd96b3e19: Starting segment from index:0
2019-09-19 14:05:01,092 [dcc77c7b-1d37-448d-8d57-43d254561693:group-B809E960E354:LeaderElection644] INFO  impl.LeaderElection (LeaderElection.java:askForVotes(181)) - dcc77c7b-1d37-448d-8d57-43d254561693:group-B809E960E354:LeaderElection644: begin an election at term 1 for -1: [dcc77c7b-1d37-448d-8d57-43d254561693:192.168.157.226:34527], old=null
2019-09-19 14:05:01,376 | INFO  | SCMAudit | user=jenkins1000 | ip=192.168.157.226 | op=SEND_HEARTBEAT {datanodeUUID=dcc77c7b-1d37-448d-8d57-43d254561693, command=[]} | ret=SUCCESS |  
2019-09-19 14:04:59,984 [dcc77c7b-1d37-448d-8d57-43d254561693:group-C0BCADC5D7D8:LeaderElection591] INFO  server.RaftServerConfigKeys (ConfUtils.java:logGet(43)) - raft.server.watch.timeout = 10s (default)
2019-09-19 14:05:01,379 | INFO  | DNAudit | user=null | ip=null | op=WRITE_CHUNK {blockData=conID: 8 locID: 102819554872000522 bcsId: 0} | ret=SUCCESS |  
2019-09-19 14:04:59,984 [dcc77c7b-1d37-448d-8d57-43d254561693:group-C6C4A2B7D1DA:LeaderElection596] INFO  server.RaftServerConfigKeys (ConfUtils.java:logGet(43)) - raft.server.watch.timeout = 10s (default)
2019-09-19 14:04:59,984 [dcc77c7b-1d37-448d-8d57-43d254561693:group-C427DF1D703E:LeaderElection587] INFO  server.RaftServerConfigKeys (ConfUtils.java:logGet(43)) - raft.server.watch.timeout.denomination = 1s (default)
2019-09-19 14:04:59,984 [dcc77c7b-1d37-448d-8d57-43d254561693:group-DF274F267A33:LeaderElection614] INFO  server.RaftServerConfigKeys (ConfUtils.java:logGet(43)) - raft.server.watch.element-limit = 65536 (default)
2019-09-19 14:04:59,983 [dcc77c7b-1d37-448d-8d57-43d254561693:group-E501E5C2F87A:LeaderElection612] INFO  server.RaftServerConfigKeys (ConfUtils.java:logGet(43)) - raft.server.watch.timeout = 10s (default)
2019-09-19 14:05:01,380 [dcc77c7b-1d37-448d-8d57-43d254561693:group-E501E5C2F87A:LeaderElection612] INFO  server.RaftServerConfigKeys (ConfUtils.java:logGet(43)) - raft.server.watch.timeout.denomination = 1s (default)
2019-09-19 14:04:59,983 [dcc77c7b-1d37-448d-8d57-43d254561693:group-F1AB8729C726:LeaderElection619] INFO  server.RaftServerConfigKeys (ConfUtils.java:logGet(43)) - raft.server.write.element-limit = 4096 (default)
2019-09-19 14:05:01,380 [dcc77c7b-1d37-448d-8d57-43d254561693:group-F1AB8729C726:LeaderElection619] INFO  server.RaftServerConfigKeys (ConfUtils.java:logGet(43)) - raft.server.watch.timeout = 10s (default)
2019-09-19 14:04:59,983 [dcc77c7b-1d37-448d-8d57-43d254561693:group-450D00ABA19B:LeaderElection621] INFO  server.RaftServerConfigKeys (ConfUtils.java:logGet(43)) - raft.server.write.element-limit = 4096 (default)
2019-09-19 14:04:59,983 [dcc77c7b-1d37-448d-8d57-43d254561693:group-827C827A8DAD:LeaderElection589] INFO  server.RaftServerConfigKeys (ConfUtils.java:logGet(43)) - raft.server.watch.timeout.denomination = 1s (default)
2019-09-19 14:05:01,380 [dcc77c7b-1d37-448d-8d57-43d254561693:group-827C827A8DAD:LeaderElection589] INFO  server.RaftServerConfigKeys (ConfUtils.java:logGet(43)) - raft.server.watch.element-limit = 65536 (default)
2019-09-19 14:04:59,983 [dcc77c7b-1d37-448d-8d57-43d254561693:group-AF209FE8FECB:LeaderElection581] INFO  server.RaftServerConfigKeys (ConfUtils.java:logGet(43)) - raft.server.watch.timeout.denomination = 1s (default)
2019-09-19 14:05:01,381 | INFO  | SCMAudit | user=jenkins1000 | ip=192.168.157.226 | op=SEND_HEARTBEAT {datanodeUUID=dcc77c7b-1d37-448d-8d57-43d254561693, command=[]} | ret=SUCCESS |  
2019-09-19 14:04:59,983 [dcc77c7b-1d37-448d-8d57-43d254561693:group-B0D529AC88AD:LeaderElection580] INFO  server.RaftServerConfigKeys (ConfUtils.java:logGet(43)) - raft.server.write.element-limit = 4096 (default)
2019-09-19 14:04:59,982 [dcc77c7b-1d37-448d-8d57-43d254561693:group-56D873A3B067:LeaderElection575] INFO  server.RaftServerConfigKeys (ConfUtils.java:logGet(43)) - raft.server.watch.timeout = 10s (default)
2019-09-19 14:04:59,982 [dcc77c7b-1d37-448d-8d57-43d254561693:group-46D08AB6022E:LeaderElection572] INFO  server.RaftServerConfigKeys (ConfUtils.java:logGet(43)) - raft.server.write.element-limit = 4096 (default)
2019-09-19 14:04:59,982 [dcc77c7b-1d37-448d-8d57-43d254561693:group-C7074BE8E490:LeaderElection595] INFO  server.RaftServerConfigKeys (ConfUtils.java:logGet(43)) - raft.server.watch.timeout = 10s (default)
2019-09-19 14:04:59,982 [dcc77c7b-1d37-448d-8d57-43d254561693:group-E31AF374E74C:LeaderElection620] INFO  server.RaftServerConfigKeys (ConfUtils.java:logGet(43)) - raft.server.watch.timeout = 10s (default)
2019-09-19 14:04:59,982 [dcc77c7b-1d37-448d-8d57-43d254561693:group-00ABCB16AA03:LeaderElection574] INFO  server.RaftServerConfigKeys (ConfUtils.java:logGet(43)) - raft.server.write.element-limit = 4096 (default)
2019-09-19 14:05:01,384 | INFO  | SCMAudit | user=jenkins1000 | ip=192.168.157.226 | op=SEND_HEARTBEAT {datanodeUUID=dcc77c7b-1d37-448d-8d57-43d254561693, command=[]} | ret=SUCCESS |  
2019-09-19 14:04:59,982 [dcc77c7b-1d37-448d-8d57-43d254561693:group-CC8CAE5134C7:LeaderElection618] INFO  segmented.SegmentedRaftLogWorker (SegmentedRaftLogWorker.java:startLogSegment(380)) - dcc77c7b-1d37-448d-8d57-43d254561693-SegmentedRaftLogWorker:Storage Directory /workdir/hadoop-ozone/integration-test/target/test-dir/MiniOzoneClusterImpl-3b2755de-4cfe-4b43-9e0d-73dd8eda8f75/datanode-0/data/ratis/d940fc8f-6058-456e-94c6-cc8cae5134c7: Starting segment from index:0
2019-09-19 14:04:59,982 [dcc77c7b-1d37-448d-8d57-43d254561693:group-89849F9FD3BA:LeaderElection616] INFO  server.RaftServerConfigKeys (ConfUtils.java:logGet(43)) - raft.server.watch.timeout = 10s (default)
2019-09-19 14:04:59,981 [pool-58-thread-1] INFO  server.RaftServerConfigKeys (ConfUtils.java:logGet(43)) - raft.server.log.force.sync.num = 128 (default)
2019-09-19 14:04:59,981 [Thread-4603] INFO  impl.FollowerState (FollowerState.java:run(106)) - dcc77c7b-1d37-448d-8d57-43d254561693:group-F883EB7B65C2 changes to CANDIDATE, lastRpcTime:5245, electionTimeout:5008ms
2019-09-19 14:05:01,662 [Thread-4603] INFO  impl.RoleInfo (RoleInfo.java:shutdownFollowerState(121)) - dcc77c7b-1d37-448d-8d57-43d254561693: shutdown FollowerState
2019-09-19 14:05:01,662 | INFO  | SCMAudit | user=jenkins1000 | ip=192.168.157.226 | op=SEND_HEARTBEAT {datanodeUUID=dcc77c7b-1d37-448d-8d57-43d254561693, command=[]} | ret=SUCCESS |  
2019-09-19 14:04:59,981 [Thread-4584] INFO  impl.FollowerState (FollowerState.java:run(106)) - dcc77c7b-1d37-448d-8d57-43d254561693:group-FB8A0F6129D1 changes to CANDIDATE, lastRpcTime:5366, electionTimeout:5181ms
2019-09-19 14:05:01,662 [Thread-4584] INFO  impl.RoleInfo (RoleInfo.java:shutdownFollowerState(121)) - dcc77c7b-1d37-448d-8d57-43d254561693: shutdown FollowerState
2019-09-19 14:04:59,981 [Thread-4591] INFO  impl.FollowerState (FollowerState.java:run(106)) - dcc77c7b-1d37-448d-8d57-43d254561693:group-CAD015ACF5B5 changes to CANDIDATE, lastRpcTime:5314, electionTimeout:5134ms
2019-09-19 14:05:01,662 [Thread-4591] INFO  impl.RoleInfo (RoleInfo.java:shutdownFollowerState(121)) - dcc77c7b-1d37-448d-8d57-43d254561693: shutdown FollowerState
2019-09-19 14:05:01,663 [Thread-4591] INFO  impl.RaftServerImpl (RaftServerImpl.java:setRole(171)) - dcc77c7b-1d37-448d-8d57-43d254561693:group-CAD015ACF5B5 changes role from FOLLOWER to CANDIDATE at term 0 for changeToCandidate
2019-09-19 14:04:59,981 [Thread-4596] INFO  impl.FollowerState (FollowerState.java:run(106)) - dcc77c7b-1d37-448d-8d57-43d254561693:group-47C7557B9325 changes to CANDIDATE, lastRpcTime:5276, electionTimeout:5194ms
2019-09-19 14:04:59,981 [Thread-4619] INFO  impl.FollowerState (FollowerState.java:run(106)) - dcc77c7b-1d37-448d-8d57-43d254561693:group-64275F144400 changes to CANDIDATE, lastRpcTime:5093, electionTimeout:5013ms
2019-09-19 14:05:01,663 | INFO  | DNAudit | user=null | ip=null | op=WRITE_CHUNK {blockData=conID: 8 locID: 102819554872000522 bcsId: 0} | ret=SUCCESS |  
2019-09-19 14:05:01,663 [Thread-4619] INFO  impl.RoleInfo (RoleInfo.java:shutdownFollowerState(121)) - dcc77c7b-1d37-448d-8d57-43d254561693: shutdown FollowerState
2019-09-19 14:04:59,981 [Thread-4626] INFO  impl.FollowerState (FollowerState.java:run(106)) - dcc77c7b-1d37-448d-8d57-43d254561693:group-C91F44D9A055 changes to CANDIDATE, lastRpcTime:5045, electionTimeout:5015ms
2019-09-19 14:05:01,667 [Thread-4626] INFO  impl.RoleInfo (RoleInfo.java:shutdownFollowerState(121)) - dcc77c7b-1d37-448d-8d57-43d254561693: shutdown FollowerState
2019-09-19 14:04:59,981 [Thread-4612] INFO  impl.FollowerState (FollowerState.java:run(106)) - dcc77c7b-1d37-448d-8d57-43d254561693:group-21D390036BC2 changes to CANDIDATE, lastRpcTime:5132, electionTimeout:5102ms
2019-09-19 14:04:59,981 [Thread-4608] INFO  impl.FollowerState (FollowerState.java:run(106)) - dcc77c7b-1d37-448d-8d57-43d254561693:group-48A901C7CAAB changes to CANDIDATE, lastRpcTime:5171, electionTimeout:5153ms
2019-09-19 14:05:01,669 [Thread-4608] INFO  impl.RoleInfo (RoleInfo.java:shutdownFollowerState(121)) - dcc77c7b-1d37-448d-8d57-43d254561693: shutdown FollowerState
2019-09-19 14:05:01,669 [Thread-4608] INFO  impl.RaftServerImpl (RaftServerImpl.java:setRole(171)) - dcc77c7b-1d37-448d-8d57-43d254561693:group-48A901C7CAAB changes role from FOLLOWER to CANDIDATE at term 0 for changeToCandidate
2019-09-19 14:04:59,682 [dcc77c7b-1d37-448d-8d57-43d254561693:group-9C89C73BB343:LeaderElection588] INFO  impl.RaftServerImpl (ServerState.java:setRaftConf(361)) - dcc77c7b-1d37-448d-8d57-43d254561693:group-9C89C73BB343 set configuration 0: [dcc77c7b-1d37-448d-8d57-43d254561693:192.168.157.226:34527], old=null at 0
2019-09-19 14:04:59,681 [dcc77c7b-1d37-448d-8d57-43d254561693:group-D788F79D6955:LeaderElection606] INFO  impl.RaftServerImpl (ServerState.java:setLeader(263)) - dcc77c7b-1d37-448d-8d57-43d254561693:group-D788F79D6955 change Leader from null to dcc77c7b-1d37-448d-8d57-43d254561693 at term 1 for becomeLeader, leader elected after 7651ms
2019-09-19 14:05:01,669 [dcc77c7b-1d37-448d-8d57-43d254561693:group-D788F79D6955:LeaderElection606] INFO  server.RaftServerConfigKeys (ConfUtils.java:logGet(43)) - raft.server.staging.catchup.gap = 1000 (default)
2019-09-19 14:04:59,681 [dcc77c7b-1d37-448d-8d57-43d254561693:group-CD7159C89C08:LeaderElection605] INFO  server.RaftServerConfigKeys (ConfUtils.java:logGet(43)) - raft.server.write.element-limit = 4096 (default)
2019-09-19 14:04:59,681 [dcc77c7b-1d37-448d-8d57-43d254561693:group-7D1EFE063BF2:LeaderElection629] INFO  server.RaftServerConfigKeys (ConfUtils.java:logGet(43)) - raft.server.staging.catchup.gap = 1000 (default)
2019-09-19 14:05:01,670 [dcc77c7b-1d37-448d-8d57-43d254561693:group-7D1EFE063BF2:LeaderElection629] INFO  server.RaftServerConfigKeys (ConfUtils.java:logGet(43)) - raft.server.rpc.sleep.time = 25ms (default)
2019-09-19 14:04:59,680 [dcc77c7b-1d37-448d-8d57-43d254561693:group-6BA61B232CB7:LeaderElection628] INFO  server.RaftServerConfigKeys (ConfUtils.java:logGet(43)) - raft.server.rpc.sleep.time = 25ms (default)
2019-09-19 14:05:01,670 [dcc77c7b-1d37-448d-8d57-43d254561693:group-6BA61B232CB7:LeaderElection628] INFO  server.RaftServerConfigKeys (ConfUtils.java:logGet(43)) - raft.server.write.element-limit = 4096 (default)
2019-09-19 14:04:59,680 [dcc77c7b-1d37-448d-8d57-43d254561693:group-801B220FEE86:LeaderElection625] INFO  impl.RaftServerImpl (ServerState.java:setLeader(263)) - dcc77c7b-1d37-448d-8d57-43d254561693:group-801B220FEE86 change Leader from null to dcc77c7b-1d37-448d-8d57-43d254561693 at term 1 for becomeLeader, leader elected after 6666ms
2019-09-19 14:05:01,670 [dcc77c7b-1d37-448d-8d57-43d254561693:group-801B220FEE86:LeaderElection625] INFO  server.RaftServerConfigKeys (ConfUtils.java:logGet(43)) - raft.server.staging.catchup.gap = 1000 (default)
2019-09-19 14:04:59,680 [dcc77c7b-1d37-448d-8d57-43d254561693:group-7B8CEBFF5854:LeaderElection601] INFO  server.RaftServerConfigKeys (ConfUtils.java:logGet(43)) - raft.server.staging.catchup.gap = 1000 (default)
2019-09-19 14:05:01,671 [dcc77c7b-1d37-448d-8d57-43d254561693:group-7B8CEBFF5854:LeaderElection601] INFO  server.RaftServerConfigKeys (ConfUtils.java:logGet(43)) - raft.server.rpc.sleep.time = 25ms (default)
2019-09-19 14:04:59,680 [dcc77c7b-1d37-448d-8d57-43d254561693:group-B8EC2EEEE8D5:LeaderElection604] INFO  server.RaftServerConfigKeys (ConfUtils.java:logGet(43)) - raft.server.rpc.sleep.time = 25ms (default)
2019-09-19 14:05:01,671 [dcc77c7b-1d37-448d-8d57-43d254561693:group-B8EC2EEEE8D5:LeaderElection604] INFO  server.RaftServerConfigKeys (ConfUtils.java:logGet(43)) - raft.server.write.element-limit = 4096 (default)
2019-09-19 14:04:59,680 [dcc77c7b-1d37-448d-8d57-43d254561693:group-FBD0D09AD849:LeaderElection607] INFO  server.RaftServerConfigKeys (ConfUtils.java:logGet(43)) - raft.server.staging.catchup.gap = 1000 (default)
2019-09-19 14:05:01,671 [dcc77c7b-1d37-448d-8d57-43d254561693:group-FBD0D09AD849:LeaderElection607] INFO  server.RaftServerConfigKeys (ConfUtils.java:logGet(43)) - raft.server.rpc.sleep.time = 25ms (default)
2019-09-19 14:04:59,680 [dcc77c7b-1d37-448d-8d57-43d254561693:group-D44479695D46:LeaderElection608] INFO  server.RaftServerConfigKeys (ConfUtils.java:logGet(43)) - raft.server.rpc.sleep.time = 25ms (default)
2019-09-19 14:04:59,680 [dcc77c7b-1d37-448d-8d57-43d254561693:group-FEB63AD957C4:LeaderElection603] INFO  server.RaftServerConfigKeys (ConfUtils.java:logGet(43)) - raft.server.staging.catchup.gap = 1000 (default)
2019-09-19 14:04:59,679 [dcc77c7b-1d37-448d-8d57-43d254561693:group-C22B218FA0A6:LeaderElection630] INFO  server.RaftServerConfigKeys (ConfUtils.java:logGet(43)) - raft.server.staging.catchup.gap = 1000 (default)
2019-09-19 14:04:59,679 [Thread-4570] INFO  impl.FollowerState (FollowerState.java:run(106)) - dcc77c7b-1d37-448d-8d57-43d254561693:group-78B7DFC7FE28 changes to CANDIDATE, lastRpcTime:5178, electionTimeout:5178ms
2019-09-19 14:05:01,672 [Thread-4570] INFO  impl.RoleInfo (RoleInfo.java:shutdownFollowerState(121)) - dcc77c7b-1d37-448d-8d57-43d254561693: shutdown FollowerState
2019-09-19 14:04:59,679 [dcc77c7b-1d37-448d-8d57-43d254561693:group-0DAF98B9911C:LeaderElection635] INFO  impl.LeaderElection (LeaderElection.java:askForVotes(181)) - dcc77c7b-1d37-448d-8d57-43d254561693:group-0DAF98B9911C:LeaderElection635: begin an election at term 1 for -1: [dcc77c7b-1d37-448d-8d57-43d254561693:192.168.157.226:34527], old=null
2019-09-19 14:05:01,672 [dcc77c7b-1d37-448d-8d57-43d254561693:group-0DAF98B9911C:LeaderElection635] INFO  impl.RoleInfo (RoleInfo.java:shutdownLeaderElection(134)) - dcc77c7b-1d37-448d-8d57-43d254561693: shutdown LeaderElection
2019-09-19 14:04:59,679 [dcc77c7b-1d37-448d-8d57-43d254561693:group-8B49C088430A:LeaderElection637] INFO  impl.LeaderElection (LeaderElection.java:askForVotes(181)) - dcc77c7b-1d37-448d-8d57-43d254561693:group-8B49C088430A:LeaderElection637: begin an election at term 1 for -1: [dcc77c7b-1d37-448d-8d57-43d254561693:192.168.157.226:34527], old=null
2019-09-19 14:05:01,672 [dcc77c7b-1d37-448d-8d57-43d254561693:group-8B49C088430A:LeaderElection637] INFO  impl.RoleInfo (RoleInfo.java:shutdownLeaderElection(134)) - dcc77c7b-1d37-448d-8d57-43d254561693: shutdown LeaderElection
2019-09-19 14:04:59,679 [dcc77c7b-1d37-448d-8d57-43d254561693:group-007612E7CB3B:LeaderElection636] INFO  impl.LeaderElection (LeaderElection.java:askForVotes(181)) - dcc77c7b-1d37-448d-8d57-43d254561693:group-007612E7CB3B:LeaderElection636: begin an election at term 1 for -1: [dcc77c7b-1d37-448d-8d57-43d254561693:192.168.157.226:34527], old=null
2019-09-19 14:05:01,673 [dcc77c7b-1d37-448d-8d57-43d254561693:group-007612E7CB3B:LeaderElection636] INFO  impl.RoleInfo (RoleInfo.java:shutdownLeaderElection(134)) - dcc77c7b-1d37-448d-8d57-43d254561693: shutdown LeaderElection
2019-09-19 14:04:59,677 [Thread-4543] INFO  impl.FollowerState (FollowerState.java:run(106)) - dcc77c7b-1d37-448d-8d57-43d254561693:group-26A6A6CCFAD8 changes to CANDIDATE, lastRpcTime:5356, electionTimeout:5082ms
2019-09-19 14:05:01,673 [Thread-4543] INFO  impl.RoleInfo (RoleInfo.java:shutdownFollowerState(121)) - dcc77c7b-1d37-448d-8d57-43d254561693: shutdown FollowerState
2019-09-19 14:04:59,677 [Thread-4550] INFO  impl.FollowerState (FollowerState.java:run(106)) - dcc77c7b-1d37-448d-8d57-43d254561693:group-101271AE1179 changes to CANDIDATE, lastRpcTime:5310, electionTimeout:5059ms
2019-09-19 14:05:01,673 [Thread-4550] INFO  impl.RoleInfo (RoleInfo.java:shutdownFollowerState(121)) - dcc77c7b-1d37-448d-8d57-43d254561693: shutdown FollowerState
2019-09-19 14:04:59,677 [dcc77c7b-1d37-448d-8d57-43d254561693-SegmentedRaftLogWorker:Storage Directory /workdir/hadoop-ozone/integration-test/target/test-dir/MiniOzoneClusterImpl-3b2755de-4cfe-4b43-9e0d-73dd8eda8f75/datanode-0/data/ratis/8402b45f-6353-4429-a404-7c1e89322a1a] ERROR segmented.SegmentedRaftLogWorker (SegmentedRaftLogWorker.java:run(323)) - dcc77c7b-1d37-448d-8d57-43d254561693-SegmentedRaftLogWorker:Storage Directory /workdir/hadoop-ozone/integration-test/target/test-dir/MiniOzoneClusterImpl-3b2755de-4cfe-4b43-9e0d-73dd8eda8f75/datanode-0/data/ratis/8402b45f-6353-4429-a404-7c1e89322a1a hit exception
java.lang.OutOfMemoryError: Direct buffer memory
	at java.nio.Bits.reserveMemory(Bits.java:666)
	at java.nio.DirectByteBuffer.<init>(DirectByteBuffer.java:123)
	at java.nio.ByteBuffer.allocateDirect(ByteBuffer.java:311)
	at org.apache.ratis.server.raftlog.segmented.BufferedWriteChannel.<init>(BufferedWriteChannel.java:41)
	at org.apache.ratis.server.raftlog.segmented.SegmentedRaftLogOutputStream.<init>(SegmentedRaftLogOutputStream.java:72)
	at org.apache.ratis.server.raftlog.segmented.SegmentedRaftLogWorker$StartLogSegment.execute(SegmentedRaftLogWorker.java:566)
	at org.apache.ratis.server.raftlog.segmented.SegmentedRaftLogWorker.run(SegmentedRaftLogWorker.java:289)
	at java.lang.Thread.run(Thread.java:748)
2019-09-19 14:05:01,674 [dcc77c7b-1d37-448d-8d57-43d254561693-SegmentedRaftLogWorker:Storage Directory /workdir/hadoop-ozone/integration-test/target/test-dir/MiniOzoneClusterImpl-3b2755de-4cfe-4b43-9e0d-73dd8eda8f75/datanode-0/data/ratis/8402b45f-6353-4429-a404-7c1e89322a1a] INFO  impl.RaftServerImpl (RaftServerImpl.java:lambda$shutdown$3(245)) - dcc77c7b-1d37-448d-8d57-43d254561693: shutdown group-7C1E89322A1A
2019-09-19 14:04:59,677 [dcc77c7b-1d37-448d-8d57-43d254561693-SegmentedRaftLogWorker:Storage Directory /workdir/hadoop-ozone/integration-test/target/test-dir/MiniOzoneClusterImpl-3b2755de-4cfe-4b43-9e0d-73dd8eda8f75/datanode-0/data/ratis/ea3429c1-71ac-4a5f-9adf-6f0b87a6652d] ERROR segmented.SegmentedRaftLogWorker (SegmentedRaftLogWorker.java:run(323)) - dcc77c7b-1d37-448d-8d57-43d254561693-SegmentedRaftLogWorker:Storage Directory /workdir/hadoop-ozone/integration-test/target/test-dir/MiniOzoneClusterImpl-3b2755de-4cfe-4b43-9e0d-73dd8eda8f75/datanode-0/data/ratis/ea3429c1-71ac-4a5f-9adf-6f0b87a6652d hit exception
java.lang.OutOfMemoryError: Direct buffer memory
	at java.nio.Bits.reserveMemory(Bits.java:666)
	at java.nio.DirectByteBuffer.<init>(DirectByteBuffer.java:123)
	at java.nio.ByteBuffer.allocateDirect(ByteBuffer.java:311)
	at org.apache.ratis.server.raftlog.segmented.BufferedWriteChannel.<init>(BufferedWriteChannel.java:41)
	at org.apache.ratis.server.raftlog.segmented.SegmentedRaftLogOutputStream.<init>(SegmentedRaftLogOutputStream.java:72)
	at org.apache.ratis.server.raftlog.segmented.SegmentedRaftLogWorker$StartLogSegment.execute(SegmentedRaftLogWorker.java:566)
	at org.apache.ratis.server.raftlog.segmented.SegmentedRaftLogWorker.run(SegmentedRaftLogWorker.java:289)
	at java.lang.Thread.run(Thread.java:748)
2019-09-19 14:04:59,677 [dcc77c7b-1d37-448d-8d57-43d254561693-SegmentedRaftLogWorker:Storage Directory /workdir/hadoop-ozone/integration-test/target/test-dir/MiniOzoneClusterImpl-3b2755de-4cfe-4b43-9e0d-73dd8eda8f75/datanode-0/data/ratis/faba916e-1699-421a-a235-6752562ddcda] ERROR segmented.SegmentedRaftLogWorker (SegmentedRaftLogWorker.java:run(323)) - dcc77c7b-1d37-448d-8d57-43d254561693-SegmentedRaftLogWorker:Storage Directory /workdir/hadoop-ozone/integration-test/target/test-dir/MiniOzoneClusterImpl-3b2755de-4cfe-4b43-9e0d-73dd8eda8f75/datanode-0/data/ratis/faba916e-1699-421a-a235-6752562ddcda hit exception
java.lang.OutOfMemoryError: Direct buffer memory
	at java.nio.Bits.reserveMemory(Bits.java:666)
	at java.nio.DirectByteBuffer.<init>(DirectByteBuffer.java:123)
	at java.nio.ByteBuffer.allocateDirect(ByteBuffer.java:311)
	at org.apache.ratis.server.raftlog.segmented.BufferedWriteChannel.<init>(BufferedWriteChannel.java:41)
	at org.apache.ratis.server.raftlog.segmented.SegmentedRaftLogOutputStream.<init>(SegmentedRaftLogOutputStream.java:72)
	at org.apache.ratis.server.raftlog.segmented.SegmentedRaftLogWorker$StartLogSegment.execute(SegmentedRaftLogWorker.java:566)
	at org.apache.ratis.server.raftlog.segmented.SegmentedRaftLogWorker.run(SegmentedRaftLogWorker.java:289)
	at java.lang.Thread.run(Thread.java:748)
2019-09-19 14:05:01,674 [dcc77c7b-1d37-448d-8d57-43d254561693-SegmentedRaftLogWorker:Storage Directory /workdir/hadoop-ozone/integration-test/target/test-dir/MiniOzoneClusterImpl-3b2755de-4cfe-4b43-9e0d-73dd8eda8f75/datanode-0/data/ratis/faba916e-1699-421a-a235-6752562ddcda] INFO  impl.RaftServerImpl (RaftServerImpl.java:lambda$shutdown$3(245)) - dcc77c7b-1d37-448d-8d57-43d254561693: shutdown group-6752562DDCDA
2019-09-19 14:04:59,677 [dcc77c7b-1d37-448d-8d57-43d254561693-SegmentedRaftLogWorker:Storage Directory /workdir/hadoop-ozone/integration-test/target/test-dir/MiniOzoneClusterImpl-3b2755de-4cfe-4b43-9e0d-73dd8eda8f75/datanode-0/data/ratis/af6ea782-4c84-45de-a511-354f667d570a] ERROR segmented.SegmentedRaftLogWorker (SegmentedRaftLogWorker.java:run(323)) - dcc77c7b-1d37-448d-8d57-43d254561693-SegmentedRaftLogWorker:Storage Directory /workdir/hadoop-ozone/integration-test/target/test-dir/MiniOzoneClusterImpl-3b2755de-4cfe-4b43-9e0d-73dd8eda8f75/datanode-0/data/ratis/af6ea782-4c84-45de-a511-354f667d570a hit exception
java.lang.OutOfMemoryError: Direct buffer memory
	at java.nio.Bits.reserveMemory(Bits.java:666)
	at java.nio.DirectByteBuffer.<init>(DirectByteBuffer.java:123)
	at java.nio.ByteBuffer.allocateDirect(ByteBuffer.java:311)
	at org.apache.ratis.server.raftlog.segmented.BufferedWriteChannel.<init>(BufferedWriteChannel.java:41)
	at org.apache.ratis.server.raftlog.segmented.SegmentedRaftLogOutputStream.<init>(SegmentedRaftLogOutputStream.java:72)
	at org.apache.ratis.server.raftlog.segmented.SegmentedRaftLogWorker$StartLogSegment.execute(SegmentedRaftLogWorker.java:566)
	at org.apache.ratis.server.raftlog.segmented.SegmentedRaftLogWorker.run(SegmentedRaftLogWorker.java:289)
	at java.lang.Thread.run(Thread.java:748)
2019-09-19 14:05:01,674 [dcc77c7b-1d37-448d-8d57-43d254561693-SegmentedRaftLogWorker:Storage Directory /workdir/hadoop-ozone/integration-test/target/test-dir/MiniOzoneClusterImpl-3b2755de-4cfe-4b43-9e0d-73dd8eda8f75/datanode-0/data/ratis/af6ea782-4c84-45de-a511-354f667d570a] INFO  impl.RaftServerImpl (RaftServerImpl.java:lambda$shutdown$3(245)) - dcc77c7b-1d37-448d-8d57-43d254561693: shutdown group-354F667D570A
2019-09-19 14:04:59,677 [dcc77c7b-1d37-448d-8d57-43d254561693-SegmentedRaftLogWorker:Storage Directory /workdir/hadoop-ozone/integration-test/target/test-dir/MiniOzoneClusterImpl-3b2755de-4cfe-4b43-9e0d-73dd8eda8f75/datanode-0/data/ratis/5e736f07-e612-485f-8517-5585b1e8ef5d] ERROR segmented.SegmentedRaftLogWorker (SegmentedRaftLogWorker.java:run(323)) - dcc77c7b-1d37-448d-8d57-43d254561693-SegmentedRaftLogWorker:Storage Directory /workdir/hadoop-ozone/integration-test/target/test-dir/MiniOzoneClusterImpl-3b2755de-4cfe-4b43-9e0d-73dd8eda8f75/datanode-0/data/ratis/5e736f07-e612-485f-8517-5585b1e8ef5d hit exception
java.lang.OutOfMemoryError: Direct buffer memory
	at java.nio.Bits.reserveMemory(Bits.java:666)
	at java.nio.DirectByteBuffer.<init>(DirectByteBuffer.java:123)
	at java.nio.ByteBuffer.allocateDirect(ByteBuffer.java:311)
	at org.apache.ratis.server.raftlog.segmented.BufferedWriteChannel.<init>(BufferedWriteChannel.java:41)
	at org.apache.ratis.server.raftlog.segmented.SegmentedRaftLogOutputStream.<init>(SegmentedRaftLogOutputStream.java:72)
	at org.apache.ratis.server.raftlog.segmented.SegmentedRaftLogWorker$StartLogSegment.execute(SegmentedRaftLogWorker.java:566)
	at org.apache.ratis.server.raftlog.segmented.SegmentedRaftLogWorker.run(SegmentedRaftLogWorker.java:289)
	at java.lang.Thread.run(Thread.java:748)
2019-09-19 14:05:01,675 [dcc77c7b-1d37-448d-8d57-43d254561693-SegmentedRaftLogWorker:Storage Directory /workdir/hadoop-ozone/integration-test/target/test-dir/MiniOzoneClusterImpl-3b2755de-4cfe-4b43-9e0d-73dd8eda8f75/datanode-0/data/ratis/5e736f07-e612-485f-8517-5585b1e8ef5d] INFO  impl.RaftServerImpl (RaftServerImpl.java:lambda$shutdown$3(245)) - dcc77c7b-1d37-448d-8d57-43d254561693: shutdown group-5585B1E8EF5D
2019-09-19 14:04:59,677 [Thread-4560] INFO  impl.FollowerState (FollowerState.java:run(106)) - dcc77c7b-1d37-448d-8d57-43d254561693:group-332CF7478EA4 changes to CANDIDATE, lastRpcTime:5260, electionTimeout:5066ms
2019-09-19 14:05:01,675 [Thread-4560] INFO  impl.RoleInfo (RoleInfo.java:shutdownFollowerState(121)) - dcc77c7b-1d37-448d-8d57-43d254561693: shutdown FollowerState
2019-09-19 14:04:59,677 [Thread-4563] INFO  impl.FollowerState (FollowerState.java:run(106)) - dcc77c7b-1d37-448d-8d57-43d254561693:group-FE83F846C166 changes to CANDIDATE, lastRpcTime:5240, electionTimeout:5069ms
2019-09-19 14:05:01,675 [Thread-4563] INFO  impl.RoleInfo (RoleInfo.java:shutdownFollowerState(121)) - dcc77c7b-1d37-448d-8d57-43d254561693: shutdown FollowerState
2019-09-19 14:04:59,677 [Thread-4556] INFO  impl.FollowerState (FollowerState.java:run(106)) - dcc77c7b-1d37-448d-8d57-43d254561693:group-BB4770E0F3FD changes to CANDIDATE, lastRpcTime:5279, electionTimeout:5186ms
2019-09-19 14:05:01,676 [Thread-4556] INFO  impl.RoleInfo (RoleInfo.java:shutdownFollowerState(121)) - dcc77c7b-1d37-448d-8d57-43d254561693: shutdown FollowerState
2019-09-19 14:05:01,676 [Thread-4556] INFO  impl.RaftServerImpl (RaftServerImpl.java:setRole(171)) - dcc77c7b-1d37-448d-8d57-43d254561693:group-BB4770E0F3FD changes role from FOLLOWER to CANDIDATE at term 0 for changeToCandidate
2019-09-19 14:04:59,677 [Thread-4575] INFO  impl.FollowerState (FollowerState.java:run(106)) - dcc77c7b-1d37-448d-8d57-43d254561693:group-C4C3DBF2EB40 changes to CANDIDATE, lastRpcTime:5113, electionTimeout:5080ms
2019-09-19 14:05:01,676 [Thread-4575] INFO  impl.RoleInfo (RoleInfo.java:shutdownFollowerState(121)) - dcc77c7b-1d37-448d-8d57-43d254561693: shutdown FollowerState
2019-09-19 14:04:59,302 [dcc77c7b-1d37-448d-8d57-43d254561693:group-4467D65330C2:LeaderElection624] INFO  server.RaftServerConfigKeys (ConfUtils.java:logGet(43)) - raft.server.staging.catchup.gap = 1000 (default)
2019-09-19 14:05:01,676 [dcc77c7b-1d37-448d-8d57-43d254561693:group-4467D65330C2:LeaderElection624] INFO  server.RaftServerConfigKeys (ConfUtils.java:logGet(43)) - raft.server.rpc.sleep.time = 25ms (default)
2019-09-19 14:04:59,302 [dcc77c7b-1d37-448d-8d57-43d254561693:group-5058C03AF78E:LeaderElection627] INFO  server.RaftServerConfigKeys (ConfUtils.java:logGet(43)) - raft.server.staging.catchup.gap = 1000 (default)
2019-09-19 14:04:59,302 [dcc77c7b-1d37-448d-8d57-43d254561693:group-0C7ED090D72E:LeaderElection569] INFO  segmented.SegmentedRaftLogWorker (SegmentedRaftLogWorker.java:startLogSegment(380)) - dcc77c7b-1d37-448d-8d57-43d254561693-SegmentedRaftLogWorker:Storage Directory /workdir/hadoop-ozone/integration-test/target/test-dir/MiniOzoneClusterImpl-3b2755de-4cfe-4b43-9e0d-73dd8eda8f75/datanode-0/data/ratis/a4c4f324-5e2f-4c4d-9469-0c7ed090d72e: Starting segment from index:0
2019-09-19 14:04:59,302 [dcc77c7b-1d37-448d-8d57-43d254561693:group-7430C03AE933:LeaderElection555] INFO  impl.RoleInfo (RoleInfo.java:updateAndGet(143)) - dcc77c7b-1d37-448d-8d57-43d254561693: start LeaderState
2019-09-19 14:05:01,978 | INFO  | SCMAudit | user=jenkins1000 | ip=192.168.157.226 | op=SEND_HEARTBEAT {datanodeUUID=dcc77c7b-1d37-448d-8d57-43d254561693, command=[]} | ret=SUCCESS |  
2019-09-19 14:05:01,676 [dcc77c7b-1d37-448d-8d57-43d254561693:group-0C7ED090D72E:LeaderElection569] INFO  impl.RaftServerImpl (ServerState.java:setRaftConf(361)) - dcc77c7b-1d37-448d-8d57-43d254561693:group-0C7ED090D72E set configuration 0: [dcc77c7b-1d37-448d-8d57-43d254561693:192.168.157.226:34527], old=null at 0
2019-09-19 14:05:01,676 [dcc77c7b-1d37-448d-8d57-43d254561693:group-5058C03AF78E:LeaderElection627] INFO  server.RaftServerConfigKeys (ConfUtils.java:logGet(43)) - raft.server.rpc.sleep.time = 25ms (default)
2019-09-19 14:05:01,676 [dcc77c7b-1d37-448d-8d57-43d254561693:group-4467D65330C2:LeaderElection624] INFO  server.RaftServerConfigKeys (ConfUtils.java:logGet(43)) - raft.server.write.element-limit = 4096 (default)
2019-09-19 14:05:01,981 [dcc77c7b-1d37-448d-8d57-43d254561693:group-4467D65330C2:LeaderElection624] INFO  server.RaftServerConfigKeys (ConfUtils.java:logGet(43)) - raft.server.watch.timeout = 10s (default)
2019-09-19 14:05:01,676 [Thread-4575] INFO  impl.RaftServerImpl (RaftServerImpl.java:setRole(171)) - dcc77c7b-1d37-448d-8d57-43d254561693:group-C4C3DBF2EB40 changes role from FOLLOWER to CANDIDATE at term 0 for changeToCandidate
2019-09-19 14:05:01,676 [Thread-4556] INFO  impl.RoleInfo (RoleInfo.java:updateAndGet(143)) - dcc77c7b-1d37-448d-8d57-43d254561693: start LeaderElection
2019-09-19 14:05:01,675 [Thread-4563] INFO  impl.RaftServerImpl (RaftServerImpl.java:setRole(171)) - dcc77c7b-1d37-448d-8d57-43d254561693:group-FE83F846C166 changes role from FOLLOWER to CANDIDATE at term 0 for changeToCandidate
2019-09-19 14:05:01,675 [Thread-4560] INFO  impl.RaftServerImpl (RaftServerImpl.java:setRole(171)) - dcc77c7b-1d37-448d-8d57-43d254561693:group-332CF7478EA4 changes role from FOLLOWER to CANDIDATE at term 0 for changeToCandidate
2019-09-19 14:05:01,675 [dcc77c7b-1d37-448d-8d57-43d254561693-SegmentedRaftLogWorker:Storage Directory /workdir/hadoop-ozone/integration-test/target/test-dir/MiniOzoneClusterImpl-3b2755de-4cfe-4b43-9e0d-73dd8eda8f75/datanode-0/data/ratis/5e736f07-e612-485f-8517-5585b1e8ef5d] INFO  util.JmxRegister (JmxRegister.java:unregister(73)) - Successfully un-registered JMX Bean with object name Ratis:service=RaftServer,group=group-5585B1E8EF5D,id=dcc77c7b-1d37-448d-8d57-43d254561693
2019-09-19 14:05:01,675 [dcc77c7b-1d37-448d-8d57-43d254561693-SegmentedRaftLogWorker:Storage Directory /workdir/hadoop-ozone/integration-test/target/test-dir/MiniOzoneClusterImpl-3b2755de-4cfe-4b43-9e0d-73dd8eda8f75/datanode-0/data/ratis/af6ea782-4c84-45de-a511-354f667d570a] INFO  util.JmxRegister (JmxRegister.java:unregister(73)) - Successfully un-registered JMX Bean with object name Ratis:service=RaftServer,group=group-354F667D570A,id=dcc77c7b-1d37-448d-8d57-43d254561693
2019-09-19 14:05:01,982 [dcc77c7b-1d37-448d-8d57-43d254561693-SegmentedRaftLogWorker:Storage Directory /workdir/hadoop-ozone/integration-test/target/test-dir/MiniOzoneClusterImpl-3b2755de-4cfe-4b43-9e0d-73dd8eda8f75/datanode-0/data/ratis/af6ea782-4c84-45de-a511-354f667d570a] INFO  impl.RoleInfo (RoleInfo.java:shutdownLeaderState(104)) - dcc77c7b-1d37-448d-8d57-43d254561693: shutdown LeaderState
2019-09-19 14:05:01,674 [dcc77c7b-1d37-448d-8d57-43d254561693-SegmentedRaftLogWorker:Storage Directory /workdir/hadoop-ozone/integration-test/target/test-dir/MiniOzoneClusterImpl-3b2755de-4cfe-4b43-9e0d-73dd8eda8f75/datanode-0/data/ratis/faba916e-1699-421a-a235-6752562ddcda] INFO  util.JmxRegister (JmxRegister.java:unregister(73)) - Successfully un-registered JMX Bean with object name Ratis:service=RaftServer,group=group-6752562DDCDA,id=dcc77c7b-1d37-448d-8d57-43d254561693
2019-09-19 14:05:01,982 [dcc77c7b-1d37-448d-8d57-43d254561693-SegmentedRaftLogWorker:Storage Directory /workdir/hadoop-ozone/integration-test/target/test-dir/MiniOzoneClusterImpl-3b2755de-4cfe-4b43-9e0d-73dd8eda8f75/datanode-0/data/ratis/faba916e-1699-421a-a235-6752562ddcda] INFO  impl.RoleInfo (RoleInfo.java:shutdownLeaderState(104)) - dcc77c7b-1d37-448d-8d57-43d254561693: shutdown LeaderState
2019-09-19 14:05:01,674 [dcc77c7b-1d37-448d-8d57-43d254561693-SegmentedRaftLogWorker:Storage Directory /workdir/hadoop-ozone/integration-test/target/test-dir/MiniOzoneClusterImpl-3b2755de-4cfe-4b43-9e0d-73dd8eda8f75/datanode-0/data/ratis/ea3429c1-71ac-4a5f-9adf-6f0b87a6652d] INFO  impl.RaftServerImpl (RaftServerImpl.java:lambda$shutdown$3(245)) - dcc77c7b-1d37-448d-8d57-43d254561693: shutdown group-6F0B87A6652D
2019-09-19 14:05:01,674 [dcc77c7b-1d37-448d-8d57-43d254561693-SegmentedRaftLogWorker:Storage Directory /workdir/hadoop-ozone/integration-test/target/test-dir/MiniOzoneClusterImpl-3b2755de-4cfe-4b43-9e0d-73dd8eda8f75/datanode-0/data/ratis/8402b45f-6353-4429-a404-7c1e89322a1a] INFO  util.JmxRegister (JmxRegister.java:unregister(73)) - Successfully un-registered JMX Bean with object name Ratis:service=RaftServer,group=group-7C1E89322A1A,id=dcc77c7b-1d37-448d-8d57-43d254561693
2019-09-19 14:05:01,983 [dcc77c7b-1d37-448d-8d57-43d254561693-SegmentedRaftLogWorker:Storage Directory /workdir/hadoop-ozone/integration-test/target/test-dir/MiniOzoneClusterImpl-3b2755de-4cfe-4b43-9e0d-73dd8eda8f75/datanode-0/data/ratis/8402b45f-6353-4429-a404-7c1e89322a1a] INFO  impl.RoleInfo (RoleInfo.java:shutdownLeaderState(104)) - dcc77c7b-1d37-448d-8d57-43d254561693: shutdown LeaderState
2019-09-19 14:05:01,673 [Thread-4550] INFO  impl.RaftServerImpl (RaftServerImpl.java:setRole(171)) - dcc77c7b-1d37-448d-8d57-43d254561693:group-101271AE1179 changes role from FOLLOWER to CANDIDATE at term 0 for changeToCandidate
2019-09-19 14:05:01,983 [Thread-4550] INFO  impl.RoleInfo (RoleInfo.java:updateAndGet(143)) - dcc77c7b-1d37-448d-8d57-43d254561693: start LeaderElection
2019-09-19 14:05:01,673 [Thread-4543] INFO  impl.RaftServerImpl (RaftServerImpl.java:setRole(171)) - dcc77c7b-1d37-448d-8d57-43d254561693:group-26A6A6CCFAD8 changes role from FOLLOWER to CANDIDATE at term 0 for changeToCandidate
2019-09-19 14:05:01,983 [Thread-4543] INFO  impl.RoleInfo (RoleInfo.java:updateAndGet(143)) - dcc77c7b-1d37-448d-8d57-43d254561693: start LeaderElection
2019-09-19 14:05:01,673 [dcc77c7b-1d37-448d-8d57-43d254561693:group-007612E7CB3B:LeaderElection636] INFO  impl.RaftServerImpl (RaftServerImpl.java:setRole(171)) - dcc77c7b-1d37-448d-8d57-43d254561693:group-007612E7CB3B changes role from CANDIDATE to LEADER at term 1 for changeToLeader
2019-09-19 14:05:01,673 [dcc77c7b-1d37-448d-8d57-43d254561693:group-8B49C088430A:LeaderElection637] INFO  impl.RaftServerImpl (RaftServerImpl.java:setRole(171)) - dcc77c7b-1d37-448d-8d57-43d254561693:group-8B49C088430A changes role from CANDIDATE to LEADER at term 1 for changeToLeader
2019-09-19 14:05:01,672 [dcc77c7b-1d37-448d-8d57-43d254561693:group-0DAF98B9911C:LeaderElection635] INFO  impl.RaftServerImpl (RaftServerImpl.java:setRole(171)) - dcc77c7b-1d37-448d-8d57-43d254561693:group-0DAF98B9911C changes role from CANDIDATE to LEADER at term 1 for changeToLeader
2019-09-19 14:05:01,672 [Thread-4570] INFO  impl.RaftServerImpl (RaftServerImpl.java:setRole(171)) - dcc77c7b-1d37-448d-8d57-43d254561693:group-78B7DFC7FE28 changes role from FOLLOWER to CANDIDATE at term 0 for changeToCandidate
2019-09-19 14:05:01,984 [Thread-4570] INFO  impl.RoleInfo (RoleInfo.java:updateAndGet(143)) - dcc77c7b-1d37-448d-8d57-43d254561693: start LeaderElection
2019-09-19 14:05:01,672 [dcc77c7b-1d37-448d-8d57-43d254561693:group-C22B218FA0A6:LeaderElection630] INFO  server.RaftServerConfigKeys (ConfUtils.java:logGet(43)) - raft.server.rpc.sleep.time = 25ms (default)
2019-09-19 14:05:01,985 [dcc77c7b-1d37-448d-8d57-43d254561693:group-C22B218FA0A6:LeaderElection630] INFO  server.RaftServerConfigKeys (ConfUtils.java:logGet(43)) - raft.server.write.element-limit = 4096 (default)
2019-09-19 14:05:01,672 [dcc77c7b-1d37-448d-8d57-43d254561693:group-FEB63AD957C4:LeaderElection603] INFO  server.RaftServerConfigKeys (ConfUtils.java:logGet(43)) - raft.server.rpc.sleep.time = 25ms (default)
2019-09-19 14:05:01,672 [dcc77c7b-1d37-448d-8d57-43d254561693:group-D44479695D46:LeaderElection608] INFO  server.RaftServerConfigKeys (ConfUtils.java:logGet(43)) - raft.server.write.element-limit = 4096 (default)
2019-09-19 14:05:01,671 [dcc77c7b-1d37-448d-8d57-43d254561693:group-FBD0D09AD849:LeaderElection607] INFO  server.RaftServerConfigKeys (ConfUtils.java:logGet(43)) - raft.server.write.element-limit = 4096 (default)
2019-09-19 14:05:01,985 [dcc77c7b-1d37-448d-8d57-43d254561693:group-FBD0D09AD849:LeaderElection607] INFO  server.RaftServerConfigKeys (ConfUtils.java:logGet(43)) - raft.server.watch.timeout = 10s (default)
2019-09-19 14:05:01,671 [dcc77c7b-1d37-448d-8d57-43d254561693:group-B8EC2EEEE8D5:LeaderElection604] INFO  server.RaftServerConfigKeys (ConfUtils.java:logGet(43)) - raft.server.watch.timeout = 10s (default)
2019-09-19 14:05:01,986 [dcc77c7b-1d37-448d-8d57-43d254561693:group-B8EC2EEEE8D5:LeaderElection604] INFO  server.RaftServerConfigKeys (ConfUtils.java:logGet(43)) - raft.server.watch.timeout.denomination = 1s (default)
2019-09-19 14:05:01,671 [dcc77c7b-1d37-448d-8d57-43d254561693:group-7B8CEBFF5854:LeaderElection601] INFO  server.RaftServerConfigKeys (ConfUtils.java:logGet(43)) - raft.server.write.element-limit = 4096 (default)
2019-09-19 14:05:01,670 [dcc77c7b-1d37-448d-8d57-43d254561693:group-801B220FEE86:LeaderElection625] INFO  server.RaftServerConfigKeys (ConfUtils.java:logGet(43)) - raft.server.rpc.sleep.time = 25ms (default)
2019-09-19 14:05:01,670 [dcc77c7b-1d37-448d-8d57-43d254561693:group-6BA61B232CB7:LeaderElection628] INFO  server.RaftServerConfigKeys (ConfUtils.java:logGet(43)) - raft.server.watch.timeout = 10s (default)
2019-09-19 14:05:01,986 [dcc77c7b-1d37-448d-8d57-43d254561693:group-6BA61B232CB7:LeaderElection628] INFO  server.RaftServerConfigKeys (ConfUtils.java:logGet(43)) - raft.server.watch.timeout.denomination = 1s (default)
2019-09-19 14:05:01,670 [dcc77c7b-1d37-448d-8d57-43d254561693:group-7D1EFE063BF2:LeaderElection629] INFO  server.RaftServerConfigKeys (ConfUtils.java:logGet(43)) - raft.server.write.element-limit = 4096 (default)
2019-09-19 14:05:01,670 [dcc77c7b-1d37-448d-8d57-43d254561693:group-CD7159C89C08:LeaderElection605] INFO  server.RaftServerConfigKeys (ConfUtils.java:logGet(43)) - raft.server.watch.timeout = 10s (default)
2019-09-19 14:05:01,670 [grpc-default-executor-2] INFO  client.GrpcClientProtocolClient (GrpcClientProtocolClient.java:onNext(255)) - client-3C9113CDD2ED->dcc77c7b-1d37-448d-8d57-43d254561693: receive RaftClientReply:client-3C9113CDD2ED->dcc77c7b-1d37-448d-8d57-43d254561693@group-CE1F78CFD901, cid=1448, SUCCESS, logIndex=1, commits[dcc77c7b-1d37-448d-8d57-43d254561693:c1]
2019-09-19 14:05:01,669 [dcc77c7b-1d37-448d-8d57-43d254561693:group-D788F79D6955:LeaderElection606] INFO  server.RaftServerConfigKeys (ConfUtils.java:logGet(43)) - raft.server.rpc.sleep.time = 25ms (default)
2019-09-19 14:05:01,669 [Thread-4608] INFO  impl.RoleInfo (RoleInfo.java:updateAndGet(143)) - dcc77c7b-1d37-448d-8d57-43d254561693: start LeaderElection
2019-09-19 14:05:01,669 [Thread-4612] INFO  impl.RoleInfo (RoleInfo.java:shutdownFollowerState(121)) - dcc77c7b-1d37-448d-8d57-43d254561693: shutdown FollowerState
2019-09-19 14:05:01,667 [StateMachineUpdater:dcc77c7b-1d37-448d-8d57-43d254561693:group-CE1F78CFD901] INFO  ratis.ContainerStateMachine (ContainerStateMachine.java:takeSnapshot(283)) - group-CE1F78CFD901: Taking a snapshot at:(t:1, i:1) file /workdir/hadoop-ozone/integration-test/target/test-dir/MiniOzoneClusterImpl-3b2755de-4cfe-4b43-9e0d-73dd8eda8f75/datanode-0/data/ratis/66c9ebb2-09ad-406f-bba2-ce1f78cfd901/sm/snapshot.1_1
2019-09-19 14:05:01,667 [Thread-4626] INFO  impl.RaftServerImpl (RaftServerImpl.java:setRole(171)) - dcc77c7b-1d37-448d-8d57-43d254561693:group-C91F44D9A055 changes role from FOLLOWER to CANDIDATE at term 0 for changeToCandidate
2019-09-19 14:05:01,994 [Thread-4626] INFO  impl.RoleInfo (RoleInfo.java:updateAndGet(143)) - dcc77c7b-1d37-448d-8d57-43d254561693: start LeaderElection
2019-09-19 14:05:01,663 [Thread-4619] INFO  impl.RaftServerImpl (RaftServerImpl.java:setRole(171)) - dcc77c7b-1d37-448d-8d57-43d254561693:group-64275F144400 changes role from FOLLOWER to CANDIDATE at term 0 for changeToCandidate
2019-09-19 14:05:01,663 [Thread-4596] INFO  impl.RoleInfo (RoleInfo.java:shutdownFollowerState(121)) - dcc77c7b-1d37-448d-8d57-43d254561693: shutdown FollowerState
2019-09-19 14:05:01,997 [dcc77c7b-1d37-448d-8d57-43d254561693:group-78B7DFC7FE28:LeaderElection661] INFO  impl.LeaderElection (LeaderElection.java:askForVotes(181)) - dcc77c7b-1d37-448d-8d57-43d254561693:group-78B7DFC7FE28:LeaderElection661: begin an election at term 1 for -1: [dcc77c7b-1d37-448d-8d57-43d254561693:192.168.157.226:34527], old=null
2019-09-19 14:05:01,663 [Thread-4591] INFO  impl.RoleInfo (RoleInfo.java:updateAndGet(143)) - dcc77c7b-1d37-448d-8d57-43d254561693: start LeaderElection
2019-09-19 14:05:01,662 [Thread-4584] INFO  impl.RaftServerImpl (RaftServerImpl.java:setRole(171)) - dcc77c7b-1d37-448d-8d57-43d254561693:group-FB8A0F6129D1 changes role from FOLLOWER to CANDIDATE at term 0 for changeToCandidate
2019-09-19 14:05:01,997 [Thread-4584] INFO  impl.RoleInfo (RoleInfo.java:updateAndGet(143)) - dcc77c7b-1d37-448d-8d57-43d254561693: start LeaderElection
2019-09-19 14:05:01,662 [Thread-4603] INFO  impl.RaftServerImpl (RaftServerImpl.java:setRole(171)) - dcc77c7b-1d37-448d-8d57-43d254561693:group-F883EB7B65C2 changes role from FOLLOWER to CANDIDATE at term 0 for changeToCandidate
2019-09-19 14:05:01,662 [pool-58-thread-1] INFO  server.RaftServerConfigKeys (ConfUtils.java:logGet(43)) - raft.server.log.statemachine.data.sync = true (default)
2019-09-19 14:05:01,384 [dcc77c7b-1d37-448d-8d57-43d254561693:group-CC8CAE5134C7:LeaderElection618] INFO  impl.RaftServerImpl (ServerState.java:setRaftConf(361)) - dcc77c7b-1d37-448d-8d57-43d254561693:group-CC8CAE5134C7 set configuration 0: [dcc77c7b-1d37-448d-8d57-43d254561693:192.168.157.226:34527], old=null at 0
2019-09-19 14:05:01,661 [dcc77c7b-1d37-448d-8d57-43d254561693-SegmentedRaftLogWorker:Storage Directory /workdir/hadoop-ozone/integration-test/target/test-dir/MiniOzoneClusterImpl-3b2755de-4cfe-4b43-9e0d-73dd8eda8f75/datanode-0/data/ratis/bf066c4b-b9ac-4c70-8f56-ad94dcfd5f37] ERROR segmented.SegmentedRaftLogWorker (SegmentedRaftLogWorker.java:run(323)) - dcc77c7b-1d37-448d-8d57-43d254561693-SegmentedRaftLogWorker:Storage Directory /workdir/hadoop-ozone/integration-test/target/test-dir/MiniOzoneClusterImpl-3b2755de-4cfe-4b43-9e0d-73dd8eda8f75/datanode-0/data/ratis/bf066c4b-b9ac-4c70-8f56-ad94dcfd5f37 hit exception
java.lang.OutOfMemoryError: Direct buffer memory
	at java.nio.Bits.reserveMemory(Bits.java:666)
	at java.nio.DirectByteBuffer.<init>(DirectByteBuffer.java:123)
	at java.nio.ByteBuffer.allocateDirect(ByteBuffer.java:311)
	at org.apache.ratis.server.raftlog.segmented.BufferedWriteChannel.<init>(BufferedWriteChannel.java:41)
	at org.apache.ratis.server.raftlog.segmented.SegmentedRaftLogOutputStream.<init>(SegmentedRaftLogOutputStream.java:72)
	at org.apache.ratis.server.raftlog.segmented.SegmentedRaftLogWorker$StartLogSegment.execute(SegmentedRaftLogWorker.java:566)
	at org.apache.ratis.server.raftlog.segmented.SegmentedRaftLogWorker.run(SegmentedRaftLogWorker.java:289)
	at java.lang.Thread.run(Thread.java:748)
2019-09-19 14:05:01,384 [dcc77c7b-1d37-448d-8d57-43d254561693:group-89849F9FD3BA:LeaderElection616] INFO  server.RaftServerConfigKeys (ConfUtils.java:logGet(43)) - raft.server.watch.timeout.denomination = 1s (default)
2019-09-19 14:05:01,384 [dcc77c7b-1d37-448d-8d57-43d254561693:group-00ABCB16AA03:LeaderElection574] INFO  server.RaftServerConfigKeys (ConfUtils.java:logGet(43)) - raft.server.watch.timeout = 10s (default)
2019-09-19 14:05:01,998 [dcc77c7b-1d37-448d-8d57-43d254561693:group-00ABCB16AA03:LeaderElection574] INFO  server.RaftServerConfigKeys (ConfUtils.java:logGet(43)) - raft.server.watch.timeout.denomination = 1s (default)
2019-09-19 14:05:01,384 [dcc77c7b-1d37-448d-8d57-43d254561693:group-E31AF374E74C:LeaderElection620] INFO  server.RaftServerConfigKeys (ConfUtils.java:logGet(43)) - raft.server.watch.timeout.denomination = 1s (default)
2019-09-19 14:05:01,999 [dcc77c7b-1d37-448d-8d57-43d254561693:group-E31AF374E74C:LeaderElection620] INFO  server.RaftServerConfigKeys (ConfUtils.java:logGet(43)) - raft.server.watch.element-limit = 65536 (default)
2019-09-19 14:05:01,384 [dcc77c7b-1d37-448d-8d57-43d254561693:group-C7074BE8E490:LeaderElection595] INFO  server.RaftServerConfigKeys (ConfUtils.java:logGet(43)) - raft.server.watch.timeout.denomination = 1s (default)
2019-09-19 14:05:01,383 [dcc77c7b-1d37-448d-8d57-43d254561693:group-46D08AB6022E:LeaderElection572] INFO  server.RaftServerConfigKeys (ConfUtils.java:logGet(43)) - raft.server.watch.timeout = 10s (default)
2019-09-19 14:05:01,383 [dcc77c7b-1d37-448d-8d57-43d254561693:group-56D873A3B067:LeaderElection575] INFO  server.RaftServerConfigKeys (ConfUtils.java:logGet(43)) - raft.server.watch.timeout.denomination = 1s (default)
2019-09-19 14:05:01,999 [dcc77c7b-1d37-448d-8d57-43d254561693:group-56D873A3B067:LeaderElection575] INFO  server.RaftServerConfigKeys (ConfUtils.java:logGet(43)) - raft.server.watch.element-limit = 65536 (default)
2019-09-19 14:05:01,383 [dcc77c7b-1d37-448d-8d57-43d254561693:group-B0D529AC88AD:LeaderElection580] INFO  server.RaftServerConfigKeys (ConfUtils.java:logGet(43)) - raft.server.watch.timeout = 10s (default)
2019-09-19 14:05:01,381 [dcc77c7b-1d37-448d-8d57-43d254561693:group-AF209FE8FECB:LeaderElection581] INFO  server.RaftServerConfigKeys (ConfUtils.java:logGet(43)) - raft.server.watch.element-limit = 65536 (default)
2019-09-19 14:05:01,381 [dcc77c7b-1d37-448d-8d57-43d254561693:group-827C827A8DAD:LeaderElection589] INFO  impl.RoleInfo (RoleInfo.java:updateAndGet(143)) - dcc77c7b-1d37-448d-8d57-43d254561693: start LeaderState
2019-09-19 14:05:01,380 [dcc77c7b-1d37-448d-8d57-43d254561693:group-450D00ABA19B:LeaderElection621] INFO  server.RaftServerConfigKeys (ConfUtils.java:logGet(43)) - raft.server.watch.timeout = 10s (default)
2019-09-19 14:05:01,380 [dcc77c7b-1d37-448d-8d57-43d254561693:group-F1AB8729C726:LeaderElection619] INFO  server.RaftServerConfigKeys (ConfUtils.java:logGet(43)) - raft.server.watch.timeout.denomination = 1s (default)
2019-09-19 14:05:01,380 [dcc77c7b-1d37-448d-8d57-43d254561693:group-E501E5C2F87A:LeaderElection612] INFO  server.RaftServerConfigKeys (ConfUtils.java:logGet(43)) - raft.server.watch.element-limit = 65536 (default)
2019-09-19 14:05:01,379 [dcc77c7b-1d37-448d-8d57-43d254561693:group-DF274F267A33:LeaderElection614] INFO  impl.RoleInfo (RoleInfo.java:updateAndGet(143)) - dcc77c7b-1d37-448d-8d57-43d254561693: start LeaderState
2019-09-19 14:05:01,379 [dcc77c7b-1d37-448d-8d57-43d254561693:group-C427DF1D703E:LeaderElection587] INFO  server.RaftServerConfigKeys (ConfUtils.java:logGet(43)) - raft.server.watch.element-limit = 65536 (default)
2019-09-19 14:05:01,379 [dcc77c7b-1d37-448d-8d57-43d254561693:group-C6C4A2B7D1DA:LeaderElection596] INFO  server.RaftServerConfigKeys (ConfUtils.java:logGet(43)) - raft.server.watch.timeout.denomination = 1s (default)
2019-09-19 14:05:02,001 [dcc77c7b-1d37-448d-8d57-43d254561693:group-C6C4A2B7D1DA:LeaderElection596] INFO  server.RaftServerConfigKeys (ConfUtils.java:logGet(43)) - raft.server.watch.element-limit = 65536 (default)
2019-09-19 14:05:01,376 [dcc77c7b-1d37-448d-8d57-43d254561693:group-C0BCADC5D7D8:LeaderElection591] INFO  server.RaftServerConfigKeys (ConfUtils.java:logGet(43)) - raft.server.watch.timeout.denomination = 1s (default)
2019-09-19 14:05:01,376 [Thread-4169] INFO  impl.FollowerState (FollowerState.java:run(106)) - dcc77c7b-1d37-448d-8d57-43d254561693:group-FB7C57D9607D changes to CANDIDATE, lastRpcTime:10733, electionTimeout:5104ms
2019-09-19 14:05:02,001 [Thread-4169] INFO  impl.RoleInfo (RoleInfo.java:shutdownFollowerState(121)) - dcc77c7b-1d37-448d-8d57-43d254561693: shutdown FollowerState
2019-09-19 14:05:01,376 [Thread-4157] INFO  impl.FollowerState (FollowerState.java:run(106)) - dcc77c7b-1d37-448d-8d57-43d254561693:group-E165C8F20643 changes to CANDIDATE, lastRpcTime:10827, electionTimeout:5136ms
2019-09-19 14:05:02,001 [Thread-4157] INFO  impl.RoleInfo (RoleInfo.java:shutdownFollowerState(121)) - dcc77c7b-1d37-448d-8d57-43d254561693: shutdown FollowerState
2019-09-19 14:05:02,001 [Thread-4157] INFO  impl.RaftServerImpl (RaftServerImpl.java:setRole(171)) - dcc77c7b-1d37-448d-8d57-43d254561693:group-E165C8F20643 changes role from FOLLOWER to CANDIDATE at term 0 for changeToCandidate
2019-09-19 14:05:01,376 [dcc77c7b-1d37-448d-8d57-43d254561693-SegmentedRaftLogWorker:Storage Directory /workdir/hadoop-ozone/integration-test/target/test-dir/MiniOzoneClusterImpl-3b2755de-4cfe-4b43-9e0d-73dd8eda8f75/datanode-0/data/ratis/8690c3ee-d9cf-4d86-bb05-ed4fe5da218f] ERROR segmented.SegmentedRaftLogWorker (SegmentedRaftLogWorker.java:run(323)) - dcc77c7b-1d37-448d-8d57-43d254561693-SegmentedRaftLogWorker:Storage Directory /workdir/hadoop-ozone/integration-test/target/test-dir/MiniOzoneClusterImpl-3b2755de-4cfe-4b43-9e0d-73dd8eda8f75/datanode-0/data/ratis/8690c3ee-d9cf-4d86-bb05-ed4fe5da218f hit exception
java.lang.OutOfMemoryError: Direct buffer memory
	at java.nio.Bits.reserveMemory(Bits.java:666)
	at java.nio.DirectByteBuffer.<init>(DirectByteBuffer.java:123)
	at java.nio.ByteBuffer.allocateDirect(ByteBuffer.java:311)
	at org.apache.ratis.server.raftlog.segmented.BufferedWriteChannel.<init>(BufferedWriteChannel.java:41)
	at org.apache.ratis.server.raftlog.segmented.SegmentedRaftLogOutputStream.<init>(SegmentedRaftLogOutputStream.java:72)
	at org.apache.ratis.server.raftlog.segmented.SegmentedRaftLogWorker$StartLogSegment.execute(SegmentedRaftLogWorker.java:566)
	at org.apache.ratis.server.raftlog.segmented.SegmentedRaftLogWorker.run(SegmentedRaftLogWorker.java:289)
	at java.lang.Thread.run(Thread.java:748)
2019-09-19 14:05:02,001 [dcc77c7b-1d37-448d-8d57-43d254561693-SegmentedRaftLogWorker:Storage Directory /workdir/hadoop-ozone/integration-test/target/test-dir/MiniOzoneClusterImpl-3b2755de-4cfe-4b43-9e0d-73dd8eda8f75/datanode-0/data/ratis/8690c3ee-d9cf-4d86-bb05-ed4fe5da218f] INFO  impl.RaftServerImpl (RaftServerImpl.java:lambda$shutdown$3(245)) - dcc77c7b-1d37-448d-8d57-43d254561693: shutdown group-ED4FE5DA218F
2019-09-19 14:05:01,092 [dcc77c7b-1d37-448d-8d57-43d254561693:group-E53CD96B3E19:LeaderElection615] INFO  impl.RaftServerImpl (ServerState.java:setRaftConf(361)) - dcc77c7b-1d37-448d-8d57-43d254561693:group-E53CD96B3E19 set configuration 0: [dcc77c7b-1d37-448d-8d57-43d254561693:192.168.157.226:34527], old=null at 0
2019-09-19 14:05:01,092 [dcc77c7b-1d37-448d-8d57-43d254561693:group-B809E960E354:LeaderElection644] INFO  impl.RoleInfo (RoleInfo.java:shutdownLeaderElection(134)) - dcc77c7b-1d37-448d-8d57-43d254561693: shutdown LeaderElection
2019-09-19 14:05:01,092 [Command processor thread] ERROR commandhandler.CloseContainerCommandHandler (CloseContainerCommandHandler.java:handle(124)) - Can't close container #3
org.apache.hadoop.hdds.scm.container.common.helpers.StorageContainerException: Cannot quasi close container #3 while in UNHEALTHY state.
	at org.apache.hadoop.ozone.container.keyvalue.KeyValueHandler.quasiCloseContainer(KeyValueHandler.java:930)
	at org.apache.hadoop.ozone.container.ozoneimpl.ContainerController.quasiCloseContainer(ContainerController.java:107)
	at org.apache.hadoop.ozone.container.common.statemachine.commandhandler.CloseContainerCommandHandler.handle(CloseContainerCommandHandler.java:116)
	at org.apache.hadoop.ozone.container.common.statemachine.commandhandler.CommandDispatcher.handle(CommandDispatcher.java:93)
	at org.apache.hadoop.ozone.container.common.statemachine.DatanodeStateMachine.lambda$initCommandHandlerThread$1(DatanodeStateMachine.java:432)
	at java.lang.Thread.run(Thread.java:748)
2019-09-19 14:05:00,816 [dcc77c7b-1d37-448d-8d57-43d254561693:group-1639C94C8647:LeaderElection617] INFO  impl.RaftServerImpl (ServerState.java:setRaftConf(361)) - dcc77c7b-1d37-448d-8d57-43d254561693:group-1639C94C8647 set configuration 0: [dcc77c7b-1d37-448d-8d57-43d254561693:192.168.157.226:34527], old=null at 0
2019-09-19 14:05:00,816 [dcc77c7b-1d37-448d-8d57-43d254561693:group-2522B1FB8D22:LeaderElection579] INFO  server.RaftServerConfigKeys (ConfUtils.java:logGet(43)) - raft.server.watch.timeout = 10s (default)
2019-09-19 14:05:02,002 [dcc77c7b-1d37-448d-8d57-43d254561693:group-2522B1FB8D22:LeaderElection579] INFO  server.RaftServerConfigKeys (ConfUtils.java:logGet(43)) - raft.server.watch.timeout.denomination = 1s (default)
2019-09-19 14:05:00,815 [dcc77c7b-1d37-448d-8d57-43d254561693:group-869D2374C5B7:LeaderElection613] INFO  impl.RoleInfo (RoleInfo.java:updateAndGet(143)) - dcc77c7b-1d37-448d-8d57-43d254561693: start LeaderState
2019-09-19 14:05:00,815 [dcc77c7b-1d37-448d-8d57-43d254561693:group-3D808B4B51C3:LeaderElection593] INFO  server.RaftServerConfigKeys (ConfUtils.java:logGet(43)) - raft.server.watch.timeout.denomination = 1s (default)
2019-09-19 14:05:00,815 [dcc77c7b-1d37-448d-8d57-43d254561693:group-6097693610F3:LeaderElection626] INFO  server.RaftServerConfigKeys (ConfUtils.java:logGet(43)) - raft.server.watch.timeout = 10s (default)
2019-09-19 14:05:00,815 [dcc77c7b-1d37-448d-8d57-43d254561693:group-761DA49682B2:LeaderElection590] INFO  server.RaftServerConfigKeys (ConfUtils.java:logGet(43)) - raft.server.watch.timeout.denomination = 1s (default)
2019-09-19 14:05:00,815 [dcc77c7b-1d37-448d-8d57-43d254561693:group-3CB5F09D983C:LeaderElection592] INFO  segmented.SegmentedRaftLogWorker (SegmentedRaftLogWorker.java:startLogSegment(380)) - dcc77c7b-1d37-448d-8d57-43d254561693-SegmentedRaftLogWorker:Storage Directory /workdir/hadoop-ozone/integration-test/target/test-dir/MiniOzoneClusterImpl-3b2755de-4cfe-4b43-9e0d-73dd8eda8f75/datanode-0/data/ratis/df5c79f5-0ba0-4048-9654-3cb5f09d983c: Starting segment from index:0
2019-09-19 14:05:00,815 [dcc77c7b-1d37-448d-8d57-43d254561693:group-8705EAB60863:LeaderElection602] INFO  server.RaftServerConfigKeys (ConfUtils.java:logGet(43)) - raft.server.watch.timeout = 10s (default)
2019-09-19 14:05:02,003 [dcc77c7b-1d37-448d-8d57-43d254561693:group-8705EAB60863:LeaderElection602] INFO  server.RaftServerConfigKeys (ConfUtils.java:logGet(43)) - raft.server.watch.timeout.denomination = 1s (default)
2019-09-19 14:05:00,815 [dcc77c7b-1d37-448d-8d57-43d254561693:group-BCC62B444D9D:LeaderElection583] INFO  server.RaftServerConfigKeys (ConfUtils.java:logGet(43)) - raft.server.watch.timeout.denomination = 1s (default)
2019-09-19 14:05:00,815 [dcc77c7b-1d37-448d-8d57-43d254561693:group-355ED91025D3:LeaderElection577] INFO  impl.RoleInfo (RoleInfo.java:updateAndGet(143)) - dcc77c7b-1d37-448d-8d57-43d254561693: start LeaderState
2019-09-19 14:05:00,814 [dcc77c7b-1d37-448d-8d57-43d254561693:group-D04ACBF66747:LeaderElection576] INFO  server.RaftServerConfigKeys (ConfUtils.java:logGet(43)) - raft.server.watch.timeout = 10s (default)
2019-09-19 14:05:00,814 [dcc77c7b-1d37-448d-8d57-43d254561693:group-973F91C20342:LeaderElection600] INFO  impl.RoleInfo (RoleInfo.java:updateAndGet(143)) - dcc77c7b-1d37-448d-8d57-43d254561693: start LeaderState
2019-09-19 14:05:00,814 [dcc77c7b-1d37-448d-8d57-43d254561693:group-EF22F8D31499:LeaderElection582] INFO  server.RaftServerConfigKeys (ConfUtils.java:logGet(43)) - raft.server.watch.element-limit = 65536 (default)
2019-09-19 14:05:00,814 [dcc77c7b-1d37-448d-8d57-43d254561693:group-8F62CC6B93F9:LeaderElection594] INFO  server.RaftServerConfigKeys (ConfUtils.java:logGet(43)) - raft.server.watch.timeout.denomination = 1s (default)
2019-09-19 14:05:00,814 [dcc77c7b-1d37-448d-8d57-43d254561693:group-AEFE1D75DE75:LeaderElection585] INFO  server.RaftServerConfigKeys (ConfUtils.java:logGet(43)) - raft.server.watch.timeout = 10s (default)
2019-09-19 14:05:02,343 [dcc77c7b-1d37-448d-8d57-43d254561693:group-AEFE1D75DE75:LeaderElection585] INFO  server.RaftServerConfigKeys (ConfUtils.java:logGet(43)) - raft.server.watch.timeout.denomination = 1s (default)
2019-09-19 14:05:00,814 [dcc77c7b-1d37-448d-8d57-43d254561693:group-8DBED52DD969:LeaderElection584] INFO  server.RaftServerConfigKeys (ConfUtils.java:logGet(43)) - raft.server.watch.timeout.denomination = 1s (default)
2019-09-19 14:05:00,813 [dcc77c7b-1d37-448d-8d57-43d254561693:group-DF36A57A9136:LeaderElection573] INFO  server.RaftServerConfigKeys (ConfUtils.java:logGet(43)) - raft.server.watch.element-limit = 65536 (default)
2019-09-19 14:05:00,813 [dcc77c7b-1d37-448d-8d57-43d254561693:group-F426BA34EE2B:LeaderElection586] INFO  server.RaftServerConfigKeys (ConfUtils.java:logGet(43)) - raft.server.watch.timeout.denomination = 1s (default)
2019-09-19 14:05:02,344 | INFO  | SCMAudit | user=jenkins1000 | ip=192.168.157.226 | op=SEND_HEARTBEAT {datanodeUUID=dcc77c7b-1d37-448d-8d57-43d254561693, command=[]} | ret=SUCCESS |  
2019-09-19 14:05:00,813 [dcc77c7b-1d37-448d-8d57-43d254561693:group-B3B29087AAA0:LeaderElection598] INFO  impl.RoleInfo (RoleInfo.java:updateAndGet(143)) - dcc77c7b-1d37-448d-8d57-43d254561693: start LeaderState
2019-09-19 14:05:00,813 [dcc77c7b-1d37-448d-8d57-43d254561693:group-6EDC13E5AA9D:LeaderElection609] INFO  server.RaftServerConfigKeys (ConfUtils.java:logGet(43)) - raft.server.watch.timeout = 10s (default)
2019-09-19 14:05:00,813 [dcc77c7b-1d37-448d-8d57-43d254561693:group-1CA508E03965:LeaderElection622] INFO  server.RaftServerConfigKeys (ConfUtils.java:logGet(43)) - raft.server.watch.timeout = 10s (default)
2019-09-19 14:05:00,813 [dcc77c7b-1d37-448d-8d57-43d254561693:group-BB4E63A8ADCE:LeaderElection623] INFO  impl.RoleInfo (RoleInfo.java:updateAndGet(143)) - dcc77c7b-1d37-448d-8d57-43d254561693: start LeaderState
2019-09-19 14:05:00,812 [dcc77c7b-1d37-448d-8d57-43d254561693:group-C61393B9958E:LeaderElection610] INFO  server.RaftServerConfigKeys (ConfUtils.java:logGet(43)) - raft.server.watch.element-limit = 65536 (default)
2019-09-19 14:05:00,812 [dcc77c7b-1d37-448d-8d57-43d254561693:group-9054243D6A0E:LeaderElection599] INFO  server.RaftServerConfigKeys (ConfUtils.java:logGet(43)) - raft.server.watch.timeout = 10s (default)
2019-09-19 14:05:00,812 [dcc77c7b-1d37-448d-8d57-43d254561693:group-D8C1D5FCCD5D:LeaderElection611] INFO  server.RaftServerConfigKeys (ConfUtils.java:logGet(43)) - raft.server.write.element-limit = 4096 (default)
2019-09-19 14:05:00,812 [dcc77c7b-1d37-448d-8d57-43d254561693:group-CDD98A98F0BC:LeaderElection633] INFO  impl.RaftServerImpl (ServerState.java:setLeader(263)) - dcc77c7b-1d37-448d-8d57-43d254561693:group-CDD98A98F0BC change Leader from null to dcc77c7b-1d37-448d-8d57-43d254561693 at term 1 for becomeLeader, leader elected after 7381ms
2019-09-19 14:05:00,812 [dcc77c7b-1d37-448d-8d57-43d254561693:group-9646DAB2F47F:LeaderElection571] INFO  segmented.SegmentedRaftLogWorker (SegmentedRaftLogWorker.java:startLogSegment(380)) - dcc77c7b-1d37-448d-8d57-43d254561693-SegmentedRaftLogWorker:Storage Directory /workdir/hadoop-ozone/integration-test/target/test-dir/MiniOzoneClusterImpl-3b2755de-4cfe-4b43-9e0d-73dd8eda8f75/datanode-0/data/ratis/c91ad977-9dd9-4a24-8c5f-9646dab2f47f: Starting segment from index:0
2019-09-19 14:05:00,812 [dcc77c7b-1d37-448d-8d57-43d254561693:group-A786CE105C3D:LeaderElection631] INFO  impl.RaftServerImpl (ServerState.java:setLeader(263)) - dcc77c7b-1d37-448d-8d57-43d254561693:group-A786CE105C3D change Leader from null to dcc77c7b-1d37-448d-8d57-43d254561693 at term 1 for becomeLeader, leader elected after 7415ms
2019-09-19 14:05:00,811 [dcc77c7b-1d37-448d-8d57-43d254561693:group-8D9545D9289E:LeaderElection632] INFO  impl.RaftServerImpl (RaftServerImpl.java:setRole(171)) - dcc77c7b-1d37-448d-8d57-43d254561693:group-8D9545D9289E changes role from CANDIDATE to LEADER at term 1 for changeToLeader
2019-09-19 14:05:02,346 [dcc77c7b-1d37-448d-8d57-43d254561693:group-8D9545D9289E:LeaderElection632] INFO  impl.RaftServerImpl (ServerState.java:setLeader(263)) - dcc77c7b-1d37-448d-8d57-43d254561693:group-8D9545D9289E change Leader from null to dcc77c7b-1d37-448d-8d57-43d254561693 at term 1 for becomeLeader, leader elected after 8856ms
2019-09-19 14:05:00,811 [dcc77c7b-1d37-448d-8d57-43d254561693:group-A31FF801AF6F:LeaderElection634] INFO  server.RaftServerConfigKeys (ConfUtils.java:logGet(43)) - raft.server.rpc.sleep.time = 25ms (default)
2019-09-19 14:05:00,811 [Thread-4486] INFO  impl.RoleInfo (RoleInfo.java:updateAndGet(143)) - dcc77c7b-1d37-448d-8d57-43d254561693: start LeaderElection
2019-09-19 14:05:00,811 [Thread-4106] INFO  impl.RaftServerImpl (RaftServerImpl.java:setRole(171)) - dcc77c7b-1d37-448d-8d57-43d254561693:group-0FBA50506B5E changes role from FOLLOWER to CANDIDATE at term 0 for changeToCandidate
2019-09-19 14:05:02,666 | INFO  | SCMAudit | user=jenkins1000 | ip=192.168.157.226 | op=SEND_HEARTBEAT {datanodeUUID=dcc77c7b-1d37-448d-8d57-43d254561693, command=[]} | ret=SUCCESS |  
2019-09-19 14:05:02,667 [Thread-4106] INFO  impl.RoleInfo (RoleInfo.java:updateAndGet(143)) - dcc77c7b-1d37-448d-8d57-43d254561693: start LeaderElection
2019-09-19 14:05:00,545 [dcc77c7b-1d37-448d-8d57-43d254561693-SegmentedRaftLogWorker:Storage Directory /workdir/hadoop-ozone/integration-test/target/test-dir/MiniOzoneClusterImpl-3b2755de-4cfe-4b43-9e0d-73dd8eda8f75/datanode-0/data/ratis/fc8f426b-2bac-4802-a182-07e00fea8c55] ERROR segmented.SegmentedRaftLogWorker (SegmentedRaftLogWorker.java:run(323)) - dcc77c7b-1d37-448d-8d57-43d254561693-SegmentedRaftLogWorker:Storage Directory /workdir/hadoop-ozone/integration-test/target/test-dir/MiniOzoneClusterImpl-3b2755de-4cfe-4b43-9e0d-73dd8eda8f75/datanode-0/data/ratis/fc8f426b-2bac-4802-a182-07e00fea8c55 hit exception
java.lang.OutOfMemoryError: Direct buffer memory
	at java.nio.Bits.reserveMemory(Bits.java:666)
	at java.nio.DirectByteBuffer.<init>(DirectByteBuffer.java:123)
	at java.nio.ByteBuffer.allocateDirect(ByteBuffer.java:311)
	at org.apache.ratis.server.raftlog.segmented.BufferedWriteChannel.<init>(BufferedWriteChannel.java:41)
	at org.apache.ratis.server.raftlog.segmented.SegmentedRaftLogOutputStream.<init>(SegmentedRaftLogOutputStream.java:72)
	at org.apache.ratis.server.raftlog.segmented.SegmentedRaftLogWorker$StartLogSegment.execute(SegmentedRaftLogWorker.java:566)
	at org.apache.ratis.server.raftlog.segmented.SegmentedRaftLogWorker.run(SegmentedRaftLogWorker.java:289)
	at java.lang.Thread.run(Thread.java:748)
2019-09-19 14:05:02,667 [dcc77c7b-1d37-448d-8d57-43d254561693-SegmentedRaftLogWorker:Storage Directory /workdir/hadoop-ozone/integration-test/target/test-dir/MiniOzoneClusterImpl-3b2755de-4cfe-4b43-9e0d-73dd8eda8f75/datanode-0/data/ratis/fc8f426b-2bac-4802-a182-07e00fea8c55] INFO  impl.RaftServerImpl (RaftServerImpl.java:lambda$shutdown$3(245)) - dcc77c7b-1d37-448d-8d57-43d254561693: shutdown group-07E00FEA8C55
2019-09-19 14:05:00,810 [Thread-4515] INFO  impl.RaftServerImpl (RaftServerImpl.java:setRole(171)) - dcc77c7b-1d37-448d-8d57-43d254561693:group-9D703827DFCE changes role from FOLLOWER to CANDIDATE at term 0 for changeToCandidate
2019-09-19 14:05:00,810 [Thread-4100] INFO  impl.FollowerState (FollowerState.java:run(106)) - dcc77c7b-1d37-448d-8d57-43d254561693:group-F3BCA7C22EE0 changes to CANDIDATE, lastRpcTime:10943, electionTimeout:5018ms
2019-09-19 14:05:02,667 [Thread-4100] INFO  impl.RoleInfo (RoleInfo.java:shutdownFollowerState(121)) - dcc77c7b-1d37-448d-8d57-43d254561693: shutdown FollowerState
2019-09-19 14:05:00,810 [Thread-4127] INFO  impl.FollowerState (FollowerState.java:run(106)) - dcc77c7b-1d37-448d-8d57-43d254561693:group-16D5C64EF590 changes to CANDIDATE, lastRpcTime:10677, electionTimeout:5021ms
2019-09-19 14:05:02,668 [Thread-4127] INFO  impl.RoleInfo (RoleInfo.java:shutdownFollowerState(121)) - dcc77c7b-1d37-448d-8d57-43d254561693: shutdown FollowerState
2019-09-19 14:05:00,810 [Thread-4495] INFO  impl.RoleInfo (RoleInfo.java:updateAndGet(143)) - dcc77c7b-1d37-448d-8d57-43d254561693: start LeaderElection
2019-09-19 14:05:00,810 [Thread-4512] INFO  impl.RoleInfo (RoleInfo.java:updateAndGet(143)) - dcc77c7b-1d37-448d-8d57-43d254561693: start LeaderElection
2019-09-19 14:05:00,810 [Thread-4518] INFO  impl.RoleInfo (RoleInfo.java:updateAndGet(143)) - dcc77c7b-1d37-448d-8d57-43d254561693: start LeaderElection
2019-09-19 14:05:00,810 [Thread-4508] INFO  impl.RoleInfo (RoleInfo.java:updateAndGet(143)) - dcc77c7b-1d37-448d-8d57-43d254561693: start LeaderElection
2019-09-19 14:05:00,810 [Thread-4521] INFO  impl.RoleInfo (RoleInfo.java:updateAndGet(143)) - dcc77c7b-1d37-448d-8d57-43d254561693: start LeaderElection
2019-09-19 14:05:00,810 [dcc77c7b-1d37-448d-8d57-43d254561693-SegmentedRaftLogWorker:Storage Directory /workdir/hadoop-ozone/integration-test/target/test-dir/MiniOzoneClusterImpl-3b2755de-4cfe-4b43-9e0d-73dd8eda8f75/datanode-0/data/ratis/cf6cdb73-37c6-40ba-8817-99912b84409f] INFO  impl.PendingRequests (PendingRequests.java:sendNotLeaderResponses(202)) - dcc77c7b-1d37-448d-8d57-43d254561693-PendingRequests: sendNotLeaderResponses
2019-09-19 14:05:00,809 [Thread-4525] INFO  impl.RoleInfo (RoleInfo.java:updateAndGet(143)) - dcc77c7b-1d37-448d-8d57-43d254561693: start LeaderElection
2019-09-19 14:05:00,809 [Thread-4644] INFO  impl.FollowerState (FollowerState.java:run(106)) - dcc77c7b-1d37-448d-8d57-43d254561693:group-06488AB7C697 changes to CANDIDATE, lastRpcTime:5188, electionTimeout:5068ms
2019-09-19 14:05:02,670 [Thread-4644] INFO  impl.RoleInfo (RoleInfo.java:shutdownFollowerState(121)) - dcc77c7b-1d37-448d-8d57-43d254561693: shutdown FollowerState
2019-09-19 14:05:00,809 [Thread-4124] INFO  impl.FollowerState (FollowerState.java:run(106)) - dcc77c7b-1d37-448d-8d57-43d254561693:group-A89996D31591 changes to CANDIDATE, lastRpcTime:10689, electionTimeout:5075ms
2019-09-19 14:05:00,809 [Thread-4112] INFO  impl.FollowerState (FollowerState.java:run(106)) - dcc77c7b-1d37-448d-8d57-43d254561693:group-3FFAC3177C15 changes to CANDIDATE, lastRpcTime:10805, electionTimeout:5082ms
2019-09-19 14:05:02,670 [Thread-4112] INFO  impl.RoleInfo (RoleInfo.java:shutdownFollowerState(121)) - dcc77c7b-1d37-448d-8d57-43d254561693: shutdown FollowerState
2019-09-19 14:05:00,809 [Thread-4121] INFO  impl.FollowerState (FollowerState.java:run(106)) - dcc77c7b-1d37-448d-8d57-43d254561693:group-CCAC13F47FF4 changes to CANDIDATE, lastRpcTime:10702, electionTimeout:5121ms
2019-09-19 14:05:02,670 [Thread-4121] INFO  impl.RoleInfo (RoleInfo.java:shutdownFollowerState(121)) - dcc77c7b-1d37-448d-8d57-43d254561693: shutdown FollowerState
2019-09-19 14:05:00,809 [Thread-4109] INFO  impl.FollowerState (FollowerState.java:run(106)) - dcc77c7b-1d37-448d-8d57-43d254561693:group-A51E53567AEE changes to CANDIDATE, lastRpcTime:10841, electionTimeout:5131ms
2019-09-19 14:05:02,670 [Thread-4109] INFO  impl.RoleInfo (RoleInfo.java:shutdownFollowerState(121)) - dcc77c7b-1d37-448d-8d57-43d254561693: shutdown FollowerState
2019-09-19 14:05:02,671 [Thread-4109] INFO  impl.RaftServerImpl (RaftServerImpl.java:setRole(171)) - dcc77c7b-1d37-448d-8d57-43d254561693:group-A51E53567AEE changes role from FOLLOWER to CANDIDATE at term 0 for changeToCandidate
2019-09-19 14:05:00,809 [Thread-4115] INFO  impl.FollowerState (FollowerState.java:run(106)) - dcc77c7b-1d37-448d-8d57-43d254561693:group-DFB7682575CC changes to CANDIDATE, lastRpcTime:10768, electionTimeout:5170ms
2019-09-19 14:05:02,671 [Thread-4115] INFO  impl.RoleInfo (RoleInfo.java:shutdownFollowerState(121)) - dcc77c7b-1d37-448d-8d57-43d254561693: shutdown FollowerState
2019-09-19 14:05:00,809 [Thread-4118] INFO  impl.FollowerState (FollowerState.java:run(106)) - dcc77c7b-1d37-448d-8d57-43d254561693:group-A8B0DCFAD616 changes to CANDIDATE, lastRpcTime:10735, electionTimeout:5173ms
2019-09-19 14:05:02,671 [Thread-4118] INFO  impl.RoleInfo (RoleInfo.java:shutdownFollowerState(121)) - dcc77c7b-1d37-448d-8d57-43d254561693: shutdown FollowerState
2019-09-19 14:05:00,809 [Thread-4538] INFO  impl.RoleInfo (RoleInfo.java:updateAndGet(143)) - dcc77c7b-1d37-448d-8d57-43d254561693: start LeaderElection
2019-09-19 14:05:00,809 [dcc77c7b-1d37-448d-8d57-43d254561693:group-A456A21CC0DF:LeaderElection578] INFO  impl.RaftServerImpl (ServerState.java:setRaftConf(361)) - dcc77c7b-1d37-448d-8d57-43d254561693:group-A456A21CC0DF set configuration 0: [dcc77c7b-1d37-448d-8d57-43d254561693:192.168.157.226:34527], old=null at 0
2019-09-19 14:05:00,240 [dcc77c7b-1d37-448d-8d57-43d254561693:group-A8E7F9479FC5:LeaderElection597] INFO  impl.RoleInfo (RoleInfo.java:updateAndGet(143)) - dcc77c7b-1d37-448d-8d57-43d254561693: start LeaderState
2019-09-19 14:05:00,240 [dcc77c7b-1d37-448d-8d57-43d254561693:group-FC8AC56A4CFE:LeaderElection567] INFO  impl.RaftServerImpl (ServerState.java:setRaftConf(361)) - dcc77c7b-1d37-448d-8d57-43d254561693:group-FC8AC56A4CFE set configuration 0: [dcc77c7b-1d37-448d-8d57-43d254561693:192.168.157.226:34527], old=null at 0
2019-09-19 14:05:00,239 [dcc77c7b-1d37-448d-8d57-43d254561693:group-E62FEC0D47BC:LeaderElection643] INFO  impl.LeaderElection (LeaderElection.java:askForVotes(181)) - dcc77c7b-1d37-448d-8d57-43d254561693:group-E62FEC0D47BC:LeaderElection643: begin an election at term 1 for -1: [dcc77c7b-1d37-448d-8d57-43d254561693:192.168.157.226:34527], old=null
2019-09-19 14:05:00,239 [dcc77c7b-1d37-448d-8d57-43d254561693:group-3B4ECEA16FCB:LeaderElection641] INFO  impl.LeaderElection (LeaderElection.java:askForVotes(181)) - dcc77c7b-1d37-448d-8d57-43d254561693:group-3B4ECEA16FCB:LeaderElection641: begin an election at term 1 for -1: [dcc77c7b-1d37-448d-8d57-43d254561693:192.168.157.226:34527], old=null
2019-09-19 14:05:00,239 [dcc77c7b-1d37-448d-8d57-43d254561693:group-314C4D324251:LeaderElection639] INFO  impl.LeaderElection (LeaderElection.java:askForVotes(181)) - dcc77c7b-1d37-448d-8d57-43d254561693:group-314C4D324251:LeaderElection639: begin an election at term 1 for -1: [dcc77c7b-1d37-448d-8d57-43d254561693:192.168.157.226:34527], old=null
2019-09-19 14:05:02,672 [dcc77c7b-1d37-448d-8d57-43d254561693:group-314C4D324251:LeaderElection639] INFO  impl.RoleInfo (RoleInfo.java:shutdownLeaderElection(134)) - dcc77c7b-1d37-448d-8d57-43d254561693: shutdown LeaderElection
2019-09-19 14:05:00,239 [dcc77c7b-1d37-448d-8d57-43d254561693:group-2AF851618A31:LeaderElection642] INFO  impl.LeaderElection (LeaderElection.java:askForVotes(181)) - dcc77c7b-1d37-448d-8d57-43d254561693:group-2AF851618A31:LeaderElection642: begin an election at term 1 for -1: [dcc77c7b-1d37-448d-8d57-43d254561693:192.168.157.226:34527], old=null
2019-09-19 14:05:00,239 [dcc77c7b-1d37-448d-8d57-43d254561693:group-04BD0E6020D4:LeaderElection640] INFO  impl.LeaderElection (LeaderElection.java:askForVotes(181)) - dcc77c7b-1d37-448d-8d57-43d254561693:group-04BD0E6020D4:LeaderElection640: begin an election at term 1 for -1: [dcc77c7b-1d37-448d-8d57-43d254561693:192.168.157.226:34527], old=null
2019-09-19 14:05:00,239 [dcc77c7b-1d37-448d-8d57-43d254561693:group-A7785E8E6A28:LeaderElection638] INFO  impl.LeaderElection (LeaderElection.java:askForVotes(181)) - dcc77c7b-1d37-448d-8d57-43d254561693:group-A7785E8E6A28:LeaderElection638: begin an election at term 1 for -1: [dcc77c7b-1d37-448d-8d57-43d254561693:192.168.157.226:34527], old=null
2019-09-19 14:05:02,673 [dcc77c7b-1d37-448d-8d57-43d254561693:group-A7785E8E6A28:LeaderElection638] INFO  impl.RoleInfo (RoleInfo.java:shutdownLeaderElection(134)) - dcc77c7b-1d37-448d-8d57-43d254561693: shutdown LeaderElection
2019-09-19 14:05:02,673 [dcc77c7b-1d37-448d-8d57-43d254561693:group-A7785E8E6A28:LeaderElection638] INFO  impl.RaftServerImpl (RaftServerImpl.java:setRole(171)) - dcc77c7b-1d37-448d-8d57-43d254561693:group-A7785E8E6A28 changes role from CANDIDATE to LEADER at term 1 for changeToLeader
2019-09-19 14:05:02,673 [dcc77c7b-1d37-448d-8d57-43d254561693:group-A7785E8E6A28:LeaderElection638] INFO  impl.RaftServerImpl (ServerState.java:setLeader(263)) - dcc77c7b-1d37-448d-8d57-43d254561693:group-A7785E8E6A28 change Leader from null to dcc77c7b-1d37-448d-8d57-43d254561693 at term 1 for becomeLeader, leader elected after 8735ms
2019-09-19 14:05:00,239 [Thread-4623] INFO  impl.FollowerState (FollowerState.java:run(106)) - dcc77c7b-1d37-448d-8d57-43d254561693:group-0720468DC241 changes to CANDIDATE, lastRpcTime:5319, electionTimeout:5152ms
2019-09-19 14:05:02,674 [Thread-4623] INFO  impl.RoleInfo (RoleInfo.java:shutdownFollowerState(121)) - dcc77c7b-1d37-448d-8d57-43d254561693: shutdown FollowerState
2019-09-19 14:05:00,239 [dcc77c7b-1d37-448d-8d57-43d254561693-SegmentedRaftLogWorker:Storage Directory /workdir/hadoop-ozone/integration-test/target/test-dir/MiniOzoneClusterImpl-3b2755de-4cfe-4b43-9e0d-73dd8eda8f75/datanode-0/data/ratis/ee3934f9-9712-4852-9baf-a8fd2d474859] ERROR segmented.SegmentedRaftLogWorker (SegmentedRaftLogWorker.java:run(323)) - dcc77c7b-1d37-448d-8d57-43d254561693-SegmentedRaftLogWorker:Storage Directory /workdir/hadoop-ozone/integration-test/target/test-dir/MiniOzoneClusterImpl-3b2755de-4cfe-4b43-9e0d-73dd8eda8f75/datanode-0/data/ratis/ee3934f9-9712-4852-9baf-a8fd2d474859 hit exception
java.lang.OutOfMemoryError: Direct buffer memory
	at java.nio.Bits.reserveMemory(Bits.java:666)
	at java.nio.DirectByteBuffer.<init>(DirectByteBuffer.java:123)
	at java.nio.ByteBuffer.allocateDirect(ByteBuffer.java:311)
	at org.apache.ratis.server.raftlog.segmented.BufferedWriteChannel.<init>(BufferedWriteChannel.java:41)
	at org.apache.ratis.server.raftlog.segmented.SegmentedRaftLogOutputStream.<init>(SegmentedRaftLogOutputStream.java:72)
	at org.apache.ratis.server.raftlog.segmented.SegmentedRaftLogWorker$StartLogSegment.execute(SegmentedRaftLogWorker.java:566)
	at org.apache.ratis.server.raftlog.segmented.SegmentedRaftLogWorker.run(SegmentedRaftLogWorker.java:289)
	at java.lang.Thread.run(Thread.java:748)
2019-09-19 14:05:02,674 [dcc77c7b-1d37-448d-8d57-43d254561693-SegmentedRaftLogWorker:Storage Directory /workdir/hadoop-ozone/integration-test/target/test-dir/MiniOzoneClusterImpl-3b2755de-4cfe-4b43-9e0d-73dd8eda8f75/datanode-0/data/ratis/ee3934f9-9712-4852-9baf-a8fd2d474859] INFO  impl.RaftServerImpl (RaftServerImpl.java:lambda$shutdown$3(245)) - dcc77c7b-1d37-448d-8d57-43d254561693: shutdown group-A8FD2D474859
2019-09-19 14:04:59,991 [dcc77c7b-1d37-448d-8d57-43d254561693:group-EC9A652F867E:LeaderElection568] INFO  server.RaftServerConfigKeys (ConfUtils.java:logGet(43)) - raft.server.rpc.sleep.time = 25ms (default)
2019-09-19 14:04:59,991 [dcc77c7b-1d37-448d-8d57-43d254561693:group-1C369C9291F7:LeaderElection566] INFO  impl.RaftServerImpl (ServerState.java:setRaftConf(361)) - dcc77c7b-1d37-448d-8d57-43d254561693:group-1C369C9291F7 set configuration 0: [dcc77c7b-1d37-448d-8d57-43d254561693:192.168.157.226:34527], old=null at 0
2019-09-19 14:05:02,675 [dcc77c7b-1d37-448d-8d57-43d254561693:group-EC9A652F867E:LeaderElection568] INFO  server.RaftServerConfigKeys (ConfUtils.java:logGet(43)) - raft.server.write.element-limit = 4096 (default)
2019-09-19 14:05:02,674 [dcc77c7b-1d37-448d-8d57-43d254561693-SegmentedRaftLogWorker:Storage Directory /workdir/hadoop-ozone/integration-test/target/test-dir/MiniOzoneClusterImpl-3b2755de-4cfe-4b43-9e0d-73dd8eda8f75/datanode-0/data/ratis/ee3934f9-9712-4852-9baf-a8fd2d474859] INFO  util.JmxRegister (JmxRegister.java:unregister(73)) - Successfully un-registered JMX Bean with object name Ratis:service=RaftServer,group=group-A8FD2D474859,id=dcc77c7b-1d37-448d-8d57-43d254561693
2019-09-19 14:05:02,675 [dcc77c7b-1d37-448d-8d57-43d254561693-SegmentedRaftLogWorker:Storage Directory /workdir/hadoop-ozone/integration-test/target/test-dir/MiniOzoneClusterImpl-3b2755de-4cfe-4b43-9e0d-73dd8eda8f75/datanode-0/data/ratis/ee3934f9-9712-4852-9baf-a8fd2d474859] INFO  impl.RoleInfo (RoleInfo.java:shutdownLeaderState(104)) - dcc77c7b-1d37-448d-8d57-43d254561693: shutdown LeaderState
2019-09-19 14:05:02,674 [Thread-4623] INFO  impl.RaftServerImpl (RaftServerImpl.java:setRole(171)) - dcc77c7b-1d37-448d-8d57-43d254561693:group-0720468DC241 changes role from FOLLOWER to CANDIDATE at term 0 for changeToCandidate
2019-09-19 14:05:02,673 [dcc77c7b-1d37-448d-8d57-43d254561693:group-A7785E8E6A28:LeaderElection638] INFO  server.RaftServerConfigKeys (ConfUtils.java:logGet(43)) - raft.server.staging.catchup.gap = 1000 (default)
2019-09-19 14:05:02,673 [dcc77c7b-1d37-448d-8d57-43d254561693:group-04BD0E6020D4:LeaderElection640] INFO  impl.RoleInfo (RoleInfo.java:shutdownLeaderElection(134)) - dcc77c7b-1d37-448d-8d57-43d254561693: shutdown LeaderElection
2019-09-19 14:05:02,673 [dcc77c7b-1d37-448d-8d57-43d254561693:group-2AF851618A31:LeaderElection642] INFO  impl.RoleInfo (RoleInfo.java:shutdownLeaderElection(134)) - dcc77c7b-1d37-448d-8d57-43d254561693: shutdown LeaderElection
2019-09-19 14:05:02,672 [dcc77c7b-1d37-448d-8d57-43d254561693:group-314C4D324251:LeaderElection639] INFO  impl.RaftServerImpl (RaftServerImpl.java:setRole(171)) - dcc77c7b-1d37-448d-8d57-43d254561693:group-314C4D324251 changes role from CANDIDATE to LEADER at term 1 for changeToLeader
2019-09-19 14:05:02,672 [dcc77c7b-1d37-448d-8d57-43d254561693:group-3B4ECEA16FCB:LeaderElection641] INFO  impl.RoleInfo (RoleInfo.java:shutdownLeaderElection(134)) - dcc77c7b-1d37-448d-8d57-43d254561693: shutdown LeaderElection
2019-09-19 14:05:02,676 [dcc77c7b-1d37-448d-8d57-43d254561693:group-3B4ECEA16FCB:LeaderElection641] INFO  impl.RaftServerImpl (RaftServerImpl.java:setRole(171)) - dcc77c7b-1d37-448d-8d57-43d254561693:group-3B4ECEA16FCB changes role from CANDIDATE to LEADER at term 1 for changeToLeader
2019-09-19 14:05:02,672 [dcc77c7b-1d37-448d-8d57-43d254561693:group-E62FEC0D47BC:LeaderElection643] INFO  impl.RoleInfo (RoleInfo.java:shutdownLeaderElection(134)) - dcc77c7b-1d37-448d-8d57-43d254561693: shutdown LeaderElection
2019-09-19 14:05:02,676 [dcc77c7b-1d37-448d-8d57-43d254561693:group-E62FEC0D47BC:LeaderElection643] INFO  impl.RaftServerImpl (RaftServerImpl.java:setRole(171)) - dcc77c7b-1d37-448d-8d57-43d254561693:group-E62FEC0D47BC changes role from CANDIDATE to LEADER at term 1 for changeToLeader
2019-09-19 14:05:02,672 [dcc77c7b-1d37-448d-8d57-43d254561693:group-A8E7F9479FC5:LeaderElection597] INFO  segmented.SegmentedRaftLogWorker (SegmentedRaftLogWorker.java:startLogSegment(380)) - dcc77c7b-1d37-448d-8d57-43d254561693-SegmentedRaftLogWorker:Storage Directory /workdir/hadoop-ozone/integration-test/target/test-dir/MiniOzoneClusterImpl-3b2755de-4cfe-4b43-9e0d-73dd8eda8f75/datanode-0/data/ratis/5f039e0b-2746-4771-9cdf-a8e7f9479fc5: Starting segment from index:0
2019-09-19 14:05:02,671 [Thread-4118] INFO  impl.RaftServerImpl (RaftServerImpl.java:setRole(171)) - dcc77c7b-1d37-448d-8d57-43d254561693:group-A8B0DCFAD616 changes role from FOLLOWER to CANDIDATE at term 0 for changeToCandidate
2019-09-19 14:05:02,671 [Thread-4115] INFO  impl.RaftServerImpl (RaftServerImpl.java:setRole(171)) - dcc77c7b-1d37-448d-8d57-43d254561693:group-DFB7682575CC changes role from FOLLOWER to CANDIDATE at term 0 for changeToCandidate
2019-09-19 14:05:02,671 [Thread-4109] INFO  impl.RoleInfo (RoleInfo.java:updateAndGet(143)) - dcc77c7b-1d37-448d-8d57-43d254561693: start LeaderElection
2019-09-19 14:05:02,972 | INFO  | SCMAudit | user=jenkins1000 | ip=192.168.157.226 | op=SEND_HEARTBEAT {datanodeUUID=dcc77c7b-1d37-448d-8d57-43d254561693, command=[]} | ret=SUCCESS |  
2019-09-19 14:05:02,670 [Thread-4121] INFO  impl.RaftServerImpl (RaftServerImpl.java:setRole(171)) - dcc77c7b-1d37-448d-8d57-43d254561693:group-CCAC13F47FF4 changes role from FOLLOWER to CANDIDATE at term 0 for changeToCandidate
2019-09-19 14:05:02,670 [Thread-4112] INFO  impl.RaftServerImpl (RaftServerImpl.java:setRole(171)) - dcc77c7b-1d37-448d-8d57-43d254561693:group-3FFAC3177C15 changes role from FOLLOWER to CANDIDATE at term 0 for changeToCandidate
2019-09-19 14:05:02,670 [Thread-4124] INFO  impl.RoleInfo (RoleInfo.java:shutdownFollowerState(121)) - dcc77c7b-1d37-448d-8d57-43d254561693: shutdown FollowerState
2019-09-19 14:05:02,670 [Thread-4644] INFO  impl.RaftServerImpl (RaftServerImpl.java:setRole(171)) - dcc77c7b-1d37-448d-8d57-43d254561693:group-06488AB7C697 changes role from FOLLOWER to CANDIDATE at term 0 for changeToCandidate
2019-09-19 14:05:02,973 [Thread-4644] INFO  impl.RoleInfo (RoleInfo.java:updateAndGet(143)) - dcc77c7b-1d37-448d-8d57-43d254561693: start LeaderElection
2019-09-19 14:05:02,669 [dcc77c7b-1d37-448d-8d57-43d254561693-SegmentedRaftLogWorker:Storage Directory /workdir/hadoop-ozone/integration-test/target/test-dir/MiniOzoneClusterImpl-3b2755de-4cfe-4b43-9e0d-73dd8eda8f75/datanode-0/data/ratis/cf6cdb73-37c6-40ba-8817-99912b84409f] INFO  impl.StateMachineUpdater (StateMachineUpdater.java:stopAndJoin(115)) - StateMachineUpdater:dcc77c7b-1d37-448d-8d57-43d254561693:group-99912B84409F: set stopIndex = -1
2019-09-19 14:05:02,973 [dcc77c7b-1d37-448d-8d57-43d254561693-SegmentedRaftLogWorker:Storage Directory /workdir/hadoop-ozone/integration-test/target/test-dir/MiniOzoneClusterImpl-3b2755de-4cfe-4b43-9e0d-73dd8eda8f75/datanode-0/data/ratis/cf6cdb73-37c6-40ba-8817-99912b84409f] INFO  impl.RaftServerImpl (ServerState.java:close(394)) - dcc77c7b-1d37-448d-8d57-43d254561693:group-99912B84409F closes. The last applied log index is -1
2019-09-19 14:05:02,668 [Thread-4127] INFO  impl.RaftServerImpl (RaftServerImpl.java:setRole(171)) - dcc77c7b-1d37-448d-8d57-43d254561693:group-16D5C64EF590 changes role from FOLLOWER to CANDIDATE at term 0 for changeToCandidate
2019-09-19 14:05:02,973 [Thread-4127] INFO  impl.RoleInfo (RoleInfo.java:updateAndGet(143)) - dcc77c7b-1d37-448d-8d57-43d254561693: start LeaderElection
2019-09-19 14:05:02,668 [Thread-4100] INFO  impl.RaftServerImpl (RaftServerImpl.java:setRole(171)) - dcc77c7b-1d37-448d-8d57-43d254561693:group-F3BCA7C22EE0 changes role from FOLLOWER to CANDIDATE at term 0 for changeToCandidate
2019-09-19 14:05:02,667 [Thread-4515] INFO  impl.RoleInfo (RoleInfo.java:updateAndGet(143)) - dcc77c7b-1d37-448d-8d57-43d254561693: start LeaderElection
2019-09-19 14:05:02,667 [dcc77c7b-1d37-448d-8d57-43d254561693-SegmentedRaftLogWorker:Storage Directory /workdir/hadoop-ozone/integration-test/target/test-dir/MiniOzoneClusterImpl-3b2755de-4cfe-4b43-9e0d-73dd8eda8f75/datanode-0/data/ratis/fc8f426b-2bac-4802-a182-07e00fea8c55] INFO  util.JmxRegister (JmxRegister.java:unregister(73)) - Successfully un-registered JMX Bean with object name Ratis:service=RaftServer,group=group-07E00FEA8C55,id=dcc77c7b-1d37-448d-8d57-43d254561693
2019-09-19 14:05:02,974 [dcc77c7b-1d37-448d-8d57-43d254561693-SegmentedRaftLogWorker:Storage Directory /workdir/hadoop-ozone/integration-test/target/test-dir/MiniOzoneClusterImpl-3b2755de-4cfe-4b43-9e0d-73dd8eda8f75/datanode-0/data/ratis/fc8f426b-2bac-4802-a182-07e00fea8c55] INFO  impl.RoleInfo (RoleInfo.java:shutdownLeaderState(104)) - dcc77c7b-1d37-448d-8d57-43d254561693: shutdown LeaderState
2019-09-19 14:05:02,666 [dcc77c7b-1d37-448d-8d57-43d254561693:group-A31FF801AF6F:LeaderElection634] INFO  server.RaftServerConfigKeys (ConfUtils.java:logGet(43)) - raft.server.write.element-limit = 4096 (default)
2019-09-19 14:05:02,974 [dcc77c7b-1d37-448d-8d57-43d254561693:group-A31FF801AF6F:LeaderElection634] INFO  server.RaftServerConfigKeys (ConfUtils.java:logGet(43)) - raft.server.watch.timeout = 10s (default)
2019-09-19 14:05:02,665 [dcc77c7b-1d37-448d-8d57-43d254561693-SegmentedRaftLogWorker:Storage Directory /workdir/hadoop-ozone/integration-test/target/test-dir/MiniOzoneClusterImpl-3b2755de-4cfe-4b43-9e0d-73dd8eda8f75/datanode-0/data/ratis/9d7df28a-497c-4916-83d4-1c369c9291f7] ERROR segmented.SegmentedRaftLogWorker (SegmentedRaftLogWorker.java:run(323)) - dcc77c7b-1d37-448d-8d57-43d254561693-SegmentedRaftLogWorker:Storage Directory /workdir/hadoop-ozone/integration-test/target/test-dir/MiniOzoneClusterImpl-3b2755de-4cfe-4b43-9e0d-73dd8eda8f75/datanode-0/data/ratis/9d7df28a-497c-4916-83d4-1c369c9291f7 hit exception
java.lang.OutOfMemoryError: Direct buffer memory
	at java.nio.Bits.reserveMemory(Bits.java:666)
	at java.nio.DirectByteBuffer.<init>(DirectByteBuffer.java:123)
	at java.nio.ByteBuffer.allocateDirect(ByteBuffer.java:311)
	at org.apache.ratis.server.raftlog.segmented.BufferedWriteChannel.<init>(BufferedWriteChannel.java:41)
	at org.apache.ratis.server.raftlog.segmented.SegmentedRaftLogOutputStream.<init>(SegmentedRaftLogOutputStream.java:72)
	at org.apache.ratis.server.raftlog.segmented.SegmentedRaftLogWorker$StartLogSegment.execute(SegmentedRaftLogWorker.java:566)
	at org.apache.ratis.server.raftlog.segmented.SegmentedRaftLogWorker.run(SegmentedRaftLogWorker.java:289)
	at java.lang.Thread.run(Thread.java:748)
2019-09-19 14:05:02,665 [dcc77c7b-1d37-448d-8d57-43d254561693-SegmentedRaftLogWorker:Storage Directory /workdir/hadoop-ozone/integration-test/target/test-dir/MiniOzoneClusterImpl-3b2755de-4cfe-4b43-9e0d-73dd8eda8f75/datanode-0/data/ratis/dbf1b950-f008-4424-a7f2-a456a21cc0df] ERROR segmented.SegmentedRaftLogWorker (SegmentedRaftLogWorker.java:run(323)) - dcc77c7b-1d37-448d-8d57-43d254561693-SegmentedRaftLogWorker:Storage Directory /workdir/hadoop-ozone/integration-test/target/test-dir/MiniOzoneClusterImpl-3b2755de-4cfe-4b43-9e0d-73dd8eda8f75/datanode-0/data/ratis/dbf1b950-f008-4424-a7f2-a456a21cc0df hit exception
java.lang.OutOfMemoryError: Direct buffer memory
	at java.nio.Bits.reserveMemory(Bits.java:666)
	at java.nio.DirectByteBuffer.<init>(DirectByteBuffer.java:123)
	at java.nio.ByteBuffer.allocateDirect(ByteBuffer.java:311)
	at org.apache.ratis.server.raftlog.segmented.BufferedWriteChannel.<init>(BufferedWriteChannel.java:41)
	at org.apache.ratis.server.raftlog.segmented.SegmentedRaftLogOutputStream.<init>(SegmentedRaftLogOutputStream.java:72)
	at org.apache.ratis.server.raftlog.segmented.SegmentedRaftLogWorker$StartLogSegment.execute(SegmentedRaftLogWorker.java:566)
	at org.apache.ratis.server.raftlog.segmented.SegmentedRaftLogWorker.run(SegmentedRaftLogWorker.java:289)
	at java.lang.Thread.run(Thread.java:748)
2019-09-19 14:05:02,975 [dcc77c7b-1d37-448d-8d57-43d254561693-SegmentedRaftLogWorker:Storage Directory /workdir/hadoop-ozone/integration-test/target/test-dir/MiniOzoneClusterImpl-3b2755de-4cfe-4b43-9e0d-73dd8eda8f75/datanode-0/data/ratis/dbf1b950-f008-4424-a7f2-a456a21cc0df] INFO  impl.RaftServerImpl (RaftServerImpl.java:lambda$shutdown$3(245)) - dcc77c7b-1d37-448d-8d57-43d254561693: shutdown group-A456A21CC0DF
2019-09-19 14:05:02,346 [dcc77c7b-1d37-448d-8d57-43d254561693:group-8D9545D9289E:LeaderElection632] INFO  server.RaftServerConfigKeys (ConfUtils.java:logGet(43)) - raft.server.staging.catchup.gap = 1000 (default)
2019-09-19 14:05:02,975 [dcc77c7b-1d37-448d-8d57-43d254561693:group-8D9545D9289E:LeaderElection632] INFO  server.RaftServerConfigKeys (ConfUtils.java:logGet(43)) - raft.server.rpc.sleep.time = 25ms (default)
2019-09-19 14:05:02,346 [dcc77c7b-1d37-448d-8d57-43d254561693:group-9646DAB2F47F:LeaderElection571] INFO  impl.RaftServerImpl (ServerState.java:setRaftConf(361)) - dcc77c7b-1d37-448d-8d57-43d254561693:group-9646DAB2F47F set configuration 0: [dcc77c7b-1d37-448d-8d57-43d254561693:192.168.157.226:34527], old=null at 0
2019-09-19 14:05:02,346 [dcc77c7b-1d37-448d-8d57-43d254561693:group-A786CE105C3D:LeaderElection631] INFO  server.RaftServerConfigKeys (ConfUtils.java:logGet(43)) - raft.server.staging.catchup.gap = 1000 (default)
2019-09-19 14:05:02,345 [dcc77c7b-1d37-448d-8d57-43d254561693:group-CDD98A98F0BC:LeaderElection633] INFO  server.RaftServerConfigKeys (ConfUtils.java:logGet(43)) - raft.server.staging.catchup.gap = 1000 (default)
2019-09-19 14:05:02,345 [dcc77c7b-1d37-448d-8d57-43d254561693:group-D8C1D5FCCD5D:LeaderElection611] INFO  server.RaftServerConfigKeys (ConfUtils.java:logGet(43)) - raft.server.watch.timeout = 10s (default)
2019-09-19 14:05:02,345 [dcc77c7b-1d37-448d-8d57-43d254561693:group-9054243D6A0E:LeaderElection599] INFO  server.RaftServerConfigKeys (ConfUtils.java:logGet(43)) - raft.server.watch.timeout.denomination = 1s (default)
2019-09-19 14:05:02,345 [dcc77c7b-1d37-448d-8d57-43d254561693:group-C61393B9958E:LeaderElection610] INFO  impl.RoleInfo (RoleInfo.java:updateAndGet(143)) - dcc77c7b-1d37-448d-8d57-43d254561693: start LeaderState
2019-09-19 14:05:02,345 [dcc77c7b-1d37-448d-8d57-43d254561693:group-BB4E63A8ADCE:LeaderElection623] INFO  segmented.SegmentedRaftLogWorker (SegmentedRaftLogWorker.java:startLogSegment(380)) - dcc77c7b-1d37-448d-8d57-43d254561693-SegmentedRaftLogWorker:Storage Directory /workdir/hadoop-ozone/integration-test/target/test-dir/MiniOzoneClusterImpl-3b2755de-4cfe-4b43-9e0d-73dd8eda8f75/datanode-0/data/ratis/2394fb0c-6f10-496e-bf96-bb4e63a8adce: Starting segment from index:0
2019-09-19 14:05:02,344 [dcc77c7b-1d37-448d-8d57-43d254561693:group-1CA508E03965:LeaderElection622] INFO  server.RaftServerConfigKeys (ConfUtils.java:logGet(43)) - raft.server.watch.timeout.denomination = 1s (default)
2019-09-19 14:05:03,307 | INFO  | SCMAudit | user=jenkins1000 | ip=192.168.157.226 | op=SEND_HEARTBEAT {datanodeUUID=dcc77c7b-1d37-448d-8d57-43d254561693, command=[]} | ret=SUCCESS |  
2019-09-19 14:05:02,344 [dcc77c7b-1d37-448d-8d57-43d254561693:group-6EDC13E5AA9D:LeaderElection609] INFO  server.RaftServerConfigKeys (ConfUtils.java:logGet(43)) - raft.server.watch.timeout.denomination = 1s (default)
2019-09-19 14:05:02,344 [dcc77c7b-1d37-448d-8d57-43d254561693:group-B3B29087AAA0:LeaderElection598] INFO  segmented.SegmentedRaftLogWorker (SegmentedRaftLogWorker.java:startLogSegment(380)) - dcc77c7b-1d37-448d-8d57-43d254561693-SegmentedRaftLogWorker:Storage Directory /workdir/hadoop-ozone/integration-test/target/test-dir/MiniOzoneClusterImpl-3b2755de-4cfe-4b43-9e0d-73dd8eda8f75/datanode-0/data/ratis/056fd711-72ef-4867-a25d-b3b29087aaa0: Starting segment from index:0
2019-09-19 14:05:02,344 [dcc77c7b-1d37-448d-8d57-43d254561693:group-F426BA34EE2B:LeaderElection586] INFO  server.RaftServerConfigKeys (ConfUtils.java:logGet(43)) - raft.server.watch.element-limit = 65536 (default)
2019-09-19 14:05:02,344 [dcc77c7b-1d37-448d-8d57-43d254561693:group-DF36A57A9136:LeaderElection573] INFO  impl.RoleInfo (RoleInfo.java:updateAndGet(143)) - dcc77c7b-1d37-448d-8d57-43d254561693: start LeaderState
2019-09-19 14:05:02,344 [dcc77c7b-1d37-448d-8d57-43d254561693:group-8DBED52DD969:LeaderElection584] INFO  server.RaftServerConfigKeys (ConfUtils.java:logGet(43)) - raft.server.watch.element-limit = 65536 (default)
2019-09-19 14:05:02,343 [dcc77c7b-1d37-448d-8d57-43d254561693:group-AEFE1D75DE75:LeaderElection585] INFO  server.RaftServerConfigKeys (ConfUtils.java:logGet(43)) - raft.server.watch.element-limit = 65536 (default)
2019-09-19 14:05:03,614 | INFO  | SCMAudit | user=jenkins1000 | ip=192.168.157.226 | op=SEND_HEARTBEAT {datanodeUUID=dcc77c7b-1d37-448d-8d57-43d254561693, command=[]} | ret=SUCCESS |  
2019-09-19 14:05:02,343 [dcc77c7b-1d37-448d-8d57-43d254561693:group-8F62CC6B93F9:LeaderElection594] INFO  server.RaftServerConfigKeys (ConfUtils.java:logGet(43)) - raft.server.watch.element-limit = 65536 (default)
2019-09-19 14:05:02,343 [dcc77c7b-1d37-448d-8d57-43d254561693:group-EF22F8D31499:LeaderElection582] INFO  impl.RoleInfo (RoleInfo.java:updateAndGet(143)) - dcc77c7b-1d37-448d-8d57-43d254561693: start LeaderState
2019-09-19 14:05:02,343 [dcc77c7b-1d37-448d-8d57-43d254561693:group-973F91C20342:LeaderElection600] INFO  segmented.SegmentedRaftLogWorker (SegmentedRaftLogWorker.java:startLogSegment(380)) - dcc77c7b-1d37-448d-8d57-43d254561693-SegmentedRaftLogWorker:Storage Directory /workdir/hadoop-ozone/integration-test/target/test-dir/MiniOzoneClusterImpl-3b2755de-4cfe-4b43-9e0d-73dd8eda8f75/datanode-0/data/ratis/bc979890-6b93-4c34-92f4-973f91c20342: Starting segment from index:0
2019-09-19 14:05:02,343 [dcc77c7b-1d37-448d-8d57-43d254561693:group-D04ACBF66747:LeaderElection576] INFO  server.RaftServerConfigKeys (ConfUtils.java:logGet(43)) - raft.server.watch.timeout.denomination = 1s (default)
2019-09-19 14:05:02,342 [dcc77c7b-1d37-448d-8d57-43d254561693:group-355ED91025D3:LeaderElection577] INFO  segmented.SegmentedRaftLogWorker (SegmentedRaftLogWorker.java:startLogSegment(380)) - dcc77c7b-1d37-448d-8d57-43d254561693-SegmentedRaftLogWorker:Storage Directory /workdir/hadoop-ozone/integration-test/target/test-dir/MiniOzoneClusterImpl-3b2755de-4cfe-4b43-9e0d-73dd8eda8f75/datanode-0/data/ratis/7a7a7456-0dc3-4ec9-a28b-355ed91025d3: Starting segment from index:0
2019-09-19 14:05:02,342 [dcc77c7b-1d37-448d-8d57-43d254561693:group-BCC62B444D9D:LeaderElection583] INFO  server.RaftServerConfigKeys (ConfUtils.java:logGet(43)) - raft.server.watch.element-limit = 65536 (default)
2019-09-19 14:05:02,342 [dcc77c7b-1d37-448d-8d57-43d254561693:group-CAD015ACF5B5:LeaderElection653] INFO  impl.LeaderElection (LeaderElection.java:askForVotes(181)) - dcc77c7b-1d37-448d-8d57-43d254561693:group-CAD015ACF5B5:LeaderElection653: begin an election at term 1 for -1: [dcc77c7b-1d37-448d-8d57-43d254561693:192.168.157.226:34527], old=null
2019-09-19 14:05:02,342 [dcc77c7b-1d37-448d-8d57-43d254561693:group-48A901C7CAAB:LeaderElection654] INFO  impl.LeaderElection (LeaderElection.java:askForVotes(181)) - dcc77c7b-1d37-448d-8d57-43d254561693:group-48A901C7CAAB:LeaderElection654: begin an election at term 1 for -1: [dcc77c7b-1d37-448d-8d57-43d254561693:192.168.157.226:34527], old=null
2019-09-19 14:05:03,905 | INFO  | SCMAudit | user=jenkins1000 | ip=192.168.157.226 | op=SEND_HEARTBEAT {datanodeUUID=dcc77c7b-1d37-448d-8d57-43d254561693, command=[]} | ret=SUCCESS |  
2019-09-19 14:05:02,342 [dcc77c7b-1d37-448d-8d57-43d254561693:group-FB8A0F6129D1:LeaderElection664] INFO  impl.LeaderElection (LeaderElection.java:askForVotes(181)) - dcc77c7b-1d37-448d-8d57-43d254561693:group-FB8A0F6129D1:LeaderElection664: begin an election at term 1 for -1: [dcc77c7b-1d37-448d-8d57-43d254561693:192.168.157.226:34527], old=null
2019-09-19 14:05:02,342 [dcc77c7b-1d37-448d-8d57-43d254561693:group-C91F44D9A055:LeaderElection662] INFO  impl.LeaderElection (LeaderElection.java:askForVotes(181)) - dcc77c7b-1d37-448d-8d57-43d254561693:group-C91F44D9A055:LeaderElection662: begin an election at term 1 for -1: [dcc77c7b-1d37-448d-8d57-43d254561693:192.168.157.226:34527], old=null
2019-09-19 14:05:04,180 [dcc77c7b-1d37-448d-8d57-43d254561693:group-C91F44D9A055:LeaderElection662] INFO  impl.RoleInfo (RoleInfo.java:shutdownLeaderElection(134)) - dcc77c7b-1d37-448d-8d57-43d254561693: shutdown LeaderElection
2019-09-19 14:05:02,342 [StateMachineUpdater:dcc77c7b-1d37-448d-8d57-43d254561693:group-CE1F78CFD901] INFO  ratis.ContainerStateMachine (ContainerStateMachine.java:takeSnapshot(294)) - group-CE1F78CFD901: Finished taking a snapshot at:(t:1, i:1) file:/workdir/hadoop-ozone/integration-test/target/test-dir/MiniOzoneClusterImpl-3b2755de-4cfe-4b43-9e0d-73dd8eda8f75/datanode-0/data/ratis/66c9ebb2-09ad-406f-bba2-ce1f78cfd901/sm/snapshot.1_1 time:675
2019-09-19 14:05:02,003 [dcc77c7b-1d37-448d-8d57-43d254561693:group-8705EAB60863:LeaderElection602] INFO  server.RaftServerConfigKeys (ConfUtils.java:logGet(43)) - raft.server.watch.element-limit = 65536 (default)
2019-09-19 14:05:02,003 [dcc77c7b-1d37-448d-8d57-43d254561693:group-3CB5F09D983C:LeaderElection592] INFO  impl.RaftServerImpl (ServerState.java:setRaftConf(361)) - dcc77c7b-1d37-448d-8d57-43d254561693:group-3CB5F09D983C set configuration 0: [dcc77c7b-1d37-448d-8d57-43d254561693:192.168.157.226:34527], old=null at 0
2019-09-19 14:05:04,181 | INFO  | SCMAudit | user=jenkins1000 | ip=192.168.157.226 | op=SEND_HEARTBEAT {datanodeUUID=dcc77c7b-1d37-448d-8d57-43d254561693, command=[]} | ret=SUCCESS |  
2019-09-19 14:05:02,003 [dcc77c7b-1d37-448d-8d57-43d254561693:group-761DA49682B2:LeaderElection590] INFO  server.RaftServerConfigKeys (ConfUtils.java:logGet(43)) - raft.server.watch.element-limit = 65536 (default)
2019-09-19 14:05:02,003 [dcc77c7b-1d37-448d-8d57-43d254561693:group-6097693610F3:LeaderElection626] INFO  server.RaftServerConfigKeys (ConfUtils.java:logGet(43)) - raft.server.watch.timeout.denomination = 1s (default)
2019-09-19 14:05:02,003 [dcc77c7b-1d37-448d-8d57-43d254561693:group-3D808B4B51C3:LeaderElection593] INFO  server.RaftServerConfigKeys (ConfUtils.java:logGet(43)) - raft.server.watch.element-limit = 65536 (default)
2019-09-19 14:05:02,003 [dcc77c7b-1d37-448d-8d57-43d254561693:group-869D2374C5B7:LeaderElection613] INFO  segmented.SegmentedRaftLogWorker (SegmentedRaftLogWorker.java:startLogSegment(380)) - dcc77c7b-1d37-448d-8d57-43d254561693-SegmentedRaftLogWorker:Storage Directory /workdir/hadoop-ozone/integration-test/target/test-dir/MiniOzoneClusterImpl-3b2755de-4cfe-4b43-9e0d-73dd8eda8f75/datanode-0/data/ratis/325a6685-5506-4a90-be06-869d2374c5b7: Starting segment from index:0
2019-09-19 14:05:02,003 [dcc77c7b-1d37-448d-8d57-43d254561693:group-2522B1FB8D22:LeaderElection579] INFO  server.RaftServerConfigKeys (ConfUtils.java:logGet(43)) - raft.server.watch.element-limit = 65536 (default)
2019-09-19 14:05:02,002 [dcc77c7b-1d37-448d-8d57-43d254561693:group-B809E960E354:LeaderElection644] INFO  impl.RaftServerImpl (RaftServerImpl.java:setRole(171)) - dcc77c7b-1d37-448d-8d57-43d254561693:group-B809E960E354 changes role from CANDIDATE to LEADER at term 1 for changeToLeader
2019-09-19 14:05:04,460 | INFO  | SCMAudit | user=jenkins1000 | ip=192.168.157.226 | op=SEND_HEARTBEAT {datanodeUUID=dcc77c7b-1d37-448d-8d57-43d254561693, command=[]} | ret=SUCCESS |  
2019-09-19 14:05:02,002 [dcc77c7b-1d37-448d-8d57-43d254561693-SegmentedRaftLogWorker:Storage Directory /workdir/hadoop-ozone/integration-test/target/test-dir/MiniOzoneClusterImpl-3b2755de-4cfe-4b43-9e0d-73dd8eda8f75/datanode-0/data/ratis/8690c3ee-d9cf-4d86-bb05-ed4fe5da218f] INFO  util.JmxRegister (JmxRegister.java:unregister(73)) - Successfully un-registered JMX Bean with object name Ratis:service=RaftServer,group=group-ED4FE5DA218F,id=dcc77c7b-1d37-448d-8d57-43d254561693
2019-09-19 14:05:04,463 [dcc77c7b-1d37-448d-8d57-43d254561693-SegmentedRaftLogWorker:Storage Directory /workdir/hadoop-ozone/integration-test/target/test-dir/MiniOzoneClusterImpl-3b2755de-4cfe-4b43-9e0d-73dd8eda8f75/datanode-0/data/ratis/8690c3ee-d9cf-4d86-bb05-ed4fe5da218f] INFO  impl.RoleInfo (RoleInfo.java:shutdownLeaderState(104)) - dcc77c7b-1d37-448d-8d57-43d254561693: shutdown LeaderState
2019-09-19 14:05:02,001 [Thread-4157] INFO  impl.RoleInfo (RoleInfo.java:updateAndGet(143)) - dcc77c7b-1d37-448d-8d57-43d254561693: start LeaderElection
2019-09-19 14:05:02,001 [Thread-4169] INFO  impl.RaftServerImpl (RaftServerImpl.java:setRole(171)) - dcc77c7b-1d37-448d-8d57-43d254561693:group-FB7C57D9607D changes role from FOLLOWER to CANDIDATE at term 0 for changeToCandidate
2019-09-19 14:05:02,001 [dcc77c7b-1d37-448d-8d57-43d254561693:group-C0BCADC5D7D8:LeaderElection591] INFO  server.RaftServerConfigKeys (ConfUtils.java:logGet(43)) - raft.server.watch.element-limit = 65536 (default)
2019-09-19 14:05:02,001 [dcc77c7b-1d37-448d-8d57-43d254561693:group-C6C4A2B7D1DA:LeaderElection596] INFO  impl.RoleInfo (RoleInfo.java:updateAndGet(143)) - dcc77c7b-1d37-448d-8d57-43d254561693: start LeaderState
2019-09-19 14:05:02,000 [dcc77c7b-1d37-448d-8d57-43d254561693:group-C427DF1D703E:LeaderElection587] INFO  impl.RoleInfo (RoleInfo.java:updateAndGet(143)) - dcc77c7b-1d37-448d-8d57-43d254561693: start LeaderState
2019-09-19 14:05:04,464 [dcc77c7b-1d37-448d-8d57-43d254561693:group-C6C4A2B7D1DA:LeaderElection596] INFO  segmented.SegmentedRaftLogWorker (SegmentedRaftLogWorker.java:startLogSegment(380)) - dcc77c7b-1d37-448d-8d57-43d254561693-SegmentedRaftLogWorker:Storage Directory /workdir/hadoop-ozone/integration-test/target/test-dir/MiniOzoneClusterImpl-3b2755de-4cfe-4b43-9e0d-73dd8eda8f75/datanode-0/data/ratis/0da6c939-5164-41ff-81e1-c6c4a2b7d1da: Starting segment from index:0
2019-09-19 14:05:02,000 [dcc77c7b-1d37-448d-8d57-43d254561693:group-DF274F267A33:LeaderElection614] INFO  segmented.SegmentedRaftLogWorker (SegmentedRaftLogWorker.java:startLogSegment(380)) - dcc77c7b-1d37-448d-8d57-43d254561693-SegmentedRaftLogWorker:Storage Directory /workdir/hadoop-ozone/integration-test/target/test-dir/MiniOzoneClusterImpl-3b2755de-4cfe-4b43-9e0d-73dd8eda8f75/datanode-0/data/ratis/0670478e-5791-4e08-bea4-df274f267a33: Starting segment from index:0
2019-09-19 14:05:02,000 [dcc77c7b-1d37-448d-8d57-43d254561693:group-E501E5C2F87A:LeaderElection612] INFO  impl.RoleInfo (RoleInfo.java:updateAndGet(143)) - dcc77c7b-1d37-448d-8d57-43d254561693: start LeaderState
2019-09-19 14:05:02,000 [dcc77c7b-1d37-448d-8d57-43d254561693:group-F1AB8729C726:LeaderElection619] INFO  server.RaftServerConfigKeys (ConfUtils.java:logGet(43)) - raft.server.watch.element-limit = 65536 (default)
2019-09-19 14:05:04,757 [Thread-4535] INFO  impl.FollowerState (FollowerState.java:run(106)) - dcc77c7b-1d37-448d-8d57-43d254561693:group-890F06A36E32 changes to CANDIDATE, lastRpcTime:10534, electionTimeout:5074ms
2019-09-19 14:05:02,000 [dcc77c7b-1d37-448d-8d57-43d254561693:group-450D00ABA19B:LeaderElection621] INFO  server.RaftServerConfigKeys (ConfUtils.java:logGet(43)) - raft.server.watch.timeout.denomination = 1s (default)
2019-09-19 14:05:02,000 [dcc77c7b-1d37-448d-8d57-43d254561693:group-827C827A8DAD:LeaderElection589] INFO  segmented.SegmentedRaftLogWorker (SegmentedRaftLogWorker.java:startLogSegment(380)) - dcc77c7b-1d37-448d-8d57-43d254561693-SegmentedRaftLogWorker:Storage Directory /workdir/hadoop-ozone/integration-test/target/test-dir/MiniOzoneClusterImpl-3b2755de-4cfe-4b43-9e0d-73dd8eda8f75/datanode-0/data/ratis/ca6a6194-c73d-4588-92e9-827c827a8dad: Starting segment from index:0
2019-09-19 14:05:02,000 [dcc77c7b-1d37-448d-8d57-43d254561693:group-AF209FE8FECB:LeaderElection581] INFO  impl.RoleInfo (RoleInfo.java:updateAndGet(143)) - dcc77c7b-1d37-448d-8d57-43d254561693: start LeaderState
2019-09-19 14:05:05,051 | INFO  | SCMAudit | user=jenkins1000 | ip=192.168.157.226 | op=SEND_HEARTBEAT {datanodeUUID=dcc77c7b-1d37-448d-8d57-43d254561693, command=[]} | ret=SUCCESS |  
2019-09-19 14:05:01,999 [dcc77c7b-1d37-448d-8d57-43d254561693:group-B0D529AC88AD:LeaderElection580] INFO  server.RaftServerConfigKeys (ConfUtils.java:logGet(43)) - raft.server.watch.timeout.denomination = 1s (default)
2019-09-19 14:05:01,999 [dcc77c7b-1d37-448d-8d57-43d254561693:group-56D873A3B067:LeaderElection575] INFO  impl.RoleInfo (RoleInfo.java:updateAndGet(143)) - dcc77c7b-1d37-448d-8d57-43d254561693: start LeaderState
2019-09-19 14:05:01,999 [dcc77c7b-1d37-448d-8d57-43d254561693:group-46D08AB6022E:LeaderElection572] INFO  server.RaftServerConfigKeys (ConfUtils.java:logGet(43)) - raft.server.watch.timeout.denomination = 1s (default)
2019-09-19 14:05:01,999 [dcc77c7b-1d37-448d-8d57-43d254561693:group-C7074BE8E490:LeaderElection595] INFO  server.RaftServerConfigKeys (ConfUtils.java:logGet(43)) - raft.server.watch.element-limit = 65536 (default)
2019-09-19 14:05:01,999 [dcc77c7b-1d37-448d-8d57-43d254561693:group-E31AF374E74C:LeaderElection620] INFO  impl.RoleInfo (RoleInfo.java:updateAndGet(143)) - dcc77c7b-1d37-448d-8d57-43d254561693: start LeaderState
2019-09-19 14:05:01,999 [dcc77c7b-1d37-448d-8d57-43d254561693:group-00ABCB16AA03:LeaderElection574] INFO  server.RaftServerConfigKeys (ConfUtils.java:logGet(43)) - raft.server.watch.element-limit = 65536 (default)
2019-09-19 14:05:01,998 [dcc77c7b-1d37-448d-8d57-43d254561693:group-89849F9FD3BA:LeaderElection616] INFO  server.RaftServerConfigKeys (ConfUtils.java:logGet(43)) - raft.server.watch.element-limit = 65536 (default)
2019-09-19 14:05:05,334 | INFO  | SCMAudit | user=jenkins1000 | ip=192.168.157.226 | op=SEND_HEARTBEAT {datanodeUUID=dcc77c7b-1d37-448d-8d57-43d254561693, command=[]} | ret=SUCCESS |  
2019-09-19 14:05:01,998 [dcc77c7b-1d37-448d-8d57-43d254561693-SegmentedRaftLogWorker:Storage Directory /workdir/hadoop-ozone/integration-test/target/test-dir/MiniOzoneClusterImpl-3b2755de-4cfe-4b43-9e0d-73dd8eda8f75/datanode-0/data/ratis/bf066c4b-b9ac-4c70-8f56-ad94dcfd5f37] INFO  impl.RaftServerImpl (RaftServerImpl.java:lambda$shutdown$3(245)) - dcc77c7b-1d37-448d-8d57-43d254561693: shutdown group-AD94DCFD5F37
2019-09-19 14:05:01,998 [pool-58-thread-1] INFO  server.RaftServerConfigKeys (ConfUtils.java:logGet(43)) - raft.server.log.statemachine.data.sync.timeout = 10s (default)
2019-09-19 14:05:05,334 [pool-58-thread-1] INFO  server.RaftServerConfigKeys (ConfUtils.java:logGet(43)) - raft.server.log.statemachine.data.sync.timeout.retry = -1 (default)
2019-09-19 14:05:01,997 [Thread-4603] INFO  impl.RoleInfo (RoleInfo.java:updateAndGet(143)) - dcc77c7b-1d37-448d-8d57-43d254561693: start LeaderElection
2019-09-19 14:05:05,335 | INFO  | SCMAudit | user=jenkins1000 | ip=192.168.157.226 | op=SEND_HEARTBEAT {datanodeUUID=dcc77c7b-1d37-448d-8d57-43d254561693, command=[]} | ret=SUCCESS |  
2019-09-19 14:05:01,997 [dcc77c7b-1d37-448d-8d57-43d254561693:group-78B7DFC7FE28:LeaderElection661] INFO  impl.RoleInfo (RoleInfo.java:shutdownLeaderElection(134)) - dcc77c7b-1d37-448d-8d57-43d254561693: shutdown LeaderElection
2019-09-19 14:05:01,997 [Thread-4596] INFO  impl.RaftServerImpl (RaftServerImpl.java:setRole(171)) - dcc77c7b-1d37-448d-8d57-43d254561693:group-47C7557B9325 changes role from FOLLOWER to CANDIDATE at term 0 for changeToCandidate
2019-09-19 14:05:01,997 [Thread-4619] INFO  impl.RoleInfo (RoleInfo.java:updateAndGet(143)) - dcc77c7b-1d37-448d-8d57-43d254561693: start LeaderElection
2019-09-19 14:05:01,997 [dcc77c7b-1d37-448d-8d57-43d254561693:group-101271AE1179:LeaderElection659] INFO  impl.LeaderElection (LeaderElection.java:askForVotes(181)) - dcc77c7b-1d37-448d-8d57-43d254561693:group-101271AE1179:LeaderElection659: begin an election at term 1 for -1: [dcc77c7b-1d37-448d-8d57-43d254561693:192.168.157.226:34527], old=null
2019-09-19 14:05:05,336 [dcc77c7b-1d37-448d-8d57-43d254561693:group-101271AE1179:LeaderElection659] INFO  impl.RoleInfo (RoleInfo.java:shutdownLeaderElection(134)) - dcc77c7b-1d37-448d-8d57-43d254561693: shutdown LeaderElection
2019-09-19 14:05:01,997 [dcc77c7b-1d37-448d-8d57-43d254561693:group-BB4770E0F3FD:LeaderElection655] INFO  impl.LeaderElection (LeaderElection.java:askForVotes(181)) - dcc77c7b-1d37-448d-8d57-43d254561693:group-BB4770E0F3FD:LeaderElection655: begin an election at term 1 for -1: [dcc77c7b-1d37-448d-8d57-43d254561693:192.168.157.226:34527], old=null
2019-09-19 14:05:01,997 [dcc77c7b-1d37-448d-8d57-43d254561693:group-26A6A6CCFAD8:LeaderElection660] INFO  impl.LeaderElection (LeaderElection.java:askForVotes(181)) - dcc77c7b-1d37-448d-8d57-43d254561693:group-26A6A6CCFAD8:LeaderElection660: begin an election at term 1 for -1: [dcc77c7b-1d37-448d-8d57-43d254561693:192.168.157.226:34527], old=null
2019-09-19 14:05:05,336 [dcc77c7b-1d37-448d-8d57-43d254561693:group-26A6A6CCFAD8:LeaderElection660] INFO  impl.RoleInfo (RoleInfo.java:shutdownLeaderElection(134)) - dcc77c7b-1d37-448d-8d57-43d254561693: shutdown LeaderElection
2019-09-19 14:05:01,990 [Thread-4612] INFO  impl.RaftServerImpl (RaftServerImpl.java:setRole(171)) - dcc77c7b-1d37-448d-8d57-43d254561693:group-21D390036BC2 changes role from FOLLOWER to CANDIDATE at term 0 for changeToCandidate
2019-09-19 14:05:01,990 [dcc77c7b-1d37-448d-8d57-43d254561693:group-D788F79D6955:LeaderElection606] INFO  server.RaftServerConfigKeys (ConfUtils.java:logGet(43)) - raft.server.write.element-limit = 4096 (default)
2019-09-19 14:05:01,987 [dcc77c7b-1d37-448d-8d57-43d254561693:group-CD7159C89C08:LeaderElection605] INFO  server.RaftServerConfigKeys (ConfUtils.java:logGet(43)) - raft.server.watch.timeout.denomination = 1s (default)
2019-09-19 14:05:05,337 [dcc77c7b-1d37-448d-8d57-43d254561693:group-CD7159C89C08:LeaderElection605] INFO  server.RaftServerConfigKeys (ConfUtils.java:logGet(43)) - raft.server.watch.element-limit = 65536 (default)
2019-09-19 14:05:01,986 [dcc77c7b-1d37-448d-8d57-43d254561693:group-7D1EFE063BF2:LeaderElection629] INFO  server.RaftServerConfigKeys (ConfUtils.java:logGet(43)) - raft.server.watch.timeout = 10s (default)
2019-09-19 14:05:05,337 [dcc77c7b-1d37-448d-8d57-43d254561693:group-7D1EFE063BF2:LeaderElection629] INFO  server.RaftServerConfigKeys (ConfUtils.java:logGet(43)) - raft.server.watch.timeout.denomination = 1s (default)
2019-09-19 14:05:01,986 [dcc77c7b-1d37-448d-8d57-43d254561693:group-6BA61B232CB7:LeaderElection628] INFO  server.RaftServerConfigKeys (ConfUtils.java:logGet(43)) - raft.server.watch.element-limit = 65536 (default)
2019-09-19 14:05:01,986 [dcc77c7b-1d37-448d-8d57-43d254561693:group-801B220FEE86:LeaderElection625] INFO  server.RaftServerConfigKeys (ConfUtils.java:logGet(43)) - raft.server.write.element-limit = 4096 (default)
2019-09-19 14:05:01,986 [dcc77c7b-1d37-448d-8d57-43d254561693:group-7B8CEBFF5854:LeaderElection601] INFO  server.RaftServerConfigKeys (ConfUtils.java:logGet(43)) - raft.server.watch.timeout = 10s (default)
2019-09-19 14:05:05,338 [dcc77c7b-1d37-448d-8d57-43d254561693:group-7B8CEBFF5854:LeaderElection601] INFO  server.RaftServerConfigKeys (ConfUtils.java:logGet(43)) - raft.server.watch.timeout.denomination = 1s (default)
2019-09-19 14:05:01,986 [dcc77c7b-1d37-448d-8d57-43d254561693:group-B8EC2EEEE8D5:LeaderElection604] INFO  server.RaftServerConfigKeys (ConfUtils.java:logGet(43)) - raft.server.watch.element-limit = 65536 (default)
2019-09-19 14:05:01,985 [dcc77c7b-1d37-448d-8d57-43d254561693:group-FBD0D09AD849:LeaderElection607] INFO  server.RaftServerConfigKeys (ConfUtils.java:logGet(43)) - raft.server.watch.timeout.denomination = 1s (default)
2019-09-19 14:05:01,985 [dcc77c7b-1d37-448d-8d57-43d254561693:group-D44479695D46:LeaderElection608] INFO  server.RaftServerConfigKeys (ConfUtils.java:logGet(43)) - raft.server.watch.timeout = 10s (default)
2019-09-19 14:05:01,985 [dcc77c7b-1d37-448d-8d57-43d254561693:group-FEB63AD957C4:LeaderElection603] INFO  server.RaftServerConfigKeys (ConfUtils.java:logGet(43)) - raft.server.write.element-limit = 4096 (default)
2019-09-19 14:05:05,338 [dcc77c7b-1d37-448d-8d57-43d254561693:group-FEB63AD957C4:LeaderElection603] INFO  server.RaftServerConfigKeys (ConfUtils.java:logGet(43)) - raft.server.watch.timeout = 10s (default)
2019-09-19 14:05:01,985 [dcc77c7b-1d37-448d-8d57-43d254561693:group-C22B218FA0A6:LeaderElection630] INFO  server.RaftServerConfigKeys (ConfUtils.java:logGet(43)) - raft.server.watch.timeout = 10s (default)
2019-09-19 14:05:01,984 [dcc77c7b-1d37-448d-8d57-43d254561693:group-0DAF98B9911C:LeaderElection635] INFO  impl.RaftServerImpl (ServerState.java:setLeader(263)) - dcc77c7b-1d37-448d-8d57-43d254561693:group-0DAF98B9911C change Leader from null to dcc77c7b-1d37-448d-8d57-43d254561693 at term 1 for becomeLeader, leader elected after 8346ms
2019-09-19 14:05:01,984 [dcc77c7b-1d37-448d-8d57-43d254561693:group-8B49C088430A:LeaderElection637] INFO  impl.RaftServerImpl (ServerState.java:setLeader(263)) - dcc77c7b-1d37-448d-8d57-43d254561693:group-8B49C088430A change Leader from null to dcc77c7b-1d37-448d-8d57-43d254561693 at term 1 for becomeLeader, leader elected after 8697ms
2019-09-19 14:05:01,984 [dcc77c7b-1d37-448d-8d57-43d254561693:group-007612E7CB3B:LeaderElection636] INFO  impl.RaftServerImpl (ServerState.java:setLeader(263)) - dcc77c7b-1d37-448d-8d57-43d254561693:group-007612E7CB3B change Leader from null to dcc77c7b-1d37-448d-8d57-43d254561693 at term 1 for becomeLeader, leader elected after 8215ms
2019-09-19 14:05:01,983 [dcc77c7b-1d37-448d-8d57-43d254561693-SegmentedRaftLogWorker:Storage Directory /workdir/hadoop-ozone/integration-test/target/test-dir/MiniOzoneClusterImpl-3b2755de-4cfe-4b43-9e0d-73dd8eda8f75/datanode-0/data/ratis/8402b45f-6353-4429-a404-7c1e89322a1a] INFO  impl.PendingRequests (PendingRequests.java:sendNotLeaderResponses(202)) - dcc77c7b-1d37-448d-8d57-43d254561693-PendingRequests: sendNotLeaderResponses
2019-09-19 14:05:01,983 [dcc77c7b-1d37-448d-8d57-43d254561693-SegmentedRaftLogWorker:Storage Directory /workdir/hadoop-ozone/integration-test/target/test-dir/MiniOzoneClusterImpl-3b2755de-4cfe-4b43-9e0d-73dd8eda8f75/datanode-0/data/ratis/ea3429c1-71ac-4a5f-9adf-6f0b87a6652d] INFO  util.JmxRegister (JmxRegister.java:unregister(73)) - Successfully un-registered JMX Bean with object name Ratis:service=RaftServer,group=group-6F0B87A6652D,id=dcc77c7b-1d37-448d-8d57-43d254561693
2019-09-19 14:05:05,339 [dcc77c7b-1d37-448d-8d57-43d254561693-SegmentedRaftLogWorker:Storage Directory /workdir/hadoop-ozone/integration-test/target/test-dir/MiniOzoneClusterImpl-3b2755de-4cfe-4b43-9e0d-73dd8eda8f75/datanode-0/data/ratis/ea3429c1-71ac-4a5f-9adf-6f0b87a6652d] INFO  impl.RoleInfo (RoleInfo.java:shutdownLeaderState(104)) - dcc77c7b-1d37-448d-8d57-43d254561693: shutdown LeaderState
2019-09-19 14:05:01,982 [dcc77c7b-1d37-448d-8d57-43d254561693-SegmentedRaftLogWorker:Storage Directory /workdir/hadoop-ozone/integration-test/target/test-dir/MiniOzoneClusterImpl-3b2755de-4cfe-4b43-9e0d-73dd8eda8f75/datanode-0/data/ratis/faba916e-1699-421a-a235-6752562ddcda] INFO  impl.PendingRequests (PendingRequests.java:sendNotLeaderResponses(202)) - dcc77c7b-1d37-448d-8d57-43d254561693-PendingRequests: sendNotLeaderResponses
2019-09-19 14:05:01,982 [dcc77c7b-1d37-448d-8d57-43d254561693-SegmentedRaftLogWorker:Storage Directory /workdir/hadoop-ozone/integration-test/target/test-dir/MiniOzoneClusterImpl-3b2755de-4cfe-4b43-9e0d-73dd8eda8f75/datanode-0/data/ratis/af6ea782-4c84-45de-a511-354f667d570a] INFO  impl.PendingRequests (PendingRequests.java:sendNotLeaderResponses(202)) - dcc77c7b-1d37-448d-8d57-43d254561693-PendingRequests: sendNotLeaderResponses
2019-09-19 14:05:01,982 [dcc77c7b-1d37-448d-8d57-43d254561693-SegmentedRaftLogWorker:Storage Directory /workdir/hadoop-ozone/integration-test/target/test-dir/MiniOzoneClusterImpl-3b2755de-4cfe-4b43-9e0d-73dd8eda8f75/datanode-0/data/ratis/5e736f07-e612-485f-8517-5585b1e8ef5d] INFO  impl.RoleInfo (RoleInfo.java:shutdownLeaderState(104)) - dcc77c7b-1d37-448d-8d57-43d254561693: shutdown LeaderState
2019-09-19 14:05:01,982 [Thread-4560] INFO  impl.RoleInfo (RoleInfo.java:updateAndGet(143)) - dcc77c7b-1d37-448d-8d57-43d254561693: start LeaderElection
2019-09-19 14:05:01,982 [Thread-4563] INFO  impl.RoleInfo (RoleInfo.java:updateAndGet(143)) - dcc77c7b-1d37-448d-8d57-43d254561693: start LeaderElection
2019-09-19 14:05:01,981 [Thread-4575] INFO  impl.RoleInfo (RoleInfo.java:updateAndGet(143)) - dcc77c7b-1d37-448d-8d57-43d254561693: start LeaderElection
2019-09-19 14:05:01,981 [dcc77c7b-1d37-448d-8d57-43d254561693:group-4467D65330C2:LeaderElection624] INFO  server.RaftServerConfigKeys (ConfUtils.java:logGet(43)) - raft.server.watch.timeout.denomination = 1s (default)
2019-09-19 14:05:01,981 [dcc77c7b-1d37-448d-8d57-43d254561693:group-5058C03AF78E:LeaderElection627] INFO  server.RaftServerConfigKeys (ConfUtils.java:logGet(43)) - raft.server.write.element-limit = 4096 (default)
2019-09-19 14:05:01,981 [dcc77c7b-1d37-448d-8d57-43d254561693:group-7430C03AE933:LeaderElection555] INFO  segmented.SegmentedRaftLogWorker (SegmentedRaftLogWorker.java:startLogSegment(380)) - dcc77c7b-1d37-448d-8d57-43d254561693-SegmentedRaftLogWorker:Storage Directory /workdir/hadoop-ozone/integration-test/target/test-dir/MiniOzoneClusterImpl-3b2755de-4cfe-4b43-9e0d-73dd8eda8f75/datanode-0/data/ratis/e3285b87-f293-4fa3-becb-7430c03ae933: Starting segment from index:0
2019-09-19 14:05:05,691 | INFO  | SCMAudit | user=jenkins1000 | ip=192.168.157.226 | op=SEND_HEARTBEAT {datanodeUUID=dcc77c7b-1d37-448d-8d57-43d254561693, command=[]} | ret=SUCCESS |  
2019-09-19 14:05:01,975 [dcc77c7b-1d37-448d-8d57-43d254561693-SegmentedRaftLogWorker:Storage Directory /workdir/hadoop-ozone/integration-test/target/test-dir/MiniOzoneClusterImpl-3b2755de-4cfe-4b43-9e0d-73dd8eda8f75/datanode-0/data/ratis/cc0a98a1-5529-44b2-91aa-9c89c73bb343] ERROR segmented.SegmentedRaftLogWorker (SegmentedRaftLogWorker.java:run(323)) - dcc77c7b-1d37-448d-8d57-43d254561693-SegmentedRaftLogWorker:Storage Directory /workdir/hadoop-ozone/integration-test/target/test-dir/MiniOzoneClusterImpl-3b2755de-4cfe-4b43-9e0d-73dd8eda8f75/datanode-0/data/ratis/cc0a98a1-5529-44b2-91aa-9c89c73bb343 hit exception
java.lang.OutOfMemoryError: Direct buffer memory
	at java.nio.Bits.reserveMemory(Bits.java:666)
	at java.nio.DirectByteBuffer.<init>(DirectByteBuffer.java:123)
	at java.nio.ByteBuffer.allocateDirect(ByteBuffer.java:311)
	at org.apache.ratis.server.raftlog.segmented.BufferedWriteChannel.<init>(BufferedWriteChannel.java:41)
	at org.apache.ratis.server.raftlog.segmented.SegmentedRaftLogOutputStream.<init>(SegmentedRaftLogOutputStream.java:72)
	at org.apache.ratis.server.raftlog.segmented.SegmentedRaftLogWorker$StartLogSegment.execute(SegmentedRaftLogWorker.java:566)
	at org.apache.ratis.server.raftlog.segmented.SegmentedRaftLogWorker.run(SegmentedRaftLogWorker.java:289)
	at java.lang.Thread.run(Thread.java:748)
2019-09-19 14:05:05,692 [dcc77c7b-1d37-448d-8d57-43d254561693:group-F883EB7B65C2:LeaderElection665] INFO  impl.LeaderElection (LeaderElection.java:askForVotes(181)) - dcc77c7b-1d37-448d-8d57-43d254561693:group-F883EB7B65C2:LeaderElection665: begin an election at term 1 for -1: [dcc77c7b-1d37-448d-8d57-43d254561693:192.168.157.226:34527], old=null
2019-09-19 14:05:05,692 [dcc77c7b-1d37-448d-8d57-43d254561693:group-C4C3DBF2EB40:LeaderElection656] INFO  impl.LeaderElection (LeaderElection.java:askForVotes(181)) - dcc77c7b-1d37-448d-8d57-43d254561693:group-C4C3DBF2EB40:LeaderElection656: begin an election at term 1 for -1: [dcc77c7b-1d37-448d-8d57-43d254561693:192.168.157.226:34527], old=null
2019-09-19 14:05:05,691 [dcc77c7b-1d37-448d-8d57-43d254561693:group-64275F144400:LeaderElection663] INFO  impl.LeaderElection (LeaderElection.java:askForVotes(181)) - dcc77c7b-1d37-448d-8d57-43d254561693:group-64275F144400:LeaderElection663: begin an election at term 1 for -1: [dcc77c7b-1d37-448d-8d57-43d254561693:192.168.157.226:34527], old=null
2019-09-19 14:05:05,691 [dcc77c7b-1d37-448d-8d57-43d254561693:group-FE83F846C166:LeaderElection657] INFO  impl.LeaderElection (LeaderElection.java:askForVotes(181)) - dcc77c7b-1d37-448d-8d57-43d254561693:group-FE83F846C166:LeaderElection657: begin an election at term 1 for -1: [dcc77c7b-1d37-448d-8d57-43d254561693:192.168.157.226:34527], old=null
2019-09-19 14:05:05,691 [dcc77c7b-1d37-448d-8d57-43d254561693:group-332CF7478EA4:LeaderElection658] INFO  impl.LeaderElection (LeaderElection.java:askForVotes(181)) - dcc77c7b-1d37-448d-8d57-43d254561693:group-332CF7478EA4:LeaderElection658: begin an election at term 1 for -1: [dcc77c7b-1d37-448d-8d57-43d254561693:192.168.157.226:34527], old=null
2019-09-19 14:05:05,342 [dcc77c7b-1d37-448d-8d57-43d254561693:group-7430C03AE933:LeaderElection555] INFO  impl.RaftServerImpl (ServerState.java:setRaftConf(361)) - dcc77c7b-1d37-448d-8d57-43d254561693:group-7430C03AE933 set configuration 0: [dcc77c7b-1d37-448d-8d57-43d254561693:192.168.157.226:34527], old=null at 0
2019-09-19 14:05:05,341 [dcc77c7b-1d37-448d-8d57-43d254561693:group-5058C03AF78E:LeaderElection627] INFO  server.RaftServerConfigKeys (ConfUtils.java:logGet(43)) - raft.server.watch.timeout = 10s (default)
2019-09-19 14:05:05,341 [dcc77c7b-1d37-448d-8d57-43d254561693:group-4467D65330C2:LeaderElection624] INFO  server.RaftServerConfigKeys (ConfUtils.java:logGet(43)) - raft.server.watch.element-limit = 65536 (default)
2019-09-19 14:05:05,340 [dcc77c7b-1d37-448d-8d57-43d254561693-SegmentedRaftLogWorker:Storage Directory /workdir/hadoop-ozone/integration-test/target/test-dir/MiniOzoneClusterImpl-3b2755de-4cfe-4b43-9e0d-73dd8eda8f75/datanode-0/data/ratis/5e736f07-e612-485f-8517-5585b1e8ef5d] INFO  impl.PendingRequests (PendingRequests.java:sendNotLeaderResponses(202)) - dcc77c7b-1d37-448d-8d57-43d254561693-PendingRequests: sendNotLeaderResponses
2019-09-19 14:05:05,340 [dcc77c7b-1d37-448d-8d57-43d254561693-SegmentedRaftLogWorker:Storage Directory /workdir/hadoop-ozone/integration-test/target/test-dir/MiniOzoneClusterImpl-3b2755de-4cfe-4b43-9e0d-73dd8eda8f75/datanode-0/data/ratis/af6ea782-4c84-45de-a511-354f667d570a] INFO  impl.StateMachineUpdater (StateMachineUpdater.java:stopAndJoin(115)) - StateMachineUpdater:dcc77c7b-1d37-448d-8d57-43d254561693:group-354F667D570A: set stopIndex = -1
2019-09-19 14:05:05,693 [dcc77c7b-1d37-448d-8d57-43d254561693-SegmentedRaftLogWorker:Storage Directory /workdir/hadoop-ozone/integration-test/target/test-dir/MiniOzoneClusterImpl-3b2755de-4cfe-4b43-9e0d-73dd8eda8f75/datanode-0/data/ratis/af6ea782-4c84-45de-a511-354f667d570a] INFO  impl.RaftServerImpl (ServerState.java:close(394)) - dcc77c7b-1d37-448d-8d57-43d254561693:group-354F667D570A closes. The last applied log index is -1
2019-09-19 14:05:05,340 [dcc77c7b-1d37-448d-8d57-43d254561693-SegmentedRaftLogWorker:Storage Directory /workdir/hadoop-ozone/integration-test/target/test-dir/MiniOzoneClusterImpl-3b2755de-4cfe-4b43-9e0d-73dd8eda8f75/datanode-0/data/ratis/faba916e-1699-421a-a235-6752562ddcda] INFO  impl.StateMachineUpdater (StateMachineUpdater.java:stopAndJoin(115)) - StateMachineUpdater:dcc77c7b-1d37-448d-8d57-43d254561693:group-6752562DDCDA: set stopIndex = -1
2019-09-19 14:05:05,340 [dcc77c7b-1d37-448d-8d57-43d254561693-SegmentedRaftLogWorker:Storage Directory /workdir/hadoop-ozone/integration-test/target/test-dir/MiniOzoneClusterImpl-3b2755de-4cfe-4b43-9e0d-73dd8eda8f75/datanode-0/data/ratis/ea3429c1-71ac-4a5f-9adf-6f0b87a6652d] INFO  impl.PendingRequests (PendingRequests.java:sendNotLeaderResponses(202)) - dcc77c7b-1d37-448d-8d57-43d254561693-PendingRequests: sendNotLeaderResponses
2019-09-19 14:05:05,339 [dcc77c7b-1d37-448d-8d57-43d254561693-SegmentedRaftLogWorker:Storage Directory /workdir/hadoop-ozone/integration-test/target/test-dir/MiniOzoneClusterImpl-3b2755de-4cfe-4b43-9e0d-73dd8eda8f75/datanode-0/data/ratis/8402b45f-6353-4429-a404-7c1e89322a1a] INFO  impl.StateMachineUpdater (StateMachineUpdater.java:stopAndJoin(115)) - StateMachineUpdater:dcc77c7b-1d37-448d-8d57-43d254561693:group-7C1E89322A1A: set stopIndex = -1
2019-09-19 14:05:05,694 [dcc77c7b-1d37-448d-8d57-43d254561693-SegmentedRaftLogWorker:Storage Directory /workdir/hadoop-ozone/integration-test/target/test-dir/MiniOzoneClusterImpl-3b2755de-4cfe-4b43-9e0d-73dd8eda8f75/datanode-0/data/ratis/8402b45f-6353-4429-a404-7c1e89322a1a] INFO  impl.RaftServerImpl (ServerState.java:close(394)) - dcc77c7b-1d37-448d-8d57-43d254561693:group-7C1E89322A1A closes. The last applied log index is -1
2019-09-19 14:05:05,339 [dcc77c7b-1d37-448d-8d57-43d254561693:group-007612E7CB3B:LeaderElection636] INFO  server.RaftServerConfigKeys (ConfUtils.java:logGet(43)) - raft.server.staging.catchup.gap = 1000 (default)
2019-09-19 14:05:05,339 [dcc77c7b-1d37-448d-8d57-43d254561693:group-8B49C088430A:LeaderElection637] INFO  server.RaftServerConfigKeys (ConfUtils.java:logGet(43)) - raft.server.staging.catchup.gap = 1000 (default)
2019-09-19 14:05:05,339 [dcc77c7b-1d37-448d-8d57-43d254561693:group-0DAF98B9911C:LeaderElection635] INFO  server.RaftServerConfigKeys (ConfUtils.java:logGet(43)) - raft.server.staging.catchup.gap = 1000 (default)
2019-09-19 14:05:05,339 [dcc77c7b-1d37-448d-8d57-43d254561693:group-C22B218FA0A6:LeaderElection630] INFO  server.RaftServerConfigKeys (ConfUtils.java:logGet(43)) - raft.server.watch.timeout.denomination = 1s (default)
2019-09-19 14:05:05,339 [dcc77c7b-1d37-448d-8d57-43d254561693:group-FEB63AD957C4:LeaderElection603] INFO  server.RaftServerConfigKeys (ConfUtils.java:logGet(43)) - raft.server.watch.timeout.denomination = 1s (default)
2019-09-19 14:05:05,338 [dcc77c7b-1d37-448d-8d57-43d254561693:group-D44479695D46:LeaderElection608] INFO  server.RaftServerConfigKeys (ConfUtils.java:logGet(43)) - raft.server.watch.timeout.denomination = 1s (default)
2019-09-19 14:05:05,338 [dcc77c7b-1d37-448d-8d57-43d254561693:group-FBD0D09AD849:LeaderElection607] INFO  server.RaftServerConfigKeys (ConfUtils.java:logGet(43)) - raft.server.watch.element-limit = 65536 (default)
2019-09-19 14:05:05,338 [dcc77c7b-1d37-448d-8d57-43d254561693:group-B8EC2EEEE8D5:LeaderElection604] INFO  impl.RoleInfo (RoleInfo.java:updateAndGet(143)) - dcc77c7b-1d37-448d-8d57-43d254561693: start LeaderState
2019-09-19 14:05:05,338 [dcc77c7b-1d37-448d-8d57-43d254561693:group-7B8CEBFF5854:LeaderElection601] INFO  server.RaftServerConfigKeys (ConfUtils.java:logGet(43)) - raft.server.watch.element-limit = 65536 (default)
2019-09-19 14:05:05,337 [dcc77c7b-1d37-448d-8d57-43d254561693:group-801B220FEE86:LeaderElection625] INFO  server.RaftServerConfigKeys (ConfUtils.java:logGet(43)) - raft.server.watch.timeout = 10s (default)
2019-09-19 14:05:05,337 [dcc77c7b-1d37-448d-8d57-43d254561693:group-6BA61B232CB7:LeaderElection628] INFO  impl.RoleInfo (RoleInfo.java:updateAndGet(143)) - dcc77c7b-1d37-448d-8d57-43d254561693: start LeaderState
2019-09-19 14:05:05,337 [dcc77c7b-1d37-448d-8d57-43d254561693:group-7D1EFE063BF2:LeaderElection629] INFO  server.RaftServerConfigKeys (ConfUtils.java:logGet(43)) - raft.server.watch.element-limit = 65536 (default)
2019-09-19 14:05:05,696 [dcc77c7b-1d37-448d-8d57-43d254561693:group-6BA61B232CB7:LeaderElection628] INFO  segmented.SegmentedRaftLogWorker (SegmentedRaftLogWorker.java:startLogSegment(380)) - dcc77c7b-1d37-448d-8d57-43d254561693-SegmentedRaftLogWorker:Storage Directory /workdir/hadoop-ozone/integration-test/target/test-dir/MiniOzoneClusterImpl-3b2755de-4cfe-4b43-9e0d-73dd8eda8f75/datanode-0/data/ratis/6949dbb8-3021-4130-9733-6ba61b232cb7: Starting segment from index:0
2019-09-19 14:05:05,337 [dcc77c7b-1d37-448d-8d57-43d254561693:group-CD7159C89C08:LeaderElection605] INFO  impl.RoleInfo (RoleInfo.java:updateAndGet(143)) - dcc77c7b-1d37-448d-8d57-43d254561693: start LeaderState
2019-09-19 14:05:05,336 [dcc77c7b-1d37-448d-8d57-43d254561693:group-D788F79D6955:LeaderElection606] INFO  server.RaftServerConfigKeys (ConfUtils.java:logGet(43)) - raft.server.watch.timeout = 10s (default)
2019-09-19 14:05:05,336 [Thread-4612] INFO  impl.RoleInfo (RoleInfo.java:updateAndGet(143)) - dcc77c7b-1d37-448d-8d57-43d254561693: start LeaderElection
2019-09-19 14:05:06,000 | INFO  | SCMAudit | user=jenkins1000 | ip=192.168.157.226 | op=SEND_HEARTBEAT {datanodeUUID=dcc77c7b-1d37-448d-8d57-43d254561693, command=[]} | ret=SUCCESS |  
2019-09-19 14:05:05,336 [dcc77c7b-1d37-448d-8d57-43d254561693:group-26A6A6CCFAD8:LeaderElection660] INFO  impl.RaftServerImpl (RaftServerImpl.java:setRole(171)) - dcc77c7b-1d37-448d-8d57-43d254561693:group-26A6A6CCFAD8 changes role from CANDIDATE to LEADER at term 1 for changeToLeader
2019-09-19 14:05:05,336 [dcc77c7b-1d37-448d-8d57-43d254561693:group-BB4770E0F3FD:LeaderElection655] INFO  impl.RoleInfo (RoleInfo.java:shutdownLeaderElection(134)) - dcc77c7b-1d37-448d-8d57-43d254561693: shutdown LeaderElection
2019-09-19 14:05:05,336 [dcc77c7b-1d37-448d-8d57-43d254561693:group-101271AE1179:LeaderElection659] INFO  impl.RaftServerImpl (RaftServerImpl.java:setRole(171)) - dcc77c7b-1d37-448d-8d57-43d254561693:group-101271AE1179 changes role from CANDIDATE to LEADER at term 1 for changeToLeader
2019-09-19 14:05:05,335 [Thread-4596] INFO  impl.RoleInfo (RoleInfo.java:updateAndGet(143)) - dcc77c7b-1d37-448d-8d57-43d254561693: start LeaderElection
2019-09-19 14:05:05,335 [dcc77c7b-1d37-448d-8d57-43d254561693:group-78B7DFC7FE28:LeaderElection661] INFO  impl.RaftServerImpl (RaftServerImpl.java:setRole(171)) - dcc77c7b-1d37-448d-8d57-43d254561693:group-78B7DFC7FE28 changes role from CANDIDATE to LEADER at term 1 for changeToLeader
2019-09-19 14:05:06,000 [dcc77c7b-1d37-448d-8d57-43d254561693:group-78B7DFC7FE28:LeaderElection661] INFO  impl.RaftServerImpl (ServerState.java:setLeader(263)) - dcc77c7b-1d37-448d-8d57-43d254561693:group-78B7DFC7FE28 change Leader from null to dcc77c7b-1d37-448d-8d57-43d254561693 at term 1 for becomeLeader, leader elected after 11505ms
2019-09-19 14:05:05,335 [pool-58-thread-1] INFO  server.RaftServerConfigKeys (ConfUtils.java:logGet(43)) - raft.server.log.statemachine.data.caching.enabled = true (custom)
2019-09-19 14:05:05,334 [dcc77c7b-1d37-448d-8d57-43d254561693-SegmentedRaftLogWorker:Storage Directory /workdir/hadoop-ozone/integration-test/target/test-dir/MiniOzoneClusterImpl-3b2755de-4cfe-4b43-9e0d-73dd8eda8f75/datanode-0/data/ratis/bf066c4b-b9ac-4c70-8f56-ad94dcfd5f37] INFO  util.JmxRegister (JmxRegister.java:unregister(73)) - Successfully un-registered JMX Bean with object name Ratis:service=RaftServer,group=group-AD94DCFD5F37,id=dcc77c7b-1d37-448d-8d57-43d254561693
2019-09-19 14:05:06,001 [dcc77c7b-1d37-448d-8d57-43d254561693-SegmentedRaftLogWorker:Storage Directory /workdir/hadoop-ozone/integration-test/target/test-dir/MiniOzoneClusterImpl-3b2755de-4cfe-4b43-9e0d-73dd8eda8f75/datanode-0/data/ratis/bf066c4b-b9ac-4c70-8f56-ad94dcfd5f37] INFO  impl.RoleInfo (RoleInfo.java:shutdownLeaderState(104)) - dcc77c7b-1d37-448d-8d57-43d254561693: shutdown LeaderState
2019-09-19 14:05:05,334 [dcc77c7b-1d37-448d-8d57-43d254561693:group-89849F9FD3BA:LeaderElection616] INFO  impl.RoleInfo (RoleInfo.java:updateAndGet(143)) - dcc77c7b-1d37-448d-8d57-43d254561693: start LeaderState
2019-09-19 14:05:05,334 [dcc77c7b-1d37-448d-8d57-43d254561693:group-00ABCB16AA03:LeaderElection574] INFO  impl.RoleInfo (RoleInfo.java:updateAndGet(143)) - dcc77c7b-1d37-448d-8d57-43d254561693: start LeaderState
2019-09-19 14:05:05,334 [dcc77c7b-1d37-448d-8d57-43d254561693:group-E31AF374E74C:LeaderElection620] INFO  segmented.SegmentedRaftLogWorker (SegmentedRaftLogWorker.java:startLogSegment(380)) - dcc77c7b-1d37-448d-8d57-43d254561693-SegmentedRaftLogWorker:Storage Directory /workdir/hadoop-ozone/integration-test/target/test-dir/MiniOzoneClusterImpl-3b2755de-4cfe-4b43-9e0d-73dd8eda8f75/datanode-0/data/ratis/86bb2644-c807-4586-80a5-e31af374e74c: Starting segment from index:0
2019-09-19 14:05:05,334 [dcc77c7b-1d37-448d-8d57-43d254561693:group-C7074BE8E490:LeaderElection595] INFO  impl.RoleInfo (RoleInfo.java:updateAndGet(143)) - dcc77c7b-1d37-448d-8d57-43d254561693: start LeaderState
2019-09-19 14:05:05,333 [dcc77c7b-1d37-448d-8d57-43d254561693:group-46D08AB6022E:LeaderElection572] INFO  server.RaftServerConfigKeys (ConfUtils.java:logGet(43)) - raft.server.watch.element-limit = 65536 (default)
2019-09-19 14:05:05,333 [dcc77c7b-1d37-448d-8d57-43d254561693:group-56D873A3B067:LeaderElection575] INFO  segmented.SegmentedRaftLogWorker (SegmentedRaftLogWorker.java:startLogSegment(380)) - dcc77c7b-1d37-448d-8d57-43d254561693-SegmentedRaftLogWorker:Storage Directory /workdir/hadoop-ozone/integration-test/target/test-dir/MiniOzoneClusterImpl-3b2755de-4cfe-4b43-9e0d-73dd8eda8f75/datanode-0/data/ratis/aa779339-dfa9-49d1-86de-56d873a3b067: Starting segment from index:0
2019-09-19 14:05:05,051 [dcc77c7b-1d37-448d-8d57-43d254561693:group-B0D529AC88AD:LeaderElection580] INFO  server.RaftServerConfigKeys (ConfUtils.java:logGet(43)) - raft.server.watch.element-limit = 65536 (default)
2019-09-19 14:05:06,280 | INFO  | SCMAudit | user=jenkins1000 | ip=192.168.157.226 | op=SEND_HEARTBEAT {datanodeUUID=dcc77c7b-1d37-448d-8d57-43d254561693, command=[]} | ret=SUCCESS |  
2019-09-19 14:05:05,051 [dcc77c7b-1d37-448d-8d57-43d254561693:group-827C827A8DAD:LeaderElection589] INFO  impl.RaftServerImpl (ServerState.java:setRaftConf(361)) - dcc77c7b-1d37-448d-8d57-43d254561693:group-827C827A8DAD set configuration 0: [dcc77c7b-1d37-448d-8d57-43d254561693:192.168.157.226:34527], old=null at 0
2019-09-19 14:05:05,331 [dcc77c7b-1d37-448d-8d57-43d254561693-SegmentedRaftLogWorker:Storage Directory /workdir/hadoop-ozone/integration-test/target/test-dir/MiniOzoneClusterImpl-3b2755de-4cfe-4b43-9e0d-73dd8eda8f75/datanode-0/data/ratis/2394fb0c-6f10-496e-bf96-bb4e63a8adce] ERROR segmented.SegmentedRaftLogWorker (SegmentedRaftLogWorker.java:run(323)) - dcc77c7b-1d37-448d-8d57-43d254561693-SegmentedRaftLogWorker:Storage Directory /workdir/hadoop-ozone/integration-test/target/test-dir/MiniOzoneClusterImpl-3b2755de-4cfe-4b43-9e0d-73dd8eda8f75/datanode-0/data/ratis/2394fb0c-6f10-496e-bf96-bb4e63a8adce hit exception
java.lang.OutOfMemoryError: Direct buffer memory
	at java.nio.Bits.reserveMemory(Bits.java:666)
	at java.nio.DirectByteBuffer.<init>(DirectByteBuffer.java:123)
	at java.nio.ByteBuffer.allocateDirect(ByteBuffer.java:311)
	at org.apache.ratis.server.raftlog.segmented.BufferedWriteChannel.<init>(BufferedWriteChannel.java:41)
	at org.apache.ratis.server.raftlog.segmented.SegmentedRaftLogOutputStream.<init>(SegmentedRaftLogOutputStream.java:72)
	at org.apache.ratis.server.raftlog.segmented.SegmentedRaftLogWorker$StartLogSegment.execute(SegmentedRaftLogWorker.java:566)
	at org.apache.ratis.server.raftlog.segmented.SegmentedRaftLogWorker.run(SegmentedRaftLogWorker.java:289)
	at java.lang.Thread.run(Thread.java:748)
2019-09-19 14:05:05,051 [dcc77c7b-1d37-448d-8d57-43d254561693:group-AF209FE8FECB:LeaderElection581] INFO  segmented.SegmentedRaftLogWorker (SegmentedRaftLogWorker.java:startLogSegment(380)) - dcc77c7b-1d37-448d-8d57-43d254561693-SegmentedRaftLogWorker:Storage Directory /workdir/hadoop-ozone/integration-test/target/test-dir/MiniOzoneClusterImpl-3b2755de-4cfe-4b43-9e0d-73dd8eda8f75/datanode-0/data/ratis/92654bd5-732e-47db-8962-af209fe8fecb: Starting segment from index:0
2019-09-19 14:05:05,051 [dcc77c7b-1d37-448d-8d57-43d254561693:group-450D00ABA19B:LeaderElection621] INFO  server.RaftServerConfigKeys (ConfUtils.java:logGet(43)) - raft.server.watch.element-limit = 65536 (default)
2019-09-19 14:05:05,051 [Thread-4535] INFO  impl.RoleInfo (RoleInfo.java:shutdownFollowerState(121)) - dcc77c7b-1d37-448d-8d57-43d254561693: shutdown FollowerState
2019-09-19 14:05:05,050 [dcc77c7b-1d37-448d-8d57-43d254561693-SegmentedRaftLogWorker:Storage Directory /workdir/hadoop-ozone/integration-test/target/test-dir/MiniOzoneClusterImpl-3b2755de-4cfe-4b43-9e0d-73dd8eda8f75/datanode-0/data/ratis/5f039e0b-2746-4771-9cdf-a8e7f9479fc5] ERROR segmented.SegmentedRaftLogWorker (SegmentedRaftLogWorker.java:run(323)) - dcc77c7b-1d37-448d-8d57-43d254561693-SegmentedRaftLogWorker:Storage Directory /workdir/hadoop-ozone/integration-test/target/test-dir/MiniOzoneClusterImpl-3b2755de-4cfe-4b43-9e0d-73dd8eda8f75/datanode-0/data/ratis/5f039e0b-2746-4771-9cdf-a8e7f9479fc5 hit exception
java.lang.OutOfMemoryError: Direct buffer memory
	at java.nio.Bits.reserveMemory(Bits.java:666)
	at java.nio.DirectByteBuffer.<init>(DirectByteBuffer.java:123)
	at java.nio.ByteBuffer.allocateDirect(ByteBuffer.java:311)
	at org.apache.ratis.server.raftlog.segmented.BufferedWriteChannel.<init>(BufferedWriteChannel.java:41)
	at org.apache.ratis.server.raftlog.segmented.SegmentedRaftLogOutputStream.<init>(SegmentedRaftLogOutputStream.java:72)
	at org.apache.ratis.server.raftlog.segmented.SegmentedRaftLogWorker$StartLogSegment.execute(SegmentedRaftLogWorker.java:566)
	at org.apache.ratis.server.raftlog.segmented.SegmentedRaftLogWorker.run(SegmentedRaftLogWorker.java:289)
	at java.lang.Thread.run(Thread.java:748)
2019-09-19 14:05:04,757 [dcc77c7b-1d37-448d-8d57-43d254561693:group-E501E5C2F87A:LeaderElection612] INFO  segmented.SegmentedRaftLogWorker (SegmentedRaftLogWorker.java:startLogSegment(380)) - dcc77c7b-1d37-448d-8d57-43d254561693-SegmentedRaftLogWorker:Storage Directory /workdir/hadoop-ozone/integration-test/target/test-dir/MiniOzoneClusterImpl-3b2755de-4cfe-4b43-9e0d-73dd8eda8f75/datanode-0/data/ratis/8cd24193-87e3-4023-8697-e501e5c2f87a: Starting segment from index:0
2019-09-19 14:05:04,757 [dcc77c7b-1d37-448d-8d57-43d254561693:group-F1AB8729C726:LeaderElection619] INFO  impl.RoleInfo (RoleInfo.java:updateAndGet(143)) - dcc77c7b-1d37-448d-8d57-43d254561693: start LeaderState
2019-09-19 14:05:04,757 [dcc77c7b-1d37-448d-8d57-43d254561693:group-DF274F267A33:LeaderElection614] INFO  impl.RaftServerImpl (ServerState.java:setRaftConf(361)) - dcc77c7b-1d37-448d-8d57-43d254561693:group-DF274F267A33 set configuration 0: [dcc77c7b-1d37-448d-8d57-43d254561693:192.168.157.226:34527], old=null at 0
2019-09-19 14:05:06,539 [dcc77c7b-1d37-448d-8d57-43d254561693:group-E501E5C2F87A:LeaderElection612] INFO  impl.RaftServerImpl (ServerState.java:setRaftConf(361)) - dcc77c7b-1d37-448d-8d57-43d254561693:group-E501E5C2F87A set configuration 0: [dcc77c7b-1d37-448d-8d57-43d254561693:192.168.157.226:34527], old=null at 0
2019-09-19 14:05:04,756 [dcc77c7b-1d37-448d-8d57-43d254561693:group-E165C8F20643:LeaderElection666] INFO  impl.LeaderElection (LeaderElection.java:askForVotes(181)) - dcc77c7b-1d37-448d-8d57-43d254561693:group-E165C8F20643:LeaderElection666: begin an election at term 1 for -1: [dcc77c7b-1d37-448d-8d57-43d254561693:192.168.157.226:34527], old=null
2019-09-19 14:05:06,539 | INFO  | SCMAudit | user=jenkins1000 | ip=192.168.157.226 | op=SEND_HEARTBEAT {datanodeUUID=dcc77c7b-1d37-448d-8d57-43d254561693, command=[]} | ret=SUCCESS |  
2019-09-19 14:05:04,465 [dcc77c7b-1d37-448d-8d57-43d254561693:group-C6C4A2B7D1DA:LeaderElection596] INFO  impl.RaftServerImpl (ServerState.java:setRaftConf(361)) - dcc77c7b-1d37-448d-8d57-43d254561693:group-C6C4A2B7D1DA set configuration 0: [dcc77c7b-1d37-448d-8d57-43d254561693:192.168.157.226:34527], old=null at 0
2019-09-19 14:05:04,465 [dcc77c7b-1d37-448d-8d57-43d254561693:group-C427DF1D703E:LeaderElection587] INFO  segmented.SegmentedRaftLogWorker (SegmentedRaftLogWorker.java:startLogSegment(380)) - dcc77c7b-1d37-448d-8d57-43d254561693-SegmentedRaftLogWorker:Storage Directory /workdir/hadoop-ozone/integration-test/target/test-dir/MiniOzoneClusterImpl-3b2755de-4cfe-4b43-9e0d-73dd8eda8f75/datanode-0/data/ratis/809af549-fcb0-4d0c-aadb-c427df1d703e: Starting segment from index:0
2019-09-19 14:05:04,464 [dcc77c7b-1d37-448d-8d57-43d254561693:group-C0BCADC5D7D8:LeaderElection591] INFO  impl.RoleInfo (RoleInfo.java:updateAndGet(143)) - dcc77c7b-1d37-448d-8d57-43d254561693: start LeaderState
2019-09-19 14:05:04,464 [Thread-4169] INFO  impl.RoleInfo (RoleInfo.java:updateAndGet(143)) - dcc77c7b-1d37-448d-8d57-43d254561693: start LeaderElection
2019-09-19 14:05:07,420 [dcc77c7b-1d37-448d-8d57-43d254561693-SegmentedRaftLogWorker:Storage Directory /workdir/hadoop-ozone/integration-test/target/test-dir/MiniOzoneClusterImpl-3b2755de-4cfe-4b43-9e0d-73dd8eda8f75/datanode-0/data/ratis/ca6a6194-c73d-4588-92e9-827c827a8dad] ERROR segmented.SegmentedRaftLogWorker (SegmentedRaftLogWorker.java:run(323)) - dcc77c7b-1d37-448d-8d57-43d254561693-SegmentedRaftLogWorker:Storage Directory /workdir/hadoop-ozone/integration-test/target/test-dir/MiniOzoneClusterImpl-3b2755de-4cfe-4b43-9e0d-73dd8eda8f75/datanode-0/data/ratis/ca6a6194-c73d-4588-92e9-827c827a8dad hit exception
java.lang.OutOfMemoryError: Direct buffer memory
	at java.nio.Bits.reserveMemory(Bits.java:666)
	at java.nio.DirectByteBuffer.<init>(DirectByteBuffer.java:123)
	at java.nio.ByteBuffer.allocateDirect(ByteBuffer.java:311)
	at org.apache.ratis.server.raftlog.segmented.BufferedWriteChannel.<init>(BufferedWriteChannel.java:41)
	at org.apache.ratis.server.raftlog.segmented.SegmentedRaftLogOutputStream.<init>(SegmentedRaftLogOutputStream.java:72)
	at org.apache.ratis.server.raftlog.segmented.SegmentedRaftLogWorker$StartLogSegment.execute(SegmentedRaftLogWorker.java:566)
	at org.apache.ratis.server.raftlog.segmented.SegmentedRaftLogWorker.run(SegmentedRaftLogWorker.java:289)
	at java.lang.Thread.run(Thread.java:748)
2019-09-19 14:05:04,463 [dcc77c7b-1d37-448d-8d57-43d254561693-SegmentedRaftLogWorker:Storage Directory /workdir/hadoop-ozone/integration-test/target/test-dir/MiniOzoneClusterImpl-3b2755de-4cfe-4b43-9e0d-73dd8eda8f75/datanode-0/data/ratis/8690c3ee-d9cf-4d86-bb05-ed4fe5da218f] INFO  impl.PendingRequests (PendingRequests.java:sendNotLeaderResponses(202)) - dcc77c7b-1d37-448d-8d57-43d254561693-PendingRequests: sendNotLeaderResponses
2019-09-19 14:05:04,458 [dcc77c7b-1d37-448d-8d57-43d254561693-SegmentedRaftLogWorker:Storage Directory /workdir/hadoop-ozone/integration-test/target/test-dir/MiniOzoneClusterImpl-3b2755de-4cfe-4b43-9e0d-73dd8eda8f75/datanode-0/data/ratis/c91ad977-9dd9-4a24-8c5f-9646dab2f47f] ERROR segmented.SegmentedRaftLogWorker (SegmentedRaftLogWorker.java:run(323)) - dcc77c7b-1d37-448d-8d57-43d254561693-SegmentedRaftLogWorker:Storage Directory /workdir/hadoop-ozone/integration-test/target/test-dir/MiniOzoneClusterImpl-3b2755de-4cfe-4b43-9e0d-73dd8eda8f75/datanode-0/data/ratis/c91ad977-9dd9-4a24-8c5f-9646dab2f47f hit exception
java.lang.OutOfMemoryError: Direct buffer memory
	at java.nio.Bits.reserveMemory(Bits.java:666)
	at java.nio.DirectByteBuffer.<init>(DirectByteBuffer.java:123)
	at java.nio.ByteBuffer.allocateDirect(ByteBuffer.java:311)
	at org.apache.ratis.server.raftlog.segmented.BufferedWriteChannel.<init>(BufferedWriteChannel.java:41)
	at org.apache.ratis.server.raftlog.segmented.SegmentedRaftLogOutputStream.<init>(SegmentedRaftLogOutputStream.java:72)
	at org.apache.ratis.server.raftlog.segmented.SegmentedRaftLogWorker$StartLogSegment.execute(SegmentedRaftLogWorker.java:566)
	at org.apache.ratis.server.raftlog.segmented.SegmentedRaftLogWorker.run(SegmentedRaftLogWorker.java:289)
	at java.lang.Thread.run(Thread.java:748)
2019-09-19 14:05:07,421 [dcc77c7b-1d37-448d-8d57-43d254561693-SegmentedRaftLogWorker:Storage Directory /workdir/hadoop-ozone/integration-test/target/test-dir/MiniOzoneClusterImpl-3b2755de-4cfe-4b43-9e0d-73dd8eda8f75/datanode-0/data/ratis/c91ad977-9dd9-4a24-8c5f-9646dab2f47f] INFO  impl.RaftServerImpl (RaftServerImpl.java:lambda$shutdown$3(245)) - dcc77c7b-1d37-448d-8d57-43d254561693: shutdown group-9646DAB2F47F
2019-09-19 14:05:04,182 [dcc77c7b-1d37-448d-8d57-43d254561693:group-B809E960E354:LeaderElection644] INFO  impl.RaftServerImpl (ServerState.java:setLeader(263)) - dcc77c7b-1d37-448d-8d57-43d254561693:group-B809E960E354 change Leader from null to dcc77c7b-1d37-448d-8d57-43d254561693 at term 1 for becomeLeader, leader elected after 10360ms
2019-09-19 14:05:07,421 | INFO  | SCMAudit | user=jenkins1000 | ip=192.168.157.226 | op=SEND_HEARTBEAT {datanodeUUID=dcc77c7b-1d37-448d-8d57-43d254561693, command=[]} | ret=SUCCESS |  
2019-09-19 14:05:04,182 [dcc77c7b-1d37-448d-8d57-43d254561693:group-2522B1FB8D22:LeaderElection579] INFO  impl.RoleInfo (RoleInfo.java:updateAndGet(143)) - dcc77c7b-1d37-448d-8d57-43d254561693: start LeaderState
2019-09-19 14:05:04,182 [dcc77c7b-1d37-448d-8d57-43d254561693:group-869D2374C5B7:LeaderElection613] INFO  impl.RaftServerImpl (ServerState.java:setRaftConf(361)) - dcc77c7b-1d37-448d-8d57-43d254561693:group-869D2374C5B7 set configuration 0: [dcc77c7b-1d37-448d-8d57-43d254561693:192.168.157.226:34527], old=null at 0
2019-09-19 14:05:04,181 [dcc77c7b-1d37-448d-8d57-43d254561693:group-3D808B4B51C3:LeaderElection593] INFO  impl.RoleInfo (RoleInfo.java:updateAndGet(143)) - dcc77c7b-1d37-448d-8d57-43d254561693: start LeaderState
2019-09-19 14:05:04,181 [dcc77c7b-1d37-448d-8d57-43d254561693:group-6097693610F3:LeaderElection626] INFO  server.RaftServerConfigKeys (ConfUtils.java:logGet(43)) - raft.server.watch.element-limit = 65536 (default)
2019-09-19 14:05:04,181 [dcc77c7b-1d37-448d-8d57-43d254561693:group-761DA49682B2:LeaderElection590] INFO  impl.RoleInfo (RoleInfo.java:updateAndGet(143)) - dcc77c7b-1d37-448d-8d57-43d254561693: start LeaderState
2019-09-19 14:05:04,181 [dcc77c7b-1d37-448d-8d57-43d254561693:group-8705EAB60863:LeaderElection602] INFO  impl.RoleInfo (RoleInfo.java:updateAndGet(143)) - dcc77c7b-1d37-448d-8d57-43d254561693: start LeaderState
2019-09-19 14:05:07,422 | INFO  | SCMAudit | user=jenkins1000 | ip=192.168.157.226 | op=SEND_HEARTBEAT {datanodeUUID=dcc77c7b-1d37-448d-8d57-43d254561693, command=[]} | ret=SUCCESS |  
2019-09-19 14:05:04,180 [StateMachineUpdater:dcc77c7b-1d37-448d-8d57-43d254561693:group-CE1F78CFD901] INFO  impl.StateMachineUpdater (StateMachineUpdater.java:takeSnapshot(242)) - StateMachineUpdater:dcc77c7b-1d37-448d-8d57-43d254561693:group-CE1F78CFD901: Took a snapshot at index 1
2019-09-19 14:05:04,180 [dcc77c7b-1d37-448d-8d57-43d254561693:group-C91F44D9A055:LeaderElection662] INFO  impl.RaftServerImpl (RaftServerImpl.java:setRole(171)) - dcc77c7b-1d37-448d-8d57-43d254561693:group-C91F44D9A055 changes role from CANDIDATE to LEADER at term 1 for changeToLeader
2019-09-19 14:05:04,180 [dcc77c7b-1d37-448d-8d57-43d254561693:group-FB8A0F6129D1:LeaderElection664] INFO  impl.RoleInfo (RoleInfo.java:shutdownLeaderElection(134)) - dcc77c7b-1d37-448d-8d57-43d254561693: shutdown LeaderElection
2019-09-19 14:05:04,180 [dcc77c7b-1d37-448d-8d57-43d254561693:group-48A901C7CAAB:LeaderElection654] INFO  impl.RoleInfo (RoleInfo.java:shutdownLeaderElection(134)) - dcc77c7b-1d37-448d-8d57-43d254561693: shutdown LeaderElection
2019-09-19 14:05:04,177 [dcc77c7b-1d37-448d-8d57-43d254561693-SegmentedRaftLogWorker:Storage Directory /workdir/hadoop-ozone/integration-test/target/test-dir/MiniOzoneClusterImpl-3b2755de-4cfe-4b43-9e0d-73dd8eda8f75/datanode-0/data/ratis/df5c79f5-0ba0-4048-9654-3cb5f09d983c] ERROR segmented.SegmentedRaftLogWorker (SegmentedRaftLogWorker.java:run(323)) - dcc77c7b-1d37-448d-8d57-43d254561693-SegmentedRaftLogWorker:Storage Directory /workdir/hadoop-ozone/integration-test/target/test-dir/MiniOzoneClusterImpl-3b2755de-4cfe-4b43-9e0d-73dd8eda8f75/datanode-0/data/ratis/df5c79f5-0ba0-4048-9654-3cb5f09d983c hit exception
java.lang.OutOfMemoryError: Direct buffer memory
	at java.nio.Bits.reserveMemory(Bits.java:666)
	at java.nio.DirectByteBuffer.<init>(DirectByteBuffer.java:123)
	at java.nio.ByteBuffer.allocateDirect(ByteBuffer.java:311)
	at org.apache.ratis.server.raftlog.segmented.BufferedWriteChannel.<init>(BufferedWriteChannel.java:41)
	at org.apache.ratis.server.raftlog.segmented.SegmentedRaftLogOutputStream.<init>(SegmentedRaftLogOutputStream.java:72)
	at org.apache.ratis.server.raftlog.segmented.SegmentedRaftLogWorker$StartLogSegment.execute(SegmentedRaftLogWorker.java:566)
	at org.apache.ratis.server.raftlog.segmented.SegmentedRaftLogWorker.run(SegmentedRaftLogWorker.java:289)
	at java.lang.Thread.run(Thread.java:748)
2019-09-19 14:05:07,423 [dcc77c7b-1d37-448d-8d57-43d254561693-SegmentedRaftLogWorker:Storage Directory /workdir/hadoop-ozone/integration-test/target/test-dir/MiniOzoneClusterImpl-3b2755de-4cfe-4b43-9e0d-73dd8eda8f75/datanode-0/data/ratis/df5c79f5-0ba0-4048-9654-3cb5f09d983c] INFO  impl.RaftServerImpl (RaftServerImpl.java:lambda$shutdown$3(245)) - dcc77c7b-1d37-448d-8d57-43d254561693: shutdown group-3CB5F09D983C
2019-09-19 14:05:07,423 | INFO  | SCMAudit | user=jenkins1000 | ip=192.168.157.226 | op=SEND_HEARTBEAT {datanodeUUID=dcc77c7b-1d37-448d-8d57-43d254561693, command=[]} | ret=SUCCESS |  
2019-09-19 14:05:03,905 [dcc77c7b-1d37-448d-8d57-43d254561693:group-CAD015ACF5B5:LeaderElection653] INFO  impl.RoleInfo (RoleInfo.java:shutdownLeaderElection(134)) - dcc77c7b-1d37-448d-8d57-43d254561693: shutdown LeaderElection
2019-09-19 14:05:03,905 [dcc77c7b-1d37-448d-8d57-43d254561693:group-BCC62B444D9D:LeaderElection583] INFO  impl.RoleInfo (RoleInfo.java:updateAndGet(143)) - dcc77c7b-1d37-448d-8d57-43d254561693: start LeaderState
2019-09-19 14:05:03,905 [dcc77c7b-1d37-448d-8d57-43d254561693:group-355ED91025D3:LeaderElection577] INFO  impl.RaftServerImpl (ServerState.java:setRaftConf(361)) - dcc77c7b-1d37-448d-8d57-43d254561693:group-355ED91025D3 set configuration 0: [dcc77c7b-1d37-448d-8d57-43d254561693:192.168.157.226:34527], old=null at 0
2019-09-19 14:05:03,615 [dcc77c7b-1d37-448d-8d57-43d254561693:group-973F91C20342:LeaderElection600] INFO  impl.RaftServerImpl (ServerState.java:setRaftConf(361)) - dcc77c7b-1d37-448d-8d57-43d254561693:group-973F91C20342 set configuration 0: [dcc77c7b-1d37-448d-8d57-43d254561693:192.168.157.226:34527], old=null at 0
2019-09-19 14:05:03,615 [dcc77c7b-1d37-448d-8d57-43d254561693:group-D04ACBF66747:LeaderElection576] INFO  server.RaftServerConfigKeys (ConfUtils.java:logGet(43)) - raft.server.watch.element-limit = 65536 (default)
2019-09-19 14:05:03,615 [dcc77c7b-1d37-448d-8d57-43d254561693:group-EF22F8D31499:LeaderElection582] INFO  segmented.SegmentedRaftLogWorker (SegmentedRaftLogWorker.java:startLogSegment(380)) - dcc77c7b-1d37-448d-8d57-43d254561693-SegmentedRaftLogWorker:Storage Directory /workdir/hadoop-ozone/integration-test/target/test-dir/MiniOzoneClusterImpl-3b2755de-4cfe-4b43-9e0d-73dd8eda8f75/datanode-0/data/ratis/195e7c49-f441-4cbd-a4fc-ef22f8d31499: Starting segment from index:0
2019-09-19 14:05:03,614 [dcc77c7b-1d37-448d-8d57-43d254561693:group-8F62CC6B93F9:LeaderElection594] INFO  impl.RoleInfo (RoleInfo.java:updateAndGet(143)) - dcc77c7b-1d37-448d-8d57-43d254561693: start LeaderState
2019-09-19 14:05:03,614 [dcc77c7b-1d37-448d-8d57-43d254561693:group-AEFE1D75DE75:LeaderElection585] INFO  impl.RoleInfo (RoleInfo.java:updateAndGet(143)) - dcc77c7b-1d37-448d-8d57-43d254561693: start LeaderState
2019-09-19 14:05:07,727 | INFO  | SCMAudit | user=jenkins1000 | ip=192.168.157.226 | op=SEND_HEARTBEAT {datanodeUUID=dcc77c7b-1d37-448d-8d57-43d254561693, command=[]} | ret=SUCCESS |  
2019-09-19 14:05:03,614 [dcc77c7b-1d37-448d-8d57-43d254561693:group-8DBED52DD969:LeaderElection584] INFO  impl.RoleInfo (RoleInfo.java:updateAndGet(143)) - dcc77c7b-1d37-448d-8d57-43d254561693: start LeaderState
2019-09-19 14:05:07,728 [dcc77c7b-1d37-448d-8d57-43d254561693:group-EF22F8D31499:LeaderElection582] INFO  impl.RaftServerImpl (ServerState.java:setRaftConf(361)) - dcc77c7b-1d37-448d-8d57-43d254561693:group-EF22F8D31499 set configuration 0: [dcc77c7b-1d37-448d-8d57-43d254561693:192.168.157.226:34527], old=null at 0
2019-09-19 14:05:03,614 [dcc77c7b-1d37-448d-8d57-43d254561693:group-DF36A57A9136:LeaderElection573] INFO  segmented.SegmentedRaftLogWorker (SegmentedRaftLogWorker.java:startLogSegment(380)) - dcc77c7b-1d37-448d-8d57-43d254561693-SegmentedRaftLogWorker:Storage Directory /workdir/hadoop-ozone/integration-test/target/test-dir/MiniOzoneClusterImpl-3b2755de-4cfe-4b43-9e0d-73dd8eda8f75/datanode-0/data/ratis/5c09cb34-786b-45ad-934d-df36a57a9136: Starting segment from index:0
2019-09-19 14:05:03,613 [Thread-4367] INFO  impl.FollowerState (FollowerState.java:run(106)) - dcc77c7b-1d37-448d-8d57-43d254561693:group-EFC4C2912C84 changes to CANDIDATE, lastRpcTime:11241, electionTimeout:5031ms
2019-09-19 14:05:07,728 [Thread-4367] INFO  impl.RoleInfo (RoleInfo.java:shutdownFollowerState(121)) - dcc77c7b-1d37-448d-8d57-43d254561693: shutdown FollowerState
2019-09-19 14:05:08,004 | INFO  | SCMAudit | user=jenkins1000 | ip=192.168.157.226 | op=SEND_HEARTBEAT {datanodeUUID=dcc77c7b-1d37-448d-8d57-43d254561693, command=[]} | ret=SUCCESS |  
2019-09-19 14:05:03,613 [Thread-4382] INFO  impl.FollowerState (FollowerState.java:run(106)) - dcc77c7b-1d37-448d-8d57-43d254561693:group-A448A7A95FAE changes to CANDIDATE, lastRpcTime:11062, electionTimeout:5043ms
2019-09-19 14:05:03,613 [Thread-4373] INFO  impl.FollowerState (FollowerState.java:run(106)) - dcc77c7b-1d37-448d-8d57-43d254561693:group-621FF724F9C4 changes to CANDIDATE, lastRpcTime:11210, electionTimeout:5098ms
2019-09-19 14:05:08,004 [Thread-4373] INFO  impl.RoleInfo (RoleInfo.java:shutdownFollowerState(121)) - dcc77c7b-1d37-448d-8d57-43d254561693: shutdown FollowerState
2019-09-19 14:05:03,613 [Thread-4388] INFO  impl.FollowerState (FollowerState.java:run(106)) - dcc77c7b-1d37-448d-8d57-43d254561693:group-A28310F2B329 changes to CANDIDATE, lastRpcTime:10990, electionTimeout:5082ms
2019-09-19 14:05:08,004 [Thread-4388] INFO  impl.RoleInfo (RoleInfo.java:shutdownFollowerState(121)) - dcc77c7b-1d37-448d-8d57-43d254561693: shutdown FollowerState
2019-09-19 14:05:03,613 [Thread-4376] INFO  impl.FollowerState (FollowerState.java:run(106)) - dcc77c7b-1d37-448d-8d57-43d254561693:group-77F6979B7494 changes to CANDIDATE, lastRpcTime:11142, electionTimeout:5070ms
2019-09-19 14:05:08,004 [Thread-4376] INFO  impl.RoleInfo (RoleInfo.java:shutdownFollowerState(121)) - dcc77c7b-1d37-448d-8d57-43d254561693: shutdown FollowerState
2019-09-19 14:05:08,005 [Thread-4376] INFO  impl.RaftServerImpl (RaftServerImpl.java:setRole(171)) - dcc77c7b-1d37-448d-8d57-43d254561693:group-77F6979B7494 changes role from FOLLOWER to CANDIDATE at term 0 for changeToCandidate
2019-09-19 14:05:03,613 [dcc77c7b-1d37-448d-8d57-43d254561693-SegmentedRaftLogWorker:Storage Directory /workdir/hadoop-ozone/integration-test/target/test-dir/MiniOzoneClusterImpl-3b2755de-4cfe-4b43-9e0d-73dd8eda8f75/datanode-0/data/ratis/a4c4f324-5e2f-4c4d-9469-0c7ed090d72e] ERROR segmented.SegmentedRaftLogWorker (SegmentedRaftLogWorker.java:run(323)) - dcc77c7b-1d37-448d-8d57-43d254561693-SegmentedRaftLogWorker:Storage Directory /workdir/hadoop-ozone/integration-test/target/test-dir/MiniOzoneClusterImpl-3b2755de-4cfe-4b43-9e0d-73dd8eda8f75/datanode-0/data/ratis/a4c4f324-5e2f-4c4d-9469-0c7ed090d72e hit exception
java.lang.OutOfMemoryError: Direct buffer memory
	at java.nio.Bits.reserveMemory(Bits.java:666)
	at java.nio.DirectByteBuffer.<init>(DirectByteBuffer.java:123)
	at java.nio.ByteBuffer.allocateDirect(ByteBuffer.java:311)
	at org.apache.ratis.server.raftlog.segmented.BufferedWriteChannel.<init>(BufferedWriteChannel.java:41)
	at org.apache.ratis.server.raftlog.segmented.SegmentedRaftLogOutputStream.<init>(SegmentedRaftLogOutputStream.java:72)
	at org.apache.ratis.server.raftlog.segmented.SegmentedRaftLogWorker$StartLogSegment.execute(SegmentedRaftLogWorker.java:566)
	at org.apache.ratis.server.raftlog.segmented.SegmentedRaftLogWorker.run(SegmentedRaftLogWorker.java:289)
	at java.lang.Thread.run(Thread.java:748)
2019-09-19 14:05:03,613 [Thread-4379] INFO  impl.FollowerState (FollowerState.java:run(106)) - dcc77c7b-1d37-448d-8d57-43d254561693:group-09863E5FAFF9 changes to CANDIDATE, lastRpcTime:11106, electionTimeout:5130ms
2019-09-19 14:05:08,005 [Thread-4379] INFO  impl.RoleInfo (RoleInfo.java:shutdownFollowerState(121)) - dcc77c7b-1d37-448d-8d57-43d254561693: shutdown FollowerState
2019-09-19 14:05:08,005 [Thread-4379] INFO  impl.RaftServerImpl (RaftServerImpl.java:setRole(171)) - dcc77c7b-1d37-448d-8d57-43d254561693:group-09863E5FAFF9 changes role from FOLLOWER to CANDIDATE at term 0 for changeToCandidate
2019-09-19 14:05:03,613 [Thread-4385] INFO  impl.FollowerState (FollowerState.java:run(106)) - dcc77c7b-1d37-448d-8d57-43d254561693:group-86AAD3D49F70 changes to CANDIDATE, lastRpcTime:11026, electionTimeout:5128ms
2019-09-19 14:05:08,005 [Thread-4385] INFO  impl.RoleInfo (RoleInfo.java:shutdownFollowerState(121)) - dcc77c7b-1d37-448d-8d57-43d254561693: shutdown FollowerState
2019-09-19 14:05:03,308 [dcc77c7b-1d37-448d-8d57-43d254561693:group-F426BA34EE2B:LeaderElection586] INFO  impl.RoleInfo (RoleInfo.java:updateAndGet(143)) - dcc77c7b-1d37-448d-8d57-43d254561693: start LeaderState
2019-09-19 14:05:03,308 [dcc77c7b-1d37-448d-8d57-43d254561693:group-B3B29087AAA0:LeaderElection598] INFO  impl.RaftServerImpl (ServerState.java:setRaftConf(361)) - dcc77c7b-1d37-448d-8d57-43d254561693:group-B3B29087AAA0 set configuration 0: [dcc77c7b-1d37-448d-8d57-43d254561693:192.168.157.226:34527], old=null at 0
2019-09-19 14:05:03,308 [dcc77c7b-1d37-448d-8d57-43d254561693:group-6EDC13E5AA9D:LeaderElection609] INFO  server.RaftServerConfigKeys (ConfUtils.java:logGet(43)) - raft.server.watch.element-limit = 65536 (default)
2019-09-19 14:05:03,308 [dcc77c7b-1d37-448d-8d57-43d254561693:group-BB4E63A8ADCE:LeaderElection623] INFO  impl.RaftServerImpl (ServerState.java:setRaftConf(361)) - dcc77c7b-1d37-448d-8d57-43d254561693:group-BB4E63A8ADCE set configuration 0: [dcc77c7b-1d37-448d-8d57-43d254561693:192.168.157.226:34527], old=null at 0
2019-09-19 14:05:03,304 [dcc77c7b-1d37-448d-8d57-43d254561693:group-06488AB7C697:LeaderElection675] INFO  impl.LeaderElection (LeaderElection.java:askForVotes(181)) - dcc77c7b-1d37-448d-8d57-43d254561693:group-06488AB7C697:LeaderElection675: begin an election at term 1 for -1: [dcc77c7b-1d37-448d-8d57-43d254561693:192.168.157.226:34527], old=null
2019-09-19 14:05:03,304 [dcc77c7b-1d37-448d-8d57-43d254561693:group-16D5C64EF590:LeaderElection676] INFO  impl.LeaderElection (LeaderElection.java:askForVotes(181)) - dcc77c7b-1d37-448d-8d57-43d254561693:group-16D5C64EF590:LeaderElection676: begin an election at term 1 for -1: [dcc77c7b-1d37-448d-8d57-43d254561693:192.168.157.226:34527], old=null
2019-09-19 14:05:03,304 [dcc77c7b-1d37-448d-8d57-43d254561693:group-9D703827DFCE:LeaderElection668] INFO  impl.LeaderElection (LeaderElection.java:askForVotes(181)) - dcc77c7b-1d37-448d-8d57-43d254561693:group-9D703827DFCE:LeaderElection668: begin an election at term 1 for -1: [dcc77c7b-1d37-448d-8d57-43d254561693:192.168.157.226:34527], old=null
2019-09-19 14:05:03,304 [dcc77c7b-1d37-448d-8d57-43d254561693:group-A51E53567AEE:LeaderElection669] INFO  impl.LeaderElection (LeaderElection.java:askForVotes(181)) - dcc77c7b-1d37-448d-8d57-43d254561693:group-A51E53567AEE:LeaderElection669: begin an election at term 1 for -1: [dcc77c7b-1d37-448d-8d57-43d254561693:192.168.157.226:34527], old=null
2019-09-19 14:05:08,007 [dcc77c7b-1d37-448d-8d57-43d254561693:group-A51E53567AEE:LeaderElection669] INFO  impl.RoleInfo (RoleInfo.java:shutdownLeaderElection(134)) - dcc77c7b-1d37-448d-8d57-43d254561693: shutdown LeaderElection
2019-09-19 14:05:03,304 [dcc77c7b-1d37-448d-8d57-43d254561693-SegmentedRaftLogWorker:Storage Directory /workdir/hadoop-ozone/integration-test/target/test-dir/MiniOzoneClusterImpl-3b2755de-4cfe-4b43-9e0d-73dd8eda8f75/datanode-0/data/ratis/d940fc8f-6058-456e-94c6-cc8cae5134c7] ERROR segmented.SegmentedRaftLogWorker (SegmentedRaftLogWorker.java:run(323)) - dcc77c7b-1d37-448d-8d57-43d254561693-SegmentedRaftLogWorker:Storage Directory /workdir/hadoop-ozone/integration-test/target/test-dir/MiniOzoneClusterImpl-3b2755de-4cfe-4b43-9e0d-73dd8eda8f75/datanode-0/data/ratis/d940fc8f-6058-456e-94c6-cc8cae5134c7 hit exception
java.lang.OutOfMemoryError: Direct buffer memory
	at java.nio.Bits.reserveMemory(Bits.java:666)
	at java.nio.DirectByteBuffer.<init>(DirectByteBuffer.java:123)
	at java.nio.ByteBuffer.allocateDirect(ByteBuffer.java:311)
	at org.apache.ratis.server.raftlog.segmented.BufferedWriteChannel.<init>(BufferedWriteChannel.java:41)
	at org.apache.ratis.server.raftlog.segmented.SegmentedRaftLogOutputStream.<init>(SegmentedRaftLogOutputStream.java:72)
	at org.apache.ratis.server.raftlog.segmented.SegmentedRaftLogWorker$StartLogSegment.execute(SegmentedRaftLogWorker.java:566)
	at org.apache.ratis.server.raftlog.segmented.SegmentedRaftLogWorker.run(SegmentedRaftLogWorker.java:289)
	at java.lang.Thread.run(Thread.java:748)
2019-09-19 14:05:08,008 [dcc77c7b-1d37-448d-8d57-43d254561693-SegmentedRaftLogWorker:Storage Directory /workdir/hadoop-ozone/integration-test/target/test-dir/MiniOzoneClusterImpl-3b2755de-4cfe-4b43-9e0d-73dd8eda8f75/datanode-0/data/ratis/d940fc8f-6058-456e-94c6-cc8cae5134c7] INFO  impl.RaftServerImpl (RaftServerImpl.java:lambda$shutdown$3(245)) - dcc77c7b-1d37-448d-8d57-43d254561693: shutdown group-CC8CAE5134C7
2019-09-19 14:05:03,304 [dcc77c7b-1d37-448d-8d57-43d254561693-SegmentedRaftLogWorker:Storage Directory /workdir/hadoop-ozone/integration-test/target/test-dir/MiniOzoneClusterImpl-3b2755de-4cfe-4b43-9e0d-73dd8eda8f75/datanode-0/data/ratis/1c9ba3da-70bd-414b-8c0b-1639c94c8647] ERROR segmented.SegmentedRaftLogWorker (SegmentedRaftLogWorker.java:run(323)) - dcc77c7b-1d37-448d-8d57-43d254561693-SegmentedRaftLogWorker:Storage Directory /workdir/hadoop-ozone/integration-test/target/test-dir/MiniOzoneClusterImpl-3b2755de-4cfe-4b43-9e0d-73dd8eda8f75/datanode-0/data/ratis/1c9ba3da-70bd-414b-8c0b-1639c94c8647 hit exception
java.lang.OutOfMemoryError: Direct buffer memory
	at java.nio.Bits.reserveMemory(Bits.java:666)
	at java.nio.DirectByteBuffer.<init>(DirectByteBuffer.java:123)
	at java.nio.ByteBuffer.allocateDirect(ByteBuffer.java:311)
	at org.apache.ratis.server.raftlog.segmented.BufferedWriteChannel.<init>(BufferedWriteChannel.java:41)
	at org.apache.ratis.server.raftlog.segmented.SegmentedRaftLogOutputStream.<init>(SegmentedRaftLogOutputStream.java:72)
	at org.apache.ratis.server.raftlog.segmented.SegmentedRaftLogWorker$StartLogSegment.execute(SegmentedRaftLogWorker.java:566)
	at org.apache.ratis.server.raftlog.segmented.SegmentedRaftLogWorker.run(SegmentedRaftLogWorker.java:289)
	at java.lang.Thread.run(Thread.java:748)
2019-09-19 14:05:08,008 [dcc77c7b-1d37-448d-8d57-43d254561693-SegmentedRaftLogWorker:Storage Directory /workdir/hadoop-ozone/integration-test/target/test-dir/MiniOzoneClusterImpl-3b2755de-4cfe-4b43-9e0d-73dd8eda8f75/datanode-0/data/ratis/1c9ba3da-70bd-414b-8c0b-1639c94c8647] INFO  impl.RaftServerImpl (RaftServerImpl.java:lambda$shutdown$3(245)) - dcc77c7b-1d37-448d-8d57-43d254561693: shutdown group-1639C94C8647
2019-09-19 14:05:03,304 [dcc77c7b-1d37-448d-8d57-43d254561693-SegmentedRaftLogWorker:Storage Directory /workdir/hadoop-ozone/integration-test/target/test-dir/MiniOzoneClusterImpl-3b2755de-4cfe-4b43-9e0d-73dd8eda8f75/datanode-0/data/ratis/cf1a1524-ab21-4332-a4e8-e53cd96b3e19] ERROR segmented.SegmentedRaftLogWorker (SegmentedRaftLogWorker.java:run(323)) - dcc77c7b-1d37-448d-8d57-43d254561693-SegmentedRaftLogWorker:Storage Directory /workdir/hadoop-ozone/integration-test/target/test-dir/MiniOzoneClusterImpl-3b2755de-4cfe-4b43-9e0d-73dd8eda8f75/datanode-0/data/ratis/cf1a1524-ab21-4332-a4e8-e53cd96b3e19 hit exception
java.lang.OutOfMemoryError: Direct buffer memory
	at java.nio.Bits.reserveMemory(Bits.java:666)
	at java.nio.DirectByteBuffer.<init>(DirectByteBuffer.java:123)
	at java.nio.ByteBuffer.allocateDirect(ByteBuffer.java:311)
	at org.apache.ratis.server.raftlog.segmented.BufferedWriteChannel.<init>(BufferedWriteChannel.java:41)
	at org.apache.ratis.server.raftlog.segmented.SegmentedRaftLogOutputStream.<init>(SegmentedRaftLogOutputStream.java:72)
	at org.apache.ratis.server.raftlog.segmented.SegmentedRaftLogWorker$StartLogSegment.execute(SegmentedRaftLogWorker.java:566)
	at org.apache.ratis.server.raftlog.segmented.SegmentedRaftLogWorker.run(SegmentedRaftLogWorker.java:289)
	at java.lang.Thread.run(Thread.java:748)
2019-09-19 14:05:08,009 [dcc77c7b-1d37-448d-8d57-43d254561693-SegmentedRaftLogWorker:Storage Directory /workdir/hadoop-ozone/integration-test/target/test-dir/MiniOzoneClusterImpl-3b2755de-4cfe-4b43-9e0d-73dd8eda8f75/datanode-0/data/ratis/cf1a1524-ab21-4332-a4e8-e53cd96b3e19] INFO  impl.RaftServerImpl (RaftServerImpl.java:lambda$shutdown$3(245)) - dcc77c7b-1d37-448d-8d57-43d254561693: shutdown group-E53CD96B3E19
2019-09-19 14:05:02,977 [dcc77c7b-1d37-448d-8d57-43d254561693:group-1CA508E03965:LeaderElection622] INFO  server.RaftServerConfigKeys (ConfUtils.java:logGet(43)) - raft.server.watch.element-limit = 65536 (default)
2019-09-19 14:05:02,976 [dcc77c7b-1d37-448d-8d57-43d254561693:group-C61393B9958E:LeaderElection610] INFO  segmented.SegmentedRaftLogWorker (SegmentedRaftLogWorker.java:startLogSegment(380)) - dcc77c7b-1d37-448d-8d57-43d254561693-SegmentedRaftLogWorker:Storage Directory /workdir/hadoop-ozone/integration-test/target/test-dir/MiniOzoneClusterImpl-3b2755de-4cfe-4b43-9e0d-73dd8eda8f75/datanode-0/data/ratis/0bcb92b1-8f88-4bb5-a8d7-c61393b9958e: Starting segment from index:0
2019-09-19 14:05:02,976 [dcc77c7b-1d37-448d-8d57-43d254561693:group-9054243D6A0E:LeaderElection599] INFO  server.RaftServerConfigKeys (ConfUtils.java:logGet(43)) - raft.server.watch.element-limit = 65536 (default)
2019-09-19 14:05:02,976 [dcc77c7b-1d37-448d-8d57-43d254561693:group-D8C1D5FCCD5D:LeaderElection611] INFO  server.RaftServerConfigKeys (ConfUtils.java:logGet(43)) - raft.server.watch.timeout.denomination = 1s (default)
2019-09-19 14:05:02,976 [dcc77c7b-1d37-448d-8d57-43d254561693:group-CDD98A98F0BC:LeaderElection633] INFO  server.RaftServerConfigKeys (ConfUtils.java:logGet(43)) - raft.server.rpc.sleep.time = 25ms (default)
2019-09-19 14:05:08,010 [dcc77c7b-1d37-448d-8d57-43d254561693:group-CDD98A98F0BC:LeaderElection633] INFO  server.RaftServerConfigKeys (ConfUtils.java:logGet(43)) - raft.server.write.element-limit = 4096 (default)
2019-09-19 14:05:02,976 [dcc77c7b-1d37-448d-8d57-43d254561693:group-A786CE105C3D:LeaderElection631] INFO  server.RaftServerConfigKeys (ConfUtils.java:logGet(43)) - raft.server.rpc.sleep.time = 25ms (default)
2019-09-19 14:05:02,975 [dcc77c7b-1d37-448d-8d57-43d254561693:group-8D9545D9289E:LeaderElection632] INFO  server.RaftServerConfigKeys (ConfUtils.java:logGet(43)) - raft.server.write.element-limit = 4096 (default)
2019-09-19 14:05:02,975 [dcc77c7b-1d37-448d-8d57-43d254561693-SegmentedRaftLogWorker:Storage Directory /workdir/hadoop-ozone/integration-test/target/test-dir/MiniOzoneClusterImpl-3b2755de-4cfe-4b43-9e0d-73dd8eda8f75/datanode-0/data/ratis/dbf1b950-f008-4424-a7f2-a456a21cc0df] INFO  util.JmxRegister (JmxRegister.java:unregister(73)) - Successfully un-registered JMX Bean with object name Ratis:service=RaftServer,group=group-A456A21CC0DF,id=dcc77c7b-1d37-448d-8d57-43d254561693
2019-09-19 14:05:08,010 [dcc77c7b-1d37-448d-8d57-43d254561693-SegmentedRaftLogWorker:Storage Directory /workdir/hadoop-ozone/integration-test/target/test-dir/MiniOzoneClusterImpl-3b2755de-4cfe-4b43-9e0d-73dd8eda8f75/datanode-0/data/ratis/dbf1b950-f008-4424-a7f2-a456a21cc0df] INFO  impl.RoleInfo (RoleInfo.java:shutdownLeaderState(104)) - dcc77c7b-1d37-448d-8d57-43d254561693: shutdown LeaderState
2019-09-19 14:05:02,975 [dcc77c7b-1d37-448d-8d57-43d254561693-SegmentedRaftLogWorker:Storage Directory /workdir/hadoop-ozone/integration-test/target/test-dir/MiniOzoneClusterImpl-3b2755de-4cfe-4b43-9e0d-73dd8eda8f75/datanode-0/data/ratis/9d7df28a-497c-4916-83d4-1c369c9291f7] INFO  impl.RaftServerImpl (RaftServerImpl.java:lambda$shutdown$3(245)) - dcc77c7b-1d37-448d-8d57-43d254561693: shutdown group-1C369C9291F7
2019-09-19 14:05:02,974 [dcc77c7b-1d37-448d-8d57-43d254561693:group-A31FF801AF6F:LeaderElection634] INFO  server.RaftServerConfigKeys (ConfUtils.java:logGet(43)) - raft.server.watch.timeout.denomination = 1s (default)
2019-09-19 14:05:02,974 [dcc77c7b-1d37-448d-8d57-43d254561693-SegmentedRaftLogWorker:Storage Directory /workdir/hadoop-ozone/integration-test/target/test-dir/MiniOzoneClusterImpl-3b2755de-4cfe-4b43-9e0d-73dd8eda8f75/datanode-0/data/ratis/fc8f426b-2bac-4802-a182-07e00fea8c55] INFO  impl.PendingRequests (PendingRequests.java:sendNotLeaderResponses(202)) - dcc77c7b-1d37-448d-8d57-43d254561693-PendingRequests: sendNotLeaderResponses
2019-09-19 14:05:02,974 [Thread-4100] INFO  impl.RoleInfo (RoleInfo.java:updateAndGet(143)) - dcc77c7b-1d37-448d-8d57-43d254561693: start LeaderElection
2019-09-19 14:05:02,973 [dcc77c7b-1d37-448d-8d57-43d254561693-SegmentedRaftLogWorker:Storage Directory /workdir/hadoop-ozone/integration-test/target/test-dir/MiniOzoneClusterImpl-3b2755de-4cfe-4b43-9e0d-73dd8eda8f75/datanode-0/data/ratis/cf6cdb73-37c6-40ba-8817-99912b84409f] INFO  segmented.SegmentedRaftLogWorker (SegmentedRaftLogWorker.java:close(228)) - dcc77c7b-1d37-448d-8d57-43d254561693-SegmentedRaftLogWorker:Storage Directory /workdir/hadoop-ozone/integration-test/target/test-dir/MiniOzoneClusterImpl-3b2755de-4cfe-4b43-9e0d-73dd8eda8f75/datanode-0/data/ratis/cf6cdb73-37c6-40ba-8817-99912b84409f close()
2019-09-19 14:05:02,972 [Thread-4124] INFO  impl.RaftServerImpl (RaftServerImpl.java:setRole(171)) - dcc77c7b-1d37-448d-8d57-43d254561693:group-A89996D31591 changes role from FOLLOWER to CANDIDATE at term 0 for changeToCandidate
2019-09-19 14:05:02,972 [Thread-4112] INFO  impl.RoleInfo (RoleInfo.java:updateAndGet(143)) - dcc77c7b-1d37-448d-8d57-43d254561693: start LeaderElection
2019-09-19 14:05:02,972 [Thread-4121] INFO  impl.RoleInfo (RoleInfo.java:updateAndGet(143)) - dcc77c7b-1d37-448d-8d57-43d254561693: start LeaderElection
2019-09-19 14:05:02,972 [Thread-4115] INFO  impl.RoleInfo (RoleInfo.java:updateAndGet(143)) - dcc77c7b-1d37-448d-8d57-43d254561693: start LeaderElection
2019-09-19 14:05:02,972 [dcc77c7b-1d37-448d-8d57-43d254561693:group-0FBA50506B5E:LeaderElection667] INFO  impl.LeaderElection (LeaderElection.java:askForVotes(181)) - dcc77c7b-1d37-448d-8d57-43d254561693:group-0FBA50506B5E:LeaderElection667: begin an election at term 1 for -1: [dcc77c7b-1d37-448d-8d57-43d254561693:192.168.157.226:34527], old=null
2019-09-19 14:05:08,012 [dcc77c7b-1d37-448d-8d57-43d254561693:group-0FBA50506B5E:LeaderElection667] INFO  impl.RoleInfo (RoleInfo.java:shutdownLeaderElection(134)) - dcc77c7b-1d37-448d-8d57-43d254561693: shutdown LeaderElection
2019-09-19 14:05:02,972 [dcc77c7b-1d37-448d-8d57-43d254561693:group-B5CC723FD166:LeaderElection648] INFO  impl.LeaderElection (LeaderElection.java:askForVotes(181)) - dcc77c7b-1d37-448d-8d57-43d254561693:group-B5CC723FD166:LeaderElection648: begin an election at term 1 for -1: [dcc77c7b-1d37-448d-8d57-43d254561693:192.168.157.226:34527], old=null
2019-09-19 14:05:02,972 [dcc77c7b-1d37-448d-8d57-43d254561693:group-B95710768541:LeaderElection647] INFO  impl.LeaderElection (LeaderElection.java:askForVotes(181)) - dcc77c7b-1d37-448d-8d57-43d254561693:group-B95710768541:LeaderElection647: begin an election at term 1 for -1: [dcc77c7b-1d37-448d-8d57-43d254561693:192.168.157.226:34527], old=null
2019-09-19 14:05:02,971 [dcc77c7b-1d37-448d-8d57-43d254561693:group-7687262C50C0:LeaderElection650] INFO  impl.LeaderElection (LeaderElection.java:askForVotes(181)) - dcc77c7b-1d37-448d-8d57-43d254561693:group-7687262C50C0:LeaderElection650: begin an election at term 1 for -1: [dcc77c7b-1d37-448d-8d57-43d254561693:192.168.157.226:34527], old=null
2019-09-19 14:05:02,971 [dcc77c7b-1d37-448d-8d57-43d254561693:group-9200CAEB600D:LeaderElection649] INFO  impl.LeaderElection (LeaderElection.java:askForVotes(181)) - dcc77c7b-1d37-448d-8d57-43d254561693:group-9200CAEB600D:LeaderElection649: begin an election at term 1 for -1: [dcc77c7b-1d37-448d-8d57-43d254561693:192.168.157.226:34527], old=null
2019-09-19 14:05:08,013 [dcc77c7b-1d37-448d-8d57-43d254561693:group-9200CAEB600D:LeaderElection649] INFO  impl.RoleInfo (RoleInfo.java:shutdownLeaderElection(134)) - dcc77c7b-1d37-448d-8d57-43d254561693: shutdown LeaderElection
2019-09-19 14:05:08,013 [dcc77c7b-1d37-448d-8d57-43d254561693:group-9200CAEB600D:LeaderElection649] INFO  impl.RaftServerImpl (RaftServerImpl.java:setRole(171)) - dcc77c7b-1d37-448d-8d57-43d254561693:group-9200CAEB600D changes role from CANDIDATE to LEADER at term 1 for changeToLeader
2019-09-19 14:05:08,013 [dcc77c7b-1d37-448d-8d57-43d254561693:group-9200CAEB600D:LeaderElection649] INFO  impl.RaftServerImpl (ServerState.java:setLeader(263)) - dcc77c7b-1d37-448d-8d57-43d254561693:group-9200CAEB600D change Leader from null to dcc77c7b-1d37-448d-8d57-43d254561693 at term 1 for becomeLeader, leader elected after 13911ms
2019-09-19 14:05:02,971 [dcc77c7b-1d37-448d-8d57-43d254561693:group-98785DA6C0F7:LeaderElection646] INFO  impl.LeaderElection (LeaderElection.java:askForVotes(181)) - dcc77c7b-1d37-448d-8d57-43d254561693:group-98785DA6C0F7:LeaderElection646: begin an election at term 1 for -1: [dcc77c7b-1d37-448d-8d57-43d254561693:192.168.157.226:34527], old=null
2019-09-19 14:05:02,971 [dcc77c7b-1d37-448d-8d57-43d254561693:group-3C856EABEE0A:LeaderElection651] INFO  impl.LeaderElection (LeaderElection.java:askForVotes(181)) - dcc77c7b-1d37-448d-8d57-43d254561693:group-3C856EABEE0A:LeaderElection651: begin an election at term 1 for -1: [dcc77c7b-1d37-448d-8d57-43d254561693:192.168.157.226:34527], old=null
2019-09-19 14:05:02,971 [dcc77c7b-1d37-448d-8d57-43d254561693:group-38CC3D23514A:LeaderElection652] INFO  impl.LeaderElection (LeaderElection.java:askForVotes(181)) - dcc77c7b-1d37-448d-8d57-43d254561693:group-38CC3D23514A:LeaderElection652: begin an election at term 1 for -1: [dcc77c7b-1d37-448d-8d57-43d254561693:192.168.157.226:34527], old=null
2019-09-19 14:05:08,014 [dcc77c7b-1d37-448d-8d57-43d254561693:group-38CC3D23514A:LeaderElection652] INFO  impl.RoleInfo (RoleInfo.java:shutdownLeaderElection(134)) - dcc77c7b-1d37-448d-8d57-43d254561693: shutdown LeaderElection
2019-09-19 14:05:02,971 [dcc77c7b-1d37-448d-8d57-43d254561693:group-1AB3A26E676C:LeaderElection645] INFO  impl.LeaderElection (LeaderElection.java:askForVotes(181)) - dcc77c7b-1d37-448d-8d57-43d254561693:group-1AB3A26E676C:LeaderElection645: begin an election at term 1 for -1: [dcc77c7b-1d37-448d-8d57-43d254561693:192.168.157.226:34527], old=null
2019-09-19 14:05:02,971 [dcc77c7b-1d37-448d-8d57-43d254561693-SegmentedRaftLogWorker:Storage Directory /workdir/hadoop-ozone/integration-test/target/test-dir/MiniOzoneClusterImpl-3b2755de-4cfe-4b43-9e0d-73dd8eda8f75/datanode-0/data/ratis/577b7aa0-f3a6-4144-bbc3-fc8ac56a4cfe] ERROR segmented.SegmentedRaftLogWorker (SegmentedRaftLogWorker.java:run(323)) - dcc77c7b-1d37-448d-8d57-43d254561693-SegmentedRaftLogWorker:Storage Directory /workdir/hadoop-ozone/integration-test/target/test-dir/MiniOzoneClusterImpl-3b2755de-4cfe-4b43-9e0d-73dd8eda8f75/datanode-0/data/ratis/577b7aa0-f3a6-4144-bbc3-fc8ac56a4cfe hit exception
java.lang.OutOfMemoryError: Direct buffer memory
	at java.nio.Bits.reserveMemory(Bits.java:666)
	at java.nio.DirectByteBuffer.<init>(DirectByteBuffer.java:123)
	at java.nio.ByteBuffer.allocateDirect(ByteBuffer.java:311)
	at org.apache.ratis.server.raftlog.segmented.BufferedWriteChannel.<init>(BufferedWriteChannel.java:41)
	at org.apache.ratis.server.raftlog.segmented.SegmentedRaftLogOutputStream.<init>(SegmentedRaftLogOutputStream.java:72)
	at org.apache.ratis.server.raftlog.segmented.SegmentedRaftLogWorker$StartLogSegment.execute(SegmentedRaftLogWorker.java:566)
	at org.apache.ratis.server.raftlog.segmented.SegmentedRaftLogWorker.run(SegmentedRaftLogWorker.java:289)
	at java.lang.Thread.run(Thread.java:748)
2019-09-19 14:05:08,014 [dcc77c7b-1d37-448d-8d57-43d254561693-SegmentedRaftLogWorker:Storage Directory /workdir/hadoop-ozone/integration-test/target/test-dir/MiniOzoneClusterImpl-3b2755de-4cfe-4b43-9e0d-73dd8eda8f75/datanode-0/data/ratis/577b7aa0-f3a6-4144-bbc3-fc8ac56a4cfe] INFO  impl.RaftServerImpl (RaftServerImpl.java:lambda$shutdown$3(245)) - dcc77c7b-1d37-448d-8d57-43d254561693: shutdown group-FC8AC56A4CFE
2019-09-19 14:05:02,677 [dcc77c7b-1d37-448d-8d57-43d254561693:group-A8E7F9479FC5:LeaderElection597] INFO  impl.RaftServerImpl (ServerState.java:setRaftConf(361)) - dcc77c7b-1d37-448d-8d57-43d254561693:group-A8E7F9479FC5 set configuration 0: [dcc77c7b-1d37-448d-8d57-43d254561693:192.168.157.226:34527], old=null at 0
2019-09-19 14:05:02,677 [Thread-4118] INFO  impl.RoleInfo (RoleInfo.java:updateAndGet(143)) - dcc77c7b-1d37-448d-8d57-43d254561693: start LeaderElection
2019-09-19 14:05:02,677 [dcc77c7b-1d37-448d-8d57-43d254561693:group-E62FEC0D47BC:LeaderElection643] INFO  impl.RaftServerImpl (ServerState.java:setLeader(263)) - dcc77c7b-1d37-448d-8d57-43d254561693:group-E62FEC0D47BC change Leader from null to dcc77c7b-1d37-448d-8d57-43d254561693 at term 1 for becomeLeader, leader elected after 9012ms
2019-09-19 14:05:02,676 [dcc77c7b-1d37-448d-8d57-43d254561693:group-3B4ECEA16FCB:LeaderElection641] INFO  impl.RaftServerImpl (ServerState.java:setLeader(263)) - dcc77c7b-1d37-448d-8d57-43d254561693:group-3B4ECEA16FCB change Leader from null to dcc77c7b-1d37-448d-8d57-43d254561693 at term 1 for becomeLeader, leader elected after 9113ms
2019-09-19 14:05:02,676 [dcc77c7b-1d37-448d-8d57-43d254561693:group-314C4D324251:LeaderElection639] INFO  impl.RaftServerImpl (ServerState.java:setLeader(263)) - dcc77c7b-1d37-448d-8d57-43d254561693:group-314C4D324251 change Leader from null to dcc77c7b-1d37-448d-8d57-43d254561693 at term 1 for becomeLeader, leader elected after 8955ms
2019-09-19 14:05:02,676 [dcc77c7b-1d37-448d-8d57-43d254561693:group-2AF851618A31:LeaderElection642] INFO  impl.RaftServerImpl (RaftServerImpl.java:setRole(171)) - dcc77c7b-1d37-448d-8d57-43d254561693:group-2AF851618A31 changes role from CANDIDATE to LEADER at term 1 for changeToLeader
2019-09-19 14:05:02,676 [dcc77c7b-1d37-448d-8d57-43d254561693:group-04BD0E6020D4:LeaderElection640] INFO  impl.RaftServerImpl (RaftServerImpl.java:setRole(171)) - dcc77c7b-1d37-448d-8d57-43d254561693:group-04BD0E6020D4 changes role from CANDIDATE to LEADER at term 1 for changeToLeader
2019-09-19 14:05:02,676 [dcc77c7b-1d37-448d-8d57-43d254561693:group-A7785E8E6A28:LeaderElection638] INFO  server.RaftServerConfigKeys (ConfUtils.java:logGet(43)) - raft.server.rpc.sleep.time = 25ms (default)
2019-09-19 14:05:02,675 [Thread-4623] INFO  impl.RoleInfo (RoleInfo.java:updateAndGet(143)) - dcc77c7b-1d37-448d-8d57-43d254561693: start LeaderElection
2019-09-19 14:05:02,675 [dcc77c7b-1d37-448d-8d57-43d254561693-SegmentedRaftLogWorker:Storage Directory /workdir/hadoop-ozone/integration-test/target/test-dir/MiniOzoneClusterImpl-3b2755de-4cfe-4b43-9e0d-73dd8eda8f75/datanode-0/data/ratis/ee3934f9-9712-4852-9baf-a8fd2d474859] INFO  impl.PendingRequests (PendingRequests.java:sendNotLeaderResponses(202)) - dcc77c7b-1d37-448d-8d57-43d254561693-PendingRequests: sendNotLeaderResponses
2019-09-19 14:05:02,675 [dcc77c7b-1d37-448d-8d57-43d254561693:group-EC9A652F867E:LeaderElection568] INFO  server.RaftServerConfigKeys (ConfUtils.java:logGet(43)) - raft.server.watch.timeout = 10s (default)
2019-09-19 14:05:08,016 [dcc77c7b-1d37-448d-8d57-43d254561693-SegmentedRaftLogWorker:Storage Directory /workdir/hadoop-ozone/integration-test/target/test-dir/MiniOzoneClusterImpl-3b2755de-4cfe-4b43-9e0d-73dd8eda8f75/datanode-0/data/ratis/ee3934f9-9712-4852-9baf-a8fd2d474859] INFO  impl.StateMachineUpdater (StateMachineUpdater.java:stopAndJoin(115)) - StateMachineUpdater:dcc77c7b-1d37-448d-8d57-43d254561693:group-A8FD2D474859: set stopIndex = -1
2019-09-19 14:05:08,015 [dcc77c7b-1d37-448d-8d57-43d254561693:group-A7785E8E6A28:LeaderElection638] INFO  server.RaftServerConfigKeys (ConfUtils.java:logGet(43)) - raft.server.write.element-limit = 4096 (default)
2019-09-19 14:05:08,016 [dcc77c7b-1d37-448d-8d57-43d254561693:group-A7785E8E6A28:LeaderElection638] INFO  server.RaftServerConfigKeys (ConfUtils.java:logGet(43)) - raft.server.watch.timeout = 10s (default)
2019-09-19 14:05:08,015 [dcc77c7b-1d37-448d-8d57-43d254561693:group-04BD0E6020D4:LeaderElection640] INFO  impl.RaftServerImpl (ServerState.java:setLeader(263)) - dcc77c7b-1d37-448d-8d57-43d254561693:group-04BD0E6020D4 change Leader from null to dcc77c7b-1d37-448d-8d57-43d254561693 at term 1 for becomeLeader, leader elected after 14415ms
2019-09-19 14:05:08,015 [dcc77c7b-1d37-448d-8d57-43d254561693:group-2AF851618A31:LeaderElection642] INFO  impl.RaftServerImpl (ServerState.java:setLeader(263)) - dcc77c7b-1d37-448d-8d57-43d254561693:group-2AF851618A31 change Leader from null to dcc77c7b-1d37-448d-8d57-43d254561693 at term 1 for becomeLeader, leader elected after 14487ms
2019-09-19 14:05:08,017 [dcc77c7b-1d37-448d-8d57-43d254561693:group-2AF851618A31:LeaderElection642] INFO  server.RaftServerConfigKeys (ConfUtils.java:logGet(43)) - raft.server.staging.catchup.gap = 1000 (default)
2019-09-19 14:05:08,015 [dcc77c7b-1d37-448d-8d57-43d254561693:group-314C4D324251:LeaderElection639] INFO  server.RaftServerConfigKeys (ConfUtils.java:logGet(43)) - raft.server.staging.catchup.gap = 1000 (default)
2019-09-19 14:05:08,015 [dcc77c7b-1d37-448d-8d57-43d254561693:group-3B4ECEA16FCB:LeaderElection641] INFO  server.RaftServerConfigKeys (ConfUtils.java:logGet(43)) - raft.server.staging.catchup.gap = 1000 (default)
2019-09-19 14:05:08,017 [dcc77c7b-1d37-448d-8d57-43d254561693:group-3B4ECEA16FCB:LeaderElection641] INFO  server.RaftServerConfigKeys (ConfUtils.java:logGet(43)) - raft.server.rpc.sleep.time = 25ms (default)
2019-09-19 14:05:08,015 [dcc77c7b-1d37-448d-8d57-43d254561693:group-E62FEC0D47BC:LeaderElection643] INFO  server.RaftServerConfigKeys (ConfUtils.java:logGet(43)) - raft.server.staging.catchup.gap = 1000 (default)
2019-09-19 14:05:08,017 [dcc77c7b-1d37-448d-8d57-43d254561693:group-E62FEC0D47BC:LeaderElection643] INFO  server.RaftServerConfigKeys (ConfUtils.java:logGet(43)) - raft.server.rpc.sleep.time = 25ms (default)
2019-09-19 14:05:08,014 [dcc77c7b-1d37-448d-8d57-43d254561693-SegmentedRaftLogWorker:Storage Directory /workdir/hadoop-ozone/integration-test/target/test-dir/MiniOzoneClusterImpl-3b2755de-4cfe-4b43-9e0d-73dd8eda8f75/datanode-0/data/ratis/577b7aa0-f3a6-4144-bbc3-fc8ac56a4cfe] INFO  util.JmxRegister (JmxRegister.java:unregister(73)) - Successfully un-registered JMX Bean with object name Ratis:service=RaftServer,group=group-FC8AC56A4CFE,id=dcc77c7b-1d37-448d-8d57-43d254561693
2019-09-19 14:05:08,017 [dcc77c7b-1d37-448d-8d57-43d254561693-SegmentedRaftLogWorker:Storage Directory /workdir/hadoop-ozone/integration-test/target/test-dir/MiniOzoneClusterImpl-3b2755de-4cfe-4b43-9e0d-73dd8eda8f75/datanode-0/data/ratis/577b7aa0-f3a6-4144-bbc3-fc8ac56a4cfe] INFO  impl.RoleInfo (RoleInfo.java:shutdownLeaderState(104)) - dcc77c7b-1d37-448d-8d57-43d254561693: shutdown LeaderState
2019-09-19 14:05:08,014 [dcc77c7b-1d37-448d-8d57-43d254561693:group-1AB3A26E676C:LeaderElection645] INFO  impl.RoleInfo (RoleInfo.java:shutdownLeaderElection(134)) - dcc77c7b-1d37-448d-8d57-43d254561693: shutdown LeaderElection
2019-09-19 14:05:08,014 [dcc77c7b-1d37-448d-8d57-43d254561693:group-38CC3D23514A:LeaderElection652] INFO  impl.RaftServerImpl (RaftServerImpl.java:setRole(171)) - dcc77c7b-1d37-448d-8d57-43d254561693:group-38CC3D23514A changes role from CANDIDATE to LEADER at term 1 for changeToLeader
2019-09-19 14:05:08,018 [dcc77c7b-1d37-448d-8d57-43d254561693:group-38CC3D23514A:LeaderElection652] INFO  impl.RaftServerImpl (ServerState.java:setLeader(263)) - dcc77c7b-1d37-448d-8d57-43d254561693:group-38CC3D23514A change Leader from null to dcc77c7b-1d37-448d-8d57-43d254561693 at term 1 for becomeLeader, leader elected after 14155ms
2019-09-19 14:05:08,014 [dcc77c7b-1d37-448d-8d57-43d254561693:group-3C856EABEE0A:LeaderElection651] INFO  impl.RoleInfo (RoleInfo.java:shutdownLeaderElection(134)) - dcc77c7b-1d37-448d-8d57-43d254561693: shutdown LeaderElection
2019-09-19 14:05:08,018 [dcc77c7b-1d37-448d-8d57-43d254561693:group-3C856EABEE0A:LeaderElection651] INFO  impl.RaftServerImpl (RaftServerImpl.java:setRole(171)) - dcc77c7b-1d37-448d-8d57-43d254561693:group-3C856EABEE0A changes role from CANDIDATE to LEADER at term 1 for changeToLeader
2019-09-19 14:05:08,018 [dcc77c7b-1d37-448d-8d57-43d254561693:group-3C856EABEE0A:LeaderElection651] INFO  impl.RaftServerImpl (ServerState.java:setLeader(263)) - dcc77c7b-1d37-448d-8d57-43d254561693:group-3C856EABEE0A change Leader from null to dcc77c7b-1d37-448d-8d57-43d254561693 at term 1 for becomeLeader, leader elected after 14122ms
2019-09-19 14:05:08,014 [dcc77c7b-1d37-448d-8d57-43d254561693:group-98785DA6C0F7:LeaderElection646] INFO  impl.RoleInfo (RoleInfo.java:shutdownLeaderElection(134)) - dcc77c7b-1d37-448d-8d57-43d254561693: shutdown LeaderElection
2019-09-19 14:05:08,018 [dcc77c7b-1d37-448d-8d57-43d254561693:group-98785DA6C0F7:LeaderElection646] INFO  impl.RaftServerImpl (RaftServerImpl.java:setRole(171)) - dcc77c7b-1d37-448d-8d57-43d254561693:group-98785DA6C0F7 changes role from CANDIDATE to LEADER at term 1 for changeToLeader
2019-09-19 14:05:08,013 [dcc77c7b-1d37-448d-8d57-43d254561693:group-9200CAEB600D:LeaderElection649] INFO  server.RaftServerConfigKeys (ConfUtils.java:logGet(43)) - raft.server.staging.catchup.gap = 1000 (default)
2019-09-19 14:05:08,019 [dcc77c7b-1d37-448d-8d57-43d254561693:group-9200CAEB600D:LeaderElection649] INFO  server.RaftServerConfigKeys (ConfUtils.java:logGet(43)) - raft.server.rpc.sleep.time = 25ms (default)
2019-09-19 14:05:08,013 [dcc77c7b-1d37-448d-8d57-43d254561693:group-7687262C50C0:LeaderElection650] INFO  impl.RoleInfo (RoleInfo.java:shutdownLeaderElection(134)) - dcc77c7b-1d37-448d-8d57-43d254561693: shutdown LeaderElection
2019-09-19 14:05:08,019 [dcc77c7b-1d37-448d-8d57-43d254561693:group-7687262C50C0:LeaderElection650] INFO  impl.RaftServerImpl (RaftServerImpl.java:setRole(171)) - dcc77c7b-1d37-448d-8d57-43d254561693:group-7687262C50C0 changes role from CANDIDATE to LEADER at term 1 for changeToLeader
2019-09-19 14:05:08,013 [dcc77c7b-1d37-448d-8d57-43d254561693:group-B95710768541:LeaderElection647] INFO  impl.RoleInfo (RoleInfo.java:shutdownLeaderElection(134)) - dcc77c7b-1d37-448d-8d57-43d254561693: shutdown LeaderElection
2019-09-19 14:05:08,019 [dcc77c7b-1d37-448d-8d57-43d254561693:group-B95710768541:LeaderElection647] INFO  impl.RaftServerImpl (RaftServerImpl.java:setRole(171)) - dcc77c7b-1d37-448d-8d57-43d254561693:group-B95710768541 changes role from CANDIDATE to LEADER at term 1 for changeToLeader
2019-09-19 14:05:08,019 [dcc77c7b-1d37-448d-8d57-43d254561693:group-B95710768541:LeaderElection647] INFO  impl.RaftServerImpl (ServerState.java:setLeader(263)) - dcc77c7b-1d37-448d-8d57-43d254561693:group-B95710768541 change Leader from null to dcc77c7b-1d37-448d-8d57-43d254561693 at term 1 for becomeLeader, leader elected after 13883ms
2019-09-19 14:05:08,013 [dcc77c7b-1d37-448d-8d57-43d254561693:group-B5CC723FD166:LeaderElection648] INFO  impl.RoleInfo (RoleInfo.java:shutdownLeaderElection(134)) - dcc77c7b-1d37-448d-8d57-43d254561693: shutdown LeaderElection
2019-09-19 14:05:08,013 [dcc77c7b-1d37-448d-8d57-43d254561693:group-0FBA50506B5E:LeaderElection667] INFO  impl.RaftServerImpl (RaftServerImpl.java:setRole(171)) - dcc77c7b-1d37-448d-8d57-43d254561693:group-0FBA50506B5E changes role from CANDIDATE to LEADER at term 1 for changeToLeader
2019-09-19 14:05:08,019 [dcc77c7b-1d37-448d-8d57-43d254561693:group-0FBA50506B5E:LeaderElection667] INFO  impl.RaftServerImpl (ServerState.java:setLeader(263)) - dcc77c7b-1d37-448d-8d57-43d254561693:group-0FBA50506B5E change Leader from null to dcc77c7b-1d37-448d-8d57-43d254561693 at term 1 for becomeLeader, leader elected after 18092ms
2019-09-19 14:05:08,012 [Thread-4124] INFO  impl.RoleInfo (RoleInfo.java:updateAndGet(143)) - dcc77c7b-1d37-448d-8d57-43d254561693: start LeaderElection
2019-09-19 14:05:08,011 [dcc77c7b-1d37-448d-8d57-43d254561693-SegmentedRaftLogWorker:Storage Directory /workdir/hadoop-ozone/integration-test/target/test-dir/MiniOzoneClusterImpl-3b2755de-4cfe-4b43-9e0d-73dd8eda8f75/datanode-0/data/ratis/fc8f426b-2bac-4802-a182-07e00fea8c55] INFO  impl.StateMachineUpdater (StateMachineUpdater.java:stopAndJoin(115)) - StateMachineUpdater:dcc77c7b-1d37-448d-8d57-43d254561693:group-07E00FEA8C55: set stopIndex = -1
2019-09-19 14:05:08,011 [dcc77c7b-1d37-448d-8d57-43d254561693:group-A31FF801AF6F:LeaderElection634] INFO  server.RaftServerConfigKeys (ConfUtils.java:logGet(43)) - raft.server.watch.element-limit = 65536 (default)
2019-09-19 14:05:08,011 [dcc77c7b-1d37-448d-8d57-43d254561693-SegmentedRaftLogWorker:Storage Directory /workdir/hadoop-ozone/integration-test/target/test-dir/MiniOzoneClusterImpl-3b2755de-4cfe-4b43-9e0d-73dd8eda8f75/datanode-0/data/ratis/9d7df28a-497c-4916-83d4-1c369c9291f7] INFO  util.JmxRegister (JmxRegister.java:unregister(73)) - Successfully un-registered JMX Bean with object name Ratis:service=RaftServer,group=group-1C369C9291F7,id=dcc77c7b-1d37-448d-8d57-43d254561693
2019-09-19 14:05:08,020 [dcc77c7b-1d37-448d-8d57-43d254561693-SegmentedRaftLogWorker:Storage Directory /workdir/hadoop-ozone/integration-test/target/test-dir/MiniOzoneClusterImpl-3b2755de-4cfe-4b43-9e0d-73dd8eda8f75/datanode-0/data/ratis/9d7df28a-497c-4916-83d4-1c369c9291f7] INFO  impl.RoleInfo (RoleInfo.java:shutdownLeaderState(104)) - dcc77c7b-1d37-448d-8d57-43d254561693: shutdown LeaderState
2019-09-19 14:05:08,011 [dcc77c7b-1d37-448d-8d57-43d254561693-SegmentedRaftLogWorker:Storage Directory /workdir/hadoop-ozone/integration-test/target/test-dir/MiniOzoneClusterImpl-3b2755de-4cfe-4b43-9e0d-73dd8eda8f75/datanode-0/data/ratis/dbf1b950-f008-4424-a7f2-a456a21cc0df] INFO  impl.PendingRequests (PendingRequests.java:sendNotLeaderResponses(202)) - dcc77c7b-1d37-448d-8d57-43d254561693-PendingRequests: sendNotLeaderResponses
2019-09-19 14:05:08,010 [dcc77c7b-1d37-448d-8d57-43d254561693:group-8D9545D9289E:LeaderElection632] INFO  server.RaftServerConfigKeys (ConfUtils.java:logGet(43)) - raft.server.watch.timeout = 10s (default)
2019-09-19 14:05:08,020 [dcc77c7b-1d37-448d-8d57-43d254561693:group-8D9545D9289E:LeaderElection632] INFO  server.RaftServerConfigKeys (ConfUtils.java:logGet(43)) - raft.server.watch.timeout.denomination = 1s (default)
2019-09-19 14:05:08,010 [dcc77c7b-1d37-448d-8d57-43d254561693:group-A786CE105C3D:LeaderElection631] INFO  server.RaftServerConfigKeys (ConfUtils.java:logGet(43)) - raft.server.write.element-limit = 4096 (default)
2019-09-19 14:05:08,021 [dcc77c7b-1d37-448d-8d57-43d254561693:group-A786CE105C3D:LeaderElection631] INFO  server.RaftServerConfigKeys (ConfUtils.java:logGet(43)) - raft.server.watch.timeout = 10s (default)
2019-09-19 14:05:08,010 [dcc77c7b-1d37-448d-8d57-43d254561693:group-CDD98A98F0BC:LeaderElection633] INFO  server.RaftServerConfigKeys (ConfUtils.java:logGet(43)) - raft.server.watch.timeout = 10s (default)
2019-09-19 14:05:08,010 [dcc77c7b-1d37-448d-8d57-43d254561693:group-D8C1D5FCCD5D:LeaderElection611] INFO  server.RaftServerConfigKeys (ConfUtils.java:logGet(43)) - raft.server.watch.element-limit = 65536 (default)
2019-09-19 14:05:08,009 [dcc77c7b-1d37-448d-8d57-43d254561693:group-C61393B9958E:LeaderElection610] INFO  impl.RaftServerImpl (ServerState.java:setRaftConf(361)) - dcc77c7b-1d37-448d-8d57-43d254561693:group-C61393B9958E set configuration 0: [dcc77c7b-1d37-448d-8d57-43d254561693:192.168.157.226:34527], old=null at 0
2019-09-19 14:05:08,009 [dcc77c7b-1d37-448d-8d57-43d254561693:group-9054243D6A0E:LeaderElection599] INFO  impl.RoleInfo (RoleInfo.java:updateAndGet(143)) - dcc77c7b-1d37-448d-8d57-43d254561693: start LeaderState
2019-09-19 14:05:08,009 [dcc77c7b-1d37-448d-8d57-43d254561693:group-1CA508E03965:LeaderElection622] INFO  impl.RoleInfo (RoleInfo.java:updateAndGet(143)) - dcc77c7b-1d37-448d-8d57-43d254561693: start LeaderState
2019-09-19 14:05:08,021 [dcc77c7b-1d37-448d-8d57-43d254561693:group-9054243D6A0E:LeaderElection599] INFO  segmented.SegmentedRaftLogWorker (SegmentedRaftLogWorker.java:startLogSegment(380)) - dcc77c7b-1d37-448d-8d57-43d254561693-SegmentedRaftLogWorker:Storage Directory /workdir/hadoop-ozone/integration-test/target/test-dir/MiniOzoneClusterImpl-3b2755de-4cfe-4b43-9e0d-73dd8eda8f75/datanode-0/data/ratis/f638db7c-e41a-4e11-b361-9054243d6a0e: Starting segment from index:0
2019-09-19 14:05:08,009 [dcc77c7b-1d37-448d-8d57-43d254561693-SegmentedRaftLogWorker:Storage Directory /workdir/hadoop-ozone/integration-test/target/test-dir/MiniOzoneClusterImpl-3b2755de-4cfe-4b43-9e0d-73dd8eda8f75/datanode-0/data/ratis/cf1a1524-ab21-4332-a4e8-e53cd96b3e19] INFO  util.JmxRegister (JmxRegister.java:unregister(73)) - Successfully un-registered JMX Bean with object name Ratis:service=RaftServer,group=group-E53CD96B3E19,id=dcc77c7b-1d37-448d-8d57-43d254561693
2019-09-19 14:05:08,008 [dcc77c7b-1d37-448d-8d57-43d254561693-SegmentedRaftLogWorker:Storage Directory /workdir/hadoop-ozone/integration-test/target/test-dir/MiniOzoneClusterImpl-3b2755de-4cfe-4b43-9e0d-73dd8eda8f75/datanode-0/data/ratis/1c9ba3da-70bd-414b-8c0b-1639c94c8647] INFO  util.JmxRegister (JmxRegister.java:unregister(73)) - Successfully un-registered JMX Bean with object name Ratis:service=RaftServer,group=group-1639C94C8647,id=dcc77c7b-1d37-448d-8d57-43d254561693
2019-09-19 14:05:08,022 [dcc77c7b-1d37-448d-8d57-43d254561693-SegmentedRaftLogWorker:Storage Directory /workdir/hadoop-ozone/integration-test/target/test-dir/MiniOzoneClusterImpl-3b2755de-4cfe-4b43-9e0d-73dd8eda8f75/datanode-0/data/ratis/1c9ba3da-70bd-414b-8c0b-1639c94c8647] INFO  impl.RoleInfo (RoleInfo.java:shutdownLeaderState(104)) - dcc77c7b-1d37-448d-8d57-43d254561693: shutdown LeaderState
2019-09-19 14:05:08,008 [dcc77c7b-1d37-448d-8d57-43d254561693-SegmentedRaftLogWorker:Storage Directory /workdir/hadoop-ozone/integration-test/target/test-dir/MiniOzoneClusterImpl-3b2755de-4cfe-4b43-9e0d-73dd8eda8f75/datanode-0/data/ratis/d940fc8f-6058-456e-94c6-cc8cae5134c7] INFO  util.JmxRegister (JmxRegister.java:unregister(73)) - Successfully un-registered JMX Bean with object name Ratis:service=RaftServer,group=group-CC8CAE5134C7,id=dcc77c7b-1d37-448d-8d57-43d254561693
2019-09-19 14:05:08,007 [dcc77c7b-1d37-448d-8d57-43d254561693:group-A51E53567AEE:LeaderElection669] INFO  impl.RaftServerImpl (RaftServerImpl.java:setRole(171)) - dcc77c7b-1d37-448d-8d57-43d254561693:group-A51E53567AEE changes role from CANDIDATE to LEADER at term 1 for changeToLeader
2019-09-19 14:05:08,022 [dcc77c7b-1d37-448d-8d57-43d254561693:group-A51E53567AEE:LeaderElection669] INFO  impl.RaftServerImpl (ServerState.java:setLeader(263)) - dcc77c7b-1d37-448d-8d57-43d254561693:group-A51E53567AEE change Leader from null to dcc77c7b-1d37-448d-8d57-43d254561693 at term 1 for becomeLeader, leader elected after 18058ms
2019-09-19 14:05:08,007 [dcc77c7b-1d37-448d-8d57-43d254561693:group-9D703827DFCE:LeaderElection668] INFO  impl.RoleInfo (RoleInfo.java:shutdownLeaderElection(134)) - dcc77c7b-1d37-448d-8d57-43d254561693: shutdown LeaderElection
2019-09-19 14:05:08,022 [dcc77c7b-1d37-448d-8d57-43d254561693:group-9D703827DFCE:LeaderElection668] INFO  impl.RaftServerImpl (RaftServerImpl.java:setRole(171)) - dcc77c7b-1d37-448d-8d57-43d254561693:group-9D703827DFCE changes role from CANDIDATE to LEADER at term 1 for changeToLeader
2019-09-19 14:05:08,022 [dcc77c7b-1d37-448d-8d57-43d254561693:group-9D703827DFCE:LeaderElection668] INFO  impl.RaftServerImpl (ServerState.java:setLeader(263)) - dcc77c7b-1d37-448d-8d57-43d254561693:group-9D703827DFCE change Leader from null to dcc77c7b-1d37-448d-8d57-43d254561693 at term 1 for becomeLeader, leader elected after 13954ms
2019-09-19 14:05:08,007 [dcc77c7b-1d37-448d-8d57-43d254561693:group-16D5C64EF590:LeaderElection676] INFO  impl.RoleInfo (RoleInfo.java:shutdownLeaderElection(134)) - dcc77c7b-1d37-448d-8d57-43d254561693: shutdown LeaderElection
2019-09-19 14:05:08,007 [dcc77c7b-1d37-448d-8d57-43d254561693:group-06488AB7C697:LeaderElection675] INFO  impl.RoleInfo (RoleInfo.java:shutdownLeaderElection(134)) - dcc77c7b-1d37-448d-8d57-43d254561693: shutdown LeaderElection
2019-09-19 14:05:08,023 [dcc77c7b-1d37-448d-8d57-43d254561693:group-06488AB7C697:LeaderElection675] INFO  impl.RaftServerImpl (RaftServerImpl.java:setRole(171)) - dcc77c7b-1d37-448d-8d57-43d254561693:group-06488AB7C697 changes role from CANDIDATE to LEADER at term 1 for changeToLeader
2019-09-19 14:05:08,006 [dcc77c7b-1d37-448d-8d57-43d254561693:group-6EDC13E5AA9D:LeaderElection609] INFO  impl.RoleInfo (RoleInfo.java:updateAndGet(143)) - dcc77c7b-1d37-448d-8d57-43d254561693: start LeaderState
2019-09-19 14:05:08,006 [dcc77c7b-1d37-448d-8d57-43d254561693:group-F426BA34EE2B:LeaderElection586] INFO  segmented.SegmentedRaftLogWorker (SegmentedRaftLogWorker.java:startLogSegment(380)) - dcc77c7b-1d37-448d-8d57-43d254561693-SegmentedRaftLogWorker:Storage Directory /workdir/hadoop-ozone/integration-test/target/test-dir/MiniOzoneClusterImpl-3b2755de-4cfe-4b43-9e0d-73dd8eda8f75/datanode-0/data/ratis/c10b78a9-67e9-4f55-be11-f426ba34ee2b: Starting segment from index:0
2019-09-19 14:05:08,006 [Thread-4385] INFO  impl.RaftServerImpl (RaftServerImpl.java:setRole(171)) - dcc77c7b-1d37-448d-8d57-43d254561693:group-86AAD3D49F70 changes role from FOLLOWER to CANDIDATE at term 0 for changeToCandidate
2019-09-19 14:05:08,005 [Thread-4379] INFO  impl.RoleInfo (RoleInfo.java:updateAndGet(143)) - dcc77c7b-1d37-448d-8d57-43d254561693: start LeaderElection
2019-09-19 14:05:08,005 [dcc77c7b-1d37-448d-8d57-43d254561693-SegmentedRaftLogWorker:Storage Directory /workdir/hadoop-ozone/integration-test/target/test-dir/MiniOzoneClusterImpl-3b2755de-4cfe-4b43-9e0d-73dd8eda8f75/datanode-0/data/ratis/a4c4f324-5e2f-4c4d-9469-0c7ed090d72e] INFO  impl.RaftServerImpl (RaftServerImpl.java:lambda$shutdown$3(245)) - dcc77c7b-1d37-448d-8d57-43d254561693: shutdown group-0C7ED090D72E
2019-09-19 14:05:08,005 [Thread-4376] INFO  impl.RoleInfo (RoleInfo.java:updateAndGet(143)) - dcc77c7b-1d37-448d-8d57-43d254561693: start LeaderElection
2019-09-19 14:05:08,004 [Thread-4388] INFO  impl.RaftServerImpl (RaftServerImpl.java:setRole(171)) - dcc77c7b-1d37-448d-8d57-43d254561693:group-A28310F2B329 changes role from FOLLOWER to CANDIDATE at term 0 for changeToCandidate
2019-09-19 14:05:08,004 [Thread-4373] INFO  impl.RaftServerImpl (RaftServerImpl.java:setRole(171)) - dcc77c7b-1d37-448d-8d57-43d254561693:group-621FF724F9C4 changes role from FOLLOWER to CANDIDATE at term 0 for changeToCandidate
2019-09-19 14:05:08,004 [Thread-4382] INFO  impl.RoleInfo (RoleInfo.java:shutdownFollowerState(121)) - dcc77c7b-1d37-448d-8d57-43d254561693: shutdown FollowerState
2019-09-19 14:05:08,004 [Thread-4367] INFO  impl.RaftServerImpl (RaftServerImpl.java:setRole(171)) - dcc77c7b-1d37-448d-8d57-43d254561693:group-EFC4C2912C84 changes role from FOLLOWER to CANDIDATE at term 0 for changeToCandidate
2019-09-19 14:05:07,728 [dcc77c7b-1d37-448d-8d57-43d254561693:group-DF36A57A9136:LeaderElection573] INFO  impl.RaftServerImpl (ServerState.java:setRaftConf(361)) - dcc77c7b-1d37-448d-8d57-43d254561693:group-DF36A57A9136 set configuration 0: [dcc77c7b-1d37-448d-8d57-43d254561693:192.168.157.226:34527], old=null at 0
2019-09-19 14:05:07,728 [dcc77c7b-1d37-448d-8d57-43d254561693:group-8DBED52DD969:LeaderElection584] INFO  segmented.SegmentedRaftLogWorker (SegmentedRaftLogWorker.java:startLogSegment(380)) - dcc77c7b-1d37-448d-8d57-43d254561693-SegmentedRaftLogWorker:Storage Directory /workdir/hadoop-ozone/integration-test/target/test-dir/MiniOzoneClusterImpl-3b2755de-4cfe-4b43-9e0d-73dd8eda8f75/datanode-0/data/ratis/13e365e2-082e-427c-9029-8dbed52dd969: Starting segment from index:0
2019-09-19 14:05:07,728 [dcc77c7b-1d37-448d-8d57-43d254561693:group-AEFE1D75DE75:LeaderElection585] INFO  segmented.SegmentedRaftLogWorker (SegmentedRaftLogWorker.java:startLogSegment(380)) - dcc77c7b-1d37-448d-8d57-43d254561693-SegmentedRaftLogWorker:Storage Directory /workdir/hadoop-ozone/integration-test/target/test-dir/MiniOzoneClusterImpl-3b2755de-4cfe-4b43-9e0d-73dd8eda8f75/datanode-0/data/ratis/c2f8a40a-eab5-4d2f-ac26-aefe1d75de75: Starting segment from index:0
2019-09-19 14:05:07,425 [dcc77c7b-1d37-448d-8d57-43d254561693:group-8F62CC6B93F9:LeaderElection594] INFO  segmented.SegmentedRaftLogWorker (SegmentedRaftLogWorker.java:startLogSegment(380)) - dcc77c7b-1d37-448d-8d57-43d254561693-SegmentedRaftLogWorker:Storage Directory /workdir/hadoop-ozone/integration-test/target/test-dir/MiniOzoneClusterImpl-3b2755de-4cfe-4b43-9e0d-73dd8eda8f75/datanode-0/data/ratis/db3fb848-7260-46b9-8164-8f62cc6b93f9: Starting segment from index:0
2019-09-19 14:05:07,727 [dcc77c7b-1d37-448d-8d57-43d254561693:group-FB7C57D9607D:LeaderElection678] INFO  impl.LeaderElection (LeaderElection.java:askForVotes(181)) - dcc77c7b-1d37-448d-8d57-43d254561693:group-FB7C57D9607D:LeaderElection678: begin an election at term 1 for -1: [dcc77c7b-1d37-448d-8d57-43d254561693:192.168.157.226:34527], old=null
2019-09-19 14:05:08,025 [dcc77c7b-1d37-448d-8d57-43d254561693:group-FB7C57D9607D:LeaderElection678] INFO  impl.RoleInfo (RoleInfo.java:shutdownLeaderElection(134)) - dcc77c7b-1d37-448d-8d57-43d254561693: shutdown LeaderElection
2019-09-19 14:05:07,725 [dcc77c7b-1d37-448d-8d57-43d254561693-SegmentedRaftLogWorker:Storage Directory /workdir/hadoop-ozone/integration-test/target/test-dir/MiniOzoneClusterImpl-3b2755de-4cfe-4b43-9e0d-73dd8eda8f75/datanode-0/data/ratis/e3285b87-f293-4fa3-becb-7430c03ae933] ERROR segmented.SegmentedRaftLogWorker (SegmentedRaftLogWorker.java:run(323)) - dcc77c7b-1d37-448d-8d57-43d254561693-SegmentedRaftLogWorker:Storage Directory /workdir/hadoop-ozone/integration-test/target/test-dir/MiniOzoneClusterImpl-3b2755de-4cfe-4b43-9e0d-73dd8eda8f75/datanode-0/data/ratis/e3285b87-f293-4fa3-becb-7430c03ae933 hit exception
java.lang.OutOfMemoryError: Direct buffer memory
	at java.nio.Bits.reserveMemory(Bits.java:666)
	at java.nio.DirectByteBuffer.<init>(DirectByteBuffer.java:123)
	at java.nio.ByteBuffer.allocateDirect(ByteBuffer.java:311)
	at org.apache.ratis.server.raftlog.segmented.BufferedWriteChannel.<init>(BufferedWriteChannel.java:41)
	at org.apache.ratis.server.raftlog.segmented.SegmentedRaftLogOutputStream.<init>(SegmentedRaftLogOutputStream.java:72)
	at org.apache.ratis.server.raftlog.segmented.SegmentedRaftLogWorker$StartLogSegment.execute(SegmentedRaftLogWorker.java:566)
	at org.apache.ratis.server.raftlog.segmented.SegmentedRaftLogWorker.run(SegmentedRaftLogWorker.java:289)
	at java.lang.Thread.run(Thread.java:748)
2019-09-19 14:05:08,025 [dcc77c7b-1d37-448d-8d57-43d254561693-SegmentedRaftLogWorker:Storage Directory /workdir/hadoop-ozone/integration-test/target/test-dir/MiniOzoneClusterImpl-3b2755de-4cfe-4b43-9e0d-73dd8eda8f75/datanode-0/data/ratis/e3285b87-f293-4fa3-becb-7430c03ae933] INFO  impl.RaftServerImpl (RaftServerImpl.java:lambda$shutdown$3(245)) - dcc77c7b-1d37-448d-8d57-43d254561693: shutdown group-7430C03AE933
2019-09-19 14:05:07,424 [dcc77c7b-1d37-448d-8d57-43d254561693:group-D04ACBF66747:LeaderElection576] INFO  impl.RoleInfo (RoleInfo.java:updateAndGet(143)) - dcc77c7b-1d37-448d-8d57-43d254561693: start LeaderState
2019-09-19 14:05:07,424 [dcc77c7b-1d37-448d-8d57-43d254561693:group-BCC62B444D9D:LeaderElection583] INFO  segmented.SegmentedRaftLogWorker (SegmentedRaftLogWorker.java:startLogSegment(380)) - dcc77c7b-1d37-448d-8d57-43d254561693-SegmentedRaftLogWorker:Storage Directory /workdir/hadoop-ozone/integration-test/target/test-dir/MiniOzoneClusterImpl-3b2755de-4cfe-4b43-9e0d-73dd8eda8f75/datanode-0/data/ratis/00b76e0c-516e-486f-8902-bcc62b444d9d: Starting segment from index:0
2019-09-19 14:05:07,424 [dcc77c7b-1d37-448d-8d57-43d254561693:group-CAD015ACF5B5:LeaderElection653] INFO  impl.RaftServerImpl (RaftServerImpl.java:setRole(171)) - dcc77c7b-1d37-448d-8d57-43d254561693:group-CAD015ACF5B5 changes role from CANDIDATE to LEADER at term 1 for changeToLeader
2019-09-19 14:05:08,026 [dcc77c7b-1d37-448d-8d57-43d254561693:group-CAD015ACF5B5:LeaderElection653] INFO  impl.RaftServerImpl (ServerState.java:setLeader(263)) - dcc77c7b-1d37-448d-8d57-43d254561693:group-CAD015ACF5B5 change Leader from null to dcc77c7b-1d37-448d-8d57-43d254561693 at term 1 for becomeLeader, leader elected after 13362ms
2019-09-19 14:05:07,423 [dcc77c7b-1d37-448d-8d57-43d254561693-SegmentedRaftLogWorker:Storage Directory /workdir/hadoop-ozone/integration-test/target/test-dir/MiniOzoneClusterImpl-3b2755de-4cfe-4b43-9e0d-73dd8eda8f75/datanode-0/data/ratis/df5c79f5-0ba0-4048-9654-3cb5f09d983c] INFO  util.JmxRegister (JmxRegister.java:unregister(73)) - Successfully un-registered JMX Bean with object name Ratis:service=RaftServer,group=group-3CB5F09D983C,id=dcc77c7b-1d37-448d-8d57-43d254561693
2019-09-19 14:05:08,026 [dcc77c7b-1d37-448d-8d57-43d254561693-SegmentedRaftLogWorker:Storage Directory /workdir/hadoop-ozone/integration-test/target/test-dir/MiniOzoneClusterImpl-3b2755de-4cfe-4b43-9e0d-73dd8eda8f75/datanode-0/data/ratis/df5c79f5-0ba0-4048-9654-3cb5f09d983c] INFO  impl.RoleInfo (RoleInfo.java:shutdownLeaderState(104)) - dcc77c7b-1d37-448d-8d57-43d254561693: shutdown LeaderState
2019-09-19 14:05:07,423 [dcc77c7b-1d37-448d-8d57-43d254561693:group-48A901C7CAAB:LeaderElection654] INFO  impl.RaftServerImpl (RaftServerImpl.java:setRole(171)) - dcc77c7b-1d37-448d-8d57-43d254561693:group-48A901C7CAAB changes role from CANDIDATE to LEADER at term 1 for changeToLeader
2019-09-19 14:05:08,026 [dcc77c7b-1d37-448d-8d57-43d254561693:group-48A901C7CAAB:LeaderElection654] INFO  impl.RaftServerImpl (ServerState.java:setLeader(263)) - dcc77c7b-1d37-448d-8d57-43d254561693:group-48A901C7CAAB change Leader from null to dcc77c7b-1d37-448d-8d57-43d254561693 at term 1 for becomeLeader, leader elected after 13221ms
2019-09-19 14:05:07,423 [dcc77c7b-1d37-448d-8d57-43d254561693:group-FB8A0F6129D1:LeaderElection664] INFO  impl.RaftServerImpl (RaftServerImpl.java:setRole(171)) - dcc77c7b-1d37-448d-8d57-43d254561693:group-FB8A0F6129D1 changes role from CANDIDATE to LEADER at term 1 for changeToLeader
2019-09-19 14:05:08,027 [dcc77c7b-1d37-448d-8d57-43d254561693:group-FB8A0F6129D1:LeaderElection664] INFO  impl.RaftServerImpl (ServerState.java:setLeader(263)) - dcc77c7b-1d37-448d-8d57-43d254561693:group-FB8A0F6129D1 change Leader from null to dcc77c7b-1d37-448d-8d57-43d254561693 at term 1 for becomeLeader, leader elected after 13426ms
2019-09-19 14:05:07,423 [dcc77c7b-1d37-448d-8d57-43d254561693:group-C91F44D9A055:LeaderElection662] INFO  impl.RaftServerImpl (ServerState.java:setLeader(263)) - dcc77c7b-1d37-448d-8d57-43d254561693:group-C91F44D9A055 change Leader from null to dcc77c7b-1d37-448d-8d57-43d254561693 at term 1 for becomeLeader, leader elected after 12490ms
2019-09-19 14:05:07,423 [StateMachineUpdater:dcc77c7b-1d37-448d-8d57-43d254561693:group-CE1F78CFD901] INFO  impl.StateMachineUpdater (StateMachineUpdater.java:lambda$new$0(80)) - StateMachineUpdater:dcc77c7b-1d37-448d-8d57-43d254561693:group-CE1F78CFD901: snapshotIndex: updateIncreasingly -1 -> 1
2019-09-19 14:05:07,422 [dcc77c7b-1d37-448d-8d57-43d254561693:group-8705EAB60863:LeaderElection602] INFO  segmented.SegmentedRaftLogWorker (SegmentedRaftLogWorker.java:startLogSegment(380)) - dcc77c7b-1d37-448d-8d57-43d254561693-SegmentedRaftLogWorker:Storage Directory /workdir/hadoop-ozone/integration-test/target/test-dir/MiniOzoneClusterImpl-3b2755de-4cfe-4b43-9e0d-73dd8eda8f75/datanode-0/data/ratis/95dcca76-3e6d-463c-8c9e-8705eab60863: Starting segment from index:0
2019-09-19 14:05:07,422 [dcc77c7b-1d37-448d-8d57-43d254561693:group-761DA49682B2:LeaderElection590] INFO  segmented.SegmentedRaftLogWorker (SegmentedRaftLogWorker.java:startLogSegment(380)) - dcc77c7b-1d37-448d-8d57-43d254561693-SegmentedRaftLogWorker:Storage Directory /workdir/hadoop-ozone/integration-test/target/test-dir/MiniOzoneClusterImpl-3b2755de-4cfe-4b43-9e0d-73dd8eda8f75/datanode-0/data/ratis/364470fa-822d-4dd1-ae08-761da49682b2: Starting segment from index:0
2019-09-19 14:05:07,422 [dcc77c7b-1d37-448d-8d57-43d254561693:group-6097693610F3:LeaderElection626] INFO  impl.RoleInfo (RoleInfo.java:updateAndGet(143)) - dcc77c7b-1d37-448d-8d57-43d254561693: start LeaderState
2019-09-19 14:05:08,027 [dcc77c7b-1d37-448d-8d57-43d254561693:group-761DA49682B2:LeaderElection590] INFO  impl.RaftServerImpl (ServerState.java:setRaftConf(361)) - dcc77c7b-1d37-448d-8d57-43d254561693:group-761DA49682B2 set configuration 0: [dcc77c7b-1d37-448d-8d57-43d254561693:192.168.157.226:34527], old=null at 0
2019-09-19 14:05:07,422 [dcc77c7b-1d37-448d-8d57-43d254561693:group-3D808B4B51C3:LeaderElection593] INFO  segmented.SegmentedRaftLogWorker (SegmentedRaftLogWorker.java:startLogSegment(380)) - dcc77c7b-1d37-448d-8d57-43d254561693-SegmentedRaftLogWorker:Storage Directory /workdir/hadoop-ozone/integration-test/target/test-dir/MiniOzoneClusterImpl-3b2755de-4cfe-4b43-9e0d-73dd8eda8f75/datanode-0/data/ratis/45a31879-6a8e-4e2e-b8c8-3d808b4b51c3: Starting segment from index:0
2019-09-19 14:05:07,422 [dcc77c7b-1d37-448d-8d57-43d254561693:group-2522B1FB8D22:LeaderElection579] INFO  segmented.SegmentedRaftLogWorker (SegmentedRaftLogWorker.java:startLogSegment(380)) - dcc77c7b-1d37-448d-8d57-43d254561693-SegmentedRaftLogWorker:Storage Directory /workdir/hadoop-ozone/integration-test/target/test-dir/MiniOzoneClusterImpl-3b2755de-4cfe-4b43-9e0d-73dd8eda8f75/datanode-0/data/ratis/5d2e0cd1-8afa-4dfd-8ba8-2522b1fb8d22: Starting segment from index:0
2019-09-19 14:05:07,421 [dcc77c7b-1d37-448d-8d57-43d254561693:group-B809E960E354:LeaderElection644] INFO  server.RaftServerConfigKeys (ConfUtils.java:logGet(43)) - raft.server.staging.catchup.gap = 1000 (default)
2019-09-19 14:05:07,421 [dcc77c7b-1d37-448d-8d57-43d254561693-SegmentedRaftLogWorker:Storage Directory /workdir/hadoop-ozone/integration-test/target/test-dir/MiniOzoneClusterImpl-3b2755de-4cfe-4b43-9e0d-73dd8eda8f75/datanode-0/data/ratis/c91ad977-9dd9-4a24-8c5f-9646dab2f47f] INFO  util.JmxRegister (JmxRegister.java:unregister(73)) - Successfully un-registered JMX Bean with object name Ratis:service=RaftServer,group=group-9646DAB2F47F,id=dcc77c7b-1d37-448d-8d57-43d254561693
2019-09-19 14:05:07,421 [dcc77c7b-1d37-448d-8d57-43d254561693-SegmentedRaftLogWorker:Storage Directory /workdir/hadoop-ozone/integration-test/target/test-dir/MiniOzoneClusterImpl-3b2755de-4cfe-4b43-9e0d-73dd8eda8f75/datanode-0/data/ratis/8690c3ee-d9cf-4d86-bb05-ed4fe5da218f] INFO  impl.StateMachineUpdater (StateMachineUpdater.java:stopAndJoin(115)) - StateMachineUpdater:dcc77c7b-1d37-448d-8d57-43d254561693:group-ED4FE5DA218F: set stopIndex = -1
2019-09-19 14:05:10,799 | INFO  | SCMAudit | user=jenkins1000 | ip=192.168.157.226 | op=SEND_HEARTBEAT {datanodeUUID=dcc77c7b-1d37-448d-8d57-43d254561693, command=[]} | ret=SUCCESS |  
2019-09-19 14:05:07,420 [dcc77c7b-1d37-448d-8d57-43d254561693-SegmentedRaftLogWorker:Storage Directory /workdir/hadoop-ozone/integration-test/target/test-dir/MiniOzoneClusterImpl-3b2755de-4cfe-4b43-9e0d-73dd8eda8f75/datanode-0/data/ratis/ca6a6194-c73d-4588-92e9-827c827a8dad] INFO  impl.RaftServerImpl (RaftServerImpl.java:lambda$shutdown$3(245)) - dcc77c7b-1d37-448d-8d57-43d254561693: shutdown group-827C827A8DAD
2019-09-19 14:05:11,107 | INFO  | DNAudit | user=null | ip=null | op=PUT_BLOCK {blockData=[blockId=conID: 8 locID: 102819554872000522 bcsId: 0,size=5]} | ret=SUCCESS |  
2019-09-19 14:05:07,420 [dcc77c7b-1d37-448d-8d57-43d254561693-SegmentedRaftLogWorker:Storage Directory /workdir/hadoop-ozone/integration-test/target/test-dir/MiniOzoneClusterImpl-3b2755de-4cfe-4b43-9e0d-73dd8eda8f75/datanode-0/data/ratis/0670478e-5791-4e08-bea4-df274f267a33] ERROR segmented.SegmentedRaftLogWorker (SegmentedRaftLogWorker.java:run(323)) - dcc77c7b-1d37-448d-8d57-43d254561693-SegmentedRaftLogWorker:Storage Directory /workdir/hadoop-ozone/integration-test/target/test-dir/MiniOzoneClusterImpl-3b2755de-4cfe-4b43-9e0d-73dd8eda8f75/datanode-0/data/ratis/0670478e-5791-4e08-bea4-df274f267a33 hit exception
java.lang.OutOfMemoryError: Direct buffer memory
	at java.nio.Bits.reserveMemory(Bits.java:666)
	at java.nio.DirectByteBuffer.<init>(DirectByteBuffer.java:123)
	at java.nio.ByteBuffer.allocateDirect(ByteBuffer.java:311)
	at org.apache.ratis.server.raftlog.segmented.BufferedWriteChannel.<init>(BufferedWriteChannel.java:41)
	at org.apache.ratis.server.raftlog.segmented.SegmentedRaftLogOutputStream.<init>(SegmentedRaftLogOutputStream.java:72)
	at org.apache.ratis.server.raftlog.segmented.SegmentedRaftLogWorker$StartLogSegment.execute(SegmentedRaftLogWorker.java:566)
	at org.apache.ratis.server.raftlog.segmented.SegmentedRaftLogWorker.run(SegmentedRaftLogWorker.java:289)
	at java.lang.Thread.run(Thread.java:748)
2019-09-19 14:05:11,111 [dcc77c7b-1d37-448d-8d57-43d254561693-SegmentedRaftLogWorker:Storage Directory /workdir/hadoop-ozone/integration-test/target/test-dir/MiniOzoneClusterImpl-3b2755de-4cfe-4b43-9e0d-73dd8eda8f75/datanode-0/data/ratis/0670478e-5791-4e08-bea4-df274f267a33] INFO  impl.RaftServerImpl (RaftServerImpl.java:lambda$shutdown$3(245)) - dcc77c7b-1d37-448d-8d57-43d254561693: shutdown group-DF274F267A33
2019-09-19 14:05:07,132 [dcc77c7b-1d37-448d-8d57-43d254561693:group-C0BCADC5D7D8:LeaderElection591] INFO  segmented.SegmentedRaftLogWorker (SegmentedRaftLogWorker.java:startLogSegment(380)) - dcc77c7b-1d37-448d-8d57-43d254561693-SegmentedRaftLogWorker:Storage Directory /workdir/hadoop-ozone/integration-test/target/test-dir/MiniOzoneClusterImpl-3b2755de-4cfe-4b43-9e0d-73dd8eda8f75/datanode-0/data/ratis/3c853461-9479-429b-9494-c0bcadc5d7d8: Starting segment from index:0
2019-09-19 14:05:07,130 [dcc77c7b-1d37-448d-8d57-43d254561693:group-C427DF1D703E:LeaderElection587] INFO  impl.RaftServerImpl (ServerState.java:setRaftConf(361)) - dcc77c7b-1d37-448d-8d57-43d254561693:group-C427DF1D703E set configuration 0: [dcc77c7b-1d37-448d-8d57-43d254561693:192.168.157.226:34527], old=null at 0
2019-09-19 14:05:11,111 | INFO  | SCMAudit | user=jenkins1000 | ip=192.168.157.226 | op=SEND_HEARTBEAT {datanodeUUID=dcc77c7b-1d37-448d-8d57-43d254561693, command=[]} | ret=SUCCESS |  
2019-09-19 14:05:07,129 [dcc77c7b-1d37-448d-8d57-43d254561693-SegmentedRaftLogWorker:Storage Directory /workdir/hadoop-ozone/integration-test/target/test-dir/MiniOzoneClusterImpl-3b2755de-4cfe-4b43-9e0d-73dd8eda8f75/datanode-0/data/ratis/0da6c939-5164-41ff-81e1-c6c4a2b7d1da] ERROR segmented.SegmentedRaftLogWorker (SegmentedRaftLogWorker.java:run(323)) - dcc77c7b-1d37-448d-8d57-43d254561693-SegmentedRaftLogWorker:Storage Directory /workdir/hadoop-ozone/integration-test/target/test-dir/MiniOzoneClusterImpl-3b2755de-4cfe-4b43-9e0d-73dd8eda8f75/datanode-0/data/ratis/0da6c939-5164-41ff-81e1-c6c4a2b7d1da hit exception
java.lang.OutOfMemoryError: Direct buffer memory
	at java.nio.Bits.reserveMemory(Bits.java:666)
	at java.nio.DirectByteBuffer.<init>(DirectByteBuffer.java:123)
	at java.nio.ByteBuffer.allocateDirect(ByteBuffer.java:311)
	at org.apache.ratis.server.raftlog.segmented.BufferedWriteChannel.<init>(BufferedWriteChannel.java:41)
	at org.apache.ratis.server.raftlog.segmented.SegmentedRaftLogOutputStream.<init>(SegmentedRaftLogOutputStream.java:72)
	at org.apache.ratis.server.raftlog.segmented.SegmentedRaftLogWorker$StartLogSegment.execute(SegmentedRaftLogWorker.java:566)
	at org.apache.ratis.server.raftlog.segmented.SegmentedRaftLogWorker.run(SegmentedRaftLogWorker.java:289)
	at java.lang.Thread.run(Thread.java:748)
2019-09-19 14:05:07,129 [dcc77c7b-1d37-448d-8d57-43d254561693:group-E165C8F20643:LeaderElection666] INFO  impl.RoleInfo (RoleInfo.java:shutdownLeaderElection(134)) - dcc77c7b-1d37-448d-8d57-43d254561693: shutdown LeaderElection
2019-09-19 14:05:06,539 [dcc77c7b-1d37-448d-8d57-43d254561693:group-F1AB8729C726:LeaderElection619] INFO  segmented.SegmentedRaftLogWorker (SegmentedRaftLogWorker.java:startLogSegment(380)) - dcc77c7b-1d37-448d-8d57-43d254561693-SegmentedRaftLogWorker:Storage Directory /workdir/hadoop-ozone/integration-test/target/test-dir/MiniOzoneClusterImpl-3b2755de-4cfe-4b43-9e0d-73dd8eda8f75/datanode-0/data/ratis/69bb65d1-9de7-4beb-a688-f1ab8729c726: Starting segment from index:0
2019-09-19 14:05:06,539 [dcc77c7b-1d37-448d-8d57-43d254561693-SegmentedRaftLogWorker:Storage Directory /workdir/hadoop-ozone/integration-test/target/test-dir/MiniOzoneClusterImpl-3b2755de-4cfe-4b43-9e0d-73dd8eda8f75/datanode-0/data/ratis/5f039e0b-2746-4771-9cdf-a8e7f9479fc5] INFO  impl.RaftServerImpl (RaftServerImpl.java:lambda$shutdown$3(245)) - dcc77c7b-1d37-448d-8d57-43d254561693: shutdown group-A8E7F9479FC5
2019-09-19 14:05:06,538 [dcc77c7b-1d37-448d-8d57-43d254561693:group-AF209FE8FECB:LeaderElection581] INFO  impl.RaftServerImpl (ServerState.java:setRaftConf(361)) - dcc77c7b-1d37-448d-8d57-43d254561693:group-AF209FE8FECB set configuration 0: [dcc77c7b-1d37-448d-8d57-43d254561693:192.168.157.226:34527], old=null at 0
2019-09-19 14:05:06,538 [Thread-4535] INFO  impl.RaftServerImpl (RaftServerImpl.java:setRole(171)) - dcc77c7b-1d37-448d-8d57-43d254561693:group-890F06A36E32 changes role from FOLLOWER to CANDIDATE at term 0 for changeToCandidate
2019-09-19 14:05:11,671 | INFO  | SCMAudit | user=jenkins1000 | ip=192.168.157.226 | op=SEND_HEARTBEAT {datanodeUUID=dcc77c7b-1d37-448d-8d57-43d254561693, command=[]} | ret=SUCCESS |  
2019-09-19 14:05:06,538 [dcc77c7b-1d37-448d-8d57-43d254561693:group-450D00ABA19B:LeaderElection621] INFO  impl.RoleInfo (RoleInfo.java:updateAndGet(143)) - dcc77c7b-1d37-448d-8d57-43d254561693: start LeaderState
2019-09-19 14:05:06,538 [dcc77c7b-1d37-448d-8d57-43d254561693-SegmentedRaftLogWorker:Storage Directory /workdir/hadoop-ozone/integration-test/target/test-dir/MiniOzoneClusterImpl-3b2755de-4cfe-4b43-9e0d-73dd8eda8f75/datanode-0/data/ratis/2394fb0c-6f10-496e-bf96-bb4e63a8adce] INFO  impl.RaftServerImpl (RaftServerImpl.java:lambda$shutdown$3(245)) - dcc77c7b-1d37-448d-8d57-43d254561693: shutdown group-BB4E63A8ADCE
2019-09-19 14:05:06,537 [dcc77c7b-1d37-448d-8d57-43d254561693-SegmentedRaftLogWorker:Storage Directory /workdir/hadoop-ozone/integration-test/target/test-dir/MiniOzoneClusterImpl-3b2755de-4cfe-4b43-9e0d-73dd8eda8f75/datanode-0/data/ratis/325a6685-5506-4a90-be06-869d2374c5b7] ERROR segmented.SegmentedRaftLogWorker (SegmentedRaftLogWorker.java:run(323)) - dcc77c7b-1d37-448d-8d57-43d254561693-SegmentedRaftLogWorker:Storage Directory /workdir/hadoop-ozone/integration-test/target/test-dir/MiniOzoneClusterImpl-3b2755de-4cfe-4b43-9e0d-73dd8eda8f75/datanode-0/data/ratis/325a6685-5506-4a90-be06-869d2374c5b7 hit exception
java.lang.OutOfMemoryError: Direct buffer memory
	at java.nio.Bits.reserveMemory(Bits.java:666)
	at java.nio.DirectByteBuffer.<init>(DirectByteBuffer.java:123)
	at java.nio.ByteBuffer.allocateDirect(ByteBuffer.java:311)
	at org.apache.ratis.server.raftlog.segmented.BufferedWriteChannel.<init>(BufferedWriteChannel.java:41)
	at org.apache.ratis.server.raftlog.segmented.SegmentedRaftLogOutputStream.<init>(SegmentedRaftLogOutputStream.java:72)
	at org.apache.ratis.server.raftlog.segmented.SegmentedRaftLogWorker$StartLogSegment.execute(SegmentedRaftLogWorker.java:566)
	at org.apache.ratis.server.raftlog.segmented.SegmentedRaftLogWorker.run(SegmentedRaftLogWorker.java:289)
	at java.lang.Thread.run(Thread.java:748)
2019-09-19 14:05:06,282 [dcc77c7b-1d37-448d-8d57-43d254561693:group-56D873A3B067:LeaderElection575] INFO  impl.RaftServerImpl (ServerState.java:setRaftConf(361)) - dcc77c7b-1d37-448d-8d57-43d254561693:group-56D873A3B067 set configuration 0: [dcc77c7b-1d37-448d-8d57-43d254561693:192.168.157.226:34527], old=null at 0
2019-09-19 14:05:06,280 [dcc77c7b-1d37-448d-8d57-43d254561693:group-B0D529AC88AD:LeaderElection580] INFO  impl.RoleInfo (RoleInfo.java:updateAndGet(143)) - dcc77c7b-1d37-448d-8d57-43d254561693: start LeaderState
2019-09-19 14:05:06,279 [dcc77c7b-1d37-448d-8d57-43d254561693:group-46D08AB6022E:LeaderElection572] INFO  impl.RoleInfo (RoleInfo.java:updateAndGet(143)) - dcc77c7b-1d37-448d-8d57-43d254561693: start LeaderState
2019-09-19 14:05:11,672 | INFO  | SCMAudit | user=jenkins1000 | ip=192.168.157.226 | op=SEND_HEARTBEAT {datanodeUUID=dcc77c7b-1d37-448d-8d57-43d254561693, command=[]} | ret=SUCCESS |  
2019-09-19 14:05:06,279 [dcc77c7b-1d37-448d-8d57-43d254561693:group-21D390036BC2:LeaderElection680] INFO  impl.LeaderElection (LeaderElection.java:askForVotes(181)) - dcc77c7b-1d37-448d-8d57-43d254561693:group-21D390036BC2:LeaderElection680: begin an election at term 1 for -1: [dcc77c7b-1d37-448d-8d57-43d254561693:192.168.157.226:34527], old=null
2019-09-19 14:05:06,279 [dcc77c7b-1d37-448d-8d57-43d254561693:group-47C7557B9325:LeaderElection679] INFO  impl.LeaderElection (LeaderElection.java:askForVotes(181)) - dcc77c7b-1d37-448d-8d57-43d254561693:group-47C7557B9325:LeaderElection679: begin an election at term 1 for -1: [dcc77c7b-1d37-448d-8d57-43d254561693:192.168.157.226:34527], old=null
2019-09-19 14:05:06,278 [dcc77c7b-1d37-448d-8d57-43d254561693-SegmentedRaftLogWorker:Storage Directory /workdir/hadoop-ozone/integration-test/target/test-dir/MiniOzoneClusterImpl-3b2755de-4cfe-4b43-9e0d-73dd8eda8f75/datanode-0/data/ratis/7a7a7456-0dc3-4ec9-a28b-355ed91025d3] ERROR segmented.SegmentedRaftLogWorker (SegmentedRaftLogWorker.java:run(323)) - dcc77c7b-1d37-448d-8d57-43d254561693-SegmentedRaftLogWorker:Storage Directory /workdir/hadoop-ozone/integration-test/target/test-dir/MiniOzoneClusterImpl-3b2755de-4cfe-4b43-9e0d-73dd8eda8f75/datanode-0/data/ratis/7a7a7456-0dc3-4ec9-a28b-355ed91025d3 hit exception
java.lang.OutOfMemoryError: Direct buffer memory
	at java.nio.Bits.reserveMemory(Bits.java:666)
	at java.nio.DirectByteBuffer.<init>(DirectByteBuffer.java:123)
	at java.nio.ByteBuffer.allocateDirect(ByteBuffer.java:311)
	at org.apache.ratis.server.raftlog.segmented.BufferedWriteChannel.<init>(BufferedWriteChannel.java:41)
	at org.apache.ratis.server.raftlog.segmented.SegmentedRaftLogOutputStream.<init>(SegmentedRaftLogOutputStream.java:72)
	at org.apache.ratis.server.raftlog.segmented.SegmentedRaftLogWorker$StartLogSegment.execute(SegmentedRaftLogWorker.java:566)
	at org.apache.ratis.server.raftlog.segmented.SegmentedRaftLogWorker.run(SegmentedRaftLogWorker.java:289)
	at java.lang.Thread.run(Thread.java:748)
2019-09-19 14:05:06,278 [dcc77c7b-1d37-448d-8d57-43d254561693-SegmentedRaftLogWorker:Storage Directory /workdir/hadoop-ozone/integration-test/target/test-dir/MiniOzoneClusterImpl-3b2755de-4cfe-4b43-9e0d-73dd8eda8f75/datanode-0/data/ratis/bc979890-6b93-4c34-92f4-973f91c20342] ERROR segmented.SegmentedRaftLogWorker (SegmentedRaftLogWorker.java:run(323)) - dcc77c7b-1d37-448d-8d57-43d254561693-SegmentedRaftLogWorker:Storage Directory /workdir/hadoop-ozone/integration-test/target/test-dir/MiniOzoneClusterImpl-3b2755de-4cfe-4b43-9e0d-73dd8eda8f75/datanode-0/data/ratis/bc979890-6b93-4c34-92f4-973f91c20342 hit exception
java.lang.OutOfMemoryError: Direct buffer memory
	at java.nio.Bits.reserveMemory(Bits.java:666)
	at java.nio.DirectByteBuffer.<init>(DirectByteBuffer.java:123)
	at java.nio.ByteBuffer.allocateDirect(ByteBuffer.java:311)
	at org.apache.ratis.server.raftlog.segmented.BufferedWriteChannel.<init>(BufferedWriteChannel.java:41)
	at org.apache.ratis.server.raftlog.segmented.SegmentedRaftLogOutputStream.<init>(SegmentedRaftLogOutputStream.java:72)
	at org.apache.ratis.server.raftlog.segmented.SegmentedRaftLogWorker$StartLogSegment.execute(SegmentedRaftLogWorker.java:566)
	at org.apache.ratis.server.raftlog.segmented.SegmentedRaftLogWorker.run(SegmentedRaftLogWorker.java:289)
	at java.lang.Thread.run(Thread.java:748)
2019-09-19 14:05:11,673 | INFO  | SCMAudit | user=jenkins1000 | ip=192.168.157.226 | op=SEND_HEARTBEAT {datanodeUUID=dcc77c7b-1d37-448d-8d57-43d254561693, command=[]} | ret=SUCCESS |  
2019-09-19 14:05:11,673 [dcc77c7b-1d37-448d-8d57-43d254561693-SegmentedRaftLogWorker:Storage Directory /workdir/hadoop-ozone/integration-test/target/test-dir/MiniOzoneClusterImpl-3b2755de-4cfe-4b43-9e0d-73dd8eda8f75/datanode-0/data/ratis/bc979890-6b93-4c34-92f4-973f91c20342] INFO  impl.RaftServerImpl (RaftServerImpl.java:lambda$shutdown$3(245)) - dcc77c7b-1d37-448d-8d57-43d254561693: shutdown group-973F91C20342
2019-09-19 14:05:06,002 [dcc77c7b-1d37-448d-8d57-43d254561693:group-E31AF374E74C:LeaderElection620] INFO  impl.RaftServerImpl (ServerState.java:setRaftConf(361)) - dcc77c7b-1d37-448d-8d57-43d254561693:group-E31AF374E74C set configuration 0: [dcc77c7b-1d37-448d-8d57-43d254561693:192.168.157.226:34527], old=null at 0
2019-09-19 14:05:06,001 [dcc77c7b-1d37-448d-8d57-43d254561693:group-C7074BE8E490:LeaderElection595] INFO  segmented.SegmentedRaftLogWorker (SegmentedRaftLogWorker.java:startLogSegment(380)) - dcc77c7b-1d37-448d-8d57-43d254561693-SegmentedRaftLogWorker:Storage Directory /workdir/hadoop-ozone/integration-test/target/test-dir/MiniOzoneClusterImpl-3b2755de-4cfe-4b43-9e0d-73dd8eda8f75/datanode-0/data/ratis/2ddc7a41-9acf-41f1-bc02-c7074be8e490: Starting segment from index:0
2019-09-19 14:05:06,001 [dcc77c7b-1d37-448d-8d57-43d254561693:group-00ABCB16AA03:LeaderElection574] INFO  segmented.SegmentedRaftLogWorker (SegmentedRaftLogWorker.java:startLogSegment(380)) - dcc77c7b-1d37-448d-8d57-43d254561693-SegmentedRaftLogWorker:Storage Directory /workdir/hadoop-ozone/integration-test/target/test-dir/MiniOzoneClusterImpl-3b2755de-4cfe-4b43-9e0d-73dd8eda8f75/datanode-0/data/ratis/2fea3c3c-6ec9-4356-9fdc-00abcb16aa03: Starting segment from index:0
2019-09-19 14:05:11,673 | INFO  | SCMAudit | user=jenkins1000 | ip=192.168.157.226 | op=SEND_HEARTBEAT {datanodeUUID=dcc77c7b-1d37-448d-8d57-43d254561693, command=[]} | ret=SUCCESS |  
2019-09-19 14:05:06,001 [dcc77c7b-1d37-448d-8d57-43d254561693:group-89849F9FD3BA:LeaderElection616] INFO  segmented.SegmentedRaftLogWorker (SegmentedRaftLogWorker.java:startLogSegment(380)) - dcc77c7b-1d37-448d-8d57-43d254561693-SegmentedRaftLogWorker:Storage Directory /workdir/hadoop-ozone/integration-test/target/test-dir/MiniOzoneClusterImpl-3b2755de-4cfe-4b43-9e0d-73dd8eda8f75/datanode-0/data/ratis/d354f42a-d9ec-4c21-9161-89849f9fd3ba: Starting segment from index:0
2019-09-19 14:05:06,001 [dcc77c7b-1d37-448d-8d57-43d254561693-SegmentedRaftLogWorker:Storage Directory /workdir/hadoop-ozone/integration-test/target/test-dir/MiniOzoneClusterImpl-3b2755de-4cfe-4b43-9e0d-73dd8eda8f75/datanode-0/data/ratis/bf066c4b-b9ac-4c70-8f56-ad94dcfd5f37] INFO  impl.PendingRequests (PendingRequests.java:sendNotLeaderResponses(202)) - dcc77c7b-1d37-448d-8d57-43d254561693-PendingRequests: sendNotLeaderResponses
2019-09-19 14:05:06,001 [pool-58-thread-1] INFO  segmented.SegmentedRaftLogWorker (SegmentedRaftLogWorker.java:lambda$new$0(132)) - dcc77c7b-1d37-448d-8d57-43d254561693-SegmentedRaftLogWorker:Storage Directory /workdir/hadoop-ozone/integration-test/target/test-dir/MiniOzoneClusterImpl-3b2755de-4cfe-4b43-9e0d-73dd8eda8f75/datanode-0/data/ratis/ed48526f-596a-4aef-aa91-5aa8f96077a0: flushIndex: setUnconditionally 0 -> -1
2019-09-19 14:05:06,000 [dcc77c7b-1d37-448d-8d57-43d254561693:group-78B7DFC7FE28:LeaderElection661] INFO  server.RaftServerConfigKeys (ConfUtils.java:logGet(43)) - raft.server.staging.catchup.gap = 1000 (default)
2019-09-19 14:05:12,229 | INFO  | SCMAudit | user=jenkins1000 | ip=192.168.157.226 | op=SEND_HEARTBEAT {datanodeUUID=dcc77c7b-1d37-448d-8d57-43d254561693, command=[]} | ret=SUCCESS |  
2019-09-19 14:05:06,000 [dcc77c7b-1d37-448d-8d57-43d254561693:group-101271AE1179:LeaderElection659] INFO  impl.RaftServerImpl (ServerState.java:setLeader(263)) - dcc77c7b-1d37-448d-8d57-43d254561693:group-101271AE1179 change Leader from null to dcc77c7b-1d37-448d-8d57-43d254561693 at term 1 for becomeLeader, leader elected after 11636ms
2019-09-19 14:05:06,000 [dcc77c7b-1d37-448d-8d57-43d254561693:group-BB4770E0F3FD:LeaderElection655] INFO  impl.RaftServerImpl (RaftServerImpl.java:setRole(171)) - dcc77c7b-1d37-448d-8d57-43d254561693:group-BB4770E0F3FD changes role from CANDIDATE to LEADER at term 1 for changeToLeader
2019-09-19 14:05:06,000 [dcc77c7b-1d37-448d-8d57-43d254561693:group-26A6A6CCFAD8:LeaderElection660] INFO  impl.RaftServerImpl (ServerState.java:setLeader(263)) - dcc77c7b-1d37-448d-8d57-43d254561693:group-26A6A6CCFAD8 change Leader from null to dcc77c7b-1d37-448d-8d57-43d254561693 at term 1 for becomeLeader, leader elected after 11682ms
2019-09-19 14:05:05,999 [dcc77c7b-1d37-448d-8d57-43d254561693:group-D788F79D6955:LeaderElection606] INFO  server.RaftServerConfigKeys (ConfUtils.java:logGet(43)) - raft.server.watch.timeout.denomination = 1s (default)
2019-09-19 14:05:05,999 [dcc77c7b-1d37-448d-8d57-43d254561693:group-6BA61B232CB7:LeaderElection628] INFO  impl.RaftServerImpl (ServerState.java:setRaftConf(361)) - dcc77c7b-1d37-448d-8d57-43d254561693:group-6BA61B232CB7 set configuration 0: [dcc77c7b-1d37-448d-8d57-43d254561693:192.168.157.226:34527], old=null at 0
2019-09-19 14:05:05,696 [dcc77c7b-1d37-448d-8d57-43d254561693:group-CD7159C89C08:LeaderElection605] INFO  segmented.SegmentedRaftLogWorker (SegmentedRaftLogWorker.java:startLogSegment(380)) - dcc77c7b-1d37-448d-8d57-43d254561693-SegmentedRaftLogWorker:Storage Directory /workdir/hadoop-ozone/integration-test/target/test-dir/MiniOzoneClusterImpl-3b2755de-4cfe-4b43-9e0d-73dd8eda8f75/datanode-0/data/ratis/55ea1096-7909-4481-a143-cd7159c89c08: Starting segment from index:0
2019-09-19 14:05:05,999 [dcc77c7b-1d37-448d-8d57-43d254561693-SegmentedRaftLogWorker:Storage Directory /workdir/hadoop-ozone/integration-test/target/test-dir/MiniOzoneClusterImpl-3b2755de-4cfe-4b43-9e0d-73dd8eda8f75/datanode-0/data/ratis/056fd711-72ef-4867-a25d-b3b29087aaa0] ERROR segmented.SegmentedRaftLogWorker (SegmentedRaftLogWorker.java:run(323)) - dcc77c7b-1d37-448d-8d57-43d254561693-SegmentedRaftLogWorker:Storage Directory /workdir/hadoop-ozone/integration-test/target/test-dir/MiniOzoneClusterImpl-3b2755de-4cfe-4b43-9e0d-73dd8eda8f75/datanode-0/data/ratis/056fd711-72ef-4867-a25d-b3b29087aaa0 hit exception
java.lang.OutOfMemoryError: Direct buffer memory
	at java.nio.Bits.reserveMemory(Bits.java:666)
	at java.nio.DirectByteBuffer.<init>(DirectByteBuffer.java:123)
	at java.nio.ByteBuffer.allocateDirect(ByteBuffer.java:311)
	at org.apache.ratis.server.raftlog.segmented.BufferedWriteChannel.<init>(BufferedWriteChannel.java:41)
	at org.apache.ratis.server.raftlog.segmented.SegmentedRaftLogOutputStream.<init>(SegmentedRaftLogOutputStream.java:72)
	at org.apache.ratis.server.raftlog.segmented.SegmentedRaftLogWorker$StartLogSegment.execute(SegmentedRaftLogWorker.java:566)
	at org.apache.ratis.server.raftlog.segmented.SegmentedRaftLogWorker.run(SegmentedRaftLogWorker.java:289)
	at java.lang.Thread.run(Thread.java:748)
2019-09-19 14:05:12,815 | INFO  | SCMAudit | user=jenkins1000 | ip=192.168.157.226 | op=SEND_HEARTBEAT {datanodeUUID=dcc77c7b-1d37-448d-8d57-43d254561693, command=[]} | ret=SUCCESS |  
2019-09-19 14:05:05,696 [dcc77c7b-1d37-448d-8d57-43d254561693:group-7D1EFE063BF2:LeaderElection629] INFO  impl.RoleInfo (RoleInfo.java:updateAndGet(143)) - dcc77c7b-1d37-448d-8d57-43d254561693: start LeaderState
2019-09-19 14:05:05,696 [dcc77c7b-1d37-448d-8d57-43d254561693:group-801B220FEE86:LeaderElection625] INFO  server.RaftServerConfigKeys (ConfUtils.java:logGet(43)) - raft.server.watch.timeout.denomination = 1s (default)
2019-09-19 14:05:05,696 [dcc77c7b-1d37-448d-8d57-43d254561693:group-7B8CEBFF5854:LeaderElection601] INFO  impl.RoleInfo (RoleInfo.java:updateAndGet(143)) - dcc77c7b-1d37-448d-8d57-43d254561693: start LeaderState
2019-09-19 14:05:05,696 [dcc77c7b-1d37-448d-8d57-43d254561693:group-B8EC2EEEE8D5:LeaderElection604] INFO  segmented.SegmentedRaftLogWorker (SegmentedRaftLogWorker.java:startLogSegment(380)) - dcc77c7b-1d37-448d-8d57-43d254561693-SegmentedRaftLogWorker:Storage Directory /workdir/hadoop-ozone/integration-test/target/test-dir/MiniOzoneClusterImpl-3b2755de-4cfe-4b43-9e0d-73dd8eda8f75/datanode-0/data/ratis/496c209b-a8fb-44b0-964b-b8ec2eeee8d5: Starting segment from index:0
2019-09-19 14:05:05,695 [dcc77c7b-1d37-448d-8d57-43d254561693:group-FBD0D09AD849:LeaderElection607] INFO  impl.RoleInfo (RoleInfo.java:updateAndGet(143)) - dcc77c7b-1d37-448d-8d57-43d254561693: start LeaderState
2019-09-19 14:05:05,695 [dcc77c7b-1d37-448d-8d57-43d254561693:group-D44479695D46:LeaderElection608] INFO  server.RaftServerConfigKeys (ConfUtils.java:logGet(43)) - raft.server.watch.element-limit = 65536 (default)
2019-09-19 14:05:05,695 [dcc77c7b-1d37-448d-8d57-43d254561693:group-FEB63AD957C4:LeaderElection603] INFO  server.RaftServerConfigKeys (ConfUtils.java:logGet(43)) - raft.server.watch.element-limit = 65536 (default)
2019-09-19 14:05:13,109 | INFO  | SCMAudit | user=jenkins1000 | ip=192.168.157.226 | op=SEND_HEARTBEAT {datanodeUUID=dcc77c7b-1d37-448d-8d57-43d254561693, command=[]} | ret=SUCCESS |  
2019-09-19 14:05:05,695 [dcc77c7b-1d37-448d-8d57-43d254561693:group-C22B218FA0A6:LeaderElection630] INFO  server.RaftServerConfigKeys (ConfUtils.java:logGet(43)) - raft.server.watch.element-limit = 65536 (default)
2019-09-19 14:05:05,695 [dcc77c7b-1d37-448d-8d57-43d254561693:group-0DAF98B9911C:LeaderElection635] INFO  server.RaftServerConfigKeys (ConfUtils.java:logGet(43)) - raft.server.rpc.sleep.time = 25ms (default)
2019-09-19 14:05:05,695 [dcc77c7b-1d37-448d-8d57-43d254561693:group-8B49C088430A:LeaderElection637] INFO  server.RaftServerConfigKeys (ConfUtils.java:logGet(43)) - raft.server.rpc.sleep.time = 25ms (default)
2019-09-19 14:05:05,694 [dcc77c7b-1d37-448d-8d57-43d254561693:group-007612E7CB3B:LeaderElection636] INFO  server.RaftServerConfigKeys (ConfUtils.java:logGet(43)) - raft.server.rpc.sleep.time = 25ms (default)
2019-09-19 14:05:05,694 [dcc77c7b-1d37-448d-8d57-43d254561693-SegmentedRaftLogWorker:Storage Directory /workdir/hadoop-ozone/integration-test/target/test-dir/MiniOzoneClusterImpl-3b2755de-4cfe-4b43-9e0d-73dd8eda8f75/datanode-0/data/ratis/8402b45f-6353-4429-a404-7c1e89322a1a] INFO  segmented.SegmentedRaftLogWorker (SegmentedRaftLogWorker.java:close(228)) - dcc77c7b-1d37-448d-8d57-43d254561693-SegmentedRaftLogWorker:Storage Directory /workdir/hadoop-ozone/integration-test/target/test-dir/MiniOzoneClusterImpl-3b2755de-4cfe-4b43-9e0d-73dd8eda8f75/datanode-0/data/ratis/8402b45f-6353-4429-a404-7c1e89322a1a close()
2019-09-19 14:05:13,110 | INFO  | SCMAudit | user=jenkins1000 | ip=192.168.157.226 | op=SEND_HEARTBEAT {datanodeUUID=dcc77c7b-1d37-448d-8d57-43d254561693, command=[]} | ret=SUCCESS |  
2019-09-19 14:05:05,694 [dcc77c7b-1d37-448d-8d57-43d254561693-SegmentedRaftLogWorker:Storage Directory /workdir/hadoop-ozone/integration-test/target/test-dir/MiniOzoneClusterImpl-3b2755de-4cfe-4b43-9e0d-73dd8eda8f75/datanode-0/data/ratis/ea3429c1-71ac-4a5f-9adf-6f0b87a6652d] INFO  impl.StateMachineUpdater (StateMachineUpdater.java:stopAndJoin(115)) - StateMachineUpdater:dcc77c7b-1d37-448d-8d57-43d254561693:group-6F0B87A6652D: set stopIndex = -1
2019-09-19 14:05:13,110 [dcc77c7b-1d37-448d-8d57-43d254561693-SegmentedRaftLogWorker:Storage Directory /workdir/hadoop-ozone/integration-test/target/test-dir/MiniOzoneClusterImpl-3b2755de-4cfe-4b43-9e0d-73dd8eda8f75/datanode-0/data/ratis/ea3429c1-71ac-4a5f-9adf-6f0b87a6652d] INFO  impl.RaftServerImpl (ServerState.java:close(394)) - dcc77c7b-1d37-448d-8d57-43d254561693:group-6F0B87A6652D closes. The last applied log index is -1
2019-09-19 14:05:05,694 [dcc77c7b-1d37-448d-8d57-43d254561693-SegmentedRaftLogWorker:Storage Directory /workdir/hadoop-ozone/integration-test/target/test-dir/MiniOzoneClusterImpl-3b2755de-4cfe-4b43-9e0d-73dd8eda8f75/datanode-0/data/ratis/faba916e-1699-421a-a235-6752562ddcda] INFO  impl.RaftServerImpl (ServerState.java:close(394)) - dcc77c7b-1d37-448d-8d57-43d254561693:group-6752562DDCDA closes. The last applied log index is -1
2019-09-19 14:05:05,694 [dcc77c7b-1d37-448d-8d57-43d254561693-SegmentedRaftLogWorker:Storage Directory /workdir/hadoop-ozone/integration-test/target/test-dir/MiniOzoneClusterImpl-3b2755de-4cfe-4b43-9e0d-73dd8eda8f75/datanode-0/data/ratis/af6ea782-4c84-45de-a511-354f667d570a] INFO  segmented.SegmentedRaftLogWorker (SegmentedRaftLogWorker.java:close(228)) - dcc77c7b-1d37-448d-8d57-43d254561693-SegmentedRaftLogWorker:Storage Directory /workdir/hadoop-ozone/integration-test/target/test-dir/MiniOzoneClusterImpl-3b2755de-4cfe-4b43-9e0d-73dd8eda8f75/datanode-0/data/ratis/af6ea782-4c84-45de-a511-354f667d570a close()
2019-09-19 14:05:05,693 [dcc77c7b-1d37-448d-8d57-43d254561693-SegmentedRaftLogWorker:Storage Directory /workdir/hadoop-ozone/integration-test/target/test-dir/MiniOzoneClusterImpl-3b2755de-4cfe-4b43-9e0d-73dd8eda8f75/datanode-0/data/ratis/5e736f07-e612-485f-8517-5585b1e8ef5d] INFO  impl.StateMachineUpdater (StateMachineUpdater.java:stopAndJoin(115)) - StateMachineUpdater:dcc77c7b-1d37-448d-8d57-43d254561693:group-5585B1E8EF5D: set stopIndex = -1
2019-09-19 14:05:13,114 | INFO  | SCMAudit | user=jenkins1000 | ip=192.168.157.226 | op=SEND_HEARTBEAT {datanodeUUID=dcc77c7b-1d37-448d-8d57-43d254561693, command=[]} | ret=SUCCESS |  
2019-09-19 14:05:05,693 [dcc77c7b-1d37-448d-8d57-43d254561693:group-4467D65330C2:LeaderElection624] INFO  impl.RoleInfo (RoleInfo.java:updateAndGet(143)) - dcc77c7b-1d37-448d-8d57-43d254561693: start LeaderState
2019-09-19 14:05:05,693 [dcc77c7b-1d37-448d-8d57-43d254561693:group-5058C03AF78E:LeaderElection627] INFO  server.RaftServerConfigKeys (ConfUtils.java:logGet(43)) - raft.server.watch.timeout.denomination = 1s (default)
2019-09-19 14:05:05,692 [dcc77c7b-1d37-448d-8d57-43d254561693:group-332CF7478EA4:LeaderElection658] INFO  impl.RoleInfo (RoleInfo.java:shutdownLeaderElection(134)) - dcc77c7b-1d37-448d-8d57-43d254561693: shutdown LeaderElection
2019-09-19 14:05:05,692 [dcc77c7b-1d37-448d-8d57-43d254561693:group-FE83F846C166:LeaderElection657] INFO  impl.RoleInfo (RoleInfo.java:shutdownLeaderElection(134)) - dcc77c7b-1d37-448d-8d57-43d254561693: shutdown LeaderElection
2019-09-19 14:05:05,692 [dcc77c7b-1d37-448d-8d57-43d254561693:group-64275F144400:LeaderElection663] INFO  impl.RoleInfo (RoleInfo.java:shutdownLeaderElection(134)) - dcc77c7b-1d37-448d-8d57-43d254561693: shutdown LeaderElection
2019-09-19 14:05:05,692 [dcc77c7b-1d37-448d-8d57-43d254561693:group-C4C3DBF2EB40:LeaderElection656] INFO  impl.RoleInfo (RoleInfo.java:shutdownLeaderElection(134)) - dcc77c7b-1d37-448d-8d57-43d254561693: shutdown LeaderElection
2019-09-19 14:05:05,692 [dcc77c7b-1d37-448d-8d57-43d254561693:group-F883EB7B65C2:LeaderElection665] INFO  impl.RoleInfo (RoleInfo.java:shutdownLeaderElection(134)) - dcc77c7b-1d37-448d-8d57-43d254561693: shutdown LeaderElection
2019-09-19 14:05:05,692 [dcc77c7b-1d37-448d-8d57-43d254561693-SegmentedRaftLogWorker:Storage Directory /workdir/hadoop-ozone/integration-test/target/test-dir/MiniOzoneClusterImpl-3b2755de-4cfe-4b43-9e0d-73dd8eda8f75/datanode-0/data/ratis/cc0a98a1-5529-44b2-91aa-9c89c73bb343] INFO  impl.RaftServerImpl (RaftServerImpl.java:lambda$shutdown$3(245)) - dcc77c7b-1d37-448d-8d57-43d254561693: shutdown group-9C89C73BB343
2019-09-19 14:05:13,115 [dcc77c7b-1d37-448d-8d57-43d254561693:group-F883EB7B65C2:LeaderElection665] INFO  impl.RaftServerImpl (RaftServerImpl.java:setRole(171)) - dcc77c7b-1d37-448d-8d57-43d254561693:group-F883EB7B65C2 changes role from CANDIDATE to LEADER at term 1 for changeToLeader
2019-09-19 14:05:13,115 [dcc77c7b-1d37-448d-8d57-43d254561693:group-C4C3DBF2EB40:LeaderElection656] INFO  impl.RaftServerImpl (RaftServerImpl.java:setRole(171)) - dcc77c7b-1d37-448d-8d57-43d254561693:group-C4C3DBF2EB40 changes role from CANDIDATE to LEADER at term 1 for changeToLeader
2019-09-19 14:05:13,115 [dcc77c7b-1d37-448d-8d57-43d254561693:group-64275F144400:LeaderElection663] INFO  impl.RaftServerImpl (RaftServerImpl.java:setRole(171)) - dcc77c7b-1d37-448d-8d57-43d254561693:group-64275F144400 changes role from CANDIDATE to LEADER at term 1 for changeToLeader
2019-09-19 14:05:13,115 [dcc77c7b-1d37-448d-8d57-43d254561693:group-FE83F846C166:LeaderElection657] INFO  impl.RaftServerImpl (RaftServerImpl.java:setRole(171)) - dcc77c7b-1d37-448d-8d57-43d254561693:group-FE83F846C166 changes role from CANDIDATE to LEADER at term 1 for changeToLeader
2019-09-19 14:05:13,116 [dcc77c7b-1d37-448d-8d57-43d254561693:group-FE83F846C166:LeaderElection657] INFO  impl.RaftServerImpl (ServerState.java:setLeader(263)) - dcc77c7b-1d37-448d-8d57-43d254561693:group-FE83F846C166 change Leader from null to dcc77c7b-1d37-448d-8d57-43d254561693 at term 1 for becomeLeader, leader elected after 18682ms
2019-09-19 14:05:13,115 [dcc77c7b-1d37-448d-8d57-43d254561693:group-332CF7478EA4:LeaderElection658] INFO  impl.RaftServerImpl (RaftServerImpl.java:setRole(171)) - dcc77c7b-1d37-448d-8d57-43d254561693:group-332CF7478EA4 changes role from CANDIDATE to LEADER at term 1 for changeToLeader
2019-09-19 14:05:13,115 [dcc77c7b-1d37-448d-8d57-43d254561693:group-5058C03AF78E:LeaderElection627] INFO  server.RaftServerConfigKeys (ConfUtils.java:logGet(43)) - raft.server.watch.element-limit = 65536 (default)
2019-09-19 14:05:13,114 [dcc77c7b-1d37-448d-8d57-43d254561693:group-4467D65330C2:LeaderElection624] INFO  segmented.SegmentedRaftLogWorker (SegmentedRaftLogWorker.java:startLogSegment(380)) - dcc77c7b-1d37-448d-8d57-43d254561693-SegmentedRaftLogWorker:Storage Directory /workdir/hadoop-ozone/integration-test/target/test-dir/MiniOzoneClusterImpl-3b2755de-4cfe-4b43-9e0d-73dd8eda8f75/datanode-0/data/ratis/5b6bb2d1-6a86-44a9-9560-4467d65330c2: Starting segment from index:0
2019-09-19 14:05:13,114 [grpc-default-executor-2] INFO  client.GrpcClientProtocolClient (GrpcClientProtocolClient.java:onNext(255)) - client-3C9113CDD2ED->dcc77c7b-1d37-448d-8d57-43d254561693: receive RaftClientReply:client-3C9113CDD2ED->dcc77c7b-1d37-448d-8d57-43d254561693@group-CE1F78CFD901, cid=1449, SUCCESS, logIndex=3, commits[dcc77c7b-1d37-448d-8d57-43d254561693:c4]
2019-09-19 14:05:13,467 | INFO  | SCMAudit | user=jenkins1000 | ip=192.168.157.226 | op=SEND_HEARTBEAT {datanodeUUID=dcc77c7b-1d37-448d-8d57-43d254561693, command=[]} | ret=SUCCESS |  
2019-09-19 14:05:13,114 [dcc77c7b-1d37-448d-8d57-43d254561693-SegmentedRaftLogWorker:Storage Directory /workdir/hadoop-ozone/integration-test/target/test-dir/MiniOzoneClusterImpl-3b2755de-4cfe-4b43-9e0d-73dd8eda8f75/datanode-0/data/ratis/5e736f07-e612-485f-8517-5585b1e8ef5d] INFO  impl.RaftServerImpl (ServerState.java:close(394)) - dcc77c7b-1d37-448d-8d57-43d254561693:group-5585B1E8EF5D closes. The last applied log index is -1
2019-09-19 14:05:13,114 [dcc77c7b-1d37-448d-8d57-43d254561693-SegmentedRaftLogWorker:Storage Directory /workdir/hadoop-ozone/integration-test/target/test-dir/MiniOzoneClusterImpl-3b2755de-4cfe-4b43-9e0d-73dd8eda8f75/datanode-0/data/ratis/faba916e-1699-421a-a235-6752562ddcda] INFO  segmented.SegmentedRaftLogWorker (SegmentedRaftLogWorker.java:close(228)) - dcc77c7b-1d37-448d-8d57-43d254561693-SegmentedRaftLogWorker:Storage Directory /workdir/hadoop-ozone/integration-test/target/test-dir/MiniOzoneClusterImpl-3b2755de-4cfe-4b43-9e0d-73dd8eda8f75/datanode-0/data/ratis/faba916e-1699-421a-a235-6752562ddcda close()
2019-09-19 14:05:13,114 [dcc77c7b-1d37-448d-8d57-43d254561693-SegmentedRaftLogWorker:Storage Directory /workdir/hadoop-ozone/integration-test/target/test-dir/MiniOzoneClusterImpl-3b2755de-4cfe-4b43-9e0d-73dd8eda8f75/datanode-0/data/ratis/ea3429c1-71ac-4a5f-9adf-6f0b87a6652d] INFO  segmented.SegmentedRaftLogWorker (SegmentedRaftLogWorker.java:close(228)) - dcc77c7b-1d37-448d-8d57-43d254561693-SegmentedRaftLogWorker:Storage Directory /workdir/hadoop-ozone/integration-test/target/test-dir/MiniOzoneClusterImpl-3b2755de-4cfe-4b43-9e0d-73dd8eda8f75/datanode-0/data/ratis/ea3429c1-71ac-4a5f-9adf-6f0b87a6652d close()
2019-09-19 14:05:13,109 [dcc77c7b-1d37-448d-8d57-43d254561693:group-007612E7CB3B:LeaderElection636] INFO  server.RaftServerConfigKeys (ConfUtils.java:logGet(43)) - raft.server.write.element-limit = 4096 (default)
2019-09-19 14:05:13,109 [dcc77c7b-1d37-448d-8d57-43d254561693:group-8B49C088430A:LeaderElection637] INFO  server.RaftServerConfigKeys (ConfUtils.java:logGet(43)) - raft.server.write.element-limit = 4096 (default)
2019-09-19 14:05:13,109 [dcc77c7b-1d37-448d-8d57-43d254561693:group-0DAF98B9911C:LeaderElection635] INFO  server.RaftServerConfigKeys (ConfUtils.java:logGet(43)) - raft.server.write.element-limit = 4096 (default)
2019-09-19 14:05:13,109 [dcc77c7b-1d37-448d-8d57-43d254561693:group-C22B218FA0A6:LeaderElection630] INFO  impl.RoleInfo (RoleInfo.java:updateAndGet(143)) - dcc77c7b-1d37-448d-8d57-43d254561693: start LeaderState
2019-09-19 14:05:13,109 [dcc77c7b-1d37-448d-8d57-43d254561693:group-FEB63AD957C4:LeaderElection603] INFO  impl.RoleInfo (RoleInfo.java:updateAndGet(143)) - dcc77c7b-1d37-448d-8d57-43d254561693: start LeaderState
2019-09-19 14:05:13,108 [dcc77c7b-1d37-448d-8d57-43d254561693:group-D44479695D46:LeaderElection608] INFO  impl.RoleInfo (RoleInfo.java:updateAndGet(143)) - dcc77c7b-1d37-448d-8d57-43d254561693: start LeaderState
2019-09-19 14:05:13,108 [dcc77c7b-1d37-448d-8d57-43d254561693:group-FBD0D09AD849:LeaderElection607] INFO  segmented.SegmentedRaftLogWorker (SegmentedRaftLogWorker.java:startLogSegment(380)) - dcc77c7b-1d37-448d-8d57-43d254561693-SegmentedRaftLogWorker:Storage Directory /workdir/hadoop-ozone/integration-test/target/test-dir/MiniOzoneClusterImpl-3b2755de-4cfe-4b43-9e0d-73dd8eda8f75/datanode-0/data/ratis/e19daaf9-e448-4e17-a794-fbd0d09ad849: Starting segment from index:0
2019-09-19 14:05:13,108 [dcc77c7b-1d37-448d-8d57-43d254561693:group-B8EC2EEEE8D5:LeaderElection604] INFO  impl.RaftServerImpl (ServerState.java:setRaftConf(361)) - dcc77c7b-1d37-448d-8d57-43d254561693:group-B8EC2EEEE8D5 set configuration 0: [dcc77c7b-1d37-448d-8d57-43d254561693:192.168.157.226:34527], old=null at 0
2019-09-19 14:05:13,108 [dcc77c7b-1d37-448d-8d57-43d254561693-SegmentedRaftLogWorker:Storage Directory /workdir/hadoop-ozone/integration-test/target/test-dir/MiniOzoneClusterImpl-3b2755de-4cfe-4b43-9e0d-73dd8eda8f75/datanode-0/data/ratis/db3fb848-7260-46b9-8164-8f62cc6b93f9] ERROR segmented.SegmentedRaftLogWorker (SegmentedRaftLogWorker.java:run(323)) - dcc77c7b-1d37-448d-8d57-43d254561693-SegmentedRaftLogWorker:Storage Directory /workdir/hadoop-ozone/integration-test/target/test-dir/MiniOzoneClusterImpl-3b2755de-4cfe-4b43-9e0d-73dd8eda8f75/datanode-0/data/ratis/db3fb848-7260-46b9-8164-8f62cc6b93f9 hit exception
java.lang.OutOfMemoryError: Direct buffer memory
	at java.nio.Bits.reserveMemory(Bits.java:666)
	at java.nio.DirectByteBuffer.<init>(DirectByteBuffer.java:123)
	at java.nio.ByteBuffer.allocateDirect(ByteBuffer.java:311)
	at org.apache.ratis.server.raftlog.segmented.BufferedWriteChannel.<init>(BufferedWriteChannel.java:41)
	at org.apache.ratis.server.raftlog.segmented.SegmentedRaftLogOutputStream.<init>(SegmentedRaftLogOutputStream.java:72)
	at org.apache.ratis.server.raftlog.segmented.SegmentedRaftLogWorker$StartLogSegment.execute(SegmentedRaftLogWorker.java:566)
	at org.apache.ratis.server.raftlog.segmented.SegmentedRaftLogWorker.run(SegmentedRaftLogWorker.java:289)
	at java.lang.Thread.run(Thread.java:748)
2019-09-19 14:05:13,778 | INFO  | SCMAudit | user=jenkins1000 | ip=192.168.157.226 | op=SEND_HEARTBEAT {datanodeUUID=dcc77c7b-1d37-448d-8d57-43d254561693, command=[]} | ret=SUCCESS |  
2019-09-19 14:05:13,108 [dcc77c7b-1d37-448d-8d57-43d254561693-SegmentedRaftLogWorker:Storage Directory /workdir/hadoop-ozone/integration-test/target/test-dir/MiniOzoneClusterImpl-3b2755de-4cfe-4b43-9e0d-73dd8eda8f75/datanode-0/data/ratis/364470fa-822d-4dd1-ae08-761da49682b2] ERROR segmented.SegmentedRaftLogWorker (SegmentedRaftLogWorker.java:run(323)) - dcc77c7b-1d37-448d-8d57-43d254561693-SegmentedRaftLogWorker:Storage Directory /workdir/hadoop-ozone/integration-test/target/test-dir/MiniOzoneClusterImpl-3b2755de-4cfe-4b43-9e0d-73dd8eda8f75/datanode-0/data/ratis/364470fa-822d-4dd1-ae08-761da49682b2 hit exception
java.lang.OutOfMemoryError: Direct buffer memory
	at java.nio.Bits.reserveMemory(Bits.java:666)
	at java.nio.DirectByteBuffer.<init>(DirectByteBuffer.java:123)
	at java.nio.ByteBuffer.allocateDirect(ByteBuffer.java:311)
	at org.apache.ratis.server.raftlog.segmented.BufferedWriteChannel.<init>(BufferedWriteChannel.java:41)
	at org.apache.ratis.server.raftlog.segmented.SegmentedRaftLogOutputStream.<init>(SegmentedRaftLogOutputStream.java:72)
	at org.apache.ratis.server.raftlog.segmented.SegmentedRaftLogWorker$StartLogSegment.execute(SegmentedRaftLogWorker.java:566)
	at org.apache.ratis.server.raftlog.segmented.SegmentedRaftLogWorker.run(SegmentedRaftLogWorker.java:289)
	at java.lang.Thread.run(Thread.java:748)
2019-09-19 14:05:13,779 [dcc77c7b-1d37-448d-8d57-43d254561693-SegmentedRaftLogWorker:Storage Directory /workdir/hadoop-ozone/integration-test/target/test-dir/MiniOzoneClusterImpl-3b2755de-4cfe-4b43-9e0d-73dd8eda8f75/datanode-0/data/ratis/364470fa-822d-4dd1-ae08-761da49682b2] INFO  impl.RaftServerImpl (RaftServerImpl.java:lambda$shutdown$3(245)) - dcc77c7b-1d37-448d-8d57-43d254561693: shutdown group-761DA49682B2
2019-09-19 14:05:13,108 [dcc77c7b-1d37-448d-8d57-43d254561693-SegmentedRaftLogWorker:Storage Directory /workdir/hadoop-ozone/integration-test/target/test-dir/MiniOzoneClusterImpl-3b2755de-4cfe-4b43-9e0d-73dd8eda8f75/datanode-0/data/ratis/f638db7c-e41a-4e11-b361-9054243d6a0e] ERROR segmented.SegmentedRaftLogWorker (SegmentedRaftLogWorker.java:run(323)) - dcc77c7b-1d37-448d-8d57-43d254561693-SegmentedRaftLogWorker:Storage Directory /workdir/hadoop-ozone/integration-test/target/test-dir/MiniOzoneClusterImpl-3b2755de-4cfe-4b43-9e0d-73dd8eda8f75/datanode-0/data/ratis/f638db7c-e41a-4e11-b361-9054243d6a0e hit exception
java.lang.OutOfMemoryError: Direct buffer memory
	at java.nio.Bits.reserveMemory(Bits.java:666)
	at java.nio.DirectByteBuffer.<init>(DirectByteBuffer.java:123)
	at java.nio.ByteBuffer.allocateDirect(ByteBuffer.java:311)
	at org.apache.ratis.server.raftlog.segmented.BufferedWriteChannel.<init>(BufferedWriteChannel.java:41)
	at org.apache.ratis.server.raftlog.segmented.SegmentedRaftLogOutputStream.<init>(SegmentedRaftLogOutputStream.java:72)
	at org.apache.ratis.server.raftlog.segmented.SegmentedRaftLogWorker$StartLogSegment.execute(SegmentedRaftLogWorker.java:566)
	at org.apache.ratis.server.raftlog.segmented.SegmentedRaftLogWorker.run(SegmentedRaftLogWorker.java:289)
	at java.lang.Thread.run(Thread.java:748)
2019-09-19 14:05:13,108 [dcc77c7b-1d37-448d-8d57-43d254561693-SegmentedRaftLogWorker:Storage Directory /workdir/hadoop-ozone/integration-test/target/test-dir/MiniOzoneClusterImpl-3b2755de-4cfe-4b43-9e0d-73dd8eda8f75/datanode-0/data/ratis/95dcca76-3e6d-463c-8c9e-8705eab60863] ERROR segmented.SegmentedRaftLogWorker (SegmentedRaftLogWorker.java:run(323)) - dcc77c7b-1d37-448d-8d57-43d254561693-SegmentedRaftLogWorker:Storage Directory /workdir/hadoop-ozone/integration-test/target/test-dir/MiniOzoneClusterImpl-3b2755de-4cfe-4b43-9e0d-73dd8eda8f75/datanode-0/data/ratis/95dcca76-3e6d-463c-8c9e-8705eab60863 hit exception
java.lang.OutOfMemoryError: Direct buffer memory
	at java.nio.Bits.reserveMemory(Bits.java:666)
	at java.nio.DirectByteBuffer.<init>(DirectByteBuffer.java:123)
	at java.nio.ByteBuffer.allocateDirect(ByteBuffer.java:311)
	at org.apache.ratis.server.raftlog.segmented.BufferedWriteChannel.<init>(BufferedWriteChannel.java:41)
	at org.apache.ratis.server.raftlog.segmented.SegmentedRaftLogOutputStream.<init>(SegmentedRaftLogOutputStream.java:72)
	at org.apache.ratis.server.raftlog.segmented.SegmentedRaftLogWorker$StartLogSegment.execute(SegmentedRaftLogWorker.java:566)
	at org.apache.ratis.server.raftlog.segmented.SegmentedRaftLogWorker.run(SegmentedRaftLogWorker.java:289)
	at java.lang.Thread.run(Thread.java:748)
2019-09-19 14:05:13,780 [dcc77c7b-1d37-448d-8d57-43d254561693-SegmentedRaftLogWorker:Storage Directory /workdir/hadoop-ozone/integration-test/target/test-dir/MiniOzoneClusterImpl-3b2755de-4cfe-4b43-9e0d-73dd8eda8f75/datanode-0/data/ratis/95dcca76-3e6d-463c-8c9e-8705eab60863] INFO  impl.RaftServerImpl (RaftServerImpl.java:lambda$shutdown$3(245)) - dcc77c7b-1d37-448d-8d57-43d254561693: shutdown group-8705EAB60863
2019-09-19 14:05:12,815 [dcc77c7b-1d37-448d-8d57-43d254561693:group-7B8CEBFF5854:LeaderElection601] INFO  segmented.SegmentedRaftLogWorker (SegmentedRaftLogWorker.java:startLogSegment(380)) - dcc77c7b-1d37-448d-8d57-43d254561693-SegmentedRaftLogWorker:Storage Directory /workdir/hadoop-ozone/integration-test/target/test-dir/MiniOzoneClusterImpl-3b2755de-4cfe-4b43-9e0d-73dd8eda8f75/datanode-0/data/ratis/6259c4c5-9885-476f-b8b3-7b8cebff5854: Starting segment from index:0
2019-09-19 14:05:12,815 [dcc77c7b-1d37-448d-8d57-43d254561693:group-801B220FEE86:LeaderElection625] INFO  server.RaftServerConfigKeys (ConfUtils.java:logGet(43)) - raft.server.watch.element-limit = 65536 (default)
2019-09-19 14:05:13,780 | INFO  | DNAudit | user=null | ip=null | op=WRITE_CHUNK {blockData=conID: 8 locID: 102819554872000522 bcsId: 3} | ret=SUCCESS |  
2019-09-19 14:05:12,815 [dcc77c7b-1d37-448d-8d57-43d254561693:group-7D1EFE063BF2:LeaderElection629] INFO  segmented.SegmentedRaftLogWorker (SegmentedRaftLogWorker.java:startLogSegment(380)) - dcc77c7b-1d37-448d-8d57-43d254561693-SegmentedRaftLogWorker:Storage Directory /workdir/hadoop-ozone/integration-test/target/test-dir/MiniOzoneClusterImpl-3b2755de-4cfe-4b43-9e0d-73dd8eda8f75/datanode-0/data/ratis/5c28bcfe-7916-4692-a8a1-7d1efe063bf2: Starting segment from index:0
2019-09-19 14:05:12,814 [dcc77c7b-1d37-448d-8d57-43d254561693-SegmentedRaftLogWorker:Storage Directory /workdir/hadoop-ozone/integration-test/target/test-dir/MiniOzoneClusterImpl-3b2755de-4cfe-4b43-9e0d-73dd8eda8f75/datanode-0/data/ratis/056fd711-72ef-4867-a25d-b3b29087aaa0] INFO  impl.RaftServerImpl (RaftServerImpl.java:lambda$shutdown$3(245)) - dcc77c7b-1d37-448d-8d57-43d254561693: shutdown group-B3B29087AAA0
2019-09-19 14:05:12,813 [dcc77c7b-1d37-448d-8d57-43d254561693-SegmentedRaftLogWorker:Storage Directory /workdir/hadoop-ozone/integration-test/target/test-dir/MiniOzoneClusterImpl-3b2755de-4cfe-4b43-9e0d-73dd8eda8f75/datanode-0/data/ratis/c2f8a40a-eab5-4d2f-ac26-aefe1d75de75] ERROR segmented.SegmentedRaftLogWorker (SegmentedRaftLogWorker.java:run(323)) - dcc77c7b-1d37-448d-8d57-43d254561693-SegmentedRaftLogWorker:Storage Directory /workdir/hadoop-ozone/integration-test/target/test-dir/MiniOzoneClusterImpl-3b2755de-4cfe-4b43-9e0d-73dd8eda8f75/datanode-0/data/ratis/c2f8a40a-eab5-4d2f-ac26-aefe1d75de75 hit exception
java.lang.OutOfMemoryError: Direct buffer memory
	at java.nio.Bits.reserveMemory(Bits.java:666)
	at java.nio.DirectByteBuffer.<init>(DirectByteBuffer.java:123)
	at java.nio.ByteBuffer.allocateDirect(ByteBuffer.java:311)
	at org.apache.ratis.server.raftlog.segmented.BufferedWriteChannel.<init>(BufferedWriteChannel.java:41)
	at org.apache.ratis.server.raftlog.segmented.SegmentedRaftLogOutputStream.<init>(SegmentedRaftLogOutputStream.java:72)
	at org.apache.ratis.server.raftlog.segmented.SegmentedRaftLogWorker$StartLogSegment.execute(SegmentedRaftLogWorker.java:566)
	at org.apache.ratis.server.raftlog.segmented.SegmentedRaftLogWorker.run(SegmentedRaftLogWorker.java:289)
	at java.lang.Thread.run(Thread.java:748)
2019-09-19 14:05:14,350 | INFO  | SCMAudit | user=jenkins1000 | ip=192.168.157.226 | op=SEND_HEARTBEAT {datanodeUUID=dcc77c7b-1d37-448d-8d57-43d254561693, command=[]} | ret=SUCCESS |  
2019-09-19 14:05:14,350 [dcc77c7b-1d37-448d-8d57-43d254561693-SegmentedRaftLogWorker:Storage Directory /workdir/hadoop-ozone/integration-test/target/test-dir/MiniOzoneClusterImpl-3b2755de-4cfe-4b43-9e0d-73dd8eda8f75/datanode-0/data/ratis/c2f8a40a-eab5-4d2f-ac26-aefe1d75de75] INFO  impl.RaftServerImpl (RaftServerImpl.java:lambda$shutdown$3(245)) - dcc77c7b-1d37-448d-8d57-43d254561693: shutdown group-AEFE1D75DE75
2019-09-19 14:05:12,813 [dcc77c7b-1d37-448d-8d57-43d254561693-SegmentedRaftLogWorker:Storage Directory /workdir/hadoop-ozone/integration-test/target/test-dir/MiniOzoneClusterImpl-3b2755de-4cfe-4b43-9e0d-73dd8eda8f75/datanode-0/data/ratis/c10b78a9-67e9-4f55-be11-f426ba34ee2b] ERROR segmented.SegmentedRaftLogWorker (SegmentedRaftLogWorker.java:run(323)) - dcc77c7b-1d37-448d-8d57-43d254561693-SegmentedRaftLogWorker:Storage Directory /workdir/hadoop-ozone/integration-test/target/test-dir/MiniOzoneClusterImpl-3b2755de-4cfe-4b43-9e0d-73dd8eda8f75/datanode-0/data/ratis/c10b78a9-67e9-4f55-be11-f426ba34ee2b hit exception
java.lang.OutOfMemoryError: Direct buffer memory
	at java.nio.Bits.reserveMemory(Bits.java:666)
	at java.nio.DirectByteBuffer.<init>(DirectByteBuffer.java:123)
	at java.nio.ByteBuffer.allocateDirect(ByteBuffer.java:311)
	at org.apache.ratis.server.raftlog.segmented.BufferedWriteChannel.<init>(BufferedWriteChannel.java:41)
	at org.apache.ratis.server.raftlog.segmented.SegmentedRaftLogOutputStream.<init>(SegmentedRaftLogOutputStream.java:72)
	at org.apache.ratis.server.raftlog.segmented.SegmentedRaftLogWorker$StartLogSegment.execute(SegmentedRaftLogWorker.java:566)
	at org.apache.ratis.server.raftlog.segmented.SegmentedRaftLogWorker.run(SegmentedRaftLogWorker.java:289)
	at java.lang.Thread.run(Thread.java:748)
2019-09-19 14:05:14,350 [dcc77c7b-1d37-448d-8d57-43d254561693-SegmentedRaftLogWorker:Storage Directory /workdir/hadoop-ozone/integration-test/target/test-dir/MiniOzoneClusterImpl-3b2755de-4cfe-4b43-9e0d-73dd8eda8f75/datanode-0/data/ratis/c10b78a9-67e9-4f55-be11-f426ba34ee2b] INFO  impl.RaftServerImpl (RaftServerImpl.java:lambda$shutdown$3(245)) - dcc77c7b-1d37-448d-8d57-43d254561693: shutdown group-F426BA34EE2B
2019-09-19 14:05:12,813 [dcc77c7b-1d37-448d-8d57-43d254561693-SegmentedRaftLogWorker:Storage Directory /workdir/hadoop-ozone/integration-test/target/test-dir/MiniOzoneClusterImpl-3b2755de-4cfe-4b43-9e0d-73dd8eda8f75/datanode-0/data/ratis/13e365e2-082e-427c-9029-8dbed52dd969] ERROR segmented.SegmentedRaftLogWorker (SegmentedRaftLogWorker.java:run(323)) - dcc77c7b-1d37-448d-8d57-43d254561693-SegmentedRaftLogWorker:Storage Directory /workdir/hadoop-ozone/integration-test/target/test-dir/MiniOzoneClusterImpl-3b2755de-4cfe-4b43-9e0d-73dd8eda8f75/datanode-0/data/ratis/13e365e2-082e-427c-9029-8dbed52dd969 hit exception
java.lang.OutOfMemoryError: Direct buffer memory
	at java.nio.Bits.reserveMemory(Bits.java:666)
	at java.nio.DirectByteBuffer.<init>(DirectByteBuffer.java:123)
	at java.nio.ByteBuffer.allocateDirect(ByteBuffer.java:311)
	at org.apache.ratis.server.raftlog.segmented.BufferedWriteChannel.<init>(BufferedWriteChannel.java:41)
	at org.apache.ratis.server.raftlog.segmented.SegmentedRaftLogOutputStream.<init>(SegmentedRaftLogOutputStream.java:72)
	at org.apache.ratis.server.raftlog.segmented.SegmentedRaftLogWorker$StartLogSegment.execute(SegmentedRaftLogWorker.java:566)
	at org.apache.ratis.server.raftlog.segmented.SegmentedRaftLogWorker.run(SegmentedRaftLogWorker.java:289)
	at java.lang.Thread.run(Thread.java:748)
2019-09-19 14:05:12,813 [dcc77c7b-1d37-448d-8d57-43d254561693-SegmentedRaftLogWorker:Storage Directory /workdir/hadoop-ozone/integration-test/target/test-dir/MiniOzoneClusterImpl-3b2755de-4cfe-4b43-9e0d-73dd8eda8f75/datanode-0/data/ratis/0bcb92b1-8f88-4bb5-a8d7-c61393b9958e] ERROR segmented.SegmentedRaftLogWorker (SegmentedRaftLogWorker.java:run(323)) - dcc77c7b-1d37-448d-8d57-43d254561693-SegmentedRaftLogWorker:Storage Directory /workdir/hadoop-ozone/integration-test/target/test-dir/MiniOzoneClusterImpl-3b2755de-4cfe-4b43-9e0d-73dd8eda8f75/datanode-0/data/ratis/0bcb92b1-8f88-4bb5-a8d7-c61393b9958e hit exception
java.lang.OutOfMemoryError: Direct buffer memory
	at java.nio.Bits.reserveMemory(Bits.java:666)
	at java.nio.DirectByteBuffer.<init>(DirectByteBuffer.java:123)
	at java.nio.ByteBuffer.allocateDirect(ByteBuffer.java:311)
	at org.apache.ratis.server.raftlog.segmented.BufferedWriteChannel.<init>(BufferedWriteChannel.java:41)
	at org.apache.ratis.server.raftlog.segmented.SegmentedRaftLogOutputStream.<init>(SegmentedRaftLogOutputStream.java:72)
	at org.apache.ratis.server.raftlog.segmented.SegmentedRaftLogWorker$StartLogSegment.execute(SegmentedRaftLogWorker.java:566)
	at org.apache.ratis.server.raftlog.segmented.SegmentedRaftLogWorker.run(SegmentedRaftLogWorker.java:289)
	at java.lang.Thread.run(Thread.java:748)
2019-09-19 14:05:14,351 | INFO  | SCMAudit | user=jenkins1000 | ip=192.168.157.226 | op=SEND_HEARTBEAT {datanodeUUID=dcc77c7b-1d37-448d-8d57-43d254561693, command=[]} | ret=SUCCESS |  
2019-09-19 14:05:14,351 [dcc77c7b-1d37-448d-8d57-43d254561693-SegmentedRaftLogWorker:Storage Directory /workdir/hadoop-ozone/integration-test/target/test-dir/MiniOzoneClusterImpl-3b2755de-4cfe-4b43-9e0d-73dd8eda8f75/datanode-0/data/ratis/0bcb92b1-8f88-4bb5-a8d7-c61393b9958e] INFO  impl.RaftServerImpl (RaftServerImpl.java:lambda$shutdown$3(245)) - dcc77c7b-1d37-448d-8d57-43d254561693: shutdown group-C61393B9958E
2019-09-19 14:05:12,515 [dcc77c7b-1d37-448d-8d57-43d254561693:group-CD7159C89C08:LeaderElection605] INFO  impl.RaftServerImpl (ServerState.java:setRaftConf(361)) - dcc77c7b-1d37-448d-8d57-43d254561693:group-CD7159C89C08 set configuration 0: [dcc77c7b-1d37-448d-8d57-43d254561693:192.168.157.226:34527], old=null at 0
2019-09-19 14:05:11,968 [dcc77c7b-1d37-448d-8d57-43d254561693-SegmentedRaftLogWorker:Storage Directory /workdir/hadoop-ozone/integration-test/target/test-dir/MiniOzoneClusterImpl-3b2755de-4cfe-4b43-9e0d-73dd8eda8f75/datanode-0/data/ratis/00b76e0c-516e-486f-8902-bcc62b444d9d] ERROR segmented.SegmentedRaftLogWorker (SegmentedRaftLogWorker.java:run(323)) - dcc77c7b-1d37-448d-8d57-43d254561693-SegmentedRaftLogWorker:Storage Directory /workdir/hadoop-ozone/integration-test/target/test-dir/MiniOzoneClusterImpl-3b2755de-4cfe-4b43-9e0d-73dd8eda8f75/datanode-0/data/ratis/00b76e0c-516e-486f-8902-bcc62b444d9d hit exception
java.lang.OutOfMemoryError: Direct buffer memory
	at java.nio.Bits.reserveMemory(Bits.java:666)
	at java.nio.DirectByteBuffer.<init>(DirectByteBuffer.java:123)
	at java.nio.ByteBuffer.allocateDirect(ByteBuffer.java:311)
	at org.apache.ratis.server.raftlog.segmented.BufferedWriteChannel.<init>(BufferedWriteChannel.java:41)
	at org.apache.ratis.server.raftlog.segmented.SegmentedRaftLogOutputStream.<init>(SegmentedRaftLogOutputStream.java:72)
	at org.apache.ratis.server.raftlog.segmented.SegmentedRaftLogWorker$StartLogSegment.execute(SegmentedRaftLogWorker.java:566)
	at org.apache.ratis.server.raftlog.segmented.SegmentedRaftLogWorker.run(SegmentedRaftLogWorker.java:289)
	at java.lang.Thread.run(Thread.java:748)
2019-09-19 14:05:14,351 [dcc77c7b-1d37-448d-8d57-43d254561693-SegmentedRaftLogWorker:Storage Directory /workdir/hadoop-ozone/integration-test/target/test-dir/MiniOzoneClusterImpl-3b2755de-4cfe-4b43-9e0d-73dd8eda8f75/datanode-0/data/ratis/00b76e0c-516e-486f-8902-bcc62b444d9d] INFO  impl.RaftServerImpl (RaftServerImpl.java:lambda$shutdown$3(245)) - dcc77c7b-1d37-448d-8d57-43d254561693: shutdown group-BCC62B444D9D
2019-09-19 14:05:12,229 [dcc77c7b-1d37-448d-8d57-43d254561693:group-D788F79D6955:LeaderElection606] INFO  server.RaftServerConfigKeys (ConfUtils.java:logGet(43)) - raft.server.watch.element-limit = 65536 (default)
2019-09-19 14:05:12,229 [dcc77c7b-1d37-448d-8d57-43d254561693:group-26A6A6CCFAD8:LeaderElection660] INFO  server.RaftServerConfigKeys (ConfUtils.java:logGet(43)) - raft.server.staging.catchup.gap = 1000 (default)
2019-09-19 14:05:12,229 [dcc77c7b-1d37-448d-8d57-43d254561693:group-BB4770E0F3FD:LeaderElection655] INFO  impl.RaftServerImpl (ServerState.java:setLeader(263)) - dcc77c7b-1d37-448d-8d57-43d254561693:group-BB4770E0F3FD change Leader from null to dcc77c7b-1d37-448d-8d57-43d254561693 at term 1 for becomeLeader, leader elected after 17836ms
2019-09-19 14:05:12,229 [dcc77c7b-1d37-448d-8d57-43d254561693:group-101271AE1179:LeaderElection659] INFO  server.RaftServerConfigKeys (ConfUtils.java:logGet(43)) - raft.server.staging.catchup.gap = 1000 (default)
2019-09-19 14:05:12,229 [pool-58-thread-1] INFO  server.RaftServerConfigKeys (ConfUtils.java:logGet(43)) - raft.server.snapshot.auto.trigger.enabled = true (custom)
2019-09-19 14:05:14,352 [pool-58-thread-1] INFO  server.RaftServerConfigKeys (ConfUtils.java:logGet(43)) - raft.server.snapshot.auto.trigger.threshold = 1 (custom)
2019-09-19 14:05:12,229 [dcc77c7b-1d37-448d-8d57-43d254561693:group-78B7DFC7FE28:LeaderElection661] INFO  server.RaftServerConfigKeys (ConfUtils.java:logGet(43)) - raft.server.rpc.sleep.time = 25ms (default)
2019-09-19 14:05:12,228 [dcc77c7b-1d37-448d-8d57-43d254561693-SegmentedRaftLogWorker:Storage Directory /workdir/hadoop-ozone/integration-test/target/test-dir/MiniOzoneClusterImpl-3b2755de-4cfe-4b43-9e0d-73dd8eda8f75/datanode-0/data/ratis/bf066c4b-b9ac-4c70-8f56-ad94dcfd5f37] INFO  impl.StateMachineUpdater (StateMachineUpdater.java:stopAndJoin(115)) - StateMachineUpdater:dcc77c7b-1d37-448d-8d57-43d254561693:group-AD94DCFD5F37: set stopIndex = -1
2019-09-19 14:05:14,353 [dcc77c7b-1d37-448d-8d57-43d254561693-SegmentedRaftLogWorker:Storage Directory /workdir/hadoop-ozone/integration-test/target/test-dir/MiniOzoneClusterImpl-3b2755de-4cfe-4b43-9e0d-73dd8eda8f75/datanode-0/data/ratis/bf066c4b-b9ac-4c70-8f56-ad94dcfd5f37] INFO  impl.RaftServerImpl (ServerState.java:close(394)) - dcc77c7b-1d37-448d-8d57-43d254561693:group-AD94DCFD5F37 closes. The last applied log index is -1
2019-09-19 14:05:12,228 [dcc77c7b-1d37-448d-8d57-43d254561693:group-89849F9FD3BA:LeaderElection616] INFO  impl.RaftServerImpl (ServerState.java:setRaftConf(361)) - dcc77c7b-1d37-448d-8d57-43d254561693:group-89849F9FD3BA set configuration 0: [dcc77c7b-1d37-448d-8d57-43d254561693:192.168.157.226:34527], old=null at 0
2019-09-19 14:05:11,674 [dcc77c7b-1d37-448d-8d57-43d254561693:group-00ABCB16AA03:LeaderElection574] INFO  impl.RaftServerImpl (ServerState.java:setRaftConf(361)) - dcc77c7b-1d37-448d-8d57-43d254561693:group-00ABCB16AA03 set configuration 0: [dcc77c7b-1d37-448d-8d57-43d254561693:192.168.157.226:34527], old=null at 0
2019-09-19 14:05:11,674 [dcc77c7b-1d37-448d-8d57-43d254561693:group-C7074BE8E490:LeaderElection595] INFO  impl.RaftServerImpl (ServerState.java:setRaftConf(361)) - dcc77c7b-1d37-448d-8d57-43d254561693:group-C7074BE8E490 set configuration 0: [dcc77c7b-1d37-448d-8d57-43d254561693:192.168.157.226:34527], old=null at 0
2019-09-19 14:05:11,673 [dcc77c7b-1d37-448d-8d57-43d254561693-SegmentedRaftLogWorker:Storage Directory /workdir/hadoop-ozone/integration-test/target/test-dir/MiniOzoneClusterImpl-3b2755de-4cfe-4b43-9e0d-73dd8eda8f75/datanode-0/data/ratis/bc979890-6b93-4c34-92f4-973f91c20342] INFO  util.JmxRegister (JmxRegister.java:unregister(73)) - Successfully un-registered JMX Bean with object name Ratis:service=RaftServer,group=group-973F91C20342,id=dcc77c7b-1d37-448d-8d57-43d254561693
2019-09-19 14:05:11,673 [dcc77c7b-1d37-448d-8d57-43d254561693-SegmentedRaftLogWorker:Storage Directory /workdir/hadoop-ozone/integration-test/target/test-dir/MiniOzoneClusterImpl-3b2755de-4cfe-4b43-9e0d-73dd8eda8f75/datanode-0/data/ratis/7a7a7456-0dc3-4ec9-a28b-355ed91025d3] INFO  impl.RaftServerImpl (RaftServerImpl.java:lambda$shutdown$3(245)) - dcc77c7b-1d37-448d-8d57-43d254561693: shutdown group-355ED91025D3
2019-09-19 14:05:14,354 [dcc77c7b-1d37-448d-8d57-43d254561693-SegmentedRaftLogWorker:Storage Directory /workdir/hadoop-ozone/integration-test/target/test-dir/MiniOzoneClusterImpl-3b2755de-4cfe-4b43-9e0d-73dd8eda8f75/datanode-0/data/ratis/7a7a7456-0dc3-4ec9-a28b-355ed91025d3] INFO  util.JmxRegister (JmxRegister.java:unregister(73)) - Successfully un-registered JMX Bean with object name Ratis:service=RaftServer,group=group-355ED91025D3,id=dcc77c7b-1d37-448d-8d57-43d254561693
2019-09-19 14:05:14,354 [dcc77c7b-1d37-448d-8d57-43d254561693-SegmentedRaftLogWorker:Storage Directory /workdir/hadoop-ozone/integration-test/target/test-dir/MiniOzoneClusterImpl-3b2755de-4cfe-4b43-9e0d-73dd8eda8f75/datanode-0/data/ratis/7a7a7456-0dc3-4ec9-a28b-355ed91025d3] INFO  impl.RoleInfo (RoleInfo.java:shutdownLeaderState(104)) - dcc77c7b-1d37-448d-8d57-43d254561693: shutdown LeaderState
2019-09-19 14:05:11,672 [dcc77c7b-1d37-448d-8d57-43d254561693:group-47C7557B9325:LeaderElection679] INFO  impl.RoleInfo (RoleInfo.java:shutdownLeaderElection(134)) - dcc77c7b-1d37-448d-8d57-43d254561693: shutdown LeaderElection
2019-09-19 14:05:14,354 [dcc77c7b-1d37-448d-8d57-43d254561693:group-47C7557B9325:LeaderElection679] INFO  impl.RaftServerImpl (RaftServerImpl.java:setRole(171)) - dcc77c7b-1d37-448d-8d57-43d254561693:group-47C7557B9325 changes role from CANDIDATE to LEADER at term 1 for changeToLeader
2019-09-19 14:05:11,672 [dcc77c7b-1d37-448d-8d57-43d254561693:group-21D390036BC2:LeaderElection680] INFO  impl.RoleInfo (RoleInfo.java:shutdownLeaderElection(134)) - dcc77c7b-1d37-448d-8d57-43d254561693: shutdown LeaderElection
2019-09-19 14:05:14,354 [dcc77c7b-1d37-448d-8d57-43d254561693:group-21D390036BC2:LeaderElection680] INFO  impl.RaftServerImpl (RaftServerImpl.java:setRole(171)) - dcc77c7b-1d37-448d-8d57-43d254561693:group-21D390036BC2 changes role from CANDIDATE to LEADER at term 1 for changeToLeader
2019-09-19 14:05:14,354 [dcc77c7b-1d37-448d-8d57-43d254561693:group-21D390036BC2:LeaderElection680] INFO  impl.RaftServerImpl (ServerState.java:setLeader(263)) - dcc77c7b-1d37-448d-8d57-43d254561693:group-21D390036BC2 change Leader from null to dcc77c7b-1d37-448d-8d57-43d254561693 at term 1 for becomeLeader, leader elected after 19509ms
2019-09-19 14:05:11,672 [dcc77c7b-1d37-448d-8d57-43d254561693:group-46D08AB6022E:LeaderElection572] INFO  segmented.SegmentedRaftLogWorker (SegmentedRaftLogWorker.java:startLogSegment(380)) - dcc77c7b-1d37-448d-8d57-43d254561693-SegmentedRaftLogWorker:Storage Directory /workdir/hadoop-ozone/integration-test/target/test-dir/MiniOzoneClusterImpl-3b2755de-4cfe-4b43-9e0d-73dd8eda8f75/datanode-0/data/ratis/5179105a-429b-418c-871a-46d08ab6022e: Starting segment from index:0
2019-09-19 14:05:11,672 [dcc77c7b-1d37-448d-8d57-43d254561693:group-B0D529AC88AD:LeaderElection580] INFO  segmented.SegmentedRaftLogWorker (SegmentedRaftLogWorker.java:startLogSegment(380)) - dcc77c7b-1d37-448d-8d57-43d254561693-SegmentedRaftLogWorker:Storage Directory /workdir/hadoop-ozone/integration-test/target/test-dir/MiniOzoneClusterImpl-3b2755de-4cfe-4b43-9e0d-73dd8eda8f75/datanode-0/data/ratis/77e33ca6-9136-4002-b503-b0d529ac88ad: Starting segment from index:0
2019-09-19 14:05:14,661 | INFO  | SCMAudit | user=jenkins1000 | ip=192.168.157.226 | op=SEND_HEARTBEAT {datanodeUUID=dcc77c7b-1d37-448d-8d57-43d254561693, command=[]} | ret=SUCCESS |  
2019-09-19 14:05:11,671 [dcc77c7b-1d37-448d-8d57-43d254561693-SegmentedRaftLogWorker:Storage Directory /workdir/hadoop-ozone/integration-test/target/test-dir/MiniOzoneClusterImpl-3b2755de-4cfe-4b43-9e0d-73dd8eda8f75/datanode-0/data/ratis/325a6685-5506-4a90-be06-869d2374c5b7] INFO  impl.RaftServerImpl (RaftServerImpl.java:lambda$shutdown$3(245)) - dcc77c7b-1d37-448d-8d57-43d254561693: shutdown group-869D2374C5B7
2019-09-19 14:05:11,671 [dcc77c7b-1d37-448d-8d57-43d254561693:group-450D00ABA19B:LeaderElection621] INFO  segmented.SegmentedRaftLogWorker (SegmentedRaftLogWorker.java:startLogSegment(380)) - dcc77c7b-1d37-448d-8d57-43d254561693-SegmentedRaftLogWorker:Storage Directory /workdir/hadoop-ozone/integration-test/target/test-dir/MiniOzoneClusterImpl-3b2755de-4cfe-4b43-9e0d-73dd8eda8f75/datanode-0/data/ratis/27ec6a42-f45c-46c2-9989-450d00aba19b: Starting segment from index:0
2019-09-19 14:05:14,905 | INFO  | SCMAudit | user=jenkins1000 | ip=192.168.157.226 | op=SEND_HEARTBEAT {datanodeUUID=dcc77c7b-1d37-448d-8d57-43d254561693, command=[]} | ret=SUCCESS |  
2019-09-19 14:05:11,671 [dcc77c7b-1d37-448d-8d57-43d254561693-SegmentedRaftLogWorker:Storage Directory /workdir/hadoop-ozone/integration-test/target/test-dir/MiniOzoneClusterImpl-3b2755de-4cfe-4b43-9e0d-73dd8eda8f75/datanode-0/data/ratis/2394fb0c-6f10-496e-bf96-bb4e63a8adce] INFO  util.JmxRegister (JmxRegister.java:unregister(73)) - Successfully un-registered JMX Bean with object name Ratis:service=RaftServer,group=group-BB4E63A8ADCE,id=dcc77c7b-1d37-448d-8d57-43d254561693
2019-09-19 14:05:11,671 [Thread-4535] INFO  impl.RoleInfo (RoleInfo.java:updateAndGet(143)) - dcc77c7b-1d37-448d-8d57-43d254561693: start LeaderElection
2019-09-19 14:05:11,374 [dcc77c7b-1d37-448d-8d57-43d254561693:group-F1AB8729C726:LeaderElection619] INFO  impl.RaftServerImpl (ServerState.java:setRaftConf(361)) - dcc77c7b-1d37-448d-8d57-43d254561693:group-F1AB8729C726 set configuration 0: [dcc77c7b-1d37-448d-8d57-43d254561693:192.168.157.226:34527], old=null at 0
2019-09-19 14:05:11,374 [dcc77c7b-1d37-448d-8d57-43d254561693-SegmentedRaftLogWorker:Storage Directory /workdir/hadoop-ozone/integration-test/target/test-dir/MiniOzoneClusterImpl-3b2755de-4cfe-4b43-9e0d-73dd8eda8f75/datanode-0/data/ratis/5f039e0b-2746-4771-9cdf-a8e7f9479fc5] INFO  util.JmxRegister (JmxRegister.java:unregister(73)) - Successfully un-registered JMX Bean with object name Ratis:service=RaftServer,group=group-A8E7F9479FC5,id=dcc77c7b-1d37-448d-8d57-43d254561693
2019-09-19 14:05:11,373 [dcc77c7b-1d37-448d-8d57-43d254561693:group-E165C8F20643:LeaderElection666] INFO  impl.RaftServerImpl (RaftServerImpl.java:setRole(171)) - dcc77c7b-1d37-448d-8d57-43d254561693:group-E165C8F20643 changes role from CANDIDATE to LEADER at term 1 for changeToLeader
2019-09-19 14:05:11,373 [dcc77c7b-1d37-448d-8d57-43d254561693-SegmentedRaftLogWorker:Storage Directory /workdir/hadoop-ozone/integration-test/target/test-dir/MiniOzoneClusterImpl-3b2755de-4cfe-4b43-9e0d-73dd8eda8f75/datanode-0/data/ratis/0da6c939-5164-41ff-81e1-c6c4a2b7d1da] INFO  impl.RaftServerImpl (RaftServerImpl.java:lambda$shutdown$3(245)) - dcc77c7b-1d37-448d-8d57-43d254561693: shutdown group-C6C4A2B7D1DA
2019-09-19 14:05:11,111 [dcc77c7b-1d37-448d-8d57-43d254561693:group-C0BCADC5D7D8:LeaderElection591] INFO  impl.RaftServerImpl (ServerState.java:setRaftConf(361)) - dcc77c7b-1d37-448d-8d57-43d254561693:group-C0BCADC5D7D8 set configuration 0: [dcc77c7b-1d37-448d-8d57-43d254561693:192.168.157.226:34527], old=null at 0
2019-09-19 14:05:15,166 | INFO  | SCMAudit | user=jenkins1000 | ip=192.168.157.226 | op=SEND_HEARTBEAT {datanodeUUID=dcc77c7b-1d37-448d-8d57-43d254561693, command=[]} | ret=SUCCESS |  
2019-09-19 14:05:11,111 [dcc77c7b-1d37-448d-8d57-43d254561693-SegmentedRaftLogWorker:Storage Directory /workdir/hadoop-ozone/integration-test/target/test-dir/MiniOzoneClusterImpl-3b2755de-4cfe-4b43-9e0d-73dd8eda8f75/datanode-0/data/ratis/0670478e-5791-4e08-bea4-df274f267a33] INFO  util.JmxRegister (JmxRegister.java:unregister(73)) - Successfully un-registered JMX Bean with object name Ratis:service=RaftServer,group=group-DF274F267A33,id=dcc77c7b-1d37-448d-8d57-43d254561693
2019-09-19 14:05:15,167 [dcc77c7b-1d37-448d-8d57-43d254561693-SegmentedRaftLogWorker:Storage Directory /workdir/hadoop-ozone/integration-test/target/test-dir/MiniOzoneClusterImpl-3b2755de-4cfe-4b43-9e0d-73dd8eda8f75/datanode-0/data/ratis/0670478e-5791-4e08-bea4-df274f267a33] INFO  impl.RoleInfo (RoleInfo.java:shutdownLeaderState(104)) - dcc77c7b-1d37-448d-8d57-43d254561693: shutdown LeaderState
2019-09-19 14:05:11,110 [dcc77c7b-1d37-448d-8d57-43d254561693:group-77F6979B7494:LeaderElection681] INFO  impl.LeaderElection (LeaderElection.java:askForVotes(181)) - dcc77c7b-1d37-448d-8d57-43d254561693:group-77F6979B7494:LeaderElection681: begin an election at term 1 for -1: [dcc77c7b-1d37-448d-8d57-43d254561693:192.168.157.226:34527], old=null
2019-09-19 14:05:11,110 [dcc77c7b-1d37-448d-8d57-43d254561693:group-0720468DC241:LeaderElection670] INFO  impl.LeaderElection (LeaderElection.java:askForVotes(181)) - dcc77c7b-1d37-448d-8d57-43d254561693:group-0720468DC241:LeaderElection670: begin an election at term 1 for -1: [dcc77c7b-1d37-448d-8d57-43d254561693:192.168.157.226:34527], old=null
2019-09-19 14:05:11,109 [StateMachineUpdater:dcc77c7b-1d37-448d-8d57-43d254561693:group-CE1F78CFD901] INFO  ratis.ContainerStateMachine (ContainerStateMachine.java:takeSnapshot(283)) - group-CE1F78CFD901: Taking a snapshot at:(t:1, i:4) file /workdir/hadoop-ozone/integration-test/target/test-dir/MiniOzoneClusterImpl-3b2755de-4cfe-4b43-9e0d-73dd8eda8f75/datanode-0/data/ratis/66c9ebb2-09ad-406f-bba2-ce1f78cfd901/sm/snapshot.1_4
2019-09-19 14:05:11,104 [dcc77c7b-1d37-448d-8d57-43d254561693-SegmentedRaftLogWorker:Storage Directory /workdir/hadoop-ozone/integration-test/target/test-dir/MiniOzoneClusterImpl-3b2755de-4cfe-4b43-9e0d-73dd8eda8f75/datanode-0/data/ratis/5c09cb34-786b-45ad-934d-df36a57a9136] ERROR segmented.SegmentedRaftLogWorker (SegmentedRaftLogWorker.java:run(323)) - dcc77c7b-1d37-448d-8d57-43d254561693-SegmentedRaftLogWorker:Storage Directory /workdir/hadoop-ozone/integration-test/target/test-dir/MiniOzoneClusterImpl-3b2755de-4cfe-4b43-9e0d-73dd8eda8f75/datanode-0/data/ratis/5c09cb34-786b-45ad-934d-df36a57a9136 hit exception
java.lang.OutOfMemoryError: Direct buffer memory
	at java.nio.Bits.reserveMemory(Bits.java:666)
	at java.nio.DirectByteBuffer.<init>(DirectByteBuffer.java:123)
	at java.nio.ByteBuffer.allocateDirect(ByteBuffer.java:311)
	at org.apache.ratis.server.raftlog.segmented.BufferedWriteChannel.<init>(BufferedWriteChannel.java:41)
	at org.apache.ratis.server.raftlog.segmented.SegmentedRaftLogOutputStream.<init>(SegmentedRaftLogOutputStream.java:72)
	at org.apache.ratis.server.raftlog.segmented.SegmentedRaftLogWorker$StartLogSegment.execute(SegmentedRaftLogWorker.java:566)
	at org.apache.ratis.server.raftlog.segmented.SegmentedRaftLogWorker.run(SegmentedRaftLogWorker.java:289)
	at java.lang.Thread.run(Thread.java:748)
2019-09-19 14:05:15,168 [dcc77c7b-1d37-448d-8d57-43d254561693-SegmentedRaftLogWorker:Storage Directory /workdir/hadoop-ozone/integration-test/target/test-dir/MiniOzoneClusterImpl-3b2755de-4cfe-4b43-9e0d-73dd8eda8f75/datanode-0/data/ratis/5c09cb34-786b-45ad-934d-df36a57a9136] INFO  impl.RaftServerImpl (RaftServerImpl.java:lambda$shutdown$3(245)) - dcc77c7b-1d37-448d-8d57-43d254561693: shutdown group-DF36A57A9136
2019-09-19 14:05:11,104 [dcc77c7b-1d37-448d-8d57-43d254561693-SegmentedRaftLogWorker:Storage Directory /workdir/hadoop-ozone/integration-test/target/test-dir/MiniOzoneClusterImpl-3b2755de-4cfe-4b43-9e0d-73dd8eda8f75/datanode-0/data/ratis/195e7c49-f441-4cbd-a4fc-ef22f8d31499] ERROR segmented.SegmentedRaftLogWorker (SegmentedRaftLogWorker.java:run(323)) - dcc77c7b-1d37-448d-8d57-43d254561693-SegmentedRaftLogWorker:Storage Directory /workdir/hadoop-ozone/integration-test/target/test-dir/MiniOzoneClusterImpl-3b2755de-4cfe-4b43-9e0d-73dd8eda8f75/datanode-0/data/ratis/195e7c49-f441-4cbd-a4fc-ef22f8d31499 hit exception
java.lang.OutOfMemoryError: Direct buffer memory
	at java.nio.Bits.reserveMemory(Bits.java:666)
	at java.nio.DirectByteBuffer.<init>(DirectByteBuffer.java:123)
	at java.nio.ByteBuffer.allocateDirect(ByteBuffer.java:311)
	at org.apache.ratis.server.raftlog.segmented.BufferedWriteChannel.<init>(BufferedWriteChannel.java:41)
	at org.apache.ratis.server.raftlog.segmented.SegmentedRaftLogOutputStream.<init>(SegmentedRaftLogOutputStream.java:72)
	at org.apache.ratis.server.raftlog.segmented.SegmentedRaftLogWorker$StartLogSegment.execute(SegmentedRaftLogWorker.java:566)
	at org.apache.ratis.server.raftlog.segmented.SegmentedRaftLogWorker.run(SegmentedRaftLogWorker.java:289)
	at java.lang.Thread.run(Thread.java:748)
2019-09-19 14:05:15,168 [dcc77c7b-1d37-448d-8d57-43d254561693-SegmentedRaftLogWorker:Storage Directory /workdir/hadoop-ozone/integration-test/target/test-dir/MiniOzoneClusterImpl-3b2755de-4cfe-4b43-9e0d-73dd8eda8f75/datanode-0/data/ratis/195e7c49-f441-4cbd-a4fc-ef22f8d31499] INFO  impl.RaftServerImpl (RaftServerImpl.java:lambda$shutdown$3(245)) - dcc77c7b-1d37-448d-8d57-43d254561693: shutdown group-EF22F8D31499
2019-09-19 14:05:11,104 [dcc77c7b-1d37-448d-8d57-43d254561693-SegmentedRaftLogWorker:Storage Directory /workdir/hadoop-ozone/integration-test/target/test-dir/MiniOzoneClusterImpl-3b2755de-4cfe-4b43-9e0d-73dd8eda8f75/datanode-0/data/ratis/aa779339-dfa9-49d1-86de-56d873a3b067] ERROR segmented.SegmentedRaftLogWorker (SegmentedRaftLogWorker.java:run(323)) - dcc77c7b-1d37-448d-8d57-43d254561693-SegmentedRaftLogWorker:Storage Directory /workdir/hadoop-ozone/integration-test/target/test-dir/MiniOzoneClusterImpl-3b2755de-4cfe-4b43-9e0d-73dd8eda8f75/datanode-0/data/ratis/aa779339-dfa9-49d1-86de-56d873a3b067 hit exception
java.lang.OutOfMemoryError: Direct buffer memory
	at java.nio.Bits.reserveMemory(Bits.java:666)
	at java.nio.DirectByteBuffer.<init>(DirectByteBuffer.java:123)
	at java.nio.ByteBuffer.allocateDirect(ByteBuffer.java:311)
	at org.apache.ratis.server.raftlog.segmented.BufferedWriteChannel.<init>(BufferedWriteChannel.java:41)
	at org.apache.ratis.server.raftlog.segmented.SegmentedRaftLogOutputStream.<init>(SegmentedRaftLogOutputStream.java:72)
	at org.apache.ratis.server.raftlog.segmented.SegmentedRaftLogWorker$StartLogSegment.execute(SegmentedRaftLogWorker.java:566)
	at org.apache.ratis.server.raftlog.segmented.SegmentedRaftLogWorker.run(SegmentedRaftLogWorker.java:289)
	at java.lang.Thread.run(Thread.java:748)
2019-09-19 14:05:15,168 [dcc77c7b-1d37-448d-8d57-43d254561693-SegmentedRaftLogWorker:Storage Directory /workdir/hadoop-ozone/integration-test/target/test-dir/MiniOzoneClusterImpl-3b2755de-4cfe-4b43-9e0d-73dd8eda8f75/datanode-0/data/ratis/aa779339-dfa9-49d1-86de-56d873a3b067] INFO  impl.RaftServerImpl (RaftServerImpl.java:lambda$shutdown$3(245)) - dcc77c7b-1d37-448d-8d57-43d254561693: shutdown group-56D873A3B067
2019-09-19 14:05:11,104 [dcc77c7b-1d37-448d-8d57-43d254561693-SegmentedRaftLogWorker:Storage Directory /workdir/hadoop-ozone/integration-test/target/test-dir/MiniOzoneClusterImpl-3b2755de-4cfe-4b43-9e0d-73dd8eda8f75/datanode-0/data/ratis/809af549-fcb0-4d0c-aadb-c427df1d703e] ERROR segmented.SegmentedRaftLogWorker (SegmentedRaftLogWorker.java:run(323)) - dcc77c7b-1d37-448d-8d57-43d254561693-SegmentedRaftLogWorker:Storage Directory /workdir/hadoop-ozone/integration-test/target/test-dir/MiniOzoneClusterImpl-3b2755de-4cfe-4b43-9e0d-73dd8eda8f75/datanode-0/data/ratis/809af549-fcb0-4d0c-aadb-c427df1d703e hit exception
java.lang.OutOfMemoryError: Direct buffer memory
	at java.nio.Bits.reserveMemory(Bits.java:666)
	at java.nio.DirectByteBuffer.<init>(DirectByteBuffer.java:123)
	at java.nio.ByteBuffer.allocateDirect(ByteBuffer.java:311)
	at org.apache.ratis.server.raftlog.segmented.BufferedWriteChannel.<init>(BufferedWriteChannel.java:41)
	at org.apache.ratis.server.raftlog.segmented.SegmentedRaftLogOutputStream.<init>(SegmentedRaftLogOutputStream.java:72)
	at org.apache.ratis.server.raftlog.segmented.SegmentedRaftLogWorker$StartLogSegment.execute(SegmentedRaftLogWorker.java:566)
	at org.apache.ratis.server.raftlog.segmented.SegmentedRaftLogWorker.run(SegmentedRaftLogWorker.java:289)
	at java.lang.Thread.run(Thread.java:748)
2019-09-19 14:05:15,169 [dcc77c7b-1d37-448d-8d57-43d254561693-SegmentedRaftLogWorker:Storage Directory /workdir/hadoop-ozone/integration-test/target/test-dir/MiniOzoneClusterImpl-3b2755de-4cfe-4b43-9e0d-73dd8eda8f75/datanode-0/data/ratis/809af549-fcb0-4d0c-aadb-c427df1d703e] INFO  impl.RaftServerImpl (RaftServerImpl.java:lambda$shutdown$3(245)) - dcc77c7b-1d37-448d-8d57-43d254561693: shutdown group-C427DF1D703E
2019-09-19 14:05:11,104 [dcc77c7b-1d37-448d-8d57-43d254561693-SegmentedRaftLogWorker:Storage Directory /workdir/hadoop-ozone/integration-test/target/test-dir/MiniOzoneClusterImpl-3b2755de-4cfe-4b43-9e0d-73dd8eda8f75/datanode-0/data/ratis/92654bd5-732e-47db-8962-af209fe8fecb] ERROR segmented.SegmentedRaftLogWorker (SegmentedRaftLogWorker.java:run(323)) - dcc77c7b-1d37-448d-8d57-43d254561693-SegmentedRaftLogWorker:Storage Directory /workdir/hadoop-ozone/integration-test/target/test-dir/MiniOzoneClusterImpl-3b2755de-4cfe-4b43-9e0d-73dd8eda8f75/datanode-0/data/ratis/92654bd5-732e-47db-8962-af209fe8fecb hit exception
java.lang.OutOfMemoryError: Direct buffer memory
	at java.nio.Bits.reserveMemory(Bits.java:666)
	at java.nio.DirectByteBuffer.<init>(DirectByteBuffer.java:123)
	at java.nio.ByteBuffer.allocateDirect(ByteBuffer.java:311)
	at org.apache.ratis.server.raftlog.segmented.BufferedWriteChannel.<init>(BufferedWriteChannel.java:41)
	at org.apache.ratis.server.raftlog.segmented.SegmentedRaftLogOutputStream.<init>(SegmentedRaftLogOutputStream.java:72)
	at org.apache.ratis.server.raftlog.segmented.SegmentedRaftLogWorker$StartLogSegment.execute(SegmentedRaftLogWorker.java:566)
	at org.apache.ratis.server.raftlog.segmented.SegmentedRaftLogWorker.run(SegmentedRaftLogWorker.java:289)
	at java.lang.Thread.run(Thread.java:748)
2019-09-19 14:05:15,169 [dcc77c7b-1d37-448d-8d57-43d254561693-SegmentedRaftLogWorker:Storage Directory /workdir/hadoop-ozone/integration-test/target/test-dir/MiniOzoneClusterImpl-3b2755de-4cfe-4b43-9e0d-73dd8eda8f75/datanode-0/data/ratis/92654bd5-732e-47db-8962-af209fe8fecb] INFO  impl.RaftServerImpl (RaftServerImpl.java:lambda$shutdown$3(245)) - dcc77c7b-1d37-448d-8d57-43d254561693: shutdown group-AF209FE8FECB
2019-09-19 14:05:11,104 [dcc77c7b-1d37-448d-8d57-43d254561693-SegmentedRaftLogWorker:Storage Directory /workdir/hadoop-ozone/integration-test/target/test-dir/MiniOzoneClusterImpl-3b2755de-4cfe-4b43-9e0d-73dd8eda8f75/datanode-0/data/ratis/8cd24193-87e3-4023-8697-e501e5c2f87a] ERROR segmented.SegmentedRaftLogWorker (SegmentedRaftLogWorker.java:run(323)) - dcc77c7b-1d37-448d-8d57-43d254561693-SegmentedRaftLogWorker:Storage Directory /workdir/hadoop-ozone/integration-test/target/test-dir/MiniOzoneClusterImpl-3b2755de-4cfe-4b43-9e0d-73dd8eda8f75/datanode-0/data/ratis/8cd24193-87e3-4023-8697-e501e5c2f87a hit exception
java.lang.OutOfMemoryError: Direct buffer memory
	at java.nio.Bits.reserveMemory(Bits.java:666)
	at java.nio.DirectByteBuffer.<init>(DirectByteBuffer.java:123)
	at java.nio.ByteBuffer.allocateDirect(ByteBuffer.java:311)
	at org.apache.ratis.server.raftlog.segmented.BufferedWriteChannel.<init>(BufferedWriteChannel.java:41)
	at org.apache.ratis.server.raftlog.segmented.SegmentedRaftLogOutputStream.<init>(SegmentedRaftLogOutputStream.java:72)
	at org.apache.ratis.server.raftlog.segmented.SegmentedRaftLogWorker$StartLogSegment.execute(SegmentedRaftLogWorker.java:566)
	at org.apache.ratis.server.raftlog.segmented.SegmentedRaftLogWorker.run(SegmentedRaftLogWorker.java:289)
	at java.lang.Thread.run(Thread.java:748)
2019-09-19 14:05:15,170 [dcc77c7b-1d37-448d-8d57-43d254561693-SegmentedRaftLogWorker:Storage Directory /workdir/hadoop-ozone/integration-test/target/test-dir/MiniOzoneClusterImpl-3b2755de-4cfe-4b43-9e0d-73dd8eda8f75/datanode-0/data/ratis/8cd24193-87e3-4023-8697-e501e5c2f87a] INFO  impl.RaftServerImpl (RaftServerImpl.java:lambda$shutdown$3(245)) - dcc77c7b-1d37-448d-8d57-43d254561693: shutdown group-E501E5C2F87A
2019-09-19 14:05:10,799 [dcc77c7b-1d37-448d-8d57-43d254561693-SegmentedRaftLogWorker:Storage Directory /workdir/hadoop-ozone/integration-test/target/test-dir/MiniOzoneClusterImpl-3b2755de-4cfe-4b43-9e0d-73dd8eda8f75/datanode-0/data/ratis/ca6a6194-c73d-4588-92e9-827c827a8dad] INFO  util.JmxRegister (JmxRegister.java:unregister(73)) - Successfully un-registered JMX Bean with object name Ratis:service=RaftServer,group=group-827C827A8DAD,id=dcc77c7b-1d37-448d-8d57-43d254561693
2019-09-19 14:05:15,170 [dcc77c7b-1d37-448d-8d57-43d254561693-SegmentedRaftLogWorker:Storage Directory /workdir/hadoop-ozone/integration-test/target/test-dir/MiniOzoneClusterImpl-3b2755de-4cfe-4b43-9e0d-73dd8eda8f75/datanode-0/data/ratis/ca6a6194-c73d-4588-92e9-827c827a8dad] INFO  impl.RoleInfo (RoleInfo.java:shutdownLeaderState(104)) - dcc77c7b-1d37-448d-8d57-43d254561693: shutdown LeaderState
2019-09-19 14:05:10,799 [dcc77c7b-1d37-448d-8d57-43d254561693:group-2522B1FB8D22:LeaderElection579] INFO  impl.RaftServerImpl (ServerState.java:setRaftConf(361)) - dcc77c7b-1d37-448d-8d57-43d254561693:group-2522B1FB8D22 set configuration 0: [dcc77c7b-1d37-448d-8d57-43d254561693:192.168.157.226:34527], old=null at 0
2019-09-19 14:05:10,799 [dcc77c7b-1d37-448d-8d57-43d254561693-SegmentedRaftLogWorker:Storage Directory /workdir/hadoop-ozone/integration-test/target/test-dir/MiniOzoneClusterImpl-3b2755de-4cfe-4b43-9e0d-73dd8eda8f75/datanode-0/data/ratis/8690c3ee-d9cf-4d86-bb05-ed4fe5da218f] INFO  impl.RaftServerImpl (ServerState.java:close(394)) - dcc77c7b-1d37-448d-8d57-43d254561693:group-ED4FE5DA218F closes. The last applied log index is -1
2019-09-19 14:05:10,799 [dcc77c7b-1d37-448d-8d57-43d254561693:group-09863E5FAFF9:LeaderElection682] INFO  impl.LeaderElection (LeaderElection.java:askForVotes(181)) - dcc77c7b-1d37-448d-8d57-43d254561693:group-09863E5FAFF9:LeaderElection682: begin an election at term 1 for -1: [dcc77c7b-1d37-448d-8d57-43d254561693:192.168.157.226:34527], old=null
2019-09-19 14:05:15,171 [dcc77c7b-1d37-448d-8d57-43d254561693:group-09863E5FAFF9:LeaderElection682] INFO  impl.RoleInfo (RoleInfo.java:shutdownLeaderElection(134)) - dcc77c7b-1d37-448d-8d57-43d254561693: shutdown LeaderElection
2019-09-19 14:05:10,233 [dcc77c7b-1d37-448d-8d57-43d254561693-SegmentedRaftLogWorker:Storage Directory /workdir/hadoop-ozone/integration-test/target/test-dir/MiniOzoneClusterImpl-3b2755de-4cfe-4b43-9e0d-73dd8eda8f75/datanode-0/data/ratis/c91ad977-9dd9-4a24-8c5f-9646dab2f47f] INFO  impl.RoleInfo (RoleInfo.java:shutdownLeaderState(104)) - dcc77c7b-1d37-448d-8d57-43d254561693: shutdown LeaderState
2019-09-19 14:05:10,233 [dcc77c7b-1d37-448d-8d57-43d254561693:group-B809E960E354:LeaderElection644] INFO  server.RaftServerConfigKeys (ConfUtils.java:logGet(43)) - raft.server.rpc.sleep.time = 25ms (default)
2019-09-19 14:05:10,233 [dcc77c7b-1d37-448d-8d57-43d254561693:group-3D808B4B51C3:LeaderElection593] INFO  impl.RaftServerImpl (ServerState.java:setRaftConf(361)) - dcc77c7b-1d37-448d-8d57-43d254561693:group-3D808B4B51C3 set configuration 0: [dcc77c7b-1d37-448d-8d57-43d254561693:192.168.157.226:34527], old=null at 0
2019-09-19 14:05:10,232 [dcc77c7b-1d37-448d-8d57-43d254561693-SegmentedRaftLogWorker:Storage Directory /workdir/hadoop-ozone/integration-test/target/test-dir/MiniOzoneClusterImpl-3b2755de-4cfe-4b43-9e0d-73dd8eda8f75/datanode-0/data/ratis/86bb2644-c807-4586-80a5-e31af374e74c] ERROR segmented.SegmentedRaftLogWorker (SegmentedRaftLogWorker.java:run(323)) - dcc77c7b-1d37-448d-8d57-43d254561693-SegmentedRaftLogWorker:Storage Directory /workdir/hadoop-ozone/integration-test/target/test-dir/MiniOzoneClusterImpl-3b2755de-4cfe-4b43-9e0d-73dd8eda8f75/datanode-0/data/ratis/86bb2644-c807-4586-80a5-e31af374e74c hit exception
java.lang.OutOfMemoryError: Direct buffer memory
	at java.nio.Bits.reserveMemory(Bits.java:666)
	at java.nio.DirectByteBuffer.<init>(DirectByteBuffer.java:123)
	at java.nio.ByteBuffer.allocateDirect(ByteBuffer.java:311)
	at org.apache.ratis.server.raftlog.segmented.BufferedWriteChannel.<init>(BufferedWriteChannel.java:41)
	at org.apache.ratis.server.raftlog.segmented.SegmentedRaftLogOutputStream.<init>(SegmentedRaftLogOutputStream.java:72)
	at org.apache.ratis.server.raftlog.segmented.SegmentedRaftLogWorker$StartLogSegment.execute(SegmentedRaftLogWorker.java:566)
	at org.apache.ratis.server.raftlog.segmented.SegmentedRaftLogWorker.run(SegmentedRaftLogWorker.java:289)
	at java.lang.Thread.run(Thread.java:748)
2019-09-19 14:05:15,172 [dcc77c7b-1d37-448d-8d57-43d254561693-SegmentedRaftLogWorker:Storage Directory /workdir/hadoop-ozone/integration-test/target/test-dir/MiniOzoneClusterImpl-3b2755de-4cfe-4b43-9e0d-73dd8eda8f75/datanode-0/data/ratis/86bb2644-c807-4586-80a5-e31af374e74c] INFO  impl.RaftServerImpl (RaftServerImpl.java:lambda$shutdown$3(245)) - dcc77c7b-1d37-448d-8d57-43d254561693: shutdown group-E31AF374E74C
2019-09-19 14:05:09,927 [dcc77c7b-1d37-448d-8d57-43d254561693:group-3FFAC3177C15:LeaderElection674] INFO  impl.LeaderElection (LeaderElection.java:askForVotes(181)) - dcc77c7b-1d37-448d-8d57-43d254561693:group-3FFAC3177C15:LeaderElection674: begin an election at term 1 for -1: [dcc77c7b-1d37-448d-8d57-43d254561693:192.168.157.226:34527], old=null
2019-09-19 14:05:09,927 [dcc77c7b-1d37-448d-8d57-43d254561693:group-A89996D31591:LeaderElection683] INFO  impl.LeaderElection (LeaderElection.java:askForVotes(181)) - dcc77c7b-1d37-448d-8d57-43d254561693:group-A89996D31591:LeaderElection683: begin an election at term 1 for -1: [dcc77c7b-1d37-448d-8d57-43d254561693:192.168.157.226:34527], old=null
2019-09-19 14:05:09,927 [dcc77c7b-1d37-448d-8d57-43d254561693:group-F3BCA7C22EE0:LeaderElection677] INFO  impl.LeaderElection (LeaderElection.java:askForVotes(181)) - dcc77c7b-1d37-448d-8d57-43d254561693:group-F3BCA7C22EE0:LeaderElection677: begin an election at term 1 for -1: [dcc77c7b-1d37-448d-8d57-43d254561693:192.168.157.226:34527], old=null
2019-09-19 14:05:09,927 [dcc77c7b-1d37-448d-8d57-43d254561693:group-A8B0DCFAD616:LeaderElection671] INFO  impl.LeaderElection (LeaderElection.java:askForVotes(181)) - dcc77c7b-1d37-448d-8d57-43d254561693:group-A8B0DCFAD616:LeaderElection671: begin an election at term 1 for -1: [dcc77c7b-1d37-448d-8d57-43d254561693:192.168.157.226:34527], old=null
2019-09-19 14:05:15,172 [dcc77c7b-1d37-448d-8d57-43d254561693:group-A8B0DCFAD616:LeaderElection671] INFO  impl.RoleInfo (RoleInfo.java:shutdownLeaderElection(134)) - dcc77c7b-1d37-448d-8d57-43d254561693: shutdown LeaderElection
2019-09-19 14:05:09,927 [dcc77c7b-1d37-448d-8d57-43d254561693:group-CCAC13F47FF4:LeaderElection673] INFO  impl.LeaderElection (LeaderElection.java:askForVotes(181)) - dcc77c7b-1d37-448d-8d57-43d254561693:group-CCAC13F47FF4:LeaderElection673: begin an election at term 1 for -1: [dcc77c7b-1d37-448d-8d57-43d254561693:192.168.157.226:34527], old=null
2019-09-19 14:05:15,172 [dcc77c7b-1d37-448d-8d57-43d254561693:group-CCAC13F47FF4:LeaderElection673] INFO  impl.RoleInfo (RoleInfo.java:shutdownLeaderElection(134)) - dcc77c7b-1d37-448d-8d57-43d254561693: shutdown LeaderElection
2019-09-19 14:05:09,927 [dcc77c7b-1d37-448d-8d57-43d254561693:group-DFB7682575CC:LeaderElection672] INFO  impl.LeaderElection (LeaderElection.java:askForVotes(181)) - dcc77c7b-1d37-448d-8d57-43d254561693:group-DFB7682575CC:LeaderElection672: begin an election at term 1 for -1: [dcc77c7b-1d37-448d-8d57-43d254561693:192.168.157.226:34527], old=null
2019-09-19 14:05:15,173 [dcc77c7b-1d37-448d-8d57-43d254561693:group-DFB7682575CC:LeaderElection672] INFO  impl.RoleInfo (RoleInfo.java:shutdownLeaderElection(134)) - dcc77c7b-1d37-448d-8d57-43d254561693: shutdown LeaderElection
2019-09-19 14:05:09,925 [org.apache.hadoop.util.JvmPauseMonitor$Monitor@aec50a1] INFO  util.JvmPauseMonitor (JvmPauseMonitor.java:run(205)) - Detected pause in JVM or host machine (eg GC): pause of approximately 1092ms
GC pool 'PS MarkSweep' had collection(s): count=6 time=1535ms
GC pool 'PS Scavenge' had collection(s): count=6 time=37ms
2019-09-19 14:05:09,925 [org.apache.hadoop.util.JvmPauseMonitor$Monitor@5d8e39e1] INFO  util.JvmPauseMonitor (JvmPauseMonitor.java:run(205)) - Detected pause in JVM or host machine (eg GC): pause of approximately 1092ms
GC pool 'PS MarkSweep' had collection(s): count=6 time=1535ms
GC pool 'PS Scavenge' had collection(s): count=6 time=37ms
2019-09-19 14:05:09,925 [dcc77c7b-1d37-448d-8d57-43d254561693-SegmentedRaftLogWorker:Storage Directory /workdir/hadoop-ozone/integration-test/target/test-dir/MiniOzoneClusterImpl-3b2755de-4cfe-4b43-9e0d-73dd8eda8f75/datanode-0/data/ratis/6949dbb8-3021-4130-9733-6ba61b232cb7] ERROR segmented.SegmentedRaftLogWorker (SegmentedRaftLogWorker.java:run(323)) - dcc77c7b-1d37-448d-8d57-43d254561693-SegmentedRaftLogWorker:Storage Directory /workdir/hadoop-ozone/integration-test/target/test-dir/MiniOzoneClusterImpl-3b2755de-4cfe-4b43-9e0d-73dd8eda8f75/datanode-0/data/ratis/6949dbb8-3021-4130-9733-6ba61b232cb7 hit exception
java.lang.OutOfMemoryError: Direct buffer memory
	at java.nio.Bits.reserveMemory(Bits.java:666)
	at java.nio.DirectByteBuffer.<init>(DirectByteBuffer.java:123)
	at java.nio.ByteBuffer.allocateDirect(ByteBuffer.java:311)
	at org.apache.ratis.server.raftlog.segmented.BufferedWriteChannel.<init>(BufferedWriteChannel.java:41)
	at org.apache.ratis.server.raftlog.segmented.SegmentedRaftLogOutputStream.<init>(SegmentedRaftLogOutputStream.java:72)
	at org.apache.ratis.server.raftlog.segmented.SegmentedRaftLogWorker$StartLogSegment.execute(SegmentedRaftLogWorker.java:566)
	at org.apache.ratis.server.raftlog.segmented.SegmentedRaftLogWorker.run(SegmentedRaftLogWorker.java:289)
	at java.lang.Thread.run(Thread.java:748)
2019-09-19 14:05:15,173 [dcc77c7b-1d37-448d-8d57-43d254561693-SegmentedRaftLogWorker:Storage Directory /workdir/hadoop-ozone/integration-test/target/test-dir/MiniOzoneClusterImpl-3b2755de-4cfe-4b43-9e0d-73dd8eda8f75/datanode-0/data/ratis/6949dbb8-3021-4130-9733-6ba61b232cb7] INFO  impl.RaftServerImpl (RaftServerImpl.java:lambda$shutdown$3(245)) - dcc77c7b-1d37-448d-8d57-43d254561693: shutdown group-6BA61B232CB7
2019-09-19 14:05:09,402 [dcc77c7b-1d37-448d-8d57-43d254561693:group-6097693610F3:LeaderElection626] INFO  segmented.SegmentedRaftLogWorker (SegmentedRaftLogWorker.java:startLogSegment(380)) - dcc77c7b-1d37-448d-8d57-43d254561693-SegmentedRaftLogWorker:Storage Directory /workdir/hadoop-ozone/integration-test/target/test-dir/MiniOzoneClusterImpl-3b2755de-4cfe-4b43-9e0d-73dd8eda8f75/datanode-0/data/ratis/ec304384-7b14-4c7f-8d01-6097693610f3: Starting segment from index:0
2019-09-19 14:05:08,027 [dcc77c7b-1d37-448d-8d57-43d254561693:group-8705EAB60863:LeaderElection602] INFO  impl.RaftServerImpl (ServerState.java:setRaftConf(361)) - dcc77c7b-1d37-448d-8d57-43d254561693:group-8705EAB60863 set configuration 0: [dcc77c7b-1d37-448d-8d57-43d254561693:192.168.157.226:34527], old=null at 0
2019-09-19 14:05:08,027 [dcc77c7b-1d37-448d-8d57-43d254561693:group-C91F44D9A055:LeaderElection662] INFO  server.RaftServerConfigKeys (ConfUtils.java:logGet(43)) - raft.server.staging.catchup.gap = 1000 (default)
2019-09-19 14:05:15,447 | INFO  | SCMAudit | user=jenkins1000 | ip=192.168.157.226 | op=SEND_HEARTBEAT {datanodeUUID=dcc77c7b-1d37-448d-8d57-43d254561693, command=[]} | ret=SUCCESS |  
2019-09-19 14:05:08,027 [dcc77c7b-1d37-448d-8d57-43d254561693:group-FB8A0F6129D1:LeaderElection664] INFO  server.RaftServerConfigKeys (ConfUtils.java:logGet(43)) - raft.server.staging.catchup.gap = 1000 (default)
2019-09-19 14:05:08,026 [dcc77c7b-1d37-448d-8d57-43d254561693:group-48A901C7CAAB:LeaderElection654] INFO  server.RaftServerConfigKeys (ConfUtils.java:logGet(43)) - raft.server.staging.catchup.gap = 1000 (default)
2019-09-19 14:05:08,026 [dcc77c7b-1d37-448d-8d57-43d254561693-SegmentedRaftLogWorker:Storage Directory /workdir/hadoop-ozone/integration-test/target/test-dir/MiniOzoneClusterImpl-3b2755de-4cfe-4b43-9e0d-73dd8eda8f75/datanode-0/data/ratis/df5c79f5-0ba0-4048-9654-3cb5f09d983c] INFO  impl.PendingRequests (PendingRequests.java:sendNotLeaderResponses(202)) - dcc77c7b-1d37-448d-8d57-43d254561693-PendingRequests: sendNotLeaderResponses
2019-09-19 14:05:08,026 [dcc77c7b-1d37-448d-8d57-43d254561693:group-CAD015ACF5B5:LeaderElection653] INFO  server.RaftServerConfigKeys (ConfUtils.java:logGet(43)) - raft.server.staging.catchup.gap = 1000 (default)
2019-09-19 14:05:08,026 [dcc77c7b-1d37-448d-8d57-43d254561693:group-BCC62B444D9D:LeaderElection583] INFO  impl.RaftServerImpl (ServerState.java:setRaftConf(361)) - dcc77c7b-1d37-448d-8d57-43d254561693:group-BCC62B444D9D set configuration 0: [dcc77c7b-1d37-448d-8d57-43d254561693:192.168.157.226:34527], old=null at 0
2019-09-19 14:05:08,026 [dcc77c7b-1d37-448d-8d57-43d254561693:group-D04ACBF66747:LeaderElection576] INFO  segmented.SegmentedRaftLogWorker (SegmentedRaftLogWorker.java:startLogSegment(380)) - dcc77c7b-1d37-448d-8d57-43d254561693-SegmentedRaftLogWorker:Storage Directory /workdir/hadoop-ozone/integration-test/target/test-dir/MiniOzoneClusterImpl-3b2755de-4cfe-4b43-9e0d-73dd8eda8f75/datanode-0/data/ratis/180b95ab-2348-4fbe-9c3c-d04acbf66747: Starting segment from index:0
2019-09-19 14:05:08,025 [dcc77c7b-1d37-448d-8d57-43d254561693-SegmentedRaftLogWorker:Storage Directory /workdir/hadoop-ozone/integration-test/target/test-dir/MiniOzoneClusterImpl-3b2755de-4cfe-4b43-9e0d-73dd8eda8f75/datanode-0/data/ratis/e3285b87-f293-4fa3-becb-7430c03ae933] INFO  util.JmxRegister (JmxRegister.java:unregister(73)) - Successfully un-registered JMX Bean with object name Ratis:service=RaftServer,group=group-7430C03AE933,id=dcc77c7b-1d37-448d-8d57-43d254561693
2019-09-19 14:05:08,025 [dcc77c7b-1d37-448d-8d57-43d254561693:group-FB7C57D9607D:LeaderElection678] INFO  impl.RaftServerImpl (RaftServerImpl.java:setRole(171)) - dcc77c7b-1d37-448d-8d57-43d254561693:group-FB7C57D9607D changes role from CANDIDATE to LEADER at term 1 for changeToLeader
2019-09-19 14:05:08,025 [dcc77c7b-1d37-448d-8d57-43d254561693:group-8F62CC6B93F9:LeaderElection594] INFO  impl.RaftServerImpl (ServerState.java:setRaftConf(361)) - dcc77c7b-1d37-448d-8d57-43d254561693:group-8F62CC6B93F9 set configuration 0: [dcc77c7b-1d37-448d-8d57-43d254561693:192.168.157.226:34527], old=null at 0
2019-09-19 14:05:15,768 | INFO  | SCMAudit | user=jenkins1000 | ip=192.168.157.226 | op=SEND_HEARTBEAT {datanodeUUID=dcc77c7b-1d37-448d-8d57-43d254561693, command=[]} | ret=SUCCESS |  
2019-09-19 14:05:08,025 [dcc77c7b-1d37-448d-8d57-43d254561693:group-AEFE1D75DE75:LeaderElection585] INFO  impl.RaftServerImpl (ServerState.java:setRaftConf(361)) - dcc77c7b-1d37-448d-8d57-43d254561693:group-AEFE1D75DE75 set configuration 0: [dcc77c7b-1d37-448d-8d57-43d254561693:192.168.157.226:34527], old=null at 0
2019-09-19 14:05:08,024 [dcc77c7b-1d37-448d-8d57-43d254561693:group-8DBED52DD969:LeaderElection584] INFO  impl.RaftServerImpl (ServerState.java:setRaftConf(361)) - dcc77c7b-1d37-448d-8d57-43d254561693:group-8DBED52DD969 set configuration 0: [dcc77c7b-1d37-448d-8d57-43d254561693:192.168.157.226:34527], old=null at 0
2019-09-19 14:05:08,024 [Thread-4367] INFO  impl.RoleInfo (RoleInfo.java:updateAndGet(143)) - dcc77c7b-1d37-448d-8d57-43d254561693: start LeaderElection
2019-09-19 14:05:08,024 [Thread-4382] INFO  impl.RaftServerImpl (RaftServerImpl.java:setRole(171)) - dcc77c7b-1d37-448d-8d57-43d254561693:group-A448A7A95FAE changes role from FOLLOWER to CANDIDATE at term 0 for changeToCandidate
2019-09-19 14:05:08,024 [Thread-4373] INFO  impl.RoleInfo (RoleInfo.java:updateAndGet(143)) - dcc77c7b-1d37-448d-8d57-43d254561693: start LeaderElection
2019-09-19 14:05:08,024 [Thread-4388] INFO  impl.RoleInfo (RoleInfo.java:updateAndGet(143)) - dcc77c7b-1d37-448d-8d57-43d254561693: start LeaderElection
2019-09-19 14:05:08,023 [dcc77c7b-1d37-448d-8d57-43d254561693-SegmentedRaftLogWorker:Storage Directory /workdir/hadoop-ozone/integration-test/target/test-dir/MiniOzoneClusterImpl-3b2755de-4cfe-4b43-9e0d-73dd8eda8f75/datanode-0/data/ratis/a4c4f324-5e2f-4c4d-9469-0c7ed090d72e] INFO  util.JmxRegister (JmxRegister.java:unregister(73)) - Successfully un-registered JMX Bean with object name Ratis:service=RaftServer,group=group-0C7ED090D72E,id=dcc77c7b-1d37-448d-8d57-43d254561693
2019-09-19 14:05:08,023 [dcc77c7b-1d37-448d-8d57-43d254561693:group-F426BA34EE2B:LeaderElection586] INFO  impl.RaftServerImpl (ServerState.java:setRaftConf(361)) - dcc77c7b-1d37-448d-8d57-43d254561693:group-F426BA34EE2B set configuration 0: [dcc77c7b-1d37-448d-8d57-43d254561693:192.168.157.226:34527], old=null at 0
2019-09-19 14:05:08,023 [Thread-4385] INFO  impl.RoleInfo (RoleInfo.java:updateAndGet(143)) - dcc77c7b-1d37-448d-8d57-43d254561693: start LeaderElection
2019-09-19 14:05:08,023 [dcc77c7b-1d37-448d-8d57-43d254561693:group-6EDC13E5AA9D:LeaderElection609] INFO  segmented.SegmentedRaftLogWorker (SegmentedRaftLogWorker.java:startLogSegment(380)) - dcc77c7b-1d37-448d-8d57-43d254561693-SegmentedRaftLogWorker:Storage Directory /workdir/hadoop-ozone/integration-test/target/test-dir/MiniOzoneClusterImpl-3b2755de-4cfe-4b43-9e0d-73dd8eda8f75/datanode-0/data/ratis/b0645890-24a1-457a-85dc-6edc13e5aa9d: Starting segment from index:0
2019-09-19 14:05:08,023 [dcc77c7b-1d37-448d-8d57-43d254561693:group-06488AB7C697:LeaderElection675] INFO  impl.RaftServerImpl (ServerState.java:setLeader(263)) - dcc77c7b-1d37-448d-8d57-43d254561693:group-06488AB7C697 change Leader from null to dcc77c7b-1d37-448d-8d57-43d254561693 at term 1 for becomeLeader, leader elected after 12407ms
2019-09-19 14:05:08,023 [dcc77c7b-1d37-448d-8d57-43d254561693:group-16D5C64EF590:LeaderElection676] INFO  impl.RaftServerImpl (RaftServerImpl.java:setRole(171)) - dcc77c7b-1d37-448d-8d57-43d254561693:group-16D5C64EF590 changes role from CANDIDATE to LEADER at term 1 for changeToLeader
2019-09-19 14:05:16,046 | INFO  | SCMAudit | user=jenkins1000 | ip=192.168.157.226 | op=SEND_HEARTBEAT {datanodeUUID=dcc77c7b-1d37-448d-8d57-43d254561693, command=[]} | ret=SUCCESS |  
2019-09-19 14:05:08,022 [dcc77c7b-1d37-448d-8d57-43d254561693:group-9D703827DFCE:LeaderElection668] INFO  server.RaftServerConfigKeys (ConfUtils.java:logGet(43)) - raft.server.staging.catchup.gap = 1000 (default)
2019-09-19 14:05:08,022 [dcc77c7b-1d37-448d-8d57-43d254561693:group-A51E53567AEE:LeaderElection669] INFO  server.RaftServerConfigKeys (ConfUtils.java:logGet(43)) - raft.server.staging.catchup.gap = 1000 (default)
2019-09-19 14:05:08,022 [dcc77c7b-1d37-448d-8d57-43d254561693-SegmentedRaftLogWorker:Storage Directory /workdir/hadoop-ozone/integration-test/target/test-dir/MiniOzoneClusterImpl-3b2755de-4cfe-4b43-9e0d-73dd8eda8f75/datanode-0/data/ratis/d940fc8f-6058-456e-94c6-cc8cae5134c7] INFO  impl.RoleInfo (RoleInfo.java:shutdownLeaderState(104)) - dcc77c7b-1d37-448d-8d57-43d254561693: shutdown LeaderState
2019-09-19 14:05:08,022 [dcc77c7b-1d37-448d-8d57-43d254561693-SegmentedRaftLogWorker:Storage Directory /workdir/hadoop-ozone/integration-test/target/test-dir/MiniOzoneClusterImpl-3b2755de-4cfe-4b43-9e0d-73dd8eda8f75/datanode-0/data/ratis/1c9ba3da-70bd-414b-8c0b-1639c94c8647] INFO  impl.PendingRequests (PendingRequests.java:sendNotLeaderResponses(202)) - dcc77c7b-1d37-448d-8d57-43d254561693-PendingRequests: sendNotLeaderResponses
2019-09-19 14:05:08,022 [dcc77c7b-1d37-448d-8d57-43d254561693:group-9054243D6A0E:LeaderElection599] INFO  impl.RaftServerImpl (ServerState.java:setRaftConf(361)) - dcc77c7b-1d37-448d-8d57-43d254561693:group-9054243D6A0E set configuration 0: [dcc77c7b-1d37-448d-8d57-43d254561693:192.168.157.226:34527], old=null at 0
2019-09-19 14:05:08,021 [dcc77c7b-1d37-448d-8d57-43d254561693-SegmentedRaftLogWorker:Storage Directory /workdir/hadoop-ozone/integration-test/target/test-dir/MiniOzoneClusterImpl-3b2755de-4cfe-4b43-9e0d-73dd8eda8f75/datanode-0/data/ratis/cf1a1524-ab21-4332-a4e8-e53cd96b3e19] INFO  impl.RoleInfo (RoleInfo.java:shutdownLeaderState(104)) - dcc77c7b-1d37-448d-8d57-43d254561693: shutdown LeaderState
2019-09-19 14:05:16,047 [dcc77c7b-1d37-448d-8d57-43d254561693-SegmentedRaftLogWorker:Storage Directory /workdir/hadoop-ozone/integration-test/target/test-dir/MiniOzoneClusterImpl-3b2755de-4cfe-4b43-9e0d-73dd8eda8f75/datanode-0/data/ratis/cf1a1524-ab21-4332-a4e8-e53cd96b3e19] INFO  impl.PendingRequests (PendingRequests.java:sendNotLeaderResponses(202)) - dcc77c7b-1d37-448d-8d57-43d254561693-PendingRequests: sendNotLeaderResponses
2019-09-19 14:05:08,021 [dcc77c7b-1d37-448d-8d57-43d254561693:group-1CA508E03965:LeaderElection622] INFO  segmented.SegmentedRaftLogWorker (SegmentedRaftLogWorker.java:startLogSegment(380)) - dcc77c7b-1d37-448d-8d57-43d254561693-SegmentedRaftLogWorker:Storage Directory /workdir/hadoop-ozone/integration-test/target/test-dir/MiniOzoneClusterImpl-3b2755de-4cfe-4b43-9e0d-73dd8eda8f75/datanode-0/data/ratis/396dd680-1929-484e-8da9-1ca508e03965: Starting segment from index:0
2019-09-19 14:05:08,021 [dcc77c7b-1d37-448d-8d57-43d254561693:group-D8C1D5FCCD5D:LeaderElection611] INFO  impl.RoleInfo (RoleInfo.java:updateAndGet(143)) - dcc77c7b-1d37-448d-8d57-43d254561693: start LeaderState
2019-09-19 14:05:08,021 [dcc77c7b-1d37-448d-8d57-43d254561693:group-CDD98A98F0BC:LeaderElection633] INFO  server.RaftServerConfigKeys (ConfUtils.java:logGet(43)) - raft.server.watch.timeout.denomination = 1s (default)
2019-09-19 14:05:08,021 [dcc77c7b-1d37-448d-8d57-43d254561693:group-A786CE105C3D:LeaderElection631] INFO  server.RaftServerConfigKeys (ConfUtils.java:logGet(43)) - raft.server.watch.timeout.denomination = 1s (default)
2019-09-19 14:05:08,020 [dcc77c7b-1d37-448d-8d57-43d254561693:group-8D9545D9289E:LeaderElection632] INFO  server.RaftServerConfigKeys (ConfUtils.java:logGet(43)) - raft.server.watch.element-limit = 65536 (default)
2019-09-19 14:05:16,346 | INFO  | SCMAudit | user=jenkins1000 | ip=192.168.157.226 | op=SEND_HEARTBEAT {datanodeUUID=dcc77c7b-1d37-448d-8d57-43d254561693, command=[]} | ret=SUCCESS |  
2019-09-19 14:05:08,020 [dcc77c7b-1d37-448d-8d57-43d254561693-SegmentedRaftLogWorker:Storage Directory /workdir/hadoop-ozone/integration-test/target/test-dir/MiniOzoneClusterImpl-3b2755de-4cfe-4b43-9e0d-73dd8eda8f75/datanode-0/data/ratis/dbf1b950-f008-4424-a7f2-a456a21cc0df] INFO  impl.StateMachineUpdater (StateMachineUpdater.java:stopAndJoin(115)) - StateMachineUpdater:dcc77c7b-1d37-448d-8d57-43d254561693:group-A456A21CC0DF: set stopIndex = -1
2019-09-19 14:05:16,346 [dcc77c7b-1d37-448d-8d57-43d254561693-SegmentedRaftLogWorker:Storage Directory /workdir/hadoop-ozone/integration-test/target/test-dir/MiniOzoneClusterImpl-3b2755de-4cfe-4b43-9e0d-73dd8eda8f75/datanode-0/data/ratis/dbf1b950-f008-4424-a7f2-a456a21cc0df] INFO  impl.RaftServerImpl (ServerState.java:close(394)) - dcc77c7b-1d37-448d-8d57-43d254561693:group-A456A21CC0DF closes. The last applied log index is -1
2019-09-19 14:05:08,020 [dcc77c7b-1d37-448d-8d57-43d254561693-SegmentedRaftLogWorker:Storage Directory /workdir/hadoop-ozone/integration-test/target/test-dir/MiniOzoneClusterImpl-3b2755de-4cfe-4b43-9e0d-73dd8eda8f75/datanode-0/data/ratis/9d7df28a-497c-4916-83d4-1c369c9291f7] INFO  impl.PendingRequests (PendingRequests.java:sendNotLeaderResponses(202)) - dcc77c7b-1d37-448d-8d57-43d254561693-PendingRequests: sendNotLeaderResponses
2019-09-19 14:05:08,020 [dcc77c7b-1d37-448d-8d57-43d254561693:group-A31FF801AF6F:LeaderElection634] INFO  impl.RoleInfo (RoleInfo.java:updateAndGet(143)) - dcc77c7b-1d37-448d-8d57-43d254561693: start LeaderState
2019-09-19 14:05:08,020 [dcc77c7b-1d37-448d-8d57-43d254561693-SegmentedRaftLogWorker:Storage Directory /workdir/hadoop-ozone/integration-test/target/test-dir/MiniOzoneClusterImpl-3b2755de-4cfe-4b43-9e0d-73dd8eda8f75/datanode-0/data/ratis/fc8f426b-2bac-4802-a182-07e00fea8c55] INFO  impl.RaftServerImpl (ServerState.java:close(394)) - dcc77c7b-1d37-448d-8d57-43d254561693:group-07E00FEA8C55 closes. The last applied log index is -1
2019-09-19 14:05:08,019 [dcc77c7b-1d37-448d-8d57-43d254561693:group-0FBA50506B5E:LeaderElection667] INFO  server.RaftServerConfigKeys (ConfUtils.java:logGet(43)) - raft.server.staging.catchup.gap = 1000 (default)
2019-09-19 14:05:08,019 [dcc77c7b-1d37-448d-8d57-43d254561693:group-B5CC723FD166:LeaderElection648] INFO  impl.RaftServerImpl (RaftServerImpl.java:setRole(171)) - dcc77c7b-1d37-448d-8d57-43d254561693:group-B5CC723FD166 changes role from CANDIDATE to LEADER at term 1 for changeToLeader
2019-09-19 14:05:08,019 [dcc77c7b-1d37-448d-8d57-43d254561693:group-B95710768541:LeaderElection647] INFO  server.RaftServerConfigKeys (ConfUtils.java:logGet(43)) - raft.server.staging.catchup.gap = 1000 (default)
2019-09-19 14:05:16,348 [dcc77c7b-1d37-448d-8d57-43d254561693:group-B95710768541:LeaderElection647] INFO  server.RaftServerConfigKeys (ConfUtils.java:logGet(43)) - raft.server.rpc.sleep.time = 25ms (default)
2019-09-19 14:05:08,019 [dcc77c7b-1d37-448d-8d57-43d254561693:group-7687262C50C0:LeaderElection650] INFO  impl.RaftServerImpl (ServerState.java:setLeader(263)) - dcc77c7b-1d37-448d-8d57-43d254561693:group-7687262C50C0 change Leader from null to dcc77c7b-1d37-448d-8d57-43d254561693 at term 1 for becomeLeader, leader elected after 13994ms
2019-09-19 14:05:08,019 [dcc77c7b-1d37-448d-8d57-43d254561693:group-9200CAEB600D:LeaderElection649] INFO  server.RaftServerConfigKeys (ConfUtils.java:logGet(43)) - raft.server.write.element-limit = 4096 (default)
2019-09-19 14:05:16,348 [dcc77c7b-1d37-448d-8d57-43d254561693:group-9200CAEB600D:LeaderElection649] INFO  server.RaftServerConfigKeys (ConfUtils.java:logGet(43)) - raft.server.watch.timeout = 10s (default)
2019-09-19 14:05:08,018 [dcc77c7b-1d37-448d-8d57-43d254561693:group-98785DA6C0F7:LeaderElection646] INFO  impl.RaftServerImpl (ServerState.java:setLeader(263)) - dcc77c7b-1d37-448d-8d57-43d254561693:group-98785DA6C0F7 change Leader from null to dcc77c7b-1d37-448d-8d57-43d254561693 at term 1 for becomeLeader, leader elected after 13847ms
2019-09-19 14:05:16,348 [dcc77c7b-1d37-448d-8d57-43d254561693:group-98785DA6C0F7:LeaderElection646] INFO  server.RaftServerConfigKeys (ConfUtils.java:logGet(43)) - raft.server.staging.catchup.gap = 1000 (default)
2019-09-19 14:05:16,349 [dcc77c7b-1d37-448d-8d57-43d254561693:group-98785DA6C0F7:LeaderElection646] INFO  server.RaftServerConfigKeys (ConfUtils.java:logGet(43)) - raft.server.rpc.sleep.time = 25ms (default)
2019-09-19 14:05:08,018 [dcc77c7b-1d37-448d-8d57-43d254561693:group-3C856EABEE0A:LeaderElection651] INFO  server.RaftServerConfigKeys (ConfUtils.java:logGet(43)) - raft.server.staging.catchup.gap = 1000 (default)
2019-09-19 14:05:08,018 [dcc77c7b-1d37-448d-8d57-43d254561693:group-38CC3D23514A:LeaderElection652] INFO  server.RaftServerConfigKeys (ConfUtils.java:logGet(43)) - raft.server.staging.catchup.gap = 1000 (default)
2019-09-19 14:05:08,018 [dcc77c7b-1d37-448d-8d57-43d254561693:group-1AB3A26E676C:LeaderElection645] INFO  impl.RaftServerImpl (RaftServerImpl.java:setRole(171)) - dcc77c7b-1d37-448d-8d57-43d254561693:group-1AB3A26E676C changes role from CANDIDATE to LEADER at term 1 for changeToLeader
2019-09-19 14:05:16,349 [dcc77c7b-1d37-448d-8d57-43d254561693:group-1AB3A26E676C:LeaderElection645] INFO  impl.RaftServerImpl (ServerState.java:setLeader(263)) - dcc77c7b-1d37-448d-8d57-43d254561693:group-1AB3A26E676C change Leader from null to dcc77c7b-1d37-448d-8d57-43d254561693 at term 1 for becomeLeader, leader elected after 22079ms
2019-09-19 14:05:08,018 [dcc77c7b-1d37-448d-8d57-43d254561693-SegmentedRaftLogWorker:Storage Directory /workdir/hadoop-ozone/integration-test/target/test-dir/MiniOzoneClusterImpl-3b2755de-4cfe-4b43-9e0d-73dd8eda8f75/datanode-0/data/ratis/577b7aa0-f3a6-4144-bbc3-fc8ac56a4cfe] INFO  impl.PendingRequests (PendingRequests.java:sendNotLeaderResponses(202)) - dcc77c7b-1d37-448d-8d57-43d254561693-PendingRequests: sendNotLeaderResponses
2019-09-19 14:05:08,017 [dcc77c7b-1d37-448d-8d57-43d254561693:group-E62FEC0D47BC:LeaderElection643] INFO  server.RaftServerConfigKeys (ConfUtils.java:logGet(43)) - raft.server.write.element-limit = 4096 (default)
2019-09-19 14:05:16,350 [dcc77c7b-1d37-448d-8d57-43d254561693:group-E62FEC0D47BC:LeaderElection643] INFO  server.RaftServerConfigKeys (ConfUtils.java:logGet(43)) - raft.server.watch.timeout = 10s (default)
2019-09-19 14:05:08,017 [dcc77c7b-1d37-448d-8d57-43d254561693:group-3B4ECEA16FCB:LeaderElection641] INFO  server.RaftServerConfigKeys (ConfUtils.java:logGet(43)) - raft.server.write.element-limit = 4096 (default)
2019-09-19 14:05:16,350 [dcc77c7b-1d37-448d-8d57-43d254561693:group-3B4ECEA16FCB:LeaderElection641] INFO  server.RaftServerConfigKeys (ConfUtils.java:logGet(43)) - raft.server.watch.timeout = 10s (default)
2019-09-19 14:05:08,017 [dcc77c7b-1d37-448d-8d57-43d254561693:group-314C4D324251:LeaderElection639] INFO  server.RaftServerConfigKeys (ConfUtils.java:logGet(43)) - raft.server.rpc.sleep.time = 25ms (default)
2019-09-19 14:05:16,351 [dcc77c7b-1d37-448d-8d57-43d254561693:group-314C4D324251:LeaderElection639] INFO  server.RaftServerConfigKeys (ConfUtils.java:logGet(43)) - raft.server.write.element-limit = 4096 (default)
2019-09-19 14:05:08,017 [dcc77c7b-1d37-448d-8d57-43d254561693:group-2AF851618A31:LeaderElection642] INFO  server.RaftServerConfigKeys (ConfUtils.java:logGet(43)) - raft.server.rpc.sleep.time = 25ms (default)
2019-09-19 14:05:08,017 [dcc77c7b-1d37-448d-8d57-43d254561693:group-04BD0E6020D4:LeaderElection640] INFO  server.RaftServerConfigKeys (ConfUtils.java:logGet(43)) - raft.server.staging.catchup.gap = 1000 (default)
2019-09-19 14:05:08,016 [dcc77c7b-1d37-448d-8d57-43d254561693:group-A7785E8E6A28:LeaderElection638] INFO  server.RaftServerConfigKeys (ConfUtils.java:logGet(43)) - raft.server.watch.timeout.denomination = 1s (default)
2019-09-19 14:05:08,016 [dcc77c7b-1d37-448d-8d57-43d254561693-SegmentedRaftLogWorker:Storage Directory /workdir/hadoop-ozone/integration-test/target/test-dir/MiniOzoneClusterImpl-3b2755de-4cfe-4b43-9e0d-73dd8eda8f75/datanode-0/data/ratis/ee3934f9-9712-4852-9baf-a8fd2d474859] INFO  impl.RaftServerImpl (ServerState.java:close(394)) - dcc77c7b-1d37-448d-8d57-43d254561693:group-A8FD2D474859 closes. The last applied log index is -1
2019-09-19 14:05:08,016 [dcc77c7b-1d37-448d-8d57-43d254561693:group-EC9A652F867E:LeaderElection568] INFO  server.RaftServerConfigKeys (ConfUtils.java:logGet(43)) - raft.server.watch.timeout.denomination = 1s (default)
2019-09-19 14:05:16,352 [dcc77c7b-1d37-448d-8d57-43d254561693-SegmentedRaftLogWorker:Storage Directory /workdir/hadoop-ozone/integration-test/target/test-dir/MiniOzoneClusterImpl-3b2755de-4cfe-4b43-9e0d-73dd8eda8f75/datanode-0/data/ratis/ee3934f9-9712-4852-9baf-a8fd2d474859] INFO  segmented.SegmentedRaftLogWorker (SegmentedRaftLogWorker.java:close(228)) - dcc77c7b-1d37-448d-8d57-43d254561693-SegmentedRaftLogWorker:Storage Directory /workdir/hadoop-ozone/integration-test/target/test-dir/MiniOzoneClusterImpl-3b2755de-4cfe-4b43-9e0d-73dd8eda8f75/datanode-0/data/ratis/ee3934f9-9712-4852-9baf-a8fd2d474859 close()
2019-09-19 14:05:16,351 [dcc77c7b-1d37-448d-8d57-43d254561693:group-A7785E8E6A28:LeaderElection638] INFO  server.RaftServerConfigKeys (ConfUtils.java:logGet(43)) - raft.server.watch.element-limit = 65536 (default)
2019-09-19 14:05:16,351 [dcc77c7b-1d37-448d-8d57-43d254561693:group-04BD0E6020D4:LeaderElection640] INFO  server.RaftServerConfigKeys (ConfUtils.java:logGet(43)) - raft.server.rpc.sleep.time = 25ms (default)
2019-09-19 14:05:16,352 [dcc77c7b-1d37-448d-8d57-43d254561693:group-04BD0E6020D4:LeaderElection640] INFO  server.RaftServerConfigKeys (ConfUtils.java:logGet(43)) - raft.server.write.element-limit = 4096 (default)
2019-09-19 14:05:16,351 [dcc77c7b-1d37-448d-8d57-43d254561693:group-2AF851618A31:LeaderElection642] INFO  server.RaftServerConfigKeys (ConfUtils.java:logGet(43)) - raft.server.write.element-limit = 4096 (default)
2019-09-19 14:05:16,353 [dcc77c7b-1d37-448d-8d57-43d254561693:group-2AF851618A31:LeaderElection642] INFO  server.RaftServerConfigKeys (ConfUtils.java:logGet(43)) - raft.server.watch.timeout = 10s (default)
2019-09-19 14:05:16,351 [dcc77c7b-1d37-448d-8d57-43d254561693:group-314C4D324251:LeaderElection639] INFO  server.RaftServerConfigKeys (ConfUtils.java:logGet(43)) - raft.server.watch.timeout = 10s (default)
2019-09-19 14:05:16,353 [dcc77c7b-1d37-448d-8d57-43d254561693:group-314C4D324251:LeaderElection639] INFO  server.RaftServerConfigKeys (ConfUtils.java:logGet(43)) - raft.server.watch.timeout.denomination = 1s (default)
2019-09-19 14:05:16,350 [dcc77c7b-1d37-448d-8d57-43d254561693:group-3B4ECEA16FCB:LeaderElection641] INFO  server.RaftServerConfigKeys (ConfUtils.java:logGet(43)) - raft.server.watch.timeout.denomination = 1s (default)
2019-09-19 14:05:16,353 [dcc77c7b-1d37-448d-8d57-43d254561693:group-3B4ECEA16FCB:LeaderElection641] INFO  server.RaftServerConfigKeys (ConfUtils.java:logGet(43)) - raft.server.watch.element-limit = 65536 (default)
2019-09-19 14:05:16,350 [dcc77c7b-1d37-448d-8d57-43d254561693:group-E62FEC0D47BC:LeaderElection643] INFO  server.RaftServerConfigKeys (ConfUtils.java:logGet(43)) - raft.server.watch.timeout.denomination = 1s (default)
2019-09-19 14:05:16,353 [dcc77c7b-1d37-448d-8d57-43d254561693:group-E62FEC0D47BC:LeaderElection643] INFO  server.RaftServerConfigKeys (ConfUtils.java:logGet(43)) - raft.server.watch.element-limit = 65536 (default)
2019-09-19 14:05:16,350 [dcc77c7b-1d37-448d-8d57-43d254561693-SegmentedRaftLogWorker:Storage Directory /workdir/hadoop-ozone/integration-test/target/test-dir/MiniOzoneClusterImpl-3b2755de-4cfe-4b43-9e0d-73dd8eda8f75/datanode-0/data/ratis/577b7aa0-f3a6-4144-bbc3-fc8ac56a4cfe] INFO  impl.StateMachineUpdater (StateMachineUpdater.java:stopAndJoin(115)) - StateMachineUpdater:dcc77c7b-1d37-448d-8d57-43d254561693:group-FC8AC56A4CFE: set stopIndex = -1
2019-09-19 14:05:16,354 [dcc77c7b-1d37-448d-8d57-43d254561693-SegmentedRaftLogWorker:Storage Directory /workdir/hadoop-ozone/integration-test/target/test-dir/MiniOzoneClusterImpl-3b2755de-4cfe-4b43-9e0d-73dd8eda8f75/datanode-0/data/ratis/577b7aa0-f3a6-4144-bbc3-fc8ac56a4cfe] INFO  impl.RaftServerImpl (ServerState.java:close(394)) - dcc77c7b-1d37-448d-8d57-43d254561693:group-FC8AC56A4CFE closes. The last applied log index is -1
2019-09-19 14:05:16,349 [dcc77c7b-1d37-448d-8d57-43d254561693:group-1AB3A26E676C:LeaderElection645] INFO  server.RaftServerConfigKeys (ConfUtils.java:logGet(43)) - raft.server.staging.catchup.gap = 1000 (default)
2019-09-19 14:05:16,349 [dcc77c7b-1d37-448d-8d57-43d254561693:group-38CC3D23514A:LeaderElection652] INFO  server.RaftServerConfigKeys (ConfUtils.java:logGet(43)) - raft.server.rpc.sleep.time = 25ms (default)
2019-09-19 14:05:16,354 [dcc77c7b-1d37-448d-8d57-43d254561693:group-38CC3D23514A:LeaderElection652] INFO  server.RaftServerConfigKeys (ConfUtils.java:logGet(43)) - raft.server.write.element-limit = 4096 (default)
2019-09-19 14:05:16,349 [dcc77c7b-1d37-448d-8d57-43d254561693:group-3C856EABEE0A:LeaderElection651] INFO  server.RaftServerConfigKeys (ConfUtils.java:logGet(43)) - raft.server.rpc.sleep.time = 25ms (default)
2019-09-19 14:05:16,349 [dcc77c7b-1d37-448d-8d57-43d254561693:group-98785DA6C0F7:LeaderElection646] INFO  server.RaftServerConfigKeys (ConfUtils.java:logGet(43)) - raft.server.write.element-limit = 4096 (default)
2019-09-19 14:05:16,355 [dcc77c7b-1d37-448d-8d57-43d254561693:group-98785DA6C0F7:LeaderElection646] INFO  server.RaftServerConfigKeys (ConfUtils.java:logGet(43)) - raft.server.watch.timeout = 10s (default)
2019-09-19 14:05:16,348 [dcc77c7b-1d37-448d-8d57-43d254561693:group-9200CAEB600D:LeaderElection649] INFO  server.RaftServerConfigKeys (ConfUtils.java:logGet(43)) - raft.server.watch.timeout.denomination = 1s (default)
2019-09-19 14:05:16,355 [dcc77c7b-1d37-448d-8d57-43d254561693:group-9200CAEB600D:LeaderElection649] INFO  server.RaftServerConfigKeys (ConfUtils.java:logGet(43)) - raft.server.watch.element-limit = 65536 (default)
2019-09-19 14:05:16,348 [dcc77c7b-1d37-448d-8d57-43d254561693:group-7687262C50C0:LeaderElection650] INFO  server.RaftServerConfigKeys (ConfUtils.java:logGet(43)) - raft.server.staging.catchup.gap = 1000 (default)
2019-09-19 14:05:16,348 [dcc77c7b-1d37-448d-8d57-43d254561693:group-B95710768541:LeaderElection647] INFO  server.RaftServerConfigKeys (ConfUtils.java:logGet(43)) - raft.server.write.element-limit = 4096 (default)
2019-09-19 14:05:16,347 [dcc77c7b-1d37-448d-8d57-43d254561693:group-B5CC723FD166:LeaderElection648] INFO  impl.RaftServerImpl (ServerState.java:setLeader(263)) - dcc77c7b-1d37-448d-8d57-43d254561693:group-B5CC723FD166 change Leader from null to dcc77c7b-1d37-448d-8d57-43d254561693 at term 1 for becomeLeader, leader elected after 22364ms
2019-09-19 14:05:16,347 [dcc77c7b-1d37-448d-8d57-43d254561693:group-0FBA50506B5E:LeaderElection667] INFO  server.RaftServerConfigKeys (ConfUtils.java:logGet(43)) - raft.server.rpc.sleep.time = 25ms (default)
2019-09-19 14:05:16,347 [dcc77c7b-1d37-448d-8d57-43d254561693-SegmentedRaftLogWorker:Storage Directory /workdir/hadoop-ozone/integration-test/target/test-dir/MiniOzoneClusterImpl-3b2755de-4cfe-4b43-9e0d-73dd8eda8f75/datanode-0/data/ratis/fc8f426b-2bac-4802-a182-07e00fea8c55] INFO  segmented.SegmentedRaftLogWorker (SegmentedRaftLogWorker.java:close(228)) - dcc77c7b-1d37-448d-8d57-43d254561693-SegmentedRaftLogWorker:Storage Directory /workdir/hadoop-ozone/integration-test/target/test-dir/MiniOzoneClusterImpl-3b2755de-4cfe-4b43-9e0d-73dd8eda8f75/datanode-0/data/ratis/fc8f426b-2bac-4802-a182-07e00fea8c55 close()
2019-09-19 14:05:16,347 [dcc77c7b-1d37-448d-8d57-43d254561693:group-A31FF801AF6F:LeaderElection634] INFO  segmented.SegmentedRaftLogWorker (SegmentedRaftLogWorker.java:startLogSegment(380)) - dcc77c7b-1d37-448d-8d57-43d254561693-SegmentedRaftLogWorker:Storage Directory /workdir/hadoop-ozone/integration-test/target/test-dir/MiniOzoneClusterImpl-3b2755de-4cfe-4b43-9e0d-73dd8eda8f75/datanode-0/data/ratis/b161966a-6fb0-4db4-a7db-a31ff801af6f: Starting segment from index:0
2019-09-19 14:05:16,347 [dcc77c7b-1d37-448d-8d57-43d254561693-SegmentedRaftLogWorker:Storage Directory /workdir/hadoop-ozone/integration-test/target/test-dir/MiniOzoneClusterImpl-3b2755de-4cfe-4b43-9e0d-73dd8eda8f75/datanode-0/data/ratis/9d7df28a-497c-4916-83d4-1c369c9291f7] INFO  impl.StateMachineUpdater (StateMachineUpdater.java:stopAndJoin(115)) - StateMachineUpdater:dcc77c7b-1d37-448d-8d57-43d254561693:group-1C369C9291F7: set stopIndex = -1
2019-09-19 14:05:16,356 [dcc77c7b-1d37-448d-8d57-43d254561693-SegmentedRaftLogWorker:Storage Directory /workdir/hadoop-ozone/integration-test/target/test-dir/MiniOzoneClusterImpl-3b2755de-4cfe-4b43-9e0d-73dd8eda8f75/datanode-0/data/ratis/9d7df28a-497c-4916-83d4-1c369c9291f7] INFO  impl.RaftServerImpl (ServerState.java:close(394)) - dcc77c7b-1d37-448d-8d57-43d254561693:group-1C369C9291F7 closes. The last applied log index is -1
2019-09-19 14:05:16,347 [dcc77c7b-1d37-448d-8d57-43d254561693-SegmentedRaftLogWorker:Storage Directory /workdir/hadoop-ozone/integration-test/target/test-dir/MiniOzoneClusterImpl-3b2755de-4cfe-4b43-9e0d-73dd8eda8f75/datanode-0/data/ratis/dbf1b950-f008-4424-a7f2-a456a21cc0df] INFO  segmented.SegmentedRaftLogWorker (SegmentedRaftLogWorker.java:close(228)) - dcc77c7b-1d37-448d-8d57-43d254561693-SegmentedRaftLogWorker:Storage Directory /workdir/hadoop-ozone/integration-test/target/test-dir/MiniOzoneClusterImpl-3b2755de-4cfe-4b43-9e0d-73dd8eda8f75/datanode-0/data/ratis/dbf1b950-f008-4424-a7f2-a456a21cc0df close()
2019-09-19 14:05:16,346 [dcc77c7b-1d37-448d-8d57-43d254561693:group-8D9545D9289E:LeaderElection632] INFO  impl.RoleInfo (RoleInfo.java:updateAndGet(143)) - dcc77c7b-1d37-448d-8d57-43d254561693: start LeaderState
2019-09-19 14:05:16,653 | INFO  | SCMAudit | user=jenkins1000 | ip=192.168.157.226 | op=SEND_HEARTBEAT {datanodeUUID=dcc77c7b-1d37-448d-8d57-43d254561693, command=[]} | ret=SUCCESS |  
2019-09-19 14:05:16,346 [dcc77c7b-1d37-448d-8d57-43d254561693:group-A786CE105C3D:LeaderElection631] INFO  server.RaftServerConfigKeys (ConfUtils.java:logGet(43)) - raft.server.watch.element-limit = 65536 (default)
2019-09-19 14:05:16,346 [dcc77c7b-1d37-448d-8d57-43d254561693:group-A28310F2B329:LeaderElection685] INFO  impl.LeaderElection (LeaderElection.java:askForVotes(181)) - dcc77c7b-1d37-448d-8d57-43d254561693:group-A28310F2B329:LeaderElection685: begin an election at term 1 for -1: [dcc77c7b-1d37-448d-8d57-43d254561693:192.168.157.226:34527], old=null
2019-09-19 14:05:16,346 [dcc77c7b-1d37-448d-8d57-43d254561693:group-86AAD3D49F70:LeaderElection684] INFO  impl.LeaderElection (LeaderElection.java:askForVotes(181)) - dcc77c7b-1d37-448d-8d57-43d254561693:group-86AAD3D49F70:LeaderElection684: begin an election at term 1 for -1: [dcc77c7b-1d37-448d-8d57-43d254561693:192.168.157.226:34527], old=null
2019-09-19 14:05:16,653 [dcc77c7b-1d37-448d-8d57-43d254561693:group-86AAD3D49F70:LeaderElection684] INFO  impl.RoleInfo (RoleInfo.java:shutdownLeaderElection(134)) - dcc77c7b-1d37-448d-8d57-43d254561693: shutdown LeaderElection
2019-09-19 14:05:16,048 [dcc77c7b-1d37-448d-8d57-43d254561693:group-D8C1D5FCCD5D:LeaderElection611] INFO  segmented.SegmentedRaftLogWorker (SegmentedRaftLogWorker.java:startLogSegment(380)) - dcc77c7b-1d37-448d-8d57-43d254561693-SegmentedRaftLogWorker:Storage Directory /workdir/hadoop-ozone/integration-test/target/test-dir/MiniOzoneClusterImpl-3b2755de-4cfe-4b43-9e0d-73dd8eda8f75/datanode-0/data/ratis/adc73485-a1d0-4303-a62c-d8c1d5fccd5d: Starting segment from index:0
2019-09-19 14:05:16,345 [dcc77c7b-1d37-448d-8d57-43d254561693-SegmentedRaftLogWorker:Storage Directory /workdir/hadoop-ozone/integration-test/target/test-dir/MiniOzoneClusterImpl-3b2755de-4cfe-4b43-9e0d-73dd8eda8f75/datanode-0/data/ratis/5c28bcfe-7916-4692-a8a1-7d1efe063bf2] ERROR segmented.SegmentedRaftLogWorker (SegmentedRaftLogWorker.java:run(323)) - dcc77c7b-1d37-448d-8d57-43d254561693-SegmentedRaftLogWorker:Storage Directory /workdir/hadoop-ozone/integration-test/target/test-dir/MiniOzoneClusterImpl-3b2755de-4cfe-4b43-9e0d-73dd8eda8f75/datanode-0/data/ratis/5c28bcfe-7916-4692-a8a1-7d1efe063bf2 hit exception
java.lang.OutOfMemoryError: Direct buffer memory
	at java.nio.Bits.reserveMemory(Bits.java:666)
	at java.nio.DirectByteBuffer.<init>(DirectByteBuffer.java:123)
	at java.nio.ByteBuffer.allocateDirect(ByteBuffer.java:311)
	at org.apache.ratis.server.raftlog.segmented.BufferedWriteChannel.<init>(BufferedWriteChannel.java:41)
	at org.apache.ratis.server.raftlog.segmented.SegmentedRaftLogOutputStream.<init>(SegmentedRaftLogOutputStream.java:72)
	at org.apache.ratis.server.raftlog.segmented.SegmentedRaftLogWorker$StartLogSegment.execute(SegmentedRaftLogWorker.java:566)
	at org.apache.ratis.server.raftlog.segmented.SegmentedRaftLogWorker.run(SegmentedRaftLogWorker.java:289)
	at java.lang.Thread.run(Thread.java:748)
2019-09-19 14:05:16,928 | INFO  | SCMAudit | user=jenkins1000 | ip=192.168.157.226 | op=SEND_HEARTBEAT {datanodeUUID=dcc77c7b-1d37-448d-8d57-43d254561693, command=[]} | ret=SUCCESS |  
2019-09-19 14:05:16,654 [dcc77c7b-1d37-448d-8d57-43d254561693-SegmentedRaftLogWorker:Storage Directory /workdir/hadoop-ozone/integration-test/target/test-dir/MiniOzoneClusterImpl-3b2755de-4cfe-4b43-9e0d-73dd8eda8f75/datanode-0/data/ratis/5c28bcfe-7916-4692-a8a1-7d1efe063bf2] INFO  impl.RaftServerImpl (RaftServerImpl.java:lambda$shutdown$3(245)) - dcc77c7b-1d37-448d-8d57-43d254561693: shutdown group-7D1EFE063BF2
2019-09-19 14:05:16,048 [dcc77c7b-1d37-448d-8d57-43d254561693:group-CDD98A98F0BC:LeaderElection633] INFO  server.RaftServerConfigKeys (ConfUtils.java:logGet(43)) - raft.server.watch.element-limit = 65536 (default)
2019-09-19 14:05:16,048 [dcc77c7b-1d37-448d-8d57-43d254561693:group-1CA508E03965:LeaderElection622] INFO  impl.RaftServerImpl (ServerState.java:setRaftConf(361)) - dcc77c7b-1d37-448d-8d57-43d254561693:group-1CA508E03965 set configuration 0: [dcc77c7b-1d37-448d-8d57-43d254561693:192.168.157.226:34527], old=null at 0
2019-09-19 14:05:16,047 [dcc77c7b-1d37-448d-8d57-43d254561693-SegmentedRaftLogWorker:Storage Directory /workdir/hadoop-ozone/integration-test/target/test-dir/MiniOzoneClusterImpl-3b2755de-4cfe-4b43-9e0d-73dd8eda8f75/datanode-0/data/ratis/cf1a1524-ab21-4332-a4e8-e53cd96b3e19] INFO  impl.StateMachineUpdater (StateMachineUpdater.java:stopAndJoin(115)) - StateMachineUpdater:dcc77c7b-1d37-448d-8d57-43d254561693:group-E53CD96B3E19: set stopIndex = -1
2019-09-19 14:05:16,047 [dcc77c7b-1d37-448d-8d57-43d254561693-SegmentedRaftLogWorker:Storage Directory /workdir/hadoop-ozone/integration-test/target/test-dir/MiniOzoneClusterImpl-3b2755de-4cfe-4b43-9e0d-73dd8eda8f75/datanode-0/data/ratis/1c9ba3da-70bd-414b-8c0b-1639c94c8647] INFO  impl.StateMachineUpdater (StateMachineUpdater.java:stopAndJoin(115)) - StateMachineUpdater:dcc77c7b-1d37-448d-8d57-43d254561693:group-1639C94C8647: set stopIndex = -1
2019-09-19 14:05:16,931 [dcc77c7b-1d37-448d-8d57-43d254561693-SegmentedRaftLogWorker:Storage Directory /workdir/hadoop-ozone/integration-test/target/test-dir/MiniOzoneClusterImpl-3b2755de-4cfe-4b43-9e0d-73dd8eda8f75/datanode-0/data/ratis/1c9ba3da-70bd-414b-8c0b-1639c94c8647] INFO  impl.RaftServerImpl (ServerState.java:close(394)) - dcc77c7b-1d37-448d-8d57-43d254561693:group-1639C94C8647 closes. The last applied log index is -1
2019-09-19 14:05:16,046 [dcc77c7b-1d37-448d-8d57-43d254561693-SegmentedRaftLogWorker:Storage Directory /workdir/hadoop-ozone/integration-test/target/test-dir/MiniOzoneClusterImpl-3b2755de-4cfe-4b43-9e0d-73dd8eda8f75/datanode-0/data/ratis/d940fc8f-6058-456e-94c6-cc8cae5134c7] INFO  impl.PendingRequests (PendingRequests.java:sendNotLeaderResponses(202)) - dcc77c7b-1d37-448d-8d57-43d254561693-PendingRequests: sendNotLeaderResponses
2019-09-19 14:05:16,046 [dcc77c7b-1d37-448d-8d57-43d254561693:group-A51E53567AEE:LeaderElection669] INFO  server.RaftServerConfigKeys (ConfUtils.java:logGet(43)) - raft.server.rpc.sleep.time = 25ms (default)
2019-09-19 14:05:16,046 [dcc77c7b-1d37-448d-8d57-43d254561693:group-9D703827DFCE:LeaderElection668] INFO  server.RaftServerConfigKeys (ConfUtils.java:logGet(43)) - raft.server.rpc.sleep.time = 25ms (default)
2019-09-19 14:05:16,046 [dcc77c7b-1d37-448d-8d57-43d254561693:group-16D5C64EF590:LeaderElection676] INFO  impl.RaftServerImpl (ServerState.java:setLeader(263)) - dcc77c7b-1d37-448d-8d57-43d254561693:group-16D5C64EF590 change Leader from null to dcc77c7b-1d37-448d-8d57-43d254561693 at term 1 for becomeLeader, leader elected after 25915ms
2019-09-19 14:05:16,046 [dcc77c7b-1d37-448d-8d57-43d254561693:group-621FF724F9C4:LeaderElection686] INFO  impl.LeaderElection (LeaderElection.java:askForVotes(181)) - dcc77c7b-1d37-448d-8d57-43d254561693:group-621FF724F9C4:LeaderElection686: begin an election at term 1 for -1: [dcc77c7b-1d37-448d-8d57-43d254561693:192.168.157.226:34527], old=null
2019-09-19 14:05:16,932 [dcc77c7b-1d37-448d-8d57-43d254561693:group-621FF724F9C4:LeaderElection686] INFO  impl.RoleInfo (RoleInfo.java:shutdownLeaderElection(134)) - dcc77c7b-1d37-448d-8d57-43d254561693: shutdown LeaderElection
2019-09-19 14:05:16,046 [dcc77c7b-1d37-448d-8d57-43d254561693:group-EFC4C2912C84:LeaderElection687] INFO  impl.LeaderElection (LeaderElection.java:askForVotes(181)) - dcc77c7b-1d37-448d-8d57-43d254561693:group-EFC4C2912C84:LeaderElection687: begin an election at term 1 for -1: [dcc77c7b-1d37-448d-8d57-43d254561693:192.168.157.226:34527], old=null
2019-09-19 14:05:16,046 [dcc77c7b-1d37-448d-8d57-43d254561693:group-06488AB7C697:LeaderElection675] INFO  server.RaftServerConfigKeys (ConfUtils.java:logGet(43)) - raft.server.staging.catchup.gap = 1000 (default)
2019-09-19 14:05:16,932 [dcc77c7b-1d37-448d-8d57-43d254561693:group-06488AB7C697:LeaderElection675] INFO  server.RaftServerConfigKeys (ConfUtils.java:logGet(43)) - raft.server.rpc.sleep.time = 25ms (default)
2019-09-19 14:05:15,770 [dcc77c7b-1d37-448d-8d57-43d254561693:group-6EDC13E5AA9D:LeaderElection609] INFO  impl.RaftServerImpl (ServerState.java:setRaftConf(361)) - dcc77c7b-1d37-448d-8d57-43d254561693:group-6EDC13E5AA9D set configuration 0: [dcc77c7b-1d37-448d-8d57-43d254561693:192.168.157.226:34527], old=null at 0
2019-09-19 14:05:16,044 [dcc77c7b-1d37-448d-8d57-43d254561693-SegmentedRaftLogWorker:Storage Directory /workdir/hadoop-ozone/integration-test/target/test-dir/MiniOzoneClusterImpl-3b2755de-4cfe-4b43-9e0d-73dd8eda8f75/datanode-0/data/ratis/6259c4c5-9885-476f-b8b3-7b8cebff5854] ERROR segmented.SegmentedRaftLogWorker (SegmentedRaftLogWorker.java:run(323)) - dcc77c7b-1d37-448d-8d57-43d254561693-SegmentedRaftLogWorker:Storage Directory /workdir/hadoop-ozone/integration-test/target/test-dir/MiniOzoneClusterImpl-3b2755de-4cfe-4b43-9e0d-73dd8eda8f75/datanode-0/data/ratis/6259c4c5-9885-476f-b8b3-7b8cebff5854 hit exception
java.lang.OutOfMemoryError: Direct buffer memory
	at java.nio.Bits.reserveMemory(Bits.java:666)
	at java.nio.DirectByteBuffer.<init>(DirectByteBuffer.java:123)
	at java.nio.ByteBuffer.allocateDirect(ByteBuffer.java:311)
	at org.apache.ratis.server.raftlog.segmented.BufferedWriteChannel.<init>(BufferedWriteChannel.java:41)
	at org.apache.ratis.server.raftlog.segmented.SegmentedRaftLogOutputStream.<init>(SegmentedRaftLogOutputStream.java:72)
	at org.apache.ratis.server.raftlog.segmented.SegmentedRaftLogWorker$StartLogSegment.execute(SegmentedRaftLogWorker.java:566)
	at org.apache.ratis.server.raftlog.segmented.SegmentedRaftLogWorker.run(SegmentedRaftLogWorker.java:289)
	at java.lang.Thread.run(Thread.java:748)
2019-09-19 14:05:16,933 [dcc77c7b-1d37-448d-8d57-43d254561693-SegmentedRaftLogWorker:Storage Directory /workdir/hadoop-ozone/integration-test/target/test-dir/MiniOzoneClusterImpl-3b2755de-4cfe-4b43-9e0d-73dd8eda8f75/datanode-0/data/ratis/6259c4c5-9885-476f-b8b3-7b8cebff5854] INFO  impl.RaftServerImpl (RaftServerImpl.java:lambda$shutdown$3(245)) - dcc77c7b-1d37-448d-8d57-43d254561693: shutdown group-7B8CEBFF5854
2019-09-19 14:05:16,044 [dcc77c7b-1d37-448d-8d57-43d254561693-SegmentedRaftLogWorker:Storage Directory /workdir/hadoop-ozone/integration-test/target/test-dir/MiniOzoneClusterImpl-3b2755de-4cfe-4b43-9e0d-73dd8eda8f75/datanode-0/data/ratis/e19daaf9-e448-4e17-a794-fbd0d09ad849] ERROR segmented.SegmentedRaftLogWorker (SegmentedRaftLogWorker.java:run(323)) - dcc77c7b-1d37-448d-8d57-43d254561693-SegmentedRaftLogWorker:Storage Directory /workdir/hadoop-ozone/integration-test/target/test-dir/MiniOzoneClusterImpl-3b2755de-4cfe-4b43-9e0d-73dd8eda8f75/datanode-0/data/ratis/e19daaf9-e448-4e17-a794-fbd0d09ad849 hit exception
java.lang.OutOfMemoryError: Direct buffer memory
	at java.nio.Bits.reserveMemory(Bits.java:666)
	at java.nio.DirectByteBuffer.<init>(DirectByteBuffer.java:123)
	at java.nio.ByteBuffer.allocateDirect(ByteBuffer.java:311)
	at org.apache.ratis.server.raftlog.segmented.BufferedWriteChannel.<init>(BufferedWriteChannel.java:41)
	at org.apache.ratis.server.raftlog.segmented.SegmentedRaftLogOutputStream.<init>(SegmentedRaftLogOutputStream.java:72)
	at org.apache.ratis.server.raftlog.segmented.SegmentedRaftLogWorker$StartLogSegment.execute(SegmentedRaftLogWorker.java:566)
	at org.apache.ratis.server.raftlog.segmented.SegmentedRaftLogWorker.run(SegmentedRaftLogWorker.java:289)
	at java.lang.Thread.run(Thread.java:748)
2019-09-19 14:05:15,769 [dcc77c7b-1d37-448d-8d57-43d254561693-SegmentedRaftLogWorker:Storage Directory /workdir/hadoop-ozone/integration-test/target/test-dir/MiniOzoneClusterImpl-3b2755de-4cfe-4b43-9e0d-73dd8eda8f75/datanode-0/data/ratis/a4c4f324-5e2f-4c4d-9469-0c7ed090d72e] INFO  impl.RoleInfo (RoleInfo.java:shutdownLeaderState(104)) - dcc77c7b-1d37-448d-8d57-43d254561693: shutdown LeaderState
2019-09-19 14:05:15,768 [Thread-4382] INFO  impl.RoleInfo (RoleInfo.java:updateAndGet(143)) - dcc77c7b-1d37-448d-8d57-43d254561693: start LeaderElection
2019-09-19 14:05:15,767 [dcc77c7b-1d37-448d-8d57-43d254561693:group-FB7C57D9607D:LeaderElection678] INFO  impl.RaftServerImpl (ServerState.java:setLeader(263)) - dcc77c7b-1d37-448d-8d57-43d254561693:group-FB7C57D9607D change Leader from null to dcc77c7b-1d37-448d-8d57-43d254561693 at term 1 for becomeLeader, leader elected after 25127ms
2019-09-19 14:05:15,449 [dcc77c7b-1d37-448d-8d57-43d254561693-SegmentedRaftLogWorker:Storage Directory /workdir/hadoop-ozone/integration-test/target/test-dir/MiniOzoneClusterImpl-3b2755de-4cfe-4b43-9e0d-73dd8eda8f75/datanode-0/data/ratis/e3285b87-f293-4fa3-becb-7430c03ae933] INFO  impl.RoleInfo (RoleInfo.java:shutdownLeaderState(104)) - dcc77c7b-1d37-448d-8d57-43d254561693: shutdown LeaderState
2019-09-19 14:05:16,934 [dcc77c7b-1d37-448d-8d57-43d254561693-SegmentedRaftLogWorker:Storage Directory /workdir/hadoop-ozone/integration-test/target/test-dir/MiniOzoneClusterImpl-3b2755de-4cfe-4b43-9e0d-73dd8eda8f75/datanode-0/data/ratis/e3285b87-f293-4fa3-becb-7430c03ae933] INFO  impl.PendingRequests (PendingRequests.java:sendNotLeaderResponses(202)) - dcc77c7b-1d37-448d-8d57-43d254561693-PendingRequests: sendNotLeaderResponses
2019-09-19 14:05:15,448 [dcc77c7b-1d37-448d-8d57-43d254561693:group-D04ACBF66747:LeaderElection576] INFO  impl.RaftServerImpl (ServerState.java:setRaftConf(361)) - dcc77c7b-1d37-448d-8d57-43d254561693:group-D04ACBF66747 set configuration 0: [dcc77c7b-1d37-448d-8d57-43d254561693:192.168.157.226:34527], old=null at 0
2019-09-19 14:05:15,448 [dcc77c7b-1d37-448d-8d57-43d254561693:group-CAD015ACF5B5:LeaderElection653] INFO  server.RaftServerConfigKeys (ConfUtils.java:logGet(43)) - raft.server.rpc.sleep.time = 25ms (default)
2019-09-19 14:05:15,448 [dcc77c7b-1d37-448d-8d57-43d254561693-SegmentedRaftLogWorker:Storage Directory /workdir/hadoop-ozone/integration-test/target/test-dir/MiniOzoneClusterImpl-3b2755de-4cfe-4b43-9e0d-73dd8eda8f75/datanode-0/data/ratis/df5c79f5-0ba0-4048-9654-3cb5f09d983c] INFO  impl.StateMachineUpdater (StateMachineUpdater.java:stopAndJoin(115)) - StateMachineUpdater:dcc77c7b-1d37-448d-8d57-43d254561693:group-3CB5F09D983C: set stopIndex = -1
2019-09-19 14:05:16,935 [dcc77c7b-1d37-448d-8d57-43d254561693-SegmentedRaftLogWorker:Storage Directory /workdir/hadoop-ozone/integration-test/target/test-dir/MiniOzoneClusterImpl-3b2755de-4cfe-4b43-9e0d-73dd8eda8f75/datanode-0/data/ratis/df5c79f5-0ba0-4048-9654-3cb5f09d983c] INFO  impl.RaftServerImpl (ServerState.java:close(394)) - dcc77c7b-1d37-448d-8d57-43d254561693:group-3CB5F09D983C closes. The last applied log index is -1
2019-09-19 14:05:15,448 [dcc77c7b-1d37-448d-8d57-43d254561693:group-48A901C7CAAB:LeaderElection654] INFO  server.RaftServerConfigKeys (ConfUtils.java:logGet(43)) - raft.server.rpc.sleep.time = 25ms (default)
2019-09-19 14:05:15,447 [dcc77c7b-1d37-448d-8d57-43d254561693:group-FB8A0F6129D1:LeaderElection664] INFO  server.RaftServerConfigKeys (ConfUtils.java:logGet(43)) - raft.server.rpc.sleep.time = 25ms (default)
2019-09-19 14:05:15,447 [dcc77c7b-1d37-448d-8d57-43d254561693:group-C91F44D9A055:LeaderElection662] INFO  server.RaftServerConfigKeys (ConfUtils.java:logGet(43)) - raft.server.rpc.sleep.time = 25ms (default)
2019-09-19 14:05:15,447 [dcc77c7b-1d37-448d-8d57-43d254561693:group-890F06A36E32:LeaderElection688] INFO  impl.LeaderElection (LeaderElection.java:askForVotes(181)) - dcc77c7b-1d37-448d-8d57-43d254561693:group-890F06A36E32:LeaderElection688: begin an election at term 1 for -1: [dcc77c7b-1d37-448d-8d57-43d254561693:192.168.157.226:34527], old=null
2019-09-19 14:05:16,935 [dcc77c7b-1d37-448d-8d57-43d254561693:group-890F06A36E32:LeaderElection688] INFO  impl.RoleInfo (RoleInfo.java:shutdownLeaderElection(134)) - dcc77c7b-1d37-448d-8d57-43d254561693: shutdown LeaderElection
2019-09-19 14:05:15,447 [StateMachineUpdater:dcc77c7b-1d37-448d-8d57-43d254561693:group-CE1F78CFD901] INFO  ratis.ContainerStateMachine (ContainerStateMachine.java:takeSnapshot(294)) - group-CE1F78CFD901: Finished taking a snapshot at:(t:1, i:4) file:/workdir/hadoop-ozone/integration-test/target/test-dir/MiniOzoneClusterImpl-3b2755de-4cfe-4b43-9e0d-73dd8eda8f75/datanode-0/data/ratis/66c9ebb2-09ad-406f-bba2-ce1f78cfd901/sm/snapshot.1_4 time:4337
2019-09-19 14:05:15,174 [dcc77c7b-1d37-448d-8d57-43d254561693:group-6097693610F3:LeaderElection626] INFO  impl.RaftServerImpl (ServerState.java:setRaftConf(361)) - dcc77c7b-1d37-448d-8d57-43d254561693:group-6097693610F3 set configuration 0: [dcc77c7b-1d37-448d-8d57-43d254561693:192.168.157.226:34527], old=null at 0
2019-09-19 14:05:15,173 [dcc77c7b-1d37-448d-8d57-43d254561693-SegmentedRaftLogWorker:Storage Directory /workdir/hadoop-ozone/integration-test/target/test-dir/MiniOzoneClusterImpl-3b2755de-4cfe-4b43-9e0d-73dd8eda8f75/datanode-0/data/ratis/6949dbb8-3021-4130-9733-6ba61b232cb7] INFO  util.JmxRegister (JmxRegister.java:unregister(73)) - Successfully un-registered JMX Bean with object name Ratis:service=RaftServer,group=group-6BA61B232CB7,id=dcc77c7b-1d37-448d-8d57-43d254561693
2019-09-19 14:05:15,173 [dcc77c7b-1d37-448d-8d57-43d254561693:group-DFB7682575CC:LeaderElection672] INFO  impl.RaftServerImpl (RaftServerImpl.java:setRole(171)) - dcc77c7b-1d37-448d-8d57-43d254561693:group-DFB7682575CC changes role from CANDIDATE to LEADER at term 1 for changeToLeader
2019-09-19 14:05:15,173 [dcc77c7b-1d37-448d-8d57-43d254561693:group-CCAC13F47FF4:LeaderElection673] INFO  impl.RaftServerImpl (RaftServerImpl.java:setRole(171)) - dcc77c7b-1d37-448d-8d57-43d254561693:group-CCAC13F47FF4 changes role from CANDIDATE to LEADER at term 1 for changeToLeader
2019-09-19 14:05:16,936 [dcc77c7b-1d37-448d-8d57-43d254561693:group-CCAC13F47FF4:LeaderElection673] INFO  impl.RaftServerImpl (ServerState.java:setLeader(263)) - dcc77c7b-1d37-448d-8d57-43d254561693:group-CCAC13F47FF4 change Leader from null to dcc77c7b-1d37-448d-8d57-43d254561693 at term 1 for becomeLeader, leader elected after 26831ms
2019-09-19 14:05:15,172 [dcc77c7b-1d37-448d-8d57-43d254561693:group-A8B0DCFAD616:LeaderElection671] INFO  impl.RaftServerImpl (RaftServerImpl.java:setRole(171)) - dcc77c7b-1d37-448d-8d57-43d254561693:group-A8B0DCFAD616 changes role from CANDIDATE to LEADER at term 1 for changeToLeader
2019-09-19 14:05:16,937 [dcc77c7b-1d37-448d-8d57-43d254561693:group-A8B0DCFAD616:LeaderElection671] INFO  impl.RaftServerImpl (ServerState.java:setLeader(263)) - dcc77c7b-1d37-448d-8d57-43d254561693:group-A8B0DCFAD616 change Leader from null to dcc77c7b-1d37-448d-8d57-43d254561693 at term 1 for becomeLeader, leader elected after 26865ms
2019-09-19 14:05:15,172 [dcc77c7b-1d37-448d-8d57-43d254561693:group-F3BCA7C22EE0:LeaderElection677] INFO  impl.RoleInfo (RoleInfo.java:shutdownLeaderElection(134)) - dcc77c7b-1d37-448d-8d57-43d254561693: shutdown LeaderElection
2019-09-19 14:05:15,172 [dcc77c7b-1d37-448d-8d57-43d254561693:group-A89996D31591:LeaderElection683] INFO  impl.RoleInfo (RoleInfo.java:shutdownLeaderElection(134)) - dcc77c7b-1d37-448d-8d57-43d254561693: shutdown LeaderElection
2019-09-19 14:05:16,937 [dcc77c7b-1d37-448d-8d57-43d254561693:group-A89996D31591:LeaderElection683] INFO  impl.RaftServerImpl (RaftServerImpl.java:setRole(171)) - dcc77c7b-1d37-448d-8d57-43d254561693:group-A89996D31591 changes role from CANDIDATE to LEADER at term 1 for changeToLeader
2019-09-19 14:05:15,172 [dcc77c7b-1d37-448d-8d57-43d254561693:group-3FFAC3177C15:LeaderElection674] INFO  impl.RoleInfo (RoleInfo.java:shutdownLeaderElection(134)) - dcc77c7b-1d37-448d-8d57-43d254561693: shutdown LeaderElection
2019-09-19 14:05:15,172 [dcc77c7b-1d37-448d-8d57-43d254561693-SegmentedRaftLogWorker:Storage Directory /workdir/hadoop-ozone/integration-test/target/test-dir/MiniOzoneClusterImpl-3b2755de-4cfe-4b43-9e0d-73dd8eda8f75/datanode-0/data/ratis/86bb2644-c807-4586-80a5-e31af374e74c] INFO  util.JmxRegister (JmxRegister.java:unregister(73)) - Successfully un-registered JMX Bean with object name Ratis:service=RaftServer,group=group-E31AF374E74C,id=dcc77c7b-1d37-448d-8d57-43d254561693
2019-09-19 14:05:16,937 [dcc77c7b-1d37-448d-8d57-43d254561693-SegmentedRaftLogWorker:Storage Directory /workdir/hadoop-ozone/integration-test/target/test-dir/MiniOzoneClusterImpl-3b2755de-4cfe-4b43-9e0d-73dd8eda8f75/datanode-0/data/ratis/86bb2644-c807-4586-80a5-e31af374e74c] INFO  impl.RoleInfo (RoleInfo.java:shutdownLeaderState(104)) - dcc77c7b-1d37-448d-8d57-43d254561693: shutdown LeaderState
2019-09-19 14:05:15,171 [dcc77c7b-1d37-448d-8d57-43d254561693:group-B809E960E354:LeaderElection644] INFO  server.RaftServerConfigKeys (ConfUtils.java:logGet(43)) - raft.server.write.element-limit = 4096 (default)
2019-09-19 14:05:16,938 [dcc77c7b-1d37-448d-8d57-43d254561693:group-B809E960E354:LeaderElection644] INFO  server.RaftServerConfigKeys (ConfUtils.java:logGet(43)) - raft.server.watch.timeout = 10s (default)
2019-09-19 14:05:15,171 [dcc77c7b-1d37-448d-8d57-43d254561693-SegmentedRaftLogWorker:Storage Directory /workdir/hadoop-ozone/integration-test/target/test-dir/MiniOzoneClusterImpl-3b2755de-4cfe-4b43-9e0d-73dd8eda8f75/datanode-0/data/ratis/c91ad977-9dd9-4a24-8c5f-9646dab2f47f] INFO  impl.PendingRequests (PendingRequests.java:sendNotLeaderResponses(202)) - dcc77c7b-1d37-448d-8d57-43d254561693-PendingRequests: sendNotLeaderResponses
2019-09-19 14:05:15,171 [dcc77c7b-1d37-448d-8d57-43d254561693:group-09863E5FAFF9:LeaderElection682] INFO  impl.RaftServerImpl (RaftServerImpl.java:setRole(171)) - dcc77c7b-1d37-448d-8d57-43d254561693:group-09863E5FAFF9 changes role from CANDIDATE to LEADER at term 1 for changeToLeader
2019-09-19 14:05:16,938 [dcc77c7b-1d37-448d-8d57-43d254561693:group-09863E5FAFF9:LeaderElection682] INFO  impl.RaftServerImpl (ServerState.java:setLeader(263)) - dcc77c7b-1d37-448d-8d57-43d254561693:group-09863E5FAFF9 change Leader from null to dcc77c7b-1d37-448d-8d57-43d254561693 at term 1 for becomeLeader, leader elected after 24435ms
2019-09-19 14:05:15,171 [dcc77c7b-1d37-448d-8d57-43d254561693-SegmentedRaftLogWorker:Storage Directory /workdir/hadoop-ozone/integration-test/target/test-dir/MiniOzoneClusterImpl-3b2755de-4cfe-4b43-9e0d-73dd8eda8f75/datanode-0/data/ratis/8690c3ee-d9cf-4d86-bb05-ed4fe5da218f] INFO  segmented.SegmentedRaftLogWorker (SegmentedRaftLogWorker.java:close(228)) - dcc77c7b-1d37-448d-8d57-43d254561693-SegmentedRaftLogWorker:Storage Directory /workdir/hadoop-ozone/integration-test/target/test-dir/MiniOzoneClusterImpl-3b2755de-4cfe-4b43-9e0d-73dd8eda8f75/datanode-0/data/ratis/8690c3ee-d9cf-4d86-bb05-ed4fe5da218f close()
2019-09-19 14:05:15,170 [dcc77c7b-1d37-448d-8d57-43d254561693-SegmentedRaftLogWorker:Storage Directory /workdir/hadoop-ozone/integration-test/target/test-dir/MiniOzoneClusterImpl-3b2755de-4cfe-4b43-9e0d-73dd8eda8f75/datanode-0/data/ratis/ca6a6194-c73d-4588-92e9-827c827a8dad] INFO  impl.PendingRequests (PendingRequests.java:sendNotLeaderResponses(202)) - dcc77c7b-1d37-448d-8d57-43d254561693-PendingRequests: sendNotLeaderResponses
2019-09-19 14:05:15,170 [dcc77c7b-1d37-448d-8d57-43d254561693-SegmentedRaftLogWorker:Storage Directory /workdir/hadoop-ozone/integration-test/target/test-dir/MiniOzoneClusterImpl-3b2755de-4cfe-4b43-9e0d-73dd8eda8f75/datanode-0/data/ratis/8cd24193-87e3-4023-8697-e501e5c2f87a] INFO  util.JmxRegister (JmxRegister.java:unregister(73)) - Successfully un-registered JMX Bean with object name Ratis:service=RaftServer,group=group-E501E5C2F87A,id=dcc77c7b-1d37-448d-8d57-43d254561693
2019-09-19 14:05:15,169 [dcc77c7b-1d37-448d-8d57-43d254561693-SegmentedRaftLogWorker:Storage Directory /workdir/hadoop-ozone/integration-test/target/test-dir/MiniOzoneClusterImpl-3b2755de-4cfe-4b43-9e0d-73dd8eda8f75/datanode-0/data/ratis/92654bd5-732e-47db-8962-af209fe8fecb] INFO  util.JmxRegister (JmxRegister.java:unregister(73)) - Successfully un-registered JMX Bean with object name Ratis:service=RaftServer,group=group-AF209FE8FECB,id=dcc77c7b-1d37-448d-8d57-43d254561693
2019-09-19 14:05:16,939 [dcc77c7b-1d37-448d-8d57-43d254561693-SegmentedRaftLogWorker:Storage Directory /workdir/hadoop-ozone/integration-test/target/test-dir/MiniOzoneClusterImpl-3b2755de-4cfe-4b43-9e0d-73dd8eda8f75/datanode-0/data/ratis/92654bd5-732e-47db-8962-af209fe8fecb] INFO  impl.RoleInfo (RoleInfo.java:shutdownLeaderState(104)) - dcc77c7b-1d37-448d-8d57-43d254561693: shutdown LeaderState
2019-09-19 14:05:15,169 [dcc77c7b-1d37-448d-8d57-43d254561693-SegmentedRaftLogWorker:Storage Directory /workdir/hadoop-ozone/integration-test/target/test-dir/MiniOzoneClusterImpl-3b2755de-4cfe-4b43-9e0d-73dd8eda8f75/datanode-0/data/ratis/809af549-fcb0-4d0c-aadb-c427df1d703e] INFO  util.JmxRegister (JmxRegister.java:unregister(73)) - Successfully un-registered JMX Bean with object name Ratis:service=RaftServer,group=group-C427DF1D703E,id=dcc77c7b-1d37-448d-8d57-43d254561693
2019-09-19 14:05:16,939 [dcc77c7b-1d37-448d-8d57-43d254561693-SegmentedRaftLogWorker:Storage Directory /workdir/hadoop-ozone/integration-test/target/test-dir/MiniOzoneClusterImpl-3b2755de-4cfe-4b43-9e0d-73dd8eda8f75/datanode-0/data/ratis/809af549-fcb0-4d0c-aadb-c427df1d703e] INFO  impl.RoleInfo (RoleInfo.java:shutdownLeaderState(104)) - dcc77c7b-1d37-448d-8d57-43d254561693: shutdown LeaderState
2019-09-19 14:05:15,169 [dcc77c7b-1d37-448d-8d57-43d254561693-SegmentedRaftLogWorker:Storage Directory /workdir/hadoop-ozone/integration-test/target/test-dir/MiniOzoneClusterImpl-3b2755de-4cfe-4b43-9e0d-73dd8eda8f75/datanode-0/data/ratis/aa779339-dfa9-49d1-86de-56d873a3b067] INFO  util.JmxRegister (JmxRegister.java:unregister(73)) - Successfully un-registered JMX Bean with object name Ratis:service=RaftServer,group=group-56D873A3B067,id=dcc77c7b-1d37-448d-8d57-43d254561693
2019-09-19 14:05:16,940 [dcc77c7b-1d37-448d-8d57-43d254561693-SegmentedRaftLogWorker:Storage Directory /workdir/hadoop-ozone/integration-test/target/test-dir/MiniOzoneClusterImpl-3b2755de-4cfe-4b43-9e0d-73dd8eda8f75/datanode-0/data/ratis/aa779339-dfa9-49d1-86de-56d873a3b067] INFO  impl.RoleInfo (RoleInfo.java:shutdownLeaderState(104)) - dcc77c7b-1d37-448d-8d57-43d254561693: shutdown LeaderState
2019-09-19 14:05:15,168 [dcc77c7b-1d37-448d-8d57-43d254561693-SegmentedRaftLogWorker:Storage Directory /workdir/hadoop-ozone/integration-test/target/test-dir/MiniOzoneClusterImpl-3b2755de-4cfe-4b43-9e0d-73dd8eda8f75/datanode-0/data/ratis/195e7c49-f441-4cbd-a4fc-ef22f8d31499] INFO  util.JmxRegister (JmxRegister.java:unregister(73)) - Successfully un-registered JMX Bean with object name Ratis:service=RaftServer,group=group-EF22F8D31499,id=dcc77c7b-1d37-448d-8d57-43d254561693
2019-09-19 14:05:16,940 [dcc77c7b-1d37-448d-8d57-43d254561693-SegmentedRaftLogWorker:Storage Directory /workdir/hadoop-ozone/integration-test/target/test-dir/MiniOzoneClusterImpl-3b2755de-4cfe-4b43-9e0d-73dd8eda8f75/datanode-0/data/ratis/195e7c49-f441-4cbd-a4fc-ef22f8d31499] INFO  impl.RoleInfo (RoleInfo.java:shutdownLeaderState(104)) - dcc77c7b-1d37-448d-8d57-43d254561693: shutdown LeaderState
2019-09-19 14:05:15,168 [dcc77c7b-1d37-448d-8d57-43d254561693-SegmentedRaftLogWorker:Storage Directory /workdir/hadoop-ozone/integration-test/target/test-dir/MiniOzoneClusterImpl-3b2755de-4cfe-4b43-9e0d-73dd8eda8f75/datanode-0/data/ratis/5c09cb34-786b-45ad-934d-df36a57a9136] INFO  util.JmxRegister (JmxRegister.java:unregister(73)) - Successfully un-registered JMX Bean with object name Ratis:service=RaftServer,group=group-DF36A57A9136,id=dcc77c7b-1d37-448d-8d57-43d254561693
2019-09-19 14:05:16,940 [dcc77c7b-1d37-448d-8d57-43d254561693-SegmentedRaftLogWorker:Storage Directory /workdir/hadoop-ozone/integration-test/target/test-dir/MiniOzoneClusterImpl-3b2755de-4cfe-4b43-9e0d-73dd8eda8f75/datanode-0/data/ratis/5c09cb34-786b-45ad-934d-df36a57a9136] INFO  impl.RoleInfo (RoleInfo.java:shutdownLeaderState(104)) - dcc77c7b-1d37-448d-8d57-43d254561693: shutdown LeaderState
2019-09-19 14:05:15,167 [dcc77c7b-1d37-448d-8d57-43d254561693:group-0720468DC241:LeaderElection670] INFO  impl.RoleInfo (RoleInfo.java:shutdownLeaderElection(134)) - dcc77c7b-1d37-448d-8d57-43d254561693: shutdown LeaderElection
2019-09-19 14:05:16,940 [dcc77c7b-1d37-448d-8d57-43d254561693:group-0720468DC241:LeaderElection670] INFO  impl.RaftServerImpl (RaftServerImpl.java:setRole(171)) - dcc77c7b-1d37-448d-8d57-43d254561693:group-0720468DC241 changes role from CANDIDATE to LEADER at term 1 for changeToLeader
2019-09-19 14:05:15,167 [dcc77c7b-1d37-448d-8d57-43d254561693:group-77F6979B7494:LeaderElection681] INFO  impl.RoleInfo (RoleInfo.java:shutdownLeaderElection(134)) - dcc77c7b-1d37-448d-8d57-43d254561693: shutdown LeaderElection
2019-09-19 14:05:15,167 [dcc77c7b-1d37-448d-8d57-43d254561693-SegmentedRaftLogWorker:Storage Directory /workdir/hadoop-ozone/integration-test/target/test-dir/MiniOzoneClusterImpl-3b2755de-4cfe-4b43-9e0d-73dd8eda8f75/datanode-0/data/ratis/0670478e-5791-4e08-bea4-df274f267a33] INFO  impl.PendingRequests (PendingRequests.java:sendNotLeaderResponses(202)) - dcc77c7b-1d37-448d-8d57-43d254561693-PendingRequests: sendNotLeaderResponses
2019-09-19 14:05:15,166 [dcc77c7b-1d37-448d-8d57-43d254561693-SegmentedRaftLogWorker:Storage Directory /workdir/hadoop-ozone/integration-test/target/test-dir/MiniOzoneClusterImpl-3b2755de-4cfe-4b43-9e0d-73dd8eda8f75/datanode-0/data/ratis/0da6c939-5164-41ff-81e1-c6c4a2b7d1da] INFO  util.JmxRegister (JmxRegister.java:unregister(73)) - Successfully un-registered JMX Bean with object name Ratis:service=RaftServer,group=group-C6C4A2B7D1DA,id=dcc77c7b-1d37-448d-8d57-43d254561693
2019-09-19 14:05:16,941 [dcc77c7b-1d37-448d-8d57-43d254561693-SegmentedRaftLogWorker:Storage Directory /workdir/hadoop-ozone/integration-test/target/test-dir/MiniOzoneClusterImpl-3b2755de-4cfe-4b43-9e0d-73dd8eda8f75/datanode-0/data/ratis/0da6c939-5164-41ff-81e1-c6c4a2b7d1da] INFO  impl.RoleInfo (RoleInfo.java:shutdownLeaderState(104)) - dcc77c7b-1d37-448d-8d57-43d254561693: shutdown LeaderState
2019-09-19 14:05:15,166 [dcc77c7b-1d37-448d-8d57-43d254561693:group-E165C8F20643:LeaderElection666] INFO  impl.RaftServerImpl (ServerState.java:setLeader(263)) - dcc77c7b-1d37-448d-8d57-43d254561693:group-E165C8F20643 change Leader from null to dcc77c7b-1d37-448d-8d57-43d254561693 at term 1 for becomeLeader, leader elected after 24620ms
2019-09-19 14:05:15,166 [dcc77c7b-1d37-448d-8d57-43d254561693-SegmentedRaftLogWorker:Storage Directory /workdir/hadoop-ozone/integration-test/target/test-dir/MiniOzoneClusterImpl-3b2755de-4cfe-4b43-9e0d-73dd8eda8f75/datanode-0/data/ratis/5f039e0b-2746-4771-9cdf-a8e7f9479fc5] INFO  impl.RoleInfo (RoleInfo.java:shutdownLeaderState(104)) - dcc77c7b-1d37-448d-8d57-43d254561693: shutdown LeaderState
2019-09-19 14:05:15,165 [dcc77c7b-1d37-448d-8d57-43d254561693-SegmentedRaftLogWorker:Storage Directory /workdir/hadoop-ozone/integration-test/target/test-dir/MiniOzoneClusterImpl-3b2755de-4cfe-4b43-9e0d-73dd8eda8f75/datanode-0/data/ratis/496c209b-a8fb-44b0-964b-b8ec2eeee8d5] ERROR segmented.SegmentedRaftLogWorker (SegmentedRaftLogWorker.java:run(323)) - dcc77c7b-1d37-448d-8d57-43d254561693-SegmentedRaftLogWorker:Storage Directory /workdir/hadoop-ozone/integration-test/target/test-dir/MiniOzoneClusterImpl-3b2755de-4cfe-4b43-9e0d-73dd8eda8f75/datanode-0/data/ratis/496c209b-a8fb-44b0-964b-b8ec2eeee8d5 hit exception
java.lang.OutOfMemoryError: Direct buffer memory
	at java.nio.Bits.reserveMemory(Bits.java:666)
	at java.nio.DirectByteBuffer.<init>(DirectByteBuffer.java:123)
	at java.nio.ByteBuffer.allocateDirect(ByteBuffer.java:311)
	at org.apache.ratis.server.raftlog.segmented.BufferedWriteChannel.<init>(BufferedWriteChannel.java:41)
	at org.apache.ratis.server.raftlog.segmented.SegmentedRaftLogOutputStream.<init>(SegmentedRaftLogOutputStream.java:72)
	at org.apache.ratis.server.raftlog.segmented.SegmentedRaftLogWorker$StartLogSegment.execute(SegmentedRaftLogWorker.java:566)
	at org.apache.ratis.server.raftlog.segmented.SegmentedRaftLogWorker.run(SegmentedRaftLogWorker.java:289)
	at java.lang.Thread.run(Thread.java:748)
2019-09-19 14:05:15,165 [dcc77c7b-1d37-448d-8d57-43d254561693-SegmentedRaftLogWorker:Storage Directory /workdir/hadoop-ozone/integration-test/target/test-dir/MiniOzoneClusterImpl-3b2755de-4cfe-4b43-9e0d-73dd8eda8f75/datanode-0/data/ratis/d354f42a-d9ec-4c21-9161-89849f9fd3ba] ERROR segmented.SegmentedRaftLogWorker (SegmentedRaftLogWorker.java:run(323)) - dcc77c7b-1d37-448d-8d57-43d254561693-SegmentedRaftLogWorker:Storage Directory /workdir/hadoop-ozone/integration-test/target/test-dir/MiniOzoneClusterImpl-3b2755de-4cfe-4b43-9e0d-73dd8eda8f75/datanode-0/data/ratis/d354f42a-d9ec-4c21-9161-89849f9fd3ba hit exception
java.lang.OutOfMemoryError: Direct buffer memory
	at java.nio.Bits.reserveMemory(Bits.java:666)
	at java.nio.DirectByteBuffer.<init>(DirectByteBuffer.java:123)
	at java.nio.ByteBuffer.allocateDirect(ByteBuffer.java:311)
	at org.apache.ratis.server.raftlog.segmented.BufferedWriteChannel.<init>(BufferedWriteChannel.java:41)
	at org.apache.ratis.server.raftlog.segmented.SegmentedRaftLogOutputStream.<init>(SegmentedRaftLogOutputStream.java:72)
	at org.apache.ratis.server.raftlog.segmented.SegmentedRaftLogWorker$StartLogSegment.execute(SegmentedRaftLogWorker.java:566)
	at org.apache.ratis.server.raftlog.segmented.SegmentedRaftLogWorker.run(SegmentedRaftLogWorker.java:289)
	at java.lang.Thread.run(Thread.java:748)
2019-09-19 14:05:16,942 [dcc77c7b-1d37-448d-8d57-43d254561693-SegmentedRaftLogWorker:Storage Directory /workdir/hadoop-ozone/integration-test/target/test-dir/MiniOzoneClusterImpl-3b2755de-4cfe-4b43-9e0d-73dd8eda8f75/datanode-0/data/ratis/d354f42a-d9ec-4c21-9161-89849f9fd3ba] INFO  impl.RaftServerImpl (RaftServerImpl.java:lambda$shutdown$3(245)) - dcc77c7b-1d37-448d-8d57-43d254561693: shutdown group-89849F9FD3BA
2019-09-19 14:05:15,165 [dcc77c7b-1d37-448d-8d57-43d254561693-SegmentedRaftLogWorker:Storage Directory /workdir/hadoop-ozone/integration-test/target/test-dir/MiniOzoneClusterImpl-3b2755de-4cfe-4b43-9e0d-73dd8eda8f75/datanode-0/data/ratis/55ea1096-7909-4481-a143-cd7159c89c08] ERROR segmented.SegmentedRaftLogWorker (SegmentedRaftLogWorker.java:run(323)) - dcc77c7b-1d37-448d-8d57-43d254561693-SegmentedRaftLogWorker:Storage Directory /workdir/hadoop-ozone/integration-test/target/test-dir/MiniOzoneClusterImpl-3b2755de-4cfe-4b43-9e0d-73dd8eda8f75/datanode-0/data/ratis/55ea1096-7909-4481-a143-cd7159c89c08 hit exception
java.lang.OutOfMemoryError: Direct buffer memory
	at java.nio.Bits.reserveMemory(Bits.java:666)
	at java.nio.DirectByteBuffer.<init>(DirectByteBuffer.java:123)
	at java.nio.ByteBuffer.allocateDirect(ByteBuffer.java:311)
	at org.apache.ratis.server.raftlog.segmented.BufferedWriteChannel.<init>(BufferedWriteChannel.java:41)
	at org.apache.ratis.server.raftlog.segmented.SegmentedRaftLogOutputStream.<init>(SegmentedRaftLogOutputStream.java:72)
	at org.apache.ratis.server.raftlog.segmented.SegmentedRaftLogWorker$StartLogSegment.execute(SegmentedRaftLogWorker.java:566)
	at org.apache.ratis.server.raftlog.segmented.SegmentedRaftLogWorker.run(SegmentedRaftLogWorker.java:289)
	at java.lang.Thread.run(Thread.java:748)
2019-09-19 14:05:16,942 [dcc77c7b-1d37-448d-8d57-43d254561693-SegmentedRaftLogWorker:Storage Directory /workdir/hadoop-ozone/integration-test/target/test-dir/MiniOzoneClusterImpl-3b2755de-4cfe-4b43-9e0d-73dd8eda8f75/datanode-0/data/ratis/55ea1096-7909-4481-a143-cd7159c89c08] INFO  impl.RaftServerImpl (RaftServerImpl.java:lambda$shutdown$3(245)) - dcc77c7b-1d37-448d-8d57-43d254561693: shutdown group-CD7159C89C08
2019-09-19 14:05:15,165 [dcc77c7b-1d37-448d-8d57-43d254561693-SegmentedRaftLogWorker:Storage Directory /workdir/hadoop-ozone/integration-test/target/test-dir/MiniOzoneClusterImpl-3b2755de-4cfe-4b43-9e0d-73dd8eda8f75/datanode-0/data/ratis/5b6bb2d1-6a86-44a9-9560-4467d65330c2] ERROR segmented.SegmentedRaftLogWorker (SegmentedRaftLogWorker.java:run(323)) - dcc77c7b-1d37-448d-8d57-43d254561693-SegmentedRaftLogWorker:Storage Directory /workdir/hadoop-ozone/integration-test/target/test-dir/MiniOzoneClusterImpl-3b2755de-4cfe-4b43-9e0d-73dd8eda8f75/datanode-0/data/ratis/5b6bb2d1-6a86-44a9-9560-4467d65330c2 hit exception
java.lang.OutOfMemoryError: Direct buffer memory
	at java.nio.Bits.reserveMemory(Bits.java:666)
	at java.nio.DirectByteBuffer.<init>(DirectByteBuffer.java:123)
	at java.nio.ByteBuffer.allocateDirect(ByteBuffer.java:311)
	at org.apache.ratis.server.raftlog.segmented.BufferedWriteChannel.<init>(BufferedWriteChannel.java:41)
	at org.apache.ratis.server.raftlog.segmented.SegmentedRaftLogOutputStream.<init>(SegmentedRaftLogOutputStream.java:72)
	at org.apache.ratis.server.raftlog.segmented.SegmentedRaftLogWorker$StartLogSegment.execute(SegmentedRaftLogWorker.java:566)
	at org.apache.ratis.server.raftlog.segmented.SegmentedRaftLogWorker.run(SegmentedRaftLogWorker.java:289)
	at java.lang.Thread.run(Thread.java:748)
2019-09-19 14:05:16,942 [dcc77c7b-1d37-448d-8d57-43d254561693-SegmentedRaftLogWorker:Storage Directory /workdir/hadoop-ozone/integration-test/target/test-dir/MiniOzoneClusterImpl-3b2755de-4cfe-4b43-9e0d-73dd8eda8f75/datanode-0/data/ratis/5b6bb2d1-6a86-44a9-9560-4467d65330c2] INFO  impl.RaftServerImpl (RaftServerImpl.java:lambda$shutdown$3(245)) - dcc77c7b-1d37-448d-8d57-43d254561693: shutdown group-4467D65330C2
2019-09-19 14:05:14,906 [dcc77c7b-1d37-448d-8d57-43d254561693:group-450D00ABA19B:LeaderElection621] INFO  impl.RaftServerImpl (ServerState.java:setRaftConf(361)) - dcc77c7b-1d37-448d-8d57-43d254561693:group-450D00ABA19B set configuration 0: [dcc77c7b-1d37-448d-8d57-43d254561693:192.168.157.226:34527], old=null at 0
2019-09-19 14:05:14,906 [dcc77c7b-1d37-448d-8d57-43d254561693-SegmentedRaftLogWorker:Storage Directory /workdir/hadoop-ozone/integration-test/target/test-dir/MiniOzoneClusterImpl-3b2755de-4cfe-4b43-9e0d-73dd8eda8f75/datanode-0/data/ratis/2394fb0c-6f10-496e-bf96-bb4e63a8adce] INFO  impl.RoleInfo (RoleInfo.java:shutdownLeaderState(104)) - dcc77c7b-1d37-448d-8d57-43d254561693: shutdown LeaderState
2019-09-19 14:05:14,905 [dcc77c7b-1d37-448d-8d57-43d254561693-SegmentedRaftLogWorker:Storage Directory /workdir/hadoop-ozone/integration-test/target/test-dir/MiniOzoneClusterImpl-3b2755de-4cfe-4b43-9e0d-73dd8eda8f75/datanode-0/data/ratis/325a6685-5506-4a90-be06-869d2374c5b7] INFO  util.JmxRegister (JmxRegister.java:unregister(73)) - Successfully un-registered JMX Bean with object name Ratis:service=RaftServer,group=group-869D2374C5B7,id=dcc77c7b-1d37-448d-8d57-43d254561693
2019-09-19 14:05:14,663 [dcc77c7b-1d37-448d-8d57-43d254561693:group-B0D529AC88AD:LeaderElection580] INFO  impl.RaftServerImpl (ServerState.java:setRaftConf(361)) - dcc77c7b-1d37-448d-8d57-43d254561693:group-B0D529AC88AD set configuration 0: [dcc77c7b-1d37-448d-8d57-43d254561693:192.168.157.226:34527], old=null at 0
2019-09-19 14:05:14,658 [dcc77c7b-1d37-448d-8d57-43d254561693-SegmentedRaftLogWorker:Storage Directory /workdir/hadoop-ozone/integration-test/target/test-dir/MiniOzoneClusterImpl-3b2755de-4cfe-4b43-9e0d-73dd8eda8f75/datanode-0/data/ratis/2ddc7a41-9acf-41f1-bc02-c7074be8e490] ERROR segmented.SegmentedRaftLogWorker (SegmentedRaftLogWorker.java:run(323)) - dcc77c7b-1d37-448d-8d57-43d254561693-SegmentedRaftLogWorker:Storage Directory /workdir/hadoop-ozone/integration-test/target/test-dir/MiniOzoneClusterImpl-3b2755de-4cfe-4b43-9e0d-73dd8eda8f75/datanode-0/data/ratis/2ddc7a41-9acf-41f1-bc02-c7074be8e490 hit exception
java.lang.OutOfMemoryError: Direct buffer memory
	at java.nio.Bits.reserveMemory(Bits.java:666)
	at java.nio.DirectByteBuffer.<init>(DirectByteBuffer.java:123)
	at java.nio.ByteBuffer.allocateDirect(ByteBuffer.java:311)
	at org.apache.ratis.server.raftlog.segmented.BufferedWriteChannel.<init>(BufferedWriteChannel.java:41)
	at org.apache.ratis.server.raftlog.segmented.SegmentedRaftLogOutputStream.<init>(SegmentedRaftLogOutputStream.java:72)
	at org.apache.ratis.server.raftlog.segmented.SegmentedRaftLogWorker$StartLogSegment.execute(SegmentedRaftLogWorker.java:566)
	at org.apache.ratis.server.raftlog.segmented.SegmentedRaftLogWorker.run(SegmentedRaftLogWorker.java:289)
	at java.lang.Thread.run(Thread.java:748)
2019-09-19 14:05:16,943 [dcc77c7b-1d37-448d-8d57-43d254561693-SegmentedRaftLogWorker:Storage Directory /workdir/hadoop-ozone/integration-test/target/test-dir/MiniOzoneClusterImpl-3b2755de-4cfe-4b43-9e0d-73dd8eda8f75/datanode-0/data/ratis/2ddc7a41-9acf-41f1-bc02-c7074be8e490] INFO  impl.RaftServerImpl (RaftServerImpl.java:lambda$shutdown$3(245)) - dcc77c7b-1d37-448d-8d57-43d254561693: shutdown group-C7074BE8E490
2019-09-19 14:05:14,355 [dcc77c7b-1d37-448d-8d57-43d254561693:group-46D08AB6022E:LeaderElection572] INFO  impl.RaftServerImpl (ServerState.java:setRaftConf(361)) - dcc77c7b-1d37-448d-8d57-43d254561693:group-46D08AB6022E set configuration 0: [dcc77c7b-1d37-448d-8d57-43d254561693:192.168.157.226:34527], old=null at 0
2019-09-19 14:05:14,354 [dcc77c7b-1d37-448d-8d57-43d254561693:group-21D390036BC2:LeaderElection680] INFO  server.RaftServerConfigKeys (ConfUtils.java:logGet(43)) - raft.server.staging.catchup.gap = 1000 (default)
2019-09-19 14:05:16,944 [dcc77c7b-1d37-448d-8d57-43d254561693:group-21D390036BC2:LeaderElection680] INFO  server.RaftServerConfigKeys (ConfUtils.java:logGet(43)) - raft.server.rpc.sleep.time = 25ms (default)
2019-09-19 14:05:14,354 [dcc77c7b-1d37-448d-8d57-43d254561693:group-47C7557B9325:LeaderElection679] INFO  impl.RaftServerImpl (ServerState.java:setLeader(263)) - dcc77c7b-1d37-448d-8d57-43d254561693:group-47C7557B9325 change Leader from null to dcc77c7b-1d37-448d-8d57-43d254561693 at term 1 for becomeLeader, leader elected after 19653ms
2019-09-19 14:05:14,354 [dcc77c7b-1d37-448d-8d57-43d254561693-SegmentedRaftLogWorker:Storage Directory /workdir/hadoop-ozone/integration-test/target/test-dir/MiniOzoneClusterImpl-3b2755de-4cfe-4b43-9e0d-73dd8eda8f75/datanode-0/data/ratis/7a7a7456-0dc3-4ec9-a28b-355ed91025d3] INFO  impl.PendingRequests (PendingRequests.java:sendNotLeaderResponses(202)) - dcc77c7b-1d37-448d-8d57-43d254561693-PendingRequests: sendNotLeaderResponses
2019-09-19 14:05:14,354 [dcc77c7b-1d37-448d-8d57-43d254561693-SegmentedRaftLogWorker:Storage Directory /workdir/hadoop-ozone/integration-test/target/test-dir/MiniOzoneClusterImpl-3b2755de-4cfe-4b43-9e0d-73dd8eda8f75/datanode-0/data/ratis/bc979890-6b93-4c34-92f4-973f91c20342] INFO  impl.RoleInfo (RoleInfo.java:shutdownLeaderState(104)) - dcc77c7b-1d37-448d-8d57-43d254561693: shutdown LeaderState
2019-09-19 14:05:14,353 [dcc77c7b-1d37-448d-8d57-43d254561693-SegmentedRaftLogWorker:Storage Directory /workdir/hadoop-ozone/integration-test/target/test-dir/MiniOzoneClusterImpl-3b2755de-4cfe-4b43-9e0d-73dd8eda8f75/datanode-0/data/ratis/bf066c4b-b9ac-4c70-8f56-ad94dcfd5f37] INFO  segmented.SegmentedRaftLogWorker (SegmentedRaftLogWorker.java:close(228)) - dcc77c7b-1d37-448d-8d57-43d254561693-SegmentedRaftLogWorker:Storage Directory /workdir/hadoop-ozone/integration-test/target/test-dir/MiniOzoneClusterImpl-3b2755de-4cfe-4b43-9e0d-73dd8eda8f75/datanode-0/data/ratis/bf066c4b-b9ac-4c70-8f56-ad94dcfd5f37 close()
2019-09-19 14:05:14,353 [dcc77c7b-1d37-448d-8d57-43d254561693:group-78B7DFC7FE28:LeaderElection661] INFO  server.RaftServerConfigKeys (ConfUtils.java:logGet(43)) - raft.server.write.element-limit = 4096 (default)
2019-09-19 14:05:14,352 [pool-58-thread-1] INFO  server.RaftServerConfigKeys (ConfUtils.java:logGet(43)) - raft.server.retrycache.expirytime = 600000ms (custom)
2019-09-19 14:05:14,352 [dcc77c7b-1d37-448d-8d57-43d254561693:group-101271AE1179:LeaderElection659] INFO  server.RaftServerConfigKeys (ConfUtils.java:logGet(43)) - raft.server.rpc.sleep.time = 25ms (default)
2019-09-19 14:05:14,352 [dcc77c7b-1d37-448d-8d57-43d254561693:group-BB4770E0F3FD:LeaderElection655] INFO  server.RaftServerConfigKeys (ConfUtils.java:logGet(43)) - raft.server.staging.catchup.gap = 1000 (default)
2019-09-19 14:05:16,945 [dcc77c7b-1d37-448d-8d57-43d254561693:group-BB4770E0F3FD:LeaderElection655] INFO  server.RaftServerConfigKeys (ConfUtils.java:logGet(43)) - raft.server.rpc.sleep.time = 25ms (default)
2019-09-19 14:05:14,352 [dcc77c7b-1d37-448d-8d57-43d254561693:group-26A6A6CCFAD8:LeaderElection660] INFO  server.RaftServerConfigKeys (ConfUtils.java:logGet(43)) - raft.server.rpc.sleep.time = 25ms (default)
2019-09-19 14:05:14,352 [dcc77c7b-1d37-448d-8d57-43d254561693:group-D788F79D6955:LeaderElection606] INFO  impl.RoleInfo (RoleInfo.java:updateAndGet(143)) - dcc77c7b-1d37-448d-8d57-43d254561693: start LeaderState
2019-09-19 14:05:14,351 [dcc77c7b-1d37-448d-8d57-43d254561693-SegmentedRaftLogWorker:Storage Directory /workdir/hadoop-ozone/integration-test/target/test-dir/MiniOzoneClusterImpl-3b2755de-4cfe-4b43-9e0d-73dd8eda8f75/datanode-0/data/ratis/00b76e0c-516e-486f-8902-bcc62b444d9d] INFO  util.JmxRegister (JmxRegister.java:unregister(73)) - Successfully un-registered JMX Bean with object name Ratis:service=RaftServer,group=group-BCC62B444D9D,id=dcc77c7b-1d37-448d-8d57-43d254561693
2019-09-19 14:05:14,351 [dcc77c7b-1d37-448d-8d57-43d254561693-SegmentedRaftLogWorker:Storage Directory /workdir/hadoop-ozone/integration-test/target/test-dir/MiniOzoneClusterImpl-3b2755de-4cfe-4b43-9e0d-73dd8eda8f75/datanode-0/data/ratis/0bcb92b1-8f88-4bb5-a8d7-c61393b9958e] INFO  util.JmxRegister (JmxRegister.java:unregister(73)) - Successfully un-registered JMX Bean with object name Ratis:service=RaftServer,group=group-C61393B9958E,id=dcc77c7b-1d37-448d-8d57-43d254561693
2019-09-19 14:05:16,946 [dcc77c7b-1d37-448d-8d57-43d254561693-SegmentedRaftLogWorker:Storage Directory /workdir/hadoop-ozone/integration-test/target/test-dir/MiniOzoneClusterImpl-3b2755de-4cfe-4b43-9e0d-73dd8eda8f75/datanode-0/data/ratis/0bcb92b1-8f88-4bb5-a8d7-c61393b9958e] INFO  impl.RoleInfo (RoleInfo.java:shutdownLeaderState(104)) - dcc77c7b-1d37-448d-8d57-43d254561693: shutdown LeaderState
2019-09-19 14:05:14,350 [dcc77c7b-1d37-448d-8d57-43d254561693-SegmentedRaftLogWorker:Storage Directory /workdir/hadoop-ozone/integration-test/target/test-dir/MiniOzoneClusterImpl-3b2755de-4cfe-4b43-9e0d-73dd8eda8f75/datanode-0/data/ratis/13e365e2-082e-427c-9029-8dbed52dd969] INFO  impl.RaftServerImpl (RaftServerImpl.java:lambda$shutdown$3(245)) - dcc77c7b-1d37-448d-8d57-43d254561693: shutdown group-8DBED52DD969
2019-09-19 14:05:14,350 [dcc77c7b-1d37-448d-8d57-43d254561693-SegmentedRaftLogWorker:Storage Directory /workdir/hadoop-ozone/integration-test/target/test-dir/MiniOzoneClusterImpl-3b2755de-4cfe-4b43-9e0d-73dd8eda8f75/datanode-0/data/ratis/c10b78a9-67e9-4f55-be11-f426ba34ee2b] INFO  util.JmxRegister (JmxRegister.java:unregister(73)) - Successfully un-registered JMX Bean with object name Ratis:service=RaftServer,group=group-F426BA34EE2B,id=dcc77c7b-1d37-448d-8d57-43d254561693
2019-09-19 14:05:16,947 [dcc77c7b-1d37-448d-8d57-43d254561693-SegmentedRaftLogWorker:Storage Directory /workdir/hadoop-ozone/integration-test/target/test-dir/MiniOzoneClusterImpl-3b2755de-4cfe-4b43-9e0d-73dd8eda8f75/datanode-0/data/ratis/c10b78a9-67e9-4f55-be11-f426ba34ee2b] INFO  impl.RoleInfo (RoleInfo.java:shutdownLeaderState(104)) - dcc77c7b-1d37-448d-8d57-43d254561693: shutdown LeaderState
2019-09-19 14:05:14,350 [dcc77c7b-1d37-448d-8d57-43d254561693-SegmentedRaftLogWorker:Storage Directory /workdir/hadoop-ozone/integration-test/target/test-dir/MiniOzoneClusterImpl-3b2755de-4cfe-4b43-9e0d-73dd8eda8f75/datanode-0/data/ratis/c2f8a40a-eab5-4d2f-ac26-aefe1d75de75] INFO  util.JmxRegister (JmxRegister.java:unregister(73)) - Successfully un-registered JMX Bean with object name Ratis:service=RaftServer,group=group-AEFE1D75DE75,id=dcc77c7b-1d37-448d-8d57-43d254561693
2019-09-19 14:05:16,947 [dcc77c7b-1d37-448d-8d57-43d254561693-SegmentedRaftLogWorker:Storage Directory /workdir/hadoop-ozone/integration-test/target/test-dir/MiniOzoneClusterImpl-3b2755de-4cfe-4b43-9e0d-73dd8eda8f75/datanode-0/data/ratis/c2f8a40a-eab5-4d2f-ac26-aefe1d75de75] INFO  impl.RoleInfo (RoleInfo.java:shutdownLeaderState(104)) - dcc77c7b-1d37-448d-8d57-43d254561693: shutdown LeaderState
2019-09-19 14:05:14,071 [dcc77c7b-1d37-448d-8d57-43d254561693:group-7D1EFE063BF2:LeaderElection629] INFO  impl.RaftServerImpl (ServerState.java:setRaftConf(361)) - dcc77c7b-1d37-448d-8d57-43d254561693:group-7D1EFE063BF2 set configuration 0: [dcc77c7b-1d37-448d-8d57-43d254561693:192.168.157.226:34527], old=null at 0
2019-09-19 14:05:14,349 [dcc77c7b-1d37-448d-8d57-43d254561693-SegmentedRaftLogWorker:Storage Directory /workdir/hadoop-ozone/integration-test/target/test-dir/MiniOzoneClusterImpl-3b2755de-4cfe-4b43-9e0d-73dd8eda8f75/datanode-0/data/ratis/2fea3c3c-6ec9-4356-9fdc-00abcb16aa03] ERROR segmented.SegmentedRaftLogWorker (SegmentedRaftLogWorker.java:run(323)) - dcc77c7b-1d37-448d-8d57-43d254561693-SegmentedRaftLogWorker:Storage Directory /workdir/hadoop-ozone/integration-test/target/test-dir/MiniOzoneClusterImpl-3b2755de-4cfe-4b43-9e0d-73dd8eda8f75/datanode-0/data/ratis/2fea3c3c-6ec9-4356-9fdc-00abcb16aa03 hit exception
java.lang.OutOfMemoryError: Direct buffer memory
	at java.nio.Bits.reserveMemory(Bits.java:666)
	at java.nio.DirectByteBuffer.<init>(DirectByteBuffer.java:123)
	at java.nio.ByteBuffer.allocateDirect(ByteBuffer.java:311)
	at org.apache.ratis.server.raftlog.segmented.BufferedWriteChannel.<init>(BufferedWriteChannel.java:41)
	at org.apache.ratis.server.raftlog.segmented.SegmentedRaftLogOutputStream.<init>(SegmentedRaftLogOutputStream.java:72)
	at org.apache.ratis.server.raftlog.segmented.SegmentedRaftLogWorker$StartLogSegment.execute(SegmentedRaftLogWorker.java:566)
	at org.apache.ratis.server.raftlog.segmented.SegmentedRaftLogWorker.run(SegmentedRaftLogWorker.java:289)
	at java.lang.Thread.run(Thread.java:748)
2019-09-19 14:05:16,947 [dcc77c7b-1d37-448d-8d57-43d254561693-SegmentedRaftLogWorker:Storage Directory /workdir/hadoop-ozone/integration-test/target/test-dir/MiniOzoneClusterImpl-3b2755de-4cfe-4b43-9e0d-73dd8eda8f75/datanode-0/data/ratis/2fea3c3c-6ec9-4356-9fdc-00abcb16aa03] INFO  impl.RaftServerImpl (RaftServerImpl.java:lambda$shutdown$3(245)) - dcc77c7b-1d37-448d-8d57-43d254561693: shutdown group-00ABCB16AA03
2019-09-19 14:05:14,070 [dcc77c7b-1d37-448d-8d57-43d254561693-SegmentedRaftLogWorker:Storage Directory /workdir/hadoop-ozone/integration-test/target/test-dir/MiniOzoneClusterImpl-3b2755de-4cfe-4b43-9e0d-73dd8eda8f75/datanode-0/data/ratis/056fd711-72ef-4867-a25d-b3b29087aaa0] INFO  util.JmxRegister (JmxRegister.java:unregister(73)) - Successfully un-registered JMX Bean with object name Ratis:service=RaftServer,group=group-B3B29087AAA0,id=dcc77c7b-1d37-448d-8d57-43d254561693
2019-09-19 14:05:16,948 [dcc77c7b-1d37-448d-8d57-43d254561693-SegmentedRaftLogWorker:Storage Directory /workdir/hadoop-ozone/integration-test/target/test-dir/MiniOzoneClusterImpl-3b2755de-4cfe-4b43-9e0d-73dd8eda8f75/datanode-0/data/ratis/056fd711-72ef-4867-a25d-b3b29087aaa0] INFO  impl.RoleInfo (RoleInfo.java:shutdownLeaderState(104)) - dcc77c7b-1d37-448d-8d57-43d254561693: shutdown LeaderState
2019-09-19 14:05:14,069 [dcc77c7b-1d37-448d-8d57-43d254561693-SegmentedRaftLogWorker:Storage Directory /workdir/hadoop-ozone/integration-test/target/test-dir/MiniOzoneClusterImpl-3b2755de-4cfe-4b43-9e0d-73dd8eda8f75/datanode-0/data/ratis/3c853461-9479-429b-9494-c0bcadc5d7d8] ERROR segmented.SegmentedRaftLogWorker (SegmentedRaftLogWorker.java:run(323)) - dcc77c7b-1d37-448d-8d57-43d254561693-SegmentedRaftLogWorker:Storage Directory /workdir/hadoop-ozone/integration-test/target/test-dir/MiniOzoneClusterImpl-3b2755de-4cfe-4b43-9e0d-73dd8eda8f75/datanode-0/data/ratis/3c853461-9479-429b-9494-c0bcadc5d7d8 hit exception
java.lang.OutOfMemoryError: Direct buffer memory
	at java.nio.Bits.reserveMemory(Bits.java:666)
	at java.nio.DirectByteBuffer.<init>(DirectByteBuffer.java:123)
	at java.nio.ByteBuffer.allocateDirect(ByteBuffer.java:311)
	at org.apache.ratis.server.raftlog.segmented.BufferedWriteChannel.<init>(BufferedWriteChannel.java:41)
	at org.apache.ratis.server.raftlog.segmented.SegmentedRaftLogOutputStream.<init>(SegmentedRaftLogOutputStream.java:72)
	at org.apache.ratis.server.raftlog.segmented.SegmentedRaftLogWorker$StartLogSegment.execute(SegmentedRaftLogWorker.java:566)
	at org.apache.ratis.server.raftlog.segmented.SegmentedRaftLogWorker.run(SegmentedRaftLogWorker.java:289)
	at java.lang.Thread.run(Thread.java:748)
2019-09-19 14:05:16,948 [dcc77c7b-1d37-448d-8d57-43d254561693-SegmentedRaftLogWorker:Storage Directory /workdir/hadoop-ozone/integration-test/target/test-dir/MiniOzoneClusterImpl-3b2755de-4cfe-4b43-9e0d-73dd8eda8f75/datanode-0/data/ratis/3c853461-9479-429b-9494-c0bcadc5d7d8] INFO  impl.RaftServerImpl (RaftServerImpl.java:lambda$shutdown$3(245)) - dcc77c7b-1d37-448d-8d57-43d254561693: shutdown group-C0BCADC5D7D8
2019-09-19 14:05:14,069 [dcc77c7b-1d37-448d-8d57-43d254561693-SegmentedRaftLogWorker:Storage Directory /workdir/hadoop-ozone/integration-test/target/test-dir/MiniOzoneClusterImpl-3b2755de-4cfe-4b43-9e0d-73dd8eda8f75/datanode-0/data/ratis/69bb65d1-9de7-4beb-a688-f1ab8729c726] ERROR segmented.SegmentedRaftLogWorker (SegmentedRaftLogWorker.java:run(323)) - dcc77c7b-1d37-448d-8d57-43d254561693-SegmentedRaftLogWorker:Storage Directory /workdir/hadoop-ozone/integration-test/target/test-dir/MiniOzoneClusterImpl-3b2755de-4cfe-4b43-9e0d-73dd8eda8f75/datanode-0/data/ratis/69bb65d1-9de7-4beb-a688-f1ab8729c726 hit exception
java.lang.OutOfMemoryError: Direct buffer memory
	at java.nio.Bits.reserveMemory(Bits.java:666)
	at java.nio.DirectByteBuffer.<init>(DirectByteBuffer.java:123)
	at java.nio.ByteBuffer.allocateDirect(ByteBuffer.java:311)
	at org.apache.ratis.server.raftlog.segmented.BufferedWriteChannel.<init>(BufferedWriteChannel.java:41)
	at org.apache.ratis.server.raftlog.segmented.SegmentedRaftLogOutputStream.<init>(SegmentedRaftLogOutputStream.java:72)
	at org.apache.ratis.server.raftlog.segmented.SegmentedRaftLogWorker$StartLogSegment.execute(SegmentedRaftLogWorker.java:566)
	at org.apache.ratis.server.raftlog.segmented.SegmentedRaftLogWorker.run(SegmentedRaftLogWorker.java:289)
	at java.lang.Thread.run(Thread.java:748)
2019-09-19 14:05:16,948 [dcc77c7b-1d37-448d-8d57-43d254561693-SegmentedRaftLogWorker:Storage Directory /workdir/hadoop-ozone/integration-test/target/test-dir/MiniOzoneClusterImpl-3b2755de-4cfe-4b43-9e0d-73dd8eda8f75/datanode-0/data/ratis/69bb65d1-9de7-4beb-a688-f1ab8729c726] INFO  impl.RaftServerImpl (RaftServerImpl.java:lambda$shutdown$3(245)) - dcc77c7b-1d37-448d-8d57-43d254561693: shutdown group-F1AB8729C726
2019-09-19 14:05:13,780 [dcc77c7b-1d37-448d-8d57-43d254561693:group-801B220FEE86:LeaderElection625] INFO  impl.RoleInfo (RoleInfo.java:updateAndGet(143)) - dcc77c7b-1d37-448d-8d57-43d254561693: start LeaderState
2019-09-19 14:05:13,780 [dcc77c7b-1d37-448d-8d57-43d254561693:group-7B8CEBFF5854:LeaderElection601] INFO  impl.RaftServerImpl (ServerState.java:setRaftConf(361)) - dcc77c7b-1d37-448d-8d57-43d254561693:group-7B8CEBFF5854 set configuration 0: [dcc77c7b-1d37-448d-8d57-43d254561693:192.168.157.226:34527], old=null at 0
2019-09-19 14:05:13,780 [dcc77c7b-1d37-448d-8d57-43d254561693-SegmentedRaftLogWorker:Storage Directory /workdir/hadoop-ozone/integration-test/target/test-dir/MiniOzoneClusterImpl-3b2755de-4cfe-4b43-9e0d-73dd8eda8f75/datanode-0/data/ratis/95dcca76-3e6d-463c-8c9e-8705eab60863] INFO  util.JmxRegister (JmxRegister.java:unregister(73)) - Successfully un-registered JMX Bean with object name Ratis:service=RaftServer,group=group-8705EAB60863,id=dcc77c7b-1d37-448d-8d57-43d254561693
2019-09-19 14:05:16,949 [dcc77c7b-1d37-448d-8d57-43d254561693-SegmentedRaftLogWorker:Storage Directory /workdir/hadoop-ozone/integration-test/target/test-dir/MiniOzoneClusterImpl-3b2755de-4cfe-4b43-9e0d-73dd8eda8f75/datanode-0/data/ratis/95dcca76-3e6d-463c-8c9e-8705eab60863] INFO  impl.RoleInfo (RoleInfo.java:shutdownLeaderState(104)) - dcc77c7b-1d37-448d-8d57-43d254561693: shutdown LeaderState
2019-09-19 14:05:13,779 [dcc77c7b-1d37-448d-8d57-43d254561693-SegmentedRaftLogWorker:Storage Directory /workdir/hadoop-ozone/integration-test/target/test-dir/MiniOzoneClusterImpl-3b2755de-4cfe-4b43-9e0d-73dd8eda8f75/datanode-0/data/ratis/f638db7c-e41a-4e11-b361-9054243d6a0e] INFO  impl.RaftServerImpl (RaftServerImpl.java:lambda$shutdown$3(245)) - dcc77c7b-1d37-448d-8d57-43d254561693: shutdown group-9054243D6A0E
2019-09-19 14:05:16,949 [dcc77c7b-1d37-448d-8d57-43d254561693-SegmentedRaftLogWorker:Storage Directory /workdir/hadoop-ozone/integration-test/target/test-dir/MiniOzoneClusterImpl-3b2755de-4cfe-4b43-9e0d-73dd8eda8f75/datanode-0/data/ratis/f638db7c-e41a-4e11-b361-9054243d6a0e] INFO  util.JmxRegister (JmxRegister.java:unregister(73)) - Successfully un-registered JMX Bean with object name Ratis:service=RaftServer,group=group-9054243D6A0E,id=dcc77c7b-1d37-448d-8d57-43d254561693
2019-09-19 14:05:13,779 [dcc77c7b-1d37-448d-8d57-43d254561693-SegmentedRaftLogWorker:Storage Directory /workdir/hadoop-ozone/integration-test/target/test-dir/MiniOzoneClusterImpl-3b2755de-4cfe-4b43-9e0d-73dd8eda8f75/datanode-0/data/ratis/364470fa-822d-4dd1-ae08-761da49682b2] INFO  util.JmxRegister (JmxRegister.java:unregister(73)) - Successfully un-registered JMX Bean with object name Ratis:service=RaftServer,group=group-761DA49682B2,id=dcc77c7b-1d37-448d-8d57-43d254561693
2019-09-19 14:05:13,778 [dcc77c7b-1d37-448d-8d57-43d254561693-SegmentedRaftLogWorker:Storage Directory /workdir/hadoop-ozone/integration-test/target/test-dir/MiniOzoneClusterImpl-3b2755de-4cfe-4b43-9e0d-73dd8eda8f75/datanode-0/data/ratis/db3fb848-7260-46b9-8164-8f62cc6b93f9] INFO  impl.RaftServerImpl (RaftServerImpl.java:lambda$shutdown$3(245)) - dcc77c7b-1d37-448d-8d57-43d254561693: shutdown group-8F62CC6B93F9
2019-09-19 14:05:13,478 [dcc77c7b-1d37-448d-8d57-43d254561693:group-FBD0D09AD849:LeaderElection607] INFO  impl.RaftServerImpl (ServerState.java:setRaftConf(361)) - dcc77c7b-1d37-448d-8d57-43d254561693:group-FBD0D09AD849 set configuration 0: [dcc77c7b-1d37-448d-8d57-43d254561693:192.168.157.226:34527], old=null at 0
2019-09-19 14:05:13,477 [dcc77c7b-1d37-448d-8d57-43d254561693:group-D44479695D46:LeaderElection608] INFO  segmented.SegmentedRaftLogWorker (SegmentedRaftLogWorker.java:startLogSegment(380)) - dcc77c7b-1d37-448d-8d57-43d254561693-SegmentedRaftLogWorker:Storage Directory /workdir/hadoop-ozone/integration-test/target/test-dir/MiniOzoneClusterImpl-3b2755de-4cfe-4b43-9e0d-73dd8eda8f75/datanode-0/data/ratis/4baffc22-c783-46ab-915d-d44479695d46: Starting segment from index:0
2019-09-19 14:05:13,474 [dcc77c7b-1d37-448d-8d57-43d254561693:group-FEB63AD957C4:LeaderElection603] INFO  segmented.SegmentedRaftLogWorker (SegmentedRaftLogWorker.java:startLogSegment(380)) - dcc77c7b-1d37-448d-8d57-43d254561693-SegmentedRaftLogWorker:Storage Directory /workdir/hadoop-ozone/integration-test/target/test-dir/MiniOzoneClusterImpl-3b2755de-4cfe-4b43-9e0d-73dd8eda8f75/datanode-0/data/ratis/c7f5a025-36b4-40f4-bf0c-feb63ad957c4: Starting segment from index:0
2019-09-19 14:05:16,950 [dcc77c7b-1d37-448d-8d57-43d254561693:group-D44479695D46:LeaderElection608] INFO  impl.RaftServerImpl (ServerState.java:setRaftConf(361)) - dcc77c7b-1d37-448d-8d57-43d254561693:group-D44479695D46 set configuration 0: [dcc77c7b-1d37-448d-8d57-43d254561693:192.168.157.226:34527], old=null at 0
2019-09-19 14:05:17,255 | INFO  | SCMAudit | user=jenkins1000 | ip=192.168.157.226 | op=SEND_HEARTBEAT {datanodeUUID=dcc77c7b-1d37-448d-8d57-43d254561693, command=[]} | ret=SUCCESS |  
2019-09-19 14:05:13,471 [dcc77c7b-1d37-448d-8d57-43d254561693:group-C22B218FA0A6:LeaderElection630] INFO  segmented.SegmentedRaftLogWorker (SegmentedRaftLogWorker.java:startLogSegment(380)) - dcc77c7b-1d37-448d-8d57-43d254561693-SegmentedRaftLogWorker:Storage Directory /workdir/hadoop-ozone/integration-test/target/test-dir/MiniOzoneClusterImpl-3b2755de-4cfe-4b43-9e0d-73dd8eda8f75/datanode-0/data/ratis/52a0a543-c338-4f27-821b-c22b218fa0a6: Starting segment from index:0
2019-09-19 14:05:13,471 [dcc77c7b-1d37-448d-8d57-43d254561693:group-0DAF98B9911C:LeaderElection635] INFO  server.RaftServerConfigKeys (ConfUtils.java:logGet(43)) - raft.server.watch.timeout = 10s (default)
2019-09-19 14:05:13,471 [dcc77c7b-1d37-448d-8d57-43d254561693:group-8B49C088430A:LeaderElection637] INFO  server.RaftServerConfigKeys (ConfUtils.java:logGet(43)) - raft.server.watch.timeout = 10s (default)
2019-09-19 14:05:13,470 [dcc77c7b-1d37-448d-8d57-43d254561693:group-007612E7CB3B:LeaderElection636] INFO  server.RaftServerConfigKeys (ConfUtils.java:logGet(43)) - raft.server.watch.timeout = 10s (default)
2019-09-19 14:05:13,470 [dcc77c7b-1d37-448d-8d57-43d254561693-SegmentedRaftLogWorker:Storage Directory /workdir/hadoop-ozone/integration-test/target/test-dir/MiniOzoneClusterImpl-3b2755de-4cfe-4b43-9e0d-73dd8eda8f75/datanode-0/data/ratis/5e736f07-e612-485f-8517-5585b1e8ef5d] INFO  segmented.SegmentedRaftLogWorker (SegmentedRaftLogWorker.java:close(228)) - dcc77c7b-1d37-448d-8d57-43d254561693-SegmentedRaftLogWorker:Storage Directory /workdir/hadoop-ozone/integration-test/target/test-dir/MiniOzoneClusterImpl-3b2755de-4cfe-4b43-9e0d-73dd8eda8f75/datanode-0/data/ratis/5e736f07-e612-485f-8517-5585b1e8ef5d close()
2019-09-19 14:05:17,756 | INFO  | SCMAudit | user=jenkins1000 | ip=192.168.157.226 | op=SEND_HEARTBEAT {datanodeUUID=dcc77c7b-1d37-448d-8d57-43d254561693, command=[]} | ret=SUCCESS |  
2019-09-19 14:05:13,465 [dcc77c7b-1d37-448d-8d57-43d254561693-SegmentedRaftLogWorker:Storage Directory /workdir/hadoop-ozone/integration-test/target/test-dir/MiniOzoneClusterImpl-3b2755de-4cfe-4b43-9e0d-73dd8eda8f75/datanode-0/data/ratis/5d2e0cd1-8afa-4dfd-8ba8-2522b1fb8d22] ERROR segmented.SegmentedRaftLogWorker (SegmentedRaftLogWorker.java:run(323)) - dcc77c7b-1d37-448d-8d57-43d254561693-SegmentedRaftLogWorker:Storage Directory /workdir/hadoop-ozone/integration-test/target/test-dir/MiniOzoneClusterImpl-3b2755de-4cfe-4b43-9e0d-73dd8eda8f75/datanode-0/data/ratis/5d2e0cd1-8afa-4dfd-8ba8-2522b1fb8d22 hit exception
java.lang.OutOfMemoryError: Direct buffer memory
	at java.nio.Bits.reserveMemory(Bits.java:666)
	at java.nio.DirectByteBuffer.<init>(DirectByteBuffer.java:123)
	at java.nio.ByteBuffer.allocateDirect(ByteBuffer.java:311)
	at org.apache.ratis.server.raftlog.segmented.BufferedWriteChannel.<init>(BufferedWriteChannel.java:41)
	at org.apache.ratis.server.raftlog.segmented.SegmentedRaftLogOutputStream.<init>(SegmentedRaftLogOutputStream.java:72)
	at org.apache.ratis.server.raftlog.segmented.SegmentedRaftLogWorker$StartLogSegment.execute(SegmentedRaftLogWorker.java:566)
	at org.apache.ratis.server.raftlog.segmented.SegmentedRaftLogWorker.run(SegmentedRaftLogWorker.java:289)
	at java.lang.Thread.run(Thread.java:748)
2019-09-19 14:05:17,757 [dcc77c7b-1d37-448d-8d57-43d254561693-SegmentedRaftLogWorker:Storage Directory /workdir/hadoop-ozone/integration-test/target/test-dir/MiniOzoneClusterImpl-3b2755de-4cfe-4b43-9e0d-73dd8eda8f75/datanode-0/data/ratis/5d2e0cd1-8afa-4dfd-8ba8-2522b1fb8d22] INFO  impl.RaftServerImpl (RaftServerImpl.java:lambda$shutdown$3(245)) - dcc77c7b-1d37-448d-8d57-43d254561693: shutdown group-2522B1FB8D22
2019-09-19 14:05:13,465 [dcc77c7b-1d37-448d-8d57-43d254561693-SegmentedRaftLogWorker:Storage Directory /workdir/hadoop-ozone/integration-test/target/test-dir/MiniOzoneClusterImpl-3b2755de-4cfe-4b43-9e0d-73dd8eda8f75/datanode-0/data/ratis/45a31879-6a8e-4e2e-b8c8-3d808b4b51c3] ERROR segmented.SegmentedRaftLogWorker (SegmentedRaftLogWorker.java:run(323)) - dcc77c7b-1d37-448d-8d57-43d254561693-SegmentedRaftLogWorker:Storage Directory /workdir/hadoop-ozone/integration-test/target/test-dir/MiniOzoneClusterImpl-3b2755de-4cfe-4b43-9e0d-73dd8eda8f75/datanode-0/data/ratis/45a31879-6a8e-4e2e-b8c8-3d808b4b51c3 hit exception
java.lang.OutOfMemoryError: Direct buffer memory
	at java.nio.Bits.reserveMemory(Bits.java:666)
	at java.nio.DirectByteBuffer.<init>(DirectByteBuffer.java:123)
	at java.nio.ByteBuffer.allocateDirect(ByteBuffer.java:311)
	at org.apache.ratis.server.raftlog.segmented.BufferedWriteChannel.<init>(BufferedWriteChannel.java:41)
	at org.apache.ratis.server.raftlog.segmented.SegmentedRaftLogOutputStream.<init>(SegmentedRaftLogOutputStream.java:72)
	at org.apache.ratis.server.raftlog.segmented.SegmentedRaftLogWorker$StartLogSegment.execute(SegmentedRaftLogWorker.java:566)
	at org.apache.ratis.server.raftlog.segmented.SegmentedRaftLogWorker.run(SegmentedRaftLogWorker.java:289)
	at java.lang.Thread.run(Thread.java:748)
2019-09-19 14:05:17,757 [dcc77c7b-1d37-448d-8d57-43d254561693-SegmentedRaftLogWorker:Storage Directory /workdir/hadoop-ozone/integration-test/target/test-dir/MiniOzoneClusterImpl-3b2755de-4cfe-4b43-9e0d-73dd8eda8f75/datanode-0/data/ratis/45a31879-6a8e-4e2e-b8c8-3d808b4b51c3] INFO  impl.RaftServerImpl (RaftServerImpl.java:lambda$shutdown$3(245)) - dcc77c7b-1d37-448d-8d57-43d254561693: shutdown group-3D808B4B51C3
2019-09-19 14:05:13,116 [dcc77c7b-1d37-448d-8d57-43d254561693:group-4467D65330C2:LeaderElection624] INFO  impl.RaftServerImpl (ServerState.java:setRaftConf(361)) - dcc77c7b-1d37-448d-8d57-43d254561693:group-4467D65330C2 set configuration 0: [dcc77c7b-1d37-448d-8d57-43d254561693:192.168.157.226:34527], old=null at 0
2019-09-19 14:05:13,116 [dcc77c7b-1d37-448d-8d57-43d254561693:group-5058C03AF78E:LeaderElection627] INFO  impl.RoleInfo (RoleInfo.java:updateAndGet(143)) - dcc77c7b-1d37-448d-8d57-43d254561693: start LeaderState
2019-09-19 14:05:17,760 | INFO  | SCMAudit | user=jenkins1000 | ip=192.168.157.226 | op=SEND_HEARTBEAT {datanodeUUID=dcc77c7b-1d37-448d-8d57-43d254561693, command=[]} | ret=SUCCESS |  
2019-09-19 14:05:13,116 [dcc77c7b-1d37-448d-8d57-43d254561693:group-332CF7478EA4:LeaderElection658] INFO  impl.RaftServerImpl (ServerState.java:setLeader(263)) - dcc77c7b-1d37-448d-8d57-43d254561693:group-332CF7478EA4 change Leader from null to dcc77c7b-1d37-448d-8d57-43d254561693 at term 1 for becomeLeader, leader elected after 18701ms
2019-09-19 14:05:13,116 [dcc77c7b-1d37-448d-8d57-43d254561693:group-FE83F846C166:LeaderElection657] INFO  server.RaftServerConfigKeys (ConfUtils.java:logGet(43)) - raft.server.staging.catchup.gap = 1000 (default)
2019-09-19 14:05:13,116 [dcc77c7b-1d37-448d-8d57-43d254561693:group-64275F144400:LeaderElection663] INFO  impl.RaftServerImpl (ServerState.java:setLeader(263)) - dcc77c7b-1d37-448d-8d57-43d254561693:group-64275F144400 change Leader from null to dcc77c7b-1d37-448d-8d57-43d254561693 at term 1 for becomeLeader, leader elected after 18232ms
2019-09-19 14:05:13,115 [dcc77c7b-1d37-448d-8d57-43d254561693:group-C4C3DBF2EB40:LeaderElection656] INFO  impl.RaftServerImpl (ServerState.java:setLeader(263)) - dcc77c7b-1d37-448d-8d57-43d254561693:group-C4C3DBF2EB40 change Leader from null to dcc77c7b-1d37-448d-8d57-43d254561693 at term 1 for becomeLeader, leader elected after 18555ms
2019-09-19 14:05:13,115 [dcc77c7b-1d37-448d-8d57-43d254561693:group-F883EB7B65C2:LeaderElection665] INFO  impl.RaftServerImpl (ServerState.java:setLeader(263)) - dcc77c7b-1d37-448d-8d57-43d254561693:group-F883EB7B65C2 change Leader from null to dcc77c7b-1d37-448d-8d57-43d254561693 at term 1 for becomeLeader, leader elected after 18382ms
2019-09-19 14:05:13,115 [dcc77c7b-1d37-448d-8d57-43d254561693-SegmentedRaftLogWorker:Storage Directory /workdir/hadoop-ozone/integration-test/target/test-dir/MiniOzoneClusterImpl-3b2755de-4cfe-4b43-9e0d-73dd8eda8f75/datanode-0/data/ratis/cc0a98a1-5529-44b2-91aa-9c89c73bb343] INFO  util.JmxRegister (JmxRegister.java:unregister(73)) - Successfully un-registered JMX Bean with object name Ratis:service=RaftServer,group=group-9C89C73BB343,id=dcc77c7b-1d37-448d-8d57-43d254561693
2019-09-19 14:05:17,761 [dcc77c7b-1d37-448d-8d57-43d254561693:group-F883EB7B65C2:LeaderElection665] INFO  server.RaftServerConfigKeys (ConfUtils.java:logGet(43)) - raft.server.staging.catchup.gap = 1000 (default)
2019-09-19 14:05:17,761 [dcc77c7b-1d37-448d-8d57-43d254561693:group-F883EB7B65C2:LeaderElection665] INFO  server.RaftServerConfigKeys (ConfUtils.java:logGet(43)) - raft.server.rpc.sleep.time = 25ms (default)
2019-09-19 14:05:17,761 [dcc77c7b-1d37-448d-8d57-43d254561693:group-C4C3DBF2EB40:LeaderElection656] INFO  server.RaftServerConfigKeys (ConfUtils.java:logGet(43)) - raft.server.staging.catchup.gap = 1000 (default)
2019-09-19 14:05:17,761 [dcc77c7b-1d37-448d-8d57-43d254561693:group-C4C3DBF2EB40:LeaderElection656] INFO  server.RaftServerConfigKeys (ConfUtils.java:logGet(43)) - raft.server.rpc.sleep.time = 25ms (default)
2019-09-19 14:05:17,761 [dcc77c7b-1d37-448d-8d57-43d254561693:group-64275F144400:LeaderElection663] INFO  server.RaftServerConfigKeys (ConfUtils.java:logGet(43)) - raft.server.staging.catchup.gap = 1000 (default)
2019-09-19 14:05:17,760 [dcc77c7b-1d37-448d-8d57-43d254561693:group-FE83F846C166:LeaderElection657] INFO  server.RaftServerConfigKeys (ConfUtils.java:logGet(43)) - raft.server.rpc.sleep.time = 25ms (default)
2019-09-19 14:05:17,762 [dcc77c7b-1d37-448d-8d57-43d254561693:group-FE83F846C166:LeaderElection657] INFO  server.RaftServerConfigKeys (ConfUtils.java:logGet(43)) - raft.server.write.element-limit = 4096 (default)
2019-09-19 14:05:17,760 [dcc77c7b-1d37-448d-8d57-43d254561693:group-332CF7478EA4:LeaderElection658] INFO  server.RaftServerConfigKeys (ConfUtils.java:logGet(43)) - raft.server.staging.catchup.gap = 1000 (default)
2019-09-19 14:05:17,760 [dcc77c7b-1d37-448d-8d57-43d254561693:group-5058C03AF78E:LeaderElection627] INFO  segmented.SegmentedRaftLogWorker (SegmentedRaftLogWorker.java:startLogSegment(380)) - dcc77c7b-1d37-448d-8d57-43d254561693-SegmentedRaftLogWorker:Storage Directory /workdir/hadoop-ozone/integration-test/target/test-dir/MiniOzoneClusterImpl-3b2755de-4cfe-4b43-9e0d-73dd8eda8f75/datanode-0/data/ratis/7679cf48-2fd9-4db1-a1e6-5058c03af78e: Starting segment from index:0
2019-09-19 14:05:17,757 [dcc77c7b-1d37-448d-8d57-43d254561693-SegmentedRaftLogWorker:Storage Directory /workdir/hadoop-ozone/integration-test/target/test-dir/MiniOzoneClusterImpl-3b2755de-4cfe-4b43-9e0d-73dd8eda8f75/datanode-0/data/ratis/45a31879-6a8e-4e2e-b8c8-3d808b4b51c3] INFO  util.JmxRegister (JmxRegister.java:unregister(73)) - Successfully un-registered JMX Bean with object name Ratis:service=RaftServer,group=group-3D808B4B51C3,id=dcc77c7b-1d37-448d-8d57-43d254561693
2019-09-19 14:05:17,763 [dcc77c7b-1d37-448d-8d57-43d254561693-SegmentedRaftLogWorker:Storage Directory /workdir/hadoop-ozone/integration-test/target/test-dir/MiniOzoneClusterImpl-3b2755de-4cfe-4b43-9e0d-73dd8eda8f75/datanode-0/data/ratis/45a31879-6a8e-4e2e-b8c8-3d808b4b51c3] INFO  impl.RoleInfo (RoleInfo.java:shutdownLeaderState(104)) - dcc77c7b-1d37-448d-8d57-43d254561693: shutdown LeaderState
2019-09-19 14:05:17,757 [dcc77c7b-1d37-448d-8d57-43d254561693-SegmentedRaftLogWorker:Storage Directory /workdir/hadoop-ozone/integration-test/target/test-dir/MiniOzoneClusterImpl-3b2755de-4cfe-4b43-9e0d-73dd8eda8f75/datanode-0/data/ratis/5d2e0cd1-8afa-4dfd-8ba8-2522b1fb8d22] INFO  util.JmxRegister (JmxRegister.java:unregister(73)) - Successfully un-registered JMX Bean with object name Ratis:service=RaftServer,group=group-2522B1FB8D22,id=dcc77c7b-1d37-448d-8d57-43d254561693
2019-09-19 14:05:18,049 | INFO  | SCMAudit | user=jenkins1000 | ip=192.168.157.226 | op=SEND_HEARTBEAT {datanodeUUID=dcc77c7b-1d37-448d-8d57-43d254561693, command=[]} | ret=SUCCESS |  
2019-09-19 14:05:17,756 [dcc77c7b-1d37-448d-8d57-43d254561693:group-007612E7CB3B:LeaderElection636] INFO  server.RaftServerConfigKeys (ConfUtils.java:logGet(43)) - raft.server.watch.timeout.denomination = 1s (default)
2019-09-19 14:05:17,756 [dcc77c7b-1d37-448d-8d57-43d254561693-SegmentedRaftLogWorker:Storage Directory /workdir/hadoop-ozone/integration-test/target/test-dir/MiniOzoneClusterImpl-3b2755de-4cfe-4b43-9e0d-73dd8eda8f75/datanode-0/data/ratis/180b95ab-2348-4fbe-9c3c-d04acbf66747] ERROR segmented.SegmentedRaftLogWorker (SegmentedRaftLogWorker.java:run(323)) - dcc77c7b-1d37-448d-8d57-43d254561693-SegmentedRaftLogWorker:Storage Directory /workdir/hadoop-ozone/integration-test/target/test-dir/MiniOzoneClusterImpl-3b2755de-4cfe-4b43-9e0d-73dd8eda8f75/datanode-0/data/ratis/180b95ab-2348-4fbe-9c3c-d04acbf66747 hit exception
java.lang.OutOfMemoryError: Direct buffer memory
	at java.nio.Bits.reserveMemory(Bits.java:666)
	at java.nio.DirectByteBuffer.<init>(DirectByteBuffer.java:123)
	at java.nio.ByteBuffer.allocateDirect(ByteBuffer.java:311)
	at org.apache.ratis.server.raftlog.segmented.BufferedWriteChannel.<init>(BufferedWriteChannel.java:41)
	at org.apache.ratis.server.raftlog.segmented.SegmentedRaftLogOutputStream.<init>(SegmentedRaftLogOutputStream.java:72)
	at org.apache.ratis.server.raftlog.segmented.SegmentedRaftLogWorker$StartLogSegment.execute(SegmentedRaftLogWorker.java:566)
	at org.apache.ratis.server.raftlog.segmented.SegmentedRaftLogWorker.run(SegmentedRaftLogWorker.java:289)
	at java.lang.Thread.run(Thread.java:748)
2019-09-19 14:05:18,051 [dcc77c7b-1d37-448d-8d57-43d254561693-SegmentedRaftLogWorker:Storage Directory /workdir/hadoop-ozone/integration-test/target/test-dir/MiniOzoneClusterImpl-3b2755de-4cfe-4b43-9e0d-73dd8eda8f75/datanode-0/data/ratis/180b95ab-2348-4fbe-9c3c-d04acbf66747] INFO  impl.RaftServerImpl (RaftServerImpl.java:lambda$shutdown$3(245)) - dcc77c7b-1d37-448d-8d57-43d254561693: shutdown group-D04ACBF66747
2019-09-19 14:05:17,755 [dcc77c7b-1d37-448d-8d57-43d254561693-SegmentedRaftLogWorker:Storage Directory /workdir/hadoop-ozone/integration-test/target/test-dir/MiniOzoneClusterImpl-3b2755de-4cfe-4b43-9e0d-73dd8eda8f75/datanode-0/data/ratis/ec304384-7b14-4c7f-8d01-6097693610f3] ERROR segmented.SegmentedRaftLogWorker (SegmentedRaftLogWorker.java:run(323)) - dcc77c7b-1d37-448d-8d57-43d254561693-SegmentedRaftLogWorker:Storage Directory /workdir/hadoop-ozone/integration-test/target/test-dir/MiniOzoneClusterImpl-3b2755de-4cfe-4b43-9e0d-73dd8eda8f75/datanode-0/data/ratis/ec304384-7b14-4c7f-8d01-6097693610f3 hit exception
java.lang.OutOfMemoryError: Direct buffer memory
	at java.nio.Bits.reserveMemory(Bits.java:666)
	at java.nio.DirectByteBuffer.<init>(DirectByteBuffer.java:123)
	at java.nio.ByteBuffer.allocateDirect(ByteBuffer.java:311)
	at org.apache.ratis.server.raftlog.segmented.BufferedWriteChannel.<init>(BufferedWriteChannel.java:41)
	at org.apache.ratis.server.raftlog.segmented.SegmentedRaftLogOutputStream.<init>(SegmentedRaftLogOutputStream.java:72)
	at org.apache.ratis.server.raftlog.segmented.SegmentedRaftLogWorker$StartLogSegment.execute(SegmentedRaftLogWorker.java:566)
	at org.apache.ratis.server.raftlog.segmented.SegmentedRaftLogWorker.run(SegmentedRaftLogWorker.java:289)
	at java.lang.Thread.run(Thread.java:748)
2019-09-19 14:05:17,755 [dcc77c7b-1d37-448d-8d57-43d254561693-SegmentedRaftLogWorker:Storage Directory /workdir/hadoop-ozone/integration-test/target/test-dir/MiniOzoneClusterImpl-3b2755de-4cfe-4b43-9e0d-73dd8eda8f75/datanode-0/data/ratis/b0645890-24a1-457a-85dc-6edc13e5aa9d] ERROR segmented.SegmentedRaftLogWorker (SegmentedRaftLogWorker.java:run(323)) - dcc77c7b-1d37-448d-8d57-43d254561693-SegmentedRaftLogWorker:Storage Directory /workdir/hadoop-ozone/integration-test/target/test-dir/MiniOzoneClusterImpl-3b2755de-4cfe-4b43-9e0d-73dd8eda8f75/datanode-0/data/ratis/b0645890-24a1-457a-85dc-6edc13e5aa9d hit exception
java.lang.OutOfMemoryError: Direct buffer memory
	at java.nio.Bits.reserveMemory(Bits.java:666)
	at java.nio.DirectByteBuffer.<init>(DirectByteBuffer.java:123)
	at java.nio.ByteBuffer.allocateDirect(ByteBuffer.java:311)
	at org.apache.ratis.server.raftlog.segmented.BufferedWriteChannel.<init>(BufferedWriteChannel.java:41)
	at org.apache.ratis.server.raftlog.segmented.SegmentedRaftLogOutputStream.<init>(SegmentedRaftLogOutputStream.java:72)
	at org.apache.ratis.server.raftlog.segmented.SegmentedRaftLogWorker$StartLogSegment.execute(SegmentedRaftLogWorker.java:566)
	at org.apache.ratis.server.raftlog.segmented.SegmentedRaftLogWorker.run(SegmentedRaftLogWorker.java:289)
	at java.lang.Thread.run(Thread.java:748)
2019-09-19 14:05:18,052 [dcc77c7b-1d37-448d-8d57-43d254561693-SegmentedRaftLogWorker:Storage Directory /workdir/hadoop-ozone/integration-test/target/test-dir/MiniOzoneClusterImpl-3b2755de-4cfe-4b43-9e0d-73dd8eda8f75/datanode-0/data/ratis/b0645890-24a1-457a-85dc-6edc13e5aa9d] INFO  impl.RaftServerImpl (RaftServerImpl.java:lambda$shutdown$3(245)) - dcc77c7b-1d37-448d-8d57-43d254561693: shutdown group-6EDC13E5AA9D
2019-09-19 14:05:17,489 [dcc77c7b-1d37-448d-8d57-43d254561693:group-8B49C088430A:LeaderElection637] INFO  server.RaftServerConfigKeys (ConfUtils.java:logGet(43)) - raft.server.watch.timeout.denomination = 1s (default)
2019-09-19 14:05:17,489 [dcc77c7b-1d37-448d-8d57-43d254561693:group-C22B218FA0A6:LeaderElection630] INFO  impl.RaftServerImpl (ServerState.java:setRaftConf(361)) - dcc77c7b-1d37-448d-8d57-43d254561693:group-C22B218FA0A6 set configuration 0: [dcc77c7b-1d37-448d-8d57-43d254561693:192.168.157.226:34527], old=null at 0
2019-09-19 14:05:17,489 [dcc77c7b-1d37-448d-8d57-43d254561693:group-0DAF98B9911C:LeaderElection635] INFO  server.RaftServerConfigKeys (ConfUtils.java:logGet(43)) - raft.server.watch.timeout.denomination = 1s (default)
2019-09-19 14:05:17,255 [dcc77c7b-1d37-448d-8d57-43d254561693:group-FEB63AD957C4:LeaderElection603] INFO  impl.RaftServerImpl (ServerState.java:setRaftConf(361)) - dcc77c7b-1d37-448d-8d57-43d254561693:group-FEB63AD957C4 set configuration 0: [dcc77c7b-1d37-448d-8d57-43d254561693:192.168.157.226:34527], old=null at 0
2019-09-19 14:05:16,950 [dcc77c7b-1d37-448d-8d57-43d254561693-SegmentedRaftLogWorker:Storage Directory /workdir/hadoop-ozone/integration-test/target/test-dir/MiniOzoneClusterImpl-3b2755de-4cfe-4b43-9e0d-73dd8eda8f75/datanode-0/data/ratis/db3fb848-7260-46b9-8164-8f62cc6b93f9] INFO  util.JmxRegister (JmxRegister.java:unregister(73)) - Successfully un-registered JMX Bean with object name Ratis:service=RaftServer,group=group-8F62CC6B93F9,id=dcc77c7b-1d37-448d-8d57-43d254561693
2019-09-19 14:05:18,053 [dcc77c7b-1d37-448d-8d57-43d254561693-SegmentedRaftLogWorker:Storage Directory /workdir/hadoop-ozone/integration-test/target/test-dir/MiniOzoneClusterImpl-3b2755de-4cfe-4b43-9e0d-73dd8eda8f75/datanode-0/data/ratis/db3fb848-7260-46b9-8164-8f62cc6b93f9] INFO  impl.RoleInfo (RoleInfo.java:shutdownLeaderState(104)) - dcc77c7b-1d37-448d-8d57-43d254561693: shutdown LeaderState
2019-09-19 14:05:16,950 [dcc77c7b-1d37-448d-8d57-43d254561693-SegmentedRaftLogWorker:Storage Directory /workdir/hadoop-ozone/integration-test/target/test-dir/MiniOzoneClusterImpl-3b2755de-4cfe-4b43-9e0d-73dd8eda8f75/datanode-0/data/ratis/364470fa-822d-4dd1-ae08-761da49682b2] INFO  impl.RoleInfo (RoleInfo.java:shutdownLeaderState(104)) - dcc77c7b-1d37-448d-8d57-43d254561693: shutdown LeaderState
2019-09-19 14:05:16,950 [dcc77c7b-1d37-448d-8d57-43d254561693-SegmentedRaftLogWorker:Storage Directory /workdir/hadoop-ozone/integration-test/target/test-dir/MiniOzoneClusterImpl-3b2755de-4cfe-4b43-9e0d-73dd8eda8f75/datanode-0/data/ratis/f638db7c-e41a-4e11-b361-9054243d6a0e] INFO  impl.RoleInfo (RoleInfo.java:shutdownLeaderState(104)) - dcc77c7b-1d37-448d-8d57-43d254561693: shutdown LeaderState
2019-09-19 14:05:16,949 [dcc77c7b-1d37-448d-8d57-43d254561693-SegmentedRaftLogWorker:Storage Directory /workdir/hadoop-ozone/integration-test/target/test-dir/MiniOzoneClusterImpl-3b2755de-4cfe-4b43-9e0d-73dd8eda8f75/datanode-0/data/ratis/95dcca76-3e6d-463c-8c9e-8705eab60863] INFO  impl.PendingRequests (PendingRequests.java:sendNotLeaderResponses(202)) - dcc77c7b-1d37-448d-8d57-43d254561693-PendingRequests: sendNotLeaderResponses
2019-09-19 14:05:16,949 [dcc77c7b-1d37-448d-8d57-43d254561693:group-801B220FEE86:LeaderElection625] INFO  segmented.SegmentedRaftLogWorker (SegmentedRaftLogWorker.java:startLogSegment(380)) - dcc77c7b-1d37-448d-8d57-43d254561693-SegmentedRaftLogWorker:Storage Directory /workdir/hadoop-ozone/integration-test/target/test-dir/MiniOzoneClusterImpl-3b2755de-4cfe-4b43-9e0d-73dd8eda8f75/datanode-0/data/ratis/ed873b42-ab25-4cc7-84ac-801b220fee86: Starting segment from index:0
2019-09-19 14:05:16,949 [dcc77c7b-1d37-448d-8d57-43d254561693-SegmentedRaftLogWorker:Storage Directory /workdir/hadoop-ozone/integration-test/target/test-dir/MiniOzoneClusterImpl-3b2755de-4cfe-4b43-9e0d-73dd8eda8f75/datanode-0/data/ratis/69bb65d1-9de7-4beb-a688-f1ab8729c726] INFO  util.JmxRegister (JmxRegister.java:unregister(73)) - Successfully un-registered JMX Bean with object name Ratis:service=RaftServer,group=group-F1AB8729C726,id=dcc77c7b-1d37-448d-8d57-43d254561693
2019-09-19 14:05:18,054 [dcc77c7b-1d37-448d-8d57-43d254561693-SegmentedRaftLogWorker:Storage Directory /workdir/hadoop-ozone/integration-test/target/test-dir/MiniOzoneClusterImpl-3b2755de-4cfe-4b43-9e0d-73dd8eda8f75/datanode-0/data/ratis/69bb65d1-9de7-4beb-a688-f1ab8729c726] INFO  impl.RoleInfo (RoleInfo.java:shutdownLeaderState(104)) - dcc77c7b-1d37-448d-8d57-43d254561693: shutdown LeaderState
2019-09-19 14:05:16,948 [dcc77c7b-1d37-448d-8d57-43d254561693-SegmentedRaftLogWorker:Storage Directory /workdir/hadoop-ozone/integration-test/target/test-dir/MiniOzoneClusterImpl-3b2755de-4cfe-4b43-9e0d-73dd8eda8f75/datanode-0/data/ratis/3c853461-9479-429b-9494-c0bcadc5d7d8] INFO  util.JmxRegister (JmxRegister.java:unregister(73)) - Successfully un-registered JMX Bean with object name Ratis:service=RaftServer,group=group-C0BCADC5D7D8,id=dcc77c7b-1d37-448d-8d57-43d254561693
2019-09-19 14:05:18,344 [dcc77c7b-1d37-448d-8d57-43d254561693-SegmentedRaftLogWorker:Storage Directory /workdir/hadoop-ozone/integration-test/target/test-dir/MiniOzoneClusterImpl-3b2755de-4cfe-4b43-9e0d-73dd8eda8f75/datanode-0/data/ratis/3c853461-9479-429b-9494-c0bcadc5d7d8] INFO  impl.RoleInfo (RoleInfo.java:shutdownLeaderState(104)) - dcc77c7b-1d37-448d-8d57-43d254561693: shutdown LeaderState
2019-09-19 14:05:16,948 [dcc77c7b-1d37-448d-8d57-43d254561693-SegmentedRaftLogWorker:Storage Directory /workdir/hadoop-ozone/integration-test/target/test-dir/MiniOzoneClusterImpl-3b2755de-4cfe-4b43-9e0d-73dd8eda8f75/datanode-0/data/ratis/056fd711-72ef-4867-a25d-b3b29087aaa0] INFO  impl.PendingRequests (PendingRequests.java:sendNotLeaderResponses(202)) - dcc77c7b-1d37-448d-8d57-43d254561693-PendingRequests: sendNotLeaderResponses
2019-09-19 14:05:18,345 | INFO  | SCMAudit | user=jenkins1000 | ip=192.168.157.226 | op=SEND_HEARTBEAT {datanodeUUID=dcc77c7b-1d37-448d-8d57-43d254561693, command=[]} | ret=SUCCESS |  
2019-09-19 14:05:16,948 [dcc77c7b-1d37-448d-8d57-43d254561693-SegmentedRaftLogWorker:Storage Directory /workdir/hadoop-ozone/integration-test/target/test-dir/MiniOzoneClusterImpl-3b2755de-4cfe-4b43-9e0d-73dd8eda8f75/datanode-0/data/ratis/2fea3c3c-6ec9-4356-9fdc-00abcb16aa03] INFO  util.JmxRegister (JmxRegister.java:unregister(73)) - Successfully un-registered JMX Bean with object name Ratis:service=RaftServer,group=group-00ABCB16AA03,id=dcc77c7b-1d37-448d-8d57-43d254561693
2019-09-19 14:05:18,345 [dcc77c7b-1d37-448d-8d57-43d254561693-SegmentedRaftLogWorker:Storage Directory /workdir/hadoop-ozone/integration-test/target/test-dir/MiniOzoneClusterImpl-3b2755de-4cfe-4b43-9e0d-73dd8eda8f75/datanode-0/data/ratis/2fea3c3c-6ec9-4356-9fdc-00abcb16aa03] INFO  impl.RoleInfo (RoleInfo.java:shutdownLeaderState(104)) - dcc77c7b-1d37-448d-8d57-43d254561693: shutdown LeaderState
2019-09-19 14:05:16,947 [dcc77c7b-1d37-448d-8d57-43d254561693:group-A448A7A95FAE:LeaderElection689] INFO  impl.LeaderElection (LeaderElection.java:askForVotes(181)) - dcc77c7b-1d37-448d-8d57-43d254561693:group-A448A7A95FAE:LeaderElection689: begin an election at term 1 for -1: [dcc77c7b-1d37-448d-8d57-43d254561693:192.168.157.226:34527], old=null
2019-09-19 14:05:16,947 [dcc77c7b-1d37-448d-8d57-43d254561693-SegmentedRaftLogWorker:Storage Directory /workdir/hadoop-ozone/integration-test/target/test-dir/MiniOzoneClusterImpl-3b2755de-4cfe-4b43-9e0d-73dd8eda8f75/datanode-0/data/ratis/c2f8a40a-eab5-4d2f-ac26-aefe1d75de75] INFO  impl.PendingRequests (PendingRequests.java:sendNotLeaderResponses(202)) - dcc77c7b-1d37-448d-8d57-43d254561693-PendingRequests: sendNotLeaderResponses
2019-09-19 14:05:16,947 [dcc77c7b-1d37-448d-8d57-43d254561693-SegmentedRaftLogWorker:Storage Directory /workdir/hadoop-ozone/integration-test/target/test-dir/MiniOzoneClusterImpl-3b2755de-4cfe-4b43-9e0d-73dd8eda8f75/datanode-0/data/ratis/c10b78a9-67e9-4f55-be11-f426ba34ee2b] INFO  impl.PendingRequests (PendingRequests.java:sendNotLeaderResponses(202)) - dcc77c7b-1d37-448d-8d57-43d254561693-PendingRequests: sendNotLeaderResponses
2019-09-19 14:05:16,946 [dcc77c7b-1d37-448d-8d57-43d254561693-SegmentedRaftLogWorker:Storage Directory /workdir/hadoop-ozone/integration-test/target/test-dir/MiniOzoneClusterImpl-3b2755de-4cfe-4b43-9e0d-73dd8eda8f75/datanode-0/data/ratis/13e365e2-082e-427c-9029-8dbed52dd969] INFO  util.JmxRegister (JmxRegister.java:unregister(73)) - Successfully un-registered JMX Bean with object name Ratis:service=RaftServer,group=group-8DBED52DD969,id=dcc77c7b-1d37-448d-8d57-43d254561693
2019-09-19 14:05:16,946 [dcc77c7b-1d37-448d-8d57-43d254561693-SegmentedRaftLogWorker:Storage Directory /workdir/hadoop-ozone/integration-test/target/test-dir/MiniOzoneClusterImpl-3b2755de-4cfe-4b43-9e0d-73dd8eda8f75/datanode-0/data/ratis/0bcb92b1-8f88-4bb5-a8d7-c61393b9958e] INFO  impl.PendingRequests (PendingRequests.java:sendNotLeaderResponses(202)) - dcc77c7b-1d37-448d-8d57-43d254561693-PendingRequests: sendNotLeaderResponses
2019-09-19 14:05:16,946 [dcc77c7b-1d37-448d-8d57-43d254561693-SegmentedRaftLogWorker:Storage Directory /workdir/hadoop-ozone/integration-test/target/test-dir/MiniOzoneClusterImpl-3b2755de-4cfe-4b43-9e0d-73dd8eda8f75/datanode-0/data/ratis/00b76e0c-516e-486f-8902-bcc62b444d9d] INFO  impl.RoleInfo (RoleInfo.java:shutdownLeaderState(104)) - dcc77c7b-1d37-448d-8d57-43d254561693: shutdown LeaderState
2019-09-19 14:05:16,946 [dcc77c7b-1d37-448d-8d57-43d254561693:group-D788F79D6955:LeaderElection606] INFO  segmented.SegmentedRaftLogWorker (SegmentedRaftLogWorker.java:startLogSegment(380)) - dcc77c7b-1d37-448d-8d57-43d254561693-SegmentedRaftLogWorker:Storage Directory /workdir/hadoop-ozone/integration-test/target/test-dir/MiniOzoneClusterImpl-3b2755de-4cfe-4b43-9e0d-73dd8eda8f75/datanode-0/data/ratis/774be42b-925e-43de-a34a-d788f79d6955: Starting segment from index:0
2019-09-19 14:05:16,946 [dcc77c7b-1d37-448d-8d57-43d254561693:group-26A6A6CCFAD8:LeaderElection660] INFO  server.RaftServerConfigKeys (ConfUtils.java:logGet(43)) - raft.server.write.element-limit = 4096 (default)
2019-09-19 14:05:16,946 [dcc77c7b-1d37-448d-8d57-43d254561693:group-BB4770E0F3FD:LeaderElection655] INFO  server.RaftServerConfigKeys (ConfUtils.java:logGet(43)) - raft.server.write.element-limit = 4096 (default)
2019-09-19 14:05:18,629 | INFO  | SCMAudit | user=jenkins1000 | ip=192.168.157.226 | op=SEND_HEARTBEAT {datanodeUUID=dcc77c7b-1d37-448d-8d57-43d254561693, command=[]} | ret=SUCCESS |  
2019-09-19 14:05:18,629 [dcc77c7b-1d37-448d-8d57-43d254561693:group-BB4770E0F3FD:LeaderElection655] INFO  server.RaftServerConfigKeys (ConfUtils.java:logGet(43)) - raft.server.watch.timeout = 10s (default)
2019-09-19 14:05:16,945 [dcc77c7b-1d37-448d-8d57-43d254561693:group-101271AE1179:LeaderElection659] INFO  server.RaftServerConfigKeys (ConfUtils.java:logGet(43)) - raft.server.write.element-limit = 4096 (default)
2019-09-19 14:05:16,945 [pool-58-thread-1] INFO  impl.RaftServerImpl (RaftServerImpl.java:start(180)) - dcc77c7b-1d37-448d-8d57-43d254561693: start group-5AA8F96077A0
2019-09-19 14:05:18,629 [pool-58-thread-1] INFO  impl.RaftServerImpl (RaftServerImpl.java:setRole(171)) - dcc77c7b-1d37-448d-8d57-43d254561693:group-5AA8F96077A0 changes role from null to FOLLOWER at term 0 for startAsFollower
2019-09-19 14:05:16,945 [dcc77c7b-1d37-448d-8d57-43d254561693:group-78B7DFC7FE28:LeaderElection661] INFO  server.RaftServerConfigKeys (ConfUtils.java:logGet(43)) - raft.server.watch.timeout = 10s (default)
2019-09-19 14:05:18,630 [dcc77c7b-1d37-448d-8d57-43d254561693:group-78B7DFC7FE28:LeaderElection661] INFO  server.RaftServerConfigKeys (ConfUtils.java:logGet(43)) - raft.server.watch.timeout.denomination = 1s (default)
2019-09-19 14:05:16,945 [dcc77c7b-1d37-448d-8d57-43d254561693-SegmentedRaftLogWorker:Storage Directory /workdir/hadoop-ozone/integration-test/target/test-dir/MiniOzoneClusterImpl-3b2755de-4cfe-4b43-9e0d-73dd8eda8f75/datanode-0/data/ratis/bc979890-6b93-4c34-92f4-973f91c20342] INFO  impl.PendingRequests (PendingRequests.java:sendNotLeaderResponses(202)) - dcc77c7b-1d37-448d-8d57-43d254561693-PendingRequests: sendNotLeaderResponses
2019-09-19 14:05:16,944 [dcc77c7b-1d37-448d-8d57-43d254561693-SegmentedRaftLogWorker:Storage Directory /workdir/hadoop-ozone/integration-test/target/test-dir/MiniOzoneClusterImpl-3b2755de-4cfe-4b43-9e0d-73dd8eda8f75/datanode-0/data/ratis/7a7a7456-0dc3-4ec9-a28b-355ed91025d3] INFO  impl.StateMachineUpdater (StateMachineUpdater.java:stopAndJoin(115)) - StateMachineUpdater:dcc77c7b-1d37-448d-8d57-43d254561693:group-355ED91025D3: set stopIndex = -1
2019-09-19 14:05:16,944 [dcc77c7b-1d37-448d-8d57-43d254561693:group-47C7557B9325:LeaderElection679] INFO  server.RaftServerConfigKeys (ConfUtils.java:logGet(43)) - raft.server.staging.catchup.gap = 1000 (default)
2019-09-19 14:05:18,630 [dcc77c7b-1d37-448d-8d57-43d254561693:group-47C7557B9325:LeaderElection679] INFO  server.RaftServerConfigKeys (ConfUtils.java:logGet(43)) - raft.server.rpc.sleep.time = 25ms (default)
2019-09-19 14:05:16,944 [dcc77c7b-1d37-448d-8d57-43d254561693:group-21D390036BC2:LeaderElection680] INFO  server.RaftServerConfigKeys (ConfUtils.java:logGet(43)) - raft.server.write.element-limit = 4096 (default)
2019-09-19 14:05:16,944 [dcc77c7b-1d37-448d-8d57-43d254561693-SegmentedRaftLogWorker:Storage Directory /workdir/hadoop-ozone/integration-test/target/test-dir/MiniOzoneClusterImpl-3b2755de-4cfe-4b43-9e0d-73dd8eda8f75/datanode-0/data/ratis/2ddc7a41-9acf-41f1-bc02-c7074be8e490] INFO  util.JmxRegister (JmxRegister.java:unregister(73)) - Successfully un-registered JMX Bean with object name Ratis:service=RaftServer,group=group-C7074BE8E490,id=dcc77c7b-1d37-448d-8d57-43d254561693
2019-09-19 14:05:16,943 [dcc77c7b-1d37-448d-8d57-43d254561693-SegmentedRaftLogWorker:Storage Directory /workdir/hadoop-ozone/integration-test/target/test-dir/MiniOzoneClusterImpl-3b2755de-4cfe-4b43-9e0d-73dd8eda8f75/datanode-0/data/ratis/325a6685-5506-4a90-be06-869d2374c5b7] INFO  impl.RoleInfo (RoleInfo.java:shutdownLeaderState(104)) - dcc77c7b-1d37-448d-8d57-43d254561693: shutdown LeaderState
2019-09-19 14:05:16,943 [dcc77c7b-1d37-448d-8d57-43d254561693-SegmentedRaftLogWorker:Storage Directory /workdir/hadoop-ozone/integration-test/target/test-dir/MiniOzoneClusterImpl-3b2755de-4cfe-4b43-9e0d-73dd8eda8f75/datanode-0/data/ratis/2394fb0c-6f10-496e-bf96-bb4e63a8adce] INFO  impl.PendingRequests (PendingRequests.java:sendNotLeaderResponses(202)) - dcc77c7b-1d37-448d-8d57-43d254561693-PendingRequests: sendNotLeaderResponses
2019-09-19 14:05:16,942 [dcc77c7b-1d37-448d-8d57-43d254561693-SegmentedRaftLogWorker:Storage Directory /workdir/hadoop-ozone/integration-test/target/test-dir/MiniOzoneClusterImpl-3b2755de-4cfe-4b43-9e0d-73dd8eda8f75/datanode-0/data/ratis/5b6bb2d1-6a86-44a9-9560-4467d65330c2] INFO  util.JmxRegister (JmxRegister.java:unregister(73)) - Successfully un-registered JMX Bean with object name Ratis:service=RaftServer,group=group-4467D65330C2,id=dcc77c7b-1d37-448d-8d57-43d254561693
2019-09-19 14:05:18,631 [dcc77c7b-1d37-448d-8d57-43d254561693-SegmentedRaftLogWorker:Storage Directory /workdir/hadoop-ozone/integration-test/target/test-dir/MiniOzoneClusterImpl-3b2755de-4cfe-4b43-9e0d-73dd8eda8f75/datanode-0/data/ratis/5b6bb2d1-6a86-44a9-9560-4467d65330c2] INFO  impl.RoleInfo (RoleInfo.java:shutdownLeaderState(104)) - dcc77c7b-1d37-448d-8d57-43d254561693: shutdown LeaderState
2019-09-19 14:05:16,942 [dcc77c7b-1d37-448d-8d57-43d254561693-SegmentedRaftLogWorker:Storage Directory /workdir/hadoop-ozone/integration-test/target/test-dir/MiniOzoneClusterImpl-3b2755de-4cfe-4b43-9e0d-73dd8eda8f75/datanode-0/data/ratis/55ea1096-7909-4481-a143-cd7159c89c08] INFO  util.JmxRegister (JmxRegister.java:unregister(73)) - Successfully un-registered JMX Bean with object name Ratis:service=RaftServer,group=group-CD7159C89C08,id=dcc77c7b-1d37-448d-8d57-43d254561693
2019-09-19 14:05:18,632 [dcc77c7b-1d37-448d-8d57-43d254561693-SegmentedRaftLogWorker:Storage Directory /workdir/hadoop-ozone/integration-test/target/test-dir/MiniOzoneClusterImpl-3b2755de-4cfe-4b43-9e0d-73dd8eda8f75/datanode-0/data/ratis/55ea1096-7909-4481-a143-cd7159c89c08] INFO  impl.RoleInfo (RoleInfo.java:shutdownLeaderState(104)) - dcc77c7b-1d37-448d-8d57-43d254561693: shutdown LeaderState
2019-09-19 14:05:16,942 [dcc77c7b-1d37-448d-8d57-43d254561693-SegmentedRaftLogWorker:Storage Directory /workdir/hadoop-ozone/integration-test/target/test-dir/MiniOzoneClusterImpl-3b2755de-4cfe-4b43-9e0d-73dd8eda8f75/datanode-0/data/ratis/d354f42a-d9ec-4c21-9161-89849f9fd3ba] INFO  util.JmxRegister (JmxRegister.java:unregister(73)) - Successfully un-registered JMX Bean with object name Ratis:service=RaftServer,group=group-89849F9FD3BA,id=dcc77c7b-1d37-448d-8d57-43d254561693
2019-09-19 14:05:18,632 [dcc77c7b-1d37-448d-8d57-43d254561693-SegmentedRaftLogWorker:Storage Directory /workdir/hadoop-ozone/integration-test/target/test-dir/MiniOzoneClusterImpl-3b2755de-4cfe-4b43-9e0d-73dd8eda8f75/datanode-0/data/ratis/d354f42a-d9ec-4c21-9161-89849f9fd3ba] INFO  impl.RoleInfo (RoleInfo.java:shutdownLeaderState(104)) - dcc77c7b-1d37-448d-8d57-43d254561693: shutdown LeaderState
2019-09-19 14:05:16,941 [dcc77c7b-1d37-448d-8d57-43d254561693-SegmentedRaftLogWorker:Storage Directory /workdir/hadoop-ozone/integration-test/target/test-dir/MiniOzoneClusterImpl-3b2755de-4cfe-4b43-9e0d-73dd8eda8f75/datanode-0/data/ratis/496c209b-a8fb-44b0-964b-b8ec2eeee8d5] INFO  impl.RaftServerImpl (RaftServerImpl.java:lambda$shutdown$3(245)) - dcc77c7b-1d37-448d-8d57-43d254561693: shutdown group-B8EC2EEEE8D5
2019-09-19 14:05:16,941 [dcc77c7b-1d37-448d-8d57-43d254561693-SegmentedRaftLogWorker:Storage Directory /workdir/hadoop-ozone/integration-test/target/test-dir/MiniOzoneClusterImpl-3b2755de-4cfe-4b43-9e0d-73dd8eda8f75/datanode-0/data/ratis/5f039e0b-2746-4771-9cdf-a8e7f9479fc5] INFO  impl.PendingRequests (PendingRequests.java:sendNotLeaderResponses(202)) - dcc77c7b-1d37-448d-8d57-43d254561693-PendingRequests: sendNotLeaderResponses
2019-09-19 14:05:16,941 [dcc77c7b-1d37-448d-8d57-43d254561693:group-E165C8F20643:LeaderElection666] INFO  server.RaftServerConfigKeys (ConfUtils.java:logGet(43)) - raft.server.staging.catchup.gap = 1000 (default)
2019-09-19 14:05:16,941 [dcc77c7b-1d37-448d-8d57-43d254561693-SegmentedRaftLogWorker:Storage Directory /workdir/hadoop-ozone/integration-test/target/test-dir/MiniOzoneClusterImpl-3b2755de-4cfe-4b43-9e0d-73dd8eda8f75/datanode-0/data/ratis/0da6c939-5164-41ff-81e1-c6c4a2b7d1da] INFO  impl.PendingRequests (PendingRequests.java:sendNotLeaderResponses(202)) - dcc77c7b-1d37-448d-8d57-43d254561693-PendingRequests: sendNotLeaderResponses
2019-09-19 14:05:16,941 [dcc77c7b-1d37-448d-8d57-43d254561693-SegmentedRaftLogWorker:Storage Directory /workdir/hadoop-ozone/integration-test/target/test-dir/MiniOzoneClusterImpl-3b2755de-4cfe-4b43-9e0d-73dd8eda8f75/datanode-0/data/ratis/0670478e-5791-4e08-bea4-df274f267a33] INFO  impl.StateMachineUpdater (StateMachineUpdater.java:stopAndJoin(115)) - StateMachineUpdater:dcc77c7b-1d37-448d-8d57-43d254561693:group-DF274F267A33: set stopIndex = -1
2019-09-19 14:05:18,633 [dcc77c7b-1d37-448d-8d57-43d254561693-SegmentedRaftLogWorker:Storage Directory /workdir/hadoop-ozone/integration-test/target/test-dir/MiniOzoneClusterImpl-3b2755de-4cfe-4b43-9e0d-73dd8eda8f75/datanode-0/data/ratis/0670478e-5791-4e08-bea4-df274f267a33] INFO  impl.RaftServerImpl (ServerState.java:close(394)) - dcc77c7b-1d37-448d-8d57-43d254561693:group-DF274F267A33 closes. The last applied log index is -1
2019-09-19 14:05:16,941 [dcc77c7b-1d37-448d-8d57-43d254561693:group-77F6979B7494:LeaderElection681] INFO  impl.RaftServerImpl (RaftServerImpl.java:setRole(171)) - dcc77c7b-1d37-448d-8d57-43d254561693:group-77F6979B7494 changes role from CANDIDATE to LEADER at term 1 for changeToLeader
2019-09-19 14:05:16,940 [dcc77c7b-1d37-448d-8d57-43d254561693:group-0720468DC241:LeaderElection670] INFO  impl.RaftServerImpl (ServerState.java:setLeader(263)) - dcc77c7b-1d37-448d-8d57-43d254561693:group-0720468DC241 change Leader from null to dcc77c7b-1d37-448d-8d57-43d254561693 at term 1 for becomeLeader, leader elected after 22023ms
2019-09-19 14:05:18,633 [dcc77c7b-1d37-448d-8d57-43d254561693:group-0720468DC241:LeaderElection670] INFO  server.RaftServerConfigKeys (ConfUtils.java:logGet(43)) - raft.server.staging.catchup.gap = 1000 (default)
2019-09-19 14:05:18,633 [dcc77c7b-1d37-448d-8d57-43d254561693:group-0720468DC241:LeaderElection670] INFO  server.RaftServerConfigKeys (ConfUtils.java:logGet(43)) - raft.server.rpc.sleep.time = 25ms (default)
2019-09-19 14:05:16,940 [dcc77c7b-1d37-448d-8d57-43d254561693-SegmentedRaftLogWorker:Storage Directory /workdir/hadoop-ozone/integration-test/target/test-dir/MiniOzoneClusterImpl-3b2755de-4cfe-4b43-9e0d-73dd8eda8f75/datanode-0/data/ratis/5c09cb34-786b-45ad-934d-df36a57a9136] INFO  impl.PendingRequests (PendingRequests.java:sendNotLeaderResponses(202)) - dcc77c7b-1d37-448d-8d57-43d254561693-PendingRequests: sendNotLeaderResponses
2019-09-19 14:05:16,940 [dcc77c7b-1d37-448d-8d57-43d254561693-SegmentedRaftLogWorker:Storage Directory /workdir/hadoop-ozone/integration-test/target/test-dir/MiniOzoneClusterImpl-3b2755de-4cfe-4b43-9e0d-73dd8eda8f75/datanode-0/data/ratis/195e7c49-f441-4cbd-a4fc-ef22f8d31499] INFO  impl.PendingRequests (PendingRequests.java:sendNotLeaderResponses(202)) - dcc77c7b-1d37-448d-8d57-43d254561693-PendingRequests: sendNotLeaderResponses
2019-09-19 14:05:18,634 [dcc77c7b-1d37-448d-8d57-43d254561693-SegmentedRaftLogWorker:Storage Directory /workdir/hadoop-ozone/integration-test/target/test-dir/MiniOzoneClusterImpl-3b2755de-4cfe-4b43-9e0d-73dd8eda8f75/datanode-0/data/ratis/195e7c49-f441-4cbd-a4fc-ef22f8d31499] INFO  impl.StateMachineUpdater (StateMachineUpdater.java:stopAndJoin(115)) - StateMachineUpdater:dcc77c7b-1d37-448d-8d57-43d254561693:group-EF22F8D31499: set stopIndex = -1
2019-09-19 14:05:18,634 [dcc77c7b-1d37-448d-8d57-43d254561693-SegmentedRaftLogWorker:Storage Directory /workdir/hadoop-ozone/integration-test/target/test-dir/MiniOzoneClusterImpl-3b2755de-4cfe-4b43-9e0d-73dd8eda8f75/datanode-0/data/ratis/195e7c49-f441-4cbd-a4fc-ef22f8d31499] INFO  impl.RaftServerImpl (ServerState.java:close(394)) - dcc77c7b-1d37-448d-8d57-43d254561693:group-EF22F8D31499 closes. The last applied log index is -1
2019-09-19 14:05:16,940 [dcc77c7b-1d37-448d-8d57-43d254561693-SegmentedRaftLogWorker:Storage Directory /workdir/hadoop-ozone/integration-test/target/test-dir/MiniOzoneClusterImpl-3b2755de-4cfe-4b43-9e0d-73dd8eda8f75/datanode-0/data/ratis/aa779339-dfa9-49d1-86de-56d873a3b067] INFO  impl.PendingRequests (PendingRequests.java:sendNotLeaderResponses(202)) - dcc77c7b-1d37-448d-8d57-43d254561693-PendingRequests: sendNotLeaderResponses
2019-09-19 14:05:16,939 [dcc77c7b-1d37-448d-8d57-43d254561693-SegmentedRaftLogWorker:Storage Directory /workdir/hadoop-ozone/integration-test/target/test-dir/MiniOzoneClusterImpl-3b2755de-4cfe-4b43-9e0d-73dd8eda8f75/datanode-0/data/ratis/809af549-fcb0-4d0c-aadb-c427df1d703e] INFO  impl.PendingRequests (PendingRequests.java:sendNotLeaderResponses(202)) - dcc77c7b-1d37-448d-8d57-43d254561693-PendingRequests: sendNotLeaderResponses
2019-09-19 14:05:18,634 [dcc77c7b-1d37-448d-8d57-43d254561693-SegmentedRaftLogWorker:Storage Directory /workdir/hadoop-ozone/integration-test/target/test-dir/MiniOzoneClusterImpl-3b2755de-4cfe-4b43-9e0d-73dd8eda8f75/datanode-0/data/ratis/809af549-fcb0-4d0c-aadb-c427df1d703e] INFO  impl.StateMachineUpdater (StateMachineUpdater.java:stopAndJoin(115)) - StateMachineUpdater:dcc77c7b-1d37-448d-8d57-43d254561693:group-C427DF1D703E: set stopIndex = -1
2019-09-19 14:05:16,939 [dcc77c7b-1d37-448d-8d57-43d254561693-SegmentedRaftLogWorker:Storage Directory /workdir/hadoop-ozone/integration-test/target/test-dir/MiniOzoneClusterImpl-3b2755de-4cfe-4b43-9e0d-73dd8eda8f75/datanode-0/data/ratis/92654bd5-732e-47db-8962-af209fe8fecb] INFO  impl.PendingRequests (PendingRequests.java:sendNotLeaderResponses(202)) - dcc77c7b-1d37-448d-8d57-43d254561693-PendingRequests: sendNotLeaderResponses
2019-09-19 14:05:16,939 [dcc77c7b-1d37-448d-8d57-43d254561693-SegmentedRaftLogWorker:Storage Directory /workdir/hadoop-ozone/integration-test/target/test-dir/MiniOzoneClusterImpl-3b2755de-4cfe-4b43-9e0d-73dd8eda8f75/datanode-0/data/ratis/8cd24193-87e3-4023-8697-e501e5c2f87a] INFO  impl.RoleInfo (RoleInfo.java:shutdownLeaderState(104)) - dcc77c7b-1d37-448d-8d57-43d254561693: shutdown LeaderState
2019-09-19 14:05:16,939 [dcc77c7b-1d37-448d-8d57-43d254561693-SegmentedRaftLogWorker:Storage Directory /workdir/hadoop-ozone/integration-test/target/test-dir/MiniOzoneClusterImpl-3b2755de-4cfe-4b43-9e0d-73dd8eda8f75/datanode-0/data/ratis/ca6a6194-c73d-4588-92e9-827c827a8dad] INFO  impl.StateMachineUpdater (StateMachineUpdater.java:stopAndJoin(115)) - StateMachineUpdater:dcc77c7b-1d37-448d-8d57-43d254561693:group-827C827A8DAD: set stopIndex = -1
2019-09-19 14:05:18,635 [dcc77c7b-1d37-448d-8d57-43d254561693-SegmentedRaftLogWorker:Storage Directory /workdir/hadoop-ozone/integration-test/target/test-dir/MiniOzoneClusterImpl-3b2755de-4cfe-4b43-9e0d-73dd8eda8f75/datanode-0/data/ratis/ca6a6194-c73d-4588-92e9-827c827a8dad] INFO  impl.RaftServerImpl (ServerState.java:close(394)) - dcc77c7b-1d37-448d-8d57-43d254561693:group-827C827A8DAD closes. The last applied log index is -1
2019-09-19 14:05:16,938 [dcc77c7b-1d37-448d-8d57-43d254561693:group-09863E5FAFF9:LeaderElection682] INFO  server.RaftServerConfigKeys (ConfUtils.java:logGet(43)) - raft.server.staging.catchup.gap = 1000 (default)
2019-09-19 14:05:18,635 [dcc77c7b-1d37-448d-8d57-43d254561693:group-09863E5FAFF9:LeaderElection682] INFO  server.RaftServerConfigKeys (ConfUtils.java:logGet(43)) - raft.server.rpc.sleep.time = 25ms (default)
2019-09-19 14:05:16,938 [dcc77c7b-1d37-448d-8d57-43d254561693-SegmentedRaftLogWorker:Storage Directory /workdir/hadoop-ozone/integration-test/target/test-dir/MiniOzoneClusterImpl-3b2755de-4cfe-4b43-9e0d-73dd8eda8f75/datanode-0/data/ratis/c91ad977-9dd9-4a24-8c5f-9646dab2f47f] INFO  impl.StateMachineUpdater (StateMachineUpdater.java:stopAndJoin(115)) - StateMachineUpdater:dcc77c7b-1d37-448d-8d57-43d254561693:group-9646DAB2F47F: set stopIndex = -1
2019-09-19 14:05:18,635 [dcc77c7b-1d37-448d-8d57-43d254561693-SegmentedRaftLogWorker:Storage Directory /workdir/hadoop-ozone/integration-test/target/test-dir/MiniOzoneClusterImpl-3b2755de-4cfe-4b43-9e0d-73dd8eda8f75/datanode-0/data/ratis/c91ad977-9dd9-4a24-8c5f-9646dab2f47f] INFO  impl.RaftServerImpl (ServerState.java:close(394)) - dcc77c7b-1d37-448d-8d57-43d254561693:group-9646DAB2F47F closes. The last applied log index is -1
2019-09-19 14:05:16,938 [dcc77c7b-1d37-448d-8d57-43d254561693:group-B809E960E354:LeaderElection644] INFO  server.RaftServerConfigKeys (ConfUtils.java:logGet(43)) - raft.server.watch.timeout.denomination = 1s (default)
2019-09-19 14:05:16,938 [dcc77c7b-1d37-448d-8d57-43d254561693-SegmentedRaftLogWorker:Storage Directory /workdir/hadoop-ozone/integration-test/target/test-dir/MiniOzoneClusterImpl-3b2755de-4cfe-4b43-9e0d-73dd8eda8f75/datanode-0/data/ratis/86bb2644-c807-4586-80a5-e31af374e74c] INFO  impl.PendingRequests (PendingRequests.java:sendNotLeaderResponses(202)) - dcc77c7b-1d37-448d-8d57-43d254561693-PendingRequests: sendNotLeaderResponses
2019-09-19 14:05:16,937 [dcc77c7b-1d37-448d-8d57-43d254561693:group-3FFAC3177C15:LeaderElection674] INFO  impl.RaftServerImpl (RaftServerImpl.java:setRole(171)) - dcc77c7b-1d37-448d-8d57-43d254561693:group-3FFAC3177C15 changes role from CANDIDATE to LEADER at term 1 for changeToLeader
2019-09-19 14:05:16,937 [dcc77c7b-1d37-448d-8d57-43d254561693:group-A89996D31591:LeaderElection683] INFO  impl.RaftServerImpl (ServerState.java:setLeader(263)) - dcc77c7b-1d37-448d-8d57-43d254561693:group-A89996D31591 change Leader from null to dcc77c7b-1d37-448d-8d57-43d254561693 at term 1 for becomeLeader, leader elected after 26819ms
2019-09-19 14:05:16,937 [dcc77c7b-1d37-448d-8d57-43d254561693:group-F3BCA7C22EE0:LeaderElection677] INFO  impl.RaftServerImpl (RaftServerImpl.java:setRole(171)) - dcc77c7b-1d37-448d-8d57-43d254561693:group-F3BCA7C22EE0 changes role from CANDIDATE to LEADER at term 1 for changeToLeader
2019-09-19 14:05:18,636 [dcc77c7b-1d37-448d-8d57-43d254561693:group-F3BCA7C22EE0:LeaderElection677] INFO  impl.RaftServerImpl (ServerState.java:setLeader(263)) - dcc77c7b-1d37-448d-8d57-43d254561693:group-F3BCA7C22EE0 change Leader from null to dcc77c7b-1d37-448d-8d57-43d254561693 at term 1 for becomeLeader, leader elected after 28772ms
2019-09-19 14:05:16,937 [dcc77c7b-1d37-448d-8d57-43d254561693:group-A8B0DCFAD616:LeaderElection671] INFO  server.RaftServerConfigKeys (ConfUtils.java:logGet(43)) - raft.server.staging.catchup.gap = 1000 (default)
2019-09-19 14:05:16,936 [dcc77c7b-1d37-448d-8d57-43d254561693:group-CCAC13F47FF4:LeaderElection673] INFO  server.RaftServerConfigKeys (ConfUtils.java:logGet(43)) - raft.server.staging.catchup.gap = 1000 (default)
2019-09-19 14:05:18,637 [dcc77c7b-1d37-448d-8d57-43d254561693:group-CCAC13F47FF4:LeaderElection673] INFO  server.RaftServerConfigKeys (ConfUtils.java:logGet(43)) - raft.server.rpc.sleep.time = 25ms (default)
2019-09-19 14:05:16,936 [dcc77c7b-1d37-448d-8d57-43d254561693:group-DFB7682575CC:LeaderElection672] INFO  impl.RaftServerImpl (ServerState.java:setLeader(263)) - dcc77c7b-1d37-448d-8d57-43d254561693:group-DFB7682575CC change Leader from null to dcc77c7b-1d37-448d-8d57-43d254561693 at term 1 for becomeLeader, leader elected after 26898ms
2019-09-19 14:05:16,936 [dcc77c7b-1d37-448d-8d57-43d254561693-SegmentedRaftLogWorker:Storage Directory /workdir/hadoop-ozone/integration-test/target/test-dir/MiniOzoneClusterImpl-3b2755de-4cfe-4b43-9e0d-73dd8eda8f75/datanode-0/data/ratis/6949dbb8-3021-4130-9733-6ba61b232cb7] INFO  impl.RoleInfo (RoleInfo.java:shutdownLeaderState(104)) - dcc77c7b-1d37-448d-8d57-43d254561693: shutdown LeaderState
2019-09-19 14:05:18,637 [dcc77c7b-1d37-448d-8d57-43d254561693-SegmentedRaftLogWorker:Storage Directory /workdir/hadoop-ozone/integration-test/target/test-dir/MiniOzoneClusterImpl-3b2755de-4cfe-4b43-9e0d-73dd8eda8f75/datanode-0/data/ratis/6949dbb8-3021-4130-9733-6ba61b232cb7] INFO  impl.PendingRequests (PendingRequests.java:sendNotLeaderResponses(202)) - dcc77c7b-1d37-448d-8d57-43d254561693-PendingRequests: sendNotLeaderResponses
2019-09-19 14:05:16,936 [StateMachineUpdater:dcc77c7b-1d37-448d-8d57-43d254561693:group-CE1F78CFD901] INFO  impl.StateMachineUpdater (StateMachineUpdater.java:takeSnapshot(242)) - StateMachineUpdater:dcc77c7b-1d37-448d-8d57-43d254561693:group-CE1F78CFD901: Took a snapshot at index 4
2019-09-19 14:05:18,637 [StateMachineUpdater:dcc77c7b-1d37-448d-8d57-43d254561693:group-CE1F78CFD901] INFO  impl.StateMachineUpdater (StateMachineUpdater.java:lambda$new$0(80)) - StateMachineUpdater:dcc77c7b-1d37-448d-8d57-43d254561693:group-CE1F78CFD901: snapshotIndex: updateIncreasingly 1 -> 4
2019-09-19 14:05:16,935 [dcc77c7b-1d37-448d-8d57-43d254561693:group-890F06A36E32:LeaderElection688] INFO  impl.RaftServerImpl (RaftServerImpl.java:setRole(171)) - dcc77c7b-1d37-448d-8d57-43d254561693:group-890F06A36E32 changes role from CANDIDATE to LEADER at term 1 for changeToLeader
2019-09-19 14:05:18,637 [dcc77c7b-1d37-448d-8d57-43d254561693:group-890F06A36E32:LeaderElection688] INFO  impl.RaftServerImpl (ServerState.java:setLeader(263)) - dcc77c7b-1d37-448d-8d57-43d254561693:group-890F06A36E32 change Leader from null to dcc77c7b-1d37-448d-8d57-43d254561693 at term 1 for becomeLeader, leader elected after 24420ms
2019-09-19 14:05:16,935 [dcc77c7b-1d37-448d-8d57-43d254561693:group-C91F44D9A055:LeaderElection662] INFO  server.RaftServerConfigKeys (ConfUtils.java:logGet(43)) - raft.server.write.element-limit = 4096 (default)
2019-09-19 14:05:16,935 [dcc77c7b-1d37-448d-8d57-43d254561693:group-FB8A0F6129D1:LeaderElection664] INFO  server.RaftServerConfigKeys (ConfUtils.java:logGet(43)) - raft.server.write.element-limit = 4096 (default)
2019-09-19 14:05:16,935 [dcc77c7b-1d37-448d-8d57-43d254561693:group-48A901C7CAAB:LeaderElection654] INFO  server.RaftServerConfigKeys (ConfUtils.java:logGet(43)) - raft.server.write.element-limit = 4096 (default)
2019-09-19 14:05:18,638 | INFO  | DNAudit | user=null | ip=null | op=WRITE_CHUNK {blockData=conID: 8 locID: 102819554872000522 bcsId: 3} | ret=SUCCESS |  
2019-09-19 14:05:16,935 [dcc77c7b-1d37-448d-8d57-43d254561693-SegmentedRaftLogWorker:Storage Directory /workdir/hadoop-ozone/integration-test/target/test-dir/MiniOzoneClusterImpl-3b2755de-4cfe-4b43-9e0d-73dd8eda8f75/datanode-0/data/ratis/df5c79f5-0ba0-4048-9654-3cb5f09d983c] INFO  segmented.SegmentedRaftLogWorker (SegmentedRaftLogWorker.java:close(228)) - dcc77c7b-1d37-448d-8d57-43d254561693-SegmentedRaftLogWorker:Storage Directory /workdir/hadoop-ozone/integration-test/target/test-dir/MiniOzoneClusterImpl-3b2755de-4cfe-4b43-9e0d-73dd8eda8f75/datanode-0/data/ratis/df5c79f5-0ba0-4048-9654-3cb5f09d983c close()
2019-09-19 14:05:16,935 [dcc77c7b-1d37-448d-8d57-43d254561693:group-CAD015ACF5B5:LeaderElection653] INFO  server.RaftServerConfigKeys (ConfUtils.java:logGet(43)) - raft.server.write.element-limit = 4096 (default)
2019-09-19 14:05:16,934 [dcc77c7b-1d37-448d-8d57-43d254561693-SegmentedRaftLogWorker:Storage Directory /workdir/hadoop-ozone/integration-test/target/test-dir/MiniOzoneClusterImpl-3b2755de-4cfe-4b43-9e0d-73dd8eda8f75/datanode-0/data/ratis/e3285b87-f293-4fa3-becb-7430c03ae933] INFO  impl.StateMachineUpdater (StateMachineUpdater.java:stopAndJoin(115)) - StateMachineUpdater:dcc77c7b-1d37-448d-8d57-43d254561693:group-7430C03AE933: set stopIndex = -1
2019-09-19 14:05:18,639 [dcc77c7b-1d37-448d-8d57-43d254561693-SegmentedRaftLogWorker:Storage Directory /workdir/hadoop-ozone/integration-test/target/test-dir/MiniOzoneClusterImpl-3b2755de-4cfe-4b43-9e0d-73dd8eda8f75/datanode-0/data/ratis/e3285b87-f293-4fa3-becb-7430c03ae933] INFO  impl.RaftServerImpl (ServerState.java:close(394)) - dcc77c7b-1d37-448d-8d57-43d254561693:group-7430C03AE933 closes. The last applied log index is -1
2019-09-19 14:05:16,934 [dcc77c7b-1d37-448d-8d57-43d254561693:group-FB7C57D9607D:LeaderElection678] INFO  server.RaftServerConfigKeys (ConfUtils.java:logGet(43)) - raft.server.staging.catchup.gap = 1000 (default)
2019-09-19 14:05:16,933 [dcc77c7b-1d37-448d-8d57-43d254561693-SegmentedRaftLogWorker:Storage Directory /workdir/hadoop-ozone/integration-test/target/test-dir/MiniOzoneClusterImpl-3b2755de-4cfe-4b43-9e0d-73dd8eda8f75/datanode-0/data/ratis/a4c4f324-5e2f-4c4d-9469-0c7ed090d72e] INFO  impl.PendingRequests (PendingRequests.java:sendNotLeaderResponses(202)) - dcc77c7b-1d37-448d-8d57-43d254561693-PendingRequests: sendNotLeaderResponses
2019-09-19 14:05:16,933 [dcc77c7b-1d37-448d-8d57-43d254561693-SegmentedRaftLogWorker:Storage Directory /workdir/hadoop-ozone/integration-test/target/test-dir/MiniOzoneClusterImpl-3b2755de-4cfe-4b43-9e0d-73dd8eda8f75/datanode-0/data/ratis/e19daaf9-e448-4e17-a794-fbd0d09ad849] INFO  impl.RaftServerImpl (RaftServerImpl.java:lambda$shutdown$3(245)) - dcc77c7b-1d37-448d-8d57-43d254561693: shutdown group-FBD0D09AD849
2019-09-19 14:05:16,933 [dcc77c7b-1d37-448d-8d57-43d254561693-SegmentedRaftLogWorker:Storage Directory /workdir/hadoop-ozone/integration-test/target/test-dir/MiniOzoneClusterImpl-3b2755de-4cfe-4b43-9e0d-73dd8eda8f75/datanode-0/data/ratis/6259c4c5-9885-476f-b8b3-7b8cebff5854] INFO  util.JmxRegister (JmxRegister.java:unregister(73)) - Successfully un-registered JMX Bean with object name Ratis:service=RaftServer,group=group-7B8CEBFF5854,id=dcc77c7b-1d37-448d-8d57-43d254561693
2019-09-19 14:05:18,639 [dcc77c7b-1d37-448d-8d57-43d254561693-SegmentedRaftLogWorker:Storage Directory /workdir/hadoop-ozone/integration-test/target/test-dir/MiniOzoneClusterImpl-3b2755de-4cfe-4b43-9e0d-73dd8eda8f75/datanode-0/data/ratis/6259c4c5-9885-476f-b8b3-7b8cebff5854] INFO  impl.RoleInfo (RoleInfo.java:shutdownLeaderState(104)) - dcc77c7b-1d37-448d-8d57-43d254561693: shutdown LeaderState
2019-09-19 14:05:18,639 | INFO  | DNAudit | user=null | ip=null | op=PUT_BLOCK {blockData=[blockId=conID: 8 locID: 102819554872000522 bcsId: 0,size=10]} | ret=SUCCESS |  
2019-09-19 14:05:16,932 [dcc77c7b-1d37-448d-8d57-43d254561693:group-06488AB7C697:LeaderElection675] INFO  server.RaftServerConfigKeys (ConfUtils.java:logGet(43)) - raft.server.write.element-limit = 4096 (default)
2019-09-19 14:05:16,932 [dcc77c7b-1d37-448d-8d57-43d254561693:group-EFC4C2912C84:LeaderElection687] INFO  impl.RoleInfo (RoleInfo.java:shutdownLeaderElection(134)) - dcc77c7b-1d37-448d-8d57-43d254561693: shutdown LeaderElection
2019-09-19 14:05:16,932 [dcc77c7b-1d37-448d-8d57-43d254561693:group-621FF724F9C4:LeaderElection686] INFO  impl.RaftServerImpl (RaftServerImpl.java:setRole(171)) - dcc77c7b-1d37-448d-8d57-43d254561693:group-621FF724F9C4 changes role from CANDIDATE to LEADER at term 1 for changeToLeader
2019-09-19 14:05:16,931 [dcc77c7b-1d37-448d-8d57-43d254561693:group-16D5C64EF590:LeaderElection676] INFO  server.RaftServerConfigKeys (ConfUtils.java:logGet(43)) - raft.server.staging.catchup.gap = 1000 (default)
2019-09-19 14:05:16,931 [dcc77c7b-1d37-448d-8d57-43d254561693:group-9D703827DFCE:LeaderElection668] INFO  server.RaftServerConfigKeys (ConfUtils.java:logGet(43)) - raft.server.write.element-limit = 4096 (default)
2019-09-19 14:05:18,640 [dcc77c7b-1d37-448d-8d57-43d254561693:group-9D703827DFCE:LeaderElection668] INFO  server.RaftServerConfigKeys (ConfUtils.java:logGet(43)) - raft.server.watch.timeout = 10s (default)
2019-09-19 14:05:16,931 [dcc77c7b-1d37-448d-8d57-43d254561693:group-A51E53567AEE:LeaderElection669] INFO  server.RaftServerConfigKeys (ConfUtils.java:logGet(43)) - raft.server.write.element-limit = 4096 (default)
2019-09-19 14:05:18,640 [dcc77c7b-1d37-448d-8d57-43d254561693:group-A51E53567AEE:LeaderElection669] INFO  server.RaftServerConfigKeys (ConfUtils.java:logGet(43)) - raft.server.watch.timeout = 10s (default)
2019-09-19 14:05:18,641 [dcc77c7b-1d37-448d-8d57-43d254561693:group-A51E53567AEE:LeaderElection669] INFO  server.RaftServerConfigKeys (ConfUtils.java:logGet(43)) - raft.server.watch.timeout.denomination = 1s (default)
2019-09-19 14:05:16,931 [dcc77c7b-1d37-448d-8d57-43d254561693-SegmentedRaftLogWorker:Storage Directory /workdir/hadoop-ozone/integration-test/target/test-dir/MiniOzoneClusterImpl-3b2755de-4cfe-4b43-9e0d-73dd8eda8f75/datanode-0/data/ratis/d940fc8f-6058-456e-94c6-cc8cae5134c7] INFO  impl.StateMachineUpdater (StateMachineUpdater.java:stopAndJoin(115)) - StateMachineUpdater:dcc77c7b-1d37-448d-8d57-43d254561693:group-CC8CAE5134C7: set stopIndex = -1
2019-09-19 14:05:18,641 [dcc77c7b-1d37-448d-8d57-43d254561693-SegmentedRaftLogWorker:Storage Directory /workdir/hadoop-ozone/integration-test/target/test-dir/MiniOzoneClusterImpl-3b2755de-4cfe-4b43-9e0d-73dd8eda8f75/datanode-0/data/ratis/d940fc8f-6058-456e-94c6-cc8cae5134c7] INFO  impl.RaftServerImpl (ServerState.java:close(394)) - dcc77c7b-1d37-448d-8d57-43d254561693:group-CC8CAE5134C7 closes. The last applied log index is -1
2019-09-19 14:05:16,931 [dcc77c7b-1d37-448d-8d57-43d254561693-SegmentedRaftLogWorker:Storage Directory /workdir/hadoop-ozone/integration-test/target/test-dir/MiniOzoneClusterImpl-3b2755de-4cfe-4b43-9e0d-73dd8eda8f75/datanode-0/data/ratis/1c9ba3da-70bd-414b-8c0b-1639c94c8647] INFO  segmented.SegmentedRaftLogWorker (SegmentedRaftLogWorker.java:close(228)) - dcc77c7b-1d37-448d-8d57-43d254561693-SegmentedRaftLogWorker:Storage Directory /workdir/hadoop-ozone/integration-test/target/test-dir/MiniOzoneClusterImpl-3b2755de-4cfe-4b43-9e0d-73dd8eda8f75/datanode-0/data/ratis/1c9ba3da-70bd-414b-8c0b-1639c94c8647 close()
2019-09-19 14:05:16,931 [dcc77c7b-1d37-448d-8d57-43d254561693-SegmentedRaftLogWorker:Storage Directory /workdir/hadoop-ozone/integration-test/target/test-dir/MiniOzoneClusterImpl-3b2755de-4cfe-4b43-9e0d-73dd8eda8f75/datanode-0/data/ratis/cf1a1524-ab21-4332-a4e8-e53cd96b3e19] INFO  impl.RaftServerImpl (ServerState.java:close(394)) - dcc77c7b-1d37-448d-8d57-43d254561693:group-E53CD96B3E19 closes. The last applied log index is -1
2019-09-19 14:05:16,930 [dcc77c7b-1d37-448d-8d57-43d254561693:group-CDD98A98F0BC:LeaderElection633] INFO  impl.RoleInfo (RoleInfo.java:updateAndGet(143)) - dcc77c7b-1d37-448d-8d57-43d254561693: start LeaderState
2019-09-19 14:05:16,930 [dcc77c7b-1d37-448d-8d57-43d254561693-SegmentedRaftLogWorker:Storage Directory /workdir/hadoop-ozone/integration-test/target/test-dir/MiniOzoneClusterImpl-3b2755de-4cfe-4b43-9e0d-73dd8eda8f75/datanode-0/data/ratis/5c28bcfe-7916-4692-a8a1-7d1efe063bf2] INFO  util.JmxRegister (JmxRegister.java:unregister(73)) - Successfully un-registered JMX Bean with object name Ratis:service=RaftServer,group=group-7D1EFE063BF2,id=dcc77c7b-1d37-448d-8d57-43d254561693
2019-09-19 14:05:18,641 [dcc77c7b-1d37-448d-8d57-43d254561693-SegmentedRaftLogWorker:Storage Directory /workdir/hadoop-ozone/integration-test/target/test-dir/MiniOzoneClusterImpl-3b2755de-4cfe-4b43-9e0d-73dd8eda8f75/datanode-0/data/ratis/5c28bcfe-7916-4692-a8a1-7d1efe063bf2] INFO  impl.RoleInfo (RoleInfo.java:shutdownLeaderState(104)) - dcc77c7b-1d37-448d-8d57-43d254561693: shutdown LeaderState
2019-09-19 14:05:16,925 [dcc77c7b-1d37-448d-8d57-43d254561693-SegmentedRaftLogWorker:Storage Directory /workdir/hadoop-ozone/integration-test/target/test-dir/MiniOzoneClusterImpl-3b2755de-4cfe-4b43-9e0d-73dd8eda8f75/datanode-0/data/ratis/77e33ca6-9136-4002-b503-b0d529ac88ad] ERROR segmented.SegmentedRaftLogWorker (SegmentedRaftLogWorker.java:run(323)) - dcc77c7b-1d37-448d-8d57-43d254561693-SegmentedRaftLogWorker:Storage Directory /workdir/hadoop-ozone/integration-test/target/test-dir/MiniOzoneClusterImpl-3b2755de-4cfe-4b43-9e0d-73dd8eda8f75/datanode-0/data/ratis/77e33ca6-9136-4002-b503-b0d529ac88ad hit exception
java.lang.OutOfMemoryError: Direct buffer memory
	at java.nio.Bits.reserveMemory(Bits.java:666)
	at java.nio.DirectByteBuffer.<init>(DirectByteBuffer.java:123)
	at java.nio.ByteBuffer.allocateDirect(ByteBuffer.java:311)
	at org.apache.ratis.server.raftlog.segmented.BufferedWriteChannel.<init>(BufferedWriteChannel.java:41)
	at org.apache.ratis.server.raftlog.segmented.SegmentedRaftLogOutputStream.<init>(SegmentedRaftLogOutputStream.java:72)
	at org.apache.ratis.server.raftlog.segmented.SegmentedRaftLogWorker$StartLogSegment.execute(SegmentedRaftLogWorker.java:566)
	at org.apache.ratis.server.raftlog.segmented.SegmentedRaftLogWorker.run(SegmentedRaftLogWorker.java:289)
	at java.lang.Thread.run(Thread.java:748)
2019-09-19 14:05:16,925 [dcc77c7b-1d37-448d-8d57-43d254561693-SegmentedRaftLogWorker:Storage Directory /workdir/hadoop-ozone/integration-test/target/test-dir/MiniOzoneClusterImpl-3b2755de-4cfe-4b43-9e0d-73dd8eda8f75/datanode-0/data/ratis/27ec6a42-f45c-46c2-9989-450d00aba19b] ERROR segmented.SegmentedRaftLogWorker (SegmentedRaftLogWorker.java:run(323)) - dcc77c7b-1d37-448d-8d57-43d254561693-SegmentedRaftLogWorker:Storage Directory /workdir/hadoop-ozone/integration-test/target/test-dir/MiniOzoneClusterImpl-3b2755de-4cfe-4b43-9e0d-73dd8eda8f75/datanode-0/data/ratis/27ec6a42-f45c-46c2-9989-450d00aba19b hit exception
java.lang.OutOfMemoryError: Direct buffer memory
	at java.nio.Bits.reserveMemory(Bits.java:666)
	at java.nio.DirectByteBuffer.<init>(DirectByteBuffer.java:123)
	at java.nio.ByteBuffer.allocateDirect(ByteBuffer.java:311)
	at org.apache.ratis.server.raftlog.segmented.BufferedWriteChannel.<init>(BufferedWriteChannel.java:41)
	at org.apache.ratis.server.raftlog.segmented.SegmentedRaftLogOutputStream.<init>(SegmentedRaftLogOutputStream.java:72)
	at org.apache.ratis.server.raftlog.segmented.SegmentedRaftLogWorker$StartLogSegment.execute(SegmentedRaftLogWorker.java:566)
	at org.apache.ratis.server.raftlog.segmented.SegmentedRaftLogWorker.run(SegmentedRaftLogWorker.java:289)
	at java.lang.Thread.run(Thread.java:748)
2019-09-19 14:05:18,642 [dcc77c7b-1d37-448d-8d57-43d254561693-SegmentedRaftLogWorker:Storage Directory /workdir/hadoop-ozone/integration-test/target/test-dir/MiniOzoneClusterImpl-3b2755de-4cfe-4b43-9e0d-73dd8eda8f75/datanode-0/data/ratis/27ec6a42-f45c-46c2-9989-450d00aba19b] INFO  impl.RaftServerImpl (RaftServerImpl.java:lambda$shutdown$3(245)) - dcc77c7b-1d37-448d-8d57-43d254561693: shutdown group-450D00ABA19B
2019-09-19 14:05:16,654 [dcc77c7b-1d37-448d-8d57-43d254561693:group-D8C1D5FCCD5D:LeaderElection611] INFO  impl.RaftServerImpl (ServerState.java:setRaftConf(361)) - dcc77c7b-1d37-448d-8d57-43d254561693:group-D8C1D5FCCD5D set configuration 0: [dcc77c7b-1d37-448d-8d57-43d254561693:192.168.157.226:34527], old=null at 0
2019-09-19 14:05:16,653 [dcc77c7b-1d37-448d-8d57-43d254561693:group-86AAD3D49F70:LeaderElection684] INFO  impl.RaftServerImpl (RaftServerImpl.java:setRole(171)) - dcc77c7b-1d37-448d-8d57-43d254561693:group-86AAD3D49F70 changes role from CANDIDATE to LEADER at term 1 for changeToLeader
2019-09-19 14:05:18,642 [dcc77c7b-1d37-448d-8d57-43d254561693:group-86AAD3D49F70:LeaderElection684] INFO  impl.RaftServerImpl (ServerState.java:setLeader(263)) - dcc77c7b-1d37-448d-8d57-43d254561693:group-86AAD3D49F70 change Leader from null to dcc77c7b-1d37-448d-8d57-43d254561693 at term 1 for becomeLeader, leader elected after 26058ms
2019-09-19 14:05:16,653 [dcc77c7b-1d37-448d-8d57-43d254561693:group-A28310F2B329:LeaderElection685] INFO  impl.RoleInfo (RoleInfo.java:shutdownLeaderElection(134)) - dcc77c7b-1d37-448d-8d57-43d254561693: shutdown LeaderElection
2019-09-19 14:05:16,653 [dcc77c7b-1d37-448d-8d57-43d254561693:group-A786CE105C3D:LeaderElection631] INFO  impl.RoleInfo (RoleInfo.java:updateAndGet(143)) - dcc77c7b-1d37-448d-8d57-43d254561693: start LeaderState
2019-09-19 14:05:16,653 [dcc77c7b-1d37-448d-8d57-43d254561693:group-8D9545D9289E:LeaderElection632] INFO  segmented.SegmentedRaftLogWorker (SegmentedRaftLogWorker.java:startLogSegment(380)) - dcc77c7b-1d37-448d-8d57-43d254561693-SegmentedRaftLogWorker:Storage Directory /workdir/hadoop-ozone/integration-test/target/test-dir/MiniOzoneClusterImpl-3b2755de-4cfe-4b43-9e0d-73dd8eda8f75/datanode-0/data/ratis/9e704356-3229-4fb5-b0f4-8d9545d9289e: Starting segment from index:0
2019-09-19 14:05:16,652 [dcc77c7b-1d37-448d-8d57-43d254561693-SegmentedRaftLogWorker:Storage Directory /workdir/hadoop-ozone/integration-test/target/test-dir/MiniOzoneClusterImpl-3b2755de-4cfe-4b43-9e0d-73dd8eda8f75/datanode-0/data/ratis/9d7df28a-497c-4916-83d4-1c369c9291f7] INFO  segmented.SegmentedRaftLogWorker (SegmentedRaftLogWorker.java:close(228)) - dcc77c7b-1d37-448d-8d57-43d254561693-SegmentedRaftLogWorker:Storage Directory /workdir/hadoop-ozone/integration-test/target/test-dir/MiniOzoneClusterImpl-3b2755de-4cfe-4b43-9e0d-73dd8eda8f75/datanode-0/data/ratis/9d7df28a-497c-4916-83d4-1c369c9291f7 close()
2019-09-19 14:05:18,963 | INFO  | SCMAudit | user=jenkins1000 | ip=192.168.157.226 | op=SEND_HEARTBEAT {datanodeUUID=dcc77c7b-1d37-448d-8d57-43d254561693, command=[]} | ret=SUCCESS |  
2019-09-19 14:05:16,652 [dcc77c7b-1d37-448d-8d57-43d254561693-SegmentedRaftLogWorker:Storage Directory /workdir/hadoop-ozone/integration-test/target/test-dir/MiniOzoneClusterImpl-3b2755de-4cfe-4b43-9e0d-73dd8eda8f75/datanode-0/data/ratis/5179105a-429b-418c-871a-46d08ab6022e] ERROR segmented.SegmentedRaftLogWorker (SegmentedRaftLogWorker.java:run(323)) - dcc77c7b-1d37-448d-8d57-43d254561693-SegmentedRaftLogWorker:Storage Directory /workdir/hadoop-ozone/integration-test/target/test-dir/MiniOzoneClusterImpl-3b2755de-4cfe-4b43-9e0d-73dd8eda8f75/datanode-0/data/ratis/5179105a-429b-418c-871a-46d08ab6022e hit exception
java.lang.OutOfMemoryError: Direct buffer memory
	at java.nio.Bits.reserveMemory(Bits.java:666)
	at java.nio.DirectByteBuffer.<init>(DirectByteBuffer.java:123)
	at java.nio.ByteBuffer.allocateDirect(ByteBuffer.java:311)
	at org.apache.ratis.server.raftlog.segmented.BufferedWriteChannel.<init>(BufferedWriteChannel.java:41)
	at org.apache.ratis.server.raftlog.segmented.SegmentedRaftLogOutputStream.<init>(SegmentedRaftLogOutputStream.java:72)
	at org.apache.ratis.server.raftlog.segmented.SegmentedRaftLogWorker$StartLogSegment.execute(SegmentedRaftLogWorker.java:566)
	at org.apache.ratis.server.raftlog.segmented.SegmentedRaftLogWorker.run(SegmentedRaftLogWorker.java:289)
	at java.lang.Thread.run(Thread.java:748)
2019-09-19 14:05:16,356 [dcc77c7b-1d37-448d-8d57-43d254561693:group-A31FF801AF6F:LeaderElection634] INFO  impl.RaftServerImpl (ServerState.java:setRaftConf(361)) - dcc77c7b-1d37-448d-8d57-43d254561693:group-A31FF801AF6F set configuration 0: [dcc77c7b-1d37-448d-8d57-43d254561693:192.168.157.226:34527], old=null at 0
2019-09-19 14:05:16,356 [dcc77c7b-1d37-448d-8d57-43d254561693:group-0FBA50506B5E:LeaderElection667] INFO  server.RaftServerConfigKeys (ConfUtils.java:logGet(43)) - raft.server.write.element-limit = 4096 (default)
2019-09-19 14:05:16,356 [dcc77c7b-1d37-448d-8d57-43d254561693:group-B5CC723FD166:LeaderElection648] INFO  server.RaftServerConfigKeys (ConfUtils.java:logGet(43)) - raft.server.staging.catchup.gap = 1000 (default)
2019-09-19 14:05:16,355 [dcc77c7b-1d37-448d-8d57-43d254561693:group-B95710768541:LeaderElection647] INFO  server.RaftServerConfigKeys (ConfUtils.java:logGet(43)) - raft.server.watch.timeout = 10s (default)
2019-09-19 14:05:18,964 [dcc77c7b-1d37-448d-8d57-43d254561693:group-B95710768541:LeaderElection647] INFO  server.RaftServerConfigKeys (ConfUtils.java:logGet(43)) - raft.server.watch.timeout.denomination = 1s (default)
2019-09-19 14:05:16,355 [dcc77c7b-1d37-448d-8d57-43d254561693:group-7687262C50C0:LeaderElection650] INFO  server.RaftServerConfigKeys (ConfUtils.java:logGet(43)) - raft.server.rpc.sleep.time = 25ms (default)
2019-09-19 14:05:16,355 [dcc77c7b-1d37-448d-8d57-43d254561693:group-9200CAEB600D:LeaderElection649] INFO  impl.RoleInfo (RoleInfo.java:updateAndGet(143)) - dcc77c7b-1d37-448d-8d57-43d254561693: start LeaderState
2019-09-19 14:05:16,355 [dcc77c7b-1d37-448d-8d57-43d254561693:group-98785DA6C0F7:LeaderElection646] INFO  server.RaftServerConfigKeys (ConfUtils.java:logGet(43)) - raft.server.watch.timeout.denomination = 1s (default)
2019-09-19 14:05:18,965 [dcc77c7b-1d37-448d-8d57-43d254561693:group-98785DA6C0F7:LeaderElection646] INFO  server.RaftServerConfigKeys (ConfUtils.java:logGet(43)) - raft.server.watch.element-limit = 65536 (default)
2019-09-19 14:05:16,355 [dcc77c7b-1d37-448d-8d57-43d254561693:group-3C856EABEE0A:LeaderElection651] INFO  server.RaftServerConfigKeys (ConfUtils.java:logGet(43)) - raft.server.write.element-limit = 4096 (default)
2019-09-19 14:05:16,354 [dcc77c7b-1d37-448d-8d57-43d254561693:group-38CC3D23514A:LeaderElection652] INFO  server.RaftServerConfigKeys (ConfUtils.java:logGet(43)) - raft.server.watch.timeout = 10s (default)
2019-09-19 14:05:16,354 [dcc77c7b-1d37-448d-8d57-43d254561693:group-1AB3A26E676C:LeaderElection645] INFO  server.RaftServerConfigKeys (ConfUtils.java:logGet(43)) - raft.server.rpc.sleep.time = 25ms (default)
2019-09-19 14:05:16,354 [dcc77c7b-1d37-448d-8d57-43d254561693-SegmentedRaftLogWorker:Storage Directory /workdir/hadoop-ozone/integration-test/target/test-dir/MiniOzoneClusterImpl-3b2755de-4cfe-4b43-9e0d-73dd8eda8f75/datanode-0/data/ratis/577b7aa0-f3a6-4144-bbc3-fc8ac56a4cfe] INFO  segmented.SegmentedRaftLogWorker (SegmentedRaftLogWorker.java:close(228)) - dcc77c7b-1d37-448d-8d57-43d254561693-SegmentedRaftLogWorker:Storage Directory /workdir/hadoop-ozone/integration-test/target/test-dir/MiniOzoneClusterImpl-3b2755de-4cfe-4b43-9e0d-73dd8eda8f75/datanode-0/data/ratis/577b7aa0-f3a6-4144-bbc3-fc8ac56a4cfe close()
2019-09-19 14:05:16,354 [dcc77c7b-1d37-448d-8d57-43d254561693:group-E62FEC0D47BC:LeaderElection643] INFO  impl.RoleInfo (RoleInfo.java:updateAndGet(143)) - dcc77c7b-1d37-448d-8d57-43d254561693: start LeaderState
2019-09-19 14:05:16,353 [dcc77c7b-1d37-448d-8d57-43d254561693:group-3B4ECEA16FCB:LeaderElection641] INFO  impl.RoleInfo (RoleInfo.java:updateAndGet(143)) - dcc77c7b-1d37-448d-8d57-43d254561693: start LeaderState
2019-09-19 14:05:16,353 [dcc77c7b-1d37-448d-8d57-43d254561693:group-314C4D324251:LeaderElection639] INFO  server.RaftServerConfigKeys (ConfUtils.java:logGet(43)) - raft.server.watch.element-limit = 65536 (default)
2019-09-19 14:05:16,353 [dcc77c7b-1d37-448d-8d57-43d254561693:group-2AF851618A31:LeaderElection642] INFO  server.RaftServerConfigKeys (ConfUtils.java:logGet(43)) - raft.server.watch.timeout.denomination = 1s (default)
2019-09-19 14:05:18,967 [dcc77c7b-1d37-448d-8d57-43d254561693:group-2AF851618A31:LeaderElection642] INFO  server.RaftServerConfigKeys (ConfUtils.java:logGet(43)) - raft.server.watch.element-limit = 65536 (default)
2019-09-19 14:05:16,352 [dcc77c7b-1d37-448d-8d57-43d254561693:group-04BD0E6020D4:LeaderElection640] INFO  server.RaftServerConfigKeys (ConfUtils.java:logGet(43)) - raft.server.watch.timeout = 10s (default)
2019-09-19 14:05:16,352 [dcc77c7b-1d37-448d-8d57-43d254561693:group-A7785E8E6A28:LeaderElection638] INFO  impl.RoleInfo (RoleInfo.java:updateAndGet(143)) - dcc77c7b-1d37-448d-8d57-43d254561693: start LeaderState
2019-09-19 14:05:16,352 [dcc77c7b-1d37-448d-8d57-43d254561693:group-EC9A652F867E:LeaderElection568] INFO  server.RaftServerConfigKeys (ConfUtils.java:logGet(43)) - raft.server.watch.element-limit = 65536 (default)
2019-09-19 14:05:18,967 [dcc77c7b-1d37-448d-8d57-43d254561693:group-A7785E8E6A28:LeaderElection638] INFO  segmented.SegmentedRaftLogWorker (SegmentedRaftLogWorker.java:startLogSegment(380)) - dcc77c7b-1d37-448d-8d57-43d254561693-SegmentedRaftLogWorker:Storage Directory /workdir/hadoop-ozone/integration-test/target/test-dir/MiniOzoneClusterImpl-3b2755de-4cfe-4b43-9e0d-73dd8eda8f75/datanode-0/data/ratis/3c2ad993-000c-4a9b-9fe4-a7785e8e6a28: Starting segment from index:0
2019-09-19 14:05:18,967 [dcc77c7b-1d37-448d-8d57-43d254561693:group-04BD0E6020D4:LeaderElection640] INFO  server.RaftServerConfigKeys (ConfUtils.java:logGet(43)) - raft.server.watch.timeout.denomination = 1s (default)
2019-09-19 14:05:18,967 [dcc77c7b-1d37-448d-8d57-43d254561693:group-2AF851618A31:LeaderElection642] INFO  impl.RoleInfo (RoleInfo.java:updateAndGet(143)) - dcc77c7b-1d37-448d-8d57-43d254561693: start LeaderState
2019-09-19 14:05:18,967 [dcc77c7b-1d37-448d-8d57-43d254561693:group-314C4D324251:LeaderElection639] INFO  impl.RoleInfo (RoleInfo.java:updateAndGet(143)) - dcc77c7b-1d37-448d-8d57-43d254561693: start LeaderState
2019-09-19 14:05:19,295 [dcc77c7b-1d37-448d-8d57-43d254561693:group-2AF851618A31:LeaderElection642] INFO  segmented.SegmentedRaftLogWorker (SegmentedRaftLogWorker.java:startLogSegment(380)) - dcc77c7b-1d37-448d-8d57-43d254561693-SegmentedRaftLogWorker:Storage Directory /workdir/hadoop-ozone/integration-test/target/test-dir/MiniOzoneClusterImpl-3b2755de-4cfe-4b43-9e0d-73dd8eda8f75/datanode-0/data/ratis/fb03b5ce-252f-4acc-ad7d-2af851618a31: Starting segment from index:0
2019-09-19 14:05:19,295 | INFO  | SCMAudit | user=jenkins1000 | ip=192.168.157.226 | op=SEND_HEARTBEAT {datanodeUUID=dcc77c7b-1d37-448d-8d57-43d254561693, command=[]} | ret=SUCCESS |  
2019-09-19 14:05:18,966 [dcc77c7b-1d37-448d-8d57-43d254561693:group-3B4ECEA16FCB:LeaderElection641] INFO  segmented.SegmentedRaftLogWorker (SegmentedRaftLogWorker.java:startLogSegment(380)) - dcc77c7b-1d37-448d-8d57-43d254561693-SegmentedRaftLogWorker:Storage Directory /workdir/hadoop-ozone/integration-test/target/test-dir/MiniOzoneClusterImpl-3b2755de-4cfe-4b43-9e0d-73dd8eda8f75/datanode-0/data/ratis/dfac8f44-20b0-4bc3-8eac-3b4ecea16fcb: Starting segment from index:0
2019-09-19 14:05:18,966 [dcc77c7b-1d37-448d-8d57-43d254561693:group-E62FEC0D47BC:LeaderElection643] INFO  segmented.SegmentedRaftLogWorker (SegmentedRaftLogWorker.java:startLogSegment(380)) - dcc77c7b-1d37-448d-8d57-43d254561693-SegmentedRaftLogWorker:Storage Directory /workdir/hadoop-ozone/integration-test/target/test-dir/MiniOzoneClusterImpl-3b2755de-4cfe-4b43-9e0d-73dd8eda8f75/datanode-0/data/ratis/a97accda-cde8-422f-952d-e62fec0d47bc: Starting segment from index:0
2019-09-19 14:05:19,295 [dcc77c7b-1d37-448d-8d57-43d254561693:group-3B4ECEA16FCB:LeaderElection641] INFO  impl.RaftServerImpl (ServerState.java:setRaftConf(361)) - dcc77c7b-1d37-448d-8d57-43d254561693:group-3B4ECEA16FCB set configuration 0: [dcc77c7b-1d37-448d-8d57-43d254561693:192.168.157.226:34527], old=null at 0
2019-09-19 14:05:18,966 [dcc77c7b-1d37-448d-8d57-43d254561693:group-1AB3A26E676C:LeaderElection645] INFO  server.RaftServerConfigKeys (ConfUtils.java:logGet(43)) - raft.server.write.element-limit = 4096 (default)
2019-09-19 14:05:18,966 [dcc77c7b-1d37-448d-8d57-43d254561693:group-38CC3D23514A:LeaderElection652] INFO  server.RaftServerConfigKeys (ConfUtils.java:logGet(43)) - raft.server.watch.timeout.denomination = 1s (default)
2019-09-19 14:05:18,966 [dcc77c7b-1d37-448d-8d57-43d254561693:group-3C856EABEE0A:LeaderElection651] INFO  server.RaftServerConfigKeys (ConfUtils.java:logGet(43)) - raft.server.watch.timeout = 10s (default)
2019-09-19 14:05:18,965 [dcc77c7b-1d37-448d-8d57-43d254561693:group-98785DA6C0F7:LeaderElection646] INFO  impl.RoleInfo (RoleInfo.java:updateAndGet(143)) - dcc77c7b-1d37-448d-8d57-43d254561693: start LeaderState
2019-09-19 14:05:18,965 [dcc77c7b-1d37-448d-8d57-43d254561693:group-9200CAEB600D:LeaderElection649] INFO  segmented.SegmentedRaftLogWorker (SegmentedRaftLogWorker.java:startLogSegment(380)) - dcc77c7b-1d37-448d-8d57-43d254561693-SegmentedRaftLogWorker:Storage Directory /workdir/hadoop-ozone/integration-test/target/test-dir/MiniOzoneClusterImpl-3b2755de-4cfe-4b43-9e0d-73dd8eda8f75/datanode-0/data/ratis/21b2868e-00d0-4f91-b6b1-9200caeb600d: Starting segment from index:0
2019-09-19 14:05:20,040 | INFO  | SCMAudit | user=jenkins1000 | ip=192.168.157.226 | op=SEND_HEARTBEAT {datanodeUUID=dcc77c7b-1d37-448d-8d57-43d254561693, command=[]} | ret=SUCCESS |  
2019-09-19 14:05:20,040 [dcc77c7b-1d37-448d-8d57-43d254561693:group-98785DA6C0F7:LeaderElection646] INFO  segmented.SegmentedRaftLogWorker (SegmentedRaftLogWorker.java:startLogSegment(380)) - dcc77c7b-1d37-448d-8d57-43d254561693-SegmentedRaftLogWorker:Storage Directory /workdir/hadoop-ozone/integration-test/target/test-dir/MiniOzoneClusterImpl-3b2755de-4cfe-4b43-9e0d-73dd8eda8f75/datanode-0/data/ratis/2be31f40-106f-429a-9838-98785da6c0f7: Starting segment from index:0
2019-09-19 14:05:18,965 [dcc77c7b-1d37-448d-8d57-43d254561693:group-7687262C50C0:LeaderElection650] INFO  server.RaftServerConfigKeys (ConfUtils.java:logGet(43)) - raft.server.write.element-limit = 4096 (default)
2019-09-19 14:05:18,964 [dcc77c7b-1d37-448d-8d57-43d254561693:group-B95710768541:LeaderElection647] INFO  server.RaftServerConfigKeys (ConfUtils.java:logGet(43)) - raft.server.watch.element-limit = 65536 (default)
2019-09-19 14:05:18,964 [dcc77c7b-1d37-448d-8d57-43d254561693:group-B5CC723FD166:LeaderElection648] INFO  server.RaftServerConfigKeys (ConfUtils.java:logGet(43)) - raft.server.rpc.sleep.time = 25ms (default)
2019-09-19 14:05:18,964 [dcc77c7b-1d37-448d-8d57-43d254561693:group-0FBA50506B5E:LeaderElection667] INFO  server.RaftServerConfigKeys (ConfUtils.java:logGet(43)) - raft.server.watch.timeout = 10s (default)
2019-09-19 14:05:18,964 [dcc77c7b-1d37-448d-8d57-43d254561693-SegmentedRaftLogWorker:Storage Directory /workdir/hadoop-ozone/integration-test/target/test-dir/MiniOzoneClusterImpl-3b2755de-4cfe-4b43-9e0d-73dd8eda8f75/datanode-0/data/ratis/5179105a-429b-418c-871a-46d08ab6022e] INFO  impl.RaftServerImpl (RaftServerImpl.java:lambda$shutdown$3(245)) - dcc77c7b-1d37-448d-8d57-43d254561693: shutdown group-46D08AB6022E
2019-09-19 14:05:18,963 [dcc77c7b-1d37-448d-8d57-43d254561693:group-8D9545D9289E:LeaderElection632] INFO  impl.RaftServerImpl (ServerState.java:setRaftConf(361)) - dcc77c7b-1d37-448d-8d57-43d254561693:group-8D9545D9289E set configuration 0: [dcc77c7b-1d37-448d-8d57-43d254561693:192.168.157.226:34527], old=null at 0
2019-09-19 14:05:18,642 [dcc77c7b-1d37-448d-8d57-43d254561693:group-A786CE105C3D:LeaderElection631] INFO  segmented.SegmentedRaftLogWorker (SegmentedRaftLogWorker.java:startLogSegment(380)) - dcc77c7b-1d37-448d-8d57-43d254561693-SegmentedRaftLogWorker:Storage Directory /workdir/hadoop-ozone/integration-test/target/test-dir/MiniOzoneClusterImpl-3b2755de-4cfe-4b43-9e0d-73dd8eda8f75/datanode-0/data/ratis/1fa9a670-5ed2-4608-b94f-a786ce105c3d: Starting segment from index:0
2019-09-19 14:05:18,642 [dcc77c7b-1d37-448d-8d57-43d254561693:group-A28310F2B329:LeaderElection685] INFO  impl.RaftServerImpl (RaftServerImpl.java:setRole(171)) - dcc77c7b-1d37-448d-8d57-43d254561693:group-A28310F2B329 changes role from CANDIDATE to LEADER at term 1 for changeToLeader
2019-09-19 14:05:20,565 | INFO  | SCMAudit | user=jenkins1000 | ip=192.168.157.226 | op=SEND_HEARTBEAT {datanodeUUID=dcc77c7b-1d37-448d-8d57-43d254561693, command=[]} | ret=SUCCESS |  
2019-09-19 14:05:20,565 [dcc77c7b-1d37-448d-8d57-43d254561693:group-A28310F2B329:LeaderElection685] INFO  impl.RaftServerImpl (ServerState.java:setLeader(263)) - dcc77c7b-1d37-448d-8d57-43d254561693:group-A28310F2B329 change Leader from null to dcc77c7b-1d37-448d-8d57-43d254561693 at term 1 for becomeLeader, leader elected after 27946ms
2019-09-19 14:05:18,642 [dcc77c7b-1d37-448d-8d57-43d254561693:group-86AAD3D49F70:LeaderElection684] INFO  server.RaftServerConfigKeys (ConfUtils.java:logGet(43)) - raft.server.staging.catchup.gap = 1000 (default)
2019-09-19 14:05:18,642 [dcc77c7b-1d37-448d-8d57-43d254561693-SegmentedRaftLogWorker:Storage Directory /workdir/hadoop-ozone/integration-test/target/test-dir/MiniOzoneClusterImpl-3b2755de-4cfe-4b43-9e0d-73dd8eda8f75/datanode-0/data/ratis/27ec6a42-f45c-46c2-9989-450d00aba19b] INFO  util.JmxRegister (JmxRegister.java:unregister(73)) - Successfully un-registered JMX Bean with object name Ratis:service=RaftServer,group=group-450D00ABA19B,id=dcc77c7b-1d37-448d-8d57-43d254561693
2019-09-19 14:05:18,642 [dcc77c7b-1d37-448d-8d57-43d254561693-SegmentedRaftLogWorker:Storage Directory /workdir/hadoop-ozone/integration-test/target/test-dir/MiniOzoneClusterImpl-3b2755de-4cfe-4b43-9e0d-73dd8eda8f75/datanode-0/data/ratis/77e33ca6-9136-4002-b503-b0d529ac88ad] INFO  impl.RaftServerImpl (RaftServerImpl.java:lambda$shutdown$3(245)) - dcc77c7b-1d37-448d-8d57-43d254561693: shutdown group-B0D529AC88AD
2019-09-19 14:05:18,641 [dcc77c7b-1d37-448d-8d57-43d254561693-SegmentedRaftLogWorker:Storage Directory /workdir/hadoop-ozone/integration-test/target/test-dir/MiniOzoneClusterImpl-3b2755de-4cfe-4b43-9e0d-73dd8eda8f75/datanode-0/data/ratis/5c28bcfe-7916-4692-a8a1-7d1efe063bf2] INFO  impl.PendingRequests (PendingRequests.java:sendNotLeaderResponses(202)) - dcc77c7b-1d37-448d-8d57-43d254561693-PendingRequests: sendNotLeaderResponses
2019-09-19 14:05:18,641 [dcc77c7b-1d37-448d-8d57-43d254561693:group-CDD98A98F0BC:LeaderElection633] INFO  segmented.SegmentedRaftLogWorker (SegmentedRaftLogWorker.java:startLogSegment(380)) - dcc77c7b-1d37-448d-8d57-43d254561693-SegmentedRaftLogWorker:Storage Directory /workdir/hadoop-ozone/integration-test/target/test-dir/MiniOzoneClusterImpl-3b2755de-4cfe-4b43-9e0d-73dd8eda8f75/datanode-0/data/ratis/cb3b7820-bbbe-4d1c-892d-cdd98a98f0bc: Starting segment from index:0
2019-09-19 14:05:18,641 [dcc77c7b-1d37-448d-8d57-43d254561693-SegmentedRaftLogWorker:Storage Directory /workdir/hadoop-ozone/integration-test/target/test-dir/MiniOzoneClusterImpl-3b2755de-4cfe-4b43-9e0d-73dd8eda8f75/datanode-0/data/ratis/cf1a1524-ab21-4332-a4e8-e53cd96b3e19] INFO  segmented.SegmentedRaftLogWorker (SegmentedRaftLogWorker.java:close(228)) - dcc77c7b-1d37-448d-8d57-43d254561693-SegmentedRaftLogWorker:Storage Directory /workdir/hadoop-ozone/integration-test/target/test-dir/MiniOzoneClusterImpl-3b2755de-4cfe-4b43-9e0d-73dd8eda8f75/datanode-0/data/ratis/cf1a1524-ab21-4332-a4e8-e53cd96b3e19 close()
2019-09-19 14:05:18,641 [dcc77c7b-1d37-448d-8d57-43d254561693-SegmentedRaftLogWorker:Storage Directory /workdir/hadoop-ozone/integration-test/target/test-dir/MiniOzoneClusterImpl-3b2755de-4cfe-4b43-9e0d-73dd8eda8f75/datanode-0/data/ratis/d940fc8f-6058-456e-94c6-cc8cae5134c7] INFO  segmented.SegmentedRaftLogWorker (SegmentedRaftLogWorker.java:close(228)) - dcc77c7b-1d37-448d-8d57-43d254561693-SegmentedRaftLogWorker:Storage Directory /workdir/hadoop-ozone/integration-test/target/test-dir/MiniOzoneClusterImpl-3b2755de-4cfe-4b43-9e0d-73dd8eda8f75/datanode-0/data/ratis/d940fc8f-6058-456e-94c6-cc8cae5134c7 close()
2019-09-19 14:05:21,135 | INFO  | SCMAudit | user=jenkins1000 | ip=192.168.157.226 | op=SEND_HEARTBEAT {datanodeUUID=dcc77c7b-1d37-448d-8d57-43d254561693, command=[]} | ret=SUCCESS |  
2019-09-19 14:05:18,641 [dcc77c7b-1d37-448d-8d57-43d254561693:group-A51E53567AEE:LeaderElection669] INFO  server.RaftServerConfigKeys (ConfUtils.java:logGet(43)) - raft.server.watch.element-limit = 65536 (default)
2019-09-19 14:05:18,640 [dcc77c7b-1d37-448d-8d57-43d254561693:group-9D703827DFCE:LeaderElection668] INFO  server.RaftServerConfigKeys (ConfUtils.java:logGet(43)) - raft.server.watch.timeout.denomination = 1s (default)
2019-09-19 14:05:18,640 [dcc77c7b-1d37-448d-8d57-43d254561693:group-16D5C64EF590:LeaderElection676] INFO  server.RaftServerConfigKeys (ConfUtils.java:logGet(43)) - raft.server.rpc.sleep.time = 25ms (default)
2019-09-19 14:05:18,640 [dcc77c7b-1d37-448d-8d57-43d254561693:group-621FF724F9C4:LeaderElection686] INFO  impl.RaftServerImpl (ServerState.java:setLeader(263)) - dcc77c7b-1d37-448d-8d57-43d254561693:group-621FF724F9C4 change Leader from null to dcc77c7b-1d37-448d-8d57-43d254561693 at term 1 for becomeLeader, leader elected after 26240ms
2019-09-19 14:05:18,640 [StateMachineUpdater:dcc77c7b-1d37-448d-8d57-43d254561693:group-CE1F78CFD901] INFO  ratis.ContainerStateMachine (ContainerStateMachine.java:takeSnapshot(283)) - group-CE1F78CFD901: Taking a snapshot at:(t:1, i:5) file /workdir/hadoop-ozone/integration-test/target/test-dir/MiniOzoneClusterImpl-3b2755de-4cfe-4b43-9e0d-73dd8eda8f75/datanode-0/data/ratis/66c9ebb2-09ad-406f-bba2-ce1f78cfd901/sm/snapshot.1_5
2019-09-19 14:05:18,640 [dcc77c7b-1d37-448d-8d57-43d254561693:group-EFC4C2912C84:LeaderElection687] INFO  impl.RaftServerImpl (RaftServerImpl.java:setRole(171)) - dcc77c7b-1d37-448d-8d57-43d254561693:group-EFC4C2912C84 changes role from CANDIDATE to LEADER at term 1 for changeToLeader
2019-09-19 14:05:21,138 [dcc77c7b-1d37-448d-8d57-43d254561693:group-EFC4C2912C84:LeaderElection687] INFO  impl.RaftServerImpl (ServerState.java:setLeader(263)) - dcc77c7b-1d37-448d-8d57-43d254561693:group-EFC4C2912C84 change Leader from null to dcc77c7b-1d37-448d-8d57-43d254561693 at term 1 for becomeLeader, leader elected after 28769ms
2019-09-19 14:05:18,640 [dcc77c7b-1d37-448d-8d57-43d254561693:group-06488AB7C697:LeaderElection675] INFO  server.RaftServerConfigKeys (ConfUtils.java:logGet(43)) - raft.server.watch.timeout = 10s (default)
2019-09-19 14:05:21,138 | INFO  | SCMAudit | user=jenkins1000 | ip=192.168.157.226 | op=SEND_HEARTBEAT {datanodeUUID=dcc77c7b-1d37-448d-8d57-43d254561693, command=[]} | ret=SUCCESS |  
2019-09-19 14:05:18,639 [dcc77c7b-1d37-448d-8d57-43d254561693-SegmentedRaftLogWorker:Storage Directory /workdir/hadoop-ozone/integration-test/target/test-dir/MiniOzoneClusterImpl-3b2755de-4cfe-4b43-9e0d-73dd8eda8f75/datanode-0/data/ratis/6259c4c5-9885-476f-b8b3-7b8cebff5854] INFO  impl.PendingRequests (PendingRequests.java:sendNotLeaderResponses(202)) - dcc77c7b-1d37-448d-8d57-43d254561693-PendingRequests: sendNotLeaderResponses
2019-09-19 14:05:18,639 [dcc77c7b-1d37-448d-8d57-43d254561693-SegmentedRaftLogWorker:Storage Directory /workdir/hadoop-ozone/integration-test/target/test-dir/MiniOzoneClusterImpl-3b2755de-4cfe-4b43-9e0d-73dd8eda8f75/datanode-0/data/ratis/e19daaf9-e448-4e17-a794-fbd0d09ad849] INFO  util.JmxRegister (JmxRegister.java:unregister(73)) - Successfully un-registered JMX Bean with object name Ratis:service=RaftServer,group=group-FBD0D09AD849,id=dcc77c7b-1d37-448d-8d57-43d254561693
2019-09-19 14:05:18,639 [dcc77c7b-1d37-448d-8d57-43d254561693-SegmentedRaftLogWorker:Storage Directory /workdir/hadoop-ozone/integration-test/target/test-dir/MiniOzoneClusterImpl-3b2755de-4cfe-4b43-9e0d-73dd8eda8f75/datanode-0/data/ratis/a4c4f324-5e2f-4c4d-9469-0c7ed090d72e] INFO  impl.StateMachineUpdater (StateMachineUpdater.java:stopAndJoin(115)) - StateMachineUpdater:dcc77c7b-1d37-448d-8d57-43d254561693:group-0C7ED090D72E: set stopIndex = -1
2019-09-19 14:05:21,139 [dcc77c7b-1d37-448d-8d57-43d254561693-SegmentedRaftLogWorker:Storage Directory /workdir/hadoop-ozone/integration-test/target/test-dir/MiniOzoneClusterImpl-3b2755de-4cfe-4b43-9e0d-73dd8eda8f75/datanode-0/data/ratis/a4c4f324-5e2f-4c4d-9469-0c7ed090d72e] INFO  impl.RaftServerImpl (ServerState.java:close(394)) - dcc77c7b-1d37-448d-8d57-43d254561693:group-0C7ED090D72E closes. The last applied log index is -1
2019-09-19 14:05:18,639 [dcc77c7b-1d37-448d-8d57-43d254561693:group-FB7C57D9607D:LeaderElection678] INFO  server.RaftServerConfigKeys (ConfUtils.java:logGet(43)) - raft.server.rpc.sleep.time = 25ms (default)
2019-09-19 14:05:18,639 [dcc77c7b-1d37-448d-8d57-43d254561693-SegmentedRaftLogWorker:Storage Directory /workdir/hadoop-ozone/integration-test/target/test-dir/MiniOzoneClusterImpl-3b2755de-4cfe-4b43-9e0d-73dd8eda8f75/datanode-0/data/ratis/e3285b87-f293-4fa3-becb-7430c03ae933] INFO  segmented.SegmentedRaftLogWorker (SegmentedRaftLogWorker.java:close(228)) - dcc77c7b-1d37-448d-8d57-43d254561693-SegmentedRaftLogWorker:Storage Directory /workdir/hadoop-ozone/integration-test/target/test-dir/MiniOzoneClusterImpl-3b2755de-4cfe-4b43-9e0d-73dd8eda8f75/datanode-0/data/ratis/e3285b87-f293-4fa3-becb-7430c03ae933 close()
2019-09-19 14:05:18,639 [dcc77c7b-1d37-448d-8d57-43d254561693:group-CAD015ACF5B5:LeaderElection653] INFO  server.RaftServerConfigKeys (ConfUtils.java:logGet(43)) - raft.server.watch.timeout = 10s (default)
2019-09-19 14:05:18,638 [dcc77c7b-1d37-448d-8d57-43d254561693:group-48A901C7CAAB:LeaderElection654] INFO  server.RaftServerConfigKeys (ConfUtils.java:logGet(43)) - raft.server.watch.timeout = 10s (default)
2019-09-19 14:05:18,638 [dcc77c7b-1d37-448d-8d57-43d254561693:group-FB8A0F6129D1:LeaderElection664] INFO  server.RaftServerConfigKeys (ConfUtils.java:logGet(43)) - raft.server.watch.timeout = 10s (default)
2019-09-19 14:05:18,638 [dcc77c7b-1d37-448d-8d57-43d254561693:group-C91F44D9A055:LeaderElection662] INFO  server.RaftServerConfigKeys (ConfUtils.java:logGet(43)) - raft.server.watch.timeout = 10s (default)
2019-09-19 14:05:18,638 [dcc77c7b-1d37-448d-8d57-43d254561693:group-890F06A36E32:LeaderElection688] INFO  server.RaftServerConfigKeys (ConfUtils.java:logGet(43)) - raft.server.staging.catchup.gap = 1000 (default)
2019-09-19 14:05:21,140 [dcc77c7b-1d37-448d-8d57-43d254561693:group-890F06A36E32:LeaderElection688] INFO  server.RaftServerConfigKeys (ConfUtils.java:logGet(43)) - raft.server.rpc.sleep.time = 25ms (default)
2019-09-19 14:05:18,637 [dcc77c7b-1d37-448d-8d57-43d254561693-SegmentedRaftLogWorker:Storage Directory /workdir/hadoop-ozone/integration-test/target/test-dir/MiniOzoneClusterImpl-3b2755de-4cfe-4b43-9e0d-73dd8eda8f75/datanode-0/data/ratis/6949dbb8-3021-4130-9733-6ba61b232cb7] INFO  impl.StateMachineUpdater (StateMachineUpdater.java:stopAndJoin(115)) - StateMachineUpdater:dcc77c7b-1d37-448d-8d57-43d254561693:group-6BA61B232CB7: set stopIndex = -1
2019-09-19 14:05:21,141 [dcc77c7b-1d37-448d-8d57-43d254561693-SegmentedRaftLogWorker:Storage Directory /workdir/hadoop-ozone/integration-test/target/test-dir/MiniOzoneClusterImpl-3b2755de-4cfe-4b43-9e0d-73dd8eda8f75/datanode-0/data/ratis/6949dbb8-3021-4130-9733-6ba61b232cb7] INFO  impl.RaftServerImpl (ServerState.java:close(394)) - dcc77c7b-1d37-448d-8d57-43d254561693:group-6BA61B232CB7 closes. The last applied log index is -1
2019-09-19 14:05:18,637 [dcc77c7b-1d37-448d-8d57-43d254561693:group-DFB7682575CC:LeaderElection672] INFO  server.RaftServerConfigKeys (ConfUtils.java:logGet(43)) - raft.server.staging.catchup.gap = 1000 (default)
2019-09-19 14:05:21,141 [dcc77c7b-1d37-448d-8d57-43d254561693:group-DFB7682575CC:LeaderElection672] INFO  server.RaftServerConfigKeys (ConfUtils.java:logGet(43)) - raft.server.rpc.sleep.time = 25ms (default)
2019-09-19 14:05:18,637 [dcc77c7b-1d37-448d-8d57-43d254561693:group-CCAC13F47FF4:LeaderElection673] INFO  server.RaftServerConfigKeys (ConfUtils.java:logGet(43)) - raft.server.write.element-limit = 4096 (default)
2019-09-19 14:05:18,636 [dcc77c7b-1d37-448d-8d57-43d254561693:group-A8B0DCFAD616:LeaderElection671] INFO  server.RaftServerConfigKeys (ConfUtils.java:logGet(43)) - raft.server.rpc.sleep.time = 25ms (default)
2019-09-19 14:05:18,636 [dcc77c7b-1d37-448d-8d57-43d254561693:group-F3BCA7C22EE0:LeaderElection677] INFO  server.RaftServerConfigKeys (ConfUtils.java:logGet(43)) - raft.server.staging.catchup.gap = 1000 (default)
2019-09-19 14:05:18,636 [dcc77c7b-1d37-448d-8d57-43d254561693:group-A89996D31591:LeaderElection683] INFO  server.RaftServerConfigKeys (ConfUtils.java:logGet(43)) - raft.server.staging.catchup.gap = 1000 (default)
2019-09-19 14:05:18,636 [dcc77c7b-1d37-448d-8d57-43d254561693:group-3FFAC3177C15:LeaderElection674] INFO  impl.RaftServerImpl (ServerState.java:setLeader(263)) - dcc77c7b-1d37-448d-8d57-43d254561693:group-3FFAC3177C15 change Leader from null to dcc77c7b-1d37-448d-8d57-43d254561693 at term 1 for becomeLeader, leader elected after 28636ms
2019-09-19 14:05:21,142 [dcc77c7b-1d37-448d-8d57-43d254561693:group-3FFAC3177C15:LeaderElection674] INFO  server.RaftServerConfigKeys (ConfUtils.java:logGet(43)) - raft.server.staging.catchup.gap = 1000 (default)
2019-09-19 14:05:18,636 [dcc77c7b-1d37-448d-8d57-43d254561693-SegmentedRaftLogWorker:Storage Directory /workdir/hadoop-ozone/integration-test/target/test-dir/MiniOzoneClusterImpl-3b2755de-4cfe-4b43-9e0d-73dd8eda8f75/datanode-0/data/ratis/86bb2644-c807-4586-80a5-e31af374e74c] INFO  impl.StateMachineUpdater (StateMachineUpdater.java:stopAndJoin(115)) - StateMachineUpdater:dcc77c7b-1d37-448d-8d57-43d254561693:group-E31AF374E74C: set stopIndex = -1
2019-09-19 14:05:18,636 [dcc77c7b-1d37-448d-8d57-43d254561693:group-B809E960E354:LeaderElection644] INFO  server.RaftServerConfigKeys (ConfUtils.java:logGet(43)) - raft.server.watch.element-limit = 65536 (default)
2019-09-19 14:05:18,636 [dcc77c7b-1d37-448d-8d57-43d254561693-SegmentedRaftLogWorker:Storage Directory /workdir/hadoop-ozone/integration-test/target/test-dir/MiniOzoneClusterImpl-3b2755de-4cfe-4b43-9e0d-73dd8eda8f75/datanode-0/data/ratis/c91ad977-9dd9-4a24-8c5f-9646dab2f47f] INFO  segmented.SegmentedRaftLogWorker (SegmentedRaftLogWorker.java:close(228)) - dcc77c7b-1d37-448d-8d57-43d254561693-SegmentedRaftLogWorker:Storage Directory /workdir/hadoop-ozone/integration-test/target/test-dir/MiniOzoneClusterImpl-3b2755de-4cfe-4b43-9e0d-73dd8eda8f75/datanode-0/data/ratis/c91ad977-9dd9-4a24-8c5f-9646dab2f47f close()
2019-09-19 14:05:18,635 [dcc77c7b-1d37-448d-8d57-43d254561693:group-09863E5FAFF9:LeaderElection682] INFO  server.RaftServerConfigKeys (ConfUtils.java:logGet(43)) - raft.server.write.element-limit = 4096 (default)
2019-09-19 14:05:18,635 [dcc77c7b-1d37-448d-8d57-43d254561693-SegmentedRaftLogWorker:Storage Directory /workdir/hadoop-ozone/integration-test/target/test-dir/MiniOzoneClusterImpl-3b2755de-4cfe-4b43-9e0d-73dd8eda8f75/datanode-0/data/ratis/ca6a6194-c73d-4588-92e9-827c827a8dad] INFO  segmented.SegmentedRaftLogWorker (SegmentedRaftLogWorker.java:close(228)) - dcc77c7b-1d37-448d-8d57-43d254561693-SegmentedRaftLogWorker:Storage Directory /workdir/hadoop-ozone/integration-test/target/test-dir/MiniOzoneClusterImpl-3b2755de-4cfe-4b43-9e0d-73dd8eda8f75/datanode-0/data/ratis/ca6a6194-c73d-4588-92e9-827c827a8dad close()
2019-09-19 14:05:18,635 [dcc77c7b-1d37-448d-8d57-43d254561693-SegmentedRaftLogWorker:Storage Directory /workdir/hadoop-ozone/integration-test/target/test-dir/MiniOzoneClusterImpl-3b2755de-4cfe-4b43-9e0d-73dd8eda8f75/datanode-0/data/ratis/8cd24193-87e3-4023-8697-e501e5c2f87a] INFO  impl.PendingRequests (PendingRequests.java:sendNotLeaderResponses(202)) - dcc77c7b-1d37-448d-8d57-43d254561693-PendingRequests: sendNotLeaderResponses
2019-09-19 14:05:18,635 [dcc77c7b-1d37-448d-8d57-43d254561693-SegmentedRaftLogWorker:Storage Directory /workdir/hadoop-ozone/integration-test/target/test-dir/MiniOzoneClusterImpl-3b2755de-4cfe-4b43-9e0d-73dd8eda8f75/datanode-0/data/ratis/92654bd5-732e-47db-8962-af209fe8fecb] INFO  impl.StateMachineUpdater (StateMachineUpdater.java:stopAndJoin(115)) - StateMachineUpdater:dcc77c7b-1d37-448d-8d57-43d254561693:group-AF209FE8FECB: set stopIndex = -1
2019-09-19 14:05:21,143 [dcc77c7b-1d37-448d-8d57-43d254561693-SegmentedRaftLogWorker:Storage Directory /workdir/hadoop-ozone/integration-test/target/test-dir/MiniOzoneClusterImpl-3b2755de-4cfe-4b43-9e0d-73dd8eda8f75/datanode-0/data/ratis/92654bd5-732e-47db-8962-af209fe8fecb] INFO  impl.RaftServerImpl (ServerState.java:close(394)) - dcc77c7b-1d37-448d-8d57-43d254561693:group-AF209FE8FECB closes. The last applied log index is -1
2019-09-19 14:05:18,634 [dcc77c7b-1d37-448d-8d57-43d254561693-SegmentedRaftLogWorker:Storage Directory /workdir/hadoop-ozone/integration-test/target/test-dir/MiniOzoneClusterImpl-3b2755de-4cfe-4b43-9e0d-73dd8eda8f75/datanode-0/data/ratis/809af549-fcb0-4d0c-aadb-c427df1d703e] INFO  impl.RaftServerImpl (ServerState.java:close(394)) - dcc77c7b-1d37-448d-8d57-43d254561693:group-C427DF1D703E closes. The last applied log index is -1
2019-09-19 14:05:18,634 [dcc77c7b-1d37-448d-8d57-43d254561693-SegmentedRaftLogWorker:Storage Directory /workdir/hadoop-ozone/integration-test/target/test-dir/MiniOzoneClusterImpl-3b2755de-4cfe-4b43-9e0d-73dd8eda8f75/datanode-0/data/ratis/aa779339-dfa9-49d1-86de-56d873a3b067] INFO  impl.StateMachineUpdater (StateMachineUpdater.java:stopAndJoin(115)) - StateMachineUpdater:dcc77c7b-1d37-448d-8d57-43d254561693:group-56D873A3B067: set stopIndex = -1
2019-09-19 14:05:21,143 [dcc77c7b-1d37-448d-8d57-43d254561693-SegmentedRaftLogWorker:Storage Directory /workdir/hadoop-ozone/integration-test/target/test-dir/MiniOzoneClusterImpl-3b2755de-4cfe-4b43-9e0d-73dd8eda8f75/datanode-0/data/ratis/aa779339-dfa9-49d1-86de-56d873a3b067] INFO  impl.RaftServerImpl (ServerState.java:close(394)) - dcc77c7b-1d37-448d-8d57-43d254561693:group-56D873A3B067 closes. The last applied log index is -1
2019-09-19 14:05:18,634 [dcc77c7b-1d37-448d-8d57-43d254561693-SegmentedRaftLogWorker:Storage Directory /workdir/hadoop-ozone/integration-test/target/test-dir/MiniOzoneClusterImpl-3b2755de-4cfe-4b43-9e0d-73dd8eda8f75/datanode-0/data/ratis/195e7c49-f441-4cbd-a4fc-ef22f8d31499] INFO  segmented.SegmentedRaftLogWorker (SegmentedRaftLogWorker.java:close(228)) - dcc77c7b-1d37-448d-8d57-43d254561693-SegmentedRaftLogWorker:Storage Directory /workdir/hadoop-ozone/integration-test/target/test-dir/MiniOzoneClusterImpl-3b2755de-4cfe-4b43-9e0d-73dd8eda8f75/datanode-0/data/ratis/195e7c49-f441-4cbd-a4fc-ef22f8d31499 close()
2019-09-19 14:05:18,634 [dcc77c7b-1d37-448d-8d57-43d254561693-SegmentedRaftLogWorker:Storage Directory /workdir/hadoop-ozone/integration-test/target/test-dir/MiniOzoneClusterImpl-3b2755de-4cfe-4b43-9e0d-73dd8eda8f75/datanode-0/data/ratis/5c09cb34-786b-45ad-934d-df36a57a9136] INFO  impl.StateMachineUpdater (StateMachineUpdater.java:stopAndJoin(115)) - StateMachineUpdater:dcc77c7b-1d37-448d-8d57-43d254561693:group-DF36A57A9136: set stopIndex = -1
2019-09-19 14:05:21,144 [dcc77c7b-1d37-448d-8d57-43d254561693-SegmentedRaftLogWorker:Storage Directory /workdir/hadoop-ozone/integration-test/target/test-dir/MiniOzoneClusterImpl-3b2755de-4cfe-4b43-9e0d-73dd8eda8f75/datanode-0/data/ratis/5c09cb34-786b-45ad-934d-df36a57a9136] INFO  impl.RaftServerImpl (ServerState.java:close(394)) - dcc77c7b-1d37-448d-8d57-43d254561693:group-DF36A57A9136 closes. The last applied log index is -1
2019-09-19 14:05:18,633 [dcc77c7b-1d37-448d-8d57-43d254561693:group-0720468DC241:LeaderElection670] INFO  server.RaftServerConfigKeys (ConfUtils.java:logGet(43)) - raft.server.write.element-limit = 4096 (default)
2019-09-19 14:05:21,144 [dcc77c7b-1d37-448d-8d57-43d254561693-SegmentedRaftLogWorker:Storage Directory /workdir/hadoop-ozone/integration-test/target/test-dir/MiniOzoneClusterImpl-3b2755de-4cfe-4b43-9e0d-73dd8eda8f75/datanode-0/data/ratis/5c09cb34-786b-45ad-934d-df36a57a9136] INFO  segmented.SegmentedRaftLogWorker (SegmentedRaftLogWorker.java:close(228)) - dcc77c7b-1d37-448d-8d57-43d254561693-SegmentedRaftLogWorker:Storage Directory /workdir/hadoop-ozone/integration-test/target/test-dir/MiniOzoneClusterImpl-3b2755de-4cfe-4b43-9e0d-73dd8eda8f75/datanode-0/data/ratis/5c09cb34-786b-45ad-934d-df36a57a9136 close()
2019-09-19 14:05:18,633 [dcc77c7b-1d37-448d-8d57-43d254561693:group-77F6979B7494:LeaderElection681] INFO  impl.RaftServerImpl (ServerState.java:setLeader(263)) - dcc77c7b-1d37-448d-8d57-43d254561693:group-77F6979B7494 change Leader from null to dcc77c7b-1d37-448d-8d57-43d254561693 at term 1 for becomeLeader, leader elected after 26166ms
2019-09-19 14:05:18,633 [dcc77c7b-1d37-448d-8d57-43d254561693-SegmentedRaftLogWorker:Storage Directory /workdir/hadoop-ozone/integration-test/target/test-dir/MiniOzoneClusterImpl-3b2755de-4cfe-4b43-9e0d-73dd8eda8f75/datanode-0/data/ratis/0670478e-5791-4e08-bea4-df274f267a33] INFO  segmented.SegmentedRaftLogWorker (SegmentedRaftLogWorker.java:close(228)) - dcc77c7b-1d37-448d-8d57-43d254561693-SegmentedRaftLogWorker:Storage Directory /workdir/hadoop-ozone/integration-test/target/test-dir/MiniOzoneClusterImpl-3b2755de-4cfe-4b43-9e0d-73dd8eda8f75/datanode-0/data/ratis/0670478e-5791-4e08-bea4-df274f267a33 close()
2019-09-19 14:05:18,633 [dcc77c7b-1d37-448d-8d57-43d254561693-SegmentedRaftLogWorker:Storage Directory /workdir/hadoop-ozone/integration-test/target/test-dir/MiniOzoneClusterImpl-3b2755de-4cfe-4b43-9e0d-73dd8eda8f75/datanode-0/data/ratis/0da6c939-5164-41ff-81e1-c6c4a2b7d1da] INFO  impl.StateMachineUpdater (StateMachineUpdater.java:stopAndJoin(115)) - StateMachineUpdater:dcc77c7b-1d37-448d-8d57-43d254561693:group-C6C4A2B7D1DA: set stopIndex = -1
2019-09-19 14:05:18,632 [dcc77c7b-1d37-448d-8d57-43d254561693:group-E165C8F20643:LeaderElection666] INFO  server.RaftServerConfigKeys (ConfUtils.java:logGet(43)) - raft.server.rpc.sleep.time = 25ms (default)
2019-09-19 14:05:18,632 [dcc77c7b-1d37-448d-8d57-43d254561693-SegmentedRaftLogWorker:Storage Directory /workdir/hadoop-ozone/integration-test/target/test-dir/MiniOzoneClusterImpl-3b2755de-4cfe-4b43-9e0d-73dd8eda8f75/datanode-0/data/ratis/5f039e0b-2746-4771-9cdf-a8e7f9479fc5] INFO  impl.StateMachineUpdater (StateMachineUpdater.java:stopAndJoin(115)) - StateMachineUpdater:dcc77c7b-1d37-448d-8d57-43d254561693:group-A8E7F9479FC5: set stopIndex = -1
2019-09-19 14:05:21,145 [dcc77c7b-1d37-448d-8d57-43d254561693-SegmentedRaftLogWorker:Storage Directory /workdir/hadoop-ozone/integration-test/target/test-dir/MiniOzoneClusterImpl-3b2755de-4cfe-4b43-9e0d-73dd8eda8f75/datanode-0/data/ratis/5f039e0b-2746-4771-9cdf-a8e7f9479fc5] INFO  impl.RaftServerImpl (ServerState.java:close(394)) - dcc77c7b-1d37-448d-8d57-43d254561693:group-A8E7F9479FC5 closes. The last applied log index is -1
2019-09-19 14:05:18,632 [dcc77c7b-1d37-448d-8d57-43d254561693-SegmentedRaftLogWorker:Storage Directory /workdir/hadoop-ozone/integration-test/target/test-dir/MiniOzoneClusterImpl-3b2755de-4cfe-4b43-9e0d-73dd8eda8f75/datanode-0/data/ratis/496c209b-a8fb-44b0-964b-b8ec2eeee8d5] INFO  util.JmxRegister (JmxRegister.java:unregister(73)) - Successfully un-registered JMX Bean with object name Ratis:service=RaftServer,group=group-B8EC2EEEE8D5,id=dcc77c7b-1d37-448d-8d57-43d254561693
2019-09-19 14:05:18,632 [dcc77c7b-1d37-448d-8d57-43d254561693-SegmentedRaftLogWorker:Storage Directory /workdir/hadoop-ozone/integration-test/target/test-dir/MiniOzoneClusterImpl-3b2755de-4cfe-4b43-9e0d-73dd8eda8f75/datanode-0/data/ratis/d354f42a-d9ec-4c21-9161-89849f9fd3ba] INFO  impl.PendingRequests (PendingRequests.java:sendNotLeaderResponses(202)) - dcc77c7b-1d37-448d-8d57-43d254561693-PendingRequests: sendNotLeaderResponses
2019-09-19 14:05:18,632 [dcc77c7b-1d37-448d-8d57-43d254561693-SegmentedRaftLogWorker:Storage Directory /workdir/hadoop-ozone/integration-test/target/test-dir/MiniOzoneClusterImpl-3b2755de-4cfe-4b43-9e0d-73dd8eda8f75/datanode-0/data/ratis/55ea1096-7909-4481-a143-cd7159c89c08] INFO  impl.PendingRequests (PendingRequests.java:sendNotLeaderResponses(202)) - dcc77c7b-1d37-448d-8d57-43d254561693-PendingRequests: sendNotLeaderResponses
2019-09-19 14:05:18,632 [dcc77c7b-1d37-448d-8d57-43d254561693-SegmentedRaftLogWorker:Storage Directory /workdir/hadoop-ozone/integration-test/target/test-dir/MiniOzoneClusterImpl-3b2755de-4cfe-4b43-9e0d-73dd8eda8f75/datanode-0/data/ratis/5b6bb2d1-6a86-44a9-9560-4467d65330c2] INFO  impl.PendingRequests (PendingRequests.java:sendNotLeaderResponses(202)) - dcc77c7b-1d37-448d-8d57-43d254561693-PendingRequests: sendNotLeaderResponses
2019-09-19 14:05:18,631 [dcc77c7b-1d37-448d-8d57-43d254561693-SegmentedRaftLogWorker:Storage Directory /workdir/hadoop-ozone/integration-test/target/test-dir/MiniOzoneClusterImpl-3b2755de-4cfe-4b43-9e0d-73dd8eda8f75/datanode-0/data/ratis/2394fb0c-6f10-496e-bf96-bb4e63a8adce] INFO  impl.StateMachineUpdater (StateMachineUpdater.java:stopAndJoin(115)) - StateMachineUpdater:dcc77c7b-1d37-448d-8d57-43d254561693:group-BB4E63A8ADCE: set stopIndex = -1
2019-09-19 14:05:21,146 [dcc77c7b-1d37-448d-8d57-43d254561693-SegmentedRaftLogWorker:Storage Directory /workdir/hadoop-ozone/integration-test/target/test-dir/MiniOzoneClusterImpl-3b2755de-4cfe-4b43-9e0d-73dd8eda8f75/datanode-0/data/ratis/2394fb0c-6f10-496e-bf96-bb4e63a8adce] INFO  impl.RaftServerImpl (ServerState.java:close(394)) - dcc77c7b-1d37-448d-8d57-43d254561693:group-BB4E63A8ADCE closes. The last applied log index is -1
2019-09-19 14:05:18,631 [dcc77c7b-1d37-448d-8d57-43d254561693-SegmentedRaftLogWorker:Storage Directory /workdir/hadoop-ozone/integration-test/target/test-dir/MiniOzoneClusterImpl-3b2755de-4cfe-4b43-9e0d-73dd8eda8f75/datanode-0/data/ratis/325a6685-5506-4a90-be06-869d2374c5b7] INFO  impl.PendingRequests (PendingRequests.java:sendNotLeaderResponses(202)) - dcc77c7b-1d37-448d-8d57-43d254561693-PendingRequests: sendNotLeaderResponses
2019-09-19 14:05:18,631 [dcc77c7b-1d37-448d-8d57-43d254561693-SegmentedRaftLogWorker:Storage Directory /workdir/hadoop-ozone/integration-test/target/test-dir/MiniOzoneClusterImpl-3b2755de-4cfe-4b43-9e0d-73dd8eda8f75/datanode-0/data/ratis/2ddc7a41-9acf-41f1-bc02-c7074be8e490] INFO  impl.RoleInfo (RoleInfo.java:shutdownLeaderState(104)) - dcc77c7b-1d37-448d-8d57-43d254561693: shutdown LeaderState
2019-09-19 14:05:18,631 [dcc77c7b-1d37-448d-8d57-43d254561693:group-21D390036BC2:LeaderElection680] INFO  server.RaftServerConfigKeys (ConfUtils.java:logGet(43)) - raft.server.watch.timeout = 10s (default)
2019-09-19 14:05:18,631 [dcc77c7b-1d37-448d-8d57-43d254561693:group-47C7557B9325:LeaderElection679] INFO  server.RaftServerConfigKeys (ConfUtils.java:logGet(43)) - raft.server.write.element-limit = 4096 (default)
2019-09-19 14:05:18,630 [dcc77c7b-1d37-448d-8d57-43d254561693-SegmentedRaftLogWorker:Storage Directory /workdir/hadoop-ozone/integration-test/target/test-dir/MiniOzoneClusterImpl-3b2755de-4cfe-4b43-9e0d-73dd8eda8f75/datanode-0/data/ratis/7a7a7456-0dc3-4ec9-a28b-355ed91025d3] INFO  impl.RaftServerImpl (ServerState.java:close(394)) - dcc77c7b-1d37-448d-8d57-43d254561693:group-355ED91025D3 closes. The last applied log index is -1
2019-09-19 14:05:18,630 [dcc77c7b-1d37-448d-8d57-43d254561693-SegmentedRaftLogWorker:Storage Directory /workdir/hadoop-ozone/integration-test/target/test-dir/MiniOzoneClusterImpl-3b2755de-4cfe-4b43-9e0d-73dd8eda8f75/datanode-0/data/ratis/bc979890-6b93-4c34-92f4-973f91c20342] INFO  impl.StateMachineUpdater (StateMachineUpdater.java:stopAndJoin(115)) - StateMachineUpdater:dcc77c7b-1d37-448d-8d57-43d254561693:group-973F91C20342: set stopIndex = -1
2019-09-19 14:05:21,147 [dcc77c7b-1d37-448d-8d57-43d254561693-SegmentedRaftLogWorker:Storage Directory /workdir/hadoop-ozone/integration-test/target/test-dir/MiniOzoneClusterImpl-3b2755de-4cfe-4b43-9e0d-73dd8eda8f75/datanode-0/data/ratis/bc979890-6b93-4c34-92f4-973f91c20342] INFO  impl.RaftServerImpl (ServerState.java:close(394)) - dcc77c7b-1d37-448d-8d57-43d254561693:group-973F91C20342 closes. The last applied log index is -1
2019-09-19 14:05:18,630 [dcc77c7b-1d37-448d-8d57-43d254561693:group-78B7DFC7FE28:LeaderElection661] INFO  server.RaftServerConfigKeys (ConfUtils.java:logGet(43)) - raft.server.watch.element-limit = 65536 (default)
2019-09-19 14:05:18,630 [pool-58-thread-1] INFO  impl.RoleInfo (RoleInfo.java:updateAndGet(143)) - dcc77c7b-1d37-448d-8d57-43d254561693: start FollowerState
2019-09-19 14:05:18,629 [dcc77c7b-1d37-448d-8d57-43d254561693:group-101271AE1179:LeaderElection659] INFO  server.RaftServerConfigKeys (ConfUtils.java:logGet(43)) - raft.server.watch.timeout = 10s (default)
2019-09-19 14:05:18,629 [dcc77c7b-1d37-448d-8d57-43d254561693:group-BB4770E0F3FD:LeaderElection655] INFO  server.RaftServerConfigKeys (ConfUtils.java:logGet(43)) - raft.server.watch.timeout.denomination = 1s (default)
2019-09-19 14:05:21,148 [dcc77c7b-1d37-448d-8d57-43d254561693:group-BB4770E0F3FD:LeaderElection655] INFO  server.RaftServerConfigKeys (ConfUtils.java:logGet(43)) - raft.server.watch.element-limit = 65536 (default)
2019-09-19 14:05:18,346 [dcc77c7b-1d37-448d-8d57-43d254561693:group-D788F79D6955:LeaderElection606] INFO  impl.RaftServerImpl (ServerState.java:setRaftConf(361)) - dcc77c7b-1d37-448d-8d57-43d254561693:group-D788F79D6955 set configuration 0: [dcc77c7b-1d37-448d-8d57-43d254561693:192.168.157.226:34527], old=null at 0
2019-09-19 14:05:18,346 [dcc77c7b-1d37-448d-8d57-43d254561693:group-26A6A6CCFAD8:LeaderElection660] INFO  server.RaftServerConfigKeys (ConfUtils.java:logGet(43)) - raft.server.watch.timeout = 10s (default)
2019-09-19 14:05:18,346 [dcc77c7b-1d37-448d-8d57-43d254561693-SegmentedRaftLogWorker:Storage Directory /workdir/hadoop-ozone/integration-test/target/test-dir/MiniOzoneClusterImpl-3b2755de-4cfe-4b43-9e0d-73dd8eda8f75/datanode-0/data/ratis/00b76e0c-516e-486f-8902-bcc62b444d9d] INFO  impl.PendingRequests (PendingRequests.java:sendNotLeaderResponses(202)) - dcc77c7b-1d37-448d-8d57-43d254561693-PendingRequests: sendNotLeaderResponses
2019-09-19 14:05:18,346 [dcc77c7b-1d37-448d-8d57-43d254561693-SegmentedRaftLogWorker:Storage Directory /workdir/hadoop-ozone/integration-test/target/test-dir/MiniOzoneClusterImpl-3b2755de-4cfe-4b43-9e0d-73dd8eda8f75/datanode-0/data/ratis/0bcb92b1-8f88-4bb5-a8d7-c61393b9958e] INFO  impl.StateMachineUpdater (StateMachineUpdater.java:stopAndJoin(115)) - StateMachineUpdater:dcc77c7b-1d37-448d-8d57-43d254561693:group-C61393B9958E: set stopIndex = -1
2019-09-19 14:05:18,346 [dcc77c7b-1d37-448d-8d57-43d254561693-SegmentedRaftLogWorker:Storage Directory /workdir/hadoop-ozone/integration-test/target/test-dir/MiniOzoneClusterImpl-3b2755de-4cfe-4b43-9e0d-73dd8eda8f75/datanode-0/data/ratis/13e365e2-082e-427c-9029-8dbed52dd969] INFO  impl.RoleInfo (RoleInfo.java:shutdownLeaderState(104)) - dcc77c7b-1d37-448d-8d57-43d254561693: shutdown LeaderState
2019-09-19 14:05:18,346 [dcc77c7b-1d37-448d-8d57-43d254561693-SegmentedRaftLogWorker:Storage Directory /workdir/hadoop-ozone/integration-test/target/test-dir/MiniOzoneClusterImpl-3b2755de-4cfe-4b43-9e0d-73dd8eda8f75/datanode-0/data/ratis/c10b78a9-67e9-4f55-be11-f426ba34ee2b] INFO  impl.StateMachineUpdater (StateMachineUpdater.java:stopAndJoin(115)) - StateMachineUpdater:dcc77c7b-1d37-448d-8d57-43d254561693:group-F426BA34EE2B: set stopIndex = -1
2019-09-19 14:05:21,149 [dcc77c7b-1d37-448d-8d57-43d254561693-SegmentedRaftLogWorker:Storage Directory /workdir/hadoop-ozone/integration-test/target/test-dir/MiniOzoneClusterImpl-3b2755de-4cfe-4b43-9e0d-73dd8eda8f75/datanode-0/data/ratis/c10b78a9-67e9-4f55-be11-f426ba34ee2b] INFO  impl.RaftServerImpl (ServerState.java:close(394)) - dcc77c7b-1d37-448d-8d57-43d254561693:group-F426BA34EE2B closes. The last applied log index is -1
2019-09-19 14:05:18,345 [dcc77c7b-1d37-448d-8d57-43d254561693-SegmentedRaftLogWorker:Storage Directory /workdir/hadoop-ozone/integration-test/target/test-dir/MiniOzoneClusterImpl-3b2755de-4cfe-4b43-9e0d-73dd8eda8f75/datanode-0/data/ratis/c2f8a40a-eab5-4d2f-ac26-aefe1d75de75] INFO  impl.StateMachineUpdater (StateMachineUpdater.java:stopAndJoin(115)) - StateMachineUpdater:dcc77c7b-1d37-448d-8d57-43d254561693:group-AEFE1D75DE75: set stopIndex = -1
2019-09-19 14:05:21,149 [dcc77c7b-1d37-448d-8d57-43d254561693-SegmentedRaftLogWorker:Storage Directory /workdir/hadoop-ozone/integration-test/target/test-dir/MiniOzoneClusterImpl-3b2755de-4cfe-4b43-9e0d-73dd8eda8f75/datanode-0/data/ratis/c2f8a40a-eab5-4d2f-ac26-aefe1d75de75] INFO  impl.RaftServerImpl (ServerState.java:close(394)) - dcc77c7b-1d37-448d-8d57-43d254561693:group-AEFE1D75DE75 closes. The last applied log index is -1
2019-09-19 14:05:18,345 [dcc77c7b-1d37-448d-8d57-43d254561693:group-A448A7A95FAE:LeaderElection689] INFO  impl.RoleInfo (RoleInfo.java:shutdownLeaderElection(134)) - dcc77c7b-1d37-448d-8d57-43d254561693: shutdown LeaderElection
2019-09-19 14:05:21,149 [dcc77c7b-1d37-448d-8d57-43d254561693:group-A448A7A95FAE:LeaderElection689] INFO  impl.RaftServerImpl (RaftServerImpl.java:setRole(171)) - dcc77c7b-1d37-448d-8d57-43d254561693:group-A448A7A95FAE changes role from CANDIDATE to LEADER at term 1 for changeToLeader
2019-09-19 14:05:18,345 [dcc77c7b-1d37-448d-8d57-43d254561693-SegmentedRaftLogWorker:Storage Directory /workdir/hadoop-ozone/integration-test/target/test-dir/MiniOzoneClusterImpl-3b2755de-4cfe-4b43-9e0d-73dd8eda8f75/datanode-0/data/ratis/2fea3c3c-6ec9-4356-9fdc-00abcb16aa03] INFO  impl.PendingRequests (PendingRequests.java:sendNotLeaderResponses(202)) - dcc77c7b-1d37-448d-8d57-43d254561693-PendingRequests: sendNotLeaderResponses
2019-09-19 14:05:18,345 [dcc77c7b-1d37-448d-8d57-43d254561693-SegmentedRaftLogWorker:Storage Directory /workdir/hadoop-ozone/integration-test/target/test-dir/MiniOzoneClusterImpl-3b2755de-4cfe-4b43-9e0d-73dd8eda8f75/datanode-0/data/ratis/056fd711-72ef-4867-a25d-b3b29087aaa0] INFO  impl.StateMachineUpdater (StateMachineUpdater.java:stopAndJoin(115)) - StateMachineUpdater:dcc77c7b-1d37-448d-8d57-43d254561693:group-B3B29087AAA0: set stopIndex = -1
2019-09-19 14:05:21,150 [dcc77c7b-1d37-448d-8d57-43d254561693-SegmentedRaftLogWorker:Storage Directory /workdir/hadoop-ozone/integration-test/target/test-dir/MiniOzoneClusterImpl-3b2755de-4cfe-4b43-9e0d-73dd8eda8f75/datanode-0/data/ratis/056fd711-72ef-4867-a25d-b3b29087aaa0] INFO  impl.RaftServerImpl (ServerState.java:close(394)) - dcc77c7b-1d37-448d-8d57-43d254561693:group-B3B29087AAA0 closes. The last applied log index is -1
2019-09-19 14:05:18,345 [dcc77c7b-1d37-448d-8d57-43d254561693-SegmentedRaftLogWorker:Storage Directory /workdir/hadoop-ozone/integration-test/target/test-dir/MiniOzoneClusterImpl-3b2755de-4cfe-4b43-9e0d-73dd8eda8f75/datanode-0/data/ratis/3c853461-9479-429b-9494-c0bcadc5d7d8] INFO  impl.PendingRequests (PendingRequests.java:sendNotLeaderResponses(202)) - dcc77c7b-1d37-448d-8d57-43d254561693-PendingRequests: sendNotLeaderResponses
2019-09-19 14:05:18,344 [dcc77c7b-1d37-448d-8d57-43d254561693-SegmentedRaftLogWorker:Storage Directory /workdir/hadoop-ozone/integration-test/target/test-dir/MiniOzoneClusterImpl-3b2755de-4cfe-4b43-9e0d-73dd8eda8f75/datanode-0/data/ratis/adc73485-a1d0-4303-a62c-d8c1d5fccd5d] ERROR segmented.SegmentedRaftLogWorker (SegmentedRaftLogWorker.java:run(323)) - dcc77c7b-1d37-448d-8d57-43d254561693-SegmentedRaftLogWorker:Storage Directory /workdir/hadoop-ozone/integration-test/target/test-dir/MiniOzoneClusterImpl-3b2755de-4cfe-4b43-9e0d-73dd8eda8f75/datanode-0/data/ratis/adc73485-a1d0-4303-a62c-d8c1d5fccd5d hit exception
java.lang.OutOfMemoryError: Direct buffer memory
	at java.nio.Bits.reserveMemory(Bits.java:666)
	at java.nio.DirectByteBuffer.<init>(DirectByteBuffer.java:123)
	at java.nio.ByteBuffer.allocateDirect(ByteBuffer.java:311)
	at org.apache.ratis.server.raftlog.segmented.BufferedWriteChannel.<init>(BufferedWriteChannel.java:41)
	at org.apache.ratis.server.raftlog.segmented.SegmentedRaftLogOutputStream.<init>(SegmentedRaftLogOutputStream.java:72)
	at org.apache.ratis.server.raftlog.segmented.SegmentedRaftLogWorker$StartLogSegment.execute(SegmentedRaftLogWorker.java:566)
	at org.apache.ratis.server.raftlog.segmented.SegmentedRaftLogWorker.run(SegmentedRaftLogWorker.java:289)
	at java.lang.Thread.run(Thread.java:748)
2019-09-19 14:05:18,344 [dcc77c7b-1d37-448d-8d57-43d254561693-SegmentedRaftLogWorker:Storage Directory /workdir/hadoop-ozone/integration-test/target/test-dir/MiniOzoneClusterImpl-3b2755de-4cfe-4b43-9e0d-73dd8eda8f75/datanode-0/data/ratis/b161966a-6fb0-4db4-a7db-a31ff801af6f] ERROR segmented.SegmentedRaftLogWorker (SegmentedRaftLogWorker.java:run(323)) - dcc77c7b-1d37-448d-8d57-43d254561693-SegmentedRaftLogWorker:Storage Directory /workdir/hadoop-ozone/integration-test/target/test-dir/MiniOzoneClusterImpl-3b2755de-4cfe-4b43-9e0d-73dd8eda8f75/datanode-0/data/ratis/b161966a-6fb0-4db4-a7db-a31ff801af6f hit exception
java.lang.OutOfMemoryError: Direct buffer memory
	at java.nio.Bits.reserveMemory(Bits.java:666)
	at java.nio.DirectByteBuffer.<init>(DirectByteBuffer.java:123)
	at java.nio.ByteBuffer.allocateDirect(ByteBuffer.java:311)
	at org.apache.ratis.server.raftlog.segmented.BufferedWriteChannel.<init>(BufferedWriteChannel.java:41)
	at org.apache.ratis.server.raftlog.segmented.SegmentedRaftLogOutputStream.<init>(SegmentedRaftLogOutputStream.java:72)
	at org.apache.ratis.server.raftlog.segmented.SegmentedRaftLogWorker$StartLogSegment.execute(SegmentedRaftLogWorker.java:566)
	at org.apache.ratis.server.raftlog.segmented.SegmentedRaftLogWorker.run(SegmentedRaftLogWorker.java:289)
	at java.lang.Thread.run(Thread.java:748)
2019-09-19 14:05:21,150 [dcc77c7b-1d37-448d-8d57-43d254561693-SegmentedRaftLogWorker:Storage Directory /workdir/hadoop-ozone/integration-test/target/test-dir/MiniOzoneClusterImpl-3b2755de-4cfe-4b43-9e0d-73dd8eda8f75/datanode-0/data/ratis/b161966a-6fb0-4db4-a7db-a31ff801af6f] INFO  impl.RaftServerImpl (RaftServerImpl.java:lambda$shutdown$3(245)) - dcc77c7b-1d37-448d-8d57-43d254561693: shutdown group-A31FF801AF6F
2019-09-19 14:05:18,054 [dcc77c7b-1d37-448d-8d57-43d254561693-SegmentedRaftLogWorker:Storage Directory /workdir/hadoop-ozone/integration-test/target/test-dir/MiniOzoneClusterImpl-3b2755de-4cfe-4b43-9e0d-73dd8eda8f75/datanode-0/data/ratis/69bb65d1-9de7-4beb-a688-f1ab8729c726] INFO  impl.PendingRequests (PendingRequests.java:sendNotLeaderResponses(202)) - dcc77c7b-1d37-448d-8d57-43d254561693-PendingRequests: sendNotLeaderResponses
2019-09-19 14:05:18,054 [dcc77c7b-1d37-448d-8d57-43d254561693:group-801B220FEE86:LeaderElection625] INFO  impl.RaftServerImpl (ServerState.java:setRaftConf(361)) - dcc77c7b-1d37-448d-8d57-43d254561693:group-801B220FEE86 set configuration 0: [dcc77c7b-1d37-448d-8d57-43d254561693:192.168.157.226:34527], old=null at 0
2019-09-19 14:05:18,054 [dcc77c7b-1d37-448d-8d57-43d254561693-SegmentedRaftLogWorker:Storage Directory /workdir/hadoop-ozone/integration-test/target/test-dir/MiniOzoneClusterImpl-3b2755de-4cfe-4b43-9e0d-73dd8eda8f75/datanode-0/data/ratis/95dcca76-3e6d-463c-8c9e-8705eab60863] INFO  impl.StateMachineUpdater (StateMachineUpdater.java:stopAndJoin(115)) - StateMachineUpdater:dcc77c7b-1d37-448d-8d57-43d254561693:group-8705EAB60863: set stopIndex = -1
2019-09-19 14:05:21,151 [dcc77c7b-1d37-448d-8d57-43d254561693-SegmentedRaftLogWorker:Storage Directory /workdir/hadoop-ozone/integration-test/target/test-dir/MiniOzoneClusterImpl-3b2755de-4cfe-4b43-9e0d-73dd8eda8f75/datanode-0/data/ratis/95dcca76-3e6d-463c-8c9e-8705eab60863] INFO  impl.RaftServerImpl (ServerState.java:close(394)) - dcc77c7b-1d37-448d-8d57-43d254561693:group-8705EAB60863 closes. The last applied log index is -1
2019-09-19 14:05:18,054 [dcc77c7b-1d37-448d-8d57-43d254561693-SegmentedRaftLogWorker:Storage Directory /workdir/hadoop-ozone/integration-test/target/test-dir/MiniOzoneClusterImpl-3b2755de-4cfe-4b43-9e0d-73dd8eda8f75/datanode-0/data/ratis/f638db7c-e41a-4e11-b361-9054243d6a0e] INFO  impl.PendingRequests (PendingRequests.java:sendNotLeaderResponses(202)) - dcc77c7b-1d37-448d-8d57-43d254561693-PendingRequests: sendNotLeaderResponses
2019-09-19 14:05:18,054 [dcc77c7b-1d37-448d-8d57-43d254561693-SegmentedRaftLogWorker:Storage Directory /workdir/hadoop-ozone/integration-test/target/test-dir/MiniOzoneClusterImpl-3b2755de-4cfe-4b43-9e0d-73dd8eda8f75/datanode-0/data/ratis/364470fa-822d-4dd1-ae08-761da49682b2] INFO  impl.PendingRequests (PendingRequests.java:sendNotLeaderResponses(202)) - dcc77c7b-1d37-448d-8d57-43d254561693-PendingRequests: sendNotLeaderResponses
2019-09-19 14:05:18,053 [dcc77c7b-1d37-448d-8d57-43d254561693-SegmentedRaftLogWorker:Storage Directory /workdir/hadoop-ozone/integration-test/target/test-dir/MiniOzoneClusterImpl-3b2755de-4cfe-4b43-9e0d-73dd8eda8f75/datanode-0/data/ratis/db3fb848-7260-46b9-8164-8f62cc6b93f9] INFO  impl.PendingRequests (PendingRequests.java:sendNotLeaderResponses(202)) - dcc77c7b-1d37-448d-8d57-43d254561693-PendingRequests: sendNotLeaderResponses
2019-09-19 14:05:18,053 [dcc77c7b-1d37-448d-8d57-43d254561693:group-0DAF98B9911C:LeaderElection635] INFO  server.RaftServerConfigKeys (ConfUtils.java:logGet(43)) - raft.server.watch.element-limit = 65536 (default)
2019-09-19 14:05:18,052 [dcc77c7b-1d37-448d-8d57-43d254561693:group-8B49C088430A:LeaderElection637] INFO  server.RaftServerConfigKeys (ConfUtils.java:logGet(43)) - raft.server.watch.element-limit = 65536 (default)
2019-09-19 14:05:18,052 [dcc77c7b-1d37-448d-8d57-43d254561693-SegmentedRaftLogWorker:Storage Directory /workdir/hadoop-ozone/integration-test/target/test-dir/MiniOzoneClusterImpl-3b2755de-4cfe-4b43-9e0d-73dd8eda8f75/datanode-0/data/ratis/b0645890-24a1-457a-85dc-6edc13e5aa9d] INFO  util.JmxRegister (JmxRegister.java:unregister(73)) - Successfully un-registered JMX Bean with object name Ratis:service=RaftServer,group=group-6EDC13E5AA9D,id=dcc77c7b-1d37-448d-8d57-43d254561693
2019-09-19 14:05:21,152 [dcc77c7b-1d37-448d-8d57-43d254561693-SegmentedRaftLogWorker:Storage Directory /workdir/hadoop-ozone/integration-test/target/test-dir/MiniOzoneClusterImpl-3b2755de-4cfe-4b43-9e0d-73dd8eda8f75/datanode-0/data/ratis/b0645890-24a1-457a-85dc-6edc13e5aa9d] INFO  impl.RoleInfo (RoleInfo.java:shutdownLeaderState(104)) - dcc77c7b-1d37-448d-8d57-43d254561693: shutdown LeaderState
2019-09-19 14:05:18,052 [dcc77c7b-1d37-448d-8d57-43d254561693-SegmentedRaftLogWorker:Storage Directory /workdir/hadoop-ozone/integration-test/target/test-dir/MiniOzoneClusterImpl-3b2755de-4cfe-4b43-9e0d-73dd8eda8f75/datanode-0/data/ratis/ec304384-7b14-4c7f-8d01-6097693610f3] INFO  impl.RaftServerImpl (RaftServerImpl.java:lambda$shutdown$3(245)) - dcc77c7b-1d37-448d-8d57-43d254561693: shutdown group-6097693610F3
2019-09-19 14:05:18,052 [dcc77c7b-1d37-448d-8d57-43d254561693-SegmentedRaftLogWorker:Storage Directory /workdir/hadoop-ozone/integration-test/target/test-dir/MiniOzoneClusterImpl-3b2755de-4cfe-4b43-9e0d-73dd8eda8f75/datanode-0/data/ratis/180b95ab-2348-4fbe-9c3c-d04acbf66747] INFO  util.JmxRegister (JmxRegister.java:unregister(73)) - Successfully un-registered JMX Bean with object name Ratis:service=RaftServer,group=group-D04ACBF66747,id=dcc77c7b-1d37-448d-8d57-43d254561693
2019-09-19 14:05:21,152 [dcc77c7b-1d37-448d-8d57-43d254561693-SegmentedRaftLogWorker:Storage Directory /workdir/hadoop-ozone/integration-test/target/test-dir/MiniOzoneClusterImpl-3b2755de-4cfe-4b43-9e0d-73dd8eda8f75/datanode-0/data/ratis/180b95ab-2348-4fbe-9c3c-d04acbf66747] INFO  impl.RoleInfo (RoleInfo.java:shutdownLeaderState(104)) - dcc77c7b-1d37-448d-8d57-43d254561693: shutdown LeaderState
2019-09-19 14:05:18,051 [dcc77c7b-1d37-448d-8d57-43d254561693:group-007612E7CB3B:LeaderElection636] INFO  server.RaftServerConfigKeys (ConfUtils.java:logGet(43)) - raft.server.watch.element-limit = 65536 (default)
2019-09-19 14:05:18,051 [dcc77c7b-1d37-448d-8d57-43d254561693-SegmentedRaftLogWorker:Storage Directory /workdir/hadoop-ozone/integration-test/target/test-dir/MiniOzoneClusterImpl-3b2755de-4cfe-4b43-9e0d-73dd8eda8f75/datanode-0/data/ratis/5d2e0cd1-8afa-4dfd-8ba8-2522b1fb8d22] INFO  impl.RoleInfo (RoleInfo.java:shutdownLeaderState(104)) - dcc77c7b-1d37-448d-8d57-43d254561693: shutdown LeaderState
2019-09-19 14:05:18,048 [dcc77c7b-1d37-448d-8d57-43d254561693-SegmentedRaftLogWorker:Storage Directory /workdir/hadoop-ozone/integration-test/target/test-dir/MiniOzoneClusterImpl-3b2755de-4cfe-4b43-9e0d-73dd8eda8f75/datanode-0/data/ratis/396dd680-1929-484e-8da9-1ca508e03965] ERROR segmented.SegmentedRaftLogWorker (SegmentedRaftLogWorker.java:run(323)) - dcc77c7b-1d37-448d-8d57-43d254561693-SegmentedRaftLogWorker:Storage Directory /workdir/hadoop-ozone/integration-test/target/test-dir/MiniOzoneClusterImpl-3b2755de-4cfe-4b43-9e0d-73dd8eda8f75/datanode-0/data/ratis/396dd680-1929-484e-8da9-1ca508e03965 hit exception
java.lang.OutOfMemoryError: Direct buffer memory
	at java.nio.Bits.reserveMemory(Bits.java:666)
	at java.nio.DirectByteBuffer.<init>(DirectByteBuffer.java:123)
	at java.nio.ByteBuffer.allocateDirect(ByteBuffer.java:311)
	at org.apache.ratis.server.raftlog.segmented.BufferedWriteChannel.<init>(BufferedWriteChannel.java:41)
	at org.apache.ratis.server.raftlog.segmented.SegmentedRaftLogOutputStream.<init>(SegmentedRaftLogOutputStream.java:72)
	at org.apache.ratis.server.raftlog.segmented.SegmentedRaftLogWorker$StartLogSegment.execute(SegmentedRaftLogWorker.java:566)
	at org.apache.ratis.server.raftlog.segmented.SegmentedRaftLogWorker.run(SegmentedRaftLogWorker.java:289)
	at java.lang.Thread.run(Thread.java:748)
2019-09-19 14:05:21,153 [dcc77c7b-1d37-448d-8d57-43d254561693-SegmentedRaftLogWorker:Storage Directory /workdir/hadoop-ozone/integration-test/target/test-dir/MiniOzoneClusterImpl-3b2755de-4cfe-4b43-9e0d-73dd8eda8f75/datanode-0/data/ratis/396dd680-1929-484e-8da9-1ca508e03965] INFO  impl.RaftServerImpl (RaftServerImpl.java:lambda$shutdown$3(245)) - dcc77c7b-1d37-448d-8d57-43d254561693: shutdown group-1CA508E03965
2019-09-19 14:05:17,763 [dcc77c7b-1d37-448d-8d57-43d254561693:group-5058C03AF78E:LeaderElection627] INFO  impl.RaftServerImpl (ServerState.java:setRaftConf(361)) - dcc77c7b-1d37-448d-8d57-43d254561693:group-5058C03AF78E set configuration 0: [dcc77c7b-1d37-448d-8d57-43d254561693:192.168.157.226:34527], old=null at 0
2019-09-19 14:05:17,763 [dcc77c7b-1d37-448d-8d57-43d254561693-SegmentedRaftLogWorker:Storage Directory /workdir/hadoop-ozone/integration-test/target/test-dir/MiniOzoneClusterImpl-3b2755de-4cfe-4b43-9e0d-73dd8eda8f75/datanode-0/data/ratis/45a31879-6a8e-4e2e-b8c8-3d808b4b51c3] INFO  impl.PendingRequests (PendingRequests.java:sendNotLeaderResponses(202)) - dcc77c7b-1d37-448d-8d57-43d254561693-PendingRequests: sendNotLeaderResponses
2019-09-19 14:05:17,762 [dcc77c7b-1d37-448d-8d57-43d254561693:group-332CF7478EA4:LeaderElection658] INFO  server.RaftServerConfigKeys (ConfUtils.java:logGet(43)) - raft.server.rpc.sleep.time = 25ms (default)
2019-09-19 14:05:17,762 [dcc77c7b-1d37-448d-8d57-43d254561693:group-FE83F846C166:LeaderElection657] INFO  server.RaftServerConfigKeys (ConfUtils.java:logGet(43)) - raft.server.watch.timeout = 10s (default)
2019-09-19 14:05:17,762 [dcc77c7b-1d37-448d-8d57-43d254561693:group-64275F144400:LeaderElection663] INFO  server.RaftServerConfigKeys (ConfUtils.java:logGet(43)) - raft.server.rpc.sleep.time = 25ms (default)
2019-09-19 14:05:17,762 [dcc77c7b-1d37-448d-8d57-43d254561693:group-C4C3DBF2EB40:LeaderElection656] INFO  server.RaftServerConfigKeys (ConfUtils.java:logGet(43)) - raft.server.write.element-limit = 4096 (default)
2019-09-19 14:05:17,761 [dcc77c7b-1d37-448d-8d57-43d254561693:group-F883EB7B65C2:LeaderElection665] INFO  server.RaftServerConfigKeys (ConfUtils.java:logGet(43)) - raft.server.write.element-limit = 4096 (default)
2019-09-19 14:05:17,761 [dcc77c7b-1d37-448d-8d57-43d254561693-SegmentedRaftLogWorker:Storage Directory /workdir/hadoop-ozone/integration-test/target/test-dir/MiniOzoneClusterImpl-3b2755de-4cfe-4b43-9e0d-73dd8eda8f75/datanode-0/data/ratis/cc0a98a1-5529-44b2-91aa-9c89c73bb343] INFO  impl.RoleInfo (RoleInfo.java:shutdownLeaderState(104)) - dcc77c7b-1d37-448d-8d57-43d254561693: shutdown LeaderState
2019-09-19 14:05:21,154 [dcc77c7b-1d37-448d-8d57-43d254561693:group-F883EB7B65C2:LeaderElection665] INFO  server.RaftServerConfigKeys (ConfUtils.java:logGet(43)) - raft.server.watch.timeout = 10s (default)
2019-09-19 14:05:21,153 [dcc77c7b-1d37-448d-8d57-43d254561693:group-C4C3DBF2EB40:LeaderElection656] INFO  server.RaftServerConfigKeys (ConfUtils.java:logGet(43)) - raft.server.watch.timeout = 10s (default)
2019-09-19 14:05:21,153 [dcc77c7b-1d37-448d-8d57-43d254561693:group-64275F144400:LeaderElection663] INFO  server.RaftServerConfigKeys (ConfUtils.java:logGet(43)) - raft.server.write.element-limit = 4096 (default)
2019-09-19 14:05:21,153 [dcc77c7b-1d37-448d-8d57-43d254561693:group-FE83F846C166:LeaderElection657] INFO  server.RaftServerConfigKeys (ConfUtils.java:logGet(43)) - raft.server.watch.timeout.denomination = 1s (default)
2019-09-19 14:05:21,153 [dcc77c7b-1d37-448d-8d57-43d254561693:group-332CF7478EA4:LeaderElection658] INFO  server.RaftServerConfigKeys (ConfUtils.java:logGet(43)) - raft.server.write.element-limit = 4096 (default)
2019-09-19 14:05:21,153 [dcc77c7b-1d37-448d-8d57-43d254561693-SegmentedRaftLogWorker:Storage Directory /workdir/hadoop-ozone/integration-test/target/test-dir/MiniOzoneClusterImpl-3b2755de-4cfe-4b43-9e0d-73dd8eda8f75/datanode-0/data/ratis/45a31879-6a8e-4e2e-b8c8-3d808b4b51c3] INFO  impl.StateMachineUpdater (StateMachineUpdater.java:stopAndJoin(115)) - StateMachineUpdater:dcc77c7b-1d37-448d-8d57-43d254561693:group-3D808B4B51C3: set stopIndex = -1
2019-09-19 14:05:21,154 [dcc77c7b-1d37-448d-8d57-43d254561693-SegmentedRaftLogWorker:Storage Directory /workdir/hadoop-ozone/integration-test/target/test-dir/MiniOzoneClusterImpl-3b2755de-4cfe-4b43-9e0d-73dd8eda8f75/datanode-0/data/ratis/45a31879-6a8e-4e2e-b8c8-3d808b4b51c3] INFO  impl.RaftServerImpl (ServerState.java:close(394)) - dcc77c7b-1d37-448d-8d57-43d254561693:group-3D808B4B51C3 closes. The last applied log index is -1
2019-09-19 14:05:21,153 [dcc77c7b-1d37-448d-8d57-43d254561693-SegmentedRaftLogWorker:Storage Directory /workdir/hadoop-ozone/integration-test/target/test-dir/MiniOzoneClusterImpl-3b2755de-4cfe-4b43-9e0d-73dd8eda8f75/datanode-0/data/ratis/396dd680-1929-484e-8da9-1ca508e03965] INFO  util.JmxRegister (JmxRegister.java:unregister(73)) - Successfully un-registered JMX Bean with object name Ratis:service=RaftServer,group=group-1CA508E03965,id=dcc77c7b-1d37-448d-8d57-43d254561693
2019-09-19 14:05:21,155 [dcc77c7b-1d37-448d-8d57-43d254561693-SegmentedRaftLogWorker:Storage Directory /workdir/hadoop-ozone/integration-test/target/test-dir/MiniOzoneClusterImpl-3b2755de-4cfe-4b43-9e0d-73dd8eda8f75/datanode-0/data/ratis/396dd680-1929-484e-8da9-1ca508e03965] INFO  impl.RoleInfo (RoleInfo.java:shutdownLeaderState(104)) - dcc77c7b-1d37-448d-8d57-43d254561693: shutdown LeaderState
2019-09-19 14:05:21,152 [dcc77c7b-1d37-448d-8d57-43d254561693-SegmentedRaftLogWorker:Storage Directory /workdir/hadoop-ozone/integration-test/target/test-dir/MiniOzoneClusterImpl-3b2755de-4cfe-4b43-9e0d-73dd8eda8f75/datanode-0/data/ratis/5d2e0cd1-8afa-4dfd-8ba8-2522b1fb8d22] INFO  impl.PendingRequests (PendingRequests.java:sendNotLeaderResponses(202)) - dcc77c7b-1d37-448d-8d57-43d254561693-PendingRequests: sendNotLeaderResponses
2019-09-19 14:05:21,152 [dcc77c7b-1d37-448d-8d57-43d254561693:group-007612E7CB3B:LeaderElection636] INFO  impl.RoleInfo (RoleInfo.java:updateAndGet(143)) - dcc77c7b-1d37-448d-8d57-43d254561693: start LeaderState
2019-09-19 14:05:21,152 [dcc77c7b-1d37-448d-8d57-43d254561693-SegmentedRaftLogWorker:Storage Directory /workdir/hadoop-ozone/integration-test/target/test-dir/MiniOzoneClusterImpl-3b2755de-4cfe-4b43-9e0d-73dd8eda8f75/datanode-0/data/ratis/180b95ab-2348-4fbe-9c3c-d04acbf66747] INFO  impl.PendingRequests (PendingRequests.java:sendNotLeaderResponses(202)) - dcc77c7b-1d37-448d-8d57-43d254561693-PendingRequests: sendNotLeaderResponses
2019-09-19 14:05:21,152 [dcc77c7b-1d37-448d-8d57-43d254561693-SegmentedRaftLogWorker:Storage Directory /workdir/hadoop-ozone/integration-test/target/test-dir/MiniOzoneClusterImpl-3b2755de-4cfe-4b43-9e0d-73dd8eda8f75/datanode-0/data/ratis/ec304384-7b14-4c7f-8d01-6097693610f3] INFO  util.JmxRegister (JmxRegister.java:unregister(73)) - Successfully un-registered JMX Bean with object name Ratis:service=RaftServer,group=group-6097693610F3,id=dcc77c7b-1d37-448d-8d57-43d254561693
2019-09-19 14:05:21,152 [dcc77c7b-1d37-448d-8d57-43d254561693-SegmentedRaftLogWorker:Storage Directory /workdir/hadoop-ozone/integration-test/target/test-dir/MiniOzoneClusterImpl-3b2755de-4cfe-4b43-9e0d-73dd8eda8f75/datanode-0/data/ratis/b0645890-24a1-457a-85dc-6edc13e5aa9d] INFO  impl.PendingRequests (PendingRequests.java:sendNotLeaderResponses(202)) - dcc77c7b-1d37-448d-8d57-43d254561693-PendingRequests: sendNotLeaderResponses
2019-09-19 14:05:21,152 [StateMachineUpdater:dcc77c7b-1d37-448d-8d57-43d254561693:group-CE1F78CFD901] INFO  ratis.ContainerStateMachine (ContainerStateMachine.java:takeSnapshot(294)) - group-CE1F78CFD901: Finished taking a snapshot at:(t:1, i:5) file:/workdir/hadoop-ozone/integration-test/target/test-dir/MiniOzoneClusterImpl-3b2755de-4cfe-4b43-9e0d-73dd8eda8f75/datanode-0/data/ratis/66c9ebb2-09ad-406f-bba2-ce1f78cfd901/sm/snapshot.1_5 time:2512
2019-09-19 14:05:21,152 [dcc77c7b-1d37-448d-8d57-43d254561693:group-8B49C088430A:LeaderElection637] INFO  impl.RoleInfo (RoleInfo.java:updateAndGet(143)) - dcc77c7b-1d37-448d-8d57-43d254561693: start LeaderState
2019-09-19 14:05:21,151 [dcc77c7b-1d37-448d-8d57-43d254561693:group-0DAF98B9911C:LeaderElection635] INFO  impl.RoleInfo (RoleInfo.java:updateAndGet(143)) - dcc77c7b-1d37-448d-8d57-43d254561693: start LeaderState
2019-09-19 14:05:21,151 [dcc77c7b-1d37-448d-8d57-43d254561693-SegmentedRaftLogWorker:Storage Directory /workdir/hadoop-ozone/integration-test/target/test-dir/MiniOzoneClusterImpl-3b2755de-4cfe-4b43-9e0d-73dd8eda8f75/datanode-0/data/ratis/db3fb848-7260-46b9-8164-8f62cc6b93f9] INFO  impl.StateMachineUpdater (StateMachineUpdater.java:stopAndJoin(115)) - StateMachineUpdater:dcc77c7b-1d37-448d-8d57-43d254561693:group-8F62CC6B93F9: set stopIndex = -1
2019-09-19 14:05:21,155 [dcc77c7b-1d37-448d-8d57-43d254561693-SegmentedRaftLogWorker:Storage Directory /workdir/hadoop-ozone/integration-test/target/test-dir/MiniOzoneClusterImpl-3b2755de-4cfe-4b43-9e0d-73dd8eda8f75/datanode-0/data/ratis/db3fb848-7260-46b9-8164-8f62cc6b93f9] INFO  impl.RaftServerImpl (ServerState.java:close(394)) - dcc77c7b-1d37-448d-8d57-43d254561693:group-8F62CC6B93F9 closes. The last applied log index is -1
2019-09-19 14:05:21,151 [dcc77c7b-1d37-448d-8d57-43d254561693-SegmentedRaftLogWorker:Storage Directory /workdir/hadoop-ozone/integration-test/target/test-dir/MiniOzoneClusterImpl-3b2755de-4cfe-4b43-9e0d-73dd8eda8f75/datanode-0/data/ratis/364470fa-822d-4dd1-ae08-761da49682b2] INFO  impl.StateMachineUpdater (StateMachineUpdater.java:stopAndJoin(115)) - StateMachineUpdater:dcc77c7b-1d37-448d-8d57-43d254561693:group-761DA49682B2: set stopIndex = -1
2019-09-19 14:05:21,156 [dcc77c7b-1d37-448d-8d57-43d254561693-SegmentedRaftLogWorker:Storage Directory /workdir/hadoop-ozone/integration-test/target/test-dir/MiniOzoneClusterImpl-3b2755de-4cfe-4b43-9e0d-73dd8eda8f75/datanode-0/data/ratis/364470fa-822d-4dd1-ae08-761da49682b2] INFO  impl.RaftServerImpl (ServerState.java:close(394)) - dcc77c7b-1d37-448d-8d57-43d254561693:group-761DA49682B2 closes. The last applied log index is -1
2019-09-19 14:05:21,151 [dcc77c7b-1d37-448d-8d57-43d254561693-SegmentedRaftLogWorker:Storage Directory /workdir/hadoop-ozone/integration-test/target/test-dir/MiniOzoneClusterImpl-3b2755de-4cfe-4b43-9e0d-73dd8eda8f75/datanode-0/data/ratis/f638db7c-e41a-4e11-b361-9054243d6a0e] INFO  impl.StateMachineUpdater (StateMachineUpdater.java:stopAndJoin(115)) - StateMachineUpdater:dcc77c7b-1d37-448d-8d57-43d254561693:group-9054243D6A0E: set stopIndex = -1
2019-09-19 14:05:21,151 [dcc77c7b-1d37-448d-8d57-43d254561693-SegmentedRaftLogWorker:Storage Directory /workdir/hadoop-ozone/integration-test/target/test-dir/MiniOzoneClusterImpl-3b2755de-4cfe-4b43-9e0d-73dd8eda8f75/datanode-0/data/ratis/95dcca76-3e6d-463c-8c9e-8705eab60863] INFO  segmented.SegmentedRaftLogWorker (SegmentedRaftLogWorker.java:close(228)) - dcc77c7b-1d37-448d-8d57-43d254561693-SegmentedRaftLogWorker:Storage Directory /workdir/hadoop-ozone/integration-test/target/test-dir/MiniOzoneClusterImpl-3b2755de-4cfe-4b43-9e0d-73dd8eda8f75/datanode-0/data/ratis/95dcca76-3e6d-463c-8c9e-8705eab60863 close()
2019-09-19 14:05:21,151 [dcc77c7b-1d37-448d-8d57-43d254561693-SegmentedRaftLogWorker:Storage Directory /workdir/hadoop-ozone/integration-test/target/test-dir/MiniOzoneClusterImpl-3b2755de-4cfe-4b43-9e0d-73dd8eda8f75/datanode-0/data/ratis/69bb65d1-9de7-4beb-a688-f1ab8729c726] INFO  impl.StateMachineUpdater (StateMachineUpdater.java:stopAndJoin(115)) - StateMachineUpdater:dcc77c7b-1d37-448d-8d57-43d254561693:group-F1AB8729C726: set stopIndex = -1
2019-09-19 14:05:21,156 [dcc77c7b-1d37-448d-8d57-43d254561693-SegmentedRaftLogWorker:Storage Directory /workdir/hadoop-ozone/integration-test/target/test-dir/MiniOzoneClusterImpl-3b2755de-4cfe-4b43-9e0d-73dd8eda8f75/datanode-0/data/ratis/69bb65d1-9de7-4beb-a688-f1ab8729c726] INFO  impl.RaftServerImpl (ServerState.java:close(394)) - dcc77c7b-1d37-448d-8d57-43d254561693:group-F1AB8729C726 closes. The last applied log index is -1
2019-09-19 14:05:21,150 [dcc77c7b-1d37-448d-8d57-43d254561693-SegmentedRaftLogWorker:Storage Directory /workdir/hadoop-ozone/integration-test/target/test-dir/MiniOzoneClusterImpl-3b2755de-4cfe-4b43-9e0d-73dd8eda8f75/datanode-0/data/ratis/b161966a-6fb0-4db4-a7db-a31ff801af6f] INFO  util.JmxRegister (JmxRegister.java:unregister(73)) - Successfully un-registered JMX Bean with object name Ratis:service=RaftServer,group=group-A31FF801AF6F,id=dcc77c7b-1d37-448d-8d57-43d254561693
2019-09-19 14:05:21,156 [dcc77c7b-1d37-448d-8d57-43d254561693-SegmentedRaftLogWorker:Storage Directory /workdir/hadoop-ozone/integration-test/target/test-dir/MiniOzoneClusterImpl-3b2755de-4cfe-4b43-9e0d-73dd8eda8f75/datanode-0/data/ratis/b161966a-6fb0-4db4-a7db-a31ff801af6f] INFO  impl.RoleInfo (RoleInfo.java:shutdownLeaderState(104)) - dcc77c7b-1d37-448d-8d57-43d254561693: shutdown LeaderState
2019-09-19 14:05:21,150 [dcc77c7b-1d37-448d-8d57-43d254561693-SegmentedRaftLogWorker:Storage Directory /workdir/hadoop-ozone/integration-test/target/test-dir/MiniOzoneClusterImpl-3b2755de-4cfe-4b43-9e0d-73dd8eda8f75/datanode-0/data/ratis/adc73485-a1d0-4303-a62c-d8c1d5fccd5d] INFO  impl.RaftServerImpl (RaftServerImpl.java:lambda$shutdown$3(245)) - dcc77c7b-1d37-448d-8d57-43d254561693: shutdown group-D8C1D5FCCD5D
2019-09-19 14:05:21,150 [dcc77c7b-1d37-448d-8d57-43d254561693-SegmentedRaftLogWorker:Storage Directory /workdir/hadoop-ozone/integration-test/target/test-dir/MiniOzoneClusterImpl-3b2755de-4cfe-4b43-9e0d-73dd8eda8f75/datanode-0/data/ratis/3c853461-9479-429b-9494-c0bcadc5d7d8] INFO  impl.StateMachineUpdater (StateMachineUpdater.java:stopAndJoin(115)) - StateMachineUpdater:dcc77c7b-1d37-448d-8d57-43d254561693:group-C0BCADC5D7D8: set stopIndex = -1
2019-09-19 14:05:21,157 [dcc77c7b-1d37-448d-8d57-43d254561693-SegmentedRaftLogWorker:Storage Directory /workdir/hadoop-ozone/integration-test/target/test-dir/MiniOzoneClusterImpl-3b2755de-4cfe-4b43-9e0d-73dd8eda8f75/datanode-0/data/ratis/3c853461-9479-429b-9494-c0bcadc5d7d8] INFO  impl.RaftServerImpl (ServerState.java:close(394)) - dcc77c7b-1d37-448d-8d57-43d254561693:group-C0BCADC5D7D8 closes. The last applied log index is -1
2019-09-19 14:05:21,150 [dcc77c7b-1d37-448d-8d57-43d254561693-SegmentedRaftLogWorker:Storage Directory /workdir/hadoop-ozone/integration-test/target/test-dir/MiniOzoneClusterImpl-3b2755de-4cfe-4b43-9e0d-73dd8eda8f75/datanode-0/data/ratis/056fd711-72ef-4867-a25d-b3b29087aaa0] INFO  segmented.SegmentedRaftLogWorker (SegmentedRaftLogWorker.java:close(228)) - dcc77c7b-1d37-448d-8d57-43d254561693-SegmentedRaftLogWorker:Storage Directory /workdir/hadoop-ozone/integration-test/target/test-dir/MiniOzoneClusterImpl-3b2755de-4cfe-4b43-9e0d-73dd8eda8f75/datanode-0/data/ratis/056fd711-72ef-4867-a25d-b3b29087aaa0 close()
2019-09-19 14:05:21,149 [dcc77c7b-1d37-448d-8d57-43d254561693-SegmentedRaftLogWorker:Storage Directory /workdir/hadoop-ozone/integration-test/target/test-dir/MiniOzoneClusterImpl-3b2755de-4cfe-4b43-9e0d-73dd8eda8f75/datanode-0/data/ratis/2fea3c3c-6ec9-4356-9fdc-00abcb16aa03] INFO  impl.StateMachineUpdater (StateMachineUpdater.java:stopAndJoin(115)) - StateMachineUpdater:dcc77c7b-1d37-448d-8d57-43d254561693:group-00ABCB16AA03: set stopIndex = -1
2019-09-19 14:05:21,157 [dcc77c7b-1d37-448d-8d57-43d254561693-SegmentedRaftLogWorker:Storage Directory /workdir/hadoop-ozone/integration-test/target/test-dir/MiniOzoneClusterImpl-3b2755de-4cfe-4b43-9e0d-73dd8eda8f75/datanode-0/data/ratis/2fea3c3c-6ec9-4356-9fdc-00abcb16aa03] INFO  impl.RaftServerImpl (ServerState.java:close(394)) - dcc77c7b-1d37-448d-8d57-43d254561693:group-00ABCB16AA03 closes. The last applied log index is -1
2019-09-19 14:05:21,149 [dcc77c7b-1d37-448d-8d57-43d254561693:group-A448A7A95FAE:LeaderElection689] INFO  impl.RaftServerImpl (ServerState.java:setLeader(263)) - dcc77c7b-1d37-448d-8d57-43d254561693:group-A448A7A95FAE change Leader from null to dcc77c7b-1d37-448d-8d57-43d254561693 at term 1 for becomeLeader, leader elected after 28602ms
2019-09-19 14:05:21,157 [dcc77c7b-1d37-448d-8d57-43d254561693:group-A448A7A95FAE:LeaderElection689] INFO  server.RaftServerConfigKeys (ConfUtils.java:logGet(43)) - raft.server.staging.catchup.gap = 1000 (default)
2019-09-19 14:05:21,149 [dcc77c7b-1d37-448d-8d57-43d254561693-SegmentedRaftLogWorker:Storage Directory /workdir/hadoop-ozone/integration-test/target/test-dir/MiniOzoneClusterImpl-3b2755de-4cfe-4b43-9e0d-73dd8eda8f75/datanode-0/data/ratis/c2f8a40a-eab5-4d2f-ac26-aefe1d75de75] INFO  segmented.SegmentedRaftLogWorker (SegmentedRaftLogWorker.java:close(228)) - dcc77c7b-1d37-448d-8d57-43d254561693-SegmentedRaftLogWorker:Storage Directory /workdir/hadoop-ozone/integration-test/target/test-dir/MiniOzoneClusterImpl-3b2755de-4cfe-4b43-9e0d-73dd8eda8f75/datanode-0/data/ratis/c2f8a40a-eab5-4d2f-ac26-aefe1d75de75 close()
2019-09-19 14:05:21,149 [dcc77c7b-1d37-448d-8d57-43d254561693-SegmentedRaftLogWorker:Storage Directory /workdir/hadoop-ozone/integration-test/target/test-dir/MiniOzoneClusterImpl-3b2755de-4cfe-4b43-9e0d-73dd8eda8f75/datanode-0/data/ratis/c10b78a9-67e9-4f55-be11-f426ba34ee2b] INFO  segmented.SegmentedRaftLogWorker (SegmentedRaftLogWorker.java:close(228)) - dcc77c7b-1d37-448d-8d57-43d254561693-SegmentedRaftLogWorker:Storage Directory /workdir/hadoop-ozone/integration-test/target/test-dir/MiniOzoneClusterImpl-3b2755de-4cfe-4b43-9e0d-73dd8eda8f75/datanode-0/data/ratis/c10b78a9-67e9-4f55-be11-f426ba34ee2b close()
2019-09-19 14:05:21,149 [dcc77c7b-1d37-448d-8d57-43d254561693-SegmentedRaftLogWorker:Storage Directory /workdir/hadoop-ozone/integration-test/target/test-dir/MiniOzoneClusterImpl-3b2755de-4cfe-4b43-9e0d-73dd8eda8f75/datanode-0/data/ratis/13e365e2-082e-427c-9029-8dbed52dd969] INFO  impl.PendingRequests (PendingRequests.java:sendNotLeaderResponses(202)) - dcc77c7b-1d37-448d-8d57-43d254561693-PendingRequests: sendNotLeaderResponses
2019-09-19 14:05:21,149 [dcc77c7b-1d37-448d-8d57-43d254561693-SegmentedRaftLogWorker:Storage Directory /workdir/hadoop-ozone/integration-test/target/test-dir/MiniOzoneClusterImpl-3b2755de-4cfe-4b43-9e0d-73dd8eda8f75/datanode-0/data/ratis/00b76e0c-516e-486f-8902-bcc62b444d9d] INFO  impl.StateMachineUpdater (StateMachineUpdater.java:stopAndJoin(115)) - StateMachineUpdater:dcc77c7b-1d37-448d-8d57-43d254561693:group-BCC62B444D9D: set stopIndex = -1
2019-09-19 14:05:21,158 [dcc77c7b-1d37-448d-8d57-43d254561693-SegmentedRaftLogWorker:Storage Directory /workdir/hadoop-ozone/integration-test/target/test-dir/MiniOzoneClusterImpl-3b2755de-4cfe-4b43-9e0d-73dd8eda8f75/datanode-0/data/ratis/00b76e0c-516e-486f-8902-bcc62b444d9d] INFO  impl.RaftServerImpl (ServerState.java:close(394)) - dcc77c7b-1d37-448d-8d57-43d254561693:group-BCC62B444D9D closes. The last applied log index is -1
2019-09-19 14:05:21,148 [dcc77c7b-1d37-448d-8d57-43d254561693-SegmentedRaftLogWorker:Storage Directory /workdir/hadoop-ozone/integration-test/target/test-dir/MiniOzoneClusterImpl-3b2755de-4cfe-4b43-9e0d-73dd8eda8f75/datanode-0/data/ratis/0bcb92b1-8f88-4bb5-a8d7-c61393b9958e] INFO  impl.RaftServerImpl (ServerState.java:close(394)) - dcc77c7b-1d37-448d-8d57-43d254561693:group-C61393B9958E closes. The last applied log index is -1
2019-09-19 14:05:21,148 [dcc77c7b-1d37-448d-8d57-43d254561693:group-26A6A6CCFAD8:LeaderElection660] INFO  server.RaftServerConfigKeys (ConfUtils.java:logGet(43)) - raft.server.watch.timeout.denomination = 1s (default)
2019-09-19 14:05:21,148 [dcc77c7b-1d37-448d-8d57-43d254561693:group-BB4770E0F3FD:LeaderElection655] INFO  impl.RoleInfo (RoleInfo.java:updateAndGet(143)) - dcc77c7b-1d37-448d-8d57-43d254561693: start LeaderState
2019-09-19 14:05:21,148 [pool-58-thread-1] INFO  util.JmxRegister (JmxRegister.java:tryRegister(44)) - Successfully registered JMX Bean with object name Ratis:service=RaftServer,group=group-5AA8F96077A0,id=dcc77c7b-1d37-448d-8d57-43d254561693
2019-09-19 14:05:21,148 [dcc77c7b-1d37-448d-8d57-43d254561693:group-101271AE1179:LeaderElection659] INFO  server.RaftServerConfigKeys (ConfUtils.java:logGet(43)) - raft.server.watch.timeout.denomination = 1s (default)
2019-09-19 14:05:21,147 [dcc77c7b-1d37-448d-8d57-43d254561693:group-78B7DFC7FE28:LeaderElection661] INFO  impl.RoleInfo (RoleInfo.java:updateAndGet(143)) - dcc77c7b-1d37-448d-8d57-43d254561693: start LeaderState
2019-09-19 14:05:21,147 [dcc77c7b-1d37-448d-8d57-43d254561693-SegmentedRaftLogWorker:Storage Directory /workdir/hadoop-ozone/integration-test/target/test-dir/MiniOzoneClusterImpl-3b2755de-4cfe-4b43-9e0d-73dd8eda8f75/datanode-0/data/ratis/bc979890-6b93-4c34-92f4-973f91c20342] INFO  segmented.SegmentedRaftLogWorker (SegmentedRaftLogWorker.java:close(228)) - dcc77c7b-1d37-448d-8d57-43d254561693-SegmentedRaftLogWorker:Storage Directory /workdir/hadoop-ozone/integration-test/target/test-dir/MiniOzoneClusterImpl-3b2755de-4cfe-4b43-9e0d-73dd8eda8f75/datanode-0/data/ratis/bc979890-6b93-4c34-92f4-973f91c20342 close()
2019-09-19 14:05:21,147 [dcc77c7b-1d37-448d-8d57-43d254561693-SegmentedRaftLogWorker:Storage Directory /workdir/hadoop-ozone/integration-test/target/test-dir/MiniOzoneClusterImpl-3b2755de-4cfe-4b43-9e0d-73dd8eda8f75/datanode-0/data/ratis/7a7a7456-0dc3-4ec9-a28b-355ed91025d3] INFO  segmented.SegmentedRaftLogWorker (SegmentedRaftLogWorker.java:close(228)) - dcc77c7b-1d37-448d-8d57-43d254561693-SegmentedRaftLogWorker:Storage Directory /workdir/hadoop-ozone/integration-test/target/test-dir/MiniOzoneClusterImpl-3b2755de-4cfe-4b43-9e0d-73dd8eda8f75/datanode-0/data/ratis/7a7a7456-0dc3-4ec9-a28b-355ed91025d3 close()
2019-09-19 14:05:21,147 [dcc77c7b-1d37-448d-8d57-43d254561693:group-47C7557B9325:LeaderElection679] INFO  server.RaftServerConfigKeys (ConfUtils.java:logGet(43)) - raft.server.watch.timeout = 10s (default)
2019-09-19 14:05:21,159 [dcc77c7b-1d37-448d-8d57-43d254561693:group-47C7557B9325:LeaderElection679] INFO  server.RaftServerConfigKeys (ConfUtils.java:logGet(43)) - raft.server.watch.timeout.denomination = 1s (default)
2019-09-19 14:05:21,147 [dcc77c7b-1d37-448d-8d57-43d254561693:group-21D390036BC2:LeaderElection680] INFO  server.RaftServerConfigKeys (ConfUtils.java:logGet(43)) - raft.server.watch.timeout.denomination = 1s (default)
2019-09-19 14:05:21,146 [dcc77c7b-1d37-448d-8d57-43d254561693-SegmentedRaftLogWorker:Storage Directory /workdir/hadoop-ozone/integration-test/target/test-dir/MiniOzoneClusterImpl-3b2755de-4cfe-4b43-9e0d-73dd8eda8f75/datanode-0/data/ratis/2ddc7a41-9acf-41f1-bc02-c7074be8e490] INFO  impl.PendingRequests (PendingRequests.java:sendNotLeaderResponses(202)) - dcc77c7b-1d37-448d-8d57-43d254561693-PendingRequests: sendNotLeaderResponses
2019-09-19 14:05:21,146 [dcc77c7b-1d37-448d-8d57-43d254561693-SegmentedRaftLogWorker:Storage Directory /workdir/hadoop-ozone/integration-test/target/test-dir/MiniOzoneClusterImpl-3b2755de-4cfe-4b43-9e0d-73dd8eda8f75/datanode-0/data/ratis/325a6685-5506-4a90-be06-869d2374c5b7] INFO  impl.StateMachineUpdater (StateMachineUpdater.java:stopAndJoin(115)) - StateMachineUpdater:dcc77c7b-1d37-448d-8d57-43d254561693:group-869D2374C5B7: set stopIndex = -1
2019-09-19 14:05:21,160 [dcc77c7b-1d37-448d-8d57-43d254561693-SegmentedRaftLogWorker:Storage Directory /workdir/hadoop-ozone/integration-test/target/test-dir/MiniOzoneClusterImpl-3b2755de-4cfe-4b43-9e0d-73dd8eda8f75/datanode-0/data/ratis/325a6685-5506-4a90-be06-869d2374c5b7] INFO  impl.RaftServerImpl (ServerState.java:close(394)) - dcc77c7b-1d37-448d-8d57-43d254561693:group-869D2374C5B7 closes. The last applied log index is -1
2019-09-19 14:05:21,146 [dcc77c7b-1d37-448d-8d57-43d254561693-SegmentedRaftLogWorker:Storage Directory /workdir/hadoop-ozone/integration-test/target/test-dir/MiniOzoneClusterImpl-3b2755de-4cfe-4b43-9e0d-73dd8eda8f75/datanode-0/data/ratis/2394fb0c-6f10-496e-bf96-bb4e63a8adce] INFO  segmented.SegmentedRaftLogWorker (SegmentedRaftLogWorker.java:close(228)) - dcc77c7b-1d37-448d-8d57-43d254561693-SegmentedRaftLogWorker:Storage Directory /workdir/hadoop-ozone/integration-test/target/test-dir/MiniOzoneClusterImpl-3b2755de-4cfe-4b43-9e0d-73dd8eda8f75/datanode-0/data/ratis/2394fb0c-6f10-496e-bf96-bb4e63a8adce close()
2019-09-19 14:05:21,146 [dcc77c7b-1d37-448d-8d57-43d254561693-SegmentedRaftLogWorker:Storage Directory /workdir/hadoop-ozone/integration-test/target/test-dir/MiniOzoneClusterImpl-3b2755de-4cfe-4b43-9e0d-73dd8eda8f75/datanode-0/data/ratis/5b6bb2d1-6a86-44a9-9560-4467d65330c2] INFO  impl.StateMachineUpdater (StateMachineUpdater.java:stopAndJoin(115)) - StateMachineUpdater:dcc77c7b-1d37-448d-8d57-43d254561693:group-4467D65330C2: set stopIndex = -1
2019-09-19 14:05:21,160 [dcc77c7b-1d37-448d-8d57-43d254561693-SegmentedRaftLogWorker:Storage Directory /workdir/hadoop-ozone/integration-test/target/test-dir/MiniOzoneClusterImpl-3b2755de-4cfe-4b43-9e0d-73dd8eda8f75/datanode-0/data/ratis/5b6bb2d1-6a86-44a9-9560-4467d65330c2] INFO  impl.RaftServerImpl (ServerState.java:close(394)) - dcc77c7b-1d37-448d-8d57-43d254561693:group-4467D65330C2 closes. The last applied log index is -1
2019-09-19 14:05:21,146 [dcc77c7b-1d37-448d-8d57-43d254561693-SegmentedRaftLogWorker:Storage Directory /workdir/hadoop-ozone/integration-test/target/test-dir/MiniOzoneClusterImpl-3b2755de-4cfe-4b43-9e0d-73dd8eda8f75/datanode-0/data/ratis/55ea1096-7909-4481-a143-cd7159c89c08] INFO  impl.StateMachineUpdater (StateMachineUpdater.java:stopAndJoin(115)) - StateMachineUpdater:dcc77c7b-1d37-448d-8d57-43d254561693:group-CD7159C89C08: set stopIndex = -1
2019-09-19 14:05:21,160 [dcc77c7b-1d37-448d-8d57-43d254561693-SegmentedRaftLogWorker:Storage Directory /workdir/hadoop-ozone/integration-test/target/test-dir/MiniOzoneClusterImpl-3b2755de-4cfe-4b43-9e0d-73dd8eda8f75/datanode-0/data/ratis/55ea1096-7909-4481-a143-cd7159c89c08] INFO  impl.RaftServerImpl (ServerState.java:close(394)) - dcc77c7b-1d37-448d-8d57-43d254561693:group-CD7159C89C08 closes. The last applied log index is -1
2019-09-19 14:05:21,146 [dcc77c7b-1d37-448d-8d57-43d254561693-SegmentedRaftLogWorker:Storage Directory /workdir/hadoop-ozone/integration-test/target/test-dir/MiniOzoneClusterImpl-3b2755de-4cfe-4b43-9e0d-73dd8eda8f75/datanode-0/data/ratis/d354f42a-d9ec-4c21-9161-89849f9fd3ba] INFO  impl.StateMachineUpdater (StateMachineUpdater.java:stopAndJoin(115)) - StateMachineUpdater:dcc77c7b-1d37-448d-8d57-43d254561693:group-89849F9FD3BA: set stopIndex = -1
2019-09-19 14:05:21,145 [dcc77c7b-1d37-448d-8d57-43d254561693-SegmentedRaftLogWorker:Storage Directory /workdir/hadoop-ozone/integration-test/target/test-dir/MiniOzoneClusterImpl-3b2755de-4cfe-4b43-9e0d-73dd8eda8f75/datanode-0/data/ratis/496c209b-a8fb-44b0-964b-b8ec2eeee8d5] INFO  impl.RoleInfo (RoleInfo.java:shutdownLeaderState(104)) - dcc77c7b-1d37-448d-8d57-43d254561693: shutdown LeaderState
2019-09-19 14:05:21,145 [dcc77c7b-1d37-448d-8d57-43d254561693-SegmentedRaftLogWorker:Storage Directory /workdir/hadoop-ozone/integration-test/target/test-dir/MiniOzoneClusterImpl-3b2755de-4cfe-4b43-9e0d-73dd8eda8f75/datanode-0/data/ratis/5f039e0b-2746-4771-9cdf-a8e7f9479fc5] INFO  segmented.SegmentedRaftLogWorker (SegmentedRaftLogWorker.java:close(228)) - dcc77c7b-1d37-448d-8d57-43d254561693-SegmentedRaftLogWorker:Storage Directory /workdir/hadoop-ozone/integration-test/target/test-dir/MiniOzoneClusterImpl-3b2755de-4cfe-4b43-9e0d-73dd8eda8f75/datanode-0/data/ratis/5f039e0b-2746-4771-9cdf-a8e7f9479fc5 close()
2019-09-19 14:05:21,145 [dcc77c7b-1d37-448d-8d57-43d254561693:group-E165C8F20643:LeaderElection666] INFO  server.RaftServerConfigKeys (ConfUtils.java:logGet(43)) - raft.server.write.element-limit = 4096 (default)
2019-09-19 14:05:21,161 [dcc77c7b-1d37-448d-8d57-43d254561693:group-E165C8F20643:LeaderElection666] INFO  server.RaftServerConfigKeys (ConfUtils.java:logGet(43)) - raft.server.watch.timeout = 10s (default)
2019-09-19 14:05:21,145 [dcc77c7b-1d37-448d-8d57-43d254561693-SegmentedRaftLogWorker:Storage Directory /workdir/hadoop-ozone/integration-test/target/test-dir/MiniOzoneClusterImpl-3b2755de-4cfe-4b43-9e0d-73dd8eda8f75/datanode-0/data/ratis/0da6c939-5164-41ff-81e1-c6c4a2b7d1da] INFO  impl.RaftServerImpl (ServerState.java:close(394)) - dcc77c7b-1d37-448d-8d57-43d254561693:group-C6C4A2B7D1DA closes. The last applied log index is -1
2019-09-19 14:05:21,145 [dcc77c7b-1d37-448d-8d57-43d254561693:group-77F6979B7494:LeaderElection681] INFO  server.RaftServerConfigKeys (ConfUtils.java:logGet(43)) - raft.server.staging.catchup.gap = 1000 (default)
2019-09-19 14:05:21,161 [dcc77c7b-1d37-448d-8d57-43d254561693:group-77F6979B7494:LeaderElection681] INFO  server.RaftServerConfigKeys (ConfUtils.java:logGet(43)) - raft.server.rpc.sleep.time = 25ms (default)
2019-09-19 14:05:21,144 [dcc77c7b-1d37-448d-8d57-43d254561693:group-0720468DC241:LeaderElection670] INFO  server.RaftServerConfigKeys (ConfUtils.java:logGet(43)) - raft.server.watch.timeout = 10s (default)
2019-09-19 14:05:21,161 [dcc77c7b-1d37-448d-8d57-43d254561693:group-0720468DC241:LeaderElection670] INFO  server.RaftServerConfigKeys (ConfUtils.java:logGet(43)) - raft.server.watch.timeout.denomination = 1s (default)
2019-09-19 14:05:21,161 [dcc77c7b-1d37-448d-8d57-43d254561693:group-0720468DC241:LeaderElection670] INFO  server.RaftServerConfigKeys (ConfUtils.java:logGet(43)) - raft.server.watch.element-limit = 65536 (default)
2019-09-19 14:05:21,144 [dcc77c7b-1d37-448d-8d57-43d254561693-SegmentedRaftLogWorker:Storage Directory /workdir/hadoop-ozone/integration-test/target/test-dir/MiniOzoneClusterImpl-3b2755de-4cfe-4b43-9e0d-73dd8eda8f75/datanode-0/data/ratis/aa779339-dfa9-49d1-86de-56d873a3b067] INFO  segmented.SegmentedRaftLogWorker (SegmentedRaftLogWorker.java:close(228)) - dcc77c7b-1d37-448d-8d57-43d254561693-SegmentedRaftLogWorker:Storage Directory /workdir/hadoop-ozone/integration-test/target/test-dir/MiniOzoneClusterImpl-3b2755de-4cfe-4b43-9e0d-73dd8eda8f75/datanode-0/data/ratis/aa779339-dfa9-49d1-86de-56d873a3b067 close()
2019-09-19 14:05:21,143 [dcc77c7b-1d37-448d-8d57-43d254561693-SegmentedRaftLogWorker:Storage Directory /workdir/hadoop-ozone/integration-test/target/test-dir/MiniOzoneClusterImpl-3b2755de-4cfe-4b43-9e0d-73dd8eda8f75/datanode-0/data/ratis/809af549-fcb0-4d0c-aadb-c427df1d703e] INFO  segmented.SegmentedRaftLogWorker (SegmentedRaftLogWorker.java:close(228)) - dcc77c7b-1d37-448d-8d57-43d254561693-SegmentedRaftLogWorker:Storage Directory /workdir/hadoop-ozone/integration-test/target/test-dir/MiniOzoneClusterImpl-3b2755de-4cfe-4b43-9e0d-73dd8eda8f75/datanode-0/data/ratis/809af549-fcb0-4d0c-aadb-c427df1d703e close()
2019-09-19 14:05:21,143 [dcc77c7b-1d37-448d-8d57-43d254561693-SegmentedRaftLogWorker:Storage Directory /workdir/hadoop-ozone/integration-test/target/test-dir/MiniOzoneClusterImpl-3b2755de-4cfe-4b43-9e0d-73dd8eda8f75/datanode-0/data/ratis/92654bd5-732e-47db-8962-af209fe8fecb] INFO  segmented.SegmentedRaftLogWorker (SegmentedRaftLogWorker.java:close(228)) - dcc77c7b-1d37-448d-8d57-43d254561693-SegmentedRaftLogWorker:Storage Directory /workdir/hadoop-ozone/integration-test/target/test-dir/MiniOzoneClusterImpl-3b2755de-4cfe-4b43-9e0d-73dd8eda8f75/datanode-0/data/ratis/92654bd5-732e-47db-8962-af209fe8fecb close()
2019-09-19 14:05:21,143 [dcc77c7b-1d37-448d-8d57-43d254561693-SegmentedRaftLogWorker:Storage Directory /workdir/hadoop-ozone/integration-test/target/test-dir/MiniOzoneClusterImpl-3b2755de-4cfe-4b43-9e0d-73dd8eda8f75/datanode-0/data/ratis/8cd24193-87e3-4023-8697-e501e5c2f87a] INFO  impl.StateMachineUpdater (StateMachineUpdater.java:stopAndJoin(115)) - StateMachineUpdater:dcc77c7b-1d37-448d-8d57-43d254561693:group-E501E5C2F87A: set stopIndex = -1
2019-09-19 14:05:21,162 [dcc77c7b-1d37-448d-8d57-43d254561693-SegmentedRaftLogWorker:Storage Directory /workdir/hadoop-ozone/integration-test/target/test-dir/MiniOzoneClusterImpl-3b2755de-4cfe-4b43-9e0d-73dd8eda8f75/datanode-0/data/ratis/8cd24193-87e3-4023-8697-e501e5c2f87a] INFO  impl.RaftServerImpl (ServerState.java:close(394)) - dcc77c7b-1d37-448d-8d57-43d254561693:group-E501E5C2F87A closes. The last applied log index is -1
2019-09-19 14:05:21,142 [dcc77c7b-1d37-448d-8d57-43d254561693:group-09863E5FAFF9:LeaderElection682] INFO  server.RaftServerConfigKeys (ConfUtils.java:logGet(43)) - raft.server.watch.timeout = 10s (default)
2019-09-19 14:05:21,162 [dcc77c7b-1d37-448d-8d57-43d254561693:group-09863E5FAFF9:LeaderElection682] INFO  server.RaftServerConfigKeys (ConfUtils.java:logGet(43)) - raft.server.watch.timeout.denomination = 1s (default)
2019-09-19 14:05:21,142 [dcc77c7b-1d37-448d-8d57-43d254561693:group-B809E960E354:LeaderElection644] INFO  impl.RoleInfo (RoleInfo.java:updateAndGet(143)) - dcc77c7b-1d37-448d-8d57-43d254561693: start LeaderState
2019-09-19 14:05:21,142 [dcc77c7b-1d37-448d-8d57-43d254561693-SegmentedRaftLogWorker:Storage Directory /workdir/hadoop-ozone/integration-test/target/test-dir/MiniOzoneClusterImpl-3b2755de-4cfe-4b43-9e0d-73dd8eda8f75/datanode-0/data/ratis/86bb2644-c807-4586-80a5-e31af374e74c] INFO  impl.RaftServerImpl (ServerState.java:close(394)) - dcc77c7b-1d37-448d-8d57-43d254561693:group-E31AF374E74C closes. The last applied log index is -1
2019-09-19 14:05:21,142 [dcc77c7b-1d37-448d-8d57-43d254561693:group-3FFAC3177C15:LeaderElection674] INFO  server.RaftServerConfigKeys (ConfUtils.java:logGet(43)) - raft.server.rpc.sleep.time = 25ms (default)
2019-09-19 14:05:21,142 [dcc77c7b-1d37-448d-8d57-43d254561693:group-A89996D31591:LeaderElection683] INFO  server.RaftServerConfigKeys (ConfUtils.java:logGet(43)) - raft.server.rpc.sleep.time = 25ms (default)
2019-09-19 14:05:21,141 [dcc77c7b-1d37-448d-8d57-43d254561693:group-F3BCA7C22EE0:LeaderElection677] INFO  server.RaftServerConfigKeys (ConfUtils.java:logGet(43)) - raft.server.rpc.sleep.time = 25ms (default)
2019-09-19 14:05:21,141 [dcc77c7b-1d37-448d-8d57-43d254561693:group-A8B0DCFAD616:LeaderElection671] INFO  server.RaftServerConfigKeys (ConfUtils.java:logGet(43)) - raft.server.write.element-limit = 4096 (default)
2019-09-19 14:05:21,163 [dcc77c7b-1d37-448d-8d57-43d254561693:group-A8B0DCFAD616:LeaderElection671] INFO  server.RaftServerConfigKeys (ConfUtils.java:logGet(43)) - raft.server.watch.timeout = 10s (default)
2019-09-19 14:05:21,141 [dcc77c7b-1d37-448d-8d57-43d254561693:group-CCAC13F47FF4:LeaderElection673] INFO  server.RaftServerConfigKeys (ConfUtils.java:logGet(43)) - raft.server.watch.timeout = 10s (default)
2019-09-19 14:05:21,141 [dcc77c7b-1d37-448d-8d57-43d254561693:group-DFB7682575CC:LeaderElection672] INFO  server.RaftServerConfigKeys (ConfUtils.java:logGet(43)) - raft.server.write.element-limit = 4096 (default)
2019-09-19 14:05:21,141 [dcc77c7b-1d37-448d-8d57-43d254561693-SegmentedRaftLogWorker:Storage Directory /workdir/hadoop-ozone/integration-test/target/test-dir/MiniOzoneClusterImpl-3b2755de-4cfe-4b43-9e0d-73dd8eda8f75/datanode-0/data/ratis/6949dbb8-3021-4130-9733-6ba61b232cb7] INFO  segmented.SegmentedRaftLogWorker (SegmentedRaftLogWorker.java:close(228)) - dcc77c7b-1d37-448d-8d57-43d254561693-SegmentedRaftLogWorker:Storage Directory /workdir/hadoop-ozone/integration-test/target/test-dir/MiniOzoneClusterImpl-3b2755de-4cfe-4b43-9e0d-73dd8eda8f75/datanode-0/data/ratis/6949dbb8-3021-4130-9733-6ba61b232cb7 close()
2019-09-19 14:05:21,141 [dcc77c7b-1d37-448d-8d57-43d254561693:group-890F06A36E32:LeaderElection688] INFO  server.RaftServerConfigKeys (ConfUtils.java:logGet(43)) - raft.server.write.element-limit = 4096 (default)
2019-09-19 14:05:21,164 [dcc77c7b-1d37-448d-8d57-43d254561693:group-890F06A36E32:LeaderElection688] INFO  server.RaftServerConfigKeys (ConfUtils.java:logGet(43)) - raft.server.watch.timeout = 10s (default)
2019-09-19 14:05:21,140 [dcc77c7b-1d37-448d-8d57-43d254561693:group-C91F44D9A055:LeaderElection662] INFO  server.RaftServerConfigKeys (ConfUtils.java:logGet(43)) - raft.server.watch.timeout.denomination = 1s (default)
2019-09-19 14:05:21,140 [dcc77c7b-1d37-448d-8d57-43d254561693:group-FB8A0F6129D1:LeaderElection664] INFO  server.RaftServerConfigKeys (ConfUtils.java:logGet(43)) - raft.server.watch.timeout.denomination = 1s (default)
2019-09-19 14:05:21,140 [dcc77c7b-1d37-448d-8d57-43d254561693:group-48A901C7CAAB:LeaderElection654] INFO  server.RaftServerConfigKeys (ConfUtils.java:logGet(43)) - raft.server.watch.timeout.denomination = 1s (default)
2019-09-19 14:05:21,164 [dcc77c7b-1d37-448d-8d57-43d254561693:group-48A901C7CAAB:LeaderElection654] INFO  server.RaftServerConfigKeys (ConfUtils.java:logGet(43)) - raft.server.watch.element-limit = 65536 (default)
2019-09-19 14:05:21,140 [dcc77c7b-1d37-448d-8d57-43d254561693:group-CAD015ACF5B5:LeaderElection653] INFO  server.RaftServerConfigKeys (ConfUtils.java:logGet(43)) - raft.server.watch.timeout.denomination = 1s (default)
2019-09-19 14:05:21,164 [dcc77c7b-1d37-448d-8d57-43d254561693:group-CAD015ACF5B5:LeaderElection653] INFO  server.RaftServerConfigKeys (ConfUtils.java:logGet(43)) - raft.server.watch.element-limit = 65536 (default)
2019-09-19 14:05:21,139 [dcc77c7b-1d37-448d-8d57-43d254561693:group-FB7C57D9607D:LeaderElection678] INFO  server.RaftServerConfigKeys (ConfUtils.java:logGet(43)) - raft.server.write.element-limit = 4096 (default)
2019-09-19 14:05:21,139 [dcc77c7b-1d37-448d-8d57-43d254561693-SegmentedRaftLogWorker:Storage Directory /workdir/hadoop-ozone/integration-test/target/test-dir/MiniOzoneClusterImpl-3b2755de-4cfe-4b43-9e0d-73dd8eda8f75/datanode-0/data/ratis/a4c4f324-5e2f-4c4d-9469-0c7ed090d72e] INFO  segmented.SegmentedRaftLogWorker (SegmentedRaftLogWorker.java:close(228)) - dcc77c7b-1d37-448d-8d57-43d254561693-SegmentedRaftLogWorker:Storage Directory /workdir/hadoop-ozone/integration-test/target/test-dir/MiniOzoneClusterImpl-3b2755de-4cfe-4b43-9e0d-73dd8eda8f75/datanode-0/data/ratis/a4c4f324-5e2f-4c4d-9469-0c7ed090d72e close()
2019-09-19 14:05:21,139 [grpc-default-executor-2] INFO  client.GrpcClientProtocolClient (GrpcClientProtocolClient.java:onNext(255)) - client-3C9113CDD2ED->dcc77c7b-1d37-448d-8d57-43d254561693: receive RaftClientReply:client-3C9113CDD2ED->dcc77c7b-1d37-448d-8d57-43d254561693@group-CE1F78CFD901, cid=1450, SUCCESS, logIndex=5, commits[dcc77c7b-1d37-448d-8d57-43d254561693:c7]
2019-09-19 14:05:21,139 [dcc77c7b-1d37-448d-8d57-43d254561693-SegmentedRaftLogWorker:Storage Directory /workdir/hadoop-ozone/integration-test/target/test-dir/MiniOzoneClusterImpl-3b2755de-4cfe-4b43-9e0d-73dd8eda8f75/datanode-0/data/ratis/e19daaf9-e448-4e17-a794-fbd0d09ad849] INFO  impl.RoleInfo (RoleInfo.java:shutdownLeaderState(104)) - dcc77c7b-1d37-448d-8d57-43d254561693: shutdown LeaderState
2019-09-19 14:05:21,165 [dcc77c7b-1d37-448d-8d57-43d254561693-SegmentedRaftLogWorker:Storage Directory /workdir/hadoop-ozone/integration-test/target/test-dir/MiniOzoneClusterImpl-3b2755de-4cfe-4b43-9e0d-73dd8eda8f75/datanode-0/data/ratis/e19daaf9-e448-4e17-a794-fbd0d09ad849] INFO  impl.PendingRequests (PendingRequests.java:sendNotLeaderResponses(202)) - dcc77c7b-1d37-448d-8d57-43d254561693-PendingRequests: sendNotLeaderResponses
2019-09-19 14:05:21,139 [dcc77c7b-1d37-448d-8d57-43d254561693-SegmentedRaftLogWorker:Storage Directory /workdir/hadoop-ozone/integration-test/target/test-dir/MiniOzoneClusterImpl-3b2755de-4cfe-4b43-9e0d-73dd8eda8f75/datanode-0/data/ratis/6259c4c5-9885-476f-b8b3-7b8cebff5854] INFO  impl.StateMachineUpdater (StateMachineUpdater.java:stopAndJoin(115)) - StateMachineUpdater:dcc77c7b-1d37-448d-8d57-43d254561693:group-7B8CEBFF5854: set stopIndex = -1
2019-09-19 14:05:21,170 [dcc77c7b-1d37-448d-8d57-43d254561693-SegmentedRaftLogWorker:Storage Directory /workdir/hadoop-ozone/integration-test/target/test-dir/MiniOzoneClusterImpl-3b2755de-4cfe-4b43-9e0d-73dd8eda8f75/datanode-0/data/ratis/6259c4c5-9885-476f-b8b3-7b8cebff5854] INFO  impl.RaftServerImpl (ServerState.java:close(394)) - dcc77c7b-1d37-448d-8d57-43d254561693:group-7B8CEBFF5854 closes. The last applied log index is -1
2019-09-19 14:05:21,138 [dcc77c7b-1d37-448d-8d57-43d254561693:group-06488AB7C697:LeaderElection675] INFO  server.RaftServerConfigKeys (ConfUtils.java:logGet(43)) - raft.server.watch.timeout.denomination = 1s (default)
2019-09-19 14:05:21,138 [dcc77c7b-1d37-448d-8d57-43d254561693:group-EFC4C2912C84:LeaderElection687] INFO  server.RaftServerConfigKeys (ConfUtils.java:logGet(43)) - raft.server.staging.catchup.gap = 1000 (default)
2019-09-19 14:05:21,136 [dcc77c7b-1d37-448d-8d57-43d254561693:group-621FF724F9C4:LeaderElection686] INFO  server.RaftServerConfigKeys (ConfUtils.java:logGet(43)) - raft.server.staging.catchup.gap = 1000 (default)
2019-09-19 14:05:21,170 [dcc77c7b-1d37-448d-8d57-43d254561693:group-621FF724F9C4:LeaderElection686] INFO  server.RaftServerConfigKeys (ConfUtils.java:logGet(43)) - raft.server.rpc.sleep.time = 25ms (default)
2019-09-19 14:05:21,136 [dcc77c7b-1d37-448d-8d57-43d254561693:group-16D5C64EF590:LeaderElection676] INFO  server.RaftServerConfigKeys (ConfUtils.java:logGet(43)) - raft.server.write.element-limit = 4096 (default)
2019-09-19 14:05:21,136 [dcc77c7b-1d37-448d-8d57-43d254561693:group-9D703827DFCE:LeaderElection668] INFO  server.RaftServerConfigKeys (ConfUtils.java:logGet(43)) - raft.server.watch.element-limit = 65536 (default)
2019-09-19 14:05:21,172 [dcc77c7b-1d37-448d-8d57-43d254561693:group-9D703827DFCE:LeaderElection668] INFO  impl.RoleInfo (RoleInfo.java:updateAndGet(143)) - dcc77c7b-1d37-448d-8d57-43d254561693: start LeaderState
2019-09-19 14:05:21,136 [dcc77c7b-1d37-448d-8d57-43d254561693:group-A51E53567AEE:LeaderElection669] INFO  impl.RoleInfo (RoleInfo.java:updateAndGet(143)) - dcc77c7b-1d37-448d-8d57-43d254561693: start LeaderState
2019-09-19 14:05:21,172 [dcc77c7b-1d37-448d-8d57-43d254561693:group-A51E53567AEE:LeaderElection669] INFO  segmented.SegmentedRaftLogWorker (SegmentedRaftLogWorker.java:startLogSegment(380)) - dcc77c7b-1d37-448d-8d57-43d254561693-SegmentedRaftLogWorker:Storage Directory /workdir/hadoop-ozone/integration-test/target/test-dir/MiniOzoneClusterImpl-3b2755de-4cfe-4b43-9e0d-73dd8eda8f75/datanode-0/data/ratis/3e584c9d-f857-4816-be28-a51e53567aee: Starting segment from index:0
2019-09-19 14:05:21,135 [dcc77c7b-1d37-448d-8d57-43d254561693:group-CDD98A98F0BC:LeaderElection633] INFO  impl.RaftServerImpl (ServerState.java:setRaftConf(361)) - dcc77c7b-1d37-448d-8d57-43d254561693:group-CDD98A98F0BC set configuration 0: [dcc77c7b-1d37-448d-8d57-43d254561693:192.168.157.226:34527], old=null at 0
2019-09-19 14:05:21,173 [grpc-default-executor-2] INFO  client.GrpcClientProtocolClient (GrpcClientProtocolClient.java:onNext(255)) - client-3C9113CDD2ED->dcc77c7b-1d37-448d-8d57-43d254561693: receive RaftClientReply:client-3C9113CDD2ED->dcc77c7b-1d37-448d-8d57-43d254561693@group-CE1F78CFD901, cid=1451, SUCCESS, logIndex=6, commits[dcc77c7b-1d37-448d-8d57-43d254561693:c7]
2019-09-19 14:05:21,496 | INFO  | SCMAudit | user=jenkins1000 | ip=192.168.157.226 | op=SEND_HEARTBEAT {datanodeUUID=dcc77c7b-1d37-448d-8d57-43d254561693, command=[]} | ret=SUCCESS |  
2019-09-19 14:05:21,135 [dcc77c7b-1d37-448d-8d57-43d254561693-SegmentedRaftLogWorker:Storage Directory /workdir/hadoop-ozone/integration-test/target/test-dir/MiniOzoneClusterImpl-3b2755de-4cfe-4b43-9e0d-73dd8eda8f75/datanode-0/data/ratis/774be42b-925e-43de-a34a-d788f79d6955] ERROR segmented.SegmentedRaftLogWorker (SegmentedRaftLogWorker.java:run(323)) - dcc77c7b-1d37-448d-8d57-43d254561693-SegmentedRaftLogWorker:Storage Directory /workdir/hadoop-ozone/integration-test/target/test-dir/MiniOzoneClusterImpl-3b2755de-4cfe-4b43-9e0d-73dd8eda8f75/datanode-0/data/ratis/774be42b-925e-43de-a34a-d788f79d6955 hit exception
java.lang.OutOfMemoryError: Direct buffer memory
	at java.nio.Bits.reserveMemory(Bits.java:666)
	at java.nio.DirectByteBuffer.<init>(DirectByteBuffer.java:123)
	at java.nio.ByteBuffer.allocateDirect(ByteBuffer.java:311)
	at org.apache.ratis.server.raftlog.segmented.BufferedWriteChannel.<init>(BufferedWriteChannel.java:41)
	at org.apache.ratis.server.raftlog.segmented.SegmentedRaftLogOutputStream.<init>(SegmentedRaftLogOutputStream.java:72)
	at org.apache.ratis.server.raftlog.segmented.SegmentedRaftLogWorker$StartLogSegment.execute(SegmentedRaftLogWorker.java:566)
	at org.apache.ratis.server.raftlog.segmented.SegmentedRaftLogWorker.run(SegmentedRaftLogWorker.java:289)
	at java.lang.Thread.run(Thread.java:748)
2019-09-19 14:05:20,852 [dcc77c7b-1d37-448d-8d57-43d254561693-SegmentedRaftLogWorker:Storage Directory /workdir/hadoop-ozone/integration-test/target/test-dir/MiniOzoneClusterImpl-3b2755de-4cfe-4b43-9e0d-73dd8eda8f75/datanode-0/data/ratis/5c28bcfe-7916-4692-a8a1-7d1efe063bf2] INFO  impl.StateMachineUpdater (StateMachineUpdater.java:stopAndJoin(115)) - StateMachineUpdater:dcc77c7b-1d37-448d-8d57-43d254561693:group-7D1EFE063BF2: set stopIndex = -1
2019-09-19 14:05:20,852 [dcc77c7b-1d37-448d-8d57-43d254561693-SegmentedRaftLogWorker:Storage Directory /workdir/hadoop-ozone/integration-test/target/test-dir/MiniOzoneClusterImpl-3b2755de-4cfe-4b43-9e0d-73dd8eda8f75/datanode-0/data/ratis/77e33ca6-9136-4002-b503-b0d529ac88ad] INFO  util.JmxRegister (JmxRegister.java:unregister(73)) - Successfully un-registered JMX Bean with object name Ratis:service=RaftServer,group=group-B0D529AC88AD,id=dcc77c7b-1d37-448d-8d57-43d254561693
2019-09-19 14:05:20,852 [dcc77c7b-1d37-448d-8d57-43d254561693-SegmentedRaftLogWorker:Storage Directory /workdir/hadoop-ozone/integration-test/target/test-dir/MiniOzoneClusterImpl-3b2755de-4cfe-4b43-9e0d-73dd8eda8f75/datanode-0/data/ratis/27ec6a42-f45c-46c2-9989-450d00aba19b] INFO  impl.RoleInfo (RoleInfo.java:shutdownLeaderState(104)) - dcc77c7b-1d37-448d-8d57-43d254561693: shutdown LeaderState
2019-09-19 14:05:20,851 [dcc77c7b-1d37-448d-8d57-43d254561693:group-86AAD3D49F70:LeaderElection684] INFO  server.RaftServerConfigKeys (ConfUtils.java:logGet(43)) - raft.server.rpc.sleep.time = 25ms (default)
2019-09-19 14:05:21,497 [dcc77c7b-1d37-448d-8d57-43d254561693:group-86AAD3D49F70:LeaderElection684] INFO  server.RaftServerConfigKeys (ConfUtils.java:logGet(43)) - raft.server.write.element-limit = 4096 (default)
2019-09-19 14:05:20,850 [dcc77c7b-1d37-448d-8d57-43d254561693-SegmentedRaftLogWorker:Storage Directory /workdir/hadoop-ozone/integration-test/target/test-dir/MiniOzoneClusterImpl-3b2755de-4cfe-4b43-9e0d-73dd8eda8f75/datanode-0/data/ratis/ed873b42-ab25-4cc7-84ac-801b220fee86] ERROR segmented.SegmentedRaftLogWorker (SegmentedRaftLogWorker.java:run(323)) - dcc77c7b-1d37-448d-8d57-43d254561693-SegmentedRaftLogWorker:Storage Directory /workdir/hadoop-ozone/integration-test/target/test-dir/MiniOzoneClusterImpl-3b2755de-4cfe-4b43-9e0d-73dd8eda8f75/datanode-0/data/ratis/ed873b42-ab25-4cc7-84ac-801b220fee86 hit exception
java.lang.OutOfMemoryError: Direct buffer memory
	at java.nio.Bits.reserveMemory(Bits.java:666)
	at java.nio.DirectByteBuffer.<init>(DirectByteBuffer.java:123)
	at java.nio.ByteBuffer.allocateDirect(ByteBuffer.java:311)
	at org.apache.ratis.server.raftlog.segmented.BufferedWriteChannel.<init>(BufferedWriteChannel.java:41)
	at org.apache.ratis.server.raftlog.segmented.SegmentedRaftLogOutputStream.<init>(SegmentedRaftLogOutputStream.java:72)
	at org.apache.ratis.server.raftlog.segmented.SegmentedRaftLogWorker$StartLogSegment.execute(SegmentedRaftLogWorker.java:566)
	at org.apache.ratis.server.raftlog.segmented.SegmentedRaftLogWorker.run(SegmentedRaftLogWorker.java:289)
	at java.lang.Thread.run(Thread.java:748)
2019-09-19 14:05:21,497 [dcc77c7b-1d37-448d-8d57-43d254561693-SegmentedRaftLogWorker:Storage Directory /workdir/hadoop-ozone/integration-test/target/test-dir/MiniOzoneClusterImpl-3b2755de-4cfe-4b43-9e0d-73dd8eda8f75/datanode-0/data/ratis/ed873b42-ab25-4cc7-84ac-801b220fee86] INFO  impl.RaftServerImpl (RaftServerImpl.java:lambda$shutdown$3(245)) - dcc77c7b-1d37-448d-8d57-43d254561693: shutdown group-801B220FEE86
2019-09-19 14:05:20,565 [dcc77c7b-1d37-448d-8d57-43d254561693:group-A28310F2B329:LeaderElection685] INFO  server.RaftServerConfigKeys (ConfUtils.java:logGet(43)) - raft.server.staging.catchup.gap = 1000 (default)
2019-09-19 14:05:20,565 [dcc77c7b-1d37-448d-8d57-43d254561693:group-A786CE105C3D:LeaderElection631] INFO  impl.RaftServerImpl (ServerState.java:setRaftConf(361)) - dcc77c7b-1d37-448d-8d57-43d254561693:group-A786CE105C3D set configuration 0: [dcc77c7b-1d37-448d-8d57-43d254561693:192.168.157.226:34527], old=null at 0
2019-09-19 14:05:20,564 [dcc77c7b-1d37-448d-8d57-43d254561693-SegmentedRaftLogWorker:Storage Directory /workdir/hadoop-ozone/integration-test/target/test-dir/MiniOzoneClusterImpl-3b2755de-4cfe-4b43-9e0d-73dd8eda8f75/datanode-0/data/ratis/52a0a543-c338-4f27-821b-c22b218fa0a6] ERROR segmented.SegmentedRaftLogWorker (SegmentedRaftLogWorker.java:run(323)) - dcc77c7b-1d37-448d-8d57-43d254561693-SegmentedRaftLogWorker:Storage Directory /workdir/hadoop-ozone/integration-test/target/test-dir/MiniOzoneClusterImpl-3b2755de-4cfe-4b43-9e0d-73dd8eda8f75/datanode-0/data/ratis/52a0a543-c338-4f27-821b-c22b218fa0a6 hit exception
java.lang.OutOfMemoryError: Direct buffer memory
	at java.nio.Bits.reserveMemory(Bits.java:666)
	at java.nio.DirectByteBuffer.<init>(DirectByteBuffer.java:123)
	at java.nio.ByteBuffer.allocateDirect(ByteBuffer.java:311)
	at org.apache.ratis.server.raftlog.segmented.BufferedWriteChannel.<init>(BufferedWriteChannel.java:41)
	at org.apache.ratis.server.raftlog.segmented.SegmentedRaftLogOutputStream.<init>(SegmentedRaftLogOutputStream.java:72)
	at org.apache.ratis.server.raftlog.segmented.SegmentedRaftLogWorker$StartLogSegment.execute(SegmentedRaftLogWorker.java:566)
	at org.apache.ratis.server.raftlog.segmented.SegmentedRaftLogWorker.run(SegmentedRaftLogWorker.java:289)
	at java.lang.Thread.run(Thread.java:748)
2019-09-19 14:05:21,498 [dcc77c7b-1d37-448d-8d57-43d254561693-SegmentedRaftLogWorker:Storage Directory /workdir/hadoop-ozone/integration-test/target/test-dir/MiniOzoneClusterImpl-3b2755de-4cfe-4b43-9e0d-73dd8eda8f75/datanode-0/data/ratis/52a0a543-c338-4f27-821b-c22b218fa0a6] INFO  impl.RaftServerImpl (RaftServerImpl.java:lambda$shutdown$3(245)) - dcc77c7b-1d37-448d-8d57-43d254561693: shutdown group-C22B218FA0A6
2019-09-19 14:05:20,564 [dcc77c7b-1d37-448d-8d57-43d254561693-SegmentedRaftLogWorker:Storage Directory /workdir/hadoop-ozone/integration-test/target/test-dir/MiniOzoneClusterImpl-3b2755de-4cfe-4b43-9e0d-73dd8eda8f75/datanode-0/data/ratis/7679cf48-2fd9-4db1-a1e6-5058c03af78e] ERROR segmented.SegmentedRaftLogWorker (SegmentedRaftLogWorker.java:run(323)) - dcc77c7b-1d37-448d-8d57-43d254561693-SegmentedRaftLogWorker:Storage Directory /workdir/hadoop-ozone/integration-test/target/test-dir/MiniOzoneClusterImpl-3b2755de-4cfe-4b43-9e0d-73dd8eda8f75/datanode-0/data/ratis/7679cf48-2fd9-4db1-a1e6-5058c03af78e hit exception
java.lang.OutOfMemoryError: Direct buffer memory
	at java.nio.Bits.reserveMemory(Bits.java:666)
	at java.nio.DirectByteBuffer.<init>(DirectByteBuffer.java:123)
	at java.nio.ByteBuffer.allocateDirect(ByteBuffer.java:311)
	at org.apache.ratis.server.raftlog.segmented.BufferedWriteChannel.<init>(BufferedWriteChannel.java:41)
	at org.apache.ratis.server.raftlog.segmented.SegmentedRaftLogOutputStream.<init>(SegmentedRaftLogOutputStream.java:72)
	at org.apache.ratis.server.raftlog.segmented.SegmentedRaftLogWorker$StartLogSegment.execute(SegmentedRaftLogWorker.java:566)
	at org.apache.ratis.server.raftlog.segmented.SegmentedRaftLogWorker.run(SegmentedRaftLogWorker.java:289)
	at java.lang.Thread.run(Thread.java:748)
2019-09-19 14:05:21,501 [dcc77c7b-1d37-448d-8d57-43d254561693-SegmentedRaftLogWorker:Storage Directory /workdir/hadoop-ozone/integration-test/target/test-dir/MiniOzoneClusterImpl-3b2755de-4cfe-4b43-9e0d-73dd8eda8f75/datanode-0/data/ratis/7679cf48-2fd9-4db1-a1e6-5058c03af78e] INFO  impl.RaftServerImpl (RaftServerImpl.java:lambda$shutdown$3(245)) - dcc77c7b-1d37-448d-8d57-43d254561693: shutdown group-5058C03AF78E
2019-09-19 14:05:21,505 [dcc77c7b-1d37-448d-8d57-43d254561693-SegmentedRaftLogWorker:Storage Directory /workdir/hadoop-ozone/integration-test/target/test-dir/MiniOzoneClusterImpl-3b2755de-4cfe-4b43-9e0d-73dd8eda8f75/datanode-0/data/ratis/7679cf48-2fd9-4db1-a1e6-5058c03af78e] INFO  util.JmxRegister (JmxRegister.java:unregister(73)) - Successfully un-registered JMX Bean with object name Ratis:service=RaftServer,group=group-5058C03AF78E,id=dcc77c7b-1d37-448d-8d57-43d254561693
2019-09-19 14:05:20,564 [dcc77c7b-1d37-448d-8d57-43d254561693-SegmentedRaftLogWorker:Storage Directory /workdir/hadoop-ozone/integration-test/target/test-dir/MiniOzoneClusterImpl-3b2755de-4cfe-4b43-9e0d-73dd8eda8f75/datanode-0/data/ratis/5179105a-429b-418c-871a-46d08ab6022e] INFO  util.JmxRegister (JmxRegister.java:unregister(73)) - Successfully un-registered JMX Bean with object name Ratis:service=RaftServer,group=group-46D08AB6022E,id=dcc77c7b-1d37-448d-8d57-43d254561693
2019-09-19 14:05:20,041 [dcc77c7b-1d37-448d-8d57-43d254561693:group-0FBA50506B5E:LeaderElection667] INFO  server.RaftServerConfigKeys (ConfUtils.java:logGet(43)) - raft.server.watch.timeout.denomination = 1s (default)
2019-09-19 14:05:21,505 [dcc77c7b-1d37-448d-8d57-43d254561693:group-0FBA50506B5E:LeaderElection667] INFO  server.RaftServerConfigKeys (ConfUtils.java:logGet(43)) - raft.server.watch.element-limit = 65536 (default)
2019-09-19 14:05:20,040 [dcc77c7b-1d37-448d-8d57-43d254561693:group-B5CC723FD166:LeaderElection648] INFO  server.RaftServerConfigKeys (ConfUtils.java:logGet(43)) - raft.server.write.element-limit = 4096 (default)
2019-09-19 14:05:20,040 [dcc77c7b-1d37-448d-8d57-43d254561693:group-B95710768541:LeaderElection647] INFO  impl.RoleInfo (RoleInfo.java:updateAndGet(143)) - dcc77c7b-1d37-448d-8d57-43d254561693: start LeaderState
2019-09-19 14:05:20,040 [dcc77c7b-1d37-448d-8d57-43d254561693:group-7687262C50C0:LeaderElection650] INFO  server.RaftServerConfigKeys (ConfUtils.java:logGet(43)) - raft.server.watch.timeout = 10s (default)
2019-09-19 14:05:21,506 [dcc77c7b-1d37-448d-8d57-43d254561693:group-7687262C50C0:LeaderElection650] INFO  server.RaftServerConfigKeys (ConfUtils.java:logGet(43)) - raft.server.watch.timeout.denomination = 1s (default)
2019-09-19 14:05:20,040 [dcc77c7b-1d37-448d-8d57-43d254561693:group-98785DA6C0F7:LeaderElection646] INFO  impl.RaftServerImpl (ServerState.java:setRaftConf(361)) - dcc77c7b-1d37-448d-8d57-43d254561693:group-98785DA6C0F7 set configuration 0: [dcc77c7b-1d37-448d-8d57-43d254561693:192.168.157.226:34527], old=null at 0
2019-09-19 14:05:20,040 [dcc77c7b-1d37-448d-8d57-43d254561693:group-9200CAEB600D:LeaderElection649] INFO  impl.RaftServerImpl (ServerState.java:setRaftConf(361)) - dcc77c7b-1d37-448d-8d57-43d254561693:group-9200CAEB600D set configuration 0: [dcc77c7b-1d37-448d-8d57-43d254561693:192.168.157.226:34527], old=null at 0
2019-09-19 14:05:20,039 [dcc77c7b-1d37-448d-8d57-43d254561693:group-3C856EABEE0A:LeaderElection651] INFO  server.RaftServerConfigKeys (ConfUtils.java:logGet(43)) - raft.server.watch.timeout.denomination = 1s (default)
2019-09-19 14:05:20,039 [dcc77c7b-1d37-448d-8d57-43d254561693-SegmentedRaftLogWorker:Storage Directory /workdir/hadoop-ozone/integration-test/target/test-dir/MiniOzoneClusterImpl-3b2755de-4cfe-4b43-9e0d-73dd8eda8f75/datanode-0/data/ratis/c7f5a025-36b4-40f4-bf0c-feb63ad957c4] ERROR segmented.SegmentedRaftLogWorker (SegmentedRaftLogWorker.java:run(323)) - dcc77c7b-1d37-448d-8d57-43d254561693-SegmentedRaftLogWorker:Storage Directory /workdir/hadoop-ozone/integration-test/target/test-dir/MiniOzoneClusterImpl-3b2755de-4cfe-4b43-9e0d-73dd8eda8f75/datanode-0/data/ratis/c7f5a025-36b4-40f4-bf0c-feb63ad957c4 hit exception
java.lang.OutOfMemoryError: Direct buffer memory
	at java.nio.Bits.reserveMemory(Bits.java:666)
	at java.nio.DirectByteBuffer.<init>(DirectByteBuffer.java:123)
	at java.nio.ByteBuffer.allocateDirect(ByteBuffer.java:311)
	at org.apache.ratis.server.raftlog.segmented.BufferedWriteChannel.<init>(BufferedWriteChannel.java:41)
	at org.apache.ratis.server.raftlog.segmented.SegmentedRaftLogOutputStream.<init>(SegmentedRaftLogOutputStream.java:72)
	at org.apache.ratis.server.raftlog.segmented.SegmentedRaftLogWorker$StartLogSegment.execute(SegmentedRaftLogWorker.java:566)
	at org.apache.ratis.server.raftlog.segmented.SegmentedRaftLogWorker.run(SegmentedRaftLogWorker.java:289)
	at java.lang.Thread.run(Thread.java:748)
2019-09-19 14:05:21,507 [dcc77c7b-1d37-448d-8d57-43d254561693-SegmentedRaftLogWorker:Storage Directory /workdir/hadoop-ozone/integration-test/target/test-dir/MiniOzoneClusterImpl-3b2755de-4cfe-4b43-9e0d-73dd8eda8f75/datanode-0/data/ratis/c7f5a025-36b4-40f4-bf0c-feb63ad957c4] INFO  impl.RaftServerImpl (RaftServerImpl.java:lambda$shutdown$3(245)) - dcc77c7b-1d37-448d-8d57-43d254561693: shutdown group-FEB63AD957C4
2019-09-19 14:05:20,039 [dcc77c7b-1d37-448d-8d57-43d254561693:group-38CC3D23514A:LeaderElection652] INFO  server.RaftServerConfigKeys (ConfUtils.java:logGet(43)) - raft.server.watch.element-limit = 65536 (default)
2019-09-19 14:05:21,507 | INFO  | OMAudit | user=jenkins1000 | ip=127.0.0.1 | op=COMMIT_KEY {volume=testcontainerstatemachinefailures, bucket=testcontainerstatemachinefailures, key=ratis, dataSize=10, replicationType=null, replicationFactor=null, keyLocationInfo=[{blockID={containerID=8, localID=102819554872000522}, length=10, offset=0, token=null, pipeline=Pipeline[ Id: 66c9ebb2-09ad-406f-bba2-ce1f78cfd901, Nodes: dcc77c7b-1d37-448d-8d57-43d254561693{ip: 192.168.157.226, host: pr-hdds-1569-swxfz-3172132826, networkLocation: /default-rack, certSerialId: null}, Type:RATIS, Factor:ONE, State:OPEN], createVersion=0}], clientID=102819554072985609} | ret=SUCCESS |  
2019-09-19 14:05:21,507 [dcc77c7b-1d37-448d-8d57-43d254561693:group-38CC3D23514A:LeaderElection652] INFO  impl.RoleInfo (RoleInfo.java:updateAndGet(143)) - dcc77c7b-1d37-448d-8d57-43d254561693: start LeaderState
2019-09-19 14:05:20,039 [dcc77c7b-1d37-448d-8d57-43d254561693:group-1AB3A26E676C:LeaderElection645] INFO  server.RaftServerConfigKeys (ConfUtils.java:logGet(43)) - raft.server.watch.timeout = 10s (default)
2019-09-19 14:05:19,296 [dcc77c7b-1d37-448d-8d57-43d254561693:group-E62FEC0D47BC:LeaderElection643] INFO  impl.RaftServerImpl (ServerState.java:setRaftConf(361)) - dcc77c7b-1d37-448d-8d57-43d254561693:group-E62FEC0D47BC set configuration 0: [dcc77c7b-1d37-448d-8d57-43d254561693:192.168.157.226:34527], old=null at 0
2019-09-19 14:05:20,039 [dcc77c7b-1d37-448d-8d57-43d254561693-SegmentedRaftLogWorker:Storage Directory /workdir/hadoop-ozone/integration-test/target/test-dir/MiniOzoneClusterImpl-3b2755de-4cfe-4b43-9e0d-73dd8eda8f75/datanode-0/data/ratis/4baffc22-c783-46ab-915d-d44479695d46] ERROR segmented.SegmentedRaftLogWorker (SegmentedRaftLogWorker.java:run(323)) - dcc77c7b-1d37-448d-8d57-43d254561693-SegmentedRaftLogWorker:Storage Directory /workdir/hadoop-ozone/integration-test/target/test-dir/MiniOzoneClusterImpl-3b2755de-4cfe-4b43-9e0d-73dd8eda8f75/datanode-0/data/ratis/4baffc22-c783-46ab-915d-d44479695d46 hit exception
java.lang.OutOfMemoryError: Direct buffer memory
	at java.nio.Bits.reserveMemory(Bits.java:666)
	at java.nio.DirectByteBuffer.<init>(DirectByteBuffer.java:123)
	at java.nio.ByteBuffer.allocateDirect(ByteBuffer.java:311)
	at org.apache.ratis.server.raftlog.segmented.BufferedWriteChannel.<init>(BufferedWriteChannel.java:41)
	at org.apache.ratis.server.raftlog.segmented.SegmentedRaftLogOutputStream.<init>(SegmentedRaftLogOutputStream.java:72)
	at org.apache.ratis.server.raftlog.segmented.SegmentedRaftLogWorker$StartLogSegment.execute(SegmentedRaftLogWorker.java:566)
	at org.apache.ratis.server.raftlog.segmented.SegmentedRaftLogWorker.run(SegmentedRaftLogWorker.java:289)
	at java.lang.Thread.run(Thread.java:748)
2019-09-19 14:05:19,295 [dcc77c7b-1d37-448d-8d57-43d254561693:group-2AF851618A31:LeaderElection642] INFO  impl.RaftServerImpl (ServerState.java:setRaftConf(361)) - dcc77c7b-1d37-448d-8d57-43d254561693:group-2AF851618A31 set configuration 0: [dcc77c7b-1d37-448d-8d57-43d254561693:192.168.157.226:34527], old=null at 0
2019-09-19 14:05:19,295 [dcc77c7b-1d37-448d-8d57-43d254561693:group-314C4D324251:LeaderElection639] INFO  segmented.SegmentedRaftLogWorker (SegmentedRaftLogWorker.java:startLogSegment(380)) - dcc77c7b-1d37-448d-8d57-43d254561693-SegmentedRaftLogWorker:Storage Directory /workdir/hadoop-ozone/integration-test/target/test-dir/MiniOzoneClusterImpl-3b2755de-4cfe-4b43-9e0d-73dd8eda8f75/datanode-0/data/ratis/fd6f1f34-645d-4910-950f-314c4d324251: Starting segment from index:0
2019-09-19 14:05:18,968 [dcc77c7b-1d37-448d-8d57-43d254561693:group-A7785E8E6A28:LeaderElection638] INFO  impl.RaftServerImpl (ServerState.java:setRaftConf(361)) - dcc77c7b-1d37-448d-8d57-43d254561693:group-A7785E8E6A28 set configuration 0: [dcc77c7b-1d37-448d-8d57-43d254561693:192.168.157.226:34527], old=null at 0
2019-09-19 14:05:18,968 [dcc77c7b-1d37-448d-8d57-43d254561693:group-04BD0E6020D4:LeaderElection640] INFO  server.RaftServerConfigKeys (ConfUtils.java:logGet(43)) - raft.server.watch.element-limit = 65536 (default)
2019-09-19 14:05:18,967 [dcc77c7b-1d37-448d-8d57-43d254561693:group-EC9A652F867E:LeaderElection568] INFO  impl.RoleInfo (RoleInfo.java:updateAndGet(143)) - dcc77c7b-1d37-448d-8d57-43d254561693: start LeaderState
2019-09-19 14:05:21,786 | INFO  | SCMAudit | user=jenkins1000 | ip=192.168.157.226 | op=SEND_HEARTBEAT {datanodeUUID=dcc77c7b-1d37-448d-8d57-43d254561693, command=[]} | ret=SUCCESS |  
2019-09-19 14:05:21,786 [dcc77c7b-1d37-448d-8d57-43d254561693-SegmentedRaftLogWorker:Storage Directory /workdir/hadoop-ozone/integration-test/target/test-dir/MiniOzoneClusterImpl-3b2755de-4cfe-4b43-9e0d-73dd8eda8f75/datanode-0/data/ratis/9e704356-3229-4fb5-b0f4-8d9545d9289e] ERROR segmented.SegmentedRaftLogWorker (SegmentedRaftLogWorker.java:run(323)) - dcc77c7b-1d37-448d-8d57-43d254561693-SegmentedRaftLogWorker:Storage Directory /workdir/hadoop-ozone/integration-test/target/test-dir/MiniOzoneClusterImpl-3b2755de-4cfe-4b43-9e0d-73dd8eda8f75/datanode-0/data/ratis/9e704356-3229-4fb5-b0f4-8d9545d9289e hit exception
java.lang.OutOfMemoryError: Direct buffer memory
	at java.nio.Bits.reserveMemory(Bits.java:666)
	at java.nio.DirectByteBuffer.<init>(DirectByteBuffer.java:123)
	at java.nio.ByteBuffer.allocateDirect(ByteBuffer.java:311)
	at org.apache.ratis.server.raftlog.segmented.BufferedWriteChannel.<init>(BufferedWriteChannel.java:41)
	at org.apache.ratis.server.raftlog.segmented.SegmentedRaftLogOutputStream.<init>(SegmentedRaftLogOutputStream.java:72)
	at org.apache.ratis.server.raftlog.segmented.SegmentedRaftLogWorker$StartLogSegment.execute(SegmentedRaftLogWorker.java:566)
	at org.apache.ratis.server.raftlog.segmented.SegmentedRaftLogWorker.run(SegmentedRaftLogWorker.java:289)
	at java.lang.Thread.run(Thread.java:748)
2019-09-19 14:05:21,509 [dcc77c7b-1d37-448d-8d57-43d254561693:group-04BD0E6020D4:LeaderElection640] INFO  impl.RoleInfo (RoleInfo.java:updateAndGet(143)) - dcc77c7b-1d37-448d-8d57-43d254561693: start LeaderState
2019-09-19 14:05:21,508 [dcc77c7b-1d37-448d-8d57-43d254561693:group-314C4D324251:LeaderElection639] INFO  impl.RaftServerImpl (ServerState.java:setRaftConf(361)) - dcc77c7b-1d37-448d-8d57-43d254561693:group-314C4D324251 set configuration 0: [dcc77c7b-1d37-448d-8d57-43d254561693:192.168.157.226:34527], old=null at 0
2019-09-19 14:05:21,508 [dcc77c7b-1d37-448d-8d57-43d254561693-SegmentedRaftLogWorker:Storage Directory /workdir/hadoop-ozone/integration-test/target/test-dir/MiniOzoneClusterImpl-3b2755de-4cfe-4b43-9e0d-73dd8eda8f75/datanode-0/data/ratis/4baffc22-c783-46ab-915d-d44479695d46] INFO  impl.RaftServerImpl (RaftServerImpl.java:lambda$shutdown$3(245)) - dcc77c7b-1d37-448d-8d57-43d254561693: shutdown group-D44479695D46
2019-09-19 14:05:21,507 [dcc77c7b-1d37-448d-8d57-43d254561693:group-1AB3A26E676C:LeaderElection645] INFO  server.RaftServerConfigKeys (ConfUtils.java:logGet(43)) - raft.server.watch.timeout.denomination = 1s (default)
2019-09-19 14:05:21,507 [dcc77c7b-1d37-448d-8d57-43d254561693:group-38CC3D23514A:LeaderElection652] INFO  segmented.SegmentedRaftLogWorker (SegmentedRaftLogWorker.java:startLogSegment(380)) - dcc77c7b-1d37-448d-8d57-43d254561693-SegmentedRaftLogWorker:Storage Directory /workdir/hadoop-ozone/integration-test/target/test-dir/MiniOzoneClusterImpl-3b2755de-4cfe-4b43-9e0d-73dd8eda8f75/datanode-0/data/ratis/fa9ac6ff-fdef-411b-93cc-38cc3d23514a: Starting segment from index:0
2019-09-19 14:05:21,507 [dcc77c7b-1d37-448d-8d57-43d254561693-SegmentedRaftLogWorker:Storage Directory /workdir/hadoop-ozone/integration-test/target/test-dir/MiniOzoneClusterImpl-3b2755de-4cfe-4b43-9e0d-73dd8eda8f75/datanode-0/data/ratis/c7f5a025-36b4-40f4-bf0c-feb63ad957c4] INFO  util.JmxRegister (JmxRegister.java:unregister(73)) - Successfully un-registered JMX Bean with object name Ratis:service=RaftServer,group=group-FEB63AD957C4,id=dcc77c7b-1d37-448d-8d57-43d254561693
2019-09-19 14:05:21,791 [dcc77c7b-1d37-448d-8d57-43d254561693-SegmentedRaftLogWorker:Storage Directory /workdir/hadoop-ozone/integration-test/target/test-dir/MiniOzoneClusterImpl-3b2755de-4cfe-4b43-9e0d-73dd8eda8f75/datanode-0/data/ratis/c7f5a025-36b4-40f4-bf0c-feb63ad957c4] INFO  impl.RoleInfo (RoleInfo.java:shutdownLeaderState(104)) - dcc77c7b-1d37-448d-8d57-43d254561693: shutdown LeaderState
2019-09-19 14:05:21,506 [dcc77c7b-1d37-448d-8d57-43d254561693:group-3C856EABEE0A:LeaderElection651] INFO  server.RaftServerConfigKeys (ConfUtils.java:logGet(43)) - raft.server.watch.element-limit = 65536 (default)
2019-09-19 14:05:21,506 [dcc77c7b-1d37-448d-8d57-43d254561693:group-7687262C50C0:LeaderElection650] INFO  server.RaftServerConfigKeys (ConfUtils.java:logGet(43)) - raft.server.watch.element-limit = 65536 (default)
2019-09-19 14:05:22,066 | INFO  | SCMAudit | user=jenkins1000 | ip=192.168.157.226 | op=SEND_HEARTBEAT {datanodeUUID=dcc77c7b-1d37-448d-8d57-43d254561693, command=[]} | ret=SUCCESS |  
2019-09-19 14:05:22,066 [dcc77c7b-1d37-448d-8d57-43d254561693:group-7687262C50C0:LeaderElection650] INFO  impl.RoleInfo (RoleInfo.java:updateAndGet(143)) - dcc77c7b-1d37-448d-8d57-43d254561693: start LeaderState
2019-09-19 14:05:21,505 [dcc77c7b-1d37-448d-8d57-43d254561693:group-B95710768541:LeaderElection647] INFO  segmented.SegmentedRaftLogWorker (SegmentedRaftLogWorker.java:startLogSegment(380)) - dcc77c7b-1d37-448d-8d57-43d254561693-SegmentedRaftLogWorker:Storage Directory /workdir/hadoop-ozone/integration-test/target/test-dir/MiniOzoneClusterImpl-3b2755de-4cfe-4b43-9e0d-73dd8eda8f75/datanode-0/data/ratis/3801067e-a2c2-48ba-a58e-b95710768541: Starting segment from index:0
2019-09-19 14:05:21,505 [dcc77c7b-1d37-448d-8d57-43d254561693:group-B5CC723FD166:LeaderElection648] INFO  server.RaftServerConfigKeys (ConfUtils.java:logGet(43)) - raft.server.watch.timeout = 10s (default)
2019-09-19 14:05:21,505 [dcc77c7b-1d37-448d-8d57-43d254561693:group-0FBA50506B5E:LeaderElection667] INFO  impl.RoleInfo (RoleInfo.java:updateAndGet(143)) - dcc77c7b-1d37-448d-8d57-43d254561693: start LeaderState
2019-09-19 14:05:22,355 | INFO  | SCMAudit | user=jenkins1000 | ip=192.168.157.226 | op=SEND_HEARTBEAT {datanodeUUID=dcc77c7b-1d37-448d-8d57-43d254561693, command=[]} | ret=SUCCESS |  
2019-09-19 14:05:21,505 [dcc77c7b-1d37-448d-8d57-43d254561693-SegmentedRaftLogWorker:Storage Directory /workdir/hadoop-ozone/integration-test/target/test-dir/MiniOzoneClusterImpl-3b2755de-4cfe-4b43-9e0d-73dd8eda8f75/datanode-0/data/ratis/5179105a-429b-418c-871a-46d08ab6022e] INFO  impl.RoleInfo (RoleInfo.java:shutdownLeaderState(104)) - dcc77c7b-1d37-448d-8d57-43d254561693: shutdown LeaderState
2019-09-19 14:05:21,505 [dcc77c7b-1d37-448d-8d57-43d254561693-SegmentedRaftLogWorker:Storage Directory /workdir/hadoop-ozone/integration-test/target/test-dir/MiniOzoneClusterImpl-3b2755de-4cfe-4b43-9e0d-73dd8eda8f75/datanode-0/data/ratis/7679cf48-2fd9-4db1-a1e6-5058c03af78e] INFO  impl.RoleInfo (RoleInfo.java:shutdownLeaderState(104)) - dcc77c7b-1d37-448d-8d57-43d254561693: shutdown LeaderState
2019-09-19 14:05:21,498 [dcc77c7b-1d37-448d-8d57-43d254561693-SegmentedRaftLogWorker:Storage Directory /workdir/hadoop-ozone/integration-test/target/test-dir/MiniOzoneClusterImpl-3b2755de-4cfe-4b43-9e0d-73dd8eda8f75/datanode-0/data/ratis/52a0a543-c338-4f27-821b-c22b218fa0a6] INFO  util.JmxRegister (JmxRegister.java:unregister(73)) - Successfully un-registered JMX Bean with object name Ratis:service=RaftServer,group=group-C22B218FA0A6,id=dcc77c7b-1d37-448d-8d57-43d254561693
2019-09-19 14:05:21,498 [dcc77c7b-1d37-448d-8d57-43d254561693:group-A28310F2B329:LeaderElection685] INFO  server.RaftServerConfigKeys (ConfUtils.java:logGet(43)) - raft.server.rpc.sleep.time = 25ms (default)
2019-09-19 14:05:22,356 [dcc77c7b-1d37-448d-8d57-43d254561693:group-A28310F2B329:LeaderElection685] INFO  server.RaftServerConfigKeys (ConfUtils.java:logGet(43)) - raft.server.write.element-limit = 4096 (default)
2019-09-19 14:05:21,498 [dcc77c7b-1d37-448d-8d57-43d254561693-SegmentedRaftLogWorker:Storage Directory /workdir/hadoop-ozone/integration-test/target/test-dir/MiniOzoneClusterImpl-3b2755de-4cfe-4b43-9e0d-73dd8eda8f75/datanode-0/data/ratis/ed873b42-ab25-4cc7-84ac-801b220fee86] INFO  util.JmxRegister (JmxRegister.java:unregister(73)) - Successfully un-registered JMX Bean with object name Ratis:service=RaftServer,group=group-801B220FEE86,id=dcc77c7b-1d37-448d-8d57-43d254561693
2019-09-19 14:05:21,497 [dcc77c7b-1d37-448d-8d57-43d254561693:group-86AAD3D49F70:LeaderElection684] INFO  server.RaftServerConfigKeys (ConfUtils.java:logGet(43)) - raft.server.watch.timeout = 10s (default)
2019-09-19 14:05:21,497 [dcc77c7b-1d37-448d-8d57-43d254561693-SegmentedRaftLogWorker:Storage Directory /workdir/hadoop-ozone/integration-test/target/test-dir/MiniOzoneClusterImpl-3b2755de-4cfe-4b43-9e0d-73dd8eda8f75/datanode-0/data/ratis/27ec6a42-f45c-46c2-9989-450d00aba19b] INFO  impl.PendingRequests (PendingRequests.java:sendNotLeaderResponses(202)) - dcc77c7b-1d37-448d-8d57-43d254561693-PendingRequests: sendNotLeaderResponses
2019-09-19 14:05:21,496 [dcc77c7b-1d37-448d-8d57-43d254561693-SegmentedRaftLogWorker:Storage Directory /workdir/hadoop-ozone/integration-test/target/test-dir/MiniOzoneClusterImpl-3b2755de-4cfe-4b43-9e0d-73dd8eda8f75/datanode-0/data/ratis/77e33ca6-9136-4002-b503-b0d529ac88ad] INFO  impl.RoleInfo (RoleInfo.java:shutdownLeaderState(104)) - dcc77c7b-1d37-448d-8d57-43d254561693: shutdown LeaderState
2019-09-19 14:05:21,496 [dcc77c7b-1d37-448d-8d57-43d254561693-SegmentedRaftLogWorker:Storage Directory /workdir/hadoop-ozone/integration-test/target/test-dir/MiniOzoneClusterImpl-3b2755de-4cfe-4b43-9e0d-73dd8eda8f75/datanode-0/data/ratis/5c28bcfe-7916-4692-a8a1-7d1efe063bf2] INFO  impl.RaftServerImpl (ServerState.java:close(394)) - dcc77c7b-1d37-448d-8d57-43d254561693:group-7D1EFE063BF2 closes. The last applied log index is -1
2019-09-19 14:05:21,496 [dcc77c7b-1d37-448d-8d57-43d254561693-SegmentedRaftLogWorker:Storage Directory /workdir/hadoop-ozone/integration-test/target/test-dir/MiniOzoneClusterImpl-3b2755de-4cfe-4b43-9e0d-73dd8eda8f75/datanode-0/data/ratis/774be42b-925e-43de-a34a-d788f79d6955] INFO  impl.RaftServerImpl (RaftServerImpl.java:lambda$shutdown$3(245)) - dcc77c7b-1d37-448d-8d57-43d254561693: shutdown group-D788F79D6955
2019-09-19 14:05:21,173 [dcc77c7b-1d37-448d-8d57-43d254561693:group-A51E53567AEE:LeaderElection669] INFO  impl.RaftServerImpl (ServerState.java:setRaftConf(361)) - dcc77c7b-1d37-448d-8d57-43d254561693:group-A51E53567AEE set configuration 0: [dcc77c7b-1d37-448d-8d57-43d254561693:192.168.157.226:34527], old=null at 0
2019-09-19 14:05:21,172 [dcc77c7b-1d37-448d-8d57-43d254561693:group-9D703827DFCE:LeaderElection668] INFO  segmented.SegmentedRaftLogWorker (SegmentedRaftLogWorker.java:startLogSegment(380)) - dcc77c7b-1d37-448d-8d57-43d254561693-SegmentedRaftLogWorker:Storage Directory /workdir/hadoop-ozone/integration-test/target/test-dir/MiniOzoneClusterImpl-3b2755de-4cfe-4b43-9e0d-73dd8eda8f75/datanode-0/data/ratis/db4579a6-828d-4b84-b871-9d703827dfce: Starting segment from index:0
2019-09-19 14:05:21,171 [dcc77c7b-1d37-448d-8d57-43d254561693:group-16D5C64EF590:LeaderElection676] INFO  server.RaftServerConfigKeys (ConfUtils.java:logGet(43)) - raft.server.watch.timeout = 10s (default)
2019-09-19 14:05:21,170 [dcc77c7b-1d37-448d-8d57-43d254561693:group-621FF724F9C4:LeaderElection686] INFO  server.RaftServerConfigKeys (ConfUtils.java:logGet(43)) - raft.server.write.element-limit = 4096 (default)
2019-09-19 14:05:21,170 [dcc77c7b-1d37-448d-8d57-43d254561693:group-EFC4C2912C84:LeaderElection687] INFO  server.RaftServerConfigKeys (ConfUtils.java:logGet(43)) - raft.server.rpc.sleep.time = 25ms (default)
2019-09-19 14:05:21,170 [dcc77c7b-1d37-448d-8d57-43d254561693:group-06488AB7C697:LeaderElection675] INFO  server.RaftServerConfigKeys (ConfUtils.java:logGet(43)) - raft.server.watch.element-limit = 65536 (default)
2019-09-19 14:05:21,170 [dcc77c7b-1d37-448d-8d57-43d254561693-SegmentedRaftLogWorker:Storage Directory /workdir/hadoop-ozone/integration-test/target/test-dir/MiniOzoneClusterImpl-3b2755de-4cfe-4b43-9e0d-73dd8eda8f75/datanode-0/data/ratis/6259c4c5-9885-476f-b8b3-7b8cebff5854] INFO  segmented.SegmentedRaftLogWorker (SegmentedRaftLogWorker.java:close(228)) - dcc77c7b-1d37-448d-8d57-43d254561693-SegmentedRaftLogWorker:Storage Directory /workdir/hadoop-ozone/integration-test/target/test-dir/MiniOzoneClusterImpl-3b2755de-4cfe-4b43-9e0d-73dd8eda8f75/datanode-0/data/ratis/6259c4c5-9885-476f-b8b3-7b8cebff5854 close()
2019-09-19 14:05:21,167 [dcc77c7b-1d37-448d-8d57-43d254561693-SegmentedRaftLogWorker:Storage Directory /workdir/hadoop-ozone/integration-test/target/test-dir/MiniOzoneClusterImpl-3b2755de-4cfe-4b43-9e0d-73dd8eda8f75/datanode-0/data/ratis/e19daaf9-e448-4e17-a794-fbd0d09ad849] INFO  impl.StateMachineUpdater (StateMachineUpdater.java:stopAndJoin(115)) - StateMachineUpdater:dcc77c7b-1d37-448d-8d57-43d254561693:group-FBD0D09AD849: set stopIndex = -1
2019-09-19 14:05:22,359 [dcc77c7b-1d37-448d-8d57-43d254561693-SegmentedRaftLogWorker:Storage Directory /workdir/hadoop-ozone/integration-test/target/test-dir/MiniOzoneClusterImpl-3b2755de-4cfe-4b43-9e0d-73dd8eda8f75/datanode-0/data/ratis/e19daaf9-e448-4e17-a794-fbd0d09ad849] INFO  impl.RaftServerImpl (ServerState.java:close(394)) - dcc77c7b-1d37-448d-8d57-43d254561693:group-FBD0D09AD849 closes. The last applied log index is -1
2019-09-19 14:05:21,165 [dcc77c7b-1d37-448d-8d57-43d254561693:group-FB7C57D9607D:LeaderElection678] INFO  server.RaftServerConfigKeys (ConfUtils.java:logGet(43)) - raft.server.watch.timeout = 10s (default)
2019-09-19 14:05:21,165 [dcc77c7b-1d37-448d-8d57-43d254561693:group-CAD015ACF5B5:LeaderElection653] INFO  impl.RoleInfo (RoleInfo.java:updateAndGet(143)) - dcc77c7b-1d37-448d-8d57-43d254561693: start LeaderState
2019-09-19 14:05:21,164 [dcc77c7b-1d37-448d-8d57-43d254561693:group-48A901C7CAAB:LeaderElection654] INFO  impl.RoleInfo (RoleInfo.java:updateAndGet(143)) - dcc77c7b-1d37-448d-8d57-43d254561693: start LeaderState
2019-09-19 14:05:21,164 [dcc77c7b-1d37-448d-8d57-43d254561693:group-FB8A0F6129D1:LeaderElection664] INFO  server.RaftServerConfigKeys (ConfUtils.java:logGet(43)) - raft.server.watch.element-limit = 65536 (default)
2019-09-19 14:05:22,734 | INFO  | SCMAudit | user=jenkins1000 | ip=192.168.157.226 | op=SEND_HEARTBEAT {datanodeUUID=dcc77c7b-1d37-448d-8d57-43d254561693, command=[]} | ret=SUCCESS |  
2019-09-19 14:05:21,164 [dcc77c7b-1d37-448d-8d57-43d254561693:group-C91F44D9A055:LeaderElection662] INFO  server.RaftServerConfigKeys (ConfUtils.java:logGet(43)) - raft.server.watch.element-limit = 65536 (default)
2019-09-19 14:05:21,164 [dcc77c7b-1d37-448d-8d57-43d254561693:group-890F06A36E32:LeaderElection688] INFO  server.RaftServerConfigKeys (ConfUtils.java:logGet(43)) - raft.server.watch.timeout.denomination = 1s (default)
2019-09-19 14:05:21,163 [dcc77c7b-1d37-448d-8d57-43d254561693:group-DFB7682575CC:LeaderElection672] INFO  server.RaftServerConfigKeys (ConfUtils.java:logGet(43)) - raft.server.watch.timeout = 10s (default)
2019-09-19 14:05:22,735 [dcc77c7b-1d37-448d-8d57-43d254561693:group-DFB7682575CC:LeaderElection672] INFO  server.RaftServerConfigKeys (ConfUtils.java:logGet(43)) - raft.server.watch.timeout.denomination = 1s (default)
2019-09-19 14:05:21,163 [dcc77c7b-1d37-448d-8d57-43d254561693:group-CCAC13F47FF4:LeaderElection673] INFO  server.RaftServerConfigKeys (ConfUtils.java:logGet(43)) - raft.server.watch.timeout.denomination = 1s (default)
2019-09-19 14:05:21,163 [dcc77c7b-1d37-448d-8d57-43d254561693:group-A8B0DCFAD616:LeaderElection671] INFO  server.RaftServerConfigKeys (ConfUtils.java:logGet(43)) - raft.server.watch.timeout.denomination = 1s (default)
2019-09-19 14:05:21,163 [dcc77c7b-1d37-448d-8d57-43d254561693:group-F3BCA7C22EE0:LeaderElection677] INFO  server.RaftServerConfigKeys (ConfUtils.java:logGet(43)) - raft.server.write.element-limit = 4096 (default)
2019-09-19 14:05:22,736 [dcc77c7b-1d37-448d-8d57-43d254561693:group-F3BCA7C22EE0:LeaderElection677] INFO  server.RaftServerConfigKeys (ConfUtils.java:logGet(43)) - raft.server.watch.timeout = 10s (default)
2019-09-19 14:05:21,163 [dcc77c7b-1d37-448d-8d57-43d254561693:group-A89996D31591:LeaderElection683] INFO  server.RaftServerConfigKeys (ConfUtils.java:logGet(43)) - raft.server.write.element-limit = 4096 (default)
2019-09-19 14:05:21,163 [dcc77c7b-1d37-448d-8d57-43d254561693:group-3FFAC3177C15:LeaderElection674] INFO  server.RaftServerConfigKeys (ConfUtils.java:logGet(43)) - raft.server.write.element-limit = 4096 (default)
2019-09-19 14:05:22,736 [dcc77c7b-1d37-448d-8d57-43d254561693:group-3FFAC3177C15:LeaderElection674] INFO  server.RaftServerConfigKeys (ConfUtils.java:logGet(43)) - raft.server.watch.timeout = 10s (default)
2019-09-19 14:05:21,163 [dcc77c7b-1d37-448d-8d57-43d254561693-SegmentedRaftLogWorker:Storage Directory /workdir/hadoop-ozone/integration-test/target/test-dir/MiniOzoneClusterImpl-3b2755de-4cfe-4b43-9e0d-73dd8eda8f75/datanode-0/data/ratis/86bb2644-c807-4586-80a5-e31af374e74c] INFO  segmented.SegmentedRaftLogWorker (SegmentedRaftLogWorker.java:close(228)) - dcc77c7b-1d37-448d-8d57-43d254561693-SegmentedRaftLogWorker:Storage Directory /workdir/hadoop-ozone/integration-test/target/test-dir/MiniOzoneClusterImpl-3b2755de-4cfe-4b43-9e0d-73dd8eda8f75/datanode-0/data/ratis/86bb2644-c807-4586-80a5-e31af374e74c close()
2019-09-19 14:05:21,163 [dcc77c7b-1d37-448d-8d57-43d254561693:group-B809E960E354:LeaderElection644] INFO  segmented.SegmentedRaftLogWorker (SegmentedRaftLogWorker.java:startLogSegment(380)) - dcc77c7b-1d37-448d-8d57-43d254561693-SegmentedRaftLogWorker:Storage Directory /workdir/hadoop-ozone/integration-test/target/test-dir/MiniOzoneClusterImpl-3b2755de-4cfe-4b43-9e0d-73dd8eda8f75/datanode-0/data/ratis/1e110a47-a75b-4bcd-a58d-b809e960e354: Starting segment from index:0
2019-09-19 14:05:21,162 [dcc77c7b-1d37-448d-8d57-43d254561693:group-09863E5FAFF9:LeaderElection682] INFO  server.RaftServerConfigKeys (ConfUtils.java:logGet(43)) - raft.server.watch.element-limit = 65536 (default)
2019-09-19 14:05:21,162 [dcc77c7b-1d37-448d-8d57-43d254561693-SegmentedRaftLogWorker:Storage Directory /workdir/hadoop-ozone/integration-test/target/test-dir/MiniOzoneClusterImpl-3b2755de-4cfe-4b43-9e0d-73dd8eda8f75/datanode-0/data/ratis/8cd24193-87e3-4023-8697-e501e5c2f87a] INFO  segmented.SegmentedRaftLogWorker (SegmentedRaftLogWorker.java:close(228)) - dcc77c7b-1d37-448d-8d57-43d254561693-SegmentedRaftLogWorker:Storage Directory /workdir/hadoop-ozone/integration-test/target/test-dir/MiniOzoneClusterImpl-3b2755de-4cfe-4b43-9e0d-73dd8eda8f75/datanode-0/data/ratis/8cd24193-87e3-4023-8697-e501e5c2f87a close()
2019-09-19 14:05:23,027 | INFO  | SCMAudit | user=jenkins1000 | ip=192.168.157.226 | op=SEND_HEARTBEAT {datanodeUUID=dcc77c7b-1d37-448d-8d57-43d254561693, command=[]} | ret=SUCCESS |  
2019-09-19 14:05:21,161 [dcc77c7b-1d37-448d-8d57-43d254561693:group-0720468DC241:LeaderElection670] INFO  impl.RoleInfo (RoleInfo.java:updateAndGet(143)) - dcc77c7b-1d37-448d-8d57-43d254561693: start LeaderState
2019-09-19 14:05:21,161 [dcc77c7b-1d37-448d-8d57-43d254561693:group-77F6979B7494:LeaderElection681] INFO  server.RaftServerConfigKeys (ConfUtils.java:logGet(43)) - raft.server.write.element-limit = 4096 (default)
2019-09-19 14:05:21,161 [dcc77c7b-1d37-448d-8d57-43d254561693-SegmentedRaftLogWorker:Storage Directory /workdir/hadoop-ozone/integration-test/target/test-dir/MiniOzoneClusterImpl-3b2755de-4cfe-4b43-9e0d-73dd8eda8f75/datanode-0/data/ratis/0da6c939-5164-41ff-81e1-c6c4a2b7d1da] INFO  segmented.SegmentedRaftLogWorker (SegmentedRaftLogWorker.java:close(228)) - dcc77c7b-1d37-448d-8d57-43d254561693-SegmentedRaftLogWorker:Storage Directory /workdir/hadoop-ozone/integration-test/target/test-dir/MiniOzoneClusterImpl-3b2755de-4cfe-4b43-9e0d-73dd8eda8f75/datanode-0/data/ratis/0da6c939-5164-41ff-81e1-c6c4a2b7d1da close()
2019-09-19 14:05:21,161 [dcc77c7b-1d37-448d-8d57-43d254561693:group-E165C8F20643:LeaderElection666] INFO  server.RaftServerConfigKeys (ConfUtils.java:logGet(43)) - raft.server.watch.timeout.denomination = 1s (default)
2019-09-19 14:05:21,161 [dcc77c7b-1d37-448d-8d57-43d254561693-SegmentedRaftLogWorker:Storage Directory /workdir/hadoop-ozone/integration-test/target/test-dir/MiniOzoneClusterImpl-3b2755de-4cfe-4b43-9e0d-73dd8eda8f75/datanode-0/data/ratis/496c209b-a8fb-44b0-964b-b8ec2eeee8d5] INFO  impl.PendingRequests (PendingRequests.java:sendNotLeaderResponses(202)) - dcc77c7b-1d37-448d-8d57-43d254561693-PendingRequests: sendNotLeaderResponses
2019-09-19 14:05:21,160 [dcc77c7b-1d37-448d-8d57-43d254561693-SegmentedRaftLogWorker:Storage Directory /workdir/hadoop-ozone/integration-test/target/test-dir/MiniOzoneClusterImpl-3b2755de-4cfe-4b43-9e0d-73dd8eda8f75/datanode-0/data/ratis/d354f42a-d9ec-4c21-9161-89849f9fd3ba] INFO  impl.RaftServerImpl (ServerState.java:close(394)) - dcc77c7b-1d37-448d-8d57-43d254561693:group-89849F9FD3BA closes. The last applied log index is -1
2019-09-19 14:05:21,160 [dcc77c7b-1d37-448d-8d57-43d254561693-SegmentedRaftLogWorker:Storage Directory /workdir/hadoop-ozone/integration-test/target/test-dir/MiniOzoneClusterImpl-3b2755de-4cfe-4b43-9e0d-73dd8eda8f75/datanode-0/data/ratis/55ea1096-7909-4481-a143-cd7159c89c08] INFO  segmented.SegmentedRaftLogWorker (SegmentedRaftLogWorker.java:close(228)) - dcc77c7b-1d37-448d-8d57-43d254561693-SegmentedRaftLogWorker:Storage Directory /workdir/hadoop-ozone/integration-test/target/test-dir/MiniOzoneClusterImpl-3b2755de-4cfe-4b43-9e0d-73dd8eda8f75/datanode-0/data/ratis/55ea1096-7909-4481-a143-cd7159c89c08 close()
2019-09-19 14:05:21,160 [dcc77c7b-1d37-448d-8d57-43d254561693-SegmentedRaftLogWorker:Storage Directory /workdir/hadoop-ozone/integration-test/target/test-dir/MiniOzoneClusterImpl-3b2755de-4cfe-4b43-9e0d-73dd8eda8f75/datanode-0/data/ratis/5b6bb2d1-6a86-44a9-9560-4467d65330c2] INFO  segmented.SegmentedRaftLogWorker (SegmentedRaftLogWorker.java:close(228)) - dcc77c7b-1d37-448d-8d57-43d254561693-SegmentedRaftLogWorker:Storage Directory /workdir/hadoop-ozone/integration-test/target/test-dir/MiniOzoneClusterImpl-3b2755de-4cfe-4b43-9e0d-73dd8eda8f75/datanode-0/data/ratis/5b6bb2d1-6a86-44a9-9560-4467d65330c2 close()
2019-09-19 14:05:21,160 [dcc77c7b-1d37-448d-8d57-43d254561693-SegmentedRaftLogWorker:Storage Directory /workdir/hadoop-ozone/integration-test/target/test-dir/MiniOzoneClusterImpl-3b2755de-4cfe-4b43-9e0d-73dd8eda8f75/datanode-0/data/ratis/325a6685-5506-4a90-be06-869d2374c5b7] INFO  segmented.SegmentedRaftLogWorker (SegmentedRaftLogWorker.java:close(228)) - dcc77c7b-1d37-448d-8d57-43d254561693-SegmentedRaftLogWorker:Storage Directory /workdir/hadoop-ozone/integration-test/target/test-dir/MiniOzoneClusterImpl-3b2755de-4cfe-4b43-9e0d-73dd8eda8f75/datanode-0/data/ratis/325a6685-5506-4a90-be06-869d2374c5b7 close()
2019-09-19 14:05:21,160 [dcc77c7b-1d37-448d-8d57-43d254561693-SegmentedRaftLogWorker:Storage Directory /workdir/hadoop-ozone/integration-test/target/test-dir/MiniOzoneClusterImpl-3b2755de-4cfe-4b43-9e0d-73dd8eda8f75/datanode-0/data/ratis/2ddc7a41-9acf-41f1-bc02-c7074be8e490] INFO  impl.StateMachineUpdater (StateMachineUpdater.java:stopAndJoin(115)) - StateMachineUpdater:dcc77c7b-1d37-448d-8d57-43d254561693:group-C7074BE8E490: set stopIndex = -1
2019-09-19 14:05:21,159 [dcc77c7b-1d37-448d-8d57-43d254561693:group-21D390036BC2:LeaderElection680] INFO  server.RaftServerConfigKeys (ConfUtils.java:logGet(43)) - raft.server.watch.element-limit = 65536 (default)
2019-09-19 14:05:21,159 [dcc77c7b-1d37-448d-8d57-43d254561693:group-47C7557B9325:LeaderElection679] INFO  server.RaftServerConfigKeys (ConfUtils.java:logGet(43)) - raft.server.watch.element-limit = 65536 (default)
2019-09-19 14:05:21,159 [dcc77c7b-1d37-448d-8d57-43d254561693:group-78B7DFC7FE28:LeaderElection661] INFO  segmented.SegmentedRaftLogWorker (SegmentedRaftLogWorker.java:startLogSegment(380)) - dcc77c7b-1d37-448d-8d57-43d254561693-SegmentedRaftLogWorker:Storage Directory /workdir/hadoop-ozone/integration-test/target/test-dir/MiniOzoneClusterImpl-3b2755de-4cfe-4b43-9e0d-73dd8eda8f75/datanode-0/data/ratis/fcddf96c-ff74-4ce0-b6a2-78b7dfc7fe28: Starting segment from index:0
2019-09-19 14:05:21,159 [dcc77c7b-1d37-448d-8d57-43d254561693:group-101271AE1179:LeaderElection659] INFO  server.RaftServerConfigKeys (ConfUtils.java:logGet(43)) - raft.server.watch.element-limit = 65536 (default)
2019-09-19 14:05:21,158 [dcc77c7b-1d37-448d-8d57-43d254561693:group-BB4770E0F3FD:LeaderElection655] INFO  segmented.SegmentedRaftLogWorker (SegmentedRaftLogWorker.java:startLogSegment(380)) - dcc77c7b-1d37-448d-8d57-43d254561693-SegmentedRaftLogWorker:Storage Directory /workdir/hadoop-ozone/integration-test/target/test-dir/MiniOzoneClusterImpl-3b2755de-4cfe-4b43-9e0d-73dd8eda8f75/datanode-0/data/ratis/684f71f8-0656-4437-9b6f-bb4770e0f3fd: Starting segment from index:0
2019-09-19 14:05:21,158 [dcc77c7b-1d37-448d-8d57-43d254561693:group-26A6A6CCFAD8:LeaderElection660] INFO  server.RaftServerConfigKeys (ConfUtils.java:logGet(43)) - raft.server.watch.element-limit = 65536 (default)
2019-09-19 14:05:21,158 [dcc77c7b-1d37-448d-8d57-43d254561693-SegmentedRaftLogWorker:Storage Directory /workdir/hadoop-ozone/integration-test/target/test-dir/MiniOzoneClusterImpl-3b2755de-4cfe-4b43-9e0d-73dd8eda8f75/datanode-0/data/ratis/0bcb92b1-8f88-4bb5-a8d7-c61393b9958e] INFO  segmented.SegmentedRaftLogWorker (SegmentedRaftLogWorker.java:close(228)) - dcc77c7b-1d37-448d-8d57-43d254561693-SegmentedRaftLogWorker:Storage Directory /workdir/hadoop-ozone/integration-test/target/test-dir/MiniOzoneClusterImpl-3b2755de-4cfe-4b43-9e0d-73dd8eda8f75/datanode-0/data/ratis/0bcb92b1-8f88-4bb5-a8d7-c61393b9958e close()
2019-09-19 14:05:21,158 [dcc77c7b-1d37-448d-8d57-43d254561693-SegmentedRaftLogWorker:Storage Directory /workdir/hadoop-ozone/integration-test/target/test-dir/MiniOzoneClusterImpl-3b2755de-4cfe-4b43-9e0d-73dd8eda8f75/datanode-0/data/ratis/00b76e0c-516e-486f-8902-bcc62b444d9d] INFO  segmented.SegmentedRaftLogWorker (SegmentedRaftLogWorker.java:close(228)) - dcc77c7b-1d37-448d-8d57-43d254561693-SegmentedRaftLogWorker:Storage Directory /workdir/hadoop-ozone/integration-test/target/test-dir/MiniOzoneClusterImpl-3b2755de-4cfe-4b43-9e0d-73dd8eda8f75/datanode-0/data/ratis/00b76e0c-516e-486f-8902-bcc62b444d9d close()
2019-09-19 14:05:21,158 [dcc77c7b-1d37-448d-8d57-43d254561693-SegmentedRaftLogWorker:Storage Directory /workdir/hadoop-ozone/integration-test/target/test-dir/MiniOzoneClusterImpl-3b2755de-4cfe-4b43-9e0d-73dd8eda8f75/datanode-0/data/ratis/13e365e2-082e-427c-9029-8dbed52dd969] INFO  impl.StateMachineUpdater (StateMachineUpdater.java:stopAndJoin(115)) - StateMachineUpdater:dcc77c7b-1d37-448d-8d57-43d254561693:group-8DBED52DD969: set stopIndex = -1
2019-09-19 14:05:23,623 | INFO  | SCMAudit | user=jenkins1000 | ip=192.168.157.226 | op=SEND_HEARTBEAT {datanodeUUID=dcc77c7b-1d37-448d-8d57-43d254561693, command=[]} | ret=SUCCESS |  
2019-09-19 14:05:23,623 [dcc77c7b-1d37-448d-8d57-43d254561693-SegmentedRaftLogWorker:Storage Directory /workdir/hadoop-ozone/integration-test/target/test-dir/MiniOzoneClusterImpl-3b2755de-4cfe-4b43-9e0d-73dd8eda8f75/datanode-0/data/ratis/13e365e2-082e-427c-9029-8dbed52dd969] INFO  impl.RaftServerImpl (ServerState.java:close(394)) - dcc77c7b-1d37-448d-8d57-43d254561693:group-8DBED52DD969 closes. The last applied log index is -1
2019-09-19 14:05:21,157 [dcc77c7b-1d37-448d-8d57-43d254561693:group-A448A7A95FAE:LeaderElection689] INFO  server.RaftServerConfigKeys (ConfUtils.java:logGet(43)) - raft.server.rpc.sleep.time = 25ms (default)
2019-09-19 14:05:21,157 [dcc77c7b-1d37-448d-8d57-43d254561693-SegmentedRaftLogWorker:Storage Directory /workdir/hadoop-ozone/integration-test/target/test-dir/MiniOzoneClusterImpl-3b2755de-4cfe-4b43-9e0d-73dd8eda8f75/datanode-0/data/ratis/2fea3c3c-6ec9-4356-9fdc-00abcb16aa03] INFO  segmented.SegmentedRaftLogWorker (SegmentedRaftLogWorker.java:close(228)) - dcc77c7b-1d37-448d-8d57-43d254561693-SegmentedRaftLogWorker:Storage Directory /workdir/hadoop-ozone/integration-test/target/test-dir/MiniOzoneClusterImpl-3b2755de-4cfe-4b43-9e0d-73dd8eda8f75/datanode-0/data/ratis/2fea3c3c-6ec9-4356-9fdc-00abcb16aa03 close()
2019-09-19 14:05:21,157 [dcc77c7b-1d37-448d-8d57-43d254561693-SegmentedRaftLogWorker:Storage Directory /workdir/hadoop-ozone/integration-test/target/test-dir/MiniOzoneClusterImpl-3b2755de-4cfe-4b43-9e0d-73dd8eda8f75/datanode-0/data/ratis/3c853461-9479-429b-9494-c0bcadc5d7d8] INFO  segmented.SegmentedRaftLogWorker (SegmentedRaftLogWorker.java:close(228)) - dcc77c7b-1d37-448d-8d57-43d254561693-SegmentedRaftLogWorker:Storage Directory /workdir/hadoop-ozone/integration-test/target/test-dir/MiniOzoneClusterImpl-3b2755de-4cfe-4b43-9e0d-73dd8eda8f75/datanode-0/data/ratis/3c853461-9479-429b-9494-c0bcadc5d7d8 close()
2019-09-19 14:05:21,157 [dcc77c7b-1d37-448d-8d57-43d254561693-SegmentedRaftLogWorker:Storage Directory /workdir/hadoop-ozone/integration-test/target/test-dir/MiniOzoneClusterImpl-3b2755de-4cfe-4b43-9e0d-73dd8eda8f75/datanode-0/data/ratis/adc73485-a1d0-4303-a62c-d8c1d5fccd5d] INFO  util.JmxRegister (JmxRegister.java:unregister(73)) - Successfully un-registered JMX Bean with object name Ratis:service=RaftServer,group=group-D8C1D5FCCD5D,id=dcc77c7b-1d37-448d-8d57-43d254561693
2019-09-19 14:05:23,624 | INFO  | SCMAudit | user=jenkins1000 | ip=192.168.157.226 | op=SEND_HEARTBEAT {datanodeUUID=dcc77c7b-1d37-448d-8d57-43d254561693, command=[]} | ret=SUCCESS |  
2019-09-19 14:05:21,156 [dcc77c7b-1d37-448d-8d57-43d254561693-SegmentedRaftLogWorker:Storage Directory /workdir/hadoop-ozone/integration-test/target/test-dir/MiniOzoneClusterImpl-3b2755de-4cfe-4b43-9e0d-73dd8eda8f75/datanode-0/data/ratis/b161966a-6fb0-4db4-a7db-a31ff801af6f] INFO  impl.PendingRequests (PendingRequests.java:sendNotLeaderResponses(202)) - dcc77c7b-1d37-448d-8d57-43d254561693-PendingRequests: sendNotLeaderResponses
2019-09-19 14:05:21,156 [dcc77c7b-1d37-448d-8d57-43d254561693-SegmentedRaftLogWorker:Storage Directory /workdir/hadoop-ozone/integration-test/target/test-dir/MiniOzoneClusterImpl-3b2755de-4cfe-4b43-9e0d-73dd8eda8f75/datanode-0/data/ratis/69bb65d1-9de7-4beb-a688-f1ab8729c726] INFO  segmented.SegmentedRaftLogWorker (SegmentedRaftLogWorker.java:close(228)) - dcc77c7b-1d37-448d-8d57-43d254561693-SegmentedRaftLogWorker:Storage Directory /workdir/hadoop-ozone/integration-test/target/test-dir/MiniOzoneClusterImpl-3b2755de-4cfe-4b43-9e0d-73dd8eda8f75/datanode-0/data/ratis/69bb65d1-9de7-4beb-a688-f1ab8729c726 close()
2019-09-19 14:05:21,156 [dcc77c7b-1d37-448d-8d57-43d254561693-SegmentedRaftLogWorker:Storage Directory /workdir/hadoop-ozone/integration-test/target/test-dir/MiniOzoneClusterImpl-3b2755de-4cfe-4b43-9e0d-73dd8eda8f75/datanode-0/data/ratis/f638db7c-e41a-4e11-b361-9054243d6a0e] INFO  impl.RaftServerImpl (ServerState.java:close(394)) - dcc77c7b-1d37-448d-8d57-43d254561693:group-9054243D6A0E closes. The last applied log index is -1
2019-09-19 14:05:21,156 [dcc77c7b-1d37-448d-8d57-43d254561693-SegmentedRaftLogWorker:Storage Directory /workdir/hadoop-ozone/integration-test/target/test-dir/MiniOzoneClusterImpl-3b2755de-4cfe-4b43-9e0d-73dd8eda8f75/datanode-0/data/ratis/364470fa-822d-4dd1-ae08-761da49682b2] INFO  segmented.SegmentedRaftLogWorker (SegmentedRaftLogWorker.java:close(228)) - dcc77c7b-1d37-448d-8d57-43d254561693-SegmentedRaftLogWorker:Storage Directory /workdir/hadoop-ozone/integration-test/target/test-dir/MiniOzoneClusterImpl-3b2755de-4cfe-4b43-9e0d-73dd8eda8f75/datanode-0/data/ratis/364470fa-822d-4dd1-ae08-761da49682b2 close()
2019-09-19 14:05:21,156 [dcc77c7b-1d37-448d-8d57-43d254561693-SegmentedRaftLogWorker:Storage Directory /workdir/hadoop-ozone/integration-test/target/test-dir/MiniOzoneClusterImpl-3b2755de-4cfe-4b43-9e0d-73dd8eda8f75/datanode-0/data/ratis/db3fb848-7260-46b9-8164-8f62cc6b93f9] INFO  segmented.SegmentedRaftLogWorker (SegmentedRaftLogWorker.java:close(228)) - dcc77c7b-1d37-448d-8d57-43d254561693-SegmentedRaftLogWorker:Storage Directory /workdir/hadoop-ozone/integration-test/target/test-dir/MiniOzoneClusterImpl-3b2755de-4cfe-4b43-9e0d-73dd8eda8f75/datanode-0/data/ratis/db3fb848-7260-46b9-8164-8f62cc6b93f9 close()
2019-09-19 14:05:21,155 [dcc77c7b-1d37-448d-8d57-43d254561693:group-0DAF98B9911C:LeaderElection635] INFO  segmented.SegmentedRaftLogWorker (SegmentedRaftLogWorker.java:startLogSegment(380)) - dcc77c7b-1d37-448d-8d57-43d254561693-SegmentedRaftLogWorker:Storage Directory /workdir/hadoop-ozone/integration-test/target/test-dir/MiniOzoneClusterImpl-3b2755de-4cfe-4b43-9e0d-73dd8eda8f75/datanode-0/data/ratis/ee44affa-94a9-42cb-87a7-0daf98b9911c: Starting segment from index:0
2019-09-19 14:05:21,155 [dcc77c7b-1d37-448d-8d57-43d254561693:group-8B49C088430A:LeaderElection637] INFO  segmented.SegmentedRaftLogWorker (SegmentedRaftLogWorker.java:startLogSegment(380)) - dcc77c7b-1d37-448d-8d57-43d254561693-SegmentedRaftLogWorker:Storage Directory /workdir/hadoop-ozone/integration-test/target/test-dir/MiniOzoneClusterImpl-3b2755de-4cfe-4b43-9e0d-73dd8eda8f75/datanode-0/data/ratis/e7350761-a8ab-4397-82fd-8b49c088430a: Starting segment from index:0
2019-09-19 14:05:21,155 [StateMachineUpdater:dcc77c7b-1d37-448d-8d57-43d254561693:group-CE1F78CFD901] INFO  impl.StateMachineUpdater (StateMachineUpdater.java:takeSnapshot(242)) - StateMachineUpdater:dcc77c7b-1d37-448d-8d57-43d254561693:group-CE1F78CFD901: Took a snapshot at index 5
2019-09-19 14:05:21,155 [dcc77c7b-1d37-448d-8d57-43d254561693-SegmentedRaftLogWorker:Storage Directory /workdir/hadoop-ozone/integration-test/target/test-dir/MiniOzoneClusterImpl-3b2755de-4cfe-4b43-9e0d-73dd8eda8f75/datanode-0/data/ratis/b0645890-24a1-457a-85dc-6edc13e5aa9d] INFO  impl.StateMachineUpdater (StateMachineUpdater.java:stopAndJoin(115)) - StateMachineUpdater:dcc77c7b-1d37-448d-8d57-43d254561693:group-6EDC13E5AA9D: set stopIndex = -1
2019-09-19 14:05:21,155 [dcc77c7b-1d37-448d-8d57-43d254561693-SegmentedRaftLogWorker:Storage Directory /workdir/hadoop-ozone/integration-test/target/test-dir/MiniOzoneClusterImpl-3b2755de-4cfe-4b43-9e0d-73dd8eda8f75/datanode-0/data/ratis/ec304384-7b14-4c7f-8d01-6097693610f3] INFO  impl.RoleInfo (RoleInfo.java:shutdownLeaderState(104)) - dcc77c7b-1d37-448d-8d57-43d254561693: shutdown LeaderState
2019-09-19 14:05:21,155 [dcc77c7b-1d37-448d-8d57-43d254561693:group-007612E7CB3B:LeaderElection636] INFO  segmented.SegmentedRaftLogWorker (SegmentedRaftLogWorker.java:startLogSegment(380)) - dcc77c7b-1d37-448d-8d57-43d254561693-SegmentedRaftLogWorker:Storage Directory /workdir/hadoop-ozone/integration-test/target/test-dir/MiniOzoneClusterImpl-3b2755de-4cfe-4b43-9e0d-73dd8eda8f75/datanode-0/data/ratis/75ea34c9-a6b7-4800-ab03-007612e7cb3b: Starting segment from index:0
2019-09-19 14:05:21,155 [dcc77c7b-1d37-448d-8d57-43d254561693-SegmentedRaftLogWorker:Storage Directory /workdir/hadoop-ozone/integration-test/target/test-dir/MiniOzoneClusterImpl-3b2755de-4cfe-4b43-9e0d-73dd8eda8f75/datanode-0/data/ratis/180b95ab-2348-4fbe-9c3c-d04acbf66747] INFO  impl.StateMachineUpdater (StateMachineUpdater.java:stopAndJoin(115)) - StateMachineUpdater:dcc77c7b-1d37-448d-8d57-43d254561693:group-D04ACBF66747: set stopIndex = -1
2019-09-19 14:05:24,321 [dcc77c7b-1d37-448d-8d57-43d254561693-SegmentedRaftLogWorker:Storage Directory /workdir/hadoop-ozone/integration-test/target/test-dir/MiniOzoneClusterImpl-3b2755de-4cfe-4b43-9e0d-73dd8eda8f75/datanode-0/data/ratis/180b95ab-2348-4fbe-9c3c-d04acbf66747] INFO  impl.RaftServerImpl (ServerState.java:close(394)) - dcc77c7b-1d37-448d-8d57-43d254561693:group-D04ACBF66747 closes. The last applied log index is -1
2019-09-19 14:05:24,321 | INFO  | SCMAudit | user=jenkins1000 | ip=192.168.157.226 | op=SEND_HEARTBEAT {datanodeUUID=dcc77c7b-1d37-448d-8d57-43d254561693, command=[]} | ret=SUCCESS |  
2019-09-19 14:05:21,155 [dcc77c7b-1d37-448d-8d57-43d254561693-SegmentedRaftLogWorker:Storage Directory /workdir/hadoop-ozone/integration-test/target/test-dir/MiniOzoneClusterImpl-3b2755de-4cfe-4b43-9e0d-73dd8eda8f75/datanode-0/data/ratis/5d2e0cd1-8afa-4dfd-8ba8-2522b1fb8d22] INFO  impl.StateMachineUpdater (StateMachineUpdater.java:stopAndJoin(115)) - StateMachineUpdater:dcc77c7b-1d37-448d-8d57-43d254561693:group-2522B1FB8D22: set stopIndex = -1
2019-09-19 14:05:21,155 [dcc77c7b-1d37-448d-8d57-43d254561693-SegmentedRaftLogWorker:Storage Directory /workdir/hadoop-ozone/integration-test/target/test-dir/MiniOzoneClusterImpl-3b2755de-4cfe-4b43-9e0d-73dd8eda8f75/datanode-0/data/ratis/396dd680-1929-484e-8da9-1ca508e03965] INFO  impl.PendingRequests (PendingRequests.java:sendNotLeaderResponses(202)) - dcc77c7b-1d37-448d-8d57-43d254561693-PendingRequests: sendNotLeaderResponses
2019-09-19 14:05:21,154 [dcc77c7b-1d37-448d-8d57-43d254561693-SegmentedRaftLogWorker:Storage Directory /workdir/hadoop-ozone/integration-test/target/test-dir/MiniOzoneClusterImpl-3b2755de-4cfe-4b43-9e0d-73dd8eda8f75/datanode-0/data/ratis/45a31879-6a8e-4e2e-b8c8-3d808b4b51c3] INFO  segmented.SegmentedRaftLogWorker (SegmentedRaftLogWorker.java:close(228)) - dcc77c7b-1d37-448d-8d57-43d254561693-SegmentedRaftLogWorker:Storage Directory /workdir/hadoop-ozone/integration-test/target/test-dir/MiniOzoneClusterImpl-3b2755de-4cfe-4b43-9e0d-73dd8eda8f75/datanode-0/data/ratis/45a31879-6a8e-4e2e-b8c8-3d808b4b51c3 close()
]]></system-out>
  </testcase>
</testsuite>