<?xml version="1.0" encoding="UTF-8"?>
<testsuite xmlns:xsi="http://www.w3.org/2001/XMLSchema-instance" xsi:noNamespaceSchemaLocation="https://maven.apache.org/surefire/maven-surefire-plugin/xsd/surefire-test-report.xsd" name="org.apache.hadoop.ozone.client.rpc.Test2WayCommitInRatis" time="102.263" tests="1" errors="1" skipped="0" failures="0">
  <properties>
    <property name="awt.toolkit" value="sun.awt.X11.XToolkit"/>
    <property name="file.encoding.pkg" value="sun.io"/>
    <property name="java.specification.version" value="1.8"/>
    <property name="sun.cpu.isalist" value=""/>
    <property name="sun.jnu.encoding" value="UTF-8"/>
    <property name="java.class.path" value="/workdir/hadoop-ozone/integration-test/target/test-classes:/workdir/hadoop-ozone/integration-test/target/classes:/home/user/.m2/repository/org/apache/hadoop/hadoop-ozone-common/0.5.0-SNAPSHOT/hadoop-ozone-common-0.5.0-SNAPSHOT.jar:/home/user/.m2/repository/org/apache/commons/commons-compress/1.4.1/commons-compress-1.4.1.jar:/home/user/.m2/repository/org/tukaani/xz/1.0/xz-1.0.jar:/home/user/.m2/repository/org/apache/hadoop/hadoop-common/3.2.0/hadoop-common-3.2.0.jar:/home/user/.m2/repository/org/apache/hadoop/hadoop-hdfs/3.2.0/hadoop-hdfs-3.2.0.jar:/home/user/.m2/repository/org/apache/hadoop/hadoop-hdfs-client/3.2.0/hadoop-hdfs-client-3.2.0.jar:/home/user/.m2/repository/com/fasterxml/jackson/core/jackson-annotations/2.9.5/jackson-annotations-2.9.5.jar:/home/user/.m2/repository/org/apache/hadoop/hadoop-hdds-common/0.5.0-SNAPSHOT/hadoop-hdds-common-0.5.0-SNAPSHOT.jar:/home/user/.m2/repository/javax/annotation/javax.annotation-api/1.2/javax.annotation-api-1.2.jar:/home/user/.m2/repository/org/apache/ratis/ratis-server/0.4.0-2337318-SNAPSHOT/ratis-server-0.4.0-2337318-SNAPSHOT.jar:/home/user/.m2/repository/org/apache/ratis/ratis-thirdparty-misc/0.2.0/ratis-thirdparty-misc-0.2.0.jar:/home/user/.m2/repository/org/apache/ratis/ratis-proto/0.4.0-2337318-SNAPSHOT/ratis-proto-0.4.0-2337318-SNAPSHOT.jar:/home/user/.m2/repository/org/apache/ratis/ratis-common/0.4.0-2337318-SNAPSHOT/ratis-common-0.4.0-2337318-SNAPSHOT.jar:/home/user/.m2/repository/org/apache/ratis/ratis-client/0.4.0-2337318-SNAPSHOT/ratis-client-0.4.0-2337318-SNAPSHOT.jar:/home/user/.m2/repository/org/apache/ratis/ratis-metrics/0.4.0-2337318-SNAPSHOT/ratis-metrics-0.4.0-2337318-SNAPSHOT.jar:/home/user/.m2/repository/org/apache/ratis/ratis-netty/0.4.0-2337318-SNAPSHOT/ratis-netty-0.4.0-2337318-SNAPSHOT.jar:/home/user/.m2/repository/org/apache/ratis/ratis-grpc/0.4.0-2337318-SNAPSHOT/ratis-grpc-0.4.0-2337318-SNAPSHOT.jar:/home/user/.m2/repository/org/rocksdb/rocksdbjni/6.0.1/rocksdbjni-6.0.1.jar:/home/user/.m2/repository/org/apache/logging/log4j/log4j-api/2.11.0/log4j-api-2.11.0.jar:/home/user/.m2/repository/org/apache/logging/log4j/log4j-core/2.11.0/log4j-core-2.11.0.jar:/home/user/.m2/repository/com/lmax/disruptor/3.4.2/disruptor-3.4.2.jar:/home/user/.m2/repository/org/apache/commons/commons-pool2/2.6.0/commons-pool2-2.6.0.jar:/home/user/.m2/repository/org/bouncycastle/bcpkix-jdk15on/1.60/bcpkix-jdk15on-1.60.jar:/home/user/.m2/repository/commons-validator/commons-validator/1.6/commons-validator-1.6.jar:/home/user/.m2/repository/commons-digester/commons-digester/1.8.1/commons-digester-1.8.1.jar:/home/user/.m2/repository/io/jaegertracing/jaeger-client/0.33.1/jaeger-client-0.33.1.jar:/home/user/.m2/repository/io/jaegertracing/jaeger-thrift/0.33.1/jaeger-thrift-0.33.1.jar:/home/user/.m2/repository/org/apache/thrift/libthrift/0.11.0/libthrift-0.11.0.jar:/home/user/.m2/repository/com/squareup/okhttp3/okhttp/3.9.0/okhttp-3.9.0.jar:/home/user/.m2/repository/com/squareup/okio/okio/1.13.0/okio-1.13.0.jar:/home/user/.m2/repository/io/jaegertracing/jaeger-core/0.33.1/jaeger-core-0.33.1.jar:/home/user/.m2/repository/io/jaegertracing/jaeger-tracerresolver/0.33.1/jaeger-tracerresolver-0.33.1.jar:/home/user/.m2/repository/io/opentracing/contrib/opentracing-tracerresolver/0.1.5/opentracing-tracerresolver-0.1.5.jar:/home/user/.m2/repository/io/opentracing/opentracing-util/0.31.0/opentracing-util-0.31.0.jar:/home/user/.m2/repository/io/opentracing/opentracing-api/0.31.0/opentracing-api-0.31.0.jar:/home/user/.m2/repository/io/opentracing/opentracing-noop/0.31.0/opentracing-noop-0.31.0.jar:/home/user/.m2/repository/org/apache/hadoop/hadoop-hdds-server-framework/0.5.0-SNAPSHOT/hadoop-hdds-server-framework-0.5.0-SNAPSHOT.jar:/home/user/.m2/repository/org/apache/hadoop/hadoop-hdds-container-service/0.5.0-SNAPSHOT/hadoop-hdds-container-service-0.5.0-SNAPSHOT.jar:/home/user/.m2/repository/org/apache/hadoop/hadoop-hdds-client/0.5.0-SNAPSHOT/hadoop-hdds-client-0.5.0-SNAPSHOT.jar:/home/user/.m2/repository/org/apache/hadoop/hadoop-hdds-tools/0.5.0-SNAPSHOT/hadoop-hdds-tools-0.5.0-SNAPSHOT.jar:/home/user/.m2/repository/org/apache/hadoop/hadoop-hdds-server-scm/0.5.0-SNAPSHOT/hadoop-hdds-server-scm-0.5.0-SNAPSHOT.jar:/home/user/.m2/repository/org/apache/hadoop/hadoop-hdds-docs/0.5.0-SNAPSHOT/hadoop-hdds-docs-0.5.0-SNAPSHOT.jar:/home/user/.m2/repository/io/dropwizard/metrics/metrics-core/3.2.4/metrics-core-3.2.4.jar:/home/user/.m2/repository/org/hamcrest/hamcrest-all/1.3/hamcrest-all-1.3.jar:/home/user/.m2/repository/org/bouncycastle/bcprov-jdk15on/1.60/bcprov-jdk15on-1.60.jar:/home/user/.m2/repository/info/picocli/picocli/3.9.6/picocli-3.9.6.jar:/home/user/.m2/repository/com/google/protobuf/protobuf-java/2.5.0/protobuf-java-2.5.0.jar:/home/user/.m2/repository/com/google/guava/guava/11.0.2/guava-11.0.2.jar:/home/user/.m2/repository/org/apache/hadoop/hadoop-ozone-ozone-manager/0.5.0-SNAPSHOT/hadoop-ozone-ozone-manager-0.5.0-SNAPSHOT.jar:/home/user/.m2/repository/org/apache/hadoop/hadoop-minikdc/3.2.0/hadoop-minikdc-3.2.0.jar:/home/user/.m2/repository/commons-io/commons-io/2.5/commons-io-2.5.jar:/home/user/.m2/repository/org/apache/kerby/kerb-simplekdc/1.0.1/kerb-simplekdc-1.0.1.jar:/home/user/.m2/repository/org/apache/kerby/kerb-client/1.0.1/kerb-client-1.0.1.jar:/home/user/.m2/repository/org/apache/kerby/kerby-config/1.0.1/kerby-config-1.0.1.jar:/home/user/.m2/repository/org/apache/kerby/kerb-core/1.0.1/kerb-core-1.0.1.jar:/home/user/.m2/repository/org/apache/kerby/kerby-pkix/1.0.1/kerby-pkix-1.0.1.jar:/home/user/.m2/repository/org/apache/kerby/kerby-asn1/1.0.1/kerby-asn1-1.0.1.jar:/home/user/.m2/repository/org/apache/kerby/kerby-util/1.0.1/kerby-util-1.0.1.jar:/home/user/.m2/repository/org/apache/kerby/kerb-common/1.0.1/kerb-common-1.0.1.jar:/home/user/.m2/repository/org/apache/kerby/kerb-crypto/1.0.1/kerb-crypto-1.0.1.jar:/home/user/.m2/repository/org/apache/kerby/kerb-util/1.0.1/kerb-util-1.0.1.jar:/home/user/.m2/repository/org/apache/kerby/token-provider/1.0.1/token-provider-1.0.1.jar:/home/user/.m2/repository/org/apache/kerby/kerb-admin/1.0.1/kerb-admin-1.0.1.jar:/home/user/.m2/repository/org/apache/kerby/kerb-server/1.0.1/kerb-server-1.0.1.jar:/home/user/.m2/repository/org/apache/kerby/kerb-identity/1.0.1/kerb-identity-1.0.1.jar:/home/user/.m2/repository/org/apache/kerby/kerby-xdr/1.0.1/kerby-xdr-1.0.1.jar:/home/user/.m2/repository/org/slf4j/slf4j-log4j12/1.7.25/slf4j-log4j12-1.7.25.jar:/home/user/.m2/repository/org/apache/hadoop/hadoop-ozone-objectstore-service/0.5.0-SNAPSHOT/hadoop-ozone-objectstore-service-0.5.0-SNAPSHOT.jar:/home/user/.m2/repository/org/apache/hadoop/hadoop-ozone-s3gateway/0.5.0-SNAPSHOT/hadoop-ozone-s3gateway-0.5.0-SNAPSHOT.jar:/home/user/.m2/repository/org/jboss/weld/servlet/weld-servlet/2.4.7.Final/weld-servlet-2.4.7.Final.jar:/home/user/.m2/repository/org/glassfish/jersey/containers/jersey-container-servlet-core/2.27/jersey-container-servlet-core-2.27.jar:/home/user/.m2/repository/org/glassfish/hk2/external/javax.inject/2.5.0-b42/javax.inject-2.5.0-b42.jar:/home/user/.m2/repository/org/glassfish/jersey/core/jersey-common/2.27/jersey-common-2.27.jar:/home/user/.m2/repository/org/glassfish/hk2/osgi-resource-locator/1.0.1/osgi-resource-locator-1.0.1.jar:/home/user/.m2/repository/javax/ws/rs/javax.ws.rs-api/2.1/javax.ws.rs-api-2.1.jar:/home/user/.m2/repository/org/glassfish/jersey/ext/cdi/jersey-cdi1x/2.27/jersey-cdi1x-2.27.jar:/home/user/.m2/repository/org/glassfish/jersey/inject/jersey-hk2/2.27/jersey-hk2-2.27.jar:/home/user/.m2/repository/org/glassfish/hk2/hk2-locator/2.5.0-b42/hk2-locator-2.5.0-b42.jar:/home/user/.m2/repository/org/javassist/javassist/3.22.0-CR2/javassist-3.22.0-CR2.jar:/home/user/.m2/repository/org/glassfish/hk2/hk2-api/2.5.0/hk2-api-2.5.0.jar:/home/user/.m2/repository/org/glassfish/hk2/external/jakarta.inject/2.5.0/jakarta.inject-2.5.0.jar:/home/user/.m2/repository/org/glassfish/hk2/hk2-utils/2.5.0/hk2-utils-2.5.0.jar:/home/user/.m2/repository/jakarta/annotation/jakarta.annotation-api/1.3.4/jakarta.annotation-api-1.3.4.jar:/home/user/.m2/repository/org/glassfish/hk2/external/aopalliance-repackaged/2.5.0/aopalliance-repackaged-2.5.0.jar:/home/user/.m2/repository/com/fasterxml/jackson/dataformat/jackson-dataformat-xml/2.9.0/jackson-dataformat-xml-2.9.0.jar:/home/user/.m2/repository/com/fasterxml/jackson/core/jackson-core/2.9.5/jackson-core-2.9.5.jar:/home/user/.m2/repository/com/fasterxml/jackson/module/jackson-module-jaxb-annotations/2.9.5/jackson-module-jaxb-annotations-2.9.5.jar:/home/user/.m2/repository/javax/enterprise/cdi-api/1.2/cdi-api-1.2.jar:/home/user/.m2/repository/javax/el/javax.el-api/3.0.0/javax.el-api-3.0.0.jar:/home/user/.m2/repository/javax/interceptor/javax.interceptor-api/1.2/javax.interceptor-api-1.2.jar:/home/user/.m2/repository/javax/inject/javax.inject/1/javax.inject-1.jar:/home/user/.m2/repository/com/sun/xml/bind/jaxb-impl/2.3.0.1/jaxb-impl-2.3.0.1.jar:/home/user/.m2/repository/com/sun/xml/bind/jaxb-core/2.3.0.1/jaxb-core-2.3.0.1.jar:/home/user/.m2/repository/javax/xml/bind/jaxb-api/2.3.0/jaxb-api-2.3.0.jar:/home/user/.m2/repository/javax/activation/activation/1.1.1/activation-1.1.1.jar:/home/user/.m2/repository/org/apache/hadoop/hadoop-ozone-csi/0.5.0-SNAPSHOT/hadoop-ozone-csi-0.5.0-SNAPSHOT.jar:/home/user/.m2/repository/com/google/protobuf/protobuf-java-util/3.5.1/protobuf-java-util-3.5.1.jar:/home/user/.m2/repository/org/apache/hadoop/hadoop-hdds-config/0.5.0-SNAPSHOT/hadoop-hdds-config-0.5.0-SNAPSHOT.jar:/home/user/.m2/repository/io/grpc/grpc-netty/1.17.1/grpc-netty-1.17.1.jar:/home/user/.m2/repository/io/grpc/grpc-core/1.17.1/grpc-core-1.17.1.jar:/home/user/.m2/repository/io/grpc/grpc-context/1.17.1/grpc-context-1.17.1.jar:/home/user/.m2/repository/com/google/errorprone/error_prone_annotations/2.2.0/error_prone_annotations-2.2.0.jar:/home/user/.m2/repository/org/codehaus/mojo/animal-sniffer-annotations/1.17/animal-sniffer-annotations-1.17.jar:/home/user/.m2/repository/io/opencensus/opencensus-api/0.17.0/opencensus-api-0.17.0.jar:/home/user/.m2/repository/io/opencensus/opencensus-contrib-grpc-metrics/0.17.0/opencensus-contrib-grpc-metrics-0.17.0.jar:/home/user/.m2/repository/io/netty/netty-codec-http2/4.1.30.Final/netty-codec-http2-4.1.30.Final.jar:/home/user/.m2/repository/io/netty/netty-codec-http/4.1.30.Final/netty-codec-http-4.1.30.Final.jar:/home/user/.m2/repository/io/netty/netty-codec/4.1.30.Final/netty-codec-4.1.30.Final.jar:/home/user/.m2/repository/io/netty/netty-handler/4.1.30.Final/netty-handler-4.1.30.Final.jar:/home/user/.m2/repository/io/netty/netty-handler-proxy/4.1.30.Final/netty-handler-proxy-4.1.30.Final.jar:/home/user/.m2/repository/io/netty/netty-codec-socks/4.1.30.Final/netty-codec-socks-4.1.30.Final.jar:/home/user/.m2/repository/io/netty/netty-transport-native-epoll/4.1.30.Final/netty-transport-native-epoll-4.1.30.Final.jar:/home/user/.m2/repository/io/netty/netty-common/4.1.30.Final/netty-common-4.1.30.Final.jar:/home/user/.m2/repository/io/netty/netty-buffer/4.1.30.Final/netty-buffer-4.1.30.Final.jar:/home/user/.m2/repository/io/netty/netty-transport/4.1.30.Final/netty-transport-4.1.30.Final.jar:/home/user/.m2/repository/io/netty/netty-resolver/4.1.30.Final/netty-resolver-4.1.30.Final.jar:/home/user/.m2/repository/io/netty/netty-transport-native-unix-common/4.1.30.Final/netty-transport-native-unix-common-4.1.30.Final.jar:/home/user/.m2/repository/io/grpc/grpc-protobuf/1.17.1/grpc-protobuf-1.17.1.jar:/home/user/.m2/repository/com/google/api/grpc/proto-google-common-protos/1.0.0/proto-google-common-protos-1.0.0.jar:/home/user/.m2/repository/io/grpc/grpc-protobuf-lite/1.17.1/grpc-protobuf-lite-1.17.1.jar:/home/user/.m2/repository/io/grpc/grpc-stub/1.17.1/grpc-stub-1.17.1.jar:/home/user/.m2/repository/org/apache/hadoop/hadoop-ozone-recon/0.5.0-SNAPSHOT/hadoop-ozone-recon-0.5.0-SNAPSHOT.jar:/home/user/.m2/repository/org/apache/hadoop/hadoop-ozone-reconcodegen/0.5.0-SNAPSHOT/hadoop-ozone-reconcodegen-0.5.0-SNAPSHOT.jar:/home/user/.m2/repository/com/google/inject/extensions/guice-multibindings/4.0/guice-multibindings-4.0.jar:/home/user/.m2/repository/com/google/inject/guice/4.0/guice-4.0.jar:/home/user/.m2/repository/aopalliance/aopalliance/1.0/aopalliance-1.0.jar:/home/user/.m2/repository/com/google/inject/extensions/guice-servlet/4.0/guice-servlet-4.0.jar:/home/user/.m2/repository/org/glassfish/jersey/containers/jersey-container-servlet/2.27/jersey-container-servlet-2.27.jar:/home/user/.m2/repository/org/glassfish/hk2/guice-bridge/2.5.0/guice-bridge-2.5.0.jar:/home/user/.m2/repository/org/glassfish/jersey/core/jersey-server/2.27/jersey-server-2.27.jar:/home/user/.m2/repository/org/glassfish/jersey/core/jersey-client/2.27/jersey-client-2.27.jar:/home/user/.m2/repository/org/glassfish/jersey/media/jersey-media-jaxb/2.27/jersey-media-jaxb-2.27.jar:/home/user/.m2/repository/javax/validation/validation-api/1.1.0.Final/validation-api-1.1.0.Final.jar:/home/user/.m2/repository/org/glassfish/jersey/media/jersey-media-json-jackson/2.27/jersey-media-json-jackson-2.27.jar:/home/user/.m2/repository/org/glassfish/jersey/ext/jersey-entity-filtering/2.27/jersey-entity-filtering-2.27.jar:/home/user/.m2/repository/com/google/inject/extensions/guice-assistedinject/4.0/guice-assistedinject-4.0.jar:/home/user/.m2/repository/org/jooq/jooq/3.11.10/jooq-3.11.10.jar:/home/user/.m2/repository/org/jooq/jooq-meta/3.11.10/jooq-meta-3.11.10.jar:/home/user/.m2/repository/org/jooq/jooq-codegen/3.11.10/jooq-codegen-3.11.10.jar:/home/user/.m2/repository/com/jolbox/bonecp/0.8.0.RELEASE/bonecp-0.8.0.RELEASE.jar:/home/user/.m2/repository/org/xerial/sqlite-jdbc/3.25.2/sqlite-jdbc-3.25.2.jar:/home/user/.m2/repository/org/springframework/spring-jdbc/5.1.3.RELEASE/spring-jdbc-5.1.3.RELEASE.jar:/home/user/.m2/repository/org/springframework/spring-beans/5.1.3.RELEASE/spring-beans-5.1.3.RELEASE.jar:/home/user/.m2/repository/org/springframework/spring-core/5.1.3.RELEASE/spring-core-5.1.3.RELEASE.jar:/home/user/.m2/repository/org/springframework/spring-jcl/5.1.3.RELEASE/spring-jcl-5.1.3.RELEASE.jar:/home/user/.m2/repository/org/springframework/spring-tx/5.1.3.RELEASE/spring-tx-5.1.3.RELEASE.jar:/home/user/.m2/repository/org/apache/hadoop/hadoop-ozone-client/0.5.0-SNAPSHOT/hadoop-ozone-client-0.5.0-SNAPSHOT.jar:/home/user/.m2/repository/commons-lang/commons-lang/2.6/commons-lang-2.6.jar:/home/user/.m2/repository/org/apache/hadoop/hadoop-ozone-ozone-manager/0.5.0-SNAPSHOT/hadoop-ozone-ozone-manager-0.5.0-SNAPSHOT-tests.jar:/home/user/.m2/repository/junit/junit/4.11/junit-4.11.jar:/home/user/.m2/repository/org/hamcrest/hamcrest-core/1.3/hamcrest-core-1.3.jar:/home/user/.m2/repository/org/openjdk/jmh/jmh-core/1.19/jmh-core-1.19.jar:/home/user/.m2/repository/net/sf/jopt-simple/jopt-simple/4.6/jopt-simple-4.6.jar:/home/user/.m2/repository/org/apache/commons/commons-math3/3.1.1/commons-math3-3.1.1.jar:/home/user/.m2/repository/org/openjdk/jmh/jmh-generator-annprocess/1.19/jmh-generator-annprocess-1.19.jar:/home/user/.m2/repository/org/mockito/mockito-all/1.8.5/mockito-all-1.8.5.jar:/home/user/.m2/repository/org/apache/hadoop/hadoop-kms/3.2.0/hadoop-kms-3.2.0.jar:/home/user/.m2/repository/org/apache/hadoop/hadoop-auth/3.2.0/hadoop-auth-3.2.0.jar:/home/user/.m2/repository/com/nimbusds/nimbus-jose-jwt/4.41.1/nimbus-jose-jwt-4.41.1.jar:/home/user/.m2/repository/com/github/stephenc/jcip/jcip-annotations/1.0-1/jcip-annotations-1.0-1.jar:/home/user/.m2/repository/net/minidev/json-smart/2.3/json-smart-2.3.jar:/home/user/.m2/repository/net/minidev/accessors-smart/1.2/accessors-smart-1.2.jar:/home/user/.m2/repository/org/ow2/asm/asm/5.0.4/asm-5.0.4.jar:/home/user/.m2/repository/org/apache/curator/curator-framework/2.12.0/curator-framework-2.12.0.jar:/home/user/.m2/repository/com/sun/jersey/jersey-core/1.19/jersey-core-1.19.jar:/home/user/.m2/repository/javax/ws/rs/jsr311-api/1.1.1/jsr311-api-1.1.1.jar:/home/user/.m2/repository/com/sun/jersey/jersey-server/1.19/jersey-server-1.19.jar:/home/user/.m2/repository/javax/servlet/javax.servlet-api/3.1.0/javax.servlet-api-3.1.0.jar:/home/user/.m2/repository/org/eclipse/jetty/jetty-server/9.3.24.v20180605/jetty-server-9.3.24.v20180605.jar:/home/user/.m2/repository/org/eclipse/jetty/jetty-http/9.3.24.v20180605/jetty-http-9.3.24.v20180605.jar:/home/user/.m2/repository/org/eclipse/jetty/jetty-io/9.3.24.v20180605/jetty-io-9.3.24.v20180605.jar:/home/user/.m2/repository/org/eclipse/jetty/jetty-webapp/9.3.24.v20180605/jetty-webapp-9.3.24.v20180605.jar:/home/user/.m2/repository/org/eclipse/jetty/jetty-xml/9.3.24.v20180605/jetty-xml-9.3.24.v20180605.jar:/home/user/.m2/repository/log4j/log4j/1.2.17/log4j-1.2.17.jar:/home/user/.m2/repository/org/slf4j/slf4j-api/1.7.25/slf4j-api-1.7.25.jar:/home/user/.m2/repository/org/slf4j/jul-to-slf4j/1.7.25/jul-to-slf4j-1.7.25.jar:/home/user/.m2/repository/org/eclipse/jetty/jetty-util/9.3.24.v20180605/jetty-util-9.3.24.v20180605.jar:/home/user/.m2/repository/com/fasterxml/jackson/core/jackson-databind/2.9.5/jackson-databind-2.9.5.jar:/home/user/.m2/repository/org/apache/hadoop/hadoop-kms/3.2.0/hadoop-kms-3.2.0-tests.jar:/home/user/.m2/repository/org/apache/hadoop/hadoop-hdds-server-scm/0.5.0-SNAPSHOT/hadoop-hdds-server-scm-0.5.0-SNAPSHOT-tests.jar:/home/user/.m2/repository/org/apache/hadoop/hadoop-hdds-container-service/0.5.0-SNAPSHOT/hadoop-hdds-container-service-0.5.0-SNAPSHOT-tests.jar:/home/user/.m2/repository/org/yaml/snakeyaml/1.16/snakeyaml-1.16.jar:/home/user/.m2/repository/org/apache/hadoop/hadoop-common/3.2.0/hadoop-common-3.2.0-tests.jar:/home/user/.m2/repository/org/apache/hadoop/hadoop-annotations/3.2.0/hadoop-annotations-3.2.0.jar:/usr/lib/jvm/java-1.8-openjdk/jre/../lib/tools.jar:/home/user/.m2/repository/commons-cli/commons-cli/1.2/commons-cli-1.2.jar:/home/user/.m2/repository/org/apache/httpcomponents/httpclient/4.5.2/httpclient-4.5.2.jar:/home/user/.m2/repository/org/apache/httpcomponents/httpcore/4.4.4/httpcore-4.4.4.jar:/home/user/.m2/repository/commons-codec/commons-codec/1.11/commons-codec-1.11.jar:/home/user/.m2/repository/commons-net/commons-net/3.6/commons-net-3.6.jar:/home/user/.m2/repository/commons-collections/commons-collections/3.2.2/commons-collections-3.2.2.jar:/home/user/.m2/repository/org/eclipse/jetty/jetty-servlet/9.3.24.v20180605/jetty-servlet-9.3.24.v20180605.jar:/home/user/.m2/repository/org/eclipse/jetty/jetty-security/9.3.24.v20180605/jetty-security-9.3.24.v20180605.jar:/home/user/.m2/repository/javax/servlet/jsp/jsp-api/2.1/jsp-api-2.1.jar:/home/user/.m2/repository/com/sun/jersey/jersey-servlet/1.19/jersey-servlet-1.19.jar:/home/user/.m2/repository/com/sun/jersey/jersey-json/1.19/jersey-json-1.19.jar:/home/user/.m2/repository/org/codehaus/jettison/jettison/1.1/jettison-1.1.jar:/home/user/.m2/repository/org/codehaus/jackson/jackson-core-asl/1.9.13/jackson-core-asl-1.9.13.jar:/home/user/.m2/repository/org/codehaus/jackson/jackson-mapper-asl/1.9.13/jackson-mapper-asl-1.9.13.jar:/home/user/.m2/repository/org/codehaus/jackson/jackson-jaxrs/1.9.13/jackson-jaxrs-1.9.13.jar:/home/user/.m2/repository/org/codehaus/jackson/jackson-xc/1.9.13/jackson-xc-1.9.13.jar:/home/user/.m2/repository/commons-logging/commons-logging/1.1.3/commons-logging-1.1.3.jar:/home/user/.m2/repository/commons-beanutils/commons-beanutils/1.9.3/commons-beanutils-1.9.3.jar:/home/user/.m2/repository/org/apache/commons/commons-configuration2/2.1.1/commons-configuration2-2.1.1.jar:/home/user/.m2/repository/org/apache/commons/commons-lang3/3.7/commons-lang3-3.7.jar:/home/user/.m2/repository/org/apache/commons/commons-text/1.4/commons-text-1.4.jar:/home/user/.m2/repository/org/apache/avro/avro/1.7.7/avro-1.7.7.jar:/home/user/.m2/repository/com/thoughtworks/paranamer/paranamer/2.3/paranamer-2.3.jar:/home/user/.m2/repository/org/xerial/snappy/snappy-java/1.0.5/snappy-java-1.0.5.jar:/home/user/.m2/repository/com/google/re2j/re2j/1.1/re2j-1.1.jar:/home/user/.m2/repository/com/google/code/gson/gson/2.2.4/gson-2.2.4.jar:/home/user/.m2/repository/com/jcraft/jsch/0.1.54/jsch-0.1.54.jar:/home/user/.m2/repository/org/apache/curator/curator-client/2.12.0/curator-client-2.12.0.jar:/home/user/.m2/repository/org/apache/curator/curator-recipes/2.12.0/curator-recipes-2.12.0.jar:/home/user/.m2/repository/com/google/code/findbugs/jsr305/3.0.0/jsr305-3.0.0.jar:/home/user/.m2/repository/org/apache/htrace/htrace-core4/4.1.0-incubating/htrace-core4-4.1.0-incubating.jar:/home/user/.m2/repository/org/apache/zookeeper/zookeeper/3.4.13/zookeeper-3.4.13.jar:/home/user/.m2/repository/org/apache/yetus/audience-annotations/0.5.0/audience-annotations-0.5.0.jar:/home/user/.m2/repository/org/codehaus/woodstox/stax2-api/3.1.4/stax2-api-3.1.4.jar:/home/user/.m2/repository/com/fasterxml/woodstox/woodstox-core/5.0.3/woodstox-core-5.0.3.jar:/home/user/.m2/repository/dnsjava/dnsjava/2.1.7/dnsjava-2.1.7.jar:/home/user/.m2/repository/org/apache/hadoop/hadoop-hdfs/3.2.0/hadoop-hdfs-3.2.0-tests.jar:/home/user/.m2/repository/org/eclipse/jetty/jetty-util-ajax/9.3.24.v20180605/jetty-util-ajax-9.3.24.v20180605.jar:/home/user/.m2/repository/commons-daemon/commons-daemon/1.0.13/commons-daemon-1.0.13.jar:/home/user/.m2/repository/io/netty/netty/3.10.5.Final/netty-3.10.5.Final.jar:/home/user/.m2/repository/io/netty/netty-all/4.0.52.Final/netty-all-4.0.52.Final.jar:/home/user/.m2/repository/org/fusesource/leveldbjni/leveldbjni-all/1.8/leveldbjni-all-1.8.jar:"/>
    <property name="java.vm.vendor" value="IcedTea"/>
    <property name="sun.arch.data.model" value="64"/>
    <property name="test.build.dir" value="/workdir/hadoop-ozone/integration-test/target/test-dir"/>
    <property name="test.cache.data" value=""/>
    <property name="java.vendor.url" value="https://icedtea.classpath.org"/>
    <property name="user.timezone" value=""/>
    <property name="java.vm.specification.version" value="1.8"/>
    <property name="os.name" value="Linux"/>
    <property name="test.build.data" value="/workdir/hadoop-ozone/integration-test/target/test-dir"/>
    <property name="user.country" value="US"/>
    <property name="sun.java.launcher" value="SUN_STANDARD"/>
    <property name="sun.boot.library.path" value="/usr/lib/jvm/java-1.8-openjdk/jre/lib/amd64"/>
    <property name="sun.java.command" value="/workdir/hadoop-ozone/integration-test/target/surefire/surefirebooter2291232721336078369.jar /workdir/hadoop-ozone/integration-test/target/surefire 2019-09-19T11-05-02_939-jvmRun1 surefire9059534929717014265tmp surefire_403756647281963039118tmp"/>
    <property name="test" value="!TestMiniChaosOzoneCluster"/>
    <property name="surefire.test.class.path" value="/workdir/hadoop-ozone/integration-test/target/test-classes:/workdir/hadoop-ozone/integration-test/target/classes:/home/user/.m2/repository/org/apache/hadoop/hadoop-ozone-common/0.5.0-SNAPSHOT/hadoop-ozone-common-0.5.0-SNAPSHOT.jar:/home/user/.m2/repository/org/apache/commons/commons-compress/1.4.1/commons-compress-1.4.1.jar:/home/user/.m2/repository/org/tukaani/xz/1.0/xz-1.0.jar:/home/user/.m2/repository/org/apache/hadoop/hadoop-common/3.2.0/hadoop-common-3.2.0.jar:/home/user/.m2/repository/org/apache/hadoop/hadoop-hdfs/3.2.0/hadoop-hdfs-3.2.0.jar:/home/user/.m2/repository/org/apache/hadoop/hadoop-hdfs-client/3.2.0/hadoop-hdfs-client-3.2.0.jar:/home/user/.m2/repository/com/fasterxml/jackson/core/jackson-annotations/2.9.5/jackson-annotations-2.9.5.jar:/home/user/.m2/repository/org/apache/hadoop/hadoop-hdds-common/0.5.0-SNAPSHOT/hadoop-hdds-common-0.5.0-SNAPSHOT.jar:/home/user/.m2/repository/javax/annotation/javax.annotation-api/1.2/javax.annotation-api-1.2.jar:/home/user/.m2/repository/org/apache/ratis/ratis-server/0.4.0-2337318-SNAPSHOT/ratis-server-0.4.0-2337318-SNAPSHOT.jar:/home/user/.m2/repository/org/apache/ratis/ratis-thirdparty-misc/0.2.0/ratis-thirdparty-misc-0.2.0.jar:/home/user/.m2/repository/org/apache/ratis/ratis-proto/0.4.0-2337318-SNAPSHOT/ratis-proto-0.4.0-2337318-SNAPSHOT.jar:/home/user/.m2/repository/org/apache/ratis/ratis-common/0.4.0-2337318-SNAPSHOT/ratis-common-0.4.0-2337318-SNAPSHOT.jar:/home/user/.m2/repository/org/apache/ratis/ratis-client/0.4.0-2337318-SNAPSHOT/ratis-client-0.4.0-2337318-SNAPSHOT.jar:/home/user/.m2/repository/org/apache/ratis/ratis-metrics/0.4.0-2337318-SNAPSHOT/ratis-metrics-0.4.0-2337318-SNAPSHOT.jar:/home/user/.m2/repository/org/apache/ratis/ratis-netty/0.4.0-2337318-SNAPSHOT/ratis-netty-0.4.0-2337318-SNAPSHOT.jar:/home/user/.m2/repository/org/apache/ratis/ratis-grpc/0.4.0-2337318-SNAPSHOT/ratis-grpc-0.4.0-2337318-SNAPSHOT.jar:/home/user/.m2/repository/org/rocksdb/rocksdbjni/6.0.1/rocksdbjni-6.0.1.jar:/home/user/.m2/repository/org/apache/logging/log4j/log4j-api/2.11.0/log4j-api-2.11.0.jar:/home/user/.m2/repository/org/apache/logging/log4j/log4j-core/2.11.0/log4j-core-2.11.0.jar:/home/user/.m2/repository/com/lmax/disruptor/3.4.2/disruptor-3.4.2.jar:/home/user/.m2/repository/org/apache/commons/commons-pool2/2.6.0/commons-pool2-2.6.0.jar:/home/user/.m2/repository/org/bouncycastle/bcpkix-jdk15on/1.60/bcpkix-jdk15on-1.60.jar:/home/user/.m2/repository/commons-validator/commons-validator/1.6/commons-validator-1.6.jar:/home/user/.m2/repository/commons-digester/commons-digester/1.8.1/commons-digester-1.8.1.jar:/home/user/.m2/repository/io/jaegertracing/jaeger-client/0.33.1/jaeger-client-0.33.1.jar:/home/user/.m2/repository/io/jaegertracing/jaeger-thrift/0.33.1/jaeger-thrift-0.33.1.jar:/home/user/.m2/repository/org/apache/thrift/libthrift/0.11.0/libthrift-0.11.0.jar:/home/user/.m2/repository/com/squareup/okhttp3/okhttp/3.9.0/okhttp-3.9.0.jar:/home/user/.m2/repository/com/squareup/okio/okio/1.13.0/okio-1.13.0.jar:/home/user/.m2/repository/io/jaegertracing/jaeger-core/0.33.1/jaeger-core-0.33.1.jar:/home/user/.m2/repository/io/jaegertracing/jaeger-tracerresolver/0.33.1/jaeger-tracerresolver-0.33.1.jar:/home/user/.m2/repository/io/opentracing/contrib/opentracing-tracerresolver/0.1.5/opentracing-tracerresolver-0.1.5.jar:/home/user/.m2/repository/io/opentracing/opentracing-util/0.31.0/opentracing-util-0.31.0.jar:/home/user/.m2/repository/io/opentracing/opentracing-api/0.31.0/opentracing-api-0.31.0.jar:/home/user/.m2/repository/io/opentracing/opentracing-noop/0.31.0/opentracing-noop-0.31.0.jar:/home/user/.m2/repository/org/apache/hadoop/hadoop-hdds-server-framework/0.5.0-SNAPSHOT/hadoop-hdds-server-framework-0.5.0-SNAPSHOT.jar:/home/user/.m2/repository/org/apache/hadoop/hadoop-hdds-container-service/0.5.0-SNAPSHOT/hadoop-hdds-container-service-0.5.0-SNAPSHOT.jar:/home/user/.m2/repository/org/apache/hadoop/hadoop-hdds-client/0.5.0-SNAPSHOT/hadoop-hdds-client-0.5.0-SNAPSHOT.jar:/home/user/.m2/repository/org/apache/hadoop/hadoop-hdds-tools/0.5.0-SNAPSHOT/hadoop-hdds-tools-0.5.0-SNAPSHOT.jar:/home/user/.m2/repository/org/apache/hadoop/hadoop-hdds-server-scm/0.5.0-SNAPSHOT/hadoop-hdds-server-scm-0.5.0-SNAPSHOT.jar:/home/user/.m2/repository/org/apache/hadoop/hadoop-hdds-docs/0.5.0-SNAPSHOT/hadoop-hdds-docs-0.5.0-SNAPSHOT.jar:/home/user/.m2/repository/io/dropwizard/metrics/metrics-core/3.2.4/metrics-core-3.2.4.jar:/home/user/.m2/repository/org/hamcrest/hamcrest-all/1.3/hamcrest-all-1.3.jar:/home/user/.m2/repository/org/bouncycastle/bcprov-jdk15on/1.60/bcprov-jdk15on-1.60.jar:/home/user/.m2/repository/info/picocli/picocli/3.9.6/picocli-3.9.6.jar:/home/user/.m2/repository/com/google/protobuf/protobuf-java/2.5.0/protobuf-java-2.5.0.jar:/home/user/.m2/repository/com/google/guava/guava/11.0.2/guava-11.0.2.jar:/home/user/.m2/repository/org/apache/hadoop/hadoop-ozone-ozone-manager/0.5.0-SNAPSHOT/hadoop-ozone-ozone-manager-0.5.0-SNAPSHOT.jar:/home/user/.m2/repository/org/apache/hadoop/hadoop-minikdc/3.2.0/hadoop-minikdc-3.2.0.jar:/home/user/.m2/repository/commons-io/commons-io/2.5/commons-io-2.5.jar:/home/user/.m2/repository/org/apache/kerby/kerb-simplekdc/1.0.1/kerb-simplekdc-1.0.1.jar:/home/user/.m2/repository/org/apache/kerby/kerb-client/1.0.1/kerb-client-1.0.1.jar:/home/user/.m2/repository/org/apache/kerby/kerby-config/1.0.1/kerby-config-1.0.1.jar:/home/user/.m2/repository/org/apache/kerby/kerb-core/1.0.1/kerb-core-1.0.1.jar:/home/user/.m2/repository/org/apache/kerby/kerby-pkix/1.0.1/kerby-pkix-1.0.1.jar:/home/user/.m2/repository/org/apache/kerby/kerby-asn1/1.0.1/kerby-asn1-1.0.1.jar:/home/user/.m2/repository/org/apache/kerby/kerby-util/1.0.1/kerby-util-1.0.1.jar:/home/user/.m2/repository/org/apache/kerby/kerb-common/1.0.1/kerb-common-1.0.1.jar:/home/user/.m2/repository/org/apache/kerby/kerb-crypto/1.0.1/kerb-crypto-1.0.1.jar:/home/user/.m2/repository/org/apache/kerby/kerb-util/1.0.1/kerb-util-1.0.1.jar:/home/user/.m2/repository/org/apache/kerby/token-provider/1.0.1/token-provider-1.0.1.jar:/home/user/.m2/repository/org/apache/kerby/kerb-admin/1.0.1/kerb-admin-1.0.1.jar:/home/user/.m2/repository/org/apache/kerby/kerb-server/1.0.1/kerb-server-1.0.1.jar:/home/user/.m2/repository/org/apache/kerby/kerb-identity/1.0.1/kerb-identity-1.0.1.jar:/home/user/.m2/repository/org/apache/kerby/kerby-xdr/1.0.1/kerby-xdr-1.0.1.jar:/home/user/.m2/repository/org/slf4j/slf4j-log4j12/1.7.25/slf4j-log4j12-1.7.25.jar:/home/user/.m2/repository/org/apache/hadoop/hadoop-ozone-objectstore-service/0.5.0-SNAPSHOT/hadoop-ozone-objectstore-service-0.5.0-SNAPSHOT.jar:/home/user/.m2/repository/org/apache/hadoop/hadoop-ozone-s3gateway/0.5.0-SNAPSHOT/hadoop-ozone-s3gateway-0.5.0-SNAPSHOT.jar:/home/user/.m2/repository/org/jboss/weld/servlet/weld-servlet/2.4.7.Final/weld-servlet-2.4.7.Final.jar:/home/user/.m2/repository/org/glassfish/jersey/containers/jersey-container-servlet-core/2.27/jersey-container-servlet-core-2.27.jar:/home/user/.m2/repository/org/glassfish/hk2/external/javax.inject/2.5.0-b42/javax.inject-2.5.0-b42.jar:/home/user/.m2/repository/org/glassfish/jersey/core/jersey-common/2.27/jersey-common-2.27.jar:/home/user/.m2/repository/org/glassfish/hk2/osgi-resource-locator/1.0.1/osgi-resource-locator-1.0.1.jar:/home/user/.m2/repository/javax/ws/rs/javax.ws.rs-api/2.1/javax.ws.rs-api-2.1.jar:/home/user/.m2/repository/org/glassfish/jersey/ext/cdi/jersey-cdi1x/2.27/jersey-cdi1x-2.27.jar:/home/user/.m2/repository/org/glassfish/jersey/inject/jersey-hk2/2.27/jersey-hk2-2.27.jar:/home/user/.m2/repository/org/glassfish/hk2/hk2-locator/2.5.0-b42/hk2-locator-2.5.0-b42.jar:/home/user/.m2/repository/org/javassist/javassist/3.22.0-CR2/javassist-3.22.0-CR2.jar:/home/user/.m2/repository/org/glassfish/hk2/hk2-api/2.5.0/hk2-api-2.5.0.jar:/home/user/.m2/repository/org/glassfish/hk2/external/jakarta.inject/2.5.0/jakarta.inject-2.5.0.jar:/home/user/.m2/repository/org/glassfish/hk2/hk2-utils/2.5.0/hk2-utils-2.5.0.jar:/home/user/.m2/repository/jakarta/annotation/jakarta.annotation-api/1.3.4/jakarta.annotation-api-1.3.4.jar:/home/user/.m2/repository/org/glassfish/hk2/external/aopalliance-repackaged/2.5.0/aopalliance-repackaged-2.5.0.jar:/home/user/.m2/repository/com/fasterxml/jackson/dataformat/jackson-dataformat-xml/2.9.0/jackson-dataformat-xml-2.9.0.jar:/home/user/.m2/repository/com/fasterxml/jackson/core/jackson-core/2.9.5/jackson-core-2.9.5.jar:/home/user/.m2/repository/com/fasterxml/jackson/module/jackson-module-jaxb-annotations/2.9.5/jackson-module-jaxb-annotations-2.9.5.jar:/home/user/.m2/repository/javax/enterprise/cdi-api/1.2/cdi-api-1.2.jar:/home/user/.m2/repository/javax/el/javax.el-api/3.0.0/javax.el-api-3.0.0.jar:/home/user/.m2/repository/javax/interceptor/javax.interceptor-api/1.2/javax.interceptor-api-1.2.jar:/home/user/.m2/repository/javax/inject/javax.inject/1/javax.inject-1.jar:/home/user/.m2/repository/com/sun/xml/bind/jaxb-impl/2.3.0.1/jaxb-impl-2.3.0.1.jar:/home/user/.m2/repository/com/sun/xml/bind/jaxb-core/2.3.0.1/jaxb-core-2.3.0.1.jar:/home/user/.m2/repository/javax/xml/bind/jaxb-api/2.3.0/jaxb-api-2.3.0.jar:/home/user/.m2/repository/javax/activation/activation/1.1.1/activation-1.1.1.jar:/home/user/.m2/repository/org/apache/hadoop/hadoop-ozone-csi/0.5.0-SNAPSHOT/hadoop-ozone-csi-0.5.0-SNAPSHOT.jar:/home/user/.m2/repository/com/google/protobuf/protobuf-java-util/3.5.1/protobuf-java-util-3.5.1.jar:/home/user/.m2/repository/org/apache/hadoop/hadoop-hdds-config/0.5.0-SNAPSHOT/hadoop-hdds-config-0.5.0-SNAPSHOT.jar:/home/user/.m2/repository/io/grpc/grpc-netty/1.17.1/grpc-netty-1.17.1.jar:/home/user/.m2/repository/io/grpc/grpc-core/1.17.1/grpc-core-1.17.1.jar:/home/user/.m2/repository/io/grpc/grpc-context/1.17.1/grpc-context-1.17.1.jar:/home/user/.m2/repository/com/google/errorprone/error_prone_annotations/2.2.0/error_prone_annotations-2.2.0.jar:/home/user/.m2/repository/org/codehaus/mojo/animal-sniffer-annotations/1.17/animal-sniffer-annotations-1.17.jar:/home/user/.m2/repository/io/opencensus/opencensus-api/0.17.0/opencensus-api-0.17.0.jar:/home/user/.m2/repository/io/opencensus/opencensus-contrib-grpc-metrics/0.17.0/opencensus-contrib-grpc-metrics-0.17.0.jar:/home/user/.m2/repository/io/netty/netty-codec-http2/4.1.30.Final/netty-codec-http2-4.1.30.Final.jar:/home/user/.m2/repository/io/netty/netty-codec-http/4.1.30.Final/netty-codec-http-4.1.30.Final.jar:/home/user/.m2/repository/io/netty/netty-codec/4.1.30.Final/netty-codec-4.1.30.Final.jar:/home/user/.m2/repository/io/netty/netty-handler/4.1.30.Final/netty-handler-4.1.30.Final.jar:/home/user/.m2/repository/io/netty/netty-handler-proxy/4.1.30.Final/netty-handler-proxy-4.1.30.Final.jar:/home/user/.m2/repository/io/netty/netty-codec-socks/4.1.30.Final/netty-codec-socks-4.1.30.Final.jar:/home/user/.m2/repository/io/netty/netty-transport-native-epoll/4.1.30.Final/netty-transport-native-epoll-4.1.30.Final.jar:/home/user/.m2/repository/io/netty/netty-common/4.1.30.Final/netty-common-4.1.30.Final.jar:/home/user/.m2/repository/io/netty/netty-buffer/4.1.30.Final/netty-buffer-4.1.30.Final.jar:/home/user/.m2/repository/io/netty/netty-transport/4.1.30.Final/netty-transport-4.1.30.Final.jar:/home/user/.m2/repository/io/netty/netty-resolver/4.1.30.Final/netty-resolver-4.1.30.Final.jar:/home/user/.m2/repository/io/netty/netty-transport-native-unix-common/4.1.30.Final/netty-transport-native-unix-common-4.1.30.Final.jar:/home/user/.m2/repository/io/grpc/grpc-protobuf/1.17.1/grpc-protobuf-1.17.1.jar:/home/user/.m2/repository/com/google/api/grpc/proto-google-common-protos/1.0.0/proto-google-common-protos-1.0.0.jar:/home/user/.m2/repository/io/grpc/grpc-protobuf-lite/1.17.1/grpc-protobuf-lite-1.17.1.jar:/home/user/.m2/repository/io/grpc/grpc-stub/1.17.1/grpc-stub-1.17.1.jar:/home/user/.m2/repository/org/apache/hadoop/hadoop-ozone-recon/0.5.0-SNAPSHOT/hadoop-ozone-recon-0.5.0-SNAPSHOT.jar:/home/user/.m2/repository/org/apache/hadoop/hadoop-ozone-reconcodegen/0.5.0-SNAPSHOT/hadoop-ozone-reconcodegen-0.5.0-SNAPSHOT.jar:/home/user/.m2/repository/com/google/inject/extensions/guice-multibindings/4.0/guice-multibindings-4.0.jar:/home/user/.m2/repository/com/google/inject/guice/4.0/guice-4.0.jar:/home/user/.m2/repository/aopalliance/aopalliance/1.0/aopalliance-1.0.jar:/home/user/.m2/repository/com/google/inject/extensions/guice-servlet/4.0/guice-servlet-4.0.jar:/home/user/.m2/repository/org/glassfish/jersey/containers/jersey-container-servlet/2.27/jersey-container-servlet-2.27.jar:/home/user/.m2/repository/org/glassfish/hk2/guice-bridge/2.5.0/guice-bridge-2.5.0.jar:/home/user/.m2/repository/org/glassfish/jersey/core/jersey-server/2.27/jersey-server-2.27.jar:/home/user/.m2/repository/org/glassfish/jersey/core/jersey-client/2.27/jersey-client-2.27.jar:/home/user/.m2/repository/org/glassfish/jersey/media/jersey-media-jaxb/2.27/jersey-media-jaxb-2.27.jar:/home/user/.m2/repository/javax/validation/validation-api/1.1.0.Final/validation-api-1.1.0.Final.jar:/home/user/.m2/repository/org/glassfish/jersey/media/jersey-media-json-jackson/2.27/jersey-media-json-jackson-2.27.jar:/home/user/.m2/repository/org/glassfish/jersey/ext/jersey-entity-filtering/2.27/jersey-entity-filtering-2.27.jar:/home/user/.m2/repository/com/google/inject/extensions/guice-assistedinject/4.0/guice-assistedinject-4.0.jar:/home/user/.m2/repository/org/jooq/jooq/3.11.10/jooq-3.11.10.jar:/home/user/.m2/repository/org/jooq/jooq-meta/3.11.10/jooq-meta-3.11.10.jar:/home/user/.m2/repository/org/jooq/jooq-codegen/3.11.10/jooq-codegen-3.11.10.jar:/home/user/.m2/repository/com/jolbox/bonecp/0.8.0.RELEASE/bonecp-0.8.0.RELEASE.jar:/home/user/.m2/repository/org/xerial/sqlite-jdbc/3.25.2/sqlite-jdbc-3.25.2.jar:/home/user/.m2/repository/org/springframework/spring-jdbc/5.1.3.RELEASE/spring-jdbc-5.1.3.RELEASE.jar:/home/user/.m2/repository/org/springframework/spring-beans/5.1.3.RELEASE/spring-beans-5.1.3.RELEASE.jar:/home/user/.m2/repository/org/springframework/spring-core/5.1.3.RELEASE/spring-core-5.1.3.RELEASE.jar:/home/user/.m2/repository/org/springframework/spring-jcl/5.1.3.RELEASE/spring-jcl-5.1.3.RELEASE.jar:/home/user/.m2/repository/org/springframework/spring-tx/5.1.3.RELEASE/spring-tx-5.1.3.RELEASE.jar:/home/user/.m2/repository/org/apache/hadoop/hadoop-ozone-client/0.5.0-SNAPSHOT/hadoop-ozone-client-0.5.0-SNAPSHOT.jar:/home/user/.m2/repository/commons-lang/commons-lang/2.6/commons-lang-2.6.jar:/home/user/.m2/repository/org/apache/hadoop/hadoop-ozone-ozone-manager/0.5.0-SNAPSHOT/hadoop-ozone-ozone-manager-0.5.0-SNAPSHOT-tests.jar:/home/user/.m2/repository/junit/junit/4.11/junit-4.11.jar:/home/user/.m2/repository/org/hamcrest/hamcrest-core/1.3/hamcrest-core-1.3.jar:/home/user/.m2/repository/org/openjdk/jmh/jmh-core/1.19/jmh-core-1.19.jar:/home/user/.m2/repository/net/sf/jopt-simple/jopt-simple/4.6/jopt-simple-4.6.jar:/home/user/.m2/repository/org/apache/commons/commons-math3/3.1.1/commons-math3-3.1.1.jar:/home/user/.m2/repository/org/openjdk/jmh/jmh-generator-annprocess/1.19/jmh-generator-annprocess-1.19.jar:/home/user/.m2/repository/org/mockito/mockito-all/1.8.5/mockito-all-1.8.5.jar:/home/user/.m2/repository/org/apache/hadoop/hadoop-kms/3.2.0/hadoop-kms-3.2.0.jar:/home/user/.m2/repository/org/apache/hadoop/hadoop-auth/3.2.0/hadoop-auth-3.2.0.jar:/home/user/.m2/repository/com/nimbusds/nimbus-jose-jwt/4.41.1/nimbus-jose-jwt-4.41.1.jar:/home/user/.m2/repository/com/github/stephenc/jcip/jcip-annotations/1.0-1/jcip-annotations-1.0-1.jar:/home/user/.m2/repository/net/minidev/json-smart/2.3/json-smart-2.3.jar:/home/user/.m2/repository/net/minidev/accessors-smart/1.2/accessors-smart-1.2.jar:/home/user/.m2/repository/org/ow2/asm/asm/5.0.4/asm-5.0.4.jar:/home/user/.m2/repository/org/apache/curator/curator-framework/2.12.0/curator-framework-2.12.0.jar:/home/user/.m2/repository/com/sun/jersey/jersey-core/1.19/jersey-core-1.19.jar:/home/user/.m2/repository/javax/ws/rs/jsr311-api/1.1.1/jsr311-api-1.1.1.jar:/home/user/.m2/repository/com/sun/jersey/jersey-server/1.19/jersey-server-1.19.jar:/home/user/.m2/repository/javax/servlet/javax.servlet-api/3.1.0/javax.servlet-api-3.1.0.jar:/home/user/.m2/repository/org/eclipse/jetty/jetty-server/9.3.24.v20180605/jetty-server-9.3.24.v20180605.jar:/home/user/.m2/repository/org/eclipse/jetty/jetty-http/9.3.24.v20180605/jetty-http-9.3.24.v20180605.jar:/home/user/.m2/repository/org/eclipse/jetty/jetty-io/9.3.24.v20180605/jetty-io-9.3.24.v20180605.jar:/home/user/.m2/repository/org/eclipse/jetty/jetty-webapp/9.3.24.v20180605/jetty-webapp-9.3.24.v20180605.jar:/home/user/.m2/repository/org/eclipse/jetty/jetty-xml/9.3.24.v20180605/jetty-xml-9.3.24.v20180605.jar:/home/user/.m2/repository/log4j/log4j/1.2.17/log4j-1.2.17.jar:/home/user/.m2/repository/org/slf4j/slf4j-api/1.7.25/slf4j-api-1.7.25.jar:/home/user/.m2/repository/org/slf4j/jul-to-slf4j/1.7.25/jul-to-slf4j-1.7.25.jar:/home/user/.m2/repository/org/eclipse/jetty/jetty-util/9.3.24.v20180605/jetty-util-9.3.24.v20180605.jar:/home/user/.m2/repository/com/fasterxml/jackson/core/jackson-databind/2.9.5/jackson-databind-2.9.5.jar:/home/user/.m2/repository/org/apache/hadoop/hadoop-kms/3.2.0/hadoop-kms-3.2.0-tests.jar:/home/user/.m2/repository/org/apache/hadoop/hadoop-hdds-server-scm/0.5.0-SNAPSHOT/hadoop-hdds-server-scm-0.5.0-SNAPSHOT-tests.jar:/home/user/.m2/repository/org/apache/hadoop/hadoop-hdds-container-service/0.5.0-SNAPSHOT/hadoop-hdds-container-service-0.5.0-SNAPSHOT-tests.jar:/home/user/.m2/repository/org/yaml/snakeyaml/1.16/snakeyaml-1.16.jar:/home/user/.m2/repository/org/apache/hadoop/hadoop-common/3.2.0/hadoop-common-3.2.0-tests.jar:/home/user/.m2/repository/org/apache/hadoop/hadoop-annotations/3.2.0/hadoop-annotations-3.2.0.jar:/usr/lib/jvm/java-1.8-openjdk/jre/../lib/tools.jar:/home/user/.m2/repository/commons-cli/commons-cli/1.2/commons-cli-1.2.jar:/home/user/.m2/repository/org/apache/httpcomponents/httpclient/4.5.2/httpclient-4.5.2.jar:/home/user/.m2/repository/org/apache/httpcomponents/httpcore/4.4.4/httpcore-4.4.4.jar:/home/user/.m2/repository/commons-codec/commons-codec/1.11/commons-codec-1.11.jar:/home/user/.m2/repository/commons-net/commons-net/3.6/commons-net-3.6.jar:/home/user/.m2/repository/commons-collections/commons-collections/3.2.2/commons-collections-3.2.2.jar:/home/user/.m2/repository/org/eclipse/jetty/jetty-servlet/9.3.24.v20180605/jetty-servlet-9.3.24.v20180605.jar:/home/user/.m2/repository/org/eclipse/jetty/jetty-security/9.3.24.v20180605/jetty-security-9.3.24.v20180605.jar:/home/user/.m2/repository/javax/servlet/jsp/jsp-api/2.1/jsp-api-2.1.jar:/home/user/.m2/repository/com/sun/jersey/jersey-servlet/1.19/jersey-servlet-1.19.jar:/home/user/.m2/repository/com/sun/jersey/jersey-json/1.19/jersey-json-1.19.jar:/home/user/.m2/repository/org/codehaus/jettison/jettison/1.1/jettison-1.1.jar:/home/user/.m2/repository/org/codehaus/jackson/jackson-core-asl/1.9.13/jackson-core-asl-1.9.13.jar:/home/user/.m2/repository/org/codehaus/jackson/jackson-mapper-asl/1.9.13/jackson-mapper-asl-1.9.13.jar:/home/user/.m2/repository/org/codehaus/jackson/jackson-jaxrs/1.9.13/jackson-jaxrs-1.9.13.jar:/home/user/.m2/repository/org/codehaus/jackson/jackson-xc/1.9.13/jackson-xc-1.9.13.jar:/home/user/.m2/repository/commons-logging/commons-logging/1.1.3/commons-logging-1.1.3.jar:/home/user/.m2/repository/commons-beanutils/commons-beanutils/1.9.3/commons-beanutils-1.9.3.jar:/home/user/.m2/repository/org/apache/commons/commons-configuration2/2.1.1/commons-configuration2-2.1.1.jar:/home/user/.m2/repository/org/apache/commons/commons-lang3/3.7/commons-lang3-3.7.jar:/home/user/.m2/repository/org/apache/commons/commons-text/1.4/commons-text-1.4.jar:/home/user/.m2/repository/org/apache/avro/avro/1.7.7/avro-1.7.7.jar:/home/user/.m2/repository/com/thoughtworks/paranamer/paranamer/2.3/paranamer-2.3.jar:/home/user/.m2/repository/org/xerial/snappy/snappy-java/1.0.5/snappy-java-1.0.5.jar:/home/user/.m2/repository/com/google/re2j/re2j/1.1/re2j-1.1.jar:/home/user/.m2/repository/com/google/code/gson/gson/2.2.4/gson-2.2.4.jar:/home/user/.m2/repository/com/jcraft/jsch/0.1.54/jsch-0.1.54.jar:/home/user/.m2/repository/org/apache/curator/curator-client/2.12.0/curator-client-2.12.0.jar:/home/user/.m2/repository/org/apache/curator/curator-recipes/2.12.0/curator-recipes-2.12.0.jar:/home/user/.m2/repository/com/google/code/findbugs/jsr305/3.0.0/jsr305-3.0.0.jar:/home/user/.m2/repository/org/apache/htrace/htrace-core4/4.1.0-incubating/htrace-core4-4.1.0-incubating.jar:/home/user/.m2/repository/org/apache/zookeeper/zookeeper/3.4.13/zookeeper-3.4.13.jar:/home/user/.m2/repository/org/apache/yetus/audience-annotations/0.5.0/audience-annotations-0.5.0.jar:/home/user/.m2/repository/org/codehaus/woodstox/stax2-api/3.1.4/stax2-api-3.1.4.jar:/home/user/.m2/repository/com/fasterxml/woodstox/woodstox-core/5.0.3/woodstox-core-5.0.3.jar:/home/user/.m2/repository/dnsjava/dnsjava/2.1.7/dnsjava-2.1.7.jar:/home/user/.m2/repository/org/apache/hadoop/hadoop-hdfs/3.2.0/hadoop-hdfs-3.2.0-tests.jar:/home/user/.m2/repository/org/eclipse/jetty/jetty-util-ajax/9.3.24.v20180605/jetty-util-ajax-9.3.24.v20180605.jar:/home/user/.m2/repository/commons-daemon/commons-daemon/1.0.13/commons-daemon-1.0.13.jar:/home/user/.m2/repository/io/netty/netty/3.10.5.Final/netty-3.10.5.Final.jar:/home/user/.m2/repository/io/netty/netty-all/4.0.52.Final/netty-all-4.0.52.Final.jar:/home/user/.m2/repository/org/fusesource/leveldbjni/leveldbjni-all/1.8/leveldbjni-all-1.8.jar:"/>
    <property name="sun.cpu.endian" value="little"/>
    <property name="user.home" value="/home/user"/>
    <property name="user.language" value="en"/>
    <property name="java.specification.vendor" value="Oracle Corporation"/>
    <property name="java.home" value="/usr/lib/jvm/java-1.8-openjdk/jre"/>
    <property name="java.security.krb5.conf" value="/workdir/hadoop-ozone/integration-test/target/test-classes/krb5.conf"/>
    <property name="basedir" value="/workdir/hadoop-ozone/integration-test"/>
    <property name="file.separator" value="/"/>
    <property name="line.separator" value="&#10;"/>
    <property name="java.vm.specification.vendor" value="Oracle Corporation"/>
    <property name="java.specification.name" value="Java Platform API Specification"/>
    <property name="java.awt.graphicsenv" value="sun.awt.X11GraphicsEnvironment"/>
    <property name="surefire.real.class.path" value="/workdir/hadoop-ozone/integration-test/target/surefire/surefirebooter2291232721336078369.jar"/>
    <property name="hadoop.log.dir" value="/workdir/hadoop-ozone/integration-test/target/log"/>
    <property name="sun.boot.class.path" value="/usr/lib/jvm/java-1.8-openjdk/jre/lib/resources.jar:/usr/lib/jvm/java-1.8-openjdk/jre/lib/rt.jar:/usr/lib/jvm/java-1.8-openjdk/jre/lib/sunrsasign.jar:/usr/lib/jvm/java-1.8-openjdk/jre/lib/jsse.jar:/usr/lib/jvm/java-1.8-openjdk/jre/lib/jce.jar:/usr/lib/jvm/java-1.8-openjdk/jre/lib/charsets.jar:/usr/lib/jvm/java-1.8-openjdk/jre/lib/jfr.jar:/usr/lib/jvm/java-1.8-openjdk/jre/classes"/>
    <property name="sun.management.compiler" value="HotSpot 64-Bit Tiered Compilers"/>
    <property name="java.runtime.version" value="1.8.0_212-b04"/>
    <property name="java.net.preferIPv4Stack" value="true"/>
    <property name="user.name" value="jenkins1000"/>
    <property name="path.separator" value=":"/>
    <property name="java.security.egd" value="file:///dev/urandom"/>
    <property name="os.version" value="3.10.0-957.12.2.el7.x86_64"/>
    <property name="java.endorsed.dirs" value="/usr/lib/jvm/java-1.8-openjdk/jre/lib/endorsed"/>
    <property name="java.runtime.name" value="OpenJDK Runtime Environment"/>
    <property name="file.encoding" value="UTF-8"/>
    <property name="java.vm.name" value="OpenJDK 64-Bit Server VM"/>
    <property name="test.build.webapps" value=""/>
    <property name="localRepository" value="/home/user/.m2/repository"/>
    <property name="java.vendor.url.bug" value="https://icedtea.classpath.org/bugzilla"/>
    <property name="java.io.tmpdir" value="/tmp"/>
    <property name="require.test.libhadoop" value=""/>
    <property name="java.version" value="1.8.0_212"/>
    <property name="user.dir" value="/workdir/hadoop-ozone/integration-test"/>
    <property name="os.arch" value="amd64"/>
    <property name="java.vm.specification.name" value="Java Virtual Machine Specification"/>
    <property name="test.build.classes" value="/workdir/hadoop-ozone/integration-test/target/test-classes"/>
    <property name="java.awt.printerjob" value="sun.print.PSPrinterJob"/>
    <property name="sun.os.patch.level" value="unknown"/>
    <property name="hadoop.tmp.dir" value="/workdir/hadoop-ozone/integration-test/target/tmp"/>
    <property name="java.library.path" value="/usr/lib/jvm/java-1.8-openjdk/jre/lib/amd64/server:/usr/lib/jvm/java-1.8-openjdk/jre/lib/amd64:/usr/lib/jvm/java-1.8-openjdk/jre/../lib/amd64:/workdir/hadoop-ozone/integration-test/target/native/target/usr/local/lib:/workdir/hadoop-ozone/integration-test/../../hadoop-common-project/hadoop-common/target/native/target/usr/local/lib:/usr/java/packages/lib/amd64:/usr/lib64:/lib64:/lib:/usr/lib"/>
    <property name="java.vm.info" value="mixed mode"/>
    <property name="java.vendor" value="IcedTea"/>
    <property name="java.vm.version" value="25.212-b04"/>
    <property name="java.ext.dirs" value="/usr/lib/jvm/java-1.8-openjdk/jre/lib/ext:/usr/java/packages/lib/ext"/>
    <property name="sun.io.unicode.encoding" value="UnicodeLittle"/>
    <property name="java.class.version" value="52.0"/>
  </properties>
  <testcase name="test2WayCommitForRetryfailure" classname="org.apache.hadoop.ozone.client.rpc.Test2WayCommitInRatis" time="102.203">
    <error message="org.apache.ratis.protocol.RaftRetryFailureException: Failed RaftClientRequest:client-7B4F749CDF7F-&gt;85c6a9f3-b9a5-43a5-ac4f-9aa7bd5f2263@group-5B7DDBC4A4BA, cid=229, seq=1*, RW, org.apache.hadoop.hdds.scm.XceiverClientRatis$$Lambda$475/194277435@1faac44c for 20 attempts with RetryLimited(maxAttempts=20, sleepTime=1000ms)" type="java.util.concurrent.ExecutionException">java.util.concurrent.ExecutionException: org.apache.ratis.protocol.RaftRetryFailureException: Failed RaftClientRequest:client-7B4F749CDF7F->85c6a9f3-b9a5-43a5-ac4f-9aa7bd5f2263@group-5B7DDBC4A4BA, cid=229, seq=1*, RW, org.apache.hadoop.hdds.scm.XceiverClientRatis$$Lambda$475/194277435@1faac44c for 20 attempts with RetryLimited(maxAttempts=20, sleepTime=1000ms)
	at java.util.concurrent.CompletableFuture.reportGet(CompletableFuture.java:357)
	at java.util.concurrent.CompletableFuture.get(CompletableFuture.java:1895)
	at org.apache.hadoop.ozone.client.rpc.Test2WayCommitInRatis.test2WayCommitForRetryfailure(Test2WayCommitInRatis.java:140)
	at sun.reflect.NativeMethodAccessorImpl.invoke0(Native Method)
	at sun.reflect.NativeMethodAccessorImpl.invoke(NativeMethodAccessorImpl.java:62)
	at sun.reflect.DelegatingMethodAccessorImpl.invoke(DelegatingMethodAccessorImpl.java:43)
	at java.lang.reflect.Method.invoke(Method.java:498)
	at org.junit.runners.model.FrameworkMethod$1.runReflectiveCall(FrameworkMethod.java:47)
	at org.junit.internal.runners.model.ReflectiveCallable.run(ReflectiveCallable.java:12)
	at org.junit.runners.model.FrameworkMethod.invokeExplosively(FrameworkMethod.java:44)
	at org.junit.internal.runners.statements.InvokeMethod.evaluate(InvokeMethod.java:17)
	at org.junit.runners.ParentRunner.runLeaf(ParentRunner.java:271)
	at org.junit.runners.BlockJUnit4ClassRunner.runChild(BlockJUnit4ClassRunner.java:70)
	at org.junit.runners.BlockJUnit4ClassRunner.runChild(BlockJUnit4ClassRunner.java:50)
	at org.junit.runners.ParentRunner$3.run(ParentRunner.java:238)
	at org.junit.runners.ParentRunner$1.schedule(ParentRunner.java:63)
	at org.junit.runners.ParentRunner.runChildren(ParentRunner.java:236)
	at org.junit.runners.ParentRunner.access$000(ParentRunner.java:53)
	at org.junit.runners.ParentRunner$2.evaluate(ParentRunner.java:229)
	at org.junit.runners.ParentRunner.run(ParentRunner.java:309)
	at org.apache.maven.surefire.junit4.JUnit4Provider.execute(JUnit4Provider.java:365)
	at org.apache.maven.surefire.junit4.JUnit4Provider.executeWithRerun(JUnit4Provider.java:273)
	at org.apache.maven.surefire.junit4.JUnit4Provider.executeTestSet(JUnit4Provider.java:238)
	at org.apache.maven.surefire.junit4.JUnit4Provider.invoke(JUnit4Provider.java:159)
	at org.apache.maven.surefire.booter.ForkedBooter.invokeProviderInSameClassLoader(ForkedBooter.java:384)
	at org.apache.maven.surefire.booter.ForkedBooter.runSuitesInProcess(ForkedBooter.java:345)
	at org.apache.maven.surefire.booter.ForkedBooter.execute(ForkedBooter.java:126)
	at org.apache.maven.surefire.booter.ForkedBooter.main(ForkedBooter.java:418)
Caused by: org.apache.ratis.protocol.RaftRetryFailureException: Failed RaftClientRequest:client-7B4F749CDF7F->85c6a9f3-b9a5-43a5-ac4f-9aa7bd5f2263@group-5B7DDBC4A4BA, cid=229, seq=1*, RW, org.apache.hadoop.hdds.scm.XceiverClientRatis$$Lambda$475/194277435@1faac44c for 20 attempts with RetryLimited(maxAttempts=20, sleepTime=1000ms)
	at org.apache.ratis.client.impl.RaftClientImpl.noMoreRetries(RaftClientImpl.java:272)
	at org.apache.ratis.client.impl.OrderedAsync.handleAsyncRetryFailure(OrderedAsync.java:138)
	at org.apache.ratis.client.impl.OrderedAsync.lambda$sendRequest$10(OrderedAsync.java:230)
	at java.util.concurrent.CompletableFuture.uniExceptionally(CompletableFuture.java:870)
	at java.util.concurrent.CompletableFuture$UniExceptionally.tryFire(CompletableFuture.java:852)
	at java.util.concurrent.CompletableFuture.postComplete(CompletableFuture.java:474)
	at java.util.concurrent.CompletableFuture.completeExceptionally(CompletableFuture.java:1977)
	at org.apache.ratis.grpc.client.GrpcClientProtocolClient$AsyncStreamObservers.completeReplyExceptionally(GrpcClientProtocolClient.java:330)
	at org.apache.ratis.grpc.client.GrpcClientProtocolClient$AsyncStreamObservers.access$000(GrpcClientProtocolClient.java:246)
	at org.apache.ratis.grpc.client.GrpcClientProtocolClient$AsyncStreamObservers$1.onError(GrpcClientProtocolClient.java:275)
	at org.apache.ratis.thirdparty.io.grpc.stub.ClientCalls$StreamObserverToCallListenerAdapter.onClose(ClientCalls.java:434)
	at org.apache.ratis.thirdparty.io.grpc.PartialForwardingClientCallListener.onClose(PartialForwardingClientCallListener.java:39)
	at org.apache.ratis.thirdparty.io.grpc.ForwardingClientCallListener.onClose(ForwardingClientCallListener.java:23)
	at org.apache.ratis.thirdparty.io.grpc.ForwardingClientCallListener$SimpleForwardingClientCallListener.onClose(ForwardingClientCallListener.java:40)
	at org.apache.ratis.thirdparty.io.grpc.internal.CensusStatsModule$StatsClientInterceptor$1$1.onClose(CensusStatsModule.java:678)
	at org.apache.ratis.thirdparty.io.grpc.PartialForwardingClientCallListener.onClose(PartialForwardingClientCallListener.java:39)
	at org.apache.ratis.thirdparty.io.grpc.ForwardingClientCallListener.onClose(ForwardingClientCallListener.java:23)
	at org.apache.ratis.thirdparty.io.grpc.ForwardingClientCallListener$SimpleForwardingClientCallListener.onClose(ForwardingClientCallListener.java:40)
	at org.apache.ratis.thirdparty.io.grpc.internal.CensusTracingModule$TracingClientInterceptor$1$1.onClose(CensusTracingModule.java:397)
	at org.apache.ratis.thirdparty.io.grpc.internal.ClientCallImpl.closeObserver(ClientCallImpl.java:459)
	at org.apache.ratis.thirdparty.io.grpc.internal.ClientCallImpl.access$300(ClientCallImpl.java:63)
	at org.apache.ratis.thirdparty.io.grpc.internal.ClientCallImpl$ClientStreamListenerImpl.close(ClientCallImpl.java:546)
	at org.apache.ratis.thirdparty.io.grpc.internal.ClientCallImpl$ClientStreamListenerImpl.access$600(ClientCallImpl.java:467)
	at org.apache.ratis.thirdparty.io.grpc.internal.ClientCallImpl$ClientStreamListenerImpl$1StreamClosed.runInContext(ClientCallImpl.java:584)
	at org.apache.ratis.thirdparty.io.grpc.internal.ContextRunnable.run(ContextRunnable.java:37)
	at org.apache.ratis.thirdparty.io.grpc.internal.SerializingExecutor.run(SerializingExecutor.java:123)
	at java.util.concurrent.ThreadPoolExecutor.runWorker(ThreadPoolExecutor.java:1149)
	at java.util.concurrent.ThreadPoolExecutor$Worker.run(ThreadPoolExecutor.java:624)
	at java.lang.Thread.run(Thread.java:748)
Caused by: org.apache.ratis.protocol.ServerNotReadyException: Server 85c6a9f3-b9a5-43a5-ac4f-9aa7bd5f2263 is not [RUNNING]: current state is CLOSED
	at org.apache.ratis.server.impl.RaftServerImpl.lambda$assertLifeCycleState$10(RaftServerImpl.java:466)
	at org.apache.ratis.util.LifeCycle.assertCurrentState(LifeCycle.java:185)
	at org.apache.ratis.server.impl.RaftServerImpl.assertLifeCycleState(RaftServerImpl.java:465)
	at org.apache.ratis.server.impl.RaftServerImpl.submitClientRequestAsync(RaftServerImpl.java:529)
	at org.apache.ratis.server.impl.RaftServerProxy.lambda$submitClientRequestAsync$7(RaftServerProxy.java:333)
	at org.apache.ratis.server.impl.RaftServerProxy.lambda$null$5(RaftServerProxy.java:328)
	at org.apache.ratis.util.JavaUtils.callAsUnchecked(JavaUtils.java:109)
	at org.apache.ratis.server.impl.RaftServerProxy.lambda$submitRequest$6(RaftServerProxy.java:328)
	at java.util.concurrent.CompletableFuture.uniComposeStage(CompletableFuture.java:981)
	at java.util.concurrent.CompletableFuture.thenCompose(CompletableFuture.java:2124)
	at org.apache.ratis.server.impl.RaftServerProxy.submitRequest(RaftServerProxy.java:327)
	at org.apache.ratis.server.impl.RaftServerProxy.submitClientRequestAsync(RaftServerProxy.java:333)
	at org.apache.ratis.grpc.client.GrpcClientProtocolService$RequestStreamObserver.processClientRequest(GrpcClientProtocolService.java:220)
	at org.apache.ratis.grpc.client.GrpcClientProtocolService$OrderedRequestStreamObserver.processClientRequest(GrpcClientProtocolService.java:326)
	at org.apache.ratis.util.SlidingWindow$Server.processRequestsFromHead(SlidingWindow.java:429)
	at org.apache.ratis.util.SlidingWindow$Server.receivedRequest(SlidingWindow.java:421)
	at org.apache.ratis.grpc.client.GrpcClientProtocolService$OrderedRequestStreamObserver.processClientRequest(GrpcClientProtocolService.java:345)
	at org.apache.ratis.grpc.client.GrpcClientProtocolService$RequestStreamObserver.onNext(GrpcClientProtocolService.java:240)
	at org.apache.ratis.grpc.client.GrpcClientProtocolService$RequestStreamObserver.onNext(GrpcClientProtocolService.java:168)
	at org.apache.ratis.thirdparty.io.grpc.stub.ServerCalls$StreamingServerCallHandler$StreamingServerCallListener.onMessage(ServerCalls.java:248)
	at org.apache.ratis.thirdparty.io.grpc.internal.ServerCallImpl$ServerStreamListenerImpl.messagesAvailable(ServerCallImpl.java:263)
	at org.apache.ratis.thirdparty.io.grpc.internal.ServerImpl$JumpToApplicationThreadServerStreamListener$1MessagesAvailable.runInContext(ServerImpl.java:686)
	... 5 more
</error>
    <system-out><![CDATA[2019-09-19 14:20:44,614 [main] WARN  server.ServerUtils (ServerUtils.java:getScmDbDir(145)) - ozone.scm.db.dirs is not configured. We recommend adding this setting. Falling back to ozone.metadata.dirs instead.
2019-09-19 14:20:45,674 [main] WARN  server.ServerUtils (ServerUtils.java:getScmDbDir(145)) - ozone.scm.db.dirs is not configured. We recommend adding this setting. Falling back to ozone.metadata.dirs instead.
2019-09-19 14:20:45,677 [main] WARN  server.ServerUtils (ServerUtils.java:getScmDbDir(145)) - ozone.scm.db.dirs is not configured. We recommend adding this setting. Falling back to ozone.metadata.dirs instead.
2019-09-19 14:20:45,698 [main] INFO  util.log (Log.java:initialized(192)) - Logging initialized @1823ms
2019-09-19 14:20:45,801 [main] INFO  db.DBStoreBuilder (DBStoreBuilder.java:addTable(110)) - using custom profile for table: deletedBlocks
2019-09-19 14:20:45,801 [main] INFO  db.DBStoreBuilder (DBStoreBuilder.java:processTables(161)) - Using default column profile:DBProfile.DISK for Table:deletedBlocks
2019-09-19 14:20:45,802 [main] INFO  db.DBStoreBuilder (DBStoreBuilder.java:addTable(110)) - using custom profile for table: validCerts
2019-09-19 14:20:45,802 [main] INFO  db.DBStoreBuilder (DBStoreBuilder.java:processTables(161)) - Using default column profile:DBProfile.DISK for Table:validCerts
2019-09-19 14:20:45,802 [main] INFO  db.DBStoreBuilder (DBStoreBuilder.java:addTable(110)) - using custom profile for table: revokedCerts
2019-09-19 14:20:45,803 [main] INFO  db.DBStoreBuilder (DBStoreBuilder.java:processTables(161)) - Using default column profile:DBProfile.DISK for Table:revokedCerts
2019-09-19 14:20:45,815 [main] INFO  db.DBStoreBuilder (DBStoreBuilder.java:addTable(110)) - using custom profile for table: default
2019-09-19 14:20:45,815 [main] INFO  db.DBStoreBuilder (DBStoreBuilder.java:processTables(167)) - Using default column profile:DBProfile.DISK for Table:default
2019-09-19 14:20:45,816 [main] INFO  db.DBStoreBuilder (DBStoreBuilder.java:getDbProfile(198)) - Using default options. DBProfile.DISK
2019-09-19 14:20:48,681 [main] INFO  net.NodeSchemaLoader (NodeSchemaLoader.java:loadSchemaFromFile(125)) - Loading file from sun.misc.CompoundEnumeration@6eda5c9
2019-09-19 14:20:48,683 [main] INFO  net.NodeSchemaLoader (NodeSchemaLoader.java:loadSchema(171)) - Loading network topology layer schema file
2019-09-19 14:20:48,752 [main] WARN  server.ServerUtils (ServerUtils.java:sanitizeUserArgs(70)) - ozone.scm.stale.node.interval value = 300000 is larger than max = 100000 based on the key value of ozone.scm.heartbeat.thread.interval, reset to the max value 100000.
2019-09-19 14:20:48,754 [main] WARN  server.ServerUtils (ServerUtils.java:sanitizeUserArgs(70)) - ozone.scm.stale.node.interval value = 300000 is larger than max = 100000 based on the key value of ozone.scm.heartbeat.thread.interval, reset to the max value 100000.
2019-09-19 14:20:48,756 [main] INFO  node.SCMNodeManager (SCMNodeManager.java:<init>(121)) - Entering startup safe mode.
2019-09-19 14:20:48,829 [main] INFO  algorithms.ContainerPlacementPolicyFactory (ContainerPlacementPolicyFactory.java:getPolicy(56)) - Create container placement policy of type org.apache.hadoop.hdds.scm.container.placement.algorithms.SCMContainerPlacementRandom
2019-09-19 14:20:48,845 [main] WARN  server.ServerUtils (ServerUtils.java:getScmDbDir(145)) - ozone.scm.db.dirs is not configured. We recommend adding this setting. Falling back to ozone.metadata.dirs instead.
2019-09-19 14:20:50,667 [main] INFO  pipeline.SCMPipelineManager (SCMPipelineManager.java:initializePipelineState(126)) - No pipeline exists in current db
2019-09-19 14:20:50,670 [main] WARN  server.ServerUtils (ServerUtils.java:getScmDbDir(145)) - ozone.scm.db.dirs is not configured. We recommend adding this setting. Falling back to ozone.metadata.dirs instead.
2019-09-19 14:20:52,267 [main] WARN  events.EventQueue (EventQueue.java:fireEvent(175)) - No event handler registered for event TypedEvent{payloadType=SafeModeStatus, name='SafeModeStatus'}
2019-09-19 14:20:52,777 [main] INFO  ipc.CallQueueManager (CallQueueManager.java:<init>(84)) - Using callQueue: class java.util.concurrent.LinkedBlockingQueue, queueCapacity: 2000, scheduler: class org.apache.hadoop.ipc.DefaultRpcScheduler, ipcBackoff: false.
2019-09-19 14:20:55,111 [Socket Reader #1 for port 40736] INFO  ipc.Server (Server.java:run(1074)) - Starting Socket Reader #1 for port 40736
2019-09-19 14:20:55,138 [main] INFO  ipc.CallQueueManager (CallQueueManager.java:<init>(84)) - Using callQueue: class java.util.concurrent.LinkedBlockingQueue, queueCapacity: 2000, scheduler: class org.apache.hadoop.ipc.DefaultRpcScheduler, ipcBackoff: false.
2019-09-19 14:20:55,139 [Socket Reader #1 for port 33864] INFO  ipc.Server (Server.java:run(1074)) - Starting Socket Reader #1 for port 33864
2019-09-19 14:20:55,147 [main] INFO  ipc.CallQueueManager (CallQueueManager.java:<init>(84)) - Using callQueue: class java.util.concurrent.LinkedBlockingQueue, queueCapacity: 2000, scheduler: class org.apache.hadoop.ipc.DefaultRpcScheduler, ipcBackoff: false.
2019-09-19 14:20:55,147 [Socket Reader #1 for port 34641] INFO  ipc.Server (Server.java:run(1074)) - Starting Socket Reader #1 for port 34641
2019-09-19 14:20:55,168 [main] INFO  hdfs.DFSUtil (DFSUtil.java:httpServerTemplateForNNAndJN(1641)) - Starting Web-server for scm at: http://0.0.0.0:0
2019-09-19 14:20:55,361 [main] INFO  server.AuthenticationFilter (AuthenticationFilter.java:constructSecretProvider(240)) - Unable to initialize FileSignerSecretProvider, falling back to use random secrets.
2019-09-19 14:20:55,369 [main] WARN  http.HttpRequestLog (HttpRequestLog.java:getRequestLog(97)) - Jetty request log can only be enabled using Log4j
2019-09-19 14:20:55,377 [main] INFO  http.HttpServer2 (HttpServer2.java:addGlobalFilter(975)) - Added global filter 'safety' (class=org.apache.hadoop.http.HttpServer2$QuotingInputFilter)
2019-09-19 14:20:55,380 [main] INFO  http.HttpServer2 (HttpServer2.java:addFilter(948)) - Added filter static_user_filter (class=org.apache.hadoop.http.lib.StaticUserWebFilter$StaticUserFilter) to context scm
2019-09-19 14:20:55,380 [main] INFO  http.HttpServer2 (HttpServer2.java:addFilter(958)) - Added filter static_user_filter (class=org.apache.hadoop.http.lib.StaticUserWebFilter$StaticUserFilter) to context static
2019-09-19 14:20:55,381 [main] INFO  http.HttpServer2 (HttpServer2.java:addFilter(958)) - Added filter static_user_filter (class=org.apache.hadoop.http.lib.StaticUserWebFilter$StaticUserFilter) to context logs
2019-09-19 14:20:55,408 [main] INFO  server.StorageContainerManager (StorageContainerManager.java:start(759)) - StorageContainerLocationProtocol RPC server is listening at /0.0.0.0:34641
2019-09-19 14:20:55,467 [main] WARN  impl.MetricsConfig (MetricsConfig.java:loadFirst(134)) - Cannot locate configuration: tried hadoop-metrics2-storagecontainermanager.properties,hadoop-metrics2.properties
2019-09-19 14:20:55,479 [main] INFO  impl.MetricsSystemImpl (MetricsSystemImpl.java:startTimer(374)) - Scheduled Metric snapshot period at 10 second(s).
2019-09-19 14:20:55,480 [main] INFO  impl.MetricsSystemImpl (MetricsSystemImpl.java:start(191)) - StorageContainerManager metrics system started
2019-09-19 14:20:55,715 [main] INFO  server.SCMClientProtocolServer (SCMClientProtocolServer.java:start(151)) - RPC server for Client  is listening at /0.0.0.0:34641
2019-09-19 14:20:55,715 [IPC Server Responder] INFO  ipc.Server (Server.java:run(1314)) - IPC Server Responder: starting
2019-09-19 14:20:55,715 [IPC Server listener on 34641] INFO  ipc.Server (Server.java:run(1153)) - IPC Server listener on 34641: starting
2019-09-19 14:20:55,718 [main] INFO  server.StorageContainerManager (StorageContainerManager.java:start(769)) - ScmBlockLocationProtocol RPC server is listening at /0.0.0.0:33864
2019-09-19 14:20:55,718 [main] INFO  server.SCMBlockProtocolServer (SCMBlockProtocolServer.java:start(140)) - RPC server for Block Protocol is listening at /0.0.0.0:33864
2019-09-19 14:20:55,719 [IPC Server Responder] INFO  ipc.Server (Server.java:run(1314)) - IPC Server Responder: starting
2019-09-19 14:20:55,719 [IPC Server listener on 33864] INFO  ipc.Server (Server.java:run(1153)) - IPC Server listener on 33864: starting
2019-09-19 14:20:55,722 [main] INFO  server.StorageContainerManager (StorageContainerManager.java:start(773)) - ScmDatanodeProtocl RPC server is listening at /0.0.0.0:40736
2019-09-19 14:20:55,722 [main] INFO  server.SCMDatanodeProtocolServer (SCMDatanodeProtocolServer.java:start(191)) - RPC server for DataNodes is listening at /0.0.0.0:40736
2019-09-19 14:20:55,722 [IPC Server Responder] INFO  ipc.Server (Server.java:run(1314)) - IPC Server Responder: starting
2019-09-19 14:20:55,723 [IPC Server listener on 40736] INFO  ipc.Server (Server.java:run(1153)) - IPC Server listener on 40736: starting
2019-09-19 14:20:55,727 [main] INFO  http.HttpServer2 (HttpServer2.java:bindListener(1191)) - Jetty bound to port 42426
2019-09-19 14:20:55,729 [main] INFO  server.Server (Server.java:doStart(351)) - jetty-9.3.24.v20180605, build timestamp: 2018-06-05T17:11:56Z, git hash: 84205aa28f11a4f31f2a3b86d1bba2cc8ab69827
2019-09-19 14:20:55,764 [main] INFO  handler.ContextHandler (ContextHandler.java:doStart(781)) - Started o.e.j.s.ServletContextHandler@1a45193b{/logs,file:///workdir/hadoop-ozone/integration-test/target/log,AVAILABLE}
2019-09-19 14:20:55,765 [main] INFO  handler.ContextHandler (ContextHandler.java:doStart(781)) - Started o.e.j.s.ServletContextHandler@5286c33a{/static,file:///workdir/hadoop-ozone/integration-test/target/test-classes/webapps/static,AVAILABLE}
2019-09-19 14:20:55,808 [main] INFO  handler.ContextHandler (ContextHandler.java:doStart(781)) - Started o.e.j.w.WebAppContext@3676ac27{/,file:///workdir/hadoop-ozone/integration-test/target/test-classes/webapps/scm/,AVAILABLE}{/scm}
2019-09-19 14:20:55,814 [main] INFO  server.AbstractConnector (AbstractConnector.java:doStart(278)) - Started ServerConnector@50305a{HTTP/1.1,[http/1.1]}{0.0.0.0:42426}
2019-09-19 14:20:55,815 [main] INFO  server.Server (Server.java:doStart(419)) - Started @11940ms
2019-09-19 14:20:55,816 [main] INFO  server.BaseHttpServer (BaseHttpServer.java:updateConnectorAddress(213)) - HTTP server of SCM is listening at http://0.0.0.0:42426
2019-09-19 14:20:55,827 [org.apache.hadoop.util.JvmPauseMonitor$Monitor@7646731d] INFO  util.JvmPauseMonitor (JvmPauseMonitor.java:run(188)) - Starting JVM pause monitor
2019-09-19 14:20:55,834 [main] WARN  server.ServerUtils (ServerUtils.java:getDBPath(222)) - ozone.om.db.dirs is not configured. We recommend adding this setting. Falling back to ozone.metadata.dirs instead.
2019-09-19 14:20:55,968 [main] WARN  server.ServerUtils (ServerUtils.java:getDBPath(222)) - ozone.om.db.dirs is not configured. We recommend adding this setting. Falling back to ozone.metadata.dirs instead.
2019-09-19 14:20:55,969 [main] WARN  server.ServerUtils (ServerUtils.java:getDBPath(222)) - ozone.om.db.dirs is not configured. We recommend adding this setting. Falling back to ozone.metadata.dirs instead.
2019-09-19 14:20:55,970 [main] INFO  om.OzoneManager (OzoneManager.java:setOMNodeDetails(645)) - OM Service ID is not set. Setting it to the default ID: omServiceIdDefault
2019-09-19 14:20:55,970 [main] INFO  om.OzoneManager (OzoneManager.java:setOMNodeDetails(651)) - OM Node ID is not set. Setting it to the OmStorage's OmID: 27b3e86e-547a-41e6-ab93-5d185471e97a
2019-09-19 14:20:55,971 [main] INFO  om.OzoneManager (OzoneManager.java:loadOMHAConfigs(602)) - Found matching OM address with OMServiceId: null, OMNodeId: null, RPC Address: localhost:0 and Ratis port: 9872
2019-09-19 14:20:56,278 | INFO  | SCMAudit | user=jenkins1000 | ip=192.168.157.226 | op=GET_SCM_INFO null | ret=SUCCESS |  
2019-09-19 14:20:56,729 [main] WARN  server.ServerUtils (ServerUtils.java:getDBPath(222)) - ozone.om.db.dirs is not configured. We recommend adding this setting. Falling back to ozone.metadata.dirs instead.
2019-09-19 14:20:56,736 [main] INFO  db.DBStoreBuilder (DBStoreBuilder.java:addTable(110)) - using custom profile for table: userTable
2019-09-19 14:20:56,736 [main] INFO  db.DBStoreBuilder (DBStoreBuilder.java:processTables(161)) - Using default column profile:DBProfile.DISK for Table:userTable
2019-09-19 14:20:56,736 [main] INFO  db.DBStoreBuilder (DBStoreBuilder.java:addTable(110)) - using custom profile for table: volumeTable
2019-09-19 14:20:56,736 [main] INFO  db.DBStoreBuilder (DBStoreBuilder.java:processTables(161)) - Using default column profile:DBProfile.DISK for Table:volumeTable
2019-09-19 14:20:56,737 [main] INFO  db.DBStoreBuilder (DBStoreBuilder.java:addTable(110)) - using custom profile for table: bucketTable
2019-09-19 14:20:56,737 [main] INFO  db.DBStoreBuilder (DBStoreBuilder.java:processTables(161)) - Using default column profile:DBProfile.DISK for Table:bucketTable
2019-09-19 14:20:56,737 [main] INFO  db.DBStoreBuilder (DBStoreBuilder.java:addTable(110)) - using custom profile for table: keyTable
2019-09-19 14:20:56,737 [main] INFO  db.DBStoreBuilder (DBStoreBuilder.java:processTables(161)) - Using default column profile:DBProfile.DISK for Table:keyTable
2019-09-19 14:20:56,738 [main] INFO  db.DBStoreBuilder (DBStoreBuilder.java:addTable(110)) - using custom profile for table: deletedTable
2019-09-19 14:20:56,738 [main] INFO  db.DBStoreBuilder (DBStoreBuilder.java:processTables(161)) - Using default column profile:DBProfile.DISK for Table:deletedTable
2019-09-19 14:20:56,738 [main] INFO  db.DBStoreBuilder (DBStoreBuilder.java:addTable(110)) - using custom profile for table: openKeyTable
2019-09-19 14:20:56,738 [main] INFO  db.DBStoreBuilder (DBStoreBuilder.java:processTables(161)) - Using default column profile:DBProfile.DISK for Table:openKeyTable
2019-09-19 14:20:56,739 [main] INFO  db.DBStoreBuilder (DBStoreBuilder.java:addTable(110)) - using custom profile for table: s3Table
2019-09-19 14:20:56,739 [main] INFO  db.DBStoreBuilder (DBStoreBuilder.java:processTables(161)) - Using default column profile:DBProfile.DISK for Table:s3Table
2019-09-19 14:20:56,739 [main] INFO  db.DBStoreBuilder (DBStoreBuilder.java:addTable(110)) - using custom profile for table: multipartInfoTable
2019-09-19 14:20:56,739 [main] INFO  db.DBStoreBuilder (DBStoreBuilder.java:processTables(161)) - Using default column profile:DBProfile.DISK for Table:multipartInfoTable
2019-09-19 14:20:56,740 [main] INFO  db.DBStoreBuilder (DBStoreBuilder.java:addTable(110)) - using custom profile for table: dTokenTable
2019-09-19 14:20:56,740 [main] INFO  db.DBStoreBuilder (DBStoreBuilder.java:processTables(161)) - Using default column profile:DBProfile.DISK for Table:dTokenTable
2019-09-19 14:20:56,740 [main] INFO  db.DBStoreBuilder (DBStoreBuilder.java:addTable(110)) - using custom profile for table: s3SecretTable
2019-09-19 14:20:56,740 [main] INFO  db.DBStoreBuilder (DBStoreBuilder.java:processTables(161)) - Using default column profile:DBProfile.DISK for Table:s3SecretTable
2019-09-19 14:20:56,741 [main] INFO  db.DBStoreBuilder (DBStoreBuilder.java:addTable(110)) - using custom profile for table: prefixTable
2019-09-19 14:20:56,741 [main] INFO  db.DBStoreBuilder (DBStoreBuilder.java:processTables(161)) - Using default column profile:DBProfile.DISK for Table:prefixTable
2019-09-19 14:20:56,741 [main] INFO  db.DBStoreBuilder (DBStoreBuilder.java:addTable(110)) - using custom profile for table: default
2019-09-19 14:20:56,741 [main] INFO  db.DBStoreBuilder (DBStoreBuilder.java:processTables(167)) - Using default column profile:DBProfile.DISK for Table:default
2019-09-19 14:20:56,742 [main] INFO  db.DBStoreBuilder (DBStoreBuilder.java:getDbProfile(198)) - Using default options. DBProfile.DISK
2019-09-19 14:21:07,175 [main] INFO  ipc.CallQueueManager (CallQueueManager.java:<init>(84)) - Using callQueue: class java.util.concurrent.LinkedBlockingQueue, queueCapacity: 2000, scheduler: class org.apache.hadoop.ipc.DefaultRpcScheduler, ipcBackoff: false.
2019-09-19 14:21:07,176 [Socket Reader #1 for port 44167] INFO  ipc.Server (Server.java:run(1074)) - Starting Socket Reader #1 for port 44167
2019-09-19 14:21:07,196 [main] INFO  om.OzoneManager (OzoneManager.java:start(1256)) - OzoneManager RPC server is listening at localhost/127.0.0.1:44167
2019-09-19 14:21:07,196 [main] INFO  impl.MetricsSystemImpl (MetricsSystemImpl.java:init(158)) - OzoneManager metrics system started (again)
2019-09-19 14:21:07,197 [IPC Server Responder] INFO  ipc.Server (Server.java:run(1314)) - IPC Server Responder: starting
2019-09-19 14:21:07,198 [IPC Server listener on 44167] INFO  ipc.Server (Server.java:run(1153)) - IPC Server listener on 44167: starting
2019-09-19 14:21:07,205 [main] INFO  hdfs.DFSUtil (DFSUtil.java:httpServerTemplateForNNAndJN(1641)) - Starting Web-server for ozoneManager at: http://0.0.0.0:0
2019-09-19 14:21:07,207 [main] INFO  server.AuthenticationFilter (AuthenticationFilter.java:constructSecretProvider(240)) - Unable to initialize FileSignerSecretProvider, falling back to use random secrets.
2019-09-19 14:21:07,207 [main] WARN  http.HttpRequestLog (HttpRequestLog.java:getRequestLog(97)) - Jetty request log can only be enabled using Log4j
2019-09-19 14:21:07,209 [main] INFO  http.HttpServer2 (HttpServer2.java:addGlobalFilter(975)) - Added global filter 'safety' (class=org.apache.hadoop.http.HttpServer2$QuotingInputFilter)
2019-09-19 14:21:07,210 [main] INFO  http.HttpServer2 (HttpServer2.java:addFilter(948)) - Added filter static_user_filter (class=org.apache.hadoop.http.lib.StaticUserWebFilter$StaticUserFilter) to context ozoneManager
2019-09-19 14:21:07,210 [main] INFO  http.HttpServer2 (HttpServer2.java:addFilter(958)) - Added filter static_user_filter (class=org.apache.hadoop.http.lib.StaticUserWebFilter$StaticUserFilter) to context static
2019-09-19 14:21:07,211 [main] INFO  http.HttpServer2 (HttpServer2.java:addFilter(958)) - Added filter static_user_filter (class=org.apache.hadoop.http.lib.StaticUserWebFilter$StaticUserFilter) to context logs
2019-09-19 14:21:07,368 [main] INFO  http.HttpServer2 (HttpServer2.java:bindListener(1191)) - Jetty bound to port 45896
2019-09-19 14:21:07,369 [main] INFO  server.Server (Server.java:doStart(351)) - jetty-9.3.24.v20180605, build timestamp: 2018-06-05T17:11:56Z, git hash: 84205aa28f11a4f31f2a3b86d1bba2cc8ab69827
2019-09-19 14:21:07,375 [main] INFO  handler.ContextHandler (ContextHandler.java:doStart(781)) - Started o.e.j.s.ServletContextHandler@4f186450{/logs,file:///workdir/hadoop-ozone/integration-test/target/log,AVAILABLE}
2019-09-19 14:21:07,376 [main] INFO  handler.ContextHandler (ContextHandler.java:doStart(781)) - Started o.e.j.s.ServletContextHandler@a64e035{/static,file:///workdir/hadoop-ozone/integration-test/target/test-classes/webapps/static,AVAILABLE}
2019-09-19 14:21:07,385 [main] INFO  handler.ContextHandler (ContextHandler.java:doStart(781)) - Started o.e.j.w.WebAppContext@78de58ea{/,file:///workdir/hadoop-ozone/integration-test/target/test-classes/webapps/ozoneManager/,AVAILABLE}{/ozoneManager}
2019-09-19 14:21:07,386 [main] INFO  server.AbstractConnector (AbstractConnector.java:doStart(278)) - Started ServerConnector@60e5272{HTTP/1.1,[http/1.1]}{0.0.0.0:45896}
2019-09-19 14:21:07,387 [main] INFO  server.Server (Server.java:doStart(419)) - Started @23512ms
2019-09-19 14:21:07,388 [main] INFO  server.BaseHttpServer (BaseHttpServer.java:updateConnectorAddress(213)) - HTTP server of OZONEMANAGER is listening at http://0.0.0.0:45896
2019-09-19 14:21:07,579 [main] INFO  impl.MetricsSystemImpl (MetricsSystemImpl.java:init(158)) - HddsDatanode metrics system started (again)
2019-09-19 14:21:07,672 [main] INFO  ozone.HddsDatanodeService (HddsDatanodeService.java:start(184)) - HddsDatanodeService host:pr-hdds-1569-swxfz-3172132826 ip:192.168.157.226
2019-09-19 14:21:07,708 [main] INFO  volume.HddsVolume (HddsVolume.java:<init>(176)) - Creating Volume: /workdir/hadoop-ozone/integration-test/target/test-dir/MiniOzoneClusterImpl-210d6028-2152-4683-81ff-347b0d29bb13/datanode-0/data/containers/hdds of  storage type : DISK and capacity : 1482555576320
2019-09-19 14:21:07,712 [main] INFO  volume.VolumeSet (VolumeSet.java:initializeVolumeSet(170)) - Added Volume : /workdir/hadoop-ozone/integration-test/target/test-dir/MiniOzoneClusterImpl-210d6028-2152-4683-81ff-347b0d29bb13/datanode-0/data/containers/hdds to VolumeSet
2019-09-19 14:21:07,717 [main] INFO  volume.ThrottledAsyncChecker (ThrottledAsyncChecker.java:schedule(140)) - Scheduling a check for org.apache.hadoop.ozone.container.common.volume.HddsVolume@3f49e266
2019-09-19 14:21:07,745 [main] INFO  volume.HddsVolumeChecker (HddsVolumeChecker.java:checkAllVolumes(203)) - Scheduled health check for volume org.apache.hadoop.ozone.container.common.volume.HddsVolume@3f49e266
2019-09-19 14:21:07,861 [main] INFO  impl.RaftServerProxy (ConfUtils.java:logGet(43)) - raft.rpc.type = GRPC (default)
2019-09-19 14:21:07,927 [main] INFO  grpc.GrpcFactory (GrpcFactory.java:checkPooledByteBufAllocatorUseCacheForAllThreads(45)) - PERFORMANCE WARNING: useCacheForAllThreads is true that may cause Netty to create a lot garbage objects and, as a result, trigger GC.
	It is recommended to disable useCacheForAllThreads by setting -Dorg.apache.ratis.thirdparty.io.netty.allocator.useCacheForAllThreads=false in command line.
2019-09-19 14:21:07,932 [main] INFO  grpc.GrpcConfigKeys$Server (ConfUtils.java:logGet(43)) - raft.grpc.server.port = 0 (default)
2019-09-19 14:21:07,933 [main] INFO  server.GrpcService (ConfUtils.java:logGet(43)) - raft.grpc.message.size.max = 33570816 (custom)
2019-09-19 14:21:07,934 [main] INFO  server.RaftServerConfigKeys (ConfUtils.java:logGet(43)) - raft.server.log.appender.buffer.byte-limit = 33554432 (custom)
2019-09-19 14:21:07,935 [main] INFO  server.GrpcService (ConfUtils.java:logGet(43)) - raft.grpc.flow.control.window = 1MB (=1048576) (default)
2019-09-19 14:21:07,936 [main] INFO  server.RaftServerConfigKeys (ConfUtils.java:logGet(43)) - raft.server.rpc.request.timeout = 3000ms (default)
2019-09-19 14:21:08,093 [main] INFO  server.RaftServerConfigKeys (ConfUtils.java:logGet(43)) - raft.server.storage.dir = [/workdir/hadoop-ozone/integration-test/target/test-dir/MiniOzoneClusterImpl-210d6028-2152-4683-81ff-347b0d29bb13/datanode-0/data/ratis] (custom)
2019-09-19 14:21:08,129 [main] INFO  replication.SimpleContainerDownloader (SimpleContainerDownloader.java:<init>(72)) - Starting container downloader service to copy containers to replicate.
2019-09-19 14:21:08,142 [main] INFO  hdfs.DFSUtil (DFSUtil.java:httpServerTemplateForNNAndJN(1641)) - Starting Web-server for hddsDatanode at: http://0.0.0.0:0
2019-09-19 14:21:08,144 [main] INFO  server.AuthenticationFilter (AuthenticationFilter.java:constructSecretProvider(240)) - Unable to initialize FileSignerSecretProvider, falling back to use random secrets.
2019-09-19 14:21:08,145 [main] WARN  http.HttpRequestLog (HttpRequestLog.java:getRequestLog(97)) - Jetty request log can only be enabled using Log4j
2019-09-19 14:21:08,148 [main] INFO  http.HttpServer2 (HttpServer2.java:addGlobalFilter(975)) - Added global filter 'safety' (class=org.apache.hadoop.http.HttpServer2$QuotingInputFilter)
2019-09-19 14:21:08,149 [main] INFO  http.HttpServer2 (HttpServer2.java:addFilter(948)) - Added filter static_user_filter (class=org.apache.hadoop.http.lib.StaticUserWebFilter$StaticUserFilter) to context hddsDatanode
2019-09-19 14:21:08,149 [main] INFO  http.HttpServer2 (HttpServer2.java:addFilter(958)) - Added filter static_user_filter (class=org.apache.hadoop.http.lib.StaticUserWebFilter$StaticUserFilter) to context logs
2019-09-19 14:21:08,149 [main] INFO  http.HttpServer2 (HttpServer2.java:addFilter(958)) - Added filter static_user_filter (class=org.apache.hadoop.http.lib.StaticUserWebFilter$StaticUserFilter) to context static
2019-09-19 14:21:08,151 [main] INFO  http.HttpServer2 (HttpServer2.java:bindListener(1191)) - Jetty bound to port 38206
2019-09-19 14:21:08,151 [main] INFO  server.Server (Server.java:doStart(351)) - jetty-9.3.24.v20180605, build timestamp: 2018-06-05T17:11:56Z, git hash: 84205aa28f11a4f31f2a3b86d1bba2cc8ab69827
2019-09-19 14:21:08,155 [main] INFO  handler.ContextHandler (ContextHandler.java:doStart(781)) - Started o.e.j.s.ServletContextHandler@67e13bd0{/logs,file:///workdir/hadoop-ozone/integration-test/target/log,AVAILABLE}
2019-09-19 14:21:08,155 [main] INFO  handler.ContextHandler (ContextHandler.java:doStart(781)) - Started o.e.j.s.ServletContextHandler@2cae9b8{/static,jar:file:/home/user/.m2/repository/org/apache/hadoop/hadoop-hdds-container-service/0.5.0-SNAPSHOT/hadoop-hdds-container-service-0.5.0-SNAPSHOT.jar!/webapps/static,AVAILABLE}
2019-09-19 14:21:08,207 [main] INFO  handler.ContextHandler (ContextHandler.java:doStart(781)) - Started o.e.j.w.WebAppContext@eac3a26{/,file:///tmp/jetty-0.0.0.0-38206-hddsDatanode-_-any-4014897498397364927.dir/webapp/,AVAILABLE}{/hddsDatanode}
2019-09-19 14:21:08,209 [main] INFO  server.AbstractConnector (AbstractConnector.java:doStart(278)) - Started ServerConnector@10b1a751{HTTP/1.1,[http/1.1]}{0.0.0.0:38206}
2019-09-19 14:21:08,209 [main] INFO  server.Server (Server.java:doStart(419)) - Started @24334ms
2019-09-19 14:21:08,210 [main] INFO  server.BaseHttpServer (BaseHttpServer.java:updateConnectorAddress(213)) - HTTP server of HDDSDATANODE is listening at http://0.0.0.0:38206
2019-09-19 14:21:09,302 | INFO  | ObjectStoreRestHttpServer | Listening HDDS REST traffic on /0.0.0.0:35145 |  
2019-09-19 14:21:09,304 [main] INFO  ozone.HddsDatanodeService (HddsDatanodeService.java:startPlugins(395)) - Started plug-in org.apache.hadoop.ozone.web.OzoneHddsDatanodeService@2fe2965c
2019-09-19 14:21:09,305 [main] INFO  impl.MetricsSystemImpl (MetricsSystemImpl.java:init(158)) - HddsDatanode metrics system started (again)
2019-09-19 14:21:09,307 [main] INFO  ozone.HddsDatanodeService (HddsDatanodeService.java:start(184)) - HddsDatanodeService host:pr-hdds-1569-swxfz-3172132826 ip:192.168.157.226
2019-09-19 14:21:09,311 [org.apache.hadoop.util.JvmPauseMonitor$Monitor@8ae54e0] INFO  util.JvmPauseMonitor (JvmPauseMonitor.java:run(188)) - Starting JVM pause monitor
2019-09-19 14:21:09,314 [main] INFO  volume.HddsVolume (HddsVolume.java:<init>(176)) - Creating Volume: /workdir/hadoop-ozone/integration-test/target/test-dir/MiniOzoneClusterImpl-210d6028-2152-4683-81ff-347b0d29bb13/datanode-1/data/containers/hdds of  storage type : DISK and capacity : 1482555576320
2019-09-19 14:21:09,315 [main] INFO  volume.VolumeSet (VolumeSet.java:initializeVolumeSet(170)) - Added Volume : /workdir/hadoop-ozone/integration-test/target/test-dir/MiniOzoneClusterImpl-210d6028-2152-4683-81ff-347b0d29bb13/datanode-1/data/containers/hdds to VolumeSet
2019-09-19 14:21:09,315 [main] INFO  volume.ThrottledAsyncChecker (ThrottledAsyncChecker.java:schedule(140)) - Scheduling a check for org.apache.hadoop.ozone.container.common.volume.HddsVolume@1c046c92
2019-09-19 14:21:09,316 [main] INFO  volume.HddsVolumeChecker (HddsVolumeChecker.java:checkAllVolumes(203)) - Scheduled health check for volume org.apache.hadoop.ozone.container.common.volume.HddsVolume@1c046c92
2019-09-19 14:21:09,331 [main] INFO  impl.RaftServerProxy (ConfUtils.java:logGet(43)) - raft.rpc.type = GRPC (default)
2019-09-19 14:21:09,332 [main] INFO  grpc.GrpcFactory (GrpcFactory.java:checkPooledByteBufAllocatorUseCacheForAllThreads(45)) - PERFORMANCE WARNING: useCacheForAllThreads is true that may cause Netty to create a lot garbage objects and, as a result, trigger GC.
	It is recommended to disable useCacheForAllThreads by setting -Dorg.apache.ratis.thirdparty.io.netty.allocator.useCacheForAllThreads=false in command line.
2019-09-19 14:21:09,332 [main] INFO  grpc.GrpcConfigKeys$Server (ConfUtils.java:logGet(43)) - raft.grpc.server.port = 0 (default)
2019-09-19 14:21:09,332 [main] INFO  server.GrpcService (ConfUtils.java:logGet(43)) - raft.grpc.message.size.max = 33570816 (custom)
2019-09-19 14:21:09,332 [main] INFO  server.RaftServerConfigKeys (ConfUtils.java:logGet(43)) - raft.server.log.appender.buffer.byte-limit = 33554432 (custom)
2019-09-19 14:21:09,333 [main] INFO  server.GrpcService (ConfUtils.java:logGet(43)) - raft.grpc.flow.control.window = 1MB (=1048576) (default)
2019-09-19 14:21:09,333 [main] INFO  server.RaftServerConfigKeys (ConfUtils.java:logGet(43)) - raft.server.rpc.request.timeout = 3000ms (default)
2019-09-19 14:21:09,333 [main] INFO  server.RaftServerConfigKeys (ConfUtils.java:logGet(43)) - raft.server.storage.dir = [/workdir/hadoop-ozone/integration-test/target/test-dir/MiniOzoneClusterImpl-210d6028-2152-4683-81ff-347b0d29bb13/datanode-1/data/ratis] (custom)
2019-09-19 14:21:09,334 [main] INFO  replication.SimpleContainerDownloader (SimpleContainerDownloader.java:<init>(72)) - Starting container downloader service to copy containers to replicate.
2019-09-19 14:21:09,335 [main] INFO  hdfs.DFSUtil (DFSUtil.java:httpServerTemplateForNNAndJN(1641)) - Starting Web-server for hddsDatanode at: http://0.0.0.0:0
2019-09-19 14:21:09,336 [main] INFO  server.AuthenticationFilter (AuthenticationFilter.java:constructSecretProvider(240)) - Unable to initialize FileSignerSecretProvider, falling back to use random secrets.
2019-09-19 14:21:09,337 [main] WARN  http.HttpRequestLog (HttpRequestLog.java:getRequestLog(97)) - Jetty request log can only be enabled using Log4j
2019-09-19 14:21:09,339 [main] INFO  http.HttpServer2 (HttpServer2.java:addGlobalFilter(975)) - Added global filter 'safety' (class=org.apache.hadoop.http.HttpServer2$QuotingInputFilter)
2019-09-19 14:21:09,339 [main] INFO  http.HttpServer2 (HttpServer2.java:addFilter(948)) - Added filter static_user_filter (class=org.apache.hadoop.http.lib.StaticUserWebFilter$StaticUserFilter) to context hddsDatanode
2019-09-19 14:21:09,339 [main] INFO  http.HttpServer2 (HttpServer2.java:addFilter(958)) - Added filter static_user_filter (class=org.apache.hadoop.http.lib.StaticUserWebFilter$StaticUserFilter) to context logs
2019-09-19 14:21:09,340 [main] INFO  http.HttpServer2 (HttpServer2.java:addFilter(958)) - Added filter static_user_filter (class=org.apache.hadoop.http.lib.StaticUserWebFilter$StaticUserFilter) to context static
2019-09-19 14:21:09,340 [main] INFO  http.HttpServer2 (HttpServer2.java:bindListener(1191)) - Jetty bound to port 44283
2019-09-19 14:21:09,340 [main] INFO  server.Server (Server.java:doStart(351)) - jetty-9.3.24.v20180605, build timestamp: 2018-06-05T17:11:56Z, git hash: 84205aa28f11a4f31f2a3b86d1bba2cc8ab69827
2019-09-19 14:21:09,342 [main] INFO  handler.ContextHandler (ContextHandler.java:doStart(781)) - Started o.e.j.s.ServletContextHandler@31834a2b{/logs,file:///workdir/hadoop-ozone/integration-test/target/log,AVAILABLE}
2019-09-19 14:21:09,343 [main] INFO  handler.ContextHandler (ContextHandler.java:doStart(781)) - Started o.e.j.s.ServletContextHandler@22ead351{/static,jar:file:/home/user/.m2/repository/org/apache/hadoop/hadoop-hdds-container-service/0.5.0-SNAPSHOT/hadoop-hdds-container-service-0.5.0-SNAPSHOT.jar!/webapps/static,AVAILABLE}
2019-09-19 14:21:09,368 [main] INFO  handler.ContextHandler (ContextHandler.java:doStart(781)) - Started o.e.j.w.WebAppContext@4776e209{/,file:///tmp/jetty-0.0.0.0-44283-hddsDatanode-_-any-3140757874784158807.dir/webapp/,AVAILABLE}{/hddsDatanode}
2019-09-19 14:21:09,369 [main] INFO  server.AbstractConnector (AbstractConnector.java:doStart(278)) - Started ServerConnector@265a094b{HTTP/1.1,[http/1.1]}{0.0.0.0:44283}
2019-09-19 14:21:09,369 [main] INFO  server.Server (Server.java:doStart(419)) - Started @25494ms
2019-09-19 14:21:09,370 [main] INFO  server.BaseHttpServer (BaseHttpServer.java:updateConnectorAddress(213)) - HTTP server of HDDSDATANODE is listening at http://0.0.0.0:44283
2019-09-19 14:21:09,439 [Datanode State Machine Thread - 0] INFO  datanode.InitDatanodeState (InitDatanodeState.java:persistContainerDatanodeDetails(140)) - DatanodeDetails is persisted to /workdir/hadoop-ozone/integration-test/target/test-dir/MiniOzoneClusterImpl-210d6028-2152-4683-81ff-347b0d29bb13/datanode-0/meta/datanode.id
2019-09-19 14:21:09,511 | INFO  | ObjectStoreRestHttpServer | Listening HDDS REST traffic on /0.0.0.0:39158 |  
2019-09-19 14:21:09,511 [main] INFO  ozone.HddsDatanodeService (HddsDatanodeService.java:startPlugins(395)) - Started plug-in org.apache.hadoop.ozone.web.OzoneHddsDatanodeService@2dff7085
2019-09-19 14:21:09,511 [main] INFO  impl.MetricsSystemImpl (MetricsSystemImpl.java:init(158)) - HddsDatanode metrics system started (again)
2019-09-19 14:21:09,514 [org.apache.hadoop.util.JvmPauseMonitor$Monitor@36311636] INFO  util.JvmPauseMonitor (JvmPauseMonitor.java:run(188)) - Starting JVM pause monitor
2019-09-19 14:21:09,514 [main] INFO  ozone.HddsDatanodeService (HddsDatanodeService.java:start(184)) - HddsDatanodeService host:pr-hdds-1569-swxfz-3172132826 ip:192.168.157.226
2019-09-19 14:21:09,519 [Datanode State Machine Thread - 0] INFO  datanode.InitDatanodeState (InitDatanodeState.java:persistContainerDatanodeDetails(140)) - DatanodeDetails is persisted to /workdir/hadoop-ozone/integration-test/target/test-dir/MiniOzoneClusterImpl-210d6028-2152-4683-81ff-347b0d29bb13/datanode-1/meta/datanode.id
2019-09-19 14:21:09,523 [main] INFO  volume.HddsVolume (HddsVolume.java:<init>(176)) - Creating Volume: /workdir/hadoop-ozone/integration-test/target/test-dir/MiniOzoneClusterImpl-210d6028-2152-4683-81ff-347b0d29bb13/datanode-2/data/containers/hdds of  storage type : DISK and capacity : 1482555576320
2019-09-19 14:21:09,523 [main] INFO  volume.VolumeSet (VolumeSet.java:initializeVolumeSet(170)) - Added Volume : /workdir/hadoop-ozone/integration-test/target/test-dir/MiniOzoneClusterImpl-210d6028-2152-4683-81ff-347b0d29bb13/datanode-2/data/containers/hdds to VolumeSet
2019-09-19 14:21:09,523 [main] INFO  volume.ThrottledAsyncChecker (ThrottledAsyncChecker.java:schedule(140)) - Scheduling a check for org.apache.hadoop.ozone.container.common.volume.HddsVolume@b379bc6
2019-09-19 14:21:09,524 [main] INFO  volume.HddsVolumeChecker (HddsVolumeChecker.java:checkAllVolumes(203)) - Scheduled health check for volume org.apache.hadoop.ozone.container.common.volume.HddsVolume@b379bc6
2019-09-19 14:21:09,537 [main] INFO  impl.RaftServerProxy (ConfUtils.java:logGet(43)) - raft.rpc.type = GRPC (default)
2019-09-19 14:21:09,537 [main] INFO  grpc.GrpcFactory (GrpcFactory.java:checkPooledByteBufAllocatorUseCacheForAllThreads(45)) - PERFORMANCE WARNING: useCacheForAllThreads is true that may cause Netty to create a lot garbage objects and, as a result, trigger GC.
	It is recommended to disable useCacheForAllThreads by setting -Dorg.apache.ratis.thirdparty.io.netty.allocator.useCacheForAllThreads=false in command line.
2019-09-19 14:21:09,538 [main] INFO  grpc.GrpcConfigKeys$Server (ConfUtils.java:logGet(43)) - raft.grpc.server.port = 0 (default)
2019-09-19 14:21:09,538 [main] INFO  server.GrpcService (ConfUtils.java:logGet(43)) - raft.grpc.message.size.max = 33570816 (custom)
2019-09-19 14:21:09,538 [main] INFO  server.RaftServerConfigKeys (ConfUtils.java:logGet(43)) - raft.server.log.appender.buffer.byte-limit = 33554432 (custom)
2019-09-19 14:21:09,538 [main] INFO  server.GrpcService (ConfUtils.java:logGet(43)) - raft.grpc.flow.control.window = 1MB (=1048576) (default)
2019-09-19 14:21:09,539 [main] INFO  server.RaftServerConfigKeys (ConfUtils.java:logGet(43)) - raft.server.rpc.request.timeout = 3000ms (default)
2019-09-19 14:21:09,539 [main] INFO  server.RaftServerConfigKeys (ConfUtils.java:logGet(43)) - raft.server.storage.dir = [/workdir/hadoop-ozone/integration-test/target/test-dir/MiniOzoneClusterImpl-210d6028-2152-4683-81ff-347b0d29bb13/datanode-2/data/ratis] (custom)
2019-09-19 14:21:09,540 [main] INFO  replication.SimpleContainerDownloader (SimpleContainerDownloader.java:<init>(72)) - Starting container downloader service to copy containers to replicate.
2019-09-19 14:21:09,542 [main] INFO  hdfs.DFSUtil (DFSUtil.java:httpServerTemplateForNNAndJN(1641)) - Starting Web-server for hddsDatanode at: http://0.0.0.0:0
2019-09-19 14:21:09,544 [main] INFO  server.AuthenticationFilter (AuthenticationFilter.java:constructSecretProvider(240)) - Unable to initialize FileSignerSecretProvider, falling back to use random secrets.
2019-09-19 14:21:09,544 [main] WARN  http.HttpRequestLog (HttpRequestLog.java:getRequestLog(97)) - Jetty request log can only be enabled using Log4j
2019-09-19 14:21:09,546 [main] INFO  http.HttpServer2 (HttpServer2.java:addGlobalFilter(975)) - Added global filter 'safety' (class=org.apache.hadoop.http.HttpServer2$QuotingInputFilter)
2019-09-19 14:21:09,546 [main] INFO  http.HttpServer2 (HttpServer2.java:addFilter(948)) - Added filter static_user_filter (class=org.apache.hadoop.http.lib.StaticUserWebFilter$StaticUserFilter) to context hddsDatanode
2019-09-19 14:21:09,547 [main] INFO  http.HttpServer2 (HttpServer2.java:addFilter(958)) - Added filter static_user_filter (class=org.apache.hadoop.http.lib.StaticUserWebFilter$StaticUserFilter) to context logs
2019-09-19 14:21:09,547 [main] INFO  http.HttpServer2 (HttpServer2.java:addFilter(958)) - Added filter static_user_filter (class=org.apache.hadoop.http.lib.StaticUserWebFilter$StaticUserFilter) to context static
2019-09-19 14:21:09,547 [main] INFO  http.HttpServer2 (HttpServer2.java:bindListener(1191)) - Jetty bound to port 38122
2019-09-19 14:21:09,548 [main] INFO  server.Server (Server.java:doStart(351)) - jetty-9.3.24.v20180605, build timestamp: 2018-06-05T17:11:56Z, git hash: 84205aa28f11a4f31f2a3b86d1bba2cc8ab69827
2019-09-19 14:21:09,552 [main] INFO  handler.ContextHandler (ContextHandler.java:doStart(781)) - Started o.e.j.s.ServletContextHandler@25791d40{/logs,file:///workdir/hadoop-ozone/integration-test/target/log,AVAILABLE}
2019-09-19 14:21:09,552 [main] INFO  handler.ContextHandler (ContextHandler.java:doStart(781)) - Started o.e.j.s.ServletContextHandler@251c8145{/static,jar:file:/home/user/.m2/repository/org/apache/hadoop/hadoop-hdds-container-service/0.5.0-SNAPSHOT/hadoop-hdds-container-service-0.5.0-SNAPSHOT.jar!/webapps/static,AVAILABLE}
2019-09-19 14:21:09,581 [main] INFO  handler.ContextHandler (ContextHandler.java:doStart(781)) - Started o.e.j.w.WebAppContext@3520958b{/,file:///tmp/jetty-0.0.0.0-38122-hddsDatanode-_-any-3469888502780249936.dir/webapp/,AVAILABLE}{/hddsDatanode}
2019-09-19 14:21:09,582 [main] INFO  server.AbstractConnector (AbstractConnector.java:doStart(278)) - Started ServerConnector@6cc64028{HTTP/1.1,[http/1.1]}{0.0.0.0:38122}
2019-09-19 14:21:09,582 [main] INFO  server.Server (Server.java:doStart(419)) - Started @25707ms
2019-09-19 14:21:09,583 [main] INFO  server.BaseHttpServer (BaseHttpServer.java:updateConnectorAddress(213)) - HTTP server of HDDSDATANODE is listening at http://0.0.0.0:38122
2019-09-19 14:21:09,791 | INFO  | ObjectStoreRestHttpServer | Listening HDDS REST traffic on /0.0.0.0:36869 |  
2019-09-19 14:21:09,791 [main] INFO  ozone.HddsDatanodeService (HddsDatanodeService.java:startPlugins(395)) - Started plug-in org.apache.hadoop.ozone.web.OzoneHddsDatanodeService@53314f76
2019-09-19 14:21:09,792 [main] INFO  impl.MetricsSystemImpl (MetricsSystemImpl.java:init(158)) - HddsDatanode metrics system started (again)
2019-09-19 14:21:09,795 [main] INFO  ozone.HddsDatanodeService (HddsDatanodeService.java:start(184)) - HddsDatanodeService host:pr-hdds-1569-swxfz-3172132826 ip:192.168.157.226
2019-09-19 14:21:09,795 [org.apache.hadoop.util.JvmPauseMonitor$Monitor@c6191ec] INFO  util.JvmPauseMonitor (JvmPauseMonitor.java:run(188)) - Starting JVM pause monitor
2019-09-19 14:21:09,798 [Datanode State Machine Thread - 0] INFO  datanode.InitDatanodeState (InitDatanodeState.java:persistContainerDatanodeDetails(140)) - DatanodeDetails is persisted to /workdir/hadoop-ozone/integration-test/target/test-dir/MiniOzoneClusterImpl-210d6028-2152-4683-81ff-347b0d29bb13/datanode-2/meta/datanode.id
2019-09-19 14:21:09,802 [main] INFO  volume.HddsVolume (HddsVolume.java:<init>(176)) - Creating Volume: /workdir/hadoop-ozone/integration-test/target/test-dir/MiniOzoneClusterImpl-210d6028-2152-4683-81ff-347b0d29bb13/datanode-3/data/containers/hdds of  storage type : DISK and capacity : 1482555576320
2019-09-19 14:21:09,802 [main] INFO  volume.VolumeSet (VolumeSet.java:initializeVolumeSet(170)) - Added Volume : /workdir/hadoop-ozone/integration-test/target/test-dir/MiniOzoneClusterImpl-210d6028-2152-4683-81ff-347b0d29bb13/datanode-3/data/containers/hdds to VolumeSet
2019-09-19 14:21:09,803 [main] INFO  volume.ThrottledAsyncChecker (ThrottledAsyncChecker.java:schedule(140)) - Scheduling a check for org.apache.hadoop.ozone.container.common.volume.HddsVolume@476fde05
2019-09-19 14:21:09,803 [main] INFO  volume.HddsVolumeChecker (HddsVolumeChecker.java:checkAllVolumes(203)) - Scheduled health check for volume org.apache.hadoop.ozone.container.common.volume.HddsVolume@476fde05
2019-09-19 14:21:09,818 [main] INFO  impl.RaftServerProxy (ConfUtils.java:logGet(43)) - raft.rpc.type = GRPC (default)
2019-09-19 14:21:09,818 [main] INFO  grpc.GrpcFactory (GrpcFactory.java:checkPooledByteBufAllocatorUseCacheForAllThreads(45)) - PERFORMANCE WARNING: useCacheForAllThreads is true that may cause Netty to create a lot garbage objects and, as a result, trigger GC.
	It is recommended to disable useCacheForAllThreads by setting -Dorg.apache.ratis.thirdparty.io.netty.allocator.useCacheForAllThreads=false in command line.
2019-09-19 14:21:09,818 [main] INFO  grpc.GrpcConfigKeys$Server (ConfUtils.java:logGet(43)) - raft.grpc.server.port = 0 (default)
2019-09-19 14:21:09,819 [main] INFO  server.GrpcService (ConfUtils.java:logGet(43)) - raft.grpc.message.size.max = 33570816 (custom)
2019-09-19 14:21:09,819 [main] INFO  server.RaftServerConfigKeys (ConfUtils.java:logGet(43)) - raft.server.log.appender.buffer.byte-limit = 33554432 (custom)
2019-09-19 14:21:09,819 [main] INFO  server.GrpcService (ConfUtils.java:logGet(43)) - raft.grpc.flow.control.window = 1MB (=1048576) (default)
2019-09-19 14:21:09,819 [main] INFO  server.RaftServerConfigKeys (ConfUtils.java:logGet(43)) - raft.server.rpc.request.timeout = 3000ms (default)
2019-09-19 14:21:09,820 [main] INFO  server.RaftServerConfigKeys (ConfUtils.java:logGet(43)) - raft.server.storage.dir = [/workdir/hadoop-ozone/integration-test/target/test-dir/MiniOzoneClusterImpl-210d6028-2152-4683-81ff-347b0d29bb13/datanode-3/data/ratis] (custom)
2019-09-19 14:21:09,821 [main] INFO  replication.SimpleContainerDownloader (SimpleContainerDownloader.java:<init>(72)) - Starting container downloader service to copy containers to replicate.
2019-09-19 14:21:09,822 [main] INFO  hdfs.DFSUtil (DFSUtil.java:httpServerTemplateForNNAndJN(1641)) - Starting Web-server for hddsDatanode at: http://0.0.0.0:0
2019-09-19 14:21:09,823 [main] INFO  server.AuthenticationFilter (AuthenticationFilter.java:constructSecretProvider(240)) - Unable to initialize FileSignerSecretProvider, falling back to use random secrets.
2019-09-19 14:21:09,824 [main] WARN  http.HttpRequestLog (HttpRequestLog.java:getRequestLog(97)) - Jetty request log can only be enabled using Log4j
2019-09-19 14:21:09,825 [main] INFO  http.HttpServer2 (HttpServer2.java:addGlobalFilter(975)) - Added global filter 'safety' (class=org.apache.hadoop.http.HttpServer2$QuotingInputFilter)
2019-09-19 14:21:09,826 [main] INFO  http.HttpServer2 (HttpServer2.java:addFilter(948)) - Added filter static_user_filter (class=org.apache.hadoop.http.lib.StaticUserWebFilter$StaticUserFilter) to context hddsDatanode
2019-09-19 14:21:09,826 [main] INFO  http.HttpServer2 (HttpServer2.java:addFilter(958)) - Added filter static_user_filter (class=org.apache.hadoop.http.lib.StaticUserWebFilter$StaticUserFilter) to context logs
2019-09-19 14:21:09,826 [main] INFO  http.HttpServer2 (HttpServer2.java:addFilter(958)) - Added filter static_user_filter (class=org.apache.hadoop.http.lib.StaticUserWebFilter$StaticUserFilter) to context static
2019-09-19 14:21:09,827 [main] INFO  http.HttpServer2 (HttpServer2.java:bindListener(1191)) - Jetty bound to port 39430
2019-09-19 14:21:09,827 [main] INFO  server.Server (Server.java:doStart(351)) - jetty-9.3.24.v20180605, build timestamp: 2018-06-05T17:11:56Z, git hash: 84205aa28f11a4f31f2a3b86d1bba2cc8ab69827
2019-09-19 14:21:09,829 [main] INFO  handler.ContextHandler (ContextHandler.java:doStart(781)) - Started o.e.j.s.ServletContextHandler@4eeab3e{/logs,file:///workdir/hadoop-ozone/integration-test/target/log,AVAILABLE}
2019-09-19 14:21:09,829 [main] INFO  handler.ContextHandler (ContextHandler.java:doStart(781)) - Started o.e.j.s.ServletContextHandler@2eb0cefe{/static,jar:file:/home/user/.m2/repository/org/apache/hadoop/hadoop-hdds-container-service/0.5.0-SNAPSHOT/hadoop-hdds-container-service-0.5.0-SNAPSHOT.jar!/webapps/static,AVAILABLE}
2019-09-19 14:21:09,858 [main] INFO  handler.ContextHandler (ContextHandler.java:doStart(781)) - Started o.e.j.w.WebAppContext@544e3679{/,file:///tmp/jetty-0.0.0.0-39430-hddsDatanode-_-any-3711339438498601046.dir/webapp/,AVAILABLE}{/hddsDatanode}
2019-09-19 14:21:09,858 [main] INFO  server.AbstractConnector (AbstractConnector.java:doStart(278)) - Started ServerConnector@6889f56f{HTTP/1.1,[http/1.1]}{0.0.0.0:39430}
2019-09-19 14:21:09,859 [main] INFO  server.Server (Server.java:doStart(419)) - Started @25984ms
2019-09-19 14:21:09,860 [main] INFO  server.BaseHttpServer (BaseHttpServer.java:updateConnectorAddress(213)) - HTTP server of HDDSDATANODE is listening at http://0.0.0.0:39430
2019-09-19 14:21:10,021 | INFO  | ObjectStoreRestHttpServer | Listening HDDS REST traffic on /0.0.0.0:36400 |  
2019-09-19 14:21:10,021 [main] INFO  ozone.HddsDatanodeService (HddsDatanodeService.java:startPlugins(395)) - Started plug-in org.apache.hadoop.ozone.web.OzoneHddsDatanodeService@6af87130
2019-09-19 14:21:10,022 [main] INFO  impl.MetricsSystemImpl (MetricsSystemImpl.java:init(158)) - HddsDatanode metrics system started (again)
2019-09-19 14:21:10,024 [org.apache.hadoop.util.JvmPauseMonitor$Monitor@47aa203a] INFO  util.JvmPauseMonitor (JvmPauseMonitor.java:run(188)) - Starting JVM pause monitor
2019-09-19 14:21:10,025 [main] INFO  ozone.HddsDatanodeService (HddsDatanodeService.java:start(184)) - HddsDatanodeService host:pr-hdds-1569-swxfz-3172132826 ip:192.168.157.226
2019-09-19 14:21:10,026 [Datanode State Machine Thread - 0] INFO  datanode.InitDatanodeState (InitDatanodeState.java:persistContainerDatanodeDetails(140)) - DatanodeDetails is persisted to /workdir/hadoop-ozone/integration-test/target/test-dir/MiniOzoneClusterImpl-210d6028-2152-4683-81ff-347b0d29bb13/datanode-3/meta/datanode.id
2019-09-19 14:21:10,031 [main] INFO  volume.HddsVolume (HddsVolume.java:<init>(176)) - Creating Volume: /workdir/hadoop-ozone/integration-test/target/test-dir/MiniOzoneClusterImpl-210d6028-2152-4683-81ff-347b0d29bb13/datanode-4/data/containers/hdds of  storage type : DISK and capacity : 1482555576320
2019-09-19 14:21:10,032 [main] INFO  volume.VolumeSet (VolumeSet.java:initializeVolumeSet(170)) - Added Volume : /workdir/hadoop-ozone/integration-test/target/test-dir/MiniOzoneClusterImpl-210d6028-2152-4683-81ff-347b0d29bb13/datanode-4/data/containers/hdds to VolumeSet
2019-09-19 14:21:10,032 [main] INFO  volume.ThrottledAsyncChecker (ThrottledAsyncChecker.java:schedule(140)) - Scheduling a check for org.apache.hadoop.ozone.container.common.volume.HddsVolume@34f7b44f
2019-09-19 14:21:10,032 [main] INFO  volume.HddsVolumeChecker (HddsVolumeChecker.java:checkAllVolumes(203)) - Scheduled health check for volume org.apache.hadoop.ozone.container.common.volume.HddsVolume@34f7b44f
2019-09-19 14:21:10,047 [main] INFO  impl.RaftServerProxy (ConfUtils.java:logGet(43)) - raft.rpc.type = GRPC (default)
2019-09-19 14:21:10,047 [main] INFO  grpc.GrpcFactory (GrpcFactory.java:checkPooledByteBufAllocatorUseCacheForAllThreads(45)) - PERFORMANCE WARNING: useCacheForAllThreads is true that may cause Netty to create a lot garbage objects and, as a result, trigger GC.
	It is recommended to disable useCacheForAllThreads by setting -Dorg.apache.ratis.thirdparty.io.netty.allocator.useCacheForAllThreads=false in command line.
2019-09-19 14:21:10,047 [main] INFO  grpc.GrpcConfigKeys$Server (ConfUtils.java:logGet(43)) - raft.grpc.server.port = 0 (default)
2019-09-19 14:21:10,047 [main] INFO  server.GrpcService (ConfUtils.java:logGet(43)) - raft.grpc.message.size.max = 33570816 (custom)
2019-09-19 14:21:10,048 [main] INFO  server.RaftServerConfigKeys (ConfUtils.java:logGet(43)) - raft.server.log.appender.buffer.byte-limit = 33554432 (custom)
2019-09-19 14:21:10,048 [main] INFO  server.GrpcService (ConfUtils.java:logGet(43)) - raft.grpc.flow.control.window = 1MB (=1048576) (default)
2019-09-19 14:21:10,048 [main] INFO  server.RaftServerConfigKeys (ConfUtils.java:logGet(43)) - raft.server.rpc.request.timeout = 3000ms (default)
2019-09-19 14:21:10,049 [main] INFO  server.RaftServerConfigKeys (ConfUtils.java:logGet(43)) - raft.server.storage.dir = [/workdir/hadoop-ozone/integration-test/target/test-dir/MiniOzoneClusterImpl-210d6028-2152-4683-81ff-347b0d29bb13/datanode-4/data/ratis] (custom)
2019-09-19 14:21:10,049 [main] INFO  replication.SimpleContainerDownloader (SimpleContainerDownloader.java:<init>(72)) - Starting container downloader service to copy containers to replicate.
2019-09-19 14:21:10,051 [main] INFO  hdfs.DFSUtil (DFSUtil.java:httpServerTemplateForNNAndJN(1641)) - Starting Web-server for hddsDatanode at: http://0.0.0.0:0
2019-09-19 14:21:10,052 [main] INFO  server.AuthenticationFilter (AuthenticationFilter.java:constructSecretProvider(240)) - Unable to initialize FileSignerSecretProvider, falling back to use random secrets.
2019-09-19 14:21:10,052 [main] WARN  http.HttpRequestLog (HttpRequestLog.java:getRequestLog(97)) - Jetty request log can only be enabled using Log4j
2019-09-19 14:21:10,054 [main] INFO  http.HttpServer2 (HttpServer2.java:addGlobalFilter(975)) - Added global filter 'safety' (class=org.apache.hadoop.http.HttpServer2$QuotingInputFilter)
2019-09-19 14:21:10,055 [main] INFO  http.HttpServer2 (HttpServer2.java:addFilter(948)) - Added filter static_user_filter (class=org.apache.hadoop.http.lib.StaticUserWebFilter$StaticUserFilter) to context hddsDatanode
2019-09-19 14:21:10,055 [main] INFO  http.HttpServer2 (HttpServer2.java:addFilter(958)) - Added filter static_user_filter (class=org.apache.hadoop.http.lib.StaticUserWebFilter$StaticUserFilter) to context logs
2019-09-19 14:21:10,055 [main] INFO  http.HttpServer2 (HttpServer2.java:addFilter(958)) - Added filter static_user_filter (class=org.apache.hadoop.http.lib.StaticUserWebFilter$StaticUserFilter) to context static
2019-09-19 14:21:10,056 [main] INFO  http.HttpServer2 (HttpServer2.java:bindListener(1191)) - Jetty bound to port 37111
2019-09-19 14:21:10,056 [main] INFO  server.Server (Server.java:doStart(351)) - jetty-9.3.24.v20180605, build timestamp: 2018-06-05T17:11:56Z, git hash: 84205aa28f11a4f31f2a3b86d1bba2cc8ab69827
2019-09-19 14:21:10,058 [main] INFO  handler.ContextHandler (ContextHandler.java:doStart(781)) - Started o.e.j.s.ServletContextHandler@191ec193{/logs,file:///workdir/hadoop-ozone/integration-test/target/log,AVAILABLE}
2019-09-19 14:21:10,058 [main] INFO  handler.ContextHandler (ContextHandler.java:doStart(781)) - Started o.e.j.s.ServletContextHandler@1c7f9861{/static,jar:file:/home/user/.m2/repository/org/apache/hadoop/hadoop-hdds-container-service/0.5.0-SNAPSHOT/hadoop-hdds-container-service-0.5.0-SNAPSHOT.jar!/webapps/static,AVAILABLE}
2019-09-19 14:21:10,087 [main] INFO  handler.ContextHandler (ContextHandler.java:doStart(781)) - Started o.e.j.w.WebAppContext@4eb9ae4d{/,file:///tmp/jetty-0.0.0.0-37111-hddsDatanode-_-any-7180928242617478136.dir/webapp/,AVAILABLE}{/hddsDatanode}
2019-09-19 14:21:10,088 [main] INFO  server.AbstractConnector (AbstractConnector.java:doStart(278)) - Started ServerConnector@5520f675{HTTP/1.1,[http/1.1]}{0.0.0.0:37111}
2019-09-19 14:21:10,088 [main] INFO  server.Server (Server.java:doStart(419)) - Started @26213ms
2019-09-19 14:21:10,089 [main] INFO  server.BaseHttpServer (BaseHttpServer.java:updateConnectorAddress(213)) - HTTP server of HDDSDATANODE is listening at http://0.0.0.0:37111
2019-09-19 14:21:10,244 | INFO  | ObjectStoreRestHttpServer | Listening HDDS REST traffic on /0.0.0.0:36340 |  
2019-09-19 14:21:10,244 [main] INFO  ozone.HddsDatanodeService (HddsDatanodeService.java:startPlugins(395)) - Started plug-in org.apache.hadoop.ozone.web.OzoneHddsDatanodeService@4662752a
2019-09-19 14:21:10,245 [main] INFO  impl.MetricsSystemImpl (MetricsSystemImpl.java:init(158)) - HddsDatanode metrics system started (again)
2019-09-19 14:21:10,248 [org.apache.hadoop.util.JvmPauseMonitor$Monitor@668f3cf] INFO  util.JvmPauseMonitor (JvmPauseMonitor.java:run(188)) - Starting JVM pause monitor
2019-09-19 14:21:10,249 [main] INFO  ozone.HddsDatanodeService (HddsDatanodeService.java:start(184)) - HddsDatanodeService host:pr-hdds-1569-swxfz-3172132826 ip:192.168.157.226
2019-09-19 14:21:10,251 [Datanode State Machine Thread - 0] INFO  datanode.InitDatanodeState (InitDatanodeState.java:persistContainerDatanodeDetails(140)) - DatanodeDetails is persisted to /workdir/hadoop-ozone/integration-test/target/test-dir/MiniOzoneClusterImpl-210d6028-2152-4683-81ff-347b0d29bb13/datanode-4/meta/datanode.id
2019-09-19 14:21:10,256 [main] INFO  volume.HddsVolume (HddsVolume.java:<init>(176)) - Creating Volume: /workdir/hadoop-ozone/integration-test/target/test-dir/MiniOzoneClusterImpl-210d6028-2152-4683-81ff-347b0d29bb13/datanode-5/data/containers/hdds of  storage type : DISK and capacity : 1482555576320
2019-09-19 14:21:10,257 [main] INFO  volume.VolumeSet (VolumeSet.java:initializeVolumeSet(170)) - Added Volume : /workdir/hadoop-ozone/integration-test/target/test-dir/MiniOzoneClusterImpl-210d6028-2152-4683-81ff-347b0d29bb13/datanode-5/data/containers/hdds to VolumeSet
2019-09-19 14:21:10,257 [main] INFO  volume.ThrottledAsyncChecker (ThrottledAsyncChecker.java:schedule(140)) - Scheduling a check for org.apache.hadoop.ozone.container.common.volume.HddsVolume@10a907ec
2019-09-19 14:21:10,257 [main] INFO  volume.HddsVolumeChecker (HddsVolumeChecker.java:checkAllVolumes(203)) - Scheduled health check for volume org.apache.hadoop.ozone.container.common.volume.HddsVolume@10a907ec
2019-09-19 14:21:10,272 [main] INFO  impl.RaftServerProxy (ConfUtils.java:logGet(43)) - raft.rpc.type = GRPC (default)
2019-09-19 14:21:10,272 [main] INFO  grpc.GrpcFactory (GrpcFactory.java:checkPooledByteBufAllocatorUseCacheForAllThreads(45)) - PERFORMANCE WARNING: useCacheForAllThreads is true that may cause Netty to create a lot garbage objects and, as a result, trigger GC.
	It is recommended to disable useCacheForAllThreads by setting -Dorg.apache.ratis.thirdparty.io.netty.allocator.useCacheForAllThreads=false in command line.
2019-09-19 14:21:10,272 [main] INFO  grpc.GrpcConfigKeys$Server (ConfUtils.java:logGet(43)) - raft.grpc.server.port = 0 (default)
2019-09-19 14:21:10,272 [main] INFO  server.GrpcService (ConfUtils.java:logGet(43)) - raft.grpc.message.size.max = 33570816 (custom)
2019-09-19 14:21:10,273 [main] INFO  server.RaftServerConfigKeys (ConfUtils.java:logGet(43)) - raft.server.log.appender.buffer.byte-limit = 33554432 (custom)
2019-09-19 14:21:10,273 [main] INFO  server.GrpcService (ConfUtils.java:logGet(43)) - raft.grpc.flow.control.window = 1MB (=1048576) (default)
2019-09-19 14:21:10,273 [main] INFO  server.RaftServerConfigKeys (ConfUtils.java:logGet(43)) - raft.server.rpc.request.timeout = 3000ms (default)
2019-09-19 14:21:10,274 [main] INFO  server.RaftServerConfigKeys (ConfUtils.java:logGet(43)) - raft.server.storage.dir = [/workdir/hadoop-ozone/integration-test/target/test-dir/MiniOzoneClusterImpl-210d6028-2152-4683-81ff-347b0d29bb13/datanode-5/data/ratis] (custom)
2019-09-19 14:21:10,274 [main] INFO  replication.SimpleContainerDownloader (SimpleContainerDownloader.java:<init>(72)) - Starting container downloader service to copy containers to replicate.
2019-09-19 14:21:10,276 [main] INFO  hdfs.DFSUtil (DFSUtil.java:httpServerTemplateForNNAndJN(1641)) - Starting Web-server for hddsDatanode at: http://0.0.0.0:0
2019-09-19 14:21:10,278 [main] INFO  server.AuthenticationFilter (AuthenticationFilter.java:constructSecretProvider(240)) - Unable to initialize FileSignerSecretProvider, falling back to use random secrets.
2019-09-19 14:21:10,279 [main] WARN  http.HttpRequestLog (HttpRequestLog.java:getRequestLog(97)) - Jetty request log can only be enabled using Log4j
2019-09-19 14:21:10,282 [main] INFO  http.HttpServer2 (HttpServer2.java:addGlobalFilter(975)) - Added global filter 'safety' (class=org.apache.hadoop.http.HttpServer2$QuotingInputFilter)
2019-09-19 14:21:10,283 [main] INFO  http.HttpServer2 (HttpServer2.java:addFilter(948)) - Added filter static_user_filter (class=org.apache.hadoop.http.lib.StaticUserWebFilter$StaticUserFilter) to context hddsDatanode
2019-09-19 14:21:10,283 [main] INFO  http.HttpServer2 (HttpServer2.java:addFilter(958)) - Added filter static_user_filter (class=org.apache.hadoop.http.lib.StaticUserWebFilter$StaticUserFilter) to context static
2019-09-19 14:21:10,284 [main] INFO  http.HttpServer2 (HttpServer2.java:addFilter(958)) - Added filter static_user_filter (class=org.apache.hadoop.http.lib.StaticUserWebFilter$StaticUserFilter) to context logs
2019-09-19 14:21:10,285 [main] INFO  http.HttpServer2 (HttpServer2.java:bindListener(1191)) - Jetty bound to port 33007
2019-09-19 14:21:10,285 [main] INFO  server.Server (Server.java:doStart(351)) - jetty-9.3.24.v20180605, build timestamp: 2018-06-05T17:11:56Z, git hash: 84205aa28f11a4f31f2a3b86d1bba2cc8ab69827
2019-09-19 14:21:10,288 [main] INFO  handler.ContextHandler (ContextHandler.java:doStart(781)) - Started o.e.j.s.ServletContextHandler@4f5c30b1{/logs,file:///workdir/hadoop-ozone/integration-test/target/log,AVAILABLE}
2019-09-19 14:21:10,289 [main] INFO  handler.ContextHandler (ContextHandler.java:doStart(781)) - Started o.e.j.s.ServletContextHandler@5d7f8467{/static,jar:file:/home/user/.m2/repository/org/apache/hadoop/hadoop-hdds-container-service/0.5.0-SNAPSHOT/hadoop-hdds-container-service-0.5.0-SNAPSHOT.jar!/webapps/static,AVAILABLE}
2019-09-19 14:21:10,334 [main] INFO  handler.ContextHandler (ContextHandler.java:doStart(781)) - Started o.e.j.w.WebAppContext@2a484710{/,file:///tmp/jetty-0.0.0.0-33007-hddsDatanode-_-any-1400362749676788359.dir/webapp/,AVAILABLE}{/hddsDatanode}
2019-09-19 14:21:10,336 [main] INFO  server.AbstractConnector (AbstractConnector.java:doStart(278)) - Started ServerConnector@661e1399{HTTP/1.1,[http/1.1]}{0.0.0.0:33007}
2019-09-19 14:21:10,336 [main] INFO  server.Server (Server.java:doStart(419)) - Started @26461ms
2019-09-19 14:21:10,337 [main] INFO  server.BaseHttpServer (BaseHttpServer.java:updateConnectorAddress(213)) - HTTP server of HDDSDATANODE is listening at http://0.0.0.0:33007
2019-09-19 14:21:10,599 | INFO  | ObjectStoreRestHttpServer | Listening HDDS REST traffic on /0.0.0.0:36999 |  
2019-09-19 14:21:10,599 [main] INFO  ozone.HddsDatanodeService (HddsDatanodeService.java:startPlugins(395)) - Started plug-in org.apache.hadoop.ozone.web.OzoneHddsDatanodeService@6e8f2094
2019-09-19 14:21:10,600 [main] INFO  impl.MetricsSystemImpl (MetricsSystemImpl.java:init(158)) - HddsDatanode metrics system started (again)
2019-09-19 14:21:10,604 [org.apache.hadoop.util.JvmPauseMonitor$Monitor@4e604f55] INFO  util.JvmPauseMonitor (JvmPauseMonitor.java:run(188)) - Starting JVM pause monitor
2019-09-19 14:21:10,604 [main] INFO  ozone.HddsDatanodeService (HddsDatanodeService.java:start(184)) - HddsDatanodeService host:pr-hdds-1569-swxfz-3172132826 ip:192.168.157.226
2019-09-19 14:21:10,608 [Datanode State Machine Thread - 0] INFO  datanode.InitDatanodeState (InitDatanodeState.java:persistContainerDatanodeDetails(140)) - DatanodeDetails is persisted to /workdir/hadoop-ozone/integration-test/target/test-dir/MiniOzoneClusterImpl-210d6028-2152-4683-81ff-347b0d29bb13/datanode-5/meta/datanode.id
2019-09-19 14:21:10,613 [main] INFO  volume.HddsVolume (HddsVolume.java:<init>(176)) - Creating Volume: /workdir/hadoop-ozone/integration-test/target/test-dir/MiniOzoneClusterImpl-210d6028-2152-4683-81ff-347b0d29bb13/datanode-6/data/containers/hdds of  storage type : DISK and capacity : 1482555576320
2019-09-19 14:21:10,613 [main] INFO  volume.VolumeSet (VolumeSet.java:initializeVolumeSet(170)) - Added Volume : /workdir/hadoop-ozone/integration-test/target/test-dir/MiniOzoneClusterImpl-210d6028-2152-4683-81ff-347b0d29bb13/datanode-6/data/containers/hdds to VolumeSet
2019-09-19 14:21:10,614 [main] INFO  volume.ThrottledAsyncChecker (ThrottledAsyncChecker.java:schedule(140)) - Scheduling a check for org.apache.hadoop.ozone.container.common.volume.HddsVolume@638afcaa
2019-09-19 14:21:10,614 [main] INFO  volume.HddsVolumeChecker (HddsVolumeChecker.java:checkAllVolumes(203)) - Scheduled health check for volume org.apache.hadoop.ozone.container.common.volume.HddsVolume@638afcaa
2019-09-19 14:21:10,629 [main] INFO  impl.RaftServerProxy (ConfUtils.java:logGet(43)) - raft.rpc.type = GRPC (default)
2019-09-19 14:21:10,629 [main] INFO  grpc.GrpcFactory (GrpcFactory.java:checkPooledByteBufAllocatorUseCacheForAllThreads(45)) - PERFORMANCE WARNING: useCacheForAllThreads is true that may cause Netty to create a lot garbage objects and, as a result, trigger GC.
	It is recommended to disable useCacheForAllThreads by setting -Dorg.apache.ratis.thirdparty.io.netty.allocator.useCacheForAllThreads=false in command line.
2019-09-19 14:21:10,630 [main] INFO  grpc.GrpcConfigKeys$Server (ConfUtils.java:logGet(43)) - raft.grpc.server.port = 0 (default)
2019-09-19 14:21:10,630 [main] INFO  server.GrpcService (ConfUtils.java:logGet(43)) - raft.grpc.message.size.max = 33570816 (custom)
2019-09-19 14:21:10,630 [main] INFO  server.RaftServerConfigKeys (ConfUtils.java:logGet(43)) - raft.server.log.appender.buffer.byte-limit = 33554432 (custom)
2019-09-19 14:21:10,630 [main] INFO  server.GrpcService (ConfUtils.java:logGet(43)) - raft.grpc.flow.control.window = 1MB (=1048576) (default)
2019-09-19 14:21:10,630 [main] INFO  server.RaftServerConfigKeys (ConfUtils.java:logGet(43)) - raft.server.rpc.request.timeout = 3000ms (default)
2019-09-19 14:21:10,631 [main] INFO  server.RaftServerConfigKeys (ConfUtils.java:logGet(43)) - raft.server.storage.dir = [/workdir/hadoop-ozone/integration-test/target/test-dir/MiniOzoneClusterImpl-210d6028-2152-4683-81ff-347b0d29bb13/datanode-6/data/ratis] (custom)
2019-09-19 14:21:10,631 [main] INFO  replication.SimpleContainerDownloader (SimpleContainerDownloader.java:<init>(72)) - Starting container downloader service to copy containers to replicate.
2019-09-19 14:21:10,633 [main] INFO  hdfs.DFSUtil (DFSUtil.java:httpServerTemplateForNNAndJN(1641)) - Starting Web-server for hddsDatanode at: http://0.0.0.0:0
2019-09-19 14:21:10,635 [main] INFO  server.AuthenticationFilter (AuthenticationFilter.java:constructSecretProvider(240)) - Unable to initialize FileSignerSecretProvider, falling back to use random secrets.
2019-09-19 14:21:10,636 [main] WARN  http.HttpRequestLog (HttpRequestLog.java:getRequestLog(97)) - Jetty request log can only be enabled using Log4j
2019-09-19 14:21:10,639 [main] INFO  http.HttpServer2 (HttpServer2.java:addGlobalFilter(975)) - Added global filter 'safety' (class=org.apache.hadoop.http.HttpServer2$QuotingInputFilter)
2019-09-19 14:21:10,640 [main] INFO  http.HttpServer2 (HttpServer2.java:addFilter(948)) - Added filter static_user_filter (class=org.apache.hadoop.http.lib.StaticUserWebFilter$StaticUserFilter) to context hddsDatanode
2019-09-19 14:21:10,640 [main] INFO  http.HttpServer2 (HttpServer2.java:addFilter(958)) - Added filter static_user_filter (class=org.apache.hadoop.http.lib.StaticUserWebFilter$StaticUserFilter) to context static
2019-09-19 14:21:10,640 [main] INFO  http.HttpServer2 (HttpServer2.java:addFilter(958)) - Added filter static_user_filter (class=org.apache.hadoop.http.lib.StaticUserWebFilter$StaticUserFilter) to context logs
2019-09-19 14:21:10,641 [main] INFO  http.HttpServer2 (HttpServer2.java:bindListener(1191)) - Jetty bound to port 35808
2019-09-19 14:21:10,642 [main] INFO  server.Server (Server.java:doStart(351)) - jetty-9.3.24.v20180605, build timestamp: 2018-06-05T17:11:56Z, git hash: 84205aa28f11a4f31f2a3b86d1bba2cc8ab69827
2019-09-19 14:21:10,644 [main] INFO  handler.ContextHandler (ContextHandler.java:doStart(781)) - Started o.e.j.s.ServletContextHandler@11bfffb3{/logs,file:///workdir/hadoop-ozone/integration-test/target/log,AVAILABLE}
2019-09-19 14:21:10,645 [main] INFO  handler.ContextHandler (ContextHandler.java:doStart(781)) - Started o.e.j.s.ServletContextHandler@1c6e3ff9{/static,jar:file:/home/user/.m2/repository/org/apache/hadoop/hadoop-hdds-container-service/0.5.0-SNAPSHOT/hadoop-hdds-container-service-0.5.0-SNAPSHOT.jar!/webapps/static,AVAILABLE}
2019-09-19 14:21:10,691 [main] INFO  handler.ContextHandler (ContextHandler.java:doStart(781)) - Started o.e.j.w.WebAppContext@2eebce87{/,file:///tmp/jetty-0.0.0.0-35808-hddsDatanode-_-any-6821440103438483602.dir/webapp/,AVAILABLE}{/hddsDatanode}
2019-09-19 14:21:10,692 [main] INFO  server.AbstractConnector (AbstractConnector.java:doStart(278)) - Started ServerConnector@6ee37ca7{HTTP/1.1,[http/1.1]}{0.0.0.0:35808}
2019-09-19 14:21:10,693 [main] INFO  server.Server (Server.java:doStart(419)) - Started @26818ms
2019-09-19 14:21:10,694 [main] INFO  server.BaseHttpServer (BaseHttpServer.java:updateConnectorAddress(213)) - HTTP server of HDDSDATANODE is listening at http://0.0.0.0:35808
2019-09-19 14:21:10,890 | INFO  | ObjectStoreRestHttpServer | Listening HDDS REST traffic on /0.0.0.0:35161 |  
2019-09-19 14:21:10,890 [main] INFO  ozone.HddsDatanodeService (HddsDatanodeService.java:startPlugins(395)) - Started plug-in org.apache.hadoop.ozone.web.OzoneHddsDatanodeService@56ec6960
2019-09-19 14:21:10,893 [main] INFO  ozone.MiniOzoneClusterImpl (MiniOzoneClusterImpl.java:lambda$waitForClusterToBeReady$0(142)) - Waiting for cluster to be ready. Got 0 of 7 DN Heartbeats.
2019-09-19 14:21:10,893 [org.apache.hadoop.util.JvmPauseMonitor$Monitor@416651d1] INFO  util.JvmPauseMonitor (JvmPauseMonitor.java:run(188)) - Starting JVM pause monitor
2019-09-19 14:21:10,895 [Datanode State Machine Thread - 0] INFO  datanode.InitDatanodeState (InitDatanodeState.java:persistContainerDatanodeDetails(140)) - DatanodeDetails is persisted to /workdir/hadoop-ozone/integration-test/target/test-dir/MiniOzoneClusterImpl-210d6028-2152-4683-81ff-347b0d29bb13/datanode-6/meta/datanode.id
2019-09-19 14:21:11,350 | INFO  | SCMAudit | user=jenkins1000 | ip=192.168.157.226 | op=GET_VERSION null | ret=SUCCESS |  
2019-09-19 14:21:11,378 [Datanode State Machine Thread - 0] INFO  ozoneimpl.OzoneContainer (OzoneContainer.java:start(186)) - Attempting to start container services.
2019-09-19 14:21:11,379 [Datanode State Machine Thread - 0] INFO  ozoneimpl.OzoneContainer (OzoneContainer.java:startContainerScrub(160)) - Background container scrubber has been disabled by hdds.containerscrub.enabled
2019-09-19 14:21:11,380 [Datanode State Machine Thread - 0] INFO  ratis.XceiverServerRatis (XceiverServerRatis.java:start(404)) - Starting XceiverServerRatis 85c6a9f3-b9a5-43a5-ac4f-9aa7bd5f2263 at port 0
2019-09-19 14:21:11,396 [Datanode State Machine Thread - 0] INFO  impl.RaftServerProxy (RaftServerProxy.java:lambda$start$3(299)) - 85c6a9f3-b9a5-43a5-ac4f-9aa7bd5f2263: start RPC server
2019-09-19 14:21:11,504 [Datanode State Machine Thread - 0] INFO  server.GrpcService (GrpcService.java:startImpl(149)) - 85c6a9f3-b9a5-43a5-ac4f-9aa7bd5f2263: GrpcService started, listening on 0.0.0.0/0.0.0.0:45170
2019-09-19 14:21:11,505 [Datanode State Machine Thread - 0] INFO  ratis.XceiverServerRatis (XceiverServerRatis.java:start(414)) - XceiverServerRatis 85c6a9f3-b9a5-43a5-ac4f-9aa7bd5f2263 is started using port 45170
2019-09-19 14:21:11,507 [Datanode State Machine Thread - 0] INFO  server.XceiverServerGrpc (XceiverServerGrpc.java:start(163)) - XceiverServerGrpc 85c6a9f3-b9a5-43a5-ac4f-9aa7bd5f2263 is started using port 32771
2019-09-19 14:21:11,516 | INFO  | SCMAudit | user=jenkins1000 | ip=192.168.157.226 | op=GET_VERSION null | ret=SUCCESS |  
2019-09-19 14:21:11,531 [Datanode State Machine Thread - 0] INFO  ozoneimpl.OzoneContainer (OzoneContainer.java:start(186)) - Attempting to start container services.
2019-09-19 14:21:11,534 [Datanode State Machine Thread - 0] INFO  ozoneimpl.OzoneContainer (OzoneContainer.java:startContainerScrub(160)) - Background container scrubber has been disabled by hdds.containerscrub.enabled
2019-09-19 14:21:11,534 [Datanode State Machine Thread - 0] INFO  ratis.XceiverServerRatis (XceiverServerRatis.java:start(404)) - Starting XceiverServerRatis 5dfaa0ea-416a-422c-a75d-43311aceb00a at port 0
2019-09-19 14:21:11,541 [Datanode State Machine Thread - 0] INFO  impl.RaftServerProxy (RaftServerProxy.java:lambda$start$3(299)) - 5dfaa0ea-416a-422c-a75d-43311aceb00a: start RPC server
2019-09-19 14:21:11,546 [Datanode State Machine Thread - 0] INFO  server.GrpcService (GrpcService.java:startImpl(149)) - 5dfaa0ea-416a-422c-a75d-43311aceb00a: GrpcService started, listening on 0.0.0.0/0.0.0.0:45629
2019-09-19 14:21:11,546 [Datanode State Machine Thread - 0] INFO  ratis.XceiverServerRatis (XceiverServerRatis.java:start(414)) - XceiverServerRatis 5dfaa0ea-416a-422c-a75d-43311aceb00a is started using port 45629
2019-09-19 14:21:11,548 [Datanode State Machine Thread - 0] INFO  server.XceiverServerGrpc (XceiverServerGrpc.java:start(163)) - XceiverServerGrpc 5dfaa0ea-416a-422c-a75d-43311aceb00a is started using port 46135
2019-09-19 14:21:11,798 | INFO  | SCMAudit | user=jenkins1000 | ip=192.168.157.226 | op=GET_VERSION null | ret=SUCCESS |  
2019-09-19 14:21:11,812 [Datanode State Machine Thread - 0] INFO  ozoneimpl.OzoneContainer (OzoneContainer.java:start(186)) - Attempting to start container services.
2019-09-19 14:21:11,818 [Datanode State Machine Thread - 0] INFO  ozoneimpl.OzoneContainer (OzoneContainer.java:startContainerScrub(160)) - Background container scrubber has been disabled by hdds.containerscrub.enabled
2019-09-19 14:21:11,818 [Datanode State Machine Thread - 0] INFO  ratis.XceiverServerRatis (XceiverServerRatis.java:start(404)) - Starting XceiverServerRatis 306a7a99-f2a5-4f40-b42b-2fc2def08a6a at port 0
2019-09-19 14:21:11,825 [Datanode State Machine Thread - 0] INFO  impl.RaftServerProxy (RaftServerProxy.java:lambda$start$3(299)) - 306a7a99-f2a5-4f40-b42b-2fc2def08a6a: start RPC server
2019-09-19 14:21:11,830 [Datanode State Machine Thread - 0] INFO  server.GrpcService (GrpcService.java:startImpl(149)) - 306a7a99-f2a5-4f40-b42b-2fc2def08a6a: GrpcService started, listening on 0.0.0.0/0.0.0.0:42633
2019-09-19 14:21:11,830 [Datanode State Machine Thread - 0] INFO  ratis.XceiverServerRatis (XceiverServerRatis.java:start(414)) - XceiverServerRatis 306a7a99-f2a5-4f40-b42b-2fc2def08a6a is started using port 42633
2019-09-19 14:21:11,833 [Datanode State Machine Thread - 0] INFO  server.XceiverServerGrpc (XceiverServerGrpc.java:start(163)) - XceiverServerGrpc 306a7a99-f2a5-4f40-b42b-2fc2def08a6a is started using port 39084
2019-09-19 14:21:11,893 [main] INFO  ozone.MiniOzoneClusterImpl (MiniOzoneClusterImpl.java:lambda$waitForClusterToBeReady$0(142)) - Waiting for cluster to be ready. Got 0 of 7 DN Heartbeats.
2019-09-19 14:21:12,027 | INFO  | SCMAudit | user=jenkins1000 | ip=192.168.157.226 | op=GET_VERSION null | ret=SUCCESS |  
2019-09-19 14:21:12,042 [Datanode State Machine Thread - 0] INFO  ozoneimpl.OzoneContainer (OzoneContainer.java:start(186)) - Attempting to start container services.
2019-09-19 14:21:12,042 [Datanode State Machine Thread - 0] INFO  ozoneimpl.OzoneContainer (OzoneContainer.java:startContainerScrub(160)) - Background container scrubber has been disabled by hdds.containerscrub.enabled
2019-09-19 14:21:12,042 [Datanode State Machine Thread - 0] INFO  ratis.XceiverServerRatis (XceiverServerRatis.java:start(404)) - Starting XceiverServerRatis 6403e584-2209-453b-b79e-eeb0a7b58516 at port 0
2019-09-19 14:21:12,051 [Datanode State Machine Thread - 0] INFO  impl.RaftServerProxy (RaftServerProxy.java:lambda$start$3(299)) - 6403e584-2209-453b-b79e-eeb0a7b58516: start RPC server
2019-09-19 14:21:12,055 [Datanode State Machine Thread - 0] INFO  server.GrpcService (GrpcService.java:startImpl(149)) - 6403e584-2209-453b-b79e-eeb0a7b58516: GrpcService started, listening on 0.0.0.0/0.0.0.0:35833
2019-09-19 14:21:12,055 [Datanode State Machine Thread - 0] INFO  ratis.XceiverServerRatis (XceiverServerRatis.java:start(414)) - XceiverServerRatis 6403e584-2209-453b-b79e-eeb0a7b58516 is started using port 35833
2019-09-19 14:21:12,058 [Datanode State Machine Thread - 0] INFO  server.XceiverServerGrpc (XceiverServerGrpc.java:start(163)) - XceiverServerGrpc 6403e584-2209-453b-b79e-eeb0a7b58516 is started using port 36758
2019-09-19 14:21:12,251 | INFO  | SCMAudit | user=jenkins1000 | ip=192.168.157.226 | op=GET_VERSION null | ret=SUCCESS |  
2019-09-19 14:21:12,265 [Datanode State Machine Thread - 0] INFO  ozoneimpl.OzoneContainer (OzoneContainer.java:start(186)) - Attempting to start container services.
2019-09-19 14:21:12,265 [Datanode State Machine Thread - 0] INFO  ozoneimpl.OzoneContainer (OzoneContainer.java:startContainerScrub(160)) - Background container scrubber has been disabled by hdds.containerscrub.enabled
2019-09-19 14:21:12,266 [Datanode State Machine Thread - 0] INFO  ratis.XceiverServerRatis (XceiverServerRatis.java:start(404)) - Starting XceiverServerRatis 1190b9a7-12b1-4c15-b33e-f7d0a0cd436c at port 0
2019-09-19 14:21:12,273 [Datanode State Machine Thread - 0] INFO  impl.RaftServerProxy (RaftServerProxy.java:lambda$start$3(299)) - 1190b9a7-12b1-4c15-b33e-f7d0a0cd436c: start RPC server
2019-09-19 14:21:12,277 [Datanode State Machine Thread - 0] INFO  server.GrpcService (GrpcService.java:startImpl(149)) - 1190b9a7-12b1-4c15-b33e-f7d0a0cd436c: GrpcService started, listening on 0.0.0.0/0.0.0.0:34463
2019-09-19 14:21:12,277 [Datanode State Machine Thread - 0] INFO  ratis.XceiverServerRatis (XceiverServerRatis.java:start(414)) - XceiverServerRatis 1190b9a7-12b1-4c15-b33e-f7d0a0cd436c is started using port 34463
2019-09-19 14:21:12,281 [Datanode State Machine Thread - 0] INFO  server.XceiverServerGrpc (XceiverServerGrpc.java:start(163)) - XceiverServerGrpc 1190b9a7-12b1-4c15-b33e-f7d0a0cd436c is started using port 36774
2019-09-19 14:21:12,607 | INFO  | SCMAudit | user=jenkins1000 | ip=192.168.157.226 | op=GET_VERSION null | ret=SUCCESS |  
2019-09-19 14:21:12,621 [Datanode State Machine Thread - 0] INFO  ozoneimpl.OzoneContainer (OzoneContainer.java:start(186)) - Attempting to start container services.
2019-09-19 14:21:12,622 [Datanode State Machine Thread - 0] INFO  ozoneimpl.OzoneContainer (OzoneContainer.java:startContainerScrub(160)) - Background container scrubber has been disabled by hdds.containerscrub.enabled
2019-09-19 14:21:12,622 [Datanode State Machine Thread - 0] INFO  ratis.XceiverServerRatis (XceiverServerRatis.java:start(404)) - Starting XceiverServerRatis 431517c4-8c09-4790-b37b-2e132c8143ad at port 0
2019-09-19 14:21:12,631 [Datanode State Machine Thread - 0] INFO  impl.RaftServerProxy (RaftServerProxy.java:lambda$start$3(299)) - 431517c4-8c09-4790-b37b-2e132c8143ad: start RPC server
2019-09-19 14:21:12,634 [Datanode State Machine Thread - 0] INFO  server.GrpcService (GrpcService.java:startImpl(149)) - 431517c4-8c09-4790-b37b-2e132c8143ad: GrpcService started, listening on 0.0.0.0/0.0.0.0:40911
2019-09-19 14:21:12,634 [Datanode State Machine Thread - 0] INFO  ratis.XceiverServerRatis (XceiverServerRatis.java:start(414)) - XceiverServerRatis 431517c4-8c09-4790-b37b-2e132c8143ad is started using port 40911
2019-09-19 14:21:12,638 [Datanode State Machine Thread - 0] INFO  server.XceiverServerGrpc (XceiverServerGrpc.java:start(163)) - XceiverServerGrpc 431517c4-8c09-4790-b37b-2e132c8143ad is started using port 43807
2019-09-19 14:21:12,894 [main] INFO  ozone.MiniOzoneClusterImpl (MiniOzoneClusterImpl.java:lambda$waitForClusterToBeReady$0(142)) - Waiting for cluster to be ready. Got 0 of 7 DN Heartbeats.
2019-09-19 14:21:12,896 | INFO  | SCMAudit | user=jenkins1000 | ip=192.168.157.226 | op=GET_VERSION null | ret=SUCCESS |  
2019-09-19 14:21:12,925 [Datanode State Machine Thread - 0] INFO  ozoneimpl.OzoneContainer (OzoneContainer.java:start(186)) - Attempting to start container services.
2019-09-19 14:21:12,925 [Datanode State Machine Thread - 0] INFO  ozoneimpl.OzoneContainer (OzoneContainer.java:startContainerScrub(160)) - Background container scrubber has been disabled by hdds.containerscrub.enabled
2019-09-19 14:21:12,925 [Datanode State Machine Thread - 0] INFO  ratis.XceiverServerRatis (XceiverServerRatis.java:start(404)) - Starting XceiverServerRatis 56d21ab3-8f6d-44ea-b961-c721a1c09246 at port 0
2019-09-19 14:21:12,933 [Datanode State Machine Thread - 0] INFO  impl.RaftServerProxy (RaftServerProxy.java:lambda$start$3(299)) - 56d21ab3-8f6d-44ea-b961-c721a1c09246: start RPC server
2019-09-19 14:21:12,938 [Datanode State Machine Thread - 0] INFO  server.GrpcService (GrpcService.java:startImpl(149)) - 56d21ab3-8f6d-44ea-b961-c721a1c09246: GrpcService started, listening on 0.0.0.0/0.0.0.0:39258
2019-09-19 14:21:12,938 [Datanode State Machine Thread - 0] INFO  ratis.XceiverServerRatis (XceiverServerRatis.java:start(414)) - XceiverServerRatis 56d21ab3-8f6d-44ea-b961-c721a1c09246 is started using port 39258
2019-09-19 14:21:12,942 [Datanode State Machine Thread - 0] INFO  server.XceiverServerGrpc (XceiverServerGrpc.java:start(163)) - XceiverServerGrpc 56d21ab3-8f6d-44ea-b961-c721a1c09246 is started using port 45420
2019-09-19 14:21:13,357 [IPC Server handler 4 on 40736] INFO  net.NetworkTopology (NetworkTopologyImpl.java:add(110)) - Added a new node: /default-rack/85c6a9f3-b9a5-43a5-ac4f-9aa7bd5f2263
2019-09-19 14:21:13,358 [IPC Server handler 4 on 40736] INFO  node.SCMNodeManager (SCMNodeManager.java:register(273)) - Registered Data node : 85c6a9f3-b9a5-43a5-ac4f-9aa7bd5f2263{ip: 192.168.157.226, host: pr-hdds-1569-swxfz-3172132826, networkLocation: /default-rack, certSerialId: null}
2019-09-19 14:21:13,365 [EventQueue-NodeRegistrationContainerReportForDataNodeSafeModeRule] INFO  safemode.SCMSafeModeManager (DataNodeSafeModeRule.java:process(71)) - SCM in safe mode. 1 DataNodes registered, 1 required.
2019-09-19 14:21:13,367 [EventQueue-NodeRegistrationContainerReportForDataNodeSafeModeRule] INFO  safemode.SCMSafeModeManager (SCMSafeModeManager.java:validateSafeModeExitRules(177)) - ScmSafeModeManager, all rules are successfully validated
2019-09-19 14:21:13,370 [EventQueue-NodeRegistrationContainerReportForDataNodeSafeModeRule] INFO  safemode.SCMSafeModeManager (SCMSafeModeManager.java:exitSafeMode(193)) - SCM exiting safe mode.
2019-09-19 14:21:13,378 | INFO  | SCMAudit | user=jenkins1000 | ip=192.168.157.226 | op=REGISTER {datanodeDetails=85c6a9f3-b9a5-43a5-ac4f-9aa7bd5f2263{ip: 192.168.157.226, host: pr-hdds-1569-swxfz-3172132826, networkLocation: /default-rack, certSerialId: null}} | ret=SUCCESS |  
2019-09-19 14:21:13,516 [IPC Server handler 8 on 40736] INFO  net.NetworkTopology (NetworkTopologyImpl.java:add(110)) - Added a new node: /default-rack/5dfaa0ea-416a-422c-a75d-43311aceb00a
2019-09-19 14:21:13,518 [IPC Server handler 8 on 40736] INFO  node.SCMNodeManager (SCMNodeManager.java:register(273)) - Registered Data node : 5dfaa0ea-416a-422c-a75d-43311aceb00a{ip: 192.168.157.226, host: pr-hdds-1569-swxfz-3172132826, networkLocation: /default-rack, certSerialId: null}
2019-09-19 14:21:13,518 | INFO  | SCMAudit | user=jenkins1000 | ip=192.168.157.226 | op=REGISTER {datanodeDetails=5dfaa0ea-416a-422c-a75d-43311aceb00a{ip: 192.168.157.226, host: pr-hdds-1569-swxfz-3172132826, networkLocation: /default-rack, certSerialId: null}} | ret=SUCCESS |  
2019-09-19 14:21:14,105 [main] INFO  ozone.MiniOzoneClusterImpl (MiniOzoneClusterImpl.java:lambda$waitForClusterToBeReady$0(142)) - Waiting for cluster to be ready. Got 2 of 7 DN Heartbeats.
2019-09-19 14:21:14,114 [IPC Server handler 2 on 40736] INFO  net.NetworkTopology (NetworkTopologyImpl.java:add(110)) - Added a new node: /default-rack/306a7a99-f2a5-4f40-b42b-2fc2def08a6a
2019-09-19 14:21:14,114 [IPC Server handler 4 on 40736] INFO  net.NetworkTopology (NetworkTopologyImpl.java:add(110)) - Added a new node: /default-rack/6403e584-2209-453b-b79e-eeb0a7b58516
2019-09-19 14:21:14,115 [IPC Server handler 2 on 40736] INFO  node.SCMNodeManager (SCMNodeManager.java:register(273)) - Registered Data node : 306a7a99-f2a5-4f40-b42b-2fc2def08a6a{ip: 192.168.157.226, host: pr-hdds-1569-swxfz-3172132826, networkLocation: /default-rack, certSerialId: null}
2019-09-19 14:21:14,115 [IPC Server handler 4 on 40736] INFO  node.SCMNodeManager (SCMNodeManager.java:register(273)) - Registered Data node : 6403e584-2209-453b-b79e-eeb0a7b58516{ip: 192.168.157.226, host: pr-hdds-1569-swxfz-3172132826, networkLocation: /default-rack, certSerialId: null}
2019-09-19 14:21:14,115 | INFO  | SCMAudit | user=jenkins1000 | ip=192.168.157.226 | op=REGISTER {datanodeDetails=6403e584-2209-453b-b79e-eeb0a7b58516{ip: 192.168.157.226, host: pr-hdds-1569-swxfz-3172132826, networkLocation: /default-rack, certSerialId: null}} | ret=SUCCESS |  
2019-09-19 14:21:14,115 | INFO  | SCMAudit | user=jenkins1000 | ip=192.168.157.226 | op=REGISTER {datanodeDetails=306a7a99-f2a5-4f40-b42b-2fc2def08a6a{ip: 192.168.157.226, host: pr-hdds-1569-swxfz-3172132826, networkLocation: /default-rack, certSerialId: null}} | ret=SUCCESS |  
2019-09-19 14:21:14,252 [IPC Server handler 8 on 40736] INFO  net.NetworkTopology (NetworkTopologyImpl.java:add(110)) - Added a new node: /default-rack/1190b9a7-12b1-4c15-b33e-f7d0a0cd436c
2019-09-19 14:21:14,252 [IPC Server handler 8 on 40736] INFO  node.SCMNodeManager (SCMNodeManager.java:register(273)) - Registered Data node : 1190b9a7-12b1-4c15-b33e-f7d0a0cd436c{ip: 192.168.157.226, host: pr-hdds-1569-swxfz-3172132826, networkLocation: /default-rack, certSerialId: null}
2019-09-19 14:21:14,253 | INFO  | SCMAudit | user=jenkins1000 | ip=192.168.157.226 | op=REGISTER {datanodeDetails=1190b9a7-12b1-4c15-b33e-f7d0a0cd436c{ip: 192.168.157.226, host: pr-hdds-1569-swxfz-3172132826, networkLocation: /default-rack, certSerialId: null}} | ret=SUCCESS |  
2019-09-19 14:21:14,310 [grpc-default-executor-0] INFO  impl.RaftServerProxy (RaftServerProxy.java:addNew(89)) - 85c6a9f3-b9a5-43a5-ac4f-9aa7bd5f2263: addNew group-3D02232942D1:[85c6a9f3-b9a5-43a5-ac4f-9aa7bd5f2263:192.168.157.226:45170] returns group-3D02232942D1:java.util.concurrent.CompletableFuture@36b6b138[Not completed]
2019-09-19 14:21:14,326 [pool-27-thread-1] INFO  impl.RaftServerImpl (RaftServerImpl.java:<init>(93)) - 85c6a9f3-b9a5-43a5-ac4f-9aa7bd5f2263: new RaftServerImpl for group-3D02232942D1:[85c6a9f3-b9a5-43a5-ac4f-9aa7bd5f2263:192.168.157.226:45170] with ContainerStateMachine:uninitialized
2019-09-19 14:21:14,328 [pool-27-thread-1] INFO  server.RaftServerConfigKeys (ConfUtils.java:logGet(43)) - raft.server.rpc.timeout.min = 5s (custom)
2019-09-19 14:21:14,330 [pool-27-thread-1] INFO  server.RaftServerConfigKeys (ConfUtils.java:logGet(43)) - raft.server.rpc.timeout.max = 5200ms (custom)
2019-09-19 14:21:14,330 [pool-27-thread-1] INFO  server.RaftServerConfigKeys (ConfUtils.java:logGet(43)) - raft.server.rpcslowness.timeout = 120s (custom)
2019-09-19 14:21:14,331 [pool-27-thread-1] INFO  server.RaftServerConfigKeys (ConfUtils.java:logGet(43)) - raft.server.sleep.deviation.threshold = 300 (default)
2019-09-19 14:21:14,332 [pool-27-thread-1] INFO  server.RaftServerConfigKeys (ConfUtils.java:logGet(43)) - raft.server.log.appender.install.snapshot.enabled = false (custom)
2019-09-19 14:21:14,341 [pool-27-thread-1] INFO  impl.RaftServerImpl (ServerState.java:<init>(105)) - 85c6a9f3-b9a5-43a5-ac4f-9aa7bd5f2263:group-3D02232942D1 ConfigurationManager, init=-1: [85c6a9f3-b9a5-43a5-ac4f-9aa7bd5f2263:192.168.157.226:45170], old=null, confs=<EMPTY_MAP>
2019-09-19 14:21:14,342 [pool-27-thread-1] INFO  server.RaftServerConfigKeys (ConfUtils.java:logGet(43)) - raft.server.storage.dir = [/workdir/hadoop-ozone/integration-test/target/test-dir/MiniOzoneClusterImpl-210d6028-2152-4683-81ff-347b0d29bb13/datanode-0/data/ratis] (custom)
2019-09-19 14:21:14,352 [pool-27-thread-1] INFO  storage.RaftStorageDirectory (RaftStorageDirectory.java:analyzeStorage(246)) - The storage directory /workdir/hadoop-ozone/integration-test/target/test-dir/MiniOzoneClusterImpl-210d6028-2152-4683-81ff-347b0d29bb13/datanode-0/data/ratis/f125382e-ce4a-42eb-9a0e-3d02232942d1 does not exist. Creating ...
2019-09-19 14:21:14,379 [pool-27-thread-1] INFO  storage.RaftStorageDirectory (RaftStorageDirectory.java:tryLock(328)) - Lock on /workdir/hadoop-ozone/integration-test/target/test-dir/MiniOzoneClusterImpl-210d6028-2152-4683-81ff-347b0d29bb13/datanode-0/data/ratis/f125382e-ce4a-42eb-9a0e-3d02232942d1/in_use.lock acquired by nodename 16198@pr-hdds-1569-swxfz-3172132826
2019-09-19 14:21:14,385 [pool-27-thread-1] INFO  storage.RaftStorage (RaftStorage.java:format(72)) - Storage directory /workdir/hadoop-ozone/integration-test/target/test-dir/MiniOzoneClusterImpl-210d6028-2152-4683-81ff-347b0d29bb13/datanode-0/data/ratis/f125382e-ce4a-42eb-9a0e-3d02232942d1 has been successfully formatted.
2019-09-19 14:21:14,388 [pool-27-thread-1] INFO  ratis.ContainerStateMachine (ContainerStateMachine.java:loadSnapshot(226)) - group-3D02232942D1: The snapshot info is null. Setting the last applied indexto:(t:0, i:~)
2019-09-19 14:21:14,388 [pool-27-thread-1] INFO  server.RaftServerConfigKeys (ConfUtils.java:logGet(43)) - raft.server.leader.election.timeout = 120s (custom)
2019-09-19 14:21:14,390 [pool-27-thread-1] INFO  server.RaftServerConfigKeys (ConfUtils.java:logGet(43)) - raft.server.log.use.memory = false (default)
2019-09-19 14:21:14,397 [pool-27-thread-1] INFO  server.RaftServerConfigKeys (ConfUtils.java:logGet(43)) - raft.server.log.purge.gap = 1000000 (custom)
2019-09-19 14:21:14,397 [pool-27-thread-1] INFO  server.RaftServerConfigKeys (ConfUtils.java:logGet(43)) - raft.server.log.appender.buffer.byte-limit = 33554432 (custom)
2019-09-19 14:21:14,399 [pool-27-thread-1] INFO  server.RaftServerConfigKeys (ConfUtils.java:logGet(43)) - raft.server.log.segment.size.max = 1048576 (custom)
2019-09-19 14:21:14,404 [pool-27-thread-1] INFO  server.RaftServerConfigKeys (ConfUtils.java:logGet(43)) - raft.server.log.segment.cache.num.max = 2 (custom)
2019-09-19 14:21:14,410 [pool-27-thread-1] INFO  segmented.SegmentedRaftLogWorker (SegmentedRaftLogWorker.java:<init>(172)) - new 85c6a9f3-b9a5-43a5-ac4f-9aa7bd5f2263-SegmentedRaftLogWorker:Storage Directory /workdir/hadoop-ozone/integration-test/target/test-dir/MiniOzoneClusterImpl-210d6028-2152-4683-81ff-347b0d29bb13/datanode-0/data/ratis/f125382e-ce4a-42eb-9a0e-3d02232942d1 for RaftStorage:Storage Directory /workdir/hadoop-ozone/integration-test/target/test-dir/MiniOzoneClusterImpl-210d6028-2152-4683-81ff-347b0d29bb13/datanode-0/data/ratis/f125382e-ce4a-42eb-9a0e-3d02232942d1
2019-09-19 14:21:14,423 [pool-27-thread-1] INFO  server.RaftServerConfigKeys (ConfUtils.java:logGet(43)) - raft.server.log.queue.byte-limit = 2147483647 (custom)
2019-09-19 14:21:14,423 [pool-27-thread-1] INFO  server.RaftServerConfigKeys (ConfUtils.java:logGet(43)) - raft.server.log.queue.element-limit = 1024 (custom)
2019-09-19 14:21:14,432 [pool-27-thread-1] INFO  server.RaftServerConfigKeys (ConfUtils.java:logGet(43)) - raft.server.log.segment.size.max = 1048576 (custom)
2019-09-19 14:21:14,433 [pool-27-thread-1] INFO  server.RaftServerConfigKeys (ConfUtils.java:logGet(43)) - raft.server.log.preallocated.size = 16384 (custom)
2019-09-19 14:21:14,433 [pool-27-thread-1] INFO  server.RaftServerConfigKeys (ConfUtils.java:logGet(43)) - raft.server.log.write.buffer.size = 33554432 (custom)
2019-09-19 14:21:14,434 [pool-27-thread-1] INFO  server.RaftServerConfigKeys (ConfUtils.java:logGet(43)) - raft.server.log.force.sync.num = 128 (default)
2019-09-19 14:21:14,435 [pool-27-thread-1] INFO  server.RaftServerConfigKeys (ConfUtils.java:logGet(43)) - raft.server.log.statemachine.data.sync = true (default)
2019-09-19 14:21:14,435 [pool-27-thread-1] INFO  server.RaftServerConfigKeys (ConfUtils.java:logGet(43)) - raft.server.log.statemachine.data.sync.timeout = 10s (default)
2019-09-19 14:21:14,435 [pool-27-thread-1] INFO  server.RaftServerConfigKeys (ConfUtils.java:logGet(43)) - raft.server.log.statemachine.data.sync.timeout.retry = -1 (default)
2019-09-19 14:21:14,444 [pool-27-thread-1] INFO  server.RaftServerConfigKeys (ConfUtils.java:logGet(43)) - raft.server.log.statemachine.data.caching.enabled = true (custom)
2019-09-19 14:21:14,449 [pool-27-thread-1] INFO  segmented.SegmentedRaftLogWorker (SegmentedRaftLogWorker.java:lambda$new$0(132)) - 85c6a9f3-b9a5-43a5-ac4f-9aa7bd5f2263-SegmentedRaftLogWorker:Storage Directory /workdir/hadoop-ozone/integration-test/target/test-dir/MiniOzoneClusterImpl-210d6028-2152-4683-81ff-347b0d29bb13/datanode-0/data/ratis/f125382e-ce4a-42eb-9a0e-3d02232942d1: flushIndex: setUnconditionally 0 -> -1
2019-09-19 14:21:14,453 [pool-27-thread-1] INFO  server.RaftServerConfigKeys (ConfUtils.java:logGet(43)) - raft.server.snapshot.auto.trigger.enabled = true (custom)
2019-09-19 14:21:14,454 [pool-27-thread-1] INFO  server.RaftServerConfigKeys (ConfUtils.java:logGet(43)) - raft.server.snapshot.auto.trigger.threshold = 10000 (custom)
2019-09-19 14:21:14,454 [pool-27-thread-1] INFO  server.RaftServerConfigKeys (ConfUtils.java:logGet(43)) - raft.server.retrycache.expirytime = 600000ms (custom)
2019-09-19 14:21:14,474 [pool-27-thread-1] INFO  impl.RaftServerImpl (RaftServerImpl.java:start(180)) - 85c6a9f3-b9a5-43a5-ac4f-9aa7bd5f2263: start group-3D02232942D1
2019-09-19 14:21:14,475 [pool-27-thread-1] INFO  impl.RaftServerImpl (RaftServerImpl.java:setRole(171)) - 85c6a9f3-b9a5-43a5-ac4f-9aa7bd5f2263:group-3D02232942D1 changes role from null to FOLLOWER at term 0 for startAsFollower
2019-09-19 14:21:14,476 [pool-27-thread-1] INFO  impl.RoleInfo (RoleInfo.java:updateAndGet(143)) - 85c6a9f3-b9a5-43a5-ac4f-9aa7bd5f2263: start FollowerState
2019-09-19 14:21:14,492 [pool-27-thread-1] INFO  util.JmxRegister (JmxRegister.java:tryRegister(44)) - Successfully registered JMX Bean with object name Ratis:service=RaftServer,group=group-3D02232942D1,id=85c6a9f3-b9a5-43a5-ac4f-9aa7bd5f2263
2019-09-19 14:21:14,553 [RatisPipelineUtilsThread] INFO  pipeline.PipelineStateManager (PipelineStateManager.java:addPipeline(56)) - Created pipeline Pipeline[ Id: f125382e-ce4a-42eb-9a0e-3d02232942d1, Nodes: 85c6a9f3-b9a5-43a5-ac4f-9aa7bd5f2263{ip: 192.168.157.226, host: pr-hdds-1569-swxfz-3172132826, networkLocation: /default-rack, certSerialId: null}, Type:RATIS, Factor:ONE, State:OPEN]
2019-09-19 14:21:14,591 [grpc-default-executor-0] INFO  impl.RaftServerProxy (RaftServerProxy.java:addNew(89)) - 5dfaa0ea-416a-422c-a75d-43311aceb00a: addNew group-D56FA9716ECE:[5dfaa0ea-416a-422c-a75d-43311aceb00a:192.168.157.226:45629] returns group-D56FA9716ECE:java.util.concurrent.CompletableFuture@56def5b6[Not completed]
2019-09-19 14:21:14,641 [pool-38-thread-1] INFO  impl.RaftServerImpl (RaftServerImpl.java:<init>(93)) - 5dfaa0ea-416a-422c-a75d-43311aceb00a: new RaftServerImpl for group-D56FA9716ECE:[5dfaa0ea-416a-422c-a75d-43311aceb00a:192.168.157.226:45629] with ContainerStateMachine:uninitialized
2019-09-19 14:21:14,642 [IPC Server handler 1 on 40736] INFO  net.NetworkTopology (NetworkTopologyImpl.java:add(110)) - Added a new node: /default-rack/431517c4-8c09-4790-b37b-2e132c8143ad
2019-09-19 14:21:14,643 [pool-38-thread-1] INFO  server.RaftServerConfigKeys (ConfUtils.java:logGet(43)) - raft.server.rpc.timeout.min = 5s (custom)
2019-09-19 14:21:14,643 [IPC Server handler 1 on 40736] INFO  node.SCMNodeManager (SCMNodeManager.java:register(273)) - Registered Data node : 431517c4-8c09-4790-b37b-2e132c8143ad{ip: 192.168.157.226, host: pr-hdds-1569-swxfz-3172132826, networkLocation: /default-rack, certSerialId: null}
2019-09-19 14:21:14,643 [pool-38-thread-1] INFO  server.RaftServerConfigKeys (ConfUtils.java:logGet(43)) - raft.server.rpc.timeout.max = 5200ms (custom)
2019-09-19 14:21:14,643 | INFO  | SCMAudit | user=jenkins1000 | ip=192.168.157.226 | op=REGISTER {datanodeDetails=431517c4-8c09-4790-b37b-2e132c8143ad{ip: 192.168.157.226, host: pr-hdds-1569-swxfz-3172132826, networkLocation: /default-rack, certSerialId: null}} | ret=SUCCESS |  
2019-09-19 14:21:14,643 [pool-38-thread-1] INFO  server.RaftServerConfigKeys (ConfUtils.java:logGet(43)) - raft.server.rpcslowness.timeout = 120s (custom)
2019-09-19 14:21:14,644 [pool-38-thread-1] INFO  server.RaftServerConfigKeys (ConfUtils.java:logGet(43)) - raft.server.sleep.deviation.threshold = 300 (default)
2019-09-19 14:21:14,644 [pool-38-thread-1] INFO  server.RaftServerConfigKeys (ConfUtils.java:logGet(43)) - raft.server.log.appender.install.snapshot.enabled = false (custom)
2019-09-19 14:21:14,644 [pool-38-thread-1] INFO  impl.RaftServerImpl (ServerState.java:<init>(105)) - 5dfaa0ea-416a-422c-a75d-43311aceb00a:group-D56FA9716ECE ConfigurationManager, init=-1: [5dfaa0ea-416a-422c-a75d-43311aceb00a:192.168.157.226:45629], old=null, confs=<EMPTY_MAP>
2019-09-19 14:21:14,644 [pool-38-thread-1] INFO  server.RaftServerConfigKeys (ConfUtils.java:logGet(43)) - raft.server.storage.dir = [/workdir/hadoop-ozone/integration-test/target/test-dir/MiniOzoneClusterImpl-210d6028-2152-4683-81ff-347b0d29bb13/datanode-1/data/ratis] (custom)
2019-09-19 14:21:14,645 [pool-38-thread-1] INFO  storage.RaftStorageDirectory (RaftStorageDirectory.java:analyzeStorage(246)) - The storage directory /workdir/hadoop-ozone/integration-test/target/test-dir/MiniOzoneClusterImpl-210d6028-2152-4683-81ff-347b0d29bb13/datanode-1/data/ratis/1fd5f007-ae07-49eb-b759-d56fa9716ece does not exist. Creating ...
2019-09-19 14:21:14,659 [pool-38-thread-1] INFO  storage.RaftStorageDirectory (RaftStorageDirectory.java:tryLock(328)) - Lock on /workdir/hadoop-ozone/integration-test/target/test-dir/MiniOzoneClusterImpl-210d6028-2152-4683-81ff-347b0d29bb13/datanode-1/data/ratis/1fd5f007-ae07-49eb-b759-d56fa9716ece/in_use.lock acquired by nodename 16198@pr-hdds-1569-swxfz-3172132826
2019-09-19 14:21:14,663 [pool-38-thread-1] INFO  storage.RaftStorage (RaftStorage.java:format(72)) - Storage directory /workdir/hadoop-ozone/integration-test/target/test-dir/MiniOzoneClusterImpl-210d6028-2152-4683-81ff-347b0d29bb13/datanode-1/data/ratis/1fd5f007-ae07-49eb-b759-d56fa9716ece has been successfully formatted.
2019-09-19 14:21:14,665 [pool-38-thread-1] INFO  ratis.ContainerStateMachine (ContainerStateMachine.java:loadSnapshot(226)) - group-D56FA9716ECE: The snapshot info is null. Setting the last applied indexto:(t:0, i:~)
2019-09-19 14:21:14,667 [pool-38-thread-1] INFO  server.RaftServerConfigKeys (ConfUtils.java:logGet(43)) - raft.server.leader.election.timeout = 120s (custom)
2019-09-19 14:21:14,667 [pool-38-thread-1] INFO  server.RaftServerConfigKeys (ConfUtils.java:logGet(43)) - raft.server.log.use.memory = false (default)
2019-09-19 14:21:14,667 [pool-38-thread-1] INFO  server.RaftServerConfigKeys (ConfUtils.java:logGet(43)) - raft.server.log.purge.gap = 1000000 (custom)
2019-09-19 14:21:14,667 [pool-38-thread-1] INFO  server.RaftServerConfigKeys (ConfUtils.java:logGet(43)) - raft.server.log.appender.buffer.byte-limit = 33554432 (custom)
2019-09-19 14:21:14,667 [pool-38-thread-1] INFO  server.RaftServerConfigKeys (ConfUtils.java:logGet(43)) - raft.server.log.segment.size.max = 1048576 (custom)
2019-09-19 14:21:14,667 [pool-38-thread-1] INFO  server.RaftServerConfigKeys (ConfUtils.java:logGet(43)) - raft.server.log.segment.cache.num.max = 2 (custom)
2019-09-19 14:21:14,668 [pool-38-thread-1] INFO  segmented.SegmentedRaftLogWorker (SegmentedRaftLogWorker.java:<init>(172)) - new 5dfaa0ea-416a-422c-a75d-43311aceb00a-SegmentedRaftLogWorker:Storage Directory /workdir/hadoop-ozone/integration-test/target/test-dir/MiniOzoneClusterImpl-210d6028-2152-4683-81ff-347b0d29bb13/datanode-1/data/ratis/1fd5f007-ae07-49eb-b759-d56fa9716ece for RaftStorage:Storage Directory /workdir/hadoop-ozone/integration-test/target/test-dir/MiniOzoneClusterImpl-210d6028-2152-4683-81ff-347b0d29bb13/datanode-1/data/ratis/1fd5f007-ae07-49eb-b759-d56fa9716ece
2019-09-19 14:21:14,670 [pool-38-thread-1] INFO  server.RaftServerConfigKeys (ConfUtils.java:logGet(43)) - raft.server.log.queue.byte-limit = 2147483647 (custom)
2019-09-19 14:21:14,670 [pool-38-thread-1] INFO  server.RaftServerConfigKeys (ConfUtils.java:logGet(43)) - raft.server.log.queue.element-limit = 1024 (custom)
2019-09-19 14:21:14,670 [pool-38-thread-1] INFO  server.RaftServerConfigKeys (ConfUtils.java:logGet(43)) - raft.server.log.segment.size.max = 1048576 (custom)
2019-09-19 14:21:14,670 [pool-38-thread-1] INFO  server.RaftServerConfigKeys (ConfUtils.java:logGet(43)) - raft.server.log.preallocated.size = 16384 (custom)
2019-09-19 14:21:14,670 [pool-38-thread-1] INFO  server.RaftServerConfigKeys (ConfUtils.java:logGet(43)) - raft.server.log.write.buffer.size = 33554432 (custom)
2019-09-19 14:21:14,670 [pool-38-thread-1] INFO  server.RaftServerConfigKeys (ConfUtils.java:logGet(43)) - raft.server.log.force.sync.num = 128 (default)
2019-09-19 14:21:14,670 [pool-38-thread-1] INFO  server.RaftServerConfigKeys (ConfUtils.java:logGet(43)) - raft.server.log.statemachine.data.sync = true (default)
2019-09-19 14:21:14,671 [pool-38-thread-1] INFO  server.RaftServerConfigKeys (ConfUtils.java:logGet(43)) - raft.server.log.statemachine.data.sync.timeout = 10s (default)
2019-09-19 14:21:14,671 [pool-38-thread-1] INFO  server.RaftServerConfigKeys (ConfUtils.java:logGet(43)) - raft.server.log.statemachine.data.sync.timeout.retry = -1 (default)
2019-09-19 14:21:14,671 [pool-38-thread-1] INFO  server.RaftServerConfigKeys (ConfUtils.java:logGet(43)) - raft.server.log.statemachine.data.caching.enabled = true (custom)
2019-09-19 14:21:14,672 [pool-38-thread-1] INFO  segmented.SegmentedRaftLogWorker (SegmentedRaftLogWorker.java:lambda$new$0(132)) - 5dfaa0ea-416a-422c-a75d-43311aceb00a-SegmentedRaftLogWorker:Storage Directory /workdir/hadoop-ozone/integration-test/target/test-dir/MiniOzoneClusterImpl-210d6028-2152-4683-81ff-347b0d29bb13/datanode-1/data/ratis/1fd5f007-ae07-49eb-b759-d56fa9716ece: flushIndex: setUnconditionally 0 -> -1
2019-09-19 14:21:14,672 [pool-38-thread-1] INFO  server.RaftServerConfigKeys (ConfUtils.java:logGet(43)) - raft.server.snapshot.auto.trigger.enabled = true (custom)
2019-09-19 14:21:14,672 [pool-38-thread-1] INFO  server.RaftServerConfigKeys (ConfUtils.java:logGet(43)) - raft.server.snapshot.auto.trigger.threshold = 10000 (custom)
2019-09-19 14:21:14,672 [pool-38-thread-1] INFO  server.RaftServerConfigKeys (ConfUtils.java:logGet(43)) - raft.server.retrycache.expirytime = 600000ms (custom)
2019-09-19 14:21:14,673 [pool-38-thread-1] INFO  impl.RaftServerImpl (RaftServerImpl.java:start(180)) - 5dfaa0ea-416a-422c-a75d-43311aceb00a: start group-D56FA9716ECE
2019-09-19 14:21:14,673 [pool-38-thread-1] INFO  impl.RaftServerImpl (RaftServerImpl.java:setRole(171)) - 5dfaa0ea-416a-422c-a75d-43311aceb00a:group-D56FA9716ECE changes role from null to FOLLOWER at term 0 for startAsFollower
2019-09-19 14:21:14,673 [pool-38-thread-1] INFO  impl.RoleInfo (RoleInfo.java:updateAndGet(143)) - 5dfaa0ea-416a-422c-a75d-43311aceb00a: start FollowerState
2019-09-19 14:21:14,675 [pool-38-thread-1] INFO  util.JmxRegister (JmxRegister.java:tryRegister(44)) - Successfully registered JMX Bean with object name Ratis:service=RaftServer,group=group-D56FA9716ECE,id=5dfaa0ea-416a-422c-a75d-43311aceb00a
2019-09-19 14:21:14,692 [RatisPipelineUtilsThread] INFO  pipeline.PipelineStateManager (PipelineStateManager.java:addPipeline(56)) - Created pipeline Pipeline[ Id: 1fd5f007-ae07-49eb-b759-d56fa9716ece, Nodes: 5dfaa0ea-416a-422c-a75d-43311aceb00a{ip: 192.168.157.226, host: pr-hdds-1569-swxfz-3172132826, networkLocation: /default-rack, certSerialId: null}, Type:RATIS, Factor:ONE, State:OPEN]
2019-09-19 14:21:14,719 [grpc-default-executor-0] INFO  impl.RaftServerProxy (RaftServerProxy.java:addNew(89)) - 431517c4-8c09-4790-b37b-2e132c8143ad: addNew group-A374820C367D:[431517c4-8c09-4790-b37b-2e132c8143ad:192.168.157.226:40911] returns group-A374820C367D:java.util.concurrent.CompletableFuture@71ac7d62[Not completed]
2019-09-19 14:21:14,736 [pool-82-thread-1] INFO  impl.RaftServerImpl (RaftServerImpl.java:<init>(93)) - 431517c4-8c09-4790-b37b-2e132c8143ad: new RaftServerImpl for group-A374820C367D:[431517c4-8c09-4790-b37b-2e132c8143ad:192.168.157.226:40911] with ContainerStateMachine:uninitialized
2019-09-19 14:21:14,736 [pool-82-thread-1] INFO  server.RaftServerConfigKeys (ConfUtils.java:logGet(43)) - raft.server.rpc.timeout.min = 5s (custom)
2019-09-19 14:21:14,736 [pool-82-thread-1] INFO  server.RaftServerConfigKeys (ConfUtils.java:logGet(43)) - raft.server.rpc.timeout.max = 5200ms (custom)
2019-09-19 14:21:14,736 [pool-82-thread-1] INFO  server.RaftServerConfigKeys (ConfUtils.java:logGet(43)) - raft.server.rpcslowness.timeout = 120s (custom)
2019-09-19 14:21:14,736 [pool-82-thread-1] INFO  server.RaftServerConfigKeys (ConfUtils.java:logGet(43)) - raft.server.sleep.deviation.threshold = 300 (default)
2019-09-19 14:21:14,736 [pool-82-thread-1] INFO  server.RaftServerConfigKeys (ConfUtils.java:logGet(43)) - raft.server.log.appender.install.snapshot.enabled = false (custom)
2019-09-19 14:21:14,736 [pool-82-thread-1] INFO  impl.RaftServerImpl (ServerState.java:<init>(105)) - 431517c4-8c09-4790-b37b-2e132c8143ad:group-A374820C367D ConfigurationManager, init=-1: [431517c4-8c09-4790-b37b-2e132c8143ad:192.168.157.226:40911], old=null, confs=<EMPTY_MAP>
2019-09-19 14:21:14,737 [pool-82-thread-1] INFO  server.RaftServerConfigKeys (ConfUtils.java:logGet(43)) - raft.server.storage.dir = [/workdir/hadoop-ozone/integration-test/target/test-dir/MiniOzoneClusterImpl-210d6028-2152-4683-81ff-347b0d29bb13/datanode-5/data/ratis] (custom)
2019-09-19 14:21:14,737 [pool-82-thread-1] INFO  storage.RaftStorageDirectory (RaftStorageDirectory.java:analyzeStorage(246)) - The storage directory /workdir/hadoop-ozone/integration-test/target/test-dir/MiniOzoneClusterImpl-210d6028-2152-4683-81ff-347b0d29bb13/datanode-5/data/ratis/1993c253-27ed-4506-ac9d-a374820c367d does not exist. Creating ...
2019-09-19 14:21:14,751 [pool-82-thread-1] INFO  storage.RaftStorageDirectory (RaftStorageDirectory.java:tryLock(328)) - Lock on /workdir/hadoop-ozone/integration-test/target/test-dir/MiniOzoneClusterImpl-210d6028-2152-4683-81ff-347b0d29bb13/datanode-5/data/ratis/1993c253-27ed-4506-ac9d-a374820c367d/in_use.lock acquired by nodename 16198@pr-hdds-1569-swxfz-3172132826
2019-09-19 14:21:14,764 [pool-82-thread-1] INFO  storage.RaftStorage (RaftStorage.java:format(72)) - Storage directory /workdir/hadoop-ozone/integration-test/target/test-dir/MiniOzoneClusterImpl-210d6028-2152-4683-81ff-347b0d29bb13/datanode-5/data/ratis/1993c253-27ed-4506-ac9d-a374820c367d has been successfully formatted.
2019-09-19 14:21:14,764 [pool-82-thread-1] INFO  ratis.ContainerStateMachine (ContainerStateMachine.java:loadSnapshot(226)) - group-A374820C367D: The snapshot info is null. Setting the last applied indexto:(t:0, i:~)
2019-09-19 14:21:14,764 [pool-82-thread-1] INFO  server.RaftServerConfigKeys (ConfUtils.java:logGet(43)) - raft.server.leader.election.timeout = 120s (custom)
2019-09-19 14:21:14,765 [pool-82-thread-1] INFO  server.RaftServerConfigKeys (ConfUtils.java:logGet(43)) - raft.server.log.use.memory = false (default)
2019-09-19 14:21:14,765 [pool-82-thread-1] INFO  server.RaftServerConfigKeys (ConfUtils.java:logGet(43)) - raft.server.log.purge.gap = 1000000 (custom)
2019-09-19 14:21:14,765 [pool-82-thread-1] INFO  server.RaftServerConfigKeys (ConfUtils.java:logGet(43)) - raft.server.log.appender.buffer.byte-limit = 33554432 (custom)
2019-09-19 14:21:14,765 [pool-82-thread-1] INFO  server.RaftServerConfigKeys (ConfUtils.java:logGet(43)) - raft.server.log.segment.size.max = 1048576 (custom)
2019-09-19 14:21:14,765 [pool-82-thread-1] INFO  server.RaftServerConfigKeys (ConfUtils.java:logGet(43)) - raft.server.log.segment.cache.num.max = 2 (custom)
2019-09-19 14:21:14,765 [pool-82-thread-1] INFO  segmented.SegmentedRaftLogWorker (SegmentedRaftLogWorker.java:<init>(172)) - new 431517c4-8c09-4790-b37b-2e132c8143ad-SegmentedRaftLogWorker:Storage Directory /workdir/hadoop-ozone/integration-test/target/test-dir/MiniOzoneClusterImpl-210d6028-2152-4683-81ff-347b0d29bb13/datanode-5/data/ratis/1993c253-27ed-4506-ac9d-a374820c367d for RaftStorage:Storage Directory /workdir/hadoop-ozone/integration-test/target/test-dir/MiniOzoneClusterImpl-210d6028-2152-4683-81ff-347b0d29bb13/datanode-5/data/ratis/1993c253-27ed-4506-ac9d-a374820c367d
2019-09-19 14:21:14,766 [pool-82-thread-1] INFO  server.RaftServerConfigKeys (ConfUtils.java:logGet(43)) - raft.server.log.queue.byte-limit = 2147483647 (custom)
2019-09-19 14:21:14,766 [pool-82-thread-1] INFO  server.RaftServerConfigKeys (ConfUtils.java:logGet(43)) - raft.server.log.queue.element-limit = 1024 (custom)
2019-09-19 14:21:14,766 [pool-82-thread-1] INFO  server.RaftServerConfigKeys (ConfUtils.java:logGet(43)) - raft.server.log.segment.size.max = 1048576 (custom)
2019-09-19 14:21:14,766 [pool-82-thread-1] INFO  server.RaftServerConfigKeys (ConfUtils.java:logGet(43)) - raft.server.log.preallocated.size = 16384 (custom)
2019-09-19 14:21:14,766 [pool-82-thread-1] INFO  server.RaftServerConfigKeys (ConfUtils.java:logGet(43)) - raft.server.log.write.buffer.size = 33554432 (custom)
2019-09-19 14:21:14,766 [pool-82-thread-1] INFO  server.RaftServerConfigKeys (ConfUtils.java:logGet(43)) - raft.server.log.force.sync.num = 128 (default)
2019-09-19 14:21:14,767 [pool-82-thread-1] INFO  server.RaftServerConfigKeys (ConfUtils.java:logGet(43)) - raft.server.log.statemachine.data.sync = true (default)
2019-09-19 14:21:14,767 [pool-82-thread-1] INFO  server.RaftServerConfigKeys (ConfUtils.java:logGet(43)) - raft.server.log.statemachine.data.sync.timeout = 10s (default)
2019-09-19 14:21:14,767 [pool-82-thread-1] INFO  server.RaftServerConfigKeys (ConfUtils.java:logGet(43)) - raft.server.log.statemachine.data.sync.timeout.retry = -1 (default)
2019-09-19 14:21:14,767 [pool-82-thread-1] INFO  server.RaftServerConfigKeys (ConfUtils.java:logGet(43)) - raft.server.log.statemachine.data.caching.enabled = true (custom)
2019-09-19 14:21:14,767 [pool-82-thread-1] INFO  segmented.SegmentedRaftLogWorker (SegmentedRaftLogWorker.java:lambda$new$0(132)) - 431517c4-8c09-4790-b37b-2e132c8143ad-SegmentedRaftLogWorker:Storage Directory /workdir/hadoop-ozone/integration-test/target/test-dir/MiniOzoneClusterImpl-210d6028-2152-4683-81ff-347b0d29bb13/datanode-5/data/ratis/1993c253-27ed-4506-ac9d-a374820c367d: flushIndex: setUnconditionally 0 -> -1
2019-09-19 14:21:14,768 [pool-82-thread-1] INFO  server.RaftServerConfigKeys (ConfUtils.java:logGet(43)) - raft.server.snapshot.auto.trigger.enabled = true (custom)
2019-09-19 14:21:14,768 [pool-82-thread-1] INFO  server.RaftServerConfigKeys (ConfUtils.java:logGet(43)) - raft.server.snapshot.auto.trigger.threshold = 10000 (custom)
2019-09-19 14:21:14,768 [pool-82-thread-1] INFO  server.RaftServerConfigKeys (ConfUtils.java:logGet(43)) - raft.server.retrycache.expirytime = 600000ms (custom)
2019-09-19 14:21:14,768 [pool-82-thread-1] INFO  impl.RaftServerImpl (RaftServerImpl.java:start(180)) - 431517c4-8c09-4790-b37b-2e132c8143ad: start group-A374820C367D
2019-09-19 14:21:14,768 [pool-82-thread-1] INFO  impl.RaftServerImpl (RaftServerImpl.java:setRole(171)) - 431517c4-8c09-4790-b37b-2e132c8143ad:group-A374820C367D changes role from null to FOLLOWER at term 0 for startAsFollower
2019-09-19 14:21:14,769 [pool-82-thread-1] INFO  impl.RoleInfo (RoleInfo.java:updateAndGet(143)) - 431517c4-8c09-4790-b37b-2e132c8143ad: start FollowerState
2019-09-19 14:21:14,769 [pool-82-thread-1] INFO  util.JmxRegister (JmxRegister.java:tryRegister(44)) - Successfully registered JMX Bean with object name Ratis:service=RaftServer,group=group-A374820C367D,id=431517c4-8c09-4790-b37b-2e132c8143ad
2019-09-19 14:21:14,780 [RatisPipelineUtilsThread] INFO  pipeline.PipelineStateManager (PipelineStateManager.java:addPipeline(56)) - Created pipeline Pipeline[ Id: 1993c253-27ed-4506-ac9d-a374820c367d, Nodes: 431517c4-8c09-4790-b37b-2e132c8143ad{ip: 192.168.157.226, host: pr-hdds-1569-swxfz-3172132826, networkLocation: /default-rack, certSerialId: null}, Type:RATIS, Factor:ONE, State:OPEN]
2019-09-19 14:21:14,799 [grpc-default-executor-0] INFO  impl.RaftServerProxy (RaftServerProxy.java:addNew(89)) - 5dfaa0ea-416a-422c-a75d-43311aceb00a: addNew group-0B76B74B71B5:[5dfaa0ea-416a-422c-a75d-43311aceb00a:192.168.157.226:45629] returns group-0B76B74B71B5:java.util.concurrent.CompletableFuture@7e5c0564[Not completed]
2019-09-19 14:21:14,802 [pool-38-thread-1] INFO  impl.RaftServerImpl (RaftServerImpl.java:<init>(93)) - 5dfaa0ea-416a-422c-a75d-43311aceb00a: new RaftServerImpl for group-0B76B74B71B5:[5dfaa0ea-416a-422c-a75d-43311aceb00a:192.168.157.226:45629] with ContainerStateMachine:uninitialized
2019-09-19 14:21:14,802 [pool-38-thread-1] INFO  server.RaftServerConfigKeys (ConfUtils.java:logGet(43)) - raft.server.rpc.timeout.min = 5s (custom)
2019-09-19 14:21:14,802 [pool-38-thread-1] INFO  server.RaftServerConfigKeys (ConfUtils.java:logGet(43)) - raft.server.rpc.timeout.max = 5200ms (custom)
2019-09-19 14:21:14,803 [pool-38-thread-1] INFO  server.RaftServerConfigKeys (ConfUtils.java:logGet(43)) - raft.server.rpcslowness.timeout = 120s (custom)
2019-09-19 14:21:14,803 [pool-38-thread-1] INFO  server.RaftServerConfigKeys (ConfUtils.java:logGet(43)) - raft.server.sleep.deviation.threshold = 300 (default)
2019-09-19 14:21:14,803 [pool-38-thread-1] INFO  server.RaftServerConfigKeys (ConfUtils.java:logGet(43)) - raft.server.log.appender.install.snapshot.enabled = false (custom)
2019-09-19 14:21:14,803 [pool-38-thread-1] INFO  impl.RaftServerImpl (ServerState.java:<init>(105)) - 5dfaa0ea-416a-422c-a75d-43311aceb00a:group-0B76B74B71B5 ConfigurationManager, init=-1: [5dfaa0ea-416a-422c-a75d-43311aceb00a:192.168.157.226:45629], old=null, confs=<EMPTY_MAP>
2019-09-19 14:21:14,804 [pool-38-thread-1] INFO  server.RaftServerConfigKeys (ConfUtils.java:logGet(43)) - raft.server.storage.dir = [/workdir/hadoop-ozone/integration-test/target/test-dir/MiniOzoneClusterImpl-210d6028-2152-4683-81ff-347b0d29bb13/datanode-1/data/ratis] (custom)
2019-09-19 14:21:14,804 [pool-38-thread-1] INFO  storage.RaftStorageDirectory (RaftStorageDirectory.java:analyzeStorage(246)) - The storage directory /workdir/hadoop-ozone/integration-test/target/test-dir/MiniOzoneClusterImpl-210d6028-2152-4683-81ff-347b0d29bb13/datanode-1/data/ratis/4220572c-0c73-44a6-8305-0b76b74b71b5 does not exist. Creating ...
2019-09-19 14:21:14,818 [pool-38-thread-1] INFO  storage.RaftStorageDirectory (RaftStorageDirectory.java:tryLock(328)) - Lock on /workdir/hadoop-ozone/integration-test/target/test-dir/MiniOzoneClusterImpl-210d6028-2152-4683-81ff-347b0d29bb13/datanode-1/data/ratis/4220572c-0c73-44a6-8305-0b76b74b71b5/in_use.lock acquired by nodename 16198@pr-hdds-1569-swxfz-3172132826
2019-09-19 14:21:14,832 [pool-38-thread-1] INFO  storage.RaftStorage (RaftStorage.java:format(72)) - Storage directory /workdir/hadoop-ozone/integration-test/target/test-dir/MiniOzoneClusterImpl-210d6028-2152-4683-81ff-347b0d29bb13/datanode-1/data/ratis/4220572c-0c73-44a6-8305-0b76b74b71b5 has been successfully formatted.
2019-09-19 14:21:14,832 [pool-38-thread-1] INFO  ratis.ContainerStateMachine (ContainerStateMachine.java:loadSnapshot(226)) - group-0B76B74B71B5: The snapshot info is null. Setting the last applied indexto:(t:0, i:~)
2019-09-19 14:21:14,832 [pool-38-thread-1] INFO  server.RaftServerConfigKeys (ConfUtils.java:logGet(43)) - raft.server.leader.election.timeout = 120s (custom)
2019-09-19 14:21:14,832 [pool-38-thread-1] INFO  server.RaftServerConfigKeys (ConfUtils.java:logGet(43)) - raft.server.log.use.memory = false (default)
2019-09-19 14:21:14,833 [pool-38-thread-1] INFO  server.RaftServerConfigKeys (ConfUtils.java:logGet(43)) - raft.server.log.purge.gap = 1000000 (custom)
2019-09-19 14:21:14,833 [pool-38-thread-1] INFO  server.RaftServerConfigKeys (ConfUtils.java:logGet(43)) - raft.server.log.appender.buffer.byte-limit = 33554432 (custom)
2019-09-19 14:21:14,833 [pool-38-thread-1] INFO  server.RaftServerConfigKeys (ConfUtils.java:logGet(43)) - raft.server.log.segment.size.max = 1048576 (custom)
2019-09-19 14:21:14,833 [pool-38-thread-1] INFO  server.RaftServerConfigKeys (ConfUtils.java:logGet(43)) - raft.server.log.segment.cache.num.max = 2 (custom)
2019-09-19 14:21:14,834 [pool-38-thread-1] INFO  segmented.SegmentedRaftLogWorker (SegmentedRaftLogWorker.java:<init>(172)) - new 5dfaa0ea-416a-422c-a75d-43311aceb00a-SegmentedRaftLogWorker:Storage Directory /workdir/hadoop-ozone/integration-test/target/test-dir/MiniOzoneClusterImpl-210d6028-2152-4683-81ff-347b0d29bb13/datanode-1/data/ratis/4220572c-0c73-44a6-8305-0b76b74b71b5 for RaftStorage:Storage Directory /workdir/hadoop-ozone/integration-test/target/test-dir/MiniOzoneClusterImpl-210d6028-2152-4683-81ff-347b0d29bb13/datanode-1/data/ratis/4220572c-0c73-44a6-8305-0b76b74b71b5
2019-09-19 14:21:14,834 [pool-38-thread-1] INFO  server.RaftServerConfigKeys (ConfUtils.java:logGet(43)) - raft.server.log.queue.byte-limit = 2147483647 (custom)
2019-09-19 14:21:14,834 [pool-38-thread-1] INFO  server.RaftServerConfigKeys (ConfUtils.java:logGet(43)) - raft.server.log.queue.element-limit = 1024 (custom)
2019-09-19 14:21:14,834 [pool-38-thread-1] INFO  server.RaftServerConfigKeys (ConfUtils.java:logGet(43)) - raft.server.log.segment.size.max = 1048576 (custom)
2019-09-19 14:21:14,834 [pool-38-thread-1] INFO  server.RaftServerConfigKeys (ConfUtils.java:logGet(43)) - raft.server.log.preallocated.size = 16384 (custom)
2019-09-19 14:21:14,834 [pool-38-thread-1] INFO  server.RaftServerConfigKeys (ConfUtils.java:logGet(43)) - raft.server.log.write.buffer.size = 33554432 (custom)
2019-09-19 14:21:14,835 [pool-38-thread-1] INFO  server.RaftServerConfigKeys (ConfUtils.java:logGet(43)) - raft.server.log.force.sync.num = 128 (default)
2019-09-19 14:21:14,835 [pool-38-thread-1] INFO  server.RaftServerConfigKeys (ConfUtils.java:logGet(43)) - raft.server.log.statemachine.data.sync = true (default)
2019-09-19 14:21:14,835 [pool-38-thread-1] INFO  server.RaftServerConfigKeys (ConfUtils.java:logGet(43)) - raft.server.log.statemachine.data.sync.timeout = 10s (default)
2019-09-19 14:21:14,835 [pool-38-thread-1] INFO  server.RaftServerConfigKeys (ConfUtils.java:logGet(43)) - raft.server.log.statemachine.data.sync.timeout.retry = -1 (default)
2019-09-19 14:21:14,835 [pool-38-thread-1] INFO  server.RaftServerConfigKeys (ConfUtils.java:logGet(43)) - raft.server.log.statemachine.data.caching.enabled = true (custom)
2019-09-19 14:21:14,836 [pool-38-thread-1] INFO  segmented.SegmentedRaftLogWorker (SegmentedRaftLogWorker.java:lambda$new$0(132)) - 5dfaa0ea-416a-422c-a75d-43311aceb00a-SegmentedRaftLogWorker:Storage Directory /workdir/hadoop-ozone/integration-test/target/test-dir/MiniOzoneClusterImpl-210d6028-2152-4683-81ff-347b0d29bb13/datanode-1/data/ratis/4220572c-0c73-44a6-8305-0b76b74b71b5: flushIndex: setUnconditionally 0 -> -1
2019-09-19 14:21:14,836 [pool-38-thread-1] INFO  server.RaftServerConfigKeys (ConfUtils.java:logGet(43)) - raft.server.snapshot.auto.trigger.enabled = true (custom)
2019-09-19 14:21:14,836 [pool-38-thread-1] INFO  server.RaftServerConfigKeys (ConfUtils.java:logGet(43)) - raft.server.snapshot.auto.trigger.threshold = 10000 (custom)
2019-09-19 14:21:14,836 [pool-38-thread-1] INFO  server.RaftServerConfigKeys (ConfUtils.java:logGet(43)) - raft.server.retrycache.expirytime = 600000ms (custom)
2019-09-19 14:21:14,837 [pool-38-thread-1] INFO  impl.RaftServerImpl (RaftServerImpl.java:start(180)) - 5dfaa0ea-416a-422c-a75d-43311aceb00a: start group-0B76B74B71B5
2019-09-19 14:21:14,837 [pool-38-thread-1] INFO  impl.RaftServerImpl (RaftServerImpl.java:setRole(171)) - 5dfaa0ea-416a-422c-a75d-43311aceb00a:group-0B76B74B71B5 changes role from null to FOLLOWER at term 0 for startAsFollower
2019-09-19 14:21:14,837 [pool-38-thread-1] INFO  impl.RoleInfo (RoleInfo.java:updateAndGet(143)) - 5dfaa0ea-416a-422c-a75d-43311aceb00a: start FollowerState
2019-09-19 14:21:14,837 [pool-38-thread-1] INFO  util.JmxRegister (JmxRegister.java:tryRegister(44)) - Successfully registered JMX Bean with object name Ratis:service=RaftServer,group=group-0B76B74B71B5,id=5dfaa0ea-416a-422c-a75d-43311aceb00a
2019-09-19 14:21:14,851 [RatisPipelineUtilsThread] INFO  pipeline.PipelineStateManager (PipelineStateManager.java:addPipeline(56)) - Created pipeline Pipeline[ Id: 4220572c-0c73-44a6-8305-0b76b74b71b5, Nodes: 5dfaa0ea-416a-422c-a75d-43311aceb00a{ip: 192.168.157.226, host: pr-hdds-1569-swxfz-3172132826, networkLocation: /default-rack, certSerialId: null}, Type:RATIS, Factor:ONE, State:OPEN]
2019-09-19 14:21:14,870 [grpc-default-executor-0] INFO  impl.RaftServerProxy (RaftServerProxy.java:addNew(89)) - 85c6a9f3-b9a5-43a5-ac4f-9aa7bd5f2263: addNew group-949CB3C11D2E:[85c6a9f3-b9a5-43a5-ac4f-9aa7bd5f2263:192.168.157.226:45170] returns group-949CB3C11D2E:java.util.concurrent.CompletableFuture@43b73fe[Not completed]
2019-09-19 14:21:14,872 [pool-27-thread-1] INFO  impl.RaftServerImpl (RaftServerImpl.java:<init>(93)) - 85c6a9f3-b9a5-43a5-ac4f-9aa7bd5f2263: new RaftServerImpl for group-949CB3C11D2E:[85c6a9f3-b9a5-43a5-ac4f-9aa7bd5f2263:192.168.157.226:45170] with ContainerStateMachine:uninitialized
2019-09-19 14:21:14,872 [pool-27-thread-1] INFO  server.RaftServerConfigKeys (ConfUtils.java:logGet(43)) - raft.server.rpc.timeout.min = 5s (custom)
2019-09-19 14:21:14,872 [pool-27-thread-1] INFO  server.RaftServerConfigKeys (ConfUtils.java:logGet(43)) - raft.server.rpc.timeout.max = 5200ms (custom)
2019-09-19 14:21:14,873 [pool-27-thread-1] INFO  server.RaftServerConfigKeys (ConfUtils.java:logGet(43)) - raft.server.rpcslowness.timeout = 120s (custom)
2019-09-19 14:21:14,873 [pool-27-thread-1] INFO  server.RaftServerConfigKeys (ConfUtils.java:logGet(43)) - raft.server.sleep.deviation.threshold = 300 (default)
2019-09-19 14:21:14,873 [pool-27-thread-1] INFO  server.RaftServerConfigKeys (ConfUtils.java:logGet(43)) - raft.server.log.appender.install.snapshot.enabled = false (custom)
2019-09-19 14:21:14,873 [pool-27-thread-1] INFO  impl.RaftServerImpl (ServerState.java:<init>(105)) - 85c6a9f3-b9a5-43a5-ac4f-9aa7bd5f2263:group-949CB3C11D2E ConfigurationManager, init=-1: [85c6a9f3-b9a5-43a5-ac4f-9aa7bd5f2263:192.168.157.226:45170], old=null, confs=<EMPTY_MAP>
2019-09-19 14:21:14,873 [pool-27-thread-1] INFO  server.RaftServerConfigKeys (ConfUtils.java:logGet(43)) - raft.server.storage.dir = [/workdir/hadoop-ozone/integration-test/target/test-dir/MiniOzoneClusterImpl-210d6028-2152-4683-81ff-347b0d29bb13/datanode-0/data/ratis] (custom)
2019-09-19 14:21:14,874 [pool-27-thread-1] INFO  storage.RaftStorageDirectory (RaftStorageDirectory.java:analyzeStorage(246)) - The storage directory /workdir/hadoop-ozone/integration-test/target/test-dir/MiniOzoneClusterImpl-210d6028-2152-4683-81ff-347b0d29bb13/datanode-0/data/ratis/4c791e2a-1118-4bda-b8af-949cb3c11d2e does not exist. Creating ...
2019-09-19 14:21:14,886 [pool-27-thread-1] INFO  storage.RaftStorageDirectory (RaftStorageDirectory.java:tryLock(328)) - Lock on /workdir/hadoop-ozone/integration-test/target/test-dir/MiniOzoneClusterImpl-210d6028-2152-4683-81ff-347b0d29bb13/datanode-0/data/ratis/4c791e2a-1118-4bda-b8af-949cb3c11d2e/in_use.lock acquired by nodename 16198@pr-hdds-1569-swxfz-3172132826
2019-09-19 14:21:14,897 [IPC Server handler 0 on 40736] INFO  net.NetworkTopology (NetworkTopologyImpl.java:add(110)) - Added a new node: /default-rack/56d21ab3-8f6d-44ea-b961-c721a1c09246
2019-09-19 14:21:14,897 [IPC Server handler 0 on 40736] INFO  node.SCMNodeManager (SCMNodeManager.java:register(273)) - Registered Data node : 56d21ab3-8f6d-44ea-b961-c721a1c09246{ip: 192.168.157.226, host: pr-hdds-1569-swxfz-3172132826, networkLocation: /default-rack, certSerialId: null}
2019-09-19 14:21:14,898 | INFO  | SCMAudit | user=jenkins1000 | ip=192.168.157.226 | op=REGISTER {datanodeDetails=56d21ab3-8f6d-44ea-b961-c721a1c09246{ip: 192.168.157.226, host: pr-hdds-1569-swxfz-3172132826, networkLocation: /default-rack, certSerialId: null}} | ret=SUCCESS |  
2019-09-19 14:21:14,900 [pool-27-thread-1] INFO  storage.RaftStorage (RaftStorage.java:format(72)) - Storage directory /workdir/hadoop-ozone/integration-test/target/test-dir/MiniOzoneClusterImpl-210d6028-2152-4683-81ff-347b0d29bb13/datanode-0/data/ratis/4c791e2a-1118-4bda-b8af-949cb3c11d2e has been successfully formatted.
2019-09-19 14:21:14,900 [pool-27-thread-1] INFO  ratis.ContainerStateMachine (ContainerStateMachine.java:loadSnapshot(226)) - group-949CB3C11D2E: The snapshot info is null. Setting the last applied indexto:(t:0, i:~)
2019-09-19 14:21:14,900 [pool-27-thread-1] INFO  server.RaftServerConfigKeys (ConfUtils.java:logGet(43)) - raft.server.leader.election.timeout = 120s (custom)
2019-09-19 14:21:14,900 [pool-27-thread-1] INFO  server.RaftServerConfigKeys (ConfUtils.java:logGet(43)) - raft.server.log.use.memory = false (default)
2019-09-19 14:21:14,900 [pool-27-thread-1] INFO  server.RaftServerConfigKeys (ConfUtils.java:logGet(43)) - raft.server.log.purge.gap = 1000000 (custom)
2019-09-19 14:21:14,901 [pool-27-thread-1] INFO  server.RaftServerConfigKeys (ConfUtils.java:logGet(43)) - raft.server.log.appender.buffer.byte-limit = 33554432 (custom)
2019-09-19 14:21:14,901 [pool-27-thread-1] INFO  server.RaftServerConfigKeys (ConfUtils.java:logGet(43)) - raft.server.log.segment.size.max = 1048576 (custom)
2019-09-19 14:21:14,901 [pool-27-thread-1] INFO  server.RaftServerConfigKeys (ConfUtils.java:logGet(43)) - raft.server.log.segment.cache.num.max = 2 (custom)
2019-09-19 14:21:14,901 [pool-27-thread-1] INFO  segmented.SegmentedRaftLogWorker (SegmentedRaftLogWorker.java:<init>(172)) - new 85c6a9f3-b9a5-43a5-ac4f-9aa7bd5f2263-SegmentedRaftLogWorker:Storage Directory /workdir/hadoop-ozone/integration-test/target/test-dir/MiniOzoneClusterImpl-210d6028-2152-4683-81ff-347b0d29bb13/datanode-0/data/ratis/4c791e2a-1118-4bda-b8af-949cb3c11d2e for RaftStorage:Storage Directory /workdir/hadoop-ozone/integration-test/target/test-dir/MiniOzoneClusterImpl-210d6028-2152-4683-81ff-347b0d29bb13/datanode-0/data/ratis/4c791e2a-1118-4bda-b8af-949cb3c11d2e
2019-09-19 14:21:14,901 [pool-27-thread-1] INFO  server.RaftServerConfigKeys (ConfUtils.java:logGet(43)) - raft.server.log.queue.byte-limit = 2147483647 (custom)
2019-09-19 14:21:14,901 [pool-27-thread-1] INFO  server.RaftServerConfigKeys (ConfUtils.java:logGet(43)) - raft.server.log.queue.element-limit = 1024 (custom)
2019-09-19 14:21:14,902 [pool-27-thread-1] INFO  server.RaftServerConfigKeys (ConfUtils.java:logGet(43)) - raft.server.log.segment.size.max = 1048576 (custom)
2019-09-19 14:21:14,902 [pool-27-thread-1] INFO  server.RaftServerConfigKeys (ConfUtils.java:logGet(43)) - raft.server.log.preallocated.size = 16384 (custom)
2019-09-19 14:21:14,902 [pool-27-thread-1] INFO  server.RaftServerConfigKeys (ConfUtils.java:logGet(43)) - raft.server.log.write.buffer.size = 33554432 (custom)
2019-09-19 14:21:14,902 [pool-27-thread-1] INFO  server.RaftServerConfigKeys (ConfUtils.java:logGet(43)) - raft.server.log.force.sync.num = 128 (default)
2019-09-19 14:21:14,902 [pool-27-thread-1] INFO  server.RaftServerConfigKeys (ConfUtils.java:logGet(43)) - raft.server.log.statemachine.data.sync = true (default)
2019-09-19 14:21:14,902 [pool-27-thread-1] INFO  server.RaftServerConfigKeys (ConfUtils.java:logGet(43)) - raft.server.log.statemachine.data.sync.timeout = 10s (default)
2019-09-19 14:21:14,902 [pool-27-thread-1] INFO  server.RaftServerConfigKeys (ConfUtils.java:logGet(43)) - raft.server.log.statemachine.data.sync.timeout.retry = -1 (default)
2019-09-19 14:21:14,903 [pool-27-thread-1] INFO  server.RaftServerConfigKeys (ConfUtils.java:logGet(43)) - raft.server.log.statemachine.data.caching.enabled = true (custom)
2019-09-19 14:21:14,903 [pool-27-thread-1] INFO  segmented.SegmentedRaftLogWorker (SegmentedRaftLogWorker.java:lambda$new$0(132)) - 85c6a9f3-b9a5-43a5-ac4f-9aa7bd5f2263-SegmentedRaftLogWorker:Storage Directory /workdir/hadoop-ozone/integration-test/target/test-dir/MiniOzoneClusterImpl-210d6028-2152-4683-81ff-347b0d29bb13/datanode-0/data/ratis/4c791e2a-1118-4bda-b8af-949cb3c11d2e: flushIndex: setUnconditionally 0 -> -1
2019-09-19 14:21:14,903 [pool-27-thread-1] INFO  server.RaftServerConfigKeys (ConfUtils.java:logGet(43)) - raft.server.snapshot.auto.trigger.enabled = true (custom)
2019-09-19 14:21:14,904 [pool-27-thread-1] INFO  server.RaftServerConfigKeys (ConfUtils.java:logGet(43)) - raft.server.snapshot.auto.trigger.threshold = 10000 (custom)
2019-09-19 14:21:14,904 [pool-27-thread-1] INFO  server.RaftServerConfigKeys (ConfUtils.java:logGet(43)) - raft.server.retrycache.expirytime = 600000ms (custom)
2019-09-19 14:21:14,904 [pool-27-thread-1] INFO  impl.RaftServerImpl (RaftServerImpl.java:start(180)) - 85c6a9f3-b9a5-43a5-ac4f-9aa7bd5f2263: start group-949CB3C11D2E
2019-09-19 14:21:14,904 [pool-27-thread-1] INFO  impl.RaftServerImpl (RaftServerImpl.java:setRole(171)) - 85c6a9f3-b9a5-43a5-ac4f-9aa7bd5f2263:group-949CB3C11D2E changes role from null to FOLLOWER at term 0 for startAsFollower
2019-09-19 14:21:14,904 [pool-27-thread-1] INFO  impl.RoleInfo (RoleInfo.java:updateAndGet(143)) - 85c6a9f3-b9a5-43a5-ac4f-9aa7bd5f2263: start FollowerState
2019-09-19 14:21:14,905 [pool-27-thread-1] INFO  util.JmxRegister (JmxRegister.java:tryRegister(44)) - Successfully registered JMX Bean with object name Ratis:service=RaftServer,group=group-949CB3C11D2E,id=85c6a9f3-b9a5-43a5-ac4f-9aa7bd5f2263
2019-09-19 14:21:14,916 [RatisPipelineUtilsThread] INFO  pipeline.PipelineStateManager (PipelineStateManager.java:addPipeline(56)) - Created pipeline Pipeline[ Id: 4c791e2a-1118-4bda-b8af-949cb3c11d2e, Nodes: 85c6a9f3-b9a5-43a5-ac4f-9aa7bd5f2263{ip: 192.168.157.226, host: pr-hdds-1569-swxfz-3172132826, networkLocation: /default-rack, certSerialId: null}, Type:RATIS, Factor:ONE, State:OPEN]
2019-09-19 14:21:14,935 [grpc-default-executor-0] INFO  impl.RaftServerProxy (RaftServerProxy.java:addNew(89)) - 306a7a99-f2a5-4f40-b42b-2fc2def08a6a: addNew group-52DE321D4DA9:[306a7a99-f2a5-4f40-b42b-2fc2def08a6a:192.168.157.226:42633] returns group-52DE321D4DA9:java.util.concurrent.CompletableFuture@5cf018a3[Not completed]
2019-09-19 14:21:14,938 [pool-49-thread-1] INFO  impl.RaftServerImpl (RaftServerImpl.java:<init>(93)) - 306a7a99-f2a5-4f40-b42b-2fc2def08a6a: new RaftServerImpl for group-52DE321D4DA9:[306a7a99-f2a5-4f40-b42b-2fc2def08a6a:192.168.157.226:42633] with ContainerStateMachine:uninitialized
2019-09-19 14:21:14,938 [pool-49-thread-1] INFO  server.RaftServerConfigKeys (ConfUtils.java:logGet(43)) - raft.server.rpc.timeout.min = 5s (custom)
2019-09-19 14:21:14,938 [pool-49-thread-1] INFO  server.RaftServerConfigKeys (ConfUtils.java:logGet(43)) - raft.server.rpc.timeout.max = 5200ms (custom)
2019-09-19 14:21:14,938 [pool-49-thread-1] INFO  server.RaftServerConfigKeys (ConfUtils.java:logGet(43)) - raft.server.rpcslowness.timeout = 120s (custom)
2019-09-19 14:21:14,938 [pool-49-thread-1] INFO  server.RaftServerConfigKeys (ConfUtils.java:logGet(43)) - raft.server.sleep.deviation.threshold = 300 (default)
2019-09-19 14:21:14,938 [pool-49-thread-1] INFO  server.RaftServerConfigKeys (ConfUtils.java:logGet(43)) - raft.server.log.appender.install.snapshot.enabled = false (custom)
2019-09-19 14:21:14,939 [pool-49-thread-1] INFO  impl.RaftServerImpl (ServerState.java:<init>(105)) - 306a7a99-f2a5-4f40-b42b-2fc2def08a6a:group-52DE321D4DA9 ConfigurationManager, init=-1: [306a7a99-f2a5-4f40-b42b-2fc2def08a6a:192.168.157.226:42633], old=null, confs=<EMPTY_MAP>
2019-09-19 14:21:14,939 [pool-49-thread-1] INFO  server.RaftServerConfigKeys (ConfUtils.java:logGet(43)) - raft.server.storage.dir = [/workdir/hadoop-ozone/integration-test/target/test-dir/MiniOzoneClusterImpl-210d6028-2152-4683-81ff-347b0d29bb13/datanode-2/data/ratis] (custom)
2019-09-19 14:21:14,939 [pool-49-thread-1] INFO  storage.RaftStorageDirectory (RaftStorageDirectory.java:analyzeStorage(246)) - The storage directory /workdir/hadoop-ozone/integration-test/target/test-dir/MiniOzoneClusterImpl-210d6028-2152-4683-81ff-347b0d29bb13/datanode-2/data/ratis/347c2fcd-01c3-4c9c-b99c-52de321d4da9 does not exist. Creating ...
2019-09-19 14:21:14,953 [pool-49-thread-1] INFO  storage.RaftStorageDirectory (RaftStorageDirectory.java:tryLock(328)) - Lock on /workdir/hadoop-ozone/integration-test/target/test-dir/MiniOzoneClusterImpl-210d6028-2152-4683-81ff-347b0d29bb13/datanode-2/data/ratis/347c2fcd-01c3-4c9c-b99c-52de321d4da9/in_use.lock acquired by nodename 16198@pr-hdds-1569-swxfz-3172132826
2019-09-19 14:21:14,966 [pool-49-thread-1] INFO  storage.RaftStorage (RaftStorage.java:format(72)) - Storage directory /workdir/hadoop-ozone/integration-test/target/test-dir/MiniOzoneClusterImpl-210d6028-2152-4683-81ff-347b0d29bb13/datanode-2/data/ratis/347c2fcd-01c3-4c9c-b99c-52de321d4da9 has been successfully formatted.
2019-09-19 14:21:14,966 [pool-49-thread-1] INFO  ratis.ContainerStateMachine (ContainerStateMachine.java:loadSnapshot(226)) - group-52DE321D4DA9: The snapshot info is null. Setting the last applied indexto:(t:0, i:~)
2019-09-19 14:21:14,966 [pool-49-thread-1] INFO  server.RaftServerConfigKeys (ConfUtils.java:logGet(43)) - raft.server.leader.election.timeout = 120s (custom)
2019-09-19 14:21:14,966 [pool-49-thread-1] INFO  server.RaftServerConfigKeys (ConfUtils.java:logGet(43)) - raft.server.log.use.memory = false (default)
2019-09-19 14:21:14,966 [pool-49-thread-1] INFO  server.RaftServerConfigKeys (ConfUtils.java:logGet(43)) - raft.server.log.purge.gap = 1000000 (custom)
2019-09-19 14:21:14,966 [pool-49-thread-1] INFO  server.RaftServerConfigKeys (ConfUtils.java:logGet(43)) - raft.server.log.appender.buffer.byte-limit = 33554432 (custom)
2019-09-19 14:21:14,966 [pool-49-thread-1] INFO  server.RaftServerConfigKeys (ConfUtils.java:logGet(43)) - raft.server.log.segment.size.max = 1048576 (custom)
2019-09-19 14:21:14,967 [pool-49-thread-1] INFO  server.RaftServerConfigKeys (ConfUtils.java:logGet(43)) - raft.server.log.segment.cache.num.max = 2 (custom)
2019-09-19 14:21:14,967 [pool-49-thread-1] INFO  segmented.SegmentedRaftLogWorker (SegmentedRaftLogWorker.java:<init>(172)) - new 306a7a99-f2a5-4f40-b42b-2fc2def08a6a-SegmentedRaftLogWorker:Storage Directory /workdir/hadoop-ozone/integration-test/target/test-dir/MiniOzoneClusterImpl-210d6028-2152-4683-81ff-347b0d29bb13/datanode-2/data/ratis/347c2fcd-01c3-4c9c-b99c-52de321d4da9 for RaftStorage:Storage Directory /workdir/hadoop-ozone/integration-test/target/test-dir/MiniOzoneClusterImpl-210d6028-2152-4683-81ff-347b0d29bb13/datanode-2/data/ratis/347c2fcd-01c3-4c9c-b99c-52de321d4da9
2019-09-19 14:21:14,967 [pool-49-thread-1] INFO  server.RaftServerConfigKeys (ConfUtils.java:logGet(43)) - raft.server.log.queue.byte-limit = 2147483647 (custom)
2019-09-19 14:21:14,967 [pool-49-thread-1] INFO  server.RaftServerConfigKeys (ConfUtils.java:logGet(43)) - raft.server.log.queue.element-limit = 1024 (custom)
2019-09-19 14:21:14,967 [pool-49-thread-1] INFO  server.RaftServerConfigKeys (ConfUtils.java:logGet(43)) - raft.server.log.segment.size.max = 1048576 (custom)
2019-09-19 14:21:14,967 [pool-49-thread-1] INFO  server.RaftServerConfigKeys (ConfUtils.java:logGet(43)) - raft.server.log.preallocated.size = 16384 (custom)
2019-09-19 14:21:14,967 [pool-49-thread-1] INFO  server.RaftServerConfigKeys (ConfUtils.java:logGet(43)) - raft.server.log.write.buffer.size = 33554432 (custom)
2019-09-19 14:21:14,968 [pool-49-thread-1] INFO  server.RaftServerConfigKeys (ConfUtils.java:logGet(43)) - raft.server.log.force.sync.num = 128 (default)
2019-09-19 14:21:14,968 [pool-49-thread-1] INFO  server.RaftServerConfigKeys (ConfUtils.java:logGet(43)) - raft.server.log.statemachine.data.sync = true (default)
2019-09-19 14:21:14,968 [pool-49-thread-1] INFO  server.RaftServerConfigKeys (ConfUtils.java:logGet(43)) - raft.server.log.statemachine.data.sync.timeout = 10s (default)
2019-09-19 14:21:14,968 [pool-49-thread-1] INFO  server.RaftServerConfigKeys (ConfUtils.java:logGet(43)) - raft.server.log.statemachine.data.sync.timeout.retry = -1 (default)
2019-09-19 14:21:14,968 [pool-49-thread-1] INFO  server.RaftServerConfigKeys (ConfUtils.java:logGet(43)) - raft.server.log.statemachine.data.caching.enabled = true (custom)
2019-09-19 14:21:14,969 [pool-49-thread-1] INFO  segmented.SegmentedRaftLogWorker (SegmentedRaftLogWorker.java:lambda$new$0(132)) - 306a7a99-f2a5-4f40-b42b-2fc2def08a6a-SegmentedRaftLogWorker:Storage Directory /workdir/hadoop-ozone/integration-test/target/test-dir/MiniOzoneClusterImpl-210d6028-2152-4683-81ff-347b0d29bb13/datanode-2/data/ratis/347c2fcd-01c3-4c9c-b99c-52de321d4da9: flushIndex: setUnconditionally 0 -> -1
2019-09-19 14:21:14,969 [pool-49-thread-1] INFO  server.RaftServerConfigKeys (ConfUtils.java:logGet(43)) - raft.server.snapshot.auto.trigger.enabled = true (custom)
2019-09-19 14:21:14,969 [pool-49-thread-1] INFO  server.RaftServerConfigKeys (ConfUtils.java:logGet(43)) - raft.server.snapshot.auto.trigger.threshold = 10000 (custom)
2019-09-19 14:21:14,969 [pool-49-thread-1] INFO  server.RaftServerConfigKeys (ConfUtils.java:logGet(43)) - raft.server.retrycache.expirytime = 600000ms (custom)
2019-09-19 14:21:14,969 [pool-49-thread-1] INFO  impl.RaftServerImpl (RaftServerImpl.java:start(180)) - 306a7a99-f2a5-4f40-b42b-2fc2def08a6a: start group-52DE321D4DA9
2019-09-19 14:21:14,970 [pool-49-thread-1] INFO  impl.RaftServerImpl (RaftServerImpl.java:setRole(171)) - 306a7a99-f2a5-4f40-b42b-2fc2def08a6a:group-52DE321D4DA9 changes role from null to FOLLOWER at term 0 for startAsFollower
2019-09-19 14:21:14,970 [pool-49-thread-1] INFO  impl.RoleInfo (RoleInfo.java:updateAndGet(143)) - 306a7a99-f2a5-4f40-b42b-2fc2def08a6a: start FollowerState
2019-09-19 14:21:14,970 [pool-49-thread-1] INFO  util.JmxRegister (JmxRegister.java:tryRegister(44)) - Successfully registered JMX Bean with object name Ratis:service=RaftServer,group=group-52DE321D4DA9,id=306a7a99-f2a5-4f40-b42b-2fc2def08a6a
2019-09-19 14:21:14,983 [RatisPipelineUtilsThread] INFO  pipeline.PipelineStateManager (PipelineStateManager.java:addPipeline(56)) - Created pipeline Pipeline[ Id: 347c2fcd-01c3-4c9c-b99c-52de321d4da9, Nodes: 306a7a99-f2a5-4f40-b42b-2fc2def08a6a{ip: 192.168.157.226, host: pr-hdds-1569-swxfz-3172132826, networkLocation: /default-rack, certSerialId: null}, Type:RATIS, Factor:ONE, State:OPEN]
2019-09-19 14:21:15,000 [grpc-default-executor-1] INFO  impl.RaftServerProxy (RaftServerProxy.java:addNew(89)) - 431517c4-8c09-4790-b37b-2e132c8143ad: addNew group-46CACE2669B4:[431517c4-8c09-4790-b37b-2e132c8143ad:192.168.157.226:40911] returns group-46CACE2669B4:java.util.concurrent.CompletableFuture@3c18a1b9[Not completed]
2019-09-19 14:21:15,002 [pool-82-thread-1] INFO  impl.RaftServerImpl (RaftServerImpl.java:<init>(93)) - 431517c4-8c09-4790-b37b-2e132c8143ad: new RaftServerImpl for group-46CACE2669B4:[431517c4-8c09-4790-b37b-2e132c8143ad:192.168.157.226:40911] with ContainerStateMachine:uninitialized
2019-09-19 14:21:15,002 [pool-82-thread-1] INFO  server.RaftServerConfigKeys (ConfUtils.java:logGet(43)) - raft.server.rpc.timeout.min = 5s (custom)
2019-09-19 14:21:15,002 [pool-82-thread-1] INFO  server.RaftServerConfigKeys (ConfUtils.java:logGet(43)) - raft.server.rpc.timeout.max = 5200ms (custom)
2019-09-19 14:21:15,002 [pool-82-thread-1] INFO  server.RaftServerConfigKeys (ConfUtils.java:logGet(43)) - raft.server.rpcslowness.timeout = 120s (custom)
2019-09-19 14:21:15,002 [pool-82-thread-1] INFO  server.RaftServerConfigKeys (ConfUtils.java:logGet(43)) - raft.server.sleep.deviation.threshold = 300 (default)
2019-09-19 14:21:15,002 [pool-82-thread-1] INFO  server.RaftServerConfigKeys (ConfUtils.java:logGet(43)) - raft.server.log.appender.install.snapshot.enabled = false (custom)
2019-09-19 14:21:15,002 [pool-82-thread-1] INFO  impl.RaftServerImpl (ServerState.java:<init>(105)) - 431517c4-8c09-4790-b37b-2e132c8143ad:group-46CACE2669B4 ConfigurationManager, init=-1: [431517c4-8c09-4790-b37b-2e132c8143ad:192.168.157.226:40911], old=null, confs=<EMPTY_MAP>
2019-09-19 14:21:15,002 [pool-82-thread-1] INFO  server.RaftServerConfigKeys (ConfUtils.java:logGet(43)) - raft.server.storage.dir = [/workdir/hadoop-ozone/integration-test/target/test-dir/MiniOzoneClusterImpl-210d6028-2152-4683-81ff-347b0d29bb13/datanode-5/data/ratis] (custom)
2019-09-19 14:21:15,003 [pool-82-thread-1] INFO  storage.RaftStorageDirectory (RaftStorageDirectory.java:analyzeStorage(246)) - The storage directory /workdir/hadoop-ozone/integration-test/target/test-dir/MiniOzoneClusterImpl-210d6028-2152-4683-81ff-347b0d29bb13/datanode-5/data/ratis/72b7c4cf-4dd7-4e6f-908d-46cace2669b4 does not exist. Creating ...
2019-09-19 14:21:15,015 [pool-82-thread-1] INFO  storage.RaftStorageDirectory (RaftStorageDirectory.java:tryLock(328)) - Lock on /workdir/hadoop-ozone/integration-test/target/test-dir/MiniOzoneClusterImpl-210d6028-2152-4683-81ff-347b0d29bb13/datanode-5/data/ratis/72b7c4cf-4dd7-4e6f-908d-46cace2669b4/in_use.lock acquired by nodename 16198@pr-hdds-1569-swxfz-3172132826
2019-09-19 14:21:15,028 [pool-82-thread-1] INFO  storage.RaftStorage (RaftStorage.java:format(72)) - Storage directory /workdir/hadoop-ozone/integration-test/target/test-dir/MiniOzoneClusterImpl-210d6028-2152-4683-81ff-347b0d29bb13/datanode-5/data/ratis/72b7c4cf-4dd7-4e6f-908d-46cace2669b4 has been successfully formatted.
2019-09-19 14:21:15,028 [pool-82-thread-1] INFO  ratis.ContainerStateMachine (ContainerStateMachine.java:loadSnapshot(226)) - group-46CACE2669B4: The snapshot info is null. Setting the last applied indexto:(t:0, i:~)
2019-09-19 14:21:15,028 [pool-82-thread-1] INFO  server.RaftServerConfigKeys (ConfUtils.java:logGet(43)) - raft.server.leader.election.timeout = 120s (custom)
2019-09-19 14:21:15,029 [pool-82-thread-1] INFO  server.RaftServerConfigKeys (ConfUtils.java:logGet(43)) - raft.server.log.use.memory = false (default)
2019-09-19 14:21:15,029 [pool-82-thread-1] INFO  server.RaftServerConfigKeys (ConfUtils.java:logGet(43)) - raft.server.log.purge.gap = 1000000 (custom)
2019-09-19 14:21:15,029 [pool-82-thread-1] INFO  server.RaftServerConfigKeys (ConfUtils.java:logGet(43)) - raft.server.log.appender.buffer.byte-limit = 33554432 (custom)
2019-09-19 14:21:15,029 [pool-82-thread-1] INFO  server.RaftServerConfigKeys (ConfUtils.java:logGet(43)) - raft.server.log.segment.size.max = 1048576 (custom)
2019-09-19 14:21:15,029 [pool-82-thread-1] INFO  server.RaftServerConfigKeys (ConfUtils.java:logGet(43)) - raft.server.log.segment.cache.num.max = 2 (custom)
2019-09-19 14:21:15,029 [pool-82-thread-1] INFO  segmented.SegmentedRaftLogWorker (SegmentedRaftLogWorker.java:<init>(172)) - new 431517c4-8c09-4790-b37b-2e132c8143ad-SegmentedRaftLogWorker:Storage Directory /workdir/hadoop-ozone/integration-test/target/test-dir/MiniOzoneClusterImpl-210d6028-2152-4683-81ff-347b0d29bb13/datanode-5/data/ratis/72b7c4cf-4dd7-4e6f-908d-46cace2669b4 for RaftStorage:Storage Directory /workdir/hadoop-ozone/integration-test/target/test-dir/MiniOzoneClusterImpl-210d6028-2152-4683-81ff-347b0d29bb13/datanode-5/data/ratis/72b7c4cf-4dd7-4e6f-908d-46cace2669b4
2019-09-19 14:21:15,029 [pool-82-thread-1] INFO  server.RaftServerConfigKeys (ConfUtils.java:logGet(43)) - raft.server.log.queue.byte-limit = 2147483647 (custom)
2019-09-19 14:21:15,029 [pool-82-thread-1] INFO  server.RaftServerConfigKeys (ConfUtils.java:logGet(43)) - raft.server.log.queue.element-limit = 1024 (custom)
2019-09-19 14:21:15,029 [pool-82-thread-1] INFO  server.RaftServerConfigKeys (ConfUtils.java:logGet(43)) - raft.server.log.segment.size.max = 1048576 (custom)
2019-09-19 14:21:15,030 [pool-82-thread-1] INFO  server.RaftServerConfigKeys (ConfUtils.java:logGet(43)) - raft.server.log.preallocated.size = 16384 (custom)
2019-09-19 14:21:15,030 [pool-82-thread-1] INFO  server.RaftServerConfigKeys (ConfUtils.java:logGet(43)) - raft.server.log.write.buffer.size = 33554432 (custom)
2019-09-19 14:21:15,030 [pool-82-thread-1] INFO  server.RaftServerConfigKeys (ConfUtils.java:logGet(43)) - raft.server.log.force.sync.num = 128 (default)
2019-09-19 14:21:15,030 [pool-82-thread-1] INFO  server.RaftServerConfigKeys (ConfUtils.java:logGet(43)) - raft.server.log.statemachine.data.sync = true (default)
2019-09-19 14:21:15,030 [pool-82-thread-1] INFO  server.RaftServerConfigKeys (ConfUtils.java:logGet(43)) - raft.server.log.statemachine.data.sync.timeout = 10s (default)
2019-09-19 14:21:15,030 [pool-82-thread-1] INFO  server.RaftServerConfigKeys (ConfUtils.java:logGet(43)) - raft.server.log.statemachine.data.sync.timeout.retry = -1 (default)
2019-09-19 14:21:15,030 [pool-82-thread-1] INFO  server.RaftServerConfigKeys (ConfUtils.java:logGet(43)) - raft.server.log.statemachine.data.caching.enabled = true (custom)
2019-09-19 14:21:15,031 [pool-82-thread-1] INFO  segmented.SegmentedRaftLogWorker (SegmentedRaftLogWorker.java:lambda$new$0(132)) - 431517c4-8c09-4790-b37b-2e132c8143ad-SegmentedRaftLogWorker:Storage Directory /workdir/hadoop-ozone/integration-test/target/test-dir/MiniOzoneClusterImpl-210d6028-2152-4683-81ff-347b0d29bb13/datanode-5/data/ratis/72b7c4cf-4dd7-4e6f-908d-46cace2669b4: flushIndex: setUnconditionally 0 -> -1
2019-09-19 14:21:15,031 [pool-82-thread-1] INFO  server.RaftServerConfigKeys (ConfUtils.java:logGet(43)) - raft.server.snapshot.auto.trigger.enabled = true (custom)
2019-09-19 14:21:15,031 [pool-82-thread-1] INFO  server.RaftServerConfigKeys (ConfUtils.java:logGet(43)) - raft.server.snapshot.auto.trigger.threshold = 10000 (custom)
2019-09-19 14:21:15,031 [pool-82-thread-1] INFO  server.RaftServerConfigKeys (ConfUtils.java:logGet(43)) - raft.server.retrycache.expirytime = 600000ms (custom)
2019-09-19 14:21:15,031 [pool-82-thread-1] INFO  impl.RaftServerImpl (RaftServerImpl.java:start(180)) - 431517c4-8c09-4790-b37b-2e132c8143ad: start group-46CACE2669B4
2019-09-19 14:21:15,031 [pool-82-thread-1] INFO  impl.RaftServerImpl (RaftServerImpl.java:setRole(171)) - 431517c4-8c09-4790-b37b-2e132c8143ad:group-46CACE2669B4 changes role from null to FOLLOWER at term 0 for startAsFollower
2019-09-19 14:21:15,031 [pool-82-thread-1] INFO  impl.RoleInfo (RoleInfo.java:updateAndGet(143)) - 431517c4-8c09-4790-b37b-2e132c8143ad: start FollowerState
2019-09-19 14:21:15,032 [pool-82-thread-1] INFO  util.JmxRegister (JmxRegister.java:tryRegister(44)) - Successfully registered JMX Bean with object name Ratis:service=RaftServer,group=group-46CACE2669B4,id=431517c4-8c09-4790-b37b-2e132c8143ad
2019-09-19 14:21:15,046 [RatisPipelineUtilsThread] INFO  pipeline.PipelineStateManager (PipelineStateManager.java:addPipeline(56)) - Created pipeline Pipeline[ Id: 72b7c4cf-4dd7-4e6f-908d-46cace2669b4, Nodes: 431517c4-8c09-4790-b37b-2e132c8143ad{ip: 192.168.157.226, host: pr-hdds-1569-swxfz-3172132826, networkLocation: /default-rack, certSerialId: null}, Type:RATIS, Factor:ONE, State:OPEN]
2019-09-19 14:21:15,063 [grpc-default-executor-1] INFO  impl.RaftServerProxy (RaftServerProxy.java:addNew(89)) - 6403e584-2209-453b-b79e-eeb0a7b58516: addNew group-08413D0980CD:[6403e584-2209-453b-b79e-eeb0a7b58516:192.168.157.226:35833] returns group-08413D0980CD:java.util.concurrent.CompletableFuture@73e24271[Not completed]
2019-09-19 14:21:15,066 [pool-60-thread-1] INFO  impl.RaftServerImpl (RaftServerImpl.java:<init>(93)) - 6403e584-2209-453b-b79e-eeb0a7b58516: new RaftServerImpl for group-08413D0980CD:[6403e584-2209-453b-b79e-eeb0a7b58516:192.168.157.226:35833] with ContainerStateMachine:uninitialized
2019-09-19 14:21:15,066 [pool-60-thread-1] INFO  server.RaftServerConfigKeys (ConfUtils.java:logGet(43)) - raft.server.rpc.timeout.min = 5s (custom)
2019-09-19 14:21:15,067 [pool-60-thread-1] INFO  server.RaftServerConfigKeys (ConfUtils.java:logGet(43)) - raft.server.rpc.timeout.max = 5200ms (custom)
2019-09-19 14:21:15,067 [pool-60-thread-1] INFO  server.RaftServerConfigKeys (ConfUtils.java:logGet(43)) - raft.server.rpcslowness.timeout = 120s (custom)
2019-09-19 14:21:15,067 [pool-60-thread-1] INFO  server.RaftServerConfigKeys (ConfUtils.java:logGet(43)) - raft.server.sleep.deviation.threshold = 300 (default)
2019-09-19 14:21:15,067 [pool-60-thread-1] INFO  server.RaftServerConfigKeys (ConfUtils.java:logGet(43)) - raft.server.log.appender.install.snapshot.enabled = false (custom)
2019-09-19 14:21:15,067 [pool-60-thread-1] INFO  impl.RaftServerImpl (ServerState.java:<init>(105)) - 6403e584-2209-453b-b79e-eeb0a7b58516:group-08413D0980CD ConfigurationManager, init=-1: [6403e584-2209-453b-b79e-eeb0a7b58516:192.168.157.226:35833], old=null, confs=<EMPTY_MAP>
2019-09-19 14:21:15,067 [pool-60-thread-1] INFO  server.RaftServerConfigKeys (ConfUtils.java:logGet(43)) - raft.server.storage.dir = [/workdir/hadoop-ozone/integration-test/target/test-dir/MiniOzoneClusterImpl-210d6028-2152-4683-81ff-347b0d29bb13/datanode-3/data/ratis] (custom)
2019-09-19 14:21:15,067 [pool-60-thread-1] INFO  storage.RaftStorageDirectory (RaftStorageDirectory.java:analyzeStorage(246)) - The storage directory /workdir/hadoop-ozone/integration-test/target/test-dir/MiniOzoneClusterImpl-210d6028-2152-4683-81ff-347b0d29bb13/datanode-3/data/ratis/c4d8cd4c-b56b-47fe-8477-08413d0980cd does not exist. Creating ...
2019-09-19 14:21:15,080 [pool-60-thread-1] INFO  storage.RaftStorageDirectory (RaftStorageDirectory.java:tryLock(328)) - Lock on /workdir/hadoop-ozone/integration-test/target/test-dir/MiniOzoneClusterImpl-210d6028-2152-4683-81ff-347b0d29bb13/datanode-3/data/ratis/c4d8cd4c-b56b-47fe-8477-08413d0980cd/in_use.lock acquired by nodename 16198@pr-hdds-1569-swxfz-3172132826
2019-09-19 14:21:15,093 [pool-60-thread-1] INFO  storage.RaftStorage (RaftStorage.java:format(72)) - Storage directory /workdir/hadoop-ozone/integration-test/target/test-dir/MiniOzoneClusterImpl-210d6028-2152-4683-81ff-347b0d29bb13/datanode-3/data/ratis/c4d8cd4c-b56b-47fe-8477-08413d0980cd has been successfully formatted.
2019-09-19 14:21:15,093 [pool-60-thread-1] INFO  ratis.ContainerStateMachine (ContainerStateMachine.java:loadSnapshot(226)) - group-08413D0980CD: The snapshot info is null. Setting the last applied indexto:(t:0, i:~)
2019-09-19 14:21:15,093 [pool-60-thread-1] INFO  server.RaftServerConfigKeys (ConfUtils.java:logGet(43)) - raft.server.leader.election.timeout = 120s (custom)
2019-09-19 14:21:15,093 [pool-60-thread-1] INFO  server.RaftServerConfigKeys (ConfUtils.java:logGet(43)) - raft.server.log.use.memory = false (default)
2019-09-19 14:21:15,093 [pool-60-thread-1] INFO  server.RaftServerConfigKeys (ConfUtils.java:logGet(43)) - raft.server.log.purge.gap = 1000000 (custom)
2019-09-19 14:21:15,093 [pool-60-thread-1] INFO  server.RaftServerConfigKeys (ConfUtils.java:logGet(43)) - raft.server.log.appender.buffer.byte-limit = 33554432 (custom)
2019-09-19 14:21:15,093 [pool-60-thread-1] INFO  server.RaftServerConfigKeys (ConfUtils.java:logGet(43)) - raft.server.log.segment.size.max = 1048576 (custom)
2019-09-19 14:21:15,094 [pool-60-thread-1] INFO  server.RaftServerConfigKeys (ConfUtils.java:logGet(43)) - raft.server.log.segment.cache.num.max = 2 (custom)
2019-09-19 14:21:15,094 [pool-60-thread-1] INFO  segmented.SegmentedRaftLogWorker (SegmentedRaftLogWorker.java:<init>(172)) - new 6403e584-2209-453b-b79e-eeb0a7b58516-SegmentedRaftLogWorker:Storage Directory /workdir/hadoop-ozone/integration-test/target/test-dir/MiniOzoneClusterImpl-210d6028-2152-4683-81ff-347b0d29bb13/datanode-3/data/ratis/c4d8cd4c-b56b-47fe-8477-08413d0980cd for RaftStorage:Storage Directory /workdir/hadoop-ozone/integration-test/target/test-dir/MiniOzoneClusterImpl-210d6028-2152-4683-81ff-347b0d29bb13/datanode-3/data/ratis/c4d8cd4c-b56b-47fe-8477-08413d0980cd
2019-09-19 14:21:15,094 [pool-60-thread-1] INFO  server.RaftServerConfigKeys (ConfUtils.java:logGet(43)) - raft.server.log.queue.byte-limit = 2147483647 (custom)
2019-09-19 14:21:15,094 [pool-60-thread-1] INFO  server.RaftServerConfigKeys (ConfUtils.java:logGet(43)) - raft.server.log.queue.element-limit = 1024 (custom)
2019-09-19 14:21:15,094 [pool-60-thread-1] INFO  server.RaftServerConfigKeys (ConfUtils.java:logGet(43)) - raft.server.log.segment.size.max = 1048576 (custom)
2019-09-19 14:21:15,094 [pool-60-thread-1] INFO  server.RaftServerConfigKeys (ConfUtils.java:logGet(43)) - raft.server.log.preallocated.size = 16384 (custom)
2019-09-19 14:21:15,094 [pool-60-thread-1] INFO  server.RaftServerConfigKeys (ConfUtils.java:logGet(43)) - raft.server.log.write.buffer.size = 33554432 (custom)
2019-09-19 14:21:15,095 [pool-60-thread-1] INFO  server.RaftServerConfigKeys (ConfUtils.java:logGet(43)) - raft.server.log.force.sync.num = 128 (default)
2019-09-19 14:21:15,095 [pool-60-thread-1] INFO  server.RaftServerConfigKeys (ConfUtils.java:logGet(43)) - raft.server.log.statemachine.data.sync = true (default)
2019-09-19 14:21:15,095 [pool-60-thread-1] INFO  server.RaftServerConfigKeys (ConfUtils.java:logGet(43)) - raft.server.log.statemachine.data.sync.timeout = 10s (default)
2019-09-19 14:21:15,095 [pool-60-thread-1] INFO  server.RaftServerConfigKeys (ConfUtils.java:logGet(43)) - raft.server.log.statemachine.data.sync.timeout.retry = -1 (default)
2019-09-19 14:21:15,095 [pool-60-thread-1] INFO  server.RaftServerConfigKeys (ConfUtils.java:logGet(43)) - raft.server.log.statemachine.data.caching.enabled = true (custom)
2019-09-19 14:21:15,095 [pool-60-thread-1] INFO  segmented.SegmentedRaftLogWorker (SegmentedRaftLogWorker.java:lambda$new$0(132)) - 6403e584-2209-453b-b79e-eeb0a7b58516-SegmentedRaftLogWorker:Storage Directory /workdir/hadoop-ozone/integration-test/target/test-dir/MiniOzoneClusterImpl-210d6028-2152-4683-81ff-347b0d29bb13/datanode-3/data/ratis/c4d8cd4c-b56b-47fe-8477-08413d0980cd: flushIndex: setUnconditionally 0 -> -1
2019-09-19 14:21:15,096 [pool-60-thread-1] INFO  server.RaftServerConfigKeys (ConfUtils.java:logGet(43)) - raft.server.snapshot.auto.trigger.enabled = true (custom)
2019-09-19 14:21:15,096 [pool-60-thread-1] INFO  server.RaftServerConfigKeys (ConfUtils.java:logGet(43)) - raft.server.snapshot.auto.trigger.threshold = 10000 (custom)
2019-09-19 14:21:15,096 [pool-60-thread-1] INFO  server.RaftServerConfigKeys (ConfUtils.java:logGet(43)) - raft.server.retrycache.expirytime = 600000ms (custom)
2019-09-19 14:21:15,096 [pool-60-thread-1] INFO  impl.RaftServerImpl (RaftServerImpl.java:start(180)) - 6403e584-2209-453b-b79e-eeb0a7b58516: start group-08413D0980CD
2019-09-19 14:21:15,096 [pool-60-thread-1] INFO  impl.RaftServerImpl (RaftServerImpl.java:setRole(171)) - 6403e584-2209-453b-b79e-eeb0a7b58516:group-08413D0980CD changes role from null to FOLLOWER at term 0 for startAsFollower
2019-09-19 14:21:15,096 [pool-60-thread-1] INFO  impl.RoleInfo (RoleInfo.java:updateAndGet(143)) - 6403e584-2209-453b-b79e-eeb0a7b58516: start FollowerState
2019-09-19 14:21:15,097 [pool-60-thread-1] INFO  util.JmxRegister (JmxRegister.java:tryRegister(44)) - Successfully registered JMX Bean with object name Ratis:service=RaftServer,group=group-08413D0980CD,id=6403e584-2209-453b-b79e-eeb0a7b58516
2019-09-19 14:21:15,106 [main] INFO  ozone.MiniOzoneClusterImpl (MiniOzoneClusterImpl.java:lambda$waitForClusterToBeReady$0(142)) - Cluster is ready. Got 7 of 7 DN Heartbeats.
2019-09-19 14:21:15,107 [RatisPipelineUtilsThread] INFO  pipeline.PipelineStateManager (PipelineStateManager.java:addPipeline(56)) - Created pipeline Pipeline[ Id: c4d8cd4c-b56b-47fe-8477-08413d0980cd, Nodes: 6403e584-2209-453b-b79e-eeb0a7b58516{ip: 192.168.157.226, host: pr-hdds-1569-swxfz-3172132826, networkLocation: /default-rack, certSerialId: null}, Type:RATIS, Factor:ONE, State:OPEN]
2019-09-19 14:21:15,120 [grpc-default-executor-1] INFO  impl.RaftServerProxy (RaftServerProxy.java:addNew(89)) - 306a7a99-f2a5-4f40-b42b-2fc2def08a6a: addNew group-5CCA59598051:[306a7a99-f2a5-4f40-b42b-2fc2def08a6a:192.168.157.226:42633] returns group-5CCA59598051:java.util.concurrent.CompletableFuture@42dbb4de[Not completed]
2019-09-19 14:21:15,121 [pool-49-thread-1] INFO  impl.RaftServerImpl (RaftServerImpl.java:<init>(93)) - 306a7a99-f2a5-4f40-b42b-2fc2def08a6a: new RaftServerImpl for group-5CCA59598051:[306a7a99-f2a5-4f40-b42b-2fc2def08a6a:192.168.157.226:42633] with ContainerStateMachine:uninitialized
2019-09-19 14:21:15,121 [pool-49-thread-1] INFO  server.RaftServerConfigKeys (ConfUtils.java:logGet(43)) - raft.server.rpc.timeout.min = 5s (custom)
2019-09-19 14:21:15,121 [pool-49-thread-1] INFO  server.RaftServerConfigKeys (ConfUtils.java:logGet(43)) - raft.server.rpc.timeout.max = 5200ms (custom)
2019-09-19 14:21:15,121 [pool-49-thread-1] INFO  server.RaftServerConfigKeys (ConfUtils.java:logGet(43)) - raft.server.rpcslowness.timeout = 120s (custom)
2019-09-19 14:21:15,122 [pool-49-thread-1] INFO  server.RaftServerConfigKeys (ConfUtils.java:logGet(43)) - raft.server.sleep.deviation.threshold = 300 (default)
2019-09-19 14:21:15,122 [pool-49-thread-1] INFO  server.RaftServerConfigKeys (ConfUtils.java:logGet(43)) - raft.server.log.appender.install.snapshot.enabled = false (custom)
2019-09-19 14:21:15,122 [pool-49-thread-1] INFO  impl.RaftServerImpl (ServerState.java:<init>(105)) - 306a7a99-f2a5-4f40-b42b-2fc2def08a6a:group-5CCA59598051 ConfigurationManager, init=-1: [306a7a99-f2a5-4f40-b42b-2fc2def08a6a:192.168.157.226:42633], old=null, confs=<EMPTY_MAP>
2019-09-19 14:21:15,122 [pool-49-thread-1] INFO  server.RaftServerConfigKeys (ConfUtils.java:logGet(43)) - raft.server.storage.dir = [/workdir/hadoop-ozone/integration-test/target/test-dir/MiniOzoneClusterImpl-210d6028-2152-4683-81ff-347b0d29bb13/datanode-2/data/ratis] (custom)
2019-09-19 14:21:15,122 [pool-49-thread-1] INFO  storage.RaftStorageDirectory (RaftStorageDirectory.java:analyzeStorage(246)) - The storage directory /workdir/hadoop-ozone/integration-test/target/test-dir/MiniOzoneClusterImpl-210d6028-2152-4683-81ff-347b0d29bb13/datanode-2/data/ratis/c4edd33b-2a8a-4802-93bb-5cca59598051 does not exist. Creating ...
2019-09-19 14:21:15,135 [pool-49-thread-1] INFO  storage.RaftStorageDirectory (RaftStorageDirectory.java:tryLock(328)) - Lock on /workdir/hadoop-ozone/integration-test/target/test-dir/MiniOzoneClusterImpl-210d6028-2152-4683-81ff-347b0d29bb13/datanode-2/data/ratis/c4edd33b-2a8a-4802-93bb-5cca59598051/in_use.lock acquired by nodename 16198@pr-hdds-1569-swxfz-3172132826
2019-09-19 14:21:15,148 [pool-49-thread-1] INFO  storage.RaftStorage (RaftStorage.java:format(72)) - Storage directory /workdir/hadoop-ozone/integration-test/target/test-dir/MiniOzoneClusterImpl-210d6028-2152-4683-81ff-347b0d29bb13/datanode-2/data/ratis/c4edd33b-2a8a-4802-93bb-5cca59598051 has been successfully formatted.
2019-09-19 14:21:15,148 [pool-49-thread-1] INFO  ratis.ContainerStateMachine (ContainerStateMachine.java:loadSnapshot(226)) - group-5CCA59598051: The snapshot info is null. Setting the last applied indexto:(t:0, i:~)
2019-09-19 14:21:15,148 [pool-49-thread-1] INFO  server.RaftServerConfigKeys (ConfUtils.java:logGet(43)) - raft.server.leader.election.timeout = 120s (custom)
2019-09-19 14:21:15,148 [pool-49-thread-1] INFO  server.RaftServerConfigKeys (ConfUtils.java:logGet(43)) - raft.server.log.use.memory = false (default)
2019-09-19 14:21:15,148 [pool-49-thread-1] INFO  server.RaftServerConfigKeys (ConfUtils.java:logGet(43)) - raft.server.log.purge.gap = 1000000 (custom)
2019-09-19 14:21:15,148 [pool-49-thread-1] INFO  server.RaftServerConfigKeys (ConfUtils.java:logGet(43)) - raft.server.log.appender.buffer.byte-limit = 33554432 (custom)
2019-09-19 14:21:15,148 [pool-49-thread-1] INFO  server.RaftServerConfigKeys (ConfUtils.java:logGet(43)) - raft.server.log.segment.size.max = 1048576 (custom)
2019-09-19 14:21:15,149 [pool-49-thread-1] INFO  server.RaftServerConfigKeys (ConfUtils.java:logGet(43)) - raft.server.log.segment.cache.num.max = 2 (custom)
2019-09-19 14:21:15,149 [pool-49-thread-1] INFO  segmented.SegmentedRaftLogWorker (SegmentedRaftLogWorker.java:<init>(172)) - new 306a7a99-f2a5-4f40-b42b-2fc2def08a6a-SegmentedRaftLogWorker:Storage Directory /workdir/hadoop-ozone/integration-test/target/test-dir/MiniOzoneClusterImpl-210d6028-2152-4683-81ff-347b0d29bb13/datanode-2/data/ratis/c4edd33b-2a8a-4802-93bb-5cca59598051 for RaftStorage:Storage Directory /workdir/hadoop-ozone/integration-test/target/test-dir/MiniOzoneClusterImpl-210d6028-2152-4683-81ff-347b0d29bb13/datanode-2/data/ratis/c4edd33b-2a8a-4802-93bb-5cca59598051
2019-09-19 14:21:15,149 [pool-49-thread-1] INFO  server.RaftServerConfigKeys (ConfUtils.java:logGet(43)) - raft.server.log.queue.byte-limit = 2147483647 (custom)
2019-09-19 14:21:15,149 [pool-49-thread-1] INFO  server.RaftServerConfigKeys (ConfUtils.java:logGet(43)) - raft.server.log.queue.element-limit = 1024 (custom)
2019-09-19 14:21:15,149 [pool-49-thread-1] INFO  server.RaftServerConfigKeys (ConfUtils.java:logGet(43)) - raft.server.log.segment.size.max = 1048576 (custom)
2019-09-19 14:21:15,149 [pool-49-thread-1] INFO  server.RaftServerConfigKeys (ConfUtils.java:logGet(43)) - raft.server.log.preallocated.size = 16384 (custom)
2019-09-19 14:21:15,149 [pool-49-thread-1] INFO  server.RaftServerConfigKeys (ConfUtils.java:logGet(43)) - raft.server.log.write.buffer.size = 33554432 (custom)
2019-09-19 14:21:15,149 [pool-49-thread-1] INFO  server.RaftServerConfigKeys (ConfUtils.java:logGet(43)) - raft.server.log.force.sync.num = 128 (default)
2019-09-19 14:21:15,149 [pool-49-thread-1] INFO  server.RaftServerConfigKeys (ConfUtils.java:logGet(43)) - raft.server.log.statemachine.data.sync = true (default)
2019-09-19 14:21:15,149 [pool-49-thread-1] INFO  server.RaftServerConfigKeys (ConfUtils.java:logGet(43)) - raft.server.log.statemachine.data.sync.timeout = 10s (default)
2019-09-19 14:21:15,150 [pool-49-thread-1] INFO  server.RaftServerConfigKeys (ConfUtils.java:logGet(43)) - raft.server.log.statemachine.data.sync.timeout.retry = -1 (default)
2019-09-19 14:21:15,150 [pool-49-thread-1] INFO  server.RaftServerConfigKeys (ConfUtils.java:logGet(43)) - raft.server.log.statemachine.data.caching.enabled = true (custom)
2019-09-19 14:21:15,150 [pool-49-thread-1] INFO  segmented.SegmentedRaftLogWorker (SegmentedRaftLogWorker.java:lambda$new$0(132)) - 306a7a99-f2a5-4f40-b42b-2fc2def08a6a-SegmentedRaftLogWorker:Storage Directory /workdir/hadoop-ozone/integration-test/target/test-dir/MiniOzoneClusterImpl-210d6028-2152-4683-81ff-347b0d29bb13/datanode-2/data/ratis/c4edd33b-2a8a-4802-93bb-5cca59598051: flushIndex: setUnconditionally 0 -> -1
2019-09-19 14:21:15,150 [pool-49-thread-1] INFO  server.RaftServerConfigKeys (ConfUtils.java:logGet(43)) - raft.server.snapshot.auto.trigger.enabled = true (custom)
2019-09-19 14:21:15,150 [pool-49-thread-1] INFO  server.RaftServerConfigKeys (ConfUtils.java:logGet(43)) - raft.server.snapshot.auto.trigger.threshold = 10000 (custom)
2019-09-19 14:21:15,150 [pool-49-thread-1] INFO  server.RaftServerConfigKeys (ConfUtils.java:logGet(43)) - raft.server.retrycache.expirytime = 600000ms (custom)
2019-09-19 14:21:15,151 [pool-49-thread-1] INFO  impl.RaftServerImpl (RaftServerImpl.java:start(180)) - 306a7a99-f2a5-4f40-b42b-2fc2def08a6a: start group-5CCA59598051
2019-09-19 14:21:15,151 [pool-49-thread-1] INFO  impl.RaftServerImpl (RaftServerImpl.java:setRole(171)) - 306a7a99-f2a5-4f40-b42b-2fc2def08a6a:group-5CCA59598051 changes role from null to FOLLOWER at term 0 for startAsFollower
2019-09-19 14:21:15,151 [pool-49-thread-1] INFO  impl.RoleInfo (RoleInfo.java:updateAndGet(143)) - 306a7a99-f2a5-4f40-b42b-2fc2def08a6a: start FollowerState
2019-09-19 14:21:15,151 [pool-49-thread-1] INFO  util.JmxRegister (JmxRegister.java:tryRegister(44)) - Successfully registered JMX Bean with object name Ratis:service=RaftServer,group=group-5CCA59598051,id=306a7a99-f2a5-4f40-b42b-2fc2def08a6a
2019-09-19 14:21:15,165 [RatisPipelineUtilsThread] INFO  pipeline.PipelineStateManager (PipelineStateManager.java:addPipeline(56)) - Created pipeline Pipeline[ Id: c4edd33b-2a8a-4802-93bb-5cca59598051, Nodes: 306a7a99-f2a5-4f40-b42b-2fc2def08a6a{ip: 192.168.157.226, host: pr-hdds-1569-swxfz-3172132826, networkLocation: /default-rack, certSerialId: null}, Type:RATIS, Factor:ONE, State:OPEN]
2019-09-19 14:21:15,182 [grpc-default-executor-1] INFO  impl.RaftServerProxy (RaftServerProxy.java:addNew(89)) - 85c6a9f3-b9a5-43a5-ac4f-9aa7bd5f2263: addNew group-352DC12B53E3:[85c6a9f3-b9a5-43a5-ac4f-9aa7bd5f2263:192.168.157.226:45170] returns group-352DC12B53E3:java.util.concurrent.CompletableFuture@13cdbd3e[Not completed]
2019-09-19 14:21:15,184 [pool-27-thread-1] INFO  impl.RaftServerImpl (RaftServerImpl.java:<init>(93)) - 85c6a9f3-b9a5-43a5-ac4f-9aa7bd5f2263: new RaftServerImpl for group-352DC12B53E3:[85c6a9f3-b9a5-43a5-ac4f-9aa7bd5f2263:192.168.157.226:45170] with ContainerStateMachine:uninitialized
2019-09-19 14:21:15,184 [pool-27-thread-1] INFO  server.RaftServerConfigKeys (ConfUtils.java:logGet(43)) - raft.server.rpc.timeout.min = 5s (custom)
2019-09-19 14:21:15,184 [pool-27-thread-1] INFO  server.RaftServerConfigKeys (ConfUtils.java:logGet(43)) - raft.server.rpc.timeout.max = 5200ms (custom)
2019-09-19 14:21:15,185 [pool-27-thread-1] INFO  server.RaftServerConfigKeys (ConfUtils.java:logGet(43)) - raft.server.rpcslowness.timeout = 120s (custom)
2019-09-19 14:21:15,185 [pool-27-thread-1] INFO  server.RaftServerConfigKeys (ConfUtils.java:logGet(43)) - raft.server.sleep.deviation.threshold = 300 (default)
2019-09-19 14:21:15,185 [pool-27-thread-1] INFO  server.RaftServerConfigKeys (ConfUtils.java:logGet(43)) - raft.server.log.appender.install.snapshot.enabled = false (custom)
2019-09-19 14:21:15,185 [pool-27-thread-1] INFO  impl.RaftServerImpl (ServerState.java:<init>(105)) - 85c6a9f3-b9a5-43a5-ac4f-9aa7bd5f2263:group-352DC12B53E3 ConfigurationManager, init=-1: [85c6a9f3-b9a5-43a5-ac4f-9aa7bd5f2263:192.168.157.226:45170], old=null, confs=<EMPTY_MAP>
2019-09-19 14:21:15,185 [pool-27-thread-1] INFO  server.RaftServerConfigKeys (ConfUtils.java:logGet(43)) - raft.server.storage.dir = [/workdir/hadoop-ozone/integration-test/target/test-dir/MiniOzoneClusterImpl-210d6028-2152-4683-81ff-347b0d29bb13/datanode-0/data/ratis] (custom)
2019-09-19 14:21:15,185 [pool-27-thread-1] INFO  storage.RaftStorageDirectory (RaftStorageDirectory.java:analyzeStorage(246)) - The storage directory /workdir/hadoop-ozone/integration-test/target/test-dir/MiniOzoneClusterImpl-210d6028-2152-4683-81ff-347b0d29bb13/datanode-0/data/ratis/84e6bca7-bc48-4d08-8609-352dc12b53e3 does not exist. Creating ...
2019-09-19 14:21:15,198 [pool-27-thread-1] INFO  storage.RaftStorageDirectory (RaftStorageDirectory.java:tryLock(328)) - Lock on /workdir/hadoop-ozone/integration-test/target/test-dir/MiniOzoneClusterImpl-210d6028-2152-4683-81ff-347b0d29bb13/datanode-0/data/ratis/84e6bca7-bc48-4d08-8609-352dc12b53e3/in_use.lock acquired by nodename 16198@pr-hdds-1569-swxfz-3172132826
2019-09-19 14:21:15,224 [pool-27-thread-1] INFO  storage.RaftStorage (RaftStorage.java:format(72)) - Storage directory /workdir/hadoop-ozone/integration-test/target/test-dir/MiniOzoneClusterImpl-210d6028-2152-4683-81ff-347b0d29bb13/datanode-0/data/ratis/84e6bca7-bc48-4d08-8609-352dc12b53e3 has been successfully formatted.
2019-09-19 14:21:15,224 [pool-27-thread-1] INFO  ratis.ContainerStateMachine (ContainerStateMachine.java:loadSnapshot(226)) - group-352DC12B53E3: The snapshot info is null. Setting the last applied indexto:(t:0, i:~)
2019-09-19 14:21:15,224 [pool-27-thread-1] INFO  server.RaftServerConfigKeys (ConfUtils.java:logGet(43)) - raft.server.leader.election.timeout = 120s (custom)
2019-09-19 14:21:15,225 [pool-27-thread-1] INFO  server.RaftServerConfigKeys (ConfUtils.java:logGet(43)) - raft.server.log.use.memory = false (default)
2019-09-19 14:21:15,225 [pool-27-thread-1] INFO  server.RaftServerConfigKeys (ConfUtils.java:logGet(43)) - raft.server.log.purge.gap = 1000000 (custom)
2019-09-19 14:21:15,225 [pool-27-thread-1] INFO  server.RaftServerConfigKeys (ConfUtils.java:logGet(43)) - raft.server.log.appender.buffer.byte-limit = 33554432 (custom)
2019-09-19 14:21:15,225 [pool-27-thread-1] INFO  server.RaftServerConfigKeys (ConfUtils.java:logGet(43)) - raft.server.log.segment.size.max = 1048576 (custom)
2019-09-19 14:21:15,226 [pool-27-thread-1] INFO  server.RaftServerConfigKeys (ConfUtils.java:logGet(43)) - raft.server.log.segment.cache.num.max = 2 (custom)
2019-09-19 14:21:15,226 [pool-27-thread-1] INFO  segmented.SegmentedRaftLogWorker (SegmentedRaftLogWorker.java:<init>(172)) - new 85c6a9f3-b9a5-43a5-ac4f-9aa7bd5f2263-SegmentedRaftLogWorker:Storage Directory /workdir/hadoop-ozone/integration-test/target/test-dir/MiniOzoneClusterImpl-210d6028-2152-4683-81ff-347b0d29bb13/datanode-0/data/ratis/84e6bca7-bc48-4d08-8609-352dc12b53e3 for RaftStorage:Storage Directory /workdir/hadoop-ozone/integration-test/target/test-dir/MiniOzoneClusterImpl-210d6028-2152-4683-81ff-347b0d29bb13/datanode-0/data/ratis/84e6bca7-bc48-4d08-8609-352dc12b53e3
2019-09-19 14:21:15,226 [pool-27-thread-1] INFO  server.RaftServerConfigKeys (ConfUtils.java:logGet(43)) - raft.server.log.queue.byte-limit = 2147483647 (custom)
2019-09-19 14:21:15,226 [pool-27-thread-1] INFO  server.RaftServerConfigKeys (ConfUtils.java:logGet(43)) - raft.server.log.queue.element-limit = 1024 (custom)
2019-09-19 14:21:15,226 [pool-27-thread-1] INFO  server.RaftServerConfigKeys (ConfUtils.java:logGet(43)) - raft.server.log.segment.size.max = 1048576 (custom)
2019-09-19 14:21:15,226 [pool-27-thread-1] INFO  server.RaftServerConfigKeys (ConfUtils.java:logGet(43)) - raft.server.log.preallocated.size = 16384 (custom)
2019-09-19 14:21:15,227 [pool-27-thread-1] INFO  server.RaftServerConfigKeys (ConfUtils.java:logGet(43)) - raft.server.log.write.buffer.size = 33554432 (custom)
2019-09-19 14:21:15,227 [pool-27-thread-1] INFO  server.RaftServerConfigKeys (ConfUtils.java:logGet(43)) - raft.server.log.force.sync.num = 128 (default)
2019-09-19 14:21:15,227 [pool-27-thread-1] INFO  server.RaftServerConfigKeys (ConfUtils.java:logGet(43)) - raft.server.log.statemachine.data.sync = true (default)
2019-09-19 14:21:15,227 [pool-27-thread-1] INFO  server.RaftServerConfigKeys (ConfUtils.java:logGet(43)) - raft.server.log.statemachine.data.sync.timeout = 10s (default)
2019-09-19 14:21:15,227 [pool-27-thread-1] INFO  server.RaftServerConfigKeys (ConfUtils.java:logGet(43)) - raft.server.log.statemachine.data.sync.timeout.retry = -1 (default)
2019-09-19 14:21:15,227 [pool-27-thread-1] INFO  server.RaftServerConfigKeys (ConfUtils.java:logGet(43)) - raft.server.log.statemachine.data.caching.enabled = true (custom)
2019-09-19 14:21:15,228 [pool-27-thread-1] INFO  segmented.SegmentedRaftLogWorker (SegmentedRaftLogWorker.java:lambda$new$0(132)) - 85c6a9f3-b9a5-43a5-ac4f-9aa7bd5f2263-SegmentedRaftLogWorker:Storage Directory /workdir/hadoop-ozone/integration-test/target/test-dir/MiniOzoneClusterImpl-210d6028-2152-4683-81ff-347b0d29bb13/datanode-0/data/ratis/84e6bca7-bc48-4d08-8609-352dc12b53e3: flushIndex: setUnconditionally 0 -> -1
2019-09-19 14:21:15,228 [pool-27-thread-1] INFO  server.RaftServerConfigKeys (ConfUtils.java:logGet(43)) - raft.server.snapshot.auto.trigger.enabled = true (custom)
2019-09-19 14:21:15,228 [pool-27-thread-1] INFO  server.RaftServerConfigKeys (ConfUtils.java:logGet(43)) - raft.server.snapshot.auto.trigger.threshold = 10000 (custom)
2019-09-19 14:21:15,229 [pool-27-thread-1] INFO  server.RaftServerConfigKeys (ConfUtils.java:logGet(43)) - raft.server.retrycache.expirytime = 600000ms (custom)
2019-09-19 14:21:15,229 [pool-27-thread-1] INFO  impl.RaftServerImpl (RaftServerImpl.java:start(180)) - 85c6a9f3-b9a5-43a5-ac4f-9aa7bd5f2263: start group-352DC12B53E3
2019-09-19 14:21:15,229 [pool-27-thread-1] INFO  impl.RaftServerImpl (RaftServerImpl.java:setRole(171)) - 85c6a9f3-b9a5-43a5-ac4f-9aa7bd5f2263:group-352DC12B53E3 changes role from null to FOLLOWER at term 0 for startAsFollower
2019-09-19 14:21:15,229 [pool-27-thread-1] INFO  impl.RoleInfo (RoleInfo.java:updateAndGet(143)) - 85c6a9f3-b9a5-43a5-ac4f-9aa7bd5f2263: start FollowerState
2019-09-19 14:21:15,230 [pool-27-thread-1] INFO  util.JmxRegister (JmxRegister.java:tryRegister(44)) - Successfully registered JMX Bean with object name Ratis:service=RaftServer,group=group-352DC12B53E3,id=85c6a9f3-b9a5-43a5-ac4f-9aa7bd5f2263
2019-09-19 14:21:15,251 [RatisPipelineUtilsThread] INFO  pipeline.PipelineStateManager (PipelineStateManager.java:addPipeline(56)) - Created pipeline Pipeline[ Id: 84e6bca7-bc48-4d08-8609-352dc12b53e3, Nodes: 85c6a9f3-b9a5-43a5-ac4f-9aa7bd5f2263{ip: 192.168.157.226, host: pr-hdds-1569-swxfz-3172132826, networkLocation: /default-rack, certSerialId: null}, Type:RATIS, Factor:ONE, State:OPEN]
2019-09-19 14:21:15,270 [grpc-default-executor-1] INFO  impl.RaftServerProxy (RaftServerProxy.java:addNew(89)) - 6403e584-2209-453b-b79e-eeb0a7b58516: addNew group-586931AC7CB2:[6403e584-2209-453b-b79e-eeb0a7b58516:192.168.157.226:35833] returns group-586931AC7CB2:java.util.concurrent.CompletableFuture@77dc5bcf[Not completed]
2019-09-19 14:21:15,272 [pool-60-thread-1] INFO  impl.RaftServerImpl (RaftServerImpl.java:<init>(93)) - 6403e584-2209-453b-b79e-eeb0a7b58516: new RaftServerImpl for group-586931AC7CB2:[6403e584-2209-453b-b79e-eeb0a7b58516:192.168.157.226:35833] with ContainerStateMachine:uninitialized
2019-09-19 14:21:15,272 [pool-60-thread-1] INFO  server.RaftServerConfigKeys (ConfUtils.java:logGet(43)) - raft.server.rpc.timeout.min = 5s (custom)
2019-09-19 14:21:15,273 [pool-60-thread-1] INFO  server.RaftServerConfigKeys (ConfUtils.java:logGet(43)) - raft.server.rpc.timeout.max = 5200ms (custom)
2019-09-19 14:21:15,273 [pool-60-thread-1] INFO  server.RaftServerConfigKeys (ConfUtils.java:logGet(43)) - raft.server.rpcslowness.timeout = 120s (custom)
2019-09-19 14:21:15,273 [pool-60-thread-1] INFO  server.RaftServerConfigKeys (ConfUtils.java:logGet(43)) - raft.server.sleep.deviation.threshold = 300 (default)
2019-09-19 14:21:15,273 [pool-60-thread-1] INFO  server.RaftServerConfigKeys (ConfUtils.java:logGet(43)) - raft.server.log.appender.install.snapshot.enabled = false (custom)
2019-09-19 14:21:15,273 [pool-60-thread-1] INFO  impl.RaftServerImpl (ServerState.java:<init>(105)) - 6403e584-2209-453b-b79e-eeb0a7b58516:group-586931AC7CB2 ConfigurationManager, init=-1: [6403e584-2209-453b-b79e-eeb0a7b58516:192.168.157.226:35833], old=null, confs=<EMPTY_MAP>
2019-09-19 14:21:15,273 [pool-60-thread-1] INFO  server.RaftServerConfigKeys (ConfUtils.java:logGet(43)) - raft.server.storage.dir = [/workdir/hadoop-ozone/integration-test/target/test-dir/MiniOzoneClusterImpl-210d6028-2152-4683-81ff-347b0d29bb13/datanode-3/data/ratis] (custom)
2019-09-19 14:21:15,274 [pool-60-thread-1] INFO  storage.RaftStorageDirectory (RaftStorageDirectory.java:analyzeStorage(246)) - The storage directory /workdir/hadoop-ozone/integration-test/target/test-dir/MiniOzoneClusterImpl-210d6028-2152-4683-81ff-347b0d29bb13/datanode-3/data/ratis/1fe03246-ccde-4834-9a99-586931ac7cb2 does not exist. Creating ...
2019-09-19 14:21:15,287 [pool-60-thread-1] INFO  storage.RaftStorageDirectory (RaftStorageDirectory.java:tryLock(328)) - Lock on /workdir/hadoop-ozone/integration-test/target/test-dir/MiniOzoneClusterImpl-210d6028-2152-4683-81ff-347b0d29bb13/datanode-3/data/ratis/1fe03246-ccde-4834-9a99-586931ac7cb2/in_use.lock acquired by nodename 16198@pr-hdds-1569-swxfz-3172132826
2019-09-19 14:21:15,300 [pool-60-thread-1] INFO  storage.RaftStorage (RaftStorage.java:format(72)) - Storage directory /workdir/hadoop-ozone/integration-test/target/test-dir/MiniOzoneClusterImpl-210d6028-2152-4683-81ff-347b0d29bb13/datanode-3/data/ratis/1fe03246-ccde-4834-9a99-586931ac7cb2 has been successfully formatted.
2019-09-19 14:21:15,301 [pool-60-thread-1] INFO  ratis.ContainerStateMachine (ContainerStateMachine.java:loadSnapshot(226)) - group-586931AC7CB2: The snapshot info is null. Setting the last applied indexto:(t:0, i:~)
2019-09-19 14:21:15,301 [pool-60-thread-1] INFO  server.RaftServerConfigKeys (ConfUtils.java:logGet(43)) - raft.server.leader.election.timeout = 120s (custom)
2019-09-19 14:21:15,301 [pool-60-thread-1] INFO  server.RaftServerConfigKeys (ConfUtils.java:logGet(43)) - raft.server.log.use.memory = false (default)
2019-09-19 14:21:15,301 [pool-60-thread-1] INFO  server.RaftServerConfigKeys (ConfUtils.java:logGet(43)) - raft.server.log.purge.gap = 1000000 (custom)
2019-09-19 14:21:15,302 [pool-60-thread-1] INFO  server.RaftServerConfigKeys (ConfUtils.java:logGet(43)) - raft.server.log.appender.buffer.byte-limit = 33554432 (custom)
2019-09-19 14:21:15,302 [pool-60-thread-1] INFO  server.RaftServerConfigKeys (ConfUtils.java:logGet(43)) - raft.server.log.segment.size.max = 1048576 (custom)
2019-09-19 14:21:15,302 [pool-60-thread-1] INFO  server.RaftServerConfigKeys (ConfUtils.java:logGet(43)) - raft.server.log.segment.cache.num.max = 2 (custom)
2019-09-19 14:21:15,302 [pool-60-thread-1] INFO  segmented.SegmentedRaftLogWorker (SegmentedRaftLogWorker.java:<init>(172)) - new 6403e584-2209-453b-b79e-eeb0a7b58516-SegmentedRaftLogWorker:Storage Directory /workdir/hadoop-ozone/integration-test/target/test-dir/MiniOzoneClusterImpl-210d6028-2152-4683-81ff-347b0d29bb13/datanode-3/data/ratis/1fe03246-ccde-4834-9a99-586931ac7cb2 for RaftStorage:Storage Directory /workdir/hadoop-ozone/integration-test/target/test-dir/MiniOzoneClusterImpl-210d6028-2152-4683-81ff-347b0d29bb13/datanode-3/data/ratis/1fe03246-ccde-4834-9a99-586931ac7cb2
2019-09-19 14:21:15,302 [pool-60-thread-1] INFO  server.RaftServerConfigKeys (ConfUtils.java:logGet(43)) - raft.server.log.queue.byte-limit = 2147483647 (custom)
2019-09-19 14:21:15,303 [pool-60-thread-1] INFO  server.RaftServerConfigKeys (ConfUtils.java:logGet(43)) - raft.server.log.queue.element-limit = 1024 (custom)
2019-09-19 14:21:15,303 [pool-60-thread-1] INFO  server.RaftServerConfigKeys (ConfUtils.java:logGet(43)) - raft.server.log.segment.size.max = 1048576 (custom)
2019-09-19 14:21:15,303 [pool-60-thread-1] INFO  server.RaftServerConfigKeys (ConfUtils.java:logGet(43)) - raft.server.log.preallocated.size = 16384 (custom)
2019-09-19 14:21:15,303 [pool-60-thread-1] INFO  server.RaftServerConfigKeys (ConfUtils.java:logGet(43)) - raft.server.log.write.buffer.size = 33554432 (custom)
2019-09-19 14:21:15,303 [pool-60-thread-1] INFO  server.RaftServerConfigKeys (ConfUtils.java:logGet(43)) - raft.server.log.force.sync.num = 128 (default)
2019-09-19 14:21:15,303 [pool-60-thread-1] INFO  server.RaftServerConfigKeys (ConfUtils.java:logGet(43)) - raft.server.log.statemachine.data.sync = true (default)
2019-09-19 14:21:15,304 [pool-60-thread-1] INFO  server.RaftServerConfigKeys (ConfUtils.java:logGet(43)) - raft.server.log.statemachine.data.sync.timeout = 10s (default)
2019-09-19 14:21:15,304 [pool-60-thread-1] INFO  server.RaftServerConfigKeys (ConfUtils.java:logGet(43)) - raft.server.log.statemachine.data.sync.timeout.retry = -1 (default)
2019-09-19 14:21:15,304 [pool-60-thread-1] INFO  server.RaftServerConfigKeys (ConfUtils.java:logGet(43)) - raft.server.log.statemachine.data.caching.enabled = true (custom)
2019-09-19 14:21:15,304 [pool-60-thread-1] INFO  segmented.SegmentedRaftLogWorker (SegmentedRaftLogWorker.java:lambda$new$0(132)) - 6403e584-2209-453b-b79e-eeb0a7b58516-SegmentedRaftLogWorker:Storage Directory /workdir/hadoop-ozone/integration-test/target/test-dir/MiniOzoneClusterImpl-210d6028-2152-4683-81ff-347b0d29bb13/datanode-3/data/ratis/1fe03246-ccde-4834-9a99-586931ac7cb2: flushIndex: setUnconditionally 0 -> -1
2019-09-19 14:21:15,305 [pool-60-thread-1] INFO  server.RaftServerConfigKeys (ConfUtils.java:logGet(43)) - raft.server.snapshot.auto.trigger.enabled = true (custom)
2019-09-19 14:21:15,305 [pool-60-thread-1] INFO  server.RaftServerConfigKeys (ConfUtils.java:logGet(43)) - raft.server.snapshot.auto.trigger.threshold = 10000 (custom)
2019-09-19 14:21:15,305 [pool-60-thread-1] INFO  server.RaftServerConfigKeys (ConfUtils.java:logGet(43)) - raft.server.retrycache.expirytime = 600000ms (custom)
2019-09-19 14:21:15,305 [pool-60-thread-1] INFO  impl.RaftServerImpl (RaftServerImpl.java:start(180)) - 6403e584-2209-453b-b79e-eeb0a7b58516: start group-586931AC7CB2
2019-09-19 14:21:15,305 [pool-60-thread-1] INFO  impl.RaftServerImpl (RaftServerImpl.java:setRole(171)) - 6403e584-2209-453b-b79e-eeb0a7b58516:group-586931AC7CB2 changes role from null to FOLLOWER at term 0 for startAsFollower
2019-09-19 14:21:15,306 [pool-60-thread-1] INFO  impl.RoleInfo (RoleInfo.java:updateAndGet(143)) - 6403e584-2209-453b-b79e-eeb0a7b58516: start FollowerState
2019-09-19 14:21:15,306 [pool-60-thread-1] INFO  util.JmxRegister (JmxRegister.java:tryRegister(44)) - Successfully registered JMX Bean with object name Ratis:service=RaftServer,group=group-586931AC7CB2,id=6403e584-2209-453b-b79e-eeb0a7b58516
2019-09-19 14:21:15,327 [RatisPipelineUtilsThread] INFO  pipeline.PipelineStateManager (PipelineStateManager.java:addPipeline(56)) - Created pipeline Pipeline[ Id: 1fe03246-ccde-4834-9a99-586931ac7cb2, Nodes: 6403e584-2209-453b-b79e-eeb0a7b58516{ip: 192.168.157.226, host: pr-hdds-1569-swxfz-3172132826, networkLocation: /default-rack, certSerialId: null}, Type:RATIS, Factor:ONE, State:OPEN]
2019-09-19 14:21:15,346 [grpc-default-executor-1] INFO  impl.RaftServerProxy (RaftServerProxy.java:addNew(89)) - 5dfaa0ea-416a-422c-a75d-43311aceb00a: addNew group-ECAA1E39D794:[5dfaa0ea-416a-422c-a75d-43311aceb00a:192.168.157.226:45629] returns group-ECAA1E39D794:java.util.concurrent.CompletableFuture@1783424a[Not completed]
2019-09-19 14:21:15,348 [pool-38-thread-1] INFO  impl.RaftServerImpl (RaftServerImpl.java:<init>(93)) - 5dfaa0ea-416a-422c-a75d-43311aceb00a: new RaftServerImpl for group-ECAA1E39D794:[5dfaa0ea-416a-422c-a75d-43311aceb00a:192.168.157.226:45629] with ContainerStateMachine:uninitialized
2019-09-19 14:21:15,348 | INFO  | SCMAudit | user=jenkins1000 | ip=192.168.157.226 | op=SEND_HEARTBEAT {datanodeUUID=85c6a9f3-b9a5-43a5-ac4f-9aa7bd5f2263, command=[]} | ret=SUCCESS |  
2019-09-19 14:21:15,348 [pool-38-thread-1] INFO  server.RaftServerConfigKeys (ConfUtils.java:logGet(43)) - raft.server.rpc.timeout.min = 5s (custom)
2019-09-19 14:21:15,349 [pool-38-thread-1] INFO  server.RaftServerConfigKeys (ConfUtils.java:logGet(43)) - raft.server.rpc.timeout.max = 5200ms (custom)
2019-09-19 14:21:15,349 [pool-38-thread-1] INFO  server.RaftServerConfigKeys (ConfUtils.java:logGet(43)) - raft.server.rpcslowness.timeout = 120s (custom)
2019-09-19 14:21:15,349 [pool-38-thread-1] INFO  server.RaftServerConfigKeys (ConfUtils.java:logGet(43)) - raft.server.sleep.deviation.threshold = 300 (default)
2019-09-19 14:21:15,349 [pool-38-thread-1] INFO  server.RaftServerConfigKeys (ConfUtils.java:logGet(43)) - raft.server.log.appender.install.snapshot.enabled = false (custom)
2019-09-19 14:21:15,349 [pool-38-thread-1] INFO  impl.RaftServerImpl (ServerState.java:<init>(105)) - 5dfaa0ea-416a-422c-a75d-43311aceb00a:group-ECAA1E39D794 ConfigurationManager, init=-1: [5dfaa0ea-416a-422c-a75d-43311aceb00a:192.168.157.226:45629], old=null, confs=<EMPTY_MAP>
2019-09-19 14:21:15,350 [pool-38-thread-1] INFO  server.RaftServerConfigKeys (ConfUtils.java:logGet(43)) - raft.server.storage.dir = [/workdir/hadoop-ozone/integration-test/target/test-dir/MiniOzoneClusterImpl-210d6028-2152-4683-81ff-347b0d29bb13/datanode-1/data/ratis] (custom)
2019-09-19 14:21:15,350 [pool-38-thread-1] INFO  storage.RaftStorageDirectory (RaftStorageDirectory.java:analyzeStorage(246)) - The storage directory /workdir/hadoop-ozone/integration-test/target/test-dir/MiniOzoneClusterImpl-210d6028-2152-4683-81ff-347b0d29bb13/datanode-1/data/ratis/ab442f8d-48c5-4bcc-b93a-ecaa1e39d794 does not exist. Creating ...
2019-09-19 14:21:15,363 [pool-38-thread-1] INFO  storage.RaftStorageDirectory (RaftStorageDirectory.java:tryLock(328)) - Lock on /workdir/hadoop-ozone/integration-test/target/test-dir/MiniOzoneClusterImpl-210d6028-2152-4683-81ff-347b0d29bb13/datanode-1/data/ratis/ab442f8d-48c5-4bcc-b93a-ecaa1e39d794/in_use.lock acquired by nodename 16198@pr-hdds-1569-swxfz-3172132826
2019-09-19 14:21:15,379 [pool-38-thread-1] INFO  storage.RaftStorage (RaftStorage.java:format(72)) - Storage directory /workdir/hadoop-ozone/integration-test/target/test-dir/MiniOzoneClusterImpl-210d6028-2152-4683-81ff-347b0d29bb13/datanode-1/data/ratis/ab442f8d-48c5-4bcc-b93a-ecaa1e39d794 has been successfully formatted.
2019-09-19 14:21:15,379 [pool-38-thread-1] INFO  ratis.ContainerStateMachine (ContainerStateMachine.java:loadSnapshot(226)) - group-ECAA1E39D794: The snapshot info is null. Setting the last applied indexto:(t:0, i:~)
2019-09-19 14:21:15,380 [pool-38-thread-1] INFO  server.RaftServerConfigKeys (ConfUtils.java:logGet(43)) - raft.server.leader.election.timeout = 120s (custom)
2019-09-19 14:21:15,380 [pool-38-thread-1] INFO  server.RaftServerConfigKeys (ConfUtils.java:logGet(43)) - raft.server.log.use.memory = false (default)
2019-09-19 14:21:15,380 [pool-38-thread-1] INFO  server.RaftServerConfigKeys (ConfUtils.java:logGet(43)) - raft.server.log.purge.gap = 1000000 (custom)
2019-09-19 14:21:15,381 [pool-38-thread-1] INFO  server.RaftServerConfigKeys (ConfUtils.java:logGet(43)) - raft.server.log.appender.buffer.byte-limit = 33554432 (custom)
2019-09-19 14:21:15,384 [pool-38-thread-1] INFO  server.RaftServerConfigKeys (ConfUtils.java:logGet(43)) - raft.server.log.segment.size.max = 1048576 (custom)
2019-09-19 14:21:15,385 [pool-38-thread-1] INFO  server.RaftServerConfigKeys (ConfUtils.java:logGet(43)) - raft.server.log.segment.cache.num.max = 2 (custom)
2019-09-19 14:21:15,385 [pool-38-thread-1] INFO  segmented.SegmentedRaftLogWorker (SegmentedRaftLogWorker.java:<init>(172)) - new 5dfaa0ea-416a-422c-a75d-43311aceb00a-SegmentedRaftLogWorker:Storage Directory /workdir/hadoop-ozone/integration-test/target/test-dir/MiniOzoneClusterImpl-210d6028-2152-4683-81ff-347b0d29bb13/datanode-1/data/ratis/ab442f8d-48c5-4bcc-b93a-ecaa1e39d794 for RaftStorage:Storage Directory /workdir/hadoop-ozone/integration-test/target/test-dir/MiniOzoneClusterImpl-210d6028-2152-4683-81ff-347b0d29bb13/datanode-1/data/ratis/ab442f8d-48c5-4bcc-b93a-ecaa1e39d794
2019-09-19 14:21:15,385 [pool-38-thread-1] INFO  server.RaftServerConfigKeys (ConfUtils.java:logGet(43)) - raft.server.log.queue.byte-limit = 2147483647 (custom)
2019-09-19 14:21:15,385 [pool-38-thread-1] INFO  server.RaftServerConfigKeys (ConfUtils.java:logGet(43)) - raft.server.log.queue.element-limit = 1024 (custom)
2019-09-19 14:21:15,385 [pool-38-thread-1] INFO  server.RaftServerConfigKeys (ConfUtils.java:logGet(43)) - raft.server.log.segment.size.max = 1048576 (custom)
2019-09-19 14:21:15,385 [pool-38-thread-1] INFO  server.RaftServerConfigKeys (ConfUtils.java:logGet(43)) - raft.server.log.preallocated.size = 16384 (custom)
2019-09-19 14:21:15,385 [pool-38-thread-1] INFO  server.RaftServerConfigKeys (ConfUtils.java:logGet(43)) - raft.server.log.write.buffer.size = 33554432 (custom)
2019-09-19 14:21:15,385 [pool-38-thread-1] INFO  server.RaftServerConfigKeys (ConfUtils.java:logGet(43)) - raft.server.log.force.sync.num = 128 (default)
2019-09-19 14:21:15,386 [pool-38-thread-1] INFO  server.RaftServerConfigKeys (ConfUtils.java:logGet(43)) - raft.server.log.statemachine.data.sync = true (default)
2019-09-19 14:21:15,386 [pool-38-thread-1] INFO  server.RaftServerConfigKeys (ConfUtils.java:logGet(43)) - raft.server.log.statemachine.data.sync.timeout = 10s (default)
2019-09-19 14:21:15,386 [pool-38-thread-1] INFO  server.RaftServerConfigKeys (ConfUtils.java:logGet(43)) - raft.server.log.statemachine.data.sync.timeout.retry = -1 (default)
2019-09-19 14:21:15,386 [pool-38-thread-1] INFO  server.RaftServerConfigKeys (ConfUtils.java:logGet(43)) - raft.server.log.statemachine.data.caching.enabled = true (custom)
2019-09-19 14:21:15,386 [pool-38-thread-1] INFO  segmented.SegmentedRaftLogWorker (SegmentedRaftLogWorker.java:lambda$new$0(132)) - 5dfaa0ea-416a-422c-a75d-43311aceb00a-SegmentedRaftLogWorker:Storage Directory /workdir/hadoop-ozone/integration-test/target/test-dir/MiniOzoneClusterImpl-210d6028-2152-4683-81ff-347b0d29bb13/datanode-1/data/ratis/ab442f8d-48c5-4bcc-b93a-ecaa1e39d794: flushIndex: setUnconditionally 0 -> -1
2019-09-19 14:21:15,387 [pool-38-thread-1] INFO  server.RaftServerConfigKeys (ConfUtils.java:logGet(43)) - raft.server.snapshot.auto.trigger.enabled = true (custom)
2019-09-19 14:21:15,387 [pool-38-thread-1] INFO  server.RaftServerConfigKeys (ConfUtils.java:logGet(43)) - raft.server.snapshot.auto.trigger.threshold = 10000 (custom)
2019-09-19 14:21:15,387 [pool-38-thread-1] INFO  server.RaftServerConfigKeys (ConfUtils.java:logGet(43)) - raft.server.retrycache.expirytime = 600000ms (custom)
2019-09-19 14:21:15,387 [pool-38-thread-1] INFO  impl.RaftServerImpl (RaftServerImpl.java:start(180)) - 5dfaa0ea-416a-422c-a75d-43311aceb00a: start group-ECAA1E39D794
2019-09-19 14:21:15,387 [pool-38-thread-1] INFO  impl.RaftServerImpl (RaftServerImpl.java:setRole(171)) - 5dfaa0ea-416a-422c-a75d-43311aceb00a:group-ECAA1E39D794 changes role from null to FOLLOWER at term 0 for startAsFollower
2019-09-19 14:21:15,388 [pool-38-thread-1] INFO  impl.RoleInfo (RoleInfo.java:updateAndGet(143)) - 5dfaa0ea-416a-422c-a75d-43311aceb00a: start FollowerState
2019-09-19 14:21:15,388 [pool-38-thread-1] INFO  util.JmxRegister (JmxRegister.java:tryRegister(44)) - Successfully registered JMX Bean with object name Ratis:service=RaftServer,group=group-ECAA1E39D794,id=5dfaa0ea-416a-422c-a75d-43311aceb00a
2019-09-19 14:21:15,397 [RatisPipelineUtilsThread] INFO  pipeline.PipelineStateManager (PipelineStateManager.java:addPipeline(56)) - Created pipeline Pipeline[ Id: ab442f8d-48c5-4bcc-b93a-ecaa1e39d794, Nodes: 5dfaa0ea-416a-422c-a75d-43311aceb00a{ip: 192.168.157.226, host: pr-hdds-1569-swxfz-3172132826, networkLocation: /default-rack, certSerialId: null}, Type:RATIS, Factor:ONE, State:OPEN]
2019-09-19 14:21:15,422 [grpc-default-executor-1] INFO  impl.RaftServerProxy (RaftServerProxy.java:addNew(89)) - 5dfaa0ea-416a-422c-a75d-43311aceb00a: addNew group-DEB24979374C:[5dfaa0ea-416a-422c-a75d-43311aceb00a:192.168.157.226:45629] returns group-DEB24979374C:java.util.concurrent.CompletableFuture@19cb4be0[Not completed]
2019-09-19 14:21:15,423 [pool-38-thread-1] INFO  impl.RaftServerImpl (RaftServerImpl.java:<init>(93)) - 5dfaa0ea-416a-422c-a75d-43311aceb00a: new RaftServerImpl for group-DEB24979374C:[5dfaa0ea-416a-422c-a75d-43311aceb00a:192.168.157.226:45629] with ContainerStateMachine:uninitialized
2019-09-19 14:21:15,423 [pool-38-thread-1] INFO  server.RaftServerConfigKeys (ConfUtils.java:logGet(43)) - raft.server.rpc.timeout.min = 5s (custom)
2019-09-19 14:21:15,424 [pool-38-thread-1] INFO  server.RaftServerConfigKeys (ConfUtils.java:logGet(43)) - raft.server.rpc.timeout.max = 5200ms (custom)
2019-09-19 14:21:15,424 [pool-38-thread-1] INFO  server.RaftServerConfigKeys (ConfUtils.java:logGet(43)) - raft.server.rpcslowness.timeout = 120s (custom)
2019-09-19 14:21:15,424 [pool-38-thread-1] INFO  server.RaftServerConfigKeys (ConfUtils.java:logGet(43)) - raft.server.sleep.deviation.threshold = 300 (default)
2019-09-19 14:21:15,424 [pool-38-thread-1] INFO  server.RaftServerConfigKeys (ConfUtils.java:logGet(43)) - raft.server.log.appender.install.snapshot.enabled = false (custom)
2019-09-19 14:21:15,424 [pool-38-thread-1] INFO  impl.RaftServerImpl (ServerState.java:<init>(105)) - 5dfaa0ea-416a-422c-a75d-43311aceb00a:group-DEB24979374C ConfigurationManager, init=-1: [5dfaa0ea-416a-422c-a75d-43311aceb00a:192.168.157.226:45629], old=null, confs=<EMPTY_MAP>
2019-09-19 14:21:15,424 [pool-38-thread-1] INFO  server.RaftServerConfigKeys (ConfUtils.java:logGet(43)) - raft.server.storage.dir = [/workdir/hadoop-ozone/integration-test/target/test-dir/MiniOzoneClusterImpl-210d6028-2152-4683-81ff-347b0d29bb13/datanode-1/data/ratis] (custom)
2019-09-19 14:21:15,425 [pool-38-thread-1] INFO  storage.RaftStorageDirectory (RaftStorageDirectory.java:analyzeStorage(246)) - The storage directory /workdir/hadoop-ozone/integration-test/target/test-dir/MiniOzoneClusterImpl-210d6028-2152-4683-81ff-347b0d29bb13/datanode-1/data/ratis/c202f88d-26da-4a88-8eec-deb24979374c does not exist. Creating ...
2019-09-19 14:21:15,438 [pool-38-thread-1] INFO  storage.RaftStorageDirectory (RaftStorageDirectory.java:tryLock(328)) - Lock on /workdir/hadoop-ozone/integration-test/target/test-dir/MiniOzoneClusterImpl-210d6028-2152-4683-81ff-347b0d29bb13/datanode-1/data/ratis/c202f88d-26da-4a88-8eec-deb24979374c/in_use.lock acquired by nodename 16198@pr-hdds-1569-swxfz-3172132826
2019-09-19 14:21:15,459 [pool-38-thread-1] INFO  storage.RaftStorage (RaftStorage.java:format(72)) - Storage directory /workdir/hadoop-ozone/integration-test/target/test-dir/MiniOzoneClusterImpl-210d6028-2152-4683-81ff-347b0d29bb13/datanode-1/data/ratis/c202f88d-26da-4a88-8eec-deb24979374c has been successfully formatted.
2019-09-19 14:21:15,460 [pool-38-thread-1] INFO  ratis.ContainerStateMachine (ContainerStateMachine.java:loadSnapshot(226)) - group-DEB24979374C: The snapshot info is null. Setting the last applied indexto:(t:0, i:~)
2019-09-19 14:21:15,460 [pool-38-thread-1] INFO  server.RaftServerConfigKeys (ConfUtils.java:logGet(43)) - raft.server.leader.election.timeout = 120s (custom)
2019-09-19 14:21:15,460 [pool-38-thread-1] INFO  server.RaftServerConfigKeys (ConfUtils.java:logGet(43)) - raft.server.log.use.memory = false (default)
2019-09-19 14:21:15,460 [pool-38-thread-1] INFO  server.RaftServerConfigKeys (ConfUtils.java:logGet(43)) - raft.server.log.purge.gap = 1000000 (custom)
2019-09-19 14:21:15,460 [pool-38-thread-1] INFO  server.RaftServerConfigKeys (ConfUtils.java:logGet(43)) - raft.server.log.appender.buffer.byte-limit = 33554432 (custom)
2019-09-19 14:21:15,461 [pool-38-thread-1] INFO  server.RaftServerConfigKeys (ConfUtils.java:logGet(43)) - raft.server.log.segment.size.max = 1048576 (custom)
2019-09-19 14:21:15,461 [pool-38-thread-1] INFO  server.RaftServerConfigKeys (ConfUtils.java:logGet(43)) - raft.server.log.segment.cache.num.max = 2 (custom)
2019-09-19 14:21:15,461 [pool-38-thread-1] INFO  segmented.SegmentedRaftLogWorker (SegmentedRaftLogWorker.java:<init>(172)) - new 5dfaa0ea-416a-422c-a75d-43311aceb00a-SegmentedRaftLogWorker:Storage Directory /workdir/hadoop-ozone/integration-test/target/test-dir/MiniOzoneClusterImpl-210d6028-2152-4683-81ff-347b0d29bb13/datanode-1/data/ratis/c202f88d-26da-4a88-8eec-deb24979374c for RaftStorage:Storage Directory /workdir/hadoop-ozone/integration-test/target/test-dir/MiniOzoneClusterImpl-210d6028-2152-4683-81ff-347b0d29bb13/datanode-1/data/ratis/c202f88d-26da-4a88-8eec-deb24979374c
2019-09-19 14:21:15,461 [pool-38-thread-1] INFO  server.RaftServerConfigKeys (ConfUtils.java:logGet(43)) - raft.server.log.queue.byte-limit = 2147483647 (custom)
2019-09-19 14:21:15,461 [pool-38-thread-1] INFO  server.RaftServerConfigKeys (ConfUtils.java:logGet(43)) - raft.server.log.queue.element-limit = 1024 (custom)
2019-09-19 14:21:15,461 [pool-38-thread-1] INFO  server.RaftServerConfigKeys (ConfUtils.java:logGet(43)) - raft.server.log.segment.size.max = 1048576 (custom)
2019-09-19 14:21:15,462 [pool-38-thread-1] INFO  server.RaftServerConfigKeys (ConfUtils.java:logGet(43)) - raft.server.log.preallocated.size = 16384 (custom)
2019-09-19 14:21:15,462 [pool-38-thread-1] INFO  server.RaftServerConfigKeys (ConfUtils.java:logGet(43)) - raft.server.log.write.buffer.size = 33554432 (custom)
2019-09-19 14:21:15,462 [pool-38-thread-1] INFO  server.RaftServerConfigKeys (ConfUtils.java:logGet(43)) - raft.server.log.force.sync.num = 128 (default)
2019-09-19 14:21:15,462 [pool-38-thread-1] INFO  server.RaftServerConfigKeys (ConfUtils.java:logGet(43)) - raft.server.log.statemachine.data.sync = true (default)
2019-09-19 14:21:15,462 [pool-38-thread-1] INFO  server.RaftServerConfigKeys (ConfUtils.java:logGet(43)) - raft.server.log.statemachine.data.sync.timeout = 10s (default)
2019-09-19 14:21:15,462 [pool-38-thread-1] INFO  server.RaftServerConfigKeys (ConfUtils.java:logGet(43)) - raft.server.log.statemachine.data.sync.timeout.retry = -1 (default)
2019-09-19 14:21:15,463 [pool-38-thread-1] INFO  server.RaftServerConfigKeys (ConfUtils.java:logGet(43)) - raft.server.log.statemachine.data.caching.enabled = true (custom)
2019-09-19 14:21:15,463 [pool-38-thread-1] INFO  segmented.SegmentedRaftLogWorker (SegmentedRaftLogWorker.java:lambda$new$0(132)) - 5dfaa0ea-416a-422c-a75d-43311aceb00a-SegmentedRaftLogWorker:Storage Directory /workdir/hadoop-ozone/integration-test/target/test-dir/MiniOzoneClusterImpl-210d6028-2152-4683-81ff-347b0d29bb13/datanode-1/data/ratis/c202f88d-26da-4a88-8eec-deb24979374c: flushIndex: setUnconditionally 0 -> -1
2019-09-19 14:21:15,463 [pool-38-thread-1] INFO  server.RaftServerConfigKeys (ConfUtils.java:logGet(43)) - raft.server.snapshot.auto.trigger.enabled = true (custom)
2019-09-19 14:21:15,469 [pool-38-thread-1] INFO  server.RaftServerConfigKeys (ConfUtils.java:logGet(43)) - raft.server.snapshot.auto.trigger.threshold = 10000 (custom)
2019-09-19 14:21:15,469 [pool-38-thread-1] INFO  server.RaftServerConfigKeys (ConfUtils.java:logGet(43)) - raft.server.retrycache.expirytime = 600000ms (custom)
2019-09-19 14:21:15,469 [pool-38-thread-1] INFO  impl.RaftServerImpl (RaftServerImpl.java:start(180)) - 5dfaa0ea-416a-422c-a75d-43311aceb00a: start group-DEB24979374C
2019-09-19 14:21:15,469 [pool-38-thread-1] INFO  impl.RaftServerImpl (RaftServerImpl.java:setRole(171)) - 5dfaa0ea-416a-422c-a75d-43311aceb00a:group-DEB24979374C changes role from null to FOLLOWER at term 0 for startAsFollower
2019-09-19 14:21:15,470 [pool-38-thread-1] INFO  impl.RoleInfo (RoleInfo.java:updateAndGet(143)) - 5dfaa0ea-416a-422c-a75d-43311aceb00a: start FollowerState
2019-09-19 14:21:15,470 [pool-38-thread-1] INFO  util.JmxRegister (JmxRegister.java:tryRegister(44)) - Successfully registered JMX Bean with object name Ratis:service=RaftServer,group=group-DEB24979374C,id=5dfaa0ea-416a-422c-a75d-43311aceb00a
2019-09-19 14:21:15,478 [RatisPipelineUtilsThread] INFO  pipeline.PipelineStateManager (PipelineStateManager.java:addPipeline(56)) - Created pipeline Pipeline[ Id: c202f88d-26da-4a88-8eec-deb24979374c, Nodes: 5dfaa0ea-416a-422c-a75d-43311aceb00a{ip: 192.168.157.226, host: pr-hdds-1569-swxfz-3172132826, networkLocation: /default-rack, certSerialId: null}, Type:RATIS, Factor:ONE, State:OPEN]
2019-09-19 14:21:15,483 [main] INFO  rpc.RpcClient (RpcClient.java:createVolume(293)) - Creating Volume: watchforcommithandlingtest, with jenkins1000 as owner.
2019-09-19 14:21:15,489 [grpc-default-executor-1] INFO  impl.RaftServerProxy (RaftServerProxy.java:addNew(89)) - 5dfaa0ea-416a-422c-a75d-43311aceb00a: addNew group-072F7F1083FE:[5dfaa0ea-416a-422c-a75d-43311aceb00a:192.168.157.226:45629] returns group-072F7F1083FE:java.util.concurrent.CompletableFuture@349e8315[Not completed]
2019-09-19 14:21:15,492 [pool-38-thread-1] INFO  impl.RaftServerImpl (RaftServerImpl.java:<init>(93)) - 5dfaa0ea-416a-422c-a75d-43311aceb00a: new RaftServerImpl for group-072F7F1083FE:[5dfaa0ea-416a-422c-a75d-43311aceb00a:192.168.157.226:45629] with ContainerStateMachine:uninitialized
2019-09-19 14:21:15,492 [pool-38-thread-1] INFO  server.RaftServerConfigKeys (ConfUtils.java:logGet(43)) - raft.server.rpc.timeout.min = 5s (custom)
2019-09-19 14:21:15,492 [pool-38-thread-1] INFO  server.RaftServerConfigKeys (ConfUtils.java:logGet(43)) - raft.server.rpc.timeout.max = 5200ms (custom)
2019-09-19 14:21:15,493 [pool-38-thread-1] INFO  server.RaftServerConfigKeys (ConfUtils.java:logGet(43)) - raft.server.rpcslowness.timeout = 120s (custom)
2019-09-19 14:21:15,493 [pool-38-thread-1] INFO  server.RaftServerConfigKeys (ConfUtils.java:logGet(43)) - raft.server.sleep.deviation.threshold = 300 (default)
2019-09-19 14:21:15,493 [pool-38-thread-1] INFO  server.RaftServerConfigKeys (ConfUtils.java:logGet(43)) - raft.server.log.appender.install.snapshot.enabled = false (custom)
2019-09-19 14:21:15,493 [pool-38-thread-1] INFO  impl.RaftServerImpl (ServerState.java:<init>(105)) - 5dfaa0ea-416a-422c-a75d-43311aceb00a:group-072F7F1083FE ConfigurationManager, init=-1: [5dfaa0ea-416a-422c-a75d-43311aceb00a:192.168.157.226:45629], old=null, confs=<EMPTY_MAP>
2019-09-19 14:21:15,493 [pool-38-thread-1] INFO  server.RaftServerConfigKeys (ConfUtils.java:logGet(43)) - raft.server.storage.dir = [/workdir/hadoop-ozone/integration-test/target/test-dir/MiniOzoneClusterImpl-210d6028-2152-4683-81ff-347b0d29bb13/datanode-1/data/ratis] (custom)
2019-09-19 14:21:15,494 [pool-38-thread-1] INFO  storage.RaftStorageDirectory (RaftStorageDirectory.java:analyzeStorage(246)) - The storage directory /workdir/hadoop-ozone/integration-test/target/test-dir/MiniOzoneClusterImpl-210d6028-2152-4683-81ff-347b0d29bb13/datanode-1/data/ratis/0eecc22d-d32a-411f-b230-072f7f1083fe does not exist. Creating ...
2019-09-19 14:21:15,506 [pool-38-thread-1] INFO  storage.RaftStorageDirectory (RaftStorageDirectory.java:tryLock(328)) - Lock on /workdir/hadoop-ozone/integration-test/target/test-dir/MiniOzoneClusterImpl-210d6028-2152-4683-81ff-347b0d29bb13/datanode-1/data/ratis/0eecc22d-d32a-411f-b230-072f7f1083fe/in_use.lock acquired by nodename 16198@pr-hdds-1569-swxfz-3172132826
2019-09-19 14:21:15,510 | INFO  | OMAudit | user=jenkins1000 | ip=127.0.0.1 | op=CREATE_VOLUME {admin=jenkins1000, owner=jenkins1000, volume=watchforcommithandlingtest, creationTime=1568902875505, quotaInBytes=1152921504606846976} | ret=SUCCESS |  
2019-09-19 14:21:15,522 [pool-38-thread-1] INFO  storage.RaftStorage (RaftStorage.java:format(72)) - Storage directory /workdir/hadoop-ozone/integration-test/target/test-dir/MiniOzoneClusterImpl-210d6028-2152-4683-81ff-347b0d29bb13/datanode-1/data/ratis/0eecc22d-d32a-411f-b230-072f7f1083fe has been successfully formatted.
2019-09-19 14:21:15,530 [pool-38-thread-1] INFO  ratis.ContainerStateMachine (ContainerStateMachine.java:loadSnapshot(226)) - group-072F7F1083FE: The snapshot info is null. Setting the last applied indexto:(t:0, i:~)
2019-09-19 14:21:15,531 [pool-38-thread-1] INFO  server.RaftServerConfigKeys (ConfUtils.java:logGet(43)) - raft.server.leader.election.timeout = 120s (custom)
2019-09-19 14:21:15,531 | INFO  | SCMAudit | user=jenkins1000 | ip=192.168.157.226 | op=SEND_HEARTBEAT {datanodeUUID=5dfaa0ea-416a-422c-a75d-43311aceb00a, command=[]} | ret=SUCCESS |  
2019-09-19 14:21:15,531 [pool-38-thread-1] INFO  server.RaftServerConfigKeys (ConfUtils.java:logGet(43)) - raft.server.log.use.memory = false (default)
2019-09-19 14:21:15,531 [pool-38-thread-1] INFO  server.RaftServerConfigKeys (ConfUtils.java:logGet(43)) - raft.server.log.purge.gap = 1000000 (custom)
2019-09-19 14:21:15,531 [pool-38-thread-1] INFO  server.RaftServerConfigKeys (ConfUtils.java:logGet(43)) - raft.server.log.appender.buffer.byte-limit = 33554432 (custom)
2019-09-19 14:21:15,532 [pool-38-thread-1] INFO  server.RaftServerConfigKeys (ConfUtils.java:logGet(43)) - raft.server.log.segment.size.max = 1048576 (custom)
2019-09-19 14:21:15,532 [pool-38-thread-1] INFO  server.RaftServerConfigKeys (ConfUtils.java:logGet(43)) - raft.server.log.segment.cache.num.max = 2 (custom)
2019-09-19 14:21:15,532 [pool-38-thread-1] INFO  segmented.SegmentedRaftLogWorker (SegmentedRaftLogWorker.java:<init>(172)) - new 5dfaa0ea-416a-422c-a75d-43311aceb00a-SegmentedRaftLogWorker:Storage Directory /workdir/hadoop-ozone/integration-test/target/test-dir/MiniOzoneClusterImpl-210d6028-2152-4683-81ff-347b0d29bb13/datanode-1/data/ratis/0eecc22d-d32a-411f-b230-072f7f1083fe for RaftStorage:Storage Directory /workdir/hadoop-ozone/integration-test/target/test-dir/MiniOzoneClusterImpl-210d6028-2152-4683-81ff-347b0d29bb13/datanode-1/data/ratis/0eecc22d-d32a-411f-b230-072f7f1083fe
2019-09-19 14:21:15,532 [pool-38-thread-1] INFO  server.RaftServerConfigKeys (ConfUtils.java:logGet(43)) - raft.server.log.queue.byte-limit = 2147483647 (custom)
2019-09-19 14:21:15,532 [pool-38-thread-1] INFO  server.RaftServerConfigKeys (ConfUtils.java:logGet(43)) - raft.server.log.queue.element-limit = 1024 (custom)
2019-09-19 14:21:15,535 [pool-38-thread-1] INFO  server.RaftServerConfigKeys (ConfUtils.java:logGet(43)) - raft.server.log.segment.size.max = 1048576 (custom)
2019-09-19 14:21:15,535 [pool-38-thread-1] INFO  server.RaftServerConfigKeys (ConfUtils.java:logGet(43)) - raft.server.log.preallocated.size = 16384 (custom)
2019-09-19 14:21:15,535 [pool-38-thread-1] INFO  server.RaftServerConfigKeys (ConfUtils.java:logGet(43)) - raft.server.log.write.buffer.size = 33554432 (custom)
2019-09-19 14:21:15,535 [pool-38-thread-1] INFO  server.RaftServerConfigKeys (ConfUtils.java:logGet(43)) - raft.server.log.force.sync.num = 128 (default)
2019-09-19 14:21:15,535 [pool-38-thread-1] INFO  server.RaftServerConfigKeys (ConfUtils.java:logGet(43)) - raft.server.log.statemachine.data.sync = true (default)
2019-09-19 14:21:15,536 [pool-38-thread-1] INFO  server.RaftServerConfigKeys (ConfUtils.java:logGet(43)) - raft.server.log.statemachine.data.sync.timeout = 10s (default)
2019-09-19 14:21:15,536 [pool-38-thread-1] INFO  server.RaftServerConfigKeys (ConfUtils.java:logGet(43)) - raft.server.log.statemachine.data.sync.timeout.retry = -1 (default)
2019-09-19 14:21:15,541 [pool-38-thread-1] INFO  server.RaftServerConfigKeys (ConfUtils.java:logGet(43)) - raft.server.log.statemachine.data.caching.enabled = true (custom)
2019-09-19 14:21:15,543 | INFO  | OMAudit | user=jenkins1000 | ip=127.0.0.1 | op=READ_VOLUME {volume=watchforcommithandlingtest} | ret=SUCCESS |  
2019-09-19 14:21:15,543 [pool-38-thread-1] INFO  segmented.SegmentedRaftLogWorker (SegmentedRaftLogWorker.java:lambda$new$0(132)) - 5dfaa0ea-416a-422c-a75d-43311aceb00a-SegmentedRaftLogWorker:Storage Directory /workdir/hadoop-ozone/integration-test/target/test-dir/MiniOzoneClusterImpl-210d6028-2152-4683-81ff-347b0d29bb13/datanode-1/data/ratis/0eecc22d-d32a-411f-b230-072f7f1083fe: flushIndex: setUnconditionally 0 -> -1
2019-09-19 14:21:15,544 [pool-38-thread-1] INFO  server.RaftServerConfigKeys (ConfUtils.java:logGet(43)) - raft.server.snapshot.auto.trigger.enabled = true (custom)
2019-09-19 14:21:15,544 [pool-38-thread-1] INFO  server.RaftServerConfigKeys (ConfUtils.java:logGet(43)) - raft.server.snapshot.auto.trigger.threshold = 10000 (custom)
2019-09-19 14:21:15,544 [pool-38-thread-1] INFO  server.RaftServerConfigKeys (ConfUtils.java:logGet(43)) - raft.server.retrycache.expirytime = 600000ms (custom)
2019-09-19 14:21:15,544 [pool-38-thread-1] INFO  impl.RaftServerImpl (RaftServerImpl.java:start(180)) - 5dfaa0ea-416a-422c-a75d-43311aceb00a: start group-072F7F1083FE
2019-09-19 14:21:15,544 [pool-38-thread-1] INFO  impl.RaftServerImpl (RaftServerImpl.java:setRole(171)) - 5dfaa0ea-416a-422c-a75d-43311aceb00a:group-072F7F1083FE changes role from null to FOLLOWER at term 0 for startAsFollower
2019-09-19 14:21:15,545 [pool-38-thread-1] INFO  impl.RoleInfo (RoleInfo.java:updateAndGet(143)) - 5dfaa0ea-416a-422c-a75d-43311aceb00a: start FollowerState
2019-09-19 14:21:15,545 [pool-38-thread-1] INFO  util.JmxRegister (JmxRegister.java:tryRegister(44)) - Successfully registered JMX Bean with object name Ratis:service=RaftServer,group=group-072F7F1083FE,id=5dfaa0ea-416a-422c-a75d-43311aceb00a
2019-09-19 14:21:15,547 [main] INFO  rpc.RpcClient (RpcClient.java:createBucket(432)) - Creating Bucket: watchforcommithandlingtest/watchforcommithandlingtest, with Versioning false and Storage Type set to DISK and Encryption set to false 
2019-09-19 14:21:15,555 [RatisPipelineUtilsThread] INFO  pipeline.PipelineStateManager (PipelineStateManager.java:addPipeline(56)) - Created pipeline Pipeline[ Id: 0eecc22d-d32a-411f-b230-072f7f1083fe, Nodes: 5dfaa0ea-416a-422c-a75d-43311aceb00a{ip: 192.168.157.226, host: pr-hdds-1569-swxfz-3172132826, networkLocation: /default-rack, certSerialId: null}, Type:RATIS, Factor:ONE, State:OPEN]
2019-09-19 14:21:15,566 [grpc-default-executor-1] INFO  impl.RaftServerProxy (RaftServerProxy.java:addNew(89)) - 5dfaa0ea-416a-422c-a75d-43311aceb00a: addNew group-45C17CB8802C:[5dfaa0ea-416a-422c-a75d-43311aceb00a:192.168.157.226:45629] returns group-45C17CB8802C:java.util.concurrent.CompletableFuture@18261217[Not completed]
2019-09-19 14:21:15,568 [pool-38-thread-1] INFO  impl.RaftServerImpl (RaftServerImpl.java:<init>(93)) - 5dfaa0ea-416a-422c-a75d-43311aceb00a: new RaftServerImpl for group-45C17CB8802C:[5dfaa0ea-416a-422c-a75d-43311aceb00a:192.168.157.226:45629] with ContainerStateMachine:uninitialized
2019-09-19 14:21:15,568 [pool-38-thread-1] INFO  server.RaftServerConfigKeys (ConfUtils.java:logGet(43)) - raft.server.rpc.timeout.min = 5s (custom)
2019-09-19 14:21:15,568 [pool-38-thread-1] INFO  server.RaftServerConfigKeys (ConfUtils.java:logGet(43)) - raft.server.rpc.timeout.max = 5200ms (custom)
2019-09-19 14:21:15,568 [pool-38-thread-1] INFO  server.RaftServerConfigKeys (ConfUtils.java:logGet(43)) - raft.server.rpcslowness.timeout = 120s (custom)
2019-09-19 14:21:15,568 [pool-38-thread-1] INFO  server.RaftServerConfigKeys (ConfUtils.java:logGet(43)) - raft.server.sleep.deviation.threshold = 300 (default)
2019-09-19 14:21:15,568 [pool-38-thread-1] INFO  server.RaftServerConfigKeys (ConfUtils.java:logGet(43)) - raft.server.log.appender.install.snapshot.enabled = false (custom)
2019-09-19 14:21:15,569 [pool-38-thread-1] INFO  impl.RaftServerImpl (ServerState.java:<init>(105)) - 5dfaa0ea-416a-422c-a75d-43311aceb00a:group-45C17CB8802C ConfigurationManager, init=-1: [5dfaa0ea-416a-422c-a75d-43311aceb00a:192.168.157.226:45629], old=null, confs=<EMPTY_MAP>
2019-09-19 14:21:15,569 [pool-38-thread-1] INFO  server.RaftServerConfigKeys (ConfUtils.java:logGet(43)) - raft.server.storage.dir = [/workdir/hadoop-ozone/integration-test/target/test-dir/MiniOzoneClusterImpl-210d6028-2152-4683-81ff-347b0d29bb13/datanode-1/data/ratis] (custom)
2019-09-19 14:21:15,569 [pool-38-thread-1] INFO  storage.RaftStorageDirectory (RaftStorageDirectory.java:analyzeStorage(246)) - The storage directory /workdir/hadoop-ozone/integration-test/target/test-dir/MiniOzoneClusterImpl-210d6028-2152-4683-81ff-347b0d29bb13/datanode-1/data/ratis/60597414-18d9-41dc-9ac0-45c17cb8802c does not exist. Creating ...
2019-09-19 14:21:15,573 | INFO  | OMAudit | user=jenkins1000 | ip=127.0.0.1 | op=CREATE_BUCKET {volume=watchforcommithandlingtest, bucket=watchforcommithandlingtest, acls=[user:jenkins1000:a[ACCESS], group:default:a[ACCESS]], isVersionEnabled=false, storageType=DISK, creationTime=0} | ret=SUCCESS |  
2019-09-19 14:21:15,574 [main] INFO  ozone.MiniOzoneClusterImpl (MiniOzoneClusterImpl.java:getStorageContainerLocationClient(241)) - Creating StorageContainerLocationProtocol RPC client with address /0.0.0.0:34641
2019-09-19 14:21:15,582 [pool-38-thread-1] INFO  storage.RaftStorageDirectory (RaftStorageDirectory.java:tryLock(328)) - Lock on /workdir/hadoop-ozone/integration-test/target/test-dir/MiniOzoneClusterImpl-210d6028-2152-4683-81ff-347b0d29bb13/datanode-1/data/ratis/60597414-18d9-41dc-9ac0-45c17cb8802c/in_use.lock acquired by nodename 16198@pr-hdds-1569-swxfz-3172132826
2019-09-19 14:21:15,595 [pool-38-thread-1] INFO  storage.RaftStorage (RaftStorage.java:format(72)) - Storage directory /workdir/hadoop-ozone/integration-test/target/test-dir/MiniOzoneClusterImpl-210d6028-2152-4683-81ff-347b0d29bb13/datanode-1/data/ratis/60597414-18d9-41dc-9ac0-45c17cb8802c has been successfully formatted.
2019-09-19 14:21:15,596 [pool-38-thread-1] INFO  ratis.ContainerStateMachine (ContainerStateMachine.java:loadSnapshot(226)) - group-45C17CB8802C: The snapshot info is null. Setting the last applied indexto:(t:0, i:~)
2019-09-19 14:21:15,596 [pool-38-thread-1] INFO  server.RaftServerConfigKeys (ConfUtils.java:logGet(43)) - raft.server.leader.election.timeout = 120s (custom)
2019-09-19 14:21:15,596 [pool-38-thread-1] INFO  server.RaftServerConfigKeys (ConfUtils.java:logGet(43)) - raft.server.log.use.memory = false (default)
2019-09-19 14:21:15,596 [pool-38-thread-1] INFO  server.RaftServerConfigKeys (ConfUtils.java:logGet(43)) - raft.server.log.purge.gap = 1000000 (custom)
2019-09-19 14:21:15,596 [pool-38-thread-1] INFO  server.RaftServerConfigKeys (ConfUtils.java:logGet(43)) - raft.server.log.appender.buffer.byte-limit = 33554432 (custom)
2019-09-19 14:21:15,596 [pool-38-thread-1] INFO  server.RaftServerConfigKeys (ConfUtils.java:logGet(43)) - raft.server.log.segment.size.max = 1048576 (custom)
2019-09-19 14:21:15,597 [pool-38-thread-1] INFO  server.RaftServerConfigKeys (ConfUtils.java:logGet(43)) - raft.server.log.segment.cache.num.max = 2 (custom)
2019-09-19 14:21:15,597 [pool-38-thread-1] INFO  segmented.SegmentedRaftLogWorker (SegmentedRaftLogWorker.java:<init>(172)) - new 5dfaa0ea-416a-422c-a75d-43311aceb00a-SegmentedRaftLogWorker:Storage Directory /workdir/hadoop-ozone/integration-test/target/test-dir/MiniOzoneClusterImpl-210d6028-2152-4683-81ff-347b0d29bb13/datanode-1/data/ratis/60597414-18d9-41dc-9ac0-45c17cb8802c for RaftStorage:Storage Directory /workdir/hadoop-ozone/integration-test/target/test-dir/MiniOzoneClusterImpl-210d6028-2152-4683-81ff-347b0d29bb13/datanode-1/data/ratis/60597414-18d9-41dc-9ac0-45c17cb8802c
2019-09-19 14:21:15,597 [pool-38-thread-1] INFO  server.RaftServerConfigKeys (ConfUtils.java:logGet(43)) - raft.server.log.queue.byte-limit = 2147483647 (custom)
2019-09-19 14:21:15,597 [pool-38-thread-1] INFO  server.RaftServerConfigKeys (ConfUtils.java:logGet(43)) - raft.server.log.queue.element-limit = 1024 (custom)
2019-09-19 14:21:15,597 [pool-38-thread-1] INFO  server.RaftServerConfigKeys (ConfUtils.java:logGet(43)) - raft.server.log.segment.size.max = 1048576 (custom)
2019-09-19 14:21:15,597 [pool-38-thread-1] INFO  server.RaftServerConfigKeys (ConfUtils.java:logGet(43)) - raft.server.log.preallocated.size = 16384 (custom)
2019-09-19 14:21:15,597 [pool-38-thread-1] INFO  server.RaftServerConfigKeys (ConfUtils.java:logGet(43)) - raft.server.log.write.buffer.size = 33554432 (custom)
2019-09-19 14:21:15,598 [pool-38-thread-1] INFO  server.RaftServerConfigKeys (ConfUtils.java:logGet(43)) - raft.server.log.force.sync.num = 128 (default)
2019-09-19 14:21:15,598 [pool-38-thread-1] INFO  server.RaftServerConfigKeys (ConfUtils.java:logGet(43)) - raft.server.log.statemachine.data.sync = true (default)
2019-09-19 14:21:15,598 [pool-38-thread-1] INFO  server.RaftServerConfigKeys (ConfUtils.java:logGet(43)) - raft.server.log.statemachine.data.sync.timeout = 10s (default)
2019-09-19 14:21:15,598 [pool-38-thread-1] INFO  server.RaftServerConfigKeys (ConfUtils.java:logGet(43)) - raft.server.log.statemachine.data.sync.timeout.retry = -1 (default)
2019-09-19 14:21:15,598 [pool-38-thread-1] INFO  server.RaftServerConfigKeys (ConfUtils.java:logGet(43)) - raft.server.log.statemachine.data.caching.enabled = true (custom)
2019-09-19 14:21:15,599 [pool-38-thread-1] INFO  segmented.SegmentedRaftLogWorker (SegmentedRaftLogWorker.java:lambda$new$0(132)) - 5dfaa0ea-416a-422c-a75d-43311aceb00a-SegmentedRaftLogWorker:Storage Directory /workdir/hadoop-ozone/integration-test/target/test-dir/MiniOzoneClusterImpl-210d6028-2152-4683-81ff-347b0d29bb13/datanode-1/data/ratis/60597414-18d9-41dc-9ac0-45c17cb8802c: flushIndex: setUnconditionally 0 -> -1
2019-09-19 14:21:15,599 [pool-38-thread-1] INFO  server.RaftServerConfigKeys (ConfUtils.java:logGet(43)) - raft.server.snapshot.auto.trigger.enabled = true (custom)
2019-09-19 14:21:15,599 [pool-38-thread-1] INFO  server.RaftServerConfigKeys (ConfUtils.java:logGet(43)) - raft.server.snapshot.auto.trigger.threshold = 10000 (custom)
2019-09-19 14:21:15,599 [pool-38-thread-1] INFO  server.RaftServerConfigKeys (ConfUtils.java:logGet(43)) - raft.server.retrycache.expirytime = 600000ms (custom)
2019-09-19 14:21:15,600 [pool-38-thread-1] INFO  impl.RaftServerImpl (RaftServerImpl.java:start(180)) - 5dfaa0ea-416a-422c-a75d-43311aceb00a: start group-45C17CB8802C
2019-09-19 14:21:15,600 [pool-38-thread-1] INFO  impl.RaftServerImpl (RaftServerImpl.java:setRole(171)) - 5dfaa0ea-416a-422c-a75d-43311aceb00a:group-45C17CB8802C changes role from null to FOLLOWER at term 0 for startAsFollower
2019-09-19 14:21:15,600 [pool-38-thread-1] INFO  impl.RoleInfo (RoleInfo.java:updateAndGet(143)) - 5dfaa0ea-416a-422c-a75d-43311aceb00a: start FollowerState
2019-09-19 14:21:15,600 [pool-38-thread-1] INFO  util.JmxRegister (JmxRegister.java:tryRegister(44)) - Successfully registered JMX Bean with object name Ratis:service=RaftServer,group=group-45C17CB8802C,id=5dfaa0ea-416a-422c-a75d-43311aceb00a
2019-09-19 14:21:15,605 [RatisPipelineUtilsThread] INFO  pipeline.PipelineStateManager (PipelineStateManager.java:addPipeline(56)) - Created pipeline Pipeline[ Id: 60597414-18d9-41dc-9ac0-45c17cb8802c, Nodes: 5dfaa0ea-416a-422c-a75d-43311aceb00a{ip: 192.168.157.226, host: pr-hdds-1569-swxfz-3172132826, networkLocation: /default-rack, certSerialId: null}, Type:RATIS, Factor:ONE, State:OPEN]
2019-09-19 14:21:15,617 [grpc-default-executor-1] INFO  impl.RaftServerProxy (RaftServerProxy.java:addNew(89)) - 6403e584-2209-453b-b79e-eeb0a7b58516: addNew group-A0F195B65CD7:[6403e584-2209-453b-b79e-eeb0a7b58516:192.168.157.226:35833] returns group-A0F195B65CD7:java.util.concurrent.CompletableFuture@c7c7b12[Not completed]
2019-09-19 14:21:15,619 [pool-60-thread-1] INFO  impl.RaftServerImpl (RaftServerImpl.java:<init>(93)) - 6403e584-2209-453b-b79e-eeb0a7b58516: new RaftServerImpl for group-A0F195B65CD7:[6403e584-2209-453b-b79e-eeb0a7b58516:192.168.157.226:35833] with ContainerStateMachine:uninitialized
2019-09-19 14:21:15,619 [pool-60-thread-1] INFO  server.RaftServerConfigKeys (ConfUtils.java:logGet(43)) - raft.server.rpc.timeout.min = 5s (custom)
2019-09-19 14:21:15,619 [pool-60-thread-1] INFO  server.RaftServerConfigKeys (ConfUtils.java:logGet(43)) - raft.server.rpc.timeout.max = 5200ms (custom)
2019-09-19 14:21:15,620 [pool-60-thread-1] INFO  server.RaftServerConfigKeys (ConfUtils.java:logGet(43)) - raft.server.rpcslowness.timeout = 120s (custom)
2019-09-19 14:21:15,620 [pool-60-thread-1] INFO  server.RaftServerConfigKeys (ConfUtils.java:logGet(43)) - raft.server.sleep.deviation.threshold = 300 (default)
2019-09-19 14:21:15,620 [pool-60-thread-1] INFO  server.RaftServerConfigKeys (ConfUtils.java:logGet(43)) - raft.server.log.appender.install.snapshot.enabled = false (custom)
2019-09-19 14:21:15,620 [pool-60-thread-1] INFO  impl.RaftServerImpl (ServerState.java:<init>(105)) - 6403e584-2209-453b-b79e-eeb0a7b58516:group-A0F195B65CD7 ConfigurationManager, init=-1: [6403e584-2209-453b-b79e-eeb0a7b58516:192.168.157.226:35833], old=null, confs=<EMPTY_MAP>
2019-09-19 14:21:15,620 [pool-60-thread-1] INFO  server.RaftServerConfigKeys (ConfUtils.java:logGet(43)) - raft.server.storage.dir = [/workdir/hadoop-ozone/integration-test/target/test-dir/MiniOzoneClusterImpl-210d6028-2152-4683-81ff-347b0d29bb13/datanode-3/data/ratis] (custom)
2019-09-19 14:21:15,621 [pool-60-thread-1] INFO  storage.RaftStorageDirectory (RaftStorageDirectory.java:analyzeStorage(246)) - The storage directory /workdir/hadoop-ozone/integration-test/target/test-dir/MiniOzoneClusterImpl-210d6028-2152-4683-81ff-347b0d29bb13/datanode-3/data/ratis/85682c49-a5c1-4404-acc1-a0f195b65cd7 does not exist. Creating ...
2019-09-19 14:21:15,634 [pool-60-thread-1] INFO  storage.RaftStorageDirectory (RaftStorageDirectory.java:tryLock(328)) - Lock on /workdir/hadoop-ozone/integration-test/target/test-dir/MiniOzoneClusterImpl-210d6028-2152-4683-81ff-347b0d29bb13/datanode-3/data/ratis/85682c49-a5c1-4404-acc1-a0f195b65cd7/in_use.lock acquired by nodename 16198@pr-hdds-1569-swxfz-3172132826
2019-09-19 14:21:15,647 [pool-60-thread-1] INFO  storage.RaftStorage (RaftStorage.java:format(72)) - Storage directory /workdir/hadoop-ozone/integration-test/target/test-dir/MiniOzoneClusterImpl-210d6028-2152-4683-81ff-347b0d29bb13/datanode-3/data/ratis/85682c49-a5c1-4404-acc1-a0f195b65cd7 has been successfully formatted.
2019-09-19 14:21:15,647 [pool-60-thread-1] INFO  ratis.ContainerStateMachine (ContainerStateMachine.java:loadSnapshot(226)) - group-A0F195B65CD7: The snapshot info is null. Setting the last applied indexto:(t:0, i:~)
2019-09-19 14:21:15,647 [pool-60-thread-1] INFO  server.RaftServerConfigKeys (ConfUtils.java:logGet(43)) - raft.server.leader.election.timeout = 120s (custom)
2019-09-19 14:21:15,648 [pool-60-thread-1] INFO  server.RaftServerConfigKeys (ConfUtils.java:logGet(43)) - raft.server.log.use.memory = false (default)
2019-09-19 14:21:15,648 [pool-60-thread-1] INFO  server.RaftServerConfigKeys (ConfUtils.java:logGet(43)) - raft.server.log.purge.gap = 1000000 (custom)
2019-09-19 14:21:15,648 [pool-60-thread-1] INFO  server.RaftServerConfigKeys (ConfUtils.java:logGet(43)) - raft.server.log.appender.buffer.byte-limit = 33554432 (custom)
2019-09-19 14:21:15,648 [pool-60-thread-1] INFO  server.RaftServerConfigKeys (ConfUtils.java:logGet(43)) - raft.server.log.segment.size.max = 1048576 (custom)
2019-09-19 14:21:15,648 [pool-60-thread-1] INFO  server.RaftServerConfigKeys (ConfUtils.java:logGet(43)) - raft.server.log.segment.cache.num.max = 2 (custom)
2019-09-19 14:21:15,648 [pool-60-thread-1] INFO  segmented.SegmentedRaftLogWorker (SegmentedRaftLogWorker.java:<init>(172)) - new 6403e584-2209-453b-b79e-eeb0a7b58516-SegmentedRaftLogWorker:Storage Directory /workdir/hadoop-ozone/integration-test/target/test-dir/MiniOzoneClusterImpl-210d6028-2152-4683-81ff-347b0d29bb13/datanode-3/data/ratis/85682c49-a5c1-4404-acc1-a0f195b65cd7 for RaftStorage:Storage Directory /workdir/hadoop-ozone/integration-test/target/test-dir/MiniOzoneClusterImpl-210d6028-2152-4683-81ff-347b0d29bb13/datanode-3/data/ratis/85682c49-a5c1-4404-acc1-a0f195b65cd7
2019-09-19 14:21:15,649 [pool-60-thread-1] INFO  server.RaftServerConfigKeys (ConfUtils.java:logGet(43)) - raft.server.log.queue.byte-limit = 2147483647 (custom)
2019-09-19 14:21:15,649 [pool-60-thread-1] INFO  server.RaftServerConfigKeys (ConfUtils.java:logGet(43)) - raft.server.log.queue.element-limit = 1024 (custom)
2019-09-19 14:21:15,649 [pool-60-thread-1] INFO  server.RaftServerConfigKeys (ConfUtils.java:logGet(43)) - raft.server.log.segment.size.max = 1048576 (custom)
2019-09-19 14:21:15,649 [pool-60-thread-1] INFO  server.RaftServerConfigKeys (ConfUtils.java:logGet(43)) - raft.server.log.preallocated.size = 16384 (custom)
2019-09-19 14:21:15,649 [pool-60-thread-1] INFO  server.RaftServerConfigKeys (ConfUtils.java:logGet(43)) - raft.server.log.write.buffer.size = 33554432 (custom)
2019-09-19 14:21:15,649 [pool-60-thread-1] INFO  server.RaftServerConfigKeys (ConfUtils.java:logGet(43)) - raft.server.log.force.sync.num = 128 (default)
2019-09-19 14:21:15,649 [pool-60-thread-1] INFO  server.RaftServerConfigKeys (ConfUtils.java:logGet(43)) - raft.server.log.statemachine.data.sync = true (default)
2019-09-19 14:21:15,650 [pool-60-thread-1] INFO  server.RaftServerConfigKeys (ConfUtils.java:logGet(43)) - raft.server.log.statemachine.data.sync.timeout = 10s (default)
2019-09-19 14:21:15,650 [pool-60-thread-1] INFO  server.RaftServerConfigKeys (ConfUtils.java:logGet(43)) - raft.server.log.statemachine.data.sync.timeout.retry = -1 (default)
2019-09-19 14:21:15,650 [pool-60-thread-1] INFO  server.RaftServerConfigKeys (ConfUtils.java:logGet(43)) - raft.server.log.statemachine.data.caching.enabled = true (custom)
2019-09-19 14:21:15,650 [pool-60-thread-1] INFO  segmented.SegmentedRaftLogWorker (SegmentedRaftLogWorker.java:lambda$new$0(132)) - 6403e584-2209-453b-b79e-eeb0a7b58516-SegmentedRaftLogWorker:Storage Directory /workdir/hadoop-ozone/integration-test/target/test-dir/MiniOzoneClusterImpl-210d6028-2152-4683-81ff-347b0d29bb13/datanode-3/data/ratis/85682c49-a5c1-4404-acc1-a0f195b65cd7: flushIndex: setUnconditionally 0 -> -1
2019-09-19 14:21:15,651 [pool-60-thread-1] INFO  server.RaftServerConfigKeys (ConfUtils.java:logGet(43)) - raft.server.snapshot.auto.trigger.enabled = true (custom)
2019-09-19 14:21:15,651 [pool-60-thread-1] INFO  server.RaftServerConfigKeys (ConfUtils.java:logGet(43)) - raft.server.snapshot.auto.trigger.threshold = 10000 (custom)
2019-09-19 14:21:15,651 [pool-60-thread-1] INFO  server.RaftServerConfigKeys (ConfUtils.java:logGet(43)) - raft.server.retrycache.expirytime = 600000ms (custom)
2019-09-19 14:21:15,651 [pool-60-thread-1] INFO  impl.RaftServerImpl (RaftServerImpl.java:start(180)) - 6403e584-2209-453b-b79e-eeb0a7b58516: start group-A0F195B65CD7
2019-09-19 14:21:15,651 [pool-60-thread-1] INFO  impl.RaftServerImpl (RaftServerImpl.java:setRole(171)) - 6403e584-2209-453b-b79e-eeb0a7b58516:group-A0F195B65CD7 changes role from null to FOLLOWER at term 0 for startAsFollower
2019-09-19 14:21:15,652 [pool-60-thread-1] INFO  impl.RoleInfo (RoleInfo.java:updateAndGet(143)) - 6403e584-2209-453b-b79e-eeb0a7b58516: start FollowerState
2019-09-19 14:21:15,652 [pool-60-thread-1] INFO  util.JmxRegister (JmxRegister.java:tryRegister(44)) - Successfully registered JMX Bean with object name Ratis:service=RaftServer,group=group-A0F195B65CD7,id=6403e584-2209-453b-b79e-eeb0a7b58516
2019-09-19 14:21:15,657 [RatisPipelineUtilsThread] INFO  pipeline.PipelineStateManager (PipelineStateManager.java:addPipeline(56)) - Created pipeline Pipeline[ Id: 85682c49-a5c1-4404-acc1-a0f195b65cd7, Nodes: 6403e584-2209-453b-b79e-eeb0a7b58516{ip: 192.168.157.226, host: pr-hdds-1569-swxfz-3172132826, networkLocation: /default-rack, certSerialId: null}, Type:RATIS, Factor:ONE, State:OPEN]
2019-09-19 14:21:15,668 [grpc-default-executor-1] INFO  impl.RaftServerProxy (RaftServerProxy.java:addNew(89)) - 306a7a99-f2a5-4f40-b42b-2fc2def08a6a: addNew group-34E50141DDB4:[306a7a99-f2a5-4f40-b42b-2fc2def08a6a:192.168.157.226:42633] returns group-34E50141DDB4:java.util.concurrent.CompletableFuture@79179e00[Not completed]
2019-09-19 14:21:15,670 [pool-49-thread-1] INFO  impl.RaftServerImpl (RaftServerImpl.java:<init>(93)) - 306a7a99-f2a5-4f40-b42b-2fc2def08a6a: new RaftServerImpl for group-34E50141DDB4:[306a7a99-f2a5-4f40-b42b-2fc2def08a6a:192.168.157.226:42633] with ContainerStateMachine:uninitialized
2019-09-19 14:21:15,670 [pool-49-thread-1] INFO  server.RaftServerConfigKeys (ConfUtils.java:logGet(43)) - raft.server.rpc.timeout.min = 5s (custom)
2019-09-19 14:21:15,670 [pool-49-thread-1] INFO  server.RaftServerConfigKeys (ConfUtils.java:logGet(43)) - raft.server.rpc.timeout.max = 5200ms (custom)
2019-09-19 14:21:15,670 [pool-49-thread-1] INFO  server.RaftServerConfigKeys (ConfUtils.java:logGet(43)) - raft.server.rpcslowness.timeout = 120s (custom)
2019-09-19 14:21:15,670 [pool-49-thread-1] INFO  server.RaftServerConfigKeys (ConfUtils.java:logGet(43)) - raft.server.sleep.deviation.threshold = 300 (default)
2019-09-19 14:21:15,671 [pool-49-thread-1] INFO  server.RaftServerConfigKeys (ConfUtils.java:logGet(43)) - raft.server.log.appender.install.snapshot.enabled = false (custom)
2019-09-19 14:21:15,671 [pool-49-thread-1] INFO  impl.RaftServerImpl (ServerState.java:<init>(105)) - 306a7a99-f2a5-4f40-b42b-2fc2def08a6a:group-34E50141DDB4 ConfigurationManager, init=-1: [306a7a99-f2a5-4f40-b42b-2fc2def08a6a:192.168.157.226:42633], old=null, confs=<EMPTY_MAP>
2019-09-19 14:21:15,671 [pool-49-thread-1] INFO  server.RaftServerConfigKeys (ConfUtils.java:logGet(43)) - raft.server.storage.dir = [/workdir/hadoop-ozone/integration-test/target/test-dir/MiniOzoneClusterImpl-210d6028-2152-4683-81ff-347b0d29bb13/datanode-2/data/ratis] (custom)
2019-09-19 14:21:15,672 [pool-49-thread-1] INFO  storage.RaftStorageDirectory (RaftStorageDirectory.java:analyzeStorage(246)) - The storage directory /workdir/hadoop-ozone/integration-test/target/test-dir/MiniOzoneClusterImpl-210d6028-2152-4683-81ff-347b0d29bb13/datanode-2/data/ratis/66c5c202-3e21-46f0-a538-34e50141ddb4 does not exist. Creating ...
2019-09-19 14:21:15,684 [pool-49-thread-1] INFO  storage.RaftStorageDirectory (RaftStorageDirectory.java:tryLock(328)) - Lock on /workdir/hadoop-ozone/integration-test/target/test-dir/MiniOzoneClusterImpl-210d6028-2152-4683-81ff-347b0d29bb13/datanode-2/data/ratis/66c5c202-3e21-46f0-a538-34e50141ddb4/in_use.lock acquired by nodename 16198@pr-hdds-1569-swxfz-3172132826
2019-09-19 14:21:15,697 [pool-49-thread-1] INFO  storage.RaftStorage (RaftStorage.java:format(72)) - Storage directory /workdir/hadoop-ozone/integration-test/target/test-dir/MiniOzoneClusterImpl-210d6028-2152-4683-81ff-347b0d29bb13/datanode-2/data/ratis/66c5c202-3e21-46f0-a538-34e50141ddb4 has been successfully formatted.
2019-09-19 14:21:15,697 [pool-49-thread-1] INFO  ratis.ContainerStateMachine (ContainerStateMachine.java:loadSnapshot(226)) - group-34E50141DDB4: The snapshot info is null. Setting the last applied indexto:(t:0, i:~)
2019-09-19 14:21:15,697 [pool-49-thread-1] INFO  server.RaftServerConfigKeys (ConfUtils.java:logGet(43)) - raft.server.leader.election.timeout = 120s (custom)
2019-09-19 14:21:15,698 [pool-49-thread-1] INFO  server.RaftServerConfigKeys (ConfUtils.java:logGet(43)) - raft.server.log.use.memory = false (default)
2019-09-19 14:21:15,698 [pool-49-thread-1] INFO  server.RaftServerConfigKeys (ConfUtils.java:logGet(43)) - raft.server.log.purge.gap = 1000000 (custom)
2019-09-19 14:21:15,698 [pool-49-thread-1] INFO  server.RaftServerConfigKeys (ConfUtils.java:logGet(43)) - raft.server.log.appender.buffer.byte-limit = 33554432 (custom)
2019-09-19 14:21:15,698 [pool-49-thread-1] INFO  server.RaftServerConfigKeys (ConfUtils.java:logGet(43)) - raft.server.log.segment.size.max = 1048576 (custom)
2019-09-19 14:21:15,698 [pool-49-thread-1] INFO  server.RaftServerConfigKeys (ConfUtils.java:logGet(43)) - raft.server.log.segment.cache.num.max = 2 (custom)
2019-09-19 14:21:15,698 [pool-49-thread-1] INFO  segmented.SegmentedRaftLogWorker (SegmentedRaftLogWorker.java:<init>(172)) - new 306a7a99-f2a5-4f40-b42b-2fc2def08a6a-SegmentedRaftLogWorker:Storage Directory /workdir/hadoop-ozone/integration-test/target/test-dir/MiniOzoneClusterImpl-210d6028-2152-4683-81ff-347b0d29bb13/datanode-2/data/ratis/66c5c202-3e21-46f0-a538-34e50141ddb4 for RaftStorage:Storage Directory /workdir/hadoop-ozone/integration-test/target/test-dir/MiniOzoneClusterImpl-210d6028-2152-4683-81ff-347b0d29bb13/datanode-2/data/ratis/66c5c202-3e21-46f0-a538-34e50141ddb4
2019-09-19 14:21:15,698 [pool-49-thread-1] INFO  server.RaftServerConfigKeys (ConfUtils.java:logGet(43)) - raft.server.log.queue.byte-limit = 2147483647 (custom)
2019-09-19 14:21:15,698 [pool-49-thread-1] INFO  server.RaftServerConfigKeys (ConfUtils.java:logGet(43)) - raft.server.log.queue.element-limit = 1024 (custom)
2019-09-19 14:21:15,699 [pool-49-thread-1] INFO  server.RaftServerConfigKeys (ConfUtils.java:logGet(43)) - raft.server.log.segment.size.max = 1048576 (custom)
2019-09-19 14:21:15,699 [pool-49-thread-1] INFO  server.RaftServerConfigKeys (ConfUtils.java:logGet(43)) - raft.server.log.preallocated.size = 16384 (custom)
2019-09-19 14:21:15,699 [pool-49-thread-1] INFO  server.RaftServerConfigKeys (ConfUtils.java:logGet(43)) - raft.server.log.write.buffer.size = 33554432 (custom)
2019-09-19 14:21:15,699 [pool-49-thread-1] INFO  server.RaftServerConfigKeys (ConfUtils.java:logGet(43)) - raft.server.log.force.sync.num = 128 (default)
2019-09-19 14:21:15,699 [pool-49-thread-1] INFO  server.RaftServerConfigKeys (ConfUtils.java:logGet(43)) - raft.server.log.statemachine.data.sync = true (default)
2019-09-19 14:21:15,699 [pool-49-thread-1] INFO  server.RaftServerConfigKeys (ConfUtils.java:logGet(43)) - raft.server.log.statemachine.data.sync.timeout = 10s (default)
2019-09-19 14:21:15,699 [pool-49-thread-1] INFO  server.RaftServerConfigKeys (ConfUtils.java:logGet(43)) - raft.server.log.statemachine.data.sync.timeout.retry = -1 (default)
2019-09-19 14:21:15,700 [pool-49-thread-1] INFO  server.RaftServerConfigKeys (ConfUtils.java:logGet(43)) - raft.server.log.statemachine.data.caching.enabled = true (custom)
2019-09-19 14:21:15,700 [pool-49-thread-1] INFO  segmented.SegmentedRaftLogWorker (SegmentedRaftLogWorker.java:lambda$new$0(132)) - 306a7a99-f2a5-4f40-b42b-2fc2def08a6a-SegmentedRaftLogWorker:Storage Directory /workdir/hadoop-ozone/integration-test/target/test-dir/MiniOzoneClusterImpl-210d6028-2152-4683-81ff-347b0d29bb13/datanode-2/data/ratis/66c5c202-3e21-46f0-a538-34e50141ddb4: flushIndex: setUnconditionally 0 -> -1
2019-09-19 14:21:15,700 [pool-49-thread-1] INFO  server.RaftServerConfigKeys (ConfUtils.java:logGet(43)) - raft.server.snapshot.auto.trigger.enabled = true (custom)
2019-09-19 14:21:15,700 [pool-49-thread-1] INFO  server.RaftServerConfigKeys (ConfUtils.java:logGet(43)) - raft.server.snapshot.auto.trigger.threshold = 10000 (custom)
2019-09-19 14:21:15,701 [pool-49-thread-1] INFO  server.RaftServerConfigKeys (ConfUtils.java:logGet(43)) - raft.server.retrycache.expirytime = 600000ms (custom)
2019-09-19 14:21:15,701 [pool-49-thread-1] INFO  impl.RaftServerImpl (RaftServerImpl.java:start(180)) - 306a7a99-f2a5-4f40-b42b-2fc2def08a6a: start group-34E50141DDB4
2019-09-19 14:21:15,701 [pool-49-thread-1] INFO  impl.RaftServerImpl (RaftServerImpl.java:setRole(171)) - 306a7a99-f2a5-4f40-b42b-2fc2def08a6a:group-34E50141DDB4 changes role from null to FOLLOWER at term 0 for startAsFollower
2019-09-19 14:21:15,701 [pool-49-thread-1] INFO  impl.RoleInfo (RoleInfo.java:updateAndGet(143)) - 306a7a99-f2a5-4f40-b42b-2fc2def08a6a: start FollowerState
2019-09-19 14:21:15,702 [pool-49-thread-1] INFO  util.JmxRegister (JmxRegister.java:tryRegister(44)) - Successfully registered JMX Bean with object name Ratis:service=RaftServer,group=group-34E50141DDB4,id=306a7a99-f2a5-4f40-b42b-2fc2def08a6a
2019-09-19 14:21:15,706 [RatisPipelineUtilsThread] INFO  pipeline.PipelineStateManager (PipelineStateManager.java:addPipeline(56)) - Created pipeline Pipeline[ Id: 66c5c202-3e21-46f0-a538-34e50141ddb4, Nodes: 306a7a99-f2a5-4f40-b42b-2fc2def08a6a{ip: 192.168.157.226, host: pr-hdds-1569-swxfz-3172132826, networkLocation: /default-rack, certSerialId: null}, Type:RATIS, Factor:ONE, State:OPEN]
2019-09-19 14:21:15,716 [grpc-default-executor-1] INFO  impl.RaftServerProxy (RaftServerProxy.java:addNew(89)) - 6403e584-2209-453b-b79e-eeb0a7b58516: addNew group-8A529A8BC28A:[6403e584-2209-453b-b79e-eeb0a7b58516:192.168.157.226:35833] returns group-8A529A8BC28A:java.util.concurrent.CompletableFuture@2190d748[Not completed]
2019-09-19 14:21:15,717 [pool-60-thread-1] INFO  impl.RaftServerImpl (RaftServerImpl.java:<init>(93)) - 6403e584-2209-453b-b79e-eeb0a7b58516: new RaftServerImpl for group-8A529A8BC28A:[6403e584-2209-453b-b79e-eeb0a7b58516:192.168.157.226:35833] with ContainerStateMachine:uninitialized
2019-09-19 14:21:15,717 [pool-60-thread-1] INFO  server.RaftServerConfigKeys (ConfUtils.java:logGet(43)) - raft.server.rpc.timeout.min = 5s (custom)
2019-09-19 14:21:15,717 [pool-60-thread-1] INFO  server.RaftServerConfigKeys (ConfUtils.java:logGet(43)) - raft.server.rpc.timeout.max = 5200ms (custom)
2019-09-19 14:21:15,718 [pool-60-thread-1] INFO  server.RaftServerConfigKeys (ConfUtils.java:logGet(43)) - raft.server.rpcslowness.timeout = 120s (custom)
2019-09-19 14:21:15,718 [pool-60-thread-1] INFO  server.RaftServerConfigKeys (ConfUtils.java:logGet(43)) - raft.server.sleep.deviation.threshold = 300 (default)
2019-09-19 14:21:15,718 [pool-60-thread-1] INFO  server.RaftServerConfigKeys (ConfUtils.java:logGet(43)) - raft.server.log.appender.install.snapshot.enabled = false (custom)
2019-09-19 14:21:15,718 [pool-60-thread-1] INFO  impl.RaftServerImpl (ServerState.java:<init>(105)) - 6403e584-2209-453b-b79e-eeb0a7b58516:group-8A529A8BC28A ConfigurationManager, init=-1: [6403e584-2209-453b-b79e-eeb0a7b58516:192.168.157.226:35833], old=null, confs=<EMPTY_MAP>
2019-09-19 14:21:15,718 [pool-60-thread-1] INFO  server.RaftServerConfigKeys (ConfUtils.java:logGet(43)) - raft.server.storage.dir = [/workdir/hadoop-ozone/integration-test/target/test-dir/MiniOzoneClusterImpl-210d6028-2152-4683-81ff-347b0d29bb13/datanode-3/data/ratis] (custom)
2019-09-19 14:21:15,718 [pool-60-thread-1] INFO  storage.RaftStorageDirectory (RaftStorageDirectory.java:analyzeStorage(246)) - The storage directory /workdir/hadoop-ozone/integration-test/target/test-dir/MiniOzoneClusterImpl-210d6028-2152-4683-81ff-347b0d29bb13/datanode-3/data/ratis/57045c31-713e-4d62-b9c4-8a529a8bc28a does not exist. Creating ...
2019-09-19 14:21:15,744 [pool-60-thread-1] INFO  storage.RaftStorageDirectory (RaftStorageDirectory.java:tryLock(328)) - Lock on /workdir/hadoop-ozone/integration-test/target/test-dir/MiniOzoneClusterImpl-210d6028-2152-4683-81ff-347b0d29bb13/datanode-3/data/ratis/57045c31-713e-4d62-b9c4-8a529a8bc28a/in_use.lock acquired by nodename 16198@pr-hdds-1569-swxfz-3172132826
2019-09-19 14:21:15,757 [pool-60-thread-1] INFO  storage.RaftStorage (RaftStorage.java:format(72)) - Storage directory /workdir/hadoop-ozone/integration-test/target/test-dir/MiniOzoneClusterImpl-210d6028-2152-4683-81ff-347b0d29bb13/datanode-3/data/ratis/57045c31-713e-4d62-b9c4-8a529a8bc28a has been successfully formatted.
2019-09-19 14:21:15,758 [pool-60-thread-1] INFO  ratis.ContainerStateMachine (ContainerStateMachine.java:loadSnapshot(226)) - group-8A529A8BC28A: The snapshot info is null. Setting the last applied indexto:(t:0, i:~)
2019-09-19 14:21:15,758 [pool-60-thread-1] INFO  server.RaftServerConfigKeys (ConfUtils.java:logGet(43)) - raft.server.leader.election.timeout = 120s (custom)
2019-09-19 14:21:15,758 [pool-60-thread-1] INFO  server.RaftServerConfigKeys (ConfUtils.java:logGet(43)) - raft.server.log.use.memory = false (default)
2019-09-19 14:21:15,758 [pool-60-thread-1] INFO  server.RaftServerConfigKeys (ConfUtils.java:logGet(43)) - raft.server.log.purge.gap = 1000000 (custom)
2019-09-19 14:21:15,758 [pool-60-thread-1] INFO  server.RaftServerConfigKeys (ConfUtils.java:logGet(43)) - raft.server.log.appender.buffer.byte-limit = 33554432 (custom)
2019-09-19 14:21:15,758 [pool-60-thread-1] INFO  server.RaftServerConfigKeys (ConfUtils.java:logGet(43)) - raft.server.log.segment.size.max = 1048576 (custom)
2019-09-19 14:21:15,758 [pool-60-thread-1] INFO  server.RaftServerConfigKeys (ConfUtils.java:logGet(43)) - raft.server.log.segment.cache.num.max = 2 (custom)
2019-09-19 14:21:15,758 [pool-60-thread-1] INFO  segmented.SegmentedRaftLogWorker (SegmentedRaftLogWorker.java:<init>(172)) - new 6403e584-2209-453b-b79e-eeb0a7b58516-SegmentedRaftLogWorker:Storage Directory /workdir/hadoop-ozone/integration-test/target/test-dir/MiniOzoneClusterImpl-210d6028-2152-4683-81ff-347b0d29bb13/datanode-3/data/ratis/57045c31-713e-4d62-b9c4-8a529a8bc28a for RaftStorage:Storage Directory /workdir/hadoop-ozone/integration-test/target/test-dir/MiniOzoneClusterImpl-210d6028-2152-4683-81ff-347b0d29bb13/datanode-3/data/ratis/57045c31-713e-4d62-b9c4-8a529a8bc28a
2019-09-19 14:21:15,758 [pool-60-thread-1] INFO  server.RaftServerConfigKeys (ConfUtils.java:logGet(43)) - raft.server.log.queue.byte-limit = 2147483647 (custom)
2019-09-19 14:21:15,759 [pool-60-thread-1] INFO  server.RaftServerConfigKeys (ConfUtils.java:logGet(43)) - raft.server.log.queue.element-limit = 1024 (custom)
2019-09-19 14:21:15,759 [pool-60-thread-1] INFO  server.RaftServerConfigKeys (ConfUtils.java:logGet(43)) - raft.server.log.segment.size.max = 1048576 (custom)
2019-09-19 14:21:15,759 [pool-60-thread-1] INFO  server.RaftServerConfigKeys (ConfUtils.java:logGet(43)) - raft.server.log.preallocated.size = 16384 (custom)
2019-09-19 14:21:15,759 [pool-60-thread-1] INFO  server.RaftServerConfigKeys (ConfUtils.java:logGet(43)) - raft.server.log.write.buffer.size = 33554432 (custom)
2019-09-19 14:21:15,759 [pool-60-thread-1] INFO  server.RaftServerConfigKeys (ConfUtils.java:logGet(43)) - raft.server.log.force.sync.num = 128 (default)
2019-09-19 14:21:15,759 [pool-60-thread-1] INFO  server.RaftServerConfigKeys (ConfUtils.java:logGet(43)) - raft.server.log.statemachine.data.sync = true (default)
2019-09-19 14:21:15,759 [pool-60-thread-1] INFO  server.RaftServerConfigKeys (ConfUtils.java:logGet(43)) - raft.server.log.statemachine.data.sync.timeout = 10s (default)
2019-09-19 14:21:15,759 [pool-60-thread-1] INFO  server.RaftServerConfigKeys (ConfUtils.java:logGet(43)) - raft.server.log.statemachine.data.sync.timeout.retry = -1 (default)
2019-09-19 14:21:15,759 [pool-60-thread-1] INFO  server.RaftServerConfigKeys (ConfUtils.java:logGet(43)) - raft.server.log.statemachine.data.caching.enabled = true (custom)
2019-09-19 14:21:15,760 [pool-60-thread-1] INFO  segmented.SegmentedRaftLogWorker (SegmentedRaftLogWorker.java:lambda$new$0(132)) - 6403e584-2209-453b-b79e-eeb0a7b58516-SegmentedRaftLogWorker:Storage Directory /workdir/hadoop-ozone/integration-test/target/test-dir/MiniOzoneClusterImpl-210d6028-2152-4683-81ff-347b0d29bb13/datanode-3/data/ratis/57045c31-713e-4d62-b9c4-8a529a8bc28a: flushIndex: setUnconditionally 0 -> -1
2019-09-19 14:21:15,760 [pool-60-thread-1] INFO  server.RaftServerConfigKeys (ConfUtils.java:logGet(43)) - raft.server.snapshot.auto.trigger.enabled = true (custom)
2019-09-19 14:21:15,760 [pool-60-thread-1] INFO  server.RaftServerConfigKeys (ConfUtils.java:logGet(43)) - raft.server.snapshot.auto.trigger.threshold = 10000 (custom)
2019-09-19 14:21:15,760 [pool-60-thread-1] INFO  server.RaftServerConfigKeys (ConfUtils.java:logGet(43)) - raft.server.retrycache.expirytime = 600000ms (custom)
2019-09-19 14:21:15,760 [pool-60-thread-1] INFO  impl.RaftServerImpl (RaftServerImpl.java:start(180)) - 6403e584-2209-453b-b79e-eeb0a7b58516: start group-8A529A8BC28A
2019-09-19 14:21:15,761 [pool-60-thread-1] INFO  impl.RaftServerImpl (RaftServerImpl.java:setRole(171)) - 6403e584-2209-453b-b79e-eeb0a7b58516:group-8A529A8BC28A changes role from null to FOLLOWER at term 0 for startAsFollower
2019-09-19 14:21:15,761 [pool-60-thread-1] INFO  impl.RoleInfo (RoleInfo.java:updateAndGet(143)) - 6403e584-2209-453b-b79e-eeb0a7b58516: start FollowerState
2019-09-19 14:21:15,761 [pool-60-thread-1] INFO  util.JmxRegister (JmxRegister.java:tryRegister(44)) - Successfully registered JMX Bean with object name Ratis:service=RaftServer,group=group-8A529A8BC28A,id=6403e584-2209-453b-b79e-eeb0a7b58516
2019-09-19 14:21:15,766 [RatisPipelineUtilsThread] INFO  pipeline.PipelineStateManager (PipelineStateManager.java:addPipeline(56)) - Created pipeline Pipeline[ Id: 57045c31-713e-4d62-b9c4-8a529a8bc28a, Nodes: 6403e584-2209-453b-b79e-eeb0a7b58516{ip: 192.168.157.226, host: pr-hdds-1569-swxfz-3172132826, networkLocation: /default-rack, certSerialId: null}, Type:RATIS, Factor:ONE, State:OPEN]
2019-09-19 14:21:15,777 [grpc-default-executor-1] INFO  impl.RaftServerProxy (RaftServerProxy.java:addNew(89)) - 85c6a9f3-b9a5-43a5-ac4f-9aa7bd5f2263: addNew group-013F546B64FC:[85c6a9f3-b9a5-43a5-ac4f-9aa7bd5f2263:192.168.157.226:45170] returns group-013F546B64FC:java.util.concurrent.CompletableFuture@629f26e3[Not completed]
2019-09-19 14:21:15,779 [pool-27-thread-1] INFO  impl.RaftServerImpl (RaftServerImpl.java:<init>(93)) - 85c6a9f3-b9a5-43a5-ac4f-9aa7bd5f2263: new RaftServerImpl for group-013F546B64FC:[85c6a9f3-b9a5-43a5-ac4f-9aa7bd5f2263:192.168.157.226:45170] with ContainerStateMachine:uninitialized
2019-09-19 14:21:15,779 [pool-27-thread-1] INFO  server.RaftServerConfigKeys (ConfUtils.java:logGet(43)) - raft.server.rpc.timeout.min = 5s (custom)
2019-09-19 14:21:15,779 [pool-27-thread-1] INFO  server.RaftServerConfigKeys (ConfUtils.java:logGet(43)) - raft.server.rpc.timeout.max = 5200ms (custom)
2019-09-19 14:21:15,779 [pool-27-thread-1] INFO  server.RaftServerConfigKeys (ConfUtils.java:logGet(43)) - raft.server.rpcslowness.timeout = 120s (custom)
2019-09-19 14:21:15,779 [pool-27-thread-1] INFO  server.RaftServerConfigKeys (ConfUtils.java:logGet(43)) - raft.server.sleep.deviation.threshold = 300 (default)
2019-09-19 14:21:15,780 [pool-27-thread-1] INFO  server.RaftServerConfigKeys (ConfUtils.java:logGet(43)) - raft.server.log.appender.install.snapshot.enabled = false (custom)
2019-09-19 14:21:15,780 [pool-27-thread-1] INFO  impl.RaftServerImpl (ServerState.java:<init>(105)) - 85c6a9f3-b9a5-43a5-ac4f-9aa7bd5f2263:group-013F546B64FC ConfigurationManager, init=-1: [85c6a9f3-b9a5-43a5-ac4f-9aa7bd5f2263:192.168.157.226:45170], old=null, confs=<EMPTY_MAP>
2019-09-19 14:21:15,780 [pool-27-thread-1] INFO  server.RaftServerConfigKeys (ConfUtils.java:logGet(43)) - raft.server.storage.dir = [/workdir/hadoop-ozone/integration-test/target/test-dir/MiniOzoneClusterImpl-210d6028-2152-4683-81ff-347b0d29bb13/datanode-0/data/ratis] (custom)
2019-09-19 14:21:15,781 [pool-27-thread-1] INFO  storage.RaftStorageDirectory (RaftStorageDirectory.java:analyzeStorage(246)) - The storage directory /workdir/hadoop-ozone/integration-test/target/test-dir/MiniOzoneClusterImpl-210d6028-2152-4683-81ff-347b0d29bb13/datanode-0/data/ratis/f0996a2b-0fd4-4fb7-bb94-013f546b64fc does not exist. Creating ...
2019-09-19 14:21:15,794 [pool-27-thread-1] INFO  storage.RaftStorageDirectory (RaftStorageDirectory.java:tryLock(328)) - Lock on /workdir/hadoop-ozone/integration-test/target/test-dir/MiniOzoneClusterImpl-210d6028-2152-4683-81ff-347b0d29bb13/datanode-0/data/ratis/f0996a2b-0fd4-4fb7-bb94-013f546b64fc/in_use.lock acquired by nodename 16198@pr-hdds-1569-swxfz-3172132826
2019-09-19 14:21:15,806 [pool-27-thread-1] INFO  storage.RaftStorage (RaftStorage.java:format(72)) - Storage directory /workdir/hadoop-ozone/integration-test/target/test-dir/MiniOzoneClusterImpl-210d6028-2152-4683-81ff-347b0d29bb13/datanode-0/data/ratis/f0996a2b-0fd4-4fb7-bb94-013f546b64fc has been successfully formatted.
2019-09-19 14:21:15,807 [pool-27-thread-1] INFO  ratis.ContainerStateMachine (ContainerStateMachine.java:loadSnapshot(226)) - group-013F546B64FC: The snapshot info is null. Setting the last applied indexto:(t:0, i:~)
2019-09-19 14:21:15,807 [pool-27-thread-1] INFO  server.RaftServerConfigKeys (ConfUtils.java:logGet(43)) - raft.server.leader.election.timeout = 120s (custom)
2019-09-19 14:21:15,807 [pool-27-thread-1] INFO  server.RaftServerConfigKeys (ConfUtils.java:logGet(43)) - raft.server.log.use.memory = false (default)
2019-09-19 14:21:15,807 [pool-27-thread-1] INFO  server.RaftServerConfigKeys (ConfUtils.java:logGet(43)) - raft.server.log.purge.gap = 1000000 (custom)
2019-09-19 14:21:15,807 [pool-27-thread-1] INFO  server.RaftServerConfigKeys (ConfUtils.java:logGet(43)) - raft.server.log.appender.buffer.byte-limit = 33554432 (custom)
2019-09-19 14:21:15,808 [pool-27-thread-1] INFO  server.RaftServerConfigKeys (ConfUtils.java:logGet(43)) - raft.server.log.segment.size.max = 1048576 (custom)
2019-09-19 14:21:15,808 [pool-27-thread-1] INFO  server.RaftServerConfigKeys (ConfUtils.java:logGet(43)) - raft.server.log.segment.cache.num.max = 2 (custom)
2019-09-19 14:21:15,808 [pool-27-thread-1] INFO  segmented.SegmentedRaftLogWorker (SegmentedRaftLogWorker.java:<init>(172)) - new 85c6a9f3-b9a5-43a5-ac4f-9aa7bd5f2263-SegmentedRaftLogWorker:Storage Directory /workdir/hadoop-ozone/integration-test/target/test-dir/MiniOzoneClusterImpl-210d6028-2152-4683-81ff-347b0d29bb13/datanode-0/data/ratis/f0996a2b-0fd4-4fb7-bb94-013f546b64fc for RaftStorage:Storage Directory /workdir/hadoop-ozone/integration-test/target/test-dir/MiniOzoneClusterImpl-210d6028-2152-4683-81ff-347b0d29bb13/datanode-0/data/ratis/f0996a2b-0fd4-4fb7-bb94-013f546b64fc
2019-09-19 14:21:15,808 [pool-27-thread-1] INFO  server.RaftServerConfigKeys (ConfUtils.java:logGet(43)) - raft.server.log.queue.byte-limit = 2147483647 (custom)
2019-09-19 14:21:15,808 [pool-27-thread-1] INFO  server.RaftServerConfigKeys (ConfUtils.java:logGet(43)) - raft.server.log.queue.element-limit = 1024 (custom)
2019-09-19 14:21:15,808 [pool-27-thread-1] INFO  server.RaftServerConfigKeys (ConfUtils.java:logGet(43)) - raft.server.log.segment.size.max = 1048576 (custom)
2019-09-19 14:21:15,809 [pool-27-thread-1] INFO  server.RaftServerConfigKeys (ConfUtils.java:logGet(43)) - raft.server.log.preallocated.size = 16384 (custom)
2019-09-19 14:21:15,809 [pool-27-thread-1] INFO  server.RaftServerConfigKeys (ConfUtils.java:logGet(43)) - raft.server.log.write.buffer.size = 33554432 (custom)
2019-09-19 14:21:15,809 [pool-27-thread-1] INFO  server.RaftServerConfigKeys (ConfUtils.java:logGet(43)) - raft.server.log.force.sync.num = 128 (default)
2019-09-19 14:21:15,809 [pool-27-thread-1] INFO  server.RaftServerConfigKeys (ConfUtils.java:logGet(43)) - raft.server.log.statemachine.data.sync = true (default)
2019-09-19 14:21:15,809 [pool-27-thread-1] INFO  server.RaftServerConfigKeys (ConfUtils.java:logGet(43)) - raft.server.log.statemachine.data.sync.timeout = 10s (default)
2019-09-19 14:21:15,809 [pool-27-thread-1] INFO  server.RaftServerConfigKeys (ConfUtils.java:logGet(43)) - raft.server.log.statemachine.data.sync.timeout.retry = -1 (default)
2019-09-19 14:21:15,810 [pool-27-thread-1] INFO  server.RaftServerConfigKeys (ConfUtils.java:logGet(43)) - raft.server.log.statemachine.data.caching.enabled = true (custom)
2019-09-19 14:21:15,810 [pool-27-thread-1] INFO  segmented.SegmentedRaftLogWorker (SegmentedRaftLogWorker.java:lambda$new$0(132)) - 85c6a9f3-b9a5-43a5-ac4f-9aa7bd5f2263-SegmentedRaftLogWorker:Storage Directory /workdir/hadoop-ozone/integration-test/target/test-dir/MiniOzoneClusterImpl-210d6028-2152-4683-81ff-347b0d29bb13/datanode-0/data/ratis/f0996a2b-0fd4-4fb7-bb94-013f546b64fc: flushIndex: setUnconditionally 0 -> -1
2019-09-19 14:21:15,810 [pool-27-thread-1] INFO  server.RaftServerConfigKeys (ConfUtils.java:logGet(43)) - raft.server.snapshot.auto.trigger.enabled = true (custom)
2019-09-19 14:21:15,811 [pool-27-thread-1] INFO  server.RaftServerConfigKeys (ConfUtils.java:logGet(43)) - raft.server.snapshot.auto.trigger.threshold = 10000 (custom)
2019-09-19 14:21:15,811 [pool-27-thread-1] INFO  server.RaftServerConfigKeys (ConfUtils.java:logGet(43)) - raft.server.retrycache.expirytime = 600000ms (custom)
2019-09-19 14:21:15,811 [pool-27-thread-1] INFO  impl.RaftServerImpl (RaftServerImpl.java:start(180)) - 85c6a9f3-b9a5-43a5-ac4f-9aa7bd5f2263: start group-013F546B64FC
2019-09-19 14:21:15,811 [pool-27-thread-1] INFO  impl.RaftServerImpl (RaftServerImpl.java:setRole(171)) - 85c6a9f3-b9a5-43a5-ac4f-9aa7bd5f2263:group-013F546B64FC changes role from null to FOLLOWER at term 0 for startAsFollower
2019-09-19 14:21:15,811 [pool-27-thread-1] INFO  impl.RoleInfo (RoleInfo.java:updateAndGet(143)) - 85c6a9f3-b9a5-43a5-ac4f-9aa7bd5f2263: start FollowerState
2019-09-19 14:21:15,812 [pool-27-thread-1] INFO  util.JmxRegister (JmxRegister.java:tryRegister(44)) - Successfully registered JMX Bean with object name Ratis:service=RaftServer,group=group-013F546B64FC,id=85c6a9f3-b9a5-43a5-ac4f-9aa7bd5f2263
2019-09-19 14:21:15,817 [RatisPipelineUtilsThread] INFO  pipeline.PipelineStateManager (PipelineStateManager.java:addPipeline(56)) - Created pipeline Pipeline[ Id: f0996a2b-0fd4-4fb7-bb94-013f546b64fc, Nodes: 85c6a9f3-b9a5-43a5-ac4f-9aa7bd5f2263{ip: 192.168.157.226, host: pr-hdds-1569-swxfz-3172132826, networkLocation: /default-rack, certSerialId: null}, Type:RATIS, Factor:ONE, State:OPEN]
2019-09-19 14:21:15,838 [grpc-default-executor-1] INFO  impl.RaftServerProxy (RaftServerProxy.java:addNew(89)) - 6403e584-2209-453b-b79e-eeb0a7b58516: addNew group-8A38B38FD508:[6403e584-2209-453b-b79e-eeb0a7b58516:192.168.157.226:35833] returns group-8A38B38FD508:java.util.concurrent.CompletableFuture@5750184f[Not completed]
2019-09-19 14:21:15,840 [pool-60-thread-1] INFO  impl.RaftServerImpl (RaftServerImpl.java:<init>(93)) - 6403e584-2209-453b-b79e-eeb0a7b58516: new RaftServerImpl for group-8A38B38FD508:[6403e584-2209-453b-b79e-eeb0a7b58516:192.168.157.226:35833] with ContainerStateMachine:uninitialized
2019-09-19 14:21:15,840 [pool-60-thread-1] INFO  server.RaftServerConfigKeys (ConfUtils.java:logGet(43)) - raft.server.rpc.timeout.min = 5s (custom)
2019-09-19 14:21:15,840 [pool-60-thread-1] INFO  server.RaftServerConfigKeys (ConfUtils.java:logGet(43)) - raft.server.rpc.timeout.max = 5200ms (custom)
2019-09-19 14:21:15,840 [pool-60-thread-1] INFO  server.RaftServerConfigKeys (ConfUtils.java:logGet(43)) - raft.server.rpcslowness.timeout = 120s (custom)
2019-09-19 14:21:15,840 [pool-60-thread-1] INFO  server.RaftServerConfigKeys (ConfUtils.java:logGet(43)) - raft.server.sleep.deviation.threshold = 300 (default)
2019-09-19 14:21:15,840 [pool-60-thread-1] INFO  server.RaftServerConfigKeys (ConfUtils.java:logGet(43)) - raft.server.log.appender.install.snapshot.enabled = false (custom)
2019-09-19 14:21:15,840 [pool-60-thread-1] INFO  impl.RaftServerImpl (ServerState.java:<init>(105)) - 6403e584-2209-453b-b79e-eeb0a7b58516:group-8A38B38FD508 ConfigurationManager, init=-1: [6403e584-2209-453b-b79e-eeb0a7b58516:192.168.157.226:35833], old=null, confs=<EMPTY_MAP>
2019-09-19 14:21:15,840 [pool-60-thread-1] INFO  server.RaftServerConfigKeys (ConfUtils.java:logGet(43)) - raft.server.storage.dir = [/workdir/hadoop-ozone/integration-test/target/test-dir/MiniOzoneClusterImpl-210d6028-2152-4683-81ff-347b0d29bb13/datanode-3/data/ratis] (custom)
2019-09-19 14:21:15,841 [pool-60-thread-1] INFO  storage.RaftStorageDirectory (RaftStorageDirectory.java:analyzeStorage(246)) - The storage directory /workdir/hadoop-ozone/integration-test/target/test-dir/MiniOzoneClusterImpl-210d6028-2152-4683-81ff-347b0d29bb13/datanode-3/data/ratis/25d0608f-0361-4188-b780-8a38b38fd508 does not exist. Creating ...
2019-09-19 14:21:15,853 [pool-60-thread-1] INFO  storage.RaftStorageDirectory (RaftStorageDirectory.java:tryLock(328)) - Lock on /workdir/hadoop-ozone/integration-test/target/test-dir/MiniOzoneClusterImpl-210d6028-2152-4683-81ff-347b0d29bb13/datanode-3/data/ratis/25d0608f-0361-4188-b780-8a38b38fd508/in_use.lock acquired by nodename 16198@pr-hdds-1569-swxfz-3172132826
2019-09-19 14:21:15,866 [pool-60-thread-1] INFO  storage.RaftStorage (RaftStorage.java:format(72)) - Storage directory /workdir/hadoop-ozone/integration-test/target/test-dir/MiniOzoneClusterImpl-210d6028-2152-4683-81ff-347b0d29bb13/datanode-3/data/ratis/25d0608f-0361-4188-b780-8a38b38fd508 has been successfully formatted.
2019-09-19 14:21:15,866 [pool-60-thread-1] INFO  ratis.ContainerStateMachine (ContainerStateMachine.java:loadSnapshot(226)) - group-8A38B38FD508: The snapshot info is null. Setting the last applied indexto:(t:0, i:~)
2019-09-19 14:21:15,866 [pool-60-thread-1] INFO  server.RaftServerConfigKeys (ConfUtils.java:logGet(43)) - raft.server.leader.election.timeout = 120s (custom)
2019-09-19 14:21:15,867 [pool-60-thread-1] INFO  server.RaftServerConfigKeys (ConfUtils.java:logGet(43)) - raft.server.log.use.memory = false (default)
2019-09-19 14:21:15,867 [pool-60-thread-1] INFO  server.RaftServerConfigKeys (ConfUtils.java:logGet(43)) - raft.server.log.purge.gap = 1000000 (custom)
2019-09-19 14:21:15,867 [pool-60-thread-1] INFO  server.RaftServerConfigKeys (ConfUtils.java:logGet(43)) - raft.server.log.appender.buffer.byte-limit = 33554432 (custom)
2019-09-19 14:21:15,867 [pool-60-thread-1] INFO  server.RaftServerConfigKeys (ConfUtils.java:logGet(43)) - raft.server.log.segment.size.max = 1048576 (custom)
2019-09-19 14:21:15,867 [pool-60-thread-1] INFO  server.RaftServerConfigKeys (ConfUtils.java:logGet(43)) - raft.server.log.segment.cache.num.max = 2 (custom)
2019-09-19 14:21:15,867 [pool-60-thread-1] INFO  segmented.SegmentedRaftLogWorker (SegmentedRaftLogWorker.java:<init>(172)) - new 6403e584-2209-453b-b79e-eeb0a7b58516-SegmentedRaftLogWorker:Storage Directory /workdir/hadoop-ozone/integration-test/target/test-dir/MiniOzoneClusterImpl-210d6028-2152-4683-81ff-347b0d29bb13/datanode-3/data/ratis/25d0608f-0361-4188-b780-8a38b38fd508 for RaftStorage:Storage Directory /workdir/hadoop-ozone/integration-test/target/test-dir/MiniOzoneClusterImpl-210d6028-2152-4683-81ff-347b0d29bb13/datanode-3/data/ratis/25d0608f-0361-4188-b780-8a38b38fd508
2019-09-19 14:21:15,867 [pool-60-thread-1] INFO  server.RaftServerConfigKeys (ConfUtils.java:logGet(43)) - raft.server.log.queue.byte-limit = 2147483647 (custom)
2019-09-19 14:21:15,867 [pool-60-thread-1] INFO  server.RaftServerConfigKeys (ConfUtils.java:logGet(43)) - raft.server.log.queue.element-limit = 1024 (custom)
2019-09-19 14:21:15,867 [pool-60-thread-1] INFO  server.RaftServerConfigKeys (ConfUtils.java:logGet(43)) - raft.server.log.segment.size.max = 1048576 (custom)
2019-09-19 14:21:15,868 [pool-60-thread-1] INFO  server.RaftServerConfigKeys (ConfUtils.java:logGet(43)) - raft.server.log.preallocated.size = 16384 (custom)
2019-09-19 14:21:15,868 [pool-60-thread-1] INFO  server.RaftServerConfigKeys (ConfUtils.java:logGet(43)) - raft.server.log.write.buffer.size = 33554432 (custom)
2019-09-19 14:21:15,868 [pool-60-thread-1] INFO  server.RaftServerConfigKeys (ConfUtils.java:logGet(43)) - raft.server.log.force.sync.num = 128 (default)
2019-09-19 14:21:15,868 [pool-60-thread-1] INFO  server.RaftServerConfigKeys (ConfUtils.java:logGet(43)) - raft.server.log.statemachine.data.sync = true (default)
2019-09-19 14:21:15,868 [pool-60-thread-1] INFO  server.RaftServerConfigKeys (ConfUtils.java:logGet(43)) - raft.server.log.statemachine.data.sync.timeout = 10s (default)
2019-09-19 14:21:15,868 [pool-60-thread-1] INFO  server.RaftServerConfigKeys (ConfUtils.java:logGet(43)) - raft.server.log.statemachine.data.sync.timeout.retry = -1 (default)
2019-09-19 14:21:15,868 [pool-60-thread-1] INFO  server.RaftServerConfigKeys (ConfUtils.java:logGet(43)) - raft.server.log.statemachine.data.caching.enabled = true (custom)
2019-09-19 14:21:15,868 [pool-60-thread-1] INFO  segmented.SegmentedRaftLogWorker (SegmentedRaftLogWorker.java:lambda$new$0(132)) - 6403e584-2209-453b-b79e-eeb0a7b58516-SegmentedRaftLogWorker:Storage Directory /workdir/hadoop-ozone/integration-test/target/test-dir/MiniOzoneClusterImpl-210d6028-2152-4683-81ff-347b0d29bb13/datanode-3/data/ratis/25d0608f-0361-4188-b780-8a38b38fd508: flushIndex: setUnconditionally 0 -> -1
2019-09-19 14:21:15,869 [pool-60-thread-1] INFO  server.RaftServerConfigKeys (ConfUtils.java:logGet(43)) - raft.server.snapshot.auto.trigger.enabled = true (custom)
2019-09-19 14:21:15,869 [pool-60-thread-1] INFO  server.RaftServerConfigKeys (ConfUtils.java:logGet(43)) - raft.server.snapshot.auto.trigger.threshold = 10000 (custom)
2019-09-19 14:21:15,869 [pool-60-thread-1] INFO  server.RaftServerConfigKeys (ConfUtils.java:logGet(43)) - raft.server.retrycache.expirytime = 600000ms (custom)
2019-09-19 14:21:15,869 [pool-60-thread-1] INFO  impl.RaftServerImpl (RaftServerImpl.java:start(180)) - 6403e584-2209-453b-b79e-eeb0a7b58516: start group-8A38B38FD508
2019-09-19 14:21:15,869 [pool-60-thread-1] INFO  impl.RaftServerImpl (RaftServerImpl.java:setRole(171)) - 6403e584-2209-453b-b79e-eeb0a7b58516:group-8A38B38FD508 changes role from null to FOLLOWER at term 0 for startAsFollower
2019-09-19 14:21:15,869 [pool-60-thread-1] INFO  impl.RoleInfo (RoleInfo.java:updateAndGet(143)) - 6403e584-2209-453b-b79e-eeb0a7b58516: start FollowerState
2019-09-19 14:21:15,874 [pool-60-thread-1] INFO  util.JmxRegister (JmxRegister.java:tryRegister(44)) - Successfully registered JMX Bean with object name Ratis:service=RaftServer,group=group-8A38B38FD508,id=6403e584-2209-453b-b79e-eeb0a7b58516
2019-09-19 14:21:15,887 [RatisPipelineUtilsThread] INFO  pipeline.PipelineStateManager (PipelineStateManager.java:addPipeline(56)) - Created pipeline Pipeline[ Id: 25d0608f-0361-4188-b780-8a38b38fd508, Nodes: 6403e584-2209-453b-b79e-eeb0a7b58516{ip: 192.168.157.226, host: pr-hdds-1569-swxfz-3172132826, networkLocation: /default-rack, certSerialId: null}, Type:RATIS, Factor:ONE, State:OPEN]
2019-09-19 14:21:15,901 [grpc-default-executor-1] INFO  impl.RaftServerProxy (RaftServerProxy.java:addNew(89)) - 85c6a9f3-b9a5-43a5-ac4f-9aa7bd5f2263: addNew group-98F0C74AF458:[85c6a9f3-b9a5-43a5-ac4f-9aa7bd5f2263:192.168.157.226:45170] returns group-98F0C74AF458:java.util.concurrent.CompletableFuture@14ffda6[Not completed]
2019-09-19 14:21:15,904 [pool-27-thread-1] INFO  impl.RaftServerImpl (RaftServerImpl.java:<init>(93)) - 85c6a9f3-b9a5-43a5-ac4f-9aa7bd5f2263: new RaftServerImpl for group-98F0C74AF458:[85c6a9f3-b9a5-43a5-ac4f-9aa7bd5f2263:192.168.157.226:45170] with ContainerStateMachine:uninitialized
2019-09-19 14:21:15,904 [pool-27-thread-1] INFO  server.RaftServerConfigKeys (ConfUtils.java:logGet(43)) - raft.server.rpc.timeout.min = 5s (custom)
2019-09-19 14:21:15,904 [pool-27-thread-1] INFO  server.RaftServerConfigKeys (ConfUtils.java:logGet(43)) - raft.server.rpc.timeout.max = 5200ms (custom)
2019-09-19 14:21:15,904 [pool-27-thread-1] INFO  server.RaftServerConfigKeys (ConfUtils.java:logGet(43)) - raft.server.rpcslowness.timeout = 120s (custom)
2019-09-19 14:21:15,904 [pool-27-thread-1] INFO  server.RaftServerConfigKeys (ConfUtils.java:logGet(43)) - raft.server.sleep.deviation.threshold = 300 (default)
2019-09-19 14:21:15,904 [pool-27-thread-1] INFO  server.RaftServerConfigKeys (ConfUtils.java:logGet(43)) - raft.server.log.appender.install.snapshot.enabled = false (custom)
2019-09-19 14:21:15,904 [pool-27-thread-1] INFO  impl.RaftServerImpl (ServerState.java:<init>(105)) - 85c6a9f3-b9a5-43a5-ac4f-9aa7bd5f2263:group-98F0C74AF458 ConfigurationManager, init=-1: [85c6a9f3-b9a5-43a5-ac4f-9aa7bd5f2263:192.168.157.226:45170], old=null, confs=<EMPTY_MAP>
2019-09-19 14:21:15,904 [pool-27-thread-1] INFO  server.RaftServerConfigKeys (ConfUtils.java:logGet(43)) - raft.server.storage.dir = [/workdir/hadoop-ozone/integration-test/target/test-dir/MiniOzoneClusterImpl-210d6028-2152-4683-81ff-347b0d29bb13/datanode-0/data/ratis] (custom)
2019-09-19 14:21:15,905 [pool-27-thread-1] INFO  storage.RaftStorageDirectory (RaftStorageDirectory.java:analyzeStorage(246)) - The storage directory /workdir/hadoop-ozone/integration-test/target/test-dir/MiniOzoneClusterImpl-210d6028-2152-4683-81ff-347b0d29bb13/datanode-0/data/ratis/f96bd18a-5f7f-453b-bd23-98f0c74af458 does not exist. Creating ...
2019-09-19 14:21:15,917 [pool-27-thread-1] INFO  storage.RaftStorageDirectory (RaftStorageDirectory.java:tryLock(328)) - Lock on /workdir/hadoop-ozone/integration-test/target/test-dir/MiniOzoneClusterImpl-210d6028-2152-4683-81ff-347b0d29bb13/datanode-0/data/ratis/f96bd18a-5f7f-453b-bd23-98f0c74af458/in_use.lock acquired by nodename 16198@pr-hdds-1569-swxfz-3172132826
2019-09-19 14:21:15,943 [pool-27-thread-1] INFO  storage.RaftStorage (RaftStorage.java:format(72)) - Storage directory /workdir/hadoop-ozone/integration-test/target/test-dir/MiniOzoneClusterImpl-210d6028-2152-4683-81ff-347b0d29bb13/datanode-0/data/ratis/f96bd18a-5f7f-453b-bd23-98f0c74af458 has been successfully formatted.
2019-09-19 14:21:15,943 [pool-27-thread-1] INFO  ratis.ContainerStateMachine (ContainerStateMachine.java:loadSnapshot(226)) - group-98F0C74AF458: The snapshot info is null. Setting the last applied indexto:(t:0, i:~)
2019-09-19 14:21:15,943 [pool-27-thread-1] INFO  server.RaftServerConfigKeys (ConfUtils.java:logGet(43)) - raft.server.leader.election.timeout = 120s (custom)
2019-09-19 14:21:15,944 [pool-27-thread-1] INFO  server.RaftServerConfigKeys (ConfUtils.java:logGet(43)) - raft.server.log.use.memory = false (default)
2019-09-19 14:21:15,944 [pool-27-thread-1] INFO  server.RaftServerConfigKeys (ConfUtils.java:logGet(43)) - raft.server.log.purge.gap = 1000000 (custom)
2019-09-19 14:21:15,944 [pool-27-thread-1] INFO  server.RaftServerConfigKeys (ConfUtils.java:logGet(43)) - raft.server.log.appender.buffer.byte-limit = 33554432 (custom)
2019-09-19 14:21:15,944 [pool-27-thread-1] INFO  server.RaftServerConfigKeys (ConfUtils.java:logGet(43)) - raft.server.log.segment.size.max = 1048576 (custom)
2019-09-19 14:21:15,944 [pool-27-thread-1] INFO  server.RaftServerConfigKeys (ConfUtils.java:logGet(43)) - raft.server.log.segment.cache.num.max = 2 (custom)
2019-09-19 14:21:15,945 [pool-27-thread-1] INFO  segmented.SegmentedRaftLogWorker (SegmentedRaftLogWorker.java:<init>(172)) - new 85c6a9f3-b9a5-43a5-ac4f-9aa7bd5f2263-SegmentedRaftLogWorker:Storage Directory /workdir/hadoop-ozone/integration-test/target/test-dir/MiniOzoneClusterImpl-210d6028-2152-4683-81ff-347b0d29bb13/datanode-0/data/ratis/f96bd18a-5f7f-453b-bd23-98f0c74af458 for RaftStorage:Storage Directory /workdir/hadoop-ozone/integration-test/target/test-dir/MiniOzoneClusterImpl-210d6028-2152-4683-81ff-347b0d29bb13/datanode-0/data/ratis/f96bd18a-5f7f-453b-bd23-98f0c74af458
2019-09-19 14:21:15,945 [pool-27-thread-1] INFO  server.RaftServerConfigKeys (ConfUtils.java:logGet(43)) - raft.server.log.queue.byte-limit = 2147483647 (custom)
2019-09-19 14:21:15,945 [pool-27-thread-1] INFO  server.RaftServerConfigKeys (ConfUtils.java:logGet(43)) - raft.server.log.queue.element-limit = 1024 (custom)
2019-09-19 14:21:15,945 [pool-27-thread-1] INFO  server.RaftServerConfigKeys (ConfUtils.java:logGet(43)) - raft.server.log.segment.size.max = 1048576 (custom)
2019-09-19 14:21:15,945 [pool-27-thread-1] INFO  server.RaftServerConfigKeys (ConfUtils.java:logGet(43)) - raft.server.log.preallocated.size = 16384 (custom)
2019-09-19 14:21:15,946 [pool-27-thread-1] INFO  server.RaftServerConfigKeys (ConfUtils.java:logGet(43)) - raft.server.log.write.buffer.size = 33554432 (custom)
2019-09-19 14:21:15,946 [pool-27-thread-1] INFO  server.RaftServerConfigKeys (ConfUtils.java:logGet(43)) - raft.server.log.force.sync.num = 128 (default)
2019-09-19 14:21:15,946 [pool-27-thread-1] INFO  server.RaftServerConfigKeys (ConfUtils.java:logGet(43)) - raft.server.log.statemachine.data.sync = true (default)
2019-09-19 14:21:15,946 [pool-27-thread-1] INFO  server.RaftServerConfigKeys (ConfUtils.java:logGet(43)) - raft.server.log.statemachine.data.sync.timeout = 10s (default)
2019-09-19 14:21:15,946 [pool-27-thread-1] INFO  server.RaftServerConfigKeys (ConfUtils.java:logGet(43)) - raft.server.log.statemachine.data.sync.timeout.retry = -1 (default)
2019-09-19 14:21:15,947 [pool-27-thread-1] INFO  server.RaftServerConfigKeys (ConfUtils.java:logGet(43)) - raft.server.log.statemachine.data.caching.enabled = true (custom)
2019-09-19 14:21:15,947 [pool-27-thread-1] INFO  segmented.SegmentedRaftLogWorker (SegmentedRaftLogWorker.java:lambda$new$0(132)) - 85c6a9f3-b9a5-43a5-ac4f-9aa7bd5f2263-SegmentedRaftLogWorker:Storage Directory /workdir/hadoop-ozone/integration-test/target/test-dir/MiniOzoneClusterImpl-210d6028-2152-4683-81ff-347b0d29bb13/datanode-0/data/ratis/f96bd18a-5f7f-453b-bd23-98f0c74af458: flushIndex: setUnconditionally 0 -> -1
2019-09-19 14:21:15,947 [pool-27-thread-1] INFO  server.RaftServerConfigKeys (ConfUtils.java:logGet(43)) - raft.server.snapshot.auto.trigger.enabled = true (custom)
2019-09-19 14:21:15,948 [pool-27-thread-1] INFO  server.RaftServerConfigKeys (ConfUtils.java:logGet(43)) - raft.server.snapshot.auto.trigger.threshold = 10000 (custom)
2019-09-19 14:21:15,948 [pool-27-thread-1] INFO  server.RaftServerConfigKeys (ConfUtils.java:logGet(43)) - raft.server.retrycache.expirytime = 600000ms (custom)
2019-09-19 14:21:15,948 [pool-27-thread-1] INFO  impl.RaftServerImpl (RaftServerImpl.java:start(180)) - 85c6a9f3-b9a5-43a5-ac4f-9aa7bd5f2263: start group-98F0C74AF458
2019-09-19 14:21:15,948 [pool-27-thread-1] INFO  impl.RaftServerImpl (RaftServerImpl.java:setRole(171)) - 85c6a9f3-b9a5-43a5-ac4f-9aa7bd5f2263:group-98F0C74AF458 changes role from null to FOLLOWER at term 0 for startAsFollower
2019-09-19 14:21:15,949 [pool-27-thread-1] INFO  impl.RoleInfo (RoleInfo.java:updateAndGet(143)) - 85c6a9f3-b9a5-43a5-ac4f-9aa7bd5f2263: start FollowerState
2019-09-19 14:21:15,949 [pool-27-thread-1] INFO  util.JmxRegister (JmxRegister.java:tryRegister(44)) - Successfully registered JMX Bean with object name Ratis:service=RaftServer,group=group-98F0C74AF458,id=85c6a9f3-b9a5-43a5-ac4f-9aa7bd5f2263
2019-09-19 14:21:15,954 [RatisPipelineUtilsThread] INFO  pipeline.PipelineStateManager (PipelineStateManager.java:addPipeline(56)) - Created pipeline Pipeline[ Id: f96bd18a-5f7f-453b-bd23-98f0c74af458, Nodes: 85c6a9f3-b9a5-43a5-ac4f-9aa7bd5f2263{ip: 192.168.157.226, host: pr-hdds-1569-swxfz-3172132826, networkLocation: /default-rack, certSerialId: null}, Type:RATIS, Factor:ONE, State:OPEN]
2019-09-19 14:21:15,967 [grpc-default-executor-1] INFO  impl.RaftServerProxy (RaftServerProxy.java:addNew(89)) - 85c6a9f3-b9a5-43a5-ac4f-9aa7bd5f2263: addNew group-A0B5FA60C713:[85c6a9f3-b9a5-43a5-ac4f-9aa7bd5f2263:192.168.157.226:45170] returns group-A0B5FA60C713:java.util.concurrent.CompletableFuture@4b966e52[Not completed]
2019-09-19 14:21:15,969 [pool-27-thread-1] INFO  impl.RaftServerImpl (RaftServerImpl.java:<init>(93)) - 85c6a9f3-b9a5-43a5-ac4f-9aa7bd5f2263: new RaftServerImpl for group-A0B5FA60C713:[85c6a9f3-b9a5-43a5-ac4f-9aa7bd5f2263:192.168.157.226:45170] with ContainerStateMachine:uninitialized
2019-09-19 14:21:15,969 [pool-27-thread-1] INFO  server.RaftServerConfigKeys (ConfUtils.java:logGet(43)) - raft.server.rpc.timeout.min = 5s (custom)
2019-09-19 14:21:15,969 [pool-27-thread-1] INFO  server.RaftServerConfigKeys (ConfUtils.java:logGet(43)) - raft.server.rpc.timeout.max = 5200ms (custom)
2019-09-19 14:21:15,969 [pool-27-thread-1] INFO  server.RaftServerConfigKeys (ConfUtils.java:logGet(43)) - raft.server.rpcslowness.timeout = 120s (custom)
2019-09-19 14:21:15,969 [pool-27-thread-1] INFO  server.RaftServerConfigKeys (ConfUtils.java:logGet(43)) - raft.server.sleep.deviation.threshold = 300 (default)
2019-09-19 14:21:15,969 [pool-27-thread-1] INFO  server.RaftServerConfigKeys (ConfUtils.java:logGet(43)) - raft.server.log.appender.install.snapshot.enabled = false (custom)
2019-09-19 14:21:15,970 [pool-27-thread-1] INFO  impl.RaftServerImpl (ServerState.java:<init>(105)) - 85c6a9f3-b9a5-43a5-ac4f-9aa7bd5f2263:group-A0B5FA60C713 ConfigurationManager, init=-1: [85c6a9f3-b9a5-43a5-ac4f-9aa7bd5f2263:192.168.157.226:45170], old=null, confs=<EMPTY_MAP>
2019-09-19 14:21:15,970 [pool-27-thread-1] INFO  server.RaftServerConfigKeys (ConfUtils.java:logGet(43)) - raft.server.storage.dir = [/workdir/hadoop-ozone/integration-test/target/test-dir/MiniOzoneClusterImpl-210d6028-2152-4683-81ff-347b0d29bb13/datanode-0/data/ratis] (custom)
2019-09-19 14:21:15,970 [pool-27-thread-1] INFO  storage.RaftStorageDirectory (RaftStorageDirectory.java:analyzeStorage(246)) - The storage directory /workdir/hadoop-ozone/integration-test/target/test-dir/MiniOzoneClusterImpl-210d6028-2152-4683-81ff-347b0d29bb13/datanode-0/data/ratis/5b6c07a3-3314-444b-9b6e-a0b5fa60c713 does not exist. Creating ...
2019-09-19 14:21:16,001 [pool-27-thread-1] INFO  storage.RaftStorageDirectory (RaftStorageDirectory.java:tryLock(328)) - Lock on /workdir/hadoop-ozone/integration-test/target/test-dir/MiniOzoneClusterImpl-210d6028-2152-4683-81ff-347b0d29bb13/datanode-0/data/ratis/5b6c07a3-3314-444b-9b6e-a0b5fa60c713/in_use.lock acquired by nodename 16198@pr-hdds-1569-swxfz-3172132826
2019-09-19 14:21:16,015 [pool-27-thread-1] INFO  storage.RaftStorage (RaftStorage.java:format(72)) - Storage directory /workdir/hadoop-ozone/integration-test/target/test-dir/MiniOzoneClusterImpl-210d6028-2152-4683-81ff-347b0d29bb13/datanode-0/data/ratis/5b6c07a3-3314-444b-9b6e-a0b5fa60c713 has been successfully formatted.
2019-09-19 14:21:16,016 [pool-27-thread-1] INFO  ratis.ContainerStateMachine (ContainerStateMachine.java:loadSnapshot(226)) - group-A0B5FA60C713: The snapshot info is null. Setting the last applied indexto:(t:0, i:~)
2019-09-19 14:21:16,016 [pool-27-thread-1] INFO  server.RaftServerConfigKeys (ConfUtils.java:logGet(43)) - raft.server.leader.election.timeout = 120s (custom)
2019-09-19 14:21:16,016 [pool-27-thread-1] INFO  server.RaftServerConfigKeys (ConfUtils.java:logGet(43)) - raft.server.log.use.memory = false (default)
2019-09-19 14:21:16,016 [pool-27-thread-1] INFO  server.RaftServerConfigKeys (ConfUtils.java:logGet(43)) - raft.server.log.purge.gap = 1000000 (custom)
2019-09-19 14:21:16,016 [pool-27-thread-1] INFO  server.RaftServerConfigKeys (ConfUtils.java:logGet(43)) - raft.server.log.appender.buffer.byte-limit = 33554432 (custom)
2019-09-19 14:21:16,017 [pool-27-thread-1] INFO  server.RaftServerConfigKeys (ConfUtils.java:logGet(43)) - raft.server.log.segment.size.max = 1048576 (custom)
2019-09-19 14:21:16,017 [pool-27-thread-1] INFO  server.RaftServerConfigKeys (ConfUtils.java:logGet(43)) - raft.server.log.segment.cache.num.max = 2 (custom)
2019-09-19 14:21:16,017 [pool-27-thread-1] INFO  segmented.SegmentedRaftLogWorker (SegmentedRaftLogWorker.java:<init>(172)) - new 85c6a9f3-b9a5-43a5-ac4f-9aa7bd5f2263-SegmentedRaftLogWorker:Storage Directory /workdir/hadoop-ozone/integration-test/target/test-dir/MiniOzoneClusterImpl-210d6028-2152-4683-81ff-347b0d29bb13/datanode-0/data/ratis/5b6c07a3-3314-444b-9b6e-a0b5fa60c713 for RaftStorage:Storage Directory /workdir/hadoop-ozone/integration-test/target/test-dir/MiniOzoneClusterImpl-210d6028-2152-4683-81ff-347b0d29bb13/datanode-0/data/ratis/5b6c07a3-3314-444b-9b6e-a0b5fa60c713
2019-09-19 14:21:16,017 [pool-27-thread-1] INFO  server.RaftServerConfigKeys (ConfUtils.java:logGet(43)) - raft.server.log.queue.byte-limit = 2147483647 (custom)
2019-09-19 14:21:16,017 [pool-27-thread-1] INFO  server.RaftServerConfigKeys (ConfUtils.java:logGet(43)) - raft.server.log.queue.element-limit = 1024 (custom)
2019-09-19 14:21:16,018 [pool-27-thread-1] INFO  server.RaftServerConfigKeys (ConfUtils.java:logGet(43)) - raft.server.log.segment.size.max = 1048576 (custom)
2019-09-19 14:21:16,018 [pool-27-thread-1] INFO  server.RaftServerConfigKeys (ConfUtils.java:logGet(43)) - raft.server.log.preallocated.size = 16384 (custom)
2019-09-19 14:21:16,018 [pool-27-thread-1] INFO  server.RaftServerConfigKeys (ConfUtils.java:logGet(43)) - raft.server.log.write.buffer.size = 33554432 (custom)
2019-09-19 14:21:16,018 [pool-27-thread-1] INFO  server.RaftServerConfigKeys (ConfUtils.java:logGet(43)) - raft.server.log.force.sync.num = 128 (default)
2019-09-19 14:21:16,018 [pool-27-thread-1] INFO  server.RaftServerConfigKeys (ConfUtils.java:logGet(43)) - raft.server.log.statemachine.data.sync = true (default)
2019-09-19 14:21:16,018 [pool-27-thread-1] INFO  server.RaftServerConfigKeys (ConfUtils.java:logGet(43)) - raft.server.log.statemachine.data.sync.timeout = 10s (default)
2019-09-19 14:21:16,019 [pool-27-thread-1] INFO  server.RaftServerConfigKeys (ConfUtils.java:logGet(43)) - raft.server.log.statemachine.data.sync.timeout.retry = -1 (default)
2019-09-19 14:21:16,019 [pool-27-thread-1] INFO  server.RaftServerConfigKeys (ConfUtils.java:logGet(43)) - raft.server.log.statemachine.data.caching.enabled = true (custom)
2019-09-19 14:21:16,019 [pool-27-thread-1] INFO  segmented.SegmentedRaftLogWorker (SegmentedRaftLogWorker.java:lambda$new$0(132)) - 85c6a9f3-b9a5-43a5-ac4f-9aa7bd5f2263-SegmentedRaftLogWorker:Storage Directory /workdir/hadoop-ozone/integration-test/target/test-dir/MiniOzoneClusterImpl-210d6028-2152-4683-81ff-347b0d29bb13/datanode-0/data/ratis/5b6c07a3-3314-444b-9b6e-a0b5fa60c713: flushIndex: setUnconditionally 0 -> -1
2019-09-19 14:21:16,020 [pool-27-thread-1] INFO  server.RaftServerConfigKeys (ConfUtils.java:logGet(43)) - raft.server.snapshot.auto.trigger.enabled = true (custom)
2019-09-19 14:21:16,020 [pool-27-thread-1] INFO  server.RaftServerConfigKeys (ConfUtils.java:logGet(43)) - raft.server.snapshot.auto.trigger.threshold = 10000 (custom)
2019-09-19 14:21:16,020 [pool-27-thread-1] INFO  server.RaftServerConfigKeys (ConfUtils.java:logGet(43)) - raft.server.retrycache.expirytime = 600000ms (custom)
2019-09-19 14:21:16,020 [pool-27-thread-1] INFO  impl.RaftServerImpl (RaftServerImpl.java:start(180)) - 85c6a9f3-b9a5-43a5-ac4f-9aa7bd5f2263: start group-A0B5FA60C713
2019-09-19 14:21:16,020 [pool-27-thread-1] INFO  impl.RaftServerImpl (RaftServerImpl.java:setRole(171)) - 85c6a9f3-b9a5-43a5-ac4f-9aa7bd5f2263:group-A0B5FA60C713 changes role from null to FOLLOWER at term 0 for startAsFollower
2019-09-19 14:21:16,021 [pool-27-thread-1] INFO  impl.RoleInfo (RoleInfo.java:updateAndGet(143)) - 85c6a9f3-b9a5-43a5-ac4f-9aa7bd5f2263: start FollowerState
2019-09-19 14:21:16,021 [pool-27-thread-1] INFO  util.JmxRegister (JmxRegister.java:tryRegister(44)) - Successfully registered JMX Bean with object name Ratis:service=RaftServer,group=group-A0B5FA60C713,id=85c6a9f3-b9a5-43a5-ac4f-9aa7bd5f2263
2019-09-19 14:21:16,026 [RatisPipelineUtilsThread] INFO  pipeline.PipelineStateManager (PipelineStateManager.java:addPipeline(56)) - Created pipeline Pipeline[ Id: 5b6c07a3-3314-444b-9b6e-a0b5fa60c713, Nodes: 85c6a9f3-b9a5-43a5-ac4f-9aa7bd5f2263{ip: 192.168.157.226, host: pr-hdds-1569-swxfz-3172132826, networkLocation: /default-rack, certSerialId: null}, Type:RATIS, Factor:ONE, State:OPEN]
2019-09-19 14:21:16,040 [grpc-default-executor-1] INFO  impl.RaftServerProxy (RaftServerProxy.java:addNew(89)) - 1190b9a7-12b1-4c15-b33e-f7d0a0cd436c: addNew group-3207FA89EC2E:[1190b9a7-12b1-4c15-b33e-f7d0a0cd436c:192.168.157.226:34463] returns group-3207FA89EC2E:java.util.concurrent.CompletableFuture@4c22f93c[Not completed]
2019-09-19 14:21:16,045 [pool-71-thread-1] INFO  impl.RaftServerImpl (RaftServerImpl.java:<init>(93)) - 1190b9a7-12b1-4c15-b33e-f7d0a0cd436c: new RaftServerImpl for group-3207FA89EC2E:[1190b9a7-12b1-4c15-b33e-f7d0a0cd436c:192.168.157.226:34463] with ContainerStateMachine:uninitialized
2019-09-19 14:21:16,045 [pool-71-thread-1] INFO  server.RaftServerConfigKeys (ConfUtils.java:logGet(43)) - raft.server.rpc.timeout.min = 5s (custom)
2019-09-19 14:21:16,045 [pool-71-thread-1] INFO  server.RaftServerConfigKeys (ConfUtils.java:logGet(43)) - raft.server.rpc.timeout.max = 5200ms (custom)
2019-09-19 14:21:16,045 [pool-71-thread-1] INFO  server.RaftServerConfigKeys (ConfUtils.java:logGet(43)) - raft.server.rpcslowness.timeout = 120s (custom)
2019-09-19 14:21:16,045 [pool-71-thread-1] INFO  server.RaftServerConfigKeys (ConfUtils.java:logGet(43)) - raft.server.sleep.deviation.threshold = 300 (default)
2019-09-19 14:21:16,046 [pool-71-thread-1] INFO  server.RaftServerConfigKeys (ConfUtils.java:logGet(43)) - raft.server.log.appender.install.snapshot.enabled = false (custom)
2019-09-19 14:21:16,046 [pool-71-thread-1] INFO  impl.RaftServerImpl (ServerState.java:<init>(105)) - 1190b9a7-12b1-4c15-b33e-f7d0a0cd436c:group-3207FA89EC2E ConfigurationManager, init=-1: [1190b9a7-12b1-4c15-b33e-f7d0a0cd436c:192.168.157.226:34463], old=null, confs=<EMPTY_MAP>
2019-09-19 14:21:16,046 [pool-71-thread-1] INFO  server.RaftServerConfigKeys (ConfUtils.java:logGet(43)) - raft.server.storage.dir = [/workdir/hadoop-ozone/integration-test/target/test-dir/MiniOzoneClusterImpl-210d6028-2152-4683-81ff-347b0d29bb13/datanode-4/data/ratis] (custom)
2019-09-19 14:21:16,046 [pool-71-thread-1] INFO  storage.RaftStorageDirectory (RaftStorageDirectory.java:analyzeStorage(246)) - The storage directory /workdir/hadoop-ozone/integration-test/target/test-dir/MiniOzoneClusterImpl-210d6028-2152-4683-81ff-347b0d29bb13/datanode-4/data/ratis/42e78a98-cb22-4f9a-a37d-3207fa89ec2e does not exist. Creating ...
2019-09-19 14:21:16,060 [pool-71-thread-1] INFO  storage.RaftStorageDirectory (RaftStorageDirectory.java:tryLock(328)) - Lock on /workdir/hadoop-ozone/integration-test/target/test-dir/MiniOzoneClusterImpl-210d6028-2152-4683-81ff-347b0d29bb13/datanode-4/data/ratis/42e78a98-cb22-4f9a-a37d-3207fa89ec2e/in_use.lock acquired by nodename 16198@pr-hdds-1569-swxfz-3172132826
2019-09-19 14:21:16,073 [pool-71-thread-1] INFO  storage.RaftStorage (RaftStorage.java:format(72)) - Storage directory /workdir/hadoop-ozone/integration-test/target/test-dir/MiniOzoneClusterImpl-210d6028-2152-4683-81ff-347b0d29bb13/datanode-4/data/ratis/42e78a98-cb22-4f9a-a37d-3207fa89ec2e has been successfully formatted.
2019-09-19 14:21:16,073 [pool-71-thread-1] INFO  ratis.ContainerStateMachine (ContainerStateMachine.java:loadSnapshot(226)) - group-3207FA89EC2E: The snapshot info is null. Setting the last applied indexto:(t:0, i:~)
2019-09-19 14:21:16,073 [pool-71-thread-1] INFO  server.RaftServerConfigKeys (ConfUtils.java:logGet(43)) - raft.server.leader.election.timeout = 120s (custom)
2019-09-19 14:21:16,073 [pool-71-thread-1] INFO  server.RaftServerConfigKeys (ConfUtils.java:logGet(43)) - raft.server.log.use.memory = false (default)
2019-09-19 14:21:16,074 [pool-71-thread-1] INFO  server.RaftServerConfigKeys (ConfUtils.java:logGet(43)) - raft.server.log.purge.gap = 1000000 (custom)
2019-09-19 14:21:16,074 [pool-71-thread-1] INFO  server.RaftServerConfigKeys (ConfUtils.java:logGet(43)) - raft.server.log.appender.buffer.byte-limit = 33554432 (custom)
2019-09-19 14:21:16,074 [pool-71-thread-1] INFO  server.RaftServerConfigKeys (ConfUtils.java:logGet(43)) - raft.server.log.segment.size.max = 1048576 (custom)
2019-09-19 14:21:16,074 [pool-71-thread-1] INFO  server.RaftServerConfigKeys (ConfUtils.java:logGet(43)) - raft.server.log.segment.cache.num.max = 2 (custom)
2019-09-19 14:21:16,074 [pool-71-thread-1] INFO  segmented.SegmentedRaftLogWorker (SegmentedRaftLogWorker.java:<init>(172)) - new 1190b9a7-12b1-4c15-b33e-f7d0a0cd436c-SegmentedRaftLogWorker:Storage Directory /workdir/hadoop-ozone/integration-test/target/test-dir/MiniOzoneClusterImpl-210d6028-2152-4683-81ff-347b0d29bb13/datanode-4/data/ratis/42e78a98-cb22-4f9a-a37d-3207fa89ec2e for RaftStorage:Storage Directory /workdir/hadoop-ozone/integration-test/target/test-dir/MiniOzoneClusterImpl-210d6028-2152-4683-81ff-347b0d29bb13/datanode-4/data/ratis/42e78a98-cb22-4f9a-a37d-3207fa89ec2e
2019-09-19 14:21:16,075 [pool-71-thread-1] INFO  server.RaftServerConfigKeys (ConfUtils.java:logGet(43)) - raft.server.log.queue.byte-limit = 2147483647 (custom)
2019-09-19 14:21:16,075 [pool-71-thread-1] INFO  server.RaftServerConfigKeys (ConfUtils.java:logGet(43)) - raft.server.log.queue.element-limit = 1024 (custom)
2019-09-19 14:21:16,075 [pool-71-thread-1] INFO  server.RaftServerConfigKeys (ConfUtils.java:logGet(43)) - raft.server.log.segment.size.max = 1048576 (custom)
2019-09-19 14:21:16,075 [pool-71-thread-1] INFO  server.RaftServerConfigKeys (ConfUtils.java:logGet(43)) - raft.server.log.preallocated.size = 16384 (custom)
2019-09-19 14:21:16,075 [pool-71-thread-1] INFO  server.RaftServerConfigKeys (ConfUtils.java:logGet(43)) - raft.server.log.write.buffer.size = 33554432 (custom)
2019-09-19 14:21:16,076 [pool-71-thread-1] INFO  server.RaftServerConfigKeys (ConfUtils.java:logGet(43)) - raft.server.log.force.sync.num = 128 (default)
2019-09-19 14:21:16,076 [pool-71-thread-1] INFO  server.RaftServerConfigKeys (ConfUtils.java:logGet(43)) - raft.server.log.statemachine.data.sync = true (default)
2019-09-19 14:21:16,076 [pool-71-thread-1] INFO  server.RaftServerConfigKeys (ConfUtils.java:logGet(43)) - raft.server.log.statemachine.data.sync.timeout = 10s (default)
2019-09-19 14:21:16,076 [pool-71-thread-1] INFO  server.RaftServerConfigKeys (ConfUtils.java:logGet(43)) - raft.server.log.statemachine.data.sync.timeout.retry = -1 (default)
2019-09-19 14:21:16,076 [pool-71-thread-1] INFO  server.RaftServerConfigKeys (ConfUtils.java:logGet(43)) - raft.server.log.statemachine.data.caching.enabled = true (custom)
2019-09-19 14:21:16,077 [pool-71-thread-1] INFO  segmented.SegmentedRaftLogWorker (SegmentedRaftLogWorker.java:lambda$new$0(132)) - 1190b9a7-12b1-4c15-b33e-f7d0a0cd436c-SegmentedRaftLogWorker:Storage Directory /workdir/hadoop-ozone/integration-test/target/test-dir/MiniOzoneClusterImpl-210d6028-2152-4683-81ff-347b0d29bb13/datanode-4/data/ratis/42e78a98-cb22-4f9a-a37d-3207fa89ec2e: flushIndex: setUnconditionally 0 -> -1
2019-09-19 14:21:16,077 [pool-71-thread-1] INFO  server.RaftServerConfigKeys (ConfUtils.java:logGet(43)) - raft.server.snapshot.auto.trigger.enabled = true (custom)
2019-09-19 14:21:16,077 [pool-71-thread-1] INFO  server.RaftServerConfigKeys (ConfUtils.java:logGet(43)) - raft.server.snapshot.auto.trigger.threshold = 10000 (custom)
2019-09-19 14:21:16,077 [pool-71-thread-1] INFO  server.RaftServerConfigKeys (ConfUtils.java:logGet(43)) - raft.server.retrycache.expirytime = 600000ms (custom)
2019-09-19 14:21:16,078 [pool-71-thread-1] INFO  impl.RaftServerImpl (RaftServerImpl.java:start(180)) - 1190b9a7-12b1-4c15-b33e-f7d0a0cd436c: start group-3207FA89EC2E
2019-09-19 14:21:16,078 [pool-71-thread-1] INFO  impl.RaftServerImpl (RaftServerImpl.java:setRole(171)) - 1190b9a7-12b1-4c15-b33e-f7d0a0cd436c:group-3207FA89EC2E changes role from null to FOLLOWER at term 0 for startAsFollower
2019-09-19 14:21:16,078 [pool-71-thread-1] INFO  impl.RoleInfo (RoleInfo.java:updateAndGet(143)) - 1190b9a7-12b1-4c15-b33e-f7d0a0cd436c: start FollowerState
2019-09-19 14:21:16,078 [pool-71-thread-1] INFO  util.JmxRegister (JmxRegister.java:tryRegister(44)) - Successfully registered JMX Bean with object name Ratis:service=RaftServer,group=group-3207FA89EC2E,id=1190b9a7-12b1-4c15-b33e-f7d0a0cd436c
2019-09-19 14:21:16,084 [RatisPipelineUtilsThread] INFO  pipeline.PipelineStateManager (PipelineStateManager.java:addPipeline(56)) - Created pipeline Pipeline[ Id: 42e78a98-cb22-4f9a-a37d-3207fa89ec2e, Nodes: 1190b9a7-12b1-4c15-b33e-f7d0a0cd436c{ip: 192.168.157.226, host: pr-hdds-1569-swxfz-3172132826, networkLocation: /default-rack, certSerialId: null}, Type:RATIS, Factor:ONE, State:OPEN]
2019-09-19 14:21:16,096 [grpc-default-executor-1] INFO  impl.RaftServerProxy (RaftServerProxy.java:addNew(89)) - 1190b9a7-12b1-4c15-b33e-f7d0a0cd436c: addNew group-766EF938012F:[1190b9a7-12b1-4c15-b33e-f7d0a0cd436c:192.168.157.226:34463] returns group-766EF938012F:java.util.concurrent.CompletableFuture@12d8ce2d[Not completed]
2019-09-19 14:21:16,097 [pool-71-thread-1] INFO  impl.RaftServerImpl (RaftServerImpl.java:<init>(93)) - 1190b9a7-12b1-4c15-b33e-f7d0a0cd436c: new RaftServerImpl for group-766EF938012F:[1190b9a7-12b1-4c15-b33e-f7d0a0cd436c:192.168.157.226:34463] with ContainerStateMachine:uninitialized
2019-09-19 14:21:16,097 [pool-71-thread-1] INFO  server.RaftServerConfigKeys (ConfUtils.java:logGet(43)) - raft.server.rpc.timeout.min = 5s (custom)
2019-09-19 14:21:16,098 [pool-71-thread-1] INFO  server.RaftServerConfigKeys (ConfUtils.java:logGet(43)) - raft.server.rpc.timeout.max = 5200ms (custom)
2019-09-19 14:21:16,098 [pool-71-thread-1] INFO  server.RaftServerConfigKeys (ConfUtils.java:logGet(43)) - raft.server.rpcslowness.timeout = 120s (custom)
2019-09-19 14:21:16,098 [pool-71-thread-1] INFO  server.RaftServerConfigKeys (ConfUtils.java:logGet(43)) - raft.server.sleep.deviation.threshold = 300 (default)
2019-09-19 14:21:16,098 [pool-71-thread-1] INFO  server.RaftServerConfigKeys (ConfUtils.java:logGet(43)) - raft.server.log.appender.install.snapshot.enabled = false (custom)
2019-09-19 14:21:16,098 [pool-71-thread-1] INFO  impl.RaftServerImpl (ServerState.java:<init>(105)) - 1190b9a7-12b1-4c15-b33e-f7d0a0cd436c:group-766EF938012F ConfigurationManager, init=-1: [1190b9a7-12b1-4c15-b33e-f7d0a0cd436c:192.168.157.226:34463], old=null, confs=<EMPTY_MAP>
2019-09-19 14:21:16,098 [pool-71-thread-1] INFO  server.RaftServerConfigKeys (ConfUtils.java:logGet(43)) - raft.server.storage.dir = [/workdir/hadoop-ozone/integration-test/target/test-dir/MiniOzoneClusterImpl-210d6028-2152-4683-81ff-347b0d29bb13/datanode-4/data/ratis] (custom)
2019-09-19 14:21:16,099 [pool-71-thread-1] INFO  storage.RaftStorageDirectory (RaftStorageDirectory.java:analyzeStorage(246)) - The storage directory /workdir/hadoop-ozone/integration-test/target/test-dir/MiniOzoneClusterImpl-210d6028-2152-4683-81ff-347b0d29bb13/datanode-4/data/ratis/57366e08-a2ba-4acb-ba0b-766ef938012f does not exist. Creating ...
2019-09-19 14:21:16,110 | INFO  | SCMAudit | user=jenkins1000 | ip=192.168.157.226 | op=SEND_HEARTBEAT {datanodeUUID=306a7a99-f2a5-4f40-b42b-2fc2def08a6a, command=[]} | ret=SUCCESS |  
2019-09-19 14:21:16,110 | INFO  | SCMAudit | user=jenkins1000 | ip=192.168.157.226 | op=SEND_HEARTBEAT {datanodeUUID=6403e584-2209-453b-b79e-eeb0a7b58516, command=[]} | ret=SUCCESS |  
2019-09-19 14:21:16,112 [pool-71-thread-1] INFO  storage.RaftStorageDirectory (RaftStorageDirectory.java:tryLock(328)) - Lock on /workdir/hadoop-ozone/integration-test/target/test-dir/MiniOzoneClusterImpl-210d6028-2152-4683-81ff-347b0d29bb13/datanode-4/data/ratis/57366e08-a2ba-4acb-ba0b-766ef938012f/in_use.lock acquired by nodename 16198@pr-hdds-1569-swxfz-3172132826
2019-09-19 14:21:16,126 [pool-71-thread-1] INFO  storage.RaftStorage (RaftStorage.java:format(72)) - Storage directory /workdir/hadoop-ozone/integration-test/target/test-dir/MiniOzoneClusterImpl-210d6028-2152-4683-81ff-347b0d29bb13/datanode-4/data/ratis/57366e08-a2ba-4acb-ba0b-766ef938012f has been successfully formatted.
2019-09-19 14:21:16,126 [pool-71-thread-1] INFO  ratis.ContainerStateMachine (ContainerStateMachine.java:loadSnapshot(226)) - group-766EF938012F: The snapshot info is null. Setting the last applied indexto:(t:0, i:~)
2019-09-19 14:21:16,126 [pool-71-thread-1] INFO  server.RaftServerConfigKeys (ConfUtils.java:logGet(43)) - raft.server.leader.election.timeout = 120s (custom)
2019-09-19 14:21:16,126 [pool-71-thread-1] INFO  server.RaftServerConfigKeys (ConfUtils.java:logGet(43)) - raft.server.log.use.memory = false (default)
2019-09-19 14:21:16,127 [pool-71-thread-1] INFO  server.RaftServerConfigKeys (ConfUtils.java:logGet(43)) - raft.server.log.purge.gap = 1000000 (custom)
2019-09-19 14:21:16,127 [pool-71-thread-1] INFO  server.RaftServerConfigKeys (ConfUtils.java:logGet(43)) - raft.server.log.appender.buffer.byte-limit = 33554432 (custom)
2019-09-19 14:21:16,127 [pool-71-thread-1] INFO  server.RaftServerConfigKeys (ConfUtils.java:logGet(43)) - raft.server.log.segment.size.max = 1048576 (custom)
2019-09-19 14:21:16,127 [pool-71-thread-1] INFO  server.RaftServerConfigKeys (ConfUtils.java:logGet(43)) - raft.server.log.segment.cache.num.max = 2 (custom)
2019-09-19 14:21:16,127 [pool-71-thread-1] INFO  segmented.SegmentedRaftLogWorker (SegmentedRaftLogWorker.java:<init>(172)) - new 1190b9a7-12b1-4c15-b33e-f7d0a0cd436c-SegmentedRaftLogWorker:Storage Directory /workdir/hadoop-ozone/integration-test/target/test-dir/MiniOzoneClusterImpl-210d6028-2152-4683-81ff-347b0d29bb13/datanode-4/data/ratis/57366e08-a2ba-4acb-ba0b-766ef938012f for RaftStorage:Storage Directory /workdir/hadoop-ozone/integration-test/target/test-dir/MiniOzoneClusterImpl-210d6028-2152-4683-81ff-347b0d29bb13/datanode-4/data/ratis/57366e08-a2ba-4acb-ba0b-766ef938012f
2019-09-19 14:21:16,127 [pool-71-thread-1] INFO  server.RaftServerConfigKeys (ConfUtils.java:logGet(43)) - raft.server.log.queue.byte-limit = 2147483647 (custom)
2019-09-19 14:21:16,128 [pool-71-thread-1] INFO  server.RaftServerConfigKeys (ConfUtils.java:logGet(43)) - raft.server.log.queue.element-limit = 1024 (custom)
2019-09-19 14:21:16,128 [pool-71-thread-1] INFO  server.RaftServerConfigKeys (ConfUtils.java:logGet(43)) - raft.server.log.segment.size.max = 1048576 (custom)
2019-09-19 14:21:16,128 [pool-71-thread-1] INFO  server.RaftServerConfigKeys (ConfUtils.java:logGet(43)) - raft.server.log.preallocated.size = 16384 (custom)
2019-09-19 14:21:16,128 [pool-71-thread-1] INFO  server.RaftServerConfigKeys (ConfUtils.java:logGet(43)) - raft.server.log.write.buffer.size = 33554432 (custom)
2019-09-19 14:21:16,128 [pool-71-thread-1] INFO  server.RaftServerConfigKeys (ConfUtils.java:logGet(43)) - raft.server.log.force.sync.num = 128 (default)
2019-09-19 14:21:16,128 [pool-71-thread-1] INFO  server.RaftServerConfigKeys (ConfUtils.java:logGet(43)) - raft.server.log.statemachine.data.sync = true (default)
2019-09-19 14:21:16,129 [pool-71-thread-1] INFO  server.RaftServerConfigKeys (ConfUtils.java:logGet(43)) - raft.server.log.statemachine.data.sync.timeout = 10s (default)
2019-09-19 14:21:16,129 [pool-71-thread-1] INFO  server.RaftServerConfigKeys (ConfUtils.java:logGet(43)) - raft.server.log.statemachine.data.sync.timeout.retry = -1 (default)
2019-09-19 14:21:16,129 [pool-71-thread-1] INFO  server.RaftServerConfigKeys (ConfUtils.java:logGet(43)) - raft.server.log.statemachine.data.caching.enabled = true (custom)
2019-09-19 14:21:16,129 [pool-71-thread-1] INFO  segmented.SegmentedRaftLogWorker (SegmentedRaftLogWorker.java:lambda$new$0(132)) - 1190b9a7-12b1-4c15-b33e-f7d0a0cd436c-SegmentedRaftLogWorker:Storage Directory /workdir/hadoop-ozone/integration-test/target/test-dir/MiniOzoneClusterImpl-210d6028-2152-4683-81ff-347b0d29bb13/datanode-4/data/ratis/57366e08-a2ba-4acb-ba0b-766ef938012f: flushIndex: setUnconditionally 0 -> -1
2019-09-19 14:21:16,130 [pool-71-thread-1] INFO  server.RaftServerConfigKeys (ConfUtils.java:logGet(43)) - raft.server.snapshot.auto.trigger.enabled = true (custom)
2019-09-19 14:21:16,130 [pool-71-thread-1] INFO  server.RaftServerConfigKeys (ConfUtils.java:logGet(43)) - raft.server.snapshot.auto.trigger.threshold = 10000 (custom)
2019-09-19 14:21:16,130 [pool-71-thread-1] INFO  server.RaftServerConfigKeys (ConfUtils.java:logGet(43)) - raft.server.retrycache.expirytime = 600000ms (custom)
2019-09-19 14:21:16,130 [pool-71-thread-1] INFO  impl.RaftServerImpl (RaftServerImpl.java:start(180)) - 1190b9a7-12b1-4c15-b33e-f7d0a0cd436c: start group-766EF938012F
2019-09-19 14:21:16,130 [pool-71-thread-1] INFO  impl.RaftServerImpl (RaftServerImpl.java:setRole(171)) - 1190b9a7-12b1-4c15-b33e-f7d0a0cd436c:group-766EF938012F changes role from null to FOLLOWER at term 0 for startAsFollower
2019-09-19 14:21:16,130 [pool-71-thread-1] INFO  impl.RoleInfo (RoleInfo.java:updateAndGet(143)) - 1190b9a7-12b1-4c15-b33e-f7d0a0cd436c: start FollowerState
2019-09-19 14:21:16,131 [pool-71-thread-1] INFO  util.JmxRegister (JmxRegister.java:tryRegister(44)) - Successfully registered JMX Bean with object name Ratis:service=RaftServer,group=group-766EF938012F,id=1190b9a7-12b1-4c15-b33e-f7d0a0cd436c
2019-09-19 14:21:16,136 [RatisPipelineUtilsThread] INFO  pipeline.PipelineStateManager (PipelineStateManager.java:addPipeline(56)) - Created pipeline Pipeline[ Id: 57366e08-a2ba-4acb-ba0b-766ef938012f, Nodes: 1190b9a7-12b1-4c15-b33e-f7d0a0cd436c{ip: 192.168.157.226, host: pr-hdds-1569-swxfz-3172132826, networkLocation: /default-rack, certSerialId: null}, Type:RATIS, Factor:ONE, State:OPEN]
2019-09-19 14:21:16,147 [grpc-default-executor-1] INFO  impl.RaftServerProxy (RaftServerProxy.java:addNew(89)) - 85c6a9f3-b9a5-43a5-ac4f-9aa7bd5f2263: addNew group-7EA8DA0DB126:[85c6a9f3-b9a5-43a5-ac4f-9aa7bd5f2263:192.168.157.226:45170] returns group-7EA8DA0DB126:java.util.concurrent.CompletableFuture@72066d1b[Not completed]
2019-09-19 14:21:16,149 [pool-27-thread-1] INFO  impl.RaftServerImpl (RaftServerImpl.java:<init>(93)) - 85c6a9f3-b9a5-43a5-ac4f-9aa7bd5f2263: new RaftServerImpl for group-7EA8DA0DB126:[85c6a9f3-b9a5-43a5-ac4f-9aa7bd5f2263:192.168.157.226:45170] with ContainerStateMachine:uninitialized
2019-09-19 14:21:16,149 [pool-27-thread-1] INFO  server.RaftServerConfigKeys (ConfUtils.java:logGet(43)) - raft.server.rpc.timeout.min = 5s (custom)
2019-09-19 14:21:16,149 [pool-27-thread-1] INFO  server.RaftServerConfigKeys (ConfUtils.java:logGet(43)) - raft.server.rpc.timeout.max = 5200ms (custom)
2019-09-19 14:21:16,150 [pool-27-thread-1] INFO  server.RaftServerConfigKeys (ConfUtils.java:logGet(43)) - raft.server.rpcslowness.timeout = 120s (custom)
2019-09-19 14:21:16,150 [pool-27-thread-1] INFO  server.RaftServerConfigKeys (ConfUtils.java:logGet(43)) - raft.server.sleep.deviation.threshold = 300 (default)
2019-09-19 14:21:16,150 [pool-27-thread-1] INFO  server.RaftServerConfigKeys (ConfUtils.java:logGet(43)) - raft.server.log.appender.install.snapshot.enabled = false (custom)
2019-09-19 14:21:16,150 [pool-27-thread-1] INFO  impl.RaftServerImpl (ServerState.java:<init>(105)) - 85c6a9f3-b9a5-43a5-ac4f-9aa7bd5f2263:group-7EA8DA0DB126 ConfigurationManager, init=-1: [85c6a9f3-b9a5-43a5-ac4f-9aa7bd5f2263:192.168.157.226:45170], old=null, confs=<EMPTY_MAP>
2019-09-19 14:21:16,150 [pool-27-thread-1] INFO  server.RaftServerConfigKeys (ConfUtils.java:logGet(43)) - raft.server.storage.dir = [/workdir/hadoop-ozone/integration-test/target/test-dir/MiniOzoneClusterImpl-210d6028-2152-4683-81ff-347b0d29bb13/datanode-0/data/ratis] (custom)
2019-09-19 14:21:16,151 [pool-27-thread-1] INFO  storage.RaftStorageDirectory (RaftStorageDirectory.java:analyzeStorage(246)) - The storage directory /workdir/hadoop-ozone/integration-test/target/test-dir/MiniOzoneClusterImpl-210d6028-2152-4683-81ff-347b0d29bb13/datanode-0/data/ratis/eaccf3dd-2cd4-4446-971b-7ea8da0db126 does not exist. Creating ...
2019-09-19 14:21:16,163 [pool-27-thread-1] INFO  storage.RaftStorageDirectory (RaftStorageDirectory.java:tryLock(328)) - Lock on /workdir/hadoop-ozone/integration-test/target/test-dir/MiniOzoneClusterImpl-210d6028-2152-4683-81ff-347b0d29bb13/datanode-0/data/ratis/eaccf3dd-2cd4-4446-971b-7ea8da0db126/in_use.lock acquired by nodename 16198@pr-hdds-1569-swxfz-3172132826
2019-09-19 14:21:16,176 [pool-27-thread-1] INFO  storage.RaftStorage (RaftStorage.java:format(72)) - Storage directory /workdir/hadoop-ozone/integration-test/target/test-dir/MiniOzoneClusterImpl-210d6028-2152-4683-81ff-347b0d29bb13/datanode-0/data/ratis/eaccf3dd-2cd4-4446-971b-7ea8da0db126 has been successfully formatted.
2019-09-19 14:21:16,177 [pool-27-thread-1] INFO  ratis.ContainerStateMachine (ContainerStateMachine.java:loadSnapshot(226)) - group-7EA8DA0DB126: The snapshot info is null. Setting the last applied indexto:(t:0, i:~)
2019-09-19 14:21:16,177 [pool-27-thread-1] INFO  server.RaftServerConfigKeys (ConfUtils.java:logGet(43)) - raft.server.leader.election.timeout = 120s (custom)
2019-09-19 14:21:16,177 [pool-27-thread-1] INFO  server.RaftServerConfigKeys (ConfUtils.java:logGet(43)) - raft.server.log.use.memory = false (default)
2019-09-19 14:21:16,177 [pool-27-thread-1] INFO  server.RaftServerConfigKeys (ConfUtils.java:logGet(43)) - raft.server.log.purge.gap = 1000000 (custom)
2019-09-19 14:21:16,178 [pool-27-thread-1] INFO  server.RaftServerConfigKeys (ConfUtils.java:logGet(43)) - raft.server.log.appender.buffer.byte-limit = 33554432 (custom)
2019-09-19 14:21:16,178 [pool-27-thread-1] INFO  server.RaftServerConfigKeys (ConfUtils.java:logGet(43)) - raft.server.log.segment.size.max = 1048576 (custom)
2019-09-19 14:21:16,178 [pool-27-thread-1] INFO  server.RaftServerConfigKeys (ConfUtils.java:logGet(43)) - raft.server.log.segment.cache.num.max = 2 (custom)
2019-09-19 14:21:16,178 [pool-27-thread-1] INFO  segmented.SegmentedRaftLogWorker (SegmentedRaftLogWorker.java:<init>(172)) - new 85c6a9f3-b9a5-43a5-ac4f-9aa7bd5f2263-SegmentedRaftLogWorker:Storage Directory /workdir/hadoop-ozone/integration-test/target/test-dir/MiniOzoneClusterImpl-210d6028-2152-4683-81ff-347b0d29bb13/datanode-0/data/ratis/eaccf3dd-2cd4-4446-971b-7ea8da0db126 for RaftStorage:Storage Directory /workdir/hadoop-ozone/integration-test/target/test-dir/MiniOzoneClusterImpl-210d6028-2152-4683-81ff-347b0d29bb13/datanode-0/data/ratis/eaccf3dd-2cd4-4446-971b-7ea8da0db126
2019-09-19 14:21:16,178 [pool-27-thread-1] INFO  server.RaftServerConfigKeys (ConfUtils.java:logGet(43)) - raft.server.log.queue.byte-limit = 2147483647 (custom)
2019-09-19 14:21:16,179 [pool-27-thread-1] INFO  server.RaftServerConfigKeys (ConfUtils.java:logGet(43)) - raft.server.log.queue.element-limit = 1024 (custom)
2019-09-19 14:21:16,179 [pool-27-thread-1] INFO  server.RaftServerConfigKeys (ConfUtils.java:logGet(43)) - raft.server.log.segment.size.max = 1048576 (custom)
2019-09-19 14:21:16,179 [pool-27-thread-1] INFO  server.RaftServerConfigKeys (ConfUtils.java:logGet(43)) - raft.server.log.preallocated.size = 16384 (custom)
2019-09-19 14:21:16,179 [pool-27-thread-1] INFO  server.RaftServerConfigKeys (ConfUtils.java:logGet(43)) - raft.server.log.write.buffer.size = 33554432 (custom)
2019-09-19 14:21:16,179 [pool-27-thread-1] INFO  server.RaftServerConfigKeys (ConfUtils.java:logGet(43)) - raft.server.log.force.sync.num = 128 (default)
2019-09-19 14:21:16,180 [pool-27-thread-1] INFO  server.RaftServerConfigKeys (ConfUtils.java:logGet(43)) - raft.server.log.statemachine.data.sync = true (default)
2019-09-19 14:21:16,180 [pool-27-thread-1] INFO  server.RaftServerConfigKeys (ConfUtils.java:logGet(43)) - raft.server.log.statemachine.data.sync.timeout = 10s (default)
2019-09-19 14:21:16,180 [pool-27-thread-1] INFO  server.RaftServerConfigKeys (ConfUtils.java:logGet(43)) - raft.server.log.statemachine.data.sync.timeout.retry = -1 (default)
2019-09-19 14:21:16,180 [pool-27-thread-1] INFO  server.RaftServerConfigKeys (ConfUtils.java:logGet(43)) - raft.server.log.statemachine.data.caching.enabled = true (custom)
2019-09-19 14:21:16,181 [pool-27-thread-1] INFO  segmented.SegmentedRaftLogWorker (SegmentedRaftLogWorker.java:lambda$new$0(132)) - 85c6a9f3-b9a5-43a5-ac4f-9aa7bd5f2263-SegmentedRaftLogWorker:Storage Directory /workdir/hadoop-ozone/integration-test/target/test-dir/MiniOzoneClusterImpl-210d6028-2152-4683-81ff-347b0d29bb13/datanode-0/data/ratis/eaccf3dd-2cd4-4446-971b-7ea8da0db126: flushIndex: setUnconditionally 0 -> -1
2019-09-19 14:21:16,181 [pool-27-thread-1] INFO  server.RaftServerConfigKeys (ConfUtils.java:logGet(43)) - raft.server.snapshot.auto.trigger.enabled = true (custom)
2019-09-19 14:21:16,181 [pool-27-thread-1] INFO  server.RaftServerConfigKeys (ConfUtils.java:logGet(43)) - raft.server.snapshot.auto.trigger.threshold = 10000 (custom)
2019-09-19 14:21:16,181 [pool-27-thread-1] INFO  server.RaftServerConfigKeys (ConfUtils.java:logGet(43)) - raft.server.retrycache.expirytime = 600000ms (custom)
2019-09-19 14:21:16,182 [pool-27-thread-1] INFO  impl.RaftServerImpl (RaftServerImpl.java:start(180)) - 85c6a9f3-b9a5-43a5-ac4f-9aa7bd5f2263: start group-7EA8DA0DB126
2019-09-19 14:21:16,182 [pool-27-thread-1] INFO  impl.RaftServerImpl (RaftServerImpl.java:setRole(171)) - 85c6a9f3-b9a5-43a5-ac4f-9aa7bd5f2263:group-7EA8DA0DB126 changes role from null to FOLLOWER at term 0 for startAsFollower
2019-09-19 14:21:16,182 [pool-27-thread-1] INFO  impl.RoleInfo (RoleInfo.java:updateAndGet(143)) - 85c6a9f3-b9a5-43a5-ac4f-9aa7bd5f2263: start FollowerState
2019-09-19 14:21:16,182 [pool-27-thread-1] INFO  util.JmxRegister (JmxRegister.java:tryRegister(44)) - Successfully registered JMX Bean with object name Ratis:service=RaftServer,group=group-7EA8DA0DB126,id=85c6a9f3-b9a5-43a5-ac4f-9aa7bd5f2263
2019-09-19 14:21:16,188 [RatisPipelineUtilsThread] INFO  pipeline.PipelineStateManager (PipelineStateManager.java:addPipeline(56)) - Created pipeline Pipeline[ Id: eaccf3dd-2cd4-4446-971b-7ea8da0db126, Nodes: 85c6a9f3-b9a5-43a5-ac4f-9aa7bd5f2263{ip: 192.168.157.226, host: pr-hdds-1569-swxfz-3172132826, networkLocation: /default-rack, certSerialId: null}, Type:RATIS, Factor:ONE, State:OPEN]
2019-09-19 14:21:16,199 [grpc-default-executor-1] INFO  impl.RaftServerProxy (RaftServerProxy.java:addNew(89)) - 5dfaa0ea-416a-422c-a75d-43311aceb00a: addNew group-262BD164629E:[5dfaa0ea-416a-422c-a75d-43311aceb00a:192.168.157.226:45629] returns group-262BD164629E:java.util.concurrent.CompletableFuture@65d6deab[Not completed]
2019-09-19 14:21:16,201 [pool-38-thread-1] INFO  impl.RaftServerImpl (RaftServerImpl.java:<init>(93)) - 5dfaa0ea-416a-422c-a75d-43311aceb00a: new RaftServerImpl for group-262BD164629E:[5dfaa0ea-416a-422c-a75d-43311aceb00a:192.168.157.226:45629] with ContainerStateMachine:uninitialized
2019-09-19 14:21:16,201 [pool-38-thread-1] INFO  server.RaftServerConfigKeys (ConfUtils.java:logGet(43)) - raft.server.rpc.timeout.min = 5s (custom)
2019-09-19 14:21:16,201 [pool-38-thread-1] INFO  server.RaftServerConfigKeys (ConfUtils.java:logGet(43)) - raft.server.rpc.timeout.max = 5200ms (custom)
2019-09-19 14:21:16,201 [pool-38-thread-1] INFO  server.RaftServerConfigKeys (ConfUtils.java:logGet(43)) - raft.server.rpcslowness.timeout = 120s (custom)
2019-09-19 14:21:16,202 [pool-38-thread-1] INFO  server.RaftServerConfigKeys (ConfUtils.java:logGet(43)) - raft.server.sleep.deviation.threshold = 300 (default)
2019-09-19 14:21:16,202 [pool-38-thread-1] INFO  server.RaftServerConfigKeys (ConfUtils.java:logGet(43)) - raft.server.log.appender.install.snapshot.enabled = false (custom)
2019-09-19 14:21:16,202 [pool-38-thread-1] INFO  impl.RaftServerImpl (ServerState.java:<init>(105)) - 5dfaa0ea-416a-422c-a75d-43311aceb00a:group-262BD164629E ConfigurationManager, init=-1: [5dfaa0ea-416a-422c-a75d-43311aceb00a:192.168.157.226:45629], old=null, confs=<EMPTY_MAP>
2019-09-19 14:21:16,202 [pool-38-thread-1] INFO  server.RaftServerConfigKeys (ConfUtils.java:logGet(43)) - raft.server.storage.dir = [/workdir/hadoop-ozone/integration-test/target/test-dir/MiniOzoneClusterImpl-210d6028-2152-4683-81ff-347b0d29bb13/datanode-1/data/ratis] (custom)
2019-09-19 14:21:16,202 [pool-38-thread-1] INFO  storage.RaftStorageDirectory (RaftStorageDirectory.java:analyzeStorage(246)) - The storage directory /workdir/hadoop-ozone/integration-test/target/test-dir/MiniOzoneClusterImpl-210d6028-2152-4683-81ff-347b0d29bb13/datanode-1/data/ratis/38e5741f-9918-4914-9251-262bd164629e does not exist. Creating ...
2019-09-19 14:21:16,215 [pool-38-thread-1] INFO  storage.RaftStorageDirectory (RaftStorageDirectory.java:tryLock(328)) - Lock on /workdir/hadoop-ozone/integration-test/target/test-dir/MiniOzoneClusterImpl-210d6028-2152-4683-81ff-347b0d29bb13/datanode-1/data/ratis/38e5741f-9918-4914-9251-262bd164629e/in_use.lock acquired by nodename 16198@pr-hdds-1569-swxfz-3172132826
2019-09-19 14:21:16,235 [pool-38-thread-1] INFO  storage.RaftStorage (RaftStorage.java:format(72)) - Storage directory /workdir/hadoop-ozone/integration-test/target/test-dir/MiniOzoneClusterImpl-210d6028-2152-4683-81ff-347b0d29bb13/datanode-1/data/ratis/38e5741f-9918-4914-9251-262bd164629e has been successfully formatted.
2019-09-19 14:21:16,236 [pool-38-thread-1] INFO  ratis.ContainerStateMachine (ContainerStateMachine.java:loadSnapshot(226)) - group-262BD164629E: The snapshot info is null. Setting the last applied indexto:(t:0, i:~)
2019-09-19 14:21:16,236 [pool-38-thread-1] INFO  server.RaftServerConfigKeys (ConfUtils.java:logGet(43)) - raft.server.leader.election.timeout = 120s (custom)
2019-09-19 14:21:16,236 [pool-38-thread-1] INFO  server.RaftServerConfigKeys (ConfUtils.java:logGet(43)) - raft.server.log.use.memory = false (default)
2019-09-19 14:21:16,236 [pool-38-thread-1] INFO  server.RaftServerConfigKeys (ConfUtils.java:logGet(43)) - raft.server.log.purge.gap = 1000000 (custom)
2019-09-19 14:21:16,236 [pool-38-thread-1] INFO  server.RaftServerConfigKeys (ConfUtils.java:logGet(43)) - raft.server.log.appender.buffer.byte-limit = 33554432 (custom)
2019-09-19 14:21:16,236 [pool-38-thread-1] INFO  server.RaftServerConfigKeys (ConfUtils.java:logGet(43)) - raft.server.log.segment.size.max = 1048576 (custom)
2019-09-19 14:21:16,237 [pool-38-thread-1] INFO  server.RaftServerConfigKeys (ConfUtils.java:logGet(43)) - raft.server.log.segment.cache.num.max = 2 (custom)
2019-09-19 14:21:16,237 [pool-38-thread-1] INFO  segmented.SegmentedRaftLogWorker (SegmentedRaftLogWorker.java:<init>(172)) - new 5dfaa0ea-416a-422c-a75d-43311aceb00a-SegmentedRaftLogWorker:Storage Directory /workdir/hadoop-ozone/integration-test/target/test-dir/MiniOzoneClusterImpl-210d6028-2152-4683-81ff-347b0d29bb13/datanode-1/data/ratis/38e5741f-9918-4914-9251-262bd164629e for RaftStorage:Storage Directory /workdir/hadoop-ozone/integration-test/target/test-dir/MiniOzoneClusterImpl-210d6028-2152-4683-81ff-347b0d29bb13/datanode-1/data/ratis/38e5741f-9918-4914-9251-262bd164629e
2019-09-19 14:21:16,237 [pool-38-thread-1] INFO  server.RaftServerConfigKeys (ConfUtils.java:logGet(43)) - raft.server.log.queue.byte-limit = 2147483647 (custom)
2019-09-19 14:21:16,237 [pool-38-thread-1] INFO  server.RaftServerConfigKeys (ConfUtils.java:logGet(43)) - raft.server.log.queue.element-limit = 1024 (custom)
2019-09-19 14:21:16,237 [pool-38-thread-1] INFO  server.RaftServerConfigKeys (ConfUtils.java:logGet(43)) - raft.server.log.segment.size.max = 1048576 (custom)
2019-09-19 14:21:16,237 [pool-38-thread-1] INFO  server.RaftServerConfigKeys (ConfUtils.java:logGet(43)) - raft.server.log.preallocated.size = 16384 (custom)
2019-09-19 14:21:16,238 [pool-38-thread-1] INFO  server.RaftServerConfigKeys (ConfUtils.java:logGet(43)) - raft.server.log.write.buffer.size = 33554432 (custom)
2019-09-19 14:21:16,238 [pool-38-thread-1] INFO  server.RaftServerConfigKeys (ConfUtils.java:logGet(43)) - raft.server.log.force.sync.num = 128 (default)
2019-09-19 14:21:16,238 [pool-38-thread-1] INFO  server.RaftServerConfigKeys (ConfUtils.java:logGet(43)) - raft.server.log.statemachine.data.sync = true (default)
2019-09-19 14:21:16,238 [pool-38-thread-1] INFO  server.RaftServerConfigKeys (ConfUtils.java:logGet(43)) - raft.server.log.statemachine.data.sync.timeout = 10s (default)
2019-09-19 14:21:16,238 [pool-38-thread-1] INFO  server.RaftServerConfigKeys (ConfUtils.java:logGet(43)) - raft.server.log.statemachine.data.sync.timeout.retry = -1 (default)
2019-09-19 14:21:16,238 [pool-38-thread-1] INFO  server.RaftServerConfigKeys (ConfUtils.java:logGet(43)) - raft.server.log.statemachine.data.caching.enabled = true (custom)
2019-09-19 14:21:16,239 [pool-38-thread-1] INFO  segmented.SegmentedRaftLogWorker (SegmentedRaftLogWorker.java:lambda$new$0(132)) - 5dfaa0ea-416a-422c-a75d-43311aceb00a-SegmentedRaftLogWorker:Storage Directory /workdir/hadoop-ozone/integration-test/target/test-dir/MiniOzoneClusterImpl-210d6028-2152-4683-81ff-347b0d29bb13/datanode-1/data/ratis/38e5741f-9918-4914-9251-262bd164629e: flushIndex: setUnconditionally 0 -> -1
2019-09-19 14:21:16,239 [pool-38-thread-1] INFO  server.RaftServerConfigKeys (ConfUtils.java:logGet(43)) - raft.server.snapshot.auto.trigger.enabled = true (custom)
2019-09-19 14:21:16,239 [pool-38-thread-1] INFO  server.RaftServerConfigKeys (ConfUtils.java:logGet(43)) - raft.server.snapshot.auto.trigger.threshold = 10000 (custom)
2019-09-19 14:21:16,239 [pool-38-thread-1] INFO  server.RaftServerConfigKeys (ConfUtils.java:logGet(43)) - raft.server.retrycache.expirytime = 600000ms (custom)
2019-09-19 14:21:16,240 [pool-38-thread-1] INFO  impl.RaftServerImpl (RaftServerImpl.java:start(180)) - 5dfaa0ea-416a-422c-a75d-43311aceb00a: start group-262BD164629E
2019-09-19 14:21:16,240 [pool-38-thread-1] INFO  impl.RaftServerImpl (RaftServerImpl.java:setRole(171)) - 5dfaa0ea-416a-422c-a75d-43311aceb00a:group-262BD164629E changes role from null to FOLLOWER at term 0 for startAsFollower
2019-09-19 14:21:16,240 [pool-38-thread-1] INFO  impl.RoleInfo (RoleInfo.java:updateAndGet(143)) - 5dfaa0ea-416a-422c-a75d-43311aceb00a: start FollowerState
2019-09-19 14:21:16,240 [pool-38-thread-1] INFO  util.JmxRegister (JmxRegister.java:tryRegister(44)) - Successfully registered JMX Bean with object name Ratis:service=RaftServer,group=group-262BD164629E,id=5dfaa0ea-416a-422c-a75d-43311aceb00a
2019-09-19 14:21:16,245 [RatisPipelineUtilsThread] INFO  pipeline.PipelineStateManager (PipelineStateManager.java:addPipeline(56)) - Created pipeline Pipeline[ Id: 38e5741f-9918-4914-9251-262bd164629e, Nodes: 5dfaa0ea-416a-422c-a75d-43311aceb00a{ip: 192.168.157.226, host: pr-hdds-1569-swxfz-3172132826, networkLocation: /default-rack, certSerialId: null}, Type:RATIS, Factor:ONE, State:OPEN]
2019-09-19 14:21:16,253 | INFO  | SCMAudit | user=jenkins1000 | ip=192.168.157.226 | op=SEND_HEARTBEAT {datanodeUUID=1190b9a7-12b1-4c15-b33e-f7d0a0cd436c, command=[]} | ret=SUCCESS |  
2019-09-19 14:21:16,258 [grpc-default-executor-1] INFO  impl.RaftServerProxy (RaftServerProxy.java:addNew(89)) - 6403e584-2209-453b-b79e-eeb0a7b58516: addNew group-89D25254E3D5:[6403e584-2209-453b-b79e-eeb0a7b58516:192.168.157.226:35833] returns group-89D25254E3D5:java.util.concurrent.CompletableFuture@39822a78[Not completed]
2019-09-19 14:21:16,259 [pool-60-thread-1] INFO  impl.RaftServerImpl (RaftServerImpl.java:<init>(93)) - 6403e584-2209-453b-b79e-eeb0a7b58516: new RaftServerImpl for group-89D25254E3D5:[6403e584-2209-453b-b79e-eeb0a7b58516:192.168.157.226:35833] with ContainerStateMachine:uninitialized
2019-09-19 14:21:16,260 [pool-60-thread-1] INFO  server.RaftServerConfigKeys (ConfUtils.java:logGet(43)) - raft.server.rpc.timeout.min = 5s (custom)
2019-09-19 14:21:16,260 [pool-60-thread-1] INFO  server.RaftServerConfigKeys (ConfUtils.java:logGet(43)) - raft.server.rpc.timeout.max = 5200ms (custom)
2019-09-19 14:21:16,260 [pool-60-thread-1] INFO  server.RaftServerConfigKeys (ConfUtils.java:logGet(43)) - raft.server.rpcslowness.timeout = 120s (custom)
2019-09-19 14:21:16,260 [pool-60-thread-1] INFO  server.RaftServerConfigKeys (ConfUtils.java:logGet(43)) - raft.server.sleep.deviation.threshold = 300 (default)
2019-09-19 14:21:16,260 [pool-60-thread-1] INFO  server.RaftServerConfigKeys (ConfUtils.java:logGet(43)) - raft.server.log.appender.install.snapshot.enabled = false (custom)
2019-09-19 14:21:16,262 [pool-60-thread-1] INFO  impl.RaftServerImpl (ServerState.java:<init>(105)) - 6403e584-2209-453b-b79e-eeb0a7b58516:group-89D25254E3D5 ConfigurationManager, init=-1: [6403e584-2209-453b-b79e-eeb0a7b58516:192.168.157.226:35833], old=null, confs=<EMPTY_MAP>
2019-09-19 14:21:16,262 [pool-60-thread-1] INFO  server.RaftServerConfigKeys (ConfUtils.java:logGet(43)) - raft.server.storage.dir = [/workdir/hadoop-ozone/integration-test/target/test-dir/MiniOzoneClusterImpl-210d6028-2152-4683-81ff-347b0d29bb13/datanode-3/data/ratis] (custom)
2019-09-19 14:21:16,262 [pool-60-thread-1] INFO  storage.RaftStorageDirectory (RaftStorageDirectory.java:analyzeStorage(246)) - The storage directory /workdir/hadoop-ozone/integration-test/target/test-dir/MiniOzoneClusterImpl-210d6028-2152-4683-81ff-347b0d29bb13/datanode-3/data/ratis/a846ba2f-4691-4ddb-aaf6-89d25254e3d5 does not exist. Creating ...
2019-09-19 14:21:16,275 [pool-60-thread-1] INFO  storage.RaftStorageDirectory (RaftStorageDirectory.java:tryLock(328)) - Lock on /workdir/hadoop-ozone/integration-test/target/test-dir/MiniOzoneClusterImpl-210d6028-2152-4683-81ff-347b0d29bb13/datanode-3/data/ratis/a846ba2f-4691-4ddb-aaf6-89d25254e3d5/in_use.lock acquired by nodename 16198@pr-hdds-1569-swxfz-3172132826
2019-09-19 14:21:16,289 [pool-60-thread-1] INFO  storage.RaftStorage (RaftStorage.java:format(72)) - Storage directory /workdir/hadoop-ozone/integration-test/target/test-dir/MiniOzoneClusterImpl-210d6028-2152-4683-81ff-347b0d29bb13/datanode-3/data/ratis/a846ba2f-4691-4ddb-aaf6-89d25254e3d5 has been successfully formatted.
2019-09-19 14:21:16,289 [pool-60-thread-1] INFO  ratis.ContainerStateMachine (ContainerStateMachine.java:loadSnapshot(226)) - group-89D25254E3D5: The snapshot info is null. Setting the last applied indexto:(t:0, i:~)
2019-09-19 14:21:16,289 [pool-60-thread-1] INFO  server.RaftServerConfigKeys (ConfUtils.java:logGet(43)) - raft.server.leader.election.timeout = 120s (custom)
2019-09-19 14:21:16,289 [pool-60-thread-1] INFO  server.RaftServerConfigKeys (ConfUtils.java:logGet(43)) - raft.server.log.use.memory = false (default)
2019-09-19 14:21:16,289 [pool-60-thread-1] INFO  server.RaftServerConfigKeys (ConfUtils.java:logGet(43)) - raft.server.log.purge.gap = 1000000 (custom)
2019-09-19 14:21:16,289 [pool-60-thread-1] INFO  server.RaftServerConfigKeys (ConfUtils.java:logGet(43)) - raft.server.log.appender.buffer.byte-limit = 33554432 (custom)
2019-09-19 14:21:16,290 [pool-60-thread-1] INFO  server.RaftServerConfigKeys (ConfUtils.java:logGet(43)) - raft.server.log.segment.size.max = 1048576 (custom)
2019-09-19 14:21:16,290 [pool-60-thread-1] INFO  server.RaftServerConfigKeys (ConfUtils.java:logGet(43)) - raft.server.log.segment.cache.num.max = 2 (custom)
2019-09-19 14:21:16,290 [pool-60-thread-1] INFO  segmented.SegmentedRaftLogWorker (SegmentedRaftLogWorker.java:<init>(172)) - new 6403e584-2209-453b-b79e-eeb0a7b58516-SegmentedRaftLogWorker:Storage Directory /workdir/hadoop-ozone/integration-test/target/test-dir/MiniOzoneClusterImpl-210d6028-2152-4683-81ff-347b0d29bb13/datanode-3/data/ratis/a846ba2f-4691-4ddb-aaf6-89d25254e3d5 for RaftStorage:Storage Directory /workdir/hadoop-ozone/integration-test/target/test-dir/MiniOzoneClusterImpl-210d6028-2152-4683-81ff-347b0d29bb13/datanode-3/data/ratis/a846ba2f-4691-4ddb-aaf6-89d25254e3d5
2019-09-19 14:21:16,290 [pool-60-thread-1] INFO  server.RaftServerConfigKeys (ConfUtils.java:logGet(43)) - raft.server.log.queue.byte-limit = 2147483647 (custom)
2019-09-19 14:21:16,290 [pool-60-thread-1] INFO  server.RaftServerConfigKeys (ConfUtils.java:logGet(43)) - raft.server.log.queue.element-limit = 1024 (custom)
2019-09-19 14:21:16,290 [pool-60-thread-1] INFO  server.RaftServerConfigKeys (ConfUtils.java:logGet(43)) - raft.server.log.segment.size.max = 1048576 (custom)
2019-09-19 14:21:16,290 [pool-60-thread-1] INFO  server.RaftServerConfigKeys (ConfUtils.java:logGet(43)) - raft.server.log.preallocated.size = 16384 (custom)
2019-09-19 14:21:16,290 [pool-60-thread-1] INFO  server.RaftServerConfigKeys (ConfUtils.java:logGet(43)) - raft.server.log.write.buffer.size = 33554432 (custom)
2019-09-19 14:21:16,291 [pool-60-thread-1] INFO  server.RaftServerConfigKeys (ConfUtils.java:logGet(43)) - raft.server.log.force.sync.num = 128 (default)
2019-09-19 14:21:16,291 [pool-60-thread-1] INFO  server.RaftServerConfigKeys (ConfUtils.java:logGet(43)) - raft.server.log.statemachine.data.sync = true (default)
2019-09-19 14:21:16,291 [pool-60-thread-1] INFO  server.RaftServerConfigKeys (ConfUtils.java:logGet(43)) - raft.server.log.statemachine.data.sync.timeout = 10s (default)
2019-09-19 14:21:16,291 [pool-60-thread-1] INFO  server.RaftServerConfigKeys (ConfUtils.java:logGet(43)) - raft.server.log.statemachine.data.sync.timeout.retry = -1 (default)
2019-09-19 14:21:16,291 [pool-60-thread-1] INFO  server.RaftServerConfigKeys (ConfUtils.java:logGet(43)) - raft.server.log.statemachine.data.caching.enabled = true (custom)
2019-09-19 14:21:16,291 [pool-60-thread-1] INFO  segmented.SegmentedRaftLogWorker (SegmentedRaftLogWorker.java:lambda$new$0(132)) - 6403e584-2209-453b-b79e-eeb0a7b58516-SegmentedRaftLogWorker:Storage Directory /workdir/hadoop-ozone/integration-test/target/test-dir/MiniOzoneClusterImpl-210d6028-2152-4683-81ff-347b0d29bb13/datanode-3/data/ratis/a846ba2f-4691-4ddb-aaf6-89d25254e3d5: flushIndex: setUnconditionally 0 -> -1
2019-09-19 14:21:16,292 [pool-60-thread-1] INFO  server.RaftServerConfigKeys (ConfUtils.java:logGet(43)) - raft.server.snapshot.auto.trigger.enabled = true (custom)
2019-09-19 14:21:16,292 [pool-60-thread-1] INFO  server.RaftServerConfigKeys (ConfUtils.java:logGet(43)) - raft.server.snapshot.auto.trigger.threshold = 10000 (custom)
2019-09-19 14:21:16,292 [pool-60-thread-1] INFO  server.RaftServerConfigKeys (ConfUtils.java:logGet(43)) - raft.server.retrycache.expirytime = 600000ms (custom)
2019-09-19 14:21:16,292 [pool-60-thread-1] INFO  impl.RaftServerImpl (RaftServerImpl.java:start(180)) - 6403e584-2209-453b-b79e-eeb0a7b58516: start group-89D25254E3D5
2019-09-19 14:21:16,292 [pool-60-thread-1] INFO  impl.RaftServerImpl (RaftServerImpl.java:setRole(171)) - 6403e584-2209-453b-b79e-eeb0a7b58516:group-89D25254E3D5 changes role from null to FOLLOWER at term 0 for startAsFollower
2019-09-19 14:21:16,292 [pool-60-thread-1] INFO  impl.RoleInfo (RoleInfo.java:updateAndGet(143)) - 6403e584-2209-453b-b79e-eeb0a7b58516: start FollowerState
2019-09-19 14:21:16,293 [pool-60-thread-1] INFO  util.JmxRegister (JmxRegister.java:tryRegister(44)) - Successfully registered JMX Bean with object name Ratis:service=RaftServer,group=group-89D25254E3D5,id=6403e584-2209-453b-b79e-eeb0a7b58516
2019-09-19 14:21:16,298 [RatisPipelineUtilsThread] INFO  pipeline.PipelineStateManager (PipelineStateManager.java:addPipeline(56)) - Created pipeline Pipeline[ Id: a846ba2f-4691-4ddb-aaf6-89d25254e3d5, Nodes: 6403e584-2209-453b-b79e-eeb0a7b58516{ip: 192.168.157.226, host: pr-hdds-1569-swxfz-3172132826, networkLocation: /default-rack, certSerialId: null}, Type:RATIS, Factor:ONE, State:OPEN]
2019-09-19 14:21:16,308 [grpc-default-executor-1] INFO  impl.RaftServerProxy (RaftServerProxy.java:addNew(89)) - 5dfaa0ea-416a-422c-a75d-43311aceb00a: addNew group-042B962BFEF4:[5dfaa0ea-416a-422c-a75d-43311aceb00a:192.168.157.226:45629] returns group-042B962BFEF4:java.util.concurrent.CompletableFuture@58eee50[Not completed]
2019-09-19 14:21:16,310 [pool-38-thread-1] INFO  impl.RaftServerImpl (RaftServerImpl.java:<init>(93)) - 5dfaa0ea-416a-422c-a75d-43311aceb00a: new RaftServerImpl for group-042B962BFEF4:[5dfaa0ea-416a-422c-a75d-43311aceb00a:192.168.157.226:45629] with ContainerStateMachine:uninitialized
2019-09-19 14:21:16,311 [pool-38-thread-1] INFO  server.RaftServerConfigKeys (ConfUtils.java:logGet(43)) - raft.server.rpc.timeout.min = 5s (custom)
2019-09-19 14:21:16,311 [pool-38-thread-1] INFO  server.RaftServerConfigKeys (ConfUtils.java:logGet(43)) - raft.server.rpc.timeout.max = 5200ms (custom)
2019-09-19 14:21:16,311 [pool-38-thread-1] INFO  server.RaftServerConfigKeys (ConfUtils.java:logGet(43)) - raft.server.rpcslowness.timeout = 120s (custom)
2019-09-19 14:21:16,311 [pool-38-thread-1] INFO  server.RaftServerConfigKeys (ConfUtils.java:logGet(43)) - raft.server.sleep.deviation.threshold = 300 (default)
2019-09-19 14:21:16,311 [pool-38-thread-1] INFO  server.RaftServerConfigKeys (ConfUtils.java:logGet(43)) - raft.server.log.appender.install.snapshot.enabled = false (custom)
2019-09-19 14:21:16,311 [pool-38-thread-1] INFO  impl.RaftServerImpl (ServerState.java:<init>(105)) - 5dfaa0ea-416a-422c-a75d-43311aceb00a:group-042B962BFEF4 ConfigurationManager, init=-1: [5dfaa0ea-416a-422c-a75d-43311aceb00a:192.168.157.226:45629], old=null, confs=<EMPTY_MAP>
2019-09-19 14:21:16,311 [pool-38-thread-1] INFO  server.RaftServerConfigKeys (ConfUtils.java:logGet(43)) - raft.server.storage.dir = [/workdir/hadoop-ozone/integration-test/target/test-dir/MiniOzoneClusterImpl-210d6028-2152-4683-81ff-347b0d29bb13/datanode-1/data/ratis] (custom)
2019-09-19 14:21:16,312 [pool-38-thread-1] INFO  storage.RaftStorageDirectory (RaftStorageDirectory.java:analyzeStorage(246)) - The storage directory /workdir/hadoop-ozone/integration-test/target/test-dir/MiniOzoneClusterImpl-210d6028-2152-4683-81ff-347b0d29bb13/datanode-1/data/ratis/ee0063dc-171a-494c-aa41-042b962bfef4 does not exist. Creating ...
2019-09-19 14:21:16,315 | INFO  | SCMAudit | user=jenkins1000 | ip=192.168.157.226 | op=SEND_HEARTBEAT {datanodeUUID=85c6a9f3-b9a5-43a5-ac4f-9aa7bd5f2263, command=[]} | ret=SUCCESS |  
2019-09-19 14:21:16,324 [pool-38-thread-1] INFO  storage.RaftStorageDirectory (RaftStorageDirectory.java:tryLock(328)) - Lock on /workdir/hadoop-ozone/integration-test/target/test-dir/MiniOzoneClusterImpl-210d6028-2152-4683-81ff-347b0d29bb13/datanode-1/data/ratis/ee0063dc-171a-494c-aa41-042b962bfef4/in_use.lock acquired by nodename 16198@pr-hdds-1569-swxfz-3172132826
2019-09-19 14:21:16,338 [pool-38-thread-1] INFO  storage.RaftStorage (RaftStorage.java:format(72)) - Storage directory /workdir/hadoop-ozone/integration-test/target/test-dir/MiniOzoneClusterImpl-210d6028-2152-4683-81ff-347b0d29bb13/datanode-1/data/ratis/ee0063dc-171a-494c-aa41-042b962bfef4 has been successfully formatted.
2019-09-19 14:21:16,338 [pool-38-thread-1] INFO  ratis.ContainerStateMachine (ContainerStateMachine.java:loadSnapshot(226)) - group-042B962BFEF4: The snapshot info is null. Setting the last applied indexto:(t:0, i:~)
2019-09-19 14:21:16,338 [pool-38-thread-1] INFO  server.RaftServerConfigKeys (ConfUtils.java:logGet(43)) - raft.server.leader.election.timeout = 120s (custom)
2019-09-19 14:21:16,338 [pool-38-thread-1] INFO  server.RaftServerConfigKeys (ConfUtils.java:logGet(43)) - raft.server.log.use.memory = false (default)
2019-09-19 14:21:16,338 [pool-38-thread-1] INFO  server.RaftServerConfigKeys (ConfUtils.java:logGet(43)) - raft.server.log.purge.gap = 1000000 (custom)
2019-09-19 14:21:16,339 [pool-38-thread-1] INFO  server.RaftServerConfigKeys (ConfUtils.java:logGet(43)) - raft.server.log.appender.buffer.byte-limit = 33554432 (custom)
2019-09-19 14:21:16,339 [pool-38-thread-1] INFO  server.RaftServerConfigKeys (ConfUtils.java:logGet(43)) - raft.server.log.segment.size.max = 1048576 (custom)
2019-09-19 14:21:16,339 [pool-38-thread-1] INFO  server.RaftServerConfigKeys (ConfUtils.java:logGet(43)) - raft.server.log.segment.cache.num.max = 2 (custom)
2019-09-19 14:21:16,339 [pool-38-thread-1] INFO  segmented.SegmentedRaftLogWorker (SegmentedRaftLogWorker.java:<init>(172)) - new 5dfaa0ea-416a-422c-a75d-43311aceb00a-SegmentedRaftLogWorker:Storage Directory /workdir/hadoop-ozone/integration-test/target/test-dir/MiniOzoneClusterImpl-210d6028-2152-4683-81ff-347b0d29bb13/datanode-1/data/ratis/ee0063dc-171a-494c-aa41-042b962bfef4 for RaftStorage:Storage Directory /workdir/hadoop-ozone/integration-test/target/test-dir/MiniOzoneClusterImpl-210d6028-2152-4683-81ff-347b0d29bb13/datanode-1/data/ratis/ee0063dc-171a-494c-aa41-042b962bfef4
2019-09-19 14:21:16,339 [pool-38-thread-1] INFO  server.RaftServerConfigKeys (ConfUtils.java:logGet(43)) - raft.server.log.queue.byte-limit = 2147483647 (custom)
2019-09-19 14:21:16,339 [pool-38-thread-1] INFO  server.RaftServerConfigKeys (ConfUtils.java:logGet(43)) - raft.server.log.queue.element-limit = 1024 (custom)
2019-09-19 14:21:16,339 [pool-38-thread-1] INFO  server.RaftServerConfigKeys (ConfUtils.java:logGet(43)) - raft.server.log.segment.size.max = 1048576 (custom)
2019-09-19 14:21:16,340 [pool-38-thread-1] INFO  server.RaftServerConfigKeys (ConfUtils.java:logGet(43)) - raft.server.log.preallocated.size = 16384 (custom)
2019-09-19 14:21:16,340 [pool-38-thread-1] INFO  server.RaftServerConfigKeys (ConfUtils.java:logGet(43)) - raft.server.log.write.buffer.size = 33554432 (custom)
2019-09-19 14:21:16,340 [pool-38-thread-1] INFO  server.RaftServerConfigKeys (ConfUtils.java:logGet(43)) - raft.server.log.force.sync.num = 128 (default)
2019-09-19 14:21:16,340 [pool-38-thread-1] INFO  server.RaftServerConfigKeys (ConfUtils.java:logGet(43)) - raft.server.log.statemachine.data.sync = true (default)
2019-09-19 14:21:16,340 [pool-38-thread-1] INFO  server.RaftServerConfigKeys (ConfUtils.java:logGet(43)) - raft.server.log.statemachine.data.sync.timeout = 10s (default)
2019-09-19 14:21:16,340 [pool-38-thread-1] INFO  server.RaftServerConfigKeys (ConfUtils.java:logGet(43)) - raft.server.log.statemachine.data.sync.timeout.retry = -1 (default)
2019-09-19 14:21:16,341 [pool-38-thread-1] INFO  server.RaftServerConfigKeys (ConfUtils.java:logGet(43)) - raft.server.log.statemachine.data.caching.enabled = true (custom)
2019-09-19 14:21:16,341 [pool-38-thread-1] INFO  segmented.SegmentedRaftLogWorker (SegmentedRaftLogWorker.java:lambda$new$0(132)) - 5dfaa0ea-416a-422c-a75d-43311aceb00a-SegmentedRaftLogWorker:Storage Directory /workdir/hadoop-ozone/integration-test/target/test-dir/MiniOzoneClusterImpl-210d6028-2152-4683-81ff-347b0d29bb13/datanode-1/data/ratis/ee0063dc-171a-494c-aa41-042b962bfef4: flushIndex: setUnconditionally 0 -> -1
2019-09-19 14:21:16,341 [pool-38-thread-1] INFO  server.RaftServerConfigKeys (ConfUtils.java:logGet(43)) - raft.server.snapshot.auto.trigger.enabled = true (custom)
2019-09-19 14:21:16,341 [pool-38-thread-1] INFO  server.RaftServerConfigKeys (ConfUtils.java:logGet(43)) - raft.server.snapshot.auto.trigger.threshold = 10000 (custom)
2019-09-19 14:21:16,341 [pool-38-thread-1] INFO  server.RaftServerConfigKeys (ConfUtils.java:logGet(43)) - raft.server.retrycache.expirytime = 600000ms (custom)
2019-09-19 14:21:16,342 [pool-38-thread-1] INFO  impl.RaftServerImpl (RaftServerImpl.java:start(180)) - 5dfaa0ea-416a-422c-a75d-43311aceb00a: start group-042B962BFEF4
2019-09-19 14:21:16,342 [pool-38-thread-1] INFO  impl.RaftServerImpl (RaftServerImpl.java:setRole(171)) - 5dfaa0ea-416a-422c-a75d-43311aceb00a:group-042B962BFEF4 changes role from null to FOLLOWER at term 0 for startAsFollower
2019-09-19 14:21:16,342 [pool-38-thread-1] INFO  impl.RoleInfo (RoleInfo.java:updateAndGet(143)) - 5dfaa0ea-416a-422c-a75d-43311aceb00a: start FollowerState
2019-09-19 14:21:16,342 [pool-38-thread-1] INFO  util.JmxRegister (JmxRegister.java:tryRegister(44)) - Successfully registered JMX Bean with object name Ratis:service=RaftServer,group=group-042B962BFEF4,id=5dfaa0ea-416a-422c-a75d-43311aceb00a
2019-09-19 14:21:16,347 [RatisPipelineUtilsThread] INFO  pipeline.PipelineStateManager (PipelineStateManager.java:addPipeline(56)) - Created pipeline Pipeline[ Id: ee0063dc-171a-494c-aa41-042b962bfef4, Nodes: 5dfaa0ea-416a-422c-a75d-43311aceb00a{ip: 192.168.157.226, host: pr-hdds-1569-swxfz-3172132826, networkLocation: /default-rack, certSerialId: null}, Type:RATIS, Factor:ONE, State:OPEN]
2019-09-19 14:21:16,358 [grpc-default-executor-1] INFO  impl.RaftServerProxy (RaftServerProxy.java:addNew(89)) - 5dfaa0ea-416a-422c-a75d-43311aceb00a: addNew group-F3A5C98C2D30:[5dfaa0ea-416a-422c-a75d-43311aceb00a:192.168.157.226:45629] returns group-F3A5C98C2D30:java.util.concurrent.CompletableFuture@3a3b6a8e[Not completed]
2019-09-19 14:21:16,359 [pool-38-thread-1] INFO  impl.RaftServerImpl (RaftServerImpl.java:<init>(93)) - 5dfaa0ea-416a-422c-a75d-43311aceb00a: new RaftServerImpl for group-F3A5C98C2D30:[5dfaa0ea-416a-422c-a75d-43311aceb00a:192.168.157.226:45629] with ContainerStateMachine:uninitialized
2019-09-19 14:21:16,359 [pool-38-thread-1] INFO  server.RaftServerConfigKeys (ConfUtils.java:logGet(43)) - raft.server.rpc.timeout.min = 5s (custom)
2019-09-19 14:21:16,359 [pool-38-thread-1] INFO  server.RaftServerConfigKeys (ConfUtils.java:logGet(43)) - raft.server.rpc.timeout.max = 5200ms (custom)
2019-09-19 14:21:16,360 [pool-38-thread-1] INFO  server.RaftServerConfigKeys (ConfUtils.java:logGet(43)) - raft.server.rpcslowness.timeout = 120s (custom)
2019-09-19 14:21:16,360 [pool-38-thread-1] INFO  server.RaftServerConfigKeys (ConfUtils.java:logGet(43)) - raft.server.sleep.deviation.threshold = 300 (default)
2019-09-19 14:21:16,360 [pool-38-thread-1] INFO  server.RaftServerConfigKeys (ConfUtils.java:logGet(43)) - raft.server.log.appender.install.snapshot.enabled = false (custom)
2019-09-19 14:21:16,360 [pool-38-thread-1] INFO  impl.RaftServerImpl (ServerState.java:<init>(105)) - 5dfaa0ea-416a-422c-a75d-43311aceb00a:group-F3A5C98C2D30 ConfigurationManager, init=-1: [5dfaa0ea-416a-422c-a75d-43311aceb00a:192.168.157.226:45629], old=null, confs=<EMPTY_MAP>
2019-09-19 14:21:16,360 [pool-38-thread-1] INFO  server.RaftServerConfigKeys (ConfUtils.java:logGet(43)) - raft.server.storage.dir = [/workdir/hadoop-ozone/integration-test/target/test-dir/MiniOzoneClusterImpl-210d6028-2152-4683-81ff-347b0d29bb13/datanode-1/data/ratis] (custom)
2019-09-19 14:21:16,361 [pool-38-thread-1] INFO  storage.RaftStorageDirectory (RaftStorageDirectory.java:analyzeStorage(246)) - The storage directory /workdir/hadoop-ozone/integration-test/target/test-dir/MiniOzoneClusterImpl-210d6028-2152-4683-81ff-347b0d29bb13/datanode-1/data/ratis/a81f3be1-4267-44f4-83d7-f3a5c98c2d30 does not exist. Creating ...
2019-09-19 14:21:16,371 [Thread-237] INFO  container.ReplicationManager (ReplicationManager.java:start(151)) - Starting Replication Monitor Thread.
2019-09-19 14:21:16,374 [pool-38-thread-1] INFO  storage.RaftStorageDirectory (RaftStorageDirectory.java:tryLock(328)) - Lock on /workdir/hadoop-ozone/integration-test/target/test-dir/MiniOzoneClusterImpl-210d6028-2152-4683-81ff-347b0d29bb13/datanode-1/data/ratis/a81f3be1-4267-44f4-83d7-f3a5c98c2d30/in_use.lock acquired by nodename 16198@pr-hdds-1569-swxfz-3172132826
2019-09-19 14:21:16,387 [pool-38-thread-1] INFO  storage.RaftStorage (RaftStorage.java:format(72)) - Storage directory /workdir/hadoop-ozone/integration-test/target/test-dir/MiniOzoneClusterImpl-210d6028-2152-4683-81ff-347b0d29bb13/datanode-1/data/ratis/a81f3be1-4267-44f4-83d7-f3a5c98c2d30 has been successfully formatted.
2019-09-19 14:21:16,387 [pool-38-thread-1] INFO  ratis.ContainerStateMachine (ContainerStateMachine.java:loadSnapshot(226)) - group-F3A5C98C2D30: The snapshot info is null. Setting the last applied indexto:(t:0, i:~)
2019-09-19 14:21:16,388 [pool-38-thread-1] INFO  server.RaftServerConfigKeys (ConfUtils.java:logGet(43)) - raft.server.leader.election.timeout = 120s (custom)
2019-09-19 14:21:16,388 [pool-38-thread-1] INFO  server.RaftServerConfigKeys (ConfUtils.java:logGet(43)) - raft.server.log.use.memory = false (default)
2019-09-19 14:21:16,388 [pool-38-thread-1] INFO  server.RaftServerConfigKeys (ConfUtils.java:logGet(43)) - raft.server.log.purge.gap = 1000000 (custom)
2019-09-19 14:21:16,388 [pool-38-thread-1] INFO  server.RaftServerConfigKeys (ConfUtils.java:logGet(43)) - raft.server.log.appender.buffer.byte-limit = 33554432 (custom)
2019-09-19 14:21:16,388 [pool-38-thread-1] INFO  server.RaftServerConfigKeys (ConfUtils.java:logGet(43)) - raft.server.log.segment.size.max = 1048576 (custom)
2019-09-19 14:21:16,388 [pool-38-thread-1] INFO  server.RaftServerConfigKeys (ConfUtils.java:logGet(43)) - raft.server.log.segment.cache.num.max = 2 (custom)
2019-09-19 14:21:16,389 [pool-38-thread-1] INFO  segmented.SegmentedRaftLogWorker (SegmentedRaftLogWorker.java:<init>(172)) - new 5dfaa0ea-416a-422c-a75d-43311aceb00a-SegmentedRaftLogWorker:Storage Directory /workdir/hadoop-ozone/integration-test/target/test-dir/MiniOzoneClusterImpl-210d6028-2152-4683-81ff-347b0d29bb13/datanode-1/data/ratis/a81f3be1-4267-44f4-83d7-f3a5c98c2d30 for RaftStorage:Storage Directory /workdir/hadoop-ozone/integration-test/target/test-dir/MiniOzoneClusterImpl-210d6028-2152-4683-81ff-347b0d29bb13/datanode-1/data/ratis/a81f3be1-4267-44f4-83d7-f3a5c98c2d30
2019-09-19 14:21:16,389 [pool-38-thread-1] INFO  server.RaftServerConfigKeys (ConfUtils.java:logGet(43)) - raft.server.log.queue.byte-limit = 2147483647 (custom)
2019-09-19 14:21:16,389 [pool-38-thread-1] INFO  server.RaftServerConfigKeys (ConfUtils.java:logGet(43)) - raft.server.log.queue.element-limit = 1024 (custom)
2019-09-19 14:21:16,389 [pool-38-thread-1] INFO  server.RaftServerConfigKeys (ConfUtils.java:logGet(43)) - raft.server.log.segment.size.max = 1048576 (custom)
2019-09-19 14:21:16,389 [pool-38-thread-1] INFO  server.RaftServerConfigKeys (ConfUtils.java:logGet(43)) - raft.server.log.preallocated.size = 16384 (custom)
2019-09-19 14:21:16,389 [pool-38-thread-1] INFO  server.RaftServerConfigKeys (ConfUtils.java:logGet(43)) - raft.server.log.write.buffer.size = 33554432 (custom)
2019-09-19 14:21:16,390 [pool-38-thread-1] INFO  server.RaftServerConfigKeys (ConfUtils.java:logGet(43)) - raft.server.log.force.sync.num = 128 (default)
2019-09-19 14:21:16,390 [pool-38-thread-1] INFO  server.RaftServerConfigKeys (ConfUtils.java:logGet(43)) - raft.server.log.statemachine.data.sync = true (default)
2019-09-19 14:21:16,390 [pool-38-thread-1] INFO  server.RaftServerConfigKeys (ConfUtils.java:logGet(43)) - raft.server.log.statemachine.data.sync.timeout = 10s (default)
2019-09-19 14:21:16,390 [pool-38-thread-1] INFO  server.RaftServerConfigKeys (ConfUtils.java:logGet(43)) - raft.server.log.statemachine.data.sync.timeout.retry = -1 (default)
2019-09-19 14:21:16,390 [pool-38-thread-1] INFO  server.RaftServerConfigKeys (ConfUtils.java:logGet(43)) - raft.server.log.statemachine.data.caching.enabled = true (custom)
2019-09-19 14:21:16,391 [pool-38-thread-1] INFO  segmented.SegmentedRaftLogWorker (SegmentedRaftLogWorker.java:lambda$new$0(132)) - 5dfaa0ea-416a-422c-a75d-43311aceb00a-SegmentedRaftLogWorker:Storage Directory /workdir/hadoop-ozone/integration-test/target/test-dir/MiniOzoneClusterImpl-210d6028-2152-4683-81ff-347b0d29bb13/datanode-1/data/ratis/a81f3be1-4267-44f4-83d7-f3a5c98c2d30: flushIndex: setUnconditionally 0 -> -1
2019-09-19 14:21:16,391 [pool-38-thread-1] INFO  server.RaftServerConfigKeys (ConfUtils.java:logGet(43)) - raft.server.snapshot.auto.trigger.enabled = true (custom)
2019-09-19 14:21:16,391 [pool-38-thread-1] INFO  server.RaftServerConfigKeys (ConfUtils.java:logGet(43)) - raft.server.snapshot.auto.trigger.threshold = 10000 (custom)
2019-09-19 14:21:16,391 [pool-38-thread-1] INFO  server.RaftServerConfigKeys (ConfUtils.java:logGet(43)) - raft.server.retrycache.expirytime = 600000ms (custom)
2019-09-19 14:21:16,392 [pool-38-thread-1] INFO  impl.RaftServerImpl (RaftServerImpl.java:start(180)) - 5dfaa0ea-416a-422c-a75d-43311aceb00a: start group-F3A5C98C2D30
2019-09-19 14:21:16,392 [pool-38-thread-1] INFO  impl.RaftServerImpl (RaftServerImpl.java:setRole(171)) - 5dfaa0ea-416a-422c-a75d-43311aceb00a:group-F3A5C98C2D30 changes role from null to FOLLOWER at term 0 for startAsFollower
2019-09-19 14:21:16,392 [pool-38-thread-1] INFO  impl.RoleInfo (RoleInfo.java:updateAndGet(143)) - 5dfaa0ea-416a-422c-a75d-43311aceb00a: start FollowerState
2019-09-19 14:21:16,392 [pool-38-thread-1] INFO  util.JmxRegister (JmxRegister.java:tryRegister(44)) - Successfully registered JMX Bean with object name Ratis:service=RaftServer,group=group-F3A5C98C2D30,id=5dfaa0ea-416a-422c-a75d-43311aceb00a
2019-09-19 14:21:16,397 [RatisPipelineUtilsThread] INFO  pipeline.PipelineStateManager (PipelineStateManager.java:addPipeline(56)) - Created pipeline Pipeline[ Id: a81f3be1-4267-44f4-83d7-f3a5c98c2d30, Nodes: 5dfaa0ea-416a-422c-a75d-43311aceb00a{ip: 192.168.157.226, host: pr-hdds-1569-swxfz-3172132826, networkLocation: /default-rack, certSerialId: null}, Type:RATIS, Factor:ONE, State:OPEN]
2019-09-19 14:21:16,407 [grpc-default-executor-1] INFO  impl.RaftServerProxy (RaftServerProxy.java:addNew(89)) - 85c6a9f3-b9a5-43a5-ac4f-9aa7bd5f2263: addNew group-361887C206E7:[85c6a9f3-b9a5-43a5-ac4f-9aa7bd5f2263:192.168.157.226:45170] returns group-361887C206E7:java.util.concurrent.CompletableFuture@6c62ce59[Not completed]
2019-09-19 14:21:16,408 [pool-27-thread-1] INFO  impl.RaftServerImpl (RaftServerImpl.java:<init>(93)) - 85c6a9f3-b9a5-43a5-ac4f-9aa7bd5f2263: new RaftServerImpl for group-361887C206E7:[85c6a9f3-b9a5-43a5-ac4f-9aa7bd5f2263:192.168.157.226:45170] with ContainerStateMachine:uninitialized
2019-09-19 14:21:16,408 [pool-27-thread-1] INFO  server.RaftServerConfigKeys (ConfUtils.java:logGet(43)) - raft.server.rpc.timeout.min = 5s (custom)
2019-09-19 14:21:16,408 [pool-27-thread-1] INFO  server.RaftServerConfigKeys (ConfUtils.java:logGet(43)) - raft.server.rpc.timeout.max = 5200ms (custom)
2019-09-19 14:21:16,408 [pool-27-thread-1] INFO  server.RaftServerConfigKeys (ConfUtils.java:logGet(43)) - raft.server.rpcslowness.timeout = 120s (custom)
2019-09-19 14:21:16,409 [pool-27-thread-1] INFO  server.RaftServerConfigKeys (ConfUtils.java:logGet(43)) - raft.server.sleep.deviation.threshold = 300 (default)
2019-09-19 14:21:16,409 [pool-27-thread-1] INFO  server.RaftServerConfigKeys (ConfUtils.java:logGet(43)) - raft.server.log.appender.install.snapshot.enabled = false (custom)
2019-09-19 14:21:16,409 [pool-27-thread-1] INFO  impl.RaftServerImpl (ServerState.java:<init>(105)) - 85c6a9f3-b9a5-43a5-ac4f-9aa7bd5f2263:group-361887C206E7 ConfigurationManager, init=-1: [85c6a9f3-b9a5-43a5-ac4f-9aa7bd5f2263:192.168.157.226:45170], old=null, confs=<EMPTY_MAP>
2019-09-19 14:21:16,409 [pool-27-thread-1] INFO  server.RaftServerConfigKeys (ConfUtils.java:logGet(43)) - raft.server.storage.dir = [/workdir/hadoop-ozone/integration-test/target/test-dir/MiniOzoneClusterImpl-210d6028-2152-4683-81ff-347b0d29bb13/datanode-0/data/ratis] (custom)
2019-09-19 14:21:16,409 [pool-27-thread-1] INFO  storage.RaftStorageDirectory (RaftStorageDirectory.java:analyzeStorage(246)) - The storage directory /workdir/hadoop-ozone/integration-test/target/test-dir/MiniOzoneClusterImpl-210d6028-2152-4683-81ff-347b0d29bb13/datanode-0/data/ratis/53da60aa-e1df-424b-8cc6-361887c206e7 does not exist. Creating ...
2019-09-19 14:21:16,422 [pool-27-thread-1] INFO  storage.RaftStorageDirectory (RaftStorageDirectory.java:tryLock(328)) - Lock on /workdir/hadoop-ozone/integration-test/target/test-dir/MiniOzoneClusterImpl-210d6028-2152-4683-81ff-347b0d29bb13/datanode-0/data/ratis/53da60aa-e1df-424b-8cc6-361887c206e7/in_use.lock acquired by nodename 16198@pr-hdds-1569-swxfz-3172132826
2019-09-19 14:21:16,434 [pool-27-thread-1] INFO  storage.RaftStorage (RaftStorage.java:format(72)) - Storage directory /workdir/hadoop-ozone/integration-test/target/test-dir/MiniOzoneClusterImpl-210d6028-2152-4683-81ff-347b0d29bb13/datanode-0/data/ratis/53da60aa-e1df-424b-8cc6-361887c206e7 has been successfully formatted.
2019-09-19 14:21:16,435 [pool-27-thread-1] INFO  ratis.ContainerStateMachine (ContainerStateMachine.java:loadSnapshot(226)) - group-361887C206E7: The snapshot info is null. Setting the last applied indexto:(t:0, i:~)
2019-09-19 14:21:16,435 [pool-27-thread-1] INFO  server.RaftServerConfigKeys (ConfUtils.java:logGet(43)) - raft.server.leader.election.timeout = 120s (custom)
2019-09-19 14:21:16,435 [pool-27-thread-1] INFO  server.RaftServerConfigKeys (ConfUtils.java:logGet(43)) - raft.server.log.use.memory = false (default)
2019-09-19 14:21:16,435 [pool-27-thread-1] INFO  server.RaftServerConfigKeys (ConfUtils.java:logGet(43)) - raft.server.log.purge.gap = 1000000 (custom)
2019-09-19 14:21:16,435 [pool-27-thread-1] INFO  server.RaftServerConfigKeys (ConfUtils.java:logGet(43)) - raft.server.log.appender.buffer.byte-limit = 33554432 (custom)
2019-09-19 14:21:16,435 [pool-27-thread-1] INFO  server.RaftServerConfigKeys (ConfUtils.java:logGet(43)) - raft.server.log.segment.size.max = 1048576 (custom)
2019-09-19 14:21:16,435 [pool-27-thread-1] INFO  server.RaftServerConfigKeys (ConfUtils.java:logGet(43)) - raft.server.log.segment.cache.num.max = 2 (custom)
2019-09-19 14:21:16,436 [pool-27-thread-1] INFO  segmented.SegmentedRaftLogWorker (SegmentedRaftLogWorker.java:<init>(172)) - new 85c6a9f3-b9a5-43a5-ac4f-9aa7bd5f2263-SegmentedRaftLogWorker:Storage Directory /workdir/hadoop-ozone/integration-test/target/test-dir/MiniOzoneClusterImpl-210d6028-2152-4683-81ff-347b0d29bb13/datanode-0/data/ratis/53da60aa-e1df-424b-8cc6-361887c206e7 for RaftStorage:Storage Directory /workdir/hadoop-ozone/integration-test/target/test-dir/MiniOzoneClusterImpl-210d6028-2152-4683-81ff-347b0d29bb13/datanode-0/data/ratis/53da60aa-e1df-424b-8cc6-361887c206e7
2019-09-19 14:21:16,436 [pool-27-thread-1] INFO  server.RaftServerConfigKeys (ConfUtils.java:logGet(43)) - raft.server.log.queue.byte-limit = 2147483647 (custom)
2019-09-19 14:21:16,436 [pool-27-thread-1] INFO  server.RaftServerConfigKeys (ConfUtils.java:logGet(43)) - raft.server.log.queue.element-limit = 1024 (custom)
2019-09-19 14:21:16,436 [pool-27-thread-1] INFO  server.RaftServerConfigKeys (ConfUtils.java:logGet(43)) - raft.server.log.segment.size.max = 1048576 (custom)
2019-09-19 14:21:16,436 [pool-27-thread-1] INFO  server.RaftServerConfigKeys (ConfUtils.java:logGet(43)) - raft.server.log.preallocated.size = 16384 (custom)
2019-09-19 14:21:16,436 [pool-27-thread-1] INFO  server.RaftServerConfigKeys (ConfUtils.java:logGet(43)) - raft.server.log.write.buffer.size = 33554432 (custom)
2019-09-19 14:21:16,436 [pool-27-thread-1] INFO  server.RaftServerConfigKeys (ConfUtils.java:logGet(43)) - raft.server.log.force.sync.num = 128 (default)
2019-09-19 14:21:16,436 [pool-27-thread-1] INFO  server.RaftServerConfigKeys (ConfUtils.java:logGet(43)) - raft.server.log.statemachine.data.sync = true (default)
2019-09-19 14:21:16,437 [pool-27-thread-1] INFO  server.RaftServerConfigKeys (ConfUtils.java:logGet(43)) - raft.server.log.statemachine.data.sync.timeout = 10s (default)
2019-09-19 14:21:16,437 [pool-27-thread-1] INFO  server.RaftServerConfigKeys (ConfUtils.java:logGet(43)) - raft.server.log.statemachine.data.sync.timeout.retry = -1 (default)
2019-09-19 14:21:16,437 [pool-27-thread-1] INFO  server.RaftServerConfigKeys (ConfUtils.java:logGet(43)) - raft.server.log.statemachine.data.caching.enabled = true (custom)
2019-09-19 14:21:16,437 [pool-27-thread-1] INFO  segmented.SegmentedRaftLogWorker (SegmentedRaftLogWorker.java:lambda$new$0(132)) - 85c6a9f3-b9a5-43a5-ac4f-9aa7bd5f2263-SegmentedRaftLogWorker:Storage Directory /workdir/hadoop-ozone/integration-test/target/test-dir/MiniOzoneClusterImpl-210d6028-2152-4683-81ff-347b0d29bb13/datanode-0/data/ratis/53da60aa-e1df-424b-8cc6-361887c206e7: flushIndex: setUnconditionally 0 -> -1
2019-09-19 14:21:16,437 [pool-27-thread-1] INFO  server.RaftServerConfigKeys (ConfUtils.java:logGet(43)) - raft.server.snapshot.auto.trigger.enabled = true (custom)
2019-09-19 14:21:16,437 [pool-27-thread-1] INFO  server.RaftServerConfigKeys (ConfUtils.java:logGet(43)) - raft.server.snapshot.auto.trigger.threshold = 10000 (custom)
2019-09-19 14:21:16,438 [pool-27-thread-1] INFO  server.RaftServerConfigKeys (ConfUtils.java:logGet(43)) - raft.server.retrycache.expirytime = 600000ms (custom)
2019-09-19 14:21:16,438 [pool-27-thread-1] INFO  impl.RaftServerImpl (RaftServerImpl.java:start(180)) - 85c6a9f3-b9a5-43a5-ac4f-9aa7bd5f2263: start group-361887C206E7
2019-09-19 14:21:16,438 [pool-27-thread-1] INFO  impl.RaftServerImpl (RaftServerImpl.java:setRole(171)) - 85c6a9f3-b9a5-43a5-ac4f-9aa7bd5f2263:group-361887C206E7 changes role from null to FOLLOWER at term 0 for startAsFollower
2019-09-19 14:21:16,438 [pool-27-thread-1] INFO  impl.RoleInfo (RoleInfo.java:updateAndGet(143)) - 85c6a9f3-b9a5-43a5-ac4f-9aa7bd5f2263: start FollowerState
2019-09-19 14:21:16,438 [pool-27-thread-1] INFO  util.JmxRegister (JmxRegister.java:tryRegister(44)) - Successfully registered JMX Bean with object name Ratis:service=RaftServer,group=group-361887C206E7,id=85c6a9f3-b9a5-43a5-ac4f-9aa7bd5f2263
2019-09-19 14:21:16,463 [RatisPipelineUtilsThread] INFO  pipeline.PipelineStateManager (PipelineStateManager.java:addPipeline(56)) - Created pipeline Pipeline[ Id: 53da60aa-e1df-424b-8cc6-361887c206e7, Nodes: 85c6a9f3-b9a5-43a5-ac4f-9aa7bd5f2263{ip: 192.168.157.226, host: pr-hdds-1569-swxfz-3172132826, networkLocation: /default-rack, certSerialId: null}, Type:RATIS, Factor:ONE, State:OPEN]
2019-09-19 14:21:16,473 [grpc-default-executor-1] INFO  impl.RaftServerProxy (RaftServerProxy.java:addNew(89)) - 85c6a9f3-b9a5-43a5-ac4f-9aa7bd5f2263: addNew group-36D981DB5337:[85c6a9f3-b9a5-43a5-ac4f-9aa7bd5f2263:192.168.157.226:45170] returns group-36D981DB5337:java.util.concurrent.CompletableFuture@db49071[Not completed]
2019-09-19 14:21:16,474 [pool-27-thread-1] INFO  impl.RaftServerImpl (RaftServerImpl.java:<init>(93)) - 85c6a9f3-b9a5-43a5-ac4f-9aa7bd5f2263: new RaftServerImpl for group-36D981DB5337:[85c6a9f3-b9a5-43a5-ac4f-9aa7bd5f2263:192.168.157.226:45170] with ContainerStateMachine:uninitialized
2019-09-19 14:21:16,474 [pool-27-thread-1] INFO  server.RaftServerConfigKeys (ConfUtils.java:logGet(43)) - raft.server.rpc.timeout.min = 5s (custom)
2019-09-19 14:21:16,474 [pool-27-thread-1] INFO  server.RaftServerConfigKeys (ConfUtils.java:logGet(43)) - raft.server.rpc.timeout.max = 5200ms (custom)
2019-09-19 14:21:16,474 [pool-27-thread-1] INFO  server.RaftServerConfigKeys (ConfUtils.java:logGet(43)) - raft.server.rpcslowness.timeout = 120s (custom)
2019-09-19 14:21:16,474 [pool-27-thread-1] INFO  server.RaftServerConfigKeys (ConfUtils.java:logGet(43)) - raft.server.sleep.deviation.threshold = 300 (default)
2019-09-19 14:21:16,474 [pool-27-thread-1] INFO  server.RaftServerConfigKeys (ConfUtils.java:logGet(43)) - raft.server.log.appender.install.snapshot.enabled = false (custom)
2019-09-19 14:21:16,474 [pool-27-thread-1] INFO  impl.RaftServerImpl (ServerState.java:<init>(105)) - 85c6a9f3-b9a5-43a5-ac4f-9aa7bd5f2263:group-36D981DB5337 ConfigurationManager, init=-1: [85c6a9f3-b9a5-43a5-ac4f-9aa7bd5f2263:192.168.157.226:45170], old=null, confs=<EMPTY_MAP>
2019-09-19 14:21:16,475 [pool-27-thread-1] INFO  server.RaftServerConfigKeys (ConfUtils.java:logGet(43)) - raft.server.storage.dir = [/workdir/hadoop-ozone/integration-test/target/test-dir/MiniOzoneClusterImpl-210d6028-2152-4683-81ff-347b0d29bb13/datanode-0/data/ratis] (custom)
2019-09-19 14:21:16,475 [pool-27-thread-1] INFO  storage.RaftStorageDirectory (RaftStorageDirectory.java:analyzeStorage(246)) - The storage directory /workdir/hadoop-ozone/integration-test/target/test-dir/MiniOzoneClusterImpl-210d6028-2152-4683-81ff-347b0d29bb13/datanode-0/data/ratis/30539223-bdb9-42aa-a69d-36d981db5337 does not exist. Creating ...
2019-09-19 14:21:16,487 [pool-27-thread-1] INFO  storage.RaftStorageDirectory (RaftStorageDirectory.java:tryLock(328)) - Lock on /workdir/hadoop-ozone/integration-test/target/test-dir/MiniOzoneClusterImpl-210d6028-2152-4683-81ff-347b0d29bb13/datanode-0/data/ratis/30539223-bdb9-42aa-a69d-36d981db5337/in_use.lock acquired by nodename 16198@pr-hdds-1569-swxfz-3172132826
2019-09-19 14:21:16,500 [pool-27-thread-1] INFO  storage.RaftStorage (RaftStorage.java:format(72)) - Storage directory /workdir/hadoop-ozone/integration-test/target/test-dir/MiniOzoneClusterImpl-210d6028-2152-4683-81ff-347b0d29bb13/datanode-0/data/ratis/30539223-bdb9-42aa-a69d-36d981db5337 has been successfully formatted.
2019-09-19 14:21:16,500 [pool-27-thread-1] INFO  ratis.ContainerStateMachine (ContainerStateMachine.java:loadSnapshot(226)) - group-36D981DB5337: The snapshot info is null. Setting the last applied indexto:(t:0, i:~)
2019-09-19 14:21:16,500 [pool-27-thread-1] INFO  server.RaftServerConfigKeys (ConfUtils.java:logGet(43)) - raft.server.leader.election.timeout = 120s (custom)
2019-09-19 14:21:16,500 [pool-27-thread-1] INFO  server.RaftServerConfigKeys (ConfUtils.java:logGet(43)) - raft.server.log.use.memory = false (default)
2019-09-19 14:21:16,500 [pool-27-thread-1] INFO  server.RaftServerConfigKeys (ConfUtils.java:logGet(43)) - raft.server.log.purge.gap = 1000000 (custom)
2019-09-19 14:21:16,501 [pool-27-thread-1] INFO  server.RaftServerConfigKeys (ConfUtils.java:logGet(43)) - raft.server.log.appender.buffer.byte-limit = 33554432 (custom)
2019-09-19 14:21:16,501 [pool-27-thread-1] INFO  server.RaftServerConfigKeys (ConfUtils.java:logGet(43)) - raft.server.log.segment.size.max = 1048576 (custom)
2019-09-19 14:21:16,501 [pool-27-thread-1] INFO  server.RaftServerConfigKeys (ConfUtils.java:logGet(43)) - raft.server.log.segment.cache.num.max = 2 (custom)
2019-09-19 14:21:16,501 [pool-27-thread-1] INFO  segmented.SegmentedRaftLogWorker (SegmentedRaftLogWorker.java:<init>(172)) - new 85c6a9f3-b9a5-43a5-ac4f-9aa7bd5f2263-SegmentedRaftLogWorker:Storage Directory /workdir/hadoop-ozone/integration-test/target/test-dir/MiniOzoneClusterImpl-210d6028-2152-4683-81ff-347b0d29bb13/datanode-0/data/ratis/30539223-bdb9-42aa-a69d-36d981db5337 for RaftStorage:Storage Directory /workdir/hadoop-ozone/integration-test/target/test-dir/MiniOzoneClusterImpl-210d6028-2152-4683-81ff-347b0d29bb13/datanode-0/data/ratis/30539223-bdb9-42aa-a69d-36d981db5337
2019-09-19 14:21:16,501 [pool-27-thread-1] INFO  server.RaftServerConfigKeys (ConfUtils.java:logGet(43)) - raft.server.log.queue.byte-limit = 2147483647 (custom)
2019-09-19 14:21:16,501 [pool-27-thread-1] INFO  server.RaftServerConfigKeys (ConfUtils.java:logGet(43)) - raft.server.log.queue.element-limit = 1024 (custom)
2019-09-19 14:21:16,501 [pool-27-thread-1] INFO  server.RaftServerConfigKeys (ConfUtils.java:logGet(43)) - raft.server.log.segment.size.max = 1048576 (custom)
2019-09-19 14:21:16,501 [pool-27-thread-1] INFO  server.RaftServerConfigKeys (ConfUtils.java:logGet(43)) - raft.server.log.preallocated.size = 16384 (custom)
2019-09-19 14:21:16,501 [pool-27-thread-1] INFO  server.RaftServerConfigKeys (ConfUtils.java:logGet(43)) - raft.server.log.write.buffer.size = 33554432 (custom)
2019-09-19 14:21:16,502 [pool-27-thread-1] INFO  server.RaftServerConfigKeys (ConfUtils.java:logGet(43)) - raft.server.log.force.sync.num = 128 (default)
2019-09-19 14:21:16,502 [pool-27-thread-1] INFO  server.RaftServerConfigKeys (ConfUtils.java:logGet(43)) - raft.server.log.statemachine.data.sync = true (default)
2019-09-19 14:21:16,502 [pool-27-thread-1] INFO  server.RaftServerConfigKeys (ConfUtils.java:logGet(43)) - raft.server.log.statemachine.data.sync.timeout = 10s (default)
2019-09-19 14:21:16,502 [pool-27-thread-1] INFO  server.RaftServerConfigKeys (ConfUtils.java:logGet(43)) - raft.server.log.statemachine.data.sync.timeout.retry = -1 (default)
2019-09-19 14:21:16,502 [pool-27-thread-1] INFO  server.RaftServerConfigKeys (ConfUtils.java:logGet(43)) - raft.server.log.statemachine.data.caching.enabled = true (custom)
2019-09-19 14:21:16,502 [pool-27-thread-1] INFO  segmented.SegmentedRaftLogWorker (SegmentedRaftLogWorker.java:lambda$new$0(132)) - 85c6a9f3-b9a5-43a5-ac4f-9aa7bd5f2263-SegmentedRaftLogWorker:Storage Directory /workdir/hadoop-ozone/integration-test/target/test-dir/MiniOzoneClusterImpl-210d6028-2152-4683-81ff-347b0d29bb13/datanode-0/data/ratis/30539223-bdb9-42aa-a69d-36d981db5337: flushIndex: setUnconditionally 0 -> -1
2019-09-19 14:21:16,503 [pool-27-thread-1] INFO  server.RaftServerConfigKeys (ConfUtils.java:logGet(43)) - raft.server.snapshot.auto.trigger.enabled = true (custom)
2019-09-19 14:21:16,503 [pool-27-thread-1] INFO  server.RaftServerConfigKeys (ConfUtils.java:logGet(43)) - raft.server.snapshot.auto.trigger.threshold = 10000 (custom)
2019-09-19 14:21:16,503 [pool-27-thread-1] INFO  server.RaftServerConfigKeys (ConfUtils.java:logGet(43)) - raft.server.retrycache.expirytime = 600000ms (custom)
2019-09-19 14:21:16,503 [pool-27-thread-1] INFO  impl.RaftServerImpl (RaftServerImpl.java:start(180)) - 85c6a9f3-b9a5-43a5-ac4f-9aa7bd5f2263: start group-36D981DB5337
2019-09-19 14:21:16,503 [pool-27-thread-1] INFO  impl.RaftServerImpl (RaftServerImpl.java:setRole(171)) - 85c6a9f3-b9a5-43a5-ac4f-9aa7bd5f2263:group-36D981DB5337 changes role from null to FOLLOWER at term 0 for startAsFollower
2019-09-19 14:21:16,503 [pool-27-thread-1] INFO  impl.RoleInfo (RoleInfo.java:updateAndGet(143)) - 85c6a9f3-b9a5-43a5-ac4f-9aa7bd5f2263: start FollowerState
2019-09-19 14:21:16,504 [pool-27-thread-1] INFO  util.JmxRegister (JmxRegister.java:tryRegister(44)) - Successfully registered JMX Bean with object name Ratis:service=RaftServer,group=group-36D981DB5337,id=85c6a9f3-b9a5-43a5-ac4f-9aa7bd5f2263
2019-09-19 14:21:16,508 [RatisPipelineUtilsThread] INFO  pipeline.PipelineStateManager (PipelineStateManager.java:addPipeline(56)) - Created pipeline Pipeline[ Id: 30539223-bdb9-42aa-a69d-36d981db5337, Nodes: 85c6a9f3-b9a5-43a5-ac4f-9aa7bd5f2263{ip: 192.168.157.226, host: pr-hdds-1569-swxfz-3172132826, networkLocation: /default-rack, certSerialId: null}, Type:RATIS, Factor:ONE, State:OPEN]
2019-09-19 14:21:16,516 | INFO  | SCMAudit | user=jenkins1000 | ip=192.168.157.226 | op=SEND_HEARTBEAT {datanodeUUID=5dfaa0ea-416a-422c-a75d-43311aceb00a, command=[]} | ret=SUCCESS |  
2019-09-19 14:21:16,518 [grpc-default-executor-1] INFO  impl.RaftServerProxy (RaftServerProxy.java:addNew(89)) - 85c6a9f3-b9a5-43a5-ac4f-9aa7bd5f2263: addNew group-E8DFDA12C3C4:[85c6a9f3-b9a5-43a5-ac4f-9aa7bd5f2263:192.168.157.226:45170] returns group-E8DFDA12C3C4:java.util.concurrent.CompletableFuture@b339786[Not completed]
2019-09-19 14:21:16,519 [pool-27-thread-1] INFO  impl.RaftServerImpl (RaftServerImpl.java:<init>(93)) - 85c6a9f3-b9a5-43a5-ac4f-9aa7bd5f2263: new RaftServerImpl for group-E8DFDA12C3C4:[85c6a9f3-b9a5-43a5-ac4f-9aa7bd5f2263:192.168.157.226:45170] with ContainerStateMachine:uninitialized
2019-09-19 14:21:16,519 [pool-27-thread-1] INFO  server.RaftServerConfigKeys (ConfUtils.java:logGet(43)) - raft.server.rpc.timeout.min = 5s (custom)
2019-09-19 14:21:16,520 [pool-27-thread-1] INFO  server.RaftServerConfigKeys (ConfUtils.java:logGet(43)) - raft.server.rpc.timeout.max = 5200ms (custom)
2019-09-19 14:21:16,520 [pool-27-thread-1] INFO  server.RaftServerConfigKeys (ConfUtils.java:logGet(43)) - raft.server.rpcslowness.timeout = 120s (custom)
2019-09-19 14:21:16,520 [pool-27-thread-1] INFO  server.RaftServerConfigKeys (ConfUtils.java:logGet(43)) - raft.server.sleep.deviation.threshold = 300 (default)
2019-09-19 14:21:16,520 [pool-27-thread-1] INFO  server.RaftServerConfigKeys (ConfUtils.java:logGet(43)) - raft.server.log.appender.install.snapshot.enabled = false (custom)
2019-09-19 14:21:16,520 [pool-27-thread-1] INFO  impl.RaftServerImpl (ServerState.java:<init>(105)) - 85c6a9f3-b9a5-43a5-ac4f-9aa7bd5f2263:group-E8DFDA12C3C4 ConfigurationManager, init=-1: [85c6a9f3-b9a5-43a5-ac4f-9aa7bd5f2263:192.168.157.226:45170], old=null, confs=<EMPTY_MAP>
2019-09-19 14:21:16,520 [pool-27-thread-1] INFO  server.RaftServerConfigKeys (ConfUtils.java:logGet(43)) - raft.server.storage.dir = [/workdir/hadoop-ozone/integration-test/target/test-dir/MiniOzoneClusterImpl-210d6028-2152-4683-81ff-347b0d29bb13/datanode-0/data/ratis] (custom)
2019-09-19 14:21:16,520 [pool-27-thread-1] INFO  storage.RaftStorageDirectory (RaftStorageDirectory.java:analyzeStorage(246)) - The storage directory /workdir/hadoop-ozone/integration-test/target/test-dir/MiniOzoneClusterImpl-210d6028-2152-4683-81ff-347b0d29bb13/datanode-0/data/ratis/8e00f4eb-673b-4bad-b7bb-e8dfda12c3c4 does not exist. Creating ...
2019-09-19 14:21:16,533 [pool-27-thread-1] INFO  storage.RaftStorageDirectory (RaftStorageDirectory.java:tryLock(328)) - Lock on /workdir/hadoop-ozone/integration-test/target/test-dir/MiniOzoneClusterImpl-210d6028-2152-4683-81ff-347b0d29bb13/datanode-0/data/ratis/8e00f4eb-673b-4bad-b7bb-e8dfda12c3c4/in_use.lock acquired by nodename 16198@pr-hdds-1569-swxfz-3172132826
2019-09-19 14:21:16,546 [pool-27-thread-1] INFO  storage.RaftStorage (RaftStorage.java:format(72)) - Storage directory /workdir/hadoop-ozone/integration-test/target/test-dir/MiniOzoneClusterImpl-210d6028-2152-4683-81ff-347b0d29bb13/datanode-0/data/ratis/8e00f4eb-673b-4bad-b7bb-e8dfda12c3c4 has been successfully formatted.
2019-09-19 14:21:16,547 [pool-27-thread-1] INFO  ratis.ContainerStateMachine (ContainerStateMachine.java:loadSnapshot(226)) - group-E8DFDA12C3C4: The snapshot info is null. Setting the last applied indexto:(t:0, i:~)
2019-09-19 14:21:16,547 [pool-27-thread-1] INFO  server.RaftServerConfigKeys (ConfUtils.java:logGet(43)) - raft.server.leader.election.timeout = 120s (custom)
2019-09-19 14:21:16,547 [pool-27-thread-1] INFO  server.RaftServerConfigKeys (ConfUtils.java:logGet(43)) - raft.server.log.use.memory = false (default)
2019-09-19 14:21:16,547 [pool-27-thread-1] INFO  server.RaftServerConfigKeys (ConfUtils.java:logGet(43)) - raft.server.log.purge.gap = 1000000 (custom)
2019-09-19 14:21:16,547 [pool-27-thread-1] INFO  server.RaftServerConfigKeys (ConfUtils.java:logGet(43)) - raft.server.log.appender.buffer.byte-limit = 33554432 (custom)
2019-09-19 14:21:16,547 [pool-27-thread-1] INFO  server.RaftServerConfigKeys (ConfUtils.java:logGet(43)) - raft.server.log.segment.size.max = 1048576 (custom)
2019-09-19 14:21:16,547 [pool-27-thread-1] INFO  server.RaftServerConfigKeys (ConfUtils.java:logGet(43)) - raft.server.log.segment.cache.num.max = 2 (custom)
2019-09-19 14:21:16,547 [pool-27-thread-1] INFO  segmented.SegmentedRaftLogWorker (SegmentedRaftLogWorker.java:<init>(172)) - new 85c6a9f3-b9a5-43a5-ac4f-9aa7bd5f2263-SegmentedRaftLogWorker:Storage Directory /workdir/hadoop-ozone/integration-test/target/test-dir/MiniOzoneClusterImpl-210d6028-2152-4683-81ff-347b0d29bb13/datanode-0/data/ratis/8e00f4eb-673b-4bad-b7bb-e8dfda12c3c4 for RaftStorage:Storage Directory /workdir/hadoop-ozone/integration-test/target/test-dir/MiniOzoneClusterImpl-210d6028-2152-4683-81ff-347b0d29bb13/datanode-0/data/ratis/8e00f4eb-673b-4bad-b7bb-e8dfda12c3c4
2019-09-19 14:21:16,548 [pool-27-thread-1] INFO  server.RaftServerConfigKeys (ConfUtils.java:logGet(43)) - raft.server.log.queue.byte-limit = 2147483647 (custom)
2019-09-19 14:21:16,548 [pool-27-thread-1] INFO  server.RaftServerConfigKeys (ConfUtils.java:logGet(43)) - raft.server.log.queue.element-limit = 1024 (custom)
2019-09-19 14:21:16,548 [pool-27-thread-1] INFO  server.RaftServerConfigKeys (ConfUtils.java:logGet(43)) - raft.server.log.segment.size.max = 1048576 (custom)
2019-09-19 14:21:16,548 [pool-27-thread-1] INFO  server.RaftServerConfigKeys (ConfUtils.java:logGet(43)) - raft.server.log.preallocated.size = 16384 (custom)
2019-09-19 14:21:16,548 [pool-27-thread-1] INFO  server.RaftServerConfigKeys (ConfUtils.java:logGet(43)) - raft.server.log.write.buffer.size = 33554432 (custom)
2019-09-19 14:21:16,548 [pool-27-thread-1] INFO  server.RaftServerConfigKeys (ConfUtils.java:logGet(43)) - raft.server.log.force.sync.num = 128 (default)
2019-09-19 14:21:16,548 [pool-27-thread-1] INFO  server.RaftServerConfigKeys (ConfUtils.java:logGet(43)) - raft.server.log.statemachine.data.sync = true (default)
2019-09-19 14:21:16,549 [pool-27-thread-1] INFO  server.RaftServerConfigKeys (ConfUtils.java:logGet(43)) - raft.server.log.statemachine.data.sync.timeout = 10s (default)
2019-09-19 14:21:16,549 [pool-27-thread-1] INFO  server.RaftServerConfigKeys (ConfUtils.java:logGet(43)) - raft.server.log.statemachine.data.sync.timeout.retry = -1 (default)
2019-09-19 14:21:16,549 [pool-27-thread-1] INFO  server.RaftServerConfigKeys (ConfUtils.java:logGet(43)) - raft.server.log.statemachine.data.caching.enabled = true (custom)
2019-09-19 14:21:16,549 [pool-27-thread-1] INFO  segmented.SegmentedRaftLogWorker (SegmentedRaftLogWorker.java:lambda$new$0(132)) - 85c6a9f3-b9a5-43a5-ac4f-9aa7bd5f2263-SegmentedRaftLogWorker:Storage Directory /workdir/hadoop-ozone/integration-test/target/test-dir/MiniOzoneClusterImpl-210d6028-2152-4683-81ff-347b0d29bb13/datanode-0/data/ratis/8e00f4eb-673b-4bad-b7bb-e8dfda12c3c4: flushIndex: setUnconditionally 0 -> -1
2019-09-19 14:21:16,550 [pool-27-thread-1] INFO  server.RaftServerConfigKeys (ConfUtils.java:logGet(43)) - raft.server.snapshot.auto.trigger.enabled = true (custom)
2019-09-19 14:21:16,550 [pool-27-thread-1] INFO  server.RaftServerConfigKeys (ConfUtils.java:logGet(43)) - raft.server.snapshot.auto.trigger.threshold = 10000 (custom)
2019-09-19 14:21:16,550 [pool-27-thread-1] INFO  server.RaftServerConfigKeys (ConfUtils.java:logGet(43)) - raft.server.retrycache.expirytime = 600000ms (custom)
2019-09-19 14:21:16,550 [pool-27-thread-1] INFO  impl.RaftServerImpl (RaftServerImpl.java:start(180)) - 85c6a9f3-b9a5-43a5-ac4f-9aa7bd5f2263: start group-E8DFDA12C3C4
2019-09-19 14:21:16,551 [pool-27-thread-1] INFO  impl.RaftServerImpl (RaftServerImpl.java:setRole(171)) - 85c6a9f3-b9a5-43a5-ac4f-9aa7bd5f2263:group-E8DFDA12C3C4 changes role from null to FOLLOWER at term 0 for startAsFollower
2019-09-19 14:21:16,551 [pool-27-thread-1] INFO  impl.RoleInfo (RoleInfo.java:updateAndGet(143)) - 85c6a9f3-b9a5-43a5-ac4f-9aa7bd5f2263: start FollowerState
2019-09-19 14:21:16,551 [pool-27-thread-1] INFO  util.JmxRegister (JmxRegister.java:tryRegister(44)) - Successfully registered JMX Bean with object name Ratis:service=RaftServer,group=group-E8DFDA12C3C4,id=85c6a9f3-b9a5-43a5-ac4f-9aa7bd5f2263
2019-09-19 14:21:16,557 [RatisPipelineUtilsThread] INFO  pipeline.PipelineStateManager (PipelineStateManager.java:addPipeline(56)) - Created pipeline Pipeline[ Id: 8e00f4eb-673b-4bad-b7bb-e8dfda12c3c4, Nodes: 85c6a9f3-b9a5-43a5-ac4f-9aa7bd5f2263{ip: 192.168.157.226, host: pr-hdds-1569-swxfz-3172132826, networkLocation: /default-rack, certSerialId: null}, Type:RATIS, Factor:ONE, State:OPEN]
2019-09-19 14:21:16,569 [grpc-default-executor-1] INFO  impl.RaftServerProxy (RaftServerProxy.java:addNew(89)) - 6403e584-2209-453b-b79e-eeb0a7b58516: addNew group-49462D32D52F:[6403e584-2209-453b-b79e-eeb0a7b58516:192.168.157.226:35833] returns group-49462D32D52F:java.util.concurrent.CompletableFuture@196fae9d[Not completed]
2019-09-19 14:21:16,571 [pool-60-thread-1] INFO  impl.RaftServerImpl (RaftServerImpl.java:<init>(93)) - 6403e584-2209-453b-b79e-eeb0a7b58516: new RaftServerImpl for group-49462D32D52F:[6403e584-2209-453b-b79e-eeb0a7b58516:192.168.157.226:35833] with ContainerStateMachine:uninitialized
2019-09-19 14:21:16,571 [pool-60-thread-1] INFO  server.RaftServerConfigKeys (ConfUtils.java:logGet(43)) - raft.server.rpc.timeout.min = 5s (custom)
2019-09-19 14:21:16,571 [pool-60-thread-1] INFO  server.RaftServerConfigKeys (ConfUtils.java:logGet(43)) - raft.server.rpc.timeout.max = 5200ms (custom)
2019-09-19 14:21:16,571 [pool-60-thread-1] INFO  server.RaftServerConfigKeys (ConfUtils.java:logGet(43)) - raft.server.rpcslowness.timeout = 120s (custom)
2019-09-19 14:21:16,571 [pool-60-thread-1] INFO  server.RaftServerConfigKeys (ConfUtils.java:logGet(43)) - raft.server.sleep.deviation.threshold = 300 (default)
2019-09-19 14:21:16,571 [pool-60-thread-1] INFO  server.RaftServerConfigKeys (ConfUtils.java:logGet(43)) - raft.server.log.appender.install.snapshot.enabled = false (custom)
2019-09-19 14:21:16,572 [pool-60-thread-1] INFO  impl.RaftServerImpl (ServerState.java:<init>(105)) - 6403e584-2209-453b-b79e-eeb0a7b58516:group-49462D32D52F ConfigurationManager, init=-1: [6403e584-2209-453b-b79e-eeb0a7b58516:192.168.157.226:35833], old=null, confs=<EMPTY_MAP>
2019-09-19 14:21:16,572 [pool-60-thread-1] INFO  server.RaftServerConfigKeys (ConfUtils.java:logGet(43)) - raft.server.storage.dir = [/workdir/hadoop-ozone/integration-test/target/test-dir/MiniOzoneClusterImpl-210d6028-2152-4683-81ff-347b0d29bb13/datanode-3/data/ratis] (custom)
2019-09-19 14:21:16,572 [pool-60-thread-1] INFO  storage.RaftStorageDirectory (RaftStorageDirectory.java:analyzeStorage(246)) - The storage directory /workdir/hadoop-ozone/integration-test/target/test-dir/MiniOzoneClusterImpl-210d6028-2152-4683-81ff-347b0d29bb13/datanode-3/data/ratis/3aa209b6-9634-498c-804f-49462d32d52f does not exist. Creating ...
2019-09-19 14:21:16,585 [pool-60-thread-1] INFO  storage.RaftStorageDirectory (RaftStorageDirectory.java:tryLock(328)) - Lock on /workdir/hadoop-ozone/integration-test/target/test-dir/MiniOzoneClusterImpl-210d6028-2152-4683-81ff-347b0d29bb13/datanode-3/data/ratis/3aa209b6-9634-498c-804f-49462d32d52f/in_use.lock acquired by nodename 16198@pr-hdds-1569-swxfz-3172132826
2019-09-19 14:21:16,598 [pool-60-thread-1] INFO  storage.RaftStorage (RaftStorage.java:format(72)) - Storage directory /workdir/hadoop-ozone/integration-test/target/test-dir/MiniOzoneClusterImpl-210d6028-2152-4683-81ff-347b0d29bb13/datanode-3/data/ratis/3aa209b6-9634-498c-804f-49462d32d52f has been successfully formatted.
2019-09-19 14:21:16,599 [pool-60-thread-1] INFO  ratis.ContainerStateMachine (ContainerStateMachine.java:loadSnapshot(226)) - group-49462D32D52F: The snapshot info is null. Setting the last applied indexto:(t:0, i:~)
2019-09-19 14:21:16,599 [pool-60-thread-1] INFO  server.RaftServerConfigKeys (ConfUtils.java:logGet(43)) - raft.server.leader.election.timeout = 120s (custom)
2019-09-19 14:21:16,599 [pool-60-thread-1] INFO  server.RaftServerConfigKeys (ConfUtils.java:logGet(43)) - raft.server.log.use.memory = false (default)
2019-09-19 14:21:16,599 [pool-60-thread-1] INFO  server.RaftServerConfigKeys (ConfUtils.java:logGet(43)) - raft.server.log.purge.gap = 1000000 (custom)
2019-09-19 14:21:16,600 [pool-60-thread-1] INFO  server.RaftServerConfigKeys (ConfUtils.java:logGet(43)) - raft.server.log.appender.buffer.byte-limit = 33554432 (custom)
2019-09-19 14:21:16,600 [pool-60-thread-1] INFO  server.RaftServerConfigKeys (ConfUtils.java:logGet(43)) - raft.server.log.segment.size.max = 1048576 (custom)
2019-09-19 14:21:16,600 [pool-60-thread-1] INFO  server.RaftServerConfigKeys (ConfUtils.java:logGet(43)) - raft.server.log.segment.cache.num.max = 2 (custom)
2019-09-19 14:21:16,600 [pool-60-thread-1] INFO  segmented.SegmentedRaftLogWorker (SegmentedRaftLogWorker.java:<init>(172)) - new 6403e584-2209-453b-b79e-eeb0a7b58516-SegmentedRaftLogWorker:Storage Directory /workdir/hadoop-ozone/integration-test/target/test-dir/MiniOzoneClusterImpl-210d6028-2152-4683-81ff-347b0d29bb13/datanode-3/data/ratis/3aa209b6-9634-498c-804f-49462d32d52f for RaftStorage:Storage Directory /workdir/hadoop-ozone/integration-test/target/test-dir/MiniOzoneClusterImpl-210d6028-2152-4683-81ff-347b0d29bb13/datanode-3/data/ratis/3aa209b6-9634-498c-804f-49462d32d52f
2019-09-19 14:21:16,600 [pool-60-thread-1] INFO  server.RaftServerConfigKeys (ConfUtils.java:logGet(43)) - raft.server.log.queue.byte-limit = 2147483647 (custom)
2019-09-19 14:21:16,600 [pool-60-thread-1] INFO  server.RaftServerConfigKeys (ConfUtils.java:logGet(43)) - raft.server.log.queue.element-limit = 1024 (custom)
2019-09-19 14:21:16,601 [pool-60-thread-1] INFO  server.RaftServerConfigKeys (ConfUtils.java:logGet(43)) - raft.server.log.segment.size.max = 1048576 (custom)
2019-09-19 14:21:16,601 [pool-60-thread-1] INFO  server.RaftServerConfigKeys (ConfUtils.java:logGet(43)) - raft.server.log.preallocated.size = 16384 (custom)
2019-09-19 14:21:16,601 [pool-60-thread-1] INFO  server.RaftServerConfigKeys (ConfUtils.java:logGet(43)) - raft.server.log.write.buffer.size = 33554432 (custom)
2019-09-19 14:21:16,601 [pool-60-thread-1] INFO  server.RaftServerConfigKeys (ConfUtils.java:logGet(43)) - raft.server.log.force.sync.num = 128 (default)
2019-09-19 14:21:16,601 [pool-60-thread-1] INFO  server.RaftServerConfigKeys (ConfUtils.java:logGet(43)) - raft.server.log.statemachine.data.sync = true (default)
2019-09-19 14:21:16,601 [pool-60-thread-1] INFO  server.RaftServerConfigKeys (ConfUtils.java:logGet(43)) - raft.server.log.statemachine.data.sync.timeout = 10s (default)
2019-09-19 14:21:16,602 [pool-60-thread-1] INFO  server.RaftServerConfigKeys (ConfUtils.java:logGet(43)) - raft.server.log.statemachine.data.sync.timeout.retry = -1 (default)
2019-09-19 14:21:16,602 [pool-60-thread-1] INFO  server.RaftServerConfigKeys (ConfUtils.java:logGet(43)) - raft.server.log.statemachine.data.caching.enabled = true (custom)
2019-09-19 14:21:16,603 [pool-60-thread-1] INFO  segmented.SegmentedRaftLogWorker (SegmentedRaftLogWorker.java:lambda$new$0(132)) - 6403e584-2209-453b-b79e-eeb0a7b58516-SegmentedRaftLogWorker:Storage Directory /workdir/hadoop-ozone/integration-test/target/test-dir/MiniOzoneClusterImpl-210d6028-2152-4683-81ff-347b0d29bb13/datanode-3/data/ratis/3aa209b6-9634-498c-804f-49462d32d52f: flushIndex: setUnconditionally 0 -> -1
2019-09-19 14:21:16,603 [pool-60-thread-1] INFO  server.RaftServerConfigKeys (ConfUtils.java:logGet(43)) - raft.server.snapshot.auto.trigger.enabled = true (custom)
2019-09-19 14:21:16,603 [pool-60-thread-1] INFO  server.RaftServerConfigKeys (ConfUtils.java:logGet(43)) - raft.server.snapshot.auto.trigger.threshold = 10000 (custom)
2019-09-19 14:21:16,603 [pool-60-thread-1] INFO  server.RaftServerConfigKeys (ConfUtils.java:logGet(43)) - raft.server.retrycache.expirytime = 600000ms (custom)
2019-09-19 14:21:16,604 [pool-60-thread-1] INFO  impl.RaftServerImpl (RaftServerImpl.java:start(180)) - 6403e584-2209-453b-b79e-eeb0a7b58516: start group-49462D32D52F
2019-09-19 14:21:16,604 [pool-60-thread-1] INFO  impl.RaftServerImpl (RaftServerImpl.java:setRole(171)) - 6403e584-2209-453b-b79e-eeb0a7b58516:group-49462D32D52F changes role from null to FOLLOWER at term 0 for startAsFollower
2019-09-19 14:21:16,604 [pool-60-thread-1] INFO  impl.RoleInfo (RoleInfo.java:updateAndGet(143)) - 6403e584-2209-453b-b79e-eeb0a7b58516: start FollowerState
2019-09-19 14:21:16,605 [pool-60-thread-1] INFO  util.JmxRegister (JmxRegister.java:tryRegister(44)) - Successfully registered JMX Bean with object name Ratis:service=RaftServer,group=group-49462D32D52F,id=6403e584-2209-453b-b79e-eeb0a7b58516
2019-09-19 14:21:16,608 | INFO  | SCMAudit | user=jenkins1000 | ip=192.168.157.226 | op=SEND_HEARTBEAT {datanodeUUID=431517c4-8c09-4790-b37b-2e132c8143ad, command=[]} | ret=SUCCESS |  
2019-09-19 14:21:16,612 [RatisPipelineUtilsThread] INFO  pipeline.PipelineStateManager (PipelineStateManager.java:addPipeline(56)) - Created pipeline Pipeline[ Id: 3aa209b6-9634-498c-804f-49462d32d52f, Nodes: 6403e584-2209-453b-b79e-eeb0a7b58516{ip: 192.168.157.226, host: pr-hdds-1569-swxfz-3172132826, networkLocation: /default-rack, certSerialId: null}, Type:RATIS, Factor:ONE, State:OPEN]
2019-09-19 14:21:16,623 [grpc-default-executor-1] INFO  impl.RaftServerProxy (RaftServerProxy.java:addNew(89)) - 6403e584-2209-453b-b79e-eeb0a7b58516: addNew group-F02C244E9BDB:[6403e584-2209-453b-b79e-eeb0a7b58516:192.168.157.226:35833] returns group-F02C244E9BDB:java.util.concurrent.CompletableFuture@33eca862[Not completed]
2019-09-19 14:21:16,625 [pool-60-thread-1] INFO  impl.RaftServerImpl (RaftServerImpl.java:<init>(93)) - 6403e584-2209-453b-b79e-eeb0a7b58516: new RaftServerImpl for group-F02C244E9BDB:[6403e584-2209-453b-b79e-eeb0a7b58516:192.168.157.226:35833] with ContainerStateMachine:uninitialized
2019-09-19 14:21:16,625 [pool-60-thread-1] INFO  server.RaftServerConfigKeys (ConfUtils.java:logGet(43)) - raft.server.rpc.timeout.min = 5s (custom)
2019-09-19 14:21:16,626 [pool-60-thread-1] INFO  server.RaftServerConfigKeys (ConfUtils.java:logGet(43)) - raft.server.rpc.timeout.max = 5200ms (custom)
2019-09-19 14:21:16,626 [pool-60-thread-1] INFO  server.RaftServerConfigKeys (ConfUtils.java:logGet(43)) - raft.server.rpcslowness.timeout = 120s (custom)
2019-09-19 14:21:16,626 [pool-60-thread-1] INFO  server.RaftServerConfigKeys (ConfUtils.java:logGet(43)) - raft.server.sleep.deviation.threshold = 300 (default)
2019-09-19 14:21:16,626 [pool-60-thread-1] INFO  server.RaftServerConfigKeys (ConfUtils.java:logGet(43)) - raft.server.log.appender.install.snapshot.enabled = false (custom)
2019-09-19 14:21:16,626 [pool-60-thread-1] INFO  impl.RaftServerImpl (ServerState.java:<init>(105)) - 6403e584-2209-453b-b79e-eeb0a7b58516:group-F02C244E9BDB ConfigurationManager, init=-1: [6403e584-2209-453b-b79e-eeb0a7b58516:192.168.157.226:35833], old=null, confs=<EMPTY_MAP>
2019-09-19 14:21:16,626 [pool-60-thread-1] INFO  server.RaftServerConfigKeys (ConfUtils.java:logGet(43)) - raft.server.storage.dir = [/workdir/hadoop-ozone/integration-test/target/test-dir/MiniOzoneClusterImpl-210d6028-2152-4683-81ff-347b0d29bb13/datanode-3/data/ratis] (custom)
2019-09-19 14:21:16,627 [pool-60-thread-1] INFO  storage.RaftStorageDirectory (RaftStorageDirectory.java:analyzeStorage(246)) - The storage directory /workdir/hadoop-ozone/integration-test/target/test-dir/MiniOzoneClusterImpl-210d6028-2152-4683-81ff-347b0d29bb13/datanode-3/data/ratis/84446815-a876-4482-b976-f02c244e9bdb does not exist. Creating ...
2019-09-19 14:21:16,639 [pool-60-thread-1] INFO  storage.RaftStorageDirectory (RaftStorageDirectory.java:tryLock(328)) - Lock on /workdir/hadoop-ozone/integration-test/target/test-dir/MiniOzoneClusterImpl-210d6028-2152-4683-81ff-347b0d29bb13/datanode-3/data/ratis/84446815-a876-4482-b976-f02c244e9bdb/in_use.lock acquired by nodename 16198@pr-hdds-1569-swxfz-3172132826
2019-09-19 14:21:16,652 [pool-60-thread-1] INFO  storage.RaftStorage (RaftStorage.java:format(72)) - Storage directory /workdir/hadoop-ozone/integration-test/target/test-dir/MiniOzoneClusterImpl-210d6028-2152-4683-81ff-347b0d29bb13/datanode-3/data/ratis/84446815-a876-4482-b976-f02c244e9bdb has been successfully formatted.
2019-09-19 14:21:16,652 [pool-60-thread-1] INFO  ratis.ContainerStateMachine (ContainerStateMachine.java:loadSnapshot(226)) - group-F02C244E9BDB: The snapshot info is null. Setting the last applied indexto:(t:0, i:~)
2019-09-19 14:21:16,652 [pool-60-thread-1] INFO  server.RaftServerConfigKeys (ConfUtils.java:logGet(43)) - raft.server.leader.election.timeout = 120s (custom)
2019-09-19 14:21:16,652 [pool-60-thread-1] INFO  server.RaftServerConfigKeys (ConfUtils.java:logGet(43)) - raft.server.log.use.memory = false (default)
2019-09-19 14:21:16,653 [pool-60-thread-1] INFO  server.RaftServerConfigKeys (ConfUtils.java:logGet(43)) - raft.server.log.purge.gap = 1000000 (custom)
2019-09-19 14:21:16,653 [pool-60-thread-1] INFO  server.RaftServerConfigKeys (ConfUtils.java:logGet(43)) - raft.server.log.appender.buffer.byte-limit = 33554432 (custom)
2019-09-19 14:21:16,653 [pool-60-thread-1] INFO  server.RaftServerConfigKeys (ConfUtils.java:logGet(43)) - raft.server.log.segment.size.max = 1048576 (custom)
2019-09-19 14:21:16,653 [pool-60-thread-1] INFO  server.RaftServerConfigKeys (ConfUtils.java:logGet(43)) - raft.server.log.segment.cache.num.max = 2 (custom)
2019-09-19 14:21:16,653 [pool-60-thread-1] INFO  segmented.SegmentedRaftLogWorker (SegmentedRaftLogWorker.java:<init>(172)) - new 6403e584-2209-453b-b79e-eeb0a7b58516-SegmentedRaftLogWorker:Storage Directory /workdir/hadoop-ozone/integration-test/target/test-dir/MiniOzoneClusterImpl-210d6028-2152-4683-81ff-347b0d29bb13/datanode-3/data/ratis/84446815-a876-4482-b976-f02c244e9bdb for RaftStorage:Storage Directory /workdir/hadoop-ozone/integration-test/target/test-dir/MiniOzoneClusterImpl-210d6028-2152-4683-81ff-347b0d29bb13/datanode-3/data/ratis/84446815-a876-4482-b976-f02c244e9bdb
2019-09-19 14:21:16,654 [pool-60-thread-1] INFO  server.RaftServerConfigKeys (ConfUtils.java:logGet(43)) - raft.server.log.queue.byte-limit = 2147483647 (custom)
2019-09-19 14:21:16,654 [pool-60-thread-1] INFO  server.RaftServerConfigKeys (ConfUtils.java:logGet(43)) - raft.server.log.queue.element-limit = 1024 (custom)
2019-09-19 14:21:16,654 [pool-60-thread-1] INFO  server.RaftServerConfigKeys (ConfUtils.java:logGet(43)) - raft.server.log.segment.size.max = 1048576 (custom)
2019-09-19 14:21:16,654 [pool-60-thread-1] INFO  server.RaftServerConfigKeys (ConfUtils.java:logGet(43)) - raft.server.log.preallocated.size = 16384 (custom)
2019-09-19 14:21:16,654 [pool-60-thread-1] INFO  server.RaftServerConfigKeys (ConfUtils.java:logGet(43)) - raft.server.log.write.buffer.size = 33554432 (custom)
2019-09-19 14:21:16,654 [pool-60-thread-1] INFO  server.RaftServerConfigKeys (ConfUtils.java:logGet(43)) - raft.server.log.force.sync.num = 128 (default)
2019-09-19 14:21:16,655 [pool-60-thread-1] INFO  server.RaftServerConfigKeys (ConfUtils.java:logGet(43)) - raft.server.log.statemachine.data.sync = true (default)
2019-09-19 14:21:16,655 [pool-60-thread-1] INFO  server.RaftServerConfigKeys (ConfUtils.java:logGet(43)) - raft.server.log.statemachine.data.sync.timeout = 10s (default)
2019-09-19 14:21:16,655 [pool-60-thread-1] INFO  server.RaftServerConfigKeys (ConfUtils.java:logGet(43)) - raft.server.log.statemachine.data.sync.timeout.retry = -1 (default)
2019-09-19 14:21:16,655 [pool-60-thread-1] INFO  server.RaftServerConfigKeys (ConfUtils.java:logGet(43)) - raft.server.log.statemachine.data.caching.enabled = true (custom)
2019-09-19 14:21:16,655 [pool-60-thread-1] INFO  segmented.SegmentedRaftLogWorker (SegmentedRaftLogWorker.java:lambda$new$0(132)) - 6403e584-2209-453b-b79e-eeb0a7b58516-SegmentedRaftLogWorker:Storage Directory /workdir/hadoop-ozone/integration-test/target/test-dir/MiniOzoneClusterImpl-210d6028-2152-4683-81ff-347b0d29bb13/datanode-3/data/ratis/84446815-a876-4482-b976-f02c244e9bdb: flushIndex: setUnconditionally 0 -> -1
2019-09-19 14:21:16,656 [pool-60-thread-1] INFO  server.RaftServerConfigKeys (ConfUtils.java:logGet(43)) - raft.server.snapshot.auto.trigger.enabled = true (custom)
2019-09-19 14:21:16,656 [pool-60-thread-1] INFO  server.RaftServerConfigKeys (ConfUtils.java:logGet(43)) - raft.server.snapshot.auto.trigger.threshold = 10000 (custom)
2019-09-19 14:21:16,656 [pool-60-thread-1] INFO  server.RaftServerConfigKeys (ConfUtils.java:logGet(43)) - raft.server.retrycache.expirytime = 600000ms (custom)
2019-09-19 14:21:16,656 [pool-60-thread-1] INFO  impl.RaftServerImpl (RaftServerImpl.java:start(180)) - 6403e584-2209-453b-b79e-eeb0a7b58516: start group-F02C244E9BDB
2019-09-19 14:21:16,657 [pool-60-thread-1] INFO  impl.RaftServerImpl (RaftServerImpl.java:setRole(171)) - 6403e584-2209-453b-b79e-eeb0a7b58516:group-F02C244E9BDB changes role from null to FOLLOWER at term 0 for startAsFollower
2019-09-19 14:21:16,657 [pool-60-thread-1] INFO  impl.RoleInfo (RoleInfo.java:updateAndGet(143)) - 6403e584-2209-453b-b79e-eeb0a7b58516: start FollowerState
2019-09-19 14:21:16,657 [pool-60-thread-1] INFO  util.JmxRegister (JmxRegister.java:tryRegister(44)) - Successfully registered JMX Bean with object name Ratis:service=RaftServer,group=group-F02C244E9BDB,id=6403e584-2209-453b-b79e-eeb0a7b58516
2019-09-19 14:21:16,662 [RatisPipelineUtilsThread] INFO  pipeline.PipelineStateManager (PipelineStateManager.java:addPipeline(56)) - Created pipeline Pipeline[ Id: 84446815-a876-4482-b976-f02c244e9bdb, Nodes: 6403e584-2209-453b-b79e-eeb0a7b58516{ip: 192.168.157.226, host: pr-hdds-1569-swxfz-3172132826, networkLocation: /default-rack, certSerialId: null}, Type:RATIS, Factor:ONE, State:OPEN]
2019-09-19 14:21:16,673 [grpc-default-executor-1] INFO  impl.RaftServerProxy (RaftServerProxy.java:addNew(89)) - 5dfaa0ea-416a-422c-a75d-43311aceb00a: addNew group-42F1B0B7D7E0:[5dfaa0ea-416a-422c-a75d-43311aceb00a:192.168.157.226:45629] returns group-42F1B0B7D7E0:java.util.concurrent.CompletableFuture@6be17b9a[Not completed]
2019-09-19 14:21:16,675 [pool-38-thread-1] INFO  impl.RaftServerImpl (RaftServerImpl.java:<init>(93)) - 5dfaa0ea-416a-422c-a75d-43311aceb00a: new RaftServerImpl for group-42F1B0B7D7E0:[5dfaa0ea-416a-422c-a75d-43311aceb00a:192.168.157.226:45629] with ContainerStateMachine:uninitialized
2019-09-19 14:21:16,675 [pool-38-thread-1] INFO  server.RaftServerConfigKeys (ConfUtils.java:logGet(43)) - raft.server.rpc.timeout.min = 5s (custom)
2019-09-19 14:21:16,675 [pool-38-thread-1] INFO  server.RaftServerConfigKeys (ConfUtils.java:logGet(43)) - raft.server.rpc.timeout.max = 5200ms (custom)
2019-09-19 14:21:16,675 [pool-38-thread-1] INFO  server.RaftServerConfigKeys (ConfUtils.java:logGet(43)) - raft.server.rpcslowness.timeout = 120s (custom)
2019-09-19 14:21:16,675 [pool-38-thread-1] INFO  server.RaftServerConfigKeys (ConfUtils.java:logGet(43)) - raft.server.sleep.deviation.threshold = 300 (default)
2019-09-19 14:21:16,675 [pool-38-thread-1] INFO  server.RaftServerConfigKeys (ConfUtils.java:logGet(43)) - raft.server.log.appender.install.snapshot.enabled = false (custom)
2019-09-19 14:21:16,675 [pool-38-thread-1] INFO  impl.RaftServerImpl (ServerState.java:<init>(105)) - 5dfaa0ea-416a-422c-a75d-43311aceb00a:group-42F1B0B7D7E0 ConfigurationManager, init=-1: [5dfaa0ea-416a-422c-a75d-43311aceb00a:192.168.157.226:45629], old=null, confs=<EMPTY_MAP>
2019-09-19 14:21:16,676 [pool-38-thread-1] INFO  server.RaftServerConfigKeys (ConfUtils.java:logGet(43)) - raft.server.storage.dir = [/workdir/hadoop-ozone/integration-test/target/test-dir/MiniOzoneClusterImpl-210d6028-2152-4683-81ff-347b0d29bb13/datanode-1/data/ratis] (custom)
2019-09-19 14:21:16,676 [pool-38-thread-1] INFO  storage.RaftStorageDirectory (RaftStorageDirectory.java:analyzeStorage(246)) - The storage directory /workdir/hadoop-ozone/integration-test/target/test-dir/MiniOzoneClusterImpl-210d6028-2152-4683-81ff-347b0d29bb13/datanode-1/data/ratis/dc0c658a-6724-4b3a-973d-42f1b0b7d7e0 does not exist. Creating ...
2019-09-19 14:21:16,688 [pool-38-thread-1] INFO  storage.RaftStorageDirectory (RaftStorageDirectory.java:tryLock(328)) - Lock on /workdir/hadoop-ozone/integration-test/target/test-dir/MiniOzoneClusterImpl-210d6028-2152-4683-81ff-347b0d29bb13/datanode-1/data/ratis/dc0c658a-6724-4b3a-973d-42f1b0b7d7e0/in_use.lock acquired by nodename 16198@pr-hdds-1569-swxfz-3172132826
2019-09-19 14:21:16,701 [pool-38-thread-1] INFO  storage.RaftStorage (RaftStorage.java:format(72)) - Storage directory /workdir/hadoop-ozone/integration-test/target/test-dir/MiniOzoneClusterImpl-210d6028-2152-4683-81ff-347b0d29bb13/datanode-1/data/ratis/dc0c658a-6724-4b3a-973d-42f1b0b7d7e0 has been successfully formatted.
2019-09-19 14:21:16,702 [pool-38-thread-1] INFO  ratis.ContainerStateMachine (ContainerStateMachine.java:loadSnapshot(226)) - group-42F1B0B7D7E0: The snapshot info is null. Setting the last applied indexto:(t:0, i:~)
2019-09-19 14:21:16,702 [pool-38-thread-1] INFO  server.RaftServerConfigKeys (ConfUtils.java:logGet(43)) - raft.server.leader.election.timeout = 120s (custom)
2019-09-19 14:21:16,702 [pool-38-thread-1] INFO  server.RaftServerConfigKeys (ConfUtils.java:logGet(43)) - raft.server.log.use.memory = false (default)
2019-09-19 14:21:16,702 [pool-38-thread-1] INFO  server.RaftServerConfigKeys (ConfUtils.java:logGet(43)) - raft.server.log.purge.gap = 1000000 (custom)
2019-09-19 14:21:16,702 [pool-38-thread-1] INFO  server.RaftServerConfigKeys (ConfUtils.java:logGet(43)) - raft.server.log.appender.buffer.byte-limit = 33554432 (custom)
2019-09-19 14:21:16,703 [pool-38-thread-1] INFO  server.RaftServerConfigKeys (ConfUtils.java:logGet(43)) - raft.server.log.segment.size.max = 1048576 (custom)
2019-09-19 14:21:16,703 [pool-38-thread-1] INFO  server.RaftServerConfigKeys (ConfUtils.java:logGet(43)) - raft.server.log.segment.cache.num.max = 2 (custom)
2019-09-19 14:21:16,703 [pool-38-thread-1] INFO  segmented.SegmentedRaftLogWorker (SegmentedRaftLogWorker.java:<init>(172)) - new 5dfaa0ea-416a-422c-a75d-43311aceb00a-SegmentedRaftLogWorker:Storage Directory /workdir/hadoop-ozone/integration-test/target/test-dir/MiniOzoneClusterImpl-210d6028-2152-4683-81ff-347b0d29bb13/datanode-1/data/ratis/dc0c658a-6724-4b3a-973d-42f1b0b7d7e0 for RaftStorage:Storage Directory /workdir/hadoop-ozone/integration-test/target/test-dir/MiniOzoneClusterImpl-210d6028-2152-4683-81ff-347b0d29bb13/datanode-1/data/ratis/dc0c658a-6724-4b3a-973d-42f1b0b7d7e0
2019-09-19 14:21:16,703 [pool-38-thread-1] INFO  server.RaftServerConfigKeys (ConfUtils.java:logGet(43)) - raft.server.log.queue.byte-limit = 2147483647 (custom)
2019-09-19 14:21:16,703 [pool-38-thread-1] INFO  server.RaftServerConfigKeys (ConfUtils.java:logGet(43)) - raft.server.log.queue.element-limit = 1024 (custom)
2019-09-19 14:21:16,703 [pool-38-thread-1] INFO  server.RaftServerConfigKeys (ConfUtils.java:logGet(43)) - raft.server.log.segment.size.max = 1048576 (custom)
2019-09-19 14:21:16,704 [pool-38-thread-1] INFO  server.RaftServerConfigKeys (ConfUtils.java:logGet(43)) - raft.server.log.preallocated.size = 16384 (custom)
2019-09-19 14:21:16,704 [pool-38-thread-1] INFO  server.RaftServerConfigKeys (ConfUtils.java:logGet(43)) - raft.server.log.write.buffer.size = 33554432 (custom)
2019-09-19 14:21:16,704 [pool-38-thread-1] INFO  server.RaftServerConfigKeys (ConfUtils.java:logGet(43)) - raft.server.log.force.sync.num = 128 (default)
2019-09-19 14:21:16,704 [pool-38-thread-1] INFO  server.RaftServerConfigKeys (ConfUtils.java:logGet(43)) - raft.server.log.statemachine.data.sync = true (default)
2019-09-19 14:21:16,704 [pool-38-thread-1] INFO  server.RaftServerConfigKeys (ConfUtils.java:logGet(43)) - raft.server.log.statemachine.data.sync.timeout = 10s (default)
2019-09-19 14:21:16,704 [pool-38-thread-1] INFO  server.RaftServerConfigKeys (ConfUtils.java:logGet(43)) - raft.server.log.statemachine.data.sync.timeout.retry = -1 (default)
2019-09-19 14:21:16,705 [pool-38-thread-1] INFO  server.RaftServerConfigKeys (ConfUtils.java:logGet(43)) - raft.server.log.statemachine.data.caching.enabled = true (custom)
2019-09-19 14:21:16,705 [pool-38-thread-1] INFO  segmented.SegmentedRaftLogWorker (SegmentedRaftLogWorker.java:lambda$new$0(132)) - 5dfaa0ea-416a-422c-a75d-43311aceb00a-SegmentedRaftLogWorker:Storage Directory /workdir/hadoop-ozone/integration-test/target/test-dir/MiniOzoneClusterImpl-210d6028-2152-4683-81ff-347b0d29bb13/datanode-1/data/ratis/dc0c658a-6724-4b3a-973d-42f1b0b7d7e0: flushIndex: setUnconditionally 0 -> -1
2019-09-19 14:21:16,705 [pool-38-thread-1] INFO  server.RaftServerConfigKeys (ConfUtils.java:logGet(43)) - raft.server.snapshot.auto.trigger.enabled = true (custom)
2019-09-19 14:21:16,706 [pool-38-thread-1] INFO  server.RaftServerConfigKeys (ConfUtils.java:logGet(43)) - raft.server.snapshot.auto.trigger.threshold = 10000 (custom)
2019-09-19 14:21:16,706 [pool-38-thread-1] INFO  server.RaftServerConfigKeys (ConfUtils.java:logGet(43)) - raft.server.retrycache.expirytime = 600000ms (custom)
2019-09-19 14:21:16,706 [pool-38-thread-1] INFO  impl.RaftServerImpl (RaftServerImpl.java:start(180)) - 5dfaa0ea-416a-422c-a75d-43311aceb00a: start group-42F1B0B7D7E0
2019-09-19 14:21:16,706 [pool-38-thread-1] INFO  impl.RaftServerImpl (RaftServerImpl.java:setRole(171)) - 5dfaa0ea-416a-422c-a75d-43311aceb00a:group-42F1B0B7D7E0 changes role from null to FOLLOWER at term 0 for startAsFollower
2019-09-19 14:21:16,706 [pool-38-thread-1] INFO  impl.RoleInfo (RoleInfo.java:updateAndGet(143)) - 5dfaa0ea-416a-422c-a75d-43311aceb00a: start FollowerState
2019-09-19 14:21:16,707 [pool-38-thread-1] INFO  util.JmxRegister (JmxRegister.java:tryRegister(44)) - Successfully registered JMX Bean with object name Ratis:service=RaftServer,group=group-42F1B0B7D7E0,id=5dfaa0ea-416a-422c-a75d-43311aceb00a
2019-09-19 14:21:16,713 [RatisPipelineUtilsThread] INFO  pipeline.PipelineStateManager (PipelineStateManager.java:addPipeline(56)) - Created pipeline Pipeline[ Id: dc0c658a-6724-4b3a-973d-42f1b0b7d7e0, Nodes: 5dfaa0ea-416a-422c-a75d-43311aceb00a{ip: 192.168.157.226, host: pr-hdds-1569-swxfz-3172132826, networkLocation: /default-rack, certSerialId: null}, Type:RATIS, Factor:ONE, State:OPEN]
2019-09-19 14:21:16,724 [grpc-default-executor-1] INFO  impl.RaftServerProxy (RaftServerProxy.java:addNew(89)) - 85c6a9f3-b9a5-43a5-ac4f-9aa7bd5f2263: addNew group-C018715A2608:[85c6a9f3-b9a5-43a5-ac4f-9aa7bd5f2263:192.168.157.226:45170] returns group-C018715A2608:java.util.concurrent.CompletableFuture@3dcac27b[Not completed]
2019-09-19 14:21:16,725 [pool-27-thread-1] INFO  impl.RaftServerImpl (RaftServerImpl.java:<init>(93)) - 85c6a9f3-b9a5-43a5-ac4f-9aa7bd5f2263: new RaftServerImpl for group-C018715A2608:[85c6a9f3-b9a5-43a5-ac4f-9aa7bd5f2263:192.168.157.226:45170] with ContainerStateMachine:uninitialized
2019-09-19 14:21:16,725 [pool-27-thread-1] INFO  server.RaftServerConfigKeys (ConfUtils.java:logGet(43)) - raft.server.rpc.timeout.min = 5s (custom)
2019-09-19 14:21:16,726 [pool-27-thread-1] INFO  server.RaftServerConfigKeys (ConfUtils.java:logGet(43)) - raft.server.rpc.timeout.max = 5200ms (custom)
2019-09-19 14:21:16,726 [pool-27-thread-1] INFO  server.RaftServerConfigKeys (ConfUtils.java:logGet(43)) - raft.server.rpcslowness.timeout = 120s (custom)
2019-09-19 14:21:16,726 [pool-27-thread-1] INFO  server.RaftServerConfigKeys (ConfUtils.java:logGet(43)) - raft.server.sleep.deviation.threshold = 300 (default)
2019-09-19 14:21:16,726 [pool-27-thread-1] INFO  server.RaftServerConfigKeys (ConfUtils.java:logGet(43)) - raft.server.log.appender.install.snapshot.enabled = false (custom)
2019-09-19 14:21:16,726 [pool-27-thread-1] INFO  impl.RaftServerImpl (ServerState.java:<init>(105)) - 85c6a9f3-b9a5-43a5-ac4f-9aa7bd5f2263:group-C018715A2608 ConfigurationManager, init=-1: [85c6a9f3-b9a5-43a5-ac4f-9aa7bd5f2263:192.168.157.226:45170], old=null, confs=<EMPTY_MAP>
2019-09-19 14:21:16,726 [pool-27-thread-1] INFO  server.RaftServerConfigKeys (ConfUtils.java:logGet(43)) - raft.server.storage.dir = [/workdir/hadoop-ozone/integration-test/target/test-dir/MiniOzoneClusterImpl-210d6028-2152-4683-81ff-347b0d29bb13/datanode-0/data/ratis] (custom)
2019-09-19 14:21:16,727 [pool-27-thread-1] INFO  storage.RaftStorageDirectory (RaftStorageDirectory.java:analyzeStorage(246)) - The storage directory /workdir/hadoop-ozone/integration-test/target/test-dir/MiniOzoneClusterImpl-210d6028-2152-4683-81ff-347b0d29bb13/datanode-0/data/ratis/07846821-8c4b-412f-bc52-c018715a2608 does not exist. Creating ...
2019-09-19 14:21:16,740 [pool-27-thread-1] INFO  storage.RaftStorageDirectory (RaftStorageDirectory.java:tryLock(328)) - Lock on /workdir/hadoop-ozone/integration-test/target/test-dir/MiniOzoneClusterImpl-210d6028-2152-4683-81ff-347b0d29bb13/datanode-0/data/ratis/07846821-8c4b-412f-bc52-c018715a2608/in_use.lock acquired by nodename 16198@pr-hdds-1569-swxfz-3172132826
2019-09-19 14:21:16,753 [pool-27-thread-1] INFO  storage.RaftStorage (RaftStorage.java:format(72)) - Storage directory /workdir/hadoop-ozone/integration-test/target/test-dir/MiniOzoneClusterImpl-210d6028-2152-4683-81ff-347b0d29bb13/datanode-0/data/ratis/07846821-8c4b-412f-bc52-c018715a2608 has been successfully formatted.
2019-09-19 14:21:16,753 [pool-27-thread-1] INFO  ratis.ContainerStateMachine (ContainerStateMachine.java:loadSnapshot(226)) - group-C018715A2608: The snapshot info is null. Setting the last applied indexto:(t:0, i:~)
2019-09-19 14:21:16,753 [pool-27-thread-1] INFO  server.RaftServerConfigKeys (ConfUtils.java:logGet(43)) - raft.server.leader.election.timeout = 120s (custom)
2019-09-19 14:21:16,753 [pool-27-thread-1] INFO  server.RaftServerConfigKeys (ConfUtils.java:logGet(43)) - raft.server.log.use.memory = false (default)
2019-09-19 14:21:16,753 [pool-27-thread-1] INFO  server.RaftServerConfigKeys (ConfUtils.java:logGet(43)) - raft.server.log.purge.gap = 1000000 (custom)
2019-09-19 14:21:16,753 [pool-27-thread-1] INFO  server.RaftServerConfigKeys (ConfUtils.java:logGet(43)) - raft.server.log.appender.buffer.byte-limit = 33554432 (custom)
2019-09-19 14:21:16,754 [pool-27-thread-1] INFO  server.RaftServerConfigKeys (ConfUtils.java:logGet(43)) - raft.server.log.segment.size.max = 1048576 (custom)
2019-09-19 14:21:16,754 [pool-27-thread-1] INFO  server.RaftServerConfigKeys (ConfUtils.java:logGet(43)) - raft.server.log.segment.cache.num.max = 2 (custom)
2019-09-19 14:21:16,754 [pool-27-thread-1] INFO  segmented.SegmentedRaftLogWorker (SegmentedRaftLogWorker.java:<init>(172)) - new 85c6a9f3-b9a5-43a5-ac4f-9aa7bd5f2263-SegmentedRaftLogWorker:Storage Directory /workdir/hadoop-ozone/integration-test/target/test-dir/MiniOzoneClusterImpl-210d6028-2152-4683-81ff-347b0d29bb13/datanode-0/data/ratis/07846821-8c4b-412f-bc52-c018715a2608 for RaftStorage:Storage Directory /workdir/hadoop-ozone/integration-test/target/test-dir/MiniOzoneClusterImpl-210d6028-2152-4683-81ff-347b0d29bb13/datanode-0/data/ratis/07846821-8c4b-412f-bc52-c018715a2608
2019-09-19 14:21:16,754 [pool-27-thread-1] INFO  server.RaftServerConfigKeys (ConfUtils.java:logGet(43)) - raft.server.log.queue.byte-limit = 2147483647 (custom)
2019-09-19 14:21:16,754 [pool-27-thread-1] INFO  server.RaftServerConfigKeys (ConfUtils.java:logGet(43)) - raft.server.log.queue.element-limit = 1024 (custom)
2019-09-19 14:21:16,754 [pool-27-thread-1] INFO  server.RaftServerConfigKeys (ConfUtils.java:logGet(43)) - raft.server.log.segment.size.max = 1048576 (custom)
2019-09-19 14:21:16,754 [pool-27-thread-1] INFO  server.RaftServerConfigKeys (ConfUtils.java:logGet(43)) - raft.server.log.preallocated.size = 16384 (custom)
2019-09-19 14:21:16,754 [pool-27-thread-1] INFO  server.RaftServerConfigKeys (ConfUtils.java:logGet(43)) - raft.server.log.write.buffer.size = 33554432 (custom)
2019-09-19 14:21:16,754 [pool-27-thread-1] INFO  server.RaftServerConfigKeys (ConfUtils.java:logGet(43)) - raft.server.log.force.sync.num = 128 (default)
2019-09-19 14:21:16,755 [pool-27-thread-1] INFO  server.RaftServerConfigKeys (ConfUtils.java:logGet(43)) - raft.server.log.statemachine.data.sync = true (default)
2019-09-19 14:21:16,755 [pool-27-thread-1] INFO  server.RaftServerConfigKeys (ConfUtils.java:logGet(43)) - raft.server.log.statemachine.data.sync.timeout = 10s (default)
2019-09-19 14:21:16,755 [pool-27-thread-1] INFO  server.RaftServerConfigKeys (ConfUtils.java:logGet(43)) - raft.server.log.statemachine.data.sync.timeout.retry = -1 (default)
2019-09-19 14:21:16,755 [pool-27-thread-1] INFO  server.RaftServerConfigKeys (ConfUtils.java:logGet(43)) - raft.server.log.statemachine.data.caching.enabled = true (custom)
2019-09-19 14:21:16,755 [pool-27-thread-1] INFO  segmented.SegmentedRaftLogWorker (SegmentedRaftLogWorker.java:lambda$new$0(132)) - 85c6a9f3-b9a5-43a5-ac4f-9aa7bd5f2263-SegmentedRaftLogWorker:Storage Directory /workdir/hadoop-ozone/integration-test/target/test-dir/MiniOzoneClusterImpl-210d6028-2152-4683-81ff-347b0d29bb13/datanode-0/data/ratis/07846821-8c4b-412f-bc52-c018715a2608: flushIndex: setUnconditionally 0 -> -1
2019-09-19 14:21:16,756 [pool-27-thread-1] INFO  server.RaftServerConfigKeys (ConfUtils.java:logGet(43)) - raft.server.snapshot.auto.trigger.enabled = true (custom)
2019-09-19 14:21:16,756 [pool-27-thread-1] INFO  server.RaftServerConfigKeys (ConfUtils.java:logGet(43)) - raft.server.snapshot.auto.trigger.threshold = 10000 (custom)
2019-09-19 14:21:16,756 [pool-27-thread-1] INFO  server.RaftServerConfigKeys (ConfUtils.java:logGet(43)) - raft.server.retrycache.expirytime = 600000ms (custom)
2019-09-19 14:21:16,756 [pool-27-thread-1] INFO  impl.RaftServerImpl (RaftServerImpl.java:start(180)) - 85c6a9f3-b9a5-43a5-ac4f-9aa7bd5f2263: start group-C018715A2608
2019-09-19 14:21:16,756 [pool-27-thread-1] INFO  impl.RaftServerImpl (RaftServerImpl.java:setRole(171)) - 85c6a9f3-b9a5-43a5-ac4f-9aa7bd5f2263:group-C018715A2608 changes role from null to FOLLOWER at term 0 for startAsFollower
2019-09-19 14:21:16,756 [pool-27-thread-1] INFO  impl.RoleInfo (RoleInfo.java:updateAndGet(143)) - 85c6a9f3-b9a5-43a5-ac4f-9aa7bd5f2263: start FollowerState
2019-09-19 14:21:16,757 [pool-27-thread-1] INFO  util.JmxRegister (JmxRegister.java:tryRegister(44)) - Successfully registered JMX Bean with object name Ratis:service=RaftServer,group=group-C018715A2608,id=85c6a9f3-b9a5-43a5-ac4f-9aa7bd5f2263
2019-09-19 14:21:16,761 [RatisPipelineUtilsThread] INFO  pipeline.PipelineStateManager (PipelineStateManager.java:addPipeline(56)) - Created pipeline Pipeline[ Id: 07846821-8c4b-412f-bc52-c018715a2608, Nodes: 85c6a9f3-b9a5-43a5-ac4f-9aa7bd5f2263{ip: 192.168.157.226, host: pr-hdds-1569-swxfz-3172132826, networkLocation: /default-rack, certSerialId: null}, Type:RATIS, Factor:ONE, State:OPEN]
2019-09-19 14:21:16,774 [grpc-default-executor-1] INFO  impl.RaftServerProxy (RaftServerProxy.java:addNew(89)) - 6403e584-2209-453b-b79e-eeb0a7b58516: addNew group-5F0E8E22AAF0:[6403e584-2209-453b-b79e-eeb0a7b58516:192.168.157.226:35833] returns group-5F0E8E22AAF0:java.util.concurrent.CompletableFuture@23ca5f04[Not completed]
2019-09-19 14:21:16,776 [pool-60-thread-1] INFO  impl.RaftServerImpl (RaftServerImpl.java:<init>(93)) - 6403e584-2209-453b-b79e-eeb0a7b58516: new RaftServerImpl for group-5F0E8E22AAF0:[6403e584-2209-453b-b79e-eeb0a7b58516:192.168.157.226:35833] with ContainerStateMachine:uninitialized
2019-09-19 14:21:16,776 [pool-60-thread-1] INFO  server.RaftServerConfigKeys (ConfUtils.java:logGet(43)) - raft.server.rpc.timeout.min = 5s (custom)
2019-09-19 14:21:16,776 [pool-60-thread-1] INFO  server.RaftServerConfigKeys (ConfUtils.java:logGet(43)) - raft.server.rpc.timeout.max = 5200ms (custom)
2019-09-19 14:21:16,776 [pool-60-thread-1] INFO  server.RaftServerConfigKeys (ConfUtils.java:logGet(43)) - raft.server.rpcslowness.timeout = 120s (custom)
2019-09-19 14:21:16,777 [pool-60-thread-1] INFO  server.RaftServerConfigKeys (ConfUtils.java:logGet(43)) - raft.server.sleep.deviation.threshold = 300 (default)
2019-09-19 14:21:16,777 [pool-60-thread-1] INFO  server.RaftServerConfigKeys (ConfUtils.java:logGet(43)) - raft.server.log.appender.install.snapshot.enabled = false (custom)
2019-09-19 14:21:16,777 [pool-60-thread-1] INFO  impl.RaftServerImpl (ServerState.java:<init>(105)) - 6403e584-2209-453b-b79e-eeb0a7b58516:group-5F0E8E22AAF0 ConfigurationManager, init=-1: [6403e584-2209-453b-b79e-eeb0a7b58516:192.168.157.226:35833], old=null, confs=<EMPTY_MAP>
2019-09-19 14:21:16,777 [pool-60-thread-1] INFO  server.RaftServerConfigKeys (ConfUtils.java:logGet(43)) - raft.server.storage.dir = [/workdir/hadoop-ozone/integration-test/target/test-dir/MiniOzoneClusterImpl-210d6028-2152-4683-81ff-347b0d29bb13/datanode-3/data/ratis] (custom)
2019-09-19 14:21:16,778 [pool-60-thread-1] INFO  storage.RaftStorageDirectory (RaftStorageDirectory.java:analyzeStorage(246)) - The storage directory /workdir/hadoop-ozone/integration-test/target/test-dir/MiniOzoneClusterImpl-210d6028-2152-4683-81ff-347b0d29bb13/datanode-3/data/ratis/9d65e548-987d-409e-ba73-5f0e8e22aaf0 does not exist. Creating ...
2019-09-19 14:21:16,805 [pool-60-thread-1] INFO  storage.RaftStorageDirectory (RaftStorageDirectory.java:tryLock(328)) - Lock on /workdir/hadoop-ozone/integration-test/target/test-dir/MiniOzoneClusterImpl-210d6028-2152-4683-81ff-347b0d29bb13/datanode-3/data/ratis/9d65e548-987d-409e-ba73-5f0e8e22aaf0/in_use.lock acquired by nodename 16198@pr-hdds-1569-swxfz-3172132826
2019-09-19 14:21:16,819 [pool-60-thread-1] INFO  storage.RaftStorage (RaftStorage.java:format(72)) - Storage directory /workdir/hadoop-ozone/integration-test/target/test-dir/MiniOzoneClusterImpl-210d6028-2152-4683-81ff-347b0d29bb13/datanode-3/data/ratis/9d65e548-987d-409e-ba73-5f0e8e22aaf0 has been successfully formatted.
2019-09-19 14:21:16,819 [pool-60-thread-1] INFO  ratis.ContainerStateMachine (ContainerStateMachine.java:loadSnapshot(226)) - group-5F0E8E22AAF0: The snapshot info is null. Setting the last applied indexto:(t:0, i:~)
2019-09-19 14:21:16,820 [pool-60-thread-1] INFO  server.RaftServerConfigKeys (ConfUtils.java:logGet(43)) - raft.server.leader.election.timeout = 120s (custom)
2019-09-19 14:21:16,820 [pool-60-thread-1] INFO  server.RaftServerConfigKeys (ConfUtils.java:logGet(43)) - raft.server.log.use.memory = false (default)
2019-09-19 14:21:16,820 [pool-60-thread-1] INFO  server.RaftServerConfigKeys (ConfUtils.java:logGet(43)) - raft.server.log.purge.gap = 1000000 (custom)
2019-09-19 14:21:16,820 [pool-60-thread-1] INFO  server.RaftServerConfigKeys (ConfUtils.java:logGet(43)) - raft.server.log.appender.buffer.byte-limit = 33554432 (custom)
2019-09-19 14:21:16,820 [pool-60-thread-1] INFO  server.RaftServerConfigKeys (ConfUtils.java:logGet(43)) - raft.server.log.segment.size.max = 1048576 (custom)
2019-09-19 14:21:16,821 [pool-60-thread-1] INFO  server.RaftServerConfigKeys (ConfUtils.java:logGet(43)) - raft.server.log.segment.cache.num.max = 2 (custom)
2019-09-19 14:21:16,821 [pool-60-thread-1] INFO  segmented.SegmentedRaftLogWorker (SegmentedRaftLogWorker.java:<init>(172)) - new 6403e584-2209-453b-b79e-eeb0a7b58516-SegmentedRaftLogWorker:Storage Directory /workdir/hadoop-ozone/integration-test/target/test-dir/MiniOzoneClusterImpl-210d6028-2152-4683-81ff-347b0d29bb13/datanode-3/data/ratis/9d65e548-987d-409e-ba73-5f0e8e22aaf0 for RaftStorage:Storage Directory /workdir/hadoop-ozone/integration-test/target/test-dir/MiniOzoneClusterImpl-210d6028-2152-4683-81ff-347b0d29bb13/datanode-3/data/ratis/9d65e548-987d-409e-ba73-5f0e8e22aaf0
2019-09-19 14:21:16,821 [pool-60-thread-1] INFO  server.RaftServerConfigKeys (ConfUtils.java:logGet(43)) - raft.server.log.queue.byte-limit = 2147483647 (custom)
2019-09-19 14:21:16,821 [pool-60-thread-1] INFO  server.RaftServerConfigKeys (ConfUtils.java:logGet(43)) - raft.server.log.queue.element-limit = 1024 (custom)
2019-09-19 14:21:16,821 [pool-60-thread-1] INFO  server.RaftServerConfigKeys (ConfUtils.java:logGet(43)) - raft.server.log.segment.size.max = 1048576 (custom)
2019-09-19 14:21:16,822 [pool-60-thread-1] INFO  server.RaftServerConfigKeys (ConfUtils.java:logGet(43)) - raft.server.log.preallocated.size = 16384 (custom)
2019-09-19 14:21:16,822 [pool-60-thread-1] INFO  server.RaftServerConfigKeys (ConfUtils.java:logGet(43)) - raft.server.log.write.buffer.size = 33554432 (custom)
2019-09-19 14:21:16,822 [pool-60-thread-1] INFO  server.RaftServerConfigKeys (ConfUtils.java:logGet(43)) - raft.server.log.force.sync.num = 128 (default)
2019-09-19 14:21:16,822 [pool-60-thread-1] INFO  server.RaftServerConfigKeys (ConfUtils.java:logGet(43)) - raft.server.log.statemachine.data.sync = true (default)
2019-09-19 14:21:16,822 [pool-60-thread-1] INFO  server.RaftServerConfigKeys (ConfUtils.java:logGet(43)) - raft.server.log.statemachine.data.sync.timeout = 10s (default)
2019-09-19 14:21:16,823 [pool-60-thread-1] INFO  server.RaftServerConfigKeys (ConfUtils.java:logGet(43)) - raft.server.log.statemachine.data.sync.timeout.retry = -1 (default)
2019-09-19 14:21:16,823 [pool-60-thread-1] INFO  server.RaftServerConfigKeys (ConfUtils.java:logGet(43)) - raft.server.log.statemachine.data.caching.enabled = true (custom)
2019-09-19 14:21:16,823 [pool-60-thread-1] INFO  segmented.SegmentedRaftLogWorker (SegmentedRaftLogWorker.java:lambda$new$0(132)) - 6403e584-2209-453b-b79e-eeb0a7b58516-SegmentedRaftLogWorker:Storage Directory /workdir/hadoop-ozone/integration-test/target/test-dir/MiniOzoneClusterImpl-210d6028-2152-4683-81ff-347b0d29bb13/datanode-3/data/ratis/9d65e548-987d-409e-ba73-5f0e8e22aaf0: flushIndex: setUnconditionally 0 -> -1
2019-09-19 14:21:16,823 [pool-60-thread-1] INFO  server.RaftServerConfigKeys (ConfUtils.java:logGet(43)) - raft.server.snapshot.auto.trigger.enabled = true (custom)
2019-09-19 14:21:16,824 [pool-60-thread-1] INFO  server.RaftServerConfigKeys (ConfUtils.java:logGet(43)) - raft.server.snapshot.auto.trigger.threshold = 10000 (custom)
2019-09-19 14:21:16,824 [pool-60-thread-1] INFO  server.RaftServerConfigKeys (ConfUtils.java:logGet(43)) - raft.server.retrycache.expirytime = 600000ms (custom)
2019-09-19 14:21:16,824 [pool-60-thread-1] INFO  impl.RaftServerImpl (RaftServerImpl.java:start(180)) - 6403e584-2209-453b-b79e-eeb0a7b58516: start group-5F0E8E22AAF0
2019-09-19 14:21:16,824 [pool-60-thread-1] INFO  impl.RaftServerImpl (RaftServerImpl.java:setRole(171)) - 6403e584-2209-453b-b79e-eeb0a7b58516:group-5F0E8E22AAF0 changes role from null to FOLLOWER at term 0 for startAsFollower
2019-09-19 14:21:16,824 [pool-60-thread-1] INFO  impl.RoleInfo (RoleInfo.java:updateAndGet(143)) - 6403e584-2209-453b-b79e-eeb0a7b58516: start FollowerState
2019-09-19 14:21:16,825 [pool-60-thread-1] INFO  util.JmxRegister (JmxRegister.java:tryRegister(44)) - Successfully registered JMX Bean with object name Ratis:service=RaftServer,group=group-5F0E8E22AAF0,id=6403e584-2209-453b-b79e-eeb0a7b58516
2019-09-19 14:21:16,830 [RatisPipelineUtilsThread] INFO  pipeline.PipelineStateManager (PipelineStateManager.java:addPipeline(56)) - Created pipeline Pipeline[ Id: 9d65e548-987d-409e-ba73-5f0e8e22aaf0, Nodes: 6403e584-2209-453b-b79e-eeb0a7b58516{ip: 192.168.157.226, host: pr-hdds-1569-swxfz-3172132826, networkLocation: /default-rack, certSerialId: null}, Type:RATIS, Factor:ONE, State:OPEN]
2019-09-19 14:21:16,841 [grpc-default-executor-1] INFO  impl.RaftServerProxy (RaftServerProxy.java:addNew(89)) - 6403e584-2209-453b-b79e-eeb0a7b58516: addNew group-2B0D3DD5D692:[6403e584-2209-453b-b79e-eeb0a7b58516:192.168.157.226:35833] returns group-2B0D3DD5D692:java.util.concurrent.CompletableFuture@3d7897e2[Not completed]
2019-09-19 14:21:16,843 [pool-60-thread-1] INFO  impl.RaftServerImpl (RaftServerImpl.java:<init>(93)) - 6403e584-2209-453b-b79e-eeb0a7b58516: new RaftServerImpl for group-2B0D3DD5D692:[6403e584-2209-453b-b79e-eeb0a7b58516:192.168.157.226:35833] with ContainerStateMachine:uninitialized
2019-09-19 14:21:16,843 [pool-60-thread-1] INFO  server.RaftServerConfigKeys (ConfUtils.java:logGet(43)) - raft.server.rpc.timeout.min = 5s (custom)
2019-09-19 14:21:16,843 [pool-60-thread-1] INFO  server.RaftServerConfigKeys (ConfUtils.java:logGet(43)) - raft.server.rpc.timeout.max = 5200ms (custom)
2019-09-19 14:21:16,844 [pool-60-thread-1] INFO  server.RaftServerConfigKeys (ConfUtils.java:logGet(43)) - raft.server.rpcslowness.timeout = 120s (custom)
2019-09-19 14:21:16,844 [pool-60-thread-1] INFO  server.RaftServerConfigKeys (ConfUtils.java:logGet(43)) - raft.server.sleep.deviation.threshold = 300 (default)
2019-09-19 14:21:16,844 [pool-60-thread-1] INFO  server.RaftServerConfigKeys (ConfUtils.java:logGet(43)) - raft.server.log.appender.install.snapshot.enabled = false (custom)
2019-09-19 14:21:16,844 [pool-60-thread-1] INFO  impl.RaftServerImpl (ServerState.java:<init>(105)) - 6403e584-2209-453b-b79e-eeb0a7b58516:group-2B0D3DD5D692 ConfigurationManager, init=-1: [6403e584-2209-453b-b79e-eeb0a7b58516:192.168.157.226:35833], old=null, confs=<EMPTY_MAP>
2019-09-19 14:21:16,844 [pool-60-thread-1] INFO  server.RaftServerConfigKeys (ConfUtils.java:logGet(43)) - raft.server.storage.dir = [/workdir/hadoop-ozone/integration-test/target/test-dir/MiniOzoneClusterImpl-210d6028-2152-4683-81ff-347b0d29bb13/datanode-3/data/ratis] (custom)
2019-09-19 14:21:16,845 [pool-60-thread-1] INFO  storage.RaftStorageDirectory (RaftStorageDirectory.java:analyzeStorage(246)) - The storage directory /workdir/hadoop-ozone/integration-test/target/test-dir/MiniOzoneClusterImpl-210d6028-2152-4683-81ff-347b0d29bb13/datanode-3/data/ratis/a25dfc21-d1da-4c3e-a6cb-2b0d3dd5d692 does not exist. Creating ...
2019-09-19 14:21:16,858 [pool-60-thread-1] INFO  storage.RaftStorageDirectory (RaftStorageDirectory.java:tryLock(328)) - Lock on /workdir/hadoop-ozone/integration-test/target/test-dir/MiniOzoneClusterImpl-210d6028-2152-4683-81ff-347b0d29bb13/datanode-3/data/ratis/a25dfc21-d1da-4c3e-a6cb-2b0d3dd5d692/in_use.lock acquired by nodename 16198@pr-hdds-1569-swxfz-3172132826
2019-09-19 14:21:16,871 [pool-60-thread-1] INFO  storage.RaftStorage (RaftStorage.java:format(72)) - Storage directory /workdir/hadoop-ozone/integration-test/target/test-dir/MiniOzoneClusterImpl-210d6028-2152-4683-81ff-347b0d29bb13/datanode-3/data/ratis/a25dfc21-d1da-4c3e-a6cb-2b0d3dd5d692 has been successfully formatted.
2019-09-19 14:21:16,872 [pool-60-thread-1] INFO  ratis.ContainerStateMachine (ContainerStateMachine.java:loadSnapshot(226)) - group-2B0D3DD5D692: The snapshot info is null. Setting the last applied indexto:(t:0, i:~)
2019-09-19 14:21:16,872 [pool-60-thread-1] INFO  server.RaftServerConfigKeys (ConfUtils.java:logGet(43)) - raft.server.leader.election.timeout = 120s (custom)
2019-09-19 14:21:16,872 [pool-60-thread-1] INFO  server.RaftServerConfigKeys (ConfUtils.java:logGet(43)) - raft.server.log.use.memory = false (default)
2019-09-19 14:21:16,872 [pool-60-thread-1] INFO  server.RaftServerConfigKeys (ConfUtils.java:logGet(43)) - raft.server.log.purge.gap = 1000000 (custom)
2019-09-19 14:21:16,872 [pool-60-thread-1] INFO  server.RaftServerConfigKeys (ConfUtils.java:logGet(43)) - raft.server.log.appender.buffer.byte-limit = 33554432 (custom)
2019-09-19 14:21:16,873 [pool-60-thread-1] INFO  server.RaftServerConfigKeys (ConfUtils.java:logGet(43)) - raft.server.log.segment.size.max = 1048576 (custom)
2019-09-19 14:21:16,873 [pool-60-thread-1] INFO  server.RaftServerConfigKeys (ConfUtils.java:logGet(43)) - raft.server.log.segment.cache.num.max = 2 (custom)
2019-09-19 14:21:16,873 [pool-60-thread-1] INFO  segmented.SegmentedRaftLogWorker (SegmentedRaftLogWorker.java:<init>(172)) - new 6403e584-2209-453b-b79e-eeb0a7b58516-SegmentedRaftLogWorker:Storage Directory /workdir/hadoop-ozone/integration-test/target/test-dir/MiniOzoneClusterImpl-210d6028-2152-4683-81ff-347b0d29bb13/datanode-3/data/ratis/a25dfc21-d1da-4c3e-a6cb-2b0d3dd5d692 for RaftStorage:Storage Directory /workdir/hadoop-ozone/integration-test/target/test-dir/MiniOzoneClusterImpl-210d6028-2152-4683-81ff-347b0d29bb13/datanode-3/data/ratis/a25dfc21-d1da-4c3e-a6cb-2b0d3dd5d692
2019-09-19 14:21:16,873 [pool-60-thread-1] INFO  server.RaftServerConfigKeys (ConfUtils.java:logGet(43)) - raft.server.log.queue.byte-limit = 2147483647 (custom)
2019-09-19 14:21:16,873 [pool-60-thread-1] INFO  server.RaftServerConfigKeys (ConfUtils.java:logGet(43)) - raft.server.log.queue.element-limit = 1024 (custom)
2019-09-19 14:21:16,874 [pool-60-thread-1] INFO  server.RaftServerConfigKeys (ConfUtils.java:logGet(43)) - raft.server.log.segment.size.max = 1048576 (custom)
2019-09-19 14:21:16,874 [pool-60-thread-1] INFO  server.RaftServerConfigKeys (ConfUtils.java:logGet(43)) - raft.server.log.preallocated.size = 16384 (custom)
2019-09-19 14:21:16,874 [pool-60-thread-1] INFO  server.RaftServerConfigKeys (ConfUtils.java:logGet(43)) - raft.server.log.write.buffer.size = 33554432 (custom)
2019-09-19 14:21:16,874 [pool-60-thread-1] INFO  server.RaftServerConfigKeys (ConfUtils.java:logGet(43)) - raft.server.log.force.sync.num = 128 (default)
2019-09-19 14:21:16,874 [pool-60-thread-1] INFO  server.RaftServerConfigKeys (ConfUtils.java:logGet(43)) - raft.server.log.statemachine.data.sync = true (default)
2019-09-19 14:21:16,875 [pool-60-thread-1] INFO  server.RaftServerConfigKeys (ConfUtils.java:logGet(43)) - raft.server.log.statemachine.data.sync.timeout = 10s (default)
2019-09-19 14:21:16,875 [pool-60-thread-1] INFO  server.RaftServerConfigKeys (ConfUtils.java:logGet(43)) - raft.server.log.statemachine.data.sync.timeout.retry = -1 (default)
2019-09-19 14:21:16,875 [pool-60-thread-1] INFO  server.RaftServerConfigKeys (ConfUtils.java:logGet(43)) - raft.server.log.statemachine.data.caching.enabled = true (custom)
2019-09-19 14:21:16,875 [pool-60-thread-1] INFO  segmented.SegmentedRaftLogWorker (SegmentedRaftLogWorker.java:lambda$new$0(132)) - 6403e584-2209-453b-b79e-eeb0a7b58516-SegmentedRaftLogWorker:Storage Directory /workdir/hadoop-ozone/integration-test/target/test-dir/MiniOzoneClusterImpl-210d6028-2152-4683-81ff-347b0d29bb13/datanode-3/data/ratis/a25dfc21-d1da-4c3e-a6cb-2b0d3dd5d692: flushIndex: setUnconditionally 0 -> -1
2019-09-19 14:21:16,876 [pool-60-thread-1] INFO  server.RaftServerConfigKeys (ConfUtils.java:logGet(43)) - raft.server.snapshot.auto.trigger.enabled = true (custom)
2019-09-19 14:21:16,876 [pool-60-thread-1] INFO  server.RaftServerConfigKeys (ConfUtils.java:logGet(43)) - raft.server.snapshot.auto.trigger.threshold = 10000 (custom)
2019-09-19 14:21:16,876 [pool-60-thread-1] INFO  server.RaftServerConfigKeys (ConfUtils.java:logGet(43)) - raft.server.retrycache.expirytime = 600000ms (custom)
2019-09-19 14:21:16,876 [pool-60-thread-1] INFO  impl.RaftServerImpl (RaftServerImpl.java:start(180)) - 6403e584-2209-453b-b79e-eeb0a7b58516: start group-2B0D3DD5D692
2019-09-19 14:21:16,877 [pool-60-thread-1] INFO  impl.RaftServerImpl (RaftServerImpl.java:setRole(171)) - 6403e584-2209-453b-b79e-eeb0a7b58516:group-2B0D3DD5D692 changes role from null to FOLLOWER at term 0 for startAsFollower
2019-09-19 14:21:16,877 [pool-60-thread-1] INFO  impl.RoleInfo (RoleInfo.java:updateAndGet(143)) - 6403e584-2209-453b-b79e-eeb0a7b58516: start FollowerState
2019-09-19 14:21:16,877 [pool-60-thread-1] INFO  util.JmxRegister (JmxRegister.java:tryRegister(44)) - Successfully registered JMX Bean with object name Ratis:service=RaftServer,group=group-2B0D3DD5D692,id=6403e584-2209-453b-b79e-eeb0a7b58516
2019-09-19 14:21:16,883 [RatisPipelineUtilsThread] INFO  pipeline.PipelineStateManager (PipelineStateManager.java:addPipeline(56)) - Created pipeline Pipeline[ Id: a25dfc21-d1da-4c3e-a6cb-2b0d3dd5d692, Nodes: 6403e584-2209-453b-b79e-eeb0a7b58516{ip: 192.168.157.226, host: pr-hdds-1569-swxfz-3172132826, networkLocation: /default-rack, certSerialId: null}, Type:RATIS, Factor:ONE, State:OPEN]
2019-09-19 14:21:16,897 | INFO  | SCMAudit | user=jenkins1000 | ip=192.168.157.226 | op=SEND_HEARTBEAT {datanodeUUID=56d21ab3-8f6d-44ea-b961-c721a1c09246, command=[]} | ret=SUCCESS |  
2019-09-19 14:21:16,902 [grpc-default-executor-1] INFO  impl.RaftServerProxy (RaftServerProxy.java:addNew(89)) - 85c6a9f3-b9a5-43a5-ac4f-9aa7bd5f2263: addNew group-FE60C5AEF02A:[85c6a9f3-b9a5-43a5-ac4f-9aa7bd5f2263:192.168.157.226:45170] returns group-FE60C5AEF02A:java.util.concurrent.CompletableFuture@31db211b[Not completed]
2019-09-19 14:21:16,904 [pool-27-thread-1] INFO  impl.RaftServerImpl (RaftServerImpl.java:<init>(93)) - 85c6a9f3-b9a5-43a5-ac4f-9aa7bd5f2263: new RaftServerImpl for group-FE60C5AEF02A:[85c6a9f3-b9a5-43a5-ac4f-9aa7bd5f2263:192.168.157.226:45170] with ContainerStateMachine:uninitialized
2019-09-19 14:21:16,904 [pool-27-thread-1] INFO  server.RaftServerConfigKeys (ConfUtils.java:logGet(43)) - raft.server.rpc.timeout.min = 5s (custom)
2019-09-19 14:21:16,904 [pool-27-thread-1] INFO  server.RaftServerConfigKeys (ConfUtils.java:logGet(43)) - raft.server.rpc.timeout.max = 5200ms (custom)
2019-09-19 14:21:16,905 [pool-27-thread-1] INFO  server.RaftServerConfigKeys (ConfUtils.java:logGet(43)) - raft.server.rpcslowness.timeout = 120s (custom)
2019-09-19 14:21:16,905 [pool-27-thread-1] INFO  server.RaftServerConfigKeys (ConfUtils.java:logGet(43)) - raft.server.sleep.deviation.threshold = 300 (default)
2019-09-19 14:21:16,905 [pool-27-thread-1] INFO  server.RaftServerConfigKeys (ConfUtils.java:logGet(43)) - raft.server.log.appender.install.snapshot.enabled = false (custom)
2019-09-19 14:21:16,905 [pool-27-thread-1] INFO  impl.RaftServerImpl (ServerState.java:<init>(105)) - 85c6a9f3-b9a5-43a5-ac4f-9aa7bd5f2263:group-FE60C5AEF02A ConfigurationManager, init=-1: [85c6a9f3-b9a5-43a5-ac4f-9aa7bd5f2263:192.168.157.226:45170], old=null, confs=<EMPTY_MAP>
2019-09-19 14:21:16,906 [pool-27-thread-1] INFO  server.RaftServerConfigKeys (ConfUtils.java:logGet(43)) - raft.server.storage.dir = [/workdir/hadoop-ozone/integration-test/target/test-dir/MiniOzoneClusterImpl-210d6028-2152-4683-81ff-347b0d29bb13/datanode-0/data/ratis] (custom)
2019-09-19 14:21:16,906 [pool-27-thread-1] INFO  storage.RaftStorageDirectory (RaftStorageDirectory.java:analyzeStorage(246)) - The storage directory /workdir/hadoop-ozone/integration-test/target/test-dir/MiniOzoneClusterImpl-210d6028-2152-4683-81ff-347b0d29bb13/datanode-0/data/ratis/a60517ed-dda8-4060-a363-fe60c5aef02a does not exist. Creating ...
2019-09-19 14:21:16,920 [pool-27-thread-1] INFO  storage.RaftStorageDirectory (RaftStorageDirectory.java:tryLock(328)) - Lock on /workdir/hadoop-ozone/integration-test/target/test-dir/MiniOzoneClusterImpl-210d6028-2152-4683-81ff-347b0d29bb13/datanode-0/data/ratis/a60517ed-dda8-4060-a363-fe60c5aef02a/in_use.lock acquired by nodename 16198@pr-hdds-1569-swxfz-3172132826
2019-09-19 14:21:16,933 [pool-27-thread-1] INFO  storage.RaftStorage (RaftStorage.java:format(72)) - Storage directory /workdir/hadoop-ozone/integration-test/target/test-dir/MiniOzoneClusterImpl-210d6028-2152-4683-81ff-347b0d29bb13/datanode-0/data/ratis/a60517ed-dda8-4060-a363-fe60c5aef02a has been successfully formatted.
2019-09-19 14:21:16,934 [pool-27-thread-1] INFO  ratis.ContainerStateMachine (ContainerStateMachine.java:loadSnapshot(226)) - group-FE60C5AEF02A: The snapshot info is null. Setting the last applied indexto:(t:0, i:~)
2019-09-19 14:21:16,934 [pool-27-thread-1] INFO  server.RaftServerConfigKeys (ConfUtils.java:logGet(43)) - raft.server.leader.election.timeout = 120s (custom)
2019-09-19 14:21:16,934 [pool-27-thread-1] INFO  server.RaftServerConfigKeys (ConfUtils.java:logGet(43)) - raft.server.log.use.memory = false (default)
2019-09-19 14:21:16,935 [pool-27-thread-1] INFO  server.RaftServerConfigKeys (ConfUtils.java:logGet(43)) - raft.server.log.purge.gap = 1000000 (custom)
2019-09-19 14:21:16,935 [pool-27-thread-1] INFO  server.RaftServerConfigKeys (ConfUtils.java:logGet(43)) - raft.server.log.appender.buffer.byte-limit = 33554432 (custom)
2019-09-19 14:21:16,935 [pool-27-thread-1] INFO  server.RaftServerConfigKeys (ConfUtils.java:logGet(43)) - raft.server.log.segment.size.max = 1048576 (custom)
2019-09-19 14:21:16,935 [pool-27-thread-1] INFO  server.RaftServerConfigKeys (ConfUtils.java:logGet(43)) - raft.server.log.segment.cache.num.max = 2 (custom)
2019-09-19 14:21:16,935 [pool-27-thread-1] INFO  segmented.SegmentedRaftLogWorker (SegmentedRaftLogWorker.java:<init>(172)) - new 85c6a9f3-b9a5-43a5-ac4f-9aa7bd5f2263-SegmentedRaftLogWorker:Storage Directory /workdir/hadoop-ozone/integration-test/target/test-dir/MiniOzoneClusterImpl-210d6028-2152-4683-81ff-347b0d29bb13/datanode-0/data/ratis/a60517ed-dda8-4060-a363-fe60c5aef02a for RaftStorage:Storage Directory /workdir/hadoop-ozone/integration-test/target/test-dir/MiniOzoneClusterImpl-210d6028-2152-4683-81ff-347b0d29bb13/datanode-0/data/ratis/a60517ed-dda8-4060-a363-fe60c5aef02a
2019-09-19 14:21:16,936 [pool-27-thread-1] INFO  server.RaftServerConfigKeys (ConfUtils.java:logGet(43)) - raft.server.log.queue.byte-limit = 2147483647 (custom)
2019-09-19 14:21:16,936 [pool-27-thread-1] INFO  server.RaftServerConfigKeys (ConfUtils.java:logGet(43)) - raft.server.log.queue.element-limit = 1024 (custom)
2019-09-19 14:21:16,936 [pool-27-thread-1] INFO  server.RaftServerConfigKeys (ConfUtils.java:logGet(43)) - raft.server.log.segment.size.max = 1048576 (custom)
2019-09-19 14:21:16,936 [pool-27-thread-1] INFO  server.RaftServerConfigKeys (ConfUtils.java:logGet(43)) - raft.server.log.preallocated.size = 16384 (custom)
2019-09-19 14:21:16,937 [pool-27-thread-1] INFO  server.RaftServerConfigKeys (ConfUtils.java:logGet(43)) - raft.server.log.write.buffer.size = 33554432 (custom)
2019-09-19 14:21:16,937 [pool-27-thread-1] INFO  server.RaftServerConfigKeys (ConfUtils.java:logGet(43)) - raft.server.log.force.sync.num = 128 (default)
2019-09-19 14:21:16,937 [pool-27-thread-1] INFO  server.RaftServerConfigKeys (ConfUtils.java:logGet(43)) - raft.server.log.statemachine.data.sync = true (default)
2019-09-19 14:21:16,937 [pool-27-thread-1] INFO  server.RaftServerConfigKeys (ConfUtils.java:logGet(43)) - raft.server.log.statemachine.data.sync.timeout = 10s (default)
2019-09-19 14:21:16,938 [pool-27-thread-1] INFO  server.RaftServerConfigKeys (ConfUtils.java:logGet(43)) - raft.server.log.statemachine.data.sync.timeout.retry = -1 (default)
2019-09-19 14:21:16,938 [pool-27-thread-1] INFO  server.RaftServerConfigKeys (ConfUtils.java:logGet(43)) - raft.server.log.statemachine.data.caching.enabled = true (custom)
2019-09-19 14:21:16,938 [pool-27-thread-1] INFO  segmented.SegmentedRaftLogWorker (SegmentedRaftLogWorker.java:lambda$new$0(132)) - 85c6a9f3-b9a5-43a5-ac4f-9aa7bd5f2263-SegmentedRaftLogWorker:Storage Directory /workdir/hadoop-ozone/integration-test/target/test-dir/MiniOzoneClusterImpl-210d6028-2152-4683-81ff-347b0d29bb13/datanode-0/data/ratis/a60517ed-dda8-4060-a363-fe60c5aef02a: flushIndex: setUnconditionally 0 -> -1
2019-09-19 14:21:16,939 [pool-27-thread-1] INFO  server.RaftServerConfigKeys (ConfUtils.java:logGet(43)) - raft.server.snapshot.auto.trigger.enabled = true (custom)
2019-09-19 14:21:16,939 [pool-27-thread-1] INFO  server.RaftServerConfigKeys (ConfUtils.java:logGet(43)) - raft.server.snapshot.auto.trigger.threshold = 10000 (custom)
2019-09-19 14:21:16,939 [pool-27-thread-1] INFO  server.RaftServerConfigKeys (ConfUtils.java:logGet(43)) - raft.server.retrycache.expirytime = 600000ms (custom)
2019-09-19 14:21:16,939 [pool-27-thread-1] INFO  impl.RaftServerImpl (RaftServerImpl.java:start(180)) - 85c6a9f3-b9a5-43a5-ac4f-9aa7bd5f2263: start group-FE60C5AEF02A
2019-09-19 14:21:16,940 [pool-27-thread-1] INFO  impl.RaftServerImpl (RaftServerImpl.java:setRole(171)) - 85c6a9f3-b9a5-43a5-ac4f-9aa7bd5f2263:group-FE60C5AEF02A changes role from null to FOLLOWER at term 0 for startAsFollower
2019-09-19 14:21:16,940 [pool-27-thread-1] INFO  impl.RoleInfo (RoleInfo.java:updateAndGet(143)) - 85c6a9f3-b9a5-43a5-ac4f-9aa7bd5f2263: start FollowerState
2019-09-19 14:21:16,940 [pool-27-thread-1] INFO  util.JmxRegister (JmxRegister.java:tryRegister(44)) - Successfully registered JMX Bean with object name Ratis:service=RaftServer,group=group-FE60C5AEF02A,id=85c6a9f3-b9a5-43a5-ac4f-9aa7bd5f2263
2019-09-19 14:21:16,946 [RatisPipelineUtilsThread] INFO  pipeline.PipelineStateManager (PipelineStateManager.java:addPipeline(56)) - Created pipeline Pipeline[ Id: a60517ed-dda8-4060-a363-fe60c5aef02a, Nodes: 85c6a9f3-b9a5-43a5-ac4f-9aa7bd5f2263{ip: 192.168.157.226, host: pr-hdds-1569-swxfz-3172132826, networkLocation: /default-rack, certSerialId: null}, Type:RATIS, Factor:ONE, State:OPEN]
2019-09-19 14:21:16,970 [grpc-default-executor-1] INFO  impl.RaftServerProxy (RaftServerProxy.java:addNew(89)) - 1190b9a7-12b1-4c15-b33e-f7d0a0cd436c: addNew group-FFEFC80D3AAD:[1190b9a7-12b1-4c15-b33e-f7d0a0cd436c:192.168.157.226:34463] returns group-FFEFC80D3AAD:java.util.concurrent.CompletableFuture@4c59573d[Not completed]
2019-09-19 14:21:16,972 [pool-71-thread-1] INFO  impl.RaftServerImpl (RaftServerImpl.java:<init>(93)) - 1190b9a7-12b1-4c15-b33e-f7d0a0cd436c: new RaftServerImpl for group-FFEFC80D3AAD:[1190b9a7-12b1-4c15-b33e-f7d0a0cd436c:192.168.157.226:34463] with ContainerStateMachine:uninitialized
2019-09-19 14:21:16,972 [pool-71-thread-1] INFO  server.RaftServerConfigKeys (ConfUtils.java:logGet(43)) - raft.server.rpc.timeout.min = 5s (custom)
2019-09-19 14:21:16,972 [pool-71-thread-1] INFO  server.RaftServerConfigKeys (ConfUtils.java:logGet(43)) - raft.server.rpc.timeout.max = 5200ms (custom)
2019-09-19 14:21:16,972 [pool-71-thread-1] INFO  server.RaftServerConfigKeys (ConfUtils.java:logGet(43)) - raft.server.rpcslowness.timeout = 120s (custom)
2019-09-19 14:21:16,972 [pool-71-thread-1] INFO  server.RaftServerConfigKeys (ConfUtils.java:logGet(43)) - raft.server.sleep.deviation.threshold = 300 (default)
2019-09-19 14:21:16,972 [pool-71-thread-1] INFO  server.RaftServerConfigKeys (ConfUtils.java:logGet(43)) - raft.server.log.appender.install.snapshot.enabled = false (custom)
2019-09-19 14:21:16,973 [pool-71-thread-1] INFO  impl.RaftServerImpl (ServerState.java:<init>(105)) - 1190b9a7-12b1-4c15-b33e-f7d0a0cd436c:group-FFEFC80D3AAD ConfigurationManager, init=-1: [1190b9a7-12b1-4c15-b33e-f7d0a0cd436c:192.168.157.226:34463], old=null, confs=<EMPTY_MAP>
2019-09-19 14:21:16,973 [pool-71-thread-1] INFO  server.RaftServerConfigKeys (ConfUtils.java:logGet(43)) - raft.server.storage.dir = [/workdir/hadoop-ozone/integration-test/target/test-dir/MiniOzoneClusterImpl-210d6028-2152-4683-81ff-347b0d29bb13/datanode-4/data/ratis] (custom)
2019-09-19 14:21:16,973 [pool-71-thread-1] INFO  storage.RaftStorageDirectory (RaftStorageDirectory.java:analyzeStorage(246)) - The storage directory /workdir/hadoop-ozone/integration-test/target/test-dir/MiniOzoneClusterImpl-210d6028-2152-4683-81ff-347b0d29bb13/datanode-4/data/ratis/63335779-e04d-4075-ad72-ffefc80d3aad does not exist. Creating ...
2019-09-19 14:21:16,986 [pool-71-thread-1] INFO  storage.RaftStorageDirectory (RaftStorageDirectory.java:tryLock(328)) - Lock on /workdir/hadoop-ozone/integration-test/target/test-dir/MiniOzoneClusterImpl-210d6028-2152-4683-81ff-347b0d29bb13/datanode-4/data/ratis/63335779-e04d-4075-ad72-ffefc80d3aad/in_use.lock acquired by nodename 16198@pr-hdds-1569-swxfz-3172132826
2019-09-19 14:21:17,010 [pool-71-thread-1] INFO  storage.RaftStorage (RaftStorage.java:format(72)) - Storage directory /workdir/hadoop-ozone/integration-test/target/test-dir/MiniOzoneClusterImpl-210d6028-2152-4683-81ff-347b0d29bb13/datanode-4/data/ratis/63335779-e04d-4075-ad72-ffefc80d3aad has been successfully formatted.
2019-09-19 14:21:17,010 [pool-71-thread-1] INFO  ratis.ContainerStateMachine (ContainerStateMachine.java:loadSnapshot(226)) - group-FFEFC80D3AAD: The snapshot info is null. Setting the last applied indexto:(t:0, i:~)
2019-09-19 14:21:17,010 [pool-71-thread-1] INFO  server.RaftServerConfigKeys (ConfUtils.java:logGet(43)) - raft.server.leader.election.timeout = 120s (custom)
2019-09-19 14:21:17,011 [pool-71-thread-1] INFO  server.RaftServerConfigKeys (ConfUtils.java:logGet(43)) - raft.server.log.use.memory = false (default)
2019-09-19 14:21:17,011 [pool-71-thread-1] INFO  server.RaftServerConfigKeys (ConfUtils.java:logGet(43)) - raft.server.log.purge.gap = 1000000 (custom)
2019-09-19 14:21:17,011 [pool-71-thread-1] INFO  server.RaftServerConfigKeys (ConfUtils.java:logGet(43)) - raft.server.log.appender.buffer.byte-limit = 33554432 (custom)
2019-09-19 14:21:17,011 [pool-71-thread-1] INFO  server.RaftServerConfigKeys (ConfUtils.java:logGet(43)) - raft.server.log.segment.size.max = 1048576 (custom)
2019-09-19 14:21:17,011 [pool-71-thread-1] INFO  server.RaftServerConfigKeys (ConfUtils.java:logGet(43)) - raft.server.log.segment.cache.num.max = 2 (custom)
2019-09-19 14:21:17,011 [pool-71-thread-1] INFO  segmented.SegmentedRaftLogWorker (SegmentedRaftLogWorker.java:<init>(172)) - new 1190b9a7-12b1-4c15-b33e-f7d0a0cd436c-SegmentedRaftLogWorker:Storage Directory /workdir/hadoop-ozone/integration-test/target/test-dir/MiniOzoneClusterImpl-210d6028-2152-4683-81ff-347b0d29bb13/datanode-4/data/ratis/63335779-e04d-4075-ad72-ffefc80d3aad for RaftStorage:Storage Directory /workdir/hadoop-ozone/integration-test/target/test-dir/MiniOzoneClusterImpl-210d6028-2152-4683-81ff-347b0d29bb13/datanode-4/data/ratis/63335779-e04d-4075-ad72-ffefc80d3aad
2019-09-19 14:21:17,012 [pool-71-thread-1] INFO  server.RaftServerConfigKeys (ConfUtils.java:logGet(43)) - raft.server.log.queue.byte-limit = 2147483647 (custom)
2019-09-19 14:21:17,012 [pool-71-thread-1] INFO  server.RaftServerConfigKeys (ConfUtils.java:logGet(43)) - raft.server.log.queue.element-limit = 1024 (custom)
2019-09-19 14:21:17,012 [pool-71-thread-1] INFO  server.RaftServerConfigKeys (ConfUtils.java:logGet(43)) - raft.server.log.segment.size.max = 1048576 (custom)
2019-09-19 14:21:17,012 [pool-71-thread-1] INFO  server.RaftServerConfigKeys (ConfUtils.java:logGet(43)) - raft.server.log.preallocated.size = 16384 (custom)
2019-09-19 14:21:17,012 [pool-71-thread-1] INFO  server.RaftServerConfigKeys (ConfUtils.java:logGet(43)) - raft.server.log.write.buffer.size = 33554432 (custom)
2019-09-19 14:21:17,013 [pool-71-thread-1] INFO  server.RaftServerConfigKeys (ConfUtils.java:logGet(43)) - raft.server.log.force.sync.num = 128 (default)
2019-09-19 14:21:17,013 [pool-71-thread-1] INFO  server.RaftServerConfigKeys (ConfUtils.java:logGet(43)) - raft.server.log.statemachine.data.sync = true (default)
2019-09-19 14:21:17,013 [pool-71-thread-1] INFO  server.RaftServerConfigKeys (ConfUtils.java:logGet(43)) - raft.server.log.statemachine.data.sync.timeout = 10s (default)
2019-09-19 14:21:17,013 [pool-71-thread-1] INFO  server.RaftServerConfigKeys (ConfUtils.java:logGet(43)) - raft.server.log.statemachine.data.sync.timeout.retry = -1 (default)
2019-09-19 14:21:17,013 [pool-71-thread-1] INFO  server.RaftServerConfigKeys (ConfUtils.java:logGet(43)) - raft.server.log.statemachine.data.caching.enabled = true (custom)
2019-09-19 14:21:17,014 [pool-71-thread-1] INFO  segmented.SegmentedRaftLogWorker (SegmentedRaftLogWorker.java:lambda$new$0(132)) - 1190b9a7-12b1-4c15-b33e-f7d0a0cd436c-SegmentedRaftLogWorker:Storage Directory /workdir/hadoop-ozone/integration-test/target/test-dir/MiniOzoneClusterImpl-210d6028-2152-4683-81ff-347b0d29bb13/datanode-4/data/ratis/63335779-e04d-4075-ad72-ffefc80d3aad: flushIndex: setUnconditionally 0 -> -1
2019-09-19 14:21:17,014 [pool-71-thread-1] INFO  server.RaftServerConfigKeys (ConfUtils.java:logGet(43)) - raft.server.snapshot.auto.trigger.enabled = true (custom)
2019-09-19 14:21:17,014 [pool-71-thread-1] INFO  server.RaftServerConfigKeys (ConfUtils.java:logGet(43)) - raft.server.snapshot.auto.trigger.threshold = 10000 (custom)
2019-09-19 14:21:17,015 [pool-71-thread-1] INFO  server.RaftServerConfigKeys (ConfUtils.java:logGet(43)) - raft.server.retrycache.expirytime = 600000ms (custom)
2019-09-19 14:21:17,015 [pool-71-thread-1] INFO  impl.RaftServerImpl (RaftServerImpl.java:start(180)) - 1190b9a7-12b1-4c15-b33e-f7d0a0cd436c: start group-FFEFC80D3AAD
2019-09-19 14:21:17,015 [pool-71-thread-1] INFO  impl.RaftServerImpl (RaftServerImpl.java:setRole(171)) - 1190b9a7-12b1-4c15-b33e-f7d0a0cd436c:group-FFEFC80D3AAD changes role from null to FOLLOWER at term 0 for startAsFollower
2019-09-19 14:21:17,015 [pool-71-thread-1] INFO  impl.RoleInfo (RoleInfo.java:updateAndGet(143)) - 1190b9a7-12b1-4c15-b33e-f7d0a0cd436c: start FollowerState
2019-09-19 14:21:17,023 [pool-71-thread-1] INFO  util.JmxRegister (JmxRegister.java:tryRegister(44)) - Successfully registered JMX Bean with object name Ratis:service=RaftServer,group=group-FFEFC80D3AAD,id=1190b9a7-12b1-4c15-b33e-f7d0a0cd436c
2019-09-19 14:21:17,040 [RatisPipelineUtilsThread] INFO  pipeline.PipelineStateManager (PipelineStateManager.java:addPipeline(56)) - Created pipeline Pipeline[ Id: 63335779-e04d-4075-ad72-ffefc80d3aad, Nodes: 1190b9a7-12b1-4c15-b33e-f7d0a0cd436c{ip: 192.168.157.226, host: pr-hdds-1569-swxfz-3172132826, networkLocation: /default-rack, certSerialId: null}, Type:RATIS, Factor:ONE, State:OPEN]
2019-09-19 14:21:17,047 [grpc-default-executor-1] INFO  impl.RaftServerProxy (RaftServerProxy.java:addNew(89)) - 306a7a99-f2a5-4f40-b42b-2fc2def08a6a: addNew group-0824AA7C83A8:[306a7a99-f2a5-4f40-b42b-2fc2def08a6a:192.168.157.226:42633] returns group-0824AA7C83A8:java.util.concurrent.CompletableFuture@27daaa27[Not completed]
2019-09-19 14:21:17,049 [pool-49-thread-1] INFO  impl.RaftServerImpl (RaftServerImpl.java:<init>(93)) - 306a7a99-f2a5-4f40-b42b-2fc2def08a6a: new RaftServerImpl for group-0824AA7C83A8:[306a7a99-f2a5-4f40-b42b-2fc2def08a6a:192.168.157.226:42633] with ContainerStateMachine:uninitialized
2019-09-19 14:21:17,049 [pool-49-thread-1] INFO  server.RaftServerConfigKeys (ConfUtils.java:logGet(43)) - raft.server.rpc.timeout.min = 5s (custom)
2019-09-19 14:21:17,050 [pool-49-thread-1] INFO  server.RaftServerConfigKeys (ConfUtils.java:logGet(43)) - raft.server.rpc.timeout.max = 5200ms (custom)
2019-09-19 14:21:17,050 [pool-49-thread-1] INFO  server.RaftServerConfigKeys (ConfUtils.java:logGet(43)) - raft.server.rpcslowness.timeout = 120s (custom)
2019-09-19 14:21:17,050 [pool-49-thread-1] INFO  server.RaftServerConfigKeys (ConfUtils.java:logGet(43)) - raft.server.sleep.deviation.threshold = 300 (default)
2019-09-19 14:21:17,050 [pool-49-thread-1] INFO  server.RaftServerConfigKeys (ConfUtils.java:logGet(43)) - raft.server.log.appender.install.snapshot.enabled = false (custom)
2019-09-19 14:21:17,051 [pool-49-thread-1] INFO  impl.RaftServerImpl (ServerState.java:<init>(105)) - 306a7a99-f2a5-4f40-b42b-2fc2def08a6a:group-0824AA7C83A8 ConfigurationManager, init=-1: [306a7a99-f2a5-4f40-b42b-2fc2def08a6a:192.168.157.226:42633], old=null, confs=<EMPTY_MAP>
2019-09-19 14:21:17,051 [pool-49-thread-1] INFO  server.RaftServerConfigKeys (ConfUtils.java:logGet(43)) - raft.server.storage.dir = [/workdir/hadoop-ozone/integration-test/target/test-dir/MiniOzoneClusterImpl-210d6028-2152-4683-81ff-347b0d29bb13/datanode-2/data/ratis] (custom)
2019-09-19 14:21:17,051 [pool-49-thread-1] INFO  storage.RaftStorageDirectory (RaftStorageDirectory.java:analyzeStorage(246)) - The storage directory /workdir/hadoop-ozone/integration-test/target/test-dir/MiniOzoneClusterImpl-210d6028-2152-4683-81ff-347b0d29bb13/datanode-2/data/ratis/5c7e1ec1-c6ce-41a9-b477-0824aa7c83a8 does not exist. Creating ...
2019-09-19 14:21:17,065 [pool-49-thread-1] INFO  storage.RaftStorageDirectory (RaftStorageDirectory.java:tryLock(328)) - Lock on /workdir/hadoop-ozone/integration-test/target/test-dir/MiniOzoneClusterImpl-210d6028-2152-4683-81ff-347b0d29bb13/datanode-2/data/ratis/5c7e1ec1-c6ce-41a9-b477-0824aa7c83a8/in_use.lock acquired by nodename 16198@pr-hdds-1569-swxfz-3172132826
2019-09-19 14:21:17,079 [pool-49-thread-1] INFO  storage.RaftStorage (RaftStorage.java:format(72)) - Storage directory /workdir/hadoop-ozone/integration-test/target/test-dir/MiniOzoneClusterImpl-210d6028-2152-4683-81ff-347b0d29bb13/datanode-2/data/ratis/5c7e1ec1-c6ce-41a9-b477-0824aa7c83a8 has been successfully formatted.
2019-09-19 14:21:17,079 [pool-49-thread-1] INFO  ratis.ContainerStateMachine (ContainerStateMachine.java:loadSnapshot(226)) - group-0824AA7C83A8: The snapshot info is null. Setting the last applied indexto:(t:0, i:~)
2019-09-19 14:21:17,079 [pool-49-thread-1] INFO  server.RaftServerConfigKeys (ConfUtils.java:logGet(43)) - raft.server.leader.election.timeout = 120s (custom)
2019-09-19 14:21:17,079 [pool-49-thread-1] INFO  server.RaftServerConfigKeys (ConfUtils.java:logGet(43)) - raft.server.log.use.memory = false (default)
2019-09-19 14:21:17,079 [pool-49-thread-1] INFO  server.RaftServerConfigKeys (ConfUtils.java:logGet(43)) - raft.server.log.purge.gap = 1000000 (custom)
2019-09-19 14:21:17,080 [pool-49-thread-1] INFO  server.RaftServerConfigKeys (ConfUtils.java:logGet(43)) - raft.server.log.appender.buffer.byte-limit = 33554432 (custom)
2019-09-19 14:21:17,080 [pool-49-thread-1] INFO  server.RaftServerConfigKeys (ConfUtils.java:logGet(43)) - raft.server.log.segment.size.max = 1048576 (custom)
2019-09-19 14:21:17,080 [pool-49-thread-1] INFO  server.RaftServerConfigKeys (ConfUtils.java:logGet(43)) - raft.server.log.segment.cache.num.max = 2 (custom)
2019-09-19 14:21:17,080 [pool-49-thread-1] INFO  segmented.SegmentedRaftLogWorker (SegmentedRaftLogWorker.java:<init>(172)) - new 306a7a99-f2a5-4f40-b42b-2fc2def08a6a-SegmentedRaftLogWorker:Storage Directory /workdir/hadoop-ozone/integration-test/target/test-dir/MiniOzoneClusterImpl-210d6028-2152-4683-81ff-347b0d29bb13/datanode-2/data/ratis/5c7e1ec1-c6ce-41a9-b477-0824aa7c83a8 for RaftStorage:Storage Directory /workdir/hadoop-ozone/integration-test/target/test-dir/MiniOzoneClusterImpl-210d6028-2152-4683-81ff-347b0d29bb13/datanode-2/data/ratis/5c7e1ec1-c6ce-41a9-b477-0824aa7c83a8
2019-09-19 14:21:17,080 [pool-49-thread-1] INFO  server.RaftServerConfigKeys (ConfUtils.java:logGet(43)) - raft.server.log.queue.byte-limit = 2147483647 (custom)
2019-09-19 14:21:17,080 [pool-49-thread-1] INFO  server.RaftServerConfigKeys (ConfUtils.java:logGet(43)) - raft.server.log.queue.element-limit = 1024 (custom)
2019-09-19 14:21:17,081 [pool-49-thread-1] INFO  server.RaftServerConfigKeys (ConfUtils.java:logGet(43)) - raft.server.log.segment.size.max = 1048576 (custom)
2019-09-19 14:21:17,081 [pool-49-thread-1] INFO  server.RaftServerConfigKeys (ConfUtils.java:logGet(43)) - raft.server.log.preallocated.size = 16384 (custom)
2019-09-19 14:21:17,081 [pool-49-thread-1] INFO  server.RaftServerConfigKeys (ConfUtils.java:logGet(43)) - raft.server.log.write.buffer.size = 33554432 (custom)
2019-09-19 14:21:17,081 [pool-49-thread-1] INFO  server.RaftServerConfigKeys (ConfUtils.java:logGet(43)) - raft.server.log.force.sync.num = 128 (default)
2019-09-19 14:21:17,081 [pool-49-thread-1] INFO  server.RaftServerConfigKeys (ConfUtils.java:logGet(43)) - raft.server.log.statemachine.data.sync = true (default)
2019-09-19 14:21:17,081 [pool-49-thread-1] INFO  server.RaftServerConfigKeys (ConfUtils.java:logGet(43)) - raft.server.log.statemachine.data.sync.timeout = 10s (default)
2019-09-19 14:21:17,082 [pool-49-thread-1] INFO  server.RaftServerConfigKeys (ConfUtils.java:logGet(43)) - raft.server.log.statemachine.data.sync.timeout.retry = -1 (default)
2019-09-19 14:21:17,082 [pool-49-thread-1] INFO  server.RaftServerConfigKeys (ConfUtils.java:logGet(43)) - raft.server.log.statemachine.data.caching.enabled = true (custom)
2019-09-19 14:21:17,082 [pool-49-thread-1] INFO  segmented.SegmentedRaftLogWorker (SegmentedRaftLogWorker.java:lambda$new$0(132)) - 306a7a99-f2a5-4f40-b42b-2fc2def08a6a-SegmentedRaftLogWorker:Storage Directory /workdir/hadoop-ozone/integration-test/target/test-dir/MiniOzoneClusterImpl-210d6028-2152-4683-81ff-347b0d29bb13/datanode-2/data/ratis/5c7e1ec1-c6ce-41a9-b477-0824aa7c83a8: flushIndex: setUnconditionally 0 -> -1
2019-09-19 14:21:17,082 [pool-49-thread-1] INFO  server.RaftServerConfigKeys (ConfUtils.java:logGet(43)) - raft.server.snapshot.auto.trigger.enabled = true (custom)
2019-09-19 14:21:17,083 [pool-49-thread-1] INFO  server.RaftServerConfigKeys (ConfUtils.java:logGet(43)) - raft.server.snapshot.auto.trigger.threshold = 10000 (custom)
2019-09-19 14:21:17,083 [pool-49-thread-1] INFO  server.RaftServerConfigKeys (ConfUtils.java:logGet(43)) - raft.server.retrycache.expirytime = 600000ms (custom)
2019-09-19 14:21:17,083 [pool-49-thread-1] INFO  impl.RaftServerImpl (RaftServerImpl.java:start(180)) - 306a7a99-f2a5-4f40-b42b-2fc2def08a6a: start group-0824AA7C83A8
2019-09-19 14:21:17,083 [pool-49-thread-1] INFO  impl.RaftServerImpl (RaftServerImpl.java:setRole(171)) - 306a7a99-f2a5-4f40-b42b-2fc2def08a6a:group-0824AA7C83A8 changes role from null to FOLLOWER at term 0 for startAsFollower
2019-09-19 14:21:17,083 [pool-49-thread-1] INFO  impl.RoleInfo (RoleInfo.java:updateAndGet(143)) - 306a7a99-f2a5-4f40-b42b-2fc2def08a6a: start FollowerState
2019-09-19 14:21:17,084 [pool-49-thread-1] INFO  util.JmxRegister (JmxRegister.java:tryRegister(44)) - Successfully registered JMX Bean with object name Ratis:service=RaftServer,group=group-0824AA7C83A8,id=306a7a99-f2a5-4f40-b42b-2fc2def08a6a
2019-09-19 14:21:17,087 [RatisPipelineUtilsThread] INFO  pipeline.PipelineStateManager (PipelineStateManager.java:addPipeline(56)) - Created pipeline Pipeline[ Id: 5c7e1ec1-c6ce-41a9-b477-0824aa7c83a8, Nodes: 306a7a99-f2a5-4f40-b42b-2fc2def08a6a{ip: 192.168.157.226, host: pr-hdds-1569-swxfz-3172132826, networkLocation: /default-rack, certSerialId: null}, Type:RATIS, Factor:ONE, State:OPEN]
2019-09-19 14:21:17,093 [grpc-default-executor-1] INFO  impl.RaftServerProxy (RaftServerProxy.java:addNew(89)) - 306a7a99-f2a5-4f40-b42b-2fc2def08a6a: addNew group-996BF6576E36:[306a7a99-f2a5-4f40-b42b-2fc2def08a6a:192.168.157.226:42633] returns group-996BF6576E36:java.util.concurrent.CompletableFuture@2cd9addc[Not completed]
2019-09-19 14:21:17,094 [pool-49-thread-1] INFO  impl.RaftServerImpl (RaftServerImpl.java:<init>(93)) - 306a7a99-f2a5-4f40-b42b-2fc2def08a6a: new RaftServerImpl for group-996BF6576E36:[306a7a99-f2a5-4f40-b42b-2fc2def08a6a:192.168.157.226:42633] with ContainerStateMachine:uninitialized
2019-09-19 14:21:17,094 [pool-49-thread-1] INFO  server.RaftServerConfigKeys (ConfUtils.java:logGet(43)) - raft.server.rpc.timeout.min = 5s (custom)
2019-09-19 14:21:17,094 [pool-49-thread-1] INFO  server.RaftServerConfigKeys (ConfUtils.java:logGet(43)) - raft.server.rpc.timeout.max = 5200ms (custom)
2019-09-19 14:21:17,094 [pool-49-thread-1] INFO  server.RaftServerConfigKeys (ConfUtils.java:logGet(43)) - raft.server.rpcslowness.timeout = 120s (custom)
2019-09-19 14:21:17,095 [pool-49-thread-1] INFO  server.RaftServerConfigKeys (ConfUtils.java:logGet(43)) - raft.server.sleep.deviation.threshold = 300 (default)
2019-09-19 14:21:17,095 [pool-49-thread-1] INFO  server.RaftServerConfigKeys (ConfUtils.java:logGet(43)) - raft.server.log.appender.install.snapshot.enabled = false (custom)
2019-09-19 14:21:17,095 [pool-49-thread-1] INFO  impl.RaftServerImpl (ServerState.java:<init>(105)) - 306a7a99-f2a5-4f40-b42b-2fc2def08a6a:group-996BF6576E36 ConfigurationManager, init=-1: [306a7a99-f2a5-4f40-b42b-2fc2def08a6a:192.168.157.226:42633], old=null, confs=<EMPTY_MAP>
2019-09-19 14:21:17,095 [pool-49-thread-1] INFO  server.RaftServerConfigKeys (ConfUtils.java:logGet(43)) - raft.server.storage.dir = [/workdir/hadoop-ozone/integration-test/target/test-dir/MiniOzoneClusterImpl-210d6028-2152-4683-81ff-347b0d29bb13/datanode-2/data/ratis] (custom)
2019-09-19 14:21:17,095 [pool-49-thread-1] INFO  storage.RaftStorageDirectory (RaftStorageDirectory.java:analyzeStorage(246)) - The storage directory /workdir/hadoop-ozone/integration-test/target/test-dir/MiniOzoneClusterImpl-210d6028-2152-4683-81ff-347b0d29bb13/datanode-2/data/ratis/0e9545df-6cf7-4a65-b10d-996bf6576e36 does not exist. Creating ...
2019-09-19 14:21:17,109 [pool-49-thread-1] INFO  storage.RaftStorageDirectory (RaftStorageDirectory.java:tryLock(328)) - Lock on /workdir/hadoop-ozone/integration-test/target/test-dir/MiniOzoneClusterImpl-210d6028-2152-4683-81ff-347b0d29bb13/datanode-2/data/ratis/0e9545df-6cf7-4a65-b10d-996bf6576e36/in_use.lock acquired by nodename 16198@pr-hdds-1569-swxfz-3172132826
2019-09-19 14:21:17,109 | INFO  | SCMAudit | user=jenkins1000 | ip=192.168.157.226 | op=SEND_HEARTBEAT {datanodeUUID=6403e584-2209-453b-b79e-eeb0a7b58516, command=[]} | ret=SUCCESS |  
2019-09-19 14:21:17,110 | INFO  | SCMAudit | user=jenkins1000 | ip=192.168.157.226 | op=SEND_HEARTBEAT {datanodeUUID=306a7a99-f2a5-4f40-b42b-2fc2def08a6a, command=[]} | ret=SUCCESS |  
2019-09-19 14:21:17,123 [pool-49-thread-1] INFO  storage.RaftStorage (RaftStorage.java:format(72)) - Storage directory /workdir/hadoop-ozone/integration-test/target/test-dir/MiniOzoneClusterImpl-210d6028-2152-4683-81ff-347b0d29bb13/datanode-2/data/ratis/0e9545df-6cf7-4a65-b10d-996bf6576e36 has been successfully formatted.
2019-09-19 14:21:17,123 [pool-49-thread-1] INFO  ratis.ContainerStateMachine (ContainerStateMachine.java:loadSnapshot(226)) - group-996BF6576E36: The snapshot info is null. Setting the last applied indexto:(t:0, i:~)
2019-09-19 14:21:17,123 [pool-49-thread-1] INFO  server.RaftServerConfigKeys (ConfUtils.java:logGet(43)) - raft.server.leader.election.timeout = 120s (custom)
2019-09-19 14:21:17,123 [pool-49-thread-1] INFO  server.RaftServerConfigKeys (ConfUtils.java:logGet(43)) - raft.server.log.use.memory = false (default)
2019-09-19 14:21:17,123 [pool-49-thread-1] INFO  server.RaftServerConfigKeys (ConfUtils.java:logGet(43)) - raft.server.log.purge.gap = 1000000 (custom)
2019-09-19 14:21:17,124 [pool-49-thread-1] INFO  server.RaftServerConfigKeys (ConfUtils.java:logGet(43)) - raft.server.log.appender.buffer.byte-limit = 33554432 (custom)
2019-09-19 14:21:17,124 [pool-49-thread-1] INFO  server.RaftServerConfigKeys (ConfUtils.java:logGet(43)) - raft.server.log.segment.size.max = 1048576 (custom)
2019-09-19 14:21:17,124 [pool-49-thread-1] INFO  server.RaftServerConfigKeys (ConfUtils.java:logGet(43)) - raft.server.log.segment.cache.num.max = 2 (custom)
2019-09-19 14:21:17,124 [pool-49-thread-1] INFO  segmented.SegmentedRaftLogWorker (SegmentedRaftLogWorker.java:<init>(172)) - new 306a7a99-f2a5-4f40-b42b-2fc2def08a6a-SegmentedRaftLogWorker:Storage Directory /workdir/hadoop-ozone/integration-test/target/test-dir/MiniOzoneClusterImpl-210d6028-2152-4683-81ff-347b0d29bb13/datanode-2/data/ratis/0e9545df-6cf7-4a65-b10d-996bf6576e36 for RaftStorage:Storage Directory /workdir/hadoop-ozone/integration-test/target/test-dir/MiniOzoneClusterImpl-210d6028-2152-4683-81ff-347b0d29bb13/datanode-2/data/ratis/0e9545df-6cf7-4a65-b10d-996bf6576e36
2019-09-19 14:21:17,124 [pool-49-thread-1] INFO  server.RaftServerConfigKeys (ConfUtils.java:logGet(43)) - raft.server.log.queue.byte-limit = 2147483647 (custom)
2019-09-19 14:21:17,124 [pool-49-thread-1] INFO  server.RaftServerConfigKeys (ConfUtils.java:logGet(43)) - raft.server.log.queue.element-limit = 1024 (custom)
2019-09-19 14:21:17,124 [pool-49-thread-1] INFO  server.RaftServerConfigKeys (ConfUtils.java:logGet(43)) - raft.server.log.segment.size.max = 1048576 (custom)
2019-09-19 14:21:17,125 [pool-49-thread-1] INFO  server.RaftServerConfigKeys (ConfUtils.java:logGet(43)) - raft.server.log.preallocated.size = 16384 (custom)
2019-09-19 14:21:17,125 [pool-49-thread-1] INFO  server.RaftServerConfigKeys (ConfUtils.java:logGet(43)) - raft.server.log.write.buffer.size = 33554432 (custom)
2019-09-19 14:21:17,125 [pool-49-thread-1] INFO  server.RaftServerConfigKeys (ConfUtils.java:logGet(43)) - raft.server.log.force.sync.num = 128 (default)
2019-09-19 14:21:17,125 [pool-49-thread-1] INFO  server.RaftServerConfigKeys (ConfUtils.java:logGet(43)) - raft.server.log.statemachine.data.sync = true (default)
2019-09-19 14:21:17,125 [pool-49-thread-1] INFO  server.RaftServerConfigKeys (ConfUtils.java:logGet(43)) - raft.server.log.statemachine.data.sync.timeout = 10s (default)
2019-09-19 14:21:17,125 [pool-49-thread-1] INFO  server.RaftServerConfigKeys (ConfUtils.java:logGet(43)) - raft.server.log.statemachine.data.sync.timeout.retry = -1 (default)
2019-09-19 14:21:17,125 [pool-49-thread-1] INFO  server.RaftServerConfigKeys (ConfUtils.java:logGet(43)) - raft.server.log.statemachine.data.caching.enabled = true (custom)
2019-09-19 14:21:17,126 [pool-49-thread-1] INFO  segmented.SegmentedRaftLogWorker (SegmentedRaftLogWorker.java:lambda$new$0(132)) - 306a7a99-f2a5-4f40-b42b-2fc2def08a6a-SegmentedRaftLogWorker:Storage Directory /workdir/hadoop-ozone/integration-test/target/test-dir/MiniOzoneClusterImpl-210d6028-2152-4683-81ff-347b0d29bb13/datanode-2/data/ratis/0e9545df-6cf7-4a65-b10d-996bf6576e36: flushIndex: setUnconditionally 0 -> -1
2019-09-19 14:21:17,126 [pool-49-thread-1] INFO  server.RaftServerConfigKeys (ConfUtils.java:logGet(43)) - raft.server.snapshot.auto.trigger.enabled = true (custom)
2019-09-19 14:21:17,126 [pool-49-thread-1] INFO  server.RaftServerConfigKeys (ConfUtils.java:logGet(43)) - raft.server.snapshot.auto.trigger.threshold = 10000 (custom)
2019-09-19 14:21:17,126 [pool-49-thread-1] INFO  server.RaftServerConfigKeys (ConfUtils.java:logGet(43)) - raft.server.retrycache.expirytime = 600000ms (custom)
2019-09-19 14:21:17,126 [pool-49-thread-1] INFO  impl.RaftServerImpl (RaftServerImpl.java:start(180)) - 306a7a99-f2a5-4f40-b42b-2fc2def08a6a: start group-996BF6576E36
2019-09-19 14:21:17,127 [pool-49-thread-1] INFO  impl.RaftServerImpl (RaftServerImpl.java:setRole(171)) - 306a7a99-f2a5-4f40-b42b-2fc2def08a6a:group-996BF6576E36 changes role from null to FOLLOWER at term 0 for startAsFollower
2019-09-19 14:21:17,127 [pool-49-thread-1] INFO  impl.RoleInfo (RoleInfo.java:updateAndGet(143)) - 306a7a99-f2a5-4f40-b42b-2fc2def08a6a: start FollowerState
2019-09-19 14:21:17,127 [pool-49-thread-1] INFO  util.JmxRegister (JmxRegister.java:tryRegister(44)) - Successfully registered JMX Bean with object name Ratis:service=RaftServer,group=group-996BF6576E36,id=306a7a99-f2a5-4f40-b42b-2fc2def08a6a
2019-09-19 14:21:17,130 [RatisPipelineUtilsThread] INFO  pipeline.PipelineStateManager (PipelineStateManager.java:addPipeline(56)) - Created pipeline Pipeline[ Id: 0e9545df-6cf7-4a65-b10d-996bf6576e36, Nodes: 306a7a99-f2a5-4f40-b42b-2fc2def08a6a{ip: 192.168.157.226, host: pr-hdds-1569-swxfz-3172132826, networkLocation: /default-rack, certSerialId: null}, Type:RATIS, Factor:ONE, State:OPEN]
2019-09-19 14:21:17,135 [grpc-default-executor-1] INFO  impl.RaftServerProxy (RaftServerProxy.java:addNew(89)) - 306a7a99-f2a5-4f40-b42b-2fc2def08a6a: addNew group-483C26E2C33D:[306a7a99-f2a5-4f40-b42b-2fc2def08a6a:192.168.157.226:42633] returns group-483C26E2C33D:java.util.concurrent.CompletableFuture@1dcb55ec[Not completed]
2019-09-19 14:21:17,136 [pool-49-thread-1] INFO  impl.RaftServerImpl (RaftServerImpl.java:<init>(93)) - 306a7a99-f2a5-4f40-b42b-2fc2def08a6a: new RaftServerImpl for group-483C26E2C33D:[306a7a99-f2a5-4f40-b42b-2fc2def08a6a:192.168.157.226:42633] with ContainerStateMachine:uninitialized
2019-09-19 14:21:17,136 [pool-49-thread-1] INFO  server.RaftServerConfigKeys (ConfUtils.java:logGet(43)) - raft.server.rpc.timeout.min = 5s (custom)
2019-09-19 14:21:17,136 [pool-49-thread-1] INFO  server.RaftServerConfigKeys (ConfUtils.java:logGet(43)) - raft.server.rpc.timeout.max = 5200ms (custom)
2019-09-19 14:21:17,137 [pool-49-thread-1] INFO  server.RaftServerConfigKeys (ConfUtils.java:logGet(43)) - raft.server.rpcslowness.timeout = 120s (custom)
2019-09-19 14:21:17,137 [pool-49-thread-1] INFO  server.RaftServerConfigKeys (ConfUtils.java:logGet(43)) - raft.server.sleep.deviation.threshold = 300 (default)
2019-09-19 14:21:17,137 [pool-49-thread-1] INFO  server.RaftServerConfigKeys (ConfUtils.java:logGet(43)) - raft.server.log.appender.install.snapshot.enabled = false (custom)
2019-09-19 14:21:17,137 [pool-49-thread-1] INFO  impl.RaftServerImpl (ServerState.java:<init>(105)) - 306a7a99-f2a5-4f40-b42b-2fc2def08a6a:group-483C26E2C33D ConfigurationManager, init=-1: [306a7a99-f2a5-4f40-b42b-2fc2def08a6a:192.168.157.226:42633], old=null, confs=<EMPTY_MAP>
2019-09-19 14:21:17,137 [pool-49-thread-1] INFO  server.RaftServerConfigKeys (ConfUtils.java:logGet(43)) - raft.server.storage.dir = [/workdir/hadoop-ozone/integration-test/target/test-dir/MiniOzoneClusterImpl-210d6028-2152-4683-81ff-347b0d29bb13/datanode-2/data/ratis] (custom)
2019-09-19 14:21:17,137 [pool-49-thread-1] INFO  storage.RaftStorageDirectory (RaftStorageDirectory.java:analyzeStorage(246)) - The storage directory /workdir/hadoop-ozone/integration-test/target/test-dir/MiniOzoneClusterImpl-210d6028-2152-4683-81ff-347b0d29bb13/datanode-2/data/ratis/8bea1e5d-0596-40b9-b4e9-483c26e2c33d does not exist. Creating ...
2019-09-19 14:21:17,150 [pool-49-thread-1] INFO  storage.RaftStorageDirectory (RaftStorageDirectory.java:tryLock(328)) - Lock on /workdir/hadoop-ozone/integration-test/target/test-dir/MiniOzoneClusterImpl-210d6028-2152-4683-81ff-347b0d29bb13/datanode-2/data/ratis/8bea1e5d-0596-40b9-b4e9-483c26e2c33d/in_use.lock acquired by nodename 16198@pr-hdds-1569-swxfz-3172132826
2019-09-19 14:21:17,163 [pool-49-thread-1] INFO  storage.RaftStorage (RaftStorage.java:format(72)) - Storage directory /workdir/hadoop-ozone/integration-test/target/test-dir/MiniOzoneClusterImpl-210d6028-2152-4683-81ff-347b0d29bb13/datanode-2/data/ratis/8bea1e5d-0596-40b9-b4e9-483c26e2c33d has been successfully formatted.
2019-09-19 14:21:17,164 [pool-49-thread-1] INFO  ratis.ContainerStateMachine (ContainerStateMachine.java:loadSnapshot(226)) - group-483C26E2C33D: The snapshot info is null. Setting the last applied indexto:(t:0, i:~)
2019-09-19 14:21:17,164 [pool-49-thread-1] INFO  server.RaftServerConfigKeys (ConfUtils.java:logGet(43)) - raft.server.leader.election.timeout = 120s (custom)
2019-09-19 14:21:17,164 [pool-49-thread-1] INFO  server.RaftServerConfigKeys (ConfUtils.java:logGet(43)) - raft.server.log.use.memory = false (default)
2019-09-19 14:21:17,164 [pool-49-thread-1] INFO  server.RaftServerConfigKeys (ConfUtils.java:logGet(43)) - raft.server.log.purge.gap = 1000000 (custom)
2019-09-19 14:21:17,164 [pool-49-thread-1] INFO  server.RaftServerConfigKeys (ConfUtils.java:logGet(43)) - raft.server.log.appender.buffer.byte-limit = 33554432 (custom)
2019-09-19 14:21:17,164 [pool-49-thread-1] INFO  server.RaftServerConfigKeys (ConfUtils.java:logGet(43)) - raft.server.log.segment.size.max = 1048576 (custom)
2019-09-19 14:21:17,164 [pool-49-thread-1] INFO  server.RaftServerConfigKeys (ConfUtils.java:logGet(43)) - raft.server.log.segment.cache.num.max = 2 (custom)
2019-09-19 14:21:17,165 [pool-49-thread-1] INFO  segmented.SegmentedRaftLogWorker (SegmentedRaftLogWorker.java:<init>(172)) - new 306a7a99-f2a5-4f40-b42b-2fc2def08a6a-SegmentedRaftLogWorker:Storage Directory /workdir/hadoop-ozone/integration-test/target/test-dir/MiniOzoneClusterImpl-210d6028-2152-4683-81ff-347b0d29bb13/datanode-2/data/ratis/8bea1e5d-0596-40b9-b4e9-483c26e2c33d for RaftStorage:Storage Directory /workdir/hadoop-ozone/integration-test/target/test-dir/MiniOzoneClusterImpl-210d6028-2152-4683-81ff-347b0d29bb13/datanode-2/data/ratis/8bea1e5d-0596-40b9-b4e9-483c26e2c33d
2019-09-19 14:21:17,165 [pool-49-thread-1] INFO  server.RaftServerConfigKeys (ConfUtils.java:logGet(43)) - raft.server.log.queue.byte-limit = 2147483647 (custom)
2019-09-19 14:21:17,165 [pool-49-thread-1] INFO  server.RaftServerConfigKeys (ConfUtils.java:logGet(43)) - raft.server.log.queue.element-limit = 1024 (custom)
2019-09-19 14:21:17,165 [pool-49-thread-1] INFO  server.RaftServerConfigKeys (ConfUtils.java:logGet(43)) - raft.server.log.segment.size.max = 1048576 (custom)
2019-09-19 14:21:17,165 [pool-49-thread-1] INFO  server.RaftServerConfigKeys (ConfUtils.java:logGet(43)) - raft.server.log.preallocated.size = 16384 (custom)
2019-09-19 14:21:17,165 [pool-49-thread-1] INFO  server.RaftServerConfigKeys (ConfUtils.java:logGet(43)) - raft.server.log.write.buffer.size = 33554432 (custom)
2019-09-19 14:21:17,165 [pool-49-thread-1] INFO  server.RaftServerConfigKeys (ConfUtils.java:logGet(43)) - raft.server.log.force.sync.num = 128 (default)
2019-09-19 14:21:17,165 [pool-49-thread-1] INFO  server.RaftServerConfigKeys (ConfUtils.java:logGet(43)) - raft.server.log.statemachine.data.sync = true (default)
2019-09-19 14:21:17,165 [pool-49-thread-1] INFO  server.RaftServerConfigKeys (ConfUtils.java:logGet(43)) - raft.server.log.statemachine.data.sync.timeout = 10s (default)
2019-09-19 14:21:17,166 [pool-49-thread-1] INFO  server.RaftServerConfigKeys (ConfUtils.java:logGet(43)) - raft.server.log.statemachine.data.sync.timeout.retry = -1 (default)
2019-09-19 14:21:17,166 [pool-49-thread-1] INFO  server.RaftServerConfigKeys (ConfUtils.java:logGet(43)) - raft.server.log.statemachine.data.caching.enabled = true (custom)
2019-09-19 14:21:17,166 [pool-49-thread-1] INFO  segmented.SegmentedRaftLogWorker (SegmentedRaftLogWorker.java:lambda$new$0(132)) - 306a7a99-f2a5-4f40-b42b-2fc2def08a6a-SegmentedRaftLogWorker:Storage Directory /workdir/hadoop-ozone/integration-test/target/test-dir/MiniOzoneClusterImpl-210d6028-2152-4683-81ff-347b0d29bb13/datanode-2/data/ratis/8bea1e5d-0596-40b9-b4e9-483c26e2c33d: flushIndex: setUnconditionally 0 -> -1
2019-09-19 14:21:17,166 [pool-49-thread-1] INFO  server.RaftServerConfigKeys (ConfUtils.java:logGet(43)) - raft.server.snapshot.auto.trigger.enabled = true (custom)
2019-09-19 14:21:17,166 [pool-49-thread-1] INFO  server.RaftServerConfigKeys (ConfUtils.java:logGet(43)) - raft.server.snapshot.auto.trigger.threshold = 10000 (custom)
2019-09-19 14:21:17,167 [pool-49-thread-1] INFO  server.RaftServerConfigKeys (ConfUtils.java:logGet(43)) - raft.server.retrycache.expirytime = 600000ms (custom)
2019-09-19 14:21:17,167 [pool-49-thread-1] INFO  impl.RaftServerImpl (RaftServerImpl.java:start(180)) - 306a7a99-f2a5-4f40-b42b-2fc2def08a6a: start group-483C26E2C33D
2019-09-19 14:21:17,167 [pool-49-thread-1] INFO  impl.RaftServerImpl (RaftServerImpl.java:setRole(171)) - 306a7a99-f2a5-4f40-b42b-2fc2def08a6a:group-483C26E2C33D changes role from null to FOLLOWER at term 0 for startAsFollower
2019-09-19 14:21:17,167 [pool-49-thread-1] INFO  impl.RoleInfo (RoleInfo.java:updateAndGet(143)) - 306a7a99-f2a5-4f40-b42b-2fc2def08a6a: start FollowerState
2019-09-19 14:21:17,167 [pool-49-thread-1] INFO  util.JmxRegister (JmxRegister.java:tryRegister(44)) - Successfully registered JMX Bean with object name Ratis:service=RaftServer,group=group-483C26E2C33D,id=306a7a99-f2a5-4f40-b42b-2fc2def08a6a
2019-09-19 14:21:17,171 [RatisPipelineUtilsThread] INFO  pipeline.PipelineStateManager (PipelineStateManager.java:addPipeline(56)) - Created pipeline Pipeline[ Id: 8bea1e5d-0596-40b9-b4e9-483c26e2c33d, Nodes: 306a7a99-f2a5-4f40-b42b-2fc2def08a6a{ip: 192.168.157.226, host: pr-hdds-1569-swxfz-3172132826, networkLocation: /default-rack, certSerialId: null}, Type:RATIS, Factor:ONE, State:OPEN]
2019-09-19 14:21:17,178 [grpc-default-executor-1] INFO  impl.RaftServerProxy (RaftServerProxy.java:addNew(89)) - 56d21ab3-8f6d-44ea-b961-c721a1c09246: addNew group-B43650530929:[56d21ab3-8f6d-44ea-b961-c721a1c09246:192.168.157.226:39258] returns group-B43650530929:java.util.concurrent.CompletableFuture@548d0ece[Not completed]
2019-09-19 14:21:17,182 [pool-93-thread-1] INFO  impl.RaftServerImpl (RaftServerImpl.java:<init>(93)) - 56d21ab3-8f6d-44ea-b961-c721a1c09246: new RaftServerImpl for group-B43650530929:[56d21ab3-8f6d-44ea-b961-c721a1c09246:192.168.157.226:39258] with ContainerStateMachine:uninitialized
2019-09-19 14:21:17,183 [pool-93-thread-1] INFO  server.RaftServerConfigKeys (ConfUtils.java:logGet(43)) - raft.server.rpc.timeout.min = 5s (custom)
2019-09-19 14:21:17,183 [pool-93-thread-1] INFO  server.RaftServerConfigKeys (ConfUtils.java:logGet(43)) - raft.server.rpc.timeout.max = 5200ms (custom)
2019-09-19 14:21:17,183 [pool-93-thread-1] INFO  server.RaftServerConfigKeys (ConfUtils.java:logGet(43)) - raft.server.rpcslowness.timeout = 120s (custom)
2019-09-19 14:21:17,183 [pool-93-thread-1] INFO  server.RaftServerConfigKeys (ConfUtils.java:logGet(43)) - raft.server.sleep.deviation.threshold = 300 (default)
2019-09-19 14:21:17,183 [pool-93-thread-1] INFO  server.RaftServerConfigKeys (ConfUtils.java:logGet(43)) - raft.server.log.appender.install.snapshot.enabled = false (custom)
2019-09-19 14:21:17,183 [pool-93-thread-1] INFO  impl.RaftServerImpl (ServerState.java:<init>(105)) - 56d21ab3-8f6d-44ea-b961-c721a1c09246:group-B43650530929 ConfigurationManager, init=-1: [56d21ab3-8f6d-44ea-b961-c721a1c09246:192.168.157.226:39258], old=null, confs=<EMPTY_MAP>
2019-09-19 14:21:17,184 [pool-93-thread-1] INFO  server.RaftServerConfigKeys (ConfUtils.java:logGet(43)) - raft.server.storage.dir = [/workdir/hadoop-ozone/integration-test/target/test-dir/MiniOzoneClusterImpl-210d6028-2152-4683-81ff-347b0d29bb13/datanode-6/data/ratis] (custom)
2019-09-19 14:21:17,184 [pool-93-thread-1] INFO  storage.RaftStorageDirectory (RaftStorageDirectory.java:analyzeStorage(246)) - The storage directory /workdir/hadoop-ozone/integration-test/target/test-dir/MiniOzoneClusterImpl-210d6028-2152-4683-81ff-347b0d29bb13/datanode-6/data/ratis/55aaeaab-f5db-4373-bc71-b43650530929 does not exist. Creating ...
2019-09-19 14:21:17,197 [pool-93-thread-1] INFO  storage.RaftStorageDirectory (RaftStorageDirectory.java:tryLock(328)) - Lock on /workdir/hadoop-ozone/integration-test/target/test-dir/MiniOzoneClusterImpl-210d6028-2152-4683-81ff-347b0d29bb13/datanode-6/data/ratis/55aaeaab-f5db-4373-bc71-b43650530929/in_use.lock acquired by nodename 16198@pr-hdds-1569-swxfz-3172132826
2019-09-19 14:21:17,210 [pool-93-thread-1] INFO  storage.RaftStorage (RaftStorage.java:format(72)) - Storage directory /workdir/hadoop-ozone/integration-test/target/test-dir/MiniOzoneClusterImpl-210d6028-2152-4683-81ff-347b0d29bb13/datanode-6/data/ratis/55aaeaab-f5db-4373-bc71-b43650530929 has been successfully formatted.
2019-09-19 14:21:17,210 [pool-93-thread-1] INFO  ratis.ContainerStateMachine (ContainerStateMachine.java:loadSnapshot(226)) - group-B43650530929: The snapshot info is null. Setting the last applied indexto:(t:0, i:~)
2019-09-19 14:21:17,211 [pool-93-thread-1] INFO  server.RaftServerConfigKeys (ConfUtils.java:logGet(43)) - raft.server.leader.election.timeout = 120s (custom)
2019-09-19 14:21:17,211 [pool-93-thread-1] INFO  server.RaftServerConfigKeys (ConfUtils.java:logGet(43)) - raft.server.log.use.memory = false (default)
2019-09-19 14:21:17,211 [pool-93-thread-1] INFO  server.RaftServerConfigKeys (ConfUtils.java:logGet(43)) - raft.server.log.purge.gap = 1000000 (custom)
2019-09-19 14:21:17,211 [pool-93-thread-1] INFO  server.RaftServerConfigKeys (ConfUtils.java:logGet(43)) - raft.server.log.appender.buffer.byte-limit = 33554432 (custom)
2019-09-19 14:21:17,211 [pool-93-thread-1] INFO  server.RaftServerConfigKeys (ConfUtils.java:logGet(43)) - raft.server.log.segment.size.max = 1048576 (custom)
2019-09-19 14:21:17,211 [pool-93-thread-1] INFO  server.RaftServerConfigKeys (ConfUtils.java:logGet(43)) - raft.server.log.segment.cache.num.max = 2 (custom)
2019-09-19 14:21:17,211 [pool-93-thread-1] INFO  segmented.SegmentedRaftLogWorker (SegmentedRaftLogWorker.java:<init>(172)) - new 56d21ab3-8f6d-44ea-b961-c721a1c09246-SegmentedRaftLogWorker:Storage Directory /workdir/hadoop-ozone/integration-test/target/test-dir/MiniOzoneClusterImpl-210d6028-2152-4683-81ff-347b0d29bb13/datanode-6/data/ratis/55aaeaab-f5db-4373-bc71-b43650530929 for RaftStorage:Storage Directory /workdir/hadoop-ozone/integration-test/target/test-dir/MiniOzoneClusterImpl-210d6028-2152-4683-81ff-347b0d29bb13/datanode-6/data/ratis/55aaeaab-f5db-4373-bc71-b43650530929
2019-09-19 14:21:17,211 [pool-93-thread-1] INFO  server.RaftServerConfigKeys (ConfUtils.java:logGet(43)) - raft.server.log.queue.byte-limit = 2147483647 (custom)
2019-09-19 14:21:17,211 [pool-93-thread-1] INFO  server.RaftServerConfigKeys (ConfUtils.java:logGet(43)) - raft.server.log.queue.element-limit = 1024 (custom)
2019-09-19 14:21:17,212 [pool-93-thread-1] INFO  server.RaftServerConfigKeys (ConfUtils.java:logGet(43)) - raft.server.log.segment.size.max = 1048576 (custom)
2019-09-19 14:21:17,212 [pool-93-thread-1] INFO  server.RaftServerConfigKeys (ConfUtils.java:logGet(43)) - raft.server.log.preallocated.size = 16384 (custom)
2019-09-19 14:21:17,212 [pool-93-thread-1] INFO  server.RaftServerConfigKeys (ConfUtils.java:logGet(43)) - raft.server.log.write.buffer.size = 33554432 (custom)
2019-09-19 14:21:17,212 [pool-93-thread-1] INFO  server.RaftServerConfigKeys (ConfUtils.java:logGet(43)) - raft.server.log.force.sync.num = 128 (default)
2019-09-19 14:21:17,212 [pool-93-thread-1] INFO  server.RaftServerConfigKeys (ConfUtils.java:logGet(43)) - raft.server.log.statemachine.data.sync = true (default)
2019-09-19 14:21:17,212 [pool-93-thread-1] INFO  server.RaftServerConfigKeys (ConfUtils.java:logGet(43)) - raft.server.log.statemachine.data.sync.timeout = 10s (default)
2019-09-19 14:21:17,212 [pool-93-thread-1] INFO  server.RaftServerConfigKeys (ConfUtils.java:logGet(43)) - raft.server.log.statemachine.data.sync.timeout.retry = -1 (default)
2019-09-19 14:21:17,212 [pool-93-thread-1] INFO  server.RaftServerConfigKeys (ConfUtils.java:logGet(43)) - raft.server.log.statemachine.data.caching.enabled = true (custom)
2019-09-19 14:21:17,213 [pool-93-thread-1] INFO  segmented.SegmentedRaftLogWorker (SegmentedRaftLogWorker.java:lambda$new$0(132)) - 56d21ab3-8f6d-44ea-b961-c721a1c09246-SegmentedRaftLogWorker:Storage Directory /workdir/hadoop-ozone/integration-test/target/test-dir/MiniOzoneClusterImpl-210d6028-2152-4683-81ff-347b0d29bb13/datanode-6/data/ratis/55aaeaab-f5db-4373-bc71-b43650530929: flushIndex: setUnconditionally 0 -> -1
2019-09-19 14:21:17,213 [pool-93-thread-1] INFO  server.RaftServerConfigKeys (ConfUtils.java:logGet(43)) - raft.server.snapshot.auto.trigger.enabled = true (custom)
2019-09-19 14:21:17,213 [pool-93-thread-1] INFO  server.RaftServerConfigKeys (ConfUtils.java:logGet(43)) - raft.server.snapshot.auto.trigger.threshold = 10000 (custom)
2019-09-19 14:21:17,213 [pool-93-thread-1] INFO  server.RaftServerConfigKeys (ConfUtils.java:logGet(43)) - raft.server.retrycache.expirytime = 600000ms (custom)
2019-09-19 14:21:17,213 [pool-93-thread-1] INFO  impl.RaftServerImpl (RaftServerImpl.java:start(180)) - 56d21ab3-8f6d-44ea-b961-c721a1c09246: start group-B43650530929
2019-09-19 14:21:17,213 [pool-93-thread-1] INFO  impl.RaftServerImpl (RaftServerImpl.java:setRole(171)) - 56d21ab3-8f6d-44ea-b961-c721a1c09246:group-B43650530929 changes role from null to FOLLOWER at term 0 for startAsFollower
2019-09-19 14:21:17,213 [pool-93-thread-1] INFO  impl.RoleInfo (RoleInfo.java:updateAndGet(143)) - 56d21ab3-8f6d-44ea-b961-c721a1c09246: start FollowerState
2019-09-19 14:21:17,214 [pool-93-thread-1] INFO  util.JmxRegister (JmxRegister.java:tryRegister(44)) - Successfully registered JMX Bean with object name Ratis:service=RaftServer,group=group-B43650530929,id=56d21ab3-8f6d-44ea-b961-c721a1c09246
2019-09-19 14:21:17,216 [RatisPipelineUtilsThread] INFO  pipeline.PipelineStateManager (PipelineStateManager.java:addPipeline(56)) - Created pipeline Pipeline[ Id: 55aaeaab-f5db-4373-bc71-b43650530929, Nodes: 56d21ab3-8f6d-44ea-b961-c721a1c09246{ip: 192.168.157.226, host: pr-hdds-1569-swxfz-3172132826, networkLocation: /default-rack, certSerialId: null}, Type:RATIS, Factor:ONE, State:OPEN]
2019-09-19 14:21:17,221 [grpc-default-executor-1] INFO  impl.RaftServerProxy (RaftServerProxy.java:addNew(89)) - 1190b9a7-12b1-4c15-b33e-f7d0a0cd436c: addNew group-A85B0E09E1CA:[1190b9a7-12b1-4c15-b33e-f7d0a0cd436c:192.168.157.226:34463] returns group-A85B0E09E1CA:java.util.concurrent.CompletableFuture@14c7cfe6[Not completed]
2019-09-19 14:21:17,222 [pool-71-thread-1] INFO  impl.RaftServerImpl (RaftServerImpl.java:<init>(93)) - 1190b9a7-12b1-4c15-b33e-f7d0a0cd436c: new RaftServerImpl for group-A85B0E09E1CA:[1190b9a7-12b1-4c15-b33e-f7d0a0cd436c:192.168.157.226:34463] with ContainerStateMachine:uninitialized
2019-09-19 14:21:17,222 [pool-71-thread-1] INFO  server.RaftServerConfigKeys (ConfUtils.java:logGet(43)) - raft.server.rpc.timeout.min = 5s (custom)
2019-09-19 14:21:17,222 [pool-71-thread-1] INFO  server.RaftServerConfigKeys (ConfUtils.java:logGet(43)) - raft.server.rpc.timeout.max = 5200ms (custom)
2019-09-19 14:21:17,222 [pool-71-thread-1] INFO  server.RaftServerConfigKeys (ConfUtils.java:logGet(43)) - raft.server.rpcslowness.timeout = 120s (custom)
2019-09-19 14:21:17,222 [pool-71-thread-1] INFO  server.RaftServerConfigKeys (ConfUtils.java:logGet(43)) - raft.server.sleep.deviation.threshold = 300 (default)
2019-09-19 14:21:17,222 [pool-71-thread-1] INFO  server.RaftServerConfigKeys (ConfUtils.java:logGet(43)) - raft.server.log.appender.install.snapshot.enabled = false (custom)
2019-09-19 14:21:17,222 [pool-71-thread-1] INFO  impl.RaftServerImpl (ServerState.java:<init>(105)) - 1190b9a7-12b1-4c15-b33e-f7d0a0cd436c:group-A85B0E09E1CA ConfigurationManager, init=-1: [1190b9a7-12b1-4c15-b33e-f7d0a0cd436c:192.168.157.226:34463], old=null, confs=<EMPTY_MAP>
2019-09-19 14:21:17,223 [pool-71-thread-1] INFO  server.RaftServerConfigKeys (ConfUtils.java:logGet(43)) - raft.server.storage.dir = [/workdir/hadoop-ozone/integration-test/target/test-dir/MiniOzoneClusterImpl-210d6028-2152-4683-81ff-347b0d29bb13/datanode-4/data/ratis] (custom)
2019-09-19 14:21:17,223 [pool-71-thread-1] INFO  storage.RaftStorageDirectory (RaftStorageDirectory.java:analyzeStorage(246)) - The storage directory /workdir/hadoop-ozone/integration-test/target/test-dir/MiniOzoneClusterImpl-210d6028-2152-4683-81ff-347b0d29bb13/datanode-4/data/ratis/a62a009a-ce40-4fc3-a30e-a85b0e09e1ca does not exist. Creating ...
2019-09-19 14:21:17,235 [pool-71-thread-1] INFO  storage.RaftStorageDirectory (RaftStorageDirectory.java:tryLock(328)) - Lock on /workdir/hadoop-ozone/integration-test/target/test-dir/MiniOzoneClusterImpl-210d6028-2152-4683-81ff-347b0d29bb13/datanode-4/data/ratis/a62a009a-ce40-4fc3-a30e-a85b0e09e1ca/in_use.lock acquired by nodename 16198@pr-hdds-1569-swxfz-3172132826
2019-09-19 14:21:17,248 [pool-71-thread-1] INFO  storage.RaftStorage (RaftStorage.java:format(72)) - Storage directory /workdir/hadoop-ozone/integration-test/target/test-dir/MiniOzoneClusterImpl-210d6028-2152-4683-81ff-347b0d29bb13/datanode-4/data/ratis/a62a009a-ce40-4fc3-a30e-a85b0e09e1ca has been successfully formatted.
2019-09-19 14:21:17,248 [pool-71-thread-1] INFO  ratis.ContainerStateMachine (ContainerStateMachine.java:loadSnapshot(226)) - group-A85B0E09E1CA: The snapshot info is null. Setting the last applied indexto:(t:0, i:~)
2019-09-19 14:21:17,248 [pool-71-thread-1] INFO  server.RaftServerConfigKeys (ConfUtils.java:logGet(43)) - raft.server.leader.election.timeout = 120s (custom)
2019-09-19 14:21:17,248 [pool-71-thread-1] INFO  server.RaftServerConfigKeys (ConfUtils.java:logGet(43)) - raft.server.log.use.memory = false (default)
2019-09-19 14:21:17,250 [pool-71-thread-1] INFO  server.RaftServerConfigKeys (ConfUtils.java:logGet(43)) - raft.server.log.purge.gap = 1000000 (custom)
2019-09-19 14:21:17,250 [pool-71-thread-1] INFO  server.RaftServerConfigKeys (ConfUtils.java:logGet(43)) - raft.server.log.appender.buffer.byte-limit = 33554432 (custom)
2019-09-19 14:21:17,251 [pool-71-thread-1] INFO  server.RaftServerConfigKeys (ConfUtils.java:logGet(43)) - raft.server.log.segment.size.max = 1048576 (custom)
2019-09-19 14:21:17,251 [pool-71-thread-1] INFO  server.RaftServerConfigKeys (ConfUtils.java:logGet(43)) - raft.server.log.segment.cache.num.max = 2 (custom)
2019-09-19 14:21:17,251 [pool-71-thread-1] INFO  segmented.SegmentedRaftLogWorker (SegmentedRaftLogWorker.java:<init>(172)) - new 1190b9a7-12b1-4c15-b33e-f7d0a0cd436c-SegmentedRaftLogWorker:Storage Directory /workdir/hadoop-ozone/integration-test/target/test-dir/MiniOzoneClusterImpl-210d6028-2152-4683-81ff-347b0d29bb13/datanode-4/data/ratis/a62a009a-ce40-4fc3-a30e-a85b0e09e1ca for RaftStorage:Storage Directory /workdir/hadoop-ozone/integration-test/target/test-dir/MiniOzoneClusterImpl-210d6028-2152-4683-81ff-347b0d29bb13/datanode-4/data/ratis/a62a009a-ce40-4fc3-a30e-a85b0e09e1ca
2019-09-19 14:21:17,251 | INFO  | SCMAudit | user=jenkins1000 | ip=192.168.157.226 | op=SEND_HEARTBEAT {datanodeUUID=1190b9a7-12b1-4c15-b33e-f7d0a0cd436c, command=[]} | ret=SUCCESS |  
2019-09-19 14:21:17,251 [pool-71-thread-1] INFO  server.RaftServerConfigKeys (ConfUtils.java:logGet(43)) - raft.server.log.queue.byte-limit = 2147483647 (custom)
2019-09-19 14:21:17,251 [pool-71-thread-1] INFO  server.RaftServerConfigKeys (ConfUtils.java:logGet(43)) - raft.server.log.queue.element-limit = 1024 (custom)
2019-09-19 14:21:17,251 [pool-71-thread-1] INFO  server.RaftServerConfigKeys (ConfUtils.java:logGet(43)) - raft.server.log.segment.size.max = 1048576 (custom)
2019-09-19 14:21:17,251 [pool-71-thread-1] INFO  server.RaftServerConfigKeys (ConfUtils.java:logGet(43)) - raft.server.log.preallocated.size = 16384 (custom)
2019-09-19 14:21:17,251 [pool-71-thread-1] INFO  server.RaftServerConfigKeys (ConfUtils.java:logGet(43)) - raft.server.log.write.buffer.size = 33554432 (custom)
2019-09-19 14:21:17,252 [pool-71-thread-1] INFO  server.RaftServerConfigKeys (ConfUtils.java:logGet(43)) - raft.server.log.force.sync.num = 128 (default)
2019-09-19 14:21:17,252 [pool-71-thread-1] INFO  server.RaftServerConfigKeys (ConfUtils.java:logGet(43)) - raft.server.log.statemachine.data.sync = true (default)
2019-09-19 14:21:17,252 [pool-71-thread-1] INFO  server.RaftServerConfigKeys (ConfUtils.java:logGet(43)) - raft.server.log.statemachine.data.sync.timeout = 10s (default)
2019-09-19 14:21:17,252 [pool-71-thread-1] INFO  server.RaftServerConfigKeys (ConfUtils.java:logGet(43)) - raft.server.log.statemachine.data.sync.timeout.retry = -1 (default)
2019-09-19 14:21:17,252 [pool-71-thread-1] INFO  server.RaftServerConfigKeys (ConfUtils.java:logGet(43)) - raft.server.log.statemachine.data.caching.enabled = true (custom)
2019-09-19 14:21:17,252 [pool-71-thread-1] INFO  segmented.SegmentedRaftLogWorker (SegmentedRaftLogWorker.java:lambda$new$0(132)) - 1190b9a7-12b1-4c15-b33e-f7d0a0cd436c-SegmentedRaftLogWorker:Storage Directory /workdir/hadoop-ozone/integration-test/target/test-dir/MiniOzoneClusterImpl-210d6028-2152-4683-81ff-347b0d29bb13/datanode-4/data/ratis/a62a009a-ce40-4fc3-a30e-a85b0e09e1ca: flushIndex: setUnconditionally 0 -> -1
2019-09-19 14:21:17,252 [pool-71-thread-1] INFO  server.RaftServerConfigKeys (ConfUtils.java:logGet(43)) - raft.server.snapshot.auto.trigger.enabled = true (custom)
2019-09-19 14:21:17,253 [pool-71-thread-1] INFO  server.RaftServerConfigKeys (ConfUtils.java:logGet(43)) - raft.server.snapshot.auto.trigger.threshold = 10000 (custom)
2019-09-19 14:21:17,253 [pool-71-thread-1] INFO  server.RaftServerConfigKeys (ConfUtils.java:logGet(43)) - raft.server.retrycache.expirytime = 600000ms (custom)
2019-09-19 14:21:17,253 [pool-71-thread-1] INFO  impl.RaftServerImpl (RaftServerImpl.java:start(180)) - 1190b9a7-12b1-4c15-b33e-f7d0a0cd436c: start group-A85B0E09E1CA
2019-09-19 14:21:17,253 [pool-71-thread-1] INFO  impl.RaftServerImpl (RaftServerImpl.java:setRole(171)) - 1190b9a7-12b1-4c15-b33e-f7d0a0cd436c:group-A85B0E09E1CA changes role from null to FOLLOWER at term 0 for startAsFollower
2019-09-19 14:21:17,253 [pool-71-thread-1] INFO  impl.RoleInfo (RoleInfo.java:updateAndGet(143)) - 1190b9a7-12b1-4c15-b33e-f7d0a0cd436c: start FollowerState
2019-09-19 14:21:17,253 [pool-71-thread-1] INFO  util.JmxRegister (JmxRegister.java:tryRegister(44)) - Successfully registered JMX Bean with object name Ratis:service=RaftServer,group=group-A85B0E09E1CA,id=1190b9a7-12b1-4c15-b33e-f7d0a0cd436c
2019-09-19 14:21:17,256 [RatisPipelineUtilsThread] INFO  pipeline.PipelineStateManager (PipelineStateManager.java:addPipeline(56)) - Created pipeline Pipeline[ Id: a62a009a-ce40-4fc3-a30e-a85b0e09e1ca, Nodes: 1190b9a7-12b1-4c15-b33e-f7d0a0cd436c{ip: 192.168.157.226, host: pr-hdds-1569-swxfz-3172132826, networkLocation: /default-rack, certSerialId: null}, Type:RATIS, Factor:ONE, State:OPEN]
2019-09-19 14:21:17,260 [grpc-default-executor-1] INFO  impl.RaftServerProxy (RaftServerProxy.java:addNew(89)) - 5dfaa0ea-416a-422c-a75d-43311aceb00a: addNew group-D72F4DDBA24B:[5dfaa0ea-416a-422c-a75d-43311aceb00a:192.168.157.226:45629] returns group-D72F4DDBA24B:java.util.concurrent.CompletableFuture@79f5718c[Not completed]
2019-09-19 14:21:17,261 [pool-38-thread-1] INFO  impl.RaftServerImpl (RaftServerImpl.java:<init>(93)) - 5dfaa0ea-416a-422c-a75d-43311aceb00a: new RaftServerImpl for group-D72F4DDBA24B:[5dfaa0ea-416a-422c-a75d-43311aceb00a:192.168.157.226:45629] with ContainerStateMachine:uninitialized
2019-09-19 14:21:17,261 [pool-38-thread-1] INFO  server.RaftServerConfigKeys (ConfUtils.java:logGet(43)) - raft.server.rpc.timeout.min = 5s (custom)
2019-09-19 14:21:17,262 [pool-38-thread-1] INFO  server.RaftServerConfigKeys (ConfUtils.java:logGet(43)) - raft.server.rpc.timeout.max = 5200ms (custom)
2019-09-19 14:21:17,262 [pool-38-thread-1] INFO  server.RaftServerConfigKeys (ConfUtils.java:logGet(43)) - raft.server.rpcslowness.timeout = 120s (custom)
2019-09-19 14:21:17,262 [pool-38-thread-1] INFO  server.RaftServerConfigKeys (ConfUtils.java:logGet(43)) - raft.server.sleep.deviation.threshold = 300 (default)
2019-09-19 14:21:17,262 [pool-38-thread-1] INFO  server.RaftServerConfigKeys (ConfUtils.java:logGet(43)) - raft.server.log.appender.install.snapshot.enabled = false (custom)
2019-09-19 14:21:17,262 [pool-38-thread-1] INFO  impl.RaftServerImpl (ServerState.java:<init>(105)) - 5dfaa0ea-416a-422c-a75d-43311aceb00a:group-D72F4DDBA24B ConfigurationManager, init=-1: [5dfaa0ea-416a-422c-a75d-43311aceb00a:192.168.157.226:45629], old=null, confs=<EMPTY_MAP>
2019-09-19 14:21:17,262 [pool-38-thread-1] INFO  server.RaftServerConfigKeys (ConfUtils.java:logGet(43)) - raft.server.storage.dir = [/workdir/hadoop-ozone/integration-test/target/test-dir/MiniOzoneClusterImpl-210d6028-2152-4683-81ff-347b0d29bb13/datanode-1/data/ratis] (custom)
2019-09-19 14:21:17,262 [pool-38-thread-1] INFO  storage.RaftStorageDirectory (RaftStorageDirectory.java:analyzeStorage(246)) - The storage directory /workdir/hadoop-ozone/integration-test/target/test-dir/MiniOzoneClusterImpl-210d6028-2152-4683-81ff-347b0d29bb13/datanode-1/data/ratis/e509eea3-cede-4beb-9405-d72f4ddba24b does not exist. Creating ...
2019-09-19 14:21:17,274 [pool-38-thread-1] INFO  storage.RaftStorageDirectory (RaftStorageDirectory.java:tryLock(328)) - Lock on /workdir/hadoop-ozone/integration-test/target/test-dir/MiniOzoneClusterImpl-210d6028-2152-4683-81ff-347b0d29bb13/datanode-1/data/ratis/e509eea3-cede-4beb-9405-d72f4ddba24b/in_use.lock acquired by nodename 16198@pr-hdds-1569-swxfz-3172132826
2019-09-19 14:21:17,287 [pool-38-thread-1] INFO  storage.RaftStorage (RaftStorage.java:format(72)) - Storage directory /workdir/hadoop-ozone/integration-test/target/test-dir/MiniOzoneClusterImpl-210d6028-2152-4683-81ff-347b0d29bb13/datanode-1/data/ratis/e509eea3-cede-4beb-9405-d72f4ddba24b has been successfully formatted.
2019-09-19 14:21:17,287 [pool-38-thread-1] INFO  ratis.ContainerStateMachine (ContainerStateMachine.java:loadSnapshot(226)) - group-D72F4DDBA24B: The snapshot info is null. Setting the last applied indexto:(t:0, i:~)
2019-09-19 14:21:17,287 [pool-38-thread-1] INFO  server.RaftServerConfigKeys (ConfUtils.java:logGet(43)) - raft.server.leader.election.timeout = 120s (custom)
2019-09-19 14:21:17,287 [pool-38-thread-1] INFO  server.RaftServerConfigKeys (ConfUtils.java:logGet(43)) - raft.server.log.use.memory = false (default)
2019-09-19 14:21:17,287 [pool-38-thread-1] INFO  server.RaftServerConfigKeys (ConfUtils.java:logGet(43)) - raft.server.log.purge.gap = 1000000 (custom)
2019-09-19 14:21:17,287 [pool-38-thread-1] INFO  server.RaftServerConfigKeys (ConfUtils.java:logGet(43)) - raft.server.log.appender.buffer.byte-limit = 33554432 (custom)
2019-09-19 14:21:17,288 [pool-38-thread-1] INFO  server.RaftServerConfigKeys (ConfUtils.java:logGet(43)) - raft.server.log.segment.size.max = 1048576 (custom)
2019-09-19 14:21:17,288 [pool-38-thread-1] INFO  server.RaftServerConfigKeys (ConfUtils.java:logGet(43)) - raft.server.log.segment.cache.num.max = 2 (custom)
2019-09-19 14:21:17,288 [pool-38-thread-1] INFO  segmented.SegmentedRaftLogWorker (SegmentedRaftLogWorker.java:<init>(172)) - new 5dfaa0ea-416a-422c-a75d-43311aceb00a-SegmentedRaftLogWorker:Storage Directory /workdir/hadoop-ozone/integration-test/target/test-dir/MiniOzoneClusterImpl-210d6028-2152-4683-81ff-347b0d29bb13/datanode-1/data/ratis/e509eea3-cede-4beb-9405-d72f4ddba24b for RaftStorage:Storage Directory /workdir/hadoop-ozone/integration-test/target/test-dir/MiniOzoneClusterImpl-210d6028-2152-4683-81ff-347b0d29bb13/datanode-1/data/ratis/e509eea3-cede-4beb-9405-d72f4ddba24b
2019-09-19 14:21:17,288 [pool-38-thread-1] INFO  server.RaftServerConfigKeys (ConfUtils.java:logGet(43)) - raft.server.log.queue.byte-limit = 2147483647 (custom)
2019-09-19 14:21:17,288 [pool-38-thread-1] INFO  server.RaftServerConfigKeys (ConfUtils.java:logGet(43)) - raft.server.log.queue.element-limit = 1024 (custom)
2019-09-19 14:21:17,288 [pool-38-thread-1] INFO  server.RaftServerConfigKeys (ConfUtils.java:logGet(43)) - raft.server.log.segment.size.max = 1048576 (custom)
2019-09-19 14:21:17,288 [pool-38-thread-1] INFO  server.RaftServerConfigKeys (ConfUtils.java:logGet(43)) - raft.server.log.preallocated.size = 16384 (custom)
2019-09-19 14:21:17,288 [pool-38-thread-1] INFO  server.RaftServerConfigKeys (ConfUtils.java:logGet(43)) - raft.server.log.write.buffer.size = 33554432 (custom)
2019-09-19 14:21:17,288 [pool-38-thread-1] INFO  server.RaftServerConfigKeys (ConfUtils.java:logGet(43)) - raft.server.log.force.sync.num = 128 (default)
2019-09-19 14:21:17,289 [pool-38-thread-1] INFO  server.RaftServerConfigKeys (ConfUtils.java:logGet(43)) - raft.server.log.statemachine.data.sync = true (default)
2019-09-19 14:21:17,289 [pool-38-thread-1] INFO  server.RaftServerConfigKeys (ConfUtils.java:logGet(43)) - raft.server.log.statemachine.data.sync.timeout = 10s (default)
2019-09-19 14:21:17,289 [pool-38-thread-1] INFO  server.RaftServerConfigKeys (ConfUtils.java:logGet(43)) - raft.server.log.statemachine.data.sync.timeout.retry = -1 (default)
2019-09-19 14:21:17,289 [pool-38-thread-1] INFO  server.RaftServerConfigKeys (ConfUtils.java:logGet(43)) - raft.server.log.statemachine.data.caching.enabled = true (custom)
2019-09-19 14:21:17,289 [pool-38-thread-1] INFO  segmented.SegmentedRaftLogWorker (SegmentedRaftLogWorker.java:lambda$new$0(132)) - 5dfaa0ea-416a-422c-a75d-43311aceb00a-SegmentedRaftLogWorker:Storage Directory /workdir/hadoop-ozone/integration-test/target/test-dir/MiniOzoneClusterImpl-210d6028-2152-4683-81ff-347b0d29bb13/datanode-1/data/ratis/e509eea3-cede-4beb-9405-d72f4ddba24b: flushIndex: setUnconditionally 0 -> -1
2019-09-19 14:21:17,289 [pool-38-thread-1] INFO  server.RaftServerConfigKeys (ConfUtils.java:logGet(43)) - raft.server.snapshot.auto.trigger.enabled = true (custom)
2019-09-19 14:21:17,289 [pool-38-thread-1] INFO  server.RaftServerConfigKeys (ConfUtils.java:logGet(43)) - raft.server.snapshot.auto.trigger.threshold = 10000 (custom)
2019-09-19 14:21:17,290 [pool-38-thread-1] INFO  server.RaftServerConfigKeys (ConfUtils.java:logGet(43)) - raft.server.retrycache.expirytime = 600000ms (custom)
2019-09-19 14:21:17,290 [pool-38-thread-1] INFO  impl.RaftServerImpl (RaftServerImpl.java:start(180)) - 5dfaa0ea-416a-422c-a75d-43311aceb00a: start group-D72F4DDBA24B
2019-09-19 14:21:17,290 [pool-38-thread-1] INFO  impl.RaftServerImpl (RaftServerImpl.java:setRole(171)) - 5dfaa0ea-416a-422c-a75d-43311aceb00a:group-D72F4DDBA24B changes role from null to FOLLOWER at term 0 for startAsFollower
2019-09-19 14:21:17,290 [pool-38-thread-1] INFO  impl.RoleInfo (RoleInfo.java:updateAndGet(143)) - 5dfaa0ea-416a-422c-a75d-43311aceb00a: start FollowerState
2019-09-19 14:21:17,290 [pool-38-thread-1] INFO  util.JmxRegister (JmxRegister.java:tryRegister(44)) - Successfully registered JMX Bean with object name Ratis:service=RaftServer,group=group-D72F4DDBA24B,id=5dfaa0ea-416a-422c-a75d-43311aceb00a
2019-09-19 14:21:17,293 [RatisPipelineUtilsThread] INFO  pipeline.PipelineStateManager (PipelineStateManager.java:addPipeline(56)) - Created pipeline Pipeline[ Id: e509eea3-cede-4beb-9405-d72f4ddba24b, Nodes: 5dfaa0ea-416a-422c-a75d-43311aceb00a{ip: 192.168.157.226, host: pr-hdds-1569-swxfz-3172132826, networkLocation: /default-rack, certSerialId: null}, Type:RATIS, Factor:ONE, State:OPEN]
2019-09-19 14:21:17,299 [grpc-default-executor-1] INFO  impl.RaftServerProxy (RaftServerProxy.java:addNew(89)) - 306a7a99-f2a5-4f40-b42b-2fc2def08a6a: addNew group-9373AAECBC53:[306a7a99-f2a5-4f40-b42b-2fc2def08a6a:192.168.157.226:42633] returns group-9373AAECBC53:java.util.concurrent.CompletableFuture@3284dd4a[Not completed]
2019-09-19 14:21:17,300 [pool-49-thread-1] INFO  impl.RaftServerImpl (RaftServerImpl.java:<init>(93)) - 306a7a99-f2a5-4f40-b42b-2fc2def08a6a: new RaftServerImpl for group-9373AAECBC53:[306a7a99-f2a5-4f40-b42b-2fc2def08a6a:192.168.157.226:42633] with ContainerStateMachine:uninitialized
2019-09-19 14:21:17,300 [pool-49-thread-1] INFO  server.RaftServerConfigKeys (ConfUtils.java:logGet(43)) - raft.server.rpc.timeout.min = 5s (custom)
2019-09-19 14:21:17,300 [pool-49-thread-1] INFO  server.RaftServerConfigKeys (ConfUtils.java:logGet(43)) - raft.server.rpc.timeout.max = 5200ms (custom)
2019-09-19 14:21:17,300 [pool-49-thread-1] INFO  server.RaftServerConfigKeys (ConfUtils.java:logGet(43)) - raft.server.rpcslowness.timeout = 120s (custom)
2019-09-19 14:21:17,300 [pool-49-thread-1] INFO  server.RaftServerConfigKeys (ConfUtils.java:logGet(43)) - raft.server.sleep.deviation.threshold = 300 (default)
2019-09-19 14:21:17,300 [pool-49-thread-1] INFO  server.RaftServerConfigKeys (ConfUtils.java:logGet(43)) - raft.server.log.appender.install.snapshot.enabled = false (custom)
2019-09-19 14:21:17,300 [pool-49-thread-1] INFO  impl.RaftServerImpl (ServerState.java:<init>(105)) - 306a7a99-f2a5-4f40-b42b-2fc2def08a6a:group-9373AAECBC53 ConfigurationManager, init=-1: [306a7a99-f2a5-4f40-b42b-2fc2def08a6a:192.168.157.226:42633], old=null, confs=<EMPTY_MAP>
2019-09-19 14:21:17,301 [pool-49-thread-1] INFO  server.RaftServerConfigKeys (ConfUtils.java:logGet(43)) - raft.server.storage.dir = [/workdir/hadoop-ozone/integration-test/target/test-dir/MiniOzoneClusterImpl-210d6028-2152-4683-81ff-347b0d29bb13/datanode-2/data/ratis] (custom)
2019-09-19 14:21:17,301 [pool-49-thread-1] INFO  storage.RaftStorageDirectory (RaftStorageDirectory.java:analyzeStorage(246)) - The storage directory /workdir/hadoop-ozone/integration-test/target/test-dir/MiniOzoneClusterImpl-210d6028-2152-4683-81ff-347b0d29bb13/datanode-2/data/ratis/85883cba-0f10-4e08-a935-9373aaecbc53 does not exist. Creating ...
2019-09-19 14:21:17,317 [pool-49-thread-1] INFO  storage.RaftStorageDirectory (RaftStorageDirectory.java:tryLock(328)) - Lock on /workdir/hadoop-ozone/integration-test/target/test-dir/MiniOzoneClusterImpl-210d6028-2152-4683-81ff-347b0d29bb13/datanode-2/data/ratis/85883cba-0f10-4e08-a935-9373aaecbc53/in_use.lock acquired by nodename 16198@pr-hdds-1569-swxfz-3172132826
2019-09-19 14:21:17,317 | INFO  | SCMAudit | user=jenkins1000 | ip=192.168.157.226 | op=SEND_HEARTBEAT {datanodeUUID=85c6a9f3-b9a5-43a5-ac4f-9aa7bd5f2263, command=[]} | ret=SUCCESS |  
2019-09-19 14:21:17,330 [pool-49-thread-1] INFO  storage.RaftStorage (RaftStorage.java:format(72)) - Storage directory /workdir/hadoop-ozone/integration-test/target/test-dir/MiniOzoneClusterImpl-210d6028-2152-4683-81ff-347b0d29bb13/datanode-2/data/ratis/85883cba-0f10-4e08-a935-9373aaecbc53 has been successfully formatted.
2019-09-19 14:21:17,330 [pool-49-thread-1] INFO  ratis.ContainerStateMachine (ContainerStateMachine.java:loadSnapshot(226)) - group-9373AAECBC53: The snapshot info is null. Setting the last applied indexto:(t:0, i:~)
2019-09-19 14:21:17,331 [pool-49-thread-1] INFO  server.RaftServerConfigKeys (ConfUtils.java:logGet(43)) - raft.server.leader.election.timeout = 120s (custom)
2019-09-19 14:21:17,331 [pool-49-thread-1] INFO  server.RaftServerConfigKeys (ConfUtils.java:logGet(43)) - raft.server.log.use.memory = false (default)
2019-09-19 14:21:17,331 [pool-49-thread-1] INFO  server.RaftServerConfigKeys (ConfUtils.java:logGet(43)) - raft.server.log.purge.gap = 1000000 (custom)
2019-09-19 14:21:17,331 [pool-49-thread-1] INFO  server.RaftServerConfigKeys (ConfUtils.java:logGet(43)) - raft.server.log.appender.buffer.byte-limit = 33554432 (custom)
2019-09-19 14:21:17,331 [pool-49-thread-1] INFO  server.RaftServerConfigKeys (ConfUtils.java:logGet(43)) - raft.server.log.segment.size.max = 1048576 (custom)
2019-09-19 14:21:17,332 [pool-49-thread-1] INFO  server.RaftServerConfigKeys (ConfUtils.java:logGet(43)) - raft.server.log.segment.cache.num.max = 2 (custom)
2019-09-19 14:21:17,332 [pool-49-thread-1] INFO  segmented.SegmentedRaftLogWorker (SegmentedRaftLogWorker.java:<init>(172)) - new 306a7a99-f2a5-4f40-b42b-2fc2def08a6a-SegmentedRaftLogWorker:Storage Directory /workdir/hadoop-ozone/integration-test/target/test-dir/MiniOzoneClusterImpl-210d6028-2152-4683-81ff-347b0d29bb13/datanode-2/data/ratis/85883cba-0f10-4e08-a935-9373aaecbc53 for RaftStorage:Storage Directory /workdir/hadoop-ozone/integration-test/target/test-dir/MiniOzoneClusterImpl-210d6028-2152-4683-81ff-347b0d29bb13/datanode-2/data/ratis/85883cba-0f10-4e08-a935-9373aaecbc53
2019-09-19 14:21:17,332 [pool-49-thread-1] INFO  server.RaftServerConfigKeys (ConfUtils.java:logGet(43)) - raft.server.log.queue.byte-limit = 2147483647 (custom)
2019-09-19 14:21:17,332 [pool-49-thread-1] INFO  server.RaftServerConfigKeys (ConfUtils.java:logGet(43)) - raft.server.log.queue.element-limit = 1024 (custom)
2019-09-19 14:21:17,332 [pool-49-thread-1] INFO  server.RaftServerConfigKeys (ConfUtils.java:logGet(43)) - raft.server.log.segment.size.max = 1048576 (custom)
2019-09-19 14:21:17,332 [pool-49-thread-1] INFO  server.RaftServerConfigKeys (ConfUtils.java:logGet(43)) - raft.server.log.preallocated.size = 16384 (custom)
2019-09-19 14:21:17,333 [pool-49-thread-1] INFO  server.RaftServerConfigKeys (ConfUtils.java:logGet(43)) - raft.server.log.write.buffer.size = 33554432 (custom)
2019-09-19 14:21:17,333 [pool-49-thread-1] INFO  server.RaftServerConfigKeys (ConfUtils.java:logGet(43)) - raft.server.log.force.sync.num = 128 (default)
2019-09-19 14:21:17,333 [pool-49-thread-1] INFO  server.RaftServerConfigKeys (ConfUtils.java:logGet(43)) - raft.server.log.statemachine.data.sync = true (default)
2019-09-19 14:21:17,333 [pool-49-thread-1] INFO  server.RaftServerConfigKeys (ConfUtils.java:logGet(43)) - raft.server.log.statemachine.data.sync.timeout = 10s (default)
2019-09-19 14:21:17,333 [pool-49-thread-1] INFO  server.RaftServerConfigKeys (ConfUtils.java:logGet(43)) - raft.server.log.statemachine.data.sync.timeout.retry = -1 (default)
2019-09-19 14:21:17,333 [pool-49-thread-1] INFO  server.RaftServerConfigKeys (ConfUtils.java:logGet(43)) - raft.server.log.statemachine.data.caching.enabled = true (custom)
2019-09-19 14:21:17,334 [pool-49-thread-1] INFO  segmented.SegmentedRaftLogWorker (SegmentedRaftLogWorker.java:lambda$new$0(132)) - 306a7a99-f2a5-4f40-b42b-2fc2def08a6a-SegmentedRaftLogWorker:Storage Directory /workdir/hadoop-ozone/integration-test/target/test-dir/MiniOzoneClusterImpl-210d6028-2152-4683-81ff-347b0d29bb13/datanode-2/data/ratis/85883cba-0f10-4e08-a935-9373aaecbc53: flushIndex: setUnconditionally 0 -> -1
2019-09-19 14:21:17,334 [pool-49-thread-1] INFO  server.RaftServerConfigKeys (ConfUtils.java:logGet(43)) - raft.server.snapshot.auto.trigger.enabled = true (custom)
2019-09-19 14:21:17,334 [pool-49-thread-1] INFO  server.RaftServerConfigKeys (ConfUtils.java:logGet(43)) - raft.server.snapshot.auto.trigger.threshold = 10000 (custom)
2019-09-19 14:21:17,334 [pool-49-thread-1] INFO  server.RaftServerConfigKeys (ConfUtils.java:logGet(43)) - raft.server.retrycache.expirytime = 600000ms (custom)
2019-09-19 14:21:17,335 [pool-49-thread-1] INFO  impl.RaftServerImpl (RaftServerImpl.java:start(180)) - 306a7a99-f2a5-4f40-b42b-2fc2def08a6a: start group-9373AAECBC53
2019-09-19 14:21:17,335 [pool-49-thread-1] INFO  impl.RaftServerImpl (RaftServerImpl.java:setRole(171)) - 306a7a99-f2a5-4f40-b42b-2fc2def08a6a:group-9373AAECBC53 changes role from null to FOLLOWER at term 0 for startAsFollower
2019-09-19 14:21:17,335 [pool-49-thread-1] INFO  impl.RoleInfo (RoleInfo.java:updateAndGet(143)) - 306a7a99-f2a5-4f40-b42b-2fc2def08a6a: start FollowerState
2019-09-19 14:21:17,335 [pool-49-thread-1] INFO  util.JmxRegister (JmxRegister.java:tryRegister(44)) - Successfully registered JMX Bean with object name Ratis:service=RaftServer,group=group-9373AAECBC53,id=306a7a99-f2a5-4f40-b42b-2fc2def08a6a
2019-09-19 14:21:17,338 [RatisPipelineUtilsThread] INFO  pipeline.PipelineStateManager (PipelineStateManager.java:addPipeline(56)) - Created pipeline Pipeline[ Id: 85883cba-0f10-4e08-a935-9373aaecbc53, Nodes: 306a7a99-f2a5-4f40-b42b-2fc2def08a6a{ip: 192.168.157.226, host: pr-hdds-1569-swxfz-3172132826, networkLocation: /default-rack, certSerialId: null}, Type:RATIS, Factor:ONE, State:OPEN]
2019-09-19 14:21:17,343 [grpc-default-executor-1] INFO  impl.RaftServerProxy (RaftServerProxy.java:addNew(89)) - 6403e584-2209-453b-b79e-eeb0a7b58516: addNew group-7ED2E8FC417E:[6403e584-2209-453b-b79e-eeb0a7b58516:192.168.157.226:35833] returns group-7ED2E8FC417E:java.util.concurrent.CompletableFuture@322b55a1[Not completed]
2019-09-19 14:21:17,344 [pool-60-thread-1] INFO  impl.RaftServerImpl (RaftServerImpl.java:<init>(93)) - 6403e584-2209-453b-b79e-eeb0a7b58516: new RaftServerImpl for group-7ED2E8FC417E:[6403e584-2209-453b-b79e-eeb0a7b58516:192.168.157.226:35833] with ContainerStateMachine:uninitialized
2019-09-19 14:21:17,344 [pool-60-thread-1] INFO  server.RaftServerConfigKeys (ConfUtils.java:logGet(43)) - raft.server.rpc.timeout.min = 5s (custom)
2019-09-19 14:21:17,344 [pool-60-thread-1] INFO  server.RaftServerConfigKeys (ConfUtils.java:logGet(43)) - raft.server.rpc.timeout.max = 5200ms (custom)
2019-09-19 14:21:17,344 [pool-60-thread-1] INFO  server.RaftServerConfigKeys (ConfUtils.java:logGet(43)) - raft.server.rpcslowness.timeout = 120s (custom)
2019-09-19 14:21:17,345 [pool-60-thread-1] INFO  server.RaftServerConfigKeys (ConfUtils.java:logGet(43)) - raft.server.sleep.deviation.threshold = 300 (default)
2019-09-19 14:21:17,345 [pool-60-thread-1] INFO  server.RaftServerConfigKeys (ConfUtils.java:logGet(43)) - raft.server.log.appender.install.snapshot.enabled = false (custom)
2019-09-19 14:21:17,345 [pool-60-thread-1] INFO  impl.RaftServerImpl (ServerState.java:<init>(105)) - 6403e584-2209-453b-b79e-eeb0a7b58516:group-7ED2E8FC417E ConfigurationManager, init=-1: [6403e584-2209-453b-b79e-eeb0a7b58516:192.168.157.226:35833], old=null, confs=<EMPTY_MAP>
2019-09-19 14:21:17,345 [pool-60-thread-1] INFO  server.RaftServerConfigKeys (ConfUtils.java:logGet(43)) - raft.server.storage.dir = [/workdir/hadoop-ozone/integration-test/target/test-dir/MiniOzoneClusterImpl-210d6028-2152-4683-81ff-347b0d29bb13/datanode-3/data/ratis] (custom)
2019-09-19 14:21:17,345 [pool-60-thread-1] INFO  storage.RaftStorageDirectory (RaftStorageDirectory.java:analyzeStorage(246)) - The storage directory /workdir/hadoop-ozone/integration-test/target/test-dir/MiniOzoneClusterImpl-210d6028-2152-4683-81ff-347b0d29bb13/datanode-3/data/ratis/5077b810-8dbc-4d9f-bade-7ed2e8fc417e does not exist. Creating ...
2019-09-19 14:21:17,358 [pool-60-thread-1] INFO  storage.RaftStorageDirectory (RaftStorageDirectory.java:tryLock(328)) - Lock on /workdir/hadoop-ozone/integration-test/target/test-dir/MiniOzoneClusterImpl-210d6028-2152-4683-81ff-347b0d29bb13/datanode-3/data/ratis/5077b810-8dbc-4d9f-bade-7ed2e8fc417e/in_use.lock acquired by nodename 16198@pr-hdds-1569-swxfz-3172132826
2019-09-19 14:21:17,371 [pool-60-thread-1] INFO  storage.RaftStorage (RaftStorage.java:format(72)) - Storage directory /workdir/hadoop-ozone/integration-test/target/test-dir/MiniOzoneClusterImpl-210d6028-2152-4683-81ff-347b0d29bb13/datanode-3/data/ratis/5077b810-8dbc-4d9f-bade-7ed2e8fc417e has been successfully formatted.
2019-09-19 14:21:17,371 [pool-60-thread-1] INFO  ratis.ContainerStateMachine (ContainerStateMachine.java:loadSnapshot(226)) - group-7ED2E8FC417E: The snapshot info is null. Setting the last applied indexto:(t:0, i:~)
2019-09-19 14:21:17,371 [pool-60-thread-1] INFO  server.RaftServerConfigKeys (ConfUtils.java:logGet(43)) - raft.server.leader.election.timeout = 120s (custom)
2019-09-19 14:21:17,371 [pool-60-thread-1] INFO  server.RaftServerConfigKeys (ConfUtils.java:logGet(43)) - raft.server.log.use.memory = false (default)
2019-09-19 14:21:17,371 [pool-60-thread-1] INFO  server.RaftServerConfigKeys (ConfUtils.java:logGet(43)) - raft.server.log.purge.gap = 1000000 (custom)
2019-09-19 14:21:17,371 [pool-60-thread-1] INFO  server.RaftServerConfigKeys (ConfUtils.java:logGet(43)) - raft.server.log.appender.buffer.byte-limit = 33554432 (custom)
2019-09-19 14:21:17,372 [pool-60-thread-1] INFO  server.RaftServerConfigKeys (ConfUtils.java:logGet(43)) - raft.server.log.segment.size.max = 1048576 (custom)
2019-09-19 14:21:17,372 [pool-60-thread-1] INFO  server.RaftServerConfigKeys (ConfUtils.java:logGet(43)) - raft.server.log.segment.cache.num.max = 2 (custom)
2019-09-19 14:21:17,372 [pool-60-thread-1] INFO  segmented.SegmentedRaftLogWorker (SegmentedRaftLogWorker.java:<init>(172)) - new 6403e584-2209-453b-b79e-eeb0a7b58516-SegmentedRaftLogWorker:Storage Directory /workdir/hadoop-ozone/integration-test/target/test-dir/MiniOzoneClusterImpl-210d6028-2152-4683-81ff-347b0d29bb13/datanode-3/data/ratis/5077b810-8dbc-4d9f-bade-7ed2e8fc417e for RaftStorage:Storage Directory /workdir/hadoop-ozone/integration-test/target/test-dir/MiniOzoneClusterImpl-210d6028-2152-4683-81ff-347b0d29bb13/datanode-3/data/ratis/5077b810-8dbc-4d9f-bade-7ed2e8fc417e
2019-09-19 14:21:17,372 [pool-60-thread-1] INFO  server.RaftServerConfigKeys (ConfUtils.java:logGet(43)) - raft.server.log.queue.byte-limit = 2147483647 (custom)
2019-09-19 14:21:17,372 [pool-60-thread-1] INFO  server.RaftServerConfigKeys (ConfUtils.java:logGet(43)) - raft.server.log.queue.element-limit = 1024 (custom)
2019-09-19 14:21:17,372 [pool-60-thread-1] INFO  server.RaftServerConfigKeys (ConfUtils.java:logGet(43)) - raft.server.log.segment.size.max = 1048576 (custom)
2019-09-19 14:21:17,373 [pool-60-thread-1] INFO  server.RaftServerConfigKeys (ConfUtils.java:logGet(43)) - raft.server.log.preallocated.size = 16384 (custom)
2019-09-19 14:21:17,373 [pool-60-thread-1] INFO  server.RaftServerConfigKeys (ConfUtils.java:logGet(43)) - raft.server.log.write.buffer.size = 33554432 (custom)
2019-09-19 14:21:17,373 [pool-60-thread-1] INFO  server.RaftServerConfigKeys (ConfUtils.java:logGet(43)) - raft.server.log.force.sync.num = 128 (default)
2019-09-19 14:21:17,373 [pool-60-thread-1] INFO  server.RaftServerConfigKeys (ConfUtils.java:logGet(43)) - raft.server.log.statemachine.data.sync = true (default)
2019-09-19 14:21:17,373 [pool-60-thread-1] INFO  server.RaftServerConfigKeys (ConfUtils.java:logGet(43)) - raft.server.log.statemachine.data.sync.timeout = 10s (default)
2019-09-19 14:21:17,373 [pool-60-thread-1] INFO  server.RaftServerConfigKeys (ConfUtils.java:logGet(43)) - raft.server.log.statemachine.data.sync.timeout.retry = -1 (default)
2019-09-19 14:21:17,374 [pool-60-thread-1] INFO  server.RaftServerConfigKeys (ConfUtils.java:logGet(43)) - raft.server.log.statemachine.data.caching.enabled = true (custom)
2019-09-19 14:21:17,374 [pool-60-thread-1] INFO  segmented.SegmentedRaftLogWorker (SegmentedRaftLogWorker.java:lambda$new$0(132)) - 6403e584-2209-453b-b79e-eeb0a7b58516-SegmentedRaftLogWorker:Storage Directory /workdir/hadoop-ozone/integration-test/target/test-dir/MiniOzoneClusterImpl-210d6028-2152-4683-81ff-347b0d29bb13/datanode-3/data/ratis/5077b810-8dbc-4d9f-bade-7ed2e8fc417e: flushIndex: setUnconditionally 0 -> -1
2019-09-19 14:21:17,374 [pool-60-thread-1] INFO  server.RaftServerConfigKeys (ConfUtils.java:logGet(43)) - raft.server.snapshot.auto.trigger.enabled = true (custom)
2019-09-19 14:21:17,374 [pool-60-thread-1] INFO  server.RaftServerConfigKeys (ConfUtils.java:logGet(43)) - raft.server.snapshot.auto.trigger.threshold = 10000 (custom)
2019-09-19 14:21:17,374 [pool-60-thread-1] INFO  server.RaftServerConfigKeys (ConfUtils.java:logGet(43)) - raft.server.retrycache.expirytime = 600000ms (custom)
2019-09-19 14:21:17,374 [pool-60-thread-1] INFO  impl.RaftServerImpl (RaftServerImpl.java:start(180)) - 6403e584-2209-453b-b79e-eeb0a7b58516: start group-7ED2E8FC417E
2019-09-19 14:21:17,374 [pool-60-thread-1] INFO  impl.RaftServerImpl (RaftServerImpl.java:setRole(171)) - 6403e584-2209-453b-b79e-eeb0a7b58516:group-7ED2E8FC417E changes role from null to FOLLOWER at term 0 for startAsFollower
2019-09-19 14:21:17,375 [pool-60-thread-1] INFO  impl.RoleInfo (RoleInfo.java:updateAndGet(143)) - 6403e584-2209-453b-b79e-eeb0a7b58516: start FollowerState
2019-09-19 14:21:17,375 [pool-60-thread-1] INFO  util.JmxRegister (JmxRegister.java:tryRegister(44)) - Successfully registered JMX Bean with object name Ratis:service=RaftServer,group=group-7ED2E8FC417E,id=6403e584-2209-453b-b79e-eeb0a7b58516
2019-09-19 14:21:17,377 [RatisPipelineUtilsThread] INFO  pipeline.PipelineStateManager (PipelineStateManager.java:addPipeline(56)) - Created pipeline Pipeline[ Id: 5077b810-8dbc-4d9f-bade-7ed2e8fc417e, Nodes: 6403e584-2209-453b-b79e-eeb0a7b58516{ip: 192.168.157.226, host: pr-hdds-1569-swxfz-3172132826, networkLocation: /default-rack, certSerialId: null}, Type:RATIS, Factor:ONE, State:OPEN]
2019-09-19 14:21:17,382 [grpc-default-executor-1] INFO  impl.RaftServerProxy (RaftServerProxy.java:addNew(89)) - 5dfaa0ea-416a-422c-a75d-43311aceb00a: addNew group-7E5C36863F7A:[5dfaa0ea-416a-422c-a75d-43311aceb00a:192.168.157.226:45629] returns group-7E5C36863F7A:java.util.concurrent.CompletableFuture@a216e28[Not completed]
2019-09-19 14:21:17,384 [pool-38-thread-1] INFO  impl.RaftServerImpl (RaftServerImpl.java:<init>(93)) - 5dfaa0ea-416a-422c-a75d-43311aceb00a: new RaftServerImpl for group-7E5C36863F7A:[5dfaa0ea-416a-422c-a75d-43311aceb00a:192.168.157.226:45629] with ContainerStateMachine:uninitialized
2019-09-19 14:21:17,384 [pool-38-thread-1] INFO  server.RaftServerConfigKeys (ConfUtils.java:logGet(43)) - raft.server.rpc.timeout.min = 5s (custom)
2019-09-19 14:21:17,384 [pool-38-thread-1] INFO  server.RaftServerConfigKeys (ConfUtils.java:logGet(43)) - raft.server.rpc.timeout.max = 5200ms (custom)
2019-09-19 14:21:17,384 [pool-38-thread-1] INFO  server.RaftServerConfigKeys (ConfUtils.java:logGet(43)) - raft.server.rpcslowness.timeout = 120s (custom)
2019-09-19 14:21:17,384 [pool-38-thread-1] INFO  server.RaftServerConfigKeys (ConfUtils.java:logGet(43)) - raft.server.sleep.deviation.threshold = 300 (default)
2019-09-19 14:21:17,384 [pool-38-thread-1] INFO  server.RaftServerConfigKeys (ConfUtils.java:logGet(43)) - raft.server.log.appender.install.snapshot.enabled = false (custom)
2019-09-19 14:21:17,384 [pool-38-thread-1] INFO  impl.RaftServerImpl (ServerState.java:<init>(105)) - 5dfaa0ea-416a-422c-a75d-43311aceb00a:group-7E5C36863F7A ConfigurationManager, init=-1: [5dfaa0ea-416a-422c-a75d-43311aceb00a:192.168.157.226:45629], old=null, confs=<EMPTY_MAP>
2019-09-19 14:21:17,385 [pool-38-thread-1] INFO  server.RaftServerConfigKeys (ConfUtils.java:logGet(43)) - raft.server.storage.dir = [/workdir/hadoop-ozone/integration-test/target/test-dir/MiniOzoneClusterImpl-210d6028-2152-4683-81ff-347b0d29bb13/datanode-1/data/ratis] (custom)
2019-09-19 14:21:17,385 [pool-38-thread-1] INFO  storage.RaftStorageDirectory (RaftStorageDirectory.java:analyzeStorage(246)) - The storage directory /workdir/hadoop-ozone/integration-test/target/test-dir/MiniOzoneClusterImpl-210d6028-2152-4683-81ff-347b0d29bb13/datanode-1/data/ratis/41ee0157-9526-4794-872d-7e5c36863f7a does not exist. Creating ...
2019-09-19 14:21:17,398 [pool-38-thread-1] INFO  storage.RaftStorageDirectory (RaftStorageDirectory.java:tryLock(328)) - Lock on /workdir/hadoop-ozone/integration-test/target/test-dir/MiniOzoneClusterImpl-210d6028-2152-4683-81ff-347b0d29bb13/datanode-1/data/ratis/41ee0157-9526-4794-872d-7e5c36863f7a/in_use.lock acquired by nodename 16198@pr-hdds-1569-swxfz-3172132826
2019-09-19 14:21:17,412 [pool-38-thread-1] INFO  storage.RaftStorage (RaftStorage.java:format(72)) - Storage directory /workdir/hadoop-ozone/integration-test/target/test-dir/MiniOzoneClusterImpl-210d6028-2152-4683-81ff-347b0d29bb13/datanode-1/data/ratis/41ee0157-9526-4794-872d-7e5c36863f7a has been successfully formatted.
2019-09-19 14:21:17,412 [pool-38-thread-1] INFO  ratis.ContainerStateMachine (ContainerStateMachine.java:loadSnapshot(226)) - group-7E5C36863F7A: The snapshot info is null. Setting the last applied indexto:(t:0, i:~)
2019-09-19 14:21:17,412 [pool-38-thread-1] INFO  server.RaftServerConfigKeys (ConfUtils.java:logGet(43)) - raft.server.leader.election.timeout = 120s (custom)
2019-09-19 14:21:17,412 [pool-38-thread-1] INFO  server.RaftServerConfigKeys (ConfUtils.java:logGet(43)) - raft.server.log.use.memory = false (default)
2019-09-19 14:21:17,412 [pool-38-thread-1] INFO  server.RaftServerConfigKeys (ConfUtils.java:logGet(43)) - raft.server.log.purge.gap = 1000000 (custom)
2019-09-19 14:21:17,413 [pool-38-thread-1] INFO  server.RaftServerConfigKeys (ConfUtils.java:logGet(43)) - raft.server.log.appender.buffer.byte-limit = 33554432 (custom)
2019-09-19 14:21:17,413 [pool-38-thread-1] INFO  server.RaftServerConfigKeys (ConfUtils.java:logGet(43)) - raft.server.log.segment.size.max = 1048576 (custom)
2019-09-19 14:21:17,413 [pool-38-thread-1] INFO  server.RaftServerConfigKeys (ConfUtils.java:logGet(43)) - raft.server.log.segment.cache.num.max = 2 (custom)
2019-09-19 14:21:17,413 [pool-38-thread-1] INFO  segmented.SegmentedRaftLogWorker (SegmentedRaftLogWorker.java:<init>(172)) - new 5dfaa0ea-416a-422c-a75d-43311aceb00a-SegmentedRaftLogWorker:Storage Directory /workdir/hadoop-ozone/integration-test/target/test-dir/MiniOzoneClusterImpl-210d6028-2152-4683-81ff-347b0d29bb13/datanode-1/data/ratis/41ee0157-9526-4794-872d-7e5c36863f7a for RaftStorage:Storage Directory /workdir/hadoop-ozone/integration-test/target/test-dir/MiniOzoneClusterImpl-210d6028-2152-4683-81ff-347b0d29bb13/datanode-1/data/ratis/41ee0157-9526-4794-872d-7e5c36863f7a
2019-09-19 14:21:17,413 [pool-38-thread-1] INFO  server.RaftServerConfigKeys (ConfUtils.java:logGet(43)) - raft.server.log.queue.byte-limit = 2147483647 (custom)
2019-09-19 14:21:17,413 [pool-38-thread-1] INFO  server.RaftServerConfigKeys (ConfUtils.java:logGet(43)) - raft.server.log.queue.element-limit = 1024 (custom)
2019-09-19 14:21:17,414 [pool-38-thread-1] INFO  server.RaftServerConfigKeys (ConfUtils.java:logGet(43)) - raft.server.log.segment.size.max = 1048576 (custom)
2019-09-19 14:21:17,414 [pool-38-thread-1] INFO  server.RaftServerConfigKeys (ConfUtils.java:logGet(43)) - raft.server.log.preallocated.size = 16384 (custom)
2019-09-19 14:21:17,414 [pool-38-thread-1] INFO  server.RaftServerConfigKeys (ConfUtils.java:logGet(43)) - raft.server.log.write.buffer.size = 33554432 (custom)
2019-09-19 14:21:17,414 [pool-38-thread-1] INFO  server.RaftServerConfigKeys (ConfUtils.java:logGet(43)) - raft.server.log.force.sync.num = 128 (default)
2019-09-19 14:21:17,414 [pool-38-thread-1] INFO  server.RaftServerConfigKeys (ConfUtils.java:logGet(43)) - raft.server.log.statemachine.data.sync = true (default)
2019-09-19 14:21:17,414 [pool-38-thread-1] INFO  server.RaftServerConfigKeys (ConfUtils.java:logGet(43)) - raft.server.log.statemachine.data.sync.timeout = 10s (default)
2019-09-19 14:21:17,414 [pool-38-thread-1] INFO  server.RaftServerConfigKeys (ConfUtils.java:logGet(43)) - raft.server.log.statemachine.data.sync.timeout.retry = -1 (default)
2019-09-19 14:21:17,414 [pool-38-thread-1] INFO  server.RaftServerConfigKeys (ConfUtils.java:logGet(43)) - raft.server.log.statemachine.data.caching.enabled = true (custom)
2019-09-19 14:21:17,415 [pool-38-thread-1] INFO  segmented.SegmentedRaftLogWorker (SegmentedRaftLogWorker.java:lambda$new$0(132)) - 5dfaa0ea-416a-422c-a75d-43311aceb00a-SegmentedRaftLogWorker:Storage Directory /workdir/hadoop-ozone/integration-test/target/test-dir/MiniOzoneClusterImpl-210d6028-2152-4683-81ff-347b0d29bb13/datanode-1/data/ratis/41ee0157-9526-4794-872d-7e5c36863f7a: flushIndex: setUnconditionally 0 -> -1
2019-09-19 14:21:17,415 [pool-38-thread-1] INFO  server.RaftServerConfigKeys (ConfUtils.java:logGet(43)) - raft.server.snapshot.auto.trigger.enabled = true (custom)
2019-09-19 14:21:17,415 [pool-38-thread-1] INFO  server.RaftServerConfigKeys (ConfUtils.java:logGet(43)) - raft.server.snapshot.auto.trigger.threshold = 10000 (custom)
2019-09-19 14:21:17,415 [pool-38-thread-1] INFO  server.RaftServerConfigKeys (ConfUtils.java:logGet(43)) - raft.server.retrycache.expirytime = 600000ms (custom)
2019-09-19 14:21:17,415 [pool-38-thread-1] INFO  impl.RaftServerImpl (RaftServerImpl.java:start(180)) - 5dfaa0ea-416a-422c-a75d-43311aceb00a: start group-7E5C36863F7A
2019-09-19 14:21:17,416 [pool-38-thread-1] INFO  impl.RaftServerImpl (RaftServerImpl.java:setRole(171)) - 5dfaa0ea-416a-422c-a75d-43311aceb00a:group-7E5C36863F7A changes role from null to FOLLOWER at term 0 for startAsFollower
2019-09-19 14:21:17,416 [pool-38-thread-1] INFO  impl.RoleInfo (RoleInfo.java:updateAndGet(143)) - 5dfaa0ea-416a-422c-a75d-43311aceb00a: start FollowerState
2019-09-19 14:21:17,416 [pool-38-thread-1] INFO  util.JmxRegister (JmxRegister.java:tryRegister(44)) - Successfully registered JMX Bean with object name Ratis:service=RaftServer,group=group-7E5C36863F7A,id=5dfaa0ea-416a-422c-a75d-43311aceb00a
2019-09-19 14:21:17,419 [RatisPipelineUtilsThread] INFO  pipeline.PipelineStateManager (PipelineStateManager.java:addPipeline(56)) - Created pipeline Pipeline[ Id: 41ee0157-9526-4794-872d-7e5c36863f7a, Nodes: 5dfaa0ea-416a-422c-a75d-43311aceb00a{ip: 192.168.157.226, host: pr-hdds-1569-swxfz-3172132826, networkLocation: /default-rack, certSerialId: null}, Type:RATIS, Factor:ONE, State:OPEN]
2019-09-19 14:21:17,423 [grpc-default-executor-1] INFO  impl.RaftServerProxy (RaftServerProxy.java:addNew(89)) - 85c6a9f3-b9a5-43a5-ac4f-9aa7bd5f2263: addNew group-D0C5C1B6B944:[85c6a9f3-b9a5-43a5-ac4f-9aa7bd5f2263:192.168.157.226:45170] returns group-D0C5C1B6B944:java.util.concurrent.CompletableFuture@327e104[Not completed]
2019-09-19 14:21:17,424 [pool-27-thread-1] INFO  impl.RaftServerImpl (RaftServerImpl.java:<init>(93)) - 85c6a9f3-b9a5-43a5-ac4f-9aa7bd5f2263: new RaftServerImpl for group-D0C5C1B6B944:[85c6a9f3-b9a5-43a5-ac4f-9aa7bd5f2263:192.168.157.226:45170] with ContainerStateMachine:uninitialized
2019-09-19 14:21:17,424 [pool-27-thread-1] INFO  server.RaftServerConfigKeys (ConfUtils.java:logGet(43)) - raft.server.rpc.timeout.min = 5s (custom)
2019-09-19 14:21:17,425 [pool-27-thread-1] INFO  server.RaftServerConfigKeys (ConfUtils.java:logGet(43)) - raft.server.rpc.timeout.max = 5200ms (custom)
2019-09-19 14:21:17,425 [pool-27-thread-1] INFO  server.RaftServerConfigKeys (ConfUtils.java:logGet(43)) - raft.server.rpcslowness.timeout = 120s (custom)
2019-09-19 14:21:17,425 [pool-27-thread-1] INFO  server.RaftServerConfigKeys (ConfUtils.java:logGet(43)) - raft.server.sleep.deviation.threshold = 300 (default)
2019-09-19 14:21:17,425 [pool-27-thread-1] INFO  server.RaftServerConfigKeys (ConfUtils.java:logGet(43)) - raft.server.log.appender.install.snapshot.enabled = false (custom)
2019-09-19 14:21:17,425 [pool-27-thread-1] INFO  impl.RaftServerImpl (ServerState.java:<init>(105)) - 85c6a9f3-b9a5-43a5-ac4f-9aa7bd5f2263:group-D0C5C1B6B944 ConfigurationManager, init=-1: [85c6a9f3-b9a5-43a5-ac4f-9aa7bd5f2263:192.168.157.226:45170], old=null, confs=<EMPTY_MAP>
2019-09-19 14:21:17,426 [pool-27-thread-1] INFO  server.RaftServerConfigKeys (ConfUtils.java:logGet(43)) - raft.server.storage.dir = [/workdir/hadoop-ozone/integration-test/target/test-dir/MiniOzoneClusterImpl-210d6028-2152-4683-81ff-347b0d29bb13/datanode-0/data/ratis] (custom)
2019-09-19 14:21:17,426 [pool-27-thread-1] INFO  storage.RaftStorageDirectory (RaftStorageDirectory.java:analyzeStorage(246)) - The storage directory /workdir/hadoop-ozone/integration-test/target/test-dir/MiniOzoneClusterImpl-210d6028-2152-4683-81ff-347b0d29bb13/datanode-0/data/ratis/4a098078-0598-43c9-9300-d0c5c1b6b944 does not exist. Creating ...
2019-09-19 14:21:17,439 [pool-27-thread-1] INFO  storage.RaftStorageDirectory (RaftStorageDirectory.java:tryLock(328)) - Lock on /workdir/hadoop-ozone/integration-test/target/test-dir/MiniOzoneClusterImpl-210d6028-2152-4683-81ff-347b0d29bb13/datanode-0/data/ratis/4a098078-0598-43c9-9300-d0c5c1b6b944/in_use.lock acquired by nodename 16198@pr-hdds-1569-swxfz-3172132826
2019-09-19 14:21:17,453 [pool-27-thread-1] INFO  storage.RaftStorage (RaftStorage.java:format(72)) - Storage directory /workdir/hadoop-ozone/integration-test/target/test-dir/MiniOzoneClusterImpl-210d6028-2152-4683-81ff-347b0d29bb13/datanode-0/data/ratis/4a098078-0598-43c9-9300-d0c5c1b6b944 has been successfully formatted.
2019-09-19 14:21:17,453 [pool-27-thread-1] INFO  ratis.ContainerStateMachine (ContainerStateMachine.java:loadSnapshot(226)) - group-D0C5C1B6B944: The snapshot info is null. Setting the last applied indexto:(t:0, i:~)
2019-09-19 14:21:17,453 [pool-27-thread-1] INFO  server.RaftServerConfigKeys (ConfUtils.java:logGet(43)) - raft.server.leader.election.timeout = 120s (custom)
2019-09-19 14:21:17,453 [pool-27-thread-1] INFO  server.RaftServerConfigKeys (ConfUtils.java:logGet(43)) - raft.server.log.use.memory = false (default)
2019-09-19 14:21:17,454 [pool-27-thread-1] INFO  server.RaftServerConfigKeys (ConfUtils.java:logGet(43)) - raft.server.log.purge.gap = 1000000 (custom)
2019-09-19 14:21:17,454 [pool-27-thread-1] INFO  server.RaftServerConfigKeys (ConfUtils.java:logGet(43)) - raft.server.log.appender.buffer.byte-limit = 33554432 (custom)
2019-09-19 14:21:17,454 [pool-27-thread-1] INFO  server.RaftServerConfigKeys (ConfUtils.java:logGet(43)) - raft.server.log.segment.size.max = 1048576 (custom)
2019-09-19 14:21:17,454 [pool-27-thread-1] INFO  server.RaftServerConfigKeys (ConfUtils.java:logGet(43)) - raft.server.log.segment.cache.num.max = 2 (custom)
2019-09-19 14:21:17,454 [pool-27-thread-1] INFO  segmented.SegmentedRaftLogWorker (SegmentedRaftLogWorker.java:<init>(172)) - new 85c6a9f3-b9a5-43a5-ac4f-9aa7bd5f2263-SegmentedRaftLogWorker:Storage Directory /workdir/hadoop-ozone/integration-test/target/test-dir/MiniOzoneClusterImpl-210d6028-2152-4683-81ff-347b0d29bb13/datanode-0/data/ratis/4a098078-0598-43c9-9300-d0c5c1b6b944 for RaftStorage:Storage Directory /workdir/hadoop-ozone/integration-test/target/test-dir/MiniOzoneClusterImpl-210d6028-2152-4683-81ff-347b0d29bb13/datanode-0/data/ratis/4a098078-0598-43c9-9300-d0c5c1b6b944
2019-09-19 14:21:17,454 [pool-27-thread-1] INFO  server.RaftServerConfigKeys (ConfUtils.java:logGet(43)) - raft.server.log.queue.byte-limit = 2147483647 (custom)
2019-09-19 14:21:17,454 [pool-27-thread-1] INFO  server.RaftServerConfigKeys (ConfUtils.java:logGet(43)) - raft.server.log.queue.element-limit = 1024 (custom)
2019-09-19 14:21:17,455 [pool-27-thread-1] INFO  server.RaftServerConfigKeys (ConfUtils.java:logGet(43)) - raft.server.log.segment.size.max = 1048576 (custom)
2019-09-19 14:21:17,455 [pool-27-thread-1] INFO  server.RaftServerConfigKeys (ConfUtils.java:logGet(43)) - raft.server.log.preallocated.size = 16384 (custom)
2019-09-19 14:21:17,455 [pool-27-thread-1] INFO  server.RaftServerConfigKeys (ConfUtils.java:logGet(43)) - raft.server.log.write.buffer.size = 33554432 (custom)
2019-09-19 14:21:17,455 [pool-27-thread-1] INFO  server.RaftServerConfigKeys (ConfUtils.java:logGet(43)) - raft.server.log.force.sync.num = 128 (default)
2019-09-19 14:21:17,455 [pool-27-thread-1] INFO  server.RaftServerConfigKeys (ConfUtils.java:logGet(43)) - raft.server.log.statemachine.data.sync = true (default)
2019-09-19 14:21:17,455 [pool-27-thread-1] INFO  server.RaftServerConfigKeys (ConfUtils.java:logGet(43)) - raft.server.log.statemachine.data.sync.timeout = 10s (default)
2019-09-19 14:21:17,456 [pool-27-thread-1] INFO  server.RaftServerConfigKeys (ConfUtils.java:logGet(43)) - raft.server.log.statemachine.data.sync.timeout.retry = -1 (default)
2019-09-19 14:21:17,456 [pool-27-thread-1] INFO  server.RaftServerConfigKeys (ConfUtils.java:logGet(43)) - raft.server.log.statemachine.data.caching.enabled = true (custom)
2019-09-19 14:21:17,456 [pool-27-thread-1] INFO  segmented.SegmentedRaftLogWorker (SegmentedRaftLogWorker.java:lambda$new$0(132)) - 85c6a9f3-b9a5-43a5-ac4f-9aa7bd5f2263-SegmentedRaftLogWorker:Storage Directory /workdir/hadoop-ozone/integration-test/target/test-dir/MiniOzoneClusterImpl-210d6028-2152-4683-81ff-347b0d29bb13/datanode-0/data/ratis/4a098078-0598-43c9-9300-d0c5c1b6b944: flushIndex: setUnconditionally 0 -> -1
2019-09-19 14:21:17,456 [pool-27-thread-1] INFO  server.RaftServerConfigKeys (ConfUtils.java:logGet(43)) - raft.server.snapshot.auto.trigger.enabled = true (custom)
2019-09-19 14:21:17,457 [pool-27-thread-1] INFO  server.RaftServerConfigKeys (ConfUtils.java:logGet(43)) - raft.server.snapshot.auto.trigger.threshold = 10000 (custom)
2019-09-19 14:21:17,457 [pool-27-thread-1] INFO  server.RaftServerConfigKeys (ConfUtils.java:logGet(43)) - raft.server.retrycache.expirytime = 600000ms (custom)
2019-09-19 14:21:17,457 [pool-27-thread-1] INFO  impl.RaftServerImpl (RaftServerImpl.java:start(180)) - 85c6a9f3-b9a5-43a5-ac4f-9aa7bd5f2263: start group-D0C5C1B6B944
2019-09-19 14:21:17,457 [pool-27-thread-1] INFO  impl.RaftServerImpl (RaftServerImpl.java:setRole(171)) - 85c6a9f3-b9a5-43a5-ac4f-9aa7bd5f2263:group-D0C5C1B6B944 changes role from null to FOLLOWER at term 0 for startAsFollower
2019-09-19 14:21:17,457 [pool-27-thread-1] INFO  impl.RoleInfo (RoleInfo.java:updateAndGet(143)) - 85c6a9f3-b9a5-43a5-ac4f-9aa7bd5f2263: start FollowerState
2019-09-19 14:21:17,458 [pool-27-thread-1] INFO  util.JmxRegister (JmxRegister.java:tryRegister(44)) - Successfully registered JMX Bean with object name Ratis:service=RaftServer,group=group-D0C5C1B6B944,id=85c6a9f3-b9a5-43a5-ac4f-9aa7bd5f2263
2019-09-19 14:21:17,460 [RatisPipelineUtilsThread] INFO  pipeline.PipelineStateManager (PipelineStateManager.java:addPipeline(56)) - Created pipeline Pipeline[ Id: 4a098078-0598-43c9-9300-d0c5c1b6b944, Nodes: 85c6a9f3-b9a5-43a5-ac4f-9aa7bd5f2263{ip: 192.168.157.226, host: pr-hdds-1569-swxfz-3172132826, networkLocation: /default-rack, certSerialId: null}, Type:RATIS, Factor:ONE, State:OPEN]
2019-09-19 14:21:17,465 [grpc-default-executor-1] INFO  impl.RaftServerProxy (RaftServerProxy.java:addNew(89)) - 431517c4-8c09-4790-b37b-2e132c8143ad: addNew group-A96635456DCF:[431517c4-8c09-4790-b37b-2e132c8143ad:192.168.157.226:40911] returns group-A96635456DCF:java.util.concurrent.CompletableFuture@401e8345[Not completed]
2019-09-19 14:21:17,467 [pool-82-thread-1] INFO  impl.RaftServerImpl (RaftServerImpl.java:<init>(93)) - 431517c4-8c09-4790-b37b-2e132c8143ad: new RaftServerImpl for group-A96635456DCF:[431517c4-8c09-4790-b37b-2e132c8143ad:192.168.157.226:40911] with ContainerStateMachine:uninitialized
2019-09-19 14:21:17,467 [pool-82-thread-1] INFO  server.RaftServerConfigKeys (ConfUtils.java:logGet(43)) - raft.server.rpc.timeout.min = 5s (custom)
2019-09-19 14:21:17,467 [pool-82-thread-1] INFO  server.RaftServerConfigKeys (ConfUtils.java:logGet(43)) - raft.server.rpc.timeout.max = 5200ms (custom)
2019-09-19 14:21:17,467 [pool-82-thread-1] INFO  server.RaftServerConfigKeys (ConfUtils.java:logGet(43)) - raft.server.rpcslowness.timeout = 120s (custom)
2019-09-19 14:21:17,467 [pool-82-thread-1] INFO  server.RaftServerConfigKeys (ConfUtils.java:logGet(43)) - raft.server.sleep.deviation.threshold = 300 (default)
2019-09-19 14:21:17,467 [pool-82-thread-1] INFO  server.RaftServerConfigKeys (ConfUtils.java:logGet(43)) - raft.server.log.appender.install.snapshot.enabled = false (custom)
2019-09-19 14:21:17,468 [pool-82-thread-1] INFO  impl.RaftServerImpl (ServerState.java:<init>(105)) - 431517c4-8c09-4790-b37b-2e132c8143ad:group-A96635456DCF ConfigurationManager, init=-1: [431517c4-8c09-4790-b37b-2e132c8143ad:192.168.157.226:40911], old=null, confs=<EMPTY_MAP>
2019-09-19 14:21:17,468 [pool-82-thread-1] INFO  server.RaftServerConfigKeys (ConfUtils.java:logGet(43)) - raft.server.storage.dir = [/workdir/hadoop-ozone/integration-test/target/test-dir/MiniOzoneClusterImpl-210d6028-2152-4683-81ff-347b0d29bb13/datanode-5/data/ratis] (custom)
2019-09-19 14:21:17,468 [pool-82-thread-1] INFO  storage.RaftStorageDirectory (RaftStorageDirectory.java:analyzeStorage(246)) - The storage directory /workdir/hadoop-ozone/integration-test/target/test-dir/MiniOzoneClusterImpl-210d6028-2152-4683-81ff-347b0d29bb13/datanode-5/data/ratis/78c083a9-7fcb-4fd1-8c6f-a96635456dcf does not exist. Creating ...
2019-09-19 14:21:17,481 [pool-82-thread-1] INFO  storage.RaftStorageDirectory (RaftStorageDirectory.java:tryLock(328)) - Lock on /workdir/hadoop-ozone/integration-test/target/test-dir/MiniOzoneClusterImpl-210d6028-2152-4683-81ff-347b0d29bb13/datanode-5/data/ratis/78c083a9-7fcb-4fd1-8c6f-a96635456dcf/in_use.lock acquired by nodename 16198@pr-hdds-1569-swxfz-3172132826
2019-09-19 14:21:17,485 [pool-82-thread-1] INFO  storage.RaftStorage (RaftStorage.java:format(72)) - Storage directory /workdir/hadoop-ozone/integration-test/target/test-dir/MiniOzoneClusterImpl-210d6028-2152-4683-81ff-347b0d29bb13/datanode-5/data/ratis/78c083a9-7fcb-4fd1-8c6f-a96635456dcf has been successfully formatted.
2019-09-19 14:21:17,485 [pool-82-thread-1] INFO  ratis.ContainerStateMachine (ContainerStateMachine.java:loadSnapshot(226)) - group-A96635456DCF: The snapshot info is null. Setting the last applied indexto:(t:0, i:~)
2019-09-19 14:21:17,485 [pool-82-thread-1] INFO  server.RaftServerConfigKeys (ConfUtils.java:logGet(43)) - raft.server.leader.election.timeout = 120s (custom)
2019-09-19 14:21:17,485 [pool-82-thread-1] INFO  server.RaftServerConfigKeys (ConfUtils.java:logGet(43)) - raft.server.log.use.memory = false (default)
2019-09-19 14:21:17,486 [pool-82-thread-1] INFO  server.RaftServerConfigKeys (ConfUtils.java:logGet(43)) - raft.server.log.purge.gap = 1000000 (custom)
2019-09-19 14:21:17,486 [pool-82-thread-1] INFO  server.RaftServerConfigKeys (ConfUtils.java:logGet(43)) - raft.server.log.appender.buffer.byte-limit = 33554432 (custom)
2019-09-19 14:21:17,486 [pool-82-thread-1] INFO  server.RaftServerConfigKeys (ConfUtils.java:logGet(43)) - raft.server.log.segment.size.max = 1048576 (custom)
2019-09-19 14:21:17,486 [pool-82-thread-1] INFO  server.RaftServerConfigKeys (ConfUtils.java:logGet(43)) - raft.server.log.segment.cache.num.max = 2 (custom)
2019-09-19 14:21:17,486 [pool-82-thread-1] INFO  segmented.SegmentedRaftLogWorker (SegmentedRaftLogWorker.java:<init>(172)) - new 431517c4-8c09-4790-b37b-2e132c8143ad-SegmentedRaftLogWorker:Storage Directory /workdir/hadoop-ozone/integration-test/target/test-dir/MiniOzoneClusterImpl-210d6028-2152-4683-81ff-347b0d29bb13/datanode-5/data/ratis/78c083a9-7fcb-4fd1-8c6f-a96635456dcf for RaftStorage:Storage Directory /workdir/hadoop-ozone/integration-test/target/test-dir/MiniOzoneClusterImpl-210d6028-2152-4683-81ff-347b0d29bb13/datanode-5/data/ratis/78c083a9-7fcb-4fd1-8c6f-a96635456dcf
2019-09-19 14:21:17,486 [pool-82-thread-1] INFO  server.RaftServerConfigKeys (ConfUtils.java:logGet(43)) - raft.server.log.queue.byte-limit = 2147483647 (custom)
2019-09-19 14:21:17,487 [pool-82-thread-1] INFO  server.RaftServerConfigKeys (ConfUtils.java:logGet(43)) - raft.server.log.queue.element-limit = 1024 (custom)
2019-09-19 14:21:17,487 [pool-82-thread-1] INFO  server.RaftServerConfigKeys (ConfUtils.java:logGet(43)) - raft.server.log.segment.size.max = 1048576 (custom)
2019-09-19 14:21:17,487 [pool-82-thread-1] INFO  server.RaftServerConfigKeys (ConfUtils.java:logGet(43)) - raft.server.log.preallocated.size = 16384 (custom)
2019-09-19 14:21:17,487 [pool-82-thread-1] INFO  server.RaftServerConfigKeys (ConfUtils.java:logGet(43)) - raft.server.log.write.buffer.size = 33554432 (custom)
2019-09-19 14:21:17,487 [pool-82-thread-1] INFO  server.RaftServerConfigKeys (ConfUtils.java:logGet(43)) - raft.server.log.force.sync.num = 128 (default)
2019-09-19 14:21:17,487 [pool-82-thread-1] INFO  server.RaftServerConfigKeys (ConfUtils.java:logGet(43)) - raft.server.log.statemachine.data.sync = true (default)
2019-09-19 14:21:17,487 [pool-82-thread-1] INFO  server.RaftServerConfigKeys (ConfUtils.java:logGet(43)) - raft.server.log.statemachine.data.sync.timeout = 10s (default)
2019-09-19 14:21:17,488 [pool-82-thread-1] INFO  server.RaftServerConfigKeys (ConfUtils.java:logGet(43)) - raft.server.log.statemachine.data.sync.timeout.retry = -1 (default)
2019-09-19 14:21:17,488 [pool-82-thread-1] INFO  server.RaftServerConfigKeys (ConfUtils.java:logGet(43)) - raft.server.log.statemachine.data.caching.enabled = true (custom)
2019-09-19 14:21:17,488 [pool-82-thread-1] INFO  segmented.SegmentedRaftLogWorker (SegmentedRaftLogWorker.java:lambda$new$0(132)) - 431517c4-8c09-4790-b37b-2e132c8143ad-SegmentedRaftLogWorker:Storage Directory /workdir/hadoop-ozone/integration-test/target/test-dir/MiniOzoneClusterImpl-210d6028-2152-4683-81ff-347b0d29bb13/datanode-5/data/ratis/78c083a9-7fcb-4fd1-8c6f-a96635456dcf: flushIndex: setUnconditionally 0 -> -1
2019-09-19 14:21:17,488 [pool-82-thread-1] INFO  server.RaftServerConfigKeys (ConfUtils.java:logGet(43)) - raft.server.snapshot.auto.trigger.enabled = true (custom)
2019-09-19 14:21:17,489 [pool-82-thread-1] INFO  server.RaftServerConfigKeys (ConfUtils.java:logGet(43)) - raft.server.snapshot.auto.trigger.threshold = 10000 (custom)
2019-09-19 14:21:17,489 [pool-82-thread-1] INFO  server.RaftServerConfigKeys (ConfUtils.java:logGet(43)) - raft.server.retrycache.expirytime = 600000ms (custom)
2019-09-19 14:21:17,489 [pool-82-thread-1] INFO  impl.RaftServerImpl (RaftServerImpl.java:start(180)) - 431517c4-8c09-4790-b37b-2e132c8143ad: start group-A96635456DCF
2019-09-19 14:21:17,489 [pool-82-thread-1] INFO  impl.RaftServerImpl (RaftServerImpl.java:setRole(171)) - 431517c4-8c09-4790-b37b-2e132c8143ad:group-A96635456DCF changes role from null to FOLLOWER at term 0 for startAsFollower
2019-09-19 14:21:17,489 [pool-82-thread-1] INFO  impl.RoleInfo (RoleInfo.java:updateAndGet(143)) - 431517c4-8c09-4790-b37b-2e132c8143ad: start FollowerState
2019-09-19 14:21:17,490 [pool-82-thread-1] INFO  util.JmxRegister (JmxRegister.java:tryRegister(44)) - Successfully registered JMX Bean with object name Ratis:service=RaftServer,group=group-A96635456DCF,id=431517c4-8c09-4790-b37b-2e132c8143ad
2019-09-19 14:21:17,492 [RatisPipelineUtilsThread] INFO  pipeline.PipelineStateManager (PipelineStateManager.java:addPipeline(56)) - Created pipeline Pipeline[ Id: 78c083a9-7fcb-4fd1-8c6f-a96635456dcf, Nodes: 431517c4-8c09-4790-b37b-2e132c8143ad{ip: 192.168.157.226, host: pr-hdds-1569-swxfz-3172132826, networkLocation: /default-rack, certSerialId: null}, Type:RATIS, Factor:ONE, State:OPEN]
2019-09-19 14:21:17,498 [grpc-default-executor-1] INFO  impl.RaftServerProxy (RaftServerProxy.java:addNew(89)) - 6403e584-2209-453b-b79e-eeb0a7b58516: addNew group-0CAE737B2FB6:[6403e584-2209-453b-b79e-eeb0a7b58516:192.168.157.226:35833] returns group-0CAE737B2FB6:java.util.concurrent.CompletableFuture@5e5a2374[Not completed]
2019-09-19 14:21:17,499 [pool-60-thread-1] INFO  impl.RaftServerImpl (RaftServerImpl.java:<init>(93)) - 6403e584-2209-453b-b79e-eeb0a7b58516: new RaftServerImpl for group-0CAE737B2FB6:[6403e584-2209-453b-b79e-eeb0a7b58516:192.168.157.226:35833] with ContainerStateMachine:uninitialized
2019-09-19 14:21:17,500 [pool-60-thread-1] INFO  server.RaftServerConfigKeys (ConfUtils.java:logGet(43)) - raft.server.rpc.timeout.min = 5s (custom)
2019-09-19 14:21:17,500 [pool-60-thread-1] INFO  server.RaftServerConfigKeys (ConfUtils.java:logGet(43)) - raft.server.rpc.timeout.max = 5200ms (custom)
2019-09-19 14:21:17,500 [pool-60-thread-1] INFO  server.RaftServerConfigKeys (ConfUtils.java:logGet(43)) - raft.server.rpcslowness.timeout = 120s (custom)
2019-09-19 14:21:17,500 [pool-60-thread-1] INFO  server.RaftServerConfigKeys (ConfUtils.java:logGet(43)) - raft.server.sleep.deviation.threshold = 300 (default)
2019-09-19 14:21:17,500 [pool-60-thread-1] INFO  server.RaftServerConfigKeys (ConfUtils.java:logGet(43)) - raft.server.log.appender.install.snapshot.enabled = false (custom)
2019-09-19 14:21:17,500 [pool-60-thread-1] INFO  impl.RaftServerImpl (ServerState.java:<init>(105)) - 6403e584-2209-453b-b79e-eeb0a7b58516:group-0CAE737B2FB6 ConfigurationManager, init=-1: [6403e584-2209-453b-b79e-eeb0a7b58516:192.168.157.226:35833], old=null, confs=<EMPTY_MAP>
2019-09-19 14:21:17,500 [pool-60-thread-1] INFO  server.RaftServerConfigKeys (ConfUtils.java:logGet(43)) - raft.server.storage.dir = [/workdir/hadoop-ozone/integration-test/target/test-dir/MiniOzoneClusterImpl-210d6028-2152-4683-81ff-347b0d29bb13/datanode-3/data/ratis] (custom)
2019-09-19 14:21:17,501 [pool-60-thread-1] INFO  storage.RaftStorageDirectory (RaftStorageDirectory.java:analyzeStorage(246)) - The storage directory /workdir/hadoop-ozone/integration-test/target/test-dir/MiniOzoneClusterImpl-210d6028-2152-4683-81ff-347b0d29bb13/datanode-3/data/ratis/5dc5a06e-eb37-4511-b429-0cae737b2fb6 does not exist. Creating ...
2019-09-19 14:21:17,504 [pool-60-thread-1] INFO  storage.RaftStorageDirectory (RaftStorageDirectory.java:tryLock(328)) - Lock on /workdir/hadoop-ozone/integration-test/target/test-dir/MiniOzoneClusterImpl-210d6028-2152-4683-81ff-347b0d29bb13/datanode-3/data/ratis/5dc5a06e-eb37-4511-b429-0cae737b2fb6/in_use.lock acquired by nodename 16198@pr-hdds-1569-swxfz-3172132826
2019-09-19 14:21:17,518 | INFO  | SCMAudit | user=jenkins1000 | ip=192.168.157.226 | op=SEND_HEARTBEAT {datanodeUUID=5dfaa0ea-416a-422c-a75d-43311aceb00a, command=[]} | ret=SUCCESS |  
2019-09-19 14:21:17,552 [pool-60-thread-1] INFO  storage.RaftStorage (RaftStorage.java:format(72)) - Storage directory /workdir/hadoop-ozone/integration-test/target/test-dir/MiniOzoneClusterImpl-210d6028-2152-4683-81ff-347b0d29bb13/datanode-3/data/ratis/5dc5a06e-eb37-4511-b429-0cae737b2fb6 has been successfully formatted.
2019-09-19 14:21:17,553 [pool-60-thread-1] INFO  ratis.ContainerStateMachine (ContainerStateMachine.java:loadSnapshot(226)) - group-0CAE737B2FB6: The snapshot info is null. Setting the last applied indexto:(t:0, i:~)
2019-09-19 14:21:17,553 [pool-60-thread-1] INFO  server.RaftServerConfigKeys (ConfUtils.java:logGet(43)) - raft.server.leader.election.timeout = 120s (custom)
2019-09-19 14:21:17,553 [pool-60-thread-1] INFO  server.RaftServerConfigKeys (ConfUtils.java:logGet(43)) - raft.server.log.use.memory = false (default)
2019-09-19 14:21:17,554 [pool-60-thread-1] INFO  server.RaftServerConfigKeys (ConfUtils.java:logGet(43)) - raft.server.log.purge.gap = 1000000 (custom)
2019-09-19 14:21:17,554 [pool-60-thread-1] INFO  server.RaftServerConfigKeys (ConfUtils.java:logGet(43)) - raft.server.log.appender.buffer.byte-limit = 33554432 (custom)
2019-09-19 14:21:17,554 [pool-60-thread-1] INFO  server.RaftServerConfigKeys (ConfUtils.java:logGet(43)) - raft.server.log.segment.size.max = 1048576 (custom)
2019-09-19 14:21:17,554 [pool-60-thread-1] INFO  server.RaftServerConfigKeys (ConfUtils.java:logGet(43)) - raft.server.log.segment.cache.num.max = 2 (custom)
2019-09-19 14:21:17,555 [pool-60-thread-1] INFO  segmented.SegmentedRaftLogWorker (SegmentedRaftLogWorker.java:<init>(172)) - new 6403e584-2209-453b-b79e-eeb0a7b58516-SegmentedRaftLogWorker:Storage Directory /workdir/hadoop-ozone/integration-test/target/test-dir/MiniOzoneClusterImpl-210d6028-2152-4683-81ff-347b0d29bb13/datanode-3/data/ratis/5dc5a06e-eb37-4511-b429-0cae737b2fb6 for RaftStorage:Storage Directory /workdir/hadoop-ozone/integration-test/target/test-dir/MiniOzoneClusterImpl-210d6028-2152-4683-81ff-347b0d29bb13/datanode-3/data/ratis/5dc5a06e-eb37-4511-b429-0cae737b2fb6
2019-09-19 14:21:17,555 [pool-60-thread-1] INFO  server.RaftServerConfigKeys (ConfUtils.java:logGet(43)) - raft.server.log.queue.byte-limit = 2147483647 (custom)
2019-09-19 14:21:17,555 [pool-60-thread-1] INFO  server.RaftServerConfigKeys (ConfUtils.java:logGet(43)) - raft.server.log.queue.element-limit = 1024 (custom)
2019-09-19 14:21:17,556 [pool-60-thread-1] INFO  server.RaftServerConfigKeys (ConfUtils.java:logGet(43)) - raft.server.log.segment.size.max = 1048576 (custom)
2019-09-19 14:21:17,556 [pool-60-thread-1] INFO  server.RaftServerConfigKeys (ConfUtils.java:logGet(43)) - raft.server.log.preallocated.size = 16384 (custom)
2019-09-19 14:21:17,556 [pool-60-thread-1] INFO  server.RaftServerConfigKeys (ConfUtils.java:logGet(43)) - raft.server.log.write.buffer.size = 33554432 (custom)
2019-09-19 14:21:17,556 [pool-60-thread-1] INFO  server.RaftServerConfigKeys (ConfUtils.java:logGet(43)) - raft.server.log.force.sync.num = 128 (default)
2019-09-19 14:21:17,557 [pool-60-thread-1] INFO  server.RaftServerConfigKeys (ConfUtils.java:logGet(43)) - raft.server.log.statemachine.data.sync = true (default)
2019-09-19 14:21:17,557 [pool-60-thread-1] INFO  server.RaftServerConfigKeys (ConfUtils.java:logGet(43)) - raft.server.log.statemachine.data.sync.timeout = 10s (default)
2019-09-19 14:21:17,557 [pool-60-thread-1] INFO  server.RaftServerConfigKeys (ConfUtils.java:logGet(43)) - raft.server.log.statemachine.data.sync.timeout.retry = -1 (default)
2019-09-19 14:21:17,558 [pool-60-thread-1] INFO  server.RaftServerConfigKeys (ConfUtils.java:logGet(43)) - raft.server.log.statemachine.data.caching.enabled = true (custom)
2019-09-19 14:21:17,558 [pool-60-thread-1] INFO  segmented.SegmentedRaftLogWorker (SegmentedRaftLogWorker.java:lambda$new$0(132)) - 6403e584-2209-453b-b79e-eeb0a7b58516-SegmentedRaftLogWorker:Storage Directory /workdir/hadoop-ozone/integration-test/target/test-dir/MiniOzoneClusterImpl-210d6028-2152-4683-81ff-347b0d29bb13/datanode-3/data/ratis/5dc5a06e-eb37-4511-b429-0cae737b2fb6: flushIndex: setUnconditionally 0 -> -1
2019-09-19 14:21:17,559 [pool-60-thread-1] INFO  server.RaftServerConfigKeys (ConfUtils.java:logGet(43)) - raft.server.snapshot.auto.trigger.enabled = true (custom)
2019-09-19 14:21:17,559 [pool-60-thread-1] INFO  server.RaftServerConfigKeys (ConfUtils.java:logGet(43)) - raft.server.snapshot.auto.trigger.threshold = 10000 (custom)
2019-09-19 14:21:17,559 [pool-60-thread-1] INFO  server.RaftServerConfigKeys (ConfUtils.java:logGet(43)) - raft.server.retrycache.expirytime = 600000ms (custom)
2019-09-19 14:21:17,559 [pool-60-thread-1] INFO  impl.RaftServerImpl (RaftServerImpl.java:start(180)) - 6403e584-2209-453b-b79e-eeb0a7b58516: start group-0CAE737B2FB6
2019-09-19 14:21:17,559 [pool-60-thread-1] INFO  impl.RaftServerImpl (RaftServerImpl.java:setRole(171)) - 6403e584-2209-453b-b79e-eeb0a7b58516:group-0CAE737B2FB6 changes role from null to FOLLOWER at term 0 for startAsFollower
2019-09-19 14:21:17,560 [pool-60-thread-1] INFO  impl.RoleInfo (RoleInfo.java:updateAndGet(143)) - 6403e584-2209-453b-b79e-eeb0a7b58516: start FollowerState
2019-09-19 14:21:17,560 [pool-60-thread-1] INFO  util.JmxRegister (JmxRegister.java:tryRegister(44)) - Successfully registered JMX Bean with object name Ratis:service=RaftServer,group=group-0CAE737B2FB6,id=6403e584-2209-453b-b79e-eeb0a7b58516
2019-09-19 14:21:17,563 [RatisPipelineUtilsThread] INFO  pipeline.PipelineStateManager (PipelineStateManager.java:addPipeline(56)) - Created pipeline Pipeline[ Id: 5dc5a06e-eb37-4511-b429-0cae737b2fb6, Nodes: 6403e584-2209-453b-b79e-eeb0a7b58516{ip: 192.168.157.226, host: pr-hdds-1569-swxfz-3172132826, networkLocation: /default-rack, certSerialId: null}, Type:RATIS, Factor:ONE, State:OPEN]
2019-09-19 14:21:17,569 [grpc-default-executor-1] INFO  impl.RaftServerProxy (RaftServerProxy.java:addNew(89)) - 1190b9a7-12b1-4c15-b33e-f7d0a0cd436c: addNew group-2A7AF49ABE85:[1190b9a7-12b1-4c15-b33e-f7d0a0cd436c:192.168.157.226:34463] returns group-2A7AF49ABE85:java.util.concurrent.CompletableFuture@5430ca8e[Not completed]
2019-09-19 14:21:17,570 [pool-71-thread-1] INFO  impl.RaftServerImpl (RaftServerImpl.java:<init>(93)) - 1190b9a7-12b1-4c15-b33e-f7d0a0cd436c: new RaftServerImpl for group-2A7AF49ABE85:[1190b9a7-12b1-4c15-b33e-f7d0a0cd436c:192.168.157.226:34463] with ContainerStateMachine:uninitialized
2019-09-19 14:21:17,570 [pool-71-thread-1] INFO  server.RaftServerConfigKeys (ConfUtils.java:logGet(43)) - raft.server.rpc.timeout.min = 5s (custom)
2019-09-19 14:21:17,570 [pool-71-thread-1] INFO  server.RaftServerConfigKeys (ConfUtils.java:logGet(43)) - raft.server.rpc.timeout.max = 5200ms (custom)
2019-09-19 14:21:17,571 [pool-71-thread-1] INFO  server.RaftServerConfigKeys (ConfUtils.java:logGet(43)) - raft.server.rpcslowness.timeout = 120s (custom)
2019-09-19 14:21:17,571 [pool-71-thread-1] INFO  server.RaftServerConfigKeys (ConfUtils.java:logGet(43)) - raft.server.sleep.deviation.threshold = 300 (default)
2019-09-19 14:21:17,571 [pool-71-thread-1] INFO  server.RaftServerConfigKeys (ConfUtils.java:logGet(43)) - raft.server.log.appender.install.snapshot.enabled = false (custom)
2019-09-19 14:21:17,571 [pool-71-thread-1] INFO  impl.RaftServerImpl (ServerState.java:<init>(105)) - 1190b9a7-12b1-4c15-b33e-f7d0a0cd436c:group-2A7AF49ABE85 ConfigurationManager, init=-1: [1190b9a7-12b1-4c15-b33e-f7d0a0cd436c:192.168.157.226:34463], old=null, confs=<EMPTY_MAP>
2019-09-19 14:21:17,571 [pool-71-thread-1] INFO  server.RaftServerConfigKeys (ConfUtils.java:logGet(43)) - raft.server.storage.dir = [/workdir/hadoop-ozone/integration-test/target/test-dir/MiniOzoneClusterImpl-210d6028-2152-4683-81ff-347b0d29bb13/datanode-4/data/ratis] (custom)
2019-09-19 14:21:17,572 [pool-71-thread-1] INFO  storage.RaftStorageDirectory (RaftStorageDirectory.java:analyzeStorage(246)) - The storage directory /workdir/hadoop-ozone/integration-test/target/test-dir/MiniOzoneClusterImpl-210d6028-2152-4683-81ff-347b0d29bb13/datanode-4/data/ratis/427b44c1-c26a-4d21-a9f5-2a7af49abe85 does not exist. Creating ...
2019-09-19 14:21:17,585 [pool-71-thread-1] INFO  storage.RaftStorageDirectory (RaftStorageDirectory.java:tryLock(328)) - Lock on /workdir/hadoop-ozone/integration-test/target/test-dir/MiniOzoneClusterImpl-210d6028-2152-4683-81ff-347b0d29bb13/datanode-4/data/ratis/427b44c1-c26a-4d21-a9f5-2a7af49abe85/in_use.lock acquired by nodename 16198@pr-hdds-1569-swxfz-3172132826
2019-09-19 14:21:17,599 [pool-71-thread-1] INFO  storage.RaftStorage (RaftStorage.java:format(72)) - Storage directory /workdir/hadoop-ozone/integration-test/target/test-dir/MiniOzoneClusterImpl-210d6028-2152-4683-81ff-347b0d29bb13/datanode-4/data/ratis/427b44c1-c26a-4d21-a9f5-2a7af49abe85 has been successfully formatted.
2019-09-19 14:21:17,599 [pool-71-thread-1] INFO  ratis.ContainerStateMachine (ContainerStateMachine.java:loadSnapshot(226)) - group-2A7AF49ABE85: The snapshot info is null. Setting the last applied indexto:(t:0, i:~)
2019-09-19 14:21:17,599 [pool-71-thread-1] INFO  server.RaftServerConfigKeys (ConfUtils.java:logGet(43)) - raft.server.leader.election.timeout = 120s (custom)
2019-09-19 14:21:17,599 [pool-71-thread-1] INFO  server.RaftServerConfigKeys (ConfUtils.java:logGet(43)) - raft.server.log.use.memory = false (default)
2019-09-19 14:21:17,599 [pool-71-thread-1] INFO  server.RaftServerConfigKeys (ConfUtils.java:logGet(43)) - raft.server.log.purge.gap = 1000000 (custom)
2019-09-19 14:21:17,599 [pool-71-thread-1] INFO  server.RaftServerConfigKeys (ConfUtils.java:logGet(43)) - raft.server.log.appender.buffer.byte-limit = 33554432 (custom)
2019-09-19 14:21:17,600 [pool-71-thread-1] INFO  server.RaftServerConfigKeys (ConfUtils.java:logGet(43)) - raft.server.log.segment.size.max = 1048576 (custom)
2019-09-19 14:21:17,600 [pool-71-thread-1] INFO  server.RaftServerConfigKeys (ConfUtils.java:logGet(43)) - raft.server.log.segment.cache.num.max = 2 (custom)
2019-09-19 14:21:17,600 [pool-71-thread-1] INFO  segmented.SegmentedRaftLogWorker (SegmentedRaftLogWorker.java:<init>(172)) - new 1190b9a7-12b1-4c15-b33e-f7d0a0cd436c-SegmentedRaftLogWorker:Storage Directory /workdir/hadoop-ozone/integration-test/target/test-dir/MiniOzoneClusterImpl-210d6028-2152-4683-81ff-347b0d29bb13/datanode-4/data/ratis/427b44c1-c26a-4d21-a9f5-2a7af49abe85 for RaftStorage:Storage Directory /workdir/hadoop-ozone/integration-test/target/test-dir/MiniOzoneClusterImpl-210d6028-2152-4683-81ff-347b0d29bb13/datanode-4/data/ratis/427b44c1-c26a-4d21-a9f5-2a7af49abe85
2019-09-19 14:21:17,600 [pool-71-thread-1] INFO  server.RaftServerConfigKeys (ConfUtils.java:logGet(43)) - raft.server.log.queue.byte-limit = 2147483647 (custom)
2019-09-19 14:21:17,600 [pool-71-thread-1] INFO  server.RaftServerConfigKeys (ConfUtils.java:logGet(43)) - raft.server.log.queue.element-limit = 1024 (custom)
2019-09-19 14:21:17,600 [pool-71-thread-1] INFO  server.RaftServerConfigKeys (ConfUtils.java:logGet(43)) - raft.server.log.segment.size.max = 1048576 (custom)
2019-09-19 14:21:17,601 [pool-71-thread-1] INFO  server.RaftServerConfigKeys (ConfUtils.java:logGet(43)) - raft.server.log.preallocated.size = 16384 (custom)
2019-09-19 14:21:17,601 [pool-71-thread-1] INFO  server.RaftServerConfigKeys (ConfUtils.java:logGet(43)) - raft.server.log.write.buffer.size = 33554432 (custom)
2019-09-19 14:21:17,601 [pool-71-thread-1] INFO  server.RaftServerConfigKeys (ConfUtils.java:logGet(43)) - raft.server.log.force.sync.num = 128 (default)
2019-09-19 14:21:17,601 [pool-71-thread-1] INFO  server.RaftServerConfigKeys (ConfUtils.java:logGet(43)) - raft.server.log.statemachine.data.sync = true (default)
2019-09-19 14:21:17,601 [pool-71-thread-1] INFO  server.RaftServerConfigKeys (ConfUtils.java:logGet(43)) - raft.server.log.statemachine.data.sync.timeout = 10s (default)
2019-09-19 14:21:17,601 [pool-71-thread-1] INFO  server.RaftServerConfigKeys (ConfUtils.java:logGet(43)) - raft.server.log.statemachine.data.sync.timeout.retry = -1 (default)
2019-09-19 14:21:17,601 [pool-71-thread-1] INFO  server.RaftServerConfigKeys (ConfUtils.java:logGet(43)) - raft.server.log.statemachine.data.caching.enabled = true (custom)
2019-09-19 14:21:17,602 [pool-71-thread-1] INFO  segmented.SegmentedRaftLogWorker (SegmentedRaftLogWorker.java:lambda$new$0(132)) - 1190b9a7-12b1-4c15-b33e-f7d0a0cd436c-SegmentedRaftLogWorker:Storage Directory /workdir/hadoop-ozone/integration-test/target/test-dir/MiniOzoneClusterImpl-210d6028-2152-4683-81ff-347b0d29bb13/datanode-4/data/ratis/427b44c1-c26a-4d21-a9f5-2a7af49abe85: flushIndex: setUnconditionally 0 -> -1
2019-09-19 14:21:17,602 [pool-71-thread-1] INFO  server.RaftServerConfigKeys (ConfUtils.java:logGet(43)) - raft.server.snapshot.auto.trigger.enabled = true (custom)
2019-09-19 14:21:17,602 [pool-71-thread-1] INFO  server.RaftServerConfigKeys (ConfUtils.java:logGet(43)) - raft.server.snapshot.auto.trigger.threshold = 10000 (custom)
2019-09-19 14:21:17,602 [pool-71-thread-1] INFO  server.RaftServerConfigKeys (ConfUtils.java:logGet(43)) - raft.server.retrycache.expirytime = 600000ms (custom)
2019-09-19 14:21:17,603 [pool-71-thread-1] INFO  impl.RaftServerImpl (RaftServerImpl.java:start(180)) - 1190b9a7-12b1-4c15-b33e-f7d0a0cd436c: start group-2A7AF49ABE85
2019-09-19 14:21:17,603 [pool-71-thread-1] INFO  impl.RaftServerImpl (RaftServerImpl.java:setRole(171)) - 1190b9a7-12b1-4c15-b33e-f7d0a0cd436c:group-2A7AF49ABE85 changes role from null to FOLLOWER at term 0 for startAsFollower
2019-09-19 14:21:17,603 [pool-71-thread-1] INFO  impl.RoleInfo (RoleInfo.java:updateAndGet(143)) - 1190b9a7-12b1-4c15-b33e-f7d0a0cd436c: start FollowerState
2019-09-19 14:21:17,603 [pool-71-thread-1] INFO  util.JmxRegister (JmxRegister.java:tryRegister(44)) - Successfully registered JMX Bean with object name Ratis:service=RaftServer,group=group-2A7AF49ABE85,id=1190b9a7-12b1-4c15-b33e-f7d0a0cd436c
2019-09-19 14:21:17,609 | INFO  | SCMAudit | user=jenkins1000 | ip=192.168.157.226 | op=SEND_HEARTBEAT {datanodeUUID=431517c4-8c09-4790-b37b-2e132c8143ad, command=[]} | ret=SUCCESS |  
2019-09-19 14:21:17,609 [RatisPipelineUtilsThread] INFO  pipeline.PipelineStateManager (PipelineStateManager.java:addPipeline(56)) - Created pipeline Pipeline[ Id: 427b44c1-c26a-4d21-a9f5-2a7af49abe85, Nodes: 1190b9a7-12b1-4c15-b33e-f7d0a0cd436c{ip: 192.168.157.226, host: pr-hdds-1569-swxfz-3172132826, networkLocation: /default-rack, certSerialId: null}, Type:RATIS, Factor:ONE, State:OPEN]
2019-09-19 14:21:17,614 [grpc-default-executor-1] INFO  impl.RaftServerProxy (RaftServerProxy.java:addNew(89)) - 56d21ab3-8f6d-44ea-b961-c721a1c09246: addNew group-474C31C5FB4A:[56d21ab3-8f6d-44ea-b961-c721a1c09246:192.168.157.226:39258] returns group-474C31C5FB4A:java.util.concurrent.CompletableFuture@77944a0d[Not completed]
2019-09-19 14:21:17,616 [pool-93-thread-1] INFO  impl.RaftServerImpl (RaftServerImpl.java:<init>(93)) - 56d21ab3-8f6d-44ea-b961-c721a1c09246: new RaftServerImpl for group-474C31C5FB4A:[56d21ab3-8f6d-44ea-b961-c721a1c09246:192.168.157.226:39258] with ContainerStateMachine:uninitialized
2019-09-19 14:21:17,616 [pool-93-thread-1] INFO  server.RaftServerConfigKeys (ConfUtils.java:logGet(43)) - raft.server.rpc.timeout.min = 5s (custom)
2019-09-19 14:21:17,616 [pool-93-thread-1] INFO  server.RaftServerConfigKeys (ConfUtils.java:logGet(43)) - raft.server.rpc.timeout.max = 5200ms (custom)
2019-09-19 14:21:17,616 [pool-93-thread-1] INFO  server.RaftServerConfigKeys (ConfUtils.java:logGet(43)) - raft.server.rpcslowness.timeout = 120s (custom)
2019-09-19 14:21:17,617 [pool-93-thread-1] INFO  server.RaftServerConfigKeys (ConfUtils.java:logGet(43)) - raft.server.sleep.deviation.threshold = 300 (default)
2019-09-19 14:21:17,617 [pool-93-thread-1] INFO  server.RaftServerConfigKeys (ConfUtils.java:logGet(43)) - raft.server.log.appender.install.snapshot.enabled = false (custom)
2019-09-19 14:21:17,617 [pool-93-thread-1] INFO  impl.RaftServerImpl (ServerState.java:<init>(105)) - 56d21ab3-8f6d-44ea-b961-c721a1c09246:group-474C31C5FB4A ConfigurationManager, init=-1: [56d21ab3-8f6d-44ea-b961-c721a1c09246:192.168.157.226:39258], old=null, confs=<EMPTY_MAP>
2019-09-19 14:21:17,617 [pool-93-thread-1] INFO  server.RaftServerConfigKeys (ConfUtils.java:logGet(43)) - raft.server.storage.dir = [/workdir/hadoop-ozone/integration-test/target/test-dir/MiniOzoneClusterImpl-210d6028-2152-4683-81ff-347b0d29bb13/datanode-6/data/ratis] (custom)
2019-09-19 14:21:17,617 [pool-93-thread-1] INFO  storage.RaftStorageDirectory (RaftStorageDirectory.java:analyzeStorage(246)) - The storage directory /workdir/hadoop-ozone/integration-test/target/test-dir/MiniOzoneClusterImpl-210d6028-2152-4683-81ff-347b0d29bb13/datanode-6/data/ratis/b7113ee3-94c7-49fa-a723-474c31c5fb4a does not exist. Creating ...
2019-09-19 14:21:17,630 [pool-93-thread-1] INFO  storage.RaftStorageDirectory (RaftStorageDirectory.java:tryLock(328)) - Lock on /workdir/hadoop-ozone/integration-test/target/test-dir/MiniOzoneClusterImpl-210d6028-2152-4683-81ff-347b0d29bb13/datanode-6/data/ratis/b7113ee3-94c7-49fa-a723-474c31c5fb4a/in_use.lock acquired by nodename 16198@pr-hdds-1569-swxfz-3172132826
2019-09-19 14:21:17,643 [pool-93-thread-1] INFO  storage.RaftStorage (RaftStorage.java:format(72)) - Storage directory /workdir/hadoop-ozone/integration-test/target/test-dir/MiniOzoneClusterImpl-210d6028-2152-4683-81ff-347b0d29bb13/datanode-6/data/ratis/b7113ee3-94c7-49fa-a723-474c31c5fb4a has been successfully formatted.
2019-09-19 14:21:17,644 [pool-93-thread-1] INFO  ratis.ContainerStateMachine (ContainerStateMachine.java:loadSnapshot(226)) - group-474C31C5FB4A: The snapshot info is null. Setting the last applied indexto:(t:0, i:~)
2019-09-19 14:21:17,644 [pool-93-thread-1] INFO  server.RaftServerConfigKeys (ConfUtils.java:logGet(43)) - raft.server.leader.election.timeout = 120s (custom)
2019-09-19 14:21:17,644 [pool-93-thread-1] INFO  server.RaftServerConfigKeys (ConfUtils.java:logGet(43)) - raft.server.log.use.memory = false (default)
2019-09-19 14:21:17,644 [pool-93-thread-1] INFO  server.RaftServerConfigKeys (ConfUtils.java:logGet(43)) - raft.server.log.purge.gap = 1000000 (custom)
2019-09-19 14:21:17,644 [pool-93-thread-1] INFO  server.RaftServerConfigKeys (ConfUtils.java:logGet(43)) - raft.server.log.appender.buffer.byte-limit = 33554432 (custom)
2019-09-19 14:21:17,644 [pool-93-thread-1] INFO  server.RaftServerConfigKeys (ConfUtils.java:logGet(43)) - raft.server.log.segment.size.max = 1048576 (custom)
2019-09-19 14:21:17,645 [pool-93-thread-1] INFO  server.RaftServerConfigKeys (ConfUtils.java:logGet(43)) - raft.server.log.segment.cache.num.max = 2 (custom)
2019-09-19 14:21:17,645 [pool-93-thread-1] INFO  segmented.SegmentedRaftLogWorker (SegmentedRaftLogWorker.java:<init>(172)) - new 56d21ab3-8f6d-44ea-b961-c721a1c09246-SegmentedRaftLogWorker:Storage Directory /workdir/hadoop-ozone/integration-test/target/test-dir/MiniOzoneClusterImpl-210d6028-2152-4683-81ff-347b0d29bb13/datanode-6/data/ratis/b7113ee3-94c7-49fa-a723-474c31c5fb4a for RaftStorage:Storage Directory /workdir/hadoop-ozone/integration-test/target/test-dir/MiniOzoneClusterImpl-210d6028-2152-4683-81ff-347b0d29bb13/datanode-6/data/ratis/b7113ee3-94c7-49fa-a723-474c31c5fb4a
2019-09-19 14:21:17,645 [pool-93-thread-1] INFO  server.RaftServerConfigKeys (ConfUtils.java:logGet(43)) - raft.server.log.queue.byte-limit = 2147483647 (custom)
2019-09-19 14:21:17,645 [pool-93-thread-1] INFO  server.RaftServerConfigKeys (ConfUtils.java:logGet(43)) - raft.server.log.queue.element-limit = 1024 (custom)
2019-09-19 14:21:17,645 [pool-93-thread-1] INFO  server.RaftServerConfigKeys (ConfUtils.java:logGet(43)) - raft.server.log.segment.size.max = 1048576 (custom)
2019-09-19 14:21:17,645 [pool-93-thread-1] INFO  server.RaftServerConfigKeys (ConfUtils.java:logGet(43)) - raft.server.log.preallocated.size = 16384 (custom)
2019-09-19 14:21:17,646 [pool-93-thread-1] INFO  server.RaftServerConfigKeys (ConfUtils.java:logGet(43)) - raft.server.log.write.buffer.size = 33554432 (custom)
2019-09-19 14:21:17,646 [pool-93-thread-1] INFO  server.RaftServerConfigKeys (ConfUtils.java:logGet(43)) - raft.server.log.force.sync.num = 128 (default)
2019-09-19 14:21:17,646 [pool-93-thread-1] INFO  server.RaftServerConfigKeys (ConfUtils.java:logGet(43)) - raft.server.log.statemachine.data.sync = true (default)
2019-09-19 14:21:17,646 [pool-93-thread-1] INFO  server.RaftServerConfigKeys (ConfUtils.java:logGet(43)) - raft.server.log.statemachine.data.sync.timeout = 10s (default)
2019-09-19 14:21:17,646 [pool-93-thread-1] INFO  server.RaftServerConfigKeys (ConfUtils.java:logGet(43)) - raft.server.log.statemachine.data.sync.timeout.retry = -1 (default)
2019-09-19 14:21:17,646 [pool-93-thread-1] INFO  server.RaftServerConfigKeys (ConfUtils.java:logGet(43)) - raft.server.log.statemachine.data.caching.enabled = true (custom)
2019-09-19 14:21:17,647 [pool-93-thread-1] INFO  segmented.SegmentedRaftLogWorker (SegmentedRaftLogWorker.java:lambda$new$0(132)) - 56d21ab3-8f6d-44ea-b961-c721a1c09246-SegmentedRaftLogWorker:Storage Directory /workdir/hadoop-ozone/integration-test/target/test-dir/MiniOzoneClusterImpl-210d6028-2152-4683-81ff-347b0d29bb13/datanode-6/data/ratis/b7113ee3-94c7-49fa-a723-474c31c5fb4a: flushIndex: setUnconditionally 0 -> -1
2019-09-19 14:21:17,647 [pool-93-thread-1] INFO  server.RaftServerConfigKeys (ConfUtils.java:logGet(43)) - raft.server.snapshot.auto.trigger.enabled = true (custom)
2019-09-19 14:21:17,647 [pool-93-thread-1] INFO  server.RaftServerConfigKeys (ConfUtils.java:logGet(43)) - raft.server.snapshot.auto.trigger.threshold = 10000 (custom)
2019-09-19 14:21:17,647 [pool-93-thread-1] INFO  server.RaftServerConfigKeys (ConfUtils.java:logGet(43)) - raft.server.retrycache.expirytime = 600000ms (custom)
2019-09-19 14:21:17,648 [pool-93-thread-1] INFO  impl.RaftServerImpl (RaftServerImpl.java:start(180)) - 56d21ab3-8f6d-44ea-b961-c721a1c09246: start group-474C31C5FB4A
2019-09-19 14:21:17,648 [pool-93-thread-1] INFO  impl.RaftServerImpl (RaftServerImpl.java:setRole(171)) - 56d21ab3-8f6d-44ea-b961-c721a1c09246:group-474C31C5FB4A changes role from null to FOLLOWER at term 0 for startAsFollower
2019-09-19 14:21:17,648 [pool-93-thread-1] INFO  impl.RoleInfo (RoleInfo.java:updateAndGet(143)) - 56d21ab3-8f6d-44ea-b961-c721a1c09246: start FollowerState
2019-09-19 14:21:17,648 [pool-93-thread-1] INFO  util.JmxRegister (JmxRegister.java:tryRegister(44)) - Successfully registered JMX Bean with object name Ratis:service=RaftServer,group=group-474C31C5FB4A,id=56d21ab3-8f6d-44ea-b961-c721a1c09246
2019-09-19 14:21:17,652 [RatisPipelineUtilsThread] INFO  pipeline.PipelineStateManager (PipelineStateManager.java:addPipeline(56)) - Created pipeline Pipeline[ Id: b7113ee3-94c7-49fa-a723-474c31c5fb4a, Nodes: 56d21ab3-8f6d-44ea-b961-c721a1c09246{ip: 192.168.157.226, host: pr-hdds-1569-swxfz-3172132826, networkLocation: /default-rack, certSerialId: null}, Type:RATIS, Factor:ONE, State:OPEN]
2019-09-19 14:21:17,657 [grpc-default-executor-1] INFO  impl.RaftServerProxy (RaftServerProxy.java:addNew(89)) - 5dfaa0ea-416a-422c-a75d-43311aceb00a: addNew group-1A6929A00FE1:[5dfaa0ea-416a-422c-a75d-43311aceb00a:192.168.157.226:45629] returns group-1A6929A00FE1:java.util.concurrent.CompletableFuture@460abad5[Not completed]
2019-09-19 14:21:17,658 [pool-38-thread-1] INFO  impl.RaftServerImpl (RaftServerImpl.java:<init>(93)) - 5dfaa0ea-416a-422c-a75d-43311aceb00a: new RaftServerImpl for group-1A6929A00FE1:[5dfaa0ea-416a-422c-a75d-43311aceb00a:192.168.157.226:45629] with ContainerStateMachine:uninitialized
2019-09-19 14:21:17,658 [pool-38-thread-1] INFO  server.RaftServerConfigKeys (ConfUtils.java:logGet(43)) - raft.server.rpc.timeout.min = 5s (custom)
2019-09-19 14:21:17,659 [pool-38-thread-1] INFO  server.RaftServerConfigKeys (ConfUtils.java:logGet(43)) - raft.server.rpc.timeout.max = 5200ms (custom)
2019-09-19 14:21:17,659 [pool-38-thread-1] INFO  server.RaftServerConfigKeys (ConfUtils.java:logGet(43)) - raft.server.rpcslowness.timeout = 120s (custom)
2019-09-19 14:21:17,659 [pool-38-thread-1] INFO  server.RaftServerConfigKeys (ConfUtils.java:logGet(43)) - raft.server.sleep.deviation.threshold = 300 (default)
2019-09-19 14:21:17,659 [pool-38-thread-1] INFO  server.RaftServerConfigKeys (ConfUtils.java:logGet(43)) - raft.server.log.appender.install.snapshot.enabled = false (custom)
2019-09-19 14:21:17,659 [pool-38-thread-1] INFO  impl.RaftServerImpl (ServerState.java:<init>(105)) - 5dfaa0ea-416a-422c-a75d-43311aceb00a:group-1A6929A00FE1 ConfigurationManager, init=-1: [5dfaa0ea-416a-422c-a75d-43311aceb00a:192.168.157.226:45629], old=null, confs=<EMPTY_MAP>
2019-09-19 14:21:17,659 [pool-38-thread-1] INFO  server.RaftServerConfigKeys (ConfUtils.java:logGet(43)) - raft.server.storage.dir = [/workdir/hadoop-ozone/integration-test/target/test-dir/MiniOzoneClusterImpl-210d6028-2152-4683-81ff-347b0d29bb13/datanode-1/data/ratis] (custom)
2019-09-19 14:21:17,660 [pool-38-thread-1] INFO  storage.RaftStorageDirectory (RaftStorageDirectory.java:analyzeStorage(246)) - The storage directory /workdir/hadoop-ozone/integration-test/target/test-dir/MiniOzoneClusterImpl-210d6028-2152-4683-81ff-347b0d29bb13/datanode-1/data/ratis/4998979d-116b-4ee1-9611-1a6929a00fe1 does not exist. Creating ...
2019-09-19 14:21:17,672 [pool-38-thread-1] INFO  storage.RaftStorageDirectory (RaftStorageDirectory.java:tryLock(328)) - Lock on /workdir/hadoop-ozone/integration-test/target/test-dir/MiniOzoneClusterImpl-210d6028-2152-4683-81ff-347b0d29bb13/datanode-1/data/ratis/4998979d-116b-4ee1-9611-1a6929a00fe1/in_use.lock acquired by nodename 16198@pr-hdds-1569-swxfz-3172132826
2019-09-19 14:21:17,684 [pool-38-thread-1] INFO  storage.RaftStorage (RaftStorage.java:format(72)) - Storage directory /workdir/hadoop-ozone/integration-test/target/test-dir/MiniOzoneClusterImpl-210d6028-2152-4683-81ff-347b0d29bb13/datanode-1/data/ratis/4998979d-116b-4ee1-9611-1a6929a00fe1 has been successfully formatted.
2019-09-19 14:21:17,685 [pool-38-thread-1] INFO  ratis.ContainerStateMachine (ContainerStateMachine.java:loadSnapshot(226)) - group-1A6929A00FE1: The snapshot info is null. Setting the last applied indexto:(t:0, i:~)
2019-09-19 14:21:17,685 [pool-38-thread-1] INFO  server.RaftServerConfigKeys (ConfUtils.java:logGet(43)) - raft.server.leader.election.timeout = 120s (custom)
2019-09-19 14:21:17,685 [pool-38-thread-1] INFO  server.RaftServerConfigKeys (ConfUtils.java:logGet(43)) - raft.server.log.use.memory = false (default)
2019-09-19 14:21:17,685 [pool-38-thread-1] INFO  server.RaftServerConfigKeys (ConfUtils.java:logGet(43)) - raft.server.log.purge.gap = 1000000 (custom)
2019-09-19 14:21:17,685 [pool-38-thread-1] INFO  server.RaftServerConfigKeys (ConfUtils.java:logGet(43)) - raft.server.log.appender.buffer.byte-limit = 33554432 (custom)
2019-09-19 14:21:17,685 [pool-38-thread-1] INFO  server.RaftServerConfigKeys (ConfUtils.java:logGet(43)) - raft.server.log.segment.size.max = 1048576 (custom)
2019-09-19 14:21:17,685 [pool-38-thread-1] INFO  server.RaftServerConfigKeys (ConfUtils.java:logGet(43)) - raft.server.log.segment.cache.num.max = 2 (custom)
2019-09-19 14:21:17,686 [pool-38-thread-1] INFO  segmented.SegmentedRaftLogWorker (SegmentedRaftLogWorker.java:<init>(172)) - new 5dfaa0ea-416a-422c-a75d-43311aceb00a-SegmentedRaftLogWorker:Storage Directory /workdir/hadoop-ozone/integration-test/target/test-dir/MiniOzoneClusterImpl-210d6028-2152-4683-81ff-347b0d29bb13/datanode-1/data/ratis/4998979d-116b-4ee1-9611-1a6929a00fe1 for RaftStorage:Storage Directory /workdir/hadoop-ozone/integration-test/target/test-dir/MiniOzoneClusterImpl-210d6028-2152-4683-81ff-347b0d29bb13/datanode-1/data/ratis/4998979d-116b-4ee1-9611-1a6929a00fe1
2019-09-19 14:21:17,686 [pool-38-thread-1] INFO  server.RaftServerConfigKeys (ConfUtils.java:logGet(43)) - raft.server.log.queue.byte-limit = 2147483647 (custom)
2019-09-19 14:21:17,686 [pool-38-thread-1] INFO  server.RaftServerConfigKeys (ConfUtils.java:logGet(43)) - raft.server.log.queue.element-limit = 1024 (custom)
2019-09-19 14:21:17,686 [pool-38-thread-1] INFO  server.RaftServerConfigKeys (ConfUtils.java:logGet(43)) - raft.server.log.segment.size.max = 1048576 (custom)
2019-09-19 14:21:17,686 [pool-38-thread-1] INFO  server.RaftServerConfigKeys (ConfUtils.java:logGet(43)) - raft.server.log.preallocated.size = 16384 (custom)
2019-09-19 14:21:17,686 [pool-38-thread-1] INFO  server.RaftServerConfigKeys (ConfUtils.java:logGet(43)) - raft.server.log.write.buffer.size = 33554432 (custom)
2019-09-19 14:21:17,686 [pool-38-thread-1] INFO  server.RaftServerConfigKeys (ConfUtils.java:logGet(43)) - raft.server.log.force.sync.num = 128 (default)
2019-09-19 14:21:17,687 [pool-38-thread-1] INFO  server.RaftServerConfigKeys (ConfUtils.java:logGet(43)) - raft.server.log.statemachine.data.sync = true (default)
2019-09-19 14:21:17,687 [pool-38-thread-1] INFO  server.RaftServerConfigKeys (ConfUtils.java:logGet(43)) - raft.server.log.statemachine.data.sync.timeout = 10s (default)
2019-09-19 14:21:17,687 [pool-38-thread-1] INFO  server.RaftServerConfigKeys (ConfUtils.java:logGet(43)) - raft.server.log.statemachine.data.sync.timeout.retry = -1 (default)
2019-09-19 14:21:17,687 [pool-38-thread-1] INFO  server.RaftServerConfigKeys (ConfUtils.java:logGet(43)) - raft.server.log.statemachine.data.caching.enabled = true (custom)
2019-09-19 14:21:17,687 [pool-38-thread-1] INFO  segmented.SegmentedRaftLogWorker (SegmentedRaftLogWorker.java:lambda$new$0(132)) - 5dfaa0ea-416a-422c-a75d-43311aceb00a-SegmentedRaftLogWorker:Storage Directory /workdir/hadoop-ozone/integration-test/target/test-dir/MiniOzoneClusterImpl-210d6028-2152-4683-81ff-347b0d29bb13/datanode-1/data/ratis/4998979d-116b-4ee1-9611-1a6929a00fe1: flushIndex: setUnconditionally 0 -> -1
2019-09-19 14:21:17,687 [pool-38-thread-1] INFO  server.RaftServerConfigKeys (ConfUtils.java:logGet(43)) - raft.server.snapshot.auto.trigger.enabled = true (custom)
2019-09-19 14:21:17,688 [pool-38-thread-1] INFO  server.RaftServerConfigKeys (ConfUtils.java:logGet(43)) - raft.server.snapshot.auto.trigger.threshold = 10000 (custom)
2019-09-19 14:21:17,688 [pool-38-thread-1] INFO  server.RaftServerConfigKeys (ConfUtils.java:logGet(43)) - raft.server.retrycache.expirytime = 600000ms (custom)
2019-09-19 14:21:17,688 [pool-38-thread-1] INFO  impl.RaftServerImpl (RaftServerImpl.java:start(180)) - 5dfaa0ea-416a-422c-a75d-43311aceb00a: start group-1A6929A00FE1
2019-09-19 14:21:17,688 [pool-38-thread-1] INFO  impl.RaftServerImpl (RaftServerImpl.java:setRole(171)) - 5dfaa0ea-416a-422c-a75d-43311aceb00a:group-1A6929A00FE1 changes role from null to FOLLOWER at term 0 for startAsFollower
2019-09-19 14:21:17,688 [pool-38-thread-1] INFO  impl.RoleInfo (RoleInfo.java:updateAndGet(143)) - 5dfaa0ea-416a-422c-a75d-43311aceb00a: start FollowerState
2019-09-19 14:21:17,689 [pool-38-thread-1] INFO  util.JmxRegister (JmxRegister.java:tryRegister(44)) - Successfully registered JMX Bean with object name Ratis:service=RaftServer,group=group-1A6929A00FE1,id=5dfaa0ea-416a-422c-a75d-43311aceb00a
2019-09-19 14:21:17,692 [RatisPipelineUtilsThread] INFO  pipeline.PipelineStateManager (PipelineStateManager.java:addPipeline(56)) - Created pipeline Pipeline[ Id: 4998979d-116b-4ee1-9611-1a6929a00fe1, Nodes: 5dfaa0ea-416a-422c-a75d-43311aceb00a{ip: 192.168.157.226, host: pr-hdds-1569-swxfz-3172132826, networkLocation: /default-rack, certSerialId: null}, Type:RATIS, Factor:ONE, State:OPEN]
2019-09-19 14:21:17,697 [grpc-default-executor-1] INFO  impl.RaftServerProxy (RaftServerProxy.java:addNew(89)) - 85c6a9f3-b9a5-43a5-ac4f-9aa7bd5f2263: addNew group-C9FEBAA9BFD5:[85c6a9f3-b9a5-43a5-ac4f-9aa7bd5f2263:192.168.157.226:45170] returns group-C9FEBAA9BFD5:java.util.concurrent.CompletableFuture@3fd2a38d[Not completed]
2019-09-19 14:21:17,698 [pool-27-thread-1] INFO  impl.RaftServerImpl (RaftServerImpl.java:<init>(93)) - 85c6a9f3-b9a5-43a5-ac4f-9aa7bd5f2263: new RaftServerImpl for group-C9FEBAA9BFD5:[85c6a9f3-b9a5-43a5-ac4f-9aa7bd5f2263:192.168.157.226:45170] with ContainerStateMachine:uninitialized
2019-09-19 14:21:17,699 [pool-27-thread-1] INFO  server.RaftServerConfigKeys (ConfUtils.java:logGet(43)) - raft.server.rpc.timeout.min = 5s (custom)
2019-09-19 14:21:17,699 [pool-27-thread-1] INFO  server.RaftServerConfigKeys (ConfUtils.java:logGet(43)) - raft.server.rpc.timeout.max = 5200ms (custom)
2019-09-19 14:21:17,699 [pool-27-thread-1] INFO  server.RaftServerConfigKeys (ConfUtils.java:logGet(43)) - raft.server.rpcslowness.timeout = 120s (custom)
2019-09-19 14:21:17,699 [pool-27-thread-1] INFO  server.RaftServerConfigKeys (ConfUtils.java:logGet(43)) - raft.server.sleep.deviation.threshold = 300 (default)
2019-09-19 14:21:17,699 [pool-27-thread-1] INFO  server.RaftServerConfigKeys (ConfUtils.java:logGet(43)) - raft.server.log.appender.install.snapshot.enabled = false (custom)
2019-09-19 14:21:17,699 [pool-27-thread-1] INFO  impl.RaftServerImpl (ServerState.java:<init>(105)) - 85c6a9f3-b9a5-43a5-ac4f-9aa7bd5f2263:group-C9FEBAA9BFD5 ConfigurationManager, init=-1: [85c6a9f3-b9a5-43a5-ac4f-9aa7bd5f2263:192.168.157.226:45170], old=null, confs=<EMPTY_MAP>
2019-09-19 14:21:17,699 [pool-27-thread-1] INFO  server.RaftServerConfigKeys (ConfUtils.java:logGet(43)) - raft.server.storage.dir = [/workdir/hadoop-ozone/integration-test/target/test-dir/MiniOzoneClusterImpl-210d6028-2152-4683-81ff-347b0d29bb13/datanode-0/data/ratis] (custom)
2019-09-19 14:21:17,700 [pool-27-thread-1] INFO  storage.RaftStorageDirectory (RaftStorageDirectory.java:analyzeStorage(246)) - The storage directory /workdir/hadoop-ozone/integration-test/target/test-dir/MiniOzoneClusterImpl-210d6028-2152-4683-81ff-347b0d29bb13/datanode-0/data/ratis/de1ed618-3926-4e69-990f-c9febaa9bfd5 does not exist. Creating ...
2019-09-19 14:21:17,712 [pool-27-thread-1] INFO  storage.RaftStorageDirectory (RaftStorageDirectory.java:tryLock(328)) - Lock on /workdir/hadoop-ozone/integration-test/target/test-dir/MiniOzoneClusterImpl-210d6028-2152-4683-81ff-347b0d29bb13/datanode-0/data/ratis/de1ed618-3926-4e69-990f-c9febaa9bfd5/in_use.lock acquired by nodename 16198@pr-hdds-1569-swxfz-3172132826
2019-09-19 14:21:17,725 [pool-27-thread-1] INFO  storage.RaftStorage (RaftStorage.java:format(72)) - Storage directory /workdir/hadoop-ozone/integration-test/target/test-dir/MiniOzoneClusterImpl-210d6028-2152-4683-81ff-347b0d29bb13/datanode-0/data/ratis/de1ed618-3926-4e69-990f-c9febaa9bfd5 has been successfully formatted.
2019-09-19 14:21:17,725 [pool-27-thread-1] INFO  ratis.ContainerStateMachine (ContainerStateMachine.java:loadSnapshot(226)) - group-C9FEBAA9BFD5: The snapshot info is null. Setting the last applied indexto:(t:0, i:~)
2019-09-19 14:21:17,725 [pool-27-thread-1] INFO  server.RaftServerConfigKeys (ConfUtils.java:logGet(43)) - raft.server.leader.election.timeout = 120s (custom)
2019-09-19 14:21:17,725 [pool-27-thread-1] INFO  server.RaftServerConfigKeys (ConfUtils.java:logGet(43)) - raft.server.log.use.memory = false (default)
2019-09-19 14:21:17,725 [pool-27-thread-1] INFO  server.RaftServerConfigKeys (ConfUtils.java:logGet(43)) - raft.server.log.purge.gap = 1000000 (custom)
2019-09-19 14:21:17,725 [pool-27-thread-1] INFO  server.RaftServerConfigKeys (ConfUtils.java:logGet(43)) - raft.server.log.appender.buffer.byte-limit = 33554432 (custom)
2019-09-19 14:21:17,725 [pool-27-thread-1] INFO  server.RaftServerConfigKeys (ConfUtils.java:logGet(43)) - raft.server.log.segment.size.max = 1048576 (custom)
2019-09-19 14:21:17,725 [pool-27-thread-1] INFO  server.RaftServerConfigKeys (ConfUtils.java:logGet(43)) - raft.server.log.segment.cache.num.max = 2 (custom)
2019-09-19 14:21:17,726 [pool-27-thread-1] INFO  segmented.SegmentedRaftLogWorker (SegmentedRaftLogWorker.java:<init>(172)) - new 85c6a9f3-b9a5-43a5-ac4f-9aa7bd5f2263-SegmentedRaftLogWorker:Storage Directory /workdir/hadoop-ozone/integration-test/target/test-dir/MiniOzoneClusterImpl-210d6028-2152-4683-81ff-347b0d29bb13/datanode-0/data/ratis/de1ed618-3926-4e69-990f-c9febaa9bfd5 for RaftStorage:Storage Directory /workdir/hadoop-ozone/integration-test/target/test-dir/MiniOzoneClusterImpl-210d6028-2152-4683-81ff-347b0d29bb13/datanode-0/data/ratis/de1ed618-3926-4e69-990f-c9febaa9bfd5
2019-09-19 14:21:17,726 [pool-27-thread-1] INFO  server.RaftServerConfigKeys (ConfUtils.java:logGet(43)) - raft.server.log.queue.byte-limit = 2147483647 (custom)
2019-09-19 14:21:17,726 [pool-27-thread-1] INFO  server.RaftServerConfigKeys (ConfUtils.java:logGet(43)) - raft.server.log.queue.element-limit = 1024 (custom)
2019-09-19 14:21:17,726 [pool-27-thread-1] INFO  server.RaftServerConfigKeys (ConfUtils.java:logGet(43)) - raft.server.log.segment.size.max = 1048576 (custom)
2019-09-19 14:21:17,726 [pool-27-thread-1] INFO  server.RaftServerConfigKeys (ConfUtils.java:logGet(43)) - raft.server.log.preallocated.size = 16384 (custom)
2019-09-19 14:21:17,726 [pool-27-thread-1] INFO  server.RaftServerConfigKeys (ConfUtils.java:logGet(43)) - raft.server.log.write.buffer.size = 33554432 (custom)
2019-09-19 14:21:17,726 [pool-27-thread-1] INFO  server.RaftServerConfigKeys (ConfUtils.java:logGet(43)) - raft.server.log.force.sync.num = 128 (default)
2019-09-19 14:21:17,726 [pool-27-thread-1] INFO  server.RaftServerConfigKeys (ConfUtils.java:logGet(43)) - raft.server.log.statemachine.data.sync = true (default)
2019-09-19 14:21:17,726 [pool-27-thread-1] INFO  server.RaftServerConfigKeys (ConfUtils.java:logGet(43)) - raft.server.log.statemachine.data.sync.timeout = 10s (default)
2019-09-19 14:21:17,726 [pool-27-thread-1] INFO  server.RaftServerConfigKeys (ConfUtils.java:logGet(43)) - raft.server.log.statemachine.data.sync.timeout.retry = -1 (default)
2019-09-19 14:21:17,727 [pool-27-thread-1] INFO  server.RaftServerConfigKeys (ConfUtils.java:logGet(43)) - raft.server.log.statemachine.data.caching.enabled = true (custom)
2019-09-19 14:21:17,727 [pool-27-thread-1] INFO  segmented.SegmentedRaftLogWorker (SegmentedRaftLogWorker.java:lambda$new$0(132)) - 85c6a9f3-b9a5-43a5-ac4f-9aa7bd5f2263-SegmentedRaftLogWorker:Storage Directory /workdir/hadoop-ozone/integration-test/target/test-dir/MiniOzoneClusterImpl-210d6028-2152-4683-81ff-347b0d29bb13/datanode-0/data/ratis/de1ed618-3926-4e69-990f-c9febaa9bfd5: flushIndex: setUnconditionally 0 -> -1
2019-09-19 14:21:17,727 [pool-27-thread-1] INFO  server.RaftServerConfigKeys (ConfUtils.java:logGet(43)) - raft.server.snapshot.auto.trigger.enabled = true (custom)
2019-09-19 14:21:17,727 [pool-27-thread-1] INFO  server.RaftServerConfigKeys (ConfUtils.java:logGet(43)) - raft.server.snapshot.auto.trigger.threshold = 10000 (custom)
2019-09-19 14:21:17,727 [pool-27-thread-1] INFO  server.RaftServerConfigKeys (ConfUtils.java:logGet(43)) - raft.server.retrycache.expirytime = 600000ms (custom)
2019-09-19 14:21:17,727 [pool-27-thread-1] INFO  impl.RaftServerImpl (RaftServerImpl.java:start(180)) - 85c6a9f3-b9a5-43a5-ac4f-9aa7bd5f2263: start group-C9FEBAA9BFD5
2019-09-19 14:21:17,728 [pool-27-thread-1] INFO  impl.RaftServerImpl (RaftServerImpl.java:setRole(171)) - 85c6a9f3-b9a5-43a5-ac4f-9aa7bd5f2263:group-C9FEBAA9BFD5 changes role from null to FOLLOWER at term 0 for startAsFollower
2019-09-19 14:21:17,728 [pool-27-thread-1] INFO  impl.RoleInfo (RoleInfo.java:updateAndGet(143)) - 85c6a9f3-b9a5-43a5-ac4f-9aa7bd5f2263: start FollowerState
2019-09-19 14:21:17,728 [pool-27-thread-1] INFO  util.JmxRegister (JmxRegister.java:tryRegister(44)) - Successfully registered JMX Bean with object name Ratis:service=RaftServer,group=group-C9FEBAA9BFD5,id=85c6a9f3-b9a5-43a5-ac4f-9aa7bd5f2263
2019-09-19 14:21:17,730 [RatisPipelineUtilsThread] INFO  pipeline.PipelineStateManager (PipelineStateManager.java:addPipeline(56)) - Created pipeline Pipeline[ Id: de1ed618-3926-4e69-990f-c9febaa9bfd5, Nodes: 85c6a9f3-b9a5-43a5-ac4f-9aa7bd5f2263{ip: 192.168.157.226, host: pr-hdds-1569-swxfz-3172132826, networkLocation: /default-rack, certSerialId: null}, Type:RATIS, Factor:ONE, State:OPEN]
2019-09-19 14:21:17,735 [grpc-default-executor-1] INFO  impl.RaftServerProxy (RaftServerProxy.java:addNew(89)) - 306a7a99-f2a5-4f40-b42b-2fc2def08a6a: addNew group-14AE4AE2C852:[306a7a99-f2a5-4f40-b42b-2fc2def08a6a:192.168.157.226:42633] returns group-14AE4AE2C852:java.util.concurrent.CompletableFuture@5be52a85[Not completed]
2019-09-19 14:21:17,736 [pool-49-thread-1] INFO  impl.RaftServerImpl (RaftServerImpl.java:<init>(93)) - 306a7a99-f2a5-4f40-b42b-2fc2def08a6a: new RaftServerImpl for group-14AE4AE2C852:[306a7a99-f2a5-4f40-b42b-2fc2def08a6a:192.168.157.226:42633] with ContainerStateMachine:uninitialized
2019-09-19 14:21:17,736 [pool-49-thread-1] INFO  server.RaftServerConfigKeys (ConfUtils.java:logGet(43)) - raft.server.rpc.timeout.min = 5s (custom)
2019-09-19 14:21:17,736 [pool-49-thread-1] INFO  server.RaftServerConfigKeys (ConfUtils.java:logGet(43)) - raft.server.rpc.timeout.max = 5200ms (custom)
2019-09-19 14:21:17,737 [pool-49-thread-1] INFO  server.RaftServerConfigKeys (ConfUtils.java:logGet(43)) - raft.server.rpcslowness.timeout = 120s (custom)
2019-09-19 14:21:17,737 [pool-49-thread-1] INFO  server.RaftServerConfigKeys (ConfUtils.java:logGet(43)) - raft.server.sleep.deviation.threshold = 300 (default)
2019-09-19 14:21:17,737 [pool-49-thread-1] INFO  server.RaftServerConfigKeys (ConfUtils.java:logGet(43)) - raft.server.log.appender.install.snapshot.enabled = false (custom)
2019-09-19 14:21:17,737 [pool-49-thread-1] INFO  impl.RaftServerImpl (ServerState.java:<init>(105)) - 306a7a99-f2a5-4f40-b42b-2fc2def08a6a:group-14AE4AE2C852 ConfigurationManager, init=-1: [306a7a99-f2a5-4f40-b42b-2fc2def08a6a:192.168.157.226:42633], old=null, confs=<EMPTY_MAP>
2019-09-19 14:21:17,737 [pool-49-thread-1] INFO  server.RaftServerConfigKeys (ConfUtils.java:logGet(43)) - raft.server.storage.dir = [/workdir/hadoop-ozone/integration-test/target/test-dir/MiniOzoneClusterImpl-210d6028-2152-4683-81ff-347b0d29bb13/datanode-2/data/ratis] (custom)
2019-09-19 14:21:17,738 [pool-49-thread-1] INFO  storage.RaftStorageDirectory (RaftStorageDirectory.java:analyzeStorage(246)) - The storage directory /workdir/hadoop-ozone/integration-test/target/test-dir/MiniOzoneClusterImpl-210d6028-2152-4683-81ff-347b0d29bb13/datanode-2/data/ratis/9d8d82aa-9532-4bc7-b667-14ae4ae2c852 does not exist. Creating ...
2019-09-19 14:21:17,751 [pool-49-thread-1] INFO  storage.RaftStorageDirectory (RaftStorageDirectory.java:tryLock(328)) - Lock on /workdir/hadoop-ozone/integration-test/target/test-dir/MiniOzoneClusterImpl-210d6028-2152-4683-81ff-347b0d29bb13/datanode-2/data/ratis/9d8d82aa-9532-4bc7-b667-14ae4ae2c852/in_use.lock acquired by nodename 16198@pr-hdds-1569-swxfz-3172132826
2019-09-19 14:21:17,764 [pool-49-thread-1] INFO  storage.RaftStorage (RaftStorage.java:format(72)) - Storage directory /workdir/hadoop-ozone/integration-test/target/test-dir/MiniOzoneClusterImpl-210d6028-2152-4683-81ff-347b0d29bb13/datanode-2/data/ratis/9d8d82aa-9532-4bc7-b667-14ae4ae2c852 has been successfully formatted.
2019-09-19 14:21:17,764 [pool-49-thread-1] INFO  ratis.ContainerStateMachine (ContainerStateMachine.java:loadSnapshot(226)) - group-14AE4AE2C852: The snapshot info is null. Setting the last applied indexto:(t:0, i:~)
2019-09-19 14:21:17,765 [pool-49-thread-1] INFO  server.RaftServerConfigKeys (ConfUtils.java:logGet(43)) - raft.server.leader.election.timeout = 120s (custom)
2019-09-19 14:21:17,765 [pool-49-thread-1] INFO  server.RaftServerConfigKeys (ConfUtils.java:logGet(43)) - raft.server.log.use.memory = false (default)
2019-09-19 14:21:17,765 [pool-49-thread-1] INFO  server.RaftServerConfigKeys (ConfUtils.java:logGet(43)) - raft.server.log.purge.gap = 1000000 (custom)
2019-09-19 14:21:17,765 [pool-49-thread-1] INFO  server.RaftServerConfigKeys (ConfUtils.java:logGet(43)) - raft.server.log.appender.buffer.byte-limit = 33554432 (custom)
2019-09-19 14:21:17,765 [pool-49-thread-1] INFO  server.RaftServerConfigKeys (ConfUtils.java:logGet(43)) - raft.server.log.segment.size.max = 1048576 (custom)
2019-09-19 14:21:17,765 [pool-49-thread-1] INFO  server.RaftServerConfigKeys (ConfUtils.java:logGet(43)) - raft.server.log.segment.cache.num.max = 2 (custom)
2019-09-19 14:21:17,765 [pool-49-thread-1] INFO  segmented.SegmentedRaftLogWorker (SegmentedRaftLogWorker.java:<init>(172)) - new 306a7a99-f2a5-4f40-b42b-2fc2def08a6a-SegmentedRaftLogWorker:Storage Directory /workdir/hadoop-ozone/integration-test/target/test-dir/MiniOzoneClusterImpl-210d6028-2152-4683-81ff-347b0d29bb13/datanode-2/data/ratis/9d8d82aa-9532-4bc7-b667-14ae4ae2c852 for RaftStorage:Storage Directory /workdir/hadoop-ozone/integration-test/target/test-dir/MiniOzoneClusterImpl-210d6028-2152-4683-81ff-347b0d29bb13/datanode-2/data/ratis/9d8d82aa-9532-4bc7-b667-14ae4ae2c852
2019-09-19 14:21:17,766 [pool-49-thread-1] INFO  server.RaftServerConfigKeys (ConfUtils.java:logGet(43)) - raft.server.log.queue.byte-limit = 2147483647 (custom)
2019-09-19 14:21:17,766 [pool-49-thread-1] INFO  server.RaftServerConfigKeys (ConfUtils.java:logGet(43)) - raft.server.log.queue.element-limit = 1024 (custom)
2019-09-19 14:21:17,766 [pool-49-thread-1] INFO  server.RaftServerConfigKeys (ConfUtils.java:logGet(43)) - raft.server.log.segment.size.max = 1048576 (custom)
2019-09-19 14:21:17,766 [pool-49-thread-1] INFO  server.RaftServerConfigKeys (ConfUtils.java:logGet(43)) - raft.server.log.preallocated.size = 16384 (custom)
2019-09-19 14:21:17,766 [pool-49-thread-1] INFO  server.RaftServerConfigKeys (ConfUtils.java:logGet(43)) - raft.server.log.write.buffer.size = 33554432 (custom)
2019-09-19 14:21:17,766 [pool-49-thread-1] INFO  server.RaftServerConfigKeys (ConfUtils.java:logGet(43)) - raft.server.log.force.sync.num = 128 (default)
2019-09-19 14:21:17,767 [pool-49-thread-1] INFO  server.RaftServerConfigKeys (ConfUtils.java:logGet(43)) - raft.server.log.statemachine.data.sync = true (default)
2019-09-19 14:21:17,767 [pool-49-thread-1] INFO  server.RaftServerConfigKeys (ConfUtils.java:logGet(43)) - raft.server.log.statemachine.data.sync.timeout = 10s (default)
2019-09-19 14:21:17,767 [pool-49-thread-1] INFO  server.RaftServerConfigKeys (ConfUtils.java:logGet(43)) - raft.server.log.statemachine.data.sync.timeout.retry = -1 (default)
2019-09-19 14:21:17,767 [pool-49-thread-1] INFO  server.RaftServerConfigKeys (ConfUtils.java:logGet(43)) - raft.server.log.statemachine.data.caching.enabled = true (custom)
2019-09-19 14:21:17,767 [pool-49-thread-1] INFO  segmented.SegmentedRaftLogWorker (SegmentedRaftLogWorker.java:lambda$new$0(132)) - 306a7a99-f2a5-4f40-b42b-2fc2def08a6a-SegmentedRaftLogWorker:Storage Directory /workdir/hadoop-ozone/integration-test/target/test-dir/MiniOzoneClusterImpl-210d6028-2152-4683-81ff-347b0d29bb13/datanode-2/data/ratis/9d8d82aa-9532-4bc7-b667-14ae4ae2c852: flushIndex: setUnconditionally 0 -> -1
2019-09-19 14:21:17,768 [pool-49-thread-1] INFO  server.RaftServerConfigKeys (ConfUtils.java:logGet(43)) - raft.server.snapshot.auto.trigger.enabled = true (custom)
2019-09-19 14:21:17,768 [pool-49-thread-1] INFO  server.RaftServerConfigKeys (ConfUtils.java:logGet(43)) - raft.server.snapshot.auto.trigger.threshold = 10000 (custom)
2019-09-19 14:21:17,768 [pool-49-thread-1] INFO  server.RaftServerConfigKeys (ConfUtils.java:logGet(43)) - raft.server.retrycache.expirytime = 600000ms (custom)
2019-09-19 14:21:17,768 [pool-49-thread-1] INFO  impl.RaftServerImpl (RaftServerImpl.java:start(180)) - 306a7a99-f2a5-4f40-b42b-2fc2def08a6a: start group-14AE4AE2C852
2019-09-19 14:21:17,768 [pool-49-thread-1] INFO  impl.RaftServerImpl (RaftServerImpl.java:setRole(171)) - 306a7a99-f2a5-4f40-b42b-2fc2def08a6a:group-14AE4AE2C852 changes role from null to FOLLOWER at term 0 for startAsFollower
2019-09-19 14:21:17,769 [pool-49-thread-1] INFO  impl.RoleInfo (RoleInfo.java:updateAndGet(143)) - 306a7a99-f2a5-4f40-b42b-2fc2def08a6a: start FollowerState
2019-09-19 14:21:17,769 [pool-49-thread-1] INFO  util.JmxRegister (JmxRegister.java:tryRegister(44)) - Successfully registered JMX Bean with object name Ratis:service=RaftServer,group=group-14AE4AE2C852,id=306a7a99-f2a5-4f40-b42b-2fc2def08a6a
2019-09-19 14:21:17,772 [RatisPipelineUtilsThread] INFO  pipeline.PipelineStateManager (PipelineStateManager.java:addPipeline(56)) - Created pipeline Pipeline[ Id: 9d8d82aa-9532-4bc7-b667-14ae4ae2c852, Nodes: 306a7a99-f2a5-4f40-b42b-2fc2def08a6a{ip: 192.168.157.226, host: pr-hdds-1569-swxfz-3172132826, networkLocation: /default-rack, certSerialId: null}, Type:RATIS, Factor:ONE, State:OPEN]
2019-09-19 14:21:17,777 [grpc-default-executor-1] INFO  impl.RaftServerProxy (RaftServerProxy.java:addNew(89)) - 431517c4-8c09-4790-b37b-2e132c8143ad: addNew group-10F39D2FBAFD:[431517c4-8c09-4790-b37b-2e132c8143ad:192.168.157.226:40911] returns group-10F39D2FBAFD:java.util.concurrent.CompletableFuture@1f53dbf[Not completed]
2019-09-19 14:21:17,777 [pool-82-thread-1] INFO  impl.RaftServerImpl (RaftServerImpl.java:<init>(93)) - 431517c4-8c09-4790-b37b-2e132c8143ad: new RaftServerImpl for group-10F39D2FBAFD:[431517c4-8c09-4790-b37b-2e132c8143ad:192.168.157.226:40911] with ContainerStateMachine:uninitialized
2019-09-19 14:21:17,777 [pool-82-thread-1] INFO  server.RaftServerConfigKeys (ConfUtils.java:logGet(43)) - raft.server.rpc.timeout.min = 5s (custom)
2019-09-19 14:21:17,778 [pool-82-thread-1] INFO  server.RaftServerConfigKeys (ConfUtils.java:logGet(43)) - raft.server.rpc.timeout.max = 5200ms (custom)
2019-09-19 14:21:17,778 [pool-82-thread-1] INFO  server.RaftServerConfigKeys (ConfUtils.java:logGet(43)) - raft.server.rpcslowness.timeout = 120s (custom)
2019-09-19 14:21:17,778 [pool-82-thread-1] INFO  server.RaftServerConfigKeys (ConfUtils.java:logGet(43)) - raft.server.sleep.deviation.threshold = 300 (default)
2019-09-19 14:21:17,778 [pool-82-thread-1] INFO  server.RaftServerConfigKeys (ConfUtils.java:logGet(43)) - raft.server.log.appender.install.snapshot.enabled = false (custom)
2019-09-19 14:21:17,778 [pool-82-thread-1] INFO  impl.RaftServerImpl (ServerState.java:<init>(105)) - 431517c4-8c09-4790-b37b-2e132c8143ad:group-10F39D2FBAFD ConfigurationManager, init=-1: [431517c4-8c09-4790-b37b-2e132c8143ad:192.168.157.226:40911], old=null, confs=<EMPTY_MAP>
2019-09-19 14:21:17,778 [pool-82-thread-1] INFO  server.RaftServerConfigKeys (ConfUtils.java:logGet(43)) - raft.server.storage.dir = [/workdir/hadoop-ozone/integration-test/target/test-dir/MiniOzoneClusterImpl-210d6028-2152-4683-81ff-347b0d29bb13/datanode-5/data/ratis] (custom)
2019-09-19 14:21:17,778 [pool-82-thread-1] INFO  storage.RaftStorageDirectory (RaftStorageDirectory.java:analyzeStorage(246)) - The storage directory /workdir/hadoop-ozone/integration-test/target/test-dir/MiniOzoneClusterImpl-210d6028-2152-4683-81ff-347b0d29bb13/datanode-5/data/ratis/f852f04b-af94-40ce-b046-10f39d2fbafd does not exist. Creating ...
2019-09-19 14:21:17,784 [pool-82-thread-1] INFO  storage.RaftStorageDirectory (RaftStorageDirectory.java:tryLock(328)) - Lock on /workdir/hadoop-ozone/integration-test/target/test-dir/MiniOzoneClusterImpl-210d6028-2152-4683-81ff-347b0d29bb13/datanode-5/data/ratis/f852f04b-af94-40ce-b046-10f39d2fbafd/in_use.lock acquired by nodename 16198@pr-hdds-1569-swxfz-3172132826
2019-09-19 14:21:17,797 [pool-82-thread-1] INFO  storage.RaftStorage (RaftStorage.java:format(72)) - Storage directory /workdir/hadoop-ozone/integration-test/target/test-dir/MiniOzoneClusterImpl-210d6028-2152-4683-81ff-347b0d29bb13/datanode-5/data/ratis/f852f04b-af94-40ce-b046-10f39d2fbafd has been successfully formatted.
2019-09-19 14:21:17,797 [pool-82-thread-1] INFO  ratis.ContainerStateMachine (ContainerStateMachine.java:loadSnapshot(226)) - group-10F39D2FBAFD: The snapshot info is null. Setting the last applied indexto:(t:0, i:~)
2019-09-19 14:21:17,797 [pool-82-thread-1] INFO  server.RaftServerConfigKeys (ConfUtils.java:logGet(43)) - raft.server.leader.election.timeout = 120s (custom)
2019-09-19 14:21:17,797 [pool-82-thread-1] INFO  server.RaftServerConfigKeys (ConfUtils.java:logGet(43)) - raft.server.log.use.memory = false (default)
2019-09-19 14:21:17,798 [pool-82-thread-1] INFO  server.RaftServerConfigKeys (ConfUtils.java:logGet(43)) - raft.server.log.purge.gap = 1000000 (custom)
2019-09-19 14:21:17,798 [pool-82-thread-1] INFO  server.RaftServerConfigKeys (ConfUtils.java:logGet(43)) - raft.server.log.appender.buffer.byte-limit = 33554432 (custom)
2019-09-19 14:21:17,798 [pool-82-thread-1] INFO  server.RaftServerConfigKeys (ConfUtils.java:logGet(43)) - raft.server.log.segment.size.max = 1048576 (custom)
2019-09-19 14:21:17,798 [pool-82-thread-1] INFO  server.RaftServerConfigKeys (ConfUtils.java:logGet(43)) - raft.server.log.segment.cache.num.max = 2 (custom)
2019-09-19 14:21:17,798 [pool-82-thread-1] INFO  segmented.SegmentedRaftLogWorker (SegmentedRaftLogWorker.java:<init>(172)) - new 431517c4-8c09-4790-b37b-2e132c8143ad-SegmentedRaftLogWorker:Storage Directory /workdir/hadoop-ozone/integration-test/target/test-dir/MiniOzoneClusterImpl-210d6028-2152-4683-81ff-347b0d29bb13/datanode-5/data/ratis/f852f04b-af94-40ce-b046-10f39d2fbafd for RaftStorage:Storage Directory /workdir/hadoop-ozone/integration-test/target/test-dir/MiniOzoneClusterImpl-210d6028-2152-4683-81ff-347b0d29bb13/datanode-5/data/ratis/f852f04b-af94-40ce-b046-10f39d2fbafd
2019-09-19 14:21:17,798 [pool-82-thread-1] INFO  server.RaftServerConfigKeys (ConfUtils.java:logGet(43)) - raft.server.log.queue.byte-limit = 2147483647 (custom)
2019-09-19 14:21:17,798 [pool-82-thread-1] INFO  server.RaftServerConfigKeys (ConfUtils.java:logGet(43)) - raft.server.log.queue.element-limit = 1024 (custom)
2019-09-19 14:21:17,798 [pool-82-thread-1] INFO  server.RaftServerConfigKeys (ConfUtils.java:logGet(43)) - raft.server.log.segment.size.max = 1048576 (custom)
2019-09-19 14:21:17,798 [pool-82-thread-1] INFO  server.RaftServerConfigKeys (ConfUtils.java:logGet(43)) - raft.server.log.preallocated.size = 16384 (custom)
2019-09-19 14:21:17,798 [pool-82-thread-1] INFO  server.RaftServerConfigKeys (ConfUtils.java:logGet(43)) - raft.server.log.write.buffer.size = 33554432 (custom)
2019-09-19 14:21:17,799 [pool-82-thread-1] INFO  server.RaftServerConfigKeys (ConfUtils.java:logGet(43)) - raft.server.log.force.sync.num = 128 (default)
2019-09-19 14:21:17,799 [pool-82-thread-1] INFO  server.RaftServerConfigKeys (ConfUtils.java:logGet(43)) - raft.server.log.statemachine.data.sync = true (default)
2019-09-19 14:21:17,799 [pool-82-thread-1] INFO  server.RaftServerConfigKeys (ConfUtils.java:logGet(43)) - raft.server.log.statemachine.data.sync.timeout = 10s (default)
2019-09-19 14:21:17,799 [pool-82-thread-1] INFO  server.RaftServerConfigKeys (ConfUtils.java:logGet(43)) - raft.server.log.statemachine.data.sync.timeout.retry = -1 (default)
2019-09-19 14:21:17,799 [pool-82-thread-1] INFO  server.RaftServerConfigKeys (ConfUtils.java:logGet(43)) - raft.server.log.statemachine.data.caching.enabled = true (custom)
2019-09-19 14:21:17,799 [pool-82-thread-1] INFO  segmented.SegmentedRaftLogWorker (SegmentedRaftLogWorker.java:lambda$new$0(132)) - 431517c4-8c09-4790-b37b-2e132c8143ad-SegmentedRaftLogWorker:Storage Directory /workdir/hadoop-ozone/integration-test/target/test-dir/MiniOzoneClusterImpl-210d6028-2152-4683-81ff-347b0d29bb13/datanode-5/data/ratis/f852f04b-af94-40ce-b046-10f39d2fbafd: flushIndex: setUnconditionally 0 -> -1
2019-09-19 14:21:17,799 [pool-82-thread-1] INFO  server.RaftServerConfigKeys (ConfUtils.java:logGet(43)) - raft.server.snapshot.auto.trigger.enabled = true (custom)
2019-09-19 14:21:17,799 [pool-82-thread-1] INFO  server.RaftServerConfigKeys (ConfUtils.java:logGet(43)) - raft.server.snapshot.auto.trigger.threshold = 10000 (custom)
2019-09-19 14:21:17,800 [pool-82-thread-1] INFO  server.RaftServerConfigKeys (ConfUtils.java:logGet(43)) - raft.server.retrycache.expirytime = 600000ms (custom)
2019-09-19 14:21:17,800 [pool-82-thread-1] INFO  impl.RaftServerImpl (RaftServerImpl.java:start(180)) - 431517c4-8c09-4790-b37b-2e132c8143ad: start group-10F39D2FBAFD
2019-09-19 14:21:17,800 [pool-82-thread-1] INFO  impl.RaftServerImpl (RaftServerImpl.java:setRole(171)) - 431517c4-8c09-4790-b37b-2e132c8143ad:group-10F39D2FBAFD changes role from null to FOLLOWER at term 0 for startAsFollower
2019-09-19 14:21:17,800 [pool-82-thread-1] INFO  impl.RoleInfo (RoleInfo.java:updateAndGet(143)) - 431517c4-8c09-4790-b37b-2e132c8143ad: start FollowerState
2019-09-19 14:21:17,800 [pool-82-thread-1] INFO  util.JmxRegister (JmxRegister.java:tryRegister(44)) - Successfully registered JMX Bean with object name Ratis:service=RaftServer,group=group-10F39D2FBAFD,id=431517c4-8c09-4790-b37b-2e132c8143ad
2019-09-19 14:21:17,803 [RatisPipelineUtilsThread] INFO  pipeline.PipelineStateManager (PipelineStateManager.java:addPipeline(56)) - Created pipeline Pipeline[ Id: f852f04b-af94-40ce-b046-10f39d2fbafd, Nodes: 431517c4-8c09-4790-b37b-2e132c8143ad{ip: 192.168.157.226, host: pr-hdds-1569-swxfz-3172132826, networkLocation: /default-rack, certSerialId: null}, Type:RATIS, Factor:ONE, State:OPEN]
2019-09-19 14:21:17,807 [grpc-default-executor-1] INFO  impl.RaftServerProxy (RaftServerProxy.java:addNew(89)) - 1190b9a7-12b1-4c15-b33e-f7d0a0cd436c: addNew group-D7F665CA7964:[1190b9a7-12b1-4c15-b33e-f7d0a0cd436c:192.168.157.226:34463] returns group-D7F665CA7964:java.util.concurrent.CompletableFuture@6c691841[Not completed]
2019-09-19 14:21:17,808 [pool-71-thread-1] INFO  impl.RaftServerImpl (RaftServerImpl.java:<init>(93)) - 1190b9a7-12b1-4c15-b33e-f7d0a0cd436c: new RaftServerImpl for group-D7F665CA7964:[1190b9a7-12b1-4c15-b33e-f7d0a0cd436c:192.168.157.226:34463] with ContainerStateMachine:uninitialized
2019-09-19 14:21:17,808 [pool-71-thread-1] INFO  server.RaftServerConfigKeys (ConfUtils.java:logGet(43)) - raft.server.rpc.timeout.min = 5s (custom)
2019-09-19 14:21:17,808 [pool-71-thread-1] INFO  server.RaftServerConfigKeys (ConfUtils.java:logGet(43)) - raft.server.rpc.timeout.max = 5200ms (custom)
2019-09-19 14:21:17,808 [pool-71-thread-1] INFO  server.RaftServerConfigKeys (ConfUtils.java:logGet(43)) - raft.server.rpcslowness.timeout = 120s (custom)
2019-09-19 14:21:17,808 [pool-71-thread-1] INFO  server.RaftServerConfigKeys (ConfUtils.java:logGet(43)) - raft.server.sleep.deviation.threshold = 300 (default)
2019-09-19 14:21:17,809 [pool-71-thread-1] INFO  server.RaftServerConfigKeys (ConfUtils.java:logGet(43)) - raft.server.log.appender.install.snapshot.enabled = false (custom)
2019-09-19 14:21:17,809 [pool-71-thread-1] INFO  impl.RaftServerImpl (ServerState.java:<init>(105)) - 1190b9a7-12b1-4c15-b33e-f7d0a0cd436c:group-D7F665CA7964 ConfigurationManager, init=-1: [1190b9a7-12b1-4c15-b33e-f7d0a0cd436c:192.168.157.226:34463], old=null, confs=<EMPTY_MAP>
2019-09-19 14:21:17,809 [pool-71-thread-1] INFO  server.RaftServerConfigKeys (ConfUtils.java:logGet(43)) - raft.server.storage.dir = [/workdir/hadoop-ozone/integration-test/target/test-dir/MiniOzoneClusterImpl-210d6028-2152-4683-81ff-347b0d29bb13/datanode-4/data/ratis] (custom)
2019-09-19 14:21:17,809 [pool-71-thread-1] INFO  storage.RaftStorageDirectory (RaftStorageDirectory.java:analyzeStorage(246)) - The storage directory /workdir/hadoop-ozone/integration-test/target/test-dir/MiniOzoneClusterImpl-210d6028-2152-4683-81ff-347b0d29bb13/datanode-4/data/ratis/15f44522-d68b-4cea-8b64-d7f665ca7964 does not exist. Creating ...
2019-09-19 14:21:17,821 [pool-71-thread-1] INFO  storage.RaftStorageDirectory (RaftStorageDirectory.java:tryLock(328)) - Lock on /workdir/hadoop-ozone/integration-test/target/test-dir/MiniOzoneClusterImpl-210d6028-2152-4683-81ff-347b0d29bb13/datanode-4/data/ratis/15f44522-d68b-4cea-8b64-d7f665ca7964/in_use.lock acquired by nodename 16198@pr-hdds-1569-swxfz-3172132826
2019-09-19 14:21:17,835 [pool-71-thread-1] INFO  storage.RaftStorage (RaftStorage.java:format(72)) - Storage directory /workdir/hadoop-ozone/integration-test/target/test-dir/MiniOzoneClusterImpl-210d6028-2152-4683-81ff-347b0d29bb13/datanode-4/data/ratis/15f44522-d68b-4cea-8b64-d7f665ca7964 has been successfully formatted.
2019-09-19 14:21:17,835 [pool-71-thread-1] INFO  ratis.ContainerStateMachine (ContainerStateMachine.java:loadSnapshot(226)) - group-D7F665CA7964: The snapshot info is null. Setting the last applied indexto:(t:0, i:~)
2019-09-19 14:21:17,835 [pool-71-thread-1] INFO  server.RaftServerConfigKeys (ConfUtils.java:logGet(43)) - raft.server.leader.election.timeout = 120s (custom)
2019-09-19 14:21:17,835 [pool-71-thread-1] INFO  server.RaftServerConfigKeys (ConfUtils.java:logGet(43)) - raft.server.log.use.memory = false (default)
2019-09-19 14:21:17,835 [pool-71-thread-1] INFO  server.RaftServerConfigKeys (ConfUtils.java:logGet(43)) - raft.server.log.purge.gap = 1000000 (custom)
2019-09-19 14:21:17,835 [pool-71-thread-1] INFO  server.RaftServerConfigKeys (ConfUtils.java:logGet(43)) - raft.server.log.appender.buffer.byte-limit = 33554432 (custom)
2019-09-19 14:21:17,836 [pool-71-thread-1] INFO  server.RaftServerConfigKeys (ConfUtils.java:logGet(43)) - raft.server.log.segment.size.max = 1048576 (custom)
2019-09-19 14:21:17,836 [pool-71-thread-1] INFO  server.RaftServerConfigKeys (ConfUtils.java:logGet(43)) - raft.server.log.segment.cache.num.max = 2 (custom)
2019-09-19 14:21:17,836 [pool-71-thread-1] INFO  segmented.SegmentedRaftLogWorker (SegmentedRaftLogWorker.java:<init>(172)) - new 1190b9a7-12b1-4c15-b33e-f7d0a0cd436c-SegmentedRaftLogWorker:Storage Directory /workdir/hadoop-ozone/integration-test/target/test-dir/MiniOzoneClusterImpl-210d6028-2152-4683-81ff-347b0d29bb13/datanode-4/data/ratis/15f44522-d68b-4cea-8b64-d7f665ca7964 for RaftStorage:Storage Directory /workdir/hadoop-ozone/integration-test/target/test-dir/MiniOzoneClusterImpl-210d6028-2152-4683-81ff-347b0d29bb13/datanode-4/data/ratis/15f44522-d68b-4cea-8b64-d7f665ca7964
2019-09-19 14:21:17,836 [pool-71-thread-1] INFO  server.RaftServerConfigKeys (ConfUtils.java:logGet(43)) - raft.server.log.queue.byte-limit = 2147483647 (custom)
2019-09-19 14:21:17,836 [pool-71-thread-1] INFO  server.RaftServerConfigKeys (ConfUtils.java:logGet(43)) - raft.server.log.queue.element-limit = 1024 (custom)
2019-09-19 14:21:17,836 [pool-71-thread-1] INFO  server.RaftServerConfigKeys (ConfUtils.java:logGet(43)) - raft.server.log.segment.size.max = 1048576 (custom)
2019-09-19 14:21:17,836 [pool-71-thread-1] INFO  server.RaftServerConfigKeys (ConfUtils.java:logGet(43)) - raft.server.log.preallocated.size = 16384 (custom)
2019-09-19 14:21:17,836 [pool-71-thread-1] INFO  server.RaftServerConfigKeys (ConfUtils.java:logGet(43)) - raft.server.log.write.buffer.size = 33554432 (custom)
2019-09-19 14:21:17,836 [pool-71-thread-1] INFO  server.RaftServerConfigKeys (ConfUtils.java:logGet(43)) - raft.server.log.force.sync.num = 128 (default)
2019-09-19 14:21:17,836 [pool-71-thread-1] INFO  server.RaftServerConfigKeys (ConfUtils.java:logGet(43)) - raft.server.log.statemachine.data.sync = true (default)
2019-09-19 14:21:17,836 [pool-71-thread-1] INFO  server.RaftServerConfigKeys (ConfUtils.java:logGet(43)) - raft.server.log.statemachine.data.sync.timeout = 10s (default)
2019-09-19 14:21:17,837 [pool-71-thread-1] INFO  server.RaftServerConfigKeys (ConfUtils.java:logGet(43)) - raft.server.log.statemachine.data.sync.timeout.retry = -1 (default)
2019-09-19 14:21:17,837 [pool-71-thread-1] INFO  server.RaftServerConfigKeys (ConfUtils.java:logGet(43)) - raft.server.log.statemachine.data.caching.enabled = true (custom)
2019-09-19 14:21:17,837 [pool-71-thread-1] INFO  segmented.SegmentedRaftLogWorker (SegmentedRaftLogWorker.java:lambda$new$0(132)) - 1190b9a7-12b1-4c15-b33e-f7d0a0cd436c-SegmentedRaftLogWorker:Storage Directory /workdir/hadoop-ozone/integration-test/target/test-dir/MiniOzoneClusterImpl-210d6028-2152-4683-81ff-347b0d29bb13/datanode-4/data/ratis/15f44522-d68b-4cea-8b64-d7f665ca7964: flushIndex: setUnconditionally 0 -> -1
2019-09-19 14:21:17,837 [pool-71-thread-1] INFO  server.RaftServerConfigKeys (ConfUtils.java:logGet(43)) - raft.server.snapshot.auto.trigger.enabled = true (custom)
2019-09-19 14:21:17,837 [pool-71-thread-1] INFO  server.RaftServerConfigKeys (ConfUtils.java:logGet(43)) - raft.server.snapshot.auto.trigger.threshold = 10000 (custom)
2019-09-19 14:21:17,837 [pool-71-thread-1] INFO  server.RaftServerConfigKeys (ConfUtils.java:logGet(43)) - raft.server.retrycache.expirytime = 600000ms (custom)
2019-09-19 14:21:17,837 [pool-71-thread-1] INFO  impl.RaftServerImpl (RaftServerImpl.java:start(180)) - 1190b9a7-12b1-4c15-b33e-f7d0a0cd436c: start group-D7F665CA7964
2019-09-19 14:21:17,838 [pool-71-thread-1] INFO  impl.RaftServerImpl (RaftServerImpl.java:setRole(171)) - 1190b9a7-12b1-4c15-b33e-f7d0a0cd436c:group-D7F665CA7964 changes role from null to FOLLOWER at term 0 for startAsFollower
2019-09-19 14:21:17,838 [pool-71-thread-1] INFO  impl.RoleInfo (RoleInfo.java:updateAndGet(143)) - 1190b9a7-12b1-4c15-b33e-f7d0a0cd436c: start FollowerState
2019-09-19 14:21:17,838 [pool-71-thread-1] INFO  util.JmxRegister (JmxRegister.java:tryRegister(44)) - Successfully registered JMX Bean with object name Ratis:service=RaftServer,group=group-D7F665CA7964,id=1190b9a7-12b1-4c15-b33e-f7d0a0cd436c
2019-09-19 14:21:17,840 [RatisPipelineUtilsThread] INFO  pipeline.PipelineStateManager (PipelineStateManager.java:addPipeline(56)) - Created pipeline Pipeline[ Id: 15f44522-d68b-4cea-8b64-d7f665ca7964, Nodes: 1190b9a7-12b1-4c15-b33e-f7d0a0cd436c{ip: 192.168.157.226, host: pr-hdds-1569-swxfz-3172132826, networkLocation: /default-rack, certSerialId: null}, Type:RATIS, Factor:ONE, State:OPEN]
2019-09-19 14:21:17,845 [grpc-default-executor-1] INFO  impl.RaftServerProxy (RaftServerProxy.java:addNew(89)) - 85c6a9f3-b9a5-43a5-ac4f-9aa7bd5f2263: addNew group-9A5D07E5F194:[85c6a9f3-b9a5-43a5-ac4f-9aa7bd5f2263:192.168.157.226:45170] returns group-9A5D07E5F194:java.util.concurrent.CompletableFuture@6686c90e[Not completed]
2019-09-19 14:21:17,846 [pool-27-thread-1] INFO  impl.RaftServerImpl (RaftServerImpl.java:<init>(93)) - 85c6a9f3-b9a5-43a5-ac4f-9aa7bd5f2263: new RaftServerImpl for group-9A5D07E5F194:[85c6a9f3-b9a5-43a5-ac4f-9aa7bd5f2263:192.168.157.226:45170] with ContainerStateMachine:uninitialized
2019-09-19 14:21:17,846 [pool-27-thread-1] INFO  server.RaftServerConfigKeys (ConfUtils.java:logGet(43)) - raft.server.rpc.timeout.min = 5s (custom)
2019-09-19 14:21:17,846 [pool-27-thread-1] INFO  server.RaftServerConfigKeys (ConfUtils.java:logGet(43)) - raft.server.rpc.timeout.max = 5200ms (custom)
2019-09-19 14:21:17,847 [pool-27-thread-1] INFO  server.RaftServerConfigKeys (ConfUtils.java:logGet(43)) - raft.server.rpcslowness.timeout = 120s (custom)
2019-09-19 14:21:17,847 [pool-27-thread-1] INFO  server.RaftServerConfigKeys (ConfUtils.java:logGet(43)) - raft.server.sleep.deviation.threshold = 300 (default)
2019-09-19 14:21:17,847 [pool-27-thread-1] INFO  server.RaftServerConfigKeys (ConfUtils.java:logGet(43)) - raft.server.log.appender.install.snapshot.enabled = false (custom)
2019-09-19 14:21:17,847 [pool-27-thread-1] INFO  impl.RaftServerImpl (ServerState.java:<init>(105)) - 85c6a9f3-b9a5-43a5-ac4f-9aa7bd5f2263:group-9A5D07E5F194 ConfigurationManager, init=-1: [85c6a9f3-b9a5-43a5-ac4f-9aa7bd5f2263:192.168.157.226:45170], old=null, confs=<EMPTY_MAP>
2019-09-19 14:21:17,847 [pool-27-thread-1] INFO  server.RaftServerConfigKeys (ConfUtils.java:logGet(43)) - raft.server.storage.dir = [/workdir/hadoop-ozone/integration-test/target/test-dir/MiniOzoneClusterImpl-210d6028-2152-4683-81ff-347b0d29bb13/datanode-0/data/ratis] (custom)
2019-09-19 14:21:17,848 [pool-27-thread-1] INFO  storage.RaftStorageDirectory (RaftStorageDirectory.java:analyzeStorage(246)) - The storage directory /workdir/hadoop-ozone/integration-test/target/test-dir/MiniOzoneClusterImpl-210d6028-2152-4683-81ff-347b0d29bb13/datanode-0/data/ratis/7060508a-122e-4d10-ac3f-9a5d07e5f194 does not exist. Creating ...
2019-09-19 14:21:17,861 [pool-27-thread-1] INFO  storage.RaftStorageDirectory (RaftStorageDirectory.java:tryLock(328)) - Lock on /workdir/hadoop-ozone/integration-test/target/test-dir/MiniOzoneClusterImpl-210d6028-2152-4683-81ff-347b0d29bb13/datanode-0/data/ratis/7060508a-122e-4d10-ac3f-9a5d07e5f194/in_use.lock acquired by nodename 16198@pr-hdds-1569-swxfz-3172132826
2019-09-19 14:21:17,873 [pool-27-thread-1] INFO  storage.RaftStorage (RaftStorage.java:format(72)) - Storage directory /workdir/hadoop-ozone/integration-test/target/test-dir/MiniOzoneClusterImpl-210d6028-2152-4683-81ff-347b0d29bb13/datanode-0/data/ratis/7060508a-122e-4d10-ac3f-9a5d07e5f194 has been successfully formatted.
2019-09-19 14:21:17,874 [pool-27-thread-1] INFO  ratis.ContainerStateMachine (ContainerStateMachine.java:loadSnapshot(226)) - group-9A5D07E5F194: The snapshot info is null. Setting the last applied indexto:(t:0, i:~)
2019-09-19 14:21:17,874 [pool-27-thread-1] INFO  server.RaftServerConfigKeys (ConfUtils.java:logGet(43)) - raft.server.leader.election.timeout = 120s (custom)
2019-09-19 14:21:17,874 [pool-27-thread-1] INFO  server.RaftServerConfigKeys (ConfUtils.java:logGet(43)) - raft.server.log.use.memory = false (default)
2019-09-19 14:21:17,874 [pool-27-thread-1] INFO  server.RaftServerConfigKeys (ConfUtils.java:logGet(43)) - raft.server.log.purge.gap = 1000000 (custom)
2019-09-19 14:21:17,874 [pool-27-thread-1] INFO  server.RaftServerConfigKeys (ConfUtils.java:logGet(43)) - raft.server.log.appender.buffer.byte-limit = 33554432 (custom)
2019-09-19 14:21:17,874 [pool-27-thread-1] INFO  server.RaftServerConfigKeys (ConfUtils.java:logGet(43)) - raft.server.log.segment.size.max = 1048576 (custom)
2019-09-19 14:21:17,874 [pool-27-thread-1] INFO  server.RaftServerConfigKeys (ConfUtils.java:logGet(43)) - raft.server.log.segment.cache.num.max = 2 (custom)
2019-09-19 14:21:17,875 [pool-27-thread-1] INFO  segmented.SegmentedRaftLogWorker (SegmentedRaftLogWorker.java:<init>(172)) - new 85c6a9f3-b9a5-43a5-ac4f-9aa7bd5f2263-SegmentedRaftLogWorker:Storage Directory /workdir/hadoop-ozone/integration-test/target/test-dir/MiniOzoneClusterImpl-210d6028-2152-4683-81ff-347b0d29bb13/datanode-0/data/ratis/7060508a-122e-4d10-ac3f-9a5d07e5f194 for RaftStorage:Storage Directory /workdir/hadoop-ozone/integration-test/target/test-dir/MiniOzoneClusterImpl-210d6028-2152-4683-81ff-347b0d29bb13/datanode-0/data/ratis/7060508a-122e-4d10-ac3f-9a5d07e5f194
2019-09-19 14:21:17,875 [pool-27-thread-1] INFO  server.RaftServerConfigKeys (ConfUtils.java:logGet(43)) - raft.server.log.queue.byte-limit = 2147483647 (custom)
2019-09-19 14:21:17,875 [pool-27-thread-1] INFO  server.RaftServerConfigKeys (ConfUtils.java:logGet(43)) - raft.server.log.queue.element-limit = 1024 (custom)
2019-09-19 14:21:17,875 [pool-27-thread-1] INFO  server.RaftServerConfigKeys (ConfUtils.java:logGet(43)) - raft.server.log.segment.size.max = 1048576 (custom)
2019-09-19 14:21:17,875 [pool-27-thread-1] INFO  server.RaftServerConfigKeys (ConfUtils.java:logGet(43)) - raft.server.log.preallocated.size = 16384 (custom)
2019-09-19 14:21:17,875 [pool-27-thread-1] INFO  server.RaftServerConfigKeys (ConfUtils.java:logGet(43)) - raft.server.log.write.buffer.size = 33554432 (custom)
2019-09-19 14:21:17,875 [pool-27-thread-1] INFO  server.RaftServerConfigKeys (ConfUtils.java:logGet(43)) - raft.server.log.force.sync.num = 128 (default)
2019-09-19 14:21:17,876 [pool-27-thread-1] INFO  server.RaftServerConfigKeys (ConfUtils.java:logGet(43)) - raft.server.log.statemachine.data.sync = true (default)
2019-09-19 14:21:17,876 [pool-27-thread-1] INFO  server.RaftServerConfigKeys (ConfUtils.java:logGet(43)) - raft.server.log.statemachine.data.sync.timeout = 10s (default)
2019-09-19 14:21:17,876 [pool-27-thread-1] INFO  server.RaftServerConfigKeys (ConfUtils.java:logGet(43)) - raft.server.log.statemachine.data.sync.timeout.retry = -1 (default)
2019-09-19 14:21:17,876 [pool-27-thread-1] INFO  server.RaftServerConfigKeys (ConfUtils.java:logGet(43)) - raft.server.log.statemachine.data.caching.enabled = true (custom)
2019-09-19 14:21:17,876 [pool-27-thread-1] INFO  segmented.SegmentedRaftLogWorker (SegmentedRaftLogWorker.java:lambda$new$0(132)) - 85c6a9f3-b9a5-43a5-ac4f-9aa7bd5f2263-SegmentedRaftLogWorker:Storage Directory /workdir/hadoop-ozone/integration-test/target/test-dir/MiniOzoneClusterImpl-210d6028-2152-4683-81ff-347b0d29bb13/datanode-0/data/ratis/7060508a-122e-4d10-ac3f-9a5d07e5f194: flushIndex: setUnconditionally 0 -> -1
2019-09-19 14:21:17,877 [pool-27-thread-1] INFO  server.RaftServerConfigKeys (ConfUtils.java:logGet(43)) - raft.server.snapshot.auto.trigger.enabled = true (custom)
2019-09-19 14:21:17,877 [pool-27-thread-1] INFO  server.RaftServerConfigKeys (ConfUtils.java:logGet(43)) - raft.server.snapshot.auto.trigger.threshold = 10000 (custom)
2019-09-19 14:21:17,877 [pool-27-thread-1] INFO  server.RaftServerConfigKeys (ConfUtils.java:logGet(43)) - raft.server.retrycache.expirytime = 600000ms (custom)
2019-09-19 14:21:17,877 [pool-27-thread-1] INFO  impl.RaftServerImpl (RaftServerImpl.java:start(180)) - 85c6a9f3-b9a5-43a5-ac4f-9aa7bd5f2263: start group-9A5D07E5F194
2019-09-19 14:21:17,877 [pool-27-thread-1] INFO  impl.RaftServerImpl (RaftServerImpl.java:setRole(171)) - 85c6a9f3-b9a5-43a5-ac4f-9aa7bd5f2263:group-9A5D07E5F194 changes role from null to FOLLOWER at term 0 for startAsFollower
2019-09-19 14:21:17,877 [pool-27-thread-1] INFO  impl.RoleInfo (RoleInfo.java:updateAndGet(143)) - 85c6a9f3-b9a5-43a5-ac4f-9aa7bd5f2263: start FollowerState
2019-09-19 14:21:17,878 [pool-27-thread-1] INFO  util.JmxRegister (JmxRegister.java:tryRegister(44)) - Successfully registered JMX Bean with object name Ratis:service=RaftServer,group=group-9A5D07E5F194,id=85c6a9f3-b9a5-43a5-ac4f-9aa7bd5f2263
2019-09-19 14:21:17,880 [RatisPipelineUtilsThread] INFO  pipeline.PipelineStateManager (PipelineStateManager.java:addPipeline(56)) - Created pipeline Pipeline[ Id: 7060508a-122e-4d10-ac3f-9a5d07e5f194, Nodes: 85c6a9f3-b9a5-43a5-ac4f-9aa7bd5f2263{ip: 192.168.157.226, host: pr-hdds-1569-swxfz-3172132826, networkLocation: /default-rack, certSerialId: null}, Type:RATIS, Factor:ONE, State:OPEN]
2019-09-19 14:21:17,885 [grpc-default-executor-1] INFO  impl.RaftServerProxy (RaftServerProxy.java:addNew(89)) - 85c6a9f3-b9a5-43a5-ac4f-9aa7bd5f2263: addNew group-CECFC47F3681:[85c6a9f3-b9a5-43a5-ac4f-9aa7bd5f2263:192.168.157.226:45170] returns group-CECFC47F3681:java.util.concurrent.CompletableFuture@9a8a108[Not completed]
2019-09-19 14:21:17,887 [pool-27-thread-1] INFO  impl.RaftServerImpl (RaftServerImpl.java:<init>(93)) - 85c6a9f3-b9a5-43a5-ac4f-9aa7bd5f2263: new RaftServerImpl for group-CECFC47F3681:[85c6a9f3-b9a5-43a5-ac4f-9aa7bd5f2263:192.168.157.226:45170] with ContainerStateMachine:uninitialized
2019-09-19 14:21:17,887 [pool-27-thread-1] INFO  server.RaftServerConfigKeys (ConfUtils.java:logGet(43)) - raft.server.rpc.timeout.min = 5s (custom)
2019-09-19 14:21:17,887 [pool-27-thread-1] INFO  server.RaftServerConfigKeys (ConfUtils.java:logGet(43)) - raft.server.rpc.timeout.max = 5200ms (custom)
2019-09-19 14:21:17,887 [pool-27-thread-1] INFO  server.RaftServerConfigKeys (ConfUtils.java:logGet(43)) - raft.server.rpcslowness.timeout = 120s (custom)
2019-09-19 14:21:17,888 [pool-27-thread-1] INFO  server.RaftServerConfigKeys (ConfUtils.java:logGet(43)) - raft.server.sleep.deviation.threshold = 300 (default)
2019-09-19 14:21:17,888 [pool-27-thread-1] INFO  server.RaftServerConfigKeys (ConfUtils.java:logGet(43)) - raft.server.log.appender.install.snapshot.enabled = false (custom)
2019-09-19 14:21:17,888 [pool-27-thread-1] INFO  impl.RaftServerImpl (ServerState.java:<init>(105)) - 85c6a9f3-b9a5-43a5-ac4f-9aa7bd5f2263:group-CECFC47F3681 ConfigurationManager, init=-1: [85c6a9f3-b9a5-43a5-ac4f-9aa7bd5f2263:192.168.157.226:45170], old=null, confs=<EMPTY_MAP>
2019-09-19 14:21:17,888 [pool-27-thread-1] INFO  server.RaftServerConfigKeys (ConfUtils.java:logGet(43)) - raft.server.storage.dir = [/workdir/hadoop-ozone/integration-test/target/test-dir/MiniOzoneClusterImpl-210d6028-2152-4683-81ff-347b0d29bb13/datanode-0/data/ratis] (custom)
2019-09-19 14:21:17,889 [pool-27-thread-1] INFO  storage.RaftStorageDirectory (RaftStorageDirectory.java:analyzeStorage(246)) - The storage directory /workdir/hadoop-ozone/integration-test/target/test-dir/MiniOzoneClusterImpl-210d6028-2152-4683-81ff-347b0d29bb13/datanode-0/data/ratis/3efddad6-25e9-4359-85ae-cecfc47f3681 does not exist. Creating ...
2019-09-19 14:21:17,898 | INFO  | SCMAudit | user=jenkins1000 | ip=192.168.157.226 | op=SEND_HEARTBEAT {datanodeUUID=56d21ab3-8f6d-44ea-b961-c721a1c09246, command=[]} | ret=SUCCESS |  
2019-09-19 14:21:17,901 [pool-27-thread-1] INFO  storage.RaftStorageDirectory (RaftStorageDirectory.java:tryLock(328)) - Lock on /workdir/hadoop-ozone/integration-test/target/test-dir/MiniOzoneClusterImpl-210d6028-2152-4683-81ff-347b0d29bb13/datanode-0/data/ratis/3efddad6-25e9-4359-85ae-cecfc47f3681/in_use.lock acquired by nodename 16198@pr-hdds-1569-swxfz-3172132826
2019-09-19 14:21:17,915 [pool-27-thread-1] INFO  storage.RaftStorage (RaftStorage.java:format(72)) - Storage directory /workdir/hadoop-ozone/integration-test/target/test-dir/MiniOzoneClusterImpl-210d6028-2152-4683-81ff-347b0d29bb13/datanode-0/data/ratis/3efddad6-25e9-4359-85ae-cecfc47f3681 has been successfully formatted.
2019-09-19 14:21:17,915 [pool-27-thread-1] INFO  ratis.ContainerStateMachine (ContainerStateMachine.java:loadSnapshot(226)) - group-CECFC47F3681: The snapshot info is null. Setting the last applied indexto:(t:0, i:~)
2019-09-19 14:21:17,915 [pool-27-thread-1] INFO  server.RaftServerConfigKeys (ConfUtils.java:logGet(43)) - raft.server.leader.election.timeout = 120s (custom)
2019-09-19 14:21:17,915 [pool-27-thread-1] INFO  server.RaftServerConfigKeys (ConfUtils.java:logGet(43)) - raft.server.log.use.memory = false (default)
2019-09-19 14:21:17,915 [pool-27-thread-1] INFO  server.RaftServerConfigKeys (ConfUtils.java:logGet(43)) - raft.server.log.purge.gap = 1000000 (custom)
2019-09-19 14:21:17,915 [pool-27-thread-1] INFO  server.RaftServerConfigKeys (ConfUtils.java:logGet(43)) - raft.server.log.appender.buffer.byte-limit = 33554432 (custom)
2019-09-19 14:21:17,915 [pool-27-thread-1] INFO  server.RaftServerConfigKeys (ConfUtils.java:logGet(43)) - raft.server.log.segment.size.max = 1048576 (custom)
2019-09-19 14:21:17,916 [pool-27-thread-1] INFO  server.RaftServerConfigKeys (ConfUtils.java:logGet(43)) - raft.server.log.segment.cache.num.max = 2 (custom)
2019-09-19 14:21:17,916 [pool-27-thread-1] INFO  segmented.SegmentedRaftLogWorker (SegmentedRaftLogWorker.java:<init>(172)) - new 85c6a9f3-b9a5-43a5-ac4f-9aa7bd5f2263-SegmentedRaftLogWorker:Storage Directory /workdir/hadoop-ozone/integration-test/target/test-dir/MiniOzoneClusterImpl-210d6028-2152-4683-81ff-347b0d29bb13/datanode-0/data/ratis/3efddad6-25e9-4359-85ae-cecfc47f3681 for RaftStorage:Storage Directory /workdir/hadoop-ozone/integration-test/target/test-dir/MiniOzoneClusterImpl-210d6028-2152-4683-81ff-347b0d29bb13/datanode-0/data/ratis/3efddad6-25e9-4359-85ae-cecfc47f3681
2019-09-19 14:21:17,916 [pool-27-thread-1] INFO  server.RaftServerConfigKeys (ConfUtils.java:logGet(43)) - raft.server.log.queue.byte-limit = 2147483647 (custom)
2019-09-19 14:21:17,916 [pool-27-thread-1] INFO  server.RaftServerConfigKeys (ConfUtils.java:logGet(43)) - raft.server.log.queue.element-limit = 1024 (custom)
2019-09-19 14:21:17,916 [pool-27-thread-1] INFO  server.RaftServerConfigKeys (ConfUtils.java:logGet(43)) - raft.server.log.segment.size.max = 1048576 (custom)
2019-09-19 14:21:17,916 [pool-27-thread-1] INFO  server.RaftServerConfigKeys (ConfUtils.java:logGet(43)) - raft.server.log.preallocated.size = 16384 (custom)
2019-09-19 14:21:17,916 [pool-27-thread-1] INFO  server.RaftServerConfigKeys (ConfUtils.java:logGet(43)) - raft.server.log.write.buffer.size = 33554432 (custom)
2019-09-19 14:21:17,917 [pool-27-thread-1] INFO  server.RaftServerConfigKeys (ConfUtils.java:logGet(43)) - raft.server.log.force.sync.num = 128 (default)
2019-09-19 14:21:17,917 [pool-27-thread-1] INFO  server.RaftServerConfigKeys (ConfUtils.java:logGet(43)) - raft.server.log.statemachine.data.sync = true (default)
2019-09-19 14:21:17,917 [pool-27-thread-1] INFO  server.RaftServerConfigKeys (ConfUtils.java:logGet(43)) - raft.server.log.statemachine.data.sync.timeout = 10s (default)
2019-09-19 14:21:17,917 [pool-27-thread-1] INFO  server.RaftServerConfigKeys (ConfUtils.java:logGet(43)) - raft.server.log.statemachine.data.sync.timeout.retry = -1 (default)
2019-09-19 14:21:17,917 [pool-27-thread-1] INFO  server.RaftServerConfigKeys (ConfUtils.java:logGet(43)) - raft.server.log.statemachine.data.caching.enabled = true (custom)
2019-09-19 14:21:17,917 [pool-27-thread-1] INFO  segmented.SegmentedRaftLogWorker (SegmentedRaftLogWorker.java:lambda$new$0(132)) - 85c6a9f3-b9a5-43a5-ac4f-9aa7bd5f2263-SegmentedRaftLogWorker:Storage Directory /workdir/hadoop-ozone/integration-test/target/test-dir/MiniOzoneClusterImpl-210d6028-2152-4683-81ff-347b0d29bb13/datanode-0/data/ratis/3efddad6-25e9-4359-85ae-cecfc47f3681: flushIndex: setUnconditionally 0 -> -1
2019-09-19 14:21:17,918 [pool-27-thread-1] INFO  server.RaftServerConfigKeys (ConfUtils.java:logGet(43)) - raft.server.snapshot.auto.trigger.enabled = true (custom)
2019-09-19 14:21:17,918 [pool-27-thread-1] INFO  server.RaftServerConfigKeys (ConfUtils.java:logGet(43)) - raft.server.snapshot.auto.trigger.threshold = 10000 (custom)
2019-09-19 14:21:17,918 [pool-27-thread-1] INFO  server.RaftServerConfigKeys (ConfUtils.java:logGet(43)) - raft.server.retrycache.expirytime = 600000ms (custom)
2019-09-19 14:21:17,918 [pool-27-thread-1] INFO  impl.RaftServerImpl (RaftServerImpl.java:start(180)) - 85c6a9f3-b9a5-43a5-ac4f-9aa7bd5f2263: start group-CECFC47F3681
2019-09-19 14:21:17,918 [pool-27-thread-1] INFO  impl.RaftServerImpl (RaftServerImpl.java:setRole(171)) - 85c6a9f3-b9a5-43a5-ac4f-9aa7bd5f2263:group-CECFC47F3681 changes role from null to FOLLOWER at term 0 for startAsFollower
2019-09-19 14:21:17,918 [pool-27-thread-1] INFO  impl.RoleInfo (RoleInfo.java:updateAndGet(143)) - 85c6a9f3-b9a5-43a5-ac4f-9aa7bd5f2263: start FollowerState
2019-09-19 14:21:17,919 [pool-27-thread-1] INFO  util.JmxRegister (JmxRegister.java:tryRegister(44)) - Successfully registered JMX Bean with object name Ratis:service=RaftServer,group=group-CECFC47F3681,id=85c6a9f3-b9a5-43a5-ac4f-9aa7bd5f2263
2019-09-19 14:21:17,921 [RatisPipelineUtilsThread] INFO  pipeline.PipelineStateManager (PipelineStateManager.java:addPipeline(56)) - Created pipeline Pipeline[ Id: 3efddad6-25e9-4359-85ae-cecfc47f3681, Nodes: 85c6a9f3-b9a5-43a5-ac4f-9aa7bd5f2263{ip: 192.168.157.226, host: pr-hdds-1569-swxfz-3172132826, networkLocation: /default-rack, certSerialId: null}, Type:RATIS, Factor:ONE, State:OPEN]
2019-09-19 14:21:17,926 [grpc-default-executor-1] INFO  impl.RaftServerProxy (RaftServerProxy.java:addNew(89)) - 85c6a9f3-b9a5-43a5-ac4f-9aa7bd5f2263: addNew group-BB800D4A9B64:[85c6a9f3-b9a5-43a5-ac4f-9aa7bd5f2263:192.168.157.226:45170] returns group-BB800D4A9B64:java.util.concurrent.CompletableFuture@27131f54[Not completed]
2019-09-19 14:21:17,927 [pool-27-thread-1] INFO  impl.RaftServerImpl (RaftServerImpl.java:<init>(93)) - 85c6a9f3-b9a5-43a5-ac4f-9aa7bd5f2263: new RaftServerImpl for group-BB800D4A9B64:[85c6a9f3-b9a5-43a5-ac4f-9aa7bd5f2263:192.168.157.226:45170] with ContainerStateMachine:uninitialized
2019-09-19 14:21:17,928 [pool-27-thread-1] INFO  server.RaftServerConfigKeys (ConfUtils.java:logGet(43)) - raft.server.rpc.timeout.min = 5s (custom)
2019-09-19 14:21:17,928 [pool-27-thread-1] INFO  server.RaftServerConfigKeys (ConfUtils.java:logGet(43)) - raft.server.rpc.timeout.max = 5200ms (custom)
2019-09-19 14:21:17,928 [pool-27-thread-1] INFO  server.RaftServerConfigKeys (ConfUtils.java:logGet(43)) - raft.server.rpcslowness.timeout = 120s (custom)
2019-09-19 14:21:17,928 [pool-27-thread-1] INFO  server.RaftServerConfigKeys (ConfUtils.java:logGet(43)) - raft.server.sleep.deviation.threshold = 300 (default)
2019-09-19 14:21:17,928 [pool-27-thread-1] INFO  server.RaftServerConfigKeys (ConfUtils.java:logGet(43)) - raft.server.log.appender.install.snapshot.enabled = false (custom)
2019-09-19 14:21:17,929 [pool-27-thread-1] INFO  impl.RaftServerImpl (ServerState.java:<init>(105)) - 85c6a9f3-b9a5-43a5-ac4f-9aa7bd5f2263:group-BB800D4A9B64 ConfigurationManager, init=-1: [85c6a9f3-b9a5-43a5-ac4f-9aa7bd5f2263:192.168.157.226:45170], old=null, confs=<EMPTY_MAP>
2019-09-19 14:21:17,929 [pool-27-thread-1] INFO  server.RaftServerConfigKeys (ConfUtils.java:logGet(43)) - raft.server.storage.dir = [/workdir/hadoop-ozone/integration-test/target/test-dir/MiniOzoneClusterImpl-210d6028-2152-4683-81ff-347b0d29bb13/datanode-0/data/ratis] (custom)
2019-09-19 14:21:17,929 [pool-27-thread-1] INFO  storage.RaftStorageDirectory (RaftStorageDirectory.java:analyzeStorage(246)) - The storage directory /workdir/hadoop-ozone/integration-test/target/test-dir/MiniOzoneClusterImpl-210d6028-2152-4683-81ff-347b0d29bb13/datanode-0/data/ratis/68af074e-f9dc-4124-aa6e-bb800d4a9b64 does not exist. Creating ...
2019-09-19 14:21:17,942 [pool-27-thread-1] INFO  storage.RaftStorageDirectory (RaftStorageDirectory.java:tryLock(328)) - Lock on /workdir/hadoop-ozone/integration-test/target/test-dir/MiniOzoneClusterImpl-210d6028-2152-4683-81ff-347b0d29bb13/datanode-0/data/ratis/68af074e-f9dc-4124-aa6e-bb800d4a9b64/in_use.lock acquired by nodename 16198@pr-hdds-1569-swxfz-3172132826
2019-09-19 14:21:17,971 [pool-27-thread-1] INFO  storage.RaftStorage (RaftStorage.java:format(72)) - Storage directory /workdir/hadoop-ozone/integration-test/target/test-dir/MiniOzoneClusterImpl-210d6028-2152-4683-81ff-347b0d29bb13/datanode-0/data/ratis/68af074e-f9dc-4124-aa6e-bb800d4a9b64 has been successfully formatted.
2019-09-19 14:21:17,972 [pool-27-thread-1] INFO  ratis.ContainerStateMachine (ContainerStateMachine.java:loadSnapshot(226)) - group-BB800D4A9B64: The snapshot info is null. Setting the last applied indexto:(t:0, i:~)
2019-09-19 14:21:17,972 [pool-27-thread-1] INFO  server.RaftServerConfigKeys (ConfUtils.java:logGet(43)) - raft.server.leader.election.timeout = 120s (custom)
2019-09-19 14:21:17,972 [pool-27-thread-1] INFO  server.RaftServerConfigKeys (ConfUtils.java:logGet(43)) - raft.server.log.use.memory = false (default)
2019-09-19 14:21:17,972 [pool-27-thread-1] INFO  server.RaftServerConfigKeys (ConfUtils.java:logGet(43)) - raft.server.log.purge.gap = 1000000 (custom)
2019-09-19 14:21:17,973 [pool-27-thread-1] INFO  server.RaftServerConfigKeys (ConfUtils.java:logGet(43)) - raft.server.log.appender.buffer.byte-limit = 33554432 (custom)
2019-09-19 14:21:17,973 [pool-27-thread-1] INFO  server.RaftServerConfigKeys (ConfUtils.java:logGet(43)) - raft.server.log.segment.size.max = 1048576 (custom)
2019-09-19 14:21:17,973 [pool-27-thread-1] INFO  server.RaftServerConfigKeys (ConfUtils.java:logGet(43)) - raft.server.log.segment.cache.num.max = 2 (custom)
2019-09-19 14:21:17,973 [pool-27-thread-1] INFO  segmented.SegmentedRaftLogWorker (SegmentedRaftLogWorker.java:<init>(172)) - new 85c6a9f3-b9a5-43a5-ac4f-9aa7bd5f2263-SegmentedRaftLogWorker:Storage Directory /workdir/hadoop-ozone/integration-test/target/test-dir/MiniOzoneClusterImpl-210d6028-2152-4683-81ff-347b0d29bb13/datanode-0/data/ratis/68af074e-f9dc-4124-aa6e-bb800d4a9b64 for RaftStorage:Storage Directory /workdir/hadoop-ozone/integration-test/target/test-dir/MiniOzoneClusterImpl-210d6028-2152-4683-81ff-347b0d29bb13/datanode-0/data/ratis/68af074e-f9dc-4124-aa6e-bb800d4a9b64
2019-09-19 14:21:17,973 [pool-27-thread-1] INFO  server.RaftServerConfigKeys (ConfUtils.java:logGet(43)) - raft.server.log.queue.byte-limit = 2147483647 (custom)
2019-09-19 14:21:17,974 [pool-27-thread-1] INFO  server.RaftServerConfigKeys (ConfUtils.java:logGet(43)) - raft.server.log.queue.element-limit = 1024 (custom)
2019-09-19 14:21:17,974 [pool-27-thread-1] INFO  server.RaftServerConfigKeys (ConfUtils.java:logGet(43)) - raft.server.log.segment.size.max = 1048576 (custom)
2019-09-19 14:21:17,974 [pool-27-thread-1] INFO  server.RaftServerConfigKeys (ConfUtils.java:logGet(43)) - raft.server.log.preallocated.size = 16384 (custom)
2019-09-19 14:21:17,974 [pool-27-thread-1] INFO  server.RaftServerConfigKeys (ConfUtils.java:logGet(43)) - raft.server.log.write.buffer.size = 33554432 (custom)
2019-09-19 14:21:17,974 [pool-27-thread-1] INFO  server.RaftServerConfigKeys (ConfUtils.java:logGet(43)) - raft.server.log.force.sync.num = 128 (default)
2019-09-19 14:21:17,974 [pool-27-thread-1] INFO  server.RaftServerConfigKeys (ConfUtils.java:logGet(43)) - raft.server.log.statemachine.data.sync = true (default)
2019-09-19 14:21:17,975 [pool-27-thread-1] INFO  server.RaftServerConfigKeys (ConfUtils.java:logGet(43)) - raft.server.log.statemachine.data.sync.timeout = 10s (default)
2019-09-19 14:21:17,975 [pool-27-thread-1] INFO  server.RaftServerConfigKeys (ConfUtils.java:logGet(43)) - raft.server.log.statemachine.data.sync.timeout.retry = -1 (default)
2019-09-19 14:21:17,975 [pool-27-thread-1] INFO  server.RaftServerConfigKeys (ConfUtils.java:logGet(43)) - raft.server.log.statemachine.data.caching.enabled = true (custom)
2019-09-19 14:21:17,975 [pool-27-thread-1] INFO  segmented.SegmentedRaftLogWorker (SegmentedRaftLogWorker.java:lambda$new$0(132)) - 85c6a9f3-b9a5-43a5-ac4f-9aa7bd5f2263-SegmentedRaftLogWorker:Storage Directory /workdir/hadoop-ozone/integration-test/target/test-dir/MiniOzoneClusterImpl-210d6028-2152-4683-81ff-347b0d29bb13/datanode-0/data/ratis/68af074e-f9dc-4124-aa6e-bb800d4a9b64: flushIndex: setUnconditionally 0 -> -1
2019-09-19 14:21:17,976 [pool-27-thread-1] INFO  server.RaftServerConfigKeys (ConfUtils.java:logGet(43)) - raft.server.snapshot.auto.trigger.enabled = true (custom)
2019-09-19 14:21:17,976 [pool-27-thread-1] INFO  server.RaftServerConfigKeys (ConfUtils.java:logGet(43)) - raft.server.snapshot.auto.trigger.threshold = 10000 (custom)
2019-09-19 14:21:17,976 [pool-27-thread-1] INFO  server.RaftServerConfigKeys (ConfUtils.java:logGet(43)) - raft.server.retrycache.expirytime = 600000ms (custom)
2019-09-19 14:21:17,977 [pool-27-thread-1] INFO  impl.RaftServerImpl (RaftServerImpl.java:start(180)) - 85c6a9f3-b9a5-43a5-ac4f-9aa7bd5f2263: start group-BB800D4A9B64
2019-09-19 14:21:17,977 [pool-27-thread-1] INFO  impl.RaftServerImpl (RaftServerImpl.java:setRole(171)) - 85c6a9f3-b9a5-43a5-ac4f-9aa7bd5f2263:group-BB800D4A9B64 changes role from null to FOLLOWER at term 0 for startAsFollower
2019-09-19 14:21:17,977 [pool-27-thread-1] INFO  impl.RoleInfo (RoleInfo.java:updateAndGet(143)) - 85c6a9f3-b9a5-43a5-ac4f-9aa7bd5f2263: start FollowerState
2019-09-19 14:21:17,977 [pool-27-thread-1] INFO  util.JmxRegister (JmxRegister.java:tryRegister(44)) - Successfully registered JMX Bean with object name Ratis:service=RaftServer,group=group-BB800D4A9B64,id=85c6a9f3-b9a5-43a5-ac4f-9aa7bd5f2263
2019-09-19 14:21:17,980 [RatisPipelineUtilsThread] INFO  pipeline.PipelineStateManager (PipelineStateManager.java:addPipeline(56)) - Created pipeline Pipeline[ Id: 68af074e-f9dc-4124-aa6e-bb800d4a9b64, Nodes: 85c6a9f3-b9a5-43a5-ac4f-9aa7bd5f2263{ip: 192.168.157.226, host: pr-hdds-1569-swxfz-3172132826, networkLocation: /default-rack, certSerialId: null}, Type:RATIS, Factor:ONE, State:OPEN]
2019-09-19 14:21:17,984 [grpc-default-executor-1] INFO  impl.RaftServerProxy (RaftServerProxy.java:addNew(89)) - 85c6a9f3-b9a5-43a5-ac4f-9aa7bd5f2263: addNew group-AB59350278B8:[85c6a9f3-b9a5-43a5-ac4f-9aa7bd5f2263:192.168.157.226:45170] returns group-AB59350278B8:java.util.concurrent.CompletableFuture@7e32730e[Not completed]
2019-09-19 14:21:17,985 [pool-27-thread-1] INFO  impl.RaftServerImpl (RaftServerImpl.java:<init>(93)) - 85c6a9f3-b9a5-43a5-ac4f-9aa7bd5f2263: new RaftServerImpl for group-AB59350278B8:[85c6a9f3-b9a5-43a5-ac4f-9aa7bd5f2263:192.168.157.226:45170] with ContainerStateMachine:uninitialized
2019-09-19 14:21:17,985 [pool-27-thread-1] INFO  server.RaftServerConfigKeys (ConfUtils.java:logGet(43)) - raft.server.rpc.timeout.min = 5s (custom)
2019-09-19 14:21:17,986 [pool-27-thread-1] INFO  server.RaftServerConfigKeys (ConfUtils.java:logGet(43)) - raft.server.rpc.timeout.max = 5200ms (custom)
2019-09-19 14:21:17,986 [pool-27-thread-1] INFO  server.RaftServerConfigKeys (ConfUtils.java:logGet(43)) - raft.server.rpcslowness.timeout = 120s (custom)
2019-09-19 14:21:17,986 [pool-27-thread-1] INFO  server.RaftServerConfigKeys (ConfUtils.java:logGet(43)) - raft.server.sleep.deviation.threshold = 300 (default)
2019-09-19 14:21:17,986 [pool-27-thread-1] INFO  server.RaftServerConfigKeys (ConfUtils.java:logGet(43)) - raft.server.log.appender.install.snapshot.enabled = false (custom)
2019-09-19 14:21:17,986 [pool-27-thread-1] INFO  impl.RaftServerImpl (ServerState.java:<init>(105)) - 85c6a9f3-b9a5-43a5-ac4f-9aa7bd5f2263:group-AB59350278B8 ConfigurationManager, init=-1: [85c6a9f3-b9a5-43a5-ac4f-9aa7bd5f2263:192.168.157.226:45170], old=null, confs=<EMPTY_MAP>
2019-09-19 14:21:17,986 [pool-27-thread-1] INFO  server.RaftServerConfigKeys (ConfUtils.java:logGet(43)) - raft.server.storage.dir = [/workdir/hadoop-ozone/integration-test/target/test-dir/MiniOzoneClusterImpl-210d6028-2152-4683-81ff-347b0d29bb13/datanode-0/data/ratis] (custom)
2019-09-19 14:21:17,987 [pool-27-thread-1] INFO  storage.RaftStorageDirectory (RaftStorageDirectory.java:analyzeStorage(246)) - The storage directory /workdir/hadoop-ozone/integration-test/target/test-dir/MiniOzoneClusterImpl-210d6028-2152-4683-81ff-347b0d29bb13/datanode-0/data/ratis/1920ca39-0fbc-4390-a6b5-ab59350278b8 does not exist. Creating ...
2019-09-19 14:21:18,000 [pool-27-thread-1] INFO  storage.RaftStorageDirectory (RaftStorageDirectory.java:tryLock(328)) - Lock on /workdir/hadoop-ozone/integration-test/target/test-dir/MiniOzoneClusterImpl-210d6028-2152-4683-81ff-347b0d29bb13/datanode-0/data/ratis/1920ca39-0fbc-4390-a6b5-ab59350278b8/in_use.lock acquired by nodename 16198@pr-hdds-1569-swxfz-3172132826
2019-09-19 14:21:18,013 [pool-27-thread-1] INFO  storage.RaftStorage (RaftStorage.java:format(72)) - Storage directory /workdir/hadoop-ozone/integration-test/target/test-dir/MiniOzoneClusterImpl-210d6028-2152-4683-81ff-347b0d29bb13/datanode-0/data/ratis/1920ca39-0fbc-4390-a6b5-ab59350278b8 has been successfully formatted.
2019-09-19 14:21:18,013 [pool-27-thread-1] INFO  ratis.ContainerStateMachine (ContainerStateMachine.java:loadSnapshot(226)) - group-AB59350278B8: The snapshot info is null. Setting the last applied indexto:(t:0, i:~)
2019-09-19 14:21:18,013 [pool-27-thread-1] INFO  server.RaftServerConfigKeys (ConfUtils.java:logGet(43)) - raft.server.leader.election.timeout = 120s (custom)
2019-09-19 14:21:18,013 [pool-27-thread-1] INFO  server.RaftServerConfigKeys (ConfUtils.java:logGet(43)) - raft.server.log.use.memory = false (default)
2019-09-19 14:21:18,014 [pool-27-thread-1] INFO  server.RaftServerConfigKeys (ConfUtils.java:logGet(43)) - raft.server.log.purge.gap = 1000000 (custom)
2019-09-19 14:21:18,014 [pool-27-thread-1] INFO  server.RaftServerConfigKeys (ConfUtils.java:logGet(43)) - raft.server.log.appender.buffer.byte-limit = 33554432 (custom)
2019-09-19 14:21:18,014 [pool-27-thread-1] INFO  server.RaftServerConfigKeys (ConfUtils.java:logGet(43)) - raft.server.log.segment.size.max = 1048576 (custom)
2019-09-19 14:21:18,014 [pool-27-thread-1] INFO  server.RaftServerConfigKeys (ConfUtils.java:logGet(43)) - raft.server.log.segment.cache.num.max = 2 (custom)
2019-09-19 14:21:18,014 [pool-27-thread-1] INFO  segmented.SegmentedRaftLogWorker (SegmentedRaftLogWorker.java:<init>(172)) - new 85c6a9f3-b9a5-43a5-ac4f-9aa7bd5f2263-SegmentedRaftLogWorker:Storage Directory /workdir/hadoop-ozone/integration-test/target/test-dir/MiniOzoneClusterImpl-210d6028-2152-4683-81ff-347b0d29bb13/datanode-0/data/ratis/1920ca39-0fbc-4390-a6b5-ab59350278b8 for RaftStorage:Storage Directory /workdir/hadoop-ozone/integration-test/target/test-dir/MiniOzoneClusterImpl-210d6028-2152-4683-81ff-347b0d29bb13/datanode-0/data/ratis/1920ca39-0fbc-4390-a6b5-ab59350278b8
2019-09-19 14:21:18,014 [pool-27-thread-1] INFO  server.RaftServerConfigKeys (ConfUtils.java:logGet(43)) - raft.server.log.queue.byte-limit = 2147483647 (custom)
2019-09-19 14:21:18,014 [pool-27-thread-1] INFO  server.RaftServerConfigKeys (ConfUtils.java:logGet(43)) - raft.server.log.queue.element-limit = 1024 (custom)
2019-09-19 14:21:18,015 [pool-27-thread-1] INFO  server.RaftServerConfigKeys (ConfUtils.java:logGet(43)) - raft.server.log.segment.size.max = 1048576 (custom)
2019-09-19 14:21:18,015 [pool-27-thread-1] INFO  server.RaftServerConfigKeys (ConfUtils.java:logGet(43)) - raft.server.log.preallocated.size = 16384 (custom)
2019-09-19 14:21:18,015 [pool-27-thread-1] INFO  server.RaftServerConfigKeys (ConfUtils.java:logGet(43)) - raft.server.log.write.buffer.size = 33554432 (custom)
2019-09-19 14:21:18,015 [pool-27-thread-1] INFO  server.RaftServerConfigKeys (ConfUtils.java:logGet(43)) - raft.server.log.force.sync.num = 128 (default)
2019-09-19 14:21:18,015 [pool-27-thread-1] INFO  server.RaftServerConfigKeys (ConfUtils.java:logGet(43)) - raft.server.log.statemachine.data.sync = true (default)
2019-09-19 14:21:18,015 [pool-27-thread-1] INFO  server.RaftServerConfigKeys (ConfUtils.java:logGet(43)) - raft.server.log.statemachine.data.sync.timeout = 10s (default)
2019-09-19 14:21:18,016 [pool-27-thread-1] INFO  server.RaftServerConfigKeys (ConfUtils.java:logGet(43)) - raft.server.log.statemachine.data.sync.timeout.retry = -1 (default)
2019-09-19 14:21:18,016 [pool-27-thread-1] INFO  server.RaftServerConfigKeys (ConfUtils.java:logGet(43)) - raft.server.log.statemachine.data.caching.enabled = true (custom)
2019-09-19 14:21:18,016 [pool-27-thread-1] INFO  segmented.SegmentedRaftLogWorker (SegmentedRaftLogWorker.java:lambda$new$0(132)) - 85c6a9f3-b9a5-43a5-ac4f-9aa7bd5f2263-SegmentedRaftLogWorker:Storage Directory /workdir/hadoop-ozone/integration-test/target/test-dir/MiniOzoneClusterImpl-210d6028-2152-4683-81ff-347b0d29bb13/datanode-0/data/ratis/1920ca39-0fbc-4390-a6b5-ab59350278b8: flushIndex: setUnconditionally 0 -> -1
2019-09-19 14:21:18,016 [pool-27-thread-1] INFO  server.RaftServerConfigKeys (ConfUtils.java:logGet(43)) - raft.server.snapshot.auto.trigger.enabled = true (custom)
2019-09-19 14:21:18,017 [pool-27-thread-1] INFO  server.RaftServerConfigKeys (ConfUtils.java:logGet(43)) - raft.server.snapshot.auto.trigger.threshold = 10000 (custom)
2019-09-19 14:21:18,017 [pool-27-thread-1] INFO  server.RaftServerConfigKeys (ConfUtils.java:logGet(43)) - raft.server.retrycache.expirytime = 600000ms (custom)
2019-09-19 14:21:18,017 [pool-27-thread-1] INFO  impl.RaftServerImpl (RaftServerImpl.java:start(180)) - 85c6a9f3-b9a5-43a5-ac4f-9aa7bd5f2263: start group-AB59350278B8
2019-09-19 14:21:18,017 [pool-27-thread-1] INFO  impl.RaftServerImpl (RaftServerImpl.java:setRole(171)) - 85c6a9f3-b9a5-43a5-ac4f-9aa7bd5f2263:group-AB59350278B8 changes role from null to FOLLOWER at term 0 for startAsFollower
2019-09-19 14:21:18,017 [pool-27-thread-1] INFO  impl.RoleInfo (RoleInfo.java:updateAndGet(143)) - 85c6a9f3-b9a5-43a5-ac4f-9aa7bd5f2263: start FollowerState
2019-09-19 14:21:18,018 [pool-27-thread-1] INFO  util.JmxRegister (JmxRegister.java:tryRegister(44)) - Successfully registered JMX Bean with object name Ratis:service=RaftServer,group=group-AB59350278B8,id=85c6a9f3-b9a5-43a5-ac4f-9aa7bd5f2263
2019-09-19 14:21:18,020 [RatisPipelineUtilsThread] INFO  pipeline.PipelineStateManager (PipelineStateManager.java:addPipeline(56)) - Created pipeline Pipeline[ Id: 1920ca39-0fbc-4390-a6b5-ab59350278b8, Nodes: 85c6a9f3-b9a5-43a5-ac4f-9aa7bd5f2263{ip: 192.168.157.226, host: pr-hdds-1569-swxfz-3172132826, networkLocation: /default-rack, certSerialId: null}, Type:RATIS, Factor:ONE, State:OPEN]
2019-09-19 14:21:18,026 [grpc-default-executor-1] INFO  impl.RaftServerProxy (RaftServerProxy.java:addNew(89)) - 1190b9a7-12b1-4c15-b33e-f7d0a0cd436c: addNew group-2C9E25478EFB:[1190b9a7-12b1-4c15-b33e-f7d0a0cd436c:192.168.157.226:34463] returns group-2C9E25478EFB:java.util.concurrent.CompletableFuture@5dc56d95[Not completed]
2019-09-19 14:21:18,027 [pool-71-thread-1] INFO  impl.RaftServerImpl (RaftServerImpl.java:<init>(93)) - 1190b9a7-12b1-4c15-b33e-f7d0a0cd436c: new RaftServerImpl for group-2C9E25478EFB:[1190b9a7-12b1-4c15-b33e-f7d0a0cd436c:192.168.157.226:34463] with ContainerStateMachine:uninitialized
2019-09-19 14:21:18,027 [pool-71-thread-1] INFO  server.RaftServerConfigKeys (ConfUtils.java:logGet(43)) - raft.server.rpc.timeout.min = 5s (custom)
2019-09-19 14:21:18,027 [pool-71-thread-1] INFO  server.RaftServerConfigKeys (ConfUtils.java:logGet(43)) - raft.server.rpc.timeout.max = 5200ms (custom)
2019-09-19 14:21:18,028 [pool-71-thread-1] INFO  server.RaftServerConfigKeys (ConfUtils.java:logGet(43)) - raft.server.rpcslowness.timeout = 120s (custom)
2019-09-19 14:21:18,028 [pool-71-thread-1] INFO  server.RaftServerConfigKeys (ConfUtils.java:logGet(43)) - raft.server.sleep.deviation.threshold = 300 (default)
2019-09-19 14:21:18,028 [pool-71-thread-1] INFO  server.RaftServerConfigKeys (ConfUtils.java:logGet(43)) - raft.server.log.appender.install.snapshot.enabled = false (custom)
2019-09-19 14:21:18,028 [pool-71-thread-1] INFO  impl.RaftServerImpl (ServerState.java:<init>(105)) - 1190b9a7-12b1-4c15-b33e-f7d0a0cd436c:group-2C9E25478EFB ConfigurationManager, init=-1: [1190b9a7-12b1-4c15-b33e-f7d0a0cd436c:192.168.157.226:34463], old=null, confs=<EMPTY_MAP>
2019-09-19 14:21:18,028 [pool-71-thread-1] INFO  server.RaftServerConfigKeys (ConfUtils.java:logGet(43)) - raft.server.storage.dir = [/workdir/hadoop-ozone/integration-test/target/test-dir/MiniOzoneClusterImpl-210d6028-2152-4683-81ff-347b0d29bb13/datanode-4/data/ratis] (custom)
2019-09-19 14:21:18,029 [pool-71-thread-1] INFO  storage.RaftStorageDirectory (RaftStorageDirectory.java:analyzeStorage(246)) - The storage directory /workdir/hadoop-ozone/integration-test/target/test-dir/MiniOzoneClusterImpl-210d6028-2152-4683-81ff-347b0d29bb13/datanode-4/data/ratis/923a9e58-2c5a-4174-b54a-2c9e25478efb does not exist. Creating ...
2019-09-19 14:21:18,041 [pool-71-thread-1] INFO  storage.RaftStorageDirectory (RaftStorageDirectory.java:tryLock(328)) - Lock on /workdir/hadoop-ozone/integration-test/target/test-dir/MiniOzoneClusterImpl-210d6028-2152-4683-81ff-347b0d29bb13/datanode-4/data/ratis/923a9e58-2c5a-4174-b54a-2c9e25478efb/in_use.lock acquired by nodename 16198@pr-hdds-1569-swxfz-3172132826
2019-09-19 14:21:18,055 [pool-71-thread-1] INFO  storage.RaftStorage (RaftStorage.java:format(72)) - Storage directory /workdir/hadoop-ozone/integration-test/target/test-dir/MiniOzoneClusterImpl-210d6028-2152-4683-81ff-347b0d29bb13/datanode-4/data/ratis/923a9e58-2c5a-4174-b54a-2c9e25478efb has been successfully formatted.
2019-09-19 14:21:18,055 [pool-71-thread-1] INFO  ratis.ContainerStateMachine (ContainerStateMachine.java:loadSnapshot(226)) - group-2C9E25478EFB: The snapshot info is null. Setting the last applied indexto:(t:0, i:~)
2019-09-19 14:21:18,056 [pool-71-thread-1] INFO  server.RaftServerConfigKeys (ConfUtils.java:logGet(43)) - raft.server.leader.election.timeout = 120s (custom)
2019-09-19 14:21:18,056 [pool-71-thread-1] INFO  server.RaftServerConfigKeys (ConfUtils.java:logGet(43)) - raft.server.log.use.memory = false (default)
2019-09-19 14:21:18,056 [pool-71-thread-1] INFO  server.RaftServerConfigKeys (ConfUtils.java:logGet(43)) - raft.server.log.purge.gap = 1000000 (custom)
2019-09-19 14:21:18,056 [pool-71-thread-1] INFO  server.RaftServerConfigKeys (ConfUtils.java:logGet(43)) - raft.server.log.appender.buffer.byte-limit = 33554432 (custom)
2019-09-19 14:21:18,056 [pool-71-thread-1] INFO  server.RaftServerConfigKeys (ConfUtils.java:logGet(43)) - raft.server.log.segment.size.max = 1048576 (custom)
2019-09-19 14:21:18,056 [pool-71-thread-1] INFO  server.RaftServerConfigKeys (ConfUtils.java:logGet(43)) - raft.server.log.segment.cache.num.max = 2 (custom)
2019-09-19 14:21:18,057 [pool-71-thread-1] INFO  segmented.SegmentedRaftLogWorker (SegmentedRaftLogWorker.java:<init>(172)) - new 1190b9a7-12b1-4c15-b33e-f7d0a0cd436c-SegmentedRaftLogWorker:Storage Directory /workdir/hadoop-ozone/integration-test/target/test-dir/MiniOzoneClusterImpl-210d6028-2152-4683-81ff-347b0d29bb13/datanode-4/data/ratis/923a9e58-2c5a-4174-b54a-2c9e25478efb for RaftStorage:Storage Directory /workdir/hadoop-ozone/integration-test/target/test-dir/MiniOzoneClusterImpl-210d6028-2152-4683-81ff-347b0d29bb13/datanode-4/data/ratis/923a9e58-2c5a-4174-b54a-2c9e25478efb
2019-09-19 14:21:18,057 [pool-71-thread-1] INFO  server.RaftServerConfigKeys (ConfUtils.java:logGet(43)) - raft.server.log.queue.byte-limit = 2147483647 (custom)
2019-09-19 14:21:18,057 [pool-71-thread-1] INFO  server.RaftServerConfigKeys (ConfUtils.java:logGet(43)) - raft.server.log.queue.element-limit = 1024 (custom)
2019-09-19 14:21:18,057 [pool-71-thread-1] INFO  server.RaftServerConfigKeys (ConfUtils.java:logGet(43)) - raft.server.log.segment.size.max = 1048576 (custom)
2019-09-19 14:21:18,057 [pool-71-thread-1] INFO  server.RaftServerConfigKeys (ConfUtils.java:logGet(43)) - raft.server.log.preallocated.size = 16384 (custom)
2019-09-19 14:21:18,057 [pool-71-thread-1] INFO  server.RaftServerConfigKeys (ConfUtils.java:logGet(43)) - raft.server.log.write.buffer.size = 33554432 (custom)
2019-09-19 14:21:18,057 [pool-71-thread-1] INFO  server.RaftServerConfigKeys (ConfUtils.java:logGet(43)) - raft.server.log.force.sync.num = 128 (default)
2019-09-19 14:21:18,058 [pool-71-thread-1] INFO  server.RaftServerConfigKeys (ConfUtils.java:logGet(43)) - raft.server.log.statemachine.data.sync = true (default)
2019-09-19 14:21:18,058 [pool-71-thread-1] INFO  server.RaftServerConfigKeys (ConfUtils.java:logGet(43)) - raft.server.log.statemachine.data.sync.timeout = 10s (default)
2019-09-19 14:21:18,058 [pool-71-thread-1] INFO  server.RaftServerConfigKeys (ConfUtils.java:logGet(43)) - raft.server.log.statemachine.data.sync.timeout.retry = -1 (default)
2019-09-19 14:21:18,058 [pool-71-thread-1] INFO  server.RaftServerConfigKeys (ConfUtils.java:logGet(43)) - raft.server.log.statemachine.data.caching.enabled = true (custom)
2019-09-19 14:21:18,058 [pool-71-thread-1] INFO  segmented.SegmentedRaftLogWorker (SegmentedRaftLogWorker.java:lambda$new$0(132)) - 1190b9a7-12b1-4c15-b33e-f7d0a0cd436c-SegmentedRaftLogWorker:Storage Directory /workdir/hadoop-ozone/integration-test/target/test-dir/MiniOzoneClusterImpl-210d6028-2152-4683-81ff-347b0d29bb13/datanode-4/data/ratis/923a9e58-2c5a-4174-b54a-2c9e25478efb: flushIndex: setUnconditionally 0 -> -1
2019-09-19 14:21:18,059 [pool-71-thread-1] INFO  server.RaftServerConfigKeys (ConfUtils.java:logGet(43)) - raft.server.snapshot.auto.trigger.enabled = true (custom)
2019-09-19 14:21:18,059 [pool-71-thread-1] INFO  server.RaftServerConfigKeys (ConfUtils.java:logGet(43)) - raft.server.snapshot.auto.trigger.threshold = 10000 (custom)
2019-09-19 14:21:18,059 [pool-71-thread-1] INFO  server.RaftServerConfigKeys (ConfUtils.java:logGet(43)) - raft.server.retrycache.expirytime = 600000ms (custom)
2019-09-19 14:21:18,059 [pool-71-thread-1] INFO  impl.RaftServerImpl (RaftServerImpl.java:start(180)) - 1190b9a7-12b1-4c15-b33e-f7d0a0cd436c: start group-2C9E25478EFB
2019-09-19 14:21:18,059 [pool-71-thread-1] INFO  impl.RaftServerImpl (RaftServerImpl.java:setRole(171)) - 1190b9a7-12b1-4c15-b33e-f7d0a0cd436c:group-2C9E25478EFB changes role from null to FOLLOWER at term 0 for startAsFollower
2019-09-19 14:21:18,060 [pool-71-thread-1] INFO  impl.RoleInfo (RoleInfo.java:updateAndGet(143)) - 1190b9a7-12b1-4c15-b33e-f7d0a0cd436c: start FollowerState
2019-09-19 14:21:18,060 [pool-71-thread-1] INFO  util.JmxRegister (JmxRegister.java:tryRegister(44)) - Successfully registered JMX Bean with object name Ratis:service=RaftServer,group=group-2C9E25478EFB,id=1190b9a7-12b1-4c15-b33e-f7d0a0cd436c
2019-09-19 14:21:18,064 [RatisPipelineUtilsThread] INFO  pipeline.PipelineStateManager (PipelineStateManager.java:addPipeline(56)) - Created pipeline Pipeline[ Id: 923a9e58-2c5a-4174-b54a-2c9e25478efb, Nodes: 1190b9a7-12b1-4c15-b33e-f7d0a0cd436c{ip: 192.168.157.226, host: pr-hdds-1569-swxfz-3172132826, networkLocation: /default-rack, certSerialId: null}, Type:RATIS, Factor:ONE, State:OPEN]
2019-09-19 14:21:18,068 [grpc-default-executor-1] INFO  impl.RaftServerProxy (RaftServerProxy.java:addNew(89)) - 85c6a9f3-b9a5-43a5-ac4f-9aa7bd5f2263: addNew group-76218C4363DF:[85c6a9f3-b9a5-43a5-ac4f-9aa7bd5f2263:192.168.157.226:45170] returns group-76218C4363DF:java.util.concurrent.CompletableFuture@733a7387[Not completed]
2019-09-19 14:21:18,070 [pool-27-thread-1] INFO  impl.RaftServerImpl (RaftServerImpl.java:<init>(93)) - 85c6a9f3-b9a5-43a5-ac4f-9aa7bd5f2263: new RaftServerImpl for group-76218C4363DF:[85c6a9f3-b9a5-43a5-ac4f-9aa7bd5f2263:192.168.157.226:45170] with ContainerStateMachine:uninitialized
2019-09-19 14:21:18,070 [pool-27-thread-1] INFO  server.RaftServerConfigKeys (ConfUtils.java:logGet(43)) - raft.server.rpc.timeout.min = 5s (custom)
2019-09-19 14:21:18,070 [pool-27-thread-1] INFO  server.RaftServerConfigKeys (ConfUtils.java:logGet(43)) - raft.server.rpc.timeout.max = 5200ms (custom)
2019-09-19 14:21:18,070 [pool-27-thread-1] INFO  server.RaftServerConfigKeys (ConfUtils.java:logGet(43)) - raft.server.rpcslowness.timeout = 120s (custom)
2019-09-19 14:21:18,071 [pool-27-thread-1] INFO  server.RaftServerConfigKeys (ConfUtils.java:logGet(43)) - raft.server.sleep.deviation.threshold = 300 (default)
2019-09-19 14:21:18,071 [pool-27-thread-1] INFO  server.RaftServerConfigKeys (ConfUtils.java:logGet(43)) - raft.server.log.appender.install.snapshot.enabled = false (custom)
2019-09-19 14:21:18,071 [pool-27-thread-1] INFO  impl.RaftServerImpl (ServerState.java:<init>(105)) - 85c6a9f3-b9a5-43a5-ac4f-9aa7bd5f2263:group-76218C4363DF ConfigurationManager, init=-1: [85c6a9f3-b9a5-43a5-ac4f-9aa7bd5f2263:192.168.157.226:45170], old=null, confs=<EMPTY_MAP>
2019-09-19 14:21:18,071 [pool-27-thread-1] INFO  server.RaftServerConfigKeys (ConfUtils.java:logGet(43)) - raft.server.storage.dir = [/workdir/hadoop-ozone/integration-test/target/test-dir/MiniOzoneClusterImpl-210d6028-2152-4683-81ff-347b0d29bb13/datanode-0/data/ratis] (custom)
2019-09-19 14:21:18,072 [pool-27-thread-1] INFO  storage.RaftStorageDirectory (RaftStorageDirectory.java:analyzeStorage(246)) - The storage directory /workdir/hadoop-ozone/integration-test/target/test-dir/MiniOzoneClusterImpl-210d6028-2152-4683-81ff-347b0d29bb13/datanode-0/data/ratis/97d50d87-6ebb-43ce-a31a-76218c4363df does not exist. Creating ...
2019-09-19 14:21:18,085 [pool-27-thread-1] INFO  storage.RaftStorageDirectory (RaftStorageDirectory.java:tryLock(328)) - Lock on /workdir/hadoop-ozone/integration-test/target/test-dir/MiniOzoneClusterImpl-210d6028-2152-4683-81ff-347b0d29bb13/datanode-0/data/ratis/97d50d87-6ebb-43ce-a31a-76218c4363df/in_use.lock acquired by nodename 16198@pr-hdds-1569-swxfz-3172132826
2019-09-19 14:21:18,098 [pool-27-thread-1] INFO  storage.RaftStorage (RaftStorage.java:format(72)) - Storage directory /workdir/hadoop-ozone/integration-test/target/test-dir/MiniOzoneClusterImpl-210d6028-2152-4683-81ff-347b0d29bb13/datanode-0/data/ratis/97d50d87-6ebb-43ce-a31a-76218c4363df has been successfully formatted.
2019-09-19 14:21:18,098 [pool-27-thread-1] INFO  ratis.ContainerStateMachine (ContainerStateMachine.java:loadSnapshot(226)) - group-76218C4363DF: The snapshot info is null. Setting the last applied indexto:(t:0, i:~)
2019-09-19 14:21:18,098 [pool-27-thread-1] INFO  server.RaftServerConfigKeys (ConfUtils.java:logGet(43)) - raft.server.leader.election.timeout = 120s (custom)
2019-09-19 14:21:18,098 [pool-27-thread-1] INFO  server.RaftServerConfigKeys (ConfUtils.java:logGet(43)) - raft.server.log.use.memory = false (default)
2019-09-19 14:21:18,099 [pool-27-thread-1] INFO  server.RaftServerConfigKeys (ConfUtils.java:logGet(43)) - raft.server.log.purge.gap = 1000000 (custom)
2019-09-19 14:21:18,099 [pool-27-thread-1] INFO  server.RaftServerConfigKeys (ConfUtils.java:logGet(43)) - raft.server.log.appender.buffer.byte-limit = 33554432 (custom)
2019-09-19 14:21:18,099 [pool-27-thread-1] INFO  server.RaftServerConfigKeys (ConfUtils.java:logGet(43)) - raft.server.log.segment.size.max = 1048576 (custom)
2019-09-19 14:21:18,099 [pool-27-thread-1] INFO  server.RaftServerConfigKeys (ConfUtils.java:logGet(43)) - raft.server.log.segment.cache.num.max = 2 (custom)
2019-09-19 14:21:18,099 [pool-27-thread-1] INFO  segmented.SegmentedRaftLogWorker (SegmentedRaftLogWorker.java:<init>(172)) - new 85c6a9f3-b9a5-43a5-ac4f-9aa7bd5f2263-SegmentedRaftLogWorker:Storage Directory /workdir/hadoop-ozone/integration-test/target/test-dir/MiniOzoneClusterImpl-210d6028-2152-4683-81ff-347b0d29bb13/datanode-0/data/ratis/97d50d87-6ebb-43ce-a31a-76218c4363df for RaftStorage:Storage Directory /workdir/hadoop-ozone/integration-test/target/test-dir/MiniOzoneClusterImpl-210d6028-2152-4683-81ff-347b0d29bb13/datanode-0/data/ratis/97d50d87-6ebb-43ce-a31a-76218c4363df
2019-09-19 14:21:18,099 [pool-27-thread-1] INFO  server.RaftServerConfigKeys (ConfUtils.java:logGet(43)) - raft.server.log.queue.byte-limit = 2147483647 (custom)
2019-09-19 14:21:18,099 [pool-27-thread-1] INFO  server.RaftServerConfigKeys (ConfUtils.java:logGet(43)) - raft.server.log.queue.element-limit = 1024 (custom)
2019-09-19 14:21:18,099 [pool-27-thread-1] INFO  server.RaftServerConfigKeys (ConfUtils.java:logGet(43)) - raft.server.log.segment.size.max = 1048576 (custom)
2019-09-19 14:21:18,099 [pool-27-thread-1] INFO  server.RaftServerConfigKeys (ConfUtils.java:logGet(43)) - raft.server.log.preallocated.size = 16384 (custom)
2019-09-19 14:21:18,100 [pool-27-thread-1] INFO  server.RaftServerConfigKeys (ConfUtils.java:logGet(43)) - raft.server.log.write.buffer.size = 33554432 (custom)
2019-09-19 14:21:18,100 [pool-27-thread-1] INFO  server.RaftServerConfigKeys (ConfUtils.java:logGet(43)) - raft.server.log.force.sync.num = 128 (default)
2019-09-19 14:21:18,100 [pool-27-thread-1] INFO  server.RaftServerConfigKeys (ConfUtils.java:logGet(43)) - raft.server.log.statemachine.data.sync = true (default)
2019-09-19 14:21:18,100 [pool-27-thread-1] INFO  server.RaftServerConfigKeys (ConfUtils.java:logGet(43)) - raft.server.log.statemachine.data.sync.timeout = 10s (default)
2019-09-19 14:21:18,100 [pool-27-thread-1] INFO  server.RaftServerConfigKeys (ConfUtils.java:logGet(43)) - raft.server.log.statemachine.data.sync.timeout.retry = -1 (default)
2019-09-19 14:21:18,100 [pool-27-thread-1] INFO  server.RaftServerConfigKeys (ConfUtils.java:logGet(43)) - raft.server.log.statemachine.data.caching.enabled = true (custom)
2019-09-19 14:21:18,100 [pool-27-thread-1] INFO  segmented.SegmentedRaftLogWorker (SegmentedRaftLogWorker.java:lambda$new$0(132)) - 85c6a9f3-b9a5-43a5-ac4f-9aa7bd5f2263-SegmentedRaftLogWorker:Storage Directory /workdir/hadoop-ozone/integration-test/target/test-dir/MiniOzoneClusterImpl-210d6028-2152-4683-81ff-347b0d29bb13/datanode-0/data/ratis/97d50d87-6ebb-43ce-a31a-76218c4363df: flushIndex: setUnconditionally 0 -> -1
2019-09-19 14:21:18,101 [pool-27-thread-1] INFO  server.RaftServerConfigKeys (ConfUtils.java:logGet(43)) - raft.server.snapshot.auto.trigger.enabled = true (custom)
2019-09-19 14:21:18,101 [pool-27-thread-1] INFO  server.RaftServerConfigKeys (ConfUtils.java:logGet(43)) - raft.server.snapshot.auto.trigger.threshold = 10000 (custom)
2019-09-19 14:21:18,101 [pool-27-thread-1] INFO  server.RaftServerConfigKeys (ConfUtils.java:logGet(43)) - raft.server.retrycache.expirytime = 600000ms (custom)
2019-09-19 14:21:18,101 [pool-27-thread-1] INFO  impl.RaftServerImpl (RaftServerImpl.java:start(180)) - 85c6a9f3-b9a5-43a5-ac4f-9aa7bd5f2263: start group-76218C4363DF
2019-09-19 14:21:18,101 [pool-27-thread-1] INFO  impl.RaftServerImpl (RaftServerImpl.java:setRole(171)) - 85c6a9f3-b9a5-43a5-ac4f-9aa7bd5f2263:group-76218C4363DF changes role from null to FOLLOWER at term 0 for startAsFollower
2019-09-19 14:21:18,101 [pool-27-thread-1] INFO  impl.RoleInfo (RoleInfo.java:updateAndGet(143)) - 85c6a9f3-b9a5-43a5-ac4f-9aa7bd5f2263: start FollowerState
2019-09-19 14:21:18,102 [pool-27-thread-1] INFO  util.JmxRegister (JmxRegister.java:tryRegister(44)) - Successfully registered JMX Bean with object name Ratis:service=RaftServer,group=group-76218C4363DF,id=85c6a9f3-b9a5-43a5-ac4f-9aa7bd5f2263
2019-09-19 14:21:18,104 [RatisPipelineUtilsThread] INFO  pipeline.PipelineStateManager (PipelineStateManager.java:addPipeline(56)) - Created pipeline Pipeline[ Id: 97d50d87-6ebb-43ce-a31a-76218c4363df, Nodes: 85c6a9f3-b9a5-43a5-ac4f-9aa7bd5f2263{ip: 192.168.157.226, host: pr-hdds-1569-swxfz-3172132826, networkLocation: /default-rack, certSerialId: null}, Type:RATIS, Factor:ONE, State:OPEN]
2019-09-19 14:21:18,111 | INFO  | SCMAudit | user=jenkins1000 | ip=192.168.157.226 | op=SEND_HEARTBEAT {datanodeUUID=6403e584-2209-453b-b79e-eeb0a7b58516, command=[]} | ret=SUCCESS |  
2019-09-19 14:21:18,111 | INFO  | SCMAudit | user=jenkins1000 | ip=192.168.157.226 | op=SEND_HEARTBEAT {datanodeUUID=306a7a99-f2a5-4f40-b42b-2fc2def08a6a, command=[]} | ret=SUCCESS |  
2019-09-19 14:21:18,115 [grpc-default-executor-1] INFO  impl.RaftServerProxy (RaftServerProxy.java:addNew(89)) - 6403e584-2209-453b-b79e-eeb0a7b58516: addNew group-CC2CF5BC0391:[6403e584-2209-453b-b79e-eeb0a7b58516:192.168.157.226:35833] returns group-CC2CF5BC0391:java.util.concurrent.CompletableFuture@7eb47dd6[Not completed]
2019-09-19 14:21:18,116 [pool-60-thread-1] INFO  impl.RaftServerImpl (RaftServerImpl.java:<init>(93)) - 6403e584-2209-453b-b79e-eeb0a7b58516: new RaftServerImpl for group-CC2CF5BC0391:[6403e584-2209-453b-b79e-eeb0a7b58516:192.168.157.226:35833] with ContainerStateMachine:uninitialized
2019-09-19 14:21:18,116 [pool-60-thread-1] INFO  server.RaftServerConfigKeys (ConfUtils.java:logGet(43)) - raft.server.rpc.timeout.min = 5s (custom)
2019-09-19 14:21:18,116 [pool-60-thread-1] INFO  server.RaftServerConfigKeys (ConfUtils.java:logGet(43)) - raft.server.rpc.timeout.max = 5200ms (custom)
2019-09-19 14:21:18,116 [pool-60-thread-1] INFO  server.RaftServerConfigKeys (ConfUtils.java:logGet(43)) - raft.server.rpcslowness.timeout = 120s (custom)
2019-09-19 14:21:18,116 [pool-60-thread-1] INFO  server.RaftServerConfigKeys (ConfUtils.java:logGet(43)) - raft.server.sleep.deviation.threshold = 300 (default)
2019-09-19 14:21:18,117 [pool-60-thread-1] INFO  server.RaftServerConfigKeys (ConfUtils.java:logGet(43)) - raft.server.log.appender.install.snapshot.enabled = false (custom)
2019-09-19 14:21:18,117 [pool-60-thread-1] INFO  impl.RaftServerImpl (ServerState.java:<init>(105)) - 6403e584-2209-453b-b79e-eeb0a7b58516:group-CC2CF5BC0391 ConfigurationManager, init=-1: [6403e584-2209-453b-b79e-eeb0a7b58516:192.168.157.226:35833], old=null, confs=<EMPTY_MAP>
2019-09-19 14:21:18,117 [pool-60-thread-1] INFO  server.RaftServerConfigKeys (ConfUtils.java:logGet(43)) - raft.server.storage.dir = [/workdir/hadoop-ozone/integration-test/target/test-dir/MiniOzoneClusterImpl-210d6028-2152-4683-81ff-347b0d29bb13/datanode-3/data/ratis] (custom)
2019-09-19 14:21:18,117 [pool-60-thread-1] INFO  storage.RaftStorageDirectory (RaftStorageDirectory.java:analyzeStorage(246)) - The storage directory /workdir/hadoop-ozone/integration-test/target/test-dir/MiniOzoneClusterImpl-210d6028-2152-4683-81ff-347b0d29bb13/datanode-3/data/ratis/df77c67f-9530-4bea-a7c1-cc2cf5bc0391 does not exist. Creating ...
2019-09-19 14:21:18,130 [pool-60-thread-1] INFO  storage.RaftStorageDirectory (RaftStorageDirectory.java:tryLock(328)) - Lock on /workdir/hadoop-ozone/integration-test/target/test-dir/MiniOzoneClusterImpl-210d6028-2152-4683-81ff-347b0d29bb13/datanode-3/data/ratis/df77c67f-9530-4bea-a7c1-cc2cf5bc0391/in_use.lock acquired by nodename 16198@pr-hdds-1569-swxfz-3172132826
2019-09-19 14:21:18,144 [pool-60-thread-1] INFO  storage.RaftStorage (RaftStorage.java:format(72)) - Storage directory /workdir/hadoop-ozone/integration-test/target/test-dir/MiniOzoneClusterImpl-210d6028-2152-4683-81ff-347b0d29bb13/datanode-3/data/ratis/df77c67f-9530-4bea-a7c1-cc2cf5bc0391 has been successfully formatted.
2019-09-19 14:21:18,144 [pool-60-thread-1] INFO  ratis.ContainerStateMachine (ContainerStateMachine.java:loadSnapshot(226)) - group-CC2CF5BC0391: The snapshot info is null. Setting the last applied indexto:(t:0, i:~)
2019-09-19 14:21:18,144 [pool-60-thread-1] INFO  server.RaftServerConfigKeys (ConfUtils.java:logGet(43)) - raft.server.leader.election.timeout = 120s (custom)
2019-09-19 14:21:18,144 [pool-60-thread-1] INFO  server.RaftServerConfigKeys (ConfUtils.java:logGet(43)) - raft.server.log.use.memory = false (default)
2019-09-19 14:21:18,144 [pool-60-thread-1] INFO  server.RaftServerConfigKeys (ConfUtils.java:logGet(43)) - raft.server.log.purge.gap = 1000000 (custom)
2019-09-19 14:21:18,145 [pool-60-thread-1] INFO  server.RaftServerConfigKeys (ConfUtils.java:logGet(43)) - raft.server.log.appender.buffer.byte-limit = 33554432 (custom)
2019-09-19 14:21:18,145 [pool-60-thread-1] INFO  server.RaftServerConfigKeys (ConfUtils.java:logGet(43)) - raft.server.log.segment.size.max = 1048576 (custom)
2019-09-19 14:21:18,145 [pool-60-thread-1] INFO  server.RaftServerConfigKeys (ConfUtils.java:logGet(43)) - raft.server.log.segment.cache.num.max = 2 (custom)
2019-09-19 14:21:18,145 [pool-60-thread-1] INFO  segmented.SegmentedRaftLogWorker (SegmentedRaftLogWorker.java:<init>(172)) - new 6403e584-2209-453b-b79e-eeb0a7b58516-SegmentedRaftLogWorker:Storage Directory /workdir/hadoop-ozone/integration-test/target/test-dir/MiniOzoneClusterImpl-210d6028-2152-4683-81ff-347b0d29bb13/datanode-3/data/ratis/df77c67f-9530-4bea-a7c1-cc2cf5bc0391 for RaftStorage:Storage Directory /workdir/hadoop-ozone/integration-test/target/test-dir/MiniOzoneClusterImpl-210d6028-2152-4683-81ff-347b0d29bb13/datanode-3/data/ratis/df77c67f-9530-4bea-a7c1-cc2cf5bc0391
2019-09-19 14:21:18,145 [pool-60-thread-1] INFO  server.RaftServerConfigKeys (ConfUtils.java:logGet(43)) - raft.server.log.queue.byte-limit = 2147483647 (custom)
2019-09-19 14:21:18,145 [pool-60-thread-1] INFO  server.RaftServerConfigKeys (ConfUtils.java:logGet(43)) - raft.server.log.queue.element-limit = 1024 (custom)
2019-09-19 14:21:18,146 [pool-60-thread-1] INFO  server.RaftServerConfigKeys (ConfUtils.java:logGet(43)) - raft.server.log.segment.size.max = 1048576 (custom)
2019-09-19 14:21:18,146 [pool-60-thread-1] INFO  server.RaftServerConfigKeys (ConfUtils.java:logGet(43)) - raft.server.log.preallocated.size = 16384 (custom)
2019-09-19 14:21:18,146 [pool-60-thread-1] INFO  server.RaftServerConfigKeys (ConfUtils.java:logGet(43)) - raft.server.log.write.buffer.size = 33554432 (custom)
2019-09-19 14:21:18,146 [pool-60-thread-1] INFO  server.RaftServerConfigKeys (ConfUtils.java:logGet(43)) - raft.server.log.force.sync.num = 128 (default)
2019-09-19 14:21:18,146 [pool-60-thread-1] INFO  server.RaftServerConfigKeys (ConfUtils.java:logGet(43)) - raft.server.log.statemachine.data.sync = true (default)
2019-09-19 14:21:18,146 [pool-60-thread-1] INFO  server.RaftServerConfigKeys (ConfUtils.java:logGet(43)) - raft.server.log.statemachine.data.sync.timeout = 10s (default)
2019-09-19 14:21:18,147 [pool-60-thread-1] INFO  server.RaftServerConfigKeys (ConfUtils.java:logGet(43)) - raft.server.log.statemachine.data.sync.timeout.retry = -1 (default)
2019-09-19 14:21:18,147 [pool-60-thread-1] INFO  server.RaftServerConfigKeys (ConfUtils.java:logGet(43)) - raft.server.log.statemachine.data.caching.enabled = true (custom)
2019-09-19 14:21:18,147 [pool-60-thread-1] INFO  segmented.SegmentedRaftLogWorker (SegmentedRaftLogWorker.java:lambda$new$0(132)) - 6403e584-2209-453b-b79e-eeb0a7b58516-SegmentedRaftLogWorker:Storage Directory /workdir/hadoop-ozone/integration-test/target/test-dir/MiniOzoneClusterImpl-210d6028-2152-4683-81ff-347b0d29bb13/datanode-3/data/ratis/df77c67f-9530-4bea-a7c1-cc2cf5bc0391: flushIndex: setUnconditionally 0 -> -1
2019-09-19 14:21:18,147 [pool-60-thread-1] INFO  server.RaftServerConfigKeys (ConfUtils.java:logGet(43)) - raft.server.snapshot.auto.trigger.enabled = true (custom)
2019-09-19 14:21:18,148 [pool-60-thread-1] INFO  server.RaftServerConfigKeys (ConfUtils.java:logGet(43)) - raft.server.snapshot.auto.trigger.threshold = 10000 (custom)
2019-09-19 14:21:18,148 [pool-60-thread-1] INFO  server.RaftServerConfigKeys (ConfUtils.java:logGet(43)) - raft.server.retrycache.expirytime = 600000ms (custom)
2019-09-19 14:21:18,148 [pool-60-thread-1] INFO  impl.RaftServerImpl (RaftServerImpl.java:start(180)) - 6403e584-2209-453b-b79e-eeb0a7b58516: start group-CC2CF5BC0391
2019-09-19 14:21:18,148 [pool-60-thread-1] INFO  impl.RaftServerImpl (RaftServerImpl.java:setRole(171)) - 6403e584-2209-453b-b79e-eeb0a7b58516:group-CC2CF5BC0391 changes role from null to FOLLOWER at term 0 for startAsFollower
2019-09-19 14:21:18,148 [pool-60-thread-1] INFO  impl.RoleInfo (RoleInfo.java:updateAndGet(143)) - 6403e584-2209-453b-b79e-eeb0a7b58516: start FollowerState
2019-09-19 14:21:18,149 [pool-60-thread-1] INFO  util.JmxRegister (JmxRegister.java:tryRegister(44)) - Successfully registered JMX Bean with object name Ratis:service=RaftServer,group=group-CC2CF5BC0391,id=6403e584-2209-453b-b79e-eeb0a7b58516
2019-09-19 14:21:18,151 [RatisPipelineUtilsThread] INFO  pipeline.PipelineStateManager (PipelineStateManager.java:addPipeline(56)) - Created pipeline Pipeline[ Id: df77c67f-9530-4bea-a7c1-cc2cf5bc0391, Nodes: 6403e584-2209-453b-b79e-eeb0a7b58516{ip: 192.168.157.226, host: pr-hdds-1569-swxfz-3172132826, networkLocation: /default-rack, certSerialId: null}, Type:RATIS, Factor:ONE, State:OPEN]
2019-09-19 14:21:18,156 [grpc-default-executor-1] INFO  impl.RaftServerProxy (RaftServerProxy.java:addNew(89)) - 6403e584-2209-453b-b79e-eeb0a7b58516: addNew group-B00340782978:[6403e584-2209-453b-b79e-eeb0a7b58516:192.168.157.226:35833] returns group-B00340782978:java.util.concurrent.CompletableFuture@2e75c8a6[Not completed]
2019-09-19 14:21:18,157 [pool-60-thread-1] INFO  impl.RaftServerImpl (RaftServerImpl.java:<init>(93)) - 6403e584-2209-453b-b79e-eeb0a7b58516: new RaftServerImpl for group-B00340782978:[6403e584-2209-453b-b79e-eeb0a7b58516:192.168.157.226:35833] with ContainerStateMachine:uninitialized
2019-09-19 14:21:18,158 [pool-60-thread-1] INFO  server.RaftServerConfigKeys (ConfUtils.java:logGet(43)) - raft.server.rpc.timeout.min = 5s (custom)
2019-09-19 14:21:18,158 [pool-60-thread-1] INFO  server.RaftServerConfigKeys (ConfUtils.java:logGet(43)) - raft.server.rpc.timeout.max = 5200ms (custom)
2019-09-19 14:21:18,158 [pool-60-thread-1] INFO  server.RaftServerConfigKeys (ConfUtils.java:logGet(43)) - raft.server.rpcslowness.timeout = 120s (custom)
2019-09-19 14:21:18,158 [pool-60-thread-1] INFO  server.RaftServerConfigKeys (ConfUtils.java:logGet(43)) - raft.server.sleep.deviation.threshold = 300 (default)
2019-09-19 14:21:18,158 [pool-60-thread-1] INFO  server.RaftServerConfigKeys (ConfUtils.java:logGet(43)) - raft.server.log.appender.install.snapshot.enabled = false (custom)
2019-09-19 14:21:18,158 [pool-60-thread-1] INFO  impl.RaftServerImpl (ServerState.java:<init>(105)) - 6403e584-2209-453b-b79e-eeb0a7b58516:group-B00340782978 ConfigurationManager, init=-1: [6403e584-2209-453b-b79e-eeb0a7b58516:192.168.157.226:35833], old=null, confs=<EMPTY_MAP>
2019-09-19 14:21:18,158 [pool-60-thread-1] INFO  server.RaftServerConfigKeys (ConfUtils.java:logGet(43)) - raft.server.storage.dir = [/workdir/hadoop-ozone/integration-test/target/test-dir/MiniOzoneClusterImpl-210d6028-2152-4683-81ff-347b0d29bb13/datanode-3/data/ratis] (custom)
2019-09-19 14:21:18,159 [pool-60-thread-1] INFO  storage.RaftStorageDirectory (RaftStorageDirectory.java:analyzeStorage(246)) - The storage directory /workdir/hadoop-ozone/integration-test/target/test-dir/MiniOzoneClusterImpl-210d6028-2152-4683-81ff-347b0d29bb13/datanode-3/data/ratis/0b3635d6-b4fd-44da-8ebd-b00340782978 does not exist. Creating ...
2019-09-19 14:21:18,172 [pool-60-thread-1] INFO  storage.RaftStorageDirectory (RaftStorageDirectory.java:tryLock(328)) - Lock on /workdir/hadoop-ozone/integration-test/target/test-dir/MiniOzoneClusterImpl-210d6028-2152-4683-81ff-347b0d29bb13/datanode-3/data/ratis/0b3635d6-b4fd-44da-8ebd-b00340782978/in_use.lock acquired by nodename 16198@pr-hdds-1569-swxfz-3172132826
2019-09-19 14:21:18,185 [pool-60-thread-1] INFO  storage.RaftStorage (RaftStorage.java:format(72)) - Storage directory /workdir/hadoop-ozone/integration-test/target/test-dir/MiniOzoneClusterImpl-210d6028-2152-4683-81ff-347b0d29bb13/datanode-3/data/ratis/0b3635d6-b4fd-44da-8ebd-b00340782978 has been successfully formatted.
2019-09-19 14:21:18,186 [pool-60-thread-1] INFO  ratis.ContainerStateMachine (ContainerStateMachine.java:loadSnapshot(226)) - group-B00340782978: The snapshot info is null. Setting the last applied indexto:(t:0, i:~)
2019-09-19 14:21:18,186 [pool-60-thread-1] INFO  server.RaftServerConfigKeys (ConfUtils.java:logGet(43)) - raft.server.leader.election.timeout = 120s (custom)
2019-09-19 14:21:18,186 [pool-60-thread-1] INFO  server.RaftServerConfigKeys (ConfUtils.java:logGet(43)) - raft.server.log.use.memory = false (default)
2019-09-19 14:21:18,186 [pool-60-thread-1] INFO  server.RaftServerConfigKeys (ConfUtils.java:logGet(43)) - raft.server.log.purge.gap = 1000000 (custom)
2019-09-19 14:21:18,186 [pool-60-thread-1] INFO  server.RaftServerConfigKeys (ConfUtils.java:logGet(43)) - raft.server.log.appender.buffer.byte-limit = 33554432 (custom)
2019-09-19 14:21:18,187 [pool-60-thread-1] INFO  server.RaftServerConfigKeys (ConfUtils.java:logGet(43)) - raft.server.log.segment.size.max = 1048576 (custom)
2019-09-19 14:21:18,187 [pool-60-thread-1] INFO  server.RaftServerConfigKeys (ConfUtils.java:logGet(43)) - raft.server.log.segment.cache.num.max = 2 (custom)
2019-09-19 14:21:18,187 [pool-60-thread-1] INFO  segmented.SegmentedRaftLogWorker (SegmentedRaftLogWorker.java:<init>(172)) - new 6403e584-2209-453b-b79e-eeb0a7b58516-SegmentedRaftLogWorker:Storage Directory /workdir/hadoop-ozone/integration-test/target/test-dir/MiniOzoneClusterImpl-210d6028-2152-4683-81ff-347b0d29bb13/datanode-3/data/ratis/0b3635d6-b4fd-44da-8ebd-b00340782978 for RaftStorage:Storage Directory /workdir/hadoop-ozone/integration-test/target/test-dir/MiniOzoneClusterImpl-210d6028-2152-4683-81ff-347b0d29bb13/datanode-3/data/ratis/0b3635d6-b4fd-44da-8ebd-b00340782978
2019-09-19 14:21:18,187 [pool-60-thread-1] INFO  server.RaftServerConfigKeys (ConfUtils.java:logGet(43)) - raft.server.log.queue.byte-limit = 2147483647 (custom)
2019-09-19 14:21:18,187 [pool-60-thread-1] INFO  server.RaftServerConfigKeys (ConfUtils.java:logGet(43)) - raft.server.log.queue.element-limit = 1024 (custom)
2019-09-19 14:21:18,187 [pool-60-thread-1] INFO  server.RaftServerConfigKeys (ConfUtils.java:logGet(43)) - raft.server.log.segment.size.max = 1048576 (custom)
2019-09-19 14:21:18,188 [pool-60-thread-1] INFO  server.RaftServerConfigKeys (ConfUtils.java:logGet(43)) - raft.server.log.preallocated.size = 16384 (custom)
2019-09-19 14:21:18,188 [pool-60-thread-1] INFO  server.RaftServerConfigKeys (ConfUtils.java:logGet(43)) - raft.server.log.write.buffer.size = 33554432 (custom)
2019-09-19 14:21:18,188 [pool-60-thread-1] INFO  server.RaftServerConfigKeys (ConfUtils.java:logGet(43)) - raft.server.log.force.sync.num = 128 (default)
2019-09-19 14:21:18,188 [pool-60-thread-1] INFO  server.RaftServerConfigKeys (ConfUtils.java:logGet(43)) - raft.server.log.statemachine.data.sync = true (default)
2019-09-19 14:21:18,188 [pool-60-thread-1] INFO  server.RaftServerConfigKeys (ConfUtils.java:logGet(43)) - raft.server.log.statemachine.data.sync.timeout = 10s (default)
2019-09-19 14:21:18,188 [pool-60-thread-1] INFO  server.RaftServerConfigKeys (ConfUtils.java:logGet(43)) - raft.server.log.statemachine.data.sync.timeout.retry = -1 (default)
2019-09-19 14:21:18,189 [pool-60-thread-1] INFO  server.RaftServerConfigKeys (ConfUtils.java:logGet(43)) - raft.server.log.statemachine.data.caching.enabled = true (custom)
2019-09-19 14:21:18,189 [pool-60-thread-1] INFO  segmented.SegmentedRaftLogWorker (SegmentedRaftLogWorker.java:lambda$new$0(132)) - 6403e584-2209-453b-b79e-eeb0a7b58516-SegmentedRaftLogWorker:Storage Directory /workdir/hadoop-ozone/integration-test/target/test-dir/MiniOzoneClusterImpl-210d6028-2152-4683-81ff-347b0d29bb13/datanode-3/data/ratis/0b3635d6-b4fd-44da-8ebd-b00340782978: flushIndex: setUnconditionally 0 -> -1
2019-09-19 14:21:18,189 [pool-60-thread-1] INFO  server.RaftServerConfigKeys (ConfUtils.java:logGet(43)) - raft.server.snapshot.auto.trigger.enabled = true (custom)
2019-09-19 14:21:18,189 [pool-60-thread-1] INFO  server.RaftServerConfigKeys (ConfUtils.java:logGet(43)) - raft.server.snapshot.auto.trigger.threshold = 10000 (custom)
2019-09-19 14:21:18,190 [pool-60-thread-1] INFO  server.RaftServerConfigKeys (ConfUtils.java:logGet(43)) - raft.server.retrycache.expirytime = 600000ms (custom)
2019-09-19 14:21:18,190 [pool-60-thread-1] INFO  impl.RaftServerImpl (RaftServerImpl.java:start(180)) - 6403e584-2209-453b-b79e-eeb0a7b58516: start group-B00340782978
2019-09-19 14:21:18,190 [pool-60-thread-1] INFO  impl.RaftServerImpl (RaftServerImpl.java:setRole(171)) - 6403e584-2209-453b-b79e-eeb0a7b58516:group-B00340782978 changes role from null to FOLLOWER at term 0 for startAsFollower
2019-09-19 14:21:18,190 [pool-60-thread-1] INFO  impl.RoleInfo (RoleInfo.java:updateAndGet(143)) - 6403e584-2209-453b-b79e-eeb0a7b58516: start FollowerState
2019-09-19 14:21:18,190 [pool-60-thread-1] INFO  util.JmxRegister (JmxRegister.java:tryRegister(44)) - Successfully registered JMX Bean with object name Ratis:service=RaftServer,group=group-B00340782978,id=6403e584-2209-453b-b79e-eeb0a7b58516
2019-09-19 14:21:18,193 [RatisPipelineUtilsThread] INFO  pipeline.PipelineStateManager (PipelineStateManager.java:addPipeline(56)) - Created pipeline Pipeline[ Id: 0b3635d6-b4fd-44da-8ebd-b00340782978, Nodes: 6403e584-2209-453b-b79e-eeb0a7b58516{ip: 192.168.157.226, host: pr-hdds-1569-swxfz-3172132826, networkLocation: /default-rack, certSerialId: null}, Type:RATIS, Factor:ONE, State:OPEN]
2019-09-19 14:21:18,198 [grpc-default-executor-1] INFO  impl.RaftServerProxy (RaftServerProxy.java:addNew(89)) - 6403e584-2209-453b-b79e-eeb0a7b58516: addNew group-1FE216233206:[6403e584-2209-453b-b79e-eeb0a7b58516:192.168.157.226:35833] returns group-1FE216233206:java.util.concurrent.CompletableFuture@234df2e9[Not completed]
2019-09-19 14:21:18,199 [pool-60-thread-1] INFO  impl.RaftServerImpl (RaftServerImpl.java:<init>(93)) - 6403e584-2209-453b-b79e-eeb0a7b58516: new RaftServerImpl for group-1FE216233206:[6403e584-2209-453b-b79e-eeb0a7b58516:192.168.157.226:35833] with ContainerStateMachine:uninitialized
2019-09-19 14:21:18,199 [pool-60-thread-1] INFO  server.RaftServerConfigKeys (ConfUtils.java:logGet(43)) - raft.server.rpc.timeout.min = 5s (custom)
2019-09-19 14:21:18,199 [pool-60-thread-1] INFO  server.RaftServerConfigKeys (ConfUtils.java:logGet(43)) - raft.server.rpc.timeout.max = 5200ms (custom)
2019-09-19 14:21:18,199 [pool-60-thread-1] INFO  server.RaftServerConfigKeys (ConfUtils.java:logGet(43)) - raft.server.rpcslowness.timeout = 120s (custom)
2019-09-19 14:21:18,199 [pool-60-thread-1] INFO  server.RaftServerConfigKeys (ConfUtils.java:logGet(43)) - raft.server.sleep.deviation.threshold = 300 (default)
2019-09-19 14:21:18,200 [pool-60-thread-1] INFO  server.RaftServerConfigKeys (ConfUtils.java:logGet(43)) - raft.server.log.appender.install.snapshot.enabled = false (custom)
2019-09-19 14:21:18,200 [pool-60-thread-1] INFO  impl.RaftServerImpl (ServerState.java:<init>(105)) - 6403e584-2209-453b-b79e-eeb0a7b58516:group-1FE216233206 ConfigurationManager, init=-1: [6403e584-2209-453b-b79e-eeb0a7b58516:192.168.157.226:35833], old=null, confs=<EMPTY_MAP>
2019-09-19 14:21:18,200 [pool-60-thread-1] INFO  server.RaftServerConfigKeys (ConfUtils.java:logGet(43)) - raft.server.storage.dir = [/workdir/hadoop-ozone/integration-test/target/test-dir/MiniOzoneClusterImpl-210d6028-2152-4683-81ff-347b0d29bb13/datanode-3/data/ratis] (custom)
2019-09-19 14:21:18,200 [pool-60-thread-1] INFO  storage.RaftStorageDirectory (RaftStorageDirectory.java:analyzeStorage(246)) - The storage directory /workdir/hadoop-ozone/integration-test/target/test-dir/MiniOzoneClusterImpl-210d6028-2152-4683-81ff-347b0d29bb13/datanode-3/data/ratis/be90b7e2-782d-4aca-876a-1fe216233206 does not exist. Creating ...
2019-09-19 14:21:18,213 [pool-60-thread-1] INFO  storage.RaftStorageDirectory (RaftStorageDirectory.java:tryLock(328)) - Lock on /workdir/hadoop-ozone/integration-test/target/test-dir/MiniOzoneClusterImpl-210d6028-2152-4683-81ff-347b0d29bb13/datanode-3/data/ratis/be90b7e2-782d-4aca-876a-1fe216233206/in_use.lock acquired by nodename 16198@pr-hdds-1569-swxfz-3172132826
2019-09-19 14:21:18,226 [pool-60-thread-1] INFO  storage.RaftStorage (RaftStorage.java:format(72)) - Storage directory /workdir/hadoop-ozone/integration-test/target/test-dir/MiniOzoneClusterImpl-210d6028-2152-4683-81ff-347b0d29bb13/datanode-3/data/ratis/be90b7e2-782d-4aca-876a-1fe216233206 has been successfully formatted.
2019-09-19 14:21:18,227 [pool-60-thread-1] INFO  ratis.ContainerStateMachine (ContainerStateMachine.java:loadSnapshot(226)) - group-1FE216233206: The snapshot info is null. Setting the last applied indexto:(t:0, i:~)
2019-09-19 14:21:18,227 [pool-60-thread-1] INFO  server.RaftServerConfigKeys (ConfUtils.java:logGet(43)) - raft.server.leader.election.timeout = 120s (custom)
2019-09-19 14:21:18,227 [pool-60-thread-1] INFO  server.RaftServerConfigKeys (ConfUtils.java:logGet(43)) - raft.server.log.use.memory = false (default)
2019-09-19 14:21:18,227 [pool-60-thread-1] INFO  server.RaftServerConfigKeys (ConfUtils.java:logGet(43)) - raft.server.log.purge.gap = 1000000 (custom)
2019-09-19 14:21:18,227 [pool-60-thread-1] INFO  server.RaftServerConfigKeys (ConfUtils.java:logGet(43)) - raft.server.log.appender.buffer.byte-limit = 33554432 (custom)
2019-09-19 14:21:18,228 [pool-60-thread-1] INFO  server.RaftServerConfigKeys (ConfUtils.java:logGet(43)) - raft.server.log.segment.size.max = 1048576 (custom)
2019-09-19 14:21:18,228 [pool-60-thread-1] INFO  server.RaftServerConfigKeys (ConfUtils.java:logGet(43)) - raft.server.log.segment.cache.num.max = 2 (custom)
2019-09-19 14:21:18,228 [pool-60-thread-1] INFO  segmented.SegmentedRaftLogWorker (SegmentedRaftLogWorker.java:<init>(172)) - new 6403e584-2209-453b-b79e-eeb0a7b58516-SegmentedRaftLogWorker:Storage Directory /workdir/hadoop-ozone/integration-test/target/test-dir/MiniOzoneClusterImpl-210d6028-2152-4683-81ff-347b0d29bb13/datanode-3/data/ratis/be90b7e2-782d-4aca-876a-1fe216233206 for RaftStorage:Storage Directory /workdir/hadoop-ozone/integration-test/target/test-dir/MiniOzoneClusterImpl-210d6028-2152-4683-81ff-347b0d29bb13/datanode-3/data/ratis/be90b7e2-782d-4aca-876a-1fe216233206
2019-09-19 14:21:18,228 [pool-60-thread-1] INFO  server.RaftServerConfigKeys (ConfUtils.java:logGet(43)) - raft.server.log.queue.byte-limit = 2147483647 (custom)
2019-09-19 14:21:18,228 [pool-60-thread-1] INFO  server.RaftServerConfigKeys (ConfUtils.java:logGet(43)) - raft.server.log.queue.element-limit = 1024 (custom)
2019-09-19 14:21:18,228 [pool-60-thread-1] INFO  server.RaftServerConfigKeys (ConfUtils.java:logGet(43)) - raft.server.log.segment.size.max = 1048576 (custom)
2019-09-19 14:21:18,228 [pool-60-thread-1] INFO  server.RaftServerConfigKeys (ConfUtils.java:logGet(43)) - raft.server.log.preallocated.size = 16384 (custom)
2019-09-19 14:21:18,229 [pool-60-thread-1] INFO  server.RaftServerConfigKeys (ConfUtils.java:logGet(43)) - raft.server.log.write.buffer.size = 33554432 (custom)
2019-09-19 14:21:18,229 [pool-60-thread-1] INFO  server.RaftServerConfigKeys (ConfUtils.java:logGet(43)) - raft.server.log.force.sync.num = 128 (default)
2019-09-19 14:21:18,229 [pool-60-thread-1] INFO  server.RaftServerConfigKeys (ConfUtils.java:logGet(43)) - raft.server.log.statemachine.data.sync = true (default)
2019-09-19 14:21:18,229 [pool-60-thread-1] INFO  server.RaftServerConfigKeys (ConfUtils.java:logGet(43)) - raft.server.log.statemachine.data.sync.timeout = 10s (default)
2019-09-19 14:21:18,229 [pool-60-thread-1] INFO  server.RaftServerConfigKeys (ConfUtils.java:logGet(43)) - raft.server.log.statemachine.data.sync.timeout.retry = -1 (default)
2019-09-19 14:21:18,229 [pool-60-thread-1] INFO  server.RaftServerConfigKeys (ConfUtils.java:logGet(43)) - raft.server.log.statemachine.data.caching.enabled = true (custom)
2019-09-19 14:21:18,230 [pool-60-thread-1] INFO  segmented.SegmentedRaftLogWorker (SegmentedRaftLogWorker.java:lambda$new$0(132)) - 6403e584-2209-453b-b79e-eeb0a7b58516-SegmentedRaftLogWorker:Storage Directory /workdir/hadoop-ozone/integration-test/target/test-dir/MiniOzoneClusterImpl-210d6028-2152-4683-81ff-347b0d29bb13/datanode-3/data/ratis/be90b7e2-782d-4aca-876a-1fe216233206: flushIndex: setUnconditionally 0 -> -1
2019-09-19 14:21:18,230 [pool-60-thread-1] INFO  server.RaftServerConfigKeys (ConfUtils.java:logGet(43)) - raft.server.snapshot.auto.trigger.enabled = true (custom)
2019-09-19 14:21:18,230 [pool-60-thread-1] INFO  server.RaftServerConfigKeys (ConfUtils.java:logGet(43)) - raft.server.snapshot.auto.trigger.threshold = 10000 (custom)
2019-09-19 14:21:18,230 [pool-60-thread-1] INFO  server.RaftServerConfigKeys (ConfUtils.java:logGet(43)) - raft.server.retrycache.expirytime = 600000ms (custom)
2019-09-19 14:21:18,230 [pool-60-thread-1] INFO  impl.RaftServerImpl (RaftServerImpl.java:start(180)) - 6403e584-2209-453b-b79e-eeb0a7b58516: start group-1FE216233206
2019-09-19 14:21:18,231 [pool-60-thread-1] INFO  impl.RaftServerImpl (RaftServerImpl.java:setRole(171)) - 6403e584-2209-453b-b79e-eeb0a7b58516:group-1FE216233206 changes role from null to FOLLOWER at term 0 for startAsFollower
2019-09-19 14:21:18,231 [pool-60-thread-1] INFO  impl.RoleInfo (RoleInfo.java:updateAndGet(143)) - 6403e584-2209-453b-b79e-eeb0a7b58516: start FollowerState
2019-09-19 14:21:18,231 [pool-60-thread-1] INFO  util.JmxRegister (JmxRegister.java:tryRegister(44)) - Successfully registered JMX Bean with object name Ratis:service=RaftServer,group=group-1FE216233206,id=6403e584-2209-453b-b79e-eeb0a7b58516
2019-09-19 14:21:18,233 [RatisPipelineUtilsThread] INFO  pipeline.PipelineStateManager (PipelineStateManager.java:addPipeline(56)) - Created pipeline Pipeline[ Id: be90b7e2-782d-4aca-876a-1fe216233206, Nodes: 6403e584-2209-453b-b79e-eeb0a7b58516{ip: 192.168.157.226, host: pr-hdds-1569-swxfz-3172132826, networkLocation: /default-rack, certSerialId: null}, Type:RATIS, Factor:ONE, State:OPEN]
2019-09-19 14:21:18,238 [grpc-default-executor-1] INFO  impl.RaftServerProxy (RaftServerProxy.java:addNew(89)) - 5dfaa0ea-416a-422c-a75d-43311aceb00a: addNew group-8305BCBB96E8:[5dfaa0ea-416a-422c-a75d-43311aceb00a:192.168.157.226:45629] returns group-8305BCBB96E8:java.util.concurrent.CompletableFuture@34bc7a6f[Not completed]
2019-09-19 14:21:18,240 [pool-38-thread-1] INFO  impl.RaftServerImpl (RaftServerImpl.java:<init>(93)) - 5dfaa0ea-416a-422c-a75d-43311aceb00a: new RaftServerImpl for group-8305BCBB96E8:[5dfaa0ea-416a-422c-a75d-43311aceb00a:192.168.157.226:45629] with ContainerStateMachine:uninitialized
2019-09-19 14:21:18,240 [pool-38-thread-1] INFO  server.RaftServerConfigKeys (ConfUtils.java:logGet(43)) - raft.server.rpc.timeout.min = 5s (custom)
2019-09-19 14:21:18,240 [pool-38-thread-1] INFO  server.RaftServerConfigKeys (ConfUtils.java:logGet(43)) - raft.server.rpc.timeout.max = 5200ms (custom)
2019-09-19 14:21:18,240 [pool-38-thread-1] INFO  server.RaftServerConfigKeys (ConfUtils.java:logGet(43)) - raft.server.rpcslowness.timeout = 120s (custom)
2019-09-19 14:21:18,240 [pool-38-thread-1] INFO  server.RaftServerConfigKeys (ConfUtils.java:logGet(43)) - raft.server.sleep.deviation.threshold = 300 (default)
2019-09-19 14:21:18,240 [pool-38-thread-1] INFO  server.RaftServerConfigKeys (ConfUtils.java:logGet(43)) - raft.server.log.appender.install.snapshot.enabled = false (custom)
2019-09-19 14:21:18,240 [pool-38-thread-1] INFO  impl.RaftServerImpl (ServerState.java:<init>(105)) - 5dfaa0ea-416a-422c-a75d-43311aceb00a:group-8305BCBB96E8 ConfigurationManager, init=-1: [5dfaa0ea-416a-422c-a75d-43311aceb00a:192.168.157.226:45629], old=null, confs=<EMPTY_MAP>
2019-09-19 14:21:18,241 [pool-38-thread-1] INFO  server.RaftServerConfigKeys (ConfUtils.java:logGet(43)) - raft.server.storage.dir = [/workdir/hadoop-ozone/integration-test/target/test-dir/MiniOzoneClusterImpl-210d6028-2152-4683-81ff-347b0d29bb13/datanode-1/data/ratis] (custom)
2019-09-19 14:21:18,241 [pool-38-thread-1] INFO  storage.RaftStorageDirectory (RaftStorageDirectory.java:analyzeStorage(246)) - The storage directory /workdir/hadoop-ozone/integration-test/target/test-dir/MiniOzoneClusterImpl-210d6028-2152-4683-81ff-347b0d29bb13/datanode-1/data/ratis/e4c39688-a8db-40a4-b840-8305bcbb96e8 does not exist. Creating ...
2019-09-19 14:21:18,258 [pool-38-thread-1] INFO  storage.RaftStorageDirectory (RaftStorageDirectory.java:tryLock(328)) - Lock on /workdir/hadoop-ozone/integration-test/target/test-dir/MiniOzoneClusterImpl-210d6028-2152-4683-81ff-347b0d29bb13/datanode-1/data/ratis/e4c39688-a8db-40a4-b840-8305bcbb96e8/in_use.lock acquired by nodename 16198@pr-hdds-1569-swxfz-3172132826
2019-09-19 14:21:18,266 | INFO  | SCMAudit | user=jenkins1000 | ip=192.168.157.226 | op=SEND_HEARTBEAT {datanodeUUID=1190b9a7-12b1-4c15-b33e-f7d0a0cd436c, command=[]} | ret=SUCCESS |  
2019-09-19 14:21:18,275 [pool-38-thread-1] INFO  storage.RaftStorage (RaftStorage.java:format(72)) - Storage directory /workdir/hadoop-ozone/integration-test/target/test-dir/MiniOzoneClusterImpl-210d6028-2152-4683-81ff-347b0d29bb13/datanode-1/data/ratis/e4c39688-a8db-40a4-b840-8305bcbb96e8 has been successfully formatted.
2019-09-19 14:21:18,276 [pool-38-thread-1] INFO  ratis.ContainerStateMachine (ContainerStateMachine.java:loadSnapshot(226)) - group-8305BCBB96E8: The snapshot info is null. Setting the last applied indexto:(t:0, i:~)
2019-09-19 14:21:18,276 [pool-38-thread-1] INFO  server.RaftServerConfigKeys (ConfUtils.java:logGet(43)) - raft.server.leader.election.timeout = 120s (custom)
2019-09-19 14:21:18,276 [pool-38-thread-1] INFO  server.RaftServerConfigKeys (ConfUtils.java:logGet(43)) - raft.server.log.use.memory = false (default)
2019-09-19 14:21:18,276 [pool-38-thread-1] INFO  server.RaftServerConfigKeys (ConfUtils.java:logGet(43)) - raft.server.log.purge.gap = 1000000 (custom)
2019-09-19 14:21:18,276 [pool-38-thread-1] INFO  server.RaftServerConfigKeys (ConfUtils.java:logGet(43)) - raft.server.log.appender.buffer.byte-limit = 33554432 (custom)
2019-09-19 14:21:18,276 [pool-38-thread-1] INFO  server.RaftServerConfigKeys (ConfUtils.java:logGet(43)) - raft.server.log.segment.size.max = 1048576 (custom)
2019-09-19 14:21:18,276 [pool-38-thread-1] INFO  server.RaftServerConfigKeys (ConfUtils.java:logGet(43)) - raft.server.log.segment.cache.num.max = 2 (custom)
2019-09-19 14:21:18,277 [pool-38-thread-1] INFO  segmented.SegmentedRaftLogWorker (SegmentedRaftLogWorker.java:<init>(172)) - new 5dfaa0ea-416a-422c-a75d-43311aceb00a-SegmentedRaftLogWorker:Storage Directory /workdir/hadoop-ozone/integration-test/target/test-dir/MiniOzoneClusterImpl-210d6028-2152-4683-81ff-347b0d29bb13/datanode-1/data/ratis/e4c39688-a8db-40a4-b840-8305bcbb96e8 for RaftStorage:Storage Directory /workdir/hadoop-ozone/integration-test/target/test-dir/MiniOzoneClusterImpl-210d6028-2152-4683-81ff-347b0d29bb13/datanode-1/data/ratis/e4c39688-a8db-40a4-b840-8305bcbb96e8
2019-09-19 14:21:18,277 [pool-38-thread-1] INFO  server.RaftServerConfigKeys (ConfUtils.java:logGet(43)) - raft.server.log.queue.byte-limit = 2147483647 (custom)
2019-09-19 14:21:18,277 [pool-38-thread-1] INFO  server.RaftServerConfigKeys (ConfUtils.java:logGet(43)) - raft.server.log.queue.element-limit = 1024 (custom)
2019-09-19 14:21:18,277 [pool-38-thread-1] INFO  server.RaftServerConfigKeys (ConfUtils.java:logGet(43)) - raft.server.log.segment.size.max = 1048576 (custom)
2019-09-19 14:21:18,277 [pool-38-thread-1] INFO  server.RaftServerConfigKeys (ConfUtils.java:logGet(43)) - raft.server.log.preallocated.size = 16384 (custom)
2019-09-19 14:21:18,277 [pool-38-thread-1] INFO  server.RaftServerConfigKeys (ConfUtils.java:logGet(43)) - raft.server.log.write.buffer.size = 33554432 (custom)
2019-09-19 14:21:18,277 [pool-38-thread-1] INFO  server.RaftServerConfigKeys (ConfUtils.java:logGet(43)) - raft.server.log.force.sync.num = 128 (default)
2019-09-19 14:21:18,278 [pool-38-thread-1] INFO  server.RaftServerConfigKeys (ConfUtils.java:logGet(43)) - raft.server.log.statemachine.data.sync = true (default)
2019-09-19 14:21:18,280 [pool-38-thread-1] INFO  server.RaftServerConfigKeys (ConfUtils.java:logGet(43)) - raft.server.log.statemachine.data.sync.timeout = 10s (default)
2019-09-19 14:21:18,280 [pool-38-thread-1] INFO  server.RaftServerConfigKeys (ConfUtils.java:logGet(43)) - raft.server.log.statemachine.data.sync.timeout.retry = -1 (default)
2019-09-19 14:21:18,280 [pool-38-thread-1] INFO  server.RaftServerConfigKeys (ConfUtils.java:logGet(43)) - raft.server.log.statemachine.data.caching.enabled = true (custom)
2019-09-19 14:21:18,280 [pool-38-thread-1] INFO  segmented.SegmentedRaftLogWorker (SegmentedRaftLogWorker.java:lambda$new$0(132)) - 5dfaa0ea-416a-422c-a75d-43311aceb00a-SegmentedRaftLogWorker:Storage Directory /workdir/hadoop-ozone/integration-test/target/test-dir/MiniOzoneClusterImpl-210d6028-2152-4683-81ff-347b0d29bb13/datanode-1/data/ratis/e4c39688-a8db-40a4-b840-8305bcbb96e8: flushIndex: setUnconditionally 0 -> -1
2019-09-19 14:21:18,281 [pool-38-thread-1] INFO  server.RaftServerConfigKeys (ConfUtils.java:logGet(43)) - raft.server.snapshot.auto.trigger.enabled = true (custom)
2019-09-19 14:21:18,281 [pool-38-thread-1] INFO  server.RaftServerConfigKeys (ConfUtils.java:logGet(43)) - raft.server.snapshot.auto.trigger.threshold = 10000 (custom)
2019-09-19 14:21:18,281 [pool-38-thread-1] INFO  server.RaftServerConfigKeys (ConfUtils.java:logGet(43)) - raft.server.retrycache.expirytime = 600000ms (custom)
2019-09-19 14:21:18,281 [pool-38-thread-1] INFO  impl.RaftServerImpl (RaftServerImpl.java:start(180)) - 5dfaa0ea-416a-422c-a75d-43311aceb00a: start group-8305BCBB96E8
2019-09-19 14:21:18,281 [pool-38-thread-1] INFO  impl.RaftServerImpl (RaftServerImpl.java:setRole(171)) - 5dfaa0ea-416a-422c-a75d-43311aceb00a:group-8305BCBB96E8 changes role from null to FOLLOWER at term 0 for startAsFollower
2019-09-19 14:21:18,282 [pool-38-thread-1] INFO  impl.RoleInfo (RoleInfo.java:updateAndGet(143)) - 5dfaa0ea-416a-422c-a75d-43311aceb00a: start FollowerState
2019-09-19 14:21:18,282 [pool-38-thread-1] INFO  util.JmxRegister (JmxRegister.java:tryRegister(44)) - Successfully registered JMX Bean with object name Ratis:service=RaftServer,group=group-8305BCBB96E8,id=5dfaa0ea-416a-422c-a75d-43311aceb00a
2019-09-19 14:21:18,284 [RatisPipelineUtilsThread] INFO  pipeline.PipelineStateManager (PipelineStateManager.java:addPipeline(56)) - Created pipeline Pipeline[ Id: e4c39688-a8db-40a4-b840-8305bcbb96e8, Nodes: 5dfaa0ea-416a-422c-a75d-43311aceb00a{ip: 192.168.157.226, host: pr-hdds-1569-swxfz-3172132826, networkLocation: /default-rack, certSerialId: null}, Type:RATIS, Factor:ONE, State:OPEN]
2019-09-19 14:21:18,290 [grpc-default-executor-1] INFO  impl.RaftServerProxy (RaftServerProxy.java:addNew(89)) - 85c6a9f3-b9a5-43a5-ac4f-9aa7bd5f2263: addNew group-C7CD4FB69A1A:[85c6a9f3-b9a5-43a5-ac4f-9aa7bd5f2263:192.168.157.226:45170] returns group-C7CD4FB69A1A:java.util.concurrent.CompletableFuture@551cb613[Not completed]
2019-09-19 14:21:18,291 [pool-27-thread-1] INFO  impl.RaftServerImpl (RaftServerImpl.java:<init>(93)) - 85c6a9f3-b9a5-43a5-ac4f-9aa7bd5f2263: new RaftServerImpl for group-C7CD4FB69A1A:[85c6a9f3-b9a5-43a5-ac4f-9aa7bd5f2263:192.168.157.226:45170] with ContainerStateMachine:uninitialized
2019-09-19 14:21:18,291 [pool-27-thread-1] INFO  server.RaftServerConfigKeys (ConfUtils.java:logGet(43)) - raft.server.rpc.timeout.min = 5s (custom)
2019-09-19 14:21:18,291 [pool-27-thread-1] INFO  server.RaftServerConfigKeys (ConfUtils.java:logGet(43)) - raft.server.rpc.timeout.max = 5200ms (custom)
2019-09-19 14:21:18,291 [pool-27-thread-1] INFO  server.RaftServerConfigKeys (ConfUtils.java:logGet(43)) - raft.server.rpcslowness.timeout = 120s (custom)
2019-09-19 14:21:18,291 [pool-27-thread-1] INFO  server.RaftServerConfigKeys (ConfUtils.java:logGet(43)) - raft.server.sleep.deviation.threshold = 300 (default)
2019-09-19 14:21:18,291 [pool-27-thread-1] INFO  server.RaftServerConfigKeys (ConfUtils.java:logGet(43)) - raft.server.log.appender.install.snapshot.enabled = false (custom)
2019-09-19 14:21:18,291 [pool-27-thread-1] INFO  impl.RaftServerImpl (ServerState.java:<init>(105)) - 85c6a9f3-b9a5-43a5-ac4f-9aa7bd5f2263:group-C7CD4FB69A1A ConfigurationManager, init=-1: [85c6a9f3-b9a5-43a5-ac4f-9aa7bd5f2263:192.168.157.226:45170], old=null, confs=<EMPTY_MAP>
2019-09-19 14:21:18,292 [pool-27-thread-1] INFO  server.RaftServerConfigKeys (ConfUtils.java:logGet(43)) - raft.server.storage.dir = [/workdir/hadoop-ozone/integration-test/target/test-dir/MiniOzoneClusterImpl-210d6028-2152-4683-81ff-347b0d29bb13/datanode-0/data/ratis] (custom)
2019-09-19 14:21:18,292 [pool-27-thread-1] INFO  storage.RaftStorageDirectory (RaftStorageDirectory.java:analyzeStorage(246)) - The storage directory /workdir/hadoop-ozone/integration-test/target/test-dir/MiniOzoneClusterImpl-210d6028-2152-4683-81ff-347b0d29bb13/datanode-0/data/ratis/ce2be745-8f08-452d-a777-c7cd4fb69a1a does not exist. Creating ...
2019-09-19 14:21:18,305 [pool-27-thread-1] INFO  storage.RaftStorageDirectory (RaftStorageDirectory.java:tryLock(328)) - Lock on /workdir/hadoop-ozone/integration-test/target/test-dir/MiniOzoneClusterImpl-210d6028-2152-4683-81ff-347b0d29bb13/datanode-0/data/ratis/ce2be745-8f08-452d-a777-c7cd4fb69a1a/in_use.lock acquired by nodename 16198@pr-hdds-1569-swxfz-3172132826
2019-09-19 14:21:18,313 | INFO  | SCMAudit | user=jenkins1000 | ip=192.168.157.226 | op=SEND_HEARTBEAT {datanodeUUID=85c6a9f3-b9a5-43a5-ac4f-9aa7bd5f2263, command=[]} | ret=SUCCESS |  
2019-09-19 14:21:18,318 [pool-27-thread-1] INFO  storage.RaftStorage (RaftStorage.java:format(72)) - Storage directory /workdir/hadoop-ozone/integration-test/target/test-dir/MiniOzoneClusterImpl-210d6028-2152-4683-81ff-347b0d29bb13/datanode-0/data/ratis/ce2be745-8f08-452d-a777-c7cd4fb69a1a has been successfully formatted.
2019-09-19 14:21:18,318 [pool-27-thread-1] INFO  ratis.ContainerStateMachine (ContainerStateMachine.java:loadSnapshot(226)) - group-C7CD4FB69A1A: The snapshot info is null. Setting the last applied indexto:(t:0, i:~)
2019-09-19 14:21:18,318 [pool-27-thread-1] INFO  server.RaftServerConfigKeys (ConfUtils.java:logGet(43)) - raft.server.leader.election.timeout = 120s (custom)
2019-09-19 14:21:18,318 [pool-27-thread-1] INFO  server.RaftServerConfigKeys (ConfUtils.java:logGet(43)) - raft.server.log.use.memory = false (default)
2019-09-19 14:21:18,319 [pool-27-thread-1] INFO  server.RaftServerConfigKeys (ConfUtils.java:logGet(43)) - raft.server.log.purge.gap = 1000000 (custom)
2019-09-19 14:21:18,319 [pool-27-thread-1] INFO  server.RaftServerConfigKeys (ConfUtils.java:logGet(43)) - raft.server.log.appender.buffer.byte-limit = 33554432 (custom)
2019-09-19 14:21:18,319 [pool-27-thread-1] INFO  server.RaftServerConfigKeys (ConfUtils.java:logGet(43)) - raft.server.log.segment.size.max = 1048576 (custom)
2019-09-19 14:21:18,319 [pool-27-thread-1] INFO  server.RaftServerConfigKeys (ConfUtils.java:logGet(43)) - raft.server.log.segment.cache.num.max = 2 (custom)
2019-09-19 14:21:18,319 [pool-27-thread-1] INFO  segmented.SegmentedRaftLogWorker (SegmentedRaftLogWorker.java:<init>(172)) - new 85c6a9f3-b9a5-43a5-ac4f-9aa7bd5f2263-SegmentedRaftLogWorker:Storage Directory /workdir/hadoop-ozone/integration-test/target/test-dir/MiniOzoneClusterImpl-210d6028-2152-4683-81ff-347b0d29bb13/datanode-0/data/ratis/ce2be745-8f08-452d-a777-c7cd4fb69a1a for RaftStorage:Storage Directory /workdir/hadoop-ozone/integration-test/target/test-dir/MiniOzoneClusterImpl-210d6028-2152-4683-81ff-347b0d29bb13/datanode-0/data/ratis/ce2be745-8f08-452d-a777-c7cd4fb69a1a
2019-09-19 14:21:18,319 [pool-27-thread-1] INFO  server.RaftServerConfigKeys (ConfUtils.java:logGet(43)) - raft.server.log.queue.byte-limit = 2147483647 (custom)
2019-09-19 14:21:18,319 [pool-27-thread-1] INFO  server.RaftServerConfigKeys (ConfUtils.java:logGet(43)) - raft.server.log.queue.element-limit = 1024 (custom)
2019-09-19 14:21:18,319 [pool-27-thread-1] INFO  server.RaftServerConfigKeys (ConfUtils.java:logGet(43)) - raft.server.log.segment.size.max = 1048576 (custom)
2019-09-19 14:21:18,319 [pool-27-thread-1] INFO  server.RaftServerConfigKeys (ConfUtils.java:logGet(43)) - raft.server.log.preallocated.size = 16384 (custom)
2019-09-19 14:21:18,319 [pool-27-thread-1] INFO  server.RaftServerConfigKeys (ConfUtils.java:logGet(43)) - raft.server.log.write.buffer.size = 33554432 (custom)
2019-09-19 14:21:18,320 [pool-27-thread-1] INFO  server.RaftServerConfigKeys (ConfUtils.java:logGet(43)) - raft.server.log.force.sync.num = 128 (default)
2019-09-19 14:21:18,320 [pool-27-thread-1] INFO  server.RaftServerConfigKeys (ConfUtils.java:logGet(43)) - raft.server.log.statemachine.data.sync = true (default)
2019-09-19 14:21:18,320 [pool-27-thread-1] INFO  server.RaftServerConfigKeys (ConfUtils.java:logGet(43)) - raft.server.log.statemachine.data.sync.timeout = 10s (default)
2019-09-19 14:21:18,320 [pool-27-thread-1] INFO  server.RaftServerConfigKeys (ConfUtils.java:logGet(43)) - raft.server.log.statemachine.data.sync.timeout.retry = -1 (default)
2019-09-19 14:21:18,320 [pool-27-thread-1] INFO  server.RaftServerConfigKeys (ConfUtils.java:logGet(43)) - raft.server.log.statemachine.data.caching.enabled = true (custom)
2019-09-19 14:21:18,320 [pool-27-thread-1] INFO  segmented.SegmentedRaftLogWorker (SegmentedRaftLogWorker.java:lambda$new$0(132)) - 85c6a9f3-b9a5-43a5-ac4f-9aa7bd5f2263-SegmentedRaftLogWorker:Storage Directory /workdir/hadoop-ozone/integration-test/target/test-dir/MiniOzoneClusterImpl-210d6028-2152-4683-81ff-347b0d29bb13/datanode-0/data/ratis/ce2be745-8f08-452d-a777-c7cd4fb69a1a: flushIndex: setUnconditionally 0 -> -1
2019-09-19 14:21:18,321 [pool-27-thread-1] INFO  server.RaftServerConfigKeys (ConfUtils.java:logGet(43)) - raft.server.snapshot.auto.trigger.enabled = true (custom)
2019-09-19 14:21:18,321 [pool-27-thread-1] INFO  server.RaftServerConfigKeys (ConfUtils.java:logGet(43)) - raft.server.snapshot.auto.trigger.threshold = 10000 (custom)
2019-09-19 14:21:18,321 [pool-27-thread-1] INFO  server.RaftServerConfigKeys (ConfUtils.java:logGet(43)) - raft.server.retrycache.expirytime = 600000ms (custom)
2019-09-19 14:21:18,321 [pool-27-thread-1] INFO  impl.RaftServerImpl (RaftServerImpl.java:start(180)) - 85c6a9f3-b9a5-43a5-ac4f-9aa7bd5f2263: start group-C7CD4FB69A1A
2019-09-19 14:21:18,321 [pool-27-thread-1] INFO  impl.RaftServerImpl (RaftServerImpl.java:setRole(171)) - 85c6a9f3-b9a5-43a5-ac4f-9aa7bd5f2263:group-C7CD4FB69A1A changes role from null to FOLLOWER at term 0 for startAsFollower
2019-09-19 14:21:18,321 [pool-27-thread-1] INFO  impl.RoleInfo (RoleInfo.java:updateAndGet(143)) - 85c6a9f3-b9a5-43a5-ac4f-9aa7bd5f2263: start FollowerState
2019-09-19 14:21:18,321 [pool-27-thread-1] INFO  util.JmxRegister (JmxRegister.java:tryRegister(44)) - Successfully registered JMX Bean with object name Ratis:service=RaftServer,group=group-C7CD4FB69A1A,id=85c6a9f3-b9a5-43a5-ac4f-9aa7bd5f2263
2019-09-19 14:21:18,324 [RatisPipelineUtilsThread] INFO  pipeline.PipelineStateManager (PipelineStateManager.java:addPipeline(56)) - Created pipeline Pipeline[ Id: ce2be745-8f08-452d-a777-c7cd4fb69a1a, Nodes: 85c6a9f3-b9a5-43a5-ac4f-9aa7bd5f2263{ip: 192.168.157.226, host: pr-hdds-1569-swxfz-3172132826, networkLocation: /default-rack, certSerialId: null}, Type:RATIS, Factor:ONE, State:OPEN]
2019-09-19 14:21:18,328 [grpc-default-executor-1] INFO  impl.RaftServerProxy (RaftServerProxy.java:addNew(89)) - 5dfaa0ea-416a-422c-a75d-43311aceb00a: addNew group-B0A45DC59E65:[5dfaa0ea-416a-422c-a75d-43311aceb00a:192.168.157.226:45629] returns group-B0A45DC59E65:java.util.concurrent.CompletableFuture@535cccd5[Not completed]
2019-09-19 14:21:18,329 [pool-38-thread-1] INFO  impl.RaftServerImpl (RaftServerImpl.java:<init>(93)) - 5dfaa0ea-416a-422c-a75d-43311aceb00a: new RaftServerImpl for group-B0A45DC59E65:[5dfaa0ea-416a-422c-a75d-43311aceb00a:192.168.157.226:45629] with ContainerStateMachine:uninitialized
2019-09-19 14:21:18,329 [pool-38-thread-1] INFO  server.RaftServerConfigKeys (ConfUtils.java:logGet(43)) - raft.server.rpc.timeout.min = 5s (custom)
2019-09-19 14:21:18,330 [pool-38-thread-1] INFO  server.RaftServerConfigKeys (ConfUtils.java:logGet(43)) - raft.server.rpc.timeout.max = 5200ms (custom)
2019-09-19 14:21:18,330 [pool-38-thread-1] INFO  server.RaftServerConfigKeys (ConfUtils.java:logGet(43)) - raft.server.rpcslowness.timeout = 120s (custom)
2019-09-19 14:21:18,330 [pool-38-thread-1] INFO  server.RaftServerConfigKeys (ConfUtils.java:logGet(43)) - raft.server.sleep.deviation.threshold = 300 (default)
2019-09-19 14:21:18,330 [pool-38-thread-1] INFO  server.RaftServerConfigKeys (ConfUtils.java:logGet(43)) - raft.server.log.appender.install.snapshot.enabled = false (custom)
2019-09-19 14:21:18,330 [pool-38-thread-1] INFO  impl.RaftServerImpl (ServerState.java:<init>(105)) - 5dfaa0ea-416a-422c-a75d-43311aceb00a:group-B0A45DC59E65 ConfigurationManager, init=-1: [5dfaa0ea-416a-422c-a75d-43311aceb00a:192.168.157.226:45629], old=null, confs=<EMPTY_MAP>
2019-09-19 14:21:18,330 [pool-38-thread-1] INFO  server.RaftServerConfigKeys (ConfUtils.java:logGet(43)) - raft.server.storage.dir = [/workdir/hadoop-ozone/integration-test/target/test-dir/MiniOzoneClusterImpl-210d6028-2152-4683-81ff-347b0d29bb13/datanode-1/data/ratis] (custom)
2019-09-19 14:21:18,330 [pool-38-thread-1] INFO  storage.RaftStorageDirectory (RaftStorageDirectory.java:analyzeStorage(246)) - The storage directory /workdir/hadoop-ozone/integration-test/target/test-dir/MiniOzoneClusterImpl-210d6028-2152-4683-81ff-347b0d29bb13/datanode-1/data/ratis/5b067c44-c03b-4600-aadd-b0a45dc59e65 does not exist. Creating ...
2019-09-19 14:21:18,334 [pool-38-thread-1] INFO  storage.RaftStorageDirectory (RaftStorageDirectory.java:tryLock(328)) - Lock on /workdir/hadoop-ozone/integration-test/target/test-dir/MiniOzoneClusterImpl-210d6028-2152-4683-81ff-347b0d29bb13/datanode-1/data/ratis/5b067c44-c03b-4600-aadd-b0a45dc59e65/in_use.lock acquired by nodename 16198@pr-hdds-1569-swxfz-3172132826
2019-09-19 14:21:18,338 [pool-38-thread-1] INFO  storage.RaftStorage (RaftStorage.java:format(72)) - Storage directory /workdir/hadoop-ozone/integration-test/target/test-dir/MiniOzoneClusterImpl-210d6028-2152-4683-81ff-347b0d29bb13/datanode-1/data/ratis/5b067c44-c03b-4600-aadd-b0a45dc59e65 has been successfully formatted.
2019-09-19 14:21:18,338 [pool-38-thread-1] INFO  ratis.ContainerStateMachine (ContainerStateMachine.java:loadSnapshot(226)) - group-B0A45DC59E65: The snapshot info is null. Setting the last applied indexto:(t:0, i:~)
2019-09-19 14:21:18,338 [pool-38-thread-1] INFO  server.RaftServerConfigKeys (ConfUtils.java:logGet(43)) - raft.server.leader.election.timeout = 120s (custom)
2019-09-19 14:21:18,339 [pool-38-thread-1] INFO  server.RaftServerConfigKeys (ConfUtils.java:logGet(43)) - raft.server.log.use.memory = false (default)
2019-09-19 14:21:18,339 [pool-38-thread-1] INFO  server.RaftServerConfigKeys (ConfUtils.java:logGet(43)) - raft.server.log.purge.gap = 1000000 (custom)
2019-09-19 14:21:18,339 [pool-38-thread-1] INFO  server.RaftServerConfigKeys (ConfUtils.java:logGet(43)) - raft.server.log.appender.buffer.byte-limit = 33554432 (custom)
2019-09-19 14:21:18,339 [pool-38-thread-1] INFO  server.RaftServerConfigKeys (ConfUtils.java:logGet(43)) - raft.server.log.segment.size.max = 1048576 (custom)
2019-09-19 14:21:18,339 [pool-38-thread-1] INFO  server.RaftServerConfigKeys (ConfUtils.java:logGet(43)) - raft.server.log.segment.cache.num.max = 2 (custom)
2019-09-19 14:21:18,339 [pool-38-thread-1] INFO  segmented.SegmentedRaftLogWorker (SegmentedRaftLogWorker.java:<init>(172)) - new 5dfaa0ea-416a-422c-a75d-43311aceb00a-SegmentedRaftLogWorker:Storage Directory /workdir/hadoop-ozone/integration-test/target/test-dir/MiniOzoneClusterImpl-210d6028-2152-4683-81ff-347b0d29bb13/datanode-1/data/ratis/5b067c44-c03b-4600-aadd-b0a45dc59e65 for RaftStorage:Storage Directory /workdir/hadoop-ozone/integration-test/target/test-dir/MiniOzoneClusterImpl-210d6028-2152-4683-81ff-347b0d29bb13/datanode-1/data/ratis/5b067c44-c03b-4600-aadd-b0a45dc59e65
2019-09-19 14:21:18,339 [pool-38-thread-1] INFO  server.RaftServerConfigKeys (ConfUtils.java:logGet(43)) - raft.server.log.queue.byte-limit = 2147483647 (custom)
2019-09-19 14:21:18,339 [pool-38-thread-1] INFO  server.RaftServerConfigKeys (ConfUtils.java:logGet(43)) - raft.server.log.queue.element-limit = 1024 (custom)
2019-09-19 14:21:18,339 [pool-38-thread-1] INFO  server.RaftServerConfigKeys (ConfUtils.java:logGet(43)) - raft.server.log.segment.size.max = 1048576 (custom)
2019-09-19 14:21:18,340 [pool-38-thread-1] INFO  server.RaftServerConfigKeys (ConfUtils.java:logGet(43)) - raft.server.log.preallocated.size = 16384 (custom)
2019-09-19 14:21:18,340 [pool-38-thread-1] INFO  server.RaftServerConfigKeys (ConfUtils.java:logGet(43)) - raft.server.log.write.buffer.size = 33554432 (custom)
2019-09-19 14:21:18,340 [pool-38-thread-1] INFO  server.RaftServerConfigKeys (ConfUtils.java:logGet(43)) - raft.server.log.force.sync.num = 128 (default)
2019-09-19 14:21:18,340 [pool-38-thread-1] INFO  server.RaftServerConfigKeys (ConfUtils.java:logGet(43)) - raft.server.log.statemachine.data.sync = true (default)
2019-09-19 14:21:18,340 [pool-38-thread-1] INFO  server.RaftServerConfigKeys (ConfUtils.java:logGet(43)) - raft.server.log.statemachine.data.sync.timeout = 10s (default)
2019-09-19 14:21:18,340 [pool-38-thread-1] INFO  server.RaftServerConfigKeys (ConfUtils.java:logGet(43)) - raft.server.log.statemachine.data.sync.timeout.retry = -1 (default)
2019-09-19 14:21:18,340 [pool-38-thread-1] INFO  server.RaftServerConfigKeys (ConfUtils.java:logGet(43)) - raft.server.log.statemachine.data.caching.enabled = true (custom)
2019-09-19 14:21:18,340 [pool-38-thread-1] INFO  segmented.SegmentedRaftLogWorker (SegmentedRaftLogWorker.java:lambda$new$0(132)) - 5dfaa0ea-416a-422c-a75d-43311aceb00a-SegmentedRaftLogWorker:Storage Directory /workdir/hadoop-ozone/integration-test/target/test-dir/MiniOzoneClusterImpl-210d6028-2152-4683-81ff-347b0d29bb13/datanode-1/data/ratis/5b067c44-c03b-4600-aadd-b0a45dc59e65: flushIndex: setUnconditionally 0 -> -1
2019-09-19 14:21:18,341 [pool-38-thread-1] INFO  server.RaftServerConfigKeys (ConfUtils.java:logGet(43)) - raft.server.snapshot.auto.trigger.enabled = true (custom)
2019-09-19 14:21:18,341 [pool-38-thread-1] INFO  server.RaftServerConfigKeys (ConfUtils.java:logGet(43)) - raft.server.snapshot.auto.trigger.threshold = 10000 (custom)
2019-09-19 14:21:18,341 [pool-38-thread-1] INFO  server.RaftServerConfigKeys (ConfUtils.java:logGet(43)) - raft.server.retrycache.expirytime = 600000ms (custom)
2019-09-19 14:21:18,341 [pool-38-thread-1] INFO  impl.RaftServerImpl (RaftServerImpl.java:start(180)) - 5dfaa0ea-416a-422c-a75d-43311aceb00a: start group-B0A45DC59E65
2019-09-19 14:21:18,341 [pool-38-thread-1] INFO  impl.RaftServerImpl (RaftServerImpl.java:setRole(171)) - 5dfaa0ea-416a-422c-a75d-43311aceb00a:group-B0A45DC59E65 changes role from null to FOLLOWER at term 0 for startAsFollower
2019-09-19 14:21:18,341 [pool-38-thread-1] INFO  impl.RoleInfo (RoleInfo.java:updateAndGet(143)) - 5dfaa0ea-416a-422c-a75d-43311aceb00a: start FollowerState
2019-09-19 14:21:18,342 [pool-38-thread-1] INFO  util.JmxRegister (JmxRegister.java:tryRegister(44)) - Successfully registered JMX Bean with object name Ratis:service=RaftServer,group=group-B0A45DC59E65,id=5dfaa0ea-416a-422c-a75d-43311aceb00a
2019-09-19 14:21:18,344 [RatisPipelineUtilsThread] INFO  pipeline.PipelineStateManager (PipelineStateManager.java:addPipeline(56)) - Created pipeline Pipeline[ Id: 5b067c44-c03b-4600-aadd-b0a45dc59e65, Nodes: 5dfaa0ea-416a-422c-a75d-43311aceb00a{ip: 192.168.157.226, host: pr-hdds-1569-swxfz-3172132826, networkLocation: /default-rack, certSerialId: null}, Type:RATIS, Factor:ONE, State:OPEN]
2019-09-19 14:21:18,348 [grpc-default-executor-1] INFO  impl.RaftServerProxy (RaftServerProxy.java:addNew(89)) - 6403e584-2209-453b-b79e-eeb0a7b58516: addNew group-CD2933B0793B:[6403e584-2209-453b-b79e-eeb0a7b58516:192.168.157.226:35833] returns group-CD2933B0793B:java.util.concurrent.CompletableFuture@2c2e3b29[Not completed]
2019-09-19 14:21:18,349 [pool-60-thread-1] INFO  impl.RaftServerImpl (RaftServerImpl.java:<init>(93)) - 6403e584-2209-453b-b79e-eeb0a7b58516: new RaftServerImpl for group-CD2933B0793B:[6403e584-2209-453b-b79e-eeb0a7b58516:192.168.157.226:35833] with ContainerStateMachine:uninitialized
2019-09-19 14:21:18,349 [pool-60-thread-1] INFO  server.RaftServerConfigKeys (ConfUtils.java:logGet(43)) - raft.server.rpc.timeout.min = 5s (custom)
2019-09-19 14:21:18,350 [pool-60-thread-1] INFO  server.RaftServerConfigKeys (ConfUtils.java:logGet(43)) - raft.server.rpc.timeout.max = 5200ms (custom)
2019-09-19 14:21:18,350 [pool-60-thread-1] INFO  server.RaftServerConfigKeys (ConfUtils.java:logGet(43)) - raft.server.rpcslowness.timeout = 120s (custom)
2019-09-19 14:21:18,350 [pool-60-thread-1] INFO  server.RaftServerConfigKeys (ConfUtils.java:logGet(43)) - raft.server.sleep.deviation.threshold = 300 (default)
2019-09-19 14:21:18,350 [pool-60-thread-1] INFO  server.RaftServerConfigKeys (ConfUtils.java:logGet(43)) - raft.server.log.appender.install.snapshot.enabled = false (custom)
2019-09-19 14:21:18,350 [pool-60-thread-1] INFO  impl.RaftServerImpl (ServerState.java:<init>(105)) - 6403e584-2209-453b-b79e-eeb0a7b58516:group-CD2933B0793B ConfigurationManager, init=-1: [6403e584-2209-453b-b79e-eeb0a7b58516:192.168.157.226:35833], old=null, confs=<EMPTY_MAP>
2019-09-19 14:21:18,350 [pool-60-thread-1] INFO  server.RaftServerConfigKeys (ConfUtils.java:logGet(43)) - raft.server.storage.dir = [/workdir/hadoop-ozone/integration-test/target/test-dir/MiniOzoneClusterImpl-210d6028-2152-4683-81ff-347b0d29bb13/datanode-3/data/ratis] (custom)
2019-09-19 14:21:18,351 [pool-60-thread-1] INFO  storage.RaftStorageDirectory (RaftStorageDirectory.java:analyzeStorage(246)) - The storage directory /workdir/hadoop-ozone/integration-test/target/test-dir/MiniOzoneClusterImpl-210d6028-2152-4683-81ff-347b0d29bb13/datanode-3/data/ratis/c301aed6-ef51-4541-a15a-cd2933b0793b does not exist. Creating ...
2019-09-19 14:21:18,354 [pool-60-thread-1] INFO  storage.RaftStorageDirectory (RaftStorageDirectory.java:tryLock(328)) - Lock on /workdir/hadoop-ozone/integration-test/target/test-dir/MiniOzoneClusterImpl-210d6028-2152-4683-81ff-347b0d29bb13/datanode-3/data/ratis/c301aed6-ef51-4541-a15a-cd2933b0793b/in_use.lock acquired by nodename 16198@pr-hdds-1569-swxfz-3172132826
2019-09-19 14:21:18,358 [pool-60-thread-1] INFO  storage.RaftStorage (RaftStorage.java:format(72)) - Storage directory /workdir/hadoop-ozone/integration-test/target/test-dir/MiniOzoneClusterImpl-210d6028-2152-4683-81ff-347b0d29bb13/datanode-3/data/ratis/c301aed6-ef51-4541-a15a-cd2933b0793b has been successfully formatted.
2019-09-19 14:21:18,359 [pool-60-thread-1] INFO  ratis.ContainerStateMachine (ContainerStateMachine.java:loadSnapshot(226)) - group-CD2933B0793B: The snapshot info is null. Setting the last applied indexto:(t:0, i:~)
2019-09-19 14:21:18,359 [pool-60-thread-1] INFO  server.RaftServerConfigKeys (ConfUtils.java:logGet(43)) - raft.server.leader.election.timeout = 120s (custom)
2019-09-19 14:21:18,359 [pool-60-thread-1] INFO  server.RaftServerConfigKeys (ConfUtils.java:logGet(43)) - raft.server.log.use.memory = false (default)
2019-09-19 14:21:18,359 [pool-60-thread-1] INFO  server.RaftServerConfigKeys (ConfUtils.java:logGet(43)) - raft.server.log.purge.gap = 1000000 (custom)
2019-09-19 14:21:18,359 [pool-60-thread-1] INFO  server.RaftServerConfigKeys (ConfUtils.java:logGet(43)) - raft.server.log.appender.buffer.byte-limit = 33554432 (custom)
2019-09-19 14:21:18,359 [pool-60-thread-1] INFO  server.RaftServerConfigKeys (ConfUtils.java:logGet(43)) - raft.server.log.segment.size.max = 1048576 (custom)
2019-09-19 14:21:18,359 [pool-60-thread-1] INFO  server.RaftServerConfigKeys (ConfUtils.java:logGet(43)) - raft.server.log.segment.cache.num.max = 2 (custom)
2019-09-19 14:21:18,360 [pool-60-thread-1] INFO  segmented.SegmentedRaftLogWorker (SegmentedRaftLogWorker.java:<init>(172)) - new 6403e584-2209-453b-b79e-eeb0a7b58516-SegmentedRaftLogWorker:Storage Directory /workdir/hadoop-ozone/integration-test/target/test-dir/MiniOzoneClusterImpl-210d6028-2152-4683-81ff-347b0d29bb13/datanode-3/data/ratis/c301aed6-ef51-4541-a15a-cd2933b0793b for RaftStorage:Storage Directory /workdir/hadoop-ozone/integration-test/target/test-dir/MiniOzoneClusterImpl-210d6028-2152-4683-81ff-347b0d29bb13/datanode-3/data/ratis/c301aed6-ef51-4541-a15a-cd2933b0793b
2019-09-19 14:21:18,360 [pool-60-thread-1] INFO  server.RaftServerConfigKeys (ConfUtils.java:logGet(43)) - raft.server.log.queue.byte-limit = 2147483647 (custom)
2019-09-19 14:21:18,360 [pool-60-thread-1] INFO  server.RaftServerConfigKeys (ConfUtils.java:logGet(43)) - raft.server.log.queue.element-limit = 1024 (custom)
2019-09-19 14:21:18,360 [pool-60-thread-1] INFO  server.RaftServerConfigKeys (ConfUtils.java:logGet(43)) - raft.server.log.segment.size.max = 1048576 (custom)
2019-09-19 14:21:18,360 [pool-60-thread-1] INFO  server.RaftServerConfigKeys (ConfUtils.java:logGet(43)) - raft.server.log.preallocated.size = 16384 (custom)
2019-09-19 14:21:18,360 [pool-60-thread-1] INFO  server.RaftServerConfigKeys (ConfUtils.java:logGet(43)) - raft.server.log.write.buffer.size = 33554432 (custom)
2019-09-19 14:21:18,360 [pool-60-thread-1] INFO  server.RaftServerConfigKeys (ConfUtils.java:logGet(43)) - raft.server.log.force.sync.num = 128 (default)
2019-09-19 14:21:18,360 [pool-60-thread-1] INFO  server.RaftServerConfigKeys (ConfUtils.java:logGet(43)) - raft.server.log.statemachine.data.sync = true (default)
2019-09-19 14:21:18,361 [pool-60-thread-1] INFO  server.RaftServerConfigKeys (ConfUtils.java:logGet(43)) - raft.server.log.statemachine.data.sync.timeout = 10s (default)
2019-09-19 14:21:18,361 [pool-60-thread-1] INFO  server.RaftServerConfigKeys (ConfUtils.java:logGet(43)) - raft.server.log.statemachine.data.sync.timeout.retry = -1 (default)
2019-09-19 14:21:18,361 [pool-60-thread-1] INFO  server.RaftServerConfigKeys (ConfUtils.java:logGet(43)) - raft.server.log.statemachine.data.caching.enabled = true (custom)
2019-09-19 14:21:18,361 [pool-60-thread-1] INFO  segmented.SegmentedRaftLogWorker (SegmentedRaftLogWorker.java:lambda$new$0(132)) - 6403e584-2209-453b-b79e-eeb0a7b58516-SegmentedRaftLogWorker:Storage Directory /workdir/hadoop-ozone/integration-test/target/test-dir/MiniOzoneClusterImpl-210d6028-2152-4683-81ff-347b0d29bb13/datanode-3/data/ratis/c301aed6-ef51-4541-a15a-cd2933b0793b: flushIndex: setUnconditionally 0 -> -1
2019-09-19 14:21:18,361 [pool-60-thread-1] INFO  server.RaftServerConfigKeys (ConfUtils.java:logGet(43)) - raft.server.snapshot.auto.trigger.enabled = true (custom)
2019-09-19 14:21:18,362 [pool-60-thread-1] INFO  server.RaftServerConfigKeys (ConfUtils.java:logGet(43)) - raft.server.snapshot.auto.trigger.threshold = 10000 (custom)
2019-09-19 14:21:18,362 [pool-60-thread-1] INFO  server.RaftServerConfigKeys (ConfUtils.java:logGet(43)) - raft.server.retrycache.expirytime = 600000ms (custom)
2019-09-19 14:21:18,362 [pool-60-thread-1] INFO  impl.RaftServerImpl (RaftServerImpl.java:start(180)) - 6403e584-2209-453b-b79e-eeb0a7b58516: start group-CD2933B0793B
2019-09-19 14:21:18,362 [pool-60-thread-1] INFO  impl.RaftServerImpl (RaftServerImpl.java:setRole(171)) - 6403e584-2209-453b-b79e-eeb0a7b58516:group-CD2933B0793B changes role from null to FOLLOWER at term 0 for startAsFollower
2019-09-19 14:21:18,362 [pool-60-thread-1] INFO  impl.RoleInfo (RoleInfo.java:updateAndGet(143)) - 6403e584-2209-453b-b79e-eeb0a7b58516: start FollowerState
2019-09-19 14:21:18,363 [pool-60-thread-1] INFO  util.JmxRegister (JmxRegister.java:tryRegister(44)) - Successfully registered JMX Bean with object name Ratis:service=RaftServer,group=group-CD2933B0793B,id=6403e584-2209-453b-b79e-eeb0a7b58516
2019-09-19 14:21:18,365 [RatisPipelineUtilsThread] INFO  pipeline.PipelineStateManager (PipelineStateManager.java:addPipeline(56)) - Created pipeline Pipeline[ Id: c301aed6-ef51-4541-a15a-cd2933b0793b, Nodes: 6403e584-2209-453b-b79e-eeb0a7b58516{ip: 192.168.157.226, host: pr-hdds-1569-swxfz-3172132826, networkLocation: /default-rack, certSerialId: null}, Type:RATIS, Factor:ONE, State:OPEN]
2019-09-19 14:21:18,369 [grpc-default-executor-1] INFO  impl.RaftServerProxy (RaftServerProxy.java:addNew(89)) - 5dfaa0ea-416a-422c-a75d-43311aceb00a: addNew group-0E840A7D0B0D:[5dfaa0ea-416a-422c-a75d-43311aceb00a:192.168.157.226:45629] returns group-0E840A7D0B0D:java.util.concurrent.CompletableFuture@386d8d14[Not completed]
2019-09-19 14:21:18,370 [pool-38-thread-1] INFO  impl.RaftServerImpl (RaftServerImpl.java:<init>(93)) - 5dfaa0ea-416a-422c-a75d-43311aceb00a: new RaftServerImpl for group-0E840A7D0B0D:[5dfaa0ea-416a-422c-a75d-43311aceb00a:192.168.157.226:45629] with ContainerStateMachine:uninitialized
2019-09-19 14:21:18,370 [pool-38-thread-1] INFO  server.RaftServerConfigKeys (ConfUtils.java:logGet(43)) - raft.server.rpc.timeout.min = 5s (custom)
2019-09-19 14:21:18,370 [pool-38-thread-1] INFO  server.RaftServerConfigKeys (ConfUtils.java:logGet(43)) - raft.server.rpc.timeout.max = 5200ms (custom)
2019-09-19 14:21:18,370 [pool-38-thread-1] INFO  server.RaftServerConfigKeys (ConfUtils.java:logGet(43)) - raft.server.rpcslowness.timeout = 120s (custom)
2019-09-19 14:21:18,371 [pool-38-thread-1] INFO  server.RaftServerConfigKeys (ConfUtils.java:logGet(43)) - raft.server.sleep.deviation.threshold = 300 (default)
2019-09-19 14:21:18,371 [pool-38-thread-1] INFO  server.RaftServerConfigKeys (ConfUtils.java:logGet(43)) - raft.server.log.appender.install.snapshot.enabled = false (custom)
2019-09-19 14:21:18,371 [pool-38-thread-1] INFO  impl.RaftServerImpl (ServerState.java:<init>(105)) - 5dfaa0ea-416a-422c-a75d-43311aceb00a:group-0E840A7D0B0D ConfigurationManager, init=-1: [5dfaa0ea-416a-422c-a75d-43311aceb00a:192.168.157.226:45629], old=null, confs=<EMPTY_MAP>
2019-09-19 14:21:18,371 [pool-38-thread-1] INFO  server.RaftServerConfigKeys (ConfUtils.java:logGet(43)) - raft.server.storage.dir = [/workdir/hadoop-ozone/integration-test/target/test-dir/MiniOzoneClusterImpl-210d6028-2152-4683-81ff-347b0d29bb13/datanode-1/data/ratis] (custom)
2019-09-19 14:21:18,371 [pool-38-thread-1] INFO  storage.RaftStorageDirectory (RaftStorageDirectory.java:analyzeStorage(246)) - The storage directory /workdir/hadoop-ozone/integration-test/target/test-dir/MiniOzoneClusterImpl-210d6028-2152-4683-81ff-347b0d29bb13/datanode-1/data/ratis/68bcb93a-8f3f-42d7-95c4-0e840a7d0b0d does not exist. Creating ...
2019-09-19 14:21:18,376 [pool-38-thread-1] INFO  storage.RaftStorageDirectory (RaftStorageDirectory.java:tryLock(328)) - Lock on /workdir/hadoop-ozone/integration-test/target/test-dir/MiniOzoneClusterImpl-210d6028-2152-4683-81ff-347b0d29bb13/datanode-1/data/ratis/68bcb93a-8f3f-42d7-95c4-0e840a7d0b0d/in_use.lock acquired by nodename 16198@pr-hdds-1569-swxfz-3172132826
2019-09-19 14:21:18,381 [pool-38-thread-1] INFO  storage.RaftStorage (RaftStorage.java:format(72)) - Storage directory /workdir/hadoop-ozone/integration-test/target/test-dir/MiniOzoneClusterImpl-210d6028-2152-4683-81ff-347b0d29bb13/datanode-1/data/ratis/68bcb93a-8f3f-42d7-95c4-0e840a7d0b0d has been successfully formatted.
2019-09-19 14:21:18,381 [pool-38-thread-1] INFO  ratis.ContainerStateMachine (ContainerStateMachine.java:loadSnapshot(226)) - group-0E840A7D0B0D: The snapshot info is null. Setting the last applied indexto:(t:0, i:~)
2019-09-19 14:21:18,381 [pool-38-thread-1] INFO  server.RaftServerConfigKeys (ConfUtils.java:logGet(43)) - raft.server.leader.election.timeout = 120s (custom)
2019-09-19 14:21:18,381 [pool-38-thread-1] INFO  server.RaftServerConfigKeys (ConfUtils.java:logGet(43)) - raft.server.log.use.memory = false (default)
2019-09-19 14:21:18,382 [pool-38-thread-1] INFO  server.RaftServerConfigKeys (ConfUtils.java:logGet(43)) - raft.server.log.purge.gap = 1000000 (custom)
2019-09-19 14:21:18,382 [pool-38-thread-1] INFO  server.RaftServerConfigKeys (ConfUtils.java:logGet(43)) - raft.server.log.appender.buffer.byte-limit = 33554432 (custom)
2019-09-19 14:21:18,382 [pool-38-thread-1] INFO  server.RaftServerConfigKeys (ConfUtils.java:logGet(43)) - raft.server.log.segment.size.max = 1048576 (custom)
2019-09-19 14:21:18,382 [pool-38-thread-1] INFO  server.RaftServerConfigKeys (ConfUtils.java:logGet(43)) - raft.server.log.segment.cache.num.max = 2 (custom)
2019-09-19 14:21:18,382 [pool-38-thread-1] INFO  segmented.SegmentedRaftLogWorker (SegmentedRaftLogWorker.java:<init>(172)) - new 5dfaa0ea-416a-422c-a75d-43311aceb00a-SegmentedRaftLogWorker:Storage Directory /workdir/hadoop-ozone/integration-test/target/test-dir/MiniOzoneClusterImpl-210d6028-2152-4683-81ff-347b0d29bb13/datanode-1/data/ratis/68bcb93a-8f3f-42d7-95c4-0e840a7d0b0d for RaftStorage:Storage Directory /workdir/hadoop-ozone/integration-test/target/test-dir/MiniOzoneClusterImpl-210d6028-2152-4683-81ff-347b0d29bb13/datanode-1/data/ratis/68bcb93a-8f3f-42d7-95c4-0e840a7d0b0d
2019-09-19 14:21:18,382 [pool-38-thread-1] INFO  server.RaftServerConfigKeys (ConfUtils.java:logGet(43)) - raft.server.log.queue.byte-limit = 2147483647 (custom)
2019-09-19 14:21:18,382 [pool-38-thread-1] INFO  server.RaftServerConfigKeys (ConfUtils.java:logGet(43)) - raft.server.log.queue.element-limit = 1024 (custom)
2019-09-19 14:21:18,382 [pool-38-thread-1] INFO  server.RaftServerConfigKeys (ConfUtils.java:logGet(43)) - raft.server.log.segment.size.max = 1048576 (custom)
2019-09-19 14:21:18,383 [pool-38-thread-1] INFO  server.RaftServerConfigKeys (ConfUtils.java:logGet(43)) - raft.server.log.preallocated.size = 16384 (custom)
2019-09-19 14:21:18,383 [pool-38-thread-1] INFO  server.RaftServerConfigKeys (ConfUtils.java:logGet(43)) - raft.server.log.write.buffer.size = 33554432 (custom)
2019-09-19 14:21:18,383 [pool-38-thread-1] INFO  server.RaftServerConfigKeys (ConfUtils.java:logGet(43)) - raft.server.log.force.sync.num = 128 (default)
2019-09-19 14:21:18,383 [pool-38-thread-1] INFO  server.RaftServerConfigKeys (ConfUtils.java:logGet(43)) - raft.server.log.statemachine.data.sync = true (default)
2019-09-19 14:21:18,383 [pool-38-thread-1] INFO  server.RaftServerConfigKeys (ConfUtils.java:logGet(43)) - raft.server.log.statemachine.data.sync.timeout = 10s (default)
2019-09-19 14:21:18,383 [pool-38-thread-1] INFO  server.RaftServerConfigKeys (ConfUtils.java:logGet(43)) - raft.server.log.statemachine.data.sync.timeout.retry = -1 (default)
2019-09-19 14:21:18,383 [pool-38-thread-1] INFO  server.RaftServerConfigKeys (ConfUtils.java:logGet(43)) - raft.server.log.statemachine.data.caching.enabled = true (custom)
2019-09-19 14:21:18,384 [pool-38-thread-1] INFO  segmented.SegmentedRaftLogWorker (SegmentedRaftLogWorker.java:lambda$new$0(132)) - 5dfaa0ea-416a-422c-a75d-43311aceb00a-SegmentedRaftLogWorker:Storage Directory /workdir/hadoop-ozone/integration-test/target/test-dir/MiniOzoneClusterImpl-210d6028-2152-4683-81ff-347b0d29bb13/datanode-1/data/ratis/68bcb93a-8f3f-42d7-95c4-0e840a7d0b0d: flushIndex: setUnconditionally 0 -> -1
2019-09-19 14:21:18,384 [pool-38-thread-1] INFO  server.RaftServerConfigKeys (ConfUtils.java:logGet(43)) - raft.server.snapshot.auto.trigger.enabled = true (custom)
2019-09-19 14:21:18,384 [pool-38-thread-1] INFO  server.RaftServerConfigKeys (ConfUtils.java:logGet(43)) - raft.server.snapshot.auto.trigger.threshold = 10000 (custom)
2019-09-19 14:21:18,384 [pool-38-thread-1] INFO  server.RaftServerConfigKeys (ConfUtils.java:logGet(43)) - raft.server.retrycache.expirytime = 600000ms (custom)
2019-09-19 14:21:18,384 [pool-38-thread-1] INFO  impl.RaftServerImpl (RaftServerImpl.java:start(180)) - 5dfaa0ea-416a-422c-a75d-43311aceb00a: start group-0E840A7D0B0D
2019-09-19 14:21:18,385 [pool-38-thread-1] INFO  impl.RaftServerImpl (RaftServerImpl.java:setRole(171)) - 5dfaa0ea-416a-422c-a75d-43311aceb00a:group-0E840A7D0B0D changes role from null to FOLLOWER at term 0 for startAsFollower
2019-09-19 14:21:18,385 [pool-38-thread-1] INFO  impl.RoleInfo (RoleInfo.java:updateAndGet(143)) - 5dfaa0ea-416a-422c-a75d-43311aceb00a: start FollowerState
2019-09-19 14:21:18,385 [pool-38-thread-1] INFO  util.JmxRegister (JmxRegister.java:tryRegister(44)) - Successfully registered JMX Bean with object name Ratis:service=RaftServer,group=group-0E840A7D0B0D,id=5dfaa0ea-416a-422c-a75d-43311aceb00a
2019-09-19 14:21:18,387 [RatisPipelineUtilsThread] INFO  pipeline.PipelineStateManager (PipelineStateManager.java:addPipeline(56)) - Created pipeline Pipeline[ Id: 68bcb93a-8f3f-42d7-95c4-0e840a7d0b0d, Nodes: 5dfaa0ea-416a-422c-a75d-43311aceb00a{ip: 192.168.157.226, host: pr-hdds-1569-swxfz-3172132826, networkLocation: /default-rack, certSerialId: null}, Type:RATIS, Factor:ONE, State:OPEN]
2019-09-19 14:21:18,392 [grpc-default-executor-1] INFO  impl.RaftServerProxy (RaftServerProxy.java:addNew(89)) - 306a7a99-f2a5-4f40-b42b-2fc2def08a6a: addNew group-96513C34E79C:[306a7a99-f2a5-4f40-b42b-2fc2def08a6a:192.168.157.226:42633] returns group-96513C34E79C:java.util.concurrent.CompletableFuture@6c28d4db[Not completed]
2019-09-19 14:21:18,393 [pool-49-thread-1] INFO  impl.RaftServerImpl (RaftServerImpl.java:<init>(93)) - 306a7a99-f2a5-4f40-b42b-2fc2def08a6a: new RaftServerImpl for group-96513C34E79C:[306a7a99-f2a5-4f40-b42b-2fc2def08a6a:192.168.157.226:42633] with ContainerStateMachine:uninitialized
2019-09-19 14:21:18,393 [pool-49-thread-1] INFO  server.RaftServerConfigKeys (ConfUtils.java:logGet(43)) - raft.server.rpc.timeout.min = 5s (custom)
2019-09-19 14:21:18,393 [pool-49-thread-1] INFO  server.RaftServerConfigKeys (ConfUtils.java:logGet(43)) - raft.server.rpc.timeout.max = 5200ms (custom)
2019-09-19 14:21:18,393 [pool-49-thread-1] INFO  server.RaftServerConfigKeys (ConfUtils.java:logGet(43)) - raft.server.rpcslowness.timeout = 120s (custom)
2019-09-19 14:21:18,393 [pool-49-thread-1] INFO  server.RaftServerConfigKeys (ConfUtils.java:logGet(43)) - raft.server.sleep.deviation.threshold = 300 (default)
2019-09-19 14:21:18,393 [pool-49-thread-1] INFO  server.RaftServerConfigKeys (ConfUtils.java:logGet(43)) - raft.server.log.appender.install.snapshot.enabled = false (custom)
2019-09-19 14:21:18,393 [pool-49-thread-1] INFO  impl.RaftServerImpl (ServerState.java:<init>(105)) - 306a7a99-f2a5-4f40-b42b-2fc2def08a6a:group-96513C34E79C ConfigurationManager, init=-1: [306a7a99-f2a5-4f40-b42b-2fc2def08a6a:192.168.157.226:42633], old=null, confs=<EMPTY_MAP>
2019-09-19 14:21:18,393 [pool-49-thread-1] INFO  server.RaftServerConfigKeys (ConfUtils.java:logGet(43)) - raft.server.storage.dir = [/workdir/hadoop-ozone/integration-test/target/test-dir/MiniOzoneClusterImpl-210d6028-2152-4683-81ff-347b0d29bb13/datanode-2/data/ratis] (custom)
2019-09-19 14:21:18,394 [pool-49-thread-1] INFO  storage.RaftStorageDirectory (RaftStorageDirectory.java:analyzeStorage(246)) - The storage directory /workdir/hadoop-ozone/integration-test/target/test-dir/MiniOzoneClusterImpl-210d6028-2152-4683-81ff-347b0d29bb13/datanode-2/data/ratis/1359b96d-f500-4bb6-9160-96513c34e79c does not exist. Creating ...
2019-09-19 14:21:18,397 [pool-49-thread-1] INFO  storage.RaftStorageDirectory (RaftStorageDirectory.java:tryLock(328)) - Lock on /workdir/hadoop-ozone/integration-test/target/test-dir/MiniOzoneClusterImpl-210d6028-2152-4683-81ff-347b0d29bb13/datanode-2/data/ratis/1359b96d-f500-4bb6-9160-96513c34e79c/in_use.lock acquired by nodename 16198@pr-hdds-1569-swxfz-3172132826
2019-09-19 14:21:18,401 [pool-49-thread-1] INFO  storage.RaftStorage (RaftStorage.java:format(72)) - Storage directory /workdir/hadoop-ozone/integration-test/target/test-dir/MiniOzoneClusterImpl-210d6028-2152-4683-81ff-347b0d29bb13/datanode-2/data/ratis/1359b96d-f500-4bb6-9160-96513c34e79c has been successfully formatted.
2019-09-19 14:21:18,401 [pool-49-thread-1] INFO  ratis.ContainerStateMachine (ContainerStateMachine.java:loadSnapshot(226)) - group-96513C34E79C: The snapshot info is null. Setting the last applied indexto:(t:0, i:~)
2019-09-19 14:21:18,401 [pool-49-thread-1] INFO  server.RaftServerConfigKeys (ConfUtils.java:logGet(43)) - raft.server.leader.election.timeout = 120s (custom)
2019-09-19 14:21:18,401 [pool-49-thread-1] INFO  server.RaftServerConfigKeys (ConfUtils.java:logGet(43)) - raft.server.log.use.memory = false (default)
2019-09-19 14:21:18,402 [pool-49-thread-1] INFO  server.RaftServerConfigKeys (ConfUtils.java:logGet(43)) - raft.server.log.purge.gap = 1000000 (custom)
2019-09-19 14:21:18,402 [pool-49-thread-1] INFO  server.RaftServerConfigKeys (ConfUtils.java:logGet(43)) - raft.server.log.appender.buffer.byte-limit = 33554432 (custom)
2019-09-19 14:21:18,402 [pool-49-thread-1] INFO  server.RaftServerConfigKeys (ConfUtils.java:logGet(43)) - raft.server.log.segment.size.max = 1048576 (custom)
2019-09-19 14:21:18,402 [pool-49-thread-1] INFO  server.RaftServerConfigKeys (ConfUtils.java:logGet(43)) - raft.server.log.segment.cache.num.max = 2 (custom)
2019-09-19 14:21:18,402 [pool-49-thread-1] INFO  segmented.SegmentedRaftLogWorker (SegmentedRaftLogWorker.java:<init>(172)) - new 306a7a99-f2a5-4f40-b42b-2fc2def08a6a-SegmentedRaftLogWorker:Storage Directory /workdir/hadoop-ozone/integration-test/target/test-dir/MiniOzoneClusterImpl-210d6028-2152-4683-81ff-347b0d29bb13/datanode-2/data/ratis/1359b96d-f500-4bb6-9160-96513c34e79c for RaftStorage:Storage Directory /workdir/hadoop-ozone/integration-test/target/test-dir/MiniOzoneClusterImpl-210d6028-2152-4683-81ff-347b0d29bb13/datanode-2/data/ratis/1359b96d-f500-4bb6-9160-96513c34e79c
2019-09-19 14:21:18,402 [pool-49-thread-1] INFO  server.RaftServerConfigKeys (ConfUtils.java:logGet(43)) - raft.server.log.queue.byte-limit = 2147483647 (custom)
2019-09-19 14:21:18,402 [pool-49-thread-1] INFO  server.RaftServerConfigKeys (ConfUtils.java:logGet(43)) - raft.server.log.queue.element-limit = 1024 (custom)
2019-09-19 14:21:18,402 [pool-49-thread-1] INFO  server.RaftServerConfigKeys (ConfUtils.java:logGet(43)) - raft.server.log.segment.size.max = 1048576 (custom)
2019-09-19 14:21:18,403 [pool-49-thread-1] INFO  server.RaftServerConfigKeys (ConfUtils.java:logGet(43)) - raft.server.log.preallocated.size = 16384 (custom)
2019-09-19 14:21:18,403 [pool-49-thread-1] INFO  server.RaftServerConfigKeys (ConfUtils.java:logGet(43)) - raft.server.log.write.buffer.size = 33554432 (custom)
2019-09-19 14:21:18,403 [pool-49-thread-1] INFO  server.RaftServerConfigKeys (ConfUtils.java:logGet(43)) - raft.server.log.force.sync.num = 128 (default)
2019-09-19 14:21:18,403 [pool-49-thread-1] INFO  server.RaftServerConfigKeys (ConfUtils.java:logGet(43)) - raft.server.log.statemachine.data.sync = true (default)
2019-09-19 14:21:18,403 [pool-49-thread-1] INFO  server.RaftServerConfigKeys (ConfUtils.java:logGet(43)) - raft.server.log.statemachine.data.sync.timeout = 10s (default)
2019-09-19 14:21:18,403 [pool-49-thread-1] INFO  server.RaftServerConfigKeys (ConfUtils.java:logGet(43)) - raft.server.log.statemachine.data.sync.timeout.retry = -1 (default)
2019-09-19 14:21:18,403 [pool-49-thread-1] INFO  server.RaftServerConfigKeys (ConfUtils.java:logGet(43)) - raft.server.log.statemachine.data.caching.enabled = true (custom)
2019-09-19 14:21:18,404 [pool-49-thread-1] INFO  segmented.SegmentedRaftLogWorker (SegmentedRaftLogWorker.java:lambda$new$0(132)) - 306a7a99-f2a5-4f40-b42b-2fc2def08a6a-SegmentedRaftLogWorker:Storage Directory /workdir/hadoop-ozone/integration-test/target/test-dir/MiniOzoneClusterImpl-210d6028-2152-4683-81ff-347b0d29bb13/datanode-2/data/ratis/1359b96d-f500-4bb6-9160-96513c34e79c: flushIndex: setUnconditionally 0 -> -1
2019-09-19 14:21:18,404 [pool-49-thread-1] INFO  server.RaftServerConfigKeys (ConfUtils.java:logGet(43)) - raft.server.snapshot.auto.trigger.enabled = true (custom)
2019-09-19 14:21:18,404 [pool-49-thread-1] INFO  server.RaftServerConfigKeys (ConfUtils.java:logGet(43)) - raft.server.snapshot.auto.trigger.threshold = 10000 (custom)
2019-09-19 14:21:18,404 [pool-49-thread-1] INFO  server.RaftServerConfigKeys (ConfUtils.java:logGet(43)) - raft.server.retrycache.expirytime = 600000ms (custom)
2019-09-19 14:21:18,404 [pool-49-thread-1] INFO  impl.RaftServerImpl (RaftServerImpl.java:start(180)) - 306a7a99-f2a5-4f40-b42b-2fc2def08a6a: start group-96513C34E79C
2019-09-19 14:21:18,404 [pool-49-thread-1] INFO  impl.RaftServerImpl (RaftServerImpl.java:setRole(171)) - 306a7a99-f2a5-4f40-b42b-2fc2def08a6a:group-96513C34E79C changes role from null to FOLLOWER at term 0 for startAsFollower
2019-09-19 14:21:18,405 [pool-49-thread-1] INFO  impl.RoleInfo (RoleInfo.java:updateAndGet(143)) - 306a7a99-f2a5-4f40-b42b-2fc2def08a6a: start FollowerState
2019-09-19 14:21:18,405 [pool-49-thread-1] INFO  util.JmxRegister (JmxRegister.java:tryRegister(44)) - Successfully registered JMX Bean with object name Ratis:service=RaftServer,group=group-96513C34E79C,id=306a7a99-f2a5-4f40-b42b-2fc2def08a6a
2019-09-19 14:21:18,407 [RatisPipelineUtilsThread] INFO  pipeline.PipelineStateManager (PipelineStateManager.java:addPipeline(56)) - Created pipeline Pipeline[ Id: 1359b96d-f500-4bb6-9160-96513c34e79c, Nodes: 306a7a99-f2a5-4f40-b42b-2fc2def08a6a{ip: 192.168.157.226, host: pr-hdds-1569-swxfz-3172132826, networkLocation: /default-rack, certSerialId: null}, Type:RATIS, Factor:ONE, State:OPEN]
2019-09-19 14:21:18,411 [grpc-default-executor-1] INFO  impl.RaftServerProxy (RaftServerProxy.java:addNew(89)) - 306a7a99-f2a5-4f40-b42b-2fc2def08a6a: addNew group-040322C3D435:[306a7a99-f2a5-4f40-b42b-2fc2def08a6a:192.168.157.226:42633] returns group-040322C3D435:java.util.concurrent.CompletableFuture@2390978c[Not completed]
2019-09-19 14:21:18,412 [pool-49-thread-1] INFO  impl.RaftServerImpl (RaftServerImpl.java:<init>(93)) - 306a7a99-f2a5-4f40-b42b-2fc2def08a6a: new RaftServerImpl for group-040322C3D435:[306a7a99-f2a5-4f40-b42b-2fc2def08a6a:192.168.157.226:42633] with ContainerStateMachine:uninitialized
2019-09-19 14:21:18,412 [pool-49-thread-1] INFO  server.RaftServerConfigKeys (ConfUtils.java:logGet(43)) - raft.server.rpc.timeout.min = 5s (custom)
2019-09-19 14:21:18,412 [pool-49-thread-1] INFO  server.RaftServerConfigKeys (ConfUtils.java:logGet(43)) - raft.server.rpc.timeout.max = 5200ms (custom)
2019-09-19 14:21:18,412 [pool-49-thread-1] INFO  server.RaftServerConfigKeys (ConfUtils.java:logGet(43)) - raft.server.rpcslowness.timeout = 120s (custom)
2019-09-19 14:21:18,413 [pool-49-thread-1] INFO  server.RaftServerConfigKeys (ConfUtils.java:logGet(43)) - raft.server.sleep.deviation.threshold = 300 (default)
2019-09-19 14:21:18,413 [pool-49-thread-1] INFO  server.RaftServerConfigKeys (ConfUtils.java:logGet(43)) - raft.server.log.appender.install.snapshot.enabled = false (custom)
2019-09-19 14:21:18,413 [pool-49-thread-1] INFO  impl.RaftServerImpl (ServerState.java:<init>(105)) - 306a7a99-f2a5-4f40-b42b-2fc2def08a6a:group-040322C3D435 ConfigurationManager, init=-1: [306a7a99-f2a5-4f40-b42b-2fc2def08a6a:192.168.157.226:42633], old=null, confs=<EMPTY_MAP>
2019-09-19 14:21:18,413 [pool-49-thread-1] INFO  server.RaftServerConfigKeys (ConfUtils.java:logGet(43)) - raft.server.storage.dir = [/workdir/hadoop-ozone/integration-test/target/test-dir/MiniOzoneClusterImpl-210d6028-2152-4683-81ff-347b0d29bb13/datanode-2/data/ratis] (custom)
2019-09-19 14:21:18,413 [pool-49-thread-1] INFO  storage.RaftStorageDirectory (RaftStorageDirectory.java:analyzeStorage(246)) - The storage directory /workdir/hadoop-ozone/integration-test/target/test-dir/MiniOzoneClusterImpl-210d6028-2152-4683-81ff-347b0d29bb13/datanode-2/data/ratis/f329c24d-1edd-4435-aec9-040322c3d435 does not exist. Creating ...
2019-09-19 14:21:18,417 [pool-49-thread-1] INFO  storage.RaftStorageDirectory (RaftStorageDirectory.java:tryLock(328)) - Lock on /workdir/hadoop-ozone/integration-test/target/test-dir/MiniOzoneClusterImpl-210d6028-2152-4683-81ff-347b0d29bb13/datanode-2/data/ratis/f329c24d-1edd-4435-aec9-040322c3d435/in_use.lock acquired by nodename 16198@pr-hdds-1569-swxfz-3172132826
2019-09-19 14:21:18,420 [pool-49-thread-1] INFO  storage.RaftStorage (RaftStorage.java:format(72)) - Storage directory /workdir/hadoop-ozone/integration-test/target/test-dir/MiniOzoneClusterImpl-210d6028-2152-4683-81ff-347b0d29bb13/datanode-2/data/ratis/f329c24d-1edd-4435-aec9-040322c3d435 has been successfully formatted.
2019-09-19 14:21:18,421 [pool-49-thread-1] INFO  ratis.ContainerStateMachine (ContainerStateMachine.java:loadSnapshot(226)) - group-040322C3D435: The snapshot info is null. Setting the last applied indexto:(t:0, i:~)
2019-09-19 14:21:18,421 [pool-49-thread-1] INFO  server.RaftServerConfigKeys (ConfUtils.java:logGet(43)) - raft.server.leader.election.timeout = 120s (custom)
2019-09-19 14:21:18,421 [pool-49-thread-1] INFO  server.RaftServerConfigKeys (ConfUtils.java:logGet(43)) - raft.server.log.use.memory = false (default)
2019-09-19 14:21:18,421 [pool-49-thread-1] INFO  server.RaftServerConfigKeys (ConfUtils.java:logGet(43)) - raft.server.log.purge.gap = 1000000 (custom)
2019-09-19 14:21:18,421 [pool-49-thread-1] INFO  server.RaftServerConfigKeys (ConfUtils.java:logGet(43)) - raft.server.log.appender.buffer.byte-limit = 33554432 (custom)
2019-09-19 14:21:18,421 [pool-49-thread-1] INFO  server.RaftServerConfigKeys (ConfUtils.java:logGet(43)) - raft.server.log.segment.size.max = 1048576 (custom)
2019-09-19 14:21:18,421 [pool-49-thread-1] INFO  server.RaftServerConfigKeys (ConfUtils.java:logGet(43)) - raft.server.log.segment.cache.num.max = 2 (custom)
2019-09-19 14:21:18,421 [pool-49-thread-1] INFO  segmented.SegmentedRaftLogWorker (SegmentedRaftLogWorker.java:<init>(172)) - new 306a7a99-f2a5-4f40-b42b-2fc2def08a6a-SegmentedRaftLogWorker:Storage Directory /workdir/hadoop-ozone/integration-test/target/test-dir/MiniOzoneClusterImpl-210d6028-2152-4683-81ff-347b0d29bb13/datanode-2/data/ratis/f329c24d-1edd-4435-aec9-040322c3d435 for RaftStorage:Storage Directory /workdir/hadoop-ozone/integration-test/target/test-dir/MiniOzoneClusterImpl-210d6028-2152-4683-81ff-347b0d29bb13/datanode-2/data/ratis/f329c24d-1edd-4435-aec9-040322c3d435
2019-09-19 14:21:18,422 [pool-49-thread-1] INFO  server.RaftServerConfigKeys (ConfUtils.java:logGet(43)) - raft.server.log.queue.byte-limit = 2147483647 (custom)
2019-09-19 14:21:18,422 [pool-49-thread-1] INFO  server.RaftServerConfigKeys (ConfUtils.java:logGet(43)) - raft.server.log.queue.element-limit = 1024 (custom)
2019-09-19 14:21:18,422 [pool-49-thread-1] INFO  server.RaftServerConfigKeys (ConfUtils.java:logGet(43)) - raft.server.log.segment.size.max = 1048576 (custom)
2019-09-19 14:21:18,422 [pool-49-thread-1] INFO  server.RaftServerConfigKeys (ConfUtils.java:logGet(43)) - raft.server.log.preallocated.size = 16384 (custom)
2019-09-19 14:21:18,422 [pool-49-thread-1] INFO  server.RaftServerConfigKeys (ConfUtils.java:logGet(43)) - raft.server.log.write.buffer.size = 33554432 (custom)
2019-09-19 14:21:18,422 [pool-49-thread-1] INFO  server.RaftServerConfigKeys (ConfUtils.java:logGet(43)) - raft.server.log.force.sync.num = 128 (default)
2019-09-19 14:21:18,422 [pool-49-thread-1] INFO  server.RaftServerConfigKeys (ConfUtils.java:logGet(43)) - raft.server.log.statemachine.data.sync = true (default)
2019-09-19 14:21:18,422 [pool-49-thread-1] INFO  server.RaftServerConfigKeys (ConfUtils.java:logGet(43)) - raft.server.log.statemachine.data.sync.timeout = 10s (default)
2019-09-19 14:21:18,423 [pool-49-thread-1] INFO  server.RaftServerConfigKeys (ConfUtils.java:logGet(43)) - raft.server.log.statemachine.data.sync.timeout.retry = -1 (default)
2019-09-19 14:21:18,423 [pool-49-thread-1] INFO  server.RaftServerConfigKeys (ConfUtils.java:logGet(43)) - raft.server.log.statemachine.data.caching.enabled = true (custom)
2019-09-19 14:21:18,423 [pool-49-thread-1] INFO  segmented.SegmentedRaftLogWorker (SegmentedRaftLogWorker.java:lambda$new$0(132)) - 306a7a99-f2a5-4f40-b42b-2fc2def08a6a-SegmentedRaftLogWorker:Storage Directory /workdir/hadoop-ozone/integration-test/target/test-dir/MiniOzoneClusterImpl-210d6028-2152-4683-81ff-347b0d29bb13/datanode-2/data/ratis/f329c24d-1edd-4435-aec9-040322c3d435: flushIndex: setUnconditionally 0 -> -1
2019-09-19 14:21:18,423 [pool-49-thread-1] INFO  server.RaftServerConfigKeys (ConfUtils.java:logGet(43)) - raft.server.snapshot.auto.trigger.enabled = true (custom)
2019-09-19 14:21:18,423 [pool-49-thread-1] INFO  server.RaftServerConfigKeys (ConfUtils.java:logGet(43)) - raft.server.snapshot.auto.trigger.threshold = 10000 (custom)
2019-09-19 14:21:18,424 [pool-49-thread-1] INFO  server.RaftServerConfigKeys (ConfUtils.java:logGet(43)) - raft.server.retrycache.expirytime = 600000ms (custom)
2019-09-19 14:21:18,424 [pool-49-thread-1] INFO  impl.RaftServerImpl (RaftServerImpl.java:start(180)) - 306a7a99-f2a5-4f40-b42b-2fc2def08a6a: start group-040322C3D435
2019-09-19 14:21:18,424 [pool-49-thread-1] INFO  impl.RaftServerImpl (RaftServerImpl.java:setRole(171)) - 306a7a99-f2a5-4f40-b42b-2fc2def08a6a:group-040322C3D435 changes role from null to FOLLOWER at term 0 for startAsFollower
2019-09-19 14:21:18,424 [pool-49-thread-1] INFO  impl.RoleInfo (RoleInfo.java:updateAndGet(143)) - 306a7a99-f2a5-4f40-b42b-2fc2def08a6a: start FollowerState
2019-09-19 14:21:18,424 [pool-49-thread-1] INFO  util.JmxRegister (JmxRegister.java:tryRegister(44)) - Successfully registered JMX Bean with object name Ratis:service=RaftServer,group=group-040322C3D435,id=306a7a99-f2a5-4f40-b42b-2fc2def08a6a
2019-09-19 14:21:18,426 [RatisPipelineUtilsThread] INFO  pipeline.PipelineStateManager (PipelineStateManager.java:addPipeline(56)) - Created pipeline Pipeline[ Id: f329c24d-1edd-4435-aec9-040322c3d435, Nodes: 306a7a99-f2a5-4f40-b42b-2fc2def08a6a{ip: 192.168.157.226, host: pr-hdds-1569-swxfz-3172132826, networkLocation: /default-rack, certSerialId: null}, Type:RATIS, Factor:ONE, State:OPEN]
2019-09-19 14:21:18,431 [grpc-default-executor-1] INFO  impl.RaftServerProxy (RaftServerProxy.java:addNew(89)) - 5dfaa0ea-416a-422c-a75d-43311aceb00a: addNew group-2BDFD38A0B98:[5dfaa0ea-416a-422c-a75d-43311aceb00a:192.168.157.226:45629] returns group-2BDFD38A0B98:java.util.concurrent.CompletableFuture@2a20f8d6[Not completed]
2019-09-19 14:21:18,431 [pool-38-thread-1] INFO  impl.RaftServerImpl (RaftServerImpl.java:<init>(93)) - 5dfaa0ea-416a-422c-a75d-43311aceb00a: new RaftServerImpl for group-2BDFD38A0B98:[5dfaa0ea-416a-422c-a75d-43311aceb00a:192.168.157.226:45629] with ContainerStateMachine:uninitialized
2019-09-19 14:21:18,432 [pool-38-thread-1] INFO  server.RaftServerConfigKeys (ConfUtils.java:logGet(43)) - raft.server.rpc.timeout.min = 5s (custom)
2019-09-19 14:21:18,432 [pool-38-thread-1] INFO  server.RaftServerConfigKeys (ConfUtils.java:logGet(43)) - raft.server.rpc.timeout.max = 5200ms (custom)
2019-09-19 14:21:18,432 [pool-38-thread-1] INFO  server.RaftServerConfigKeys (ConfUtils.java:logGet(43)) - raft.server.rpcslowness.timeout = 120s (custom)
2019-09-19 14:21:18,432 [pool-38-thread-1] INFO  server.RaftServerConfigKeys (ConfUtils.java:logGet(43)) - raft.server.sleep.deviation.threshold = 300 (default)
2019-09-19 14:21:18,432 [pool-38-thread-1] INFO  server.RaftServerConfigKeys (ConfUtils.java:logGet(43)) - raft.server.log.appender.install.snapshot.enabled = false (custom)
2019-09-19 14:21:18,432 [pool-38-thread-1] INFO  impl.RaftServerImpl (ServerState.java:<init>(105)) - 5dfaa0ea-416a-422c-a75d-43311aceb00a:group-2BDFD38A0B98 ConfigurationManager, init=-1: [5dfaa0ea-416a-422c-a75d-43311aceb00a:192.168.157.226:45629], old=null, confs=<EMPTY_MAP>
2019-09-19 14:21:18,432 [pool-38-thread-1] INFO  server.RaftServerConfigKeys (ConfUtils.java:logGet(43)) - raft.server.storage.dir = [/workdir/hadoop-ozone/integration-test/target/test-dir/MiniOzoneClusterImpl-210d6028-2152-4683-81ff-347b0d29bb13/datanode-1/data/ratis] (custom)
2019-09-19 14:21:18,433 [pool-38-thread-1] INFO  storage.RaftStorageDirectory (RaftStorageDirectory.java:analyzeStorage(246)) - The storage directory /workdir/hadoop-ozone/integration-test/target/test-dir/MiniOzoneClusterImpl-210d6028-2152-4683-81ff-347b0d29bb13/datanode-1/data/ratis/a4fefd89-f4e9-4fe3-ba65-2bdfd38a0b98 does not exist. Creating ...
2019-09-19 14:21:18,437 [pool-38-thread-1] INFO  storage.RaftStorageDirectory (RaftStorageDirectory.java:tryLock(328)) - Lock on /workdir/hadoop-ozone/integration-test/target/test-dir/MiniOzoneClusterImpl-210d6028-2152-4683-81ff-347b0d29bb13/datanode-1/data/ratis/a4fefd89-f4e9-4fe3-ba65-2bdfd38a0b98/in_use.lock acquired by nodename 16198@pr-hdds-1569-swxfz-3172132826
2019-09-19 14:21:18,443 [pool-38-thread-1] INFO  storage.RaftStorage (RaftStorage.java:format(72)) - Storage directory /workdir/hadoop-ozone/integration-test/target/test-dir/MiniOzoneClusterImpl-210d6028-2152-4683-81ff-347b0d29bb13/datanode-1/data/ratis/a4fefd89-f4e9-4fe3-ba65-2bdfd38a0b98 has been successfully formatted.
2019-09-19 14:21:18,443 [pool-38-thread-1] INFO  ratis.ContainerStateMachine (ContainerStateMachine.java:loadSnapshot(226)) - group-2BDFD38A0B98: The snapshot info is null. Setting the last applied indexto:(t:0, i:~)
2019-09-19 14:21:18,443 [pool-38-thread-1] INFO  server.RaftServerConfigKeys (ConfUtils.java:logGet(43)) - raft.server.leader.election.timeout = 120s (custom)
2019-09-19 14:21:18,443 [pool-38-thread-1] INFO  server.RaftServerConfigKeys (ConfUtils.java:logGet(43)) - raft.server.log.use.memory = false (default)
2019-09-19 14:21:18,443 [pool-38-thread-1] INFO  server.RaftServerConfigKeys (ConfUtils.java:logGet(43)) - raft.server.log.purge.gap = 1000000 (custom)
2019-09-19 14:21:18,444 [pool-38-thread-1] INFO  server.RaftServerConfigKeys (ConfUtils.java:logGet(43)) - raft.server.log.appender.buffer.byte-limit = 33554432 (custom)
2019-09-19 14:21:18,444 [pool-38-thread-1] INFO  server.RaftServerConfigKeys (ConfUtils.java:logGet(43)) - raft.server.log.segment.size.max = 1048576 (custom)
2019-09-19 14:21:18,444 [pool-38-thread-1] INFO  server.RaftServerConfigKeys (ConfUtils.java:logGet(43)) - raft.server.log.segment.cache.num.max = 2 (custom)
2019-09-19 14:21:18,444 [pool-38-thread-1] INFO  segmented.SegmentedRaftLogWorker (SegmentedRaftLogWorker.java:<init>(172)) - new 5dfaa0ea-416a-422c-a75d-43311aceb00a-SegmentedRaftLogWorker:Storage Directory /workdir/hadoop-ozone/integration-test/target/test-dir/MiniOzoneClusterImpl-210d6028-2152-4683-81ff-347b0d29bb13/datanode-1/data/ratis/a4fefd89-f4e9-4fe3-ba65-2bdfd38a0b98 for RaftStorage:Storage Directory /workdir/hadoop-ozone/integration-test/target/test-dir/MiniOzoneClusterImpl-210d6028-2152-4683-81ff-347b0d29bb13/datanode-1/data/ratis/a4fefd89-f4e9-4fe3-ba65-2bdfd38a0b98
2019-09-19 14:21:18,444 [pool-38-thread-1] INFO  server.RaftServerConfigKeys (ConfUtils.java:logGet(43)) - raft.server.log.queue.byte-limit = 2147483647 (custom)
2019-09-19 14:21:18,444 [pool-38-thread-1] INFO  server.RaftServerConfigKeys (ConfUtils.java:logGet(43)) - raft.server.log.queue.element-limit = 1024 (custom)
2019-09-19 14:21:18,444 [pool-38-thread-1] INFO  server.RaftServerConfigKeys (ConfUtils.java:logGet(43)) - raft.server.log.segment.size.max = 1048576 (custom)
2019-09-19 14:21:18,444 [pool-38-thread-1] INFO  server.RaftServerConfigKeys (ConfUtils.java:logGet(43)) - raft.server.log.preallocated.size = 16384 (custom)
2019-09-19 14:21:18,444 [pool-38-thread-1] INFO  server.RaftServerConfigKeys (ConfUtils.java:logGet(43)) - raft.server.log.write.buffer.size = 33554432 (custom)
2019-09-19 14:21:18,445 [pool-38-thread-1] INFO  server.RaftServerConfigKeys (ConfUtils.java:logGet(43)) - raft.server.log.force.sync.num = 128 (default)
2019-09-19 14:21:18,445 [pool-38-thread-1] INFO  server.RaftServerConfigKeys (ConfUtils.java:logGet(43)) - raft.server.log.statemachine.data.sync = true (default)
2019-09-19 14:21:18,445 [pool-38-thread-1] INFO  server.RaftServerConfigKeys (ConfUtils.java:logGet(43)) - raft.server.log.statemachine.data.sync.timeout = 10s (default)
2019-09-19 14:21:18,445 [pool-38-thread-1] INFO  server.RaftServerConfigKeys (ConfUtils.java:logGet(43)) - raft.server.log.statemachine.data.sync.timeout.retry = -1 (default)
2019-09-19 14:21:18,445 [pool-38-thread-1] INFO  server.RaftServerConfigKeys (ConfUtils.java:logGet(43)) - raft.server.log.statemachine.data.caching.enabled = true (custom)
2019-09-19 14:21:18,445 [pool-38-thread-1] INFO  segmented.SegmentedRaftLogWorker (SegmentedRaftLogWorker.java:lambda$new$0(132)) - 5dfaa0ea-416a-422c-a75d-43311aceb00a-SegmentedRaftLogWorker:Storage Directory /workdir/hadoop-ozone/integration-test/target/test-dir/MiniOzoneClusterImpl-210d6028-2152-4683-81ff-347b0d29bb13/datanode-1/data/ratis/a4fefd89-f4e9-4fe3-ba65-2bdfd38a0b98: flushIndex: setUnconditionally 0 -> -1
2019-09-19 14:21:18,446 [pool-38-thread-1] INFO  server.RaftServerConfigKeys (ConfUtils.java:logGet(43)) - raft.server.snapshot.auto.trigger.enabled = true (custom)
2019-09-19 14:21:18,446 [pool-38-thread-1] INFO  server.RaftServerConfigKeys (ConfUtils.java:logGet(43)) - raft.server.snapshot.auto.trigger.threshold = 10000 (custom)
2019-09-19 14:21:18,446 [pool-38-thread-1] INFO  server.RaftServerConfigKeys (ConfUtils.java:logGet(43)) - raft.server.retrycache.expirytime = 600000ms (custom)
2019-09-19 14:21:18,446 [pool-38-thread-1] INFO  impl.RaftServerImpl (RaftServerImpl.java:start(180)) - 5dfaa0ea-416a-422c-a75d-43311aceb00a: start group-2BDFD38A0B98
2019-09-19 14:21:18,446 [pool-38-thread-1] INFO  impl.RaftServerImpl (RaftServerImpl.java:setRole(171)) - 5dfaa0ea-416a-422c-a75d-43311aceb00a:group-2BDFD38A0B98 changes role from null to FOLLOWER at term 0 for startAsFollower
2019-09-19 14:21:18,446 [pool-38-thread-1] INFO  impl.RoleInfo (RoleInfo.java:updateAndGet(143)) - 5dfaa0ea-416a-422c-a75d-43311aceb00a: start FollowerState
2019-09-19 14:21:18,447 [pool-38-thread-1] INFO  util.JmxRegister (JmxRegister.java:tryRegister(44)) - Successfully registered JMX Bean with object name Ratis:service=RaftServer,group=group-2BDFD38A0B98,id=5dfaa0ea-416a-422c-a75d-43311aceb00a
2019-09-19 14:21:18,449 [RatisPipelineUtilsThread] INFO  pipeline.PipelineStateManager (PipelineStateManager.java:addPipeline(56)) - Created pipeline Pipeline[ Id: a4fefd89-f4e9-4fe3-ba65-2bdfd38a0b98, Nodes: 5dfaa0ea-416a-422c-a75d-43311aceb00a{ip: 192.168.157.226, host: pr-hdds-1569-swxfz-3172132826, networkLocation: /default-rack, certSerialId: null}, Type:RATIS, Factor:ONE, State:OPEN]
2019-09-19 14:21:18,453 [grpc-default-executor-1] INFO  impl.RaftServerProxy (RaftServerProxy.java:addNew(89)) - 306a7a99-f2a5-4f40-b42b-2fc2def08a6a: addNew group-5B1D505DB39F:[306a7a99-f2a5-4f40-b42b-2fc2def08a6a:192.168.157.226:42633] returns group-5B1D505DB39F:java.util.concurrent.CompletableFuture@771a3eef[Not completed]
2019-09-19 14:21:18,454 [pool-49-thread-1] INFO  impl.RaftServerImpl (RaftServerImpl.java:<init>(93)) - 306a7a99-f2a5-4f40-b42b-2fc2def08a6a: new RaftServerImpl for group-5B1D505DB39F:[306a7a99-f2a5-4f40-b42b-2fc2def08a6a:192.168.157.226:42633] with ContainerStateMachine:uninitialized
2019-09-19 14:21:18,454 [pool-49-thread-1] INFO  server.RaftServerConfigKeys (ConfUtils.java:logGet(43)) - raft.server.rpc.timeout.min = 5s (custom)
2019-09-19 14:21:18,454 [pool-49-thread-1] INFO  server.RaftServerConfigKeys (ConfUtils.java:logGet(43)) - raft.server.rpc.timeout.max = 5200ms (custom)
2019-09-19 14:21:18,454 [pool-49-thread-1] INFO  server.RaftServerConfigKeys (ConfUtils.java:logGet(43)) - raft.server.rpcslowness.timeout = 120s (custom)
2019-09-19 14:21:18,454 [pool-49-thread-1] INFO  server.RaftServerConfigKeys (ConfUtils.java:logGet(43)) - raft.server.sleep.deviation.threshold = 300 (default)
2019-09-19 14:21:18,454 [pool-49-thread-1] INFO  server.RaftServerConfigKeys (ConfUtils.java:logGet(43)) - raft.server.log.appender.install.snapshot.enabled = false (custom)
2019-09-19 14:21:18,454 [pool-49-thread-1] INFO  impl.RaftServerImpl (ServerState.java:<init>(105)) - 306a7a99-f2a5-4f40-b42b-2fc2def08a6a:group-5B1D505DB39F ConfigurationManager, init=-1: [306a7a99-f2a5-4f40-b42b-2fc2def08a6a:192.168.157.226:42633], old=null, confs=<EMPTY_MAP>
2019-09-19 14:21:18,455 [pool-49-thread-1] INFO  server.RaftServerConfigKeys (ConfUtils.java:logGet(43)) - raft.server.storage.dir = [/workdir/hadoop-ozone/integration-test/target/test-dir/MiniOzoneClusterImpl-210d6028-2152-4683-81ff-347b0d29bb13/datanode-2/data/ratis] (custom)
2019-09-19 14:21:18,455 [pool-49-thread-1] INFO  storage.RaftStorageDirectory (RaftStorageDirectory.java:analyzeStorage(246)) - The storage directory /workdir/hadoop-ozone/integration-test/target/test-dir/MiniOzoneClusterImpl-210d6028-2152-4683-81ff-347b0d29bb13/datanode-2/data/ratis/fb294bea-8d5d-4342-8de0-5b1d505db39f does not exist. Creating ...
2019-09-19 14:21:18,459 [pool-49-thread-1] INFO  storage.RaftStorageDirectory (RaftStorageDirectory.java:tryLock(328)) - Lock on /workdir/hadoop-ozone/integration-test/target/test-dir/MiniOzoneClusterImpl-210d6028-2152-4683-81ff-347b0d29bb13/datanode-2/data/ratis/fb294bea-8d5d-4342-8de0-5b1d505db39f/in_use.lock acquired by nodename 16198@pr-hdds-1569-swxfz-3172132826
2019-09-19 14:21:18,462 [pool-49-thread-1] INFO  storage.RaftStorage (RaftStorage.java:format(72)) - Storage directory /workdir/hadoop-ozone/integration-test/target/test-dir/MiniOzoneClusterImpl-210d6028-2152-4683-81ff-347b0d29bb13/datanode-2/data/ratis/fb294bea-8d5d-4342-8de0-5b1d505db39f has been successfully formatted.
2019-09-19 14:21:18,463 [pool-49-thread-1] INFO  ratis.ContainerStateMachine (ContainerStateMachine.java:loadSnapshot(226)) - group-5B1D505DB39F: The snapshot info is null. Setting the last applied indexto:(t:0, i:~)
2019-09-19 14:21:18,463 [pool-49-thread-1] INFO  server.RaftServerConfigKeys (ConfUtils.java:logGet(43)) - raft.server.leader.election.timeout = 120s (custom)
2019-09-19 14:21:18,463 [pool-49-thread-1] INFO  server.RaftServerConfigKeys (ConfUtils.java:logGet(43)) - raft.server.log.use.memory = false (default)
2019-09-19 14:21:18,463 [pool-49-thread-1] INFO  server.RaftServerConfigKeys (ConfUtils.java:logGet(43)) - raft.server.log.purge.gap = 1000000 (custom)
2019-09-19 14:21:18,463 [pool-49-thread-1] INFO  server.RaftServerConfigKeys (ConfUtils.java:logGet(43)) - raft.server.log.appender.buffer.byte-limit = 33554432 (custom)
2019-09-19 14:21:18,463 [pool-49-thread-1] INFO  server.RaftServerConfigKeys (ConfUtils.java:logGet(43)) - raft.server.log.segment.size.max = 1048576 (custom)
2019-09-19 14:21:18,463 [pool-49-thread-1] INFO  server.RaftServerConfigKeys (ConfUtils.java:logGet(43)) - raft.server.log.segment.cache.num.max = 2 (custom)
2019-09-19 14:21:18,463 [pool-49-thread-1] INFO  segmented.SegmentedRaftLogWorker (SegmentedRaftLogWorker.java:<init>(172)) - new 306a7a99-f2a5-4f40-b42b-2fc2def08a6a-SegmentedRaftLogWorker:Storage Directory /workdir/hadoop-ozone/integration-test/target/test-dir/MiniOzoneClusterImpl-210d6028-2152-4683-81ff-347b0d29bb13/datanode-2/data/ratis/fb294bea-8d5d-4342-8de0-5b1d505db39f for RaftStorage:Storage Directory /workdir/hadoop-ozone/integration-test/target/test-dir/MiniOzoneClusterImpl-210d6028-2152-4683-81ff-347b0d29bb13/datanode-2/data/ratis/fb294bea-8d5d-4342-8de0-5b1d505db39f
2019-09-19 14:21:18,463 [pool-49-thread-1] INFO  server.RaftServerConfigKeys (ConfUtils.java:logGet(43)) - raft.server.log.queue.byte-limit = 2147483647 (custom)
2019-09-19 14:21:18,464 [pool-49-thread-1] INFO  server.RaftServerConfigKeys (ConfUtils.java:logGet(43)) - raft.server.log.queue.element-limit = 1024 (custom)
2019-09-19 14:21:18,464 [pool-49-thread-1] INFO  server.RaftServerConfigKeys (ConfUtils.java:logGet(43)) - raft.server.log.segment.size.max = 1048576 (custom)
2019-09-19 14:21:18,464 [pool-49-thread-1] INFO  server.RaftServerConfigKeys (ConfUtils.java:logGet(43)) - raft.server.log.preallocated.size = 16384 (custom)
2019-09-19 14:21:18,464 [pool-49-thread-1] INFO  server.RaftServerConfigKeys (ConfUtils.java:logGet(43)) - raft.server.log.write.buffer.size = 33554432 (custom)
2019-09-19 14:21:18,464 [pool-49-thread-1] INFO  server.RaftServerConfigKeys (ConfUtils.java:logGet(43)) - raft.server.log.force.sync.num = 128 (default)
2019-09-19 14:21:18,464 [pool-49-thread-1] INFO  server.RaftServerConfigKeys (ConfUtils.java:logGet(43)) - raft.server.log.statemachine.data.sync = true (default)
2019-09-19 14:21:18,464 [pool-49-thread-1] INFO  server.RaftServerConfigKeys (ConfUtils.java:logGet(43)) - raft.server.log.statemachine.data.sync.timeout = 10s (default)
2019-09-19 14:21:18,464 [pool-49-thread-1] INFO  server.RaftServerConfigKeys (ConfUtils.java:logGet(43)) - raft.server.log.statemachine.data.sync.timeout.retry = -1 (default)
2019-09-19 14:21:18,465 [pool-49-thread-1] INFO  server.RaftServerConfigKeys (ConfUtils.java:logGet(43)) - raft.server.log.statemachine.data.caching.enabled = true (custom)
2019-09-19 14:21:18,465 [pool-49-thread-1] INFO  segmented.SegmentedRaftLogWorker (SegmentedRaftLogWorker.java:lambda$new$0(132)) - 306a7a99-f2a5-4f40-b42b-2fc2def08a6a-SegmentedRaftLogWorker:Storage Directory /workdir/hadoop-ozone/integration-test/target/test-dir/MiniOzoneClusterImpl-210d6028-2152-4683-81ff-347b0d29bb13/datanode-2/data/ratis/fb294bea-8d5d-4342-8de0-5b1d505db39f: flushIndex: setUnconditionally 0 -> -1
2019-09-19 14:21:18,465 [pool-49-thread-1] INFO  server.RaftServerConfigKeys (ConfUtils.java:logGet(43)) - raft.server.snapshot.auto.trigger.enabled = true (custom)
2019-09-19 14:21:18,465 [pool-49-thread-1] INFO  server.RaftServerConfigKeys (ConfUtils.java:logGet(43)) - raft.server.snapshot.auto.trigger.threshold = 10000 (custom)
2019-09-19 14:21:18,465 [pool-49-thread-1] INFO  server.RaftServerConfigKeys (ConfUtils.java:logGet(43)) - raft.server.retrycache.expirytime = 600000ms (custom)
2019-09-19 14:21:18,466 [pool-49-thread-1] INFO  impl.RaftServerImpl (RaftServerImpl.java:start(180)) - 306a7a99-f2a5-4f40-b42b-2fc2def08a6a: start group-5B1D505DB39F
2019-09-19 14:21:18,466 [pool-49-thread-1] INFO  impl.RaftServerImpl (RaftServerImpl.java:setRole(171)) - 306a7a99-f2a5-4f40-b42b-2fc2def08a6a:group-5B1D505DB39F changes role from null to FOLLOWER at term 0 for startAsFollower
2019-09-19 14:21:18,466 [pool-49-thread-1] INFO  impl.RoleInfo (RoleInfo.java:updateAndGet(143)) - 306a7a99-f2a5-4f40-b42b-2fc2def08a6a: start FollowerState
2019-09-19 14:21:18,466 [pool-49-thread-1] INFO  util.JmxRegister (JmxRegister.java:tryRegister(44)) - Successfully registered JMX Bean with object name Ratis:service=RaftServer,group=group-5B1D505DB39F,id=306a7a99-f2a5-4f40-b42b-2fc2def08a6a
2019-09-19 14:21:18,469 [RatisPipelineUtilsThread] INFO  pipeline.PipelineStateManager (PipelineStateManager.java:addPipeline(56)) - Created pipeline Pipeline[ Id: fb294bea-8d5d-4342-8de0-5b1d505db39f, Nodes: 306a7a99-f2a5-4f40-b42b-2fc2def08a6a{ip: 192.168.157.226, host: pr-hdds-1569-swxfz-3172132826, networkLocation: /default-rack, certSerialId: null}, Type:RATIS, Factor:ONE, State:OPEN]
2019-09-19 14:21:18,473 [grpc-default-executor-1] INFO  impl.RaftServerProxy (RaftServerProxy.java:addNew(89)) - 1190b9a7-12b1-4c15-b33e-f7d0a0cd436c: addNew group-D7761551FA34:[1190b9a7-12b1-4c15-b33e-f7d0a0cd436c:192.168.157.226:34463] returns group-D7761551FA34:java.util.concurrent.CompletableFuture@79a6327c[Not completed]
2019-09-19 14:21:18,474 [pool-71-thread-1] INFO  impl.RaftServerImpl (RaftServerImpl.java:<init>(93)) - 1190b9a7-12b1-4c15-b33e-f7d0a0cd436c: new RaftServerImpl for group-D7761551FA34:[1190b9a7-12b1-4c15-b33e-f7d0a0cd436c:192.168.157.226:34463] with ContainerStateMachine:uninitialized
2019-09-19 14:21:18,474 [pool-71-thread-1] INFO  server.RaftServerConfigKeys (ConfUtils.java:logGet(43)) - raft.server.rpc.timeout.min = 5s (custom)
2019-09-19 14:21:18,474 [pool-71-thread-1] INFO  server.RaftServerConfigKeys (ConfUtils.java:logGet(43)) - raft.server.rpc.timeout.max = 5200ms (custom)
2019-09-19 14:21:18,474 [pool-71-thread-1] INFO  server.RaftServerConfigKeys (ConfUtils.java:logGet(43)) - raft.server.rpcslowness.timeout = 120s (custom)
2019-09-19 14:21:18,474 [pool-71-thread-1] INFO  server.RaftServerConfigKeys (ConfUtils.java:logGet(43)) - raft.server.sleep.deviation.threshold = 300 (default)
2019-09-19 14:21:18,474 [pool-71-thread-1] INFO  server.RaftServerConfigKeys (ConfUtils.java:logGet(43)) - raft.server.log.appender.install.snapshot.enabled = false (custom)
2019-09-19 14:21:18,474 [pool-71-thread-1] INFO  impl.RaftServerImpl (ServerState.java:<init>(105)) - 1190b9a7-12b1-4c15-b33e-f7d0a0cd436c:group-D7761551FA34 ConfigurationManager, init=-1: [1190b9a7-12b1-4c15-b33e-f7d0a0cd436c:192.168.157.226:34463], old=null, confs=<EMPTY_MAP>
2019-09-19 14:21:18,475 [pool-71-thread-1] INFO  server.RaftServerConfigKeys (ConfUtils.java:logGet(43)) - raft.server.storage.dir = [/workdir/hadoop-ozone/integration-test/target/test-dir/MiniOzoneClusterImpl-210d6028-2152-4683-81ff-347b0d29bb13/datanode-4/data/ratis] (custom)
2019-09-19 14:21:18,475 [pool-71-thread-1] INFO  storage.RaftStorageDirectory (RaftStorageDirectory.java:analyzeStorage(246)) - The storage directory /workdir/hadoop-ozone/integration-test/target/test-dir/MiniOzoneClusterImpl-210d6028-2152-4683-81ff-347b0d29bb13/datanode-4/data/ratis/913d0e2a-d2de-494f-9259-d7761551fa34 does not exist. Creating ...
2019-09-19 14:21:18,479 [pool-71-thread-1] INFO  storage.RaftStorageDirectory (RaftStorageDirectory.java:tryLock(328)) - Lock on /workdir/hadoop-ozone/integration-test/target/test-dir/MiniOzoneClusterImpl-210d6028-2152-4683-81ff-347b0d29bb13/datanode-4/data/ratis/913d0e2a-d2de-494f-9259-d7761551fa34/in_use.lock acquired by nodename 16198@pr-hdds-1569-swxfz-3172132826
2019-09-19 14:21:18,483 [pool-71-thread-1] INFO  storage.RaftStorage (RaftStorage.java:format(72)) - Storage directory /workdir/hadoop-ozone/integration-test/target/test-dir/MiniOzoneClusterImpl-210d6028-2152-4683-81ff-347b0d29bb13/datanode-4/data/ratis/913d0e2a-d2de-494f-9259-d7761551fa34 has been successfully formatted.
2019-09-19 14:21:18,483 [pool-71-thread-1] INFO  ratis.ContainerStateMachine (ContainerStateMachine.java:loadSnapshot(226)) - group-D7761551FA34: The snapshot info is null. Setting the last applied indexto:(t:0, i:~)
2019-09-19 14:21:18,484 [pool-71-thread-1] INFO  server.RaftServerConfigKeys (ConfUtils.java:logGet(43)) - raft.server.leader.election.timeout = 120s (custom)
2019-09-19 14:21:18,484 [pool-71-thread-1] INFO  server.RaftServerConfigKeys (ConfUtils.java:logGet(43)) - raft.server.log.use.memory = false (default)
2019-09-19 14:21:18,484 [pool-71-thread-1] INFO  server.RaftServerConfigKeys (ConfUtils.java:logGet(43)) - raft.server.log.purge.gap = 1000000 (custom)
2019-09-19 14:21:18,484 [pool-71-thread-1] INFO  server.RaftServerConfigKeys (ConfUtils.java:logGet(43)) - raft.server.log.appender.buffer.byte-limit = 33554432 (custom)
2019-09-19 14:21:18,484 [pool-71-thread-1] INFO  server.RaftServerConfigKeys (ConfUtils.java:logGet(43)) - raft.server.log.segment.size.max = 1048576 (custom)
2019-09-19 14:21:18,484 [pool-71-thread-1] INFO  server.RaftServerConfigKeys (ConfUtils.java:logGet(43)) - raft.server.log.segment.cache.num.max = 2 (custom)
2019-09-19 14:21:18,484 [pool-71-thread-1] INFO  segmented.SegmentedRaftLogWorker (SegmentedRaftLogWorker.java:<init>(172)) - new 1190b9a7-12b1-4c15-b33e-f7d0a0cd436c-SegmentedRaftLogWorker:Storage Directory /workdir/hadoop-ozone/integration-test/target/test-dir/MiniOzoneClusterImpl-210d6028-2152-4683-81ff-347b0d29bb13/datanode-4/data/ratis/913d0e2a-d2de-494f-9259-d7761551fa34 for RaftStorage:Storage Directory /workdir/hadoop-ozone/integration-test/target/test-dir/MiniOzoneClusterImpl-210d6028-2152-4683-81ff-347b0d29bb13/datanode-4/data/ratis/913d0e2a-d2de-494f-9259-d7761551fa34
2019-09-19 14:21:18,484 [pool-71-thread-1] INFO  server.RaftServerConfigKeys (ConfUtils.java:logGet(43)) - raft.server.log.queue.byte-limit = 2147483647 (custom)
2019-09-19 14:21:18,484 [pool-71-thread-1] INFO  server.RaftServerConfigKeys (ConfUtils.java:logGet(43)) - raft.server.log.queue.element-limit = 1024 (custom)
2019-09-19 14:21:18,485 [pool-71-thread-1] INFO  server.RaftServerConfigKeys (ConfUtils.java:logGet(43)) - raft.server.log.segment.size.max = 1048576 (custom)
2019-09-19 14:21:18,485 [pool-71-thread-1] INFO  server.RaftServerConfigKeys (ConfUtils.java:logGet(43)) - raft.server.log.preallocated.size = 16384 (custom)
2019-09-19 14:21:18,485 [pool-71-thread-1] INFO  server.RaftServerConfigKeys (ConfUtils.java:logGet(43)) - raft.server.log.write.buffer.size = 33554432 (custom)
2019-09-19 14:21:18,485 [pool-71-thread-1] INFO  server.RaftServerConfigKeys (ConfUtils.java:logGet(43)) - raft.server.log.force.sync.num = 128 (default)
2019-09-19 14:21:18,485 [pool-71-thread-1] INFO  server.RaftServerConfigKeys (ConfUtils.java:logGet(43)) - raft.server.log.statemachine.data.sync = true (default)
2019-09-19 14:21:18,485 [pool-71-thread-1] INFO  server.RaftServerConfigKeys (ConfUtils.java:logGet(43)) - raft.server.log.statemachine.data.sync.timeout = 10s (default)
2019-09-19 14:21:18,485 [pool-71-thread-1] INFO  server.RaftServerConfigKeys (ConfUtils.java:logGet(43)) - raft.server.log.statemachine.data.sync.timeout.retry = -1 (default)
2019-09-19 14:21:18,485 [pool-71-thread-1] INFO  server.RaftServerConfigKeys (ConfUtils.java:logGet(43)) - raft.server.log.statemachine.data.caching.enabled = true (custom)
2019-09-19 14:21:18,485 [pool-71-thread-1] INFO  segmented.SegmentedRaftLogWorker (SegmentedRaftLogWorker.java:lambda$new$0(132)) - 1190b9a7-12b1-4c15-b33e-f7d0a0cd436c-SegmentedRaftLogWorker:Storage Directory /workdir/hadoop-ozone/integration-test/target/test-dir/MiniOzoneClusterImpl-210d6028-2152-4683-81ff-347b0d29bb13/datanode-4/data/ratis/913d0e2a-d2de-494f-9259-d7761551fa34: flushIndex: setUnconditionally 0 -> -1
2019-09-19 14:21:18,486 [pool-71-thread-1] INFO  server.RaftServerConfigKeys (ConfUtils.java:logGet(43)) - raft.server.snapshot.auto.trigger.enabled = true (custom)
2019-09-19 14:21:18,486 [pool-71-thread-1] INFO  server.RaftServerConfigKeys (ConfUtils.java:logGet(43)) - raft.server.snapshot.auto.trigger.threshold = 10000 (custom)
2019-09-19 14:21:18,486 [pool-71-thread-1] INFO  server.RaftServerConfigKeys (ConfUtils.java:logGet(43)) - raft.server.retrycache.expirytime = 600000ms (custom)
2019-09-19 14:21:18,486 [pool-71-thread-1] INFO  impl.RaftServerImpl (RaftServerImpl.java:start(180)) - 1190b9a7-12b1-4c15-b33e-f7d0a0cd436c: start group-D7761551FA34
2019-09-19 14:21:18,486 [pool-71-thread-1] INFO  impl.RaftServerImpl (RaftServerImpl.java:setRole(171)) - 1190b9a7-12b1-4c15-b33e-f7d0a0cd436c:group-D7761551FA34 changes role from null to FOLLOWER at term 0 for startAsFollower
2019-09-19 14:21:18,486 [pool-71-thread-1] INFO  impl.RoleInfo (RoleInfo.java:updateAndGet(143)) - 1190b9a7-12b1-4c15-b33e-f7d0a0cd436c: start FollowerState
2019-09-19 14:21:18,487 [pool-71-thread-1] INFO  util.JmxRegister (JmxRegister.java:tryRegister(44)) - Successfully registered JMX Bean with object name Ratis:service=RaftServer,group=group-D7761551FA34,id=1190b9a7-12b1-4c15-b33e-f7d0a0cd436c
2019-09-19 14:21:18,489 [RatisPipelineUtilsThread] INFO  pipeline.PipelineStateManager (PipelineStateManager.java:addPipeline(56)) - Created pipeline Pipeline[ Id: 913d0e2a-d2de-494f-9259-d7761551fa34, Nodes: 1190b9a7-12b1-4c15-b33e-f7d0a0cd436c{ip: 192.168.157.226, host: pr-hdds-1569-swxfz-3172132826, networkLocation: /default-rack, certSerialId: null}, Type:RATIS, Factor:ONE, State:OPEN]
2019-09-19 14:21:18,494 [grpc-default-executor-1] INFO  impl.RaftServerProxy (RaftServerProxy.java:addNew(89)) - 431517c4-8c09-4790-b37b-2e132c8143ad: addNew group-1241104DBBBB:[431517c4-8c09-4790-b37b-2e132c8143ad:192.168.157.226:40911] returns group-1241104DBBBB:java.util.concurrent.CompletableFuture@5fb06a[Not completed]
2019-09-19 14:21:18,494 [pool-82-thread-1] INFO  impl.RaftServerImpl (RaftServerImpl.java:<init>(93)) - 431517c4-8c09-4790-b37b-2e132c8143ad: new RaftServerImpl for group-1241104DBBBB:[431517c4-8c09-4790-b37b-2e132c8143ad:192.168.157.226:40911] with ContainerStateMachine:uninitialized
2019-09-19 14:21:18,495 [pool-82-thread-1] INFO  server.RaftServerConfigKeys (ConfUtils.java:logGet(43)) - raft.server.rpc.timeout.min = 5s (custom)
2019-09-19 14:21:18,495 [pool-82-thread-1] INFO  server.RaftServerConfigKeys (ConfUtils.java:logGet(43)) - raft.server.rpc.timeout.max = 5200ms (custom)
2019-09-19 14:21:18,495 [pool-82-thread-1] INFO  server.RaftServerConfigKeys (ConfUtils.java:logGet(43)) - raft.server.rpcslowness.timeout = 120s (custom)
2019-09-19 14:21:18,495 [pool-82-thread-1] INFO  server.RaftServerConfigKeys (ConfUtils.java:logGet(43)) - raft.server.sleep.deviation.threshold = 300 (default)
2019-09-19 14:21:18,495 [pool-82-thread-1] INFO  server.RaftServerConfigKeys (ConfUtils.java:logGet(43)) - raft.server.log.appender.install.snapshot.enabled = false (custom)
2019-09-19 14:21:18,495 [pool-82-thread-1] INFO  impl.RaftServerImpl (ServerState.java:<init>(105)) - 431517c4-8c09-4790-b37b-2e132c8143ad:group-1241104DBBBB ConfigurationManager, init=-1: [431517c4-8c09-4790-b37b-2e132c8143ad:192.168.157.226:40911], old=null, confs=<EMPTY_MAP>
2019-09-19 14:21:18,495 [pool-82-thread-1] INFO  server.RaftServerConfigKeys (ConfUtils.java:logGet(43)) - raft.server.storage.dir = [/workdir/hadoop-ozone/integration-test/target/test-dir/MiniOzoneClusterImpl-210d6028-2152-4683-81ff-347b0d29bb13/datanode-5/data/ratis] (custom)
2019-09-19 14:21:18,495 [pool-82-thread-1] INFO  storage.RaftStorageDirectory (RaftStorageDirectory.java:analyzeStorage(246)) - The storage directory /workdir/hadoop-ozone/integration-test/target/test-dir/MiniOzoneClusterImpl-210d6028-2152-4683-81ff-347b0d29bb13/datanode-5/data/ratis/151ac7cb-9f4b-4fc4-8c4c-1241104dbbbb does not exist. Creating ...
2019-09-19 14:21:18,499 [pool-82-thread-1] INFO  storage.RaftStorageDirectory (RaftStorageDirectory.java:tryLock(328)) - Lock on /workdir/hadoop-ozone/integration-test/target/test-dir/MiniOzoneClusterImpl-210d6028-2152-4683-81ff-347b0d29bb13/datanode-5/data/ratis/151ac7cb-9f4b-4fc4-8c4c-1241104dbbbb/in_use.lock acquired by nodename 16198@pr-hdds-1569-swxfz-3172132826
2019-09-19 14:21:18,503 [pool-82-thread-1] INFO  storage.RaftStorage (RaftStorage.java:format(72)) - Storage directory /workdir/hadoop-ozone/integration-test/target/test-dir/MiniOzoneClusterImpl-210d6028-2152-4683-81ff-347b0d29bb13/datanode-5/data/ratis/151ac7cb-9f4b-4fc4-8c4c-1241104dbbbb has been successfully formatted.
2019-09-19 14:21:18,504 [pool-82-thread-1] INFO  ratis.ContainerStateMachine (ContainerStateMachine.java:loadSnapshot(226)) - group-1241104DBBBB: The snapshot info is null. Setting the last applied indexto:(t:0, i:~)
2019-09-19 14:21:18,504 [pool-82-thread-1] INFO  server.RaftServerConfigKeys (ConfUtils.java:logGet(43)) - raft.server.leader.election.timeout = 120s (custom)
2019-09-19 14:21:18,504 [pool-82-thread-1] INFO  server.RaftServerConfigKeys (ConfUtils.java:logGet(43)) - raft.server.log.use.memory = false (default)
2019-09-19 14:21:18,504 [pool-82-thread-1] INFO  server.RaftServerConfigKeys (ConfUtils.java:logGet(43)) - raft.server.log.purge.gap = 1000000 (custom)
2019-09-19 14:21:18,504 [pool-82-thread-1] INFO  server.RaftServerConfigKeys (ConfUtils.java:logGet(43)) - raft.server.log.appender.buffer.byte-limit = 33554432 (custom)
2019-09-19 14:21:18,504 [pool-82-thread-1] INFO  server.RaftServerConfigKeys (ConfUtils.java:logGet(43)) - raft.server.log.segment.size.max = 1048576 (custom)
2019-09-19 14:21:18,504 [pool-82-thread-1] INFO  server.RaftServerConfigKeys (ConfUtils.java:logGet(43)) - raft.server.log.segment.cache.num.max = 2 (custom)
2019-09-19 14:21:18,504 [pool-82-thread-1] INFO  segmented.SegmentedRaftLogWorker (SegmentedRaftLogWorker.java:<init>(172)) - new 431517c4-8c09-4790-b37b-2e132c8143ad-SegmentedRaftLogWorker:Storage Directory /workdir/hadoop-ozone/integration-test/target/test-dir/MiniOzoneClusterImpl-210d6028-2152-4683-81ff-347b0d29bb13/datanode-5/data/ratis/151ac7cb-9f4b-4fc4-8c4c-1241104dbbbb for RaftStorage:Storage Directory /workdir/hadoop-ozone/integration-test/target/test-dir/MiniOzoneClusterImpl-210d6028-2152-4683-81ff-347b0d29bb13/datanode-5/data/ratis/151ac7cb-9f4b-4fc4-8c4c-1241104dbbbb
2019-09-19 14:21:18,504 [pool-82-thread-1] INFO  server.RaftServerConfigKeys (ConfUtils.java:logGet(43)) - raft.server.log.queue.byte-limit = 2147483647 (custom)
2019-09-19 14:21:18,505 [pool-82-thread-1] INFO  server.RaftServerConfigKeys (ConfUtils.java:logGet(43)) - raft.server.log.queue.element-limit = 1024 (custom)
2019-09-19 14:21:18,505 [pool-82-thread-1] INFO  server.RaftServerConfigKeys (ConfUtils.java:logGet(43)) - raft.server.log.segment.size.max = 1048576 (custom)
2019-09-19 14:21:18,505 [pool-82-thread-1] INFO  server.RaftServerConfigKeys (ConfUtils.java:logGet(43)) - raft.server.log.preallocated.size = 16384 (custom)
2019-09-19 14:21:18,505 [pool-82-thread-1] INFO  server.RaftServerConfigKeys (ConfUtils.java:logGet(43)) - raft.server.log.write.buffer.size = 33554432 (custom)
2019-09-19 14:21:18,505 [pool-82-thread-1] INFO  server.RaftServerConfigKeys (ConfUtils.java:logGet(43)) - raft.server.log.force.sync.num = 128 (default)
2019-09-19 14:21:18,505 [pool-82-thread-1] INFO  server.RaftServerConfigKeys (ConfUtils.java:logGet(43)) - raft.server.log.statemachine.data.sync = true (default)
2019-09-19 14:21:18,505 [pool-82-thread-1] INFO  server.RaftServerConfigKeys (ConfUtils.java:logGet(43)) - raft.server.log.statemachine.data.sync.timeout = 10s (default)
2019-09-19 14:21:18,505 [pool-82-thread-1] INFO  server.RaftServerConfigKeys (ConfUtils.java:logGet(43)) - raft.server.log.statemachine.data.sync.timeout.retry = -1 (default)
2019-09-19 14:21:18,505 [pool-82-thread-1] INFO  server.RaftServerConfigKeys (ConfUtils.java:logGet(43)) - raft.server.log.statemachine.data.caching.enabled = true (custom)
2019-09-19 14:21:18,506 [pool-82-thread-1] INFO  segmented.SegmentedRaftLogWorker (SegmentedRaftLogWorker.java:lambda$new$0(132)) - 431517c4-8c09-4790-b37b-2e132c8143ad-SegmentedRaftLogWorker:Storage Directory /workdir/hadoop-ozone/integration-test/target/test-dir/MiniOzoneClusterImpl-210d6028-2152-4683-81ff-347b0d29bb13/datanode-5/data/ratis/151ac7cb-9f4b-4fc4-8c4c-1241104dbbbb: flushIndex: setUnconditionally 0 -> -1
2019-09-19 14:21:18,506 [pool-82-thread-1] INFO  server.RaftServerConfigKeys (ConfUtils.java:logGet(43)) - raft.server.snapshot.auto.trigger.enabled = true (custom)
2019-09-19 14:21:18,506 [pool-82-thread-1] INFO  server.RaftServerConfigKeys (ConfUtils.java:logGet(43)) - raft.server.snapshot.auto.trigger.threshold = 10000 (custom)
2019-09-19 14:21:18,506 [pool-82-thread-1] INFO  server.RaftServerConfigKeys (ConfUtils.java:logGet(43)) - raft.server.retrycache.expirytime = 600000ms (custom)
2019-09-19 14:21:18,506 [pool-82-thread-1] INFO  impl.RaftServerImpl (RaftServerImpl.java:start(180)) - 431517c4-8c09-4790-b37b-2e132c8143ad: start group-1241104DBBBB
2019-09-19 14:21:18,506 [pool-82-thread-1] INFO  impl.RaftServerImpl (RaftServerImpl.java:setRole(171)) - 431517c4-8c09-4790-b37b-2e132c8143ad:group-1241104DBBBB changes role from null to FOLLOWER at term 0 for startAsFollower
2019-09-19 14:21:18,507 [pool-82-thread-1] INFO  impl.RoleInfo (RoleInfo.java:updateAndGet(143)) - 431517c4-8c09-4790-b37b-2e132c8143ad: start FollowerState
2019-09-19 14:21:18,507 [pool-82-thread-1] INFO  util.JmxRegister (JmxRegister.java:tryRegister(44)) - Successfully registered JMX Bean with object name Ratis:service=RaftServer,group=group-1241104DBBBB,id=431517c4-8c09-4790-b37b-2e132c8143ad
2019-09-19 14:21:18,509 [RatisPipelineUtilsThread] INFO  pipeline.PipelineStateManager (PipelineStateManager.java:addPipeline(56)) - Created pipeline Pipeline[ Id: 151ac7cb-9f4b-4fc4-8c4c-1241104dbbbb, Nodes: 431517c4-8c09-4790-b37b-2e132c8143ad{ip: 192.168.157.226, host: pr-hdds-1569-swxfz-3172132826, networkLocation: /default-rack, certSerialId: null}, Type:RATIS, Factor:ONE, State:OPEN]
2019-09-19 14:21:18,514 [grpc-default-executor-1] INFO  impl.RaftServerProxy (RaftServerProxy.java:addNew(89)) - 6403e584-2209-453b-b79e-eeb0a7b58516: addNew group-6080E7E288A7:[6403e584-2209-453b-b79e-eeb0a7b58516:192.168.157.226:35833] returns group-6080E7E288A7:java.util.concurrent.CompletableFuture@7044e0c9[Not completed]
2019-09-19 14:21:18,515 | INFO  | SCMAudit | user=jenkins1000 | ip=192.168.157.226 | op=SEND_HEARTBEAT {datanodeUUID=5dfaa0ea-416a-422c-a75d-43311aceb00a, command=[]} | ret=SUCCESS |  
2019-09-19 14:21:18,515 [pool-60-thread-1] INFO  impl.RaftServerImpl (RaftServerImpl.java:<init>(93)) - 6403e584-2209-453b-b79e-eeb0a7b58516: new RaftServerImpl for group-6080E7E288A7:[6403e584-2209-453b-b79e-eeb0a7b58516:192.168.157.226:35833] with ContainerStateMachine:uninitialized
2019-09-19 14:21:18,515 [pool-60-thread-1] INFO  server.RaftServerConfigKeys (ConfUtils.java:logGet(43)) - raft.server.rpc.timeout.min = 5s (custom)
2019-09-19 14:21:18,515 [pool-60-thread-1] INFO  server.RaftServerConfigKeys (ConfUtils.java:logGet(43)) - raft.server.rpc.timeout.max = 5200ms (custom)
2019-09-19 14:21:18,515 [pool-60-thread-1] INFO  server.RaftServerConfigKeys (ConfUtils.java:logGet(43)) - raft.server.rpcslowness.timeout = 120s (custom)
2019-09-19 14:21:18,516 [pool-60-thread-1] INFO  server.RaftServerConfigKeys (ConfUtils.java:logGet(43)) - raft.server.sleep.deviation.threshold = 300 (default)
2019-09-19 14:21:18,516 [pool-60-thread-1] INFO  server.RaftServerConfigKeys (ConfUtils.java:logGet(43)) - raft.server.log.appender.install.snapshot.enabled = false (custom)
2019-09-19 14:21:18,516 [pool-60-thread-1] INFO  impl.RaftServerImpl (ServerState.java:<init>(105)) - 6403e584-2209-453b-b79e-eeb0a7b58516:group-6080E7E288A7 ConfigurationManager, init=-1: [6403e584-2209-453b-b79e-eeb0a7b58516:192.168.157.226:35833], old=null, confs=<EMPTY_MAP>
2019-09-19 14:21:18,516 [pool-60-thread-1] INFO  server.RaftServerConfigKeys (ConfUtils.java:logGet(43)) - raft.server.storage.dir = [/workdir/hadoop-ozone/integration-test/target/test-dir/MiniOzoneClusterImpl-210d6028-2152-4683-81ff-347b0d29bb13/datanode-3/data/ratis] (custom)
2019-09-19 14:21:18,517 [pool-60-thread-1] INFO  storage.RaftStorageDirectory (RaftStorageDirectory.java:analyzeStorage(246)) - The storage directory /workdir/hadoop-ozone/integration-test/target/test-dir/MiniOzoneClusterImpl-210d6028-2152-4683-81ff-347b0d29bb13/datanode-3/data/ratis/f2edf683-ab62-45da-8fb7-6080e7e288a7 does not exist. Creating ...
2019-09-19 14:21:18,556 [pool-60-thread-1] INFO  storage.RaftStorageDirectory (RaftStorageDirectory.java:tryLock(328)) - Lock on /workdir/hadoop-ozone/integration-test/target/test-dir/MiniOzoneClusterImpl-210d6028-2152-4683-81ff-347b0d29bb13/datanode-3/data/ratis/f2edf683-ab62-45da-8fb7-6080e7e288a7/in_use.lock acquired by nodename 16198@pr-hdds-1569-swxfz-3172132826
2019-09-19 14:21:18,583 [pool-60-thread-1] INFO  storage.RaftStorage (RaftStorage.java:format(72)) - Storage directory /workdir/hadoop-ozone/integration-test/target/test-dir/MiniOzoneClusterImpl-210d6028-2152-4683-81ff-347b0d29bb13/datanode-3/data/ratis/f2edf683-ab62-45da-8fb7-6080e7e288a7 has been successfully formatted.
2019-09-19 14:21:18,583 [pool-60-thread-1] INFO  ratis.ContainerStateMachine (ContainerStateMachine.java:loadSnapshot(226)) - group-6080E7E288A7: The snapshot info is null. Setting the last applied indexto:(t:0, i:~)
2019-09-19 14:21:18,583 [pool-60-thread-1] INFO  server.RaftServerConfigKeys (ConfUtils.java:logGet(43)) - raft.server.leader.election.timeout = 120s (custom)
2019-09-19 14:21:18,584 [pool-60-thread-1] INFO  server.RaftServerConfigKeys (ConfUtils.java:logGet(43)) - raft.server.log.use.memory = false (default)
2019-09-19 14:21:18,584 [pool-60-thread-1] INFO  server.RaftServerConfigKeys (ConfUtils.java:logGet(43)) - raft.server.log.purge.gap = 1000000 (custom)
2019-09-19 14:21:18,584 [pool-60-thread-1] INFO  server.RaftServerConfigKeys (ConfUtils.java:logGet(43)) - raft.server.log.appender.buffer.byte-limit = 33554432 (custom)
2019-09-19 14:21:18,584 [pool-60-thread-1] INFO  server.RaftServerConfigKeys (ConfUtils.java:logGet(43)) - raft.server.log.segment.size.max = 1048576 (custom)
2019-09-19 14:21:18,584 [pool-60-thread-1] INFO  server.RaftServerConfigKeys (ConfUtils.java:logGet(43)) - raft.server.log.segment.cache.num.max = 2 (custom)
2019-09-19 14:21:18,584 [pool-60-thread-1] INFO  segmented.SegmentedRaftLogWorker (SegmentedRaftLogWorker.java:<init>(172)) - new 6403e584-2209-453b-b79e-eeb0a7b58516-SegmentedRaftLogWorker:Storage Directory /workdir/hadoop-ozone/integration-test/target/test-dir/MiniOzoneClusterImpl-210d6028-2152-4683-81ff-347b0d29bb13/datanode-3/data/ratis/f2edf683-ab62-45da-8fb7-6080e7e288a7 for RaftStorage:Storage Directory /workdir/hadoop-ozone/integration-test/target/test-dir/MiniOzoneClusterImpl-210d6028-2152-4683-81ff-347b0d29bb13/datanode-3/data/ratis/f2edf683-ab62-45da-8fb7-6080e7e288a7
2019-09-19 14:21:18,585 [pool-60-thread-1] INFO  server.RaftServerConfigKeys (ConfUtils.java:logGet(43)) - raft.server.log.queue.byte-limit = 2147483647 (custom)
2019-09-19 14:21:18,585 [pool-60-thread-1] INFO  server.RaftServerConfigKeys (ConfUtils.java:logGet(43)) - raft.server.log.queue.element-limit = 1024 (custom)
2019-09-19 14:21:18,585 [pool-60-thread-1] INFO  server.RaftServerConfigKeys (ConfUtils.java:logGet(43)) - raft.server.log.segment.size.max = 1048576 (custom)
2019-09-19 14:21:18,585 [pool-60-thread-1] INFO  server.RaftServerConfigKeys (ConfUtils.java:logGet(43)) - raft.server.log.preallocated.size = 16384 (custom)
2019-09-19 14:21:18,585 [pool-60-thread-1] INFO  server.RaftServerConfigKeys (ConfUtils.java:logGet(43)) - raft.server.log.write.buffer.size = 33554432 (custom)
2019-09-19 14:21:18,585 [pool-60-thread-1] INFO  server.RaftServerConfigKeys (ConfUtils.java:logGet(43)) - raft.server.log.force.sync.num = 128 (default)
2019-09-19 14:21:18,586 [pool-60-thread-1] INFO  server.RaftServerConfigKeys (ConfUtils.java:logGet(43)) - raft.server.log.statemachine.data.sync = true (default)
2019-09-19 14:21:18,586 [pool-60-thread-1] INFO  server.RaftServerConfigKeys (ConfUtils.java:logGet(43)) - raft.server.log.statemachine.data.sync.timeout = 10s (default)
2019-09-19 14:21:18,586 [pool-60-thread-1] INFO  server.RaftServerConfigKeys (ConfUtils.java:logGet(43)) - raft.server.log.statemachine.data.sync.timeout.retry = -1 (default)
2019-09-19 14:21:18,586 [pool-60-thread-1] INFO  server.RaftServerConfigKeys (ConfUtils.java:logGet(43)) - raft.server.log.statemachine.data.caching.enabled = true (custom)
2019-09-19 14:21:18,586 [pool-60-thread-1] INFO  segmented.SegmentedRaftLogWorker (SegmentedRaftLogWorker.java:lambda$new$0(132)) - 6403e584-2209-453b-b79e-eeb0a7b58516-SegmentedRaftLogWorker:Storage Directory /workdir/hadoop-ozone/integration-test/target/test-dir/MiniOzoneClusterImpl-210d6028-2152-4683-81ff-347b0d29bb13/datanode-3/data/ratis/f2edf683-ab62-45da-8fb7-6080e7e288a7: flushIndex: setUnconditionally 0 -> -1
2019-09-19 14:21:18,587 [pool-60-thread-1] INFO  server.RaftServerConfigKeys (ConfUtils.java:logGet(43)) - raft.server.snapshot.auto.trigger.enabled = true (custom)
2019-09-19 14:21:18,587 [pool-60-thread-1] INFO  server.RaftServerConfigKeys (ConfUtils.java:logGet(43)) - raft.server.snapshot.auto.trigger.threshold = 10000 (custom)
2019-09-19 14:21:18,587 [pool-60-thread-1] INFO  server.RaftServerConfigKeys (ConfUtils.java:logGet(43)) - raft.server.retrycache.expirytime = 600000ms (custom)
2019-09-19 14:21:18,587 [pool-60-thread-1] INFO  impl.RaftServerImpl (RaftServerImpl.java:start(180)) - 6403e584-2209-453b-b79e-eeb0a7b58516: start group-6080E7E288A7
2019-09-19 14:21:18,587 [pool-60-thread-1] INFO  impl.RaftServerImpl (RaftServerImpl.java:setRole(171)) - 6403e584-2209-453b-b79e-eeb0a7b58516:group-6080E7E288A7 changes role from null to FOLLOWER at term 0 for startAsFollower
2019-09-19 14:21:18,588 [pool-60-thread-1] INFO  impl.RoleInfo (RoleInfo.java:updateAndGet(143)) - 6403e584-2209-453b-b79e-eeb0a7b58516: start FollowerState
2019-09-19 14:21:18,588 [pool-60-thread-1] INFO  util.JmxRegister (JmxRegister.java:tryRegister(44)) - Successfully registered JMX Bean with object name Ratis:service=RaftServer,group=group-6080E7E288A7,id=6403e584-2209-453b-b79e-eeb0a7b58516
2019-09-19 14:21:18,591 [RatisPipelineUtilsThread] INFO  pipeline.PipelineStateManager (PipelineStateManager.java:addPipeline(56)) - Created pipeline Pipeline[ Id: f2edf683-ab62-45da-8fb7-6080e7e288a7, Nodes: 6403e584-2209-453b-b79e-eeb0a7b58516{ip: 192.168.157.226, host: pr-hdds-1569-swxfz-3172132826, networkLocation: /default-rack, certSerialId: null}, Type:RATIS, Factor:ONE, State:OPEN]
2019-09-19 14:21:18,596 [grpc-default-executor-1] INFO  impl.RaftServerProxy (RaftServerProxy.java:addNew(89)) - 5dfaa0ea-416a-422c-a75d-43311aceb00a: addNew group-66FE1FC44657:[5dfaa0ea-416a-422c-a75d-43311aceb00a:192.168.157.226:45629] returns group-66FE1FC44657:java.util.concurrent.CompletableFuture@b0fb708[Not completed]
2019-09-19 14:21:18,597 [pool-38-thread-1] INFO  impl.RaftServerImpl (RaftServerImpl.java:<init>(93)) - 5dfaa0ea-416a-422c-a75d-43311aceb00a: new RaftServerImpl for group-66FE1FC44657:[5dfaa0ea-416a-422c-a75d-43311aceb00a:192.168.157.226:45629] with ContainerStateMachine:uninitialized
2019-09-19 14:21:18,597 [pool-38-thread-1] INFO  server.RaftServerConfigKeys (ConfUtils.java:logGet(43)) - raft.server.rpc.timeout.min = 5s (custom)
2019-09-19 14:21:18,597 [pool-38-thread-1] INFO  server.RaftServerConfigKeys (ConfUtils.java:logGet(43)) - raft.server.rpc.timeout.max = 5200ms (custom)
2019-09-19 14:21:18,598 [pool-38-thread-1] INFO  server.RaftServerConfigKeys (ConfUtils.java:logGet(43)) - raft.server.rpcslowness.timeout = 120s (custom)
2019-09-19 14:21:18,598 [pool-38-thread-1] INFO  server.RaftServerConfigKeys (ConfUtils.java:logGet(43)) - raft.server.sleep.deviation.threshold = 300 (default)
2019-09-19 14:21:18,598 [pool-38-thread-1] INFO  server.RaftServerConfigKeys (ConfUtils.java:logGet(43)) - raft.server.log.appender.install.snapshot.enabled = false (custom)
2019-09-19 14:21:18,598 [pool-38-thread-1] INFO  impl.RaftServerImpl (ServerState.java:<init>(105)) - 5dfaa0ea-416a-422c-a75d-43311aceb00a:group-66FE1FC44657 ConfigurationManager, init=-1: [5dfaa0ea-416a-422c-a75d-43311aceb00a:192.168.157.226:45629], old=null, confs=<EMPTY_MAP>
2019-09-19 14:21:18,598 [pool-38-thread-1] INFO  server.RaftServerConfigKeys (ConfUtils.java:logGet(43)) - raft.server.storage.dir = [/workdir/hadoop-ozone/integration-test/target/test-dir/MiniOzoneClusterImpl-210d6028-2152-4683-81ff-347b0d29bb13/datanode-1/data/ratis] (custom)
2019-09-19 14:21:18,599 [pool-38-thread-1] INFO  storage.RaftStorageDirectory (RaftStorageDirectory.java:analyzeStorage(246)) - The storage directory /workdir/hadoop-ozone/integration-test/target/test-dir/MiniOzoneClusterImpl-210d6028-2152-4683-81ff-347b0d29bb13/datanode-1/data/ratis/a3e8eaed-a1e1-47fa-be48-66fe1fc44657 does not exist. Creating ...
2019-09-19 14:21:18,605 | INFO  | SCMAudit | user=jenkins1000 | ip=192.168.157.226 | op=SEND_HEARTBEAT {datanodeUUID=431517c4-8c09-4790-b37b-2e132c8143ad, command=[]} | ret=SUCCESS |  
2019-09-19 14:21:18,612 [pool-38-thread-1] INFO  storage.RaftStorageDirectory (RaftStorageDirectory.java:tryLock(328)) - Lock on /workdir/hadoop-ozone/integration-test/target/test-dir/MiniOzoneClusterImpl-210d6028-2152-4683-81ff-347b0d29bb13/datanode-1/data/ratis/a3e8eaed-a1e1-47fa-be48-66fe1fc44657/in_use.lock acquired by nodename 16198@pr-hdds-1569-swxfz-3172132826
2019-09-19 14:21:18,625 [pool-38-thread-1] INFO  storage.RaftStorage (RaftStorage.java:format(72)) - Storage directory /workdir/hadoop-ozone/integration-test/target/test-dir/MiniOzoneClusterImpl-210d6028-2152-4683-81ff-347b0d29bb13/datanode-1/data/ratis/a3e8eaed-a1e1-47fa-be48-66fe1fc44657 has been successfully formatted.
2019-09-19 14:21:18,626 [pool-38-thread-1] INFO  ratis.ContainerStateMachine (ContainerStateMachine.java:loadSnapshot(226)) - group-66FE1FC44657: The snapshot info is null. Setting the last applied indexto:(t:0, i:~)
2019-09-19 14:21:18,626 [pool-38-thread-1] INFO  server.RaftServerConfigKeys (ConfUtils.java:logGet(43)) - raft.server.leader.election.timeout = 120s (custom)
2019-09-19 14:21:18,626 [pool-38-thread-1] INFO  server.RaftServerConfigKeys (ConfUtils.java:logGet(43)) - raft.server.log.use.memory = false (default)
2019-09-19 14:21:18,626 [pool-38-thread-1] INFO  server.RaftServerConfigKeys (ConfUtils.java:logGet(43)) - raft.server.log.purge.gap = 1000000 (custom)
2019-09-19 14:21:18,626 [pool-38-thread-1] INFO  server.RaftServerConfigKeys (ConfUtils.java:logGet(43)) - raft.server.log.appender.buffer.byte-limit = 33554432 (custom)
2019-09-19 14:21:18,627 [pool-38-thread-1] INFO  server.RaftServerConfigKeys (ConfUtils.java:logGet(43)) - raft.server.log.segment.size.max = 1048576 (custom)
2019-09-19 14:21:18,627 [pool-38-thread-1] INFO  server.RaftServerConfigKeys (ConfUtils.java:logGet(43)) - raft.server.log.segment.cache.num.max = 2 (custom)
2019-09-19 14:21:18,627 [pool-38-thread-1] INFO  segmented.SegmentedRaftLogWorker (SegmentedRaftLogWorker.java:<init>(172)) - new 5dfaa0ea-416a-422c-a75d-43311aceb00a-SegmentedRaftLogWorker:Storage Directory /workdir/hadoop-ozone/integration-test/target/test-dir/MiniOzoneClusterImpl-210d6028-2152-4683-81ff-347b0d29bb13/datanode-1/data/ratis/a3e8eaed-a1e1-47fa-be48-66fe1fc44657 for RaftStorage:Storage Directory /workdir/hadoop-ozone/integration-test/target/test-dir/MiniOzoneClusterImpl-210d6028-2152-4683-81ff-347b0d29bb13/datanode-1/data/ratis/a3e8eaed-a1e1-47fa-be48-66fe1fc44657
2019-09-19 14:21:18,627 [pool-38-thread-1] INFO  server.RaftServerConfigKeys (ConfUtils.java:logGet(43)) - raft.server.log.queue.byte-limit = 2147483647 (custom)
2019-09-19 14:21:18,627 [pool-38-thread-1] INFO  server.RaftServerConfigKeys (ConfUtils.java:logGet(43)) - raft.server.log.queue.element-limit = 1024 (custom)
2019-09-19 14:21:18,627 [pool-38-thread-1] INFO  server.RaftServerConfigKeys (ConfUtils.java:logGet(43)) - raft.server.log.segment.size.max = 1048576 (custom)
2019-09-19 14:21:18,628 [pool-38-thread-1] INFO  server.RaftServerConfigKeys (ConfUtils.java:logGet(43)) - raft.server.log.preallocated.size = 16384 (custom)
2019-09-19 14:21:18,628 [pool-38-thread-1] INFO  server.RaftServerConfigKeys (ConfUtils.java:logGet(43)) - raft.server.log.write.buffer.size = 33554432 (custom)
2019-09-19 14:21:18,628 [pool-38-thread-1] INFO  server.RaftServerConfigKeys (ConfUtils.java:logGet(43)) - raft.server.log.force.sync.num = 128 (default)
2019-09-19 14:21:18,628 [pool-38-thread-1] INFO  server.RaftServerConfigKeys (ConfUtils.java:logGet(43)) - raft.server.log.statemachine.data.sync = true (default)
2019-09-19 14:21:18,628 [pool-38-thread-1] INFO  server.RaftServerConfigKeys (ConfUtils.java:logGet(43)) - raft.server.log.statemachine.data.sync.timeout = 10s (default)
2019-09-19 14:21:18,628 [pool-38-thread-1] INFO  server.RaftServerConfigKeys (ConfUtils.java:logGet(43)) - raft.server.log.statemachine.data.sync.timeout.retry = -1 (default)
2019-09-19 14:21:18,629 [pool-38-thread-1] INFO  server.RaftServerConfigKeys (ConfUtils.java:logGet(43)) - raft.server.log.statemachine.data.caching.enabled = true (custom)
2019-09-19 14:21:18,629 [pool-38-thread-1] INFO  segmented.SegmentedRaftLogWorker (SegmentedRaftLogWorker.java:lambda$new$0(132)) - 5dfaa0ea-416a-422c-a75d-43311aceb00a-SegmentedRaftLogWorker:Storage Directory /workdir/hadoop-ozone/integration-test/target/test-dir/MiniOzoneClusterImpl-210d6028-2152-4683-81ff-347b0d29bb13/datanode-1/data/ratis/a3e8eaed-a1e1-47fa-be48-66fe1fc44657: flushIndex: setUnconditionally 0 -> -1
2019-09-19 14:21:18,629 [pool-38-thread-1] INFO  server.RaftServerConfigKeys (ConfUtils.java:logGet(43)) - raft.server.snapshot.auto.trigger.enabled = true (custom)
2019-09-19 14:21:18,629 [pool-38-thread-1] INFO  server.RaftServerConfigKeys (ConfUtils.java:logGet(43)) - raft.server.snapshot.auto.trigger.threshold = 10000 (custom)
2019-09-19 14:21:18,630 [pool-38-thread-1] INFO  server.RaftServerConfigKeys (ConfUtils.java:logGet(43)) - raft.server.retrycache.expirytime = 600000ms (custom)
2019-09-19 14:21:18,630 [pool-38-thread-1] INFO  impl.RaftServerImpl (RaftServerImpl.java:start(180)) - 5dfaa0ea-416a-422c-a75d-43311aceb00a: start group-66FE1FC44657
2019-09-19 14:21:18,630 [pool-38-thread-1] INFO  impl.RaftServerImpl (RaftServerImpl.java:setRole(171)) - 5dfaa0ea-416a-422c-a75d-43311aceb00a:group-66FE1FC44657 changes role from null to FOLLOWER at term 0 for startAsFollower
2019-09-19 14:21:18,630 [pool-38-thread-1] INFO  impl.RoleInfo (RoleInfo.java:updateAndGet(143)) - 5dfaa0ea-416a-422c-a75d-43311aceb00a: start FollowerState
2019-09-19 14:21:18,631 [pool-38-thread-1] INFO  util.JmxRegister (JmxRegister.java:tryRegister(44)) - Successfully registered JMX Bean with object name Ratis:service=RaftServer,group=group-66FE1FC44657,id=5dfaa0ea-416a-422c-a75d-43311aceb00a
2019-09-19 14:21:18,633 [RatisPipelineUtilsThread] INFO  pipeline.PipelineStateManager (PipelineStateManager.java:addPipeline(56)) - Created pipeline Pipeline[ Id: a3e8eaed-a1e1-47fa-be48-66fe1fc44657, Nodes: 5dfaa0ea-416a-422c-a75d-43311aceb00a{ip: 192.168.157.226, host: pr-hdds-1569-swxfz-3172132826, networkLocation: /default-rack, certSerialId: null}, Type:RATIS, Factor:ONE, State:OPEN]
2019-09-19 14:21:18,638 [grpc-default-executor-1] INFO  impl.RaftServerProxy (RaftServerProxy.java:addNew(89)) - 431517c4-8c09-4790-b37b-2e132c8143ad: addNew group-F48EAE1DFE2B:[431517c4-8c09-4790-b37b-2e132c8143ad:192.168.157.226:40911] returns group-F48EAE1DFE2B:java.util.concurrent.CompletableFuture@2cd07910[Not completed]
2019-09-19 14:21:18,639 [pool-82-thread-1] INFO  impl.RaftServerImpl (RaftServerImpl.java:<init>(93)) - 431517c4-8c09-4790-b37b-2e132c8143ad: new RaftServerImpl for group-F48EAE1DFE2B:[431517c4-8c09-4790-b37b-2e132c8143ad:192.168.157.226:40911] with ContainerStateMachine:uninitialized
2019-09-19 14:21:18,639 [pool-82-thread-1] INFO  server.RaftServerConfigKeys (ConfUtils.java:logGet(43)) - raft.server.rpc.timeout.min = 5s (custom)
2019-09-19 14:21:18,640 [pool-82-thread-1] INFO  server.RaftServerConfigKeys (ConfUtils.java:logGet(43)) - raft.server.rpc.timeout.max = 5200ms (custom)
2019-09-19 14:21:18,640 [pool-82-thread-1] INFO  server.RaftServerConfigKeys (ConfUtils.java:logGet(43)) - raft.server.rpcslowness.timeout = 120s (custom)
2019-09-19 14:21:18,640 [pool-82-thread-1] INFO  server.RaftServerConfigKeys (ConfUtils.java:logGet(43)) - raft.server.sleep.deviation.threshold = 300 (default)
2019-09-19 14:21:18,640 [pool-82-thread-1] INFO  server.RaftServerConfigKeys (ConfUtils.java:logGet(43)) - raft.server.log.appender.install.snapshot.enabled = false (custom)
2019-09-19 14:21:18,640 [pool-82-thread-1] INFO  impl.RaftServerImpl (ServerState.java:<init>(105)) - 431517c4-8c09-4790-b37b-2e132c8143ad:group-F48EAE1DFE2B ConfigurationManager, init=-1: [431517c4-8c09-4790-b37b-2e132c8143ad:192.168.157.226:40911], old=null, confs=<EMPTY_MAP>
2019-09-19 14:21:18,640 [pool-82-thread-1] INFO  server.RaftServerConfigKeys (ConfUtils.java:logGet(43)) - raft.server.storage.dir = [/workdir/hadoop-ozone/integration-test/target/test-dir/MiniOzoneClusterImpl-210d6028-2152-4683-81ff-347b0d29bb13/datanode-5/data/ratis] (custom)
2019-09-19 14:21:18,641 [pool-82-thread-1] INFO  storage.RaftStorageDirectory (RaftStorageDirectory.java:analyzeStorage(246)) - The storage directory /workdir/hadoop-ozone/integration-test/target/test-dir/MiniOzoneClusterImpl-210d6028-2152-4683-81ff-347b0d29bb13/datanode-5/data/ratis/8d8bddb9-fea1-44b8-831c-f48eae1dfe2b does not exist. Creating ...
2019-09-19 14:21:18,654 [pool-82-thread-1] INFO  storage.RaftStorageDirectory (RaftStorageDirectory.java:tryLock(328)) - Lock on /workdir/hadoop-ozone/integration-test/target/test-dir/MiniOzoneClusterImpl-210d6028-2152-4683-81ff-347b0d29bb13/datanode-5/data/ratis/8d8bddb9-fea1-44b8-831c-f48eae1dfe2b/in_use.lock acquired by nodename 16198@pr-hdds-1569-swxfz-3172132826
2019-09-19 14:21:18,667 [pool-82-thread-1] INFO  storage.RaftStorage (RaftStorage.java:format(72)) - Storage directory /workdir/hadoop-ozone/integration-test/target/test-dir/MiniOzoneClusterImpl-210d6028-2152-4683-81ff-347b0d29bb13/datanode-5/data/ratis/8d8bddb9-fea1-44b8-831c-f48eae1dfe2b has been successfully formatted.
2019-09-19 14:21:18,667 [pool-82-thread-1] INFO  ratis.ContainerStateMachine (ContainerStateMachine.java:loadSnapshot(226)) - group-F48EAE1DFE2B: The snapshot info is null. Setting the last applied indexto:(t:0, i:~)
2019-09-19 14:21:18,667 [pool-82-thread-1] INFO  server.RaftServerConfigKeys (ConfUtils.java:logGet(43)) - raft.server.leader.election.timeout = 120s (custom)
2019-09-19 14:21:18,668 [pool-82-thread-1] INFO  server.RaftServerConfigKeys (ConfUtils.java:logGet(43)) - raft.server.log.use.memory = false (default)
2019-09-19 14:21:18,668 [pool-82-thread-1] INFO  server.RaftServerConfigKeys (ConfUtils.java:logGet(43)) - raft.server.log.purge.gap = 1000000 (custom)
2019-09-19 14:21:18,668 [pool-82-thread-1] INFO  server.RaftServerConfigKeys (ConfUtils.java:logGet(43)) - raft.server.log.appender.buffer.byte-limit = 33554432 (custom)
2019-09-19 14:21:18,668 [pool-82-thread-1] INFO  server.RaftServerConfigKeys (ConfUtils.java:logGet(43)) - raft.server.log.segment.size.max = 1048576 (custom)
2019-09-19 14:21:18,668 [pool-82-thread-1] INFO  server.RaftServerConfigKeys (ConfUtils.java:logGet(43)) - raft.server.log.segment.cache.num.max = 2 (custom)
2019-09-19 14:21:18,668 [pool-82-thread-1] INFO  segmented.SegmentedRaftLogWorker (SegmentedRaftLogWorker.java:<init>(172)) - new 431517c4-8c09-4790-b37b-2e132c8143ad-SegmentedRaftLogWorker:Storage Directory /workdir/hadoop-ozone/integration-test/target/test-dir/MiniOzoneClusterImpl-210d6028-2152-4683-81ff-347b0d29bb13/datanode-5/data/ratis/8d8bddb9-fea1-44b8-831c-f48eae1dfe2b for RaftStorage:Storage Directory /workdir/hadoop-ozone/integration-test/target/test-dir/MiniOzoneClusterImpl-210d6028-2152-4683-81ff-347b0d29bb13/datanode-5/data/ratis/8d8bddb9-fea1-44b8-831c-f48eae1dfe2b
2019-09-19 14:21:18,669 [pool-82-thread-1] INFO  server.RaftServerConfigKeys (ConfUtils.java:logGet(43)) - raft.server.log.queue.byte-limit = 2147483647 (custom)
2019-09-19 14:21:18,669 [pool-82-thread-1] INFO  server.RaftServerConfigKeys (ConfUtils.java:logGet(43)) - raft.server.log.queue.element-limit = 1024 (custom)
2019-09-19 14:21:18,669 [pool-82-thread-1] INFO  server.RaftServerConfigKeys (ConfUtils.java:logGet(43)) - raft.server.log.segment.size.max = 1048576 (custom)
2019-09-19 14:21:18,669 [pool-82-thread-1] INFO  server.RaftServerConfigKeys (ConfUtils.java:logGet(43)) - raft.server.log.preallocated.size = 16384 (custom)
2019-09-19 14:21:18,669 [pool-82-thread-1] INFO  server.RaftServerConfigKeys (ConfUtils.java:logGet(43)) - raft.server.log.write.buffer.size = 33554432 (custom)
2019-09-19 14:21:18,669 [pool-82-thread-1] INFO  server.RaftServerConfigKeys (ConfUtils.java:logGet(43)) - raft.server.log.force.sync.num = 128 (default)
2019-09-19 14:21:18,669 [pool-82-thread-1] INFO  server.RaftServerConfigKeys (ConfUtils.java:logGet(43)) - raft.server.log.statemachine.data.sync = true (default)
2019-09-19 14:21:18,670 [pool-82-thread-1] INFO  server.RaftServerConfigKeys (ConfUtils.java:logGet(43)) - raft.server.log.statemachine.data.sync.timeout = 10s (default)
2019-09-19 14:21:18,670 [pool-82-thread-1] INFO  server.RaftServerConfigKeys (ConfUtils.java:logGet(43)) - raft.server.log.statemachine.data.sync.timeout.retry = -1 (default)
2019-09-19 14:21:18,670 [pool-82-thread-1] INFO  server.RaftServerConfigKeys (ConfUtils.java:logGet(43)) - raft.server.log.statemachine.data.caching.enabled = true (custom)
2019-09-19 14:21:18,670 [pool-82-thread-1] INFO  segmented.SegmentedRaftLogWorker (SegmentedRaftLogWorker.java:lambda$new$0(132)) - 431517c4-8c09-4790-b37b-2e132c8143ad-SegmentedRaftLogWorker:Storage Directory /workdir/hadoop-ozone/integration-test/target/test-dir/MiniOzoneClusterImpl-210d6028-2152-4683-81ff-347b0d29bb13/datanode-5/data/ratis/8d8bddb9-fea1-44b8-831c-f48eae1dfe2b: flushIndex: setUnconditionally 0 -> -1
2019-09-19 14:21:18,671 [pool-82-thread-1] INFO  server.RaftServerConfigKeys (ConfUtils.java:logGet(43)) - raft.server.snapshot.auto.trigger.enabled = true (custom)
2019-09-19 14:21:18,671 [pool-82-thread-1] INFO  server.RaftServerConfigKeys (ConfUtils.java:logGet(43)) - raft.server.snapshot.auto.trigger.threshold = 10000 (custom)
2019-09-19 14:21:18,671 [pool-82-thread-1] INFO  server.RaftServerConfigKeys (ConfUtils.java:logGet(43)) - raft.server.retrycache.expirytime = 600000ms (custom)
2019-09-19 14:21:18,671 [pool-82-thread-1] INFO  impl.RaftServerImpl (RaftServerImpl.java:start(180)) - 431517c4-8c09-4790-b37b-2e132c8143ad: start group-F48EAE1DFE2B
2019-09-19 14:21:18,671 [pool-82-thread-1] INFO  impl.RaftServerImpl (RaftServerImpl.java:setRole(171)) - 431517c4-8c09-4790-b37b-2e132c8143ad:group-F48EAE1DFE2B changes role from null to FOLLOWER at term 0 for startAsFollower
2019-09-19 14:21:18,671 [pool-82-thread-1] INFO  impl.RoleInfo (RoleInfo.java:updateAndGet(143)) - 431517c4-8c09-4790-b37b-2e132c8143ad: start FollowerState
2019-09-19 14:21:18,672 [pool-82-thread-1] INFO  util.JmxRegister (JmxRegister.java:tryRegister(44)) - Successfully registered JMX Bean with object name Ratis:service=RaftServer,group=group-F48EAE1DFE2B,id=431517c4-8c09-4790-b37b-2e132c8143ad
2019-09-19 14:21:18,674 [RatisPipelineUtilsThread] INFO  pipeline.PipelineStateManager (PipelineStateManager.java:addPipeline(56)) - Created pipeline Pipeline[ Id: 8d8bddb9-fea1-44b8-831c-f48eae1dfe2b, Nodes: 431517c4-8c09-4790-b37b-2e132c8143ad{ip: 192.168.157.226, host: pr-hdds-1569-swxfz-3172132826, networkLocation: /default-rack, certSerialId: null}, Type:RATIS, Factor:ONE, State:OPEN]
2019-09-19 14:21:18,679 [grpc-default-executor-1] INFO  impl.RaftServerProxy (RaftServerProxy.java:addNew(89)) - 5dfaa0ea-416a-422c-a75d-43311aceb00a: addNew group-23B0D2424888:[5dfaa0ea-416a-422c-a75d-43311aceb00a:192.168.157.226:45629] returns group-23B0D2424888:java.util.concurrent.CompletableFuture@589780d5[Not completed]
2019-09-19 14:21:18,680 [pool-38-thread-1] INFO  impl.RaftServerImpl (RaftServerImpl.java:<init>(93)) - 5dfaa0ea-416a-422c-a75d-43311aceb00a: new RaftServerImpl for group-23B0D2424888:[5dfaa0ea-416a-422c-a75d-43311aceb00a:192.168.157.226:45629] with ContainerStateMachine:uninitialized
2019-09-19 14:21:18,680 [pool-38-thread-1] INFO  server.RaftServerConfigKeys (ConfUtils.java:logGet(43)) - raft.server.rpc.timeout.min = 5s (custom)
2019-09-19 14:21:18,680 [pool-38-thread-1] INFO  server.RaftServerConfigKeys (ConfUtils.java:logGet(43)) - raft.server.rpc.timeout.max = 5200ms (custom)
2019-09-19 14:21:18,681 [pool-38-thread-1] INFO  server.RaftServerConfigKeys (ConfUtils.java:logGet(43)) - raft.server.rpcslowness.timeout = 120s (custom)
2019-09-19 14:21:18,681 [pool-38-thread-1] INFO  server.RaftServerConfigKeys (ConfUtils.java:logGet(43)) - raft.server.sleep.deviation.threshold = 300 (default)
2019-09-19 14:21:18,681 [pool-38-thread-1] INFO  server.RaftServerConfigKeys (ConfUtils.java:logGet(43)) - raft.server.log.appender.install.snapshot.enabled = false (custom)
2019-09-19 14:21:18,681 [pool-38-thread-1] INFO  impl.RaftServerImpl (ServerState.java:<init>(105)) - 5dfaa0ea-416a-422c-a75d-43311aceb00a:group-23B0D2424888 ConfigurationManager, init=-1: [5dfaa0ea-416a-422c-a75d-43311aceb00a:192.168.157.226:45629], old=null, confs=<EMPTY_MAP>
2019-09-19 14:21:18,681 [pool-38-thread-1] INFO  server.RaftServerConfigKeys (ConfUtils.java:logGet(43)) - raft.server.storage.dir = [/workdir/hadoop-ozone/integration-test/target/test-dir/MiniOzoneClusterImpl-210d6028-2152-4683-81ff-347b0d29bb13/datanode-1/data/ratis] (custom)
2019-09-19 14:21:18,682 [pool-38-thread-1] INFO  storage.RaftStorageDirectory (RaftStorageDirectory.java:analyzeStorage(246)) - The storage directory /workdir/hadoop-ozone/integration-test/target/test-dir/MiniOzoneClusterImpl-210d6028-2152-4683-81ff-347b0d29bb13/datanode-1/data/ratis/9d73a938-6846-45b1-8091-23b0d2424888 does not exist. Creating ...
2019-09-19 14:21:18,695 [pool-38-thread-1] INFO  storage.RaftStorageDirectory (RaftStorageDirectory.java:tryLock(328)) - Lock on /workdir/hadoop-ozone/integration-test/target/test-dir/MiniOzoneClusterImpl-210d6028-2152-4683-81ff-347b0d29bb13/datanode-1/data/ratis/9d73a938-6846-45b1-8091-23b0d2424888/in_use.lock acquired by nodename 16198@pr-hdds-1569-swxfz-3172132826
2019-09-19 14:21:18,708 [pool-38-thread-1] INFO  storage.RaftStorage (RaftStorage.java:format(72)) - Storage directory /workdir/hadoop-ozone/integration-test/target/test-dir/MiniOzoneClusterImpl-210d6028-2152-4683-81ff-347b0d29bb13/datanode-1/data/ratis/9d73a938-6846-45b1-8091-23b0d2424888 has been successfully formatted.
2019-09-19 14:21:18,708 [pool-38-thread-1] INFO  ratis.ContainerStateMachine (ContainerStateMachine.java:loadSnapshot(226)) - group-23B0D2424888: The snapshot info is null. Setting the last applied indexto:(t:0, i:~)
2019-09-19 14:21:18,708 [pool-38-thread-1] INFO  server.RaftServerConfigKeys (ConfUtils.java:logGet(43)) - raft.server.leader.election.timeout = 120s (custom)
2019-09-19 14:21:18,709 [pool-38-thread-1] INFO  server.RaftServerConfigKeys (ConfUtils.java:logGet(43)) - raft.server.log.use.memory = false (default)
2019-09-19 14:21:18,709 [pool-38-thread-1] INFO  server.RaftServerConfigKeys (ConfUtils.java:logGet(43)) - raft.server.log.purge.gap = 1000000 (custom)
2019-09-19 14:21:18,709 [pool-38-thread-1] INFO  server.RaftServerConfigKeys (ConfUtils.java:logGet(43)) - raft.server.log.appender.buffer.byte-limit = 33554432 (custom)
2019-09-19 14:21:18,709 [pool-38-thread-1] INFO  server.RaftServerConfigKeys (ConfUtils.java:logGet(43)) - raft.server.log.segment.size.max = 1048576 (custom)
2019-09-19 14:21:18,709 [pool-38-thread-1] INFO  server.RaftServerConfigKeys (ConfUtils.java:logGet(43)) - raft.server.log.segment.cache.num.max = 2 (custom)
2019-09-19 14:21:18,709 [pool-38-thread-1] INFO  segmented.SegmentedRaftLogWorker (SegmentedRaftLogWorker.java:<init>(172)) - new 5dfaa0ea-416a-422c-a75d-43311aceb00a-SegmentedRaftLogWorker:Storage Directory /workdir/hadoop-ozone/integration-test/target/test-dir/MiniOzoneClusterImpl-210d6028-2152-4683-81ff-347b0d29bb13/datanode-1/data/ratis/9d73a938-6846-45b1-8091-23b0d2424888 for RaftStorage:Storage Directory /workdir/hadoop-ozone/integration-test/target/test-dir/MiniOzoneClusterImpl-210d6028-2152-4683-81ff-347b0d29bb13/datanode-1/data/ratis/9d73a938-6846-45b1-8091-23b0d2424888
2019-09-19 14:21:18,709 [pool-38-thread-1] INFO  server.RaftServerConfigKeys (ConfUtils.java:logGet(43)) - raft.server.log.queue.byte-limit = 2147483647 (custom)
2019-09-19 14:21:18,710 [pool-38-thread-1] INFO  server.RaftServerConfigKeys (ConfUtils.java:logGet(43)) - raft.server.log.queue.element-limit = 1024 (custom)
2019-09-19 14:21:18,710 [pool-38-thread-1] INFO  server.RaftServerConfigKeys (ConfUtils.java:logGet(43)) - raft.server.log.segment.size.max = 1048576 (custom)
2019-09-19 14:21:18,710 [pool-38-thread-1] INFO  server.RaftServerConfigKeys (ConfUtils.java:logGet(43)) - raft.server.log.preallocated.size = 16384 (custom)
2019-09-19 14:21:18,710 [pool-38-thread-1] INFO  server.RaftServerConfigKeys (ConfUtils.java:logGet(43)) - raft.server.log.write.buffer.size = 33554432 (custom)
2019-09-19 14:21:18,710 [pool-38-thread-1] INFO  server.RaftServerConfigKeys (ConfUtils.java:logGet(43)) - raft.server.log.force.sync.num = 128 (default)
2019-09-19 14:21:18,710 [pool-38-thread-1] INFO  server.RaftServerConfigKeys (ConfUtils.java:logGet(43)) - raft.server.log.statemachine.data.sync = true (default)
2019-09-19 14:21:18,710 [pool-38-thread-1] INFO  server.RaftServerConfigKeys (ConfUtils.java:logGet(43)) - raft.server.log.statemachine.data.sync.timeout = 10s (default)
2019-09-19 14:21:18,711 [pool-38-thread-1] INFO  server.RaftServerConfigKeys (ConfUtils.java:logGet(43)) - raft.server.log.statemachine.data.sync.timeout.retry = -1 (default)
2019-09-19 14:21:18,711 [pool-38-thread-1] INFO  server.RaftServerConfigKeys (ConfUtils.java:logGet(43)) - raft.server.log.statemachine.data.caching.enabled = true (custom)
2019-09-19 14:21:18,711 [pool-38-thread-1] INFO  segmented.SegmentedRaftLogWorker (SegmentedRaftLogWorker.java:lambda$new$0(132)) - 5dfaa0ea-416a-422c-a75d-43311aceb00a-SegmentedRaftLogWorker:Storage Directory /workdir/hadoop-ozone/integration-test/target/test-dir/MiniOzoneClusterImpl-210d6028-2152-4683-81ff-347b0d29bb13/datanode-1/data/ratis/9d73a938-6846-45b1-8091-23b0d2424888: flushIndex: setUnconditionally 0 -> -1
2019-09-19 14:21:18,711 [pool-38-thread-1] INFO  server.RaftServerConfigKeys (ConfUtils.java:logGet(43)) - raft.server.snapshot.auto.trigger.enabled = true (custom)
2019-09-19 14:21:18,712 [pool-38-thread-1] INFO  server.RaftServerConfigKeys (ConfUtils.java:logGet(43)) - raft.server.snapshot.auto.trigger.threshold = 10000 (custom)
2019-09-19 14:21:18,712 [pool-38-thread-1] INFO  server.RaftServerConfigKeys (ConfUtils.java:logGet(43)) - raft.server.retrycache.expirytime = 600000ms (custom)
2019-09-19 14:21:18,712 [pool-38-thread-1] INFO  impl.RaftServerImpl (RaftServerImpl.java:start(180)) - 5dfaa0ea-416a-422c-a75d-43311aceb00a: start group-23B0D2424888
2019-09-19 14:21:18,712 [pool-38-thread-1] INFO  impl.RaftServerImpl (RaftServerImpl.java:setRole(171)) - 5dfaa0ea-416a-422c-a75d-43311aceb00a:group-23B0D2424888 changes role from null to FOLLOWER at term 0 for startAsFollower
2019-09-19 14:21:18,712 [pool-38-thread-1] INFO  impl.RoleInfo (RoleInfo.java:updateAndGet(143)) - 5dfaa0ea-416a-422c-a75d-43311aceb00a: start FollowerState
2019-09-19 14:21:18,713 [pool-38-thread-1] INFO  util.JmxRegister (JmxRegister.java:tryRegister(44)) - Successfully registered JMX Bean with object name Ratis:service=RaftServer,group=group-23B0D2424888,id=5dfaa0ea-416a-422c-a75d-43311aceb00a
2019-09-19 14:21:18,715 [RatisPipelineUtilsThread] INFO  pipeline.PipelineStateManager (PipelineStateManager.java:addPipeline(56)) - Created pipeline Pipeline[ Id: 9d73a938-6846-45b1-8091-23b0d2424888, Nodes: 5dfaa0ea-416a-422c-a75d-43311aceb00a{ip: 192.168.157.226, host: pr-hdds-1569-swxfz-3172132826, networkLocation: /default-rack, certSerialId: null}, Type:RATIS, Factor:ONE, State:OPEN]
2019-09-19 14:21:18,722 [grpc-default-executor-1] INFO  impl.RaftServerProxy (RaftServerProxy.java:addNew(89)) - 306a7a99-f2a5-4f40-b42b-2fc2def08a6a: addNew group-3C159E1860AE:[306a7a99-f2a5-4f40-b42b-2fc2def08a6a:192.168.157.226:42633] returns group-3C159E1860AE:java.util.concurrent.CompletableFuture@20d21a1f[Not completed]
2019-09-19 14:21:18,723 [pool-49-thread-1] INFO  impl.RaftServerImpl (RaftServerImpl.java:<init>(93)) - 306a7a99-f2a5-4f40-b42b-2fc2def08a6a: new RaftServerImpl for group-3C159E1860AE:[306a7a99-f2a5-4f40-b42b-2fc2def08a6a:192.168.157.226:42633] with ContainerStateMachine:uninitialized
2019-09-19 14:21:18,724 [pool-49-thread-1] INFO  server.RaftServerConfigKeys (ConfUtils.java:logGet(43)) - raft.server.rpc.timeout.min = 5s (custom)
2019-09-19 14:21:18,724 [pool-49-thread-1] INFO  server.RaftServerConfigKeys (ConfUtils.java:logGet(43)) - raft.server.rpc.timeout.max = 5200ms (custom)
2019-09-19 14:21:18,724 [pool-49-thread-1] INFO  server.RaftServerConfigKeys (ConfUtils.java:logGet(43)) - raft.server.rpcslowness.timeout = 120s (custom)
2019-09-19 14:21:18,724 [pool-49-thread-1] INFO  server.RaftServerConfigKeys (ConfUtils.java:logGet(43)) - raft.server.sleep.deviation.threshold = 300 (default)
2019-09-19 14:21:18,724 [pool-49-thread-1] INFO  server.RaftServerConfigKeys (ConfUtils.java:logGet(43)) - raft.server.log.appender.install.snapshot.enabled = false (custom)
2019-09-19 14:21:18,724 [pool-49-thread-1] INFO  impl.RaftServerImpl (ServerState.java:<init>(105)) - 306a7a99-f2a5-4f40-b42b-2fc2def08a6a:group-3C159E1860AE ConfigurationManager, init=-1: [306a7a99-f2a5-4f40-b42b-2fc2def08a6a:192.168.157.226:42633], old=null, confs=<EMPTY_MAP>
2019-09-19 14:21:18,724 [pool-49-thread-1] INFO  server.RaftServerConfigKeys (ConfUtils.java:logGet(43)) - raft.server.storage.dir = [/workdir/hadoop-ozone/integration-test/target/test-dir/MiniOzoneClusterImpl-210d6028-2152-4683-81ff-347b0d29bb13/datanode-2/data/ratis] (custom)
2019-09-19 14:21:18,725 [pool-49-thread-1] INFO  storage.RaftStorageDirectory (RaftStorageDirectory.java:analyzeStorage(246)) - The storage directory /workdir/hadoop-ozone/integration-test/target/test-dir/MiniOzoneClusterImpl-210d6028-2152-4683-81ff-347b0d29bb13/datanode-2/data/ratis/50671ad6-48ef-467a-8d2b-3c159e1860ae does not exist. Creating ...
2019-09-19 14:21:18,737 [pool-49-thread-1] INFO  storage.RaftStorageDirectory (RaftStorageDirectory.java:tryLock(328)) - Lock on /workdir/hadoop-ozone/integration-test/target/test-dir/MiniOzoneClusterImpl-210d6028-2152-4683-81ff-347b0d29bb13/datanode-2/data/ratis/50671ad6-48ef-467a-8d2b-3c159e1860ae/in_use.lock acquired by nodename 16198@pr-hdds-1569-swxfz-3172132826
2019-09-19 14:21:18,750 [pool-49-thread-1] INFO  storage.RaftStorage (RaftStorage.java:format(72)) - Storage directory /workdir/hadoop-ozone/integration-test/target/test-dir/MiniOzoneClusterImpl-210d6028-2152-4683-81ff-347b0d29bb13/datanode-2/data/ratis/50671ad6-48ef-467a-8d2b-3c159e1860ae has been successfully formatted.
2019-09-19 14:21:18,750 [pool-49-thread-1] INFO  ratis.ContainerStateMachine (ContainerStateMachine.java:loadSnapshot(226)) - group-3C159E1860AE: The snapshot info is null. Setting the last applied indexto:(t:0, i:~)
2019-09-19 14:21:18,751 [pool-49-thread-1] INFO  server.RaftServerConfigKeys (ConfUtils.java:logGet(43)) - raft.server.leader.election.timeout = 120s (custom)
2019-09-19 14:21:18,751 [pool-49-thread-1] INFO  server.RaftServerConfigKeys (ConfUtils.java:logGet(43)) - raft.server.log.use.memory = false (default)
2019-09-19 14:21:18,751 [pool-49-thread-1] INFO  server.RaftServerConfigKeys (ConfUtils.java:logGet(43)) - raft.server.log.purge.gap = 1000000 (custom)
2019-09-19 14:21:18,751 [pool-49-thread-1] INFO  server.RaftServerConfigKeys (ConfUtils.java:logGet(43)) - raft.server.log.appender.buffer.byte-limit = 33554432 (custom)
2019-09-19 14:21:18,751 [pool-49-thread-1] INFO  server.RaftServerConfigKeys (ConfUtils.java:logGet(43)) - raft.server.log.segment.size.max = 1048576 (custom)
2019-09-19 14:21:18,751 [pool-49-thread-1] INFO  server.RaftServerConfigKeys (ConfUtils.java:logGet(43)) - raft.server.log.segment.cache.num.max = 2 (custom)
2019-09-19 14:21:18,751 [pool-49-thread-1] INFO  segmented.SegmentedRaftLogWorker (SegmentedRaftLogWorker.java:<init>(172)) - new 306a7a99-f2a5-4f40-b42b-2fc2def08a6a-SegmentedRaftLogWorker:Storage Directory /workdir/hadoop-ozone/integration-test/target/test-dir/MiniOzoneClusterImpl-210d6028-2152-4683-81ff-347b0d29bb13/datanode-2/data/ratis/50671ad6-48ef-467a-8d2b-3c159e1860ae for RaftStorage:Storage Directory /workdir/hadoop-ozone/integration-test/target/test-dir/MiniOzoneClusterImpl-210d6028-2152-4683-81ff-347b0d29bb13/datanode-2/data/ratis/50671ad6-48ef-467a-8d2b-3c159e1860ae
2019-09-19 14:21:18,752 [pool-49-thread-1] INFO  server.RaftServerConfigKeys (ConfUtils.java:logGet(43)) - raft.server.log.queue.byte-limit = 2147483647 (custom)
2019-09-19 14:21:18,752 [pool-49-thread-1] INFO  server.RaftServerConfigKeys (ConfUtils.java:logGet(43)) - raft.server.log.queue.element-limit = 1024 (custom)
2019-09-19 14:21:18,752 [pool-49-thread-1] INFO  server.RaftServerConfigKeys (ConfUtils.java:logGet(43)) - raft.server.log.segment.size.max = 1048576 (custom)
2019-09-19 14:21:18,752 [pool-49-thread-1] INFO  server.RaftServerConfigKeys (ConfUtils.java:logGet(43)) - raft.server.log.preallocated.size = 16384 (custom)
2019-09-19 14:21:18,752 [pool-49-thread-1] INFO  server.RaftServerConfigKeys (ConfUtils.java:logGet(43)) - raft.server.log.write.buffer.size = 33554432 (custom)
2019-09-19 14:21:18,752 [pool-49-thread-1] INFO  server.RaftServerConfigKeys (ConfUtils.java:logGet(43)) - raft.server.log.force.sync.num = 128 (default)
2019-09-19 14:21:18,752 [pool-49-thread-1] INFO  server.RaftServerConfigKeys (ConfUtils.java:logGet(43)) - raft.server.log.statemachine.data.sync = true (default)
2019-09-19 14:21:18,753 [pool-49-thread-1] INFO  server.RaftServerConfigKeys (ConfUtils.java:logGet(43)) - raft.server.log.statemachine.data.sync.timeout = 10s (default)
2019-09-19 14:21:18,753 [pool-49-thread-1] INFO  server.RaftServerConfigKeys (ConfUtils.java:logGet(43)) - raft.server.log.statemachine.data.sync.timeout.retry = -1 (default)
2019-09-19 14:21:18,753 [pool-49-thread-1] INFO  server.RaftServerConfigKeys (ConfUtils.java:logGet(43)) - raft.server.log.statemachine.data.caching.enabled = true (custom)
2019-09-19 14:21:18,753 [pool-49-thread-1] INFO  segmented.SegmentedRaftLogWorker (SegmentedRaftLogWorker.java:lambda$new$0(132)) - 306a7a99-f2a5-4f40-b42b-2fc2def08a6a-SegmentedRaftLogWorker:Storage Directory /workdir/hadoop-ozone/integration-test/target/test-dir/MiniOzoneClusterImpl-210d6028-2152-4683-81ff-347b0d29bb13/datanode-2/data/ratis/50671ad6-48ef-467a-8d2b-3c159e1860ae: flushIndex: setUnconditionally 0 -> -1
2019-09-19 14:21:18,754 [pool-49-thread-1] INFO  server.RaftServerConfigKeys (ConfUtils.java:logGet(43)) - raft.server.snapshot.auto.trigger.enabled = true (custom)
2019-09-19 14:21:18,754 [pool-49-thread-1] INFO  server.RaftServerConfigKeys (ConfUtils.java:logGet(43)) - raft.server.snapshot.auto.trigger.threshold = 10000 (custom)
2019-09-19 14:21:18,754 [pool-49-thread-1] INFO  server.RaftServerConfigKeys (ConfUtils.java:logGet(43)) - raft.server.retrycache.expirytime = 600000ms (custom)
2019-09-19 14:21:18,754 [pool-49-thread-1] INFO  impl.RaftServerImpl (RaftServerImpl.java:start(180)) - 306a7a99-f2a5-4f40-b42b-2fc2def08a6a: start group-3C159E1860AE
2019-09-19 14:21:18,754 [pool-49-thread-1] INFO  impl.RaftServerImpl (RaftServerImpl.java:setRole(171)) - 306a7a99-f2a5-4f40-b42b-2fc2def08a6a:group-3C159E1860AE changes role from null to FOLLOWER at term 0 for startAsFollower
2019-09-19 14:21:18,754 [pool-49-thread-1] INFO  impl.RoleInfo (RoleInfo.java:updateAndGet(143)) - 306a7a99-f2a5-4f40-b42b-2fc2def08a6a: start FollowerState
2019-09-19 14:21:18,755 [pool-49-thread-1] INFO  util.JmxRegister (JmxRegister.java:tryRegister(44)) - Successfully registered JMX Bean with object name Ratis:service=RaftServer,group=group-3C159E1860AE,id=306a7a99-f2a5-4f40-b42b-2fc2def08a6a
2019-09-19 14:21:18,757 [RatisPipelineUtilsThread] INFO  pipeline.PipelineStateManager (PipelineStateManager.java:addPipeline(56)) - Created pipeline Pipeline[ Id: 50671ad6-48ef-467a-8d2b-3c159e1860ae, Nodes: 306a7a99-f2a5-4f40-b42b-2fc2def08a6a{ip: 192.168.157.226, host: pr-hdds-1569-swxfz-3172132826, networkLocation: /default-rack, certSerialId: null}, Type:RATIS, Factor:ONE, State:OPEN]
2019-09-19 14:21:18,762 [grpc-default-executor-1] INFO  impl.RaftServerProxy (RaftServerProxy.java:addNew(89)) - 5dfaa0ea-416a-422c-a75d-43311aceb00a: addNew group-1B266AA0B1F2:[5dfaa0ea-416a-422c-a75d-43311aceb00a:192.168.157.226:45629] returns group-1B266AA0B1F2:java.util.concurrent.CompletableFuture@5cc68ccb[Not completed]
2019-09-19 14:21:18,763 [pool-38-thread-1] INFO  impl.RaftServerImpl (RaftServerImpl.java:<init>(93)) - 5dfaa0ea-416a-422c-a75d-43311aceb00a: new RaftServerImpl for group-1B266AA0B1F2:[5dfaa0ea-416a-422c-a75d-43311aceb00a:192.168.157.226:45629] with ContainerStateMachine:uninitialized
2019-09-19 14:21:18,764 [pool-38-thread-1] INFO  server.RaftServerConfigKeys (ConfUtils.java:logGet(43)) - raft.server.rpc.timeout.min = 5s (custom)
2019-09-19 14:21:18,764 [pool-38-thread-1] INFO  server.RaftServerConfigKeys (ConfUtils.java:logGet(43)) - raft.server.rpc.timeout.max = 5200ms (custom)
2019-09-19 14:21:18,764 [pool-38-thread-1] INFO  server.RaftServerConfigKeys (ConfUtils.java:logGet(43)) - raft.server.rpcslowness.timeout = 120s (custom)
2019-09-19 14:21:18,764 [pool-38-thread-1] INFO  server.RaftServerConfigKeys (ConfUtils.java:logGet(43)) - raft.server.sleep.deviation.threshold = 300 (default)
2019-09-19 14:21:18,764 [pool-38-thread-1] INFO  server.RaftServerConfigKeys (ConfUtils.java:logGet(43)) - raft.server.log.appender.install.snapshot.enabled = false (custom)
2019-09-19 14:21:18,764 [pool-38-thread-1] INFO  impl.RaftServerImpl (ServerState.java:<init>(105)) - 5dfaa0ea-416a-422c-a75d-43311aceb00a:group-1B266AA0B1F2 ConfigurationManager, init=-1: [5dfaa0ea-416a-422c-a75d-43311aceb00a:192.168.157.226:45629], old=null, confs=<EMPTY_MAP>
2019-09-19 14:21:18,764 [pool-38-thread-1] INFO  server.RaftServerConfigKeys (ConfUtils.java:logGet(43)) - raft.server.storage.dir = [/workdir/hadoop-ozone/integration-test/target/test-dir/MiniOzoneClusterImpl-210d6028-2152-4683-81ff-347b0d29bb13/datanode-1/data/ratis] (custom)
2019-09-19 14:21:18,765 [pool-38-thread-1] INFO  storage.RaftStorageDirectory (RaftStorageDirectory.java:analyzeStorage(246)) - The storage directory /workdir/hadoop-ozone/integration-test/target/test-dir/MiniOzoneClusterImpl-210d6028-2152-4683-81ff-347b0d29bb13/datanode-1/data/ratis/e8f29b74-858c-471f-aeba-1b266aa0b1f2 does not exist. Creating ...
2019-09-19 14:21:18,778 [pool-38-thread-1] INFO  storage.RaftStorageDirectory (RaftStorageDirectory.java:tryLock(328)) - Lock on /workdir/hadoop-ozone/integration-test/target/test-dir/MiniOzoneClusterImpl-210d6028-2152-4683-81ff-347b0d29bb13/datanode-1/data/ratis/e8f29b74-858c-471f-aeba-1b266aa0b1f2/in_use.lock acquired by nodename 16198@pr-hdds-1569-swxfz-3172132826
2019-09-19 14:21:18,819 [pool-38-thread-1] INFO  storage.RaftStorage (RaftStorage.java:format(72)) - Storage directory /workdir/hadoop-ozone/integration-test/target/test-dir/MiniOzoneClusterImpl-210d6028-2152-4683-81ff-347b0d29bb13/datanode-1/data/ratis/e8f29b74-858c-471f-aeba-1b266aa0b1f2 has been successfully formatted.
2019-09-19 14:21:18,820 [pool-38-thread-1] INFO  ratis.ContainerStateMachine (ContainerStateMachine.java:loadSnapshot(226)) - group-1B266AA0B1F2: The snapshot info is null. Setting the last applied indexto:(t:0, i:~)
2019-09-19 14:21:18,820 [pool-38-thread-1] INFO  server.RaftServerConfigKeys (ConfUtils.java:logGet(43)) - raft.server.leader.election.timeout = 120s (custom)
2019-09-19 14:21:18,820 [pool-38-thread-1] INFO  server.RaftServerConfigKeys (ConfUtils.java:logGet(43)) - raft.server.log.use.memory = false (default)
2019-09-19 14:21:18,820 [pool-38-thread-1] INFO  server.RaftServerConfigKeys (ConfUtils.java:logGet(43)) - raft.server.log.purge.gap = 1000000 (custom)
2019-09-19 14:21:18,820 [pool-38-thread-1] INFO  server.RaftServerConfigKeys (ConfUtils.java:logGet(43)) - raft.server.log.appender.buffer.byte-limit = 33554432 (custom)
2019-09-19 14:21:18,821 [pool-38-thread-1] INFO  server.RaftServerConfigKeys (ConfUtils.java:logGet(43)) - raft.server.log.segment.size.max = 1048576 (custom)
2019-09-19 14:21:18,821 [pool-38-thread-1] INFO  server.RaftServerConfigKeys (ConfUtils.java:logGet(43)) - raft.server.log.segment.cache.num.max = 2 (custom)
2019-09-19 14:21:18,821 [pool-38-thread-1] INFO  segmented.SegmentedRaftLogWorker (SegmentedRaftLogWorker.java:<init>(172)) - new 5dfaa0ea-416a-422c-a75d-43311aceb00a-SegmentedRaftLogWorker:Storage Directory /workdir/hadoop-ozone/integration-test/target/test-dir/MiniOzoneClusterImpl-210d6028-2152-4683-81ff-347b0d29bb13/datanode-1/data/ratis/e8f29b74-858c-471f-aeba-1b266aa0b1f2 for RaftStorage:Storage Directory /workdir/hadoop-ozone/integration-test/target/test-dir/MiniOzoneClusterImpl-210d6028-2152-4683-81ff-347b0d29bb13/datanode-1/data/ratis/e8f29b74-858c-471f-aeba-1b266aa0b1f2
2019-09-19 14:21:18,821 [pool-38-thread-1] INFO  server.RaftServerConfigKeys (ConfUtils.java:logGet(43)) - raft.server.log.queue.byte-limit = 2147483647 (custom)
2019-09-19 14:21:18,821 [pool-38-thread-1] INFO  server.RaftServerConfigKeys (ConfUtils.java:logGet(43)) - raft.server.log.queue.element-limit = 1024 (custom)
2019-09-19 14:21:18,822 [pool-38-thread-1] INFO  server.RaftServerConfigKeys (ConfUtils.java:logGet(43)) - raft.server.log.segment.size.max = 1048576 (custom)
2019-09-19 14:21:18,822 [pool-38-thread-1] INFO  server.RaftServerConfigKeys (ConfUtils.java:logGet(43)) - raft.server.log.preallocated.size = 16384 (custom)
2019-09-19 14:21:18,822 [pool-38-thread-1] INFO  server.RaftServerConfigKeys (ConfUtils.java:logGet(43)) - raft.server.log.write.buffer.size = 33554432 (custom)
2019-09-19 14:21:18,822 [pool-38-thread-1] INFO  server.RaftServerConfigKeys (ConfUtils.java:logGet(43)) - raft.server.log.force.sync.num = 128 (default)
2019-09-19 14:21:18,822 [pool-38-thread-1] INFO  server.RaftServerConfigKeys (ConfUtils.java:logGet(43)) - raft.server.log.statemachine.data.sync = true (default)
2019-09-19 14:21:18,822 [pool-38-thread-1] INFO  server.RaftServerConfigKeys (ConfUtils.java:logGet(43)) - raft.server.log.statemachine.data.sync.timeout = 10s (default)
2019-09-19 14:21:18,823 [pool-38-thread-1] INFO  server.RaftServerConfigKeys (ConfUtils.java:logGet(43)) - raft.server.log.statemachine.data.sync.timeout.retry = -1 (default)
2019-09-19 14:21:18,823 [pool-38-thread-1] INFO  server.RaftServerConfigKeys (ConfUtils.java:logGet(43)) - raft.server.log.statemachine.data.caching.enabled = true (custom)
2019-09-19 14:21:18,823 [pool-38-thread-1] INFO  segmented.SegmentedRaftLogWorker (SegmentedRaftLogWorker.java:lambda$new$0(132)) - 5dfaa0ea-416a-422c-a75d-43311aceb00a-SegmentedRaftLogWorker:Storage Directory /workdir/hadoop-ozone/integration-test/target/test-dir/MiniOzoneClusterImpl-210d6028-2152-4683-81ff-347b0d29bb13/datanode-1/data/ratis/e8f29b74-858c-471f-aeba-1b266aa0b1f2: flushIndex: setUnconditionally 0 -> -1
2019-09-19 14:21:18,824 [pool-38-thread-1] INFO  server.RaftServerConfigKeys (ConfUtils.java:logGet(43)) - raft.server.snapshot.auto.trigger.enabled = true (custom)
2019-09-19 14:21:18,824 [pool-38-thread-1] INFO  server.RaftServerConfigKeys (ConfUtils.java:logGet(43)) - raft.server.snapshot.auto.trigger.threshold = 10000 (custom)
2019-09-19 14:21:18,824 [pool-38-thread-1] INFO  server.RaftServerConfigKeys (ConfUtils.java:logGet(43)) - raft.server.retrycache.expirytime = 600000ms (custom)
2019-09-19 14:21:18,824 [pool-38-thread-1] INFO  impl.RaftServerImpl (RaftServerImpl.java:start(180)) - 5dfaa0ea-416a-422c-a75d-43311aceb00a: start group-1B266AA0B1F2
2019-09-19 14:21:18,824 [pool-38-thread-1] INFO  impl.RaftServerImpl (RaftServerImpl.java:setRole(171)) - 5dfaa0ea-416a-422c-a75d-43311aceb00a:group-1B266AA0B1F2 changes role from null to FOLLOWER at term 0 for startAsFollower
2019-09-19 14:21:18,825 [pool-38-thread-1] INFO  impl.RoleInfo (RoleInfo.java:updateAndGet(143)) - 5dfaa0ea-416a-422c-a75d-43311aceb00a: start FollowerState
2019-09-19 14:21:18,825 [pool-38-thread-1] INFO  util.JmxRegister (JmxRegister.java:tryRegister(44)) - Successfully registered JMX Bean with object name Ratis:service=RaftServer,group=group-1B266AA0B1F2,id=5dfaa0ea-416a-422c-a75d-43311aceb00a
2019-09-19 14:21:18,828 [RatisPipelineUtilsThread] INFO  pipeline.PipelineStateManager (PipelineStateManager.java:addPipeline(56)) - Created pipeline Pipeline[ Id: e8f29b74-858c-471f-aeba-1b266aa0b1f2, Nodes: 5dfaa0ea-416a-422c-a75d-43311aceb00a{ip: 192.168.157.226, host: pr-hdds-1569-swxfz-3172132826, networkLocation: /default-rack, certSerialId: null}, Type:RATIS, Factor:ONE, State:OPEN]
2019-09-19 14:21:18,834 [grpc-default-executor-1] INFO  impl.RaftServerProxy (RaftServerProxy.java:addNew(89)) - 306a7a99-f2a5-4f40-b42b-2fc2def08a6a: addNew group-1A94FBF18F11:[306a7a99-f2a5-4f40-b42b-2fc2def08a6a:192.168.157.226:42633] returns group-1A94FBF18F11:java.util.concurrent.CompletableFuture@4c61f794[Not completed]
2019-09-19 14:21:18,835 [pool-49-thread-1] INFO  impl.RaftServerImpl (RaftServerImpl.java:<init>(93)) - 306a7a99-f2a5-4f40-b42b-2fc2def08a6a: new RaftServerImpl for group-1A94FBF18F11:[306a7a99-f2a5-4f40-b42b-2fc2def08a6a:192.168.157.226:42633] with ContainerStateMachine:uninitialized
2019-09-19 14:21:18,835 [pool-49-thread-1] INFO  server.RaftServerConfigKeys (ConfUtils.java:logGet(43)) - raft.server.rpc.timeout.min = 5s (custom)
2019-09-19 14:21:18,836 [pool-49-thread-1] INFO  server.RaftServerConfigKeys (ConfUtils.java:logGet(43)) - raft.server.rpc.timeout.max = 5200ms (custom)
2019-09-19 14:21:18,836 [pool-49-thread-1] INFO  server.RaftServerConfigKeys (ConfUtils.java:logGet(43)) - raft.server.rpcslowness.timeout = 120s (custom)
2019-09-19 14:21:18,836 [pool-49-thread-1] INFO  server.RaftServerConfigKeys (ConfUtils.java:logGet(43)) - raft.server.sleep.deviation.threshold = 300 (default)
2019-09-19 14:21:18,836 [pool-49-thread-1] INFO  server.RaftServerConfigKeys (ConfUtils.java:logGet(43)) - raft.server.log.appender.install.snapshot.enabled = false (custom)
2019-09-19 14:21:18,836 [pool-49-thread-1] INFO  impl.RaftServerImpl (ServerState.java:<init>(105)) - 306a7a99-f2a5-4f40-b42b-2fc2def08a6a:group-1A94FBF18F11 ConfigurationManager, init=-1: [306a7a99-f2a5-4f40-b42b-2fc2def08a6a:192.168.157.226:42633], old=null, confs=<EMPTY_MAP>
2019-09-19 14:21:18,836 [pool-49-thread-1] INFO  server.RaftServerConfigKeys (ConfUtils.java:logGet(43)) - raft.server.storage.dir = [/workdir/hadoop-ozone/integration-test/target/test-dir/MiniOzoneClusterImpl-210d6028-2152-4683-81ff-347b0d29bb13/datanode-2/data/ratis] (custom)
2019-09-19 14:21:18,837 [pool-49-thread-1] INFO  storage.RaftStorageDirectory (RaftStorageDirectory.java:analyzeStorage(246)) - The storage directory /workdir/hadoop-ozone/integration-test/target/test-dir/MiniOzoneClusterImpl-210d6028-2152-4683-81ff-347b0d29bb13/datanode-2/data/ratis/d0c98483-eefe-4d24-a74a-1a94fbf18f11 does not exist. Creating ...
2019-09-19 14:21:18,850 [pool-49-thread-1] INFO  storage.RaftStorageDirectory (RaftStorageDirectory.java:tryLock(328)) - Lock on /workdir/hadoop-ozone/integration-test/target/test-dir/MiniOzoneClusterImpl-210d6028-2152-4683-81ff-347b0d29bb13/datanode-2/data/ratis/d0c98483-eefe-4d24-a74a-1a94fbf18f11/in_use.lock acquired by nodename 16198@pr-hdds-1569-swxfz-3172132826
2019-09-19 14:21:18,864 [pool-49-thread-1] INFO  storage.RaftStorage (RaftStorage.java:format(72)) - Storage directory /workdir/hadoop-ozone/integration-test/target/test-dir/MiniOzoneClusterImpl-210d6028-2152-4683-81ff-347b0d29bb13/datanode-2/data/ratis/d0c98483-eefe-4d24-a74a-1a94fbf18f11 has been successfully formatted.
2019-09-19 14:21:18,865 [pool-49-thread-1] INFO  ratis.ContainerStateMachine (ContainerStateMachine.java:loadSnapshot(226)) - group-1A94FBF18F11: The snapshot info is null. Setting the last applied indexto:(t:0, i:~)
2019-09-19 14:21:18,865 [pool-49-thread-1] INFO  server.RaftServerConfigKeys (ConfUtils.java:logGet(43)) - raft.server.leader.election.timeout = 120s (custom)
2019-09-19 14:21:18,865 [pool-49-thread-1] INFO  server.RaftServerConfigKeys (ConfUtils.java:logGet(43)) - raft.server.log.use.memory = false (default)
2019-09-19 14:21:18,865 [pool-49-thread-1] INFO  server.RaftServerConfigKeys (ConfUtils.java:logGet(43)) - raft.server.log.purge.gap = 1000000 (custom)
2019-09-19 14:21:18,865 [pool-49-thread-1] INFO  server.RaftServerConfigKeys (ConfUtils.java:logGet(43)) - raft.server.log.appender.buffer.byte-limit = 33554432 (custom)
2019-09-19 14:21:18,865 [pool-49-thread-1] INFO  server.RaftServerConfigKeys (ConfUtils.java:logGet(43)) - raft.server.log.segment.size.max = 1048576 (custom)
2019-09-19 14:21:18,865 [pool-49-thread-1] INFO  server.RaftServerConfigKeys (ConfUtils.java:logGet(43)) - raft.server.log.segment.cache.num.max = 2 (custom)
2019-09-19 14:21:18,866 [pool-49-thread-1] INFO  segmented.SegmentedRaftLogWorker (SegmentedRaftLogWorker.java:<init>(172)) - new 306a7a99-f2a5-4f40-b42b-2fc2def08a6a-SegmentedRaftLogWorker:Storage Directory /workdir/hadoop-ozone/integration-test/target/test-dir/MiniOzoneClusterImpl-210d6028-2152-4683-81ff-347b0d29bb13/datanode-2/data/ratis/d0c98483-eefe-4d24-a74a-1a94fbf18f11 for RaftStorage:Storage Directory /workdir/hadoop-ozone/integration-test/target/test-dir/MiniOzoneClusterImpl-210d6028-2152-4683-81ff-347b0d29bb13/datanode-2/data/ratis/d0c98483-eefe-4d24-a74a-1a94fbf18f11
2019-09-19 14:21:18,866 [pool-49-thread-1] INFO  server.RaftServerConfigKeys (ConfUtils.java:logGet(43)) - raft.server.log.queue.byte-limit = 2147483647 (custom)
2019-09-19 14:21:18,866 [pool-49-thread-1] INFO  server.RaftServerConfigKeys (ConfUtils.java:logGet(43)) - raft.server.log.queue.element-limit = 1024 (custom)
2019-09-19 14:21:18,866 [pool-49-thread-1] INFO  server.RaftServerConfigKeys (ConfUtils.java:logGet(43)) - raft.server.log.segment.size.max = 1048576 (custom)
2019-09-19 14:21:18,866 [pool-49-thread-1] INFO  server.RaftServerConfigKeys (ConfUtils.java:logGet(43)) - raft.server.log.preallocated.size = 16384 (custom)
2019-09-19 14:21:18,866 [pool-49-thread-1] INFO  server.RaftServerConfigKeys (ConfUtils.java:logGet(43)) - raft.server.log.write.buffer.size = 33554432 (custom)
2019-09-19 14:21:18,867 [pool-49-thread-1] INFO  server.RaftServerConfigKeys (ConfUtils.java:logGet(43)) - raft.server.log.force.sync.num = 128 (default)
2019-09-19 14:21:18,867 [pool-49-thread-1] INFO  server.RaftServerConfigKeys (ConfUtils.java:logGet(43)) - raft.server.log.statemachine.data.sync = true (default)
2019-09-19 14:21:18,867 [pool-49-thread-1] INFO  server.RaftServerConfigKeys (ConfUtils.java:logGet(43)) - raft.server.log.statemachine.data.sync.timeout = 10s (default)
2019-09-19 14:21:18,867 [pool-49-thread-1] INFO  server.RaftServerConfigKeys (ConfUtils.java:logGet(43)) - raft.server.log.statemachine.data.sync.timeout.retry = -1 (default)
2019-09-19 14:21:18,867 [pool-49-thread-1] INFO  server.RaftServerConfigKeys (ConfUtils.java:logGet(43)) - raft.server.log.statemachine.data.caching.enabled = true (custom)
2019-09-19 14:21:18,868 [pool-49-thread-1] INFO  segmented.SegmentedRaftLogWorker (SegmentedRaftLogWorker.java:lambda$new$0(132)) - 306a7a99-f2a5-4f40-b42b-2fc2def08a6a-SegmentedRaftLogWorker:Storage Directory /workdir/hadoop-ozone/integration-test/target/test-dir/MiniOzoneClusterImpl-210d6028-2152-4683-81ff-347b0d29bb13/datanode-2/data/ratis/d0c98483-eefe-4d24-a74a-1a94fbf18f11: flushIndex: setUnconditionally 0 -> -1
2019-09-19 14:21:18,868 [pool-49-thread-1] INFO  server.RaftServerConfigKeys (ConfUtils.java:logGet(43)) - raft.server.snapshot.auto.trigger.enabled = true (custom)
2019-09-19 14:21:18,868 [pool-49-thread-1] INFO  server.RaftServerConfigKeys (ConfUtils.java:logGet(43)) - raft.server.snapshot.auto.trigger.threshold = 10000 (custom)
2019-09-19 14:21:18,868 [pool-49-thread-1] INFO  server.RaftServerConfigKeys (ConfUtils.java:logGet(43)) - raft.server.retrycache.expirytime = 600000ms (custom)
2019-09-19 14:21:18,868 [pool-49-thread-1] INFO  impl.RaftServerImpl (RaftServerImpl.java:start(180)) - 306a7a99-f2a5-4f40-b42b-2fc2def08a6a: start group-1A94FBF18F11
2019-09-19 14:21:18,869 [pool-49-thread-1] INFO  impl.RaftServerImpl (RaftServerImpl.java:setRole(171)) - 306a7a99-f2a5-4f40-b42b-2fc2def08a6a:group-1A94FBF18F11 changes role from null to FOLLOWER at term 0 for startAsFollower
2019-09-19 14:21:18,869 [pool-49-thread-1] INFO  impl.RoleInfo (RoleInfo.java:updateAndGet(143)) - 306a7a99-f2a5-4f40-b42b-2fc2def08a6a: start FollowerState
2019-09-19 14:21:18,869 [pool-49-thread-1] INFO  util.JmxRegister (JmxRegister.java:tryRegister(44)) - Successfully registered JMX Bean with object name Ratis:service=RaftServer,group=group-1A94FBF18F11,id=306a7a99-f2a5-4f40-b42b-2fc2def08a6a
2019-09-19 14:21:18,872 [RatisPipelineUtilsThread] INFO  pipeline.PipelineStateManager (PipelineStateManager.java:addPipeline(56)) - Created pipeline Pipeline[ Id: d0c98483-eefe-4d24-a74a-1a94fbf18f11, Nodes: 306a7a99-f2a5-4f40-b42b-2fc2def08a6a{ip: 192.168.157.226, host: pr-hdds-1569-swxfz-3172132826, networkLocation: /default-rack, certSerialId: null}, Type:RATIS, Factor:ONE, State:OPEN]
2019-09-19 14:21:18,878 [grpc-default-executor-1] INFO  impl.RaftServerProxy (RaftServerProxy.java:addNew(89)) - 306a7a99-f2a5-4f40-b42b-2fc2def08a6a: addNew group-EBF6A907DE95:[306a7a99-f2a5-4f40-b42b-2fc2def08a6a:192.168.157.226:42633] returns group-EBF6A907DE95:java.util.concurrent.CompletableFuture@5aa8729[Not completed]
2019-09-19 14:21:18,879 [pool-49-thread-1] INFO  impl.RaftServerImpl (RaftServerImpl.java:<init>(93)) - 306a7a99-f2a5-4f40-b42b-2fc2def08a6a: new RaftServerImpl for group-EBF6A907DE95:[306a7a99-f2a5-4f40-b42b-2fc2def08a6a:192.168.157.226:42633] with ContainerStateMachine:uninitialized
2019-09-19 14:21:18,879 [pool-49-thread-1] INFO  server.RaftServerConfigKeys (ConfUtils.java:logGet(43)) - raft.server.rpc.timeout.min = 5s (custom)
2019-09-19 14:21:18,879 [pool-49-thread-1] INFO  server.RaftServerConfigKeys (ConfUtils.java:logGet(43)) - raft.server.rpc.timeout.max = 5200ms (custom)
2019-09-19 14:21:18,879 [pool-49-thread-1] INFO  server.RaftServerConfigKeys (ConfUtils.java:logGet(43)) - raft.server.rpcslowness.timeout = 120s (custom)
2019-09-19 14:21:18,879 [pool-49-thread-1] INFO  server.RaftServerConfigKeys (ConfUtils.java:logGet(43)) - raft.server.sleep.deviation.threshold = 300 (default)
2019-09-19 14:21:18,880 [pool-49-thread-1] INFO  server.RaftServerConfigKeys (ConfUtils.java:logGet(43)) - raft.server.log.appender.install.snapshot.enabled = false (custom)
2019-09-19 14:21:18,880 [pool-49-thread-1] INFO  impl.RaftServerImpl (ServerState.java:<init>(105)) - 306a7a99-f2a5-4f40-b42b-2fc2def08a6a:group-EBF6A907DE95 ConfigurationManager, init=-1: [306a7a99-f2a5-4f40-b42b-2fc2def08a6a:192.168.157.226:42633], old=null, confs=<EMPTY_MAP>
2019-09-19 14:21:18,880 [pool-49-thread-1] INFO  server.RaftServerConfigKeys (ConfUtils.java:logGet(43)) - raft.server.storage.dir = [/workdir/hadoop-ozone/integration-test/target/test-dir/MiniOzoneClusterImpl-210d6028-2152-4683-81ff-347b0d29bb13/datanode-2/data/ratis] (custom)
2019-09-19 14:21:18,880 [pool-49-thread-1] INFO  storage.RaftStorageDirectory (RaftStorageDirectory.java:analyzeStorage(246)) - The storage directory /workdir/hadoop-ozone/integration-test/target/test-dir/MiniOzoneClusterImpl-210d6028-2152-4683-81ff-347b0d29bb13/datanode-2/data/ratis/2fc615a9-9353-49b0-b426-ebf6a907de95 does not exist. Creating ...
2019-09-19 14:21:18,894 [pool-49-thread-1] INFO  storage.RaftStorageDirectory (RaftStorageDirectory.java:tryLock(328)) - Lock on /workdir/hadoop-ozone/integration-test/target/test-dir/MiniOzoneClusterImpl-210d6028-2152-4683-81ff-347b0d29bb13/datanode-2/data/ratis/2fc615a9-9353-49b0-b426-ebf6a907de95/in_use.lock acquired by nodename 16198@pr-hdds-1569-swxfz-3172132826
2019-09-19 14:21:18,895 | INFO  | SCMAudit | user=jenkins1000 | ip=192.168.157.226 | op=SEND_HEARTBEAT {datanodeUUID=56d21ab3-8f6d-44ea-b961-c721a1c09246, command=[]} | ret=SUCCESS |  
2019-09-19 14:21:18,907 [pool-49-thread-1] INFO  storage.RaftStorage (RaftStorage.java:format(72)) - Storage directory /workdir/hadoop-ozone/integration-test/target/test-dir/MiniOzoneClusterImpl-210d6028-2152-4683-81ff-347b0d29bb13/datanode-2/data/ratis/2fc615a9-9353-49b0-b426-ebf6a907de95 has been successfully formatted.
2019-09-19 14:21:18,908 [pool-49-thread-1] INFO  ratis.ContainerStateMachine (ContainerStateMachine.java:loadSnapshot(226)) - group-EBF6A907DE95: The snapshot info is null. Setting the last applied indexto:(t:0, i:~)
2019-09-19 14:21:18,908 [pool-49-thread-1] INFO  server.RaftServerConfigKeys (ConfUtils.java:logGet(43)) - raft.server.leader.election.timeout = 120s (custom)
2019-09-19 14:21:18,908 [pool-49-thread-1] INFO  server.RaftServerConfigKeys (ConfUtils.java:logGet(43)) - raft.server.log.use.memory = false (default)
2019-09-19 14:21:18,908 [pool-49-thread-1] INFO  server.RaftServerConfigKeys (ConfUtils.java:logGet(43)) - raft.server.log.purge.gap = 1000000 (custom)
2019-09-19 14:21:18,908 [pool-49-thread-1] INFO  server.RaftServerConfigKeys (ConfUtils.java:logGet(43)) - raft.server.log.appender.buffer.byte-limit = 33554432 (custom)
2019-09-19 14:21:18,908 [pool-49-thread-1] INFO  server.RaftServerConfigKeys (ConfUtils.java:logGet(43)) - raft.server.log.segment.size.max = 1048576 (custom)
2019-09-19 14:21:18,908 [pool-49-thread-1] INFO  server.RaftServerConfigKeys (ConfUtils.java:logGet(43)) - raft.server.log.segment.cache.num.max = 2 (custom)
2019-09-19 14:21:18,909 [pool-49-thread-1] INFO  segmented.SegmentedRaftLogWorker (SegmentedRaftLogWorker.java:<init>(172)) - new 306a7a99-f2a5-4f40-b42b-2fc2def08a6a-SegmentedRaftLogWorker:Storage Directory /workdir/hadoop-ozone/integration-test/target/test-dir/MiniOzoneClusterImpl-210d6028-2152-4683-81ff-347b0d29bb13/datanode-2/data/ratis/2fc615a9-9353-49b0-b426-ebf6a907de95 for RaftStorage:Storage Directory /workdir/hadoop-ozone/integration-test/target/test-dir/MiniOzoneClusterImpl-210d6028-2152-4683-81ff-347b0d29bb13/datanode-2/data/ratis/2fc615a9-9353-49b0-b426-ebf6a907de95
2019-09-19 14:21:18,909 [pool-49-thread-1] INFO  server.RaftServerConfigKeys (ConfUtils.java:logGet(43)) - raft.server.log.queue.byte-limit = 2147483647 (custom)
2019-09-19 14:21:18,909 [pool-49-thread-1] INFO  server.RaftServerConfigKeys (ConfUtils.java:logGet(43)) - raft.server.log.queue.element-limit = 1024 (custom)
2019-09-19 14:21:18,909 [pool-49-thread-1] INFO  server.RaftServerConfigKeys (ConfUtils.java:logGet(43)) - raft.server.log.segment.size.max = 1048576 (custom)
2019-09-19 14:21:18,909 [pool-49-thread-1] INFO  server.RaftServerConfigKeys (ConfUtils.java:logGet(43)) - raft.server.log.preallocated.size = 16384 (custom)
2019-09-19 14:21:18,909 [pool-49-thread-1] INFO  server.RaftServerConfigKeys (ConfUtils.java:logGet(43)) - raft.server.log.write.buffer.size = 33554432 (custom)
2019-09-19 14:21:18,909 [pool-49-thread-1] INFO  server.RaftServerConfigKeys (ConfUtils.java:logGet(43)) - raft.server.log.force.sync.num = 128 (default)
2019-09-19 14:21:18,910 [pool-49-thread-1] INFO  server.RaftServerConfigKeys (ConfUtils.java:logGet(43)) - raft.server.log.statemachine.data.sync = true (default)
2019-09-19 14:21:18,910 [pool-49-thread-1] INFO  server.RaftServerConfigKeys (ConfUtils.java:logGet(43)) - raft.server.log.statemachine.data.sync.timeout = 10s (default)
2019-09-19 14:21:18,910 [pool-49-thread-1] INFO  server.RaftServerConfigKeys (ConfUtils.java:logGet(43)) - raft.server.log.statemachine.data.sync.timeout.retry = -1 (default)
2019-09-19 14:21:18,910 [pool-49-thread-1] INFO  server.RaftServerConfigKeys (ConfUtils.java:logGet(43)) - raft.server.log.statemachine.data.caching.enabled = true (custom)
2019-09-19 14:21:18,910 [pool-49-thread-1] INFO  segmented.SegmentedRaftLogWorker (SegmentedRaftLogWorker.java:lambda$new$0(132)) - 306a7a99-f2a5-4f40-b42b-2fc2def08a6a-SegmentedRaftLogWorker:Storage Directory /workdir/hadoop-ozone/integration-test/target/test-dir/MiniOzoneClusterImpl-210d6028-2152-4683-81ff-347b0d29bb13/datanode-2/data/ratis/2fc615a9-9353-49b0-b426-ebf6a907de95: flushIndex: setUnconditionally 0 -> -1
2019-09-19 14:21:18,911 [pool-49-thread-1] INFO  server.RaftServerConfigKeys (ConfUtils.java:logGet(43)) - raft.server.snapshot.auto.trigger.enabled = true (custom)
2019-09-19 14:21:18,911 [pool-49-thread-1] INFO  server.RaftServerConfigKeys (ConfUtils.java:logGet(43)) - raft.server.snapshot.auto.trigger.threshold = 10000 (custom)
2019-09-19 14:21:18,911 [pool-49-thread-1] INFO  server.RaftServerConfigKeys (ConfUtils.java:logGet(43)) - raft.server.retrycache.expirytime = 600000ms (custom)
2019-09-19 14:21:18,911 [pool-49-thread-1] INFO  impl.RaftServerImpl (RaftServerImpl.java:start(180)) - 306a7a99-f2a5-4f40-b42b-2fc2def08a6a: start group-EBF6A907DE95
2019-09-19 14:21:18,911 [pool-49-thread-1] INFO  impl.RaftServerImpl (RaftServerImpl.java:setRole(171)) - 306a7a99-f2a5-4f40-b42b-2fc2def08a6a:group-EBF6A907DE95 changes role from null to FOLLOWER at term 0 for startAsFollower
2019-09-19 14:21:18,911 [pool-49-thread-1] INFO  impl.RoleInfo (RoleInfo.java:updateAndGet(143)) - 306a7a99-f2a5-4f40-b42b-2fc2def08a6a: start FollowerState
2019-09-19 14:21:18,912 [pool-49-thread-1] INFO  util.JmxRegister (JmxRegister.java:tryRegister(44)) - Successfully registered JMX Bean with object name Ratis:service=RaftServer,group=group-EBF6A907DE95,id=306a7a99-f2a5-4f40-b42b-2fc2def08a6a
2019-09-19 14:21:18,914 [RatisPipelineUtilsThread] INFO  pipeline.PipelineStateManager (PipelineStateManager.java:addPipeline(56)) - Created pipeline Pipeline[ Id: 2fc615a9-9353-49b0-b426-ebf6a907de95, Nodes: 306a7a99-f2a5-4f40-b42b-2fc2def08a6a{ip: 192.168.157.226, host: pr-hdds-1569-swxfz-3172132826, networkLocation: /default-rack, certSerialId: null}, Type:RATIS, Factor:ONE, State:OPEN]
2019-09-19 14:21:18,919 [grpc-default-executor-1] INFO  impl.RaftServerProxy (RaftServerProxy.java:addNew(89)) - 306a7a99-f2a5-4f40-b42b-2fc2def08a6a: addNew group-B068DE63FE4E:[306a7a99-f2a5-4f40-b42b-2fc2def08a6a:192.168.157.226:42633] returns group-B068DE63FE4E:java.util.concurrent.CompletableFuture@22448507[Not completed]
2019-09-19 14:21:18,920 [pool-49-thread-1] INFO  impl.RaftServerImpl (RaftServerImpl.java:<init>(93)) - 306a7a99-f2a5-4f40-b42b-2fc2def08a6a: new RaftServerImpl for group-B068DE63FE4E:[306a7a99-f2a5-4f40-b42b-2fc2def08a6a:192.168.157.226:42633] with ContainerStateMachine:uninitialized
2019-09-19 14:21:18,920 [pool-49-thread-1] INFO  server.RaftServerConfigKeys (ConfUtils.java:logGet(43)) - raft.server.rpc.timeout.min = 5s (custom)
2019-09-19 14:21:18,921 [pool-49-thread-1] INFO  server.RaftServerConfigKeys (ConfUtils.java:logGet(43)) - raft.server.rpc.timeout.max = 5200ms (custom)
2019-09-19 14:21:18,921 [pool-49-thread-1] INFO  server.RaftServerConfigKeys (ConfUtils.java:logGet(43)) - raft.server.rpcslowness.timeout = 120s (custom)
2019-09-19 14:21:18,921 [pool-49-thread-1] INFO  server.RaftServerConfigKeys (ConfUtils.java:logGet(43)) - raft.server.sleep.deviation.threshold = 300 (default)
2019-09-19 14:21:18,921 [pool-49-thread-1] INFO  server.RaftServerConfigKeys (ConfUtils.java:logGet(43)) - raft.server.log.appender.install.snapshot.enabled = false (custom)
2019-09-19 14:21:18,921 [pool-49-thread-1] INFO  impl.RaftServerImpl (ServerState.java:<init>(105)) - 306a7a99-f2a5-4f40-b42b-2fc2def08a6a:group-B068DE63FE4E ConfigurationManager, init=-1: [306a7a99-f2a5-4f40-b42b-2fc2def08a6a:192.168.157.226:42633], old=null, confs=<EMPTY_MAP>
2019-09-19 14:21:18,921 [pool-49-thread-1] INFO  server.RaftServerConfigKeys (ConfUtils.java:logGet(43)) - raft.server.storage.dir = [/workdir/hadoop-ozone/integration-test/target/test-dir/MiniOzoneClusterImpl-210d6028-2152-4683-81ff-347b0d29bb13/datanode-2/data/ratis] (custom)
2019-09-19 14:21:18,922 [pool-49-thread-1] INFO  storage.RaftStorageDirectory (RaftStorageDirectory.java:analyzeStorage(246)) - The storage directory /workdir/hadoop-ozone/integration-test/target/test-dir/MiniOzoneClusterImpl-210d6028-2152-4683-81ff-347b0d29bb13/datanode-2/data/ratis/eb567285-39b5-42e7-b198-b068de63fe4e does not exist. Creating ...
2019-09-19 14:21:18,935 [pool-49-thread-1] INFO  storage.RaftStorageDirectory (RaftStorageDirectory.java:tryLock(328)) - Lock on /workdir/hadoop-ozone/integration-test/target/test-dir/MiniOzoneClusterImpl-210d6028-2152-4683-81ff-347b0d29bb13/datanode-2/data/ratis/eb567285-39b5-42e7-b198-b068de63fe4e/in_use.lock acquired by nodename 16198@pr-hdds-1569-swxfz-3172132826
2019-09-19 14:21:18,949 [pool-49-thread-1] INFO  storage.RaftStorage (RaftStorage.java:format(72)) - Storage directory /workdir/hadoop-ozone/integration-test/target/test-dir/MiniOzoneClusterImpl-210d6028-2152-4683-81ff-347b0d29bb13/datanode-2/data/ratis/eb567285-39b5-42e7-b198-b068de63fe4e has been successfully formatted.
2019-09-19 14:21:18,949 [pool-49-thread-1] INFO  ratis.ContainerStateMachine (ContainerStateMachine.java:loadSnapshot(226)) - group-B068DE63FE4E: The snapshot info is null. Setting the last applied indexto:(t:0, i:~)
2019-09-19 14:21:18,949 [pool-49-thread-1] INFO  server.RaftServerConfigKeys (ConfUtils.java:logGet(43)) - raft.server.leader.election.timeout = 120s (custom)
2019-09-19 14:21:18,949 [pool-49-thread-1] INFO  server.RaftServerConfigKeys (ConfUtils.java:logGet(43)) - raft.server.log.use.memory = false (default)
2019-09-19 14:21:18,949 [pool-49-thread-1] INFO  server.RaftServerConfigKeys (ConfUtils.java:logGet(43)) - raft.server.log.purge.gap = 1000000 (custom)
2019-09-19 14:21:18,950 [pool-49-thread-1] INFO  server.RaftServerConfigKeys (ConfUtils.java:logGet(43)) - raft.server.log.appender.buffer.byte-limit = 33554432 (custom)
2019-09-19 14:21:18,950 [pool-49-thread-1] INFO  server.RaftServerConfigKeys (ConfUtils.java:logGet(43)) - raft.server.log.segment.size.max = 1048576 (custom)
2019-09-19 14:21:18,950 [pool-49-thread-1] INFO  server.RaftServerConfigKeys (ConfUtils.java:logGet(43)) - raft.server.log.segment.cache.num.max = 2 (custom)
2019-09-19 14:21:18,950 [pool-49-thread-1] INFO  segmented.SegmentedRaftLogWorker (SegmentedRaftLogWorker.java:<init>(172)) - new 306a7a99-f2a5-4f40-b42b-2fc2def08a6a-SegmentedRaftLogWorker:Storage Directory /workdir/hadoop-ozone/integration-test/target/test-dir/MiniOzoneClusterImpl-210d6028-2152-4683-81ff-347b0d29bb13/datanode-2/data/ratis/eb567285-39b5-42e7-b198-b068de63fe4e for RaftStorage:Storage Directory /workdir/hadoop-ozone/integration-test/target/test-dir/MiniOzoneClusterImpl-210d6028-2152-4683-81ff-347b0d29bb13/datanode-2/data/ratis/eb567285-39b5-42e7-b198-b068de63fe4e
2019-09-19 14:21:18,950 [pool-49-thread-1] INFO  server.RaftServerConfigKeys (ConfUtils.java:logGet(43)) - raft.server.log.queue.byte-limit = 2147483647 (custom)
2019-09-19 14:21:18,950 [pool-49-thread-1] INFO  server.RaftServerConfigKeys (ConfUtils.java:logGet(43)) - raft.server.log.queue.element-limit = 1024 (custom)
2019-09-19 14:21:18,950 [pool-49-thread-1] INFO  server.RaftServerConfigKeys (ConfUtils.java:logGet(43)) - raft.server.log.segment.size.max = 1048576 (custom)
2019-09-19 14:21:18,951 [pool-49-thread-1] INFO  server.RaftServerConfigKeys (ConfUtils.java:logGet(43)) - raft.server.log.preallocated.size = 16384 (custom)
2019-09-19 14:21:18,951 [pool-49-thread-1] INFO  server.RaftServerConfigKeys (ConfUtils.java:logGet(43)) - raft.server.log.write.buffer.size = 33554432 (custom)
2019-09-19 14:21:18,951 [pool-49-thread-1] INFO  server.RaftServerConfigKeys (ConfUtils.java:logGet(43)) - raft.server.log.force.sync.num = 128 (default)
2019-09-19 14:21:18,951 [pool-49-thread-1] INFO  server.RaftServerConfigKeys (ConfUtils.java:logGet(43)) - raft.server.log.statemachine.data.sync = true (default)
2019-09-19 14:21:18,951 [pool-49-thread-1] INFO  server.RaftServerConfigKeys (ConfUtils.java:logGet(43)) - raft.server.log.statemachine.data.sync.timeout = 10s (default)
2019-09-19 14:21:18,951 [pool-49-thread-1] INFO  server.RaftServerConfigKeys (ConfUtils.java:logGet(43)) - raft.server.log.statemachine.data.sync.timeout.retry = -1 (default)
2019-09-19 14:21:18,951 [pool-49-thread-1] INFO  server.RaftServerConfigKeys (ConfUtils.java:logGet(43)) - raft.server.log.statemachine.data.caching.enabled = true (custom)
2019-09-19 14:21:18,952 [pool-49-thread-1] INFO  segmented.SegmentedRaftLogWorker (SegmentedRaftLogWorker.java:lambda$new$0(132)) - 306a7a99-f2a5-4f40-b42b-2fc2def08a6a-SegmentedRaftLogWorker:Storage Directory /workdir/hadoop-ozone/integration-test/target/test-dir/MiniOzoneClusterImpl-210d6028-2152-4683-81ff-347b0d29bb13/datanode-2/data/ratis/eb567285-39b5-42e7-b198-b068de63fe4e: flushIndex: setUnconditionally 0 -> -1
2019-09-19 14:21:18,952 [pool-49-thread-1] INFO  server.RaftServerConfigKeys (ConfUtils.java:logGet(43)) - raft.server.snapshot.auto.trigger.enabled = true (custom)
2019-09-19 14:21:18,952 [pool-49-thread-1] INFO  server.RaftServerConfigKeys (ConfUtils.java:logGet(43)) - raft.server.snapshot.auto.trigger.threshold = 10000 (custom)
2019-09-19 14:21:18,952 [pool-49-thread-1] INFO  server.RaftServerConfigKeys (ConfUtils.java:logGet(43)) - raft.server.retrycache.expirytime = 600000ms (custom)
2019-09-19 14:21:18,953 [pool-49-thread-1] INFO  impl.RaftServerImpl (RaftServerImpl.java:start(180)) - 306a7a99-f2a5-4f40-b42b-2fc2def08a6a: start group-B068DE63FE4E
2019-09-19 14:21:18,953 [pool-49-thread-1] INFO  impl.RaftServerImpl (RaftServerImpl.java:setRole(171)) - 306a7a99-f2a5-4f40-b42b-2fc2def08a6a:group-B068DE63FE4E changes role from null to FOLLOWER at term 0 for startAsFollower
2019-09-19 14:21:18,953 [pool-49-thread-1] INFO  impl.RoleInfo (RoleInfo.java:updateAndGet(143)) - 306a7a99-f2a5-4f40-b42b-2fc2def08a6a: start FollowerState
2019-09-19 14:21:18,953 [pool-49-thread-1] INFO  util.JmxRegister (JmxRegister.java:tryRegister(44)) - Successfully registered JMX Bean with object name Ratis:service=RaftServer,group=group-B068DE63FE4E,id=306a7a99-f2a5-4f40-b42b-2fc2def08a6a
2019-09-19 14:21:18,956 [RatisPipelineUtilsThread] INFO  pipeline.PipelineStateManager (PipelineStateManager.java:addPipeline(56)) - Created pipeline Pipeline[ Id: eb567285-39b5-42e7-b198-b068de63fe4e, Nodes: 306a7a99-f2a5-4f40-b42b-2fc2def08a6a{ip: 192.168.157.226, host: pr-hdds-1569-swxfz-3172132826, networkLocation: /default-rack, certSerialId: null}, Type:RATIS, Factor:ONE, State:OPEN]
2019-09-19 14:21:18,961 [grpc-default-executor-1] INFO  impl.RaftServerProxy (RaftServerProxy.java:addNew(89)) - 5dfaa0ea-416a-422c-a75d-43311aceb00a: addNew group-7C4858421412:[5dfaa0ea-416a-422c-a75d-43311aceb00a:192.168.157.226:45629] returns group-7C4858421412:java.util.concurrent.CompletableFuture@96a6e08[Not completed]
2019-09-19 14:21:18,963 [pool-38-thread-1] INFO  impl.RaftServerImpl (RaftServerImpl.java:<init>(93)) - 5dfaa0ea-416a-422c-a75d-43311aceb00a: new RaftServerImpl for group-7C4858421412:[5dfaa0ea-416a-422c-a75d-43311aceb00a:192.168.157.226:45629] with ContainerStateMachine:uninitialized
2019-09-19 14:21:18,963 [pool-38-thread-1] INFO  server.RaftServerConfigKeys (ConfUtils.java:logGet(43)) - raft.server.rpc.timeout.min = 5s (custom)
2019-09-19 14:21:18,963 [pool-38-thread-1] INFO  server.RaftServerConfigKeys (ConfUtils.java:logGet(43)) - raft.server.rpc.timeout.max = 5200ms (custom)
2019-09-19 14:21:18,963 [pool-38-thread-1] INFO  server.RaftServerConfigKeys (ConfUtils.java:logGet(43)) - raft.server.rpcslowness.timeout = 120s (custom)
2019-09-19 14:21:18,963 [pool-38-thread-1] INFO  server.RaftServerConfigKeys (ConfUtils.java:logGet(43)) - raft.server.sleep.deviation.threshold = 300 (default)
2019-09-19 14:21:18,963 [pool-38-thread-1] INFO  server.RaftServerConfigKeys (ConfUtils.java:logGet(43)) - raft.server.log.appender.install.snapshot.enabled = false (custom)
2019-09-19 14:21:18,964 [pool-38-thread-1] INFO  impl.RaftServerImpl (ServerState.java:<init>(105)) - 5dfaa0ea-416a-422c-a75d-43311aceb00a:group-7C4858421412 ConfigurationManager, init=-1: [5dfaa0ea-416a-422c-a75d-43311aceb00a:192.168.157.226:45629], old=null, confs=<EMPTY_MAP>
2019-09-19 14:21:18,964 [pool-38-thread-1] INFO  server.RaftServerConfigKeys (ConfUtils.java:logGet(43)) - raft.server.storage.dir = [/workdir/hadoop-ozone/integration-test/target/test-dir/MiniOzoneClusterImpl-210d6028-2152-4683-81ff-347b0d29bb13/datanode-1/data/ratis] (custom)
2019-09-19 14:21:18,964 [pool-38-thread-1] INFO  storage.RaftStorageDirectory (RaftStorageDirectory.java:analyzeStorage(246)) - The storage directory /workdir/hadoop-ozone/integration-test/target/test-dir/MiniOzoneClusterImpl-210d6028-2152-4683-81ff-347b0d29bb13/datanode-1/data/ratis/6bb0a770-530a-4840-a76d-7c4858421412 does not exist. Creating ...
2019-09-19 14:21:18,977 [pool-38-thread-1] INFO  storage.RaftStorageDirectory (RaftStorageDirectory.java:tryLock(328)) - Lock on /workdir/hadoop-ozone/integration-test/target/test-dir/MiniOzoneClusterImpl-210d6028-2152-4683-81ff-347b0d29bb13/datanode-1/data/ratis/6bb0a770-530a-4840-a76d-7c4858421412/in_use.lock acquired by nodename 16198@pr-hdds-1569-swxfz-3172132826
2019-09-19 14:21:18,990 [pool-38-thread-1] INFO  storage.RaftStorage (RaftStorage.java:format(72)) - Storage directory /workdir/hadoop-ozone/integration-test/target/test-dir/MiniOzoneClusterImpl-210d6028-2152-4683-81ff-347b0d29bb13/datanode-1/data/ratis/6bb0a770-530a-4840-a76d-7c4858421412 has been successfully formatted.
2019-09-19 14:21:18,991 [pool-38-thread-1] INFO  ratis.ContainerStateMachine (ContainerStateMachine.java:loadSnapshot(226)) - group-7C4858421412: The snapshot info is null. Setting the last applied indexto:(t:0, i:~)
2019-09-19 14:21:18,991 [pool-38-thread-1] INFO  server.RaftServerConfigKeys (ConfUtils.java:logGet(43)) - raft.server.leader.election.timeout = 120s (custom)
2019-09-19 14:21:18,991 [pool-38-thread-1] INFO  server.RaftServerConfigKeys (ConfUtils.java:logGet(43)) - raft.server.log.use.memory = false (default)
2019-09-19 14:21:18,991 [pool-38-thread-1] INFO  server.RaftServerConfigKeys (ConfUtils.java:logGet(43)) - raft.server.log.purge.gap = 1000000 (custom)
2019-09-19 14:21:18,991 [pool-38-thread-1] INFO  server.RaftServerConfigKeys (ConfUtils.java:logGet(43)) - raft.server.log.appender.buffer.byte-limit = 33554432 (custom)
2019-09-19 14:21:18,992 [pool-38-thread-1] INFO  server.RaftServerConfigKeys (ConfUtils.java:logGet(43)) - raft.server.log.segment.size.max = 1048576 (custom)
2019-09-19 14:21:18,992 [pool-38-thread-1] INFO  server.RaftServerConfigKeys (ConfUtils.java:logGet(43)) - raft.server.log.segment.cache.num.max = 2 (custom)
2019-09-19 14:21:18,992 [pool-38-thread-1] INFO  segmented.SegmentedRaftLogWorker (SegmentedRaftLogWorker.java:<init>(172)) - new 5dfaa0ea-416a-422c-a75d-43311aceb00a-SegmentedRaftLogWorker:Storage Directory /workdir/hadoop-ozone/integration-test/target/test-dir/MiniOzoneClusterImpl-210d6028-2152-4683-81ff-347b0d29bb13/datanode-1/data/ratis/6bb0a770-530a-4840-a76d-7c4858421412 for RaftStorage:Storage Directory /workdir/hadoop-ozone/integration-test/target/test-dir/MiniOzoneClusterImpl-210d6028-2152-4683-81ff-347b0d29bb13/datanode-1/data/ratis/6bb0a770-530a-4840-a76d-7c4858421412
2019-09-19 14:21:18,992 [pool-38-thread-1] INFO  server.RaftServerConfigKeys (ConfUtils.java:logGet(43)) - raft.server.log.queue.byte-limit = 2147483647 (custom)
2019-09-19 14:21:18,992 [pool-38-thread-1] INFO  server.RaftServerConfigKeys (ConfUtils.java:logGet(43)) - raft.server.log.queue.element-limit = 1024 (custom)
2019-09-19 14:21:18,992 [pool-38-thread-1] INFO  server.RaftServerConfigKeys (ConfUtils.java:logGet(43)) - raft.server.log.segment.size.max = 1048576 (custom)
2019-09-19 14:21:18,993 [pool-38-thread-1] INFO  server.RaftServerConfigKeys (ConfUtils.java:logGet(43)) - raft.server.log.preallocated.size = 16384 (custom)
2019-09-19 14:21:18,993 [pool-38-thread-1] INFO  server.RaftServerConfigKeys (ConfUtils.java:logGet(43)) - raft.server.log.write.buffer.size = 33554432 (custom)
2019-09-19 14:21:18,993 [pool-38-thread-1] INFO  server.RaftServerConfigKeys (ConfUtils.java:logGet(43)) - raft.server.log.force.sync.num = 128 (default)
2019-09-19 14:21:18,993 [pool-38-thread-1] INFO  server.RaftServerConfigKeys (ConfUtils.java:logGet(43)) - raft.server.log.statemachine.data.sync = true (default)
2019-09-19 14:21:18,993 [pool-38-thread-1] INFO  server.RaftServerConfigKeys (ConfUtils.java:logGet(43)) - raft.server.log.statemachine.data.sync.timeout = 10s (default)
2019-09-19 14:21:18,993 [pool-38-thread-1] INFO  server.RaftServerConfigKeys (ConfUtils.java:logGet(43)) - raft.server.log.statemachine.data.sync.timeout.retry = -1 (default)
2019-09-19 14:21:18,994 [pool-38-thread-1] INFO  server.RaftServerConfigKeys (ConfUtils.java:logGet(43)) - raft.server.log.statemachine.data.caching.enabled = true (custom)
2019-09-19 14:21:18,994 [pool-38-thread-1] INFO  segmented.SegmentedRaftLogWorker (SegmentedRaftLogWorker.java:lambda$new$0(132)) - 5dfaa0ea-416a-422c-a75d-43311aceb00a-SegmentedRaftLogWorker:Storage Directory /workdir/hadoop-ozone/integration-test/target/test-dir/MiniOzoneClusterImpl-210d6028-2152-4683-81ff-347b0d29bb13/datanode-1/data/ratis/6bb0a770-530a-4840-a76d-7c4858421412: flushIndex: setUnconditionally 0 -> -1
2019-09-19 14:21:18,994 [pool-38-thread-1] INFO  server.RaftServerConfigKeys (ConfUtils.java:logGet(43)) - raft.server.snapshot.auto.trigger.enabled = true (custom)
2019-09-19 14:21:18,994 [pool-38-thread-1] INFO  server.RaftServerConfigKeys (ConfUtils.java:logGet(43)) - raft.server.snapshot.auto.trigger.threshold = 10000 (custom)
2019-09-19 14:21:18,995 [pool-38-thread-1] INFO  server.RaftServerConfigKeys (ConfUtils.java:logGet(43)) - raft.server.retrycache.expirytime = 600000ms (custom)
2019-09-19 14:21:18,995 [pool-38-thread-1] INFO  impl.RaftServerImpl (RaftServerImpl.java:start(180)) - 5dfaa0ea-416a-422c-a75d-43311aceb00a: start group-7C4858421412
2019-09-19 14:21:18,995 [pool-38-thread-1] INFO  impl.RaftServerImpl (RaftServerImpl.java:setRole(171)) - 5dfaa0ea-416a-422c-a75d-43311aceb00a:group-7C4858421412 changes role from null to FOLLOWER at term 0 for startAsFollower
2019-09-19 14:21:18,995 [pool-38-thread-1] INFO  impl.RoleInfo (RoleInfo.java:updateAndGet(143)) - 5dfaa0ea-416a-422c-a75d-43311aceb00a: start FollowerState
2019-09-19 14:21:18,996 [pool-38-thread-1] INFO  util.JmxRegister (JmxRegister.java:tryRegister(44)) - Successfully registered JMX Bean with object name Ratis:service=RaftServer,group=group-7C4858421412,id=5dfaa0ea-416a-422c-a75d-43311aceb00a
2019-09-19 14:21:18,998 [RatisPipelineUtilsThread] INFO  pipeline.PipelineStateManager (PipelineStateManager.java:addPipeline(56)) - Created pipeline Pipeline[ Id: 6bb0a770-530a-4840-a76d-7c4858421412, Nodes: 5dfaa0ea-416a-422c-a75d-43311aceb00a{ip: 192.168.157.226, host: pr-hdds-1569-swxfz-3172132826, networkLocation: /default-rack, certSerialId: null}, Type:RATIS, Factor:ONE, State:OPEN]
2019-09-19 14:21:19,004 [grpc-default-executor-1] INFO  impl.RaftServerProxy (RaftServerProxy.java:addNew(89)) - 5dfaa0ea-416a-422c-a75d-43311aceb00a: addNew group-6756AC4ACD80:[5dfaa0ea-416a-422c-a75d-43311aceb00a:192.168.157.226:45629] returns group-6756AC4ACD80:java.util.concurrent.CompletableFuture@3ef41708[Not completed]
2019-09-19 14:21:19,005 [pool-38-thread-1] INFO  impl.RaftServerImpl (RaftServerImpl.java:<init>(93)) - 5dfaa0ea-416a-422c-a75d-43311aceb00a: new RaftServerImpl for group-6756AC4ACD80:[5dfaa0ea-416a-422c-a75d-43311aceb00a:192.168.157.226:45629] with ContainerStateMachine:uninitialized
2019-09-19 14:21:19,006 [pool-38-thread-1] INFO  server.RaftServerConfigKeys (ConfUtils.java:logGet(43)) - raft.server.rpc.timeout.min = 5s (custom)
2019-09-19 14:21:19,006 [pool-38-thread-1] INFO  server.RaftServerConfigKeys (ConfUtils.java:logGet(43)) - raft.server.rpc.timeout.max = 5200ms (custom)
2019-09-19 14:21:19,006 [pool-38-thread-1] INFO  server.RaftServerConfigKeys (ConfUtils.java:logGet(43)) - raft.server.rpcslowness.timeout = 120s (custom)
2019-09-19 14:21:19,006 [pool-38-thread-1] INFO  server.RaftServerConfigKeys (ConfUtils.java:logGet(43)) - raft.server.sleep.deviation.threshold = 300 (default)
2019-09-19 14:21:19,006 [pool-38-thread-1] INFO  server.RaftServerConfigKeys (ConfUtils.java:logGet(43)) - raft.server.log.appender.install.snapshot.enabled = false (custom)
2019-09-19 14:21:19,006 [pool-38-thread-1] INFO  impl.RaftServerImpl (ServerState.java:<init>(105)) - 5dfaa0ea-416a-422c-a75d-43311aceb00a:group-6756AC4ACD80 ConfigurationManager, init=-1: [5dfaa0ea-416a-422c-a75d-43311aceb00a:192.168.157.226:45629], old=null, confs=<EMPTY_MAP>
2019-09-19 14:21:19,006 [pool-38-thread-1] INFO  server.RaftServerConfigKeys (ConfUtils.java:logGet(43)) - raft.server.storage.dir = [/workdir/hadoop-ozone/integration-test/target/test-dir/MiniOzoneClusterImpl-210d6028-2152-4683-81ff-347b0d29bb13/datanode-1/data/ratis] (custom)
2019-09-19 14:21:19,007 [pool-38-thread-1] INFO  storage.RaftStorageDirectory (RaftStorageDirectory.java:analyzeStorage(246)) - The storage directory /workdir/hadoop-ozone/integration-test/target/test-dir/MiniOzoneClusterImpl-210d6028-2152-4683-81ff-347b0d29bb13/datanode-1/data/ratis/adb0bda0-113c-4c95-8304-6756ac4acd80 does not exist. Creating ...
2019-09-19 14:21:19,020 [pool-38-thread-1] INFO  storage.RaftStorageDirectory (RaftStorageDirectory.java:tryLock(328)) - Lock on /workdir/hadoop-ozone/integration-test/target/test-dir/MiniOzoneClusterImpl-210d6028-2152-4683-81ff-347b0d29bb13/datanode-1/data/ratis/adb0bda0-113c-4c95-8304-6756ac4acd80/in_use.lock acquired by nodename 16198@pr-hdds-1569-swxfz-3172132826
2019-09-19 14:21:19,042 [pool-38-thread-1] INFO  storage.RaftStorage (RaftStorage.java:format(72)) - Storage directory /workdir/hadoop-ozone/integration-test/target/test-dir/MiniOzoneClusterImpl-210d6028-2152-4683-81ff-347b0d29bb13/datanode-1/data/ratis/adb0bda0-113c-4c95-8304-6756ac4acd80 has been successfully formatted.
2019-09-19 14:21:19,042 [pool-38-thread-1] INFO  ratis.ContainerStateMachine (ContainerStateMachine.java:loadSnapshot(226)) - group-6756AC4ACD80: The snapshot info is null. Setting the last applied indexto:(t:0, i:~)
2019-09-19 14:21:19,042 [pool-38-thread-1] INFO  server.RaftServerConfigKeys (ConfUtils.java:logGet(43)) - raft.server.leader.election.timeout = 120s (custom)
2019-09-19 14:21:19,043 [pool-38-thread-1] INFO  server.RaftServerConfigKeys (ConfUtils.java:logGet(43)) - raft.server.log.use.memory = false (default)
2019-09-19 14:21:19,043 [pool-38-thread-1] INFO  server.RaftServerConfigKeys (ConfUtils.java:logGet(43)) - raft.server.log.purge.gap = 1000000 (custom)
2019-09-19 14:21:19,043 [pool-38-thread-1] INFO  server.RaftServerConfigKeys (ConfUtils.java:logGet(43)) - raft.server.log.appender.buffer.byte-limit = 33554432 (custom)
2019-09-19 14:21:19,043 [pool-38-thread-1] INFO  server.RaftServerConfigKeys (ConfUtils.java:logGet(43)) - raft.server.log.segment.size.max = 1048576 (custom)
2019-09-19 14:21:19,043 [pool-38-thread-1] INFO  server.RaftServerConfigKeys (ConfUtils.java:logGet(43)) - raft.server.log.segment.cache.num.max = 2 (custom)
2019-09-19 14:21:19,044 [pool-38-thread-1] INFO  segmented.SegmentedRaftLogWorker (SegmentedRaftLogWorker.java:<init>(172)) - new 5dfaa0ea-416a-422c-a75d-43311aceb00a-SegmentedRaftLogWorker:Storage Directory /workdir/hadoop-ozone/integration-test/target/test-dir/MiniOzoneClusterImpl-210d6028-2152-4683-81ff-347b0d29bb13/datanode-1/data/ratis/adb0bda0-113c-4c95-8304-6756ac4acd80 for RaftStorage:Storage Directory /workdir/hadoop-ozone/integration-test/target/test-dir/MiniOzoneClusterImpl-210d6028-2152-4683-81ff-347b0d29bb13/datanode-1/data/ratis/adb0bda0-113c-4c95-8304-6756ac4acd80
2019-09-19 14:21:19,044 [pool-38-thread-1] INFO  server.RaftServerConfigKeys (ConfUtils.java:logGet(43)) - raft.server.log.queue.byte-limit = 2147483647 (custom)
2019-09-19 14:21:19,044 [pool-38-thread-1] INFO  server.RaftServerConfigKeys (ConfUtils.java:logGet(43)) - raft.server.log.queue.element-limit = 1024 (custom)
2019-09-19 14:21:19,044 [pool-38-thread-1] INFO  server.RaftServerConfigKeys (ConfUtils.java:logGet(43)) - raft.server.log.segment.size.max = 1048576 (custom)
2019-09-19 14:21:19,044 [pool-38-thread-1] INFO  server.RaftServerConfigKeys (ConfUtils.java:logGet(43)) - raft.server.log.preallocated.size = 16384 (custom)
2019-09-19 14:21:19,044 [pool-38-thread-1] INFO  server.RaftServerConfigKeys (ConfUtils.java:logGet(43)) - raft.server.log.write.buffer.size = 33554432 (custom)
2019-09-19 14:21:19,045 [pool-38-thread-1] INFO  server.RaftServerConfigKeys (ConfUtils.java:logGet(43)) - raft.server.log.force.sync.num = 128 (default)
2019-09-19 14:21:19,045 [pool-38-thread-1] INFO  server.RaftServerConfigKeys (ConfUtils.java:logGet(43)) - raft.server.log.statemachine.data.sync = true (default)
2019-09-19 14:21:19,045 [pool-38-thread-1] INFO  server.RaftServerConfigKeys (ConfUtils.java:logGet(43)) - raft.server.log.statemachine.data.sync.timeout = 10s (default)
2019-09-19 14:21:19,045 [pool-38-thread-1] INFO  server.RaftServerConfigKeys (ConfUtils.java:logGet(43)) - raft.server.log.statemachine.data.sync.timeout.retry = -1 (default)
2019-09-19 14:21:19,045 [pool-38-thread-1] INFO  server.RaftServerConfigKeys (ConfUtils.java:logGet(43)) - raft.server.log.statemachine.data.caching.enabled = true (custom)
2019-09-19 14:21:19,046 [pool-38-thread-1] INFO  segmented.SegmentedRaftLogWorker (SegmentedRaftLogWorker.java:lambda$new$0(132)) - 5dfaa0ea-416a-422c-a75d-43311aceb00a-SegmentedRaftLogWorker:Storage Directory /workdir/hadoop-ozone/integration-test/target/test-dir/MiniOzoneClusterImpl-210d6028-2152-4683-81ff-347b0d29bb13/datanode-1/data/ratis/adb0bda0-113c-4c95-8304-6756ac4acd80: flushIndex: setUnconditionally 0 -> -1
2019-09-19 14:21:19,046 [pool-38-thread-1] INFO  server.RaftServerConfigKeys (ConfUtils.java:logGet(43)) - raft.server.snapshot.auto.trigger.enabled = true (custom)
2019-09-19 14:21:19,046 [pool-38-thread-1] INFO  server.RaftServerConfigKeys (ConfUtils.java:logGet(43)) - raft.server.snapshot.auto.trigger.threshold = 10000 (custom)
2019-09-19 14:21:19,046 [pool-38-thread-1] INFO  server.RaftServerConfigKeys (ConfUtils.java:logGet(43)) - raft.server.retrycache.expirytime = 600000ms (custom)
2019-09-19 14:21:19,047 [pool-38-thread-1] INFO  impl.RaftServerImpl (RaftServerImpl.java:start(180)) - 5dfaa0ea-416a-422c-a75d-43311aceb00a: start group-6756AC4ACD80
2019-09-19 14:21:19,047 [pool-38-thread-1] INFO  impl.RaftServerImpl (RaftServerImpl.java:setRole(171)) - 5dfaa0ea-416a-422c-a75d-43311aceb00a:group-6756AC4ACD80 changes role from null to FOLLOWER at term 0 for startAsFollower
2019-09-19 14:21:19,047 [pool-38-thread-1] INFO  impl.RoleInfo (RoleInfo.java:updateAndGet(143)) - 5dfaa0ea-416a-422c-a75d-43311aceb00a: start FollowerState
2019-09-19 14:21:19,047 [pool-38-thread-1] INFO  util.JmxRegister (JmxRegister.java:tryRegister(44)) - Successfully registered JMX Bean with object name Ratis:service=RaftServer,group=group-6756AC4ACD80,id=5dfaa0ea-416a-422c-a75d-43311aceb00a
2019-09-19 14:21:19,050 [RatisPipelineUtilsThread] INFO  pipeline.PipelineStateManager (PipelineStateManager.java:addPipeline(56)) - Created pipeline Pipeline[ Id: adb0bda0-113c-4c95-8304-6756ac4acd80, Nodes: 5dfaa0ea-416a-422c-a75d-43311aceb00a{ip: 192.168.157.226, host: pr-hdds-1569-swxfz-3172132826, networkLocation: /default-rack, certSerialId: null}, Type:RATIS, Factor:ONE, State:OPEN]
2019-09-19 14:21:19,056 [grpc-default-executor-1] INFO  impl.RaftServerProxy (RaftServerProxy.java:addNew(89)) - 306a7a99-f2a5-4f40-b42b-2fc2def08a6a: addNew group-CB34ACF8C155:[306a7a99-f2a5-4f40-b42b-2fc2def08a6a:192.168.157.226:42633] returns group-CB34ACF8C155:java.util.concurrent.CompletableFuture@7dcaa61b[Not completed]
2019-09-19 14:21:19,057 [pool-49-thread-1] INFO  impl.RaftServerImpl (RaftServerImpl.java:<init>(93)) - 306a7a99-f2a5-4f40-b42b-2fc2def08a6a: new RaftServerImpl for group-CB34ACF8C155:[306a7a99-f2a5-4f40-b42b-2fc2def08a6a:192.168.157.226:42633] with ContainerStateMachine:uninitialized
2019-09-19 14:21:19,057 [pool-49-thread-1] INFO  server.RaftServerConfigKeys (ConfUtils.java:logGet(43)) - raft.server.rpc.timeout.min = 5s (custom)
2019-09-19 14:21:19,058 [pool-49-thread-1] INFO  server.RaftServerConfigKeys (ConfUtils.java:logGet(43)) - raft.server.rpc.timeout.max = 5200ms (custom)
2019-09-19 14:21:19,058 [pool-49-thread-1] INFO  server.RaftServerConfigKeys (ConfUtils.java:logGet(43)) - raft.server.rpcslowness.timeout = 120s (custom)
2019-09-19 14:21:19,058 [pool-49-thread-1] INFO  server.RaftServerConfigKeys (ConfUtils.java:logGet(43)) - raft.server.sleep.deviation.threshold = 300 (default)
2019-09-19 14:21:19,058 [pool-49-thread-1] INFO  server.RaftServerConfigKeys (ConfUtils.java:logGet(43)) - raft.server.log.appender.install.snapshot.enabled = false (custom)
2019-09-19 14:21:19,058 [pool-49-thread-1] INFO  impl.RaftServerImpl (ServerState.java:<init>(105)) - 306a7a99-f2a5-4f40-b42b-2fc2def08a6a:group-CB34ACF8C155 ConfigurationManager, init=-1: [306a7a99-f2a5-4f40-b42b-2fc2def08a6a:192.168.157.226:42633], old=null, confs=<EMPTY_MAP>
2019-09-19 14:21:19,058 [pool-49-thread-1] INFO  server.RaftServerConfigKeys (ConfUtils.java:logGet(43)) - raft.server.storage.dir = [/workdir/hadoop-ozone/integration-test/target/test-dir/MiniOzoneClusterImpl-210d6028-2152-4683-81ff-347b0d29bb13/datanode-2/data/ratis] (custom)
2019-09-19 14:21:19,059 [pool-49-thread-1] INFO  storage.RaftStorageDirectory (RaftStorageDirectory.java:analyzeStorage(246)) - The storage directory /workdir/hadoop-ozone/integration-test/target/test-dir/MiniOzoneClusterImpl-210d6028-2152-4683-81ff-347b0d29bb13/datanode-2/data/ratis/324ef32f-1f4d-4e5c-b543-cb34acf8c155 does not exist. Creating ...
2019-09-19 14:21:19,072 [pool-49-thread-1] INFO  storage.RaftStorageDirectory (RaftStorageDirectory.java:tryLock(328)) - Lock on /workdir/hadoop-ozone/integration-test/target/test-dir/MiniOzoneClusterImpl-210d6028-2152-4683-81ff-347b0d29bb13/datanode-2/data/ratis/324ef32f-1f4d-4e5c-b543-cb34acf8c155/in_use.lock acquired by nodename 16198@pr-hdds-1569-swxfz-3172132826
2019-09-19 14:21:19,086 [pool-49-thread-1] INFO  storage.RaftStorage (RaftStorage.java:format(72)) - Storage directory /workdir/hadoop-ozone/integration-test/target/test-dir/MiniOzoneClusterImpl-210d6028-2152-4683-81ff-347b0d29bb13/datanode-2/data/ratis/324ef32f-1f4d-4e5c-b543-cb34acf8c155 has been successfully formatted.
2019-09-19 14:21:19,086 [pool-49-thread-1] INFO  ratis.ContainerStateMachine (ContainerStateMachine.java:loadSnapshot(226)) - group-CB34ACF8C155: The snapshot info is null. Setting the last applied indexto:(t:0, i:~)
2019-09-19 14:21:19,087 [pool-49-thread-1] INFO  server.RaftServerConfigKeys (ConfUtils.java:logGet(43)) - raft.server.leader.election.timeout = 120s (custom)
2019-09-19 14:21:19,087 [pool-49-thread-1] INFO  server.RaftServerConfigKeys (ConfUtils.java:logGet(43)) - raft.server.log.use.memory = false (default)
2019-09-19 14:21:19,087 [pool-49-thread-1] INFO  server.RaftServerConfigKeys (ConfUtils.java:logGet(43)) - raft.server.log.purge.gap = 1000000 (custom)
2019-09-19 14:21:19,087 [pool-49-thread-1] INFO  server.RaftServerConfigKeys (ConfUtils.java:logGet(43)) - raft.server.log.appender.buffer.byte-limit = 33554432 (custom)
2019-09-19 14:21:19,087 [pool-49-thread-1] INFO  server.RaftServerConfigKeys (ConfUtils.java:logGet(43)) - raft.server.log.segment.size.max = 1048576 (custom)
2019-09-19 14:21:19,087 [pool-49-thread-1] INFO  server.RaftServerConfigKeys (ConfUtils.java:logGet(43)) - raft.server.log.segment.cache.num.max = 2 (custom)
2019-09-19 14:21:19,088 [pool-49-thread-1] INFO  segmented.SegmentedRaftLogWorker (SegmentedRaftLogWorker.java:<init>(172)) - new 306a7a99-f2a5-4f40-b42b-2fc2def08a6a-SegmentedRaftLogWorker:Storage Directory /workdir/hadoop-ozone/integration-test/target/test-dir/MiniOzoneClusterImpl-210d6028-2152-4683-81ff-347b0d29bb13/datanode-2/data/ratis/324ef32f-1f4d-4e5c-b543-cb34acf8c155 for RaftStorage:Storage Directory /workdir/hadoop-ozone/integration-test/target/test-dir/MiniOzoneClusterImpl-210d6028-2152-4683-81ff-347b0d29bb13/datanode-2/data/ratis/324ef32f-1f4d-4e5c-b543-cb34acf8c155
2019-09-19 14:21:19,088 [pool-49-thread-1] INFO  server.RaftServerConfigKeys (ConfUtils.java:logGet(43)) - raft.server.log.queue.byte-limit = 2147483647 (custom)
2019-09-19 14:21:19,088 [pool-49-thread-1] INFO  server.RaftServerConfigKeys (ConfUtils.java:logGet(43)) - raft.server.log.queue.element-limit = 1024 (custom)
2019-09-19 14:21:19,088 [pool-49-thread-1] INFO  server.RaftServerConfigKeys (ConfUtils.java:logGet(43)) - raft.server.log.segment.size.max = 1048576 (custom)
2019-09-19 14:21:19,088 [pool-49-thread-1] INFO  server.RaftServerConfigKeys (ConfUtils.java:logGet(43)) - raft.server.log.preallocated.size = 16384 (custom)
2019-09-19 14:21:19,088 [pool-49-thread-1] INFO  server.RaftServerConfigKeys (ConfUtils.java:logGet(43)) - raft.server.log.write.buffer.size = 33554432 (custom)
2019-09-19 14:21:19,089 [pool-49-thread-1] INFO  server.RaftServerConfigKeys (ConfUtils.java:logGet(43)) - raft.server.log.force.sync.num = 128 (default)
2019-09-19 14:21:19,089 [pool-49-thread-1] INFO  server.RaftServerConfigKeys (ConfUtils.java:logGet(43)) - raft.server.log.statemachine.data.sync = true (default)
2019-09-19 14:21:19,089 [pool-49-thread-1] INFO  server.RaftServerConfigKeys (ConfUtils.java:logGet(43)) - raft.server.log.statemachine.data.sync.timeout = 10s (default)
2019-09-19 14:21:19,089 [pool-49-thread-1] INFO  server.RaftServerConfigKeys (ConfUtils.java:logGet(43)) - raft.server.log.statemachine.data.sync.timeout.retry = -1 (default)
2019-09-19 14:21:19,089 [pool-49-thread-1] INFO  server.RaftServerConfigKeys (ConfUtils.java:logGet(43)) - raft.server.log.statemachine.data.caching.enabled = true (custom)
2019-09-19 14:21:19,090 [pool-49-thread-1] INFO  segmented.SegmentedRaftLogWorker (SegmentedRaftLogWorker.java:lambda$new$0(132)) - 306a7a99-f2a5-4f40-b42b-2fc2def08a6a-SegmentedRaftLogWorker:Storage Directory /workdir/hadoop-ozone/integration-test/target/test-dir/MiniOzoneClusterImpl-210d6028-2152-4683-81ff-347b0d29bb13/datanode-2/data/ratis/324ef32f-1f4d-4e5c-b543-cb34acf8c155: flushIndex: setUnconditionally 0 -> -1
2019-09-19 14:21:19,090 [pool-49-thread-1] INFO  server.RaftServerConfigKeys (ConfUtils.java:logGet(43)) - raft.server.snapshot.auto.trigger.enabled = true (custom)
2019-09-19 14:21:19,090 [pool-49-thread-1] INFO  server.RaftServerConfigKeys (ConfUtils.java:logGet(43)) - raft.server.snapshot.auto.trigger.threshold = 10000 (custom)
2019-09-19 14:21:19,090 [pool-49-thread-1] INFO  server.RaftServerConfigKeys (ConfUtils.java:logGet(43)) - raft.server.retrycache.expirytime = 600000ms (custom)
2019-09-19 14:21:19,091 [pool-49-thread-1] INFO  impl.RaftServerImpl (RaftServerImpl.java:start(180)) - 306a7a99-f2a5-4f40-b42b-2fc2def08a6a: start group-CB34ACF8C155
2019-09-19 14:21:19,091 [pool-49-thread-1] INFO  impl.RaftServerImpl (RaftServerImpl.java:setRole(171)) - 306a7a99-f2a5-4f40-b42b-2fc2def08a6a:group-CB34ACF8C155 changes role from null to FOLLOWER at term 0 for startAsFollower
2019-09-19 14:21:19,091 [pool-49-thread-1] INFO  impl.RoleInfo (RoleInfo.java:updateAndGet(143)) - 306a7a99-f2a5-4f40-b42b-2fc2def08a6a: start FollowerState
2019-09-19 14:21:19,091 [pool-49-thread-1] INFO  util.JmxRegister (JmxRegister.java:tryRegister(44)) - Successfully registered JMX Bean with object name Ratis:service=RaftServer,group=group-CB34ACF8C155,id=306a7a99-f2a5-4f40-b42b-2fc2def08a6a
2019-09-19 14:21:19,094 [RatisPipelineUtilsThread] INFO  pipeline.PipelineStateManager (PipelineStateManager.java:addPipeline(56)) - Created pipeline Pipeline[ Id: 324ef32f-1f4d-4e5c-b543-cb34acf8c155, Nodes: 306a7a99-f2a5-4f40-b42b-2fc2def08a6a{ip: 192.168.157.226, host: pr-hdds-1569-swxfz-3172132826, networkLocation: /default-rack, certSerialId: null}, Type:RATIS, Factor:ONE, State:OPEN]
2019-09-19 14:21:19,099 [grpc-default-executor-1] INFO  impl.RaftServerProxy (RaftServerProxy.java:addNew(89)) - 306a7a99-f2a5-4f40-b42b-2fc2def08a6a: addNew group-AAFAF8A40158:[306a7a99-f2a5-4f40-b42b-2fc2def08a6a:192.168.157.226:42633] returns group-AAFAF8A40158:java.util.concurrent.CompletableFuture@2d45fee7[Not completed]
2019-09-19 14:21:19,101 [pool-49-thread-1] INFO  impl.RaftServerImpl (RaftServerImpl.java:<init>(93)) - 306a7a99-f2a5-4f40-b42b-2fc2def08a6a: new RaftServerImpl for group-AAFAF8A40158:[306a7a99-f2a5-4f40-b42b-2fc2def08a6a:192.168.157.226:42633] with ContainerStateMachine:uninitialized
2019-09-19 14:21:19,101 [pool-49-thread-1] INFO  server.RaftServerConfigKeys (ConfUtils.java:logGet(43)) - raft.server.rpc.timeout.min = 5s (custom)
2019-09-19 14:21:19,101 [pool-49-thread-1] INFO  server.RaftServerConfigKeys (ConfUtils.java:logGet(43)) - raft.server.rpc.timeout.max = 5200ms (custom)
2019-09-19 14:21:19,101 [pool-49-thread-1] INFO  server.RaftServerConfigKeys (ConfUtils.java:logGet(43)) - raft.server.rpcslowness.timeout = 120s (custom)
2019-09-19 14:21:19,102 [pool-49-thread-1] INFO  server.RaftServerConfigKeys (ConfUtils.java:logGet(43)) - raft.server.sleep.deviation.threshold = 300 (default)
2019-09-19 14:21:19,102 [pool-49-thread-1] INFO  server.RaftServerConfigKeys (ConfUtils.java:logGet(43)) - raft.server.log.appender.install.snapshot.enabled = false (custom)
2019-09-19 14:21:19,102 [pool-49-thread-1] INFO  impl.RaftServerImpl (ServerState.java:<init>(105)) - 306a7a99-f2a5-4f40-b42b-2fc2def08a6a:group-AAFAF8A40158 ConfigurationManager, init=-1: [306a7a99-f2a5-4f40-b42b-2fc2def08a6a:192.168.157.226:42633], old=null, confs=<EMPTY_MAP>
2019-09-19 14:21:19,102 [pool-49-thread-1] INFO  server.RaftServerConfigKeys (ConfUtils.java:logGet(43)) - raft.server.storage.dir = [/workdir/hadoop-ozone/integration-test/target/test-dir/MiniOzoneClusterImpl-210d6028-2152-4683-81ff-347b0d29bb13/datanode-2/data/ratis] (custom)
2019-09-19 14:21:19,103 [pool-49-thread-1] INFO  storage.RaftStorageDirectory (RaftStorageDirectory.java:analyzeStorage(246)) - The storage directory /workdir/hadoop-ozone/integration-test/target/test-dir/MiniOzoneClusterImpl-210d6028-2152-4683-81ff-347b0d29bb13/datanode-2/data/ratis/d0c986d1-e39f-4294-adf9-aafaf8a40158 does not exist. Creating ...
2019-09-19 14:21:19,106 | INFO  | SCMAudit | user=jenkins1000 | ip=192.168.157.226 | op=SEND_HEARTBEAT {datanodeUUID=6403e584-2209-453b-b79e-eeb0a7b58516, command=[]} | ret=SUCCESS |  
2019-09-19 14:21:19,109 | INFO  | SCMAudit | user=jenkins1000 | ip=192.168.157.226 | op=SEND_HEARTBEAT {datanodeUUID=306a7a99-f2a5-4f40-b42b-2fc2def08a6a, command=[]} | ret=SUCCESS |  
2019-09-19 14:21:19,115 [pool-49-thread-1] INFO  storage.RaftStorageDirectory (RaftStorageDirectory.java:tryLock(328)) - Lock on /workdir/hadoop-ozone/integration-test/target/test-dir/MiniOzoneClusterImpl-210d6028-2152-4683-81ff-347b0d29bb13/datanode-2/data/ratis/d0c986d1-e39f-4294-adf9-aafaf8a40158/in_use.lock acquired by nodename 16198@pr-hdds-1569-swxfz-3172132826
2019-09-19 14:21:19,129 [pool-49-thread-1] INFO  storage.RaftStorage (RaftStorage.java:format(72)) - Storage directory /workdir/hadoop-ozone/integration-test/target/test-dir/MiniOzoneClusterImpl-210d6028-2152-4683-81ff-347b0d29bb13/datanode-2/data/ratis/d0c986d1-e39f-4294-adf9-aafaf8a40158 has been successfully formatted.
2019-09-19 14:21:19,129 [pool-49-thread-1] INFO  ratis.ContainerStateMachine (ContainerStateMachine.java:loadSnapshot(226)) - group-AAFAF8A40158: The snapshot info is null. Setting the last applied indexto:(t:0, i:~)
2019-09-19 14:21:19,130 [pool-49-thread-1] INFO  server.RaftServerConfigKeys (ConfUtils.java:logGet(43)) - raft.server.leader.election.timeout = 120s (custom)
2019-09-19 14:21:19,130 [pool-49-thread-1] INFO  server.RaftServerConfigKeys (ConfUtils.java:logGet(43)) - raft.server.log.use.memory = false (default)
2019-09-19 14:21:19,130 [pool-49-thread-1] INFO  server.RaftServerConfigKeys (ConfUtils.java:logGet(43)) - raft.server.log.purge.gap = 1000000 (custom)
2019-09-19 14:21:19,130 [pool-49-thread-1] INFO  server.RaftServerConfigKeys (ConfUtils.java:logGet(43)) - raft.server.log.appender.buffer.byte-limit = 33554432 (custom)
2019-09-19 14:21:19,130 [pool-49-thread-1] INFO  server.RaftServerConfigKeys (ConfUtils.java:logGet(43)) - raft.server.log.segment.size.max = 1048576 (custom)
2019-09-19 14:21:19,130 [pool-49-thread-1] INFO  server.RaftServerConfigKeys (ConfUtils.java:logGet(43)) - raft.server.log.segment.cache.num.max = 2 (custom)
2019-09-19 14:21:19,130 [pool-49-thread-1] INFO  segmented.SegmentedRaftLogWorker (SegmentedRaftLogWorker.java:<init>(172)) - new 306a7a99-f2a5-4f40-b42b-2fc2def08a6a-SegmentedRaftLogWorker:Storage Directory /workdir/hadoop-ozone/integration-test/target/test-dir/MiniOzoneClusterImpl-210d6028-2152-4683-81ff-347b0d29bb13/datanode-2/data/ratis/d0c986d1-e39f-4294-adf9-aafaf8a40158 for RaftStorage:Storage Directory /workdir/hadoop-ozone/integration-test/target/test-dir/MiniOzoneClusterImpl-210d6028-2152-4683-81ff-347b0d29bb13/datanode-2/data/ratis/d0c986d1-e39f-4294-adf9-aafaf8a40158
2019-09-19 14:21:19,131 [pool-49-thread-1] INFO  server.RaftServerConfigKeys (ConfUtils.java:logGet(43)) - raft.server.log.queue.byte-limit = 2147483647 (custom)
2019-09-19 14:21:19,131 [pool-49-thread-1] INFO  server.RaftServerConfigKeys (ConfUtils.java:logGet(43)) - raft.server.log.queue.element-limit = 1024 (custom)
2019-09-19 14:21:19,131 [pool-49-thread-1] INFO  server.RaftServerConfigKeys (ConfUtils.java:logGet(43)) - raft.server.log.segment.size.max = 1048576 (custom)
2019-09-19 14:21:19,131 [pool-49-thread-1] INFO  server.RaftServerConfigKeys (ConfUtils.java:logGet(43)) - raft.server.log.preallocated.size = 16384 (custom)
2019-09-19 14:21:19,131 [pool-49-thread-1] INFO  server.RaftServerConfigKeys (ConfUtils.java:logGet(43)) - raft.server.log.write.buffer.size = 33554432 (custom)
2019-09-19 14:21:19,131 [pool-49-thread-1] INFO  server.RaftServerConfigKeys (ConfUtils.java:logGet(43)) - raft.server.log.force.sync.num = 128 (default)
2019-09-19 14:21:19,131 [pool-49-thread-1] INFO  server.RaftServerConfigKeys (ConfUtils.java:logGet(43)) - raft.server.log.statemachine.data.sync = true (default)
2019-09-19 14:21:19,131 [pool-49-thread-1] INFO  server.RaftServerConfigKeys (ConfUtils.java:logGet(43)) - raft.server.log.statemachine.data.sync.timeout = 10s (default)
2019-09-19 14:21:19,132 [pool-49-thread-1] INFO  server.RaftServerConfigKeys (ConfUtils.java:logGet(43)) - raft.server.log.statemachine.data.sync.timeout.retry = -1 (default)
2019-09-19 14:21:19,132 [pool-49-thread-1] INFO  server.RaftServerConfigKeys (ConfUtils.java:logGet(43)) - raft.server.log.statemachine.data.caching.enabled = true (custom)
2019-09-19 14:21:19,132 [pool-49-thread-1] INFO  segmented.SegmentedRaftLogWorker (SegmentedRaftLogWorker.java:lambda$new$0(132)) - 306a7a99-f2a5-4f40-b42b-2fc2def08a6a-SegmentedRaftLogWorker:Storage Directory /workdir/hadoop-ozone/integration-test/target/test-dir/MiniOzoneClusterImpl-210d6028-2152-4683-81ff-347b0d29bb13/datanode-2/data/ratis/d0c986d1-e39f-4294-adf9-aafaf8a40158: flushIndex: setUnconditionally 0 -> -1
2019-09-19 14:21:19,132 [pool-49-thread-1] INFO  server.RaftServerConfigKeys (ConfUtils.java:logGet(43)) - raft.server.snapshot.auto.trigger.enabled = true (custom)
2019-09-19 14:21:19,133 [pool-49-thread-1] INFO  server.RaftServerConfigKeys (ConfUtils.java:logGet(43)) - raft.server.snapshot.auto.trigger.threshold = 10000 (custom)
2019-09-19 14:21:19,133 [pool-49-thread-1] INFO  server.RaftServerConfigKeys (ConfUtils.java:logGet(43)) - raft.server.retrycache.expirytime = 600000ms (custom)
2019-09-19 14:21:19,133 [pool-49-thread-1] INFO  impl.RaftServerImpl (RaftServerImpl.java:start(180)) - 306a7a99-f2a5-4f40-b42b-2fc2def08a6a: start group-AAFAF8A40158
2019-09-19 14:21:19,133 [pool-49-thread-1] INFO  impl.RaftServerImpl (RaftServerImpl.java:setRole(171)) - 306a7a99-f2a5-4f40-b42b-2fc2def08a6a:group-AAFAF8A40158 changes role from null to FOLLOWER at term 0 for startAsFollower
2019-09-19 14:21:19,133 [pool-49-thread-1] INFO  impl.RoleInfo (RoleInfo.java:updateAndGet(143)) - 306a7a99-f2a5-4f40-b42b-2fc2def08a6a: start FollowerState
2019-09-19 14:21:19,134 [pool-49-thread-1] INFO  util.JmxRegister (JmxRegister.java:tryRegister(44)) - Successfully registered JMX Bean with object name Ratis:service=RaftServer,group=group-AAFAF8A40158,id=306a7a99-f2a5-4f40-b42b-2fc2def08a6a
2019-09-19 14:21:19,136 [RatisPipelineUtilsThread] INFO  pipeline.PipelineStateManager (PipelineStateManager.java:addPipeline(56)) - Created pipeline Pipeline[ Id: d0c986d1-e39f-4294-adf9-aafaf8a40158, Nodes: 306a7a99-f2a5-4f40-b42b-2fc2def08a6a{ip: 192.168.157.226, host: pr-hdds-1569-swxfz-3172132826, networkLocation: /default-rack, certSerialId: null}, Type:RATIS, Factor:ONE, State:OPEN]
2019-09-19 14:21:19,141 [grpc-default-executor-1] INFO  impl.RaftServerProxy (RaftServerProxy.java:addNew(89)) - 85c6a9f3-b9a5-43a5-ac4f-9aa7bd5f2263: addNew group-CDED230A9C47:[85c6a9f3-b9a5-43a5-ac4f-9aa7bd5f2263:192.168.157.226:45170] returns group-CDED230A9C47:java.util.concurrent.CompletableFuture@76d8bed1[Not completed]
2019-09-19 14:21:19,143 [pool-27-thread-1] INFO  impl.RaftServerImpl (RaftServerImpl.java:<init>(93)) - 85c6a9f3-b9a5-43a5-ac4f-9aa7bd5f2263: new RaftServerImpl for group-CDED230A9C47:[85c6a9f3-b9a5-43a5-ac4f-9aa7bd5f2263:192.168.157.226:45170] with ContainerStateMachine:uninitialized
2019-09-19 14:21:19,143 [pool-27-thread-1] INFO  server.RaftServerConfigKeys (ConfUtils.java:logGet(43)) - raft.server.rpc.timeout.min = 5s (custom)
2019-09-19 14:21:19,143 [pool-27-thread-1] INFO  server.RaftServerConfigKeys (ConfUtils.java:logGet(43)) - raft.server.rpc.timeout.max = 5200ms (custom)
2019-09-19 14:21:19,143 [pool-27-thread-1] INFO  server.RaftServerConfigKeys (ConfUtils.java:logGet(43)) - raft.server.rpcslowness.timeout = 120s (custom)
2019-09-19 14:21:19,143 [pool-27-thread-1] INFO  server.RaftServerConfigKeys (ConfUtils.java:logGet(43)) - raft.server.sleep.deviation.threshold = 300 (default)
2019-09-19 14:21:19,143 [pool-27-thread-1] INFO  server.RaftServerConfigKeys (ConfUtils.java:logGet(43)) - raft.server.log.appender.install.snapshot.enabled = false (custom)
2019-09-19 14:21:19,143 [pool-27-thread-1] INFO  impl.RaftServerImpl (ServerState.java:<init>(105)) - 85c6a9f3-b9a5-43a5-ac4f-9aa7bd5f2263:group-CDED230A9C47 ConfigurationManager, init=-1: [85c6a9f3-b9a5-43a5-ac4f-9aa7bd5f2263:192.168.157.226:45170], old=null, confs=<EMPTY_MAP>
2019-09-19 14:21:19,144 [pool-27-thread-1] INFO  server.RaftServerConfigKeys (ConfUtils.java:logGet(43)) - raft.server.storage.dir = [/workdir/hadoop-ozone/integration-test/target/test-dir/MiniOzoneClusterImpl-210d6028-2152-4683-81ff-347b0d29bb13/datanode-0/data/ratis] (custom)
2019-09-19 14:21:19,144 [pool-27-thread-1] INFO  storage.RaftStorageDirectory (RaftStorageDirectory.java:analyzeStorage(246)) - The storage directory /workdir/hadoop-ozone/integration-test/target/test-dir/MiniOzoneClusterImpl-210d6028-2152-4683-81ff-347b0d29bb13/datanode-0/data/ratis/32a78648-4c4e-43d8-a5eb-cded230a9c47 does not exist. Creating ...
2019-09-19 14:21:19,157 [pool-27-thread-1] INFO  storage.RaftStorageDirectory (RaftStorageDirectory.java:tryLock(328)) - Lock on /workdir/hadoop-ozone/integration-test/target/test-dir/MiniOzoneClusterImpl-210d6028-2152-4683-81ff-347b0d29bb13/datanode-0/data/ratis/32a78648-4c4e-43d8-a5eb-cded230a9c47/in_use.lock acquired by nodename 16198@pr-hdds-1569-swxfz-3172132826
2019-09-19 14:21:19,169 [pool-27-thread-1] INFO  storage.RaftStorage (RaftStorage.java:format(72)) - Storage directory /workdir/hadoop-ozone/integration-test/target/test-dir/MiniOzoneClusterImpl-210d6028-2152-4683-81ff-347b0d29bb13/datanode-0/data/ratis/32a78648-4c4e-43d8-a5eb-cded230a9c47 has been successfully formatted.
2019-09-19 14:21:19,169 [pool-27-thread-1] INFO  ratis.ContainerStateMachine (ContainerStateMachine.java:loadSnapshot(226)) - group-CDED230A9C47: The snapshot info is null. Setting the last applied indexto:(t:0, i:~)
2019-09-19 14:21:19,169 [pool-27-thread-1] INFO  server.RaftServerConfigKeys (ConfUtils.java:logGet(43)) - raft.server.leader.election.timeout = 120s (custom)
2019-09-19 14:21:19,170 [pool-27-thread-1] INFO  server.RaftServerConfigKeys (ConfUtils.java:logGet(43)) - raft.server.log.use.memory = false (default)
2019-09-19 14:21:19,170 [pool-27-thread-1] INFO  server.RaftServerConfigKeys (ConfUtils.java:logGet(43)) - raft.server.log.purge.gap = 1000000 (custom)
2019-09-19 14:21:19,170 [pool-27-thread-1] INFO  server.RaftServerConfigKeys (ConfUtils.java:logGet(43)) - raft.server.log.appender.buffer.byte-limit = 33554432 (custom)
2019-09-19 14:21:19,170 [pool-27-thread-1] INFO  server.RaftServerConfigKeys (ConfUtils.java:logGet(43)) - raft.server.log.segment.size.max = 1048576 (custom)
2019-09-19 14:21:19,170 [pool-27-thread-1] INFO  server.RaftServerConfigKeys (ConfUtils.java:logGet(43)) - raft.server.log.segment.cache.num.max = 2 (custom)
2019-09-19 14:21:19,170 [pool-27-thread-1] INFO  segmented.SegmentedRaftLogWorker (SegmentedRaftLogWorker.java:<init>(172)) - new 85c6a9f3-b9a5-43a5-ac4f-9aa7bd5f2263-SegmentedRaftLogWorker:Storage Directory /workdir/hadoop-ozone/integration-test/target/test-dir/MiniOzoneClusterImpl-210d6028-2152-4683-81ff-347b0d29bb13/datanode-0/data/ratis/32a78648-4c4e-43d8-a5eb-cded230a9c47 for RaftStorage:Storage Directory /workdir/hadoop-ozone/integration-test/target/test-dir/MiniOzoneClusterImpl-210d6028-2152-4683-81ff-347b0d29bb13/datanode-0/data/ratis/32a78648-4c4e-43d8-a5eb-cded230a9c47
2019-09-19 14:21:19,170 [pool-27-thread-1] INFO  server.RaftServerConfigKeys (ConfUtils.java:logGet(43)) - raft.server.log.queue.byte-limit = 2147483647 (custom)
2019-09-19 14:21:19,170 [pool-27-thread-1] INFO  server.RaftServerConfigKeys (ConfUtils.java:logGet(43)) - raft.server.log.queue.element-limit = 1024 (custom)
2019-09-19 14:21:19,171 [pool-27-thread-1] INFO  server.RaftServerConfigKeys (ConfUtils.java:logGet(43)) - raft.server.log.segment.size.max = 1048576 (custom)
2019-09-19 14:21:19,171 [pool-27-thread-1] INFO  server.RaftServerConfigKeys (ConfUtils.java:logGet(43)) - raft.server.log.preallocated.size = 16384 (custom)
2019-09-19 14:21:19,171 [pool-27-thread-1] INFO  server.RaftServerConfigKeys (ConfUtils.java:logGet(43)) - raft.server.log.write.buffer.size = 33554432 (custom)
2019-09-19 14:21:19,171 [pool-27-thread-1] INFO  server.RaftServerConfigKeys (ConfUtils.java:logGet(43)) - raft.server.log.force.sync.num = 128 (default)
2019-09-19 14:21:19,171 [pool-27-thread-1] INFO  server.RaftServerConfigKeys (ConfUtils.java:logGet(43)) - raft.server.log.statemachine.data.sync = true (default)
2019-09-19 14:21:19,171 [pool-27-thread-1] INFO  server.RaftServerConfigKeys (ConfUtils.java:logGet(43)) - raft.server.log.statemachine.data.sync.timeout = 10s (default)
2019-09-19 14:21:19,171 [pool-27-thread-1] INFO  server.RaftServerConfigKeys (ConfUtils.java:logGet(43)) - raft.server.log.statemachine.data.sync.timeout.retry = -1 (default)
2019-09-19 14:21:19,171 [pool-27-thread-1] INFO  server.RaftServerConfigKeys (ConfUtils.java:logGet(43)) - raft.server.log.statemachine.data.caching.enabled = true (custom)
2019-09-19 14:21:19,172 [pool-27-thread-1] INFO  segmented.SegmentedRaftLogWorker (SegmentedRaftLogWorker.java:lambda$new$0(132)) - 85c6a9f3-b9a5-43a5-ac4f-9aa7bd5f2263-SegmentedRaftLogWorker:Storage Directory /workdir/hadoop-ozone/integration-test/target/test-dir/MiniOzoneClusterImpl-210d6028-2152-4683-81ff-347b0d29bb13/datanode-0/data/ratis/32a78648-4c4e-43d8-a5eb-cded230a9c47: flushIndex: setUnconditionally 0 -> -1
2019-09-19 14:21:19,172 [pool-27-thread-1] INFO  server.RaftServerConfigKeys (ConfUtils.java:logGet(43)) - raft.server.snapshot.auto.trigger.enabled = true (custom)
2019-09-19 14:21:19,172 [pool-27-thread-1] INFO  server.RaftServerConfigKeys (ConfUtils.java:logGet(43)) - raft.server.snapshot.auto.trigger.threshold = 10000 (custom)
2019-09-19 14:21:19,172 [pool-27-thread-1] INFO  server.RaftServerConfigKeys (ConfUtils.java:logGet(43)) - raft.server.retrycache.expirytime = 600000ms (custom)
2019-09-19 14:21:19,172 [pool-27-thread-1] INFO  impl.RaftServerImpl (RaftServerImpl.java:start(180)) - 85c6a9f3-b9a5-43a5-ac4f-9aa7bd5f2263: start group-CDED230A9C47
2019-09-19 14:21:19,172 [pool-27-thread-1] INFO  impl.RaftServerImpl (RaftServerImpl.java:setRole(171)) - 85c6a9f3-b9a5-43a5-ac4f-9aa7bd5f2263:group-CDED230A9C47 changes role from null to FOLLOWER at term 0 for startAsFollower
2019-09-19 14:21:19,172 [pool-27-thread-1] INFO  impl.RoleInfo (RoleInfo.java:updateAndGet(143)) - 85c6a9f3-b9a5-43a5-ac4f-9aa7bd5f2263: start FollowerState
2019-09-19 14:21:19,173 [pool-27-thread-1] INFO  util.JmxRegister (JmxRegister.java:tryRegister(44)) - Successfully registered JMX Bean with object name Ratis:service=RaftServer,group=group-CDED230A9C47,id=85c6a9f3-b9a5-43a5-ac4f-9aa7bd5f2263
2019-09-19 14:21:19,175 [RatisPipelineUtilsThread] INFO  pipeline.PipelineStateManager (PipelineStateManager.java:addPipeline(56)) - Created pipeline Pipeline[ Id: 32a78648-4c4e-43d8-a5eb-cded230a9c47, Nodes: 85c6a9f3-b9a5-43a5-ac4f-9aa7bd5f2263{ip: 192.168.157.226, host: pr-hdds-1569-swxfz-3172132826, networkLocation: /default-rack, certSerialId: null}, Type:RATIS, Factor:ONE, State:OPEN]
2019-09-19 14:21:19,180 [grpc-default-executor-1] INFO  impl.RaftServerProxy (RaftServerProxy.java:addNew(89)) - 6403e584-2209-453b-b79e-eeb0a7b58516: addNew group-29E445EC1A13:[6403e584-2209-453b-b79e-eeb0a7b58516:192.168.157.226:35833] returns group-29E445EC1A13:java.util.concurrent.CompletableFuture@786d6119[Not completed]
2019-09-19 14:21:19,181 [pool-60-thread-1] INFO  impl.RaftServerImpl (RaftServerImpl.java:<init>(93)) - 6403e584-2209-453b-b79e-eeb0a7b58516: new RaftServerImpl for group-29E445EC1A13:[6403e584-2209-453b-b79e-eeb0a7b58516:192.168.157.226:35833] with ContainerStateMachine:uninitialized
2019-09-19 14:21:19,181 [pool-60-thread-1] INFO  server.RaftServerConfigKeys (ConfUtils.java:logGet(43)) - raft.server.rpc.timeout.min = 5s (custom)
2019-09-19 14:21:19,181 [pool-60-thread-1] INFO  server.RaftServerConfigKeys (ConfUtils.java:logGet(43)) - raft.server.rpc.timeout.max = 5200ms (custom)
2019-09-19 14:21:19,181 [pool-60-thread-1] INFO  server.RaftServerConfigKeys (ConfUtils.java:logGet(43)) - raft.server.rpcslowness.timeout = 120s (custom)
2019-09-19 14:21:19,182 [pool-60-thread-1] INFO  server.RaftServerConfigKeys (ConfUtils.java:logGet(43)) - raft.server.sleep.deviation.threshold = 300 (default)
2019-09-19 14:21:19,182 [pool-60-thread-1] INFO  server.RaftServerConfigKeys (ConfUtils.java:logGet(43)) - raft.server.log.appender.install.snapshot.enabled = false (custom)
2019-09-19 14:21:19,182 [pool-60-thread-1] INFO  impl.RaftServerImpl (ServerState.java:<init>(105)) - 6403e584-2209-453b-b79e-eeb0a7b58516:group-29E445EC1A13 ConfigurationManager, init=-1: [6403e584-2209-453b-b79e-eeb0a7b58516:192.168.157.226:35833], old=null, confs=<EMPTY_MAP>
2019-09-19 14:21:19,182 [pool-60-thread-1] INFO  server.RaftServerConfigKeys (ConfUtils.java:logGet(43)) - raft.server.storage.dir = [/workdir/hadoop-ozone/integration-test/target/test-dir/MiniOzoneClusterImpl-210d6028-2152-4683-81ff-347b0d29bb13/datanode-3/data/ratis] (custom)
2019-09-19 14:21:19,182 [pool-60-thread-1] INFO  storage.RaftStorageDirectory (RaftStorageDirectory.java:analyzeStorage(246)) - The storage directory /workdir/hadoop-ozone/integration-test/target/test-dir/MiniOzoneClusterImpl-210d6028-2152-4683-81ff-347b0d29bb13/datanode-3/data/ratis/2c88a252-c393-4a24-a4a9-29e445ec1a13 does not exist. Creating ...
2019-09-19 14:21:19,196 [pool-60-thread-1] INFO  storage.RaftStorageDirectory (RaftStorageDirectory.java:tryLock(328)) - Lock on /workdir/hadoop-ozone/integration-test/target/test-dir/MiniOzoneClusterImpl-210d6028-2152-4683-81ff-347b0d29bb13/datanode-3/data/ratis/2c88a252-c393-4a24-a4a9-29e445ec1a13/in_use.lock acquired by nodename 16198@pr-hdds-1569-swxfz-3172132826
2019-09-19 14:21:19,210 [pool-60-thread-1] INFO  storage.RaftStorage (RaftStorage.java:format(72)) - Storage directory /workdir/hadoop-ozone/integration-test/target/test-dir/MiniOzoneClusterImpl-210d6028-2152-4683-81ff-347b0d29bb13/datanode-3/data/ratis/2c88a252-c393-4a24-a4a9-29e445ec1a13 has been successfully formatted.
2019-09-19 14:21:19,210 [pool-60-thread-1] INFO  ratis.ContainerStateMachine (ContainerStateMachine.java:loadSnapshot(226)) - group-29E445EC1A13: The snapshot info is null. Setting the last applied indexto:(t:0, i:~)
2019-09-19 14:21:19,210 [pool-60-thread-1] INFO  server.RaftServerConfigKeys (ConfUtils.java:logGet(43)) - raft.server.leader.election.timeout = 120s (custom)
2019-09-19 14:21:19,210 [pool-60-thread-1] INFO  server.RaftServerConfigKeys (ConfUtils.java:logGet(43)) - raft.server.log.use.memory = false (default)
2019-09-19 14:21:19,210 [pool-60-thread-1] INFO  server.RaftServerConfigKeys (ConfUtils.java:logGet(43)) - raft.server.log.purge.gap = 1000000 (custom)
2019-09-19 14:21:19,211 [pool-60-thread-1] INFO  server.RaftServerConfigKeys (ConfUtils.java:logGet(43)) - raft.server.log.appender.buffer.byte-limit = 33554432 (custom)
2019-09-19 14:21:19,211 [pool-60-thread-1] INFO  server.RaftServerConfigKeys (ConfUtils.java:logGet(43)) - raft.server.log.segment.size.max = 1048576 (custom)
2019-09-19 14:21:19,211 [pool-60-thread-1] INFO  server.RaftServerConfigKeys (ConfUtils.java:logGet(43)) - raft.server.log.segment.cache.num.max = 2 (custom)
2019-09-19 14:21:19,211 [pool-60-thread-1] INFO  segmented.SegmentedRaftLogWorker (SegmentedRaftLogWorker.java:<init>(172)) - new 6403e584-2209-453b-b79e-eeb0a7b58516-SegmentedRaftLogWorker:Storage Directory /workdir/hadoop-ozone/integration-test/target/test-dir/MiniOzoneClusterImpl-210d6028-2152-4683-81ff-347b0d29bb13/datanode-3/data/ratis/2c88a252-c393-4a24-a4a9-29e445ec1a13 for RaftStorage:Storage Directory /workdir/hadoop-ozone/integration-test/target/test-dir/MiniOzoneClusterImpl-210d6028-2152-4683-81ff-347b0d29bb13/datanode-3/data/ratis/2c88a252-c393-4a24-a4a9-29e445ec1a13
2019-09-19 14:21:19,211 [pool-60-thread-1] INFO  server.RaftServerConfigKeys (ConfUtils.java:logGet(43)) - raft.server.log.queue.byte-limit = 2147483647 (custom)
2019-09-19 14:21:19,211 [pool-60-thread-1] INFO  server.RaftServerConfigKeys (ConfUtils.java:logGet(43)) - raft.server.log.queue.element-limit = 1024 (custom)
2019-09-19 14:21:19,212 [pool-60-thread-1] INFO  server.RaftServerConfigKeys (ConfUtils.java:logGet(43)) - raft.server.log.segment.size.max = 1048576 (custom)
2019-09-19 14:21:19,212 [pool-60-thread-1] INFO  server.RaftServerConfigKeys (ConfUtils.java:logGet(43)) - raft.server.log.preallocated.size = 16384 (custom)
2019-09-19 14:21:19,212 [pool-60-thread-1] INFO  server.RaftServerConfigKeys (ConfUtils.java:logGet(43)) - raft.server.log.write.buffer.size = 33554432 (custom)
2019-09-19 14:21:19,212 [pool-60-thread-1] INFO  server.RaftServerConfigKeys (ConfUtils.java:logGet(43)) - raft.server.log.force.sync.num = 128 (default)
2019-09-19 14:21:19,212 [pool-60-thread-1] INFO  server.RaftServerConfigKeys (ConfUtils.java:logGet(43)) - raft.server.log.statemachine.data.sync = true (default)
2019-09-19 14:21:19,212 [pool-60-thread-1] INFO  server.RaftServerConfigKeys (ConfUtils.java:logGet(43)) - raft.server.log.statemachine.data.sync.timeout = 10s (default)
2019-09-19 14:21:19,212 [pool-60-thread-1] INFO  server.RaftServerConfigKeys (ConfUtils.java:logGet(43)) - raft.server.log.statemachine.data.sync.timeout.retry = -1 (default)
2019-09-19 14:21:19,213 [pool-60-thread-1] INFO  server.RaftServerConfigKeys (ConfUtils.java:logGet(43)) - raft.server.log.statemachine.data.caching.enabled = true (custom)
2019-09-19 14:21:19,213 [pool-60-thread-1] INFO  segmented.SegmentedRaftLogWorker (SegmentedRaftLogWorker.java:lambda$new$0(132)) - 6403e584-2209-453b-b79e-eeb0a7b58516-SegmentedRaftLogWorker:Storage Directory /workdir/hadoop-ozone/integration-test/target/test-dir/MiniOzoneClusterImpl-210d6028-2152-4683-81ff-347b0d29bb13/datanode-3/data/ratis/2c88a252-c393-4a24-a4a9-29e445ec1a13: flushIndex: setUnconditionally 0 -> -1
2019-09-19 14:21:19,213 [pool-60-thread-1] INFO  server.RaftServerConfigKeys (ConfUtils.java:logGet(43)) - raft.server.snapshot.auto.trigger.enabled = true (custom)
2019-09-19 14:21:19,213 [pool-60-thread-1] INFO  server.RaftServerConfigKeys (ConfUtils.java:logGet(43)) - raft.server.snapshot.auto.trigger.threshold = 10000 (custom)
2019-09-19 14:21:19,214 [pool-60-thread-1] INFO  server.RaftServerConfigKeys (ConfUtils.java:logGet(43)) - raft.server.retrycache.expirytime = 600000ms (custom)
2019-09-19 14:21:19,214 [pool-60-thread-1] INFO  impl.RaftServerImpl (RaftServerImpl.java:start(180)) - 6403e584-2209-453b-b79e-eeb0a7b58516: start group-29E445EC1A13
2019-09-19 14:21:19,214 [pool-60-thread-1] INFO  impl.RaftServerImpl (RaftServerImpl.java:setRole(171)) - 6403e584-2209-453b-b79e-eeb0a7b58516:group-29E445EC1A13 changes role from null to FOLLOWER at term 0 for startAsFollower
2019-09-19 14:21:19,214 [pool-60-thread-1] INFO  impl.RoleInfo (RoleInfo.java:updateAndGet(143)) - 6403e584-2209-453b-b79e-eeb0a7b58516: start FollowerState
2019-09-19 14:21:19,214 [pool-60-thread-1] INFO  util.JmxRegister (JmxRegister.java:tryRegister(44)) - Successfully registered JMX Bean with object name Ratis:service=RaftServer,group=group-29E445EC1A13,id=6403e584-2209-453b-b79e-eeb0a7b58516
2019-09-19 14:21:19,217 [RatisPipelineUtilsThread] INFO  pipeline.PipelineStateManager (PipelineStateManager.java:addPipeline(56)) - Created pipeline Pipeline[ Id: 2c88a252-c393-4a24-a4a9-29e445ec1a13, Nodes: 6403e584-2209-453b-b79e-eeb0a7b58516{ip: 192.168.157.226, host: pr-hdds-1569-swxfz-3172132826, networkLocation: /default-rack, certSerialId: null}, Type:RATIS, Factor:ONE, State:OPEN]
2019-09-19 14:21:19,222 [grpc-default-executor-1] INFO  impl.RaftServerProxy (RaftServerProxy.java:addNew(89)) - 85c6a9f3-b9a5-43a5-ac4f-9aa7bd5f2263: addNew group-761A2A37A56F:[85c6a9f3-b9a5-43a5-ac4f-9aa7bd5f2263:192.168.157.226:45170] returns group-761A2A37A56F:java.util.concurrent.CompletableFuture@447e60e3[Not completed]
2019-09-19 14:21:19,223 [pool-27-thread-1] INFO  impl.RaftServerImpl (RaftServerImpl.java:<init>(93)) - 85c6a9f3-b9a5-43a5-ac4f-9aa7bd5f2263: new RaftServerImpl for group-761A2A37A56F:[85c6a9f3-b9a5-43a5-ac4f-9aa7bd5f2263:192.168.157.226:45170] with ContainerStateMachine:uninitialized
2019-09-19 14:21:19,223 [pool-27-thread-1] INFO  server.RaftServerConfigKeys (ConfUtils.java:logGet(43)) - raft.server.rpc.timeout.min = 5s (custom)
2019-09-19 14:21:19,223 [pool-27-thread-1] INFO  server.RaftServerConfigKeys (ConfUtils.java:logGet(43)) - raft.server.rpc.timeout.max = 5200ms (custom)
2019-09-19 14:21:19,223 [pool-27-thread-1] INFO  server.RaftServerConfigKeys (ConfUtils.java:logGet(43)) - raft.server.rpcslowness.timeout = 120s (custom)
2019-09-19 14:21:19,223 [pool-27-thread-1] INFO  server.RaftServerConfigKeys (ConfUtils.java:logGet(43)) - raft.server.sleep.deviation.threshold = 300 (default)
2019-09-19 14:21:19,223 [pool-27-thread-1] INFO  server.RaftServerConfigKeys (ConfUtils.java:logGet(43)) - raft.server.log.appender.install.snapshot.enabled = false (custom)
2019-09-19 14:21:19,223 [pool-27-thread-1] INFO  impl.RaftServerImpl (ServerState.java:<init>(105)) - 85c6a9f3-b9a5-43a5-ac4f-9aa7bd5f2263:group-761A2A37A56F ConfigurationManager, init=-1: [85c6a9f3-b9a5-43a5-ac4f-9aa7bd5f2263:192.168.157.226:45170], old=null, confs=<EMPTY_MAP>
2019-09-19 14:21:19,224 [pool-27-thread-1] INFO  server.RaftServerConfigKeys (ConfUtils.java:logGet(43)) - raft.server.storage.dir = [/workdir/hadoop-ozone/integration-test/target/test-dir/MiniOzoneClusterImpl-210d6028-2152-4683-81ff-347b0d29bb13/datanode-0/data/ratis] (custom)
2019-09-19 14:21:19,224 [pool-27-thread-1] INFO  storage.RaftStorageDirectory (RaftStorageDirectory.java:analyzeStorage(246)) - The storage directory /workdir/hadoop-ozone/integration-test/target/test-dir/MiniOzoneClusterImpl-210d6028-2152-4683-81ff-347b0d29bb13/datanode-0/data/ratis/cd268f70-7f9c-488d-bc94-761a2a37a56f does not exist. Creating ...
2019-09-19 14:21:19,238 [pool-27-thread-1] INFO  storage.RaftStorageDirectory (RaftStorageDirectory.java:tryLock(328)) - Lock on /workdir/hadoop-ozone/integration-test/target/test-dir/MiniOzoneClusterImpl-210d6028-2152-4683-81ff-347b0d29bb13/datanode-0/data/ratis/cd268f70-7f9c-488d-bc94-761a2a37a56f/in_use.lock acquired by nodename 16198@pr-hdds-1569-swxfz-3172132826
2019-09-19 14:21:19,250 | INFO  | SCMAudit | user=jenkins1000 | ip=192.168.157.226 | op=SEND_HEARTBEAT {datanodeUUID=1190b9a7-12b1-4c15-b33e-f7d0a0cd436c, command=[]} | ret=SUCCESS |  
2019-09-19 14:21:19,251 [pool-27-thread-1] INFO  storage.RaftStorage (RaftStorage.java:format(72)) - Storage directory /workdir/hadoop-ozone/integration-test/target/test-dir/MiniOzoneClusterImpl-210d6028-2152-4683-81ff-347b0d29bb13/datanode-0/data/ratis/cd268f70-7f9c-488d-bc94-761a2a37a56f has been successfully formatted.
2019-09-19 14:21:19,251 [pool-27-thread-1] INFO  ratis.ContainerStateMachine (ContainerStateMachine.java:loadSnapshot(226)) - group-761A2A37A56F: The snapshot info is null. Setting the last applied indexto:(t:0, i:~)
2019-09-19 14:21:19,251 [pool-27-thread-1] INFO  server.RaftServerConfigKeys (ConfUtils.java:logGet(43)) - raft.server.leader.election.timeout = 120s (custom)
2019-09-19 14:21:19,252 [pool-27-thread-1] INFO  server.RaftServerConfigKeys (ConfUtils.java:logGet(43)) - raft.server.log.use.memory = false (default)
2019-09-19 14:21:19,252 [pool-27-thread-1] INFO  server.RaftServerConfigKeys (ConfUtils.java:logGet(43)) - raft.server.log.purge.gap = 1000000 (custom)
2019-09-19 14:21:19,252 [pool-27-thread-1] INFO  server.RaftServerConfigKeys (ConfUtils.java:logGet(43)) - raft.server.log.appender.buffer.byte-limit = 33554432 (custom)
2019-09-19 14:21:19,252 [pool-27-thread-1] INFO  server.RaftServerConfigKeys (ConfUtils.java:logGet(43)) - raft.server.log.segment.size.max = 1048576 (custom)
2019-09-19 14:21:19,252 [pool-27-thread-1] INFO  server.RaftServerConfigKeys (ConfUtils.java:logGet(43)) - raft.server.log.segment.cache.num.max = 2 (custom)
2019-09-19 14:21:19,252 [pool-27-thread-1] INFO  segmented.SegmentedRaftLogWorker (SegmentedRaftLogWorker.java:<init>(172)) - new 85c6a9f3-b9a5-43a5-ac4f-9aa7bd5f2263-SegmentedRaftLogWorker:Storage Directory /workdir/hadoop-ozone/integration-test/target/test-dir/MiniOzoneClusterImpl-210d6028-2152-4683-81ff-347b0d29bb13/datanode-0/data/ratis/cd268f70-7f9c-488d-bc94-761a2a37a56f for RaftStorage:Storage Directory /workdir/hadoop-ozone/integration-test/target/test-dir/MiniOzoneClusterImpl-210d6028-2152-4683-81ff-347b0d29bb13/datanode-0/data/ratis/cd268f70-7f9c-488d-bc94-761a2a37a56f
2019-09-19 14:21:19,252 [pool-27-thread-1] INFO  server.RaftServerConfigKeys (ConfUtils.java:logGet(43)) - raft.server.log.queue.byte-limit = 2147483647 (custom)
2019-09-19 14:21:19,253 [pool-27-thread-1] INFO  server.RaftServerConfigKeys (ConfUtils.java:logGet(43)) - raft.server.log.queue.element-limit = 1024 (custom)
2019-09-19 14:21:19,253 [pool-27-thread-1] INFO  server.RaftServerConfigKeys (ConfUtils.java:logGet(43)) - raft.server.log.segment.size.max = 1048576 (custom)
2019-09-19 14:21:19,253 [pool-27-thread-1] INFO  server.RaftServerConfigKeys (ConfUtils.java:logGet(43)) - raft.server.log.preallocated.size = 16384 (custom)
2019-09-19 14:21:19,253 [pool-27-thread-1] INFO  server.RaftServerConfigKeys (ConfUtils.java:logGet(43)) - raft.server.log.write.buffer.size = 33554432 (custom)
2019-09-19 14:21:19,253 [pool-27-thread-1] INFO  server.RaftServerConfigKeys (ConfUtils.java:logGet(43)) - raft.server.log.force.sync.num = 128 (default)
2019-09-19 14:21:19,253 [pool-27-thread-1] INFO  server.RaftServerConfigKeys (ConfUtils.java:logGet(43)) - raft.server.log.statemachine.data.sync = true (default)
2019-09-19 14:21:19,253 [pool-27-thread-1] INFO  server.RaftServerConfigKeys (ConfUtils.java:logGet(43)) - raft.server.log.statemachine.data.sync.timeout = 10s (default)
2019-09-19 14:21:19,253 [pool-27-thread-1] INFO  server.RaftServerConfigKeys (ConfUtils.java:logGet(43)) - raft.server.log.statemachine.data.sync.timeout.retry = -1 (default)
2019-09-19 14:21:19,254 [pool-27-thread-1] INFO  server.RaftServerConfigKeys (ConfUtils.java:logGet(43)) - raft.server.log.statemachine.data.caching.enabled = true (custom)
2019-09-19 14:21:19,254 [pool-27-thread-1] INFO  segmented.SegmentedRaftLogWorker (SegmentedRaftLogWorker.java:lambda$new$0(132)) - 85c6a9f3-b9a5-43a5-ac4f-9aa7bd5f2263-SegmentedRaftLogWorker:Storage Directory /workdir/hadoop-ozone/integration-test/target/test-dir/MiniOzoneClusterImpl-210d6028-2152-4683-81ff-347b0d29bb13/datanode-0/data/ratis/cd268f70-7f9c-488d-bc94-761a2a37a56f: flushIndex: setUnconditionally 0 -> -1
2019-09-19 14:21:19,254 [pool-27-thread-1] INFO  server.RaftServerConfigKeys (ConfUtils.java:logGet(43)) - raft.server.snapshot.auto.trigger.enabled = true (custom)
2019-09-19 14:21:19,254 [pool-27-thread-1] INFO  server.RaftServerConfigKeys (ConfUtils.java:logGet(43)) - raft.server.snapshot.auto.trigger.threshold = 10000 (custom)
2019-09-19 14:21:19,255 [pool-27-thread-1] INFO  server.RaftServerConfigKeys (ConfUtils.java:logGet(43)) - raft.server.retrycache.expirytime = 600000ms (custom)
2019-09-19 14:21:19,255 [pool-27-thread-1] INFO  impl.RaftServerImpl (RaftServerImpl.java:start(180)) - 85c6a9f3-b9a5-43a5-ac4f-9aa7bd5f2263: start group-761A2A37A56F
2019-09-19 14:21:19,255 [pool-27-thread-1] INFO  impl.RaftServerImpl (RaftServerImpl.java:setRole(171)) - 85c6a9f3-b9a5-43a5-ac4f-9aa7bd5f2263:group-761A2A37A56F changes role from null to FOLLOWER at term 0 for startAsFollower
2019-09-19 14:21:19,255 [pool-27-thread-1] INFO  impl.RoleInfo (RoleInfo.java:updateAndGet(143)) - 85c6a9f3-b9a5-43a5-ac4f-9aa7bd5f2263: start FollowerState
2019-09-19 14:21:19,255 [pool-27-thread-1] INFO  util.JmxRegister (JmxRegister.java:tryRegister(44)) - Successfully registered JMX Bean with object name Ratis:service=RaftServer,group=group-761A2A37A56F,id=85c6a9f3-b9a5-43a5-ac4f-9aa7bd5f2263
2019-09-19 14:21:19,258 [RatisPipelineUtilsThread] INFO  pipeline.PipelineStateManager (PipelineStateManager.java:addPipeline(56)) - Created pipeline Pipeline[ Id: cd268f70-7f9c-488d-bc94-761a2a37a56f, Nodes: 85c6a9f3-b9a5-43a5-ac4f-9aa7bd5f2263{ip: 192.168.157.226, host: pr-hdds-1569-swxfz-3172132826, networkLocation: /default-rack, certSerialId: null}, Type:RATIS, Factor:ONE, State:OPEN]
2019-09-19 14:21:19,263 [grpc-default-executor-1] INFO  impl.RaftServerProxy (RaftServerProxy.java:addNew(89)) - 85c6a9f3-b9a5-43a5-ac4f-9aa7bd5f2263: addNew group-1487A2604F1B:[85c6a9f3-b9a5-43a5-ac4f-9aa7bd5f2263:192.168.157.226:45170] returns group-1487A2604F1B:java.util.concurrent.CompletableFuture@4594b261[Not completed]
2019-09-19 14:21:19,264 [pool-27-thread-1] INFO  impl.RaftServerImpl (RaftServerImpl.java:<init>(93)) - 85c6a9f3-b9a5-43a5-ac4f-9aa7bd5f2263: new RaftServerImpl for group-1487A2604F1B:[85c6a9f3-b9a5-43a5-ac4f-9aa7bd5f2263:192.168.157.226:45170] with ContainerStateMachine:uninitialized
2019-09-19 14:21:19,264 [pool-27-thread-1] INFO  server.RaftServerConfigKeys (ConfUtils.java:logGet(43)) - raft.server.rpc.timeout.min = 5s (custom)
2019-09-19 14:21:19,264 [pool-27-thread-1] INFO  server.RaftServerConfigKeys (ConfUtils.java:logGet(43)) - raft.server.rpc.timeout.max = 5200ms (custom)
2019-09-19 14:21:19,264 [pool-27-thread-1] INFO  server.RaftServerConfigKeys (ConfUtils.java:logGet(43)) - raft.server.rpcslowness.timeout = 120s (custom)
2019-09-19 14:21:19,264 [pool-27-thread-1] INFO  server.RaftServerConfigKeys (ConfUtils.java:logGet(43)) - raft.server.sleep.deviation.threshold = 300 (default)
2019-09-19 14:21:19,264 [pool-27-thread-1] INFO  server.RaftServerConfigKeys (ConfUtils.java:logGet(43)) - raft.server.log.appender.install.snapshot.enabled = false (custom)
2019-09-19 14:21:19,265 [pool-27-thread-1] INFO  impl.RaftServerImpl (ServerState.java:<init>(105)) - 85c6a9f3-b9a5-43a5-ac4f-9aa7bd5f2263:group-1487A2604F1B ConfigurationManager, init=-1: [85c6a9f3-b9a5-43a5-ac4f-9aa7bd5f2263:192.168.157.226:45170], old=null, confs=<EMPTY_MAP>
2019-09-19 14:21:19,265 [pool-27-thread-1] INFO  server.RaftServerConfigKeys (ConfUtils.java:logGet(43)) - raft.server.storage.dir = [/workdir/hadoop-ozone/integration-test/target/test-dir/MiniOzoneClusterImpl-210d6028-2152-4683-81ff-347b0d29bb13/datanode-0/data/ratis] (custom)
2019-09-19 14:21:19,265 [pool-27-thread-1] INFO  storage.RaftStorageDirectory (RaftStorageDirectory.java:analyzeStorage(246)) - The storage directory /workdir/hadoop-ozone/integration-test/target/test-dir/MiniOzoneClusterImpl-210d6028-2152-4683-81ff-347b0d29bb13/datanode-0/data/ratis/fee7dab6-ad62-49ef-b394-1487a2604f1b does not exist. Creating ...
2019-09-19 14:21:19,269 [pool-27-thread-1] INFO  storage.RaftStorageDirectory (RaftStorageDirectory.java:tryLock(328)) - Lock on /workdir/hadoop-ozone/integration-test/target/test-dir/MiniOzoneClusterImpl-210d6028-2152-4683-81ff-347b0d29bb13/datanode-0/data/ratis/fee7dab6-ad62-49ef-b394-1487a2604f1b/in_use.lock acquired by nodename 16198@pr-hdds-1569-swxfz-3172132826
2019-09-19 14:21:19,273 [pool-27-thread-1] INFO  storage.RaftStorage (RaftStorage.java:format(72)) - Storage directory /workdir/hadoop-ozone/integration-test/target/test-dir/MiniOzoneClusterImpl-210d6028-2152-4683-81ff-347b0d29bb13/datanode-0/data/ratis/fee7dab6-ad62-49ef-b394-1487a2604f1b has been successfully formatted.
2019-09-19 14:21:19,273 [pool-27-thread-1] INFO  ratis.ContainerStateMachine (ContainerStateMachine.java:loadSnapshot(226)) - group-1487A2604F1B: The snapshot info is null. Setting the last applied indexto:(t:0, i:~)
2019-09-19 14:21:19,273 [pool-27-thread-1] INFO  server.RaftServerConfigKeys (ConfUtils.java:logGet(43)) - raft.server.leader.election.timeout = 120s (custom)
2019-09-19 14:21:19,273 [pool-27-thread-1] INFO  server.RaftServerConfigKeys (ConfUtils.java:logGet(43)) - raft.server.log.use.memory = false (default)
2019-09-19 14:21:19,274 [pool-27-thread-1] INFO  server.RaftServerConfigKeys (ConfUtils.java:logGet(43)) - raft.server.log.purge.gap = 1000000 (custom)
2019-09-19 14:21:19,274 [pool-27-thread-1] INFO  server.RaftServerConfigKeys (ConfUtils.java:logGet(43)) - raft.server.log.appender.buffer.byte-limit = 33554432 (custom)
2019-09-19 14:21:19,274 [pool-27-thread-1] INFO  server.RaftServerConfigKeys (ConfUtils.java:logGet(43)) - raft.server.log.segment.size.max = 1048576 (custom)
2019-09-19 14:21:19,274 [pool-27-thread-1] INFO  server.RaftServerConfigKeys (ConfUtils.java:logGet(43)) - raft.server.log.segment.cache.num.max = 2 (custom)
2019-09-19 14:21:19,274 [pool-27-thread-1] INFO  segmented.SegmentedRaftLogWorker (SegmentedRaftLogWorker.java:<init>(172)) - new 85c6a9f3-b9a5-43a5-ac4f-9aa7bd5f2263-SegmentedRaftLogWorker:Storage Directory /workdir/hadoop-ozone/integration-test/target/test-dir/MiniOzoneClusterImpl-210d6028-2152-4683-81ff-347b0d29bb13/datanode-0/data/ratis/fee7dab6-ad62-49ef-b394-1487a2604f1b for RaftStorage:Storage Directory /workdir/hadoop-ozone/integration-test/target/test-dir/MiniOzoneClusterImpl-210d6028-2152-4683-81ff-347b0d29bb13/datanode-0/data/ratis/fee7dab6-ad62-49ef-b394-1487a2604f1b
2019-09-19 14:21:19,274 [pool-27-thread-1] INFO  server.RaftServerConfigKeys (ConfUtils.java:logGet(43)) - raft.server.log.queue.byte-limit = 2147483647 (custom)
2019-09-19 14:21:19,274 [pool-27-thread-1] INFO  server.RaftServerConfigKeys (ConfUtils.java:logGet(43)) - raft.server.log.queue.element-limit = 1024 (custom)
2019-09-19 14:21:19,274 [pool-27-thread-1] INFO  server.RaftServerConfigKeys (ConfUtils.java:logGet(43)) - raft.server.log.segment.size.max = 1048576 (custom)
2019-09-19 14:21:19,275 [pool-27-thread-1] INFO  server.RaftServerConfigKeys (ConfUtils.java:logGet(43)) - raft.server.log.preallocated.size = 16384 (custom)
2019-09-19 14:21:19,275 [pool-27-thread-1] INFO  server.RaftServerConfigKeys (ConfUtils.java:logGet(43)) - raft.server.log.write.buffer.size = 33554432 (custom)
2019-09-19 14:21:19,275 [pool-27-thread-1] INFO  server.RaftServerConfigKeys (ConfUtils.java:logGet(43)) - raft.server.log.force.sync.num = 128 (default)
2019-09-19 14:21:19,275 [pool-27-thread-1] INFO  server.RaftServerConfigKeys (ConfUtils.java:logGet(43)) - raft.server.log.statemachine.data.sync = true (default)
2019-09-19 14:21:19,275 [pool-27-thread-1] INFO  server.RaftServerConfigKeys (ConfUtils.java:logGet(43)) - raft.server.log.statemachine.data.sync.timeout = 10s (default)
2019-09-19 14:21:19,275 [pool-27-thread-1] INFO  server.RaftServerConfigKeys (ConfUtils.java:logGet(43)) - raft.server.log.statemachine.data.sync.timeout.retry = -1 (default)
2019-09-19 14:21:19,275 [pool-27-thread-1] INFO  server.RaftServerConfigKeys (ConfUtils.java:logGet(43)) - raft.server.log.statemachine.data.caching.enabled = true (custom)
2019-09-19 14:21:19,276 [pool-27-thread-1] INFO  segmented.SegmentedRaftLogWorker (SegmentedRaftLogWorker.java:lambda$new$0(132)) - 85c6a9f3-b9a5-43a5-ac4f-9aa7bd5f2263-SegmentedRaftLogWorker:Storage Directory /workdir/hadoop-ozone/integration-test/target/test-dir/MiniOzoneClusterImpl-210d6028-2152-4683-81ff-347b0d29bb13/datanode-0/data/ratis/fee7dab6-ad62-49ef-b394-1487a2604f1b: flushIndex: setUnconditionally 0 -> -1
2019-09-19 14:21:19,276 [pool-27-thread-1] INFO  server.RaftServerConfigKeys (ConfUtils.java:logGet(43)) - raft.server.snapshot.auto.trigger.enabled = true (custom)
2019-09-19 14:21:19,276 [pool-27-thread-1] INFO  server.RaftServerConfigKeys (ConfUtils.java:logGet(43)) - raft.server.snapshot.auto.trigger.threshold = 10000 (custom)
2019-09-19 14:21:19,276 [pool-27-thread-1] INFO  server.RaftServerConfigKeys (ConfUtils.java:logGet(43)) - raft.server.retrycache.expirytime = 600000ms (custom)
2019-09-19 14:21:19,277 [pool-27-thread-1] INFO  impl.RaftServerImpl (RaftServerImpl.java:start(180)) - 85c6a9f3-b9a5-43a5-ac4f-9aa7bd5f2263: start group-1487A2604F1B
2019-09-19 14:21:19,277 [pool-27-thread-1] INFO  impl.RaftServerImpl (RaftServerImpl.java:setRole(171)) - 85c6a9f3-b9a5-43a5-ac4f-9aa7bd5f2263:group-1487A2604F1B changes role from null to FOLLOWER at term 0 for startAsFollower
2019-09-19 14:21:19,277 [pool-27-thread-1] INFO  impl.RoleInfo (RoleInfo.java:updateAndGet(143)) - 85c6a9f3-b9a5-43a5-ac4f-9aa7bd5f2263: start FollowerState
2019-09-19 14:21:19,277 [pool-27-thread-1] INFO  util.JmxRegister (JmxRegister.java:tryRegister(44)) - Successfully registered JMX Bean with object name Ratis:service=RaftServer,group=group-1487A2604F1B,id=85c6a9f3-b9a5-43a5-ac4f-9aa7bd5f2263
2019-09-19 14:21:19,280 [RatisPipelineUtilsThread] INFO  pipeline.PipelineStateManager (PipelineStateManager.java:addPipeline(56)) - Created pipeline Pipeline[ Id: fee7dab6-ad62-49ef-b394-1487a2604f1b, Nodes: 85c6a9f3-b9a5-43a5-ac4f-9aa7bd5f2263{ip: 192.168.157.226, host: pr-hdds-1569-swxfz-3172132826, networkLocation: /default-rack, certSerialId: null}, Type:RATIS, Factor:ONE, State:OPEN]
2019-09-19 14:21:19,285 [grpc-default-executor-1] INFO  impl.RaftServerProxy (RaftServerProxy.java:addNew(89)) - 306a7a99-f2a5-4f40-b42b-2fc2def08a6a: addNew group-4B237A1118DD:[306a7a99-f2a5-4f40-b42b-2fc2def08a6a:192.168.157.226:42633] returns group-4B237A1118DD:java.util.concurrent.CompletableFuture@1ee25c33[Not completed]
2019-09-19 14:21:19,286 [pool-49-thread-1] INFO  impl.RaftServerImpl (RaftServerImpl.java:<init>(93)) - 306a7a99-f2a5-4f40-b42b-2fc2def08a6a: new RaftServerImpl for group-4B237A1118DD:[306a7a99-f2a5-4f40-b42b-2fc2def08a6a:192.168.157.226:42633] with ContainerStateMachine:uninitialized
2019-09-19 14:21:19,286 [pool-49-thread-1] INFO  server.RaftServerConfigKeys (ConfUtils.java:logGet(43)) - raft.server.rpc.timeout.min = 5s (custom)
2019-09-19 14:21:19,286 [pool-49-thread-1] INFO  server.RaftServerConfigKeys (ConfUtils.java:logGet(43)) - raft.server.rpc.timeout.max = 5200ms (custom)
2019-09-19 14:21:19,286 [pool-49-thread-1] INFO  server.RaftServerConfigKeys (ConfUtils.java:logGet(43)) - raft.server.rpcslowness.timeout = 120s (custom)
2019-09-19 14:21:19,286 [pool-49-thread-1] INFO  server.RaftServerConfigKeys (ConfUtils.java:logGet(43)) - raft.server.sleep.deviation.threshold = 300 (default)
2019-09-19 14:21:19,286 [pool-49-thread-1] INFO  server.RaftServerConfigKeys (ConfUtils.java:logGet(43)) - raft.server.log.appender.install.snapshot.enabled = false (custom)
2019-09-19 14:21:19,286 [pool-49-thread-1] INFO  impl.RaftServerImpl (ServerState.java:<init>(105)) - 306a7a99-f2a5-4f40-b42b-2fc2def08a6a:group-4B237A1118DD ConfigurationManager, init=-1: [306a7a99-f2a5-4f40-b42b-2fc2def08a6a:192.168.157.226:42633], old=null, confs=<EMPTY_MAP>
2019-09-19 14:21:19,290 [pool-49-thread-1] INFO  server.RaftServerConfigKeys (ConfUtils.java:logGet(43)) - raft.server.storage.dir = [/workdir/hadoop-ozone/integration-test/target/test-dir/MiniOzoneClusterImpl-210d6028-2152-4683-81ff-347b0d29bb13/datanode-2/data/ratis] (custom)
2019-09-19 14:21:19,290 [pool-49-thread-1] INFO  storage.RaftStorageDirectory (RaftStorageDirectory.java:analyzeStorage(246)) - The storage directory /workdir/hadoop-ozone/integration-test/target/test-dir/MiniOzoneClusterImpl-210d6028-2152-4683-81ff-347b0d29bb13/datanode-2/data/ratis/e49b5ef4-bea3-4fd5-bafd-4b237a1118dd does not exist. Creating ...
2019-09-19 14:21:19,313 | INFO  | SCMAudit | user=jenkins1000 | ip=192.168.157.226 | op=SEND_HEARTBEAT {datanodeUUID=85c6a9f3-b9a5-43a5-ac4f-9aa7bd5f2263, command=[]} | ret=SUCCESS |  
2019-09-19 14:21:19,316 [pool-49-thread-1] INFO  storage.RaftStorageDirectory (RaftStorageDirectory.java:tryLock(328)) - Lock on /workdir/hadoop-ozone/integration-test/target/test-dir/MiniOzoneClusterImpl-210d6028-2152-4683-81ff-347b0d29bb13/datanode-2/data/ratis/e49b5ef4-bea3-4fd5-bafd-4b237a1118dd/in_use.lock acquired by nodename 16198@pr-hdds-1569-swxfz-3172132826
2019-09-19 14:21:19,336 [pool-49-thread-1] INFO  storage.RaftStorage (RaftStorage.java:format(72)) - Storage directory /workdir/hadoop-ozone/integration-test/target/test-dir/MiniOzoneClusterImpl-210d6028-2152-4683-81ff-347b0d29bb13/datanode-2/data/ratis/e49b5ef4-bea3-4fd5-bafd-4b237a1118dd has been successfully formatted.
2019-09-19 14:21:19,336 [pool-49-thread-1] INFO  ratis.ContainerStateMachine (ContainerStateMachine.java:loadSnapshot(226)) - group-4B237A1118DD: The snapshot info is null. Setting the last applied indexto:(t:0, i:~)
2019-09-19 14:21:19,337 [pool-49-thread-1] INFO  server.RaftServerConfigKeys (ConfUtils.java:logGet(43)) - raft.server.leader.election.timeout = 120s (custom)
2019-09-19 14:21:19,337 [pool-49-thread-1] INFO  server.RaftServerConfigKeys (ConfUtils.java:logGet(43)) - raft.server.log.use.memory = false (default)
2019-09-19 14:21:19,337 [pool-49-thread-1] INFO  server.RaftServerConfigKeys (ConfUtils.java:logGet(43)) - raft.server.log.purge.gap = 1000000 (custom)
2019-09-19 14:21:19,337 [pool-49-thread-1] INFO  server.RaftServerConfigKeys (ConfUtils.java:logGet(43)) - raft.server.log.appender.buffer.byte-limit = 33554432 (custom)
2019-09-19 14:21:19,337 [pool-49-thread-1] INFO  server.RaftServerConfigKeys (ConfUtils.java:logGet(43)) - raft.server.log.segment.size.max = 1048576 (custom)
2019-09-19 14:21:19,337 [pool-49-thread-1] INFO  server.RaftServerConfigKeys (ConfUtils.java:logGet(43)) - raft.server.log.segment.cache.num.max = 2 (custom)
2019-09-19 14:21:19,338 [pool-49-thread-1] INFO  segmented.SegmentedRaftLogWorker (SegmentedRaftLogWorker.java:<init>(172)) - new 306a7a99-f2a5-4f40-b42b-2fc2def08a6a-SegmentedRaftLogWorker:Storage Directory /workdir/hadoop-ozone/integration-test/target/test-dir/MiniOzoneClusterImpl-210d6028-2152-4683-81ff-347b0d29bb13/datanode-2/data/ratis/e49b5ef4-bea3-4fd5-bafd-4b237a1118dd for RaftStorage:Storage Directory /workdir/hadoop-ozone/integration-test/target/test-dir/MiniOzoneClusterImpl-210d6028-2152-4683-81ff-347b0d29bb13/datanode-2/data/ratis/e49b5ef4-bea3-4fd5-bafd-4b237a1118dd
2019-09-19 14:21:19,338 [pool-49-thread-1] INFO  server.RaftServerConfigKeys (ConfUtils.java:logGet(43)) - raft.server.log.queue.byte-limit = 2147483647 (custom)
2019-09-19 14:21:19,338 [pool-49-thread-1] INFO  server.RaftServerConfigKeys (ConfUtils.java:logGet(43)) - raft.server.log.queue.element-limit = 1024 (custom)
2019-09-19 14:21:19,338 [pool-49-thread-1] INFO  server.RaftServerConfigKeys (ConfUtils.java:logGet(43)) - raft.server.log.segment.size.max = 1048576 (custom)
2019-09-19 14:21:19,338 [pool-49-thread-1] INFO  server.RaftServerConfigKeys (ConfUtils.java:logGet(43)) - raft.server.log.preallocated.size = 16384 (custom)
2019-09-19 14:21:19,338 [pool-49-thread-1] INFO  server.RaftServerConfigKeys (ConfUtils.java:logGet(43)) - raft.server.log.write.buffer.size = 33554432 (custom)
2019-09-19 14:21:19,339 [pool-49-thread-1] INFO  server.RaftServerConfigKeys (ConfUtils.java:logGet(43)) - raft.server.log.force.sync.num = 128 (default)
2019-09-19 14:21:19,339 [pool-49-thread-1] INFO  server.RaftServerConfigKeys (ConfUtils.java:logGet(43)) - raft.server.log.statemachine.data.sync = true (default)
2019-09-19 14:21:19,339 [pool-49-thread-1] INFO  server.RaftServerConfigKeys (ConfUtils.java:logGet(43)) - raft.server.log.statemachine.data.sync.timeout = 10s (default)
2019-09-19 14:21:19,339 [pool-49-thread-1] INFO  server.RaftServerConfigKeys (ConfUtils.java:logGet(43)) - raft.server.log.statemachine.data.sync.timeout.retry = -1 (default)
2019-09-19 14:21:19,339 [pool-49-thread-1] INFO  server.RaftServerConfigKeys (ConfUtils.java:logGet(43)) - raft.server.log.statemachine.data.caching.enabled = true (custom)
2019-09-19 14:21:19,340 [pool-49-thread-1] INFO  segmented.SegmentedRaftLogWorker (SegmentedRaftLogWorker.java:lambda$new$0(132)) - 306a7a99-f2a5-4f40-b42b-2fc2def08a6a-SegmentedRaftLogWorker:Storage Directory /workdir/hadoop-ozone/integration-test/target/test-dir/MiniOzoneClusterImpl-210d6028-2152-4683-81ff-347b0d29bb13/datanode-2/data/ratis/e49b5ef4-bea3-4fd5-bafd-4b237a1118dd: flushIndex: setUnconditionally 0 -> -1
2019-09-19 14:21:19,340 [pool-49-thread-1] INFO  server.RaftServerConfigKeys (ConfUtils.java:logGet(43)) - raft.server.snapshot.auto.trigger.enabled = true (custom)
2019-09-19 14:21:19,340 [pool-49-thread-1] INFO  server.RaftServerConfigKeys (ConfUtils.java:logGet(43)) - raft.server.snapshot.auto.trigger.threshold = 10000 (custom)
2019-09-19 14:21:19,341 [pool-49-thread-1] INFO  server.RaftServerConfigKeys (ConfUtils.java:logGet(43)) - raft.server.retrycache.expirytime = 600000ms (custom)
2019-09-19 14:21:19,341 [pool-49-thread-1] INFO  impl.RaftServerImpl (RaftServerImpl.java:start(180)) - 306a7a99-f2a5-4f40-b42b-2fc2def08a6a: start group-4B237A1118DD
2019-09-19 14:21:19,341 [pool-49-thread-1] INFO  impl.RaftServerImpl (RaftServerImpl.java:setRole(171)) - 306a7a99-f2a5-4f40-b42b-2fc2def08a6a:group-4B237A1118DD changes role from null to FOLLOWER at term 0 for startAsFollower
2019-09-19 14:21:19,341 [pool-49-thread-1] INFO  impl.RoleInfo (RoleInfo.java:updateAndGet(143)) - 306a7a99-f2a5-4f40-b42b-2fc2def08a6a: start FollowerState
2019-09-19 14:21:19,342 [pool-49-thread-1] INFO  util.JmxRegister (JmxRegister.java:tryRegister(44)) - Successfully registered JMX Bean with object name Ratis:service=RaftServer,group=group-4B237A1118DD,id=306a7a99-f2a5-4f40-b42b-2fc2def08a6a
2019-09-19 14:21:19,345 [RatisPipelineUtilsThread] INFO  pipeline.PipelineStateManager (PipelineStateManager.java:addPipeline(56)) - Created pipeline Pipeline[ Id: e49b5ef4-bea3-4fd5-bafd-4b237a1118dd, Nodes: 306a7a99-f2a5-4f40-b42b-2fc2def08a6a{ip: 192.168.157.226, host: pr-hdds-1569-swxfz-3172132826, networkLocation: /default-rack, certSerialId: null}, Type:RATIS, Factor:ONE, State:OPEN]
2019-09-19 14:21:19,350 [grpc-default-executor-1] INFO  impl.RaftServerProxy (RaftServerProxy.java:addNew(89)) - 5dfaa0ea-416a-422c-a75d-43311aceb00a: addNew group-F7C7A6E62060:[5dfaa0ea-416a-422c-a75d-43311aceb00a:192.168.157.226:45629] returns group-F7C7A6E62060:java.util.concurrent.CompletableFuture@3b02b759[Not completed]
2019-09-19 14:21:19,351 [pool-38-thread-1] INFO  impl.RaftServerImpl (RaftServerImpl.java:<init>(93)) - 5dfaa0ea-416a-422c-a75d-43311aceb00a: new RaftServerImpl for group-F7C7A6E62060:[5dfaa0ea-416a-422c-a75d-43311aceb00a:192.168.157.226:45629] with ContainerStateMachine:uninitialized
2019-09-19 14:21:19,351 [pool-38-thread-1] INFO  server.RaftServerConfigKeys (ConfUtils.java:logGet(43)) - raft.server.rpc.timeout.min = 5s (custom)
2019-09-19 14:21:19,351 [pool-38-thread-1] INFO  server.RaftServerConfigKeys (ConfUtils.java:logGet(43)) - raft.server.rpc.timeout.max = 5200ms (custom)
2019-09-19 14:21:19,351 [pool-38-thread-1] INFO  server.RaftServerConfigKeys (ConfUtils.java:logGet(43)) - raft.server.rpcslowness.timeout = 120s (custom)
2019-09-19 14:21:19,352 [pool-38-thread-1] INFO  server.RaftServerConfigKeys (ConfUtils.java:logGet(43)) - raft.server.sleep.deviation.threshold = 300 (default)
2019-09-19 14:21:19,352 [pool-38-thread-1] INFO  server.RaftServerConfigKeys (ConfUtils.java:logGet(43)) - raft.server.log.appender.install.snapshot.enabled = false (custom)
2019-09-19 14:21:19,352 [pool-38-thread-1] INFO  impl.RaftServerImpl (ServerState.java:<init>(105)) - 5dfaa0ea-416a-422c-a75d-43311aceb00a:group-F7C7A6E62060 ConfigurationManager, init=-1: [5dfaa0ea-416a-422c-a75d-43311aceb00a:192.168.157.226:45629], old=null, confs=<EMPTY_MAP>
2019-09-19 14:21:19,352 [pool-38-thread-1] INFO  server.RaftServerConfigKeys (ConfUtils.java:logGet(43)) - raft.server.storage.dir = [/workdir/hadoop-ozone/integration-test/target/test-dir/MiniOzoneClusterImpl-210d6028-2152-4683-81ff-347b0d29bb13/datanode-1/data/ratis] (custom)
2019-09-19 14:21:19,353 [pool-38-thread-1] INFO  storage.RaftStorageDirectory (RaftStorageDirectory.java:analyzeStorage(246)) - The storage directory /workdir/hadoop-ozone/integration-test/target/test-dir/MiniOzoneClusterImpl-210d6028-2152-4683-81ff-347b0d29bb13/datanode-1/data/ratis/84cf22a1-838d-4eb2-8223-f7c7a6e62060 does not exist. Creating ...
2019-09-19 14:21:19,366 [pool-38-thread-1] INFO  storage.RaftStorageDirectory (RaftStorageDirectory.java:tryLock(328)) - Lock on /workdir/hadoop-ozone/integration-test/target/test-dir/MiniOzoneClusterImpl-210d6028-2152-4683-81ff-347b0d29bb13/datanode-1/data/ratis/84cf22a1-838d-4eb2-8223-f7c7a6e62060/in_use.lock acquired by nodename 16198@pr-hdds-1569-swxfz-3172132826
2019-09-19 14:21:19,379 [pool-38-thread-1] INFO  storage.RaftStorage (RaftStorage.java:format(72)) - Storage directory /workdir/hadoop-ozone/integration-test/target/test-dir/MiniOzoneClusterImpl-210d6028-2152-4683-81ff-347b0d29bb13/datanode-1/data/ratis/84cf22a1-838d-4eb2-8223-f7c7a6e62060 has been successfully formatted.
2019-09-19 14:21:19,379 [pool-38-thread-1] INFO  ratis.ContainerStateMachine (ContainerStateMachine.java:loadSnapshot(226)) - group-F7C7A6E62060: The snapshot info is null. Setting the last applied indexto:(t:0, i:~)
2019-09-19 14:21:19,379 [pool-38-thread-1] INFO  server.RaftServerConfigKeys (ConfUtils.java:logGet(43)) - raft.server.leader.election.timeout = 120s (custom)
2019-09-19 14:21:19,379 [pool-38-thread-1] INFO  server.RaftServerConfigKeys (ConfUtils.java:logGet(43)) - raft.server.log.use.memory = false (default)
2019-09-19 14:21:19,379 [pool-38-thread-1] INFO  server.RaftServerConfigKeys (ConfUtils.java:logGet(43)) - raft.server.log.purge.gap = 1000000 (custom)
2019-09-19 14:21:19,380 [pool-38-thread-1] INFO  server.RaftServerConfigKeys (ConfUtils.java:logGet(43)) - raft.server.log.appender.buffer.byte-limit = 33554432 (custom)
2019-09-19 14:21:19,380 [pool-38-thread-1] INFO  server.RaftServerConfigKeys (ConfUtils.java:logGet(43)) - raft.server.log.segment.size.max = 1048576 (custom)
2019-09-19 14:21:19,380 [pool-38-thread-1] INFO  server.RaftServerConfigKeys (ConfUtils.java:logGet(43)) - raft.server.log.segment.cache.num.max = 2 (custom)
2019-09-19 14:21:19,380 [pool-38-thread-1] INFO  segmented.SegmentedRaftLogWorker (SegmentedRaftLogWorker.java:<init>(172)) - new 5dfaa0ea-416a-422c-a75d-43311aceb00a-SegmentedRaftLogWorker:Storage Directory /workdir/hadoop-ozone/integration-test/target/test-dir/MiniOzoneClusterImpl-210d6028-2152-4683-81ff-347b0d29bb13/datanode-1/data/ratis/84cf22a1-838d-4eb2-8223-f7c7a6e62060 for RaftStorage:Storage Directory /workdir/hadoop-ozone/integration-test/target/test-dir/MiniOzoneClusterImpl-210d6028-2152-4683-81ff-347b0d29bb13/datanode-1/data/ratis/84cf22a1-838d-4eb2-8223-f7c7a6e62060
2019-09-19 14:21:19,380 [pool-38-thread-1] INFO  server.RaftServerConfigKeys (ConfUtils.java:logGet(43)) - raft.server.log.queue.byte-limit = 2147483647 (custom)
2019-09-19 14:21:19,380 [pool-38-thread-1] INFO  server.RaftServerConfigKeys (ConfUtils.java:logGet(43)) - raft.server.log.queue.element-limit = 1024 (custom)
2019-09-19 14:21:19,381 [pool-38-thread-1] INFO  server.RaftServerConfigKeys (ConfUtils.java:logGet(43)) - raft.server.log.segment.size.max = 1048576 (custom)
2019-09-19 14:21:19,381 [pool-38-thread-1] INFO  server.RaftServerConfigKeys (ConfUtils.java:logGet(43)) - raft.server.log.preallocated.size = 16384 (custom)
2019-09-19 14:21:19,381 [pool-38-thread-1] INFO  server.RaftServerConfigKeys (ConfUtils.java:logGet(43)) - raft.server.log.write.buffer.size = 33554432 (custom)
2019-09-19 14:21:19,381 [pool-38-thread-1] INFO  server.RaftServerConfigKeys (ConfUtils.java:logGet(43)) - raft.server.log.force.sync.num = 128 (default)
2019-09-19 14:21:19,381 [pool-38-thread-1] INFO  server.RaftServerConfigKeys (ConfUtils.java:logGet(43)) - raft.server.log.statemachine.data.sync = true (default)
2019-09-19 14:21:19,381 [pool-38-thread-1] INFO  server.RaftServerConfigKeys (ConfUtils.java:logGet(43)) - raft.server.log.statemachine.data.sync.timeout = 10s (default)
2019-09-19 14:21:19,381 [pool-38-thread-1] INFO  server.RaftServerConfigKeys (ConfUtils.java:logGet(43)) - raft.server.log.statemachine.data.sync.timeout.retry = -1 (default)
2019-09-19 14:21:19,382 [pool-38-thread-1] INFO  server.RaftServerConfigKeys (ConfUtils.java:logGet(43)) - raft.server.log.statemachine.data.caching.enabled = true (custom)
2019-09-19 14:21:19,382 [pool-38-thread-1] INFO  segmented.SegmentedRaftLogWorker (SegmentedRaftLogWorker.java:lambda$new$0(132)) - 5dfaa0ea-416a-422c-a75d-43311aceb00a-SegmentedRaftLogWorker:Storage Directory /workdir/hadoop-ozone/integration-test/target/test-dir/MiniOzoneClusterImpl-210d6028-2152-4683-81ff-347b0d29bb13/datanode-1/data/ratis/84cf22a1-838d-4eb2-8223-f7c7a6e62060: flushIndex: setUnconditionally 0 -> -1
2019-09-19 14:21:19,382 [pool-38-thread-1] INFO  server.RaftServerConfigKeys (ConfUtils.java:logGet(43)) - raft.server.snapshot.auto.trigger.enabled = true (custom)
2019-09-19 14:21:19,382 [pool-38-thread-1] INFO  server.RaftServerConfigKeys (ConfUtils.java:logGet(43)) - raft.server.snapshot.auto.trigger.threshold = 10000 (custom)
2019-09-19 14:21:19,383 [pool-38-thread-1] INFO  server.RaftServerConfigKeys (ConfUtils.java:logGet(43)) - raft.server.retrycache.expirytime = 600000ms (custom)
2019-09-19 14:21:19,383 [pool-38-thread-1] INFO  impl.RaftServerImpl (RaftServerImpl.java:start(180)) - 5dfaa0ea-416a-422c-a75d-43311aceb00a: start group-F7C7A6E62060
2019-09-19 14:21:19,383 [pool-38-thread-1] INFO  impl.RaftServerImpl (RaftServerImpl.java:setRole(171)) - 5dfaa0ea-416a-422c-a75d-43311aceb00a:group-F7C7A6E62060 changes role from null to FOLLOWER at term 0 for startAsFollower
2019-09-19 14:21:19,383 [pool-38-thread-1] INFO  impl.RoleInfo (RoleInfo.java:updateAndGet(143)) - 5dfaa0ea-416a-422c-a75d-43311aceb00a: start FollowerState
2019-09-19 14:21:19,384 [pool-38-thread-1] INFO  util.JmxRegister (JmxRegister.java:tryRegister(44)) - Successfully registered JMX Bean with object name Ratis:service=RaftServer,group=group-F7C7A6E62060,id=5dfaa0ea-416a-422c-a75d-43311aceb00a
2019-09-19 14:21:19,386 [RatisPipelineUtilsThread] INFO  pipeline.PipelineStateManager (PipelineStateManager.java:addPipeline(56)) - Created pipeline Pipeline[ Id: 84cf22a1-838d-4eb2-8223-f7c7a6e62060, Nodes: 5dfaa0ea-416a-422c-a75d-43311aceb00a{ip: 192.168.157.226, host: pr-hdds-1569-swxfz-3172132826, networkLocation: /default-rack, certSerialId: null}, Type:RATIS, Factor:ONE, State:OPEN]
2019-09-19 14:21:19,390 [grpc-default-executor-1] INFO  impl.RaftServerProxy (RaftServerProxy.java:addNew(89)) - 431517c4-8c09-4790-b37b-2e132c8143ad: addNew group-88D967718BDF:[431517c4-8c09-4790-b37b-2e132c8143ad:192.168.157.226:40911] returns group-88D967718BDF:java.util.concurrent.CompletableFuture@7c2ea1e7[Not completed]
2019-09-19 14:21:19,391 [pool-82-thread-1] INFO  impl.RaftServerImpl (RaftServerImpl.java:<init>(93)) - 431517c4-8c09-4790-b37b-2e132c8143ad: new RaftServerImpl for group-88D967718BDF:[431517c4-8c09-4790-b37b-2e132c8143ad:192.168.157.226:40911] with ContainerStateMachine:uninitialized
2019-09-19 14:21:19,392 [pool-82-thread-1] INFO  server.RaftServerConfigKeys (ConfUtils.java:logGet(43)) - raft.server.rpc.timeout.min = 5s (custom)
2019-09-19 14:21:19,392 [pool-82-thread-1] INFO  server.RaftServerConfigKeys (ConfUtils.java:logGet(43)) - raft.server.rpc.timeout.max = 5200ms (custom)
2019-09-19 14:21:19,392 [pool-82-thread-1] INFO  server.RaftServerConfigKeys (ConfUtils.java:logGet(43)) - raft.server.rpcslowness.timeout = 120s (custom)
2019-09-19 14:21:19,392 [pool-82-thread-1] INFO  server.RaftServerConfigKeys (ConfUtils.java:logGet(43)) - raft.server.sleep.deviation.threshold = 300 (default)
2019-09-19 14:21:19,392 [pool-82-thread-1] INFO  server.RaftServerConfigKeys (ConfUtils.java:logGet(43)) - raft.server.log.appender.install.snapshot.enabled = false (custom)
2019-09-19 14:21:19,392 [pool-82-thread-1] INFO  impl.RaftServerImpl (ServerState.java:<init>(105)) - 431517c4-8c09-4790-b37b-2e132c8143ad:group-88D967718BDF ConfigurationManager, init=-1: [431517c4-8c09-4790-b37b-2e132c8143ad:192.168.157.226:40911], old=null, confs=<EMPTY_MAP>
2019-09-19 14:21:19,392 [pool-82-thread-1] INFO  server.RaftServerConfigKeys (ConfUtils.java:logGet(43)) - raft.server.storage.dir = [/workdir/hadoop-ozone/integration-test/target/test-dir/MiniOzoneClusterImpl-210d6028-2152-4683-81ff-347b0d29bb13/datanode-5/data/ratis] (custom)
2019-09-19 14:21:19,393 [pool-82-thread-1] INFO  storage.RaftStorageDirectory (RaftStorageDirectory.java:analyzeStorage(246)) - The storage directory /workdir/hadoop-ozone/integration-test/target/test-dir/MiniOzoneClusterImpl-210d6028-2152-4683-81ff-347b0d29bb13/datanode-5/data/ratis/131aa170-30be-469e-9d4d-88d967718bdf does not exist. Creating ...
2019-09-19 14:21:19,406 [pool-82-thread-1] INFO  storage.RaftStorageDirectory (RaftStorageDirectory.java:tryLock(328)) - Lock on /workdir/hadoop-ozone/integration-test/target/test-dir/MiniOzoneClusterImpl-210d6028-2152-4683-81ff-347b0d29bb13/datanode-5/data/ratis/131aa170-30be-469e-9d4d-88d967718bdf/in_use.lock acquired by nodename 16198@pr-hdds-1569-swxfz-3172132826
2019-09-19 14:21:19,419 [pool-82-thread-1] INFO  storage.RaftStorage (RaftStorage.java:format(72)) - Storage directory /workdir/hadoop-ozone/integration-test/target/test-dir/MiniOzoneClusterImpl-210d6028-2152-4683-81ff-347b0d29bb13/datanode-5/data/ratis/131aa170-30be-469e-9d4d-88d967718bdf has been successfully formatted.
2019-09-19 14:21:19,419 [pool-82-thread-1] INFO  ratis.ContainerStateMachine (ContainerStateMachine.java:loadSnapshot(226)) - group-88D967718BDF: The snapshot info is null. Setting the last applied indexto:(t:0, i:~)
2019-09-19 14:21:19,420 [pool-82-thread-1] INFO  server.RaftServerConfigKeys (ConfUtils.java:logGet(43)) - raft.server.leader.election.timeout = 120s (custom)
2019-09-19 14:21:19,420 [pool-82-thread-1] INFO  server.RaftServerConfigKeys (ConfUtils.java:logGet(43)) - raft.server.log.use.memory = false (default)
2019-09-19 14:21:19,420 [pool-82-thread-1] INFO  server.RaftServerConfigKeys (ConfUtils.java:logGet(43)) - raft.server.log.purge.gap = 1000000 (custom)
2019-09-19 14:21:19,420 [pool-82-thread-1] INFO  server.RaftServerConfigKeys (ConfUtils.java:logGet(43)) - raft.server.log.appender.buffer.byte-limit = 33554432 (custom)
2019-09-19 14:21:19,420 [pool-82-thread-1] INFO  server.RaftServerConfigKeys (ConfUtils.java:logGet(43)) - raft.server.log.segment.size.max = 1048576 (custom)
2019-09-19 14:21:19,420 [pool-82-thread-1] INFO  server.RaftServerConfigKeys (ConfUtils.java:logGet(43)) - raft.server.log.segment.cache.num.max = 2 (custom)
2019-09-19 14:21:19,421 [pool-82-thread-1] INFO  segmented.SegmentedRaftLogWorker (SegmentedRaftLogWorker.java:<init>(172)) - new 431517c4-8c09-4790-b37b-2e132c8143ad-SegmentedRaftLogWorker:Storage Directory /workdir/hadoop-ozone/integration-test/target/test-dir/MiniOzoneClusterImpl-210d6028-2152-4683-81ff-347b0d29bb13/datanode-5/data/ratis/131aa170-30be-469e-9d4d-88d967718bdf for RaftStorage:Storage Directory /workdir/hadoop-ozone/integration-test/target/test-dir/MiniOzoneClusterImpl-210d6028-2152-4683-81ff-347b0d29bb13/datanode-5/data/ratis/131aa170-30be-469e-9d4d-88d967718bdf
2019-09-19 14:21:19,421 [pool-82-thread-1] INFO  server.RaftServerConfigKeys (ConfUtils.java:logGet(43)) - raft.server.log.queue.byte-limit = 2147483647 (custom)
2019-09-19 14:21:19,421 [pool-82-thread-1] INFO  server.RaftServerConfigKeys (ConfUtils.java:logGet(43)) - raft.server.log.queue.element-limit = 1024 (custom)
2019-09-19 14:21:19,421 [pool-82-thread-1] INFO  server.RaftServerConfigKeys (ConfUtils.java:logGet(43)) - raft.server.log.segment.size.max = 1048576 (custom)
2019-09-19 14:21:19,421 [pool-82-thread-1] INFO  server.RaftServerConfigKeys (ConfUtils.java:logGet(43)) - raft.server.log.preallocated.size = 16384 (custom)
2019-09-19 14:21:19,421 [pool-82-thread-1] INFO  server.RaftServerConfigKeys (ConfUtils.java:logGet(43)) - raft.server.log.write.buffer.size = 33554432 (custom)
2019-09-19 14:21:19,421 [pool-82-thread-1] INFO  server.RaftServerConfigKeys (ConfUtils.java:logGet(43)) - raft.server.log.force.sync.num = 128 (default)
2019-09-19 14:21:19,421 [pool-82-thread-1] INFO  server.RaftServerConfigKeys (ConfUtils.java:logGet(43)) - raft.server.log.statemachine.data.sync = true (default)
2019-09-19 14:21:19,422 [pool-82-thread-1] INFO  server.RaftServerConfigKeys (ConfUtils.java:logGet(43)) - raft.server.log.statemachine.data.sync.timeout = 10s (default)
2019-09-19 14:21:19,422 [pool-82-thread-1] INFO  server.RaftServerConfigKeys (ConfUtils.java:logGet(43)) - raft.server.log.statemachine.data.sync.timeout.retry = -1 (default)
2019-09-19 14:21:19,422 [pool-82-thread-1] INFO  server.RaftServerConfigKeys (ConfUtils.java:logGet(43)) - raft.server.log.statemachine.data.caching.enabled = true (custom)
2019-09-19 14:21:19,422 [pool-82-thread-1] INFO  segmented.SegmentedRaftLogWorker (SegmentedRaftLogWorker.java:lambda$new$0(132)) - 431517c4-8c09-4790-b37b-2e132c8143ad-SegmentedRaftLogWorker:Storage Directory /workdir/hadoop-ozone/integration-test/target/test-dir/MiniOzoneClusterImpl-210d6028-2152-4683-81ff-347b0d29bb13/datanode-5/data/ratis/131aa170-30be-469e-9d4d-88d967718bdf: flushIndex: setUnconditionally 0 -> -1
2019-09-19 14:21:19,423 [pool-82-thread-1] INFO  server.RaftServerConfigKeys (ConfUtils.java:logGet(43)) - raft.server.snapshot.auto.trigger.enabled = true (custom)
2019-09-19 14:21:19,423 [pool-82-thread-1] INFO  server.RaftServerConfigKeys (ConfUtils.java:logGet(43)) - raft.server.snapshot.auto.trigger.threshold = 10000 (custom)
2019-09-19 14:21:19,423 [pool-82-thread-1] INFO  server.RaftServerConfigKeys (ConfUtils.java:logGet(43)) - raft.server.retrycache.expirytime = 600000ms (custom)
2019-09-19 14:21:19,423 [pool-82-thread-1] INFO  impl.RaftServerImpl (RaftServerImpl.java:start(180)) - 431517c4-8c09-4790-b37b-2e132c8143ad: start group-88D967718BDF
2019-09-19 14:21:19,423 [pool-82-thread-1] INFO  impl.RaftServerImpl (RaftServerImpl.java:setRole(171)) - 431517c4-8c09-4790-b37b-2e132c8143ad:group-88D967718BDF changes role from null to FOLLOWER at term 0 for startAsFollower
2019-09-19 14:21:19,423 [pool-82-thread-1] INFO  impl.RoleInfo (RoleInfo.java:updateAndGet(143)) - 431517c4-8c09-4790-b37b-2e132c8143ad: start FollowerState
2019-09-19 14:21:19,424 [pool-82-thread-1] INFO  util.JmxRegister (JmxRegister.java:tryRegister(44)) - Successfully registered JMX Bean with object name Ratis:service=RaftServer,group=group-88D967718BDF,id=431517c4-8c09-4790-b37b-2e132c8143ad
2019-09-19 14:21:19,426 [RatisPipelineUtilsThread] INFO  pipeline.PipelineStateManager (PipelineStateManager.java:addPipeline(56)) - Created pipeline Pipeline[ Id: 131aa170-30be-469e-9d4d-88d967718bdf, Nodes: 431517c4-8c09-4790-b37b-2e132c8143ad{ip: 192.168.157.226, host: pr-hdds-1569-swxfz-3172132826, networkLocation: /default-rack, certSerialId: null}, Type:RATIS, Factor:ONE, State:OPEN]
2019-09-19 14:21:19,431 [grpc-default-executor-1] INFO  impl.RaftServerProxy (RaftServerProxy.java:addNew(89)) - 5dfaa0ea-416a-422c-a75d-43311aceb00a: addNew group-99527B0F1D6C:[5dfaa0ea-416a-422c-a75d-43311aceb00a:192.168.157.226:45629] returns group-99527B0F1D6C:java.util.concurrent.CompletableFuture@21a173bd[Not completed]
2019-09-19 14:21:19,432 [pool-38-thread-1] INFO  impl.RaftServerImpl (RaftServerImpl.java:<init>(93)) - 5dfaa0ea-416a-422c-a75d-43311aceb00a: new RaftServerImpl for group-99527B0F1D6C:[5dfaa0ea-416a-422c-a75d-43311aceb00a:192.168.157.226:45629] with ContainerStateMachine:uninitialized
2019-09-19 14:21:19,432 [pool-38-thread-1] INFO  server.RaftServerConfigKeys (ConfUtils.java:logGet(43)) - raft.server.rpc.timeout.min = 5s (custom)
2019-09-19 14:21:19,432 [pool-38-thread-1] INFO  server.RaftServerConfigKeys (ConfUtils.java:logGet(43)) - raft.server.rpc.timeout.max = 5200ms (custom)
2019-09-19 14:21:19,432 [pool-38-thread-1] INFO  server.RaftServerConfigKeys (ConfUtils.java:logGet(43)) - raft.server.rpcslowness.timeout = 120s (custom)
2019-09-19 14:21:19,433 [pool-38-thread-1] INFO  server.RaftServerConfigKeys (ConfUtils.java:logGet(43)) - raft.server.sleep.deviation.threshold = 300 (default)
2019-09-19 14:21:19,433 [pool-38-thread-1] INFO  server.RaftServerConfigKeys (ConfUtils.java:logGet(43)) - raft.server.log.appender.install.snapshot.enabled = false (custom)
2019-09-19 14:21:19,433 [pool-38-thread-1] INFO  impl.RaftServerImpl (ServerState.java:<init>(105)) - 5dfaa0ea-416a-422c-a75d-43311aceb00a:group-99527B0F1D6C ConfigurationManager, init=-1: [5dfaa0ea-416a-422c-a75d-43311aceb00a:192.168.157.226:45629], old=null, confs=<EMPTY_MAP>
2019-09-19 14:21:19,433 [pool-38-thread-1] INFO  server.RaftServerConfigKeys (ConfUtils.java:logGet(43)) - raft.server.storage.dir = [/workdir/hadoop-ozone/integration-test/target/test-dir/MiniOzoneClusterImpl-210d6028-2152-4683-81ff-347b0d29bb13/datanode-1/data/ratis] (custom)
2019-09-19 14:21:19,433 [pool-38-thread-1] INFO  storage.RaftStorageDirectory (RaftStorageDirectory.java:analyzeStorage(246)) - The storage directory /workdir/hadoop-ozone/integration-test/target/test-dir/MiniOzoneClusterImpl-210d6028-2152-4683-81ff-347b0d29bb13/datanode-1/data/ratis/eda21a42-e9b2-448c-bdc3-99527b0f1d6c does not exist. Creating ...
2019-09-19 14:21:19,446 [pool-38-thread-1] INFO  storage.RaftStorageDirectory (RaftStorageDirectory.java:tryLock(328)) - Lock on /workdir/hadoop-ozone/integration-test/target/test-dir/MiniOzoneClusterImpl-210d6028-2152-4683-81ff-347b0d29bb13/datanode-1/data/ratis/eda21a42-e9b2-448c-bdc3-99527b0f1d6c/in_use.lock acquired by nodename 16198@pr-hdds-1569-swxfz-3172132826
2019-09-19 14:21:19,459 [pool-38-thread-1] INFO  storage.RaftStorage (RaftStorage.java:format(72)) - Storage directory /workdir/hadoop-ozone/integration-test/target/test-dir/MiniOzoneClusterImpl-210d6028-2152-4683-81ff-347b0d29bb13/datanode-1/data/ratis/eda21a42-e9b2-448c-bdc3-99527b0f1d6c has been successfully formatted.
2019-09-19 14:21:19,460 [pool-38-thread-1] INFO  ratis.ContainerStateMachine (ContainerStateMachine.java:loadSnapshot(226)) - group-99527B0F1D6C: The snapshot info is null. Setting the last applied indexto:(t:0, i:~)
2019-09-19 14:21:19,460 [pool-38-thread-1] INFO  server.RaftServerConfigKeys (ConfUtils.java:logGet(43)) - raft.server.leader.election.timeout = 120s (custom)
2019-09-19 14:21:19,460 [pool-38-thread-1] INFO  server.RaftServerConfigKeys (ConfUtils.java:logGet(43)) - raft.server.log.use.memory = false (default)
2019-09-19 14:21:19,460 [pool-38-thread-1] INFO  server.RaftServerConfigKeys (ConfUtils.java:logGet(43)) - raft.server.log.purge.gap = 1000000 (custom)
2019-09-19 14:21:19,460 [pool-38-thread-1] INFO  server.RaftServerConfigKeys (ConfUtils.java:logGet(43)) - raft.server.log.appender.buffer.byte-limit = 33554432 (custom)
2019-09-19 14:21:19,460 [pool-38-thread-1] INFO  server.RaftServerConfigKeys (ConfUtils.java:logGet(43)) - raft.server.log.segment.size.max = 1048576 (custom)
2019-09-19 14:21:19,460 [pool-38-thread-1] INFO  server.RaftServerConfigKeys (ConfUtils.java:logGet(43)) - raft.server.log.segment.cache.num.max = 2 (custom)
2019-09-19 14:21:19,461 [pool-38-thread-1] INFO  segmented.SegmentedRaftLogWorker (SegmentedRaftLogWorker.java:<init>(172)) - new 5dfaa0ea-416a-422c-a75d-43311aceb00a-SegmentedRaftLogWorker:Storage Directory /workdir/hadoop-ozone/integration-test/target/test-dir/MiniOzoneClusterImpl-210d6028-2152-4683-81ff-347b0d29bb13/datanode-1/data/ratis/eda21a42-e9b2-448c-bdc3-99527b0f1d6c for RaftStorage:Storage Directory /workdir/hadoop-ozone/integration-test/target/test-dir/MiniOzoneClusterImpl-210d6028-2152-4683-81ff-347b0d29bb13/datanode-1/data/ratis/eda21a42-e9b2-448c-bdc3-99527b0f1d6c
2019-09-19 14:21:19,461 [pool-38-thread-1] INFO  server.RaftServerConfigKeys (ConfUtils.java:logGet(43)) - raft.server.log.queue.byte-limit = 2147483647 (custom)
2019-09-19 14:21:19,461 [pool-38-thread-1] INFO  server.RaftServerConfigKeys (ConfUtils.java:logGet(43)) - raft.server.log.queue.element-limit = 1024 (custom)
2019-09-19 14:21:19,461 [pool-38-thread-1] INFO  server.RaftServerConfigKeys (ConfUtils.java:logGet(43)) - raft.server.log.segment.size.max = 1048576 (custom)
2019-09-19 14:21:19,461 [pool-38-thread-1] INFO  server.RaftServerConfigKeys (ConfUtils.java:logGet(43)) - raft.server.log.preallocated.size = 16384 (custom)
2019-09-19 14:21:19,461 [pool-38-thread-1] INFO  server.RaftServerConfigKeys (ConfUtils.java:logGet(43)) - raft.server.log.write.buffer.size = 33554432 (custom)
2019-09-19 14:21:19,461 [pool-38-thread-1] INFO  server.RaftServerConfigKeys (ConfUtils.java:logGet(43)) - raft.server.log.force.sync.num = 128 (default)
2019-09-19 14:21:19,462 [pool-38-thread-1] INFO  server.RaftServerConfigKeys (ConfUtils.java:logGet(43)) - raft.server.log.statemachine.data.sync = true (default)
2019-09-19 14:21:19,462 [pool-38-thread-1] INFO  server.RaftServerConfigKeys (ConfUtils.java:logGet(43)) - raft.server.log.statemachine.data.sync.timeout = 10s (default)
2019-09-19 14:21:19,462 [pool-38-thread-1] INFO  server.RaftServerConfigKeys (ConfUtils.java:logGet(43)) - raft.server.log.statemachine.data.sync.timeout.retry = -1 (default)
2019-09-19 14:21:19,462 [pool-38-thread-1] INFO  server.RaftServerConfigKeys (ConfUtils.java:logGet(43)) - raft.server.log.statemachine.data.caching.enabled = true (custom)
2019-09-19 14:21:19,462 [pool-38-thread-1] INFO  segmented.SegmentedRaftLogWorker (SegmentedRaftLogWorker.java:lambda$new$0(132)) - 5dfaa0ea-416a-422c-a75d-43311aceb00a-SegmentedRaftLogWorker:Storage Directory /workdir/hadoop-ozone/integration-test/target/test-dir/MiniOzoneClusterImpl-210d6028-2152-4683-81ff-347b0d29bb13/datanode-1/data/ratis/eda21a42-e9b2-448c-bdc3-99527b0f1d6c: flushIndex: setUnconditionally 0 -> -1
2019-09-19 14:21:19,463 [pool-38-thread-1] INFO  server.RaftServerConfigKeys (ConfUtils.java:logGet(43)) - raft.server.snapshot.auto.trigger.enabled = true (custom)
2019-09-19 14:21:19,463 [pool-38-thread-1] INFO  server.RaftServerConfigKeys (ConfUtils.java:logGet(43)) - raft.server.snapshot.auto.trigger.threshold = 10000 (custom)
2019-09-19 14:21:19,463 [pool-38-thread-1] INFO  server.RaftServerConfigKeys (ConfUtils.java:logGet(43)) - raft.server.retrycache.expirytime = 600000ms (custom)
2019-09-19 14:21:19,463 [pool-38-thread-1] INFO  impl.RaftServerImpl (RaftServerImpl.java:start(180)) - 5dfaa0ea-416a-422c-a75d-43311aceb00a: start group-99527B0F1D6C
2019-09-19 14:21:19,463 [pool-38-thread-1] INFO  impl.RaftServerImpl (RaftServerImpl.java:setRole(171)) - 5dfaa0ea-416a-422c-a75d-43311aceb00a:group-99527B0F1D6C changes role from null to FOLLOWER at term 0 for startAsFollower
2019-09-19 14:21:19,464 [pool-38-thread-1] INFO  impl.RoleInfo (RoleInfo.java:updateAndGet(143)) - 5dfaa0ea-416a-422c-a75d-43311aceb00a: start FollowerState
2019-09-19 14:21:19,464 [pool-38-thread-1] INFO  util.JmxRegister (JmxRegister.java:tryRegister(44)) - Successfully registered JMX Bean with object name Ratis:service=RaftServer,group=group-99527B0F1D6C,id=5dfaa0ea-416a-422c-a75d-43311aceb00a
2019-09-19 14:21:19,467 [RatisPipelineUtilsThread] INFO  pipeline.PipelineStateManager (PipelineStateManager.java:addPipeline(56)) - Created pipeline Pipeline[ Id: eda21a42-e9b2-448c-bdc3-99527b0f1d6c, Nodes: 5dfaa0ea-416a-422c-a75d-43311aceb00a{ip: 192.168.157.226, host: pr-hdds-1569-swxfz-3172132826, networkLocation: /default-rack, certSerialId: null}, Type:RATIS, Factor:ONE, State:OPEN]
2019-09-19 14:21:19,473 [grpc-default-executor-1] INFO  impl.RaftServerProxy (RaftServerProxy.java:addNew(89)) - 6403e584-2209-453b-b79e-eeb0a7b58516: addNew group-7382CF0FF315:[6403e584-2209-453b-b79e-eeb0a7b58516:192.168.157.226:35833] returns group-7382CF0FF315:java.util.concurrent.CompletableFuture@5313ed6c[Not completed]
2019-09-19 14:21:19,474 [pool-60-thread-1] INFO  impl.RaftServerImpl (RaftServerImpl.java:<init>(93)) - 6403e584-2209-453b-b79e-eeb0a7b58516: new RaftServerImpl for group-7382CF0FF315:[6403e584-2209-453b-b79e-eeb0a7b58516:192.168.157.226:35833] with ContainerStateMachine:uninitialized
2019-09-19 14:21:19,474 [pool-60-thread-1] INFO  server.RaftServerConfigKeys (ConfUtils.java:logGet(43)) - raft.server.rpc.timeout.min = 5s (custom)
2019-09-19 14:21:19,474 [pool-60-thread-1] INFO  server.RaftServerConfigKeys (ConfUtils.java:logGet(43)) - raft.server.rpc.timeout.max = 5200ms (custom)
2019-09-19 14:21:19,474 [pool-60-thread-1] INFO  server.RaftServerConfigKeys (ConfUtils.java:logGet(43)) - raft.server.rpcslowness.timeout = 120s (custom)
2019-09-19 14:21:19,475 [pool-60-thread-1] INFO  server.RaftServerConfigKeys (ConfUtils.java:logGet(43)) - raft.server.sleep.deviation.threshold = 300 (default)
2019-09-19 14:21:19,475 [pool-60-thread-1] INFO  server.RaftServerConfigKeys (ConfUtils.java:logGet(43)) - raft.server.log.appender.install.snapshot.enabled = false (custom)
2019-09-19 14:21:19,475 [pool-60-thread-1] INFO  impl.RaftServerImpl (ServerState.java:<init>(105)) - 6403e584-2209-453b-b79e-eeb0a7b58516:group-7382CF0FF315 ConfigurationManager, init=-1: [6403e584-2209-453b-b79e-eeb0a7b58516:192.168.157.226:35833], old=null, confs=<EMPTY_MAP>
2019-09-19 14:21:19,475 [pool-60-thread-1] INFO  server.RaftServerConfigKeys (ConfUtils.java:logGet(43)) - raft.server.storage.dir = [/workdir/hadoop-ozone/integration-test/target/test-dir/MiniOzoneClusterImpl-210d6028-2152-4683-81ff-347b0d29bb13/datanode-3/data/ratis] (custom)
2019-09-19 14:21:19,475 [pool-60-thread-1] INFO  storage.RaftStorageDirectory (RaftStorageDirectory.java:analyzeStorage(246)) - The storage directory /workdir/hadoop-ozone/integration-test/target/test-dir/MiniOzoneClusterImpl-210d6028-2152-4683-81ff-347b0d29bb13/datanode-3/data/ratis/90f7b1bb-24e3-4def-b5f5-7382cf0ff315 does not exist. Creating ...
2019-09-19 14:21:19,489 [pool-60-thread-1] INFO  storage.RaftStorageDirectory (RaftStorageDirectory.java:tryLock(328)) - Lock on /workdir/hadoop-ozone/integration-test/target/test-dir/MiniOzoneClusterImpl-210d6028-2152-4683-81ff-347b0d29bb13/datanode-3/data/ratis/90f7b1bb-24e3-4def-b5f5-7382cf0ff315/in_use.lock acquired by nodename 16198@pr-hdds-1569-swxfz-3172132826
2019-09-19 14:21:19,495 [Thread-239] INFO  impl.FollowerState (FollowerState.java:run(106)) - 85c6a9f3-b9a5-43a5-ac4f-9aa7bd5f2263:group-3D02232942D1 changes to CANDIDATE, lastRpcTime:5019, electionTimeout:5018ms
2019-09-19 14:21:19,495 [Thread-239] INFO  impl.RoleInfo (RoleInfo.java:shutdownFollowerState(121)) - 85c6a9f3-b9a5-43a5-ac4f-9aa7bd5f2263: shutdown FollowerState
2019-09-19 14:21:19,495 [Thread-239] INFO  impl.RaftServerImpl (RaftServerImpl.java:setRole(171)) - 85c6a9f3-b9a5-43a5-ac4f-9aa7bd5f2263:group-3D02232942D1 changes role from FOLLOWER to CANDIDATE at term 0 for changeToCandidate
2019-09-19 14:21:19,503 [pool-60-thread-1] INFO  storage.RaftStorage (RaftStorage.java:format(72)) - Storage directory /workdir/hadoop-ozone/integration-test/target/test-dir/MiniOzoneClusterImpl-210d6028-2152-4683-81ff-347b0d29bb13/datanode-3/data/ratis/90f7b1bb-24e3-4def-b5f5-7382cf0ff315 has been successfully formatted.
2019-09-19 14:21:19,503 [Thread-239] INFO  impl.RoleInfo (RoleInfo.java:updateAndGet(143)) - 85c6a9f3-b9a5-43a5-ac4f-9aa7bd5f2263: start LeaderElection
2019-09-19 14:21:19,503 [pool-60-thread-1] INFO  ratis.ContainerStateMachine (ContainerStateMachine.java:loadSnapshot(226)) - group-7382CF0FF315: The snapshot info is null. Setting the last applied indexto:(t:0, i:~)
2019-09-19 14:21:19,503 [pool-60-thread-1] INFO  server.RaftServerConfigKeys (ConfUtils.java:logGet(43)) - raft.server.leader.election.timeout = 120s (custom)
2019-09-19 14:21:19,503 [pool-60-thread-1] INFO  server.RaftServerConfigKeys (ConfUtils.java:logGet(43)) - raft.server.log.use.memory = false (default)
2019-09-19 14:21:19,503 [pool-60-thread-1] INFO  server.RaftServerConfigKeys (ConfUtils.java:logGet(43)) - raft.server.log.purge.gap = 1000000 (custom)
2019-09-19 14:21:19,503 [pool-60-thread-1] INFO  server.RaftServerConfigKeys (ConfUtils.java:logGet(43)) - raft.server.log.appender.buffer.byte-limit = 33554432 (custom)
2019-09-19 14:21:19,503 [pool-60-thread-1] INFO  server.RaftServerConfigKeys (ConfUtils.java:logGet(43)) - raft.server.log.segment.size.max = 1048576 (custom)
2019-09-19 14:21:19,504 [pool-60-thread-1] INFO  server.RaftServerConfigKeys (ConfUtils.java:logGet(43)) - raft.server.log.segment.cache.num.max = 2 (custom)
2019-09-19 14:21:19,506 [pool-60-thread-1] INFO  segmented.SegmentedRaftLogWorker (SegmentedRaftLogWorker.java:<init>(172)) - new 6403e584-2209-453b-b79e-eeb0a7b58516-SegmentedRaftLogWorker:Storage Directory /workdir/hadoop-ozone/integration-test/target/test-dir/MiniOzoneClusterImpl-210d6028-2152-4683-81ff-347b0d29bb13/datanode-3/data/ratis/90f7b1bb-24e3-4def-b5f5-7382cf0ff315 for RaftStorage:Storage Directory /workdir/hadoop-ozone/integration-test/target/test-dir/MiniOzoneClusterImpl-210d6028-2152-4683-81ff-347b0d29bb13/datanode-3/data/ratis/90f7b1bb-24e3-4def-b5f5-7382cf0ff315
2019-09-19 14:21:19,506 [pool-60-thread-1] INFO  server.RaftServerConfigKeys (ConfUtils.java:logGet(43)) - raft.server.log.queue.byte-limit = 2147483647 (custom)
2019-09-19 14:21:19,510 [pool-60-thread-1] INFO  server.RaftServerConfigKeys (ConfUtils.java:logGet(43)) - raft.server.log.queue.element-limit = 1024 (custom)
2019-09-19 14:21:19,510 [pool-60-thread-1] INFO  server.RaftServerConfigKeys (ConfUtils.java:logGet(43)) - raft.server.log.segment.size.max = 1048576 (custom)
2019-09-19 14:21:19,510 [pool-60-thread-1] INFO  server.RaftServerConfigKeys (ConfUtils.java:logGet(43)) - raft.server.log.preallocated.size = 16384 (custom)
2019-09-19 14:21:19,510 [pool-60-thread-1] INFO  server.RaftServerConfigKeys (ConfUtils.java:logGet(43)) - raft.server.log.write.buffer.size = 33554432 (custom)
2019-09-19 14:21:19,510 [pool-60-thread-1] INFO  server.RaftServerConfigKeys (ConfUtils.java:logGet(43)) - raft.server.log.force.sync.num = 128 (default)
2019-09-19 14:21:19,510 [pool-60-thread-1] INFO  server.RaftServerConfigKeys (ConfUtils.java:logGet(43)) - raft.server.log.statemachine.data.sync = true (default)
2019-09-19 14:21:19,510 [pool-60-thread-1] INFO  server.RaftServerConfigKeys (ConfUtils.java:logGet(43)) - raft.server.log.statemachine.data.sync.timeout = 10s (default)
2019-09-19 14:21:19,510 [pool-60-thread-1] INFO  server.RaftServerConfigKeys (ConfUtils.java:logGet(43)) - raft.server.log.statemachine.data.sync.timeout.retry = -1 (default)
2019-09-19 14:21:19,511 [pool-60-thread-1] INFO  server.RaftServerConfigKeys (ConfUtils.java:logGet(43)) - raft.server.log.statemachine.data.caching.enabled = true (custom)
2019-09-19 14:21:19,511 [pool-60-thread-1] INFO  segmented.SegmentedRaftLogWorker (SegmentedRaftLogWorker.java:lambda$new$0(132)) - 6403e584-2209-453b-b79e-eeb0a7b58516-SegmentedRaftLogWorker:Storage Directory /workdir/hadoop-ozone/integration-test/target/test-dir/MiniOzoneClusterImpl-210d6028-2152-4683-81ff-347b0d29bb13/datanode-3/data/ratis/90f7b1bb-24e3-4def-b5f5-7382cf0ff315: flushIndex: setUnconditionally 0 -> -1
2019-09-19 14:21:19,511 [pool-60-thread-1] INFO  server.RaftServerConfigKeys (ConfUtils.java:logGet(43)) - raft.server.snapshot.auto.trigger.enabled = true (custom)
2019-09-19 14:21:19,511 [pool-60-thread-1] INFO  server.RaftServerConfigKeys (ConfUtils.java:logGet(43)) - raft.server.snapshot.auto.trigger.threshold = 10000 (custom)
2019-09-19 14:21:19,511 [pool-60-thread-1] INFO  server.RaftServerConfigKeys (ConfUtils.java:logGet(43)) - raft.server.retrycache.expirytime = 600000ms (custom)
2019-09-19 14:21:19,511 [pool-60-thread-1] INFO  impl.RaftServerImpl (RaftServerImpl.java:start(180)) - 6403e584-2209-453b-b79e-eeb0a7b58516: start group-7382CF0FF315
2019-09-19 14:21:19,512 [pool-60-thread-1] INFO  impl.RaftServerImpl (RaftServerImpl.java:setRole(171)) - 6403e584-2209-453b-b79e-eeb0a7b58516:group-7382CF0FF315 changes role from null to FOLLOWER at term 0 for startAsFollower
2019-09-19 14:21:19,512 [pool-60-thread-1] INFO  impl.RoleInfo (RoleInfo.java:updateAndGet(143)) - 6403e584-2209-453b-b79e-eeb0a7b58516: start FollowerState
2019-09-19 14:21:19,512 [pool-60-thread-1] INFO  util.JmxRegister (JmxRegister.java:tryRegister(44)) - Successfully registered JMX Bean with object name Ratis:service=RaftServer,group=group-7382CF0FF315,id=6403e584-2209-453b-b79e-eeb0a7b58516
2019-09-19 14:21:19,514 | INFO  | SCMAudit | user=jenkins1000 | ip=192.168.157.226 | op=SEND_HEARTBEAT {datanodeUUID=5dfaa0ea-416a-422c-a75d-43311aceb00a, command=[]} | ret=SUCCESS |  
2019-09-19 14:21:19,514 [RatisPipelineUtilsThread] INFO  pipeline.PipelineStateManager (PipelineStateManager.java:addPipeline(56)) - Created pipeline Pipeline[ Id: 90f7b1bb-24e3-4def-b5f5-7382cf0ff315, Nodes: 6403e584-2209-453b-b79e-eeb0a7b58516{ip: 192.168.157.226, host: pr-hdds-1569-swxfz-3172132826, networkLocation: /default-rack, certSerialId: null}, Type:RATIS, Factor:ONE, State:OPEN]
2019-09-19 14:21:19,519 [grpc-default-executor-1] INFO  impl.RaftServerProxy (RaftServerProxy.java:addNew(89)) - 6403e584-2209-453b-b79e-eeb0a7b58516: addNew group-790AA433409B:[6403e584-2209-453b-b79e-eeb0a7b58516:192.168.157.226:35833] returns group-790AA433409B:java.util.concurrent.CompletableFuture@4bab1dbf[Not completed]
2019-09-19 14:21:19,520 [pool-60-thread-1] INFO  impl.RaftServerImpl (RaftServerImpl.java:<init>(93)) - 6403e584-2209-453b-b79e-eeb0a7b58516: new RaftServerImpl for group-790AA433409B:[6403e584-2209-453b-b79e-eeb0a7b58516:192.168.157.226:35833] with ContainerStateMachine:uninitialized
2019-09-19 14:21:19,520 [pool-60-thread-1] INFO  server.RaftServerConfigKeys (ConfUtils.java:logGet(43)) - raft.server.rpc.timeout.min = 5s (custom)
2019-09-19 14:21:19,520 [pool-60-thread-1] INFO  server.RaftServerConfigKeys (ConfUtils.java:logGet(43)) - raft.server.rpc.timeout.max = 5200ms (custom)
2019-09-19 14:21:19,520 [pool-60-thread-1] INFO  server.RaftServerConfigKeys (ConfUtils.java:logGet(43)) - raft.server.rpcslowness.timeout = 120s (custom)
2019-09-19 14:21:19,520 [pool-60-thread-1] INFO  server.RaftServerConfigKeys (ConfUtils.java:logGet(43)) - raft.server.sleep.deviation.threshold = 300 (default)
2019-09-19 14:21:19,520 [pool-60-thread-1] INFO  server.RaftServerConfigKeys (ConfUtils.java:logGet(43)) - raft.server.log.appender.install.snapshot.enabled = false (custom)
2019-09-19 14:21:19,520 [pool-60-thread-1] INFO  impl.RaftServerImpl (ServerState.java:<init>(105)) - 6403e584-2209-453b-b79e-eeb0a7b58516:group-790AA433409B ConfigurationManager, init=-1: [6403e584-2209-453b-b79e-eeb0a7b58516:192.168.157.226:35833], old=null, confs=<EMPTY_MAP>
2019-09-19 14:21:19,520 [pool-60-thread-1] INFO  server.RaftServerConfigKeys (ConfUtils.java:logGet(43)) - raft.server.storage.dir = [/workdir/hadoop-ozone/integration-test/target/test-dir/MiniOzoneClusterImpl-210d6028-2152-4683-81ff-347b0d29bb13/datanode-3/data/ratis] (custom)
2019-09-19 14:21:19,521 [pool-60-thread-1] INFO  storage.RaftStorageDirectory (RaftStorageDirectory.java:analyzeStorage(246)) - The storage directory /workdir/hadoop-ozone/integration-test/target/test-dir/MiniOzoneClusterImpl-210d6028-2152-4683-81ff-347b0d29bb13/datanode-3/data/ratis/8b554339-c9ca-43e7-acfa-790aa433409b does not exist. Creating ...
2019-09-19 14:21:19,523 [85c6a9f3-b9a5-43a5-ac4f-9aa7bd5f2263:group-3D02232942D1:LeaderElection1] INFO  impl.LeaderElection (LeaderElection.java:askForVotes(181)) - 85c6a9f3-b9a5-43a5-ac4f-9aa7bd5f2263:group-3D02232942D1:LeaderElection1: begin an election at term 1 for -1: [85c6a9f3-b9a5-43a5-ac4f-9aa7bd5f2263:192.168.157.226:45170], old=null
2019-09-19 14:21:19,524 [85c6a9f3-b9a5-43a5-ac4f-9aa7bd5f2263:group-3D02232942D1:LeaderElection1] INFO  impl.RoleInfo (RoleInfo.java:shutdownLeaderElection(134)) - 85c6a9f3-b9a5-43a5-ac4f-9aa7bd5f2263: shutdown LeaderElection
2019-09-19 14:21:19,525 [pool-60-thread-1] INFO  storage.RaftStorageDirectory (RaftStorageDirectory.java:tryLock(328)) - Lock on /workdir/hadoop-ozone/integration-test/target/test-dir/MiniOzoneClusterImpl-210d6028-2152-4683-81ff-347b0d29bb13/datanode-3/data/ratis/8b554339-c9ca-43e7-acfa-790aa433409b/in_use.lock acquired by nodename 16198@pr-hdds-1569-swxfz-3172132826
2019-09-19 14:21:19,525 [85c6a9f3-b9a5-43a5-ac4f-9aa7bd5f2263:group-3D02232942D1:LeaderElection1] INFO  impl.RaftServerImpl (RaftServerImpl.java:setRole(171)) - 85c6a9f3-b9a5-43a5-ac4f-9aa7bd5f2263:group-3D02232942D1 changes role from CANDIDATE to LEADER at term 1 for changeToLeader
2019-09-19 14:21:19,525 [85c6a9f3-b9a5-43a5-ac4f-9aa7bd5f2263:group-3D02232942D1:LeaderElection1] INFO  impl.RaftServerImpl (ServerState.java:setLeader(263)) - 85c6a9f3-b9a5-43a5-ac4f-9aa7bd5f2263:group-3D02232942D1 change Leader from null to 85c6a9f3-b9a5-43a5-ac4f-9aa7bd5f2263 at term 1 for becomeLeader, leader elected after 5137ms
2019-09-19 14:21:19,534 [85c6a9f3-b9a5-43a5-ac4f-9aa7bd5f2263:group-3D02232942D1:LeaderElection1] INFO  server.RaftServerConfigKeys (ConfUtils.java:logGet(43)) - raft.server.staging.catchup.gap = 1000 (default)
2019-09-19 14:21:19,534 [85c6a9f3-b9a5-43a5-ac4f-9aa7bd5f2263:group-3D02232942D1:LeaderElection1] INFO  server.RaftServerConfigKeys (ConfUtils.java:logGet(43)) - raft.server.rpc.sleep.time = 25ms (default)
2019-09-19 14:21:19,537 [85c6a9f3-b9a5-43a5-ac4f-9aa7bd5f2263:group-3D02232942D1:LeaderElection1] INFO  server.RaftServerConfigKeys (ConfUtils.java:logGet(43)) - raft.server.write.element-limit = 4096 (default)
2019-09-19 14:21:19,540 [85c6a9f3-b9a5-43a5-ac4f-9aa7bd5f2263:group-3D02232942D1:LeaderElection1] INFO  server.RaftServerConfigKeys (ConfUtils.java:logGet(43)) - raft.server.watch.timeout = 10s (default)
2019-09-19 14:21:19,540 [85c6a9f3-b9a5-43a5-ac4f-9aa7bd5f2263:group-3D02232942D1:LeaderElection1] INFO  server.RaftServerConfigKeys (ConfUtils.java:logGet(43)) - raft.server.watch.timeout.denomination = 1s (default)
2019-09-19 14:21:19,541 [85c6a9f3-b9a5-43a5-ac4f-9aa7bd5f2263:group-3D02232942D1:LeaderElection1] INFO  server.RaftServerConfigKeys (ConfUtils.java:logGet(43)) - raft.server.watch.element-limit = 65536 (default)
2019-09-19 14:21:19,551 [pool-60-thread-1] INFO  storage.RaftStorage (RaftStorage.java:format(72)) - Storage directory /workdir/hadoop-ozone/integration-test/target/test-dir/MiniOzoneClusterImpl-210d6028-2152-4683-81ff-347b0d29bb13/datanode-3/data/ratis/8b554339-c9ca-43e7-acfa-790aa433409b has been successfully formatted.
2019-09-19 14:21:19,551 [pool-60-thread-1] INFO  ratis.ContainerStateMachine (ContainerStateMachine.java:loadSnapshot(226)) - group-790AA433409B: The snapshot info is null. Setting the last applied indexto:(t:0, i:~)
2019-09-19 14:21:19,551 [pool-60-thread-1] INFO  server.RaftServerConfigKeys (ConfUtils.java:logGet(43)) - raft.server.leader.election.timeout = 120s (custom)
2019-09-19 14:21:19,551 [pool-60-thread-1] INFO  server.RaftServerConfigKeys (ConfUtils.java:logGet(43)) - raft.server.log.use.memory = false (default)
2019-09-19 14:21:19,551 [pool-60-thread-1] INFO  server.RaftServerConfigKeys (ConfUtils.java:logGet(43)) - raft.server.log.purge.gap = 1000000 (custom)
2019-09-19 14:21:19,551 [85c6a9f3-b9a5-43a5-ac4f-9aa7bd5f2263:group-3D02232942D1:LeaderElection1] INFO  impl.RoleInfo (RoleInfo.java:updateAndGet(143)) - 85c6a9f3-b9a5-43a5-ac4f-9aa7bd5f2263: start LeaderState
2019-09-19 14:21:19,551 [pool-60-thread-1] INFO  server.RaftServerConfigKeys (ConfUtils.java:logGet(43)) - raft.server.log.appender.buffer.byte-limit = 33554432 (custom)
2019-09-19 14:21:19,552 [pool-60-thread-1] INFO  server.RaftServerConfigKeys (ConfUtils.java:logGet(43)) - raft.server.log.segment.size.max = 1048576 (custom)
2019-09-19 14:21:19,552 [pool-60-thread-1] INFO  server.RaftServerConfigKeys (ConfUtils.java:logGet(43)) - raft.server.log.segment.cache.num.max = 2 (custom)
2019-09-19 14:21:19,552 [pool-60-thread-1] INFO  segmented.SegmentedRaftLogWorker (SegmentedRaftLogWorker.java:<init>(172)) - new 6403e584-2209-453b-b79e-eeb0a7b58516-SegmentedRaftLogWorker:Storage Directory /workdir/hadoop-ozone/integration-test/target/test-dir/MiniOzoneClusterImpl-210d6028-2152-4683-81ff-347b0d29bb13/datanode-3/data/ratis/8b554339-c9ca-43e7-acfa-790aa433409b for RaftStorage:Storage Directory /workdir/hadoop-ozone/integration-test/target/test-dir/MiniOzoneClusterImpl-210d6028-2152-4683-81ff-347b0d29bb13/datanode-3/data/ratis/8b554339-c9ca-43e7-acfa-790aa433409b
2019-09-19 14:21:19,552 [pool-60-thread-1] INFO  server.RaftServerConfigKeys (ConfUtils.java:logGet(43)) - raft.server.log.queue.byte-limit = 2147483647 (custom)
2019-09-19 14:21:19,552 [pool-60-thread-1] INFO  server.RaftServerConfigKeys (ConfUtils.java:logGet(43)) - raft.server.log.queue.element-limit = 1024 (custom)
2019-09-19 14:21:19,552 [pool-60-thread-1] INFO  server.RaftServerConfigKeys (ConfUtils.java:logGet(43)) - raft.server.log.segment.size.max = 1048576 (custom)
2019-09-19 14:21:19,552 [pool-60-thread-1] INFO  server.RaftServerConfigKeys (ConfUtils.java:logGet(43)) - raft.server.log.preallocated.size = 16384 (custom)
2019-09-19 14:21:19,552 [pool-60-thread-1] INFO  server.RaftServerConfigKeys (ConfUtils.java:logGet(43)) - raft.server.log.write.buffer.size = 33554432 (custom)
2019-09-19 14:21:19,553 [pool-60-thread-1] INFO  server.RaftServerConfigKeys (ConfUtils.java:logGet(43)) - raft.server.log.force.sync.num = 128 (default)
2019-09-19 14:21:19,553 [pool-60-thread-1] INFO  server.RaftServerConfigKeys (ConfUtils.java:logGet(43)) - raft.server.log.statemachine.data.sync = true (default)
2019-09-19 14:21:19,553 [pool-60-thread-1] INFO  server.RaftServerConfigKeys (ConfUtils.java:logGet(43)) - raft.server.log.statemachine.data.sync.timeout = 10s (default)
2019-09-19 14:21:19,553 [pool-60-thread-1] INFO  server.RaftServerConfigKeys (ConfUtils.java:logGet(43)) - raft.server.log.statemachine.data.sync.timeout.retry = -1 (default)
2019-09-19 14:21:19,553 [pool-60-thread-1] INFO  server.RaftServerConfigKeys (ConfUtils.java:logGet(43)) - raft.server.log.statemachine.data.caching.enabled = true (custom)
2019-09-19 14:21:19,553 [pool-60-thread-1] INFO  segmented.SegmentedRaftLogWorker (SegmentedRaftLogWorker.java:lambda$new$0(132)) - 6403e584-2209-453b-b79e-eeb0a7b58516-SegmentedRaftLogWorker:Storage Directory /workdir/hadoop-ozone/integration-test/target/test-dir/MiniOzoneClusterImpl-210d6028-2152-4683-81ff-347b0d29bb13/datanode-3/data/ratis/8b554339-c9ca-43e7-acfa-790aa433409b: flushIndex: setUnconditionally 0 -> -1
2019-09-19 14:21:19,554 [pool-60-thread-1] INFO  server.RaftServerConfigKeys (ConfUtils.java:logGet(43)) - raft.server.snapshot.auto.trigger.enabled = true (custom)
2019-09-19 14:21:19,554 [pool-60-thread-1] INFO  server.RaftServerConfigKeys (ConfUtils.java:logGet(43)) - raft.server.snapshot.auto.trigger.threshold = 10000 (custom)
2019-09-19 14:21:19,554 [pool-60-thread-1] INFO  server.RaftServerConfigKeys (ConfUtils.java:logGet(43)) - raft.server.retrycache.expirytime = 600000ms (custom)
2019-09-19 14:21:19,554 [pool-60-thread-1] INFO  impl.RaftServerImpl (RaftServerImpl.java:start(180)) - 6403e584-2209-453b-b79e-eeb0a7b58516: start group-790AA433409B
2019-09-19 14:21:19,554 [pool-60-thread-1] INFO  impl.RaftServerImpl (RaftServerImpl.java:setRole(171)) - 6403e584-2209-453b-b79e-eeb0a7b58516:group-790AA433409B changes role from null to FOLLOWER at term 0 for startAsFollower
2019-09-19 14:21:19,554 [pool-60-thread-1] INFO  impl.RoleInfo (RoleInfo.java:updateAndGet(143)) - 6403e584-2209-453b-b79e-eeb0a7b58516: start FollowerState
2019-09-19 14:21:19,555 [pool-60-thread-1] INFO  util.JmxRegister (JmxRegister.java:tryRegister(44)) - Successfully registered JMX Bean with object name Ratis:service=RaftServer,group=group-790AA433409B,id=6403e584-2209-453b-b79e-eeb0a7b58516
2019-09-19 14:21:19,557 [RatisPipelineUtilsThread] INFO  pipeline.PipelineStateManager (PipelineStateManager.java:addPipeline(56)) - Created pipeline Pipeline[ Id: 8b554339-c9ca-43e7-acfa-790aa433409b, Nodes: 6403e584-2209-453b-b79e-eeb0a7b58516{ip: 192.168.157.226, host: pr-hdds-1569-swxfz-3172132826, networkLocation: /default-rack, certSerialId: null}, Type:RATIS, Factor:ONE, State:OPEN]
2019-09-19 14:21:19,561 [grpc-default-executor-1] INFO  impl.RaftServerProxy (RaftServerProxy.java:addNew(89)) - 6403e584-2209-453b-b79e-eeb0a7b58516: addNew group-F5C4A469BBAD:[6403e584-2209-453b-b79e-eeb0a7b58516:192.168.157.226:35833] returns group-F5C4A469BBAD:java.util.concurrent.CompletableFuture@7d64764[Not completed]
2019-09-19 14:21:19,561 [pool-60-thread-1] INFO  impl.RaftServerImpl (RaftServerImpl.java:<init>(93)) - 6403e584-2209-453b-b79e-eeb0a7b58516: new RaftServerImpl for group-F5C4A469BBAD:[6403e584-2209-453b-b79e-eeb0a7b58516:192.168.157.226:35833] with ContainerStateMachine:uninitialized
2019-09-19 14:21:19,562 [pool-60-thread-1] INFO  server.RaftServerConfigKeys (ConfUtils.java:logGet(43)) - raft.server.rpc.timeout.min = 5s (custom)
2019-09-19 14:21:19,562 [pool-60-thread-1] INFO  server.RaftServerConfigKeys (ConfUtils.java:logGet(43)) - raft.server.rpc.timeout.max = 5200ms (custom)
2019-09-19 14:21:19,562 [pool-60-thread-1] INFO  server.RaftServerConfigKeys (ConfUtils.java:logGet(43)) - raft.server.rpcslowness.timeout = 120s (custom)
2019-09-19 14:21:19,562 [pool-60-thread-1] INFO  server.RaftServerConfigKeys (ConfUtils.java:logGet(43)) - raft.server.sleep.deviation.threshold = 300 (default)
2019-09-19 14:21:19,562 [pool-60-thread-1] INFO  server.RaftServerConfigKeys (ConfUtils.java:logGet(43)) - raft.server.log.appender.install.snapshot.enabled = false (custom)
2019-09-19 14:21:19,562 [pool-60-thread-1] INFO  impl.RaftServerImpl (ServerState.java:<init>(105)) - 6403e584-2209-453b-b79e-eeb0a7b58516:group-F5C4A469BBAD ConfigurationManager, init=-1: [6403e584-2209-453b-b79e-eeb0a7b58516:192.168.157.226:35833], old=null, confs=<EMPTY_MAP>
2019-09-19 14:21:19,562 [pool-60-thread-1] INFO  server.RaftServerConfigKeys (ConfUtils.java:logGet(43)) - raft.server.storage.dir = [/workdir/hadoop-ozone/integration-test/target/test-dir/MiniOzoneClusterImpl-210d6028-2152-4683-81ff-347b0d29bb13/datanode-3/data/ratis] (custom)
2019-09-19 14:21:19,562 [pool-60-thread-1] INFO  storage.RaftStorageDirectory (RaftStorageDirectory.java:analyzeStorage(246)) - The storage directory /workdir/hadoop-ozone/integration-test/target/test-dir/MiniOzoneClusterImpl-210d6028-2152-4683-81ff-347b0d29bb13/datanode-3/data/ratis/2fff1b47-e774-49d3-aa3e-f5c4a469bbad does not exist. Creating ...
2019-09-19 14:21:19,575 [pool-60-thread-1] INFO  storage.RaftStorageDirectory (RaftStorageDirectory.java:tryLock(328)) - Lock on /workdir/hadoop-ozone/integration-test/target/test-dir/MiniOzoneClusterImpl-210d6028-2152-4683-81ff-347b0d29bb13/datanode-3/data/ratis/2fff1b47-e774-49d3-aa3e-f5c4a469bbad/in_use.lock acquired by nodename 16198@pr-hdds-1569-swxfz-3172132826
2019-09-19 14:21:19,582 [85c6a9f3-b9a5-43a5-ac4f-9aa7bd5f2263:group-3D02232942D1:LeaderElection1] INFO  segmented.SegmentedRaftLogWorker (SegmentedRaftLogWorker.java:startLogSegment(380)) - 85c6a9f3-b9a5-43a5-ac4f-9aa7bd5f2263-SegmentedRaftLogWorker:Storage Directory /workdir/hadoop-ozone/integration-test/target/test-dir/MiniOzoneClusterImpl-210d6028-2152-4683-81ff-347b0d29bb13/datanode-0/data/ratis/f125382e-ce4a-42eb-9a0e-3d02232942d1: Starting segment from index:0
2019-09-19 14:21:19,588 [pool-60-thread-1] INFO  storage.RaftStorage (RaftStorage.java:format(72)) - Storage directory /workdir/hadoop-ozone/integration-test/target/test-dir/MiniOzoneClusterImpl-210d6028-2152-4683-81ff-347b0d29bb13/datanode-3/data/ratis/2fff1b47-e774-49d3-aa3e-f5c4a469bbad has been successfully formatted.
2019-09-19 14:21:19,588 [pool-60-thread-1] INFO  ratis.ContainerStateMachine (ContainerStateMachine.java:loadSnapshot(226)) - group-F5C4A469BBAD: The snapshot info is null. Setting the last applied indexto:(t:0, i:~)
2019-09-19 14:21:19,589 [pool-60-thread-1] INFO  server.RaftServerConfigKeys (ConfUtils.java:logGet(43)) - raft.server.leader.election.timeout = 120s (custom)
2019-09-19 14:21:19,589 [pool-60-thread-1] INFO  server.RaftServerConfigKeys (ConfUtils.java:logGet(43)) - raft.server.log.use.memory = false (default)
2019-09-19 14:21:19,589 [pool-60-thread-1] INFO  server.RaftServerConfigKeys (ConfUtils.java:logGet(43)) - raft.server.log.purge.gap = 1000000 (custom)
2019-09-19 14:21:19,589 [pool-60-thread-1] INFO  server.RaftServerConfigKeys (ConfUtils.java:logGet(43)) - raft.server.log.appender.buffer.byte-limit = 33554432 (custom)
2019-09-19 14:21:19,589 [pool-60-thread-1] INFO  server.RaftServerConfigKeys (ConfUtils.java:logGet(43)) - raft.server.log.segment.size.max = 1048576 (custom)
2019-09-19 14:21:19,589 [pool-60-thread-1] INFO  server.RaftServerConfigKeys (ConfUtils.java:logGet(43)) - raft.server.log.segment.cache.num.max = 2 (custom)
2019-09-19 14:21:19,589 [pool-60-thread-1] INFO  segmented.SegmentedRaftLogWorker (SegmentedRaftLogWorker.java:<init>(172)) - new 6403e584-2209-453b-b79e-eeb0a7b58516-SegmentedRaftLogWorker:Storage Directory /workdir/hadoop-ozone/integration-test/target/test-dir/MiniOzoneClusterImpl-210d6028-2152-4683-81ff-347b0d29bb13/datanode-3/data/ratis/2fff1b47-e774-49d3-aa3e-f5c4a469bbad for RaftStorage:Storage Directory /workdir/hadoop-ozone/integration-test/target/test-dir/MiniOzoneClusterImpl-210d6028-2152-4683-81ff-347b0d29bb13/datanode-3/data/ratis/2fff1b47-e774-49d3-aa3e-f5c4a469bbad
2019-09-19 14:21:19,589 [pool-60-thread-1] INFO  server.RaftServerConfigKeys (ConfUtils.java:logGet(43)) - raft.server.log.queue.byte-limit = 2147483647 (custom)
2019-09-19 14:21:19,589 [pool-60-thread-1] INFO  server.RaftServerConfigKeys (ConfUtils.java:logGet(43)) - raft.server.log.queue.element-limit = 1024 (custom)
2019-09-19 14:21:19,590 [pool-60-thread-1] INFO  server.RaftServerConfigKeys (ConfUtils.java:logGet(43)) - raft.server.log.segment.size.max = 1048576 (custom)
2019-09-19 14:21:19,590 [pool-60-thread-1] INFO  server.RaftServerConfigKeys (ConfUtils.java:logGet(43)) - raft.server.log.preallocated.size = 16384 (custom)
2019-09-19 14:21:19,590 [pool-60-thread-1] INFO  server.RaftServerConfigKeys (ConfUtils.java:logGet(43)) - raft.server.log.write.buffer.size = 33554432 (custom)
2019-09-19 14:21:19,590 [pool-60-thread-1] INFO  server.RaftServerConfigKeys (ConfUtils.java:logGet(43)) - raft.server.log.force.sync.num = 128 (default)
2019-09-19 14:21:19,590 [pool-60-thread-1] INFO  server.RaftServerConfigKeys (ConfUtils.java:logGet(43)) - raft.server.log.statemachine.data.sync = true (default)
2019-09-19 14:21:19,590 [pool-60-thread-1] INFO  server.RaftServerConfigKeys (ConfUtils.java:logGet(43)) - raft.server.log.statemachine.data.sync.timeout = 10s (default)
2019-09-19 14:21:19,590 [pool-60-thread-1] INFO  server.RaftServerConfigKeys (ConfUtils.java:logGet(43)) - raft.server.log.statemachine.data.sync.timeout.retry = -1 (default)
2019-09-19 14:21:19,590 [pool-60-thread-1] INFO  server.RaftServerConfigKeys (ConfUtils.java:logGet(43)) - raft.server.log.statemachine.data.caching.enabled = true (custom)
2019-09-19 14:21:19,591 [pool-60-thread-1] INFO  segmented.SegmentedRaftLogWorker (SegmentedRaftLogWorker.java:lambda$new$0(132)) - 6403e584-2209-453b-b79e-eeb0a7b58516-SegmentedRaftLogWorker:Storage Directory /workdir/hadoop-ozone/integration-test/target/test-dir/MiniOzoneClusterImpl-210d6028-2152-4683-81ff-347b0d29bb13/datanode-3/data/ratis/2fff1b47-e774-49d3-aa3e-f5c4a469bbad: flushIndex: setUnconditionally 0 -> -1
2019-09-19 14:21:19,591 [pool-60-thread-1] INFO  server.RaftServerConfigKeys (ConfUtils.java:logGet(43)) - raft.server.snapshot.auto.trigger.enabled = true (custom)
2019-09-19 14:21:19,591 [pool-60-thread-1] INFO  server.RaftServerConfigKeys (ConfUtils.java:logGet(43)) - raft.server.snapshot.auto.trigger.threshold = 10000 (custom)
2019-09-19 14:21:19,591 [pool-60-thread-1] INFO  server.RaftServerConfigKeys (ConfUtils.java:logGet(43)) - raft.server.retrycache.expirytime = 600000ms (custom)
2019-09-19 14:21:19,591 [pool-60-thread-1] INFO  impl.RaftServerImpl (RaftServerImpl.java:start(180)) - 6403e584-2209-453b-b79e-eeb0a7b58516: start group-F5C4A469BBAD
2019-09-19 14:21:19,591 [pool-60-thread-1] INFO  impl.RaftServerImpl (RaftServerImpl.java:setRole(171)) - 6403e584-2209-453b-b79e-eeb0a7b58516:group-F5C4A469BBAD changes role from null to FOLLOWER at term 0 for startAsFollower
2019-09-19 14:21:19,591 [pool-60-thread-1] INFO  impl.RoleInfo (RoleInfo.java:updateAndGet(143)) - 6403e584-2209-453b-b79e-eeb0a7b58516: start FollowerState
2019-09-19 14:21:19,592 [pool-60-thread-1] INFO  util.JmxRegister (JmxRegister.java:tryRegister(44)) - Successfully registered JMX Bean with object name Ratis:service=RaftServer,group=group-F5C4A469BBAD,id=6403e584-2209-453b-b79e-eeb0a7b58516
2019-09-19 14:21:19,592 [85c6a9f3-b9a5-43a5-ac4f-9aa7bd5f2263:group-3D02232942D1:LeaderElection1] INFO  impl.RaftServerImpl (ServerState.java:setRaftConf(361)) - 85c6a9f3-b9a5-43a5-ac4f-9aa7bd5f2263:group-3D02232942D1 set configuration 0: [85c6a9f3-b9a5-43a5-ac4f-9aa7bd5f2263:192.168.157.226:45170], old=null at 0
2019-09-19 14:21:19,596 [RatisPipelineUtilsThread] INFO  pipeline.PipelineStateManager (PipelineStateManager.java:addPipeline(56)) - Created pipeline Pipeline[ Id: 2fff1b47-e774-49d3-aa3e-f5c4a469bbad, Nodes: 6403e584-2209-453b-b79e-eeb0a7b58516{ip: 192.168.157.226, host: pr-hdds-1569-swxfz-3172132826, networkLocation: /default-rack, certSerialId: null}, Type:RATIS, Factor:ONE, State:OPEN]
2019-09-19 14:21:19,601 [grpc-default-executor-1] INFO  impl.RaftServerProxy (RaftServerProxy.java:addNew(89)) - 5dfaa0ea-416a-422c-a75d-43311aceb00a: addNew group-C06398C80B8A:[5dfaa0ea-416a-422c-a75d-43311aceb00a:192.168.157.226:45629] returns group-C06398C80B8A:java.util.concurrent.CompletableFuture@18073bc6[Not completed]
2019-09-19 14:21:19,602 [pool-38-thread-1] INFO  impl.RaftServerImpl (RaftServerImpl.java:<init>(93)) - 5dfaa0ea-416a-422c-a75d-43311aceb00a: new RaftServerImpl for group-C06398C80B8A:[5dfaa0ea-416a-422c-a75d-43311aceb00a:192.168.157.226:45629] with ContainerStateMachine:uninitialized
2019-09-19 14:21:19,602 [pool-38-thread-1] INFO  server.RaftServerConfigKeys (ConfUtils.java:logGet(43)) - raft.server.rpc.timeout.min = 5s (custom)
2019-09-19 14:21:19,602 [pool-38-thread-1] INFO  server.RaftServerConfigKeys (ConfUtils.java:logGet(43)) - raft.server.rpc.timeout.max = 5200ms (custom)
2019-09-19 14:21:19,602 [pool-38-thread-1] INFO  server.RaftServerConfigKeys (ConfUtils.java:logGet(43)) - raft.server.rpcslowness.timeout = 120s (custom)
2019-09-19 14:21:19,602 [pool-38-thread-1] INFO  server.RaftServerConfigKeys (ConfUtils.java:logGet(43)) - raft.server.sleep.deviation.threshold = 300 (default)
2019-09-19 14:21:19,602 [pool-38-thread-1] INFO  server.RaftServerConfigKeys (ConfUtils.java:logGet(43)) - raft.server.log.appender.install.snapshot.enabled = false (custom)
2019-09-19 14:21:19,602 [pool-38-thread-1] INFO  impl.RaftServerImpl (ServerState.java:<init>(105)) - 5dfaa0ea-416a-422c-a75d-43311aceb00a:group-C06398C80B8A ConfigurationManager, init=-1: [5dfaa0ea-416a-422c-a75d-43311aceb00a:192.168.157.226:45629], old=null, confs=<EMPTY_MAP>
2019-09-19 14:21:19,603 [pool-38-thread-1] INFO  server.RaftServerConfigKeys (ConfUtils.java:logGet(43)) - raft.server.storage.dir = [/workdir/hadoop-ozone/integration-test/target/test-dir/MiniOzoneClusterImpl-210d6028-2152-4683-81ff-347b0d29bb13/datanode-1/data/ratis] (custom)
2019-09-19 14:21:19,603 [pool-38-thread-1] INFO  storage.RaftStorageDirectory (RaftStorageDirectory.java:analyzeStorage(246)) - The storage directory /workdir/hadoop-ozone/integration-test/target/test-dir/MiniOzoneClusterImpl-210d6028-2152-4683-81ff-347b0d29bb13/datanode-1/data/ratis/496769dc-22e8-488a-90fa-c06398c80b8a does not exist. Creating ...
2019-09-19 14:21:19,605 | INFO  | SCMAudit | user=jenkins1000 | ip=192.168.157.226 | op=SEND_HEARTBEAT {datanodeUUID=431517c4-8c09-4790-b37b-2e132c8143ad, command=[]} | ret=SUCCESS |  
2019-09-19 14:21:19,617 [pool-38-thread-1] INFO  storage.RaftStorageDirectory (RaftStorageDirectory.java:tryLock(328)) - Lock on /workdir/hadoop-ozone/integration-test/target/test-dir/MiniOzoneClusterImpl-210d6028-2152-4683-81ff-347b0d29bb13/datanode-1/data/ratis/496769dc-22e8-488a-90fa-c06398c80b8a/in_use.lock acquired by nodename 16198@pr-hdds-1569-swxfz-3172132826
2019-09-19 14:21:19,630 [pool-38-thread-1] INFO  storage.RaftStorage (RaftStorage.java:format(72)) - Storage directory /workdir/hadoop-ozone/integration-test/target/test-dir/MiniOzoneClusterImpl-210d6028-2152-4683-81ff-347b0d29bb13/datanode-1/data/ratis/496769dc-22e8-488a-90fa-c06398c80b8a has been successfully formatted.
2019-09-19 14:21:19,630 [pool-38-thread-1] INFO  ratis.ContainerStateMachine (ContainerStateMachine.java:loadSnapshot(226)) - group-C06398C80B8A: The snapshot info is null. Setting the last applied indexto:(t:0, i:~)
2019-09-19 14:21:19,630 [pool-38-thread-1] INFO  server.RaftServerConfigKeys (ConfUtils.java:logGet(43)) - raft.server.leader.election.timeout = 120s (custom)
2019-09-19 14:21:19,630 [pool-38-thread-1] INFO  server.RaftServerConfigKeys (ConfUtils.java:logGet(43)) - raft.server.log.use.memory = false (default)
2019-09-19 14:21:19,630 [pool-38-thread-1] INFO  server.RaftServerConfigKeys (ConfUtils.java:logGet(43)) - raft.server.log.purge.gap = 1000000 (custom)
2019-09-19 14:21:19,631 [pool-38-thread-1] INFO  server.RaftServerConfigKeys (ConfUtils.java:logGet(43)) - raft.server.log.appender.buffer.byte-limit = 33554432 (custom)
2019-09-19 14:21:19,631 [pool-38-thread-1] INFO  server.RaftServerConfigKeys (ConfUtils.java:logGet(43)) - raft.server.log.segment.size.max = 1048576 (custom)
2019-09-19 14:21:19,631 [pool-38-thread-1] INFO  server.RaftServerConfigKeys (ConfUtils.java:logGet(43)) - raft.server.log.segment.cache.num.max = 2 (custom)
2019-09-19 14:21:19,631 [pool-38-thread-1] INFO  segmented.SegmentedRaftLogWorker (SegmentedRaftLogWorker.java:<init>(172)) - new 5dfaa0ea-416a-422c-a75d-43311aceb00a-SegmentedRaftLogWorker:Storage Directory /workdir/hadoop-ozone/integration-test/target/test-dir/MiniOzoneClusterImpl-210d6028-2152-4683-81ff-347b0d29bb13/datanode-1/data/ratis/496769dc-22e8-488a-90fa-c06398c80b8a for RaftStorage:Storage Directory /workdir/hadoop-ozone/integration-test/target/test-dir/MiniOzoneClusterImpl-210d6028-2152-4683-81ff-347b0d29bb13/datanode-1/data/ratis/496769dc-22e8-488a-90fa-c06398c80b8a
2019-09-19 14:21:19,631 [pool-38-thread-1] INFO  server.RaftServerConfigKeys (ConfUtils.java:logGet(43)) - raft.server.log.queue.byte-limit = 2147483647 (custom)
2019-09-19 14:21:19,631 [pool-38-thread-1] INFO  server.RaftServerConfigKeys (ConfUtils.java:logGet(43)) - raft.server.log.queue.element-limit = 1024 (custom)
2019-09-19 14:21:19,631 [pool-38-thread-1] INFO  server.RaftServerConfigKeys (ConfUtils.java:logGet(43)) - raft.server.log.segment.size.max = 1048576 (custom)
2019-09-19 14:21:19,631 [pool-38-thread-1] INFO  server.RaftServerConfigKeys (ConfUtils.java:logGet(43)) - raft.server.log.preallocated.size = 16384 (custom)
2019-09-19 14:21:19,631 [pool-38-thread-1] INFO  server.RaftServerConfigKeys (ConfUtils.java:logGet(43)) - raft.server.log.write.buffer.size = 33554432 (custom)
2019-09-19 14:21:19,631 [pool-38-thread-1] INFO  server.RaftServerConfigKeys (ConfUtils.java:logGet(43)) - raft.server.log.force.sync.num = 128 (default)
2019-09-19 14:21:19,632 [pool-38-thread-1] INFO  server.RaftServerConfigKeys (ConfUtils.java:logGet(43)) - raft.server.log.statemachine.data.sync = true (default)
2019-09-19 14:21:19,632 [pool-38-thread-1] INFO  server.RaftServerConfigKeys (ConfUtils.java:logGet(43)) - raft.server.log.statemachine.data.sync.timeout = 10s (default)
2019-09-19 14:21:19,632 [pool-38-thread-1] INFO  server.RaftServerConfigKeys (ConfUtils.java:logGet(43)) - raft.server.log.statemachine.data.sync.timeout.retry = -1 (default)
2019-09-19 14:21:19,632 [pool-38-thread-1] INFO  server.RaftServerConfigKeys (ConfUtils.java:logGet(43)) - raft.server.log.statemachine.data.caching.enabled = true (custom)
2019-09-19 14:21:19,632 [pool-38-thread-1] INFO  segmented.SegmentedRaftLogWorker (SegmentedRaftLogWorker.java:lambda$new$0(132)) - 5dfaa0ea-416a-422c-a75d-43311aceb00a-SegmentedRaftLogWorker:Storage Directory /workdir/hadoop-ozone/integration-test/target/test-dir/MiniOzoneClusterImpl-210d6028-2152-4683-81ff-347b0d29bb13/datanode-1/data/ratis/496769dc-22e8-488a-90fa-c06398c80b8a: flushIndex: setUnconditionally 0 -> -1
2019-09-19 14:21:19,632 [pool-38-thread-1] INFO  server.RaftServerConfigKeys (ConfUtils.java:logGet(43)) - raft.server.snapshot.auto.trigger.enabled = true (custom)
2019-09-19 14:21:19,632 [pool-38-thread-1] INFO  server.RaftServerConfigKeys (ConfUtils.java:logGet(43)) - raft.server.snapshot.auto.trigger.threshold = 10000 (custom)
2019-09-19 14:21:19,633 [pool-38-thread-1] INFO  server.RaftServerConfigKeys (ConfUtils.java:logGet(43)) - raft.server.retrycache.expirytime = 600000ms (custom)
2019-09-19 14:21:19,633 [pool-38-thread-1] INFO  impl.RaftServerImpl (RaftServerImpl.java:start(180)) - 5dfaa0ea-416a-422c-a75d-43311aceb00a: start group-C06398C80B8A
2019-09-19 14:21:19,633 [pool-38-thread-1] INFO  impl.RaftServerImpl (RaftServerImpl.java:setRole(171)) - 5dfaa0ea-416a-422c-a75d-43311aceb00a:group-C06398C80B8A changes role from null to FOLLOWER at term 0 for startAsFollower
2019-09-19 14:21:19,633 [pool-38-thread-1] INFO  impl.RoleInfo (RoleInfo.java:updateAndGet(143)) - 5dfaa0ea-416a-422c-a75d-43311aceb00a: start FollowerState
2019-09-19 14:21:19,633 [pool-38-thread-1] INFO  util.JmxRegister (JmxRegister.java:tryRegister(44)) - Successfully registered JMX Bean with object name Ratis:service=RaftServer,group=group-C06398C80B8A,id=5dfaa0ea-416a-422c-a75d-43311aceb00a
2019-09-19 14:21:19,636 [RatisPipelineUtilsThread] INFO  pipeline.PipelineStateManager (PipelineStateManager.java:addPipeline(56)) - Created pipeline Pipeline[ Id: 496769dc-22e8-488a-90fa-c06398c80b8a, Nodes: 5dfaa0ea-416a-422c-a75d-43311aceb00a{ip: 192.168.157.226, host: pr-hdds-1569-swxfz-3172132826, networkLocation: /default-rack, certSerialId: null}, Type:RATIS, Factor:ONE, State:OPEN]
2019-09-19 14:21:19,640 [grpc-default-executor-1] INFO  impl.RaftServerProxy (RaftServerProxy.java:addNew(89)) - 306a7a99-f2a5-4f40-b42b-2fc2def08a6a: addNew group-427A1DAF45E9:[306a7a99-f2a5-4f40-b42b-2fc2def08a6a:192.168.157.226:42633] returns group-427A1DAF45E9:java.util.concurrent.CompletableFuture@733cf403[Not completed]
2019-09-19 14:21:19,641 [pool-49-thread-1] INFO  impl.RaftServerImpl (RaftServerImpl.java:<init>(93)) - 306a7a99-f2a5-4f40-b42b-2fc2def08a6a: new RaftServerImpl for group-427A1DAF45E9:[306a7a99-f2a5-4f40-b42b-2fc2def08a6a:192.168.157.226:42633] with ContainerStateMachine:uninitialized
2019-09-19 14:21:19,642 [pool-49-thread-1] INFO  server.RaftServerConfigKeys (ConfUtils.java:logGet(43)) - raft.server.rpc.timeout.min = 5s (custom)
2019-09-19 14:21:19,642 [pool-49-thread-1] INFO  server.RaftServerConfigKeys (ConfUtils.java:logGet(43)) - raft.server.rpc.timeout.max = 5200ms (custom)
2019-09-19 14:21:19,642 [pool-49-thread-1] INFO  server.RaftServerConfigKeys (ConfUtils.java:logGet(43)) - raft.server.rpcslowness.timeout = 120s (custom)
2019-09-19 14:21:19,642 [pool-49-thread-1] INFO  server.RaftServerConfigKeys (ConfUtils.java:logGet(43)) - raft.server.sleep.deviation.threshold = 300 (default)
2019-09-19 14:21:19,642 [pool-49-thread-1] INFO  server.RaftServerConfigKeys (ConfUtils.java:logGet(43)) - raft.server.log.appender.install.snapshot.enabled = false (custom)
2019-09-19 14:21:19,642 [pool-49-thread-1] INFO  impl.RaftServerImpl (ServerState.java:<init>(105)) - 306a7a99-f2a5-4f40-b42b-2fc2def08a6a:group-427A1DAF45E9 ConfigurationManager, init=-1: [306a7a99-f2a5-4f40-b42b-2fc2def08a6a:192.168.157.226:42633], old=null, confs=<EMPTY_MAP>
2019-09-19 14:21:19,643 [pool-49-thread-1] INFO  server.RaftServerConfigKeys (ConfUtils.java:logGet(43)) - raft.server.storage.dir = [/workdir/hadoop-ozone/integration-test/target/test-dir/MiniOzoneClusterImpl-210d6028-2152-4683-81ff-347b0d29bb13/datanode-2/data/ratis] (custom)
2019-09-19 14:21:19,643 [pool-49-thread-1] INFO  storage.RaftStorageDirectory (RaftStorageDirectory.java:analyzeStorage(246)) - The storage directory /workdir/hadoop-ozone/integration-test/target/test-dir/MiniOzoneClusterImpl-210d6028-2152-4683-81ff-347b0d29bb13/datanode-2/data/ratis/764534ee-6f96-46ad-a922-427a1daf45e9 does not exist. Creating ...
2019-09-19 14:21:19,656 [pool-49-thread-1] INFO  storage.RaftStorageDirectory (RaftStorageDirectory.java:tryLock(328)) - Lock on /workdir/hadoop-ozone/integration-test/target/test-dir/MiniOzoneClusterImpl-210d6028-2152-4683-81ff-347b0d29bb13/datanode-2/data/ratis/764534ee-6f96-46ad-a922-427a1daf45e9/in_use.lock acquired by nodename 16198@pr-hdds-1569-swxfz-3172132826
2019-09-19 14:21:19,669 [pool-49-thread-1] INFO  storage.RaftStorage (RaftStorage.java:format(72)) - Storage directory /workdir/hadoop-ozone/integration-test/target/test-dir/MiniOzoneClusterImpl-210d6028-2152-4683-81ff-347b0d29bb13/datanode-2/data/ratis/764534ee-6f96-46ad-a922-427a1daf45e9 has been successfully formatted.
2019-09-19 14:21:19,670 [pool-49-thread-1] INFO  ratis.ContainerStateMachine (ContainerStateMachine.java:loadSnapshot(226)) - group-427A1DAF45E9: The snapshot info is null. Setting the last applied indexto:(t:0, i:~)
2019-09-19 14:21:19,670 [pool-49-thread-1] INFO  server.RaftServerConfigKeys (ConfUtils.java:logGet(43)) - raft.server.leader.election.timeout = 120s (custom)
2019-09-19 14:21:19,670 [pool-49-thread-1] INFO  server.RaftServerConfigKeys (ConfUtils.java:logGet(43)) - raft.server.log.use.memory = false (default)
2019-09-19 14:21:19,670 [pool-49-thread-1] INFO  server.RaftServerConfigKeys (ConfUtils.java:logGet(43)) - raft.server.log.purge.gap = 1000000 (custom)
2019-09-19 14:21:19,670 [pool-49-thread-1] INFO  server.RaftServerConfigKeys (ConfUtils.java:logGet(43)) - raft.server.log.appender.buffer.byte-limit = 33554432 (custom)
2019-09-19 14:21:19,670 [pool-49-thread-1] INFO  server.RaftServerConfigKeys (ConfUtils.java:logGet(43)) - raft.server.log.segment.size.max = 1048576 (custom)
2019-09-19 14:21:19,671 [pool-49-thread-1] INFO  server.RaftServerConfigKeys (ConfUtils.java:logGet(43)) - raft.server.log.segment.cache.num.max = 2 (custom)
2019-09-19 14:21:19,671 [pool-49-thread-1] INFO  segmented.SegmentedRaftLogWorker (SegmentedRaftLogWorker.java:<init>(172)) - new 306a7a99-f2a5-4f40-b42b-2fc2def08a6a-SegmentedRaftLogWorker:Storage Directory /workdir/hadoop-ozone/integration-test/target/test-dir/MiniOzoneClusterImpl-210d6028-2152-4683-81ff-347b0d29bb13/datanode-2/data/ratis/764534ee-6f96-46ad-a922-427a1daf45e9 for RaftStorage:Storage Directory /workdir/hadoop-ozone/integration-test/target/test-dir/MiniOzoneClusterImpl-210d6028-2152-4683-81ff-347b0d29bb13/datanode-2/data/ratis/764534ee-6f96-46ad-a922-427a1daf45e9
2019-09-19 14:21:19,671 [pool-49-thread-1] INFO  server.RaftServerConfigKeys (ConfUtils.java:logGet(43)) - raft.server.log.queue.byte-limit = 2147483647 (custom)
2019-09-19 14:21:19,671 [pool-49-thread-1] INFO  server.RaftServerConfigKeys (ConfUtils.java:logGet(43)) - raft.server.log.queue.element-limit = 1024 (custom)
2019-09-19 14:21:19,671 [pool-49-thread-1] INFO  server.RaftServerConfigKeys (ConfUtils.java:logGet(43)) - raft.server.log.segment.size.max = 1048576 (custom)
2019-09-19 14:21:19,672 [pool-49-thread-1] INFO  server.RaftServerConfigKeys (ConfUtils.java:logGet(43)) - raft.server.log.preallocated.size = 16384 (custom)
2019-09-19 14:21:19,672 [pool-49-thread-1] INFO  server.RaftServerConfigKeys (ConfUtils.java:logGet(43)) - raft.server.log.write.buffer.size = 33554432 (custom)
2019-09-19 14:21:19,672 [pool-49-thread-1] INFO  server.RaftServerConfigKeys (ConfUtils.java:logGet(43)) - raft.server.log.force.sync.num = 128 (default)
2019-09-19 14:21:19,672 [pool-49-thread-1] INFO  server.RaftServerConfigKeys (ConfUtils.java:logGet(43)) - raft.server.log.statemachine.data.sync = true (default)
2019-09-19 14:21:19,672 [pool-49-thread-1] INFO  server.RaftServerConfigKeys (ConfUtils.java:logGet(43)) - raft.server.log.statemachine.data.sync.timeout = 10s (default)
2019-09-19 14:21:19,672 [pool-49-thread-1] INFO  server.RaftServerConfigKeys (ConfUtils.java:logGet(43)) - raft.server.log.statemachine.data.sync.timeout.retry = -1 (default)
2019-09-19 14:21:19,673 [pool-49-thread-1] INFO  server.RaftServerConfigKeys (ConfUtils.java:logGet(43)) - raft.server.log.statemachine.data.caching.enabled = true (custom)
2019-09-19 14:21:19,673 [pool-49-thread-1] INFO  segmented.SegmentedRaftLogWorker (SegmentedRaftLogWorker.java:lambda$new$0(132)) - 306a7a99-f2a5-4f40-b42b-2fc2def08a6a-SegmentedRaftLogWorker:Storage Directory /workdir/hadoop-ozone/integration-test/target/test-dir/MiniOzoneClusterImpl-210d6028-2152-4683-81ff-347b0d29bb13/datanode-2/data/ratis/764534ee-6f96-46ad-a922-427a1daf45e9: flushIndex: setUnconditionally 0 -> -1
2019-09-19 14:21:19,673 [pool-49-thread-1] INFO  server.RaftServerConfigKeys (ConfUtils.java:logGet(43)) - raft.server.snapshot.auto.trigger.enabled = true (custom)
2019-09-19 14:21:19,673 [pool-49-thread-1] INFO  server.RaftServerConfigKeys (ConfUtils.java:logGet(43)) - raft.server.snapshot.auto.trigger.threshold = 10000 (custom)
2019-09-19 14:21:19,674 [pool-49-thread-1] INFO  server.RaftServerConfigKeys (ConfUtils.java:logGet(43)) - raft.server.retrycache.expirytime = 600000ms (custom)
2019-09-19 14:21:19,674 [pool-49-thread-1] INFO  impl.RaftServerImpl (RaftServerImpl.java:start(180)) - 306a7a99-f2a5-4f40-b42b-2fc2def08a6a: start group-427A1DAF45E9
2019-09-19 14:21:19,674 [pool-49-thread-1] INFO  impl.RaftServerImpl (RaftServerImpl.java:setRole(171)) - 306a7a99-f2a5-4f40-b42b-2fc2def08a6a:group-427A1DAF45E9 changes role from null to FOLLOWER at term 0 for startAsFollower
2019-09-19 14:21:19,674 [pool-49-thread-1] INFO  impl.RoleInfo (RoleInfo.java:updateAndGet(143)) - 306a7a99-f2a5-4f40-b42b-2fc2def08a6a: start FollowerState
2019-09-19 14:21:19,674 [pool-49-thread-1] INFO  util.JmxRegister (JmxRegister.java:tryRegister(44)) - Successfully registered JMX Bean with object name Ratis:service=RaftServer,group=group-427A1DAF45E9,id=306a7a99-f2a5-4f40-b42b-2fc2def08a6a
2019-09-19 14:21:19,677 [RatisPipelineUtilsThread] INFO  pipeline.PipelineStateManager (PipelineStateManager.java:addPipeline(56)) - Created pipeline Pipeline[ Id: 764534ee-6f96-46ad-a922-427a1daf45e9, Nodes: 306a7a99-f2a5-4f40-b42b-2fc2def08a6a{ip: 192.168.157.226, host: pr-hdds-1569-swxfz-3172132826, networkLocation: /default-rack, certSerialId: null}, Type:RATIS, Factor:ONE, State:OPEN]
2019-09-19 14:21:19,681 [grpc-default-executor-1] INFO  impl.RaftServerProxy (RaftServerProxy.java:addNew(89)) - 6403e584-2209-453b-b79e-eeb0a7b58516: addNew group-CB5CB1832614:[6403e584-2209-453b-b79e-eeb0a7b58516:192.168.157.226:35833] returns group-CB5CB1832614:java.util.concurrent.CompletableFuture@4dc681f1[Not completed]
2019-09-19 14:21:19,682 [pool-60-thread-1] INFO  impl.RaftServerImpl (RaftServerImpl.java:<init>(93)) - 6403e584-2209-453b-b79e-eeb0a7b58516: new RaftServerImpl for group-CB5CB1832614:[6403e584-2209-453b-b79e-eeb0a7b58516:192.168.157.226:35833] with ContainerStateMachine:uninitialized
2019-09-19 14:21:19,682 [pool-60-thread-1] INFO  server.RaftServerConfigKeys (ConfUtils.java:logGet(43)) - raft.server.rpc.timeout.min = 5s (custom)
2019-09-19 14:21:19,682 [pool-60-thread-1] INFO  server.RaftServerConfigKeys (ConfUtils.java:logGet(43)) - raft.server.rpc.timeout.max = 5200ms (custom)
2019-09-19 14:21:19,682 [pool-60-thread-1] INFO  server.RaftServerConfigKeys (ConfUtils.java:logGet(43)) - raft.server.rpcslowness.timeout = 120s (custom)
2019-09-19 14:21:19,683 [pool-60-thread-1] INFO  server.RaftServerConfigKeys (ConfUtils.java:logGet(43)) - raft.server.sleep.deviation.threshold = 300 (default)
2019-09-19 14:21:19,683 [pool-60-thread-1] INFO  server.RaftServerConfigKeys (ConfUtils.java:logGet(43)) - raft.server.log.appender.install.snapshot.enabled = false (custom)
2019-09-19 14:21:19,683 [pool-60-thread-1] INFO  impl.RaftServerImpl (ServerState.java:<init>(105)) - 6403e584-2209-453b-b79e-eeb0a7b58516:group-CB5CB1832614 ConfigurationManager, init=-1: [6403e584-2209-453b-b79e-eeb0a7b58516:192.168.157.226:35833], old=null, confs=<EMPTY_MAP>
2019-09-19 14:21:19,683 [pool-60-thread-1] INFO  server.RaftServerConfigKeys (ConfUtils.java:logGet(43)) - raft.server.storage.dir = [/workdir/hadoop-ozone/integration-test/target/test-dir/MiniOzoneClusterImpl-210d6028-2152-4683-81ff-347b0d29bb13/datanode-3/data/ratis] (custom)
2019-09-19 14:21:19,683 [pool-60-thread-1] INFO  storage.RaftStorageDirectory (RaftStorageDirectory.java:analyzeStorage(246)) - The storage directory /workdir/hadoop-ozone/integration-test/target/test-dir/MiniOzoneClusterImpl-210d6028-2152-4683-81ff-347b0d29bb13/datanode-3/data/ratis/efe474ae-07d9-47f8-adce-cb5cb1832614 does not exist. Creating ...
2019-09-19 14:21:19,696 [pool-60-thread-1] INFO  storage.RaftStorageDirectory (RaftStorageDirectory.java:tryLock(328)) - Lock on /workdir/hadoop-ozone/integration-test/target/test-dir/MiniOzoneClusterImpl-210d6028-2152-4683-81ff-347b0d29bb13/datanode-3/data/ratis/efe474ae-07d9-47f8-adce-cb5cb1832614/in_use.lock acquired by nodename 16198@pr-hdds-1569-swxfz-3172132826
2019-09-19 14:21:19,709 [pool-60-thread-1] INFO  storage.RaftStorage (RaftStorage.java:format(72)) - Storage directory /workdir/hadoop-ozone/integration-test/target/test-dir/MiniOzoneClusterImpl-210d6028-2152-4683-81ff-347b0d29bb13/datanode-3/data/ratis/efe474ae-07d9-47f8-adce-cb5cb1832614 has been successfully formatted.
2019-09-19 14:21:19,709 [pool-60-thread-1] INFO  ratis.ContainerStateMachine (ContainerStateMachine.java:loadSnapshot(226)) - group-CB5CB1832614: The snapshot info is null. Setting the last applied indexto:(t:0, i:~)
2019-09-19 14:21:19,709 [pool-60-thread-1] INFO  server.RaftServerConfigKeys (ConfUtils.java:logGet(43)) - raft.server.leader.election.timeout = 120s (custom)
2019-09-19 14:21:19,709 [pool-60-thread-1] INFO  server.RaftServerConfigKeys (ConfUtils.java:logGet(43)) - raft.server.log.use.memory = false (default)
2019-09-19 14:21:19,709 [pool-60-thread-1] INFO  server.RaftServerConfigKeys (ConfUtils.java:logGet(43)) - raft.server.log.purge.gap = 1000000 (custom)
2019-09-19 14:21:19,709 [pool-60-thread-1] INFO  server.RaftServerConfigKeys (ConfUtils.java:logGet(43)) - raft.server.log.appender.buffer.byte-limit = 33554432 (custom)
2019-09-19 14:21:19,710 [pool-60-thread-1] INFO  server.RaftServerConfigKeys (ConfUtils.java:logGet(43)) - raft.server.log.segment.size.max = 1048576 (custom)
2019-09-19 14:21:19,710 [pool-60-thread-1] INFO  server.RaftServerConfigKeys (ConfUtils.java:logGet(43)) - raft.server.log.segment.cache.num.max = 2 (custom)
2019-09-19 14:21:19,710 [pool-60-thread-1] INFO  segmented.SegmentedRaftLogWorker (SegmentedRaftLogWorker.java:<init>(172)) - new 6403e584-2209-453b-b79e-eeb0a7b58516-SegmentedRaftLogWorker:Storage Directory /workdir/hadoop-ozone/integration-test/target/test-dir/MiniOzoneClusterImpl-210d6028-2152-4683-81ff-347b0d29bb13/datanode-3/data/ratis/efe474ae-07d9-47f8-adce-cb5cb1832614 for RaftStorage:Storage Directory /workdir/hadoop-ozone/integration-test/target/test-dir/MiniOzoneClusterImpl-210d6028-2152-4683-81ff-347b0d29bb13/datanode-3/data/ratis/efe474ae-07d9-47f8-adce-cb5cb1832614
2019-09-19 14:21:19,710 [pool-60-thread-1] INFO  server.RaftServerConfigKeys (ConfUtils.java:logGet(43)) - raft.server.log.queue.byte-limit = 2147483647 (custom)
2019-09-19 14:21:19,710 [pool-60-thread-1] INFO  server.RaftServerConfigKeys (ConfUtils.java:logGet(43)) - raft.server.log.queue.element-limit = 1024 (custom)
2019-09-19 14:21:19,710 [pool-60-thread-1] INFO  server.RaftServerConfigKeys (ConfUtils.java:logGet(43)) - raft.server.log.segment.size.max = 1048576 (custom)
2019-09-19 14:21:19,710 [pool-60-thread-1] INFO  server.RaftServerConfigKeys (ConfUtils.java:logGet(43)) - raft.server.log.preallocated.size = 16384 (custom)
2019-09-19 14:21:19,710 [pool-60-thread-1] INFO  server.RaftServerConfigKeys (ConfUtils.java:logGet(43)) - raft.server.log.write.buffer.size = 33554432 (custom)
2019-09-19 14:21:19,710 [pool-60-thread-1] INFO  server.RaftServerConfigKeys (ConfUtils.java:logGet(43)) - raft.server.log.force.sync.num = 128 (default)
2019-09-19 14:21:19,711 [pool-60-thread-1] INFO  server.RaftServerConfigKeys (ConfUtils.java:logGet(43)) - raft.server.log.statemachine.data.sync = true (default)
2019-09-19 14:21:19,711 [pool-60-thread-1] INFO  server.RaftServerConfigKeys (ConfUtils.java:logGet(43)) - raft.server.log.statemachine.data.sync.timeout = 10s (default)
2019-09-19 14:21:19,711 [pool-60-thread-1] INFO  server.RaftServerConfigKeys (ConfUtils.java:logGet(43)) - raft.server.log.statemachine.data.sync.timeout.retry = -1 (default)
2019-09-19 14:21:19,711 [pool-60-thread-1] INFO  server.RaftServerConfigKeys (ConfUtils.java:logGet(43)) - raft.server.log.statemachine.data.caching.enabled = true (custom)
2019-09-19 14:21:19,711 [pool-60-thread-1] INFO  segmented.SegmentedRaftLogWorker (SegmentedRaftLogWorker.java:lambda$new$0(132)) - 6403e584-2209-453b-b79e-eeb0a7b58516-SegmentedRaftLogWorker:Storage Directory /workdir/hadoop-ozone/integration-test/target/test-dir/MiniOzoneClusterImpl-210d6028-2152-4683-81ff-347b0d29bb13/datanode-3/data/ratis/efe474ae-07d9-47f8-adce-cb5cb1832614: flushIndex: setUnconditionally 0 -> -1
2019-09-19 14:21:19,711 [pool-60-thread-1] INFO  server.RaftServerConfigKeys (ConfUtils.java:logGet(43)) - raft.server.snapshot.auto.trigger.enabled = true (custom)
2019-09-19 14:21:19,711 [pool-60-thread-1] INFO  server.RaftServerConfigKeys (ConfUtils.java:logGet(43)) - raft.server.snapshot.auto.trigger.threshold = 10000 (custom)
2019-09-19 14:21:19,712 [pool-60-thread-1] INFO  server.RaftServerConfigKeys (ConfUtils.java:logGet(43)) - raft.server.retrycache.expirytime = 600000ms (custom)
2019-09-19 14:21:19,712 [pool-60-thread-1] INFO  impl.RaftServerImpl (RaftServerImpl.java:start(180)) - 6403e584-2209-453b-b79e-eeb0a7b58516: start group-CB5CB1832614
2019-09-19 14:21:19,712 [pool-60-thread-1] INFO  impl.RaftServerImpl (RaftServerImpl.java:setRole(171)) - 6403e584-2209-453b-b79e-eeb0a7b58516:group-CB5CB1832614 changes role from null to FOLLOWER at term 0 for startAsFollower
2019-09-19 14:21:19,712 [pool-60-thread-1] INFO  impl.RoleInfo (RoleInfo.java:updateAndGet(143)) - 6403e584-2209-453b-b79e-eeb0a7b58516: start FollowerState
2019-09-19 14:21:19,712 [pool-60-thread-1] INFO  util.JmxRegister (JmxRegister.java:tryRegister(44)) - Successfully registered JMX Bean with object name Ratis:service=RaftServer,group=group-CB5CB1832614,id=6403e584-2209-453b-b79e-eeb0a7b58516
2019-09-19 14:21:19,714 [RatisPipelineUtilsThread] INFO  pipeline.PipelineStateManager (PipelineStateManager.java:addPipeline(56)) - Created pipeline Pipeline[ Id: efe474ae-07d9-47f8-adce-cb5cb1832614, Nodes: 6403e584-2209-453b-b79e-eeb0a7b58516{ip: 192.168.157.226, host: pr-hdds-1569-swxfz-3172132826, networkLocation: /default-rack, certSerialId: null}, Type:RATIS, Factor:ONE, State:OPEN]
2019-09-19 14:21:19,718 [grpc-default-executor-1] INFO  impl.RaftServerProxy (RaftServerProxy.java:addNew(89)) - 6403e584-2209-453b-b79e-eeb0a7b58516: addNew group-FC754A9A4BD4:[6403e584-2209-453b-b79e-eeb0a7b58516:192.168.157.226:35833] returns group-FC754A9A4BD4:java.util.concurrent.CompletableFuture@3cf939f2[Not completed]
2019-09-19 14:21:19,719 [pool-60-thread-1] INFO  impl.RaftServerImpl (RaftServerImpl.java:<init>(93)) - 6403e584-2209-453b-b79e-eeb0a7b58516: new RaftServerImpl for group-FC754A9A4BD4:[6403e584-2209-453b-b79e-eeb0a7b58516:192.168.157.226:35833] with ContainerStateMachine:uninitialized
2019-09-19 14:21:19,719 [pool-60-thread-1] INFO  server.RaftServerConfigKeys (ConfUtils.java:logGet(43)) - raft.server.rpc.timeout.min = 5s (custom)
2019-09-19 14:21:19,719 [pool-60-thread-1] INFO  server.RaftServerConfigKeys (ConfUtils.java:logGet(43)) - raft.server.rpc.timeout.max = 5200ms (custom)
2019-09-19 14:21:19,719 [pool-60-thread-1] INFO  server.RaftServerConfigKeys (ConfUtils.java:logGet(43)) - raft.server.rpcslowness.timeout = 120s (custom)
2019-09-19 14:21:19,719 [pool-60-thread-1] INFO  server.RaftServerConfigKeys (ConfUtils.java:logGet(43)) - raft.server.sleep.deviation.threshold = 300 (default)
2019-09-19 14:21:19,719 [pool-60-thread-1] INFO  server.RaftServerConfigKeys (ConfUtils.java:logGet(43)) - raft.server.log.appender.install.snapshot.enabled = false (custom)
2019-09-19 14:21:19,720 [pool-60-thread-1] INFO  impl.RaftServerImpl (ServerState.java:<init>(105)) - 6403e584-2209-453b-b79e-eeb0a7b58516:group-FC754A9A4BD4 ConfigurationManager, init=-1: [6403e584-2209-453b-b79e-eeb0a7b58516:192.168.157.226:35833], old=null, confs=<EMPTY_MAP>
2019-09-19 14:21:19,720 [pool-60-thread-1] INFO  server.RaftServerConfigKeys (ConfUtils.java:logGet(43)) - raft.server.storage.dir = [/workdir/hadoop-ozone/integration-test/target/test-dir/MiniOzoneClusterImpl-210d6028-2152-4683-81ff-347b0d29bb13/datanode-3/data/ratis] (custom)
2019-09-19 14:21:19,720 [pool-60-thread-1] INFO  storage.RaftStorageDirectory (RaftStorageDirectory.java:analyzeStorage(246)) - The storage directory /workdir/hadoop-ozone/integration-test/target/test-dir/MiniOzoneClusterImpl-210d6028-2152-4683-81ff-347b0d29bb13/datanode-3/data/ratis/fedba6e8-daec-4067-a469-fc754a9a4bd4 does not exist. Creating ...
2019-09-19 14:21:19,732 [pool-60-thread-1] INFO  storage.RaftStorageDirectory (RaftStorageDirectory.java:tryLock(328)) - Lock on /workdir/hadoop-ozone/integration-test/target/test-dir/MiniOzoneClusterImpl-210d6028-2152-4683-81ff-347b0d29bb13/datanode-3/data/ratis/fedba6e8-daec-4067-a469-fc754a9a4bd4/in_use.lock acquired by nodename 16198@pr-hdds-1569-swxfz-3172132826
2019-09-19 14:21:19,745 [pool-60-thread-1] INFO  storage.RaftStorage (RaftStorage.java:format(72)) - Storage directory /workdir/hadoop-ozone/integration-test/target/test-dir/MiniOzoneClusterImpl-210d6028-2152-4683-81ff-347b0d29bb13/datanode-3/data/ratis/fedba6e8-daec-4067-a469-fc754a9a4bd4 has been successfully formatted.
2019-09-19 14:21:19,745 [pool-60-thread-1] INFO  ratis.ContainerStateMachine (ContainerStateMachine.java:loadSnapshot(226)) - group-FC754A9A4BD4: The snapshot info is null. Setting the last applied indexto:(t:0, i:~)
2019-09-19 14:21:19,745 [pool-60-thread-1] INFO  server.RaftServerConfigKeys (ConfUtils.java:logGet(43)) - raft.server.leader.election.timeout = 120s (custom)
2019-09-19 14:21:19,745 [pool-60-thread-1] INFO  server.RaftServerConfigKeys (ConfUtils.java:logGet(43)) - raft.server.log.use.memory = false (default)
2019-09-19 14:21:19,745 [pool-60-thread-1] INFO  server.RaftServerConfigKeys (ConfUtils.java:logGet(43)) - raft.server.log.purge.gap = 1000000 (custom)
2019-09-19 14:21:19,745 [pool-60-thread-1] INFO  server.RaftServerConfigKeys (ConfUtils.java:logGet(43)) - raft.server.log.appender.buffer.byte-limit = 33554432 (custom)
2019-09-19 14:21:19,746 [pool-60-thread-1] INFO  server.RaftServerConfigKeys (ConfUtils.java:logGet(43)) - raft.server.log.segment.size.max = 1048576 (custom)
2019-09-19 14:21:19,746 [pool-60-thread-1] INFO  server.RaftServerConfigKeys (ConfUtils.java:logGet(43)) - raft.server.log.segment.cache.num.max = 2 (custom)
2019-09-19 14:21:19,746 [pool-60-thread-1] INFO  segmented.SegmentedRaftLogWorker (SegmentedRaftLogWorker.java:<init>(172)) - new 6403e584-2209-453b-b79e-eeb0a7b58516-SegmentedRaftLogWorker:Storage Directory /workdir/hadoop-ozone/integration-test/target/test-dir/MiniOzoneClusterImpl-210d6028-2152-4683-81ff-347b0d29bb13/datanode-3/data/ratis/fedba6e8-daec-4067-a469-fc754a9a4bd4 for RaftStorage:Storage Directory /workdir/hadoop-ozone/integration-test/target/test-dir/MiniOzoneClusterImpl-210d6028-2152-4683-81ff-347b0d29bb13/datanode-3/data/ratis/fedba6e8-daec-4067-a469-fc754a9a4bd4
2019-09-19 14:21:19,746 [pool-60-thread-1] INFO  server.RaftServerConfigKeys (ConfUtils.java:logGet(43)) - raft.server.log.queue.byte-limit = 2147483647 (custom)
2019-09-19 14:21:19,746 [pool-60-thread-1] INFO  server.RaftServerConfigKeys (ConfUtils.java:logGet(43)) - raft.server.log.queue.element-limit = 1024 (custom)
2019-09-19 14:21:19,746 [pool-60-thread-1] INFO  server.RaftServerConfigKeys (ConfUtils.java:logGet(43)) - raft.server.log.segment.size.max = 1048576 (custom)
2019-09-19 14:21:19,746 [pool-60-thread-1] INFO  server.RaftServerConfigKeys (ConfUtils.java:logGet(43)) - raft.server.log.preallocated.size = 16384 (custom)
2019-09-19 14:21:19,746 [pool-60-thread-1] INFO  server.RaftServerConfigKeys (ConfUtils.java:logGet(43)) - raft.server.log.write.buffer.size = 33554432 (custom)
2019-09-19 14:21:19,746 [pool-60-thread-1] INFO  server.RaftServerConfigKeys (ConfUtils.java:logGet(43)) - raft.server.log.force.sync.num = 128 (default)
2019-09-19 14:21:19,746 [pool-60-thread-1] INFO  server.RaftServerConfigKeys (ConfUtils.java:logGet(43)) - raft.server.log.statemachine.data.sync = true (default)
2019-09-19 14:21:19,747 [pool-60-thread-1] INFO  server.RaftServerConfigKeys (ConfUtils.java:logGet(43)) - raft.server.log.statemachine.data.sync.timeout = 10s (default)
2019-09-19 14:21:19,747 [pool-60-thread-1] INFO  server.RaftServerConfigKeys (ConfUtils.java:logGet(43)) - raft.server.log.statemachine.data.sync.timeout.retry = -1 (default)
2019-09-19 14:21:19,747 [pool-60-thread-1] INFO  server.RaftServerConfigKeys (ConfUtils.java:logGet(43)) - raft.server.log.statemachine.data.caching.enabled = true (custom)
2019-09-19 14:21:19,747 [pool-60-thread-1] INFO  segmented.SegmentedRaftLogWorker (SegmentedRaftLogWorker.java:lambda$new$0(132)) - 6403e584-2209-453b-b79e-eeb0a7b58516-SegmentedRaftLogWorker:Storage Directory /workdir/hadoop-ozone/integration-test/target/test-dir/MiniOzoneClusterImpl-210d6028-2152-4683-81ff-347b0d29bb13/datanode-3/data/ratis/fedba6e8-daec-4067-a469-fc754a9a4bd4: flushIndex: setUnconditionally 0 -> -1
2019-09-19 14:21:19,747 [pool-60-thread-1] INFO  server.RaftServerConfigKeys (ConfUtils.java:logGet(43)) - raft.server.snapshot.auto.trigger.enabled = true (custom)
2019-09-19 14:21:19,747 [pool-60-thread-1] INFO  server.RaftServerConfigKeys (ConfUtils.java:logGet(43)) - raft.server.snapshot.auto.trigger.threshold = 10000 (custom)
2019-09-19 14:21:19,747 [pool-60-thread-1] INFO  server.RaftServerConfigKeys (ConfUtils.java:logGet(43)) - raft.server.retrycache.expirytime = 600000ms (custom)
2019-09-19 14:21:19,748 [pool-60-thread-1] INFO  impl.RaftServerImpl (RaftServerImpl.java:start(180)) - 6403e584-2209-453b-b79e-eeb0a7b58516: start group-FC754A9A4BD4
2019-09-19 14:21:19,748 [pool-60-thread-1] INFO  impl.RaftServerImpl (RaftServerImpl.java:setRole(171)) - 6403e584-2209-453b-b79e-eeb0a7b58516:group-FC754A9A4BD4 changes role from null to FOLLOWER at term 0 for startAsFollower
2019-09-19 14:21:19,748 [pool-60-thread-1] INFO  impl.RoleInfo (RoleInfo.java:updateAndGet(143)) - 6403e584-2209-453b-b79e-eeb0a7b58516: start FollowerState
2019-09-19 14:21:19,748 [pool-60-thread-1] INFO  util.JmxRegister (JmxRegister.java:tryRegister(44)) - Successfully registered JMX Bean with object name Ratis:service=RaftServer,group=group-FC754A9A4BD4,id=6403e584-2209-453b-b79e-eeb0a7b58516
2019-09-19 14:21:19,750 [RatisPipelineUtilsThread] INFO  pipeline.PipelineStateManager (PipelineStateManager.java:addPipeline(56)) - Created pipeline Pipeline[ Id: fedba6e8-daec-4067-a469-fc754a9a4bd4, Nodes: 6403e584-2209-453b-b79e-eeb0a7b58516{ip: 192.168.157.226, host: pr-hdds-1569-swxfz-3172132826, networkLocation: /default-rack, certSerialId: null}, Type:RATIS, Factor:ONE, State:OPEN]
2019-09-19 14:21:19,755 [grpc-default-executor-1] INFO  impl.RaftServerProxy (RaftServerProxy.java:addNew(89)) - 306a7a99-f2a5-4f40-b42b-2fc2def08a6a: addNew group-F2BDA4E60FC6:[306a7a99-f2a5-4f40-b42b-2fc2def08a6a:192.168.157.226:42633] returns group-F2BDA4E60FC6:java.util.concurrent.CompletableFuture@5b9c27ed[Not completed]
2019-09-19 14:21:19,756 [pool-49-thread-1] INFO  impl.RaftServerImpl (RaftServerImpl.java:<init>(93)) - 306a7a99-f2a5-4f40-b42b-2fc2def08a6a: new RaftServerImpl for group-F2BDA4E60FC6:[306a7a99-f2a5-4f40-b42b-2fc2def08a6a:192.168.157.226:42633] with ContainerStateMachine:uninitialized
2019-09-19 14:21:19,756 [pool-49-thread-1] INFO  server.RaftServerConfigKeys (ConfUtils.java:logGet(43)) - raft.server.rpc.timeout.min = 5s (custom)
2019-09-19 14:21:19,756 [pool-49-thread-1] INFO  server.RaftServerConfigKeys (ConfUtils.java:logGet(43)) - raft.server.rpc.timeout.max = 5200ms (custom)
2019-09-19 14:21:19,756 [pool-49-thread-1] INFO  server.RaftServerConfigKeys (ConfUtils.java:logGet(43)) - raft.server.rpcslowness.timeout = 120s (custom)
2019-09-19 14:21:19,756 [pool-49-thread-1] INFO  server.RaftServerConfigKeys (ConfUtils.java:logGet(43)) - raft.server.sleep.deviation.threshold = 300 (default)
2019-09-19 14:21:19,756 [pool-49-thread-1] INFO  server.RaftServerConfigKeys (ConfUtils.java:logGet(43)) - raft.server.log.appender.install.snapshot.enabled = false (custom)
2019-09-19 14:21:19,756 [pool-49-thread-1] INFO  impl.RaftServerImpl (ServerState.java:<init>(105)) - 306a7a99-f2a5-4f40-b42b-2fc2def08a6a:group-F2BDA4E60FC6 ConfigurationManager, init=-1: [306a7a99-f2a5-4f40-b42b-2fc2def08a6a:192.168.157.226:42633], old=null, confs=<EMPTY_MAP>
2019-09-19 14:21:19,756 [pool-49-thread-1] INFO  server.RaftServerConfigKeys (ConfUtils.java:logGet(43)) - raft.server.storage.dir = [/workdir/hadoop-ozone/integration-test/target/test-dir/MiniOzoneClusterImpl-210d6028-2152-4683-81ff-347b0d29bb13/datanode-2/data/ratis] (custom)
2019-09-19 14:21:19,757 [pool-49-thread-1] INFO  storage.RaftStorageDirectory (RaftStorageDirectory.java:analyzeStorage(246)) - The storage directory /workdir/hadoop-ozone/integration-test/target/test-dir/MiniOzoneClusterImpl-210d6028-2152-4683-81ff-347b0d29bb13/datanode-2/data/ratis/1ec4bb23-cf9f-43a9-a8f9-f2bda4e60fc6 does not exist. Creating ...
2019-09-19 14:21:19,770 [pool-49-thread-1] INFO  storage.RaftStorageDirectory (RaftStorageDirectory.java:tryLock(328)) - Lock on /workdir/hadoop-ozone/integration-test/target/test-dir/MiniOzoneClusterImpl-210d6028-2152-4683-81ff-347b0d29bb13/datanode-2/data/ratis/1ec4bb23-cf9f-43a9-a8f9-f2bda4e60fc6/in_use.lock acquired by nodename 16198@pr-hdds-1569-swxfz-3172132826
2019-09-19 14:21:19,774 [85c6a9f3-b9a5-43a5-ac4f-9aa7bd5f2263-SegmentedRaftLogWorker:Storage Directory /workdir/hadoop-ozone/integration-test/target/test-dir/MiniOzoneClusterImpl-210d6028-2152-4683-81ff-347b0d29bb13/datanode-0/data/ratis/f125382e-ce4a-42eb-9a0e-3d02232942d1] INFO  segmented.SegmentedRaftLogWorker (SegmentedRaftLogWorker.java:execute(569)) - 85c6a9f3-b9a5-43a5-ac4f-9aa7bd5f2263-SegmentedRaftLogWorker:Storage Directory /workdir/hadoop-ozone/integration-test/target/test-dir/MiniOzoneClusterImpl-210d6028-2152-4683-81ff-347b0d29bb13/datanode-0/data/ratis/f125382e-ce4a-42eb-9a0e-3d02232942d1: created new log segment /workdir/hadoop-ozone/integration-test/target/test-dir/MiniOzoneClusterImpl-210d6028-2152-4683-81ff-347b0d29bb13/datanode-0/data/ratis/f125382e-ce4a-42eb-9a0e-3d02232942d1/current/log_inprogress_0
2019-09-19 14:21:19,774 [pool-49-thread-1] INFO  storage.RaftStorage (RaftStorage.java:format(72)) - Storage directory /workdir/hadoop-ozone/integration-test/target/test-dir/MiniOzoneClusterImpl-210d6028-2152-4683-81ff-347b0d29bb13/datanode-2/data/ratis/1ec4bb23-cf9f-43a9-a8f9-f2bda4e60fc6 has been successfully formatted.
2019-09-19 14:21:19,774 [pool-49-thread-1] INFO  ratis.ContainerStateMachine (ContainerStateMachine.java:loadSnapshot(226)) - group-F2BDA4E60FC6: The snapshot info is null. Setting the last applied indexto:(t:0, i:~)
2019-09-19 14:21:19,775 [pool-49-thread-1] INFO  server.RaftServerConfigKeys (ConfUtils.java:logGet(43)) - raft.server.leader.election.timeout = 120s (custom)
2019-09-19 14:21:19,775 [pool-49-thread-1] INFO  server.RaftServerConfigKeys (ConfUtils.java:logGet(43)) - raft.server.log.use.memory = false (default)
2019-09-19 14:21:19,775 [pool-49-thread-1] INFO  server.RaftServerConfigKeys (ConfUtils.java:logGet(43)) - raft.server.log.purge.gap = 1000000 (custom)
2019-09-19 14:21:19,775 [pool-49-thread-1] INFO  server.RaftServerConfigKeys (ConfUtils.java:logGet(43)) - raft.server.log.appender.buffer.byte-limit = 33554432 (custom)
2019-09-19 14:21:19,775 [pool-49-thread-1] INFO  server.RaftServerConfigKeys (ConfUtils.java:logGet(43)) - raft.server.log.segment.size.max = 1048576 (custom)
2019-09-19 14:21:19,775 [pool-49-thread-1] INFO  server.RaftServerConfigKeys (ConfUtils.java:logGet(43)) - raft.server.log.segment.cache.num.max = 2 (custom)
2019-09-19 14:21:19,775 [pool-49-thread-1] INFO  segmented.SegmentedRaftLogWorker (SegmentedRaftLogWorker.java:<init>(172)) - new 306a7a99-f2a5-4f40-b42b-2fc2def08a6a-SegmentedRaftLogWorker:Storage Directory /workdir/hadoop-ozone/integration-test/target/test-dir/MiniOzoneClusterImpl-210d6028-2152-4683-81ff-347b0d29bb13/datanode-2/data/ratis/1ec4bb23-cf9f-43a9-a8f9-f2bda4e60fc6 for RaftStorage:Storage Directory /workdir/hadoop-ozone/integration-test/target/test-dir/MiniOzoneClusterImpl-210d6028-2152-4683-81ff-347b0d29bb13/datanode-2/data/ratis/1ec4bb23-cf9f-43a9-a8f9-f2bda4e60fc6
2019-09-19 14:21:19,775 [pool-49-thread-1] INFO  server.RaftServerConfigKeys (ConfUtils.java:logGet(43)) - raft.server.log.queue.byte-limit = 2147483647 (custom)
2019-09-19 14:21:19,775 [pool-49-thread-1] INFO  server.RaftServerConfigKeys (ConfUtils.java:logGet(43)) - raft.server.log.queue.element-limit = 1024 (custom)
2019-09-19 14:21:19,776 [pool-49-thread-1] INFO  server.RaftServerConfigKeys (ConfUtils.java:logGet(43)) - raft.server.log.segment.size.max = 1048576 (custom)
2019-09-19 14:21:19,776 [pool-49-thread-1] INFO  server.RaftServerConfigKeys (ConfUtils.java:logGet(43)) - raft.server.log.preallocated.size = 16384 (custom)
2019-09-19 14:21:19,776 [pool-49-thread-1] INFO  server.RaftServerConfigKeys (ConfUtils.java:logGet(43)) - raft.server.log.write.buffer.size = 33554432 (custom)
2019-09-19 14:21:19,776 [pool-49-thread-1] INFO  server.RaftServerConfigKeys (ConfUtils.java:logGet(43)) - raft.server.log.force.sync.num = 128 (default)
2019-09-19 14:21:19,776 [pool-49-thread-1] INFO  server.RaftServerConfigKeys (ConfUtils.java:logGet(43)) - raft.server.log.statemachine.data.sync = true (default)
2019-09-19 14:21:19,776 [pool-49-thread-1] INFO  server.RaftServerConfigKeys (ConfUtils.java:logGet(43)) - raft.server.log.statemachine.data.sync.timeout = 10s (default)
2019-09-19 14:21:19,776 [pool-49-thread-1] INFO  server.RaftServerConfigKeys (ConfUtils.java:logGet(43)) - raft.server.log.statemachine.data.sync.timeout.retry = -1 (default)
2019-09-19 14:21:19,776 [pool-49-thread-1] INFO  server.RaftServerConfigKeys (ConfUtils.java:logGet(43)) - raft.server.log.statemachine.data.caching.enabled = true (custom)
2019-09-19 14:21:19,777 [pool-49-thread-1] INFO  segmented.SegmentedRaftLogWorker (SegmentedRaftLogWorker.java:lambda$new$0(132)) - 306a7a99-f2a5-4f40-b42b-2fc2def08a6a-SegmentedRaftLogWorker:Storage Directory /workdir/hadoop-ozone/integration-test/target/test-dir/MiniOzoneClusterImpl-210d6028-2152-4683-81ff-347b0d29bb13/datanode-2/data/ratis/1ec4bb23-cf9f-43a9-a8f9-f2bda4e60fc6: flushIndex: setUnconditionally 0 -> -1
2019-09-19 14:21:19,777 [pool-49-thread-1] INFO  server.RaftServerConfigKeys (ConfUtils.java:logGet(43)) - raft.server.snapshot.auto.trigger.enabled = true (custom)
2019-09-19 14:21:19,777 [pool-49-thread-1] INFO  server.RaftServerConfigKeys (ConfUtils.java:logGet(43)) - raft.server.snapshot.auto.trigger.threshold = 10000 (custom)
2019-09-19 14:21:19,777 [pool-49-thread-1] INFO  server.RaftServerConfigKeys (ConfUtils.java:logGet(43)) - raft.server.retrycache.expirytime = 600000ms (custom)
2019-09-19 14:21:19,777 [pool-49-thread-1] INFO  impl.RaftServerImpl (RaftServerImpl.java:start(180)) - 306a7a99-f2a5-4f40-b42b-2fc2def08a6a: start group-F2BDA4E60FC6
2019-09-19 14:21:19,777 [pool-49-thread-1] INFO  impl.RaftServerImpl (RaftServerImpl.java:setRole(171)) - 306a7a99-f2a5-4f40-b42b-2fc2def08a6a:group-F2BDA4E60FC6 changes role from null to FOLLOWER at term 0 for startAsFollower
2019-09-19 14:21:19,777 [pool-49-thread-1] INFO  impl.RoleInfo (RoleInfo.java:updateAndGet(143)) - 306a7a99-f2a5-4f40-b42b-2fc2def08a6a: start FollowerState
2019-09-19 14:21:19,778 [pool-49-thread-1] INFO  util.JmxRegister (JmxRegister.java:tryRegister(44)) - Successfully registered JMX Bean with object name Ratis:service=RaftServer,group=group-F2BDA4E60FC6,id=306a7a99-f2a5-4f40-b42b-2fc2def08a6a
2019-09-19 14:21:19,780 [RatisPipelineUtilsThread] INFO  pipeline.PipelineStateManager (PipelineStateManager.java:addPipeline(56)) - Created pipeline Pipeline[ Id: 1ec4bb23-cf9f-43a9-a8f9-f2bda4e60fc6, Nodes: 306a7a99-f2a5-4f40-b42b-2fc2def08a6a{ip: 192.168.157.226, host: pr-hdds-1569-swxfz-3172132826, networkLocation: /default-rack, certSerialId: null}, Type:RATIS, Factor:ONE, State:OPEN]
2019-09-19 14:21:19,783 [grpc-default-executor-1] INFO  impl.RaftServerProxy (RaftServerProxy.java:addNew(89)) - 5dfaa0ea-416a-422c-a75d-43311aceb00a: addNew group-28257D859A2F:[5dfaa0ea-416a-422c-a75d-43311aceb00a:192.168.157.226:45629] returns group-28257D859A2F:java.util.concurrent.CompletableFuture@c6ce9b7[Not completed]
2019-09-19 14:21:19,784 [pool-38-thread-1] INFO  impl.RaftServerImpl (RaftServerImpl.java:<init>(93)) - 5dfaa0ea-416a-422c-a75d-43311aceb00a: new RaftServerImpl for group-28257D859A2F:[5dfaa0ea-416a-422c-a75d-43311aceb00a:192.168.157.226:45629] with ContainerStateMachine:uninitialized
2019-09-19 14:21:19,784 [pool-38-thread-1] INFO  server.RaftServerConfigKeys (ConfUtils.java:logGet(43)) - raft.server.rpc.timeout.min = 5s (custom)
2019-09-19 14:21:19,784 [pool-38-thread-1] INFO  server.RaftServerConfigKeys (ConfUtils.java:logGet(43)) - raft.server.rpc.timeout.max = 5200ms (custom)
2019-09-19 14:21:19,784 [pool-38-thread-1] INFO  server.RaftServerConfigKeys (ConfUtils.java:logGet(43)) - raft.server.rpcslowness.timeout = 120s (custom)
2019-09-19 14:21:19,785 [pool-38-thread-1] INFO  server.RaftServerConfigKeys (ConfUtils.java:logGet(43)) - raft.server.sleep.deviation.threshold = 300 (default)
2019-09-19 14:21:19,785 [pool-38-thread-1] INFO  server.RaftServerConfigKeys (ConfUtils.java:logGet(43)) - raft.server.log.appender.install.snapshot.enabled = false (custom)
2019-09-19 14:21:19,785 [pool-38-thread-1] INFO  impl.RaftServerImpl (ServerState.java:<init>(105)) - 5dfaa0ea-416a-422c-a75d-43311aceb00a:group-28257D859A2F ConfigurationManager, init=-1: [5dfaa0ea-416a-422c-a75d-43311aceb00a:192.168.157.226:45629], old=null, confs=<EMPTY_MAP>
2019-09-19 14:21:19,785 [pool-38-thread-1] INFO  server.RaftServerConfigKeys (ConfUtils.java:logGet(43)) - raft.server.storage.dir = [/workdir/hadoop-ozone/integration-test/target/test-dir/MiniOzoneClusterImpl-210d6028-2152-4683-81ff-347b0d29bb13/datanode-1/data/ratis] (custom)
2019-09-19 14:21:19,785 [pool-38-thread-1] INFO  storage.RaftStorageDirectory (RaftStorageDirectory.java:analyzeStorage(246)) - The storage directory /workdir/hadoop-ozone/integration-test/target/test-dir/MiniOzoneClusterImpl-210d6028-2152-4683-81ff-347b0d29bb13/datanode-1/data/ratis/13fe9844-3904-43c0-a9d5-28257d859a2f does not exist. Creating ...
2019-09-19 14:21:19,800 [pool-38-thread-1] INFO  storage.RaftStorageDirectory (RaftStorageDirectory.java:tryLock(328)) - Lock on /workdir/hadoop-ozone/integration-test/target/test-dir/MiniOzoneClusterImpl-210d6028-2152-4683-81ff-347b0d29bb13/datanode-1/data/ratis/13fe9844-3904-43c0-a9d5-28257d859a2f/in_use.lock acquired by nodename 16198@pr-hdds-1569-swxfz-3172132826
2019-09-19 14:21:19,804 [Thread-242] INFO  impl.FollowerState (FollowerState.java:run(106)) - 5dfaa0ea-416a-422c-a75d-43311aceb00a:group-D56FA9716ECE changes to CANDIDATE, lastRpcTime:5130, electionTimeout:5129ms
2019-09-19 14:21:19,806 [Thread-242] INFO  impl.RoleInfo (RoleInfo.java:shutdownFollowerState(121)) - 5dfaa0ea-416a-422c-a75d-43311aceb00a: shutdown FollowerState
2019-09-19 14:21:19,806 [Thread-242] INFO  impl.RaftServerImpl (RaftServerImpl.java:setRole(171)) - 5dfaa0ea-416a-422c-a75d-43311aceb00a:group-D56FA9716ECE changes role from FOLLOWER to CANDIDATE at term 0 for changeToCandidate
2019-09-19 14:21:19,806 [Thread-242] INFO  impl.RoleInfo (RoleInfo.java:updateAndGet(143)) - 5dfaa0ea-416a-422c-a75d-43311aceb00a: start LeaderElection
2019-09-19 14:21:19,813 [pool-38-thread-1] INFO  storage.RaftStorage (RaftStorage.java:format(72)) - Storage directory /workdir/hadoop-ozone/integration-test/target/test-dir/MiniOzoneClusterImpl-210d6028-2152-4683-81ff-347b0d29bb13/datanode-1/data/ratis/13fe9844-3904-43c0-a9d5-28257d859a2f has been successfully formatted.
2019-09-19 14:21:19,813 [pool-38-thread-1] INFO  ratis.ContainerStateMachine (ContainerStateMachine.java:loadSnapshot(226)) - group-28257D859A2F: The snapshot info is null. Setting the last applied indexto:(t:0, i:~)
2019-09-19 14:21:19,813 [pool-38-thread-1] INFO  server.RaftServerConfigKeys (ConfUtils.java:logGet(43)) - raft.server.leader.election.timeout = 120s (custom)
2019-09-19 14:21:19,813 [pool-38-thread-1] INFO  server.RaftServerConfigKeys (ConfUtils.java:logGet(43)) - raft.server.log.use.memory = false (default)
2019-09-19 14:21:19,814 [pool-38-thread-1] INFO  server.RaftServerConfigKeys (ConfUtils.java:logGet(43)) - raft.server.log.purge.gap = 1000000 (custom)
2019-09-19 14:21:19,814 [pool-38-thread-1] INFO  server.RaftServerConfigKeys (ConfUtils.java:logGet(43)) - raft.server.log.appender.buffer.byte-limit = 33554432 (custom)
2019-09-19 14:21:19,814 [pool-38-thread-1] INFO  server.RaftServerConfigKeys (ConfUtils.java:logGet(43)) - raft.server.log.segment.size.max = 1048576 (custom)
2019-09-19 14:21:19,814 [pool-38-thread-1] INFO  server.RaftServerConfigKeys (ConfUtils.java:logGet(43)) - raft.server.log.segment.cache.num.max = 2 (custom)
2019-09-19 14:21:19,814 [Thread-245] INFO  impl.FollowerState (FollowerState.java:run(106)) - 431517c4-8c09-4790-b37b-2e132c8143ad:group-A374820C367D changes to CANDIDATE, lastRpcTime:5045, electionTimeout:5045ms
2019-09-19 14:21:19,814 [pool-38-thread-1] INFO  segmented.SegmentedRaftLogWorker (SegmentedRaftLogWorker.java:<init>(172)) - new 5dfaa0ea-416a-422c-a75d-43311aceb00a-SegmentedRaftLogWorker:Storage Directory /workdir/hadoop-ozone/integration-test/target/test-dir/MiniOzoneClusterImpl-210d6028-2152-4683-81ff-347b0d29bb13/datanode-1/data/ratis/13fe9844-3904-43c0-a9d5-28257d859a2f for RaftStorage:Storage Directory /workdir/hadoop-ozone/integration-test/target/test-dir/MiniOzoneClusterImpl-210d6028-2152-4683-81ff-347b0d29bb13/datanode-1/data/ratis/13fe9844-3904-43c0-a9d5-28257d859a2f
2019-09-19 14:21:19,823 [Thread-245] INFO  impl.RoleInfo (RoleInfo.java:shutdownFollowerState(121)) - 431517c4-8c09-4790-b37b-2e132c8143ad: shutdown FollowerState
2019-09-19 14:21:19,814 [5dfaa0ea-416a-422c-a75d-43311aceb00a:group-D56FA9716ECE:LeaderElection2] INFO  impl.LeaderElection (LeaderElection.java:askForVotes(181)) - 5dfaa0ea-416a-422c-a75d-43311aceb00a:group-D56FA9716ECE:LeaderElection2: begin an election at term 1 for -1: [5dfaa0ea-416a-422c-a75d-43311aceb00a:192.168.157.226:45629], old=null
2019-09-19 14:21:19,823 [Thread-245] INFO  impl.RaftServerImpl (RaftServerImpl.java:setRole(171)) - 431517c4-8c09-4790-b37b-2e132c8143ad:group-A374820C367D changes role from FOLLOWER to CANDIDATE at term 0 for changeToCandidate
2019-09-19 14:21:19,823 [pool-38-thread-1] INFO  server.RaftServerConfigKeys (ConfUtils.java:logGet(43)) - raft.server.log.queue.byte-limit = 2147483647 (custom)
2019-09-19 14:21:19,823 [Thread-245] INFO  impl.RoleInfo (RoleInfo.java:updateAndGet(143)) - 431517c4-8c09-4790-b37b-2e132c8143ad: start LeaderElection
2019-09-19 14:21:19,823 [5dfaa0ea-416a-422c-a75d-43311aceb00a:group-D56FA9716ECE:LeaderElection2] INFO  impl.RoleInfo (RoleInfo.java:shutdownLeaderElection(134)) - 5dfaa0ea-416a-422c-a75d-43311aceb00a: shutdown LeaderElection
2019-09-19 14:21:19,824 [pool-38-thread-1] INFO  server.RaftServerConfigKeys (ConfUtils.java:logGet(43)) - raft.server.log.queue.element-limit = 1024 (custom)
2019-09-19 14:21:19,824 [5dfaa0ea-416a-422c-a75d-43311aceb00a:group-D56FA9716ECE:LeaderElection2] INFO  impl.RaftServerImpl (RaftServerImpl.java:setRole(171)) - 5dfaa0ea-416a-422c-a75d-43311aceb00a:group-D56FA9716ECE changes role from CANDIDATE to LEADER at term 1 for changeToLeader
2019-09-19 14:21:19,825 [pool-38-thread-1] INFO  server.RaftServerConfigKeys (ConfUtils.java:logGet(43)) - raft.server.log.segment.size.max = 1048576 (custom)
2019-09-19 14:21:19,825 [5dfaa0ea-416a-422c-a75d-43311aceb00a:group-D56FA9716ECE:LeaderElection2] INFO  impl.RaftServerImpl (ServerState.java:setLeader(263)) - 5dfaa0ea-416a-422c-a75d-43311aceb00a:group-D56FA9716ECE change Leader from null to 5dfaa0ea-416a-422c-a75d-43311aceb00a at term 1 for becomeLeader, leader elected after 5158ms
2019-09-19 14:21:19,828 [pool-38-thread-1] INFO  server.RaftServerConfigKeys (ConfUtils.java:logGet(43)) - raft.server.log.preallocated.size = 16384 (custom)
2019-09-19 14:21:19,829 [5dfaa0ea-416a-422c-a75d-43311aceb00a:group-D56FA9716ECE:LeaderElection2] INFO  server.RaftServerConfigKeys (ConfUtils.java:logGet(43)) - raft.server.staging.catchup.gap = 1000 (default)
2019-09-19 14:21:19,830 [pool-38-thread-1] INFO  server.RaftServerConfigKeys (ConfUtils.java:logGet(43)) - raft.server.log.write.buffer.size = 33554432 (custom)
2019-09-19 14:21:19,830 [5dfaa0ea-416a-422c-a75d-43311aceb00a:group-D56FA9716ECE:LeaderElection2] INFO  server.RaftServerConfigKeys (ConfUtils.java:logGet(43)) - raft.server.rpc.sleep.time = 25ms (default)
2019-09-19 14:21:19,830 [pool-38-thread-1] INFO  server.RaftServerConfigKeys (ConfUtils.java:logGet(43)) - raft.server.log.force.sync.num = 128 (default)
2019-09-19 14:21:19,830 [5dfaa0ea-416a-422c-a75d-43311aceb00a:group-D56FA9716ECE:LeaderElection2] INFO  server.RaftServerConfigKeys (ConfUtils.java:logGet(43)) - raft.server.write.element-limit = 4096 (default)
2019-09-19 14:21:19,830 [pool-38-thread-1] INFO  server.RaftServerConfigKeys (ConfUtils.java:logGet(43)) - raft.server.log.statemachine.data.sync = true (default)
2019-09-19 14:21:19,830 [5dfaa0ea-416a-422c-a75d-43311aceb00a:group-D56FA9716ECE:LeaderElection2] INFO  server.RaftServerConfigKeys (ConfUtils.java:logGet(43)) - raft.server.watch.timeout = 10s (default)
2019-09-19 14:21:19,830 [pool-38-thread-1] INFO  server.RaftServerConfigKeys (ConfUtils.java:logGet(43)) - raft.server.log.statemachine.data.sync.timeout = 10s (default)
2019-09-19 14:21:19,830 [5dfaa0ea-416a-422c-a75d-43311aceb00a:group-D56FA9716ECE:LeaderElection2] INFO  server.RaftServerConfigKeys (ConfUtils.java:logGet(43)) - raft.server.watch.timeout.denomination = 1s (default)
2019-09-19 14:21:19,830 [pool-38-thread-1] INFO  server.RaftServerConfigKeys (ConfUtils.java:logGet(43)) - raft.server.log.statemachine.data.sync.timeout.retry = -1 (default)
2019-09-19 14:21:19,831 [5dfaa0ea-416a-422c-a75d-43311aceb00a:group-D56FA9716ECE:LeaderElection2] INFO  server.RaftServerConfigKeys (ConfUtils.java:logGet(43)) - raft.server.watch.element-limit = 65536 (default)
2019-09-19 14:21:19,831 [pool-38-thread-1] INFO  server.RaftServerConfigKeys (ConfUtils.java:logGet(43)) - raft.server.log.statemachine.data.caching.enabled = true (custom)
2019-09-19 14:21:19,831 [5dfaa0ea-416a-422c-a75d-43311aceb00a:group-D56FA9716ECE:LeaderElection2] INFO  impl.RoleInfo (RoleInfo.java:updateAndGet(143)) - 5dfaa0ea-416a-422c-a75d-43311aceb00a: start LeaderState
2019-09-19 14:21:19,831 [pool-38-thread-1] INFO  segmented.SegmentedRaftLogWorker (SegmentedRaftLogWorker.java:lambda$new$0(132)) - 5dfaa0ea-416a-422c-a75d-43311aceb00a-SegmentedRaftLogWorker:Storage Directory /workdir/hadoop-ozone/integration-test/target/test-dir/MiniOzoneClusterImpl-210d6028-2152-4683-81ff-347b0d29bb13/datanode-1/data/ratis/13fe9844-3904-43c0-a9d5-28257d859a2f: flushIndex: setUnconditionally 0 -> -1
2019-09-19 14:21:19,831 [5dfaa0ea-416a-422c-a75d-43311aceb00a:group-D56FA9716ECE:LeaderElection2] INFO  segmented.SegmentedRaftLogWorker (SegmentedRaftLogWorker.java:startLogSegment(380)) - 5dfaa0ea-416a-422c-a75d-43311aceb00a-SegmentedRaftLogWorker:Storage Directory /workdir/hadoop-ozone/integration-test/target/test-dir/MiniOzoneClusterImpl-210d6028-2152-4683-81ff-347b0d29bb13/datanode-1/data/ratis/1fd5f007-ae07-49eb-b759-d56fa9716ece: Starting segment from index:0
2019-09-19 14:21:19,831 [pool-38-thread-1] INFO  server.RaftServerConfigKeys (ConfUtils.java:logGet(43)) - raft.server.snapshot.auto.trigger.enabled = true (custom)
2019-09-19 14:21:19,831 [pool-38-thread-1] INFO  server.RaftServerConfigKeys (ConfUtils.java:logGet(43)) - raft.server.snapshot.auto.trigger.threshold = 10000 (custom)
2019-09-19 14:21:19,832 [5dfaa0ea-416a-422c-a75d-43311aceb00a:group-D56FA9716ECE:LeaderElection2] INFO  impl.RaftServerImpl (ServerState.java:setRaftConf(361)) - 5dfaa0ea-416a-422c-a75d-43311aceb00a:group-D56FA9716ECE set configuration 0: [5dfaa0ea-416a-422c-a75d-43311aceb00a:192.168.157.226:45629], old=null at 0
2019-09-19 14:21:19,832 [pool-38-thread-1] INFO  server.RaftServerConfigKeys (ConfUtils.java:logGet(43)) - raft.server.retrycache.expirytime = 600000ms (custom)
2019-09-19 14:21:19,858 [431517c4-8c09-4790-b37b-2e132c8143ad:group-A374820C367D:LeaderElection3] INFO  impl.LeaderElection (LeaderElection.java:askForVotes(181)) - 431517c4-8c09-4790-b37b-2e132c8143ad:group-A374820C367D:LeaderElection3: begin an election at term 1 for -1: [431517c4-8c09-4790-b37b-2e132c8143ad:192.168.157.226:40911], old=null
2019-09-19 14:21:19,860 [pool-38-thread-1] INFO  impl.RaftServerImpl (RaftServerImpl.java:start(180)) - 5dfaa0ea-416a-422c-a75d-43311aceb00a: start group-28257D859A2F
2019-09-19 14:21:19,860 [431517c4-8c09-4790-b37b-2e132c8143ad:group-A374820C367D:LeaderElection3] INFO  impl.RoleInfo (RoleInfo.java:shutdownLeaderElection(134)) - 431517c4-8c09-4790-b37b-2e132c8143ad: shutdown LeaderElection
2019-09-19 14:21:19,860 [pool-38-thread-1] INFO  impl.RaftServerImpl (RaftServerImpl.java:setRole(171)) - 5dfaa0ea-416a-422c-a75d-43311aceb00a:group-28257D859A2F changes role from null to FOLLOWER at term 0 for startAsFollower
2019-09-19 14:21:19,860 [431517c4-8c09-4790-b37b-2e132c8143ad:group-A374820C367D:LeaderElection3] INFO  impl.RaftServerImpl (RaftServerImpl.java:setRole(171)) - 431517c4-8c09-4790-b37b-2e132c8143ad:group-A374820C367D changes role from CANDIDATE to LEADER at term 1 for changeToLeader
2019-09-19 14:21:19,861 [pool-38-thread-1] INFO  impl.RoleInfo (RoleInfo.java:updateAndGet(143)) - 5dfaa0ea-416a-422c-a75d-43311aceb00a: start FollowerState
2019-09-19 14:21:19,861 [431517c4-8c09-4790-b37b-2e132c8143ad:group-A374820C367D:LeaderElection3] INFO  impl.RaftServerImpl (ServerState.java:setLeader(263)) - 431517c4-8c09-4790-b37b-2e132c8143ad:group-A374820C367D change Leader from null to 431517c4-8c09-4790-b37b-2e132c8143ad at term 1 for becomeLeader, leader elected after 5096ms
2019-09-19 14:21:19,863 [431517c4-8c09-4790-b37b-2e132c8143ad:group-A374820C367D:LeaderElection3] INFO  server.RaftServerConfigKeys (ConfUtils.java:logGet(43)) - raft.server.staging.catchup.gap = 1000 (default)
2019-09-19 14:21:19,863 [pool-38-thread-1] INFO  util.JmxRegister (JmxRegister.java:tryRegister(44)) - Successfully registered JMX Bean with object name Ratis:service=RaftServer,group=group-28257D859A2F,id=5dfaa0ea-416a-422c-a75d-43311aceb00a
2019-09-19 14:21:19,863 [431517c4-8c09-4790-b37b-2e132c8143ad:group-A374820C367D:LeaderElection3] INFO  server.RaftServerConfigKeys (ConfUtils.java:logGet(43)) - raft.server.rpc.sleep.time = 25ms (default)
2019-09-19 14:21:19,863 [431517c4-8c09-4790-b37b-2e132c8143ad:group-A374820C367D:LeaderElection3] INFO  server.RaftServerConfigKeys (ConfUtils.java:logGet(43)) - raft.server.write.element-limit = 4096 (default)
2019-09-19 14:21:19,864 [431517c4-8c09-4790-b37b-2e132c8143ad:group-A374820C367D:LeaderElection3] INFO  server.RaftServerConfigKeys (ConfUtils.java:logGet(43)) - raft.server.watch.timeout = 10s (default)
2019-09-19 14:21:19,864 [431517c4-8c09-4790-b37b-2e132c8143ad:group-A374820C367D:LeaderElection3] INFO  server.RaftServerConfigKeys (ConfUtils.java:logGet(43)) - raft.server.watch.timeout.denomination = 1s (default)
2019-09-19 14:21:19,864 [431517c4-8c09-4790-b37b-2e132c8143ad:group-A374820C367D:LeaderElection3] INFO  server.RaftServerConfigKeys (ConfUtils.java:logGet(43)) - raft.server.watch.element-limit = 65536 (default)
2019-09-19 14:21:19,864 [431517c4-8c09-4790-b37b-2e132c8143ad:group-A374820C367D:LeaderElection3] INFO  impl.RoleInfo (RoleInfo.java:updateAndGet(143)) - 431517c4-8c09-4790-b37b-2e132c8143ad: start LeaderState
2019-09-19 14:21:19,864 [431517c4-8c09-4790-b37b-2e132c8143ad:group-A374820C367D:LeaderElection3] INFO  segmented.SegmentedRaftLogWorker (SegmentedRaftLogWorker.java:startLogSegment(380)) - 431517c4-8c09-4790-b37b-2e132c8143ad-SegmentedRaftLogWorker:Storage Directory /workdir/hadoop-ozone/integration-test/target/test-dir/MiniOzoneClusterImpl-210d6028-2152-4683-81ff-347b0d29bb13/datanode-5/data/ratis/1993c253-27ed-4506-ac9d-a374820c367d: Starting segment from index:0
2019-09-19 14:21:19,865 [431517c4-8c09-4790-b37b-2e132c8143ad:group-A374820C367D:LeaderElection3] INFO  impl.RaftServerImpl (ServerState.java:setRaftConf(361)) - 431517c4-8c09-4790-b37b-2e132c8143ad:group-A374820C367D set configuration 0: [431517c4-8c09-4790-b37b-2e132c8143ad:192.168.157.226:40911], old=null at 0
2019-09-19 14:21:19,891 [5dfaa0ea-416a-422c-a75d-43311aceb00a-SegmentedRaftLogWorker:Storage Directory /workdir/hadoop-ozone/integration-test/target/test-dir/MiniOzoneClusterImpl-210d6028-2152-4683-81ff-347b0d29bb13/datanode-1/data/ratis/1fd5f007-ae07-49eb-b759-d56fa9716ece] INFO  segmented.SegmentedRaftLogWorker (SegmentedRaftLogWorker.java:execute(569)) - 5dfaa0ea-416a-422c-a75d-43311aceb00a-SegmentedRaftLogWorker:Storage Directory /workdir/hadoop-ozone/integration-test/target/test-dir/MiniOzoneClusterImpl-210d6028-2152-4683-81ff-347b0d29bb13/datanode-1/data/ratis/1fd5f007-ae07-49eb-b759-d56fa9716ece: created new log segment /workdir/hadoop-ozone/integration-test/target/test-dir/MiniOzoneClusterImpl-210d6028-2152-4683-81ff-347b0d29bb13/datanode-1/data/ratis/1fd5f007-ae07-49eb-b759-d56fa9716ece/current/log_inprogress_0
2019-09-19 14:21:19,891 [Thread-248] INFO  impl.FollowerState (FollowerState.java:run(106)) - 5dfaa0ea-416a-422c-a75d-43311aceb00a:group-0B76B74B71B5 changes to CANDIDATE, lastRpcTime:5054, electionTimeout:5028ms
2019-09-19 14:21:19,892 [Thread-248] INFO  impl.RoleInfo (RoleInfo.java:shutdownFollowerState(121)) - 5dfaa0ea-416a-422c-a75d-43311aceb00a: shutdown FollowerState
2019-09-19 14:21:19,892 [Thread-248] INFO  impl.RaftServerImpl (RaftServerImpl.java:setRole(171)) - 5dfaa0ea-416a-422c-a75d-43311aceb00a:group-0B76B74B71B5 changes role from FOLLOWER to CANDIDATE at term 0 for changeToCandidate
2019-09-19 14:21:19,892 [Thread-248] INFO  impl.RoleInfo (RoleInfo.java:updateAndGet(143)) - 5dfaa0ea-416a-422c-a75d-43311aceb00a: start LeaderElection
2019-09-19 14:21:19,901 [RatisPipelineUtilsThread] INFO  pipeline.PipelineStateManager (PipelineStateManager.java:addPipeline(56)) - Created pipeline Pipeline[ Id: 13fe9844-3904-43c0-a9d5-28257d859a2f, Nodes: 5dfaa0ea-416a-422c-a75d-43311aceb00a{ip: 192.168.157.226, host: pr-hdds-1569-swxfz-3172132826, networkLocation: /default-rack, certSerialId: null}, Type:RATIS, Factor:ONE, State:OPEN]
2019-09-19 14:21:19,902 | INFO  | SCMAudit | user=jenkins1000 | ip=192.168.157.226 | op=SEND_HEARTBEAT {datanodeUUID=56d21ab3-8f6d-44ea-b961-c721a1c09246, command=[]} | ret=SUCCESS |  
2019-09-19 14:21:19,904 [431517c4-8c09-4790-b37b-2e132c8143ad-SegmentedRaftLogWorker:Storage Directory /workdir/hadoop-ozone/integration-test/target/test-dir/MiniOzoneClusterImpl-210d6028-2152-4683-81ff-347b0d29bb13/datanode-5/data/ratis/1993c253-27ed-4506-ac9d-a374820c367d] INFO  segmented.SegmentedRaftLogWorker (SegmentedRaftLogWorker.java:execute(569)) - 431517c4-8c09-4790-b37b-2e132c8143ad-SegmentedRaftLogWorker:Storage Directory /workdir/hadoop-ozone/integration-test/target/test-dir/MiniOzoneClusterImpl-210d6028-2152-4683-81ff-347b0d29bb13/datanode-5/data/ratis/1993c253-27ed-4506-ac9d-a374820c367d: created new log segment /workdir/hadoop-ozone/integration-test/target/test-dir/MiniOzoneClusterImpl-210d6028-2152-4683-81ff-347b0d29bb13/datanode-5/data/ratis/1993c253-27ed-4506-ac9d-a374820c367d/current/log_inprogress_0
2019-09-19 14:21:19,904 [5dfaa0ea-416a-422c-a75d-43311aceb00a:group-0B76B74B71B5:LeaderElection4] INFO  impl.LeaderElection (LeaderElection.java:askForVotes(181)) - 5dfaa0ea-416a-422c-a75d-43311aceb00a:group-0B76B74B71B5:LeaderElection4: begin an election at term 1 for -1: [5dfaa0ea-416a-422c-a75d-43311aceb00a:192.168.157.226:45629], old=null
2019-09-19 14:21:19,904 [5dfaa0ea-416a-422c-a75d-43311aceb00a:group-0B76B74B71B5:LeaderElection4] INFO  impl.RoleInfo (RoleInfo.java:shutdownLeaderElection(134)) - 5dfaa0ea-416a-422c-a75d-43311aceb00a: shutdown LeaderElection
2019-09-19 14:21:19,905 [5dfaa0ea-416a-422c-a75d-43311aceb00a:group-0B76B74B71B5:LeaderElection4] INFO  impl.RaftServerImpl (RaftServerImpl.java:setRole(171)) - 5dfaa0ea-416a-422c-a75d-43311aceb00a:group-0B76B74B71B5 changes role from CANDIDATE to LEADER at term 1 for changeToLeader
2019-09-19 14:21:19,905 [5dfaa0ea-416a-422c-a75d-43311aceb00a:group-0B76B74B71B5:LeaderElection4] INFO  impl.RaftServerImpl (ServerState.java:setLeader(263)) - 5dfaa0ea-416a-422c-a75d-43311aceb00a:group-0B76B74B71B5 change Leader from null to 5dfaa0ea-416a-422c-a75d-43311aceb00a at term 1 for becomeLeader, leader elected after 5072ms
2019-09-19 14:21:19,905 [5dfaa0ea-416a-422c-a75d-43311aceb00a:group-0B76B74B71B5:LeaderElection4] INFO  server.RaftServerConfigKeys (ConfUtils.java:logGet(43)) - raft.server.staging.catchup.gap = 1000 (default)
2019-09-19 14:21:19,905 [5dfaa0ea-416a-422c-a75d-43311aceb00a:group-0B76B74B71B5:LeaderElection4] INFO  server.RaftServerConfigKeys (ConfUtils.java:logGet(43)) - raft.server.rpc.sleep.time = 25ms (default)
2019-09-19 14:21:19,905 [5dfaa0ea-416a-422c-a75d-43311aceb00a:group-0B76B74B71B5:LeaderElection4] INFO  server.RaftServerConfigKeys (ConfUtils.java:logGet(43)) - raft.server.write.element-limit = 4096 (default)
2019-09-19 14:21:19,905 [grpc-default-executor-1] INFO  impl.RaftServerProxy (RaftServerProxy.java:addNew(89)) - 5dfaa0ea-416a-422c-a75d-43311aceb00a: addNew group-03DEC9D1EE2C:[5dfaa0ea-416a-422c-a75d-43311aceb00a:192.168.157.226:45629] returns group-03DEC9D1EE2C:java.util.concurrent.CompletableFuture@73065808[Not completed]
2019-09-19 14:21:19,905 [5dfaa0ea-416a-422c-a75d-43311aceb00a:group-0B76B74B71B5:LeaderElection4] INFO  server.RaftServerConfigKeys (ConfUtils.java:logGet(43)) - raft.server.watch.timeout = 10s (default)
2019-09-19 14:21:19,905 [5dfaa0ea-416a-422c-a75d-43311aceb00a:group-0B76B74B71B5:LeaderElection4] INFO  server.RaftServerConfigKeys (ConfUtils.java:logGet(43)) - raft.server.watch.timeout.denomination = 1s (default)
2019-09-19 14:21:19,905 [5dfaa0ea-416a-422c-a75d-43311aceb00a:group-0B76B74B71B5:LeaderElection4] INFO  server.RaftServerConfigKeys (ConfUtils.java:logGet(43)) - raft.server.watch.element-limit = 65536 (default)
2019-09-19 14:21:19,906 [5dfaa0ea-416a-422c-a75d-43311aceb00a:group-0B76B74B71B5:LeaderElection4] INFO  impl.RoleInfo (RoleInfo.java:updateAndGet(143)) - 5dfaa0ea-416a-422c-a75d-43311aceb00a: start LeaderState
2019-09-19 14:21:19,906 [5dfaa0ea-416a-422c-a75d-43311aceb00a:group-0B76B74B71B5:LeaderElection4] INFO  segmented.SegmentedRaftLogWorker (SegmentedRaftLogWorker.java:startLogSegment(380)) - 5dfaa0ea-416a-422c-a75d-43311aceb00a-SegmentedRaftLogWorker:Storage Directory /workdir/hadoop-ozone/integration-test/target/test-dir/MiniOzoneClusterImpl-210d6028-2152-4683-81ff-347b0d29bb13/datanode-1/data/ratis/4220572c-0c73-44a6-8305-0b76b74b71b5: Starting segment from index:0
2019-09-19 14:21:19,906 [5dfaa0ea-416a-422c-a75d-43311aceb00a:group-0B76B74B71B5:LeaderElection4] INFO  impl.RaftServerImpl (ServerState.java:setRaftConf(361)) - 5dfaa0ea-416a-422c-a75d-43311aceb00a:group-0B76B74B71B5 set configuration 0: [5dfaa0ea-416a-422c-a75d-43311aceb00a:192.168.157.226:45629], old=null at 0
2019-09-19 14:21:19,906 [pool-38-thread-1] INFO  impl.RaftServerImpl (RaftServerImpl.java:<init>(93)) - 5dfaa0ea-416a-422c-a75d-43311aceb00a: new RaftServerImpl for group-03DEC9D1EE2C:[5dfaa0ea-416a-422c-a75d-43311aceb00a:192.168.157.226:45629] with ContainerStateMachine:uninitialized
2019-09-19 14:21:19,932 [pool-38-thread-1] INFO  server.RaftServerConfigKeys (ConfUtils.java:logGet(43)) - raft.server.rpc.timeout.min = 5s (custom)
2019-09-19 14:21:19,932 [pool-38-thread-1] INFO  server.RaftServerConfigKeys (ConfUtils.java:logGet(43)) - raft.server.rpc.timeout.max = 5200ms (custom)
2019-09-19 14:21:19,932 [pool-38-thread-1] INFO  server.RaftServerConfigKeys (ConfUtils.java:logGet(43)) - raft.server.rpcslowness.timeout = 120s (custom)
2019-09-19 14:21:19,932 [pool-38-thread-1] INFO  server.RaftServerConfigKeys (ConfUtils.java:logGet(43)) - raft.server.sleep.deviation.threshold = 300 (default)
2019-09-19 14:21:19,932 [pool-38-thread-1] INFO  server.RaftServerConfigKeys (ConfUtils.java:logGet(43)) - raft.server.log.appender.install.snapshot.enabled = false (custom)
2019-09-19 14:21:19,932 [pool-38-thread-1] INFO  impl.RaftServerImpl (ServerState.java:<init>(105)) - 5dfaa0ea-416a-422c-a75d-43311aceb00a:group-03DEC9D1EE2C ConfigurationManager, init=-1: [5dfaa0ea-416a-422c-a75d-43311aceb00a:192.168.157.226:45629], old=null, confs=<EMPTY_MAP>
2019-09-19 14:21:19,932 [pool-38-thread-1] INFO  server.RaftServerConfigKeys (ConfUtils.java:logGet(43)) - raft.server.storage.dir = [/workdir/hadoop-ozone/integration-test/target/test-dir/MiniOzoneClusterImpl-210d6028-2152-4683-81ff-347b0d29bb13/datanode-1/data/ratis] (custom)
2019-09-19 14:21:19,933 [pool-38-thread-1] INFO  storage.RaftStorageDirectory (RaftStorageDirectory.java:analyzeStorage(246)) - The storage directory /workdir/hadoop-ozone/integration-test/target/test-dir/MiniOzoneClusterImpl-210d6028-2152-4683-81ff-347b0d29bb13/datanode-1/data/ratis/4aa9cad1-5eb6-4efb-98df-03dec9d1ee2c does not exist. Creating ...
2019-09-19 14:21:19,945 [pool-38-thread-1] INFO  storage.RaftStorageDirectory (RaftStorageDirectory.java:tryLock(328)) - Lock on /workdir/hadoop-ozone/integration-test/target/test-dir/MiniOzoneClusterImpl-210d6028-2152-4683-81ff-347b0d29bb13/datanode-1/data/ratis/4aa9cad1-5eb6-4efb-98df-03dec9d1ee2c/in_use.lock acquired by nodename 16198@pr-hdds-1569-swxfz-3172132826
2019-09-19 14:21:19,945 [5dfaa0ea-416a-422c-a75d-43311aceb00a-SegmentedRaftLogWorker:Storage Directory /workdir/hadoop-ozone/integration-test/target/test-dir/MiniOzoneClusterImpl-210d6028-2152-4683-81ff-347b0d29bb13/datanode-1/data/ratis/4220572c-0c73-44a6-8305-0b76b74b71b5] INFO  segmented.SegmentedRaftLogWorker (SegmentedRaftLogWorker.java:execute(569)) - 5dfaa0ea-416a-422c-a75d-43311aceb00a-SegmentedRaftLogWorker:Storage Directory /workdir/hadoop-ozone/integration-test/target/test-dir/MiniOzoneClusterImpl-210d6028-2152-4683-81ff-347b0d29bb13/datanode-1/data/ratis/4220572c-0c73-44a6-8305-0b76b74b71b5: created new log segment /workdir/hadoop-ozone/integration-test/target/test-dir/MiniOzoneClusterImpl-210d6028-2152-4683-81ff-347b0d29bb13/datanode-1/data/ratis/4220572c-0c73-44a6-8305-0b76b74b71b5/current/log_inprogress_0
2019-09-19 14:21:19,955 [Thread-251] INFO  impl.FollowerState (FollowerState.java:run(106)) - 85c6a9f3-b9a5-43a5-ac4f-9aa7bd5f2263:group-949CB3C11D2E changes to CANDIDATE, lastRpcTime:5050, electionTimeout:5050ms
2019-09-19 14:21:19,955 [Thread-251] INFO  impl.RoleInfo (RoleInfo.java:shutdownFollowerState(121)) - 85c6a9f3-b9a5-43a5-ac4f-9aa7bd5f2263: shutdown FollowerState
2019-09-19 14:21:19,955 [Thread-251] INFO  impl.RaftServerImpl (RaftServerImpl.java:setRole(171)) - 85c6a9f3-b9a5-43a5-ac4f-9aa7bd5f2263:group-949CB3C11D2E changes role from FOLLOWER to CANDIDATE at term 0 for changeToCandidate
2019-09-19 14:21:19,955 [Thread-251] INFO  impl.RoleInfo (RoleInfo.java:updateAndGet(143)) - 85c6a9f3-b9a5-43a5-ac4f-9aa7bd5f2263: start LeaderElection
2019-09-19 14:21:19,961 [pool-38-thread-1] INFO  storage.RaftStorage (RaftStorage.java:format(72)) - Storage directory /workdir/hadoop-ozone/integration-test/target/test-dir/MiniOzoneClusterImpl-210d6028-2152-4683-81ff-347b0d29bb13/datanode-1/data/ratis/4aa9cad1-5eb6-4efb-98df-03dec9d1ee2c has been successfully formatted.
2019-09-19 14:21:19,961 [pool-38-thread-1] INFO  ratis.ContainerStateMachine (ContainerStateMachine.java:loadSnapshot(226)) - group-03DEC9D1EE2C: The snapshot info is null. Setting the last applied indexto:(t:0, i:~)
2019-09-19 14:21:19,961 [pool-38-thread-1] INFO  server.RaftServerConfigKeys (ConfUtils.java:logGet(43)) - raft.server.leader.election.timeout = 120s (custom)
2019-09-19 14:21:19,961 [pool-38-thread-1] INFO  server.RaftServerConfigKeys (ConfUtils.java:logGet(43)) - raft.server.log.use.memory = false (default)
2019-09-19 14:21:19,961 [pool-38-thread-1] INFO  server.RaftServerConfigKeys (ConfUtils.java:logGet(43)) - raft.server.log.purge.gap = 1000000 (custom)
2019-09-19 14:21:19,961 [pool-38-thread-1] INFO  server.RaftServerConfigKeys (ConfUtils.java:logGet(43)) - raft.server.log.appender.buffer.byte-limit = 33554432 (custom)
2019-09-19 14:21:19,962 [pool-38-thread-1] INFO  server.RaftServerConfigKeys (ConfUtils.java:logGet(43)) - raft.server.log.segment.size.max = 1048576 (custom)
2019-09-19 14:21:19,962 [pool-38-thread-1] INFO  server.RaftServerConfigKeys (ConfUtils.java:logGet(43)) - raft.server.log.segment.cache.num.max = 2 (custom)
2019-09-19 14:21:19,962 [pool-38-thread-1] INFO  segmented.SegmentedRaftLogWorker (SegmentedRaftLogWorker.java:<init>(172)) - new 5dfaa0ea-416a-422c-a75d-43311aceb00a-SegmentedRaftLogWorker:Storage Directory /workdir/hadoop-ozone/integration-test/target/test-dir/MiniOzoneClusterImpl-210d6028-2152-4683-81ff-347b0d29bb13/datanode-1/data/ratis/4aa9cad1-5eb6-4efb-98df-03dec9d1ee2c for RaftStorage:Storage Directory /workdir/hadoop-ozone/integration-test/target/test-dir/MiniOzoneClusterImpl-210d6028-2152-4683-81ff-347b0d29bb13/datanode-1/data/ratis/4aa9cad1-5eb6-4efb-98df-03dec9d1ee2c
2019-09-19 14:21:19,962 [pool-38-thread-1] INFO  server.RaftServerConfigKeys (ConfUtils.java:logGet(43)) - raft.server.log.queue.byte-limit = 2147483647 (custom)
2019-09-19 14:21:19,962 [pool-38-thread-1] INFO  server.RaftServerConfigKeys (ConfUtils.java:logGet(43)) - raft.server.log.queue.element-limit = 1024 (custom)
2019-09-19 14:21:19,962 [pool-38-thread-1] INFO  server.RaftServerConfigKeys (ConfUtils.java:logGet(43)) - raft.server.log.segment.size.max = 1048576 (custom)
2019-09-19 14:21:19,962 [pool-38-thread-1] INFO  server.RaftServerConfigKeys (ConfUtils.java:logGet(43)) - raft.server.log.preallocated.size = 16384 (custom)
2019-09-19 14:21:19,962 [pool-38-thread-1] INFO  server.RaftServerConfigKeys (ConfUtils.java:logGet(43)) - raft.server.log.write.buffer.size = 33554432 (custom)
2019-09-19 14:21:19,962 [pool-38-thread-1] INFO  server.RaftServerConfigKeys (ConfUtils.java:logGet(43)) - raft.server.log.force.sync.num = 128 (default)
2019-09-19 14:21:19,962 [pool-38-thread-1] INFO  server.RaftServerConfigKeys (ConfUtils.java:logGet(43)) - raft.server.log.statemachine.data.sync = true (default)
2019-09-19 14:21:19,962 [pool-38-thread-1] INFO  server.RaftServerConfigKeys (ConfUtils.java:logGet(43)) - raft.server.log.statemachine.data.sync.timeout = 10s (default)
2019-09-19 14:21:19,963 [pool-38-thread-1] INFO  server.RaftServerConfigKeys (ConfUtils.java:logGet(43)) - raft.server.log.statemachine.data.sync.timeout.retry = -1 (default)
2019-09-19 14:21:19,963 [pool-38-thread-1] INFO  server.RaftServerConfigKeys (ConfUtils.java:logGet(43)) - raft.server.log.statemachine.data.caching.enabled = true (custom)
2019-09-19 14:21:19,963 [pool-38-thread-1] INFO  segmented.SegmentedRaftLogWorker (SegmentedRaftLogWorker.java:lambda$new$0(132)) - 5dfaa0ea-416a-422c-a75d-43311aceb00a-SegmentedRaftLogWorker:Storage Directory /workdir/hadoop-ozone/integration-test/target/test-dir/MiniOzoneClusterImpl-210d6028-2152-4683-81ff-347b0d29bb13/datanode-1/data/ratis/4aa9cad1-5eb6-4efb-98df-03dec9d1ee2c: flushIndex: setUnconditionally 0 -> -1
2019-09-19 14:21:19,963 [pool-38-thread-1] INFO  server.RaftServerConfigKeys (ConfUtils.java:logGet(43)) - raft.server.snapshot.auto.trigger.enabled = true (custom)
2019-09-19 14:21:19,963 [pool-38-thread-1] INFO  server.RaftServerConfigKeys (ConfUtils.java:logGet(43)) - raft.server.snapshot.auto.trigger.threshold = 10000 (custom)
2019-09-19 14:21:19,963 [pool-38-thread-1] INFO  server.RaftServerConfigKeys (ConfUtils.java:logGet(43)) - raft.server.retrycache.expirytime = 600000ms (custom)
2019-09-19 14:21:19,964 [pool-38-thread-1] INFO  impl.RaftServerImpl (RaftServerImpl.java:start(180)) - 5dfaa0ea-416a-422c-a75d-43311aceb00a: start group-03DEC9D1EE2C
2019-09-19 14:21:19,964 [pool-38-thread-1] INFO  impl.RaftServerImpl (RaftServerImpl.java:setRole(171)) - 5dfaa0ea-416a-422c-a75d-43311aceb00a:group-03DEC9D1EE2C changes role from null to FOLLOWER at term 0 for startAsFollower
2019-09-19 14:21:19,964 [pool-38-thread-1] INFO  impl.RoleInfo (RoleInfo.java:updateAndGet(143)) - 5dfaa0ea-416a-422c-a75d-43311aceb00a: start FollowerState
2019-09-19 14:21:19,964 [pool-38-thread-1] INFO  util.JmxRegister (JmxRegister.java:tryRegister(44)) - Successfully registered JMX Bean with object name Ratis:service=RaftServer,group=group-03DEC9D1EE2C,id=5dfaa0ea-416a-422c-a75d-43311aceb00a
2019-09-19 14:21:19,966 [RatisPipelineUtilsThread] INFO  pipeline.PipelineStateManager (PipelineStateManager.java:addPipeline(56)) - Created pipeline Pipeline[ Id: 4aa9cad1-5eb6-4efb-98df-03dec9d1ee2c, Nodes: 5dfaa0ea-416a-422c-a75d-43311aceb00a{ip: 192.168.157.226, host: pr-hdds-1569-swxfz-3172132826, networkLocation: /default-rack, certSerialId: null}, Type:RATIS, Factor:ONE, State:OPEN]
2019-09-19 14:21:19,970 [grpc-default-executor-1] INFO  impl.RaftServerProxy (RaftServerProxy.java:addNew(89)) - 85c6a9f3-b9a5-43a5-ac4f-9aa7bd5f2263: addNew group-111669BAE36C:[85c6a9f3-b9a5-43a5-ac4f-9aa7bd5f2263:192.168.157.226:45170] returns group-111669BAE36C:java.util.concurrent.CompletableFuture@1a2f78da[Not completed]
2019-09-19 14:21:19,971 [pool-27-thread-1] INFO  impl.RaftServerImpl (RaftServerImpl.java:<init>(93)) - 85c6a9f3-b9a5-43a5-ac4f-9aa7bd5f2263: new RaftServerImpl for group-111669BAE36C:[85c6a9f3-b9a5-43a5-ac4f-9aa7bd5f2263:192.168.157.226:45170] with ContainerStateMachine:uninitialized
2019-09-19 14:21:19,971 [pool-27-thread-1] INFO  server.RaftServerConfigKeys (ConfUtils.java:logGet(43)) - raft.server.rpc.timeout.min = 5s (custom)
2019-09-19 14:21:19,971 [pool-27-thread-1] INFO  server.RaftServerConfigKeys (ConfUtils.java:logGet(43)) - raft.server.rpc.timeout.max = 5200ms (custom)
2019-09-19 14:21:19,971 [pool-27-thread-1] INFO  server.RaftServerConfigKeys (ConfUtils.java:logGet(43)) - raft.server.rpcslowness.timeout = 120s (custom)
2019-09-19 14:21:19,972 [pool-27-thread-1] INFO  server.RaftServerConfigKeys (ConfUtils.java:logGet(43)) - raft.server.sleep.deviation.threshold = 300 (default)
2019-09-19 14:21:19,972 [pool-27-thread-1] INFO  server.RaftServerConfigKeys (ConfUtils.java:logGet(43)) - raft.server.log.appender.install.snapshot.enabled = false (custom)
2019-09-19 14:21:19,972 [pool-27-thread-1] INFO  impl.RaftServerImpl (ServerState.java:<init>(105)) - 85c6a9f3-b9a5-43a5-ac4f-9aa7bd5f2263:group-111669BAE36C ConfigurationManager, init=-1: [85c6a9f3-b9a5-43a5-ac4f-9aa7bd5f2263:192.168.157.226:45170], old=null, confs=<EMPTY_MAP>
2019-09-19 14:21:19,972 [pool-27-thread-1] INFO  server.RaftServerConfigKeys (ConfUtils.java:logGet(43)) - raft.server.storage.dir = [/workdir/hadoop-ozone/integration-test/target/test-dir/MiniOzoneClusterImpl-210d6028-2152-4683-81ff-347b0d29bb13/datanode-0/data/ratis] (custom)
2019-09-19 14:21:19,972 [pool-27-thread-1] INFO  storage.RaftStorageDirectory (RaftStorageDirectory.java:analyzeStorage(246)) - The storage directory /workdir/hadoop-ozone/integration-test/target/test-dir/MiniOzoneClusterImpl-210d6028-2152-4683-81ff-347b0d29bb13/datanode-0/data/ratis/685c9429-6346-4d93-9d6e-111669bae36c does not exist. Creating ...
2019-09-19 14:21:19,974 [85c6a9f3-b9a5-43a5-ac4f-9aa7bd5f2263:group-949CB3C11D2E:LeaderElection5] INFO  impl.LeaderElection (LeaderElection.java:askForVotes(181)) - 85c6a9f3-b9a5-43a5-ac4f-9aa7bd5f2263:group-949CB3C11D2E:LeaderElection5: begin an election at term 1 for -1: [85c6a9f3-b9a5-43a5-ac4f-9aa7bd5f2263:192.168.157.226:45170], old=null
2019-09-19 14:21:19,974 [85c6a9f3-b9a5-43a5-ac4f-9aa7bd5f2263:group-949CB3C11D2E:LeaderElection5] INFO  impl.RoleInfo (RoleInfo.java:shutdownLeaderElection(134)) - 85c6a9f3-b9a5-43a5-ac4f-9aa7bd5f2263: shutdown LeaderElection
2019-09-19 14:21:19,974 [85c6a9f3-b9a5-43a5-ac4f-9aa7bd5f2263:group-949CB3C11D2E:LeaderElection5] INFO  impl.RaftServerImpl (RaftServerImpl.java:setRole(171)) - 85c6a9f3-b9a5-43a5-ac4f-9aa7bd5f2263:group-949CB3C11D2E changes role from CANDIDATE to LEADER at term 1 for changeToLeader
2019-09-19 14:21:19,974 [85c6a9f3-b9a5-43a5-ac4f-9aa7bd5f2263:group-949CB3C11D2E:LeaderElection5] INFO  impl.RaftServerImpl (ServerState.java:setLeader(263)) - 85c6a9f3-b9a5-43a5-ac4f-9aa7bd5f2263:group-949CB3C11D2E change Leader from null to 85c6a9f3-b9a5-43a5-ac4f-9aa7bd5f2263 at term 1 for becomeLeader, leader elected after 5074ms
2019-09-19 14:21:19,974 [85c6a9f3-b9a5-43a5-ac4f-9aa7bd5f2263:group-949CB3C11D2E:LeaderElection5] INFO  server.RaftServerConfigKeys (ConfUtils.java:logGet(43)) - raft.server.staging.catchup.gap = 1000 (default)
2019-09-19 14:21:19,974 [85c6a9f3-b9a5-43a5-ac4f-9aa7bd5f2263:group-949CB3C11D2E:LeaderElection5] INFO  server.RaftServerConfigKeys (ConfUtils.java:logGet(43)) - raft.server.rpc.sleep.time = 25ms (default)
2019-09-19 14:21:19,975 [85c6a9f3-b9a5-43a5-ac4f-9aa7bd5f2263:group-949CB3C11D2E:LeaderElection5] INFO  server.RaftServerConfigKeys (ConfUtils.java:logGet(43)) - raft.server.write.element-limit = 4096 (default)
2019-09-19 14:21:19,975 [85c6a9f3-b9a5-43a5-ac4f-9aa7bd5f2263:group-949CB3C11D2E:LeaderElection5] INFO  server.RaftServerConfigKeys (ConfUtils.java:logGet(43)) - raft.server.watch.timeout = 10s (default)
2019-09-19 14:21:19,975 [85c6a9f3-b9a5-43a5-ac4f-9aa7bd5f2263:group-949CB3C11D2E:LeaderElection5] INFO  server.RaftServerConfigKeys (ConfUtils.java:logGet(43)) - raft.server.watch.timeout.denomination = 1s (default)
2019-09-19 14:21:19,975 [85c6a9f3-b9a5-43a5-ac4f-9aa7bd5f2263:group-949CB3C11D2E:LeaderElection5] INFO  server.RaftServerConfigKeys (ConfUtils.java:logGet(43)) - raft.server.watch.element-limit = 65536 (default)
2019-09-19 14:21:19,975 [85c6a9f3-b9a5-43a5-ac4f-9aa7bd5f2263:group-949CB3C11D2E:LeaderElection5] INFO  impl.RoleInfo (RoleInfo.java:updateAndGet(143)) - 85c6a9f3-b9a5-43a5-ac4f-9aa7bd5f2263: start LeaderState
2019-09-19 14:21:19,975 [85c6a9f3-b9a5-43a5-ac4f-9aa7bd5f2263:group-949CB3C11D2E:LeaderElection5] INFO  segmented.SegmentedRaftLogWorker (SegmentedRaftLogWorker.java:startLogSegment(380)) - 85c6a9f3-b9a5-43a5-ac4f-9aa7bd5f2263-SegmentedRaftLogWorker:Storage Directory /workdir/hadoop-ozone/integration-test/target/test-dir/MiniOzoneClusterImpl-210d6028-2152-4683-81ff-347b0d29bb13/datanode-0/data/ratis/4c791e2a-1118-4bda-b8af-949cb3c11d2e: Starting segment from index:0
2019-09-19 14:21:19,976 [85c6a9f3-b9a5-43a5-ac4f-9aa7bd5f2263:group-949CB3C11D2E:LeaderElection5] INFO  impl.RaftServerImpl (ServerState.java:setRaftConf(361)) - 85c6a9f3-b9a5-43a5-ac4f-9aa7bd5f2263:group-949CB3C11D2E set configuration 0: [85c6a9f3-b9a5-43a5-ac4f-9aa7bd5f2263:192.168.157.226:45170], old=null at 0
2019-09-19 14:21:20,002 [Thread-254] INFO  impl.FollowerState (FollowerState.java:run(106)) - 306a7a99-f2a5-4f40-b42b-2fc2def08a6a:group-52DE321D4DA9 changes to CANDIDATE, lastRpcTime:5032, electionTimeout:5024ms
2019-09-19 14:21:20,002 [pool-27-thread-1] INFO  storage.RaftStorageDirectory (RaftStorageDirectory.java:tryLock(328)) - Lock on /workdir/hadoop-ozone/integration-test/target/test-dir/MiniOzoneClusterImpl-210d6028-2152-4683-81ff-347b0d29bb13/datanode-0/data/ratis/685c9429-6346-4d93-9d6e-111669bae36c/in_use.lock acquired by nodename 16198@pr-hdds-1569-swxfz-3172132826
2019-09-19 14:21:20,003 [Thread-254] INFO  impl.RoleInfo (RoleInfo.java:shutdownFollowerState(121)) - 306a7a99-f2a5-4f40-b42b-2fc2def08a6a: shutdown FollowerState
2019-09-19 14:21:20,003 [Thread-254] INFO  impl.RaftServerImpl (RaftServerImpl.java:setRole(171)) - 306a7a99-f2a5-4f40-b42b-2fc2def08a6a:group-52DE321D4DA9 changes role from FOLLOWER to CANDIDATE at term 0 for changeToCandidate
2019-09-19 14:21:20,003 [Thread-254] INFO  impl.RoleInfo (RoleInfo.java:updateAndGet(143)) - 306a7a99-f2a5-4f40-b42b-2fc2def08a6a: start LeaderElection
2019-09-19 14:21:20,015 [85c6a9f3-b9a5-43a5-ac4f-9aa7bd5f2263-SegmentedRaftLogWorker:Storage Directory /workdir/hadoop-ozone/integration-test/target/test-dir/MiniOzoneClusterImpl-210d6028-2152-4683-81ff-347b0d29bb13/datanode-0/data/ratis/4c791e2a-1118-4bda-b8af-949cb3c11d2e] INFO  segmented.SegmentedRaftLogWorker (SegmentedRaftLogWorker.java:execute(569)) - 85c6a9f3-b9a5-43a5-ac4f-9aa7bd5f2263-SegmentedRaftLogWorker:Storage Directory /workdir/hadoop-ozone/integration-test/target/test-dir/MiniOzoneClusterImpl-210d6028-2152-4683-81ff-347b0d29bb13/datanode-0/data/ratis/4c791e2a-1118-4bda-b8af-949cb3c11d2e: created new log segment /workdir/hadoop-ozone/integration-test/target/test-dir/MiniOzoneClusterImpl-210d6028-2152-4683-81ff-347b0d29bb13/datanode-0/data/ratis/4c791e2a-1118-4bda-b8af-949cb3c11d2e/current/log_inprogress_0
2019-09-19 14:21:20,015 [306a7a99-f2a5-4f40-b42b-2fc2def08a6a:group-52DE321D4DA9:LeaderElection6] INFO  impl.LeaderElection (LeaderElection.java:askForVotes(181)) - 306a7a99-f2a5-4f40-b42b-2fc2def08a6a:group-52DE321D4DA9:LeaderElection6: begin an election at term 1 for -1: [306a7a99-f2a5-4f40-b42b-2fc2def08a6a:192.168.157.226:42633], old=null
2019-09-19 14:21:20,015 [pool-27-thread-1] INFO  storage.RaftStorage (RaftStorage.java:format(72)) - Storage directory /workdir/hadoop-ozone/integration-test/target/test-dir/MiniOzoneClusterImpl-210d6028-2152-4683-81ff-347b0d29bb13/datanode-0/data/ratis/685c9429-6346-4d93-9d6e-111669bae36c has been successfully formatted.
2019-09-19 14:21:20,016 [306a7a99-f2a5-4f40-b42b-2fc2def08a6a:group-52DE321D4DA9:LeaderElection6] INFO  impl.RoleInfo (RoleInfo.java:shutdownLeaderElection(134)) - 306a7a99-f2a5-4f40-b42b-2fc2def08a6a: shutdown LeaderElection
2019-09-19 14:21:20,016 [306a7a99-f2a5-4f40-b42b-2fc2def08a6a:group-52DE321D4DA9:LeaderElection6] INFO  impl.RaftServerImpl (RaftServerImpl.java:setRole(171)) - 306a7a99-f2a5-4f40-b42b-2fc2def08a6a:group-52DE321D4DA9 changes role from CANDIDATE to LEADER at term 1 for changeToLeader
2019-09-19 14:21:20,016 [306a7a99-f2a5-4f40-b42b-2fc2def08a6a:group-52DE321D4DA9:LeaderElection6] INFO  impl.RaftServerImpl (ServerState.java:setLeader(263)) - 306a7a99-f2a5-4f40-b42b-2fc2def08a6a:group-52DE321D4DA9 change Leader from null to 306a7a99-f2a5-4f40-b42b-2fc2def08a6a at term 1 for becomeLeader, leader elected after 5049ms
2019-09-19 14:21:20,016 [pool-27-thread-1] INFO  ratis.ContainerStateMachine (ContainerStateMachine.java:loadSnapshot(226)) - group-111669BAE36C: The snapshot info is null. Setting the last applied indexto:(t:0, i:~)
2019-09-19 14:21:20,018 [306a7a99-f2a5-4f40-b42b-2fc2def08a6a:group-52DE321D4DA9:LeaderElection6] INFO  server.RaftServerConfigKeys (ConfUtils.java:logGet(43)) - raft.server.staging.catchup.gap = 1000 (default)
2019-09-19 14:21:20,018 [pool-27-thread-1] INFO  server.RaftServerConfigKeys (ConfUtils.java:logGet(43)) - raft.server.leader.election.timeout = 120s (custom)
2019-09-19 14:21:20,018 [306a7a99-f2a5-4f40-b42b-2fc2def08a6a:group-52DE321D4DA9:LeaderElection6] INFO  server.RaftServerConfigKeys (ConfUtils.java:logGet(43)) - raft.server.rpc.sleep.time = 25ms (default)
2019-09-19 14:21:20,018 [pool-27-thread-1] INFO  server.RaftServerConfigKeys (ConfUtils.java:logGet(43)) - raft.server.log.use.memory = false (default)
2019-09-19 14:21:20,018 [306a7a99-f2a5-4f40-b42b-2fc2def08a6a:group-52DE321D4DA9:LeaderElection6] INFO  server.RaftServerConfigKeys (ConfUtils.java:logGet(43)) - raft.server.write.element-limit = 4096 (default)
2019-09-19 14:21:20,018 [pool-27-thread-1] INFO  server.RaftServerConfigKeys (ConfUtils.java:logGet(43)) - raft.server.log.purge.gap = 1000000 (custom)
2019-09-19 14:21:20,018 [306a7a99-f2a5-4f40-b42b-2fc2def08a6a:group-52DE321D4DA9:LeaderElection6] INFO  server.RaftServerConfigKeys (ConfUtils.java:logGet(43)) - raft.server.watch.timeout = 10s (default)
2019-09-19 14:21:20,019 [pool-27-thread-1] INFO  server.RaftServerConfigKeys (ConfUtils.java:logGet(43)) - raft.server.log.appender.buffer.byte-limit = 33554432 (custom)
2019-09-19 14:21:20,019 [306a7a99-f2a5-4f40-b42b-2fc2def08a6a:group-52DE321D4DA9:LeaderElection6] INFO  server.RaftServerConfigKeys (ConfUtils.java:logGet(43)) - raft.server.watch.timeout.denomination = 1s (default)
2019-09-19 14:21:20,019 [pool-27-thread-1] INFO  server.RaftServerConfigKeys (ConfUtils.java:logGet(43)) - raft.server.log.segment.size.max = 1048576 (custom)
2019-09-19 14:21:20,019 [306a7a99-f2a5-4f40-b42b-2fc2def08a6a:group-52DE321D4DA9:LeaderElection6] INFO  server.RaftServerConfigKeys (ConfUtils.java:logGet(43)) - raft.server.watch.element-limit = 65536 (default)
2019-09-19 14:21:20,019 [pool-27-thread-1] INFO  server.RaftServerConfigKeys (ConfUtils.java:logGet(43)) - raft.server.log.segment.cache.num.max = 2 (custom)
2019-09-19 14:21:20,019 [306a7a99-f2a5-4f40-b42b-2fc2def08a6a:group-52DE321D4DA9:LeaderElection6] INFO  impl.RoleInfo (RoleInfo.java:updateAndGet(143)) - 306a7a99-f2a5-4f40-b42b-2fc2def08a6a: start LeaderState
2019-09-19 14:21:20,019 [pool-27-thread-1] INFO  segmented.SegmentedRaftLogWorker (SegmentedRaftLogWorker.java:<init>(172)) - new 85c6a9f3-b9a5-43a5-ac4f-9aa7bd5f2263-SegmentedRaftLogWorker:Storage Directory /workdir/hadoop-ozone/integration-test/target/test-dir/MiniOzoneClusterImpl-210d6028-2152-4683-81ff-347b0d29bb13/datanode-0/data/ratis/685c9429-6346-4d93-9d6e-111669bae36c for RaftStorage:Storage Directory /workdir/hadoop-ozone/integration-test/target/test-dir/MiniOzoneClusterImpl-210d6028-2152-4683-81ff-347b0d29bb13/datanode-0/data/ratis/685c9429-6346-4d93-9d6e-111669bae36c
2019-09-19 14:21:20,019 [306a7a99-f2a5-4f40-b42b-2fc2def08a6a:group-52DE321D4DA9:LeaderElection6] INFO  segmented.SegmentedRaftLogWorker (SegmentedRaftLogWorker.java:startLogSegment(380)) - 306a7a99-f2a5-4f40-b42b-2fc2def08a6a-SegmentedRaftLogWorker:Storage Directory /workdir/hadoop-ozone/integration-test/target/test-dir/MiniOzoneClusterImpl-210d6028-2152-4683-81ff-347b0d29bb13/datanode-2/data/ratis/347c2fcd-01c3-4c9c-b99c-52de321d4da9: Starting segment from index:0
2019-09-19 14:21:20,019 [pool-27-thread-1] INFO  server.RaftServerConfigKeys (ConfUtils.java:logGet(43)) - raft.server.log.queue.byte-limit = 2147483647 (custom)
2019-09-19 14:21:20,020 [pool-27-thread-1] INFO  server.RaftServerConfigKeys (ConfUtils.java:logGet(43)) - raft.server.log.queue.element-limit = 1024 (custom)
2019-09-19 14:21:20,020 [306a7a99-f2a5-4f40-b42b-2fc2def08a6a:group-52DE321D4DA9:LeaderElection6] INFO  impl.RaftServerImpl (ServerState.java:setRaftConf(361)) - 306a7a99-f2a5-4f40-b42b-2fc2def08a6a:group-52DE321D4DA9 set configuration 0: [306a7a99-f2a5-4f40-b42b-2fc2def08a6a:192.168.157.226:42633], old=null at 0
2019-09-19 14:21:20,020 [pool-27-thread-1] INFO  server.RaftServerConfigKeys (ConfUtils.java:logGet(43)) - raft.server.log.segment.size.max = 1048576 (custom)
2019-09-19 14:21:20,045 [pool-27-thread-1] INFO  server.RaftServerConfigKeys (ConfUtils.java:logGet(43)) - raft.server.log.preallocated.size = 16384 (custom)
2019-09-19 14:21:20,045 [pool-27-thread-1] INFO  server.RaftServerConfigKeys (ConfUtils.java:logGet(43)) - raft.server.log.write.buffer.size = 33554432 (custom)
2019-09-19 14:21:20,045 [pool-27-thread-1] INFO  server.RaftServerConfigKeys (ConfUtils.java:logGet(43)) - raft.server.log.force.sync.num = 128 (default)
2019-09-19 14:21:20,045 [pool-27-thread-1] INFO  server.RaftServerConfigKeys (ConfUtils.java:logGet(43)) - raft.server.log.statemachine.data.sync = true (default)
2019-09-19 14:21:20,045 [pool-27-thread-1] INFO  server.RaftServerConfigKeys (ConfUtils.java:logGet(43)) - raft.server.log.statemachine.data.sync.timeout = 10s (default)
2019-09-19 14:21:20,045 [pool-27-thread-1] INFO  server.RaftServerConfigKeys (ConfUtils.java:logGet(43)) - raft.server.log.statemachine.data.sync.timeout.retry = -1 (default)
2019-09-19 14:21:20,045 [pool-27-thread-1] INFO  server.RaftServerConfigKeys (ConfUtils.java:logGet(43)) - raft.server.log.statemachine.data.caching.enabled = true (custom)
2019-09-19 14:21:20,046 [pool-27-thread-1] INFO  segmented.SegmentedRaftLogWorker (SegmentedRaftLogWorker.java:lambda$new$0(132)) - 85c6a9f3-b9a5-43a5-ac4f-9aa7bd5f2263-SegmentedRaftLogWorker:Storage Directory /workdir/hadoop-ozone/integration-test/target/test-dir/MiniOzoneClusterImpl-210d6028-2152-4683-81ff-347b0d29bb13/datanode-0/data/ratis/685c9429-6346-4d93-9d6e-111669bae36c: flushIndex: setUnconditionally 0 -> -1
2019-09-19 14:21:20,046 [pool-27-thread-1] INFO  server.RaftServerConfigKeys (ConfUtils.java:logGet(43)) - raft.server.snapshot.auto.trigger.enabled = true (custom)
2019-09-19 14:21:20,046 [pool-27-thread-1] INFO  server.RaftServerConfigKeys (ConfUtils.java:logGet(43)) - raft.server.snapshot.auto.trigger.threshold = 10000 (custom)
2019-09-19 14:21:20,046 [pool-27-thread-1] INFO  server.RaftServerConfigKeys (ConfUtils.java:logGet(43)) - raft.server.retrycache.expirytime = 600000ms (custom)
2019-09-19 14:21:20,046 [pool-27-thread-1] INFO  impl.RaftServerImpl (RaftServerImpl.java:start(180)) - 85c6a9f3-b9a5-43a5-ac4f-9aa7bd5f2263: start group-111669BAE36C
2019-09-19 14:21:20,046 [pool-27-thread-1] INFO  impl.RaftServerImpl (RaftServerImpl.java:setRole(171)) - 85c6a9f3-b9a5-43a5-ac4f-9aa7bd5f2263:group-111669BAE36C changes role from null to FOLLOWER at term 0 for startAsFollower
2019-09-19 14:21:20,046 [pool-27-thread-1] INFO  impl.RoleInfo (RoleInfo.java:updateAndGet(143)) - 85c6a9f3-b9a5-43a5-ac4f-9aa7bd5f2263: start FollowerState
2019-09-19 14:21:20,047 [pool-27-thread-1] INFO  util.JmxRegister (JmxRegister.java:tryRegister(44)) - Successfully registered JMX Bean with object name Ratis:service=RaftServer,group=group-111669BAE36C,id=85c6a9f3-b9a5-43a5-ac4f-9aa7bd5f2263
2019-09-19 14:21:20,049 [RatisPipelineUtilsThread] INFO  pipeline.PipelineStateManager (PipelineStateManager.java:addPipeline(56)) - Created pipeline Pipeline[ Id: 685c9429-6346-4d93-9d6e-111669bae36c, Nodes: 85c6a9f3-b9a5-43a5-ac4f-9aa7bd5f2263{ip: 192.168.157.226, host: pr-hdds-1569-swxfz-3172132826, networkLocation: /default-rack, certSerialId: null}, Type:RATIS, Factor:ONE, State:OPEN]
2019-09-19 14:21:20,050 [Thread-257] INFO  impl.FollowerState (FollowerState.java:run(106)) - 431517c4-8c09-4790-b37b-2e132c8143ad:group-46CACE2669B4 changes to CANDIDATE, lastRpcTime:5018, electionTimeout:5018ms
2019-09-19 14:21:20,050 [Thread-257] INFO  impl.RoleInfo (RoleInfo.java:shutdownFollowerState(121)) - 431517c4-8c09-4790-b37b-2e132c8143ad: shutdown FollowerState
2019-09-19 14:21:20,050 [Thread-257] INFO  impl.RaftServerImpl (RaftServerImpl.java:setRole(171)) - 431517c4-8c09-4790-b37b-2e132c8143ad:group-46CACE2669B4 changes role from FOLLOWER to CANDIDATE at term 0 for changeToCandidate
2019-09-19 14:21:20,050 [Thread-257] INFO  impl.RoleInfo (RoleInfo.java:updateAndGet(143)) - 431517c4-8c09-4790-b37b-2e132c8143ad: start LeaderElection
2019-09-19 14:21:20,057 [grpc-default-executor-1] INFO  impl.RaftServerProxy (RaftServerProxy.java:addNew(89)) - 6403e584-2209-453b-b79e-eeb0a7b58516: addNew group-CB88C037056F:[6403e584-2209-453b-b79e-eeb0a7b58516:192.168.157.226:35833] returns group-CB88C037056F:java.util.concurrent.CompletableFuture@6f6fb6be[Not completed]
2019-09-19 14:21:20,058 [306a7a99-f2a5-4f40-b42b-2fc2def08a6a-SegmentedRaftLogWorker:Storage Directory /workdir/hadoop-ozone/integration-test/target/test-dir/MiniOzoneClusterImpl-210d6028-2152-4683-81ff-347b0d29bb13/datanode-2/data/ratis/347c2fcd-01c3-4c9c-b99c-52de321d4da9] INFO  segmented.SegmentedRaftLogWorker (SegmentedRaftLogWorker.java:execute(569)) - 306a7a99-f2a5-4f40-b42b-2fc2def08a6a-SegmentedRaftLogWorker:Storage Directory /workdir/hadoop-ozone/integration-test/target/test-dir/MiniOzoneClusterImpl-210d6028-2152-4683-81ff-347b0d29bb13/datanode-2/data/ratis/347c2fcd-01c3-4c9c-b99c-52de321d4da9: created new log segment /workdir/hadoop-ozone/integration-test/target/test-dir/MiniOzoneClusterImpl-210d6028-2152-4683-81ff-347b0d29bb13/datanode-2/data/ratis/347c2fcd-01c3-4c9c-b99c-52de321d4da9/current/log_inprogress_0
2019-09-19 14:21:20,058 [pool-60-thread-1] INFO  impl.RaftServerImpl (RaftServerImpl.java:<init>(93)) - 6403e584-2209-453b-b79e-eeb0a7b58516: new RaftServerImpl for group-CB88C037056F:[6403e584-2209-453b-b79e-eeb0a7b58516:192.168.157.226:35833] with ContainerStateMachine:uninitialized
2019-09-19 14:21:20,058 [pool-60-thread-1] INFO  server.RaftServerConfigKeys (ConfUtils.java:logGet(43)) - raft.server.rpc.timeout.min = 5s (custom)
2019-09-19 14:21:20,058 [pool-60-thread-1] INFO  server.RaftServerConfigKeys (ConfUtils.java:logGet(43)) - raft.server.rpc.timeout.max = 5200ms (custom)
2019-09-19 14:21:20,058 [pool-60-thread-1] INFO  server.RaftServerConfigKeys (ConfUtils.java:logGet(43)) - raft.server.rpcslowness.timeout = 120s (custom)
2019-09-19 14:21:20,058 [pool-60-thread-1] INFO  server.RaftServerConfigKeys (ConfUtils.java:logGet(43)) - raft.server.sleep.deviation.threshold = 300 (default)
2019-09-19 14:21:20,058 [pool-60-thread-1] INFO  server.RaftServerConfigKeys (ConfUtils.java:logGet(43)) - raft.server.log.appender.install.snapshot.enabled = false (custom)
2019-09-19 14:21:20,058 [pool-60-thread-1] INFO  impl.RaftServerImpl (ServerState.java:<init>(105)) - 6403e584-2209-453b-b79e-eeb0a7b58516:group-CB88C037056F ConfigurationManager, init=-1: [6403e584-2209-453b-b79e-eeb0a7b58516:192.168.157.226:35833], old=null, confs=<EMPTY_MAP>
2019-09-19 14:21:20,059 [pool-60-thread-1] INFO  server.RaftServerConfigKeys (ConfUtils.java:logGet(43)) - raft.server.storage.dir = [/workdir/hadoop-ozone/integration-test/target/test-dir/MiniOzoneClusterImpl-210d6028-2152-4683-81ff-347b0d29bb13/datanode-3/data/ratis] (custom)
2019-09-19 14:21:20,059 [pool-60-thread-1] INFO  storage.RaftStorageDirectory (RaftStorageDirectory.java:analyzeStorage(246)) - The storage directory /workdir/hadoop-ozone/integration-test/target/test-dir/MiniOzoneClusterImpl-210d6028-2152-4683-81ff-347b0d29bb13/datanode-3/data/ratis/3586b59f-de3d-4e52-ba56-cb88c037056f does not exist. Creating ...
2019-09-19 14:21:20,062 [431517c4-8c09-4790-b37b-2e132c8143ad:group-46CACE2669B4:LeaderElection7] INFO  impl.LeaderElection (LeaderElection.java:askForVotes(181)) - 431517c4-8c09-4790-b37b-2e132c8143ad:group-46CACE2669B4:LeaderElection7: begin an election at term 1 for -1: [431517c4-8c09-4790-b37b-2e132c8143ad:192.168.157.226:40911], old=null
2019-09-19 14:21:20,062 [431517c4-8c09-4790-b37b-2e132c8143ad:group-46CACE2669B4:LeaderElection7] INFO  impl.RoleInfo (RoleInfo.java:shutdownLeaderElection(134)) - 431517c4-8c09-4790-b37b-2e132c8143ad: shutdown LeaderElection
2019-09-19 14:21:20,062 [431517c4-8c09-4790-b37b-2e132c8143ad:group-46CACE2669B4:LeaderElection7] INFO  impl.RaftServerImpl (RaftServerImpl.java:setRole(171)) - 431517c4-8c09-4790-b37b-2e132c8143ad:group-46CACE2669B4 changes role from CANDIDATE to LEADER at term 1 for changeToLeader
2019-09-19 14:21:20,062 [431517c4-8c09-4790-b37b-2e132c8143ad:group-46CACE2669B4:LeaderElection7] INFO  impl.RaftServerImpl (ServerState.java:setLeader(263)) - 431517c4-8c09-4790-b37b-2e132c8143ad:group-46CACE2669B4 change Leader from null to 431517c4-8c09-4790-b37b-2e132c8143ad at term 1 for becomeLeader, leader elected after 5033ms
2019-09-19 14:21:20,062 [431517c4-8c09-4790-b37b-2e132c8143ad:group-46CACE2669B4:LeaderElection7] INFO  server.RaftServerConfigKeys (ConfUtils.java:logGet(43)) - raft.server.staging.catchup.gap = 1000 (default)
2019-09-19 14:21:20,063 [431517c4-8c09-4790-b37b-2e132c8143ad:group-46CACE2669B4:LeaderElection7] INFO  server.RaftServerConfigKeys (ConfUtils.java:logGet(43)) - raft.server.rpc.sleep.time = 25ms (default)
2019-09-19 14:21:20,063 [431517c4-8c09-4790-b37b-2e132c8143ad:group-46CACE2669B4:LeaderElection7] INFO  server.RaftServerConfigKeys (ConfUtils.java:logGet(43)) - raft.server.write.element-limit = 4096 (default)
2019-09-19 14:21:20,063 [pool-60-thread-1] INFO  storage.RaftStorageDirectory (RaftStorageDirectory.java:tryLock(328)) - Lock on /workdir/hadoop-ozone/integration-test/target/test-dir/MiniOzoneClusterImpl-210d6028-2152-4683-81ff-347b0d29bb13/datanode-3/data/ratis/3586b59f-de3d-4e52-ba56-cb88c037056f/in_use.lock acquired by nodename 16198@pr-hdds-1569-swxfz-3172132826
2019-09-19 14:21:20,063 [431517c4-8c09-4790-b37b-2e132c8143ad:group-46CACE2669B4:LeaderElection7] INFO  server.RaftServerConfigKeys (ConfUtils.java:logGet(43)) - raft.server.watch.timeout = 10s (default)
2019-09-19 14:21:20,063 [431517c4-8c09-4790-b37b-2e132c8143ad:group-46CACE2669B4:LeaderElection7] INFO  server.RaftServerConfigKeys (ConfUtils.java:logGet(43)) - raft.server.watch.timeout.denomination = 1s (default)
2019-09-19 14:21:20,063 [431517c4-8c09-4790-b37b-2e132c8143ad:group-46CACE2669B4:LeaderElection7] INFO  server.RaftServerConfigKeys (ConfUtils.java:logGet(43)) - raft.server.watch.element-limit = 65536 (default)
2019-09-19 14:21:20,063 [431517c4-8c09-4790-b37b-2e132c8143ad:group-46CACE2669B4:LeaderElection7] INFO  impl.RoleInfo (RoleInfo.java:updateAndGet(143)) - 431517c4-8c09-4790-b37b-2e132c8143ad: start LeaderState
2019-09-19 14:21:20,064 [431517c4-8c09-4790-b37b-2e132c8143ad:group-46CACE2669B4:LeaderElection7] INFO  segmented.SegmentedRaftLogWorker (SegmentedRaftLogWorker.java:startLogSegment(380)) - 431517c4-8c09-4790-b37b-2e132c8143ad-SegmentedRaftLogWorker:Storage Directory /workdir/hadoop-ozone/integration-test/target/test-dir/MiniOzoneClusterImpl-210d6028-2152-4683-81ff-347b0d29bb13/datanode-5/data/ratis/72b7c4cf-4dd7-4e6f-908d-46cace2669b4: Starting segment from index:0
2019-09-19 14:21:20,064 [431517c4-8c09-4790-b37b-2e132c8143ad:group-46CACE2669B4:LeaderElection7] INFO  impl.RaftServerImpl (ServerState.java:setRaftConf(361)) - 431517c4-8c09-4790-b37b-2e132c8143ad:group-46CACE2669B4 set configuration 0: [431517c4-8c09-4790-b37b-2e132c8143ad:192.168.157.226:40911], old=null at 0
2019-09-19 14:21:20,090 [pool-60-thread-1] INFO  storage.RaftStorage (RaftStorage.java:format(72)) - Storage directory /workdir/hadoop-ozone/integration-test/target/test-dir/MiniOzoneClusterImpl-210d6028-2152-4683-81ff-347b0d29bb13/datanode-3/data/ratis/3586b59f-de3d-4e52-ba56-cb88c037056f has been successfully formatted.
2019-09-19 14:21:20,090 [pool-60-thread-1] INFO  ratis.ContainerStateMachine (ContainerStateMachine.java:loadSnapshot(226)) - group-CB88C037056F: The snapshot info is null. Setting the last applied indexto:(t:0, i:~)
2019-09-19 14:21:20,091 [pool-60-thread-1] INFO  server.RaftServerConfigKeys (ConfUtils.java:logGet(43)) - raft.server.leader.election.timeout = 120s (custom)
2019-09-19 14:21:20,091 [pool-60-thread-1] INFO  server.RaftServerConfigKeys (ConfUtils.java:logGet(43)) - raft.server.log.use.memory = false (default)
2019-09-19 14:21:20,091 [pool-60-thread-1] INFO  server.RaftServerConfigKeys (ConfUtils.java:logGet(43)) - raft.server.log.purge.gap = 1000000 (custom)
2019-09-19 14:21:20,091 [pool-60-thread-1] INFO  server.RaftServerConfigKeys (ConfUtils.java:logGet(43)) - raft.server.log.appender.buffer.byte-limit = 33554432 (custom)
2019-09-19 14:21:20,091 [pool-60-thread-1] INFO  server.RaftServerConfigKeys (ConfUtils.java:logGet(43)) - raft.server.log.segment.size.max = 1048576 (custom)
2019-09-19 14:21:20,091 [pool-60-thread-1] INFO  server.RaftServerConfigKeys (ConfUtils.java:logGet(43)) - raft.server.log.segment.cache.num.max = 2 (custom)
2019-09-19 14:21:20,091 [pool-60-thread-1] INFO  segmented.SegmentedRaftLogWorker (SegmentedRaftLogWorker.java:<init>(172)) - new 6403e584-2209-453b-b79e-eeb0a7b58516-SegmentedRaftLogWorker:Storage Directory /workdir/hadoop-ozone/integration-test/target/test-dir/MiniOzoneClusterImpl-210d6028-2152-4683-81ff-347b0d29bb13/datanode-3/data/ratis/3586b59f-de3d-4e52-ba56-cb88c037056f for RaftStorage:Storage Directory /workdir/hadoop-ozone/integration-test/target/test-dir/MiniOzoneClusterImpl-210d6028-2152-4683-81ff-347b0d29bb13/datanode-3/data/ratis/3586b59f-de3d-4e52-ba56-cb88c037056f
2019-09-19 14:21:20,091 [pool-60-thread-1] INFO  server.RaftServerConfigKeys (ConfUtils.java:logGet(43)) - raft.server.log.queue.byte-limit = 2147483647 (custom)
2019-09-19 14:21:20,091 [pool-60-thread-1] INFO  server.RaftServerConfigKeys (ConfUtils.java:logGet(43)) - raft.server.log.queue.element-limit = 1024 (custom)
2019-09-19 14:21:20,091 [pool-60-thread-1] INFO  server.RaftServerConfigKeys (ConfUtils.java:logGet(43)) - raft.server.log.segment.size.max = 1048576 (custom)
2019-09-19 14:21:20,092 [pool-60-thread-1] INFO  server.RaftServerConfigKeys (ConfUtils.java:logGet(43)) - raft.server.log.preallocated.size = 16384 (custom)
2019-09-19 14:21:20,092 [pool-60-thread-1] INFO  server.RaftServerConfigKeys (ConfUtils.java:logGet(43)) - raft.server.log.write.buffer.size = 33554432 (custom)
2019-09-19 14:21:20,092 [pool-60-thread-1] INFO  server.RaftServerConfigKeys (ConfUtils.java:logGet(43)) - raft.server.log.force.sync.num = 128 (default)
2019-09-19 14:21:20,092 [pool-60-thread-1] INFO  server.RaftServerConfigKeys (ConfUtils.java:logGet(43)) - raft.server.log.statemachine.data.sync = true (default)
2019-09-19 14:21:20,092 [pool-60-thread-1] INFO  server.RaftServerConfigKeys (ConfUtils.java:logGet(43)) - raft.server.log.statemachine.data.sync.timeout = 10s (default)
2019-09-19 14:21:20,092 [pool-60-thread-1] INFO  server.RaftServerConfigKeys (ConfUtils.java:logGet(43)) - raft.server.log.statemachine.data.sync.timeout.retry = -1 (default)
2019-09-19 14:21:20,092 [pool-60-thread-1] INFO  server.RaftServerConfigKeys (ConfUtils.java:logGet(43)) - raft.server.log.statemachine.data.caching.enabled = true (custom)
2019-09-19 14:21:20,092 [pool-60-thread-1] INFO  segmented.SegmentedRaftLogWorker (SegmentedRaftLogWorker.java:lambda$new$0(132)) - 6403e584-2209-453b-b79e-eeb0a7b58516-SegmentedRaftLogWorker:Storage Directory /workdir/hadoop-ozone/integration-test/target/test-dir/MiniOzoneClusterImpl-210d6028-2152-4683-81ff-347b0d29bb13/datanode-3/data/ratis/3586b59f-de3d-4e52-ba56-cb88c037056f: flushIndex: setUnconditionally 0 -> -1
2019-09-19 14:21:20,093 [pool-60-thread-1] INFO  server.RaftServerConfigKeys (ConfUtils.java:logGet(43)) - raft.server.snapshot.auto.trigger.enabled = true (custom)
2019-09-19 14:21:20,093 [pool-60-thread-1] INFO  server.RaftServerConfigKeys (ConfUtils.java:logGet(43)) - raft.server.snapshot.auto.trigger.threshold = 10000 (custom)
2019-09-19 14:21:20,093 [pool-60-thread-1] INFO  server.RaftServerConfigKeys (ConfUtils.java:logGet(43)) - raft.server.retrycache.expirytime = 600000ms (custom)
2019-09-19 14:21:20,093 [pool-60-thread-1] INFO  impl.RaftServerImpl (RaftServerImpl.java:start(180)) - 6403e584-2209-453b-b79e-eeb0a7b58516: start group-CB88C037056F
2019-09-19 14:21:20,093 [pool-60-thread-1] INFO  impl.RaftServerImpl (RaftServerImpl.java:setRole(171)) - 6403e584-2209-453b-b79e-eeb0a7b58516:group-CB88C037056F changes role from null to FOLLOWER at term 0 for startAsFollower
2019-09-19 14:21:20,093 [pool-60-thread-1] INFO  impl.RoleInfo (RoleInfo.java:updateAndGet(143)) - 6403e584-2209-453b-b79e-eeb0a7b58516: start FollowerState
2019-09-19 14:21:20,094 [pool-60-thread-1] INFO  util.JmxRegister (JmxRegister.java:tryRegister(44)) - Successfully registered JMX Bean with object name Ratis:service=RaftServer,group=group-CB88C037056F,id=6403e584-2209-453b-b79e-eeb0a7b58516
2019-09-19 14:21:20,096 [RatisPipelineUtilsThread] INFO  pipeline.PipelineStateManager (PipelineStateManager.java:addPipeline(56)) - Created pipeline Pipeline[ Id: 3586b59f-de3d-4e52-ba56-cb88c037056f, Nodes: 6403e584-2209-453b-b79e-eeb0a7b58516{ip: 192.168.157.226, host: pr-hdds-1569-swxfz-3172132826, networkLocation: /default-rack, certSerialId: null}, Type:RATIS, Factor:ONE, State:OPEN]
2019-09-19 14:21:20,099 [grpc-default-executor-1] INFO  impl.RaftServerProxy (RaftServerProxy.java:addNew(89)) - 6403e584-2209-453b-b79e-eeb0a7b58516: addNew group-A99CE1758501:[6403e584-2209-453b-b79e-eeb0a7b58516:192.168.157.226:35833] returns group-A99CE1758501:java.util.concurrent.CompletableFuture@576baf6b[Not completed]
2019-09-19 14:21:20,100 [pool-60-thread-1] INFO  impl.RaftServerImpl (RaftServerImpl.java:<init>(93)) - 6403e584-2209-453b-b79e-eeb0a7b58516: new RaftServerImpl for group-A99CE1758501:[6403e584-2209-453b-b79e-eeb0a7b58516:192.168.157.226:35833] with ContainerStateMachine:uninitialized
2019-09-19 14:21:20,100 [pool-60-thread-1] INFO  server.RaftServerConfigKeys (ConfUtils.java:logGet(43)) - raft.server.rpc.timeout.min = 5s (custom)
2019-09-19 14:21:20,100 [pool-60-thread-1] INFO  server.RaftServerConfigKeys (ConfUtils.java:logGet(43)) - raft.server.rpc.timeout.max = 5200ms (custom)
2019-09-19 14:21:20,100 [pool-60-thread-1] INFO  server.RaftServerConfigKeys (ConfUtils.java:logGet(43)) - raft.server.rpcslowness.timeout = 120s (custom)
2019-09-19 14:21:20,100 [pool-60-thread-1] INFO  server.RaftServerConfigKeys (ConfUtils.java:logGet(43)) - raft.server.sleep.deviation.threshold = 300 (default)
2019-09-19 14:21:20,101 [pool-60-thread-1] INFO  server.RaftServerConfigKeys (ConfUtils.java:logGet(43)) - raft.server.log.appender.install.snapshot.enabled = false (custom)
2019-09-19 14:21:20,101 [pool-60-thread-1] INFO  impl.RaftServerImpl (ServerState.java:<init>(105)) - 6403e584-2209-453b-b79e-eeb0a7b58516:group-A99CE1758501 ConfigurationManager, init=-1: [6403e584-2209-453b-b79e-eeb0a7b58516:192.168.157.226:35833], old=null, confs=<EMPTY_MAP>
2019-09-19 14:21:20,101 [pool-60-thread-1] INFO  server.RaftServerConfigKeys (ConfUtils.java:logGet(43)) - raft.server.storage.dir = [/workdir/hadoop-ozone/integration-test/target/test-dir/MiniOzoneClusterImpl-210d6028-2152-4683-81ff-347b0d29bb13/datanode-3/data/ratis] (custom)
2019-09-19 14:21:20,101 [pool-60-thread-1] INFO  storage.RaftStorageDirectory (RaftStorageDirectory.java:analyzeStorage(246)) - The storage directory /workdir/hadoop-ozone/integration-test/target/test-dir/MiniOzoneClusterImpl-210d6028-2152-4683-81ff-347b0d29bb13/datanode-3/data/ratis/cfcc99eb-c429-422b-a0a7-a99ce1758501 does not exist. Creating ...
2019-09-19 14:21:20,106 | INFO  | SCMAudit | user=jenkins1000 | ip=192.168.157.226 | op=SEND_HEARTBEAT {datanodeUUID=6403e584-2209-453b-b79e-eeb0a7b58516, command=[]} | ret=SUCCESS |  
2019-09-19 14:21:20,109 | INFO  | SCMAudit | user=jenkins1000 | ip=192.168.157.226 | op=SEND_HEARTBEAT {datanodeUUID=306a7a99-f2a5-4f40-b42b-2fc2def08a6a, command=[]} | ret=SUCCESS |  
2019-09-19 14:21:20,121 [pool-60-thread-1] INFO  storage.RaftStorageDirectory (RaftStorageDirectory.java:tryLock(328)) - Lock on /workdir/hadoop-ozone/integration-test/target/test-dir/MiniOzoneClusterImpl-210d6028-2152-4683-81ff-347b0d29bb13/datanode-3/data/ratis/cfcc99eb-c429-422b-a0a7-a99ce1758501/in_use.lock acquired by nodename 16198@pr-hdds-1569-swxfz-3172132826
2019-09-19 14:21:20,121 [431517c4-8c09-4790-b37b-2e132c8143ad-SegmentedRaftLogWorker:Storage Directory /workdir/hadoop-ozone/integration-test/target/test-dir/MiniOzoneClusterImpl-210d6028-2152-4683-81ff-347b0d29bb13/datanode-5/data/ratis/72b7c4cf-4dd7-4e6f-908d-46cace2669b4] INFO  segmented.SegmentedRaftLogWorker (SegmentedRaftLogWorker.java:execute(569)) - 431517c4-8c09-4790-b37b-2e132c8143ad-SegmentedRaftLogWorker:Storage Directory /workdir/hadoop-ozone/integration-test/target/test-dir/MiniOzoneClusterImpl-210d6028-2152-4683-81ff-347b0d29bb13/datanode-5/data/ratis/72b7c4cf-4dd7-4e6f-908d-46cace2669b4: created new log segment /workdir/hadoop-ozone/integration-test/target/test-dir/MiniOzoneClusterImpl-210d6028-2152-4683-81ff-347b0d29bb13/datanode-5/data/ratis/72b7c4cf-4dd7-4e6f-908d-46cace2669b4/current/log_inprogress_0
2019-09-19 14:21:20,134 [pool-60-thread-1] INFO  storage.RaftStorage (RaftStorage.java:format(72)) - Storage directory /workdir/hadoop-ozone/integration-test/target/test-dir/MiniOzoneClusterImpl-210d6028-2152-4683-81ff-347b0d29bb13/datanode-3/data/ratis/cfcc99eb-c429-422b-a0a7-a99ce1758501 has been successfully formatted.
2019-09-19 14:21:20,134 [pool-60-thread-1] INFO  ratis.ContainerStateMachine (ContainerStateMachine.java:loadSnapshot(226)) - group-A99CE1758501: The snapshot info is null. Setting the last applied indexto:(t:0, i:~)
2019-09-19 14:21:20,135 [pool-60-thread-1] INFO  server.RaftServerConfigKeys (ConfUtils.java:logGet(43)) - raft.server.leader.election.timeout = 120s (custom)
2019-09-19 14:21:20,135 [pool-60-thread-1] INFO  server.RaftServerConfigKeys (ConfUtils.java:logGet(43)) - raft.server.log.use.memory = false (default)
2019-09-19 14:21:20,135 [pool-60-thread-1] INFO  server.RaftServerConfigKeys (ConfUtils.java:logGet(43)) - raft.server.log.purge.gap = 1000000 (custom)
2019-09-19 14:21:20,135 [pool-60-thread-1] INFO  server.RaftServerConfigKeys (ConfUtils.java:logGet(43)) - raft.server.log.appender.buffer.byte-limit = 33554432 (custom)
2019-09-19 14:21:20,135 [pool-60-thread-1] INFO  server.RaftServerConfigKeys (ConfUtils.java:logGet(43)) - raft.server.log.segment.size.max = 1048576 (custom)
2019-09-19 14:21:20,135 [pool-60-thread-1] INFO  server.RaftServerConfigKeys (ConfUtils.java:logGet(43)) - raft.server.log.segment.cache.num.max = 2 (custom)
2019-09-19 14:21:20,135 [pool-60-thread-1] INFO  segmented.SegmentedRaftLogWorker (SegmentedRaftLogWorker.java:<init>(172)) - new 6403e584-2209-453b-b79e-eeb0a7b58516-SegmentedRaftLogWorker:Storage Directory /workdir/hadoop-ozone/integration-test/target/test-dir/MiniOzoneClusterImpl-210d6028-2152-4683-81ff-347b0d29bb13/datanode-3/data/ratis/cfcc99eb-c429-422b-a0a7-a99ce1758501 for RaftStorage:Storage Directory /workdir/hadoop-ozone/integration-test/target/test-dir/MiniOzoneClusterImpl-210d6028-2152-4683-81ff-347b0d29bb13/datanode-3/data/ratis/cfcc99eb-c429-422b-a0a7-a99ce1758501
2019-09-19 14:21:20,136 [pool-60-thread-1] INFO  server.RaftServerConfigKeys (ConfUtils.java:logGet(43)) - raft.server.log.queue.byte-limit = 2147483647 (custom)
2019-09-19 14:21:20,136 [pool-60-thread-1] INFO  server.RaftServerConfigKeys (ConfUtils.java:logGet(43)) - raft.server.log.queue.element-limit = 1024 (custom)
2019-09-19 14:21:20,136 [pool-60-thread-1] INFO  server.RaftServerConfigKeys (ConfUtils.java:logGet(43)) - raft.server.log.segment.size.max = 1048576 (custom)
2019-09-19 14:21:20,136 [pool-60-thread-1] INFO  server.RaftServerConfigKeys (ConfUtils.java:logGet(43)) - raft.server.log.preallocated.size = 16384 (custom)
2019-09-19 14:21:20,136 [pool-60-thread-1] INFO  server.RaftServerConfigKeys (ConfUtils.java:logGet(43)) - raft.server.log.write.buffer.size = 33554432 (custom)
2019-09-19 14:21:20,136 [pool-60-thread-1] INFO  server.RaftServerConfigKeys (ConfUtils.java:logGet(43)) - raft.server.log.force.sync.num = 128 (default)
2019-09-19 14:21:20,136 [pool-60-thread-1] INFO  server.RaftServerConfigKeys (ConfUtils.java:logGet(43)) - raft.server.log.statemachine.data.sync = true (default)
2019-09-19 14:21:20,136 [pool-60-thread-1] INFO  server.RaftServerConfigKeys (ConfUtils.java:logGet(43)) - raft.server.log.statemachine.data.sync.timeout = 10s (default)
2019-09-19 14:21:20,136 [pool-60-thread-1] INFO  server.RaftServerConfigKeys (ConfUtils.java:logGet(43)) - raft.server.log.statemachine.data.sync.timeout.retry = -1 (default)
2019-09-19 14:21:20,137 [pool-60-thread-1] INFO  server.RaftServerConfigKeys (ConfUtils.java:logGet(43)) - raft.server.log.statemachine.data.caching.enabled = true (custom)
2019-09-19 14:21:20,137 [pool-60-thread-1] INFO  segmented.SegmentedRaftLogWorker (SegmentedRaftLogWorker.java:lambda$new$0(132)) - 6403e584-2209-453b-b79e-eeb0a7b58516-SegmentedRaftLogWorker:Storage Directory /workdir/hadoop-ozone/integration-test/target/test-dir/MiniOzoneClusterImpl-210d6028-2152-4683-81ff-347b0d29bb13/datanode-3/data/ratis/cfcc99eb-c429-422b-a0a7-a99ce1758501: flushIndex: setUnconditionally 0 -> -1
2019-09-19 14:21:20,137 [pool-60-thread-1] INFO  server.RaftServerConfigKeys (ConfUtils.java:logGet(43)) - raft.server.snapshot.auto.trigger.enabled = true (custom)
2019-09-19 14:21:20,137 [pool-60-thread-1] INFO  server.RaftServerConfigKeys (ConfUtils.java:logGet(43)) - raft.server.snapshot.auto.trigger.threshold = 10000 (custom)
2019-09-19 14:21:20,137 [pool-60-thread-1] INFO  server.RaftServerConfigKeys (ConfUtils.java:logGet(43)) - raft.server.retrycache.expirytime = 600000ms (custom)
2019-09-19 14:21:20,138 [pool-60-thread-1] INFO  impl.RaftServerImpl (RaftServerImpl.java:start(180)) - 6403e584-2209-453b-b79e-eeb0a7b58516: start group-A99CE1758501
2019-09-19 14:21:20,138 [pool-60-thread-1] INFO  impl.RaftServerImpl (RaftServerImpl.java:setRole(171)) - 6403e584-2209-453b-b79e-eeb0a7b58516:group-A99CE1758501 changes role from null to FOLLOWER at term 0 for startAsFollower
2019-09-19 14:21:20,138 [pool-60-thread-1] INFO  impl.RoleInfo (RoleInfo.java:updateAndGet(143)) - 6403e584-2209-453b-b79e-eeb0a7b58516: start FollowerState
2019-09-19 14:21:20,138 [pool-60-thread-1] INFO  util.JmxRegister (JmxRegister.java:tryRegister(44)) - Successfully registered JMX Bean with object name Ratis:service=RaftServer,group=group-A99CE1758501,id=6403e584-2209-453b-b79e-eeb0a7b58516
2019-09-19 14:21:20,140 [RatisPipelineUtilsThread] INFO  pipeline.PipelineStateManager (PipelineStateManager.java:addPipeline(56)) - Created pipeline Pipeline[ Id: cfcc99eb-c429-422b-a0a7-a99ce1758501, Nodes: 6403e584-2209-453b-b79e-eeb0a7b58516{ip: 192.168.157.226, host: pr-hdds-1569-swxfz-3172132826, networkLocation: /default-rack, certSerialId: null}, Type:RATIS, Factor:ONE, State:OPEN]
2019-09-19 14:21:20,144 [grpc-default-executor-1] INFO  impl.RaftServerProxy (RaftServerProxy.java:addNew(89)) - 306a7a99-f2a5-4f40-b42b-2fc2def08a6a: addNew group-4E474D260ED7:[306a7a99-f2a5-4f40-b42b-2fc2def08a6a:192.168.157.226:42633] returns group-4E474D260ED7:java.util.concurrent.CompletableFuture@284d48a8[Not completed]
2019-09-19 14:21:20,146 [pool-49-thread-1] INFO  impl.RaftServerImpl (RaftServerImpl.java:<init>(93)) - 306a7a99-f2a5-4f40-b42b-2fc2def08a6a: new RaftServerImpl for group-4E474D260ED7:[306a7a99-f2a5-4f40-b42b-2fc2def08a6a:192.168.157.226:42633] with ContainerStateMachine:uninitialized
2019-09-19 14:21:20,146 [pool-49-thread-1] INFO  server.RaftServerConfigKeys (ConfUtils.java:logGet(43)) - raft.server.rpc.timeout.min = 5s (custom)
2019-09-19 14:21:20,146 [pool-49-thread-1] INFO  server.RaftServerConfigKeys (ConfUtils.java:logGet(43)) - raft.server.rpc.timeout.max = 5200ms (custom)
2019-09-19 14:21:20,146 [pool-49-thread-1] INFO  server.RaftServerConfigKeys (ConfUtils.java:logGet(43)) - raft.server.rpcslowness.timeout = 120s (custom)
2019-09-19 14:21:20,146 [pool-49-thread-1] INFO  server.RaftServerConfigKeys (ConfUtils.java:logGet(43)) - raft.server.sleep.deviation.threshold = 300 (default)
2019-09-19 14:21:20,146 [pool-49-thread-1] INFO  server.RaftServerConfigKeys (ConfUtils.java:logGet(43)) - raft.server.log.appender.install.snapshot.enabled = false (custom)
2019-09-19 14:21:20,146 [pool-49-thread-1] INFO  impl.RaftServerImpl (ServerState.java:<init>(105)) - 306a7a99-f2a5-4f40-b42b-2fc2def08a6a:group-4E474D260ED7 ConfigurationManager, init=-1: [306a7a99-f2a5-4f40-b42b-2fc2def08a6a:192.168.157.226:42633], old=null, confs=<EMPTY_MAP>
2019-09-19 14:21:20,146 [pool-49-thread-1] INFO  server.RaftServerConfigKeys (ConfUtils.java:logGet(43)) - raft.server.storage.dir = [/workdir/hadoop-ozone/integration-test/target/test-dir/MiniOzoneClusterImpl-210d6028-2152-4683-81ff-347b0d29bb13/datanode-2/data/ratis] (custom)
2019-09-19 14:21:20,147 [pool-49-thread-1] INFO  storage.RaftStorageDirectory (RaftStorageDirectory.java:analyzeStorage(246)) - The storage directory /workdir/hadoop-ozone/integration-test/target/test-dir/MiniOzoneClusterImpl-210d6028-2152-4683-81ff-347b0d29bb13/datanode-2/data/ratis/84094645-514c-48e5-b7dd-4e474d260ed7 does not exist. Creating ...
2019-09-19 14:21:20,160 [pool-49-thread-1] INFO  storage.RaftStorageDirectory (RaftStorageDirectory.java:tryLock(328)) - Lock on /workdir/hadoop-ozone/integration-test/target/test-dir/MiniOzoneClusterImpl-210d6028-2152-4683-81ff-347b0d29bb13/datanode-2/data/ratis/84094645-514c-48e5-b7dd-4e474d260ed7/in_use.lock acquired by nodename 16198@pr-hdds-1569-swxfz-3172132826
2019-09-19 14:21:20,173 [pool-49-thread-1] INFO  storage.RaftStorage (RaftStorage.java:format(72)) - Storage directory /workdir/hadoop-ozone/integration-test/target/test-dir/MiniOzoneClusterImpl-210d6028-2152-4683-81ff-347b0d29bb13/datanode-2/data/ratis/84094645-514c-48e5-b7dd-4e474d260ed7 has been successfully formatted.
2019-09-19 14:21:20,173 [pool-49-thread-1] INFO  ratis.ContainerStateMachine (ContainerStateMachine.java:loadSnapshot(226)) - group-4E474D260ED7: The snapshot info is null. Setting the last applied indexto:(t:0, i:~)
2019-09-19 14:21:20,173 [pool-49-thread-1] INFO  server.RaftServerConfigKeys (ConfUtils.java:logGet(43)) - raft.server.leader.election.timeout = 120s (custom)
2019-09-19 14:21:20,173 [pool-49-thread-1] INFO  server.RaftServerConfigKeys (ConfUtils.java:logGet(43)) - raft.server.log.use.memory = false (default)
2019-09-19 14:21:20,173 [pool-49-thread-1] INFO  server.RaftServerConfigKeys (ConfUtils.java:logGet(43)) - raft.server.log.purge.gap = 1000000 (custom)
2019-09-19 14:21:20,173 [pool-49-thread-1] INFO  server.RaftServerConfigKeys (ConfUtils.java:logGet(43)) - raft.server.log.appender.buffer.byte-limit = 33554432 (custom)
2019-09-19 14:21:20,174 [pool-49-thread-1] INFO  server.RaftServerConfigKeys (ConfUtils.java:logGet(43)) - raft.server.log.segment.size.max = 1048576 (custom)
2019-09-19 14:21:20,174 [pool-49-thread-1] INFO  server.RaftServerConfigKeys (ConfUtils.java:logGet(43)) - raft.server.log.segment.cache.num.max = 2 (custom)
2019-09-19 14:21:20,174 [pool-49-thread-1] INFO  segmented.SegmentedRaftLogWorker (SegmentedRaftLogWorker.java:<init>(172)) - new 306a7a99-f2a5-4f40-b42b-2fc2def08a6a-SegmentedRaftLogWorker:Storage Directory /workdir/hadoop-ozone/integration-test/target/test-dir/MiniOzoneClusterImpl-210d6028-2152-4683-81ff-347b0d29bb13/datanode-2/data/ratis/84094645-514c-48e5-b7dd-4e474d260ed7 for RaftStorage:Storage Directory /workdir/hadoop-ozone/integration-test/target/test-dir/MiniOzoneClusterImpl-210d6028-2152-4683-81ff-347b0d29bb13/datanode-2/data/ratis/84094645-514c-48e5-b7dd-4e474d260ed7
2019-09-19 14:21:20,174 [pool-49-thread-1] INFO  server.RaftServerConfigKeys (ConfUtils.java:logGet(43)) - raft.server.log.queue.byte-limit = 2147483647 (custom)
2019-09-19 14:21:20,174 [pool-49-thread-1] INFO  server.RaftServerConfigKeys (ConfUtils.java:logGet(43)) - raft.server.log.queue.element-limit = 1024 (custom)
2019-09-19 14:21:20,174 [pool-49-thread-1] INFO  server.RaftServerConfigKeys (ConfUtils.java:logGet(43)) - raft.server.log.segment.size.max = 1048576 (custom)
2019-09-19 14:21:20,174 [pool-49-thread-1] INFO  server.RaftServerConfigKeys (ConfUtils.java:logGet(43)) - raft.server.log.preallocated.size = 16384 (custom)
2019-09-19 14:21:20,174 [pool-49-thread-1] INFO  server.RaftServerConfigKeys (ConfUtils.java:logGet(43)) - raft.server.log.write.buffer.size = 33554432 (custom)
2019-09-19 14:21:20,175 [pool-49-thread-1] INFO  server.RaftServerConfigKeys (ConfUtils.java:logGet(43)) - raft.server.log.force.sync.num = 128 (default)
2019-09-19 14:21:20,175 [pool-49-thread-1] INFO  server.RaftServerConfigKeys (ConfUtils.java:logGet(43)) - raft.server.log.statemachine.data.sync = true (default)
2019-09-19 14:21:20,175 [pool-49-thread-1] INFO  server.RaftServerConfigKeys (ConfUtils.java:logGet(43)) - raft.server.log.statemachine.data.sync.timeout = 10s (default)
2019-09-19 14:21:20,175 [pool-49-thread-1] INFO  server.RaftServerConfigKeys (ConfUtils.java:logGet(43)) - raft.server.log.statemachine.data.sync.timeout.retry = -1 (default)
2019-09-19 14:21:20,175 [pool-49-thread-1] INFO  server.RaftServerConfigKeys (ConfUtils.java:logGet(43)) - raft.server.log.statemachine.data.caching.enabled = true (custom)
2019-09-19 14:21:20,175 [pool-49-thread-1] INFO  segmented.SegmentedRaftLogWorker (SegmentedRaftLogWorker.java:lambda$new$0(132)) - 306a7a99-f2a5-4f40-b42b-2fc2def08a6a-SegmentedRaftLogWorker:Storage Directory /workdir/hadoop-ozone/integration-test/target/test-dir/MiniOzoneClusterImpl-210d6028-2152-4683-81ff-347b0d29bb13/datanode-2/data/ratis/84094645-514c-48e5-b7dd-4e474d260ed7: flushIndex: setUnconditionally 0 -> -1
2019-09-19 14:21:20,176 [pool-49-thread-1] INFO  server.RaftServerConfigKeys (ConfUtils.java:logGet(43)) - raft.server.snapshot.auto.trigger.enabled = true (custom)
2019-09-19 14:21:20,176 [pool-49-thread-1] INFO  server.RaftServerConfigKeys (ConfUtils.java:logGet(43)) - raft.server.snapshot.auto.trigger.threshold = 10000 (custom)
2019-09-19 14:21:20,176 [pool-49-thread-1] INFO  server.RaftServerConfigKeys (ConfUtils.java:logGet(43)) - raft.server.retrycache.expirytime = 600000ms (custom)
2019-09-19 14:21:20,176 [pool-49-thread-1] INFO  impl.RaftServerImpl (RaftServerImpl.java:start(180)) - 306a7a99-f2a5-4f40-b42b-2fc2def08a6a: start group-4E474D260ED7
2019-09-19 14:21:20,176 [pool-49-thread-1] INFO  impl.RaftServerImpl (RaftServerImpl.java:setRole(171)) - 306a7a99-f2a5-4f40-b42b-2fc2def08a6a:group-4E474D260ED7 changes role from null to FOLLOWER at term 0 for startAsFollower
2019-09-19 14:21:20,176 [pool-49-thread-1] INFO  impl.RoleInfo (RoleInfo.java:updateAndGet(143)) - 306a7a99-f2a5-4f40-b42b-2fc2def08a6a: start FollowerState
2019-09-19 14:21:20,177 [pool-49-thread-1] INFO  util.JmxRegister (JmxRegister.java:tryRegister(44)) - Successfully registered JMX Bean with object name Ratis:service=RaftServer,group=group-4E474D260ED7,id=306a7a99-f2a5-4f40-b42b-2fc2def08a6a
2019-09-19 14:21:20,179 [RatisPipelineUtilsThread] INFO  pipeline.PipelineStateManager (PipelineStateManager.java:addPipeline(56)) - Created pipeline Pipeline[ Id: 84094645-514c-48e5-b7dd-4e474d260ed7, Nodes: 306a7a99-f2a5-4f40-b42b-2fc2def08a6a{ip: 192.168.157.226, host: pr-hdds-1569-swxfz-3172132826, networkLocation: /default-rack, certSerialId: null}, Type:RATIS, Factor:ONE, State:OPEN]
2019-09-19 14:21:20,180 [Thread-260] INFO  impl.FollowerState (FollowerState.java:run(106)) - 6403e584-2209-453b-b79e-eeb0a7b58516:group-08413D0980CD changes to CANDIDATE, lastRpcTime:5083, electionTimeout:5083ms
2019-09-19 14:21:20,180 [Thread-260] INFO  impl.RoleInfo (RoleInfo.java:shutdownFollowerState(121)) - 6403e584-2209-453b-b79e-eeb0a7b58516: shutdown FollowerState
2019-09-19 14:21:20,180 [Thread-260] INFO  impl.RaftServerImpl (RaftServerImpl.java:setRole(171)) - 6403e584-2209-453b-b79e-eeb0a7b58516:group-08413D0980CD changes role from FOLLOWER to CANDIDATE at term 0 for changeToCandidate
2019-09-19 14:21:20,180 [Thread-260] INFO  impl.RoleInfo (RoleInfo.java:updateAndGet(143)) - 6403e584-2209-453b-b79e-eeb0a7b58516: start LeaderElection
2019-09-19 14:21:20,188 [grpc-default-executor-1] INFO  impl.RaftServerProxy (RaftServerProxy.java:addNew(89)) - 85c6a9f3-b9a5-43a5-ac4f-9aa7bd5f2263: addNew group-DE6CB2708FEF:[85c6a9f3-b9a5-43a5-ac4f-9aa7bd5f2263:192.168.157.226:45170] returns group-DE6CB2708FEF:java.util.concurrent.CompletableFuture@b5b4f90[Not completed]
2019-09-19 14:21:20,190 [pool-27-thread-1] INFO  impl.RaftServerImpl (RaftServerImpl.java:<init>(93)) - 85c6a9f3-b9a5-43a5-ac4f-9aa7bd5f2263: new RaftServerImpl for group-DE6CB2708FEF:[85c6a9f3-b9a5-43a5-ac4f-9aa7bd5f2263:192.168.157.226:45170] with ContainerStateMachine:uninitialized
2019-09-19 14:21:20,190 [pool-27-thread-1] INFO  server.RaftServerConfigKeys (ConfUtils.java:logGet(43)) - raft.server.rpc.timeout.min = 5s (custom)
2019-09-19 14:21:20,190 [pool-27-thread-1] INFO  server.RaftServerConfigKeys (ConfUtils.java:logGet(43)) - raft.server.rpc.timeout.max = 5200ms (custom)
2019-09-19 14:21:20,190 [pool-27-thread-1] INFO  server.RaftServerConfigKeys (ConfUtils.java:logGet(43)) - raft.server.rpcslowness.timeout = 120s (custom)
2019-09-19 14:21:20,190 [pool-27-thread-1] INFO  server.RaftServerConfigKeys (ConfUtils.java:logGet(43)) - raft.server.sleep.deviation.threshold = 300 (default)
2019-09-19 14:21:20,190 [pool-27-thread-1] INFO  server.RaftServerConfigKeys (ConfUtils.java:logGet(43)) - raft.server.log.appender.install.snapshot.enabled = false (custom)
2019-09-19 14:21:20,191 [pool-27-thread-1] INFO  impl.RaftServerImpl (ServerState.java:<init>(105)) - 85c6a9f3-b9a5-43a5-ac4f-9aa7bd5f2263:group-DE6CB2708FEF ConfigurationManager, init=-1: [85c6a9f3-b9a5-43a5-ac4f-9aa7bd5f2263:192.168.157.226:45170], old=null, confs=<EMPTY_MAP>
2019-09-19 14:21:20,191 [pool-27-thread-1] INFO  server.RaftServerConfigKeys (ConfUtils.java:logGet(43)) - raft.server.storage.dir = [/workdir/hadoop-ozone/integration-test/target/test-dir/MiniOzoneClusterImpl-210d6028-2152-4683-81ff-347b0d29bb13/datanode-0/data/ratis] (custom)
2019-09-19 14:21:20,191 [pool-27-thread-1] INFO  storage.RaftStorageDirectory (RaftStorageDirectory.java:analyzeStorage(246)) - The storage directory /workdir/hadoop-ozone/integration-test/target/test-dir/MiniOzoneClusterImpl-210d6028-2152-4683-81ff-347b0d29bb13/datanode-0/data/ratis/da64c545-5555-4ced-ad9e-de6cb2708fef does not exist. Creating ...
2019-09-19 14:21:20,199 [pool-27-thread-1] INFO  storage.RaftStorageDirectory (RaftStorageDirectory.java:tryLock(328)) - Lock on /workdir/hadoop-ozone/integration-test/target/test-dir/MiniOzoneClusterImpl-210d6028-2152-4683-81ff-347b0d29bb13/datanode-0/data/ratis/da64c545-5555-4ced-ad9e-de6cb2708fef/in_use.lock acquired by nodename 16198@pr-hdds-1569-swxfz-3172132826
2019-09-19 14:21:20,199 [6403e584-2209-453b-b79e-eeb0a7b58516:group-08413D0980CD:LeaderElection8] INFO  impl.LeaderElection (LeaderElection.java:askForVotes(181)) - 6403e584-2209-453b-b79e-eeb0a7b58516:group-08413D0980CD:LeaderElection8: begin an election at term 1 for -1: [6403e584-2209-453b-b79e-eeb0a7b58516:192.168.157.226:35833], old=null
2019-09-19 14:21:20,199 [6403e584-2209-453b-b79e-eeb0a7b58516:group-08413D0980CD:LeaderElection8] INFO  impl.RoleInfo (RoleInfo.java:shutdownLeaderElection(134)) - 6403e584-2209-453b-b79e-eeb0a7b58516: shutdown LeaderElection
2019-09-19 14:21:20,199 [6403e584-2209-453b-b79e-eeb0a7b58516:group-08413D0980CD:LeaderElection8] INFO  impl.RaftServerImpl (RaftServerImpl.java:setRole(171)) - 6403e584-2209-453b-b79e-eeb0a7b58516:group-08413D0980CD changes role from CANDIDATE to LEADER at term 1 for changeToLeader
2019-09-19 14:21:20,199 [6403e584-2209-453b-b79e-eeb0a7b58516:group-08413D0980CD:LeaderElection8] INFO  impl.RaftServerImpl (ServerState.java:setLeader(263)) - 6403e584-2209-453b-b79e-eeb0a7b58516:group-08413D0980CD change Leader from null to 6403e584-2209-453b-b79e-eeb0a7b58516 at term 1 for becomeLeader, leader elected after 5106ms
2019-09-19 14:21:20,203 [6403e584-2209-453b-b79e-eeb0a7b58516:group-08413D0980CD:LeaderElection8] INFO  server.RaftServerConfigKeys (ConfUtils.java:logGet(43)) - raft.server.staging.catchup.gap = 1000 (default)
2019-09-19 14:21:20,203 [6403e584-2209-453b-b79e-eeb0a7b58516:group-08413D0980CD:LeaderElection8] INFO  server.RaftServerConfigKeys (ConfUtils.java:logGet(43)) - raft.server.rpc.sleep.time = 25ms (default)
2019-09-19 14:21:20,203 [6403e584-2209-453b-b79e-eeb0a7b58516:group-08413D0980CD:LeaderElection8] INFO  server.RaftServerConfigKeys (ConfUtils.java:logGet(43)) - raft.server.write.element-limit = 4096 (default)
2019-09-19 14:21:20,203 [6403e584-2209-453b-b79e-eeb0a7b58516:group-08413D0980CD:LeaderElection8] INFO  server.RaftServerConfigKeys (ConfUtils.java:logGet(43)) - raft.server.watch.timeout = 10s (default)
2019-09-19 14:21:20,204 [6403e584-2209-453b-b79e-eeb0a7b58516:group-08413D0980CD:LeaderElection8] INFO  server.RaftServerConfigKeys (ConfUtils.java:logGet(43)) - raft.server.watch.timeout.denomination = 1s (default)
2019-09-19 14:21:20,204 [6403e584-2209-453b-b79e-eeb0a7b58516:group-08413D0980CD:LeaderElection8] INFO  server.RaftServerConfigKeys (ConfUtils.java:logGet(43)) - raft.server.watch.element-limit = 65536 (default)
2019-09-19 14:21:20,204 [6403e584-2209-453b-b79e-eeb0a7b58516:group-08413D0980CD:LeaderElection8] INFO  impl.RoleInfo (RoleInfo.java:updateAndGet(143)) - 6403e584-2209-453b-b79e-eeb0a7b58516: start LeaderState
2019-09-19 14:21:20,204 [6403e584-2209-453b-b79e-eeb0a7b58516:group-08413D0980CD:LeaderElection8] INFO  segmented.SegmentedRaftLogWorker (SegmentedRaftLogWorker.java:startLogSegment(380)) - 6403e584-2209-453b-b79e-eeb0a7b58516-SegmentedRaftLogWorker:Storage Directory /workdir/hadoop-ozone/integration-test/target/test-dir/MiniOzoneClusterImpl-210d6028-2152-4683-81ff-347b0d29bb13/datanode-3/data/ratis/c4d8cd4c-b56b-47fe-8477-08413d0980cd: Starting segment from index:0
2019-09-19 14:21:20,205 [6403e584-2209-453b-b79e-eeb0a7b58516:group-08413D0980CD:LeaderElection8] INFO  impl.RaftServerImpl (ServerState.java:setRaftConf(361)) - 6403e584-2209-453b-b79e-eeb0a7b58516:group-08413D0980CD set configuration 0: [6403e584-2209-453b-b79e-eeb0a7b58516:192.168.157.226:35833], old=null at 0
2019-09-19 14:21:20,231 [pool-27-thread-1] INFO  storage.RaftStorage (RaftStorage.java:format(72)) - Storage directory /workdir/hadoop-ozone/integration-test/target/test-dir/MiniOzoneClusterImpl-210d6028-2152-4683-81ff-347b0d29bb13/datanode-0/data/ratis/da64c545-5555-4ced-ad9e-de6cb2708fef has been successfully formatted.
2019-09-19 14:21:20,232 [pool-27-thread-1] INFO  ratis.ContainerStateMachine (ContainerStateMachine.java:loadSnapshot(226)) - group-DE6CB2708FEF: The snapshot info is null. Setting the last applied indexto:(t:0, i:~)
2019-09-19 14:21:20,232 [pool-27-thread-1] INFO  server.RaftServerConfigKeys (ConfUtils.java:logGet(43)) - raft.server.leader.election.timeout = 120s (custom)
2019-09-19 14:21:20,232 [pool-27-thread-1] INFO  server.RaftServerConfigKeys (ConfUtils.java:logGet(43)) - raft.server.log.use.memory = false (default)
2019-09-19 14:21:20,232 [pool-27-thread-1] INFO  server.RaftServerConfigKeys (ConfUtils.java:logGet(43)) - raft.server.log.purge.gap = 1000000 (custom)
2019-09-19 14:21:20,232 [pool-27-thread-1] INFO  server.RaftServerConfigKeys (ConfUtils.java:logGet(43)) - raft.server.log.appender.buffer.byte-limit = 33554432 (custom)
2019-09-19 14:21:20,232 [pool-27-thread-1] INFO  server.RaftServerConfigKeys (ConfUtils.java:logGet(43)) - raft.server.log.segment.size.max = 1048576 (custom)
2019-09-19 14:21:20,233 [pool-27-thread-1] INFO  server.RaftServerConfigKeys (ConfUtils.java:logGet(43)) - raft.server.log.segment.cache.num.max = 2 (custom)
2019-09-19 14:21:20,233 [pool-27-thread-1] INFO  segmented.SegmentedRaftLogWorker (SegmentedRaftLogWorker.java:<init>(172)) - new 85c6a9f3-b9a5-43a5-ac4f-9aa7bd5f2263-SegmentedRaftLogWorker:Storage Directory /workdir/hadoop-ozone/integration-test/target/test-dir/MiniOzoneClusterImpl-210d6028-2152-4683-81ff-347b0d29bb13/datanode-0/data/ratis/da64c545-5555-4ced-ad9e-de6cb2708fef for RaftStorage:Storage Directory /workdir/hadoop-ozone/integration-test/target/test-dir/MiniOzoneClusterImpl-210d6028-2152-4683-81ff-347b0d29bb13/datanode-0/data/ratis/da64c545-5555-4ced-ad9e-de6cb2708fef
2019-09-19 14:21:20,233 [pool-27-thread-1] INFO  server.RaftServerConfigKeys (ConfUtils.java:logGet(43)) - raft.server.log.queue.byte-limit = 2147483647 (custom)
2019-09-19 14:21:20,233 [pool-27-thread-1] INFO  server.RaftServerConfigKeys (ConfUtils.java:logGet(43)) - raft.server.log.queue.element-limit = 1024 (custom)
2019-09-19 14:21:20,233 [pool-27-thread-1] INFO  server.RaftServerConfigKeys (ConfUtils.java:logGet(43)) - raft.server.log.segment.size.max = 1048576 (custom)
2019-09-19 14:21:20,233 [pool-27-thread-1] INFO  server.RaftServerConfigKeys (ConfUtils.java:logGet(43)) - raft.server.log.preallocated.size = 16384 (custom)
2019-09-19 14:21:20,233 [pool-27-thread-1] INFO  server.RaftServerConfigKeys (ConfUtils.java:logGet(43)) - raft.server.log.write.buffer.size = 33554432 (custom)
2019-09-19 14:21:20,233 [pool-27-thread-1] INFO  server.RaftServerConfigKeys (ConfUtils.java:logGet(43)) - raft.server.log.force.sync.num = 128 (default)
2019-09-19 14:21:20,234 [pool-27-thread-1] INFO  server.RaftServerConfigKeys (ConfUtils.java:logGet(43)) - raft.server.log.statemachine.data.sync = true (default)
2019-09-19 14:21:20,234 [pool-27-thread-1] INFO  server.RaftServerConfigKeys (ConfUtils.java:logGet(43)) - raft.server.log.statemachine.data.sync.timeout = 10s (default)
2019-09-19 14:21:20,234 [pool-27-thread-1] INFO  server.RaftServerConfigKeys (ConfUtils.java:logGet(43)) - raft.server.log.statemachine.data.sync.timeout.retry = -1 (default)
2019-09-19 14:21:20,234 [pool-27-thread-1] INFO  server.RaftServerConfigKeys (ConfUtils.java:logGet(43)) - raft.server.log.statemachine.data.caching.enabled = true (custom)
2019-09-19 14:21:20,234 [pool-27-thread-1] INFO  segmented.SegmentedRaftLogWorker (SegmentedRaftLogWorker.java:lambda$new$0(132)) - 85c6a9f3-b9a5-43a5-ac4f-9aa7bd5f2263-SegmentedRaftLogWorker:Storage Directory /workdir/hadoop-ozone/integration-test/target/test-dir/MiniOzoneClusterImpl-210d6028-2152-4683-81ff-347b0d29bb13/datanode-0/data/ratis/da64c545-5555-4ced-ad9e-de6cb2708fef: flushIndex: setUnconditionally 0 -> -1
2019-09-19 14:21:20,234 [pool-27-thread-1] INFO  server.RaftServerConfigKeys (ConfUtils.java:logGet(43)) - raft.server.snapshot.auto.trigger.enabled = true (custom)
2019-09-19 14:21:20,235 [pool-27-thread-1] INFO  server.RaftServerConfigKeys (ConfUtils.java:logGet(43)) - raft.server.snapshot.auto.trigger.threshold = 10000 (custom)
2019-09-19 14:21:20,235 [pool-27-thread-1] INFO  server.RaftServerConfigKeys (ConfUtils.java:logGet(43)) - raft.server.retrycache.expirytime = 600000ms (custom)
2019-09-19 14:21:20,235 [pool-27-thread-1] INFO  impl.RaftServerImpl (RaftServerImpl.java:start(180)) - 85c6a9f3-b9a5-43a5-ac4f-9aa7bd5f2263: start group-DE6CB2708FEF
2019-09-19 14:21:20,235 [pool-27-thread-1] INFO  impl.RaftServerImpl (RaftServerImpl.java:setRole(171)) - 85c6a9f3-b9a5-43a5-ac4f-9aa7bd5f2263:group-DE6CB2708FEF changes role from null to FOLLOWER at term 0 for startAsFollower
2019-09-19 14:21:20,235 [pool-27-thread-1] INFO  impl.RoleInfo (RoleInfo.java:updateAndGet(143)) - 85c6a9f3-b9a5-43a5-ac4f-9aa7bd5f2263: start FollowerState
2019-09-19 14:21:20,235 [pool-27-thread-1] INFO  util.JmxRegister (JmxRegister.java:tryRegister(44)) - Successfully registered JMX Bean with object name Ratis:service=RaftServer,group=group-DE6CB2708FEF,id=85c6a9f3-b9a5-43a5-ac4f-9aa7bd5f2263
2019-09-19 14:21:20,238 [RatisPipelineUtilsThread] INFO  pipeline.PipelineStateManager (PipelineStateManager.java:addPipeline(56)) - Created pipeline Pipeline[ Id: da64c545-5555-4ced-ad9e-de6cb2708fef, Nodes: 85c6a9f3-b9a5-43a5-ac4f-9aa7bd5f2263{ip: 192.168.157.226, host: pr-hdds-1569-swxfz-3172132826, networkLocation: /default-rack, certSerialId: null}, Type:RATIS, Factor:ONE, State:OPEN]
2019-09-19 14:21:20,241 [Thread-263] INFO  impl.FollowerState (FollowerState.java:run(106)) - 306a7a99-f2a5-4f40-b42b-2fc2def08a6a:group-5CCA59598051 changes to CANDIDATE, lastRpcTime:5090, electionTimeout:5090ms
2019-09-19 14:21:20,241 [Thread-263] INFO  impl.RoleInfo (RoleInfo.java:shutdownFollowerState(121)) - 306a7a99-f2a5-4f40-b42b-2fc2def08a6a: shutdown FollowerState
2019-09-19 14:21:20,241 [Thread-263] INFO  impl.RaftServerImpl (RaftServerImpl.java:setRole(171)) - 306a7a99-f2a5-4f40-b42b-2fc2def08a6a:group-5CCA59598051 changes role from FOLLOWER to CANDIDATE at term 0 for changeToCandidate
2019-09-19 14:21:20,242 [Thread-263] INFO  impl.RoleInfo (RoleInfo.java:updateAndGet(143)) - 306a7a99-f2a5-4f40-b42b-2fc2def08a6a: start LeaderElection
2019-09-19 14:21:20,244 [6403e584-2209-453b-b79e-eeb0a7b58516-SegmentedRaftLogWorker:Storage Directory /workdir/hadoop-ozone/integration-test/target/test-dir/MiniOzoneClusterImpl-210d6028-2152-4683-81ff-347b0d29bb13/datanode-3/data/ratis/c4d8cd4c-b56b-47fe-8477-08413d0980cd] INFO  segmented.SegmentedRaftLogWorker (SegmentedRaftLogWorker.java:execute(569)) - 6403e584-2209-453b-b79e-eeb0a7b58516-SegmentedRaftLogWorker:Storage Directory /workdir/hadoop-ozone/integration-test/target/test-dir/MiniOzoneClusterImpl-210d6028-2152-4683-81ff-347b0d29bb13/datanode-3/data/ratis/c4d8cd4c-b56b-47fe-8477-08413d0980cd: created new log segment /workdir/hadoop-ozone/integration-test/target/test-dir/MiniOzoneClusterImpl-210d6028-2152-4683-81ff-347b0d29bb13/datanode-3/data/ratis/c4d8cd4c-b56b-47fe-8477-08413d0980cd/current/log_inprogress_0
2019-09-19 14:21:20,248 [grpc-default-executor-1] INFO  impl.RaftServerProxy (RaftServerProxy.java:addNew(89)) - 6403e584-2209-453b-b79e-eeb0a7b58516: addNew group-6DF381D064CD:[6403e584-2209-453b-b79e-eeb0a7b58516:192.168.157.226:35833] returns group-6DF381D064CD:java.util.concurrent.CompletableFuture@5d188362[Not completed]
2019-09-19 14:21:20,249 | INFO  | SCMAudit | user=jenkins1000 | ip=192.168.157.226 | op=SEND_HEARTBEAT {datanodeUUID=1190b9a7-12b1-4c15-b33e-f7d0a0cd436c, command=[]} | ret=SUCCESS |  
2019-09-19 14:21:20,249 [pool-60-thread-1] INFO  impl.RaftServerImpl (RaftServerImpl.java:<init>(93)) - 6403e584-2209-453b-b79e-eeb0a7b58516: new RaftServerImpl for group-6DF381D064CD:[6403e584-2209-453b-b79e-eeb0a7b58516:192.168.157.226:35833] with ContainerStateMachine:uninitialized
2019-09-19 14:21:20,250 [pool-60-thread-1] INFO  server.RaftServerConfigKeys (ConfUtils.java:logGet(43)) - raft.server.rpc.timeout.min = 5s (custom)
2019-09-19 14:21:20,250 [pool-60-thread-1] INFO  server.RaftServerConfigKeys (ConfUtils.java:logGet(43)) - raft.server.rpc.timeout.max = 5200ms (custom)
2019-09-19 14:21:20,250 [pool-60-thread-1] INFO  server.RaftServerConfigKeys (ConfUtils.java:logGet(43)) - raft.server.rpcslowness.timeout = 120s (custom)
2019-09-19 14:21:20,250 [pool-60-thread-1] INFO  server.RaftServerConfigKeys (ConfUtils.java:logGet(43)) - raft.server.sleep.deviation.threshold = 300 (default)
2019-09-19 14:21:20,250 [pool-60-thread-1] INFO  server.RaftServerConfigKeys (ConfUtils.java:logGet(43)) - raft.server.log.appender.install.snapshot.enabled = false (custom)
2019-09-19 14:21:20,250 [pool-60-thread-1] INFO  impl.RaftServerImpl (ServerState.java:<init>(105)) - 6403e584-2209-453b-b79e-eeb0a7b58516:group-6DF381D064CD ConfigurationManager, init=-1: [6403e584-2209-453b-b79e-eeb0a7b58516:192.168.157.226:35833], old=null, confs=<EMPTY_MAP>
2019-09-19 14:21:20,250 [pool-60-thread-1] INFO  server.RaftServerConfigKeys (ConfUtils.java:logGet(43)) - raft.server.storage.dir = [/workdir/hadoop-ozone/integration-test/target/test-dir/MiniOzoneClusterImpl-210d6028-2152-4683-81ff-347b0d29bb13/datanode-3/data/ratis] (custom)
2019-09-19 14:21:20,251 [pool-60-thread-1] INFO  storage.RaftStorageDirectory (RaftStorageDirectory.java:analyzeStorage(246)) - The storage directory /workdir/hadoop-ozone/integration-test/target/test-dir/MiniOzoneClusterImpl-210d6028-2152-4683-81ff-347b0d29bb13/datanode-3/data/ratis/e6a40b6e-93be-4431-968a-6df381d064cd does not exist. Creating ...
2019-09-19 14:21:20,261 [pool-60-thread-1] INFO  storage.RaftStorageDirectory (RaftStorageDirectory.java:tryLock(328)) - Lock on /workdir/hadoop-ozone/integration-test/target/test-dir/MiniOzoneClusterImpl-210d6028-2152-4683-81ff-347b0d29bb13/datanode-3/data/ratis/e6a40b6e-93be-4431-968a-6df381d064cd/in_use.lock acquired by nodename 16198@pr-hdds-1569-swxfz-3172132826
2019-09-19 14:21:20,261 [306a7a99-f2a5-4f40-b42b-2fc2def08a6a:group-5CCA59598051:LeaderElection9] INFO  impl.LeaderElection (LeaderElection.java:askForVotes(181)) - 306a7a99-f2a5-4f40-b42b-2fc2def08a6a:group-5CCA59598051:LeaderElection9: begin an election at term 1 for -1: [306a7a99-f2a5-4f40-b42b-2fc2def08a6a:192.168.157.226:42633], old=null
2019-09-19 14:21:20,261 [306a7a99-f2a5-4f40-b42b-2fc2def08a6a:group-5CCA59598051:LeaderElection9] INFO  impl.RoleInfo (RoleInfo.java:shutdownLeaderElection(134)) - 306a7a99-f2a5-4f40-b42b-2fc2def08a6a: shutdown LeaderElection
2019-09-19 14:21:20,261 [306a7a99-f2a5-4f40-b42b-2fc2def08a6a:group-5CCA59598051:LeaderElection9] INFO  impl.RaftServerImpl (RaftServerImpl.java:setRole(171)) - 306a7a99-f2a5-4f40-b42b-2fc2def08a6a:group-5CCA59598051 changes role from CANDIDATE to LEADER at term 1 for changeToLeader
2019-09-19 14:21:20,261 [306a7a99-f2a5-4f40-b42b-2fc2def08a6a:group-5CCA59598051:LeaderElection9] INFO  impl.RaftServerImpl (ServerState.java:setLeader(263)) - 306a7a99-f2a5-4f40-b42b-2fc2def08a6a:group-5CCA59598051 change Leader from null to 306a7a99-f2a5-4f40-b42b-2fc2def08a6a at term 1 for becomeLeader, leader elected after 5113ms
2019-09-19 14:21:20,261 [306a7a99-f2a5-4f40-b42b-2fc2def08a6a:group-5CCA59598051:LeaderElection9] INFO  server.RaftServerConfigKeys (ConfUtils.java:logGet(43)) - raft.server.staging.catchup.gap = 1000 (default)
2019-09-19 14:21:20,262 [306a7a99-f2a5-4f40-b42b-2fc2def08a6a:group-5CCA59598051:LeaderElection9] INFO  server.RaftServerConfigKeys (ConfUtils.java:logGet(43)) - raft.server.rpc.sleep.time = 25ms (default)
2019-09-19 14:21:20,262 [306a7a99-f2a5-4f40-b42b-2fc2def08a6a:group-5CCA59598051:LeaderElection9] INFO  server.RaftServerConfigKeys (ConfUtils.java:logGet(43)) - raft.server.write.element-limit = 4096 (default)
2019-09-19 14:21:20,262 [306a7a99-f2a5-4f40-b42b-2fc2def08a6a:group-5CCA59598051:LeaderElection9] INFO  server.RaftServerConfigKeys (ConfUtils.java:logGet(43)) - raft.server.watch.timeout = 10s (default)
2019-09-19 14:21:20,262 [306a7a99-f2a5-4f40-b42b-2fc2def08a6a:group-5CCA59598051:LeaderElection9] INFO  server.RaftServerConfigKeys (ConfUtils.java:logGet(43)) - raft.server.watch.timeout.denomination = 1s (default)
2019-09-19 14:21:20,262 [306a7a99-f2a5-4f40-b42b-2fc2def08a6a:group-5CCA59598051:LeaderElection9] INFO  server.RaftServerConfigKeys (ConfUtils.java:logGet(43)) - raft.server.watch.element-limit = 65536 (default)
2019-09-19 14:21:20,262 [306a7a99-f2a5-4f40-b42b-2fc2def08a6a:group-5CCA59598051:LeaderElection9] INFO  impl.RoleInfo (RoleInfo.java:updateAndGet(143)) - 306a7a99-f2a5-4f40-b42b-2fc2def08a6a: start LeaderState
2019-09-19 14:21:20,262 [306a7a99-f2a5-4f40-b42b-2fc2def08a6a:group-5CCA59598051:LeaderElection9] INFO  segmented.SegmentedRaftLogWorker (SegmentedRaftLogWorker.java:startLogSegment(380)) - 306a7a99-f2a5-4f40-b42b-2fc2def08a6a-SegmentedRaftLogWorker:Storage Directory /workdir/hadoop-ozone/integration-test/target/test-dir/MiniOzoneClusterImpl-210d6028-2152-4683-81ff-347b0d29bb13/datanode-2/data/ratis/c4edd33b-2a8a-4802-93bb-5cca59598051: Starting segment from index:0
2019-09-19 14:21:20,263 [306a7a99-f2a5-4f40-b42b-2fc2def08a6a:group-5CCA59598051:LeaderElection9] INFO  impl.RaftServerImpl (ServerState.java:setRaftConf(361)) - 306a7a99-f2a5-4f40-b42b-2fc2def08a6a:group-5CCA59598051 set configuration 0: [306a7a99-f2a5-4f40-b42b-2fc2def08a6a:192.168.157.226:42633], old=null at 0
2019-09-19 14:21:20,314 | INFO  | SCMAudit | user=jenkins1000 | ip=192.168.157.226 | op=SEND_HEARTBEAT {datanodeUUID=85c6a9f3-b9a5-43a5-ac4f-9aa7bd5f2263, command=[]} | ret=SUCCESS |  
2019-09-19 14:21:20,324 [Thread-267] INFO  impl.FollowerState (FollowerState.java:run(106)) - 85c6a9f3-b9a5-43a5-ac4f-9aa7bd5f2263:group-352DC12B53E3 changes to CANDIDATE, lastRpcTime:5094, electionTimeout:5094ms
2019-09-19 14:21:20,324 [Thread-267] INFO  impl.RoleInfo (RoleInfo.java:shutdownFollowerState(121)) - 85c6a9f3-b9a5-43a5-ac4f-9aa7bd5f2263: shutdown FollowerState
2019-09-19 14:21:20,324 [Thread-267] INFO  impl.RaftServerImpl (RaftServerImpl.java:setRole(171)) - 85c6a9f3-b9a5-43a5-ac4f-9aa7bd5f2263:group-352DC12B53E3 changes role from FOLLOWER to CANDIDATE at term 0 for changeToCandidate
2019-09-19 14:21:20,324 [Thread-267] INFO  impl.RoleInfo (RoleInfo.java:updateAndGet(143)) - 85c6a9f3-b9a5-43a5-ac4f-9aa7bd5f2263: start LeaderElection
2019-09-19 14:21:20,341 [Thread-270] INFO  impl.FollowerState (FollowerState.java:run(106)) - 6403e584-2209-453b-b79e-eeb0a7b58516:group-586931AC7CB2 changes to CANDIDATE, lastRpcTime:5035, electionTimeout:5035ms
2019-09-19 14:21:20,341 [Thread-270] INFO  impl.RoleInfo (RoleInfo.java:shutdownFollowerState(121)) - 6403e584-2209-453b-b79e-eeb0a7b58516: shutdown FollowerState
2019-09-19 14:21:20,341 [Thread-270] INFO  impl.RaftServerImpl (RaftServerImpl.java:setRole(171)) - 6403e584-2209-453b-b79e-eeb0a7b58516:group-586931AC7CB2 changes role from FOLLOWER to CANDIDATE at term 0 for changeToCandidate
2019-09-19 14:21:20,341 [Thread-270] INFO  impl.RoleInfo (RoleInfo.java:updateAndGet(143)) - 6403e584-2209-453b-b79e-eeb0a7b58516: start LeaderElection
2019-09-19 14:21:20,383 [pool-60-thread-1] INFO  storage.RaftStorage (RaftStorage.java:format(72)) - Storage directory /workdir/hadoop-ozone/integration-test/target/test-dir/MiniOzoneClusterImpl-210d6028-2152-4683-81ff-347b0d29bb13/datanode-3/data/ratis/e6a40b6e-93be-4431-968a-6df381d064cd has been successfully formatted.
2019-09-19 14:21:20,383 [pool-60-thread-1] INFO  ratis.ContainerStateMachine (ContainerStateMachine.java:loadSnapshot(226)) - group-6DF381D064CD: The snapshot info is null. Setting the last applied indexto:(t:0, i:~)
2019-09-19 14:21:20,384 [pool-60-thread-1] INFO  server.RaftServerConfigKeys (ConfUtils.java:logGet(43)) - raft.server.leader.election.timeout = 120s (custom)
2019-09-19 14:21:20,384 [pool-60-thread-1] INFO  server.RaftServerConfigKeys (ConfUtils.java:logGet(43)) - raft.server.log.use.memory = false (default)
2019-09-19 14:21:20,384 [pool-60-thread-1] INFO  server.RaftServerConfigKeys (ConfUtils.java:logGet(43)) - raft.server.log.purge.gap = 1000000 (custom)
2019-09-19 14:21:20,384 [pool-60-thread-1] INFO  server.RaftServerConfigKeys (ConfUtils.java:logGet(43)) - raft.server.log.appender.buffer.byte-limit = 33554432 (custom)
2019-09-19 14:21:20,384 [pool-60-thread-1] INFO  server.RaftServerConfigKeys (ConfUtils.java:logGet(43)) - raft.server.log.segment.size.max = 1048576 (custom)
2019-09-19 14:21:20,385 [pool-60-thread-1] INFO  server.RaftServerConfigKeys (ConfUtils.java:logGet(43)) - raft.server.log.segment.cache.num.max = 2 (custom)
2019-09-19 14:21:20,385 [pool-60-thread-1] INFO  segmented.SegmentedRaftLogWorker (SegmentedRaftLogWorker.java:<init>(172)) - new 6403e584-2209-453b-b79e-eeb0a7b58516-SegmentedRaftLogWorker:Storage Directory /workdir/hadoop-ozone/integration-test/target/test-dir/MiniOzoneClusterImpl-210d6028-2152-4683-81ff-347b0d29bb13/datanode-3/data/ratis/e6a40b6e-93be-4431-968a-6df381d064cd for RaftStorage:Storage Directory /workdir/hadoop-ozone/integration-test/target/test-dir/MiniOzoneClusterImpl-210d6028-2152-4683-81ff-347b0d29bb13/datanode-3/data/ratis/e6a40b6e-93be-4431-968a-6df381d064cd
2019-09-19 14:21:20,385 [pool-60-thread-1] INFO  server.RaftServerConfigKeys (ConfUtils.java:logGet(43)) - raft.server.log.queue.byte-limit = 2147483647 (custom)
2019-09-19 14:21:20,385 [pool-60-thread-1] INFO  server.RaftServerConfigKeys (ConfUtils.java:logGet(43)) - raft.server.log.queue.element-limit = 1024 (custom)
2019-09-19 14:21:20,385 [pool-60-thread-1] INFO  server.RaftServerConfigKeys (ConfUtils.java:logGet(43)) - raft.server.log.segment.size.max = 1048576 (custom)
2019-09-19 14:21:20,385 [pool-60-thread-1] INFO  server.RaftServerConfigKeys (ConfUtils.java:logGet(43)) - raft.server.log.preallocated.size = 16384 (custom)
2019-09-19 14:21:20,386 [pool-60-thread-1] INFO  server.RaftServerConfigKeys (ConfUtils.java:logGet(43)) - raft.server.log.write.buffer.size = 33554432 (custom)
2019-09-19 14:21:20,386 [pool-60-thread-1] INFO  server.RaftServerConfigKeys (ConfUtils.java:logGet(43)) - raft.server.log.force.sync.num = 128 (default)
2019-09-19 14:21:20,386 [pool-60-thread-1] INFO  server.RaftServerConfigKeys (ConfUtils.java:logGet(43)) - raft.server.log.statemachine.data.sync = true (default)
2019-09-19 14:21:20,386 [pool-60-thread-1] INFO  server.RaftServerConfigKeys (ConfUtils.java:logGet(43)) - raft.server.log.statemachine.data.sync.timeout = 10s (default)
2019-09-19 14:21:20,386 [pool-60-thread-1] INFO  server.RaftServerConfigKeys (ConfUtils.java:logGet(43)) - raft.server.log.statemachine.data.sync.timeout.retry = -1 (default)
2019-09-19 14:21:20,386 [pool-60-thread-1] INFO  server.RaftServerConfigKeys (ConfUtils.java:logGet(43)) - raft.server.log.statemachine.data.caching.enabled = true (custom)
2019-09-19 14:21:20,387 [pool-60-thread-1] INFO  segmented.SegmentedRaftLogWorker (SegmentedRaftLogWorker.java:lambda$new$0(132)) - 6403e584-2209-453b-b79e-eeb0a7b58516-SegmentedRaftLogWorker:Storage Directory /workdir/hadoop-ozone/integration-test/target/test-dir/MiniOzoneClusterImpl-210d6028-2152-4683-81ff-347b0d29bb13/datanode-3/data/ratis/e6a40b6e-93be-4431-968a-6df381d064cd: flushIndex: setUnconditionally 0 -> -1
2019-09-19 14:21:20,387 [pool-60-thread-1] INFO  server.RaftServerConfigKeys (ConfUtils.java:logGet(43)) - raft.server.snapshot.auto.trigger.enabled = true (custom)
2019-09-19 14:21:20,387 [pool-60-thread-1] INFO  server.RaftServerConfigKeys (ConfUtils.java:logGet(43)) - raft.server.snapshot.auto.trigger.threshold = 10000 (custom)
2019-09-19 14:21:20,387 [pool-60-thread-1] INFO  server.RaftServerConfigKeys (ConfUtils.java:logGet(43)) - raft.server.retrycache.expirytime = 600000ms (custom)
2019-09-19 14:21:20,388 [pool-60-thread-1] INFO  impl.RaftServerImpl (RaftServerImpl.java:start(180)) - 6403e584-2209-453b-b79e-eeb0a7b58516: start group-6DF381D064CD
2019-09-19 14:21:20,388 [pool-60-thread-1] INFO  impl.RaftServerImpl (RaftServerImpl.java:setRole(171)) - 6403e584-2209-453b-b79e-eeb0a7b58516:group-6DF381D064CD changes role from null to FOLLOWER at term 0 for startAsFollower
2019-09-19 14:21:20,388 [pool-60-thread-1] INFO  impl.RoleInfo (RoleInfo.java:updateAndGet(143)) - 6403e584-2209-453b-b79e-eeb0a7b58516: start FollowerState
2019-09-19 14:21:20,388 [pool-60-thread-1] INFO  util.JmxRegister (JmxRegister.java:tryRegister(44)) - Successfully registered JMX Bean with object name Ratis:service=RaftServer,group=group-6DF381D064CD,id=6403e584-2209-453b-b79e-eeb0a7b58516
2019-09-19 14:21:20,391 [RatisPipelineUtilsThread] INFO  pipeline.PipelineStateManager (PipelineStateManager.java:addPipeline(56)) - Created pipeline Pipeline[ Id: e6a40b6e-93be-4431-968a-6df381d064cd, Nodes: 6403e584-2209-453b-b79e-eeb0a7b58516{ip: 192.168.157.226, host: pr-hdds-1569-swxfz-3172132826, networkLocation: /default-rack, certSerialId: null}, Type:RATIS, Factor:ONE, State:OPEN]
2019-09-19 14:21:20,396 [grpc-default-executor-1] INFO  impl.RaftServerProxy (RaftServerProxy.java:addNew(89)) - 85c6a9f3-b9a5-43a5-ac4f-9aa7bd5f2263: addNew group-7B227C9559A3:[85c6a9f3-b9a5-43a5-ac4f-9aa7bd5f2263:192.168.157.226:45170] returns group-7B227C9559A3:java.util.concurrent.CompletableFuture@626200[Not completed]
2019-09-19 14:21:20,397 [pool-27-thread-1] INFO  impl.RaftServerImpl (RaftServerImpl.java:<init>(93)) - 85c6a9f3-b9a5-43a5-ac4f-9aa7bd5f2263: new RaftServerImpl for group-7B227C9559A3:[85c6a9f3-b9a5-43a5-ac4f-9aa7bd5f2263:192.168.157.226:45170] with ContainerStateMachine:uninitialized
2019-09-19 14:21:20,397 [pool-27-thread-1] INFO  server.RaftServerConfigKeys (ConfUtils.java:logGet(43)) - raft.server.rpc.timeout.min = 5s (custom)
2019-09-19 14:21:20,397 [pool-27-thread-1] INFO  server.RaftServerConfigKeys (ConfUtils.java:logGet(43)) - raft.server.rpc.timeout.max = 5200ms (custom)
2019-09-19 14:21:20,397 [pool-27-thread-1] INFO  server.RaftServerConfigKeys (ConfUtils.java:logGet(43)) - raft.server.rpcslowness.timeout = 120s (custom)
2019-09-19 14:21:20,397 [pool-27-thread-1] INFO  server.RaftServerConfigKeys (ConfUtils.java:logGet(43)) - raft.server.sleep.deviation.threshold = 300 (default)
2019-09-19 14:21:20,397 [pool-27-thread-1] INFO  server.RaftServerConfigKeys (ConfUtils.java:logGet(43)) - raft.server.log.appender.install.snapshot.enabled = false (custom)
2019-09-19 14:21:20,398 [pool-27-thread-1] INFO  impl.RaftServerImpl (ServerState.java:<init>(105)) - 85c6a9f3-b9a5-43a5-ac4f-9aa7bd5f2263:group-7B227C9559A3 ConfigurationManager, init=-1: [85c6a9f3-b9a5-43a5-ac4f-9aa7bd5f2263:192.168.157.226:45170], old=null, confs=<EMPTY_MAP>
2019-09-19 14:21:20,398 [pool-27-thread-1] INFO  server.RaftServerConfigKeys (ConfUtils.java:logGet(43)) - raft.server.storage.dir = [/workdir/hadoop-ozone/integration-test/target/test-dir/MiniOzoneClusterImpl-210d6028-2152-4683-81ff-347b0d29bb13/datanode-0/data/ratis] (custom)
2019-09-19 14:21:20,398 [pool-27-thread-1] INFO  storage.RaftStorageDirectory (RaftStorageDirectory.java:analyzeStorage(246)) - The storage directory /workdir/hadoop-ozone/integration-test/target/test-dir/MiniOzoneClusterImpl-210d6028-2152-4683-81ff-347b0d29bb13/datanode-0/data/ratis/26dce885-032b-45a0-b90e-7b227c9559a3 does not exist. Creating ...
2019-09-19 14:21:20,515 | INFO  | SCMAudit | user=jenkins1000 | ip=192.168.157.226 | op=SEND_HEARTBEAT {datanodeUUID=5dfaa0ea-416a-422c-a75d-43311aceb00a, command=[]} | ret=SUCCESS |  
2019-09-19 14:21:20,533 [Thread-274] INFO  impl.FollowerState (FollowerState.java:run(106)) - 5dfaa0ea-416a-422c-a75d-43311aceb00a:group-ECAA1E39D794 changes to CANDIDATE, lastRpcTime:5145, electionTimeout:5145ms
2019-09-19 14:21:20,533 [Thread-274] INFO  impl.RoleInfo (RoleInfo.java:shutdownFollowerState(121)) - 5dfaa0ea-416a-422c-a75d-43311aceb00a: shutdown FollowerState
2019-09-19 14:21:20,533 [Thread-274] INFO  impl.RaftServerImpl (RaftServerImpl.java:setRole(171)) - 5dfaa0ea-416a-422c-a75d-43311aceb00a:group-ECAA1E39D794 changes role from FOLLOWER to CANDIDATE at term 0 for changeToCandidate
2019-09-19 14:21:20,533 [Thread-274] INFO  impl.RoleInfo (RoleInfo.java:updateAndGet(143)) - 5dfaa0ea-416a-422c-a75d-43311aceb00a: start LeaderElection
2019-09-19 14:21:20,606 | INFO  | SCMAudit | user=jenkins1000 | ip=192.168.157.226 | op=SEND_HEARTBEAT {datanodeUUID=431517c4-8c09-4790-b37b-2e132c8143ad, command=[]} | ret=SUCCESS |  
2019-09-19 14:21:20,659 [Thread-278] INFO  impl.FollowerState (FollowerState.java:run(106)) - 5dfaa0ea-416a-422c-a75d-43311aceb00a:group-DEB24979374C changes to CANDIDATE, lastRpcTime:5189, electionTimeout:5189ms
2019-09-19 14:21:20,659 [Thread-278] INFO  impl.RoleInfo (RoleInfo.java:shutdownFollowerState(121)) - 5dfaa0ea-416a-422c-a75d-43311aceb00a: shutdown FollowerState
2019-09-19 14:21:20,659 [Thread-278] INFO  impl.RaftServerImpl (RaftServerImpl.java:setRole(171)) - 5dfaa0ea-416a-422c-a75d-43311aceb00a:group-DEB24979374C changes role from FOLLOWER to CANDIDATE at term 0 for changeToCandidate
2019-09-19 14:21:20,659 [Thread-278] INFO  impl.RoleInfo (RoleInfo.java:updateAndGet(143)) - 5dfaa0ea-416a-422c-a75d-43311aceb00a: start LeaderElection
2019-09-19 14:21:20,683 [Thread-284] INFO  impl.FollowerState (FollowerState.java:run(106)) - 5dfaa0ea-416a-422c-a75d-43311aceb00a:group-45C17CB8802C changes to CANDIDATE, lastRpcTime:5083, electionTimeout:5083ms
2019-09-19 14:21:20,683 [Thread-284] INFO  impl.RoleInfo (RoleInfo.java:shutdownFollowerState(121)) - 5dfaa0ea-416a-422c-a75d-43311aceb00a: shutdown FollowerState
2019-09-19 14:21:20,684 [Thread-284] INFO  impl.RaftServerImpl (RaftServerImpl.java:setRole(171)) - 5dfaa0ea-416a-422c-a75d-43311aceb00a:group-45C17CB8802C changes role from FOLLOWER to CANDIDATE at term 0 for changeToCandidate
2019-09-19 14:21:20,684 [Thread-284] INFO  impl.RoleInfo (RoleInfo.java:updateAndGet(143)) - 5dfaa0ea-416a-422c-a75d-43311aceb00a: start LeaderElection
2019-09-19 14:21:20,700 [Thread-287] INFO  impl.FollowerState (FollowerState.java:run(106)) - 6403e584-2209-453b-b79e-eeb0a7b58516:group-A0F195B65CD7 changes to CANDIDATE, lastRpcTime:5048, electionTimeout:5048ms
2019-09-19 14:21:20,700 [Thread-287] INFO  impl.RoleInfo (RoleInfo.java:shutdownFollowerState(121)) - 6403e584-2209-453b-b79e-eeb0a7b58516: shutdown FollowerState
2019-09-19 14:21:20,700 [Thread-287] INFO  impl.RaftServerImpl (RaftServerImpl.java:setRole(171)) - 6403e584-2209-453b-b79e-eeb0a7b58516:group-A0F195B65CD7 changes role from FOLLOWER to CANDIDATE at term 0 for changeToCandidate
2019-09-19 14:21:20,700 [Thread-287] INFO  impl.RoleInfo (RoleInfo.java:updateAndGet(143)) - 6403e584-2209-453b-b79e-eeb0a7b58516: start LeaderElection
2019-09-19 14:21:20,745 [Thread-281] INFO  impl.FollowerState (FollowerState.java:run(106)) - 5dfaa0ea-416a-422c-a75d-43311aceb00a:group-072F7F1083FE changes to CANDIDATE, lastRpcTime:5200, electionTimeout:5200ms
2019-09-19 14:21:20,745 [Thread-281] INFO  impl.RoleInfo (RoleInfo.java:shutdownFollowerState(121)) - 5dfaa0ea-416a-422c-a75d-43311aceb00a: shutdown FollowerState
2019-09-19 14:21:20,745 [Thread-281] INFO  impl.RaftServerImpl (RaftServerImpl.java:setRole(171)) - 5dfaa0ea-416a-422c-a75d-43311aceb00a:group-072F7F1083FE changes role from FOLLOWER to CANDIDATE at term 0 for changeToCandidate
2019-09-19 14:21:20,745 [Thread-281] INFO  impl.RoleInfo (RoleInfo.java:updateAndGet(143)) - 5dfaa0ea-416a-422c-a75d-43311aceb00a: start LeaderElection
2019-09-19 14:21:20,815 [Thread-290] INFO  impl.FollowerState (FollowerState.java:run(106)) - 306a7a99-f2a5-4f40-b42b-2fc2def08a6a:group-34E50141DDB4 changes to CANDIDATE, lastRpcTime:5113, electionTimeout:5113ms
2019-09-19 14:21:20,815 [Thread-290] INFO  impl.RoleInfo (RoleInfo.java:shutdownFollowerState(121)) - 306a7a99-f2a5-4f40-b42b-2fc2def08a6a: shutdown FollowerState
2019-09-19 14:21:20,815 [Thread-290] INFO  impl.RaftServerImpl (RaftServerImpl.java:setRole(171)) - 306a7a99-f2a5-4f40-b42b-2fc2def08a6a:group-34E50141DDB4 changes role from FOLLOWER to CANDIDATE at term 0 for changeToCandidate
2019-09-19 14:21:20,815 [Thread-290] INFO  impl.RoleInfo (RoleInfo.java:updateAndGet(143)) - 306a7a99-f2a5-4f40-b42b-2fc2def08a6a: start LeaderElection
2019-09-19 14:21:20,897 | INFO  | SCMAudit | user=jenkins1000 | ip=192.168.157.226 | op=SEND_HEARTBEAT {datanodeUUID=56d21ab3-8f6d-44ea-b961-c721a1c09246, command=[]} | ret=SUCCESS |  
2019-09-19 14:21:20,920 [Thread-293] INFO  impl.FollowerState (FollowerState.java:run(106)) - 6403e584-2209-453b-b79e-eeb0a7b58516:group-8A529A8BC28A changes to CANDIDATE, lastRpcTime:5159, electionTimeout:5159ms
2019-09-19 14:21:20,920 [Thread-293] INFO  impl.RoleInfo (RoleInfo.java:shutdownFollowerState(121)) - 6403e584-2209-453b-b79e-eeb0a7b58516: shutdown FollowerState
2019-09-19 14:21:20,920 [Thread-293] INFO  impl.RaftServerImpl (RaftServerImpl.java:setRole(171)) - 6403e584-2209-453b-b79e-eeb0a7b58516:group-8A529A8BC28A changes role from FOLLOWER to CANDIDATE at term 0 for changeToCandidate
2019-09-19 14:21:20,921 [Thread-293] INFO  impl.RoleInfo (RoleInfo.java:updateAndGet(143)) - 6403e584-2209-453b-b79e-eeb0a7b58516: start LeaderElection
2019-09-19 14:21:20,951 [Thread-299] INFO  impl.FollowerState (FollowerState.java:run(106)) - 6403e584-2209-453b-b79e-eeb0a7b58516:group-8A38B38FD508 changes to CANDIDATE, lastRpcTime:5082, electionTimeout:5077ms
2019-09-19 14:21:20,951 [Thread-299] INFO  impl.RoleInfo (RoleInfo.java:shutdownFollowerState(121)) - 6403e584-2209-453b-b79e-eeb0a7b58516: shutdown FollowerState
2019-09-19 14:21:20,951 [Thread-299] INFO  impl.RaftServerImpl (RaftServerImpl.java:setRole(171)) - 6403e584-2209-453b-b79e-eeb0a7b58516:group-8A38B38FD508 changes role from FOLLOWER to CANDIDATE at term 0 for changeToCandidate
2019-09-19 14:21:20,952 [Thread-299] INFO  impl.RoleInfo (RoleInfo.java:updateAndGet(143)) - 6403e584-2209-453b-b79e-eeb0a7b58516: start LeaderElection
2019-09-19 14:21:20,995 [Thread-296] INFO  impl.FollowerState (FollowerState.java:run(106)) - 85c6a9f3-b9a5-43a5-ac4f-9aa7bd5f2263:group-013F546B64FC changes to CANDIDATE, lastRpcTime:5183, electionTimeout:5183ms
2019-09-19 14:21:20,995 [Thread-296] INFO  impl.RoleInfo (RoleInfo.java:shutdownFollowerState(121)) - 85c6a9f3-b9a5-43a5-ac4f-9aa7bd5f2263: shutdown FollowerState
2019-09-19 14:21:20,996 [Thread-296] INFO  impl.RaftServerImpl (RaftServerImpl.java:setRole(171)) - 85c6a9f3-b9a5-43a5-ac4f-9aa7bd5f2263:group-013F546B64FC changes role from FOLLOWER to CANDIDATE at term 0 for changeToCandidate
2019-09-19 14:21:20,996 [Thread-296] INFO  impl.RoleInfo (RoleInfo.java:updateAndGet(143)) - 85c6a9f3-b9a5-43a5-ac4f-9aa7bd5f2263: start LeaderElection
2019-09-19 14:21:21,095 [Thread-302] INFO  impl.FollowerState (FollowerState.java:run(106)) - 85c6a9f3-b9a5-43a5-ac4f-9aa7bd5f2263:group-98F0C74AF458 changes to CANDIDATE, lastRpcTime:5146, electionTimeout:5146ms
2019-09-19 14:21:21,095 [Thread-302] INFO  impl.RoleInfo (RoleInfo.java:shutdownFollowerState(121)) - 85c6a9f3-b9a5-43a5-ac4f-9aa7bd5f2263: shutdown FollowerState
2019-09-19 14:21:21,095 [Thread-302] INFO  impl.RaftServerImpl (RaftServerImpl.java:setRole(171)) - 85c6a9f3-b9a5-43a5-ac4f-9aa7bd5f2263:group-98F0C74AF458 changes role from FOLLOWER to CANDIDATE at term 0 for changeToCandidate
2019-09-19 14:21:21,095 [Thread-302] INFO  impl.RoleInfo (RoleInfo.java:updateAndGet(143)) - 85c6a9f3-b9a5-43a5-ac4f-9aa7bd5f2263: start LeaderElection
2019-09-19 14:21:21,105 | INFO  | SCMAudit | user=jenkins1000 | ip=192.168.157.226 | op=SEND_HEARTBEAT {datanodeUUID=6403e584-2209-453b-b79e-eeb0a7b58516, command=[]} | ret=SUCCESS |  
2019-09-19 14:21:21,110 | INFO  | SCMAudit | user=jenkins1000 | ip=192.168.157.226 | op=SEND_HEARTBEAT {datanodeUUID=306a7a99-f2a5-4f40-b42b-2fc2def08a6a, command=[]} | ret=SUCCESS |  
2019-09-19 14:21:21,120 [Thread-305] INFO  impl.FollowerState (FollowerState.java:run(106)) - 85c6a9f3-b9a5-43a5-ac4f-9aa7bd5f2263:group-A0B5FA60C713 changes to CANDIDATE, lastRpcTime:5099, electionTimeout:5099ms
2019-09-19 14:21:21,120 [Thread-305] INFO  impl.RoleInfo (RoleInfo.java:shutdownFollowerState(121)) - 85c6a9f3-b9a5-43a5-ac4f-9aa7bd5f2263: shutdown FollowerState
2019-09-19 14:21:21,120 [Thread-305] INFO  impl.RaftServerImpl (RaftServerImpl.java:setRole(171)) - 85c6a9f3-b9a5-43a5-ac4f-9aa7bd5f2263:group-A0B5FA60C713 changes role from FOLLOWER to CANDIDATE at term 0 for changeToCandidate
2019-09-19 14:21:21,120 [Thread-305] INFO  impl.RoleInfo (RoleInfo.java:updateAndGet(143)) - 85c6a9f3-b9a5-43a5-ac4f-9aa7bd5f2263: start LeaderElection
2019-09-19 14:21:21,149 [Thread-311] INFO  impl.FollowerState (FollowerState.java:run(106)) - 1190b9a7-12b1-4c15-b33e-f7d0a0cd436c:group-766EF938012F changes to CANDIDATE, lastRpcTime:5018, electionTimeout:5018ms
2019-09-19 14:21:21,149 [Thread-311] INFO  impl.RoleInfo (RoleInfo.java:shutdownFollowerState(121)) - 1190b9a7-12b1-4c15-b33e-f7d0a0cd436c: shutdown FollowerState
2019-09-19 14:21:21,149 [Thread-311] INFO  impl.RaftServerImpl (RaftServerImpl.java:setRole(171)) - 1190b9a7-12b1-4c15-b33e-f7d0a0cd436c:group-766EF938012F changes role from FOLLOWER to CANDIDATE at term 0 for changeToCandidate
2019-09-19 14:21:21,149 [Thread-311] INFO  impl.RoleInfo (RoleInfo.java:updateAndGet(143)) - 1190b9a7-12b1-4c15-b33e-f7d0a0cd436c: start LeaderElection
2019-09-19 14:21:21,178 [Thread-308] INFO  impl.FollowerState (FollowerState.java:run(106)) - 1190b9a7-12b1-4c15-b33e-f7d0a0cd436c:group-3207FA89EC2E changes to CANDIDATE, lastRpcTime:5100, electionTimeout:5100ms
2019-09-19 14:21:21,178 [Thread-308] INFO  impl.RoleInfo (RoleInfo.java:shutdownFollowerState(121)) - 1190b9a7-12b1-4c15-b33e-f7d0a0cd436c: shutdown FollowerState
2019-09-19 14:21:21,179 [Thread-308] INFO  impl.RaftServerImpl (RaftServerImpl.java:setRole(171)) - 1190b9a7-12b1-4c15-b33e-f7d0a0cd436c:group-3207FA89EC2E changes role from FOLLOWER to CANDIDATE at term 0 for changeToCandidate
2019-09-19 14:21:21,179 [Thread-308] INFO  impl.RoleInfo (RoleInfo.java:updateAndGet(143)) - 1190b9a7-12b1-4c15-b33e-f7d0a0cd436c: start LeaderElection
2019-09-19 14:21:21,250 | INFO  | SCMAudit | user=jenkins1000 | ip=192.168.157.226 | op=SEND_HEARTBEAT {datanodeUUID=1190b9a7-12b1-4c15-b33e-f7d0a0cd436c, command=[]} | ret=SUCCESS |  
2019-09-19 14:21:21,271 [Thread-314] INFO  impl.FollowerState (FollowerState.java:run(106)) - 85c6a9f3-b9a5-43a5-ac4f-9aa7bd5f2263:group-7EA8DA0DB126 changes to CANDIDATE, lastRpcTime:5089, electionTimeout:5089ms
2019-09-19 14:21:21,272 [Thread-314] INFO  impl.RoleInfo (RoleInfo.java:shutdownFollowerState(121)) - 85c6a9f3-b9a5-43a5-ac4f-9aa7bd5f2263: shutdown FollowerState
2019-09-19 14:21:21,272 [Thread-314] INFO  impl.RaftServerImpl (RaftServerImpl.java:setRole(171)) - 85c6a9f3-b9a5-43a5-ac4f-9aa7bd5f2263:group-7EA8DA0DB126 changes role from FOLLOWER to CANDIDATE at term 0 for changeToCandidate
2019-09-19 14:21:21,272 [Thread-314] INFO  impl.RoleInfo (RoleInfo.java:updateAndGet(143)) - 85c6a9f3-b9a5-43a5-ac4f-9aa7bd5f2263: start LeaderElection
2019-09-19 14:21:21,324 | INFO  | SCMAudit | user=jenkins1000 | ip=192.168.157.226 | op=SEND_HEARTBEAT {datanodeUUID=85c6a9f3-b9a5-43a5-ac4f-9aa7bd5f2263, command=[]} | ret=SUCCESS |  
2019-09-19 14:21:21,326 [Thread-317] INFO  impl.FollowerState (FollowerState.java:run(106)) - 5dfaa0ea-416a-422c-a75d-43311aceb00a:group-262BD164629E changes to CANDIDATE, lastRpcTime:5085, electionTimeout:5085ms
2019-09-19 14:21:21,326 [Thread-317] INFO  impl.RoleInfo (RoleInfo.java:shutdownFollowerState(121)) - 5dfaa0ea-416a-422c-a75d-43311aceb00a: shutdown FollowerState
2019-09-19 14:21:21,326 [Thread-317] INFO  impl.RaftServerImpl (RaftServerImpl.java:setRole(171)) - 5dfaa0ea-416a-422c-a75d-43311aceb00a:group-262BD164629E changes role from FOLLOWER to CANDIDATE at term 0 for changeToCandidate
2019-09-19 14:21:21,326 [Thread-317] INFO  impl.RoleInfo (RoleInfo.java:updateAndGet(143)) - 5dfaa0ea-416a-422c-a75d-43311aceb00a: start LeaderElection
2019-09-19 14:21:21,355 [Thread-320] INFO  impl.FollowerState (FollowerState.java:run(106)) - 6403e584-2209-453b-b79e-eeb0a7b58516:group-89D25254E3D5 changes to CANDIDATE, lastRpcTime:5062, electionTimeout:5062ms
2019-09-19 14:21:21,355 [Thread-320] INFO  impl.RoleInfo (RoleInfo.java:shutdownFollowerState(121)) - 6403e584-2209-453b-b79e-eeb0a7b58516: shutdown FollowerState
2019-09-19 14:21:21,355 [Thread-320] INFO  impl.RaftServerImpl (RaftServerImpl.java:setRole(171)) - 6403e584-2209-453b-b79e-eeb0a7b58516:group-89D25254E3D5 changes role from FOLLOWER to CANDIDATE at term 0 for changeToCandidate
2019-09-19 14:21:21,355 [Thread-320] INFO  impl.RoleInfo (RoleInfo.java:updateAndGet(143)) - 6403e584-2209-453b-b79e-eeb0a7b58516: start LeaderElection
2019-09-19 14:21:21,372 [Thread-323] INFO  impl.FollowerState (FollowerState.java:run(106)) - 5dfaa0ea-416a-422c-a75d-43311aceb00a:group-042B962BFEF4 changes to CANDIDATE, lastRpcTime:5030, electionTimeout:5030ms
2019-09-19 14:21:21,373 [Thread-323] INFO  impl.RoleInfo (RoleInfo.java:shutdownFollowerState(121)) - 5dfaa0ea-416a-422c-a75d-43311aceb00a: shutdown FollowerState
2019-09-19 14:21:21,373 [Thread-323] INFO  impl.RaftServerImpl (RaftServerImpl.java:setRole(171)) - 5dfaa0ea-416a-422c-a75d-43311aceb00a:group-042B962BFEF4 changes role from FOLLOWER to CANDIDATE at term 0 for changeToCandidate
2019-09-19 14:21:21,373 [Thread-323] INFO  impl.RoleInfo (RoleInfo.java:updateAndGet(143)) - 5dfaa0ea-416a-422c-a75d-43311aceb00a: start LeaderElection
2019-09-19 14:21:21,515 | INFO  | SCMAudit | user=jenkins1000 | ip=192.168.157.226 | op=SEND_HEARTBEAT {datanodeUUID=5dfaa0ea-416a-422c-a75d-43311aceb00a, command=[]} | ret=SUCCESS |  
2019-09-19 14:21:21,515 [Thread-330] INFO  impl.FollowerState (FollowerState.java:run(106)) - 85c6a9f3-b9a5-43a5-ac4f-9aa7bd5f2263:group-361887C206E7 changes to CANDIDATE, lastRpcTime:5077, electionTimeout:5077ms
2019-09-19 14:21:21,516 [Thread-330] INFO  impl.RoleInfo (RoleInfo.java:shutdownFollowerState(121)) - 85c6a9f3-b9a5-43a5-ac4f-9aa7bd5f2263: shutdown FollowerState
2019-09-19 14:21:21,516 [Thread-330] INFO  impl.RaftServerImpl (RaftServerImpl.java:setRole(171)) - 85c6a9f3-b9a5-43a5-ac4f-9aa7bd5f2263:group-361887C206E7 changes role from FOLLOWER to CANDIDATE at term 0 for changeToCandidate
2019-09-19 14:21:21,516 [Thread-330] INFO  impl.RoleInfo (RoleInfo.java:updateAndGet(143)) - 85c6a9f3-b9a5-43a5-ac4f-9aa7bd5f2263: start LeaderElection
2019-09-19 14:21:21,520 [Thread-327] INFO  impl.FollowerState (FollowerState.java:run(106)) - 5dfaa0ea-416a-422c-a75d-43311aceb00a:group-F3A5C98C2D30 changes to CANDIDATE, lastRpcTime:5128, electionTimeout:5128ms
2019-09-19 14:21:21,521 [Thread-327] INFO  impl.RoleInfo (RoleInfo.java:shutdownFollowerState(121)) - 5dfaa0ea-416a-422c-a75d-43311aceb00a: shutdown FollowerState
2019-09-19 14:21:21,521 [Thread-327] INFO  impl.RaftServerImpl (RaftServerImpl.java:setRole(171)) - 5dfaa0ea-416a-422c-a75d-43311aceb00a:group-F3A5C98C2D30 changes role from FOLLOWER to CANDIDATE at term 0 for changeToCandidate
2019-09-19 14:21:21,521 [Thread-327] INFO  impl.RoleInfo (RoleInfo.java:updateAndGet(143)) - 5dfaa0ea-416a-422c-a75d-43311aceb00a: start LeaderElection
2019-09-19 14:21:21,558 [Thread-333] INFO  impl.FollowerState (FollowerState.java:run(106)) - 85c6a9f3-b9a5-43a5-ac4f-9aa7bd5f2263:group-36D981DB5337 changes to CANDIDATE, lastRpcTime:5054, electionTimeout:5054ms
2019-09-19 14:21:21,558 [Thread-333] INFO  impl.RoleInfo (RoleInfo.java:shutdownFollowerState(121)) - 85c6a9f3-b9a5-43a5-ac4f-9aa7bd5f2263: shutdown FollowerState
2019-09-19 14:21:21,558 [Thread-333] INFO  impl.RaftServerImpl (RaftServerImpl.java:setRole(171)) - 85c6a9f3-b9a5-43a5-ac4f-9aa7bd5f2263:group-36D981DB5337 changes role from FOLLOWER to CANDIDATE at term 0 for changeToCandidate
2019-09-19 14:21:21,558 [Thread-333] INFO  impl.RoleInfo (RoleInfo.java:updateAndGet(143)) - 85c6a9f3-b9a5-43a5-ac4f-9aa7bd5f2263: start LeaderElection
2019-09-19 14:21:21,606 | INFO  | SCMAudit | user=jenkins1000 | ip=192.168.157.226 | op=SEND_HEARTBEAT {datanodeUUID=431517c4-8c09-4790-b37b-2e132c8143ad, command=[]} | ret=SUCCESS |  
2019-09-19 14:21:21,651 [Thread-336] INFO  impl.FollowerState (FollowerState.java:run(106)) - 85c6a9f3-b9a5-43a5-ac4f-9aa7bd5f2263:group-E8DFDA12C3C4 changes to CANDIDATE, lastRpcTime:5100, electionTimeout:5100ms
2019-09-19 14:21:21,651 [Thread-336] INFO  impl.RoleInfo (RoleInfo.java:shutdownFollowerState(121)) - 85c6a9f3-b9a5-43a5-ac4f-9aa7bd5f2263: shutdown FollowerState
2019-09-19 14:21:21,651 [Thread-336] INFO  impl.RaftServerImpl (RaftServerImpl.java:setRole(171)) - 85c6a9f3-b9a5-43a5-ac4f-9aa7bd5f2263:group-E8DFDA12C3C4 changes role from FOLLOWER to CANDIDATE at term 0 for changeToCandidate
2019-09-19 14:21:21,652 [Thread-336] INFO  impl.RoleInfo (RoleInfo.java:updateAndGet(143)) - 85c6a9f3-b9a5-43a5-ac4f-9aa7bd5f2263: start LeaderElection
2019-09-19 14:21:21,670 [Thread-339] INFO  impl.FollowerState (FollowerState.java:run(106)) - 6403e584-2209-453b-b79e-eeb0a7b58516:group-49462D32D52F changes to CANDIDATE, lastRpcTime:5065, electionTimeout:5065ms
2019-09-19 14:21:21,670 [Thread-339] INFO  impl.RoleInfo (RoleInfo.java:shutdownFollowerState(121)) - 6403e584-2209-453b-b79e-eeb0a7b58516: shutdown FollowerState
2019-09-19 14:21:21,670 [Thread-339] INFO  impl.RaftServerImpl (RaftServerImpl.java:setRole(171)) - 6403e584-2209-453b-b79e-eeb0a7b58516:group-49462D32D52F changes role from FOLLOWER to CANDIDATE at term 0 for changeToCandidate
2019-09-19 14:21:21,670 [Thread-339] INFO  impl.RoleInfo (RoleInfo.java:updateAndGet(143)) - 6403e584-2209-453b-b79e-eeb0a7b58516: start LeaderElection
2019-09-19 14:21:21,674 [Thread-342] INFO  impl.FollowerState (FollowerState.java:run(106)) - 6403e584-2209-453b-b79e-eeb0a7b58516:group-F02C244E9BDB changes to CANDIDATE, lastRpcTime:5017, electionTimeout:5017ms
2019-09-19 14:21:21,674 [Thread-342] INFO  impl.RoleInfo (RoleInfo.java:shutdownFollowerState(121)) - 6403e584-2209-453b-b79e-eeb0a7b58516: shutdown FollowerState
2019-09-19 14:21:21,674 [Thread-342] INFO  impl.RaftServerImpl (RaftServerImpl.java:setRole(171)) - 6403e584-2209-453b-b79e-eeb0a7b58516:group-F02C244E9BDB changes role from FOLLOWER to CANDIDATE at term 0 for changeToCandidate
2019-09-19 14:21:21,675 [Thread-342] INFO  impl.RoleInfo (RoleInfo.java:updateAndGet(143)) - 6403e584-2209-453b-b79e-eeb0a7b58516: start LeaderElection
2019-09-19 14:21:21,683 [306a7a99-f2a5-4f40-b42b-2fc2def08a6a-SegmentedRaftLogWorker:Storage Directory /workdir/hadoop-ozone/integration-test/target/test-dir/MiniOzoneClusterImpl-210d6028-2152-4683-81ff-347b0d29bb13/datanode-2/data/ratis/c4edd33b-2a8a-4802-93bb-5cca59598051] INFO  segmented.SegmentedRaftLogWorker (SegmentedRaftLogWorker.java:execute(569)) - 306a7a99-f2a5-4f40-b42b-2fc2def08a6a-SegmentedRaftLogWorker:Storage Directory /workdir/hadoop-ozone/integration-test/target/test-dir/MiniOzoneClusterImpl-210d6028-2152-4683-81ff-347b0d29bb13/datanode-2/data/ratis/c4edd33b-2a8a-4802-93bb-5cca59598051: created new log segment /workdir/hadoop-ozone/integration-test/target/test-dir/MiniOzoneClusterImpl-210d6028-2152-4683-81ff-347b0d29bb13/datanode-2/data/ratis/c4edd33b-2a8a-4802-93bb-5cca59598051/current/log_inprogress_0
2019-09-19 14:21:21,685 [6403e584-2209-453b-b79e-eeb0a7b58516:group-586931AC7CB2:LeaderElection11] INFO  impl.LeaderElection (LeaderElection.java:askForVotes(181)) - 6403e584-2209-453b-b79e-eeb0a7b58516:group-586931AC7CB2:LeaderElection11: begin an election at term 1 for -1: [6403e584-2209-453b-b79e-eeb0a7b58516:192.168.157.226:35833], old=null
2019-09-19 14:21:21,685 [85c6a9f3-b9a5-43a5-ac4f-9aa7bd5f2263:group-352DC12B53E3:LeaderElection10] INFO  impl.LeaderElection (LeaderElection.java:askForVotes(181)) - 85c6a9f3-b9a5-43a5-ac4f-9aa7bd5f2263:group-352DC12B53E3:LeaderElection10: begin an election at term 1 for -1: [85c6a9f3-b9a5-43a5-ac4f-9aa7bd5f2263:192.168.157.226:45170], old=null
2019-09-19 14:21:21,685 [6403e584-2209-453b-b79e-eeb0a7b58516:group-586931AC7CB2:LeaderElection11] INFO  impl.RoleInfo (RoleInfo.java:shutdownLeaderElection(134)) - 6403e584-2209-453b-b79e-eeb0a7b58516: shutdown LeaderElection
2019-09-19 14:21:21,685 [85c6a9f3-b9a5-43a5-ac4f-9aa7bd5f2263:group-352DC12B53E3:LeaderElection10] INFO  impl.RoleInfo (RoleInfo.java:shutdownLeaderElection(134)) - 85c6a9f3-b9a5-43a5-ac4f-9aa7bd5f2263: shutdown LeaderElection
2019-09-19 14:21:21,685 [6403e584-2209-453b-b79e-eeb0a7b58516:group-586931AC7CB2:LeaderElection11] INFO  impl.RaftServerImpl (RaftServerImpl.java:setRole(171)) - 6403e584-2209-453b-b79e-eeb0a7b58516:group-586931AC7CB2 changes role from CANDIDATE to LEADER at term 1 for changeToLeader
2019-09-19 14:21:21,685 [85c6a9f3-b9a5-43a5-ac4f-9aa7bd5f2263:group-352DC12B53E3:LeaderElection10] INFO  impl.RaftServerImpl (RaftServerImpl.java:setRole(171)) - 85c6a9f3-b9a5-43a5-ac4f-9aa7bd5f2263:group-352DC12B53E3 changes role from CANDIDATE to LEADER at term 1 for changeToLeader
2019-09-19 14:21:21,685 [6403e584-2209-453b-b79e-eeb0a7b58516:group-586931AC7CB2:LeaderElection11] INFO  impl.RaftServerImpl (ServerState.java:setLeader(263)) - 6403e584-2209-453b-b79e-eeb0a7b58516:group-586931AC7CB2 change Leader from null to 6403e584-2209-453b-b79e-eeb0a7b58516 at term 1 for becomeLeader, leader elected after 6384ms
2019-09-19 14:21:21,686 [85c6a9f3-b9a5-43a5-ac4f-9aa7bd5f2263:group-352DC12B53E3:LeaderElection10] INFO  impl.RaftServerImpl (ServerState.java:setLeader(263)) - 85c6a9f3-b9a5-43a5-ac4f-9aa7bd5f2263:group-352DC12B53E3 change Leader from null to 85c6a9f3-b9a5-43a5-ac4f-9aa7bd5f2263 at term 1 for becomeLeader, leader elected after 6461ms
2019-09-19 14:21:21,686 [6403e584-2209-453b-b79e-eeb0a7b58516:group-586931AC7CB2:LeaderElection11] INFO  server.RaftServerConfigKeys (ConfUtils.java:logGet(43)) - raft.server.staging.catchup.gap = 1000 (default)
2019-09-19 14:21:21,686 [85c6a9f3-b9a5-43a5-ac4f-9aa7bd5f2263:group-352DC12B53E3:LeaderElection10] INFO  server.RaftServerConfigKeys (ConfUtils.java:logGet(43)) - raft.server.staging.catchup.gap = 1000 (default)
2019-09-19 14:21:21,686 [6403e584-2209-453b-b79e-eeb0a7b58516:group-586931AC7CB2:LeaderElection11] INFO  server.RaftServerConfigKeys (ConfUtils.java:logGet(43)) - raft.server.rpc.sleep.time = 25ms (default)
2019-09-19 14:21:21,686 [85c6a9f3-b9a5-43a5-ac4f-9aa7bd5f2263:group-352DC12B53E3:LeaderElection10] INFO  server.RaftServerConfigKeys (ConfUtils.java:logGet(43)) - raft.server.rpc.sleep.time = 25ms (default)
2019-09-19 14:21:21,686 [pool-27-thread-1] INFO  storage.RaftStorageDirectory (RaftStorageDirectory.java:tryLock(328)) - Lock on /workdir/hadoop-ozone/integration-test/target/test-dir/MiniOzoneClusterImpl-210d6028-2152-4683-81ff-347b0d29bb13/datanode-0/data/ratis/26dce885-032b-45a0-b90e-7b227c9559a3/in_use.lock acquired by nodename 16198@pr-hdds-1569-swxfz-3172132826
2019-09-19 14:21:21,686 [6403e584-2209-453b-b79e-eeb0a7b58516:group-49462D32D52F:LeaderElection33] INFO  impl.LeaderElection (LeaderElection.java:askForVotes(181)) - 6403e584-2209-453b-b79e-eeb0a7b58516:group-49462D32D52F:LeaderElection33: begin an election at term 1 for -1: [6403e584-2209-453b-b79e-eeb0a7b58516:192.168.157.226:35833], old=null
2019-09-19 14:21:21,687 [85c6a9f3-b9a5-43a5-ac4f-9aa7bd5f2263:group-361887C206E7:LeaderElection29] INFO  impl.LeaderElection (LeaderElection.java:askForVotes(181)) - 85c6a9f3-b9a5-43a5-ac4f-9aa7bd5f2263:group-361887C206E7:LeaderElection29: begin an election at term 1 for -1: [85c6a9f3-b9a5-43a5-ac4f-9aa7bd5f2263:192.168.157.226:45170], old=null
2019-09-19 14:21:21,686 [6403e584-2209-453b-b79e-eeb0a7b58516:group-586931AC7CB2:LeaderElection11] INFO  server.RaftServerConfigKeys (ConfUtils.java:logGet(43)) - raft.server.write.element-limit = 4096 (default)
2019-09-19 14:21:21,687 [6403e584-2209-453b-b79e-eeb0a7b58516:group-F02C244E9BDB:LeaderElection34] INFO  impl.LeaderElection (LeaderElection.java:askForVotes(181)) - 6403e584-2209-453b-b79e-eeb0a7b58516:group-F02C244E9BDB:LeaderElection34: begin an election at term 1 for -1: [6403e584-2209-453b-b79e-eeb0a7b58516:192.168.157.226:35833], old=null
2019-09-19 14:21:21,687 [85c6a9f3-b9a5-43a5-ac4f-9aa7bd5f2263:group-361887C206E7:LeaderElection29] INFO  impl.RoleInfo (RoleInfo.java:shutdownLeaderElection(134)) - 85c6a9f3-b9a5-43a5-ac4f-9aa7bd5f2263: shutdown LeaderElection
2019-09-19 14:21:21,687 [306a7a99-f2a5-4f40-b42b-2fc2def08a6a:group-34E50141DDB4:LeaderElection17] INFO  impl.LeaderElection (LeaderElection.java:askForVotes(181)) - 306a7a99-f2a5-4f40-b42b-2fc2def08a6a:group-34E50141DDB4:LeaderElection17: begin an election at term 1 for -1: [306a7a99-f2a5-4f40-b42b-2fc2def08a6a:192.168.157.226:42633], old=null
2019-09-19 14:21:21,687 [1190b9a7-12b1-4c15-b33e-f7d0a0cd436c:group-766EF938012F:LeaderElection23] INFO  impl.LeaderElection (LeaderElection.java:askForVotes(181)) - 1190b9a7-12b1-4c15-b33e-f7d0a0cd436c:group-766EF938012F:LeaderElection23: begin an election at term 1 for -1: [1190b9a7-12b1-4c15-b33e-f7d0a0cd436c:192.168.157.226:34463], old=null
2019-09-19 14:21:21,687 [6403e584-2209-453b-b79e-eeb0a7b58516:group-A0F195B65CD7:LeaderElection15] INFO  impl.LeaderElection (LeaderElection.java:askForVotes(181)) - 6403e584-2209-453b-b79e-eeb0a7b58516:group-A0F195B65CD7:LeaderElection15: begin an election at term 1 for -1: [6403e584-2209-453b-b79e-eeb0a7b58516:192.168.157.226:35833], old=null
2019-09-19 14:21:21,687 [6403e584-2209-453b-b79e-eeb0a7b58516:group-49462D32D52F:LeaderElection33] INFO  impl.RoleInfo (RoleInfo.java:shutdownLeaderElection(134)) - 6403e584-2209-453b-b79e-eeb0a7b58516: shutdown LeaderElection
2019-09-19 14:21:21,687 [85c6a9f3-b9a5-43a5-ac4f-9aa7bd5f2263:group-E8DFDA12C3C4:LeaderElection32] INFO  impl.LeaderElection (LeaderElection.java:askForVotes(181)) - 85c6a9f3-b9a5-43a5-ac4f-9aa7bd5f2263:group-E8DFDA12C3C4:LeaderElection32: begin an election at term 1 for -1: [85c6a9f3-b9a5-43a5-ac4f-9aa7bd5f2263:192.168.157.226:45170], old=null
2019-09-19 14:21:21,687 [6403e584-2209-453b-b79e-eeb0a7b58516:group-89D25254E3D5:LeaderElection27] INFO  impl.LeaderElection (LeaderElection.java:askForVotes(181)) - 6403e584-2209-453b-b79e-eeb0a7b58516:group-89D25254E3D5:LeaderElection27: begin an election at term 1 for -1: [6403e584-2209-453b-b79e-eeb0a7b58516:192.168.157.226:35833], old=null
2019-09-19 14:21:21,686 [85c6a9f3-b9a5-43a5-ac4f-9aa7bd5f2263:group-013F546B64FC:LeaderElection20] INFO  impl.LeaderElection (LeaderElection.java:askForVotes(181)) - 85c6a9f3-b9a5-43a5-ac4f-9aa7bd5f2263:group-013F546B64FC:LeaderElection20: begin an election at term 1 for -1: [85c6a9f3-b9a5-43a5-ac4f-9aa7bd5f2263:192.168.157.226:45170], old=null
2019-09-19 14:21:21,687 [6403e584-2209-453b-b79e-eeb0a7b58516:group-8A529A8BC28A:LeaderElection18] INFO  impl.LeaderElection (LeaderElection.java:askForVotes(181)) - 6403e584-2209-453b-b79e-eeb0a7b58516:group-8A529A8BC28A:LeaderElection18: begin an election at term 1 for -1: [6403e584-2209-453b-b79e-eeb0a7b58516:192.168.157.226:35833], old=null
2019-09-19 14:21:21,688 [6403e584-2209-453b-b79e-eeb0a7b58516:group-8A529A8BC28A:LeaderElection18] INFO  impl.RoleInfo (RoleInfo.java:shutdownLeaderElection(134)) - 6403e584-2209-453b-b79e-eeb0a7b58516: shutdown LeaderElection
2019-09-19 14:21:21,686 [85c6a9f3-b9a5-43a5-ac4f-9aa7bd5f2263:group-A0B5FA60C713:LeaderElection22] INFO  impl.LeaderElection (LeaderElection.java:askForVotes(181)) - 85c6a9f3-b9a5-43a5-ac4f-9aa7bd5f2263:group-A0B5FA60C713:LeaderElection22: begin an election at term 1 for -1: [85c6a9f3-b9a5-43a5-ac4f-9aa7bd5f2263:192.168.157.226:45170], old=null
2019-09-19 14:21:21,686 [5dfaa0ea-416a-422c-a75d-43311aceb00a:group-F3A5C98C2D30:LeaderElection30] INFO  impl.LeaderElection (LeaderElection.java:askForVotes(181)) - 5dfaa0ea-416a-422c-a75d-43311aceb00a:group-F3A5C98C2D30:LeaderElection30: begin an election at term 1 for -1: [5dfaa0ea-416a-422c-a75d-43311aceb00a:192.168.157.226:45629], old=null
2019-09-19 14:21:21,686 [5dfaa0ea-416a-422c-a75d-43311aceb00a:group-45C17CB8802C:LeaderElection14] INFO  impl.LeaderElection (LeaderElection.java:askForVotes(181)) - 5dfaa0ea-416a-422c-a75d-43311aceb00a:group-45C17CB8802C:LeaderElection14: begin an election at term 1 for -1: [5dfaa0ea-416a-422c-a75d-43311aceb00a:192.168.157.226:45629], old=null
2019-09-19 14:21:21,686 [85c6a9f3-b9a5-43a5-ac4f-9aa7bd5f2263:group-7EA8DA0DB126:LeaderElection25] INFO  impl.LeaderElection (LeaderElection.java:askForVotes(181)) - 85c6a9f3-b9a5-43a5-ac4f-9aa7bd5f2263:group-7EA8DA0DB126:LeaderElection25: begin an election at term 1 for -1: [85c6a9f3-b9a5-43a5-ac4f-9aa7bd5f2263:192.168.157.226:45170], old=null
2019-09-19 14:21:21,686 [5dfaa0ea-416a-422c-a75d-43311aceb00a:group-DEB24979374C:LeaderElection13] INFO  impl.LeaderElection (LeaderElection.java:askForVotes(181)) - 5dfaa0ea-416a-422c-a75d-43311aceb00a:group-DEB24979374C:LeaderElection13: begin an election at term 1 for -1: [5dfaa0ea-416a-422c-a75d-43311aceb00a:192.168.157.226:45629], old=null
2019-09-19 14:21:21,686 [5dfaa0ea-416a-422c-a75d-43311aceb00a:group-042B962BFEF4:LeaderElection28] INFO  impl.LeaderElection (LeaderElection.java:askForVotes(181)) - 5dfaa0ea-416a-422c-a75d-43311aceb00a:group-042B962BFEF4:LeaderElection28: begin an election at term 1 for -1: [5dfaa0ea-416a-422c-a75d-43311aceb00a:192.168.157.226:45629], old=null
2019-09-19 14:21:21,686 [85c6a9f3-b9a5-43a5-ac4f-9aa7bd5f2263:group-98F0C74AF458:LeaderElection21] INFO  impl.LeaderElection (LeaderElection.java:askForVotes(181)) - 85c6a9f3-b9a5-43a5-ac4f-9aa7bd5f2263:group-98F0C74AF458:LeaderElection21: begin an election at term 1 for -1: [85c6a9f3-b9a5-43a5-ac4f-9aa7bd5f2263:192.168.157.226:45170], old=null
2019-09-19 14:21:21,686 [1190b9a7-12b1-4c15-b33e-f7d0a0cd436c:group-3207FA89EC2E:LeaderElection24] INFO  impl.LeaderElection (LeaderElection.java:askForVotes(181)) - 1190b9a7-12b1-4c15-b33e-f7d0a0cd436c:group-3207FA89EC2E:LeaderElection24: begin an election at term 1 for -1: [1190b9a7-12b1-4c15-b33e-f7d0a0cd436c:192.168.157.226:34463], old=null
2019-09-19 14:21:21,686 [85c6a9f3-b9a5-43a5-ac4f-9aa7bd5f2263:group-36D981DB5337:LeaderElection31] INFO  impl.LeaderElection (LeaderElection.java:askForVotes(181)) - 85c6a9f3-b9a5-43a5-ac4f-9aa7bd5f2263:group-36D981DB5337:LeaderElection31: begin an election at term 1 for -1: [85c6a9f3-b9a5-43a5-ac4f-9aa7bd5f2263:192.168.157.226:45170], old=null
2019-09-19 14:21:21,686 [6403e584-2209-453b-b79e-eeb0a7b58516:group-8A38B38FD508:LeaderElection19] INFO  impl.LeaderElection (LeaderElection.java:askForVotes(181)) - 6403e584-2209-453b-b79e-eeb0a7b58516:group-8A38B38FD508:LeaderElection19: begin an election at term 1 for -1: [6403e584-2209-453b-b79e-eeb0a7b58516:192.168.157.226:35833], old=null
2019-09-19 14:21:21,686 [5dfaa0ea-416a-422c-a75d-43311aceb00a:group-ECAA1E39D794:LeaderElection12] INFO  impl.LeaderElection (LeaderElection.java:askForVotes(181)) - 5dfaa0ea-416a-422c-a75d-43311aceb00a:group-ECAA1E39D794:LeaderElection12: begin an election at term 1 for -1: [5dfaa0ea-416a-422c-a75d-43311aceb00a:192.168.157.226:45629], old=null
2019-09-19 14:21:21,686 [5dfaa0ea-416a-422c-a75d-43311aceb00a:group-262BD164629E:LeaderElection26] INFO  impl.LeaderElection (LeaderElection.java:askForVotes(181)) - 5dfaa0ea-416a-422c-a75d-43311aceb00a:group-262BD164629E:LeaderElection26: begin an election at term 1 for -1: [5dfaa0ea-416a-422c-a75d-43311aceb00a:192.168.157.226:45629], old=null
2019-09-19 14:21:21,686 [5dfaa0ea-416a-422c-a75d-43311aceb00a:group-072F7F1083FE:LeaderElection16] INFO  impl.LeaderElection (LeaderElection.java:askForVotes(181)) - 5dfaa0ea-416a-422c-a75d-43311aceb00a:group-072F7F1083FE:LeaderElection16: begin an election at term 1 for -1: [5dfaa0ea-416a-422c-a75d-43311aceb00a:192.168.157.226:45629], old=null
2019-09-19 14:21:21,686 [85c6a9f3-b9a5-43a5-ac4f-9aa7bd5f2263:group-352DC12B53E3:LeaderElection10] INFO  server.RaftServerConfigKeys (ConfUtils.java:logGet(43)) - raft.server.write.element-limit = 4096 (default)
2019-09-19 14:21:21,690 [5dfaa0ea-416a-422c-a75d-43311aceb00a:group-072F7F1083FE:LeaderElection16] INFO  impl.RoleInfo (RoleInfo.java:shutdownLeaderElection(134)) - 5dfaa0ea-416a-422c-a75d-43311aceb00a: shutdown LeaderElection
2019-09-19 14:21:21,691 [5dfaa0ea-416a-422c-a75d-43311aceb00a:group-072F7F1083FE:LeaderElection16] INFO  impl.RaftServerImpl (RaftServerImpl.java:setRole(171)) - 5dfaa0ea-416a-422c-a75d-43311aceb00a:group-072F7F1083FE changes role from CANDIDATE to LEADER at term 1 for changeToLeader
2019-09-19 14:21:21,690 [5dfaa0ea-416a-422c-a75d-43311aceb00a:group-262BD164629E:LeaderElection26] INFO  impl.RoleInfo (RoleInfo.java:shutdownLeaderElection(134)) - 5dfaa0ea-416a-422c-a75d-43311aceb00a: shutdown LeaderElection
2019-09-19 14:21:21,690 [5dfaa0ea-416a-422c-a75d-43311aceb00a:group-ECAA1E39D794:LeaderElection12] INFO  impl.RoleInfo (RoleInfo.java:shutdownLeaderElection(134)) - 5dfaa0ea-416a-422c-a75d-43311aceb00a: shutdown LeaderElection
2019-09-19 14:21:21,691 [5dfaa0ea-416a-422c-a75d-43311aceb00a:group-ECAA1E39D794:LeaderElection12] INFO  impl.RaftServerImpl (RaftServerImpl.java:setRole(171)) - 5dfaa0ea-416a-422c-a75d-43311aceb00a:group-ECAA1E39D794 changes role from CANDIDATE to LEADER at term 1 for changeToLeader
2019-09-19 14:21:21,690 [6403e584-2209-453b-b79e-eeb0a7b58516:group-8A38B38FD508:LeaderElection19] INFO  impl.RoleInfo (RoleInfo.java:shutdownLeaderElection(134)) - 6403e584-2209-453b-b79e-eeb0a7b58516: shutdown LeaderElection
2019-09-19 14:21:21,690 [85c6a9f3-b9a5-43a5-ac4f-9aa7bd5f2263:group-36D981DB5337:LeaderElection31] INFO  impl.RoleInfo (RoleInfo.java:shutdownLeaderElection(134)) - 85c6a9f3-b9a5-43a5-ac4f-9aa7bd5f2263: shutdown LeaderElection
2019-09-19 14:21:21,690 [1190b9a7-12b1-4c15-b33e-f7d0a0cd436c:group-3207FA89EC2E:LeaderElection24] INFO  impl.RoleInfo (RoleInfo.java:shutdownLeaderElection(134)) - 1190b9a7-12b1-4c15-b33e-f7d0a0cd436c: shutdown LeaderElection
2019-09-19 14:21:21,691 [1190b9a7-12b1-4c15-b33e-f7d0a0cd436c:group-3207FA89EC2E:LeaderElection24] INFO  impl.RaftServerImpl (RaftServerImpl.java:setRole(171)) - 1190b9a7-12b1-4c15-b33e-f7d0a0cd436c:group-3207FA89EC2E changes role from CANDIDATE to LEADER at term 1 for changeToLeader
2019-09-19 14:21:21,690 [85c6a9f3-b9a5-43a5-ac4f-9aa7bd5f2263:group-98F0C74AF458:LeaderElection21] INFO  impl.RoleInfo (RoleInfo.java:shutdownLeaderElection(134)) - 85c6a9f3-b9a5-43a5-ac4f-9aa7bd5f2263: shutdown LeaderElection
2019-09-19 14:21:21,692 [85c6a9f3-b9a5-43a5-ac4f-9aa7bd5f2263:group-98F0C74AF458:LeaderElection21] INFO  impl.RaftServerImpl (RaftServerImpl.java:setRole(171)) - 85c6a9f3-b9a5-43a5-ac4f-9aa7bd5f2263:group-98F0C74AF458 changes role from CANDIDATE to LEADER at term 1 for changeToLeader
2019-09-19 14:21:21,689 [5dfaa0ea-416a-422c-a75d-43311aceb00a:group-042B962BFEF4:LeaderElection28] INFO  impl.RoleInfo (RoleInfo.java:shutdownLeaderElection(134)) - 5dfaa0ea-416a-422c-a75d-43311aceb00a: shutdown LeaderElection
2019-09-19 14:21:21,689 [5dfaa0ea-416a-422c-a75d-43311aceb00a:group-DEB24979374C:LeaderElection13] INFO  impl.RoleInfo (RoleInfo.java:shutdownLeaderElection(134)) - 5dfaa0ea-416a-422c-a75d-43311aceb00a: shutdown LeaderElection
2019-09-19 14:21:21,689 [85c6a9f3-b9a5-43a5-ac4f-9aa7bd5f2263:group-7EA8DA0DB126:LeaderElection25] INFO  impl.RoleInfo (RoleInfo.java:shutdownLeaderElection(134)) - 85c6a9f3-b9a5-43a5-ac4f-9aa7bd5f2263: shutdown LeaderElection
2019-09-19 14:21:21,689 [5dfaa0ea-416a-422c-a75d-43311aceb00a:group-45C17CB8802C:LeaderElection14] INFO  impl.RoleInfo (RoleInfo.java:shutdownLeaderElection(134)) - 5dfaa0ea-416a-422c-a75d-43311aceb00a: shutdown LeaderElection
2019-09-19 14:21:21,692 [5dfaa0ea-416a-422c-a75d-43311aceb00a:group-45C17CB8802C:LeaderElection14] INFO  impl.RaftServerImpl (RaftServerImpl.java:setRole(171)) - 5dfaa0ea-416a-422c-a75d-43311aceb00a:group-45C17CB8802C changes role from CANDIDATE to LEADER at term 1 for changeToLeader
2019-09-19 14:21:21,689 [5dfaa0ea-416a-422c-a75d-43311aceb00a:group-F3A5C98C2D30:LeaderElection30] INFO  impl.RoleInfo (RoleInfo.java:shutdownLeaderElection(134)) - 5dfaa0ea-416a-422c-a75d-43311aceb00a: shutdown LeaderElection
2019-09-19 14:21:21,693 [5dfaa0ea-416a-422c-a75d-43311aceb00a:group-F3A5C98C2D30:LeaderElection30] INFO  impl.RaftServerImpl (RaftServerImpl.java:setRole(171)) - 5dfaa0ea-416a-422c-a75d-43311aceb00a:group-F3A5C98C2D30 changes role from CANDIDATE to LEADER at term 1 for changeToLeader
2019-09-19 14:21:21,689 [85c6a9f3-b9a5-43a5-ac4f-9aa7bd5f2263:group-A0B5FA60C713:LeaderElection22] INFO  impl.RoleInfo (RoleInfo.java:shutdownLeaderElection(134)) - 85c6a9f3-b9a5-43a5-ac4f-9aa7bd5f2263: shutdown LeaderElection
2019-09-19 14:21:21,689 [6403e584-2209-453b-b79e-eeb0a7b58516:group-8A529A8BC28A:LeaderElection18] INFO  impl.RaftServerImpl (RaftServerImpl.java:setRole(171)) - 6403e584-2209-453b-b79e-eeb0a7b58516:group-8A529A8BC28A changes role from CANDIDATE to LEADER at term 1 for changeToLeader
2019-09-19 14:21:21,688 [85c6a9f3-b9a5-43a5-ac4f-9aa7bd5f2263:group-013F546B64FC:LeaderElection20] INFO  impl.RoleInfo (RoleInfo.java:shutdownLeaderElection(134)) - 85c6a9f3-b9a5-43a5-ac4f-9aa7bd5f2263: shutdown LeaderElection
2019-09-19 14:21:21,688 [6403e584-2209-453b-b79e-eeb0a7b58516:group-89D25254E3D5:LeaderElection27] INFO  impl.RoleInfo (RoleInfo.java:shutdownLeaderElection(134)) - 6403e584-2209-453b-b79e-eeb0a7b58516: shutdown LeaderElection
2019-09-19 14:21:21,688 [85c6a9f3-b9a5-43a5-ac4f-9aa7bd5f2263:group-E8DFDA12C3C4:LeaderElection32] INFO  impl.RoleInfo (RoleInfo.java:shutdownLeaderElection(134)) - 85c6a9f3-b9a5-43a5-ac4f-9aa7bd5f2263: shutdown LeaderElection
2019-09-19 14:21:21,688 [6403e584-2209-453b-b79e-eeb0a7b58516:group-49462D32D52F:LeaderElection33] INFO  impl.RaftServerImpl (RaftServerImpl.java:setRole(171)) - 6403e584-2209-453b-b79e-eeb0a7b58516:group-49462D32D52F changes role from CANDIDATE to LEADER at term 1 for changeToLeader
2019-09-19 14:21:21,688 [6403e584-2209-453b-b79e-eeb0a7b58516:group-A0F195B65CD7:LeaderElection15] INFO  impl.RoleInfo (RoleInfo.java:shutdownLeaderElection(134)) - 6403e584-2209-453b-b79e-eeb0a7b58516: shutdown LeaderElection
2019-09-19 14:21:21,688 [1190b9a7-12b1-4c15-b33e-f7d0a0cd436c:group-766EF938012F:LeaderElection23] INFO  impl.RoleInfo (RoleInfo.java:shutdownLeaderElection(134)) - 1190b9a7-12b1-4c15-b33e-f7d0a0cd436c: shutdown LeaderElection
2019-09-19 14:21:21,687 [306a7a99-f2a5-4f40-b42b-2fc2def08a6a:group-34E50141DDB4:LeaderElection17] INFO  impl.RoleInfo (RoleInfo.java:shutdownLeaderElection(134)) - 306a7a99-f2a5-4f40-b42b-2fc2def08a6a: shutdown LeaderElection
2019-09-19 14:21:21,687 [85c6a9f3-b9a5-43a5-ac4f-9aa7bd5f2263:group-361887C206E7:LeaderElection29] INFO  impl.RaftServerImpl (RaftServerImpl.java:setRole(171)) - 85c6a9f3-b9a5-43a5-ac4f-9aa7bd5f2263:group-361887C206E7 changes role from CANDIDATE to LEADER at term 1 for changeToLeader
2019-09-19 14:21:21,687 [6403e584-2209-453b-b79e-eeb0a7b58516:group-F02C244E9BDB:LeaderElection34] INFO  impl.RoleInfo (RoleInfo.java:shutdownLeaderElection(134)) - 6403e584-2209-453b-b79e-eeb0a7b58516: shutdown LeaderElection
2019-09-19 14:21:21,687 [6403e584-2209-453b-b79e-eeb0a7b58516:group-586931AC7CB2:LeaderElection11] INFO  server.RaftServerConfigKeys (ConfUtils.java:logGet(43)) - raft.server.watch.timeout = 10s (default)
2019-09-19 14:21:21,694 [6403e584-2209-453b-b79e-eeb0a7b58516:group-F02C244E9BDB:LeaderElection34] INFO  impl.RaftServerImpl (RaftServerImpl.java:setRole(171)) - 6403e584-2209-453b-b79e-eeb0a7b58516:group-F02C244E9BDB changes role from CANDIDATE to LEADER at term 1 for changeToLeader
2019-09-19 14:21:21,694 [85c6a9f3-b9a5-43a5-ac4f-9aa7bd5f2263:group-361887C206E7:LeaderElection29] INFO  impl.RaftServerImpl (ServerState.java:setLeader(263)) - 85c6a9f3-b9a5-43a5-ac4f-9aa7bd5f2263:group-361887C206E7 change Leader from null to 85c6a9f3-b9a5-43a5-ac4f-9aa7bd5f2263 at term 1 for becomeLeader, leader elected after 5259ms
2019-09-19 14:21:21,694 [306a7a99-f2a5-4f40-b42b-2fc2def08a6a:group-34E50141DDB4:LeaderElection17] INFO  impl.RaftServerImpl (RaftServerImpl.java:setRole(171)) - 306a7a99-f2a5-4f40-b42b-2fc2def08a6a:group-34E50141DDB4 changes role from CANDIDATE to LEADER at term 1 for changeToLeader
2019-09-19 14:21:21,695 [85c6a9f3-b9a5-43a5-ac4f-9aa7bd5f2263:group-361887C206E7:LeaderElection29] INFO  server.RaftServerConfigKeys (ConfUtils.java:logGet(43)) - raft.server.staging.catchup.gap = 1000 (default)
2019-09-19 14:21:21,694 [1190b9a7-12b1-4c15-b33e-f7d0a0cd436c:group-766EF938012F:LeaderElection23] INFO  impl.RaftServerImpl (RaftServerImpl.java:setRole(171)) - 1190b9a7-12b1-4c15-b33e-f7d0a0cd436c:group-766EF938012F changes role from CANDIDATE to LEADER at term 1 for changeToLeader
2019-09-19 14:21:21,694 [6403e584-2209-453b-b79e-eeb0a7b58516:group-A0F195B65CD7:LeaderElection15] INFO  impl.RaftServerImpl (RaftServerImpl.java:setRole(171)) - 6403e584-2209-453b-b79e-eeb0a7b58516:group-A0F195B65CD7 changes role from CANDIDATE to LEADER at term 1 for changeToLeader
2019-09-19 14:21:21,695 [6403e584-2209-453b-b79e-eeb0a7b58516:group-A0F195B65CD7:LeaderElection15] INFO  impl.RaftServerImpl (ServerState.java:setLeader(263)) - 6403e584-2209-453b-b79e-eeb0a7b58516:group-A0F195B65CD7 change Leader from null to 6403e584-2209-453b-b79e-eeb0a7b58516 at term 1 for becomeLeader, leader elected after 6047ms
2019-09-19 14:21:21,694 [6403e584-2209-453b-b79e-eeb0a7b58516:group-49462D32D52F:LeaderElection33] INFO  impl.RaftServerImpl (ServerState.java:setLeader(263)) - 6403e584-2209-453b-b79e-eeb0a7b58516:group-49462D32D52F change Leader from null to 6403e584-2209-453b-b79e-eeb0a7b58516 at term 1 for becomeLeader, leader elected after 5094ms
2019-09-19 14:21:21,693 [85c6a9f3-b9a5-43a5-ac4f-9aa7bd5f2263:group-E8DFDA12C3C4:LeaderElection32] INFO  impl.RaftServerImpl (RaftServerImpl.java:setRole(171)) - 85c6a9f3-b9a5-43a5-ac4f-9aa7bd5f2263:group-E8DFDA12C3C4 changes role from CANDIDATE to LEADER at term 1 for changeToLeader
2019-09-19 14:21:21,696 [85c6a9f3-b9a5-43a5-ac4f-9aa7bd5f2263:group-E8DFDA12C3C4:LeaderElection32] INFO  impl.RaftServerImpl (ServerState.java:setLeader(263)) - 85c6a9f3-b9a5-43a5-ac4f-9aa7bd5f2263:group-E8DFDA12C3C4 change Leader from null to 85c6a9f3-b9a5-43a5-ac4f-9aa7bd5f2263 at term 1 for becomeLeader, leader elected after 5149ms
2019-09-19 14:21:21,693 [6403e584-2209-453b-b79e-eeb0a7b58516:group-89D25254E3D5:LeaderElection27] INFO  impl.RaftServerImpl (RaftServerImpl.java:setRole(171)) - 6403e584-2209-453b-b79e-eeb0a7b58516:group-89D25254E3D5 changes role from CANDIDATE to LEADER at term 1 for changeToLeader
2019-09-19 14:21:21,693 [85c6a9f3-b9a5-43a5-ac4f-9aa7bd5f2263:group-013F546B64FC:LeaderElection20] INFO  impl.RaftServerImpl (RaftServerImpl.java:setRole(171)) - 85c6a9f3-b9a5-43a5-ac4f-9aa7bd5f2263:group-013F546B64FC changes role from CANDIDATE to LEADER at term 1 for changeToLeader
2019-09-19 14:21:21,693 [6403e584-2209-453b-b79e-eeb0a7b58516:group-8A529A8BC28A:LeaderElection18] INFO  impl.RaftServerImpl (ServerState.java:setLeader(263)) - 6403e584-2209-453b-b79e-eeb0a7b58516:group-8A529A8BC28A change Leader from null to 6403e584-2209-453b-b79e-eeb0a7b58516 at term 1 for becomeLeader, leader elected after 5935ms
2019-09-19 14:21:21,696 [6403e584-2209-453b-b79e-eeb0a7b58516:group-8A529A8BC28A:LeaderElection18] INFO  server.RaftServerConfigKeys (ConfUtils.java:logGet(43)) - raft.server.staging.catchup.gap = 1000 (default)
2019-09-19 14:21:21,693 [85c6a9f3-b9a5-43a5-ac4f-9aa7bd5f2263:group-A0B5FA60C713:LeaderElection22] INFO  impl.RaftServerImpl (RaftServerImpl.java:setRole(171)) - 85c6a9f3-b9a5-43a5-ac4f-9aa7bd5f2263:group-A0B5FA60C713 changes role from CANDIDATE to LEADER at term 1 for changeToLeader
2019-09-19 14:21:21,693 [5dfaa0ea-416a-422c-a75d-43311aceb00a:group-F3A5C98C2D30:LeaderElection30] INFO  impl.RaftServerImpl (ServerState.java:setLeader(263)) - 5dfaa0ea-416a-422c-a75d-43311aceb00a:group-F3A5C98C2D30 change Leader from null to 5dfaa0ea-416a-422c-a75d-43311aceb00a at term 1 for becomeLeader, leader elected after 5305ms
2019-09-19 14:21:21,692 [5dfaa0ea-416a-422c-a75d-43311aceb00a:group-45C17CB8802C:LeaderElection14] INFO  impl.RaftServerImpl (ServerState.java:setLeader(263)) - 5dfaa0ea-416a-422c-a75d-43311aceb00a:group-45C17CB8802C change Leader from null to 5dfaa0ea-416a-422c-a75d-43311aceb00a at term 1 for becomeLeader, leader elected after 6096ms
2019-09-19 14:21:21,692 [85c6a9f3-b9a5-43a5-ac4f-9aa7bd5f2263:group-7EA8DA0DB126:LeaderElection25] INFO  impl.RaftServerImpl (RaftServerImpl.java:setRole(171)) - 85c6a9f3-b9a5-43a5-ac4f-9aa7bd5f2263:group-7EA8DA0DB126 changes role from CANDIDATE to LEADER at term 1 for changeToLeader
2019-09-19 14:21:21,692 [5dfaa0ea-416a-422c-a75d-43311aceb00a:group-DEB24979374C:LeaderElection13] INFO  impl.RaftServerImpl (RaftServerImpl.java:setRole(171)) - 5dfaa0ea-416a-422c-a75d-43311aceb00a:group-DEB24979374C changes role from CANDIDATE to LEADER at term 1 for changeToLeader
2019-09-19 14:21:21,697 [5dfaa0ea-416a-422c-a75d-43311aceb00a:group-DEB24979374C:LeaderElection13] INFO  impl.RaftServerImpl (ServerState.java:setLeader(263)) - 5dfaa0ea-416a-422c-a75d-43311aceb00a:group-DEB24979374C change Leader from null to 5dfaa0ea-416a-422c-a75d-43311aceb00a at term 1 for becomeLeader, leader elected after 6237ms
2019-09-19 14:21:21,692 [5dfaa0ea-416a-422c-a75d-43311aceb00a:group-042B962BFEF4:LeaderElection28] INFO  impl.RaftServerImpl (RaftServerImpl.java:setRole(171)) - 5dfaa0ea-416a-422c-a75d-43311aceb00a:group-042B962BFEF4 changes role from CANDIDATE to LEADER at term 1 for changeToLeader
2019-09-19 14:21:21,697 [5dfaa0ea-416a-422c-a75d-43311aceb00a:group-042B962BFEF4:LeaderElection28] INFO  impl.RaftServerImpl (ServerState.java:setLeader(263)) - 5dfaa0ea-416a-422c-a75d-43311aceb00a:group-042B962BFEF4 change Leader from null to 5dfaa0ea-416a-422c-a75d-43311aceb00a at term 1 for becomeLeader, leader elected after 5359ms
2019-09-19 14:21:21,692 [85c6a9f3-b9a5-43a5-ac4f-9aa7bd5f2263:group-98F0C74AF458:LeaderElection21] INFO  impl.RaftServerImpl (ServerState.java:setLeader(263)) - 85c6a9f3-b9a5-43a5-ac4f-9aa7bd5f2263:group-98F0C74AF458 change Leader from null to 85c6a9f3-b9a5-43a5-ac4f-9aa7bd5f2263 at term 1 for becomeLeader, leader elected after 5748ms
2019-09-19 14:21:21,691 [1190b9a7-12b1-4c15-b33e-f7d0a0cd436c:group-3207FA89EC2E:LeaderElection24] INFO  impl.RaftServerImpl (ServerState.java:setLeader(263)) - 1190b9a7-12b1-4c15-b33e-f7d0a0cd436c:group-3207FA89EC2E change Leader from null to 1190b9a7-12b1-4c15-b33e-f7d0a0cd436c at term 1 for becomeLeader, leader elected after 5618ms
2019-09-19 14:21:21,691 [85c6a9f3-b9a5-43a5-ac4f-9aa7bd5f2263:group-36D981DB5337:LeaderElection31] INFO  impl.RaftServerImpl (RaftServerImpl.java:setRole(171)) - 85c6a9f3-b9a5-43a5-ac4f-9aa7bd5f2263:group-36D981DB5337 changes role from CANDIDATE to LEADER at term 1 for changeToLeader
2019-09-19 14:21:21,691 [6403e584-2209-453b-b79e-eeb0a7b58516:group-8A38B38FD508:LeaderElection19] INFO  impl.RaftServerImpl (RaftServerImpl.java:setRole(171)) - 6403e584-2209-453b-b79e-eeb0a7b58516:group-8A38B38FD508 changes role from CANDIDATE to LEADER at term 1 for changeToLeader
2019-09-19 14:21:21,700 [6403e584-2209-453b-b79e-eeb0a7b58516:group-8A38B38FD508:LeaderElection19] INFO  impl.RaftServerImpl (ServerState.java:setLeader(263)) - 6403e584-2209-453b-b79e-eeb0a7b58516:group-8A38B38FD508 change Leader from null to 6403e584-2209-453b-b79e-eeb0a7b58516 at term 1 for becomeLeader, leader elected after 5833ms
2019-09-19 14:21:21,691 [5dfaa0ea-416a-422c-a75d-43311aceb00a:group-ECAA1E39D794:LeaderElection12] INFO  impl.RaftServerImpl (ServerState.java:setLeader(263)) - 5dfaa0ea-416a-422c-a75d-43311aceb00a:group-ECAA1E39D794 change Leader from null to 5dfaa0ea-416a-422c-a75d-43311aceb00a at term 1 for becomeLeader, leader elected after 6311ms
2019-09-19 14:21:21,691 [5dfaa0ea-416a-422c-a75d-43311aceb00a:group-262BD164629E:LeaderElection26] INFO  impl.RaftServerImpl (RaftServerImpl.java:setRole(171)) - 5dfaa0ea-416a-422c-a75d-43311aceb00a:group-262BD164629E changes role from CANDIDATE to LEADER at term 1 for changeToLeader
2019-09-19 14:21:21,691 [5dfaa0ea-416a-422c-a75d-43311aceb00a:group-072F7F1083FE:LeaderElection16] INFO  impl.RaftServerImpl (ServerState.java:setLeader(263)) - 5dfaa0ea-416a-422c-a75d-43311aceb00a:group-072F7F1083FE change Leader from null to 5dfaa0ea-416a-422c-a75d-43311aceb00a at term 1 for becomeLeader, leader elected after 6160ms
2019-09-19 14:21:21,691 [85c6a9f3-b9a5-43a5-ac4f-9aa7bd5f2263:group-352DC12B53E3:LeaderElection10] INFO  server.RaftServerConfigKeys (ConfUtils.java:logGet(43)) - raft.server.watch.timeout = 10s (default)
2019-09-19 14:21:21,701 [5dfaa0ea-416a-422c-a75d-43311aceb00a:group-072F7F1083FE:LeaderElection16] INFO  server.RaftServerConfigKeys (ConfUtils.java:logGet(43)) - raft.server.staging.catchup.gap = 1000 (default)
2019-09-19 14:21:21,701 [5dfaa0ea-416a-422c-a75d-43311aceb00a:group-262BD164629E:LeaderElection26] INFO  impl.RaftServerImpl (ServerState.java:setLeader(263)) - 5dfaa0ea-416a-422c-a75d-43311aceb00a:group-262BD164629E change Leader from null to 5dfaa0ea-416a-422c-a75d-43311aceb00a at term 1 for becomeLeader, leader elected after 5464ms
2019-09-19 14:21:21,700 [5dfaa0ea-416a-422c-a75d-43311aceb00a:group-ECAA1E39D794:LeaderElection12] INFO  server.RaftServerConfigKeys (ConfUtils.java:logGet(43)) - raft.server.staging.catchup.gap = 1000 (default)
2019-09-19 14:21:21,700 [6403e584-2209-453b-b79e-eeb0a7b58516:group-8A38B38FD508:LeaderElection19] INFO  server.RaftServerConfigKeys (ConfUtils.java:logGet(43)) - raft.server.staging.catchup.gap = 1000 (default)
2019-09-19 14:21:21,700 [85c6a9f3-b9a5-43a5-ac4f-9aa7bd5f2263:group-36D981DB5337:LeaderElection31] INFO  impl.RaftServerImpl (ServerState.java:setLeader(263)) - 85c6a9f3-b9a5-43a5-ac4f-9aa7bd5f2263:group-36D981DB5337 change Leader from null to 85c6a9f3-b9a5-43a5-ac4f-9aa7bd5f2263 at term 1 for becomeLeader, leader elected after 5199ms
2019-09-19 14:21:21,700 [1190b9a7-12b1-4c15-b33e-f7d0a0cd436c:group-3207FA89EC2E:LeaderElection24] INFO  server.RaftServerConfigKeys (ConfUtils.java:logGet(43)) - raft.server.staging.catchup.gap = 1000 (default)
2019-09-19 14:21:21,701 [1190b9a7-12b1-4c15-b33e-f7d0a0cd436c:group-3207FA89EC2E:LeaderElection24] INFO  server.RaftServerConfigKeys (ConfUtils.java:logGet(43)) - raft.server.rpc.sleep.time = 25ms (default)
2019-09-19 14:21:21,698 [85c6a9f3-b9a5-43a5-ac4f-9aa7bd5f2263:group-98F0C74AF458:LeaderElection21] INFO  server.RaftServerConfigKeys (ConfUtils.java:logGet(43)) - raft.server.staging.catchup.gap = 1000 (default)
2019-09-19 14:21:21,698 [5dfaa0ea-416a-422c-a75d-43311aceb00a:group-042B962BFEF4:LeaderElection28] INFO  server.RaftServerConfigKeys (ConfUtils.java:logGet(43)) - raft.server.staging.catchup.gap = 1000 (default)
2019-09-19 14:21:21,697 [5dfaa0ea-416a-422c-a75d-43311aceb00a:group-DEB24979374C:LeaderElection13] INFO  server.RaftServerConfigKeys (ConfUtils.java:logGet(43)) - raft.server.staging.catchup.gap = 1000 (default)
2019-09-19 14:21:21,697 [85c6a9f3-b9a5-43a5-ac4f-9aa7bd5f2263:group-7EA8DA0DB126:LeaderElection25] INFO  impl.RaftServerImpl (ServerState.java:setLeader(263)) - 85c6a9f3-b9a5-43a5-ac4f-9aa7bd5f2263:group-7EA8DA0DB126 change Leader from null to 85c6a9f3-b9a5-43a5-ac4f-9aa7bd5f2263 at term 1 for becomeLeader, leader elected after 5520ms
2019-09-19 14:21:21,697 [5dfaa0ea-416a-422c-a75d-43311aceb00a:group-45C17CB8802C:LeaderElection14] INFO  server.RaftServerConfigKeys (ConfUtils.java:logGet(43)) - raft.server.staging.catchup.gap = 1000 (default)
2019-09-19 14:21:21,702 [5dfaa0ea-416a-422c-a75d-43311aceb00a:group-45C17CB8802C:LeaderElection14] INFO  server.RaftServerConfigKeys (ConfUtils.java:logGet(43)) - raft.server.rpc.sleep.time = 25ms (default)
2019-09-19 14:21:21,697 [5dfaa0ea-416a-422c-a75d-43311aceb00a:group-F3A5C98C2D30:LeaderElection30] INFO  server.RaftServerConfigKeys (ConfUtils.java:logGet(43)) - raft.server.staging.catchup.gap = 1000 (default)
2019-09-19 14:21:21,697 [85c6a9f3-b9a5-43a5-ac4f-9aa7bd5f2263:group-A0B5FA60C713:LeaderElection22] INFO  impl.RaftServerImpl (ServerState.java:setLeader(263)) - 85c6a9f3-b9a5-43a5-ac4f-9aa7bd5f2263:group-A0B5FA60C713 change Leader from null to 85c6a9f3-b9a5-43a5-ac4f-9aa7bd5f2263 at term 1 for becomeLeader, leader elected after 5680ms
2019-09-19 14:21:21,696 [6403e584-2209-453b-b79e-eeb0a7b58516:group-8A529A8BC28A:LeaderElection18] INFO  server.RaftServerConfigKeys (ConfUtils.java:logGet(43)) - raft.server.rpc.sleep.time = 25ms (default)
2019-09-19 14:21:21,696 [85c6a9f3-b9a5-43a5-ac4f-9aa7bd5f2263:group-013F546B64FC:LeaderElection20] INFO  impl.RaftServerImpl (ServerState.java:setLeader(263)) - 85c6a9f3-b9a5-43a5-ac4f-9aa7bd5f2263:group-013F546B64FC change Leader from null to 85c6a9f3-b9a5-43a5-ac4f-9aa7bd5f2263 at term 1 for becomeLeader, leader elected after 5889ms
2019-09-19 14:21:21,696 [6403e584-2209-453b-b79e-eeb0a7b58516:group-89D25254E3D5:LeaderElection27] INFO  impl.RaftServerImpl (ServerState.java:setLeader(263)) - 6403e584-2209-453b-b79e-eeb0a7b58516:group-89D25254E3D5 change Leader from null to 6403e584-2209-453b-b79e-eeb0a7b58516 at term 1 for becomeLeader, leader elected after 5407ms
2019-09-19 14:21:21,696 [85c6a9f3-b9a5-43a5-ac4f-9aa7bd5f2263:group-E8DFDA12C3C4:LeaderElection32] INFO  server.RaftServerConfigKeys (ConfUtils.java:logGet(43)) - raft.server.staging.catchup.gap = 1000 (default)
2019-09-19 14:21:21,703 [85c6a9f3-b9a5-43a5-ac4f-9aa7bd5f2263:group-E8DFDA12C3C4:LeaderElection32] INFO  server.RaftServerConfigKeys (ConfUtils.java:logGet(43)) - raft.server.rpc.sleep.time = 25ms (default)
2019-09-19 14:21:21,696 [6403e584-2209-453b-b79e-eeb0a7b58516:group-49462D32D52F:LeaderElection33] INFO  server.RaftServerConfigKeys (ConfUtils.java:logGet(43)) - raft.server.staging.catchup.gap = 1000 (default)
2019-09-19 14:21:21,695 [6403e584-2209-453b-b79e-eeb0a7b58516:group-A0F195B65CD7:LeaderElection15] INFO  server.RaftServerConfigKeys (ConfUtils.java:logGet(43)) - raft.server.staging.catchup.gap = 1000 (default)
2019-09-19 14:21:21,695 [1190b9a7-12b1-4c15-b33e-f7d0a0cd436c:group-766EF938012F:LeaderElection23] INFO  impl.RaftServerImpl (ServerState.java:setLeader(263)) - 1190b9a7-12b1-4c15-b33e-f7d0a0cd436c:group-766EF938012F change Leader from null to 1190b9a7-12b1-4c15-b33e-f7d0a0cd436c at term 1 for becomeLeader, leader elected after 5568ms
2019-09-19 14:21:21,695 [85c6a9f3-b9a5-43a5-ac4f-9aa7bd5f2263:group-361887C206E7:LeaderElection29] INFO  server.RaftServerConfigKeys (ConfUtils.java:logGet(43)) - raft.server.rpc.sleep.time = 25ms (default)
2019-09-19 14:21:21,695 [306a7a99-f2a5-4f40-b42b-2fc2def08a6a:group-34E50141DDB4:LeaderElection17] INFO  impl.RaftServerImpl (ServerState.java:setLeader(263)) - 306a7a99-f2a5-4f40-b42b-2fc2def08a6a:group-34E50141DDB4 change Leader from null to 306a7a99-f2a5-4f40-b42b-2fc2def08a6a at term 1 for becomeLeader, leader elected after 5997ms
2019-09-19 14:21:21,695 [6403e584-2209-453b-b79e-eeb0a7b58516:group-F02C244E9BDB:LeaderElection34] INFO  impl.RaftServerImpl (ServerState.java:setLeader(263)) - 6403e584-2209-453b-b79e-eeb0a7b58516:group-F02C244E9BDB change Leader from null to 6403e584-2209-453b-b79e-eeb0a7b58516 at term 1 for becomeLeader, leader elected after 5042ms
2019-09-19 14:21:21,695 [6403e584-2209-453b-b79e-eeb0a7b58516:group-586931AC7CB2:LeaderElection11] INFO  server.RaftServerConfigKeys (ConfUtils.java:logGet(43)) - raft.server.watch.timeout.denomination = 1s (default)
2019-09-19 14:21:21,705 [6403e584-2209-453b-b79e-eeb0a7b58516:group-F02C244E9BDB:LeaderElection34] INFO  server.RaftServerConfigKeys (ConfUtils.java:logGet(43)) - raft.server.staging.catchup.gap = 1000 (default)
2019-09-19 14:21:21,704 [306a7a99-f2a5-4f40-b42b-2fc2def08a6a:group-34E50141DDB4:LeaderElection17] INFO  server.RaftServerConfigKeys (ConfUtils.java:logGet(43)) - raft.server.staging.catchup.gap = 1000 (default)
2019-09-19 14:21:21,705 [306a7a99-f2a5-4f40-b42b-2fc2def08a6a:group-34E50141DDB4:LeaderElection17] INFO  server.RaftServerConfigKeys (ConfUtils.java:logGet(43)) - raft.server.rpc.sleep.time = 25ms (default)
2019-09-19 14:21:21,704 [85c6a9f3-b9a5-43a5-ac4f-9aa7bd5f2263:group-361887C206E7:LeaderElection29] INFO  server.RaftServerConfigKeys (ConfUtils.java:logGet(43)) - raft.server.write.element-limit = 4096 (default)
2019-09-19 14:21:21,704 [1190b9a7-12b1-4c15-b33e-f7d0a0cd436c:group-766EF938012F:LeaderElection23] INFO  server.RaftServerConfigKeys (ConfUtils.java:logGet(43)) - raft.server.staging.catchup.gap = 1000 (default)
2019-09-19 14:21:21,704 [6403e584-2209-453b-b79e-eeb0a7b58516:group-A0F195B65CD7:LeaderElection15] INFO  server.RaftServerConfigKeys (ConfUtils.java:logGet(43)) - raft.server.rpc.sleep.time = 25ms (default)
2019-09-19 14:21:21,704 [6403e584-2209-453b-b79e-eeb0a7b58516:group-49462D32D52F:LeaderElection33] INFO  server.RaftServerConfigKeys (ConfUtils.java:logGet(43)) - raft.server.rpc.sleep.time = 25ms (default)
2019-09-19 14:21:21,704 [85c6a9f3-b9a5-43a5-ac4f-9aa7bd5f2263:group-E8DFDA12C3C4:LeaderElection32] INFO  server.RaftServerConfigKeys (ConfUtils.java:logGet(43)) - raft.server.write.element-limit = 4096 (default)
2019-09-19 14:21:21,703 [6403e584-2209-453b-b79e-eeb0a7b58516:group-89D25254E3D5:LeaderElection27] INFO  server.RaftServerConfigKeys (ConfUtils.java:logGet(43)) - raft.server.staging.catchup.gap = 1000 (default)
2019-09-19 14:21:21,703 [85c6a9f3-b9a5-43a5-ac4f-9aa7bd5f2263:group-013F546B64FC:LeaderElection20] INFO  server.RaftServerConfigKeys (ConfUtils.java:logGet(43)) - raft.server.staging.catchup.gap = 1000 (default)
2019-09-19 14:21:21,706 [85c6a9f3-b9a5-43a5-ac4f-9aa7bd5f2263:group-013F546B64FC:LeaderElection20] INFO  server.RaftServerConfigKeys (ConfUtils.java:logGet(43)) - raft.server.rpc.sleep.time = 25ms (default)
2019-09-19 14:21:21,703 [6403e584-2209-453b-b79e-eeb0a7b58516:group-8A529A8BC28A:LeaderElection18] INFO  server.RaftServerConfigKeys (ConfUtils.java:logGet(43)) - raft.server.write.element-limit = 4096 (default)
2019-09-19 14:21:21,703 [85c6a9f3-b9a5-43a5-ac4f-9aa7bd5f2263:group-A0B5FA60C713:LeaderElection22] INFO  server.RaftServerConfigKeys (ConfUtils.java:logGet(43)) - raft.server.staging.catchup.gap = 1000 (default)
2019-09-19 14:21:21,703 [5dfaa0ea-416a-422c-a75d-43311aceb00a:group-F3A5C98C2D30:LeaderElection30] INFO  server.RaftServerConfigKeys (ConfUtils.java:logGet(43)) - raft.server.rpc.sleep.time = 25ms (default)
2019-09-19 14:21:21,702 [5dfaa0ea-416a-422c-a75d-43311aceb00a:group-45C17CB8802C:LeaderElection14] INFO  server.RaftServerConfigKeys (ConfUtils.java:logGet(43)) - raft.server.write.element-limit = 4096 (default)
2019-09-19 14:21:21,702 [85c6a9f3-b9a5-43a5-ac4f-9aa7bd5f2263:group-7EA8DA0DB126:LeaderElection25] INFO  server.RaftServerConfigKeys (ConfUtils.java:logGet(43)) - raft.server.staging.catchup.gap = 1000 (default)
2019-09-19 14:21:21,707 [85c6a9f3-b9a5-43a5-ac4f-9aa7bd5f2263:group-7EA8DA0DB126:LeaderElection25] INFO  server.RaftServerConfigKeys (ConfUtils.java:logGet(43)) - raft.server.rpc.sleep.time = 25ms (default)
2019-09-19 14:21:21,702 [5dfaa0ea-416a-422c-a75d-43311aceb00a:group-DEB24979374C:LeaderElection13] INFO  server.RaftServerConfigKeys (ConfUtils.java:logGet(43)) - raft.server.rpc.sleep.time = 25ms (default)
2019-09-19 14:21:21,702 [5dfaa0ea-416a-422c-a75d-43311aceb00a:group-042B962BFEF4:LeaderElection28] INFO  server.RaftServerConfigKeys (ConfUtils.java:logGet(43)) - raft.server.rpc.sleep.time = 25ms (default)
2019-09-19 14:21:21,702 [85c6a9f3-b9a5-43a5-ac4f-9aa7bd5f2263:group-98F0C74AF458:LeaderElection21] INFO  server.RaftServerConfigKeys (ConfUtils.java:logGet(43)) - raft.server.rpc.sleep.time = 25ms (default)
2019-09-19 14:21:21,702 [1190b9a7-12b1-4c15-b33e-f7d0a0cd436c:group-3207FA89EC2E:LeaderElection24] INFO  server.RaftServerConfigKeys (ConfUtils.java:logGet(43)) - raft.server.write.element-limit = 4096 (default)
2019-09-19 14:21:21,708 [1190b9a7-12b1-4c15-b33e-f7d0a0cd436c:group-3207FA89EC2E:LeaderElection24] INFO  server.RaftServerConfigKeys (ConfUtils.java:logGet(43)) - raft.server.watch.timeout = 10s (default)
2019-09-19 14:21:21,701 [85c6a9f3-b9a5-43a5-ac4f-9aa7bd5f2263:group-36D981DB5337:LeaderElection31] INFO  server.RaftServerConfigKeys (ConfUtils.java:logGet(43)) - raft.server.staging.catchup.gap = 1000 (default)
2019-09-19 14:21:21,701 [6403e584-2209-453b-b79e-eeb0a7b58516:group-8A38B38FD508:LeaderElection19] INFO  server.RaftServerConfigKeys (ConfUtils.java:logGet(43)) - raft.server.rpc.sleep.time = 25ms (default)
2019-09-19 14:21:21,701 [pool-27-thread-1] INFO  storage.RaftStorage (RaftStorage.java:format(72)) - Storage directory /workdir/hadoop-ozone/integration-test/target/test-dir/MiniOzoneClusterImpl-210d6028-2152-4683-81ff-347b0d29bb13/datanode-0/data/ratis/26dce885-032b-45a0-b90e-7b227c9559a3 has been successfully formatted.
2019-09-19 14:21:21,701 [5dfaa0ea-416a-422c-a75d-43311aceb00a:group-ECAA1E39D794:LeaderElection12] INFO  server.RaftServerConfigKeys (ConfUtils.java:logGet(43)) - raft.server.rpc.sleep.time = 25ms (default)
2019-09-19 14:21:21,701 [5dfaa0ea-416a-422c-a75d-43311aceb00a:group-262BD164629E:LeaderElection26] INFO  server.RaftServerConfigKeys (ConfUtils.java:logGet(43)) - raft.server.staging.catchup.gap = 1000 (default)
2019-09-19 14:21:21,701 [5dfaa0ea-416a-422c-a75d-43311aceb00a:group-072F7F1083FE:LeaderElection16] INFO  server.RaftServerConfigKeys (ConfUtils.java:logGet(43)) - raft.server.rpc.sleep.time = 25ms (default)
2019-09-19 14:21:21,701 [85c6a9f3-b9a5-43a5-ac4f-9aa7bd5f2263:group-352DC12B53E3:LeaderElection10] INFO  server.RaftServerConfigKeys (ConfUtils.java:logGet(43)) - raft.server.watch.timeout.denomination = 1s (default)
2019-09-19 14:21:21,709 [5dfaa0ea-416a-422c-a75d-43311aceb00a:group-072F7F1083FE:LeaderElection16] INFO  server.RaftServerConfigKeys (ConfUtils.java:logGet(43)) - raft.server.write.element-limit = 4096 (default)
2019-09-19 14:21:21,709 [5dfaa0ea-416a-422c-a75d-43311aceb00a:group-262BD164629E:LeaderElection26] INFO  server.RaftServerConfigKeys (ConfUtils.java:logGet(43)) - raft.server.rpc.sleep.time = 25ms (default)
2019-09-19 14:21:21,709 [5dfaa0ea-416a-422c-a75d-43311aceb00a:group-ECAA1E39D794:LeaderElection12] INFO  server.RaftServerConfigKeys (ConfUtils.java:logGet(43)) - raft.server.write.element-limit = 4096 (default)
2019-09-19 14:21:21,709 [pool-27-thread-1] INFO  ratis.ContainerStateMachine (ContainerStateMachine.java:loadSnapshot(226)) - group-7B227C9559A3: The snapshot info is null. Setting the last applied indexto:(t:0, i:~)
2019-09-19 14:21:21,708 [6403e584-2209-453b-b79e-eeb0a7b58516:group-8A38B38FD508:LeaderElection19] INFO  server.RaftServerConfigKeys (ConfUtils.java:logGet(43)) - raft.server.write.element-limit = 4096 (default)
2019-09-19 14:21:21,708 [85c6a9f3-b9a5-43a5-ac4f-9aa7bd5f2263:group-36D981DB5337:LeaderElection31] INFO  server.RaftServerConfigKeys (ConfUtils.java:logGet(43)) - raft.server.rpc.sleep.time = 25ms (default)
2019-09-19 14:21:21,708 [1190b9a7-12b1-4c15-b33e-f7d0a0cd436c:group-3207FA89EC2E:LeaderElection24] INFO  server.RaftServerConfigKeys (ConfUtils.java:logGet(43)) - raft.server.watch.timeout.denomination = 1s (default)
2019-09-19 14:21:21,710 [85c6a9f3-b9a5-43a5-ac4f-9aa7bd5f2263:group-36D981DB5337:LeaderElection31] INFO  server.RaftServerConfigKeys (ConfUtils.java:logGet(43)) - raft.server.write.element-limit = 4096 (default)
2019-09-19 14:21:21,708 [85c6a9f3-b9a5-43a5-ac4f-9aa7bd5f2263:group-98F0C74AF458:LeaderElection21] INFO  server.RaftServerConfigKeys (ConfUtils.java:logGet(43)) - raft.server.write.element-limit = 4096 (default)
2019-09-19 14:21:21,708 [5dfaa0ea-416a-422c-a75d-43311aceb00a:group-042B962BFEF4:LeaderElection28] INFO  server.RaftServerConfigKeys (ConfUtils.java:logGet(43)) - raft.server.write.element-limit = 4096 (default)
2019-09-19 14:21:21,708 [5dfaa0ea-416a-422c-a75d-43311aceb00a:group-DEB24979374C:LeaderElection13] INFO  server.RaftServerConfigKeys (ConfUtils.java:logGet(43)) - raft.server.write.element-limit = 4096 (default)
2019-09-19 14:21:21,707 [85c6a9f3-b9a5-43a5-ac4f-9aa7bd5f2263:group-7EA8DA0DB126:LeaderElection25] INFO  server.RaftServerConfigKeys (ConfUtils.java:logGet(43)) - raft.server.write.element-limit = 4096 (default)
2019-09-19 14:21:21,707 [5dfaa0ea-416a-422c-a75d-43311aceb00a:group-45C17CB8802C:LeaderElection14] INFO  server.RaftServerConfigKeys (ConfUtils.java:logGet(43)) - raft.server.watch.timeout = 10s (default)
2019-09-19 14:21:21,711 [5dfaa0ea-416a-422c-a75d-43311aceb00a:group-45C17CB8802C:LeaderElection14] INFO  server.RaftServerConfigKeys (ConfUtils.java:logGet(43)) - raft.server.watch.timeout.denomination = 1s (default)
2019-09-19 14:21:21,707 [5dfaa0ea-416a-422c-a75d-43311aceb00a:group-F3A5C98C2D30:LeaderElection30] INFO  server.RaftServerConfigKeys (ConfUtils.java:logGet(43)) - raft.server.write.element-limit = 4096 (default)
2019-09-19 14:21:21,707 [85c6a9f3-b9a5-43a5-ac4f-9aa7bd5f2263:group-A0B5FA60C713:LeaderElection22] INFO  server.RaftServerConfigKeys (ConfUtils.java:logGet(43)) - raft.server.rpc.sleep.time = 25ms (default)
2019-09-19 14:21:21,707 [6403e584-2209-453b-b79e-eeb0a7b58516:group-8A529A8BC28A:LeaderElection18] INFO  server.RaftServerConfigKeys (ConfUtils.java:logGet(43)) - raft.server.watch.timeout = 10s (default)
2019-09-19 14:21:21,711 [6403e584-2209-453b-b79e-eeb0a7b58516:group-8A529A8BC28A:LeaderElection18] INFO  server.RaftServerConfigKeys (ConfUtils.java:logGet(43)) - raft.server.watch.timeout.denomination = 1s (default)
2019-09-19 14:21:21,706 [85c6a9f3-b9a5-43a5-ac4f-9aa7bd5f2263:group-013F546B64FC:LeaderElection20] INFO  server.RaftServerConfigKeys (ConfUtils.java:logGet(43)) - raft.server.write.element-limit = 4096 (default)
2019-09-19 14:21:21,706 [6403e584-2209-453b-b79e-eeb0a7b58516:group-89D25254E3D5:LeaderElection27] INFO  server.RaftServerConfigKeys (ConfUtils.java:logGet(43)) - raft.server.rpc.sleep.time = 25ms (default)
2019-09-19 14:21:21,706 [85c6a9f3-b9a5-43a5-ac4f-9aa7bd5f2263:group-E8DFDA12C3C4:LeaderElection32] INFO  server.RaftServerConfigKeys (ConfUtils.java:logGet(43)) - raft.server.watch.timeout = 10s (default)
2019-09-19 14:21:21,706 [6403e584-2209-453b-b79e-eeb0a7b58516:group-49462D32D52F:LeaderElection33] INFO  server.RaftServerConfigKeys (ConfUtils.java:logGet(43)) - raft.server.write.element-limit = 4096 (default)
2019-09-19 14:21:21,706 [6403e584-2209-453b-b79e-eeb0a7b58516:group-A0F195B65CD7:LeaderElection15] INFO  server.RaftServerConfigKeys (ConfUtils.java:logGet(43)) - raft.server.write.element-limit = 4096 (default)
2019-09-19 14:21:21,706 [1190b9a7-12b1-4c15-b33e-f7d0a0cd436c:group-766EF938012F:LeaderElection23] INFO  server.RaftServerConfigKeys (ConfUtils.java:logGet(43)) - raft.server.rpc.sleep.time = 25ms (default)
2019-09-19 14:21:21,705 [85c6a9f3-b9a5-43a5-ac4f-9aa7bd5f2263:group-361887C206E7:LeaderElection29] INFO  server.RaftServerConfigKeys (ConfUtils.java:logGet(43)) - raft.server.watch.timeout = 10s (default)
2019-09-19 14:21:21,705 [306a7a99-f2a5-4f40-b42b-2fc2def08a6a:group-34E50141DDB4:LeaderElection17] INFO  server.RaftServerConfigKeys (ConfUtils.java:logGet(43)) - raft.server.write.element-limit = 4096 (default)
2019-09-19 14:21:21,705 [6403e584-2209-453b-b79e-eeb0a7b58516:group-F02C244E9BDB:LeaderElection34] INFO  server.RaftServerConfigKeys (ConfUtils.java:logGet(43)) - raft.server.rpc.sleep.time = 25ms (default)
2019-09-19 14:21:21,705 [6403e584-2209-453b-b79e-eeb0a7b58516:group-586931AC7CB2:LeaderElection11] INFO  server.RaftServerConfigKeys (ConfUtils.java:logGet(43)) - raft.server.watch.element-limit = 65536 (default)
2019-09-19 14:21:21,713 [6403e584-2209-453b-b79e-eeb0a7b58516:group-F02C244E9BDB:LeaderElection34] INFO  server.RaftServerConfigKeys (ConfUtils.java:logGet(43)) - raft.server.write.element-limit = 4096 (default)
2019-09-19 14:21:21,713 [306a7a99-f2a5-4f40-b42b-2fc2def08a6a:group-34E50141DDB4:LeaderElection17] INFO  server.RaftServerConfigKeys (ConfUtils.java:logGet(43)) - raft.server.watch.timeout = 10s (default)
2019-09-19 14:21:21,714 [306a7a99-f2a5-4f40-b42b-2fc2def08a6a:group-34E50141DDB4:LeaderElection17] INFO  server.RaftServerConfigKeys (ConfUtils.java:logGet(43)) - raft.server.watch.timeout.denomination = 1s (default)
2019-09-19 14:21:21,713 [85c6a9f3-b9a5-43a5-ac4f-9aa7bd5f2263:group-361887C206E7:LeaderElection29] INFO  server.RaftServerConfigKeys (ConfUtils.java:logGet(43)) - raft.server.watch.timeout.denomination = 1s (default)
2019-09-19 14:21:21,713 [1190b9a7-12b1-4c15-b33e-f7d0a0cd436c:group-766EF938012F:LeaderElection23] INFO  server.RaftServerConfigKeys (ConfUtils.java:logGet(43)) - raft.server.write.element-limit = 4096 (default)
2019-09-19 14:21:21,712 [6403e584-2209-453b-b79e-eeb0a7b58516:group-A0F195B65CD7:LeaderElection15] INFO  server.RaftServerConfigKeys (ConfUtils.java:logGet(43)) - raft.server.watch.timeout = 10s (default)
2019-09-19 14:21:21,714 [6403e584-2209-453b-b79e-eeb0a7b58516:group-A0F195B65CD7:LeaderElection15] INFO  server.RaftServerConfigKeys (ConfUtils.java:logGet(43)) - raft.server.watch.timeout.denomination = 1s (default)
2019-09-19 14:21:21,712 [6403e584-2209-453b-b79e-eeb0a7b58516:group-49462D32D52F:LeaderElection33] INFO  server.RaftServerConfigKeys (ConfUtils.java:logGet(43)) - raft.server.watch.timeout = 10s (default)
2019-09-19 14:21:21,712 [85c6a9f3-b9a5-43a5-ac4f-9aa7bd5f2263:group-E8DFDA12C3C4:LeaderElection32] INFO  server.RaftServerConfigKeys (ConfUtils.java:logGet(43)) - raft.server.watch.timeout.denomination = 1s (default)
2019-09-19 14:21:21,712 [6403e584-2209-453b-b79e-eeb0a7b58516:group-89D25254E3D5:LeaderElection27] INFO  server.RaftServerConfigKeys (ConfUtils.java:logGet(43)) - raft.server.write.element-limit = 4096 (default)
2019-09-19 14:21:21,712 [85c6a9f3-b9a5-43a5-ac4f-9aa7bd5f2263:group-013F546B64FC:LeaderElection20] INFO  server.RaftServerConfigKeys (ConfUtils.java:logGet(43)) - raft.server.watch.timeout = 10s (default)
2019-09-19 14:21:21,712 [6403e584-2209-453b-b79e-eeb0a7b58516:group-8A529A8BC28A:LeaderElection18] INFO  server.RaftServerConfigKeys (ConfUtils.java:logGet(43)) - raft.server.watch.element-limit = 65536 (default)
2019-09-19 14:21:21,711 [85c6a9f3-b9a5-43a5-ac4f-9aa7bd5f2263:group-A0B5FA60C713:LeaderElection22] INFO  server.RaftServerConfigKeys (ConfUtils.java:logGet(43)) - raft.server.write.element-limit = 4096 (default)
2019-09-19 14:21:21,711 [5dfaa0ea-416a-422c-a75d-43311aceb00a:group-F3A5C98C2D30:LeaderElection30] INFO  server.RaftServerConfigKeys (ConfUtils.java:logGet(43)) - raft.server.watch.timeout = 10s (default)
2019-09-19 14:21:21,711 [5dfaa0ea-416a-422c-a75d-43311aceb00a:group-45C17CB8802C:LeaderElection14] INFO  server.RaftServerConfigKeys (ConfUtils.java:logGet(43)) - raft.server.watch.element-limit = 65536 (default)
2019-09-19 14:21:21,711 [85c6a9f3-b9a5-43a5-ac4f-9aa7bd5f2263:group-7EA8DA0DB126:LeaderElection25] INFO  server.RaftServerConfigKeys (ConfUtils.java:logGet(43)) - raft.server.watch.timeout = 10s (default)
2019-09-19 14:21:21,711 [5dfaa0ea-416a-422c-a75d-43311aceb00a:group-DEB24979374C:LeaderElection13] INFO  server.RaftServerConfigKeys (ConfUtils.java:logGet(43)) - raft.server.watch.timeout = 10s (default)
2019-09-19 14:21:21,710 [5dfaa0ea-416a-422c-a75d-43311aceb00a:group-042B962BFEF4:LeaderElection28] INFO  server.RaftServerConfigKeys (ConfUtils.java:logGet(43)) - raft.server.watch.timeout = 10s (default)
2019-09-19 14:21:21,710 [85c6a9f3-b9a5-43a5-ac4f-9aa7bd5f2263:group-98F0C74AF458:LeaderElection21] INFO  server.RaftServerConfigKeys (ConfUtils.java:logGet(43)) - raft.server.watch.timeout = 10s (default)
2019-09-19 14:21:21,716 [85c6a9f3-b9a5-43a5-ac4f-9aa7bd5f2263:group-98F0C74AF458:LeaderElection21] INFO  server.RaftServerConfigKeys (ConfUtils.java:logGet(43)) - raft.server.watch.timeout.denomination = 1s (default)
2019-09-19 14:21:21,710 [85c6a9f3-b9a5-43a5-ac4f-9aa7bd5f2263:group-36D981DB5337:LeaderElection31] INFO  server.RaftServerConfigKeys (ConfUtils.java:logGet(43)) - raft.server.watch.timeout = 10s (default)
2019-09-19 14:21:21,710 [1190b9a7-12b1-4c15-b33e-f7d0a0cd436c:group-3207FA89EC2E:LeaderElection24] INFO  server.RaftServerConfigKeys (ConfUtils.java:logGet(43)) - raft.server.watch.element-limit = 65536 (default)
2019-09-19 14:21:21,710 [6403e584-2209-453b-b79e-eeb0a7b58516:group-8A38B38FD508:LeaderElection19] INFO  server.RaftServerConfigKeys (ConfUtils.java:logGet(43)) - raft.server.watch.timeout = 10s (default)
2019-09-19 14:21:21,710 [pool-27-thread-1] INFO  server.RaftServerConfigKeys (ConfUtils.java:logGet(43)) - raft.server.leader.election.timeout = 120s (custom)
2019-09-19 14:21:21,709 [5dfaa0ea-416a-422c-a75d-43311aceb00a:group-ECAA1E39D794:LeaderElection12] INFO  server.RaftServerConfigKeys (ConfUtils.java:logGet(43)) - raft.server.watch.timeout = 10s (default)
2019-09-19 14:21:21,709 [5dfaa0ea-416a-422c-a75d-43311aceb00a:group-262BD164629E:LeaderElection26] INFO  server.RaftServerConfigKeys (ConfUtils.java:logGet(43)) - raft.server.write.element-limit = 4096 (default)
2019-09-19 14:21:21,709 [5dfaa0ea-416a-422c-a75d-43311aceb00a:group-072F7F1083FE:LeaderElection16] INFO  server.RaftServerConfigKeys (ConfUtils.java:logGet(43)) - raft.server.watch.timeout = 10s (default)
2019-09-19 14:21:21,709 [85c6a9f3-b9a5-43a5-ac4f-9aa7bd5f2263:group-352DC12B53E3:LeaderElection10] INFO  server.RaftServerConfigKeys (ConfUtils.java:logGet(43)) - raft.server.watch.element-limit = 65536 (default)
2019-09-19 14:21:21,717 [5dfaa0ea-416a-422c-a75d-43311aceb00a:group-072F7F1083FE:LeaderElection16] INFO  server.RaftServerConfigKeys (ConfUtils.java:logGet(43)) - raft.server.watch.timeout.denomination = 1s (default)
2019-09-19 14:21:21,717 [5dfaa0ea-416a-422c-a75d-43311aceb00a:group-262BD164629E:LeaderElection26] INFO  server.RaftServerConfigKeys (ConfUtils.java:logGet(43)) - raft.server.watch.timeout = 10s (default)
2019-09-19 14:21:21,717 [5dfaa0ea-416a-422c-a75d-43311aceb00a:group-ECAA1E39D794:LeaderElection12] INFO  server.RaftServerConfigKeys (ConfUtils.java:logGet(43)) - raft.server.watch.timeout.denomination = 1s (default)
2019-09-19 14:21:21,717 [pool-27-thread-1] INFO  server.RaftServerConfigKeys (ConfUtils.java:logGet(43)) - raft.server.log.use.memory = false (default)
2019-09-19 14:21:21,717 [6403e584-2209-453b-b79e-eeb0a7b58516:group-8A38B38FD508:LeaderElection19] INFO  server.RaftServerConfigKeys (ConfUtils.java:logGet(43)) - raft.server.watch.timeout.denomination = 1s (default)
2019-09-19 14:21:21,717 [1190b9a7-12b1-4c15-b33e-f7d0a0cd436c:group-3207FA89EC2E:LeaderElection24] INFO  impl.RoleInfo (RoleInfo.java:updateAndGet(143)) - 1190b9a7-12b1-4c15-b33e-f7d0a0cd436c: start LeaderState
2019-09-19 14:21:21,717 [85c6a9f3-b9a5-43a5-ac4f-9aa7bd5f2263:group-36D981DB5337:LeaderElection31] INFO  server.RaftServerConfigKeys (ConfUtils.java:logGet(43)) - raft.server.watch.timeout.denomination = 1s (default)
2019-09-19 14:21:21,716 [85c6a9f3-b9a5-43a5-ac4f-9aa7bd5f2263:group-98F0C74AF458:LeaderElection21] INFO  server.RaftServerConfigKeys (ConfUtils.java:logGet(43)) - raft.server.watch.element-limit = 65536 (default)
2019-09-19 14:21:21,716 [5dfaa0ea-416a-422c-a75d-43311aceb00a:group-042B962BFEF4:LeaderElection28] INFO  server.RaftServerConfigKeys (ConfUtils.java:logGet(43)) - raft.server.watch.timeout.denomination = 1s (default)
2019-09-19 14:21:21,716 [5dfaa0ea-416a-422c-a75d-43311aceb00a:group-DEB24979374C:LeaderElection13] INFO  server.RaftServerConfigKeys (ConfUtils.java:logGet(43)) - raft.server.watch.timeout.denomination = 1s (default)
2019-09-19 14:21:21,716 [85c6a9f3-b9a5-43a5-ac4f-9aa7bd5f2263:group-7EA8DA0DB126:LeaderElection25] INFO  server.RaftServerConfigKeys (ConfUtils.java:logGet(43)) - raft.server.watch.timeout.denomination = 1s (default)
2019-09-19 14:21:21,716 [5dfaa0ea-416a-422c-a75d-43311aceb00a:group-45C17CB8802C:LeaderElection14] INFO  impl.RoleInfo (RoleInfo.java:updateAndGet(143)) - 5dfaa0ea-416a-422c-a75d-43311aceb00a: start LeaderState
2019-09-19 14:21:21,716 [5dfaa0ea-416a-422c-a75d-43311aceb00a:group-F3A5C98C2D30:LeaderElection30] INFO  server.RaftServerConfigKeys (ConfUtils.java:logGet(43)) - raft.server.watch.timeout.denomination = 1s (default)
2019-09-19 14:21:21,719 [5dfaa0ea-416a-422c-a75d-43311aceb00a:group-F3A5C98C2D30:LeaderElection30] INFO  server.RaftServerConfigKeys (ConfUtils.java:logGet(43)) - raft.server.watch.element-limit = 65536 (default)
2019-09-19 14:21:21,715 [85c6a9f3-b9a5-43a5-ac4f-9aa7bd5f2263:group-A0B5FA60C713:LeaderElection22] INFO  server.RaftServerConfigKeys (ConfUtils.java:logGet(43)) - raft.server.watch.timeout = 10s (default)
2019-09-19 14:21:21,715 [6403e584-2209-453b-b79e-eeb0a7b58516:group-8A529A8BC28A:LeaderElection18] INFO  impl.RoleInfo (RoleInfo.java:updateAndGet(143)) - 6403e584-2209-453b-b79e-eeb0a7b58516: start LeaderState
2019-09-19 14:21:21,715 [85c6a9f3-b9a5-43a5-ac4f-9aa7bd5f2263:group-013F546B64FC:LeaderElection20] INFO  server.RaftServerConfigKeys (ConfUtils.java:logGet(43)) - raft.server.watch.timeout.denomination = 1s (default)
2019-09-19 14:21:21,720 [6403e584-2209-453b-b79e-eeb0a7b58516:group-8A529A8BC28A:LeaderElection18] INFO  segmented.SegmentedRaftLogWorker (SegmentedRaftLogWorker.java:startLogSegment(380)) - 6403e584-2209-453b-b79e-eeb0a7b58516-SegmentedRaftLogWorker:Storage Directory /workdir/hadoop-ozone/integration-test/target/test-dir/MiniOzoneClusterImpl-210d6028-2152-4683-81ff-347b0d29bb13/datanode-3/data/ratis/57045c31-713e-4d62-b9c4-8a529a8bc28a: Starting segment from index:0
2019-09-19 14:21:21,715 [6403e584-2209-453b-b79e-eeb0a7b58516:group-89D25254E3D5:LeaderElection27] INFO  server.RaftServerConfigKeys (ConfUtils.java:logGet(43)) - raft.server.watch.timeout = 10s (default)
2019-09-19 14:21:21,715 [85c6a9f3-b9a5-43a5-ac4f-9aa7bd5f2263:group-E8DFDA12C3C4:LeaderElection32] INFO  server.RaftServerConfigKeys (ConfUtils.java:logGet(43)) - raft.server.watch.element-limit = 65536 (default)
2019-09-19 14:21:21,715 [6403e584-2209-453b-b79e-eeb0a7b58516:group-49462D32D52F:LeaderElection33] INFO  server.RaftServerConfigKeys (ConfUtils.java:logGet(43)) - raft.server.watch.timeout.denomination = 1s (default)
2019-09-19 14:21:21,714 [6403e584-2209-453b-b79e-eeb0a7b58516:group-A0F195B65CD7:LeaderElection15] INFO  server.RaftServerConfigKeys (ConfUtils.java:logGet(43)) - raft.server.watch.element-limit = 65536 (default)
2019-09-19 14:21:21,714 [1190b9a7-12b1-4c15-b33e-f7d0a0cd436c:group-766EF938012F:LeaderElection23] INFO  server.RaftServerConfigKeys (ConfUtils.java:logGet(43)) - raft.server.watch.timeout = 10s (default)
2019-09-19 14:21:21,714 [85c6a9f3-b9a5-43a5-ac4f-9aa7bd5f2263:group-361887C206E7:LeaderElection29] INFO  server.RaftServerConfigKeys (ConfUtils.java:logGet(43)) - raft.server.watch.element-limit = 65536 (default)
2019-09-19 14:21:21,714 [306a7a99-f2a5-4f40-b42b-2fc2def08a6a:group-34E50141DDB4:LeaderElection17] INFO  server.RaftServerConfigKeys (ConfUtils.java:logGet(43)) - raft.server.watch.element-limit = 65536 (default)
2019-09-19 14:21:21,714 [6403e584-2209-453b-b79e-eeb0a7b58516:group-586931AC7CB2:LeaderElection11] INFO  impl.RoleInfo (RoleInfo.java:updateAndGet(143)) - 6403e584-2209-453b-b79e-eeb0a7b58516: start LeaderState
2019-09-19 14:21:21,713 [6403e584-2209-453b-b79e-eeb0a7b58516:group-F02C244E9BDB:LeaderElection34] INFO  server.RaftServerConfigKeys (ConfUtils.java:logGet(43)) - raft.server.watch.timeout = 10s (default)
2019-09-19 14:21:21,721 [6403e584-2209-453b-b79e-eeb0a7b58516:group-586931AC7CB2:LeaderElection11] INFO  segmented.SegmentedRaftLogWorker (SegmentedRaftLogWorker.java:startLogSegment(380)) - 6403e584-2209-453b-b79e-eeb0a7b58516-SegmentedRaftLogWorker:Storage Directory /workdir/hadoop-ozone/integration-test/target/test-dir/MiniOzoneClusterImpl-210d6028-2152-4683-81ff-347b0d29bb13/datanode-3/data/ratis/1fe03246-ccde-4834-9a99-586931ac7cb2: Starting segment from index:0
2019-09-19 14:21:21,721 [306a7a99-f2a5-4f40-b42b-2fc2def08a6a:group-34E50141DDB4:LeaderElection17] INFO  impl.RoleInfo (RoleInfo.java:updateAndGet(143)) - 306a7a99-f2a5-4f40-b42b-2fc2def08a6a: start LeaderState
2019-09-19 14:21:21,721 [85c6a9f3-b9a5-43a5-ac4f-9aa7bd5f2263:group-361887C206E7:LeaderElection29] INFO  impl.RoleInfo (RoleInfo.java:updateAndGet(143)) - 85c6a9f3-b9a5-43a5-ac4f-9aa7bd5f2263: start LeaderState
2019-09-19 14:21:21,721 [1190b9a7-12b1-4c15-b33e-f7d0a0cd436c:group-766EF938012F:LeaderElection23] INFO  server.RaftServerConfigKeys (ConfUtils.java:logGet(43)) - raft.server.watch.timeout.denomination = 1s (default)
2019-09-19 14:21:21,721 [6403e584-2209-453b-b79e-eeb0a7b58516:group-A0F195B65CD7:LeaderElection15] INFO  impl.RoleInfo (RoleInfo.java:updateAndGet(143)) - 6403e584-2209-453b-b79e-eeb0a7b58516: start LeaderState
2019-09-19 14:21:21,721 [6403e584-2209-453b-b79e-eeb0a7b58516:group-49462D32D52F:LeaderElection33] INFO  server.RaftServerConfigKeys (ConfUtils.java:logGet(43)) - raft.server.watch.element-limit = 65536 (default)
2019-09-19 14:21:21,721 [85c6a9f3-b9a5-43a5-ac4f-9aa7bd5f2263:group-E8DFDA12C3C4:LeaderElection32] INFO  impl.RoleInfo (RoleInfo.java:updateAndGet(143)) - 85c6a9f3-b9a5-43a5-ac4f-9aa7bd5f2263: start LeaderState
2019-09-19 14:21:21,720 [6403e584-2209-453b-b79e-eeb0a7b58516:group-8A529A8BC28A:LeaderElection18] INFO  impl.RaftServerImpl (ServerState.java:setRaftConf(361)) - 6403e584-2209-453b-b79e-eeb0a7b58516:group-8A529A8BC28A set configuration 0: [6403e584-2209-453b-b79e-eeb0a7b58516:192.168.157.226:35833], old=null at 0
2019-09-19 14:21:21,720 [6403e584-2209-453b-b79e-eeb0a7b58516:group-89D25254E3D5:LeaderElection27] INFO  server.RaftServerConfigKeys (ConfUtils.java:logGet(43)) - raft.server.watch.timeout.denomination = 1s (default)
2019-09-19 14:21:21,720 [85c6a9f3-b9a5-43a5-ac4f-9aa7bd5f2263:group-013F546B64FC:LeaderElection20] INFO  server.RaftServerConfigKeys (ConfUtils.java:logGet(43)) - raft.server.watch.element-limit = 65536 (default)
2019-09-19 14:21:21,720 [85c6a9f3-b9a5-43a5-ac4f-9aa7bd5f2263:group-A0B5FA60C713:LeaderElection22] INFO  server.RaftServerConfigKeys (ConfUtils.java:logGet(43)) - raft.server.watch.timeout.denomination = 1s (default)
2019-09-19 14:21:21,720 [5dfaa0ea-416a-422c-a75d-43311aceb00a:group-F3A5C98C2D30:LeaderElection30] INFO  impl.RoleInfo (RoleInfo.java:updateAndGet(143)) - 5dfaa0ea-416a-422c-a75d-43311aceb00a: start LeaderState
2019-09-19 14:21:21,719 [5dfaa0ea-416a-422c-a75d-43311aceb00a:group-45C17CB8802C:LeaderElection14] INFO  segmented.SegmentedRaftLogWorker (SegmentedRaftLogWorker.java:startLogSegment(380)) - 5dfaa0ea-416a-422c-a75d-43311aceb00a-SegmentedRaftLogWorker:Storage Directory /workdir/hadoop-ozone/integration-test/target/test-dir/MiniOzoneClusterImpl-210d6028-2152-4683-81ff-347b0d29bb13/datanode-1/data/ratis/60597414-18d9-41dc-9ac0-45c17cb8802c: Starting segment from index:0
2019-09-19 14:21:21,719 [85c6a9f3-b9a5-43a5-ac4f-9aa7bd5f2263:group-7EA8DA0DB126:LeaderElection25] INFO  server.RaftServerConfigKeys (ConfUtils.java:logGet(43)) - raft.server.watch.element-limit = 65536 (default)
2019-09-19 14:21:21,719 [5dfaa0ea-416a-422c-a75d-43311aceb00a:group-DEB24979374C:LeaderElection13] INFO  server.RaftServerConfigKeys (ConfUtils.java:logGet(43)) - raft.server.watch.element-limit = 65536 (default)
2019-09-19 14:21:21,719 [85c6a9f3-b9a5-43a5-ac4f-9aa7bd5f2263:group-98F0C74AF458:LeaderElection21] INFO  impl.RoleInfo (RoleInfo.java:updateAndGet(143)) - 85c6a9f3-b9a5-43a5-ac4f-9aa7bd5f2263: start LeaderState
2019-09-19 14:21:21,762 [5dfaa0ea-416a-422c-a75d-43311aceb00a:group-DEB24979374C:LeaderElection13] INFO  impl.RoleInfo (RoleInfo.java:updateAndGet(143)) - 5dfaa0ea-416a-422c-a75d-43311aceb00a: start LeaderState
2019-09-19 14:21:21,719 [5dfaa0ea-416a-422c-a75d-43311aceb00a:group-042B962BFEF4:LeaderElection28] INFO  server.RaftServerConfigKeys (ConfUtils.java:logGet(43)) - raft.server.watch.element-limit = 65536 (default)
2019-09-19 14:21:21,718 [85c6a9f3-b9a5-43a5-ac4f-9aa7bd5f2263:group-36D981DB5337:LeaderElection31] INFO  server.RaftServerConfigKeys (ConfUtils.java:logGet(43)) - raft.server.watch.element-limit = 65536 (default)
2019-09-19 14:21:21,762 [5dfaa0ea-416a-422c-a75d-43311aceb00a:group-042B962BFEF4:LeaderElection28] INFO  impl.RoleInfo (RoleInfo.java:updateAndGet(143)) - 5dfaa0ea-416a-422c-a75d-43311aceb00a: start LeaderState
2019-09-19 14:21:21,718 [1190b9a7-12b1-4c15-b33e-f7d0a0cd436c:group-3207FA89EC2E:LeaderElection24] INFO  segmented.SegmentedRaftLogWorker (SegmentedRaftLogWorker.java:startLogSegment(380)) - 1190b9a7-12b1-4c15-b33e-f7d0a0cd436c-SegmentedRaftLogWorker:Storage Directory /workdir/hadoop-ozone/integration-test/target/test-dir/MiniOzoneClusterImpl-210d6028-2152-4683-81ff-347b0d29bb13/datanode-4/data/ratis/42e78a98-cb22-4f9a-a37d-3207fa89ec2e: Starting segment from index:0
2019-09-19 14:21:21,718 [6403e584-2209-453b-b79e-eeb0a7b58516:group-8A38B38FD508:LeaderElection19] INFO  server.RaftServerConfigKeys (ConfUtils.java:logGet(43)) - raft.server.watch.element-limit = 65536 (default)
2019-09-19 14:21:21,718 [pool-27-thread-1] INFO  server.RaftServerConfigKeys (ConfUtils.java:logGet(43)) - raft.server.log.purge.gap = 1000000 (custom)
2019-09-19 14:21:21,718 [5dfaa0ea-416a-422c-a75d-43311aceb00a:group-ECAA1E39D794:LeaderElection12] INFO  server.RaftServerConfigKeys (ConfUtils.java:logGet(43)) - raft.server.watch.element-limit = 65536 (default)
2019-09-19 14:21:21,718 [5dfaa0ea-416a-422c-a75d-43311aceb00a:group-262BD164629E:LeaderElection26] INFO  server.RaftServerConfigKeys (ConfUtils.java:logGet(43)) - raft.server.watch.timeout.denomination = 1s (default)
2019-09-19 14:21:21,763 [5dfaa0ea-416a-422c-a75d-43311aceb00a:group-ECAA1E39D794:LeaderElection12] INFO  impl.RoleInfo (RoleInfo.java:updateAndGet(143)) - 5dfaa0ea-416a-422c-a75d-43311aceb00a: start LeaderState
2019-09-19 14:21:21,718 [5dfaa0ea-416a-422c-a75d-43311aceb00a:group-072F7F1083FE:LeaderElection16] INFO  server.RaftServerConfigKeys (ConfUtils.java:logGet(43)) - raft.server.watch.element-limit = 65536 (default)
2019-09-19 14:21:21,763 [5dfaa0ea-416a-422c-a75d-43311aceb00a:group-ECAA1E39D794:LeaderElection12] INFO  segmented.SegmentedRaftLogWorker (SegmentedRaftLogWorker.java:startLogSegment(380)) - 5dfaa0ea-416a-422c-a75d-43311aceb00a-SegmentedRaftLogWorker:Storage Directory /workdir/hadoop-ozone/integration-test/target/test-dir/MiniOzoneClusterImpl-210d6028-2152-4683-81ff-347b0d29bb13/datanode-1/data/ratis/ab442f8d-48c5-4bcc-b93a-ecaa1e39d794: Starting segment from index:0
2019-09-19 14:21:21,717 [85c6a9f3-b9a5-43a5-ac4f-9aa7bd5f2263:group-352DC12B53E3:LeaderElection10] INFO  impl.RoleInfo (RoleInfo.java:updateAndGet(143)) - 85c6a9f3-b9a5-43a5-ac4f-9aa7bd5f2263: start LeaderState
2019-09-19 14:21:21,763 [5dfaa0ea-416a-422c-a75d-43311aceb00a:group-072F7F1083FE:LeaderElection16] INFO  impl.RoleInfo (RoleInfo.java:updateAndGet(143)) - 5dfaa0ea-416a-422c-a75d-43311aceb00a: start LeaderState
2019-09-19 14:21:21,764 [85c6a9f3-b9a5-43a5-ac4f-9aa7bd5f2263:group-352DC12B53E3:LeaderElection10] INFO  segmented.SegmentedRaftLogWorker (SegmentedRaftLogWorker.java:startLogSegment(380)) - 85c6a9f3-b9a5-43a5-ac4f-9aa7bd5f2263-SegmentedRaftLogWorker:Storage Directory /workdir/hadoop-ozone/integration-test/target/test-dir/MiniOzoneClusterImpl-210d6028-2152-4683-81ff-347b0d29bb13/datanode-0/data/ratis/84e6bca7-bc48-4d08-8609-352dc12b53e3: Starting segment from index:0
2019-09-19 14:21:21,763 [5dfaa0ea-416a-422c-a75d-43311aceb00a:group-262BD164629E:LeaderElection26] INFO  server.RaftServerConfigKeys (ConfUtils.java:logGet(43)) - raft.server.watch.element-limit = 65536 (default)
2019-09-19 14:21:21,763 [1190b9a7-12b1-4c15-b33e-f7d0a0cd436c:group-3207FA89EC2E:LeaderElection24] INFO  impl.RaftServerImpl (ServerState.java:setRaftConf(361)) - 1190b9a7-12b1-4c15-b33e-f7d0a0cd436c:group-3207FA89EC2E set configuration 0: [1190b9a7-12b1-4c15-b33e-f7d0a0cd436c:192.168.157.226:34463], old=null at 0
2019-09-19 14:21:21,764 [5dfaa0ea-416a-422c-a75d-43311aceb00a:group-262BD164629E:LeaderElection26] INFO  impl.RoleInfo (RoleInfo.java:updateAndGet(143)) - 5dfaa0ea-416a-422c-a75d-43311aceb00a: start LeaderState
2019-09-19 14:21:21,763 [pool-27-thread-1] INFO  server.RaftServerConfigKeys (ConfUtils.java:logGet(43)) - raft.server.log.appender.buffer.byte-limit = 33554432 (custom)
2019-09-19 14:21:21,804 [5dfaa0ea-416a-422c-a75d-43311aceb00a:group-262BD164629E:LeaderElection26] INFO  segmented.SegmentedRaftLogWorker (SegmentedRaftLogWorker.java:startLogSegment(380)) - 5dfaa0ea-416a-422c-a75d-43311aceb00a-SegmentedRaftLogWorker:Storage Directory /workdir/hadoop-ozone/integration-test/target/test-dir/MiniOzoneClusterImpl-210d6028-2152-4683-81ff-347b0d29bb13/datanode-1/data/ratis/38e5741f-9918-4914-9251-262bd164629e: Starting segment from index:0
2019-09-19 14:21:21,762 [6403e584-2209-453b-b79e-eeb0a7b58516:group-8A38B38FD508:LeaderElection19] INFO  impl.RoleInfo (RoleInfo.java:updateAndGet(143)) - 6403e584-2209-453b-b79e-eeb0a7b58516: start LeaderState
2019-09-19 14:21:21,762 [5dfaa0ea-416a-422c-a75d-43311aceb00a:group-042B962BFEF4:LeaderElection28] INFO  segmented.SegmentedRaftLogWorker (SegmentedRaftLogWorker.java:startLogSegment(380)) - 5dfaa0ea-416a-422c-a75d-43311aceb00a-SegmentedRaftLogWorker:Storage Directory /workdir/hadoop-ozone/integration-test/target/test-dir/MiniOzoneClusterImpl-210d6028-2152-4683-81ff-347b0d29bb13/datanode-1/data/ratis/ee0063dc-171a-494c-aa41-042b962bfef4: Starting segment from index:0
2019-09-19 14:21:21,762 [85c6a9f3-b9a5-43a5-ac4f-9aa7bd5f2263:group-36D981DB5337:LeaderElection31] INFO  impl.RoleInfo (RoleInfo.java:updateAndGet(143)) - 85c6a9f3-b9a5-43a5-ac4f-9aa7bd5f2263: start LeaderState
2019-09-19 14:21:21,804 [5dfaa0ea-416a-422c-a75d-43311aceb00a:group-262BD164629E:LeaderElection26] INFO  impl.RaftServerImpl (ServerState.java:setRaftConf(361)) - 5dfaa0ea-416a-422c-a75d-43311aceb00a:group-262BD164629E set configuration 0: [5dfaa0ea-416a-422c-a75d-43311aceb00a:192.168.157.226:45629], old=null at 0
2019-09-19 14:21:21,762 [5dfaa0ea-416a-422c-a75d-43311aceb00a:group-DEB24979374C:LeaderElection13] INFO  segmented.SegmentedRaftLogWorker (SegmentedRaftLogWorker.java:startLogSegment(380)) - 5dfaa0ea-416a-422c-a75d-43311aceb00a-SegmentedRaftLogWorker:Storage Directory /workdir/hadoop-ozone/integration-test/target/test-dir/MiniOzoneClusterImpl-210d6028-2152-4683-81ff-347b0d29bb13/datanode-1/data/ratis/c202f88d-26da-4a88-8eec-deb24979374c: Starting segment from index:0
2019-09-19 14:21:21,762 [85c6a9f3-b9a5-43a5-ac4f-9aa7bd5f2263:group-98F0C74AF458:LeaderElection21] INFO  segmented.SegmentedRaftLogWorker (SegmentedRaftLogWorker.java:startLogSegment(380)) - 85c6a9f3-b9a5-43a5-ac4f-9aa7bd5f2263-SegmentedRaftLogWorker:Storage Directory /workdir/hadoop-ozone/integration-test/target/test-dir/MiniOzoneClusterImpl-210d6028-2152-4683-81ff-347b0d29bb13/datanode-0/data/ratis/f96bd18a-5f7f-453b-bd23-98f0c74af458: Starting segment from index:0
2019-09-19 14:21:21,761 [5dfaa0ea-416a-422c-a75d-43311aceb00a:group-45C17CB8802C:LeaderElection14] INFO  impl.RaftServerImpl (ServerState.java:setRaftConf(361)) - 5dfaa0ea-416a-422c-a75d-43311aceb00a:group-45C17CB8802C set configuration 0: [5dfaa0ea-416a-422c-a75d-43311aceb00a:192.168.157.226:45629], old=null at 0
2019-09-19 14:21:21,761 [85c6a9f3-b9a5-43a5-ac4f-9aa7bd5f2263:group-7EA8DA0DB126:LeaderElection25] INFO  impl.RoleInfo (RoleInfo.java:updateAndGet(143)) - 85c6a9f3-b9a5-43a5-ac4f-9aa7bd5f2263: start LeaderState
2019-09-19 14:21:21,761 [5dfaa0ea-416a-422c-a75d-43311aceb00a:group-F3A5C98C2D30:LeaderElection30] INFO  segmented.SegmentedRaftLogWorker (SegmentedRaftLogWorker.java:startLogSegment(380)) - 5dfaa0ea-416a-422c-a75d-43311aceb00a-SegmentedRaftLogWorker:Storage Directory /workdir/hadoop-ozone/integration-test/target/test-dir/MiniOzoneClusterImpl-210d6028-2152-4683-81ff-347b0d29bb13/datanode-1/data/ratis/a81f3be1-4267-44f4-83d7-f3a5c98c2d30: Starting segment from index:0
2019-09-19 14:21:21,761 [85c6a9f3-b9a5-43a5-ac4f-9aa7bd5f2263:group-A0B5FA60C713:LeaderElection22] INFO  server.RaftServerConfigKeys (ConfUtils.java:logGet(43)) - raft.server.watch.element-limit = 65536 (default)
2019-09-19 14:21:21,760 [85c6a9f3-b9a5-43a5-ac4f-9aa7bd5f2263:group-013F546B64FC:LeaderElection20] INFO  impl.RoleInfo (RoleInfo.java:updateAndGet(143)) - 85c6a9f3-b9a5-43a5-ac4f-9aa7bd5f2263: start LeaderState
2019-09-19 14:21:21,760 [6403e584-2209-453b-b79e-eeb0a7b58516:group-89D25254E3D5:LeaderElection27] INFO  server.RaftServerConfigKeys (ConfUtils.java:logGet(43)) - raft.server.watch.element-limit = 65536 (default)
2019-09-19 14:21:21,723 [85c6a9f3-b9a5-43a5-ac4f-9aa7bd5f2263:group-E8DFDA12C3C4:LeaderElection32] INFO  segmented.SegmentedRaftLogWorker (SegmentedRaftLogWorker.java:startLogSegment(380)) - 85c6a9f3-b9a5-43a5-ac4f-9aa7bd5f2263-SegmentedRaftLogWorker:Storage Directory /workdir/hadoop-ozone/integration-test/target/test-dir/MiniOzoneClusterImpl-210d6028-2152-4683-81ff-347b0d29bb13/datanode-0/data/ratis/8e00f4eb-673b-4bad-b7bb-e8dfda12c3c4: Starting segment from index:0
2019-09-19 14:21:21,872 [6403e584-2209-453b-b79e-eeb0a7b58516:group-89D25254E3D5:LeaderElection27] INFO  impl.RoleInfo (RoleInfo.java:updateAndGet(143)) - 6403e584-2209-453b-b79e-eeb0a7b58516: start LeaderState
2019-09-19 14:21:21,723 [6403e584-2209-453b-b79e-eeb0a7b58516:group-49462D32D52F:LeaderElection33] INFO  impl.RoleInfo (RoleInfo.java:updateAndGet(143)) - 6403e584-2209-453b-b79e-eeb0a7b58516: start LeaderState
2019-09-19 14:21:21,722 [6403e584-2209-453b-b79e-eeb0a7b58516:group-A0F195B65CD7:LeaderElection15] INFO  segmented.SegmentedRaftLogWorker (SegmentedRaftLogWorker.java:startLogSegment(380)) - 6403e584-2209-453b-b79e-eeb0a7b58516-SegmentedRaftLogWorker:Storage Directory /workdir/hadoop-ozone/integration-test/target/test-dir/MiniOzoneClusterImpl-210d6028-2152-4683-81ff-347b0d29bb13/datanode-3/data/ratis/85682c49-a5c1-4404-acc1-a0f195b65cd7: Starting segment from index:0
2019-09-19 14:21:21,722 [1190b9a7-12b1-4c15-b33e-f7d0a0cd436c:group-766EF938012F:LeaderElection23] INFO  server.RaftServerConfigKeys (ConfUtils.java:logGet(43)) - raft.server.watch.element-limit = 65536 (default)
2019-09-19 14:21:21,722 [85c6a9f3-b9a5-43a5-ac4f-9aa7bd5f2263:group-361887C206E7:LeaderElection29] INFO  segmented.SegmentedRaftLogWorker (SegmentedRaftLogWorker.java:startLogSegment(380)) - 85c6a9f3-b9a5-43a5-ac4f-9aa7bd5f2263-SegmentedRaftLogWorker:Storage Directory /workdir/hadoop-ozone/integration-test/target/test-dir/MiniOzoneClusterImpl-210d6028-2152-4683-81ff-347b0d29bb13/datanode-0/data/ratis/53da60aa-e1df-424b-8cc6-361887c206e7: Starting segment from index:0
2019-09-19 14:21:21,722 [6403e584-2209-453b-b79e-eeb0a7b58516:group-586931AC7CB2:LeaderElection11] INFO  impl.RaftServerImpl (ServerState.java:setRaftConf(361)) - 6403e584-2209-453b-b79e-eeb0a7b58516:group-586931AC7CB2 set configuration 0: [6403e584-2209-453b-b79e-eeb0a7b58516:192.168.157.226:35833], old=null at 0
2019-09-19 14:21:21,722 [306a7a99-f2a5-4f40-b42b-2fc2def08a6a:group-34E50141DDB4:LeaderElection17] INFO  segmented.SegmentedRaftLogWorker (SegmentedRaftLogWorker.java:startLogSegment(380)) - 306a7a99-f2a5-4f40-b42b-2fc2def08a6a-SegmentedRaftLogWorker:Storage Directory /workdir/hadoop-ozone/integration-test/target/test-dir/MiniOzoneClusterImpl-210d6028-2152-4683-81ff-347b0d29bb13/datanode-2/data/ratis/66c5c202-3e21-46f0-a538-34e50141ddb4: Starting segment from index:0
2019-09-19 14:21:21,722 [6403e584-2209-453b-b79e-eeb0a7b58516:group-F02C244E9BDB:LeaderElection34] INFO  server.RaftServerConfigKeys (ConfUtils.java:logGet(43)) - raft.server.watch.timeout.denomination = 1s (default)
2019-09-19 14:21:21,927 [85c6a9f3-b9a5-43a5-ac4f-9aa7bd5f2263:group-361887C206E7:LeaderElection29] INFO  impl.RaftServerImpl (ServerState.java:setRaftConf(361)) - 85c6a9f3-b9a5-43a5-ac4f-9aa7bd5f2263:group-361887C206E7 set configuration 0: [85c6a9f3-b9a5-43a5-ac4f-9aa7bd5f2263:192.168.157.226:45170], old=null at 0
2019-09-19 14:21:21,927 [5dfaa0ea-416a-422c-a75d-43311aceb00a-SegmentedRaftLogWorker:Storage Directory /workdir/hadoop-ozone/integration-test/target/test-dir/MiniOzoneClusterImpl-210d6028-2152-4683-81ff-347b0d29bb13/datanode-1/data/ratis/c202f88d-26da-4a88-8eec-deb24979374c] INFO  segmented.SegmentedRaftLogWorker (SegmentedRaftLogWorker.java:execute(569)) - 5dfaa0ea-416a-422c-a75d-43311aceb00a-SegmentedRaftLogWorker:Storage Directory /workdir/hadoop-ozone/integration-test/target/test-dir/MiniOzoneClusterImpl-210d6028-2152-4683-81ff-347b0d29bb13/datanode-1/data/ratis/c202f88d-26da-4a88-8eec-deb24979374c: created new log segment /workdir/hadoop-ozone/integration-test/target/test-dir/MiniOzoneClusterImpl-210d6028-2152-4683-81ff-347b0d29bb13/datanode-1/data/ratis/c202f88d-26da-4a88-8eec-deb24979374c/current/log_inprogress_0
2019-09-19 14:21:21,964 [306a7a99-f2a5-4f40-b42b-2fc2def08a6a:group-34E50141DDB4:LeaderElection17] INFO  impl.RaftServerImpl (ServerState.java:setRaftConf(361)) - 306a7a99-f2a5-4f40-b42b-2fc2def08a6a:group-34E50141DDB4 set configuration 0: [306a7a99-f2a5-4f40-b42b-2fc2def08a6a:192.168.157.226:42633], old=null at 0
2019-09-19 14:21:21,927 [Thread-354] INFO  impl.FollowerState (FollowerState.java:run(106)) - 6403e584-2209-453b-b79e-eeb0a7b58516:group-2B0D3DD5D692 changes to CANDIDATE, lastRpcTime:5050, electionTimeout:5020ms
2019-09-19 14:21:21,967 [Thread-354] INFO  impl.RoleInfo (RoleInfo.java:shutdownFollowerState(121)) - 6403e584-2209-453b-b79e-eeb0a7b58516: shutdown FollowerState
2019-09-19 14:21:21,968 | INFO  | SCMAudit | user=jenkins1000 | ip=192.168.157.226 | op=SEND_HEARTBEAT {datanodeUUID=56d21ab3-8f6d-44ea-b961-c721a1c09246, command=[]} | ret=SUCCESS |  
2019-09-19 14:21:21,873 [6403e584-2209-453b-b79e-eeb0a7b58516:group-A0F195B65CD7:LeaderElection15] INFO  impl.RaftServerImpl (ServerState.java:setRaftConf(361)) - 6403e584-2209-453b-b79e-eeb0a7b58516:group-A0F195B65CD7 set configuration 0: [6403e584-2209-453b-b79e-eeb0a7b58516:192.168.157.226:35833], old=null at 0
2019-09-19 14:21:21,873 [1190b9a7-12b1-4c15-b33e-f7d0a0cd436c:group-766EF938012F:LeaderElection23] INFO  impl.RoleInfo (RoleInfo.java:updateAndGet(143)) - 1190b9a7-12b1-4c15-b33e-f7d0a0cd436c: start LeaderState
2019-09-19 14:21:21,873 [6403e584-2209-453b-b79e-eeb0a7b58516:group-49462D32D52F:LeaderElection33] INFO  segmented.SegmentedRaftLogWorker (SegmentedRaftLogWorker.java:startLogSegment(380)) - 6403e584-2209-453b-b79e-eeb0a7b58516-SegmentedRaftLogWorker:Storage Directory /workdir/hadoop-ozone/integration-test/target/test-dir/MiniOzoneClusterImpl-210d6028-2152-4683-81ff-347b0d29bb13/datanode-3/data/ratis/3aa209b6-9634-498c-804f-49462d32d52f: Starting segment from index:0
2019-09-19 14:21:21,873 [85c6a9f3-b9a5-43a5-ac4f-9aa7bd5f2263:group-E8DFDA12C3C4:LeaderElection32] INFO  impl.RaftServerImpl (ServerState.java:setRaftConf(361)) - 85c6a9f3-b9a5-43a5-ac4f-9aa7bd5f2263:group-E8DFDA12C3C4 set configuration 0: [85c6a9f3-b9a5-43a5-ac4f-9aa7bd5f2263:192.168.157.226:45170], old=null at 0
2019-09-19 14:21:21,873 [6403e584-2209-453b-b79e-eeb0a7b58516:group-89D25254E3D5:LeaderElection27] INFO  segmented.SegmentedRaftLogWorker (SegmentedRaftLogWorker.java:startLogSegment(380)) - 6403e584-2209-453b-b79e-eeb0a7b58516-SegmentedRaftLogWorker:Storage Directory /workdir/hadoop-ozone/integration-test/target/test-dir/MiniOzoneClusterImpl-210d6028-2152-4683-81ff-347b0d29bb13/datanode-3/data/ratis/a846ba2f-4691-4ddb-aaf6-89d25254e3d5: Starting segment from index:0
2019-09-19 14:21:21,872 [85c6a9f3-b9a5-43a5-ac4f-9aa7bd5f2263:group-013F546B64FC:LeaderElection20] INFO  segmented.SegmentedRaftLogWorker (SegmentedRaftLogWorker.java:startLogSegment(380)) - 85c6a9f3-b9a5-43a5-ac4f-9aa7bd5f2263-SegmentedRaftLogWorker:Storage Directory /workdir/hadoop-ozone/integration-test/target/test-dir/MiniOzoneClusterImpl-210d6028-2152-4683-81ff-347b0d29bb13/datanode-0/data/ratis/f0996a2b-0fd4-4fb7-bb94-013f546b64fc: Starting segment from index:0
2019-09-19 14:21:21,872 [85c6a9f3-b9a5-43a5-ac4f-9aa7bd5f2263:group-A0B5FA60C713:LeaderElection22] INFO  impl.RoleInfo (RoleInfo.java:updateAndGet(143)) - 85c6a9f3-b9a5-43a5-ac4f-9aa7bd5f2263: start LeaderState
2019-09-19 14:21:21,872 [5dfaa0ea-416a-422c-a75d-43311aceb00a:group-F3A5C98C2D30:LeaderElection30] INFO  impl.RaftServerImpl (ServerState.java:setRaftConf(361)) - 5dfaa0ea-416a-422c-a75d-43311aceb00a:group-F3A5C98C2D30 set configuration 0: [5dfaa0ea-416a-422c-a75d-43311aceb00a:192.168.157.226:45629], old=null at 0
2019-09-19 14:21:21,871 [85c6a9f3-b9a5-43a5-ac4f-9aa7bd5f2263:group-7EA8DA0DB126:LeaderElection25] INFO  segmented.SegmentedRaftLogWorker (SegmentedRaftLogWorker.java:startLogSegment(380)) - 85c6a9f3-b9a5-43a5-ac4f-9aa7bd5f2263-SegmentedRaftLogWorker:Storage Directory /workdir/hadoop-ozone/integration-test/target/test-dir/MiniOzoneClusterImpl-210d6028-2152-4683-81ff-347b0d29bb13/datanode-0/data/ratis/eaccf3dd-2cd4-4446-971b-7ea8da0db126: Starting segment from index:0
2019-09-19 14:21:21,871 [85c6a9f3-b9a5-43a5-ac4f-9aa7bd5f2263:group-98F0C74AF458:LeaderElection21] INFO  impl.RaftServerImpl (ServerState.java:setRaftConf(361)) - 85c6a9f3-b9a5-43a5-ac4f-9aa7bd5f2263:group-98F0C74AF458 set configuration 0: [85c6a9f3-b9a5-43a5-ac4f-9aa7bd5f2263:192.168.157.226:45170], old=null at 0
2019-09-19 14:21:21,871 [5dfaa0ea-416a-422c-a75d-43311aceb00a-SegmentedRaftLogWorker:Storage Directory /workdir/hadoop-ozone/integration-test/target/test-dir/MiniOzoneClusterImpl-210d6028-2152-4683-81ff-347b0d29bb13/datanode-1/data/ratis/ee0063dc-171a-494c-aa41-042b962bfef4] INFO  segmented.SegmentedRaftLogWorker (SegmentedRaftLogWorker.java:execute(569)) - 5dfaa0ea-416a-422c-a75d-43311aceb00a-SegmentedRaftLogWorker:Storage Directory /workdir/hadoop-ozone/integration-test/target/test-dir/MiniOzoneClusterImpl-210d6028-2152-4683-81ff-347b0d29bb13/datanode-1/data/ratis/ee0063dc-171a-494c-aa41-042b962bfef4: created new log segment /workdir/hadoop-ozone/integration-test/target/test-dir/MiniOzoneClusterImpl-210d6028-2152-4683-81ff-347b0d29bb13/datanode-1/data/ratis/ee0063dc-171a-494c-aa41-042b962bfef4/current/log_inprogress_0
2019-09-19 14:21:21,871 [5dfaa0ea-416a-422c-a75d-43311aceb00a-SegmentedRaftLogWorker:Storage Directory /workdir/hadoop-ozone/integration-test/target/test-dir/MiniOzoneClusterImpl-210d6028-2152-4683-81ff-347b0d29bb13/datanode-1/data/ratis/38e5741f-9918-4914-9251-262bd164629e] INFO  segmented.SegmentedRaftLogWorker (SegmentedRaftLogWorker.java:execute(569)) - 5dfaa0ea-416a-422c-a75d-43311aceb00a-SegmentedRaftLogWorker:Storage Directory /workdir/hadoop-ozone/integration-test/target/test-dir/MiniOzoneClusterImpl-210d6028-2152-4683-81ff-347b0d29bb13/datanode-1/data/ratis/38e5741f-9918-4914-9251-262bd164629e: created new log segment /workdir/hadoop-ozone/integration-test/target/test-dir/MiniOzoneClusterImpl-210d6028-2152-4683-81ff-347b0d29bb13/datanode-1/data/ratis/38e5741f-9918-4914-9251-262bd164629e/current/log_inprogress_0
2019-09-19 14:21:21,871 [85c6a9f3-b9a5-43a5-ac4f-9aa7bd5f2263-SegmentedRaftLogWorker:Storage Directory /workdir/hadoop-ozone/integration-test/target/test-dir/MiniOzoneClusterImpl-210d6028-2152-4683-81ff-347b0d29bb13/datanode-0/data/ratis/84e6bca7-bc48-4d08-8609-352dc12b53e3] INFO  segmented.SegmentedRaftLogWorker (SegmentedRaftLogWorker.java:execute(569)) - 85c6a9f3-b9a5-43a5-ac4f-9aa7bd5f2263-SegmentedRaftLogWorker:Storage Directory /workdir/hadoop-ozone/integration-test/target/test-dir/MiniOzoneClusterImpl-210d6028-2152-4683-81ff-347b0d29bb13/datanode-0/data/ratis/84e6bca7-bc48-4d08-8609-352dc12b53e3: created new log segment /workdir/hadoop-ozone/integration-test/target/test-dir/MiniOzoneClusterImpl-210d6028-2152-4683-81ff-347b0d29bb13/datanode-0/data/ratis/84e6bca7-bc48-4d08-8609-352dc12b53e3/current/log_inprogress_0
2019-09-19 14:21:21,837 [5dfaa0ea-416a-422c-a75d-43311aceb00a:group-DEB24979374C:LeaderElection13] INFO  impl.RaftServerImpl (ServerState.java:setRaftConf(361)) - 5dfaa0ea-416a-422c-a75d-43311aceb00a:group-DEB24979374C set configuration 0: [5dfaa0ea-416a-422c-a75d-43311aceb00a:192.168.157.226:45629], old=null at 0
2019-09-19 14:21:21,837 [5dfaa0ea-416a-422c-a75d-43311aceb00a:group-042B962BFEF4:LeaderElection28] INFO  impl.RaftServerImpl (ServerState.java:setRaftConf(361)) - 5dfaa0ea-416a-422c-a75d-43311aceb00a:group-042B962BFEF4 set configuration 0: [5dfaa0ea-416a-422c-a75d-43311aceb00a:192.168.157.226:45629], old=null at 0
2019-09-19 14:21:21,837 [Thread-348] INFO  impl.FollowerState (FollowerState.java:run(106)) - 85c6a9f3-b9a5-43a5-ac4f-9aa7bd5f2263:group-C018715A2608 changes to CANDIDATE, lastRpcTime:5080, electionTimeout:5056ms
2019-09-19 14:21:22,053 [Thread-348] INFO  impl.RoleInfo (RoleInfo.java:shutdownFollowerState(121)) - 85c6a9f3-b9a5-43a5-ac4f-9aa7bd5f2263: shutdown FollowerState
2019-09-19 14:21:21,837 [5dfaa0ea-416a-422c-a75d-43311aceb00a-SegmentedRaftLogWorker:Storage Directory /workdir/hadoop-ozone/integration-test/target/test-dir/MiniOzoneClusterImpl-210d6028-2152-4683-81ff-347b0d29bb13/datanode-1/data/ratis/60597414-18d9-41dc-9ac0-45c17cb8802c] INFO  segmented.SegmentedRaftLogWorker (SegmentedRaftLogWorker.java:execute(569)) - 5dfaa0ea-416a-422c-a75d-43311aceb00a-SegmentedRaftLogWorker:Storage Directory /workdir/hadoop-ozone/integration-test/target/test-dir/MiniOzoneClusterImpl-210d6028-2152-4683-81ff-347b0d29bb13/datanode-1/data/ratis/60597414-18d9-41dc-9ac0-45c17cb8802c: created new log segment /workdir/hadoop-ozone/integration-test/target/test-dir/MiniOzoneClusterImpl-210d6028-2152-4683-81ff-347b0d29bb13/datanode-1/data/ratis/60597414-18d9-41dc-9ac0-45c17cb8802c/current/log_inprogress_0
2019-09-19 14:21:21,837 [Thread-345] INFO  impl.FollowerState (FollowerState.java:run(106)) - 5dfaa0ea-416a-422c-a75d-43311aceb00a:group-42F1B0B7D7E0 changes to CANDIDATE, lastRpcTime:5130, electionTimeout:5109ms
2019-09-19 14:21:21,837 [1190b9a7-12b1-4c15-b33e-f7d0a0cd436c-SegmentedRaftLogWorker:Storage Directory /workdir/hadoop-ozone/integration-test/target/test-dir/MiniOzoneClusterImpl-210d6028-2152-4683-81ff-347b0d29bb13/datanode-4/data/ratis/42e78a98-cb22-4f9a-a37d-3207fa89ec2e] INFO  segmented.SegmentedRaftLogWorker (SegmentedRaftLogWorker.java:execute(569)) - 1190b9a7-12b1-4c15-b33e-f7d0a0cd436c-SegmentedRaftLogWorker:Storage Directory /workdir/hadoop-ozone/integration-test/target/test-dir/MiniOzoneClusterImpl-210d6028-2152-4683-81ff-347b0d29bb13/datanode-4/data/ratis/42e78a98-cb22-4f9a-a37d-3207fa89ec2e: created new log segment /workdir/hadoop-ozone/integration-test/target/test-dir/MiniOzoneClusterImpl-210d6028-2152-4683-81ff-347b0d29bb13/datanode-4/data/ratis/42e78a98-cb22-4f9a-a37d-3207fa89ec2e/current/log_inprogress_0
2019-09-19 14:21:21,837 [5dfaa0ea-416a-422c-a75d-43311aceb00a-SegmentedRaftLogWorker:Storage Directory /workdir/hadoop-ozone/integration-test/target/test-dir/MiniOzoneClusterImpl-210d6028-2152-4683-81ff-347b0d29bb13/datanode-1/data/ratis/ab442f8d-48c5-4bcc-b93a-ecaa1e39d794] INFO  segmented.SegmentedRaftLogWorker (SegmentedRaftLogWorker.java:execute(569)) - 5dfaa0ea-416a-422c-a75d-43311aceb00a-SegmentedRaftLogWorker:Storage Directory /workdir/hadoop-ozone/integration-test/target/test-dir/MiniOzoneClusterImpl-210d6028-2152-4683-81ff-347b0d29bb13/datanode-1/data/ratis/ab442f8d-48c5-4bcc-b93a-ecaa1e39d794: created new log segment /workdir/hadoop-ozone/integration-test/target/test-dir/MiniOzoneClusterImpl-210d6028-2152-4683-81ff-347b0d29bb13/datanode-1/data/ratis/ab442f8d-48c5-4bcc-b93a-ecaa1e39d794/current/log_inprogress_0
2019-09-19 14:21:21,804 [85c6a9f3-b9a5-43a5-ac4f-9aa7bd5f2263:group-36D981DB5337:LeaderElection31] INFO  segmented.SegmentedRaftLogWorker (SegmentedRaftLogWorker.java:startLogSegment(380)) - 85c6a9f3-b9a5-43a5-ac4f-9aa7bd5f2263-SegmentedRaftLogWorker:Storage Directory /workdir/hadoop-ozone/integration-test/target/test-dir/MiniOzoneClusterImpl-210d6028-2152-4683-81ff-347b0d29bb13/datanode-0/data/ratis/30539223-bdb9-42aa-a69d-36d981db5337: Starting segment from index:0
2019-09-19 14:21:21,804 [6403e584-2209-453b-b79e-eeb0a7b58516:group-8A38B38FD508:LeaderElection19] INFO  segmented.SegmentedRaftLogWorker (SegmentedRaftLogWorker.java:startLogSegment(380)) - 6403e584-2209-453b-b79e-eeb0a7b58516-SegmentedRaftLogWorker:Storage Directory /workdir/hadoop-ozone/integration-test/target/test-dir/MiniOzoneClusterImpl-210d6028-2152-4683-81ff-347b0d29bb13/datanode-3/data/ratis/25d0608f-0361-4188-b780-8a38b38fd508: Starting segment from index:0
2019-09-19 14:21:21,804 [pool-27-thread-1] INFO  server.RaftServerConfigKeys (ConfUtils.java:logGet(43)) - raft.server.log.segment.size.max = 1048576 (custom)
2019-09-19 14:21:21,803 [85c6a9f3-b9a5-43a5-ac4f-9aa7bd5f2263:group-352DC12B53E3:LeaderElection10] INFO  impl.RaftServerImpl (ServerState.java:setRaftConf(361)) - 85c6a9f3-b9a5-43a5-ac4f-9aa7bd5f2263:group-352DC12B53E3 set configuration 0: [85c6a9f3-b9a5-43a5-ac4f-9aa7bd5f2263:192.168.157.226:45170], old=null at 0
2019-09-19 14:21:21,803 [6403e584-2209-453b-b79e-eeb0a7b58516-SegmentedRaftLogWorker:Storage Directory /workdir/hadoop-ozone/integration-test/target/test-dir/MiniOzoneClusterImpl-210d6028-2152-4683-81ff-347b0d29bb13/datanode-3/data/ratis/1fe03246-ccde-4834-9a99-586931ac7cb2] INFO  segmented.SegmentedRaftLogWorker (SegmentedRaftLogWorker.java:execute(569)) - 6403e584-2209-453b-b79e-eeb0a7b58516-SegmentedRaftLogWorker:Storage Directory /workdir/hadoop-ozone/integration-test/target/test-dir/MiniOzoneClusterImpl-210d6028-2152-4683-81ff-347b0d29bb13/datanode-3/data/ratis/1fe03246-ccde-4834-9a99-586931ac7cb2: created new log segment /workdir/hadoop-ozone/integration-test/target/test-dir/MiniOzoneClusterImpl-210d6028-2152-4683-81ff-347b0d29bb13/datanode-3/data/ratis/1fe03246-ccde-4834-9a99-586931ac7cb2/current/log_inprogress_0
2019-09-19 14:21:21,803 [6403e584-2209-453b-b79e-eeb0a7b58516-SegmentedRaftLogWorker:Storage Directory /workdir/hadoop-ozone/integration-test/target/test-dir/MiniOzoneClusterImpl-210d6028-2152-4683-81ff-347b0d29bb13/datanode-3/data/ratis/57045c31-713e-4d62-b9c4-8a529a8bc28a] INFO  segmented.SegmentedRaftLogWorker (SegmentedRaftLogWorker.java:execute(569)) - 6403e584-2209-453b-b79e-eeb0a7b58516-SegmentedRaftLogWorker:Storage Directory /workdir/hadoop-ozone/integration-test/target/test-dir/MiniOzoneClusterImpl-210d6028-2152-4683-81ff-347b0d29bb13/datanode-3/data/ratis/57045c31-713e-4d62-b9c4-8a529a8bc28a: created new log segment /workdir/hadoop-ozone/integration-test/target/test-dir/MiniOzoneClusterImpl-210d6028-2152-4683-81ff-347b0d29bb13/datanode-3/data/ratis/57045c31-713e-4d62-b9c4-8a529a8bc28a/current/log_inprogress_0
2019-09-19 14:21:21,764 [5dfaa0ea-416a-422c-a75d-43311aceb00a:group-ECAA1E39D794:LeaderElection12] INFO  impl.RaftServerImpl (ServerState.java:setRaftConf(361)) - 5dfaa0ea-416a-422c-a75d-43311aceb00a:group-ECAA1E39D794 set configuration 0: [5dfaa0ea-416a-422c-a75d-43311aceb00a:192.168.157.226:45629], old=null at 0
2019-09-19 14:21:21,764 [5dfaa0ea-416a-422c-a75d-43311aceb00a:group-072F7F1083FE:LeaderElection16] INFO  segmented.SegmentedRaftLogWorker (SegmentedRaftLogWorker.java:startLogSegment(380)) - 5dfaa0ea-416a-422c-a75d-43311aceb00a-SegmentedRaftLogWorker:Storage Directory /workdir/hadoop-ozone/integration-test/target/test-dir/MiniOzoneClusterImpl-210d6028-2152-4683-81ff-347b0d29bb13/datanode-1/data/ratis/0eecc22d-d32a-411f-b230-072f7f1083fe: Starting segment from index:0
2019-09-19 14:21:22,055 [6403e584-2209-453b-b79e-eeb0a7b58516:group-8A38B38FD508:LeaderElection19] INFO  impl.RaftServerImpl (ServerState.java:setRaftConf(361)) - 6403e584-2209-453b-b79e-eeb0a7b58516:group-8A38B38FD508 set configuration 0: [6403e584-2209-453b-b79e-eeb0a7b58516:192.168.157.226:35833], old=null at 0
2019-09-19 14:21:22,055 [pool-27-thread-1] INFO  server.RaftServerConfigKeys (ConfUtils.java:logGet(43)) - raft.server.log.segment.cache.num.max = 2 (custom)
2019-09-19 14:21:22,054 [85c6a9f3-b9a5-43a5-ac4f-9aa7bd5f2263:group-36D981DB5337:LeaderElection31] INFO  impl.RaftServerImpl (ServerState.java:setRaftConf(361)) - 85c6a9f3-b9a5-43a5-ac4f-9aa7bd5f2263:group-36D981DB5337 set configuration 0: [85c6a9f3-b9a5-43a5-ac4f-9aa7bd5f2263:192.168.157.226:45170], old=null at 0
2019-09-19 14:21:22,054 [Thread-345] INFO  impl.RoleInfo (RoleInfo.java:shutdownFollowerState(121)) - 5dfaa0ea-416a-422c-a75d-43311aceb00a: shutdown FollowerState
2019-09-19 14:21:22,053 [Thread-348] INFO  impl.RaftServerImpl (RaftServerImpl.java:setRole(171)) - 85c6a9f3-b9a5-43a5-ac4f-9aa7bd5f2263:group-C018715A2608 changes role from FOLLOWER to CANDIDATE at term 0 for changeToCandidate
2019-09-19 14:21:22,025 [85c6a9f3-b9a5-43a5-ac4f-9aa7bd5f2263:group-7EA8DA0DB126:LeaderElection25] INFO  impl.RaftServerImpl (ServerState.java:setRaftConf(361)) - 85c6a9f3-b9a5-43a5-ac4f-9aa7bd5f2263:group-7EA8DA0DB126 set configuration 0: [85c6a9f3-b9a5-43a5-ac4f-9aa7bd5f2263:192.168.157.226:45170], old=null at 0
2019-09-19 14:21:22,025 [6403e584-2209-453b-b79e-eeb0a7b58516-SegmentedRaftLogWorker:Storage Directory /workdir/hadoop-ozone/integration-test/target/test-dir/MiniOzoneClusterImpl-210d6028-2152-4683-81ff-347b0d29bb13/datanode-3/data/ratis/3aa209b6-9634-498c-804f-49462d32d52f] INFO  segmented.SegmentedRaftLogWorker (SegmentedRaftLogWorker.java:execute(569)) - 6403e584-2209-453b-b79e-eeb0a7b58516-SegmentedRaftLogWorker:Storage Directory /workdir/hadoop-ozone/integration-test/target/test-dir/MiniOzoneClusterImpl-210d6028-2152-4683-81ff-347b0d29bb13/datanode-3/data/ratis/3aa209b6-9634-498c-804f-49462d32d52f: created new log segment /workdir/hadoop-ozone/integration-test/target/test-dir/MiniOzoneClusterImpl-210d6028-2152-4683-81ff-347b0d29bb13/datanode-3/data/ratis/3aa209b6-9634-498c-804f-49462d32d52f/current/log_inprogress_0
2019-09-19 14:21:22,025 [85c6a9f3-b9a5-43a5-ac4f-9aa7bd5f2263-SegmentedRaftLogWorker:Storage Directory /workdir/hadoop-ozone/integration-test/target/test-dir/MiniOzoneClusterImpl-210d6028-2152-4683-81ff-347b0d29bb13/datanode-0/data/ratis/f0996a2b-0fd4-4fb7-bb94-013f546b64fc] INFO  segmented.SegmentedRaftLogWorker (SegmentedRaftLogWorker.java:execute(569)) - 85c6a9f3-b9a5-43a5-ac4f-9aa7bd5f2263-SegmentedRaftLogWorker:Storage Directory /workdir/hadoop-ozone/integration-test/target/test-dir/MiniOzoneClusterImpl-210d6028-2152-4683-81ff-347b0d29bb13/datanode-0/data/ratis/f0996a2b-0fd4-4fb7-bb94-013f546b64fc: created new log segment /workdir/hadoop-ozone/integration-test/target/test-dir/MiniOzoneClusterImpl-210d6028-2152-4683-81ff-347b0d29bb13/datanode-0/data/ratis/f0996a2b-0fd4-4fb7-bb94-013f546b64fc/current/log_inprogress_0
2019-09-19 14:21:22,025 [6403e584-2209-453b-b79e-eeb0a7b58516-SegmentedRaftLogWorker:Storage Directory /workdir/hadoop-ozone/integration-test/target/test-dir/MiniOzoneClusterImpl-210d6028-2152-4683-81ff-347b0d29bb13/datanode-3/data/ratis/a846ba2f-4691-4ddb-aaf6-89d25254e3d5] INFO  segmented.SegmentedRaftLogWorker (SegmentedRaftLogWorker.java:execute(569)) - 6403e584-2209-453b-b79e-eeb0a7b58516-SegmentedRaftLogWorker:Storage Directory /workdir/hadoop-ozone/integration-test/target/test-dir/MiniOzoneClusterImpl-210d6028-2152-4683-81ff-347b0d29bb13/datanode-3/data/ratis/a846ba2f-4691-4ddb-aaf6-89d25254e3d5: created new log segment /workdir/hadoop-ozone/integration-test/target/test-dir/MiniOzoneClusterImpl-210d6028-2152-4683-81ff-347b0d29bb13/datanode-3/data/ratis/a846ba2f-4691-4ddb-aaf6-89d25254e3d5/current/log_inprogress_0
2019-09-19 14:21:22,012 [85c6a9f3-b9a5-43a5-ac4f-9aa7bd5f2263:group-013F546B64FC:LeaderElection20] INFO  impl.RaftServerImpl (ServerState.java:setRaftConf(361)) - 85c6a9f3-b9a5-43a5-ac4f-9aa7bd5f2263:group-013F546B64FC set configuration 0: [85c6a9f3-b9a5-43a5-ac4f-9aa7bd5f2263:192.168.157.226:45170], old=null at 0
2019-09-19 14:21:21,973 [6403e584-2209-453b-b79e-eeb0a7b58516:group-89D25254E3D5:LeaderElection27] INFO  impl.RaftServerImpl (ServerState.java:setRaftConf(361)) - 6403e584-2209-453b-b79e-eeb0a7b58516:group-89D25254E3D5 set configuration 0: [6403e584-2209-453b-b79e-eeb0a7b58516:192.168.157.226:35833], old=null at 0
2019-09-19 14:21:22,012 [85c6a9f3-b9a5-43a5-ac4f-9aa7bd5f2263-SegmentedRaftLogWorker:Storage Directory /workdir/hadoop-ozone/integration-test/target/test-dir/MiniOzoneClusterImpl-210d6028-2152-4683-81ff-347b0d29bb13/datanode-0/data/ratis/53da60aa-e1df-424b-8cc6-361887c206e7] INFO  segmented.SegmentedRaftLogWorker (SegmentedRaftLogWorker.java:execute(569)) - 85c6a9f3-b9a5-43a5-ac4f-9aa7bd5f2263-SegmentedRaftLogWorker:Storage Directory /workdir/hadoop-ozone/integration-test/target/test-dir/MiniOzoneClusterImpl-210d6028-2152-4683-81ff-347b0d29bb13/datanode-0/data/ratis/53da60aa-e1df-424b-8cc6-361887c206e7: created new log segment /workdir/hadoop-ozone/integration-test/target/test-dir/MiniOzoneClusterImpl-210d6028-2152-4683-81ff-347b0d29bb13/datanode-0/data/ratis/53da60aa-e1df-424b-8cc6-361887c206e7/current/log_inprogress_0
2019-09-19 14:21:22,012 [306a7a99-f2a5-4f40-b42b-2fc2def08a6a-SegmentedRaftLogWorker:Storage Directory /workdir/hadoop-ozone/integration-test/target/test-dir/MiniOzoneClusterImpl-210d6028-2152-4683-81ff-347b0d29bb13/datanode-2/data/ratis/66c5c202-3e21-46f0-a538-34e50141ddb4] INFO  segmented.SegmentedRaftLogWorker (SegmentedRaftLogWorker.java:execute(569)) - 306a7a99-f2a5-4f40-b42b-2fc2def08a6a-SegmentedRaftLogWorker:Storage Directory /workdir/hadoop-ozone/integration-test/target/test-dir/MiniOzoneClusterImpl-210d6028-2152-4683-81ff-347b0d29bb13/datanode-2/data/ratis/66c5c202-3e21-46f0-a538-34e50141ddb4: created new log segment /workdir/hadoop-ozone/integration-test/target/test-dir/MiniOzoneClusterImpl-210d6028-2152-4683-81ff-347b0d29bb13/datanode-2/data/ratis/66c5c202-3e21-46f0-a538-34e50141ddb4/current/log_inprogress_0
2019-09-19 14:21:21,973 [85c6a9f3-b9a5-43a5-ac4f-9aa7bd5f2263:group-A0B5FA60C713:LeaderElection22] INFO  segmented.SegmentedRaftLogWorker (SegmentedRaftLogWorker.java:startLogSegment(380)) - 85c6a9f3-b9a5-43a5-ac4f-9aa7bd5f2263-SegmentedRaftLogWorker:Storage Directory /workdir/hadoop-ozone/integration-test/target/test-dir/MiniOzoneClusterImpl-210d6028-2152-4683-81ff-347b0d29bb13/datanode-0/data/ratis/5b6c07a3-3314-444b-9b6e-a0b5fa60c713: Starting segment from index:0
2019-09-19 14:21:21,973 [6403e584-2209-453b-b79e-eeb0a7b58516:group-49462D32D52F:LeaderElection33] INFO  impl.RaftServerImpl (ServerState.java:setRaftConf(361)) - 6403e584-2209-453b-b79e-eeb0a7b58516:group-49462D32D52F set configuration 0: [6403e584-2209-453b-b79e-eeb0a7b58516:192.168.157.226:35833], old=null at 0
2019-09-19 14:21:21,971 [1190b9a7-12b1-4c15-b33e-f7d0a0cd436c:group-766EF938012F:LeaderElection23] INFO  segmented.SegmentedRaftLogWorker (SegmentedRaftLogWorker.java:startLogSegment(380)) - 1190b9a7-12b1-4c15-b33e-f7d0a0cd436c-SegmentedRaftLogWorker:Storage Directory /workdir/hadoop-ozone/integration-test/target/test-dir/MiniOzoneClusterImpl-210d6028-2152-4683-81ff-347b0d29bb13/datanode-4/data/ratis/57366e08-a2ba-4acb-ba0b-766ef938012f: Starting segment from index:0
2019-09-19 14:21:22,101 [85c6a9f3-b9a5-43a5-ac4f-9aa7bd5f2263:group-A0B5FA60C713:LeaderElection22] INFO  impl.RaftServerImpl (ServerState.java:setRaftConf(361)) - 85c6a9f3-b9a5-43a5-ac4f-9aa7bd5f2263:group-A0B5FA60C713 set configuration 0: [85c6a9f3-b9a5-43a5-ac4f-9aa7bd5f2263:192.168.157.226:45170], old=null at 0
2019-09-19 14:21:21,968 [Thread-354] INFO  impl.RaftServerImpl (RaftServerImpl.java:setRole(171)) - 6403e584-2209-453b-b79e-eeb0a7b58516:group-2B0D3DD5D692 changes role from FOLLOWER to CANDIDATE at term 0 for changeToCandidate
2019-09-19 14:21:21,964 [5dfaa0ea-416a-422c-a75d-43311aceb00a-SegmentedRaftLogWorker:Storage Directory /workdir/hadoop-ozone/integration-test/target/test-dir/MiniOzoneClusterImpl-210d6028-2152-4683-81ff-347b0d29bb13/datanode-1/data/ratis/a81f3be1-4267-44f4-83d7-f3a5c98c2d30] INFO  segmented.SegmentedRaftLogWorker (SegmentedRaftLogWorker.java:execute(569)) - 5dfaa0ea-416a-422c-a75d-43311aceb00a-SegmentedRaftLogWorker:Storage Directory /workdir/hadoop-ozone/integration-test/target/test-dir/MiniOzoneClusterImpl-210d6028-2152-4683-81ff-347b0d29bb13/datanode-1/data/ratis/a81f3be1-4267-44f4-83d7-f3a5c98c2d30: created new log segment /workdir/hadoop-ozone/integration-test/target/test-dir/MiniOzoneClusterImpl-210d6028-2152-4683-81ff-347b0d29bb13/datanode-1/data/ratis/a81f3be1-4267-44f4-83d7-f3a5c98c2d30/current/log_inprogress_0
2019-09-19 14:21:21,964 [85c6a9f3-b9a5-43a5-ac4f-9aa7bd5f2263-SegmentedRaftLogWorker:Storage Directory /workdir/hadoop-ozone/integration-test/target/test-dir/MiniOzoneClusterImpl-210d6028-2152-4683-81ff-347b0d29bb13/datanode-0/data/ratis/f96bd18a-5f7f-453b-bd23-98f0c74af458] INFO  segmented.SegmentedRaftLogWorker (SegmentedRaftLogWorker.java:execute(569)) - 85c6a9f3-b9a5-43a5-ac4f-9aa7bd5f2263-SegmentedRaftLogWorker:Storage Directory /workdir/hadoop-ozone/integration-test/target/test-dir/MiniOzoneClusterImpl-210d6028-2152-4683-81ff-347b0d29bb13/datanode-0/data/ratis/f96bd18a-5f7f-453b-bd23-98f0c74af458: created new log segment /workdir/hadoop-ozone/integration-test/target/test-dir/MiniOzoneClusterImpl-210d6028-2152-4683-81ff-347b0d29bb13/datanode-0/data/ratis/f96bd18a-5f7f-453b-bd23-98f0c74af458/current/log_inprogress_0
2019-09-19 14:21:21,964 [85c6a9f3-b9a5-43a5-ac4f-9aa7bd5f2263-SegmentedRaftLogWorker:Storage Directory /workdir/hadoop-ozone/integration-test/target/test-dir/MiniOzoneClusterImpl-210d6028-2152-4683-81ff-347b0d29bb13/datanode-0/data/ratis/8e00f4eb-673b-4bad-b7bb-e8dfda12c3c4] INFO  segmented.SegmentedRaftLogWorker (SegmentedRaftLogWorker.java:execute(569)) - 85c6a9f3-b9a5-43a5-ac4f-9aa7bd5f2263-SegmentedRaftLogWorker:Storage Directory /workdir/hadoop-ozone/integration-test/target/test-dir/MiniOzoneClusterImpl-210d6028-2152-4683-81ff-347b0d29bb13/datanode-0/data/ratis/8e00f4eb-673b-4bad-b7bb-e8dfda12c3c4: created new log segment /workdir/hadoop-ozone/integration-test/target/test-dir/MiniOzoneClusterImpl-210d6028-2152-4683-81ff-347b0d29bb13/datanode-0/data/ratis/8e00f4eb-673b-4bad-b7bb-e8dfda12c3c4/current/log_inprogress_0
2019-09-19 14:21:22,133 | INFO  | SCMAudit | user=jenkins1000 | ip=192.168.157.226 | op=SEND_HEARTBEAT {datanodeUUID=306a7a99-f2a5-4f40-b42b-2fc2def08a6a, command=[]} | ret=SUCCESS |  
2019-09-19 14:21:22,133 | INFO  | SCMAudit | user=jenkins1000 | ip=192.168.157.226 | op=SEND_HEARTBEAT {datanodeUUID=6403e584-2209-453b-b79e-eeb0a7b58516, command=[]} | ret=SUCCESS |  
2019-09-19 14:21:21,964 [Thread-357] INFO  impl.FollowerState (FollowerState.java:run(106)) - 85c6a9f3-b9a5-43a5-ac4f-9aa7bd5f2263:group-FE60C5AEF02A changes to CANDIDATE, lastRpcTime:5024, electionTimeout:5008ms
2019-09-19 14:21:22,133 [Thread-357] INFO  impl.RoleInfo (RoleInfo.java:shutdownFollowerState(121)) - 85c6a9f3-b9a5-43a5-ac4f-9aa7bd5f2263: shutdown FollowerState
2019-09-19 14:21:21,964 [6403e584-2209-453b-b79e-eeb0a7b58516-SegmentedRaftLogWorker:Storage Directory /workdir/hadoop-ozone/integration-test/target/test-dir/MiniOzoneClusterImpl-210d6028-2152-4683-81ff-347b0d29bb13/datanode-3/data/ratis/85682c49-a5c1-4404-acc1-a0f195b65cd7] INFO  segmented.SegmentedRaftLogWorker (SegmentedRaftLogWorker.java:execute(569)) - 6403e584-2209-453b-b79e-eeb0a7b58516-SegmentedRaftLogWorker:Storage Directory /workdir/hadoop-ozone/integration-test/target/test-dir/MiniOzoneClusterImpl-210d6028-2152-4683-81ff-347b0d29bb13/datanode-3/data/ratis/85682c49-a5c1-4404-acc1-a0f195b65cd7: created new log segment /workdir/hadoop-ozone/integration-test/target/test-dir/MiniOzoneClusterImpl-210d6028-2152-4683-81ff-347b0d29bb13/datanode-3/data/ratis/85682c49-a5c1-4404-acc1-a0f195b65cd7/current/log_inprogress_0
2019-09-19 14:21:21,964 [Thread-351] INFO  impl.FollowerState (FollowerState.java:run(106)) - 6403e584-2209-453b-b79e-eeb0a7b58516:group-5F0E8E22AAF0 changes to CANDIDATE, lastRpcTime:5139, electionTimeout:5117ms
2019-09-19 14:21:21,927 [6403e584-2209-453b-b79e-eeb0a7b58516:group-F02C244E9BDB:LeaderElection34] INFO  server.RaftServerConfigKeys (ConfUtils.java:logGet(43)) - raft.server.watch.element-limit = 65536 (default)
2019-09-19 14:21:22,133 [Thread-351] INFO  impl.RoleInfo (RoleInfo.java:shutdownFollowerState(121)) - 6403e584-2209-453b-b79e-eeb0a7b58516: shutdown FollowerState
2019-09-19 14:21:22,133 [Thread-357] INFO  impl.RaftServerImpl (RaftServerImpl.java:setRole(171)) - 85c6a9f3-b9a5-43a5-ac4f-9aa7bd5f2263:group-FE60C5AEF02A changes role from FOLLOWER to CANDIDATE at term 0 for changeToCandidate
2019-09-19 14:21:22,132 [Thread-354] INFO  impl.RoleInfo (RoleInfo.java:updateAndGet(143)) - 6403e584-2209-453b-b79e-eeb0a7b58516: start LeaderElection
2019-09-19 14:21:22,132 [1190b9a7-12b1-4c15-b33e-f7d0a0cd436c:group-766EF938012F:LeaderElection23] INFO  impl.RaftServerImpl (ServerState.java:setRaftConf(361)) - 1190b9a7-12b1-4c15-b33e-f7d0a0cd436c:group-766EF938012F set configuration 0: [1190b9a7-12b1-4c15-b33e-f7d0a0cd436c:192.168.157.226:34463], old=null at 0
2019-09-19 14:21:22,132 [85c6a9f3-b9a5-43a5-ac4f-9aa7bd5f2263-SegmentedRaftLogWorker:Storage Directory /workdir/hadoop-ozone/integration-test/target/test-dir/MiniOzoneClusterImpl-210d6028-2152-4683-81ff-347b0d29bb13/datanode-0/data/ratis/30539223-bdb9-42aa-a69d-36d981db5337] INFO  segmented.SegmentedRaftLogWorker (SegmentedRaftLogWorker.java:execute(569)) - 85c6a9f3-b9a5-43a5-ac4f-9aa7bd5f2263-SegmentedRaftLogWorker:Storage Directory /workdir/hadoop-ozone/integration-test/target/test-dir/MiniOzoneClusterImpl-210d6028-2152-4683-81ff-347b0d29bb13/datanode-0/data/ratis/30539223-bdb9-42aa-a69d-36d981db5337: created new log segment /workdir/hadoop-ozone/integration-test/target/test-dir/MiniOzoneClusterImpl-210d6028-2152-4683-81ff-347b0d29bb13/datanode-0/data/ratis/30539223-bdb9-42aa-a69d-36d981db5337/current/log_inprogress_0
2019-09-19 14:21:22,132 [5dfaa0ea-416a-422c-a75d-43311aceb00a-SegmentedRaftLogWorker:Storage Directory /workdir/hadoop-ozone/integration-test/target/test-dir/MiniOzoneClusterImpl-210d6028-2152-4683-81ff-347b0d29bb13/datanode-1/data/ratis/0eecc22d-d32a-411f-b230-072f7f1083fe] INFO  segmented.SegmentedRaftLogWorker (SegmentedRaftLogWorker.java:execute(569)) - 5dfaa0ea-416a-422c-a75d-43311aceb00a-SegmentedRaftLogWorker:Storage Directory /workdir/hadoop-ozone/integration-test/target/test-dir/MiniOzoneClusterImpl-210d6028-2152-4683-81ff-347b0d29bb13/datanode-1/data/ratis/0eecc22d-d32a-411f-b230-072f7f1083fe: created new log segment /workdir/hadoop-ozone/integration-test/target/test-dir/MiniOzoneClusterImpl-210d6028-2152-4683-81ff-347b0d29bb13/datanode-1/data/ratis/0eecc22d-d32a-411f-b230-072f7f1083fe/current/log_inprogress_0
2019-09-19 14:21:22,132 [6403e584-2209-453b-b79e-eeb0a7b58516-SegmentedRaftLogWorker:Storage Directory /workdir/hadoop-ozone/integration-test/target/test-dir/MiniOzoneClusterImpl-210d6028-2152-4683-81ff-347b0d29bb13/datanode-3/data/ratis/25d0608f-0361-4188-b780-8a38b38fd508] INFO  segmented.SegmentedRaftLogWorker (SegmentedRaftLogWorker.java:execute(569)) - 6403e584-2209-453b-b79e-eeb0a7b58516-SegmentedRaftLogWorker:Storage Directory /workdir/hadoop-ozone/integration-test/target/test-dir/MiniOzoneClusterImpl-210d6028-2152-4683-81ff-347b0d29bb13/datanode-3/data/ratis/25d0608f-0361-4188-b780-8a38b38fd508: created new log segment /workdir/hadoop-ozone/integration-test/target/test-dir/MiniOzoneClusterImpl-210d6028-2152-4683-81ff-347b0d29bb13/datanode-3/data/ratis/25d0608f-0361-4188-b780-8a38b38fd508/current/log_inprogress_0
2019-09-19 14:21:22,131 [Thread-360] INFO  impl.FollowerState (FollowerState.java:run(106)) - 1190b9a7-12b1-4c15-b33e-f7d0a0cd436c:group-FFEFC80D3AAD changes to CANDIDATE, lastRpcTime:5116, electionTimeout:5095ms
2019-09-19 14:21:22,091 [Thread-348] INFO  impl.RoleInfo (RoleInfo.java:updateAndGet(143)) - 85c6a9f3-b9a5-43a5-ac4f-9aa7bd5f2263: start LeaderElection
2019-09-19 14:21:22,090 [Thread-345] INFO  impl.RaftServerImpl (RaftServerImpl.java:setRole(171)) - 5dfaa0ea-416a-422c-a75d-43311aceb00a:group-42F1B0B7D7E0 changes role from FOLLOWER to CANDIDATE at term 0 for changeToCandidate
2019-09-19 14:21:22,090 [85c6a9f3-b9a5-43a5-ac4f-9aa7bd5f2263-SegmentedRaftLogWorker:Storage Directory /workdir/hadoop-ozone/integration-test/target/test-dir/MiniOzoneClusterImpl-210d6028-2152-4683-81ff-347b0d29bb13/datanode-0/data/ratis/eaccf3dd-2cd4-4446-971b-7ea8da0db126] INFO  segmented.SegmentedRaftLogWorker (SegmentedRaftLogWorker.java:execute(569)) - 85c6a9f3-b9a5-43a5-ac4f-9aa7bd5f2263-SegmentedRaftLogWorker:Storage Directory /workdir/hadoop-ozone/integration-test/target/test-dir/MiniOzoneClusterImpl-210d6028-2152-4683-81ff-347b0d29bb13/datanode-0/data/ratis/eaccf3dd-2cd4-4446-971b-7ea8da0db126: created new log segment /workdir/hadoop-ozone/integration-test/target/test-dir/MiniOzoneClusterImpl-210d6028-2152-4683-81ff-347b0d29bb13/datanode-0/data/ratis/eaccf3dd-2cd4-4446-971b-7ea8da0db126/current/log_inprogress_0
2019-09-19 14:21:22,056 [pool-27-thread-1] INFO  segmented.SegmentedRaftLogWorker (SegmentedRaftLogWorker.java:<init>(172)) - new 85c6a9f3-b9a5-43a5-ac4f-9aa7bd5f2263-SegmentedRaftLogWorker:Storage Directory /workdir/hadoop-ozone/integration-test/target/test-dir/MiniOzoneClusterImpl-210d6028-2152-4683-81ff-347b0d29bb13/datanode-0/data/ratis/26dce885-032b-45a0-b90e-7b227c9559a3 for RaftStorage:Storage Directory /workdir/hadoop-ozone/integration-test/target/test-dir/MiniOzoneClusterImpl-210d6028-2152-4683-81ff-347b0d29bb13/datanode-0/data/ratis/26dce885-032b-45a0-b90e-7b227c9559a3
2019-09-19 14:21:22,056 [5dfaa0ea-416a-422c-a75d-43311aceb00a:group-072F7F1083FE:LeaderElection16] INFO  impl.RaftServerImpl (ServerState.java:setRaftConf(361)) - 5dfaa0ea-416a-422c-a75d-43311aceb00a:group-072F7F1083FE set configuration 0: [5dfaa0ea-416a-422c-a75d-43311aceb00a:192.168.157.226:45629], old=null at 0
2019-09-19 14:21:22,174 [pool-27-thread-1] INFO  server.RaftServerConfigKeys (ConfUtils.java:logGet(43)) - raft.server.log.queue.byte-limit = 2147483647 (custom)
2019-09-19 14:21:22,174 [pool-27-thread-1] INFO  server.RaftServerConfigKeys (ConfUtils.java:logGet(43)) - raft.server.log.queue.element-limit = 1024 (custom)
2019-09-19 14:21:22,171 [Thread-345] INFO  impl.RoleInfo (RoleInfo.java:updateAndGet(143)) - 5dfaa0ea-416a-422c-a75d-43311aceb00a: start LeaderElection
2019-09-19 14:21:22,171 [Thread-360] INFO  impl.RoleInfo (RoleInfo.java:shutdownFollowerState(121)) - 1190b9a7-12b1-4c15-b33e-f7d0a0cd436c: shutdown FollowerState
2019-09-19 14:21:22,168 [85c6a9f3-b9a5-43a5-ac4f-9aa7bd5f2263-SegmentedRaftLogWorker:Storage Directory /workdir/hadoop-ozone/integration-test/target/test-dir/MiniOzoneClusterImpl-210d6028-2152-4683-81ff-347b0d29bb13/datanode-0/data/ratis/5b6c07a3-3314-444b-9b6e-a0b5fa60c713] INFO  segmented.SegmentedRaftLogWorker (SegmentedRaftLogWorker.java:execute(569)) - 85c6a9f3-b9a5-43a5-ac4f-9aa7bd5f2263-SegmentedRaftLogWorker:Storage Directory /workdir/hadoop-ozone/integration-test/target/test-dir/MiniOzoneClusterImpl-210d6028-2152-4683-81ff-347b0d29bb13/datanode-0/data/ratis/5b6c07a3-3314-444b-9b6e-a0b5fa60c713: created new log segment /workdir/hadoop-ozone/integration-test/target/test-dir/MiniOzoneClusterImpl-210d6028-2152-4683-81ff-347b0d29bb13/datanode-0/data/ratis/5b6c07a3-3314-444b-9b6e-a0b5fa60c713/current/log_inprogress_0
2019-09-19 14:21:22,134 [Thread-357] INFO  impl.RoleInfo (RoleInfo.java:updateAndGet(143)) - 85c6a9f3-b9a5-43a5-ac4f-9aa7bd5f2263: start LeaderElection
2019-09-19 14:21:22,133 [6403e584-2209-453b-b79e-eeb0a7b58516:group-F02C244E9BDB:LeaderElection34] INFO  impl.RoleInfo (RoleInfo.java:updateAndGet(143)) - 6403e584-2209-453b-b79e-eeb0a7b58516: start LeaderState
2019-09-19 14:21:22,133 [Thread-351] INFO  impl.RaftServerImpl (RaftServerImpl.java:setRole(171)) - 6403e584-2209-453b-b79e-eeb0a7b58516:group-5F0E8E22AAF0 changes role from FOLLOWER to CANDIDATE at term 0 for changeToCandidate
2019-09-19 14:21:22,175 [Thread-360] INFO  impl.RaftServerImpl (RaftServerImpl.java:setRole(171)) - 1190b9a7-12b1-4c15-b33e-f7d0a0cd436c:group-FFEFC80D3AAD changes role from FOLLOWER to CANDIDATE at term 0 for changeToCandidate
2019-09-19 14:21:22,175 [pool-27-thread-1] INFO  server.RaftServerConfigKeys (ConfUtils.java:logGet(43)) - raft.server.log.segment.size.max = 1048576 (custom)
2019-09-19 14:21:22,180 [Thread-360] INFO  impl.RoleInfo (RoleInfo.java:updateAndGet(143)) - 1190b9a7-12b1-4c15-b33e-f7d0a0cd436c: start LeaderElection
2019-09-19 14:21:22,180 [6403e584-2209-453b-b79e-eeb0a7b58516:group-F02C244E9BDB:LeaderElection34] INFO  segmented.SegmentedRaftLogWorker (SegmentedRaftLogWorker.java:startLogSegment(380)) - 6403e584-2209-453b-b79e-eeb0a7b58516-SegmentedRaftLogWorker:Storage Directory /workdir/hadoop-ozone/integration-test/target/test-dir/MiniOzoneClusterImpl-210d6028-2152-4683-81ff-347b0d29bb13/datanode-3/data/ratis/84446815-a876-4482-b976-f02c244e9bdb: Starting segment from index:0
2019-09-19 14:21:22,180 [Thread-351] INFO  impl.RoleInfo (RoleInfo.java:updateAndGet(143)) - 6403e584-2209-453b-b79e-eeb0a7b58516: start LeaderElection
2019-09-19 14:21:22,180 [pool-27-thread-1] INFO  server.RaftServerConfigKeys (ConfUtils.java:logGet(43)) - raft.server.log.preallocated.size = 16384 (custom)
2019-09-19 14:21:22,189 [pool-27-thread-1] INFO  server.RaftServerConfigKeys (ConfUtils.java:logGet(43)) - raft.server.log.write.buffer.size = 33554432 (custom)
2019-09-19 14:21:22,189 [6403e584-2209-453b-b79e-eeb0a7b58516:group-F02C244E9BDB:LeaderElection34] INFO  impl.RaftServerImpl (ServerState.java:setRaftConf(361)) - 6403e584-2209-453b-b79e-eeb0a7b58516:group-F02C244E9BDB set configuration 0: [6403e584-2209-453b-b79e-eeb0a7b58516:192.168.157.226:35833], old=null at 0
2019-09-19 14:21:22,189 [pool-27-thread-1] INFO  server.RaftServerConfigKeys (ConfUtils.java:logGet(43)) - raft.server.log.force.sync.num = 128 (default)
2019-09-19 14:21:22,191 [pool-27-thread-1] INFO  server.RaftServerConfigKeys (ConfUtils.java:logGet(43)) - raft.server.log.statemachine.data.sync = true (default)
2019-09-19 14:21:22,191 [pool-27-thread-1] INFO  server.RaftServerConfigKeys (ConfUtils.java:logGet(43)) - raft.server.log.statemachine.data.sync.timeout = 10s (default)
2019-09-19 14:21:22,191 [pool-27-thread-1] INFO  server.RaftServerConfigKeys (ConfUtils.java:logGet(43)) - raft.server.log.statemachine.data.sync.timeout.retry = -1 (default)
2019-09-19 14:21:22,192 [pool-27-thread-1] INFO  server.RaftServerConfigKeys (ConfUtils.java:logGet(43)) - raft.server.log.statemachine.data.caching.enabled = true (custom)
2019-09-19 14:21:22,192 [pool-27-thread-1] INFO  segmented.SegmentedRaftLogWorker (SegmentedRaftLogWorker.java:lambda$new$0(132)) - 85c6a9f3-b9a5-43a5-ac4f-9aa7bd5f2263-SegmentedRaftLogWorker:Storage Directory /workdir/hadoop-ozone/integration-test/target/test-dir/MiniOzoneClusterImpl-210d6028-2152-4683-81ff-347b0d29bb13/datanode-0/data/ratis/26dce885-032b-45a0-b90e-7b227c9559a3: flushIndex: setUnconditionally 0 -> -1
2019-09-19 14:21:22,192 [pool-27-thread-1] INFO  server.RaftServerConfigKeys (ConfUtils.java:logGet(43)) - raft.server.snapshot.auto.trigger.enabled = true (custom)
2019-09-19 14:21:22,192 [pool-27-thread-1] INFO  server.RaftServerConfigKeys (ConfUtils.java:logGet(43)) - raft.server.snapshot.auto.trigger.threshold = 10000 (custom)
2019-09-19 14:21:22,192 [pool-27-thread-1] INFO  server.RaftServerConfigKeys (ConfUtils.java:logGet(43)) - raft.server.retrycache.expirytime = 600000ms (custom)
2019-09-19 14:21:22,193 [1190b9a7-12b1-4c15-b33e-f7d0a0cd436c-SegmentedRaftLogWorker:Storage Directory /workdir/hadoop-ozone/integration-test/target/test-dir/MiniOzoneClusterImpl-210d6028-2152-4683-81ff-347b0d29bb13/datanode-4/data/ratis/57366e08-a2ba-4acb-ba0b-766ef938012f] INFO  segmented.SegmentedRaftLogWorker (SegmentedRaftLogWorker.java:execute(569)) - 1190b9a7-12b1-4c15-b33e-f7d0a0cd436c-SegmentedRaftLogWorker:Storage Directory /workdir/hadoop-ozone/integration-test/target/test-dir/MiniOzoneClusterImpl-210d6028-2152-4683-81ff-347b0d29bb13/datanode-4/data/ratis/57366e08-a2ba-4acb-ba0b-766ef938012f: created new log segment /workdir/hadoop-ozone/integration-test/target/test-dir/MiniOzoneClusterImpl-210d6028-2152-4683-81ff-347b0d29bb13/datanode-4/data/ratis/57366e08-a2ba-4acb-ba0b-766ef938012f/current/log_inprogress_0
2019-09-19 14:21:22,193 [6403e584-2209-453b-b79e-eeb0a7b58516:group-2B0D3DD5D692:LeaderElection36] INFO  impl.LeaderElection (LeaderElection.java:askForVotes(181)) - 6403e584-2209-453b-b79e-eeb0a7b58516:group-2B0D3DD5D692:LeaderElection36: begin an election at term 1 for -1: [6403e584-2209-453b-b79e-eeb0a7b58516:192.168.157.226:35833], old=null
2019-09-19 14:21:22,193 [85c6a9f3-b9a5-43a5-ac4f-9aa7bd5f2263:group-C018715A2608:LeaderElection35] INFO  impl.LeaderElection (LeaderElection.java:askForVotes(181)) - 85c6a9f3-b9a5-43a5-ac4f-9aa7bd5f2263:group-C018715A2608:LeaderElection35: begin an election at term 1 for -1: [85c6a9f3-b9a5-43a5-ac4f-9aa7bd5f2263:192.168.157.226:45170], old=null
2019-09-19 14:21:22,193 [pool-27-thread-1] INFO  impl.RaftServerImpl (RaftServerImpl.java:start(180)) - 85c6a9f3-b9a5-43a5-ac4f-9aa7bd5f2263: start group-7B227C9559A3
2019-09-19 14:21:22,193 [85c6a9f3-b9a5-43a5-ac4f-9aa7bd5f2263:group-C018715A2608:LeaderElection35] INFO  impl.RoleInfo (RoleInfo.java:shutdownLeaderElection(134)) - 85c6a9f3-b9a5-43a5-ac4f-9aa7bd5f2263: shutdown LeaderElection
2019-09-19 14:21:22,193 [6403e584-2209-453b-b79e-eeb0a7b58516:group-2B0D3DD5D692:LeaderElection36] INFO  impl.RoleInfo (RoleInfo.java:shutdownLeaderElection(134)) - 6403e584-2209-453b-b79e-eeb0a7b58516: shutdown LeaderElection
2019-09-19 14:21:22,193 [85c6a9f3-b9a5-43a5-ac4f-9aa7bd5f2263:group-C018715A2608:LeaderElection35] INFO  impl.RaftServerImpl (RaftServerImpl.java:setRole(171)) - 85c6a9f3-b9a5-43a5-ac4f-9aa7bd5f2263:group-C018715A2608 changes role from CANDIDATE to LEADER at term 1 for changeToLeader
2019-09-19 14:21:22,193 [pool-27-thread-1] INFO  impl.RaftServerImpl (RaftServerImpl.java:setRole(171)) - 85c6a9f3-b9a5-43a5-ac4f-9aa7bd5f2263:group-7B227C9559A3 changes role from null to FOLLOWER at term 0 for startAsFollower
2019-09-19 14:21:22,193 [85c6a9f3-b9a5-43a5-ac4f-9aa7bd5f2263:group-C018715A2608:LeaderElection35] INFO  impl.RaftServerImpl (ServerState.java:setLeader(263)) - 85c6a9f3-b9a5-43a5-ac4f-9aa7bd5f2263:group-C018715A2608 change Leader from null to 85c6a9f3-b9a5-43a5-ac4f-9aa7bd5f2263 at term 1 for becomeLeader, leader elected after 5440ms
2019-09-19 14:21:22,193 [6403e584-2209-453b-b79e-eeb0a7b58516:group-2B0D3DD5D692:LeaderElection36] INFO  impl.RaftServerImpl (RaftServerImpl.java:setRole(171)) - 6403e584-2209-453b-b79e-eeb0a7b58516:group-2B0D3DD5D692 changes role from CANDIDATE to LEADER at term 1 for changeToLeader
2019-09-19 14:21:22,194 [85c6a9f3-b9a5-43a5-ac4f-9aa7bd5f2263:group-C018715A2608:LeaderElection35] INFO  server.RaftServerConfigKeys (ConfUtils.java:logGet(43)) - raft.server.staging.catchup.gap = 1000 (default)
2019-09-19 14:21:22,193 [pool-27-thread-1] INFO  impl.RoleInfo (RoleInfo.java:updateAndGet(143)) - 85c6a9f3-b9a5-43a5-ac4f-9aa7bd5f2263: start FollowerState
2019-09-19 14:21:22,194 [85c6a9f3-b9a5-43a5-ac4f-9aa7bd5f2263:group-C018715A2608:LeaderElection35] INFO  server.RaftServerConfigKeys (ConfUtils.java:logGet(43)) - raft.server.rpc.sleep.time = 25ms (default)
2019-09-19 14:21:22,194 [6403e584-2209-453b-b79e-eeb0a7b58516:group-2B0D3DD5D692:LeaderElection36] INFO  impl.RaftServerImpl (ServerState.java:setLeader(263)) - 6403e584-2209-453b-b79e-eeb0a7b58516:group-2B0D3DD5D692 change Leader from null to 6403e584-2209-453b-b79e-eeb0a7b58516 at term 1 for becomeLeader, leader elected after 5321ms
2019-09-19 14:21:22,194 [85c6a9f3-b9a5-43a5-ac4f-9aa7bd5f2263:group-C018715A2608:LeaderElection35] INFO  server.RaftServerConfigKeys (ConfUtils.java:logGet(43)) - raft.server.write.element-limit = 4096 (default)
2019-09-19 14:21:22,194 [6403e584-2209-453b-b79e-eeb0a7b58516:group-2B0D3DD5D692:LeaderElection36] INFO  server.RaftServerConfigKeys (ConfUtils.java:logGet(43)) - raft.server.staging.catchup.gap = 1000 (default)
2019-09-19 14:21:22,194 [pool-27-thread-1] INFO  util.JmxRegister (JmxRegister.java:tryRegister(44)) - Successfully registered JMX Bean with object name Ratis:service=RaftServer,group=group-7B227C9559A3,id=85c6a9f3-b9a5-43a5-ac4f-9aa7bd5f2263
2019-09-19 14:21:22,194 [6403e584-2209-453b-b79e-eeb0a7b58516:group-2B0D3DD5D692:LeaderElection36] INFO  server.RaftServerConfigKeys (ConfUtils.java:logGet(43)) - raft.server.rpc.sleep.time = 25ms (default)
2019-09-19 14:21:22,194 [85c6a9f3-b9a5-43a5-ac4f-9aa7bd5f2263:group-C018715A2608:LeaderElection35] INFO  server.RaftServerConfigKeys (ConfUtils.java:logGet(43)) - raft.server.watch.timeout = 10s (default)
2019-09-19 14:21:22,195 [6403e584-2209-453b-b79e-eeb0a7b58516:group-2B0D3DD5D692:LeaderElection36] INFO  server.RaftServerConfigKeys (ConfUtils.java:logGet(43)) - raft.server.write.element-limit = 4096 (default)
2019-09-19 14:21:22,195 [85c6a9f3-b9a5-43a5-ac4f-9aa7bd5f2263:group-C018715A2608:LeaderElection35] INFO  server.RaftServerConfigKeys (ConfUtils.java:logGet(43)) - raft.server.watch.timeout.denomination = 1s (default)
2019-09-19 14:21:22,195 [6403e584-2209-453b-b79e-eeb0a7b58516:group-2B0D3DD5D692:LeaderElection36] INFO  server.RaftServerConfigKeys (ConfUtils.java:logGet(43)) - raft.server.watch.timeout = 10s (default)
2019-09-19 14:21:22,195 [85c6a9f3-b9a5-43a5-ac4f-9aa7bd5f2263:group-C018715A2608:LeaderElection35] INFO  server.RaftServerConfigKeys (ConfUtils.java:logGet(43)) - raft.server.watch.element-limit = 65536 (default)
2019-09-19 14:21:22,195 [6403e584-2209-453b-b79e-eeb0a7b58516:group-2B0D3DD5D692:LeaderElection36] INFO  server.RaftServerConfigKeys (ConfUtils.java:logGet(43)) - raft.server.watch.timeout.denomination = 1s (default)
2019-09-19 14:21:22,195 [85c6a9f3-b9a5-43a5-ac4f-9aa7bd5f2263:group-C018715A2608:LeaderElection35] INFO  impl.RoleInfo (RoleInfo.java:updateAndGet(143)) - 85c6a9f3-b9a5-43a5-ac4f-9aa7bd5f2263: start LeaderState
2019-09-19 14:21:22,196 [6403e584-2209-453b-b79e-eeb0a7b58516:group-2B0D3DD5D692:LeaderElection36] INFO  server.RaftServerConfigKeys (ConfUtils.java:logGet(43)) - raft.server.watch.element-limit = 65536 (default)
2019-09-19 14:21:22,196 [85c6a9f3-b9a5-43a5-ac4f-9aa7bd5f2263:group-C018715A2608:LeaderElection35] INFO  segmented.SegmentedRaftLogWorker (SegmentedRaftLogWorker.java:startLogSegment(380)) - 85c6a9f3-b9a5-43a5-ac4f-9aa7bd5f2263-SegmentedRaftLogWorker:Storage Directory /workdir/hadoop-ozone/integration-test/target/test-dir/MiniOzoneClusterImpl-210d6028-2152-4683-81ff-347b0d29bb13/datanode-0/data/ratis/07846821-8c4b-412f-bc52-c018715a2608: Starting segment from index:0
2019-09-19 14:21:22,196 [6403e584-2209-453b-b79e-eeb0a7b58516:group-2B0D3DD5D692:LeaderElection36] INFO  impl.RoleInfo (RoleInfo.java:updateAndGet(143)) - 6403e584-2209-453b-b79e-eeb0a7b58516: start LeaderState
2019-09-19 14:21:22,196 [1190b9a7-12b1-4c15-b33e-f7d0a0cd436c:group-FFEFC80D3AAD:LeaderElection40] INFO  impl.LeaderElection (LeaderElection.java:askForVotes(181)) - 1190b9a7-12b1-4c15-b33e-f7d0a0cd436c:group-FFEFC80D3AAD:LeaderElection40: begin an election at term 1 for -1: [1190b9a7-12b1-4c15-b33e-f7d0a0cd436c:192.168.157.226:34463], old=null
2019-09-19 14:21:22,196 [6403e584-2209-453b-b79e-eeb0a7b58516:group-2B0D3DD5D692:LeaderElection36] INFO  segmented.SegmentedRaftLogWorker (SegmentedRaftLogWorker.java:startLogSegment(380)) - 6403e584-2209-453b-b79e-eeb0a7b58516-SegmentedRaftLogWorker:Storage Directory /workdir/hadoop-ozone/integration-test/target/test-dir/MiniOzoneClusterImpl-210d6028-2152-4683-81ff-347b0d29bb13/datanode-3/data/ratis/a25dfc21-d1da-4c3e-a6cb-2b0d3dd5d692: Starting segment from index:0
2019-09-19 14:21:22,196 [85c6a9f3-b9a5-43a5-ac4f-9aa7bd5f2263:group-FE60C5AEF02A:LeaderElection37] INFO  impl.LeaderElection (LeaderElection.java:askForVotes(181)) - 85c6a9f3-b9a5-43a5-ac4f-9aa7bd5f2263:group-FE60C5AEF02A:LeaderElection37: begin an election at term 1 for -1: [85c6a9f3-b9a5-43a5-ac4f-9aa7bd5f2263:192.168.157.226:45170], old=null
2019-09-19 14:21:22,196 [5dfaa0ea-416a-422c-a75d-43311aceb00a:group-42F1B0B7D7E0:LeaderElection38] INFO  impl.LeaderElection (LeaderElection.java:askForVotes(181)) - 5dfaa0ea-416a-422c-a75d-43311aceb00a:group-42F1B0B7D7E0:LeaderElection38: begin an election at term 1 for -1: [5dfaa0ea-416a-422c-a75d-43311aceb00a:192.168.157.226:45629], old=null
2019-09-19 14:21:22,196 [6403e584-2209-453b-b79e-eeb0a7b58516:group-5F0E8E22AAF0:LeaderElection39] INFO  impl.LeaderElection (LeaderElection.java:askForVotes(181)) - 6403e584-2209-453b-b79e-eeb0a7b58516:group-5F0E8E22AAF0:LeaderElection39: begin an election at term 1 for -1: [6403e584-2209-453b-b79e-eeb0a7b58516:192.168.157.226:35833], old=null
2019-09-19 14:21:22,197 [6403e584-2209-453b-b79e-eeb0a7b58516:group-2B0D3DD5D692:LeaderElection36] INFO  impl.RaftServerImpl (ServerState.java:setRaftConf(361)) - 6403e584-2209-453b-b79e-eeb0a7b58516:group-2B0D3DD5D692 set configuration 0: [6403e584-2209-453b-b79e-eeb0a7b58516:192.168.157.226:35833], old=null at 0
2019-09-19 14:21:22,197 [5dfaa0ea-416a-422c-a75d-43311aceb00a:group-42F1B0B7D7E0:LeaderElection38] INFO  impl.RoleInfo (RoleInfo.java:shutdownLeaderElection(134)) - 5dfaa0ea-416a-422c-a75d-43311aceb00a: shutdown LeaderElection
2019-09-19 14:21:22,197 [85c6a9f3-b9a5-43a5-ac4f-9aa7bd5f2263:group-FE60C5AEF02A:LeaderElection37] INFO  impl.RoleInfo (RoleInfo.java:shutdownLeaderElection(134)) - 85c6a9f3-b9a5-43a5-ac4f-9aa7bd5f2263: shutdown LeaderElection
2019-09-19 14:21:22,196 [85c6a9f3-b9a5-43a5-ac4f-9aa7bd5f2263:group-C018715A2608:LeaderElection35] INFO  impl.RaftServerImpl (ServerState.java:setRaftConf(361)) - 85c6a9f3-b9a5-43a5-ac4f-9aa7bd5f2263:group-C018715A2608 set configuration 0: [85c6a9f3-b9a5-43a5-ac4f-9aa7bd5f2263:192.168.157.226:45170], old=null at 0
2019-09-19 14:21:22,196 [1190b9a7-12b1-4c15-b33e-f7d0a0cd436c:group-FFEFC80D3AAD:LeaderElection40] INFO  impl.RoleInfo (RoleInfo.java:shutdownLeaderElection(134)) - 1190b9a7-12b1-4c15-b33e-f7d0a0cd436c: shutdown LeaderElection
2019-09-19 14:21:22,239 [85c6a9f3-b9a5-43a5-ac4f-9aa7bd5f2263:group-FE60C5AEF02A:LeaderElection37] INFO  impl.RaftServerImpl (RaftServerImpl.java:setRole(171)) - 85c6a9f3-b9a5-43a5-ac4f-9aa7bd5f2263:group-FE60C5AEF02A changes role from CANDIDATE to LEADER at term 1 for changeToLeader
2019-09-19 14:21:22,197 [RatisPipelineUtilsThread] INFO  pipeline.PipelineStateManager (PipelineStateManager.java:addPipeline(56)) - Created pipeline Pipeline[ Id: 26dce885-032b-45a0-b90e-7b227c9559a3, Nodes: 85c6a9f3-b9a5-43a5-ac4f-9aa7bd5f2263{ip: 192.168.157.226, host: pr-hdds-1569-swxfz-3172132826, networkLocation: /default-rack, certSerialId: null}, Type:RATIS, Factor:ONE, State:OPEN]
2019-09-19 14:21:22,239 [Thread-369] INFO  impl.FollowerState (FollowerState.java:run(106)) - 306a7a99-f2a5-4f40-b42b-2fc2def08a6a:group-483C26E2C33D changes to CANDIDATE, lastRpcTime:5071, electionTimeout:5036ms
2019-09-19 14:21:22,197 [5dfaa0ea-416a-422c-a75d-43311aceb00a:group-42F1B0B7D7E0:LeaderElection38] INFO  impl.RaftServerImpl (RaftServerImpl.java:setRole(171)) - 5dfaa0ea-416a-422c-a75d-43311aceb00a:group-42F1B0B7D7E0 changes role from CANDIDATE to LEADER at term 1 for changeToLeader
2019-09-19 14:21:22,197 [6403e584-2209-453b-b79e-eeb0a7b58516:group-5F0E8E22AAF0:LeaderElection39] INFO  impl.RoleInfo (RoleInfo.java:shutdownLeaderElection(134)) - 6403e584-2209-453b-b79e-eeb0a7b58516: shutdown LeaderElection
2019-09-19 14:21:22,242 [5dfaa0ea-416a-422c-a75d-43311aceb00a:group-42F1B0B7D7E0:LeaderElection38] INFO  impl.RaftServerImpl (ServerState.java:setLeader(263)) - 5dfaa0ea-416a-422c-a75d-43311aceb00a:group-42F1B0B7D7E0 change Leader from null to 5dfaa0ea-416a-422c-a75d-43311aceb00a at term 1 for becomeLeader, leader elected after 5540ms
2019-09-19 14:21:22,242 [Thread-369] INFO  impl.RoleInfo (RoleInfo.java:shutdownFollowerState(121)) - 306a7a99-f2a5-4f40-b42b-2fc2def08a6a: shutdown FollowerState
2019-09-19 14:21:22,242 [85c6a9f3-b9a5-43a5-ac4f-9aa7bd5f2263:group-FE60C5AEF02A:LeaderElection37] INFO  impl.RaftServerImpl (ServerState.java:setLeader(263)) - 85c6a9f3-b9a5-43a5-ac4f-9aa7bd5f2263:group-FE60C5AEF02A change Leader from null to 85c6a9f3-b9a5-43a5-ac4f-9aa7bd5f2263 at term 1 for becomeLeader, leader elected after 5307ms
2019-09-19 14:21:22,241 [1190b9a7-12b1-4c15-b33e-f7d0a0cd436c:group-FFEFC80D3AAD:LeaderElection40] INFO  impl.RaftServerImpl (RaftServerImpl.java:setRole(171)) - 1190b9a7-12b1-4c15-b33e-f7d0a0cd436c:group-FFEFC80D3AAD changes role from CANDIDATE to LEADER at term 1 for changeToLeader
2019-09-19 14:21:22,243 [85c6a9f3-b9a5-43a5-ac4f-9aa7bd5f2263:group-FE60C5AEF02A:LeaderElection37] INFO  server.RaftServerConfigKeys (ConfUtils.java:logGet(43)) - raft.server.staging.catchup.gap = 1000 (default)
2019-09-19 14:21:22,243 [Thread-369] INFO  impl.RaftServerImpl (RaftServerImpl.java:setRole(171)) - 306a7a99-f2a5-4f40-b42b-2fc2def08a6a:group-483C26E2C33D changes role from FOLLOWER to CANDIDATE at term 0 for changeToCandidate
2019-09-19 14:21:22,243 [5dfaa0ea-416a-422c-a75d-43311aceb00a:group-42F1B0B7D7E0:LeaderElection38] INFO  server.RaftServerConfigKeys (ConfUtils.java:logGet(43)) - raft.server.staging.catchup.gap = 1000 (default)
2019-09-19 14:21:22,243 [5dfaa0ea-416a-422c-a75d-43311aceb00a:group-42F1B0B7D7E0:LeaderElection38] INFO  server.RaftServerConfigKeys (ConfUtils.java:logGet(43)) - raft.server.rpc.sleep.time = 25ms (default)
2019-09-19 14:21:22,242 [6403e584-2209-453b-b79e-eeb0a7b58516:group-5F0E8E22AAF0:LeaderElection39] INFO  impl.RaftServerImpl (RaftServerImpl.java:setRole(171)) - 6403e584-2209-453b-b79e-eeb0a7b58516:group-5F0E8E22AAF0 changes role from CANDIDATE to LEADER at term 1 for changeToLeader
2019-09-19 14:21:22,244 [5dfaa0ea-416a-422c-a75d-43311aceb00a:group-42F1B0B7D7E0:LeaderElection38] INFO  server.RaftServerConfigKeys (ConfUtils.java:logGet(43)) - raft.server.write.element-limit = 4096 (default)
2019-09-19 14:21:22,243 [Thread-369] INFO  impl.RoleInfo (RoleInfo.java:updateAndGet(143)) - 306a7a99-f2a5-4f40-b42b-2fc2def08a6a: start LeaderElection
2019-09-19 14:21:22,243 [85c6a9f3-b9a5-43a5-ac4f-9aa7bd5f2263:group-FE60C5AEF02A:LeaderElection37] INFO  server.RaftServerConfigKeys (ConfUtils.java:logGet(43)) - raft.server.rpc.sleep.time = 25ms (default)
2019-09-19 14:21:22,243 [1190b9a7-12b1-4c15-b33e-f7d0a0cd436c:group-FFEFC80D3AAD:LeaderElection40] INFO  impl.RaftServerImpl (ServerState.java:setLeader(263)) - 1190b9a7-12b1-4c15-b33e-f7d0a0cd436c:group-FFEFC80D3AAD change Leader from null to 1190b9a7-12b1-4c15-b33e-f7d0a0cd436c at term 1 for becomeLeader, leader elected after 5232ms
2019-09-19 14:21:22,244 [85c6a9f3-b9a5-43a5-ac4f-9aa7bd5f2263:group-FE60C5AEF02A:LeaderElection37] INFO  server.RaftServerConfigKeys (ConfUtils.java:logGet(43)) - raft.server.write.element-limit = 4096 (default)
2019-09-19 14:21:22,244 [5dfaa0ea-416a-422c-a75d-43311aceb00a:group-42F1B0B7D7E0:LeaderElection38] INFO  server.RaftServerConfigKeys (ConfUtils.java:logGet(43)) - raft.server.watch.timeout = 10s (default)
2019-09-19 14:21:22,244 [6403e584-2209-453b-b79e-eeb0a7b58516:group-5F0E8E22AAF0:LeaderElection39] INFO  impl.RaftServerImpl (ServerState.java:setLeader(263)) - 6403e584-2209-453b-b79e-eeb0a7b58516:group-5F0E8E22AAF0 change Leader from null to 6403e584-2209-453b-b79e-eeb0a7b58516 at term 1 for becomeLeader, leader elected after 5424ms
2019-09-19 14:21:22,244 [5dfaa0ea-416a-422c-a75d-43311aceb00a:group-42F1B0B7D7E0:LeaderElection38] INFO  server.RaftServerConfigKeys (ConfUtils.java:logGet(43)) - raft.server.watch.timeout.denomination = 1s (default)
2019-09-19 14:21:22,244 [85c6a9f3-b9a5-43a5-ac4f-9aa7bd5f2263:group-FE60C5AEF02A:LeaderElection37] INFO  server.RaftServerConfigKeys (ConfUtils.java:logGet(43)) - raft.server.watch.timeout = 10s (default)
2019-09-19 14:21:22,244 [1190b9a7-12b1-4c15-b33e-f7d0a0cd436c:group-FFEFC80D3AAD:LeaderElection40] INFO  server.RaftServerConfigKeys (ConfUtils.java:logGet(43)) - raft.server.staging.catchup.gap = 1000 (default)
2019-09-19 14:21:22,245 [85c6a9f3-b9a5-43a5-ac4f-9aa7bd5f2263:group-FE60C5AEF02A:LeaderElection37] INFO  server.RaftServerConfigKeys (ConfUtils.java:logGet(43)) - raft.server.watch.timeout.denomination = 1s (default)
2019-09-19 14:21:22,245 [5dfaa0ea-416a-422c-a75d-43311aceb00a:group-42F1B0B7D7E0:LeaderElection38] INFO  server.RaftServerConfigKeys (ConfUtils.java:logGet(43)) - raft.server.watch.element-limit = 65536 (default)
2019-09-19 14:21:22,245 [6403e584-2209-453b-b79e-eeb0a7b58516:group-5F0E8E22AAF0:LeaderElection39] INFO  server.RaftServerConfigKeys (ConfUtils.java:logGet(43)) - raft.server.staging.catchup.gap = 1000 (default)
2019-09-19 14:21:22,245 [5dfaa0ea-416a-422c-a75d-43311aceb00a:group-42F1B0B7D7E0:LeaderElection38] INFO  impl.RoleInfo (RoleInfo.java:updateAndGet(143)) - 5dfaa0ea-416a-422c-a75d-43311aceb00a: start LeaderState
2019-09-19 14:21:22,245 [85c6a9f3-b9a5-43a5-ac4f-9aa7bd5f2263:group-FE60C5AEF02A:LeaderElection37] INFO  server.RaftServerConfigKeys (ConfUtils.java:logGet(43)) - raft.server.watch.element-limit = 65536 (default)
2019-09-19 14:21:22,245 [1190b9a7-12b1-4c15-b33e-f7d0a0cd436c:group-FFEFC80D3AAD:LeaderElection40] INFO  server.RaftServerConfigKeys (ConfUtils.java:logGet(43)) - raft.server.rpc.sleep.time = 25ms (default)
2019-09-19 14:21:22,246 [5dfaa0ea-416a-422c-a75d-43311aceb00a:group-42F1B0B7D7E0:LeaderElection38] INFO  segmented.SegmentedRaftLogWorker (SegmentedRaftLogWorker.java:startLogSegment(380)) - 5dfaa0ea-416a-422c-a75d-43311aceb00a-SegmentedRaftLogWorker:Storage Directory /workdir/hadoop-ozone/integration-test/target/test-dir/MiniOzoneClusterImpl-210d6028-2152-4683-81ff-347b0d29bb13/datanode-1/data/ratis/dc0c658a-6724-4b3a-973d-42f1b0b7d7e0: Starting segment from index:0
2019-09-19 14:21:22,245 [6403e584-2209-453b-b79e-eeb0a7b58516:group-5F0E8E22AAF0:LeaderElection39] INFO  server.RaftServerConfigKeys (ConfUtils.java:logGet(43)) - raft.server.rpc.sleep.time = 25ms (default)
2019-09-19 14:21:22,246 [1190b9a7-12b1-4c15-b33e-f7d0a0cd436c:group-FFEFC80D3AAD:LeaderElection40] INFO  server.RaftServerConfigKeys (ConfUtils.java:logGet(43)) - raft.server.write.element-limit = 4096 (default)
2019-09-19 14:21:22,246 [5dfaa0ea-416a-422c-a75d-43311aceb00a:group-42F1B0B7D7E0:LeaderElection38] INFO  impl.RaftServerImpl (ServerState.java:setRaftConf(361)) - 5dfaa0ea-416a-422c-a75d-43311aceb00a:group-42F1B0B7D7E0 set configuration 0: [5dfaa0ea-416a-422c-a75d-43311aceb00a:192.168.157.226:45629], old=null at 0
2019-09-19 14:21:22,246 [85c6a9f3-b9a5-43a5-ac4f-9aa7bd5f2263:group-FE60C5AEF02A:LeaderElection37] INFO  impl.RoleInfo (RoleInfo.java:updateAndGet(143)) - 85c6a9f3-b9a5-43a5-ac4f-9aa7bd5f2263: start LeaderState
2019-09-19 14:21:22,279 [306a7a99-f2a5-4f40-b42b-2fc2def08a6a:group-483C26E2C33D:LeaderElection41] INFO  impl.LeaderElection (LeaderElection.java:askForVotes(181)) - 306a7a99-f2a5-4f40-b42b-2fc2def08a6a:group-483C26E2C33D:LeaderElection41: begin an election at term 1 for -1: [306a7a99-f2a5-4f40-b42b-2fc2def08a6a:192.168.157.226:42633], old=null
2019-09-19 14:21:22,280 [85c6a9f3-b9a5-43a5-ac4f-9aa7bd5f2263:group-FE60C5AEF02A:LeaderElection37] INFO  segmented.SegmentedRaftLogWorker (SegmentedRaftLogWorker.java:startLogSegment(380)) - 85c6a9f3-b9a5-43a5-ac4f-9aa7bd5f2263-SegmentedRaftLogWorker:Storage Directory /workdir/hadoop-ozone/integration-test/target/test-dir/MiniOzoneClusterImpl-210d6028-2152-4683-81ff-347b0d29bb13/datanode-0/data/ratis/a60517ed-dda8-4060-a363-fe60c5aef02a: Starting segment from index:0
2019-09-19 14:21:22,279 [Thread-363] INFO  impl.FollowerState (FollowerState.java:run(106)) - 306a7a99-f2a5-4f40-b42b-2fc2def08a6a:group-0824AA7C83A8 changes to CANDIDATE, lastRpcTime:5195, electionTimeout:5163ms
2019-09-19 14:21:22,280 [Thread-363] INFO  impl.RoleInfo (RoleInfo.java:shutdownFollowerState(121)) - 306a7a99-f2a5-4f40-b42b-2fc2def08a6a: shutdown FollowerState
2019-09-19 14:21:22,279 [85c6a9f3-b9a5-43a5-ac4f-9aa7bd5f2263-SegmentedRaftLogWorker:Storage Directory /workdir/hadoop-ozone/integration-test/target/test-dir/MiniOzoneClusterImpl-210d6028-2152-4683-81ff-347b0d29bb13/datanode-0/data/ratis/07846821-8c4b-412f-bc52-c018715a2608] INFO  segmented.SegmentedRaftLogWorker (SegmentedRaftLogWorker.java:execute(569)) - 85c6a9f3-b9a5-43a5-ac4f-9aa7bd5f2263-SegmentedRaftLogWorker:Storage Directory /workdir/hadoop-ozone/integration-test/target/test-dir/MiniOzoneClusterImpl-210d6028-2152-4683-81ff-347b0d29bb13/datanode-0/data/ratis/07846821-8c4b-412f-bc52-c018715a2608: created new log segment /workdir/hadoop-ozone/integration-test/target/test-dir/MiniOzoneClusterImpl-210d6028-2152-4683-81ff-347b0d29bb13/datanode-0/data/ratis/07846821-8c4b-412f-bc52-c018715a2608/current/log_inprogress_0
2019-09-19 14:21:22,279 [6403e584-2209-453b-b79e-eeb0a7b58516-SegmentedRaftLogWorker:Storage Directory /workdir/hadoop-ozone/integration-test/target/test-dir/MiniOzoneClusterImpl-210d6028-2152-4683-81ff-347b0d29bb13/datanode-3/data/ratis/84446815-a876-4482-b976-f02c244e9bdb] INFO  segmented.SegmentedRaftLogWorker (SegmentedRaftLogWorker.java:execute(569)) - 6403e584-2209-453b-b79e-eeb0a7b58516-SegmentedRaftLogWorker:Storage Directory /workdir/hadoop-ozone/integration-test/target/test-dir/MiniOzoneClusterImpl-210d6028-2152-4683-81ff-347b0d29bb13/datanode-3/data/ratis/84446815-a876-4482-b976-f02c244e9bdb: created new log segment /workdir/hadoop-ozone/integration-test/target/test-dir/MiniOzoneClusterImpl-210d6028-2152-4683-81ff-347b0d29bb13/datanode-3/data/ratis/84446815-a876-4482-b976-f02c244e9bdb/current/log_inprogress_0
2019-09-19 14:21:22,281 | INFO  | SCMAudit | user=jenkins1000 | ip=192.168.157.226 | op=SEND_HEARTBEAT {datanodeUUID=1190b9a7-12b1-4c15-b33e-f7d0a0cd436c, command=[]} | ret=SUCCESS |  
2019-09-19 14:21:22,279 [6403e584-2209-453b-b79e-eeb0a7b58516-SegmentedRaftLogWorker:Storage Directory /workdir/hadoop-ozone/integration-test/target/test-dir/MiniOzoneClusterImpl-210d6028-2152-4683-81ff-347b0d29bb13/datanode-3/data/ratis/a25dfc21-d1da-4c3e-a6cb-2b0d3dd5d692] INFO  segmented.SegmentedRaftLogWorker (SegmentedRaftLogWorker.java:execute(569)) - 6403e584-2209-453b-b79e-eeb0a7b58516-SegmentedRaftLogWorker:Storage Directory /workdir/hadoop-ozone/integration-test/target/test-dir/MiniOzoneClusterImpl-210d6028-2152-4683-81ff-347b0d29bb13/datanode-3/data/ratis/a25dfc21-d1da-4c3e-a6cb-2b0d3dd5d692: created new log segment /workdir/hadoop-ozone/integration-test/target/test-dir/MiniOzoneClusterImpl-210d6028-2152-4683-81ff-347b0d29bb13/datanode-3/data/ratis/a25dfc21-d1da-4c3e-a6cb-2b0d3dd5d692/current/log_inprogress_0
2019-09-19 14:21:22,279 [Thread-372] INFO  impl.FollowerState (FollowerState.java:run(106)) - 56d21ab3-8f6d-44ea-b961-c721a1c09246:group-B43650530929 changes to CANDIDATE, lastRpcTime:5065, electionTimeout:5044ms
2019-09-19 14:21:22,279 [Thread-366] INFO  impl.FollowerState (FollowerState.java:run(106)) - 306a7a99-f2a5-4f40-b42b-2fc2def08a6a:group-996BF6576E36 changes to CANDIDATE, lastRpcTime:5152, electionTimeout:5137ms
2019-09-19 14:21:22,246 [1190b9a7-12b1-4c15-b33e-f7d0a0cd436c:group-FFEFC80D3AAD:LeaderElection40] INFO  server.RaftServerConfigKeys (ConfUtils.java:logGet(43)) - raft.server.watch.timeout = 10s (default)
2019-09-19 14:21:22,246 [6403e584-2209-453b-b79e-eeb0a7b58516:group-5F0E8E22AAF0:LeaderElection39] INFO  server.RaftServerConfigKeys (ConfUtils.java:logGet(43)) - raft.server.write.element-limit = 4096 (default)
2019-09-19 14:21:22,281 [1190b9a7-12b1-4c15-b33e-f7d0a0cd436c:group-FFEFC80D3AAD:LeaderElection40] INFO  server.RaftServerConfigKeys (ConfUtils.java:logGet(43)) - raft.server.watch.timeout.denomination = 1s (default)
2019-09-19 14:21:22,281 [Thread-366] INFO  impl.RoleInfo (RoleInfo.java:shutdownFollowerState(121)) - 306a7a99-f2a5-4f40-b42b-2fc2def08a6a: shutdown FollowerState
2019-09-19 14:21:22,281 [Thread-372] INFO  impl.RoleInfo (RoleInfo.java:shutdownFollowerState(121)) - 56d21ab3-8f6d-44ea-b961-c721a1c09246: shutdown FollowerState
2019-09-19 14:21:22,281 [grpc-default-executor-1] INFO  impl.RaftServerProxy (RaftServerProxy.java:addNew(89)) - 5dfaa0ea-416a-422c-a75d-43311aceb00a: addNew group-084D5223D16C:[5dfaa0ea-416a-422c-a75d-43311aceb00a:192.168.157.226:45629] returns group-084D5223D16C:java.util.concurrent.CompletableFuture@12a0f072[Not completed]
2019-09-19 14:21:22,280 [85c6a9f3-b9a5-43a5-ac4f-9aa7bd5f2263:group-FE60C5AEF02A:LeaderElection37] INFO  impl.RaftServerImpl (ServerState.java:setRaftConf(361)) - 85c6a9f3-b9a5-43a5-ac4f-9aa7bd5f2263:group-FE60C5AEF02A set configuration 0: [85c6a9f3-b9a5-43a5-ac4f-9aa7bd5f2263:192.168.157.226:45170], old=null at 0
2019-09-19 14:21:22,280 [Thread-363] INFO  impl.RaftServerImpl (RaftServerImpl.java:setRole(171)) - 306a7a99-f2a5-4f40-b42b-2fc2def08a6a:group-0824AA7C83A8 changes role from FOLLOWER to CANDIDATE at term 0 for changeToCandidate
2019-09-19 14:21:22,280 [306a7a99-f2a5-4f40-b42b-2fc2def08a6a:group-483C26E2C33D:LeaderElection41] INFO  impl.RoleInfo (RoleInfo.java:shutdownLeaderElection(134)) - 306a7a99-f2a5-4f40-b42b-2fc2def08a6a: shutdown LeaderElection
2019-09-19 14:21:22,318 [Thread-363] INFO  impl.RoleInfo (RoleInfo.java:updateAndGet(143)) - 306a7a99-f2a5-4f40-b42b-2fc2def08a6a: start LeaderElection
2019-09-19 14:21:22,316 [5dfaa0ea-416a-422c-a75d-43311aceb00a-SegmentedRaftLogWorker:Storage Directory /workdir/hadoop-ozone/integration-test/target/test-dir/MiniOzoneClusterImpl-210d6028-2152-4683-81ff-347b0d29bb13/datanode-1/data/ratis/dc0c658a-6724-4b3a-973d-42f1b0b7d7e0] INFO  segmented.SegmentedRaftLogWorker (SegmentedRaftLogWorker.java:execute(569)) - 5dfaa0ea-416a-422c-a75d-43311aceb00a-SegmentedRaftLogWorker:Storage Directory /workdir/hadoop-ozone/integration-test/target/test-dir/MiniOzoneClusterImpl-210d6028-2152-4683-81ff-347b0d29bb13/datanode-1/data/ratis/dc0c658a-6724-4b3a-973d-42f1b0b7d7e0: created new log segment /workdir/hadoop-ozone/integration-test/target/test-dir/MiniOzoneClusterImpl-210d6028-2152-4683-81ff-347b0d29bb13/datanode-1/data/ratis/dc0c658a-6724-4b3a-973d-42f1b0b7d7e0/current/log_inprogress_0
2019-09-19 14:21:22,316 [Thread-378] INFO  impl.FollowerState (FollowerState.java:run(106)) - 5dfaa0ea-416a-422c-a75d-43311aceb00a:group-D72F4DDBA24B changes to CANDIDATE, lastRpcTime:5025, electionTimeout:5019ms
2019-09-19 14:21:22,319 | INFO  | SCMAudit | user=jenkins1000 | ip=192.168.157.226 | op=SEND_HEARTBEAT {datanodeUUID=85c6a9f3-b9a5-43a5-ac4f-9aa7bd5f2263, command=[]} | ret=SUCCESS |  
2019-09-19 14:21:22,282 [pool-38-thread-1] INFO  impl.RaftServerImpl (RaftServerImpl.java:<init>(93)) - 5dfaa0ea-416a-422c-a75d-43311aceb00a: new RaftServerImpl for group-084D5223D16C:[5dfaa0ea-416a-422c-a75d-43311aceb00a:192.168.157.226:45629] with ContainerStateMachine:uninitialized
2019-09-19 14:21:22,282 [Thread-372] INFO  impl.RaftServerImpl (RaftServerImpl.java:setRole(171)) - 56d21ab3-8f6d-44ea-b961-c721a1c09246:group-B43650530929 changes role from FOLLOWER to CANDIDATE at term 0 for changeToCandidate
2019-09-19 14:21:22,282 [Thread-366] INFO  impl.RaftServerImpl (RaftServerImpl.java:setRole(171)) - 306a7a99-f2a5-4f40-b42b-2fc2def08a6a:group-996BF6576E36 changes role from FOLLOWER to CANDIDATE at term 0 for changeToCandidate
2019-09-19 14:21:22,282 [1190b9a7-12b1-4c15-b33e-f7d0a0cd436c:group-FFEFC80D3AAD:LeaderElection40] INFO  server.RaftServerConfigKeys (ConfUtils.java:logGet(43)) - raft.server.watch.element-limit = 65536 (default)
2019-09-19 14:21:22,282 [6403e584-2209-453b-b79e-eeb0a7b58516:group-5F0E8E22AAF0:LeaderElection39] INFO  server.RaftServerConfigKeys (ConfUtils.java:logGet(43)) - raft.server.watch.timeout = 10s (default)
2019-09-19 14:21:22,320 [1190b9a7-12b1-4c15-b33e-f7d0a0cd436c:group-FFEFC80D3AAD:LeaderElection40] INFO  impl.RoleInfo (RoleInfo.java:updateAndGet(143)) - 1190b9a7-12b1-4c15-b33e-f7d0a0cd436c: start LeaderState
2019-09-19 14:21:22,319 [Thread-366] INFO  impl.RoleInfo (RoleInfo.java:updateAndGet(143)) - 306a7a99-f2a5-4f40-b42b-2fc2def08a6a: start LeaderElection
2019-09-19 14:21:22,319 [Thread-372] INFO  impl.RoleInfo (RoleInfo.java:updateAndGet(143)) - 56d21ab3-8f6d-44ea-b961-c721a1c09246: start LeaderElection
2019-09-19 14:21:22,319 [pool-38-thread-1] INFO  server.RaftServerConfigKeys (ConfUtils.java:logGet(43)) - raft.server.rpc.timeout.min = 5s (custom)
2019-09-19 14:21:22,319 [Thread-378] INFO  impl.RoleInfo (RoleInfo.java:shutdownFollowerState(121)) - 5dfaa0ea-416a-422c-a75d-43311aceb00a: shutdown FollowerState
2019-09-19 14:21:22,318 [306a7a99-f2a5-4f40-b42b-2fc2def08a6a:group-483C26E2C33D:LeaderElection41] INFO  impl.RaftServerImpl (RaftServerImpl.java:setRole(171)) - 306a7a99-f2a5-4f40-b42b-2fc2def08a6a:group-483C26E2C33D changes role from CANDIDATE to LEADER at term 1 for changeToLeader
2019-09-19 14:21:22,321 [Thread-378] INFO  impl.RaftServerImpl (RaftServerImpl.java:setRole(171)) - 5dfaa0ea-416a-422c-a75d-43311aceb00a:group-D72F4DDBA24B changes role from FOLLOWER to CANDIDATE at term 0 for changeToCandidate
2019-09-19 14:21:22,320 [pool-38-thread-1] INFO  server.RaftServerConfigKeys (ConfUtils.java:logGet(43)) - raft.server.rpc.timeout.max = 5200ms (custom)
2019-09-19 14:21:22,320 [1190b9a7-12b1-4c15-b33e-f7d0a0cd436c:group-FFEFC80D3AAD:LeaderElection40] INFO  segmented.SegmentedRaftLogWorker (SegmentedRaftLogWorker.java:startLogSegment(380)) - 1190b9a7-12b1-4c15-b33e-f7d0a0cd436c-SegmentedRaftLogWorker:Storage Directory /workdir/hadoop-ozone/integration-test/target/test-dir/MiniOzoneClusterImpl-210d6028-2152-4683-81ff-347b0d29bb13/datanode-4/data/ratis/63335779-e04d-4075-ad72-ffefc80d3aad: Starting segment from index:0
2019-09-19 14:21:22,320 [6403e584-2209-453b-b79e-eeb0a7b58516:group-5F0E8E22AAF0:LeaderElection39] INFO  server.RaftServerConfigKeys (ConfUtils.java:logGet(43)) - raft.server.watch.timeout.denomination = 1s (default)
2019-09-19 14:21:22,321 [pool-38-thread-1] INFO  server.RaftServerConfigKeys (ConfUtils.java:logGet(43)) - raft.server.rpcslowness.timeout = 120s (custom)
2019-09-19 14:21:22,321 [Thread-378] INFO  impl.RoleInfo (RoleInfo.java:updateAndGet(143)) - 5dfaa0ea-416a-422c-a75d-43311aceb00a: start LeaderElection
2019-09-19 14:21:22,321 [306a7a99-f2a5-4f40-b42b-2fc2def08a6a:group-483C26E2C33D:LeaderElection41] INFO  impl.RaftServerImpl (ServerState.java:setLeader(263)) - 306a7a99-f2a5-4f40-b42b-2fc2def08a6a:group-483C26E2C33D change Leader from null to 306a7a99-f2a5-4f40-b42b-2fc2def08a6a at term 1 for becomeLeader, leader elected after 5156ms
2019-09-19 14:21:22,322 [pool-38-thread-1] INFO  server.RaftServerConfigKeys (ConfUtils.java:logGet(43)) - raft.server.sleep.deviation.threshold = 300 (default)
2019-09-19 14:21:22,322 [1190b9a7-12b1-4c15-b33e-f7d0a0cd436c:group-FFEFC80D3AAD:LeaderElection40] INFO  impl.RaftServerImpl (ServerState.java:setRaftConf(361)) - 1190b9a7-12b1-4c15-b33e-f7d0a0cd436c:group-FFEFC80D3AAD set configuration 0: [1190b9a7-12b1-4c15-b33e-f7d0a0cd436c:192.168.157.226:34463], old=null at 0
2019-09-19 14:21:22,322 [6403e584-2209-453b-b79e-eeb0a7b58516:group-5F0E8E22AAF0:LeaderElection39] INFO  server.RaftServerConfigKeys (ConfUtils.java:logGet(43)) - raft.server.watch.element-limit = 65536 (default)
2019-09-19 14:21:22,365 [56d21ab3-8f6d-44ea-b961-c721a1c09246:group-B43650530929:LeaderElection43] INFO  impl.LeaderElection (LeaderElection.java:askForVotes(181)) - 56d21ab3-8f6d-44ea-b961-c721a1c09246:group-B43650530929:LeaderElection43: begin an election at term 1 for -1: [56d21ab3-8f6d-44ea-b961-c721a1c09246:192.168.157.226:39258], old=null
2019-09-19 14:21:22,365 [306a7a99-f2a5-4f40-b42b-2fc2def08a6a:group-0824AA7C83A8:LeaderElection42] INFO  impl.LeaderElection (LeaderElection.java:askForVotes(181)) - 306a7a99-f2a5-4f40-b42b-2fc2def08a6a:group-0824AA7C83A8:LeaderElection42: begin an election at term 1 for -1: [306a7a99-f2a5-4f40-b42b-2fc2def08a6a:192.168.157.226:42633], old=null
2019-09-19 14:21:22,365 [306a7a99-f2a5-4f40-b42b-2fc2def08a6a:group-996BF6576E36:LeaderElection44] INFO  impl.LeaderElection (LeaderElection.java:askForVotes(181)) - 306a7a99-f2a5-4f40-b42b-2fc2def08a6a:group-996BF6576E36:LeaderElection44: begin an election at term 1 for -1: [306a7a99-f2a5-4f40-b42b-2fc2def08a6a:192.168.157.226:42633], old=null
2019-09-19 14:21:22,365 [85c6a9f3-b9a5-43a5-ac4f-9aa7bd5f2263-SegmentedRaftLogWorker:Storage Directory /workdir/hadoop-ozone/integration-test/target/test-dir/MiniOzoneClusterImpl-210d6028-2152-4683-81ff-347b0d29bb13/datanode-0/data/ratis/a60517ed-dda8-4060-a363-fe60c5aef02a] INFO  segmented.SegmentedRaftLogWorker (SegmentedRaftLogWorker.java:execute(569)) - 85c6a9f3-b9a5-43a5-ac4f-9aa7bd5f2263-SegmentedRaftLogWorker:Storage Directory /workdir/hadoop-ozone/integration-test/target/test-dir/MiniOzoneClusterImpl-210d6028-2152-4683-81ff-347b0d29bb13/datanode-0/data/ratis/a60517ed-dda8-4060-a363-fe60c5aef02a: created new log segment /workdir/hadoop-ozone/integration-test/target/test-dir/MiniOzoneClusterImpl-210d6028-2152-4683-81ff-347b0d29bb13/datanode-0/data/ratis/a60517ed-dda8-4060-a363-fe60c5aef02a/current/log_inprogress_0
2019-09-19 14:21:22,322 [pool-38-thread-1] INFO  server.RaftServerConfigKeys (ConfUtils.java:logGet(43)) - raft.server.log.appender.install.snapshot.enabled = false (custom)
2019-09-19 14:21:22,322 [306a7a99-f2a5-4f40-b42b-2fc2def08a6a:group-483C26E2C33D:LeaderElection41] INFO  server.RaftServerConfigKeys (ConfUtils.java:logGet(43)) - raft.server.staging.catchup.gap = 1000 (default)
2019-09-19 14:21:22,366 [pool-38-thread-1] INFO  impl.RaftServerImpl (ServerState.java:<init>(105)) - 5dfaa0ea-416a-422c-a75d-43311aceb00a:group-084D5223D16C ConfigurationManager, init=-1: [5dfaa0ea-416a-422c-a75d-43311aceb00a:192.168.157.226:45629], old=null, confs=<EMPTY_MAP>
2019-09-19 14:21:22,366 [306a7a99-f2a5-4f40-b42b-2fc2def08a6a:group-996BF6576E36:LeaderElection44] INFO  impl.RoleInfo (RoleInfo.java:shutdownLeaderElection(134)) - 306a7a99-f2a5-4f40-b42b-2fc2def08a6a: shutdown LeaderElection
2019-09-19 14:21:22,366 [306a7a99-f2a5-4f40-b42b-2fc2def08a6a:group-0824AA7C83A8:LeaderElection42] INFO  impl.RoleInfo (RoleInfo.java:shutdownLeaderElection(134)) - 306a7a99-f2a5-4f40-b42b-2fc2def08a6a: shutdown LeaderElection
2019-09-19 14:21:22,365 [56d21ab3-8f6d-44ea-b961-c721a1c09246:group-B43650530929:LeaderElection43] INFO  impl.RoleInfo (RoleInfo.java:shutdownLeaderElection(134)) - 56d21ab3-8f6d-44ea-b961-c721a1c09246: shutdown LeaderElection
2019-09-19 14:21:22,367 [56d21ab3-8f6d-44ea-b961-c721a1c09246:group-B43650530929:LeaderElection43] INFO  impl.RaftServerImpl (RaftServerImpl.java:setRole(171)) - 56d21ab3-8f6d-44ea-b961-c721a1c09246:group-B43650530929 changes role from CANDIDATE to LEADER at term 1 for changeToLeader
2019-09-19 14:21:22,365 [6403e584-2209-453b-b79e-eeb0a7b58516:group-5F0E8E22AAF0:LeaderElection39] INFO  impl.RoleInfo (RoleInfo.java:updateAndGet(143)) - 6403e584-2209-453b-b79e-eeb0a7b58516: start LeaderState
2019-09-19 14:21:22,367 [56d21ab3-8f6d-44ea-b961-c721a1c09246:group-B43650530929:LeaderElection43] INFO  impl.RaftServerImpl (ServerState.java:setLeader(263)) - 56d21ab3-8f6d-44ea-b961-c721a1c09246:group-B43650530929 change Leader from null to 56d21ab3-8f6d-44ea-b961-c721a1c09246 at term 1 for becomeLeader, leader elected after 5156ms
2019-09-19 14:21:22,367 [306a7a99-f2a5-4f40-b42b-2fc2def08a6a:group-0824AA7C83A8:LeaderElection42] INFO  impl.RaftServerImpl (RaftServerImpl.java:setRole(171)) - 306a7a99-f2a5-4f40-b42b-2fc2def08a6a:group-0824AA7C83A8 changes role from CANDIDATE to LEADER at term 1 for changeToLeader
2019-09-19 14:21:22,369 [306a7a99-f2a5-4f40-b42b-2fc2def08a6a:group-0824AA7C83A8:LeaderElection42] INFO  impl.RaftServerImpl (ServerState.java:setLeader(263)) - 306a7a99-f2a5-4f40-b42b-2fc2def08a6a:group-0824AA7C83A8 change Leader from null to 306a7a99-f2a5-4f40-b42b-2fc2def08a6a at term 1 for becomeLeader, leader elected after 5290ms
2019-09-19 14:21:22,367 [306a7a99-f2a5-4f40-b42b-2fc2def08a6a:group-996BF6576E36:LeaderElection44] INFO  impl.RaftServerImpl (RaftServerImpl.java:setRole(171)) - 306a7a99-f2a5-4f40-b42b-2fc2def08a6a:group-996BF6576E36 changes role from CANDIDATE to LEADER at term 1 for changeToLeader
2019-09-19 14:21:22,370 [306a7a99-f2a5-4f40-b42b-2fc2def08a6a:group-996BF6576E36:LeaderElection44] INFO  impl.RaftServerImpl (ServerState.java:setLeader(263)) - 306a7a99-f2a5-4f40-b42b-2fc2def08a6a:group-996BF6576E36 change Leader from null to 306a7a99-f2a5-4f40-b42b-2fc2def08a6a at term 1 for becomeLeader, leader elected after 5246ms
2019-09-19 14:21:22,367 [pool-38-thread-1] INFO  server.RaftServerConfigKeys (ConfUtils.java:logGet(43)) - raft.server.storage.dir = [/workdir/hadoop-ozone/integration-test/target/test-dir/MiniOzoneClusterImpl-210d6028-2152-4683-81ff-347b0d29bb13/datanode-1/data/ratis] (custom)
2019-09-19 14:21:22,366 [306a7a99-f2a5-4f40-b42b-2fc2def08a6a:group-483C26E2C33D:LeaderElection41] INFO  server.RaftServerConfigKeys (ConfUtils.java:logGet(43)) - raft.server.rpc.sleep.time = 25ms (default)
2019-09-19 14:21:22,370 [306a7a99-f2a5-4f40-b42b-2fc2def08a6a:group-996BF6576E36:LeaderElection44] INFO  server.RaftServerConfigKeys (ConfUtils.java:logGet(43)) - raft.server.staging.catchup.gap = 1000 (default)
2019-09-19 14:21:22,369 [306a7a99-f2a5-4f40-b42b-2fc2def08a6a:group-0824AA7C83A8:LeaderElection42] INFO  server.RaftServerConfigKeys (ConfUtils.java:logGet(43)) - raft.server.staging.catchup.gap = 1000 (default)
2019-09-19 14:21:22,369 [56d21ab3-8f6d-44ea-b961-c721a1c09246:group-B43650530929:LeaderElection43] INFO  server.RaftServerConfigKeys (ConfUtils.java:logGet(43)) - raft.server.staging.catchup.gap = 1000 (default)
2019-09-19 14:21:22,367 [6403e584-2209-453b-b79e-eeb0a7b58516:group-5F0E8E22AAF0:LeaderElection39] INFO  segmented.SegmentedRaftLogWorker (SegmentedRaftLogWorker.java:startLogSegment(380)) - 6403e584-2209-453b-b79e-eeb0a7b58516-SegmentedRaftLogWorker:Storage Directory /workdir/hadoop-ozone/integration-test/target/test-dir/MiniOzoneClusterImpl-210d6028-2152-4683-81ff-347b0d29bb13/datanode-3/data/ratis/9d65e548-987d-409e-ba73-5f0e8e22aaf0: Starting segment from index:0
2019-09-19 14:21:22,371 [56d21ab3-8f6d-44ea-b961-c721a1c09246:group-B43650530929:LeaderElection43] INFO  server.RaftServerConfigKeys (ConfUtils.java:logGet(43)) - raft.server.rpc.sleep.time = 25ms (default)
2019-09-19 14:21:22,370 [pool-38-thread-1] INFO  storage.RaftStorageDirectory (RaftStorageDirectory.java:analyzeStorage(246)) - The storage directory /workdir/hadoop-ozone/integration-test/target/test-dir/MiniOzoneClusterImpl-210d6028-2152-4683-81ff-347b0d29bb13/datanode-1/data/ratis/f2426e6c-9470-4bc3-8f40-084d5223d16c does not exist. Creating ...
2019-09-19 14:21:22,370 [306a7a99-f2a5-4f40-b42b-2fc2def08a6a:group-0824AA7C83A8:LeaderElection42] INFO  server.RaftServerConfigKeys (ConfUtils.java:logGet(43)) - raft.server.rpc.sleep.time = 25ms (default)
2019-09-19 14:21:22,370 [306a7a99-f2a5-4f40-b42b-2fc2def08a6a:group-996BF6576E36:LeaderElection44] INFO  server.RaftServerConfigKeys (ConfUtils.java:logGet(43)) - raft.server.rpc.sleep.time = 25ms (default)
2019-09-19 14:21:22,370 [306a7a99-f2a5-4f40-b42b-2fc2def08a6a:group-483C26E2C33D:LeaderElection41] INFO  server.RaftServerConfigKeys (ConfUtils.java:logGet(43)) - raft.server.write.element-limit = 4096 (default)
2019-09-19 14:21:22,372 [306a7a99-f2a5-4f40-b42b-2fc2def08a6a:group-996BF6576E36:LeaderElection44] INFO  server.RaftServerConfigKeys (ConfUtils.java:logGet(43)) - raft.server.write.element-limit = 4096 (default)
2019-09-19 14:21:22,371 [306a7a99-f2a5-4f40-b42b-2fc2def08a6a:group-0824AA7C83A8:LeaderElection42] INFO  server.RaftServerConfigKeys (ConfUtils.java:logGet(43)) - raft.server.write.element-limit = 4096 (default)
2019-09-19 14:21:22,371 [6403e584-2209-453b-b79e-eeb0a7b58516:group-5F0E8E22AAF0:LeaderElection39] INFO  impl.RaftServerImpl (ServerState.java:setRaftConf(361)) - 6403e584-2209-453b-b79e-eeb0a7b58516:group-5F0E8E22AAF0 set configuration 0: [6403e584-2209-453b-b79e-eeb0a7b58516:192.168.157.226:35833], old=null at 0
2019-09-19 14:21:22,371 [56d21ab3-8f6d-44ea-b961-c721a1c09246:group-B43650530929:LeaderElection43] INFO  server.RaftServerConfigKeys (ConfUtils.java:logGet(43)) - raft.server.write.element-limit = 4096 (default)
2019-09-19 14:21:22,409 [5dfaa0ea-416a-422c-a75d-43311aceb00a:group-D72F4DDBA24B:LeaderElection45] INFO  impl.LeaderElection (LeaderElection.java:askForVotes(181)) - 5dfaa0ea-416a-422c-a75d-43311aceb00a:group-D72F4DDBA24B:LeaderElection45: begin an election at term 1 for -1: [5dfaa0ea-416a-422c-a75d-43311aceb00a:192.168.157.226:45629], old=null
2019-09-19 14:21:22,409 [1190b9a7-12b1-4c15-b33e-f7d0a0cd436c-SegmentedRaftLogWorker:Storage Directory /workdir/hadoop-ozone/integration-test/target/test-dir/MiniOzoneClusterImpl-210d6028-2152-4683-81ff-347b0d29bb13/datanode-4/data/ratis/63335779-e04d-4075-ad72-ffefc80d3aad] INFO  segmented.SegmentedRaftLogWorker (SegmentedRaftLogWorker.java:execute(569)) - 1190b9a7-12b1-4c15-b33e-f7d0a0cd436c-SegmentedRaftLogWorker:Storage Directory /workdir/hadoop-ozone/integration-test/target/test-dir/MiniOzoneClusterImpl-210d6028-2152-4683-81ff-347b0d29bb13/datanode-4/data/ratis/63335779-e04d-4075-ad72-ffefc80d3aad: created new log segment /workdir/hadoop-ozone/integration-test/target/test-dir/MiniOzoneClusterImpl-210d6028-2152-4683-81ff-347b0d29bb13/datanode-4/data/ratis/63335779-e04d-4075-ad72-ffefc80d3aad/current/log_inprogress_0
2019-09-19 14:21:22,409 [pool-38-thread-1] INFO  storage.RaftStorageDirectory (RaftStorageDirectory.java:tryLock(328)) - Lock on /workdir/hadoop-ozone/integration-test/target/test-dir/MiniOzoneClusterImpl-210d6028-2152-4683-81ff-347b0d29bb13/datanode-1/data/ratis/f2426e6c-9470-4bc3-8f40-084d5223d16c/in_use.lock acquired by nodename 16198@pr-hdds-1569-swxfz-3172132826
2019-09-19 14:21:22,409 [Thread-375] INFO  impl.FollowerState (FollowerState.java:run(106)) - 1190b9a7-12b1-4c15-b33e-f7d0a0cd436c:group-A85B0E09E1CA changes to CANDIDATE, lastRpcTime:5155, electionTimeout:5149ms
2019-09-19 14:21:22,372 [306a7a99-f2a5-4f40-b42b-2fc2def08a6a:group-0824AA7C83A8:LeaderElection42] INFO  server.RaftServerConfigKeys (ConfUtils.java:logGet(43)) - raft.server.watch.timeout = 10s (default)
2019-09-19 14:21:22,410 [306a7a99-f2a5-4f40-b42b-2fc2def08a6a:group-0824AA7C83A8:LeaderElection42] INFO  server.RaftServerConfigKeys (ConfUtils.java:logGet(43)) - raft.server.watch.timeout.denomination = 1s (default)
2019-09-19 14:21:22,372 [306a7a99-f2a5-4f40-b42b-2fc2def08a6a:group-996BF6576E36:LeaderElection44] INFO  server.RaftServerConfigKeys (ConfUtils.java:logGet(43)) - raft.server.watch.timeout = 10s (default)
2019-09-19 14:21:22,372 [306a7a99-f2a5-4f40-b42b-2fc2def08a6a:group-483C26E2C33D:LeaderElection41] INFO  server.RaftServerConfigKeys (ConfUtils.java:logGet(43)) - raft.server.watch.timeout = 10s (default)
2019-09-19 14:21:22,410 [306a7a99-f2a5-4f40-b42b-2fc2def08a6a:group-996BF6576E36:LeaderElection44] INFO  server.RaftServerConfigKeys (ConfUtils.java:logGet(43)) - raft.server.watch.timeout.denomination = 1s (default)
2019-09-19 14:21:22,410 [306a7a99-f2a5-4f40-b42b-2fc2def08a6a:group-0824AA7C83A8:LeaderElection42] INFO  server.RaftServerConfigKeys (ConfUtils.java:logGet(43)) - raft.server.watch.element-limit = 65536 (default)
2019-09-19 14:21:22,410 [Thread-375] INFO  impl.RoleInfo (RoleInfo.java:shutdownFollowerState(121)) - 1190b9a7-12b1-4c15-b33e-f7d0a0cd436c: shutdown FollowerState
2019-09-19 14:21:22,409 [5dfaa0ea-416a-422c-a75d-43311aceb00a:group-D72F4DDBA24B:LeaderElection45] INFO  impl.RoleInfo (RoleInfo.java:shutdownLeaderElection(134)) - 5dfaa0ea-416a-422c-a75d-43311aceb00a: shutdown LeaderElection
2019-09-19 14:21:22,409 [56d21ab3-8f6d-44ea-b961-c721a1c09246:group-B43650530929:LeaderElection43] INFO  server.RaftServerConfigKeys (ConfUtils.java:logGet(43)) - raft.server.watch.timeout = 10s (default)
2019-09-19 14:21:22,411 [5dfaa0ea-416a-422c-a75d-43311aceb00a:group-D72F4DDBA24B:LeaderElection45] INFO  impl.RaftServerImpl (RaftServerImpl.java:setRole(171)) - 5dfaa0ea-416a-422c-a75d-43311aceb00a:group-D72F4DDBA24B changes role from CANDIDATE to LEADER at term 1 for changeToLeader
2019-09-19 14:21:22,411 [5dfaa0ea-416a-422c-a75d-43311aceb00a:group-D72F4DDBA24B:LeaderElection45] INFO  impl.RaftServerImpl (ServerState.java:setLeader(263)) - 5dfaa0ea-416a-422c-a75d-43311aceb00a:group-D72F4DDBA24B change Leader from null to 5dfaa0ea-416a-422c-a75d-43311aceb00a at term 1 for becomeLeader, leader elected after 5124ms
2019-09-19 14:21:22,411 [Thread-375] INFO  impl.RaftServerImpl (RaftServerImpl.java:setRole(171)) - 1190b9a7-12b1-4c15-b33e-f7d0a0cd436c:group-A85B0E09E1CA changes role from FOLLOWER to CANDIDATE at term 0 for changeToCandidate
2019-09-19 14:21:22,411 [306a7a99-f2a5-4f40-b42b-2fc2def08a6a:group-0824AA7C83A8:LeaderElection42] INFO  impl.RoleInfo (RoleInfo.java:updateAndGet(143)) - 306a7a99-f2a5-4f40-b42b-2fc2def08a6a: start LeaderState
2019-09-19 14:21:22,411 [306a7a99-f2a5-4f40-b42b-2fc2def08a6a:group-996BF6576E36:LeaderElection44] INFO  server.RaftServerConfigKeys (ConfUtils.java:logGet(43)) - raft.server.watch.element-limit = 65536 (default)
2019-09-19 14:21:22,410 [306a7a99-f2a5-4f40-b42b-2fc2def08a6a:group-483C26E2C33D:LeaderElection41] INFO  server.RaftServerConfigKeys (ConfUtils.java:logGet(43)) - raft.server.watch.timeout.denomination = 1s (default)
2019-09-19 14:21:22,412 [306a7a99-f2a5-4f40-b42b-2fc2def08a6a:group-996BF6576E36:LeaderElection44] INFO  impl.RoleInfo (RoleInfo.java:updateAndGet(143)) - 306a7a99-f2a5-4f40-b42b-2fc2def08a6a: start LeaderState
2019-09-19 14:21:22,412 [306a7a99-f2a5-4f40-b42b-2fc2def08a6a:group-0824AA7C83A8:LeaderElection42] INFO  segmented.SegmentedRaftLogWorker (SegmentedRaftLogWorker.java:startLogSegment(380)) - 306a7a99-f2a5-4f40-b42b-2fc2def08a6a-SegmentedRaftLogWorker:Storage Directory /workdir/hadoop-ozone/integration-test/target/test-dir/MiniOzoneClusterImpl-210d6028-2152-4683-81ff-347b0d29bb13/datanode-2/data/ratis/5c7e1ec1-c6ce-41a9-b477-0824aa7c83a8: Starting segment from index:0
2019-09-19 14:21:22,412 [Thread-375] INFO  impl.RoleInfo (RoleInfo.java:updateAndGet(143)) - 1190b9a7-12b1-4c15-b33e-f7d0a0cd436c: start LeaderElection
2019-09-19 14:21:22,412 [5dfaa0ea-416a-422c-a75d-43311aceb00a:group-D72F4DDBA24B:LeaderElection45] INFO  server.RaftServerConfigKeys (ConfUtils.java:logGet(43)) - raft.server.staging.catchup.gap = 1000 (default)
2019-09-19 14:21:22,411 [56d21ab3-8f6d-44ea-b961-c721a1c09246:group-B43650530929:LeaderElection43] INFO  server.RaftServerConfigKeys (ConfUtils.java:logGet(43)) - raft.server.watch.timeout.denomination = 1s (default)
2019-09-19 14:21:22,413 [306a7a99-f2a5-4f40-b42b-2fc2def08a6a:group-0824AA7C83A8:LeaderElection42] INFO  impl.RaftServerImpl (ServerState.java:setRaftConf(361)) - 306a7a99-f2a5-4f40-b42b-2fc2def08a6a:group-0824AA7C83A8 set configuration 0: [306a7a99-f2a5-4f40-b42b-2fc2def08a6a:192.168.157.226:42633], old=null at 0
2019-09-19 14:21:22,413 [5dfaa0ea-416a-422c-a75d-43311aceb00a:group-D72F4DDBA24B:LeaderElection45] INFO  server.RaftServerConfigKeys (ConfUtils.java:logGet(43)) - raft.server.rpc.sleep.time = 25ms (default)
2019-09-19 14:21:22,412 [306a7a99-f2a5-4f40-b42b-2fc2def08a6a:group-996BF6576E36:LeaderElection44] INFO  segmented.SegmentedRaftLogWorker (SegmentedRaftLogWorker.java:startLogSegment(380)) - 306a7a99-f2a5-4f40-b42b-2fc2def08a6a-SegmentedRaftLogWorker:Storage Directory /workdir/hadoop-ozone/integration-test/target/test-dir/MiniOzoneClusterImpl-210d6028-2152-4683-81ff-347b0d29bb13/datanode-2/data/ratis/0e9545df-6cf7-4a65-b10d-996bf6576e36: Starting segment from index:0
2019-09-19 14:21:22,412 [306a7a99-f2a5-4f40-b42b-2fc2def08a6a:group-483C26E2C33D:LeaderElection41] INFO  server.RaftServerConfigKeys (ConfUtils.java:logGet(43)) - raft.server.watch.element-limit = 65536 (default)
2019-09-19 14:21:22,449 [5dfaa0ea-416a-422c-a75d-43311aceb00a:group-D72F4DDBA24B:LeaderElection45] INFO  server.RaftServerConfigKeys (ConfUtils.java:logGet(43)) - raft.server.write.element-limit = 4096 (default)
2019-09-19 14:21:22,449 [Thread-384] INFO  impl.FollowerState (FollowerState.java:run(106)) - 6403e584-2209-453b-b79e-eeb0a7b58516:group-7ED2E8FC417E changes to CANDIDATE, lastRpcTime:5074, electionTimeout:5041ms
2019-09-19 14:21:22,450 [Thread-384] INFO  impl.RoleInfo (RoleInfo.java:shutdownFollowerState(121)) - 6403e584-2209-453b-b79e-eeb0a7b58516: shutdown FollowerState
2019-09-19 14:21:22,449 [pool-38-thread-1] INFO  storage.RaftStorage (RaftStorage.java:format(72)) - Storage directory /workdir/hadoop-ozone/integration-test/target/test-dir/MiniOzoneClusterImpl-210d6028-2152-4683-81ff-347b0d29bb13/datanode-1/data/ratis/f2426e6c-9470-4bc3-8f40-084d5223d16c has been successfully formatted.
2019-09-19 14:21:22,449 [6403e584-2209-453b-b79e-eeb0a7b58516-SegmentedRaftLogWorker:Storage Directory /workdir/hadoop-ozone/integration-test/target/test-dir/MiniOzoneClusterImpl-210d6028-2152-4683-81ff-347b0d29bb13/datanode-3/data/ratis/9d65e548-987d-409e-ba73-5f0e8e22aaf0] INFO  segmented.SegmentedRaftLogWorker (SegmentedRaftLogWorker.java:execute(569)) - 6403e584-2209-453b-b79e-eeb0a7b58516-SegmentedRaftLogWorker:Storage Directory /workdir/hadoop-ozone/integration-test/target/test-dir/MiniOzoneClusterImpl-210d6028-2152-4683-81ff-347b0d29bb13/datanode-3/data/ratis/9d65e548-987d-409e-ba73-5f0e8e22aaf0: created new log segment /workdir/hadoop-ozone/integration-test/target/test-dir/MiniOzoneClusterImpl-210d6028-2152-4683-81ff-347b0d29bb13/datanode-3/data/ratis/9d65e548-987d-409e-ba73-5f0e8e22aaf0/current/log_inprogress_0
2019-09-19 14:21:22,449 [Thread-381] INFO  impl.FollowerState (FollowerState.java:run(106)) - 306a7a99-f2a5-4f40-b42b-2fc2def08a6a:group-9373AAECBC53 changes to CANDIDATE, lastRpcTime:5113, electionTimeout:5086ms
2019-09-19 14:21:22,413 [56d21ab3-8f6d-44ea-b961-c721a1c09246:group-B43650530929:LeaderElection43] INFO  server.RaftServerConfigKeys (ConfUtils.java:logGet(43)) - raft.server.watch.element-limit = 65536 (default)
2019-09-19 14:21:22,451 [Thread-381] INFO  impl.RoleInfo (RoleInfo.java:shutdownFollowerState(121)) - 306a7a99-f2a5-4f40-b42b-2fc2def08a6a: shutdown FollowerState
2019-09-19 14:21:22,451 [56d21ab3-8f6d-44ea-b961-c721a1c09246:group-B43650530929:LeaderElection43] INFO  impl.RoleInfo (RoleInfo.java:updateAndGet(143)) - 56d21ab3-8f6d-44ea-b961-c721a1c09246: start LeaderState
2019-09-19 14:21:22,450 [pool-38-thread-1] INFO  ratis.ContainerStateMachine (ContainerStateMachine.java:loadSnapshot(226)) - group-084D5223D16C: The snapshot info is null. Setting the last applied indexto:(t:0, i:~)
2019-09-19 14:21:22,451 [56d21ab3-8f6d-44ea-b961-c721a1c09246:group-B43650530929:LeaderElection43] INFO  segmented.SegmentedRaftLogWorker (SegmentedRaftLogWorker.java:startLogSegment(380)) - 56d21ab3-8f6d-44ea-b961-c721a1c09246-SegmentedRaftLogWorker:Storage Directory /workdir/hadoop-ozone/integration-test/target/test-dir/MiniOzoneClusterImpl-210d6028-2152-4683-81ff-347b0d29bb13/datanode-6/data/ratis/55aaeaab-f5db-4373-bc71-b43650530929: Starting segment from index:0
2019-09-19 14:21:22,450 [Thread-384] INFO  impl.RaftServerImpl (RaftServerImpl.java:setRole(171)) - 6403e584-2209-453b-b79e-eeb0a7b58516:group-7ED2E8FC417E changes role from FOLLOWER to CANDIDATE at term 0 for changeToCandidate
2019-09-19 14:21:22,450 [306a7a99-f2a5-4f40-b42b-2fc2def08a6a:group-483C26E2C33D:LeaderElection41] INFO  impl.RoleInfo (RoleInfo.java:updateAndGet(143)) - 306a7a99-f2a5-4f40-b42b-2fc2def08a6a: start LeaderState
2019-09-19 14:21:22,450 [306a7a99-f2a5-4f40-b42b-2fc2def08a6a:group-996BF6576E36:LeaderElection44] INFO  impl.RaftServerImpl (ServerState.java:setRaftConf(361)) - 306a7a99-f2a5-4f40-b42b-2fc2def08a6a:group-996BF6576E36 set configuration 0: [306a7a99-f2a5-4f40-b42b-2fc2def08a6a:192.168.157.226:42633], old=null at 0
2019-09-19 14:21:22,452 [306a7a99-f2a5-4f40-b42b-2fc2def08a6a:group-483C26E2C33D:LeaderElection41] INFO  segmented.SegmentedRaftLogWorker (SegmentedRaftLogWorker.java:startLogSegment(380)) - 306a7a99-f2a5-4f40-b42b-2fc2def08a6a-SegmentedRaftLogWorker:Storage Directory /workdir/hadoop-ozone/integration-test/target/test-dir/MiniOzoneClusterImpl-210d6028-2152-4683-81ff-347b0d29bb13/datanode-2/data/ratis/8bea1e5d-0596-40b9-b4e9-483c26e2c33d: Starting segment from index:0
2019-09-19 14:21:22,450 [5dfaa0ea-416a-422c-a75d-43311aceb00a:group-D72F4DDBA24B:LeaderElection45] INFO  server.RaftServerConfigKeys (ConfUtils.java:logGet(43)) - raft.server.watch.timeout = 10s (default)
2019-09-19 14:21:22,486 [1190b9a7-12b1-4c15-b33e-f7d0a0cd436c:group-A85B0E09E1CA:LeaderElection46] INFO  impl.LeaderElection (LeaderElection.java:askForVotes(181)) - 1190b9a7-12b1-4c15-b33e-f7d0a0cd436c:group-A85B0E09E1CA:LeaderElection46: begin an election at term 1 for -1: [1190b9a7-12b1-4c15-b33e-f7d0a0cd436c:192.168.157.226:34463], old=null
2019-09-19 14:21:22,486 [306a7a99-f2a5-4f40-b42b-2fc2def08a6a-SegmentedRaftLogWorker:Storage Directory /workdir/hadoop-ozone/integration-test/target/test-dir/MiniOzoneClusterImpl-210d6028-2152-4683-81ff-347b0d29bb13/datanode-2/data/ratis/5c7e1ec1-c6ce-41a9-b477-0824aa7c83a8] INFO  segmented.SegmentedRaftLogWorker (SegmentedRaftLogWorker.java:execute(569)) - 306a7a99-f2a5-4f40-b42b-2fc2def08a6a-SegmentedRaftLogWorker:Storage Directory /workdir/hadoop-ozone/integration-test/target/test-dir/MiniOzoneClusterImpl-210d6028-2152-4683-81ff-347b0d29bb13/datanode-2/data/ratis/5c7e1ec1-c6ce-41a9-b477-0824aa7c83a8: created new log segment /workdir/hadoop-ozone/integration-test/target/test-dir/MiniOzoneClusterImpl-210d6028-2152-4683-81ff-347b0d29bb13/datanode-2/data/ratis/5c7e1ec1-c6ce-41a9-b477-0824aa7c83a8/current/log_inprogress_0
2019-09-19 14:21:22,486 [Thread-387] INFO  impl.FollowerState (FollowerState.java:run(106)) - 5dfaa0ea-416a-422c-a75d-43311aceb00a:group-7E5C36863F7A changes to CANDIDATE, lastRpcTime:5070, electionTimeout:5052ms
2019-09-19 14:21:22,487 [Thread-387] INFO  impl.RoleInfo (RoleInfo.java:shutdownFollowerState(121)) - 5dfaa0ea-416a-422c-a75d-43311aceb00a: shutdown FollowerState
2019-09-19 14:21:22,452 [56d21ab3-8f6d-44ea-b961-c721a1c09246:group-B43650530929:LeaderElection43] INFO  impl.RaftServerImpl (ServerState.java:setRaftConf(361)) - 56d21ab3-8f6d-44ea-b961-c721a1c09246:group-B43650530929 set configuration 0: [56d21ab3-8f6d-44ea-b961-c721a1c09246:192.168.157.226:39258], old=null at 0
2019-09-19 14:21:22,452 [Thread-384] INFO  impl.RoleInfo (RoleInfo.java:updateAndGet(143)) - 6403e584-2209-453b-b79e-eeb0a7b58516: start LeaderElection
2019-09-19 14:21:22,451 [pool-38-thread-1] INFO  server.RaftServerConfigKeys (ConfUtils.java:logGet(43)) - raft.server.leader.election.timeout = 120s (custom)
2019-09-19 14:21:22,451 [Thread-381] INFO  impl.RaftServerImpl (RaftServerImpl.java:setRole(171)) - 306a7a99-f2a5-4f40-b42b-2fc2def08a6a:group-9373AAECBC53 changes role from FOLLOWER to CANDIDATE at term 0 for changeToCandidate
2019-09-19 14:21:22,525 [pool-38-thread-1] INFO  server.RaftServerConfigKeys (ConfUtils.java:logGet(43)) - raft.server.log.use.memory = false (default)
2019-09-19 14:21:22,525 [56d21ab3-8f6d-44ea-b961-c721a1c09246-SegmentedRaftLogWorker:Storage Directory /workdir/hadoop-ozone/integration-test/target/test-dir/MiniOzoneClusterImpl-210d6028-2152-4683-81ff-347b0d29bb13/datanode-6/data/ratis/55aaeaab-f5db-4373-bc71-b43650530929] INFO  segmented.SegmentedRaftLogWorker (SegmentedRaftLogWorker.java:execute(569)) - 56d21ab3-8f6d-44ea-b961-c721a1c09246-SegmentedRaftLogWorker:Storage Directory /workdir/hadoop-ozone/integration-test/target/test-dir/MiniOzoneClusterImpl-210d6028-2152-4683-81ff-347b0d29bb13/datanode-6/data/ratis/55aaeaab-f5db-4373-bc71-b43650530929: created new log segment /workdir/hadoop-ozone/integration-test/target/test-dir/MiniOzoneClusterImpl-210d6028-2152-4683-81ff-347b0d29bb13/datanode-6/data/ratis/55aaeaab-f5db-4373-bc71-b43650530929/current/log_inprogress_0
2019-09-19 14:21:22,525 [306a7a99-f2a5-4f40-b42b-2fc2def08a6a-SegmentedRaftLogWorker:Storage Directory /workdir/hadoop-ozone/integration-test/target/test-dir/MiniOzoneClusterImpl-210d6028-2152-4683-81ff-347b0d29bb13/datanode-2/data/ratis/0e9545df-6cf7-4a65-b10d-996bf6576e36] INFO  segmented.SegmentedRaftLogWorker (SegmentedRaftLogWorker.java:execute(569)) - 306a7a99-f2a5-4f40-b42b-2fc2def08a6a-SegmentedRaftLogWorker:Storage Directory /workdir/hadoop-ozone/integration-test/target/test-dir/MiniOzoneClusterImpl-210d6028-2152-4683-81ff-347b0d29bb13/datanode-2/data/ratis/0e9545df-6cf7-4a65-b10d-996bf6576e36: created new log segment /workdir/hadoop-ozone/integration-test/target/test-dir/MiniOzoneClusterImpl-210d6028-2152-4683-81ff-347b0d29bb13/datanode-2/data/ratis/0e9545df-6cf7-4a65-b10d-996bf6576e36/current/log_inprogress_0
2019-09-19 14:21:22,526 | INFO  | SCMAudit | user=jenkins1000 | ip=192.168.157.226 | op=SEND_HEARTBEAT {datanodeUUID=5dfaa0ea-416a-422c-a75d-43311aceb00a, command=[]} | ret=SUCCESS |  
2019-09-19 14:21:22,487 [Thread-387] INFO  impl.RaftServerImpl (RaftServerImpl.java:setRole(171)) - 5dfaa0ea-416a-422c-a75d-43311aceb00a:group-7E5C36863F7A changes role from FOLLOWER to CANDIDATE at term 0 for changeToCandidate
2019-09-19 14:21:22,487 [306a7a99-f2a5-4f40-b42b-2fc2def08a6a:group-483C26E2C33D:LeaderElection41] INFO  impl.RaftServerImpl (ServerState.java:setRaftConf(361)) - 306a7a99-f2a5-4f40-b42b-2fc2def08a6a:group-483C26E2C33D set configuration 0: [306a7a99-f2a5-4f40-b42b-2fc2def08a6a:192.168.157.226:42633], old=null at 0
2019-09-19 14:21:22,487 [1190b9a7-12b1-4c15-b33e-f7d0a0cd436c:group-A85B0E09E1CA:LeaderElection46] INFO  impl.RoleInfo (RoleInfo.java:shutdownLeaderElection(134)) - 1190b9a7-12b1-4c15-b33e-f7d0a0cd436c: shutdown LeaderElection
2019-09-19 14:21:22,486 [5dfaa0ea-416a-422c-a75d-43311aceb00a:group-D72F4DDBA24B:LeaderElection45] INFO  server.RaftServerConfigKeys (ConfUtils.java:logGet(43)) - raft.server.watch.timeout.denomination = 1s (default)
2019-09-19 14:21:22,529 [1190b9a7-12b1-4c15-b33e-f7d0a0cd436c:group-A85B0E09E1CA:LeaderElection46] INFO  impl.RaftServerImpl (RaftServerImpl.java:setRole(171)) - 1190b9a7-12b1-4c15-b33e-f7d0a0cd436c:group-A85B0E09E1CA changes role from CANDIDATE to LEADER at term 1 for changeToLeader
2019-09-19 14:21:22,526 [Thread-387] INFO  impl.RoleInfo (RoleInfo.java:updateAndGet(143)) - 5dfaa0ea-416a-422c-a75d-43311aceb00a: start LeaderElection
2019-09-19 14:21:22,526 [pool-38-thread-1] INFO  server.RaftServerConfigKeys (ConfUtils.java:logGet(43)) - raft.server.log.purge.gap = 1000000 (custom)
2019-09-19 14:21:22,526 [Thread-381] INFO  impl.RoleInfo (RoleInfo.java:updateAndGet(143)) - 306a7a99-f2a5-4f40-b42b-2fc2def08a6a: start LeaderElection
2019-09-19 14:21:22,530 [pool-38-thread-1] INFO  server.RaftServerConfigKeys (ConfUtils.java:logGet(43)) - raft.server.log.appender.buffer.byte-limit = 33554432 (custom)
2019-09-19 14:21:22,529 [1190b9a7-12b1-4c15-b33e-f7d0a0cd436c:group-A85B0E09E1CA:LeaderElection46] INFO  impl.RaftServerImpl (ServerState.java:setLeader(263)) - 1190b9a7-12b1-4c15-b33e-f7d0a0cd436c:group-A85B0E09E1CA change Leader from null to 1190b9a7-12b1-4c15-b33e-f7d0a0cd436c at term 1 for becomeLeader, leader elected after 5281ms
2019-09-19 14:21:22,529 [5dfaa0ea-416a-422c-a75d-43311aceb00a:group-D72F4DDBA24B:LeaderElection45] INFO  server.RaftServerConfigKeys (ConfUtils.java:logGet(43)) - raft.server.watch.element-limit = 65536 (default)
2019-09-19 14:21:22,530 [1190b9a7-12b1-4c15-b33e-f7d0a0cd436c:group-A85B0E09E1CA:LeaderElection46] INFO  server.RaftServerConfigKeys (ConfUtils.java:logGet(43)) - raft.server.staging.catchup.gap = 1000 (default)
2019-09-19 14:21:22,531 [5dfaa0ea-416a-422c-a75d-43311aceb00a:group-D72F4DDBA24B:LeaderElection45] INFO  impl.RoleInfo (RoleInfo.java:updateAndGet(143)) - 5dfaa0ea-416a-422c-a75d-43311aceb00a: start LeaderState
2019-09-19 14:21:22,530 [pool-38-thread-1] INFO  server.RaftServerConfigKeys (ConfUtils.java:logGet(43)) - raft.server.log.segment.size.max = 1048576 (custom)
2019-09-19 14:21:22,531 [5dfaa0ea-416a-422c-a75d-43311aceb00a:group-D72F4DDBA24B:LeaderElection45] INFO  segmented.SegmentedRaftLogWorker (SegmentedRaftLogWorker.java:startLogSegment(380)) - 5dfaa0ea-416a-422c-a75d-43311aceb00a-SegmentedRaftLogWorker:Storage Directory /workdir/hadoop-ozone/integration-test/target/test-dir/MiniOzoneClusterImpl-210d6028-2152-4683-81ff-347b0d29bb13/datanode-1/data/ratis/e509eea3-cede-4beb-9405-d72f4ddba24b: Starting segment from index:0
2019-09-19 14:21:22,531 [1190b9a7-12b1-4c15-b33e-f7d0a0cd436c:group-A85B0E09E1CA:LeaderElection46] INFO  server.RaftServerConfigKeys (ConfUtils.java:logGet(43)) - raft.server.rpc.sleep.time = 25ms (default)
2019-09-19 14:21:22,531 [pool-38-thread-1] INFO  server.RaftServerConfigKeys (ConfUtils.java:logGet(43)) - raft.server.log.segment.cache.num.max = 2 (custom)
2019-09-19 14:21:22,531 [1190b9a7-12b1-4c15-b33e-f7d0a0cd436c:group-A85B0E09E1CA:LeaderElection46] INFO  server.RaftServerConfigKeys (ConfUtils.java:logGet(43)) - raft.server.write.element-limit = 4096 (default)
2019-09-19 14:21:22,531 [pool-38-thread-1] INFO  segmented.SegmentedRaftLogWorker (SegmentedRaftLogWorker.java:<init>(172)) - new 5dfaa0ea-416a-422c-a75d-43311aceb00a-SegmentedRaftLogWorker:Storage Directory /workdir/hadoop-ozone/integration-test/target/test-dir/MiniOzoneClusterImpl-210d6028-2152-4683-81ff-347b0d29bb13/datanode-1/data/ratis/f2426e6c-9470-4bc3-8f40-084d5223d16c for RaftStorage:Storage Directory /workdir/hadoop-ozone/integration-test/target/test-dir/MiniOzoneClusterImpl-210d6028-2152-4683-81ff-347b0d29bb13/datanode-1/data/ratis/f2426e6c-9470-4bc3-8f40-084d5223d16c
2019-09-19 14:21:22,531 [5dfaa0ea-416a-422c-a75d-43311aceb00a:group-D72F4DDBA24B:LeaderElection45] INFO  impl.RaftServerImpl (ServerState.java:setRaftConf(361)) - 5dfaa0ea-416a-422c-a75d-43311aceb00a:group-D72F4DDBA24B set configuration 0: [5dfaa0ea-416a-422c-a75d-43311aceb00a:192.168.157.226:45629], old=null at 0
2019-09-19 14:21:22,532 [pool-38-thread-1] INFO  server.RaftServerConfigKeys (ConfUtils.java:logGet(43)) - raft.server.log.queue.byte-limit = 2147483647 (custom)
2019-09-19 14:21:22,532 [1190b9a7-12b1-4c15-b33e-f7d0a0cd436c:group-A85B0E09E1CA:LeaderElection46] INFO  server.RaftServerConfigKeys (ConfUtils.java:logGet(43)) - raft.server.watch.timeout = 10s (default)
2019-09-19 14:21:22,569 [pool-38-thread-1] INFO  server.RaftServerConfigKeys (ConfUtils.java:logGet(43)) - raft.server.log.queue.element-limit = 1024 (custom)
2019-09-19 14:21:22,569 [306a7a99-f2a5-4f40-b42b-2fc2def08a6a:group-9373AAECBC53:LeaderElection48] INFO  impl.LeaderElection (LeaderElection.java:askForVotes(181)) - 306a7a99-f2a5-4f40-b42b-2fc2def08a6a:group-9373AAECBC53:LeaderElection48: begin an election at term 1 for -1: [306a7a99-f2a5-4f40-b42b-2fc2def08a6a:192.168.157.226:42633], old=null
2019-09-19 14:21:22,569 [6403e584-2209-453b-b79e-eeb0a7b58516:group-7ED2E8FC417E:LeaderElection47] INFO  impl.LeaderElection (LeaderElection.java:askForVotes(181)) - 6403e584-2209-453b-b79e-eeb0a7b58516:group-7ED2E8FC417E:LeaderElection47: begin an election at term 1 for -1: [6403e584-2209-453b-b79e-eeb0a7b58516:192.168.157.226:35833], old=null
2019-09-19 14:21:22,569 [5dfaa0ea-416a-422c-a75d-43311aceb00a:group-7E5C36863F7A:LeaderElection49] INFO  impl.LeaderElection (LeaderElection.java:askForVotes(181)) - 5dfaa0ea-416a-422c-a75d-43311aceb00a:group-7E5C36863F7A:LeaderElection49: begin an election at term 1 for -1: [5dfaa0ea-416a-422c-a75d-43311aceb00a:192.168.157.226:45629], old=null
2019-09-19 14:21:22,568 [306a7a99-f2a5-4f40-b42b-2fc2def08a6a-SegmentedRaftLogWorker:Storage Directory /workdir/hadoop-ozone/integration-test/target/test-dir/MiniOzoneClusterImpl-210d6028-2152-4683-81ff-347b0d29bb13/datanode-2/data/ratis/8bea1e5d-0596-40b9-b4e9-483c26e2c33d] INFO  segmented.SegmentedRaftLogWorker (SegmentedRaftLogWorker.java:execute(569)) - 306a7a99-f2a5-4f40-b42b-2fc2def08a6a-SegmentedRaftLogWorker:Storage Directory /workdir/hadoop-ozone/integration-test/target/test-dir/MiniOzoneClusterImpl-210d6028-2152-4683-81ff-347b0d29bb13/datanode-2/data/ratis/8bea1e5d-0596-40b9-b4e9-483c26e2c33d: created new log segment /workdir/hadoop-ozone/integration-test/target/test-dir/MiniOzoneClusterImpl-210d6028-2152-4683-81ff-347b0d29bb13/datanode-2/data/ratis/8bea1e5d-0596-40b9-b4e9-483c26e2c33d/current/log_inprogress_0
2019-09-19 14:21:22,570 [5dfaa0ea-416a-422c-a75d-43311aceb00a:group-7E5C36863F7A:LeaderElection49] INFO  impl.RoleInfo (RoleInfo.java:shutdownLeaderElection(134)) - 5dfaa0ea-416a-422c-a75d-43311aceb00a: shutdown LeaderElection
2019-09-19 14:21:22,570 [5dfaa0ea-416a-422c-a75d-43311aceb00a:group-7E5C36863F7A:LeaderElection49] INFO  impl.RaftServerImpl (RaftServerImpl.java:setRole(171)) - 5dfaa0ea-416a-422c-a75d-43311aceb00a:group-7E5C36863F7A changes role from CANDIDATE to LEADER at term 1 for changeToLeader
2019-09-19 14:21:22,569 [6403e584-2209-453b-b79e-eeb0a7b58516:group-7ED2E8FC417E:LeaderElection47] INFO  impl.RoleInfo (RoleInfo.java:shutdownLeaderElection(134)) - 6403e584-2209-453b-b79e-eeb0a7b58516: shutdown LeaderElection
2019-09-19 14:21:22,569 [306a7a99-f2a5-4f40-b42b-2fc2def08a6a:group-9373AAECBC53:LeaderElection48] INFO  impl.RoleInfo (RoleInfo.java:shutdownLeaderElection(134)) - 306a7a99-f2a5-4f40-b42b-2fc2def08a6a: shutdown LeaderElection
2019-09-19 14:21:22,569 [pool-38-thread-1] INFO  server.RaftServerConfigKeys (ConfUtils.java:logGet(43)) - raft.server.log.segment.size.max = 1048576 (custom)
2019-09-19 14:21:22,569 [1190b9a7-12b1-4c15-b33e-f7d0a0cd436c:group-A85B0E09E1CA:LeaderElection46] INFO  server.RaftServerConfigKeys (ConfUtils.java:logGet(43)) - raft.server.watch.timeout.denomination = 1s (default)
2019-09-19 14:21:22,570 [pool-38-thread-1] INFO  server.RaftServerConfigKeys (ConfUtils.java:logGet(43)) - raft.server.log.preallocated.size = 16384 (custom)
2019-09-19 14:21:22,570 [306a7a99-f2a5-4f40-b42b-2fc2def08a6a:group-9373AAECBC53:LeaderElection48] INFO  impl.RaftServerImpl (RaftServerImpl.java:setRole(171)) - 306a7a99-f2a5-4f40-b42b-2fc2def08a6a:group-9373AAECBC53 changes role from CANDIDATE to LEADER at term 1 for changeToLeader
2019-09-19 14:21:22,571 [306a7a99-f2a5-4f40-b42b-2fc2def08a6a:group-9373AAECBC53:LeaderElection48] INFO  impl.RaftServerImpl (ServerState.java:setLeader(263)) - 306a7a99-f2a5-4f40-b42b-2fc2def08a6a:group-9373AAECBC53 change Leader from null to 306a7a99-f2a5-4f40-b42b-2fc2def08a6a at term 1 for becomeLeader, leader elected after 5240ms
2019-09-19 14:21:22,570 [6403e584-2209-453b-b79e-eeb0a7b58516:group-7ED2E8FC417E:LeaderElection47] INFO  impl.RaftServerImpl (RaftServerImpl.java:setRole(171)) - 6403e584-2209-453b-b79e-eeb0a7b58516:group-7ED2E8FC417E changes role from CANDIDATE to LEADER at term 1 for changeToLeader
2019-09-19 14:21:22,570 [5dfaa0ea-416a-422c-a75d-43311aceb00a:group-7E5C36863F7A:LeaderElection49] INFO  impl.RaftServerImpl (ServerState.java:setLeader(263)) - 5dfaa0ea-416a-422c-a75d-43311aceb00a:group-7E5C36863F7A change Leader from null to 5dfaa0ea-416a-422c-a75d-43311aceb00a at term 1 for becomeLeader, leader elected after 5157ms
2019-09-19 14:21:22,571 [6403e584-2209-453b-b79e-eeb0a7b58516:group-7ED2E8FC417E:LeaderElection47] INFO  impl.RaftServerImpl (ServerState.java:setLeader(263)) - 6403e584-2209-453b-b79e-eeb0a7b58516:group-7ED2E8FC417E change Leader from null to 6403e584-2209-453b-b79e-eeb0a7b58516 at term 1 for becomeLeader, leader elected after 5200ms
2019-09-19 14:21:22,571 [306a7a99-f2a5-4f40-b42b-2fc2def08a6a:group-9373AAECBC53:LeaderElection48] INFO  server.RaftServerConfigKeys (ConfUtils.java:logGet(43)) - raft.server.staging.catchup.gap = 1000 (default)
2019-09-19 14:21:22,571 [pool-38-thread-1] INFO  server.RaftServerConfigKeys (ConfUtils.java:logGet(43)) - raft.server.log.write.buffer.size = 33554432 (custom)
2019-09-19 14:21:22,571 [1190b9a7-12b1-4c15-b33e-f7d0a0cd436c:group-A85B0E09E1CA:LeaderElection46] INFO  server.RaftServerConfigKeys (ConfUtils.java:logGet(43)) - raft.server.watch.element-limit = 65536 (default)
2019-09-19 14:21:22,572 [pool-38-thread-1] INFO  server.RaftServerConfigKeys (ConfUtils.java:logGet(43)) - raft.server.log.force.sync.num = 128 (default)
2019-09-19 14:21:22,572 [306a7a99-f2a5-4f40-b42b-2fc2def08a6a:group-9373AAECBC53:LeaderElection48] INFO  server.RaftServerConfigKeys (ConfUtils.java:logGet(43)) - raft.server.rpc.sleep.time = 25ms (default)
2019-09-19 14:21:22,572 [6403e584-2209-453b-b79e-eeb0a7b58516:group-7ED2E8FC417E:LeaderElection47] INFO  server.RaftServerConfigKeys (ConfUtils.java:logGet(43)) - raft.server.staging.catchup.gap = 1000 (default)
2019-09-19 14:21:22,571 [5dfaa0ea-416a-422c-a75d-43311aceb00a:group-7E5C36863F7A:LeaderElection49] INFO  server.RaftServerConfigKeys (ConfUtils.java:logGet(43)) - raft.server.staging.catchup.gap = 1000 (default)
2019-09-19 14:21:22,572 [6403e584-2209-453b-b79e-eeb0a7b58516:group-7ED2E8FC417E:LeaderElection47] INFO  server.RaftServerConfigKeys (ConfUtils.java:logGet(43)) - raft.server.rpc.sleep.time = 25ms (default)
2019-09-19 14:21:22,572 [306a7a99-f2a5-4f40-b42b-2fc2def08a6a:group-9373AAECBC53:LeaderElection48] INFO  server.RaftServerConfigKeys (ConfUtils.java:logGet(43)) - raft.server.write.element-limit = 4096 (default)
2019-09-19 14:21:22,572 [1190b9a7-12b1-4c15-b33e-f7d0a0cd436c:group-A85B0E09E1CA:LeaderElection46] INFO  impl.RoleInfo (RoleInfo.java:updateAndGet(143)) - 1190b9a7-12b1-4c15-b33e-f7d0a0cd436c: start LeaderState
2019-09-19 14:21:22,572 [pool-38-thread-1] INFO  server.RaftServerConfigKeys (ConfUtils.java:logGet(43)) - raft.server.log.statemachine.data.sync = true (default)
2019-09-19 14:21:22,573 [306a7a99-f2a5-4f40-b42b-2fc2def08a6a:group-9373AAECBC53:LeaderElection48] INFO  server.RaftServerConfigKeys (ConfUtils.java:logGet(43)) - raft.server.watch.timeout = 10s (default)
2019-09-19 14:21:22,573 [306a7a99-f2a5-4f40-b42b-2fc2def08a6a:group-9373AAECBC53:LeaderElection48] INFO  server.RaftServerConfigKeys (ConfUtils.java:logGet(43)) - raft.server.watch.timeout.denomination = 1s (default)
2019-09-19 14:21:22,573 [6403e584-2209-453b-b79e-eeb0a7b58516:group-7ED2E8FC417E:LeaderElection47] INFO  server.RaftServerConfigKeys (ConfUtils.java:logGet(43)) - raft.server.write.element-limit = 4096 (default)
2019-09-19 14:21:22,573 [5dfaa0ea-416a-422c-a75d-43311aceb00a:group-7E5C36863F7A:LeaderElection49] INFO  server.RaftServerConfigKeys (ConfUtils.java:logGet(43)) - raft.server.rpc.sleep.time = 25ms (default)
2019-09-19 14:21:22,574 [6403e584-2209-453b-b79e-eeb0a7b58516:group-7ED2E8FC417E:LeaderElection47] INFO  server.RaftServerConfigKeys (ConfUtils.java:logGet(43)) - raft.server.watch.timeout = 10s (default)
2019-09-19 14:21:22,573 [306a7a99-f2a5-4f40-b42b-2fc2def08a6a:group-9373AAECBC53:LeaderElection48] INFO  server.RaftServerConfigKeys (ConfUtils.java:logGet(43)) - raft.server.watch.element-limit = 65536 (default)
2019-09-19 14:21:22,573 [1190b9a7-12b1-4c15-b33e-f7d0a0cd436c:group-A85B0E09E1CA:LeaderElection46] INFO  segmented.SegmentedRaftLogWorker (SegmentedRaftLogWorker.java:startLogSegment(380)) - 1190b9a7-12b1-4c15-b33e-f7d0a0cd436c-SegmentedRaftLogWorker:Storage Directory /workdir/hadoop-ozone/integration-test/target/test-dir/MiniOzoneClusterImpl-210d6028-2152-4683-81ff-347b0d29bb13/datanode-4/data/ratis/a62a009a-ce40-4fc3-a30e-a85b0e09e1ca: Starting segment from index:0
2019-09-19 14:21:22,573 [pool-38-thread-1] INFO  server.RaftServerConfigKeys (ConfUtils.java:logGet(43)) - raft.server.log.statemachine.data.sync.timeout = 10s (default)
2019-09-19 14:21:22,574 [306a7a99-f2a5-4f40-b42b-2fc2def08a6a:group-9373AAECBC53:LeaderElection48] INFO  impl.RoleInfo (RoleInfo.java:updateAndGet(143)) - 306a7a99-f2a5-4f40-b42b-2fc2def08a6a: start LeaderState
2019-09-19 14:21:22,574 [6403e584-2209-453b-b79e-eeb0a7b58516:group-7ED2E8FC417E:LeaderElection47] INFO  server.RaftServerConfigKeys (ConfUtils.java:logGet(43)) - raft.server.watch.timeout.denomination = 1s (default)
2019-09-19 14:21:22,574 [5dfaa0ea-416a-422c-a75d-43311aceb00a:group-7E5C36863F7A:LeaderElection49] INFO  server.RaftServerConfigKeys (ConfUtils.java:logGet(43)) - raft.server.write.element-limit = 4096 (default)
2019-09-19 14:21:22,575 [306a7a99-f2a5-4f40-b42b-2fc2def08a6a:group-9373AAECBC53:LeaderElection48] INFO  segmented.SegmentedRaftLogWorker (SegmentedRaftLogWorker.java:startLogSegment(380)) - 306a7a99-f2a5-4f40-b42b-2fc2def08a6a-SegmentedRaftLogWorker:Storage Directory /workdir/hadoop-ozone/integration-test/target/test-dir/MiniOzoneClusterImpl-210d6028-2152-4683-81ff-347b0d29bb13/datanode-2/data/ratis/85883cba-0f10-4e08-a935-9373aaecbc53: Starting segment from index:0
2019-09-19 14:21:22,575 [6403e584-2209-453b-b79e-eeb0a7b58516:group-7ED2E8FC417E:LeaderElection47] INFO  server.RaftServerConfigKeys (ConfUtils.java:logGet(43)) - raft.server.watch.element-limit = 65536 (default)
2019-09-19 14:21:22,575 [1190b9a7-12b1-4c15-b33e-f7d0a0cd436c:group-A85B0E09E1CA:LeaderElection46] INFO  impl.RaftServerImpl (ServerState.java:setRaftConf(361)) - 1190b9a7-12b1-4c15-b33e-f7d0a0cd436c:group-A85B0E09E1CA set configuration 0: [1190b9a7-12b1-4c15-b33e-f7d0a0cd436c:192.168.157.226:34463], old=null at 0
2019-09-19 14:21:22,574 [pool-38-thread-1] INFO  server.RaftServerConfigKeys (ConfUtils.java:logGet(43)) - raft.server.log.statemachine.data.sync.timeout.retry = -1 (default)
2019-09-19 14:21:22,614 [5dfaa0ea-416a-422c-a75d-43311aceb00a-SegmentedRaftLogWorker:Storage Directory /workdir/hadoop-ozone/integration-test/target/test-dir/MiniOzoneClusterImpl-210d6028-2152-4683-81ff-347b0d29bb13/datanode-1/data/ratis/e509eea3-cede-4beb-9405-d72f4ddba24b] INFO  segmented.SegmentedRaftLogWorker (SegmentedRaftLogWorker.java:execute(569)) - 5dfaa0ea-416a-422c-a75d-43311aceb00a-SegmentedRaftLogWorker:Storage Directory /workdir/hadoop-ozone/integration-test/target/test-dir/MiniOzoneClusterImpl-210d6028-2152-4683-81ff-347b0d29bb13/datanode-1/data/ratis/e509eea3-cede-4beb-9405-d72f4ddba24b: created new log segment /workdir/hadoop-ozone/integration-test/target/test-dir/MiniOzoneClusterImpl-210d6028-2152-4683-81ff-347b0d29bb13/datanode-1/data/ratis/e509eea3-cede-4beb-9405-d72f4ddba24b/current/log_inprogress_0
2019-09-19 14:21:22,576 [306a7a99-f2a5-4f40-b42b-2fc2def08a6a:group-9373AAECBC53:LeaderElection48] INFO  impl.RaftServerImpl (ServerState.java:setRaftConf(361)) - 306a7a99-f2a5-4f40-b42b-2fc2def08a6a:group-9373AAECBC53 set configuration 0: [306a7a99-f2a5-4f40-b42b-2fc2def08a6a:192.168.157.226:42633], old=null at 0
2019-09-19 14:21:22,575 [6403e584-2209-453b-b79e-eeb0a7b58516:group-7ED2E8FC417E:LeaderElection47] INFO  impl.RoleInfo (RoleInfo.java:updateAndGet(143)) - 6403e584-2209-453b-b79e-eeb0a7b58516: start LeaderState
2019-09-19 14:21:22,575 [5dfaa0ea-416a-422c-a75d-43311aceb00a:group-7E5C36863F7A:LeaderElection49] INFO  server.RaftServerConfigKeys (ConfUtils.java:logGet(43)) - raft.server.watch.timeout = 10s (default)
2019-09-19 14:21:22,617 [6403e584-2209-453b-b79e-eeb0a7b58516:group-7ED2E8FC417E:LeaderElection47] INFO  segmented.SegmentedRaftLogWorker (SegmentedRaftLogWorker.java:startLogSegment(380)) - 6403e584-2209-453b-b79e-eeb0a7b58516-SegmentedRaftLogWorker:Storage Directory /workdir/hadoop-ozone/integration-test/target/test-dir/MiniOzoneClusterImpl-210d6028-2152-4683-81ff-347b0d29bb13/datanode-3/data/ratis/5077b810-8dbc-4d9f-bade-7ed2e8fc417e: Starting segment from index:0
2019-09-19 14:21:22,618 | INFO  | SCMAudit | user=jenkins1000 | ip=192.168.157.226 | op=SEND_HEARTBEAT {datanodeUUID=431517c4-8c09-4790-b37b-2e132c8143ad, command=[]} | ret=SUCCESS |  
2019-09-19 14:21:22,615 [pool-38-thread-1] INFO  server.RaftServerConfigKeys (ConfUtils.java:logGet(43)) - raft.server.log.statemachine.data.caching.enabled = true (custom)
2019-09-19 14:21:22,618 [5dfaa0ea-416a-422c-a75d-43311aceb00a:group-7E5C36863F7A:LeaderElection49] INFO  server.RaftServerConfigKeys (ConfUtils.java:logGet(43)) - raft.server.watch.timeout.denomination = 1s (default)
2019-09-19 14:21:22,618 [5dfaa0ea-416a-422c-a75d-43311aceb00a:group-7E5C36863F7A:LeaderElection49] INFO  server.RaftServerConfigKeys (ConfUtils.java:logGet(43)) - raft.server.watch.element-limit = 65536 (default)
2019-09-19 14:21:22,618 [pool-38-thread-1] INFO  segmented.SegmentedRaftLogWorker (SegmentedRaftLogWorker.java:lambda$new$0(132)) - 5dfaa0ea-416a-422c-a75d-43311aceb00a-SegmentedRaftLogWorker:Storage Directory /workdir/hadoop-ozone/integration-test/target/test-dir/MiniOzoneClusterImpl-210d6028-2152-4683-81ff-347b0d29bb13/datanode-1/data/ratis/f2426e6c-9470-4bc3-8f40-084d5223d16c: flushIndex: setUnconditionally 0 -> -1
2019-09-19 14:21:22,618 [6403e584-2209-453b-b79e-eeb0a7b58516:group-7ED2E8FC417E:LeaderElection47] INFO  impl.RaftServerImpl (ServerState.java:setRaftConf(361)) - 6403e584-2209-453b-b79e-eeb0a7b58516:group-7ED2E8FC417E set configuration 0: [6403e584-2209-453b-b79e-eeb0a7b58516:192.168.157.226:35833], old=null at 0
2019-09-19 14:21:22,618 [5dfaa0ea-416a-422c-a75d-43311aceb00a:group-7E5C36863F7A:LeaderElection49] INFO  impl.RoleInfo (RoleInfo.java:updateAndGet(143)) - 5dfaa0ea-416a-422c-a75d-43311aceb00a: start LeaderState
2019-09-19 14:21:22,619 [pool-38-thread-1] INFO  server.RaftServerConfigKeys (ConfUtils.java:logGet(43)) - raft.server.snapshot.auto.trigger.enabled = true (custom)
2019-09-19 14:21:22,655 [306a7a99-f2a5-4f40-b42b-2fc2def08a6a-SegmentedRaftLogWorker:Storage Directory /workdir/hadoop-ozone/integration-test/target/test-dir/MiniOzoneClusterImpl-210d6028-2152-4683-81ff-347b0d29bb13/datanode-2/data/ratis/85883cba-0f10-4e08-a935-9373aaecbc53] INFO  segmented.SegmentedRaftLogWorker (SegmentedRaftLogWorker.java:execute(569)) - 306a7a99-f2a5-4f40-b42b-2fc2def08a6a-SegmentedRaftLogWorker:Storage Directory /workdir/hadoop-ozone/integration-test/target/test-dir/MiniOzoneClusterImpl-210d6028-2152-4683-81ff-347b0d29bb13/datanode-2/data/ratis/85883cba-0f10-4e08-a935-9373aaecbc53: created new log segment /workdir/hadoop-ozone/integration-test/target/test-dir/MiniOzoneClusterImpl-210d6028-2152-4683-81ff-347b0d29bb13/datanode-2/data/ratis/85883cba-0f10-4e08-a935-9373aaecbc53/current/log_inprogress_0
2019-09-19 14:21:22,655 [1190b9a7-12b1-4c15-b33e-f7d0a0cd436c-SegmentedRaftLogWorker:Storage Directory /workdir/hadoop-ozone/integration-test/target/test-dir/MiniOzoneClusterImpl-210d6028-2152-4683-81ff-347b0d29bb13/datanode-4/data/ratis/a62a009a-ce40-4fc3-a30e-a85b0e09e1ca] INFO  segmented.SegmentedRaftLogWorker (SegmentedRaftLogWorker.java:execute(569)) - 1190b9a7-12b1-4c15-b33e-f7d0a0cd436c-SegmentedRaftLogWorker:Storage Directory /workdir/hadoop-ozone/integration-test/target/test-dir/MiniOzoneClusterImpl-210d6028-2152-4683-81ff-347b0d29bb13/datanode-4/data/ratis/a62a009a-ce40-4fc3-a30e-a85b0e09e1ca: created new log segment /workdir/hadoop-ozone/integration-test/target/test-dir/MiniOzoneClusterImpl-210d6028-2152-4683-81ff-347b0d29bb13/datanode-4/data/ratis/a62a009a-ce40-4fc3-a30e-a85b0e09e1ca/current/log_inprogress_0
2019-09-19 14:21:22,655 [Thread-390] INFO  impl.FollowerState (FollowerState.java:run(106)) - 85c6a9f3-b9a5-43a5-ac4f-9aa7bd5f2263:group-D0C5C1B6B944 changes to CANDIDATE, lastRpcTime:5197, electionTimeout:5169ms
2019-09-19 14:21:22,656 [Thread-390] INFO  impl.RoleInfo (RoleInfo.java:shutdownFollowerState(121)) - 85c6a9f3-b9a5-43a5-ac4f-9aa7bd5f2263: shutdown FollowerState
2019-09-19 14:21:22,655 [Thread-399] INFO  impl.FollowerState (FollowerState.java:run(106)) - 1190b9a7-12b1-4c15-b33e-f7d0a0cd436c:group-2A7AF49ABE85 changes to CANDIDATE, lastRpcTime:5051, electionTimeout:5032ms
2019-09-19 14:21:22,656 [Thread-390] INFO  impl.RaftServerImpl (RaftServerImpl.java:setRole(171)) - 85c6a9f3-b9a5-43a5-ac4f-9aa7bd5f2263:group-D0C5C1B6B944 changes role from FOLLOWER to CANDIDATE at term 0 for changeToCandidate
2019-09-19 14:21:22,655 [pool-38-thread-1] INFO  server.RaftServerConfigKeys (ConfUtils.java:logGet(43)) - raft.server.snapshot.auto.trigger.threshold = 10000 (custom)
2019-09-19 14:21:22,655 [5dfaa0ea-416a-422c-a75d-43311aceb00a:group-7E5C36863F7A:LeaderElection49] INFO  segmented.SegmentedRaftLogWorker (SegmentedRaftLogWorker.java:startLogSegment(380)) - 5dfaa0ea-416a-422c-a75d-43311aceb00a-SegmentedRaftLogWorker:Storage Directory /workdir/hadoop-ozone/integration-test/target/test-dir/MiniOzoneClusterImpl-210d6028-2152-4683-81ff-347b0d29bb13/datanode-1/data/ratis/41ee0157-9526-4794-872d-7e5c36863f7a: Starting segment from index:0
2019-09-19 14:21:22,656 [pool-38-thread-1] INFO  server.RaftServerConfigKeys (ConfUtils.java:logGet(43)) - raft.server.retrycache.expirytime = 600000ms (custom)
2019-09-19 14:21:22,656 [Thread-390] INFO  impl.RoleInfo (RoleInfo.java:updateAndGet(143)) - 85c6a9f3-b9a5-43a5-ac4f-9aa7bd5f2263: start LeaderElection
2019-09-19 14:21:22,656 [Thread-399] INFO  impl.RoleInfo (RoleInfo.java:shutdownFollowerState(121)) - 1190b9a7-12b1-4c15-b33e-f7d0a0cd436c: shutdown FollowerState
2019-09-19 14:21:22,657 [Thread-399] INFO  impl.RaftServerImpl (RaftServerImpl.java:setRole(171)) - 1190b9a7-12b1-4c15-b33e-f7d0a0cd436c:group-2A7AF49ABE85 changes role from FOLLOWER to CANDIDATE at term 0 for changeToCandidate
2019-09-19 14:21:22,657 [pool-38-thread-1] INFO  impl.RaftServerImpl (RaftServerImpl.java:start(180)) - 5dfaa0ea-416a-422c-a75d-43311aceb00a: start group-084D5223D16C
2019-09-19 14:21:22,657 [Thread-399] INFO  impl.RoleInfo (RoleInfo.java:updateAndGet(143)) - 1190b9a7-12b1-4c15-b33e-f7d0a0cd436c: start LeaderElection
2019-09-19 14:21:22,657 [5dfaa0ea-416a-422c-a75d-43311aceb00a:group-7E5C36863F7A:LeaderElection49] INFO  impl.RaftServerImpl (ServerState.java:setRaftConf(361)) - 5dfaa0ea-416a-422c-a75d-43311aceb00a:group-7E5C36863F7A set configuration 0: [5dfaa0ea-416a-422c-a75d-43311aceb00a:192.168.157.226:45629], old=null at 0
2019-09-19 14:21:22,657 [pool-38-thread-1] INFO  impl.RaftServerImpl (RaftServerImpl.java:setRole(171)) - 5dfaa0ea-416a-422c-a75d-43311aceb00a:group-084D5223D16C changes role from null to FOLLOWER at term 0 for startAsFollower
2019-09-19 14:21:22,696 [6403e584-2209-453b-b79e-eeb0a7b58516-SegmentedRaftLogWorker:Storage Directory /workdir/hadoop-ozone/integration-test/target/test-dir/MiniOzoneClusterImpl-210d6028-2152-4683-81ff-347b0d29bb13/datanode-3/data/ratis/5077b810-8dbc-4d9f-bade-7ed2e8fc417e] INFO  segmented.SegmentedRaftLogWorker (SegmentedRaftLogWorker.java:execute(569)) - 6403e584-2209-453b-b79e-eeb0a7b58516-SegmentedRaftLogWorker:Storage Directory /workdir/hadoop-ozone/integration-test/target/test-dir/MiniOzoneClusterImpl-210d6028-2152-4683-81ff-347b0d29bb13/datanode-3/data/ratis/5077b810-8dbc-4d9f-bade-7ed2e8fc417e: created new log segment /workdir/hadoop-ozone/integration-test/target/test-dir/MiniOzoneClusterImpl-210d6028-2152-4683-81ff-347b0d29bb13/datanode-3/data/ratis/5077b810-8dbc-4d9f-bade-7ed2e8fc417e/current/log_inprogress_0
2019-09-19 14:21:22,696 [Thread-396] INFO  impl.FollowerState (FollowerState.java:run(106)) - 6403e584-2209-453b-b79e-eeb0a7b58516:group-0CAE737B2FB6 changes to CANDIDATE, lastRpcTime:5136, electionTimeout:5115ms
2019-09-19 14:21:22,696 [Thread-393] INFO  impl.FollowerState (FollowerState.java:run(106)) - 431517c4-8c09-4790-b37b-2e132c8143ad:group-A96635456DCF changes to CANDIDATE, lastRpcTime:5206, electionTimeout:5186ms
2019-09-19 14:21:22,697 [Thread-396] INFO  impl.RoleInfo (RoleInfo.java:shutdownFollowerState(121)) - 6403e584-2209-453b-b79e-eeb0a7b58516: shutdown FollowerState
2019-09-19 14:21:22,697 [Thread-393] INFO  impl.RoleInfo (RoleInfo.java:shutdownFollowerState(121)) - 431517c4-8c09-4790-b37b-2e132c8143ad: shutdown FollowerState
2019-09-19 14:21:22,696 [pool-38-thread-1] INFO  impl.RoleInfo (RoleInfo.java:updateAndGet(143)) - 5dfaa0ea-416a-422c-a75d-43311aceb00a: start FollowerState
2019-09-19 14:21:22,697 [Thread-393] INFO  impl.RaftServerImpl (RaftServerImpl.java:setRole(171)) - 431517c4-8c09-4790-b37b-2e132c8143ad:group-A96635456DCF changes role from FOLLOWER to CANDIDATE at term 0 for changeToCandidate
2019-09-19 14:21:22,697 [Thread-396] INFO  impl.RaftServerImpl (RaftServerImpl.java:setRole(171)) - 6403e584-2209-453b-b79e-eeb0a7b58516:group-0CAE737B2FB6 changes role from FOLLOWER to CANDIDATE at term 0 for changeToCandidate
2019-09-19 14:21:22,697 [Thread-393] INFO  impl.RoleInfo (RoleInfo.java:updateAndGet(143)) - 431517c4-8c09-4790-b37b-2e132c8143ad: start LeaderElection
2019-09-19 14:21:22,697 [Thread-396] INFO  impl.RoleInfo (RoleInfo.java:updateAndGet(143)) - 6403e584-2209-453b-b79e-eeb0a7b58516: start LeaderElection
2019-09-19 14:21:22,698 [pool-38-thread-1] INFO  util.JmxRegister (JmxRegister.java:tryRegister(44)) - Successfully registered JMX Bean with object name Ratis:service=RaftServer,group=group-084D5223D16C,id=5dfaa0ea-416a-422c-a75d-43311aceb00a
2019-09-19 14:21:22,700 [RatisPipelineUtilsThread] INFO  pipeline.PipelineStateManager (PipelineStateManager.java:addPipeline(56)) - Created pipeline Pipeline[ Id: f2426e6c-9470-4bc3-8f40-084d5223d16c, Nodes: 5dfaa0ea-416a-422c-a75d-43311aceb00a{ip: 192.168.157.226, host: pr-hdds-1569-swxfz-3172132826, networkLocation: /default-rack, certSerialId: null}, Type:RATIS, Factor:ONE, State:OPEN]
2019-09-19 14:21:22,706 [grpc-default-executor-1] INFO  impl.RaftServerProxy (RaftServerProxy.java:addNew(89)) - 306a7a99-f2a5-4f40-b42b-2fc2def08a6a: addNew group-10AA2815E586:[306a7a99-f2a5-4f40-b42b-2fc2def08a6a:192.168.157.226:42633] returns group-10AA2815E586:java.util.concurrent.CompletableFuture@742381b9[Not completed]
2019-09-19 14:21:22,707 [pool-49-thread-1] INFO  impl.RaftServerImpl (RaftServerImpl.java:<init>(93)) - 306a7a99-f2a5-4f40-b42b-2fc2def08a6a: new RaftServerImpl for group-10AA2815E586:[306a7a99-f2a5-4f40-b42b-2fc2def08a6a:192.168.157.226:42633] with ContainerStateMachine:uninitialized
2019-09-19 14:21:22,707 [pool-49-thread-1] INFO  server.RaftServerConfigKeys (ConfUtils.java:logGet(43)) - raft.server.rpc.timeout.min = 5s (custom)
2019-09-19 14:21:22,707 [pool-49-thread-1] INFO  server.RaftServerConfigKeys (ConfUtils.java:logGet(43)) - raft.server.rpc.timeout.max = 5200ms (custom)
2019-09-19 14:21:22,707 [pool-49-thread-1] INFO  server.RaftServerConfigKeys (ConfUtils.java:logGet(43)) - raft.server.rpcslowness.timeout = 120s (custom)
2019-09-19 14:21:22,708 [pool-49-thread-1] INFO  server.RaftServerConfigKeys (ConfUtils.java:logGet(43)) - raft.server.sleep.deviation.threshold = 300 (default)
2019-09-19 14:21:22,708 [pool-49-thread-1] INFO  server.RaftServerConfigKeys (ConfUtils.java:logGet(43)) - raft.server.log.appender.install.snapshot.enabled = false (custom)
2019-09-19 14:21:22,708 [pool-49-thread-1] INFO  impl.RaftServerImpl (ServerState.java:<init>(105)) - 306a7a99-f2a5-4f40-b42b-2fc2def08a6a:group-10AA2815E586 ConfigurationManager, init=-1: [306a7a99-f2a5-4f40-b42b-2fc2def08a6a:192.168.157.226:42633], old=null, confs=<EMPTY_MAP>
2019-09-19 14:21:22,708 [pool-49-thread-1] INFO  server.RaftServerConfigKeys (ConfUtils.java:logGet(43)) - raft.server.storage.dir = [/workdir/hadoop-ozone/integration-test/target/test-dir/MiniOzoneClusterImpl-210d6028-2152-4683-81ff-347b0d29bb13/datanode-2/data/ratis] (custom)
2019-09-19 14:21:22,709 [pool-49-thread-1] INFO  storage.RaftStorageDirectory (RaftStorageDirectory.java:analyzeStorage(246)) - The storage directory /workdir/hadoop-ozone/integration-test/target/test-dir/MiniOzoneClusterImpl-210d6028-2152-4683-81ff-347b0d29bb13/datanode-2/data/ratis/fdcdab3e-bf1c-409c-be08-10aa2815e586 does not exist. Creating ...
2019-09-19 14:21:22,710 [5dfaa0ea-416a-422c-a75d-43311aceb00a-SegmentedRaftLogWorker:Storage Directory /workdir/hadoop-ozone/integration-test/target/test-dir/MiniOzoneClusterImpl-210d6028-2152-4683-81ff-347b0d29bb13/datanode-1/data/ratis/41ee0157-9526-4794-872d-7e5c36863f7a] INFO  segmented.SegmentedRaftLogWorker (SegmentedRaftLogWorker.java:execute(569)) - 5dfaa0ea-416a-422c-a75d-43311aceb00a-SegmentedRaftLogWorker:Storage Directory /workdir/hadoop-ozone/integration-test/target/test-dir/MiniOzoneClusterImpl-210d6028-2152-4683-81ff-347b0d29bb13/datanode-1/data/ratis/41ee0157-9526-4794-872d-7e5c36863f7a: created new log segment /workdir/hadoop-ozone/integration-test/target/test-dir/MiniOzoneClusterImpl-210d6028-2152-4683-81ff-347b0d29bb13/datanode-1/data/ratis/41ee0157-9526-4794-872d-7e5c36863f7a/current/log_inprogress_0
2019-09-19 14:21:22,710 [6403e584-2209-453b-b79e-eeb0a7b58516:group-0CAE737B2FB6:LeaderElection53] INFO  impl.LeaderElection (LeaderElection.java:askForVotes(181)) - 6403e584-2209-453b-b79e-eeb0a7b58516:group-0CAE737B2FB6:LeaderElection53: begin an election at term 1 for -1: [6403e584-2209-453b-b79e-eeb0a7b58516:192.168.157.226:35833], old=null
2019-09-19 14:21:22,710 [1190b9a7-12b1-4c15-b33e-f7d0a0cd436c:group-2A7AF49ABE85:LeaderElection51] INFO  impl.LeaderElection (LeaderElection.java:askForVotes(181)) - 1190b9a7-12b1-4c15-b33e-f7d0a0cd436c:group-2A7AF49ABE85:LeaderElection51: begin an election at term 1 for -1: [1190b9a7-12b1-4c15-b33e-f7d0a0cd436c:192.168.157.226:34463], old=null
2019-09-19 14:21:22,710 [85c6a9f3-b9a5-43a5-ac4f-9aa7bd5f2263:group-D0C5C1B6B944:LeaderElection50] INFO  impl.LeaderElection (LeaderElection.java:askForVotes(181)) - 85c6a9f3-b9a5-43a5-ac4f-9aa7bd5f2263:group-D0C5C1B6B944:LeaderElection50: begin an election at term 1 for -1: [85c6a9f3-b9a5-43a5-ac4f-9aa7bd5f2263:192.168.157.226:45170], old=null
2019-09-19 14:21:22,710 [1190b9a7-12b1-4c15-b33e-f7d0a0cd436c:group-2A7AF49ABE85:LeaderElection51] INFO  impl.RoleInfo (RoleInfo.java:shutdownLeaderElection(134)) - 1190b9a7-12b1-4c15-b33e-f7d0a0cd436c: shutdown LeaderElection
2019-09-19 14:21:22,710 [6403e584-2209-453b-b79e-eeb0a7b58516:group-0CAE737B2FB6:LeaderElection53] INFO  impl.RoleInfo (RoleInfo.java:shutdownLeaderElection(134)) - 6403e584-2209-453b-b79e-eeb0a7b58516: shutdown LeaderElection
2019-09-19 14:21:22,710 [431517c4-8c09-4790-b37b-2e132c8143ad:group-A96635456DCF:LeaderElection52] INFO  impl.LeaderElection (LeaderElection.java:askForVotes(181)) - 431517c4-8c09-4790-b37b-2e132c8143ad:group-A96635456DCF:LeaderElection52: begin an election at term 1 for -1: [431517c4-8c09-4790-b37b-2e132c8143ad:192.168.157.226:40911], old=null
2019-09-19 14:21:22,710 [6403e584-2209-453b-b79e-eeb0a7b58516:group-0CAE737B2FB6:LeaderElection53] INFO  impl.RaftServerImpl (RaftServerImpl.java:setRole(171)) - 6403e584-2209-453b-b79e-eeb0a7b58516:group-0CAE737B2FB6 changes role from CANDIDATE to LEADER at term 1 for changeToLeader
2019-09-19 14:21:22,710 [1190b9a7-12b1-4c15-b33e-f7d0a0cd436c:group-2A7AF49ABE85:LeaderElection51] INFO  impl.RaftServerImpl (RaftServerImpl.java:setRole(171)) - 1190b9a7-12b1-4c15-b33e-f7d0a0cd436c:group-2A7AF49ABE85 changes role from CANDIDATE to LEADER at term 1 for changeToLeader
2019-09-19 14:21:22,710 [85c6a9f3-b9a5-43a5-ac4f-9aa7bd5f2263:group-D0C5C1B6B944:LeaderElection50] INFO  impl.RoleInfo (RoleInfo.java:shutdownLeaderElection(134)) - 85c6a9f3-b9a5-43a5-ac4f-9aa7bd5f2263: shutdown LeaderElection
2019-09-19 14:21:22,711 [1190b9a7-12b1-4c15-b33e-f7d0a0cd436c:group-2A7AF49ABE85:LeaderElection51] INFO  impl.RaftServerImpl (ServerState.java:setLeader(263)) - 1190b9a7-12b1-4c15-b33e-f7d0a0cd436c:group-2A7AF49ABE85 change Leader from null to 1190b9a7-12b1-4c15-b33e-f7d0a0cd436c at term 1 for becomeLeader, leader elected after 5111ms
2019-09-19 14:21:22,711 [6403e584-2209-453b-b79e-eeb0a7b58516:group-0CAE737B2FB6:LeaderElection53] INFO  impl.RaftServerImpl (ServerState.java:setLeader(263)) - 6403e584-2209-453b-b79e-eeb0a7b58516:group-0CAE737B2FB6 change Leader from null to 6403e584-2209-453b-b79e-eeb0a7b58516 at term 1 for becomeLeader, leader elected after 5157ms
2019-09-19 14:21:22,710 [431517c4-8c09-4790-b37b-2e132c8143ad:group-A96635456DCF:LeaderElection52] INFO  impl.RoleInfo (RoleInfo.java:shutdownLeaderElection(134)) - 431517c4-8c09-4790-b37b-2e132c8143ad: shutdown LeaderElection
2019-09-19 14:21:22,711 [6403e584-2209-453b-b79e-eeb0a7b58516:group-0CAE737B2FB6:LeaderElection53] INFO  server.RaftServerConfigKeys (ConfUtils.java:logGet(43)) - raft.server.staging.catchup.gap = 1000 (default)
2019-09-19 14:21:22,711 [1190b9a7-12b1-4c15-b33e-f7d0a0cd436c:group-2A7AF49ABE85:LeaderElection51] INFO  server.RaftServerConfigKeys (ConfUtils.java:logGet(43)) - raft.server.staging.catchup.gap = 1000 (default)
2019-09-19 14:21:22,711 [85c6a9f3-b9a5-43a5-ac4f-9aa7bd5f2263:group-D0C5C1B6B944:LeaderElection50] INFO  impl.RaftServerImpl (RaftServerImpl.java:setRole(171)) - 85c6a9f3-b9a5-43a5-ac4f-9aa7bd5f2263:group-D0C5C1B6B944 changes role from CANDIDATE to LEADER at term 1 for changeToLeader
2019-09-19 14:21:22,711 [1190b9a7-12b1-4c15-b33e-f7d0a0cd436c:group-2A7AF49ABE85:LeaderElection51] INFO  server.RaftServerConfigKeys (ConfUtils.java:logGet(43)) - raft.server.rpc.sleep.time = 25ms (default)
2019-09-19 14:21:22,711 [6403e584-2209-453b-b79e-eeb0a7b58516:group-0CAE737B2FB6:LeaderElection53] INFO  server.RaftServerConfigKeys (ConfUtils.java:logGet(43)) - raft.server.rpc.sleep.time = 25ms (default)
2019-09-19 14:21:22,711 [431517c4-8c09-4790-b37b-2e132c8143ad:group-A96635456DCF:LeaderElection52] INFO  impl.RaftServerImpl (RaftServerImpl.java:setRole(171)) - 431517c4-8c09-4790-b37b-2e132c8143ad:group-A96635456DCF changes role from CANDIDATE to LEADER at term 1 for changeToLeader
2019-09-19 14:21:22,712 [6403e584-2209-453b-b79e-eeb0a7b58516:group-0CAE737B2FB6:LeaderElection53] INFO  server.RaftServerConfigKeys (ConfUtils.java:logGet(43)) - raft.server.write.element-limit = 4096 (default)
2019-09-19 14:21:22,712 [1190b9a7-12b1-4c15-b33e-f7d0a0cd436c:group-2A7AF49ABE85:LeaderElection51] INFO  server.RaftServerConfigKeys (ConfUtils.java:logGet(43)) - raft.server.write.element-limit = 4096 (default)
2019-09-19 14:21:22,712 [85c6a9f3-b9a5-43a5-ac4f-9aa7bd5f2263:group-D0C5C1B6B944:LeaderElection50] INFO  impl.RaftServerImpl (ServerState.java:setLeader(263)) - 85c6a9f3-b9a5-43a5-ac4f-9aa7bd5f2263:group-D0C5C1B6B944 change Leader from null to 85c6a9f3-b9a5-43a5-ac4f-9aa7bd5f2263 at term 1 for becomeLeader, leader elected after 5258ms
2019-09-19 14:21:22,712 [1190b9a7-12b1-4c15-b33e-f7d0a0cd436c:group-2A7AF49ABE85:LeaderElection51] INFO  server.RaftServerConfigKeys (ConfUtils.java:logGet(43)) - raft.server.watch.timeout = 10s (default)
2019-09-19 14:21:22,712 [6403e584-2209-453b-b79e-eeb0a7b58516:group-0CAE737B2FB6:LeaderElection53] INFO  server.RaftServerConfigKeys (ConfUtils.java:logGet(43)) - raft.server.watch.timeout = 10s (default)
2019-09-19 14:21:22,712 [431517c4-8c09-4790-b37b-2e132c8143ad:group-A96635456DCF:LeaderElection52] INFO  impl.RaftServerImpl (ServerState.java:setLeader(263)) - 431517c4-8c09-4790-b37b-2e132c8143ad:group-A96635456DCF change Leader from null to 431517c4-8c09-4790-b37b-2e132c8143ad at term 1 for becomeLeader, leader elected after 5226ms
2019-09-19 14:21:22,713 [6403e584-2209-453b-b79e-eeb0a7b58516:group-0CAE737B2FB6:LeaderElection53] INFO  server.RaftServerConfigKeys (ConfUtils.java:logGet(43)) - raft.server.watch.timeout.denomination = 1s (default)
2019-09-19 14:21:22,713 [6403e584-2209-453b-b79e-eeb0a7b58516:group-0CAE737B2FB6:LeaderElection53] INFO  server.RaftServerConfigKeys (ConfUtils.java:logGet(43)) - raft.server.watch.element-limit = 65536 (default)
2019-09-19 14:21:22,712 [pool-49-thread-1] INFO  storage.RaftStorageDirectory (RaftStorageDirectory.java:tryLock(328)) - Lock on /workdir/hadoop-ozone/integration-test/target/test-dir/MiniOzoneClusterImpl-210d6028-2152-4683-81ff-347b0d29bb13/datanode-2/data/ratis/fdcdab3e-bf1c-409c-be08-10aa2815e586/in_use.lock acquired by nodename 16198@pr-hdds-1569-swxfz-3172132826
2019-09-19 14:21:22,712 [1190b9a7-12b1-4c15-b33e-f7d0a0cd436c:group-2A7AF49ABE85:LeaderElection51] INFO  server.RaftServerConfigKeys (ConfUtils.java:logGet(43)) - raft.server.watch.timeout.denomination = 1s (default)
2019-09-19 14:21:22,713 [1190b9a7-12b1-4c15-b33e-f7d0a0cd436c:group-2A7AF49ABE85:LeaderElection51] INFO  server.RaftServerConfigKeys (ConfUtils.java:logGet(43)) - raft.server.watch.element-limit = 65536 (default)
2019-09-19 14:21:22,712 [85c6a9f3-b9a5-43a5-ac4f-9aa7bd5f2263:group-D0C5C1B6B944:LeaderElection50] INFO  server.RaftServerConfigKeys (ConfUtils.java:logGet(43)) - raft.server.staging.catchup.gap = 1000 (default)
2019-09-19 14:21:22,713 [1190b9a7-12b1-4c15-b33e-f7d0a0cd436c:group-2A7AF49ABE85:LeaderElection51] INFO  impl.RoleInfo (RoleInfo.java:updateAndGet(143)) - 1190b9a7-12b1-4c15-b33e-f7d0a0cd436c: start LeaderState
2019-09-19 14:21:22,713 [6403e584-2209-453b-b79e-eeb0a7b58516:group-0CAE737B2FB6:LeaderElection53] INFO  impl.RoleInfo (RoleInfo.java:updateAndGet(143)) - 6403e584-2209-453b-b79e-eeb0a7b58516: start LeaderState
2019-09-19 14:21:22,713 [431517c4-8c09-4790-b37b-2e132c8143ad:group-A96635456DCF:LeaderElection52] INFO  server.RaftServerConfigKeys (ConfUtils.java:logGet(43)) - raft.server.staging.catchup.gap = 1000 (default)
2019-09-19 14:21:22,714 [6403e584-2209-453b-b79e-eeb0a7b58516:group-0CAE737B2FB6:LeaderElection53] INFO  segmented.SegmentedRaftLogWorker (SegmentedRaftLogWorker.java:startLogSegment(380)) - 6403e584-2209-453b-b79e-eeb0a7b58516-SegmentedRaftLogWorker:Storage Directory /workdir/hadoop-ozone/integration-test/target/test-dir/MiniOzoneClusterImpl-210d6028-2152-4683-81ff-347b0d29bb13/datanode-3/data/ratis/5dc5a06e-eb37-4511-b429-0cae737b2fb6: Starting segment from index:0
2019-09-19 14:21:22,714 [1190b9a7-12b1-4c15-b33e-f7d0a0cd436c:group-2A7AF49ABE85:LeaderElection51] INFO  segmented.SegmentedRaftLogWorker (SegmentedRaftLogWorker.java:startLogSegment(380)) - 1190b9a7-12b1-4c15-b33e-f7d0a0cd436c-SegmentedRaftLogWorker:Storage Directory /workdir/hadoop-ozone/integration-test/target/test-dir/MiniOzoneClusterImpl-210d6028-2152-4683-81ff-347b0d29bb13/datanode-4/data/ratis/427b44c1-c26a-4d21-a9f5-2a7af49abe85: Starting segment from index:0
2019-09-19 14:21:22,713 [85c6a9f3-b9a5-43a5-ac4f-9aa7bd5f2263:group-D0C5C1B6B944:LeaderElection50] INFO  server.RaftServerConfigKeys (ConfUtils.java:logGet(43)) - raft.server.rpc.sleep.time = 25ms (default)
2019-09-19 14:21:22,714 [6403e584-2209-453b-b79e-eeb0a7b58516:group-0CAE737B2FB6:LeaderElection53] INFO  impl.RaftServerImpl (ServerState.java:setRaftConf(361)) - 6403e584-2209-453b-b79e-eeb0a7b58516:group-0CAE737B2FB6 set configuration 0: [6403e584-2209-453b-b79e-eeb0a7b58516:192.168.157.226:35833], old=null at 0
2019-09-19 14:21:22,714 [431517c4-8c09-4790-b37b-2e132c8143ad:group-A96635456DCF:LeaderElection52] INFO  server.RaftServerConfigKeys (ConfUtils.java:logGet(43)) - raft.server.rpc.sleep.time = 25ms (default)
2019-09-19 14:21:22,745 [1190b9a7-12b1-4c15-b33e-f7d0a0cd436c:group-2A7AF49ABE85:LeaderElection51] INFO  impl.RaftServerImpl (ServerState.java:setRaftConf(361)) - 1190b9a7-12b1-4c15-b33e-f7d0a0cd436c:group-2A7AF49ABE85 set configuration 0: [1190b9a7-12b1-4c15-b33e-f7d0a0cd436c:192.168.157.226:34463], old=null at 0
2019-09-19 14:21:22,715 [85c6a9f3-b9a5-43a5-ac4f-9aa7bd5f2263:group-D0C5C1B6B944:LeaderElection50] INFO  server.RaftServerConfigKeys (ConfUtils.java:logGet(43)) - raft.server.write.element-limit = 4096 (default)
2019-09-19 14:21:22,745 [pool-49-thread-1] INFO  storage.RaftStorage (RaftStorage.java:format(72)) - Storage directory /workdir/hadoop-ozone/integration-test/target/test-dir/MiniOzoneClusterImpl-210d6028-2152-4683-81ff-347b0d29bb13/datanode-2/data/ratis/fdcdab3e-bf1c-409c-be08-10aa2815e586 has been successfully formatted.
2019-09-19 14:21:22,744 [Thread-408] INFO  impl.FollowerState (FollowerState.java:run(106)) - 85c6a9f3-b9a5-43a5-ac4f-9aa7bd5f2263:group-C9FEBAA9BFD5 changes to CANDIDATE, lastRpcTime:5016, electionTimeout:5010ms
2019-09-19 14:21:22,783 [85c6a9f3-b9a5-43a5-ac4f-9aa7bd5f2263:group-D0C5C1B6B944:LeaderElection50] INFO  server.RaftServerConfigKeys (ConfUtils.java:logGet(43)) - raft.server.watch.timeout = 10s (default)
2019-09-19 14:21:22,783 [6403e584-2209-453b-b79e-eeb0a7b58516-SegmentedRaftLogWorker:Storage Directory /workdir/hadoop-ozone/integration-test/target/test-dir/MiniOzoneClusterImpl-210d6028-2152-4683-81ff-347b0d29bb13/datanode-3/data/ratis/5dc5a06e-eb37-4511-b429-0cae737b2fb6] INFO  segmented.SegmentedRaftLogWorker (SegmentedRaftLogWorker.java:execute(569)) - 6403e584-2209-453b-b79e-eeb0a7b58516-SegmentedRaftLogWorker:Storage Directory /workdir/hadoop-ozone/integration-test/target/test-dir/MiniOzoneClusterImpl-210d6028-2152-4683-81ff-347b0d29bb13/datanode-3/data/ratis/5dc5a06e-eb37-4511-b429-0cae737b2fb6: created new log segment /workdir/hadoop-ozone/integration-test/target/test-dir/MiniOzoneClusterImpl-210d6028-2152-4683-81ff-347b0d29bb13/datanode-3/data/ratis/5dc5a06e-eb37-4511-b429-0cae737b2fb6/current/log_inprogress_0
2019-09-19 14:21:22,783 [Thread-402] INFO  impl.FollowerState (FollowerState.java:run(106)) - 56d21ab3-8f6d-44ea-b961-c721a1c09246:group-474C31C5FB4A changes to CANDIDATE, lastRpcTime:5134, electionTimeout:5130ms
2019-09-19 14:21:22,784 [Thread-402] INFO  impl.RoleInfo (RoleInfo.java:shutdownFollowerState(121)) - 56d21ab3-8f6d-44ea-b961-c721a1c09246: shutdown FollowerState
2019-09-19 14:21:22,745 [431517c4-8c09-4790-b37b-2e132c8143ad:group-A96635456DCF:LeaderElection52] INFO  server.RaftServerConfigKeys (ConfUtils.java:logGet(43)) - raft.server.write.element-limit = 4096 (default)
2019-09-19 14:21:22,784 [Thread-402] INFO  impl.RaftServerImpl (RaftServerImpl.java:setRole(171)) - 56d21ab3-8f6d-44ea-b961-c721a1c09246:group-474C31C5FB4A changes role from FOLLOWER to CANDIDATE at term 0 for changeToCandidate
2019-09-19 14:21:22,784 [85c6a9f3-b9a5-43a5-ac4f-9aa7bd5f2263:group-D0C5C1B6B944:LeaderElection50] INFO  server.RaftServerConfigKeys (ConfUtils.java:logGet(43)) - raft.server.watch.timeout.denomination = 1s (default)
2019-09-19 14:21:22,783 [pool-49-thread-1] INFO  ratis.ContainerStateMachine (ContainerStateMachine.java:loadSnapshot(226)) - group-10AA2815E586: The snapshot info is null. Setting the last applied indexto:(t:0, i:~)
2019-09-19 14:21:22,783 [Thread-408] INFO  impl.RoleInfo (RoleInfo.java:shutdownFollowerState(121)) - 85c6a9f3-b9a5-43a5-ac4f-9aa7bd5f2263: shutdown FollowerState
2019-09-19 14:21:22,785 [pool-49-thread-1] INFO  server.RaftServerConfigKeys (ConfUtils.java:logGet(43)) - raft.server.leader.election.timeout = 120s (custom)
2019-09-19 14:21:22,785 [pool-49-thread-1] INFO  server.RaftServerConfigKeys (ConfUtils.java:logGet(43)) - raft.server.log.use.memory = false (default)
2019-09-19 14:21:22,785 [85c6a9f3-b9a5-43a5-ac4f-9aa7bd5f2263:group-D0C5C1B6B944:LeaderElection50] INFO  server.RaftServerConfigKeys (ConfUtils.java:logGet(43)) - raft.server.watch.element-limit = 65536 (default)
2019-09-19 14:21:22,784 [Thread-402] INFO  impl.RoleInfo (RoleInfo.java:updateAndGet(143)) - 56d21ab3-8f6d-44ea-b961-c721a1c09246: start LeaderElection
2019-09-19 14:21:22,785 [85c6a9f3-b9a5-43a5-ac4f-9aa7bd5f2263:group-D0C5C1B6B944:LeaderElection50] INFO  impl.RoleInfo (RoleInfo.java:updateAndGet(143)) - 85c6a9f3-b9a5-43a5-ac4f-9aa7bd5f2263: start LeaderState
2019-09-19 14:21:22,784 [431517c4-8c09-4790-b37b-2e132c8143ad:group-A96635456DCF:LeaderElection52] INFO  server.RaftServerConfigKeys (ConfUtils.java:logGet(43)) - raft.server.watch.timeout = 10s (default)
2019-09-19 14:21:22,785 [pool-49-thread-1] INFO  server.RaftServerConfigKeys (ConfUtils.java:logGet(43)) - raft.server.log.purge.gap = 1000000 (custom)
2019-09-19 14:21:22,785 [Thread-408] INFO  impl.RaftServerImpl (RaftServerImpl.java:setRole(171)) - 85c6a9f3-b9a5-43a5-ac4f-9aa7bd5f2263:group-C9FEBAA9BFD5 changes role from FOLLOWER to CANDIDATE at term 0 for changeToCandidate
2019-09-19 14:21:22,786 [pool-49-thread-1] INFO  server.RaftServerConfigKeys (ConfUtils.java:logGet(43)) - raft.server.log.appender.buffer.byte-limit = 33554432 (custom)
2019-09-19 14:21:22,786 [Thread-408] INFO  impl.RoleInfo (RoleInfo.java:updateAndGet(143)) - 85c6a9f3-b9a5-43a5-ac4f-9aa7bd5f2263: start LeaderElection
2019-09-19 14:21:22,786 [85c6a9f3-b9a5-43a5-ac4f-9aa7bd5f2263:group-D0C5C1B6B944:LeaderElection50] INFO  segmented.SegmentedRaftLogWorker (SegmentedRaftLogWorker.java:startLogSegment(380)) - 85c6a9f3-b9a5-43a5-ac4f-9aa7bd5f2263-SegmentedRaftLogWorker:Storage Directory /workdir/hadoop-ozone/integration-test/target/test-dir/MiniOzoneClusterImpl-210d6028-2152-4683-81ff-347b0d29bb13/datanode-0/data/ratis/4a098078-0598-43c9-9300-d0c5c1b6b944: Starting segment from index:0
2019-09-19 14:21:22,786 [431517c4-8c09-4790-b37b-2e132c8143ad:group-A96635456DCF:LeaderElection52] INFO  server.RaftServerConfigKeys (ConfUtils.java:logGet(43)) - raft.server.watch.timeout.denomination = 1s (default)
2019-09-19 14:21:22,786 [pool-49-thread-1] INFO  server.RaftServerConfigKeys (ConfUtils.java:logGet(43)) - raft.server.log.segment.size.max = 1048576 (custom)
2019-09-19 14:21:22,787 [431517c4-8c09-4790-b37b-2e132c8143ad:group-A96635456DCF:LeaderElection52] INFO  server.RaftServerConfigKeys (ConfUtils.java:logGet(43)) - raft.server.watch.element-limit = 65536 (default)
2019-09-19 14:21:22,787 [pool-49-thread-1] INFO  server.RaftServerConfigKeys (ConfUtils.java:logGet(43)) - raft.server.log.segment.cache.num.max = 2 (custom)
2019-09-19 14:21:22,787 [85c6a9f3-b9a5-43a5-ac4f-9aa7bd5f2263:group-D0C5C1B6B944:LeaderElection50] INFO  impl.RaftServerImpl (ServerState.java:setRaftConf(361)) - 85c6a9f3-b9a5-43a5-ac4f-9aa7bd5f2263:group-D0C5C1B6B944 set configuration 0: [85c6a9f3-b9a5-43a5-ac4f-9aa7bd5f2263:192.168.157.226:45170], old=null at 0
2019-09-19 14:21:22,787 [431517c4-8c09-4790-b37b-2e132c8143ad:group-A96635456DCF:LeaderElection52] INFO  impl.RoleInfo (RoleInfo.java:updateAndGet(143)) - 431517c4-8c09-4790-b37b-2e132c8143ad: start LeaderState
2019-09-19 14:21:22,787 [pool-49-thread-1] INFO  segmented.SegmentedRaftLogWorker (SegmentedRaftLogWorker.java:<init>(172)) - new 306a7a99-f2a5-4f40-b42b-2fc2def08a6a-SegmentedRaftLogWorker:Storage Directory /workdir/hadoop-ozone/integration-test/target/test-dir/MiniOzoneClusterImpl-210d6028-2152-4683-81ff-347b0d29bb13/datanode-2/data/ratis/fdcdab3e-bf1c-409c-be08-10aa2815e586 for RaftStorage:Storage Directory /workdir/hadoop-ozone/integration-test/target/test-dir/MiniOzoneClusterImpl-210d6028-2152-4683-81ff-347b0d29bb13/datanode-2/data/ratis/fdcdab3e-bf1c-409c-be08-10aa2815e586
2019-09-19 14:21:22,825 [56d21ab3-8f6d-44ea-b961-c721a1c09246:group-474C31C5FB4A:LeaderElection54] INFO  impl.LeaderElection (LeaderElection.java:askForVotes(181)) - 56d21ab3-8f6d-44ea-b961-c721a1c09246:group-474C31C5FB4A:LeaderElection54: begin an election at term 1 for -1: [56d21ab3-8f6d-44ea-b961-c721a1c09246:192.168.157.226:39258], old=null
2019-09-19 14:21:22,825 [85c6a9f3-b9a5-43a5-ac4f-9aa7bd5f2263:group-C9FEBAA9BFD5:LeaderElection55] INFO  impl.LeaderElection (LeaderElection.java:askForVotes(181)) - 85c6a9f3-b9a5-43a5-ac4f-9aa7bd5f2263:group-C9FEBAA9BFD5:LeaderElection55: begin an election at term 1 for -1: [85c6a9f3-b9a5-43a5-ac4f-9aa7bd5f2263:192.168.157.226:45170], old=null
2019-09-19 14:21:22,825 [1190b9a7-12b1-4c15-b33e-f7d0a0cd436c-SegmentedRaftLogWorker:Storage Directory /workdir/hadoop-ozone/integration-test/target/test-dir/MiniOzoneClusterImpl-210d6028-2152-4683-81ff-347b0d29bb13/datanode-4/data/ratis/427b44c1-c26a-4d21-a9f5-2a7af49abe85] INFO  segmented.SegmentedRaftLogWorker (SegmentedRaftLogWorker.java:execute(569)) - 1190b9a7-12b1-4c15-b33e-f7d0a0cd436c-SegmentedRaftLogWorker:Storage Directory /workdir/hadoop-ozone/integration-test/target/test-dir/MiniOzoneClusterImpl-210d6028-2152-4683-81ff-347b0d29bb13/datanode-4/data/ratis/427b44c1-c26a-4d21-a9f5-2a7af49abe85: created new log segment /workdir/hadoop-ozone/integration-test/target/test-dir/MiniOzoneClusterImpl-210d6028-2152-4683-81ff-347b0d29bb13/datanode-4/data/ratis/427b44c1-c26a-4d21-a9f5-2a7af49abe85/current/log_inprogress_0
2019-09-19 14:21:22,826 [85c6a9f3-b9a5-43a5-ac4f-9aa7bd5f2263:group-C9FEBAA9BFD5:LeaderElection55] INFO  impl.RoleInfo (RoleInfo.java:shutdownLeaderElection(134)) - 85c6a9f3-b9a5-43a5-ac4f-9aa7bd5f2263: shutdown LeaderElection
2019-09-19 14:21:22,826 [56d21ab3-8f6d-44ea-b961-c721a1c09246:group-474C31C5FB4A:LeaderElection54] INFO  impl.RoleInfo (RoleInfo.java:shutdownLeaderElection(134)) - 56d21ab3-8f6d-44ea-b961-c721a1c09246: shutdown LeaderElection
2019-09-19 14:21:22,826 [431517c4-8c09-4790-b37b-2e132c8143ad:group-A96635456DCF:LeaderElection52] INFO  segmented.SegmentedRaftLogWorker (SegmentedRaftLogWorker.java:startLogSegment(380)) - 431517c4-8c09-4790-b37b-2e132c8143ad-SegmentedRaftLogWorker:Storage Directory /workdir/hadoop-ozone/integration-test/target/test-dir/MiniOzoneClusterImpl-210d6028-2152-4683-81ff-347b0d29bb13/datanode-5/data/ratis/78c083a9-7fcb-4fd1-8c6f-a96635456dcf: Starting segment from index:0
2019-09-19 14:21:22,826 [pool-49-thread-1] INFO  server.RaftServerConfigKeys (ConfUtils.java:logGet(43)) - raft.server.log.queue.byte-limit = 2147483647 (custom)
2019-09-19 14:21:22,827 [pool-49-thread-1] INFO  server.RaftServerConfigKeys (ConfUtils.java:logGet(43)) - raft.server.log.queue.element-limit = 1024 (custom)
2019-09-19 14:21:22,826 [56d21ab3-8f6d-44ea-b961-c721a1c09246:group-474C31C5FB4A:LeaderElection54] INFO  impl.RaftServerImpl (RaftServerImpl.java:setRole(171)) - 56d21ab3-8f6d-44ea-b961-c721a1c09246:group-474C31C5FB4A changes role from CANDIDATE to LEADER at term 1 for changeToLeader
2019-09-19 14:21:22,826 [85c6a9f3-b9a5-43a5-ac4f-9aa7bd5f2263:group-C9FEBAA9BFD5:LeaderElection55] INFO  impl.RaftServerImpl (RaftServerImpl.java:setRole(171)) - 85c6a9f3-b9a5-43a5-ac4f-9aa7bd5f2263:group-C9FEBAA9BFD5 changes role from CANDIDATE to LEADER at term 1 for changeToLeader
2019-09-19 14:21:22,827 [431517c4-8c09-4790-b37b-2e132c8143ad:group-A96635456DCF:LeaderElection52] INFO  impl.RaftServerImpl (ServerState.java:setRaftConf(361)) - 431517c4-8c09-4790-b37b-2e132c8143ad:group-A96635456DCF set configuration 0: [431517c4-8c09-4790-b37b-2e132c8143ad:192.168.157.226:40911], old=null at 0
2019-09-19 14:21:22,827 [56d21ab3-8f6d-44ea-b961-c721a1c09246:group-474C31C5FB4A:LeaderElection54] INFO  impl.RaftServerImpl (ServerState.java:setLeader(263)) - 56d21ab3-8f6d-44ea-b961-c721a1c09246:group-474C31C5FB4A change Leader from null to 56d21ab3-8f6d-44ea-b961-c721a1c09246 at term 1 for becomeLeader, leader elected after 5183ms
2019-09-19 14:21:22,827 [pool-49-thread-1] INFO  server.RaftServerConfigKeys (ConfUtils.java:logGet(43)) - raft.server.log.segment.size.max = 1048576 (custom)
2019-09-19 14:21:22,864 [56d21ab3-8f6d-44ea-b961-c721a1c09246:group-474C31C5FB4A:LeaderElection54] INFO  server.RaftServerConfigKeys (ConfUtils.java:logGet(43)) - raft.server.staging.catchup.gap = 1000 (default)
2019-09-19 14:21:22,864 [85c6a9f3-b9a5-43a5-ac4f-9aa7bd5f2263-SegmentedRaftLogWorker:Storage Directory /workdir/hadoop-ozone/integration-test/target/test-dir/MiniOzoneClusterImpl-210d6028-2152-4683-81ff-347b0d29bb13/datanode-0/data/ratis/4a098078-0598-43c9-9300-d0c5c1b6b944] INFO  segmented.SegmentedRaftLogWorker (SegmentedRaftLogWorker.java:execute(569)) - 85c6a9f3-b9a5-43a5-ac4f-9aa7bd5f2263-SegmentedRaftLogWorker:Storage Directory /workdir/hadoop-ozone/integration-test/target/test-dir/MiniOzoneClusterImpl-210d6028-2152-4683-81ff-347b0d29bb13/datanode-0/data/ratis/4a098078-0598-43c9-9300-d0c5c1b6b944: created new log segment /workdir/hadoop-ozone/integration-test/target/test-dir/MiniOzoneClusterImpl-210d6028-2152-4683-81ff-347b0d29bb13/datanode-0/data/ratis/4a098078-0598-43c9-9300-d0c5c1b6b944/current/log_inprogress_0
2019-09-19 14:21:22,827 [85c6a9f3-b9a5-43a5-ac4f-9aa7bd5f2263:group-C9FEBAA9BFD5:LeaderElection55] INFO  impl.RaftServerImpl (ServerState.java:setLeader(263)) - 85c6a9f3-b9a5-43a5-ac4f-9aa7bd5f2263:group-C9FEBAA9BFD5 change Leader from null to 85c6a9f3-b9a5-43a5-ac4f-9aa7bd5f2263 at term 1 for becomeLeader, leader elected after 5102ms
2019-09-19 14:21:22,864 [56d21ab3-8f6d-44ea-b961-c721a1c09246:group-474C31C5FB4A:LeaderElection54] INFO  server.RaftServerConfigKeys (ConfUtils.java:logGet(43)) - raft.server.rpc.sleep.time = 25ms (default)
2019-09-19 14:21:22,864 [pool-49-thread-1] INFO  server.RaftServerConfigKeys (ConfUtils.java:logGet(43)) - raft.server.log.preallocated.size = 16384 (custom)
2019-09-19 14:21:22,865 [56d21ab3-8f6d-44ea-b961-c721a1c09246:group-474C31C5FB4A:LeaderElection54] INFO  server.RaftServerConfigKeys (ConfUtils.java:logGet(43)) - raft.server.write.element-limit = 4096 (default)
2019-09-19 14:21:22,864 [85c6a9f3-b9a5-43a5-ac4f-9aa7bd5f2263:group-C9FEBAA9BFD5:LeaderElection55] INFO  server.RaftServerConfigKeys (ConfUtils.java:logGet(43)) - raft.server.staging.catchup.gap = 1000 (default)
2019-09-19 14:21:22,865 [56d21ab3-8f6d-44ea-b961-c721a1c09246:group-474C31C5FB4A:LeaderElection54] INFO  server.RaftServerConfigKeys (ConfUtils.java:logGet(43)) - raft.server.watch.timeout = 10s (default)
2019-09-19 14:21:22,865 [pool-49-thread-1] INFO  server.RaftServerConfigKeys (ConfUtils.java:logGet(43)) - raft.server.log.write.buffer.size = 33554432 (custom)
2019-09-19 14:21:22,865 [56d21ab3-8f6d-44ea-b961-c721a1c09246:group-474C31C5FB4A:LeaderElection54] INFO  server.RaftServerConfigKeys (ConfUtils.java:logGet(43)) - raft.server.watch.timeout.denomination = 1s (default)
2019-09-19 14:21:22,865 [85c6a9f3-b9a5-43a5-ac4f-9aa7bd5f2263:group-C9FEBAA9BFD5:LeaderElection55] INFO  server.RaftServerConfigKeys (ConfUtils.java:logGet(43)) - raft.server.rpc.sleep.time = 25ms (default)
2019-09-19 14:21:22,866 [56d21ab3-8f6d-44ea-b961-c721a1c09246:group-474C31C5FB4A:LeaderElection54] INFO  server.RaftServerConfigKeys (ConfUtils.java:logGet(43)) - raft.server.watch.element-limit = 65536 (default)
2019-09-19 14:21:22,865 [pool-49-thread-1] INFO  server.RaftServerConfigKeys (ConfUtils.java:logGet(43)) - raft.server.log.force.sync.num = 128 (default)
2019-09-19 14:21:22,866 [85c6a9f3-b9a5-43a5-ac4f-9aa7bd5f2263:group-C9FEBAA9BFD5:LeaderElection55] INFO  server.RaftServerConfigKeys (ConfUtils.java:logGet(43)) - raft.server.write.element-limit = 4096 (default)
2019-09-19 14:21:22,866 [56d21ab3-8f6d-44ea-b961-c721a1c09246:group-474C31C5FB4A:LeaderElection54] INFO  impl.RoleInfo (RoleInfo.java:updateAndGet(143)) - 56d21ab3-8f6d-44ea-b961-c721a1c09246: start LeaderState
2019-09-19 14:21:22,866 [pool-49-thread-1] INFO  server.RaftServerConfigKeys (ConfUtils.java:logGet(43)) - raft.server.log.statemachine.data.sync = true (default)
2019-09-19 14:21:22,866 [85c6a9f3-b9a5-43a5-ac4f-9aa7bd5f2263:group-C9FEBAA9BFD5:LeaderElection55] INFO  server.RaftServerConfigKeys (ConfUtils.java:logGet(43)) - raft.server.watch.timeout = 10s (default)
2019-09-19 14:21:22,866 [56d21ab3-8f6d-44ea-b961-c721a1c09246:group-474C31C5FB4A:LeaderElection54] INFO  segmented.SegmentedRaftLogWorker (SegmentedRaftLogWorker.java:startLogSegment(380)) - 56d21ab3-8f6d-44ea-b961-c721a1c09246-SegmentedRaftLogWorker:Storage Directory /workdir/hadoop-ozone/integration-test/target/test-dir/MiniOzoneClusterImpl-210d6028-2152-4683-81ff-347b0d29bb13/datanode-6/data/ratis/b7113ee3-94c7-49fa-a723-474c31c5fb4a: Starting segment from index:0
2019-09-19 14:21:22,866 [pool-49-thread-1] INFO  server.RaftServerConfigKeys (ConfUtils.java:logGet(43)) - raft.server.log.statemachine.data.sync.timeout = 10s (default)
2019-09-19 14:21:22,867 [pool-49-thread-1] INFO  server.RaftServerConfigKeys (ConfUtils.java:logGet(43)) - raft.server.log.statemachine.data.sync.timeout.retry = -1 (default)
2019-09-19 14:21:22,866 [85c6a9f3-b9a5-43a5-ac4f-9aa7bd5f2263:group-C9FEBAA9BFD5:LeaderElection55] INFO  server.RaftServerConfigKeys (ConfUtils.java:logGet(43)) - raft.server.watch.timeout.denomination = 1s (default)
2019-09-19 14:21:22,867 [pool-49-thread-1] INFO  server.RaftServerConfigKeys (ConfUtils.java:logGet(43)) - raft.server.log.statemachine.data.caching.enabled = true (custom)
2019-09-19 14:21:22,867 [56d21ab3-8f6d-44ea-b961-c721a1c09246:group-474C31C5FB4A:LeaderElection54] INFO  impl.RaftServerImpl (ServerState.java:setRaftConf(361)) - 56d21ab3-8f6d-44ea-b961-c721a1c09246:group-474C31C5FB4A set configuration 0: [56d21ab3-8f6d-44ea-b961-c721a1c09246:192.168.157.226:39258], old=null at 0
2019-09-19 14:21:22,867 [85c6a9f3-b9a5-43a5-ac4f-9aa7bd5f2263:group-C9FEBAA9BFD5:LeaderElection55] INFO  server.RaftServerConfigKeys (ConfUtils.java:logGet(43)) - raft.server.watch.element-limit = 65536 (default)
2019-09-19 14:21:22,910 [Thread-405] INFO  impl.FollowerState (FollowerState.java:run(106)) - 5dfaa0ea-416a-422c-a75d-43311aceb00a:group-1A6929A00FE1 changes to CANDIDATE, lastRpcTime:5222, electionTimeout:5179ms
2019-09-19 14:21:22,910 [431517c4-8c09-4790-b37b-2e132c8143ad-SegmentedRaftLogWorker:Storage Directory /workdir/hadoop-ozone/integration-test/target/test-dir/MiniOzoneClusterImpl-210d6028-2152-4683-81ff-347b0d29bb13/datanode-5/data/ratis/78c083a9-7fcb-4fd1-8c6f-a96635456dcf] INFO  segmented.SegmentedRaftLogWorker (SegmentedRaftLogWorker.java:execute(569)) - 431517c4-8c09-4790-b37b-2e132c8143ad-SegmentedRaftLogWorker:Storage Directory /workdir/hadoop-ozone/integration-test/target/test-dir/MiniOzoneClusterImpl-210d6028-2152-4683-81ff-347b0d29bb13/datanode-5/data/ratis/78c083a9-7fcb-4fd1-8c6f-a96635456dcf: created new log segment /workdir/hadoop-ozone/integration-test/target/test-dir/MiniOzoneClusterImpl-210d6028-2152-4683-81ff-347b0d29bb13/datanode-5/data/ratis/78c083a9-7fcb-4fd1-8c6f-a96635456dcf/current/log_inprogress_0
2019-09-19 14:21:22,867 [pool-49-thread-1] INFO  segmented.SegmentedRaftLogWorker (SegmentedRaftLogWorker.java:lambda$new$0(132)) - 306a7a99-f2a5-4f40-b42b-2fc2def08a6a-SegmentedRaftLogWorker:Storage Directory /workdir/hadoop-ozone/integration-test/target/test-dir/MiniOzoneClusterImpl-210d6028-2152-4683-81ff-347b0d29bb13/datanode-2/data/ratis/fdcdab3e-bf1c-409c-be08-10aa2815e586: flushIndex: setUnconditionally 0 -> -1
2019-09-19 14:21:22,911 [Thread-405] INFO  impl.RoleInfo (RoleInfo.java:shutdownFollowerState(121)) - 5dfaa0ea-416a-422c-a75d-43311aceb00a: shutdown FollowerState
2019-09-19 14:21:22,911 [Thread-405] INFO  impl.RaftServerImpl (RaftServerImpl.java:setRole(171)) - 5dfaa0ea-416a-422c-a75d-43311aceb00a:group-1A6929A00FE1 changes role from FOLLOWER to CANDIDATE at term 0 for changeToCandidate
2019-09-19 14:21:22,911 [85c6a9f3-b9a5-43a5-ac4f-9aa7bd5f2263:group-C9FEBAA9BFD5:LeaderElection55] INFO  impl.RoleInfo (RoleInfo.java:updateAndGet(143)) - 85c6a9f3-b9a5-43a5-ac4f-9aa7bd5f2263: start LeaderState
2019-09-19 14:21:22,911 [Thread-405] INFO  impl.RoleInfo (RoleInfo.java:updateAndGet(143)) - 5dfaa0ea-416a-422c-a75d-43311aceb00a: start LeaderElection
2019-09-19 14:21:22,912 [85c6a9f3-b9a5-43a5-ac4f-9aa7bd5f2263:group-C9FEBAA9BFD5:LeaderElection55] INFO  segmented.SegmentedRaftLogWorker (SegmentedRaftLogWorker.java:startLogSegment(380)) - 85c6a9f3-b9a5-43a5-ac4f-9aa7bd5f2263-SegmentedRaftLogWorker:Storage Directory /workdir/hadoop-ozone/integration-test/target/test-dir/MiniOzoneClusterImpl-210d6028-2152-4683-81ff-347b0d29bb13/datanode-0/data/ratis/de1ed618-3926-4e69-990f-c9febaa9bfd5: Starting segment from index:0
2019-09-19 14:21:22,911 [pool-49-thread-1] INFO  server.RaftServerConfigKeys (ConfUtils.java:logGet(43)) - raft.server.snapshot.auto.trigger.enabled = true (custom)
2019-09-19 14:21:22,912 [pool-49-thread-1] INFO  server.RaftServerConfigKeys (ConfUtils.java:logGet(43)) - raft.server.snapshot.auto.trigger.threshold = 10000 (custom)
2019-09-19 14:21:22,912 [pool-49-thread-1] INFO  server.RaftServerConfigKeys (ConfUtils.java:logGet(43)) - raft.server.retrycache.expirytime = 600000ms (custom)
2019-09-19 14:21:22,912 [85c6a9f3-b9a5-43a5-ac4f-9aa7bd5f2263:group-C9FEBAA9BFD5:LeaderElection55] INFO  impl.RaftServerImpl (ServerState.java:setRaftConf(361)) - 85c6a9f3-b9a5-43a5-ac4f-9aa7bd5f2263:group-C9FEBAA9BFD5 set configuration 0: [85c6a9f3-b9a5-43a5-ac4f-9aa7bd5f2263:192.168.157.226:45170], old=null at 0
2019-09-19 14:21:22,912 [pool-49-thread-1] INFO  impl.RaftServerImpl (RaftServerImpl.java:start(180)) - 306a7a99-f2a5-4f40-b42b-2fc2def08a6a: start group-10AA2815E586
2019-09-19 14:21:22,912 [pool-49-thread-1] INFO  impl.RaftServerImpl (RaftServerImpl.java:setRole(171)) - 306a7a99-f2a5-4f40-b42b-2fc2def08a6a:group-10AA2815E586 changes role from null to FOLLOWER at term 0 for startAsFollower
2019-09-19 14:21:22,913 [pool-49-thread-1] INFO  impl.RoleInfo (RoleInfo.java:updateAndGet(143)) - 306a7a99-f2a5-4f40-b42b-2fc2def08a6a: start FollowerState
2019-09-19 14:21:22,913 [pool-49-thread-1] INFO  util.JmxRegister (JmxRegister.java:tryRegister(44)) - Successfully registered JMX Bean with object name Ratis:service=RaftServer,group=group-10AA2815E586,id=306a7a99-f2a5-4f40-b42b-2fc2def08a6a
2019-09-19 14:21:22,916 [RatisPipelineUtilsThread] INFO  pipeline.PipelineStateManager (PipelineStateManager.java:addPipeline(56)) - Created pipeline Pipeline[ Id: fdcdab3e-bf1c-409c-be08-10aa2815e586, Nodes: 306a7a99-f2a5-4f40-b42b-2fc2def08a6a{ip: 192.168.157.226, host: pr-hdds-1569-swxfz-3172132826, networkLocation: /default-rack, certSerialId: null}, Type:RATIS, Factor:ONE, State:OPEN]
2019-09-19 14:21:22,921 [grpc-default-executor-1] INFO  impl.RaftServerProxy (RaftServerProxy.java:addNew(89)) - 306a7a99-f2a5-4f40-b42b-2fc2def08a6a: addNew group-2EC6A4848DE1:[306a7a99-f2a5-4f40-b42b-2fc2def08a6a:192.168.157.226:42633] returns group-2EC6A4848DE1:java.util.concurrent.CompletableFuture@3978ad93[Not completed]
2019-09-19 14:21:22,922 [pool-49-thread-1] INFO  impl.RaftServerImpl (RaftServerImpl.java:<init>(93)) - 306a7a99-f2a5-4f40-b42b-2fc2def08a6a: new RaftServerImpl for group-2EC6A4848DE1:[306a7a99-f2a5-4f40-b42b-2fc2def08a6a:192.168.157.226:42633] with ContainerStateMachine:uninitialized
2019-09-19 14:21:22,923 [pool-49-thread-1] INFO  server.RaftServerConfigKeys (ConfUtils.java:logGet(43)) - raft.server.rpc.timeout.min = 5s (custom)
2019-09-19 14:21:22,923 [pool-49-thread-1] INFO  server.RaftServerConfigKeys (ConfUtils.java:logGet(43)) - raft.server.rpc.timeout.max = 5200ms (custom)
2019-09-19 14:21:22,923 [pool-49-thread-1] INFO  server.RaftServerConfigKeys (ConfUtils.java:logGet(43)) - raft.server.rpcslowness.timeout = 120s (custom)
2019-09-19 14:21:22,923 [pool-49-thread-1] INFO  server.RaftServerConfigKeys (ConfUtils.java:logGet(43)) - raft.server.sleep.deviation.threshold = 300 (default)
2019-09-19 14:21:22,923 [pool-49-thread-1] INFO  server.RaftServerConfigKeys (ConfUtils.java:logGet(43)) - raft.server.log.appender.install.snapshot.enabled = false (custom)
2019-09-19 14:21:22,923 [pool-49-thread-1] INFO  impl.RaftServerImpl (ServerState.java:<init>(105)) - 306a7a99-f2a5-4f40-b42b-2fc2def08a6a:group-2EC6A4848DE1 ConfigurationManager, init=-1: [306a7a99-f2a5-4f40-b42b-2fc2def08a6a:192.168.157.226:42633], old=null, confs=<EMPTY_MAP>
2019-09-19 14:21:22,923 [pool-49-thread-1] INFO  server.RaftServerConfigKeys (ConfUtils.java:logGet(43)) - raft.server.storage.dir = [/workdir/hadoop-ozone/integration-test/target/test-dir/MiniOzoneClusterImpl-210d6028-2152-4683-81ff-347b0d29bb13/datanode-2/data/ratis] (custom)
2019-09-19 14:21:22,924 [pool-49-thread-1] INFO  storage.RaftStorageDirectory (RaftStorageDirectory.java:analyzeStorage(246)) - The storage directory /workdir/hadoop-ozone/integration-test/target/test-dir/MiniOzoneClusterImpl-210d6028-2152-4683-81ff-347b0d29bb13/datanode-2/data/ratis/57ee87bf-25e4-4ce6-a4e4-2ec6a4848de1 does not exist. Creating ...
2019-09-19 14:21:22,924 [56d21ab3-8f6d-44ea-b961-c721a1c09246-SegmentedRaftLogWorker:Storage Directory /workdir/hadoop-ozone/integration-test/target/test-dir/MiniOzoneClusterImpl-210d6028-2152-4683-81ff-347b0d29bb13/datanode-6/data/ratis/b7113ee3-94c7-49fa-a723-474c31c5fb4a] INFO  segmented.SegmentedRaftLogWorker (SegmentedRaftLogWorker.java:execute(569)) - 56d21ab3-8f6d-44ea-b961-c721a1c09246-SegmentedRaftLogWorker:Storage Directory /workdir/hadoop-ozone/integration-test/target/test-dir/MiniOzoneClusterImpl-210d6028-2152-4683-81ff-347b0d29bb13/datanode-6/data/ratis/b7113ee3-94c7-49fa-a723-474c31c5fb4a: created new log segment /workdir/hadoop-ozone/integration-test/target/test-dir/MiniOzoneClusterImpl-210d6028-2152-4683-81ff-347b0d29bb13/datanode-6/data/ratis/b7113ee3-94c7-49fa-a723-474c31c5fb4a/current/log_inprogress_0
2019-09-19 14:21:22,925 [5dfaa0ea-416a-422c-a75d-43311aceb00a:group-1A6929A00FE1:LeaderElection56] INFO  impl.LeaderElection (LeaderElection.java:askForVotes(181)) - 5dfaa0ea-416a-422c-a75d-43311aceb00a:group-1A6929A00FE1:LeaderElection56: begin an election at term 1 for -1: [5dfaa0ea-416a-422c-a75d-43311aceb00a:192.168.157.226:45629], old=null
2019-09-19 14:21:22,925 [5dfaa0ea-416a-422c-a75d-43311aceb00a:group-1A6929A00FE1:LeaderElection56] INFO  impl.RoleInfo (RoleInfo.java:shutdownLeaderElection(134)) - 5dfaa0ea-416a-422c-a75d-43311aceb00a: shutdown LeaderElection
2019-09-19 14:21:22,925 [5dfaa0ea-416a-422c-a75d-43311aceb00a:group-1A6929A00FE1:LeaderElection56] INFO  impl.RaftServerImpl (RaftServerImpl.java:setRole(171)) - 5dfaa0ea-416a-422c-a75d-43311aceb00a:group-1A6929A00FE1 changes role from CANDIDATE to LEADER at term 1 for changeToLeader
2019-09-19 14:21:22,925 [5dfaa0ea-416a-422c-a75d-43311aceb00a:group-1A6929A00FE1:LeaderElection56] INFO  impl.RaftServerImpl (ServerState.java:setLeader(263)) - 5dfaa0ea-416a-422c-a75d-43311aceb00a:group-1A6929A00FE1 change Leader from null to 5dfaa0ea-416a-422c-a75d-43311aceb00a at term 1 for becomeLeader, leader elected after 5240ms
2019-09-19 14:21:22,925 [5dfaa0ea-416a-422c-a75d-43311aceb00a:group-1A6929A00FE1:LeaderElection56] INFO  server.RaftServerConfigKeys (ConfUtils.java:logGet(43)) - raft.server.staging.catchup.gap = 1000 (default)
2019-09-19 14:21:22,925 [5dfaa0ea-416a-422c-a75d-43311aceb00a:group-1A6929A00FE1:LeaderElection56] INFO  server.RaftServerConfigKeys (ConfUtils.java:logGet(43)) - raft.server.rpc.sleep.time = 25ms (default)
2019-09-19 14:21:22,925 [5dfaa0ea-416a-422c-a75d-43311aceb00a:group-1A6929A00FE1:LeaderElection56] INFO  server.RaftServerConfigKeys (ConfUtils.java:logGet(43)) - raft.server.write.element-limit = 4096 (default)
2019-09-19 14:21:22,926 [5dfaa0ea-416a-422c-a75d-43311aceb00a:group-1A6929A00FE1:LeaderElection56] INFO  server.RaftServerConfigKeys (ConfUtils.java:logGet(43)) - raft.server.watch.timeout = 10s (default)
2019-09-19 14:21:22,926 [5dfaa0ea-416a-422c-a75d-43311aceb00a:group-1A6929A00FE1:LeaderElection56] INFO  server.RaftServerConfigKeys (ConfUtils.java:logGet(43)) - raft.server.watch.timeout.denomination = 1s (default)
2019-09-19 14:21:22,926 [5dfaa0ea-416a-422c-a75d-43311aceb00a:group-1A6929A00FE1:LeaderElection56] INFO  server.RaftServerConfigKeys (ConfUtils.java:logGet(43)) - raft.server.watch.element-limit = 65536 (default)
2019-09-19 14:21:22,926 [5dfaa0ea-416a-422c-a75d-43311aceb00a:group-1A6929A00FE1:LeaderElection56] INFO  impl.RoleInfo (RoleInfo.java:updateAndGet(143)) - 5dfaa0ea-416a-422c-a75d-43311aceb00a: start LeaderState
2019-09-19 14:21:22,926 [5dfaa0ea-416a-422c-a75d-43311aceb00a:group-1A6929A00FE1:LeaderElection56] INFO  segmented.SegmentedRaftLogWorker (SegmentedRaftLogWorker.java:startLogSegment(380)) - 5dfaa0ea-416a-422c-a75d-43311aceb00a-SegmentedRaftLogWorker:Storage Directory /workdir/hadoop-ozone/integration-test/target/test-dir/MiniOzoneClusterImpl-210d6028-2152-4683-81ff-347b0d29bb13/datanode-1/data/ratis/4998979d-116b-4ee1-9611-1a6929a00fe1: Starting segment from index:0
2019-09-19 14:21:22,927 [5dfaa0ea-416a-422c-a75d-43311aceb00a:group-1A6929A00FE1:LeaderElection56] INFO  impl.RaftServerImpl (ServerState.java:setRaftConf(361)) - 5dfaa0ea-416a-422c-a75d-43311aceb00a:group-1A6929A00FE1 set configuration 0: [5dfaa0ea-416a-422c-a75d-43311aceb00a:192.168.157.226:45629], old=null at 0
2019-09-19 14:21:22,927 [pool-49-thread-1] INFO  storage.RaftStorageDirectory (RaftStorageDirectory.java:tryLock(328)) - Lock on /workdir/hadoop-ozone/integration-test/target/test-dir/MiniOzoneClusterImpl-210d6028-2152-4683-81ff-347b0d29bb13/datanode-2/data/ratis/57ee87bf-25e4-4ce6-a4e4-2ec6a4848de1/in_use.lock acquired by nodename 16198@pr-hdds-1569-swxfz-3172132826
2019-09-19 14:21:22,929 | INFO  | SCMAudit | user=jenkins1000 | ip=192.168.157.226 | op=SEND_HEARTBEAT {datanodeUUID=56d21ab3-8f6d-44ea-b961-c721a1c09246, command=[]} | ret=SUCCESS |  
2019-09-19 14:21:22,941 [pool-49-thread-1] INFO  storage.RaftStorage (RaftStorage.java:format(72)) - Storage directory /workdir/hadoop-ozone/integration-test/target/test-dir/MiniOzoneClusterImpl-210d6028-2152-4683-81ff-347b0d29bb13/datanode-2/data/ratis/57ee87bf-25e4-4ce6-a4e4-2ec6a4848de1 has been successfully formatted.
2019-09-19 14:21:22,941 [pool-49-thread-1] INFO  ratis.ContainerStateMachine (ContainerStateMachine.java:loadSnapshot(226)) - group-2EC6A4848DE1: The snapshot info is null. Setting the last applied indexto:(t:0, i:~)
2019-09-19 14:21:22,941 [pool-49-thread-1] INFO  server.RaftServerConfigKeys (ConfUtils.java:logGet(43)) - raft.server.leader.election.timeout = 120s (custom)
2019-09-19 14:21:22,941 [pool-49-thread-1] INFO  server.RaftServerConfigKeys (ConfUtils.java:logGet(43)) - raft.server.log.use.memory = false (default)
2019-09-19 14:21:22,941 [pool-49-thread-1] INFO  server.RaftServerConfigKeys (ConfUtils.java:logGet(43)) - raft.server.log.purge.gap = 1000000 (custom)
2019-09-19 14:21:22,941 [pool-49-thread-1] INFO  server.RaftServerConfigKeys (ConfUtils.java:logGet(43)) - raft.server.log.appender.buffer.byte-limit = 33554432 (custom)
2019-09-19 14:21:22,941 [pool-49-thread-1] INFO  server.RaftServerConfigKeys (ConfUtils.java:logGet(43)) - raft.server.log.segment.size.max = 1048576 (custom)
2019-09-19 14:21:22,942 [pool-49-thread-1] INFO  server.RaftServerConfigKeys (ConfUtils.java:logGet(43)) - raft.server.log.segment.cache.num.max = 2 (custom)
2019-09-19 14:21:22,942 [pool-49-thread-1] INFO  segmented.SegmentedRaftLogWorker (SegmentedRaftLogWorker.java:<init>(172)) - new 306a7a99-f2a5-4f40-b42b-2fc2def08a6a-SegmentedRaftLogWorker:Storage Directory /workdir/hadoop-ozone/integration-test/target/test-dir/MiniOzoneClusterImpl-210d6028-2152-4683-81ff-347b0d29bb13/datanode-2/data/ratis/57ee87bf-25e4-4ce6-a4e4-2ec6a4848de1 for RaftStorage:Storage Directory /workdir/hadoop-ozone/integration-test/target/test-dir/MiniOzoneClusterImpl-210d6028-2152-4683-81ff-347b0d29bb13/datanode-2/data/ratis/57ee87bf-25e4-4ce6-a4e4-2ec6a4848de1
2019-09-19 14:21:22,942 [pool-49-thread-1] INFO  server.RaftServerConfigKeys (ConfUtils.java:logGet(43)) - raft.server.log.queue.byte-limit = 2147483647 (custom)
2019-09-19 14:21:22,942 [pool-49-thread-1] INFO  server.RaftServerConfigKeys (ConfUtils.java:logGet(43)) - raft.server.log.queue.element-limit = 1024 (custom)
2019-09-19 14:21:22,942 [pool-49-thread-1] INFO  server.RaftServerConfigKeys (ConfUtils.java:logGet(43)) - raft.server.log.segment.size.max = 1048576 (custom)
2019-09-19 14:21:22,942 [pool-49-thread-1] INFO  server.RaftServerConfigKeys (ConfUtils.java:logGet(43)) - raft.server.log.preallocated.size = 16384 (custom)
2019-09-19 14:21:22,942 [pool-49-thread-1] INFO  server.RaftServerConfigKeys (ConfUtils.java:logGet(43)) - raft.server.log.write.buffer.size = 33554432 (custom)
2019-09-19 14:21:22,942 [pool-49-thread-1] INFO  server.RaftServerConfigKeys (ConfUtils.java:logGet(43)) - raft.server.log.force.sync.num = 128 (default)
2019-09-19 14:21:22,942 [pool-49-thread-1] INFO  server.RaftServerConfigKeys (ConfUtils.java:logGet(43)) - raft.server.log.statemachine.data.sync = true (default)
2019-09-19 14:21:22,942 [pool-49-thread-1] INFO  server.RaftServerConfigKeys (ConfUtils.java:logGet(43)) - raft.server.log.statemachine.data.sync.timeout = 10s (default)
2019-09-19 14:21:22,942 [pool-49-thread-1] INFO  server.RaftServerConfigKeys (ConfUtils.java:logGet(43)) - raft.server.log.statemachine.data.sync.timeout.retry = -1 (default)
2019-09-19 14:21:22,943 [pool-49-thread-1] INFO  server.RaftServerConfigKeys (ConfUtils.java:logGet(43)) - raft.server.log.statemachine.data.caching.enabled = true (custom)
2019-09-19 14:21:22,943 [pool-49-thread-1] INFO  segmented.SegmentedRaftLogWorker (SegmentedRaftLogWorker.java:lambda$new$0(132)) - 306a7a99-f2a5-4f40-b42b-2fc2def08a6a-SegmentedRaftLogWorker:Storage Directory /workdir/hadoop-ozone/integration-test/target/test-dir/MiniOzoneClusterImpl-210d6028-2152-4683-81ff-347b0d29bb13/datanode-2/data/ratis/57ee87bf-25e4-4ce6-a4e4-2ec6a4848de1: flushIndex: setUnconditionally 0 -> -1
2019-09-19 14:21:22,944 [Thread-414] INFO  impl.FollowerState (FollowerState.java:run(106)) - 431517c4-8c09-4790-b37b-2e132c8143ad:group-10F39D2FBAFD changes to CANDIDATE, lastRpcTime:5144, electionTimeout:5144ms
2019-09-19 14:21:22,945 [Thread-414] INFO  impl.RoleInfo (RoleInfo.java:shutdownFollowerState(121)) - 431517c4-8c09-4790-b37b-2e132c8143ad: shutdown FollowerState
2019-09-19 14:21:22,945 [Thread-414] INFO  impl.RaftServerImpl (RaftServerImpl.java:setRole(171)) - 431517c4-8c09-4790-b37b-2e132c8143ad:group-10F39D2FBAFD changes role from FOLLOWER to CANDIDATE at term 0 for changeToCandidate
2019-09-19 14:21:22,956 [85c6a9f3-b9a5-43a5-ac4f-9aa7bd5f2263-SegmentedRaftLogWorker:Storage Directory /workdir/hadoop-ozone/integration-test/target/test-dir/MiniOzoneClusterImpl-210d6028-2152-4683-81ff-347b0d29bb13/datanode-0/data/ratis/de1ed618-3926-4e69-990f-c9febaa9bfd5] INFO  segmented.SegmentedRaftLogWorker (SegmentedRaftLogWorker.java:execute(569)) - 85c6a9f3-b9a5-43a5-ac4f-9aa7bd5f2263-SegmentedRaftLogWorker:Storage Directory /workdir/hadoop-ozone/integration-test/target/test-dir/MiniOzoneClusterImpl-210d6028-2152-4683-81ff-347b0d29bb13/datanode-0/data/ratis/de1ed618-3926-4e69-990f-c9febaa9bfd5: created new log segment /workdir/hadoop-ozone/integration-test/target/test-dir/MiniOzoneClusterImpl-210d6028-2152-4683-81ff-347b0d29bb13/datanode-0/data/ratis/de1ed618-3926-4e69-990f-c9febaa9bfd5/current/log_inprogress_0
2019-09-19 14:21:22,965 [Thread-411] INFO  impl.FollowerState (FollowerState.java:run(106)) - 306a7a99-f2a5-4f40-b42b-2fc2def08a6a:group-14AE4AE2C852 changes to CANDIDATE, lastRpcTime:5196, electionTimeout:5196ms
2019-09-19 14:21:22,965 [Thread-411] INFO  impl.RoleInfo (RoleInfo.java:shutdownFollowerState(121)) - 306a7a99-f2a5-4f40-b42b-2fc2def08a6a: shutdown FollowerState
2019-09-19 14:21:22,965 [Thread-411] INFO  impl.RaftServerImpl (RaftServerImpl.java:setRole(171)) - 306a7a99-f2a5-4f40-b42b-2fc2def08a6a:group-14AE4AE2C852 changes role from FOLLOWER to CANDIDATE at term 0 for changeToCandidate
2019-09-19 14:21:22,969 [5dfaa0ea-416a-422c-a75d-43311aceb00a-SegmentedRaftLogWorker:Storage Directory /workdir/hadoop-ozone/integration-test/target/test-dir/MiniOzoneClusterImpl-210d6028-2152-4683-81ff-347b0d29bb13/datanode-1/data/ratis/4998979d-116b-4ee1-9611-1a6929a00fe1] INFO  segmented.SegmentedRaftLogWorker (SegmentedRaftLogWorker.java:execute(569)) - 5dfaa0ea-416a-422c-a75d-43311aceb00a-SegmentedRaftLogWorker:Storage Directory /workdir/hadoop-ozone/integration-test/target/test-dir/MiniOzoneClusterImpl-210d6028-2152-4683-81ff-347b0d29bb13/datanode-1/data/ratis/4998979d-116b-4ee1-9611-1a6929a00fe1: created new log segment /workdir/hadoop-ozone/integration-test/target/test-dir/MiniOzoneClusterImpl-210d6028-2152-4683-81ff-347b0d29bb13/datanode-1/data/ratis/4998979d-116b-4ee1-9611-1a6929a00fe1/current/log_inprogress_0
2019-09-19 14:21:23,013 [Thread-420] INFO  impl.FollowerState (FollowerState.java:run(106)) - 85c6a9f3-b9a5-43a5-ac4f-9aa7bd5f2263:group-9A5D07E5F194 changes to CANDIDATE, lastRpcTime:5135, electionTimeout:5135ms
2019-09-19 14:21:23,013 [Thread-420] INFO  impl.RoleInfo (RoleInfo.java:shutdownFollowerState(121)) - 85c6a9f3-b9a5-43a5-ac4f-9aa7bd5f2263: shutdown FollowerState
2019-09-19 14:21:23,013 [Thread-420] INFO  impl.RaftServerImpl (RaftServerImpl.java:setRole(171)) - 85c6a9f3-b9a5-43a5-ac4f-9aa7bd5f2263:group-9A5D07E5F194 changes role from FOLLOWER to CANDIDATE at term 0 for changeToCandidate
2019-09-19 14:21:23,020 [Thread-417] INFO  impl.FollowerState (FollowerState.java:run(106)) - 1190b9a7-12b1-4c15-b33e-f7d0a0cd436c:group-D7F665CA7964 changes to CANDIDATE, lastRpcTime:5182, electionTimeout:5182ms
2019-09-19 14:21:23,020 [Thread-417] INFO  impl.RoleInfo (RoleInfo.java:shutdownFollowerState(121)) - 1190b9a7-12b1-4c15-b33e-f7d0a0cd436c: shutdown FollowerState
2019-09-19 14:21:23,020 [Thread-417] INFO  impl.RaftServerImpl (RaftServerImpl.java:setRole(171)) - 1190b9a7-12b1-4c15-b33e-f7d0a0cd436c:group-D7F665CA7964 changes role from FOLLOWER to CANDIDATE at term 0 for changeToCandidate
2019-09-19 14:21:23,026 [Thread-423] INFO  impl.FollowerState (FollowerState.java:run(106)) - 85c6a9f3-b9a5-43a5-ac4f-9aa7bd5f2263:group-CECFC47F3681 changes to CANDIDATE, lastRpcTime:5107, electionTimeout:5107ms
2019-09-19 14:21:23,026 [Thread-423] INFO  impl.RoleInfo (RoleInfo.java:shutdownFollowerState(121)) - 85c6a9f3-b9a5-43a5-ac4f-9aa7bd5f2263: shutdown FollowerState
2019-09-19 14:21:23,026 [Thread-423] INFO  impl.RaftServerImpl (RaftServerImpl.java:setRole(171)) - 85c6a9f3-b9a5-43a5-ac4f-9aa7bd5f2263:group-CECFC47F3681 changes role from FOLLOWER to CANDIDATE at term 0 for changeToCandidate
2019-09-19 14:21:23,045 [Thread-426] INFO  impl.FollowerState (FollowerState.java:run(106)) - 85c6a9f3-b9a5-43a5-ac4f-9aa7bd5f2263:group-BB800D4A9B64 changes to CANDIDATE, lastRpcTime:5068, electionTimeout:5068ms
2019-09-19 14:21:23,045 [Thread-426] INFO  impl.RoleInfo (RoleInfo.java:shutdownFollowerState(121)) - 85c6a9f3-b9a5-43a5-ac4f-9aa7bd5f2263: shutdown FollowerState
2019-09-19 14:21:23,046 [Thread-426] INFO  impl.RaftServerImpl (RaftServerImpl.java:setRole(171)) - 85c6a9f3-b9a5-43a5-ac4f-9aa7bd5f2263:group-BB800D4A9B64 changes role from FOLLOWER to CANDIDATE at term 0 for changeToCandidate
2019-09-19 14:21:23,070 [Thread-432] INFO  impl.FollowerState (FollowerState.java:run(106)) - 1190b9a7-12b1-4c15-b33e-f7d0a0cd436c:group-2C9E25478EFB changes to CANDIDATE, lastRpcTime:5010, electionTimeout:5010ms
2019-09-19 14:21:23,070 [Thread-432] INFO  impl.RoleInfo (RoleInfo.java:shutdownFollowerState(121)) - 1190b9a7-12b1-4c15-b33e-f7d0a0cd436c: shutdown FollowerState
2019-09-19 14:21:23,070 [Thread-432] INFO  impl.RaftServerImpl (RaftServerImpl.java:setRole(171)) - 1190b9a7-12b1-4c15-b33e-f7d0a0cd436c:group-2C9E25478EFB changes role from FOLLOWER to CANDIDATE at term 0 for changeToCandidate
2019-09-19 14:21:23,095 [Thread-429] INFO  impl.FollowerState (FollowerState.java:run(106)) - 85c6a9f3-b9a5-43a5-ac4f-9aa7bd5f2263:group-AB59350278B8 changes to CANDIDATE, lastRpcTime:5077, electionTimeout:5077ms
2019-09-19 14:21:23,095 [Thread-429] INFO  impl.RoleInfo (RoleInfo.java:shutdownFollowerState(121)) - 85c6a9f3-b9a5-43a5-ac4f-9aa7bd5f2263: shutdown FollowerState
2019-09-19 14:21:23,095 [Thread-429] INFO  impl.RaftServerImpl (RaftServerImpl.java:setRole(171)) - 85c6a9f3-b9a5-43a5-ac4f-9aa7bd5f2263:group-AB59350278B8 changes role from FOLLOWER to CANDIDATE at term 0 for changeToCandidate
2019-09-19 14:21:23,098 [Thread-429] INFO  impl.RoleInfo (RoleInfo.java:updateAndGet(143)) - 85c6a9f3-b9a5-43a5-ac4f-9aa7bd5f2263: start LeaderElection
2019-09-19 14:21:23,098 [Thread-417] INFO  impl.RoleInfo (RoleInfo.java:updateAndGet(143)) - 1190b9a7-12b1-4c15-b33e-f7d0a0cd436c: start LeaderElection
2019-09-19 14:21:23,098 [Thread-423] INFO  impl.RoleInfo (RoleInfo.java:updateAndGet(143)) - 85c6a9f3-b9a5-43a5-ac4f-9aa7bd5f2263: start LeaderElection
2019-09-19 14:21:23,098 [Thread-411] INFO  impl.RoleInfo (RoleInfo.java:updateAndGet(143)) - 306a7a99-f2a5-4f40-b42b-2fc2def08a6a: start LeaderElection
2019-09-19 14:21:23,098 [pool-49-thread-1] INFO  server.RaftServerConfigKeys (ConfUtils.java:logGet(43)) - raft.server.snapshot.auto.trigger.enabled = true (custom)
2019-09-19 14:21:23,098 [Thread-426] INFO  impl.RoleInfo (RoleInfo.java:updateAndGet(143)) - 85c6a9f3-b9a5-43a5-ac4f-9aa7bd5f2263: start LeaderElection
2019-09-19 14:21:23,098 [Thread-432] INFO  impl.RoleInfo (RoleInfo.java:updateAndGet(143)) - 1190b9a7-12b1-4c15-b33e-f7d0a0cd436c: start LeaderElection
2019-09-19 14:21:23,099 [pool-49-thread-1] INFO  server.RaftServerConfigKeys (ConfUtils.java:logGet(43)) - raft.server.snapshot.auto.trigger.threshold = 10000 (custom)
2019-09-19 14:21:23,098 [Thread-414] INFO  impl.RoleInfo (RoleInfo.java:updateAndGet(143)) - 431517c4-8c09-4790-b37b-2e132c8143ad: start LeaderElection
2019-09-19 14:21:23,098 [Thread-420] INFO  impl.RoleInfo (RoleInfo.java:updateAndGet(143)) - 85c6a9f3-b9a5-43a5-ac4f-9aa7bd5f2263: start LeaderElection
2019-09-19 14:21:23,100 [pool-49-thread-1] INFO  server.RaftServerConfigKeys (ConfUtils.java:logGet(43)) - raft.server.retrycache.expirytime = 600000ms (custom)
2019-09-19 14:21:23,100 [pool-49-thread-1] INFO  impl.RaftServerImpl (RaftServerImpl.java:start(180)) - 306a7a99-f2a5-4f40-b42b-2fc2def08a6a: start group-2EC6A4848DE1
2019-09-19 14:21:23,100 [pool-49-thread-1] INFO  impl.RaftServerImpl (RaftServerImpl.java:setRole(171)) - 306a7a99-f2a5-4f40-b42b-2fc2def08a6a:group-2EC6A4848DE1 changes role from null to FOLLOWER at term 0 for startAsFollower
2019-09-19 14:21:23,101 [pool-49-thread-1] INFO  impl.RoleInfo (RoleInfo.java:updateAndGet(143)) - 306a7a99-f2a5-4f40-b42b-2fc2def08a6a: start FollowerState
2019-09-19 14:21:23,101 [pool-49-thread-1] INFO  util.JmxRegister (JmxRegister.java:tryRegister(44)) - Successfully registered JMX Bean with object name Ratis:service=RaftServer,group=group-2EC6A4848DE1,id=306a7a99-f2a5-4f40-b42b-2fc2def08a6a
2019-09-19 14:21:23,104 [RatisPipelineUtilsThread] INFO  pipeline.PipelineStateManager (PipelineStateManager.java:addPipeline(56)) - Created pipeline Pipeline[ Id: 57ee87bf-25e4-4ce6-a4e4-2ec6a4848de1, Nodes: 306a7a99-f2a5-4f40-b42b-2fc2def08a6a{ip: 192.168.157.226, host: pr-hdds-1569-swxfz-3172132826, networkLocation: /default-rack, certSerialId: null}, Type:RATIS, Factor:ONE, State:OPEN]
2019-09-19 14:21:23,109 [grpc-default-executor-1] INFO  impl.RaftServerProxy (RaftServerProxy.java:addNew(89)) - 6403e584-2209-453b-b79e-eeb0a7b58516: addNew group-215A1067754F:[6403e584-2209-453b-b79e-eeb0a7b58516:192.168.157.226:35833] returns group-215A1067754F:java.util.concurrent.CompletableFuture@2266ea3e[Not completed]
2019-09-19 14:21:23,110 [pool-60-thread-1] INFO  impl.RaftServerImpl (RaftServerImpl.java:<init>(93)) - 6403e584-2209-453b-b79e-eeb0a7b58516: new RaftServerImpl for group-215A1067754F:[6403e584-2209-453b-b79e-eeb0a7b58516:192.168.157.226:35833] with ContainerStateMachine:uninitialized
2019-09-19 14:21:23,111 [pool-60-thread-1] INFO  server.RaftServerConfigKeys (ConfUtils.java:logGet(43)) - raft.server.rpc.timeout.min = 5s (custom)
2019-09-19 14:21:23,111 [pool-60-thread-1] INFO  server.RaftServerConfigKeys (ConfUtils.java:logGet(43)) - raft.server.rpc.timeout.max = 5200ms (custom)
2019-09-19 14:21:23,111 [pool-60-thread-1] INFO  server.RaftServerConfigKeys (ConfUtils.java:logGet(43)) - raft.server.rpcslowness.timeout = 120s (custom)
2019-09-19 14:21:23,111 [pool-60-thread-1] INFO  server.RaftServerConfigKeys (ConfUtils.java:logGet(43)) - raft.server.sleep.deviation.threshold = 300 (default)
2019-09-19 14:21:23,111 [pool-60-thread-1] INFO  server.RaftServerConfigKeys (ConfUtils.java:logGet(43)) - raft.server.log.appender.install.snapshot.enabled = false (custom)
2019-09-19 14:21:23,111 [pool-60-thread-1] INFO  impl.RaftServerImpl (ServerState.java:<init>(105)) - 6403e584-2209-453b-b79e-eeb0a7b58516:group-215A1067754F ConfigurationManager, init=-1: [6403e584-2209-453b-b79e-eeb0a7b58516:192.168.157.226:35833], old=null, confs=<EMPTY_MAP>
2019-09-19 14:21:23,112 [pool-60-thread-1] INFO  server.RaftServerConfigKeys (ConfUtils.java:logGet(43)) - raft.server.storage.dir = [/workdir/hadoop-ozone/integration-test/target/test-dir/MiniOzoneClusterImpl-210d6028-2152-4683-81ff-347b0d29bb13/datanode-3/data/ratis] (custom)
2019-09-19 14:21:23,112 [pool-60-thread-1] INFO  storage.RaftStorageDirectory (RaftStorageDirectory.java:analyzeStorage(246)) - The storage directory /workdir/hadoop-ozone/integration-test/target/test-dir/MiniOzoneClusterImpl-210d6028-2152-4683-81ff-347b0d29bb13/datanode-3/data/ratis/6598e15c-7086-4406-9131-215a1067754f does not exist. Creating ...
2019-09-19 14:21:23,122 [85c6a9f3-b9a5-43a5-ac4f-9aa7bd5f2263:group-BB800D4A9B64:LeaderElection62] INFO  impl.LeaderElection (LeaderElection.java:askForVotes(181)) - 85c6a9f3-b9a5-43a5-ac4f-9aa7bd5f2263:group-BB800D4A9B64:LeaderElection62: begin an election at term 1 for -1: [85c6a9f3-b9a5-43a5-ac4f-9aa7bd5f2263:192.168.157.226:45170], old=null
2019-09-19 14:21:23,123 [85c6a9f3-b9a5-43a5-ac4f-9aa7bd5f2263:group-AB59350278B8:LeaderElection64] INFO  impl.LeaderElection (LeaderElection.java:askForVotes(181)) - 85c6a9f3-b9a5-43a5-ac4f-9aa7bd5f2263:group-AB59350278B8:LeaderElection64: begin an election at term 1 for -1: [85c6a9f3-b9a5-43a5-ac4f-9aa7bd5f2263:192.168.157.226:45170], old=null
2019-09-19 14:21:23,123 [431517c4-8c09-4790-b37b-2e132c8143ad:group-10F39D2FBAFD:LeaderElection57] INFO  impl.LeaderElection (LeaderElection.java:askForVotes(181)) - 431517c4-8c09-4790-b37b-2e132c8143ad:group-10F39D2FBAFD:LeaderElection57: begin an election at term 1 for -1: [431517c4-8c09-4790-b37b-2e132c8143ad:192.168.157.226:40911], old=null
2019-09-19 14:21:23,123 [306a7a99-f2a5-4f40-b42b-2fc2def08a6a:group-14AE4AE2C852:LeaderElection58] INFO  impl.LeaderElection (LeaderElection.java:askForVotes(181)) - 306a7a99-f2a5-4f40-b42b-2fc2def08a6a:group-14AE4AE2C852:LeaderElection58: begin an election at term 1 for -1: [306a7a99-f2a5-4f40-b42b-2fc2def08a6a:192.168.157.226:42633], old=null
2019-09-19 14:21:23,123 [1190b9a7-12b1-4c15-b33e-f7d0a0cd436c:group-D7F665CA7964:LeaderElection60] INFO  impl.LeaderElection (LeaderElection.java:askForVotes(181)) - 1190b9a7-12b1-4c15-b33e-f7d0a0cd436c:group-D7F665CA7964:LeaderElection60: begin an election at term 1 for -1: [1190b9a7-12b1-4c15-b33e-f7d0a0cd436c:192.168.157.226:34463], old=null
2019-09-19 14:21:23,123 [85c6a9f3-b9a5-43a5-ac4f-9aa7bd5f2263:group-CECFC47F3681:LeaderElection61] INFO  impl.LeaderElection (LeaderElection.java:askForVotes(181)) - 85c6a9f3-b9a5-43a5-ac4f-9aa7bd5f2263:group-CECFC47F3681:LeaderElection61: begin an election at term 1 for -1: [85c6a9f3-b9a5-43a5-ac4f-9aa7bd5f2263:192.168.157.226:45170], old=null
2019-09-19 14:21:23,123 [1190b9a7-12b1-4c15-b33e-f7d0a0cd436c:group-2C9E25478EFB:LeaderElection63] INFO  impl.LeaderElection (LeaderElection.java:askForVotes(181)) - 1190b9a7-12b1-4c15-b33e-f7d0a0cd436c:group-2C9E25478EFB:LeaderElection63: begin an election at term 1 for -1: [1190b9a7-12b1-4c15-b33e-f7d0a0cd436c:192.168.157.226:34463], old=null
2019-09-19 14:21:23,123 [85c6a9f3-b9a5-43a5-ac4f-9aa7bd5f2263:group-CECFC47F3681:LeaderElection61] INFO  impl.RoleInfo (RoleInfo.java:shutdownLeaderElection(134)) - 85c6a9f3-b9a5-43a5-ac4f-9aa7bd5f2263: shutdown LeaderElection
2019-09-19 14:21:23,123 [1190b9a7-12b1-4c15-b33e-f7d0a0cd436c:group-D7F665CA7964:LeaderElection60] INFO  impl.RoleInfo (RoleInfo.java:shutdownLeaderElection(134)) - 1190b9a7-12b1-4c15-b33e-f7d0a0cd436c: shutdown LeaderElection
2019-09-19 14:21:23,123 [306a7a99-f2a5-4f40-b42b-2fc2def08a6a:group-14AE4AE2C852:LeaderElection58] INFO  impl.RoleInfo (RoleInfo.java:shutdownLeaderElection(134)) - 306a7a99-f2a5-4f40-b42b-2fc2def08a6a: shutdown LeaderElection
2019-09-19 14:21:23,123 [431517c4-8c09-4790-b37b-2e132c8143ad:group-10F39D2FBAFD:LeaderElection57] INFO  impl.RoleInfo (RoleInfo.java:shutdownLeaderElection(134)) - 431517c4-8c09-4790-b37b-2e132c8143ad: shutdown LeaderElection
2019-09-19 14:21:23,123 [85c6a9f3-b9a5-43a5-ac4f-9aa7bd5f2263:group-AB59350278B8:LeaderElection64] INFO  impl.RoleInfo (RoleInfo.java:shutdownLeaderElection(134)) - 85c6a9f3-b9a5-43a5-ac4f-9aa7bd5f2263: shutdown LeaderElection
2019-09-19 14:21:23,123 [85c6a9f3-b9a5-43a5-ac4f-9aa7bd5f2263:group-BB800D4A9B64:LeaderElection62] INFO  impl.RoleInfo (RoleInfo.java:shutdownLeaderElection(134)) - 85c6a9f3-b9a5-43a5-ac4f-9aa7bd5f2263: shutdown LeaderElection
2019-09-19 14:21:23,123 [85c6a9f3-b9a5-43a5-ac4f-9aa7bd5f2263:group-9A5D07E5F194:LeaderElection59] INFO  impl.LeaderElection (LeaderElection.java:askForVotes(181)) - 85c6a9f3-b9a5-43a5-ac4f-9aa7bd5f2263:group-9A5D07E5F194:LeaderElection59: begin an election at term 1 for -1: [85c6a9f3-b9a5-43a5-ac4f-9aa7bd5f2263:192.168.157.226:45170], old=null
2019-09-19 14:21:23,124 [85c6a9f3-b9a5-43a5-ac4f-9aa7bd5f2263:group-BB800D4A9B64:LeaderElection62] INFO  impl.RaftServerImpl (RaftServerImpl.java:setRole(171)) - 85c6a9f3-b9a5-43a5-ac4f-9aa7bd5f2263:group-BB800D4A9B64 changes role from CANDIDATE to LEADER at term 1 for changeToLeader
2019-09-19 14:21:23,124 [85c6a9f3-b9a5-43a5-ac4f-9aa7bd5f2263:group-AB59350278B8:LeaderElection64] INFO  impl.RaftServerImpl (RaftServerImpl.java:setRole(171)) - 85c6a9f3-b9a5-43a5-ac4f-9aa7bd5f2263:group-AB59350278B8 changes role from CANDIDATE to LEADER at term 1 for changeToLeader
2019-09-19 14:21:23,124 [431517c4-8c09-4790-b37b-2e132c8143ad:group-10F39D2FBAFD:LeaderElection57] INFO  impl.RaftServerImpl (RaftServerImpl.java:setRole(171)) - 431517c4-8c09-4790-b37b-2e132c8143ad:group-10F39D2FBAFD changes role from CANDIDATE to LEADER at term 1 for changeToLeader
2019-09-19 14:21:23,124 [306a7a99-f2a5-4f40-b42b-2fc2def08a6a:group-14AE4AE2C852:LeaderElection58] INFO  impl.RaftServerImpl (RaftServerImpl.java:setRole(171)) - 306a7a99-f2a5-4f40-b42b-2fc2def08a6a:group-14AE4AE2C852 changes role from CANDIDATE to LEADER at term 1 for changeToLeader
2019-09-19 14:21:23,124 [1190b9a7-12b1-4c15-b33e-f7d0a0cd436c:group-D7F665CA7964:LeaderElection60] INFO  impl.RaftServerImpl (RaftServerImpl.java:setRole(171)) - 1190b9a7-12b1-4c15-b33e-f7d0a0cd436c:group-D7F665CA7964 changes role from CANDIDATE to LEADER at term 1 for changeToLeader
2019-09-19 14:21:23,125 [1190b9a7-12b1-4c15-b33e-f7d0a0cd436c:group-D7F665CA7964:LeaderElection60] INFO  impl.RaftServerImpl (ServerState.java:setLeader(263)) - 1190b9a7-12b1-4c15-b33e-f7d0a0cd436c:group-D7F665CA7964 change Leader from null to 1190b9a7-12b1-4c15-b33e-f7d0a0cd436c at term 1 for becomeLeader, leader elected after 5289ms
2019-09-19 14:21:23,124 [85c6a9f3-b9a5-43a5-ac4f-9aa7bd5f2263:group-CECFC47F3681:LeaderElection61] INFO  impl.RaftServerImpl (RaftServerImpl.java:setRole(171)) - 85c6a9f3-b9a5-43a5-ac4f-9aa7bd5f2263:group-CECFC47F3681 changes role from CANDIDATE to LEADER at term 1 for changeToLeader
2019-09-19 14:21:23,124 [1190b9a7-12b1-4c15-b33e-f7d0a0cd436c:group-2C9E25478EFB:LeaderElection63] INFO  impl.RoleInfo (RoleInfo.java:shutdownLeaderElection(134)) - 1190b9a7-12b1-4c15-b33e-f7d0a0cd436c: shutdown LeaderElection
2019-09-19 14:21:23,125 [85c6a9f3-b9a5-43a5-ac4f-9aa7bd5f2263:group-CECFC47F3681:LeaderElection61] INFO  impl.RaftServerImpl (ServerState.java:setLeader(263)) - 85c6a9f3-b9a5-43a5-ac4f-9aa7bd5f2263:group-CECFC47F3681 change Leader from null to 85c6a9f3-b9a5-43a5-ac4f-9aa7bd5f2263 at term 1 for becomeLeader, leader elected after 5210ms
2019-09-19 14:21:23,125 [1190b9a7-12b1-4c15-b33e-f7d0a0cd436c:group-D7F665CA7964:LeaderElection60] INFO  server.RaftServerConfigKeys (ConfUtils.java:logGet(43)) - raft.server.staging.catchup.gap = 1000 (default)
2019-09-19 14:21:23,125 [306a7a99-f2a5-4f40-b42b-2fc2def08a6a:group-14AE4AE2C852:LeaderElection58] INFO  impl.RaftServerImpl (ServerState.java:setLeader(263)) - 306a7a99-f2a5-4f40-b42b-2fc2def08a6a:group-14AE4AE2C852 change Leader from null to 306a7a99-f2a5-4f40-b42b-2fc2def08a6a at term 1 for becomeLeader, leader elected after 5360ms
2019-09-19 14:21:23,126 [306a7a99-f2a5-4f40-b42b-2fc2def08a6a:group-14AE4AE2C852:LeaderElection58] INFO  server.RaftServerConfigKeys (ConfUtils.java:logGet(43)) - raft.server.staging.catchup.gap = 1000 (default)
2019-09-19 14:21:23,125 [pool-60-thread-1] INFO  storage.RaftStorageDirectory (RaftStorageDirectory.java:tryLock(328)) - Lock on /workdir/hadoop-ozone/integration-test/target/test-dir/MiniOzoneClusterImpl-210d6028-2152-4683-81ff-347b0d29bb13/datanode-3/data/ratis/6598e15c-7086-4406-9131-215a1067754f/in_use.lock acquired by nodename 16198@pr-hdds-1569-swxfz-3172132826
2019-09-19 14:21:23,125 [431517c4-8c09-4790-b37b-2e132c8143ad:group-10F39D2FBAFD:LeaderElection57] INFO  impl.RaftServerImpl (ServerState.java:setLeader(263)) - 431517c4-8c09-4790-b37b-2e132c8143ad:group-10F39D2FBAFD change Leader from null to 431517c4-8c09-4790-b37b-2e132c8143ad at term 1 for becomeLeader, leader elected after 5327ms
2019-09-19 14:21:23,125 [85c6a9f3-b9a5-43a5-ac4f-9aa7bd5f2263:group-AB59350278B8:LeaderElection64] INFO  impl.RaftServerImpl (ServerState.java:setLeader(263)) - 85c6a9f3-b9a5-43a5-ac4f-9aa7bd5f2263:group-AB59350278B8 change Leader from null to 85c6a9f3-b9a5-43a5-ac4f-9aa7bd5f2263 at term 1 for becomeLeader, leader elected after 5111ms
2019-09-19 14:21:23,125 [85c6a9f3-b9a5-43a5-ac4f-9aa7bd5f2263:group-BB800D4A9B64:LeaderElection62] INFO  impl.RaftServerImpl (ServerState.java:setLeader(263)) - 85c6a9f3-b9a5-43a5-ac4f-9aa7bd5f2263:group-BB800D4A9B64 change Leader from null to 85c6a9f3-b9a5-43a5-ac4f-9aa7bd5f2263 at term 1 for becomeLeader, leader elected after 5152ms
2019-09-19 14:21:23,124 [85c6a9f3-b9a5-43a5-ac4f-9aa7bd5f2263:group-9A5D07E5F194:LeaderElection59] INFO  impl.RoleInfo (RoleInfo.java:shutdownLeaderElection(134)) - 85c6a9f3-b9a5-43a5-ac4f-9aa7bd5f2263: shutdown LeaderElection
2019-09-19 14:21:23,127 [85c6a9f3-b9a5-43a5-ac4f-9aa7bd5f2263:group-BB800D4A9B64:LeaderElection62] INFO  server.RaftServerConfigKeys (ConfUtils.java:logGet(43)) - raft.server.staging.catchup.gap = 1000 (default)
2019-09-19 14:21:23,126 [85c6a9f3-b9a5-43a5-ac4f-9aa7bd5f2263:group-AB59350278B8:LeaderElection64] INFO  server.RaftServerConfigKeys (ConfUtils.java:logGet(43)) - raft.server.staging.catchup.gap = 1000 (default)
2019-09-19 14:21:23,126 [431517c4-8c09-4790-b37b-2e132c8143ad:group-10F39D2FBAFD:LeaderElection57] INFO  server.RaftServerConfigKeys (ConfUtils.java:logGet(43)) - raft.server.staging.catchup.gap = 1000 (default)
2019-09-19 14:21:23,126 [306a7a99-f2a5-4f40-b42b-2fc2def08a6a:group-14AE4AE2C852:LeaderElection58] INFO  server.RaftServerConfigKeys (ConfUtils.java:logGet(43)) - raft.server.rpc.sleep.time = 25ms (default)
2019-09-19 14:21:23,126 [1190b9a7-12b1-4c15-b33e-f7d0a0cd436c:group-D7F665CA7964:LeaderElection60] INFO  server.RaftServerConfigKeys (ConfUtils.java:logGet(43)) - raft.server.rpc.sleep.time = 25ms (default)
2019-09-19 14:21:23,125 [85c6a9f3-b9a5-43a5-ac4f-9aa7bd5f2263:group-CECFC47F3681:LeaderElection61] INFO  server.RaftServerConfigKeys (ConfUtils.java:logGet(43)) - raft.server.staging.catchup.gap = 1000 (default)
2019-09-19 14:21:23,125 [1190b9a7-12b1-4c15-b33e-f7d0a0cd436c:group-2C9E25478EFB:LeaderElection63] INFO  impl.RaftServerImpl (RaftServerImpl.java:setRole(171)) - 1190b9a7-12b1-4c15-b33e-f7d0a0cd436c:group-2C9E25478EFB changes role from CANDIDATE to LEADER at term 1 for changeToLeader
2019-09-19 14:21:23,128 [85c6a9f3-b9a5-43a5-ac4f-9aa7bd5f2263:group-CECFC47F3681:LeaderElection61] INFO  server.RaftServerConfigKeys (ConfUtils.java:logGet(43)) - raft.server.rpc.sleep.time = 25ms (default)
2019-09-19 14:21:23,127 [1190b9a7-12b1-4c15-b33e-f7d0a0cd436c:group-D7F665CA7964:LeaderElection60] INFO  server.RaftServerConfigKeys (ConfUtils.java:logGet(43)) - raft.server.write.element-limit = 4096 (default)
2019-09-19 14:21:23,127 [306a7a99-f2a5-4f40-b42b-2fc2def08a6a:group-14AE4AE2C852:LeaderElection58] INFO  server.RaftServerConfigKeys (ConfUtils.java:logGet(43)) - raft.server.write.element-limit = 4096 (default)
2019-09-19 14:21:23,127 [431517c4-8c09-4790-b37b-2e132c8143ad:group-10F39D2FBAFD:LeaderElection57] INFO  server.RaftServerConfigKeys (ConfUtils.java:logGet(43)) - raft.server.rpc.sleep.time = 25ms (default)
2019-09-19 14:21:23,127 [85c6a9f3-b9a5-43a5-ac4f-9aa7bd5f2263:group-AB59350278B8:LeaderElection64] INFO  server.RaftServerConfigKeys (ConfUtils.java:logGet(43)) - raft.server.rpc.sleep.time = 25ms (default)
2019-09-19 14:21:23,127 [85c6a9f3-b9a5-43a5-ac4f-9aa7bd5f2263:group-BB800D4A9B64:LeaderElection62] INFO  server.RaftServerConfigKeys (ConfUtils.java:logGet(43)) - raft.server.rpc.sleep.time = 25ms (default)
2019-09-19 14:21:23,127 [85c6a9f3-b9a5-43a5-ac4f-9aa7bd5f2263:group-9A5D07E5F194:LeaderElection59] INFO  impl.RaftServerImpl (RaftServerImpl.java:setRole(171)) - 85c6a9f3-b9a5-43a5-ac4f-9aa7bd5f2263:group-9A5D07E5F194 changes role from CANDIDATE to LEADER at term 1 for changeToLeader
2019-09-19 14:21:23,129 [85c6a9f3-b9a5-43a5-ac4f-9aa7bd5f2263:group-BB800D4A9B64:LeaderElection62] INFO  server.RaftServerConfigKeys (ConfUtils.java:logGet(43)) - raft.server.write.element-limit = 4096 (default)
2019-09-19 14:21:23,128 [85c6a9f3-b9a5-43a5-ac4f-9aa7bd5f2263:group-AB59350278B8:LeaderElection64] INFO  server.RaftServerConfigKeys (ConfUtils.java:logGet(43)) - raft.server.write.element-limit = 4096 (default)
2019-09-19 14:21:23,128 [431517c4-8c09-4790-b37b-2e132c8143ad:group-10F39D2FBAFD:LeaderElection57] INFO  server.RaftServerConfigKeys (ConfUtils.java:logGet(43)) - raft.server.write.element-limit = 4096 (default)
2019-09-19 14:21:23,128 [306a7a99-f2a5-4f40-b42b-2fc2def08a6a:group-14AE4AE2C852:LeaderElection58] INFO  server.RaftServerConfigKeys (ConfUtils.java:logGet(43)) - raft.server.watch.timeout = 10s (default)
2019-09-19 14:21:23,128 [1190b9a7-12b1-4c15-b33e-f7d0a0cd436c:group-D7F665CA7964:LeaderElection60] INFO  server.RaftServerConfigKeys (ConfUtils.java:logGet(43)) - raft.server.watch.timeout = 10s (default)
2019-09-19 14:21:23,128 [85c6a9f3-b9a5-43a5-ac4f-9aa7bd5f2263:group-CECFC47F3681:LeaderElection61] INFO  server.RaftServerConfigKeys (ConfUtils.java:logGet(43)) - raft.server.write.element-limit = 4096 (default)
2019-09-19 14:21:23,128 [1190b9a7-12b1-4c15-b33e-f7d0a0cd436c:group-2C9E25478EFB:LeaderElection63] INFO  impl.RaftServerImpl (ServerState.java:setLeader(263)) - 1190b9a7-12b1-4c15-b33e-f7d0a0cd436c:group-2C9E25478EFB change Leader from null to 1190b9a7-12b1-4c15-b33e-f7d0a0cd436c at term 1 for becomeLeader, leader elected after 5071ms
2019-09-19 14:21:23,129 [85c6a9f3-b9a5-43a5-ac4f-9aa7bd5f2263:group-CECFC47F3681:LeaderElection61] INFO  server.RaftServerConfigKeys (ConfUtils.java:logGet(43)) - raft.server.watch.timeout = 10s (default)
2019-09-19 14:21:23,129 [1190b9a7-12b1-4c15-b33e-f7d0a0cd436c:group-D7F665CA7964:LeaderElection60] INFO  server.RaftServerConfigKeys (ConfUtils.java:logGet(43)) - raft.server.watch.timeout.denomination = 1s (default)
2019-09-19 14:21:23,129 [306a7a99-f2a5-4f40-b42b-2fc2def08a6a:group-14AE4AE2C852:LeaderElection58] INFO  server.RaftServerConfigKeys (ConfUtils.java:logGet(43)) - raft.server.watch.timeout.denomination = 1s (default)
2019-09-19 14:21:23,129 [431517c4-8c09-4790-b37b-2e132c8143ad:group-10F39D2FBAFD:LeaderElection57] INFO  server.RaftServerConfigKeys (ConfUtils.java:logGet(43)) - raft.server.watch.timeout = 10s (default)
2019-09-19 14:21:23,129 [85c6a9f3-b9a5-43a5-ac4f-9aa7bd5f2263:group-AB59350278B8:LeaderElection64] INFO  server.RaftServerConfigKeys (ConfUtils.java:logGet(43)) - raft.server.watch.timeout = 10s (default)
2019-09-19 14:21:23,130 [85c6a9f3-b9a5-43a5-ac4f-9aa7bd5f2263:group-AB59350278B8:LeaderElection64] INFO  server.RaftServerConfigKeys (ConfUtils.java:logGet(43)) - raft.server.watch.timeout.denomination = 1s (default)
2019-09-19 14:21:23,129 [85c6a9f3-b9a5-43a5-ac4f-9aa7bd5f2263:group-BB800D4A9B64:LeaderElection62] INFO  server.RaftServerConfigKeys (ConfUtils.java:logGet(43)) - raft.server.watch.timeout = 10s (default)
2019-09-19 14:21:23,129 [85c6a9f3-b9a5-43a5-ac4f-9aa7bd5f2263:group-9A5D07E5F194:LeaderElection59] INFO  impl.RaftServerImpl (ServerState.java:setLeader(263)) - 85c6a9f3-b9a5-43a5-ac4f-9aa7bd5f2263:group-9A5D07E5F194 change Leader from null to 85c6a9f3-b9a5-43a5-ac4f-9aa7bd5f2263 at term 1 for becomeLeader, leader elected after 5254ms
2019-09-19 14:21:23,131 [85c6a9f3-b9a5-43a5-ac4f-9aa7bd5f2263:group-BB800D4A9B64:LeaderElection62] INFO  server.RaftServerConfigKeys (ConfUtils.java:logGet(43)) - raft.server.watch.timeout.denomination = 1s (default)
2019-09-19 14:21:23,130 [85c6a9f3-b9a5-43a5-ac4f-9aa7bd5f2263:group-AB59350278B8:LeaderElection64] INFO  server.RaftServerConfigKeys (ConfUtils.java:logGet(43)) - raft.server.watch.element-limit = 65536 (default)
2019-09-19 14:21:23,130 [431517c4-8c09-4790-b37b-2e132c8143ad:group-10F39D2FBAFD:LeaderElection57] INFO  server.RaftServerConfigKeys (ConfUtils.java:logGet(43)) - raft.server.watch.timeout.denomination = 1s (default)
2019-09-19 14:21:23,131 [85c6a9f3-b9a5-43a5-ac4f-9aa7bd5f2263:group-AB59350278B8:LeaderElection64] INFO  impl.RoleInfo (RoleInfo.java:updateAndGet(143)) - 85c6a9f3-b9a5-43a5-ac4f-9aa7bd5f2263: start LeaderState
2019-09-19 14:21:23,130 [306a7a99-f2a5-4f40-b42b-2fc2def08a6a:group-14AE4AE2C852:LeaderElection58] INFO  server.RaftServerConfigKeys (ConfUtils.java:logGet(43)) - raft.server.watch.element-limit = 65536 (default)
2019-09-19 14:21:23,130 [1190b9a7-12b1-4c15-b33e-f7d0a0cd436c:group-D7F665CA7964:LeaderElection60] INFO  server.RaftServerConfigKeys (ConfUtils.java:logGet(43)) - raft.server.watch.element-limit = 65536 (default)
2019-09-19 14:21:23,130 [85c6a9f3-b9a5-43a5-ac4f-9aa7bd5f2263:group-CECFC47F3681:LeaderElection61] INFO  server.RaftServerConfigKeys (ConfUtils.java:logGet(43)) - raft.server.watch.timeout.denomination = 1s (default)
2019-09-19 14:21:23,130 [1190b9a7-12b1-4c15-b33e-f7d0a0cd436c:group-2C9E25478EFB:LeaderElection63] INFO  server.RaftServerConfigKeys (ConfUtils.java:logGet(43)) - raft.server.staging.catchup.gap = 1000 (default)
2019-09-19 14:21:23,132 [85c6a9f3-b9a5-43a5-ac4f-9aa7bd5f2263:group-CECFC47F3681:LeaderElection61] INFO  server.RaftServerConfigKeys (ConfUtils.java:logGet(43)) - raft.server.watch.element-limit = 65536 (default)
2019-09-19 14:21:23,132 [1190b9a7-12b1-4c15-b33e-f7d0a0cd436c:group-D7F665CA7964:LeaderElection60] INFO  impl.RoleInfo (RoleInfo.java:updateAndGet(143)) - 1190b9a7-12b1-4c15-b33e-f7d0a0cd436c: start LeaderState
2019-09-19 14:21:23,131 [306a7a99-f2a5-4f40-b42b-2fc2def08a6a:group-14AE4AE2C852:LeaderElection58] INFO  impl.RoleInfo (RoleInfo.java:updateAndGet(143)) - 306a7a99-f2a5-4f40-b42b-2fc2def08a6a: start LeaderState
2019-09-19 14:21:23,132 | INFO  | SCMAudit | user=jenkins1000 | ip=192.168.157.226 | op=SEND_HEARTBEAT {datanodeUUID=306a7a99-f2a5-4f40-b42b-2fc2def08a6a, command=[]} | ret=SUCCESS |  
2019-09-19 14:21:23,132 | INFO  | SCMAudit | user=jenkins1000 | ip=192.168.157.226 | op=SEND_HEARTBEAT {datanodeUUID=6403e584-2209-453b-b79e-eeb0a7b58516, command=[]} | ret=SUCCESS |  
2019-09-19 14:21:23,131 [85c6a9f3-b9a5-43a5-ac4f-9aa7bd5f2263:group-AB59350278B8:LeaderElection64] INFO  segmented.SegmentedRaftLogWorker (SegmentedRaftLogWorker.java:startLogSegment(380)) - 85c6a9f3-b9a5-43a5-ac4f-9aa7bd5f2263-SegmentedRaftLogWorker:Storage Directory /workdir/hadoop-ozone/integration-test/target/test-dir/MiniOzoneClusterImpl-210d6028-2152-4683-81ff-347b0d29bb13/datanode-0/data/ratis/1920ca39-0fbc-4390-a6b5-ab59350278b8: Starting segment from index:0
2019-09-19 14:21:23,131 [431517c4-8c09-4790-b37b-2e132c8143ad:group-10F39D2FBAFD:LeaderElection57] INFO  server.RaftServerConfigKeys (ConfUtils.java:logGet(43)) - raft.server.watch.element-limit = 65536 (default)
2019-09-19 14:21:23,131 [85c6a9f3-b9a5-43a5-ac4f-9aa7bd5f2263:group-BB800D4A9B64:LeaderElection62] INFO  server.RaftServerConfigKeys (ConfUtils.java:logGet(43)) - raft.server.watch.element-limit = 65536 (default)
2019-09-19 14:21:23,131 [85c6a9f3-b9a5-43a5-ac4f-9aa7bd5f2263:group-9A5D07E5F194:LeaderElection59] INFO  server.RaftServerConfigKeys (ConfUtils.java:logGet(43)) - raft.server.staging.catchup.gap = 1000 (default)
2019-09-19 14:21:23,133 [85c6a9f3-b9a5-43a5-ac4f-9aa7bd5f2263:group-AB59350278B8:LeaderElection64] INFO  impl.RaftServerImpl (ServerState.java:setRaftConf(361)) - 85c6a9f3-b9a5-43a5-ac4f-9aa7bd5f2263:group-AB59350278B8 set configuration 0: [85c6a9f3-b9a5-43a5-ac4f-9aa7bd5f2263:192.168.157.226:45170], old=null at 0
2019-09-19 14:21:23,133 [85c6a9f3-b9a5-43a5-ac4f-9aa7bd5f2263:group-BB800D4A9B64:LeaderElection62] INFO  impl.RoleInfo (RoleInfo.java:updateAndGet(143)) - 85c6a9f3-b9a5-43a5-ac4f-9aa7bd5f2263: start LeaderState
2019-09-19 14:21:23,133 [431517c4-8c09-4790-b37b-2e132c8143ad:group-10F39D2FBAFD:LeaderElection57] INFO  impl.RoleInfo (RoleInfo.java:updateAndGet(143)) - 431517c4-8c09-4790-b37b-2e132c8143ad: start LeaderState
2019-09-19 14:21:23,132 [306a7a99-f2a5-4f40-b42b-2fc2def08a6a:group-14AE4AE2C852:LeaderElection58] INFO  segmented.SegmentedRaftLogWorker (SegmentedRaftLogWorker.java:startLogSegment(380)) - 306a7a99-f2a5-4f40-b42b-2fc2def08a6a-SegmentedRaftLogWorker:Storage Directory /workdir/hadoop-ozone/integration-test/target/test-dir/MiniOzoneClusterImpl-210d6028-2152-4683-81ff-347b0d29bb13/datanode-2/data/ratis/9d8d82aa-9532-4bc7-b667-14ae4ae2c852: Starting segment from index:0
2019-09-19 14:21:23,132 [1190b9a7-12b1-4c15-b33e-f7d0a0cd436c:group-D7F665CA7964:LeaderElection60] INFO  segmented.SegmentedRaftLogWorker (SegmentedRaftLogWorker.java:startLogSegment(380)) - 1190b9a7-12b1-4c15-b33e-f7d0a0cd436c-SegmentedRaftLogWorker:Storage Directory /workdir/hadoop-ozone/integration-test/target/test-dir/MiniOzoneClusterImpl-210d6028-2152-4683-81ff-347b0d29bb13/datanode-4/data/ratis/15f44522-d68b-4cea-8b64-d7f665ca7964: Starting segment from index:0
2019-09-19 14:21:23,132 [85c6a9f3-b9a5-43a5-ac4f-9aa7bd5f2263:group-CECFC47F3681:LeaderElection61] INFO  impl.RoleInfo (RoleInfo.java:updateAndGet(143)) - 85c6a9f3-b9a5-43a5-ac4f-9aa7bd5f2263: start LeaderState
2019-09-19 14:21:23,132 [1190b9a7-12b1-4c15-b33e-f7d0a0cd436c:group-2C9E25478EFB:LeaderElection63] INFO  server.RaftServerConfigKeys (ConfUtils.java:logGet(43)) - raft.server.rpc.sleep.time = 25ms (default)
2019-09-19 14:21:23,134 [306a7a99-f2a5-4f40-b42b-2fc2def08a6a:group-14AE4AE2C852:LeaderElection58] INFO  impl.RaftServerImpl (ServerState.java:setRaftConf(361)) - 306a7a99-f2a5-4f40-b42b-2fc2def08a6a:group-14AE4AE2C852 set configuration 0: [306a7a99-f2a5-4f40-b42b-2fc2def08a6a:192.168.157.226:42633], old=null at 0
2019-09-19 14:21:23,133 [431517c4-8c09-4790-b37b-2e132c8143ad:group-10F39D2FBAFD:LeaderElection57] INFO  segmented.SegmentedRaftLogWorker (SegmentedRaftLogWorker.java:startLogSegment(380)) - 431517c4-8c09-4790-b37b-2e132c8143ad-SegmentedRaftLogWorker:Storage Directory /workdir/hadoop-ozone/integration-test/target/test-dir/MiniOzoneClusterImpl-210d6028-2152-4683-81ff-347b0d29bb13/datanode-5/data/ratis/f852f04b-af94-40ce-b046-10f39d2fbafd: Starting segment from index:0
2019-09-19 14:21:23,133 [85c6a9f3-b9a5-43a5-ac4f-9aa7bd5f2263:group-BB800D4A9B64:LeaderElection62] INFO  segmented.SegmentedRaftLogWorker (SegmentedRaftLogWorker.java:startLogSegment(380)) - 85c6a9f3-b9a5-43a5-ac4f-9aa7bd5f2263-SegmentedRaftLogWorker:Storage Directory /workdir/hadoop-ozone/integration-test/target/test-dir/MiniOzoneClusterImpl-210d6028-2152-4683-81ff-347b0d29bb13/datanode-0/data/ratis/68af074e-f9dc-4124-aa6e-bb800d4a9b64: Starting segment from index:0
2019-09-19 14:21:23,133 [85c6a9f3-b9a5-43a5-ac4f-9aa7bd5f2263:group-9A5D07E5F194:LeaderElection59] INFO  server.RaftServerConfigKeys (ConfUtils.java:logGet(43)) - raft.server.rpc.sleep.time = 25ms (default)
2019-09-19 14:21:23,135 [431517c4-8c09-4790-b37b-2e132c8143ad:group-10F39D2FBAFD:LeaderElection57] INFO  impl.RaftServerImpl (ServerState.java:setRaftConf(361)) - 431517c4-8c09-4790-b37b-2e132c8143ad:group-10F39D2FBAFD set configuration 0: [431517c4-8c09-4790-b37b-2e132c8143ad:192.168.157.226:40911], old=null at 0
2019-09-19 14:21:23,134 [1190b9a7-12b1-4c15-b33e-f7d0a0cd436c:group-2C9E25478EFB:LeaderElection63] INFO  server.RaftServerConfigKeys (ConfUtils.java:logGet(43)) - raft.server.write.element-limit = 4096 (default)
2019-09-19 14:21:23,134 [1190b9a7-12b1-4c15-b33e-f7d0a0cd436c:group-D7F665CA7964:LeaderElection60] INFO  impl.RaftServerImpl (ServerState.java:setRaftConf(361)) - 1190b9a7-12b1-4c15-b33e-f7d0a0cd436c:group-D7F665CA7964 set configuration 0: [1190b9a7-12b1-4c15-b33e-f7d0a0cd436c:192.168.157.226:34463], old=null at 0
2019-09-19 14:21:23,134 [85c6a9f3-b9a5-43a5-ac4f-9aa7bd5f2263:group-CECFC47F3681:LeaderElection61] INFO  segmented.SegmentedRaftLogWorker (SegmentedRaftLogWorker.java:startLogSegment(380)) - 85c6a9f3-b9a5-43a5-ac4f-9aa7bd5f2263-SegmentedRaftLogWorker:Storage Directory /workdir/hadoop-ozone/integration-test/target/test-dir/MiniOzoneClusterImpl-210d6028-2152-4683-81ff-347b0d29bb13/datanode-0/data/ratis/3efddad6-25e9-4359-85ae-cecfc47f3681: Starting segment from index:0
2019-09-19 14:21:23,135 [1190b9a7-12b1-4c15-b33e-f7d0a0cd436c:group-2C9E25478EFB:LeaderElection63] INFO  server.RaftServerConfigKeys (ConfUtils.java:logGet(43)) - raft.server.watch.timeout = 10s (default)
2019-09-19 14:21:23,135 [85c6a9f3-b9a5-43a5-ac4f-9aa7bd5f2263:group-BB800D4A9B64:LeaderElection62] INFO  impl.RaftServerImpl (ServerState.java:setRaftConf(361)) - 85c6a9f3-b9a5-43a5-ac4f-9aa7bd5f2263:group-BB800D4A9B64 set configuration 0: [85c6a9f3-b9a5-43a5-ac4f-9aa7bd5f2263:192.168.157.226:45170], old=null at 0
2019-09-19 14:21:23,761 | INFO  | SCMAudit | user=jenkins1000 | ip=192.168.157.226 | op=SEND_HEARTBEAT {datanodeUUID=431517c4-8c09-4790-b37b-2e132c8143ad, command=[]} | ret=SUCCESS |  
2019-09-19 14:21:23,761 | INFO  | SCMAudit | user=jenkins1000 | ip=192.168.157.226 | op=SEND_HEARTBEAT {datanodeUUID=5dfaa0ea-416a-422c-a75d-43311aceb00a, command=[]} | ret=SUCCESS |  
2019-09-19 14:21:23,761 | INFO  | SCMAudit | user=jenkins1000 | ip=192.168.157.226 | op=SEND_HEARTBEAT {datanodeUUID=85c6a9f3-b9a5-43a5-ac4f-9aa7bd5f2263, command=[]} | ret=SUCCESS |  
2019-09-19 14:21:23,762 | INFO  | SCMAudit | user=jenkins1000 | ip=192.168.157.226 | op=SEND_HEARTBEAT {datanodeUUID=1190b9a7-12b1-4c15-b33e-f7d0a0cd436c, command=[]} | ret=SUCCESS |  
2019-09-19 14:21:23,135 [85c6a9f3-b9a5-43a5-ac4f-9aa7bd5f2263:group-9A5D07E5F194:LeaderElection59] INFO  server.RaftServerConfigKeys (ConfUtils.java:logGet(43)) - raft.server.write.element-limit = 4096 (default)
2019-09-19 14:21:23,762 [85c6a9f3-b9a5-43a5-ac4f-9aa7bd5f2263:group-CECFC47F3681:LeaderElection61] INFO  impl.RaftServerImpl (ServerState.java:setRaftConf(361)) - 85c6a9f3-b9a5-43a5-ac4f-9aa7bd5f2263:group-CECFC47F3681 set configuration 0: [85c6a9f3-b9a5-43a5-ac4f-9aa7bd5f2263:192.168.157.226:45170], old=null at 0
2019-09-19 14:21:23,762 [pool-60-thread-1] INFO  storage.RaftStorage (RaftStorage.java:format(72)) - Storage directory /workdir/hadoop-ozone/integration-test/target/test-dir/MiniOzoneClusterImpl-210d6028-2152-4683-81ff-347b0d29bb13/datanode-3/data/ratis/6598e15c-7086-4406-9131-215a1067754f has been successfully formatted.
2019-09-19 14:21:23,761 [Thread-438] WARN  util.JavaUtils (JavaUtils.java:sleep(250)) - Unexpected long sleep: sleep(5041ms) actually took 5612ms which is over the threshold 300ms
2019-09-19 14:21:23,761 [Thread-435] WARN  util.JavaUtils (JavaUtils.java:sleep(250)) - Unexpected long sleep: sleep(5090ms) actually took 5659ms which is over the threshold 300ms
2019-09-19 14:21:23,761 [Thread-441] WARN  util.JavaUtils (JavaUtils.java:sleep(250)) - Unexpected long sleep: sleep(5034ms) actually took 5570ms which is over the threshold 300ms
2019-09-19 14:21:23,761 [Thread-450] WARN  util.JavaUtils (JavaUtils.java:sleep(250)) - Unexpected long sleep: sleep(5012ms) actually took 5439ms which is over the threshold 300ms
2019-09-19 14:21:23,761 [Thread-453] WARN  util.JavaUtils (JavaUtils.java:sleep(250)) - Unexpected long sleep: sleep(5004ms) actually took 5418ms which is over the threshold 300ms
2019-09-19 14:21:23,759 [Thread-444] WARN  util.JavaUtils (JavaUtils.java:sleep(250)) - Unexpected long sleep: sleep(5162ms) actually took 5527ms which is over the threshold 300ms
2019-09-19 14:21:23,759 [Thread-456] WARN  util.JavaUtils (JavaUtils.java:sleep(250)) - Unexpected long sleep: sleep(5085ms) actually took 5395ms which is over the threshold 300ms
2019-09-19 14:21:23,759 [Thread-447] WARN  util.JavaUtils (JavaUtils.java:sleep(250)) - Unexpected long sleep: sleep(5144ms) actually took 5476ms which is over the threshold 300ms
2019-09-19 14:21:23,758 [Thread-465] INFO  impl.FollowerState (FollowerState.java:run(106)) - 306a7a99-f2a5-4f40-b42b-2fc2def08a6a:group-040322C3D435 changes to CANDIDATE, lastRpcTime:5334, electionTimeout:5073ms
2019-09-19 14:21:23,758 [Thread-459] INFO  impl.FollowerState (FollowerState.java:run(106)) - 5dfaa0ea-416a-422c-a75d-43311aceb00a:group-0E840A7D0B0D changes to CANDIDATE, lastRpcTime:5373, electionTimeout:5109ms
2019-09-19 14:21:23,758 [Thread-471] INFO  impl.FollowerState (FollowerState.java:run(106)) - 306a7a99-f2a5-4f40-b42b-2fc2def08a6a:group-5B1D505DB39F changes to CANDIDATE, lastRpcTime:5292, electionTimeout:5036ms
2019-09-19 14:21:23,758 [Thread-468] INFO  impl.FollowerState (FollowerState.java:run(106)) - 5dfaa0ea-416a-422c-a75d-43311aceb00a:group-2BDFD38A0B98 changes to CANDIDATE, lastRpcTime:5311, electionTimeout:5085ms
2019-09-19 14:21:23,758 [Thread-477] INFO  impl.FollowerState (FollowerState.java:run(106)) - 431517c4-8c09-4790-b37b-2e132c8143ad:group-1241104DBBBB changes to CANDIDATE, lastRpcTime:5251, electionTimeout:5097ms
2019-09-19 14:21:23,766 [Thread-477] INFO  impl.RoleInfo (RoleInfo.java:shutdownFollowerState(121)) - 431517c4-8c09-4790-b37b-2e132c8143ad: shutdown FollowerState
2019-09-19 14:21:23,758 [Thread-462] INFO  impl.FollowerState (FollowerState.java:run(106)) - 306a7a99-f2a5-4f40-b42b-2fc2def08a6a:group-96513C34E79C changes to CANDIDATE, lastRpcTime:5353, electionTimeout:5194ms
2019-09-19 14:21:23,766 [Thread-462] INFO  impl.RoleInfo (RoleInfo.java:shutdownFollowerState(121)) - 306a7a99-f2a5-4f40-b42b-2fc2def08a6a: shutdown FollowerState
2019-09-19 14:21:23,758 [Thread-480] INFO  impl.FollowerState (FollowerState.java:run(106)) - 6403e584-2209-453b-b79e-eeb0a7b58516:group-6080E7E288A7 changes to CANDIDATE, lastRpcTime:5169, electionTimeout:5057ms
2019-09-19 14:21:23,757 [Thread-474] INFO  impl.FollowerState (FollowerState.java:run(106)) - 1190b9a7-12b1-4c15-b33e-f7d0a0cd436c:group-D7761551FA34 changes to CANDIDATE, lastRpcTime:5271, electionTimeout:5199ms
2019-09-19 14:21:23,766 [Thread-474] INFO  impl.RoleInfo (RoleInfo.java:shutdownFollowerState(121)) - 1190b9a7-12b1-4c15-b33e-f7d0a0cd436c: shutdown FollowerState
2019-09-19 14:21:23,753 [Thread-483] INFO  impl.FollowerState (FollowerState.java:run(106)) - 5dfaa0ea-416a-422c-a75d-43311aceb00a:group-66FE1FC44657 changes to CANDIDATE, lastRpcTime:5123, electionTimeout:5098ms
2019-09-19 14:21:23,135 [1190b9a7-12b1-4c15-b33e-f7d0a0cd436c:group-2C9E25478EFB:LeaderElection63] INFO  server.RaftServerConfigKeys (ConfUtils.java:logGet(43)) - raft.server.watch.timeout.denomination = 1s (default)
2019-09-19 14:21:23,767 [Thread-483] INFO  impl.RoleInfo (RoleInfo.java:shutdownFollowerState(121)) - 5dfaa0ea-416a-422c-a75d-43311aceb00a: shutdown FollowerState
2019-09-19 14:21:23,767 [Thread-483] INFO  impl.RaftServerImpl (RaftServerImpl.java:setRole(171)) - 5dfaa0ea-416a-422c-a75d-43311aceb00a:group-66FE1FC44657 changes role from FOLLOWER to CANDIDATE at term 0 for changeToCandidate
2019-09-19 14:21:23,766 [Thread-474] INFO  impl.RaftServerImpl (RaftServerImpl.java:setRole(171)) - 1190b9a7-12b1-4c15-b33e-f7d0a0cd436c:group-D7761551FA34 changes role from FOLLOWER to CANDIDATE at term 0 for changeToCandidate
2019-09-19 14:21:23,766 [Thread-480] INFO  impl.RoleInfo (RoleInfo.java:shutdownFollowerState(121)) - 6403e584-2209-453b-b79e-eeb0a7b58516: shutdown FollowerState
2019-09-19 14:21:23,767 [Thread-480] INFO  impl.RaftServerImpl (RaftServerImpl.java:setRole(171)) - 6403e584-2209-453b-b79e-eeb0a7b58516:group-6080E7E288A7 changes role from FOLLOWER to CANDIDATE at term 0 for changeToCandidate
2019-09-19 14:21:23,766 [Thread-462] INFO  impl.RaftServerImpl (RaftServerImpl.java:setRole(171)) - 306a7a99-f2a5-4f40-b42b-2fc2def08a6a:group-96513C34E79C changes role from FOLLOWER to CANDIDATE at term 0 for changeToCandidate
2019-09-19 14:21:23,766 [Thread-477] INFO  impl.RaftServerImpl (RaftServerImpl.java:setRole(171)) - 431517c4-8c09-4790-b37b-2e132c8143ad:group-1241104DBBBB changes role from FOLLOWER to CANDIDATE at term 0 for changeToCandidate
2019-09-19 14:21:23,766 [Thread-468] INFO  impl.RoleInfo (RoleInfo.java:shutdownFollowerState(121)) - 5dfaa0ea-416a-422c-a75d-43311aceb00a: shutdown FollowerState
2019-09-19 14:21:23,766 [Thread-471] INFO  impl.RoleInfo (RoleInfo.java:shutdownFollowerState(121)) - 306a7a99-f2a5-4f40-b42b-2fc2def08a6a: shutdown FollowerState
2019-09-19 14:21:23,765 [Thread-459] INFO  impl.RoleInfo (RoleInfo.java:shutdownFollowerState(121)) - 5dfaa0ea-416a-422c-a75d-43311aceb00a: shutdown FollowerState
2019-09-19 14:21:23,765 [Thread-465] INFO  impl.RoleInfo (RoleInfo.java:shutdownFollowerState(121)) - 306a7a99-f2a5-4f40-b42b-2fc2def08a6a: shutdown FollowerState
2019-09-19 14:21:23,768 [Thread-465] INFO  impl.RaftServerImpl (RaftServerImpl.java:setRole(171)) - 306a7a99-f2a5-4f40-b42b-2fc2def08a6a:group-040322C3D435 changes role from FOLLOWER to CANDIDATE at term 0 for changeToCandidate
2019-09-19 14:21:23,764 [pool-60-thread-1] INFO  ratis.ContainerStateMachine (ContainerStateMachine.java:loadSnapshot(226)) - group-215A1067754F: The snapshot info is null. Setting the last applied indexto:(t:0, i:~)
2019-09-19 14:21:23,764 [85c6a9f3-b9a5-43a5-ac4f-9aa7bd5f2263:group-9A5D07E5F194:LeaderElection59] INFO  server.RaftServerConfigKeys (ConfUtils.java:logGet(43)) - raft.server.watch.timeout = 10s (default)
2019-09-19 14:21:23,768 [pool-60-thread-1] INFO  server.RaftServerConfigKeys (ConfUtils.java:logGet(43)) - raft.server.leader.election.timeout = 120s (custom)
2019-09-19 14:21:23,768 [Thread-465] INFO  impl.RoleInfo (RoleInfo.java:updateAndGet(143)) - 306a7a99-f2a5-4f40-b42b-2fc2def08a6a: start LeaderElection
2019-09-19 14:21:23,768 [Thread-459] INFO  impl.RaftServerImpl (RaftServerImpl.java:setRole(171)) - 5dfaa0ea-416a-422c-a75d-43311aceb00a:group-0E840A7D0B0D changes role from FOLLOWER to CANDIDATE at term 0 for changeToCandidate
2019-09-19 14:21:23,768 [Thread-471] INFO  impl.RaftServerImpl (RaftServerImpl.java:setRole(171)) - 306a7a99-f2a5-4f40-b42b-2fc2def08a6a:group-5B1D505DB39F changes role from FOLLOWER to CANDIDATE at term 0 for changeToCandidate
2019-09-19 14:21:23,768 [Thread-468] INFO  impl.RaftServerImpl (RaftServerImpl.java:setRole(171)) - 5dfaa0ea-416a-422c-a75d-43311aceb00a:group-2BDFD38A0B98 changes role from FOLLOWER to CANDIDATE at term 0 for changeToCandidate
2019-09-19 14:21:23,768 [Thread-477] INFO  impl.RoleInfo (RoleInfo.java:updateAndGet(143)) - 431517c4-8c09-4790-b37b-2e132c8143ad: start LeaderElection
2019-09-19 14:21:23,768 [Thread-462] INFO  impl.RoleInfo (RoleInfo.java:updateAndGet(143)) - 306a7a99-f2a5-4f40-b42b-2fc2def08a6a: start LeaderElection
2019-09-19 14:21:23,768 [Thread-480] INFO  impl.RoleInfo (RoleInfo.java:updateAndGet(143)) - 6403e584-2209-453b-b79e-eeb0a7b58516: start LeaderElection
2019-09-19 14:21:23,767 [Thread-474] INFO  impl.RoleInfo (RoleInfo.java:updateAndGet(143)) - 1190b9a7-12b1-4c15-b33e-f7d0a0cd436c: start LeaderElection
2019-09-19 14:21:23,767 [Thread-483] INFO  impl.RoleInfo (RoleInfo.java:updateAndGet(143)) - 5dfaa0ea-416a-422c-a75d-43311aceb00a: start LeaderElection
2019-09-19 14:21:23,767 [1190b9a7-12b1-4c15-b33e-f7d0a0cd436c:group-2C9E25478EFB:LeaderElection63] INFO  server.RaftServerConfigKeys (ConfUtils.java:logGet(43)) - raft.server.watch.element-limit = 65536 (default)
2019-09-19 14:21:23,771 [Thread-468] INFO  impl.RoleInfo (RoleInfo.java:updateAndGet(143)) - 5dfaa0ea-416a-422c-a75d-43311aceb00a: start LeaderElection
2019-09-19 14:21:23,771 [Thread-471] INFO  impl.RoleInfo (RoleInfo.java:updateAndGet(143)) - 306a7a99-f2a5-4f40-b42b-2fc2def08a6a: start LeaderElection
2019-09-19 14:21:23,771 [Thread-486] INFO  impl.FollowerState (FollowerState.java:run(106)) - 431517c4-8c09-4790-b37b-2e132c8143ad:group-F48EAE1DFE2B changes to CANDIDATE, lastRpcTime:5099, electionTimeout:5099ms
2019-09-19 14:21:23,771 [Thread-459] INFO  impl.RoleInfo (RoleInfo.java:updateAndGet(143)) - 5dfaa0ea-416a-422c-a75d-43311aceb00a: start LeaderElection
2019-09-19 14:21:23,769 [pool-60-thread-1] INFO  server.RaftServerConfigKeys (ConfUtils.java:logGet(43)) - raft.server.log.use.memory = false (default)
2019-09-19 14:21:23,769 [85c6a9f3-b9a5-43a5-ac4f-9aa7bd5f2263:group-9A5D07E5F194:LeaderElection59] INFO  server.RaftServerConfigKeys (ConfUtils.java:logGet(43)) - raft.server.watch.timeout.denomination = 1s (default)
2019-09-19 14:21:23,773 [pool-60-thread-1] INFO  server.RaftServerConfigKeys (ConfUtils.java:logGet(43)) - raft.server.log.purge.gap = 1000000 (custom)
2019-09-19 14:21:23,772 [Thread-486] INFO  impl.RoleInfo (RoleInfo.java:shutdownFollowerState(121)) - 431517c4-8c09-4790-b37b-2e132c8143ad: shutdown FollowerState
2019-09-19 14:21:23,772 [1190b9a7-12b1-4c15-b33e-f7d0a0cd436c:group-2C9E25478EFB:LeaderElection63] INFO  impl.RoleInfo (RoleInfo.java:updateAndGet(143)) - 1190b9a7-12b1-4c15-b33e-f7d0a0cd436c: start LeaderState
2019-09-19 14:21:23,773 [Thread-486] INFO  impl.RaftServerImpl (RaftServerImpl.java:setRole(171)) - 431517c4-8c09-4790-b37b-2e132c8143ad:group-F48EAE1DFE2B changes role from FOLLOWER to CANDIDATE at term 0 for changeToCandidate
2019-09-19 14:21:23,773 [pool-60-thread-1] INFO  server.RaftServerConfigKeys (ConfUtils.java:logGet(43)) - raft.server.log.appender.buffer.byte-limit = 33554432 (custom)
2019-09-19 14:21:23,773 [pool-60-thread-1] INFO  server.RaftServerConfigKeys (ConfUtils.java:logGet(43)) - raft.server.log.segment.size.max = 1048576 (custom)
2019-09-19 14:21:23,773 [85c6a9f3-b9a5-43a5-ac4f-9aa7bd5f2263:group-9A5D07E5F194:LeaderElection59] INFO  server.RaftServerConfigKeys (ConfUtils.java:logGet(43)) - raft.server.watch.element-limit = 65536 (default)
2019-09-19 14:21:23,774 [pool-60-thread-1] INFO  server.RaftServerConfigKeys (ConfUtils.java:logGet(43)) - raft.server.log.segment.cache.num.max = 2 (custom)
2019-09-19 14:21:23,773 [Thread-486] INFO  impl.RoleInfo (RoleInfo.java:updateAndGet(143)) - 431517c4-8c09-4790-b37b-2e132c8143ad: start LeaderElection
2019-09-19 14:21:23,773 [1190b9a7-12b1-4c15-b33e-f7d0a0cd436c:group-2C9E25478EFB:LeaderElection63] INFO  segmented.SegmentedRaftLogWorker (SegmentedRaftLogWorker.java:startLogSegment(380)) - 1190b9a7-12b1-4c15-b33e-f7d0a0cd436c-SegmentedRaftLogWorker:Storage Directory /workdir/hadoop-ozone/integration-test/target/test-dir/MiniOzoneClusterImpl-210d6028-2152-4683-81ff-347b0d29bb13/datanode-4/data/ratis/923a9e58-2c5a-4174-b54a-2c9e25478efb: Starting segment from index:0
2019-09-19 14:21:23,774 [85c6a9f3-b9a5-43a5-ac4f-9aa7bd5f2263:group-9A5D07E5F194:LeaderElection59] INFO  impl.RoleInfo (RoleInfo.java:updateAndGet(143)) - 85c6a9f3-b9a5-43a5-ac4f-9aa7bd5f2263: start LeaderState
2019-09-19 14:21:23,774 [pool-60-thread-1] INFO  segmented.SegmentedRaftLogWorker (SegmentedRaftLogWorker.java:<init>(172)) - new 6403e584-2209-453b-b79e-eeb0a7b58516-SegmentedRaftLogWorker:Storage Directory /workdir/hadoop-ozone/integration-test/target/test-dir/MiniOzoneClusterImpl-210d6028-2152-4683-81ff-347b0d29bb13/datanode-3/data/ratis/6598e15c-7086-4406-9131-215a1067754f for RaftStorage:Storage Directory /workdir/hadoop-ozone/integration-test/target/test-dir/MiniOzoneClusterImpl-210d6028-2152-4683-81ff-347b0d29bb13/datanode-3/data/ratis/6598e15c-7086-4406-9131-215a1067754f
2019-09-19 14:21:23,774 [pool-60-thread-1] INFO  server.RaftServerConfigKeys (ConfUtils.java:logGet(43)) - raft.server.log.queue.byte-limit = 2147483647 (custom)
2019-09-19 14:21:23,774 [1190b9a7-12b1-4c15-b33e-f7d0a0cd436c:group-2C9E25478EFB:LeaderElection63] INFO  impl.RaftServerImpl (ServerState.java:setRaftConf(361)) - 1190b9a7-12b1-4c15-b33e-f7d0a0cd436c:group-2C9E25478EFB set configuration 0: [1190b9a7-12b1-4c15-b33e-f7d0a0cd436c:192.168.157.226:34463], old=null at 0
2019-09-19 14:21:23,774 [85c6a9f3-b9a5-43a5-ac4f-9aa7bd5f2263:group-9A5D07E5F194:LeaderElection59] INFO  segmented.SegmentedRaftLogWorker (SegmentedRaftLogWorker.java:startLogSegment(380)) - 85c6a9f3-b9a5-43a5-ac4f-9aa7bd5f2263-SegmentedRaftLogWorker:Storage Directory /workdir/hadoop-ozone/integration-test/target/test-dir/MiniOzoneClusterImpl-210d6028-2152-4683-81ff-347b0d29bb13/datanode-0/data/ratis/7060508a-122e-4d10-ac3f-9a5d07e5f194: Starting segment from index:0
2019-09-19 14:21:23,774 [pool-60-thread-1] INFO  server.RaftServerConfigKeys (ConfUtils.java:logGet(43)) - raft.server.log.queue.element-limit = 1024 (custom)
2019-09-19 14:21:23,775 [pool-60-thread-1] INFO  server.RaftServerConfigKeys (ConfUtils.java:logGet(43)) - raft.server.log.segment.size.max = 1048576 (custom)
2019-09-19 14:21:23,775 [pool-60-thread-1] INFO  server.RaftServerConfigKeys (ConfUtils.java:logGet(43)) - raft.server.log.preallocated.size = 16384 (custom)
2019-09-19 14:21:24,354 [Thread-519] INFO  impl.FollowerState (FollowerState.java:run(106)) - 85c6a9f3-b9a5-43a5-ac4f-9aa7bd5f2263:group-CDED230A9C47 changes to CANDIDATE, lastRpcTime:5181, electionTimeout:5138ms
2019-09-19 14:21:24,354 [Thread-522] INFO  impl.FollowerState (FollowerState.java:run(106)) - 6403e584-2209-453b-b79e-eeb0a7b58516:group-29E445EC1A13 changes to CANDIDATE, lastRpcTime:5139, electionTimeout:5096ms
2019-09-19 14:21:24,354 [Thread-522] INFO  impl.RoleInfo (RoleInfo.java:shutdownFollowerState(121)) - 6403e584-2209-453b-b79e-eeb0a7b58516: shutdown FollowerState
2019-09-19 14:21:24,354 [Thread-516] INFO  impl.FollowerState (FollowerState.java:run(106)) - 306a7a99-f2a5-4f40-b42b-2fc2def08a6a:group-AAFAF8A40158 changes to CANDIDATE, lastRpcTime:5220, electionTimeout:5188ms
2019-09-19 14:21:24,354 [306a7a99-f2a5-4f40-b42b-2fc2def08a6a:group-96513C34E79C:LeaderElection68] INFO  impl.LeaderElection (LeaderElection.java:askForVotes(181)) - 306a7a99-f2a5-4f40-b42b-2fc2def08a6a:group-96513C34E79C:LeaderElection68: begin an election at term 1 for -1: [306a7a99-f2a5-4f40-b42b-2fc2def08a6a:192.168.157.226:42633], old=null
2019-09-19 14:21:24,354 [1190b9a7-12b1-4c15-b33e-f7d0a0cd436c:group-D7761551FA34:LeaderElection66] INFO  impl.LeaderElection (LeaderElection.java:askForVotes(181)) - 1190b9a7-12b1-4c15-b33e-f7d0a0cd436c:group-D7761551FA34:LeaderElection66: begin an election at term 1 for -1: [1190b9a7-12b1-4c15-b33e-f7d0a0cd436c:192.168.157.226:34463], old=null
2019-09-19 14:21:24,354 [1190b9a7-12b1-4c15-b33e-f7d0a0cd436c-SegmentedRaftLogWorker:Storage Directory /workdir/hadoop-ozone/integration-test/target/test-dir/MiniOzoneClusterImpl-210d6028-2152-4683-81ff-347b0d29bb13/datanode-4/data/ratis/15f44522-d68b-4cea-8b64-d7f665ca7964] INFO  segmented.SegmentedRaftLogWorker (SegmentedRaftLogWorker.java:execute(569)) - 1190b9a7-12b1-4c15-b33e-f7d0a0cd436c-SegmentedRaftLogWorker:Storage Directory /workdir/hadoop-ozone/integration-test/target/test-dir/MiniOzoneClusterImpl-210d6028-2152-4683-81ff-347b0d29bb13/datanode-4/data/ratis/15f44522-d68b-4cea-8b64-d7f665ca7964: created new log segment /workdir/hadoop-ozone/integration-test/target/test-dir/MiniOzoneClusterImpl-210d6028-2152-4683-81ff-347b0d29bb13/datanode-4/data/ratis/15f44522-d68b-4cea-8b64-d7f665ca7964/current/log_inprogress_0
2019-09-19 14:21:24,354 [5dfaa0ea-416a-422c-a75d-43311aceb00a:group-66FE1FC44657:LeaderElection65] INFO  impl.LeaderElection (LeaderElection.java:askForVotes(181)) - 5dfaa0ea-416a-422c-a75d-43311aceb00a:group-66FE1FC44657:LeaderElection65: begin an election at term 1 for -1: [5dfaa0ea-416a-422c-a75d-43311aceb00a:192.168.157.226:45629], old=null
2019-09-19 14:21:24,354 [431517c4-8c09-4790-b37b-2e132c8143ad:group-1241104DBBBB:LeaderElection69] INFO  impl.LeaderElection (LeaderElection.java:askForVotes(181)) - 431517c4-8c09-4790-b37b-2e132c8143ad:group-1241104DBBBB:LeaderElection69: begin an election at term 1 for -1: [431517c4-8c09-4790-b37b-2e132c8143ad:192.168.157.226:40911], old=null
2019-09-19 14:21:24,354 [306a7a99-f2a5-4f40-b42b-2fc2def08a6a:group-040322C3D435:LeaderElection70] INFO  impl.LeaderElection (LeaderElection.java:askForVotes(181)) - 306a7a99-f2a5-4f40-b42b-2fc2def08a6a:group-040322C3D435:LeaderElection70: begin an election at term 1 for -1: [306a7a99-f2a5-4f40-b42b-2fc2def08a6a:192.168.157.226:42633], old=null
2019-09-19 14:21:24,354 [6403e584-2209-453b-b79e-eeb0a7b58516:group-6080E7E288A7:LeaderElection67] INFO  impl.LeaderElection (LeaderElection.java:askForVotes(181)) - 6403e584-2209-453b-b79e-eeb0a7b58516:group-6080E7E288A7:LeaderElection67: begin an election at term 1 for -1: [6403e584-2209-453b-b79e-eeb0a7b58516:192.168.157.226:35833], old=null
2019-09-19 14:21:24,354 [431517c4-8c09-4790-b37b-2e132c8143ad-SegmentedRaftLogWorker:Storage Directory /workdir/hadoop-ozone/integration-test/target/test-dir/MiniOzoneClusterImpl-210d6028-2152-4683-81ff-347b0d29bb13/datanode-5/data/ratis/f852f04b-af94-40ce-b046-10f39d2fbafd] INFO  segmented.SegmentedRaftLogWorker (SegmentedRaftLogWorker.java:execute(569)) - 431517c4-8c09-4790-b37b-2e132c8143ad-SegmentedRaftLogWorker:Storage Directory /workdir/hadoop-ozone/integration-test/target/test-dir/MiniOzoneClusterImpl-210d6028-2152-4683-81ff-347b0d29bb13/datanode-5/data/ratis/f852f04b-af94-40ce-b046-10f39d2fbafd: created new log segment /workdir/hadoop-ozone/integration-test/target/test-dir/MiniOzoneClusterImpl-210d6028-2152-4683-81ff-347b0d29bb13/datanode-5/data/ratis/f852f04b-af94-40ce-b046-10f39d2fbafd/current/log_inprogress_0
2019-09-19 14:21:24,356 | INFO  | SCMAudit | user=jenkins1000 | ip=192.168.157.226 | op=SEND_HEARTBEAT {datanodeUUID=56d21ab3-8f6d-44ea-b961-c721a1c09246, command=[]} | ret=SUCCESS |  
2019-09-19 14:21:24,353 [306a7a99-f2a5-4f40-b42b-2fc2def08a6a-SegmentedRaftLogWorker:Storage Directory /workdir/hadoop-ozone/integration-test/target/test-dir/MiniOzoneClusterImpl-210d6028-2152-4683-81ff-347b0d29bb13/datanode-2/data/ratis/9d8d82aa-9532-4bc7-b667-14ae4ae2c852] INFO  segmented.SegmentedRaftLogWorker (SegmentedRaftLogWorker.java:execute(569)) - 306a7a99-f2a5-4f40-b42b-2fc2def08a6a-SegmentedRaftLogWorker:Storage Directory /workdir/hadoop-ozone/integration-test/target/test-dir/MiniOzoneClusterImpl-210d6028-2152-4683-81ff-347b0d29bb13/datanode-2/data/ratis/9d8d82aa-9532-4bc7-b667-14ae4ae2c852: created new log segment /workdir/hadoop-ozone/integration-test/target/test-dir/MiniOzoneClusterImpl-210d6028-2152-4683-81ff-347b0d29bb13/datanode-2/data/ratis/9d8d82aa-9532-4bc7-b667-14ae4ae2c852/current/log_inprogress_0
2019-09-19 14:21:24,356 | INFO  | SCMAudit | user=jenkins1000 | ip=192.168.157.226 | op=SEND_HEARTBEAT {datanodeUUID=6403e584-2209-453b-b79e-eeb0a7b58516, command=[]} | ret=SUCCESS |  
2019-09-19 14:21:24,356 | INFO  | SCMAudit | user=jenkins1000 | ip=192.168.157.226 | op=SEND_HEARTBEAT {datanodeUUID=306a7a99-f2a5-4f40-b42b-2fc2def08a6a, command=[]} | ret=SUCCESS |  
2019-09-19 14:21:24,353 [85c6a9f3-b9a5-43a5-ac4f-9aa7bd5f2263-SegmentedRaftLogWorker:Storage Directory /workdir/hadoop-ozone/integration-test/target/test-dir/MiniOzoneClusterImpl-210d6028-2152-4683-81ff-347b0d29bb13/datanode-0/data/ratis/68af074e-f9dc-4124-aa6e-bb800d4a9b64] INFO  segmented.SegmentedRaftLogWorker (SegmentedRaftLogWorker.java:execute(569)) - 85c6a9f3-b9a5-43a5-ac4f-9aa7bd5f2263-SegmentedRaftLogWorker:Storage Directory /workdir/hadoop-ozone/integration-test/target/test-dir/MiniOzoneClusterImpl-210d6028-2152-4683-81ff-347b0d29bb13/datanode-0/data/ratis/68af074e-f9dc-4124-aa6e-bb800d4a9b64: created new log segment /workdir/hadoop-ozone/integration-test/target/test-dir/MiniOzoneClusterImpl-210d6028-2152-4683-81ff-347b0d29bb13/datanode-0/data/ratis/68af074e-f9dc-4124-aa6e-bb800d4a9b64/current/log_inprogress_0
2019-09-19 14:21:24,353 [85c6a9f3-b9a5-43a5-ac4f-9aa7bd5f2263-SegmentedRaftLogWorker:Storage Directory /workdir/hadoop-ozone/integration-test/target/test-dir/MiniOzoneClusterImpl-210d6028-2152-4683-81ff-347b0d29bb13/datanode-0/data/ratis/1920ca39-0fbc-4390-a6b5-ab59350278b8] INFO  segmented.SegmentedRaftLogWorker (SegmentedRaftLogWorker.java:execute(569)) - 85c6a9f3-b9a5-43a5-ac4f-9aa7bd5f2263-SegmentedRaftLogWorker:Storage Directory /workdir/hadoop-ozone/integration-test/target/test-dir/MiniOzoneClusterImpl-210d6028-2152-4683-81ff-347b0d29bb13/datanode-0/data/ratis/1920ca39-0fbc-4390-a6b5-ab59350278b8: created new log segment /workdir/hadoop-ozone/integration-test/target/test-dir/MiniOzoneClusterImpl-210d6028-2152-4683-81ff-347b0d29bb13/datanode-0/data/ratis/1920ca39-0fbc-4390-a6b5-ab59350278b8/current/log_inprogress_0
2019-09-19 14:21:24,353 [Thread-492] WARN  util.JavaUtils (JavaUtils.java:sleep(250)) - Unexpected long sleep: sleep(5094ms) actually took 5598ms which is over the threshold 300ms
2019-09-19 14:21:24,353 [Thread-495] WARN  util.JavaUtils (JavaUtils.java:sleep(250)) - Unexpected long sleep: sleep(5037ms) actually took 5527ms which is over the threshold 300ms
2019-09-19 14:21:24,353 [Thread-489] WARN  util.JavaUtils (JavaUtils.java:sleep(250)) - Unexpected long sleep: sleep(5174ms) actually took 5640ms which is over the threshold 300ms
2019-09-19 14:21:24,353 [Thread-498] WARN  util.JavaUtils (JavaUtils.java:sleep(250)) - Unexpected long sleep: sleep(5069ms) actually took 5483ms which is over the threshold 300ms
2019-09-19 14:21:24,352 [Thread-501] INFO  impl.FollowerState (FollowerState.java:run(106)) - 306a7a99-f2a5-4f40-b42b-2fc2def08a6a:group-EBF6A907DE95 changes to CANDIDATE, lastRpcTime:5440, electionTimeout:5144ms
2019-09-19 14:21:24,357 [Thread-501] INFO  impl.RoleInfo (RoleInfo.java:shutdownFollowerState(121)) - 306a7a99-f2a5-4f40-b42b-2fc2def08a6a: shutdown FollowerState
2019-09-19 14:21:24,352 [Thread-507] INFO  impl.FollowerState (FollowerState.java:run(106)) - 5dfaa0ea-416a-422c-a75d-43311aceb00a:group-7C4858421412 changes to CANDIDATE, lastRpcTime:5356, electionTimeout:5088ms
2019-09-19 14:21:24,352 [Thread-504] INFO  impl.FollowerState (FollowerState.java:run(106)) - 306a7a99-f2a5-4f40-b42b-2fc2def08a6a:group-B068DE63FE4E changes to CANDIDATE, lastRpcTime:5398, electionTimeout:5157ms
2019-09-19 14:21:24,357 [Thread-507] INFO  impl.RoleInfo (RoleInfo.java:shutdownFollowerState(121)) - 5dfaa0ea-416a-422c-a75d-43311aceb00a: shutdown FollowerState
2019-09-19 14:21:24,357 [Thread-501] INFO  impl.RaftServerImpl (RaftServerImpl.java:setRole(171)) - 306a7a99-f2a5-4f40-b42b-2fc2def08a6a:group-EBF6A907DE95 changes role from FOLLOWER to CANDIDATE at term 0 for changeToCandidate
2019-09-19 14:21:24,356 [6403e584-2209-453b-b79e-eeb0a7b58516:group-6080E7E288A7:LeaderElection67] INFO  impl.RoleInfo (RoleInfo.java:shutdownLeaderElection(134)) - 6403e584-2209-453b-b79e-eeb0a7b58516: shutdown LeaderElection
2019-09-19 14:21:24,356 [306a7a99-f2a5-4f40-b42b-2fc2def08a6a:group-040322C3D435:LeaderElection70] INFO  impl.RoleInfo (RoleInfo.java:shutdownLeaderElection(134)) - 306a7a99-f2a5-4f40-b42b-2fc2def08a6a: shutdown LeaderElection
2019-09-19 14:21:24,356 [431517c4-8c09-4790-b37b-2e132c8143ad:group-1241104DBBBB:LeaderElection69] INFO  impl.RoleInfo (RoleInfo.java:shutdownLeaderElection(134)) - 431517c4-8c09-4790-b37b-2e132c8143ad: shutdown LeaderElection
2019-09-19 14:21:24,355 [5dfaa0ea-416a-422c-a75d-43311aceb00a:group-66FE1FC44657:LeaderElection65] INFO  impl.RoleInfo (RoleInfo.java:shutdownLeaderElection(134)) - 5dfaa0ea-416a-422c-a75d-43311aceb00a: shutdown LeaderElection
2019-09-19 14:21:24,355 [1190b9a7-12b1-4c15-b33e-f7d0a0cd436c:group-D7761551FA34:LeaderElection66] INFO  impl.RoleInfo (RoleInfo.java:shutdownLeaderElection(134)) - 1190b9a7-12b1-4c15-b33e-f7d0a0cd436c: shutdown LeaderElection
2019-09-19 14:21:24,355 [306a7a99-f2a5-4f40-b42b-2fc2def08a6a:group-96513C34E79C:LeaderElection68] INFO  impl.RoleInfo (RoleInfo.java:shutdownLeaderElection(134)) - 306a7a99-f2a5-4f40-b42b-2fc2def08a6a: shutdown LeaderElection
2019-09-19 14:21:24,355 [Thread-516] INFO  impl.RoleInfo (RoleInfo.java:shutdownFollowerState(121)) - 306a7a99-f2a5-4f40-b42b-2fc2def08a6a: shutdown FollowerState
2019-09-19 14:21:24,358 [Thread-516] INFO  impl.RaftServerImpl (RaftServerImpl.java:setRole(171)) - 306a7a99-f2a5-4f40-b42b-2fc2def08a6a:group-AAFAF8A40158 changes role from FOLLOWER to CANDIDATE at term 0 for changeToCandidate
2019-09-19 14:21:24,355 [Thread-522] INFO  impl.RaftServerImpl (RaftServerImpl.java:setRole(171)) - 6403e584-2209-453b-b79e-eeb0a7b58516:group-29E445EC1A13 changes role from FOLLOWER to CANDIDATE at term 0 for changeToCandidate
2019-09-19 14:21:24,354 [Thread-519] INFO  impl.RoleInfo (RoleInfo.java:shutdownFollowerState(121)) - 85c6a9f3-b9a5-43a5-ac4f-9aa7bd5f2263: shutdown FollowerState
2019-09-19 14:21:24,359 [Thread-519] INFO  impl.RaftServerImpl (RaftServerImpl.java:setRole(171)) - 85c6a9f3-b9a5-43a5-ac4f-9aa7bd5f2263:group-CDED230A9C47 changes role from FOLLOWER to CANDIDATE at term 0 for changeToCandidate
2019-09-19 14:21:24,354 [Thread-510] INFO  impl.FollowerState (FollowerState.java:run(106)) - 5dfaa0ea-416a-422c-a75d-43311aceb00a:group-6756AC4ACD80 changes to CANDIDATE, lastRpcTime:5307, electionTimeout:5104ms
2019-09-19 14:21:24,359 [Thread-510] INFO  impl.RoleInfo (RoleInfo.java:shutdownFollowerState(121)) - 5dfaa0ea-416a-422c-a75d-43311aceb00a: shutdown FollowerState
2019-09-19 14:21:24,354 [Thread-513] INFO  impl.FollowerState (FollowerState.java:run(106)) - 306a7a99-f2a5-4f40-b42b-2fc2def08a6a:group-CB34ACF8C155 changes to CANDIDATE, lastRpcTime:5263, electionTimeout:5068ms
2019-09-19 14:21:24,354 [pool-60-thread-1] INFO  server.RaftServerConfigKeys (ConfUtils.java:logGet(43)) - raft.server.log.write.buffer.size = 33554432 (custom)
2019-09-19 14:21:24,354 [85c6a9f3-b9a5-43a5-ac4f-9aa7bd5f2263:group-9A5D07E5F194:LeaderElection59] INFO  impl.RaftServerImpl (ServerState.java:setRaftConf(361)) - 85c6a9f3-b9a5-43a5-ac4f-9aa7bd5f2263:group-9A5D07E5F194 set configuration 0: [85c6a9f3-b9a5-43a5-ac4f-9aa7bd5f2263:192.168.157.226:45170], old=null at 0
2019-09-19 14:21:24,359 [pool-60-thread-1] INFO  server.RaftServerConfigKeys (ConfUtils.java:logGet(43)) - raft.server.log.force.sync.num = 128 (default)
2019-09-19 14:21:24,359 [Thread-513] INFO  impl.RoleInfo (RoleInfo.java:shutdownFollowerState(121)) - 306a7a99-f2a5-4f40-b42b-2fc2def08a6a: shutdown FollowerState
2019-09-19 14:21:24,359 [Thread-510] INFO  impl.RaftServerImpl (RaftServerImpl.java:setRole(171)) - 5dfaa0ea-416a-422c-a75d-43311aceb00a:group-6756AC4ACD80 changes role from FOLLOWER to CANDIDATE at term 0 for changeToCandidate
2019-09-19 14:21:24,359 [Thread-519] INFO  impl.RoleInfo (RoleInfo.java:updateAndGet(143)) - 85c6a9f3-b9a5-43a5-ac4f-9aa7bd5f2263: start LeaderElection
2019-09-19 14:21:24,358 [Thread-522] INFO  impl.RoleInfo (RoleInfo.java:updateAndGet(143)) - 6403e584-2209-453b-b79e-eeb0a7b58516: start LeaderElection
2019-09-19 14:21:24,358 [Thread-516] INFO  impl.RoleInfo (RoleInfo.java:updateAndGet(143)) - 306a7a99-f2a5-4f40-b42b-2fc2def08a6a: start LeaderElection
2019-09-19 14:21:24,358 [306a7a99-f2a5-4f40-b42b-2fc2def08a6a:group-96513C34E79C:LeaderElection68] INFO  impl.RaftServerImpl (RaftServerImpl.java:setRole(171)) - 306a7a99-f2a5-4f40-b42b-2fc2def08a6a:group-96513C34E79C changes role from CANDIDATE to LEADER at term 1 for changeToLeader
2019-09-19 14:21:24,358 [1190b9a7-12b1-4c15-b33e-f7d0a0cd436c:group-D7761551FA34:LeaderElection66] INFO  impl.RaftServerImpl (RaftServerImpl.java:setRole(171)) - 1190b9a7-12b1-4c15-b33e-f7d0a0cd436c:group-D7761551FA34 changes role from CANDIDATE to LEADER at term 1 for changeToLeader
2019-09-19 14:21:24,358 [5dfaa0ea-416a-422c-a75d-43311aceb00a:group-66FE1FC44657:LeaderElection65] INFO  impl.RaftServerImpl (RaftServerImpl.java:setRole(171)) - 5dfaa0ea-416a-422c-a75d-43311aceb00a:group-66FE1FC44657 changes role from CANDIDATE to LEADER at term 1 for changeToLeader
2019-09-19 14:21:24,358 [431517c4-8c09-4790-b37b-2e132c8143ad:group-1241104DBBBB:LeaderElection69] INFO  impl.RaftServerImpl (RaftServerImpl.java:setRole(171)) - 431517c4-8c09-4790-b37b-2e132c8143ad:group-1241104DBBBB changes role from CANDIDATE to LEADER at term 1 for changeToLeader
2019-09-19 14:21:24,358 [306a7a99-f2a5-4f40-b42b-2fc2def08a6a:group-040322C3D435:LeaderElection70] INFO  impl.RaftServerImpl (RaftServerImpl.java:setRole(171)) - 306a7a99-f2a5-4f40-b42b-2fc2def08a6a:group-040322C3D435 changes role from CANDIDATE to LEADER at term 1 for changeToLeader
2019-09-19 14:21:24,358 [6403e584-2209-453b-b79e-eeb0a7b58516:group-6080E7E288A7:LeaderElection67] INFO  impl.RaftServerImpl (RaftServerImpl.java:setRole(171)) - 6403e584-2209-453b-b79e-eeb0a7b58516:group-6080E7E288A7 changes role from CANDIDATE to LEADER at term 1 for changeToLeader
2019-09-19 14:21:24,357 [Thread-501] INFO  impl.RoleInfo (RoleInfo.java:updateAndGet(143)) - 306a7a99-f2a5-4f40-b42b-2fc2def08a6a: start LeaderElection
2019-09-19 14:21:24,357 [Thread-507] INFO  impl.RaftServerImpl (RaftServerImpl.java:setRole(171)) - 5dfaa0ea-416a-422c-a75d-43311aceb00a:group-7C4858421412 changes role from FOLLOWER to CANDIDATE at term 0 for changeToCandidate
2019-09-19 14:21:24,357 [Thread-504] INFO  impl.RoleInfo (RoleInfo.java:shutdownFollowerState(121)) - 306a7a99-f2a5-4f40-b42b-2fc2def08a6a: shutdown FollowerState
2019-09-19 14:21:24,361 [Thread-507] INFO  impl.RoleInfo (RoleInfo.java:updateAndGet(143)) - 5dfaa0ea-416a-422c-a75d-43311aceb00a: start LeaderElection
2019-09-19 14:21:24,361 [6403e584-2209-453b-b79e-eeb0a7b58516:group-6080E7E288A7:LeaderElection67] INFO  impl.RaftServerImpl (ServerState.java:setLeader(263)) - 6403e584-2209-453b-b79e-eeb0a7b58516:group-6080E7E288A7 change Leader from null to 6403e584-2209-453b-b79e-eeb0a7b58516 at term 1 for becomeLeader, leader elected after 5777ms
2019-09-19 14:21:24,361 [306a7a99-f2a5-4f40-b42b-2fc2def08a6a:group-040322C3D435:LeaderElection70] INFO  impl.RaftServerImpl (ServerState.java:setLeader(263)) - 306a7a99-f2a5-4f40-b42b-2fc2def08a6a:group-040322C3D435 change Leader from null to 306a7a99-f2a5-4f40-b42b-2fc2def08a6a at term 1 for becomeLeader, leader elected after 5940ms
2019-09-19 14:21:24,361 [431517c4-8c09-4790-b37b-2e132c8143ad:group-1241104DBBBB:LeaderElection69] INFO  impl.RaftServerImpl (ServerState.java:setLeader(263)) - 431517c4-8c09-4790-b37b-2e132c8143ad:group-1241104DBBBB change Leader from null to 431517c4-8c09-4790-b37b-2e132c8143ad at term 1 for becomeLeader, leader elected after 5856ms
2019-09-19 14:21:24,360 [5dfaa0ea-416a-422c-a75d-43311aceb00a:group-66FE1FC44657:LeaderElection65] INFO  impl.RaftServerImpl (ServerState.java:setLeader(263)) - 5dfaa0ea-416a-422c-a75d-43311aceb00a:group-66FE1FC44657 change Leader from null to 5dfaa0ea-416a-422c-a75d-43311aceb00a at term 1 for becomeLeader, leader elected after 5734ms
2019-09-19 14:21:24,360 [1190b9a7-12b1-4c15-b33e-f7d0a0cd436c:group-D7761551FA34:LeaderElection66] INFO  impl.RaftServerImpl (ServerState.java:setLeader(263)) - 1190b9a7-12b1-4c15-b33e-f7d0a0cd436c:group-D7761551FA34 change Leader from null to 1190b9a7-12b1-4c15-b33e-f7d0a0cd436c at term 1 for becomeLeader, leader elected after 5876ms
2019-09-19 14:21:24,360 [306a7a99-f2a5-4f40-b42b-2fc2def08a6a:group-96513C34E79C:LeaderElection68] INFO  impl.RaftServerImpl (ServerState.java:setLeader(263)) - 306a7a99-f2a5-4f40-b42b-2fc2def08a6a:group-96513C34E79C change Leader from null to 306a7a99-f2a5-4f40-b42b-2fc2def08a6a at term 1 for becomeLeader, leader elected after 5958ms
2019-09-19 14:21:24,360 [Thread-510] INFO  impl.RoleInfo (RoleInfo.java:updateAndGet(143)) - 5dfaa0ea-416a-422c-a75d-43311aceb00a: start LeaderElection
2019-09-19 14:21:24,360 [Thread-513] INFO  impl.RaftServerImpl (RaftServerImpl.java:setRole(171)) - 306a7a99-f2a5-4f40-b42b-2fc2def08a6a:group-CB34ACF8C155 changes role from FOLLOWER to CANDIDATE at term 0 for changeToCandidate
2019-09-19 14:21:24,359 [pool-60-thread-1] INFO  server.RaftServerConfigKeys (ConfUtils.java:logGet(43)) - raft.server.log.statemachine.data.sync = true (default)
2019-09-19 14:21:24,362 [Thread-513] INFO  impl.RoleInfo (RoleInfo.java:updateAndGet(143)) - 306a7a99-f2a5-4f40-b42b-2fc2def08a6a: start LeaderElection
2019-09-19 14:21:24,362 [306a7a99-f2a5-4f40-b42b-2fc2def08a6a:group-96513C34E79C:LeaderElection68] INFO  server.RaftServerConfigKeys (ConfUtils.java:logGet(43)) - raft.server.staging.catchup.gap = 1000 (default)
2019-09-19 14:21:24,362 [1190b9a7-12b1-4c15-b33e-f7d0a0cd436c:group-D7761551FA34:LeaderElection66] INFO  server.RaftServerConfigKeys (ConfUtils.java:logGet(43)) - raft.server.staging.catchup.gap = 1000 (default)
2019-09-19 14:21:24,362 [5dfaa0ea-416a-422c-a75d-43311aceb00a:group-66FE1FC44657:LeaderElection65] INFO  server.RaftServerConfigKeys (ConfUtils.java:logGet(43)) - raft.server.staging.catchup.gap = 1000 (default)
2019-09-19 14:21:24,362 [431517c4-8c09-4790-b37b-2e132c8143ad:group-1241104DBBBB:LeaderElection69] INFO  server.RaftServerConfigKeys (ConfUtils.java:logGet(43)) - raft.server.staging.catchup.gap = 1000 (default)
2019-09-19 14:21:24,362 [306a7a99-f2a5-4f40-b42b-2fc2def08a6a:group-040322C3D435:LeaderElection70] INFO  server.RaftServerConfigKeys (ConfUtils.java:logGet(43)) - raft.server.staging.catchup.gap = 1000 (default)
2019-09-19 14:21:24,361 [6403e584-2209-453b-b79e-eeb0a7b58516:group-6080E7E288A7:LeaderElection67] INFO  server.RaftServerConfigKeys (ConfUtils.java:logGet(43)) - raft.server.staging.catchup.gap = 1000 (default)
2019-09-19 14:21:24,361 [Thread-504] INFO  impl.RaftServerImpl (RaftServerImpl.java:setRole(171)) - 306a7a99-f2a5-4f40-b42b-2fc2def08a6a:group-B068DE63FE4E changes role from FOLLOWER to CANDIDATE at term 0 for changeToCandidate
2019-09-19 14:21:24,364 [6403e584-2209-453b-b79e-eeb0a7b58516:group-6080E7E288A7:LeaderElection67] INFO  server.RaftServerConfigKeys (ConfUtils.java:logGet(43)) - raft.server.rpc.sleep.time = 25ms (default)
2019-09-19 14:21:24,364 [306a7a99-f2a5-4f40-b42b-2fc2def08a6a:group-040322C3D435:LeaderElection70] INFO  server.RaftServerConfigKeys (ConfUtils.java:logGet(43)) - raft.server.rpc.sleep.time = 25ms (default)
2019-09-19 14:21:24,363 [431517c4-8c09-4790-b37b-2e132c8143ad:group-1241104DBBBB:LeaderElection69] INFO  server.RaftServerConfigKeys (ConfUtils.java:logGet(43)) - raft.server.rpc.sleep.time = 25ms (default)
2019-09-19 14:21:24,363 [5dfaa0ea-416a-422c-a75d-43311aceb00a:group-66FE1FC44657:LeaderElection65] INFO  server.RaftServerConfigKeys (ConfUtils.java:logGet(43)) - raft.server.rpc.sleep.time = 25ms (default)
2019-09-19 14:21:24,363 [1190b9a7-12b1-4c15-b33e-f7d0a0cd436c:group-D7761551FA34:LeaderElection66] INFO  server.RaftServerConfigKeys (ConfUtils.java:logGet(43)) - raft.server.rpc.sleep.time = 25ms (default)
2019-09-19 14:21:24,363 [306a7a99-f2a5-4f40-b42b-2fc2def08a6a:group-96513C34E79C:LeaderElection68] INFO  server.RaftServerConfigKeys (ConfUtils.java:logGet(43)) - raft.server.rpc.sleep.time = 25ms (default)
2019-09-19 14:21:24,363 [pool-60-thread-1] INFO  server.RaftServerConfigKeys (ConfUtils.java:logGet(43)) - raft.server.log.statemachine.data.sync.timeout = 10s (default)
2019-09-19 14:21:24,365 [306a7a99-f2a5-4f40-b42b-2fc2def08a6a:group-96513C34E79C:LeaderElection68] INFO  server.RaftServerConfigKeys (ConfUtils.java:logGet(43)) - raft.server.write.element-limit = 4096 (default)
2019-09-19 14:21:24,364 [5dfaa0ea-416a-422c-a75d-43311aceb00a:group-66FE1FC44657:LeaderElection65] INFO  server.RaftServerConfigKeys (ConfUtils.java:logGet(43)) - raft.server.write.element-limit = 4096 (default)
2019-09-19 14:21:24,364 [1190b9a7-12b1-4c15-b33e-f7d0a0cd436c:group-D7761551FA34:LeaderElection66] INFO  server.RaftServerConfigKeys (ConfUtils.java:logGet(43)) - raft.server.write.element-limit = 4096 (default)
2019-09-19 14:21:24,364 [431517c4-8c09-4790-b37b-2e132c8143ad:group-1241104DBBBB:LeaderElection69] INFO  server.RaftServerConfigKeys (ConfUtils.java:logGet(43)) - raft.server.write.element-limit = 4096 (default)
2019-09-19 14:21:24,364 [306a7a99-f2a5-4f40-b42b-2fc2def08a6a:group-040322C3D435:LeaderElection70] INFO  server.RaftServerConfigKeys (ConfUtils.java:logGet(43)) - raft.server.write.element-limit = 4096 (default)
2019-09-19 14:21:24,364 [6403e584-2209-453b-b79e-eeb0a7b58516:group-6080E7E288A7:LeaderElection67] INFO  server.RaftServerConfigKeys (ConfUtils.java:logGet(43)) - raft.server.write.element-limit = 4096 (default)
2019-09-19 14:21:24,364 [Thread-504] INFO  impl.RoleInfo (RoleInfo.java:updateAndGet(143)) - 306a7a99-f2a5-4f40-b42b-2fc2def08a6a: start LeaderElection
2019-09-19 14:21:24,365 [6403e584-2209-453b-b79e-eeb0a7b58516:group-6080E7E288A7:LeaderElection67] INFO  server.RaftServerConfigKeys (ConfUtils.java:logGet(43)) - raft.server.watch.timeout = 10s (default)
2019-09-19 14:21:24,365 [306a7a99-f2a5-4f40-b42b-2fc2def08a6a:group-040322C3D435:LeaderElection70] INFO  server.RaftServerConfigKeys (ConfUtils.java:logGet(43)) - raft.server.watch.timeout = 10s (default)
2019-09-19 14:21:24,365 [431517c4-8c09-4790-b37b-2e132c8143ad:group-1241104DBBBB:LeaderElection69] INFO  server.RaftServerConfigKeys (ConfUtils.java:logGet(43)) - raft.server.watch.timeout = 10s (default)
2019-09-19 14:21:24,365 [1190b9a7-12b1-4c15-b33e-f7d0a0cd436c:group-D7761551FA34:LeaderElection66] INFO  server.RaftServerConfigKeys (ConfUtils.java:logGet(43)) - raft.server.watch.timeout = 10s (default)
2019-09-19 14:21:24,365 [5dfaa0ea-416a-422c-a75d-43311aceb00a:group-66FE1FC44657:LeaderElection65] INFO  server.RaftServerConfigKeys (ConfUtils.java:logGet(43)) - raft.server.watch.timeout = 10s (default)
2019-09-19 14:21:24,365 [306a7a99-f2a5-4f40-b42b-2fc2def08a6a:group-96513C34E79C:LeaderElection68] INFO  server.RaftServerConfigKeys (ConfUtils.java:logGet(43)) - raft.server.watch.timeout = 10s (default)
2019-09-19 14:21:24,365 [pool-60-thread-1] INFO  server.RaftServerConfigKeys (ConfUtils.java:logGet(43)) - raft.server.log.statemachine.data.sync.timeout.retry = -1 (default)
2019-09-19 14:21:24,366 [306a7a99-f2a5-4f40-b42b-2fc2def08a6a:group-96513C34E79C:LeaderElection68] INFO  server.RaftServerConfigKeys (ConfUtils.java:logGet(43)) - raft.server.watch.timeout.denomination = 1s (default)
2019-09-19 14:21:24,366 [5dfaa0ea-416a-422c-a75d-43311aceb00a:group-66FE1FC44657:LeaderElection65] INFO  server.RaftServerConfigKeys (ConfUtils.java:logGet(43)) - raft.server.watch.timeout.denomination = 1s (default)
2019-09-19 14:21:24,366 [1190b9a7-12b1-4c15-b33e-f7d0a0cd436c:group-D7761551FA34:LeaderElection66] INFO  server.RaftServerConfigKeys (ConfUtils.java:logGet(43)) - raft.server.watch.timeout.denomination = 1s (default)
2019-09-19 14:21:24,366 [431517c4-8c09-4790-b37b-2e132c8143ad:group-1241104DBBBB:LeaderElection69] INFO  server.RaftServerConfigKeys (ConfUtils.java:logGet(43)) - raft.server.watch.timeout.denomination = 1s (default)
2019-09-19 14:21:24,366 [306a7a99-f2a5-4f40-b42b-2fc2def08a6a:group-040322C3D435:LeaderElection70] INFO  server.RaftServerConfigKeys (ConfUtils.java:logGet(43)) - raft.server.watch.timeout.denomination = 1s (default)
2019-09-19 14:21:24,366 [6403e584-2209-453b-b79e-eeb0a7b58516:group-6080E7E288A7:LeaderElection67] INFO  server.RaftServerConfigKeys (ConfUtils.java:logGet(43)) - raft.server.watch.timeout.denomination = 1s (default)
2019-09-19 14:21:24,367 [306a7a99-f2a5-4f40-b42b-2fc2def08a6a:group-040322C3D435:LeaderElection70] INFO  server.RaftServerConfigKeys (ConfUtils.java:logGet(43)) - raft.server.watch.element-limit = 65536 (default)
2019-09-19 14:21:24,367 [431517c4-8c09-4790-b37b-2e132c8143ad:group-1241104DBBBB:LeaderElection69] INFO  server.RaftServerConfigKeys (ConfUtils.java:logGet(43)) - raft.server.watch.element-limit = 65536 (default)
2019-09-19 14:21:24,367 [1190b9a7-12b1-4c15-b33e-f7d0a0cd436c:group-D7761551FA34:LeaderElection66] INFO  server.RaftServerConfigKeys (ConfUtils.java:logGet(43)) - raft.server.watch.element-limit = 65536 (default)
2019-09-19 14:21:24,367 [5dfaa0ea-416a-422c-a75d-43311aceb00a:group-66FE1FC44657:LeaderElection65] INFO  server.RaftServerConfigKeys (ConfUtils.java:logGet(43)) - raft.server.watch.element-limit = 65536 (default)
2019-09-19 14:21:24,368 [1190b9a7-12b1-4c15-b33e-f7d0a0cd436c:group-D7761551FA34:LeaderElection66] INFO  impl.RoleInfo (RoleInfo.java:updateAndGet(143)) - 1190b9a7-12b1-4c15-b33e-f7d0a0cd436c: start LeaderState
2019-09-19 14:21:24,367 [306a7a99-f2a5-4f40-b42b-2fc2def08a6a:group-96513C34E79C:LeaderElection68] INFO  server.RaftServerConfigKeys (ConfUtils.java:logGet(43)) - raft.server.watch.element-limit = 65536 (default)
2019-09-19 14:21:24,367 [pool-60-thread-1] INFO  server.RaftServerConfigKeys (ConfUtils.java:logGet(43)) - raft.server.log.statemachine.data.caching.enabled = true (custom)
2019-09-19 14:21:24,368 [1190b9a7-12b1-4c15-b33e-f7d0a0cd436c:group-D7761551FA34:LeaderElection66] INFO  segmented.SegmentedRaftLogWorker (SegmentedRaftLogWorker.java:startLogSegment(380)) - 1190b9a7-12b1-4c15-b33e-f7d0a0cd436c-SegmentedRaftLogWorker:Storage Directory /workdir/hadoop-ozone/integration-test/target/test-dir/MiniOzoneClusterImpl-210d6028-2152-4683-81ff-347b0d29bb13/datanode-4/data/ratis/913d0e2a-d2de-494f-9259-d7761551fa34: Starting segment from index:0
2019-09-19 14:21:24,368 [5dfaa0ea-416a-422c-a75d-43311aceb00a:group-66FE1FC44657:LeaderElection65] INFO  impl.RoleInfo (RoleInfo.java:updateAndGet(143)) - 5dfaa0ea-416a-422c-a75d-43311aceb00a: start LeaderState
2019-09-19 14:21:24,368 [pool-60-thread-1] INFO  segmented.SegmentedRaftLogWorker (SegmentedRaftLogWorker.java:lambda$new$0(132)) - 6403e584-2209-453b-b79e-eeb0a7b58516-SegmentedRaftLogWorker:Storage Directory /workdir/hadoop-ozone/integration-test/target/test-dir/MiniOzoneClusterImpl-210d6028-2152-4683-81ff-347b0d29bb13/datanode-3/data/ratis/6598e15c-7086-4406-9131-215a1067754f: flushIndex: setUnconditionally 0 -> -1
2019-09-19 14:21:24,368 [431517c4-8c09-4790-b37b-2e132c8143ad:group-1241104DBBBB:LeaderElection69] INFO  impl.RoleInfo (RoleInfo.java:updateAndGet(143)) - 431517c4-8c09-4790-b37b-2e132c8143ad: start LeaderState
2019-09-19 14:21:24,367 [306a7a99-f2a5-4f40-b42b-2fc2def08a6a:group-040322C3D435:LeaderElection70] INFO  impl.RoleInfo (RoleInfo.java:updateAndGet(143)) - 306a7a99-f2a5-4f40-b42b-2fc2def08a6a: start LeaderState
2019-09-19 14:21:24,367 [6403e584-2209-453b-b79e-eeb0a7b58516:group-6080E7E288A7:LeaderElection67] INFO  server.RaftServerConfigKeys (ConfUtils.java:logGet(43)) - raft.server.watch.element-limit = 65536 (default)
2019-09-19 14:21:24,729 [306a7a99-f2a5-4f40-b42b-2fc2def08a6a:group-040322C3D435:LeaderElection70] INFO  segmented.SegmentedRaftLogWorker (SegmentedRaftLogWorker.java:startLogSegment(380)) - 306a7a99-f2a5-4f40-b42b-2fc2def08a6a-SegmentedRaftLogWorker:Storage Directory /workdir/hadoop-ozone/integration-test/target/test-dir/MiniOzoneClusterImpl-210d6028-2152-4683-81ff-347b0d29bb13/datanode-2/data/ratis/f329c24d-1edd-4435-aec9-040322c3d435: Starting segment from index:0
2019-09-19 14:21:24,729 [431517c4-8c09-4790-b37b-2e132c8143ad:group-1241104DBBBB:LeaderElection69] INFO  segmented.SegmentedRaftLogWorker (SegmentedRaftLogWorker.java:startLogSegment(380)) - 431517c4-8c09-4790-b37b-2e132c8143ad-SegmentedRaftLogWorker:Storage Directory /workdir/hadoop-ozone/integration-test/target/test-dir/MiniOzoneClusterImpl-210d6028-2152-4683-81ff-347b0d29bb13/datanode-5/data/ratis/151ac7cb-9f4b-4fc4-8c4c-1241104dbbbb: Starting segment from index:0
2019-09-19 14:21:24,729 [pool-60-thread-1] INFO  server.RaftServerConfigKeys (ConfUtils.java:logGet(43)) - raft.server.snapshot.auto.trigger.enabled = true (custom)
2019-09-19 14:21:24,729 [5dfaa0ea-416a-422c-a75d-43311aceb00a:group-7C4858421412:LeaderElection80] INFO  impl.LeaderElection (LeaderElection.java:askForVotes(181)) - 5dfaa0ea-416a-422c-a75d-43311aceb00a:group-7C4858421412:LeaderElection80: begin an election at term 1 for -1: [5dfaa0ea-416a-422c-a75d-43311aceb00a:192.168.157.226:45629], old=null
2019-09-19 14:21:24,729 [85c6a9f3-b9a5-43a5-ac4f-9aa7bd5f2263:group-CDED230A9C47:LeaderElection78] INFO  impl.LeaderElection (LeaderElection.java:askForVotes(181)) - 85c6a9f3-b9a5-43a5-ac4f-9aa7bd5f2263:group-CDED230A9C47:LeaderElection78: begin an election at term 1 for -1: [85c6a9f3-b9a5-43a5-ac4f-9aa7bd5f2263:192.168.157.226:45170], old=null
2019-09-19 14:21:24,729 [306a7a99-f2a5-4f40-b42b-2fc2def08a6a:group-AAFAF8A40158:LeaderElection76] INFO  impl.LeaderElection (LeaderElection.java:askForVotes(181)) - 306a7a99-f2a5-4f40-b42b-2fc2def08a6a:group-AAFAF8A40158:LeaderElection76: begin an election at term 1 for -1: [306a7a99-f2a5-4f40-b42b-2fc2def08a6a:192.168.157.226:42633], old=null
2019-09-19 14:21:25,227 [306a7a99-f2a5-4f40-b42b-2fc2def08a6a:group-B068DE63FE4E:LeaderElection82] INFO  impl.LeaderElection (LeaderElection.java:askForVotes(181)) - 306a7a99-f2a5-4f40-b42b-2fc2def08a6a:group-B068DE63FE4E:LeaderElection82: begin an election at term 1 for -1: [306a7a99-f2a5-4f40-b42b-2fc2def08a6a:192.168.157.226:42633], old=null
2019-09-19 14:21:24,729 [306a7a99-f2a5-4f40-b42b-2fc2def08a6a:group-CB34ACF8C155:LeaderElection81] INFO  impl.LeaderElection (LeaderElection.java:askForVotes(181)) - 306a7a99-f2a5-4f40-b42b-2fc2def08a6a:group-CB34ACF8C155:LeaderElection81: begin an election at term 1 for -1: [306a7a99-f2a5-4f40-b42b-2fc2def08a6a:192.168.157.226:42633], old=null
2019-09-19 14:21:25,227 | INFO  | SCMAudit | user=jenkins1000 | ip=192.168.157.226 | op=SEND_HEARTBEAT {datanodeUUID=5dfaa0ea-416a-422c-a75d-43311aceb00a, command=[]} | ret=SUCCESS |  
2019-09-19 14:21:24,729 [5dfaa0ea-416a-422c-a75d-43311aceb00a:group-6756AC4ACD80:LeaderElection79] INFO  impl.LeaderElection (LeaderElection.java:askForVotes(181)) - 5dfaa0ea-416a-422c-a75d-43311aceb00a:group-6756AC4ACD80:LeaderElection79: begin an election at term 1 for -1: [5dfaa0ea-416a-422c-a75d-43311aceb00a:192.168.157.226:45629], old=null
2019-09-19 14:21:25,227 | INFO  | SCMAudit | user=jenkins1000 | ip=192.168.157.226 | op=SEND_HEARTBEAT {datanodeUUID=1190b9a7-12b1-4c15-b33e-f7d0a0cd436c, command=[]} | ret=SUCCESS |  
2019-09-19 14:21:24,729 [5dfaa0ea-416a-422c-a75d-43311aceb00a:group-2BDFD38A0B98:LeaderElection73] INFO  impl.LeaderElection (LeaderElection.java:askForVotes(181)) - 5dfaa0ea-416a-422c-a75d-43311aceb00a:group-2BDFD38A0B98:LeaderElection73: begin an election at term 1 for -1: [5dfaa0ea-416a-422c-a75d-43311aceb00a:192.168.157.226:45629], old=null
2019-09-19 14:21:24,729 [6403e584-2209-453b-b79e-eeb0a7b58516:group-29E445EC1A13:LeaderElection77] INFO  impl.LeaderElection (LeaderElection.java:askForVotes(181)) - 6403e584-2209-453b-b79e-eeb0a7b58516:group-29E445EC1A13:LeaderElection77: begin an election at term 1 for -1: [6403e584-2209-453b-b79e-eeb0a7b58516:192.168.157.226:35833], old=null
2019-09-19 14:21:25,228 | INFO  | SCMAudit | user=jenkins1000 | ip=192.168.157.226 | op=SEND_HEARTBEAT {datanodeUUID=306a7a99-f2a5-4f40-b42b-2fc2def08a6a, command=[]} | ret=SUCCESS |  
2019-09-19 14:21:25,228 | INFO  | SCMAudit | user=jenkins1000 | ip=192.168.157.226 | op=SEND_HEARTBEAT {datanodeUUID=85c6a9f3-b9a5-43a5-ac4f-9aa7bd5f2263, command=[]} | ret=SUCCESS |  
2019-09-19 14:21:25,228 | INFO  | SCMAudit | user=jenkins1000 | ip=192.168.157.226 | op=SEND_HEARTBEAT {datanodeUUID=431517c4-8c09-4790-b37b-2e132c8143ad, command=[]} | ret=SUCCESS |  
2019-09-19 14:21:25,228 [6403e584-2209-453b-b79e-eeb0a7b58516:group-29E445EC1A13:LeaderElection77] INFO  impl.RoleInfo (RoleInfo.java:shutdownLeaderElection(134)) - 6403e584-2209-453b-b79e-eeb0a7b58516: shutdown LeaderElection
2019-09-19 14:21:25,228 | INFO  | SCMAudit | user=jenkins1000 | ip=192.168.157.226 | op=SEND_HEARTBEAT {datanodeUUID=6403e584-2209-453b-b79e-eeb0a7b58516, command=[]} | ret=SUCCESS |  
2019-09-19 14:21:24,729 [5dfaa0ea-416a-422c-a75d-43311aceb00a:group-0E840A7D0B0D:LeaderElection71] INFO  impl.LeaderElection (LeaderElection.java:askForVotes(181)) - 5dfaa0ea-416a-422c-a75d-43311aceb00a:group-0E840A7D0B0D:LeaderElection71: begin an election at term 1 for -1: [5dfaa0ea-416a-422c-a75d-43311aceb00a:192.168.157.226:45629], old=null
2019-09-19 14:21:24,729 [431517c4-8c09-4790-b37b-2e132c8143ad:group-F48EAE1DFE2B:LeaderElection74] INFO  impl.LeaderElection (LeaderElection.java:askForVotes(181)) - 431517c4-8c09-4790-b37b-2e132c8143ad:group-F48EAE1DFE2B:LeaderElection74: begin an election at term 1 for -1: [431517c4-8c09-4790-b37b-2e132c8143ad:192.168.157.226:40911], old=null
2019-09-19 14:21:24,729 [306a7a99-f2a5-4f40-b42b-2fc2def08a6a:group-EBF6A907DE95:LeaderElection75] INFO  impl.LeaderElection (LeaderElection.java:askForVotes(181)) - 306a7a99-f2a5-4f40-b42b-2fc2def08a6a:group-EBF6A907DE95:LeaderElection75: begin an election at term 1 for -1: [306a7a99-f2a5-4f40-b42b-2fc2def08a6a:192.168.157.226:42633], old=null
2019-09-19 14:21:24,729 [306a7a99-f2a5-4f40-b42b-2fc2def08a6a:group-5B1D505DB39F:LeaderElection72] INFO  impl.LeaderElection (LeaderElection.java:askForVotes(181)) - 306a7a99-f2a5-4f40-b42b-2fc2def08a6a:group-5B1D505DB39F:LeaderElection72: begin an election at term 1 for -1: [306a7a99-f2a5-4f40-b42b-2fc2def08a6a:192.168.157.226:42633], old=null
2019-09-19 14:21:24,728 [Thread-528] WARN  util.JavaUtils (JavaUtils.java:sleep(250)) - Unexpected long sleep: sleep(5108ms) actually took 5451ms which is over the threshold 300ms
2019-09-19 14:21:24,728 [Thread-525] WARN  util.JavaUtils (JavaUtils.java:sleep(250)) - Unexpected long sleep: sleep(5150ms) actually took 5472ms which is over the threshold 300ms
2019-09-19 14:21:24,728 [Thread-531] INFO  impl.FollowerState (FollowerState.java:run(106)) - 306a7a99-f2a5-4f40-b42b-2fc2def08a6a:group-4B237A1118DD changes to CANDIDATE, lastRpcTime:5387, electionTimeout:5105ms
2019-09-19 14:21:24,728 [Thread-534] INFO  impl.FollowerState (FollowerState.java:run(106)) - 5dfaa0ea-416a-422c-a75d-43311aceb00a:group-F7C7A6E62060 changes to CANDIDATE, lastRpcTime:5345, electionTimeout:5104ms
2019-09-19 14:21:24,728 [Thread-540] INFO  impl.FollowerState (FollowerState.java:run(106)) - 5dfaa0ea-416a-422c-a75d-43311aceb00a:group-99527B0F1D6C changes to CANDIDATE, lastRpcTime:5264, electionTimeout:5047ms
2019-09-19 14:21:24,728 [Thread-537] INFO  impl.FollowerState (FollowerState.java:run(106)) - 431517c4-8c09-4790-b37b-2e132c8143ad:group-88D967718BDF changes to CANDIDATE, lastRpcTime:5304, electionTimeout:5072ms
2019-09-19 14:21:24,728 [Thread-544] INFO  impl.FollowerState (FollowerState.java:run(106)) - 6403e584-2209-453b-b79e-eeb0a7b58516:group-7382CF0FF315 changes to CANDIDATE, lastRpcTime:5216, electionTimeout:5050ms
2019-09-19 14:21:25,229 [Thread-544] INFO  impl.RoleInfo (RoleInfo.java:shutdownFollowerState(121)) - 6403e584-2209-453b-b79e-eeb0a7b58516: shutdown FollowerState
2019-09-19 14:21:24,728 [Thread-551] INFO  impl.FollowerState (FollowerState.java:run(106)) - 6403e584-2209-453b-b79e-eeb0a7b58516:group-F5C4A469BBAD changes to CANDIDATE, lastRpcTime:5136, electionTimeout:5123ms
2019-09-19 14:21:24,369 [1190b9a7-12b1-4c15-b33e-f7d0a0cd436c:group-D7761551FA34:LeaderElection66] INFO  impl.RaftServerImpl (ServerState.java:setRaftConf(361)) - 1190b9a7-12b1-4c15-b33e-f7d0a0cd436c:group-D7761551FA34 set configuration 0: [1190b9a7-12b1-4c15-b33e-f7d0a0cd436c:192.168.157.226:34463], old=null at 0
2019-09-19 14:21:24,368 [5dfaa0ea-416a-422c-a75d-43311aceb00a:group-66FE1FC44657:LeaderElection65] INFO  segmented.SegmentedRaftLogWorker (SegmentedRaftLogWorker.java:startLogSegment(380)) - 5dfaa0ea-416a-422c-a75d-43311aceb00a-SegmentedRaftLogWorker:Storage Directory /workdir/hadoop-ozone/integration-test/target/test-dir/MiniOzoneClusterImpl-210d6028-2152-4683-81ff-347b0d29bb13/datanode-1/data/ratis/a3e8eaed-a1e1-47fa-be48-66fe1fc44657: Starting segment from index:0
2019-09-19 14:21:24,368 [306a7a99-f2a5-4f40-b42b-2fc2def08a6a:group-96513C34E79C:LeaderElection68] INFO  impl.RoleInfo (RoleInfo.java:updateAndGet(143)) - 306a7a99-f2a5-4f40-b42b-2fc2def08a6a: start LeaderState
2019-09-19 14:21:25,229 [Thread-551] INFO  impl.RoleInfo (RoleInfo.java:shutdownFollowerState(121)) - 6403e584-2209-453b-b79e-eeb0a7b58516: shutdown FollowerState
2019-09-19 14:21:25,230 [5dfaa0ea-416a-422c-a75d-43311aceb00a:group-66FE1FC44657:LeaderElection65] INFO  impl.RaftServerImpl (ServerState.java:setRaftConf(361)) - 5dfaa0ea-416a-422c-a75d-43311aceb00a:group-66FE1FC44657 set configuration 0: [5dfaa0ea-416a-422c-a75d-43311aceb00a:192.168.157.226:45629], old=null at 0
2019-09-19 14:21:25,229 [Thread-544] INFO  impl.RaftServerImpl (RaftServerImpl.java:setRole(171)) - 6403e584-2209-453b-b79e-eeb0a7b58516:group-7382CF0FF315 changes role from FOLLOWER to CANDIDATE at term 0 for changeToCandidate
2019-09-19 14:21:25,229 [Thread-537] INFO  impl.RoleInfo (RoleInfo.java:shutdownFollowerState(121)) - 431517c4-8c09-4790-b37b-2e132c8143ad: shutdown FollowerState
2019-09-19 14:21:25,229 [Thread-540] INFO  impl.RoleInfo (RoleInfo.java:shutdownFollowerState(121)) - 5dfaa0ea-416a-422c-a75d-43311aceb00a: shutdown FollowerState
2019-09-19 14:21:25,229 [Thread-534] INFO  impl.RoleInfo (RoleInfo.java:shutdownFollowerState(121)) - 5dfaa0ea-416a-422c-a75d-43311aceb00a: shutdown FollowerState
2019-09-19 14:21:25,229 [Thread-531] INFO  impl.RoleInfo (RoleInfo.java:shutdownFollowerState(121)) - 306a7a99-f2a5-4f40-b42b-2fc2def08a6a: shutdown FollowerState
2019-09-19 14:21:25,477 | INFO  | SCMAudit | user=jenkins1000 | ip=192.168.157.226 | op=SEND_HEARTBEAT {datanodeUUID=56d21ab3-8f6d-44ea-b961-c721a1c09246, command=[]} | ret=SUCCESS |  
2019-09-19 14:21:25,228 [306a7a99-f2a5-4f40-b42b-2fc2def08a6a:group-5B1D505DB39F:LeaderElection72] INFO  impl.RoleInfo (RoleInfo.java:shutdownLeaderElection(134)) - 306a7a99-f2a5-4f40-b42b-2fc2def08a6a: shutdown LeaderElection
2019-09-19 14:21:25,228 [306a7a99-f2a5-4f40-b42b-2fc2def08a6a:group-EBF6A907DE95:LeaderElection75] INFO  impl.RoleInfo (RoleInfo.java:shutdownLeaderElection(134)) - 306a7a99-f2a5-4f40-b42b-2fc2def08a6a: shutdown LeaderElection
2019-09-19 14:21:25,228 [431517c4-8c09-4790-b37b-2e132c8143ad:group-F48EAE1DFE2B:LeaderElection74] INFO  impl.RoleInfo (RoleInfo.java:shutdownLeaderElection(134)) - 431517c4-8c09-4790-b37b-2e132c8143ad: shutdown LeaderElection
2019-09-19 14:21:25,228 [5dfaa0ea-416a-422c-a75d-43311aceb00a:group-0E840A7D0B0D:LeaderElection71] INFO  impl.RoleInfo (RoleInfo.java:shutdownLeaderElection(134)) - 5dfaa0ea-416a-422c-a75d-43311aceb00a: shutdown LeaderElection
2019-09-19 14:21:25,228 [6403e584-2209-453b-b79e-eeb0a7b58516:group-29E445EC1A13:LeaderElection77] INFO  impl.RaftServerImpl (RaftServerImpl.java:setRole(171)) - 6403e584-2209-453b-b79e-eeb0a7b58516:group-29E445EC1A13 changes role from CANDIDATE to LEADER at term 1 for changeToLeader
2019-09-19 14:21:25,228 [5dfaa0ea-416a-422c-a75d-43311aceb00a:group-2BDFD38A0B98:LeaderElection73] INFO  impl.RoleInfo (RoleInfo.java:shutdownLeaderElection(134)) - 5dfaa0ea-416a-422c-a75d-43311aceb00a: shutdown LeaderElection
2019-09-19 14:21:25,227 [5dfaa0ea-416a-422c-a75d-43311aceb00a:group-6756AC4ACD80:LeaderElection79] INFO  impl.RoleInfo (RoleInfo.java:shutdownLeaderElection(134)) - 5dfaa0ea-416a-422c-a75d-43311aceb00a: shutdown LeaderElection
2019-09-19 14:21:25,227 [306a7a99-f2a5-4f40-b42b-2fc2def08a6a:group-CB34ACF8C155:LeaderElection81] INFO  impl.RoleInfo (RoleInfo.java:shutdownLeaderElection(134)) - 306a7a99-f2a5-4f40-b42b-2fc2def08a6a: shutdown LeaderElection
2019-09-19 14:21:25,227 [306a7a99-f2a5-4f40-b42b-2fc2def08a6a:group-B068DE63FE4E:LeaderElection82] INFO  impl.RoleInfo (RoleInfo.java:shutdownLeaderElection(134)) - 306a7a99-f2a5-4f40-b42b-2fc2def08a6a: shutdown LeaderElection
2019-09-19 14:21:25,478 [306a7a99-f2a5-4f40-b42b-2fc2def08a6a:group-B068DE63FE4E:LeaderElection82] INFO  impl.RaftServerImpl (RaftServerImpl.java:setRole(171)) - 306a7a99-f2a5-4f40-b42b-2fc2def08a6a:group-B068DE63FE4E changes role from CANDIDATE to LEADER at term 1 for changeToLeader
2019-09-19 14:21:25,227 [306a7a99-f2a5-4f40-b42b-2fc2def08a6a:group-AAFAF8A40158:LeaderElection76] INFO  impl.RoleInfo (RoleInfo.java:shutdownLeaderElection(134)) - 306a7a99-f2a5-4f40-b42b-2fc2def08a6a: shutdown LeaderElection
2019-09-19 14:21:25,227 [431517c4-8c09-4790-b37b-2e132c8143ad:group-1241104DBBBB:LeaderElection69] INFO  impl.RaftServerImpl (ServerState.java:setRaftConf(361)) - 431517c4-8c09-4790-b37b-2e132c8143ad:group-1241104DBBBB set configuration 0: [431517c4-8c09-4790-b37b-2e132c8143ad:192.168.157.226:40911], old=null at 0
2019-09-19 14:21:25,227 [85c6a9f3-b9a5-43a5-ac4f-9aa7bd5f2263:group-CDED230A9C47:LeaderElection78] INFO  impl.RoleInfo (RoleInfo.java:shutdownLeaderElection(134)) - 85c6a9f3-b9a5-43a5-ac4f-9aa7bd5f2263: shutdown LeaderElection
2019-09-19 14:21:25,226 [Thread-579] INFO  impl.FollowerState (FollowerState.java:run(106)) - 5dfaa0ea-416a-422c-a75d-43311aceb00a:group-03DEC9D1EE2C changes to CANDIDATE, lastRpcTime:5262, electionTimeout:5058ms
2019-09-19 14:21:25,226 [Thread-585] INFO  impl.FollowerState (FollowerState.java:run(106)) - 85c6a9f3-b9a5-43a5-ac4f-9aa7bd5f2263:group-111669BAE36C changes to CANDIDATE, lastRpcTime:5180, electionTimeout:5003ms
2019-09-19 14:21:25,479 [Thread-585] INFO  impl.RoleInfo (RoleInfo.java:shutdownFollowerState(121)) - 85c6a9f3-b9a5-43a5-ac4f-9aa7bd5f2263: shutdown FollowerState
2019-09-19 14:21:25,226 [Thread-590] INFO  impl.FollowerState (FollowerState.java:run(106)) - 6403e584-2209-453b-b79e-eeb0a7b58516:group-CB88C037056F changes to CANDIDATE, lastRpcTime:5133, electionTimeout:5086ms
2019-09-19 14:21:25,226 [Thread-596] INFO  impl.FollowerState (FollowerState.java:run(106)) - 306a7a99-f2a5-4f40-b42b-2fc2def08a6a:group-4E474D260ED7 changes to CANDIDATE, lastRpcTime:5049, electionTimeout:5022ms
2019-09-19 14:21:25,226 [5dfaa0ea-416a-422c-a75d-43311aceb00a:group-7C4858421412:LeaderElection80] INFO  impl.RoleInfo (RoleInfo.java:shutdownLeaderElection(134)) - 5dfaa0ea-416a-422c-a75d-43311aceb00a: shutdown LeaderElection
2019-09-19 14:21:24,730 [306a7a99-f2a5-4f40-b42b-2fc2def08a6a:group-040322C3D435:LeaderElection70] INFO  impl.RaftServerImpl (ServerState.java:setRaftConf(361)) - 306a7a99-f2a5-4f40-b42b-2fc2def08a6a:group-040322C3D435 set configuration 0: [306a7a99-f2a5-4f40-b42b-2fc2def08a6a:192.168.157.226:42633], old=null at 0
2019-09-19 14:21:24,949 [Thread-548] INFO  impl.FollowerState (FollowerState.java:run(106)) - 6403e584-2209-453b-b79e-eeb0a7b58516:group-790AA433409B changes to CANDIDATE, lastRpcTime:5395, electionTimeout:5196ms
2019-09-19 14:21:24,947 [Thread-554] INFO  impl.FollowerState (FollowerState.java:run(106)) - 5dfaa0ea-416a-422c-a75d-43311aceb00a:group-C06398C80B8A changes to CANDIDATE, lastRpcTime:5314, electionTimeout:5139ms
2019-09-19 14:21:25,480 [Thread-554] INFO  impl.RoleInfo (RoleInfo.java:shutdownFollowerState(121)) - 5dfaa0ea-416a-422c-a75d-43311aceb00a: shutdown FollowerState
2019-09-19 14:21:24,947 [Thread-560] INFO  impl.FollowerState (FollowerState.java:run(106)) - 6403e584-2209-453b-b79e-eeb0a7b58516:group-CB5CB1832614 changes to CANDIDATE, lastRpcTime:5235, electionTimeout:5107ms
2019-09-19 14:21:24,947 [Thread-563] INFO  impl.FollowerState (FollowerState.java:run(106)) - 6403e584-2209-453b-b79e-eeb0a7b58516:group-FC754A9A4BD4 changes to CANDIDATE, lastRpcTime:5199, electionTimeout:5072ms
2019-09-19 14:21:24,947 [Thread-566] INFO  impl.FollowerState (FollowerState.java:run(106)) - 306a7a99-f2a5-4f40-b42b-2fc2def08a6a:group-F2BDA4E60FC6 changes to CANDIDATE, lastRpcTime:5169, electionTimeout:5130ms
2019-09-19 14:21:25,480 [Thread-566] INFO  impl.RoleInfo (RoleInfo.java:shutdownFollowerState(121)) - 306a7a99-f2a5-4f40-b42b-2fc2def08a6a: shutdown FollowerState
2019-09-19 14:21:24,947 [Thread-572] INFO  impl.FollowerState (FollowerState.java:run(106)) - 5dfaa0ea-416a-422c-a75d-43311aceb00a:group-28257D859A2F changes to CANDIDATE, lastRpcTime:5086, electionTimeout:5045ms
2019-09-19 14:21:25,480 [Thread-572] INFO  impl.RoleInfo (RoleInfo.java:shutdownFollowerState(121)) - 5dfaa0ea-416a-422c-a75d-43311aceb00a: shutdown FollowerState
2019-09-19 14:21:24,730 [pool-60-thread-1] INFO  server.RaftServerConfigKeys (ConfUtils.java:logGet(43)) - raft.server.snapshot.auto.trigger.threshold = 10000 (custom)
2019-09-19 14:21:24,729 [Thread-557] INFO  impl.FollowerState (FollowerState.java:run(106)) - 306a7a99-f2a5-4f40-b42b-2fc2def08a6a:group-427A1DAF45E9 changes to CANDIDATE, lastRpcTime:5055, electionTimeout:5055ms
2019-09-19 14:21:25,481 [Thread-557] INFO  impl.RoleInfo (RoleInfo.java:shutdownFollowerState(121)) - 306a7a99-f2a5-4f40-b42b-2fc2def08a6a: shutdown FollowerState
2019-09-19 14:21:24,729 [6403e584-2209-453b-b79e-eeb0a7b58516:group-6080E7E288A7:LeaderElection67] INFO  impl.RoleInfo (RoleInfo.java:updateAndGet(143)) - 6403e584-2209-453b-b79e-eeb0a7b58516: start LeaderState
2019-09-19 14:21:25,481 [Thread-557] INFO  impl.RaftServerImpl (RaftServerImpl.java:setRole(171)) - 306a7a99-f2a5-4f40-b42b-2fc2def08a6a:group-427A1DAF45E9 changes role from FOLLOWER to CANDIDATE at term 0 for changeToCandidate
2019-09-19 14:21:25,481 [pool-60-thread-1] INFO  server.RaftServerConfigKeys (ConfUtils.java:logGet(43)) - raft.server.retrycache.expirytime = 600000ms (custom)
2019-09-19 14:21:25,480 [Thread-572] INFO  impl.RaftServerImpl (RaftServerImpl.java:setRole(171)) - 5dfaa0ea-416a-422c-a75d-43311aceb00a:group-28257D859A2F changes role from FOLLOWER to CANDIDATE at term 0 for changeToCandidate
2019-09-19 14:21:25,480 [Thread-566] INFO  impl.RaftServerImpl (RaftServerImpl.java:setRole(171)) - 306a7a99-f2a5-4f40-b42b-2fc2def08a6a:group-F2BDA4E60FC6 changes role from FOLLOWER to CANDIDATE at term 0 for changeToCandidate
2019-09-19 14:21:25,480 [Thread-563] INFO  impl.RoleInfo (RoleInfo.java:shutdownFollowerState(121)) - 6403e584-2209-453b-b79e-eeb0a7b58516: shutdown FollowerState
2019-09-19 14:21:25,481 [Thread-563] INFO  impl.RaftServerImpl (RaftServerImpl.java:setRole(171)) - 6403e584-2209-453b-b79e-eeb0a7b58516:group-FC754A9A4BD4 changes role from FOLLOWER to CANDIDATE at term 0 for changeToCandidate
2019-09-19 14:21:25,480 [Thread-560] INFO  impl.RoleInfo (RoleInfo.java:shutdownFollowerState(121)) - 6403e584-2209-453b-b79e-eeb0a7b58516: shutdown FollowerState
2019-09-19 14:21:25,480 [Thread-554] INFO  impl.RaftServerImpl (RaftServerImpl.java:setRole(171)) - 5dfaa0ea-416a-422c-a75d-43311aceb00a:group-C06398C80B8A changes role from FOLLOWER to CANDIDATE at term 0 for changeToCandidate
2019-09-19 14:21:25,479 [Thread-548] INFO  impl.RoleInfo (RoleInfo.java:shutdownFollowerState(121)) - 6403e584-2209-453b-b79e-eeb0a7b58516: shutdown FollowerState
2019-09-19 14:21:25,482 [Thread-548] INFO  impl.RaftServerImpl (RaftServerImpl.java:setRole(171)) - 6403e584-2209-453b-b79e-eeb0a7b58516:group-790AA433409B changes role from FOLLOWER to CANDIDATE at term 0 for changeToCandidate
2019-09-19 14:21:25,479 [5dfaa0ea-416a-422c-a75d-43311aceb00a:group-7C4858421412:LeaderElection80] INFO  impl.RaftServerImpl (RaftServerImpl.java:setRole(171)) - 5dfaa0ea-416a-422c-a75d-43311aceb00a:group-7C4858421412 changes role from CANDIDATE to LEADER at term 1 for changeToLeader
2019-09-19 14:21:25,479 [Thread-596] INFO  impl.RoleInfo (RoleInfo.java:shutdownFollowerState(121)) - 306a7a99-f2a5-4f40-b42b-2fc2def08a6a: shutdown FollowerState
2019-09-19 14:21:25,479 [Thread-590] INFO  impl.RoleInfo (RoleInfo.java:shutdownFollowerState(121)) - 6403e584-2209-453b-b79e-eeb0a7b58516: shutdown FollowerState
2019-09-19 14:21:25,479 [Thread-585] INFO  impl.RaftServerImpl (RaftServerImpl.java:setRole(171)) - 85c6a9f3-b9a5-43a5-ac4f-9aa7bd5f2263:group-111669BAE36C changes role from FOLLOWER to CANDIDATE at term 0 for changeToCandidate
2019-09-19 14:21:25,479 [Thread-579] INFO  impl.RoleInfo (RoleInfo.java:shutdownFollowerState(121)) - 5dfaa0ea-416a-422c-a75d-43311aceb00a: shutdown FollowerState
2019-09-19 14:21:25,482 [Thread-579] INFO  impl.RaftServerImpl (RaftServerImpl.java:setRole(171)) - 5dfaa0ea-416a-422c-a75d-43311aceb00a:group-03DEC9D1EE2C changes role from FOLLOWER to CANDIDATE at term 0 for changeToCandidate
2019-09-19 14:21:25,479 [85c6a9f3-b9a5-43a5-ac4f-9aa7bd5f2263:group-CDED230A9C47:LeaderElection78] INFO  impl.RaftServerImpl (RaftServerImpl.java:setRole(171)) - 85c6a9f3-b9a5-43a5-ac4f-9aa7bd5f2263:group-CDED230A9C47 changes role from CANDIDATE to LEADER at term 1 for changeToLeader
2019-09-19 14:21:25,478 [306a7a99-f2a5-4f40-b42b-2fc2def08a6a:group-AAFAF8A40158:LeaderElection76] INFO  impl.RaftServerImpl (RaftServerImpl.java:setRole(171)) - 306a7a99-f2a5-4f40-b42b-2fc2def08a6a:group-AAFAF8A40158 changes role from CANDIDATE to LEADER at term 1 for changeToLeader
2019-09-19 14:21:25,483 [306a7a99-f2a5-4f40-b42b-2fc2def08a6a:group-AAFAF8A40158:LeaderElection76] INFO  impl.RaftServerImpl (ServerState.java:setLeader(263)) - 306a7a99-f2a5-4f40-b42b-2fc2def08a6a:group-AAFAF8A40158 change Leader from null to 306a7a99-f2a5-4f40-b42b-2fc2def08a6a at term 1 for becomeLeader, leader elected after 6352ms
2019-09-19 14:21:25,478 [306a7a99-f2a5-4f40-b42b-2fc2def08a6a:group-B068DE63FE4E:LeaderElection82] INFO  impl.RaftServerImpl (ServerState.java:setLeader(263)) - 306a7a99-f2a5-4f40-b42b-2fc2def08a6a:group-B068DE63FE4E change Leader from null to 306a7a99-f2a5-4f40-b42b-2fc2def08a6a at term 1 for becomeLeader, leader elected after 6529ms
2019-09-19 14:21:25,478 [306a7a99-f2a5-4f40-b42b-2fc2def08a6a:group-CB34ACF8C155:LeaderElection81] INFO  impl.RaftServerImpl (RaftServerImpl.java:setRole(171)) - 306a7a99-f2a5-4f40-b42b-2fc2def08a6a:group-CB34ACF8C155 changes role from CANDIDATE to LEADER at term 1 for changeToLeader
2019-09-19 14:21:25,478 [5dfaa0ea-416a-422c-a75d-43311aceb00a:group-6756AC4ACD80:LeaderElection79] INFO  impl.RaftServerImpl (RaftServerImpl.java:setRole(171)) - 5dfaa0ea-416a-422c-a75d-43311aceb00a:group-6756AC4ACD80 changes role from CANDIDATE to LEADER at term 1 for changeToLeader
2019-09-19 14:21:25,478 [5dfaa0ea-416a-422c-a75d-43311aceb00a:group-2BDFD38A0B98:LeaderElection73] INFO  impl.RaftServerImpl (RaftServerImpl.java:setRole(171)) - 5dfaa0ea-416a-422c-a75d-43311aceb00a:group-2BDFD38A0B98 changes role from CANDIDATE to LEADER at term 1 for changeToLeader
2019-09-19 14:21:25,483 [5dfaa0ea-416a-422c-a75d-43311aceb00a:group-2BDFD38A0B98:LeaderElection73] INFO  impl.RaftServerImpl (ServerState.java:setLeader(263)) - 5dfaa0ea-416a-422c-a75d-43311aceb00a:group-2BDFD38A0B98 change Leader from null to 5dfaa0ea-416a-422c-a75d-43311aceb00a at term 1 for becomeLeader, leader elected after 7039ms
2019-09-19 14:21:25,478 [6403e584-2209-453b-b79e-eeb0a7b58516:group-29E445EC1A13:LeaderElection77] INFO  impl.RaftServerImpl (ServerState.java:setLeader(263)) - 6403e584-2209-453b-b79e-eeb0a7b58516:group-29E445EC1A13 change Leader from null to 6403e584-2209-453b-b79e-eeb0a7b58516 at term 1 for becomeLeader, leader elected after 6267ms
2019-09-19 14:21:25,478 [5dfaa0ea-416a-422c-a75d-43311aceb00a:group-0E840A7D0B0D:LeaderElection71] INFO  impl.RaftServerImpl (RaftServerImpl.java:setRole(171)) - 5dfaa0ea-416a-422c-a75d-43311aceb00a:group-0E840A7D0B0D changes role from CANDIDATE to LEADER at term 1 for changeToLeader
2019-09-19 14:21:25,483 [5dfaa0ea-416a-422c-a75d-43311aceb00a:group-0E840A7D0B0D:LeaderElection71] INFO  impl.RaftServerImpl (ServerState.java:setLeader(263)) - 5dfaa0ea-416a-422c-a75d-43311aceb00a:group-0E840A7D0B0D change Leader from null to 5dfaa0ea-416a-422c-a75d-43311aceb00a at term 1 for becomeLeader, leader elected after 7102ms
2019-09-19 14:21:25,478 [431517c4-8c09-4790-b37b-2e132c8143ad:group-F48EAE1DFE2B:LeaderElection74] INFO  impl.RaftServerImpl (RaftServerImpl.java:setRole(171)) - 431517c4-8c09-4790-b37b-2e132c8143ad:group-F48EAE1DFE2B changes role from CANDIDATE to LEADER at term 1 for changeToLeader
2019-09-19 14:21:25,477 [306a7a99-f2a5-4f40-b42b-2fc2def08a6a:group-EBF6A907DE95:LeaderElection75] INFO  impl.RaftServerImpl (RaftServerImpl.java:setRole(171)) - 306a7a99-f2a5-4f40-b42b-2fc2def08a6a:group-EBF6A907DE95 changes role from CANDIDATE to LEADER at term 1 for changeToLeader
2019-09-19 14:21:25,477 [306a7a99-f2a5-4f40-b42b-2fc2def08a6a:group-5B1D505DB39F:LeaderElection72] INFO  impl.RaftServerImpl (RaftServerImpl.java:setRole(171)) - 306a7a99-f2a5-4f40-b42b-2fc2def08a6a:group-5B1D505DB39F changes role from CANDIDATE to LEADER at term 1 for changeToLeader
2019-09-19 14:21:25,477 [Thread-531] INFO  impl.RaftServerImpl (RaftServerImpl.java:setRole(171)) - 306a7a99-f2a5-4f40-b42b-2fc2def08a6a:group-4B237A1118DD changes role from FOLLOWER to CANDIDATE at term 0 for changeToCandidate
2019-09-19 14:21:25,477 [Thread-534] INFO  impl.RaftServerImpl (RaftServerImpl.java:setRole(171)) - 5dfaa0ea-416a-422c-a75d-43311aceb00a:group-F7C7A6E62060 changes role from FOLLOWER to CANDIDATE at term 0 for changeToCandidate
2019-09-19 14:21:25,477 [Thread-540] INFO  impl.RaftServerImpl (RaftServerImpl.java:setRole(171)) - 5dfaa0ea-416a-422c-a75d-43311aceb00a:group-99527B0F1D6C changes role from FOLLOWER to CANDIDATE at term 0 for changeToCandidate
2019-09-19 14:21:25,477 [Thread-593] INFO  impl.FollowerState (FollowerState.java:run(106)) - 6403e584-2209-453b-b79e-eeb0a7b58516:group-A99CE1758501 changes to CANDIDATE, lastRpcTime:5338, electionTimeout:5196ms
2019-09-19 14:21:25,484 [Thread-593] INFO  impl.RoleInfo (RoleInfo.java:shutdownFollowerState(121)) - 6403e584-2209-453b-b79e-eeb0a7b58516: shutdown FollowerState
2019-09-19 14:21:25,475 [Thread-601] INFO  impl.FollowerState (FollowerState.java:run(106)) - 85c6a9f3-b9a5-43a5-ac4f-9aa7bd5f2263:group-DE6CB2708FEF changes to CANDIDATE, lastRpcTime:5239, electionTimeout:5149ms
2019-09-19 14:21:25,230 [Thread-537] INFO  impl.RaftServerImpl (RaftServerImpl.java:setRole(171)) - 431517c4-8c09-4790-b37b-2e132c8143ad:group-88D967718BDF changes role from FOLLOWER to CANDIDATE at term 0 for changeToCandidate
2019-09-19 14:21:25,230 [Thread-544] INFO  impl.RoleInfo (RoleInfo.java:updateAndGet(143)) - 6403e584-2209-453b-b79e-eeb0a7b58516: start LeaderElection
2019-09-19 14:21:25,230 [306a7a99-f2a5-4f40-b42b-2fc2def08a6a:group-96513C34E79C:LeaderElection68] INFO  segmented.SegmentedRaftLogWorker (SegmentedRaftLogWorker.java:startLogSegment(380)) - 306a7a99-f2a5-4f40-b42b-2fc2def08a6a-SegmentedRaftLogWorker:Storage Directory /workdir/hadoop-ozone/integration-test/target/test-dir/MiniOzoneClusterImpl-210d6028-2152-4683-81ff-347b0d29bb13/datanode-2/data/ratis/1359b96d-f500-4bb6-9160-96513c34e79c: Starting segment from index:0
2019-09-19 14:21:25,230 [Thread-551] INFO  impl.RaftServerImpl (RaftServerImpl.java:setRole(171)) - 6403e584-2209-453b-b79e-eeb0a7b58516:group-F5C4A469BBAD changes role from FOLLOWER to CANDIDATE at term 0 for changeToCandidate
2019-09-19 14:21:25,488 [Thread-551] INFO  impl.RoleInfo (RoleInfo.java:updateAndGet(143)) - 6403e584-2209-453b-b79e-eeb0a7b58516: start LeaderElection
2019-09-19 14:21:25,485 [Thread-537] INFO  impl.RoleInfo (RoleInfo.java:updateAndGet(143)) - 431517c4-8c09-4790-b37b-2e132c8143ad: start LeaderElection
2019-09-19 14:21:25,485 [Thread-601] INFO  impl.RoleInfo (RoleInfo.java:shutdownFollowerState(121)) - 85c6a9f3-b9a5-43a5-ac4f-9aa7bd5f2263: shutdown FollowerState
2019-09-19 14:21:25,484 [Thread-593] INFO  impl.RaftServerImpl (RaftServerImpl.java:setRole(171)) - 6403e584-2209-453b-b79e-eeb0a7b58516:group-A99CE1758501 changes role from FOLLOWER to CANDIDATE at term 0 for changeToCandidate
2019-09-19 14:21:25,484 [Thread-540] INFO  impl.RoleInfo (RoleInfo.java:updateAndGet(143)) - 5dfaa0ea-416a-422c-a75d-43311aceb00a: start LeaderElection
2019-09-19 14:21:25,484 [Thread-534] INFO  impl.RoleInfo (RoleInfo.java:updateAndGet(143)) - 5dfaa0ea-416a-422c-a75d-43311aceb00a: start LeaderElection
2019-09-19 14:21:25,484 [Thread-531] INFO  impl.RoleInfo (RoleInfo.java:updateAndGet(143)) - 306a7a99-f2a5-4f40-b42b-2fc2def08a6a: start LeaderElection
2019-09-19 14:21:25,484 [306a7a99-f2a5-4f40-b42b-2fc2def08a6a:group-5B1D505DB39F:LeaderElection72] INFO  impl.RaftServerImpl (ServerState.java:setLeader(263)) - 306a7a99-f2a5-4f40-b42b-2fc2def08a6a:group-5B1D505DB39F change Leader from null to 306a7a99-f2a5-4f40-b42b-2fc2def08a6a at term 1 for becomeLeader, leader elected after 7021ms
2019-09-19 14:21:25,484 [306a7a99-f2a5-4f40-b42b-2fc2def08a6a:group-EBF6A907DE95:LeaderElection75] INFO  impl.RaftServerImpl (ServerState.java:setLeader(263)) - 306a7a99-f2a5-4f40-b42b-2fc2def08a6a:group-EBF6A907DE95 change Leader from null to 306a7a99-f2a5-4f40-b42b-2fc2def08a6a at term 1 for becomeLeader, leader elected after 6576ms
2019-09-19 14:21:25,484 [431517c4-8c09-4790-b37b-2e132c8143ad:group-F48EAE1DFE2B:LeaderElection74] INFO  impl.RaftServerImpl (ServerState.java:setLeader(263)) - 431517c4-8c09-4790-b37b-2e132c8143ad:group-F48EAE1DFE2B change Leader from null to 431517c4-8c09-4790-b37b-2e132c8143ad at term 1 for becomeLeader, leader elected after 6816ms
2019-09-19 14:21:25,484 [5dfaa0ea-416a-422c-a75d-43311aceb00a:group-0E840A7D0B0D:LeaderElection71] INFO  server.RaftServerConfigKeys (ConfUtils.java:logGet(43)) - raft.server.staging.catchup.gap = 1000 (default)
2019-09-19 14:21:25,483 [6403e584-2209-453b-b79e-eeb0a7b58516:group-29E445EC1A13:LeaderElection77] INFO  server.RaftServerConfigKeys (ConfUtils.java:logGet(43)) - raft.server.staging.catchup.gap = 1000 (default)
2019-09-19 14:21:25,483 [5dfaa0ea-416a-422c-a75d-43311aceb00a:group-2BDFD38A0B98:LeaderElection73] INFO  server.RaftServerConfigKeys (ConfUtils.java:logGet(43)) - raft.server.staging.catchup.gap = 1000 (default)
2019-09-19 14:21:25,705 [5dfaa0ea-416a-422c-a75d-43311aceb00a:group-2BDFD38A0B98:LeaderElection73] INFO  server.RaftServerConfigKeys (ConfUtils.java:logGet(43)) - raft.server.rpc.sleep.time = 25ms (default)
2019-09-19 14:21:25,483 [5dfaa0ea-416a-422c-a75d-43311aceb00a:group-6756AC4ACD80:LeaderElection79] INFO  impl.RaftServerImpl (ServerState.java:setLeader(263)) - 5dfaa0ea-416a-422c-a75d-43311aceb00a:group-6756AC4ACD80 change Leader from null to 5dfaa0ea-416a-422c-a75d-43311aceb00a at term 1 for becomeLeader, leader elected after 6440ms
2019-09-19 14:21:25,483 [306a7a99-f2a5-4f40-b42b-2fc2def08a6a:group-CB34ACF8C155:LeaderElection81] INFO  impl.RaftServerImpl (ServerState.java:setLeader(263)) - 306a7a99-f2a5-4f40-b42b-2fc2def08a6a:group-CB34ACF8C155 change Leader from null to 306a7a99-f2a5-4f40-b42b-2fc2def08a6a at term 1 for becomeLeader, leader elected after 6396ms
2019-09-19 14:21:25,705 [5dfaa0ea-416a-422c-a75d-43311aceb00a:group-6756AC4ACD80:LeaderElection79] INFO  server.RaftServerConfigKeys (ConfUtils.java:logGet(43)) - raft.server.staging.catchup.gap = 1000 (default)
2019-09-19 14:21:25,705 [5dfaa0ea-416a-422c-a75d-43311aceb00a:group-6756AC4ACD80:LeaderElection79] INFO  server.RaftServerConfigKeys (ConfUtils.java:logGet(43)) - raft.server.rpc.sleep.time = 25ms (default)
2019-09-19 14:21:25,483 [306a7a99-f2a5-4f40-b42b-2fc2def08a6a:group-B068DE63FE4E:LeaderElection82] INFO  server.RaftServerConfigKeys (ConfUtils.java:logGet(43)) - raft.server.staging.catchup.gap = 1000 (default)
2019-09-19 14:21:25,483 [306a7a99-f2a5-4f40-b42b-2fc2def08a6a:group-AAFAF8A40158:LeaderElection76] INFO  server.RaftServerConfigKeys (ConfUtils.java:logGet(43)) - raft.server.staging.catchup.gap = 1000 (default)
2019-09-19 14:21:25,482 [85c6a9f3-b9a5-43a5-ac4f-9aa7bd5f2263:group-CDED230A9C47:LeaderElection78] INFO  impl.RaftServerImpl (ServerState.java:setLeader(263)) - 85c6a9f3-b9a5-43a5-ac4f-9aa7bd5f2263:group-CDED230A9C47 change Leader from null to 85c6a9f3-b9a5-43a5-ac4f-9aa7bd5f2263 at term 1 for becomeLeader, leader elected after 6312ms
2019-09-19 14:21:25,482 [Thread-579] INFO  impl.RoleInfo (RoleInfo.java:updateAndGet(143)) - 5dfaa0ea-416a-422c-a75d-43311aceb00a: start LeaderElection
2019-09-19 14:21:25,482 [Thread-585] INFO  impl.RoleInfo (RoleInfo.java:updateAndGet(143)) - 85c6a9f3-b9a5-43a5-ac4f-9aa7bd5f2263: start LeaderElection
2019-09-19 14:21:25,482 [Thread-590] INFO  impl.RaftServerImpl (RaftServerImpl.java:setRole(171)) - 6403e584-2209-453b-b79e-eeb0a7b58516:group-CB88C037056F changes role from FOLLOWER to CANDIDATE at term 0 for changeToCandidate
2019-09-19 14:21:25,482 [Thread-596] INFO  impl.RaftServerImpl (RaftServerImpl.java:setRole(171)) - 306a7a99-f2a5-4f40-b42b-2fc2def08a6a:group-4E474D260ED7 changes role from FOLLOWER to CANDIDATE at term 0 for changeToCandidate
2019-09-19 14:21:25,482 [5dfaa0ea-416a-422c-a75d-43311aceb00a:group-7C4858421412:LeaderElection80] INFO  impl.RaftServerImpl (ServerState.java:setLeader(263)) - 5dfaa0ea-416a-422c-a75d-43311aceb00a:group-7C4858421412 change Leader from null to 5dfaa0ea-416a-422c-a75d-43311aceb00a at term 1 for becomeLeader, leader elected after 6490ms
2019-09-19 14:21:25,482 [Thread-548] INFO  impl.RoleInfo (RoleInfo.java:updateAndGet(143)) - 6403e584-2209-453b-b79e-eeb0a7b58516: start LeaderElection
2019-09-19 14:21:25,482 [Thread-554] INFO  impl.RoleInfo (RoleInfo.java:updateAndGet(143)) - 5dfaa0ea-416a-422c-a75d-43311aceb00a: start LeaderElection
2019-09-19 14:21:25,482 [Thread-560] INFO  impl.RaftServerImpl (RaftServerImpl.java:setRole(171)) - 6403e584-2209-453b-b79e-eeb0a7b58516:group-CB5CB1832614 changes role from FOLLOWER to CANDIDATE at term 0 for changeToCandidate
2019-09-19 14:21:25,481 [Thread-563] INFO  impl.RoleInfo (RoleInfo.java:updateAndGet(143)) - 6403e584-2209-453b-b79e-eeb0a7b58516: start LeaderElection
2019-09-19 14:21:25,481 [Thread-566] INFO  impl.RoleInfo (RoleInfo.java:updateAndGet(143)) - 306a7a99-f2a5-4f40-b42b-2fc2def08a6a: start LeaderElection
2019-09-19 14:21:25,481 [Thread-572] INFO  impl.RoleInfo (RoleInfo.java:updateAndGet(143)) - 5dfaa0ea-416a-422c-a75d-43311aceb00a: start LeaderElection
2019-09-19 14:21:25,481 [pool-60-thread-1] INFO  impl.RaftServerImpl (RaftServerImpl.java:start(180)) - 6403e584-2209-453b-b79e-eeb0a7b58516: start group-215A1067754F
2019-09-19 14:21:25,481 [6403e584-2209-453b-b79e-eeb0a7b58516:group-6080E7E288A7:LeaderElection67] INFO  segmented.SegmentedRaftLogWorker (SegmentedRaftLogWorker.java:startLogSegment(380)) - 6403e584-2209-453b-b79e-eeb0a7b58516-SegmentedRaftLogWorker:Storage Directory /workdir/hadoop-ozone/integration-test/target/test-dir/MiniOzoneClusterImpl-210d6028-2152-4683-81ff-347b0d29bb13/datanode-3/data/ratis/f2edf683-ab62-45da-8fb7-6080e7e288a7: Starting segment from index:0
2019-09-19 14:21:25,481 [Thread-557] INFO  impl.RoleInfo (RoleInfo.java:updateAndGet(143)) - 306a7a99-f2a5-4f40-b42b-2fc2def08a6a: start LeaderElection
2019-09-19 14:21:25,708 [pool-60-thread-1] INFO  impl.RaftServerImpl (RaftServerImpl.java:setRole(171)) - 6403e584-2209-453b-b79e-eeb0a7b58516:group-215A1067754F changes role from null to FOLLOWER at term 0 for startAsFollower
2019-09-19 14:21:25,707 [Thread-560] INFO  impl.RoleInfo (RoleInfo.java:updateAndGet(143)) - 6403e584-2209-453b-b79e-eeb0a7b58516: start LeaderElection
2019-09-19 14:21:25,707 [5dfaa0ea-416a-422c-a75d-43311aceb00a:group-7C4858421412:LeaderElection80] INFO  server.RaftServerConfigKeys (ConfUtils.java:logGet(43)) - raft.server.staging.catchup.gap = 1000 (default)
2019-09-19 14:21:25,706 [Thread-596] INFO  impl.RoleInfo (RoleInfo.java:updateAndGet(143)) - 306a7a99-f2a5-4f40-b42b-2fc2def08a6a: start LeaderElection
2019-09-19 14:21:25,706 [Thread-590] INFO  impl.RoleInfo (RoleInfo.java:updateAndGet(143)) - 6403e584-2209-453b-b79e-eeb0a7b58516: start LeaderElection
2019-09-19 14:21:25,950 | INFO  | SCMAudit | user=jenkins1000 | ip=192.168.157.226 | op=SEND_HEARTBEAT {datanodeUUID=85c6a9f3-b9a5-43a5-ac4f-9aa7bd5f2263, command=[]} | ret=SUCCESS |  
2019-09-19 14:21:25,950 | INFO  | SCMAudit | user=jenkins1000 | ip=192.168.157.226 | op=SEND_HEARTBEAT {datanodeUUID=1190b9a7-12b1-4c15-b33e-f7d0a0cd436c, command=[]} | ret=SUCCESS |  
2019-09-19 14:21:25,706 [85c6a9f3-b9a5-43a5-ac4f-9aa7bd5f2263:group-CDED230A9C47:LeaderElection78] INFO  server.RaftServerConfigKeys (ConfUtils.java:logGet(43)) - raft.server.staging.catchup.gap = 1000 (default)
2019-09-19 14:21:25,706 [306a7a99-f2a5-4f40-b42b-2fc2def08a6a:group-AAFAF8A40158:LeaderElection76] INFO  server.RaftServerConfigKeys (ConfUtils.java:logGet(43)) - raft.server.rpc.sleep.time = 25ms (default)
2019-09-19 14:21:25,950 | INFO  | SCMAudit | user=jenkins1000 | ip=192.168.157.226 | op=SEND_HEARTBEAT {datanodeUUID=431517c4-8c09-4790-b37b-2e132c8143ad, command=[]} | ret=SUCCESS |  
2019-09-19 14:21:25,706 [306a7a99-f2a5-4f40-b42b-2fc2def08a6a:group-B068DE63FE4E:LeaderElection82] INFO  server.RaftServerConfigKeys (ConfUtils.java:logGet(43)) - raft.server.rpc.sleep.time = 25ms (default)
2019-09-19 14:21:25,705 [5dfaa0ea-416a-422c-a75d-43311aceb00a:group-6756AC4ACD80:LeaderElection79] INFO  server.RaftServerConfigKeys (ConfUtils.java:logGet(43)) - raft.server.write.element-limit = 4096 (default)
2019-09-19 14:21:25,951 | INFO  | SCMAudit | user=jenkins1000 | ip=192.168.157.226 | op=SEND_HEARTBEAT {datanodeUUID=5dfaa0ea-416a-422c-a75d-43311aceb00a, command=[]} | ret=SUCCESS |  
2019-09-19 14:21:25,705 [306a7a99-f2a5-4f40-b42b-2fc2def08a6a:group-CB34ACF8C155:LeaderElection81] INFO  server.RaftServerConfigKeys (ConfUtils.java:logGet(43)) - raft.server.staging.catchup.gap = 1000 (default)
2019-09-19 14:21:25,705 [5dfaa0ea-416a-422c-a75d-43311aceb00a:group-2BDFD38A0B98:LeaderElection73] INFO  server.RaftServerConfigKeys (ConfUtils.java:logGet(43)) - raft.server.write.element-limit = 4096 (default)
2019-09-19 14:21:25,704 [6403e584-2209-453b-b79e-eeb0a7b58516:group-29E445EC1A13:LeaderElection77] INFO  server.RaftServerConfigKeys (ConfUtils.java:logGet(43)) - raft.server.rpc.sleep.time = 25ms (default)
2019-09-19 14:21:25,704 [5dfaa0ea-416a-422c-a75d-43311aceb00a:group-0E840A7D0B0D:LeaderElection71] INFO  server.RaftServerConfigKeys (ConfUtils.java:logGet(43)) - raft.server.rpc.sleep.time = 25ms (default)
2019-09-19 14:21:25,704 [431517c4-8c09-4790-b37b-2e132c8143ad:group-F48EAE1DFE2B:LeaderElection74] INFO  server.RaftServerConfigKeys (ConfUtils.java:logGet(43)) - raft.server.staging.catchup.gap = 1000 (default)
2019-09-19 14:21:25,704 [306a7a99-f2a5-4f40-b42b-2fc2def08a6a:group-EBF6A907DE95:LeaderElection75] INFO  server.RaftServerConfigKeys (ConfUtils.java:logGet(43)) - raft.server.staging.catchup.gap = 1000 (default)
2019-09-19 14:21:25,704 [306a7a99-f2a5-4f40-b42b-2fc2def08a6a:group-5B1D505DB39F:LeaderElection72] INFO  server.RaftServerConfigKeys (ConfUtils.java:logGet(43)) - raft.server.staging.catchup.gap = 1000 (default)
2019-09-19 14:21:25,699 [Thread-593] INFO  impl.RoleInfo (RoleInfo.java:updateAndGet(143)) - 6403e584-2209-453b-b79e-eeb0a7b58516: start LeaderElection
2019-09-19 14:21:25,699 [Thread-608] INFO  impl.FollowerState (FollowerState.java:run(106)) - 6403e584-2209-453b-b79e-eeb0a7b58516:group-6DF381D064CD changes to CANDIDATE, lastRpcTime:5310, electionTimeout:5185ms
2019-09-19 14:21:25,488 [Thread-601] INFO  impl.RaftServerImpl (RaftServerImpl.java:setRole(171)) - 85c6a9f3-b9a5-43a5-ac4f-9aa7bd5f2263:group-DE6CB2708FEF changes role from FOLLOWER to CANDIDATE at term 0 for changeToCandidate
2019-09-19 14:21:25,488 [306a7a99-f2a5-4f40-b42b-2fc2def08a6a:group-96513C34E79C:LeaderElection68] INFO  impl.RaftServerImpl (ServerState.java:setRaftConf(361)) - 306a7a99-f2a5-4f40-b42b-2fc2def08a6a:group-96513C34E79C set configuration 0: [306a7a99-f2a5-4f40-b42b-2fc2def08a6a:192.168.157.226:42633], old=null at 0
2019-09-19 14:21:25,952 [Thread-601] INFO  impl.RoleInfo (RoleInfo.java:updateAndGet(143)) - 85c6a9f3-b9a5-43a5-ac4f-9aa7bd5f2263: start LeaderElection
2019-09-19 14:21:25,952 [Thread-608] INFO  impl.RoleInfo (RoleInfo.java:shutdownFollowerState(121)) - 6403e584-2209-453b-b79e-eeb0a7b58516: shutdown FollowerState
2019-09-19 14:21:25,952 [306a7a99-f2a5-4f40-b42b-2fc2def08a6a:group-5B1D505DB39F:LeaderElection72] INFO  server.RaftServerConfigKeys (ConfUtils.java:logGet(43)) - raft.server.rpc.sleep.time = 25ms (default)
2019-09-19 14:21:25,952 [306a7a99-f2a5-4f40-b42b-2fc2def08a6a:group-EBF6A907DE95:LeaderElection75] INFO  server.RaftServerConfigKeys (ConfUtils.java:logGet(43)) - raft.server.rpc.sleep.time = 25ms (default)
2019-09-19 14:21:25,952 [431517c4-8c09-4790-b37b-2e132c8143ad:group-F48EAE1DFE2B:LeaderElection74] INFO  server.RaftServerConfigKeys (ConfUtils.java:logGet(43)) - raft.server.rpc.sleep.time = 25ms (default)
2019-09-19 14:21:25,951 [5dfaa0ea-416a-422c-a75d-43311aceb00a:group-0E840A7D0B0D:LeaderElection71] INFO  server.RaftServerConfigKeys (ConfUtils.java:logGet(43)) - raft.server.write.element-limit = 4096 (default)
2019-09-19 14:21:25,951 [6403e584-2209-453b-b79e-eeb0a7b58516:group-29E445EC1A13:LeaderElection77] INFO  server.RaftServerConfigKeys (ConfUtils.java:logGet(43)) - raft.server.write.element-limit = 4096 (default)
2019-09-19 14:21:25,951 [5dfaa0ea-416a-422c-a75d-43311aceb00a:group-2BDFD38A0B98:LeaderElection73] INFO  server.RaftServerConfigKeys (ConfUtils.java:logGet(43)) - raft.server.watch.timeout = 10s (default)
2019-09-19 14:21:25,951 [85c6a9f3-b9a5-43a5-ac4f-9aa7bd5f2263-SegmentedRaftLogWorker:Storage Directory /workdir/hadoop-ozone/integration-test/target/test-dir/MiniOzoneClusterImpl-210d6028-2152-4683-81ff-347b0d29bb13/datanode-0/data/ratis/3efddad6-25e9-4359-85ae-cecfc47f3681] ERROR segmented.SegmentedRaftLogWorker (SegmentedRaftLogWorker.java:run(323)) - 85c6a9f3-b9a5-43a5-ac4f-9aa7bd5f2263-SegmentedRaftLogWorker:Storage Directory /workdir/hadoop-ozone/integration-test/target/test-dir/MiniOzoneClusterImpl-210d6028-2152-4683-81ff-347b0d29bb13/datanode-0/data/ratis/3efddad6-25e9-4359-85ae-cecfc47f3681 hit exception
java.lang.OutOfMemoryError: Direct buffer memory
	at java.nio.Bits.reserveMemory(Bits.java:666)
	at java.nio.DirectByteBuffer.<init>(DirectByteBuffer.java:123)
	at java.nio.ByteBuffer.allocateDirect(ByteBuffer.java:311)
	at org.apache.ratis.server.raftlog.segmented.BufferedWriteChannel.<init>(BufferedWriteChannel.java:41)
	at org.apache.ratis.server.raftlog.segmented.SegmentedRaftLogOutputStream.<init>(SegmentedRaftLogOutputStream.java:72)
	at org.apache.ratis.server.raftlog.segmented.SegmentedRaftLogWorker$StartLogSegment.execute(SegmentedRaftLogWorker.java:566)
	at org.apache.ratis.server.raftlog.segmented.SegmentedRaftLogWorker.run(SegmentedRaftLogWorker.java:289)
	at java.lang.Thread.run(Thread.java:748)
2019-09-19 14:21:25,951 [1190b9a7-12b1-4c15-b33e-f7d0a0cd436c-SegmentedRaftLogWorker:Storage Directory /workdir/hadoop-ozone/integration-test/target/test-dir/MiniOzoneClusterImpl-210d6028-2152-4683-81ff-347b0d29bb13/datanode-4/data/ratis/923a9e58-2c5a-4174-b54a-2c9e25478efb] ERROR segmented.SegmentedRaftLogWorker (SegmentedRaftLogWorker.java:run(323)) - 1190b9a7-12b1-4c15-b33e-f7d0a0cd436c-SegmentedRaftLogWorker:Storage Directory /workdir/hadoop-ozone/integration-test/target/test-dir/MiniOzoneClusterImpl-210d6028-2152-4683-81ff-347b0d29bb13/datanode-4/data/ratis/923a9e58-2c5a-4174-b54a-2c9e25478efb hit exception
java.lang.OutOfMemoryError: Direct buffer memory
	at java.nio.Bits.reserveMemory(Bits.java:666)
	at java.nio.DirectByteBuffer.<init>(DirectByteBuffer.java:123)
	at java.nio.ByteBuffer.allocateDirect(ByteBuffer.java:311)
	at org.apache.ratis.server.raftlog.segmented.BufferedWriteChannel.<init>(BufferedWriteChannel.java:41)
	at org.apache.ratis.server.raftlog.segmented.SegmentedRaftLogOutputStream.<init>(SegmentedRaftLogOutputStream.java:72)
	at org.apache.ratis.server.raftlog.segmented.SegmentedRaftLogWorker$StartLogSegment.execute(SegmentedRaftLogWorker.java:566)
	at org.apache.ratis.server.raftlog.segmented.SegmentedRaftLogWorker.run(SegmentedRaftLogWorker.java:289)
	at java.lang.Thread.run(Thread.java:748)
2019-09-19 14:21:25,951 [85c6a9f3-b9a5-43a5-ac4f-9aa7bd5f2263-SegmentedRaftLogWorker:Storage Directory /workdir/hadoop-ozone/integration-test/target/test-dir/MiniOzoneClusterImpl-210d6028-2152-4683-81ff-347b0d29bb13/datanode-0/data/ratis/7060508a-122e-4d10-ac3f-9a5d07e5f194] ERROR segmented.SegmentedRaftLogWorker (SegmentedRaftLogWorker.java:run(323)) - 85c6a9f3-b9a5-43a5-ac4f-9aa7bd5f2263-SegmentedRaftLogWorker:Storage Directory /workdir/hadoop-ozone/integration-test/target/test-dir/MiniOzoneClusterImpl-210d6028-2152-4683-81ff-347b0d29bb13/datanode-0/data/ratis/7060508a-122e-4d10-ac3f-9a5d07e5f194 hit exception
java.lang.OutOfMemoryError: Direct buffer memory
	at java.nio.Bits.reserveMemory(Bits.java:666)
	at java.nio.DirectByteBuffer.<init>(DirectByteBuffer.java:123)
	at java.nio.ByteBuffer.allocateDirect(ByteBuffer.java:311)
	at org.apache.ratis.server.raftlog.segmented.BufferedWriteChannel.<init>(BufferedWriteChannel.java:41)
	at org.apache.ratis.server.raftlog.segmented.SegmentedRaftLogOutputStream.<init>(SegmentedRaftLogOutputStream.java:72)
	at org.apache.ratis.server.raftlog.segmented.SegmentedRaftLogWorker$StartLogSegment.execute(SegmentedRaftLogWorker.java:566)
	at org.apache.ratis.server.raftlog.segmented.SegmentedRaftLogWorker.run(SegmentedRaftLogWorker.java:289)
	at java.lang.Thread.run(Thread.java:748)
2019-09-19 14:21:25,951 [306a7a99-f2a5-4f40-b42b-2fc2def08a6a:group-CB34ACF8C155:LeaderElection81] INFO  server.RaftServerConfigKeys (ConfUtils.java:logGet(43)) - raft.server.rpc.sleep.time = 25ms (default)
2019-09-19 14:21:25,951 [5dfaa0ea-416a-422c-a75d-43311aceb00a:group-6756AC4ACD80:LeaderElection79] INFO  server.RaftServerConfigKeys (ConfUtils.java:logGet(43)) - raft.server.watch.timeout = 10s (default)
2019-09-19 14:21:25,951 [306a7a99-f2a5-4f40-b42b-2fc2def08a6a:group-B068DE63FE4E:LeaderElection82] INFO  server.RaftServerConfigKeys (ConfUtils.java:logGet(43)) - raft.server.write.element-limit = 4096 (default)
2019-09-19 14:21:25,950 [306a7a99-f2a5-4f40-b42b-2fc2def08a6a:group-AAFAF8A40158:LeaderElection76] INFO  server.RaftServerConfigKeys (ConfUtils.java:logGet(43)) - raft.server.write.element-limit = 4096 (default)
2019-09-19 14:21:25,950 [85c6a9f3-b9a5-43a5-ac4f-9aa7bd5f2263:group-CDED230A9C47:LeaderElection78] INFO  server.RaftServerConfigKeys (ConfUtils.java:logGet(43)) - raft.server.rpc.sleep.time = 25ms (default)
2019-09-19 14:21:25,949 [5dfaa0ea-416a-422c-a75d-43311aceb00a:group-7C4858421412:LeaderElection80] INFO  server.RaftServerConfigKeys (ConfUtils.java:logGet(43)) - raft.server.rpc.sleep.time = 25ms (default)
2019-09-19 14:21:25,948 [5dfaa0ea-416a-422c-a75d-43311aceb00a:group-03DEC9D1EE2C:LeaderElection91] INFO  impl.LeaderElection (LeaderElection.java:askForVotes(181)) - 5dfaa0ea-416a-422c-a75d-43311aceb00a:group-03DEC9D1EE2C:LeaderElection91: begin an election at term 1 for -1: [5dfaa0ea-416a-422c-a75d-43311aceb00a:192.168.157.226:45629], old=null
2019-09-19 14:21:25,948 [431517c4-8c09-4790-b37b-2e132c8143ad:group-88D967718BDF:LeaderElection95] INFO  impl.LeaderElection (LeaderElection.java:askForVotes(181)) - 431517c4-8c09-4790-b37b-2e132c8143ad:group-88D967718BDF:LeaderElection95: begin an election at term 1 for -1: [431517c4-8c09-4790-b37b-2e132c8143ad:192.168.157.226:40911], old=null
2019-09-19 14:21:25,948 [5dfaa0ea-416a-422c-a75d-43311aceb00a:group-F7C7A6E62060:LeaderElection93] INFO  impl.LeaderElection (LeaderElection.java:askForVotes(181)) - 5dfaa0ea-416a-422c-a75d-43311aceb00a:group-F7C7A6E62060:LeaderElection93: begin an election at term 1 for -1: [5dfaa0ea-416a-422c-a75d-43311aceb00a:192.168.157.226:45629], old=null
2019-09-19 14:21:25,948 [5dfaa0ea-416a-422c-a75d-43311aceb00a:group-C06398C80B8A:LeaderElection88] INFO  impl.LeaderElection (LeaderElection.java:askForVotes(181)) - 5dfaa0ea-416a-422c-a75d-43311aceb00a:group-C06398C80B8A:LeaderElection88: begin an election at term 1 for -1: [5dfaa0ea-416a-422c-a75d-43311aceb00a:192.168.157.226:45629], old=null
2019-09-19 14:21:25,948 [6403e584-2209-453b-b79e-eeb0a7b58516:group-F5C4A469BBAD:LeaderElection96] INFO  impl.LeaderElection (LeaderElection.java:askForVotes(181)) - 6403e584-2209-453b-b79e-eeb0a7b58516:group-F5C4A469BBAD:LeaderElection96: begin an election at term 1 for -1: [6403e584-2209-453b-b79e-eeb0a7b58516:192.168.157.226:35833], old=null
2019-09-19 14:21:25,948 [5dfaa0ea-416a-422c-a75d-43311aceb00a:group-99527B0F1D6C:LeaderElection94] INFO  impl.LeaderElection (LeaderElection.java:askForVotes(181)) - 5dfaa0ea-416a-422c-a75d-43311aceb00a:group-99527B0F1D6C:LeaderElection94: begin an election at term 1 for -1: [5dfaa0ea-416a-422c-a75d-43311aceb00a:192.168.157.226:45629], old=null
2019-09-19 14:21:25,948 [6403e584-2209-453b-b79e-eeb0a7b58516:group-790AA433409B:LeaderElection89] INFO  impl.LeaderElection (LeaderElection.java:askForVotes(181)) - 6403e584-2209-453b-b79e-eeb0a7b58516:group-790AA433409B:LeaderElection89: begin an election at term 1 for -1: [6403e584-2209-453b-b79e-eeb0a7b58516:192.168.157.226:35833], old=null
2019-09-19 14:21:25,948 [6403e584-2209-453b-b79e-eeb0a7b58516:group-FC754A9A4BD4:LeaderElection87] INFO  impl.LeaderElection (LeaderElection.java:askForVotes(181)) - 6403e584-2209-453b-b79e-eeb0a7b58516:group-FC754A9A4BD4:LeaderElection87: begin an election at term 1 for -1: [6403e584-2209-453b-b79e-eeb0a7b58516:192.168.157.226:35833], old=null
2019-09-19 14:21:25,948 [85c6a9f3-b9a5-43a5-ac4f-9aa7bd5f2263:group-111669BAE36C:LeaderElection90] INFO  impl.LeaderElection (LeaderElection.java:askForVotes(181)) - 85c6a9f3-b9a5-43a5-ac4f-9aa7bd5f2263:group-111669BAE36C:LeaderElection90: begin an election at term 1 for -1: [85c6a9f3-b9a5-43a5-ac4f-9aa7bd5f2263:192.168.157.226:45170], old=null
2019-09-19 14:21:25,948 [306a7a99-f2a5-4f40-b42b-2fc2def08a6a:group-4B237A1118DD:LeaderElection92] INFO  impl.LeaderElection (LeaderElection.java:askForVotes(181)) - 306a7a99-f2a5-4f40-b42b-2fc2def08a6a:group-4B237A1118DD:LeaderElection92: begin an election at term 1 for -1: [306a7a99-f2a5-4f40-b42b-2fc2def08a6a:192.168.157.226:42633], old=null
2019-09-19 14:21:25,948 [6403e584-2209-453b-b79e-eeb0a7b58516:group-7382CF0FF315:LeaderElection83] INFO  impl.LeaderElection (LeaderElection.java:askForVotes(181)) - 6403e584-2209-453b-b79e-eeb0a7b58516:group-7382CF0FF315:LeaderElection83: begin an election at term 1 for -1: [6403e584-2209-453b-b79e-eeb0a7b58516:192.168.157.226:35833], old=null
2019-09-19 14:21:25,960 [6403e584-2209-453b-b79e-eeb0a7b58516:group-7382CF0FF315:LeaderElection83] INFO  impl.RoleInfo (RoleInfo.java:shutdownLeaderElection(134)) - 6403e584-2209-453b-b79e-eeb0a7b58516: shutdown LeaderElection
2019-09-19 14:21:25,708 [pool-60-thread-1] INFO  impl.RoleInfo (RoleInfo.java:updateAndGet(143)) - 6403e584-2209-453b-b79e-eeb0a7b58516: start FollowerState
2019-09-19 14:21:25,708 [6403e584-2209-453b-b79e-eeb0a7b58516:group-6080E7E288A7:LeaderElection67] INFO  impl.RaftServerImpl (ServerState.java:setRaftConf(361)) - 6403e584-2209-453b-b79e-eeb0a7b58516:group-6080E7E288A7 set configuration 0: [6403e584-2209-453b-b79e-eeb0a7b58516:192.168.157.226:35833], old=null at 0
2019-09-19 14:21:25,960 [6403e584-2209-453b-b79e-eeb0a7b58516:group-7382CF0FF315:LeaderElection83] INFO  impl.RaftServerImpl (RaftServerImpl.java:setRole(171)) - 6403e584-2209-453b-b79e-eeb0a7b58516:group-7382CF0FF315 changes role from CANDIDATE to LEADER at term 1 for changeToLeader
2019-09-19 14:21:25,960 [306a7a99-f2a5-4f40-b42b-2fc2def08a6a:group-4B237A1118DD:LeaderElection92] INFO  impl.RoleInfo (RoleInfo.java:shutdownLeaderElection(134)) - 306a7a99-f2a5-4f40-b42b-2fc2def08a6a: shutdown LeaderElection
2019-09-19 14:21:25,960 [85c6a9f3-b9a5-43a5-ac4f-9aa7bd5f2263:group-111669BAE36C:LeaderElection90] INFO  impl.RoleInfo (RoleInfo.java:shutdownLeaderElection(134)) - 85c6a9f3-b9a5-43a5-ac4f-9aa7bd5f2263: shutdown LeaderElection
2019-09-19 14:21:25,959 [6403e584-2209-453b-b79e-eeb0a7b58516:group-FC754A9A4BD4:LeaderElection87] INFO  impl.RoleInfo (RoleInfo.java:shutdownLeaderElection(134)) - 6403e584-2209-453b-b79e-eeb0a7b58516: shutdown LeaderElection
2019-09-19 14:21:25,959 [6403e584-2209-453b-b79e-eeb0a7b58516:group-790AA433409B:LeaderElection89] INFO  impl.RoleInfo (RoleInfo.java:shutdownLeaderElection(134)) - 6403e584-2209-453b-b79e-eeb0a7b58516: shutdown LeaderElection
2019-09-19 14:21:25,959 [5dfaa0ea-416a-422c-a75d-43311aceb00a:group-99527B0F1D6C:LeaderElection94] INFO  impl.RoleInfo (RoleInfo.java:shutdownLeaderElection(134)) - 5dfaa0ea-416a-422c-a75d-43311aceb00a: shutdown LeaderElection
2019-09-19 14:21:25,959 [6403e584-2209-453b-b79e-eeb0a7b58516:group-F5C4A469BBAD:LeaderElection96] INFO  impl.RoleInfo (RoleInfo.java:shutdownLeaderElection(134)) - 6403e584-2209-453b-b79e-eeb0a7b58516: shutdown LeaderElection
2019-09-19 14:21:25,959 [5dfaa0ea-416a-422c-a75d-43311aceb00a:group-C06398C80B8A:LeaderElection88] INFO  impl.RoleInfo (RoleInfo.java:shutdownLeaderElection(134)) - 5dfaa0ea-416a-422c-a75d-43311aceb00a: shutdown LeaderElection
2019-09-19 14:21:25,959 [5dfaa0ea-416a-422c-a75d-43311aceb00a:group-F7C7A6E62060:LeaderElection93] INFO  impl.RoleInfo (RoleInfo.java:shutdownLeaderElection(134)) - 5dfaa0ea-416a-422c-a75d-43311aceb00a: shutdown LeaderElection
2019-09-19 14:21:25,961 [5dfaa0ea-416a-422c-a75d-43311aceb00a:group-F7C7A6E62060:LeaderElection93] INFO  impl.RaftServerImpl (RaftServerImpl.java:setRole(171)) - 5dfaa0ea-416a-422c-a75d-43311aceb00a:group-F7C7A6E62060 changes role from CANDIDATE to LEADER at term 1 for changeToLeader
2019-09-19 14:21:25,959 [431517c4-8c09-4790-b37b-2e132c8143ad:group-88D967718BDF:LeaderElection95] INFO  impl.RoleInfo (RoleInfo.java:shutdownLeaderElection(134)) - 431517c4-8c09-4790-b37b-2e132c8143ad: shutdown LeaderElection
2019-09-19 14:21:25,958 [5dfaa0ea-416a-422c-a75d-43311aceb00a:group-03DEC9D1EE2C:LeaderElection91] INFO  impl.RoleInfo (RoleInfo.java:shutdownLeaderElection(134)) - 5dfaa0ea-416a-422c-a75d-43311aceb00a: shutdown LeaderElection
2019-09-19 14:21:25,958 [5dfaa0ea-416a-422c-a75d-43311aceb00a:group-7C4858421412:LeaderElection80] INFO  server.RaftServerConfigKeys (ConfUtils.java:logGet(43)) - raft.server.write.element-limit = 4096 (default)
2019-09-19 14:21:25,958 [85c6a9f3-b9a5-43a5-ac4f-9aa7bd5f2263:group-CDED230A9C47:LeaderElection78] INFO  server.RaftServerConfigKeys (ConfUtils.java:logGet(43)) - raft.server.write.element-limit = 4096 (default)
2019-09-19 14:21:25,958 [306a7a99-f2a5-4f40-b42b-2fc2def08a6a:group-AAFAF8A40158:LeaderElection76] INFO  server.RaftServerConfigKeys (ConfUtils.java:logGet(43)) - raft.server.watch.timeout = 10s (default)
2019-09-19 14:21:25,962 [306a7a99-f2a5-4f40-b42b-2fc2def08a6a:group-AAFAF8A40158:LeaderElection76] INFO  server.RaftServerConfigKeys (ConfUtils.java:logGet(43)) - raft.server.watch.timeout.denomination = 1s (default)
2019-09-19 14:21:25,958 [85c6a9f3-b9a5-43a5-ac4f-9aa7bd5f2263-SegmentedRaftLogWorker:Storage Directory /workdir/hadoop-ozone/integration-test/target/test-dir/MiniOzoneClusterImpl-210d6028-2152-4683-81ff-347b0d29bb13/datanode-0/data/ratis/7060508a-122e-4d10-ac3f-9a5d07e5f194] INFO  impl.RaftServerImpl (RaftServerImpl.java:lambda$shutdown$3(245)) - 85c6a9f3-b9a5-43a5-ac4f-9aa7bd5f2263: shutdown group-9A5D07E5F194
2019-09-19 14:21:25,958 [85c6a9f3-b9a5-43a5-ac4f-9aa7bd5f2263-SegmentedRaftLogWorker:Storage Directory /workdir/hadoop-ozone/integration-test/target/test-dir/MiniOzoneClusterImpl-210d6028-2152-4683-81ff-347b0d29bb13/datanode-0/data/ratis/3efddad6-25e9-4359-85ae-cecfc47f3681] INFO  impl.RaftServerImpl (RaftServerImpl.java:lambda$shutdown$3(245)) - 85c6a9f3-b9a5-43a5-ac4f-9aa7bd5f2263: shutdown group-CECFC47F3681
2019-09-19 14:21:25,958 [1190b9a7-12b1-4c15-b33e-f7d0a0cd436c-SegmentedRaftLogWorker:Storage Directory /workdir/hadoop-ozone/integration-test/target/test-dir/MiniOzoneClusterImpl-210d6028-2152-4683-81ff-347b0d29bb13/datanode-4/data/ratis/923a9e58-2c5a-4174-b54a-2c9e25478efb] INFO  impl.RaftServerImpl (RaftServerImpl.java:lambda$shutdown$3(245)) - 1190b9a7-12b1-4c15-b33e-f7d0a0cd436c: shutdown group-2C9E25478EFB
2019-09-19 14:21:25,958 [306a7a99-f2a5-4f40-b42b-2fc2def08a6a:group-B068DE63FE4E:LeaderElection82] INFO  server.RaftServerConfigKeys (ConfUtils.java:logGet(43)) - raft.server.watch.timeout = 10s (default)
2019-09-19 14:21:25,958 [5dfaa0ea-416a-422c-a75d-43311aceb00a:group-6756AC4ACD80:LeaderElection79] INFO  server.RaftServerConfigKeys (ConfUtils.java:logGet(43)) - raft.server.watch.timeout.denomination = 1s (default)
2019-09-19 14:21:25,957 [306a7a99-f2a5-4f40-b42b-2fc2def08a6a:group-CB34ACF8C155:LeaderElection81] INFO  server.RaftServerConfigKeys (ConfUtils.java:logGet(43)) - raft.server.write.element-limit = 4096 (default)
2019-09-19 14:21:25,954 [5dfaa0ea-416a-422c-a75d-43311aceb00a:group-2BDFD38A0B98:LeaderElection73] INFO  server.RaftServerConfigKeys (ConfUtils.java:logGet(43)) - raft.server.watch.timeout.denomination = 1s (default)
2019-09-19 14:21:25,954 [6403e584-2209-453b-b79e-eeb0a7b58516:group-29E445EC1A13:LeaderElection77] INFO  server.RaftServerConfigKeys (ConfUtils.java:logGet(43)) - raft.server.watch.timeout = 10s (default)
2019-09-19 14:21:25,954 [5dfaa0ea-416a-422c-a75d-43311aceb00a:group-0E840A7D0B0D:LeaderElection71] INFO  server.RaftServerConfigKeys (ConfUtils.java:logGet(43)) - raft.server.watch.timeout = 10s (default)
2019-09-19 14:21:25,953 [431517c4-8c09-4790-b37b-2e132c8143ad:group-F48EAE1DFE2B:LeaderElection74] INFO  server.RaftServerConfigKeys (ConfUtils.java:logGet(43)) - raft.server.write.element-limit = 4096 (default)
2019-09-19 14:21:25,953 [306a7a99-f2a5-4f40-b42b-2fc2def08a6a:group-EBF6A907DE95:LeaderElection75] INFO  server.RaftServerConfigKeys (ConfUtils.java:logGet(43)) - raft.server.write.element-limit = 4096 (default)
2019-09-19 14:21:25,953 [306a7a99-f2a5-4f40-b42b-2fc2def08a6a:group-5B1D505DB39F:LeaderElection72] INFO  server.RaftServerConfigKeys (ConfUtils.java:logGet(43)) - raft.server.write.element-limit = 4096 (default)
2019-09-19 14:21:25,953 [Thread-608] INFO  impl.RaftServerImpl (RaftServerImpl.java:setRole(171)) - 6403e584-2209-453b-b79e-eeb0a7b58516:group-6DF381D064CD changes role from FOLLOWER to CANDIDATE at term 0 for changeToCandidate
2019-09-19 14:21:25,968 [306a7a99-f2a5-4f40-b42b-2fc2def08a6a:group-5B1D505DB39F:LeaderElection72] INFO  server.RaftServerConfigKeys (ConfUtils.java:logGet(43)) - raft.server.watch.timeout = 10s (default)
2019-09-19 14:21:25,968 [306a7a99-f2a5-4f40-b42b-2fc2def08a6a:group-EBF6A907DE95:LeaderElection75] INFO  server.RaftServerConfigKeys (ConfUtils.java:logGet(43)) - raft.server.watch.timeout = 10s (default)
2019-09-19 14:21:25,967 [431517c4-8c09-4790-b37b-2e132c8143ad:group-F48EAE1DFE2B:LeaderElection74] INFO  server.RaftServerConfigKeys (ConfUtils.java:logGet(43)) - raft.server.watch.timeout = 10s (default)
2019-09-19 14:21:25,967 [5dfaa0ea-416a-422c-a75d-43311aceb00a:group-0E840A7D0B0D:LeaderElection71] INFO  server.RaftServerConfigKeys (ConfUtils.java:logGet(43)) - raft.server.watch.timeout.denomination = 1s (default)
2019-09-19 14:21:25,968 [5dfaa0ea-416a-422c-a75d-43311aceb00a:group-0E840A7D0B0D:LeaderElection71] INFO  server.RaftServerConfigKeys (ConfUtils.java:logGet(43)) - raft.server.watch.element-limit = 65536 (default)
2019-09-19 14:21:25,967 [6403e584-2209-453b-b79e-eeb0a7b58516:group-29E445EC1A13:LeaderElection77] INFO  server.RaftServerConfigKeys (ConfUtils.java:logGet(43)) - raft.server.watch.timeout.denomination = 1s (default)
2019-09-19 14:21:25,967 [5dfaa0ea-416a-422c-a75d-43311aceb00a:group-2BDFD38A0B98:LeaderElection73] INFO  server.RaftServerConfigKeys (ConfUtils.java:logGet(43)) - raft.server.watch.element-limit = 65536 (default)
2019-09-19 14:21:25,967 [306a7a99-f2a5-4f40-b42b-2fc2def08a6a:group-CB34ACF8C155:LeaderElection81] INFO  server.RaftServerConfigKeys (ConfUtils.java:logGet(43)) - raft.server.watch.timeout = 10s (default)
2019-09-19 14:21:25,967 [5dfaa0ea-416a-422c-a75d-43311aceb00a:group-6756AC4ACD80:LeaderElection79] INFO  server.RaftServerConfigKeys (ConfUtils.java:logGet(43)) - raft.server.watch.element-limit = 65536 (default)
2019-09-19 14:21:25,967 [6403e584-2209-453b-b79e-eeb0a7b58516:group-CB5CB1832614:LeaderElection100] INFO  impl.LeaderElection (LeaderElection.java:askForVotes(181)) - 6403e584-2209-453b-b79e-eeb0a7b58516:group-CB5CB1832614:LeaderElection100: begin an election at term 1 for -1: [6403e584-2209-453b-b79e-eeb0a7b58516:192.168.157.226:35833], old=null
2019-09-19 14:21:25,969 [5dfaa0ea-416a-422c-a75d-43311aceb00a:group-6756AC4ACD80:LeaderElection79] INFO  impl.RoleInfo (RoleInfo.java:updateAndGet(143)) - 5dfaa0ea-416a-422c-a75d-43311aceb00a: start LeaderState
2019-09-19 14:21:25,967 [306a7a99-f2a5-4f40-b42b-2fc2def08a6a:group-4E474D260ED7:LeaderElection99] INFO  impl.LeaderElection (LeaderElection.java:askForVotes(181)) - 306a7a99-f2a5-4f40-b42b-2fc2def08a6a:group-4E474D260ED7:LeaderElection99: begin an election at term 1 for -1: [306a7a99-f2a5-4f40-b42b-2fc2def08a6a:192.168.157.226:42633], old=null
2019-09-19 14:21:25,967 [6403e584-2209-453b-b79e-eeb0a7b58516:group-CB88C037056F:LeaderElection98] INFO  impl.LeaderElection (LeaderElection.java:askForVotes(181)) - 6403e584-2209-453b-b79e-eeb0a7b58516:group-CB88C037056F:LeaderElection98: begin an election at term 1 for -1: [6403e584-2209-453b-b79e-eeb0a7b58516:192.168.157.226:35833], old=null
2019-09-19 14:21:25,970 [6403e584-2209-453b-b79e-eeb0a7b58516:group-CB88C037056F:LeaderElection98] INFO  impl.RoleInfo (RoleInfo.java:shutdownLeaderElection(134)) - 6403e584-2209-453b-b79e-eeb0a7b58516: shutdown LeaderElection
2019-09-19 14:21:25,967 [85c6a9f3-b9a5-43a5-ac4f-9aa7bd5f2263:group-DE6CB2708FEF:LeaderElection101] INFO  impl.LeaderElection (LeaderElection.java:askForVotes(181)) - 85c6a9f3-b9a5-43a5-ac4f-9aa7bd5f2263:group-DE6CB2708FEF:LeaderElection101: begin an election at term 1 for -1: [85c6a9f3-b9a5-43a5-ac4f-9aa7bd5f2263:192.168.157.226:45170], old=null
2019-09-19 14:21:25,966 [306a7a99-f2a5-4f40-b42b-2fc2def08a6a:group-F2BDA4E60FC6:LeaderElection86] INFO  impl.LeaderElection (LeaderElection.java:askForVotes(181)) - 306a7a99-f2a5-4f40-b42b-2fc2def08a6a:group-F2BDA4E60FC6:LeaderElection86: begin an election at term 1 for -1: [306a7a99-f2a5-4f40-b42b-2fc2def08a6a:192.168.157.226:42633], old=null
2019-09-19 14:21:25,966 [5dfaa0ea-416a-422c-a75d-43311aceb00a:group-28257D859A2F:LeaderElection85] INFO  impl.LeaderElection (LeaderElection.java:askForVotes(181)) - 5dfaa0ea-416a-422c-a75d-43311aceb00a:group-28257D859A2F:LeaderElection85: begin an election at term 1 for -1: [5dfaa0ea-416a-422c-a75d-43311aceb00a:192.168.157.226:45629], old=null
2019-09-19 14:21:25,970 [5dfaa0ea-416a-422c-a75d-43311aceb00a:group-28257D859A2F:LeaderElection85] INFO  impl.RoleInfo (RoleInfo.java:shutdownLeaderElection(134)) - 5dfaa0ea-416a-422c-a75d-43311aceb00a: shutdown LeaderElection
2019-09-19 14:21:25,966 [306a7a99-f2a5-4f40-b42b-2fc2def08a6a:group-B068DE63FE4E:LeaderElection82] INFO  server.RaftServerConfigKeys (ConfUtils.java:logGet(43)) - raft.server.watch.timeout.denomination = 1s (default)
2019-09-19 14:21:25,966 [6403e584-2209-453b-b79e-eeb0a7b58516:group-A99CE1758501:LeaderElection97] INFO  impl.LeaderElection (LeaderElection.java:askForVotes(181)) - 6403e584-2209-453b-b79e-eeb0a7b58516:group-A99CE1758501:LeaderElection97: begin an election at term 1 for -1: [6403e584-2209-453b-b79e-eeb0a7b58516:192.168.157.226:35833], old=null
2019-09-19 14:21:25,966 [306a7a99-f2a5-4f40-b42b-2fc2def08a6a:group-427A1DAF45E9:LeaderElection84] INFO  impl.LeaderElection (LeaderElection.java:askForVotes(181)) - 306a7a99-f2a5-4f40-b42b-2fc2def08a6a:group-427A1DAF45E9:LeaderElection84: begin an election at term 1 for -1: [306a7a99-f2a5-4f40-b42b-2fc2def08a6a:192.168.157.226:42633], old=null
2019-09-19 14:21:25,966 [1190b9a7-12b1-4c15-b33e-f7d0a0cd436c-SegmentedRaftLogWorker:Storage Directory /workdir/hadoop-ozone/integration-test/target/test-dir/MiniOzoneClusterImpl-210d6028-2152-4683-81ff-347b0d29bb13/datanode-4/data/ratis/923a9e58-2c5a-4174-b54a-2c9e25478efb] INFO  util.JmxRegister (JmxRegister.java:unregister(73)) - Successfully un-registered JMX Bean with object name Ratis:service=RaftServer,group=group-2C9E25478EFB,id=1190b9a7-12b1-4c15-b33e-f7d0a0cd436c
2019-09-19 14:21:25,971 [1190b9a7-12b1-4c15-b33e-f7d0a0cd436c-SegmentedRaftLogWorker:Storage Directory /workdir/hadoop-ozone/integration-test/target/test-dir/MiniOzoneClusterImpl-210d6028-2152-4683-81ff-347b0d29bb13/datanode-4/data/ratis/923a9e58-2c5a-4174-b54a-2c9e25478efb] INFO  impl.RoleInfo (RoleInfo.java:shutdownLeaderState(104)) - 1190b9a7-12b1-4c15-b33e-f7d0a0cd436c: shutdown LeaderState
2019-09-19 14:21:25,966 [85c6a9f3-b9a5-43a5-ac4f-9aa7bd5f2263-SegmentedRaftLogWorker:Storage Directory /workdir/hadoop-ozone/integration-test/target/test-dir/MiniOzoneClusterImpl-210d6028-2152-4683-81ff-347b0d29bb13/datanode-0/data/ratis/3efddad6-25e9-4359-85ae-cecfc47f3681] INFO  util.JmxRegister (JmxRegister.java:unregister(73)) - Successfully un-registered JMX Bean with object name Ratis:service=RaftServer,group=group-CECFC47F3681,id=85c6a9f3-b9a5-43a5-ac4f-9aa7bd5f2263
2019-09-19 14:21:25,966 [85c6a9f3-b9a5-43a5-ac4f-9aa7bd5f2263-SegmentedRaftLogWorker:Storage Directory /workdir/hadoop-ozone/integration-test/target/test-dir/MiniOzoneClusterImpl-210d6028-2152-4683-81ff-347b0d29bb13/datanode-0/data/ratis/7060508a-122e-4d10-ac3f-9a5d07e5f194] INFO  util.JmxRegister (JmxRegister.java:unregister(73)) - Successfully un-registered JMX Bean with object name Ratis:service=RaftServer,group=group-9A5D07E5F194,id=85c6a9f3-b9a5-43a5-ac4f-9aa7bd5f2263
2019-09-19 14:21:25,971 [85c6a9f3-b9a5-43a5-ac4f-9aa7bd5f2263-SegmentedRaftLogWorker:Storage Directory /workdir/hadoop-ozone/integration-test/target/test-dir/MiniOzoneClusterImpl-210d6028-2152-4683-81ff-347b0d29bb13/datanode-0/data/ratis/7060508a-122e-4d10-ac3f-9a5d07e5f194] INFO  impl.RoleInfo (RoleInfo.java:shutdownLeaderState(104)) - 85c6a9f3-b9a5-43a5-ac4f-9aa7bd5f2263: shutdown LeaderState
2019-09-19 14:21:25,962 [306a7a99-f2a5-4f40-b42b-2fc2def08a6a:group-AAFAF8A40158:LeaderElection76] INFO  server.RaftServerConfigKeys (ConfUtils.java:logGet(43)) - raft.server.watch.element-limit = 65536 (default)
2019-09-19 14:21:25,962 [85c6a9f3-b9a5-43a5-ac4f-9aa7bd5f2263:group-CDED230A9C47:LeaderElection78] INFO  server.RaftServerConfigKeys (ConfUtils.java:logGet(43)) - raft.server.watch.timeout = 10s (default)
2019-09-19 14:21:25,962 [5dfaa0ea-416a-422c-a75d-43311aceb00a:group-7C4858421412:LeaderElection80] INFO  server.RaftServerConfigKeys (ConfUtils.java:logGet(43)) - raft.server.watch.timeout = 10s (default)
2019-09-19 14:21:25,962 [5dfaa0ea-416a-422c-a75d-43311aceb00a:group-03DEC9D1EE2C:LeaderElection91] INFO  impl.RaftServerImpl (RaftServerImpl.java:setRole(171)) - 5dfaa0ea-416a-422c-a75d-43311aceb00a:group-03DEC9D1EE2C changes role from CANDIDATE to LEADER at term 1 for changeToLeader
2019-09-19 14:21:25,962 [431517c4-8c09-4790-b37b-2e132c8143ad:group-88D967718BDF:LeaderElection95] INFO  impl.RaftServerImpl (RaftServerImpl.java:setRole(171)) - 431517c4-8c09-4790-b37b-2e132c8143ad:group-88D967718BDF changes role from CANDIDATE to LEADER at term 1 for changeToLeader
2019-09-19 14:21:25,962 [5dfaa0ea-416a-422c-a75d-43311aceb00a:group-F7C7A6E62060:LeaderElection93] INFO  impl.RaftServerImpl (ServerState.java:setLeader(263)) - 5dfaa0ea-416a-422c-a75d-43311aceb00a:group-F7C7A6E62060 change Leader from null to 5dfaa0ea-416a-422c-a75d-43311aceb00a at term 1 for becomeLeader, leader elected after 6582ms
2019-09-19 14:21:25,961 [5dfaa0ea-416a-422c-a75d-43311aceb00a:group-C06398C80B8A:LeaderElection88] INFO  impl.RaftServerImpl (RaftServerImpl.java:setRole(171)) - 5dfaa0ea-416a-422c-a75d-43311aceb00a:group-C06398C80B8A changes role from CANDIDATE to LEADER at term 1 for changeToLeader
2019-09-19 14:21:25,961 [6403e584-2209-453b-b79e-eeb0a7b58516:group-F5C4A469BBAD:LeaderElection96] INFO  impl.RaftServerImpl (RaftServerImpl.java:setRole(171)) - 6403e584-2209-453b-b79e-eeb0a7b58516:group-F5C4A469BBAD changes role from CANDIDATE to LEADER at term 1 for changeToLeader
2019-09-19 14:21:25,961 [5dfaa0ea-416a-422c-a75d-43311aceb00a:group-99527B0F1D6C:LeaderElection94] INFO  impl.RaftServerImpl (RaftServerImpl.java:setRole(171)) - 5dfaa0ea-416a-422c-a75d-43311aceb00a:group-99527B0F1D6C changes role from CANDIDATE to LEADER at term 1 for changeToLeader
2019-09-19 14:21:25,961 [6403e584-2209-453b-b79e-eeb0a7b58516:group-790AA433409B:LeaderElection89] INFO  impl.RaftServerImpl (RaftServerImpl.java:setRole(171)) - 6403e584-2209-453b-b79e-eeb0a7b58516:group-790AA433409B changes role from CANDIDATE to LEADER at term 1 for changeToLeader
2019-09-19 14:21:25,975 [6403e584-2209-453b-b79e-eeb0a7b58516:group-790AA433409B:LeaderElection89] INFO  impl.RaftServerImpl (ServerState.java:setLeader(263)) - 6403e584-2209-453b-b79e-eeb0a7b58516:group-790AA433409B change Leader from null to 6403e584-2209-453b-b79e-eeb0a7b58516 at term 1 for becomeLeader, leader elected after 6424ms
2019-09-19 14:21:25,961 [6403e584-2209-453b-b79e-eeb0a7b58516:group-FC754A9A4BD4:LeaderElection87] INFO  impl.RaftServerImpl (RaftServerImpl.java:setRole(171)) - 6403e584-2209-453b-b79e-eeb0a7b58516:group-FC754A9A4BD4 changes role from CANDIDATE to LEADER at term 1 for changeToLeader
2019-09-19 14:21:25,961 [85c6a9f3-b9a5-43a5-ac4f-9aa7bd5f2263:group-111669BAE36C:LeaderElection90] INFO  impl.RaftServerImpl (RaftServerImpl.java:setRole(171)) - 85c6a9f3-b9a5-43a5-ac4f-9aa7bd5f2263:group-111669BAE36C changes role from CANDIDATE to LEADER at term 1 for changeToLeader
2019-09-19 14:21:25,961 [306a7a99-f2a5-4f40-b42b-2fc2def08a6a:group-4B237A1118DD:LeaderElection92] INFO  impl.RaftServerImpl (RaftServerImpl.java:setRole(171)) - 306a7a99-f2a5-4f40-b42b-2fc2def08a6a:group-4B237A1118DD changes role from CANDIDATE to LEADER at term 1 for changeToLeader
2019-09-19 14:21:25,976 [306a7a99-f2a5-4f40-b42b-2fc2def08a6a:group-4B237A1118DD:LeaderElection92] INFO  impl.RaftServerImpl (ServerState.java:setLeader(263)) - 306a7a99-f2a5-4f40-b42b-2fc2def08a6a:group-4B237A1118DD change Leader from null to 306a7a99-f2a5-4f40-b42b-2fc2def08a6a at term 1 for becomeLeader, leader elected after 6639ms
2019-09-19 14:21:25,960 [pool-60-thread-1] INFO  util.JmxRegister (JmxRegister.java:tryRegister(44)) - Successfully registered JMX Bean with object name Ratis:service=RaftServer,group=group-215A1067754F,id=6403e584-2209-453b-b79e-eeb0a7b58516
2019-09-19 14:21:25,960 [6403e584-2209-453b-b79e-eeb0a7b58516:group-7382CF0FF315:LeaderElection83] INFO  impl.RaftServerImpl (ServerState.java:setLeader(263)) - 6403e584-2209-453b-b79e-eeb0a7b58516:group-7382CF0FF315 change Leader from null to 6403e584-2209-453b-b79e-eeb0a7b58516 at term 1 for becomeLeader, leader elected after 6457ms
2019-09-19 14:21:25,976 [306a7a99-f2a5-4f40-b42b-2fc2def08a6a:group-4B237A1118DD:LeaderElection92] INFO  server.RaftServerConfigKeys (ConfUtils.java:logGet(43)) - raft.server.staging.catchup.gap = 1000 (default)
2019-09-19 14:21:25,976 [85c6a9f3-b9a5-43a5-ac4f-9aa7bd5f2263:group-111669BAE36C:LeaderElection90] INFO  impl.RaftServerImpl (ServerState.java:setLeader(263)) - 85c6a9f3-b9a5-43a5-ac4f-9aa7bd5f2263:group-111669BAE36C change Leader from null to 85c6a9f3-b9a5-43a5-ac4f-9aa7bd5f2263 at term 1 for becomeLeader, leader elected after 5957ms
2019-09-19 14:21:25,976 [6403e584-2209-453b-b79e-eeb0a7b58516:group-FC754A9A4BD4:LeaderElection87] INFO  impl.RaftServerImpl (ServerState.java:setLeader(263)) - 6403e584-2209-453b-b79e-eeb0a7b58516:group-FC754A9A4BD4 change Leader from null to 6403e584-2209-453b-b79e-eeb0a7b58516 at term 1 for becomeLeader, leader elected after 6230ms
2019-09-19 14:21:25,975 [6403e584-2209-453b-b79e-eeb0a7b58516:group-790AA433409B:LeaderElection89] INFO  server.RaftServerConfigKeys (ConfUtils.java:logGet(43)) - raft.server.staging.catchup.gap = 1000 (default)
2019-09-19 14:21:25,975 [5dfaa0ea-416a-422c-a75d-43311aceb00a:group-99527B0F1D6C:LeaderElection94] INFO  impl.RaftServerImpl (ServerState.java:setLeader(263)) - 5dfaa0ea-416a-422c-a75d-43311aceb00a:group-99527B0F1D6C change Leader from null to 5dfaa0ea-416a-422c-a75d-43311aceb00a at term 1 for becomeLeader, leader elected after 6515ms
2019-09-19 14:21:25,975 [6403e584-2209-453b-b79e-eeb0a7b58516:group-F5C4A469BBAD:LeaderElection96] INFO  impl.RaftServerImpl (ServerState.java:setLeader(263)) - 6403e584-2209-453b-b79e-eeb0a7b58516:group-F5C4A469BBAD change Leader from null to 6403e584-2209-453b-b79e-eeb0a7b58516 at term 1 for becomeLeader, leader elected after 6386ms
2019-09-19 14:21:25,972 [5dfaa0ea-416a-422c-a75d-43311aceb00a:group-C06398C80B8A:LeaderElection88] INFO  impl.RaftServerImpl (ServerState.java:setLeader(263)) - 5dfaa0ea-416a-422c-a75d-43311aceb00a:group-C06398C80B8A change Leader from null to 5dfaa0ea-416a-422c-a75d-43311aceb00a at term 1 for becomeLeader, leader elected after 6342ms
2019-09-19 14:21:25,972 [85c6a9f3-b9a5-43a5-ac4f-9aa7bd5f2263-SegmentedRaftLogWorker:Storage Directory /workdir/hadoop-ozone/integration-test/target/test-dir/MiniOzoneClusterImpl-210d6028-2152-4683-81ff-347b0d29bb13/datanode-0/data/ratis/7060508a-122e-4d10-ac3f-9a5d07e5f194] INFO  impl.PendingRequests (PendingRequests.java:sendNotLeaderResponses(202)) - 85c6a9f3-b9a5-43a5-ac4f-9aa7bd5f2263-PendingRequests: sendNotLeaderResponses
2019-09-19 14:21:25,972 [1190b9a7-12b1-4c15-b33e-f7d0a0cd436c-SegmentedRaftLogWorker:Storage Directory /workdir/hadoop-ozone/integration-test/target/test-dir/MiniOzoneClusterImpl-210d6028-2152-4683-81ff-347b0d29bb13/datanode-4/data/ratis/923a9e58-2c5a-4174-b54a-2c9e25478efb] INFO  impl.PendingRequests (PendingRequests.java:sendNotLeaderResponses(202)) - 1190b9a7-12b1-4c15-b33e-f7d0a0cd436c-PendingRequests: sendNotLeaderResponses
2019-09-19 14:21:25,972 [5dfaa0ea-416a-422c-a75d-43311aceb00a:group-F7C7A6E62060:LeaderElection93] INFO  server.RaftServerConfigKeys (ConfUtils.java:logGet(43)) - raft.server.staging.catchup.gap = 1000 (default)
2019-09-19 14:21:25,972 [431517c4-8c09-4790-b37b-2e132c8143ad:group-88D967718BDF:LeaderElection95] INFO  impl.RaftServerImpl (ServerState.java:setLeader(263)) - 431517c4-8c09-4790-b37b-2e132c8143ad:group-88D967718BDF change Leader from null to 431517c4-8c09-4790-b37b-2e132c8143ad at term 1 for becomeLeader, leader elected after 6552ms
2019-09-19 14:21:25,972 [5dfaa0ea-416a-422c-a75d-43311aceb00a:group-03DEC9D1EE2C:LeaderElection91] INFO  impl.RaftServerImpl (ServerState.java:setLeader(263)) - 5dfaa0ea-416a-422c-a75d-43311aceb00a:group-03DEC9D1EE2C change Leader from null to 5dfaa0ea-416a-422c-a75d-43311aceb00a at term 1 for becomeLeader, leader elected after 6010ms
2019-09-19 14:21:25,972 [5dfaa0ea-416a-422c-a75d-43311aceb00a:group-7C4858421412:LeaderElection80] INFO  server.RaftServerConfigKeys (ConfUtils.java:logGet(43)) - raft.server.watch.timeout.denomination = 1s (default)
2019-09-19 14:21:25,972 [85c6a9f3-b9a5-43a5-ac4f-9aa7bd5f2263:group-CDED230A9C47:LeaderElection78] INFO  server.RaftServerConfigKeys (ConfUtils.java:logGet(43)) - raft.server.watch.timeout.denomination = 1s (default)
2019-09-19 14:21:25,971 [306a7a99-f2a5-4f40-b42b-2fc2def08a6a:group-AAFAF8A40158:LeaderElection76] INFO  impl.RoleInfo (RoleInfo.java:updateAndGet(143)) - 306a7a99-f2a5-4f40-b42b-2fc2def08a6a: start LeaderState
2019-09-19 14:21:25,971 [85c6a9f3-b9a5-43a5-ac4f-9aa7bd5f2263-SegmentedRaftLogWorker:Storage Directory /workdir/hadoop-ozone/integration-test/target/test-dir/MiniOzoneClusterImpl-210d6028-2152-4683-81ff-347b0d29bb13/datanode-0/data/ratis/3efddad6-25e9-4359-85ae-cecfc47f3681] INFO  impl.RoleInfo (RoleInfo.java:shutdownLeaderState(104)) - 85c6a9f3-b9a5-43a5-ac4f-9aa7bd5f2263: shutdown LeaderState
2019-09-19 14:21:25,971 [306a7a99-f2a5-4f40-b42b-2fc2def08a6a:group-427A1DAF45E9:LeaderElection84] INFO  impl.RoleInfo (RoleInfo.java:shutdownLeaderElection(134)) - 306a7a99-f2a5-4f40-b42b-2fc2def08a6a: shutdown LeaderElection
2019-09-19 14:21:25,970 [6403e584-2209-453b-b79e-eeb0a7b58516:group-A99CE1758501:LeaderElection97] INFO  impl.RoleInfo (RoleInfo.java:shutdownLeaderElection(134)) - 6403e584-2209-453b-b79e-eeb0a7b58516: shutdown LeaderElection
2019-09-19 14:21:25,970 [306a7a99-f2a5-4f40-b42b-2fc2def08a6a:group-B068DE63FE4E:LeaderElection82] INFO  server.RaftServerConfigKeys (ConfUtils.java:logGet(43)) - raft.server.watch.element-limit = 65536 (default)
2019-09-19 14:21:25,970 [5dfaa0ea-416a-422c-a75d-43311aceb00a:group-28257D859A2F:LeaderElection85] INFO  impl.RaftServerImpl (RaftServerImpl.java:setRole(171)) - 5dfaa0ea-416a-422c-a75d-43311aceb00a:group-28257D859A2F changes role from CANDIDATE to LEADER at term 1 for changeToLeader
2019-09-19 14:21:25,970 [306a7a99-f2a5-4f40-b42b-2fc2def08a6a:group-F2BDA4E60FC6:LeaderElection86] INFO  impl.RoleInfo (RoleInfo.java:shutdownLeaderElection(134)) - 306a7a99-f2a5-4f40-b42b-2fc2def08a6a: shutdown LeaderElection
2019-09-19 14:21:25,970 [85c6a9f3-b9a5-43a5-ac4f-9aa7bd5f2263:group-DE6CB2708FEF:LeaderElection101] INFO  impl.RoleInfo (RoleInfo.java:shutdownLeaderElection(134)) - 85c6a9f3-b9a5-43a5-ac4f-9aa7bd5f2263: shutdown LeaderElection
2019-09-19 14:21:25,970 [6403e584-2209-453b-b79e-eeb0a7b58516:group-CB88C037056F:LeaderElection98] INFO  impl.RaftServerImpl (RaftServerImpl.java:setRole(171)) - 6403e584-2209-453b-b79e-eeb0a7b58516:group-CB88C037056F changes role from CANDIDATE to LEADER at term 1 for changeToLeader
2019-09-19 14:21:25,982 [6403e584-2209-453b-b79e-eeb0a7b58516:group-CB88C037056F:LeaderElection98] INFO  impl.RaftServerImpl (ServerState.java:setLeader(263)) - 6403e584-2209-453b-b79e-eeb0a7b58516:group-CB88C037056F change Leader from null to 6403e584-2209-453b-b79e-eeb0a7b58516 at term 1 for becomeLeader, leader elected after 5891ms
2019-09-19 14:21:25,969 [306a7a99-f2a5-4f40-b42b-2fc2def08a6a:group-4E474D260ED7:LeaderElection99] INFO  impl.RoleInfo (RoleInfo.java:shutdownLeaderElection(134)) - 306a7a99-f2a5-4f40-b42b-2fc2def08a6a: shutdown LeaderElection
2019-09-19 14:21:25,969 [5dfaa0ea-416a-422c-a75d-43311aceb00a:group-6756AC4ACD80:LeaderElection79] INFO  segmented.SegmentedRaftLogWorker (SegmentedRaftLogWorker.java:startLogSegment(380)) - 5dfaa0ea-416a-422c-a75d-43311aceb00a-SegmentedRaftLogWorker:Storage Directory /workdir/hadoop-ozone/integration-test/target/test-dir/MiniOzoneClusterImpl-210d6028-2152-4683-81ff-347b0d29bb13/datanode-1/data/ratis/adb0bda0-113c-4c95-8304-6756ac4acd80: Starting segment from index:0
2019-09-19 14:21:25,969 [6403e584-2209-453b-b79e-eeb0a7b58516:group-CB5CB1832614:LeaderElection100] INFO  impl.RoleInfo (RoleInfo.java:shutdownLeaderElection(134)) - 6403e584-2209-453b-b79e-eeb0a7b58516: shutdown LeaderElection
2019-09-19 14:21:25,969 [306a7a99-f2a5-4f40-b42b-2fc2def08a6a:group-CB34ACF8C155:LeaderElection81] INFO  server.RaftServerConfigKeys (ConfUtils.java:logGet(43)) - raft.server.watch.timeout.denomination = 1s (default)
2019-09-19 14:21:25,969 [5dfaa0ea-416a-422c-a75d-43311aceb00a:group-2BDFD38A0B98:LeaderElection73] INFO  impl.RoleInfo (RoleInfo.java:updateAndGet(143)) - 5dfaa0ea-416a-422c-a75d-43311aceb00a: start LeaderState
2019-09-19 14:21:25,969 [6403e584-2209-453b-b79e-eeb0a7b58516:group-29E445EC1A13:LeaderElection77] INFO  server.RaftServerConfigKeys (ConfUtils.java:logGet(43)) - raft.server.watch.element-limit = 65536 (default)
2019-09-19 14:21:25,969 [5dfaa0ea-416a-422c-a75d-43311aceb00a:group-0E840A7D0B0D:LeaderElection71] INFO  impl.RoleInfo (RoleInfo.java:updateAndGet(143)) - 5dfaa0ea-416a-422c-a75d-43311aceb00a: start LeaderState
2019-09-19 14:21:25,968 [431517c4-8c09-4790-b37b-2e132c8143ad:group-F48EAE1DFE2B:LeaderElection74] INFO  server.RaftServerConfigKeys (ConfUtils.java:logGet(43)) - raft.server.watch.timeout.denomination = 1s (default)
2019-09-19 14:21:25,968 [306a7a99-f2a5-4f40-b42b-2fc2def08a6a:group-EBF6A907DE95:LeaderElection75] INFO  server.RaftServerConfigKeys (ConfUtils.java:logGet(43)) - raft.server.watch.timeout.denomination = 1s (default)
2019-09-19 14:21:25,968 [306a7a99-f2a5-4f40-b42b-2fc2def08a6a:group-5B1D505DB39F:LeaderElection72] INFO  server.RaftServerConfigKeys (ConfUtils.java:logGet(43)) - raft.server.watch.timeout.denomination = 1s (default)
2019-09-19 14:21:25,968 [Thread-608] INFO  impl.RoleInfo (RoleInfo.java:updateAndGet(143)) - 6403e584-2209-453b-b79e-eeb0a7b58516: start LeaderElection
2019-09-19 14:21:26,284 [306a7a99-f2a5-4f40-b42b-2fc2def08a6a:group-5B1D505DB39F:LeaderElection72] INFO  server.RaftServerConfigKeys (ConfUtils.java:logGet(43)) - raft.server.watch.element-limit = 65536 (default)
2019-09-19 14:21:26,284 [306a7a99-f2a5-4f40-b42b-2fc2def08a6a:group-EBF6A907DE95:LeaderElection75] INFO  server.RaftServerConfigKeys (ConfUtils.java:logGet(43)) - raft.server.watch.element-limit = 65536 (default)
2019-09-19 14:21:26,285 [306a7a99-f2a5-4f40-b42b-2fc2def08a6a:group-5B1D505DB39F:LeaderElection72] INFO  impl.RoleInfo (RoleInfo.java:updateAndGet(143)) - 306a7a99-f2a5-4f40-b42b-2fc2def08a6a: start LeaderState
2019-09-19 14:21:26,285 | INFO  | SCMAudit | user=jenkins1000 | ip=192.168.157.226 | op=SEND_HEARTBEAT {datanodeUUID=306a7a99-f2a5-4f40-b42b-2fc2def08a6a, command=[]} | ret=SUCCESS |  
2019-09-19 14:21:26,285 | INFO  | SCMAudit | user=jenkins1000 | ip=192.168.157.226 | op=SEND_HEARTBEAT {datanodeUUID=6403e584-2209-453b-b79e-eeb0a7b58516, command=[]} | ret=SUCCESS |  
2019-09-19 14:21:26,284 [431517c4-8c09-4790-b37b-2e132c8143ad:group-F48EAE1DFE2B:LeaderElection74] INFO  server.RaftServerConfigKeys (ConfUtils.java:logGet(43)) - raft.server.watch.element-limit = 65536 (default)
2019-09-19 14:21:26,285 [306a7a99-f2a5-4f40-b42b-2fc2def08a6a:group-5B1D505DB39F:LeaderElection72] INFO  segmented.SegmentedRaftLogWorker (SegmentedRaftLogWorker.java:startLogSegment(380)) - 306a7a99-f2a5-4f40-b42b-2fc2def08a6a-SegmentedRaftLogWorker:Storage Directory /workdir/hadoop-ozone/integration-test/target/test-dir/MiniOzoneClusterImpl-210d6028-2152-4683-81ff-347b0d29bb13/datanode-2/data/ratis/fb294bea-8d5d-4342-8de0-5b1d505db39f: Starting segment from index:0
2019-09-19 14:21:26,284 [5dfaa0ea-416a-422c-a75d-43311aceb00a:group-0E840A7D0B0D:LeaderElection71] INFO  segmented.SegmentedRaftLogWorker (SegmentedRaftLogWorker.java:startLogSegment(380)) - 5dfaa0ea-416a-422c-a75d-43311aceb00a-SegmentedRaftLogWorker:Storage Directory /workdir/hadoop-ozone/integration-test/target/test-dir/MiniOzoneClusterImpl-210d6028-2152-4683-81ff-347b0d29bb13/datanode-1/data/ratis/68bcb93a-8f3f-42d7-95c4-0e840a7d0b0d: Starting segment from index:0
2019-09-19 14:21:26,284 [6403e584-2209-453b-b79e-eeb0a7b58516:group-29E445EC1A13:LeaderElection77] INFO  impl.RoleInfo (RoleInfo.java:updateAndGet(143)) - 6403e584-2209-453b-b79e-eeb0a7b58516: start LeaderState
2019-09-19 14:21:26,284 [5dfaa0ea-416a-422c-a75d-43311aceb00a:group-2BDFD38A0B98:LeaderElection73] INFO  segmented.SegmentedRaftLogWorker (SegmentedRaftLogWorker.java:startLogSegment(380)) - 5dfaa0ea-416a-422c-a75d-43311aceb00a-SegmentedRaftLogWorker:Storage Directory /workdir/hadoop-ozone/integration-test/target/test-dir/MiniOzoneClusterImpl-210d6028-2152-4683-81ff-347b0d29bb13/datanode-1/data/ratis/a4fefd89-f4e9-4fe3-ba65-2bdfd38a0b98: Starting segment from index:0
2019-09-19 14:21:25,983 [306a7a99-f2a5-4f40-b42b-2fc2def08a6a:group-CB34ACF8C155:LeaderElection81] INFO  server.RaftServerConfigKeys (ConfUtils.java:logGet(43)) - raft.server.watch.element-limit = 65536 (default)
2019-09-19 14:21:25,983 [5dfaa0ea-416a-422c-a75d-43311aceb00a:group-6756AC4ACD80:LeaderElection79] INFO  impl.RaftServerImpl (ServerState.java:setRaftConf(361)) - 5dfaa0ea-416a-422c-a75d-43311aceb00a:group-6756AC4ACD80 set configuration 0: [5dfaa0ea-416a-422c-a75d-43311aceb00a:192.168.157.226:45629], old=null at 0
2019-09-19 14:21:25,983 [6403e584-2209-453b-b79e-eeb0a7b58516:group-CB5CB1832614:LeaderElection100] INFO  impl.RaftServerImpl (RaftServerImpl.java:setRole(171)) - 6403e584-2209-453b-b79e-eeb0a7b58516:group-CB5CB1832614 changes role from CANDIDATE to LEADER at term 1 for changeToLeader
2019-09-19 14:21:26,744 [6403e584-2209-453b-b79e-eeb0a7b58516:group-CB5CB1832614:LeaderElection100] INFO  impl.RaftServerImpl (ServerState.java:setLeader(263)) - 6403e584-2209-453b-b79e-eeb0a7b58516:group-CB5CB1832614 change Leader from null to 6403e584-2209-453b-b79e-eeb0a7b58516 at term 1 for becomeLeader, leader elected after 7034ms
2019-09-19 14:21:25,983 [306a7a99-f2a5-4f40-b42b-2fc2def08a6a:group-4E474D260ED7:LeaderElection99] INFO  impl.RaftServerImpl (RaftServerImpl.java:setRole(171)) - 306a7a99-f2a5-4f40-b42b-2fc2def08a6a:group-4E474D260ED7 changes role from CANDIDATE to LEADER at term 1 for changeToLeader
2019-09-19 14:21:25,983 [6403e584-2209-453b-b79e-eeb0a7b58516:group-CB88C037056F:LeaderElection98] INFO  server.RaftServerConfigKeys (ConfUtils.java:logGet(43)) - raft.server.staging.catchup.gap = 1000 (default)
2019-09-19 14:21:25,979 [1190b9a7-12b1-4c15-b33e-f7d0a0cd436c-SegmentedRaftLogWorker:Storage Directory /workdir/hadoop-ozone/integration-test/target/test-dir/MiniOzoneClusterImpl-210d6028-2152-4683-81ff-347b0d29bb13/datanode-4/data/ratis/923a9e58-2c5a-4174-b54a-2c9e25478efb] INFO  impl.StateMachineUpdater (StateMachineUpdater.java:stopAndJoin(115)) - StateMachineUpdater:1190b9a7-12b1-4c15-b33e-f7d0a0cd436c:group-2C9E25478EFB: set stopIndex = -1
2019-09-19 14:21:26,970 | INFO  | SCMAudit | user=jenkins1000 | ip=192.168.157.226 | op=SEND_HEARTBEAT {datanodeUUID=56d21ab3-8f6d-44ea-b961-c721a1c09246, command=[]} | ret=SUCCESS |  
2019-09-19 14:21:25,979 [85c6a9f3-b9a5-43a5-ac4f-9aa7bd5f2263:group-DE6CB2708FEF:LeaderElection101] INFO  impl.RaftServerImpl (RaftServerImpl.java:setRole(171)) - 85c6a9f3-b9a5-43a5-ac4f-9aa7bd5f2263:group-DE6CB2708FEF changes role from CANDIDATE to LEADER at term 1 for changeToLeader
2019-09-19 14:21:26,970 | INFO  | SCMAudit | user=jenkins1000 | ip=192.168.157.226 | op=SEND_HEARTBEAT {datanodeUUID=431517c4-8c09-4790-b37b-2e132c8143ad, command=[]} | ret=SUCCESS |  
2019-09-19 14:21:26,970 | INFO  | SCMAudit | user=jenkins1000 | ip=192.168.157.226 | op=SEND_HEARTBEAT {datanodeUUID=1190b9a7-12b1-4c15-b33e-f7d0a0cd436c, command=[]} | ret=SUCCESS |  
2019-09-19 14:21:26,970 | INFO  | SCMAudit | user=jenkins1000 | ip=192.168.157.226 | op=SEND_HEARTBEAT {datanodeUUID=5dfaa0ea-416a-422c-a75d-43311aceb00a, command=[]} | ret=SUCCESS |  
2019-09-19 14:21:25,979 [85c6a9f3-b9a5-43a5-ac4f-9aa7bd5f2263-SegmentedRaftLogWorker:Storage Directory /workdir/hadoop-ozone/integration-test/target/test-dir/MiniOzoneClusterImpl-210d6028-2152-4683-81ff-347b0d29bb13/datanode-0/data/ratis/7060508a-122e-4d10-ac3f-9a5d07e5f194] INFO  impl.StateMachineUpdater (StateMachineUpdater.java:stopAndJoin(115)) - StateMachineUpdater:85c6a9f3-b9a5-43a5-ac4f-9aa7bd5f2263:group-9A5D07E5F194: set stopIndex = -1
2019-09-19 14:21:26,970 | INFO  | SCMAudit | user=jenkins1000 | ip=192.168.157.226 | op=SEND_HEARTBEAT {datanodeUUID=85c6a9f3-b9a5-43a5-ac4f-9aa7bd5f2263, command=[]} | ret=SUCCESS |  
2019-09-19 14:21:26,970 [85c6a9f3-b9a5-43a5-ac4f-9aa7bd5f2263-SegmentedRaftLogWorker:Storage Directory /workdir/hadoop-ozone/integration-test/target/test-dir/MiniOzoneClusterImpl-210d6028-2152-4683-81ff-347b0d29bb13/datanode-0/data/ratis/7060508a-122e-4d10-ac3f-9a5d07e5f194] INFO  impl.RaftServerImpl (ServerState.java:close(394)) - 85c6a9f3-b9a5-43a5-ac4f-9aa7bd5f2263:group-9A5D07E5F194 closes. The last applied log index is -1
2019-09-19 14:21:25,979 [306a7a99-f2a5-4f40-b42b-2fc2def08a6a:group-F2BDA4E60FC6:LeaderElection86] INFO  impl.RaftServerImpl (RaftServerImpl.java:setRole(171)) - 306a7a99-f2a5-4f40-b42b-2fc2def08a6a:group-F2BDA4E60FC6 changes role from CANDIDATE to LEADER at term 1 for changeToLeader
2019-09-19 14:21:25,979 [306a7a99-f2a5-4f40-b42b-2fc2def08a6a:group-B068DE63FE4E:LeaderElection82] INFO  impl.RoleInfo (RoleInfo.java:updateAndGet(143)) - 306a7a99-f2a5-4f40-b42b-2fc2def08a6a: start LeaderState
2019-09-19 14:21:25,979 [5dfaa0ea-416a-422c-a75d-43311aceb00a:group-28257D859A2F:LeaderElection85] INFO  impl.RaftServerImpl (ServerState.java:setLeader(263)) - 5dfaa0ea-416a-422c-a75d-43311aceb00a:group-28257D859A2F change Leader from null to 5dfaa0ea-416a-422c-a75d-43311aceb00a at term 1 for becomeLeader, leader elected after 6165ms
2019-09-19 14:21:25,979 [6403e584-2209-453b-b79e-eeb0a7b58516:group-A99CE1758501:LeaderElection97] INFO  impl.RaftServerImpl (RaftServerImpl.java:setRole(171)) - 6403e584-2209-453b-b79e-eeb0a7b58516:group-A99CE1758501 changes role from CANDIDATE to LEADER at term 1 for changeToLeader
2019-09-19 14:21:25,979 [306a7a99-f2a5-4f40-b42b-2fc2def08a6a:group-427A1DAF45E9:LeaderElection84] INFO  impl.RaftServerImpl (RaftServerImpl.java:setRole(171)) - 306a7a99-f2a5-4f40-b42b-2fc2def08a6a:group-427A1DAF45E9 changes role from CANDIDATE to LEADER at term 1 for changeToLeader
2019-09-19 14:21:26,971 [306a7a99-f2a5-4f40-b42b-2fc2def08a6a:group-427A1DAF45E9:LeaderElection84] INFO  impl.RaftServerImpl (ServerState.java:setLeader(263)) - 306a7a99-f2a5-4f40-b42b-2fc2def08a6a:group-427A1DAF45E9 change Leader from null to 306a7a99-f2a5-4f40-b42b-2fc2def08a6a at term 1 for becomeLeader, leader elected after 7301ms
2019-09-19 14:21:25,979 [85c6a9f3-b9a5-43a5-ac4f-9aa7bd5f2263-SegmentedRaftLogWorker:Storage Directory /workdir/hadoop-ozone/integration-test/target/test-dir/MiniOzoneClusterImpl-210d6028-2152-4683-81ff-347b0d29bb13/datanode-0/data/ratis/3efddad6-25e9-4359-85ae-cecfc47f3681] INFO  impl.PendingRequests (PendingRequests.java:sendNotLeaderResponses(202)) - 85c6a9f3-b9a5-43a5-ac4f-9aa7bd5f2263-PendingRequests: sendNotLeaderResponses
2019-09-19 14:21:25,979 [RatisPipelineUtilsThread] INFO  pipeline.PipelineStateManager (PipelineStateManager.java:addPipeline(56)) - Created pipeline Pipeline[ Id: 6598e15c-7086-4406-9131-215a1067754f, Nodes: 6403e584-2209-453b-b79e-eeb0a7b58516{ip: 192.168.157.226, host: pr-hdds-1569-swxfz-3172132826, networkLocation: /default-rack, certSerialId: null}, Type:RATIS, Factor:ONE, State:OPEN]
2019-09-19 14:21:25,979 [306a7a99-f2a5-4f40-b42b-2fc2def08a6a:group-AAFAF8A40158:LeaderElection76] INFO  segmented.SegmentedRaftLogWorker (SegmentedRaftLogWorker.java:startLogSegment(380)) - 306a7a99-f2a5-4f40-b42b-2fc2def08a6a-SegmentedRaftLogWorker:Storage Directory /workdir/hadoop-ozone/integration-test/target/test-dir/MiniOzoneClusterImpl-210d6028-2152-4683-81ff-347b0d29bb13/datanode-2/data/ratis/d0c986d1-e39f-4294-adf9-aafaf8a40158: Starting segment from index:0
2019-09-19 14:21:25,978 [85c6a9f3-b9a5-43a5-ac4f-9aa7bd5f2263:group-CDED230A9C47:LeaderElection78] INFO  server.RaftServerConfigKeys (ConfUtils.java:logGet(43)) - raft.server.watch.element-limit = 65536 (default)
2019-09-19 14:21:25,978 [5dfaa0ea-416a-422c-a75d-43311aceb00a:group-7C4858421412:LeaderElection80] INFO  server.RaftServerConfigKeys (ConfUtils.java:logGet(43)) - raft.server.watch.element-limit = 65536 (default)
2019-09-19 14:21:26,972 [85c6a9f3-b9a5-43a5-ac4f-9aa7bd5f2263:group-CDED230A9C47:LeaderElection78] INFO  impl.RoleInfo (RoleInfo.java:updateAndGet(143)) - 85c6a9f3-b9a5-43a5-ac4f-9aa7bd5f2263: start LeaderState
2019-09-19 14:21:26,972 [85c6a9f3-b9a5-43a5-ac4f-9aa7bd5f2263-SegmentedRaftLogWorker:Storage Directory /workdir/hadoop-ozone/integration-test/target/test-dir/MiniOzoneClusterImpl-210d6028-2152-4683-81ff-347b0d29bb13/datanode-0/data/ratis/7060508a-122e-4d10-ac3f-9a5d07e5f194] INFO  segmented.SegmentedRaftLogWorker (SegmentedRaftLogWorker.java:close(228)) - 85c6a9f3-b9a5-43a5-ac4f-9aa7bd5f2263-SegmentedRaftLogWorker:Storage Directory /workdir/hadoop-ozone/integration-test/target/test-dir/MiniOzoneClusterImpl-210d6028-2152-4683-81ff-347b0d29bb13/datanode-0/data/ratis/7060508a-122e-4d10-ac3f-9a5d07e5f194 close()
2019-09-19 14:21:26,973 [85c6a9f3-b9a5-43a5-ac4f-9aa7bd5f2263:group-CDED230A9C47:LeaderElection78] INFO  segmented.SegmentedRaftLogWorker (SegmentedRaftLogWorker.java:startLogSegment(380)) - 85c6a9f3-b9a5-43a5-ac4f-9aa7bd5f2263-SegmentedRaftLogWorker:Storage Directory /workdir/hadoop-ozone/integration-test/target/test-dir/MiniOzoneClusterImpl-210d6028-2152-4683-81ff-347b0d29bb13/datanode-0/data/ratis/32a78648-4c4e-43d8-a5eb-cded230a9c47: Starting segment from index:0
2019-09-19 14:21:25,978 [5dfaa0ea-416a-422c-a75d-43311aceb00a:group-03DEC9D1EE2C:LeaderElection91] INFO  server.RaftServerConfigKeys (ConfUtils.java:logGet(43)) - raft.server.staging.catchup.gap = 1000 (default)
2019-09-19 14:21:25,978 [431517c4-8c09-4790-b37b-2e132c8143ad:group-88D967718BDF:LeaderElection95] INFO  server.RaftServerConfigKeys (ConfUtils.java:logGet(43)) - raft.server.staging.catchup.gap = 1000 (default)
2019-09-19 14:21:25,978 [5dfaa0ea-416a-422c-a75d-43311aceb00a:group-F7C7A6E62060:LeaderElection93] INFO  server.RaftServerConfigKeys (ConfUtils.java:logGet(43)) - raft.server.rpc.sleep.time = 25ms (default)
2019-09-19 14:21:25,977 [5dfaa0ea-416a-422c-a75d-43311aceb00a:group-C06398C80B8A:LeaderElection88] INFO  server.RaftServerConfigKeys (ConfUtils.java:logGet(43)) - raft.server.staging.catchup.gap = 1000 (default)
2019-09-19 14:21:27,481 | INFO  | SCMAudit | user=jenkins1000 | ip=192.168.157.226 | op=SEND_HEARTBEAT {datanodeUUID=6403e584-2209-453b-b79e-eeb0a7b58516, command=[]} | ret=SUCCESS |  
2019-09-19 14:21:27,481 | INFO  | SCMAudit | user=jenkins1000 | ip=192.168.157.226 | op=SEND_HEARTBEAT {datanodeUUID=306a7a99-f2a5-4f40-b42b-2fc2def08a6a, command=[]} | ret=SUCCESS |  
2019-09-19 14:21:25,977 [6403e584-2209-453b-b79e-eeb0a7b58516:group-F5C4A469BBAD:LeaderElection96] INFO  server.RaftServerConfigKeys (ConfUtils.java:logGet(43)) - raft.server.staging.catchup.gap = 1000 (default)
2019-09-19 14:21:27,481 [6403e584-2209-453b-b79e-eeb0a7b58516:group-F5C4A469BBAD:LeaderElection96] INFO  server.RaftServerConfigKeys (ConfUtils.java:logGet(43)) - raft.server.rpc.sleep.time = 25ms (default)
2019-09-19 14:21:25,977 [5dfaa0ea-416a-422c-a75d-43311aceb00a:group-99527B0F1D6C:LeaderElection94] INFO  server.RaftServerConfigKeys (ConfUtils.java:logGet(43)) - raft.server.staging.catchup.gap = 1000 (default)
2019-09-19 14:21:25,977 [6403e584-2209-453b-b79e-eeb0a7b58516:group-790AA433409B:LeaderElection89] INFO  server.RaftServerConfigKeys (ConfUtils.java:logGet(43)) - raft.server.rpc.sleep.time = 25ms (default)
2019-09-19 14:21:25,977 [6403e584-2209-453b-b79e-eeb0a7b58516:group-FC754A9A4BD4:LeaderElection87] INFO  server.RaftServerConfigKeys (ConfUtils.java:logGet(43)) - raft.server.staging.catchup.gap = 1000 (default)
2019-09-19 14:21:27,482 [6403e584-2209-453b-b79e-eeb0a7b58516:group-FC754A9A4BD4:LeaderElection87] INFO  server.RaftServerConfigKeys (ConfUtils.java:logGet(43)) - raft.server.rpc.sleep.time = 25ms (default)
2019-09-19 14:21:25,977 [85c6a9f3-b9a5-43a5-ac4f-9aa7bd5f2263:group-111669BAE36C:LeaderElection90] INFO  server.RaftServerConfigKeys (ConfUtils.java:logGet(43)) - raft.server.staging.catchup.gap = 1000 (default)
2019-09-19 14:21:27,483 [85c6a9f3-b9a5-43a5-ac4f-9aa7bd5f2263:group-111669BAE36C:LeaderElection90] INFO  server.RaftServerConfigKeys (ConfUtils.java:logGet(43)) - raft.server.rpc.sleep.time = 25ms (default)
2019-09-19 14:21:25,976 [306a7a99-f2a5-4f40-b42b-2fc2def08a6a:group-4B237A1118DD:LeaderElection92] INFO  server.RaftServerConfigKeys (ConfUtils.java:logGet(43)) - raft.server.rpc.sleep.time = 25ms (default)
2019-09-19 14:21:25,976 [6403e584-2209-453b-b79e-eeb0a7b58516:group-7382CF0FF315:LeaderElection83] INFO  server.RaftServerConfigKeys (ConfUtils.java:logGet(43)) - raft.server.staging.catchup.gap = 1000 (default)
2019-09-19 14:21:27,483 [306a7a99-f2a5-4f40-b42b-2fc2def08a6a:group-4B237A1118DD:LeaderElection92] INFO  server.RaftServerConfigKeys (ConfUtils.java:logGet(43)) - raft.server.write.element-limit = 4096 (default)
2019-09-19 14:21:27,483 [85c6a9f3-b9a5-43a5-ac4f-9aa7bd5f2263:group-111669BAE36C:LeaderElection90] INFO  server.RaftServerConfigKeys (ConfUtils.java:logGet(43)) - raft.server.write.element-limit = 4096 (default)
2019-09-19 14:21:27,482 [6403e584-2209-453b-b79e-eeb0a7b58516:group-FC754A9A4BD4:LeaderElection87] INFO  server.RaftServerConfigKeys (ConfUtils.java:logGet(43)) - raft.server.write.element-limit = 4096 (default)
2019-09-19 14:21:27,482 [6403e584-2209-453b-b79e-eeb0a7b58516:group-790AA433409B:LeaderElection89] INFO  server.RaftServerConfigKeys (ConfUtils.java:logGet(43)) - raft.server.write.element-limit = 4096 (default)
2019-09-19 14:21:27,482 [5dfaa0ea-416a-422c-a75d-43311aceb00a:group-99527B0F1D6C:LeaderElection94] INFO  server.RaftServerConfigKeys (ConfUtils.java:logGet(43)) - raft.server.rpc.sleep.time = 25ms (default)
2019-09-19 14:21:27,482 [6403e584-2209-453b-b79e-eeb0a7b58516:group-F5C4A469BBAD:LeaderElection96] INFO  server.RaftServerConfigKeys (ConfUtils.java:logGet(43)) - raft.server.write.element-limit = 4096 (default)
2019-09-19 14:21:27,481 [5dfaa0ea-416a-422c-a75d-43311aceb00a:group-C06398C80B8A:LeaderElection88] INFO  server.RaftServerConfigKeys (ConfUtils.java:logGet(43)) - raft.server.rpc.sleep.time = 25ms (default)
2019-09-19 14:21:27,481 [5dfaa0ea-416a-422c-a75d-43311aceb00a:group-F7C7A6E62060:LeaderElection93] INFO  server.RaftServerConfigKeys (ConfUtils.java:logGet(43)) - raft.server.write.element-limit = 4096 (default)
2019-09-19 14:21:27,480 [431517c4-8c09-4790-b37b-2e132c8143ad:group-88D967718BDF:LeaderElection95] INFO  server.RaftServerConfigKeys (ConfUtils.java:logGet(43)) - raft.server.rpc.sleep.time = 25ms (default)
2019-09-19 14:21:27,480 [6403e584-2209-453b-b79e-eeb0a7b58516-SegmentedRaftLogWorker:Storage Directory /workdir/hadoop-ozone/integration-test/target/test-dir/MiniOzoneClusterImpl-210d6028-2152-4683-81ff-347b0d29bb13/datanode-3/data/ratis/f2edf683-ab62-45da-8fb7-6080e7e288a7] ERROR segmented.SegmentedRaftLogWorker (SegmentedRaftLogWorker.java:run(323)) - 6403e584-2209-453b-b79e-eeb0a7b58516-SegmentedRaftLogWorker:Storage Directory /workdir/hadoop-ozone/integration-test/target/test-dir/MiniOzoneClusterImpl-210d6028-2152-4683-81ff-347b0d29bb13/datanode-3/data/ratis/f2edf683-ab62-45da-8fb7-6080e7e288a7 hit exception
java.lang.OutOfMemoryError: Direct buffer memory
	at java.nio.Bits.reserveMemory(Bits.java:666)
	at java.nio.DirectByteBuffer.<init>(DirectByteBuffer.java:123)
	at java.nio.ByteBuffer.allocateDirect(ByteBuffer.java:311)
	at org.apache.ratis.server.raftlog.segmented.BufferedWriteChannel.<init>(BufferedWriteChannel.java:41)
	at org.apache.ratis.server.raftlog.segmented.SegmentedRaftLogOutputStream.<init>(SegmentedRaftLogOutputStream.java:72)
	at org.apache.ratis.server.raftlog.segmented.SegmentedRaftLogWorker$StartLogSegment.execute(SegmentedRaftLogWorker.java:566)
	at org.apache.ratis.server.raftlog.segmented.SegmentedRaftLogWorker.run(SegmentedRaftLogWorker.java:289)
	at java.lang.Thread.run(Thread.java:748)
2019-09-19 14:21:27,486 [6403e584-2209-453b-b79e-eeb0a7b58516-SegmentedRaftLogWorker:Storage Directory /workdir/hadoop-ozone/integration-test/target/test-dir/MiniOzoneClusterImpl-210d6028-2152-4683-81ff-347b0d29bb13/datanode-3/data/ratis/f2edf683-ab62-45da-8fb7-6080e7e288a7] INFO  impl.RaftServerImpl (RaftServerImpl.java:lambda$shutdown$3(245)) - 6403e584-2209-453b-b79e-eeb0a7b58516: shutdown group-6080E7E288A7
2019-09-19 14:21:27,480 [306a7a99-f2a5-4f40-b42b-2fc2def08a6a-SegmentedRaftLogWorker:Storage Directory /workdir/hadoop-ozone/integration-test/target/test-dir/MiniOzoneClusterImpl-210d6028-2152-4683-81ff-347b0d29bb13/datanode-2/data/ratis/1359b96d-f500-4bb6-9160-96513c34e79c] ERROR segmented.SegmentedRaftLogWorker (SegmentedRaftLogWorker.java:run(323)) - 306a7a99-f2a5-4f40-b42b-2fc2def08a6a-SegmentedRaftLogWorker:Storage Directory /workdir/hadoop-ozone/integration-test/target/test-dir/MiniOzoneClusterImpl-210d6028-2152-4683-81ff-347b0d29bb13/datanode-2/data/ratis/1359b96d-f500-4bb6-9160-96513c34e79c hit exception
java.lang.OutOfMemoryError: Direct buffer memory
	at java.nio.Bits.reserveMemory(Bits.java:666)
	at java.nio.DirectByteBuffer.<init>(DirectByteBuffer.java:123)
	at java.nio.ByteBuffer.allocateDirect(ByteBuffer.java:311)
	at org.apache.ratis.server.raftlog.segmented.BufferedWriteChannel.<init>(BufferedWriteChannel.java:41)
	at org.apache.ratis.server.raftlog.segmented.SegmentedRaftLogOutputStream.<init>(SegmentedRaftLogOutputStream.java:72)
	at org.apache.ratis.server.raftlog.segmented.SegmentedRaftLogWorker$StartLogSegment.execute(SegmentedRaftLogWorker.java:566)
	at org.apache.ratis.server.raftlog.segmented.SegmentedRaftLogWorker.run(SegmentedRaftLogWorker.java:289)
	at java.lang.Thread.run(Thread.java:748)
2019-09-19 14:21:27,480 [Thread-665] INFO  impl.FollowerState (FollowerState.java:run(106)) - 85c6a9f3-b9a5-43a5-ac4f-9aa7bd5f2263:group-7B227C9559A3 changes to CANDIDATE, lastRpcTime:5286, electionTimeout:5068ms
2019-09-19 14:21:27,221 [85c6a9f3-b9a5-43a5-ac4f-9aa7bd5f2263:group-CDED230A9C47:LeaderElection78] INFO  impl.RaftServerImpl (ServerState.java:setRaftConf(361)) - 85c6a9f3-b9a5-43a5-ac4f-9aa7bd5f2263:group-CDED230A9C47 set configuration 0: [85c6a9f3-b9a5-43a5-ac4f-9aa7bd5f2263:192.168.157.226:45170], old=null at 0
2019-09-19 14:21:27,221 [5dfaa0ea-416a-422c-a75d-43311aceb00a:group-03DEC9D1EE2C:LeaderElection91] INFO  server.RaftServerConfigKeys (ConfUtils.java:logGet(43)) - raft.server.rpc.sleep.time = 25ms (default)
2019-09-19 14:21:27,216 [1190b9a7-12b1-4c15-b33e-f7d0a0cd436c-SegmentedRaftLogWorker:Storage Directory /workdir/hadoop-ozone/integration-test/target/test-dir/MiniOzoneClusterImpl-210d6028-2152-4683-81ff-347b0d29bb13/datanode-4/data/ratis/913d0e2a-d2de-494f-9259-d7761551fa34] ERROR segmented.SegmentedRaftLogWorker (SegmentedRaftLogWorker.java:run(323)) - 1190b9a7-12b1-4c15-b33e-f7d0a0cd436c-SegmentedRaftLogWorker:Storage Directory /workdir/hadoop-ozone/integration-test/target/test-dir/MiniOzoneClusterImpl-210d6028-2152-4683-81ff-347b0d29bb13/datanode-4/data/ratis/913d0e2a-d2de-494f-9259-d7761551fa34 hit exception
java.lang.OutOfMemoryError: Direct buffer memory
	at java.nio.Bits.reserveMemory(Bits.java:666)
	at java.nio.DirectByteBuffer.<init>(DirectByteBuffer.java:123)
	at java.nio.ByteBuffer.allocateDirect(ByteBuffer.java:311)
	at org.apache.ratis.server.raftlog.segmented.BufferedWriteChannel.<init>(BufferedWriteChannel.java:41)
	at org.apache.ratis.server.raftlog.segmented.SegmentedRaftLogOutputStream.<init>(SegmentedRaftLogOutputStream.java:72)
	at org.apache.ratis.server.raftlog.segmented.SegmentedRaftLogWorker$StartLogSegment.execute(SegmentedRaftLogWorker.java:566)
	at org.apache.ratis.server.raftlog.segmented.SegmentedRaftLogWorker.run(SegmentedRaftLogWorker.java:289)
	at java.lang.Thread.run(Thread.java:748)
2019-09-19 14:21:27,216 [5dfaa0ea-416a-422c-a75d-43311aceb00a-SegmentedRaftLogWorker:Storage Directory /workdir/hadoop-ozone/integration-test/target/test-dir/MiniOzoneClusterImpl-210d6028-2152-4683-81ff-347b0d29bb13/datanode-1/data/ratis/a3e8eaed-a1e1-47fa-be48-66fe1fc44657] ERROR segmented.SegmentedRaftLogWorker (SegmentedRaftLogWorker.java:run(323)) - 5dfaa0ea-416a-422c-a75d-43311aceb00a-SegmentedRaftLogWorker:Storage Directory /workdir/hadoop-ozone/integration-test/target/test-dir/MiniOzoneClusterImpl-210d6028-2152-4683-81ff-347b0d29bb13/datanode-1/data/ratis/a3e8eaed-a1e1-47fa-be48-66fe1fc44657 hit exception
java.lang.OutOfMemoryError: Direct buffer memory
	at java.nio.Bits.reserveMemory(Bits.java:666)
	at java.nio.DirectByteBuffer.<init>(DirectByteBuffer.java:123)
	at java.nio.ByteBuffer.allocateDirect(ByteBuffer.java:311)
	at org.apache.ratis.server.raftlog.segmented.BufferedWriteChannel.<init>(BufferedWriteChannel.java:41)
	at org.apache.ratis.server.raftlog.segmented.SegmentedRaftLogOutputStream.<init>(SegmentedRaftLogOutputStream.java:72)
	at org.apache.ratis.server.raftlog.segmented.SegmentedRaftLogWorker$StartLogSegment.execute(SegmentedRaftLogWorker.java:566)
	at org.apache.ratis.server.raftlog.segmented.SegmentedRaftLogWorker.run(SegmentedRaftLogWorker.java:289)
	at java.lang.Thread.run(Thread.java:748)
2019-09-19 14:21:27,216 [431517c4-8c09-4790-b37b-2e132c8143ad-SegmentedRaftLogWorker:Storage Directory /workdir/hadoop-ozone/integration-test/target/test-dir/MiniOzoneClusterImpl-210d6028-2152-4683-81ff-347b0d29bb13/datanode-5/data/ratis/151ac7cb-9f4b-4fc4-8c4c-1241104dbbbb] ERROR segmented.SegmentedRaftLogWorker (SegmentedRaftLogWorker.java:run(323)) - 431517c4-8c09-4790-b37b-2e132c8143ad-SegmentedRaftLogWorker:Storage Directory /workdir/hadoop-ozone/integration-test/target/test-dir/MiniOzoneClusterImpl-210d6028-2152-4683-81ff-347b0d29bb13/datanode-5/data/ratis/151ac7cb-9f4b-4fc4-8c4c-1241104dbbbb hit exception
java.lang.OutOfMemoryError: Direct buffer memory
	at java.nio.Bits.reserveMemory(Bits.java:666)
	at java.nio.DirectByteBuffer.<init>(DirectByteBuffer.java:123)
	at java.nio.ByteBuffer.allocateDirect(ByteBuffer.java:311)
	at org.apache.ratis.server.raftlog.segmented.BufferedWriteChannel.<init>(BufferedWriteChannel.java:41)
	at org.apache.ratis.server.raftlog.segmented.SegmentedRaftLogOutputStream.<init>(SegmentedRaftLogOutputStream.java:72)
	at org.apache.ratis.server.raftlog.segmented.SegmentedRaftLogWorker$StartLogSegment.execute(SegmentedRaftLogWorker.java:566)
	at org.apache.ratis.server.raftlog.segmented.SegmentedRaftLogWorker.run(SegmentedRaftLogWorker.java:289)
	at java.lang.Thread.run(Thread.java:748)
2019-09-19 14:21:27,488 [431517c4-8c09-4790-b37b-2e132c8143ad-SegmentedRaftLogWorker:Storage Directory /workdir/hadoop-ozone/integration-test/target/test-dir/MiniOzoneClusterImpl-210d6028-2152-4683-81ff-347b0d29bb13/datanode-5/data/ratis/151ac7cb-9f4b-4fc4-8c4c-1241104dbbbb] INFO  impl.RaftServerImpl (RaftServerImpl.java:lambda$shutdown$3(245)) - 431517c4-8c09-4790-b37b-2e132c8143ad: shutdown group-1241104DBBBB
2019-09-19 14:21:27,216 [306a7a99-f2a5-4f40-b42b-2fc2def08a6a-SegmentedRaftLogWorker:Storage Directory /workdir/hadoop-ozone/integration-test/target/test-dir/MiniOzoneClusterImpl-210d6028-2152-4683-81ff-347b0d29bb13/datanode-2/data/ratis/f329c24d-1edd-4435-aec9-040322c3d435] ERROR segmented.SegmentedRaftLogWorker (SegmentedRaftLogWorker.java:run(323)) - 306a7a99-f2a5-4f40-b42b-2fc2def08a6a-SegmentedRaftLogWorker:Storage Directory /workdir/hadoop-ozone/integration-test/target/test-dir/MiniOzoneClusterImpl-210d6028-2152-4683-81ff-347b0d29bb13/datanode-2/data/ratis/f329c24d-1edd-4435-aec9-040322c3d435 hit exception
java.lang.OutOfMemoryError: Direct buffer memory
	at java.nio.Bits.reserveMemory(Bits.java:666)
	at java.nio.DirectByteBuffer.<init>(DirectByteBuffer.java:123)
	at java.nio.ByteBuffer.allocateDirect(ByteBuffer.java:311)
	at org.apache.ratis.server.raftlog.segmented.BufferedWriteChannel.<init>(BufferedWriteChannel.java:41)
	at org.apache.ratis.server.raftlog.segmented.SegmentedRaftLogOutputStream.<init>(SegmentedRaftLogOutputStream.java:72)
	at org.apache.ratis.server.raftlog.segmented.SegmentedRaftLogWorker$StartLogSegment.execute(SegmentedRaftLogWorker.java:566)
	at org.apache.ratis.server.raftlog.segmented.SegmentedRaftLogWorker.run(SegmentedRaftLogWorker.java:289)
	at java.lang.Thread.run(Thread.java:748)
2019-09-19 14:21:26,972 [5dfaa0ea-416a-422c-a75d-43311aceb00a:group-7C4858421412:LeaderElection80] INFO  impl.RoleInfo (RoleInfo.java:updateAndGet(143)) - 5dfaa0ea-416a-422c-a75d-43311aceb00a: start LeaderState
2019-09-19 14:21:26,972 [306a7a99-f2a5-4f40-b42b-2fc2def08a6a:group-AAFAF8A40158:LeaderElection76] INFO  impl.RaftServerImpl (ServerState.java:setRaftConf(361)) - 306a7a99-f2a5-4f40-b42b-2fc2def08a6a:group-AAFAF8A40158 set configuration 0: [306a7a99-f2a5-4f40-b42b-2fc2def08a6a:192.168.157.226:42633], old=null at 0
2019-09-19 14:21:27,489 [5dfaa0ea-416a-422c-a75d-43311aceb00a:group-7C4858421412:LeaderElection80] INFO  segmented.SegmentedRaftLogWorker (SegmentedRaftLogWorker.java:startLogSegment(380)) - 5dfaa0ea-416a-422c-a75d-43311aceb00a-SegmentedRaftLogWorker:Storage Directory /workdir/hadoop-ozone/integration-test/target/test-dir/MiniOzoneClusterImpl-210d6028-2152-4683-81ff-347b0d29bb13/datanode-1/data/ratis/6bb0a770-530a-4840-a76d-7c4858421412: Starting segment from index:0
2019-09-19 14:21:26,972 [85c6a9f3-b9a5-43a5-ac4f-9aa7bd5f2263-SegmentedRaftLogWorker:Storage Directory /workdir/hadoop-ozone/integration-test/target/test-dir/MiniOzoneClusterImpl-210d6028-2152-4683-81ff-347b0d29bb13/datanode-0/data/ratis/3efddad6-25e9-4359-85ae-cecfc47f3681] INFO  impl.StateMachineUpdater (StateMachineUpdater.java:stopAndJoin(115)) - StateMachineUpdater:85c6a9f3-b9a5-43a5-ac4f-9aa7bd5f2263:group-CECFC47F3681: set stopIndex = -1
2019-09-19 14:21:26,971 [306a7a99-f2a5-4f40-b42b-2fc2def08a6a:group-427A1DAF45E9:LeaderElection84] INFO  server.RaftServerConfigKeys (ConfUtils.java:logGet(43)) - raft.server.staging.catchup.gap = 1000 (default)
2019-09-19 14:21:27,489 [5dfaa0ea-416a-422c-a75d-43311aceb00a:group-7C4858421412:LeaderElection80] INFO  impl.RaftServerImpl (ServerState.java:setRaftConf(361)) - 5dfaa0ea-416a-422c-a75d-43311aceb00a:group-7C4858421412 set configuration 0: [5dfaa0ea-416a-422c-a75d-43311aceb00a:192.168.157.226:45629], old=null at 0
2019-09-19 14:21:27,789 | INFO  | SCMAudit | user=jenkins1000 | ip=192.168.157.226 | op=SEND_HEARTBEAT {datanodeUUID=56d21ab3-8f6d-44ea-b961-c721a1c09246, command=[]} | ret=SUCCESS |  
2019-09-19 14:21:26,971 [6403e584-2209-453b-b79e-eeb0a7b58516:group-A99CE1758501:LeaderElection97] INFO  impl.RaftServerImpl (ServerState.java:setLeader(263)) - 6403e584-2209-453b-b79e-eeb0a7b58516:group-A99CE1758501 change Leader from null to 6403e584-2209-453b-b79e-eeb0a7b58516 at term 1 for becomeLeader, leader elected after 6836ms
2019-09-19 14:21:26,971 [5dfaa0ea-416a-422c-a75d-43311aceb00a:group-28257D859A2F:LeaderElection85] INFO  server.RaftServerConfigKeys (ConfUtils.java:logGet(43)) - raft.server.staging.catchup.gap = 1000 (default)
2019-09-19 14:21:26,971 [306a7a99-f2a5-4f40-b42b-2fc2def08a6a:group-B068DE63FE4E:LeaderElection82] INFO  segmented.SegmentedRaftLogWorker (SegmentedRaftLogWorker.java:startLogSegment(380)) - 306a7a99-f2a5-4f40-b42b-2fc2def08a6a-SegmentedRaftLogWorker:Storage Directory /workdir/hadoop-ozone/integration-test/target/test-dir/MiniOzoneClusterImpl-210d6028-2152-4683-81ff-347b0d29bb13/datanode-2/data/ratis/eb567285-39b5-42e7-b198-b068de63fe4e: Starting segment from index:0
2019-09-19 14:21:26,971 [306a7a99-f2a5-4f40-b42b-2fc2def08a6a:group-F2BDA4E60FC6:LeaderElection86] INFO  impl.RaftServerImpl (ServerState.java:setLeader(263)) - 306a7a99-f2a5-4f40-b42b-2fc2def08a6a:group-F2BDA4E60FC6 change Leader from null to 306a7a99-f2a5-4f40-b42b-2fc2def08a6a at term 1 for becomeLeader, leader elected after 7196ms
2019-09-19 14:21:26,970 [85c6a9f3-b9a5-43a5-ac4f-9aa7bd5f2263:group-DE6CB2708FEF:LeaderElection101] INFO  impl.RaftServerImpl (ServerState.java:setLeader(263)) - 85c6a9f3-b9a5-43a5-ac4f-9aa7bd5f2263:group-DE6CB2708FEF change Leader from null to 85c6a9f3-b9a5-43a5-ac4f-9aa7bd5f2263 at term 1 for becomeLeader, leader elected after 6738ms
2019-09-19 14:21:26,970 [1190b9a7-12b1-4c15-b33e-f7d0a0cd436c-SegmentedRaftLogWorker:Storage Directory /workdir/hadoop-ozone/integration-test/target/test-dir/MiniOzoneClusterImpl-210d6028-2152-4683-81ff-347b0d29bb13/datanode-4/data/ratis/923a9e58-2c5a-4174-b54a-2c9e25478efb] INFO  impl.RaftServerImpl (ServerState.java:close(394)) - 1190b9a7-12b1-4c15-b33e-f7d0a0cd436c:group-2C9E25478EFB closes. The last applied log index is -1
2019-09-19 14:21:26,970 [6403e584-2209-453b-b79e-eeb0a7b58516:group-CB88C037056F:LeaderElection98] INFO  server.RaftServerConfigKeys (ConfUtils.java:logGet(43)) - raft.server.rpc.sleep.time = 25ms (default)
2019-09-19 14:21:28,026 | INFO  | SCMAudit | user=jenkins1000 | ip=192.168.157.226 | op=SEND_HEARTBEAT {datanodeUUID=85c6a9f3-b9a5-43a5-ac4f-9aa7bd5f2263, command=[]} | ret=SUCCESS |  
2019-09-19 14:21:26,970 [306a7a99-f2a5-4f40-b42b-2fc2def08a6a:group-4E474D260ED7:LeaderElection99] INFO  impl.RaftServerImpl (ServerState.java:setLeader(263)) - 306a7a99-f2a5-4f40-b42b-2fc2def08a6a:group-4E474D260ED7 change Leader from null to 306a7a99-f2a5-4f40-b42b-2fc2def08a6a at term 1 for becomeLeader, leader elected after 6796ms
2019-09-19 14:21:28,026 | INFO  | SCMAudit | user=jenkins1000 | ip=192.168.157.226 | op=SEND_HEARTBEAT {datanodeUUID=1190b9a7-12b1-4c15-b33e-f7d0a0cd436c, command=[]} | ret=SUCCESS |  
2019-09-19 14:21:28,026 | INFO  | SCMAudit | user=jenkins1000 | ip=192.168.157.226 | op=SEND_HEARTBEAT {datanodeUUID=5dfaa0ea-416a-422c-a75d-43311aceb00a, command=[]} | ret=SUCCESS |  
2019-09-19 14:21:26,969 [6403e584-2209-453b-b79e-eeb0a7b58516:group-CB5CB1832614:LeaderElection100] INFO  server.RaftServerConfigKeys (ConfUtils.java:logGet(43)) - raft.server.staging.catchup.gap = 1000 (default)
2019-09-19 14:21:28,026 | INFO  | SCMAudit | user=jenkins1000 | ip=192.168.157.226 | op=SEND_HEARTBEAT {datanodeUUID=431517c4-8c09-4790-b37b-2e132c8143ad, command=[]} | ret=SUCCESS |  
2019-09-19 14:21:26,744 [5dfaa0ea-416a-422c-a75d-43311aceb00a:group-2BDFD38A0B98:LeaderElection73] INFO  impl.RaftServerImpl (ServerState.java:setRaftConf(361)) - 5dfaa0ea-416a-422c-a75d-43311aceb00a:group-2BDFD38A0B98 set configuration 0: [5dfaa0ea-416a-422c-a75d-43311aceb00a:192.168.157.226:45629], old=null at 0
2019-09-19 14:21:26,743 [306a7a99-f2a5-4f40-b42b-2fc2def08a6a:group-CB34ACF8C155:LeaderElection81] INFO  impl.RoleInfo (RoleInfo.java:updateAndGet(143)) - 306a7a99-f2a5-4f40-b42b-2fc2def08a6a: start LeaderState
2019-09-19 14:21:26,743 [6403e584-2209-453b-b79e-eeb0a7b58516:group-6DF381D064CD:LeaderElection102] INFO  impl.LeaderElection (LeaderElection.java:askForVotes(181)) - 6403e584-2209-453b-b79e-eeb0a7b58516:group-6DF381D064CD:LeaderElection102: begin an election at term 1 for -1: [6403e584-2209-453b-b79e-eeb0a7b58516:192.168.157.226:35833], old=null
2019-09-19 14:21:26,743 [5dfaa0ea-416a-422c-a75d-43311aceb00a:group-0E840A7D0B0D:LeaderElection71] INFO  impl.RaftServerImpl (ServerState.java:setRaftConf(361)) - 5dfaa0ea-416a-422c-a75d-43311aceb00a:group-0E840A7D0B0D set configuration 0: [5dfaa0ea-416a-422c-a75d-43311aceb00a:192.168.157.226:45629], old=null at 0
2019-09-19 14:21:26,743 [306a7a99-f2a5-4f40-b42b-2fc2def08a6a:group-5B1D505DB39F:LeaderElection72] INFO  impl.RaftServerImpl (ServerState.java:setRaftConf(361)) - 306a7a99-f2a5-4f40-b42b-2fc2def08a6a:group-5B1D505DB39F set configuration 0: [306a7a99-f2a5-4f40-b42b-2fc2def08a6a:192.168.157.226:42633], old=null at 0
2019-09-19 14:21:26,285 [6403e584-2209-453b-b79e-eeb0a7b58516:group-29E445EC1A13:LeaderElection77] INFO  segmented.SegmentedRaftLogWorker (SegmentedRaftLogWorker.java:startLogSegment(380)) - 6403e584-2209-453b-b79e-eeb0a7b58516-SegmentedRaftLogWorker:Storage Directory /workdir/hadoop-ozone/integration-test/target/test-dir/MiniOzoneClusterImpl-210d6028-2152-4683-81ff-347b0d29bb13/datanode-3/data/ratis/2c88a252-c393-4a24-a4a9-29e445ec1a13: Starting segment from index:0
2019-09-19 14:21:26,285 [431517c4-8c09-4790-b37b-2e132c8143ad:group-F48EAE1DFE2B:LeaderElection74] INFO  impl.RoleInfo (RoleInfo.java:updateAndGet(143)) - 431517c4-8c09-4790-b37b-2e132c8143ad: start LeaderState
2019-09-19 14:21:26,285 [306a7a99-f2a5-4f40-b42b-2fc2def08a6a:group-EBF6A907DE95:LeaderElection75] INFO  impl.RoleInfo (RoleInfo.java:updateAndGet(143)) - 306a7a99-f2a5-4f40-b42b-2fc2def08a6a: start LeaderState
2019-09-19 14:21:28,027 [6403e584-2209-453b-b79e-eeb0a7b58516:group-6DF381D064CD:LeaderElection102] INFO  impl.RoleInfo (RoleInfo.java:shutdownLeaderElection(134)) - 6403e584-2209-453b-b79e-eeb0a7b58516: shutdown LeaderElection
2019-09-19 14:21:28,027 [306a7a99-f2a5-4f40-b42b-2fc2def08a6a:group-CB34ACF8C155:LeaderElection81] INFO  segmented.SegmentedRaftLogWorker (SegmentedRaftLogWorker.java:startLogSegment(380)) - 306a7a99-f2a5-4f40-b42b-2fc2def08a6a-SegmentedRaftLogWorker:Storage Directory /workdir/hadoop-ozone/integration-test/target/test-dir/MiniOzoneClusterImpl-210d6028-2152-4683-81ff-347b0d29bb13/datanode-2/data/ratis/324ef32f-1f4d-4e5c-b543-cb34acf8c155: Starting segment from index:0
2019-09-19 14:21:28,026 [6403e584-2209-453b-b79e-eeb0a7b58516:group-CB5CB1832614:LeaderElection100] INFO  server.RaftServerConfigKeys (ConfUtils.java:logGet(43)) - raft.server.rpc.sleep.time = 25ms (default)
2019-09-19 14:21:28,026 [306a7a99-f2a5-4f40-b42b-2fc2def08a6a:group-4E474D260ED7:LeaderElection99] INFO  server.RaftServerConfigKeys (ConfUtils.java:logGet(43)) - raft.server.staging.catchup.gap = 1000 (default)
2019-09-19 14:21:28,283 [6403e584-2209-453b-b79e-eeb0a7b58516:group-CB5CB1832614:LeaderElection100] INFO  server.RaftServerConfigKeys (ConfUtils.java:logGet(43)) - raft.server.write.element-limit = 4096 (default)
2019-09-19 14:21:28,026 [6403e584-2209-453b-b79e-eeb0a7b58516:group-CB88C037056F:LeaderElection98] INFO  server.RaftServerConfigKeys (ConfUtils.java:logGet(43)) - raft.server.write.element-limit = 4096 (default)
2019-09-19 14:21:28,026 [1190b9a7-12b1-4c15-b33e-f7d0a0cd436c-SegmentedRaftLogWorker:Storage Directory /workdir/hadoop-ozone/integration-test/target/test-dir/MiniOzoneClusterImpl-210d6028-2152-4683-81ff-347b0d29bb13/datanode-4/data/ratis/923a9e58-2c5a-4174-b54a-2c9e25478efb] INFO  segmented.SegmentedRaftLogWorker (SegmentedRaftLogWorker.java:close(228)) - 1190b9a7-12b1-4c15-b33e-f7d0a0cd436c-SegmentedRaftLogWorker:Storage Directory /workdir/hadoop-ozone/integration-test/target/test-dir/MiniOzoneClusterImpl-210d6028-2152-4683-81ff-347b0d29bb13/datanode-4/data/ratis/923a9e58-2c5a-4174-b54a-2c9e25478efb close()
2019-09-19 14:21:28,026 [Thread-694] INFO  impl.FollowerState (FollowerState.java:run(106)) - 5dfaa0ea-416a-422c-a75d-43311aceb00a:group-084D5223D16C changes to CANDIDATE, lastRpcTime:5329, electionTimeout:5165ms
2019-09-19 14:21:27,791 [306a7a99-f2a5-4f40-b42b-2fc2def08a6a:group-B068DE63FE4E:LeaderElection82] INFO  impl.RaftServerImpl (ServerState.java:setRaftConf(361)) - 306a7a99-f2a5-4f40-b42b-2fc2def08a6a:group-B068DE63FE4E set configuration 0: [306a7a99-f2a5-4f40-b42b-2fc2def08a6a:192.168.157.226:42633], old=null at 0
2019-09-19 14:21:27,790 [85c6a9f3-b9a5-43a5-ac4f-9aa7bd5f2263:group-DE6CB2708FEF:LeaderElection101] INFO  server.RaftServerConfigKeys (ConfUtils.java:logGet(43)) - raft.server.staging.catchup.gap = 1000 (default)
2019-09-19 14:21:28,515 | INFO  | SCMAudit | user=jenkins1000 | ip=192.168.157.226 | op=SEND_HEARTBEAT {datanodeUUID=6403e584-2209-453b-b79e-eeb0a7b58516, command=[]} | ret=SUCCESS |  
2019-09-19 14:21:28,515 | INFO  | SCMAudit | user=jenkins1000 | ip=192.168.157.226 | op=SEND_HEARTBEAT {datanodeUUID=306a7a99-f2a5-4f40-b42b-2fc2def08a6a, command=[]} | ret=SUCCESS |  
2019-09-19 14:21:27,790 [306a7a99-f2a5-4f40-b42b-2fc2def08a6a:group-F2BDA4E60FC6:LeaderElection86] INFO  server.RaftServerConfigKeys (ConfUtils.java:logGet(43)) - raft.server.staging.catchup.gap = 1000 (default)
2019-09-19 14:21:27,790 [5dfaa0ea-416a-422c-a75d-43311aceb00a:group-28257D859A2F:LeaderElection85] INFO  server.RaftServerConfigKeys (ConfUtils.java:logGet(43)) - raft.server.rpc.sleep.time = 25ms (default)
2019-09-19 14:21:27,790 [6403e584-2209-453b-b79e-eeb0a7b58516:group-A99CE1758501:LeaderElection97] INFO  server.RaftServerConfigKeys (ConfUtils.java:logGet(43)) - raft.server.staging.catchup.gap = 1000 (default)
2019-09-19 14:21:27,489 [306a7a99-f2a5-4f40-b42b-2fc2def08a6a:group-427A1DAF45E9:LeaderElection84] INFO  server.RaftServerConfigKeys (ConfUtils.java:logGet(43)) - raft.server.rpc.sleep.time = 25ms (default)
2019-09-19 14:21:27,489 [85c6a9f3-b9a5-43a5-ac4f-9aa7bd5f2263-SegmentedRaftLogWorker:Storage Directory /workdir/hadoop-ozone/integration-test/target/test-dir/MiniOzoneClusterImpl-210d6028-2152-4683-81ff-347b0d29bb13/datanode-0/data/ratis/3efddad6-25e9-4359-85ae-cecfc47f3681] INFO  impl.RaftServerImpl (ServerState.java:close(394)) - 85c6a9f3-b9a5-43a5-ac4f-9aa7bd5f2263:group-CECFC47F3681 closes. The last applied log index is -1
2019-09-19 14:21:27,489 [pool-60-thread-1] INFO  impl.RaftServerImpl (RaftServerImpl.java:<init>(93)) - 6403e584-2209-453b-b79e-eeb0a7b58516: new RaftServerImpl for group-BC6162215A45:[6403e584-2209-453b-b79e-eeb0a7b58516:192.168.157.226:35833] with ContainerStateMachine:uninitialized
2019-09-19 14:21:27,488 [306a7a99-f2a5-4f40-b42b-2fc2def08a6a-SegmentedRaftLogWorker:Storage Directory /workdir/hadoop-ozone/integration-test/target/test-dir/MiniOzoneClusterImpl-210d6028-2152-4683-81ff-347b0d29bb13/datanode-2/data/ratis/f329c24d-1edd-4435-aec9-040322c3d435] INFO  impl.RaftServerImpl (RaftServerImpl.java:lambda$shutdown$3(245)) - 306a7a99-f2a5-4f40-b42b-2fc2def08a6a: shutdown group-040322C3D435
2019-09-19 14:21:27,488 [431517c4-8c09-4790-b37b-2e132c8143ad-SegmentedRaftLogWorker:Storage Directory /workdir/hadoop-ozone/integration-test/target/test-dir/MiniOzoneClusterImpl-210d6028-2152-4683-81ff-347b0d29bb13/datanode-5/data/ratis/151ac7cb-9f4b-4fc4-8c4c-1241104dbbbb] INFO  util.JmxRegister (JmxRegister.java:unregister(73)) - Successfully un-registered JMX Bean with object name Ratis:service=RaftServer,group=group-1241104DBBBB,id=431517c4-8c09-4790-b37b-2e132c8143ad
2019-09-19 14:21:27,487 [5dfaa0ea-416a-422c-a75d-43311aceb00a-SegmentedRaftLogWorker:Storage Directory /workdir/hadoop-ozone/integration-test/target/test-dir/MiniOzoneClusterImpl-210d6028-2152-4683-81ff-347b0d29bb13/datanode-1/data/ratis/a3e8eaed-a1e1-47fa-be48-66fe1fc44657] INFO  impl.RaftServerImpl (RaftServerImpl.java:lambda$shutdown$3(245)) - 5dfaa0ea-416a-422c-a75d-43311aceb00a: shutdown group-66FE1FC44657
2019-09-19 14:21:27,487 [grpc-default-executor-1] INFO  impl.RaftServerProxy (RaftServerProxy.java:addNew(89)) - 6403e584-2209-453b-b79e-eeb0a7b58516: addNew group-BC6162215A45:[6403e584-2209-453b-b79e-eeb0a7b58516:192.168.157.226:35833] returns group-BC6162215A45:java.util.concurrent.CompletableFuture@5c37d52[Not completed]
2019-09-19 14:21:27,487 [1190b9a7-12b1-4c15-b33e-f7d0a0cd436c-SegmentedRaftLogWorker:Storage Directory /workdir/hadoop-ozone/integration-test/target/test-dir/MiniOzoneClusterImpl-210d6028-2152-4683-81ff-347b0d29bb13/datanode-4/data/ratis/913d0e2a-d2de-494f-9259-d7761551fa34] INFO  impl.RaftServerImpl (RaftServerImpl.java:lambda$shutdown$3(245)) - 1190b9a7-12b1-4c15-b33e-f7d0a0cd436c: shutdown group-D7761551FA34
2019-09-19 14:21:27,487 [5dfaa0ea-416a-422c-a75d-43311aceb00a:group-03DEC9D1EE2C:LeaderElection91] INFO  server.RaftServerConfigKeys (ConfUtils.java:logGet(43)) - raft.server.write.element-limit = 4096 (default)
2019-09-19 14:21:28,517 [5dfaa0ea-416a-422c-a75d-43311aceb00a:group-03DEC9D1EE2C:LeaderElection91] INFO  server.RaftServerConfigKeys (ConfUtils.java:logGet(43)) - raft.server.watch.timeout = 10s (default)
2019-09-19 14:21:27,486 [Thread-665] INFO  impl.RoleInfo (RoleInfo.java:shutdownFollowerState(121)) - 85c6a9f3-b9a5-43a5-ac4f-9aa7bd5f2263: shutdown FollowerState
2019-09-19 14:21:27,486 [306a7a99-f2a5-4f40-b42b-2fc2def08a6a-SegmentedRaftLogWorker:Storage Directory /workdir/hadoop-ozone/integration-test/target/test-dir/MiniOzoneClusterImpl-210d6028-2152-4683-81ff-347b0d29bb13/datanode-2/data/ratis/1359b96d-f500-4bb6-9160-96513c34e79c] INFO  impl.RaftServerImpl (RaftServerImpl.java:lambda$shutdown$3(245)) - 306a7a99-f2a5-4f40-b42b-2fc2def08a6a: shutdown group-96513C34E79C
2019-09-19 14:21:27,486 [6403e584-2209-453b-b79e-eeb0a7b58516-SegmentedRaftLogWorker:Storage Directory /workdir/hadoop-ozone/integration-test/target/test-dir/MiniOzoneClusterImpl-210d6028-2152-4683-81ff-347b0d29bb13/datanode-3/data/ratis/f2edf683-ab62-45da-8fb7-6080e7e288a7] INFO  util.JmxRegister (JmxRegister.java:unregister(73)) - Successfully un-registered JMX Bean with object name Ratis:service=RaftServer,group=group-6080E7E288A7,id=6403e584-2209-453b-b79e-eeb0a7b58516
2019-09-19 14:21:28,517 [6403e584-2209-453b-b79e-eeb0a7b58516-SegmentedRaftLogWorker:Storage Directory /workdir/hadoop-ozone/integration-test/target/test-dir/MiniOzoneClusterImpl-210d6028-2152-4683-81ff-347b0d29bb13/datanode-3/data/ratis/f2edf683-ab62-45da-8fb7-6080e7e288a7] INFO  impl.RoleInfo (RoleInfo.java:shutdownLeaderState(104)) - 6403e584-2209-453b-b79e-eeb0a7b58516: shutdown LeaderState
2019-09-19 14:21:27,485 [431517c4-8c09-4790-b37b-2e132c8143ad:group-88D967718BDF:LeaderElection95] INFO  server.RaftServerConfigKeys (ConfUtils.java:logGet(43)) - raft.server.write.element-limit = 4096 (default)
2019-09-19 14:21:27,485 [5dfaa0ea-416a-422c-a75d-43311aceb00a:group-F7C7A6E62060:LeaderElection93] INFO  server.RaftServerConfigKeys (ConfUtils.java:logGet(43)) - raft.server.watch.timeout = 10s (default)
2019-09-19 14:21:27,485 [5dfaa0ea-416a-422c-a75d-43311aceb00a:group-C06398C80B8A:LeaderElection88] INFO  server.RaftServerConfigKeys (ConfUtils.java:logGet(43)) - raft.server.write.element-limit = 4096 (default)
2019-09-19 14:21:27,484 [6403e584-2209-453b-b79e-eeb0a7b58516:group-F5C4A469BBAD:LeaderElection96] INFO  server.RaftServerConfigKeys (ConfUtils.java:logGet(43)) - raft.server.watch.timeout = 10s (default)
2019-09-19 14:21:28,518 [6403e584-2209-453b-b79e-eeb0a7b58516:group-F5C4A469BBAD:LeaderElection96] INFO  server.RaftServerConfigKeys (ConfUtils.java:logGet(43)) - raft.server.watch.timeout.denomination = 1s (default)
2019-09-19 14:21:27,484 [5dfaa0ea-416a-422c-a75d-43311aceb00a:group-99527B0F1D6C:LeaderElection94] INFO  server.RaftServerConfigKeys (ConfUtils.java:logGet(43)) - raft.server.write.element-limit = 4096 (default)
2019-09-19 14:21:27,484 [6403e584-2209-453b-b79e-eeb0a7b58516:group-790AA433409B:LeaderElection89] INFO  server.RaftServerConfigKeys (ConfUtils.java:logGet(43)) - raft.server.watch.timeout = 10s (default)
2019-09-19 14:21:27,484 [6403e584-2209-453b-b79e-eeb0a7b58516:group-FC754A9A4BD4:LeaderElection87] INFO  server.RaftServerConfigKeys (ConfUtils.java:logGet(43)) - raft.server.watch.timeout = 10s (default)
2019-09-19 14:21:28,519 [6403e584-2209-453b-b79e-eeb0a7b58516:group-FC754A9A4BD4:LeaderElection87] INFO  server.RaftServerConfigKeys (ConfUtils.java:logGet(43)) - raft.server.watch.timeout.denomination = 1s (default)
2019-09-19 14:21:27,484 [85c6a9f3-b9a5-43a5-ac4f-9aa7bd5f2263:group-111669BAE36C:LeaderElection90] INFO  server.RaftServerConfigKeys (ConfUtils.java:logGet(43)) - raft.server.watch.timeout = 10s (default)
2019-09-19 14:21:28,519 [85c6a9f3-b9a5-43a5-ac4f-9aa7bd5f2263:group-111669BAE36C:LeaderElection90] INFO  server.RaftServerConfigKeys (ConfUtils.java:logGet(43)) - raft.server.watch.timeout.denomination = 1s (default)
2019-09-19 14:21:27,483 [306a7a99-f2a5-4f40-b42b-2fc2def08a6a:group-4B237A1118DD:LeaderElection92] INFO  server.RaftServerConfigKeys (ConfUtils.java:logGet(43)) - raft.server.watch.timeout = 10s (default)
2019-09-19 14:21:27,483 [6403e584-2209-453b-b79e-eeb0a7b58516:group-7382CF0FF315:LeaderElection83] INFO  server.RaftServerConfigKeys (ConfUtils.java:logGet(43)) - raft.server.rpc.sleep.time = 25ms (default)
2019-09-19 14:21:28,520 [306a7a99-f2a5-4f40-b42b-2fc2def08a6a:group-4B237A1118DD:LeaderElection92] INFO  server.RaftServerConfigKeys (ConfUtils.java:logGet(43)) - raft.server.watch.timeout.denomination = 1s (default)
2019-09-19 14:21:28,519 [85c6a9f3-b9a5-43a5-ac4f-9aa7bd5f2263:group-111669BAE36C:LeaderElection90] INFO  server.RaftServerConfigKeys (ConfUtils.java:logGet(43)) - raft.server.watch.element-limit = 65536 (default)
2019-09-19 14:21:28,519 [6403e584-2209-453b-b79e-eeb0a7b58516:group-FC754A9A4BD4:LeaderElection87] INFO  server.RaftServerConfigKeys (ConfUtils.java:logGet(43)) - raft.server.watch.element-limit = 65536 (default)
2019-09-19 14:21:28,519 [6403e584-2209-453b-b79e-eeb0a7b58516:group-790AA433409B:LeaderElection89] INFO  server.RaftServerConfigKeys (ConfUtils.java:logGet(43)) - raft.server.watch.timeout.denomination = 1s (default)
2019-09-19 14:21:28,519 [5dfaa0ea-416a-422c-a75d-43311aceb00a:group-99527B0F1D6C:LeaderElection94] INFO  server.RaftServerConfigKeys (ConfUtils.java:logGet(43)) - raft.server.watch.timeout = 10s (default)
2019-09-19 14:21:28,521 [5dfaa0ea-416a-422c-a75d-43311aceb00a:group-99527B0F1D6C:LeaderElection94] INFO  server.RaftServerConfigKeys (ConfUtils.java:logGet(43)) - raft.server.watch.timeout.denomination = 1s (default)
2019-09-19 14:21:28,518 [6403e584-2209-453b-b79e-eeb0a7b58516:group-F5C4A469BBAD:LeaderElection96] INFO  server.RaftServerConfigKeys (ConfUtils.java:logGet(43)) - raft.server.watch.element-limit = 65536 (default)
2019-09-19 14:21:28,518 [5dfaa0ea-416a-422c-a75d-43311aceb00a:group-C06398C80B8A:LeaderElection88] INFO  server.RaftServerConfigKeys (ConfUtils.java:logGet(43)) - raft.server.watch.timeout = 10s (default)
2019-09-19 14:21:28,521 [5dfaa0ea-416a-422c-a75d-43311aceb00a:group-C06398C80B8A:LeaderElection88] INFO  server.RaftServerConfigKeys (ConfUtils.java:logGet(43)) - raft.server.watch.timeout.denomination = 1s (default)
2019-09-19 14:21:28,518 [5dfaa0ea-416a-422c-a75d-43311aceb00a:group-F7C7A6E62060:LeaderElection93] INFO  server.RaftServerConfigKeys (ConfUtils.java:logGet(43)) - raft.server.watch.timeout.denomination = 1s (default)
2019-09-19 14:21:28,518 [431517c4-8c09-4790-b37b-2e132c8143ad:group-88D967718BDF:LeaderElection95] INFO  server.RaftServerConfigKeys (ConfUtils.java:logGet(43)) - raft.server.watch.timeout = 10s (default)
2019-09-19 14:21:28,517 [6403e584-2209-453b-b79e-eeb0a7b58516-SegmentedRaftLogWorker:Storage Directory /workdir/hadoop-ozone/integration-test/target/test-dir/MiniOzoneClusterImpl-210d6028-2152-4683-81ff-347b0d29bb13/datanode-3/data/ratis/f2edf683-ab62-45da-8fb7-6080e7e288a7] INFO  impl.PendingRequests (PendingRequests.java:sendNotLeaderResponses(202)) - 6403e584-2209-453b-b79e-eeb0a7b58516-PendingRequests: sendNotLeaderResponses
2019-09-19 14:21:28,517 [306a7a99-f2a5-4f40-b42b-2fc2def08a6a-SegmentedRaftLogWorker:Storage Directory /workdir/hadoop-ozone/integration-test/target/test-dir/MiniOzoneClusterImpl-210d6028-2152-4683-81ff-347b0d29bb13/datanode-2/data/ratis/1359b96d-f500-4bb6-9160-96513c34e79c] INFO  util.JmxRegister (JmxRegister.java:unregister(73)) - Successfully un-registered JMX Bean with object name Ratis:service=RaftServer,group=group-96513C34E79C,id=306a7a99-f2a5-4f40-b42b-2fc2def08a6a
2019-09-19 14:21:28,522 [6403e584-2209-453b-b79e-eeb0a7b58516-SegmentedRaftLogWorker:Storage Directory /workdir/hadoop-ozone/integration-test/target/test-dir/MiniOzoneClusterImpl-210d6028-2152-4683-81ff-347b0d29bb13/datanode-3/data/ratis/f2edf683-ab62-45da-8fb7-6080e7e288a7] INFO  impl.StateMachineUpdater (StateMachineUpdater.java:stopAndJoin(115)) - StateMachineUpdater:6403e584-2209-453b-b79e-eeb0a7b58516:group-6080E7E288A7: set stopIndex = -1
2019-09-19 14:21:28,517 [Thread-665] INFO  impl.RaftServerImpl (RaftServerImpl.java:setRole(171)) - 85c6a9f3-b9a5-43a5-ac4f-9aa7bd5f2263:group-7B227C9559A3 changes role from FOLLOWER to CANDIDATE at term 0 for changeToCandidate
2019-09-19 14:21:28,517 [5dfaa0ea-416a-422c-a75d-43311aceb00a:group-03DEC9D1EE2C:LeaderElection91] INFO  server.RaftServerConfigKeys (ConfUtils.java:logGet(43)) - raft.server.watch.timeout.denomination = 1s (default)
2019-09-19 14:21:28,517 [1190b9a7-12b1-4c15-b33e-f7d0a0cd436c-SegmentedRaftLogWorker:Storage Directory /workdir/hadoop-ozone/integration-test/target/test-dir/MiniOzoneClusterImpl-210d6028-2152-4683-81ff-347b0d29bb13/datanode-4/data/ratis/913d0e2a-d2de-494f-9259-d7761551fa34] INFO  util.JmxRegister (JmxRegister.java:unregister(73)) - Successfully un-registered JMX Bean with object name Ratis:service=RaftServer,group=group-D7761551FA34,id=1190b9a7-12b1-4c15-b33e-f7d0a0cd436c
2019-09-19 14:21:28,523 [1190b9a7-12b1-4c15-b33e-f7d0a0cd436c-SegmentedRaftLogWorker:Storage Directory /workdir/hadoop-ozone/integration-test/target/test-dir/MiniOzoneClusterImpl-210d6028-2152-4683-81ff-347b0d29bb13/datanode-4/data/ratis/913d0e2a-d2de-494f-9259-d7761551fa34] INFO  impl.RoleInfo (RoleInfo.java:shutdownLeaderState(104)) - 1190b9a7-12b1-4c15-b33e-f7d0a0cd436c: shutdown LeaderState
2019-09-19 14:21:28,516 [5dfaa0ea-416a-422c-a75d-43311aceb00a-SegmentedRaftLogWorker:Storage Directory /workdir/hadoop-ozone/integration-test/target/test-dir/MiniOzoneClusterImpl-210d6028-2152-4683-81ff-347b0d29bb13/datanode-1/data/ratis/a3e8eaed-a1e1-47fa-be48-66fe1fc44657] INFO  util.JmxRegister (JmxRegister.java:unregister(73)) - Successfully un-registered JMX Bean with object name Ratis:service=RaftServer,group=group-66FE1FC44657,id=5dfaa0ea-416a-422c-a75d-43311aceb00a
2019-09-19 14:21:28,523 [5dfaa0ea-416a-422c-a75d-43311aceb00a-SegmentedRaftLogWorker:Storage Directory /workdir/hadoop-ozone/integration-test/target/test-dir/MiniOzoneClusterImpl-210d6028-2152-4683-81ff-347b0d29bb13/datanode-1/data/ratis/a3e8eaed-a1e1-47fa-be48-66fe1fc44657] INFO  impl.RoleInfo (RoleInfo.java:shutdownLeaderState(104)) - 5dfaa0ea-416a-422c-a75d-43311aceb00a: shutdown LeaderState
2019-09-19 14:21:28,516 [431517c4-8c09-4790-b37b-2e132c8143ad-SegmentedRaftLogWorker:Storage Directory /workdir/hadoop-ozone/integration-test/target/test-dir/MiniOzoneClusterImpl-210d6028-2152-4683-81ff-347b0d29bb13/datanode-5/data/ratis/151ac7cb-9f4b-4fc4-8c4c-1241104dbbbb] INFO  impl.RoleInfo (RoleInfo.java:shutdownLeaderState(104)) - 431517c4-8c09-4790-b37b-2e132c8143ad: shutdown LeaderState
2019-09-19 14:21:28,516 [306a7a99-f2a5-4f40-b42b-2fc2def08a6a-SegmentedRaftLogWorker:Storage Directory /workdir/hadoop-ozone/integration-test/target/test-dir/MiniOzoneClusterImpl-210d6028-2152-4683-81ff-347b0d29bb13/datanode-2/data/ratis/f329c24d-1edd-4435-aec9-040322c3d435] INFO  util.JmxRegister (JmxRegister.java:unregister(73)) - Successfully un-registered JMX Bean with object name Ratis:service=RaftServer,group=group-040322C3D435,id=306a7a99-f2a5-4f40-b42b-2fc2def08a6a
2019-09-19 14:21:28,516 [pool-60-thread-1] INFO  server.RaftServerConfigKeys (ConfUtils.java:logGet(43)) - raft.server.rpc.timeout.min = 5s (custom)
2019-09-19 14:21:28,516 [85c6a9f3-b9a5-43a5-ac4f-9aa7bd5f2263-SegmentedRaftLogWorker:Storage Directory /workdir/hadoop-ozone/integration-test/target/test-dir/MiniOzoneClusterImpl-210d6028-2152-4683-81ff-347b0d29bb13/datanode-0/data/ratis/3efddad6-25e9-4359-85ae-cecfc47f3681] INFO  segmented.SegmentedRaftLogWorker (SegmentedRaftLogWorker.java:close(228)) - 85c6a9f3-b9a5-43a5-ac4f-9aa7bd5f2263-SegmentedRaftLogWorker:Storage Directory /workdir/hadoop-ozone/integration-test/target/test-dir/MiniOzoneClusterImpl-210d6028-2152-4683-81ff-347b0d29bb13/datanode-0/data/ratis/3efddad6-25e9-4359-85ae-cecfc47f3681 close()
2019-09-19 14:21:28,516 [306a7a99-f2a5-4f40-b42b-2fc2def08a6a:group-427A1DAF45E9:LeaderElection84] INFO  server.RaftServerConfigKeys (ConfUtils.java:logGet(43)) - raft.server.write.element-limit = 4096 (default)
2019-09-19 14:21:28,515 [6403e584-2209-453b-b79e-eeb0a7b58516:group-A99CE1758501:LeaderElection97] INFO  server.RaftServerConfigKeys (ConfUtils.java:logGet(43)) - raft.server.rpc.sleep.time = 25ms (default)
2019-09-19 14:21:28,515 [5dfaa0ea-416a-422c-a75d-43311aceb00a:group-28257D859A2F:LeaderElection85] INFO  server.RaftServerConfigKeys (ConfUtils.java:logGet(43)) - raft.server.write.element-limit = 4096 (default)
2019-09-19 14:21:28,515 [306a7a99-f2a5-4f40-b42b-2fc2def08a6a:group-F2BDA4E60FC6:LeaderElection86] INFO  server.RaftServerConfigKeys (ConfUtils.java:logGet(43)) - raft.server.rpc.sleep.time = 25ms (default)
2019-09-19 14:21:28,515 [85c6a9f3-b9a5-43a5-ac4f-9aa7bd5f2263:group-DE6CB2708FEF:LeaderElection101] INFO  server.RaftServerConfigKeys (ConfUtils.java:logGet(43)) - raft.server.rpc.sleep.time = 25ms (default)
2019-09-19 14:21:28,514 [Thread-694] INFO  impl.RoleInfo (RoleInfo.java:shutdownFollowerState(121)) - 5dfaa0ea-416a-422c-a75d-43311aceb00a: shutdown FollowerState
2019-09-19 14:21:28,511 [6403e584-2209-453b-b79e-eeb0a7b58516:group-CB88C037056F:LeaderElection98] INFO  server.RaftServerConfigKeys (ConfUtils.java:logGet(43)) - raft.server.watch.timeout = 10s (default)
2019-09-19 14:21:28,528 [6403e584-2209-453b-b79e-eeb0a7b58516:group-CB88C037056F:LeaderElection98] INFO  server.RaftServerConfigKeys (ConfUtils.java:logGet(43)) - raft.server.watch.timeout.denomination = 1s (default)
2019-09-19 14:21:28,510 [6403e584-2209-453b-b79e-eeb0a7b58516:group-CB5CB1832614:LeaderElection100] INFO  server.RaftServerConfigKeys (ConfUtils.java:logGet(43)) - raft.server.watch.timeout = 10s (default)
2019-09-19 14:21:28,529 [6403e584-2209-453b-b79e-eeb0a7b58516:group-CB5CB1832614:LeaderElection100] INFO  server.RaftServerConfigKeys (ConfUtils.java:logGet(43)) - raft.server.watch.timeout.denomination = 1s (default)
2019-09-19 14:21:28,283 [306a7a99-f2a5-4f40-b42b-2fc2def08a6a:group-CB34ACF8C155:LeaderElection81] INFO  impl.RaftServerImpl (ServerState.java:setRaftConf(361)) - 306a7a99-f2a5-4f40-b42b-2fc2def08a6a:group-CB34ACF8C155 set configuration 0: [306a7a99-f2a5-4f40-b42b-2fc2def08a6a:192.168.157.226:42633], old=null at 0
2019-09-19 14:21:28,283 [306a7a99-f2a5-4f40-b42b-2fc2def08a6a:group-4E474D260ED7:LeaderElection99] INFO  server.RaftServerConfigKeys (ConfUtils.java:logGet(43)) - raft.server.rpc.sleep.time = 25ms (default)
2019-09-19 14:21:28,283 [6403e584-2209-453b-b79e-eeb0a7b58516:group-6DF381D064CD:LeaderElection102] INFO  impl.RaftServerImpl (RaftServerImpl.java:setRole(171)) - 6403e584-2209-453b-b79e-eeb0a7b58516:group-6DF381D064CD changes role from CANDIDATE to LEADER at term 1 for changeToLeader
2019-09-19 14:21:28,283 [6403e584-2209-453b-b79e-eeb0a7b58516:group-29E445EC1A13:LeaderElection77] INFO  impl.RaftServerImpl (ServerState.java:setRaftConf(361)) - 6403e584-2209-453b-b79e-eeb0a7b58516:group-29E445EC1A13 set configuration 0: [6403e584-2209-453b-b79e-eeb0a7b58516:192.168.157.226:35833], old=null at 0
2019-09-19 14:21:28,282 [306a7a99-f2a5-4f40-b42b-2fc2def08a6a:group-EBF6A907DE95:LeaderElection75] INFO  segmented.SegmentedRaftLogWorker (SegmentedRaftLogWorker.java:startLogSegment(380)) - 306a7a99-f2a5-4f40-b42b-2fc2def08a6a-SegmentedRaftLogWorker:Storage Directory /workdir/hadoop-ozone/integration-test/target/test-dir/MiniOzoneClusterImpl-210d6028-2152-4683-81ff-347b0d29bb13/datanode-2/data/ratis/2fc615a9-9353-49b0-b426-ebf6a907de95: Starting segment from index:0
2019-09-19 14:21:28,028 [431517c4-8c09-4790-b37b-2e132c8143ad:group-F48EAE1DFE2B:LeaderElection74] INFO  segmented.SegmentedRaftLogWorker (SegmentedRaftLogWorker.java:startLogSegment(380)) - 431517c4-8c09-4790-b37b-2e132c8143ad-SegmentedRaftLogWorker:Storage Directory /workdir/hadoop-ozone/integration-test/target/test-dir/MiniOzoneClusterImpl-210d6028-2152-4683-81ff-347b0d29bb13/datanode-5/data/ratis/8d8bddb9-fea1-44b8-831c-f48eae1dfe2b: Starting segment from index:0
2019-09-19 14:21:28,282 [Thread-708] INFO  impl.FollowerState (FollowerState.java:run(106)) - 306a7a99-f2a5-4f40-b42b-2fc2def08a6a:group-10AA2815E586 changes to CANDIDATE, lastRpcTime:5369, electionTimeout:5154ms
2019-09-19 14:21:28,530 [Thread-708] INFO  impl.RoleInfo (RoleInfo.java:shutdownFollowerState(121)) - 306a7a99-f2a5-4f40-b42b-2fc2def08a6a: shutdown FollowerState
2019-09-19 14:21:29,040 | INFO  | SCMAudit | user=jenkins1000 | ip=192.168.157.226 | op=SEND_HEARTBEAT {datanodeUUID=5dfaa0ea-416a-422c-a75d-43311aceb00a, command=[]} | ret=SUCCESS |  
2019-09-19 14:21:29,040 | INFO  | SCMAudit | user=jenkins1000 | ip=192.168.157.226 | op=SEND_HEARTBEAT {datanodeUUID=431517c4-8c09-4790-b37b-2e132c8143ad, command=[]} | ret=SUCCESS |  
2019-09-19 14:21:28,282 [Thread-720] INFO  impl.FollowerState (FollowerState.java:run(106)) - 306a7a99-f2a5-4f40-b42b-2fc2def08a6a:group-2EC6A4848DE1 changes to CANDIDATE, lastRpcTime:5181, electionTimeout:5146ms
2019-09-19 14:21:29,040 | INFO  | SCMAudit | user=jenkins1000 | ip=192.168.157.226 | op=SEND_HEARTBEAT {datanodeUUID=85c6a9f3-b9a5-43a5-ac4f-9aa7bd5f2263, command=[]} | ret=SUCCESS |  
2019-09-19 14:21:29,040 | INFO  | SCMAudit | user=jenkins1000 | ip=192.168.157.226 | op=SEND_HEARTBEAT {datanodeUUID=1190b9a7-12b1-4c15-b33e-f7d0a0cd436c, command=[]} | ret=SUCCESS |  
2019-09-19 14:21:29,040 [Thread-453] INFO  impl.FollowerState (FollowerState.java:run(106)) - 5dfaa0ea-416a-422c-a75d-43311aceb00a:group-B0A45DC59E65 changes to CANDIDATE, lastRpcTime:10693, electionTimeout:5120ms
2019-09-19 14:21:28,772 [Thread-708] INFO  impl.RaftServerImpl (RaftServerImpl.java:setRole(171)) - 306a7a99-f2a5-4f40-b42b-2fc2def08a6a:group-10AA2815E586 changes role from FOLLOWER to CANDIDATE at term 0 for changeToCandidate
2019-09-19 14:21:29,038 [Thread-447] INFO  impl.FollowerState (FollowerState.java:run(106)) - 5dfaa0ea-416a-422c-a75d-43311aceb00a:group-8305BCBB96E8 changes to CANDIDATE, lastRpcTime:10756, electionTimeout:5026ms
2019-09-19 14:21:29,038 [Thread-450] INFO  impl.FollowerState (FollowerState.java:run(106)) - 85c6a9f3-b9a5-43a5-ac4f-9aa7bd5f2263:group-C7CD4FB69A1A changes to CANDIDATE, lastRpcTime:10716, electionTimeout:5042ms
2019-09-19 14:21:29,041 | INFO  | SCMAudit | user=jenkins1000 | ip=192.168.157.226 | op=SEND_HEARTBEAT {datanodeUUID=56d21ab3-8f6d-44ea-b961-c721a1c09246, command=[]} | ret=SUCCESS |  
2019-09-19 14:21:29,038 [Thread-438] INFO  impl.FollowerState (FollowerState.java:run(106)) - 6403e584-2209-453b-b79e-eeb0a7b58516:group-CC2CF5BC0391 changes to CANDIDATE, lastRpcTime:10889, electionTimeout:5083ms
2019-09-19 14:21:29,035 [Thread-456] INFO  impl.FollowerState (FollowerState.java:run(106)) - 6403e584-2209-453b-b79e-eeb0a7b58516:group-CD2933B0793B changes to CANDIDATE, lastRpcTime:10672, electionTimeout:5155ms
2019-09-19 14:21:29,035 [Thread-435] INFO  impl.FollowerState (FollowerState.java:run(106)) - 85c6a9f3-b9a5-43a5-ac4f-9aa7bd5f2263:group-76218C4363DF changes to CANDIDATE, lastRpcTime:10933, electionTimeout:5139ms
2019-09-19 14:21:29,041 [Thread-435] INFO  impl.RoleInfo (RoleInfo.java:shutdownFollowerState(121)) - 85c6a9f3-b9a5-43a5-ac4f-9aa7bd5f2263: shutdown FollowerState
2019-09-19 14:21:29,035 [Thread-444] INFO  impl.FollowerState (FollowerState.java:run(106)) - 6403e584-2209-453b-b79e-eeb0a7b58516:group-1FE216233206 changes to CANDIDATE, lastRpcTime:10804, electionTimeout:5130ms
2019-09-19 14:21:29,030 [85c6a9f3-b9a5-43a5-ac4f-9aa7bd5f2263-SegmentedRaftLogWorker:Storage Directory /workdir/hadoop-ozone/integration-test/target/test-dir/MiniOzoneClusterImpl-210d6028-2152-4683-81ff-347b0d29bb13/datanode-0/data/ratis/32a78648-4c4e-43d8-a5eb-cded230a9c47] ERROR segmented.SegmentedRaftLogWorker (SegmentedRaftLogWorker.java:run(323)) - 85c6a9f3-b9a5-43a5-ac4f-9aa7bd5f2263-SegmentedRaftLogWorker:Storage Directory /workdir/hadoop-ozone/integration-test/target/test-dir/MiniOzoneClusterImpl-210d6028-2152-4683-81ff-347b0d29bb13/datanode-0/data/ratis/32a78648-4c4e-43d8-a5eb-cded230a9c47 hit exception
java.lang.OutOfMemoryError: Direct buffer memory
	at java.nio.Bits.reserveMemory(Bits.java:666)
	at java.nio.DirectByteBuffer.<init>(DirectByteBuffer.java:123)
	at java.nio.ByteBuffer.allocateDirect(ByteBuffer.java:311)
	at org.apache.ratis.server.raftlog.segmented.BufferedWriteChannel.<init>(BufferedWriteChannel.java:41)
	at org.apache.ratis.server.raftlog.segmented.SegmentedRaftLogOutputStream.<init>(SegmentedRaftLogOutputStream.java:72)
	at org.apache.ratis.server.raftlog.segmented.SegmentedRaftLogWorker$StartLogSegment.execute(SegmentedRaftLogWorker.java:566)
	at org.apache.ratis.server.raftlog.segmented.SegmentedRaftLogWorker.run(SegmentedRaftLogWorker.java:289)
	at java.lang.Thread.run(Thread.java:748)
2019-09-19 14:21:28,772 [431517c4-8c09-4790-b37b-2e132c8143ad:group-F48EAE1DFE2B:LeaderElection74] INFO  impl.RaftServerImpl (ServerState.java:setRaftConf(361)) - 431517c4-8c09-4790-b37b-2e132c8143ad:group-F48EAE1DFE2B set configuration 0: [431517c4-8c09-4790-b37b-2e132c8143ad:192.168.157.226:40911], old=null at 0
2019-09-19 14:21:28,772 [5dfaa0ea-416a-422c-a75d-43311aceb00a-SegmentedRaftLogWorker:Storage Directory /workdir/hadoop-ozone/integration-test/target/test-dir/MiniOzoneClusterImpl-210d6028-2152-4683-81ff-347b0d29bb13/datanode-1/data/ratis/adb0bda0-113c-4c95-8304-6756ac4acd80] ERROR segmented.SegmentedRaftLogWorker (SegmentedRaftLogWorker.java:run(323)) - 5dfaa0ea-416a-422c-a75d-43311aceb00a-SegmentedRaftLogWorker:Storage Directory /workdir/hadoop-ozone/integration-test/target/test-dir/MiniOzoneClusterImpl-210d6028-2152-4683-81ff-347b0d29bb13/datanode-1/data/ratis/adb0bda0-113c-4c95-8304-6756ac4acd80 hit exception
java.lang.OutOfMemoryError: Direct buffer memory
	at java.nio.Bits.reserveMemory(Bits.java:666)
	at java.nio.DirectByteBuffer.<init>(DirectByteBuffer.java:123)
	at java.nio.ByteBuffer.allocateDirect(ByteBuffer.java:311)
	at org.apache.ratis.server.raftlog.segmented.BufferedWriteChannel.<init>(BufferedWriteChannel.java:41)
	at org.apache.ratis.server.raftlog.segmented.SegmentedRaftLogOutputStream.<init>(SegmentedRaftLogOutputStream.java:72)
	at org.apache.ratis.server.raftlog.segmented.SegmentedRaftLogWorker$StartLogSegment.execute(SegmentedRaftLogWorker.java:566)
	at org.apache.ratis.server.raftlog.segmented.SegmentedRaftLogWorker.run(SegmentedRaftLogWorker.java:289)
	at java.lang.Thread.run(Thread.java:748)
2019-09-19 14:21:28,772 [306a7a99-f2a5-4f40-b42b-2fc2def08a6a-SegmentedRaftLogWorker:Storage Directory /workdir/hadoop-ozone/integration-test/target/test-dir/MiniOzoneClusterImpl-210d6028-2152-4683-81ff-347b0d29bb13/datanode-2/data/ratis/fb294bea-8d5d-4342-8de0-5b1d505db39f] ERROR segmented.SegmentedRaftLogWorker (SegmentedRaftLogWorker.java:run(323)) - 306a7a99-f2a5-4f40-b42b-2fc2def08a6a-SegmentedRaftLogWorker:Storage Directory /workdir/hadoop-ozone/integration-test/target/test-dir/MiniOzoneClusterImpl-210d6028-2152-4683-81ff-347b0d29bb13/datanode-2/data/ratis/fb294bea-8d5d-4342-8de0-5b1d505db39f hit exception
java.lang.OutOfMemoryError: Direct buffer memory
	at java.nio.Bits.reserveMemory(Bits.java:666)
	at java.nio.DirectByteBuffer.<init>(DirectByteBuffer.java:123)
	at java.nio.ByteBuffer.allocateDirect(ByteBuffer.java:311)
	at org.apache.ratis.server.raftlog.segmented.BufferedWriteChannel.<init>(BufferedWriteChannel.java:41)
	at org.apache.ratis.server.raftlog.segmented.SegmentedRaftLogOutputStream.<init>(SegmentedRaftLogOutputStream.java:72)
	at org.apache.ratis.server.raftlog.segmented.SegmentedRaftLogWorker$StartLogSegment.execute(SegmentedRaftLogWorker.java:566)
	at org.apache.ratis.server.raftlog.segmented.SegmentedRaftLogWorker.run(SegmentedRaftLogWorker.java:289)
	at java.lang.Thread.run(Thread.java:748)
2019-09-19 14:21:29,043 [306a7a99-f2a5-4f40-b42b-2fc2def08a6a-SegmentedRaftLogWorker:Storage Directory /workdir/hadoop-ozone/integration-test/target/test-dir/MiniOzoneClusterImpl-210d6028-2152-4683-81ff-347b0d29bb13/datanode-2/data/ratis/fb294bea-8d5d-4342-8de0-5b1d505db39f] INFO  impl.RaftServerImpl (RaftServerImpl.java:lambda$shutdown$3(245)) - 306a7a99-f2a5-4f40-b42b-2fc2def08a6a: shutdown group-5B1D505DB39F
2019-09-19 14:21:28,772 [5dfaa0ea-416a-422c-a75d-43311aceb00a-SegmentedRaftLogWorker:Storage Directory /workdir/hadoop-ozone/integration-test/target/test-dir/MiniOzoneClusterImpl-210d6028-2152-4683-81ff-347b0d29bb13/datanode-1/data/ratis/68bcb93a-8f3f-42d7-95c4-0e840a7d0b0d] ERROR segmented.SegmentedRaftLogWorker (SegmentedRaftLogWorker.java:run(323)) - 5dfaa0ea-416a-422c-a75d-43311aceb00a-SegmentedRaftLogWorker:Storage Directory /workdir/hadoop-ozone/integration-test/target/test-dir/MiniOzoneClusterImpl-210d6028-2152-4683-81ff-347b0d29bb13/datanode-1/data/ratis/68bcb93a-8f3f-42d7-95c4-0e840a7d0b0d hit exception
java.lang.OutOfMemoryError: Direct buffer memory
	at java.nio.Bits.reserveMemory(Bits.java:666)
	at java.nio.DirectByteBuffer.<init>(DirectByteBuffer.java:123)
	at java.nio.ByteBuffer.allocateDirect(ByteBuffer.java:311)
	at org.apache.ratis.server.raftlog.segmented.BufferedWriteChannel.<init>(BufferedWriteChannel.java:41)
	at org.apache.ratis.server.raftlog.segmented.SegmentedRaftLogOutputStream.<init>(SegmentedRaftLogOutputStream.java:72)
	at org.apache.ratis.server.raftlog.segmented.SegmentedRaftLogWorker$StartLogSegment.execute(SegmentedRaftLogWorker.java:566)
	at org.apache.ratis.server.raftlog.segmented.SegmentedRaftLogWorker.run(SegmentedRaftLogWorker.java:289)
	at java.lang.Thread.run(Thread.java:748)
2019-09-19 14:21:29,044 [5dfaa0ea-416a-422c-a75d-43311aceb00a-SegmentedRaftLogWorker:Storage Directory /workdir/hadoop-ozone/integration-test/target/test-dir/MiniOzoneClusterImpl-210d6028-2152-4683-81ff-347b0d29bb13/datanode-1/data/ratis/68bcb93a-8f3f-42d7-95c4-0e840a7d0b0d] INFO  impl.RaftServerImpl (RaftServerImpl.java:lambda$shutdown$3(245)) - 5dfaa0ea-416a-422c-a75d-43311aceb00a: shutdown group-0E840A7D0B0D
2019-09-19 14:21:28,772 [306a7a99-f2a5-4f40-b42b-2fc2def08a6a-SegmentedRaftLogWorker:Storage Directory /workdir/hadoop-ozone/integration-test/target/test-dir/MiniOzoneClusterImpl-210d6028-2152-4683-81ff-347b0d29bb13/datanode-2/data/ratis/d0c986d1-e39f-4294-adf9-aafaf8a40158] ERROR segmented.SegmentedRaftLogWorker (SegmentedRaftLogWorker.java:run(323)) - 306a7a99-f2a5-4f40-b42b-2fc2def08a6a-SegmentedRaftLogWorker:Storage Directory /workdir/hadoop-ozone/integration-test/target/test-dir/MiniOzoneClusterImpl-210d6028-2152-4683-81ff-347b0d29bb13/datanode-2/data/ratis/d0c986d1-e39f-4294-adf9-aafaf8a40158 hit exception
java.lang.OutOfMemoryError: Direct buffer memory
	at java.nio.Bits.reserveMemory(Bits.java:666)
	at java.nio.DirectByteBuffer.<init>(DirectByteBuffer.java:123)
	at java.nio.ByteBuffer.allocateDirect(ByteBuffer.java:311)
	at org.apache.ratis.server.raftlog.segmented.BufferedWriteChannel.<init>(BufferedWriteChannel.java:41)
	at org.apache.ratis.server.raftlog.segmented.SegmentedRaftLogOutputStream.<init>(SegmentedRaftLogOutputStream.java:72)
	at org.apache.ratis.server.raftlog.segmented.SegmentedRaftLogWorker$StartLogSegment.execute(SegmentedRaftLogWorker.java:566)
	at org.apache.ratis.server.raftlog.segmented.SegmentedRaftLogWorker.run(SegmentedRaftLogWorker.java:289)
	at java.lang.Thread.run(Thread.java:748)
2019-09-19 14:21:29,044 [306a7a99-f2a5-4f40-b42b-2fc2def08a6a-SegmentedRaftLogWorker:Storage Directory /workdir/hadoop-ozone/integration-test/target/test-dir/MiniOzoneClusterImpl-210d6028-2152-4683-81ff-347b0d29bb13/datanode-2/data/ratis/d0c986d1-e39f-4294-adf9-aafaf8a40158] INFO  impl.RaftServerImpl (RaftServerImpl.java:lambda$shutdown$3(245)) - 306a7a99-f2a5-4f40-b42b-2fc2def08a6a: shutdown group-AAFAF8A40158
2019-09-19 14:21:28,772 [5dfaa0ea-416a-422c-a75d-43311aceb00a-SegmentedRaftLogWorker:Storage Directory /workdir/hadoop-ozone/integration-test/target/test-dir/MiniOzoneClusterImpl-210d6028-2152-4683-81ff-347b0d29bb13/datanode-1/data/ratis/a4fefd89-f4e9-4fe3-ba65-2bdfd38a0b98] ERROR segmented.SegmentedRaftLogWorker (SegmentedRaftLogWorker.java:run(323)) - 5dfaa0ea-416a-422c-a75d-43311aceb00a-SegmentedRaftLogWorker:Storage Directory /workdir/hadoop-ozone/integration-test/target/test-dir/MiniOzoneClusterImpl-210d6028-2152-4683-81ff-347b0d29bb13/datanode-1/data/ratis/a4fefd89-f4e9-4fe3-ba65-2bdfd38a0b98 hit exception
java.lang.OutOfMemoryError: Direct buffer memory
	at java.nio.Bits.reserveMemory(Bits.java:666)
	at java.nio.DirectByteBuffer.<init>(DirectByteBuffer.java:123)
	at java.nio.ByteBuffer.allocateDirect(ByteBuffer.java:311)
	at org.apache.ratis.server.raftlog.segmented.BufferedWriteChannel.<init>(BufferedWriteChannel.java:41)
	at org.apache.ratis.server.raftlog.segmented.SegmentedRaftLogOutputStream.<init>(SegmentedRaftLogOutputStream.java:72)
	at org.apache.ratis.server.raftlog.segmented.SegmentedRaftLogWorker$StartLogSegment.execute(SegmentedRaftLogWorker.java:566)
	at org.apache.ratis.server.raftlog.segmented.SegmentedRaftLogWorker.run(SegmentedRaftLogWorker.java:289)
	at java.lang.Thread.run(Thread.java:748)
2019-09-19 14:21:28,772 [Thread-441] INFO  impl.FollowerState (FollowerState.java:run(106)) - 6403e584-2209-453b-b79e-eeb0a7b58516:group-B00340782978 changes to CANDIDATE, lastRpcTime:10581, electionTimeout:5005ms
2019-09-19 14:21:28,530 [306a7a99-f2a5-4f40-b42b-2fc2def08a6a:group-EBF6A907DE95:LeaderElection75] INFO  impl.RaftServerImpl (ServerState.java:setRaftConf(361)) - 306a7a99-f2a5-4f40-b42b-2fc2def08a6a:group-EBF6A907DE95 set configuration 0: [306a7a99-f2a5-4f40-b42b-2fc2def08a6a:192.168.157.226:42633], old=null at 0
2019-09-19 14:21:28,529 [6403e584-2209-453b-b79e-eeb0a7b58516:group-6DF381D064CD:LeaderElection102] INFO  impl.RaftServerImpl (ServerState.java:setLeader(263)) - 6403e584-2209-453b-b79e-eeb0a7b58516:group-6DF381D064CD change Leader from null to 6403e584-2209-453b-b79e-eeb0a7b58516 at term 1 for becomeLeader, leader elected after 8145ms
2019-09-19 14:21:28,529 [306a7a99-f2a5-4f40-b42b-2fc2def08a6a:group-4E474D260ED7:LeaderElection99] INFO  server.RaftServerConfigKeys (ConfUtils.java:logGet(43)) - raft.server.write.element-limit = 4096 (default)
2019-09-19 14:21:28,529 [6403e584-2209-453b-b79e-eeb0a7b58516:group-CB5CB1832614:LeaderElection100] INFO  server.RaftServerConfigKeys (ConfUtils.java:logGet(43)) - raft.server.watch.element-limit = 65536 (default)
2019-09-19 14:21:28,528 [6403e584-2209-453b-b79e-eeb0a7b58516:group-CB88C037056F:LeaderElection98] INFO  server.RaftServerConfigKeys (ConfUtils.java:logGet(43)) - raft.server.watch.element-limit = 65536 (default)
2019-09-19 14:21:28,528 [Thread-694] INFO  impl.RaftServerImpl (RaftServerImpl.java:setRole(171)) - 5dfaa0ea-416a-422c-a75d-43311aceb00a:group-084D5223D16C changes role from FOLLOWER to CANDIDATE at term 0 for changeToCandidate
2019-09-19 14:21:28,528 [85c6a9f3-b9a5-43a5-ac4f-9aa7bd5f2263:group-DE6CB2708FEF:LeaderElection101] INFO  server.RaftServerConfigKeys (ConfUtils.java:logGet(43)) - raft.server.write.element-limit = 4096 (default)
2019-09-19 14:21:28,528 [306a7a99-f2a5-4f40-b42b-2fc2def08a6a:group-F2BDA4E60FC6:LeaderElection86] INFO  server.RaftServerConfigKeys (ConfUtils.java:logGet(43)) - raft.server.write.element-limit = 4096 (default)
2019-09-19 14:21:28,528 [5dfaa0ea-416a-422c-a75d-43311aceb00a:group-28257D859A2F:LeaderElection85] INFO  server.RaftServerConfigKeys (ConfUtils.java:logGet(43)) - raft.server.watch.timeout = 10s (default)
2019-09-19 14:21:28,528 [6403e584-2209-453b-b79e-eeb0a7b58516:group-A99CE1758501:LeaderElection97] INFO  server.RaftServerConfigKeys (ConfUtils.java:logGet(43)) - raft.server.write.element-limit = 4096 (default)
2019-09-19 14:21:28,527 [306a7a99-f2a5-4f40-b42b-2fc2def08a6a:group-427A1DAF45E9:LeaderElection84] INFO  server.RaftServerConfigKeys (ConfUtils.java:logGet(43)) - raft.server.watch.timeout = 10s (default)
2019-09-19 14:21:28,524 [pool-60-thread-1] INFO  server.RaftServerConfigKeys (ConfUtils.java:logGet(43)) - raft.server.rpc.timeout.max = 5200ms (custom)
2019-09-19 14:21:28,523 [306a7a99-f2a5-4f40-b42b-2fc2def08a6a-SegmentedRaftLogWorker:Storage Directory /workdir/hadoop-ozone/integration-test/target/test-dir/MiniOzoneClusterImpl-210d6028-2152-4683-81ff-347b0d29bb13/datanode-2/data/ratis/f329c24d-1edd-4435-aec9-040322c3d435] INFO  impl.RoleInfo (RoleInfo.java:shutdownLeaderState(104)) - 306a7a99-f2a5-4f40-b42b-2fc2def08a6a: shutdown LeaderState
2019-09-19 14:21:28,523 [431517c4-8c09-4790-b37b-2e132c8143ad-SegmentedRaftLogWorker:Storage Directory /workdir/hadoop-ozone/integration-test/target/test-dir/MiniOzoneClusterImpl-210d6028-2152-4683-81ff-347b0d29bb13/datanode-5/data/ratis/151ac7cb-9f4b-4fc4-8c4c-1241104dbbbb] INFO  impl.PendingRequests (PendingRequests.java:sendNotLeaderResponses(202)) - 431517c4-8c09-4790-b37b-2e132c8143ad-PendingRequests: sendNotLeaderResponses
2019-09-19 14:21:28,523 [5dfaa0ea-416a-422c-a75d-43311aceb00a-SegmentedRaftLogWorker:Storage Directory /workdir/hadoop-ozone/integration-test/target/test-dir/MiniOzoneClusterImpl-210d6028-2152-4683-81ff-347b0d29bb13/datanode-1/data/ratis/a3e8eaed-a1e1-47fa-be48-66fe1fc44657] INFO  impl.PendingRequests (PendingRequests.java:sendNotLeaderResponses(202)) - 5dfaa0ea-416a-422c-a75d-43311aceb00a-PendingRequests: sendNotLeaderResponses
2019-09-19 14:21:29,048 [431517c4-8c09-4790-b37b-2e132c8143ad-SegmentedRaftLogWorker:Storage Directory /workdir/hadoop-ozone/integration-test/target/test-dir/MiniOzoneClusterImpl-210d6028-2152-4683-81ff-347b0d29bb13/datanode-5/data/ratis/151ac7cb-9f4b-4fc4-8c4c-1241104dbbbb] INFO  impl.StateMachineUpdater (StateMachineUpdater.java:stopAndJoin(115)) - StateMachineUpdater:431517c4-8c09-4790-b37b-2e132c8143ad:group-1241104DBBBB: set stopIndex = -1
2019-09-19 14:21:28,523 [1190b9a7-12b1-4c15-b33e-f7d0a0cd436c-SegmentedRaftLogWorker:Storage Directory /workdir/hadoop-ozone/integration-test/target/test-dir/MiniOzoneClusterImpl-210d6028-2152-4683-81ff-347b0d29bb13/datanode-4/data/ratis/913d0e2a-d2de-494f-9259-d7761551fa34] INFO  impl.PendingRequests (PendingRequests.java:sendNotLeaderResponses(202)) - 1190b9a7-12b1-4c15-b33e-f7d0a0cd436c-PendingRequests: sendNotLeaderResponses
2019-09-19 14:21:28,523 [5dfaa0ea-416a-422c-a75d-43311aceb00a:group-03DEC9D1EE2C:LeaderElection91] INFO  server.RaftServerConfigKeys (ConfUtils.java:logGet(43)) - raft.server.watch.element-limit = 65536 (default)
2019-09-19 14:21:28,522 [Thread-665] INFO  impl.RoleInfo (RoleInfo.java:updateAndGet(143)) - 85c6a9f3-b9a5-43a5-ac4f-9aa7bd5f2263: start LeaderElection
2019-09-19 14:21:28,522 [6403e584-2209-453b-b79e-eeb0a7b58516-SegmentedRaftLogWorker:Storage Directory /workdir/hadoop-ozone/integration-test/target/test-dir/MiniOzoneClusterImpl-210d6028-2152-4683-81ff-347b0d29bb13/datanode-3/data/ratis/f2edf683-ab62-45da-8fb7-6080e7e288a7] INFO  impl.RaftServerImpl (ServerState.java:close(394)) - 6403e584-2209-453b-b79e-eeb0a7b58516:group-6080E7E288A7 closes. The last applied log index is -1
2019-09-19 14:21:28,522 [306a7a99-f2a5-4f40-b42b-2fc2def08a6a-SegmentedRaftLogWorker:Storage Directory /workdir/hadoop-ozone/integration-test/target/test-dir/MiniOzoneClusterImpl-210d6028-2152-4683-81ff-347b0d29bb13/datanode-2/data/ratis/1359b96d-f500-4bb6-9160-96513c34e79c] INFO  impl.RoleInfo (RoleInfo.java:shutdownLeaderState(104)) - 306a7a99-f2a5-4f40-b42b-2fc2def08a6a: shutdown LeaderState
2019-09-19 14:21:28,522 [431517c4-8c09-4790-b37b-2e132c8143ad:group-88D967718BDF:LeaderElection95] INFO  server.RaftServerConfigKeys (ConfUtils.java:logGet(43)) - raft.server.watch.timeout.denomination = 1s (default)
2019-09-19 14:21:28,522 [5dfaa0ea-416a-422c-a75d-43311aceb00a:group-F7C7A6E62060:LeaderElection93] INFO  server.RaftServerConfigKeys (ConfUtils.java:logGet(43)) - raft.server.watch.element-limit = 65536 (default)
2019-09-19 14:21:28,521 [5dfaa0ea-416a-422c-a75d-43311aceb00a:group-C06398C80B8A:LeaderElection88] INFO  server.RaftServerConfigKeys (ConfUtils.java:logGet(43)) - raft.server.watch.element-limit = 65536 (default)
2019-09-19 14:21:28,521 [6403e584-2209-453b-b79e-eeb0a7b58516:group-F5C4A469BBAD:LeaderElection96] INFO  impl.RoleInfo (RoleInfo.java:updateAndGet(143)) - 6403e584-2209-453b-b79e-eeb0a7b58516: start LeaderState
2019-09-19 14:21:28,521 [5dfaa0ea-416a-422c-a75d-43311aceb00a:group-99527B0F1D6C:LeaderElection94] INFO  server.RaftServerConfigKeys (ConfUtils.java:logGet(43)) - raft.server.watch.element-limit = 65536 (default)
2019-09-19 14:21:29,053 [6403e584-2209-453b-b79e-eeb0a7b58516:group-F5C4A469BBAD:LeaderElection96] INFO  segmented.SegmentedRaftLogWorker (SegmentedRaftLogWorker.java:startLogSegment(380)) - 6403e584-2209-453b-b79e-eeb0a7b58516-SegmentedRaftLogWorker:Storage Directory /workdir/hadoop-ozone/integration-test/target/test-dir/MiniOzoneClusterImpl-210d6028-2152-4683-81ff-347b0d29bb13/datanode-3/data/ratis/2fff1b47-e774-49d3-aa3e-f5c4a469bbad: Starting segment from index:0
2019-09-19 14:21:28,521 [6403e584-2209-453b-b79e-eeb0a7b58516:group-790AA433409B:LeaderElection89] INFO  server.RaftServerConfigKeys (ConfUtils.java:logGet(43)) - raft.server.watch.element-limit = 65536 (default)
2019-09-19 14:21:28,520 [6403e584-2209-453b-b79e-eeb0a7b58516:group-FC754A9A4BD4:LeaderElection87] INFO  impl.RoleInfo (RoleInfo.java:updateAndGet(143)) - 6403e584-2209-453b-b79e-eeb0a7b58516: start LeaderState
2019-09-19 14:21:29,293 [85c6a9f3-b9a5-43a5-ac4f-9aa7bd5f2263:group-7B227C9559A3:LeaderElection103] INFO  impl.LeaderElection (LeaderElection.java:askForVotes(181)) - 85c6a9f3-b9a5-43a5-ac4f-9aa7bd5f2263:group-7B227C9559A3:LeaderElection103: begin an election at term 1 for -1: [85c6a9f3-b9a5-43a5-ac4f-9aa7bd5f2263:192.168.157.226:45170], old=null
2019-09-19 14:21:28,520 [85c6a9f3-b9a5-43a5-ac4f-9aa7bd5f2263:group-111669BAE36C:LeaderElection90] INFO  impl.RoleInfo (RoleInfo.java:updateAndGet(143)) - 85c6a9f3-b9a5-43a5-ac4f-9aa7bd5f2263: start LeaderState
2019-09-19 14:21:28,520 [306a7a99-f2a5-4f40-b42b-2fc2def08a6a:group-4B237A1118DD:LeaderElection92] INFO  server.RaftServerConfigKeys (ConfUtils.java:logGet(43)) - raft.server.watch.element-limit = 65536 (default)
2019-09-19 14:21:28,520 [6403e584-2209-453b-b79e-eeb0a7b58516:group-7382CF0FF315:LeaderElection83] INFO  server.RaftServerConfigKeys (ConfUtils.java:logGet(43)) - raft.server.write.element-limit = 4096 (default)
2019-09-19 14:21:29,294 [85c6a9f3-b9a5-43a5-ac4f-9aa7bd5f2263:group-111669BAE36C:LeaderElection90] INFO  segmented.SegmentedRaftLogWorker (SegmentedRaftLogWorker.java:startLogSegment(380)) - 85c6a9f3-b9a5-43a5-ac4f-9aa7bd5f2263-SegmentedRaftLogWorker:Storage Directory /workdir/hadoop-ozone/integration-test/target/test-dir/MiniOzoneClusterImpl-210d6028-2152-4683-81ff-347b0d29bb13/datanode-0/data/ratis/685c9429-6346-4d93-9d6e-111669bae36c: Starting segment from index:0
2019-09-19 14:21:29,293 [85c6a9f3-b9a5-43a5-ac4f-9aa7bd5f2263:group-7B227C9559A3:LeaderElection103] INFO  impl.RoleInfo (RoleInfo.java:shutdownLeaderElection(134)) - 85c6a9f3-b9a5-43a5-ac4f-9aa7bd5f2263: shutdown LeaderElection
2019-09-19 14:21:29,293 [6403e584-2209-453b-b79e-eeb0a7b58516:group-FC754A9A4BD4:LeaderElection87] INFO  segmented.SegmentedRaftLogWorker (SegmentedRaftLogWorker.java:startLogSegment(380)) - 6403e584-2209-453b-b79e-eeb0a7b58516-SegmentedRaftLogWorker:Storage Directory /workdir/hadoop-ozone/integration-test/target/test-dir/MiniOzoneClusterImpl-210d6028-2152-4683-81ff-347b0d29bb13/datanode-3/data/ratis/fedba6e8-daec-4067-a469-fc754a9a4bd4: Starting segment from index:0
2019-09-19 14:21:29,293 [6403e584-2209-453b-b79e-eeb0a7b58516:group-F5C4A469BBAD:LeaderElection96] INFO  impl.RaftServerImpl (ServerState.java:setRaftConf(361)) - 6403e584-2209-453b-b79e-eeb0a7b58516:group-F5C4A469BBAD set configuration 0: [6403e584-2209-453b-b79e-eeb0a7b58516:192.168.157.226:35833], old=null at 0
2019-09-19 14:21:29,054 [6403e584-2209-453b-b79e-eeb0a7b58516:group-790AA433409B:LeaderElection89] INFO  impl.RoleInfo (RoleInfo.java:updateAndGet(143)) - 6403e584-2209-453b-b79e-eeb0a7b58516: start LeaderState
2019-09-19 14:21:29,053 [5dfaa0ea-416a-422c-a75d-43311aceb00a:group-99527B0F1D6C:LeaderElection94] INFO  impl.RoleInfo (RoleInfo.java:updateAndGet(143)) - 5dfaa0ea-416a-422c-a75d-43311aceb00a: start LeaderState
2019-09-19 14:21:29,053 [5dfaa0ea-416a-422c-a75d-43311aceb00a:group-C06398C80B8A:LeaderElection88] INFO  impl.RoleInfo (RoleInfo.java:updateAndGet(143)) - 5dfaa0ea-416a-422c-a75d-43311aceb00a: start LeaderState
2019-09-19 14:21:29,708 [5dfaa0ea-416a-422c-a75d-43311aceb00a:group-99527B0F1D6C:LeaderElection94] INFO  segmented.SegmentedRaftLogWorker (SegmentedRaftLogWorker.java:startLogSegment(380)) - 5dfaa0ea-416a-422c-a75d-43311aceb00a-SegmentedRaftLogWorker:Storage Directory /workdir/hadoop-ozone/integration-test/target/test-dir/MiniOzoneClusterImpl-210d6028-2152-4683-81ff-347b0d29bb13/datanode-1/data/ratis/eda21a42-e9b2-448c-bdc3-99527b0f1d6c: Starting segment from index:0
2019-09-19 14:21:29,053 [5dfaa0ea-416a-422c-a75d-43311aceb00a:group-F7C7A6E62060:LeaderElection93] INFO  impl.RoleInfo (RoleInfo.java:updateAndGet(143)) - 5dfaa0ea-416a-422c-a75d-43311aceb00a: start LeaderState
2019-09-19 14:21:29,053 [431517c4-8c09-4790-b37b-2e132c8143ad:group-88D967718BDF:LeaderElection95] INFO  server.RaftServerConfigKeys (ConfUtils.java:logGet(43)) - raft.server.watch.element-limit = 65536 (default)
2019-09-19 14:21:29,708 | INFO  | SCMAudit | user=jenkins1000 | ip=192.168.157.226 | op=SEND_HEARTBEAT {datanodeUUID=6403e584-2209-453b-b79e-eeb0a7b58516, command=[]} | ret=SUCCESS |  
2019-09-19 14:21:29,708 | INFO  | SCMAudit | user=jenkins1000 | ip=192.168.157.226 | op=SEND_HEARTBEAT {datanodeUUID=306a7a99-f2a5-4f40-b42b-2fc2def08a6a, command=[]} | ret=SUCCESS |  
2019-09-19 14:21:29,052 [6403e584-2209-453b-b79e-eeb0a7b58516-SegmentedRaftLogWorker:Storage Directory /workdir/hadoop-ozone/integration-test/target/test-dir/MiniOzoneClusterImpl-210d6028-2152-4683-81ff-347b0d29bb13/datanode-3/data/ratis/f2edf683-ab62-45da-8fb7-6080e7e288a7] INFO  segmented.SegmentedRaftLogWorker (SegmentedRaftLogWorker.java:close(228)) - 6403e584-2209-453b-b79e-eeb0a7b58516-SegmentedRaftLogWorker:Storage Directory /workdir/hadoop-ozone/integration-test/target/test-dir/MiniOzoneClusterImpl-210d6028-2152-4683-81ff-347b0d29bb13/datanode-3/data/ratis/f2edf683-ab62-45da-8fb7-6080e7e288a7 close()
2019-09-19 14:21:29,052 [306a7a99-f2a5-4f40-b42b-2fc2def08a6a-SegmentedRaftLogWorker:Storage Directory /workdir/hadoop-ozone/integration-test/target/test-dir/MiniOzoneClusterImpl-210d6028-2152-4683-81ff-347b0d29bb13/datanode-2/data/ratis/1359b96d-f500-4bb6-9160-96513c34e79c] INFO  impl.PendingRequests (PendingRequests.java:sendNotLeaderResponses(202)) - 306a7a99-f2a5-4f40-b42b-2fc2def08a6a-PendingRequests: sendNotLeaderResponses
2019-09-19 14:21:29,048 [5dfaa0ea-416a-422c-a75d-43311aceb00a:group-03DEC9D1EE2C:LeaderElection91] INFO  impl.RoleInfo (RoleInfo.java:updateAndGet(143)) - 5dfaa0ea-416a-422c-a75d-43311aceb00a: start LeaderState
2019-09-19 14:21:29,048 [1190b9a7-12b1-4c15-b33e-f7d0a0cd436c-SegmentedRaftLogWorker:Storage Directory /workdir/hadoop-ozone/integration-test/target/test-dir/MiniOzoneClusterImpl-210d6028-2152-4683-81ff-347b0d29bb13/datanode-4/data/ratis/913d0e2a-d2de-494f-9259-d7761551fa34] INFO  impl.StateMachineUpdater (StateMachineUpdater.java:stopAndJoin(115)) - StateMachineUpdater:1190b9a7-12b1-4c15-b33e-f7d0a0cd436c:group-D7761551FA34: set stopIndex = -1
2019-09-19 14:21:29,048 [431517c4-8c09-4790-b37b-2e132c8143ad-SegmentedRaftLogWorker:Storage Directory /workdir/hadoop-ozone/integration-test/target/test-dir/MiniOzoneClusterImpl-210d6028-2152-4683-81ff-347b0d29bb13/datanode-5/data/ratis/151ac7cb-9f4b-4fc4-8c4c-1241104dbbbb] INFO  impl.RaftServerImpl (ServerState.java:close(394)) - 431517c4-8c09-4790-b37b-2e132c8143ad:group-1241104DBBBB closes. The last applied log index is -1
2019-09-19 14:21:29,048 [5dfaa0ea-416a-422c-a75d-43311aceb00a-SegmentedRaftLogWorker:Storage Directory /workdir/hadoop-ozone/integration-test/target/test-dir/MiniOzoneClusterImpl-210d6028-2152-4683-81ff-347b0d29bb13/datanode-1/data/ratis/a3e8eaed-a1e1-47fa-be48-66fe1fc44657] INFO  impl.StateMachineUpdater (StateMachineUpdater.java:stopAndJoin(115)) - StateMachineUpdater:5dfaa0ea-416a-422c-a75d-43311aceb00a:group-66FE1FC44657: set stopIndex = -1
2019-09-19 14:21:29,047 [306a7a99-f2a5-4f40-b42b-2fc2def08a6a-SegmentedRaftLogWorker:Storage Directory /workdir/hadoop-ozone/integration-test/target/test-dir/MiniOzoneClusterImpl-210d6028-2152-4683-81ff-347b0d29bb13/datanode-2/data/ratis/f329c24d-1edd-4435-aec9-040322c3d435] INFO  impl.PendingRequests (PendingRequests.java:sendNotLeaderResponses(202)) - 306a7a99-f2a5-4f40-b42b-2fc2def08a6a-PendingRequests: sendNotLeaderResponses
2019-09-19 14:21:29,047 [pool-60-thread-1] INFO  server.RaftServerConfigKeys (ConfUtils.java:logGet(43)) - raft.server.rpcslowness.timeout = 120s (custom)
2019-09-19 14:21:29,941 [306a7a99-f2a5-4f40-b42b-2fc2def08a6a-SegmentedRaftLogWorker:Storage Directory /workdir/hadoop-ozone/integration-test/target/test-dir/MiniOzoneClusterImpl-210d6028-2152-4683-81ff-347b0d29bb13/datanode-2/data/ratis/f329c24d-1edd-4435-aec9-040322c3d435] INFO  impl.StateMachineUpdater (StateMachineUpdater.java:stopAndJoin(115)) - StateMachineUpdater:306a7a99-f2a5-4f40-b42b-2fc2def08a6a:group-040322C3D435: set stopIndex = -1
2019-09-19 14:21:29,047 [306a7a99-f2a5-4f40-b42b-2fc2def08a6a:group-427A1DAF45E9:LeaderElection84] INFO  server.RaftServerConfigKeys (ConfUtils.java:logGet(43)) - raft.server.watch.timeout.denomination = 1s (default)
2019-09-19 14:21:29,047 [6403e584-2209-453b-b79e-eeb0a7b58516:group-A99CE1758501:LeaderElection97] INFO  server.RaftServerConfigKeys (ConfUtils.java:logGet(43)) - raft.server.watch.timeout = 10s (default)
2019-09-19 14:21:29,047 [5dfaa0ea-416a-422c-a75d-43311aceb00a:group-28257D859A2F:LeaderElection85] INFO  server.RaftServerConfigKeys (ConfUtils.java:logGet(43)) - raft.server.watch.timeout.denomination = 1s (default)
2019-09-19 14:21:29,942 [5dfaa0ea-416a-422c-a75d-43311aceb00a:group-28257D859A2F:LeaderElection85] INFO  server.RaftServerConfigKeys (ConfUtils.java:logGet(43)) - raft.server.watch.element-limit = 65536 (default)
2019-09-19 14:21:29,046 [306a7a99-f2a5-4f40-b42b-2fc2def08a6a:group-F2BDA4E60FC6:LeaderElection86] INFO  server.RaftServerConfigKeys (ConfUtils.java:logGet(43)) - raft.server.watch.timeout = 10s (default)
2019-09-19 14:21:29,046 [85c6a9f3-b9a5-43a5-ac4f-9aa7bd5f2263:group-DE6CB2708FEF:LeaderElection101] INFO  server.RaftServerConfigKeys (ConfUtils.java:logGet(43)) - raft.server.watch.timeout = 10s (default)
2019-09-19 14:21:29,046 [Thread-694] INFO  impl.RoleInfo (RoleInfo.java:updateAndGet(143)) - 5dfaa0ea-416a-422c-a75d-43311aceb00a: start LeaderElection
2019-09-19 14:21:29,046 [6403e584-2209-453b-b79e-eeb0a7b58516:group-CB88C037056F:LeaderElection98] INFO  impl.RoleInfo (RoleInfo.java:updateAndGet(143)) - 6403e584-2209-453b-b79e-eeb0a7b58516: start LeaderState
2019-09-19 14:21:29,046 [6403e584-2209-453b-b79e-eeb0a7b58516:group-CB5CB1832614:LeaderElection100] INFO  impl.RoleInfo (RoleInfo.java:updateAndGet(143)) - 6403e584-2209-453b-b79e-eeb0a7b58516: start LeaderState
2019-09-19 14:21:29,046 [306a7a99-f2a5-4f40-b42b-2fc2def08a6a:group-4E474D260ED7:LeaderElection99] INFO  server.RaftServerConfigKeys (ConfUtils.java:logGet(43)) - raft.server.watch.timeout = 10s (default)
2019-09-19 14:21:29,045 [6403e584-2209-453b-b79e-eeb0a7b58516:group-6DF381D064CD:LeaderElection102] INFO  server.RaftServerConfigKeys (ConfUtils.java:logGet(43)) - raft.server.staging.catchup.gap = 1000 (default)
2019-09-19 14:21:29,045 [Thread-441] INFO  impl.RoleInfo (RoleInfo.java:shutdownFollowerState(121)) - 6403e584-2209-453b-b79e-eeb0a7b58516: shutdown FollowerState
2019-09-19 14:21:29,045 [5dfaa0ea-416a-422c-a75d-43311aceb00a-SegmentedRaftLogWorker:Storage Directory /workdir/hadoop-ozone/integration-test/target/test-dir/MiniOzoneClusterImpl-210d6028-2152-4683-81ff-347b0d29bb13/datanode-1/data/ratis/a4fefd89-f4e9-4fe3-ba65-2bdfd38a0b98] INFO  impl.RaftServerImpl (RaftServerImpl.java:lambda$shutdown$3(245)) - 5dfaa0ea-416a-422c-a75d-43311aceb00a: shutdown group-2BDFD38A0B98
2019-09-19 14:21:29,044 [306a7a99-f2a5-4f40-b42b-2fc2def08a6a-SegmentedRaftLogWorker:Storage Directory /workdir/hadoop-ozone/integration-test/target/test-dir/MiniOzoneClusterImpl-210d6028-2152-4683-81ff-347b0d29bb13/datanode-2/data/ratis/d0c986d1-e39f-4294-adf9-aafaf8a40158] INFO  util.JmxRegister (JmxRegister.java:unregister(73)) - Successfully un-registered JMX Bean with object name Ratis:service=RaftServer,group=group-AAFAF8A40158,id=306a7a99-f2a5-4f40-b42b-2fc2def08a6a
2019-09-19 14:21:29,044 [5dfaa0ea-416a-422c-a75d-43311aceb00a-SegmentedRaftLogWorker:Storage Directory /workdir/hadoop-ozone/integration-test/target/test-dir/MiniOzoneClusterImpl-210d6028-2152-4683-81ff-347b0d29bb13/datanode-1/data/ratis/68bcb93a-8f3f-42d7-95c4-0e840a7d0b0d] INFO  util.JmxRegister (JmxRegister.java:unregister(73)) - Successfully un-registered JMX Bean with object name Ratis:service=RaftServer,group=group-0E840A7D0B0D,id=5dfaa0ea-416a-422c-a75d-43311aceb00a
2019-09-19 14:21:29,043 [306a7a99-f2a5-4f40-b42b-2fc2def08a6a-SegmentedRaftLogWorker:Storage Directory /workdir/hadoop-ozone/integration-test/target/test-dir/MiniOzoneClusterImpl-210d6028-2152-4683-81ff-347b0d29bb13/datanode-2/data/ratis/fb294bea-8d5d-4342-8de0-5b1d505db39f] INFO  util.JmxRegister (JmxRegister.java:unregister(73)) - Successfully un-registered JMX Bean with object name Ratis:service=RaftServer,group=group-5B1D505DB39F,id=306a7a99-f2a5-4f40-b42b-2fc2def08a6a
2019-09-19 14:21:29,043 [5dfaa0ea-416a-422c-a75d-43311aceb00a-SegmentedRaftLogWorker:Storage Directory /workdir/hadoop-ozone/integration-test/target/test-dir/MiniOzoneClusterImpl-210d6028-2152-4683-81ff-347b0d29bb13/datanode-1/data/ratis/adb0bda0-113c-4c95-8304-6756ac4acd80] INFO  impl.RaftServerImpl (RaftServerImpl.java:lambda$shutdown$3(245)) - 5dfaa0ea-416a-422c-a75d-43311aceb00a: shutdown group-6756AC4ACD80
2019-09-19 14:21:29,042 [85c6a9f3-b9a5-43a5-ac4f-9aa7bd5f2263-SegmentedRaftLogWorker:Storage Directory /workdir/hadoop-ozone/integration-test/target/test-dir/MiniOzoneClusterImpl-210d6028-2152-4683-81ff-347b0d29bb13/datanode-0/data/ratis/32a78648-4c4e-43d8-a5eb-cded230a9c47] INFO  impl.RaftServerImpl (RaftServerImpl.java:lambda$shutdown$3(245)) - 85c6a9f3-b9a5-43a5-ac4f-9aa7bd5f2263: shutdown group-CDED230A9C47
2019-09-19 14:21:29,042 [Thread-444] INFO  impl.RoleInfo (RoleInfo.java:shutdownFollowerState(121)) - 6403e584-2209-453b-b79e-eeb0a7b58516: shutdown FollowerState
2019-09-19 14:21:29,041 [Thread-435] INFO  impl.RaftServerImpl (RaftServerImpl.java:setRole(171)) - 85c6a9f3-b9a5-43a5-ac4f-9aa7bd5f2263:group-76218C4363DF changes role from FOLLOWER to CANDIDATE at term 0 for changeToCandidate
2019-09-19 14:21:29,041 [Thread-456] INFO  impl.RoleInfo (RoleInfo.java:shutdownFollowerState(121)) - 6403e584-2209-453b-b79e-eeb0a7b58516: shutdown FollowerState
2019-09-19 14:21:29,041 [Thread-438] INFO  impl.RoleInfo (RoleInfo.java:shutdownFollowerState(121)) - 6403e584-2209-453b-b79e-eeb0a7b58516: shutdown FollowerState
2019-09-19 14:21:29,041 [Thread-450] INFO  impl.RoleInfo (RoleInfo.java:shutdownFollowerState(121)) - 85c6a9f3-b9a5-43a5-ac4f-9aa7bd5f2263: shutdown FollowerState
2019-09-19 14:21:29,041 [Thread-447] INFO  impl.RoleInfo (RoleInfo.java:shutdownFollowerState(121)) - 5dfaa0ea-416a-422c-a75d-43311aceb00a: shutdown FollowerState
2019-09-19 14:21:29,041 [Thread-708] INFO  impl.RoleInfo (RoleInfo.java:updateAndGet(143)) - 306a7a99-f2a5-4f40-b42b-2fc2def08a6a: start LeaderElection
2019-09-19 14:21:29,040 [Thread-453] INFO  impl.RoleInfo (RoleInfo.java:shutdownFollowerState(121)) - 5dfaa0ea-416a-422c-a75d-43311aceb00a: shutdown FollowerState
2019-09-19 14:21:29,040 [Thread-720] INFO  impl.RoleInfo (RoleInfo.java:shutdownFollowerState(121)) - 306a7a99-f2a5-4f40-b42b-2fc2def08a6a: shutdown FollowerState
2019-09-19 14:21:29,948 [Thread-453] INFO  impl.RaftServerImpl (RaftServerImpl.java:setRole(171)) - 5dfaa0ea-416a-422c-a75d-43311aceb00a:group-B0A45DC59E65 changes role from FOLLOWER to CANDIDATE at term 0 for changeToCandidate
2019-09-19 14:21:29,946 [Thread-447] INFO  impl.RaftServerImpl (RaftServerImpl.java:setRole(171)) - 5dfaa0ea-416a-422c-a75d-43311aceb00a:group-8305BCBB96E8 changes role from FOLLOWER to CANDIDATE at term 0 for changeToCandidate
2019-09-19 14:21:29,946 [Thread-450] INFO  impl.RaftServerImpl (RaftServerImpl.java:setRole(171)) - 85c6a9f3-b9a5-43a5-ac4f-9aa7bd5f2263:group-C7CD4FB69A1A changes role from FOLLOWER to CANDIDATE at term 0 for changeToCandidate
2019-09-19 14:21:29,946 [Thread-438] INFO  impl.RaftServerImpl (RaftServerImpl.java:setRole(171)) - 6403e584-2209-453b-b79e-eeb0a7b58516:group-CC2CF5BC0391 changes role from FOLLOWER to CANDIDATE at term 0 for changeToCandidate
2019-09-19 14:21:29,946 [Thread-456] INFO  impl.RaftServerImpl (RaftServerImpl.java:setRole(171)) - 6403e584-2209-453b-b79e-eeb0a7b58516:group-CD2933B0793B changes role from FOLLOWER to CANDIDATE at term 0 for changeToCandidate
2019-09-19 14:21:29,946 [Thread-435] INFO  impl.RoleInfo (RoleInfo.java:updateAndGet(143)) - 85c6a9f3-b9a5-43a5-ac4f-9aa7bd5f2263: start LeaderElection
2019-09-19 14:21:29,946 [Thread-444] INFO  impl.RaftServerImpl (RaftServerImpl.java:setRole(171)) - 6403e584-2209-453b-b79e-eeb0a7b58516:group-1FE216233206 changes role from FOLLOWER to CANDIDATE at term 0 for changeToCandidate
2019-09-19 14:21:29,946 [85c6a9f3-b9a5-43a5-ac4f-9aa7bd5f2263-SegmentedRaftLogWorker:Storage Directory /workdir/hadoop-ozone/integration-test/target/test-dir/MiniOzoneClusterImpl-210d6028-2152-4683-81ff-347b0d29bb13/datanode-0/data/ratis/32a78648-4c4e-43d8-a5eb-cded230a9c47] INFO  util.JmxRegister (JmxRegister.java:unregister(73)) - Successfully un-registered JMX Bean with object name Ratis:service=RaftServer,group=group-CDED230A9C47,id=85c6a9f3-b9a5-43a5-ac4f-9aa7bd5f2263
2019-09-19 14:21:29,946 [5dfaa0ea-416a-422c-a75d-43311aceb00a-SegmentedRaftLogWorker:Storage Directory /workdir/hadoop-ozone/integration-test/target/test-dir/MiniOzoneClusterImpl-210d6028-2152-4683-81ff-347b0d29bb13/datanode-1/data/ratis/adb0bda0-113c-4c95-8304-6756ac4acd80] INFO  util.JmxRegister (JmxRegister.java:unregister(73)) - Successfully un-registered JMX Bean with object name Ratis:service=RaftServer,group=group-6756AC4ACD80,id=5dfaa0ea-416a-422c-a75d-43311aceb00a
2019-09-19 14:21:29,946 [306a7a99-f2a5-4f40-b42b-2fc2def08a6a-SegmentedRaftLogWorker:Storage Directory /workdir/hadoop-ozone/integration-test/target/test-dir/MiniOzoneClusterImpl-210d6028-2152-4683-81ff-347b0d29bb13/datanode-2/data/ratis/fb294bea-8d5d-4342-8de0-5b1d505db39f] INFO  impl.RoleInfo (RoleInfo.java:shutdownLeaderState(104)) - 306a7a99-f2a5-4f40-b42b-2fc2def08a6a: shutdown LeaderState
2019-09-19 14:21:29,945 [5dfaa0ea-416a-422c-a75d-43311aceb00a-SegmentedRaftLogWorker:Storage Directory /workdir/hadoop-ozone/integration-test/target/test-dir/MiniOzoneClusterImpl-210d6028-2152-4683-81ff-347b0d29bb13/datanode-1/data/ratis/68bcb93a-8f3f-42d7-95c4-0e840a7d0b0d] INFO  impl.RoleInfo (RoleInfo.java:shutdownLeaderState(104)) - 5dfaa0ea-416a-422c-a75d-43311aceb00a: shutdown LeaderState
2019-09-19 14:21:29,949 [306a7a99-f2a5-4f40-b42b-2fc2def08a6a-SegmentedRaftLogWorker:Storage Directory /workdir/hadoop-ozone/integration-test/target/test-dir/MiniOzoneClusterImpl-210d6028-2152-4683-81ff-347b0d29bb13/datanode-2/data/ratis/fb294bea-8d5d-4342-8de0-5b1d505db39f] INFO  impl.PendingRequests (PendingRequests.java:sendNotLeaderResponses(202)) - 306a7a99-f2a5-4f40-b42b-2fc2def08a6a-PendingRequests: sendNotLeaderResponses
2019-09-19 14:21:29,945 [306a7a99-f2a5-4f40-b42b-2fc2def08a6a-SegmentedRaftLogWorker:Storage Directory /workdir/hadoop-ozone/integration-test/target/test-dir/MiniOzoneClusterImpl-210d6028-2152-4683-81ff-347b0d29bb13/datanode-2/data/ratis/d0c986d1-e39f-4294-adf9-aafaf8a40158] INFO  impl.RoleInfo (RoleInfo.java:shutdownLeaderState(104)) - 306a7a99-f2a5-4f40-b42b-2fc2def08a6a: shutdown LeaderState
2019-09-19 14:21:29,949 [306a7a99-f2a5-4f40-b42b-2fc2def08a6a-SegmentedRaftLogWorker:Storage Directory /workdir/hadoop-ozone/integration-test/target/test-dir/MiniOzoneClusterImpl-210d6028-2152-4683-81ff-347b0d29bb13/datanode-2/data/ratis/fb294bea-8d5d-4342-8de0-5b1d505db39f] INFO  impl.StateMachineUpdater (StateMachineUpdater.java:stopAndJoin(115)) - StateMachineUpdater:306a7a99-f2a5-4f40-b42b-2fc2def08a6a:group-5B1D505DB39F: set stopIndex = -1
2019-09-19 14:21:29,945 [5dfaa0ea-416a-422c-a75d-43311aceb00a-SegmentedRaftLogWorker:Storage Directory /workdir/hadoop-ozone/integration-test/target/test-dir/MiniOzoneClusterImpl-210d6028-2152-4683-81ff-347b0d29bb13/datanode-1/data/ratis/a4fefd89-f4e9-4fe3-ba65-2bdfd38a0b98] INFO  util.JmxRegister (JmxRegister.java:unregister(73)) - Successfully un-registered JMX Bean with object name Ratis:service=RaftServer,group=group-2BDFD38A0B98,id=5dfaa0ea-416a-422c-a75d-43311aceb00a
2019-09-19 14:21:29,945 [Thread-441] INFO  impl.RaftServerImpl (RaftServerImpl.java:setRole(171)) - 6403e584-2209-453b-b79e-eeb0a7b58516:group-B00340782978 changes role from FOLLOWER to CANDIDATE at term 0 for changeToCandidate
2019-09-19 14:21:29,950 [Thread-441] INFO  impl.RoleInfo (RoleInfo.java:updateAndGet(143)) - 6403e584-2209-453b-b79e-eeb0a7b58516: start LeaderElection
2019-09-19 14:21:29,945 [6403e584-2209-453b-b79e-eeb0a7b58516:group-6DF381D064CD:LeaderElection102] INFO  server.RaftServerConfigKeys (ConfUtils.java:logGet(43)) - raft.server.rpc.sleep.time = 25ms (default)
2019-09-19 14:21:29,945 [306a7a99-f2a5-4f40-b42b-2fc2def08a6a:group-4E474D260ED7:LeaderElection99] INFO  server.RaftServerConfigKeys (ConfUtils.java:logGet(43)) - raft.server.watch.timeout.denomination = 1s (default)
2019-09-19 14:21:29,945 [6403e584-2209-453b-b79e-eeb0a7b58516:group-CB5CB1832614:LeaderElection100] INFO  segmented.SegmentedRaftLogWorker (SegmentedRaftLogWorker.java:startLogSegment(380)) - 6403e584-2209-453b-b79e-eeb0a7b58516-SegmentedRaftLogWorker:Storage Directory /workdir/hadoop-ozone/integration-test/target/test-dir/MiniOzoneClusterImpl-210d6028-2152-4683-81ff-347b0d29bb13/datanode-3/data/ratis/efe474ae-07d9-47f8-adce-cb5cb1832614: Starting segment from index:0
2019-09-19 14:21:29,945 [6403e584-2209-453b-b79e-eeb0a7b58516:group-CB88C037056F:LeaderElection98] INFO  segmented.SegmentedRaftLogWorker (SegmentedRaftLogWorker.java:startLogSegment(380)) - 6403e584-2209-453b-b79e-eeb0a7b58516-SegmentedRaftLogWorker:Storage Directory /workdir/hadoop-ozone/integration-test/target/test-dir/MiniOzoneClusterImpl-210d6028-2152-4683-81ff-347b0d29bb13/datanode-3/data/ratis/3586b59f-de3d-4e52-ba56-cb88c037056f: Starting segment from index:0
2019-09-19 14:21:29,942 [85c6a9f3-b9a5-43a5-ac4f-9aa7bd5f2263:group-DE6CB2708FEF:LeaderElection101] INFO  server.RaftServerConfigKeys (ConfUtils.java:logGet(43)) - raft.server.watch.timeout.denomination = 1s (default)
2019-09-19 14:21:30,221 | INFO  | SCMAudit | user=jenkins1000 | ip=192.168.157.226 | op=SEND_HEARTBEAT {datanodeUUID=85c6a9f3-b9a5-43a5-ac4f-9aa7bd5f2263, command=[]} | ret=SUCCESS |  
2019-09-19 14:21:30,221 | INFO  | SCMAudit | user=jenkins1000 | ip=192.168.157.226 | op=SEND_HEARTBEAT {datanodeUUID=1190b9a7-12b1-4c15-b33e-f7d0a0cd436c, command=[]} | ret=SUCCESS |  
2019-09-19 14:21:30,221 | INFO  | SCMAudit | user=jenkins1000 | ip=192.168.157.226 | op=SEND_HEARTBEAT {datanodeUUID=5dfaa0ea-416a-422c-a75d-43311aceb00a, command=[]} | ret=SUCCESS |  
2019-09-19 14:21:29,942 [306a7a99-f2a5-4f40-b42b-2fc2def08a6a:group-F2BDA4E60FC6:LeaderElection86] INFO  server.RaftServerConfigKeys (ConfUtils.java:logGet(43)) - raft.server.watch.timeout.denomination = 1s (default)
2019-09-19 14:21:30,221 | INFO  | SCMAudit | user=jenkins1000 | ip=192.168.157.226 | op=SEND_HEARTBEAT {datanodeUUID=56d21ab3-8f6d-44ea-b961-c721a1c09246, command=[]} | ret=SUCCESS |  
2019-09-19 14:21:29,942 [5dfaa0ea-416a-422c-a75d-43311aceb00a:group-28257D859A2F:LeaderElection85] INFO  impl.RoleInfo (RoleInfo.java:updateAndGet(143)) - 5dfaa0ea-416a-422c-a75d-43311aceb00a: start LeaderState
2019-09-19 14:21:29,942 [6403e584-2209-453b-b79e-eeb0a7b58516:group-A99CE1758501:LeaderElection97] INFO  server.RaftServerConfigKeys (ConfUtils.java:logGet(43)) - raft.server.watch.timeout.denomination = 1s (default)
2019-09-19 14:21:30,450 [5dfaa0ea-416a-422c-a75d-43311aceb00a:group-28257D859A2F:LeaderElection85] INFO  segmented.SegmentedRaftLogWorker (SegmentedRaftLogWorker.java:startLogSegment(380)) - 5dfaa0ea-416a-422c-a75d-43311aceb00a-SegmentedRaftLogWorker:Storage Directory /workdir/hadoop-ozone/integration-test/target/test-dir/MiniOzoneClusterImpl-210d6028-2152-4683-81ff-347b0d29bb13/datanode-1/data/ratis/13fe9844-3904-43c0-a9d5-28257d859a2f: Starting segment from index:0
2019-09-19 14:21:30,451 | INFO  | SCMAudit | user=jenkins1000 | ip=192.168.157.226 | op=SEND_HEARTBEAT {datanodeUUID=431517c4-8c09-4790-b37b-2e132c8143ad, command=[]} | ret=SUCCESS |  
2019-09-19 14:21:29,942 [306a7a99-f2a5-4f40-b42b-2fc2def08a6a:group-427A1DAF45E9:LeaderElection84] INFO  server.RaftServerConfigKeys (ConfUtils.java:logGet(43)) - raft.server.watch.element-limit = 65536 (default)
2019-09-19 14:21:29,941 [306a7a99-f2a5-4f40-b42b-2fc2def08a6a-SegmentedRaftLogWorker:Storage Directory /workdir/hadoop-ozone/integration-test/target/test-dir/MiniOzoneClusterImpl-210d6028-2152-4683-81ff-347b0d29bb13/datanode-2/data/ratis/f329c24d-1edd-4435-aec9-040322c3d435] INFO  impl.RaftServerImpl (ServerState.java:close(394)) - 306a7a99-f2a5-4f40-b42b-2fc2def08a6a:group-040322C3D435 closes. The last applied log index is -1
2019-09-19 14:21:29,941 [pool-60-thread-1] INFO  server.RaftServerConfigKeys (ConfUtils.java:logGet(43)) - raft.server.sleep.deviation.threshold = 300 (default)
2019-09-19 14:21:29,941 [5dfaa0ea-416a-422c-a75d-43311aceb00a-SegmentedRaftLogWorker:Storage Directory /workdir/hadoop-ozone/integration-test/target/test-dir/MiniOzoneClusterImpl-210d6028-2152-4683-81ff-347b0d29bb13/datanode-1/data/ratis/a3e8eaed-a1e1-47fa-be48-66fe1fc44657] INFO  impl.RaftServerImpl (ServerState.java:close(394)) - 5dfaa0ea-416a-422c-a75d-43311aceb00a:group-66FE1FC44657 closes. The last applied log index is -1
2019-09-19 14:21:29,941 [431517c4-8c09-4790-b37b-2e132c8143ad-SegmentedRaftLogWorker:Storage Directory /workdir/hadoop-ozone/integration-test/target/test-dir/MiniOzoneClusterImpl-210d6028-2152-4683-81ff-347b0d29bb13/datanode-5/data/ratis/151ac7cb-9f4b-4fc4-8c4c-1241104dbbbb] INFO  segmented.SegmentedRaftLogWorker (SegmentedRaftLogWorker.java:close(228)) - 431517c4-8c09-4790-b37b-2e132c8143ad-SegmentedRaftLogWorker:Storage Directory /workdir/hadoop-ozone/integration-test/target/test-dir/MiniOzoneClusterImpl-210d6028-2152-4683-81ff-347b0d29bb13/datanode-5/data/ratis/151ac7cb-9f4b-4fc4-8c4c-1241104dbbbb close()
2019-09-19 14:21:29,941 [1190b9a7-12b1-4c15-b33e-f7d0a0cd436c-SegmentedRaftLogWorker:Storage Directory /workdir/hadoop-ozone/integration-test/target/test-dir/MiniOzoneClusterImpl-210d6028-2152-4683-81ff-347b0d29bb13/datanode-4/data/ratis/913d0e2a-d2de-494f-9259-d7761551fa34] INFO  impl.RaftServerImpl (ServerState.java:close(394)) - 1190b9a7-12b1-4c15-b33e-f7d0a0cd436c:group-D7761551FA34 closes. The last applied log index is -1
2019-09-19 14:21:29,941 [5dfaa0ea-416a-422c-a75d-43311aceb00a:group-03DEC9D1EE2C:LeaderElection91] INFO  segmented.SegmentedRaftLogWorker (SegmentedRaftLogWorker.java:startLogSegment(380)) - 5dfaa0ea-416a-422c-a75d-43311aceb00a-SegmentedRaftLogWorker:Storage Directory /workdir/hadoop-ozone/integration-test/target/test-dir/MiniOzoneClusterImpl-210d6028-2152-4683-81ff-347b0d29bb13/datanode-1/data/ratis/4aa9cad1-5eb6-4efb-98df-03dec9d1ee2c: Starting segment from index:0
2019-09-19 14:21:29,940 [306a7a99-f2a5-4f40-b42b-2fc2def08a6a-SegmentedRaftLogWorker:Storage Directory /workdir/hadoop-ozone/integration-test/target/test-dir/MiniOzoneClusterImpl-210d6028-2152-4683-81ff-347b0d29bb13/datanode-2/data/ratis/1359b96d-f500-4bb6-9160-96513c34e79c] INFO  impl.StateMachineUpdater (StateMachineUpdater.java:stopAndJoin(115)) - StateMachineUpdater:306a7a99-f2a5-4f40-b42b-2fc2def08a6a:group-96513C34E79C: set stopIndex = -1
2019-09-19 14:21:30,709 [306a7a99-f2a5-4f40-b42b-2fc2def08a6a-SegmentedRaftLogWorker:Storage Directory /workdir/hadoop-ozone/integration-test/target/test-dir/MiniOzoneClusterImpl-210d6028-2152-4683-81ff-347b0d29bb13/datanode-2/data/ratis/1359b96d-f500-4bb6-9160-96513c34e79c] INFO  impl.RaftServerImpl (ServerState.java:close(394)) - 306a7a99-f2a5-4f40-b42b-2fc2def08a6a:group-96513C34E79C closes. The last applied log index is -1
2019-09-19 14:21:29,940 [306a7a99-f2a5-4f40-b42b-2fc2def08a6a-SegmentedRaftLogWorker:Storage Directory /workdir/hadoop-ozone/integration-test/target/test-dir/MiniOzoneClusterImpl-210d6028-2152-4683-81ff-347b0d29bb13/datanode-2/data/ratis/324ef32f-1f4d-4e5c-b543-cb34acf8c155] ERROR segmented.SegmentedRaftLogWorker (SegmentedRaftLogWorker.java:run(323)) - 306a7a99-f2a5-4f40-b42b-2fc2def08a6a-SegmentedRaftLogWorker:Storage Directory /workdir/hadoop-ozone/integration-test/target/test-dir/MiniOzoneClusterImpl-210d6028-2152-4683-81ff-347b0d29bb13/datanode-2/data/ratis/324ef32f-1f4d-4e5c-b543-cb34acf8c155 hit exception
java.lang.OutOfMemoryError: Direct buffer memory
	at java.nio.Bits.reserveMemory(Bits.java:666)
	at java.nio.DirectByteBuffer.<init>(DirectByteBuffer.java:123)
	at java.nio.ByteBuffer.allocateDirect(ByteBuffer.java:311)
	at org.apache.ratis.server.raftlog.segmented.BufferedWriteChannel.<init>(BufferedWriteChannel.java:41)
	at org.apache.ratis.server.raftlog.segmented.SegmentedRaftLogOutputStream.<init>(SegmentedRaftLogOutputStream.java:72)
	at org.apache.ratis.server.raftlog.segmented.SegmentedRaftLogWorker$StartLogSegment.execute(SegmentedRaftLogWorker.java:566)
	at org.apache.ratis.server.raftlog.segmented.SegmentedRaftLogWorker.run(SegmentedRaftLogWorker.java:289)
	at java.lang.Thread.run(Thread.java:748)
2019-09-19 14:21:29,940 [6403e584-2209-453b-b79e-eeb0a7b58516-SegmentedRaftLogWorker:Storage Directory /workdir/hadoop-ozone/integration-test/target/test-dir/MiniOzoneClusterImpl-210d6028-2152-4683-81ff-347b0d29bb13/datanode-3/data/ratis/2c88a252-c393-4a24-a4a9-29e445ec1a13] ERROR segmented.SegmentedRaftLogWorker (SegmentedRaftLogWorker.java:run(323)) - 6403e584-2209-453b-b79e-eeb0a7b58516-SegmentedRaftLogWorker:Storage Directory /workdir/hadoop-ozone/integration-test/target/test-dir/MiniOzoneClusterImpl-210d6028-2152-4683-81ff-347b0d29bb13/datanode-3/data/ratis/2c88a252-c393-4a24-a4a9-29e445ec1a13 hit exception
java.lang.OutOfMemoryError: Direct buffer memory
	at java.nio.Bits.reserveMemory(Bits.java:666)
	at java.nio.DirectByteBuffer.<init>(DirectByteBuffer.java:123)
	at java.nio.ByteBuffer.allocateDirect(ByteBuffer.java:311)
	at org.apache.ratis.server.raftlog.segmented.BufferedWriteChannel.<init>(BufferedWriteChannel.java:41)
	at org.apache.ratis.server.raftlog.segmented.SegmentedRaftLogOutputStream.<init>(SegmentedRaftLogOutputStream.java:72)
	at org.apache.ratis.server.raftlog.segmented.SegmentedRaftLogWorker$StartLogSegment.execute(SegmentedRaftLogWorker.java:566)
	at org.apache.ratis.server.raftlog.segmented.SegmentedRaftLogWorker.run(SegmentedRaftLogWorker.java:289)
	at java.lang.Thread.run(Thread.java:748)
2019-09-19 14:21:30,989 | INFO  | SCMAudit | user=jenkins1000 | ip=192.168.157.226 | op=SEND_HEARTBEAT {datanodeUUID=6403e584-2209-453b-b79e-eeb0a7b58516, command=[]} | ret=SUCCESS |  
2019-09-19 14:21:30,989 | INFO  | SCMAudit | user=jenkins1000 | ip=192.168.157.226 | op=SEND_HEARTBEAT {datanodeUUID=306a7a99-f2a5-4f40-b42b-2fc2def08a6a, command=[]} | ret=SUCCESS |  
2019-09-19 14:21:29,708 [431517c4-8c09-4790-b37b-2e132c8143ad:group-88D967718BDF:LeaderElection95] INFO  impl.RoleInfo (RoleInfo.java:updateAndGet(143)) - 431517c4-8c09-4790-b37b-2e132c8143ad: start LeaderState
2019-09-19 14:21:29,708 [5dfaa0ea-416a-422c-a75d-43311aceb00a:group-99527B0F1D6C:LeaderElection94] INFO  impl.RaftServerImpl (ServerState.java:setRaftConf(361)) - 5dfaa0ea-416a-422c-a75d-43311aceb00a:group-99527B0F1D6C set configuration 0: [5dfaa0ea-416a-422c-a75d-43311aceb00a:192.168.157.226:45629], old=null at 0
2019-09-19 14:21:29,708 [5dfaa0ea-416a-422c-a75d-43311aceb00a:group-F7C7A6E62060:LeaderElection93] INFO  segmented.SegmentedRaftLogWorker (SegmentedRaftLogWorker.java:startLogSegment(380)) - 5dfaa0ea-416a-422c-a75d-43311aceb00a-SegmentedRaftLogWorker:Storage Directory /workdir/hadoop-ozone/integration-test/target/test-dir/MiniOzoneClusterImpl-210d6028-2152-4683-81ff-347b0d29bb13/datanode-1/data/ratis/84cf22a1-838d-4eb2-8223-f7c7a6e62060: Starting segment from index:0
2019-09-19 14:21:29,708 [5dfaa0ea-416a-422c-a75d-43311aceb00a:group-C06398C80B8A:LeaderElection88] INFO  segmented.SegmentedRaftLogWorker (SegmentedRaftLogWorker.java:startLogSegment(380)) - 5dfaa0ea-416a-422c-a75d-43311aceb00a-SegmentedRaftLogWorker:Storage Directory /workdir/hadoop-ozone/integration-test/target/test-dir/MiniOzoneClusterImpl-210d6028-2152-4683-81ff-347b0d29bb13/datanode-1/data/ratis/496769dc-22e8-488a-90fa-c06398c80b8a: Starting segment from index:0
2019-09-19 14:21:29,707 [5dfaa0ea-416a-422c-a75d-43311aceb00a-SegmentedRaftLogWorker:Storage Directory /workdir/hadoop-ozone/integration-test/target/test-dir/MiniOzoneClusterImpl-210d6028-2152-4683-81ff-347b0d29bb13/datanode-1/data/ratis/6bb0a770-530a-4840-a76d-7c4858421412] ERROR segmented.SegmentedRaftLogWorker (SegmentedRaftLogWorker.java:run(323)) - 5dfaa0ea-416a-422c-a75d-43311aceb00a-SegmentedRaftLogWorker:Storage Directory /workdir/hadoop-ozone/integration-test/target/test-dir/MiniOzoneClusterImpl-210d6028-2152-4683-81ff-347b0d29bb13/datanode-1/data/ratis/6bb0a770-530a-4840-a76d-7c4858421412 hit exception
java.lang.OutOfMemoryError: Direct buffer memory
	at java.nio.Bits.reserveMemory(Bits.java:666)
	at java.nio.DirectByteBuffer.<init>(DirectByteBuffer.java:123)
	at java.nio.ByteBuffer.allocateDirect(ByteBuffer.java:311)
	at org.apache.ratis.server.raftlog.segmented.BufferedWriteChannel.<init>(BufferedWriteChannel.java:41)
	at org.apache.ratis.server.raftlog.segmented.SegmentedRaftLogOutputStream.<init>(SegmentedRaftLogOutputStream.java:72)
	at org.apache.ratis.server.raftlog.segmented.SegmentedRaftLogWorker$StartLogSegment.execute(SegmentedRaftLogWorker.java:566)
	at org.apache.ratis.server.raftlog.segmented.SegmentedRaftLogWorker.run(SegmentedRaftLogWorker.java:289)
	at java.lang.Thread.run(Thread.java:748)
2019-09-19 14:21:31,462 | INFO  | SCMAudit | user=jenkins1000 | ip=192.168.157.226 | op=SEND_HEARTBEAT {datanodeUUID=85c6a9f3-b9a5-43a5-ac4f-9aa7bd5f2263, command=[]} | ret=SUCCESS |  
2019-09-19 14:21:31,462 | INFO  | SCMAudit | user=jenkins1000 | ip=192.168.157.226 | op=SEND_HEARTBEAT {datanodeUUID=431517c4-8c09-4790-b37b-2e132c8143ad, command=[]} | ret=SUCCESS |  
2019-09-19 14:21:31,462 | INFO  | SCMAudit | user=jenkins1000 | ip=192.168.157.226 | op=SEND_HEARTBEAT {datanodeUUID=5dfaa0ea-416a-422c-a75d-43311aceb00a, command=[]} | ret=SUCCESS |  
2019-09-19 14:21:31,463 | INFO  | SCMAudit | user=jenkins1000 | ip=192.168.157.226 | op=SEND_HEARTBEAT {datanodeUUID=1190b9a7-12b1-4c15-b33e-f7d0a0cd436c, command=[]} | ret=SUCCESS |  
2019-09-19 14:21:31,463 | INFO  | SCMAudit | user=jenkins1000 | ip=192.168.157.226 | op=SEND_HEARTBEAT {datanodeUUID=56d21ab3-8f6d-44ea-b961-c721a1c09246, command=[]} | ret=SUCCESS |  
2019-09-19 14:21:29,707 [306a7a99-f2a5-4f40-b42b-2fc2def08a6a-SegmentedRaftLogWorker:Storage Directory /workdir/hadoop-ozone/integration-test/target/test-dir/MiniOzoneClusterImpl-210d6028-2152-4683-81ff-347b0d29bb13/datanode-2/data/ratis/eb567285-39b5-42e7-b198-b068de63fe4e] ERROR segmented.SegmentedRaftLogWorker (SegmentedRaftLogWorker.java:run(323)) - 306a7a99-f2a5-4f40-b42b-2fc2def08a6a-SegmentedRaftLogWorker:Storage Directory /workdir/hadoop-ozone/integration-test/target/test-dir/MiniOzoneClusterImpl-210d6028-2152-4683-81ff-347b0d29bb13/datanode-2/data/ratis/eb567285-39b5-42e7-b198-b068de63fe4e hit exception
java.lang.OutOfMemoryError: Direct buffer memory
	at java.nio.Bits.reserveMemory(Bits.java:666)
	at java.nio.DirectByteBuffer.<init>(DirectByteBuffer.java:123)
	at java.nio.ByteBuffer.allocateDirect(ByteBuffer.java:311)
	at org.apache.ratis.server.raftlog.segmented.BufferedWriteChannel.<init>(BufferedWriteChannel.java:41)
	at org.apache.ratis.server.raftlog.segmented.SegmentedRaftLogOutputStream.<init>(SegmentedRaftLogOutputStream.java:72)
	at org.apache.ratis.server.raftlog.segmented.SegmentedRaftLogWorker$StartLogSegment.execute(SegmentedRaftLogWorker.java:566)
	at org.apache.ratis.server.raftlog.segmented.SegmentedRaftLogWorker.run(SegmentedRaftLogWorker.java:289)
	at java.lang.Thread.run(Thread.java:748)
2019-09-19 14:21:29,707 [Thread-489] INFO  impl.FollowerState (FollowerState.java:run(106)) - 5dfaa0ea-416a-422c-a75d-43311aceb00a:group-23B0D2424888 changes to CANDIDATE, lastRpcTime:10995, electionTimeout:5152ms
2019-09-19 14:21:29,707 [Thread-492] INFO  impl.FollowerState (FollowerState.java:run(106)) - 306a7a99-f2a5-4f40-b42b-2fc2def08a6a:group-3C159E1860AE changes to CANDIDATE, lastRpcTime:10952, electionTimeout:5181ms
2019-09-19 14:21:29,485 [6403e584-2209-453b-b79e-eeb0a7b58516:group-790AA433409B:LeaderElection89] INFO  segmented.SegmentedRaftLogWorker (SegmentedRaftLogWorker.java:startLogSegment(380)) - 6403e584-2209-453b-b79e-eeb0a7b58516-SegmentedRaftLogWorker:Storage Directory /workdir/hadoop-ozone/integration-test/target/test-dir/MiniOzoneClusterImpl-210d6028-2152-4683-81ff-347b0d29bb13/datanode-3/data/ratis/8b554339-c9ca-43e7-acfa-790aa433409b: Starting segment from index:0
2019-09-19 14:21:29,484 [Thread-495] INFO  impl.FollowerState (FollowerState.java:run(106)) - 5dfaa0ea-416a-422c-a75d-43311aceb00a:group-1B266AA0B1F2 changes to CANDIDATE, lastRpcTime:10659, electionTimeout:5057ms
2019-09-19 14:21:29,484 [Thread-498] INFO  impl.FollowerState (FollowerState.java:run(106)) - 306a7a99-f2a5-4f40-b42b-2fc2def08a6a:group-1A94FBF18F11 changes to CANDIDATE, lastRpcTime:10615, electionTimeout:5116ms
2019-09-19 14:21:29,295 [6403e584-2209-453b-b79e-eeb0a7b58516:group-FC754A9A4BD4:LeaderElection87] INFO  impl.RaftServerImpl (ServerState.java:setRaftConf(361)) - 6403e584-2209-453b-b79e-eeb0a7b58516:group-FC754A9A4BD4 set configuration 0: [6403e584-2209-453b-b79e-eeb0a7b58516:192.168.157.226:35833], old=null at 0
2019-09-19 14:21:29,294 [85c6a9f3-b9a5-43a5-ac4f-9aa7bd5f2263:group-111669BAE36C:LeaderElection90] INFO  impl.RaftServerImpl (ServerState.java:setRaftConf(361)) - 85c6a9f3-b9a5-43a5-ac4f-9aa7bd5f2263:group-111669BAE36C set configuration 0: [85c6a9f3-b9a5-43a5-ac4f-9aa7bd5f2263:192.168.157.226:45170], old=null at 0
2019-09-19 14:21:29,294 [85c6a9f3-b9a5-43a5-ac4f-9aa7bd5f2263:group-7B227C9559A3:LeaderElection103] INFO  impl.RaftServerImpl (RaftServerImpl.java:setRole(171)) - 85c6a9f3-b9a5-43a5-ac4f-9aa7bd5f2263:group-7B227C9559A3 changes role from CANDIDATE to LEADER at term 1 for changeToLeader
2019-09-19 14:21:29,294 [6403e584-2209-453b-b79e-eeb0a7b58516:group-7382CF0FF315:LeaderElection83] INFO  server.RaftServerConfigKeys (ConfUtils.java:logGet(43)) - raft.server.watch.timeout = 10s (default)
2019-09-19 14:21:29,294 [306a7a99-f2a5-4f40-b42b-2fc2def08a6a:group-4B237A1118DD:LeaderElection92] INFO  impl.RoleInfo (RoleInfo.java:updateAndGet(143)) - 306a7a99-f2a5-4f40-b42b-2fc2def08a6a: start LeaderState
2019-09-19 14:21:31,675 [6403e584-2209-453b-b79e-eeb0a7b58516:group-7382CF0FF315:LeaderElection83] INFO  server.RaftServerConfigKeys (ConfUtils.java:logGet(43)) - raft.server.watch.timeout.denomination = 1s (default)
2019-09-19 14:21:31,675 [85c6a9f3-b9a5-43a5-ac4f-9aa7bd5f2263:group-7B227C9559A3:LeaderElection103] INFO  impl.RaftServerImpl (ServerState.java:setLeader(263)) - 85c6a9f3-b9a5-43a5-ac4f-9aa7bd5f2263:group-7B227C9559A3 change Leader from null to 85c6a9f3-b9a5-43a5-ac4f-9aa7bd5f2263 at term 1 for becomeLeader, leader elected after 9965ms
2019-09-19 14:21:31,674 [6403e584-2209-453b-b79e-eeb0a7b58516:group-790AA433409B:LeaderElection89] INFO  impl.RaftServerImpl (ServerState.java:setRaftConf(361)) - 6403e584-2209-453b-b79e-eeb0a7b58516:group-790AA433409B set configuration 0: [6403e584-2209-453b-b79e-eeb0a7b58516:192.168.157.226:35833], old=null at 0
2019-09-19 14:21:31,673 [5dfaa0ea-416a-422c-a75d-43311aceb00a-SegmentedRaftLogWorker:Storage Directory /workdir/hadoop-ozone/integration-test/target/test-dir/MiniOzoneClusterImpl-210d6028-2152-4683-81ff-347b0d29bb13/datanode-1/data/ratis/eda21a42-e9b2-448c-bdc3-99527b0f1d6c] ERROR segmented.SegmentedRaftLogWorker (SegmentedRaftLogWorker.java:run(323)) - 5dfaa0ea-416a-422c-a75d-43311aceb00a-SegmentedRaftLogWorker:Storage Directory /workdir/hadoop-ozone/integration-test/target/test-dir/MiniOzoneClusterImpl-210d6028-2152-4683-81ff-347b0d29bb13/datanode-1/data/ratis/eda21a42-e9b2-448c-bdc3-99527b0f1d6c hit exception
java.lang.OutOfMemoryError: Direct buffer memory
	at java.nio.Bits.reserveMemory(Bits.java:666)
	at java.nio.DirectByteBuffer.<init>(DirectByteBuffer.java:123)
	at java.nio.ByteBuffer.allocateDirect(ByteBuffer.java:311)
	at org.apache.ratis.server.raftlog.segmented.BufferedWriteChannel.<init>(BufferedWriteChannel.java:41)
	at org.apache.ratis.server.raftlog.segmented.SegmentedRaftLogOutputStream.<init>(SegmentedRaftLogOutputStream.java:72)
	at org.apache.ratis.server.raftlog.segmented.SegmentedRaftLogWorker$StartLogSegment.execute(SegmentedRaftLogWorker.java:566)
	at org.apache.ratis.server.raftlog.segmented.SegmentedRaftLogWorker.run(SegmentedRaftLogWorker.java:289)
	at java.lang.Thread.run(Thread.java:748)
2019-09-19 14:21:31,673 [85c6a9f3-b9a5-43a5-ac4f-9aa7bd5f2263-SegmentedRaftLogWorker:Storage Directory /workdir/hadoop-ozone/integration-test/target/test-dir/MiniOzoneClusterImpl-210d6028-2152-4683-81ff-347b0d29bb13/datanode-0/data/ratis/685c9429-6346-4d93-9d6e-111669bae36c] ERROR segmented.SegmentedRaftLogWorker (SegmentedRaftLogWorker.java:run(323)) - 85c6a9f3-b9a5-43a5-ac4f-9aa7bd5f2263-SegmentedRaftLogWorker:Storage Directory /workdir/hadoop-ozone/integration-test/target/test-dir/MiniOzoneClusterImpl-210d6028-2152-4683-81ff-347b0d29bb13/datanode-0/data/ratis/685c9429-6346-4d93-9d6e-111669bae36c hit exception
java.lang.OutOfMemoryError: Direct buffer memory
	at java.nio.Bits.reserveMemory(Bits.java:666)
	at java.nio.DirectByteBuffer.<init>(DirectByteBuffer.java:123)
	at java.nio.ByteBuffer.allocateDirect(ByteBuffer.java:311)
	at org.apache.ratis.server.raftlog.segmented.BufferedWriteChannel.<init>(BufferedWriteChannel.java:41)
	at org.apache.ratis.server.raftlog.segmented.SegmentedRaftLogOutputStream.<init>(SegmentedRaftLogOutputStream.java:72)
	at org.apache.ratis.server.raftlog.segmented.SegmentedRaftLogWorker$StartLogSegment.execute(SegmentedRaftLogWorker.java:566)
	at org.apache.ratis.server.raftlog.segmented.SegmentedRaftLogWorker.run(SegmentedRaftLogWorker.java:289)
	at java.lang.Thread.run(Thread.java:748)
2019-09-19 14:21:31,696 [85c6a9f3-b9a5-43a5-ac4f-9aa7bd5f2263-SegmentedRaftLogWorker:Storage Directory /workdir/hadoop-ozone/integration-test/target/test-dir/MiniOzoneClusterImpl-210d6028-2152-4683-81ff-347b0d29bb13/datanode-0/data/ratis/685c9429-6346-4d93-9d6e-111669bae36c] INFO  impl.RaftServerImpl (RaftServerImpl.java:lambda$shutdown$3(245)) - 85c6a9f3-b9a5-43a5-ac4f-9aa7bd5f2263: shutdown group-111669BAE36C
2019-09-19 14:21:31,464 [Thread-498] INFO  impl.RoleInfo (RoleInfo.java:shutdownFollowerState(121)) - 306a7a99-f2a5-4f40-b42b-2fc2def08a6a: shutdown FollowerState
2019-09-19 14:21:31,464 [Thread-495] INFO  impl.RoleInfo (RoleInfo.java:shutdownFollowerState(121)) - 5dfaa0ea-416a-422c-a75d-43311aceb00a: shutdown FollowerState
2019-09-19 14:21:31,696 [Thread-495] INFO  impl.RaftServerImpl (RaftServerImpl.java:setRole(171)) - 5dfaa0ea-416a-422c-a75d-43311aceb00a:group-1B266AA0B1F2 changes role from FOLLOWER to CANDIDATE at term 0 for changeToCandidate
2019-09-19 14:21:31,463 [Thread-492] INFO  impl.RoleInfo (RoleInfo.java:shutdownFollowerState(121)) - 306a7a99-f2a5-4f40-b42b-2fc2def08a6a: shutdown FollowerState
2019-09-19 14:21:31,696 [Thread-492] INFO  impl.RaftServerImpl (RaftServerImpl.java:setRole(171)) - 306a7a99-f2a5-4f40-b42b-2fc2def08a6a:group-3C159E1860AE changes role from FOLLOWER to CANDIDATE at term 0 for changeToCandidate
2019-09-19 14:21:31,463 [Thread-489] INFO  impl.RoleInfo (RoleInfo.java:shutdownFollowerState(121)) - 5dfaa0ea-416a-422c-a75d-43311aceb00a: shutdown FollowerState
2019-09-19 14:21:31,463 [306a7a99-f2a5-4f40-b42b-2fc2def08a6a-SegmentedRaftLogWorker:Storage Directory /workdir/hadoop-ozone/integration-test/target/test-dir/MiniOzoneClusterImpl-210d6028-2152-4683-81ff-347b0d29bb13/datanode-2/data/ratis/eb567285-39b5-42e7-b198-b068de63fe4e] INFO  impl.RaftServerImpl (RaftServerImpl.java:lambda$shutdown$3(245)) - 306a7a99-f2a5-4f40-b42b-2fc2def08a6a: shutdown group-B068DE63FE4E
2019-09-19 14:21:31,463 [6403e584-2209-453b-b79e-eeb0a7b58516:group-B00340782978:LeaderElection113] INFO  impl.LeaderElection (LeaderElection.java:askForVotes(181)) - 6403e584-2209-453b-b79e-eeb0a7b58516:group-B00340782978:LeaderElection113: begin an election at term 1 for -1: [6403e584-2209-453b-b79e-eeb0a7b58516:192.168.157.226:35833], old=null
2019-09-19 14:21:31,463 [6403e584-2209-453b-b79e-eeb0a7b58516-SegmentedRaftLogWorker:Storage Directory /workdir/hadoop-ozone/integration-test/target/test-dir/MiniOzoneClusterImpl-210d6028-2152-4683-81ff-347b0d29bb13/datanode-3/data/ratis/fedba6e8-daec-4067-a469-fc754a9a4bd4] ERROR segmented.SegmentedRaftLogWorker (SegmentedRaftLogWorker.java:run(323)) - 6403e584-2209-453b-b79e-eeb0a7b58516-SegmentedRaftLogWorker:Storage Directory /workdir/hadoop-ozone/integration-test/target/test-dir/MiniOzoneClusterImpl-210d6028-2152-4683-81ff-347b0d29bb13/datanode-3/data/ratis/fedba6e8-daec-4067-a469-fc754a9a4bd4 hit exception
java.lang.OutOfMemoryError: Direct buffer memory
	at java.nio.Bits.reserveMemory(Bits.java:666)
	at java.nio.DirectByteBuffer.<init>(DirectByteBuffer.java:123)
	at java.nio.ByteBuffer.allocateDirect(ByteBuffer.java:311)
	at org.apache.ratis.server.raftlog.segmented.BufferedWriteChannel.<init>(BufferedWriteChannel.java:41)
	at org.apache.ratis.server.raftlog.segmented.SegmentedRaftLogOutputStream.<init>(SegmentedRaftLogOutputStream.java:72)
	at org.apache.ratis.server.raftlog.segmented.SegmentedRaftLogWorker$StartLogSegment.execute(SegmentedRaftLogWorker.java:566)
	at org.apache.ratis.server.raftlog.segmented.SegmentedRaftLogWorker.run(SegmentedRaftLogWorker.java:289)
	at java.lang.Thread.run(Thread.java:748)
2019-09-19 14:21:31,697 [6403e584-2209-453b-b79e-eeb0a7b58516-SegmentedRaftLogWorker:Storage Directory /workdir/hadoop-ozone/integration-test/target/test-dir/MiniOzoneClusterImpl-210d6028-2152-4683-81ff-347b0d29bb13/datanode-3/data/ratis/fedba6e8-daec-4067-a469-fc754a9a4bd4] INFO  impl.RaftServerImpl (RaftServerImpl.java:lambda$shutdown$3(245)) - 6403e584-2209-453b-b79e-eeb0a7b58516: shutdown group-FC754A9A4BD4
2019-09-19 14:21:31,463 [6403e584-2209-453b-b79e-eeb0a7b58516-SegmentedRaftLogWorker:Storage Directory /workdir/hadoop-ozone/integration-test/target/test-dir/MiniOzoneClusterImpl-210d6028-2152-4683-81ff-347b0d29bb13/datanode-3/data/ratis/2fff1b47-e774-49d3-aa3e-f5c4a469bbad] ERROR segmented.SegmentedRaftLogWorker (SegmentedRaftLogWorker.java:run(323)) - 6403e584-2209-453b-b79e-eeb0a7b58516-SegmentedRaftLogWorker:Storage Directory /workdir/hadoop-ozone/integration-test/target/test-dir/MiniOzoneClusterImpl-210d6028-2152-4683-81ff-347b0d29bb13/datanode-3/data/ratis/2fff1b47-e774-49d3-aa3e-f5c4a469bbad hit exception
java.lang.OutOfMemoryError: Direct buffer memory
	at java.nio.Bits.reserveMemory(Bits.java:666)
	at java.nio.DirectByteBuffer.<init>(DirectByteBuffer.java:123)
	at java.nio.ByteBuffer.allocateDirect(ByteBuffer.java:311)
	at org.apache.ratis.server.raftlog.segmented.BufferedWriteChannel.<init>(BufferedWriteChannel.java:41)
	at org.apache.ratis.server.raftlog.segmented.SegmentedRaftLogOutputStream.<init>(SegmentedRaftLogOutputStream.java:72)
	at org.apache.ratis.server.raftlog.segmented.SegmentedRaftLogWorker$StartLogSegment.execute(SegmentedRaftLogWorker.java:566)
	at org.apache.ratis.server.raftlog.segmented.SegmentedRaftLogWorker.run(SegmentedRaftLogWorker.java:289)
	at java.lang.Thread.run(Thread.java:748)
2019-09-19 14:21:31,247 [5dfaa0ea-416a-422c-a75d-43311aceb00a-SegmentedRaftLogWorker:Storage Directory /workdir/hadoop-ozone/integration-test/target/test-dir/MiniOzoneClusterImpl-210d6028-2152-4683-81ff-347b0d29bb13/datanode-1/data/ratis/6bb0a770-530a-4840-a76d-7c4858421412] INFO  impl.RaftServerImpl (RaftServerImpl.java:lambda$shutdown$3(245)) - 5dfaa0ea-416a-422c-a75d-43311aceb00a: shutdown group-7C4858421412
2019-09-19 14:21:31,245 [5dfaa0ea-416a-422c-a75d-43311aceb00a:group-C06398C80B8A:LeaderElection88] INFO  impl.RaftServerImpl (ServerState.java:setRaftConf(361)) - 5dfaa0ea-416a-422c-a75d-43311aceb00a:group-C06398C80B8A set configuration 0: [5dfaa0ea-416a-422c-a75d-43311aceb00a:192.168.157.226:45629], old=null at 0
2019-09-19 14:21:31,241 [Thread-775] INFO  impl.FollowerState (FollowerState.java:run(106)) - 6403e584-2209-453b-b79e-eeb0a7b58516:group-215A1067754F changes to CANDIDATE, lastRpcTime:5533, electionTimeout:5150ms
2019-09-19 14:21:30,991 [5dfaa0ea-416a-422c-a75d-43311aceb00a:group-F7C7A6E62060:LeaderElection93] INFO  impl.RaftServerImpl (ServerState.java:setRaftConf(361)) - 5dfaa0ea-416a-422c-a75d-43311aceb00a:group-F7C7A6E62060 set configuration 0: [5dfaa0ea-416a-422c-a75d-43311aceb00a:192.168.157.226:45629], old=null at 0
2019-09-19 14:21:30,990 [431517c4-8c09-4790-b37b-2e132c8143ad:group-88D967718BDF:LeaderElection95] INFO  segmented.SegmentedRaftLogWorker (SegmentedRaftLogWorker.java:startLogSegment(380)) - 431517c4-8c09-4790-b37b-2e132c8143ad-SegmentedRaftLogWorker:Storage Directory /workdir/hadoop-ozone/integration-test/target/test-dir/MiniOzoneClusterImpl-210d6028-2152-4683-81ff-347b0d29bb13/datanode-5/data/ratis/131aa170-30be-469e-9d4d-88d967718bdf: Starting segment from index:0
2019-09-19 14:21:30,990 [6403e584-2209-453b-b79e-eeb0a7b58516-SegmentedRaftLogWorker:Storage Directory /workdir/hadoop-ozone/integration-test/target/test-dir/MiniOzoneClusterImpl-210d6028-2152-4683-81ff-347b0d29bb13/datanode-3/data/ratis/2c88a252-c393-4a24-a4a9-29e445ec1a13] INFO  impl.RaftServerImpl (RaftServerImpl.java:lambda$shutdown$3(245)) - 6403e584-2209-453b-b79e-eeb0a7b58516: shutdown group-29E445EC1A13
2019-09-19 14:21:30,989 [306a7a99-f2a5-4f40-b42b-2fc2def08a6a-SegmentedRaftLogWorker:Storage Directory /workdir/hadoop-ozone/integration-test/target/test-dir/MiniOzoneClusterImpl-210d6028-2152-4683-81ff-347b0d29bb13/datanode-2/data/ratis/324ef32f-1f4d-4e5c-b543-cb34acf8c155] INFO  impl.RaftServerImpl (RaftServerImpl.java:lambda$shutdown$3(245)) - 306a7a99-f2a5-4f40-b42b-2fc2def08a6a: shutdown group-CB34ACF8C155
2019-09-19 14:21:30,989 [306a7a99-f2a5-4f40-b42b-2fc2def08a6a-SegmentedRaftLogWorker:Storage Directory /workdir/hadoop-ozone/integration-test/target/test-dir/MiniOzoneClusterImpl-210d6028-2152-4683-81ff-347b0d29bb13/datanode-2/data/ratis/1359b96d-f500-4bb6-9160-96513c34e79c] INFO  segmented.SegmentedRaftLogWorker (SegmentedRaftLogWorker.java:close(228)) - 306a7a99-f2a5-4f40-b42b-2fc2def08a6a-SegmentedRaftLogWorker:Storage Directory /workdir/hadoop-ozone/integration-test/target/test-dir/MiniOzoneClusterImpl-210d6028-2152-4683-81ff-347b0d29bb13/datanode-2/data/ratis/1359b96d-f500-4bb6-9160-96513c34e79c close()
2019-09-19 14:21:30,989 [5dfaa0ea-416a-422c-a75d-43311aceb00a:group-03DEC9D1EE2C:LeaderElection91] INFO  impl.RaftServerImpl (ServerState.java:setRaftConf(361)) - 5dfaa0ea-416a-422c-a75d-43311aceb00a:group-03DEC9D1EE2C set configuration 0: [5dfaa0ea-416a-422c-a75d-43311aceb00a:192.168.157.226:45629], old=null at 0
2019-09-19 14:21:30,709 [1190b9a7-12b1-4c15-b33e-f7d0a0cd436c-SegmentedRaftLogWorker:Storage Directory /workdir/hadoop-ozone/integration-test/target/test-dir/MiniOzoneClusterImpl-210d6028-2152-4683-81ff-347b0d29bb13/datanode-4/data/ratis/913d0e2a-d2de-494f-9259-d7761551fa34] INFO  segmented.SegmentedRaftLogWorker (SegmentedRaftLogWorker.java:close(228)) - 1190b9a7-12b1-4c15-b33e-f7d0a0cd436c-SegmentedRaftLogWorker:Storage Directory /workdir/hadoop-ozone/integration-test/target/test-dir/MiniOzoneClusterImpl-210d6028-2152-4683-81ff-347b0d29bb13/datanode-4/data/ratis/913d0e2a-d2de-494f-9259-d7761551fa34 close()
2019-09-19 14:21:30,703 [5dfaa0ea-416a-422c-a75d-43311aceb00a-SegmentedRaftLogWorker:Storage Directory /workdir/hadoop-ozone/integration-test/target/test-dir/MiniOzoneClusterImpl-210d6028-2152-4683-81ff-347b0d29bb13/datanode-1/data/ratis/a3e8eaed-a1e1-47fa-be48-66fe1fc44657] INFO  segmented.SegmentedRaftLogWorker (SegmentedRaftLogWorker.java:close(228)) - 5dfaa0ea-416a-422c-a75d-43311aceb00a-SegmentedRaftLogWorker:Storage Directory /workdir/hadoop-ozone/integration-test/target/test-dir/MiniOzoneClusterImpl-210d6028-2152-4683-81ff-347b0d29bb13/datanode-1/data/ratis/a3e8eaed-a1e1-47fa-be48-66fe1fc44657 close()
2019-09-19 14:21:30,703 [pool-60-thread-1] INFO  server.RaftServerConfigKeys (ConfUtils.java:logGet(43)) - raft.server.log.appender.install.snapshot.enabled = false (custom)
2019-09-19 14:21:30,703 [306a7a99-f2a5-4f40-b42b-2fc2def08a6a-SegmentedRaftLogWorker:Storage Directory /workdir/hadoop-ozone/integration-test/target/test-dir/MiniOzoneClusterImpl-210d6028-2152-4683-81ff-347b0d29bb13/datanode-2/data/ratis/f329c24d-1edd-4435-aec9-040322c3d435] INFO  segmented.SegmentedRaftLogWorker (SegmentedRaftLogWorker.java:close(228)) - 306a7a99-f2a5-4f40-b42b-2fc2def08a6a-SegmentedRaftLogWorker:Storage Directory /workdir/hadoop-ozone/integration-test/target/test-dir/MiniOzoneClusterImpl-210d6028-2152-4683-81ff-347b0d29bb13/datanode-2/data/ratis/f329c24d-1edd-4435-aec9-040322c3d435 close()
2019-09-19 14:21:30,703 [306a7a99-f2a5-4f40-b42b-2fc2def08a6a:group-427A1DAF45E9:LeaderElection84] INFO  impl.RoleInfo (RoleInfo.java:updateAndGet(143)) - 306a7a99-f2a5-4f40-b42b-2fc2def08a6a: start LeaderState
2019-09-19 14:21:30,703 [5dfaa0ea-416a-422c-a75d-43311aceb00a:group-28257D859A2F:LeaderElection85] INFO  impl.RaftServerImpl (ServerState.java:setRaftConf(361)) - 5dfaa0ea-416a-422c-a75d-43311aceb00a:group-28257D859A2F set configuration 0: [5dfaa0ea-416a-422c-a75d-43311aceb00a:192.168.157.226:45629], old=null at 0
2019-09-19 14:21:30,702 [306a7a99-f2a5-4f40-b42b-2fc2def08a6a-SegmentedRaftLogWorker:Storage Directory /workdir/hadoop-ozone/integration-test/target/test-dir/MiniOzoneClusterImpl-210d6028-2152-4683-81ff-347b0d29bb13/datanode-2/data/ratis/2fc615a9-9353-49b0-b426-ebf6a907de95] ERROR segmented.SegmentedRaftLogWorker (SegmentedRaftLogWorker.java:run(323)) - 306a7a99-f2a5-4f40-b42b-2fc2def08a6a-SegmentedRaftLogWorker:Storage Directory /workdir/hadoop-ozone/integration-test/target/test-dir/MiniOzoneClusterImpl-210d6028-2152-4683-81ff-347b0d29bb13/datanode-2/data/ratis/2fc615a9-9353-49b0-b426-ebf6a907de95 hit exception
java.lang.OutOfMemoryError: Direct buffer memory
	at java.nio.Bits.reserveMemory(Bits.java:666)
	at java.nio.DirectByteBuffer.<init>(DirectByteBuffer.java:123)
	at java.nio.ByteBuffer.allocateDirect(ByteBuffer.java:311)
	at org.apache.ratis.server.raftlog.segmented.BufferedWriteChannel.<init>(BufferedWriteChannel.java:41)
	at org.apache.ratis.server.raftlog.segmented.SegmentedRaftLogOutputStream.<init>(SegmentedRaftLogOutputStream.java:72)
	at org.apache.ratis.server.raftlog.segmented.SegmentedRaftLogWorker$StartLogSegment.execute(SegmentedRaftLogWorker.java:566)
	at org.apache.ratis.server.raftlog.segmented.SegmentedRaftLogWorker.run(SegmentedRaftLogWorker.java:289)
	at java.lang.Thread.run(Thread.java:748)
2019-09-19 14:21:30,450 [6403e584-2209-453b-b79e-eeb0a7b58516:group-A99CE1758501:LeaderElection97] INFO  server.RaftServerConfigKeys (ConfUtils.java:logGet(43)) - raft.server.watch.element-limit = 65536 (default)
2019-09-19 14:21:30,450 [85c6a9f3-b9a5-43a5-ac4f-9aa7bd5f2263:group-DE6CB2708FEF:LeaderElection101] INFO  server.RaftServerConfigKeys (ConfUtils.java:logGet(43)) - raft.server.watch.element-limit = 65536 (default)
2019-09-19 14:21:30,450 [Thread-525] INFO  impl.FollowerState (FollowerState.java:run(106)) - 85c6a9f3-b9a5-43a5-ac4f-9aa7bd5f2263:group-761A2A37A56F changes to CANDIDATE, lastRpcTime:11194, electionTimeout:5100ms
2019-09-19 14:21:30,450 [Thread-528] INFO  impl.FollowerState (FollowerState.java:run(106)) - 85c6a9f3-b9a5-43a5-ac4f-9aa7bd5f2263:group-1487A2604F1B changes to CANDIDATE, lastRpcTime:11172, electionTimeout:5197ms
2019-09-19 14:21:30,221 [306a7a99-f2a5-4f40-b42b-2fc2def08a6a:group-F2BDA4E60FC6:LeaderElection86] INFO  server.RaftServerConfigKeys (ConfUtils.java:logGet(43)) - raft.server.watch.element-limit = 65536 (default)
2019-09-19 14:21:30,221 [6403e584-2209-453b-b79e-eeb0a7b58516:group-CB5CB1832614:LeaderElection100] INFO  impl.RaftServerImpl (ServerState.java:setRaftConf(361)) - 6403e584-2209-453b-b79e-eeb0a7b58516:group-CB5CB1832614 set configuration 0: [6403e584-2209-453b-b79e-eeb0a7b58516:192.168.157.226:35833], old=null at 0
2019-09-19 14:21:30,221 [306a7a99-f2a5-4f40-b42b-2fc2def08a6a:group-10AA2815E586:LeaderElection104] INFO  impl.LeaderElection (LeaderElection.java:askForVotes(181)) - 306a7a99-f2a5-4f40-b42b-2fc2def08a6a:group-10AA2815E586:LeaderElection104: begin an election at term 1 for -1: [306a7a99-f2a5-4f40-b42b-2fc2def08a6a:192.168.157.226:42633], old=null
2019-09-19 14:21:30,221 [5dfaa0ea-416a-422c-a75d-43311aceb00a:group-084D5223D16C:LeaderElection105] INFO  impl.LeaderElection (LeaderElection.java:askForVotes(181)) - 5dfaa0ea-416a-422c-a75d-43311aceb00a:group-084D5223D16C:LeaderElection105: begin an election at term 1 for -1: [5dfaa0ea-416a-422c-a75d-43311aceb00a:192.168.157.226:45629], old=null
2019-09-19 14:21:30,221 [85c6a9f3-b9a5-43a5-ac4f-9aa7bd5f2263:group-76218C4363DF:LeaderElection106] INFO  impl.LeaderElection (LeaderElection.java:askForVotes(181)) - 85c6a9f3-b9a5-43a5-ac4f-9aa7bd5f2263:group-76218C4363DF:LeaderElection106: begin an election at term 1 for -1: [85c6a9f3-b9a5-43a5-ac4f-9aa7bd5f2263:192.168.157.226:45170], old=null
2019-09-19 14:21:31,982 | INFO  | SCMAudit | user=jenkins1000 | ip=192.168.157.226 | op=SEND_HEARTBEAT {datanodeUUID=6403e584-2209-453b-b79e-eeb0a7b58516, command=[]} | ret=SUCCESS |  
2019-09-19 14:21:31,982 | INFO  | SCMAudit | user=jenkins1000 | ip=192.168.157.226 | op=SEND_HEARTBEAT {datanodeUUID=306a7a99-f2a5-4f40-b42b-2fc2def08a6a, command=[]} | ret=SUCCESS |  
2019-09-19 14:21:30,217 [431517c4-8c09-4790-b37b-2e132c8143ad-SegmentedRaftLogWorker:Storage Directory /workdir/hadoop-ozone/integration-test/target/test-dir/MiniOzoneClusterImpl-210d6028-2152-4683-81ff-347b0d29bb13/datanode-5/data/ratis/8d8bddb9-fea1-44b8-831c-f48eae1dfe2b] ERROR segmented.SegmentedRaftLogWorker (SegmentedRaftLogWorker.java:run(323)) - 431517c4-8c09-4790-b37b-2e132c8143ad-SegmentedRaftLogWorker:Storage Directory /workdir/hadoop-ozone/integration-test/target/test-dir/MiniOzoneClusterImpl-210d6028-2152-4683-81ff-347b0d29bb13/datanode-5/data/ratis/8d8bddb9-fea1-44b8-831c-f48eae1dfe2b hit exception
java.lang.OutOfMemoryError: Direct buffer memory
	at java.nio.Bits.reserveMemory(Bits.java:666)
	at java.nio.DirectByteBuffer.<init>(DirectByteBuffer.java:123)
	at java.nio.ByteBuffer.allocateDirect(ByteBuffer.java:311)
	at org.apache.ratis.server.raftlog.segmented.BufferedWriteChannel.<init>(BufferedWriteChannel.java:41)
	at org.apache.ratis.server.raftlog.segmented.SegmentedRaftLogOutputStream.<init>(SegmentedRaftLogOutputStream.java:72)
	at org.apache.ratis.server.raftlog.segmented.SegmentedRaftLogWorker$StartLogSegment.execute(SegmentedRaftLogWorker.java:566)
	at org.apache.ratis.server.raftlog.segmented.SegmentedRaftLogWorker.run(SegmentedRaftLogWorker.java:289)
	at java.lang.Thread.run(Thread.java:748)
2019-09-19 14:21:30,217 [6403e584-2209-453b-b79e-eeb0a7b58516:group-CB88C037056F:LeaderElection98] INFO  impl.RaftServerImpl (ServerState.java:setRaftConf(361)) - 6403e584-2209-453b-b79e-eeb0a7b58516:group-CB88C037056F set configuration 0: [6403e584-2209-453b-b79e-eeb0a7b58516:192.168.157.226:35833], old=null at 0
2019-09-19 14:21:29,950 [306a7a99-f2a5-4f40-b42b-2fc2def08a6a:group-4E474D260ED7:LeaderElection99] INFO  server.RaftServerConfigKeys (ConfUtils.java:logGet(43)) - raft.server.watch.element-limit = 65536 (default)
2019-09-19 14:21:29,950 [6403e584-2209-453b-b79e-eeb0a7b58516:group-6DF381D064CD:LeaderElection102] INFO  server.RaftServerConfigKeys (ConfUtils.java:logGet(43)) - raft.server.write.element-limit = 4096 (default)
2019-09-19 14:21:29,950 [5dfaa0ea-416a-422c-a75d-43311aceb00a-SegmentedRaftLogWorker:Storage Directory /workdir/hadoop-ozone/integration-test/target/test-dir/MiniOzoneClusterImpl-210d6028-2152-4683-81ff-347b0d29bb13/datanode-1/data/ratis/a4fefd89-f4e9-4fe3-ba65-2bdfd38a0b98] INFO  impl.RoleInfo (RoleInfo.java:shutdownLeaderState(104)) - 5dfaa0ea-416a-422c-a75d-43311aceb00a: shutdown LeaderState
2019-09-19 14:21:29,950 [306a7a99-f2a5-4f40-b42b-2fc2def08a6a-SegmentedRaftLogWorker:Storage Directory /workdir/hadoop-ozone/integration-test/target/test-dir/MiniOzoneClusterImpl-210d6028-2152-4683-81ff-347b0d29bb13/datanode-2/data/ratis/fb294bea-8d5d-4342-8de0-5b1d505db39f] INFO  impl.RaftServerImpl (ServerState.java:close(394)) - 306a7a99-f2a5-4f40-b42b-2fc2def08a6a:group-5B1D505DB39F closes. The last applied log index is -1
2019-09-19 14:21:29,949 [306a7a99-f2a5-4f40-b42b-2fc2def08a6a-SegmentedRaftLogWorker:Storage Directory /workdir/hadoop-ozone/integration-test/target/test-dir/MiniOzoneClusterImpl-210d6028-2152-4683-81ff-347b0d29bb13/datanode-2/data/ratis/d0c986d1-e39f-4294-adf9-aafaf8a40158] INFO  impl.PendingRequests (PendingRequests.java:sendNotLeaderResponses(202)) - 306a7a99-f2a5-4f40-b42b-2fc2def08a6a-PendingRequests: sendNotLeaderResponses
2019-09-19 14:21:29,949 [5dfaa0ea-416a-422c-a75d-43311aceb00a-SegmentedRaftLogWorker:Storage Directory /workdir/hadoop-ozone/integration-test/target/test-dir/MiniOzoneClusterImpl-210d6028-2152-4683-81ff-347b0d29bb13/datanode-1/data/ratis/68bcb93a-8f3f-42d7-95c4-0e840a7d0b0d] INFO  impl.PendingRequests (PendingRequests.java:sendNotLeaderResponses(202)) - 5dfaa0ea-416a-422c-a75d-43311aceb00a-PendingRequests: sendNotLeaderResponses
2019-09-19 14:21:29,949 [5dfaa0ea-416a-422c-a75d-43311aceb00a-SegmentedRaftLogWorker:Storage Directory /workdir/hadoop-ozone/integration-test/target/test-dir/MiniOzoneClusterImpl-210d6028-2152-4683-81ff-347b0d29bb13/datanode-1/data/ratis/adb0bda0-113c-4c95-8304-6756ac4acd80] INFO  impl.RoleInfo (RoleInfo.java:shutdownLeaderState(104)) - 5dfaa0ea-416a-422c-a75d-43311aceb00a: shutdown LeaderState
2019-09-19 14:21:29,949 [85c6a9f3-b9a5-43a5-ac4f-9aa7bd5f2263-SegmentedRaftLogWorker:Storage Directory /workdir/hadoop-ozone/integration-test/target/test-dir/MiniOzoneClusterImpl-210d6028-2152-4683-81ff-347b0d29bb13/datanode-0/data/ratis/32a78648-4c4e-43d8-a5eb-cded230a9c47] INFO  impl.RoleInfo (RoleInfo.java:shutdownLeaderState(104)) - 85c6a9f3-b9a5-43a5-ac4f-9aa7bd5f2263: shutdown LeaderState
2019-09-19 14:21:29,949 [Thread-444] INFO  impl.RoleInfo (RoleInfo.java:updateAndGet(143)) - 6403e584-2209-453b-b79e-eeb0a7b58516: start LeaderElection
2019-09-19 14:21:29,949 [Thread-456] INFO  impl.RoleInfo (RoleInfo.java:updateAndGet(143)) - 6403e584-2209-453b-b79e-eeb0a7b58516: start LeaderElection
2019-09-19 14:21:29,949 [Thread-438] INFO  impl.RoleInfo (RoleInfo.java:updateAndGet(143)) - 6403e584-2209-453b-b79e-eeb0a7b58516: start LeaderElection
2019-09-19 14:21:29,948 [Thread-450] INFO  impl.RoleInfo (RoleInfo.java:updateAndGet(143)) - 85c6a9f3-b9a5-43a5-ac4f-9aa7bd5f2263: start LeaderElection
2019-09-19 14:21:29,948 [Thread-447] INFO  impl.RoleInfo (RoleInfo.java:updateAndGet(143)) - 5dfaa0ea-416a-422c-a75d-43311aceb00a: start LeaderElection
2019-09-19 14:21:29,948 [Thread-453] INFO  impl.RoleInfo (RoleInfo.java:updateAndGet(143)) - 5dfaa0ea-416a-422c-a75d-43311aceb00a: start LeaderElection
2019-09-19 14:21:29,948 [Thread-720] INFO  impl.RaftServerImpl (RaftServerImpl.java:setRole(171)) - 306a7a99-f2a5-4f40-b42b-2fc2def08a6a:group-2EC6A4848DE1 changes role from FOLLOWER to CANDIDATE at term 0 for changeToCandidate
2019-09-19 14:21:31,985 [85c6a9f3-b9a5-43a5-ac4f-9aa7bd5f2263-SegmentedRaftLogWorker:Storage Directory /workdir/hadoop-ozone/integration-test/target/test-dir/MiniOzoneClusterImpl-210d6028-2152-4683-81ff-347b0d29bb13/datanode-0/data/ratis/32a78648-4c4e-43d8-a5eb-cded230a9c47] INFO  impl.PendingRequests (PendingRequests.java:sendNotLeaderResponses(202)) - 85c6a9f3-b9a5-43a5-ac4f-9aa7bd5f2263-PendingRequests: sendNotLeaderResponses
2019-09-19 14:21:31,986 [85c6a9f3-b9a5-43a5-ac4f-9aa7bd5f2263-SegmentedRaftLogWorker:Storage Directory /workdir/hadoop-ozone/integration-test/target/test-dir/MiniOzoneClusterImpl-210d6028-2152-4683-81ff-347b0d29bb13/datanode-0/data/ratis/32a78648-4c4e-43d8-a5eb-cded230a9c47] INFO  impl.StateMachineUpdater (StateMachineUpdater.java:stopAndJoin(115)) - StateMachineUpdater:85c6a9f3-b9a5-43a5-ac4f-9aa7bd5f2263:group-CDED230A9C47: set stopIndex = -1
2019-09-19 14:21:31,985 [5dfaa0ea-416a-422c-a75d-43311aceb00a-SegmentedRaftLogWorker:Storage Directory /workdir/hadoop-ozone/integration-test/target/test-dir/MiniOzoneClusterImpl-210d6028-2152-4683-81ff-347b0d29bb13/datanode-1/data/ratis/adb0bda0-113c-4c95-8304-6756ac4acd80] INFO  impl.PendingRequests (PendingRequests.java:sendNotLeaderResponses(202)) - 5dfaa0ea-416a-422c-a75d-43311aceb00a-PendingRequests: sendNotLeaderResponses
2019-09-19 14:21:31,984 [5dfaa0ea-416a-422c-a75d-43311aceb00a-SegmentedRaftLogWorker:Storage Directory /workdir/hadoop-ozone/integration-test/target/test-dir/MiniOzoneClusterImpl-210d6028-2152-4683-81ff-347b0d29bb13/datanode-1/data/ratis/68bcb93a-8f3f-42d7-95c4-0e840a7d0b0d] INFO  impl.StateMachineUpdater (StateMachineUpdater.java:stopAndJoin(115)) - StateMachineUpdater:5dfaa0ea-416a-422c-a75d-43311aceb00a:group-0E840A7D0B0D: set stopIndex = -1
2019-09-19 14:21:31,984 [306a7a99-f2a5-4f40-b42b-2fc2def08a6a-SegmentedRaftLogWorker:Storage Directory /workdir/hadoop-ozone/integration-test/target/test-dir/MiniOzoneClusterImpl-210d6028-2152-4683-81ff-347b0d29bb13/datanode-2/data/ratis/d0c986d1-e39f-4294-adf9-aafaf8a40158] INFO  impl.StateMachineUpdater (StateMachineUpdater.java:stopAndJoin(115)) - StateMachineUpdater:306a7a99-f2a5-4f40-b42b-2fc2def08a6a:group-AAFAF8A40158: set stopIndex = -1
2019-09-19 14:21:31,984 [306a7a99-f2a5-4f40-b42b-2fc2def08a6a-SegmentedRaftLogWorker:Storage Directory /workdir/hadoop-ozone/integration-test/target/test-dir/MiniOzoneClusterImpl-210d6028-2152-4683-81ff-347b0d29bb13/datanode-2/data/ratis/fb294bea-8d5d-4342-8de0-5b1d505db39f] INFO  segmented.SegmentedRaftLogWorker (SegmentedRaftLogWorker.java:close(228)) - 306a7a99-f2a5-4f40-b42b-2fc2def08a6a-SegmentedRaftLogWorker:Storage Directory /workdir/hadoop-ozone/integration-test/target/test-dir/MiniOzoneClusterImpl-210d6028-2152-4683-81ff-347b0d29bb13/datanode-2/data/ratis/fb294bea-8d5d-4342-8de0-5b1d505db39f close()
2019-09-19 14:21:31,984 [5dfaa0ea-416a-422c-a75d-43311aceb00a-SegmentedRaftLogWorker:Storage Directory /workdir/hadoop-ozone/integration-test/target/test-dir/MiniOzoneClusterImpl-210d6028-2152-4683-81ff-347b0d29bb13/datanode-1/data/ratis/a4fefd89-f4e9-4fe3-ba65-2bdfd38a0b98] INFO  impl.PendingRequests (PendingRequests.java:sendNotLeaderResponses(202)) - 5dfaa0ea-416a-422c-a75d-43311aceb00a-PendingRequests: sendNotLeaderResponses
2019-09-19 14:21:31,984 [6403e584-2209-453b-b79e-eeb0a7b58516:group-6DF381D064CD:LeaderElection102] INFO  server.RaftServerConfigKeys (ConfUtils.java:logGet(43)) - raft.server.watch.timeout = 10s (default)
2019-09-19 14:21:31,984 [306a7a99-f2a5-4f40-b42b-2fc2def08a6a:group-4E474D260ED7:LeaderElection99] INFO  impl.RoleInfo (RoleInfo.java:updateAndGet(143)) - 306a7a99-f2a5-4f40-b42b-2fc2def08a6a: start LeaderState
2019-09-19 14:21:31,983 [431517c4-8c09-4790-b37b-2e132c8143ad-SegmentedRaftLogWorker:Storage Directory /workdir/hadoop-ozone/integration-test/target/test-dir/MiniOzoneClusterImpl-210d6028-2152-4683-81ff-347b0d29bb13/datanode-5/data/ratis/8d8bddb9-fea1-44b8-831c-f48eae1dfe2b] INFO  impl.RaftServerImpl (RaftServerImpl.java:lambda$shutdown$3(245)) - 431517c4-8c09-4790-b37b-2e132c8143ad: shutdown group-F48EAE1DFE2B
2019-09-19 14:21:31,982 [85c6a9f3-b9a5-43a5-ac4f-9aa7bd5f2263:group-76218C4363DF:LeaderElection106] INFO  impl.RoleInfo (RoleInfo.java:shutdownLeaderElection(134)) - 85c6a9f3-b9a5-43a5-ac4f-9aa7bd5f2263: shutdown LeaderElection
2019-09-19 14:21:31,982 [5dfaa0ea-416a-422c-a75d-43311aceb00a:group-084D5223D16C:LeaderElection105] INFO  impl.RoleInfo (RoleInfo.java:shutdownLeaderElection(134)) - 5dfaa0ea-416a-422c-a75d-43311aceb00a: shutdown LeaderElection
2019-09-19 14:21:31,982 [306a7a99-f2a5-4f40-b42b-2fc2def08a6a:group-10AA2815E586:LeaderElection104] INFO  impl.RoleInfo (RoleInfo.java:shutdownLeaderElection(134)) - 306a7a99-f2a5-4f40-b42b-2fc2def08a6a: shutdown LeaderElection
2019-09-19 14:21:31,982 [306a7a99-f2a5-4f40-b42b-2fc2def08a6a:group-F2BDA4E60FC6:LeaderElection86] INFO  impl.RoleInfo (RoleInfo.java:updateAndGet(143)) - 306a7a99-f2a5-4f40-b42b-2fc2def08a6a: start LeaderState
2019-09-19 14:21:31,981 [Thread-528] INFO  impl.RoleInfo (RoleInfo.java:shutdownFollowerState(121)) - 85c6a9f3-b9a5-43a5-ac4f-9aa7bd5f2263: shutdown FollowerState
2019-09-19 14:21:31,981 [85c6a9f3-b9a5-43a5-ac4f-9aa7bd5f2263:group-DE6CB2708FEF:LeaderElection101] INFO  impl.RoleInfo (RoleInfo.java:updateAndGet(143)) - 85c6a9f3-b9a5-43a5-ac4f-9aa7bd5f2263: start LeaderState
2019-09-19 14:21:31,981 [6403e584-2209-453b-b79e-eeb0a7b58516:group-A99CE1758501:LeaderElection97] INFO  impl.RoleInfo (RoleInfo.java:updateAndGet(143)) - 6403e584-2209-453b-b79e-eeb0a7b58516: start LeaderState
2019-09-19 14:21:31,981 [Thread-525] INFO  impl.RoleInfo (RoleInfo.java:shutdownFollowerState(121)) - 85c6a9f3-b9a5-43a5-ac4f-9aa7bd5f2263: shutdown FollowerState
2019-09-19 14:21:31,981 [306a7a99-f2a5-4f40-b42b-2fc2def08a6a-SegmentedRaftLogWorker:Storage Directory /workdir/hadoop-ozone/integration-test/target/test-dir/MiniOzoneClusterImpl-210d6028-2152-4683-81ff-347b0d29bb13/datanode-2/data/ratis/2fc615a9-9353-49b0-b426-ebf6a907de95] INFO  impl.RaftServerImpl (RaftServerImpl.java:lambda$shutdown$3(245)) - 306a7a99-f2a5-4f40-b42b-2fc2def08a6a: shutdown group-EBF6A907DE95
2019-09-19 14:21:31,980 [306a7a99-f2a5-4f40-b42b-2fc2def08a6a:group-427A1DAF45E9:LeaderElection84] INFO  segmented.SegmentedRaftLogWorker (SegmentedRaftLogWorker.java:startLogSegment(380)) - 306a7a99-f2a5-4f40-b42b-2fc2def08a6a-SegmentedRaftLogWorker:Storage Directory /workdir/hadoop-ozone/integration-test/target/test-dir/MiniOzoneClusterImpl-210d6028-2152-4683-81ff-347b0d29bb13/datanode-2/data/ratis/764534ee-6f96-46ad-a922-427a1daf45e9: Starting segment from index:0
2019-09-19 14:21:31,980 [pool-60-thread-1] INFO  impl.RaftServerImpl (ServerState.java:<init>(105)) - 6403e584-2209-453b-b79e-eeb0a7b58516:group-BC6162215A45 ConfigurationManager, init=-1: [6403e584-2209-453b-b79e-eeb0a7b58516:192.168.157.226:35833], old=null, confs=<EMPTY_MAP>
2019-09-19 14:21:32,273 | INFO  | SCMAudit | user=jenkins1000 | ip=192.168.157.226 | op=SEND_HEARTBEAT {datanodeUUID=56d21ab3-8f6d-44ea-b961-c721a1c09246, command=[]} | ret=SUCCESS |  
2019-09-19 14:21:31,956 [6403e584-2209-453b-b79e-eeb0a7b58516-SegmentedRaftLogWorker:Storage Directory /workdir/hadoop-ozone/integration-test/target/test-dir/MiniOzoneClusterImpl-210d6028-2152-4683-81ff-347b0d29bb13/datanode-3/data/ratis/efe474ae-07d9-47f8-adce-cb5cb1832614] ERROR segmented.SegmentedRaftLogWorker (SegmentedRaftLogWorker.java:run(323)) - 6403e584-2209-453b-b79e-eeb0a7b58516-SegmentedRaftLogWorker:Storage Directory /workdir/hadoop-ozone/integration-test/target/test-dir/MiniOzoneClusterImpl-210d6028-2152-4683-81ff-347b0d29bb13/datanode-3/data/ratis/efe474ae-07d9-47f8-adce-cb5cb1832614 hit exception
java.lang.OutOfMemoryError: Direct buffer memory
	at java.nio.Bits.reserveMemory(Bits.java:666)
	at java.nio.DirectByteBuffer.<init>(DirectByteBuffer.java:123)
	at java.nio.ByteBuffer.allocateDirect(ByteBuffer.java:311)
	at org.apache.ratis.server.raftlog.segmented.BufferedWriteChannel.<init>(BufferedWriteChannel.java:41)
	at org.apache.ratis.server.raftlog.segmented.SegmentedRaftLogOutputStream.<init>(SegmentedRaftLogOutputStream.java:72)
	at org.apache.ratis.server.raftlog.segmented.SegmentedRaftLogWorker$StartLogSegment.execute(SegmentedRaftLogWorker.java:566)
	at org.apache.ratis.server.raftlog.segmented.SegmentedRaftLogWorker.run(SegmentedRaftLogWorker.java:289)
	at java.lang.Thread.run(Thread.java:748)
2019-09-19 14:21:32,273 | INFO  | SCMAudit | user=jenkins1000 | ip=192.168.157.226 | op=SEND_HEARTBEAT {datanodeUUID=1190b9a7-12b1-4c15-b33e-f7d0a0cd436c, command=[]} | ret=SUCCESS |  
2019-09-19 14:21:31,700 [306a7a99-f2a5-4f40-b42b-2fc2def08a6a-SegmentedRaftLogWorker:Storage Directory /workdir/hadoop-ozone/integration-test/target/test-dir/MiniOzoneClusterImpl-210d6028-2152-4683-81ff-347b0d29bb13/datanode-2/data/ratis/324ef32f-1f4d-4e5c-b543-cb34acf8c155] INFO  util.JmxRegister (JmxRegister.java:unregister(73)) - Successfully un-registered JMX Bean with object name Ratis:service=RaftServer,group=group-CB34ACF8C155,id=306a7a99-f2a5-4f40-b42b-2fc2def08a6a
2019-09-19 14:21:31,700 [431517c4-8c09-4790-b37b-2e132c8143ad:group-88D967718BDF:LeaderElection95] INFO  impl.RaftServerImpl (ServerState.java:setRaftConf(361)) - 431517c4-8c09-4790-b37b-2e132c8143ad:group-88D967718BDF set configuration 0: [431517c4-8c09-4790-b37b-2e132c8143ad:192.168.157.226:40911], old=null at 0
2019-09-19 14:21:32,274 | INFO  | SCMAudit | user=jenkins1000 | ip=192.168.157.226 | op=SEND_HEARTBEAT {datanodeUUID=85c6a9f3-b9a5-43a5-ac4f-9aa7bd5f2263, command=[]} | ret=SUCCESS |  
2019-09-19 14:21:32,274 | INFO  | SCMAudit | user=jenkins1000 | ip=192.168.157.226 | op=SEND_HEARTBEAT {datanodeUUID=5dfaa0ea-416a-422c-a75d-43311aceb00a, command=[]} | ret=SUCCESS |  
2019-09-19 14:21:32,274 | INFO  | SCMAudit | user=jenkins1000 | ip=192.168.157.226 | op=SEND_HEARTBEAT {datanodeUUID=431517c4-8c09-4790-b37b-2e132c8143ad, command=[]} | ret=SUCCESS |  
2019-09-19 14:21:31,699 [6403e584-2209-453b-b79e-eeb0a7b58516-SegmentedRaftLogWorker:Storage Directory /workdir/hadoop-ozone/integration-test/target/test-dir/MiniOzoneClusterImpl-210d6028-2152-4683-81ff-347b0d29bb13/datanode-3/data/ratis/2c88a252-c393-4a24-a4a9-29e445ec1a13] INFO  util.JmxRegister (JmxRegister.java:unregister(73)) - Successfully un-registered JMX Bean with object name Ratis:service=RaftServer,group=group-29E445EC1A13,id=6403e584-2209-453b-b79e-eeb0a7b58516
2019-09-19 14:21:31,698 [Thread-775] INFO  impl.RoleInfo (RoleInfo.java:shutdownFollowerState(121)) - 6403e584-2209-453b-b79e-eeb0a7b58516: shutdown FollowerState
2019-09-19 14:21:32,274 [Thread-775] INFO  impl.RaftServerImpl (RaftServerImpl.java:setRole(171)) - 6403e584-2209-453b-b79e-eeb0a7b58516:group-215A1067754F changes role from FOLLOWER to CANDIDATE at term 0 for changeToCandidate
2019-09-19 14:21:31,698 [5dfaa0ea-416a-422c-a75d-43311aceb00a-SegmentedRaftLogWorker:Storage Directory /workdir/hadoop-ozone/integration-test/target/test-dir/MiniOzoneClusterImpl-210d6028-2152-4683-81ff-347b0d29bb13/datanode-1/data/ratis/6bb0a770-530a-4840-a76d-7c4858421412] INFO  util.JmxRegister (JmxRegister.java:unregister(73)) - Successfully un-registered JMX Bean with object name Ratis:service=RaftServer,group=group-7C4858421412,id=5dfaa0ea-416a-422c-a75d-43311aceb00a
2019-09-19 14:21:32,275 [5dfaa0ea-416a-422c-a75d-43311aceb00a-SegmentedRaftLogWorker:Storage Directory /workdir/hadoop-ozone/integration-test/target/test-dir/MiniOzoneClusterImpl-210d6028-2152-4683-81ff-347b0d29bb13/datanode-1/data/ratis/6bb0a770-530a-4840-a76d-7c4858421412] INFO  impl.RoleInfo (RoleInfo.java:shutdownLeaderState(104)) - 5dfaa0ea-416a-422c-a75d-43311aceb00a: shutdown LeaderState
2019-09-19 14:21:31,698 [6403e584-2209-453b-b79e-eeb0a7b58516-SegmentedRaftLogWorker:Storage Directory /workdir/hadoop-ozone/integration-test/target/test-dir/MiniOzoneClusterImpl-210d6028-2152-4683-81ff-347b0d29bb13/datanode-3/data/ratis/2fff1b47-e774-49d3-aa3e-f5c4a469bbad] INFO  impl.RaftServerImpl (RaftServerImpl.java:lambda$shutdown$3(245)) - 6403e584-2209-453b-b79e-eeb0a7b58516: shutdown group-F5C4A469BBAD
2019-09-19 14:21:31,698 [6403e584-2209-453b-b79e-eeb0a7b58516-SegmentedRaftLogWorker:Storage Directory /workdir/hadoop-ozone/integration-test/target/test-dir/MiniOzoneClusterImpl-210d6028-2152-4683-81ff-347b0d29bb13/datanode-3/data/ratis/fedba6e8-daec-4067-a469-fc754a9a4bd4] INFO  util.JmxRegister (JmxRegister.java:unregister(73)) - Successfully un-registered JMX Bean with object name Ratis:service=RaftServer,group=group-FC754A9A4BD4,id=6403e584-2209-453b-b79e-eeb0a7b58516
2019-09-19 14:21:31,697 [6403e584-2209-453b-b79e-eeb0a7b58516:group-B00340782978:LeaderElection113] INFO  impl.RoleInfo (RoleInfo.java:shutdownLeaderElection(134)) - 6403e584-2209-453b-b79e-eeb0a7b58516: shutdown LeaderElection
2019-09-19 14:21:31,697 [306a7a99-f2a5-4f40-b42b-2fc2def08a6a-SegmentedRaftLogWorker:Storage Directory /workdir/hadoop-ozone/integration-test/target/test-dir/MiniOzoneClusterImpl-210d6028-2152-4683-81ff-347b0d29bb13/datanode-2/data/ratis/eb567285-39b5-42e7-b198-b068de63fe4e] INFO  util.JmxRegister (JmxRegister.java:unregister(73)) - Successfully un-registered JMX Bean with object name Ratis:service=RaftServer,group=group-B068DE63FE4E,id=306a7a99-f2a5-4f40-b42b-2fc2def08a6a
2019-09-19 14:21:31,697 [Thread-489] INFO  impl.RaftServerImpl (RaftServerImpl.java:setRole(171)) - 5dfaa0ea-416a-422c-a75d-43311aceb00a:group-23B0D2424888 changes role from FOLLOWER to CANDIDATE at term 0 for changeToCandidate
2019-09-19 14:21:31,697 [Thread-492] INFO  impl.RoleInfo (RoleInfo.java:updateAndGet(143)) - 306a7a99-f2a5-4f40-b42b-2fc2def08a6a: start LeaderElection
2019-09-19 14:21:31,696 [Thread-495] INFO  impl.RoleInfo (RoleInfo.java:updateAndGet(143)) - 5dfaa0ea-416a-422c-a75d-43311aceb00a: start LeaderElection
2019-09-19 14:21:31,696 [Thread-498] INFO  impl.RaftServerImpl (RaftServerImpl.java:setRole(171)) - 306a7a99-f2a5-4f40-b42b-2fc2def08a6a:group-1A94FBF18F11 changes role from FOLLOWER to CANDIDATE at term 0 for changeToCandidate
2019-09-19 14:21:31,696 [85c6a9f3-b9a5-43a5-ac4f-9aa7bd5f2263-SegmentedRaftLogWorker:Storage Directory /workdir/hadoop-ozone/integration-test/target/test-dir/MiniOzoneClusterImpl-210d6028-2152-4683-81ff-347b0d29bb13/datanode-0/data/ratis/685c9429-6346-4d93-9d6e-111669bae36c] INFO  util.JmxRegister (JmxRegister.java:unregister(73)) - Successfully un-registered JMX Bean with object name Ratis:service=RaftServer,group=group-111669BAE36C,id=85c6a9f3-b9a5-43a5-ac4f-9aa7bd5f2263
2019-09-19 14:21:31,695 [RATISCREATEPIPELINE1] ERROR pipeline.RatisPipelineProvider (RatisPipelineProvider.java:lambda$null$2(182)) - Failed invoke Ratis rpc org.apache.hadoop.hdds.scm.pipeline.RatisPipelineProvider$$Lambda$167/58700986@2f15ba68 for 6403e584-2209-453b-b79e-eeb0a7b58516
org.apache.ratis.protocol.TimeoutIOException: deadline exceeded after 2999682901ns
	at org.apache.ratis.grpc.GrpcUtil.tryUnwrapException(GrpcUtil.java:82)
	at org.apache.ratis.grpc.GrpcUtil.unwrapException(GrpcUtil.java:75)
	at org.apache.ratis.grpc.client.GrpcClientProtocolClient.blockingCall(GrpcClientProtocolClient.java:169)
	at org.apache.ratis.grpc.client.GrpcClientProtocolClient.groupAdd(GrpcClientProtocolClient.java:138)
	at org.apache.ratis.grpc.client.GrpcClientRpc.sendRequest(GrpcClientRpc.java:94)
	at org.apache.ratis.client.impl.RaftClientImpl.sendRequest(RaftClientImpl.java:279)
	at org.apache.ratis.client.impl.RaftClientImpl.groupAdd(RaftClientImpl.java:206)
	at org.apache.hadoop.hdds.scm.pipeline.RatisPipelineProvider.lambda$initializePipeline$1(RatisPipelineProvider.java:141)
	at org.apache.hadoop.hdds.scm.pipeline.RatisPipelineProvider.lambda$null$2(RatisPipelineProvider.java:178)
	at java.util.stream.ForEachOps$ForEachOp$OfRef.accept(ForEachOps.java:184)
	at java.util.ArrayList$ArrayListSpliterator.forEachRemaining(ArrayList.java:1382)
	at java.util.stream.AbstractPipeline.copyInto(AbstractPipeline.java:482)
	at java.util.stream.ForEachOps$ForEachTask.compute(ForEachOps.java:291)
	at java.util.concurrent.CountedCompleter.exec(CountedCompleter.java:731)
	at java.util.concurrent.ForkJoinTask.doExec(ForkJoinTask.java:289)
	at java.util.concurrent.ForkJoinTask.doInvoke(ForkJoinTask.java:401)
	at java.util.concurrent.ForkJoinTask.invoke(ForkJoinTask.java:734)
	at java.util.stream.ForEachOps$ForEachOp.evaluateParallel(ForEachOps.java:160)
	at java.util.stream.ForEachOps$ForEachOp$OfRef.evaluateParallel(ForEachOps.java:174)
	at java.util.stream.AbstractPipeline.evaluate(AbstractPipeline.java:233)
	at java.util.stream.ReferencePipeline.forEach(ReferencePipeline.java:418)
	at java.util.stream.ReferencePipeline$Head.forEach(ReferencePipeline.java:583)
	at org.apache.hadoop.hdds.scm.pipeline.RatisPipelineProvider.lambda$callRatisRpc$3(RatisPipelineProvider.java:172)
	at java.util.concurrent.ForkJoinTask$AdaptedRunnableAction.exec(ForkJoinTask.java:1386)
	at java.util.concurrent.ForkJoinTask.doExec(ForkJoinTask.java:289)
	at java.util.concurrent.ForkJoinPool$WorkQueue.runTask(ForkJoinPool.java:1056)
	at java.util.concurrent.ForkJoinPool.runWorker(ForkJoinPool.java:1692)
	at java.util.concurrent.ForkJoinWorkerThread.run(ForkJoinWorkerThread.java:157)
Caused by: org.apache.ratis.thirdparty.io.grpc.StatusRuntimeException: DEADLINE_EXCEEDED: deadline exceeded after 2999682901ns
	at org.apache.ratis.thirdparty.io.grpc.stub.ClientCalls.toStatusRuntimeException(ClientCalls.java:233)
	at org.apache.ratis.thirdparty.io.grpc.stub.ClientCalls.getUnchecked(ClientCalls.java:214)
	at org.apache.ratis.thirdparty.io.grpc.stub.ClientCalls.blockingUnaryCall(ClientCalls.java:139)
	at org.apache.ratis.proto.grpc.AdminProtocolServiceGrpc$AdminProtocolServiceBlockingStub.groupManagement(AdminProtocolServiceGrpc.java:274)
	at org.apache.ratis.grpc.client.GrpcClientProtocolClient.lambda$groupAdd$3(GrpcClientProtocolClient.java:140)
	at org.apache.ratis.grpc.client.GrpcClientProtocolClient.blockingCall(GrpcClientProtocolClient.java:167)
	... 25 more
2019-09-19 14:21:31,695 [5dfaa0ea-416a-422c-a75d-43311aceb00a-SegmentedRaftLogWorker:Storage Directory /workdir/hadoop-ozone/integration-test/target/test-dir/MiniOzoneClusterImpl-210d6028-2152-4683-81ff-347b0d29bb13/datanode-1/data/ratis/eda21a42-e9b2-448c-bdc3-99527b0f1d6c] INFO  impl.RaftServerImpl (RaftServerImpl.java:lambda$shutdown$3(245)) - 5dfaa0ea-416a-422c-a75d-43311aceb00a: shutdown group-99527B0F1D6C
2019-09-19 14:21:31,675 [85c6a9f3-b9a5-43a5-ac4f-9aa7bd5f2263:group-7B227C9559A3:LeaderElection103] INFO  server.RaftServerConfigKeys (ConfUtils.java:logGet(43)) - raft.server.staging.catchup.gap = 1000 (default)
2019-09-19 14:21:31,675 [306a7a99-f2a5-4f40-b42b-2fc2def08a6a:group-4B237A1118DD:LeaderElection92] INFO  segmented.SegmentedRaftLogWorker (SegmentedRaftLogWorker.java:startLogSegment(380)) - 306a7a99-f2a5-4f40-b42b-2fc2def08a6a-SegmentedRaftLogWorker:Storage Directory /workdir/hadoop-ozone/integration-test/target/test-dir/MiniOzoneClusterImpl-210d6028-2152-4683-81ff-347b0d29bb13/datanode-2/data/ratis/e49b5ef4-bea3-4fd5-bafd-4b237a1118dd: Starting segment from index:0
2019-09-19 14:21:31,675 [6403e584-2209-453b-b79e-eeb0a7b58516:group-7382CF0FF315:LeaderElection83] INFO  server.RaftServerConfigKeys (ConfUtils.java:logGet(43)) - raft.server.watch.element-limit = 65536 (default)
2019-09-19 14:21:32,281 [85c6a9f3-b9a5-43a5-ac4f-9aa7bd5f2263:group-7B227C9559A3:LeaderElection103] INFO  server.RaftServerConfigKeys (ConfUtils.java:logGet(43)) - raft.server.rpc.sleep.time = 25ms (default)
2019-09-19 14:21:32,281 [RatisPipelineUtilsThread] ERROR pipeline.SCMPipelineManager (SCMPipelineManager.java:createPipeline(161)) - Pipeline creation failed due to exception: Failed invoke Ratis rpc org.apache.hadoop.hdds.scm.pipeline.RatisPipelineProvider$$Lambda$167/58700986@2f15ba68 for 6403e584-2209-453b-b79e-eeb0a7b58516
2019-09-19 14:21:32,280 [5dfaa0ea-416a-422c-a75d-43311aceb00a-SegmentedRaftLogWorker:Storage Directory /workdir/hadoop-ozone/integration-test/target/test-dir/MiniOzoneClusterImpl-210d6028-2152-4683-81ff-347b0d29bb13/datanode-1/data/ratis/eda21a42-e9b2-448c-bdc3-99527b0f1d6c] INFO  util.JmxRegister (JmxRegister.java:unregister(73)) - Successfully un-registered JMX Bean with object name Ratis:service=RaftServer,group=group-99527B0F1D6C,id=5dfaa0ea-416a-422c-a75d-43311aceb00a
2019-09-19 14:21:32,276 [85c6a9f3-b9a5-43a5-ac4f-9aa7bd5f2263-SegmentedRaftLogWorker:Storage Directory /workdir/hadoop-ozone/integration-test/target/test-dir/MiniOzoneClusterImpl-210d6028-2152-4683-81ff-347b0d29bb13/datanode-0/data/ratis/685c9429-6346-4d93-9d6e-111669bae36c] INFO  impl.RoleInfo (RoleInfo.java:shutdownLeaderState(104)) - 85c6a9f3-b9a5-43a5-ac4f-9aa7bd5f2263: shutdown LeaderState
2019-09-19 14:21:32,276 [Thread-498] INFO  impl.RoleInfo (RoleInfo.java:updateAndGet(143)) - 306a7a99-f2a5-4f40-b42b-2fc2def08a6a: start LeaderElection
2019-09-19 14:21:32,275 [Thread-489] INFO  impl.RoleInfo (RoleInfo.java:updateAndGet(143)) - 5dfaa0ea-416a-422c-a75d-43311aceb00a: start LeaderElection
2019-09-19 14:21:32,275 [306a7a99-f2a5-4f40-b42b-2fc2def08a6a-SegmentedRaftLogWorker:Storage Directory /workdir/hadoop-ozone/integration-test/target/test-dir/MiniOzoneClusterImpl-210d6028-2152-4683-81ff-347b0d29bb13/datanode-2/data/ratis/eb567285-39b5-42e7-b198-b068de63fe4e] INFO  impl.RoleInfo (RoleInfo.java:shutdownLeaderState(104)) - 306a7a99-f2a5-4f40-b42b-2fc2def08a6a: shutdown LeaderState
2019-09-19 14:21:32,543 [5dfaa0ea-416a-422c-a75d-43311aceb00a:group-1B266AA0B1F2:LeaderElection114] INFO  impl.LeaderElection (LeaderElection.java:askForVotes(181)) - 5dfaa0ea-416a-422c-a75d-43311aceb00a:group-1B266AA0B1F2:LeaderElection114: begin an election at term 1 for -1: [5dfaa0ea-416a-422c-a75d-43311aceb00a:192.168.157.226:45629], old=null
2019-09-19 14:21:32,275 [6403e584-2209-453b-b79e-eeb0a7b58516:group-B00340782978:LeaderElection113] INFO  impl.RaftServerImpl (RaftServerImpl.java:setRole(171)) - 6403e584-2209-453b-b79e-eeb0a7b58516:group-B00340782978 changes role from CANDIDATE to LEADER at term 1 for changeToLeader
2019-09-19 14:21:32,275 [6403e584-2209-453b-b79e-eeb0a7b58516-SegmentedRaftLogWorker:Storage Directory /workdir/hadoop-ozone/integration-test/target/test-dir/MiniOzoneClusterImpl-210d6028-2152-4683-81ff-347b0d29bb13/datanode-3/data/ratis/fedba6e8-daec-4067-a469-fc754a9a4bd4] INFO  impl.RoleInfo (RoleInfo.java:shutdownLeaderState(104)) - 6403e584-2209-453b-b79e-eeb0a7b58516: shutdown LeaderState
2019-09-19 14:21:32,275 [6403e584-2209-453b-b79e-eeb0a7b58516-SegmentedRaftLogWorker:Storage Directory /workdir/hadoop-ozone/integration-test/target/test-dir/MiniOzoneClusterImpl-210d6028-2152-4683-81ff-347b0d29bb13/datanode-3/data/ratis/2fff1b47-e774-49d3-aa3e-f5c4a469bbad] INFO  util.JmxRegister (JmxRegister.java:unregister(73)) - Successfully un-registered JMX Bean with object name Ratis:service=RaftServer,group=group-F5C4A469BBAD,id=6403e584-2209-453b-b79e-eeb0a7b58516
2019-09-19 14:21:32,547 [6403e584-2209-453b-b79e-eeb0a7b58516-SegmentedRaftLogWorker:Storage Directory /workdir/hadoop-ozone/integration-test/target/test-dir/MiniOzoneClusterImpl-210d6028-2152-4683-81ff-347b0d29bb13/datanode-3/data/ratis/2fff1b47-e774-49d3-aa3e-f5c4a469bbad] INFO  impl.RoleInfo (RoleInfo.java:shutdownLeaderState(104)) - 6403e584-2209-453b-b79e-eeb0a7b58516: shutdown LeaderState
2019-09-19 14:21:32,275 [5dfaa0ea-416a-422c-a75d-43311aceb00a-SegmentedRaftLogWorker:Storage Directory /workdir/hadoop-ozone/integration-test/target/test-dir/MiniOzoneClusterImpl-210d6028-2152-4683-81ff-347b0d29bb13/datanode-1/data/ratis/6bb0a770-530a-4840-a76d-7c4858421412] INFO  impl.PendingRequests (PendingRequests.java:sendNotLeaderResponses(202)) - 5dfaa0ea-416a-422c-a75d-43311aceb00a-PendingRequests: sendNotLeaderResponses
2019-09-19 14:21:32,274 [Thread-775] INFO  impl.RoleInfo (RoleInfo.java:updateAndGet(143)) - 6403e584-2209-453b-b79e-eeb0a7b58516: start LeaderElection
2019-09-19 14:21:32,274 [6403e584-2209-453b-b79e-eeb0a7b58516-SegmentedRaftLogWorker:Storage Directory /workdir/hadoop-ozone/integration-test/target/test-dir/MiniOzoneClusterImpl-210d6028-2152-4683-81ff-347b0d29bb13/datanode-3/data/ratis/2c88a252-c393-4a24-a4a9-29e445ec1a13] INFO  impl.RoleInfo (RoleInfo.java:shutdownLeaderState(104)) - 6403e584-2209-453b-b79e-eeb0a7b58516: shutdown LeaderState
2019-09-19 14:21:32,274 [306a7a99-f2a5-4f40-b42b-2fc2def08a6a-SegmentedRaftLogWorker:Storage Directory /workdir/hadoop-ozone/integration-test/target/test-dir/MiniOzoneClusterImpl-210d6028-2152-4683-81ff-347b0d29bb13/datanode-2/data/ratis/324ef32f-1f4d-4e5c-b543-cb34acf8c155] INFO  impl.RoleInfo (RoleInfo.java:shutdownLeaderState(104)) - 306a7a99-f2a5-4f40-b42b-2fc2def08a6a: shutdown LeaderState
2019-09-19 14:21:32,273 [6403e584-2209-453b-b79e-eeb0a7b58516-SegmentedRaftLogWorker:Storage Directory /workdir/hadoop-ozone/integration-test/target/test-dir/MiniOzoneClusterImpl-210d6028-2152-4683-81ff-347b0d29bb13/datanode-3/data/ratis/efe474ae-07d9-47f8-adce-cb5cb1832614] INFO  impl.RaftServerImpl (RaftServerImpl.java:lambda$shutdown$3(245)) - 6403e584-2209-453b-b79e-eeb0a7b58516: shutdown group-CB5CB1832614
2019-09-19 14:21:32,273 [306a7a99-f2a5-4f40-b42b-2fc2def08a6a:group-427A1DAF45E9:LeaderElection84] INFO  impl.RaftServerImpl (ServerState.java:setRaftConf(361)) - 306a7a99-f2a5-4f40-b42b-2fc2def08a6a:group-427A1DAF45E9 set configuration 0: [306a7a99-f2a5-4f40-b42b-2fc2def08a6a:192.168.157.226:42633], old=null at 0
2019-09-19 14:21:32,273 [pool-60-thread-1] INFO  server.RaftServerConfigKeys (ConfUtils.java:logGet(43)) - raft.server.storage.dir = [/workdir/hadoop-ozone/integration-test/target/test-dir/MiniOzoneClusterImpl-210d6028-2152-4683-81ff-347b0d29bb13/datanode-3/data/ratis] (custom)
2019-09-19 14:21:32,273 [6403e584-2209-453b-b79e-eeb0a7b58516-SegmentedRaftLogWorker:Storage Directory /workdir/hadoop-ozone/integration-test/target/test-dir/MiniOzoneClusterImpl-210d6028-2152-4683-81ff-347b0d29bb13/datanode-3/data/ratis/3586b59f-de3d-4e52-ba56-cb88c037056f] ERROR segmented.SegmentedRaftLogWorker (SegmentedRaftLogWorker.java:run(323)) - 6403e584-2209-453b-b79e-eeb0a7b58516-SegmentedRaftLogWorker:Storage Directory /workdir/hadoop-ozone/integration-test/target/test-dir/MiniOzoneClusterImpl-210d6028-2152-4683-81ff-347b0d29bb13/datanode-3/data/ratis/3586b59f-de3d-4e52-ba56-cb88c037056f hit exception
java.lang.OutOfMemoryError: Direct buffer memory
	at java.nio.Bits.reserveMemory(Bits.java:666)
	at java.nio.DirectByteBuffer.<init>(DirectByteBuffer.java:123)
	at java.nio.ByteBuffer.allocateDirect(ByteBuffer.java:311)
	at org.apache.ratis.server.raftlog.segmented.BufferedWriteChannel.<init>(BufferedWriteChannel.java:41)
	at org.apache.ratis.server.raftlog.segmented.SegmentedRaftLogOutputStream.<init>(SegmentedRaftLogOutputStream.java:72)
	at org.apache.ratis.server.raftlog.segmented.SegmentedRaftLogWorker$StartLogSegment.execute(SegmentedRaftLogWorker.java:566)
	at org.apache.ratis.server.raftlog.segmented.SegmentedRaftLogWorker.run(SegmentedRaftLogWorker.java:289)
	at java.lang.Thread.run(Thread.java:748)
2019-09-19 14:21:31,993 [306a7a99-f2a5-4f40-b42b-2fc2def08a6a-SegmentedRaftLogWorker:Storage Directory /workdir/hadoop-ozone/integration-test/target/test-dir/MiniOzoneClusterImpl-210d6028-2152-4683-81ff-347b0d29bb13/datanode-2/data/ratis/2fc615a9-9353-49b0-b426-ebf6a907de95] INFO  util.JmxRegister (JmxRegister.java:unregister(73)) - Successfully un-registered JMX Bean with object name Ratis:service=RaftServer,group=group-EBF6A907DE95,id=306a7a99-f2a5-4f40-b42b-2fc2def08a6a
2019-09-19 14:21:31,993 [Thread-525] INFO  impl.RaftServerImpl (RaftServerImpl.java:setRole(171)) - 85c6a9f3-b9a5-43a5-ac4f-9aa7bd5f2263:group-761A2A37A56F changes role from FOLLOWER to CANDIDATE at term 0 for changeToCandidate
2019-09-19 14:21:31,993 [6403e584-2209-453b-b79e-eeb0a7b58516:group-A99CE1758501:LeaderElection97] INFO  segmented.SegmentedRaftLogWorker (SegmentedRaftLogWorker.java:startLogSegment(380)) - 6403e584-2209-453b-b79e-eeb0a7b58516-SegmentedRaftLogWorker:Storage Directory /workdir/hadoop-ozone/integration-test/target/test-dir/MiniOzoneClusterImpl-210d6028-2152-4683-81ff-347b0d29bb13/datanode-3/data/ratis/cfcc99eb-c429-422b-a0a7-a99ce1758501: Starting segment from index:0
2019-09-19 14:21:31,993 [85c6a9f3-b9a5-43a5-ac4f-9aa7bd5f2263:group-DE6CB2708FEF:LeaderElection101] INFO  segmented.SegmentedRaftLogWorker (SegmentedRaftLogWorker.java:startLogSegment(380)) - 85c6a9f3-b9a5-43a5-ac4f-9aa7bd5f2263-SegmentedRaftLogWorker:Storage Directory /workdir/hadoop-ozone/integration-test/target/test-dir/MiniOzoneClusterImpl-210d6028-2152-4683-81ff-347b0d29bb13/datanode-0/data/ratis/da64c545-5555-4ced-ad9e-de6cb2708fef: Starting segment from index:0
2019-09-19 14:21:31,993 [Thread-528] INFO  impl.RaftServerImpl (RaftServerImpl.java:setRole(171)) - 85c6a9f3-b9a5-43a5-ac4f-9aa7bd5f2263:group-1487A2604F1B changes role from FOLLOWER to CANDIDATE at term 0 for changeToCandidate
2019-09-19 14:21:31,993 [306a7a99-f2a5-4f40-b42b-2fc2def08a6a:group-F2BDA4E60FC6:LeaderElection86] INFO  segmented.SegmentedRaftLogWorker (SegmentedRaftLogWorker.java:startLogSegment(380)) - 306a7a99-f2a5-4f40-b42b-2fc2def08a6a-SegmentedRaftLogWorker:Storage Directory /workdir/hadoop-ozone/integration-test/target/test-dir/MiniOzoneClusterImpl-210d6028-2152-4683-81ff-347b0d29bb13/datanode-2/data/ratis/1ec4bb23-cf9f-43a9-a8f9-f2bda4e60fc6: Starting segment from index:0
2019-09-19 14:21:31,992 [306a7a99-f2a5-4f40-b42b-2fc2def08a6a:group-10AA2815E586:LeaderElection104] INFO  impl.RaftServerImpl (RaftServerImpl.java:setRole(171)) - 306a7a99-f2a5-4f40-b42b-2fc2def08a6a:group-10AA2815E586 changes role from CANDIDATE to LEADER at term 1 for changeToLeader
2019-09-19 14:21:31,992 [5dfaa0ea-416a-422c-a75d-43311aceb00a:group-084D5223D16C:LeaderElection105] INFO  impl.RaftServerImpl (RaftServerImpl.java:setRole(171)) - 5dfaa0ea-416a-422c-a75d-43311aceb00a:group-084D5223D16C changes role from CANDIDATE to LEADER at term 1 for changeToLeader
2019-09-19 14:21:31,992 [431517c4-8c09-4790-b37b-2e132c8143ad-SegmentedRaftLogWorker:Storage Directory /workdir/hadoop-ozone/integration-test/target/test-dir/MiniOzoneClusterImpl-210d6028-2152-4683-81ff-347b0d29bb13/datanode-5/data/ratis/8d8bddb9-fea1-44b8-831c-f48eae1dfe2b] INFO  util.JmxRegister (JmxRegister.java:unregister(73)) - Successfully un-registered JMX Bean with object name Ratis:service=RaftServer,group=group-F48EAE1DFE2B,id=431517c4-8c09-4790-b37b-2e132c8143ad
2019-09-19 14:21:33,221 [431517c4-8c09-4790-b37b-2e132c8143ad-SegmentedRaftLogWorker:Storage Directory /workdir/hadoop-ozone/integration-test/target/test-dir/MiniOzoneClusterImpl-210d6028-2152-4683-81ff-347b0d29bb13/datanode-5/data/ratis/8d8bddb9-fea1-44b8-831c-f48eae1dfe2b] INFO  impl.RoleInfo (RoleInfo.java:shutdownLeaderState(104)) - 431517c4-8c09-4790-b37b-2e132c8143ad: shutdown LeaderState
2019-09-19 14:21:31,992 [85c6a9f3-b9a5-43a5-ac4f-9aa7bd5f2263:group-76218C4363DF:LeaderElection106] INFO  impl.RaftServerImpl (RaftServerImpl.java:setRole(171)) - 85c6a9f3-b9a5-43a5-ac4f-9aa7bd5f2263:group-76218C4363DF changes role from CANDIDATE to LEADER at term 1 for changeToLeader
2019-09-19 14:21:31,992 [306a7a99-f2a5-4f40-b42b-2fc2def08a6a:group-4E474D260ED7:LeaderElection99] INFO  segmented.SegmentedRaftLogWorker (SegmentedRaftLogWorker.java:startLogSegment(380)) - 306a7a99-f2a5-4f40-b42b-2fc2def08a6a-SegmentedRaftLogWorker:Storage Directory /workdir/hadoop-ozone/integration-test/target/test-dir/MiniOzoneClusterImpl-210d6028-2152-4683-81ff-347b0d29bb13/datanode-2/data/ratis/84094645-514c-48e5-b7dd-4e474d260ed7: Starting segment from index:0
2019-09-19 14:21:33,226 | INFO  | SCMAudit | user=jenkins1000 | ip=192.168.157.226 | op=SEND_HEARTBEAT {datanodeUUID=306a7a99-f2a5-4f40-b42b-2fc2def08a6a, command=[]} | ret=SUCCESS |  
2019-09-19 14:21:33,226 | INFO  | SCMAudit | user=jenkins1000 | ip=192.168.157.226 | op=SEND_HEARTBEAT {datanodeUUID=6403e584-2209-453b-b79e-eeb0a7b58516, command=[]} | ret=SUCCESS |  
2019-09-19 14:21:31,992 [6403e584-2209-453b-b79e-eeb0a7b58516:group-6DF381D064CD:LeaderElection102] INFO  server.RaftServerConfigKeys (ConfUtils.java:logGet(43)) - raft.server.watch.timeout.denomination = 1s (default)
2019-09-19 14:21:31,991 [5dfaa0ea-416a-422c-a75d-43311aceb00a-SegmentedRaftLogWorker:Storage Directory /workdir/hadoop-ozone/integration-test/target/test-dir/MiniOzoneClusterImpl-210d6028-2152-4683-81ff-347b0d29bb13/datanode-1/data/ratis/a4fefd89-f4e9-4fe3-ba65-2bdfd38a0b98] INFO  impl.StateMachineUpdater (StateMachineUpdater.java:stopAndJoin(115)) - StateMachineUpdater:5dfaa0ea-416a-422c-a75d-43311aceb00a:group-2BDFD38A0B98: set stopIndex = -1
2019-09-19 14:21:31,987 [306a7a99-f2a5-4f40-b42b-2fc2def08a6a-SegmentedRaftLogWorker:Storage Directory /workdir/hadoop-ozone/integration-test/target/test-dir/MiniOzoneClusterImpl-210d6028-2152-4683-81ff-347b0d29bb13/datanode-2/data/ratis/d0c986d1-e39f-4294-adf9-aafaf8a40158] INFO  impl.RaftServerImpl (ServerState.java:close(394)) - 306a7a99-f2a5-4f40-b42b-2fc2def08a6a:group-AAFAF8A40158 closes. The last applied log index is -1
2019-09-19 14:21:31,987 [5dfaa0ea-416a-422c-a75d-43311aceb00a-SegmentedRaftLogWorker:Storage Directory /workdir/hadoop-ozone/integration-test/target/test-dir/MiniOzoneClusterImpl-210d6028-2152-4683-81ff-347b0d29bb13/datanode-1/data/ratis/adb0bda0-113c-4c95-8304-6756ac4acd80] INFO  impl.StateMachineUpdater (StateMachineUpdater.java:stopAndJoin(115)) - StateMachineUpdater:5dfaa0ea-416a-422c-a75d-43311aceb00a:group-6756AC4ACD80: set stopIndex = -1
2019-09-19 14:21:33,446 | INFO  | SCMAudit | user=jenkins1000 | ip=192.168.157.226 | op=SEND_HEARTBEAT {datanodeUUID=431517c4-8c09-4790-b37b-2e132c8143ad, command=[]} | ret=SUCCESS |  
2019-09-19 14:21:33,446 | INFO  | SCMAudit | user=jenkins1000 | ip=192.168.157.226 | op=SEND_HEARTBEAT {datanodeUUID=1190b9a7-12b1-4c15-b33e-f7d0a0cd436c, command=[]} | ret=SUCCESS |  
2019-09-19 14:21:33,446 | INFO  | SCMAudit | user=jenkins1000 | ip=192.168.157.226 | op=SEND_HEARTBEAT {datanodeUUID=85c6a9f3-b9a5-43a5-ac4f-9aa7bd5f2263, command=[]} | ret=SUCCESS |  
2019-09-19 14:21:33,446 | INFO  | SCMAudit | user=jenkins1000 | ip=192.168.157.226 | op=SEND_HEARTBEAT {datanodeUUID=5dfaa0ea-416a-422c-a75d-43311aceb00a, command=[]} | ret=SUCCESS |  
2019-09-19 14:21:31,987 [5dfaa0ea-416a-422c-a75d-43311aceb00a-SegmentedRaftLogWorker:Storage Directory /workdir/hadoop-ozone/integration-test/target/test-dir/MiniOzoneClusterImpl-210d6028-2152-4683-81ff-347b0d29bb13/datanode-1/data/ratis/68bcb93a-8f3f-42d7-95c4-0e840a7d0b0d] INFO  impl.RaftServerImpl (ServerState.java:close(394)) - 5dfaa0ea-416a-422c-a75d-43311aceb00a:group-0E840A7D0B0D closes. The last applied log index is -1
2019-09-19 14:21:31,987 [85c6a9f3-b9a5-43a5-ac4f-9aa7bd5f2263-SegmentedRaftLogWorker:Storage Directory /workdir/hadoop-ozone/integration-test/target/test-dir/MiniOzoneClusterImpl-210d6028-2152-4683-81ff-347b0d29bb13/datanode-0/data/ratis/32a78648-4c4e-43d8-a5eb-cded230a9c47] INFO  impl.RaftServerImpl (ServerState.java:close(394)) - 85c6a9f3-b9a5-43a5-ac4f-9aa7bd5f2263:group-CDED230A9C47 closes. The last applied log index is -1
2019-09-19 14:21:31,986 [Thread-720] INFO  impl.RoleInfo (RoleInfo.java:updateAndGet(143)) - 306a7a99-f2a5-4f40-b42b-2fc2def08a6a: start LeaderElection
2019-09-19 14:21:33,450 [85c6a9f3-b9a5-43a5-ac4f-9aa7bd5f2263-SegmentedRaftLogWorker:Storage Directory /workdir/hadoop-ozone/integration-test/target/test-dir/MiniOzoneClusterImpl-210d6028-2152-4683-81ff-347b0d29bb13/datanode-0/data/ratis/32a78648-4c4e-43d8-a5eb-cded230a9c47] INFO  segmented.SegmentedRaftLogWorker (SegmentedRaftLogWorker.java:close(228)) - 85c6a9f3-b9a5-43a5-ac4f-9aa7bd5f2263-SegmentedRaftLogWorker:Storage Directory /workdir/hadoop-ozone/integration-test/target/test-dir/MiniOzoneClusterImpl-210d6028-2152-4683-81ff-347b0d29bb13/datanode-0/data/ratis/32a78648-4c4e-43d8-a5eb-cded230a9c47 close()
2019-09-19 14:21:33,453 | INFO  | SCMAudit | user=jenkins1000 | ip=192.168.157.226 | op=SEND_HEARTBEAT {datanodeUUID=56d21ab3-8f6d-44ea-b961-c721a1c09246, command=[]} | ret=SUCCESS |  
2019-09-19 14:21:33,450 [5dfaa0ea-416a-422c-a75d-43311aceb00a-SegmentedRaftLogWorker:Storage Directory /workdir/hadoop-ozone/integration-test/target/test-dir/MiniOzoneClusterImpl-210d6028-2152-4683-81ff-347b0d29bb13/datanode-1/data/ratis/68bcb93a-8f3f-42d7-95c4-0e840a7d0b0d] INFO  segmented.SegmentedRaftLogWorker (SegmentedRaftLogWorker.java:close(228)) - 5dfaa0ea-416a-422c-a75d-43311aceb00a-SegmentedRaftLogWorker:Storage Directory /workdir/hadoop-ozone/integration-test/target/test-dir/MiniOzoneClusterImpl-210d6028-2152-4683-81ff-347b0d29bb13/datanode-1/data/ratis/68bcb93a-8f3f-42d7-95c4-0e840a7d0b0d close()
2019-09-19 14:21:33,449 [5dfaa0ea-416a-422c-a75d-43311aceb00a-SegmentedRaftLogWorker:Storage Directory /workdir/hadoop-ozone/integration-test/target/test-dir/MiniOzoneClusterImpl-210d6028-2152-4683-81ff-347b0d29bb13/datanode-1/data/ratis/adb0bda0-113c-4c95-8304-6756ac4acd80] INFO  impl.RaftServerImpl (ServerState.java:close(394)) - 5dfaa0ea-416a-422c-a75d-43311aceb00a:group-6756AC4ACD80 closes. The last applied log index is -1
2019-09-19 14:21:33,454 [5dfaa0ea-416a-422c-a75d-43311aceb00a-SegmentedRaftLogWorker:Storage Directory /workdir/hadoop-ozone/integration-test/target/test-dir/MiniOzoneClusterImpl-210d6028-2152-4683-81ff-347b0d29bb13/datanode-1/data/ratis/adb0bda0-113c-4c95-8304-6756ac4acd80] INFO  segmented.SegmentedRaftLogWorker (SegmentedRaftLogWorker.java:close(228)) - 5dfaa0ea-416a-422c-a75d-43311aceb00a-SegmentedRaftLogWorker:Storage Directory /workdir/hadoop-ozone/integration-test/target/test-dir/MiniOzoneClusterImpl-210d6028-2152-4683-81ff-347b0d29bb13/datanode-1/data/ratis/adb0bda0-113c-4c95-8304-6756ac4acd80 close()
2019-09-19 14:21:33,226 [306a7a99-f2a5-4f40-b42b-2fc2def08a6a-SegmentedRaftLogWorker:Storage Directory /workdir/hadoop-ozone/integration-test/target/test-dir/MiniOzoneClusterImpl-210d6028-2152-4683-81ff-347b0d29bb13/datanode-2/data/ratis/d0c986d1-e39f-4294-adf9-aafaf8a40158] INFO  segmented.SegmentedRaftLogWorker (SegmentedRaftLogWorker.java:close(228)) - 306a7a99-f2a5-4f40-b42b-2fc2def08a6a-SegmentedRaftLogWorker:Storage Directory /workdir/hadoop-ozone/integration-test/target/test-dir/MiniOzoneClusterImpl-210d6028-2152-4683-81ff-347b0d29bb13/datanode-2/data/ratis/d0c986d1-e39f-4294-adf9-aafaf8a40158 close()
2019-09-19 14:21:33,226 [5dfaa0ea-416a-422c-a75d-43311aceb00a-SegmentedRaftLogWorker:Storage Directory /workdir/hadoop-ozone/integration-test/target/test-dir/MiniOzoneClusterImpl-210d6028-2152-4683-81ff-347b0d29bb13/datanode-1/data/ratis/a4fefd89-f4e9-4fe3-ba65-2bdfd38a0b98] INFO  impl.RaftServerImpl (ServerState.java:close(394)) - 5dfaa0ea-416a-422c-a75d-43311aceb00a:group-2BDFD38A0B98 closes. The last applied log index is -1
2019-09-19 14:21:33,226 [306a7a99-f2a5-4f40-b42b-2fc2def08a6a:group-4E474D260ED7:LeaderElection99] INFO  impl.RaftServerImpl (ServerState.java:setRaftConf(361)) - 306a7a99-f2a5-4f40-b42b-2fc2def08a6a:group-4E474D260ED7 set configuration 0: [306a7a99-f2a5-4f40-b42b-2fc2def08a6a:192.168.157.226:42633], old=null at 0
2019-09-19 14:21:33,226 [6403e584-2209-453b-b79e-eeb0a7b58516:group-6DF381D064CD:LeaderElection102] INFO  server.RaftServerConfigKeys (ConfUtils.java:logGet(43)) - raft.server.watch.element-limit = 65536 (default)
2019-09-19 14:21:33,224 [85c6a9f3-b9a5-43a5-ac4f-9aa7bd5f2263:group-76218C4363DF:LeaderElection106] INFO  impl.RaftServerImpl (ServerState.java:setLeader(263)) - 85c6a9f3-b9a5-43a5-ac4f-9aa7bd5f2263:group-76218C4363DF change Leader from null to 85c6a9f3-b9a5-43a5-ac4f-9aa7bd5f2263 at term 1 for becomeLeader, leader elected after 15125ms
2019-09-19 14:21:33,222 [431517c4-8c09-4790-b37b-2e132c8143ad-SegmentedRaftLogWorker:Storage Directory /workdir/hadoop-ozone/integration-test/target/test-dir/MiniOzoneClusterImpl-210d6028-2152-4683-81ff-347b0d29bb13/datanode-5/data/ratis/8d8bddb9-fea1-44b8-831c-f48eae1dfe2b] INFO  impl.PendingRequests (PendingRequests.java:sendNotLeaderResponses(202)) - 431517c4-8c09-4790-b37b-2e132c8143ad-PendingRequests: sendNotLeaderResponses
2019-09-19 14:21:33,221 [5dfaa0ea-416a-422c-a75d-43311aceb00a-SegmentedRaftLogWorker:Storage Directory /workdir/hadoop-ozone/integration-test/target/test-dir/MiniOzoneClusterImpl-210d6028-2152-4683-81ff-347b0d29bb13/datanode-1/data/ratis/496769dc-22e8-488a-90fa-c06398c80b8a] ERROR segmented.SegmentedRaftLogWorker (SegmentedRaftLogWorker.java:run(323)) - 5dfaa0ea-416a-422c-a75d-43311aceb00a-SegmentedRaftLogWorker:Storage Directory /workdir/hadoop-ozone/integration-test/target/test-dir/MiniOzoneClusterImpl-210d6028-2152-4683-81ff-347b0d29bb13/datanode-1/data/ratis/496769dc-22e8-488a-90fa-c06398c80b8a hit exception
java.lang.OutOfMemoryError: Direct buffer memory
	at java.nio.Bits.reserveMemory(Bits.java:666)
	at java.nio.DirectByteBuffer.<init>(DirectByteBuffer.java:123)
	at java.nio.ByteBuffer.allocateDirect(ByteBuffer.java:311)
	at org.apache.ratis.server.raftlog.segmented.BufferedWriteChannel.<init>(BufferedWriteChannel.java:41)
	at org.apache.ratis.server.raftlog.segmented.SegmentedRaftLogOutputStream.<init>(SegmentedRaftLogOutputStream.java:72)
	at org.apache.ratis.server.raftlog.segmented.SegmentedRaftLogWorker$StartLogSegment.execute(SegmentedRaftLogWorker.java:566)
	at org.apache.ratis.server.raftlog.segmented.SegmentedRaftLogWorker.run(SegmentedRaftLogWorker.java:289)
	at java.lang.Thread.run(Thread.java:748)
2019-09-19 14:21:33,221 [6403e584-2209-453b-b79e-eeb0a7b58516-SegmentedRaftLogWorker:Storage Directory /workdir/hadoop-ozone/integration-test/target/test-dir/MiniOzoneClusterImpl-210d6028-2152-4683-81ff-347b0d29bb13/datanode-3/data/ratis/8b554339-c9ca-43e7-acfa-790aa433409b] ERROR segmented.SegmentedRaftLogWorker (SegmentedRaftLogWorker.java:run(323)) - 6403e584-2209-453b-b79e-eeb0a7b58516-SegmentedRaftLogWorker:Storage Directory /workdir/hadoop-ozone/integration-test/target/test-dir/MiniOzoneClusterImpl-210d6028-2152-4683-81ff-347b0d29bb13/datanode-3/data/ratis/8b554339-c9ca-43e7-acfa-790aa433409b hit exception
java.lang.OutOfMemoryError: Direct buffer memory
	at java.nio.Bits.reserveMemory(Bits.java:666)
	at java.nio.DirectByteBuffer.<init>(DirectByteBuffer.java:123)
	at java.nio.ByteBuffer.allocateDirect(ByteBuffer.java:311)
	at org.apache.ratis.server.raftlog.segmented.BufferedWriteChannel.<init>(BufferedWriteChannel.java:41)
	at org.apache.ratis.server.raftlog.segmented.SegmentedRaftLogOutputStream.<init>(SegmentedRaftLogOutputStream.java:72)
	at org.apache.ratis.server.raftlog.segmented.SegmentedRaftLogWorker$StartLogSegment.execute(SegmentedRaftLogWorker.java:566)
	at org.apache.ratis.server.raftlog.segmented.SegmentedRaftLogWorker.run(SegmentedRaftLogWorker.java:289)
	at java.lang.Thread.run(Thread.java:748)
2019-09-19 14:21:32,996 [5dfaa0ea-416a-422c-a75d-43311aceb00a:group-084D5223D16C:LeaderElection105] INFO  impl.RaftServerImpl (ServerState.java:setLeader(263)) - 5dfaa0ea-416a-422c-a75d-43311aceb00a:group-084D5223D16C change Leader from null to 5dfaa0ea-416a-422c-a75d-43311aceb00a at term 1 for becomeLeader, leader elected after 10544ms
2019-09-19 14:21:32,996 [5dfaa0ea-416a-422c-a75d-43311aceb00a-SegmentedRaftLogWorker:Storage Directory /workdir/hadoop-ozone/integration-test/target/test-dir/MiniOzoneClusterImpl-210d6028-2152-4683-81ff-347b0d29bb13/datanode-1/data/ratis/4aa9cad1-5eb6-4efb-98df-03dec9d1ee2c] ERROR segmented.SegmentedRaftLogWorker (SegmentedRaftLogWorker.java:run(323)) - 5dfaa0ea-416a-422c-a75d-43311aceb00a-SegmentedRaftLogWorker:Storage Directory /workdir/hadoop-ozone/integration-test/target/test-dir/MiniOzoneClusterImpl-210d6028-2152-4683-81ff-347b0d29bb13/datanode-1/data/ratis/4aa9cad1-5eb6-4efb-98df-03dec9d1ee2c hit exception
java.lang.OutOfMemoryError: Direct buffer memory
	at java.nio.Bits.reserveMemory(Bits.java:666)
	at java.nio.DirectByteBuffer.<init>(DirectByteBuffer.java:123)
	at java.nio.ByteBuffer.allocateDirect(ByteBuffer.java:311)
	at org.apache.ratis.server.raftlog.segmented.BufferedWriteChannel.<init>(BufferedWriteChannel.java:41)
	at org.apache.ratis.server.raftlog.segmented.SegmentedRaftLogOutputStream.<init>(SegmentedRaftLogOutputStream.java:72)
	at org.apache.ratis.server.raftlog.segmented.SegmentedRaftLogWorker$StartLogSegment.execute(SegmentedRaftLogWorker.java:566)
	at org.apache.ratis.server.raftlog.segmented.SegmentedRaftLogWorker.run(SegmentedRaftLogWorker.java:289)
	at java.lang.Thread.run(Thread.java:748)
2019-09-19 14:21:32,996 [5dfaa0ea-416a-422c-a75d-43311aceb00a-SegmentedRaftLogWorker:Storage Directory /workdir/hadoop-ozone/integration-test/target/test-dir/MiniOzoneClusterImpl-210d6028-2152-4683-81ff-347b0d29bb13/datanode-1/data/ratis/84cf22a1-838d-4eb2-8223-f7c7a6e62060] ERROR segmented.SegmentedRaftLogWorker (SegmentedRaftLogWorker.java:run(323)) - 5dfaa0ea-416a-422c-a75d-43311aceb00a-SegmentedRaftLogWorker:Storage Directory /workdir/hadoop-ozone/integration-test/target/test-dir/MiniOzoneClusterImpl-210d6028-2152-4683-81ff-347b0d29bb13/datanode-1/data/ratis/84cf22a1-838d-4eb2-8223-f7c7a6e62060 hit exception
java.lang.OutOfMemoryError: Direct buffer memory
	at java.nio.Bits.reserveMemory(Bits.java:666)
	at java.nio.DirectByteBuffer.<init>(DirectByteBuffer.java:123)
	at java.nio.ByteBuffer.allocateDirect(ByteBuffer.java:311)
	at org.apache.ratis.server.raftlog.segmented.BufferedWriteChannel.<init>(BufferedWriteChannel.java:41)
	at org.apache.ratis.server.raftlog.segmented.SegmentedRaftLogOutputStream.<init>(SegmentedRaftLogOutputStream.java:72)
	at org.apache.ratis.server.raftlog.segmented.SegmentedRaftLogWorker$StartLogSegment.execute(SegmentedRaftLogWorker.java:566)
	at org.apache.ratis.server.raftlog.segmented.SegmentedRaftLogWorker.run(SegmentedRaftLogWorker.java:289)
	at java.lang.Thread.run(Thread.java:748)
2019-09-19 14:21:32,780 [306a7a99-f2a5-4f40-b42b-2fc2def08a6a:group-F2BDA4E60FC6:LeaderElection86] INFO  impl.RaftServerImpl (ServerState.java:setRaftConf(361)) - 306a7a99-f2a5-4f40-b42b-2fc2def08a6a:group-F2BDA4E60FC6 set configuration 0: [306a7a99-f2a5-4f40-b42b-2fc2def08a6a:192.168.157.226:42633], old=null at 0
2019-09-19 14:21:32,780 [306a7a99-f2a5-4f40-b42b-2fc2def08a6a:group-10AA2815E586:LeaderElection104] INFO  impl.RaftServerImpl (ServerState.java:setLeader(263)) - 306a7a99-f2a5-4f40-b42b-2fc2def08a6a:group-10AA2815E586 change Leader from null to 306a7a99-f2a5-4f40-b42b-2fc2def08a6a at term 1 for becomeLeader, leader elected after 9995ms
2019-09-19 14:21:32,780 [85c6a9f3-b9a5-43a5-ac4f-9aa7bd5f2263:group-DE6CB2708FEF:LeaderElection101] INFO  impl.RaftServerImpl (ServerState.java:setRaftConf(361)) - 85c6a9f3-b9a5-43a5-ac4f-9aa7bd5f2263:group-DE6CB2708FEF set configuration 0: [85c6a9f3-b9a5-43a5-ac4f-9aa7bd5f2263:192.168.157.226:45170], old=null at 0
2019-09-19 14:21:32,778 [5dfaa0ea-416a-422c-a75d-43311aceb00a:group-23B0D2424888:LeaderElection118] INFO  impl.LeaderElection (LeaderElection.java:askForVotes(181)) - 5dfaa0ea-416a-422c-a75d-43311aceb00a:group-23B0D2424888:LeaderElection118: begin an election at term 1 for -1: [5dfaa0ea-416a-422c-a75d-43311aceb00a:192.168.157.226:45629], old=null
2019-09-19 14:21:32,778 [6403e584-2209-453b-b79e-eeb0a7b58516:group-215A1067754F:LeaderElection117] INFO  impl.LeaderElection (LeaderElection.java:askForVotes(181)) - 6403e584-2209-453b-b79e-eeb0a7b58516:group-215A1067754F:LeaderElection117: begin an election at term 1 for -1: [6403e584-2209-453b-b79e-eeb0a7b58516:192.168.157.226:35833], old=null
2019-09-19 14:21:32,778 [306a7a99-f2a5-4f40-b42b-2fc2def08a6a:group-1A94FBF18F11:LeaderElection119] INFO  impl.LeaderElection (LeaderElection.java:askForVotes(181)) - 306a7a99-f2a5-4f40-b42b-2fc2def08a6a:group-1A94FBF18F11:LeaderElection119: begin an election at term 1 for -1: [306a7a99-f2a5-4f40-b42b-2fc2def08a6a:192.168.157.226:42633], old=null
2019-09-19 14:21:33,469 [306a7a99-f2a5-4f40-b42b-2fc2def08a6a:group-1A94FBF18F11:LeaderElection119] INFO  impl.RoleInfo (RoleInfo.java:shutdownLeaderElection(134)) - 306a7a99-f2a5-4f40-b42b-2fc2def08a6a: shutdown LeaderElection
2019-09-19 14:21:32,778 [6403e584-2209-453b-b79e-eeb0a7b58516:group-A99CE1758501:LeaderElection97] INFO  impl.RaftServerImpl (ServerState.java:setRaftConf(361)) - 6403e584-2209-453b-b79e-eeb0a7b58516:group-A99CE1758501 set configuration 0: [6403e584-2209-453b-b79e-eeb0a7b58516:192.168.157.226:35833], old=null at 0
2019-09-19 14:21:32,557 [Thread-528] INFO  impl.RoleInfo (RoleInfo.java:updateAndGet(143)) - 85c6a9f3-b9a5-43a5-ac4f-9aa7bd5f2263: start LeaderElection
2019-09-19 14:21:32,554 [Thread-525] INFO  impl.RoleInfo (RoleInfo.java:updateAndGet(143)) - 85c6a9f3-b9a5-43a5-ac4f-9aa7bd5f2263: start LeaderElection
2019-09-19 14:21:32,554 [306a7a99-f2a5-4f40-b42b-2fc2def08a6a-SegmentedRaftLogWorker:Storage Directory /workdir/hadoop-ozone/integration-test/target/test-dir/MiniOzoneClusterImpl-210d6028-2152-4683-81ff-347b0d29bb13/datanode-2/data/ratis/2fc615a9-9353-49b0-b426-ebf6a907de95] INFO  impl.RoleInfo (RoleInfo.java:shutdownLeaderState(104)) - 306a7a99-f2a5-4f40-b42b-2fc2def08a6a: shutdown LeaderState
2019-09-19 14:21:32,554 [6403e584-2209-453b-b79e-eeb0a7b58516-SegmentedRaftLogWorker:Storage Directory /workdir/hadoop-ozone/integration-test/target/test-dir/MiniOzoneClusterImpl-210d6028-2152-4683-81ff-347b0d29bb13/datanode-3/data/ratis/3586b59f-de3d-4e52-ba56-cb88c037056f] INFO  impl.RaftServerImpl (RaftServerImpl.java:lambda$shutdown$3(245)) - 6403e584-2209-453b-b79e-eeb0a7b58516: shutdown group-CB88C037056F
2019-09-19 14:21:32,554 [pool-60-thread-1] INFO  storage.RaftStorageDirectory (RaftStorageDirectory.java:analyzeStorage(246)) - The storage directory /workdir/hadoop-ozone/integration-test/target/test-dir/MiniOzoneClusterImpl-210d6028-2152-4683-81ff-347b0d29bb13/datanode-3/data/ratis/7486c150-856a-4ca9-9876-bc6162215a45 does not exist. Creating ...
2019-09-19 14:21:32,553 [6403e584-2209-453b-b79e-eeb0a7b58516-SegmentedRaftLogWorker:Storage Directory /workdir/hadoop-ozone/integration-test/target/test-dir/MiniOzoneClusterImpl-210d6028-2152-4683-81ff-347b0d29bb13/datanode-3/data/ratis/efe474ae-07d9-47f8-adce-cb5cb1832614] INFO  util.JmxRegister (JmxRegister.java:unregister(73)) - Successfully un-registered JMX Bean with object name Ratis:service=RaftServer,group=group-CB5CB1832614,id=6403e584-2209-453b-b79e-eeb0a7b58516
2019-09-19 14:21:33,470 [6403e584-2209-453b-b79e-eeb0a7b58516-SegmentedRaftLogWorker:Storage Directory /workdir/hadoop-ozone/integration-test/target/test-dir/MiniOzoneClusterImpl-210d6028-2152-4683-81ff-347b0d29bb13/datanode-3/data/ratis/efe474ae-07d9-47f8-adce-cb5cb1832614] INFO  impl.RoleInfo (RoleInfo.java:shutdownLeaderState(104)) - 6403e584-2209-453b-b79e-eeb0a7b58516: shutdown LeaderState
2019-09-19 14:21:32,553 [306a7a99-f2a5-4f40-b42b-2fc2def08a6a-SegmentedRaftLogWorker:Storage Directory /workdir/hadoop-ozone/integration-test/target/test-dir/MiniOzoneClusterImpl-210d6028-2152-4683-81ff-347b0d29bb13/datanode-2/data/ratis/324ef32f-1f4d-4e5c-b543-cb34acf8c155] INFO  impl.PendingRequests (PendingRequests.java:sendNotLeaderResponses(202)) - 306a7a99-f2a5-4f40-b42b-2fc2def08a6a-PendingRequests: sendNotLeaderResponses
2019-09-19 14:21:32,553 [6403e584-2209-453b-b79e-eeb0a7b58516-SegmentedRaftLogWorker:Storage Directory /workdir/hadoop-ozone/integration-test/target/test-dir/MiniOzoneClusterImpl-210d6028-2152-4683-81ff-347b0d29bb13/datanode-3/data/ratis/2c88a252-c393-4a24-a4a9-29e445ec1a13] INFO  impl.PendingRequests (PendingRequests.java:sendNotLeaderResponses(202)) - 6403e584-2209-453b-b79e-eeb0a7b58516-PendingRequests: sendNotLeaderResponses
2019-09-19 14:21:32,547 [5dfaa0ea-416a-422c-a75d-43311aceb00a-SegmentedRaftLogWorker:Storage Directory /workdir/hadoop-ozone/integration-test/target/test-dir/MiniOzoneClusterImpl-210d6028-2152-4683-81ff-347b0d29bb13/datanode-1/data/ratis/6bb0a770-530a-4840-a76d-7c4858421412] INFO  impl.StateMachineUpdater (StateMachineUpdater.java:stopAndJoin(115)) - StateMachineUpdater:5dfaa0ea-416a-422c-a75d-43311aceb00a:group-7C4858421412: set stopIndex = -1
2019-09-19 14:21:32,547 [6403e584-2209-453b-b79e-eeb0a7b58516-SegmentedRaftLogWorker:Storage Directory /workdir/hadoop-ozone/integration-test/target/test-dir/MiniOzoneClusterImpl-210d6028-2152-4683-81ff-347b0d29bb13/datanode-3/data/ratis/2fff1b47-e774-49d3-aa3e-f5c4a469bbad] INFO  impl.PendingRequests (PendingRequests.java:sendNotLeaderResponses(202)) - 6403e584-2209-453b-b79e-eeb0a7b58516-PendingRequests: sendNotLeaderResponses
2019-09-19 14:21:32,546 [6403e584-2209-453b-b79e-eeb0a7b58516-SegmentedRaftLogWorker:Storage Directory /workdir/hadoop-ozone/integration-test/target/test-dir/MiniOzoneClusterImpl-210d6028-2152-4683-81ff-347b0d29bb13/datanode-3/data/ratis/fedba6e8-daec-4067-a469-fc754a9a4bd4] INFO  impl.PendingRequests (PendingRequests.java:sendNotLeaderResponses(202)) - 6403e584-2209-453b-b79e-eeb0a7b58516-PendingRequests: sendNotLeaderResponses
2019-09-19 14:21:32,546 [6403e584-2209-453b-b79e-eeb0a7b58516:group-B00340782978:LeaderElection113] INFO  impl.RaftServerImpl (ServerState.java:setLeader(263)) - 6403e584-2209-453b-b79e-eeb0a7b58516:group-B00340782978 change Leader from null to 6403e584-2209-453b-b79e-eeb0a7b58516 at term 1 for becomeLeader, leader elected after 14360ms
2019-09-19 14:21:32,543 [5dfaa0ea-416a-422c-a75d-43311aceb00a:group-1B266AA0B1F2:LeaderElection114] INFO  impl.RoleInfo (RoleInfo.java:shutdownLeaderElection(134)) - 5dfaa0ea-416a-422c-a75d-43311aceb00a: shutdown LeaderElection
2019-09-19 14:21:32,543 [306a7a99-f2a5-4f40-b42b-2fc2def08a6a-SegmentedRaftLogWorker:Storage Directory /workdir/hadoop-ozone/integration-test/target/test-dir/MiniOzoneClusterImpl-210d6028-2152-4683-81ff-347b0d29bb13/datanode-2/data/ratis/eb567285-39b5-42e7-b198-b068de63fe4e] INFO  impl.PendingRequests (PendingRequests.java:sendNotLeaderResponses(202)) - 306a7a99-f2a5-4f40-b42b-2fc2def08a6a-PendingRequests: sendNotLeaderResponses
2019-09-19 14:21:32,542 [306a7a99-f2a5-4f40-b42b-2fc2def08a6a:group-3C159E1860AE:LeaderElection115] INFO  impl.LeaderElection (LeaderElection.java:askForVotes(181)) - 306a7a99-f2a5-4f40-b42b-2fc2def08a6a:group-3C159E1860AE:LeaderElection115: begin an election at term 1 for -1: [306a7a99-f2a5-4f40-b42b-2fc2def08a6a:192.168.157.226:42633], old=null
2019-09-19 14:21:33,471 [306a7a99-f2a5-4f40-b42b-2fc2def08a6a-SegmentedRaftLogWorker:Storage Directory /workdir/hadoop-ozone/integration-test/target/test-dir/MiniOzoneClusterImpl-210d6028-2152-4683-81ff-347b0d29bb13/datanode-2/data/ratis/eb567285-39b5-42e7-b198-b068de63fe4e] INFO  impl.StateMachineUpdater (StateMachineUpdater.java:stopAndJoin(115)) - StateMachineUpdater:306a7a99-f2a5-4f40-b42b-2fc2def08a6a:group-B068DE63FE4E: set stopIndex = -1
2019-09-19 14:21:32,542 [5dfaa0ea-416a-422c-a75d-43311aceb00a-SegmentedRaftLogWorker:Storage Directory /workdir/hadoop-ozone/integration-test/target/test-dir/MiniOzoneClusterImpl-210d6028-2152-4683-81ff-347b0d29bb13/datanode-1/data/ratis/13fe9844-3904-43c0-a9d5-28257d859a2f] ERROR segmented.SegmentedRaftLogWorker (SegmentedRaftLogWorker.java:run(323)) - 5dfaa0ea-416a-422c-a75d-43311aceb00a-SegmentedRaftLogWorker:Storage Directory /workdir/hadoop-ozone/integration-test/target/test-dir/MiniOzoneClusterImpl-210d6028-2152-4683-81ff-347b0d29bb13/datanode-1/data/ratis/13fe9844-3904-43c0-a9d5-28257d859a2f hit exception
java.lang.OutOfMemoryError: Direct buffer memory
	at java.nio.Bits.reserveMemory(Bits.java:666)
	at java.nio.DirectByteBuffer.<init>(DirectByteBuffer.java:123)
	at java.nio.ByteBuffer.allocateDirect(ByteBuffer.java:311)
	at org.apache.ratis.server.raftlog.segmented.BufferedWriteChannel.<init>(BufferedWriteChannel.java:41)
	at org.apache.ratis.server.raftlog.segmented.SegmentedRaftLogOutputStream.<init>(SegmentedRaftLogOutputStream.java:72)
	at org.apache.ratis.server.raftlog.segmented.SegmentedRaftLogWorker$StartLogSegment.execute(SegmentedRaftLogWorker.java:566)
	at org.apache.ratis.server.raftlog.segmented.SegmentedRaftLogWorker.run(SegmentedRaftLogWorker.java:289)
	at java.lang.Thread.run(Thread.java:748)
2019-09-19 14:21:32,282 [5dfaa0ea-416a-422c-a75d-43311aceb00a:group-B0A45DC59E65:LeaderElection107] INFO  impl.LeaderElection (LeaderElection.java:askForVotes(181)) - 5dfaa0ea-416a-422c-a75d-43311aceb00a:group-B0A45DC59E65:LeaderElection107: begin an election at term 1 for -1: [5dfaa0ea-416a-422c-a75d-43311aceb00a:192.168.157.226:45629], old=null
2019-09-19 14:21:32,282 [5dfaa0ea-416a-422c-a75d-43311aceb00a:group-8305BCBB96E8:LeaderElection108] INFO  impl.LeaderElection (LeaderElection.java:askForVotes(181)) - 5dfaa0ea-416a-422c-a75d-43311aceb00a:group-8305BCBB96E8:LeaderElection108: begin an election at term 1 for -1: [5dfaa0ea-416a-422c-a75d-43311aceb00a:192.168.157.226:45629], old=null
2019-09-19 14:21:32,282 [6403e584-2209-453b-b79e-eeb0a7b58516:group-CD2933B0793B:LeaderElection111] INFO  impl.LeaderElection (LeaderElection.java:askForVotes(181)) - 6403e584-2209-453b-b79e-eeb0a7b58516:group-CD2933B0793B:LeaderElection111: begin an election at term 1 for -1: [6403e584-2209-453b-b79e-eeb0a7b58516:192.168.157.226:35833], old=null
2019-09-19 14:21:32,282 [85c6a9f3-b9a5-43a5-ac4f-9aa7bd5f2263:group-C7CD4FB69A1A:LeaderElection109] INFO  impl.LeaderElection (LeaderElection.java:askForVotes(181)) - 85c6a9f3-b9a5-43a5-ac4f-9aa7bd5f2263:group-C7CD4FB69A1A:LeaderElection109: begin an election at term 1 for -1: [85c6a9f3-b9a5-43a5-ac4f-9aa7bd5f2263:192.168.157.226:45170], old=null
2019-09-19 14:21:32,282 [6403e584-2209-453b-b79e-eeb0a7b58516:group-CC2CF5BC0391:LeaderElection110] INFO  impl.LeaderElection (LeaderElection.java:askForVotes(181)) - 6403e584-2209-453b-b79e-eeb0a7b58516:group-CC2CF5BC0391:LeaderElection110: begin an election at term 1 for -1: [6403e584-2209-453b-b79e-eeb0a7b58516:192.168.157.226:35833], old=null
2019-09-19 14:21:32,282 [6403e584-2209-453b-b79e-eeb0a7b58516:group-1FE216233206:LeaderElection112] INFO  impl.LeaderElection (LeaderElection.java:askForVotes(181)) - 6403e584-2209-453b-b79e-eeb0a7b58516:group-1FE216233206:LeaderElection112: begin an election at term 1 for -1: [6403e584-2209-453b-b79e-eeb0a7b58516:192.168.157.226:35833], old=null
2019-09-19 14:21:32,282 [85c6a9f3-b9a5-43a5-ac4f-9aa7bd5f2263-SegmentedRaftLogWorker:Storage Directory /workdir/hadoop-ozone/integration-test/target/test-dir/MiniOzoneClusterImpl-210d6028-2152-4683-81ff-347b0d29bb13/datanode-0/data/ratis/685c9429-6346-4d93-9d6e-111669bae36c] INFO  impl.PendingRequests (PendingRequests.java:sendNotLeaderResponses(202)) - 85c6a9f3-b9a5-43a5-ac4f-9aa7bd5f2263-PendingRequests: sendNotLeaderResponses
2019-09-19 14:21:32,282 [5dfaa0ea-416a-422c-a75d-43311aceb00a-SegmentedRaftLogWorker:Storage Directory /workdir/hadoop-ozone/integration-test/target/test-dir/MiniOzoneClusterImpl-210d6028-2152-4683-81ff-347b0d29bb13/datanode-1/data/ratis/eda21a42-e9b2-448c-bdc3-99527b0f1d6c] INFO  impl.RoleInfo (RoleInfo.java:shutdownLeaderState(104)) - 5dfaa0ea-416a-422c-a75d-43311aceb00a: shutdown LeaderState
2019-09-19 14:21:33,473 [5dfaa0ea-416a-422c-a75d-43311aceb00a-SegmentedRaftLogWorker:Storage Directory /workdir/hadoop-ozone/integration-test/target/test-dir/MiniOzoneClusterImpl-210d6028-2152-4683-81ff-347b0d29bb13/datanode-1/data/ratis/eda21a42-e9b2-448c-bdc3-99527b0f1d6c] INFO  impl.PendingRequests (PendingRequests.java:sendNotLeaderResponses(202)) - 5dfaa0ea-416a-422c-a75d-43311aceb00a-PendingRequests: sendNotLeaderResponses
2019-09-19 14:21:32,281 [85c6a9f3-b9a5-43a5-ac4f-9aa7bd5f2263:group-7B227C9559A3:LeaderElection103] INFO  server.RaftServerConfigKeys (ConfUtils.java:logGet(43)) - raft.server.write.element-limit = 4096 (default)
2019-09-19 14:21:32,281 [306a7a99-f2a5-4f40-b42b-2fc2def08a6a:group-4B237A1118DD:LeaderElection92] INFO  impl.RaftServerImpl (ServerState.java:setRaftConf(361)) - 306a7a99-f2a5-4f40-b42b-2fc2def08a6a:group-4B237A1118DD set configuration 0: [306a7a99-f2a5-4f40-b42b-2fc2def08a6a:192.168.157.226:42633], old=null at 0
2019-09-19 14:21:32,281 [6403e584-2209-453b-b79e-eeb0a7b58516:group-7382CF0FF315:LeaderElection83] INFO  impl.RoleInfo (RoleInfo.java:updateAndGet(143)) - 6403e584-2209-453b-b79e-eeb0a7b58516: start LeaderState
2019-09-19 14:21:33,473 [85c6a9f3-b9a5-43a5-ac4f-9aa7bd5f2263:group-7B227C9559A3:LeaderElection103] INFO  server.RaftServerConfigKeys (ConfUtils.java:logGet(43)) - raft.server.watch.timeout = 10s (default)
2019-09-19 14:21:33,473 [6403e584-2209-453b-b79e-eeb0a7b58516:group-7382CF0FF315:LeaderElection83] INFO  segmented.SegmentedRaftLogWorker (SegmentedRaftLogWorker.java:startLogSegment(380)) - 6403e584-2209-453b-b79e-eeb0a7b58516-SegmentedRaftLogWorker:Storage Directory /workdir/hadoop-ozone/integration-test/target/test-dir/MiniOzoneClusterImpl-210d6028-2152-4683-81ff-347b0d29bb13/datanode-3/data/ratis/90f7b1bb-24e3-4def-b5f5-7382cf0ff315: Starting segment from index:0
2019-09-19 14:21:33,473 [5dfaa0ea-416a-422c-a75d-43311aceb00a-SegmentedRaftLogWorker:Storage Directory /workdir/hadoop-ozone/integration-test/target/test-dir/MiniOzoneClusterImpl-210d6028-2152-4683-81ff-347b0d29bb13/datanode-1/data/ratis/eda21a42-e9b2-448c-bdc3-99527b0f1d6c] INFO  impl.StateMachineUpdater (StateMachineUpdater.java:stopAndJoin(115)) - StateMachineUpdater:5dfaa0ea-416a-422c-a75d-43311aceb00a:group-99527B0F1D6C: set stopIndex = -1
2019-09-19 14:21:33,473 [85c6a9f3-b9a5-43a5-ac4f-9aa7bd5f2263-SegmentedRaftLogWorker:Storage Directory /workdir/hadoop-ozone/integration-test/target/test-dir/MiniOzoneClusterImpl-210d6028-2152-4683-81ff-347b0d29bb13/datanode-0/data/ratis/685c9429-6346-4d93-9d6e-111669bae36c] INFO  impl.StateMachineUpdater (StateMachineUpdater.java:stopAndJoin(115)) - StateMachineUpdater:85c6a9f3-b9a5-43a5-ac4f-9aa7bd5f2263:group-111669BAE36C: set stopIndex = -1
2019-09-19 14:21:33,472 [6403e584-2209-453b-b79e-eeb0a7b58516:group-1FE216233206:LeaderElection112] INFO  impl.RoleInfo (RoleInfo.java:shutdownLeaderElection(134)) - 6403e584-2209-453b-b79e-eeb0a7b58516: shutdown LeaderElection
2019-09-19 14:21:33,472 [6403e584-2209-453b-b79e-eeb0a7b58516:group-CC2CF5BC0391:LeaderElection110] INFO  impl.RoleInfo (RoleInfo.java:shutdownLeaderElection(134)) - 6403e584-2209-453b-b79e-eeb0a7b58516: shutdown LeaderElection
2019-09-19 14:21:33,472 [85c6a9f3-b9a5-43a5-ac4f-9aa7bd5f2263:group-C7CD4FB69A1A:LeaderElection109] INFO  impl.RoleInfo (RoleInfo.java:shutdownLeaderElection(134)) - 85c6a9f3-b9a5-43a5-ac4f-9aa7bd5f2263: shutdown LeaderElection
2019-09-19 14:21:33,472 [6403e584-2209-453b-b79e-eeb0a7b58516:group-CD2933B0793B:LeaderElection111] INFO  impl.RoleInfo (RoleInfo.java:shutdownLeaderElection(134)) - 6403e584-2209-453b-b79e-eeb0a7b58516: shutdown LeaderElection
2019-09-19 14:21:33,751 [6403e584-2209-453b-b79e-eeb0a7b58516:group-CD2933B0793B:LeaderElection111] INFO  impl.RaftServerImpl (RaftServerImpl.java:setRole(171)) - 6403e584-2209-453b-b79e-eeb0a7b58516:group-CD2933B0793B changes role from CANDIDATE to LEADER at term 1 for changeToLeader
2019-09-19 14:21:33,472 [5dfaa0ea-416a-422c-a75d-43311aceb00a:group-8305BCBB96E8:LeaderElection108] INFO  impl.RoleInfo (RoleInfo.java:shutdownLeaderElection(134)) - 5dfaa0ea-416a-422c-a75d-43311aceb00a: shutdown LeaderElection
2019-09-19 14:21:33,472 [5dfaa0ea-416a-422c-a75d-43311aceb00a:group-B0A45DC59E65:LeaderElection107] INFO  impl.RoleInfo (RoleInfo.java:shutdownLeaderElection(134)) - 5dfaa0ea-416a-422c-a75d-43311aceb00a: shutdown LeaderElection
2019-09-19 14:21:33,472 [5dfaa0ea-416a-422c-a75d-43311aceb00a-SegmentedRaftLogWorker:Storage Directory /workdir/hadoop-ozone/integration-test/target/test-dir/MiniOzoneClusterImpl-210d6028-2152-4683-81ff-347b0d29bb13/datanode-1/data/ratis/13fe9844-3904-43c0-a9d5-28257d859a2f] INFO  impl.RaftServerImpl (RaftServerImpl.java:lambda$shutdown$3(245)) - 5dfaa0ea-416a-422c-a75d-43311aceb00a: shutdown group-28257D859A2F
2019-09-19 14:21:33,472 [306a7a99-f2a5-4f40-b42b-2fc2def08a6a-SegmentedRaftLogWorker:Storage Directory /workdir/hadoop-ozone/integration-test/target/test-dir/MiniOzoneClusterImpl-210d6028-2152-4683-81ff-347b0d29bb13/datanode-2/data/ratis/eb567285-39b5-42e7-b198-b068de63fe4e] INFO  impl.RaftServerImpl (ServerState.java:close(394)) - 306a7a99-f2a5-4f40-b42b-2fc2def08a6a:group-B068DE63FE4E closes. The last applied log index is -1
2019-09-19 14:21:33,472 [306a7a99-f2a5-4f40-b42b-2fc2def08a6a:group-3C159E1860AE:LeaderElection115] INFO  impl.RoleInfo (RoleInfo.java:shutdownLeaderElection(134)) - 306a7a99-f2a5-4f40-b42b-2fc2def08a6a: shutdown LeaderElection
2019-09-19 14:21:33,471 [5dfaa0ea-416a-422c-a75d-43311aceb00a:group-1B266AA0B1F2:LeaderElection114] INFO  impl.RaftServerImpl (RaftServerImpl.java:setRole(171)) - 5dfaa0ea-416a-422c-a75d-43311aceb00a:group-1B266AA0B1F2 changes role from CANDIDATE to LEADER at term 1 for changeToLeader
2019-09-19 14:21:33,752 [5dfaa0ea-416a-422c-a75d-43311aceb00a:group-1B266AA0B1F2:LeaderElection114] INFO  impl.RaftServerImpl (ServerState.java:setLeader(263)) - 5dfaa0ea-416a-422c-a75d-43311aceb00a:group-1B266AA0B1F2 change Leader from null to 5dfaa0ea-416a-422c-a75d-43311aceb00a at term 1 for becomeLeader, leader elected after 14932ms
2019-09-19 14:21:33,471 [6403e584-2209-453b-b79e-eeb0a7b58516:group-B00340782978:LeaderElection113] INFO  server.RaftServerConfigKeys (ConfUtils.java:logGet(43)) - raft.server.staging.catchup.gap = 1000 (default)
2019-09-19 14:21:33,471 [6403e584-2209-453b-b79e-eeb0a7b58516-SegmentedRaftLogWorker:Storage Directory /workdir/hadoop-ozone/integration-test/target/test-dir/MiniOzoneClusterImpl-210d6028-2152-4683-81ff-347b0d29bb13/datanode-3/data/ratis/fedba6e8-daec-4067-a469-fc754a9a4bd4] INFO  impl.StateMachineUpdater (StateMachineUpdater.java:stopAndJoin(115)) - StateMachineUpdater:6403e584-2209-453b-b79e-eeb0a7b58516:group-FC754A9A4BD4: set stopIndex = -1
2019-09-19 14:21:33,753 [6403e584-2209-453b-b79e-eeb0a7b58516-SegmentedRaftLogWorker:Storage Directory /workdir/hadoop-ozone/integration-test/target/test-dir/MiniOzoneClusterImpl-210d6028-2152-4683-81ff-347b0d29bb13/datanode-3/data/ratis/fedba6e8-daec-4067-a469-fc754a9a4bd4] INFO  impl.RaftServerImpl (ServerState.java:close(394)) - 6403e584-2209-453b-b79e-eeb0a7b58516:group-FC754A9A4BD4 closes. The last applied log index is -1
2019-09-19 14:21:33,471 [6403e584-2209-453b-b79e-eeb0a7b58516-SegmentedRaftLogWorker:Storage Directory /workdir/hadoop-ozone/integration-test/target/test-dir/MiniOzoneClusterImpl-210d6028-2152-4683-81ff-347b0d29bb13/datanode-3/data/ratis/2fff1b47-e774-49d3-aa3e-f5c4a469bbad] INFO  impl.StateMachineUpdater (StateMachineUpdater.java:stopAndJoin(115)) - StateMachineUpdater:6403e584-2209-453b-b79e-eeb0a7b58516:group-F5C4A469BBAD: set stopIndex = -1
2019-09-19 14:21:33,753 [6403e584-2209-453b-b79e-eeb0a7b58516-SegmentedRaftLogWorker:Storage Directory /workdir/hadoop-ozone/integration-test/target/test-dir/MiniOzoneClusterImpl-210d6028-2152-4683-81ff-347b0d29bb13/datanode-3/data/ratis/2fff1b47-e774-49d3-aa3e-f5c4a469bbad] INFO  impl.RaftServerImpl (ServerState.java:close(394)) - 6403e584-2209-453b-b79e-eeb0a7b58516:group-F5C4A469BBAD closes. The last applied log index is -1
2019-09-19 14:21:33,471 [5dfaa0ea-416a-422c-a75d-43311aceb00a-SegmentedRaftLogWorker:Storage Directory /workdir/hadoop-ozone/integration-test/target/test-dir/MiniOzoneClusterImpl-210d6028-2152-4683-81ff-347b0d29bb13/datanode-1/data/ratis/6bb0a770-530a-4840-a76d-7c4858421412] INFO  impl.RaftServerImpl (ServerState.java:close(394)) - 5dfaa0ea-416a-422c-a75d-43311aceb00a:group-7C4858421412 closes. The last applied log index is -1
2019-09-19 14:21:33,471 [6403e584-2209-453b-b79e-eeb0a7b58516-SegmentedRaftLogWorker:Storage Directory /workdir/hadoop-ozone/integration-test/target/test-dir/MiniOzoneClusterImpl-210d6028-2152-4683-81ff-347b0d29bb13/datanode-3/data/ratis/2c88a252-c393-4a24-a4a9-29e445ec1a13] INFO  impl.StateMachineUpdater (StateMachineUpdater.java:stopAndJoin(115)) - StateMachineUpdater:6403e584-2209-453b-b79e-eeb0a7b58516:group-29E445EC1A13: set stopIndex = -1
2019-09-19 14:21:33,753 [6403e584-2209-453b-b79e-eeb0a7b58516-SegmentedRaftLogWorker:Storage Directory /workdir/hadoop-ozone/integration-test/target/test-dir/MiniOzoneClusterImpl-210d6028-2152-4683-81ff-347b0d29bb13/datanode-3/data/ratis/2c88a252-c393-4a24-a4a9-29e445ec1a13] INFO  impl.RaftServerImpl (ServerState.java:close(394)) - 6403e584-2209-453b-b79e-eeb0a7b58516:group-29E445EC1A13 closes. The last applied log index is -1
2019-09-19 14:21:33,471 [306a7a99-f2a5-4f40-b42b-2fc2def08a6a-SegmentedRaftLogWorker:Storage Directory /workdir/hadoop-ozone/integration-test/target/test-dir/MiniOzoneClusterImpl-210d6028-2152-4683-81ff-347b0d29bb13/datanode-2/data/ratis/324ef32f-1f4d-4e5c-b543-cb34acf8c155] INFO  impl.StateMachineUpdater (StateMachineUpdater.java:stopAndJoin(115)) - StateMachineUpdater:306a7a99-f2a5-4f40-b42b-2fc2def08a6a:group-CB34ACF8C155: set stopIndex = -1
2019-09-19 14:21:33,470 [6403e584-2209-453b-b79e-eeb0a7b58516-SegmentedRaftLogWorker:Storage Directory /workdir/hadoop-ozone/integration-test/target/test-dir/MiniOzoneClusterImpl-210d6028-2152-4683-81ff-347b0d29bb13/datanode-3/data/ratis/efe474ae-07d9-47f8-adce-cb5cb1832614] INFO  impl.PendingRequests (PendingRequests.java:sendNotLeaderResponses(202)) - 6403e584-2209-453b-b79e-eeb0a7b58516-PendingRequests: sendNotLeaderResponses
2019-09-19 14:21:33,470 [6403e584-2209-453b-b79e-eeb0a7b58516-SegmentedRaftLogWorker:Storage Directory /workdir/hadoop-ozone/integration-test/target/test-dir/MiniOzoneClusterImpl-210d6028-2152-4683-81ff-347b0d29bb13/datanode-3/data/ratis/3586b59f-de3d-4e52-ba56-cb88c037056f] INFO  util.JmxRegister (JmxRegister.java:unregister(73)) - Successfully un-registered JMX Bean with object name Ratis:service=RaftServer,group=group-CB88C037056F,id=6403e584-2209-453b-b79e-eeb0a7b58516
2019-09-19 14:21:33,470 [306a7a99-f2a5-4f40-b42b-2fc2def08a6a-SegmentedRaftLogWorker:Storage Directory /workdir/hadoop-ozone/integration-test/target/test-dir/MiniOzoneClusterImpl-210d6028-2152-4683-81ff-347b0d29bb13/datanode-2/data/ratis/2fc615a9-9353-49b0-b426-ebf6a907de95] INFO  impl.PendingRequests (PendingRequests.java:sendNotLeaderResponses(202)) - 306a7a99-f2a5-4f40-b42b-2fc2def08a6a-PendingRequests: sendNotLeaderResponses
2019-09-19 14:21:33,469 [306a7a99-f2a5-4f40-b42b-2fc2def08a6a:group-1A94FBF18F11:LeaderElection119] INFO  impl.RaftServerImpl (RaftServerImpl.java:setRole(171)) - 306a7a99-f2a5-4f40-b42b-2fc2def08a6a:group-1A94FBF18F11 changes role from CANDIDATE to LEADER at term 1 for changeToLeader
2019-09-19 14:21:33,754 [306a7a99-f2a5-4f40-b42b-2fc2def08a6a-SegmentedRaftLogWorker:Storage Directory /workdir/hadoop-ozone/integration-test/target/test-dir/MiniOzoneClusterImpl-210d6028-2152-4683-81ff-347b0d29bb13/datanode-2/data/ratis/2fc615a9-9353-49b0-b426-ebf6a907de95] INFO  impl.StateMachineUpdater (StateMachineUpdater.java:stopAndJoin(115)) - StateMachineUpdater:306a7a99-f2a5-4f40-b42b-2fc2def08a6a:group-EBF6A907DE95: set stopIndex = -1
2019-09-19 14:21:33,469 [6403e584-2209-453b-b79e-eeb0a7b58516:group-215A1067754F:LeaderElection117] INFO  impl.RoleInfo (RoleInfo.java:shutdownLeaderElection(134)) - 6403e584-2209-453b-b79e-eeb0a7b58516: shutdown LeaderElection
2019-09-19 14:21:33,469 [5dfaa0ea-416a-422c-a75d-43311aceb00a:group-23B0D2424888:LeaderElection118] INFO  impl.RoleInfo (RoleInfo.java:shutdownLeaderElection(134)) - 5dfaa0ea-416a-422c-a75d-43311aceb00a: shutdown LeaderElection
2019-09-19 14:21:33,754 [306a7a99-f2a5-4f40-b42b-2fc2def08a6a-SegmentedRaftLogWorker:Storage Directory /workdir/hadoop-ozone/integration-test/target/test-dir/MiniOzoneClusterImpl-210d6028-2152-4683-81ff-347b0d29bb13/datanode-2/data/ratis/2fc615a9-9353-49b0-b426-ebf6a907de95] INFO  impl.RaftServerImpl (ServerState.java:close(394)) - 306a7a99-f2a5-4f40-b42b-2fc2def08a6a:group-EBF6A907DE95 closes. The last applied log index is -1
2019-09-19 14:21:33,469 [306a7a99-f2a5-4f40-b42b-2fc2def08a6a:group-10AA2815E586:LeaderElection104] INFO  server.RaftServerConfigKeys (ConfUtils.java:logGet(43)) - raft.server.staging.catchup.gap = 1000 (default)
2019-09-19 14:21:33,469 [5dfaa0ea-416a-422c-a75d-43311aceb00a-SegmentedRaftLogWorker:Storage Directory /workdir/hadoop-ozone/integration-test/target/test-dir/MiniOzoneClusterImpl-210d6028-2152-4683-81ff-347b0d29bb13/datanode-1/data/ratis/84cf22a1-838d-4eb2-8223-f7c7a6e62060] INFO  impl.RaftServerImpl (RaftServerImpl.java:lambda$shutdown$3(245)) - 5dfaa0ea-416a-422c-a75d-43311aceb00a: shutdown group-F7C7A6E62060
2019-09-19 14:21:33,468 [5dfaa0ea-416a-422c-a75d-43311aceb00a-SegmentedRaftLogWorker:Storage Directory /workdir/hadoop-ozone/integration-test/target/test-dir/MiniOzoneClusterImpl-210d6028-2152-4683-81ff-347b0d29bb13/datanode-1/data/ratis/4aa9cad1-5eb6-4efb-98df-03dec9d1ee2c] INFO  impl.RaftServerImpl (RaftServerImpl.java:lambda$shutdown$3(245)) - 5dfaa0ea-416a-422c-a75d-43311aceb00a: shutdown group-03DEC9D1EE2C
2019-09-19 14:21:33,468 [5dfaa0ea-416a-422c-a75d-43311aceb00a:group-084D5223D16C:LeaderElection105] INFO  server.RaftServerConfigKeys (ConfUtils.java:logGet(43)) - raft.server.staging.catchup.gap = 1000 (default)
2019-09-19 14:21:33,468 [pool-38-thread-1] INFO  impl.RaftServerImpl (RaftServerImpl.java:<init>(93)) - 5dfaa0ea-416a-422c-a75d-43311aceb00a: new RaftServerImpl for group-2609E2E2A622:[5dfaa0ea-416a-422c-a75d-43311aceb00a:192.168.157.226:45629, 6403e584-2209-453b-b79e-eeb0a7b58516:192.168.157.226:35833, 1190b9a7-12b1-4c15-b33e-f7d0a0cd436c:192.168.157.226:34463] with ContainerStateMachine:uninitialized
2019-09-19 14:21:33,468 [6403e584-2209-453b-b79e-eeb0a7b58516-SegmentedRaftLogWorker:Storage Directory /workdir/hadoop-ozone/integration-test/target/test-dir/MiniOzoneClusterImpl-210d6028-2152-4683-81ff-347b0d29bb13/datanode-3/data/ratis/8b554339-c9ca-43e7-acfa-790aa433409b] INFO  impl.RaftServerImpl (RaftServerImpl.java:lambda$shutdown$3(245)) - 6403e584-2209-453b-b79e-eeb0a7b58516: shutdown group-790AA433409B
2019-09-19 14:21:33,468 [5dfaa0ea-416a-422c-a75d-43311aceb00a-SegmentedRaftLogWorker:Storage Directory /workdir/hadoop-ozone/integration-test/target/test-dir/MiniOzoneClusterImpl-210d6028-2152-4683-81ff-347b0d29bb13/datanode-1/data/ratis/496769dc-22e8-488a-90fa-c06398c80b8a] INFO  impl.RaftServerImpl (RaftServerImpl.java:lambda$shutdown$3(245)) - 5dfaa0ea-416a-422c-a75d-43311aceb00a: shutdown group-C06398C80B8A
2019-09-19 14:21:33,467 [pool-71-thread-1] INFO  impl.RaftServerImpl (RaftServerImpl.java:<init>(93)) - 1190b9a7-12b1-4c15-b33e-f7d0a0cd436c: new RaftServerImpl for group-2609E2E2A622:[5dfaa0ea-416a-422c-a75d-43311aceb00a:192.168.157.226:45629, 6403e584-2209-453b-b79e-eeb0a7b58516:192.168.157.226:35833, 1190b9a7-12b1-4c15-b33e-f7d0a0cd436c:192.168.157.226:34463] with ContainerStateMachine:uninitialized
2019-09-19 14:21:33,467 [431517c4-8c09-4790-b37b-2e132c8143ad-SegmentedRaftLogWorker:Storage Directory /workdir/hadoop-ozone/integration-test/target/test-dir/MiniOzoneClusterImpl-210d6028-2152-4683-81ff-347b0d29bb13/datanode-5/data/ratis/8d8bddb9-fea1-44b8-831c-f48eae1dfe2b] INFO  impl.StateMachineUpdater (StateMachineUpdater.java:stopAndJoin(115)) - StateMachineUpdater:431517c4-8c09-4790-b37b-2e132c8143ad:group-F48EAE1DFE2B: set stopIndex = -1
2019-09-19 14:21:33,755 [431517c4-8c09-4790-b37b-2e132c8143ad-SegmentedRaftLogWorker:Storage Directory /workdir/hadoop-ozone/integration-test/target/test-dir/MiniOzoneClusterImpl-210d6028-2152-4683-81ff-347b0d29bb13/datanode-5/data/ratis/8d8bddb9-fea1-44b8-831c-f48eae1dfe2b] INFO  impl.RaftServerImpl (ServerState.java:close(394)) - 431517c4-8c09-4790-b37b-2e132c8143ad:group-F48EAE1DFE2B closes. The last applied log index is -1
2019-09-19 14:21:33,467 [85c6a9f3-b9a5-43a5-ac4f-9aa7bd5f2263:group-76218C4363DF:LeaderElection106] INFO  server.RaftServerConfigKeys (ConfUtils.java:logGet(43)) - raft.server.staging.catchup.gap = 1000 (default)
2019-09-19 14:21:33,756 [431517c4-8c09-4790-b37b-2e132c8143ad-SegmentedRaftLogWorker:Storage Directory /workdir/hadoop-ozone/integration-test/target/test-dir/MiniOzoneClusterImpl-210d6028-2152-4683-81ff-347b0d29bb13/datanode-5/data/ratis/8d8bddb9-fea1-44b8-831c-f48eae1dfe2b] INFO  segmented.SegmentedRaftLogWorker (SegmentedRaftLogWorker.java:close(228)) - 431517c4-8c09-4790-b37b-2e132c8143ad-SegmentedRaftLogWorker:Storage Directory /workdir/hadoop-ozone/integration-test/target/test-dir/MiniOzoneClusterImpl-210d6028-2152-4683-81ff-347b0d29bb13/datanode-5/data/ratis/8d8bddb9-fea1-44b8-831c-f48eae1dfe2b close()
2019-09-19 14:21:33,467 [6403e584-2209-453b-b79e-eeb0a7b58516:group-6DF381D064CD:LeaderElection102] INFO  impl.RoleInfo (RoleInfo.java:updateAndGet(143)) - 6403e584-2209-453b-b79e-eeb0a7b58516: start LeaderState
2019-09-19 14:21:33,467 [5dfaa0ea-416a-422c-a75d-43311aceb00a-SegmentedRaftLogWorker:Storage Directory /workdir/hadoop-ozone/integration-test/target/test-dir/MiniOzoneClusterImpl-210d6028-2152-4683-81ff-347b0d29bb13/datanode-1/data/ratis/a4fefd89-f4e9-4fe3-ba65-2bdfd38a0b98] INFO  segmented.SegmentedRaftLogWorker (SegmentedRaftLogWorker.java:close(228)) - 5dfaa0ea-416a-422c-a75d-43311aceb00a-SegmentedRaftLogWorker:Storage Directory /workdir/hadoop-ozone/integration-test/target/test-dir/MiniOzoneClusterImpl-210d6028-2152-4683-81ff-347b0d29bb13/datanode-1/data/ratis/a4fefd89-f4e9-4fe3-ba65-2bdfd38a0b98 close()
2019-09-19 14:21:33,458 [grpc-default-executor-1] INFO  impl.RaftServerProxy (RaftServerProxy.java:addNew(89)) - 6403e584-2209-453b-b79e-eeb0a7b58516: addNew group-2609E2E2A622:[5dfaa0ea-416a-422c-a75d-43311aceb00a:192.168.157.226:45629, 6403e584-2209-453b-b79e-eeb0a7b58516:192.168.157.226:35833, 1190b9a7-12b1-4c15-b33e-f7d0a0cd436c:192.168.157.226:34463] returns group-2609E2E2A622:java.util.concurrent.CompletableFuture@5e2b0971[Not completed]
2019-09-19 14:21:33,458 [grpc-default-executor-2] INFO  impl.RaftServerProxy (RaftServerProxy.java:addNew(89)) - 1190b9a7-12b1-4c15-b33e-f7d0a0cd436c: addNew group-2609E2E2A622:[5dfaa0ea-416a-422c-a75d-43311aceb00a:192.168.157.226:45629, 6403e584-2209-453b-b79e-eeb0a7b58516:192.168.157.226:35833, 1190b9a7-12b1-4c15-b33e-f7d0a0cd436c:192.168.157.226:34463] returns group-2609E2E2A622:java.util.concurrent.CompletableFuture@7e4022f5[Not completed]
2019-09-19 14:21:33,456 [grpc-default-executor-0] INFO  impl.RaftServerProxy (RaftServerProxy.java:addNew(89)) - 5dfaa0ea-416a-422c-a75d-43311aceb00a: addNew group-2609E2E2A622:[5dfaa0ea-416a-422c-a75d-43311aceb00a:192.168.157.226:45629, 6403e584-2209-453b-b79e-eeb0a7b58516:192.168.157.226:35833, 1190b9a7-12b1-4c15-b33e-f7d0a0cd436c:192.168.157.226:34463] returns group-2609E2E2A622:java.util.concurrent.CompletableFuture@bebce9f[Not completed]
2019-09-19 14:21:33,759 [6403e584-2209-453b-b79e-eeb0a7b58516:group-6DF381D064CD:LeaderElection102] INFO  segmented.SegmentedRaftLogWorker (SegmentedRaftLogWorker.java:startLogSegment(380)) - 6403e584-2209-453b-b79e-eeb0a7b58516-SegmentedRaftLogWorker:Storage Directory /workdir/hadoop-ozone/integration-test/target/test-dir/MiniOzoneClusterImpl-210d6028-2152-4683-81ff-347b0d29bb13/datanode-3/data/ratis/e6a40b6e-93be-4431-968a-6df381d064cd: Starting segment from index:0
2019-09-19 14:21:33,756 [85c6a9f3-b9a5-43a5-ac4f-9aa7bd5f2263:group-76218C4363DF:LeaderElection106] INFO  server.RaftServerConfigKeys (ConfUtils.java:logGet(43)) - raft.server.rpc.sleep.time = 25ms (default)
2019-09-19 14:21:33,755 [pool-71-thread-1] INFO  server.RaftServerConfigKeys (ConfUtils.java:logGet(43)) - raft.server.rpc.timeout.min = 5s (custom)
2019-09-19 14:21:33,755 [5dfaa0ea-416a-422c-a75d-43311aceb00a-SegmentedRaftLogWorker:Storage Directory /workdir/hadoop-ozone/integration-test/target/test-dir/MiniOzoneClusterImpl-210d6028-2152-4683-81ff-347b0d29bb13/datanode-1/data/ratis/496769dc-22e8-488a-90fa-c06398c80b8a] INFO  util.JmxRegister (JmxRegister.java:unregister(73)) - Successfully un-registered JMX Bean with object name Ratis:service=RaftServer,group=group-C06398C80B8A,id=5dfaa0ea-416a-422c-a75d-43311aceb00a
2019-09-19 14:21:33,755 [6403e584-2209-453b-b79e-eeb0a7b58516-SegmentedRaftLogWorker:Storage Directory /workdir/hadoop-ozone/integration-test/target/test-dir/MiniOzoneClusterImpl-210d6028-2152-4683-81ff-347b0d29bb13/datanode-3/data/ratis/8b554339-c9ca-43e7-acfa-790aa433409b] INFO  util.JmxRegister (JmxRegister.java:unregister(73)) - Successfully un-registered JMX Bean with object name Ratis:service=RaftServer,group=group-790AA433409B,id=6403e584-2209-453b-b79e-eeb0a7b58516
2019-09-19 14:21:33,755 [pool-38-thread-1] INFO  server.RaftServerConfigKeys (ConfUtils.java:logGet(43)) - raft.server.rpc.timeout.min = 5s (custom)
2019-09-19 14:21:33,755 [5dfaa0ea-416a-422c-a75d-43311aceb00a:group-084D5223D16C:LeaderElection105] INFO  server.RaftServerConfigKeys (ConfUtils.java:logGet(43)) - raft.server.rpc.sleep.time = 25ms (default)
2019-09-19 14:21:33,755 [5dfaa0ea-416a-422c-a75d-43311aceb00a-SegmentedRaftLogWorker:Storage Directory /workdir/hadoop-ozone/integration-test/target/test-dir/MiniOzoneClusterImpl-210d6028-2152-4683-81ff-347b0d29bb13/datanode-1/data/ratis/4aa9cad1-5eb6-4efb-98df-03dec9d1ee2c] INFO  util.JmxRegister (JmxRegister.java:unregister(73)) - Successfully un-registered JMX Bean with object name Ratis:service=RaftServer,group=group-03DEC9D1EE2C,id=5dfaa0ea-416a-422c-a75d-43311aceb00a
2019-09-19 14:21:34,011 | INFO  | SCMAudit | user=jenkins1000 | ip=192.168.157.226 | op=SEND_HEARTBEAT {datanodeUUID=306a7a99-f2a5-4f40-b42b-2fc2def08a6a, command=[]} | ret=SUCCESS |  
2019-09-19 14:21:34,011 | INFO  | SCMAudit | user=jenkins1000 | ip=192.168.157.226 | op=SEND_HEARTBEAT {datanodeUUID=6403e584-2209-453b-b79e-eeb0a7b58516, command=[]} | ret=SUCCESS |  
2019-09-19 14:21:34,011 [5dfaa0ea-416a-422c-a75d-43311aceb00a-SegmentedRaftLogWorker:Storage Directory /workdir/hadoop-ozone/integration-test/target/test-dir/MiniOzoneClusterImpl-210d6028-2152-4683-81ff-347b0d29bb13/datanode-1/data/ratis/4aa9cad1-5eb6-4efb-98df-03dec9d1ee2c] INFO  impl.RoleInfo (RoleInfo.java:shutdownLeaderState(104)) - 5dfaa0ea-416a-422c-a75d-43311aceb00a: shutdown LeaderState
2019-09-19 14:21:33,755 [5dfaa0ea-416a-422c-a75d-43311aceb00a-SegmentedRaftLogWorker:Storage Directory /workdir/hadoop-ozone/integration-test/target/test-dir/MiniOzoneClusterImpl-210d6028-2152-4683-81ff-347b0d29bb13/datanode-1/data/ratis/84cf22a1-838d-4eb2-8223-f7c7a6e62060] INFO  util.JmxRegister (JmxRegister.java:unregister(73)) - Successfully un-registered JMX Bean with object name Ratis:service=RaftServer,group=group-F7C7A6E62060,id=5dfaa0ea-416a-422c-a75d-43311aceb00a
2019-09-19 14:21:34,011 [5dfaa0ea-416a-422c-a75d-43311aceb00a-SegmentedRaftLogWorker:Storage Directory /workdir/hadoop-ozone/integration-test/target/test-dir/MiniOzoneClusterImpl-210d6028-2152-4683-81ff-347b0d29bb13/datanode-1/data/ratis/84cf22a1-838d-4eb2-8223-f7c7a6e62060] INFO  impl.RoleInfo (RoleInfo.java:shutdownLeaderState(104)) - 5dfaa0ea-416a-422c-a75d-43311aceb00a: shutdown LeaderState
2019-09-19 14:21:33,754 [306a7a99-f2a5-4f40-b42b-2fc2def08a6a:group-10AA2815E586:LeaderElection104] INFO  server.RaftServerConfigKeys (ConfUtils.java:logGet(43)) - raft.server.rpc.sleep.time = 25ms (default)
2019-09-19 14:21:33,754 [306a7a99-f2a5-4f40-b42b-2fc2def08a6a-SegmentedRaftLogWorker:Storage Directory /workdir/hadoop-ozone/integration-test/target/test-dir/MiniOzoneClusterImpl-210d6028-2152-4683-81ff-347b0d29bb13/datanode-2/data/ratis/2fc615a9-9353-49b0-b426-ebf6a907de95] INFO  segmented.SegmentedRaftLogWorker (SegmentedRaftLogWorker.java:close(228)) - 306a7a99-f2a5-4f40-b42b-2fc2def08a6a-SegmentedRaftLogWorker:Storage Directory /workdir/hadoop-ozone/integration-test/target/test-dir/MiniOzoneClusterImpl-210d6028-2152-4683-81ff-347b0d29bb13/datanode-2/data/ratis/2fc615a9-9353-49b0-b426-ebf6a907de95 close()
2019-09-19 14:21:33,754 [5dfaa0ea-416a-422c-a75d-43311aceb00a:group-23B0D2424888:LeaderElection118] INFO  impl.RaftServerImpl (RaftServerImpl.java:setRole(171)) - 5dfaa0ea-416a-422c-a75d-43311aceb00a:group-23B0D2424888 changes role from CANDIDATE to LEADER at term 1 for changeToLeader
2019-09-19 14:21:33,754 [6403e584-2209-453b-b79e-eeb0a7b58516:group-215A1067754F:LeaderElection117] INFO  impl.RaftServerImpl (RaftServerImpl.java:setRole(171)) - 6403e584-2209-453b-b79e-eeb0a7b58516:group-215A1067754F changes role from CANDIDATE to LEADER at term 1 for changeToLeader
2019-09-19 14:21:33,754 [306a7a99-f2a5-4f40-b42b-2fc2def08a6a:group-1A94FBF18F11:LeaderElection119] INFO  impl.RaftServerImpl (ServerState.java:setLeader(263)) - 306a7a99-f2a5-4f40-b42b-2fc2def08a6a:group-1A94FBF18F11 change Leader from null to 306a7a99-f2a5-4f40-b42b-2fc2def08a6a at term 1 for becomeLeader, leader elected after 14889ms
2019-09-19 14:21:33,754 [6403e584-2209-453b-b79e-eeb0a7b58516-SegmentedRaftLogWorker:Storage Directory /workdir/hadoop-ozone/integration-test/target/test-dir/MiniOzoneClusterImpl-210d6028-2152-4683-81ff-347b0d29bb13/datanode-3/data/ratis/3586b59f-de3d-4e52-ba56-cb88c037056f] INFO  impl.RoleInfo (RoleInfo.java:shutdownLeaderState(104)) - 6403e584-2209-453b-b79e-eeb0a7b58516: shutdown LeaderState
2019-09-19 14:21:33,754 [6403e584-2209-453b-b79e-eeb0a7b58516-SegmentedRaftLogWorker:Storage Directory /workdir/hadoop-ozone/integration-test/target/test-dir/MiniOzoneClusterImpl-210d6028-2152-4683-81ff-347b0d29bb13/datanode-3/data/ratis/efe474ae-07d9-47f8-adce-cb5cb1832614] INFO  impl.StateMachineUpdater (StateMachineUpdater.java:stopAndJoin(115)) - StateMachineUpdater:6403e584-2209-453b-b79e-eeb0a7b58516:group-CB5CB1832614: set stopIndex = -1
2019-09-19 14:21:34,018 [6403e584-2209-453b-b79e-eeb0a7b58516-SegmentedRaftLogWorker:Storage Directory /workdir/hadoop-ozone/integration-test/target/test-dir/MiniOzoneClusterImpl-210d6028-2152-4683-81ff-347b0d29bb13/datanode-3/data/ratis/efe474ae-07d9-47f8-adce-cb5cb1832614] INFO  impl.RaftServerImpl (ServerState.java:close(394)) - 6403e584-2209-453b-b79e-eeb0a7b58516:group-CB5CB1832614 closes. The last applied log index is -1
2019-09-19 14:21:33,753 [306a7a99-f2a5-4f40-b42b-2fc2def08a6a-SegmentedRaftLogWorker:Storage Directory /workdir/hadoop-ozone/integration-test/target/test-dir/MiniOzoneClusterImpl-210d6028-2152-4683-81ff-347b0d29bb13/datanode-2/data/ratis/324ef32f-1f4d-4e5c-b543-cb34acf8c155] INFO  impl.RaftServerImpl (ServerState.java:close(394)) - 306a7a99-f2a5-4f40-b42b-2fc2def08a6a:group-CB34ACF8C155 closes. The last applied log index is -1
2019-09-19 14:21:33,753 [6403e584-2209-453b-b79e-eeb0a7b58516-SegmentedRaftLogWorker:Storage Directory /workdir/hadoop-ozone/integration-test/target/test-dir/MiniOzoneClusterImpl-210d6028-2152-4683-81ff-347b0d29bb13/datanode-3/data/ratis/2c88a252-c393-4a24-a4a9-29e445ec1a13] INFO  segmented.SegmentedRaftLogWorker (SegmentedRaftLogWorker.java:close(228)) - 6403e584-2209-453b-b79e-eeb0a7b58516-SegmentedRaftLogWorker:Storage Directory /workdir/hadoop-ozone/integration-test/target/test-dir/MiniOzoneClusterImpl-210d6028-2152-4683-81ff-347b0d29bb13/datanode-3/data/ratis/2c88a252-c393-4a24-a4a9-29e445ec1a13 close()
2019-09-19 14:21:34,018 [306a7a99-f2a5-4f40-b42b-2fc2def08a6a-SegmentedRaftLogWorker:Storage Directory /workdir/hadoop-ozone/integration-test/target/test-dir/MiniOzoneClusterImpl-210d6028-2152-4683-81ff-347b0d29bb13/datanode-2/data/ratis/324ef32f-1f4d-4e5c-b543-cb34acf8c155] INFO  segmented.SegmentedRaftLogWorker (SegmentedRaftLogWorker.java:close(228)) - 306a7a99-f2a5-4f40-b42b-2fc2def08a6a-SegmentedRaftLogWorker:Storage Directory /workdir/hadoop-ozone/integration-test/target/test-dir/MiniOzoneClusterImpl-210d6028-2152-4683-81ff-347b0d29bb13/datanode-2/data/ratis/324ef32f-1f4d-4e5c-b543-cb34acf8c155 close()
2019-09-19 14:21:33,753 [5dfaa0ea-416a-422c-a75d-43311aceb00a-SegmentedRaftLogWorker:Storage Directory /workdir/hadoop-ozone/integration-test/target/test-dir/MiniOzoneClusterImpl-210d6028-2152-4683-81ff-347b0d29bb13/datanode-1/data/ratis/6bb0a770-530a-4840-a76d-7c4858421412] INFO  segmented.SegmentedRaftLogWorker (SegmentedRaftLogWorker.java:close(228)) - 5dfaa0ea-416a-422c-a75d-43311aceb00a-SegmentedRaftLogWorker:Storage Directory /workdir/hadoop-ozone/integration-test/target/test-dir/MiniOzoneClusterImpl-210d6028-2152-4683-81ff-347b0d29bb13/datanode-1/data/ratis/6bb0a770-530a-4840-a76d-7c4858421412 close()
2019-09-19 14:21:33,753 [6403e584-2209-453b-b79e-eeb0a7b58516-SegmentedRaftLogWorker:Storage Directory /workdir/hadoop-ozone/integration-test/target/test-dir/MiniOzoneClusterImpl-210d6028-2152-4683-81ff-347b0d29bb13/datanode-3/data/ratis/2fff1b47-e774-49d3-aa3e-f5c4a469bbad] INFO  segmented.SegmentedRaftLogWorker (SegmentedRaftLogWorker.java:close(228)) - 6403e584-2209-453b-b79e-eeb0a7b58516-SegmentedRaftLogWorker:Storage Directory /workdir/hadoop-ozone/integration-test/target/test-dir/MiniOzoneClusterImpl-210d6028-2152-4683-81ff-347b0d29bb13/datanode-3/data/ratis/2fff1b47-e774-49d3-aa3e-f5c4a469bbad close()
2019-09-19 14:21:33,753 [6403e584-2209-453b-b79e-eeb0a7b58516-SegmentedRaftLogWorker:Storage Directory /workdir/hadoop-ozone/integration-test/target/test-dir/MiniOzoneClusterImpl-210d6028-2152-4683-81ff-347b0d29bb13/datanode-3/data/ratis/fedba6e8-daec-4067-a469-fc754a9a4bd4] INFO  segmented.SegmentedRaftLogWorker (SegmentedRaftLogWorker.java:close(228)) - 6403e584-2209-453b-b79e-eeb0a7b58516-SegmentedRaftLogWorker:Storage Directory /workdir/hadoop-ozone/integration-test/target/test-dir/MiniOzoneClusterImpl-210d6028-2152-4683-81ff-347b0d29bb13/datanode-3/data/ratis/fedba6e8-daec-4067-a469-fc754a9a4bd4 close()
2019-09-19 14:21:33,753 [6403e584-2209-453b-b79e-eeb0a7b58516:group-B00340782978:LeaderElection113] INFO  server.RaftServerConfigKeys (ConfUtils.java:logGet(43)) - raft.server.rpc.sleep.time = 25ms (default)
2019-09-19 14:21:33,752 [5dfaa0ea-416a-422c-a75d-43311aceb00a:group-1B266AA0B1F2:LeaderElection114] INFO  server.RaftServerConfigKeys (ConfUtils.java:logGet(43)) - raft.server.staging.catchup.gap = 1000 (default)
2019-09-19 14:21:33,752 [306a7a99-f2a5-4f40-b42b-2fc2def08a6a-SegmentedRaftLogWorker:Storage Directory /workdir/hadoop-ozone/integration-test/target/test-dir/MiniOzoneClusterImpl-210d6028-2152-4683-81ff-347b0d29bb13/datanode-2/data/ratis/eb567285-39b5-42e7-b198-b068de63fe4e] INFO  segmented.SegmentedRaftLogWorker (SegmentedRaftLogWorker.java:close(228)) - 306a7a99-f2a5-4f40-b42b-2fc2def08a6a-SegmentedRaftLogWorker:Storage Directory /workdir/hadoop-ozone/integration-test/target/test-dir/MiniOzoneClusterImpl-210d6028-2152-4683-81ff-347b0d29bb13/datanode-2/data/ratis/eb567285-39b5-42e7-b198-b068de63fe4e close()
2019-09-19 14:21:33,752 [306a7a99-f2a5-4f40-b42b-2fc2def08a6a:group-3C159E1860AE:LeaderElection115] INFO  impl.RaftServerImpl (RaftServerImpl.java:setRole(171)) - 306a7a99-f2a5-4f40-b42b-2fc2def08a6a:group-3C159E1860AE changes role from CANDIDATE to LEADER at term 1 for changeToLeader
2019-09-19 14:21:34,046 [306a7a99-f2a5-4f40-b42b-2fc2def08a6a:group-3C159E1860AE:LeaderElection115] INFO  impl.RaftServerImpl (ServerState.java:setLeader(263)) - 306a7a99-f2a5-4f40-b42b-2fc2def08a6a:group-3C159E1860AE change Leader from null to 306a7a99-f2a5-4f40-b42b-2fc2def08a6a at term 1 for becomeLeader, leader elected after 15295ms
2019-09-19 14:21:33,752 [5dfaa0ea-416a-422c-a75d-43311aceb00a-SegmentedRaftLogWorker:Storage Directory /workdir/hadoop-ozone/integration-test/target/test-dir/MiniOzoneClusterImpl-210d6028-2152-4683-81ff-347b0d29bb13/datanode-1/data/ratis/13fe9844-3904-43c0-a9d5-28257d859a2f] INFO  util.JmxRegister (JmxRegister.java:unregister(73)) - Successfully un-registered JMX Bean with object name Ratis:service=RaftServer,group=group-28257D859A2F,id=5dfaa0ea-416a-422c-a75d-43311aceb00a
2019-09-19 14:21:33,752 [5dfaa0ea-416a-422c-a75d-43311aceb00a:group-B0A45DC59E65:LeaderElection107] INFO  impl.RaftServerImpl (RaftServerImpl.java:setRole(171)) - 5dfaa0ea-416a-422c-a75d-43311aceb00a:group-B0A45DC59E65 changes role from CANDIDATE to LEADER at term 1 for changeToLeader
2019-09-19 14:21:33,752 [5dfaa0ea-416a-422c-a75d-43311aceb00a:group-8305BCBB96E8:LeaderElection108] INFO  impl.RaftServerImpl (RaftServerImpl.java:setRole(171)) - 5dfaa0ea-416a-422c-a75d-43311aceb00a:group-8305BCBB96E8 changes role from CANDIDATE to LEADER at term 1 for changeToLeader
2019-09-19 14:21:33,752 [6403e584-2209-453b-b79e-eeb0a7b58516:group-CD2933B0793B:LeaderElection111] INFO  impl.RaftServerImpl (ServerState.java:setLeader(263)) - 6403e584-2209-453b-b79e-eeb0a7b58516:group-CD2933B0793B change Leader from null to 6403e584-2209-453b-b79e-eeb0a7b58516 at term 1 for becomeLeader, leader elected after 15392ms
2019-09-19 14:21:33,751 [85c6a9f3-b9a5-43a5-ac4f-9aa7bd5f2263:group-C7CD4FB69A1A:LeaderElection109] INFO  impl.RaftServerImpl (RaftServerImpl.java:setRole(171)) - 85c6a9f3-b9a5-43a5-ac4f-9aa7bd5f2263:group-C7CD4FB69A1A changes role from CANDIDATE to LEADER at term 1 for changeToLeader
2019-09-19 14:21:33,751 [6403e584-2209-453b-b79e-eeb0a7b58516:group-CC2CF5BC0391:LeaderElection110] INFO  impl.RaftServerImpl (RaftServerImpl.java:setRole(171)) - 6403e584-2209-453b-b79e-eeb0a7b58516:group-CC2CF5BC0391 changes role from CANDIDATE to LEADER at term 1 for changeToLeader
2019-09-19 14:21:34,047 [6403e584-2209-453b-b79e-eeb0a7b58516:group-CC2CF5BC0391:LeaderElection110] INFO  impl.RaftServerImpl (ServerState.java:setLeader(263)) - 6403e584-2209-453b-b79e-eeb0a7b58516:group-CC2CF5BC0391 change Leader from null to 6403e584-2209-453b-b79e-eeb0a7b58516 at term 1 for becomeLeader, leader elected after 15903ms
2019-09-19 14:21:33,748 [85c6a9f3-b9a5-43a5-ac4f-9aa7bd5f2263:group-761A2A37A56F:LeaderElection120] INFO  impl.LeaderElection (LeaderElection.java:askForVotes(181)) - 85c6a9f3-b9a5-43a5-ac4f-9aa7bd5f2263:group-761A2A37A56F:LeaderElection120: begin an election at term 1 for -1: [85c6a9f3-b9a5-43a5-ac4f-9aa7bd5f2263:192.168.157.226:45170], old=null
2019-09-19 14:21:33,748 [6403e584-2209-453b-b79e-eeb0a7b58516:group-1FE216233206:LeaderElection112] INFO  impl.RaftServerImpl (RaftServerImpl.java:setRole(171)) - 6403e584-2209-453b-b79e-eeb0a7b58516:group-1FE216233206 changes role from CANDIDATE to LEADER at term 1 for changeToLeader
2019-09-19 14:21:33,748 [85c6a9f3-b9a5-43a5-ac4f-9aa7bd5f2263:group-1487A2604F1B:LeaderElection121] INFO  impl.LeaderElection (LeaderElection.java:askForVotes(181)) - 85c6a9f3-b9a5-43a5-ac4f-9aa7bd5f2263:group-1487A2604F1B:LeaderElection121: begin an election at term 1 for -1: [85c6a9f3-b9a5-43a5-ac4f-9aa7bd5f2263:192.168.157.226:45170], old=null
2019-09-19 14:21:33,748 [306a7a99-f2a5-4f40-b42b-2fc2def08a6a:group-2EC6A4848DE1:LeaderElection116] INFO  impl.LeaderElection (LeaderElection.java:askForVotes(181)) - 306a7a99-f2a5-4f40-b42b-2fc2def08a6a:group-2EC6A4848DE1:LeaderElection116: begin an election at term 1 for -1: [306a7a99-f2a5-4f40-b42b-2fc2def08a6a:192.168.157.226:42633], old=null
2019-09-19 14:21:33,748 [431517c4-8c09-4790-b37b-2e132c8143ad-SegmentedRaftLogWorker:Storage Directory /workdir/hadoop-ozone/integration-test/target/test-dir/MiniOzoneClusterImpl-210d6028-2152-4683-81ff-347b0d29bb13/datanode-5/data/ratis/131aa170-30be-469e-9d4d-88d967718bdf] ERROR segmented.SegmentedRaftLogWorker (SegmentedRaftLogWorker.java:run(323)) - 431517c4-8c09-4790-b37b-2e132c8143ad-SegmentedRaftLogWorker:Storage Directory /workdir/hadoop-ozone/integration-test/target/test-dir/MiniOzoneClusterImpl-210d6028-2152-4683-81ff-347b0d29bb13/datanode-5/data/ratis/131aa170-30be-469e-9d4d-88d967718bdf hit exception
java.lang.OutOfMemoryError: Direct buffer memory
	at java.nio.Bits.reserveMemory(Bits.java:666)
	at java.nio.DirectByteBuffer.<init>(DirectByteBuffer.java:123)
	at java.nio.ByteBuffer.allocateDirect(ByteBuffer.java:311)
	at org.apache.ratis.server.raftlog.segmented.BufferedWriteChannel.<init>(BufferedWriteChannel.java:41)
	at org.apache.ratis.server.raftlog.segmented.SegmentedRaftLogOutputStream.<init>(SegmentedRaftLogOutputStream.java:72)
	at org.apache.ratis.server.raftlog.segmented.SegmentedRaftLogWorker$StartLogSegment.execute(SegmentedRaftLogWorker.java:566)
	at org.apache.ratis.server.raftlog.segmented.SegmentedRaftLogWorker.run(SegmentedRaftLogWorker.java:289)
	at java.lang.Thread.run(Thread.java:748)
2019-09-19 14:21:33,748 [pool-60-thread-1] INFO  storage.RaftStorageDirectory (RaftStorageDirectory.java:tryLock(328)) - Lock on /workdir/hadoop-ozone/integration-test/target/test-dir/MiniOzoneClusterImpl-210d6028-2152-4683-81ff-347b0d29bb13/datanode-3/data/ratis/7486c150-856a-4ca9-9876-bc6162215a45/in_use.lock acquired by nodename 16198@pr-hdds-1569-swxfz-3172132826
2019-09-19 14:21:33,474 [6403e584-2209-453b-b79e-eeb0a7b58516:group-7382CF0FF315:LeaderElection83] INFO  impl.RaftServerImpl (ServerState.java:setRaftConf(361)) - 6403e584-2209-453b-b79e-eeb0a7b58516:group-7382CF0FF315 set configuration 0: [6403e584-2209-453b-b79e-eeb0a7b58516:192.168.157.226:35833], old=null at 0
2019-09-19 14:21:33,474 [85c6a9f3-b9a5-43a5-ac4f-9aa7bd5f2263-SegmentedRaftLogWorker:Storage Directory /workdir/hadoop-ozone/integration-test/target/test-dir/MiniOzoneClusterImpl-210d6028-2152-4683-81ff-347b0d29bb13/datanode-0/data/ratis/685c9429-6346-4d93-9d6e-111669bae36c] INFO  impl.RaftServerImpl (ServerState.java:close(394)) - 85c6a9f3-b9a5-43a5-ac4f-9aa7bd5f2263:group-111669BAE36C closes. The last applied log index is -1
2019-09-19 14:21:33,474 [5dfaa0ea-416a-422c-a75d-43311aceb00a-SegmentedRaftLogWorker:Storage Directory /workdir/hadoop-ozone/integration-test/target/test-dir/MiniOzoneClusterImpl-210d6028-2152-4683-81ff-347b0d29bb13/datanode-1/data/ratis/eda21a42-e9b2-448c-bdc3-99527b0f1d6c] INFO  impl.RaftServerImpl (ServerState.java:close(394)) - 5dfaa0ea-416a-422c-a75d-43311aceb00a:group-99527B0F1D6C closes. The last applied log index is -1
2019-09-19 14:21:33,473 [85c6a9f3-b9a5-43a5-ac4f-9aa7bd5f2263:group-7B227C9559A3:LeaderElection103] INFO  server.RaftServerConfigKeys (ConfUtils.java:logGet(43)) - raft.server.watch.timeout.denomination = 1s (default)
2019-09-19 14:21:34,049 [5dfaa0ea-416a-422c-a75d-43311aceb00a-SegmentedRaftLogWorker:Storage Directory /workdir/hadoop-ozone/integration-test/target/test-dir/MiniOzoneClusterImpl-210d6028-2152-4683-81ff-347b0d29bb13/datanode-1/data/ratis/eda21a42-e9b2-448c-bdc3-99527b0f1d6c] INFO  segmented.SegmentedRaftLogWorker (SegmentedRaftLogWorker.java:close(228)) - 5dfaa0ea-416a-422c-a75d-43311aceb00a-SegmentedRaftLogWorker:Storage Directory /workdir/hadoop-ozone/integration-test/target/test-dir/MiniOzoneClusterImpl-210d6028-2152-4683-81ff-347b0d29bb13/datanode-1/data/ratis/eda21a42-e9b2-448c-bdc3-99527b0f1d6c close()
2019-09-19 14:21:34,049 [85c6a9f3-b9a5-43a5-ac4f-9aa7bd5f2263-SegmentedRaftLogWorker:Storage Directory /workdir/hadoop-ozone/integration-test/target/test-dir/MiniOzoneClusterImpl-210d6028-2152-4683-81ff-347b0d29bb13/datanode-0/data/ratis/685c9429-6346-4d93-9d6e-111669bae36c] INFO  segmented.SegmentedRaftLogWorker (SegmentedRaftLogWorker.java:close(228)) - 85c6a9f3-b9a5-43a5-ac4f-9aa7bd5f2263-SegmentedRaftLogWorker:Storage Directory /workdir/hadoop-ozone/integration-test/target/test-dir/MiniOzoneClusterImpl-210d6028-2152-4683-81ff-347b0d29bb13/datanode-0/data/ratis/685c9429-6346-4d93-9d6e-111669bae36c close()
2019-09-19 14:21:34,048 [431517c4-8c09-4790-b37b-2e132c8143ad-SegmentedRaftLogWorker:Storage Directory /workdir/hadoop-ozone/integration-test/target/test-dir/MiniOzoneClusterImpl-210d6028-2152-4683-81ff-347b0d29bb13/datanode-5/data/ratis/131aa170-30be-469e-9d4d-88d967718bdf] INFO  impl.RaftServerImpl (RaftServerImpl.java:lambda$shutdown$3(245)) - 431517c4-8c09-4790-b37b-2e132c8143ad: shutdown group-88D967718BDF
2019-09-19 14:21:34,048 [306a7a99-f2a5-4f40-b42b-2fc2def08a6a:group-2EC6A4848DE1:LeaderElection116] INFO  impl.RoleInfo (RoleInfo.java:shutdownLeaderElection(134)) - 306a7a99-f2a5-4f40-b42b-2fc2def08a6a: shutdown LeaderElection
2019-09-19 14:21:34,048 [85c6a9f3-b9a5-43a5-ac4f-9aa7bd5f2263:group-1487A2604F1B:LeaderElection121] INFO  impl.RoleInfo (RoleInfo.java:shutdownLeaderElection(134)) - 85c6a9f3-b9a5-43a5-ac4f-9aa7bd5f2263: shutdown LeaderElection
2019-09-19 14:21:34,050 [85c6a9f3-b9a5-43a5-ac4f-9aa7bd5f2263:group-1487A2604F1B:LeaderElection121] INFO  impl.RaftServerImpl (RaftServerImpl.java:setRole(171)) - 85c6a9f3-b9a5-43a5-ac4f-9aa7bd5f2263:group-1487A2604F1B changes role from CANDIDATE to LEADER at term 1 for changeToLeader
2019-09-19 14:21:34,048 [6403e584-2209-453b-b79e-eeb0a7b58516:group-1FE216233206:LeaderElection112] INFO  impl.RaftServerImpl (ServerState.java:setLeader(263)) - 6403e584-2209-453b-b79e-eeb0a7b58516:group-1FE216233206 change Leader from null to 6403e584-2209-453b-b79e-eeb0a7b58516 at term 1 for becomeLeader, leader elected after 15820ms
2019-09-19 14:21:34,048 [85c6a9f3-b9a5-43a5-ac4f-9aa7bd5f2263:group-761A2A37A56F:LeaderElection120] INFO  impl.RoleInfo (RoleInfo.java:shutdownLeaderElection(134)) - 85c6a9f3-b9a5-43a5-ac4f-9aa7bd5f2263: shutdown LeaderElection
2019-09-19 14:21:34,051 [85c6a9f3-b9a5-43a5-ac4f-9aa7bd5f2263:group-761A2A37A56F:LeaderElection120] INFO  impl.RaftServerImpl (RaftServerImpl.java:setRole(171)) - 85c6a9f3-b9a5-43a5-ac4f-9aa7bd5f2263:group-761A2A37A56F changes role from CANDIDATE to LEADER at term 1 for changeToLeader
2019-09-19 14:21:34,047 [6403e584-2209-453b-b79e-eeb0a7b58516:group-CC2CF5BC0391:LeaderElection110] INFO  server.RaftServerConfigKeys (ConfUtils.java:logGet(43)) - raft.server.staging.catchup.gap = 1000 (default)
2019-09-19 14:21:34,047 [85c6a9f3-b9a5-43a5-ac4f-9aa7bd5f2263:group-C7CD4FB69A1A:LeaderElection109] INFO  impl.RaftServerImpl (ServerState.java:setLeader(263)) - 85c6a9f3-b9a5-43a5-ac4f-9aa7bd5f2263:group-C7CD4FB69A1A change Leader from null to 85c6a9f3-b9a5-43a5-ac4f-9aa7bd5f2263 at term 1 for becomeLeader, leader elected after 15728ms
2019-09-19 14:21:34,047 [6403e584-2209-453b-b79e-eeb0a7b58516:group-CD2933B0793B:LeaderElection111] INFO  server.RaftServerConfigKeys (ConfUtils.java:logGet(43)) - raft.server.staging.catchup.gap = 1000 (default)
2019-09-19 14:21:34,047 [5dfaa0ea-416a-422c-a75d-43311aceb00a:group-8305BCBB96E8:LeaderElection108] INFO  impl.RaftServerImpl (ServerState.java:setLeader(263)) - 5dfaa0ea-416a-422c-a75d-43311aceb00a:group-8305BCBB96E8 change Leader from null to 5dfaa0ea-416a-422c-a75d-43311aceb00a at term 1 for becomeLeader, leader elected after 15771ms
2019-09-19 14:21:34,047 [5dfaa0ea-416a-422c-a75d-43311aceb00a:group-B0A45DC59E65:LeaderElection107] INFO  impl.RaftServerImpl (ServerState.java:setLeader(263)) - 5dfaa0ea-416a-422c-a75d-43311aceb00a:group-B0A45DC59E65 change Leader from null to 5dfaa0ea-416a-422c-a75d-43311aceb00a at term 1 for becomeLeader, leader elected after 15708ms
2019-09-19 14:21:34,046 [5dfaa0ea-416a-422c-a75d-43311aceb00a-SegmentedRaftLogWorker:Storage Directory /workdir/hadoop-ozone/integration-test/target/test-dir/MiniOzoneClusterImpl-210d6028-2152-4683-81ff-347b0d29bb13/datanode-1/data/ratis/13fe9844-3904-43c0-a9d5-28257d859a2f] INFO  impl.RoleInfo (RoleInfo.java:shutdownLeaderState(104)) - 5dfaa0ea-416a-422c-a75d-43311aceb00a: shutdown LeaderState
2019-09-19 14:21:34,046 [306a7a99-f2a5-4f40-b42b-2fc2def08a6a:group-3C159E1860AE:LeaderElection115] INFO  server.RaftServerConfigKeys (ConfUtils.java:logGet(43)) - raft.server.staging.catchup.gap = 1000 (default)
2019-09-19 14:21:34,046 [5dfaa0ea-416a-422c-a75d-43311aceb00a:group-1B266AA0B1F2:LeaderElection114] INFO  server.RaftServerConfigKeys (ConfUtils.java:logGet(43)) - raft.server.rpc.sleep.time = 25ms (default)
2019-09-19 14:21:34,046 [6403e584-2209-453b-b79e-eeb0a7b58516:group-B00340782978:LeaderElection113] INFO  server.RaftServerConfigKeys (ConfUtils.java:logGet(43)) - raft.server.write.element-limit = 4096 (default)
2019-09-19 14:21:34,018 [6403e584-2209-453b-b79e-eeb0a7b58516-SegmentedRaftLogWorker:Storage Directory /workdir/hadoop-ozone/integration-test/target/test-dir/MiniOzoneClusterImpl-210d6028-2152-4683-81ff-347b0d29bb13/datanode-3/data/ratis/efe474ae-07d9-47f8-adce-cb5cb1832614] INFO  segmented.SegmentedRaftLogWorker (SegmentedRaftLogWorker.java:close(228)) - 6403e584-2209-453b-b79e-eeb0a7b58516-SegmentedRaftLogWorker:Storage Directory /workdir/hadoop-ozone/integration-test/target/test-dir/MiniOzoneClusterImpl-210d6028-2152-4683-81ff-347b0d29bb13/datanode-3/data/ratis/efe474ae-07d9-47f8-adce-cb5cb1832614 close()
2019-09-19 14:21:34,018 [6403e584-2209-453b-b79e-eeb0a7b58516-SegmentedRaftLogWorker:Storage Directory /workdir/hadoop-ozone/integration-test/target/test-dir/MiniOzoneClusterImpl-210d6028-2152-4683-81ff-347b0d29bb13/datanode-3/data/ratis/3586b59f-de3d-4e52-ba56-cb88c037056f] INFO  impl.PendingRequests (PendingRequests.java:sendNotLeaderResponses(202)) - 6403e584-2209-453b-b79e-eeb0a7b58516-PendingRequests: sendNotLeaderResponses
2019-09-19 14:21:34,018 [306a7a99-f2a5-4f40-b42b-2fc2def08a6a:group-1A94FBF18F11:LeaderElection119] INFO  server.RaftServerConfigKeys (ConfUtils.java:logGet(43)) - raft.server.staging.catchup.gap = 1000 (default)
2019-09-19 14:21:34,017 [6403e584-2209-453b-b79e-eeb0a7b58516:group-215A1067754F:LeaderElection117] INFO  impl.RaftServerImpl (ServerState.java:setLeader(263)) - 6403e584-2209-453b-b79e-eeb0a7b58516:group-215A1067754F change Leader from null to 6403e584-2209-453b-b79e-eeb0a7b58516 at term 1 for becomeLeader, leader elected after 10248ms
2019-09-19 14:21:34,017 [5dfaa0ea-416a-422c-a75d-43311aceb00a:group-23B0D2424888:LeaderElection118] INFO  impl.RaftServerImpl (ServerState.java:setLeader(263)) - 5dfaa0ea-416a-422c-a75d-43311aceb00a:group-23B0D2424888 change Leader from null to 5dfaa0ea-416a-422c-a75d-43311aceb00a at term 1 for becomeLeader, leader elected after 15308ms
2019-09-19 14:21:34,011 [306a7a99-f2a5-4f40-b42b-2fc2def08a6a:group-10AA2815E586:LeaderElection104] INFO  server.RaftServerConfigKeys (ConfUtils.java:logGet(43)) - raft.server.write.element-limit = 4096 (default)
2019-09-19 14:21:34,011 [5dfaa0ea-416a-422c-a75d-43311aceb00a-SegmentedRaftLogWorker:Storage Directory /workdir/hadoop-ozone/integration-test/target/test-dir/MiniOzoneClusterImpl-210d6028-2152-4683-81ff-347b0d29bb13/datanode-1/data/ratis/84cf22a1-838d-4eb2-8223-f7c7a6e62060] INFO  impl.PendingRequests (PendingRequests.java:sendNotLeaderResponses(202)) - 5dfaa0ea-416a-422c-a75d-43311aceb00a-PendingRequests: sendNotLeaderResponses
2019-09-19 14:21:34,011 [5dfaa0ea-416a-422c-a75d-43311aceb00a-SegmentedRaftLogWorker:Storage Directory /workdir/hadoop-ozone/integration-test/target/test-dir/MiniOzoneClusterImpl-210d6028-2152-4683-81ff-347b0d29bb13/datanode-1/data/ratis/4aa9cad1-5eb6-4efb-98df-03dec9d1ee2c] INFO  impl.PendingRequests (PendingRequests.java:sendNotLeaderResponses(202)) - 5dfaa0ea-416a-422c-a75d-43311aceb00a-PendingRequests: sendNotLeaderResponses
2019-09-19 14:21:34,011 [5dfaa0ea-416a-422c-a75d-43311aceb00a:group-084D5223D16C:LeaderElection105] INFO  server.RaftServerConfigKeys (ConfUtils.java:logGet(43)) - raft.server.write.element-limit = 4096 (default)
2019-09-19 14:21:34,011 [pool-38-thread-1] INFO  server.RaftServerConfigKeys (ConfUtils.java:logGet(43)) - raft.server.rpc.timeout.max = 5200ms (custom)
2019-09-19 14:21:34,010 [6403e584-2209-453b-b79e-eeb0a7b58516-SegmentedRaftLogWorker:Storage Directory /workdir/hadoop-ozone/integration-test/target/test-dir/MiniOzoneClusterImpl-210d6028-2152-4683-81ff-347b0d29bb13/datanode-3/data/ratis/8b554339-c9ca-43e7-acfa-790aa433409b] INFO  impl.RoleInfo (RoleInfo.java:shutdownLeaderState(104)) - 6403e584-2209-453b-b79e-eeb0a7b58516: shutdown LeaderState
2019-09-19 14:21:34,009 [306a7a99-f2a5-4f40-b42b-2fc2def08a6a-SegmentedRaftLogWorker:Storage Directory /workdir/hadoop-ozone/integration-test/target/test-dir/MiniOzoneClusterImpl-210d6028-2152-4683-81ff-347b0d29bb13/datanode-2/data/ratis/764534ee-6f96-46ad-a922-427a1daf45e9] ERROR segmented.SegmentedRaftLogWorker (SegmentedRaftLogWorker.java:run(323)) - 306a7a99-f2a5-4f40-b42b-2fc2def08a6a-SegmentedRaftLogWorker:Storage Directory /workdir/hadoop-ozone/integration-test/target/test-dir/MiniOzoneClusterImpl-210d6028-2152-4683-81ff-347b0d29bb13/datanode-2/data/ratis/764534ee-6f96-46ad-a922-427a1daf45e9 hit exception
java.lang.OutOfMemoryError: Direct buffer memory
	at java.nio.Bits.reserveMemory(Bits.java:666)
	at java.nio.DirectByteBuffer.<init>(DirectByteBuffer.java:123)
	at java.nio.ByteBuffer.allocateDirect(ByteBuffer.java:311)
	at org.apache.ratis.server.raftlog.segmented.BufferedWriteChannel.<init>(BufferedWriteChannel.java:41)
	at org.apache.ratis.server.raftlog.segmented.SegmentedRaftLogOutputStream.<init>(SegmentedRaftLogOutputStream.java:72)
	at org.apache.ratis.server.raftlog.segmented.SegmentedRaftLogWorker$StartLogSegment.execute(SegmentedRaftLogWorker.java:566)
	at org.apache.ratis.server.raftlog.segmented.SegmentedRaftLogWorker.run(SegmentedRaftLogWorker.java:289)
	at java.lang.Thread.run(Thread.java:748)
2019-09-19 14:21:33,763 [5dfaa0ea-416a-422c-a75d-43311aceb00a-SegmentedRaftLogWorker:Storage Directory /workdir/hadoop-ozone/integration-test/target/test-dir/MiniOzoneClusterImpl-210d6028-2152-4683-81ff-347b0d29bb13/datanode-1/data/ratis/496769dc-22e8-488a-90fa-c06398c80b8a] INFO  impl.RoleInfo (RoleInfo.java:shutdownLeaderState(104)) - 5dfaa0ea-416a-422c-a75d-43311aceb00a: shutdown LeaderState
2019-09-19 14:21:33,763 [6403e584-2209-453b-b79e-eeb0a7b58516:group-6DF381D064CD:LeaderElection102] INFO  impl.RaftServerImpl (ServerState.java:setRaftConf(361)) - 6403e584-2209-453b-b79e-eeb0a7b58516:group-6DF381D064CD set configuration 0: [6403e584-2209-453b-b79e-eeb0a7b58516:192.168.157.226:35833], old=null at 0
2019-09-19 14:21:33,763 [pool-71-thread-1] INFO  server.RaftServerConfigKeys (ConfUtils.java:logGet(43)) - raft.server.rpc.timeout.max = 5200ms (custom)
2019-09-19 14:21:33,763 [85c6a9f3-b9a5-43a5-ac4f-9aa7bd5f2263:group-76218C4363DF:LeaderElection106] INFO  server.RaftServerConfigKeys (ConfUtils.java:logGet(43)) - raft.server.write.element-limit = 4096 (default)
2019-09-19 14:21:34,055 [pool-71-thread-1] INFO  server.RaftServerConfigKeys (ConfUtils.java:logGet(43)) - raft.server.rpcslowness.timeout = 120s (custom)
2019-09-19 14:21:34,055 [pool-71-thread-1] INFO  server.RaftServerConfigKeys (ConfUtils.java:logGet(43)) - raft.server.sleep.deviation.threshold = 300 (default)
2019-09-19 14:21:34,055 [5dfaa0ea-416a-422c-a75d-43311aceb00a-SegmentedRaftLogWorker:Storage Directory /workdir/hadoop-ozone/integration-test/target/test-dir/MiniOzoneClusterImpl-210d6028-2152-4683-81ff-347b0d29bb13/datanode-1/data/ratis/496769dc-22e8-488a-90fa-c06398c80b8a] INFO  impl.PendingRequests (PendingRequests.java:sendNotLeaderResponses(202)) - 5dfaa0ea-416a-422c-a75d-43311aceb00a-PendingRequests: sendNotLeaderResponses
2019-09-19 14:21:34,055 [306a7a99-f2a5-4f40-b42b-2fc2def08a6a-SegmentedRaftLogWorker:Storage Directory /workdir/hadoop-ozone/integration-test/target/test-dir/MiniOzoneClusterImpl-210d6028-2152-4683-81ff-347b0d29bb13/datanode-2/data/ratis/764534ee-6f96-46ad-a922-427a1daf45e9] INFO  impl.RaftServerImpl (RaftServerImpl.java:lambda$shutdown$3(245)) - 306a7a99-f2a5-4f40-b42b-2fc2def08a6a: shutdown group-427A1DAF45E9
2019-09-19 14:21:34,054 [6403e584-2209-453b-b79e-eeb0a7b58516-SegmentedRaftLogWorker:Storage Directory /workdir/hadoop-ozone/integration-test/target/test-dir/MiniOzoneClusterImpl-210d6028-2152-4683-81ff-347b0d29bb13/datanode-3/data/ratis/8b554339-c9ca-43e7-acfa-790aa433409b] INFO  impl.PendingRequests (PendingRequests.java:sendNotLeaderResponses(202)) - 6403e584-2209-453b-b79e-eeb0a7b58516-PendingRequests: sendNotLeaderResponses
2019-09-19 14:21:34,054 [pool-38-thread-1] INFO  server.RaftServerConfigKeys (ConfUtils.java:logGet(43)) - raft.server.rpcslowness.timeout = 120s (custom)
2019-09-19 14:21:34,056 [pool-38-thread-1] INFO  server.RaftServerConfigKeys (ConfUtils.java:logGet(43)) - raft.server.sleep.deviation.threshold = 300 (default)
2019-09-19 14:21:34,054 [5dfaa0ea-416a-422c-a75d-43311aceb00a:group-084D5223D16C:LeaderElection105] INFO  server.RaftServerConfigKeys (ConfUtils.java:logGet(43)) - raft.server.watch.timeout = 10s (default)
2019-09-19 14:21:34,054 [5dfaa0ea-416a-422c-a75d-43311aceb00a-SegmentedRaftLogWorker:Storage Directory /workdir/hadoop-ozone/integration-test/target/test-dir/MiniOzoneClusterImpl-210d6028-2152-4683-81ff-347b0d29bb13/datanode-1/data/ratis/4aa9cad1-5eb6-4efb-98df-03dec9d1ee2c] INFO  impl.StateMachineUpdater (StateMachineUpdater.java:stopAndJoin(115)) - StateMachineUpdater:5dfaa0ea-416a-422c-a75d-43311aceb00a:group-03DEC9D1EE2C: set stopIndex = -1
2019-09-19 14:21:34,057 [5dfaa0ea-416a-422c-a75d-43311aceb00a-SegmentedRaftLogWorker:Storage Directory /workdir/hadoop-ozone/integration-test/target/test-dir/MiniOzoneClusterImpl-210d6028-2152-4683-81ff-347b0d29bb13/datanode-1/data/ratis/4aa9cad1-5eb6-4efb-98df-03dec9d1ee2c] INFO  impl.RaftServerImpl (ServerState.java:close(394)) - 5dfaa0ea-416a-422c-a75d-43311aceb00a:group-03DEC9D1EE2C closes. The last applied log index is -1
2019-09-19 14:21:34,054 [5dfaa0ea-416a-422c-a75d-43311aceb00a-SegmentedRaftLogWorker:Storage Directory /workdir/hadoop-ozone/integration-test/target/test-dir/MiniOzoneClusterImpl-210d6028-2152-4683-81ff-347b0d29bb13/datanode-1/data/ratis/84cf22a1-838d-4eb2-8223-f7c7a6e62060] INFO  impl.StateMachineUpdater (StateMachineUpdater.java:stopAndJoin(115)) - StateMachineUpdater:5dfaa0ea-416a-422c-a75d-43311aceb00a:group-F7C7A6E62060: set stopIndex = -1
2019-09-19 14:21:34,057 [5dfaa0ea-416a-422c-a75d-43311aceb00a-SegmentedRaftLogWorker:Storage Directory /workdir/hadoop-ozone/integration-test/target/test-dir/MiniOzoneClusterImpl-210d6028-2152-4683-81ff-347b0d29bb13/datanode-1/data/ratis/84cf22a1-838d-4eb2-8223-f7c7a6e62060] INFO  impl.RaftServerImpl (ServerState.java:close(394)) - 5dfaa0ea-416a-422c-a75d-43311aceb00a:group-F7C7A6E62060 closes. The last applied log index is -1
2019-09-19 14:21:34,053 [306a7a99-f2a5-4f40-b42b-2fc2def08a6a:group-10AA2815E586:LeaderElection104] INFO  server.RaftServerConfigKeys (ConfUtils.java:logGet(43)) - raft.server.watch.timeout = 10s (default)
2019-09-19 14:21:34,053 [5dfaa0ea-416a-422c-a75d-43311aceb00a:group-23B0D2424888:LeaderElection118] INFO  server.RaftServerConfigKeys (ConfUtils.java:logGet(43)) - raft.server.staging.catchup.gap = 1000 (default)
2019-09-19 14:21:34,053 [6403e584-2209-453b-b79e-eeb0a7b58516:group-215A1067754F:LeaderElection117] INFO  server.RaftServerConfigKeys (ConfUtils.java:logGet(43)) - raft.server.staging.catchup.gap = 1000 (default)
2019-09-19 14:21:34,053 [306a7a99-f2a5-4f40-b42b-2fc2def08a6a:group-1A94FBF18F11:LeaderElection119] INFO  server.RaftServerConfigKeys (ConfUtils.java:logGet(43)) - raft.server.rpc.sleep.time = 25ms (default)
2019-09-19 14:21:34,053 [6403e584-2209-453b-b79e-eeb0a7b58516-SegmentedRaftLogWorker:Storage Directory /workdir/hadoop-ozone/integration-test/target/test-dir/MiniOzoneClusterImpl-210d6028-2152-4683-81ff-347b0d29bb13/datanode-3/data/ratis/3586b59f-de3d-4e52-ba56-cb88c037056f] INFO  impl.StateMachineUpdater (StateMachineUpdater.java:stopAndJoin(115)) - StateMachineUpdater:6403e584-2209-453b-b79e-eeb0a7b58516:group-CB88C037056F: set stopIndex = -1
2019-09-19 14:21:34,052 [6403e584-2209-453b-b79e-eeb0a7b58516:group-B00340782978:LeaderElection113] INFO  server.RaftServerConfigKeys (ConfUtils.java:logGet(43)) - raft.server.watch.timeout = 10s (default)
2019-09-19 14:21:34,052 [5dfaa0ea-416a-422c-a75d-43311aceb00a:group-1B266AA0B1F2:LeaderElection114] INFO  server.RaftServerConfigKeys (ConfUtils.java:logGet(43)) - raft.server.write.element-limit = 4096 (default)
2019-09-19 14:21:34,052 [306a7a99-f2a5-4f40-b42b-2fc2def08a6a:group-3C159E1860AE:LeaderElection115] INFO  server.RaftServerConfigKeys (ConfUtils.java:logGet(43)) - raft.server.rpc.sleep.time = 25ms (default)
2019-09-19 14:21:34,052 [5dfaa0ea-416a-422c-a75d-43311aceb00a-SegmentedRaftLogWorker:Storage Directory /workdir/hadoop-ozone/integration-test/target/test-dir/MiniOzoneClusterImpl-210d6028-2152-4683-81ff-347b0d29bb13/datanode-1/data/ratis/13fe9844-3904-43c0-a9d5-28257d859a2f] INFO  impl.PendingRequests (PendingRequests.java:sendNotLeaderResponses(202)) - 5dfaa0ea-416a-422c-a75d-43311aceb00a-PendingRequests: sendNotLeaderResponses
2019-09-19 14:21:34,052 [5dfaa0ea-416a-422c-a75d-43311aceb00a:group-B0A45DC59E65:LeaderElection107] INFO  server.RaftServerConfigKeys (ConfUtils.java:logGet(43)) - raft.server.staging.catchup.gap = 1000 (default)
2019-09-19 14:21:34,052 [5dfaa0ea-416a-422c-a75d-43311aceb00a:group-8305BCBB96E8:LeaderElection108] INFO  server.RaftServerConfigKeys (ConfUtils.java:logGet(43)) - raft.server.staging.catchup.gap = 1000 (default)
2019-09-19 14:21:34,051 [6403e584-2209-453b-b79e-eeb0a7b58516:group-CD2933B0793B:LeaderElection111] INFO  server.RaftServerConfigKeys (ConfUtils.java:logGet(43)) - raft.server.rpc.sleep.time = 25ms (default)
2019-09-19 14:21:34,051 [85c6a9f3-b9a5-43a5-ac4f-9aa7bd5f2263:group-C7CD4FB69A1A:LeaderElection109] INFO  server.RaftServerConfigKeys (ConfUtils.java:logGet(43)) - raft.server.staging.catchup.gap = 1000 (default)
2019-09-19 14:21:34,051 [6403e584-2209-453b-b79e-eeb0a7b58516:group-CC2CF5BC0391:LeaderElection110] INFO  server.RaftServerConfigKeys (ConfUtils.java:logGet(43)) - raft.server.rpc.sleep.time = 25ms (default)
2019-09-19 14:21:34,051 [85c6a9f3-b9a5-43a5-ac4f-9aa7bd5f2263:group-761A2A37A56F:LeaderElection120] INFO  impl.RaftServerImpl (ServerState.java:setLeader(263)) - 85c6a9f3-b9a5-43a5-ac4f-9aa7bd5f2263:group-761A2A37A56F change Leader from null to 85c6a9f3-b9a5-43a5-ac4f-9aa7bd5f2263 at term 1 for becomeLeader, leader elected after 14799ms
2019-09-19 14:21:34,051 [6403e584-2209-453b-b79e-eeb0a7b58516:group-1FE216233206:LeaderElection112] INFO  server.RaftServerConfigKeys (ConfUtils.java:logGet(43)) - raft.server.staging.catchup.gap = 1000 (default)
2019-09-19 14:21:34,060 [6403e584-2209-453b-b79e-eeb0a7b58516:group-1FE216233206:LeaderElection112] INFO  server.RaftServerConfigKeys (ConfUtils.java:logGet(43)) - raft.server.rpc.sleep.time = 25ms (default)
2019-09-19 14:21:34,050 [85c6a9f3-b9a5-43a5-ac4f-9aa7bd5f2263:group-1487A2604F1B:LeaderElection121] INFO  impl.RaftServerImpl (ServerState.java:setLeader(263)) - 85c6a9f3-b9a5-43a5-ac4f-9aa7bd5f2263:group-1487A2604F1B change Leader from null to 85c6a9f3-b9a5-43a5-ac4f-9aa7bd5f2263 at term 1 for becomeLeader, leader elected after 14777ms
2019-09-19 14:21:34,050 [306a7a99-f2a5-4f40-b42b-2fc2def08a6a:group-2EC6A4848DE1:LeaderElection116] INFO  impl.RaftServerImpl (RaftServerImpl.java:setRole(171)) - 306a7a99-f2a5-4f40-b42b-2fc2def08a6a:group-2EC6A4848DE1 changes role from CANDIDATE to LEADER at term 1 for changeToLeader
2019-09-19 14:21:34,050 [431517c4-8c09-4790-b37b-2e132c8143ad-SegmentedRaftLogWorker:Storage Directory /workdir/hadoop-ozone/integration-test/target/test-dir/MiniOzoneClusterImpl-210d6028-2152-4683-81ff-347b0d29bb13/datanode-5/data/ratis/131aa170-30be-469e-9d4d-88d967718bdf] INFO  util.JmxRegister (JmxRegister.java:unregister(73)) - Successfully un-registered JMX Bean with object name Ratis:service=RaftServer,group=group-88D967718BDF,id=431517c4-8c09-4790-b37b-2e132c8143ad
2019-09-19 14:21:34,049 [85c6a9f3-b9a5-43a5-ac4f-9aa7bd5f2263:group-7B227C9559A3:LeaderElection103] INFO  server.RaftServerConfigKeys (ConfUtils.java:logGet(43)) - raft.server.watch.element-limit = 65536 (default)
2019-09-19 14:21:34,060 [431517c4-8c09-4790-b37b-2e132c8143ad-SegmentedRaftLogWorker:Storage Directory /workdir/hadoop-ozone/integration-test/target/test-dir/MiniOzoneClusterImpl-210d6028-2152-4683-81ff-347b0d29bb13/datanode-5/data/ratis/131aa170-30be-469e-9d4d-88d967718bdf] INFO  impl.RoleInfo (RoleInfo.java:shutdownLeaderState(104)) - 431517c4-8c09-4790-b37b-2e132c8143ad: shutdown LeaderState
2019-09-19 14:21:34,060 [306a7a99-f2a5-4f40-b42b-2fc2def08a6a:group-2EC6A4848DE1:LeaderElection116] INFO  impl.RaftServerImpl (ServerState.java:setLeader(263)) - 306a7a99-f2a5-4f40-b42b-2fc2def08a6a:group-2EC6A4848DE1 change Leader from null to 306a7a99-f2a5-4f40-b42b-2fc2def08a6a at term 1 for becomeLeader, leader elected after 11119ms
2019-09-19 14:21:34,060 [85c6a9f3-b9a5-43a5-ac4f-9aa7bd5f2263:group-1487A2604F1B:LeaderElection121] INFO  server.RaftServerConfigKeys (ConfUtils.java:logGet(43)) - raft.server.staging.catchup.gap = 1000 (default)
2019-09-19 14:21:34,061 [85c6a9f3-b9a5-43a5-ac4f-9aa7bd5f2263:group-1487A2604F1B:LeaderElection121] INFO  server.RaftServerConfigKeys (ConfUtils.java:logGet(43)) - raft.server.rpc.sleep.time = 25ms (default)
2019-09-19 14:21:34,060 [6403e584-2209-453b-b79e-eeb0a7b58516:group-1FE216233206:LeaderElection112] INFO  server.RaftServerConfigKeys (ConfUtils.java:logGet(43)) - raft.server.write.element-limit = 4096 (default)
2019-09-19 14:21:34,060 [85c6a9f3-b9a5-43a5-ac4f-9aa7bd5f2263:group-761A2A37A56F:LeaderElection120] INFO  server.RaftServerConfigKeys (ConfUtils.java:logGet(43)) - raft.server.staging.catchup.gap = 1000 (default)
2019-09-19 14:21:34,059 [6403e584-2209-453b-b79e-eeb0a7b58516:group-CC2CF5BC0391:LeaderElection110] INFO  server.RaftServerConfigKeys (ConfUtils.java:logGet(43)) - raft.server.write.element-limit = 4096 (default)
2019-09-19 14:21:34,059 [85c6a9f3-b9a5-43a5-ac4f-9aa7bd5f2263:group-C7CD4FB69A1A:LeaderElection109] INFO  server.RaftServerConfigKeys (ConfUtils.java:logGet(43)) - raft.server.rpc.sleep.time = 25ms (default)
2019-09-19 14:21:34,059 [6403e584-2209-453b-b79e-eeb0a7b58516:group-CD2933B0793B:LeaderElection111] INFO  server.RaftServerConfigKeys (ConfUtils.java:logGet(43)) - raft.server.write.element-limit = 4096 (default)
2019-09-19 14:21:34,059 [5dfaa0ea-416a-422c-a75d-43311aceb00a:group-8305BCBB96E8:LeaderElection108] INFO  server.RaftServerConfigKeys (ConfUtils.java:logGet(43)) - raft.server.rpc.sleep.time = 25ms (default)
2019-09-19 14:21:34,059 [5dfaa0ea-416a-422c-a75d-43311aceb00a:group-B0A45DC59E65:LeaderElection107] INFO  server.RaftServerConfigKeys (ConfUtils.java:logGet(43)) - raft.server.rpc.sleep.time = 25ms (default)
2019-09-19 14:21:34,059 [5dfaa0ea-416a-422c-a75d-43311aceb00a-SegmentedRaftLogWorker:Storage Directory /workdir/hadoop-ozone/integration-test/target/test-dir/MiniOzoneClusterImpl-210d6028-2152-4683-81ff-347b0d29bb13/datanode-1/data/ratis/13fe9844-3904-43c0-a9d5-28257d859a2f] INFO  impl.StateMachineUpdater (StateMachineUpdater.java:stopAndJoin(115)) - StateMachineUpdater:5dfaa0ea-416a-422c-a75d-43311aceb00a:group-28257D859A2F: set stopIndex = -1
2019-09-19 14:21:34,058 [306a7a99-f2a5-4f40-b42b-2fc2def08a6a:group-3C159E1860AE:LeaderElection115] INFO  server.RaftServerConfigKeys (ConfUtils.java:logGet(43)) - raft.server.write.element-limit = 4096 (default)
2019-09-19 14:21:34,058 [5dfaa0ea-416a-422c-a75d-43311aceb00a:group-1B266AA0B1F2:LeaderElection114] INFO  server.RaftServerConfigKeys (ConfUtils.java:logGet(43)) - raft.server.watch.timeout = 10s (default)
2019-09-19 14:21:34,062 [5dfaa0ea-416a-422c-a75d-43311aceb00a:group-1B266AA0B1F2:LeaderElection114] INFO  server.RaftServerConfigKeys (ConfUtils.java:logGet(43)) - raft.server.watch.timeout.denomination = 1s (default)
2019-09-19 14:21:34,058 [6403e584-2209-453b-b79e-eeb0a7b58516:group-B00340782978:LeaderElection113] INFO  server.RaftServerConfigKeys (ConfUtils.java:logGet(43)) - raft.server.watch.timeout.denomination = 1s (default)
2019-09-19 14:21:34,058 [6403e584-2209-453b-b79e-eeb0a7b58516-SegmentedRaftLogWorker:Storage Directory /workdir/hadoop-ozone/integration-test/target/test-dir/MiniOzoneClusterImpl-210d6028-2152-4683-81ff-347b0d29bb13/datanode-3/data/ratis/3586b59f-de3d-4e52-ba56-cb88c037056f] INFO  impl.RaftServerImpl (ServerState.java:close(394)) - 6403e584-2209-453b-b79e-eeb0a7b58516:group-CB88C037056F closes. The last applied log index is -1
2019-09-19 14:21:34,058 [306a7a99-f2a5-4f40-b42b-2fc2def08a6a:group-1A94FBF18F11:LeaderElection119] INFO  server.RaftServerConfigKeys (ConfUtils.java:logGet(43)) - raft.server.write.element-limit = 4096 (default)
2019-09-19 14:21:34,058 [6403e584-2209-453b-b79e-eeb0a7b58516:group-215A1067754F:LeaderElection117] INFO  server.RaftServerConfigKeys (ConfUtils.java:logGet(43)) - raft.server.rpc.sleep.time = 25ms (default)
2019-09-19 14:21:34,058 [5dfaa0ea-416a-422c-a75d-43311aceb00a:group-23B0D2424888:LeaderElection118] INFO  server.RaftServerConfigKeys (ConfUtils.java:logGet(43)) - raft.server.rpc.sleep.time = 25ms (default)
2019-09-19 14:21:34,057 [306a7a99-f2a5-4f40-b42b-2fc2def08a6a:group-10AA2815E586:LeaderElection104] INFO  server.RaftServerConfigKeys (ConfUtils.java:logGet(43)) - raft.server.watch.timeout.denomination = 1s (default)
2019-09-19 14:21:34,057 [5dfaa0ea-416a-422c-a75d-43311aceb00a-SegmentedRaftLogWorker:Storage Directory /workdir/hadoop-ozone/integration-test/target/test-dir/MiniOzoneClusterImpl-210d6028-2152-4683-81ff-347b0d29bb13/datanode-1/data/ratis/84cf22a1-838d-4eb2-8223-f7c7a6e62060] INFO  segmented.SegmentedRaftLogWorker (SegmentedRaftLogWorker.java:close(228)) - 5dfaa0ea-416a-422c-a75d-43311aceb00a-SegmentedRaftLogWorker:Storage Directory /workdir/hadoop-ozone/integration-test/target/test-dir/MiniOzoneClusterImpl-210d6028-2152-4683-81ff-347b0d29bb13/datanode-1/data/ratis/84cf22a1-838d-4eb2-8223-f7c7a6e62060 close()
2019-09-19 14:21:34,057 [5dfaa0ea-416a-422c-a75d-43311aceb00a-SegmentedRaftLogWorker:Storage Directory /workdir/hadoop-ozone/integration-test/target/test-dir/MiniOzoneClusterImpl-210d6028-2152-4683-81ff-347b0d29bb13/datanode-1/data/ratis/4aa9cad1-5eb6-4efb-98df-03dec9d1ee2c] INFO  segmented.SegmentedRaftLogWorker (SegmentedRaftLogWorker.java:close(228)) - 5dfaa0ea-416a-422c-a75d-43311aceb00a-SegmentedRaftLogWorker:Storage Directory /workdir/hadoop-ozone/integration-test/target/test-dir/MiniOzoneClusterImpl-210d6028-2152-4683-81ff-347b0d29bb13/datanode-1/data/ratis/4aa9cad1-5eb6-4efb-98df-03dec9d1ee2c close()
2019-09-19 14:21:34,057 [5dfaa0ea-416a-422c-a75d-43311aceb00a:group-084D5223D16C:LeaderElection105] INFO  server.RaftServerConfigKeys (ConfUtils.java:logGet(43)) - raft.server.watch.timeout.denomination = 1s (default)
2019-09-19 14:21:34,056 [pool-38-thread-1] INFO  server.RaftServerConfigKeys (ConfUtils.java:logGet(43)) - raft.server.log.appender.install.snapshot.enabled = false (custom)
2019-09-19 14:21:34,056 [6403e584-2209-453b-b79e-eeb0a7b58516-SegmentedRaftLogWorker:Storage Directory /workdir/hadoop-ozone/integration-test/target/test-dir/MiniOzoneClusterImpl-210d6028-2152-4683-81ff-347b0d29bb13/datanode-3/data/ratis/8b554339-c9ca-43e7-acfa-790aa433409b] INFO  impl.StateMachineUpdater (StateMachineUpdater.java:stopAndJoin(115)) - StateMachineUpdater:6403e584-2209-453b-b79e-eeb0a7b58516:group-790AA433409B: set stopIndex = -1
2019-09-19 14:21:34,056 [306a7a99-f2a5-4f40-b42b-2fc2def08a6a-SegmentedRaftLogWorker:Storage Directory /workdir/hadoop-ozone/integration-test/target/test-dir/MiniOzoneClusterImpl-210d6028-2152-4683-81ff-347b0d29bb13/datanode-2/data/ratis/764534ee-6f96-46ad-a922-427a1daf45e9] INFO  util.JmxRegister (JmxRegister.java:unregister(73)) - Successfully un-registered JMX Bean with object name Ratis:service=RaftServer,group=group-427A1DAF45E9,id=306a7a99-f2a5-4f40-b42b-2fc2def08a6a
2019-09-19 14:21:34,056 [5dfaa0ea-416a-422c-a75d-43311aceb00a-SegmentedRaftLogWorker:Storage Directory /workdir/hadoop-ozone/integration-test/target/test-dir/MiniOzoneClusterImpl-210d6028-2152-4683-81ff-347b0d29bb13/datanode-1/data/ratis/496769dc-22e8-488a-90fa-c06398c80b8a] INFO  impl.StateMachineUpdater (StateMachineUpdater.java:stopAndJoin(115)) - StateMachineUpdater:5dfaa0ea-416a-422c-a75d-43311aceb00a:group-C06398C80B8A: set stopIndex = -1
2019-09-19 14:21:34,056 [pool-71-thread-1] INFO  server.RaftServerConfigKeys (ConfUtils.java:logGet(43)) - raft.server.log.appender.install.snapshot.enabled = false (custom)
2019-09-19 14:21:34,055 [85c6a9f3-b9a5-43a5-ac4f-9aa7bd5f2263:group-76218C4363DF:LeaderElection106] INFO  server.RaftServerConfigKeys (ConfUtils.java:logGet(43)) - raft.server.watch.timeout = 10s (default)
2019-09-19 14:21:34,065 [pool-71-thread-1] INFO  impl.RaftServerImpl (ServerState.java:<init>(105)) - 1190b9a7-12b1-4c15-b33e-f7d0a0cd436c:group-2609E2E2A622 ConfigurationManager, init=-1: [5dfaa0ea-416a-422c-a75d-43311aceb00a:192.168.157.226:45629, 6403e584-2209-453b-b79e-eeb0a7b58516:192.168.157.226:35833, 1190b9a7-12b1-4c15-b33e-f7d0a0cd436c:192.168.157.226:34463], old=null, confs=<EMPTY_MAP>
2019-09-19 14:21:34,064 [5dfaa0ea-416a-422c-a75d-43311aceb00a-SegmentedRaftLogWorker:Storage Directory /workdir/hadoop-ozone/integration-test/target/test-dir/MiniOzoneClusterImpl-210d6028-2152-4683-81ff-347b0d29bb13/datanode-1/data/ratis/496769dc-22e8-488a-90fa-c06398c80b8a] INFO  impl.RaftServerImpl (ServerState.java:close(394)) - 5dfaa0ea-416a-422c-a75d-43311aceb00a:group-C06398C80B8A closes. The last applied log index is -1
2019-09-19 14:21:34,064 [306a7a99-f2a5-4f40-b42b-2fc2def08a6a-SegmentedRaftLogWorker:Storage Directory /workdir/hadoop-ozone/integration-test/target/test-dir/MiniOzoneClusterImpl-210d6028-2152-4683-81ff-347b0d29bb13/datanode-2/data/ratis/764534ee-6f96-46ad-a922-427a1daf45e9] INFO  impl.RoleInfo (RoleInfo.java:shutdownLeaderState(104)) - 306a7a99-f2a5-4f40-b42b-2fc2def08a6a: shutdown LeaderState
2019-09-19 14:21:34,064 [6403e584-2209-453b-b79e-eeb0a7b58516-SegmentedRaftLogWorker:Storage Directory /workdir/hadoop-ozone/integration-test/target/test-dir/MiniOzoneClusterImpl-210d6028-2152-4683-81ff-347b0d29bb13/datanode-3/data/ratis/8b554339-c9ca-43e7-acfa-790aa433409b] INFO  impl.RaftServerImpl (ServerState.java:close(394)) - 6403e584-2209-453b-b79e-eeb0a7b58516:group-790AA433409B closes. The last applied log index is -1
2019-09-19 14:21:34,064 [pool-38-thread-1] INFO  impl.RaftServerImpl (ServerState.java:<init>(105)) - 5dfaa0ea-416a-422c-a75d-43311aceb00a:group-2609E2E2A622 ConfigurationManager, init=-1: [5dfaa0ea-416a-422c-a75d-43311aceb00a:192.168.157.226:45629, 6403e584-2209-453b-b79e-eeb0a7b58516:192.168.157.226:35833, 1190b9a7-12b1-4c15-b33e-f7d0a0cd436c:192.168.157.226:34463], old=null, confs=<EMPTY_MAP>
2019-09-19 14:21:34,064 [5dfaa0ea-416a-422c-a75d-43311aceb00a:group-084D5223D16C:LeaderElection105] INFO  server.RaftServerConfigKeys (ConfUtils.java:logGet(43)) - raft.server.watch.element-limit = 65536 (default)
2019-09-19 14:21:34,063 [306a7a99-f2a5-4f40-b42b-2fc2def08a6a:group-10AA2815E586:LeaderElection104] INFO  server.RaftServerConfigKeys (ConfUtils.java:logGet(43)) - raft.server.watch.element-limit = 65536 (default)
2019-09-19 14:21:34,063 [5dfaa0ea-416a-422c-a75d-43311aceb00a:group-23B0D2424888:LeaderElection118] INFO  server.RaftServerConfigKeys (ConfUtils.java:logGet(43)) - raft.server.write.element-limit = 4096 (default)
2019-09-19 14:21:34,063 [6403e584-2209-453b-b79e-eeb0a7b58516:group-215A1067754F:LeaderElection117] INFO  server.RaftServerConfigKeys (ConfUtils.java:logGet(43)) - raft.server.write.element-limit = 4096 (default)
2019-09-19 14:21:34,063 [306a7a99-f2a5-4f40-b42b-2fc2def08a6a:group-1A94FBF18F11:LeaderElection119] INFO  server.RaftServerConfigKeys (ConfUtils.java:logGet(43)) - raft.server.watch.timeout = 10s (default)
2019-09-19 14:21:34,063 [6403e584-2209-453b-b79e-eeb0a7b58516-SegmentedRaftLogWorker:Storage Directory /workdir/hadoop-ozone/integration-test/target/test-dir/MiniOzoneClusterImpl-210d6028-2152-4683-81ff-347b0d29bb13/datanode-3/data/ratis/3586b59f-de3d-4e52-ba56-cb88c037056f] INFO  segmented.SegmentedRaftLogWorker (SegmentedRaftLogWorker.java:close(228)) - 6403e584-2209-453b-b79e-eeb0a7b58516-SegmentedRaftLogWorker:Storage Directory /workdir/hadoop-ozone/integration-test/target/test-dir/MiniOzoneClusterImpl-210d6028-2152-4683-81ff-347b0d29bb13/datanode-3/data/ratis/3586b59f-de3d-4e52-ba56-cb88c037056f close()
2019-09-19 14:21:34,063 [6403e584-2209-453b-b79e-eeb0a7b58516:group-B00340782978:LeaderElection113] INFO  server.RaftServerConfigKeys (ConfUtils.java:logGet(43)) - raft.server.watch.element-limit = 65536 (default)
2019-09-19 14:21:34,062 [5dfaa0ea-416a-422c-a75d-43311aceb00a:group-1B266AA0B1F2:LeaderElection114] INFO  server.RaftServerConfigKeys (ConfUtils.java:logGet(43)) - raft.server.watch.element-limit = 65536 (default)
2019-09-19 14:21:34,062 [306a7a99-f2a5-4f40-b42b-2fc2def08a6a:group-3C159E1860AE:LeaderElection115] INFO  server.RaftServerConfigKeys (ConfUtils.java:logGet(43)) - raft.server.watch.timeout = 10s (default)
2019-09-19 14:21:34,062 [pool-60-thread-1] INFO  storage.RaftStorage (RaftStorage.java:format(72)) - Storage directory /workdir/hadoop-ozone/integration-test/target/test-dir/MiniOzoneClusterImpl-210d6028-2152-4683-81ff-347b0d29bb13/datanode-3/data/ratis/7486c150-856a-4ca9-9876-bc6162215a45 has been successfully formatted.
2019-09-19 14:21:34,062 [5dfaa0ea-416a-422c-a75d-43311aceb00a-SegmentedRaftLogWorker:Storage Directory /workdir/hadoop-ozone/integration-test/target/test-dir/MiniOzoneClusterImpl-210d6028-2152-4683-81ff-347b0d29bb13/datanode-1/data/ratis/13fe9844-3904-43c0-a9d5-28257d859a2f] INFO  impl.RaftServerImpl (ServerState.java:close(394)) - 5dfaa0ea-416a-422c-a75d-43311aceb00a:group-28257D859A2F closes. The last applied log index is -1
2019-09-19 14:21:34,062 [5dfaa0ea-416a-422c-a75d-43311aceb00a:group-B0A45DC59E65:LeaderElection107] INFO  server.RaftServerConfigKeys (ConfUtils.java:logGet(43)) - raft.server.write.element-limit = 4096 (default)
2019-09-19 14:21:34,062 [5dfaa0ea-416a-422c-a75d-43311aceb00a:group-8305BCBB96E8:LeaderElection108] INFO  server.RaftServerConfigKeys (ConfUtils.java:logGet(43)) - raft.server.write.element-limit = 4096 (default)
2019-09-19 14:21:34,062 [6403e584-2209-453b-b79e-eeb0a7b58516:group-CD2933B0793B:LeaderElection111] INFO  server.RaftServerConfigKeys (ConfUtils.java:logGet(43)) - raft.server.watch.timeout = 10s (default)
2019-09-19 14:21:34,062 [85c6a9f3-b9a5-43a5-ac4f-9aa7bd5f2263:group-C7CD4FB69A1A:LeaderElection109] INFO  server.RaftServerConfigKeys (ConfUtils.java:logGet(43)) - raft.server.write.element-limit = 4096 (default)
2019-09-19 14:21:34,061 [6403e584-2209-453b-b79e-eeb0a7b58516:group-CC2CF5BC0391:LeaderElection110] INFO  server.RaftServerConfigKeys (ConfUtils.java:logGet(43)) - raft.server.watch.timeout = 10s (default)
2019-09-19 14:21:34,061 [85c6a9f3-b9a5-43a5-ac4f-9aa7bd5f2263:group-761A2A37A56F:LeaderElection120] INFO  server.RaftServerConfigKeys (ConfUtils.java:logGet(43)) - raft.server.rpc.sleep.time = 25ms (default)
2019-09-19 14:21:34,061 [6403e584-2209-453b-b79e-eeb0a7b58516:group-1FE216233206:LeaderElection112] INFO  server.RaftServerConfigKeys (ConfUtils.java:logGet(43)) - raft.server.watch.timeout = 10s (default)
2019-09-19 14:21:34,061 [85c6a9f3-b9a5-43a5-ac4f-9aa7bd5f2263:group-1487A2604F1B:LeaderElection121] INFO  server.RaftServerConfigKeys (ConfUtils.java:logGet(43)) - raft.server.write.element-limit = 4096 (default)
2019-09-19 14:21:34,061 [306a7a99-f2a5-4f40-b42b-2fc2def08a6a:group-2EC6A4848DE1:LeaderElection116] INFO  server.RaftServerConfigKeys (ConfUtils.java:logGet(43)) - raft.server.staging.catchup.gap = 1000 (default)
2019-09-19 14:21:34,061 [431517c4-8c09-4790-b37b-2e132c8143ad-SegmentedRaftLogWorker:Storage Directory /workdir/hadoop-ozone/integration-test/target/test-dir/MiniOzoneClusterImpl-210d6028-2152-4683-81ff-347b0d29bb13/datanode-5/data/ratis/131aa170-30be-469e-9d4d-88d967718bdf] INFO  impl.PendingRequests (PendingRequests.java:sendNotLeaderResponses(202)) - 431517c4-8c09-4790-b37b-2e132c8143ad-PendingRequests: sendNotLeaderResponses
2019-09-19 14:21:34,061 [85c6a9f3-b9a5-43a5-ac4f-9aa7bd5f2263:group-7B227C9559A3:LeaderElection103] INFO  impl.RoleInfo (RoleInfo.java:updateAndGet(143)) - 85c6a9f3-b9a5-43a5-ac4f-9aa7bd5f2263: start LeaderState
2019-09-19 14:21:34,068 [431517c4-8c09-4790-b37b-2e132c8143ad-SegmentedRaftLogWorker:Storage Directory /workdir/hadoop-ozone/integration-test/target/test-dir/MiniOzoneClusterImpl-210d6028-2152-4683-81ff-347b0d29bb13/datanode-5/data/ratis/131aa170-30be-469e-9d4d-88d967718bdf] INFO  impl.StateMachineUpdater (StateMachineUpdater.java:stopAndJoin(115)) - StateMachineUpdater:431517c4-8c09-4790-b37b-2e132c8143ad:group-88D967718BDF: set stopIndex = -1
2019-09-19 14:21:34,068 [306a7a99-f2a5-4f40-b42b-2fc2def08a6a:group-2EC6A4848DE1:LeaderElection116] INFO  server.RaftServerConfigKeys (ConfUtils.java:logGet(43)) - raft.server.rpc.sleep.time = 25ms (default)
2019-09-19 14:21:34,068 [85c6a9f3-b9a5-43a5-ac4f-9aa7bd5f2263:group-1487A2604F1B:LeaderElection121] INFO  server.RaftServerConfigKeys (ConfUtils.java:logGet(43)) - raft.server.watch.timeout = 10s (default)
2019-09-19 14:21:34,068 [6403e584-2209-453b-b79e-eeb0a7b58516:group-1FE216233206:LeaderElection112] INFO  server.RaftServerConfigKeys (ConfUtils.java:logGet(43)) - raft.server.watch.timeout.denomination = 1s (default)
2019-09-19 14:21:34,068 [85c6a9f3-b9a5-43a5-ac4f-9aa7bd5f2263:group-761A2A37A56F:LeaderElection120] INFO  server.RaftServerConfigKeys (ConfUtils.java:logGet(43)) - raft.server.write.element-limit = 4096 (default)
2019-09-19 14:21:34,068 [6403e584-2209-453b-b79e-eeb0a7b58516:group-CC2CF5BC0391:LeaderElection110] INFO  server.RaftServerConfigKeys (ConfUtils.java:logGet(43)) - raft.server.watch.timeout.denomination = 1s (default)
2019-09-19 14:21:34,067 [85c6a9f3-b9a5-43a5-ac4f-9aa7bd5f2263:group-C7CD4FB69A1A:LeaderElection109] INFO  server.RaftServerConfigKeys (ConfUtils.java:logGet(43)) - raft.server.watch.timeout = 10s (default)
2019-09-19 14:21:34,067 [6403e584-2209-453b-b79e-eeb0a7b58516:group-CD2933B0793B:LeaderElection111] INFO  server.RaftServerConfigKeys (ConfUtils.java:logGet(43)) - raft.server.watch.timeout.denomination = 1s (default)
2019-09-19 14:21:34,067 [5dfaa0ea-416a-422c-a75d-43311aceb00a:group-8305BCBB96E8:LeaderElection108] INFO  server.RaftServerConfigKeys (ConfUtils.java:logGet(43)) - raft.server.watch.timeout = 10s (default)
2019-09-19 14:21:34,067 [5dfaa0ea-416a-422c-a75d-43311aceb00a:group-B0A45DC59E65:LeaderElection107] INFO  server.RaftServerConfigKeys (ConfUtils.java:logGet(43)) - raft.server.watch.timeout = 10s (default)
2019-09-19 14:21:34,067 [5dfaa0ea-416a-422c-a75d-43311aceb00a-SegmentedRaftLogWorker:Storage Directory /workdir/hadoop-ozone/integration-test/target/test-dir/MiniOzoneClusterImpl-210d6028-2152-4683-81ff-347b0d29bb13/datanode-1/data/ratis/13fe9844-3904-43c0-a9d5-28257d859a2f] INFO  segmented.SegmentedRaftLogWorker (SegmentedRaftLogWorker.java:close(228)) - 5dfaa0ea-416a-422c-a75d-43311aceb00a-SegmentedRaftLogWorker:Storage Directory /workdir/hadoop-ozone/integration-test/target/test-dir/MiniOzoneClusterImpl-210d6028-2152-4683-81ff-347b0d29bb13/datanode-1/data/ratis/13fe9844-3904-43c0-a9d5-28257d859a2f close()
2019-09-19 14:21:34,067 [pool-60-thread-1] INFO  ratis.ContainerStateMachine (ContainerStateMachine.java:loadSnapshot(226)) - group-BC6162215A45: The snapshot info is null. Setting the last applied indexto:(t:0, i:~)
2019-09-19 14:21:34,067 [306a7a99-f2a5-4f40-b42b-2fc2def08a6a:group-3C159E1860AE:LeaderElection115] INFO  server.RaftServerConfigKeys (ConfUtils.java:logGet(43)) - raft.server.watch.timeout.denomination = 1s (default)
2019-09-19 14:21:34,067 [5dfaa0ea-416a-422c-a75d-43311aceb00a:group-1B266AA0B1F2:LeaderElection114] INFO  impl.RoleInfo (RoleInfo.java:updateAndGet(143)) - 5dfaa0ea-416a-422c-a75d-43311aceb00a: start LeaderState
2019-09-19 14:21:34,066 [6403e584-2209-453b-b79e-eeb0a7b58516:group-B00340782978:LeaderElection113] INFO  impl.RoleInfo (RoleInfo.java:updateAndGet(143)) - 6403e584-2209-453b-b79e-eeb0a7b58516: start LeaderState
2019-09-19 14:21:34,066 [306a7a99-f2a5-4f40-b42b-2fc2def08a6a:group-1A94FBF18F11:LeaderElection119] INFO  server.RaftServerConfigKeys (ConfUtils.java:logGet(43)) - raft.server.watch.timeout.denomination = 1s (default)
2019-09-19 14:21:34,066 [6403e584-2209-453b-b79e-eeb0a7b58516:group-215A1067754F:LeaderElection117] INFO  server.RaftServerConfigKeys (ConfUtils.java:logGet(43)) - raft.server.watch.timeout = 10s (default)
2019-09-19 14:21:34,066 [5dfaa0ea-416a-422c-a75d-43311aceb00a:group-23B0D2424888:LeaderElection118] INFO  server.RaftServerConfigKeys (ConfUtils.java:logGet(43)) - raft.server.watch.timeout = 10s (default)
2019-09-19 14:21:34,066 [306a7a99-f2a5-4f40-b42b-2fc2def08a6a:group-10AA2815E586:LeaderElection104] INFO  impl.RoleInfo (RoleInfo.java:updateAndGet(143)) - 306a7a99-f2a5-4f40-b42b-2fc2def08a6a: start LeaderState
2019-09-19 14:21:34,066 [5dfaa0ea-416a-422c-a75d-43311aceb00a:group-084D5223D16C:LeaderElection105] INFO  impl.RoleInfo (RoleInfo.java:updateAndGet(143)) - 5dfaa0ea-416a-422c-a75d-43311aceb00a: start LeaderState
2019-09-19 14:21:34,065 [pool-38-thread-1] INFO  server.RaftServerConfigKeys (ConfUtils.java:logGet(43)) - raft.server.storage.dir = [/workdir/hadoop-ozone/integration-test/target/test-dir/MiniOzoneClusterImpl-210d6028-2152-4683-81ff-347b0d29bb13/datanode-1/data/ratis] (custom)
2019-09-19 14:21:34,065 [6403e584-2209-453b-b79e-eeb0a7b58516-SegmentedRaftLogWorker:Storage Directory /workdir/hadoop-ozone/integration-test/target/test-dir/MiniOzoneClusterImpl-210d6028-2152-4683-81ff-347b0d29bb13/datanode-3/data/ratis/8b554339-c9ca-43e7-acfa-790aa433409b] INFO  segmented.SegmentedRaftLogWorker (SegmentedRaftLogWorker.java:close(228)) - 6403e584-2209-453b-b79e-eeb0a7b58516-SegmentedRaftLogWorker:Storage Directory /workdir/hadoop-ozone/integration-test/target/test-dir/MiniOzoneClusterImpl-210d6028-2152-4683-81ff-347b0d29bb13/datanode-3/data/ratis/8b554339-c9ca-43e7-acfa-790aa433409b close()
2019-09-19 14:21:34,065 [306a7a99-f2a5-4f40-b42b-2fc2def08a6a-SegmentedRaftLogWorker:Storage Directory /workdir/hadoop-ozone/integration-test/target/test-dir/MiniOzoneClusterImpl-210d6028-2152-4683-81ff-347b0d29bb13/datanode-2/data/ratis/764534ee-6f96-46ad-a922-427a1daf45e9] INFO  impl.PendingRequests (PendingRequests.java:sendNotLeaderResponses(202)) - 306a7a99-f2a5-4f40-b42b-2fc2def08a6a-PendingRequests: sendNotLeaderResponses
2019-09-19 14:21:34,065 [5dfaa0ea-416a-422c-a75d-43311aceb00a-SegmentedRaftLogWorker:Storage Directory /workdir/hadoop-ozone/integration-test/target/test-dir/MiniOzoneClusterImpl-210d6028-2152-4683-81ff-347b0d29bb13/datanode-1/data/ratis/496769dc-22e8-488a-90fa-c06398c80b8a] INFO  segmented.SegmentedRaftLogWorker (SegmentedRaftLogWorker.java:close(228)) - 5dfaa0ea-416a-422c-a75d-43311aceb00a-SegmentedRaftLogWorker:Storage Directory /workdir/hadoop-ozone/integration-test/target/test-dir/MiniOzoneClusterImpl-210d6028-2152-4683-81ff-347b0d29bb13/datanode-1/data/ratis/496769dc-22e8-488a-90fa-c06398c80b8a close()
2019-09-19 14:21:34,065 [pool-71-thread-1] INFO  server.RaftServerConfigKeys (ConfUtils.java:logGet(43)) - raft.server.storage.dir = [/workdir/hadoop-ozone/integration-test/target/test-dir/MiniOzoneClusterImpl-210d6028-2152-4683-81ff-347b0d29bb13/datanode-4/data/ratis] (custom)
2019-09-19 14:21:34,065 [85c6a9f3-b9a5-43a5-ac4f-9aa7bd5f2263:group-76218C4363DF:LeaderElection106] INFO  server.RaftServerConfigKeys (ConfUtils.java:logGet(43)) - raft.server.watch.timeout.denomination = 1s (default)
2019-09-19 14:21:34,072 [306a7a99-f2a5-4f40-b42b-2fc2def08a6a-SegmentedRaftLogWorker:Storage Directory /workdir/hadoop-ozone/integration-test/target/test-dir/MiniOzoneClusterImpl-210d6028-2152-4683-81ff-347b0d29bb13/datanode-2/data/ratis/764534ee-6f96-46ad-a922-427a1daf45e9] INFO  impl.StateMachineUpdater (StateMachineUpdater.java:stopAndJoin(115)) - StateMachineUpdater:306a7a99-f2a5-4f40-b42b-2fc2def08a6a:group-427A1DAF45E9: set stopIndex = -1
2019-09-19 14:21:34,072 [pool-71-thread-1] INFO  storage.RaftStorageDirectory (RaftStorageDirectory.java:analyzeStorage(246)) - The storage directory /workdir/hadoop-ozone/integration-test/target/test-dir/MiniOzoneClusterImpl-210d6028-2152-4683-81ff-347b0d29bb13/datanode-4/data/ratis/22959579-8d43-4351-be92-2609e2e2a622 does not exist. Creating ...
2019-09-19 14:21:34,072 [pool-38-thread-1] INFO  storage.RaftStorageDirectory (RaftStorageDirectory.java:analyzeStorage(246)) - The storage directory /workdir/hadoop-ozone/integration-test/target/test-dir/MiniOzoneClusterImpl-210d6028-2152-4683-81ff-347b0d29bb13/datanode-1/data/ratis/22959579-8d43-4351-be92-2609e2e2a622 does not exist. Creating ...
2019-09-19 14:21:34,071 [5dfaa0ea-416a-422c-a75d-43311aceb00a:group-084D5223D16C:LeaderElection105] INFO  segmented.SegmentedRaftLogWorker (SegmentedRaftLogWorker.java:startLogSegment(380)) - 5dfaa0ea-416a-422c-a75d-43311aceb00a-SegmentedRaftLogWorker:Storage Directory /workdir/hadoop-ozone/integration-test/target/test-dir/MiniOzoneClusterImpl-210d6028-2152-4683-81ff-347b0d29bb13/datanode-1/data/ratis/f2426e6c-9470-4bc3-8f40-084d5223d16c: Starting segment from index:0
2019-09-19 14:21:34,071 [306a7a99-f2a5-4f40-b42b-2fc2def08a6a:group-10AA2815E586:LeaderElection104] INFO  segmented.SegmentedRaftLogWorker (SegmentedRaftLogWorker.java:startLogSegment(380)) - 306a7a99-f2a5-4f40-b42b-2fc2def08a6a-SegmentedRaftLogWorker:Storage Directory /workdir/hadoop-ozone/integration-test/target/test-dir/MiniOzoneClusterImpl-210d6028-2152-4683-81ff-347b0d29bb13/datanode-2/data/ratis/fdcdab3e-bf1c-409c-be08-10aa2815e586: Starting segment from index:0
2019-09-19 14:21:34,071 [5dfaa0ea-416a-422c-a75d-43311aceb00a:group-23B0D2424888:LeaderElection118] INFO  server.RaftServerConfigKeys (ConfUtils.java:logGet(43)) - raft.server.watch.timeout.denomination = 1s (default)
2019-09-19 14:21:34,071 [6403e584-2209-453b-b79e-eeb0a7b58516:group-215A1067754F:LeaderElection117] INFO  server.RaftServerConfigKeys (ConfUtils.java:logGet(43)) - raft.server.watch.timeout.denomination = 1s (default)
2019-09-19 14:21:34,071 [306a7a99-f2a5-4f40-b42b-2fc2def08a6a:group-1A94FBF18F11:LeaderElection119] INFO  server.RaftServerConfigKeys (ConfUtils.java:logGet(43)) - raft.server.watch.element-limit = 65536 (default)
2019-09-19 14:21:34,071 [6403e584-2209-453b-b79e-eeb0a7b58516:group-B00340782978:LeaderElection113] INFO  segmented.SegmentedRaftLogWorker (SegmentedRaftLogWorker.java:startLogSegment(380)) - 6403e584-2209-453b-b79e-eeb0a7b58516-SegmentedRaftLogWorker:Storage Directory /workdir/hadoop-ozone/integration-test/target/test-dir/MiniOzoneClusterImpl-210d6028-2152-4683-81ff-347b0d29bb13/datanode-3/data/ratis/0b3635d6-b4fd-44da-8ebd-b00340782978: Starting segment from index:0
2019-09-19 14:21:34,509 | INFO  | SCMAudit | user=jenkins1000 | ip=192.168.157.226 | op=SEND_HEARTBEAT {datanodeUUID=431517c4-8c09-4790-b37b-2e132c8143ad, command=[]} | ret=SUCCESS |  
2019-09-19 14:21:34,509 | INFO  | SCMAudit | user=jenkins1000 | ip=192.168.157.226 | op=SEND_HEARTBEAT {datanodeUUID=56d21ab3-8f6d-44ea-b961-c721a1c09246, command=[]} | ret=SUCCESS |  
2019-09-19 14:21:34,509 | INFO  | SCMAudit | user=jenkins1000 | ip=192.168.157.226 | op=SEND_HEARTBEAT {datanodeUUID=5dfaa0ea-416a-422c-a75d-43311aceb00a, command=[]} | ret=SUCCESS |  
2019-09-19 14:21:34,509 | INFO  | SCMAudit | user=jenkins1000 | ip=192.168.157.226 | op=SEND_HEARTBEAT {datanodeUUID=1190b9a7-12b1-4c15-b33e-f7d0a0cd436c, command=[]} | ret=SUCCESS |  
2019-09-19 14:21:34,509 | INFO  | SCMAudit | user=jenkins1000 | ip=192.168.157.226 | op=SEND_HEARTBEAT {datanodeUUID=85c6a9f3-b9a5-43a5-ac4f-9aa7bd5f2263, command=[]} | ret=SUCCESS |  
2019-09-19 14:21:34,070 [5dfaa0ea-416a-422c-a75d-43311aceb00a:group-1B266AA0B1F2:LeaderElection114] INFO  segmented.SegmentedRaftLogWorker (SegmentedRaftLogWorker.java:startLogSegment(380)) - 5dfaa0ea-416a-422c-a75d-43311aceb00a-SegmentedRaftLogWorker:Storage Directory /workdir/hadoop-ozone/integration-test/target/test-dir/MiniOzoneClusterImpl-210d6028-2152-4683-81ff-347b0d29bb13/datanode-1/data/ratis/e8f29b74-858c-471f-aeba-1b266aa0b1f2: Starting segment from index:0
2019-09-19 14:21:34,070 [306a7a99-f2a5-4f40-b42b-2fc2def08a6a:group-3C159E1860AE:LeaderElection115] INFO  server.RaftServerConfigKeys (ConfUtils.java:logGet(43)) - raft.server.watch.element-limit = 65536 (default)
2019-09-19 14:21:34,070 [pool-60-thread-1] INFO  server.RaftServerConfigKeys (ConfUtils.java:logGet(43)) - raft.server.leader.election.timeout = 120s (custom)
2019-09-19 14:21:34,070 [5dfaa0ea-416a-422c-a75d-43311aceb00a:group-B0A45DC59E65:LeaderElection107] INFO  server.RaftServerConfigKeys (ConfUtils.java:logGet(43)) - raft.server.watch.timeout.denomination = 1s (default)
2019-09-19 14:21:34,883 [306a7a99-f2a5-4f40-b42b-2fc2def08a6a-SegmentedRaftLogWorker:Storage Directory /workdir/hadoop-ozone/integration-test/target/test-dir/MiniOzoneClusterImpl-210d6028-2152-4683-81ff-347b0d29bb13/datanode-2/data/ratis/84094645-514c-48e5-b7dd-4e474d260ed7] ERROR segmented.SegmentedRaftLogWorker (SegmentedRaftLogWorker.java:run(323)) - 306a7a99-f2a5-4f40-b42b-2fc2def08a6a-SegmentedRaftLogWorker:Storage Directory /workdir/hadoop-ozone/integration-test/target/test-dir/MiniOzoneClusterImpl-210d6028-2152-4683-81ff-347b0d29bb13/datanode-2/data/ratis/84094645-514c-48e5-b7dd-4e474d260ed7 hit exception
java.lang.OutOfMemoryError: Direct buffer memory
	at java.nio.Bits.reserveMemory(Bits.java:666)
	at java.nio.DirectByteBuffer.<init>(DirectByteBuffer.java:123)
	at java.nio.ByteBuffer.allocateDirect(ByteBuffer.java:311)
	at org.apache.ratis.server.raftlog.segmented.BufferedWriteChannel.<init>(BufferedWriteChannel.java:41)
	at org.apache.ratis.server.raftlog.segmented.SegmentedRaftLogOutputStream.<init>(SegmentedRaftLogOutputStream.java:72)
	at org.apache.ratis.server.raftlog.segmented.SegmentedRaftLogWorker$StartLogSegment.execute(SegmentedRaftLogWorker.java:566)
	at org.apache.ratis.server.raftlog.segmented.SegmentedRaftLogWorker.run(SegmentedRaftLogWorker.java:289)
	at java.lang.Thread.run(Thread.java:748)
2019-09-19 14:21:34,070 [5dfaa0ea-416a-422c-a75d-43311aceb00a:group-8305BCBB96E8:LeaderElection108] INFO  server.RaftServerConfigKeys (ConfUtils.java:logGet(43)) - raft.server.watch.timeout.denomination = 1s (default)
2019-09-19 14:21:34,884 [5dfaa0ea-416a-422c-a75d-43311aceb00a:group-8305BCBB96E8:LeaderElection108] INFO  server.RaftServerConfigKeys (ConfUtils.java:logGet(43)) - raft.server.watch.element-limit = 65536 (default)
2019-09-19 14:21:34,070 [6403e584-2209-453b-b79e-eeb0a7b58516:group-CD2933B0793B:LeaderElection111] INFO  server.RaftServerConfigKeys (ConfUtils.java:logGet(43)) - raft.server.watch.element-limit = 65536 (default)
2019-09-19 14:21:34,069 [85c6a9f3-b9a5-43a5-ac4f-9aa7bd5f2263:group-C7CD4FB69A1A:LeaderElection109] INFO  server.RaftServerConfigKeys (ConfUtils.java:logGet(43)) - raft.server.watch.timeout.denomination = 1s (default)
2019-09-19 14:21:34,069 [6403e584-2209-453b-b79e-eeb0a7b58516:group-CC2CF5BC0391:LeaderElection110] INFO  server.RaftServerConfigKeys (ConfUtils.java:logGet(43)) - raft.server.watch.element-limit = 65536 (default)
2019-09-19 14:21:34,069 [85c6a9f3-b9a5-43a5-ac4f-9aa7bd5f2263:group-761A2A37A56F:LeaderElection120] INFO  server.RaftServerConfigKeys (ConfUtils.java:logGet(43)) - raft.server.watch.timeout = 10s (default)
2019-09-19 14:21:34,069 [6403e584-2209-453b-b79e-eeb0a7b58516:group-1FE216233206:LeaderElection112] INFO  server.RaftServerConfigKeys (ConfUtils.java:logGet(43)) - raft.server.watch.element-limit = 65536 (default)
2019-09-19 14:21:34,069 [85c6a9f3-b9a5-43a5-ac4f-9aa7bd5f2263:group-1487A2604F1B:LeaderElection121] INFO  server.RaftServerConfigKeys (ConfUtils.java:logGet(43)) - raft.server.watch.timeout.denomination = 1s (default)
2019-09-19 14:21:34,885 [85c6a9f3-b9a5-43a5-ac4f-9aa7bd5f2263:group-1487A2604F1B:LeaderElection121] INFO  server.RaftServerConfigKeys (ConfUtils.java:logGet(43)) - raft.server.watch.element-limit = 65536 (default)
2019-09-19 14:21:34,069 [306a7a99-f2a5-4f40-b42b-2fc2def08a6a:group-2EC6A4848DE1:LeaderElection116] INFO  server.RaftServerConfigKeys (ConfUtils.java:logGet(43)) - raft.server.write.element-limit = 4096 (default)
2019-09-19 14:21:34,069 [431517c4-8c09-4790-b37b-2e132c8143ad-SegmentedRaftLogWorker:Storage Directory /workdir/hadoop-ozone/integration-test/target/test-dir/MiniOzoneClusterImpl-210d6028-2152-4683-81ff-347b0d29bb13/datanode-5/data/ratis/131aa170-30be-469e-9d4d-88d967718bdf] INFO  impl.RaftServerImpl (ServerState.java:close(394)) - 431517c4-8c09-4790-b37b-2e132c8143ad:group-88D967718BDF closes. The last applied log index is -1
2019-09-19 14:21:34,069 [85c6a9f3-b9a5-43a5-ac4f-9aa7bd5f2263:group-7B227C9559A3:LeaderElection103] INFO  segmented.SegmentedRaftLogWorker (SegmentedRaftLogWorker.java:startLogSegment(380)) - 85c6a9f3-b9a5-43a5-ac4f-9aa7bd5f2263-SegmentedRaftLogWorker:Storage Directory /workdir/hadoop-ozone/integration-test/target/test-dir/MiniOzoneClusterImpl-210d6028-2152-4683-81ff-347b0d29bb13/datanode-0/data/ratis/26dce885-032b-45a0-b90e-7b227c9559a3: Starting segment from index:0
2019-09-19 14:21:34,885 [431517c4-8c09-4790-b37b-2e132c8143ad-SegmentedRaftLogWorker:Storage Directory /workdir/hadoop-ozone/integration-test/target/test-dir/MiniOzoneClusterImpl-210d6028-2152-4683-81ff-347b0d29bb13/datanode-5/data/ratis/131aa170-30be-469e-9d4d-88d967718bdf] INFO  segmented.SegmentedRaftLogWorker (SegmentedRaftLogWorker.java:close(228)) - 431517c4-8c09-4790-b37b-2e132c8143ad-SegmentedRaftLogWorker:Storage Directory /workdir/hadoop-ozone/integration-test/target/test-dir/MiniOzoneClusterImpl-210d6028-2152-4683-81ff-347b0d29bb13/datanode-5/data/ratis/131aa170-30be-469e-9d4d-88d967718bdf close()
2019-09-19 14:21:34,885 [306a7a99-f2a5-4f40-b42b-2fc2def08a6a:group-2EC6A4848DE1:LeaderElection116] INFO  server.RaftServerConfigKeys (ConfUtils.java:logGet(43)) - raft.server.watch.timeout = 10s (default)
2019-09-19 14:21:35,087 [85c6a9f3-b9a5-43a5-ac4f-9aa7bd5f2263:group-7B227C9559A3:LeaderElection103] INFO  impl.RaftServerImpl (ServerState.java:setRaftConf(361)) - 85c6a9f3-b9a5-43a5-ac4f-9aa7bd5f2263:group-7B227C9559A3 set configuration 0: [85c6a9f3-b9a5-43a5-ac4f-9aa7bd5f2263:192.168.157.226:45170], old=null at 0
2019-09-19 14:21:34,885 [85c6a9f3-b9a5-43a5-ac4f-9aa7bd5f2263:group-1487A2604F1B:LeaderElection121] INFO  impl.RoleInfo (RoleInfo.java:updateAndGet(143)) - 85c6a9f3-b9a5-43a5-ac4f-9aa7bd5f2263: start LeaderState
2019-09-19 14:21:34,885 [6403e584-2209-453b-b79e-eeb0a7b58516:group-1FE216233206:LeaderElection112] INFO  impl.RoleInfo (RoleInfo.java:updateAndGet(143)) - 6403e584-2209-453b-b79e-eeb0a7b58516: start LeaderState
2019-09-19 14:21:34,885 [85c6a9f3-b9a5-43a5-ac4f-9aa7bd5f2263:group-761A2A37A56F:LeaderElection120] INFO  server.RaftServerConfigKeys (ConfUtils.java:logGet(43)) - raft.server.watch.timeout.denomination = 1s (default)
2019-09-19 14:21:35,088 | INFO  | SCMAudit | user=jenkins1000 | ip=192.168.157.226 | op=SEND_HEARTBEAT {datanodeUUID=306a7a99-f2a5-4f40-b42b-2fc2def08a6a, command=[]} | ret=SUCCESS |  
2019-09-19 14:21:34,885 [6403e584-2209-453b-b79e-eeb0a7b58516:group-CC2CF5BC0391:LeaderElection110] INFO  impl.RoleInfo (RoleInfo.java:updateAndGet(143)) - 6403e584-2209-453b-b79e-eeb0a7b58516: start LeaderState
2019-09-19 14:21:34,884 [85c6a9f3-b9a5-43a5-ac4f-9aa7bd5f2263:group-C7CD4FB69A1A:LeaderElection109] INFO  server.RaftServerConfigKeys (ConfUtils.java:logGet(43)) - raft.server.watch.element-limit = 65536 (default)
2019-09-19 14:21:35,089 | INFO  | SCMAudit | user=jenkins1000 | ip=192.168.157.226 | op=SEND_HEARTBEAT {datanodeUUID=6403e584-2209-453b-b79e-eeb0a7b58516, command=[]} | ret=SUCCESS |  
2019-09-19 14:21:34,884 [6403e584-2209-453b-b79e-eeb0a7b58516:group-CD2933B0793B:LeaderElection111] INFO  impl.RoleInfo (RoleInfo.java:updateAndGet(143)) - 6403e584-2209-453b-b79e-eeb0a7b58516: start LeaderState
2019-09-19 14:21:34,884 [5dfaa0ea-416a-422c-a75d-43311aceb00a:group-8305BCBB96E8:LeaderElection108] INFO  impl.RoleInfo (RoleInfo.java:updateAndGet(143)) - 5dfaa0ea-416a-422c-a75d-43311aceb00a: start LeaderState
2019-09-19 14:21:35,089 [6403e584-2209-453b-b79e-eeb0a7b58516:group-CD2933B0793B:LeaderElection111] INFO  segmented.SegmentedRaftLogWorker (SegmentedRaftLogWorker.java:startLogSegment(380)) - 6403e584-2209-453b-b79e-eeb0a7b58516-SegmentedRaftLogWorker:Storage Directory /workdir/hadoop-ozone/integration-test/target/test-dir/MiniOzoneClusterImpl-210d6028-2152-4683-81ff-347b0d29bb13/datanode-3/data/ratis/c301aed6-ef51-4541-a15a-cd2933b0793b: Starting segment from index:0
2019-09-19 14:21:34,884 [306a7a99-f2a5-4f40-b42b-2fc2def08a6a-SegmentedRaftLogWorker:Storage Directory /workdir/hadoop-ozone/integration-test/target/test-dir/MiniOzoneClusterImpl-210d6028-2152-4683-81ff-347b0d29bb13/datanode-2/data/ratis/84094645-514c-48e5-b7dd-4e474d260ed7] INFO  impl.RaftServerImpl (RaftServerImpl.java:lambda$shutdown$3(245)) - 306a7a99-f2a5-4f40-b42b-2fc2def08a6a: shutdown group-4E474D260ED7
2019-09-19 14:21:34,883 [5dfaa0ea-416a-422c-a75d-43311aceb00a:group-1B266AA0B1F2:LeaderElection114] INFO  impl.RaftServerImpl (ServerState.java:setRaftConf(361)) - 5dfaa0ea-416a-422c-a75d-43311aceb00a:group-1B266AA0B1F2 set configuration 0: [5dfaa0ea-416a-422c-a75d-43311aceb00a:192.168.157.226:45629], old=null at 0
2019-09-19 14:21:34,883 [5dfaa0ea-416a-422c-a75d-43311aceb00a:group-B0A45DC59E65:LeaderElection107] INFO  server.RaftServerConfigKeys (ConfUtils.java:logGet(43)) - raft.server.watch.element-limit = 65536 (default)
2019-09-19 14:21:34,883 [6403e584-2209-453b-b79e-eeb0a7b58516-SegmentedRaftLogWorker:Storage Directory /workdir/hadoop-ozone/integration-test/target/test-dir/MiniOzoneClusterImpl-210d6028-2152-4683-81ff-347b0d29bb13/datanode-3/data/ratis/90f7b1bb-24e3-4def-b5f5-7382cf0ff315] ERROR segmented.SegmentedRaftLogWorker (SegmentedRaftLogWorker.java:run(323)) - 6403e584-2209-453b-b79e-eeb0a7b58516-SegmentedRaftLogWorker:Storage Directory /workdir/hadoop-ozone/integration-test/target/test-dir/MiniOzoneClusterImpl-210d6028-2152-4683-81ff-347b0d29bb13/datanode-3/data/ratis/90f7b1bb-24e3-4def-b5f5-7382cf0ff315 hit exception
java.lang.OutOfMemoryError: Direct buffer memory
	at java.nio.Bits.reserveMemory(Bits.java:666)
	at java.nio.DirectByteBuffer.<init>(DirectByteBuffer.java:123)
	at java.nio.ByteBuffer.allocateDirect(ByteBuffer.java:311)
	at org.apache.ratis.server.raftlog.segmented.BufferedWriteChannel.<init>(BufferedWriteChannel.java:41)
	at org.apache.ratis.server.raftlog.segmented.SegmentedRaftLogOutputStream.<init>(SegmentedRaftLogOutputStream.java:72)
	at org.apache.ratis.server.raftlog.segmented.SegmentedRaftLogWorker$StartLogSegment.execute(SegmentedRaftLogWorker.java:566)
	at org.apache.ratis.server.raftlog.segmented.SegmentedRaftLogWorker.run(SegmentedRaftLogWorker.java:289)
	at java.lang.Thread.run(Thread.java:748)
2019-09-19 14:21:34,883 [pool-60-thread-1] INFO  server.RaftServerConfigKeys (ConfUtils.java:logGet(43)) - raft.server.log.use.memory = false (default)
2019-09-19 14:21:34,883 [306a7a99-f2a5-4f40-b42b-2fc2def08a6a:group-1A94FBF18F11:LeaderElection119] INFO  impl.RoleInfo (RoleInfo.java:updateAndGet(143)) - 306a7a99-f2a5-4f40-b42b-2fc2def08a6a: start LeaderState
2019-09-19 14:21:34,509 [6403e584-2209-453b-b79e-eeb0a7b58516:group-B00340782978:LeaderElection113] INFO  impl.RaftServerImpl (ServerState.java:setRaftConf(361)) - 6403e584-2209-453b-b79e-eeb0a7b58516:group-B00340782978 set configuration 0: [6403e584-2209-453b-b79e-eeb0a7b58516:192.168.157.226:35833], old=null at 0
2019-09-19 14:21:34,883 [306a7a99-f2a5-4f40-b42b-2fc2def08a6a:group-3C159E1860AE:LeaderElection115] INFO  impl.RoleInfo (RoleInfo.java:updateAndGet(143)) - 306a7a99-f2a5-4f40-b42b-2fc2def08a6a: start LeaderState
2019-09-19 14:21:34,679 [6403e584-2209-453b-b79e-eeb0a7b58516-SegmentedRaftLogWorker:Storage Directory /workdir/hadoop-ozone/integration-test/target/test-dir/MiniOzoneClusterImpl-210d6028-2152-4683-81ff-347b0d29bb13/datanode-3/data/ratis/cfcc99eb-c429-422b-a0a7-a99ce1758501] ERROR segmented.SegmentedRaftLogWorker (SegmentedRaftLogWorker.java:run(323)) - 6403e584-2209-453b-b79e-eeb0a7b58516-SegmentedRaftLogWorker:Storage Directory /workdir/hadoop-ozone/integration-test/target/test-dir/MiniOzoneClusterImpl-210d6028-2152-4683-81ff-347b0d29bb13/datanode-3/data/ratis/cfcc99eb-c429-422b-a0a7-a99ce1758501 hit exception
java.lang.OutOfMemoryError: Direct buffer memory
	at java.nio.Bits.reserveMemory(Bits.java:666)
	at java.nio.DirectByteBuffer.<init>(DirectByteBuffer.java:123)
	at java.nio.ByteBuffer.allocateDirect(ByteBuffer.java:311)
	at org.apache.ratis.server.raftlog.segmented.BufferedWriteChannel.<init>(BufferedWriteChannel.java:41)
	at org.apache.ratis.server.raftlog.segmented.SegmentedRaftLogOutputStream.<init>(SegmentedRaftLogOutputStream.java:72)
	at org.apache.ratis.server.raftlog.segmented.SegmentedRaftLogWorker$StartLogSegment.execute(SegmentedRaftLogWorker.java:566)
	at org.apache.ratis.server.raftlog.segmented.SegmentedRaftLogWorker.run(SegmentedRaftLogWorker.java:289)
	at java.lang.Thread.run(Thread.java:748)
2019-09-19 14:21:35,319 [6403e584-2209-453b-b79e-eeb0a7b58516-SegmentedRaftLogWorker:Storage Directory /workdir/hadoop-ozone/integration-test/target/test-dir/MiniOzoneClusterImpl-210d6028-2152-4683-81ff-347b0d29bb13/datanode-3/data/ratis/cfcc99eb-c429-422b-a0a7-a99ce1758501] INFO  impl.RaftServerImpl (RaftServerImpl.java:lambda$shutdown$3(245)) - 6403e584-2209-453b-b79e-eeb0a7b58516: shutdown group-A99CE1758501
2019-09-19 14:21:34,679 [85c6a9f3-b9a5-43a5-ac4f-9aa7bd5f2263-SegmentedRaftLogWorker:Storage Directory /workdir/hadoop-ozone/integration-test/target/test-dir/MiniOzoneClusterImpl-210d6028-2152-4683-81ff-347b0d29bb13/datanode-0/data/ratis/da64c545-5555-4ced-ad9e-de6cb2708fef] ERROR segmented.SegmentedRaftLogWorker (SegmentedRaftLogWorker.java:run(323)) - 85c6a9f3-b9a5-43a5-ac4f-9aa7bd5f2263-SegmentedRaftLogWorker:Storage Directory /workdir/hadoop-ozone/integration-test/target/test-dir/MiniOzoneClusterImpl-210d6028-2152-4683-81ff-347b0d29bb13/datanode-0/data/ratis/da64c545-5555-4ced-ad9e-de6cb2708fef hit exception
java.lang.OutOfMemoryError: Direct buffer memory
	at java.nio.Bits.reserveMemory(Bits.java:666)
	at java.nio.DirectByteBuffer.<init>(DirectByteBuffer.java:123)
	at java.nio.ByteBuffer.allocateDirect(ByteBuffer.java:311)
	at org.apache.ratis.server.raftlog.segmented.BufferedWriteChannel.<init>(BufferedWriteChannel.java:41)
	at org.apache.ratis.server.raftlog.segmented.SegmentedRaftLogOutputStream.<init>(SegmentedRaftLogOutputStream.java:72)
	at org.apache.ratis.server.raftlog.segmented.SegmentedRaftLogWorker$StartLogSegment.execute(SegmentedRaftLogWorker.java:566)
	at org.apache.ratis.server.raftlog.segmented.SegmentedRaftLogWorker.run(SegmentedRaftLogWorker.java:289)
	at java.lang.Thread.run(Thread.java:748)
2019-09-19 14:21:34,679 [306a7a99-f2a5-4f40-b42b-2fc2def08a6a-SegmentedRaftLogWorker:Storage Directory /workdir/hadoop-ozone/integration-test/target/test-dir/MiniOzoneClusterImpl-210d6028-2152-4683-81ff-347b0d29bb13/datanode-2/data/ratis/1ec4bb23-cf9f-43a9-a8f9-f2bda4e60fc6] ERROR segmented.SegmentedRaftLogWorker (SegmentedRaftLogWorker.java:run(323)) - 306a7a99-f2a5-4f40-b42b-2fc2def08a6a-SegmentedRaftLogWorker:Storage Directory /workdir/hadoop-ozone/integration-test/target/test-dir/MiniOzoneClusterImpl-210d6028-2152-4683-81ff-347b0d29bb13/datanode-2/data/ratis/1ec4bb23-cf9f-43a9-a8f9-f2bda4e60fc6 hit exception
java.lang.OutOfMemoryError: Direct buffer memory
	at java.nio.Bits.reserveMemory(Bits.java:666)
	at java.nio.DirectByteBuffer.<init>(DirectByteBuffer.java:123)
	at java.nio.ByteBuffer.allocateDirect(ByteBuffer.java:311)
	at org.apache.ratis.server.raftlog.segmented.BufferedWriteChannel.<init>(BufferedWriteChannel.java:41)
	at org.apache.ratis.server.raftlog.segmented.SegmentedRaftLogOutputStream.<init>(SegmentedRaftLogOutputStream.java:72)
	at org.apache.ratis.server.raftlog.segmented.SegmentedRaftLogWorker$StartLogSegment.execute(SegmentedRaftLogWorker.java:566)
	at org.apache.ratis.server.raftlog.segmented.SegmentedRaftLogWorker.run(SegmentedRaftLogWorker.java:289)
	at java.lang.Thread.run(Thread.java:748)
2019-09-19 14:21:34,329 [306a7a99-f2a5-4f40-b42b-2fc2def08a6a:group-10AA2815E586:LeaderElection104] INFO  impl.RaftServerImpl (ServerState.java:setRaftConf(361)) - 306a7a99-f2a5-4f40-b42b-2fc2def08a6a:group-10AA2815E586 set configuration 0: [306a7a99-f2a5-4f40-b42b-2fc2def08a6a:192.168.157.226:42633], old=null at 0
2019-09-19 14:21:34,329 [6403e584-2209-453b-b79e-eeb0a7b58516:group-215A1067754F:LeaderElection117] INFO  server.RaftServerConfigKeys (ConfUtils.java:logGet(43)) - raft.server.watch.element-limit = 65536 (default)
2019-09-19 14:21:34,328 [pool-38-thread-1] INFO  storage.RaftStorageDirectory (RaftStorageDirectory.java:tryLock(328)) - Lock on /workdir/hadoop-ozone/integration-test/target/test-dir/MiniOzoneClusterImpl-210d6028-2152-4683-81ff-347b0d29bb13/datanode-1/data/ratis/22959579-8d43-4351-be92-2609e2e2a622/in_use.lock acquired by nodename 16198@pr-hdds-1569-swxfz-3172132826
2019-09-19 14:21:34,328 [pool-71-thread-1] INFO  storage.RaftStorageDirectory (RaftStorageDirectory.java:tryLock(328)) - Lock on /workdir/hadoop-ozone/integration-test/target/test-dir/MiniOzoneClusterImpl-210d6028-2152-4683-81ff-347b0d29bb13/datanode-4/data/ratis/22959579-8d43-4351-be92-2609e2e2a622/in_use.lock acquired by nodename 16198@pr-hdds-1569-swxfz-3172132826
2019-09-19 14:21:34,319 [306a7a99-f2a5-4f40-b42b-2fc2def08a6a-SegmentedRaftLogWorker:Storage Directory /workdir/hadoop-ozone/integration-test/target/test-dir/MiniOzoneClusterImpl-210d6028-2152-4683-81ff-347b0d29bb13/datanode-2/data/ratis/e49b5ef4-bea3-4fd5-bafd-4b237a1118dd] ERROR segmented.SegmentedRaftLogWorker (SegmentedRaftLogWorker.java:run(323)) - 306a7a99-f2a5-4f40-b42b-2fc2def08a6a-SegmentedRaftLogWorker:Storage Directory /workdir/hadoop-ozone/integration-test/target/test-dir/MiniOzoneClusterImpl-210d6028-2152-4683-81ff-347b0d29bb13/datanode-2/data/ratis/e49b5ef4-bea3-4fd5-bafd-4b237a1118dd hit exception
java.lang.OutOfMemoryError: Direct buffer memory
	at java.nio.Bits.reserveMemory(Bits.java:666)
	at java.nio.DirectByteBuffer.<init>(DirectByteBuffer.java:123)
	at java.nio.ByteBuffer.allocateDirect(ByteBuffer.java:311)
	at org.apache.ratis.server.raftlog.segmented.BufferedWriteChannel.<init>(BufferedWriteChannel.java:41)
	at org.apache.ratis.server.raftlog.segmented.SegmentedRaftLogOutputStream.<init>(SegmentedRaftLogOutputStream.java:72)
	at org.apache.ratis.server.raftlog.segmented.SegmentedRaftLogWorker$StartLogSegment.execute(SegmentedRaftLogWorker.java:566)
	at org.apache.ratis.server.raftlog.segmented.SegmentedRaftLogWorker.run(SegmentedRaftLogWorker.java:289)
	at java.lang.Thread.run(Thread.java:748)
2019-09-19 14:21:35,320 [306a7a99-f2a5-4f40-b42b-2fc2def08a6a-SegmentedRaftLogWorker:Storage Directory /workdir/hadoop-ozone/integration-test/target/test-dir/MiniOzoneClusterImpl-210d6028-2152-4683-81ff-347b0d29bb13/datanode-2/data/ratis/e49b5ef4-bea3-4fd5-bafd-4b237a1118dd] INFO  impl.RaftServerImpl (RaftServerImpl.java:lambda$shutdown$3(245)) - 306a7a99-f2a5-4f40-b42b-2fc2def08a6a: shutdown group-4B237A1118DD
2019-09-19 14:21:34,073 [5dfaa0ea-416a-422c-a75d-43311aceb00a:group-084D5223D16C:LeaderElection105] INFO  impl.RaftServerImpl (ServerState.java:setRaftConf(361)) - 5dfaa0ea-416a-422c-a75d-43311aceb00a:group-084D5223D16C set configuration 0: [5dfaa0ea-416a-422c-a75d-43311aceb00a:192.168.157.226:45629], old=null at 0
2019-09-19 14:21:34,073 [5dfaa0ea-416a-422c-a75d-43311aceb00a:group-23B0D2424888:LeaderElection118] INFO  server.RaftServerConfigKeys (ConfUtils.java:logGet(43)) - raft.server.watch.element-limit = 65536 (default)
2019-09-19 14:21:34,072 [306a7a99-f2a5-4f40-b42b-2fc2def08a6a-SegmentedRaftLogWorker:Storage Directory /workdir/hadoop-ozone/integration-test/target/test-dir/MiniOzoneClusterImpl-210d6028-2152-4683-81ff-347b0d29bb13/datanode-2/data/ratis/764534ee-6f96-46ad-a922-427a1daf45e9] INFO  impl.RaftServerImpl (ServerState.java:close(394)) - 306a7a99-f2a5-4f40-b42b-2fc2def08a6a:group-427A1DAF45E9 closes. The last applied log index is -1
2019-09-19 14:21:34,072 [85c6a9f3-b9a5-43a5-ac4f-9aa7bd5f2263:group-76218C4363DF:LeaderElection106] INFO  server.RaftServerConfigKeys (ConfUtils.java:logGet(43)) - raft.server.watch.element-limit = 65536 (default)
2019-09-19 14:21:35,321 [306a7a99-f2a5-4f40-b42b-2fc2def08a6a-SegmentedRaftLogWorker:Storage Directory /workdir/hadoop-ozone/integration-test/target/test-dir/MiniOzoneClusterImpl-210d6028-2152-4683-81ff-347b0d29bb13/datanode-2/data/ratis/764534ee-6f96-46ad-a922-427a1daf45e9] INFO  segmented.SegmentedRaftLogWorker (SegmentedRaftLogWorker.java:close(228)) - 306a7a99-f2a5-4f40-b42b-2fc2def08a6a-SegmentedRaftLogWorker:Storage Directory /workdir/hadoop-ozone/integration-test/target/test-dir/MiniOzoneClusterImpl-210d6028-2152-4683-81ff-347b0d29bb13/datanode-2/data/ratis/764534ee-6f96-46ad-a922-427a1daf45e9 close()
2019-09-19 14:21:35,321 [5dfaa0ea-416a-422c-a75d-43311aceb00a:group-23B0D2424888:LeaderElection118] INFO  impl.RoleInfo (RoleInfo.java:updateAndGet(143)) - 5dfaa0ea-416a-422c-a75d-43311aceb00a: start LeaderState
2019-09-19 14:21:35,321 [306a7a99-f2a5-4f40-b42b-2fc2def08a6a-SegmentedRaftLogWorker:Storage Directory /workdir/hadoop-ozone/integration-test/target/test-dir/MiniOzoneClusterImpl-210d6028-2152-4683-81ff-347b0d29bb13/datanode-2/data/ratis/e49b5ef4-bea3-4fd5-bafd-4b237a1118dd] INFO  util.JmxRegister (JmxRegister.java:unregister(73)) - Successfully un-registered JMX Bean with object name Ratis:service=RaftServer,group=group-4B237A1118DD,id=306a7a99-f2a5-4f40-b42b-2fc2def08a6a
2019-09-19 14:21:35,320 [6403e584-2209-453b-b79e-eeb0a7b58516:group-215A1067754F:LeaderElection117] INFO  impl.RoleInfo (RoleInfo.java:updateAndGet(143)) - 6403e584-2209-453b-b79e-eeb0a7b58516: start LeaderState
2019-09-19 14:21:35,319 [306a7a99-f2a5-4f40-b42b-2fc2def08a6a-SegmentedRaftLogWorker:Storage Directory /workdir/hadoop-ozone/integration-test/target/test-dir/MiniOzoneClusterImpl-210d6028-2152-4683-81ff-347b0d29bb13/datanode-2/data/ratis/1ec4bb23-cf9f-43a9-a8f9-f2bda4e60fc6] INFO  impl.RaftServerImpl (RaftServerImpl.java:lambda$shutdown$3(245)) - 306a7a99-f2a5-4f40-b42b-2fc2def08a6a: shutdown group-F2BDA4E60FC6
2019-09-19 14:21:35,319 [85c6a9f3-b9a5-43a5-ac4f-9aa7bd5f2263-SegmentedRaftLogWorker:Storage Directory /workdir/hadoop-ozone/integration-test/target/test-dir/MiniOzoneClusterImpl-210d6028-2152-4683-81ff-347b0d29bb13/datanode-0/data/ratis/da64c545-5555-4ced-ad9e-de6cb2708fef] INFO  impl.RaftServerImpl (RaftServerImpl.java:lambda$shutdown$3(245)) - 85c6a9f3-b9a5-43a5-ac4f-9aa7bd5f2263: shutdown group-DE6CB2708FEF
2019-09-19 14:21:35,319 [6403e584-2209-453b-b79e-eeb0a7b58516-SegmentedRaftLogWorker:Storage Directory /workdir/hadoop-ozone/integration-test/target/test-dir/MiniOzoneClusterImpl-210d6028-2152-4683-81ff-347b0d29bb13/datanode-3/data/ratis/cfcc99eb-c429-422b-a0a7-a99ce1758501] INFO  util.JmxRegister (JmxRegister.java:unregister(73)) - Successfully un-registered JMX Bean with object name Ratis:service=RaftServer,group=group-A99CE1758501,id=6403e584-2209-453b-b79e-eeb0a7b58516
2019-09-19 14:21:35,322 [6403e584-2209-453b-b79e-eeb0a7b58516-SegmentedRaftLogWorker:Storage Directory /workdir/hadoop-ozone/integration-test/target/test-dir/MiniOzoneClusterImpl-210d6028-2152-4683-81ff-347b0d29bb13/datanode-3/data/ratis/cfcc99eb-c429-422b-a0a7-a99ce1758501] INFO  impl.RoleInfo (RoleInfo.java:shutdownLeaderState(104)) - 6403e584-2209-453b-b79e-eeb0a7b58516: shutdown LeaderState
2019-09-19 14:21:35,318 [306a7a99-f2a5-4f40-b42b-2fc2def08a6a:group-3C159E1860AE:LeaderElection115] INFO  segmented.SegmentedRaftLogWorker (SegmentedRaftLogWorker.java:startLogSegment(380)) - 306a7a99-f2a5-4f40-b42b-2fc2def08a6a-SegmentedRaftLogWorker:Storage Directory /workdir/hadoop-ozone/integration-test/target/test-dir/MiniOzoneClusterImpl-210d6028-2152-4683-81ff-347b0d29bb13/datanode-2/data/ratis/50671ad6-48ef-467a-8d2b-3c159e1860ae: Starting segment from index:0
2019-09-19 14:21:35,318 [306a7a99-f2a5-4f40-b42b-2fc2def08a6a:group-1A94FBF18F11:LeaderElection119] INFO  segmented.SegmentedRaftLogWorker (SegmentedRaftLogWorker.java:startLogSegment(380)) - 306a7a99-f2a5-4f40-b42b-2fc2def08a6a-SegmentedRaftLogWorker:Storage Directory /workdir/hadoop-ozone/integration-test/target/test-dir/MiniOzoneClusterImpl-210d6028-2152-4683-81ff-347b0d29bb13/datanode-2/data/ratis/d0c98483-eefe-4d24-a74a-1a94fbf18f11: Starting segment from index:0
2019-09-19 14:21:35,318 [pool-60-thread-1] INFO  server.RaftServerConfigKeys (ConfUtils.java:logGet(43)) - raft.server.log.purge.gap = 1000000 (custom)
2019-09-19 14:21:35,317 [6403e584-2209-453b-b79e-eeb0a7b58516-SegmentedRaftLogWorker:Storage Directory /workdir/hadoop-ozone/integration-test/target/test-dir/MiniOzoneClusterImpl-210d6028-2152-4683-81ff-347b0d29bb13/datanode-3/data/ratis/90f7b1bb-24e3-4def-b5f5-7382cf0ff315] INFO  impl.RaftServerImpl (RaftServerImpl.java:lambda$shutdown$3(245)) - 6403e584-2209-453b-b79e-eeb0a7b58516: shutdown group-7382CF0FF315
2019-09-19 14:21:35,749 | INFO  | SCMAudit | user=jenkins1000 | ip=192.168.157.226 | op=SEND_HEARTBEAT {datanodeUUID=1190b9a7-12b1-4c15-b33e-f7d0a0cd436c, command=[]} | ret=SUCCESS |  
2019-09-19 14:21:35,749 | INFO  | SCMAudit | user=jenkins1000 | ip=192.168.157.226 | op=SEND_HEARTBEAT {datanodeUUID=85c6a9f3-b9a5-43a5-ac4f-9aa7bd5f2263, command=[]} | ret=SUCCESS |  
2019-09-19 14:21:35,749 | INFO  | SCMAudit | user=jenkins1000 | ip=192.168.157.226 | op=SEND_HEARTBEAT {datanodeUUID=5dfaa0ea-416a-422c-a75d-43311aceb00a, command=[]} | ret=SUCCESS |  
2019-09-19 14:21:35,749 | INFO  | SCMAudit | user=jenkins1000 | ip=192.168.157.226 | op=SEND_HEARTBEAT {datanodeUUID=431517c4-8c09-4790-b37b-2e132c8143ad, command=[]} | ret=SUCCESS |  
2019-09-19 14:21:35,090 [5dfaa0ea-416a-422c-a75d-43311aceb00a:group-B0A45DC59E65:LeaderElection107] INFO  impl.RoleInfo (RoleInfo.java:updateAndGet(143)) - 5dfaa0ea-416a-422c-a75d-43311aceb00a: start LeaderState
2019-09-19 14:21:35,090 [306a7a99-f2a5-4f40-b42b-2fc2def08a6a-SegmentedRaftLogWorker:Storage Directory /workdir/hadoop-ozone/integration-test/target/test-dir/MiniOzoneClusterImpl-210d6028-2152-4683-81ff-347b0d29bb13/datanode-2/data/ratis/84094645-514c-48e5-b7dd-4e474d260ed7] INFO  util.JmxRegister (JmxRegister.java:unregister(73)) - Successfully un-registered JMX Bean with object name Ratis:service=RaftServer,group=group-4E474D260ED7,id=306a7a99-f2a5-4f40-b42b-2fc2def08a6a
2019-09-19 14:21:35,750 | INFO  | SCMAudit | user=jenkins1000 | ip=192.168.157.226 | op=SEND_HEARTBEAT {datanodeUUID=56d21ab3-8f6d-44ea-b961-c721a1c09246, command=[]} | ret=SUCCESS |  
2019-09-19 14:21:35,090 [6403e584-2209-453b-b79e-eeb0a7b58516:group-CD2933B0793B:LeaderElection111] INFO  impl.RaftServerImpl (ServerState.java:setRaftConf(361)) - 6403e584-2209-453b-b79e-eeb0a7b58516:group-CD2933B0793B set configuration 0: [6403e584-2209-453b-b79e-eeb0a7b58516:192.168.157.226:35833], old=null at 0
2019-09-19 14:21:35,089 [5dfaa0ea-416a-422c-a75d-43311aceb00a:group-8305BCBB96E8:LeaderElection108] INFO  segmented.SegmentedRaftLogWorker (SegmentedRaftLogWorker.java:startLogSegment(380)) - 5dfaa0ea-416a-422c-a75d-43311aceb00a-SegmentedRaftLogWorker:Storage Directory /workdir/hadoop-ozone/integration-test/target/test-dir/MiniOzoneClusterImpl-210d6028-2152-4683-81ff-347b0d29bb13/datanode-1/data/ratis/e4c39688-a8db-40a4-b840-8305bcbb96e8: Starting segment from index:0
2019-09-19 14:21:35,089 [85c6a9f3-b9a5-43a5-ac4f-9aa7bd5f2263:group-C7CD4FB69A1A:LeaderElection109] INFO  impl.RoleInfo (RoleInfo.java:updateAndGet(143)) - 85c6a9f3-b9a5-43a5-ac4f-9aa7bd5f2263: start LeaderState
2019-09-19 14:21:35,089 [6403e584-2209-453b-b79e-eeb0a7b58516:group-CC2CF5BC0391:LeaderElection110] INFO  segmented.SegmentedRaftLogWorker (SegmentedRaftLogWorker.java:startLogSegment(380)) - 6403e584-2209-453b-b79e-eeb0a7b58516-SegmentedRaftLogWorker:Storage Directory /workdir/hadoop-ozone/integration-test/target/test-dir/MiniOzoneClusterImpl-210d6028-2152-4683-81ff-347b0d29bb13/datanode-3/data/ratis/df77c67f-9530-4bea-a7c1-cc2cf5bc0391: Starting segment from index:0
2019-09-19 14:21:35,088 [85c6a9f3-b9a5-43a5-ac4f-9aa7bd5f2263:group-761A2A37A56F:LeaderElection120] INFO  server.RaftServerConfigKeys (ConfUtils.java:logGet(43)) - raft.server.watch.element-limit = 65536 (default)
2019-09-19 14:21:35,088 [6403e584-2209-453b-b79e-eeb0a7b58516:group-1FE216233206:LeaderElection112] INFO  segmented.SegmentedRaftLogWorker (SegmentedRaftLogWorker.java:startLogSegment(380)) - 6403e584-2209-453b-b79e-eeb0a7b58516-SegmentedRaftLogWorker:Storage Directory /workdir/hadoop-ozone/integration-test/target/test-dir/MiniOzoneClusterImpl-210d6028-2152-4683-81ff-347b0d29bb13/datanode-3/data/ratis/be90b7e2-782d-4aca-876a-1fe216233206: Starting segment from index:0
2019-09-19 14:21:35,088 [85c6a9f3-b9a5-43a5-ac4f-9aa7bd5f2263:group-1487A2604F1B:LeaderElection121] INFO  segmented.SegmentedRaftLogWorker (SegmentedRaftLogWorker.java:startLogSegment(380)) - 85c6a9f3-b9a5-43a5-ac4f-9aa7bd5f2263-SegmentedRaftLogWorker:Storage Directory /workdir/hadoop-ozone/integration-test/target/test-dir/MiniOzoneClusterImpl-210d6028-2152-4683-81ff-347b0d29bb13/datanode-0/data/ratis/fee7dab6-ad62-49ef-b394-1487a2604f1b: Starting segment from index:0
2019-09-19 14:21:36,178 [6403e584-2209-453b-b79e-eeb0a7b58516:group-CC2CF5BC0391:LeaderElection110] INFO  impl.RaftServerImpl (ServerState.java:setRaftConf(361)) - 6403e584-2209-453b-b79e-eeb0a7b58516:group-CC2CF5BC0391 set configuration 0: [6403e584-2209-453b-b79e-eeb0a7b58516:192.168.157.226:35833], old=null at 0
2019-09-19 14:21:35,087 [306a7a99-f2a5-4f40-b42b-2fc2def08a6a:group-2EC6A4848DE1:LeaderElection116] INFO  server.RaftServerConfigKeys (ConfUtils.java:logGet(43)) - raft.server.watch.timeout.denomination = 1s (default)
2019-09-19 14:21:36,540 | INFO  | SCMAudit | user=jenkins1000 | ip=192.168.157.226 | op=SEND_HEARTBEAT {datanodeUUID=6403e584-2209-453b-b79e-eeb0a7b58516, command=[]} | ret=SUCCESS |  
2019-09-19 14:21:36,540 | INFO  | SCMAudit | user=jenkins1000 | ip=192.168.157.226 | op=SEND_HEARTBEAT {datanodeUUID=306a7a99-f2a5-4f40-b42b-2fc2def08a6a, command=[]} | ret=SUCCESS |  
2019-09-19 14:21:35,087 [6403e584-2209-453b-b79e-eeb0a7b58516-SegmentedRaftLogWorker:Storage Directory /workdir/hadoop-ozone/integration-test/target/test-dir/MiniOzoneClusterImpl-210d6028-2152-4683-81ff-347b0d29bb13/datanode-3/data/ratis/e6a40b6e-93be-4431-968a-6df381d064cd] ERROR segmented.SegmentedRaftLogWorker (SegmentedRaftLogWorker.java:run(323)) - 6403e584-2209-453b-b79e-eeb0a7b58516-SegmentedRaftLogWorker:Storage Directory /workdir/hadoop-ozone/integration-test/target/test-dir/MiniOzoneClusterImpl-210d6028-2152-4683-81ff-347b0d29bb13/datanode-3/data/ratis/e6a40b6e-93be-4431-968a-6df381d064cd hit exception
java.lang.OutOfMemoryError: Direct buffer memory
	at java.nio.Bits.reserveMemory(Bits.java:666)
	at java.nio.DirectByteBuffer.<init>(DirectByteBuffer.java:123)
	at java.nio.ByteBuffer.allocateDirect(ByteBuffer.java:311)
	at org.apache.ratis.server.raftlog.segmented.BufferedWriteChannel.<init>(BufferedWriteChannel.java:41)
	at org.apache.ratis.server.raftlog.segmented.SegmentedRaftLogOutputStream.<init>(SegmentedRaftLogOutputStream.java:72)
	at org.apache.ratis.server.raftlog.segmented.SegmentedRaftLogWorker$StartLogSegment.execute(SegmentedRaftLogWorker.java:566)
	at org.apache.ratis.server.raftlog.segmented.SegmentedRaftLogWorker.run(SegmentedRaftLogWorker.java:289)
	at java.lang.Thread.run(Thread.java:748)
2019-09-19 14:21:36,540 [SCM Heartbeat Processing Thread - 0] ERROR node.NodeStateManager (NodeStateManager.java:checkNodesHealth(635)) - Total time spend processing datanode HB's is greater than configured values for datanode heartbeats. Please adjust the heartbeat configs. Time Spend on HB processing: 0 seconds Datanode heartbeat Interval: 100 seconds.
2019-09-19 14:21:36,540 [306a7a99-f2a5-4f40-b42b-2fc2def08a6a-SegmentedRaftLogWorker:Storage Directory /workdir/hadoop-ozone/integration-test/target/test-dir/MiniOzoneClusterImpl-210d6028-2152-4683-81ff-347b0d29bb13/datanode-2/data/ratis/fdcdab3e-bf1c-409c-be08-10aa2815e586] ERROR segmented.SegmentedRaftLogWorker (SegmentedRaftLogWorker.java:run(323)) - 306a7a99-f2a5-4f40-b42b-2fc2def08a6a-SegmentedRaftLogWorker:Storage Directory /workdir/hadoop-ozone/integration-test/target/test-dir/MiniOzoneClusterImpl-210d6028-2152-4683-81ff-347b0d29bb13/datanode-2/data/ratis/fdcdab3e-bf1c-409c-be08-10aa2815e586 hit exception
java.lang.OutOfMemoryError: Direct buffer memory
	at java.nio.Bits.reserveMemory(Bits.java:666)
	at java.nio.DirectByteBuffer.<init>(DirectByteBuffer.java:123)
	at java.nio.ByteBuffer.allocateDirect(ByteBuffer.java:311)
	at org.apache.ratis.server.raftlog.segmented.BufferedWriteChannel.<init>(BufferedWriteChannel.java:41)
	at org.apache.ratis.server.raftlog.segmented.SegmentedRaftLogOutputStream.<init>(SegmentedRaftLogOutputStream.java:72)
	at org.apache.ratis.server.raftlog.segmented.SegmentedRaftLogWorker$StartLogSegment.execute(SegmentedRaftLogWorker.java:566)
	at org.apache.ratis.server.raftlog.segmented.SegmentedRaftLogWorker.run(SegmentedRaftLogWorker.java:289)
	at java.lang.Thread.run(Thread.java:748)
2019-09-19 14:21:36,179 [306a7a99-f2a5-4f40-b42b-2fc2def08a6a:group-2EC6A4848DE1:LeaderElection116] INFO  server.RaftServerConfigKeys (ConfUtils.java:logGet(43)) - raft.server.watch.element-limit = 65536 (default)
2019-09-19 14:21:36,179 [6403e584-2209-453b-b79e-eeb0a7b58516:group-1FE216233206:LeaderElection112] INFO  impl.RaftServerImpl (ServerState.java:setRaftConf(361)) - 6403e584-2209-453b-b79e-eeb0a7b58516:group-1FE216233206 set configuration 0: [6403e584-2209-453b-b79e-eeb0a7b58516:192.168.157.226:35833], old=null at 0
2019-09-19 14:21:36,539 [5dfaa0ea-416a-422c-a75d-43311aceb00a-SegmentedRaftLogWorker:Storage Directory /workdir/hadoop-ozone/integration-test/target/test-dir/MiniOzoneClusterImpl-210d6028-2152-4683-81ff-347b0d29bb13/datanode-1/data/ratis/f2426e6c-9470-4bc3-8f40-084d5223d16c] ERROR segmented.SegmentedRaftLogWorker (SegmentedRaftLogWorker.java:run(323)) - 5dfaa0ea-416a-422c-a75d-43311aceb00a-SegmentedRaftLogWorker:Storage Directory /workdir/hadoop-ozone/integration-test/target/test-dir/MiniOzoneClusterImpl-210d6028-2152-4683-81ff-347b0d29bb13/datanode-1/data/ratis/f2426e6c-9470-4bc3-8f40-084d5223d16c hit exception
java.lang.OutOfMemoryError: Direct buffer memory
	at java.nio.Bits.reserveMemory(Bits.java:666)
	at java.nio.DirectByteBuffer.<init>(DirectByteBuffer.java:123)
	at java.nio.ByteBuffer.allocateDirect(ByteBuffer.java:311)
	at org.apache.ratis.server.raftlog.segmented.BufferedWriteChannel.<init>(BufferedWriteChannel.java:41)
	at org.apache.ratis.server.raftlog.segmented.SegmentedRaftLogOutputStream.<init>(SegmentedRaftLogOutputStream.java:72)
	at org.apache.ratis.server.raftlog.segmented.SegmentedRaftLogWorker$StartLogSegment.execute(SegmentedRaftLogWorker.java:566)
	at org.apache.ratis.server.raftlog.segmented.SegmentedRaftLogWorker.run(SegmentedRaftLogWorker.java:289)
	at java.lang.Thread.run(Thread.java:748)
2019-09-19 14:21:36,179 [85c6a9f3-b9a5-43a5-ac4f-9aa7bd5f2263:group-1487A2604F1B:LeaderElection121] INFO  impl.RaftServerImpl (ServerState.java:setRaftConf(361)) - 85c6a9f3-b9a5-43a5-ac4f-9aa7bd5f2263:group-1487A2604F1B set configuration 0: [85c6a9f3-b9a5-43a5-ac4f-9aa7bd5f2263:192.168.157.226:45170], old=null at 0
2019-09-19 14:21:35,977 [85c6a9f3-b9a5-43a5-ac4f-9aa7bd5f2263:group-761A2A37A56F:LeaderElection120] INFO  impl.RoleInfo (RoleInfo.java:updateAndGet(143)) - 85c6a9f3-b9a5-43a5-ac4f-9aa7bd5f2263: start LeaderState
2019-09-19 14:21:35,976 [85c6a9f3-b9a5-43a5-ac4f-9aa7bd5f2263:group-C7CD4FB69A1A:LeaderElection109] INFO  segmented.SegmentedRaftLogWorker (SegmentedRaftLogWorker.java:startLogSegment(380)) - 85c6a9f3-b9a5-43a5-ac4f-9aa7bd5f2263-SegmentedRaftLogWorker:Storage Directory /workdir/hadoop-ozone/integration-test/target/test-dir/MiniOzoneClusterImpl-210d6028-2152-4683-81ff-347b0d29bb13/datanode-0/data/ratis/ce2be745-8f08-452d-a777-c7cd4fb69a1a: Starting segment from index:0
2019-09-19 14:21:35,976 [RATISCREATEPIPELINE1] ERROR pipeline.RatisPipelineProvider (RatisPipelineProvider.java:lambda$null$2(182)) - Failed invoke Ratis rpc org.apache.hadoop.hdds.scm.pipeline.RatisPipelineProvider$$Lambda$167/58700986@369782fd for 1190b9a7-12b1-4c15-b33e-f7d0a0cd436c
org.apache.ratis.protocol.TimeoutIOException: deadline exceeded after 2996859557ns
	at org.apache.ratis.grpc.GrpcUtil.tryUnwrapException(GrpcUtil.java:82)
	at org.apache.ratis.grpc.GrpcUtil.unwrapException(GrpcUtil.java:75)
	at org.apache.ratis.grpc.client.GrpcClientProtocolClient.blockingCall(GrpcClientProtocolClient.java:169)
	at org.apache.ratis.grpc.client.GrpcClientProtocolClient.groupAdd(GrpcClientProtocolClient.java:138)
	at org.apache.ratis.grpc.client.GrpcClientRpc.sendRequest(GrpcClientRpc.java:94)
	at org.apache.ratis.client.impl.RaftClientImpl.sendRequest(RaftClientImpl.java:279)
	at org.apache.ratis.client.impl.RaftClientImpl.groupAdd(RaftClientImpl.java:206)
	at org.apache.hadoop.hdds.scm.pipeline.RatisPipelineProvider.lambda$initializePipeline$1(RatisPipelineProvider.java:141)
	at org.apache.hadoop.hdds.scm.pipeline.RatisPipelineProvider.lambda$null$2(RatisPipelineProvider.java:178)
	at java.util.stream.ForEachOps$ForEachOp$OfRef.accept(ForEachOps.java:184)
	at java.util.ArrayList$ArrayListSpliterator.forEachRemaining(ArrayList.java:1382)
	at java.util.stream.AbstractPipeline.copyInto(AbstractPipeline.java:482)
	at java.util.stream.ForEachOps$ForEachTask.compute(ForEachOps.java:291)
	at java.util.concurrent.CountedCompleter.exec(CountedCompleter.java:731)
	at java.util.concurrent.ForkJoinTask.doExec(ForkJoinTask.java:289)
	at java.util.concurrent.ForkJoinTask.doInvoke(ForkJoinTask.java:401)
	at java.util.concurrent.ForkJoinTask.invoke(ForkJoinTask.java:734)
	at java.util.stream.ForEachOps$ForEachOp.evaluateParallel(ForEachOps.java:160)
	at java.util.stream.ForEachOps$ForEachOp$OfRef.evaluateParallel(ForEachOps.java:174)
	at java.util.stream.AbstractPipeline.evaluate(AbstractPipeline.java:233)
	at java.util.stream.ReferencePipeline.forEach(ReferencePipeline.java:418)
	at java.util.stream.ReferencePipeline$Head.forEach(ReferencePipeline.java:583)
	at org.apache.hadoop.hdds.scm.pipeline.RatisPipelineProvider.lambda$callRatisRpc$3(RatisPipelineProvider.java:172)
	at java.util.concurrent.ForkJoinTask$AdaptedRunnableAction.exec(ForkJoinTask.java:1386)
	at java.util.concurrent.ForkJoinTask.doExec(ForkJoinTask.java:289)
	at java.util.concurrent.ForkJoinPool$WorkQueue.runTask(ForkJoinPool.java:1056)
	at java.util.concurrent.ForkJoinPool.runWorker(ForkJoinPool.java:1692)
	at java.util.concurrent.ForkJoinWorkerThread.run(ForkJoinWorkerThread.java:157)
Caused by: org.apache.ratis.thirdparty.io.grpc.StatusRuntimeException: DEADLINE_EXCEEDED: deadline exceeded after 2996859557ns
	at org.apache.ratis.thirdparty.io.grpc.stub.ClientCalls.toStatusRuntimeException(ClientCalls.java:233)
	at org.apache.ratis.thirdparty.io.grpc.stub.ClientCalls.getUnchecked(ClientCalls.java:214)
	at org.apache.ratis.thirdparty.io.grpc.stub.ClientCalls.blockingUnaryCall(ClientCalls.java:139)
	at org.apache.ratis.proto.grpc.AdminProtocolServiceGrpc$AdminProtocolServiceBlockingStub.groupManagement(AdminProtocolServiceGrpc.java:274)
	at org.apache.ratis.grpc.client.GrpcClientProtocolClient.lambda$groupAdd$3(GrpcClientProtocolClient.java:140)
	at org.apache.ratis.grpc.client.GrpcClientProtocolClient.blockingCall(GrpcClientProtocolClient.java:167)
	... 25 more
2019-09-19 14:21:36,757 | INFO  | SCMAudit | user=jenkins1000 | ip=192.168.157.226 | op=SEND_HEARTBEAT {datanodeUUID=85c6a9f3-b9a5-43a5-ac4f-9aa7bd5f2263, command=[]} | ret=SUCCESS |  
2019-09-19 14:21:36,757 | INFO  | SCMAudit | user=jenkins1000 | ip=192.168.157.226 | op=SEND_HEARTBEAT {datanodeUUID=5dfaa0ea-416a-422c-a75d-43311aceb00a, command=[]} | ret=SUCCESS |  
2019-09-19 14:21:36,757 | INFO  | SCMAudit | user=jenkins1000 | ip=192.168.157.226 | op=SEND_HEARTBEAT {datanodeUUID=1190b9a7-12b1-4c15-b33e-f7d0a0cd436c, command=[]} | ret=SUCCESS |  
2019-09-19 14:21:36,757 | INFO  | SCMAudit | user=jenkins1000 | ip=192.168.157.226 | op=SEND_HEARTBEAT {datanodeUUID=431517c4-8c09-4790-b37b-2e132c8143ad, command=[]} | ret=SUCCESS |  
2019-09-19 14:21:35,757 [5dfaa0ea-416a-422c-a75d-43311aceb00a:group-8305BCBB96E8:LeaderElection108] INFO  impl.RaftServerImpl (ServerState.java:setRaftConf(361)) - 5dfaa0ea-416a-422c-a75d-43311aceb00a:group-8305BCBB96E8 set configuration 0: [5dfaa0ea-416a-422c-a75d-43311aceb00a:192.168.157.226:45629], old=null at 0
2019-09-19 14:21:36,757 | INFO  | SCMAudit | user=jenkins1000 | ip=192.168.157.226 | op=SEND_HEARTBEAT {datanodeUUID=56d21ab3-8f6d-44ea-b961-c721a1c09246, command=[]} | ret=SUCCESS |  
2019-09-19 14:21:35,751 [RATISCREATEPIPELINE3] ERROR pipeline.RatisPipelineProvider (RatisPipelineProvider.java:lambda$null$2(182)) - Failed invoke Ratis rpc org.apache.hadoop.hdds.scm.pipeline.RatisPipelineProvider$$Lambda$167/58700986@369782fd for 6403e584-2209-453b-b79e-eeb0a7b58516
org.apache.ratis.protocol.TimeoutIOException: deadline exceeded after 2999742836ns
	at org.apache.ratis.grpc.GrpcUtil.tryUnwrapException(GrpcUtil.java:82)
	at org.apache.ratis.grpc.GrpcUtil.unwrapException(GrpcUtil.java:75)
	at org.apache.ratis.grpc.client.GrpcClientProtocolClient.blockingCall(GrpcClientProtocolClient.java:169)
	at org.apache.ratis.grpc.client.GrpcClientProtocolClient.groupAdd(GrpcClientProtocolClient.java:138)
	at org.apache.ratis.grpc.client.GrpcClientRpc.sendRequest(GrpcClientRpc.java:94)
	at org.apache.ratis.client.impl.RaftClientImpl.sendRequest(RaftClientImpl.java:279)
	at org.apache.ratis.client.impl.RaftClientImpl.groupAdd(RaftClientImpl.java:206)
	at org.apache.hadoop.hdds.scm.pipeline.RatisPipelineProvider.lambda$initializePipeline$1(RatisPipelineProvider.java:141)
	at org.apache.hadoop.hdds.scm.pipeline.RatisPipelineProvider.lambda$null$2(RatisPipelineProvider.java:178)
	at java.util.stream.ForEachOps$ForEachOp$OfRef.accept(ForEachOps.java:184)
	at java.util.ArrayList$ArrayListSpliterator.forEachRemaining(ArrayList.java:1382)
	at java.util.stream.AbstractPipeline.copyInto(AbstractPipeline.java:482)
	at java.util.stream.ForEachOps$ForEachTask.compute(ForEachOps.java:291)
	at java.util.concurrent.CountedCompleter.exec(CountedCompleter.java:731)
	at java.util.concurrent.ForkJoinTask.doExec(ForkJoinTask.java:289)
	at java.util.concurrent.ForkJoinPool$WorkQueue.runTask(ForkJoinPool.java:1056)
	at java.util.concurrent.ForkJoinPool.runWorker(ForkJoinPool.java:1692)
	at java.util.concurrent.ForkJoinWorkerThread.run(ForkJoinWorkerThread.java:157)
Caused by: org.apache.ratis.thirdparty.io.grpc.StatusRuntimeException: DEADLINE_EXCEEDED: deadline exceeded after 2999742836ns
	at org.apache.ratis.thirdparty.io.grpc.stub.ClientCalls.toStatusRuntimeException(ClientCalls.java:233)
	at org.apache.ratis.thirdparty.io.grpc.stub.ClientCalls.getUnchecked(ClientCalls.java:214)
	at org.apache.ratis.thirdparty.io.grpc.stub.ClientCalls.blockingUnaryCall(ClientCalls.java:139)
	at org.apache.ratis.proto.grpc.AdminProtocolServiceGrpc$AdminProtocolServiceBlockingStub.groupManagement(AdminProtocolServiceGrpc.java:274)
	at org.apache.ratis.grpc.client.GrpcClientProtocolClient.lambda$groupAdd$3(GrpcClientProtocolClient.java:140)
	at org.apache.ratis.grpc.client.GrpcClientProtocolClient.blockingCall(GrpcClientProtocolClient.java:167)
	... 15 more
2019-09-19 14:21:35,751 [RATISCREATEPIPELINE2] ERROR pipeline.RatisPipelineProvider (RatisPipelineProvider.java:lambda$null$2(182)) - Failed invoke Ratis rpc org.apache.hadoop.hdds.scm.pipeline.RatisPipelineProvider$$Lambda$167/58700986@369782fd for 5dfaa0ea-416a-422c-a75d-43311aceb00a
org.apache.ratis.protocol.TimeoutIOException: deadline exceeded after 2997220591ns
	at org.apache.ratis.grpc.GrpcUtil.tryUnwrapException(GrpcUtil.java:82)
	at org.apache.ratis.grpc.GrpcUtil.unwrapException(GrpcUtil.java:75)
	at org.apache.ratis.grpc.client.GrpcClientProtocolClient.blockingCall(GrpcClientProtocolClient.java:169)
	at org.apache.ratis.grpc.client.GrpcClientProtocolClient.groupAdd(GrpcClientProtocolClient.java:138)
	at org.apache.ratis.grpc.client.GrpcClientRpc.sendRequest(GrpcClientRpc.java:94)
	at org.apache.ratis.client.impl.RaftClientImpl.sendRequest(RaftClientImpl.java:279)
	at org.apache.ratis.client.impl.RaftClientImpl.groupAdd(RaftClientImpl.java:206)
	at org.apache.hadoop.hdds.scm.pipeline.RatisPipelineProvider.lambda$initializePipeline$1(RatisPipelineProvider.java:141)
	at org.apache.hadoop.hdds.scm.pipeline.RatisPipelineProvider.lambda$null$2(RatisPipelineProvider.java:178)
	at java.util.stream.ForEachOps$ForEachOp$OfRef.accept(ForEachOps.java:184)
	at java.util.ArrayList$ArrayListSpliterator.forEachRemaining(ArrayList.java:1382)
	at java.util.stream.AbstractPipeline.copyInto(AbstractPipeline.java:482)
	at java.util.stream.ForEachOps$ForEachTask.compute(ForEachOps.java:291)
	at java.util.concurrent.CountedCompleter.exec(CountedCompleter.java:731)
	at java.util.concurrent.ForkJoinTask.doExec(ForkJoinTask.java:289)
	at java.util.concurrent.ForkJoinPool$WorkQueue.runTask(ForkJoinPool.java:1056)
	at java.util.concurrent.ForkJoinPool.runWorker(ForkJoinPool.java:1692)
	at java.util.concurrent.ForkJoinWorkerThread.run(ForkJoinWorkerThread.java:157)
Caused by: org.apache.ratis.thirdparty.io.grpc.StatusRuntimeException: DEADLINE_EXCEEDED: deadline exceeded after 2997220591ns
	at org.apache.ratis.thirdparty.io.grpc.stub.ClientCalls.toStatusRuntimeException(ClientCalls.java:233)
	at org.apache.ratis.thirdparty.io.grpc.stub.ClientCalls.getUnchecked(ClientCalls.java:214)
	at org.apache.ratis.thirdparty.io.grpc.stub.ClientCalls.blockingUnaryCall(ClientCalls.java:139)
	at org.apache.ratis.proto.grpc.AdminProtocolServiceGrpc$AdminProtocolServiceBlockingStub.groupManagement(AdminProtocolServiceGrpc.java:274)
	at org.apache.ratis.grpc.client.GrpcClientProtocolClient.lambda$groupAdd$3(GrpcClientProtocolClient.java:140)
	at org.apache.ratis.grpc.client.GrpcClientProtocolClient.blockingCall(GrpcClientProtocolClient.java:167)
	... 15 more
2019-09-19 14:21:35,750 [306a7a99-f2a5-4f40-b42b-2fc2def08a6a-SegmentedRaftLogWorker:Storage Directory /workdir/hadoop-ozone/integration-test/target/test-dir/MiniOzoneClusterImpl-210d6028-2152-4683-81ff-347b0d29bb13/datanode-2/data/ratis/84094645-514c-48e5-b7dd-4e474d260ed7] INFO  impl.RoleInfo (RoleInfo.java:shutdownLeaderState(104)) - 306a7a99-f2a5-4f40-b42b-2fc2def08a6a: shutdown LeaderState
2019-09-19 14:21:35,750 [5dfaa0ea-416a-422c-a75d-43311aceb00a:group-B0A45DC59E65:LeaderElection107] INFO  segmented.SegmentedRaftLogWorker (SegmentedRaftLogWorker.java:startLogSegment(380)) - 5dfaa0ea-416a-422c-a75d-43311aceb00a-SegmentedRaftLogWorker:Storage Directory /workdir/hadoop-ozone/integration-test/target/test-dir/MiniOzoneClusterImpl-210d6028-2152-4683-81ff-347b0d29bb13/datanode-1/data/ratis/5b067c44-c03b-4600-aadd-b0a45dc59e65: Starting segment from index:0
2019-09-19 14:21:35,750 [6403e584-2209-453b-b79e-eeb0a7b58516-SegmentedRaftLogWorker:Storage Directory /workdir/hadoop-ozone/integration-test/target/test-dir/MiniOzoneClusterImpl-210d6028-2152-4683-81ff-347b0d29bb13/datanode-3/data/ratis/90f7b1bb-24e3-4def-b5f5-7382cf0ff315] INFO  util.JmxRegister (JmxRegister.java:unregister(73)) - Successfully un-registered JMX Bean with object name Ratis:service=RaftServer,group=group-7382CF0FF315,id=6403e584-2209-453b-b79e-eeb0a7b58516
2019-09-19 14:21:36,761 [6403e584-2209-453b-b79e-eeb0a7b58516-SegmentedRaftLogWorker:Storage Directory /workdir/hadoop-ozone/integration-test/target/test-dir/MiniOzoneClusterImpl-210d6028-2152-4683-81ff-347b0d29bb13/datanode-3/data/ratis/90f7b1bb-24e3-4def-b5f5-7382cf0ff315] INFO  impl.RoleInfo (RoleInfo.java:shutdownLeaderState(104)) - 6403e584-2209-453b-b79e-eeb0a7b58516: shutdown LeaderState
2019-09-19 14:21:35,750 [pool-71-thread-1] INFO  storage.RaftStorage (RaftStorage.java:format(72)) - Storage directory /workdir/hadoop-ozone/integration-test/target/test-dir/MiniOzoneClusterImpl-210d6028-2152-4683-81ff-347b0d29bb13/datanode-4/data/ratis/22959579-8d43-4351-be92-2609e2e2a622 has been successfully formatted.
2019-09-19 14:21:35,750 [pool-38-thread-1] INFO  storage.RaftStorage (RaftStorage.java:format(72)) - Storage directory /workdir/hadoop-ozone/integration-test/target/test-dir/MiniOzoneClusterImpl-210d6028-2152-4683-81ff-347b0d29bb13/datanode-1/data/ratis/22959579-8d43-4351-be92-2609e2e2a622 has been successfully formatted.
2019-09-19 14:21:35,323 [306a7a99-f2a5-4f40-b42b-2fc2def08a6a:group-1A94FBF18F11:LeaderElection119] INFO  impl.RaftServerImpl (ServerState.java:setRaftConf(361)) - 306a7a99-f2a5-4f40-b42b-2fc2def08a6a:group-1A94FBF18F11 set configuration 0: [306a7a99-f2a5-4f40-b42b-2fc2def08a6a:192.168.157.226:42633], old=null at 0
2019-09-19 14:21:35,323 [pool-60-thread-1] INFO  server.RaftServerConfigKeys (ConfUtils.java:logGet(43)) - raft.server.log.appender.buffer.byte-limit = 33554432 (custom)
2019-09-19 14:21:35,323 [306a7a99-f2a5-4f40-b42b-2fc2def08a6a:group-3C159E1860AE:LeaderElection115] INFO  impl.RaftServerImpl (ServerState.java:setRaftConf(361)) - 306a7a99-f2a5-4f40-b42b-2fc2def08a6a:group-3C159E1860AE set configuration 0: [306a7a99-f2a5-4f40-b42b-2fc2def08a6a:192.168.157.226:42633], old=null at 0
2019-09-19 14:21:35,322 [6403e584-2209-453b-b79e-eeb0a7b58516-SegmentedRaftLogWorker:Storage Directory /workdir/hadoop-ozone/integration-test/target/test-dir/MiniOzoneClusterImpl-210d6028-2152-4683-81ff-347b0d29bb13/datanode-3/data/ratis/cfcc99eb-c429-422b-a0a7-a99ce1758501] INFO  impl.PendingRequests (PendingRequests.java:sendNotLeaderResponses(202)) - 6403e584-2209-453b-b79e-eeb0a7b58516-PendingRequests: sendNotLeaderResponses
2019-09-19 14:21:35,322 [85c6a9f3-b9a5-43a5-ac4f-9aa7bd5f2263-SegmentedRaftLogWorker:Storage Directory /workdir/hadoop-ozone/integration-test/target/test-dir/MiniOzoneClusterImpl-210d6028-2152-4683-81ff-347b0d29bb13/datanode-0/data/ratis/da64c545-5555-4ced-ad9e-de6cb2708fef] INFO  util.JmxRegister (JmxRegister.java:unregister(73)) - Successfully un-registered JMX Bean with object name Ratis:service=RaftServer,group=group-DE6CB2708FEF,id=85c6a9f3-b9a5-43a5-ac4f-9aa7bd5f2263
2019-09-19 14:21:36,978 [85c6a9f3-b9a5-43a5-ac4f-9aa7bd5f2263-SegmentedRaftLogWorker:Storage Directory /workdir/hadoop-ozone/integration-test/target/test-dir/MiniOzoneClusterImpl-210d6028-2152-4683-81ff-347b0d29bb13/datanode-0/data/ratis/da64c545-5555-4ced-ad9e-de6cb2708fef] INFO  impl.RoleInfo (RoleInfo.java:shutdownLeaderState(104)) - 85c6a9f3-b9a5-43a5-ac4f-9aa7bd5f2263: shutdown LeaderState
2019-09-19 14:21:35,322 [306a7a99-f2a5-4f40-b42b-2fc2def08a6a-SegmentedRaftLogWorker:Storage Directory /workdir/hadoop-ozone/integration-test/target/test-dir/MiniOzoneClusterImpl-210d6028-2152-4683-81ff-347b0d29bb13/datanode-2/data/ratis/1ec4bb23-cf9f-43a9-a8f9-f2bda4e60fc6] INFO  util.JmxRegister (JmxRegister.java:unregister(73)) - Successfully un-registered JMX Bean with object name Ratis:service=RaftServer,group=group-F2BDA4E60FC6,id=306a7a99-f2a5-4f40-b42b-2fc2def08a6a
2019-09-19 14:21:35,322 [6403e584-2209-453b-b79e-eeb0a7b58516:group-215A1067754F:LeaderElection117] INFO  segmented.SegmentedRaftLogWorker (SegmentedRaftLogWorker.java:startLogSegment(380)) - 6403e584-2209-453b-b79e-eeb0a7b58516-SegmentedRaftLogWorker:Storage Directory /workdir/hadoop-ozone/integration-test/target/test-dir/MiniOzoneClusterImpl-210d6028-2152-4683-81ff-347b0d29bb13/datanode-3/data/ratis/6598e15c-7086-4406-9131-215a1067754f: Starting segment from index:0
2019-09-19 14:21:35,322 [306a7a99-f2a5-4f40-b42b-2fc2def08a6a-SegmentedRaftLogWorker:Storage Directory /workdir/hadoop-ozone/integration-test/target/test-dir/MiniOzoneClusterImpl-210d6028-2152-4683-81ff-347b0d29bb13/datanode-2/data/ratis/e49b5ef4-bea3-4fd5-bafd-4b237a1118dd] INFO  impl.RoleInfo (RoleInfo.java:shutdownLeaderState(104)) - 306a7a99-f2a5-4f40-b42b-2fc2def08a6a: shutdown LeaderState
2019-09-19 14:21:35,322 [5dfaa0ea-416a-422c-a75d-43311aceb00a:group-23B0D2424888:LeaderElection118] INFO  segmented.SegmentedRaftLogWorker (SegmentedRaftLogWorker.java:startLogSegment(380)) - 5dfaa0ea-416a-422c-a75d-43311aceb00a-SegmentedRaftLogWorker:Storage Directory /workdir/hadoop-ozone/integration-test/target/test-dir/MiniOzoneClusterImpl-210d6028-2152-4683-81ff-347b0d29bb13/datanode-1/data/ratis/9d73a938-6846-45b1-8091-23b0d2424888: Starting segment from index:0
2019-09-19 14:21:35,321 [85c6a9f3-b9a5-43a5-ac4f-9aa7bd5f2263:group-76218C4363DF:LeaderElection106] INFO  impl.RoleInfo (RoleInfo.java:updateAndGet(143)) - 85c6a9f3-b9a5-43a5-ac4f-9aa7bd5f2263: start LeaderState
2019-09-19 14:21:36,979 [6403e584-2209-453b-b79e-eeb0a7b58516:group-215A1067754F:LeaderElection117] INFO  impl.RaftServerImpl (ServerState.java:setRaftConf(361)) - 6403e584-2209-453b-b79e-eeb0a7b58516:group-215A1067754F set configuration 0: [6403e584-2209-453b-b79e-eeb0a7b58516:192.168.157.226:35833], old=null at 0
2019-09-19 14:21:36,979 [306a7a99-f2a5-4f40-b42b-2fc2def08a6a-SegmentedRaftLogWorker:Storage Directory /workdir/hadoop-ozone/integration-test/target/test-dir/MiniOzoneClusterImpl-210d6028-2152-4683-81ff-347b0d29bb13/datanode-2/data/ratis/e49b5ef4-bea3-4fd5-bafd-4b237a1118dd] INFO  impl.PendingRequests (PendingRequests.java:sendNotLeaderResponses(202)) - 306a7a99-f2a5-4f40-b42b-2fc2def08a6a-PendingRequests: sendNotLeaderResponses
2019-09-19 14:21:37,195 | INFO  | SCMAudit | user=jenkins1000 | ip=192.168.157.226 | op=SEND_HEARTBEAT {datanodeUUID=306a7a99-f2a5-4f40-b42b-2fc2def08a6a, command=[]} | ret=SUCCESS |  
2019-09-19 14:21:37,195 | INFO  | SCMAudit | user=jenkins1000 | ip=192.168.157.226 | op=SEND_HEARTBEAT {datanodeUUID=6403e584-2209-453b-b79e-eeb0a7b58516, command=[]} | ret=SUCCESS |  
2019-09-19 14:21:36,979 [306a7a99-f2a5-4f40-b42b-2fc2def08a6a-SegmentedRaftLogWorker:Storage Directory /workdir/hadoop-ozone/integration-test/target/test-dir/MiniOzoneClusterImpl-210d6028-2152-4683-81ff-347b0d29bb13/datanode-2/data/ratis/1ec4bb23-cf9f-43a9-a8f9-f2bda4e60fc6] INFO  impl.RoleInfo (RoleInfo.java:shutdownLeaderState(104)) - 306a7a99-f2a5-4f40-b42b-2fc2def08a6a: shutdown LeaderState
2019-09-19 14:21:36,978 [85c6a9f3-b9a5-43a5-ac4f-9aa7bd5f2263-SegmentedRaftLogWorker:Storage Directory /workdir/hadoop-ozone/integration-test/target/test-dir/MiniOzoneClusterImpl-210d6028-2152-4683-81ff-347b0d29bb13/datanode-0/data/ratis/da64c545-5555-4ced-ad9e-de6cb2708fef] INFO  impl.PendingRequests (PendingRequests.java:sendNotLeaderResponses(202)) - 85c6a9f3-b9a5-43a5-ac4f-9aa7bd5f2263-PendingRequests: sendNotLeaderResponses
2019-09-19 14:21:36,978 [6403e584-2209-453b-b79e-eeb0a7b58516-SegmentedRaftLogWorker:Storage Directory /workdir/hadoop-ozone/integration-test/target/test-dir/MiniOzoneClusterImpl-210d6028-2152-4683-81ff-347b0d29bb13/datanode-3/data/ratis/cfcc99eb-c429-422b-a0a7-a99ce1758501] INFO  impl.StateMachineUpdater (StateMachineUpdater.java:stopAndJoin(115)) - StateMachineUpdater:6403e584-2209-453b-b79e-eeb0a7b58516:group-A99CE1758501: set stopIndex = -1
2019-09-19 14:21:36,978 [pool-60-thread-1] INFO  server.RaftServerConfigKeys (ConfUtils.java:logGet(43)) - raft.server.log.segment.size.max = 1048576 (custom)
2019-09-19 14:21:36,978 [pool-38-thread-1] INFO  ratis.ContainerStateMachine (ContainerStateMachine.java:loadSnapshot(226)) - group-2609E2E2A622: The snapshot info is null. Setting the last applied indexto:(t:0, i:~)
2019-09-19 14:21:36,977 [pool-71-thread-1] INFO  ratis.ContainerStateMachine (ContainerStateMachine.java:loadSnapshot(226)) - group-2609E2E2A622: The snapshot info is null. Setting the last applied indexto:(t:0, i:~)
2019-09-19 14:21:36,761 [5dfaa0ea-416a-422c-a75d-43311aceb00a:group-B0A45DC59E65:LeaderElection107] INFO  impl.RaftServerImpl (ServerState.java:setRaftConf(361)) - 5dfaa0ea-416a-422c-a75d-43311aceb00a:group-B0A45DC59E65 set configuration 0: [5dfaa0ea-416a-422c-a75d-43311aceb00a:192.168.157.226:45629], old=null at 0
2019-09-19 14:21:36,761 [6403e584-2209-453b-b79e-eeb0a7b58516-SegmentedRaftLogWorker:Storage Directory /workdir/hadoop-ozone/integration-test/target/test-dir/MiniOzoneClusterImpl-210d6028-2152-4683-81ff-347b0d29bb13/datanode-3/data/ratis/90f7b1bb-24e3-4def-b5f5-7382cf0ff315] INFO  impl.PendingRequests (PendingRequests.java:sendNotLeaderResponses(202)) - 6403e584-2209-453b-b79e-eeb0a7b58516-PendingRequests: sendNotLeaderResponses
2019-09-19 14:21:36,761 [RatisPipelineUtilsThread] ERROR pipeline.SCMPipelineManager (SCMPipelineManager.java:createPipeline(161)) - Pipeline creation failed due to exception: 3 exceptions [java.io.IOException: Failed invoke Ratis rpc org.apache.hadoop.hdds.scm.pipeline.RatisPipelineProvider$$Lambda$167/58700986@369782fd for 1190b9a7-12b1-4c15-b33e-f7d0a0cd436c, java.io.IOException: Failed invoke Ratis rpc org.apache.hadoop.hdds.scm.pipeline.RatisPipelineProvider$$Lambda$167/58700986@369782fd for 6403e584-2209-453b-b79e-eeb0a7b58516, java.io.IOException: Failed invoke Ratis rpc org.apache.hadoop.hdds.scm.pipeline.RatisPipelineProvider$$Lambda$167/58700986@369782fd for 5dfaa0ea-416a-422c-a75d-43311aceb00a]
2019-09-19 14:21:36,761 [306a7a99-f2a5-4f40-b42b-2fc2def08a6a-SegmentedRaftLogWorker:Storage Directory /workdir/hadoop-ozone/integration-test/target/test-dir/MiniOzoneClusterImpl-210d6028-2152-4683-81ff-347b0d29bb13/datanode-2/data/ratis/84094645-514c-48e5-b7dd-4e474d260ed7] INFO  impl.PendingRequests (PendingRequests.java:sendNotLeaderResponses(202)) - 306a7a99-f2a5-4f40-b42b-2fc2def08a6a-PendingRequests: sendNotLeaderResponses
2019-09-19 14:21:36,756 [5dfaa0ea-416a-422c-a75d-43311aceb00a-SegmentedRaftLogWorker:Storage Directory /workdir/hadoop-ozone/integration-test/target/test-dir/MiniOzoneClusterImpl-210d6028-2152-4683-81ff-347b0d29bb13/datanode-1/data/ratis/e8f29b74-858c-471f-aeba-1b266aa0b1f2] ERROR segmented.SegmentedRaftLogWorker (SegmentedRaftLogWorker.java:run(323)) - 5dfaa0ea-416a-422c-a75d-43311aceb00a-SegmentedRaftLogWorker:Storage Directory /workdir/hadoop-ozone/integration-test/target/test-dir/MiniOzoneClusterImpl-210d6028-2152-4683-81ff-347b0d29bb13/datanode-1/data/ratis/e8f29b74-858c-471f-aeba-1b266aa0b1f2 hit exception
java.lang.OutOfMemoryError: Direct buffer memory
	at java.nio.Bits.reserveMemory(Bits.java:666)
	at java.nio.DirectByteBuffer.<init>(DirectByteBuffer.java:123)
	at java.nio.ByteBuffer.allocateDirect(ByteBuffer.java:311)
	at org.apache.ratis.server.raftlog.segmented.BufferedWriteChannel.<init>(BufferedWriteChannel.java:41)
	at org.apache.ratis.server.raftlog.segmented.SegmentedRaftLogOutputStream.<init>(SegmentedRaftLogOutputStream.java:72)
	at org.apache.ratis.server.raftlog.segmented.SegmentedRaftLogWorker$StartLogSegment.execute(SegmentedRaftLogWorker.java:566)
	at org.apache.ratis.server.raftlog.segmented.SegmentedRaftLogWorker.run(SegmentedRaftLogWorker.java:289)
	at java.lang.Thread.run(Thread.java:748)
2019-09-19 14:21:36,756 [6403e584-2209-453b-b79e-eeb0a7b58516-SegmentedRaftLogWorker:Storage Directory /workdir/hadoop-ozone/integration-test/target/test-dir/MiniOzoneClusterImpl-210d6028-2152-4683-81ff-347b0d29bb13/datanode-3/data/ratis/0b3635d6-b4fd-44da-8ebd-b00340782978] ERROR segmented.SegmentedRaftLogWorker (SegmentedRaftLogWorker.java:run(323)) - 6403e584-2209-453b-b79e-eeb0a7b58516-SegmentedRaftLogWorker:Storage Directory /workdir/hadoop-ozone/integration-test/target/test-dir/MiniOzoneClusterImpl-210d6028-2152-4683-81ff-347b0d29bb13/datanode-3/data/ratis/0b3635d6-b4fd-44da-8ebd-b00340782978 hit exception
java.lang.OutOfMemoryError: Direct buffer memory
	at java.nio.Bits.reserveMemory(Bits.java:666)
	at java.nio.DirectByteBuffer.<init>(DirectByteBuffer.java:123)
	at java.nio.ByteBuffer.allocateDirect(ByteBuffer.java:311)
	at org.apache.ratis.server.raftlog.segmented.BufferedWriteChannel.<init>(BufferedWriteChannel.java:41)
	at org.apache.ratis.server.raftlog.segmented.SegmentedRaftLogOutputStream.<init>(SegmentedRaftLogOutputStream.java:72)
	at org.apache.ratis.server.raftlog.segmented.SegmentedRaftLogWorker$StartLogSegment.execute(SegmentedRaftLogWorker.java:566)
	at org.apache.ratis.server.raftlog.segmented.SegmentedRaftLogWorker.run(SegmentedRaftLogWorker.java:289)
	at java.lang.Thread.run(Thread.java:748)
2019-09-19 14:21:37,384 [6403e584-2209-453b-b79e-eeb0a7b58516-SegmentedRaftLogWorker:Storage Directory /workdir/hadoop-ozone/integration-test/target/test-dir/MiniOzoneClusterImpl-210d6028-2152-4683-81ff-347b0d29bb13/datanode-3/data/ratis/0b3635d6-b4fd-44da-8ebd-b00340782978] INFO  impl.RaftServerImpl (RaftServerImpl.java:lambda$shutdown$3(245)) - 6403e584-2209-453b-b79e-eeb0a7b58516: shutdown group-B00340782978
2019-09-19 14:21:36,542 [85c6a9f3-b9a5-43a5-ac4f-9aa7bd5f2263:group-C7CD4FB69A1A:LeaderElection109] INFO  impl.RaftServerImpl (ServerState.java:setRaftConf(361)) - 85c6a9f3-b9a5-43a5-ac4f-9aa7bd5f2263:group-C7CD4FB69A1A set configuration 0: [85c6a9f3-b9a5-43a5-ac4f-9aa7bd5f2263:192.168.157.226:45170], old=null at 0
2019-09-19 14:21:36,542 [85c6a9f3-b9a5-43a5-ac4f-9aa7bd5f2263:group-761A2A37A56F:LeaderElection120] INFO  segmented.SegmentedRaftLogWorker (SegmentedRaftLogWorker.java:startLogSegment(380)) - 85c6a9f3-b9a5-43a5-ac4f-9aa7bd5f2263-SegmentedRaftLogWorker:Storage Directory /workdir/hadoop-ozone/integration-test/target/test-dir/MiniOzoneClusterImpl-210d6028-2152-4683-81ff-347b0d29bb13/datanode-0/data/ratis/cd268f70-7f9c-488d-bc94-761a2a37a56f: Starting segment from index:0
2019-09-19 14:21:36,542 [5dfaa0ea-416a-422c-a75d-43311aceb00a-SegmentedRaftLogWorker:Storage Directory /workdir/hadoop-ozone/integration-test/target/test-dir/MiniOzoneClusterImpl-210d6028-2152-4683-81ff-347b0d29bb13/datanode-1/data/ratis/f2426e6c-9470-4bc3-8f40-084d5223d16c] INFO  impl.RaftServerImpl (RaftServerImpl.java:lambda$shutdown$3(245)) - 5dfaa0ea-416a-422c-a75d-43311aceb00a: shutdown group-084D5223D16C
2019-09-19 14:21:36,541 [306a7a99-f2a5-4f40-b42b-2fc2def08a6a:group-2EC6A4848DE1:LeaderElection116] INFO  impl.RoleInfo (RoleInfo.java:updateAndGet(143)) - 306a7a99-f2a5-4f40-b42b-2fc2def08a6a: start LeaderState
2019-09-19 14:21:36,541 [306a7a99-f2a5-4f40-b42b-2fc2def08a6a-SegmentedRaftLogWorker:Storage Directory /workdir/hadoop-ozone/integration-test/target/test-dir/MiniOzoneClusterImpl-210d6028-2152-4683-81ff-347b0d29bb13/datanode-2/data/ratis/fdcdab3e-bf1c-409c-be08-10aa2815e586] INFO  impl.RaftServerImpl (RaftServerImpl.java:lambda$shutdown$3(245)) - 306a7a99-f2a5-4f40-b42b-2fc2def08a6a: shutdown group-10AA2815E586
2019-09-19 14:21:37,388 [306a7a99-f2a5-4f40-b42b-2fc2def08a6a-SegmentedRaftLogWorker:Storage Directory /workdir/hadoop-ozone/integration-test/target/test-dir/MiniOzoneClusterImpl-210d6028-2152-4683-81ff-347b0d29bb13/datanode-2/data/ratis/fdcdab3e-bf1c-409c-be08-10aa2815e586] INFO  util.JmxRegister (JmxRegister.java:unregister(73)) - Successfully un-registered JMX Bean with object name Ratis:service=RaftServer,group=group-10AA2815E586,id=306a7a99-f2a5-4f40-b42b-2fc2def08a6a
2019-09-19 14:21:36,540 [6403e584-2209-453b-b79e-eeb0a7b58516-SegmentedRaftLogWorker:Storage Directory /workdir/hadoop-ozone/integration-test/target/test-dir/MiniOzoneClusterImpl-210d6028-2152-4683-81ff-347b0d29bb13/datanode-3/data/ratis/e6a40b6e-93be-4431-968a-6df381d064cd] INFO  impl.RaftServerImpl (RaftServerImpl.java:lambda$shutdown$3(245)) - 6403e584-2209-453b-b79e-eeb0a7b58516: shutdown group-6DF381D064CD
2019-09-19 14:21:37,388 [306a7a99-f2a5-4f40-b42b-2fc2def08a6a-SegmentedRaftLogWorker:Storage Directory /workdir/hadoop-ozone/integration-test/target/test-dir/MiniOzoneClusterImpl-210d6028-2152-4683-81ff-347b0d29bb13/datanode-2/data/ratis/fdcdab3e-bf1c-409c-be08-10aa2815e586] INFO  impl.RoleInfo (RoleInfo.java:shutdownLeaderState(104)) - 306a7a99-f2a5-4f40-b42b-2fc2def08a6a: shutdown LeaderState
2019-09-19 14:21:37,388 [306a7a99-f2a5-4f40-b42b-2fc2def08a6a:group-2EC6A4848DE1:LeaderElection116] INFO  segmented.SegmentedRaftLogWorker (SegmentedRaftLogWorker.java:startLogSegment(380)) - 306a7a99-f2a5-4f40-b42b-2fc2def08a6a-SegmentedRaftLogWorker:Storage Directory /workdir/hadoop-ozone/integration-test/target/test-dir/MiniOzoneClusterImpl-210d6028-2152-4683-81ff-347b0d29bb13/datanode-2/data/ratis/57ee87bf-25e4-4ce6-a4e4-2ec6a4848de1: Starting segment from index:0
2019-09-19 14:21:37,387 [85c6a9f3-b9a5-43a5-ac4f-9aa7bd5f2263:group-761A2A37A56F:LeaderElection120] INFO  impl.RaftServerImpl (ServerState.java:setRaftConf(361)) - 85c6a9f3-b9a5-43a5-ac4f-9aa7bd5f2263:group-761A2A37A56F set configuration 0: [85c6a9f3-b9a5-43a5-ac4f-9aa7bd5f2263:192.168.157.226:45170], old=null at 0
2019-09-19 14:21:37,385 [5dfaa0ea-416a-422c-a75d-43311aceb00a-SegmentedRaftLogWorker:Storage Directory /workdir/hadoop-ozone/integration-test/target/test-dir/MiniOzoneClusterImpl-210d6028-2152-4683-81ff-347b0d29bb13/datanode-1/data/ratis/f2426e6c-9470-4bc3-8f40-084d5223d16c] INFO  util.JmxRegister (JmxRegister.java:unregister(73)) - Successfully un-registered JMX Bean with object name Ratis:service=RaftServer,group=group-084D5223D16C,id=5dfaa0ea-416a-422c-a75d-43311aceb00a
2019-09-19 14:21:37,384 [6403e584-2209-453b-b79e-eeb0a7b58516-SegmentedRaftLogWorker:Storage Directory /workdir/hadoop-ozone/integration-test/target/test-dir/MiniOzoneClusterImpl-210d6028-2152-4683-81ff-347b0d29bb13/datanode-3/data/ratis/0b3635d6-b4fd-44da-8ebd-b00340782978] INFO  util.JmxRegister (JmxRegister.java:unregister(73)) - Successfully un-registered JMX Bean with object name Ratis:service=RaftServer,group=group-B00340782978,id=6403e584-2209-453b-b79e-eeb0a7b58516
2019-09-19 14:21:37,374 [5dfaa0ea-416a-422c-a75d-43311aceb00a-SegmentedRaftLogWorker:Storage Directory /workdir/hadoop-ozone/integration-test/target/test-dir/MiniOzoneClusterImpl-210d6028-2152-4683-81ff-347b0d29bb13/datanode-1/data/ratis/e8f29b74-858c-471f-aeba-1b266aa0b1f2] INFO  impl.RaftServerImpl (RaftServerImpl.java:lambda$shutdown$3(245)) - 5dfaa0ea-416a-422c-a75d-43311aceb00a: shutdown group-1B266AA0B1F2
2019-09-19 14:21:37,374 [306a7a99-f2a5-4f40-b42b-2fc2def08a6a-SegmentedRaftLogWorker:Storage Directory /workdir/hadoop-ozone/integration-test/target/test-dir/MiniOzoneClusterImpl-210d6028-2152-4683-81ff-347b0d29bb13/datanode-2/data/ratis/84094645-514c-48e5-b7dd-4e474d260ed7] INFO  impl.StateMachineUpdater (StateMachineUpdater.java:stopAndJoin(115)) - StateMachineUpdater:306a7a99-f2a5-4f40-b42b-2fc2def08a6a:group-4E474D260ED7: set stopIndex = -1
2019-09-19 14:21:37,869 | INFO  | SCMAudit | user=jenkins1000 | ip=192.168.157.226 | op=SEND_HEARTBEAT {datanodeUUID=1190b9a7-12b1-4c15-b33e-f7d0a0cd436c, command=[]} | ret=SUCCESS |  
2019-09-19 14:21:37,869 | INFO  | SCMAudit | user=jenkins1000 | ip=192.168.157.226 | op=SEND_HEARTBEAT {datanodeUUID=5dfaa0ea-416a-422c-a75d-43311aceb00a, command=[]} | ret=SUCCESS |  
2019-09-19 14:21:37,869 | INFO  | SCMAudit | user=jenkins1000 | ip=192.168.157.226 | op=SEND_HEARTBEAT {datanodeUUID=85c6a9f3-b9a5-43a5-ac4f-9aa7bd5f2263, command=[]} | ret=SUCCESS |  
2019-09-19 14:21:37,869 | INFO  | SCMAudit | user=jenkins1000 | ip=192.168.157.226 | op=SEND_HEARTBEAT {datanodeUUID=431517c4-8c09-4790-b37b-2e132c8143ad, command=[]} | ret=SUCCESS |  
2019-09-19 14:21:37,374 [6403e584-2209-453b-b79e-eeb0a7b58516-SegmentedRaftLogWorker:Storage Directory /workdir/hadoop-ozone/integration-test/target/test-dir/MiniOzoneClusterImpl-210d6028-2152-4683-81ff-347b0d29bb13/datanode-3/data/ratis/90f7b1bb-24e3-4def-b5f5-7382cf0ff315] INFO  impl.StateMachineUpdater (StateMachineUpdater.java:stopAndJoin(115)) - StateMachineUpdater:6403e584-2209-453b-b79e-eeb0a7b58516:group-7382CF0FF315: set stopIndex = -1
2019-09-19 14:21:37,869 | INFO  | SCMAudit | user=jenkins1000 | ip=192.168.157.226 | op=SEND_HEARTBEAT {datanodeUUID=56d21ab3-8f6d-44ea-b961-c721a1c09246, command=[]} | ret=SUCCESS |  
2019-09-19 14:21:37,869 [6403e584-2209-453b-b79e-eeb0a7b58516-SegmentedRaftLogWorker:Storage Directory /workdir/hadoop-ozone/integration-test/target/test-dir/MiniOzoneClusterImpl-210d6028-2152-4683-81ff-347b0d29bb13/datanode-3/data/ratis/90f7b1bb-24e3-4def-b5f5-7382cf0ff315] INFO  impl.RaftServerImpl (ServerState.java:close(394)) - 6403e584-2209-453b-b79e-eeb0a7b58516:group-7382CF0FF315 closes. The last applied log index is -1
2019-09-19 14:21:37,373 [pool-71-thread-1] INFO  server.RaftServerConfigKeys (ConfUtils.java:logGet(43)) - raft.server.leader.election.timeout = 120s (custom)
2019-09-19 14:21:37,373 [pool-38-thread-1] INFO  server.RaftServerConfigKeys (ConfUtils.java:logGet(43)) - raft.server.leader.election.timeout = 120s (custom)
2019-09-19 14:21:37,373 [pool-60-thread-1] INFO  server.RaftServerConfigKeys (ConfUtils.java:logGet(43)) - raft.server.log.segment.cache.num.max = 2 (custom)
2019-09-19 14:21:37,373 [6403e584-2209-453b-b79e-eeb0a7b58516-SegmentedRaftLogWorker:Storage Directory /workdir/hadoop-ozone/integration-test/target/test-dir/MiniOzoneClusterImpl-210d6028-2152-4683-81ff-347b0d29bb13/datanode-3/data/ratis/cfcc99eb-c429-422b-a0a7-a99ce1758501] INFO  impl.RaftServerImpl (ServerState.java:close(394)) - 6403e584-2209-453b-b79e-eeb0a7b58516:group-A99CE1758501 closes. The last applied log index is -1
2019-09-19 14:21:37,373 [85c6a9f3-b9a5-43a5-ac4f-9aa7bd5f2263-SegmentedRaftLogWorker:Storage Directory /workdir/hadoop-ozone/integration-test/target/test-dir/MiniOzoneClusterImpl-210d6028-2152-4683-81ff-347b0d29bb13/datanode-0/data/ratis/da64c545-5555-4ced-ad9e-de6cb2708fef] INFO  impl.StateMachineUpdater (StateMachineUpdater.java:stopAndJoin(115)) - StateMachineUpdater:85c6a9f3-b9a5-43a5-ac4f-9aa7bd5f2263:group-DE6CB2708FEF: set stopIndex = -1
2019-09-19 14:21:37,871 [6403e584-2209-453b-b79e-eeb0a7b58516-SegmentedRaftLogWorker:Storage Directory /workdir/hadoop-ozone/integration-test/target/test-dir/MiniOzoneClusterImpl-210d6028-2152-4683-81ff-347b0d29bb13/datanode-3/data/ratis/cfcc99eb-c429-422b-a0a7-a99ce1758501] INFO  segmented.SegmentedRaftLogWorker (SegmentedRaftLogWorker.java:close(228)) - 6403e584-2209-453b-b79e-eeb0a7b58516-SegmentedRaftLogWorker:Storage Directory /workdir/hadoop-ozone/integration-test/target/test-dir/MiniOzoneClusterImpl-210d6028-2152-4683-81ff-347b0d29bb13/datanode-3/data/ratis/cfcc99eb-c429-422b-a0a7-a99ce1758501 close()
2019-09-19 14:21:37,372 [306a7a99-f2a5-4f40-b42b-2fc2def08a6a-SegmentedRaftLogWorker:Storage Directory /workdir/hadoop-ozone/integration-test/target/test-dir/MiniOzoneClusterImpl-210d6028-2152-4683-81ff-347b0d29bb13/datanode-2/data/ratis/1ec4bb23-cf9f-43a9-a8f9-f2bda4e60fc6] INFO  impl.PendingRequests (PendingRequests.java:sendNotLeaderResponses(202)) - 306a7a99-f2a5-4f40-b42b-2fc2def08a6a-PendingRequests: sendNotLeaderResponses
2019-09-19 14:21:37,372 [6403e584-2209-453b-b79e-eeb0a7b58516-SegmentedRaftLogWorker:Storage Directory /workdir/hadoop-ozone/integration-test/target/test-dir/MiniOzoneClusterImpl-210d6028-2152-4683-81ff-347b0d29bb13/datanode-3/data/ratis/c301aed6-ef51-4541-a15a-cd2933b0793b] ERROR segmented.SegmentedRaftLogWorker (SegmentedRaftLogWorker.java:run(323)) - 6403e584-2209-453b-b79e-eeb0a7b58516-SegmentedRaftLogWorker:Storage Directory /workdir/hadoop-ozone/integration-test/target/test-dir/MiniOzoneClusterImpl-210d6028-2152-4683-81ff-347b0d29bb13/datanode-3/data/ratis/c301aed6-ef51-4541-a15a-cd2933b0793b hit exception
java.lang.OutOfMemoryError: Direct buffer memory
	at java.nio.Bits.reserveMemory(Bits.java:666)
	at java.nio.DirectByteBuffer.<init>(DirectByteBuffer.java:123)
	at java.nio.ByteBuffer.allocateDirect(ByteBuffer.java:311)
	at org.apache.ratis.server.raftlog.segmented.BufferedWriteChannel.<init>(BufferedWriteChannel.java:41)
	at org.apache.ratis.server.raftlog.segmented.SegmentedRaftLogOutputStream.<init>(SegmentedRaftLogOutputStream.java:72)
	at org.apache.ratis.server.raftlog.segmented.SegmentedRaftLogWorker$StartLogSegment.execute(SegmentedRaftLogWorker.java:566)
	at org.apache.ratis.server.raftlog.segmented.SegmentedRaftLogWorker.run(SegmentedRaftLogWorker.java:289)
	at java.lang.Thread.run(Thread.java:748)
2019-09-19 14:21:37,198 [306a7a99-f2a5-4f40-b42b-2fc2def08a6a-SegmentedRaftLogWorker:Storage Directory /workdir/hadoop-ozone/integration-test/target/test-dir/MiniOzoneClusterImpl-210d6028-2152-4683-81ff-347b0d29bb13/datanode-2/data/ratis/e49b5ef4-bea3-4fd5-bafd-4b237a1118dd] INFO  impl.StateMachineUpdater (StateMachineUpdater.java:stopAndJoin(115)) - StateMachineUpdater:306a7a99-f2a5-4f40-b42b-2fc2def08a6a:group-4B237A1118DD: set stopIndex = -1
2019-09-19 14:21:37,872 [306a7a99-f2a5-4f40-b42b-2fc2def08a6a-SegmentedRaftLogWorker:Storage Directory /workdir/hadoop-ozone/integration-test/target/test-dir/MiniOzoneClusterImpl-210d6028-2152-4683-81ff-347b0d29bb13/datanode-2/data/ratis/e49b5ef4-bea3-4fd5-bafd-4b237a1118dd] INFO  impl.RaftServerImpl (ServerState.java:close(394)) - 306a7a99-f2a5-4f40-b42b-2fc2def08a6a:group-4B237A1118DD closes. The last applied log index is -1
2019-09-19 14:21:37,198 [5dfaa0ea-416a-422c-a75d-43311aceb00a:group-23B0D2424888:LeaderElection118] INFO  impl.RaftServerImpl (ServerState.java:setRaftConf(361)) - 5dfaa0ea-416a-422c-a75d-43311aceb00a:group-23B0D2424888 set configuration 0: [5dfaa0ea-416a-422c-a75d-43311aceb00a:192.168.157.226:45629], old=null at 0
2019-09-19 14:21:37,194 [85c6a9f3-b9a5-43a5-ac4f-9aa7bd5f2263-SegmentedRaftLogWorker:Storage Directory /workdir/hadoop-ozone/integration-test/target/test-dir/MiniOzoneClusterImpl-210d6028-2152-4683-81ff-347b0d29bb13/datanode-0/data/ratis/26dce885-032b-45a0-b90e-7b227c9559a3] ERROR segmented.SegmentedRaftLogWorker (SegmentedRaftLogWorker.java:run(323)) - 85c6a9f3-b9a5-43a5-ac4f-9aa7bd5f2263-SegmentedRaftLogWorker:Storage Directory /workdir/hadoop-ozone/integration-test/target/test-dir/MiniOzoneClusterImpl-210d6028-2152-4683-81ff-347b0d29bb13/datanode-0/data/ratis/26dce885-032b-45a0-b90e-7b227c9559a3 hit exception
java.lang.OutOfMemoryError: Direct buffer memory
	at java.nio.Bits.reserveMemory(Bits.java:666)
	at java.nio.DirectByteBuffer.<init>(DirectByteBuffer.java:123)
	at java.nio.ByteBuffer.allocateDirect(ByteBuffer.java:311)
	at org.apache.ratis.server.raftlog.segmented.BufferedWriteChannel.<init>(BufferedWriteChannel.java:41)
	at org.apache.ratis.server.raftlog.segmented.SegmentedRaftLogOutputStream.<init>(SegmentedRaftLogOutputStream.java:72)
	at org.apache.ratis.server.raftlog.segmented.SegmentedRaftLogWorker$StartLogSegment.execute(SegmentedRaftLogWorker.java:566)
	at org.apache.ratis.server.raftlog.segmented.SegmentedRaftLogWorker.run(SegmentedRaftLogWorker.java:289)
	at java.lang.Thread.run(Thread.java:748)
2019-09-19 14:21:36,979 [85c6a9f3-b9a5-43a5-ac4f-9aa7bd5f2263:group-76218C4363DF:LeaderElection106] INFO  segmented.SegmentedRaftLogWorker (SegmentedRaftLogWorker.java:startLogSegment(380)) - 85c6a9f3-b9a5-43a5-ac4f-9aa7bd5f2263-SegmentedRaftLogWorker:Storage Directory /workdir/hadoop-ozone/integration-test/target/test-dir/MiniOzoneClusterImpl-210d6028-2152-4683-81ff-347b0d29bb13/datanode-0/data/ratis/97d50d87-6ebb-43ce-a31a-76218c4363df: Starting segment from index:0
2019-09-19 14:21:37,873 [85c6a9f3-b9a5-43a5-ac4f-9aa7bd5f2263-SegmentedRaftLogWorker:Storage Directory /workdir/hadoop-ozone/integration-test/target/test-dir/MiniOzoneClusterImpl-210d6028-2152-4683-81ff-347b0d29bb13/datanode-0/data/ratis/26dce885-032b-45a0-b90e-7b227c9559a3] INFO  impl.RaftServerImpl (RaftServerImpl.java:lambda$shutdown$3(245)) - 85c6a9f3-b9a5-43a5-ac4f-9aa7bd5f2263: shutdown group-7B227C9559A3
2019-09-19 14:21:37,872 [grpc-default-executor-1] INFO  impl.RaftServerProxy (RaftServerProxy.java:addNew(89)) - 6403e584-2209-453b-b79e-eeb0a7b58516: addNew group-5B7DDBC4A4BA:[85c6a9f3-b9a5-43a5-ac4f-9aa7bd5f2263:192.168.157.226:45170, 306a7a99-f2a5-4f40-b42b-2fc2def08a6a:192.168.157.226:42633, 6403e584-2209-453b-b79e-eeb0a7b58516:192.168.157.226:35833] returns group-5B7DDBC4A4BA:java.util.concurrent.CompletableFuture@630aa7b6[Not completed]
2019-09-19 14:21:37,873 [85c6a9f3-b9a5-43a5-ac4f-9aa7bd5f2263:group-76218C4363DF:LeaderElection106] INFO  impl.RaftServerImpl (ServerState.java:setRaftConf(361)) - 85c6a9f3-b9a5-43a5-ac4f-9aa7bd5f2263:group-76218C4363DF set configuration 0: [85c6a9f3-b9a5-43a5-ac4f-9aa7bd5f2263:192.168.157.226:45170], old=null at 0
2019-09-19 14:21:37,872 [306a7a99-f2a5-4f40-b42b-2fc2def08a6a-SegmentedRaftLogWorker:Storage Directory /workdir/hadoop-ozone/integration-test/target/test-dir/MiniOzoneClusterImpl-210d6028-2152-4683-81ff-347b0d29bb13/datanode-2/data/ratis/e49b5ef4-bea3-4fd5-bafd-4b237a1118dd] INFO  segmented.SegmentedRaftLogWorker (SegmentedRaftLogWorker.java:close(228)) - 306a7a99-f2a5-4f40-b42b-2fc2def08a6a-SegmentedRaftLogWorker:Storage Directory /workdir/hadoop-ozone/integration-test/target/test-dir/MiniOzoneClusterImpl-210d6028-2152-4683-81ff-347b0d29bb13/datanode-2/data/ratis/e49b5ef4-bea3-4fd5-bafd-4b237a1118dd close()
2019-09-19 14:21:37,872 [pool-27-thread-1] INFO  impl.RaftServerImpl (RaftServerImpl.java:<init>(93)) - 85c6a9f3-b9a5-43a5-ac4f-9aa7bd5f2263: new RaftServerImpl for group-5B7DDBC4A4BA:[85c6a9f3-b9a5-43a5-ac4f-9aa7bd5f2263:192.168.157.226:45170, 306a7a99-f2a5-4f40-b42b-2fc2def08a6a:192.168.157.226:42633, 6403e584-2209-453b-b79e-eeb0a7b58516:192.168.157.226:35833] with ContainerStateMachine:uninitialized
2019-09-19 14:21:37,872 [6403e584-2209-453b-b79e-eeb0a7b58516-SegmentedRaftLogWorker:Storage Directory /workdir/hadoop-ozone/integration-test/target/test-dir/MiniOzoneClusterImpl-210d6028-2152-4683-81ff-347b0d29bb13/datanode-3/data/ratis/c301aed6-ef51-4541-a15a-cd2933b0793b] INFO  impl.RaftServerImpl (RaftServerImpl.java:lambda$shutdown$3(245)) - 6403e584-2209-453b-b79e-eeb0a7b58516: shutdown group-CD2933B0793B
2019-09-19 14:21:37,871 [306a7a99-f2a5-4f40-b42b-2fc2def08a6a-SegmentedRaftLogWorker:Storage Directory /workdir/hadoop-ozone/integration-test/target/test-dir/MiniOzoneClusterImpl-210d6028-2152-4683-81ff-347b0d29bb13/datanode-2/data/ratis/1ec4bb23-cf9f-43a9-a8f9-f2bda4e60fc6] INFO  impl.StateMachineUpdater (StateMachineUpdater.java:stopAndJoin(115)) - StateMachineUpdater:306a7a99-f2a5-4f40-b42b-2fc2def08a6a:group-F2BDA4E60FC6: set stopIndex = -1
2019-09-19 14:21:37,871 [85c6a9f3-b9a5-43a5-ac4f-9aa7bd5f2263-SegmentedRaftLogWorker:Storage Directory /workdir/hadoop-ozone/integration-test/target/test-dir/MiniOzoneClusterImpl-210d6028-2152-4683-81ff-347b0d29bb13/datanode-0/data/ratis/da64c545-5555-4ced-ad9e-de6cb2708fef] INFO  impl.RaftServerImpl (ServerState.java:close(394)) - 85c6a9f3-b9a5-43a5-ac4f-9aa7bd5f2263:group-DE6CB2708FEF closes. The last applied log index is -1
2019-09-19 14:21:37,871 [grpc-default-executor-2] INFO  impl.RaftServerProxy (RaftServerProxy.java:addNew(89)) - 85c6a9f3-b9a5-43a5-ac4f-9aa7bd5f2263: addNew group-5B7DDBC4A4BA:[85c6a9f3-b9a5-43a5-ac4f-9aa7bd5f2263:192.168.157.226:45170, 306a7a99-f2a5-4f40-b42b-2fc2def08a6a:192.168.157.226:42633, 6403e584-2209-453b-b79e-eeb0a7b58516:192.168.157.226:35833] returns group-5B7DDBC4A4BA:java.util.concurrent.CompletableFuture@3f7d28ce[Not completed]
2019-09-19 14:21:37,870 [pool-60-thread-1] INFO  segmented.SegmentedRaftLogWorker (SegmentedRaftLogWorker.java:<init>(172)) - new 6403e584-2209-453b-b79e-eeb0a7b58516-SegmentedRaftLogWorker:Storage Directory /workdir/hadoop-ozone/integration-test/target/test-dir/MiniOzoneClusterImpl-210d6028-2152-4683-81ff-347b0d29bb13/datanode-3/data/ratis/7486c150-856a-4ca9-9876-bc6162215a45 for RaftStorage:Storage Directory /workdir/hadoop-ozone/integration-test/target/test-dir/MiniOzoneClusterImpl-210d6028-2152-4683-81ff-347b0d29bb13/datanode-3/data/ratis/7486c150-856a-4ca9-9876-bc6162215a45
2019-09-19 14:21:37,870 [pool-38-thread-1] INFO  server.RaftServerConfigKeys (ConfUtils.java:logGet(43)) - raft.server.log.use.memory = false (default)
2019-09-19 14:21:37,870 [pool-71-thread-1] INFO  server.RaftServerConfigKeys (ConfUtils.java:logGet(43)) - raft.server.log.use.memory = false (default)
2019-09-19 14:21:37,870 [6403e584-2209-453b-b79e-eeb0a7b58516-SegmentedRaftLogWorker:Storage Directory /workdir/hadoop-ozone/integration-test/target/test-dir/MiniOzoneClusterImpl-210d6028-2152-4683-81ff-347b0d29bb13/datanode-3/data/ratis/90f7b1bb-24e3-4def-b5f5-7382cf0ff315] INFO  segmented.SegmentedRaftLogWorker (SegmentedRaftLogWorker.java:close(228)) - 6403e584-2209-453b-b79e-eeb0a7b58516-SegmentedRaftLogWorker:Storage Directory /workdir/hadoop-ozone/integration-test/target/test-dir/MiniOzoneClusterImpl-210d6028-2152-4683-81ff-347b0d29bb13/datanode-3/data/ratis/90f7b1bb-24e3-4def-b5f5-7382cf0ff315 close()
2019-09-19 14:21:37,869 [306a7a99-f2a5-4f40-b42b-2fc2def08a6a-SegmentedRaftLogWorker:Storage Directory /workdir/hadoop-ozone/integration-test/target/test-dir/MiniOzoneClusterImpl-210d6028-2152-4683-81ff-347b0d29bb13/datanode-2/data/ratis/84094645-514c-48e5-b7dd-4e474d260ed7] INFO  impl.RaftServerImpl (ServerState.java:close(394)) - 306a7a99-f2a5-4f40-b42b-2fc2def08a6a:group-4E474D260ED7 closes. The last applied log index is -1
2019-09-19 14:21:37,625 [5dfaa0ea-416a-422c-a75d-43311aceb00a-SegmentedRaftLogWorker:Storage Directory /workdir/hadoop-ozone/integration-test/target/test-dir/MiniOzoneClusterImpl-210d6028-2152-4683-81ff-347b0d29bb13/datanode-1/data/ratis/e8f29b74-858c-471f-aeba-1b266aa0b1f2] INFO  util.JmxRegister (JmxRegister.java:unregister(73)) - Successfully un-registered JMX Bean with object name Ratis:service=RaftServer,group=group-1B266AA0B1F2,id=5dfaa0ea-416a-422c-a75d-43311aceb00a
2019-09-19 14:21:37,625 [306a7a99-f2a5-4f40-b42b-2fc2def08a6a:group-2EC6A4848DE1:LeaderElection116] INFO  impl.RaftServerImpl (ServerState.java:setRaftConf(361)) - 306a7a99-f2a5-4f40-b42b-2fc2def08a6a:group-2EC6A4848DE1 set configuration 0: [306a7a99-f2a5-4f40-b42b-2fc2def08a6a:192.168.157.226:42633], old=null at 0
2019-09-19 14:21:37,625 [6403e584-2209-453b-b79e-eeb0a7b58516-SegmentedRaftLogWorker:Storage Directory /workdir/hadoop-ozone/integration-test/target/test-dir/MiniOzoneClusterImpl-210d6028-2152-4683-81ff-347b0d29bb13/datanode-3/data/ratis/0b3635d6-b4fd-44da-8ebd-b00340782978] INFO  impl.RoleInfo (RoleInfo.java:shutdownLeaderState(104)) - 6403e584-2209-453b-b79e-eeb0a7b58516: shutdown LeaderState
2019-09-19 14:21:37,625 [5dfaa0ea-416a-422c-a75d-43311aceb00a-SegmentedRaftLogWorker:Storage Directory /workdir/hadoop-ozone/integration-test/target/test-dir/MiniOzoneClusterImpl-210d6028-2152-4683-81ff-347b0d29bb13/datanode-1/data/ratis/f2426e6c-9470-4bc3-8f40-084d5223d16c] INFO  impl.RoleInfo (RoleInfo.java:shutdownLeaderState(104)) - 5dfaa0ea-416a-422c-a75d-43311aceb00a: shutdown LeaderState
2019-09-19 14:21:37,624 [306a7a99-f2a5-4f40-b42b-2fc2def08a6a-SegmentedRaftLogWorker:Storage Directory /workdir/hadoop-ozone/integration-test/target/test-dir/MiniOzoneClusterImpl-210d6028-2152-4683-81ff-347b0d29bb13/datanode-2/data/ratis/d0c98483-eefe-4d24-a74a-1a94fbf18f11] ERROR segmented.SegmentedRaftLogWorker (SegmentedRaftLogWorker.java:run(323)) - 306a7a99-f2a5-4f40-b42b-2fc2def08a6a-SegmentedRaftLogWorker:Storage Directory /workdir/hadoop-ozone/integration-test/target/test-dir/MiniOzoneClusterImpl-210d6028-2152-4683-81ff-347b0d29bb13/datanode-2/data/ratis/d0c98483-eefe-4d24-a74a-1a94fbf18f11 hit exception
java.lang.OutOfMemoryError: Direct buffer memory
	at java.nio.Bits.reserveMemory(Bits.java:666)
	at java.nio.DirectByteBuffer.<init>(DirectByteBuffer.java:123)
	at java.nio.ByteBuffer.allocateDirect(ByteBuffer.java:311)
	at org.apache.ratis.server.raftlog.segmented.BufferedWriteChannel.<init>(BufferedWriteChannel.java:41)
	at org.apache.ratis.server.raftlog.segmented.SegmentedRaftLogOutputStream.<init>(SegmentedRaftLogOutputStream.java:72)
	at org.apache.ratis.server.raftlog.segmented.SegmentedRaftLogWorker$StartLogSegment.execute(SegmentedRaftLogWorker.java:566)
	at org.apache.ratis.server.raftlog.segmented.SegmentedRaftLogWorker.run(SegmentedRaftLogWorker.java:289)
	at java.lang.Thread.run(Thread.java:748)
2019-09-19 14:21:38,100 [306a7a99-f2a5-4f40-b42b-2fc2def08a6a-SegmentedRaftLogWorker:Storage Directory /workdir/hadoop-ozone/integration-test/target/test-dir/MiniOzoneClusterImpl-210d6028-2152-4683-81ff-347b0d29bb13/datanode-2/data/ratis/d0c98483-eefe-4d24-a74a-1a94fbf18f11] INFO  impl.RaftServerImpl (RaftServerImpl.java:lambda$shutdown$3(245)) - 306a7a99-f2a5-4f40-b42b-2fc2def08a6a: shutdown group-1A94FBF18F11
2019-09-19 14:21:37,624 [306a7a99-f2a5-4f40-b42b-2fc2def08a6a-SegmentedRaftLogWorker:Storage Directory /workdir/hadoop-ozone/integration-test/target/test-dir/MiniOzoneClusterImpl-210d6028-2152-4683-81ff-347b0d29bb13/datanode-2/data/ratis/50671ad6-48ef-467a-8d2b-3c159e1860ae] ERROR segmented.SegmentedRaftLogWorker (SegmentedRaftLogWorker.java:run(323)) - 306a7a99-f2a5-4f40-b42b-2fc2def08a6a-SegmentedRaftLogWorker:Storage Directory /workdir/hadoop-ozone/integration-test/target/test-dir/MiniOzoneClusterImpl-210d6028-2152-4683-81ff-347b0d29bb13/datanode-2/data/ratis/50671ad6-48ef-467a-8d2b-3c159e1860ae hit exception
java.lang.OutOfMemoryError: Direct buffer memory
	at java.nio.Bits.reserveMemory(Bits.java:666)
	at java.nio.DirectByteBuffer.<init>(DirectByteBuffer.java:123)
	at java.nio.ByteBuffer.allocateDirect(ByteBuffer.java:311)
	at org.apache.ratis.server.raftlog.segmented.BufferedWriteChannel.<init>(BufferedWriteChannel.java:41)
	at org.apache.ratis.server.raftlog.segmented.SegmentedRaftLogOutputStream.<init>(SegmentedRaftLogOutputStream.java:72)
	at org.apache.ratis.server.raftlog.segmented.SegmentedRaftLogWorker$StartLogSegment.execute(SegmentedRaftLogWorker.java:566)
	at org.apache.ratis.server.raftlog.segmented.SegmentedRaftLogWorker.run(SegmentedRaftLogWorker.java:289)
	at java.lang.Thread.run(Thread.java:748)
2019-09-19 14:21:37,388 [306a7a99-f2a5-4f40-b42b-2fc2def08a6a-SegmentedRaftLogWorker:Storage Directory /workdir/hadoop-ozone/integration-test/target/test-dir/MiniOzoneClusterImpl-210d6028-2152-4683-81ff-347b0d29bb13/datanode-2/data/ratis/fdcdab3e-bf1c-409c-be08-10aa2815e586] INFO  impl.PendingRequests (PendingRequests.java:sendNotLeaderResponses(202)) - 306a7a99-f2a5-4f40-b42b-2fc2def08a6a-PendingRequests: sendNotLeaderResponses
2019-09-19 14:21:37,388 [6403e584-2209-453b-b79e-eeb0a7b58516-SegmentedRaftLogWorker:Storage Directory /workdir/hadoop-ozone/integration-test/target/test-dir/MiniOzoneClusterImpl-210d6028-2152-4683-81ff-347b0d29bb13/datanode-3/data/ratis/e6a40b6e-93be-4431-968a-6df381d064cd] INFO  util.JmxRegister (JmxRegister.java:unregister(73)) - Successfully un-registered JMX Bean with object name Ratis:service=RaftServer,group=group-6DF381D064CD,id=6403e584-2209-453b-b79e-eeb0a7b58516
2019-09-19 14:21:38,101 [306a7a99-f2a5-4f40-b42b-2fc2def08a6a-SegmentedRaftLogWorker:Storage Directory /workdir/hadoop-ozone/integration-test/target/test-dir/MiniOzoneClusterImpl-210d6028-2152-4683-81ff-347b0d29bb13/datanode-2/data/ratis/fdcdab3e-bf1c-409c-be08-10aa2815e586] INFO  impl.StateMachineUpdater (StateMachineUpdater.java:stopAndJoin(115)) - StateMachineUpdater:306a7a99-f2a5-4f40-b42b-2fc2def08a6a:group-10AA2815E586: set stopIndex = -1
2019-09-19 14:21:38,101 [306a7a99-f2a5-4f40-b42b-2fc2def08a6a-SegmentedRaftLogWorker:Storage Directory /workdir/hadoop-ozone/integration-test/target/test-dir/MiniOzoneClusterImpl-210d6028-2152-4683-81ff-347b0d29bb13/datanode-2/data/ratis/50671ad6-48ef-467a-8d2b-3c159e1860ae] INFO  impl.RaftServerImpl (RaftServerImpl.java:lambda$shutdown$3(245)) - 306a7a99-f2a5-4f40-b42b-2fc2def08a6a: shutdown group-3C159E1860AE
2019-09-19 14:21:38,101 [306a7a99-f2a5-4f40-b42b-2fc2def08a6a-SegmentedRaftLogWorker:Storage Directory /workdir/hadoop-ozone/integration-test/target/test-dir/MiniOzoneClusterImpl-210d6028-2152-4683-81ff-347b0d29bb13/datanode-2/data/ratis/d0c98483-eefe-4d24-a74a-1a94fbf18f11] INFO  util.JmxRegister (JmxRegister.java:unregister(73)) - Successfully un-registered JMX Bean with object name Ratis:service=RaftServer,group=group-1A94FBF18F11,id=306a7a99-f2a5-4f40-b42b-2fc2def08a6a
2019-09-19 14:21:38,100 [pool-49-thread-1] INFO  impl.RaftServerImpl (RaftServerImpl.java:<init>(93)) - 306a7a99-f2a5-4f40-b42b-2fc2def08a6a: new RaftServerImpl for group-5B7DDBC4A4BA:[85c6a9f3-b9a5-43a5-ac4f-9aa7bd5f2263:192.168.157.226:45170, 306a7a99-f2a5-4f40-b42b-2fc2def08a6a:192.168.157.226:42633, 6403e584-2209-453b-b79e-eeb0a7b58516:192.168.157.226:35833] with ContainerStateMachine:uninitialized
2019-09-19 14:21:38,100 [5dfaa0ea-416a-422c-a75d-43311aceb00a-SegmentedRaftLogWorker:Storage Directory /workdir/hadoop-ozone/integration-test/target/test-dir/MiniOzoneClusterImpl-210d6028-2152-4683-81ff-347b0d29bb13/datanode-1/data/ratis/f2426e6c-9470-4bc3-8f40-084d5223d16c] INFO  impl.PendingRequests (PendingRequests.java:sendNotLeaderResponses(202)) - 5dfaa0ea-416a-422c-a75d-43311aceb00a-PendingRequests: sendNotLeaderResponses
2019-09-19 14:21:38,100 [6403e584-2209-453b-b79e-eeb0a7b58516-SegmentedRaftLogWorker:Storage Directory /workdir/hadoop-ozone/integration-test/target/test-dir/MiniOzoneClusterImpl-210d6028-2152-4683-81ff-347b0d29bb13/datanode-3/data/ratis/0b3635d6-b4fd-44da-8ebd-b00340782978] INFO  impl.PendingRequests (PendingRequests.java:sendNotLeaderResponses(202)) - 6403e584-2209-453b-b79e-eeb0a7b58516-PendingRequests: sendNotLeaderResponses
2019-09-19 14:21:38,099 [5dfaa0ea-416a-422c-a75d-43311aceb00a-SegmentedRaftLogWorker:Storage Directory /workdir/hadoop-ozone/integration-test/target/test-dir/MiniOzoneClusterImpl-210d6028-2152-4683-81ff-347b0d29bb13/datanode-1/data/ratis/e8f29b74-858c-471f-aeba-1b266aa0b1f2] INFO  impl.RoleInfo (RoleInfo.java:shutdownLeaderState(104)) - 5dfaa0ea-416a-422c-a75d-43311aceb00a: shutdown LeaderState
2019-09-19 14:21:38,099 [306a7a99-f2a5-4f40-b42b-2fc2def08a6a-SegmentedRaftLogWorker:Storage Directory /workdir/hadoop-ozone/integration-test/target/test-dir/MiniOzoneClusterImpl-210d6028-2152-4683-81ff-347b0d29bb13/datanode-2/data/ratis/84094645-514c-48e5-b7dd-4e474d260ed7] INFO  segmented.SegmentedRaftLogWorker (SegmentedRaftLogWorker.java:close(228)) - 306a7a99-f2a5-4f40-b42b-2fc2def08a6a-SegmentedRaftLogWorker:Storage Directory /workdir/hadoop-ozone/integration-test/target/test-dir/MiniOzoneClusterImpl-210d6028-2152-4683-81ff-347b0d29bb13/datanode-2/data/ratis/84094645-514c-48e5-b7dd-4e474d260ed7 close()
2019-09-19 14:21:38,099 [grpc-default-executor-2] INFO  impl.RaftServerProxy (RaftServerProxy.java:addNew(89)) - 306a7a99-f2a5-4f40-b42b-2fc2def08a6a: addNew group-5B7DDBC4A4BA:[85c6a9f3-b9a5-43a5-ac4f-9aa7bd5f2263:192.168.157.226:45170, 306a7a99-f2a5-4f40-b42b-2fc2def08a6a:192.168.157.226:42633, 6403e584-2209-453b-b79e-eeb0a7b58516:192.168.157.226:35833] returns group-5B7DDBC4A4BA:java.util.concurrent.CompletableFuture@712056ce[Not completed]
2019-09-19 14:21:38,099 [pool-71-thread-1] INFO  server.RaftServerConfigKeys (ConfUtils.java:logGet(43)) - raft.server.log.purge.gap = 1000000 (custom)
2019-09-19 14:21:38,099 [pool-38-thread-1] INFO  server.RaftServerConfigKeys (ConfUtils.java:logGet(43)) - raft.server.log.purge.gap = 1000000 (custom)
2019-09-19 14:21:38,098 [pool-60-thread-1] INFO  server.RaftServerConfigKeys (ConfUtils.java:logGet(43)) - raft.server.log.queue.byte-limit = 2147483647 (custom)
2019-09-19 14:21:38,098 [85c6a9f3-b9a5-43a5-ac4f-9aa7bd5f2263-SegmentedRaftLogWorker:Storage Directory /workdir/hadoop-ozone/integration-test/target/test-dir/MiniOzoneClusterImpl-210d6028-2152-4683-81ff-347b0d29bb13/datanode-0/data/ratis/da64c545-5555-4ced-ad9e-de6cb2708fef] INFO  segmented.SegmentedRaftLogWorker (SegmentedRaftLogWorker.java:close(228)) - 85c6a9f3-b9a5-43a5-ac4f-9aa7bd5f2263-SegmentedRaftLogWorker:Storage Directory /workdir/hadoop-ozone/integration-test/target/test-dir/MiniOzoneClusterImpl-210d6028-2152-4683-81ff-347b0d29bb13/datanode-0/data/ratis/da64c545-5555-4ced-ad9e-de6cb2708fef close()
2019-09-19 14:21:38,098 [306a7a99-f2a5-4f40-b42b-2fc2def08a6a-SegmentedRaftLogWorker:Storage Directory /workdir/hadoop-ozone/integration-test/target/test-dir/MiniOzoneClusterImpl-210d6028-2152-4683-81ff-347b0d29bb13/datanode-2/data/ratis/1ec4bb23-cf9f-43a9-a8f9-f2bda4e60fc6] INFO  impl.RaftServerImpl (ServerState.java:close(394)) - 306a7a99-f2a5-4f40-b42b-2fc2def08a6a:group-F2BDA4E60FC6 closes. The last applied log index is -1
2019-09-19 14:21:38,098 [6403e584-2209-453b-b79e-eeb0a7b58516-SegmentedRaftLogWorker:Storage Directory /workdir/hadoop-ozone/integration-test/target/test-dir/MiniOzoneClusterImpl-210d6028-2152-4683-81ff-347b0d29bb13/datanode-3/data/ratis/c301aed6-ef51-4541-a15a-cd2933b0793b] INFO  util.JmxRegister (JmxRegister.java:unregister(73)) - Successfully un-registered JMX Bean with object name Ratis:service=RaftServer,group=group-CD2933B0793B,id=6403e584-2209-453b-b79e-eeb0a7b58516
2019-09-19 14:21:38,098 [pool-27-thread-1] INFO  server.RaftServerConfigKeys (ConfUtils.java:logGet(43)) - raft.server.rpc.timeout.min = 5s (custom)
2019-09-19 14:21:38,097 [5dfaa0ea-416a-422c-a75d-43311aceb00a-SegmentedRaftLogWorker:Storage Directory /workdir/hadoop-ozone/integration-test/target/test-dir/MiniOzoneClusterImpl-210d6028-2152-4683-81ff-347b0d29bb13/datanode-1/data/ratis/e4c39688-a8db-40a4-b840-8305bcbb96e8] ERROR segmented.SegmentedRaftLogWorker (SegmentedRaftLogWorker.java:run(323)) - 5dfaa0ea-416a-422c-a75d-43311aceb00a-SegmentedRaftLogWorker:Storage Directory /workdir/hadoop-ozone/integration-test/target/test-dir/MiniOzoneClusterImpl-210d6028-2152-4683-81ff-347b0d29bb13/datanode-1/data/ratis/e4c39688-a8db-40a4-b840-8305bcbb96e8 hit exception
java.lang.OutOfMemoryError: Direct buffer memory
	at java.nio.Bits.reserveMemory(Bits.java:666)
	at java.nio.DirectByteBuffer.<init>(DirectByteBuffer.java:123)
	at java.nio.ByteBuffer.allocateDirect(ByteBuffer.java:311)
	at org.apache.ratis.server.raftlog.segmented.BufferedWriteChannel.<init>(BufferedWriteChannel.java:41)
	at org.apache.ratis.server.raftlog.segmented.SegmentedRaftLogOutputStream.<init>(SegmentedRaftLogOutputStream.java:72)
	at org.apache.ratis.server.raftlog.segmented.SegmentedRaftLogWorker$StartLogSegment.execute(SegmentedRaftLogWorker.java:566)
	at org.apache.ratis.server.raftlog.segmented.SegmentedRaftLogWorker.run(SegmentedRaftLogWorker.java:289)
	at java.lang.Thread.run(Thread.java:748)
2019-09-19 14:21:37,873 [85c6a9f3-b9a5-43a5-ac4f-9aa7bd5f2263-SegmentedRaftLogWorker:Storage Directory /workdir/hadoop-ozone/integration-test/target/test-dir/MiniOzoneClusterImpl-210d6028-2152-4683-81ff-347b0d29bb13/datanode-0/data/ratis/26dce885-032b-45a0-b90e-7b227c9559a3] INFO  util.JmxRegister (JmxRegister.java:unregister(73)) - Successfully un-registered JMX Bean with object name Ratis:service=RaftServer,group=group-7B227C9559A3,id=85c6a9f3-b9a5-43a5-ac4f-9aa7bd5f2263
2019-09-19 14:21:38,105 [5dfaa0ea-416a-422c-a75d-43311aceb00a-SegmentedRaftLogWorker:Storage Directory /workdir/hadoop-ozone/integration-test/target/test-dir/MiniOzoneClusterImpl-210d6028-2152-4683-81ff-347b0d29bb13/datanode-1/data/ratis/e4c39688-a8db-40a4-b840-8305bcbb96e8] INFO  impl.RaftServerImpl (RaftServerImpl.java:lambda$shutdown$3(245)) - 5dfaa0ea-416a-422c-a75d-43311aceb00a: shutdown group-8305BCBB96E8
2019-09-19 14:21:38,104 [pool-27-thread-1] INFO  server.RaftServerConfigKeys (ConfUtils.java:logGet(43)) - raft.server.rpc.timeout.max = 5200ms (custom)
2019-09-19 14:21:38,105 [pool-27-thread-1] INFO  server.RaftServerConfigKeys (ConfUtils.java:logGet(43)) - raft.server.rpcslowness.timeout = 120s (custom)
2019-09-19 14:21:38,104 [6403e584-2209-453b-b79e-eeb0a7b58516-SegmentedRaftLogWorker:Storage Directory /workdir/hadoop-ozone/integration-test/target/test-dir/MiniOzoneClusterImpl-210d6028-2152-4683-81ff-347b0d29bb13/datanode-3/data/ratis/c301aed6-ef51-4541-a15a-cd2933b0793b] INFO  impl.RoleInfo (RoleInfo.java:shutdownLeaderState(104)) - 6403e584-2209-453b-b79e-eeb0a7b58516: shutdown LeaderState
2019-09-19 14:21:38,104 [306a7a99-f2a5-4f40-b42b-2fc2def08a6a-SegmentedRaftLogWorker:Storage Directory /workdir/hadoop-ozone/integration-test/target/test-dir/MiniOzoneClusterImpl-210d6028-2152-4683-81ff-347b0d29bb13/datanode-2/data/ratis/1ec4bb23-cf9f-43a9-a8f9-f2bda4e60fc6] INFO  segmented.SegmentedRaftLogWorker (SegmentedRaftLogWorker.java:close(228)) - 306a7a99-f2a5-4f40-b42b-2fc2def08a6a-SegmentedRaftLogWorker:Storage Directory /workdir/hadoop-ozone/integration-test/target/test-dir/MiniOzoneClusterImpl-210d6028-2152-4683-81ff-347b0d29bb13/datanode-2/data/ratis/1ec4bb23-cf9f-43a9-a8f9-f2bda4e60fc6 close()
2019-09-19 14:21:38,104 [pool-60-thread-1] INFO  server.RaftServerConfigKeys (ConfUtils.java:logGet(43)) - raft.server.log.queue.element-limit = 1024 (custom)
2019-09-19 14:21:38,103 [pool-38-thread-1] INFO  server.RaftServerConfigKeys (ConfUtils.java:logGet(43)) - raft.server.log.appender.buffer.byte-limit = 33554432 (custom)
2019-09-19 14:21:38,103 [pool-71-thread-1] INFO  server.RaftServerConfigKeys (ConfUtils.java:logGet(43)) - raft.server.log.appender.buffer.byte-limit = 33554432 (custom)
2019-09-19 14:21:38,103 [5dfaa0ea-416a-422c-a75d-43311aceb00a-SegmentedRaftLogWorker:Storage Directory /workdir/hadoop-ozone/integration-test/target/test-dir/MiniOzoneClusterImpl-210d6028-2152-4683-81ff-347b0d29bb13/datanode-1/data/ratis/e8f29b74-858c-471f-aeba-1b266aa0b1f2] INFO  impl.PendingRequests (PendingRequests.java:sendNotLeaderResponses(202)) - 5dfaa0ea-416a-422c-a75d-43311aceb00a-PendingRequests: sendNotLeaderResponses
2019-09-19 14:21:38,102 [6403e584-2209-453b-b79e-eeb0a7b58516-SegmentedRaftLogWorker:Storage Directory /workdir/hadoop-ozone/integration-test/target/test-dir/MiniOzoneClusterImpl-210d6028-2152-4683-81ff-347b0d29bb13/datanode-3/data/ratis/0b3635d6-b4fd-44da-8ebd-b00340782978] INFO  impl.StateMachineUpdater (StateMachineUpdater.java:stopAndJoin(115)) - StateMachineUpdater:6403e584-2209-453b-b79e-eeb0a7b58516:group-B00340782978: set stopIndex = -1
2019-09-19 14:21:38,106 [5dfaa0ea-416a-422c-a75d-43311aceb00a-SegmentedRaftLogWorker:Storage Directory /workdir/hadoop-ozone/integration-test/target/test-dir/MiniOzoneClusterImpl-210d6028-2152-4683-81ff-347b0d29bb13/datanode-1/data/ratis/e8f29b74-858c-471f-aeba-1b266aa0b1f2] INFO  impl.StateMachineUpdater (StateMachineUpdater.java:stopAndJoin(115)) - StateMachineUpdater:5dfaa0ea-416a-422c-a75d-43311aceb00a:group-1B266AA0B1F2: set stopIndex = -1
2019-09-19 14:21:38,102 [5dfaa0ea-416a-422c-a75d-43311aceb00a-SegmentedRaftLogWorker:Storage Directory /workdir/hadoop-ozone/integration-test/target/test-dir/MiniOzoneClusterImpl-210d6028-2152-4683-81ff-347b0d29bb13/datanode-1/data/ratis/f2426e6c-9470-4bc3-8f40-084d5223d16c] INFO  impl.StateMachineUpdater (StateMachineUpdater.java:stopAndJoin(115)) - StateMachineUpdater:5dfaa0ea-416a-422c-a75d-43311aceb00a:group-084D5223D16C: set stopIndex = -1
2019-09-19 14:21:38,102 [pool-49-thread-1] INFO  server.RaftServerConfigKeys (ConfUtils.java:logGet(43)) - raft.server.rpc.timeout.min = 5s (custom)
2019-09-19 14:21:38,102 [306a7a99-f2a5-4f40-b42b-2fc2def08a6a-SegmentedRaftLogWorker:Storage Directory /workdir/hadoop-ozone/integration-test/target/test-dir/MiniOzoneClusterImpl-210d6028-2152-4683-81ff-347b0d29bb13/datanode-2/data/ratis/d0c98483-eefe-4d24-a74a-1a94fbf18f11] INFO  impl.RoleInfo (RoleInfo.java:shutdownLeaderState(104)) - 306a7a99-f2a5-4f40-b42b-2fc2def08a6a: shutdown LeaderState
2019-09-19 14:21:38,102 [306a7a99-f2a5-4f40-b42b-2fc2def08a6a-SegmentedRaftLogWorker:Storage Directory /workdir/hadoop-ozone/integration-test/target/test-dir/MiniOzoneClusterImpl-210d6028-2152-4683-81ff-347b0d29bb13/datanode-2/data/ratis/50671ad6-48ef-467a-8d2b-3c159e1860ae] INFO  util.JmxRegister (JmxRegister.java:unregister(73)) - Successfully un-registered JMX Bean with object name Ratis:service=RaftServer,group=group-3C159E1860AE,id=306a7a99-f2a5-4f40-b42b-2fc2def08a6a
2019-09-19 14:21:38,101 [306a7a99-f2a5-4f40-b42b-2fc2def08a6a-SegmentedRaftLogWorker:Storage Directory /workdir/hadoop-ozone/integration-test/target/test-dir/MiniOzoneClusterImpl-210d6028-2152-4683-81ff-347b0d29bb13/datanode-2/data/ratis/fdcdab3e-bf1c-409c-be08-10aa2815e586] INFO  impl.RaftServerImpl (ServerState.java:close(394)) - 306a7a99-f2a5-4f40-b42b-2fc2def08a6a:group-10AA2815E586 closes. The last applied log index is -1
2019-09-19 14:21:38,101 [6403e584-2209-453b-b79e-eeb0a7b58516-SegmentedRaftLogWorker:Storage Directory /workdir/hadoop-ozone/integration-test/target/test-dir/MiniOzoneClusterImpl-210d6028-2152-4683-81ff-347b0d29bb13/datanode-3/data/ratis/e6a40b6e-93be-4431-968a-6df381d064cd] INFO  impl.RoleInfo (RoleInfo.java:shutdownLeaderState(104)) - 6403e584-2209-453b-b79e-eeb0a7b58516: shutdown LeaderState
2019-09-19 14:21:38,108 [306a7a99-f2a5-4f40-b42b-2fc2def08a6a-SegmentedRaftLogWorker:Storage Directory /workdir/hadoop-ozone/integration-test/target/test-dir/MiniOzoneClusterImpl-210d6028-2152-4683-81ff-347b0d29bb13/datanode-2/data/ratis/fdcdab3e-bf1c-409c-be08-10aa2815e586] INFO  segmented.SegmentedRaftLogWorker (SegmentedRaftLogWorker.java:close(228)) - 306a7a99-f2a5-4f40-b42b-2fc2def08a6a-SegmentedRaftLogWorker:Storage Directory /workdir/hadoop-ozone/integration-test/target/test-dir/MiniOzoneClusterImpl-210d6028-2152-4683-81ff-347b0d29bb13/datanode-2/data/ratis/fdcdab3e-bf1c-409c-be08-10aa2815e586 close()
2019-09-19 14:21:38,107 [306a7a99-f2a5-4f40-b42b-2fc2def08a6a-SegmentedRaftLogWorker:Storage Directory /workdir/hadoop-ozone/integration-test/target/test-dir/MiniOzoneClusterImpl-210d6028-2152-4683-81ff-347b0d29bb13/datanode-2/data/ratis/50671ad6-48ef-467a-8d2b-3c159e1860ae] INFO  impl.RoleInfo (RoleInfo.java:shutdownLeaderState(104)) - 306a7a99-f2a5-4f40-b42b-2fc2def08a6a: shutdown LeaderState
2019-09-19 14:21:38,107 [306a7a99-f2a5-4f40-b42b-2fc2def08a6a-SegmentedRaftLogWorker:Storage Directory /workdir/hadoop-ozone/integration-test/target/test-dir/MiniOzoneClusterImpl-210d6028-2152-4683-81ff-347b0d29bb13/datanode-2/data/ratis/d0c98483-eefe-4d24-a74a-1a94fbf18f11] INFO  impl.PendingRequests (PendingRequests.java:sendNotLeaderResponses(202)) - 306a7a99-f2a5-4f40-b42b-2fc2def08a6a-PendingRequests: sendNotLeaderResponses
2019-09-19 14:21:38,107 [pool-49-thread-1] INFO  server.RaftServerConfigKeys (ConfUtils.java:logGet(43)) - raft.server.rpc.timeout.max = 5200ms (custom)
2019-09-19 14:21:38,107 [5dfaa0ea-416a-422c-a75d-43311aceb00a-SegmentedRaftLogWorker:Storage Directory /workdir/hadoop-ozone/integration-test/target/test-dir/MiniOzoneClusterImpl-210d6028-2152-4683-81ff-347b0d29bb13/datanode-1/data/ratis/f2426e6c-9470-4bc3-8f40-084d5223d16c] INFO  impl.RaftServerImpl (ServerState.java:close(394)) - 5dfaa0ea-416a-422c-a75d-43311aceb00a:group-084D5223D16C closes. The last applied log index is -1
2019-09-19 14:21:38,107 [5dfaa0ea-416a-422c-a75d-43311aceb00a-SegmentedRaftLogWorker:Storage Directory /workdir/hadoop-ozone/integration-test/target/test-dir/MiniOzoneClusterImpl-210d6028-2152-4683-81ff-347b0d29bb13/datanode-1/data/ratis/e8f29b74-858c-471f-aeba-1b266aa0b1f2] INFO  impl.RaftServerImpl (ServerState.java:close(394)) - 5dfaa0ea-416a-422c-a75d-43311aceb00a:group-1B266AA0B1F2 closes. The last applied log index is -1
2019-09-19 14:21:38,106 [6403e584-2209-453b-b79e-eeb0a7b58516-SegmentedRaftLogWorker:Storage Directory /workdir/hadoop-ozone/integration-test/target/test-dir/MiniOzoneClusterImpl-210d6028-2152-4683-81ff-347b0d29bb13/datanode-3/data/ratis/0b3635d6-b4fd-44da-8ebd-b00340782978] INFO  impl.RaftServerImpl (ServerState.java:close(394)) - 6403e584-2209-453b-b79e-eeb0a7b58516:group-B00340782978 closes. The last applied log index is -1
2019-09-19 14:21:38,106 [pool-71-thread-1] INFO  server.RaftServerConfigKeys (ConfUtils.java:logGet(43)) - raft.server.log.segment.size.max = 1048576 (custom)
2019-09-19 14:21:38,106 [pool-38-thread-1] INFO  server.RaftServerConfigKeys (ConfUtils.java:logGet(43)) - raft.server.log.segment.size.max = 1048576 (custom)
2019-09-19 14:21:38,106 [pool-60-thread-1] INFO  server.RaftServerConfigKeys (ConfUtils.java:logGet(43)) - raft.server.log.segment.size.max = 1048576 (custom)
2019-09-19 14:21:38,105 [6403e584-2209-453b-b79e-eeb0a7b58516-SegmentedRaftLogWorker:Storage Directory /workdir/hadoop-ozone/integration-test/target/test-dir/MiniOzoneClusterImpl-210d6028-2152-4683-81ff-347b0d29bb13/datanode-3/data/ratis/c301aed6-ef51-4541-a15a-cd2933b0793b] INFO  impl.PendingRequests (PendingRequests.java:sendNotLeaderResponses(202)) - 6403e584-2209-453b-b79e-eeb0a7b58516-PendingRequests: sendNotLeaderResponses
2019-09-19 14:21:38,105 [pool-27-thread-1] INFO  server.RaftServerConfigKeys (ConfUtils.java:logGet(43)) - raft.server.sleep.deviation.threshold = 300 (default)
2019-09-19 14:21:38,105 [5dfaa0ea-416a-422c-a75d-43311aceb00a-SegmentedRaftLogWorker:Storage Directory /workdir/hadoop-ozone/integration-test/target/test-dir/MiniOzoneClusterImpl-210d6028-2152-4683-81ff-347b0d29bb13/datanode-1/data/ratis/e4c39688-a8db-40a4-b840-8305bcbb96e8] INFO  util.JmxRegister (JmxRegister.java:unregister(73)) - Successfully un-registered JMX Bean with object name Ratis:service=RaftServer,group=group-8305BCBB96E8,id=5dfaa0ea-416a-422c-a75d-43311aceb00a
2019-09-19 14:21:38,105 [85c6a9f3-b9a5-43a5-ac4f-9aa7bd5f2263-SegmentedRaftLogWorker:Storage Directory /workdir/hadoop-ozone/integration-test/target/test-dir/MiniOzoneClusterImpl-210d6028-2152-4683-81ff-347b0d29bb13/datanode-0/data/ratis/26dce885-032b-45a0-b90e-7b227c9559a3] INFO  impl.RoleInfo (RoleInfo.java:shutdownLeaderState(104)) - 85c6a9f3-b9a5-43a5-ac4f-9aa7bd5f2263: shutdown LeaderState
2019-09-19 14:21:38,110 [5dfaa0ea-416a-422c-a75d-43311aceb00a-SegmentedRaftLogWorker:Storage Directory /workdir/hadoop-ozone/integration-test/target/test-dir/MiniOzoneClusterImpl-210d6028-2152-4683-81ff-347b0d29bb13/datanode-1/data/ratis/e4c39688-a8db-40a4-b840-8305bcbb96e8] INFO  impl.RoleInfo (RoleInfo.java:shutdownLeaderState(104)) - 5dfaa0ea-416a-422c-a75d-43311aceb00a: shutdown LeaderState
2019-09-19 14:21:38,110 [pool-27-thread-1] INFO  server.RaftServerConfigKeys (ConfUtils.java:logGet(43)) - raft.server.log.appender.install.snapshot.enabled = false (custom)
2019-09-19 14:21:38,110 [6403e584-2209-453b-b79e-eeb0a7b58516-SegmentedRaftLogWorker:Storage Directory /workdir/hadoop-ozone/integration-test/target/test-dir/MiniOzoneClusterImpl-210d6028-2152-4683-81ff-347b0d29bb13/datanode-3/data/ratis/c301aed6-ef51-4541-a15a-cd2933b0793b] INFO  impl.StateMachineUpdater (StateMachineUpdater.java:stopAndJoin(115)) - StateMachineUpdater:6403e584-2209-453b-b79e-eeb0a7b58516:group-CD2933B0793B: set stopIndex = -1
2019-09-19 14:21:38,111 [6403e584-2209-453b-b79e-eeb0a7b58516-SegmentedRaftLogWorker:Storage Directory /workdir/hadoop-ozone/integration-test/target/test-dir/MiniOzoneClusterImpl-210d6028-2152-4683-81ff-347b0d29bb13/datanode-3/data/ratis/c301aed6-ef51-4541-a15a-cd2933b0793b] INFO  impl.RaftServerImpl (ServerState.java:close(394)) - 6403e584-2209-453b-b79e-eeb0a7b58516:group-CD2933B0793B closes. The last applied log index is -1
2019-09-19 14:21:38,109 [pool-60-thread-1] INFO  server.RaftServerConfigKeys (ConfUtils.java:logGet(43)) - raft.server.log.preallocated.size = 16384 (custom)
2019-09-19 14:21:38,109 [pool-38-thread-1] INFO  server.RaftServerConfigKeys (ConfUtils.java:logGet(43)) - raft.server.log.segment.cache.num.max = 2 (custom)
2019-09-19 14:21:38,109 [pool-71-thread-1] INFO  server.RaftServerConfigKeys (ConfUtils.java:logGet(43)) - raft.server.log.segment.cache.num.max = 2 (custom)
2019-09-19 14:21:38,111 [pool-71-thread-1] INFO  segmented.SegmentedRaftLogWorker (SegmentedRaftLogWorker.java:<init>(172)) - new 1190b9a7-12b1-4c15-b33e-f7d0a0cd436c-SegmentedRaftLogWorker:Storage Directory /workdir/hadoop-ozone/integration-test/target/test-dir/MiniOzoneClusterImpl-210d6028-2152-4683-81ff-347b0d29bb13/datanode-4/data/ratis/22959579-8d43-4351-be92-2609e2e2a622 for RaftStorage:Storage Directory /workdir/hadoop-ozone/integration-test/target/test-dir/MiniOzoneClusterImpl-210d6028-2152-4683-81ff-347b0d29bb13/datanode-4/data/ratis/22959579-8d43-4351-be92-2609e2e2a622
2019-09-19 14:21:38,109 [6403e584-2209-453b-b79e-eeb0a7b58516-SegmentedRaftLogWorker:Storage Directory /workdir/hadoop-ozone/integration-test/target/test-dir/MiniOzoneClusterImpl-210d6028-2152-4683-81ff-347b0d29bb13/datanode-3/data/ratis/0b3635d6-b4fd-44da-8ebd-b00340782978] INFO  segmented.SegmentedRaftLogWorker (SegmentedRaftLogWorker.java:close(228)) - 6403e584-2209-453b-b79e-eeb0a7b58516-SegmentedRaftLogWorker:Storage Directory /workdir/hadoop-ozone/integration-test/target/test-dir/MiniOzoneClusterImpl-210d6028-2152-4683-81ff-347b0d29bb13/datanode-3/data/ratis/0b3635d6-b4fd-44da-8ebd-b00340782978 close()
2019-09-19 14:21:38,109 [5dfaa0ea-416a-422c-a75d-43311aceb00a-SegmentedRaftLogWorker:Storage Directory /workdir/hadoop-ozone/integration-test/target/test-dir/MiniOzoneClusterImpl-210d6028-2152-4683-81ff-347b0d29bb13/datanode-1/data/ratis/e8f29b74-858c-471f-aeba-1b266aa0b1f2] INFO  segmented.SegmentedRaftLogWorker (SegmentedRaftLogWorker.java:close(228)) - 5dfaa0ea-416a-422c-a75d-43311aceb00a-SegmentedRaftLogWorker:Storage Directory /workdir/hadoop-ozone/integration-test/target/test-dir/MiniOzoneClusterImpl-210d6028-2152-4683-81ff-347b0d29bb13/datanode-1/data/ratis/e8f29b74-858c-471f-aeba-1b266aa0b1f2 close()
2019-09-19 14:21:38,109 [5dfaa0ea-416a-422c-a75d-43311aceb00a-SegmentedRaftLogWorker:Storage Directory /workdir/hadoop-ozone/integration-test/target/test-dir/MiniOzoneClusterImpl-210d6028-2152-4683-81ff-347b0d29bb13/datanode-1/data/ratis/f2426e6c-9470-4bc3-8f40-084d5223d16c] INFO  segmented.SegmentedRaftLogWorker (SegmentedRaftLogWorker.java:close(228)) - 5dfaa0ea-416a-422c-a75d-43311aceb00a-SegmentedRaftLogWorker:Storage Directory /workdir/hadoop-ozone/integration-test/target/test-dir/MiniOzoneClusterImpl-210d6028-2152-4683-81ff-347b0d29bb13/datanode-1/data/ratis/f2426e6c-9470-4bc3-8f40-084d5223d16c close()
2019-09-19 14:21:38,108 [pool-49-thread-1] INFO  server.RaftServerConfigKeys (ConfUtils.java:logGet(43)) - raft.server.rpcslowness.timeout = 120s (custom)
2019-09-19 14:21:38,112 [pool-49-thread-1] INFO  server.RaftServerConfigKeys (ConfUtils.java:logGet(43)) - raft.server.sleep.deviation.threshold = 300 (default)
2019-09-19 14:21:38,108 [306a7a99-f2a5-4f40-b42b-2fc2def08a6a-SegmentedRaftLogWorker:Storage Directory /workdir/hadoop-ozone/integration-test/target/test-dir/MiniOzoneClusterImpl-210d6028-2152-4683-81ff-347b0d29bb13/datanode-2/data/ratis/d0c98483-eefe-4d24-a74a-1a94fbf18f11] INFO  impl.StateMachineUpdater (StateMachineUpdater.java:stopAndJoin(115)) - StateMachineUpdater:306a7a99-f2a5-4f40-b42b-2fc2def08a6a:group-1A94FBF18F11: set stopIndex = -1
2019-09-19 14:21:38,112 [306a7a99-f2a5-4f40-b42b-2fc2def08a6a-SegmentedRaftLogWorker:Storage Directory /workdir/hadoop-ozone/integration-test/target/test-dir/MiniOzoneClusterImpl-210d6028-2152-4683-81ff-347b0d29bb13/datanode-2/data/ratis/d0c98483-eefe-4d24-a74a-1a94fbf18f11] INFO  impl.RaftServerImpl (ServerState.java:close(394)) - 306a7a99-f2a5-4f40-b42b-2fc2def08a6a:group-1A94FBF18F11 closes. The last applied log index is -1
2019-09-19 14:21:38,108 [306a7a99-f2a5-4f40-b42b-2fc2def08a6a-SegmentedRaftLogWorker:Storage Directory /workdir/hadoop-ozone/integration-test/target/test-dir/MiniOzoneClusterImpl-210d6028-2152-4683-81ff-347b0d29bb13/datanode-2/data/ratis/50671ad6-48ef-467a-8d2b-3c159e1860ae] INFO  impl.PendingRequests (PendingRequests.java:sendNotLeaderResponses(202)) - 306a7a99-f2a5-4f40-b42b-2fc2def08a6a-PendingRequests: sendNotLeaderResponses
2019-09-19 14:21:38,108 [6403e584-2209-453b-b79e-eeb0a7b58516-SegmentedRaftLogWorker:Storage Directory /workdir/hadoop-ozone/integration-test/target/test-dir/MiniOzoneClusterImpl-210d6028-2152-4683-81ff-347b0d29bb13/datanode-3/data/ratis/e6a40b6e-93be-4431-968a-6df381d064cd] INFO  impl.PendingRequests (PendingRequests.java:sendNotLeaderResponses(202)) - 6403e584-2209-453b-b79e-eeb0a7b58516-PendingRequests: sendNotLeaderResponses
2019-09-19 14:21:38,113 [306a7a99-f2a5-4f40-b42b-2fc2def08a6a-SegmentedRaftLogWorker:Storage Directory /workdir/hadoop-ozone/integration-test/target/test-dir/MiniOzoneClusterImpl-210d6028-2152-4683-81ff-347b0d29bb13/datanode-2/data/ratis/50671ad6-48ef-467a-8d2b-3c159e1860ae] INFO  impl.StateMachineUpdater (StateMachineUpdater.java:stopAndJoin(115)) - StateMachineUpdater:306a7a99-f2a5-4f40-b42b-2fc2def08a6a:group-3C159E1860AE: set stopIndex = -1
2019-09-19 14:21:38,113 [306a7a99-f2a5-4f40-b42b-2fc2def08a6a-SegmentedRaftLogWorker:Storage Directory /workdir/hadoop-ozone/integration-test/target/test-dir/MiniOzoneClusterImpl-210d6028-2152-4683-81ff-347b0d29bb13/datanode-2/data/ratis/50671ad6-48ef-467a-8d2b-3c159e1860ae] INFO  impl.RaftServerImpl (ServerState.java:close(394)) - 306a7a99-f2a5-4f40-b42b-2fc2def08a6a:group-3C159E1860AE closes. The last applied log index is -1
2019-09-19 14:21:38,113 [306a7a99-f2a5-4f40-b42b-2fc2def08a6a-SegmentedRaftLogWorker:Storage Directory /workdir/hadoop-ozone/integration-test/target/test-dir/MiniOzoneClusterImpl-210d6028-2152-4683-81ff-347b0d29bb13/datanode-2/data/ratis/d0c98483-eefe-4d24-a74a-1a94fbf18f11] INFO  segmented.SegmentedRaftLogWorker (SegmentedRaftLogWorker.java:close(228)) - 306a7a99-f2a5-4f40-b42b-2fc2def08a6a-SegmentedRaftLogWorker:Storage Directory /workdir/hadoop-ozone/integration-test/target/test-dir/MiniOzoneClusterImpl-210d6028-2152-4683-81ff-347b0d29bb13/datanode-2/data/ratis/d0c98483-eefe-4d24-a74a-1a94fbf18f11 close()
2019-09-19 14:21:38,112 [pool-49-thread-1] INFO  server.RaftServerConfigKeys (ConfUtils.java:logGet(43)) - raft.server.log.appender.install.snapshot.enabled = false (custom)
2019-09-19 14:21:38,111 [pool-71-thread-1] INFO  server.RaftServerConfigKeys (ConfUtils.java:logGet(43)) - raft.server.log.queue.byte-limit = 2147483647 (custom)
2019-09-19 14:21:38,111 [pool-38-thread-1] INFO  segmented.SegmentedRaftLogWorker (SegmentedRaftLogWorker.java:<init>(172)) - new 5dfaa0ea-416a-422c-a75d-43311aceb00a-SegmentedRaftLogWorker:Storage Directory /workdir/hadoop-ozone/integration-test/target/test-dir/MiniOzoneClusterImpl-210d6028-2152-4683-81ff-347b0d29bb13/datanode-1/data/ratis/22959579-8d43-4351-be92-2609e2e2a622 for RaftStorage:Storage Directory /workdir/hadoop-ozone/integration-test/target/test-dir/MiniOzoneClusterImpl-210d6028-2152-4683-81ff-347b0d29bb13/datanode-1/data/ratis/22959579-8d43-4351-be92-2609e2e2a622
2019-09-19 14:21:38,111 [pool-60-thread-1] INFO  server.RaftServerConfigKeys (ConfUtils.java:logGet(43)) - raft.server.log.write.buffer.size = 33554432 (custom)
2019-09-19 14:21:38,111 [6403e584-2209-453b-b79e-eeb0a7b58516-SegmentedRaftLogWorker:Storage Directory /workdir/hadoop-ozone/integration-test/target/test-dir/MiniOzoneClusterImpl-210d6028-2152-4683-81ff-347b0d29bb13/datanode-3/data/ratis/c301aed6-ef51-4541-a15a-cd2933b0793b] INFO  segmented.SegmentedRaftLogWorker (SegmentedRaftLogWorker.java:close(228)) - 6403e584-2209-453b-b79e-eeb0a7b58516-SegmentedRaftLogWorker:Storage Directory /workdir/hadoop-ozone/integration-test/target/test-dir/MiniOzoneClusterImpl-210d6028-2152-4683-81ff-347b0d29bb13/datanode-3/data/ratis/c301aed6-ef51-4541-a15a-cd2933b0793b close()
2019-09-19 14:21:38,110 [pool-27-thread-1] INFO  impl.RaftServerImpl (ServerState.java:<init>(105)) - 85c6a9f3-b9a5-43a5-ac4f-9aa7bd5f2263:group-5B7DDBC4A4BA ConfigurationManager, init=-1: [85c6a9f3-b9a5-43a5-ac4f-9aa7bd5f2263:192.168.157.226:45170, 306a7a99-f2a5-4f40-b42b-2fc2def08a6a:192.168.157.226:42633, 6403e584-2209-453b-b79e-eeb0a7b58516:192.168.157.226:35833], old=null, confs=<EMPTY_MAP>
2019-09-19 14:21:38,110 [5dfaa0ea-416a-422c-a75d-43311aceb00a-SegmentedRaftLogWorker:Storage Directory /workdir/hadoop-ozone/integration-test/target/test-dir/MiniOzoneClusterImpl-210d6028-2152-4683-81ff-347b0d29bb13/datanode-1/data/ratis/e4c39688-a8db-40a4-b840-8305bcbb96e8] INFO  impl.PendingRequests (PendingRequests.java:sendNotLeaderResponses(202)) - 5dfaa0ea-416a-422c-a75d-43311aceb00a-PendingRequests: sendNotLeaderResponses
2019-09-19 14:21:38,110 [85c6a9f3-b9a5-43a5-ac4f-9aa7bd5f2263-SegmentedRaftLogWorker:Storage Directory /workdir/hadoop-ozone/integration-test/target/test-dir/MiniOzoneClusterImpl-210d6028-2152-4683-81ff-347b0d29bb13/datanode-0/data/ratis/26dce885-032b-45a0-b90e-7b227c9559a3] INFO  impl.PendingRequests (PendingRequests.java:sendNotLeaderResponses(202)) - 85c6a9f3-b9a5-43a5-ac4f-9aa7bd5f2263-PendingRequests: sendNotLeaderResponses
2019-09-19 14:21:38,115 [5dfaa0ea-416a-422c-a75d-43311aceb00a-SegmentedRaftLogWorker:Storage Directory /workdir/hadoop-ozone/integration-test/target/test-dir/MiniOzoneClusterImpl-210d6028-2152-4683-81ff-347b0d29bb13/datanode-1/data/ratis/e4c39688-a8db-40a4-b840-8305bcbb96e8] INFO  impl.StateMachineUpdater (StateMachineUpdater.java:stopAndJoin(115)) - StateMachineUpdater:5dfaa0ea-416a-422c-a75d-43311aceb00a:group-8305BCBB96E8: set stopIndex = -1
2019-09-19 14:21:38,115 [85c6a9f3-b9a5-43a5-ac4f-9aa7bd5f2263-SegmentedRaftLogWorker:Storage Directory /workdir/hadoop-ozone/integration-test/target/test-dir/MiniOzoneClusterImpl-210d6028-2152-4683-81ff-347b0d29bb13/datanode-0/data/ratis/26dce885-032b-45a0-b90e-7b227c9559a3] INFO  impl.StateMachineUpdater (StateMachineUpdater.java:stopAndJoin(115)) - StateMachineUpdater:85c6a9f3-b9a5-43a5-ac4f-9aa7bd5f2263:group-7B227C9559A3: set stopIndex = -1
2019-09-19 14:21:38,115 [pool-27-thread-1] INFO  server.RaftServerConfigKeys (ConfUtils.java:logGet(43)) - raft.server.storage.dir = [/workdir/hadoop-ozone/integration-test/target/test-dir/MiniOzoneClusterImpl-210d6028-2152-4683-81ff-347b0d29bb13/datanode-0/data/ratis] (custom)
2019-09-19 14:21:38,114 [pool-60-thread-1] INFO  server.RaftServerConfigKeys (ConfUtils.java:logGet(43)) - raft.server.log.force.sync.num = 128 (default)
2019-09-19 14:21:38,114 [pool-38-thread-1] INFO  server.RaftServerConfigKeys (ConfUtils.java:logGet(43)) - raft.server.log.queue.byte-limit = 2147483647 (custom)
2019-09-19 14:21:38,114 [pool-71-thread-1] INFO  server.RaftServerConfigKeys (ConfUtils.java:logGet(43)) - raft.server.log.queue.element-limit = 1024 (custom)
2019-09-19 14:21:38,114 [pool-49-thread-1] INFO  impl.RaftServerImpl (ServerState.java:<init>(105)) - 306a7a99-f2a5-4f40-b42b-2fc2def08a6a:group-5B7DDBC4A4BA ConfigurationManager, init=-1: [85c6a9f3-b9a5-43a5-ac4f-9aa7bd5f2263:192.168.157.226:45170, 306a7a99-f2a5-4f40-b42b-2fc2def08a6a:192.168.157.226:42633, 6403e584-2209-453b-b79e-eeb0a7b58516:192.168.157.226:35833], old=null, confs=<EMPTY_MAP>
2019-09-19 14:21:38,113 [306a7a99-f2a5-4f40-b42b-2fc2def08a6a-SegmentedRaftLogWorker:Storage Directory /workdir/hadoop-ozone/integration-test/target/test-dir/MiniOzoneClusterImpl-210d6028-2152-4683-81ff-347b0d29bb13/datanode-2/data/ratis/50671ad6-48ef-467a-8d2b-3c159e1860ae] INFO  segmented.SegmentedRaftLogWorker (SegmentedRaftLogWorker.java:close(228)) - 306a7a99-f2a5-4f40-b42b-2fc2def08a6a-SegmentedRaftLogWorker:Storage Directory /workdir/hadoop-ozone/integration-test/target/test-dir/MiniOzoneClusterImpl-210d6028-2152-4683-81ff-347b0d29bb13/datanode-2/data/ratis/50671ad6-48ef-467a-8d2b-3c159e1860ae close()
2019-09-19 14:21:38,113 [6403e584-2209-453b-b79e-eeb0a7b58516-SegmentedRaftLogWorker:Storage Directory /workdir/hadoop-ozone/integration-test/target/test-dir/MiniOzoneClusterImpl-210d6028-2152-4683-81ff-347b0d29bb13/datanode-3/data/ratis/e6a40b6e-93be-4431-968a-6df381d064cd] INFO  impl.StateMachineUpdater (StateMachineUpdater.java:stopAndJoin(115)) - StateMachineUpdater:6403e584-2209-453b-b79e-eeb0a7b58516:group-6DF381D064CD: set stopIndex = -1
2019-09-19 14:21:38,116 [pool-49-thread-1] INFO  server.RaftServerConfigKeys (ConfUtils.java:logGet(43)) - raft.server.storage.dir = [/workdir/hadoop-ozone/integration-test/target/test-dir/MiniOzoneClusterImpl-210d6028-2152-4683-81ff-347b0d29bb13/datanode-2/data/ratis] (custom)
2019-09-19 14:21:38,116 [pool-71-thread-1] INFO  server.RaftServerConfigKeys (ConfUtils.java:logGet(43)) - raft.server.log.segment.size.max = 1048576 (custom)
2019-09-19 14:21:38,116 [pool-27-thread-1] INFO  storage.RaftStorageDirectory (RaftStorageDirectory.java:analyzeStorage(246)) - The storage directory /workdir/hadoop-ozone/integration-test/target/test-dir/MiniOzoneClusterImpl-210d6028-2152-4683-81ff-347b0d29bb13/datanode-0/data/ratis/e08f1762-4eca-4bad-a825-5b7ddbc4a4ba does not exist. Creating ...
2019-09-19 14:21:38,117 [pool-49-thread-1] INFO  storage.RaftStorageDirectory (RaftStorageDirectory.java:analyzeStorage(246)) - The storage directory /workdir/hadoop-ozone/integration-test/target/test-dir/MiniOzoneClusterImpl-210d6028-2152-4683-81ff-347b0d29bb13/datanode-2/data/ratis/e08f1762-4eca-4bad-a825-5b7ddbc4a4ba does not exist. Creating ...
2019-09-19 14:21:38,116 [pool-38-thread-1] INFO  server.RaftServerConfigKeys (ConfUtils.java:logGet(43)) - raft.server.log.queue.element-limit = 1024 (custom)
2019-09-19 14:21:38,116 [pool-60-thread-1] INFO  server.RaftServerConfigKeys (ConfUtils.java:logGet(43)) - raft.server.log.statemachine.data.sync = true (default)
2019-09-19 14:21:38,115 [85c6a9f3-b9a5-43a5-ac4f-9aa7bd5f2263-SegmentedRaftLogWorker:Storage Directory /workdir/hadoop-ozone/integration-test/target/test-dir/MiniOzoneClusterImpl-210d6028-2152-4683-81ff-347b0d29bb13/datanode-0/data/ratis/26dce885-032b-45a0-b90e-7b227c9559a3] INFO  impl.RaftServerImpl (ServerState.java:close(394)) - 85c6a9f3-b9a5-43a5-ac4f-9aa7bd5f2263:group-7B227C9559A3 closes. The last applied log index is -1
2019-09-19 14:21:38,115 [5dfaa0ea-416a-422c-a75d-43311aceb00a-SegmentedRaftLogWorker:Storage Directory /workdir/hadoop-ozone/integration-test/target/test-dir/MiniOzoneClusterImpl-210d6028-2152-4683-81ff-347b0d29bb13/datanode-1/data/ratis/e4c39688-a8db-40a4-b840-8305bcbb96e8] INFO  impl.RaftServerImpl (ServerState.java:close(394)) - 5dfaa0ea-416a-422c-a75d-43311aceb00a:group-8305BCBB96E8 closes. The last applied log index is -1
2019-09-19 14:21:38,118 [85c6a9f3-b9a5-43a5-ac4f-9aa7bd5f2263-SegmentedRaftLogWorker:Storage Directory /workdir/hadoop-ozone/integration-test/target/test-dir/MiniOzoneClusterImpl-210d6028-2152-4683-81ff-347b0d29bb13/datanode-0/data/ratis/26dce885-032b-45a0-b90e-7b227c9559a3] INFO  segmented.SegmentedRaftLogWorker (SegmentedRaftLogWorker.java:close(228)) - 85c6a9f3-b9a5-43a5-ac4f-9aa7bd5f2263-SegmentedRaftLogWorker:Storage Directory /workdir/hadoop-ozone/integration-test/target/test-dir/MiniOzoneClusterImpl-210d6028-2152-4683-81ff-347b0d29bb13/datanode-0/data/ratis/26dce885-032b-45a0-b90e-7b227c9559a3 close()
2019-09-19 14:21:38,117 [pool-60-thread-1] INFO  server.RaftServerConfigKeys (ConfUtils.java:logGet(43)) - raft.server.log.statemachine.data.sync.timeout = 10s (default)
2019-09-19 14:21:38,117 [pool-38-thread-1] INFO  server.RaftServerConfigKeys (ConfUtils.java:logGet(43)) - raft.server.log.segment.size.max = 1048576 (custom)
2019-09-19 14:21:38,118 [pool-38-thread-1] INFO  server.RaftServerConfigKeys (ConfUtils.java:logGet(43)) - raft.server.log.preallocated.size = 16384 (custom)
2019-09-19 14:21:38,117 [pool-71-thread-1] INFO  server.RaftServerConfigKeys (ConfUtils.java:logGet(43)) - raft.server.log.preallocated.size = 16384 (custom)
2019-09-19 14:21:38,116 [6403e584-2209-453b-b79e-eeb0a7b58516-SegmentedRaftLogWorker:Storage Directory /workdir/hadoop-ozone/integration-test/target/test-dir/MiniOzoneClusterImpl-210d6028-2152-4683-81ff-347b0d29bb13/datanode-3/data/ratis/e6a40b6e-93be-4431-968a-6df381d064cd] INFO  impl.RaftServerImpl (ServerState.java:close(394)) - 6403e584-2209-453b-b79e-eeb0a7b58516:group-6DF381D064CD closes. The last applied log index is -1
2019-09-19 14:21:38,118 [pool-71-thread-1] INFO  server.RaftServerConfigKeys (ConfUtils.java:logGet(43)) - raft.server.log.write.buffer.size = 33554432 (custom)
2019-09-19 14:21:38,119 [6403e584-2209-453b-b79e-eeb0a7b58516-SegmentedRaftLogWorker:Storage Directory /workdir/hadoop-ozone/integration-test/target/test-dir/MiniOzoneClusterImpl-210d6028-2152-4683-81ff-347b0d29bb13/datanode-3/data/ratis/e6a40b6e-93be-4431-968a-6df381d064cd] INFO  segmented.SegmentedRaftLogWorker (SegmentedRaftLogWorker.java:close(228)) - 6403e584-2209-453b-b79e-eeb0a7b58516-SegmentedRaftLogWorker:Storage Directory /workdir/hadoop-ozone/integration-test/target/test-dir/MiniOzoneClusterImpl-210d6028-2152-4683-81ff-347b0d29bb13/datanode-3/data/ratis/e6a40b6e-93be-4431-968a-6df381d064cd close()
2019-09-19 14:21:38,118 [pool-38-thread-1] INFO  server.RaftServerConfigKeys (ConfUtils.java:logGet(43)) - raft.server.log.write.buffer.size = 33554432 (custom)
2019-09-19 14:21:38,118 [pool-60-thread-1] INFO  server.RaftServerConfigKeys (ConfUtils.java:logGet(43)) - raft.server.log.statemachine.data.sync.timeout.retry = -1 (default)
2019-09-19 14:21:38,118 [5dfaa0ea-416a-422c-a75d-43311aceb00a-SegmentedRaftLogWorker:Storage Directory /workdir/hadoop-ozone/integration-test/target/test-dir/MiniOzoneClusterImpl-210d6028-2152-4683-81ff-347b0d29bb13/datanode-1/data/ratis/e4c39688-a8db-40a4-b840-8305bcbb96e8] INFO  segmented.SegmentedRaftLogWorker (SegmentedRaftLogWorker.java:close(228)) - 5dfaa0ea-416a-422c-a75d-43311aceb00a-SegmentedRaftLogWorker:Storage Directory /workdir/hadoop-ozone/integration-test/target/test-dir/MiniOzoneClusterImpl-210d6028-2152-4683-81ff-347b0d29bb13/datanode-1/data/ratis/e4c39688-a8db-40a4-b840-8305bcbb96e8 close()
2019-09-19 14:21:38,119 [pool-60-thread-1] INFO  server.RaftServerConfigKeys (ConfUtils.java:logGet(43)) - raft.server.log.statemachine.data.caching.enabled = true (custom)
2019-09-19 14:21:38,119 [pool-38-thread-1] INFO  server.RaftServerConfigKeys (ConfUtils.java:logGet(43)) - raft.server.log.force.sync.num = 128 (default)
2019-09-19 14:21:38,119 [pool-71-thread-1] INFO  server.RaftServerConfigKeys (ConfUtils.java:logGet(43)) - raft.server.log.force.sync.num = 128 (default)
2019-09-19 14:21:38,120 [pool-60-thread-1] INFO  segmented.SegmentedRaftLogWorker (SegmentedRaftLogWorker.java:lambda$new$0(132)) - 6403e584-2209-453b-b79e-eeb0a7b58516-SegmentedRaftLogWorker:Storage Directory /workdir/hadoop-ozone/integration-test/target/test-dir/MiniOzoneClusterImpl-210d6028-2152-4683-81ff-347b0d29bb13/datanode-3/data/ratis/7486c150-856a-4ca9-9876-bc6162215a45: flushIndex: setUnconditionally 0 -> -1
2019-09-19 14:21:38,120 [pool-38-thread-1] INFO  server.RaftServerConfigKeys (ConfUtils.java:logGet(43)) - raft.server.log.statemachine.data.sync = true (default)
2019-09-19 14:21:38,120 [pool-71-thread-1] INFO  server.RaftServerConfigKeys (ConfUtils.java:logGet(43)) - raft.server.log.statemachine.data.sync = true (default)
2019-09-19 14:21:38,120 [pool-60-thread-1] INFO  server.RaftServerConfigKeys (ConfUtils.java:logGet(43)) - raft.server.snapshot.auto.trigger.enabled = true (custom)
2019-09-19 14:21:38,120 [pool-38-thread-1] INFO  server.RaftServerConfigKeys (ConfUtils.java:logGet(43)) - raft.server.log.statemachine.data.sync.timeout = 10s (default)
2019-09-19 14:21:38,121 [pool-60-thread-1] INFO  server.RaftServerConfigKeys (ConfUtils.java:logGet(43)) - raft.server.snapshot.auto.trigger.threshold = 10000 (custom)
2019-09-19 14:21:38,121 [pool-71-thread-1] INFO  server.RaftServerConfigKeys (ConfUtils.java:logGet(43)) - raft.server.log.statemachine.data.sync.timeout = 10s (default)
2019-09-19 14:21:38,121 [pool-60-thread-1] INFO  server.RaftServerConfigKeys (ConfUtils.java:logGet(43)) - raft.server.retrycache.expirytime = 600000ms (custom)
2019-09-19 14:21:38,121 [pool-38-thread-1] INFO  server.RaftServerConfigKeys (ConfUtils.java:logGet(43)) - raft.server.log.statemachine.data.sync.timeout.retry = -1 (default)
2019-09-19 14:21:38,121 [pool-71-thread-1] INFO  server.RaftServerConfigKeys (ConfUtils.java:logGet(43)) - raft.server.log.statemachine.data.sync.timeout.retry = -1 (default)
2019-09-19 14:21:38,122 [pool-38-thread-1] INFO  server.RaftServerConfigKeys (ConfUtils.java:logGet(43)) - raft.server.log.statemachine.data.caching.enabled = true (custom)
2019-09-19 14:21:38,122 [pool-71-thread-1] INFO  server.RaftServerConfigKeys (ConfUtils.java:logGet(43)) - raft.server.log.statemachine.data.caching.enabled = true (custom)
2019-09-19 14:21:38,122 [pool-38-thread-1] INFO  segmented.SegmentedRaftLogWorker (SegmentedRaftLogWorker.java:lambda$new$0(132)) - 5dfaa0ea-416a-422c-a75d-43311aceb00a-SegmentedRaftLogWorker:Storage Directory /workdir/hadoop-ozone/integration-test/target/test-dir/MiniOzoneClusterImpl-210d6028-2152-4683-81ff-347b0d29bb13/datanode-1/data/ratis/22959579-8d43-4351-be92-2609e2e2a622: flushIndex: setUnconditionally 0 -> -1
2019-09-19 14:21:38,122 [pool-71-thread-1] INFO  segmented.SegmentedRaftLogWorker (SegmentedRaftLogWorker.java:lambda$new$0(132)) - 1190b9a7-12b1-4c15-b33e-f7d0a0cd436c-SegmentedRaftLogWorker:Storage Directory /workdir/hadoop-ozone/integration-test/target/test-dir/MiniOzoneClusterImpl-210d6028-2152-4683-81ff-347b0d29bb13/datanode-4/data/ratis/22959579-8d43-4351-be92-2609e2e2a622: flushIndex: setUnconditionally 0 -> -1
2019-09-19 14:21:38,122 [pool-38-thread-1] INFO  server.RaftServerConfigKeys (ConfUtils.java:logGet(43)) - raft.server.snapshot.auto.trigger.enabled = true (custom)
2019-09-19 14:21:38,122 [pool-38-thread-1] INFO  server.RaftServerConfigKeys (ConfUtils.java:logGet(43)) - raft.server.snapshot.auto.trigger.threshold = 10000 (custom)
2019-09-19 14:21:38,123 [pool-60-thread-1] INFO  impl.RaftServerImpl (RaftServerImpl.java:<init>(93)) - 6403e584-2209-453b-b79e-eeb0a7b58516: new RaftServerImpl for group-2609E2E2A622:[5dfaa0ea-416a-422c-a75d-43311aceb00a:192.168.157.226:45629, 6403e584-2209-453b-b79e-eeb0a7b58516:192.168.157.226:35833, 1190b9a7-12b1-4c15-b33e-f7d0a0cd436c:192.168.157.226:34463] with ContainerStateMachine:uninitialized
2019-09-19 14:21:38,123 [pool-71-thread-1] INFO  server.RaftServerConfigKeys (ConfUtils.java:logGet(43)) - raft.server.snapshot.auto.trigger.enabled = true (custom)
2019-09-19 14:21:38,123 [pool-60-thread-1] INFO  server.RaftServerConfigKeys (ConfUtils.java:logGet(43)) - raft.server.rpc.timeout.min = 5s (custom)
2019-09-19 14:21:38,123 [pool-38-thread-1] INFO  server.RaftServerConfigKeys (ConfUtils.java:logGet(43)) - raft.server.retrycache.expirytime = 600000ms (custom)
2019-09-19 14:21:38,123 [pool-60-thread-1] INFO  server.RaftServerConfigKeys (ConfUtils.java:logGet(43)) - raft.server.rpc.timeout.max = 5200ms (custom)
2019-09-19 14:21:38,123 [pool-71-thread-1] INFO  server.RaftServerConfigKeys (ConfUtils.java:logGet(43)) - raft.server.snapshot.auto.trigger.threshold = 10000 (custom)
2019-09-19 14:21:38,123 [pool-60-thread-1] INFO  server.RaftServerConfigKeys (ConfUtils.java:logGet(43)) - raft.server.rpcslowness.timeout = 120s (custom)
2019-09-19 14:21:38,123 [pool-38-thread-1] INFO  impl.RaftServerImpl (RaftServerImpl.java:start(180)) - 5dfaa0ea-416a-422c-a75d-43311aceb00a: start group-2609E2E2A622
2019-09-19 14:21:38,124 [pool-60-thread-1] INFO  server.RaftServerConfigKeys (ConfUtils.java:logGet(43)) - raft.server.sleep.deviation.threshold = 300 (default)
2019-09-19 14:21:38,123 [pool-71-thread-1] INFO  server.RaftServerConfigKeys (ConfUtils.java:logGet(43)) - raft.server.retrycache.expirytime = 600000ms (custom)
2019-09-19 14:21:38,124 [pool-60-thread-1] INFO  server.RaftServerConfigKeys (ConfUtils.java:logGet(43)) - raft.server.log.appender.install.snapshot.enabled = false (custom)
2019-09-19 14:21:38,124 [pool-38-thread-1] INFO  impl.RaftServerImpl (RaftServerImpl.java:setRole(171)) - 5dfaa0ea-416a-422c-a75d-43311aceb00a:group-2609E2E2A622 changes role from null to FOLLOWER at term 0 for startAsFollower
2019-09-19 14:21:38,124 [pool-60-thread-1] INFO  impl.RaftServerImpl (ServerState.java:<init>(105)) - 6403e584-2209-453b-b79e-eeb0a7b58516:group-2609E2E2A622 ConfigurationManager, init=-1: [5dfaa0ea-416a-422c-a75d-43311aceb00a:192.168.157.226:45629, 6403e584-2209-453b-b79e-eeb0a7b58516:192.168.157.226:35833, 1190b9a7-12b1-4c15-b33e-f7d0a0cd436c:192.168.157.226:34463], old=null, confs=<EMPTY_MAP>
2019-09-19 14:21:38,124 [pool-71-thread-1] INFO  impl.RaftServerImpl (RaftServerImpl.java:start(180)) - 1190b9a7-12b1-4c15-b33e-f7d0a0cd436c: start group-2609E2E2A622
2019-09-19 14:21:38,124 [pool-60-thread-1] INFO  server.RaftServerConfigKeys (ConfUtils.java:logGet(43)) - raft.server.storage.dir = [/workdir/hadoop-ozone/integration-test/target/test-dir/MiniOzoneClusterImpl-210d6028-2152-4683-81ff-347b0d29bb13/datanode-3/data/ratis] (custom)
2019-09-19 14:21:38,124 [pool-38-thread-1] INFO  impl.RoleInfo (RoleInfo.java:updateAndGet(143)) - 5dfaa0ea-416a-422c-a75d-43311aceb00a: start FollowerState
2019-09-19 14:21:38,124 [pool-71-thread-1] INFO  impl.RaftServerImpl (RaftServerImpl.java:setRole(171)) - 1190b9a7-12b1-4c15-b33e-f7d0a0cd436c:group-2609E2E2A622 changes role from null to FOLLOWER at term 0 for startAsFollower
2019-09-19 14:21:38,125 [85c6a9f3-b9a5-43a5-ac4f-9aa7bd5f2263-SegmentedRaftLogWorker:Storage Directory /workdir/hadoop-ozone/integration-test/target/test-dir/MiniOzoneClusterImpl-210d6028-2152-4683-81ff-347b0d29bb13/datanode-0/data/ratis/fee7dab6-ad62-49ef-b394-1487a2604f1b] ERROR segmented.SegmentedRaftLogWorker (SegmentedRaftLogWorker.java:run(323)) - 85c6a9f3-b9a5-43a5-ac4f-9aa7bd5f2263-SegmentedRaftLogWorker:Storage Directory /workdir/hadoop-ozone/integration-test/target/test-dir/MiniOzoneClusterImpl-210d6028-2152-4683-81ff-347b0d29bb13/datanode-0/data/ratis/fee7dab6-ad62-49ef-b394-1487a2604f1b hit exception
java.lang.OutOfMemoryError: Direct buffer memory
	at java.nio.Bits.reserveMemory(Bits.java:666)
	at java.nio.DirectByteBuffer.<init>(DirectByteBuffer.java:123)
	at java.nio.ByteBuffer.allocateDirect(ByteBuffer.java:311)
	at org.apache.ratis.server.raftlog.segmented.BufferedWriteChannel.<init>(BufferedWriteChannel.java:41)
	at org.apache.ratis.server.raftlog.segmented.SegmentedRaftLogOutputStream.<init>(SegmentedRaftLogOutputStream.java:72)
	at org.apache.ratis.server.raftlog.segmented.SegmentedRaftLogWorker$StartLogSegment.execute(SegmentedRaftLogWorker.java:566)
	at org.apache.ratis.server.raftlog.segmented.SegmentedRaftLogWorker.run(SegmentedRaftLogWorker.java:289)
	at java.lang.Thread.run(Thread.java:748)
2019-09-19 14:21:38,125 [6403e584-2209-453b-b79e-eeb0a7b58516-SegmentedRaftLogWorker:Storage Directory /workdir/hadoop-ozone/integration-test/target/test-dir/MiniOzoneClusterImpl-210d6028-2152-4683-81ff-347b0d29bb13/datanode-3/data/ratis/be90b7e2-782d-4aca-876a-1fe216233206] ERROR segmented.SegmentedRaftLogWorker (SegmentedRaftLogWorker.java:run(323)) - 6403e584-2209-453b-b79e-eeb0a7b58516-SegmentedRaftLogWorker:Storage Directory /workdir/hadoop-ozone/integration-test/target/test-dir/MiniOzoneClusterImpl-210d6028-2152-4683-81ff-347b0d29bb13/datanode-3/data/ratis/be90b7e2-782d-4aca-876a-1fe216233206 hit exception
java.lang.OutOfMemoryError: Direct buffer memory
	at java.nio.Bits.reserveMemory(Bits.java:666)
	at java.nio.DirectByteBuffer.<init>(DirectByteBuffer.java:123)
	at java.nio.ByteBuffer.allocateDirect(ByteBuffer.java:311)
	at org.apache.ratis.server.raftlog.segmented.BufferedWriteChannel.<init>(BufferedWriteChannel.java:41)
	at org.apache.ratis.server.raftlog.segmented.SegmentedRaftLogOutputStream.<init>(SegmentedRaftLogOutputStream.java:72)
	at org.apache.ratis.server.raftlog.segmented.SegmentedRaftLogWorker$StartLogSegment.execute(SegmentedRaftLogWorker.java:566)
	at org.apache.ratis.server.raftlog.segmented.SegmentedRaftLogWorker.run(SegmentedRaftLogWorker.java:289)
	at java.lang.Thread.run(Thread.java:748)
2019-09-19 14:21:38,125 [6403e584-2209-453b-b79e-eeb0a7b58516-SegmentedRaftLogWorker:Storage Directory /workdir/hadoop-ozone/integration-test/target/test-dir/MiniOzoneClusterImpl-210d6028-2152-4683-81ff-347b0d29bb13/datanode-3/data/ratis/df77c67f-9530-4bea-a7c1-cc2cf5bc0391] ERROR segmented.SegmentedRaftLogWorker (SegmentedRaftLogWorker.java:run(323)) - 6403e584-2209-453b-b79e-eeb0a7b58516-SegmentedRaftLogWorker:Storage Directory /workdir/hadoop-ozone/integration-test/target/test-dir/MiniOzoneClusterImpl-210d6028-2152-4683-81ff-347b0d29bb13/datanode-3/data/ratis/df77c67f-9530-4bea-a7c1-cc2cf5bc0391 hit exception
java.lang.OutOfMemoryError: Direct buffer memory
	at java.nio.Bits.reserveMemory(Bits.java:666)
	at java.nio.DirectByteBuffer.<init>(DirectByteBuffer.java:123)
	at java.nio.ByteBuffer.allocateDirect(ByteBuffer.java:311)
	at org.apache.ratis.server.raftlog.segmented.BufferedWriteChannel.<init>(BufferedWriteChannel.java:41)
	at org.apache.ratis.server.raftlog.segmented.SegmentedRaftLogOutputStream.<init>(SegmentedRaftLogOutputStream.java:72)
	at org.apache.ratis.server.raftlog.segmented.SegmentedRaftLogWorker$StartLogSegment.execute(SegmentedRaftLogWorker.java:566)
	at org.apache.ratis.server.raftlog.segmented.SegmentedRaftLogWorker.run(SegmentedRaftLogWorker.java:289)
	at java.lang.Thread.run(Thread.java:748)
2019-09-19 14:21:38,125 [6403e584-2209-453b-b79e-eeb0a7b58516-SegmentedRaftLogWorker:Storage Directory /workdir/hadoop-ozone/integration-test/target/test-dir/MiniOzoneClusterImpl-210d6028-2152-4683-81ff-347b0d29bb13/datanode-3/data/ratis/be90b7e2-782d-4aca-876a-1fe216233206] INFO  impl.RaftServerImpl (RaftServerImpl.java:lambda$shutdown$3(245)) - 6403e584-2209-453b-b79e-eeb0a7b58516: shutdown group-1FE216233206
2019-09-19 14:21:38,125 [85c6a9f3-b9a5-43a5-ac4f-9aa7bd5f2263-SegmentedRaftLogWorker:Storage Directory /workdir/hadoop-ozone/integration-test/target/test-dir/MiniOzoneClusterImpl-210d6028-2152-4683-81ff-347b0d29bb13/datanode-0/data/ratis/fee7dab6-ad62-49ef-b394-1487a2604f1b] INFO  impl.RaftServerImpl (RaftServerImpl.java:lambda$shutdown$3(245)) - 85c6a9f3-b9a5-43a5-ac4f-9aa7bd5f2263: shutdown group-1487A2604F1B
2019-09-19 14:21:38,125 [pool-38-thread-1] INFO  util.JmxRegister (JmxRegister.java:tryRegister(44)) - Successfully registered JMX Bean with object name Ratis:service=RaftServer,group=group-2609E2E2A622,id=5dfaa0ea-416a-422c-a75d-43311aceb00a
2019-09-19 14:21:38,125 [pool-60-thread-1] INFO  storage.RaftStorageDirectory (RaftStorageDirectory.java:analyzeStorage(246)) - The storage directory /workdir/hadoop-ozone/integration-test/target/test-dir/MiniOzoneClusterImpl-210d6028-2152-4683-81ff-347b0d29bb13/datanode-3/data/ratis/22959579-8d43-4351-be92-2609e2e2a622 does not exist. Creating ...
2019-09-19 14:21:38,125 [pool-71-thread-1] INFO  impl.RoleInfo (RoleInfo.java:updateAndGet(143)) - 1190b9a7-12b1-4c15-b33e-f7d0a0cd436c: start FollowerState
2019-09-19 14:21:38,126 [85c6a9f3-b9a5-43a5-ac4f-9aa7bd5f2263-SegmentedRaftLogWorker:Storage Directory /workdir/hadoop-ozone/integration-test/target/test-dir/MiniOzoneClusterImpl-210d6028-2152-4683-81ff-347b0d29bb13/datanode-0/data/ratis/fee7dab6-ad62-49ef-b394-1487a2604f1b] INFO  util.JmxRegister (JmxRegister.java:unregister(73)) - Successfully un-registered JMX Bean with object name Ratis:service=RaftServer,group=group-1487A2604F1B,id=85c6a9f3-b9a5-43a5-ac4f-9aa7bd5f2263
2019-09-19 14:21:38,126 [6403e584-2209-453b-b79e-eeb0a7b58516-SegmentedRaftLogWorker:Storage Directory /workdir/hadoop-ozone/integration-test/target/test-dir/MiniOzoneClusterImpl-210d6028-2152-4683-81ff-347b0d29bb13/datanode-3/data/ratis/be90b7e2-782d-4aca-876a-1fe216233206] INFO  util.JmxRegister (JmxRegister.java:unregister(73)) - Successfully un-registered JMX Bean with object name Ratis:service=RaftServer,group=group-1FE216233206,id=6403e584-2209-453b-b79e-eeb0a7b58516
2019-09-19 14:21:38,126 [6403e584-2209-453b-b79e-eeb0a7b58516-SegmentedRaftLogWorker:Storage Directory /workdir/hadoop-ozone/integration-test/target/test-dir/MiniOzoneClusterImpl-210d6028-2152-4683-81ff-347b0d29bb13/datanode-3/data/ratis/df77c67f-9530-4bea-a7c1-cc2cf5bc0391] INFO  impl.RaftServerImpl (RaftServerImpl.java:lambda$shutdown$3(245)) - 6403e584-2209-453b-b79e-eeb0a7b58516: shutdown group-CC2CF5BC0391
2019-09-19 14:21:38,127 [6403e584-2209-453b-b79e-eeb0a7b58516-SegmentedRaftLogWorker:Storage Directory /workdir/hadoop-ozone/integration-test/target/test-dir/MiniOzoneClusterImpl-210d6028-2152-4683-81ff-347b0d29bb13/datanode-3/data/ratis/be90b7e2-782d-4aca-876a-1fe216233206] INFO  impl.RoleInfo (RoleInfo.java:shutdownLeaderState(104)) - 6403e584-2209-453b-b79e-eeb0a7b58516: shutdown LeaderState
2019-09-19 14:21:38,127 [pool-71-thread-1] INFO  util.JmxRegister (JmxRegister.java:tryRegister(44)) - Successfully registered JMX Bean with object name Ratis:service=RaftServer,group=group-2609E2E2A622,id=1190b9a7-12b1-4c15-b33e-f7d0a0cd436c
2019-09-19 14:21:38,126 [85c6a9f3-b9a5-43a5-ac4f-9aa7bd5f2263-SegmentedRaftLogWorker:Storage Directory /workdir/hadoop-ozone/integration-test/target/test-dir/MiniOzoneClusterImpl-210d6028-2152-4683-81ff-347b0d29bb13/datanode-0/data/ratis/fee7dab6-ad62-49ef-b394-1487a2604f1b] INFO  impl.RoleInfo (RoleInfo.java:shutdownLeaderState(104)) - 85c6a9f3-b9a5-43a5-ac4f-9aa7bd5f2263: shutdown LeaderState
2019-09-19 14:21:38,127 [6403e584-2209-453b-b79e-eeb0a7b58516-SegmentedRaftLogWorker:Storage Directory /workdir/hadoop-ozone/integration-test/target/test-dir/MiniOzoneClusterImpl-210d6028-2152-4683-81ff-347b0d29bb13/datanode-3/data/ratis/be90b7e2-782d-4aca-876a-1fe216233206] INFO  impl.PendingRequests (PendingRequests.java:sendNotLeaderResponses(202)) - 6403e584-2209-453b-b79e-eeb0a7b58516-PendingRequests: sendNotLeaderResponses
2019-09-19 14:21:38,127 [6403e584-2209-453b-b79e-eeb0a7b58516-SegmentedRaftLogWorker:Storage Directory /workdir/hadoop-ozone/integration-test/target/test-dir/MiniOzoneClusterImpl-210d6028-2152-4683-81ff-347b0d29bb13/datanode-3/data/ratis/df77c67f-9530-4bea-a7c1-cc2cf5bc0391] INFO  util.JmxRegister (JmxRegister.java:unregister(73)) - Successfully un-registered JMX Bean with object name Ratis:service=RaftServer,group=group-CC2CF5BC0391,id=6403e584-2209-453b-b79e-eeb0a7b58516
2019-09-19 14:21:38,127 [85c6a9f3-b9a5-43a5-ac4f-9aa7bd5f2263-SegmentedRaftLogWorker:Storage Directory /workdir/hadoop-ozone/integration-test/target/test-dir/MiniOzoneClusterImpl-210d6028-2152-4683-81ff-347b0d29bb13/datanode-0/data/ratis/fee7dab6-ad62-49ef-b394-1487a2604f1b] INFO  impl.PendingRequests (PendingRequests.java:sendNotLeaderResponses(202)) - 85c6a9f3-b9a5-43a5-ac4f-9aa7bd5f2263-PendingRequests: sendNotLeaderResponses
2019-09-19 14:21:38,127 [6403e584-2209-453b-b79e-eeb0a7b58516-SegmentedRaftLogWorker:Storage Directory /workdir/hadoop-ozone/integration-test/target/test-dir/MiniOzoneClusterImpl-210d6028-2152-4683-81ff-347b0d29bb13/datanode-3/data/ratis/be90b7e2-782d-4aca-876a-1fe216233206] INFO  impl.StateMachineUpdater (StateMachineUpdater.java:stopAndJoin(115)) - StateMachineUpdater:6403e584-2209-453b-b79e-eeb0a7b58516:group-1FE216233206: set stopIndex = -1
2019-09-19 14:21:38,128 [85c6a9f3-b9a5-43a5-ac4f-9aa7bd5f2263-SegmentedRaftLogWorker:Storage Directory /workdir/hadoop-ozone/integration-test/target/test-dir/MiniOzoneClusterImpl-210d6028-2152-4683-81ff-347b0d29bb13/datanode-0/data/ratis/fee7dab6-ad62-49ef-b394-1487a2604f1b] INFO  impl.StateMachineUpdater (StateMachineUpdater.java:stopAndJoin(115)) - StateMachineUpdater:85c6a9f3-b9a5-43a5-ac4f-9aa7bd5f2263:group-1487A2604F1B: set stopIndex = -1
2019-09-19 14:21:38,127 [6403e584-2209-453b-b79e-eeb0a7b58516-SegmentedRaftLogWorker:Storage Directory /workdir/hadoop-ozone/integration-test/target/test-dir/MiniOzoneClusterImpl-210d6028-2152-4683-81ff-347b0d29bb13/datanode-3/data/ratis/df77c67f-9530-4bea-a7c1-cc2cf5bc0391] INFO  impl.RoleInfo (RoleInfo.java:shutdownLeaderState(104)) - 6403e584-2209-453b-b79e-eeb0a7b58516: shutdown LeaderState
2019-09-19 14:21:38,128 [6403e584-2209-453b-b79e-eeb0a7b58516-SegmentedRaftLogWorker:Storage Directory /workdir/hadoop-ozone/integration-test/target/test-dir/MiniOzoneClusterImpl-210d6028-2152-4683-81ff-347b0d29bb13/datanode-3/data/ratis/be90b7e2-782d-4aca-876a-1fe216233206] INFO  impl.RaftServerImpl (ServerState.java:close(394)) - 6403e584-2209-453b-b79e-eeb0a7b58516:group-1FE216233206 closes. The last applied log index is -1
2019-09-19 14:21:38,128 [6403e584-2209-453b-b79e-eeb0a7b58516-SegmentedRaftLogWorker:Storage Directory /workdir/hadoop-ozone/integration-test/target/test-dir/MiniOzoneClusterImpl-210d6028-2152-4683-81ff-347b0d29bb13/datanode-3/data/ratis/df77c67f-9530-4bea-a7c1-cc2cf5bc0391] INFO  impl.PendingRequests (PendingRequests.java:sendNotLeaderResponses(202)) - 6403e584-2209-453b-b79e-eeb0a7b58516-PendingRequests: sendNotLeaderResponses
2019-09-19 14:21:38,128 [6403e584-2209-453b-b79e-eeb0a7b58516-SegmentedRaftLogWorker:Storage Directory /workdir/hadoop-ozone/integration-test/target/test-dir/MiniOzoneClusterImpl-210d6028-2152-4683-81ff-347b0d29bb13/datanode-3/data/ratis/be90b7e2-782d-4aca-876a-1fe216233206] INFO  segmented.SegmentedRaftLogWorker (SegmentedRaftLogWorker.java:close(228)) - 6403e584-2209-453b-b79e-eeb0a7b58516-SegmentedRaftLogWorker:Storage Directory /workdir/hadoop-ozone/integration-test/target/test-dir/MiniOzoneClusterImpl-210d6028-2152-4683-81ff-347b0d29bb13/datanode-3/data/ratis/be90b7e2-782d-4aca-876a-1fe216233206 close()
2019-09-19 14:21:38,128 [85c6a9f3-b9a5-43a5-ac4f-9aa7bd5f2263-SegmentedRaftLogWorker:Storage Directory /workdir/hadoop-ozone/integration-test/target/test-dir/MiniOzoneClusterImpl-210d6028-2152-4683-81ff-347b0d29bb13/datanode-0/data/ratis/fee7dab6-ad62-49ef-b394-1487a2604f1b] INFO  impl.RaftServerImpl (ServerState.java:close(394)) - 85c6a9f3-b9a5-43a5-ac4f-9aa7bd5f2263:group-1487A2604F1B closes. The last applied log index is -1
2019-09-19 14:21:38,128 [6403e584-2209-453b-b79e-eeb0a7b58516-SegmentedRaftLogWorker:Storage Directory /workdir/hadoop-ozone/integration-test/target/test-dir/MiniOzoneClusterImpl-210d6028-2152-4683-81ff-347b0d29bb13/datanode-3/data/ratis/df77c67f-9530-4bea-a7c1-cc2cf5bc0391] INFO  impl.StateMachineUpdater (StateMachineUpdater.java:stopAndJoin(115)) - StateMachineUpdater:6403e584-2209-453b-b79e-eeb0a7b58516:group-CC2CF5BC0391: set stopIndex = -1
2019-09-19 14:21:38,129 [85c6a9f3-b9a5-43a5-ac4f-9aa7bd5f2263-SegmentedRaftLogWorker:Storage Directory /workdir/hadoop-ozone/integration-test/target/test-dir/MiniOzoneClusterImpl-210d6028-2152-4683-81ff-347b0d29bb13/datanode-0/data/ratis/fee7dab6-ad62-49ef-b394-1487a2604f1b] INFO  segmented.SegmentedRaftLogWorker (SegmentedRaftLogWorker.java:close(228)) - 85c6a9f3-b9a5-43a5-ac4f-9aa7bd5f2263-SegmentedRaftLogWorker:Storage Directory /workdir/hadoop-ozone/integration-test/target/test-dir/MiniOzoneClusterImpl-210d6028-2152-4683-81ff-347b0d29bb13/datanode-0/data/ratis/fee7dab6-ad62-49ef-b394-1487a2604f1b close()
2019-09-19 14:21:38,129 [6403e584-2209-453b-b79e-eeb0a7b58516-SegmentedRaftLogWorker:Storage Directory /workdir/hadoop-ozone/integration-test/target/test-dir/MiniOzoneClusterImpl-210d6028-2152-4683-81ff-347b0d29bb13/datanode-3/data/ratis/df77c67f-9530-4bea-a7c1-cc2cf5bc0391] INFO  impl.RaftServerImpl (ServerState.java:close(394)) - 6403e584-2209-453b-b79e-eeb0a7b58516:group-CC2CF5BC0391 closes. The last applied log index is -1
2019-09-19 14:21:38,129 [6403e584-2209-453b-b79e-eeb0a7b58516-SegmentedRaftLogWorker:Storage Directory /workdir/hadoop-ozone/integration-test/target/test-dir/MiniOzoneClusterImpl-210d6028-2152-4683-81ff-347b0d29bb13/datanode-3/data/ratis/df77c67f-9530-4bea-a7c1-cc2cf5bc0391] INFO  segmented.SegmentedRaftLogWorker (SegmentedRaftLogWorker.java:close(228)) - 6403e584-2209-453b-b79e-eeb0a7b58516-SegmentedRaftLogWorker:Storage Directory /workdir/hadoop-ozone/integration-test/target/test-dir/MiniOzoneClusterImpl-210d6028-2152-4683-81ff-347b0d29bb13/datanode-3/data/ratis/df77c67f-9530-4bea-a7c1-cc2cf5bc0391 close()
2019-09-19 14:21:38,131 [pool-49-thread-1] INFO  storage.RaftStorageDirectory (RaftStorageDirectory.java:tryLock(328)) - Lock on /workdir/hadoop-ozone/integration-test/target/test-dir/MiniOzoneClusterImpl-210d6028-2152-4683-81ff-347b0d29bb13/datanode-2/data/ratis/e08f1762-4eca-4bad-a825-5b7ddbc4a4ba/in_use.lock acquired by nodename 16198@pr-hdds-1569-swxfz-3172132826
2019-09-19 14:21:38,131 [pool-27-thread-1] INFO  storage.RaftStorageDirectory (RaftStorageDirectory.java:tryLock(328)) - Lock on /workdir/hadoop-ozone/integration-test/target/test-dir/MiniOzoneClusterImpl-210d6028-2152-4683-81ff-347b0d29bb13/datanode-0/data/ratis/e08f1762-4eca-4bad-a825-5b7ddbc4a4ba/in_use.lock acquired by nodename 16198@pr-hdds-1569-swxfz-3172132826
2019-09-19 14:21:38,131 [pool-60-thread-1] INFO  storage.RaftStorageDirectory (RaftStorageDirectory.java:tryLock(328)) - Lock on /workdir/hadoop-ozone/integration-test/target/test-dir/MiniOzoneClusterImpl-210d6028-2152-4683-81ff-347b0d29bb13/datanode-3/data/ratis/22959579-8d43-4351-be92-2609e2e2a622/in_use.lock acquired by nodename 16198@pr-hdds-1569-swxfz-3172132826
2019-09-19 14:21:38,136 [pool-27-thread-1] INFO  storage.RaftStorage (RaftStorage.java:format(72)) - Storage directory /workdir/hadoop-ozone/integration-test/target/test-dir/MiniOzoneClusterImpl-210d6028-2152-4683-81ff-347b0d29bb13/datanode-0/data/ratis/e08f1762-4eca-4bad-a825-5b7ddbc4a4ba has been successfully formatted.
2019-09-19 14:21:38,136 [pool-49-thread-1] INFO  storage.RaftStorage (RaftStorage.java:format(72)) - Storage directory /workdir/hadoop-ozone/integration-test/target/test-dir/MiniOzoneClusterImpl-210d6028-2152-4683-81ff-347b0d29bb13/datanode-2/data/ratis/e08f1762-4eca-4bad-a825-5b7ddbc4a4ba has been successfully formatted.
2019-09-19 14:21:38,136 [pool-60-thread-1] INFO  storage.RaftStorage (RaftStorage.java:format(72)) - Storage directory /workdir/hadoop-ozone/integration-test/target/test-dir/MiniOzoneClusterImpl-210d6028-2152-4683-81ff-347b0d29bb13/datanode-3/data/ratis/22959579-8d43-4351-be92-2609e2e2a622 has been successfully formatted.
2019-09-19 14:21:38,136 [pool-27-thread-1] INFO  ratis.ContainerStateMachine (ContainerStateMachine.java:loadSnapshot(226)) - group-5B7DDBC4A4BA: The snapshot info is null. Setting the last applied indexto:(t:0, i:~)
2019-09-19 14:21:38,136 [pool-60-thread-1] INFO  ratis.ContainerStateMachine (ContainerStateMachine.java:loadSnapshot(226)) - group-2609E2E2A622: The snapshot info is null. Setting the last applied indexto:(t:0, i:~)
2019-09-19 14:21:38,136 [pool-49-thread-1] INFO  ratis.ContainerStateMachine (ContainerStateMachine.java:loadSnapshot(226)) - group-5B7DDBC4A4BA: The snapshot info is null. Setting the last applied indexto:(t:0, i:~)
2019-09-19 14:21:38,136 [pool-60-thread-1] INFO  server.RaftServerConfigKeys (ConfUtils.java:logGet(43)) - raft.server.leader.election.timeout = 120s (custom)
2019-09-19 14:21:38,136 [pool-27-thread-1] INFO  server.RaftServerConfigKeys (ConfUtils.java:logGet(43)) - raft.server.leader.election.timeout = 120s (custom)
2019-09-19 14:21:38,136 [pool-60-thread-1] INFO  server.RaftServerConfigKeys (ConfUtils.java:logGet(43)) - raft.server.log.use.memory = false (default)
2019-09-19 14:21:38,136 [pool-49-thread-1] INFO  server.RaftServerConfigKeys (ConfUtils.java:logGet(43)) - raft.server.leader.election.timeout = 120s (custom)
2019-09-19 14:21:38,137 [pool-60-thread-1] INFO  server.RaftServerConfigKeys (ConfUtils.java:logGet(43)) - raft.server.log.purge.gap = 1000000 (custom)
2019-09-19 14:21:38,137 [pool-27-thread-1] INFO  server.RaftServerConfigKeys (ConfUtils.java:logGet(43)) - raft.server.log.use.memory = false (default)
2019-09-19 14:21:38,137 [pool-60-thread-1] INFO  server.RaftServerConfigKeys (ConfUtils.java:logGet(43)) - raft.server.log.appender.buffer.byte-limit = 33554432 (custom)
2019-09-19 14:21:38,137 [pool-49-thread-1] INFO  server.RaftServerConfigKeys (ConfUtils.java:logGet(43)) - raft.server.log.use.memory = false (default)
2019-09-19 14:21:38,137 [pool-60-thread-1] INFO  server.RaftServerConfigKeys (ConfUtils.java:logGet(43)) - raft.server.log.segment.size.max = 1048576 (custom)
2019-09-19 14:21:38,137 [pool-27-thread-1] INFO  server.RaftServerConfigKeys (ConfUtils.java:logGet(43)) - raft.server.log.purge.gap = 1000000 (custom)
2019-09-19 14:21:38,137 [pool-60-thread-1] INFO  server.RaftServerConfigKeys (ConfUtils.java:logGet(43)) - raft.server.log.segment.cache.num.max = 2 (custom)
2019-09-19 14:21:38,137 [pool-49-thread-1] INFO  server.RaftServerConfigKeys (ConfUtils.java:logGet(43)) - raft.server.log.purge.gap = 1000000 (custom)
2019-09-19 14:21:38,138 [pool-60-thread-1] INFO  segmented.SegmentedRaftLogWorker (SegmentedRaftLogWorker.java:<init>(172)) - new 6403e584-2209-453b-b79e-eeb0a7b58516-SegmentedRaftLogWorker:Storage Directory /workdir/hadoop-ozone/integration-test/target/test-dir/MiniOzoneClusterImpl-210d6028-2152-4683-81ff-347b0d29bb13/datanode-3/data/ratis/22959579-8d43-4351-be92-2609e2e2a622 for RaftStorage:Storage Directory /workdir/hadoop-ozone/integration-test/target/test-dir/MiniOzoneClusterImpl-210d6028-2152-4683-81ff-347b0d29bb13/datanode-3/data/ratis/22959579-8d43-4351-be92-2609e2e2a622
2019-09-19 14:21:38,137 [pool-27-thread-1] INFO  server.RaftServerConfigKeys (ConfUtils.java:logGet(43)) - raft.server.log.appender.buffer.byte-limit = 33554432 (custom)
2019-09-19 14:21:38,138 [pool-60-thread-1] INFO  server.RaftServerConfigKeys (ConfUtils.java:logGet(43)) - raft.server.log.queue.byte-limit = 2147483647 (custom)
2019-09-19 14:21:38,138 [pool-49-thread-1] INFO  server.RaftServerConfigKeys (ConfUtils.java:logGet(43)) - raft.server.log.appender.buffer.byte-limit = 33554432 (custom)
2019-09-19 14:21:38,138 [pool-60-thread-1] INFO  server.RaftServerConfigKeys (ConfUtils.java:logGet(43)) - raft.server.log.queue.element-limit = 1024 (custom)
2019-09-19 14:21:38,138 [pool-27-thread-1] INFO  server.RaftServerConfigKeys (ConfUtils.java:logGet(43)) - raft.server.log.segment.size.max = 1048576 (custom)
2019-09-19 14:21:38,138 [pool-60-thread-1] INFO  server.RaftServerConfigKeys (ConfUtils.java:logGet(43)) - raft.server.log.segment.size.max = 1048576 (custom)
2019-09-19 14:21:38,138 [pool-60-thread-1] INFO  server.RaftServerConfigKeys (ConfUtils.java:logGet(43)) - raft.server.log.preallocated.size = 16384 (custom)
2019-09-19 14:21:38,138 [pool-49-thread-1] INFO  server.RaftServerConfigKeys (ConfUtils.java:logGet(43)) - raft.server.log.segment.size.max = 1048576 (custom)
2019-09-19 14:21:38,138 [pool-60-thread-1] INFO  server.RaftServerConfigKeys (ConfUtils.java:logGet(43)) - raft.server.log.write.buffer.size = 33554432 (custom)
2019-09-19 14:21:38,138 [pool-27-thread-1] INFO  server.RaftServerConfigKeys (ConfUtils.java:logGet(43)) - raft.server.log.segment.cache.num.max = 2 (custom)
2019-09-19 14:21:38,139 [pool-60-thread-1] INFO  server.RaftServerConfigKeys (ConfUtils.java:logGet(43)) - raft.server.log.force.sync.num = 128 (default)
2019-09-19 14:21:38,139 [pool-49-thread-1] INFO  server.RaftServerConfigKeys (ConfUtils.java:logGet(43)) - raft.server.log.segment.cache.num.max = 2 (custom)
2019-09-19 14:21:38,139 [pool-60-thread-1] INFO  server.RaftServerConfigKeys (ConfUtils.java:logGet(43)) - raft.server.log.statemachine.data.sync = true (default)
2019-09-19 14:21:38,139 [pool-27-thread-1] INFO  segmented.SegmentedRaftLogWorker (SegmentedRaftLogWorker.java:<init>(172)) - new 85c6a9f3-b9a5-43a5-ac4f-9aa7bd5f2263-SegmentedRaftLogWorker:Storage Directory /workdir/hadoop-ozone/integration-test/target/test-dir/MiniOzoneClusterImpl-210d6028-2152-4683-81ff-347b0d29bb13/datanode-0/data/ratis/e08f1762-4eca-4bad-a825-5b7ddbc4a4ba for RaftStorage:Storage Directory /workdir/hadoop-ozone/integration-test/target/test-dir/MiniOzoneClusterImpl-210d6028-2152-4683-81ff-347b0d29bb13/datanode-0/data/ratis/e08f1762-4eca-4bad-a825-5b7ddbc4a4ba
2019-09-19 14:21:38,139 [pool-60-thread-1] INFO  server.RaftServerConfigKeys (ConfUtils.java:logGet(43)) - raft.server.log.statemachine.data.sync.timeout = 10s (default)
2019-09-19 14:21:38,139 [pool-60-thread-1] INFO  server.RaftServerConfigKeys (ConfUtils.java:logGet(43)) - raft.server.log.statemachine.data.sync.timeout.retry = -1 (default)
2019-09-19 14:21:38,139 [pool-49-thread-1] INFO  segmented.SegmentedRaftLogWorker (SegmentedRaftLogWorker.java:<init>(172)) - new 306a7a99-f2a5-4f40-b42b-2fc2def08a6a-SegmentedRaftLogWorker:Storage Directory /workdir/hadoop-ozone/integration-test/target/test-dir/MiniOzoneClusterImpl-210d6028-2152-4683-81ff-347b0d29bb13/datanode-2/data/ratis/e08f1762-4eca-4bad-a825-5b7ddbc4a4ba for RaftStorage:Storage Directory /workdir/hadoop-ozone/integration-test/target/test-dir/MiniOzoneClusterImpl-210d6028-2152-4683-81ff-347b0d29bb13/datanode-2/data/ratis/e08f1762-4eca-4bad-a825-5b7ddbc4a4ba
2019-09-19 14:21:38,139 [pool-60-thread-1] INFO  server.RaftServerConfigKeys (ConfUtils.java:logGet(43)) - raft.server.log.statemachine.data.caching.enabled = true (custom)
2019-09-19 14:21:38,139 [pool-27-thread-1] INFO  server.RaftServerConfigKeys (ConfUtils.java:logGet(43)) - raft.server.log.queue.byte-limit = 2147483647 (custom)
2019-09-19 14:21:38,140 [pool-60-thread-1] INFO  segmented.SegmentedRaftLogWorker (SegmentedRaftLogWorker.java:lambda$new$0(132)) - 6403e584-2209-453b-b79e-eeb0a7b58516-SegmentedRaftLogWorker:Storage Directory /workdir/hadoop-ozone/integration-test/target/test-dir/MiniOzoneClusterImpl-210d6028-2152-4683-81ff-347b0d29bb13/datanode-3/data/ratis/22959579-8d43-4351-be92-2609e2e2a622: flushIndex: setUnconditionally 0 -> -1
2019-09-19 14:21:38,140 [pool-49-thread-1] INFO  server.RaftServerConfigKeys (ConfUtils.java:logGet(43)) - raft.server.log.queue.byte-limit = 2147483647 (custom)
2019-09-19 14:21:38,140 [pool-60-thread-1] INFO  server.RaftServerConfigKeys (ConfUtils.java:logGet(43)) - raft.server.snapshot.auto.trigger.enabled = true (custom)
2019-09-19 14:21:38,140 [pool-27-thread-1] INFO  server.RaftServerConfigKeys (ConfUtils.java:logGet(43)) - raft.server.log.queue.element-limit = 1024 (custom)
2019-09-19 14:21:38,140 [pool-60-thread-1] INFO  server.RaftServerConfigKeys (ConfUtils.java:logGet(43)) - raft.server.snapshot.auto.trigger.threshold = 10000 (custom)
2019-09-19 14:21:38,140 [pool-49-thread-1] INFO  server.RaftServerConfigKeys (ConfUtils.java:logGet(43)) - raft.server.log.queue.element-limit = 1024 (custom)
2019-09-19 14:21:38,140 [pool-60-thread-1] INFO  server.RaftServerConfigKeys (ConfUtils.java:logGet(43)) - raft.server.retrycache.expirytime = 600000ms (custom)
2019-09-19 14:21:38,140 [pool-27-thread-1] INFO  server.RaftServerConfigKeys (ConfUtils.java:logGet(43)) - raft.server.log.segment.size.max = 1048576 (custom)
2019-09-19 14:21:38,141 [pool-49-thread-1] INFO  server.RaftServerConfigKeys (ConfUtils.java:logGet(43)) - raft.server.log.segment.size.max = 1048576 (custom)
2019-09-19 14:21:38,141 [pool-27-thread-1] INFO  server.RaftServerConfigKeys (ConfUtils.java:logGet(43)) - raft.server.log.preallocated.size = 16384 (custom)
2019-09-19 14:21:38,141 [pool-49-thread-1] INFO  server.RaftServerConfigKeys (ConfUtils.java:logGet(43)) - raft.server.log.preallocated.size = 16384 (custom)
2019-09-19 14:21:38,141 [pool-27-thread-1] INFO  server.RaftServerConfigKeys (ConfUtils.java:logGet(43)) - raft.server.log.write.buffer.size = 33554432 (custom)
2019-09-19 14:21:38,141 [pool-49-thread-1] INFO  server.RaftServerConfigKeys (ConfUtils.java:logGet(43)) - raft.server.log.write.buffer.size = 33554432 (custom)
2019-09-19 14:21:38,141 [pool-27-thread-1] INFO  server.RaftServerConfigKeys (ConfUtils.java:logGet(43)) - raft.server.log.force.sync.num = 128 (default)
2019-09-19 14:21:38,141 [pool-60-thread-1] INFO  impl.RaftServerImpl (RaftServerImpl.java:<init>(93)) - 6403e584-2209-453b-b79e-eeb0a7b58516: new RaftServerImpl for group-5B7DDBC4A4BA:[85c6a9f3-b9a5-43a5-ac4f-9aa7bd5f2263:192.168.157.226:45170, 306a7a99-f2a5-4f40-b42b-2fc2def08a6a:192.168.157.226:42633, 6403e584-2209-453b-b79e-eeb0a7b58516:192.168.157.226:35833] with ContainerStateMachine:uninitialized
2019-09-19 14:21:38,141 [pool-49-thread-1] INFO  server.RaftServerConfigKeys (ConfUtils.java:logGet(43)) - raft.server.log.force.sync.num = 128 (default)
2019-09-19 14:21:38,142 [pool-60-thread-1] INFO  server.RaftServerConfigKeys (ConfUtils.java:logGet(43)) - raft.server.rpc.timeout.min = 5s (custom)
2019-09-19 14:21:38,142 [pool-27-thread-1] INFO  server.RaftServerConfigKeys (ConfUtils.java:logGet(43)) - raft.server.log.statemachine.data.sync = true (default)
2019-09-19 14:21:38,142 [pool-60-thread-1] INFO  server.RaftServerConfigKeys (ConfUtils.java:logGet(43)) - raft.server.rpc.timeout.max = 5200ms (custom)
2019-09-19 14:21:38,142 [pool-49-thread-1] INFO  server.RaftServerConfigKeys (ConfUtils.java:logGet(43)) - raft.server.log.statemachine.data.sync = true (default)
2019-09-19 14:21:38,142 [pool-60-thread-1] INFO  server.RaftServerConfigKeys (ConfUtils.java:logGet(43)) - raft.server.rpcslowness.timeout = 120s (custom)
2019-09-19 14:21:38,142 [pool-27-thread-1] INFO  server.RaftServerConfigKeys (ConfUtils.java:logGet(43)) - raft.server.log.statemachine.data.sync.timeout = 10s (default)
2019-09-19 14:21:38,142 [pool-60-thread-1] INFO  server.RaftServerConfigKeys (ConfUtils.java:logGet(43)) - raft.server.sleep.deviation.threshold = 300 (default)
2019-09-19 14:21:38,142 [pool-60-thread-1] INFO  server.RaftServerConfigKeys (ConfUtils.java:logGet(43)) - raft.server.log.appender.install.snapshot.enabled = false (custom)
2019-09-19 14:21:38,142 [pool-49-thread-1] INFO  server.RaftServerConfigKeys (ConfUtils.java:logGet(43)) - raft.server.log.statemachine.data.sync.timeout = 10s (default)
2019-09-19 14:21:38,143 [pool-60-thread-1] INFO  impl.RaftServerImpl (ServerState.java:<init>(105)) - 6403e584-2209-453b-b79e-eeb0a7b58516:group-5B7DDBC4A4BA ConfigurationManager, init=-1: [85c6a9f3-b9a5-43a5-ac4f-9aa7bd5f2263:192.168.157.226:45170, 306a7a99-f2a5-4f40-b42b-2fc2def08a6a:192.168.157.226:42633, 6403e584-2209-453b-b79e-eeb0a7b58516:192.168.157.226:35833], old=null, confs=<EMPTY_MAP>
2019-09-19 14:21:38,142 [pool-27-thread-1] INFO  server.RaftServerConfigKeys (ConfUtils.java:logGet(43)) - raft.server.log.statemachine.data.sync.timeout.retry = -1 (default)
2019-09-19 14:21:38,143 [pool-60-thread-1] INFO  server.RaftServerConfigKeys (ConfUtils.java:logGet(43)) - raft.server.storage.dir = [/workdir/hadoop-ozone/integration-test/target/test-dir/MiniOzoneClusterImpl-210d6028-2152-4683-81ff-347b0d29bb13/datanode-3/data/ratis] (custom)
2019-09-19 14:21:38,143 [pool-49-thread-1] INFO  server.RaftServerConfigKeys (ConfUtils.java:logGet(43)) - raft.server.log.statemachine.data.sync.timeout.retry = -1 (default)
2019-09-19 14:21:38,143 [pool-27-thread-1] INFO  server.RaftServerConfigKeys (ConfUtils.java:logGet(43)) - raft.server.log.statemachine.data.caching.enabled = true (custom)
2019-09-19 14:21:38,143 [pool-49-thread-1] INFO  server.RaftServerConfigKeys (ConfUtils.java:logGet(43)) - raft.server.log.statemachine.data.caching.enabled = true (custom)
2019-09-19 14:21:38,143 [pool-60-thread-1] INFO  storage.RaftStorageDirectory (RaftStorageDirectory.java:analyzeStorage(246)) - The storage directory /workdir/hadoop-ozone/integration-test/target/test-dir/MiniOzoneClusterImpl-210d6028-2152-4683-81ff-347b0d29bb13/datanode-3/data/ratis/e08f1762-4eca-4bad-a825-5b7ddbc4a4ba does not exist. Creating ...
2019-09-19 14:21:38,143 [pool-27-thread-1] INFO  segmented.SegmentedRaftLogWorker (SegmentedRaftLogWorker.java:lambda$new$0(132)) - 85c6a9f3-b9a5-43a5-ac4f-9aa7bd5f2263-SegmentedRaftLogWorker:Storage Directory /workdir/hadoop-ozone/integration-test/target/test-dir/MiniOzoneClusterImpl-210d6028-2152-4683-81ff-347b0d29bb13/datanode-0/data/ratis/e08f1762-4eca-4bad-a825-5b7ddbc4a4ba: flushIndex: setUnconditionally 0 -> -1
2019-09-19 14:21:38,144 [pool-27-thread-1] INFO  server.RaftServerConfigKeys (ConfUtils.java:logGet(43)) - raft.server.snapshot.auto.trigger.enabled = true (custom)
2019-09-19 14:21:38,144 [pool-27-thread-1] INFO  server.RaftServerConfigKeys (ConfUtils.java:logGet(43)) - raft.server.snapshot.auto.trigger.threshold = 10000 (custom)
2019-09-19 14:21:38,144 [pool-49-thread-1] INFO  segmented.SegmentedRaftLogWorker (SegmentedRaftLogWorker.java:lambda$new$0(132)) - 306a7a99-f2a5-4f40-b42b-2fc2def08a6a-SegmentedRaftLogWorker:Storage Directory /workdir/hadoop-ozone/integration-test/target/test-dir/MiniOzoneClusterImpl-210d6028-2152-4683-81ff-347b0d29bb13/datanode-2/data/ratis/e08f1762-4eca-4bad-a825-5b7ddbc4a4ba: flushIndex: setUnconditionally 0 -> -1
2019-09-19 14:21:38,144 [pool-27-thread-1] INFO  server.RaftServerConfigKeys (ConfUtils.java:logGet(43)) - raft.server.retrycache.expirytime = 600000ms (custom)
2019-09-19 14:21:38,144 [pool-49-thread-1] INFO  server.RaftServerConfigKeys (ConfUtils.java:logGet(43)) - raft.server.snapshot.auto.trigger.enabled = true (custom)
2019-09-19 14:21:38,144 [pool-27-thread-1] INFO  impl.RaftServerImpl (RaftServerImpl.java:start(180)) - 85c6a9f3-b9a5-43a5-ac4f-9aa7bd5f2263: start group-5B7DDBC4A4BA
2019-09-19 14:21:38,144 [pool-49-thread-1] INFO  server.RaftServerConfigKeys (ConfUtils.java:logGet(43)) - raft.server.snapshot.auto.trigger.threshold = 10000 (custom)
2019-09-19 14:21:38,145 [pool-27-thread-1] INFO  impl.RaftServerImpl (RaftServerImpl.java:setRole(171)) - 85c6a9f3-b9a5-43a5-ac4f-9aa7bd5f2263:group-5B7DDBC4A4BA changes role from null to FOLLOWER at term 0 for startAsFollower
2019-09-19 14:21:38,145 [pool-49-thread-1] INFO  server.RaftServerConfigKeys (ConfUtils.java:logGet(43)) - raft.server.retrycache.expirytime = 600000ms (custom)
2019-09-19 14:21:38,145 [pool-27-thread-1] INFO  impl.RoleInfo (RoleInfo.java:updateAndGet(143)) - 85c6a9f3-b9a5-43a5-ac4f-9aa7bd5f2263: start FollowerState
2019-09-19 14:21:38,145 [pool-49-thread-1] INFO  impl.RaftServerImpl (RaftServerImpl.java:start(180)) - 306a7a99-f2a5-4f40-b42b-2fc2def08a6a: start group-5B7DDBC4A4BA
2019-09-19 14:21:38,145 [pool-49-thread-1] INFO  impl.RaftServerImpl (RaftServerImpl.java:setRole(171)) - 306a7a99-f2a5-4f40-b42b-2fc2def08a6a:group-5B7DDBC4A4BA changes role from null to FOLLOWER at term 0 for startAsFollower
2019-09-19 14:21:38,145 [pool-49-thread-1] INFO  impl.RoleInfo (RoleInfo.java:updateAndGet(143)) - 306a7a99-f2a5-4f40-b42b-2fc2def08a6a: start FollowerState
2019-09-19 14:21:38,145 [pool-27-thread-1] INFO  util.JmxRegister (JmxRegister.java:tryRegister(44)) - Successfully registered JMX Bean with object name Ratis:service=RaftServer,group=group-5B7DDBC4A4BA,id=85c6a9f3-b9a5-43a5-ac4f-9aa7bd5f2263
2019-09-19 14:21:38,145 [pool-49-thread-1] INFO  util.JmxRegister (JmxRegister.java:tryRegister(44)) - Successfully registered JMX Bean with object name Ratis:service=RaftServer,group=group-5B7DDBC4A4BA,id=306a7a99-f2a5-4f40-b42b-2fc2def08a6a
2019-09-19 14:21:38,147 [pool-60-thread-1] INFO  storage.RaftStorageDirectory (RaftStorageDirectory.java:tryLock(328)) - Lock on /workdir/hadoop-ozone/integration-test/target/test-dir/MiniOzoneClusterImpl-210d6028-2152-4683-81ff-347b0d29bb13/datanode-3/data/ratis/e08f1762-4eca-4bad-a825-5b7ddbc4a4ba/in_use.lock acquired by nodename 16198@pr-hdds-1569-swxfz-3172132826
2019-09-19 14:21:38,155 [pool-60-thread-1] INFO  storage.RaftStorage (RaftStorage.java:format(72)) - Storage directory /workdir/hadoop-ozone/integration-test/target/test-dir/MiniOzoneClusterImpl-210d6028-2152-4683-81ff-347b0d29bb13/datanode-3/data/ratis/e08f1762-4eca-4bad-a825-5b7ddbc4a4ba has been successfully formatted.
2019-09-19 14:21:38,156 [pool-60-thread-1] INFO  ratis.ContainerStateMachine (ContainerStateMachine.java:loadSnapshot(226)) - group-5B7DDBC4A4BA: The snapshot info is null. Setting the last applied indexto:(t:0, i:~)
2019-09-19 14:21:38,156 [pool-60-thread-1] INFO  server.RaftServerConfigKeys (ConfUtils.java:logGet(43)) - raft.server.leader.election.timeout = 120s (custom)
2019-09-19 14:21:38,156 [pool-60-thread-1] INFO  server.RaftServerConfigKeys (ConfUtils.java:logGet(43)) - raft.server.log.use.memory = false (default)
2019-09-19 14:21:38,156 [pool-60-thread-1] INFO  server.RaftServerConfigKeys (ConfUtils.java:logGet(43)) - raft.server.log.purge.gap = 1000000 (custom)
2019-09-19 14:21:38,156 [pool-60-thread-1] INFO  server.RaftServerConfigKeys (ConfUtils.java:logGet(43)) - raft.server.log.appender.buffer.byte-limit = 33554432 (custom)
2019-09-19 14:21:38,156 [pool-60-thread-1] INFO  server.RaftServerConfigKeys (ConfUtils.java:logGet(43)) - raft.server.log.segment.size.max = 1048576 (custom)
2019-09-19 14:21:38,157 [pool-60-thread-1] INFO  server.RaftServerConfigKeys (ConfUtils.java:logGet(43)) - raft.server.log.segment.cache.num.max = 2 (custom)
2019-09-19 14:21:38,157 [pool-60-thread-1] INFO  segmented.SegmentedRaftLogWorker (SegmentedRaftLogWorker.java:<init>(172)) - new 6403e584-2209-453b-b79e-eeb0a7b58516-SegmentedRaftLogWorker:Storage Directory /workdir/hadoop-ozone/integration-test/target/test-dir/MiniOzoneClusterImpl-210d6028-2152-4683-81ff-347b0d29bb13/datanode-3/data/ratis/e08f1762-4eca-4bad-a825-5b7ddbc4a4ba for RaftStorage:Storage Directory /workdir/hadoop-ozone/integration-test/target/test-dir/MiniOzoneClusterImpl-210d6028-2152-4683-81ff-347b0d29bb13/datanode-3/data/ratis/e08f1762-4eca-4bad-a825-5b7ddbc4a4ba
2019-09-19 14:21:38,157 [pool-60-thread-1] INFO  server.RaftServerConfigKeys (ConfUtils.java:logGet(43)) - raft.server.log.queue.byte-limit = 2147483647 (custom)
2019-09-19 14:21:38,157 [pool-60-thread-1] INFO  server.RaftServerConfigKeys (ConfUtils.java:logGet(43)) - raft.server.log.queue.element-limit = 1024 (custom)
2019-09-19 14:21:38,157 [pool-60-thread-1] INFO  server.RaftServerConfigKeys (ConfUtils.java:logGet(43)) - raft.server.log.segment.size.max = 1048576 (custom)
2019-09-19 14:21:38,157 [pool-60-thread-1] INFO  server.RaftServerConfigKeys (ConfUtils.java:logGet(43)) - raft.server.log.preallocated.size = 16384 (custom)
2019-09-19 14:21:38,157 [pool-60-thread-1] INFO  server.RaftServerConfigKeys (ConfUtils.java:logGet(43)) - raft.server.log.write.buffer.size = 33554432 (custom)
2019-09-19 14:21:38,158 [pool-60-thread-1] INFO  server.RaftServerConfigKeys (ConfUtils.java:logGet(43)) - raft.server.log.force.sync.num = 128 (default)
2019-09-19 14:21:38,158 [pool-60-thread-1] INFO  server.RaftServerConfigKeys (ConfUtils.java:logGet(43)) - raft.server.log.statemachine.data.sync = true (default)
2019-09-19 14:21:38,158 [pool-60-thread-1] INFO  server.RaftServerConfigKeys (ConfUtils.java:logGet(43)) - raft.server.log.statemachine.data.sync.timeout = 10s (default)
2019-09-19 14:21:38,158 [pool-60-thread-1] INFO  server.RaftServerConfigKeys (ConfUtils.java:logGet(43)) - raft.server.log.statemachine.data.sync.timeout.retry = -1 (default)
2019-09-19 14:21:38,158 [pool-60-thread-1] INFO  server.RaftServerConfigKeys (ConfUtils.java:logGet(43)) - raft.server.log.statemachine.data.caching.enabled = true (custom)
2019-09-19 14:21:38,159 [pool-60-thread-1] INFO  segmented.SegmentedRaftLogWorker (SegmentedRaftLogWorker.java:lambda$new$0(132)) - 6403e584-2209-453b-b79e-eeb0a7b58516-SegmentedRaftLogWorker:Storage Directory /workdir/hadoop-ozone/integration-test/target/test-dir/MiniOzoneClusterImpl-210d6028-2152-4683-81ff-347b0d29bb13/datanode-3/data/ratis/e08f1762-4eca-4bad-a825-5b7ddbc4a4ba: flushIndex: setUnconditionally 0 -> -1
2019-09-19 14:21:38,159 [pool-60-thread-1] INFO  server.RaftServerConfigKeys (ConfUtils.java:logGet(43)) - raft.server.snapshot.auto.trigger.enabled = true (custom)
2019-09-19 14:21:38,159 [pool-60-thread-1] INFO  server.RaftServerConfigKeys (ConfUtils.java:logGet(43)) - raft.server.snapshot.auto.trigger.threshold = 10000 (custom)
2019-09-19 14:21:38,159 [pool-60-thread-1] INFO  server.RaftServerConfigKeys (ConfUtils.java:logGet(43)) - raft.server.retrycache.expirytime = 600000ms (custom)
2019-09-19 14:21:38,159 [pool-60-thread-1] INFO  impl.RaftServerImpl (RaftServerImpl.java:start(180)) - 6403e584-2209-453b-b79e-eeb0a7b58516: start group-BC6162215A45
2019-09-19 14:21:38,160 [pool-60-thread-1] INFO  impl.RaftServerImpl (RaftServerImpl.java:setRole(171)) - 6403e584-2209-453b-b79e-eeb0a7b58516:group-BC6162215A45 changes role from null to FOLLOWER at term 0 for startAsFollower
2019-09-19 14:21:38,160 [pool-60-thread-1] INFO  impl.RoleInfo (RoleInfo.java:updateAndGet(143)) - 6403e584-2209-453b-b79e-eeb0a7b58516: start FollowerState
2019-09-19 14:21:38,160 [pool-60-thread-1] INFO  util.JmxRegister (JmxRegister.java:tryRegister(44)) - Successfully registered JMX Bean with object name Ratis:service=RaftServer,group=group-BC6162215A45,id=6403e584-2209-453b-b79e-eeb0a7b58516
2019-09-19 14:21:38,160 [pool-60-thread-1] INFO  impl.RaftServerImpl (RaftServerImpl.java:start(180)) - 6403e584-2209-453b-b79e-eeb0a7b58516: start group-2609E2E2A622
2019-09-19 14:21:38,161 [pool-60-thread-1] INFO  impl.RaftServerImpl (RaftServerImpl.java:setRole(171)) - 6403e584-2209-453b-b79e-eeb0a7b58516:group-2609E2E2A622 changes role from null to FOLLOWER at term 0 for startAsFollower
2019-09-19 14:21:38,161 [pool-60-thread-1] INFO  impl.RoleInfo (RoleInfo.java:updateAndGet(143)) - 6403e584-2209-453b-b79e-eeb0a7b58516: start FollowerState
2019-09-19 14:21:38,161 [pool-60-thread-1] INFO  util.JmxRegister (JmxRegister.java:tryRegister(44)) - Successfully registered JMX Bean with object name Ratis:service=RaftServer,group=group-2609E2E2A622,id=6403e584-2209-453b-b79e-eeb0a7b58516
2019-09-19 14:21:38,162 [pool-60-thread-1] INFO  impl.RaftServerImpl (RaftServerImpl.java:start(180)) - 6403e584-2209-453b-b79e-eeb0a7b58516: start group-5B7DDBC4A4BA
2019-09-19 14:21:38,162 [pool-60-thread-1] INFO  impl.RaftServerImpl (RaftServerImpl.java:setRole(171)) - 6403e584-2209-453b-b79e-eeb0a7b58516:group-5B7DDBC4A4BA changes role from null to FOLLOWER at term 0 for startAsFollower
2019-09-19 14:21:38,162 [pool-60-thread-1] INFO  impl.RoleInfo (RoleInfo.java:updateAndGet(143)) - 6403e584-2209-453b-b79e-eeb0a7b58516: start FollowerState
2019-09-19 14:21:38,162 [pool-60-thread-1] INFO  util.JmxRegister (JmxRegister.java:tryRegister(44)) - Successfully registered JMX Bean with object name Ratis:service=RaftServer,group=group-5B7DDBC4A4BA,id=6403e584-2209-453b-b79e-eeb0a7b58516
2019-09-19 14:21:38,165 [IPC Server handler 8 on 34641] INFO  pipeline.PipelineStateManager (PipelineStateManager.java:addPipeline(56)) - Created pipeline Pipeline[ Id: e08f1762-4eca-4bad-a825-5b7ddbc4a4ba, Nodes: 6403e584-2209-453b-b79e-eeb0a7b58516{ip: 192.168.157.226, host: pr-hdds-1569-swxfz-3172132826, networkLocation: /default-rack, certSerialId: null}306a7a99-f2a5-4f40-b42b-2fc2def08a6a{ip: 192.168.157.226, host: pr-hdds-1569-swxfz-3172132826, networkLocation: /default-rack, certSerialId: null}85c6a9f3-b9a5-43a5-ac4f-9aa7bd5f2263{ip: 192.168.157.226, host: pr-hdds-1569-swxfz-3172132826, networkLocation: /default-rack, certSerialId: null}, Type:RATIS, Factor:THREE, State:OPEN]
2019-09-19 14:21:38,175 [grpc-default-executor-2] INFO  impl.RaftServerProxy (RaftServerProxy.java:addNew(89)) - 5dfaa0ea-416a-422c-a75d-43311aceb00a: addNew group-1DACA9507B83:[5dfaa0ea-416a-422c-a75d-43311aceb00a:192.168.157.226:45629] returns group-1DACA9507B83:java.util.concurrent.CompletableFuture@93fb530[Not completed]
2019-09-19 14:21:38,176 [pool-38-thread-1] INFO  impl.RaftServerImpl (RaftServerImpl.java:<init>(93)) - 5dfaa0ea-416a-422c-a75d-43311aceb00a: new RaftServerImpl for group-1DACA9507B83:[5dfaa0ea-416a-422c-a75d-43311aceb00a:192.168.157.226:45629] with ContainerStateMachine:uninitialized
2019-09-19 14:21:38,176 [pool-38-thread-1] INFO  server.RaftServerConfigKeys (ConfUtils.java:logGet(43)) - raft.server.rpc.timeout.min = 5s (custom)
2019-09-19 14:21:38,176 [pool-38-thread-1] INFO  server.RaftServerConfigKeys (ConfUtils.java:logGet(43)) - raft.server.rpc.timeout.max = 5200ms (custom)
2019-09-19 14:21:38,176 [pool-38-thread-1] INFO  server.RaftServerConfigKeys (ConfUtils.java:logGet(43)) - raft.server.rpcslowness.timeout = 120s (custom)
2019-09-19 14:21:38,176 [pool-38-thread-1] INFO  server.RaftServerConfigKeys (ConfUtils.java:logGet(43)) - raft.server.sleep.deviation.threshold = 300 (default)
2019-09-19 14:21:38,176 [pool-38-thread-1] INFO  server.RaftServerConfigKeys (ConfUtils.java:logGet(43)) - raft.server.log.appender.install.snapshot.enabled = false (custom)
2019-09-19 14:21:38,176 [pool-38-thread-1] INFO  impl.RaftServerImpl (ServerState.java:<init>(105)) - 5dfaa0ea-416a-422c-a75d-43311aceb00a:group-1DACA9507B83 ConfigurationManager, init=-1: [5dfaa0ea-416a-422c-a75d-43311aceb00a:192.168.157.226:45629], old=null, confs=<EMPTY_MAP>
2019-09-19 14:21:38,177 [pool-38-thread-1] INFO  server.RaftServerConfigKeys (ConfUtils.java:logGet(43)) - raft.server.storage.dir = [/workdir/hadoop-ozone/integration-test/target/test-dir/MiniOzoneClusterImpl-210d6028-2152-4683-81ff-347b0d29bb13/datanode-1/data/ratis] (custom)
2019-09-19 14:21:38,177 [pool-38-thread-1] INFO  storage.RaftStorageDirectory (RaftStorageDirectory.java:analyzeStorage(246)) - The storage directory /workdir/hadoop-ozone/integration-test/target/test-dir/MiniOzoneClusterImpl-210d6028-2152-4683-81ff-347b0d29bb13/datanode-1/data/ratis/912c6991-e962-47bb-a7b6-1daca9507b83 does not exist. Creating ...
2019-09-19 14:21:38,181 [pool-38-thread-1] INFO  storage.RaftStorageDirectory (RaftStorageDirectory.java:tryLock(328)) - Lock on /workdir/hadoop-ozone/integration-test/target/test-dir/MiniOzoneClusterImpl-210d6028-2152-4683-81ff-347b0d29bb13/datanode-1/data/ratis/912c6991-e962-47bb-a7b6-1daca9507b83/in_use.lock acquired by nodename 16198@pr-hdds-1569-swxfz-3172132826
2019-09-19 14:21:38,185 [pool-38-thread-1] INFO  storage.RaftStorage (RaftStorage.java:format(72)) - Storage directory /workdir/hadoop-ozone/integration-test/target/test-dir/MiniOzoneClusterImpl-210d6028-2152-4683-81ff-347b0d29bb13/datanode-1/data/ratis/912c6991-e962-47bb-a7b6-1daca9507b83 has been successfully formatted.
2019-09-19 14:21:38,185 [pool-38-thread-1] INFO  ratis.ContainerStateMachine (ContainerStateMachine.java:loadSnapshot(226)) - group-1DACA9507B83: The snapshot info is null. Setting the last applied indexto:(t:0, i:~)
2019-09-19 14:21:38,185 [pool-38-thread-1] INFO  server.RaftServerConfigKeys (ConfUtils.java:logGet(43)) - raft.server.leader.election.timeout = 120s (custom)
2019-09-19 14:21:38,185 [pool-38-thread-1] INFO  server.RaftServerConfigKeys (ConfUtils.java:logGet(43)) - raft.server.log.use.memory = false (default)
2019-09-19 14:21:38,185 [pool-38-thread-1] INFO  server.RaftServerConfigKeys (ConfUtils.java:logGet(43)) - raft.server.log.purge.gap = 1000000 (custom)
2019-09-19 14:21:38,185 [pool-38-thread-1] INFO  server.RaftServerConfigKeys (ConfUtils.java:logGet(43)) - raft.server.log.appender.buffer.byte-limit = 33554432 (custom)
2019-09-19 14:21:38,185 [pool-38-thread-1] INFO  server.RaftServerConfigKeys (ConfUtils.java:logGet(43)) - raft.server.log.segment.size.max = 1048576 (custom)
2019-09-19 14:21:38,186 [pool-38-thread-1] INFO  server.RaftServerConfigKeys (ConfUtils.java:logGet(43)) - raft.server.log.segment.cache.num.max = 2 (custom)
2019-09-19 14:21:38,186 [pool-38-thread-1] INFO  segmented.SegmentedRaftLogWorker (SegmentedRaftLogWorker.java:<init>(172)) - new 5dfaa0ea-416a-422c-a75d-43311aceb00a-SegmentedRaftLogWorker:Storage Directory /workdir/hadoop-ozone/integration-test/target/test-dir/MiniOzoneClusterImpl-210d6028-2152-4683-81ff-347b0d29bb13/datanode-1/data/ratis/912c6991-e962-47bb-a7b6-1daca9507b83 for RaftStorage:Storage Directory /workdir/hadoop-ozone/integration-test/target/test-dir/MiniOzoneClusterImpl-210d6028-2152-4683-81ff-347b0d29bb13/datanode-1/data/ratis/912c6991-e962-47bb-a7b6-1daca9507b83
2019-09-19 14:21:38,186 [pool-38-thread-1] INFO  server.RaftServerConfigKeys (ConfUtils.java:logGet(43)) - raft.server.log.queue.byte-limit = 2147483647 (custom)
2019-09-19 14:21:38,186 [pool-38-thread-1] INFO  server.RaftServerConfigKeys (ConfUtils.java:logGet(43)) - raft.server.log.queue.element-limit = 1024 (custom)
2019-09-19 14:21:38,186 [pool-38-thread-1] INFO  server.RaftServerConfigKeys (ConfUtils.java:logGet(43)) - raft.server.log.segment.size.max = 1048576 (custom)
2019-09-19 14:21:38,186 [pool-38-thread-1] INFO  server.RaftServerConfigKeys (ConfUtils.java:logGet(43)) - raft.server.log.preallocated.size = 16384 (custom)
2019-09-19 14:21:38,186 [pool-38-thread-1] INFO  server.RaftServerConfigKeys (ConfUtils.java:logGet(43)) - raft.server.log.write.buffer.size = 33554432 (custom)
2019-09-19 14:21:38,186 [pool-38-thread-1] INFO  server.RaftServerConfigKeys (ConfUtils.java:logGet(43)) - raft.server.log.force.sync.num = 128 (default)
2019-09-19 14:21:38,186 [pool-38-thread-1] INFO  server.RaftServerConfigKeys (ConfUtils.java:logGet(43)) - raft.server.log.statemachine.data.sync = true (default)
2019-09-19 14:21:38,186 [pool-38-thread-1] INFO  server.RaftServerConfigKeys (ConfUtils.java:logGet(43)) - raft.server.log.statemachine.data.sync.timeout = 10s (default)
2019-09-19 14:21:38,187 [pool-38-thread-1] INFO  server.RaftServerConfigKeys (ConfUtils.java:logGet(43)) - raft.server.log.statemachine.data.sync.timeout.retry = -1 (default)
2019-09-19 14:21:38,187 [pool-38-thread-1] INFO  server.RaftServerConfigKeys (ConfUtils.java:logGet(43)) - raft.server.log.statemachine.data.caching.enabled = true (custom)
2019-09-19 14:21:38,187 [pool-38-thread-1] INFO  segmented.SegmentedRaftLogWorker (SegmentedRaftLogWorker.java:lambda$new$0(132)) - 5dfaa0ea-416a-422c-a75d-43311aceb00a-SegmentedRaftLogWorker:Storage Directory /workdir/hadoop-ozone/integration-test/target/test-dir/MiniOzoneClusterImpl-210d6028-2152-4683-81ff-347b0d29bb13/datanode-1/data/ratis/912c6991-e962-47bb-a7b6-1daca9507b83: flushIndex: setUnconditionally 0 -> -1
2019-09-19 14:21:38,187 [pool-38-thread-1] INFO  server.RaftServerConfigKeys (ConfUtils.java:logGet(43)) - raft.server.snapshot.auto.trigger.enabled = true (custom)
2019-09-19 14:21:38,187 [pool-38-thread-1] INFO  server.RaftServerConfigKeys (ConfUtils.java:logGet(43)) - raft.server.snapshot.auto.trigger.threshold = 10000 (custom)
2019-09-19 14:21:38,187 [pool-38-thread-1] INFO  server.RaftServerConfigKeys (ConfUtils.java:logGet(43)) - raft.server.retrycache.expirytime = 600000ms (custom)
2019-09-19 14:21:38,188 [pool-38-thread-1] INFO  impl.RaftServerImpl (RaftServerImpl.java:start(180)) - 5dfaa0ea-416a-422c-a75d-43311aceb00a: start group-1DACA9507B83
2019-09-19 14:21:38,188 [pool-38-thread-1] INFO  impl.RaftServerImpl (RaftServerImpl.java:setRole(171)) - 5dfaa0ea-416a-422c-a75d-43311aceb00a:group-1DACA9507B83 changes role from null to FOLLOWER at term 0 for startAsFollower
2019-09-19 14:21:38,188 [pool-38-thread-1] INFO  impl.RoleInfo (RoleInfo.java:updateAndGet(143)) - 5dfaa0ea-416a-422c-a75d-43311aceb00a: start FollowerState
2019-09-19 14:21:38,188 [pool-38-thread-1] INFO  util.JmxRegister (JmxRegister.java:tryRegister(44)) - Successfully registered JMX Bean with object name Ratis:service=RaftServer,group=group-1DACA9507B83,id=5dfaa0ea-416a-422c-a75d-43311aceb00a
2019-09-19 14:21:38,190 [RatisPipelineUtilsThread] INFO  pipeline.PipelineStateManager (PipelineStateManager.java:addPipeline(56)) - Created pipeline Pipeline[ Id: 912c6991-e962-47bb-a7b6-1daca9507b83, Nodes: 5dfaa0ea-416a-422c-a75d-43311aceb00a{ip: 192.168.157.226, host: pr-hdds-1569-swxfz-3172132826, networkLocation: /default-rack, certSerialId: null}, Type:RATIS, Factor:ONE, State:OPEN]
2019-09-19 14:21:38,194 [grpc-default-executor-2] INFO  impl.RaftServerProxy (RaftServerProxy.java:addNew(89)) - 6403e584-2209-453b-b79e-eeb0a7b58516: addNew group-4E79EB7F747B:[6403e584-2209-453b-b79e-eeb0a7b58516:192.168.157.226:35833] returns group-4E79EB7F747B:java.util.concurrent.CompletableFuture@2c376c83[Not completed]
2019-09-19 14:21:38,195 [pool-60-thread-1] INFO  impl.RaftServerImpl (RaftServerImpl.java:<init>(93)) - 6403e584-2209-453b-b79e-eeb0a7b58516: new RaftServerImpl for group-4E79EB7F747B:[6403e584-2209-453b-b79e-eeb0a7b58516:192.168.157.226:35833] with ContainerStateMachine:uninitialized
2019-09-19 14:21:38,195 | INFO  | SCMAudit | user=jenkins1000 | ip=192.168.157.226 | op=SEND_HEARTBEAT {datanodeUUID=306a7a99-f2a5-4f40-b42b-2fc2def08a6a, command=[]} | ret=SUCCESS |  
2019-09-19 14:21:38,195 | INFO  | SCMAudit | user=jenkins1000 | ip=192.168.157.226 | op=SEND_HEARTBEAT {datanodeUUID=6403e584-2209-453b-b79e-eeb0a7b58516, command=[]} | ret=SUCCESS |  
2019-09-19 14:21:38,195 [pool-60-thread-1] INFO  server.RaftServerConfigKeys (ConfUtils.java:logGet(43)) - raft.server.rpc.timeout.min = 5s (custom)
2019-09-19 14:21:38,195 [pool-60-thread-1] INFO  server.RaftServerConfigKeys (ConfUtils.java:logGet(43)) - raft.server.rpc.timeout.max = 5200ms (custom)
2019-09-19 14:21:38,195 [pool-60-thread-1] INFO  server.RaftServerConfigKeys (ConfUtils.java:logGet(43)) - raft.server.rpcslowness.timeout = 120s (custom)
2019-09-19 14:21:38,195 [pool-60-thread-1] INFO  server.RaftServerConfigKeys (ConfUtils.java:logGet(43)) - raft.server.sleep.deviation.threshold = 300 (default)
2019-09-19 14:21:38,195 [pool-60-thread-1] INFO  server.RaftServerConfigKeys (ConfUtils.java:logGet(43)) - raft.server.log.appender.install.snapshot.enabled = false (custom)
2019-09-19 14:21:38,195 [pool-60-thread-1] INFO  impl.RaftServerImpl (ServerState.java:<init>(105)) - 6403e584-2209-453b-b79e-eeb0a7b58516:group-4E79EB7F747B ConfigurationManager, init=-1: [6403e584-2209-453b-b79e-eeb0a7b58516:192.168.157.226:35833], old=null, confs=<EMPTY_MAP>
2019-09-19 14:21:38,196 [pool-60-thread-1] INFO  server.RaftServerConfigKeys (ConfUtils.java:logGet(43)) - raft.server.storage.dir = [/workdir/hadoop-ozone/integration-test/target/test-dir/MiniOzoneClusterImpl-210d6028-2152-4683-81ff-347b0d29bb13/datanode-3/data/ratis] (custom)
2019-09-19 14:21:38,196 [pool-60-thread-1] INFO  storage.RaftStorageDirectory (RaftStorageDirectory.java:analyzeStorage(246)) - The storage directory /workdir/hadoop-ozone/integration-test/target/test-dir/MiniOzoneClusterImpl-210d6028-2152-4683-81ff-347b0d29bb13/datanode-3/data/ratis/811e15e4-d434-46d3-a094-4e79eb7f747b does not exist. Creating ...
2019-09-19 14:21:38,200 [pool-60-thread-1] INFO  storage.RaftStorageDirectory (RaftStorageDirectory.java:tryLock(328)) - Lock on /workdir/hadoop-ozone/integration-test/target/test-dir/MiniOzoneClusterImpl-210d6028-2152-4683-81ff-347b0d29bb13/datanode-3/data/ratis/811e15e4-d434-46d3-a094-4e79eb7f747b/in_use.lock acquired by nodename 16198@pr-hdds-1569-swxfz-3172132826
2019-09-19 14:21:38,203 [pool-60-thread-1] INFO  storage.RaftStorage (RaftStorage.java:format(72)) - Storage directory /workdir/hadoop-ozone/integration-test/target/test-dir/MiniOzoneClusterImpl-210d6028-2152-4683-81ff-347b0d29bb13/datanode-3/data/ratis/811e15e4-d434-46d3-a094-4e79eb7f747b has been successfully formatted.
2019-09-19 14:21:38,203 [pool-60-thread-1] INFO  ratis.ContainerStateMachine (ContainerStateMachine.java:loadSnapshot(226)) - group-4E79EB7F747B: The snapshot info is null. Setting the last applied indexto:(t:0, i:~)
2019-09-19 14:21:38,203 [pool-60-thread-1] INFO  server.RaftServerConfigKeys (ConfUtils.java:logGet(43)) - raft.server.leader.election.timeout = 120s (custom)
2019-09-19 14:21:38,204 [pool-60-thread-1] INFO  server.RaftServerConfigKeys (ConfUtils.java:logGet(43)) - raft.server.log.use.memory = false (default)
2019-09-19 14:21:38,204 [pool-60-thread-1] INFO  server.RaftServerConfigKeys (ConfUtils.java:logGet(43)) - raft.server.log.purge.gap = 1000000 (custom)
2019-09-19 14:21:38,204 [pool-60-thread-1] INFO  server.RaftServerConfigKeys (ConfUtils.java:logGet(43)) - raft.server.log.appender.buffer.byte-limit = 33554432 (custom)
2019-09-19 14:21:38,204 [pool-60-thread-1] INFO  server.RaftServerConfigKeys (ConfUtils.java:logGet(43)) - raft.server.log.segment.size.max = 1048576 (custom)
2019-09-19 14:21:38,204 [pool-60-thread-1] INFO  server.RaftServerConfigKeys (ConfUtils.java:logGet(43)) - raft.server.log.segment.cache.num.max = 2 (custom)
2019-09-19 14:21:38,204 [pool-60-thread-1] INFO  segmented.SegmentedRaftLogWorker (SegmentedRaftLogWorker.java:<init>(172)) - new 6403e584-2209-453b-b79e-eeb0a7b58516-SegmentedRaftLogWorker:Storage Directory /workdir/hadoop-ozone/integration-test/target/test-dir/MiniOzoneClusterImpl-210d6028-2152-4683-81ff-347b0d29bb13/datanode-3/data/ratis/811e15e4-d434-46d3-a094-4e79eb7f747b for RaftStorage:Storage Directory /workdir/hadoop-ozone/integration-test/target/test-dir/MiniOzoneClusterImpl-210d6028-2152-4683-81ff-347b0d29bb13/datanode-3/data/ratis/811e15e4-d434-46d3-a094-4e79eb7f747b
2019-09-19 14:21:38,204 [pool-60-thread-1] INFO  server.RaftServerConfigKeys (ConfUtils.java:logGet(43)) - raft.server.log.queue.byte-limit = 2147483647 (custom)
2019-09-19 14:21:38,204 [pool-60-thread-1] INFO  server.RaftServerConfigKeys (ConfUtils.java:logGet(43)) - raft.server.log.queue.element-limit = 1024 (custom)
2019-09-19 14:21:38,204 [pool-60-thread-1] INFO  server.RaftServerConfigKeys (ConfUtils.java:logGet(43)) - raft.server.log.segment.size.max = 1048576 (custom)
2019-09-19 14:21:38,204 [pool-60-thread-1] INFO  server.RaftServerConfigKeys (ConfUtils.java:logGet(43)) - raft.server.log.preallocated.size = 16384 (custom)
2019-09-19 14:21:38,205 [pool-60-thread-1] INFO  server.RaftServerConfigKeys (ConfUtils.java:logGet(43)) - raft.server.log.write.buffer.size = 33554432 (custom)
2019-09-19 14:21:38,205 [pool-60-thread-1] INFO  server.RaftServerConfigKeys (ConfUtils.java:logGet(43)) - raft.server.log.force.sync.num = 128 (default)
2019-09-19 14:21:38,205 [pool-60-thread-1] INFO  server.RaftServerConfigKeys (ConfUtils.java:logGet(43)) - raft.server.log.statemachine.data.sync = true (default)
2019-09-19 14:21:38,205 [pool-60-thread-1] INFO  server.RaftServerConfigKeys (ConfUtils.java:logGet(43)) - raft.server.log.statemachine.data.sync.timeout = 10s (default)
2019-09-19 14:21:38,205 [pool-60-thread-1] INFO  server.RaftServerConfigKeys (ConfUtils.java:logGet(43)) - raft.server.log.statemachine.data.sync.timeout.retry = -1 (default)
2019-09-19 14:21:38,205 [pool-60-thread-1] INFO  server.RaftServerConfigKeys (ConfUtils.java:logGet(43)) - raft.server.log.statemachine.data.caching.enabled = true (custom)
2019-09-19 14:21:38,205 [pool-60-thread-1] INFO  segmented.SegmentedRaftLogWorker (SegmentedRaftLogWorker.java:lambda$new$0(132)) - 6403e584-2209-453b-b79e-eeb0a7b58516-SegmentedRaftLogWorker:Storage Directory /workdir/hadoop-ozone/integration-test/target/test-dir/MiniOzoneClusterImpl-210d6028-2152-4683-81ff-347b0d29bb13/datanode-3/data/ratis/811e15e4-d434-46d3-a094-4e79eb7f747b: flushIndex: setUnconditionally 0 -> -1
2019-09-19 14:21:38,205 [pool-60-thread-1] INFO  server.RaftServerConfigKeys (ConfUtils.java:logGet(43)) - raft.server.snapshot.auto.trigger.enabled = true (custom)
2019-09-19 14:21:38,206 [pool-60-thread-1] INFO  server.RaftServerConfigKeys (ConfUtils.java:logGet(43)) - raft.server.snapshot.auto.trigger.threshold = 10000 (custom)
2019-09-19 14:21:38,206 [pool-60-thread-1] INFO  server.RaftServerConfigKeys (ConfUtils.java:logGet(43)) - raft.server.retrycache.expirytime = 600000ms (custom)
2019-09-19 14:21:38,206 [pool-60-thread-1] INFO  impl.RaftServerImpl (RaftServerImpl.java:start(180)) - 6403e584-2209-453b-b79e-eeb0a7b58516: start group-4E79EB7F747B
2019-09-19 14:21:38,206 [pool-60-thread-1] INFO  impl.RaftServerImpl (RaftServerImpl.java:setRole(171)) - 6403e584-2209-453b-b79e-eeb0a7b58516:group-4E79EB7F747B changes role from null to FOLLOWER at term 0 for startAsFollower
2019-09-19 14:21:38,206 [pool-60-thread-1] INFO  impl.RoleInfo (RoleInfo.java:updateAndGet(143)) - 6403e584-2209-453b-b79e-eeb0a7b58516: start FollowerState
2019-09-19 14:21:38,206 [pool-60-thread-1] INFO  util.JmxRegister (JmxRegister.java:tryRegister(44)) - Successfully registered JMX Bean with object name Ratis:service=RaftServer,group=group-4E79EB7F747B,id=6403e584-2209-453b-b79e-eeb0a7b58516
2019-09-19 14:21:38,208 [RatisPipelineUtilsThread] INFO  pipeline.PipelineStateManager (PipelineStateManager.java:addPipeline(56)) - Created pipeline Pipeline[ Id: 811e15e4-d434-46d3-a094-4e79eb7f747b, Nodes: 6403e584-2209-453b-b79e-eeb0a7b58516{ip: 192.168.157.226, host: pr-hdds-1569-swxfz-3172132826, networkLocation: /default-rack, certSerialId: null}, Type:RATIS, Factor:ONE, State:OPEN]
2019-09-19 14:21:38,212 [grpc-default-executor-2] INFO  impl.RaftServerProxy (RaftServerProxy.java:addNew(89)) - 6403e584-2209-453b-b79e-eeb0a7b58516: addNew group-A0DEC22EACB4:[6403e584-2209-453b-b79e-eeb0a7b58516:192.168.157.226:35833] returns group-A0DEC22EACB4:java.util.concurrent.CompletableFuture@123bdf63[Not completed]
2019-09-19 14:21:38,213 [pool-60-thread-1] INFO  impl.RaftServerImpl (RaftServerImpl.java:<init>(93)) - 6403e584-2209-453b-b79e-eeb0a7b58516: new RaftServerImpl for group-A0DEC22EACB4:[6403e584-2209-453b-b79e-eeb0a7b58516:192.168.157.226:35833] with ContainerStateMachine:uninitialized
2019-09-19 14:21:38,213 [pool-60-thread-1] INFO  server.RaftServerConfigKeys (ConfUtils.java:logGet(43)) - raft.server.rpc.timeout.min = 5s (custom)
2019-09-19 14:21:38,213 [pool-60-thread-1] INFO  server.RaftServerConfigKeys (ConfUtils.java:logGet(43)) - raft.server.rpc.timeout.max = 5200ms (custom)
2019-09-19 14:21:38,213 [pool-60-thread-1] INFO  server.RaftServerConfigKeys (ConfUtils.java:logGet(43)) - raft.server.rpcslowness.timeout = 120s (custom)
2019-09-19 14:21:38,213 [pool-60-thread-1] INFO  server.RaftServerConfigKeys (ConfUtils.java:logGet(43)) - raft.server.sleep.deviation.threshold = 300 (default)
2019-09-19 14:21:38,213 [pool-60-thread-1] INFO  server.RaftServerConfigKeys (ConfUtils.java:logGet(43)) - raft.server.log.appender.install.snapshot.enabled = false (custom)
2019-09-19 14:21:38,214 [pool-60-thread-1] INFO  impl.RaftServerImpl (ServerState.java:<init>(105)) - 6403e584-2209-453b-b79e-eeb0a7b58516:group-A0DEC22EACB4 ConfigurationManager, init=-1: [6403e584-2209-453b-b79e-eeb0a7b58516:192.168.157.226:35833], old=null, confs=<EMPTY_MAP>
2019-09-19 14:21:38,214 [pool-60-thread-1] INFO  server.RaftServerConfigKeys (ConfUtils.java:logGet(43)) - raft.server.storage.dir = [/workdir/hadoop-ozone/integration-test/target/test-dir/MiniOzoneClusterImpl-210d6028-2152-4683-81ff-347b0d29bb13/datanode-3/data/ratis] (custom)
2019-09-19 14:21:38,214 [pool-60-thread-1] INFO  storage.RaftStorageDirectory (RaftStorageDirectory.java:analyzeStorage(246)) - The storage directory /workdir/hadoop-ozone/integration-test/target/test-dir/MiniOzoneClusterImpl-210d6028-2152-4683-81ff-347b0d29bb13/datanode-3/data/ratis/1a967c74-1c30-4a67-8e0b-a0dec22eacb4 does not exist. Creating ...
2019-09-19 14:21:38,219 [pool-60-thread-1] INFO  storage.RaftStorageDirectory (RaftStorageDirectory.java:tryLock(328)) - Lock on /workdir/hadoop-ozone/integration-test/target/test-dir/MiniOzoneClusterImpl-210d6028-2152-4683-81ff-347b0d29bb13/datanode-3/data/ratis/1a967c74-1c30-4a67-8e0b-a0dec22eacb4/in_use.lock acquired by nodename 16198@pr-hdds-1569-swxfz-3172132826
2019-09-19 14:21:38,224 [pool-60-thread-1] INFO  storage.RaftStorage (RaftStorage.java:format(72)) - Storage directory /workdir/hadoop-ozone/integration-test/target/test-dir/MiniOzoneClusterImpl-210d6028-2152-4683-81ff-347b0d29bb13/datanode-3/data/ratis/1a967c74-1c30-4a67-8e0b-a0dec22eacb4 has been successfully formatted.
2019-09-19 14:21:38,224 [pool-60-thread-1] INFO  ratis.ContainerStateMachine (ContainerStateMachine.java:loadSnapshot(226)) - group-A0DEC22EACB4: The snapshot info is null. Setting the last applied indexto:(t:0, i:~)
2019-09-19 14:21:38,224 [pool-60-thread-1] INFO  server.RaftServerConfigKeys (ConfUtils.java:logGet(43)) - raft.server.leader.election.timeout = 120s (custom)
2019-09-19 14:21:38,224 [pool-60-thread-1] INFO  server.RaftServerConfigKeys (ConfUtils.java:logGet(43)) - raft.server.log.use.memory = false (default)
2019-09-19 14:21:38,224 [pool-60-thread-1] INFO  server.RaftServerConfigKeys (ConfUtils.java:logGet(43)) - raft.server.log.purge.gap = 1000000 (custom)
2019-09-19 14:21:38,224 [pool-60-thread-1] INFO  server.RaftServerConfigKeys (ConfUtils.java:logGet(43)) - raft.server.log.appender.buffer.byte-limit = 33554432 (custom)
2019-09-19 14:21:38,225 [pool-60-thread-1] INFO  server.RaftServerConfigKeys (ConfUtils.java:logGet(43)) - raft.server.log.segment.size.max = 1048576 (custom)
2019-09-19 14:21:38,225 [pool-60-thread-1] INFO  server.RaftServerConfigKeys (ConfUtils.java:logGet(43)) - raft.server.log.segment.cache.num.max = 2 (custom)
2019-09-19 14:21:38,225 [pool-60-thread-1] INFO  segmented.SegmentedRaftLogWorker (SegmentedRaftLogWorker.java:<init>(172)) - new 6403e584-2209-453b-b79e-eeb0a7b58516-SegmentedRaftLogWorker:Storage Directory /workdir/hadoop-ozone/integration-test/target/test-dir/MiniOzoneClusterImpl-210d6028-2152-4683-81ff-347b0d29bb13/datanode-3/data/ratis/1a967c74-1c30-4a67-8e0b-a0dec22eacb4 for RaftStorage:Storage Directory /workdir/hadoop-ozone/integration-test/target/test-dir/MiniOzoneClusterImpl-210d6028-2152-4683-81ff-347b0d29bb13/datanode-3/data/ratis/1a967c74-1c30-4a67-8e0b-a0dec22eacb4
2019-09-19 14:21:38,225 [pool-60-thread-1] INFO  server.RaftServerConfigKeys (ConfUtils.java:logGet(43)) - raft.server.log.queue.byte-limit = 2147483647 (custom)
2019-09-19 14:21:38,225 [pool-60-thread-1] INFO  server.RaftServerConfigKeys (ConfUtils.java:logGet(43)) - raft.server.log.queue.element-limit = 1024 (custom)
2019-09-19 14:21:38,225 [pool-60-thread-1] INFO  server.RaftServerConfigKeys (ConfUtils.java:logGet(43)) - raft.server.log.segment.size.max = 1048576 (custom)
2019-09-19 14:21:38,225 [pool-60-thread-1] INFO  server.RaftServerConfigKeys (ConfUtils.java:logGet(43)) - raft.server.log.preallocated.size = 16384 (custom)
2019-09-19 14:21:38,225 [pool-60-thread-1] INFO  server.RaftServerConfigKeys (ConfUtils.java:logGet(43)) - raft.server.log.write.buffer.size = 33554432 (custom)
2019-09-19 14:21:38,225 [pool-60-thread-1] INFO  server.RaftServerConfigKeys (ConfUtils.java:logGet(43)) - raft.server.log.force.sync.num = 128 (default)
2019-09-19 14:21:38,226 [pool-60-thread-1] INFO  server.RaftServerConfigKeys (ConfUtils.java:logGet(43)) - raft.server.log.statemachine.data.sync = true (default)
2019-09-19 14:21:38,226 [pool-60-thread-1] INFO  server.RaftServerConfigKeys (ConfUtils.java:logGet(43)) - raft.server.log.statemachine.data.sync.timeout = 10s (default)
2019-09-19 14:21:38,226 [pool-60-thread-1] INFO  server.RaftServerConfigKeys (ConfUtils.java:logGet(43)) - raft.server.log.statemachine.data.sync.timeout.retry = -1 (default)
2019-09-19 14:21:38,226 [pool-60-thread-1] INFO  server.RaftServerConfigKeys (ConfUtils.java:logGet(43)) - raft.server.log.statemachine.data.caching.enabled = true (custom)
2019-09-19 14:21:38,226 [pool-60-thread-1] INFO  segmented.SegmentedRaftLogWorker (SegmentedRaftLogWorker.java:lambda$new$0(132)) - 6403e584-2209-453b-b79e-eeb0a7b58516-SegmentedRaftLogWorker:Storage Directory /workdir/hadoop-ozone/integration-test/target/test-dir/MiniOzoneClusterImpl-210d6028-2152-4683-81ff-347b0d29bb13/datanode-3/data/ratis/1a967c74-1c30-4a67-8e0b-a0dec22eacb4: flushIndex: setUnconditionally 0 -> -1
2019-09-19 14:21:38,226 [pool-60-thread-1] INFO  server.RaftServerConfigKeys (ConfUtils.java:logGet(43)) - raft.server.snapshot.auto.trigger.enabled = true (custom)
2019-09-19 14:21:38,227 [pool-60-thread-1] INFO  server.RaftServerConfigKeys (ConfUtils.java:logGet(43)) - raft.server.snapshot.auto.trigger.threshold = 10000 (custom)
2019-09-19 14:21:38,227 [pool-60-thread-1] INFO  server.RaftServerConfigKeys (ConfUtils.java:logGet(43)) - raft.server.retrycache.expirytime = 600000ms (custom)
2019-09-19 14:21:38,227 [pool-60-thread-1] INFO  impl.RaftServerImpl (RaftServerImpl.java:start(180)) - 6403e584-2209-453b-b79e-eeb0a7b58516: start group-A0DEC22EACB4
2019-09-19 14:21:38,227 [pool-60-thread-1] INFO  impl.RaftServerImpl (RaftServerImpl.java:setRole(171)) - 6403e584-2209-453b-b79e-eeb0a7b58516:group-A0DEC22EACB4 changes role from null to FOLLOWER at term 0 for startAsFollower
2019-09-19 14:21:38,227 [pool-60-thread-1] INFO  impl.RoleInfo (RoleInfo.java:updateAndGet(143)) - 6403e584-2209-453b-b79e-eeb0a7b58516: start FollowerState
2019-09-19 14:21:38,227 [pool-60-thread-1] INFO  util.JmxRegister (JmxRegister.java:tryRegister(44)) - Successfully registered JMX Bean with object name Ratis:service=RaftServer,group=group-A0DEC22EACB4,id=6403e584-2209-453b-b79e-eeb0a7b58516
2019-09-19 14:21:38,229 [RatisPipelineUtilsThread] INFO  pipeline.PipelineStateManager (PipelineStateManager.java:addPipeline(56)) - Created pipeline Pipeline[ Id: 1a967c74-1c30-4a67-8e0b-a0dec22eacb4, Nodes: 6403e584-2209-453b-b79e-eeb0a7b58516{ip: 192.168.157.226, host: pr-hdds-1569-swxfz-3172132826, networkLocation: /default-rack, certSerialId: null}, Type:RATIS, Factor:ONE, State:OPEN]
2019-09-19 14:21:38,233 [grpc-default-executor-2] INFO  impl.RaftServerProxy (RaftServerProxy.java:addNew(89)) - 306a7a99-f2a5-4f40-b42b-2fc2def08a6a: addNew group-60147ED89FF9:[306a7a99-f2a5-4f40-b42b-2fc2def08a6a:192.168.157.226:42633] returns group-60147ED89FF9:java.util.concurrent.CompletableFuture@4c58d0ee[Not completed]
2019-09-19 14:21:38,234 [pool-49-thread-1] INFO  impl.RaftServerImpl (RaftServerImpl.java:<init>(93)) - 306a7a99-f2a5-4f40-b42b-2fc2def08a6a: new RaftServerImpl for group-60147ED89FF9:[306a7a99-f2a5-4f40-b42b-2fc2def08a6a:192.168.157.226:42633] with ContainerStateMachine:uninitialized
2019-09-19 14:21:38,234 [pool-49-thread-1] INFO  server.RaftServerConfigKeys (ConfUtils.java:logGet(43)) - raft.server.rpc.timeout.min = 5s (custom)
2019-09-19 14:21:38,234 [pool-49-thread-1] INFO  server.RaftServerConfigKeys (ConfUtils.java:logGet(43)) - raft.server.rpc.timeout.max = 5200ms (custom)
2019-09-19 14:21:38,234 [pool-49-thread-1] INFO  server.RaftServerConfigKeys (ConfUtils.java:logGet(43)) - raft.server.rpcslowness.timeout = 120s (custom)
2019-09-19 14:21:38,234 [pool-49-thread-1] INFO  server.RaftServerConfigKeys (ConfUtils.java:logGet(43)) - raft.server.sleep.deviation.threshold = 300 (default)
2019-09-19 14:21:38,234 [pool-49-thread-1] INFO  server.RaftServerConfigKeys (ConfUtils.java:logGet(43)) - raft.server.log.appender.install.snapshot.enabled = false (custom)
2019-09-19 14:21:38,234 [pool-49-thread-1] INFO  impl.RaftServerImpl (ServerState.java:<init>(105)) - 306a7a99-f2a5-4f40-b42b-2fc2def08a6a:group-60147ED89FF9 ConfigurationManager, init=-1: [306a7a99-f2a5-4f40-b42b-2fc2def08a6a:192.168.157.226:42633], old=null, confs=<EMPTY_MAP>
2019-09-19 14:21:38,234 [pool-49-thread-1] INFO  server.RaftServerConfigKeys (ConfUtils.java:logGet(43)) - raft.server.storage.dir = [/workdir/hadoop-ozone/integration-test/target/test-dir/MiniOzoneClusterImpl-210d6028-2152-4683-81ff-347b0d29bb13/datanode-2/data/ratis] (custom)
2019-09-19 14:21:38,235 [pool-49-thread-1] INFO  storage.RaftStorageDirectory (RaftStorageDirectory.java:analyzeStorage(246)) - The storage directory /workdir/hadoop-ozone/integration-test/target/test-dir/MiniOzoneClusterImpl-210d6028-2152-4683-81ff-347b0d29bb13/datanode-2/data/ratis/edee3d90-d322-40b3-ad7e-60147ed89ff9 does not exist. Creating ...
2019-09-19 14:21:38,238 [pool-49-thread-1] INFO  storage.RaftStorageDirectory (RaftStorageDirectory.java:tryLock(328)) - Lock on /workdir/hadoop-ozone/integration-test/target/test-dir/MiniOzoneClusterImpl-210d6028-2152-4683-81ff-347b0d29bb13/datanode-2/data/ratis/edee3d90-d322-40b3-ad7e-60147ed89ff9/in_use.lock acquired by nodename 16198@pr-hdds-1569-swxfz-3172132826
2019-09-19 14:21:38,242 [pool-49-thread-1] INFO  storage.RaftStorage (RaftStorage.java:format(72)) - Storage directory /workdir/hadoop-ozone/integration-test/target/test-dir/MiniOzoneClusterImpl-210d6028-2152-4683-81ff-347b0d29bb13/datanode-2/data/ratis/edee3d90-d322-40b3-ad7e-60147ed89ff9 has been successfully formatted.
2019-09-19 14:21:38,242 [pool-49-thread-1] INFO  ratis.ContainerStateMachine (ContainerStateMachine.java:loadSnapshot(226)) - group-60147ED89FF9: The snapshot info is null. Setting the last applied indexto:(t:0, i:~)
2019-09-19 14:21:38,242 [pool-49-thread-1] INFO  server.RaftServerConfigKeys (ConfUtils.java:logGet(43)) - raft.server.leader.election.timeout = 120s (custom)
2019-09-19 14:21:38,242 [pool-49-thread-1] INFO  server.RaftServerConfigKeys (ConfUtils.java:logGet(43)) - raft.server.log.use.memory = false (default)
2019-09-19 14:21:38,242 [pool-49-thread-1] INFO  server.RaftServerConfigKeys (ConfUtils.java:logGet(43)) - raft.server.log.purge.gap = 1000000 (custom)
2019-09-19 14:21:38,242 [pool-49-thread-1] INFO  server.RaftServerConfigKeys (ConfUtils.java:logGet(43)) - raft.server.log.appender.buffer.byte-limit = 33554432 (custom)
2019-09-19 14:21:38,242 [pool-49-thread-1] INFO  server.RaftServerConfigKeys (ConfUtils.java:logGet(43)) - raft.server.log.segment.size.max = 1048576 (custom)
2019-09-19 14:21:38,243 [pool-49-thread-1] INFO  server.RaftServerConfigKeys (ConfUtils.java:logGet(43)) - raft.server.log.segment.cache.num.max = 2 (custom)
2019-09-19 14:21:38,243 [pool-49-thread-1] INFO  segmented.SegmentedRaftLogWorker (SegmentedRaftLogWorker.java:<init>(172)) - new 306a7a99-f2a5-4f40-b42b-2fc2def08a6a-SegmentedRaftLogWorker:Storage Directory /workdir/hadoop-ozone/integration-test/target/test-dir/MiniOzoneClusterImpl-210d6028-2152-4683-81ff-347b0d29bb13/datanode-2/data/ratis/edee3d90-d322-40b3-ad7e-60147ed89ff9 for RaftStorage:Storage Directory /workdir/hadoop-ozone/integration-test/target/test-dir/MiniOzoneClusterImpl-210d6028-2152-4683-81ff-347b0d29bb13/datanode-2/data/ratis/edee3d90-d322-40b3-ad7e-60147ed89ff9
2019-09-19 14:21:38,243 [pool-49-thread-1] INFO  server.RaftServerConfigKeys (ConfUtils.java:logGet(43)) - raft.server.log.queue.byte-limit = 2147483647 (custom)
2019-09-19 14:21:38,243 [pool-49-thread-1] INFO  server.RaftServerConfigKeys (ConfUtils.java:logGet(43)) - raft.server.log.queue.element-limit = 1024 (custom)
2019-09-19 14:21:38,243 [pool-49-thread-1] INFO  server.RaftServerConfigKeys (ConfUtils.java:logGet(43)) - raft.server.log.segment.size.max = 1048576 (custom)
2019-09-19 14:21:38,243 [pool-49-thread-1] INFO  server.RaftServerConfigKeys (ConfUtils.java:logGet(43)) - raft.server.log.preallocated.size = 16384 (custom)
2019-09-19 14:21:38,243 [pool-49-thread-1] INFO  server.RaftServerConfigKeys (ConfUtils.java:logGet(43)) - raft.server.log.write.buffer.size = 33554432 (custom)
2019-09-19 14:21:38,243 [pool-49-thread-1] INFO  server.RaftServerConfigKeys (ConfUtils.java:logGet(43)) - raft.server.log.force.sync.num = 128 (default)
2019-09-19 14:21:38,243 [pool-49-thread-1] INFO  server.RaftServerConfigKeys (ConfUtils.java:logGet(43)) - raft.server.log.statemachine.data.sync = true (default)
2019-09-19 14:21:38,243 [pool-49-thread-1] INFO  server.RaftServerConfigKeys (ConfUtils.java:logGet(43)) - raft.server.log.statemachine.data.sync.timeout = 10s (default)
2019-09-19 14:21:38,244 [pool-49-thread-1] INFO  server.RaftServerConfigKeys (ConfUtils.java:logGet(43)) - raft.server.log.statemachine.data.sync.timeout.retry = -1 (default)
2019-09-19 14:21:38,244 [pool-49-thread-1] INFO  server.RaftServerConfigKeys (ConfUtils.java:logGet(43)) - raft.server.log.statemachine.data.caching.enabled = true (custom)
2019-09-19 14:21:38,244 [pool-49-thread-1] INFO  segmented.SegmentedRaftLogWorker (SegmentedRaftLogWorker.java:lambda$new$0(132)) - 306a7a99-f2a5-4f40-b42b-2fc2def08a6a-SegmentedRaftLogWorker:Storage Directory /workdir/hadoop-ozone/integration-test/target/test-dir/MiniOzoneClusterImpl-210d6028-2152-4683-81ff-347b0d29bb13/datanode-2/data/ratis/edee3d90-d322-40b3-ad7e-60147ed89ff9: flushIndex: setUnconditionally 0 -> -1
2019-09-19 14:21:38,244 [pool-49-thread-1] INFO  server.RaftServerConfigKeys (ConfUtils.java:logGet(43)) - raft.server.snapshot.auto.trigger.enabled = true (custom)
2019-09-19 14:21:38,244 [pool-49-thread-1] INFO  server.RaftServerConfigKeys (ConfUtils.java:logGet(43)) - raft.server.snapshot.auto.trigger.threshold = 10000 (custom)
2019-09-19 14:21:38,244 [pool-49-thread-1] INFO  server.RaftServerConfigKeys (ConfUtils.java:logGet(43)) - raft.server.retrycache.expirytime = 600000ms (custom)
2019-09-19 14:21:38,245 [pool-49-thread-1] INFO  impl.RaftServerImpl (RaftServerImpl.java:start(180)) - 306a7a99-f2a5-4f40-b42b-2fc2def08a6a: start group-60147ED89FF9
2019-09-19 14:21:38,245 [pool-49-thread-1] INFO  impl.RaftServerImpl (RaftServerImpl.java:setRole(171)) - 306a7a99-f2a5-4f40-b42b-2fc2def08a6a:group-60147ED89FF9 changes role from null to FOLLOWER at term 0 for startAsFollower
2019-09-19 14:21:38,245 [pool-49-thread-1] INFO  impl.RoleInfo (RoleInfo.java:updateAndGet(143)) - 306a7a99-f2a5-4f40-b42b-2fc2def08a6a: start FollowerState
2019-09-19 14:21:38,245 [pool-49-thread-1] INFO  util.JmxRegister (JmxRegister.java:tryRegister(44)) - Successfully registered JMX Bean with object name Ratis:service=RaftServer,group=group-60147ED89FF9,id=306a7a99-f2a5-4f40-b42b-2fc2def08a6a
2019-09-19 14:21:38,247 [RatisPipelineUtilsThread] INFO  pipeline.PipelineStateManager (PipelineStateManager.java:addPipeline(56)) - Created pipeline Pipeline[ Id: edee3d90-d322-40b3-ad7e-60147ed89ff9, Nodes: 306a7a99-f2a5-4f40-b42b-2fc2def08a6a{ip: 192.168.157.226, host: pr-hdds-1569-swxfz-3172132826, networkLocation: /default-rack, certSerialId: null}, Type:RATIS, Factor:ONE, State:OPEN]
2019-09-19 14:21:38,251 [grpc-default-executor-2] INFO  impl.RaftServerProxy (RaftServerProxy.java:addNew(89)) - 306a7a99-f2a5-4f40-b42b-2fc2def08a6a: addNew group-9B6C58BBB087:[306a7a99-f2a5-4f40-b42b-2fc2def08a6a:192.168.157.226:42633] returns group-9B6C58BBB087:java.util.concurrent.CompletableFuture@2d258641[Not completed]
2019-09-19 14:21:38,252 [pool-49-thread-1] INFO  impl.RaftServerImpl (RaftServerImpl.java:<init>(93)) - 306a7a99-f2a5-4f40-b42b-2fc2def08a6a: new RaftServerImpl for group-9B6C58BBB087:[306a7a99-f2a5-4f40-b42b-2fc2def08a6a:192.168.157.226:42633] with ContainerStateMachine:uninitialized
2019-09-19 14:21:38,252 [pool-49-thread-1] INFO  server.RaftServerConfigKeys (ConfUtils.java:logGet(43)) - raft.server.rpc.timeout.min = 5s (custom)
2019-09-19 14:21:38,252 [pool-49-thread-1] INFO  server.RaftServerConfigKeys (ConfUtils.java:logGet(43)) - raft.server.rpc.timeout.max = 5200ms (custom)
2019-09-19 14:21:38,252 [pool-49-thread-1] INFO  server.RaftServerConfigKeys (ConfUtils.java:logGet(43)) - raft.server.rpcslowness.timeout = 120s (custom)
2019-09-19 14:21:38,252 [pool-49-thread-1] INFO  server.RaftServerConfigKeys (ConfUtils.java:logGet(43)) - raft.server.sleep.deviation.threshold = 300 (default)
2019-09-19 14:21:38,252 [pool-49-thread-1] INFO  server.RaftServerConfigKeys (ConfUtils.java:logGet(43)) - raft.server.log.appender.install.snapshot.enabled = false (custom)
2019-09-19 14:21:38,253 [pool-49-thread-1] INFO  impl.RaftServerImpl (ServerState.java:<init>(105)) - 306a7a99-f2a5-4f40-b42b-2fc2def08a6a:group-9B6C58BBB087 ConfigurationManager, init=-1: [306a7a99-f2a5-4f40-b42b-2fc2def08a6a:192.168.157.226:42633], old=null, confs=<EMPTY_MAP>
2019-09-19 14:21:38,253 [pool-49-thread-1] INFO  server.RaftServerConfigKeys (ConfUtils.java:logGet(43)) - raft.server.storage.dir = [/workdir/hadoop-ozone/integration-test/target/test-dir/MiniOzoneClusterImpl-210d6028-2152-4683-81ff-347b0d29bb13/datanode-2/data/ratis] (custom)
2019-09-19 14:21:38,253 [pool-49-thread-1] INFO  storage.RaftStorageDirectory (RaftStorageDirectory.java:analyzeStorage(246)) - The storage directory /workdir/hadoop-ozone/integration-test/target/test-dir/MiniOzoneClusterImpl-210d6028-2152-4683-81ff-347b0d29bb13/datanode-2/data/ratis/b396d099-55cf-499e-8266-9b6c58bbb087 does not exist. Creating ...
2019-09-19 14:21:38,258 [pool-49-thread-1] INFO  storage.RaftStorageDirectory (RaftStorageDirectory.java:tryLock(328)) - Lock on /workdir/hadoop-ozone/integration-test/target/test-dir/MiniOzoneClusterImpl-210d6028-2152-4683-81ff-347b0d29bb13/datanode-2/data/ratis/b396d099-55cf-499e-8266-9b6c58bbb087/in_use.lock acquired by nodename 16198@pr-hdds-1569-swxfz-3172132826
2019-09-19 14:21:38,262 [pool-49-thread-1] INFO  storage.RaftStorage (RaftStorage.java:format(72)) - Storage directory /workdir/hadoop-ozone/integration-test/target/test-dir/MiniOzoneClusterImpl-210d6028-2152-4683-81ff-347b0d29bb13/datanode-2/data/ratis/b396d099-55cf-499e-8266-9b6c58bbb087 has been successfully formatted.
2019-09-19 14:21:38,262 [pool-49-thread-1] INFO  ratis.ContainerStateMachine (ContainerStateMachine.java:loadSnapshot(226)) - group-9B6C58BBB087: The snapshot info is null. Setting the last applied indexto:(t:0, i:~)
2019-09-19 14:21:38,262 [pool-49-thread-1] INFO  server.RaftServerConfigKeys (ConfUtils.java:logGet(43)) - raft.server.leader.election.timeout = 120s (custom)
2019-09-19 14:21:38,262 [pool-49-thread-1] INFO  server.RaftServerConfigKeys (ConfUtils.java:logGet(43)) - raft.server.log.use.memory = false (default)
2019-09-19 14:21:38,262 [pool-49-thread-1] INFO  server.RaftServerConfigKeys (ConfUtils.java:logGet(43)) - raft.server.log.purge.gap = 1000000 (custom)
2019-09-19 14:21:38,262 [pool-49-thread-1] INFO  server.RaftServerConfigKeys (ConfUtils.java:logGet(43)) - raft.server.log.appender.buffer.byte-limit = 33554432 (custom)
2019-09-19 14:21:38,263 [pool-49-thread-1] INFO  server.RaftServerConfigKeys (ConfUtils.java:logGet(43)) - raft.server.log.segment.size.max = 1048576 (custom)
2019-09-19 14:21:38,263 [pool-49-thread-1] INFO  server.RaftServerConfigKeys (ConfUtils.java:logGet(43)) - raft.server.log.segment.cache.num.max = 2 (custom)
2019-09-19 14:21:38,263 [pool-49-thread-1] INFO  segmented.SegmentedRaftLogWorker (SegmentedRaftLogWorker.java:<init>(172)) - new 306a7a99-f2a5-4f40-b42b-2fc2def08a6a-SegmentedRaftLogWorker:Storage Directory /workdir/hadoop-ozone/integration-test/target/test-dir/MiniOzoneClusterImpl-210d6028-2152-4683-81ff-347b0d29bb13/datanode-2/data/ratis/b396d099-55cf-499e-8266-9b6c58bbb087 for RaftStorage:Storage Directory /workdir/hadoop-ozone/integration-test/target/test-dir/MiniOzoneClusterImpl-210d6028-2152-4683-81ff-347b0d29bb13/datanode-2/data/ratis/b396d099-55cf-499e-8266-9b6c58bbb087
2019-09-19 14:21:38,263 [pool-49-thread-1] INFO  server.RaftServerConfigKeys (ConfUtils.java:logGet(43)) - raft.server.log.queue.byte-limit = 2147483647 (custom)
2019-09-19 14:21:38,263 [pool-49-thread-1] INFO  server.RaftServerConfigKeys (ConfUtils.java:logGet(43)) - raft.server.log.queue.element-limit = 1024 (custom)
2019-09-19 14:21:38,263 [pool-49-thread-1] INFO  server.RaftServerConfigKeys (ConfUtils.java:logGet(43)) - raft.server.log.segment.size.max = 1048576 (custom)
2019-09-19 14:21:38,263 [pool-49-thread-1] INFO  server.RaftServerConfigKeys (ConfUtils.java:logGet(43)) - raft.server.log.preallocated.size = 16384 (custom)
2019-09-19 14:21:38,263 [pool-49-thread-1] INFO  server.RaftServerConfigKeys (ConfUtils.java:logGet(43)) - raft.server.log.write.buffer.size = 33554432 (custom)
2019-09-19 14:21:38,263 [pool-49-thread-1] INFO  server.RaftServerConfigKeys (ConfUtils.java:logGet(43)) - raft.server.log.force.sync.num = 128 (default)
2019-09-19 14:21:38,263 [pool-49-thread-1] INFO  server.RaftServerConfigKeys (ConfUtils.java:logGet(43)) - raft.server.log.statemachine.data.sync = true (default)
2019-09-19 14:21:38,264 [pool-49-thread-1] INFO  server.RaftServerConfigKeys (ConfUtils.java:logGet(43)) - raft.server.log.statemachine.data.sync.timeout = 10s (default)
2019-09-19 14:21:38,264 [pool-49-thread-1] INFO  server.RaftServerConfigKeys (ConfUtils.java:logGet(43)) - raft.server.log.statemachine.data.sync.timeout.retry = -1 (default)
2019-09-19 14:21:38,264 [pool-49-thread-1] INFO  server.RaftServerConfigKeys (ConfUtils.java:logGet(43)) - raft.server.log.statemachine.data.caching.enabled = true (custom)
2019-09-19 14:21:38,264 [pool-49-thread-1] INFO  segmented.SegmentedRaftLogWorker (SegmentedRaftLogWorker.java:lambda$new$0(132)) - 306a7a99-f2a5-4f40-b42b-2fc2def08a6a-SegmentedRaftLogWorker:Storage Directory /workdir/hadoop-ozone/integration-test/target/test-dir/MiniOzoneClusterImpl-210d6028-2152-4683-81ff-347b0d29bb13/datanode-2/data/ratis/b396d099-55cf-499e-8266-9b6c58bbb087: flushIndex: setUnconditionally 0 -> -1
2019-09-19 14:21:38,264 [pool-49-thread-1] INFO  server.RaftServerConfigKeys (ConfUtils.java:logGet(43)) - raft.server.snapshot.auto.trigger.enabled = true (custom)
2019-09-19 14:21:38,264 [pool-49-thread-1] INFO  server.RaftServerConfigKeys (ConfUtils.java:logGet(43)) - raft.server.snapshot.auto.trigger.threshold = 10000 (custom)
2019-09-19 14:21:38,265 [pool-49-thread-1] INFO  server.RaftServerConfigKeys (ConfUtils.java:logGet(43)) - raft.server.retrycache.expirytime = 600000ms (custom)
2019-09-19 14:21:38,265 [pool-49-thread-1] INFO  impl.RaftServerImpl (RaftServerImpl.java:start(180)) - 306a7a99-f2a5-4f40-b42b-2fc2def08a6a: start group-9B6C58BBB087
2019-09-19 14:21:38,265 [pool-49-thread-1] INFO  impl.RaftServerImpl (RaftServerImpl.java:setRole(171)) - 306a7a99-f2a5-4f40-b42b-2fc2def08a6a:group-9B6C58BBB087 changes role from null to FOLLOWER at term 0 for startAsFollower
2019-09-19 14:21:38,265 [pool-49-thread-1] INFO  impl.RoleInfo (RoleInfo.java:updateAndGet(143)) - 306a7a99-f2a5-4f40-b42b-2fc2def08a6a: start FollowerState
2019-09-19 14:21:38,265 [pool-49-thread-1] INFO  util.JmxRegister (JmxRegister.java:tryRegister(44)) - Successfully registered JMX Bean with object name Ratis:service=RaftServer,group=group-9B6C58BBB087,id=306a7a99-f2a5-4f40-b42b-2fc2def08a6a
2019-09-19 14:21:38,267 [RatisPipelineUtilsThread] INFO  pipeline.PipelineStateManager (PipelineStateManager.java:addPipeline(56)) - Created pipeline Pipeline[ Id: b396d099-55cf-499e-8266-9b6c58bbb087, Nodes: 306a7a99-f2a5-4f40-b42b-2fc2def08a6a{ip: 192.168.157.226, host: pr-hdds-1569-swxfz-3172132826, networkLocation: /default-rack, certSerialId: null}, Type:RATIS, Factor:ONE, State:OPEN]
2019-09-19 14:21:38,271 [grpc-default-executor-2] INFO  impl.RaftServerProxy (RaftServerProxy.java:addNew(89)) - 6403e584-2209-453b-b79e-eeb0a7b58516: addNew group-22B5E8709360:[6403e584-2209-453b-b79e-eeb0a7b58516:192.168.157.226:35833] returns group-22B5E8709360:java.util.concurrent.CompletableFuture@1bb3bdc1[Not completed]
2019-09-19 14:21:38,272 [pool-60-thread-1] INFO  impl.RaftServerImpl (RaftServerImpl.java:<init>(93)) - 6403e584-2209-453b-b79e-eeb0a7b58516: new RaftServerImpl for group-22B5E8709360:[6403e584-2209-453b-b79e-eeb0a7b58516:192.168.157.226:35833] with ContainerStateMachine:uninitialized
2019-09-19 14:21:38,272 [pool-60-thread-1] INFO  server.RaftServerConfigKeys (ConfUtils.java:logGet(43)) - raft.server.rpc.timeout.min = 5s (custom)
2019-09-19 14:21:38,272 [pool-60-thread-1] INFO  server.RaftServerConfigKeys (ConfUtils.java:logGet(43)) - raft.server.rpc.timeout.max = 5200ms (custom)
2019-09-19 14:21:38,272 [pool-60-thread-1] INFO  server.RaftServerConfigKeys (ConfUtils.java:logGet(43)) - raft.server.rpcslowness.timeout = 120s (custom)
2019-09-19 14:21:38,272 [pool-60-thread-1] INFO  server.RaftServerConfigKeys (ConfUtils.java:logGet(43)) - raft.server.sleep.deviation.threshold = 300 (default)
2019-09-19 14:21:38,272 [pool-60-thread-1] INFO  server.RaftServerConfigKeys (ConfUtils.java:logGet(43)) - raft.server.log.appender.install.snapshot.enabled = false (custom)
2019-09-19 14:21:38,272 [pool-60-thread-1] INFO  impl.RaftServerImpl (ServerState.java:<init>(105)) - 6403e584-2209-453b-b79e-eeb0a7b58516:group-22B5E8709360 ConfigurationManager, init=-1: [6403e584-2209-453b-b79e-eeb0a7b58516:192.168.157.226:35833], old=null, confs=<EMPTY_MAP>
2019-09-19 14:21:38,272 [pool-60-thread-1] INFO  server.RaftServerConfigKeys (ConfUtils.java:logGet(43)) - raft.server.storage.dir = [/workdir/hadoop-ozone/integration-test/target/test-dir/MiniOzoneClusterImpl-210d6028-2152-4683-81ff-347b0d29bb13/datanode-3/data/ratis] (custom)
2019-09-19 14:21:38,273 [pool-60-thread-1] INFO  storage.RaftStorageDirectory (RaftStorageDirectory.java:analyzeStorage(246)) - The storage directory /workdir/hadoop-ozone/integration-test/target/test-dir/MiniOzoneClusterImpl-210d6028-2152-4683-81ff-347b0d29bb13/datanode-3/data/ratis/ced2034c-3cc6-4eae-b8c8-22b5e8709360 does not exist. Creating ...
2019-09-19 14:21:38,276 [pool-60-thread-1] INFO  storage.RaftStorageDirectory (RaftStorageDirectory.java:tryLock(328)) - Lock on /workdir/hadoop-ozone/integration-test/target/test-dir/MiniOzoneClusterImpl-210d6028-2152-4683-81ff-347b0d29bb13/datanode-3/data/ratis/ced2034c-3cc6-4eae-b8c8-22b5e8709360/in_use.lock acquired by nodename 16198@pr-hdds-1569-swxfz-3172132826
2019-09-19 14:21:38,281 [pool-60-thread-1] INFO  storage.RaftStorage (RaftStorage.java:format(72)) - Storage directory /workdir/hadoop-ozone/integration-test/target/test-dir/MiniOzoneClusterImpl-210d6028-2152-4683-81ff-347b0d29bb13/datanode-3/data/ratis/ced2034c-3cc6-4eae-b8c8-22b5e8709360 has been successfully formatted.
2019-09-19 14:21:38,281 [pool-60-thread-1] INFO  ratis.ContainerStateMachine (ContainerStateMachine.java:loadSnapshot(226)) - group-22B5E8709360: The snapshot info is null. Setting the last applied indexto:(t:0, i:~)
2019-09-19 14:21:38,281 [pool-60-thread-1] INFO  server.RaftServerConfigKeys (ConfUtils.java:logGet(43)) - raft.server.leader.election.timeout = 120s (custom)
2019-09-19 14:21:38,281 [pool-60-thread-1] INFO  server.RaftServerConfigKeys (ConfUtils.java:logGet(43)) - raft.server.log.use.memory = false (default)
2019-09-19 14:21:38,281 [pool-60-thread-1] INFO  server.RaftServerConfigKeys (ConfUtils.java:logGet(43)) - raft.server.log.purge.gap = 1000000 (custom)
2019-09-19 14:21:38,281 [pool-60-thread-1] INFO  server.RaftServerConfigKeys (ConfUtils.java:logGet(43)) - raft.server.log.appender.buffer.byte-limit = 33554432 (custom)
2019-09-19 14:21:38,282 [pool-60-thread-1] INFO  server.RaftServerConfigKeys (ConfUtils.java:logGet(43)) - raft.server.log.segment.size.max = 1048576 (custom)
2019-09-19 14:21:38,282 [pool-60-thread-1] INFO  server.RaftServerConfigKeys (ConfUtils.java:logGet(43)) - raft.server.log.segment.cache.num.max = 2 (custom)
2019-09-19 14:21:38,282 [pool-60-thread-1] INFO  segmented.SegmentedRaftLogWorker (SegmentedRaftLogWorker.java:<init>(172)) - new 6403e584-2209-453b-b79e-eeb0a7b58516-SegmentedRaftLogWorker:Storage Directory /workdir/hadoop-ozone/integration-test/target/test-dir/MiniOzoneClusterImpl-210d6028-2152-4683-81ff-347b0d29bb13/datanode-3/data/ratis/ced2034c-3cc6-4eae-b8c8-22b5e8709360 for RaftStorage:Storage Directory /workdir/hadoop-ozone/integration-test/target/test-dir/MiniOzoneClusterImpl-210d6028-2152-4683-81ff-347b0d29bb13/datanode-3/data/ratis/ced2034c-3cc6-4eae-b8c8-22b5e8709360
2019-09-19 14:21:38,282 [pool-60-thread-1] INFO  server.RaftServerConfigKeys (ConfUtils.java:logGet(43)) - raft.server.log.queue.byte-limit = 2147483647 (custom)
2019-09-19 14:21:38,282 [pool-60-thread-1] INFO  server.RaftServerConfigKeys (ConfUtils.java:logGet(43)) - raft.server.log.queue.element-limit = 1024 (custom)
2019-09-19 14:21:38,282 [pool-60-thread-1] INFO  server.RaftServerConfigKeys (ConfUtils.java:logGet(43)) - raft.server.log.segment.size.max = 1048576 (custom)
2019-09-19 14:21:38,282 [pool-60-thread-1] INFO  server.RaftServerConfigKeys (ConfUtils.java:logGet(43)) - raft.server.log.preallocated.size = 16384 (custom)
2019-09-19 14:21:38,283 [pool-60-thread-1] INFO  server.RaftServerConfigKeys (ConfUtils.java:logGet(43)) - raft.server.log.write.buffer.size = 33554432 (custom)
2019-09-19 14:21:38,283 [pool-60-thread-1] INFO  server.RaftServerConfigKeys (ConfUtils.java:logGet(43)) - raft.server.log.force.sync.num = 128 (default)
2019-09-19 14:21:38,283 [pool-60-thread-1] INFO  server.RaftServerConfigKeys (ConfUtils.java:logGet(43)) - raft.server.log.statemachine.data.sync = true (default)
2019-09-19 14:21:38,283 [pool-60-thread-1] INFO  server.RaftServerConfigKeys (ConfUtils.java:logGet(43)) - raft.server.log.statemachine.data.sync.timeout = 10s (default)
2019-09-19 14:21:38,283 [pool-60-thread-1] INFO  server.RaftServerConfigKeys (ConfUtils.java:logGet(43)) - raft.server.log.statemachine.data.sync.timeout.retry = -1 (default)
2019-09-19 14:21:38,283 [pool-60-thread-1] INFO  server.RaftServerConfigKeys (ConfUtils.java:logGet(43)) - raft.server.log.statemachine.data.caching.enabled = true (custom)
2019-09-19 14:21:38,283 [pool-60-thread-1] INFO  segmented.SegmentedRaftLogWorker (SegmentedRaftLogWorker.java:lambda$new$0(132)) - 6403e584-2209-453b-b79e-eeb0a7b58516-SegmentedRaftLogWorker:Storage Directory /workdir/hadoop-ozone/integration-test/target/test-dir/MiniOzoneClusterImpl-210d6028-2152-4683-81ff-347b0d29bb13/datanode-3/data/ratis/ced2034c-3cc6-4eae-b8c8-22b5e8709360: flushIndex: setUnconditionally 0 -> -1
2019-09-19 14:21:38,284 [pool-60-thread-1] INFO  server.RaftServerConfigKeys (ConfUtils.java:logGet(43)) - raft.server.snapshot.auto.trigger.enabled = true (custom)
2019-09-19 14:21:38,284 [pool-60-thread-1] INFO  server.RaftServerConfigKeys (ConfUtils.java:logGet(43)) - raft.server.snapshot.auto.trigger.threshold = 10000 (custom)
2019-09-19 14:21:38,284 [pool-60-thread-1] INFO  server.RaftServerConfigKeys (ConfUtils.java:logGet(43)) - raft.server.retrycache.expirytime = 600000ms (custom)
2019-09-19 14:21:38,284 [pool-60-thread-1] INFO  impl.RaftServerImpl (RaftServerImpl.java:start(180)) - 6403e584-2209-453b-b79e-eeb0a7b58516: start group-22B5E8709360
2019-09-19 14:21:38,284 [pool-60-thread-1] INFO  impl.RaftServerImpl (RaftServerImpl.java:setRole(171)) - 6403e584-2209-453b-b79e-eeb0a7b58516:group-22B5E8709360 changes role from null to FOLLOWER at term 0 for startAsFollower
2019-09-19 14:21:38,284 [pool-60-thread-1] INFO  impl.RoleInfo (RoleInfo.java:updateAndGet(143)) - 6403e584-2209-453b-b79e-eeb0a7b58516: start FollowerState
2019-09-19 14:21:38,285 [pool-60-thread-1] INFO  util.JmxRegister (JmxRegister.java:tryRegister(44)) - Successfully registered JMX Bean with object name Ratis:service=RaftServer,group=group-22B5E8709360,id=6403e584-2209-453b-b79e-eeb0a7b58516
2019-09-19 14:21:38,287 [RatisPipelineUtilsThread] INFO  pipeline.PipelineStateManager (PipelineStateManager.java:addPipeline(56)) - Created pipeline Pipeline[ Id: ced2034c-3cc6-4eae-b8c8-22b5e8709360, Nodes: 6403e584-2209-453b-b79e-eeb0a7b58516{ip: 192.168.157.226, host: pr-hdds-1569-swxfz-3172132826, networkLocation: /default-rack, certSerialId: null}, Type:RATIS, Factor:ONE, State:OPEN]
2019-09-19 14:21:38,291 [grpc-default-executor-2] INFO  impl.RaftServerProxy (RaftServerProxy.java:addNew(89)) - 431517c4-8c09-4790-b37b-2e132c8143ad: addNew group-15A8695B4945:[431517c4-8c09-4790-b37b-2e132c8143ad:192.168.157.226:40911] returns group-15A8695B4945:java.util.concurrent.CompletableFuture@37cf6bfe[Not completed]
2019-09-19 14:21:38,292 [pool-82-thread-1] INFO  impl.RaftServerImpl (RaftServerImpl.java:<init>(93)) - 431517c4-8c09-4790-b37b-2e132c8143ad: new RaftServerImpl for group-15A8695B4945:[431517c4-8c09-4790-b37b-2e132c8143ad:192.168.157.226:40911] with ContainerStateMachine:uninitialized
2019-09-19 14:21:38,292 [pool-82-thread-1] INFO  server.RaftServerConfigKeys (ConfUtils.java:logGet(43)) - raft.server.rpc.timeout.min = 5s (custom)
2019-09-19 14:21:38,292 [pool-82-thread-1] INFO  server.RaftServerConfigKeys (ConfUtils.java:logGet(43)) - raft.server.rpc.timeout.max = 5200ms (custom)
2019-09-19 14:21:38,292 [pool-82-thread-1] INFO  server.RaftServerConfigKeys (ConfUtils.java:logGet(43)) - raft.server.rpcslowness.timeout = 120s (custom)
2019-09-19 14:21:38,292 [pool-82-thread-1] INFO  server.RaftServerConfigKeys (ConfUtils.java:logGet(43)) - raft.server.sleep.deviation.threshold = 300 (default)
2019-09-19 14:21:38,292 [pool-82-thread-1] INFO  server.RaftServerConfigKeys (ConfUtils.java:logGet(43)) - raft.server.log.appender.install.snapshot.enabled = false (custom)
2019-09-19 14:21:38,293 [pool-82-thread-1] INFO  impl.RaftServerImpl (ServerState.java:<init>(105)) - 431517c4-8c09-4790-b37b-2e132c8143ad:group-15A8695B4945 ConfigurationManager, init=-1: [431517c4-8c09-4790-b37b-2e132c8143ad:192.168.157.226:40911], old=null, confs=<EMPTY_MAP>
2019-09-19 14:21:38,293 [pool-82-thread-1] INFO  server.RaftServerConfigKeys (ConfUtils.java:logGet(43)) - raft.server.storage.dir = [/workdir/hadoop-ozone/integration-test/target/test-dir/MiniOzoneClusterImpl-210d6028-2152-4683-81ff-347b0d29bb13/datanode-5/data/ratis] (custom)
2019-09-19 14:21:38,293 [pool-82-thread-1] INFO  storage.RaftStorageDirectory (RaftStorageDirectory.java:analyzeStorage(246)) - The storage directory /workdir/hadoop-ozone/integration-test/target/test-dir/MiniOzoneClusterImpl-210d6028-2152-4683-81ff-347b0d29bb13/datanode-5/data/ratis/51505c73-4ba3-4e6d-a97d-15a8695b4945 does not exist. Creating ...
2019-09-19 14:21:38,297 [pool-82-thread-1] INFO  storage.RaftStorageDirectory (RaftStorageDirectory.java:tryLock(328)) - Lock on /workdir/hadoop-ozone/integration-test/target/test-dir/MiniOzoneClusterImpl-210d6028-2152-4683-81ff-347b0d29bb13/datanode-5/data/ratis/51505c73-4ba3-4e6d-a97d-15a8695b4945/in_use.lock acquired by nodename 16198@pr-hdds-1569-swxfz-3172132826
2019-09-19 14:21:38,301 [pool-82-thread-1] INFO  storage.RaftStorage (RaftStorage.java:format(72)) - Storage directory /workdir/hadoop-ozone/integration-test/target/test-dir/MiniOzoneClusterImpl-210d6028-2152-4683-81ff-347b0d29bb13/datanode-5/data/ratis/51505c73-4ba3-4e6d-a97d-15a8695b4945 has been successfully formatted.
2019-09-19 14:21:38,301 [pool-82-thread-1] INFO  ratis.ContainerStateMachine (ContainerStateMachine.java:loadSnapshot(226)) - group-15A8695B4945: The snapshot info is null. Setting the last applied indexto:(t:0, i:~)
2019-09-19 14:21:38,301 [pool-82-thread-1] INFO  server.RaftServerConfigKeys (ConfUtils.java:logGet(43)) - raft.server.leader.election.timeout = 120s (custom)
2019-09-19 14:21:38,301 [pool-82-thread-1] INFO  server.RaftServerConfigKeys (ConfUtils.java:logGet(43)) - raft.server.log.use.memory = false (default)
2019-09-19 14:21:38,301 [pool-82-thread-1] INFO  server.RaftServerConfigKeys (ConfUtils.java:logGet(43)) - raft.server.log.purge.gap = 1000000 (custom)
2019-09-19 14:21:38,301 [pool-82-thread-1] INFO  server.RaftServerConfigKeys (ConfUtils.java:logGet(43)) - raft.server.log.appender.buffer.byte-limit = 33554432 (custom)
2019-09-19 14:21:38,302 [pool-82-thread-1] INFO  server.RaftServerConfigKeys (ConfUtils.java:logGet(43)) - raft.server.log.segment.size.max = 1048576 (custom)
2019-09-19 14:21:38,302 [pool-82-thread-1] INFO  server.RaftServerConfigKeys (ConfUtils.java:logGet(43)) - raft.server.log.segment.cache.num.max = 2 (custom)
2019-09-19 14:21:38,302 [pool-82-thread-1] INFO  segmented.SegmentedRaftLogWorker (SegmentedRaftLogWorker.java:<init>(172)) - new 431517c4-8c09-4790-b37b-2e132c8143ad-SegmentedRaftLogWorker:Storage Directory /workdir/hadoop-ozone/integration-test/target/test-dir/MiniOzoneClusterImpl-210d6028-2152-4683-81ff-347b0d29bb13/datanode-5/data/ratis/51505c73-4ba3-4e6d-a97d-15a8695b4945 for RaftStorage:Storage Directory /workdir/hadoop-ozone/integration-test/target/test-dir/MiniOzoneClusterImpl-210d6028-2152-4683-81ff-347b0d29bb13/datanode-5/data/ratis/51505c73-4ba3-4e6d-a97d-15a8695b4945
2019-09-19 14:21:38,302 [pool-82-thread-1] INFO  server.RaftServerConfigKeys (ConfUtils.java:logGet(43)) - raft.server.log.queue.byte-limit = 2147483647 (custom)
2019-09-19 14:21:38,302 [pool-82-thread-1] INFO  server.RaftServerConfigKeys (ConfUtils.java:logGet(43)) - raft.server.log.queue.element-limit = 1024 (custom)
2019-09-19 14:21:38,302 [pool-82-thread-1] INFO  server.RaftServerConfigKeys (ConfUtils.java:logGet(43)) - raft.server.log.segment.size.max = 1048576 (custom)
2019-09-19 14:21:38,302 [pool-82-thread-1] INFO  server.RaftServerConfigKeys (ConfUtils.java:logGet(43)) - raft.server.log.preallocated.size = 16384 (custom)
2019-09-19 14:21:38,303 [pool-82-thread-1] INFO  server.RaftServerConfigKeys (ConfUtils.java:logGet(43)) - raft.server.log.write.buffer.size = 33554432 (custom)
2019-09-19 14:21:38,303 [pool-82-thread-1] INFO  server.RaftServerConfigKeys (ConfUtils.java:logGet(43)) - raft.server.log.force.sync.num = 128 (default)
2019-09-19 14:21:38,303 [pool-82-thread-1] INFO  server.RaftServerConfigKeys (ConfUtils.java:logGet(43)) - raft.server.log.statemachine.data.sync = true (default)
2019-09-19 14:21:38,303 [pool-82-thread-1] INFO  server.RaftServerConfigKeys (ConfUtils.java:logGet(43)) - raft.server.log.statemachine.data.sync.timeout = 10s (default)
2019-09-19 14:21:38,303 [pool-82-thread-1] INFO  server.RaftServerConfigKeys (ConfUtils.java:logGet(43)) - raft.server.log.statemachine.data.sync.timeout.retry = -1 (default)
2019-09-19 14:21:38,303 [pool-82-thread-1] INFO  server.RaftServerConfigKeys (ConfUtils.java:logGet(43)) - raft.server.log.statemachine.data.caching.enabled = true (custom)
2019-09-19 14:21:38,303 [pool-82-thread-1] INFO  segmented.SegmentedRaftLogWorker (SegmentedRaftLogWorker.java:lambda$new$0(132)) - 431517c4-8c09-4790-b37b-2e132c8143ad-SegmentedRaftLogWorker:Storage Directory /workdir/hadoop-ozone/integration-test/target/test-dir/MiniOzoneClusterImpl-210d6028-2152-4683-81ff-347b0d29bb13/datanode-5/data/ratis/51505c73-4ba3-4e6d-a97d-15a8695b4945: flushIndex: setUnconditionally 0 -> -1
2019-09-19 14:21:38,304 [pool-82-thread-1] INFO  server.RaftServerConfigKeys (ConfUtils.java:logGet(43)) - raft.server.snapshot.auto.trigger.enabled = true (custom)
2019-09-19 14:21:38,304 [pool-82-thread-1] INFO  server.RaftServerConfigKeys (ConfUtils.java:logGet(43)) - raft.server.snapshot.auto.trigger.threshold = 10000 (custom)
2019-09-19 14:21:38,304 [pool-82-thread-1] INFO  server.RaftServerConfigKeys (ConfUtils.java:logGet(43)) - raft.server.retrycache.expirytime = 600000ms (custom)
2019-09-19 14:21:38,304 [pool-82-thread-1] INFO  impl.RaftServerImpl (RaftServerImpl.java:start(180)) - 431517c4-8c09-4790-b37b-2e132c8143ad: start group-15A8695B4945
2019-09-19 14:21:38,304 [pool-82-thread-1] INFO  impl.RaftServerImpl (RaftServerImpl.java:setRole(171)) - 431517c4-8c09-4790-b37b-2e132c8143ad:group-15A8695B4945 changes role from null to FOLLOWER at term 0 for startAsFollower
2019-09-19 14:21:38,304 [pool-82-thread-1] INFO  impl.RoleInfo (RoleInfo.java:updateAndGet(143)) - 431517c4-8c09-4790-b37b-2e132c8143ad: start FollowerState
2019-09-19 14:21:38,305 [pool-82-thread-1] INFO  util.JmxRegister (JmxRegister.java:tryRegister(44)) - Successfully registered JMX Bean with object name Ratis:service=RaftServer,group=group-15A8695B4945,id=431517c4-8c09-4790-b37b-2e132c8143ad
2019-09-19 14:21:38,307 [RatisPipelineUtilsThread] INFO  pipeline.PipelineStateManager (PipelineStateManager.java:addPipeline(56)) - Created pipeline Pipeline[ Id: 51505c73-4ba3-4e6d-a97d-15a8695b4945, Nodes: 431517c4-8c09-4790-b37b-2e132c8143ad{ip: 192.168.157.226, host: pr-hdds-1569-swxfz-3172132826, networkLocation: /default-rack, certSerialId: null}, Type:RATIS, Factor:ONE, State:OPEN]
2019-09-19 14:21:38,311 [grpc-default-executor-2] INFO  impl.RaftServerProxy (RaftServerProxy.java:addNew(89)) - 85c6a9f3-b9a5-43a5-ac4f-9aa7bd5f2263: addNew group-AD08C883F5D3:[85c6a9f3-b9a5-43a5-ac4f-9aa7bd5f2263:192.168.157.226:45170] returns group-AD08C883F5D3:java.util.concurrent.CompletableFuture@16503c19[Not completed]
2019-09-19 14:21:38,312 [pool-27-thread-1] INFO  impl.RaftServerImpl (RaftServerImpl.java:<init>(93)) - 85c6a9f3-b9a5-43a5-ac4f-9aa7bd5f2263: new RaftServerImpl for group-AD08C883F5D3:[85c6a9f3-b9a5-43a5-ac4f-9aa7bd5f2263:192.168.157.226:45170] with ContainerStateMachine:uninitialized
2019-09-19 14:21:38,312 [pool-27-thread-1] INFO  server.RaftServerConfigKeys (ConfUtils.java:logGet(43)) - raft.server.rpc.timeout.min = 5s (custom)
2019-09-19 14:21:38,312 [pool-27-thread-1] INFO  server.RaftServerConfigKeys (ConfUtils.java:logGet(43)) - raft.server.rpc.timeout.max = 5200ms (custom)
2019-09-19 14:21:38,313 [pool-27-thread-1] INFO  server.RaftServerConfigKeys (ConfUtils.java:logGet(43)) - raft.server.rpcslowness.timeout = 120s (custom)
2019-09-19 14:21:38,313 [pool-27-thread-1] INFO  server.RaftServerConfigKeys (ConfUtils.java:logGet(43)) - raft.server.sleep.deviation.threshold = 300 (default)
2019-09-19 14:21:38,313 [pool-27-thread-1] INFO  server.RaftServerConfigKeys (ConfUtils.java:logGet(43)) - raft.server.log.appender.install.snapshot.enabled = false (custom)
2019-09-19 14:21:38,313 [pool-27-thread-1] INFO  impl.RaftServerImpl (ServerState.java:<init>(105)) - 85c6a9f3-b9a5-43a5-ac4f-9aa7bd5f2263:group-AD08C883F5D3 ConfigurationManager, init=-1: [85c6a9f3-b9a5-43a5-ac4f-9aa7bd5f2263:192.168.157.226:45170], old=null, confs=<EMPTY_MAP>
2019-09-19 14:21:38,313 [pool-27-thread-1] INFO  server.RaftServerConfigKeys (ConfUtils.java:logGet(43)) - raft.server.storage.dir = [/workdir/hadoop-ozone/integration-test/target/test-dir/MiniOzoneClusterImpl-210d6028-2152-4683-81ff-347b0d29bb13/datanode-0/data/ratis] (custom)
2019-09-19 14:21:38,313 [pool-27-thread-1] INFO  storage.RaftStorageDirectory (RaftStorageDirectory.java:analyzeStorage(246)) - The storage directory /workdir/hadoop-ozone/integration-test/target/test-dir/MiniOzoneClusterImpl-210d6028-2152-4683-81ff-347b0d29bb13/datanode-0/data/ratis/33b2b0cf-6182-4832-b9b7-ad08c883f5d3 does not exist. Creating ...
2019-09-19 14:21:38,317 [pool-27-thread-1] INFO  storage.RaftStorageDirectory (RaftStorageDirectory.java:tryLock(328)) - Lock on /workdir/hadoop-ozone/integration-test/target/test-dir/MiniOzoneClusterImpl-210d6028-2152-4683-81ff-347b0d29bb13/datanode-0/data/ratis/33b2b0cf-6182-4832-b9b7-ad08c883f5d3/in_use.lock acquired by nodename 16198@pr-hdds-1569-swxfz-3172132826
2019-09-19 14:21:38,322 [pool-27-thread-1] INFO  storage.RaftStorage (RaftStorage.java:format(72)) - Storage directory /workdir/hadoop-ozone/integration-test/target/test-dir/MiniOzoneClusterImpl-210d6028-2152-4683-81ff-347b0d29bb13/datanode-0/data/ratis/33b2b0cf-6182-4832-b9b7-ad08c883f5d3 has been successfully formatted.
2019-09-19 14:21:38,322 [pool-27-thread-1] INFO  ratis.ContainerStateMachine (ContainerStateMachine.java:loadSnapshot(226)) - group-AD08C883F5D3: The snapshot info is null. Setting the last applied indexto:(t:0, i:~)
2019-09-19 14:21:38,322 [pool-27-thread-1] INFO  server.RaftServerConfigKeys (ConfUtils.java:logGet(43)) - raft.server.leader.election.timeout = 120s (custom)
2019-09-19 14:21:38,323 [pool-27-thread-1] INFO  server.RaftServerConfigKeys (ConfUtils.java:logGet(43)) - raft.server.log.use.memory = false (default)
2019-09-19 14:21:38,323 [pool-27-thread-1] INFO  server.RaftServerConfigKeys (ConfUtils.java:logGet(43)) - raft.server.log.purge.gap = 1000000 (custom)
2019-09-19 14:21:38,323 [pool-27-thread-1] INFO  server.RaftServerConfigKeys (ConfUtils.java:logGet(43)) - raft.server.log.appender.buffer.byte-limit = 33554432 (custom)
2019-09-19 14:21:38,323 [pool-27-thread-1] INFO  server.RaftServerConfigKeys (ConfUtils.java:logGet(43)) - raft.server.log.segment.size.max = 1048576 (custom)
2019-09-19 14:21:38,323 [pool-27-thread-1] INFO  server.RaftServerConfigKeys (ConfUtils.java:logGet(43)) - raft.server.log.segment.cache.num.max = 2 (custom)
2019-09-19 14:21:38,323 [pool-27-thread-1] INFO  segmented.SegmentedRaftLogWorker (SegmentedRaftLogWorker.java:<init>(172)) - new 85c6a9f3-b9a5-43a5-ac4f-9aa7bd5f2263-SegmentedRaftLogWorker:Storage Directory /workdir/hadoop-ozone/integration-test/target/test-dir/MiniOzoneClusterImpl-210d6028-2152-4683-81ff-347b0d29bb13/datanode-0/data/ratis/33b2b0cf-6182-4832-b9b7-ad08c883f5d3 for RaftStorage:Storage Directory /workdir/hadoop-ozone/integration-test/target/test-dir/MiniOzoneClusterImpl-210d6028-2152-4683-81ff-347b0d29bb13/datanode-0/data/ratis/33b2b0cf-6182-4832-b9b7-ad08c883f5d3
2019-09-19 14:21:38,323 [pool-27-thread-1] INFO  server.RaftServerConfigKeys (ConfUtils.java:logGet(43)) - raft.server.log.queue.byte-limit = 2147483647 (custom)
2019-09-19 14:21:38,323 [pool-27-thread-1] INFO  server.RaftServerConfigKeys (ConfUtils.java:logGet(43)) - raft.server.log.queue.element-limit = 1024 (custom)
2019-09-19 14:21:38,324 [pool-27-thread-1] INFO  server.RaftServerConfigKeys (ConfUtils.java:logGet(43)) - raft.server.log.segment.size.max = 1048576 (custom)
2019-09-19 14:21:38,324 [pool-27-thread-1] INFO  server.RaftServerConfigKeys (ConfUtils.java:logGet(43)) - raft.server.log.preallocated.size = 16384 (custom)
2019-09-19 14:21:38,324 [pool-27-thread-1] INFO  server.RaftServerConfigKeys (ConfUtils.java:logGet(43)) - raft.server.log.write.buffer.size = 33554432 (custom)
2019-09-19 14:21:38,324 [pool-27-thread-1] INFO  server.RaftServerConfigKeys (ConfUtils.java:logGet(43)) - raft.server.log.force.sync.num = 128 (default)
2019-09-19 14:21:38,324 [pool-27-thread-1] INFO  server.RaftServerConfigKeys (ConfUtils.java:logGet(43)) - raft.server.log.statemachine.data.sync = true (default)
2019-09-19 14:21:38,324 [pool-27-thread-1] INFO  server.RaftServerConfigKeys (ConfUtils.java:logGet(43)) - raft.server.log.statemachine.data.sync.timeout = 10s (default)
2019-09-19 14:21:38,324 [pool-27-thread-1] INFO  server.RaftServerConfigKeys (ConfUtils.java:logGet(43)) - raft.server.log.statemachine.data.sync.timeout.retry = -1 (default)
2019-09-19 14:21:38,325 [pool-27-thread-1] INFO  server.RaftServerConfigKeys (ConfUtils.java:logGet(43)) - raft.server.log.statemachine.data.caching.enabled = true (custom)
2019-09-19 14:21:38,325 [pool-27-thread-1] INFO  segmented.SegmentedRaftLogWorker (SegmentedRaftLogWorker.java:lambda$new$0(132)) - 85c6a9f3-b9a5-43a5-ac4f-9aa7bd5f2263-SegmentedRaftLogWorker:Storage Directory /workdir/hadoop-ozone/integration-test/target/test-dir/MiniOzoneClusterImpl-210d6028-2152-4683-81ff-347b0d29bb13/datanode-0/data/ratis/33b2b0cf-6182-4832-b9b7-ad08c883f5d3: flushIndex: setUnconditionally 0 -> -1
2019-09-19 14:21:38,325 [pool-27-thread-1] INFO  server.RaftServerConfigKeys (ConfUtils.java:logGet(43)) - raft.server.snapshot.auto.trigger.enabled = true (custom)
2019-09-19 14:21:38,325 [pool-27-thread-1] INFO  server.RaftServerConfigKeys (ConfUtils.java:logGet(43)) - raft.server.snapshot.auto.trigger.threshold = 10000 (custom)
2019-09-19 14:21:38,325 [pool-27-thread-1] INFO  server.RaftServerConfigKeys (ConfUtils.java:logGet(43)) - raft.server.retrycache.expirytime = 600000ms (custom)
2019-09-19 14:21:38,326 [pool-27-thread-1] INFO  impl.RaftServerImpl (RaftServerImpl.java:start(180)) - 85c6a9f3-b9a5-43a5-ac4f-9aa7bd5f2263: start group-AD08C883F5D3
2019-09-19 14:21:38,326 [pool-27-thread-1] INFO  impl.RaftServerImpl (RaftServerImpl.java:setRole(171)) - 85c6a9f3-b9a5-43a5-ac4f-9aa7bd5f2263:group-AD08C883F5D3 changes role from null to FOLLOWER at term 0 for startAsFollower
2019-09-19 14:21:38,326 [pool-27-thread-1] INFO  impl.RoleInfo (RoleInfo.java:updateAndGet(143)) - 85c6a9f3-b9a5-43a5-ac4f-9aa7bd5f2263: start FollowerState
2019-09-19 14:21:38,326 [pool-27-thread-1] INFO  util.JmxRegister (JmxRegister.java:tryRegister(44)) - Successfully registered JMX Bean with object name Ratis:service=RaftServer,group=group-AD08C883F5D3,id=85c6a9f3-b9a5-43a5-ac4f-9aa7bd5f2263
2019-09-19 14:21:38,328 [RatisPipelineUtilsThread] INFO  pipeline.PipelineStateManager (PipelineStateManager.java:addPipeline(56)) - Created pipeline Pipeline[ Id: 33b2b0cf-6182-4832-b9b7-ad08c883f5d3, Nodes: 85c6a9f3-b9a5-43a5-ac4f-9aa7bd5f2263{ip: 192.168.157.226, host: pr-hdds-1569-swxfz-3172132826, networkLocation: /default-rack, certSerialId: null}, Type:RATIS, Factor:ONE, State:OPEN]
2019-09-19 14:21:38,332 [grpc-default-executor-2] INFO  impl.RaftServerProxy (RaftServerProxy.java:addNew(89)) - 6403e584-2209-453b-b79e-eeb0a7b58516: addNew group-06952CECB4E9:[6403e584-2209-453b-b79e-eeb0a7b58516:192.168.157.226:35833] returns group-06952CECB4E9:java.util.concurrent.CompletableFuture@238b7212[Not completed]
2019-09-19 14:21:38,333 [pool-60-thread-1] INFO  impl.RaftServerImpl (RaftServerImpl.java:<init>(93)) - 6403e584-2209-453b-b79e-eeb0a7b58516: new RaftServerImpl for group-06952CECB4E9:[6403e584-2209-453b-b79e-eeb0a7b58516:192.168.157.226:35833] with ContainerStateMachine:uninitialized
2019-09-19 14:21:38,333 [pool-60-thread-1] INFO  server.RaftServerConfigKeys (ConfUtils.java:logGet(43)) - raft.server.rpc.timeout.min = 5s (custom)
2019-09-19 14:21:38,333 [pool-60-thread-1] INFO  server.RaftServerConfigKeys (ConfUtils.java:logGet(43)) - raft.server.rpc.timeout.max = 5200ms (custom)
2019-09-19 14:21:38,333 [pool-60-thread-1] INFO  server.RaftServerConfigKeys (ConfUtils.java:logGet(43)) - raft.server.rpcslowness.timeout = 120s (custom)
2019-09-19 14:21:38,333 [pool-60-thread-1] INFO  server.RaftServerConfigKeys (ConfUtils.java:logGet(43)) - raft.server.sleep.deviation.threshold = 300 (default)
2019-09-19 14:21:38,333 [pool-60-thread-1] INFO  server.RaftServerConfigKeys (ConfUtils.java:logGet(43)) - raft.server.log.appender.install.snapshot.enabled = false (custom)
2019-09-19 14:21:38,333 [pool-60-thread-1] INFO  impl.RaftServerImpl (ServerState.java:<init>(105)) - 6403e584-2209-453b-b79e-eeb0a7b58516:group-06952CECB4E9 ConfigurationManager, init=-1: [6403e584-2209-453b-b79e-eeb0a7b58516:192.168.157.226:35833], old=null, confs=<EMPTY_MAP>
2019-09-19 14:21:38,333 [pool-60-thread-1] INFO  server.RaftServerConfigKeys (ConfUtils.java:logGet(43)) - raft.server.storage.dir = [/workdir/hadoop-ozone/integration-test/target/test-dir/MiniOzoneClusterImpl-210d6028-2152-4683-81ff-347b0d29bb13/datanode-3/data/ratis] (custom)
2019-09-19 14:21:38,334 [pool-60-thread-1] INFO  storage.RaftStorageDirectory (RaftStorageDirectory.java:analyzeStorage(246)) - The storage directory /workdir/hadoop-ozone/integration-test/target/test-dir/MiniOzoneClusterImpl-210d6028-2152-4683-81ff-347b0d29bb13/datanode-3/data/ratis/130c6fe2-bcee-49b0-a802-06952cecb4e9 does not exist. Creating ...
2019-09-19 14:21:38,339 [pool-60-thread-1] INFO  storage.RaftStorageDirectory (RaftStorageDirectory.java:tryLock(328)) - Lock on /workdir/hadoop-ozone/integration-test/target/test-dir/MiniOzoneClusterImpl-210d6028-2152-4683-81ff-347b0d29bb13/datanode-3/data/ratis/130c6fe2-bcee-49b0-a802-06952cecb4e9/in_use.lock acquired by nodename 16198@pr-hdds-1569-swxfz-3172132826
2019-09-19 14:21:38,343 [pool-60-thread-1] INFO  storage.RaftStorage (RaftStorage.java:format(72)) - Storage directory /workdir/hadoop-ozone/integration-test/target/test-dir/MiniOzoneClusterImpl-210d6028-2152-4683-81ff-347b0d29bb13/datanode-3/data/ratis/130c6fe2-bcee-49b0-a802-06952cecb4e9 has been successfully formatted.
2019-09-19 14:21:38,343 [pool-60-thread-1] INFO  ratis.ContainerStateMachine (ContainerStateMachine.java:loadSnapshot(226)) - group-06952CECB4E9: The snapshot info is null. Setting the last applied indexto:(t:0, i:~)
2019-09-19 14:21:38,343 [pool-60-thread-1] INFO  server.RaftServerConfigKeys (ConfUtils.java:logGet(43)) - raft.server.leader.election.timeout = 120s (custom)
2019-09-19 14:21:38,343 [pool-60-thread-1] INFO  server.RaftServerConfigKeys (ConfUtils.java:logGet(43)) - raft.server.log.use.memory = false (default)
2019-09-19 14:21:38,344 [pool-60-thread-1] INFO  server.RaftServerConfigKeys (ConfUtils.java:logGet(43)) - raft.server.log.purge.gap = 1000000 (custom)
2019-09-19 14:21:38,344 [pool-60-thread-1] INFO  server.RaftServerConfigKeys (ConfUtils.java:logGet(43)) - raft.server.log.appender.buffer.byte-limit = 33554432 (custom)
2019-09-19 14:21:38,344 [pool-60-thread-1] INFO  server.RaftServerConfigKeys (ConfUtils.java:logGet(43)) - raft.server.log.segment.size.max = 1048576 (custom)
2019-09-19 14:21:38,344 [pool-60-thread-1] INFO  server.RaftServerConfigKeys (ConfUtils.java:logGet(43)) - raft.server.log.segment.cache.num.max = 2 (custom)
2019-09-19 14:21:38,344 [pool-60-thread-1] INFO  segmented.SegmentedRaftLogWorker (SegmentedRaftLogWorker.java:<init>(172)) - new 6403e584-2209-453b-b79e-eeb0a7b58516-SegmentedRaftLogWorker:Storage Directory /workdir/hadoop-ozone/integration-test/target/test-dir/MiniOzoneClusterImpl-210d6028-2152-4683-81ff-347b0d29bb13/datanode-3/data/ratis/130c6fe2-bcee-49b0-a802-06952cecb4e9 for RaftStorage:Storage Directory /workdir/hadoop-ozone/integration-test/target/test-dir/MiniOzoneClusterImpl-210d6028-2152-4683-81ff-347b0d29bb13/datanode-3/data/ratis/130c6fe2-bcee-49b0-a802-06952cecb4e9
2019-09-19 14:21:38,344 [pool-60-thread-1] INFO  server.RaftServerConfigKeys (ConfUtils.java:logGet(43)) - raft.server.log.queue.byte-limit = 2147483647 (custom)
2019-09-19 14:21:38,344 [pool-60-thread-1] INFO  server.RaftServerConfigKeys (ConfUtils.java:logGet(43)) - raft.server.log.queue.element-limit = 1024 (custom)
2019-09-19 14:21:38,344 [pool-60-thread-1] INFO  server.RaftServerConfigKeys (ConfUtils.java:logGet(43)) - raft.server.log.segment.size.max = 1048576 (custom)
2019-09-19 14:21:38,345 [pool-60-thread-1] INFO  server.RaftServerConfigKeys (ConfUtils.java:logGet(43)) - raft.server.log.preallocated.size = 16384 (custom)
2019-09-19 14:21:38,345 [pool-60-thread-1] INFO  server.RaftServerConfigKeys (ConfUtils.java:logGet(43)) - raft.server.log.write.buffer.size = 33554432 (custom)
2019-09-19 14:21:38,345 [pool-60-thread-1] INFO  server.RaftServerConfigKeys (ConfUtils.java:logGet(43)) - raft.server.log.force.sync.num = 128 (default)
2019-09-19 14:21:38,345 [pool-60-thread-1] INFO  server.RaftServerConfigKeys (ConfUtils.java:logGet(43)) - raft.server.log.statemachine.data.sync = true (default)
2019-09-19 14:21:38,345 [pool-60-thread-1] INFO  server.RaftServerConfigKeys (ConfUtils.java:logGet(43)) - raft.server.log.statemachine.data.sync.timeout = 10s (default)
2019-09-19 14:21:38,345 [pool-60-thread-1] INFO  server.RaftServerConfigKeys (ConfUtils.java:logGet(43)) - raft.server.log.statemachine.data.sync.timeout.retry = -1 (default)
2019-09-19 14:21:38,345 [pool-60-thread-1] INFO  server.RaftServerConfigKeys (ConfUtils.java:logGet(43)) - raft.server.log.statemachine.data.caching.enabled = true (custom)
2019-09-19 14:21:38,346 [pool-60-thread-1] INFO  segmented.SegmentedRaftLogWorker (SegmentedRaftLogWorker.java:lambda$new$0(132)) - 6403e584-2209-453b-b79e-eeb0a7b58516-SegmentedRaftLogWorker:Storage Directory /workdir/hadoop-ozone/integration-test/target/test-dir/MiniOzoneClusterImpl-210d6028-2152-4683-81ff-347b0d29bb13/datanode-3/data/ratis/130c6fe2-bcee-49b0-a802-06952cecb4e9: flushIndex: setUnconditionally 0 -> -1
2019-09-19 14:21:38,346 [pool-60-thread-1] INFO  server.RaftServerConfigKeys (ConfUtils.java:logGet(43)) - raft.server.snapshot.auto.trigger.enabled = true (custom)
2019-09-19 14:21:38,346 [pool-60-thread-1] INFO  server.RaftServerConfigKeys (ConfUtils.java:logGet(43)) - raft.server.snapshot.auto.trigger.threshold = 10000 (custom)
2019-09-19 14:21:38,346 [pool-60-thread-1] INFO  server.RaftServerConfigKeys (ConfUtils.java:logGet(43)) - raft.server.retrycache.expirytime = 600000ms (custom)
2019-09-19 14:21:38,346 [pool-60-thread-1] INFO  impl.RaftServerImpl (RaftServerImpl.java:start(180)) - 6403e584-2209-453b-b79e-eeb0a7b58516: start group-06952CECB4E9
2019-09-19 14:21:38,346 [pool-60-thread-1] INFO  impl.RaftServerImpl (RaftServerImpl.java:setRole(171)) - 6403e584-2209-453b-b79e-eeb0a7b58516:group-06952CECB4E9 changes role from null to FOLLOWER at term 0 for startAsFollower
2019-09-19 14:21:38,346 [pool-60-thread-1] INFO  impl.RoleInfo (RoleInfo.java:updateAndGet(143)) - 6403e584-2209-453b-b79e-eeb0a7b58516: start FollowerState
2019-09-19 14:21:38,347 [pool-60-thread-1] INFO  util.JmxRegister (JmxRegister.java:tryRegister(44)) - Successfully registered JMX Bean with object name Ratis:service=RaftServer,group=group-06952CECB4E9,id=6403e584-2209-453b-b79e-eeb0a7b58516
2019-09-19 14:21:38,348 [RatisPipelineUtilsThread] INFO  pipeline.PipelineStateManager (PipelineStateManager.java:addPipeline(56)) - Created pipeline Pipeline[ Id: 130c6fe2-bcee-49b0-a802-06952cecb4e9, Nodes: 6403e584-2209-453b-b79e-eeb0a7b58516{ip: 192.168.157.226, host: pr-hdds-1569-swxfz-3172132826, networkLocation: /default-rack, certSerialId: null}, Type:RATIS, Factor:ONE, State:OPEN]
2019-09-19 14:21:38,352 [grpc-default-executor-2] INFO  impl.RaftServerProxy (RaftServerProxy.java:addNew(89)) - 306a7a99-f2a5-4f40-b42b-2fc2def08a6a: addNew group-DCF107C2AC45:[306a7a99-f2a5-4f40-b42b-2fc2def08a6a:192.168.157.226:42633] returns group-DCF107C2AC45:java.util.concurrent.CompletableFuture@7adab16b[Not completed]
2019-09-19 14:21:38,352 [85c6a9f3-b9a5-43a5-ac4f-9aa7bd5f2263-SegmentedRaftLogWorker:Storage Directory /workdir/hadoop-ozone/integration-test/target/test-dir/MiniOzoneClusterImpl-210d6028-2152-4683-81ff-347b0d29bb13/datanode-0/data/ratis/ce2be745-8f08-452d-a777-c7cd4fb69a1a] ERROR segmented.SegmentedRaftLogWorker (SegmentedRaftLogWorker.java:run(323)) - 85c6a9f3-b9a5-43a5-ac4f-9aa7bd5f2263-SegmentedRaftLogWorker:Storage Directory /workdir/hadoop-ozone/integration-test/target/test-dir/MiniOzoneClusterImpl-210d6028-2152-4683-81ff-347b0d29bb13/datanode-0/data/ratis/ce2be745-8f08-452d-a777-c7cd4fb69a1a hit exception
java.lang.OutOfMemoryError: Direct buffer memory
	at java.nio.Bits.reserveMemory(Bits.java:666)
	at java.nio.DirectByteBuffer.<init>(DirectByteBuffer.java:123)
	at java.nio.ByteBuffer.allocateDirect(ByteBuffer.java:311)
	at org.apache.ratis.server.raftlog.segmented.BufferedWriteChannel.<init>(BufferedWriteChannel.java:41)
	at org.apache.ratis.server.raftlog.segmented.SegmentedRaftLogOutputStream.<init>(SegmentedRaftLogOutputStream.java:72)
	at org.apache.ratis.server.raftlog.segmented.SegmentedRaftLogWorker$StartLogSegment.execute(SegmentedRaftLogWorker.java:566)
	at org.apache.ratis.server.raftlog.segmented.SegmentedRaftLogWorker.run(SegmentedRaftLogWorker.java:289)
	at java.lang.Thread.run(Thread.java:748)
2019-09-19 14:21:38,352 [85c6a9f3-b9a5-43a5-ac4f-9aa7bd5f2263-SegmentedRaftLogWorker:Storage Directory /workdir/hadoop-ozone/integration-test/target/test-dir/MiniOzoneClusterImpl-210d6028-2152-4683-81ff-347b0d29bb13/datanode-0/data/ratis/ce2be745-8f08-452d-a777-c7cd4fb69a1a] INFO  impl.RaftServerImpl (RaftServerImpl.java:lambda$shutdown$3(245)) - 85c6a9f3-b9a5-43a5-ac4f-9aa7bd5f2263: shutdown group-C7CD4FB69A1A
2019-09-19 14:21:38,353 [85c6a9f3-b9a5-43a5-ac4f-9aa7bd5f2263-SegmentedRaftLogWorker:Storage Directory /workdir/hadoop-ozone/integration-test/target/test-dir/MiniOzoneClusterImpl-210d6028-2152-4683-81ff-347b0d29bb13/datanode-0/data/ratis/ce2be745-8f08-452d-a777-c7cd4fb69a1a] INFO  util.JmxRegister (JmxRegister.java:unregister(73)) - Successfully un-registered JMX Bean with object name Ratis:service=RaftServer,group=group-C7CD4FB69A1A,id=85c6a9f3-b9a5-43a5-ac4f-9aa7bd5f2263
2019-09-19 14:21:38,353 [85c6a9f3-b9a5-43a5-ac4f-9aa7bd5f2263-SegmentedRaftLogWorker:Storage Directory /workdir/hadoop-ozone/integration-test/target/test-dir/MiniOzoneClusterImpl-210d6028-2152-4683-81ff-347b0d29bb13/datanode-0/data/ratis/ce2be745-8f08-452d-a777-c7cd4fb69a1a] INFO  impl.RoleInfo (RoleInfo.java:shutdownLeaderState(104)) - 85c6a9f3-b9a5-43a5-ac4f-9aa7bd5f2263: shutdown LeaderState
2019-09-19 14:21:38,353 [85c6a9f3-b9a5-43a5-ac4f-9aa7bd5f2263-SegmentedRaftLogWorker:Storage Directory /workdir/hadoop-ozone/integration-test/target/test-dir/MiniOzoneClusterImpl-210d6028-2152-4683-81ff-347b0d29bb13/datanode-0/data/ratis/ce2be745-8f08-452d-a777-c7cd4fb69a1a] INFO  impl.PendingRequests (PendingRequests.java:sendNotLeaderResponses(202)) - 85c6a9f3-b9a5-43a5-ac4f-9aa7bd5f2263-PendingRequests: sendNotLeaderResponses
2019-09-19 14:21:38,353 [pool-49-thread-1] INFO  impl.RaftServerImpl (RaftServerImpl.java:<init>(93)) - 306a7a99-f2a5-4f40-b42b-2fc2def08a6a: new RaftServerImpl for group-DCF107C2AC45:[306a7a99-f2a5-4f40-b42b-2fc2def08a6a:192.168.157.226:42633] with ContainerStateMachine:uninitialized
2019-09-19 14:21:38,353 [pool-49-thread-1] INFO  server.RaftServerConfigKeys (ConfUtils.java:logGet(43)) - raft.server.rpc.timeout.min = 5s (custom)
2019-09-19 14:21:38,353 [85c6a9f3-b9a5-43a5-ac4f-9aa7bd5f2263-SegmentedRaftLogWorker:Storage Directory /workdir/hadoop-ozone/integration-test/target/test-dir/MiniOzoneClusterImpl-210d6028-2152-4683-81ff-347b0d29bb13/datanode-0/data/ratis/ce2be745-8f08-452d-a777-c7cd4fb69a1a] INFO  impl.StateMachineUpdater (StateMachineUpdater.java:stopAndJoin(115)) - StateMachineUpdater:85c6a9f3-b9a5-43a5-ac4f-9aa7bd5f2263:group-C7CD4FB69A1A: set stopIndex = -1
2019-09-19 14:21:38,353 [pool-49-thread-1] INFO  server.RaftServerConfigKeys (ConfUtils.java:logGet(43)) - raft.server.rpc.timeout.max = 5200ms (custom)
2019-09-19 14:21:38,354 [85c6a9f3-b9a5-43a5-ac4f-9aa7bd5f2263-SegmentedRaftLogWorker:Storage Directory /workdir/hadoop-ozone/integration-test/target/test-dir/MiniOzoneClusterImpl-210d6028-2152-4683-81ff-347b0d29bb13/datanode-0/data/ratis/ce2be745-8f08-452d-a777-c7cd4fb69a1a] INFO  impl.RaftServerImpl (ServerState.java:close(394)) - 85c6a9f3-b9a5-43a5-ac4f-9aa7bd5f2263:group-C7CD4FB69A1A closes. The last applied log index is -1
2019-09-19 14:21:38,354 [pool-49-thread-1] INFO  server.RaftServerConfigKeys (ConfUtils.java:logGet(43)) - raft.server.rpcslowness.timeout = 120s (custom)
2019-09-19 14:21:38,354 [pool-49-thread-1] INFO  server.RaftServerConfigKeys (ConfUtils.java:logGet(43)) - raft.server.sleep.deviation.threshold = 300 (default)
2019-09-19 14:21:38,354 [85c6a9f3-b9a5-43a5-ac4f-9aa7bd5f2263-SegmentedRaftLogWorker:Storage Directory /workdir/hadoop-ozone/integration-test/target/test-dir/MiniOzoneClusterImpl-210d6028-2152-4683-81ff-347b0d29bb13/datanode-0/data/ratis/ce2be745-8f08-452d-a777-c7cd4fb69a1a] INFO  segmented.SegmentedRaftLogWorker (SegmentedRaftLogWorker.java:close(228)) - 85c6a9f3-b9a5-43a5-ac4f-9aa7bd5f2263-SegmentedRaftLogWorker:Storage Directory /workdir/hadoop-ozone/integration-test/target/test-dir/MiniOzoneClusterImpl-210d6028-2152-4683-81ff-347b0d29bb13/datanode-0/data/ratis/ce2be745-8f08-452d-a777-c7cd4fb69a1a close()
2019-09-19 14:21:38,354 [pool-49-thread-1] INFO  server.RaftServerConfigKeys (ConfUtils.java:logGet(43)) - raft.server.log.appender.install.snapshot.enabled = false (custom)
2019-09-19 14:21:38,354 [pool-49-thread-1] INFO  impl.RaftServerImpl (ServerState.java:<init>(105)) - 306a7a99-f2a5-4f40-b42b-2fc2def08a6a:group-DCF107C2AC45 ConfigurationManager, init=-1: [306a7a99-f2a5-4f40-b42b-2fc2def08a6a:192.168.157.226:42633], old=null, confs=<EMPTY_MAP>
2019-09-19 14:21:38,354 [pool-49-thread-1] INFO  server.RaftServerConfigKeys (ConfUtils.java:logGet(43)) - raft.server.storage.dir = [/workdir/hadoop-ozone/integration-test/target/test-dir/MiniOzoneClusterImpl-210d6028-2152-4683-81ff-347b0d29bb13/datanode-2/data/ratis] (custom)
2019-09-19 14:21:38,355 [pool-49-thread-1] INFO  storage.RaftStorageDirectory (RaftStorageDirectory.java:analyzeStorage(246)) - The storage directory /workdir/hadoop-ozone/integration-test/target/test-dir/MiniOzoneClusterImpl-210d6028-2152-4683-81ff-347b0d29bb13/datanode-2/data/ratis/e4b35638-24dc-4528-8eb7-dcf107c2ac45 does not exist. Creating ...
2019-09-19 14:21:38,358 [pool-49-thread-1] INFO  storage.RaftStorageDirectory (RaftStorageDirectory.java:tryLock(328)) - Lock on /workdir/hadoop-ozone/integration-test/target/test-dir/MiniOzoneClusterImpl-210d6028-2152-4683-81ff-347b0d29bb13/datanode-2/data/ratis/e4b35638-24dc-4528-8eb7-dcf107c2ac45/in_use.lock acquired by nodename 16198@pr-hdds-1569-swxfz-3172132826
2019-09-19 14:21:38,362 [pool-49-thread-1] INFO  storage.RaftStorage (RaftStorage.java:format(72)) - Storage directory /workdir/hadoop-ozone/integration-test/target/test-dir/MiniOzoneClusterImpl-210d6028-2152-4683-81ff-347b0d29bb13/datanode-2/data/ratis/e4b35638-24dc-4528-8eb7-dcf107c2ac45 has been successfully formatted.
2019-09-19 14:21:38,362 [pool-49-thread-1] INFO  ratis.ContainerStateMachine (ContainerStateMachine.java:loadSnapshot(226)) - group-DCF107C2AC45: The snapshot info is null. Setting the last applied indexto:(t:0, i:~)
2019-09-19 14:21:38,362 [pool-49-thread-1] INFO  server.RaftServerConfigKeys (ConfUtils.java:logGet(43)) - raft.server.leader.election.timeout = 120s (custom)
2019-09-19 14:21:38,362 [pool-49-thread-1] INFO  server.RaftServerConfigKeys (ConfUtils.java:logGet(43)) - raft.server.log.use.memory = false (default)
2019-09-19 14:21:38,363 [pool-49-thread-1] INFO  server.RaftServerConfigKeys (ConfUtils.java:logGet(43)) - raft.server.log.purge.gap = 1000000 (custom)
2019-09-19 14:21:38,363 [pool-49-thread-1] INFO  server.RaftServerConfigKeys (ConfUtils.java:logGet(43)) - raft.server.log.appender.buffer.byte-limit = 33554432 (custom)
2019-09-19 14:21:38,363 [pool-49-thread-1] INFO  server.RaftServerConfigKeys (ConfUtils.java:logGet(43)) - raft.server.log.segment.size.max = 1048576 (custom)
2019-09-19 14:21:38,363 [pool-49-thread-1] INFO  server.RaftServerConfigKeys (ConfUtils.java:logGet(43)) - raft.server.log.segment.cache.num.max = 2 (custom)
2019-09-19 14:21:38,363 [pool-49-thread-1] INFO  segmented.SegmentedRaftLogWorker (SegmentedRaftLogWorker.java:<init>(172)) - new 306a7a99-f2a5-4f40-b42b-2fc2def08a6a-SegmentedRaftLogWorker:Storage Directory /workdir/hadoop-ozone/integration-test/target/test-dir/MiniOzoneClusterImpl-210d6028-2152-4683-81ff-347b0d29bb13/datanode-2/data/ratis/e4b35638-24dc-4528-8eb7-dcf107c2ac45 for RaftStorage:Storage Directory /workdir/hadoop-ozone/integration-test/target/test-dir/MiniOzoneClusterImpl-210d6028-2152-4683-81ff-347b0d29bb13/datanode-2/data/ratis/e4b35638-24dc-4528-8eb7-dcf107c2ac45
2019-09-19 14:21:38,363 [pool-49-thread-1] INFO  server.RaftServerConfigKeys (ConfUtils.java:logGet(43)) - raft.server.log.queue.byte-limit = 2147483647 (custom)
2019-09-19 14:21:38,363 [pool-49-thread-1] INFO  server.RaftServerConfigKeys (ConfUtils.java:logGet(43)) - raft.server.log.queue.element-limit = 1024 (custom)
2019-09-19 14:21:38,364 [pool-49-thread-1] INFO  server.RaftServerConfigKeys (ConfUtils.java:logGet(43)) - raft.server.log.segment.size.max = 1048576 (custom)
2019-09-19 14:21:38,364 [pool-49-thread-1] INFO  server.RaftServerConfigKeys (ConfUtils.java:logGet(43)) - raft.server.log.preallocated.size = 16384 (custom)
2019-09-19 14:21:38,364 [pool-49-thread-1] INFO  server.RaftServerConfigKeys (ConfUtils.java:logGet(43)) - raft.server.log.write.buffer.size = 33554432 (custom)
2019-09-19 14:21:38,364 [pool-49-thread-1] INFO  server.RaftServerConfigKeys (ConfUtils.java:logGet(43)) - raft.server.log.force.sync.num = 128 (default)
2019-09-19 14:21:38,364 [pool-49-thread-1] INFO  server.RaftServerConfigKeys (ConfUtils.java:logGet(43)) - raft.server.log.statemachine.data.sync = true (default)
2019-09-19 14:21:38,364 [pool-49-thread-1] INFO  server.RaftServerConfigKeys (ConfUtils.java:logGet(43)) - raft.server.log.statemachine.data.sync.timeout = 10s (default)
2019-09-19 14:21:38,364 [pool-49-thread-1] INFO  server.RaftServerConfigKeys (ConfUtils.java:logGet(43)) - raft.server.log.statemachine.data.sync.timeout.retry = -1 (default)
2019-09-19 14:21:38,365 [pool-49-thread-1] INFO  server.RaftServerConfigKeys (ConfUtils.java:logGet(43)) - raft.server.log.statemachine.data.caching.enabled = true (custom)
2019-09-19 14:21:38,365 [pool-49-thread-1] INFO  segmented.SegmentedRaftLogWorker (SegmentedRaftLogWorker.java:lambda$new$0(132)) - 306a7a99-f2a5-4f40-b42b-2fc2def08a6a-SegmentedRaftLogWorker:Storage Directory /workdir/hadoop-ozone/integration-test/target/test-dir/MiniOzoneClusterImpl-210d6028-2152-4683-81ff-347b0d29bb13/datanode-2/data/ratis/e4b35638-24dc-4528-8eb7-dcf107c2ac45: flushIndex: setUnconditionally 0 -> -1
2019-09-19 14:21:38,365 [pool-49-thread-1] INFO  server.RaftServerConfigKeys (ConfUtils.java:logGet(43)) - raft.server.snapshot.auto.trigger.enabled = true (custom)
2019-09-19 14:21:38,365 [pool-49-thread-1] INFO  server.RaftServerConfigKeys (ConfUtils.java:logGet(43)) - raft.server.snapshot.auto.trigger.threshold = 10000 (custom)
2019-09-19 14:21:38,365 [pool-49-thread-1] INFO  server.RaftServerConfigKeys (ConfUtils.java:logGet(43)) - raft.server.retrycache.expirytime = 600000ms (custom)
2019-09-19 14:21:38,366 [pool-49-thread-1] INFO  impl.RaftServerImpl (RaftServerImpl.java:start(180)) - 306a7a99-f2a5-4f40-b42b-2fc2def08a6a: start group-DCF107C2AC45
2019-09-19 14:21:38,366 [pool-49-thread-1] INFO  impl.RaftServerImpl (RaftServerImpl.java:setRole(171)) - 306a7a99-f2a5-4f40-b42b-2fc2def08a6a:group-DCF107C2AC45 changes role from null to FOLLOWER at term 0 for startAsFollower
2019-09-19 14:21:38,366 [pool-49-thread-1] INFO  impl.RoleInfo (RoleInfo.java:updateAndGet(143)) - 306a7a99-f2a5-4f40-b42b-2fc2def08a6a: start FollowerState
2019-09-19 14:21:38,366 [pool-49-thread-1] INFO  util.JmxRegister (JmxRegister.java:tryRegister(44)) - Successfully registered JMX Bean with object name Ratis:service=RaftServer,group=group-DCF107C2AC45,id=306a7a99-f2a5-4f40-b42b-2fc2def08a6a
2019-09-19 14:21:38,368 [RatisPipelineUtilsThread] INFO  pipeline.PipelineStateManager (PipelineStateManager.java:addPipeline(56)) - Created pipeline Pipeline[ Id: e4b35638-24dc-4528-8eb7-dcf107c2ac45, Nodes: 306a7a99-f2a5-4f40-b42b-2fc2def08a6a{ip: 192.168.157.226, host: pr-hdds-1569-swxfz-3172132826, networkLocation: /default-rack, certSerialId: null}, Type:RATIS, Factor:ONE, State:OPEN]
2019-09-19 14:21:38,372 [grpc-default-executor-2] INFO  impl.RaftServerProxy (RaftServerProxy.java:addNew(89)) - 5dfaa0ea-416a-422c-a75d-43311aceb00a: addNew group-4AABC31B2E21:[5dfaa0ea-416a-422c-a75d-43311aceb00a:192.168.157.226:45629] returns group-4AABC31B2E21:java.util.concurrent.CompletableFuture@569e3d9e[Not completed]
2019-09-19 14:21:38,373 [pool-38-thread-1] INFO  impl.RaftServerImpl (RaftServerImpl.java:<init>(93)) - 5dfaa0ea-416a-422c-a75d-43311aceb00a: new RaftServerImpl for group-4AABC31B2E21:[5dfaa0ea-416a-422c-a75d-43311aceb00a:192.168.157.226:45629] with ContainerStateMachine:uninitialized
2019-09-19 14:21:38,373 [pool-38-thread-1] INFO  server.RaftServerConfigKeys (ConfUtils.java:logGet(43)) - raft.server.rpc.timeout.min = 5s (custom)
2019-09-19 14:21:38,373 [pool-38-thread-1] INFO  server.RaftServerConfigKeys (ConfUtils.java:logGet(43)) - raft.server.rpc.timeout.max = 5200ms (custom)
2019-09-19 14:21:38,373 [pool-38-thread-1] INFO  server.RaftServerConfigKeys (ConfUtils.java:logGet(43)) - raft.server.rpcslowness.timeout = 120s (custom)
2019-09-19 14:21:38,373 [pool-38-thread-1] INFO  server.RaftServerConfigKeys (ConfUtils.java:logGet(43)) - raft.server.sleep.deviation.threshold = 300 (default)
2019-09-19 14:21:38,374 [pool-38-thread-1] INFO  server.RaftServerConfigKeys (ConfUtils.java:logGet(43)) - raft.server.log.appender.install.snapshot.enabled = false (custom)
2019-09-19 14:21:38,374 [pool-38-thread-1] INFO  impl.RaftServerImpl (ServerState.java:<init>(105)) - 5dfaa0ea-416a-422c-a75d-43311aceb00a:group-4AABC31B2E21 ConfigurationManager, init=-1: [5dfaa0ea-416a-422c-a75d-43311aceb00a:192.168.157.226:45629], old=null, confs=<EMPTY_MAP>
2019-09-19 14:21:38,374 [pool-38-thread-1] INFO  server.RaftServerConfigKeys (ConfUtils.java:logGet(43)) - raft.server.storage.dir = [/workdir/hadoop-ozone/integration-test/target/test-dir/MiniOzoneClusterImpl-210d6028-2152-4683-81ff-347b0d29bb13/datanode-1/data/ratis] (custom)
2019-09-19 14:21:38,374 [pool-38-thread-1] INFO  storage.RaftStorageDirectory (RaftStorageDirectory.java:analyzeStorage(246)) - The storage directory /workdir/hadoop-ozone/integration-test/target/test-dir/MiniOzoneClusterImpl-210d6028-2152-4683-81ff-347b0d29bb13/datanode-1/data/ratis/bc527ca0-3474-4c52-a0c9-4aabc31b2e21 does not exist. Creating ...
2019-09-19 14:21:38,378 [pool-38-thread-1] INFO  storage.RaftStorageDirectory (RaftStorageDirectory.java:tryLock(328)) - Lock on /workdir/hadoop-ozone/integration-test/target/test-dir/MiniOzoneClusterImpl-210d6028-2152-4683-81ff-347b0d29bb13/datanode-1/data/ratis/bc527ca0-3474-4c52-a0c9-4aabc31b2e21/in_use.lock acquired by nodename 16198@pr-hdds-1569-swxfz-3172132826
2019-09-19 14:21:38,384 [pool-38-thread-1] INFO  storage.RaftStorage (RaftStorage.java:format(72)) - Storage directory /workdir/hadoop-ozone/integration-test/target/test-dir/MiniOzoneClusterImpl-210d6028-2152-4683-81ff-347b0d29bb13/datanode-1/data/ratis/bc527ca0-3474-4c52-a0c9-4aabc31b2e21 has been successfully formatted.
2019-09-19 14:21:38,384 [pool-38-thread-1] INFO  ratis.ContainerStateMachine (ContainerStateMachine.java:loadSnapshot(226)) - group-4AABC31B2E21: The snapshot info is null. Setting the last applied indexto:(t:0, i:~)
2019-09-19 14:21:38,384 [pool-38-thread-1] INFO  server.RaftServerConfigKeys (ConfUtils.java:logGet(43)) - raft.server.leader.election.timeout = 120s (custom)
2019-09-19 14:21:38,384 [pool-38-thread-1] INFO  server.RaftServerConfigKeys (ConfUtils.java:logGet(43)) - raft.server.log.use.memory = false (default)
2019-09-19 14:21:38,385 [pool-38-thread-1] INFO  server.RaftServerConfigKeys (ConfUtils.java:logGet(43)) - raft.server.log.purge.gap = 1000000 (custom)
2019-09-19 14:21:38,385 [pool-38-thread-1] INFO  server.RaftServerConfigKeys (ConfUtils.java:logGet(43)) - raft.server.log.appender.buffer.byte-limit = 33554432 (custom)
2019-09-19 14:21:38,385 [pool-38-thread-1] INFO  server.RaftServerConfigKeys (ConfUtils.java:logGet(43)) - raft.server.log.segment.size.max = 1048576 (custom)
2019-09-19 14:21:38,385 [pool-38-thread-1] INFO  server.RaftServerConfigKeys (ConfUtils.java:logGet(43)) - raft.server.log.segment.cache.num.max = 2 (custom)
2019-09-19 14:21:38,385 [pool-38-thread-1] INFO  segmented.SegmentedRaftLogWorker (SegmentedRaftLogWorker.java:<init>(172)) - new 5dfaa0ea-416a-422c-a75d-43311aceb00a-SegmentedRaftLogWorker:Storage Directory /workdir/hadoop-ozone/integration-test/target/test-dir/MiniOzoneClusterImpl-210d6028-2152-4683-81ff-347b0d29bb13/datanode-1/data/ratis/bc527ca0-3474-4c52-a0c9-4aabc31b2e21 for RaftStorage:Storage Directory /workdir/hadoop-ozone/integration-test/target/test-dir/MiniOzoneClusterImpl-210d6028-2152-4683-81ff-347b0d29bb13/datanode-1/data/ratis/bc527ca0-3474-4c52-a0c9-4aabc31b2e21
2019-09-19 14:21:38,385 [pool-38-thread-1] INFO  server.RaftServerConfigKeys (ConfUtils.java:logGet(43)) - raft.server.log.queue.byte-limit = 2147483647 (custom)
2019-09-19 14:21:38,386 [pool-38-thread-1] INFO  server.RaftServerConfigKeys (ConfUtils.java:logGet(43)) - raft.server.log.queue.element-limit = 1024 (custom)
2019-09-19 14:21:38,386 [pool-38-thread-1] INFO  server.RaftServerConfigKeys (ConfUtils.java:logGet(43)) - raft.server.log.segment.size.max = 1048576 (custom)
2019-09-19 14:21:38,386 [pool-38-thread-1] INFO  server.RaftServerConfigKeys (ConfUtils.java:logGet(43)) - raft.server.log.preallocated.size = 16384 (custom)
2019-09-19 14:21:38,386 [pool-38-thread-1] INFO  server.RaftServerConfigKeys (ConfUtils.java:logGet(43)) - raft.server.log.write.buffer.size = 33554432 (custom)
2019-09-19 14:21:38,386 [pool-38-thread-1] INFO  server.RaftServerConfigKeys (ConfUtils.java:logGet(43)) - raft.server.log.force.sync.num = 128 (default)
2019-09-19 14:21:38,386 [pool-38-thread-1] INFO  server.RaftServerConfigKeys (ConfUtils.java:logGet(43)) - raft.server.log.statemachine.data.sync = true (default)
2019-09-19 14:21:38,386 [pool-38-thread-1] INFO  server.RaftServerConfigKeys (ConfUtils.java:logGet(43)) - raft.server.log.statemachine.data.sync.timeout = 10s (default)
2019-09-19 14:21:38,387 [pool-38-thread-1] INFO  server.RaftServerConfigKeys (ConfUtils.java:logGet(43)) - raft.server.log.statemachine.data.sync.timeout.retry = -1 (default)
2019-09-19 14:21:38,387 [pool-38-thread-1] INFO  server.RaftServerConfigKeys (ConfUtils.java:logGet(43)) - raft.server.log.statemachine.data.caching.enabled = true (custom)
2019-09-19 14:21:38,387 [pool-38-thread-1] INFO  segmented.SegmentedRaftLogWorker (SegmentedRaftLogWorker.java:lambda$new$0(132)) - 5dfaa0ea-416a-422c-a75d-43311aceb00a-SegmentedRaftLogWorker:Storage Directory /workdir/hadoop-ozone/integration-test/target/test-dir/MiniOzoneClusterImpl-210d6028-2152-4683-81ff-347b0d29bb13/datanode-1/data/ratis/bc527ca0-3474-4c52-a0c9-4aabc31b2e21: flushIndex: setUnconditionally 0 -> -1
2019-09-19 14:21:38,387 [pool-38-thread-1] INFO  server.RaftServerConfigKeys (ConfUtils.java:logGet(43)) - raft.server.snapshot.auto.trigger.enabled = true (custom)
2019-09-19 14:21:38,387 [pool-38-thread-1] INFO  server.RaftServerConfigKeys (ConfUtils.java:logGet(43)) - raft.server.snapshot.auto.trigger.threshold = 10000 (custom)
2019-09-19 14:21:38,388 [pool-38-thread-1] INFO  server.RaftServerConfigKeys (ConfUtils.java:logGet(43)) - raft.server.retrycache.expirytime = 600000ms (custom)
2019-09-19 14:21:38,388 [pool-38-thread-1] INFO  impl.RaftServerImpl (RaftServerImpl.java:start(180)) - 5dfaa0ea-416a-422c-a75d-43311aceb00a: start group-4AABC31B2E21
2019-09-19 14:21:38,388 [pool-38-thread-1] INFO  impl.RaftServerImpl (RaftServerImpl.java:setRole(171)) - 5dfaa0ea-416a-422c-a75d-43311aceb00a:group-4AABC31B2E21 changes role from null to FOLLOWER at term 0 for startAsFollower
2019-09-19 14:21:38,388 [pool-38-thread-1] INFO  impl.RoleInfo (RoleInfo.java:updateAndGet(143)) - 5dfaa0ea-416a-422c-a75d-43311aceb00a: start FollowerState
2019-09-19 14:21:38,388 [pool-38-thread-1] INFO  util.JmxRegister (JmxRegister.java:tryRegister(44)) - Successfully registered JMX Bean with object name Ratis:service=RaftServer,group=group-4AABC31B2E21,id=5dfaa0ea-416a-422c-a75d-43311aceb00a
2019-09-19 14:21:38,390 [RatisPipelineUtilsThread] INFO  pipeline.PipelineStateManager (PipelineStateManager.java:addPipeline(56)) - Created pipeline Pipeline[ Id: bc527ca0-3474-4c52-a0c9-4aabc31b2e21, Nodes: 5dfaa0ea-416a-422c-a75d-43311aceb00a{ip: 192.168.157.226, host: pr-hdds-1569-swxfz-3172132826, networkLocation: /default-rack, certSerialId: null}, Type:RATIS, Factor:ONE, State:OPEN]
2019-09-19 14:21:38,394 [grpc-default-executor-2] INFO  impl.RaftServerProxy (RaftServerProxy.java:addNew(89)) - 6403e584-2209-453b-b79e-eeb0a7b58516: addNew group-7FBA47FD431F:[6403e584-2209-453b-b79e-eeb0a7b58516:192.168.157.226:35833] returns group-7FBA47FD431F:java.util.concurrent.CompletableFuture@7b5e9942[Not completed]
2019-09-19 14:21:38,395 [pool-60-thread-1] INFO  impl.RaftServerImpl (RaftServerImpl.java:<init>(93)) - 6403e584-2209-453b-b79e-eeb0a7b58516: new RaftServerImpl for group-7FBA47FD431F:[6403e584-2209-453b-b79e-eeb0a7b58516:192.168.157.226:35833] with ContainerStateMachine:uninitialized
2019-09-19 14:21:38,395 [pool-60-thread-1] INFO  server.RaftServerConfigKeys (ConfUtils.java:logGet(43)) - raft.server.rpc.timeout.min = 5s (custom)
2019-09-19 14:21:38,395 [pool-60-thread-1] INFO  server.RaftServerConfigKeys (ConfUtils.java:logGet(43)) - raft.server.rpc.timeout.max = 5200ms (custom)
2019-09-19 14:21:38,395 [pool-60-thread-1] INFO  server.RaftServerConfigKeys (ConfUtils.java:logGet(43)) - raft.server.rpcslowness.timeout = 120s (custom)
2019-09-19 14:21:38,395 [pool-60-thread-1] INFO  server.RaftServerConfigKeys (ConfUtils.java:logGet(43)) - raft.server.sleep.deviation.threshold = 300 (default)
2019-09-19 14:21:38,395 [pool-60-thread-1] INFO  server.RaftServerConfigKeys (ConfUtils.java:logGet(43)) - raft.server.log.appender.install.snapshot.enabled = false (custom)
2019-09-19 14:21:38,396 [pool-60-thread-1] INFO  impl.RaftServerImpl (ServerState.java:<init>(105)) - 6403e584-2209-453b-b79e-eeb0a7b58516:group-7FBA47FD431F ConfigurationManager, init=-1: [6403e584-2209-453b-b79e-eeb0a7b58516:192.168.157.226:35833], old=null, confs=<EMPTY_MAP>
2019-09-19 14:21:38,396 [pool-60-thread-1] INFO  server.RaftServerConfigKeys (ConfUtils.java:logGet(43)) - raft.server.storage.dir = [/workdir/hadoop-ozone/integration-test/target/test-dir/MiniOzoneClusterImpl-210d6028-2152-4683-81ff-347b0d29bb13/datanode-3/data/ratis] (custom)
2019-09-19 14:21:38,396 [pool-60-thread-1] INFO  storage.RaftStorageDirectory (RaftStorageDirectory.java:analyzeStorage(246)) - The storage directory /workdir/hadoop-ozone/integration-test/target/test-dir/MiniOzoneClusterImpl-210d6028-2152-4683-81ff-347b0d29bb13/datanode-3/data/ratis/332d8a1d-ba3c-475d-8e2c-7fba47fd431f does not exist. Creating ...
2019-09-19 14:21:38,408 [pool-60-thread-1] INFO  storage.RaftStorageDirectory (RaftStorageDirectory.java:tryLock(328)) - Lock on /workdir/hadoop-ozone/integration-test/target/test-dir/MiniOzoneClusterImpl-210d6028-2152-4683-81ff-347b0d29bb13/datanode-3/data/ratis/332d8a1d-ba3c-475d-8e2c-7fba47fd431f/in_use.lock acquired by nodename 16198@pr-hdds-1569-swxfz-3172132826
2019-09-19 14:21:38,422 [pool-60-thread-1] INFO  storage.RaftStorage (RaftStorage.java:format(72)) - Storage directory /workdir/hadoop-ozone/integration-test/target/test-dir/MiniOzoneClusterImpl-210d6028-2152-4683-81ff-347b0d29bb13/datanode-3/data/ratis/332d8a1d-ba3c-475d-8e2c-7fba47fd431f has been successfully formatted.
2019-09-19 14:21:38,422 [pool-60-thread-1] INFO  ratis.ContainerStateMachine (ContainerStateMachine.java:loadSnapshot(226)) - group-7FBA47FD431F: The snapshot info is null. Setting the last applied indexto:(t:0, i:~)
2019-09-19 14:21:38,422 [pool-60-thread-1] INFO  server.RaftServerConfigKeys (ConfUtils.java:logGet(43)) - raft.server.leader.election.timeout = 120s (custom)
2019-09-19 14:21:38,422 [pool-60-thread-1] INFO  server.RaftServerConfigKeys (ConfUtils.java:logGet(43)) - raft.server.log.use.memory = false (default)
2019-09-19 14:21:38,423 [pool-60-thread-1] INFO  server.RaftServerConfigKeys (ConfUtils.java:logGet(43)) - raft.server.log.purge.gap = 1000000 (custom)
2019-09-19 14:21:38,423 [pool-60-thread-1] INFO  server.RaftServerConfigKeys (ConfUtils.java:logGet(43)) - raft.server.log.appender.buffer.byte-limit = 33554432 (custom)
2019-09-19 14:21:38,423 [pool-60-thread-1] INFO  server.RaftServerConfigKeys (ConfUtils.java:logGet(43)) - raft.server.log.segment.size.max = 1048576 (custom)
2019-09-19 14:21:38,423 [pool-60-thread-1] INFO  server.RaftServerConfigKeys (ConfUtils.java:logGet(43)) - raft.server.log.segment.cache.num.max = 2 (custom)
2019-09-19 14:21:38,423 [pool-60-thread-1] INFO  segmented.SegmentedRaftLogWorker (SegmentedRaftLogWorker.java:<init>(172)) - new 6403e584-2209-453b-b79e-eeb0a7b58516-SegmentedRaftLogWorker:Storage Directory /workdir/hadoop-ozone/integration-test/target/test-dir/MiniOzoneClusterImpl-210d6028-2152-4683-81ff-347b0d29bb13/datanode-3/data/ratis/332d8a1d-ba3c-475d-8e2c-7fba47fd431f for RaftStorage:Storage Directory /workdir/hadoop-ozone/integration-test/target/test-dir/MiniOzoneClusterImpl-210d6028-2152-4683-81ff-347b0d29bb13/datanode-3/data/ratis/332d8a1d-ba3c-475d-8e2c-7fba47fd431f
2019-09-19 14:21:38,423 [pool-60-thread-1] INFO  server.RaftServerConfigKeys (ConfUtils.java:logGet(43)) - raft.server.log.queue.byte-limit = 2147483647 (custom)
2019-09-19 14:21:38,423 [pool-60-thread-1] INFO  server.RaftServerConfigKeys (ConfUtils.java:logGet(43)) - raft.server.log.queue.element-limit = 1024 (custom)
2019-09-19 14:21:38,424 [pool-60-thread-1] INFO  server.RaftServerConfigKeys (ConfUtils.java:logGet(43)) - raft.server.log.segment.size.max = 1048576 (custom)
2019-09-19 14:21:38,424 [pool-60-thread-1] INFO  server.RaftServerConfigKeys (ConfUtils.java:logGet(43)) - raft.server.log.preallocated.size = 16384 (custom)
2019-09-19 14:21:38,424 [pool-60-thread-1] INFO  server.RaftServerConfigKeys (ConfUtils.java:logGet(43)) - raft.server.log.write.buffer.size = 33554432 (custom)
2019-09-19 14:21:38,424 [pool-60-thread-1] INFO  server.RaftServerConfigKeys (ConfUtils.java:logGet(43)) - raft.server.log.force.sync.num = 128 (default)
2019-09-19 14:21:38,424 [pool-60-thread-1] INFO  server.RaftServerConfigKeys (ConfUtils.java:logGet(43)) - raft.server.log.statemachine.data.sync = true (default)
2019-09-19 14:21:38,424 [pool-60-thread-1] INFO  server.RaftServerConfigKeys (ConfUtils.java:logGet(43)) - raft.server.log.statemachine.data.sync.timeout = 10s (default)
2019-09-19 14:21:38,424 [pool-60-thread-1] INFO  server.RaftServerConfigKeys (ConfUtils.java:logGet(43)) - raft.server.log.statemachine.data.sync.timeout.retry = -1 (default)
2019-09-19 14:21:38,425 [pool-60-thread-1] INFO  server.RaftServerConfigKeys (ConfUtils.java:logGet(43)) - raft.server.log.statemachine.data.caching.enabled = true (custom)
2019-09-19 14:21:38,425 [pool-60-thread-1] INFO  segmented.SegmentedRaftLogWorker (SegmentedRaftLogWorker.java:lambda$new$0(132)) - 6403e584-2209-453b-b79e-eeb0a7b58516-SegmentedRaftLogWorker:Storage Directory /workdir/hadoop-ozone/integration-test/target/test-dir/MiniOzoneClusterImpl-210d6028-2152-4683-81ff-347b0d29bb13/datanode-3/data/ratis/332d8a1d-ba3c-475d-8e2c-7fba47fd431f: flushIndex: setUnconditionally 0 -> -1
2019-09-19 14:21:38,425 [pool-60-thread-1] INFO  server.RaftServerConfigKeys (ConfUtils.java:logGet(43)) - raft.server.snapshot.auto.trigger.enabled = true (custom)
2019-09-19 14:21:38,425 [pool-60-thread-1] INFO  server.RaftServerConfigKeys (ConfUtils.java:logGet(43)) - raft.server.snapshot.auto.trigger.threshold = 10000 (custom)
2019-09-19 14:21:38,425 [pool-60-thread-1] INFO  server.RaftServerConfigKeys (ConfUtils.java:logGet(43)) - raft.server.retrycache.expirytime = 600000ms (custom)
2019-09-19 14:21:38,426 [pool-60-thread-1] INFO  impl.RaftServerImpl (RaftServerImpl.java:start(180)) - 6403e584-2209-453b-b79e-eeb0a7b58516: start group-7FBA47FD431F
2019-09-19 14:21:38,426 [pool-60-thread-1] INFO  impl.RaftServerImpl (RaftServerImpl.java:setRole(171)) - 6403e584-2209-453b-b79e-eeb0a7b58516:group-7FBA47FD431F changes role from null to FOLLOWER at term 0 for startAsFollower
2019-09-19 14:21:38,426 [pool-60-thread-1] INFO  impl.RoleInfo (RoleInfo.java:updateAndGet(143)) - 6403e584-2209-453b-b79e-eeb0a7b58516: start FollowerState
2019-09-19 14:21:38,426 [pool-60-thread-1] INFO  util.JmxRegister (JmxRegister.java:tryRegister(44)) - Successfully registered JMX Bean with object name Ratis:service=RaftServer,group=group-7FBA47FD431F,id=6403e584-2209-453b-b79e-eeb0a7b58516
2019-09-19 14:21:38,428 [RatisPipelineUtilsThread] INFO  pipeline.PipelineStateManager (PipelineStateManager.java:addPipeline(56)) - Created pipeline Pipeline[ Id: 332d8a1d-ba3c-475d-8e2c-7fba47fd431f, Nodes: 6403e584-2209-453b-b79e-eeb0a7b58516{ip: 192.168.157.226, host: pr-hdds-1569-swxfz-3172132826, networkLocation: /default-rack, certSerialId: null}, Type:RATIS, Factor:ONE, State:OPEN]
2019-09-19 14:21:38,433 [grpc-default-executor-2] INFO  impl.RaftServerProxy (RaftServerProxy.java:addNew(89)) - 5dfaa0ea-416a-422c-a75d-43311aceb00a: addNew group-CF691639F191:[5dfaa0ea-416a-422c-a75d-43311aceb00a:192.168.157.226:45629] returns group-CF691639F191:java.util.concurrent.CompletableFuture@1cbb876f[Not completed]
2019-09-19 14:21:38,434 [pool-38-thread-1] INFO  impl.RaftServerImpl (RaftServerImpl.java:<init>(93)) - 5dfaa0ea-416a-422c-a75d-43311aceb00a: new RaftServerImpl for group-CF691639F191:[5dfaa0ea-416a-422c-a75d-43311aceb00a:192.168.157.226:45629] with ContainerStateMachine:uninitialized
2019-09-19 14:21:38,434 [pool-38-thread-1] INFO  server.RaftServerConfigKeys (ConfUtils.java:logGet(43)) - raft.server.rpc.timeout.min = 5s (custom)
2019-09-19 14:21:38,434 [pool-38-thread-1] INFO  server.RaftServerConfigKeys (ConfUtils.java:logGet(43)) - raft.server.rpc.timeout.max = 5200ms (custom)
2019-09-19 14:21:38,434 [pool-38-thread-1] INFO  server.RaftServerConfigKeys (ConfUtils.java:logGet(43)) - raft.server.rpcslowness.timeout = 120s (custom)
2019-09-19 14:21:38,435 [pool-38-thread-1] INFO  server.RaftServerConfigKeys (ConfUtils.java:logGet(43)) - raft.server.sleep.deviation.threshold = 300 (default)
2019-09-19 14:21:38,435 [pool-38-thread-1] INFO  server.RaftServerConfigKeys (ConfUtils.java:logGet(43)) - raft.server.log.appender.install.snapshot.enabled = false (custom)
2019-09-19 14:21:38,435 [pool-38-thread-1] INFO  impl.RaftServerImpl (ServerState.java:<init>(105)) - 5dfaa0ea-416a-422c-a75d-43311aceb00a:group-CF691639F191 ConfigurationManager, init=-1: [5dfaa0ea-416a-422c-a75d-43311aceb00a:192.168.157.226:45629], old=null, confs=<EMPTY_MAP>
2019-09-19 14:21:38,435 [pool-38-thread-1] INFO  server.RaftServerConfigKeys (ConfUtils.java:logGet(43)) - raft.server.storage.dir = [/workdir/hadoop-ozone/integration-test/target/test-dir/MiniOzoneClusterImpl-210d6028-2152-4683-81ff-347b0d29bb13/datanode-1/data/ratis] (custom)
2019-09-19 14:21:38,436 [pool-38-thread-1] INFO  storage.RaftStorageDirectory (RaftStorageDirectory.java:analyzeStorage(246)) - The storage directory /workdir/hadoop-ozone/integration-test/target/test-dir/MiniOzoneClusterImpl-210d6028-2152-4683-81ff-347b0d29bb13/datanode-1/data/ratis/f7387304-c578-4d69-ac92-cf691639f191 does not exist. Creating ...
2019-09-19 14:21:38,448 [pool-38-thread-1] INFO  storage.RaftStorageDirectory (RaftStorageDirectory.java:tryLock(328)) - Lock on /workdir/hadoop-ozone/integration-test/target/test-dir/MiniOzoneClusterImpl-210d6028-2152-4683-81ff-347b0d29bb13/datanode-1/data/ratis/f7387304-c578-4d69-ac92-cf691639f191/in_use.lock acquired by nodename 16198@pr-hdds-1569-swxfz-3172132826
2019-09-19 14:21:38,462 [pool-38-thread-1] INFO  storage.RaftStorage (RaftStorage.java:format(72)) - Storage directory /workdir/hadoop-ozone/integration-test/target/test-dir/MiniOzoneClusterImpl-210d6028-2152-4683-81ff-347b0d29bb13/datanode-1/data/ratis/f7387304-c578-4d69-ac92-cf691639f191 has been successfully formatted.
2019-09-19 14:21:38,463 [pool-38-thread-1] INFO  ratis.ContainerStateMachine (ContainerStateMachine.java:loadSnapshot(226)) - group-CF691639F191: The snapshot info is null. Setting the last applied indexto:(t:0, i:~)
2019-09-19 14:21:38,463 [pool-38-thread-1] INFO  server.RaftServerConfigKeys (ConfUtils.java:logGet(43)) - raft.server.leader.election.timeout = 120s (custom)
2019-09-19 14:21:38,463 [pool-38-thread-1] INFO  server.RaftServerConfigKeys (ConfUtils.java:logGet(43)) - raft.server.log.use.memory = false (default)
2019-09-19 14:21:38,463 [pool-38-thread-1] INFO  server.RaftServerConfigKeys (ConfUtils.java:logGet(43)) - raft.server.log.purge.gap = 1000000 (custom)
2019-09-19 14:21:38,463 [pool-38-thread-1] INFO  server.RaftServerConfigKeys (ConfUtils.java:logGet(43)) - raft.server.log.appender.buffer.byte-limit = 33554432 (custom)
2019-09-19 14:21:38,464 [pool-38-thread-1] INFO  server.RaftServerConfigKeys (ConfUtils.java:logGet(43)) - raft.server.log.segment.size.max = 1048576 (custom)
2019-09-19 14:21:38,464 [pool-38-thread-1] INFO  server.RaftServerConfigKeys (ConfUtils.java:logGet(43)) - raft.server.log.segment.cache.num.max = 2 (custom)
2019-09-19 14:21:38,464 [pool-38-thread-1] INFO  segmented.SegmentedRaftLogWorker (SegmentedRaftLogWorker.java:<init>(172)) - new 5dfaa0ea-416a-422c-a75d-43311aceb00a-SegmentedRaftLogWorker:Storage Directory /workdir/hadoop-ozone/integration-test/target/test-dir/MiniOzoneClusterImpl-210d6028-2152-4683-81ff-347b0d29bb13/datanode-1/data/ratis/f7387304-c578-4d69-ac92-cf691639f191 for RaftStorage:Storage Directory /workdir/hadoop-ozone/integration-test/target/test-dir/MiniOzoneClusterImpl-210d6028-2152-4683-81ff-347b0d29bb13/datanode-1/data/ratis/f7387304-c578-4d69-ac92-cf691639f191
2019-09-19 14:21:38,464 [pool-38-thread-1] INFO  server.RaftServerConfigKeys (ConfUtils.java:logGet(43)) - raft.server.log.queue.byte-limit = 2147483647 (custom)
2019-09-19 14:21:38,464 [pool-38-thread-1] INFO  server.RaftServerConfigKeys (ConfUtils.java:logGet(43)) - raft.server.log.queue.element-limit = 1024 (custom)
2019-09-19 14:21:38,464 [pool-38-thread-1] INFO  server.RaftServerConfigKeys (ConfUtils.java:logGet(43)) - raft.server.log.segment.size.max = 1048576 (custom)
2019-09-19 14:21:38,464 [pool-38-thread-1] INFO  server.RaftServerConfigKeys (ConfUtils.java:logGet(43)) - raft.server.log.preallocated.size = 16384 (custom)
2019-09-19 14:21:38,465 [pool-38-thread-1] INFO  server.RaftServerConfigKeys (ConfUtils.java:logGet(43)) - raft.server.log.write.buffer.size = 33554432 (custom)
2019-09-19 14:21:38,465 [pool-38-thread-1] INFO  server.RaftServerConfigKeys (ConfUtils.java:logGet(43)) - raft.server.log.force.sync.num = 128 (default)
2019-09-19 14:21:38,465 [pool-38-thread-1] INFO  server.RaftServerConfigKeys (ConfUtils.java:logGet(43)) - raft.server.log.statemachine.data.sync = true (default)
2019-09-19 14:21:38,465 [pool-38-thread-1] INFO  server.RaftServerConfigKeys (ConfUtils.java:logGet(43)) - raft.server.log.statemachine.data.sync.timeout = 10s (default)
2019-09-19 14:21:38,465 [pool-38-thread-1] INFO  server.RaftServerConfigKeys (ConfUtils.java:logGet(43)) - raft.server.log.statemachine.data.sync.timeout.retry = -1 (default)
2019-09-19 14:21:38,465 [pool-38-thread-1] INFO  server.RaftServerConfigKeys (ConfUtils.java:logGet(43)) - raft.server.log.statemachine.data.caching.enabled = true (custom)
2019-09-19 14:21:38,466 [pool-38-thread-1] INFO  segmented.SegmentedRaftLogWorker (SegmentedRaftLogWorker.java:lambda$new$0(132)) - 5dfaa0ea-416a-422c-a75d-43311aceb00a-SegmentedRaftLogWorker:Storage Directory /workdir/hadoop-ozone/integration-test/target/test-dir/MiniOzoneClusterImpl-210d6028-2152-4683-81ff-347b0d29bb13/datanode-1/data/ratis/f7387304-c578-4d69-ac92-cf691639f191: flushIndex: setUnconditionally 0 -> -1
2019-09-19 14:21:38,466 [pool-38-thread-1] INFO  server.RaftServerConfigKeys (ConfUtils.java:logGet(43)) - raft.server.snapshot.auto.trigger.enabled = true (custom)
2019-09-19 14:21:38,466 [pool-38-thread-1] INFO  server.RaftServerConfigKeys (ConfUtils.java:logGet(43)) - raft.server.snapshot.auto.trigger.threshold = 10000 (custom)
2019-09-19 14:21:38,466 [pool-38-thread-1] INFO  server.RaftServerConfigKeys (ConfUtils.java:logGet(43)) - raft.server.retrycache.expirytime = 600000ms (custom)
2019-09-19 14:21:38,467 [pool-38-thread-1] INFO  impl.RaftServerImpl (RaftServerImpl.java:start(180)) - 5dfaa0ea-416a-422c-a75d-43311aceb00a: start group-CF691639F191
2019-09-19 14:21:38,467 [pool-38-thread-1] INFO  impl.RaftServerImpl (RaftServerImpl.java:setRole(171)) - 5dfaa0ea-416a-422c-a75d-43311aceb00a:group-CF691639F191 changes role from null to FOLLOWER at term 0 for startAsFollower
2019-09-19 14:21:38,467 [pool-38-thread-1] INFO  impl.RoleInfo (RoleInfo.java:updateAndGet(143)) - 5dfaa0ea-416a-422c-a75d-43311aceb00a: start FollowerState
2019-09-19 14:21:38,467 [pool-38-thread-1] INFO  util.JmxRegister (JmxRegister.java:tryRegister(44)) - Successfully registered JMX Bean with object name Ratis:service=RaftServer,group=group-CF691639F191,id=5dfaa0ea-416a-422c-a75d-43311aceb00a
2019-09-19 14:21:38,470 [RatisPipelineUtilsThread] INFO  pipeline.PipelineStateManager (PipelineStateManager.java:addPipeline(56)) - Created pipeline Pipeline[ Id: f7387304-c578-4d69-ac92-cf691639f191, Nodes: 5dfaa0ea-416a-422c-a75d-43311aceb00a{ip: 192.168.157.226, host: pr-hdds-1569-swxfz-3172132826, networkLocation: /default-rack, certSerialId: null}, Type:RATIS, Factor:ONE, State:OPEN]
2019-09-19 14:21:38,474 [grpc-default-executor-2] INFO  impl.RaftServerProxy (RaftServerProxy.java:addNew(89)) - 6403e584-2209-453b-b79e-eeb0a7b58516: addNew group-F3FA5553BA7E:[6403e584-2209-453b-b79e-eeb0a7b58516:192.168.157.226:35833] returns group-F3FA5553BA7E:java.util.concurrent.CompletableFuture@468fe14e[Not completed]
2019-09-19 14:21:38,475 [pool-60-thread-1] INFO  impl.RaftServerImpl (RaftServerImpl.java:<init>(93)) - 6403e584-2209-453b-b79e-eeb0a7b58516: new RaftServerImpl for group-F3FA5553BA7E:[6403e584-2209-453b-b79e-eeb0a7b58516:192.168.157.226:35833] with ContainerStateMachine:uninitialized
2019-09-19 14:21:38,475 [pool-60-thread-1] INFO  server.RaftServerConfigKeys (ConfUtils.java:logGet(43)) - raft.server.rpc.timeout.min = 5s (custom)
2019-09-19 14:21:38,475 [pool-60-thread-1] INFO  server.RaftServerConfigKeys (ConfUtils.java:logGet(43)) - raft.server.rpc.timeout.max = 5200ms (custom)
2019-09-19 14:21:38,475 [pool-60-thread-1] INFO  server.RaftServerConfigKeys (ConfUtils.java:logGet(43)) - raft.server.rpcslowness.timeout = 120s (custom)
2019-09-19 14:21:38,476 [pool-60-thread-1] INFO  server.RaftServerConfigKeys (ConfUtils.java:logGet(43)) - raft.server.sleep.deviation.threshold = 300 (default)
2019-09-19 14:21:38,476 [pool-60-thread-1] INFO  server.RaftServerConfigKeys (ConfUtils.java:logGet(43)) - raft.server.log.appender.install.snapshot.enabled = false (custom)
2019-09-19 14:21:38,476 [pool-60-thread-1] INFO  impl.RaftServerImpl (ServerState.java:<init>(105)) - 6403e584-2209-453b-b79e-eeb0a7b58516:group-F3FA5553BA7E ConfigurationManager, init=-1: [6403e584-2209-453b-b79e-eeb0a7b58516:192.168.157.226:35833], old=null, confs=<EMPTY_MAP>
2019-09-19 14:21:38,476 [pool-60-thread-1] INFO  server.RaftServerConfigKeys (ConfUtils.java:logGet(43)) - raft.server.storage.dir = [/workdir/hadoop-ozone/integration-test/target/test-dir/MiniOzoneClusterImpl-210d6028-2152-4683-81ff-347b0d29bb13/datanode-3/data/ratis] (custom)
2019-09-19 14:21:38,477 [pool-60-thread-1] INFO  storage.RaftStorageDirectory (RaftStorageDirectory.java:analyzeStorage(246)) - The storage directory /workdir/hadoop-ozone/integration-test/target/test-dir/MiniOzoneClusterImpl-210d6028-2152-4683-81ff-347b0d29bb13/datanode-3/data/ratis/4b6d68ee-3216-4610-8069-f3fa5553ba7e does not exist. Creating ...
2019-09-19 14:21:38,481 [5dfaa0ea-416a-422c-a75d-43311aceb00a-SegmentedRaftLogWorker:Storage Directory /workdir/hadoop-ozone/integration-test/target/test-dir/MiniOzoneClusterImpl-210d6028-2152-4683-81ff-347b0d29bb13/datanode-1/data/ratis/5b067c44-c03b-4600-aadd-b0a45dc59e65] ERROR segmented.SegmentedRaftLogWorker (SegmentedRaftLogWorker.java:run(323)) - 5dfaa0ea-416a-422c-a75d-43311aceb00a-SegmentedRaftLogWorker:Storage Directory /workdir/hadoop-ozone/integration-test/target/test-dir/MiniOzoneClusterImpl-210d6028-2152-4683-81ff-347b0d29bb13/datanode-1/data/ratis/5b067c44-c03b-4600-aadd-b0a45dc59e65 hit exception
java.lang.OutOfMemoryError: Direct buffer memory
	at java.nio.Bits.reserveMemory(Bits.java:666)
	at java.nio.DirectByteBuffer.<init>(DirectByteBuffer.java:123)
	at java.nio.ByteBuffer.allocateDirect(ByteBuffer.java:311)
	at org.apache.ratis.server.raftlog.segmented.BufferedWriteChannel.<init>(BufferedWriteChannel.java:41)
	at org.apache.ratis.server.raftlog.segmented.SegmentedRaftLogOutputStream.<init>(SegmentedRaftLogOutputStream.java:72)
	at org.apache.ratis.server.raftlog.segmented.SegmentedRaftLogWorker$StartLogSegment.execute(SegmentedRaftLogWorker.java:566)
	at org.apache.ratis.server.raftlog.segmented.SegmentedRaftLogWorker.run(SegmentedRaftLogWorker.java:289)
	at java.lang.Thread.run(Thread.java:748)
2019-09-19 14:21:38,481 [6403e584-2209-453b-b79e-eeb0a7b58516-SegmentedRaftLogWorker:Storage Directory /workdir/hadoop-ozone/integration-test/target/test-dir/MiniOzoneClusterImpl-210d6028-2152-4683-81ff-347b0d29bb13/datanode-3/data/ratis/6598e15c-7086-4406-9131-215a1067754f] ERROR segmented.SegmentedRaftLogWorker (SegmentedRaftLogWorker.java:run(323)) - 6403e584-2209-453b-b79e-eeb0a7b58516-SegmentedRaftLogWorker:Storage Directory /workdir/hadoop-ozone/integration-test/target/test-dir/MiniOzoneClusterImpl-210d6028-2152-4683-81ff-347b0d29bb13/datanode-3/data/ratis/6598e15c-7086-4406-9131-215a1067754f hit exception
java.lang.OutOfMemoryError: Direct buffer memory
	at java.nio.Bits.reserveMemory(Bits.java:666)
	at java.nio.DirectByteBuffer.<init>(DirectByteBuffer.java:123)
	at java.nio.ByteBuffer.allocateDirect(ByteBuffer.java:311)
	at org.apache.ratis.server.raftlog.segmented.BufferedWriteChannel.<init>(BufferedWriteChannel.java:41)
	at org.apache.ratis.server.raftlog.segmented.SegmentedRaftLogOutputStream.<init>(SegmentedRaftLogOutputStream.java:72)
	at org.apache.ratis.server.raftlog.segmented.SegmentedRaftLogWorker$StartLogSegment.execute(SegmentedRaftLogWorker.java:566)
	at org.apache.ratis.server.raftlog.segmented.SegmentedRaftLogWorker.run(SegmentedRaftLogWorker.java:289)
	at java.lang.Thread.run(Thread.java:748)
2019-09-19 14:21:38,482 [5dfaa0ea-416a-422c-a75d-43311aceb00a-SegmentedRaftLogWorker:Storage Directory /workdir/hadoop-ozone/integration-test/target/test-dir/MiniOzoneClusterImpl-210d6028-2152-4683-81ff-347b0d29bb13/datanode-1/data/ratis/5b067c44-c03b-4600-aadd-b0a45dc59e65] INFO  impl.RaftServerImpl (RaftServerImpl.java:lambda$shutdown$3(245)) - 5dfaa0ea-416a-422c-a75d-43311aceb00a: shutdown group-B0A45DC59E65
2019-09-19 14:21:38,482 [6403e584-2209-453b-b79e-eeb0a7b58516-SegmentedRaftLogWorker:Storage Directory /workdir/hadoop-ozone/integration-test/target/test-dir/MiniOzoneClusterImpl-210d6028-2152-4683-81ff-347b0d29bb13/datanode-3/data/ratis/6598e15c-7086-4406-9131-215a1067754f] INFO  impl.RaftServerImpl (RaftServerImpl.java:lambda$shutdown$3(245)) - 6403e584-2209-453b-b79e-eeb0a7b58516: shutdown group-215A1067754F
2019-09-19 14:21:38,482 [5dfaa0ea-416a-422c-a75d-43311aceb00a-SegmentedRaftLogWorker:Storage Directory /workdir/hadoop-ozone/integration-test/target/test-dir/MiniOzoneClusterImpl-210d6028-2152-4683-81ff-347b0d29bb13/datanode-1/data/ratis/5b067c44-c03b-4600-aadd-b0a45dc59e65] INFO  util.JmxRegister (JmxRegister.java:unregister(73)) - Successfully un-registered JMX Bean with object name Ratis:service=RaftServer,group=group-B0A45DC59E65,id=5dfaa0ea-416a-422c-a75d-43311aceb00a
2019-09-19 14:21:38,482 [6403e584-2209-453b-b79e-eeb0a7b58516-SegmentedRaftLogWorker:Storage Directory /workdir/hadoop-ozone/integration-test/target/test-dir/MiniOzoneClusterImpl-210d6028-2152-4683-81ff-347b0d29bb13/datanode-3/data/ratis/6598e15c-7086-4406-9131-215a1067754f] INFO  util.JmxRegister (JmxRegister.java:unregister(73)) - Successfully un-registered JMX Bean with object name Ratis:service=RaftServer,group=group-215A1067754F,id=6403e584-2209-453b-b79e-eeb0a7b58516
2019-09-19 14:21:38,482 [5dfaa0ea-416a-422c-a75d-43311aceb00a-SegmentedRaftLogWorker:Storage Directory /workdir/hadoop-ozone/integration-test/target/test-dir/MiniOzoneClusterImpl-210d6028-2152-4683-81ff-347b0d29bb13/datanode-1/data/ratis/5b067c44-c03b-4600-aadd-b0a45dc59e65] INFO  impl.RoleInfo (RoleInfo.java:shutdownLeaderState(104)) - 5dfaa0ea-416a-422c-a75d-43311aceb00a: shutdown LeaderState
2019-09-19 14:21:38,482 [6403e584-2209-453b-b79e-eeb0a7b58516-SegmentedRaftLogWorker:Storage Directory /workdir/hadoop-ozone/integration-test/target/test-dir/MiniOzoneClusterImpl-210d6028-2152-4683-81ff-347b0d29bb13/datanode-3/data/ratis/6598e15c-7086-4406-9131-215a1067754f] INFO  impl.RoleInfo (RoleInfo.java:shutdownLeaderState(104)) - 6403e584-2209-453b-b79e-eeb0a7b58516: shutdown LeaderState
2019-09-19 14:21:38,483 [5dfaa0ea-416a-422c-a75d-43311aceb00a-SegmentedRaftLogWorker:Storage Directory /workdir/hadoop-ozone/integration-test/target/test-dir/MiniOzoneClusterImpl-210d6028-2152-4683-81ff-347b0d29bb13/datanode-1/data/ratis/5b067c44-c03b-4600-aadd-b0a45dc59e65] INFO  impl.PendingRequests (PendingRequests.java:sendNotLeaderResponses(202)) - 5dfaa0ea-416a-422c-a75d-43311aceb00a-PendingRequests: sendNotLeaderResponses
2019-09-19 14:21:38,483 [6403e584-2209-453b-b79e-eeb0a7b58516-SegmentedRaftLogWorker:Storage Directory /workdir/hadoop-ozone/integration-test/target/test-dir/MiniOzoneClusterImpl-210d6028-2152-4683-81ff-347b0d29bb13/datanode-3/data/ratis/6598e15c-7086-4406-9131-215a1067754f] INFO  impl.PendingRequests (PendingRequests.java:sendNotLeaderResponses(202)) - 6403e584-2209-453b-b79e-eeb0a7b58516-PendingRequests: sendNotLeaderResponses
2019-09-19 14:21:38,483 [5dfaa0ea-416a-422c-a75d-43311aceb00a-SegmentedRaftLogWorker:Storage Directory /workdir/hadoop-ozone/integration-test/target/test-dir/MiniOzoneClusterImpl-210d6028-2152-4683-81ff-347b0d29bb13/datanode-1/data/ratis/5b067c44-c03b-4600-aadd-b0a45dc59e65] INFO  impl.StateMachineUpdater (StateMachineUpdater.java:stopAndJoin(115)) - StateMachineUpdater:5dfaa0ea-416a-422c-a75d-43311aceb00a:group-B0A45DC59E65: set stopIndex = -1
2019-09-19 14:21:38,483 [6403e584-2209-453b-b79e-eeb0a7b58516-SegmentedRaftLogWorker:Storage Directory /workdir/hadoop-ozone/integration-test/target/test-dir/MiniOzoneClusterImpl-210d6028-2152-4683-81ff-347b0d29bb13/datanode-3/data/ratis/6598e15c-7086-4406-9131-215a1067754f] INFO  impl.StateMachineUpdater (StateMachineUpdater.java:stopAndJoin(115)) - StateMachineUpdater:6403e584-2209-453b-b79e-eeb0a7b58516:group-215A1067754F: set stopIndex = -1
2019-09-19 14:21:38,483 [5dfaa0ea-416a-422c-a75d-43311aceb00a-SegmentedRaftLogWorker:Storage Directory /workdir/hadoop-ozone/integration-test/target/test-dir/MiniOzoneClusterImpl-210d6028-2152-4683-81ff-347b0d29bb13/datanode-1/data/ratis/5b067c44-c03b-4600-aadd-b0a45dc59e65] INFO  impl.RaftServerImpl (ServerState.java:close(394)) - 5dfaa0ea-416a-422c-a75d-43311aceb00a:group-B0A45DC59E65 closes. The last applied log index is -1
2019-09-19 14:21:38,483 [6403e584-2209-453b-b79e-eeb0a7b58516-SegmentedRaftLogWorker:Storage Directory /workdir/hadoop-ozone/integration-test/target/test-dir/MiniOzoneClusterImpl-210d6028-2152-4683-81ff-347b0d29bb13/datanode-3/data/ratis/6598e15c-7086-4406-9131-215a1067754f] INFO  impl.RaftServerImpl (ServerState.java:close(394)) - 6403e584-2209-453b-b79e-eeb0a7b58516:group-215A1067754F closes. The last applied log index is -1
2019-09-19 14:21:38,484 [5dfaa0ea-416a-422c-a75d-43311aceb00a-SegmentedRaftLogWorker:Storage Directory /workdir/hadoop-ozone/integration-test/target/test-dir/MiniOzoneClusterImpl-210d6028-2152-4683-81ff-347b0d29bb13/datanode-1/data/ratis/5b067c44-c03b-4600-aadd-b0a45dc59e65] INFO  segmented.SegmentedRaftLogWorker (SegmentedRaftLogWorker.java:close(228)) - 5dfaa0ea-416a-422c-a75d-43311aceb00a-SegmentedRaftLogWorker:Storage Directory /workdir/hadoop-ozone/integration-test/target/test-dir/MiniOzoneClusterImpl-210d6028-2152-4683-81ff-347b0d29bb13/datanode-1/data/ratis/5b067c44-c03b-4600-aadd-b0a45dc59e65 close()
2019-09-19 14:21:38,484 [6403e584-2209-453b-b79e-eeb0a7b58516-SegmentedRaftLogWorker:Storage Directory /workdir/hadoop-ozone/integration-test/target/test-dir/MiniOzoneClusterImpl-210d6028-2152-4683-81ff-347b0d29bb13/datanode-3/data/ratis/6598e15c-7086-4406-9131-215a1067754f] INFO  segmented.SegmentedRaftLogWorker (SegmentedRaftLogWorker.java:close(228)) - 6403e584-2209-453b-b79e-eeb0a7b58516-SegmentedRaftLogWorker:Storage Directory /workdir/hadoop-ozone/integration-test/target/test-dir/MiniOzoneClusterImpl-210d6028-2152-4683-81ff-347b0d29bb13/datanode-3/data/ratis/6598e15c-7086-4406-9131-215a1067754f close()
2019-09-19 14:21:38,490 [pool-60-thread-1] INFO  storage.RaftStorageDirectory (RaftStorageDirectory.java:tryLock(328)) - Lock on /workdir/hadoop-ozone/integration-test/target/test-dir/MiniOzoneClusterImpl-210d6028-2152-4683-81ff-347b0d29bb13/datanode-3/data/ratis/4b6d68ee-3216-4610-8069-f3fa5553ba7e/in_use.lock acquired by nodename 16198@pr-hdds-1569-swxfz-3172132826
2019-09-19 14:21:38,502 [pool-60-thread-1] INFO  storage.RaftStorage (RaftStorage.java:format(72)) - Storage directory /workdir/hadoop-ozone/integration-test/target/test-dir/MiniOzoneClusterImpl-210d6028-2152-4683-81ff-347b0d29bb13/datanode-3/data/ratis/4b6d68ee-3216-4610-8069-f3fa5553ba7e has been successfully formatted.
2019-09-19 14:21:38,503 [pool-60-thread-1] INFO  ratis.ContainerStateMachine (ContainerStateMachine.java:loadSnapshot(226)) - group-F3FA5553BA7E: The snapshot info is null. Setting the last applied indexto:(t:0, i:~)
2019-09-19 14:21:38,503 [pool-60-thread-1] INFO  server.RaftServerConfigKeys (ConfUtils.java:logGet(43)) - raft.server.leader.election.timeout = 120s (custom)
2019-09-19 14:21:38,503 [pool-60-thread-1] INFO  server.RaftServerConfigKeys (ConfUtils.java:logGet(43)) - raft.server.log.use.memory = false (default)
2019-09-19 14:21:38,503 [pool-60-thread-1] INFO  server.RaftServerConfigKeys (ConfUtils.java:logGet(43)) - raft.server.log.purge.gap = 1000000 (custom)
2019-09-19 14:21:38,503 [pool-60-thread-1] INFO  server.RaftServerConfigKeys (ConfUtils.java:logGet(43)) - raft.server.log.appender.buffer.byte-limit = 33554432 (custom)
2019-09-19 14:21:38,504 [pool-60-thread-1] INFO  server.RaftServerConfigKeys (ConfUtils.java:logGet(43)) - raft.server.log.segment.size.max = 1048576 (custom)
2019-09-19 14:21:38,504 [pool-60-thread-1] INFO  server.RaftServerConfigKeys (ConfUtils.java:logGet(43)) - raft.server.log.segment.cache.num.max = 2 (custom)
2019-09-19 14:21:38,504 [pool-60-thread-1] INFO  segmented.SegmentedRaftLogWorker (SegmentedRaftLogWorker.java:<init>(172)) - new 6403e584-2209-453b-b79e-eeb0a7b58516-SegmentedRaftLogWorker:Storage Directory /workdir/hadoop-ozone/integration-test/target/test-dir/MiniOzoneClusterImpl-210d6028-2152-4683-81ff-347b0d29bb13/datanode-3/data/ratis/4b6d68ee-3216-4610-8069-f3fa5553ba7e for RaftStorage:Storage Directory /workdir/hadoop-ozone/integration-test/target/test-dir/MiniOzoneClusterImpl-210d6028-2152-4683-81ff-347b0d29bb13/datanode-3/data/ratis/4b6d68ee-3216-4610-8069-f3fa5553ba7e
2019-09-19 14:21:38,504 [pool-60-thread-1] INFO  server.RaftServerConfigKeys (ConfUtils.java:logGet(43)) - raft.server.log.queue.byte-limit = 2147483647 (custom)
2019-09-19 14:21:38,504 [pool-60-thread-1] INFO  server.RaftServerConfigKeys (ConfUtils.java:logGet(43)) - raft.server.log.queue.element-limit = 1024 (custom)
2019-09-19 14:21:38,504 [pool-60-thread-1] INFO  server.RaftServerConfigKeys (ConfUtils.java:logGet(43)) - raft.server.log.segment.size.max = 1048576 (custom)
2019-09-19 14:21:38,505 [pool-60-thread-1] INFO  server.RaftServerConfigKeys (ConfUtils.java:logGet(43)) - raft.server.log.preallocated.size = 16384 (custom)
2019-09-19 14:21:38,505 [pool-60-thread-1] INFO  server.RaftServerConfigKeys (ConfUtils.java:logGet(43)) - raft.server.log.write.buffer.size = 33554432 (custom)
2019-09-19 14:21:38,505 [pool-60-thread-1] INFO  server.RaftServerConfigKeys (ConfUtils.java:logGet(43)) - raft.server.log.force.sync.num = 128 (default)
2019-09-19 14:21:38,505 [pool-60-thread-1] INFO  server.RaftServerConfigKeys (ConfUtils.java:logGet(43)) - raft.server.log.statemachine.data.sync = true (default)
2019-09-19 14:21:38,505 [pool-60-thread-1] INFO  server.RaftServerConfigKeys (ConfUtils.java:logGet(43)) - raft.server.log.statemachine.data.sync.timeout = 10s (default)
2019-09-19 14:21:38,505 [pool-60-thread-1] INFO  server.RaftServerConfigKeys (ConfUtils.java:logGet(43)) - raft.server.log.statemachine.data.sync.timeout.retry = -1 (default)
2019-09-19 14:21:38,506 [pool-60-thread-1] INFO  server.RaftServerConfigKeys (ConfUtils.java:logGet(43)) - raft.server.log.statemachine.data.caching.enabled = true (custom)
2019-09-19 14:21:38,506 [pool-60-thread-1] INFO  segmented.SegmentedRaftLogWorker (SegmentedRaftLogWorker.java:lambda$new$0(132)) - 6403e584-2209-453b-b79e-eeb0a7b58516-SegmentedRaftLogWorker:Storage Directory /workdir/hadoop-ozone/integration-test/target/test-dir/MiniOzoneClusterImpl-210d6028-2152-4683-81ff-347b0d29bb13/datanode-3/data/ratis/4b6d68ee-3216-4610-8069-f3fa5553ba7e: flushIndex: setUnconditionally 0 -> -1
2019-09-19 14:21:38,506 [pool-60-thread-1] INFO  server.RaftServerConfigKeys (ConfUtils.java:logGet(43)) - raft.server.snapshot.auto.trigger.enabled = true (custom)
2019-09-19 14:21:38,506 [pool-60-thread-1] INFO  server.RaftServerConfigKeys (ConfUtils.java:logGet(43)) - raft.server.snapshot.auto.trigger.threshold = 10000 (custom)
2019-09-19 14:21:38,507 [pool-60-thread-1] INFO  server.RaftServerConfigKeys (ConfUtils.java:logGet(43)) - raft.server.retrycache.expirytime = 600000ms (custom)
2019-09-19 14:21:38,507 [pool-60-thread-1] INFO  impl.RaftServerImpl (RaftServerImpl.java:start(180)) - 6403e584-2209-453b-b79e-eeb0a7b58516: start group-F3FA5553BA7E
2019-09-19 14:21:38,507 [pool-60-thread-1] INFO  impl.RaftServerImpl (RaftServerImpl.java:setRole(171)) - 6403e584-2209-453b-b79e-eeb0a7b58516:group-F3FA5553BA7E changes role from null to FOLLOWER at term 0 for startAsFollower
2019-09-19 14:21:38,507 [pool-60-thread-1] INFO  impl.RoleInfo (RoleInfo.java:updateAndGet(143)) - 6403e584-2209-453b-b79e-eeb0a7b58516: start FollowerState
2019-09-19 14:21:38,508 [pool-60-thread-1] INFO  util.JmxRegister (JmxRegister.java:tryRegister(44)) - Successfully registered JMX Bean with object name Ratis:service=RaftServer,group=group-F3FA5553BA7E,id=6403e584-2209-453b-b79e-eeb0a7b58516
2019-09-19 14:21:38,510 [RatisPipelineUtilsThread] INFO  pipeline.PipelineStateManager (PipelineStateManager.java:addPipeline(56)) - Created pipeline Pipeline[ Id: 4b6d68ee-3216-4610-8069-f3fa5553ba7e, Nodes: 6403e584-2209-453b-b79e-eeb0a7b58516{ip: 192.168.157.226, host: pr-hdds-1569-swxfz-3172132826, networkLocation: /default-rack, certSerialId: null}, Type:RATIS, Factor:ONE, State:OPEN]
2019-09-19 14:21:38,515 [grpc-default-executor-2] INFO  impl.RaftServerProxy (RaftServerProxy.java:addNew(89)) - 306a7a99-f2a5-4f40-b42b-2fc2def08a6a: addNew group-281FA53C833A:[306a7a99-f2a5-4f40-b42b-2fc2def08a6a:192.168.157.226:42633] returns group-281FA53C833A:java.util.concurrent.CompletableFuture@4c1134f3[Not completed]
2019-09-19 14:21:38,516 [pool-49-thread-1] INFO  impl.RaftServerImpl (RaftServerImpl.java:<init>(93)) - 306a7a99-f2a5-4f40-b42b-2fc2def08a6a: new RaftServerImpl for group-281FA53C833A:[306a7a99-f2a5-4f40-b42b-2fc2def08a6a:192.168.157.226:42633] with ContainerStateMachine:uninitialized
2019-09-19 14:21:38,516 [pool-49-thread-1] INFO  server.RaftServerConfigKeys (ConfUtils.java:logGet(43)) - raft.server.rpc.timeout.min = 5s (custom)
2019-09-19 14:21:38,516 [pool-49-thread-1] INFO  server.RaftServerConfigKeys (ConfUtils.java:logGet(43)) - raft.server.rpc.timeout.max = 5200ms (custom)
2019-09-19 14:21:38,516 [pool-49-thread-1] INFO  server.RaftServerConfigKeys (ConfUtils.java:logGet(43)) - raft.server.rpcslowness.timeout = 120s (custom)
2019-09-19 14:21:38,517 [pool-49-thread-1] INFO  server.RaftServerConfigKeys (ConfUtils.java:logGet(43)) - raft.server.sleep.deviation.threshold = 300 (default)
2019-09-19 14:21:38,517 [pool-49-thread-1] INFO  server.RaftServerConfigKeys (ConfUtils.java:logGet(43)) - raft.server.log.appender.install.snapshot.enabled = false (custom)
2019-09-19 14:21:38,517 [pool-49-thread-1] INFO  impl.RaftServerImpl (ServerState.java:<init>(105)) - 306a7a99-f2a5-4f40-b42b-2fc2def08a6a:group-281FA53C833A ConfigurationManager, init=-1: [306a7a99-f2a5-4f40-b42b-2fc2def08a6a:192.168.157.226:42633], old=null, confs=<EMPTY_MAP>
2019-09-19 14:21:38,517 [pool-49-thread-1] INFO  server.RaftServerConfigKeys (ConfUtils.java:logGet(43)) - raft.server.storage.dir = [/workdir/hadoop-ozone/integration-test/target/test-dir/MiniOzoneClusterImpl-210d6028-2152-4683-81ff-347b0d29bb13/datanode-2/data/ratis] (custom)
2019-09-19 14:21:38,518 [pool-49-thread-1] INFO  storage.RaftStorageDirectory (RaftStorageDirectory.java:analyzeStorage(246)) - The storage directory /workdir/hadoop-ozone/integration-test/target/test-dir/MiniOzoneClusterImpl-210d6028-2152-4683-81ff-347b0d29bb13/datanode-2/data/ratis/f328efdc-fdfe-4382-a265-281fa53c833a does not exist. Creating ...
2019-09-19 14:21:38,531 [pool-49-thread-1] INFO  storage.RaftStorageDirectory (RaftStorageDirectory.java:tryLock(328)) - Lock on /workdir/hadoop-ozone/integration-test/target/test-dir/MiniOzoneClusterImpl-210d6028-2152-4683-81ff-347b0d29bb13/datanode-2/data/ratis/f328efdc-fdfe-4382-a265-281fa53c833a/in_use.lock acquired by nodename 16198@pr-hdds-1569-swxfz-3172132826
2019-09-19 14:21:38,544 [pool-49-thread-1] INFO  storage.RaftStorage (RaftStorage.java:format(72)) - Storage directory /workdir/hadoop-ozone/integration-test/target/test-dir/MiniOzoneClusterImpl-210d6028-2152-4683-81ff-347b0d29bb13/datanode-2/data/ratis/f328efdc-fdfe-4382-a265-281fa53c833a has been successfully formatted.
2019-09-19 14:21:38,544 [pool-49-thread-1] INFO  ratis.ContainerStateMachine (ContainerStateMachine.java:loadSnapshot(226)) - group-281FA53C833A: The snapshot info is null. Setting the last applied indexto:(t:0, i:~)
2019-09-19 14:21:38,544 [pool-49-thread-1] INFO  server.RaftServerConfigKeys (ConfUtils.java:logGet(43)) - raft.server.leader.election.timeout = 120s (custom)
2019-09-19 14:21:38,545 [pool-49-thread-1] INFO  server.RaftServerConfigKeys (ConfUtils.java:logGet(43)) - raft.server.log.use.memory = false (default)
2019-09-19 14:21:38,545 [pool-49-thread-1] INFO  server.RaftServerConfigKeys (ConfUtils.java:logGet(43)) - raft.server.log.purge.gap = 1000000 (custom)
2019-09-19 14:21:38,545 [pool-49-thread-1] INFO  server.RaftServerConfigKeys (ConfUtils.java:logGet(43)) - raft.server.log.appender.buffer.byte-limit = 33554432 (custom)
2019-09-19 14:21:38,545 [pool-49-thread-1] INFO  server.RaftServerConfigKeys (ConfUtils.java:logGet(43)) - raft.server.log.segment.size.max = 1048576 (custom)
2019-09-19 14:21:38,545 [pool-49-thread-1] INFO  server.RaftServerConfigKeys (ConfUtils.java:logGet(43)) - raft.server.log.segment.cache.num.max = 2 (custom)
2019-09-19 14:21:38,545 [pool-49-thread-1] INFO  segmented.SegmentedRaftLogWorker (SegmentedRaftLogWorker.java:<init>(172)) - new 306a7a99-f2a5-4f40-b42b-2fc2def08a6a-SegmentedRaftLogWorker:Storage Directory /workdir/hadoop-ozone/integration-test/target/test-dir/MiniOzoneClusterImpl-210d6028-2152-4683-81ff-347b0d29bb13/datanode-2/data/ratis/f328efdc-fdfe-4382-a265-281fa53c833a for RaftStorage:Storage Directory /workdir/hadoop-ozone/integration-test/target/test-dir/MiniOzoneClusterImpl-210d6028-2152-4683-81ff-347b0d29bb13/datanode-2/data/ratis/f328efdc-fdfe-4382-a265-281fa53c833a
2019-09-19 14:21:38,545 [pool-49-thread-1] INFO  server.RaftServerConfigKeys (ConfUtils.java:logGet(43)) - raft.server.log.queue.byte-limit = 2147483647 (custom)
2019-09-19 14:21:38,546 [pool-49-thread-1] INFO  server.RaftServerConfigKeys (ConfUtils.java:logGet(43)) - raft.server.log.queue.element-limit = 1024 (custom)
2019-09-19 14:21:38,546 [pool-49-thread-1] INFO  server.RaftServerConfigKeys (ConfUtils.java:logGet(43)) - raft.server.log.segment.size.max = 1048576 (custom)
2019-09-19 14:21:38,546 [pool-49-thread-1] INFO  server.RaftServerConfigKeys (ConfUtils.java:logGet(43)) - raft.server.log.preallocated.size = 16384 (custom)
2019-09-19 14:21:38,546 [pool-49-thread-1] INFO  server.RaftServerConfigKeys (ConfUtils.java:logGet(43)) - raft.server.log.write.buffer.size = 33554432 (custom)
2019-09-19 14:21:38,546 [pool-49-thread-1] INFO  server.RaftServerConfigKeys (ConfUtils.java:logGet(43)) - raft.server.log.force.sync.num = 128 (default)
2019-09-19 14:21:38,546 [pool-49-thread-1] INFO  server.RaftServerConfigKeys (ConfUtils.java:logGet(43)) - raft.server.log.statemachine.data.sync = true (default)
2019-09-19 14:21:38,546 [pool-49-thread-1] INFO  server.RaftServerConfigKeys (ConfUtils.java:logGet(43)) - raft.server.log.statemachine.data.sync.timeout = 10s (default)
2019-09-19 14:21:38,546 [pool-49-thread-1] INFO  server.RaftServerConfigKeys (ConfUtils.java:logGet(43)) - raft.server.log.statemachine.data.sync.timeout.retry = -1 (default)
2019-09-19 14:21:38,547 [pool-49-thread-1] INFO  server.RaftServerConfigKeys (ConfUtils.java:logGet(43)) - raft.server.log.statemachine.data.caching.enabled = true (custom)
2019-09-19 14:21:38,547 [pool-49-thread-1] INFO  segmented.SegmentedRaftLogWorker (SegmentedRaftLogWorker.java:lambda$new$0(132)) - 306a7a99-f2a5-4f40-b42b-2fc2def08a6a-SegmentedRaftLogWorker:Storage Directory /workdir/hadoop-ozone/integration-test/target/test-dir/MiniOzoneClusterImpl-210d6028-2152-4683-81ff-347b0d29bb13/datanode-2/data/ratis/f328efdc-fdfe-4382-a265-281fa53c833a: flushIndex: setUnconditionally 0 -> -1
2019-09-19 14:21:38,547 [pool-49-thread-1] INFO  server.RaftServerConfigKeys (ConfUtils.java:logGet(43)) - raft.server.snapshot.auto.trigger.enabled = true (custom)
2019-09-19 14:21:38,547 [pool-49-thread-1] INFO  server.RaftServerConfigKeys (ConfUtils.java:logGet(43)) - raft.server.snapshot.auto.trigger.threshold = 10000 (custom)
2019-09-19 14:21:38,548 [pool-49-thread-1] INFO  server.RaftServerConfigKeys (ConfUtils.java:logGet(43)) - raft.server.retrycache.expirytime = 600000ms (custom)
2019-09-19 14:21:38,548 [pool-49-thread-1] INFO  impl.RaftServerImpl (RaftServerImpl.java:start(180)) - 306a7a99-f2a5-4f40-b42b-2fc2def08a6a: start group-281FA53C833A
2019-09-19 14:21:38,548 [pool-49-thread-1] INFO  impl.RaftServerImpl (RaftServerImpl.java:setRole(171)) - 306a7a99-f2a5-4f40-b42b-2fc2def08a6a:group-281FA53C833A changes role from null to FOLLOWER at term 0 for startAsFollower
2019-09-19 14:21:38,548 [pool-49-thread-1] INFO  impl.RoleInfo (RoleInfo.java:updateAndGet(143)) - 306a7a99-f2a5-4f40-b42b-2fc2def08a6a: start FollowerState
2019-09-19 14:21:38,548 [pool-49-thread-1] INFO  util.JmxRegister (JmxRegister.java:tryRegister(44)) - Successfully registered JMX Bean with object name Ratis:service=RaftServer,group=group-281FA53C833A,id=306a7a99-f2a5-4f40-b42b-2fc2def08a6a
2019-09-19 14:21:38,551 [RatisPipelineUtilsThread] INFO  pipeline.PipelineStateManager (PipelineStateManager.java:addPipeline(56)) - Created pipeline Pipeline[ Id: f328efdc-fdfe-4382-a265-281fa53c833a, Nodes: 306a7a99-f2a5-4f40-b42b-2fc2def08a6a{ip: 192.168.157.226, host: pr-hdds-1569-swxfz-3172132826, networkLocation: /default-rack, certSerialId: null}, Type:RATIS, Factor:ONE, State:OPEN]
2019-09-19 14:21:38,556 [grpc-default-executor-2] INFO  impl.RaftServerProxy (RaftServerProxy.java:addNew(89)) - 85c6a9f3-b9a5-43a5-ac4f-9aa7bd5f2263: addNew group-FB7E126E1573:[85c6a9f3-b9a5-43a5-ac4f-9aa7bd5f2263:192.168.157.226:45170] returns group-FB7E126E1573:java.util.concurrent.CompletableFuture@1b7ac91c[Not completed]
2019-09-19 14:21:38,557 [pool-27-thread-1] INFO  impl.RaftServerImpl (RaftServerImpl.java:<init>(93)) - 85c6a9f3-b9a5-43a5-ac4f-9aa7bd5f2263: new RaftServerImpl for group-FB7E126E1573:[85c6a9f3-b9a5-43a5-ac4f-9aa7bd5f2263:192.168.157.226:45170] with ContainerStateMachine:uninitialized
2019-09-19 14:21:38,557 [pool-27-thread-1] INFO  server.RaftServerConfigKeys (ConfUtils.java:logGet(43)) - raft.server.rpc.timeout.min = 5s (custom)
2019-09-19 14:21:38,557 [pool-27-thread-1] INFO  server.RaftServerConfigKeys (ConfUtils.java:logGet(43)) - raft.server.rpc.timeout.max = 5200ms (custom)
2019-09-19 14:21:38,557 [pool-27-thread-1] INFO  server.RaftServerConfigKeys (ConfUtils.java:logGet(43)) - raft.server.rpcslowness.timeout = 120s (custom)
2019-09-19 14:21:38,557 [pool-27-thread-1] INFO  server.RaftServerConfigKeys (ConfUtils.java:logGet(43)) - raft.server.sleep.deviation.threshold = 300 (default)
2019-09-19 14:21:38,557 [pool-27-thread-1] INFO  server.RaftServerConfigKeys (ConfUtils.java:logGet(43)) - raft.server.log.appender.install.snapshot.enabled = false (custom)
2019-09-19 14:21:38,558 [pool-27-thread-1] INFO  impl.RaftServerImpl (ServerState.java:<init>(105)) - 85c6a9f3-b9a5-43a5-ac4f-9aa7bd5f2263:group-FB7E126E1573 ConfigurationManager, init=-1: [85c6a9f3-b9a5-43a5-ac4f-9aa7bd5f2263:192.168.157.226:45170], old=null, confs=<EMPTY_MAP>
2019-09-19 14:21:38,558 [pool-27-thread-1] INFO  server.RaftServerConfigKeys (ConfUtils.java:logGet(43)) - raft.server.storage.dir = [/workdir/hadoop-ozone/integration-test/target/test-dir/MiniOzoneClusterImpl-210d6028-2152-4683-81ff-347b0d29bb13/datanode-0/data/ratis] (custom)
2019-09-19 14:21:38,558 [pool-27-thread-1] INFO  storage.RaftStorageDirectory (RaftStorageDirectory.java:analyzeStorage(246)) - The storage directory /workdir/hadoop-ozone/integration-test/target/test-dir/MiniOzoneClusterImpl-210d6028-2152-4683-81ff-347b0d29bb13/datanode-0/data/ratis/359331fd-2cfc-4e89-817c-fb7e126e1573 does not exist. Creating ...
2019-09-19 14:21:38,571 [pool-27-thread-1] INFO  storage.RaftStorageDirectory (RaftStorageDirectory.java:tryLock(328)) - Lock on /workdir/hadoop-ozone/integration-test/target/test-dir/MiniOzoneClusterImpl-210d6028-2152-4683-81ff-347b0d29bb13/datanode-0/data/ratis/359331fd-2cfc-4e89-817c-fb7e126e1573/in_use.lock acquired by nodename 16198@pr-hdds-1569-swxfz-3172132826
2019-09-19 14:21:38,577 [5dfaa0ea-416a-422c-a75d-43311aceb00a-SegmentedRaftLogWorker:Storage Directory /workdir/hadoop-ozone/integration-test/target/test-dir/MiniOzoneClusterImpl-210d6028-2152-4683-81ff-347b0d29bb13/datanode-1/data/ratis/9d73a938-6846-45b1-8091-23b0d2424888] ERROR segmented.SegmentedRaftLogWorker (SegmentedRaftLogWorker.java:run(323)) - 5dfaa0ea-416a-422c-a75d-43311aceb00a-SegmentedRaftLogWorker:Storage Directory /workdir/hadoop-ozone/integration-test/target/test-dir/MiniOzoneClusterImpl-210d6028-2152-4683-81ff-347b0d29bb13/datanode-1/data/ratis/9d73a938-6846-45b1-8091-23b0d2424888 hit exception
java.lang.OutOfMemoryError: Direct buffer memory
	at java.nio.Bits.reserveMemory(Bits.java:666)
	at java.nio.DirectByteBuffer.<init>(DirectByteBuffer.java:123)
	at java.nio.ByteBuffer.allocateDirect(ByteBuffer.java:311)
	at org.apache.ratis.server.raftlog.segmented.BufferedWriteChannel.<init>(BufferedWriteChannel.java:41)
	at org.apache.ratis.server.raftlog.segmented.SegmentedRaftLogOutputStream.<init>(SegmentedRaftLogOutputStream.java:72)
	at org.apache.ratis.server.raftlog.segmented.SegmentedRaftLogWorker$StartLogSegment.execute(SegmentedRaftLogWorker.java:566)
	at org.apache.ratis.server.raftlog.segmented.SegmentedRaftLogWorker.run(SegmentedRaftLogWorker.java:289)
	at java.lang.Thread.run(Thread.java:748)
2019-09-19 14:21:38,578 [5dfaa0ea-416a-422c-a75d-43311aceb00a-SegmentedRaftLogWorker:Storage Directory /workdir/hadoop-ozone/integration-test/target/test-dir/MiniOzoneClusterImpl-210d6028-2152-4683-81ff-347b0d29bb13/datanode-1/data/ratis/9d73a938-6846-45b1-8091-23b0d2424888] INFO  impl.RaftServerImpl (RaftServerImpl.java:lambda$shutdown$3(245)) - 5dfaa0ea-416a-422c-a75d-43311aceb00a: shutdown group-23B0D2424888
2019-09-19 14:21:38,578 [5dfaa0ea-416a-422c-a75d-43311aceb00a-SegmentedRaftLogWorker:Storage Directory /workdir/hadoop-ozone/integration-test/target/test-dir/MiniOzoneClusterImpl-210d6028-2152-4683-81ff-347b0d29bb13/datanode-1/data/ratis/9d73a938-6846-45b1-8091-23b0d2424888] INFO  util.JmxRegister (JmxRegister.java:unregister(73)) - Successfully un-registered JMX Bean with object name Ratis:service=RaftServer,group=group-23B0D2424888,id=5dfaa0ea-416a-422c-a75d-43311aceb00a
2019-09-19 14:21:38,578 [5dfaa0ea-416a-422c-a75d-43311aceb00a-SegmentedRaftLogWorker:Storage Directory /workdir/hadoop-ozone/integration-test/target/test-dir/MiniOzoneClusterImpl-210d6028-2152-4683-81ff-347b0d29bb13/datanode-1/data/ratis/9d73a938-6846-45b1-8091-23b0d2424888] INFO  impl.RoleInfo (RoleInfo.java:shutdownLeaderState(104)) - 5dfaa0ea-416a-422c-a75d-43311aceb00a: shutdown LeaderState
2019-09-19 14:21:38,578 [5dfaa0ea-416a-422c-a75d-43311aceb00a-SegmentedRaftLogWorker:Storage Directory /workdir/hadoop-ozone/integration-test/target/test-dir/MiniOzoneClusterImpl-210d6028-2152-4683-81ff-347b0d29bb13/datanode-1/data/ratis/9d73a938-6846-45b1-8091-23b0d2424888] INFO  impl.PendingRequests (PendingRequests.java:sendNotLeaderResponses(202)) - 5dfaa0ea-416a-422c-a75d-43311aceb00a-PendingRequests: sendNotLeaderResponses
2019-09-19 14:21:38,578 [5dfaa0ea-416a-422c-a75d-43311aceb00a-SegmentedRaftLogWorker:Storage Directory /workdir/hadoop-ozone/integration-test/target/test-dir/MiniOzoneClusterImpl-210d6028-2152-4683-81ff-347b0d29bb13/datanode-1/data/ratis/9d73a938-6846-45b1-8091-23b0d2424888] INFO  impl.StateMachineUpdater (StateMachineUpdater.java:stopAndJoin(115)) - StateMachineUpdater:5dfaa0ea-416a-422c-a75d-43311aceb00a:group-23B0D2424888: set stopIndex = -1
2019-09-19 14:21:38,579 [5dfaa0ea-416a-422c-a75d-43311aceb00a-SegmentedRaftLogWorker:Storage Directory /workdir/hadoop-ozone/integration-test/target/test-dir/MiniOzoneClusterImpl-210d6028-2152-4683-81ff-347b0d29bb13/datanode-1/data/ratis/9d73a938-6846-45b1-8091-23b0d2424888] INFO  impl.RaftServerImpl (ServerState.java:close(394)) - 5dfaa0ea-416a-422c-a75d-43311aceb00a:group-23B0D2424888 closes. The last applied log index is -1
2019-09-19 14:21:38,579 [5dfaa0ea-416a-422c-a75d-43311aceb00a-SegmentedRaftLogWorker:Storage Directory /workdir/hadoop-ozone/integration-test/target/test-dir/MiniOzoneClusterImpl-210d6028-2152-4683-81ff-347b0d29bb13/datanode-1/data/ratis/9d73a938-6846-45b1-8091-23b0d2424888] INFO  segmented.SegmentedRaftLogWorker (SegmentedRaftLogWorker.java:close(228)) - 5dfaa0ea-416a-422c-a75d-43311aceb00a-SegmentedRaftLogWorker:Storage Directory /workdir/hadoop-ozone/integration-test/target/test-dir/MiniOzoneClusterImpl-210d6028-2152-4683-81ff-347b0d29bb13/datanode-1/data/ratis/9d73a938-6846-45b1-8091-23b0d2424888 close()
2019-09-19 14:21:38,584 [pool-27-thread-1] INFO  storage.RaftStorage (RaftStorage.java:format(72)) - Storage directory /workdir/hadoop-ozone/integration-test/target/test-dir/MiniOzoneClusterImpl-210d6028-2152-4683-81ff-347b0d29bb13/datanode-0/data/ratis/359331fd-2cfc-4e89-817c-fb7e126e1573 has been successfully formatted.
2019-09-19 14:21:38,585 [pool-27-thread-1] INFO  ratis.ContainerStateMachine (ContainerStateMachine.java:loadSnapshot(226)) - group-FB7E126E1573: The snapshot info is null. Setting the last applied indexto:(t:0, i:~)
2019-09-19 14:21:38,585 [pool-27-thread-1] INFO  server.RaftServerConfigKeys (ConfUtils.java:logGet(43)) - raft.server.leader.election.timeout = 120s (custom)
2019-09-19 14:21:38,585 [pool-27-thread-1] INFO  server.RaftServerConfigKeys (ConfUtils.java:logGet(43)) - raft.server.log.use.memory = false (default)
2019-09-19 14:21:38,585 [pool-27-thread-1] INFO  server.RaftServerConfigKeys (ConfUtils.java:logGet(43)) - raft.server.log.purge.gap = 1000000 (custom)
2019-09-19 14:21:38,585 [pool-27-thread-1] INFO  server.RaftServerConfigKeys (ConfUtils.java:logGet(43)) - raft.server.log.appender.buffer.byte-limit = 33554432 (custom)
2019-09-19 14:21:38,585 [pool-27-thread-1] INFO  server.RaftServerConfigKeys (ConfUtils.java:logGet(43)) - raft.server.log.segment.size.max = 1048576 (custom)
2019-09-19 14:21:38,585 [pool-27-thread-1] INFO  server.RaftServerConfigKeys (ConfUtils.java:logGet(43)) - raft.server.log.segment.cache.num.max = 2 (custom)
2019-09-19 14:21:38,586 [pool-27-thread-1] INFO  segmented.SegmentedRaftLogWorker (SegmentedRaftLogWorker.java:<init>(172)) - new 85c6a9f3-b9a5-43a5-ac4f-9aa7bd5f2263-SegmentedRaftLogWorker:Storage Directory /workdir/hadoop-ozone/integration-test/target/test-dir/MiniOzoneClusterImpl-210d6028-2152-4683-81ff-347b0d29bb13/datanode-0/data/ratis/359331fd-2cfc-4e89-817c-fb7e126e1573 for RaftStorage:Storage Directory /workdir/hadoop-ozone/integration-test/target/test-dir/MiniOzoneClusterImpl-210d6028-2152-4683-81ff-347b0d29bb13/datanode-0/data/ratis/359331fd-2cfc-4e89-817c-fb7e126e1573
2019-09-19 14:21:38,586 [pool-27-thread-1] INFO  server.RaftServerConfigKeys (ConfUtils.java:logGet(43)) - raft.server.log.queue.byte-limit = 2147483647 (custom)
2019-09-19 14:21:38,586 [pool-27-thread-1] INFO  server.RaftServerConfigKeys (ConfUtils.java:logGet(43)) - raft.server.log.queue.element-limit = 1024 (custom)
2019-09-19 14:21:38,586 [pool-27-thread-1] INFO  server.RaftServerConfigKeys (ConfUtils.java:logGet(43)) - raft.server.log.segment.size.max = 1048576 (custom)
2019-09-19 14:21:38,586 [pool-27-thread-1] INFO  server.RaftServerConfigKeys (ConfUtils.java:logGet(43)) - raft.server.log.preallocated.size = 16384 (custom)
2019-09-19 14:21:38,586 [pool-27-thread-1] INFO  server.RaftServerConfigKeys (ConfUtils.java:logGet(43)) - raft.server.log.write.buffer.size = 33554432 (custom)
2019-09-19 14:21:38,587 [pool-27-thread-1] INFO  server.RaftServerConfigKeys (ConfUtils.java:logGet(43)) - raft.server.log.force.sync.num = 128 (default)
2019-09-19 14:21:38,587 [pool-27-thread-1] INFO  server.RaftServerConfigKeys (ConfUtils.java:logGet(43)) - raft.server.log.statemachine.data.sync = true (default)
2019-09-19 14:21:38,587 [pool-27-thread-1] INFO  server.RaftServerConfigKeys (ConfUtils.java:logGet(43)) - raft.server.log.statemachine.data.sync.timeout = 10s (default)
2019-09-19 14:21:38,587 [pool-27-thread-1] INFO  server.RaftServerConfigKeys (ConfUtils.java:logGet(43)) - raft.server.log.statemachine.data.sync.timeout.retry = -1 (default)
2019-09-19 14:21:38,587 [pool-27-thread-1] INFO  server.RaftServerConfigKeys (ConfUtils.java:logGet(43)) - raft.server.log.statemachine.data.caching.enabled = true (custom)
2019-09-19 14:21:38,587 [pool-27-thread-1] INFO  segmented.SegmentedRaftLogWorker (SegmentedRaftLogWorker.java:lambda$new$0(132)) - 85c6a9f3-b9a5-43a5-ac4f-9aa7bd5f2263-SegmentedRaftLogWorker:Storage Directory /workdir/hadoop-ozone/integration-test/target/test-dir/MiniOzoneClusterImpl-210d6028-2152-4683-81ff-347b0d29bb13/datanode-0/data/ratis/359331fd-2cfc-4e89-817c-fb7e126e1573: flushIndex: setUnconditionally 0 -> -1
2019-09-19 14:21:38,588 [pool-27-thread-1] INFO  server.RaftServerConfigKeys (ConfUtils.java:logGet(43)) - raft.server.snapshot.auto.trigger.enabled = true (custom)
2019-09-19 14:21:38,588 [pool-27-thread-1] INFO  server.RaftServerConfigKeys (ConfUtils.java:logGet(43)) - raft.server.snapshot.auto.trigger.threshold = 10000 (custom)
2019-09-19 14:21:38,588 [pool-27-thread-1] INFO  server.RaftServerConfigKeys (ConfUtils.java:logGet(43)) - raft.server.retrycache.expirytime = 600000ms (custom)
2019-09-19 14:21:38,588 [pool-27-thread-1] INFO  impl.RaftServerImpl (RaftServerImpl.java:start(180)) - 85c6a9f3-b9a5-43a5-ac4f-9aa7bd5f2263: start group-FB7E126E1573
2019-09-19 14:21:38,588 [pool-27-thread-1] INFO  impl.RaftServerImpl (RaftServerImpl.java:setRole(171)) - 85c6a9f3-b9a5-43a5-ac4f-9aa7bd5f2263:group-FB7E126E1573 changes role from null to FOLLOWER at term 0 for startAsFollower
2019-09-19 14:21:38,589 [pool-27-thread-1] INFO  impl.RoleInfo (RoleInfo.java:updateAndGet(143)) - 85c6a9f3-b9a5-43a5-ac4f-9aa7bd5f2263: start FollowerState
2019-09-19 14:21:38,589 [pool-27-thread-1] INFO  util.JmxRegister (JmxRegister.java:tryRegister(44)) - Successfully registered JMX Bean with object name Ratis:service=RaftServer,group=group-FB7E126E1573,id=85c6a9f3-b9a5-43a5-ac4f-9aa7bd5f2263
2019-09-19 14:21:38,591 [RatisPipelineUtilsThread] INFO  pipeline.PipelineStateManager (PipelineStateManager.java:addPipeline(56)) - Created pipeline Pipeline[ Id: 359331fd-2cfc-4e89-817c-fb7e126e1573, Nodes: 85c6a9f3-b9a5-43a5-ac4f-9aa7bd5f2263{ip: 192.168.157.226, host: pr-hdds-1569-swxfz-3172132826, networkLocation: /default-rack, certSerialId: null}, Type:RATIS, Factor:ONE, State:OPEN]
2019-09-19 14:21:38,594 [306a7a99-f2a5-4f40-b42b-2fc2def08a6a-SegmentedRaftLogWorker:Storage Directory /workdir/hadoop-ozone/integration-test/target/test-dir/MiniOzoneClusterImpl-210d6028-2152-4683-81ff-347b0d29bb13/datanode-2/data/ratis/57ee87bf-25e4-4ce6-a4e4-2ec6a4848de1] ERROR segmented.SegmentedRaftLogWorker (SegmentedRaftLogWorker.java:run(323)) - 306a7a99-f2a5-4f40-b42b-2fc2def08a6a-SegmentedRaftLogWorker:Storage Directory /workdir/hadoop-ozone/integration-test/target/test-dir/MiniOzoneClusterImpl-210d6028-2152-4683-81ff-347b0d29bb13/datanode-2/data/ratis/57ee87bf-25e4-4ce6-a4e4-2ec6a4848de1 hit exception
java.lang.OutOfMemoryError: Direct buffer memory
	at java.nio.Bits.reserveMemory(Bits.java:666)
	at java.nio.DirectByteBuffer.<init>(DirectByteBuffer.java:123)
	at java.nio.ByteBuffer.allocateDirect(ByteBuffer.java:311)
	at org.apache.ratis.server.raftlog.segmented.BufferedWriteChannel.<init>(BufferedWriteChannel.java:41)
	at org.apache.ratis.server.raftlog.segmented.SegmentedRaftLogOutputStream.<init>(SegmentedRaftLogOutputStream.java:72)
	at org.apache.ratis.server.raftlog.segmented.SegmentedRaftLogWorker$StartLogSegment.execute(SegmentedRaftLogWorker.java:566)
	at org.apache.ratis.server.raftlog.segmented.SegmentedRaftLogWorker.run(SegmentedRaftLogWorker.java:289)
	at java.lang.Thread.run(Thread.java:748)
2019-09-19 14:21:38,594 [85c6a9f3-b9a5-43a5-ac4f-9aa7bd5f2263-SegmentedRaftLogWorker:Storage Directory /workdir/hadoop-ozone/integration-test/target/test-dir/MiniOzoneClusterImpl-210d6028-2152-4683-81ff-347b0d29bb13/datanode-0/data/ratis/cd268f70-7f9c-488d-bc94-761a2a37a56f] ERROR segmented.SegmentedRaftLogWorker (SegmentedRaftLogWorker.java:run(323)) - 85c6a9f3-b9a5-43a5-ac4f-9aa7bd5f2263-SegmentedRaftLogWorker:Storage Directory /workdir/hadoop-ozone/integration-test/target/test-dir/MiniOzoneClusterImpl-210d6028-2152-4683-81ff-347b0d29bb13/datanode-0/data/ratis/cd268f70-7f9c-488d-bc94-761a2a37a56f hit exception
java.lang.OutOfMemoryError: Direct buffer memory
	at java.nio.Bits.reserveMemory(Bits.java:666)
	at java.nio.DirectByteBuffer.<init>(DirectByteBuffer.java:123)
	at java.nio.ByteBuffer.allocateDirect(ByteBuffer.java:311)
	at org.apache.ratis.server.raftlog.segmented.BufferedWriteChannel.<init>(BufferedWriteChannel.java:41)
	at org.apache.ratis.server.raftlog.segmented.SegmentedRaftLogOutputStream.<init>(SegmentedRaftLogOutputStream.java:72)
	at org.apache.ratis.server.raftlog.segmented.SegmentedRaftLogWorker$StartLogSegment.execute(SegmentedRaftLogWorker.java:566)
	at org.apache.ratis.server.raftlog.segmented.SegmentedRaftLogWorker.run(SegmentedRaftLogWorker.java:289)
	at java.lang.Thread.run(Thread.java:748)
2019-09-19 14:21:38,594 [306a7a99-f2a5-4f40-b42b-2fc2def08a6a-SegmentedRaftLogWorker:Storage Directory /workdir/hadoop-ozone/integration-test/target/test-dir/MiniOzoneClusterImpl-210d6028-2152-4683-81ff-347b0d29bb13/datanode-2/data/ratis/57ee87bf-25e4-4ce6-a4e4-2ec6a4848de1] INFO  impl.RaftServerImpl (RaftServerImpl.java:lambda$shutdown$3(245)) - 306a7a99-f2a5-4f40-b42b-2fc2def08a6a: shutdown group-2EC6A4848DE1
2019-09-19 14:21:38,594 [85c6a9f3-b9a5-43a5-ac4f-9aa7bd5f2263-SegmentedRaftLogWorker:Storage Directory /workdir/hadoop-ozone/integration-test/target/test-dir/MiniOzoneClusterImpl-210d6028-2152-4683-81ff-347b0d29bb13/datanode-0/data/ratis/cd268f70-7f9c-488d-bc94-761a2a37a56f] INFO  impl.RaftServerImpl (RaftServerImpl.java:lambda$shutdown$3(245)) - 85c6a9f3-b9a5-43a5-ac4f-9aa7bd5f2263: shutdown group-761A2A37A56F
2019-09-19 14:21:38,594 [306a7a99-f2a5-4f40-b42b-2fc2def08a6a-SegmentedRaftLogWorker:Storage Directory /workdir/hadoop-ozone/integration-test/target/test-dir/MiniOzoneClusterImpl-210d6028-2152-4683-81ff-347b0d29bb13/datanode-2/data/ratis/57ee87bf-25e4-4ce6-a4e4-2ec6a4848de1] INFO  util.JmxRegister (JmxRegister.java:unregister(73)) - Successfully un-registered JMX Bean with object name Ratis:service=RaftServer,group=group-2EC6A4848DE1,id=306a7a99-f2a5-4f40-b42b-2fc2def08a6a
2019-09-19 14:21:38,595 [85c6a9f3-b9a5-43a5-ac4f-9aa7bd5f2263-SegmentedRaftLogWorker:Storage Directory /workdir/hadoop-ozone/integration-test/target/test-dir/MiniOzoneClusterImpl-210d6028-2152-4683-81ff-347b0d29bb13/datanode-0/data/ratis/cd268f70-7f9c-488d-bc94-761a2a37a56f] INFO  util.JmxRegister (JmxRegister.java:unregister(73)) - Successfully un-registered JMX Bean with object name Ratis:service=RaftServer,group=group-761A2A37A56F,id=85c6a9f3-b9a5-43a5-ac4f-9aa7bd5f2263
2019-09-19 14:21:38,595 [306a7a99-f2a5-4f40-b42b-2fc2def08a6a-SegmentedRaftLogWorker:Storage Directory /workdir/hadoop-ozone/integration-test/target/test-dir/MiniOzoneClusterImpl-210d6028-2152-4683-81ff-347b0d29bb13/datanode-2/data/ratis/57ee87bf-25e4-4ce6-a4e4-2ec6a4848de1] INFO  impl.RoleInfo (RoleInfo.java:shutdownLeaderState(104)) - 306a7a99-f2a5-4f40-b42b-2fc2def08a6a: shutdown LeaderState
2019-09-19 14:21:38,595 [85c6a9f3-b9a5-43a5-ac4f-9aa7bd5f2263-SegmentedRaftLogWorker:Storage Directory /workdir/hadoop-ozone/integration-test/target/test-dir/MiniOzoneClusterImpl-210d6028-2152-4683-81ff-347b0d29bb13/datanode-0/data/ratis/cd268f70-7f9c-488d-bc94-761a2a37a56f] INFO  impl.RoleInfo (RoleInfo.java:shutdownLeaderState(104)) - 85c6a9f3-b9a5-43a5-ac4f-9aa7bd5f2263: shutdown LeaderState
2019-09-19 14:21:38,595 [306a7a99-f2a5-4f40-b42b-2fc2def08a6a-SegmentedRaftLogWorker:Storage Directory /workdir/hadoop-ozone/integration-test/target/test-dir/MiniOzoneClusterImpl-210d6028-2152-4683-81ff-347b0d29bb13/datanode-2/data/ratis/57ee87bf-25e4-4ce6-a4e4-2ec6a4848de1] INFO  impl.PendingRequests (PendingRequests.java:sendNotLeaderResponses(202)) - 306a7a99-f2a5-4f40-b42b-2fc2def08a6a-PendingRequests: sendNotLeaderResponses
2019-09-19 14:21:38,595 [85c6a9f3-b9a5-43a5-ac4f-9aa7bd5f2263-SegmentedRaftLogWorker:Storage Directory /workdir/hadoop-ozone/integration-test/target/test-dir/MiniOzoneClusterImpl-210d6028-2152-4683-81ff-347b0d29bb13/datanode-0/data/ratis/cd268f70-7f9c-488d-bc94-761a2a37a56f] INFO  impl.PendingRequests (PendingRequests.java:sendNotLeaderResponses(202)) - 85c6a9f3-b9a5-43a5-ac4f-9aa7bd5f2263-PendingRequests: sendNotLeaderResponses
2019-09-19 14:21:38,595 [306a7a99-f2a5-4f40-b42b-2fc2def08a6a-SegmentedRaftLogWorker:Storage Directory /workdir/hadoop-ozone/integration-test/target/test-dir/MiniOzoneClusterImpl-210d6028-2152-4683-81ff-347b0d29bb13/datanode-2/data/ratis/57ee87bf-25e4-4ce6-a4e4-2ec6a4848de1] INFO  impl.StateMachineUpdater (StateMachineUpdater.java:stopAndJoin(115)) - StateMachineUpdater:306a7a99-f2a5-4f40-b42b-2fc2def08a6a:group-2EC6A4848DE1: set stopIndex = -1
2019-09-19 14:21:38,595 [85c6a9f3-b9a5-43a5-ac4f-9aa7bd5f2263-SegmentedRaftLogWorker:Storage Directory /workdir/hadoop-ozone/integration-test/target/test-dir/MiniOzoneClusterImpl-210d6028-2152-4683-81ff-347b0d29bb13/datanode-0/data/ratis/cd268f70-7f9c-488d-bc94-761a2a37a56f] INFO  impl.StateMachineUpdater (StateMachineUpdater.java:stopAndJoin(115)) - StateMachineUpdater:85c6a9f3-b9a5-43a5-ac4f-9aa7bd5f2263:group-761A2A37A56F: set stopIndex = -1
2019-09-19 14:21:38,599 [grpc-default-executor-2] INFO  impl.RaftServerProxy (RaftServerProxy.java:addNew(89)) - 6403e584-2209-453b-b79e-eeb0a7b58516: addNew group-A18B01875122:[6403e584-2209-453b-b79e-eeb0a7b58516:192.168.157.226:35833] returns group-A18B01875122:java.util.concurrent.CompletableFuture@588947e8[Not completed]
2019-09-19 14:21:38,595 [306a7a99-f2a5-4f40-b42b-2fc2def08a6a-SegmentedRaftLogWorker:Storage Directory /workdir/hadoop-ozone/integration-test/target/test-dir/MiniOzoneClusterImpl-210d6028-2152-4683-81ff-347b0d29bb13/datanode-2/data/ratis/57ee87bf-25e4-4ce6-a4e4-2ec6a4848de1] INFO  impl.RaftServerImpl (ServerState.java:close(394)) - 306a7a99-f2a5-4f40-b42b-2fc2def08a6a:group-2EC6A4848DE1 closes. The last applied log index is -1
2019-09-19 14:21:38,599 [85c6a9f3-b9a5-43a5-ac4f-9aa7bd5f2263-SegmentedRaftLogWorker:Storage Directory /workdir/hadoop-ozone/integration-test/target/test-dir/MiniOzoneClusterImpl-210d6028-2152-4683-81ff-347b0d29bb13/datanode-0/data/ratis/cd268f70-7f9c-488d-bc94-761a2a37a56f] INFO  impl.RaftServerImpl (ServerState.java:close(394)) - 85c6a9f3-b9a5-43a5-ac4f-9aa7bd5f2263:group-761A2A37A56F closes. The last applied log index is -1
2019-09-19 14:21:38,600 [306a7a99-f2a5-4f40-b42b-2fc2def08a6a-SegmentedRaftLogWorker:Storage Directory /workdir/hadoop-ozone/integration-test/target/test-dir/MiniOzoneClusterImpl-210d6028-2152-4683-81ff-347b0d29bb13/datanode-2/data/ratis/57ee87bf-25e4-4ce6-a4e4-2ec6a4848de1] INFO  segmented.SegmentedRaftLogWorker (SegmentedRaftLogWorker.java:close(228)) - 306a7a99-f2a5-4f40-b42b-2fc2def08a6a-SegmentedRaftLogWorker:Storage Directory /workdir/hadoop-ozone/integration-test/target/test-dir/MiniOzoneClusterImpl-210d6028-2152-4683-81ff-347b0d29bb13/datanode-2/data/ratis/57ee87bf-25e4-4ce6-a4e4-2ec6a4848de1 close()
2019-09-19 14:21:38,600 [85c6a9f3-b9a5-43a5-ac4f-9aa7bd5f2263-SegmentedRaftLogWorker:Storage Directory /workdir/hadoop-ozone/integration-test/target/test-dir/MiniOzoneClusterImpl-210d6028-2152-4683-81ff-347b0d29bb13/datanode-0/data/ratis/cd268f70-7f9c-488d-bc94-761a2a37a56f] INFO  segmented.SegmentedRaftLogWorker (SegmentedRaftLogWorker.java:close(228)) - 85c6a9f3-b9a5-43a5-ac4f-9aa7bd5f2263-SegmentedRaftLogWorker:Storage Directory /workdir/hadoop-ozone/integration-test/target/test-dir/MiniOzoneClusterImpl-210d6028-2152-4683-81ff-347b0d29bb13/datanode-0/data/ratis/cd268f70-7f9c-488d-bc94-761a2a37a56f close()
2019-09-19 14:21:38,601 [pool-60-thread-1] INFO  impl.RaftServerImpl (RaftServerImpl.java:<init>(93)) - 6403e584-2209-453b-b79e-eeb0a7b58516: new RaftServerImpl for group-A18B01875122:[6403e584-2209-453b-b79e-eeb0a7b58516:192.168.157.226:35833] with ContainerStateMachine:uninitialized
2019-09-19 14:21:38,601 [pool-60-thread-1] INFO  server.RaftServerConfigKeys (ConfUtils.java:logGet(43)) - raft.server.rpc.timeout.min = 5s (custom)
2019-09-19 14:21:38,601 [pool-60-thread-1] INFO  server.RaftServerConfigKeys (ConfUtils.java:logGet(43)) - raft.server.rpc.timeout.max = 5200ms (custom)
2019-09-19 14:21:38,601 [pool-60-thread-1] INFO  server.RaftServerConfigKeys (ConfUtils.java:logGet(43)) - raft.server.rpcslowness.timeout = 120s (custom)
2019-09-19 14:21:38,601 [pool-60-thread-1] INFO  server.RaftServerConfigKeys (ConfUtils.java:logGet(43)) - raft.server.sleep.deviation.threshold = 300 (default)
2019-09-19 14:21:38,601 [pool-60-thread-1] INFO  server.RaftServerConfigKeys (ConfUtils.java:logGet(43)) - raft.server.log.appender.install.snapshot.enabled = false (custom)
2019-09-19 14:21:38,601 [pool-60-thread-1] INFO  impl.RaftServerImpl (ServerState.java:<init>(105)) - 6403e584-2209-453b-b79e-eeb0a7b58516:group-A18B01875122 ConfigurationManager, init=-1: [6403e584-2209-453b-b79e-eeb0a7b58516:192.168.157.226:35833], old=null, confs=<EMPTY_MAP>
2019-09-19 14:21:38,602 [pool-60-thread-1] INFO  server.RaftServerConfigKeys (ConfUtils.java:logGet(43)) - raft.server.storage.dir = [/workdir/hadoop-ozone/integration-test/target/test-dir/MiniOzoneClusterImpl-210d6028-2152-4683-81ff-347b0d29bb13/datanode-3/data/ratis] (custom)
2019-09-19 14:21:38,602 [pool-60-thread-1] INFO  storage.RaftStorageDirectory (RaftStorageDirectory.java:analyzeStorage(246)) - The storage directory /workdir/hadoop-ozone/integration-test/target/test-dir/MiniOzoneClusterImpl-210d6028-2152-4683-81ff-347b0d29bb13/datanode-3/data/ratis/6cc1995c-c597-46a9-b596-a18b01875122 does not exist. Creating ...
2019-09-19 14:21:38,608 [85c6a9f3-b9a5-43a5-ac4f-9aa7bd5f2263-SegmentedRaftLogWorker:Storage Directory /workdir/hadoop-ozone/integration-test/target/test-dir/MiniOzoneClusterImpl-210d6028-2152-4683-81ff-347b0d29bb13/datanode-0/data/ratis/97d50d87-6ebb-43ce-a31a-76218c4363df] ERROR segmented.SegmentedRaftLogWorker (SegmentedRaftLogWorker.java:run(323)) - 85c6a9f3-b9a5-43a5-ac4f-9aa7bd5f2263-SegmentedRaftLogWorker:Storage Directory /workdir/hadoop-ozone/integration-test/target/test-dir/MiniOzoneClusterImpl-210d6028-2152-4683-81ff-347b0d29bb13/datanode-0/data/ratis/97d50d87-6ebb-43ce-a31a-76218c4363df hit exception
java.lang.OutOfMemoryError: Direct buffer memory
	at java.nio.Bits.reserveMemory(Bits.java:666)
	at java.nio.DirectByteBuffer.<init>(DirectByteBuffer.java:123)
	at java.nio.ByteBuffer.allocateDirect(ByteBuffer.java:311)
	at org.apache.ratis.server.raftlog.segmented.BufferedWriteChannel.<init>(BufferedWriteChannel.java:41)
	at org.apache.ratis.server.raftlog.segmented.SegmentedRaftLogOutputStream.<init>(SegmentedRaftLogOutputStream.java:72)
	at org.apache.ratis.server.raftlog.segmented.SegmentedRaftLogWorker$StartLogSegment.execute(SegmentedRaftLogWorker.java:566)
	at org.apache.ratis.server.raftlog.segmented.SegmentedRaftLogWorker.run(SegmentedRaftLogWorker.java:289)
	at java.lang.Thread.run(Thread.java:748)
2019-09-19 14:21:38,608 [85c6a9f3-b9a5-43a5-ac4f-9aa7bd5f2263-SegmentedRaftLogWorker:Storage Directory /workdir/hadoop-ozone/integration-test/target/test-dir/MiniOzoneClusterImpl-210d6028-2152-4683-81ff-347b0d29bb13/datanode-0/data/ratis/97d50d87-6ebb-43ce-a31a-76218c4363df] INFO  impl.RaftServerImpl (RaftServerImpl.java:lambda$shutdown$3(245)) - 85c6a9f3-b9a5-43a5-ac4f-9aa7bd5f2263: shutdown group-76218C4363DF
2019-09-19 14:21:38,608 [85c6a9f3-b9a5-43a5-ac4f-9aa7bd5f2263-SegmentedRaftLogWorker:Storage Directory /workdir/hadoop-ozone/integration-test/target/test-dir/MiniOzoneClusterImpl-210d6028-2152-4683-81ff-347b0d29bb13/datanode-0/data/ratis/97d50d87-6ebb-43ce-a31a-76218c4363df] INFO  util.JmxRegister (JmxRegister.java:unregister(73)) - Successfully un-registered JMX Bean with object name Ratis:service=RaftServer,group=group-76218C4363DF,id=85c6a9f3-b9a5-43a5-ac4f-9aa7bd5f2263
2019-09-19 14:21:38,608 [85c6a9f3-b9a5-43a5-ac4f-9aa7bd5f2263-SegmentedRaftLogWorker:Storage Directory /workdir/hadoop-ozone/integration-test/target/test-dir/MiniOzoneClusterImpl-210d6028-2152-4683-81ff-347b0d29bb13/datanode-0/data/ratis/97d50d87-6ebb-43ce-a31a-76218c4363df] INFO  impl.RoleInfo (RoleInfo.java:shutdownLeaderState(104)) - 85c6a9f3-b9a5-43a5-ac4f-9aa7bd5f2263: shutdown LeaderState
2019-09-19 14:21:38,608 [85c6a9f3-b9a5-43a5-ac4f-9aa7bd5f2263-SegmentedRaftLogWorker:Storage Directory /workdir/hadoop-ozone/integration-test/target/test-dir/MiniOzoneClusterImpl-210d6028-2152-4683-81ff-347b0d29bb13/datanode-0/data/ratis/97d50d87-6ebb-43ce-a31a-76218c4363df] INFO  impl.PendingRequests (PendingRequests.java:sendNotLeaderResponses(202)) - 85c6a9f3-b9a5-43a5-ac4f-9aa7bd5f2263-PendingRequests: sendNotLeaderResponses
2019-09-19 14:21:38,609 [85c6a9f3-b9a5-43a5-ac4f-9aa7bd5f2263-SegmentedRaftLogWorker:Storage Directory /workdir/hadoop-ozone/integration-test/target/test-dir/MiniOzoneClusterImpl-210d6028-2152-4683-81ff-347b0d29bb13/datanode-0/data/ratis/97d50d87-6ebb-43ce-a31a-76218c4363df] INFO  impl.StateMachineUpdater (StateMachineUpdater.java:stopAndJoin(115)) - StateMachineUpdater:85c6a9f3-b9a5-43a5-ac4f-9aa7bd5f2263:group-76218C4363DF: set stopIndex = -1
2019-09-19 14:21:38,609 [85c6a9f3-b9a5-43a5-ac4f-9aa7bd5f2263-SegmentedRaftLogWorker:Storage Directory /workdir/hadoop-ozone/integration-test/target/test-dir/MiniOzoneClusterImpl-210d6028-2152-4683-81ff-347b0d29bb13/datanode-0/data/ratis/97d50d87-6ebb-43ce-a31a-76218c4363df] INFO  impl.RaftServerImpl (ServerState.java:close(394)) - 85c6a9f3-b9a5-43a5-ac4f-9aa7bd5f2263:group-76218C4363DF closes. The last applied log index is -1
2019-09-19 14:21:38,609 [85c6a9f3-b9a5-43a5-ac4f-9aa7bd5f2263-SegmentedRaftLogWorker:Storage Directory /workdir/hadoop-ozone/integration-test/target/test-dir/MiniOzoneClusterImpl-210d6028-2152-4683-81ff-347b0d29bb13/datanode-0/data/ratis/97d50d87-6ebb-43ce-a31a-76218c4363df] INFO  segmented.SegmentedRaftLogWorker (SegmentedRaftLogWorker.java:close(228)) - 85c6a9f3-b9a5-43a5-ac4f-9aa7bd5f2263-SegmentedRaftLogWorker:Storage Directory /workdir/hadoop-ozone/integration-test/target/test-dir/MiniOzoneClusterImpl-210d6028-2152-4683-81ff-347b0d29bb13/datanode-0/data/ratis/97d50d87-6ebb-43ce-a31a-76218c4363df close()
2019-09-19 14:21:38,615 [pool-60-thread-1] INFO  storage.RaftStorageDirectory (RaftStorageDirectory.java:tryLock(328)) - Lock on /workdir/hadoop-ozone/integration-test/target/test-dir/MiniOzoneClusterImpl-210d6028-2152-4683-81ff-347b0d29bb13/datanode-3/data/ratis/6cc1995c-c597-46a9-b596-a18b01875122/in_use.lock acquired by nodename 16198@pr-hdds-1569-swxfz-3172132826
2019-09-19 14:21:38,629 [pool-60-thread-1] INFO  storage.RaftStorage (RaftStorage.java:format(72)) - Storage directory /workdir/hadoop-ozone/integration-test/target/test-dir/MiniOzoneClusterImpl-210d6028-2152-4683-81ff-347b0d29bb13/datanode-3/data/ratis/6cc1995c-c597-46a9-b596-a18b01875122 has been successfully formatted.
2019-09-19 14:21:38,629 [pool-60-thread-1] INFO  ratis.ContainerStateMachine (ContainerStateMachine.java:loadSnapshot(226)) - group-A18B01875122: The snapshot info is null. Setting the last applied indexto:(t:0, i:~)
2019-09-19 14:21:38,629 [pool-60-thread-1] INFO  server.RaftServerConfigKeys (ConfUtils.java:logGet(43)) - raft.server.leader.election.timeout = 120s (custom)
2019-09-19 14:21:38,629 [pool-60-thread-1] INFO  server.RaftServerConfigKeys (ConfUtils.java:logGet(43)) - raft.server.log.use.memory = false (default)
2019-09-19 14:21:38,629 [pool-60-thread-1] INFO  server.RaftServerConfigKeys (ConfUtils.java:logGet(43)) - raft.server.log.purge.gap = 1000000 (custom)
2019-09-19 14:21:38,630 [pool-60-thread-1] INFO  server.RaftServerConfigKeys (ConfUtils.java:logGet(43)) - raft.server.log.appender.buffer.byte-limit = 33554432 (custom)
2019-09-19 14:21:38,630 [pool-60-thread-1] INFO  server.RaftServerConfigKeys (ConfUtils.java:logGet(43)) - raft.server.log.segment.size.max = 1048576 (custom)
2019-09-19 14:21:38,630 [pool-60-thread-1] INFO  server.RaftServerConfigKeys (ConfUtils.java:logGet(43)) - raft.server.log.segment.cache.num.max = 2 (custom)
2019-09-19 14:21:38,630 [pool-60-thread-1] INFO  segmented.SegmentedRaftLogWorker (SegmentedRaftLogWorker.java:<init>(172)) - new 6403e584-2209-453b-b79e-eeb0a7b58516-SegmentedRaftLogWorker:Storage Directory /workdir/hadoop-ozone/integration-test/target/test-dir/MiniOzoneClusterImpl-210d6028-2152-4683-81ff-347b0d29bb13/datanode-3/data/ratis/6cc1995c-c597-46a9-b596-a18b01875122 for RaftStorage:Storage Directory /workdir/hadoop-ozone/integration-test/target/test-dir/MiniOzoneClusterImpl-210d6028-2152-4683-81ff-347b0d29bb13/datanode-3/data/ratis/6cc1995c-c597-46a9-b596-a18b01875122
2019-09-19 14:21:38,630 [pool-60-thread-1] INFO  server.RaftServerConfigKeys (ConfUtils.java:logGet(43)) - raft.server.log.queue.byte-limit = 2147483647 (custom)
2019-09-19 14:21:38,631 [pool-60-thread-1] INFO  server.RaftServerConfigKeys (ConfUtils.java:logGet(43)) - raft.server.log.queue.element-limit = 1024 (custom)
2019-09-19 14:21:38,631 [pool-60-thread-1] INFO  server.RaftServerConfigKeys (ConfUtils.java:logGet(43)) - raft.server.log.segment.size.max = 1048576 (custom)
2019-09-19 14:21:38,631 [pool-60-thread-1] INFO  server.RaftServerConfigKeys (ConfUtils.java:logGet(43)) - raft.server.log.preallocated.size = 16384 (custom)
2019-09-19 14:21:38,631 [pool-60-thread-1] INFO  server.RaftServerConfigKeys (ConfUtils.java:logGet(43)) - raft.server.log.write.buffer.size = 33554432 (custom)
2019-09-19 14:21:38,631 [pool-60-thread-1] INFO  server.RaftServerConfigKeys (ConfUtils.java:logGet(43)) - raft.server.log.force.sync.num = 128 (default)
2019-09-19 14:21:38,631 [pool-60-thread-1] INFO  server.RaftServerConfigKeys (ConfUtils.java:logGet(43)) - raft.server.log.statemachine.data.sync = true (default)
2019-09-19 14:21:38,632 [pool-60-thread-1] INFO  server.RaftServerConfigKeys (ConfUtils.java:logGet(43)) - raft.server.log.statemachine.data.sync.timeout = 10s (default)
2019-09-19 14:21:38,632 [pool-60-thread-1] INFO  server.RaftServerConfigKeys (ConfUtils.java:logGet(43)) - raft.server.log.statemachine.data.sync.timeout.retry = -1 (default)
2019-09-19 14:21:38,632 [pool-60-thread-1] INFO  server.RaftServerConfigKeys (ConfUtils.java:logGet(43)) - raft.server.log.statemachine.data.caching.enabled = true (custom)
2019-09-19 14:21:38,632 [pool-60-thread-1] INFO  segmented.SegmentedRaftLogWorker (SegmentedRaftLogWorker.java:lambda$new$0(132)) - 6403e584-2209-453b-b79e-eeb0a7b58516-SegmentedRaftLogWorker:Storage Directory /workdir/hadoop-ozone/integration-test/target/test-dir/MiniOzoneClusterImpl-210d6028-2152-4683-81ff-347b0d29bb13/datanode-3/data/ratis/6cc1995c-c597-46a9-b596-a18b01875122: flushIndex: setUnconditionally 0 -> -1
2019-09-19 14:21:38,633 [pool-60-thread-1] INFO  server.RaftServerConfigKeys (ConfUtils.java:logGet(43)) - raft.server.snapshot.auto.trigger.enabled = true (custom)
2019-09-19 14:21:38,633 [pool-60-thread-1] INFO  server.RaftServerConfigKeys (ConfUtils.java:logGet(43)) - raft.server.snapshot.auto.trigger.threshold = 10000 (custom)
2019-09-19 14:21:38,633 [pool-60-thread-1] INFO  server.RaftServerConfigKeys (ConfUtils.java:logGet(43)) - raft.server.retrycache.expirytime = 600000ms (custom)
2019-09-19 14:21:38,633 [pool-60-thread-1] INFO  impl.RaftServerImpl (RaftServerImpl.java:start(180)) - 6403e584-2209-453b-b79e-eeb0a7b58516: start group-A18B01875122
2019-09-19 14:21:38,633 [pool-60-thread-1] INFO  impl.RaftServerImpl (RaftServerImpl.java:setRole(171)) - 6403e584-2209-453b-b79e-eeb0a7b58516:group-A18B01875122 changes role from null to FOLLOWER at term 0 for startAsFollower
2019-09-19 14:21:38,634 [pool-60-thread-1] INFO  impl.RoleInfo (RoleInfo.java:updateAndGet(143)) - 6403e584-2209-453b-b79e-eeb0a7b58516: start FollowerState
2019-09-19 14:21:38,634 [pool-60-thread-1] INFO  util.JmxRegister (JmxRegister.java:tryRegister(44)) - Successfully registered JMX Bean with object name Ratis:service=RaftServer,group=group-A18B01875122,id=6403e584-2209-453b-b79e-eeb0a7b58516
2019-09-19 14:21:38,637 [RatisPipelineUtilsThread] INFO  pipeline.PipelineStateManager (PipelineStateManager.java:addPipeline(56)) - Created pipeline Pipeline[ Id: 6cc1995c-c597-46a9-b596-a18b01875122, Nodes: 6403e584-2209-453b-b79e-eeb0a7b58516{ip: 192.168.157.226, host: pr-hdds-1569-swxfz-3172132826, networkLocation: /default-rack, certSerialId: null}, Type:RATIS, Factor:ONE, State:OPEN]
2019-09-19 14:21:38,641 [grpc-default-executor-2] INFO  impl.RaftServerProxy (RaftServerProxy.java:addNew(89)) - 306a7a99-f2a5-4f40-b42b-2fc2def08a6a: addNew group-AAC29327E622:[306a7a99-f2a5-4f40-b42b-2fc2def08a6a:192.168.157.226:42633] returns group-AAC29327E622:java.util.concurrent.CompletableFuture@1e8d5d4[Not completed]
2019-09-19 14:21:38,642 [pool-49-thread-1] INFO  impl.RaftServerImpl (RaftServerImpl.java:<init>(93)) - 306a7a99-f2a5-4f40-b42b-2fc2def08a6a: new RaftServerImpl for group-AAC29327E622:[306a7a99-f2a5-4f40-b42b-2fc2def08a6a:192.168.157.226:42633] with ContainerStateMachine:uninitialized
2019-09-19 14:21:38,642 [pool-49-thread-1] INFO  server.RaftServerConfigKeys (ConfUtils.java:logGet(43)) - raft.server.rpc.timeout.min = 5s (custom)
2019-09-19 14:21:38,643 [pool-49-thread-1] INFO  server.RaftServerConfigKeys (ConfUtils.java:logGet(43)) - raft.server.rpc.timeout.max = 5200ms (custom)
2019-09-19 14:21:38,643 [pool-49-thread-1] INFO  server.RaftServerConfigKeys (ConfUtils.java:logGet(43)) - raft.server.rpcslowness.timeout = 120s (custom)
2019-09-19 14:21:38,643 [pool-49-thread-1] INFO  server.RaftServerConfigKeys (ConfUtils.java:logGet(43)) - raft.server.sleep.deviation.threshold = 300 (default)
2019-09-19 14:21:38,643 [pool-49-thread-1] INFO  server.RaftServerConfigKeys (ConfUtils.java:logGet(43)) - raft.server.log.appender.install.snapshot.enabled = false (custom)
2019-09-19 14:21:38,643 [pool-49-thread-1] INFO  impl.RaftServerImpl (ServerState.java:<init>(105)) - 306a7a99-f2a5-4f40-b42b-2fc2def08a6a:group-AAC29327E622 ConfigurationManager, init=-1: [306a7a99-f2a5-4f40-b42b-2fc2def08a6a:192.168.157.226:42633], old=null, confs=<EMPTY_MAP>
2019-09-19 14:21:38,643 [pool-49-thread-1] INFO  server.RaftServerConfigKeys (ConfUtils.java:logGet(43)) - raft.server.storage.dir = [/workdir/hadoop-ozone/integration-test/target/test-dir/MiniOzoneClusterImpl-210d6028-2152-4683-81ff-347b0d29bb13/datanode-2/data/ratis] (custom)
2019-09-19 14:21:38,644 [pool-49-thread-1] INFO  storage.RaftStorageDirectory (RaftStorageDirectory.java:analyzeStorage(246)) - The storage directory /workdir/hadoop-ozone/integration-test/target/test-dir/MiniOzoneClusterImpl-210d6028-2152-4683-81ff-347b0d29bb13/datanode-2/data/ratis/e01be139-a105-4f69-aedc-aac29327e622 does not exist. Creating ...
2019-09-19 14:21:38,657 [pool-49-thread-1] INFO  storage.RaftStorageDirectory (RaftStorageDirectory.java:tryLock(328)) - Lock on /workdir/hadoop-ozone/integration-test/target/test-dir/MiniOzoneClusterImpl-210d6028-2152-4683-81ff-347b0d29bb13/datanode-2/data/ratis/e01be139-a105-4f69-aedc-aac29327e622/in_use.lock acquired by nodename 16198@pr-hdds-1569-swxfz-3172132826
2019-09-19 14:21:38,680 [pool-49-thread-1] INFO  storage.RaftStorage (RaftStorage.java:format(72)) - Storage directory /workdir/hadoop-ozone/integration-test/target/test-dir/MiniOzoneClusterImpl-210d6028-2152-4683-81ff-347b0d29bb13/datanode-2/data/ratis/e01be139-a105-4f69-aedc-aac29327e622 has been successfully formatted.
2019-09-19 14:21:38,680 [pool-49-thread-1] INFO  ratis.ContainerStateMachine (ContainerStateMachine.java:loadSnapshot(226)) - group-AAC29327E622: The snapshot info is null. Setting the last applied indexto:(t:0, i:~)
2019-09-19 14:21:38,680 [pool-49-thread-1] INFO  server.RaftServerConfigKeys (ConfUtils.java:logGet(43)) - raft.server.leader.election.timeout = 120s (custom)
2019-09-19 14:21:38,680 [pool-49-thread-1] INFO  server.RaftServerConfigKeys (ConfUtils.java:logGet(43)) - raft.server.log.use.memory = false (default)
2019-09-19 14:21:38,681 [pool-49-thread-1] INFO  server.RaftServerConfigKeys (ConfUtils.java:logGet(43)) - raft.server.log.purge.gap = 1000000 (custom)
2019-09-19 14:21:38,681 [pool-49-thread-1] INFO  server.RaftServerConfigKeys (ConfUtils.java:logGet(43)) - raft.server.log.appender.buffer.byte-limit = 33554432 (custom)
2019-09-19 14:21:38,681 [pool-49-thread-1] INFO  server.RaftServerConfigKeys (ConfUtils.java:logGet(43)) - raft.server.log.segment.size.max = 1048576 (custom)
2019-09-19 14:21:38,681 [pool-49-thread-1] INFO  server.RaftServerConfigKeys (ConfUtils.java:logGet(43)) - raft.server.log.segment.cache.num.max = 2 (custom)
2019-09-19 14:21:38,681 [pool-49-thread-1] INFO  segmented.SegmentedRaftLogWorker (SegmentedRaftLogWorker.java:<init>(172)) - new 306a7a99-f2a5-4f40-b42b-2fc2def08a6a-SegmentedRaftLogWorker:Storage Directory /workdir/hadoop-ozone/integration-test/target/test-dir/MiniOzoneClusterImpl-210d6028-2152-4683-81ff-347b0d29bb13/datanode-2/data/ratis/e01be139-a105-4f69-aedc-aac29327e622 for RaftStorage:Storage Directory /workdir/hadoop-ozone/integration-test/target/test-dir/MiniOzoneClusterImpl-210d6028-2152-4683-81ff-347b0d29bb13/datanode-2/data/ratis/e01be139-a105-4f69-aedc-aac29327e622
2019-09-19 14:21:38,681 [pool-49-thread-1] INFO  server.RaftServerConfigKeys (ConfUtils.java:logGet(43)) - raft.server.log.queue.byte-limit = 2147483647 (custom)
2019-09-19 14:21:38,682 [pool-49-thread-1] INFO  server.RaftServerConfigKeys (ConfUtils.java:logGet(43)) - raft.server.log.queue.element-limit = 1024 (custom)
2019-09-19 14:21:38,682 [pool-49-thread-1] INFO  server.RaftServerConfigKeys (ConfUtils.java:logGet(43)) - raft.server.log.segment.size.max = 1048576 (custom)
2019-09-19 14:21:38,682 [pool-49-thread-1] INFO  server.RaftServerConfigKeys (ConfUtils.java:logGet(43)) - raft.server.log.preallocated.size = 16384 (custom)
2019-09-19 14:21:38,682 [pool-49-thread-1] INFO  server.RaftServerConfigKeys (ConfUtils.java:logGet(43)) - raft.server.log.write.buffer.size = 33554432 (custom)
2019-09-19 14:21:38,682 [pool-49-thread-1] INFO  server.RaftServerConfigKeys (ConfUtils.java:logGet(43)) - raft.server.log.force.sync.num = 128 (default)
2019-09-19 14:21:38,682 [pool-49-thread-1] INFO  server.RaftServerConfigKeys (ConfUtils.java:logGet(43)) - raft.server.log.statemachine.data.sync = true (default)
2019-09-19 14:21:38,682 [pool-49-thread-1] INFO  server.RaftServerConfigKeys (ConfUtils.java:logGet(43)) - raft.server.log.statemachine.data.sync.timeout = 10s (default)
2019-09-19 14:21:38,682 [pool-49-thread-1] INFO  server.RaftServerConfigKeys (ConfUtils.java:logGet(43)) - raft.server.log.statemachine.data.sync.timeout.retry = -1 (default)
2019-09-19 14:21:38,683 [pool-49-thread-1] INFO  server.RaftServerConfigKeys (ConfUtils.java:logGet(43)) - raft.server.log.statemachine.data.caching.enabled = true (custom)
2019-09-19 14:21:38,683 [pool-49-thread-1] INFO  segmented.SegmentedRaftLogWorker (SegmentedRaftLogWorker.java:lambda$new$0(132)) - 306a7a99-f2a5-4f40-b42b-2fc2def08a6a-SegmentedRaftLogWorker:Storage Directory /workdir/hadoop-ozone/integration-test/target/test-dir/MiniOzoneClusterImpl-210d6028-2152-4683-81ff-347b0d29bb13/datanode-2/data/ratis/e01be139-a105-4f69-aedc-aac29327e622: flushIndex: setUnconditionally 0 -> -1
2019-09-19 14:21:38,683 [pool-49-thread-1] INFO  server.RaftServerConfigKeys (ConfUtils.java:logGet(43)) - raft.server.snapshot.auto.trigger.enabled = true (custom)
2019-09-19 14:21:38,683 [pool-49-thread-1] INFO  server.RaftServerConfigKeys (ConfUtils.java:logGet(43)) - raft.server.snapshot.auto.trigger.threshold = 10000 (custom)
2019-09-19 14:21:38,684 [pool-49-thread-1] INFO  server.RaftServerConfigKeys (ConfUtils.java:logGet(43)) - raft.server.retrycache.expirytime = 600000ms (custom)
2019-09-19 14:21:38,684 [pool-49-thread-1] INFO  impl.RaftServerImpl (RaftServerImpl.java:start(180)) - 306a7a99-f2a5-4f40-b42b-2fc2def08a6a: start group-AAC29327E622
2019-09-19 14:21:38,684 [pool-49-thread-1] INFO  impl.RaftServerImpl (RaftServerImpl.java:setRole(171)) - 306a7a99-f2a5-4f40-b42b-2fc2def08a6a:group-AAC29327E622 changes role from null to FOLLOWER at term 0 for startAsFollower
2019-09-19 14:21:38,684 [pool-49-thread-1] INFO  impl.RoleInfo (RoleInfo.java:updateAndGet(143)) - 306a7a99-f2a5-4f40-b42b-2fc2def08a6a: start FollowerState
2019-09-19 14:21:38,684 [pool-49-thread-1] INFO  util.JmxRegister (JmxRegister.java:tryRegister(44)) - Successfully registered JMX Bean with object name Ratis:service=RaftServer,group=group-AAC29327E622,id=306a7a99-f2a5-4f40-b42b-2fc2def08a6a
2019-09-19 14:21:38,687 [RatisPipelineUtilsThread] INFO  pipeline.PipelineStateManager (PipelineStateManager.java:addPipeline(56)) - Created pipeline Pipeline[ Id: e01be139-a105-4f69-aedc-aac29327e622, Nodes: 306a7a99-f2a5-4f40-b42b-2fc2def08a6a{ip: 192.168.157.226, host: pr-hdds-1569-swxfz-3172132826, networkLocation: /default-rack, certSerialId: null}, Type:RATIS, Factor:ONE, State:OPEN]
2019-09-19 14:21:38,692 [grpc-default-executor-2] INFO  impl.RaftServerProxy (RaftServerProxy.java:addNew(89)) - 6403e584-2209-453b-b79e-eeb0a7b58516: addNew group-ACEF403FFE2B:[6403e584-2209-453b-b79e-eeb0a7b58516:192.168.157.226:35833] returns group-ACEF403FFE2B:java.util.concurrent.CompletableFuture@5c89e945[Not completed]
2019-09-19 14:21:38,693 [pool-60-thread-1] INFO  impl.RaftServerImpl (RaftServerImpl.java:<init>(93)) - 6403e584-2209-453b-b79e-eeb0a7b58516: new RaftServerImpl for group-ACEF403FFE2B:[6403e584-2209-453b-b79e-eeb0a7b58516:192.168.157.226:35833] with ContainerStateMachine:uninitialized
2019-09-19 14:21:38,693 [pool-60-thread-1] INFO  server.RaftServerConfigKeys (ConfUtils.java:logGet(43)) - raft.server.rpc.timeout.min = 5s (custom)
2019-09-19 14:21:38,693 [pool-60-thread-1] INFO  server.RaftServerConfigKeys (ConfUtils.java:logGet(43)) - raft.server.rpc.timeout.max = 5200ms (custom)
2019-09-19 14:21:38,693 [pool-60-thread-1] INFO  server.RaftServerConfigKeys (ConfUtils.java:logGet(43)) - raft.server.rpcslowness.timeout = 120s (custom)
2019-09-19 14:21:38,694 [pool-60-thread-1] INFO  server.RaftServerConfigKeys (ConfUtils.java:logGet(43)) - raft.server.sleep.deviation.threshold = 300 (default)
2019-09-19 14:21:38,694 [pool-60-thread-1] INFO  server.RaftServerConfigKeys (ConfUtils.java:logGet(43)) - raft.server.log.appender.install.snapshot.enabled = false (custom)
2019-09-19 14:21:38,694 [pool-60-thread-1] INFO  impl.RaftServerImpl (ServerState.java:<init>(105)) - 6403e584-2209-453b-b79e-eeb0a7b58516:group-ACEF403FFE2B ConfigurationManager, init=-1: [6403e584-2209-453b-b79e-eeb0a7b58516:192.168.157.226:35833], old=null, confs=<EMPTY_MAP>
2019-09-19 14:21:38,694 [pool-60-thread-1] INFO  server.RaftServerConfigKeys (ConfUtils.java:logGet(43)) - raft.server.storage.dir = [/workdir/hadoop-ozone/integration-test/target/test-dir/MiniOzoneClusterImpl-210d6028-2152-4683-81ff-347b0d29bb13/datanode-3/data/ratis] (custom)
2019-09-19 14:21:38,694 [pool-60-thread-1] INFO  storage.RaftStorageDirectory (RaftStorageDirectory.java:analyzeStorage(246)) - The storage directory /workdir/hadoop-ozone/integration-test/target/test-dir/MiniOzoneClusterImpl-210d6028-2152-4683-81ff-347b0d29bb13/datanode-3/data/ratis/20932623-2e6f-4a68-af6c-acef403ffe2b does not exist. Creating ...
2019-09-19 14:21:38,708 [pool-60-thread-1] INFO  storage.RaftStorageDirectory (RaftStorageDirectory.java:tryLock(328)) - Lock on /workdir/hadoop-ozone/integration-test/target/test-dir/MiniOzoneClusterImpl-210d6028-2152-4683-81ff-347b0d29bb13/datanode-3/data/ratis/20932623-2e6f-4a68-af6c-acef403ffe2b/in_use.lock acquired by nodename 16198@pr-hdds-1569-swxfz-3172132826
2019-09-19 14:21:38,721 [pool-60-thread-1] INFO  storage.RaftStorage (RaftStorage.java:format(72)) - Storage directory /workdir/hadoop-ozone/integration-test/target/test-dir/MiniOzoneClusterImpl-210d6028-2152-4683-81ff-347b0d29bb13/datanode-3/data/ratis/20932623-2e6f-4a68-af6c-acef403ffe2b has been successfully formatted.
2019-09-19 14:21:38,721 [pool-60-thread-1] INFO  ratis.ContainerStateMachine (ContainerStateMachine.java:loadSnapshot(226)) - group-ACEF403FFE2B: The snapshot info is null. Setting the last applied indexto:(t:0, i:~)
2019-09-19 14:21:38,721 [pool-60-thread-1] INFO  server.RaftServerConfigKeys (ConfUtils.java:logGet(43)) - raft.server.leader.election.timeout = 120s (custom)
2019-09-19 14:21:38,721 [pool-60-thread-1] INFO  server.RaftServerConfigKeys (ConfUtils.java:logGet(43)) - raft.server.log.use.memory = false (default)
2019-09-19 14:21:38,722 [pool-60-thread-1] INFO  server.RaftServerConfigKeys (ConfUtils.java:logGet(43)) - raft.server.log.purge.gap = 1000000 (custom)
2019-09-19 14:21:38,722 [pool-60-thread-1] INFO  server.RaftServerConfigKeys (ConfUtils.java:logGet(43)) - raft.server.log.appender.buffer.byte-limit = 33554432 (custom)
2019-09-19 14:21:38,722 [pool-60-thread-1] INFO  server.RaftServerConfigKeys (ConfUtils.java:logGet(43)) - raft.server.log.segment.size.max = 1048576 (custom)
2019-09-19 14:21:38,722 [pool-60-thread-1] INFO  server.RaftServerConfigKeys (ConfUtils.java:logGet(43)) - raft.server.log.segment.cache.num.max = 2 (custom)
2019-09-19 14:21:38,722 [pool-60-thread-1] INFO  segmented.SegmentedRaftLogWorker (SegmentedRaftLogWorker.java:<init>(172)) - new 6403e584-2209-453b-b79e-eeb0a7b58516-SegmentedRaftLogWorker:Storage Directory /workdir/hadoop-ozone/integration-test/target/test-dir/MiniOzoneClusterImpl-210d6028-2152-4683-81ff-347b0d29bb13/datanode-3/data/ratis/20932623-2e6f-4a68-af6c-acef403ffe2b for RaftStorage:Storage Directory /workdir/hadoop-ozone/integration-test/target/test-dir/MiniOzoneClusterImpl-210d6028-2152-4683-81ff-347b0d29bb13/datanode-3/data/ratis/20932623-2e6f-4a68-af6c-acef403ffe2b
2019-09-19 14:21:38,722 [pool-60-thread-1] INFO  server.RaftServerConfigKeys (ConfUtils.java:logGet(43)) - raft.server.log.queue.byte-limit = 2147483647 (custom)
2019-09-19 14:21:38,722 [pool-60-thread-1] INFO  server.RaftServerConfigKeys (ConfUtils.java:logGet(43)) - raft.server.log.queue.element-limit = 1024 (custom)
2019-09-19 14:21:38,722 [pool-60-thread-1] INFO  server.RaftServerConfigKeys (ConfUtils.java:logGet(43)) - raft.server.log.segment.size.max = 1048576 (custom)
2019-09-19 14:21:38,723 [pool-60-thread-1] INFO  server.RaftServerConfigKeys (ConfUtils.java:logGet(43)) - raft.server.log.preallocated.size = 16384 (custom)
2019-09-19 14:21:38,723 [pool-60-thread-1] INFO  server.RaftServerConfigKeys (ConfUtils.java:logGet(43)) - raft.server.log.write.buffer.size = 33554432 (custom)
2019-09-19 14:21:38,723 [pool-60-thread-1] INFO  server.RaftServerConfigKeys (ConfUtils.java:logGet(43)) - raft.server.log.force.sync.num = 128 (default)
2019-09-19 14:21:38,723 [pool-60-thread-1] INFO  server.RaftServerConfigKeys (ConfUtils.java:logGet(43)) - raft.server.log.statemachine.data.sync = true (default)
2019-09-19 14:21:38,723 [pool-60-thread-1] INFO  server.RaftServerConfigKeys (ConfUtils.java:logGet(43)) - raft.server.log.statemachine.data.sync.timeout = 10s (default)
2019-09-19 14:21:38,723 [pool-60-thread-1] INFO  server.RaftServerConfigKeys (ConfUtils.java:logGet(43)) - raft.server.log.statemachine.data.sync.timeout.retry = -1 (default)
2019-09-19 14:21:38,723 [pool-60-thread-1] INFO  server.RaftServerConfigKeys (ConfUtils.java:logGet(43)) - raft.server.log.statemachine.data.caching.enabled = true (custom)
2019-09-19 14:21:38,724 [pool-60-thread-1] INFO  segmented.SegmentedRaftLogWorker (SegmentedRaftLogWorker.java:lambda$new$0(132)) - 6403e584-2209-453b-b79e-eeb0a7b58516-SegmentedRaftLogWorker:Storage Directory /workdir/hadoop-ozone/integration-test/target/test-dir/MiniOzoneClusterImpl-210d6028-2152-4683-81ff-347b0d29bb13/datanode-3/data/ratis/20932623-2e6f-4a68-af6c-acef403ffe2b: flushIndex: setUnconditionally 0 -> -1
2019-09-19 14:21:38,724 [pool-60-thread-1] INFO  server.RaftServerConfigKeys (ConfUtils.java:logGet(43)) - raft.server.snapshot.auto.trigger.enabled = true (custom)
2019-09-19 14:21:38,724 [pool-60-thread-1] INFO  server.RaftServerConfigKeys (ConfUtils.java:logGet(43)) - raft.server.snapshot.auto.trigger.threshold = 10000 (custom)
2019-09-19 14:21:38,724 [pool-60-thread-1] INFO  server.RaftServerConfigKeys (ConfUtils.java:logGet(43)) - raft.server.retrycache.expirytime = 600000ms (custom)
2019-09-19 14:21:38,724 [pool-60-thread-1] INFO  impl.RaftServerImpl (RaftServerImpl.java:start(180)) - 6403e584-2209-453b-b79e-eeb0a7b58516: start group-ACEF403FFE2B
2019-09-19 14:21:38,724 [pool-60-thread-1] INFO  impl.RaftServerImpl (RaftServerImpl.java:setRole(171)) - 6403e584-2209-453b-b79e-eeb0a7b58516:group-ACEF403FFE2B changes role from null to FOLLOWER at term 0 for startAsFollower
2019-09-19 14:21:38,725 [pool-60-thread-1] INFO  impl.RoleInfo (RoleInfo.java:updateAndGet(143)) - 6403e584-2209-453b-b79e-eeb0a7b58516: start FollowerState
2019-09-19 14:21:38,725 [pool-60-thread-1] INFO  util.JmxRegister (JmxRegister.java:tryRegister(44)) - Successfully registered JMX Bean with object name Ratis:service=RaftServer,group=group-ACEF403FFE2B,id=6403e584-2209-453b-b79e-eeb0a7b58516
2019-09-19 14:21:38,727 [RatisPipelineUtilsThread] INFO  pipeline.PipelineStateManager (PipelineStateManager.java:addPipeline(56)) - Created pipeline Pipeline[ Id: 20932623-2e6f-4a68-af6c-acef403ffe2b, Nodes: 6403e584-2209-453b-b79e-eeb0a7b58516{ip: 192.168.157.226, host: pr-hdds-1569-swxfz-3172132826, networkLocation: /default-rack, certSerialId: null}, Type:RATIS, Factor:ONE, State:OPEN]
2019-09-19 14:21:38,732 [grpc-default-executor-2] INFO  impl.RaftServerProxy (RaftServerProxy.java:addNew(89)) - 6403e584-2209-453b-b79e-eeb0a7b58516: addNew group-1F772A09F9D5:[6403e584-2209-453b-b79e-eeb0a7b58516:192.168.157.226:35833] returns group-1F772A09F9D5:java.util.concurrent.CompletableFuture@69d63783[Not completed]
2019-09-19 14:21:38,733 [pool-60-thread-1] INFO  impl.RaftServerImpl (RaftServerImpl.java:<init>(93)) - 6403e584-2209-453b-b79e-eeb0a7b58516: new RaftServerImpl for group-1F772A09F9D5:[6403e584-2209-453b-b79e-eeb0a7b58516:192.168.157.226:35833] with ContainerStateMachine:uninitialized
2019-09-19 14:21:38,733 [pool-60-thread-1] INFO  server.RaftServerConfigKeys (ConfUtils.java:logGet(43)) - raft.server.rpc.timeout.min = 5s (custom)
2019-09-19 14:21:38,733 [pool-60-thread-1] INFO  server.RaftServerConfigKeys (ConfUtils.java:logGet(43)) - raft.server.rpc.timeout.max = 5200ms (custom)
2019-09-19 14:21:38,733 [pool-60-thread-1] INFO  server.RaftServerConfigKeys (ConfUtils.java:logGet(43)) - raft.server.rpcslowness.timeout = 120s (custom)
2019-09-19 14:21:38,733 [pool-60-thread-1] INFO  server.RaftServerConfigKeys (ConfUtils.java:logGet(43)) - raft.server.sleep.deviation.threshold = 300 (default)
2019-09-19 14:21:38,733 [pool-60-thread-1] INFO  server.RaftServerConfigKeys (ConfUtils.java:logGet(43)) - raft.server.log.appender.install.snapshot.enabled = false (custom)
2019-09-19 14:21:38,734 [pool-60-thread-1] INFO  impl.RaftServerImpl (ServerState.java:<init>(105)) - 6403e584-2209-453b-b79e-eeb0a7b58516:group-1F772A09F9D5 ConfigurationManager, init=-1: [6403e584-2209-453b-b79e-eeb0a7b58516:192.168.157.226:35833], old=null, confs=<EMPTY_MAP>
2019-09-19 14:21:38,734 [pool-60-thread-1] INFO  server.RaftServerConfigKeys (ConfUtils.java:logGet(43)) - raft.server.storage.dir = [/workdir/hadoop-ozone/integration-test/target/test-dir/MiniOzoneClusterImpl-210d6028-2152-4683-81ff-347b0d29bb13/datanode-3/data/ratis] (custom)
2019-09-19 14:21:38,734 [pool-60-thread-1] INFO  storage.RaftStorageDirectory (RaftStorageDirectory.java:analyzeStorage(246)) - The storage directory /workdir/hadoop-ozone/integration-test/target/test-dir/MiniOzoneClusterImpl-210d6028-2152-4683-81ff-347b0d29bb13/datanode-3/data/ratis/0cbf1d4e-6cdd-4adc-95d8-1f772a09f9d5 does not exist. Creating ...
2019-09-19 14:21:38,747 [pool-60-thread-1] INFO  storage.RaftStorageDirectory (RaftStorageDirectory.java:tryLock(328)) - Lock on /workdir/hadoop-ozone/integration-test/target/test-dir/MiniOzoneClusterImpl-210d6028-2152-4683-81ff-347b0d29bb13/datanode-3/data/ratis/0cbf1d4e-6cdd-4adc-95d8-1f772a09f9d5/in_use.lock acquired by nodename 16198@pr-hdds-1569-swxfz-3172132826
2019-09-19 14:21:38,760 [pool-60-thread-1] INFO  storage.RaftStorage (RaftStorage.java:format(72)) - Storage directory /workdir/hadoop-ozone/integration-test/target/test-dir/MiniOzoneClusterImpl-210d6028-2152-4683-81ff-347b0d29bb13/datanode-3/data/ratis/0cbf1d4e-6cdd-4adc-95d8-1f772a09f9d5 has been successfully formatted.
2019-09-19 14:21:38,760 [pool-60-thread-1] INFO  ratis.ContainerStateMachine (ContainerStateMachine.java:loadSnapshot(226)) - group-1F772A09F9D5: The snapshot info is null. Setting the last applied indexto:(t:0, i:~)
2019-09-19 14:21:38,760 [pool-60-thread-1] INFO  server.RaftServerConfigKeys (ConfUtils.java:logGet(43)) - raft.server.leader.election.timeout = 120s (custom)
2019-09-19 14:21:38,760 [pool-60-thread-1] INFO  server.RaftServerConfigKeys (ConfUtils.java:logGet(43)) - raft.server.log.use.memory = false (default)
2019-09-19 14:21:38,761 [pool-60-thread-1] INFO  server.RaftServerConfigKeys (ConfUtils.java:logGet(43)) - raft.server.log.purge.gap = 1000000 (custom)
2019-09-19 14:21:38,761 [pool-60-thread-1] INFO  server.RaftServerConfigKeys (ConfUtils.java:logGet(43)) - raft.server.log.appender.buffer.byte-limit = 33554432 (custom)
2019-09-19 14:21:38,761 [pool-60-thread-1] INFO  server.RaftServerConfigKeys (ConfUtils.java:logGet(43)) - raft.server.log.segment.size.max = 1048576 (custom)
2019-09-19 14:21:38,761 [pool-60-thread-1] INFO  server.RaftServerConfigKeys (ConfUtils.java:logGet(43)) - raft.server.log.segment.cache.num.max = 2 (custom)
2019-09-19 14:21:38,761 [pool-60-thread-1] INFO  segmented.SegmentedRaftLogWorker (SegmentedRaftLogWorker.java:<init>(172)) - new 6403e584-2209-453b-b79e-eeb0a7b58516-SegmentedRaftLogWorker:Storage Directory /workdir/hadoop-ozone/integration-test/target/test-dir/MiniOzoneClusterImpl-210d6028-2152-4683-81ff-347b0d29bb13/datanode-3/data/ratis/0cbf1d4e-6cdd-4adc-95d8-1f772a09f9d5 for RaftStorage:Storage Directory /workdir/hadoop-ozone/integration-test/target/test-dir/MiniOzoneClusterImpl-210d6028-2152-4683-81ff-347b0d29bb13/datanode-3/data/ratis/0cbf1d4e-6cdd-4adc-95d8-1f772a09f9d5
2019-09-19 14:21:38,761 [pool-60-thread-1] INFO  server.RaftServerConfigKeys (ConfUtils.java:logGet(43)) - raft.server.log.queue.byte-limit = 2147483647 (custom)
2019-09-19 14:21:38,761 [pool-60-thread-1] INFO  server.RaftServerConfigKeys (ConfUtils.java:logGet(43)) - raft.server.log.queue.element-limit = 1024 (custom)
2019-09-19 14:21:38,761 [pool-60-thread-1] INFO  server.RaftServerConfigKeys (ConfUtils.java:logGet(43)) - raft.server.log.segment.size.max = 1048576 (custom)
2019-09-19 14:21:38,762 [pool-60-thread-1] INFO  server.RaftServerConfigKeys (ConfUtils.java:logGet(43)) - raft.server.log.preallocated.size = 16384 (custom)
2019-09-19 14:21:38,762 [pool-60-thread-1] INFO  server.RaftServerConfigKeys (ConfUtils.java:logGet(43)) - raft.server.log.write.buffer.size = 33554432 (custom)
2019-09-19 14:21:38,762 [pool-60-thread-1] INFO  server.RaftServerConfigKeys (ConfUtils.java:logGet(43)) - raft.server.log.force.sync.num = 128 (default)
2019-09-19 14:21:38,762 [pool-60-thread-1] INFO  server.RaftServerConfigKeys (ConfUtils.java:logGet(43)) - raft.server.log.statemachine.data.sync = true (default)
2019-09-19 14:21:38,762 [pool-60-thread-1] INFO  server.RaftServerConfigKeys (ConfUtils.java:logGet(43)) - raft.server.log.statemachine.data.sync.timeout = 10s (default)
2019-09-19 14:21:38,762 [pool-60-thread-1] INFO  server.RaftServerConfigKeys (ConfUtils.java:logGet(43)) - raft.server.log.statemachine.data.sync.timeout.retry = -1 (default)
2019-09-19 14:21:38,762 [pool-60-thread-1] INFO  server.RaftServerConfigKeys (ConfUtils.java:logGet(43)) - raft.server.log.statemachine.data.caching.enabled = true (custom)
2019-09-19 14:21:38,763 [pool-60-thread-1] INFO  segmented.SegmentedRaftLogWorker (SegmentedRaftLogWorker.java:lambda$new$0(132)) - 6403e584-2209-453b-b79e-eeb0a7b58516-SegmentedRaftLogWorker:Storage Directory /workdir/hadoop-ozone/integration-test/target/test-dir/MiniOzoneClusterImpl-210d6028-2152-4683-81ff-347b0d29bb13/datanode-3/data/ratis/0cbf1d4e-6cdd-4adc-95d8-1f772a09f9d5: flushIndex: setUnconditionally 0 -> -1
2019-09-19 14:21:38,763 [pool-60-thread-1] INFO  server.RaftServerConfigKeys (ConfUtils.java:logGet(43)) - raft.server.snapshot.auto.trigger.enabled = true (custom)
2019-09-19 14:21:38,763 [pool-60-thread-1] INFO  server.RaftServerConfigKeys (ConfUtils.java:logGet(43)) - raft.server.snapshot.auto.trigger.threshold = 10000 (custom)
2019-09-19 14:21:38,763 [pool-60-thread-1] INFO  server.RaftServerConfigKeys (ConfUtils.java:logGet(43)) - raft.server.retrycache.expirytime = 600000ms (custom)
2019-09-19 14:21:38,763 [pool-60-thread-1] INFO  impl.RaftServerImpl (RaftServerImpl.java:start(180)) - 6403e584-2209-453b-b79e-eeb0a7b58516: start group-1F772A09F9D5
2019-09-19 14:21:38,763 [pool-60-thread-1] INFO  impl.RaftServerImpl (RaftServerImpl.java:setRole(171)) - 6403e584-2209-453b-b79e-eeb0a7b58516:group-1F772A09F9D5 changes role from null to FOLLOWER at term 0 for startAsFollower
2019-09-19 14:21:38,763 [pool-60-thread-1] INFO  impl.RoleInfo (RoleInfo.java:updateAndGet(143)) - 6403e584-2209-453b-b79e-eeb0a7b58516: start FollowerState
2019-09-19 14:21:38,764 [pool-60-thread-1] INFO  util.JmxRegister (JmxRegister.java:tryRegister(44)) - Successfully registered JMX Bean with object name Ratis:service=RaftServer,group=group-1F772A09F9D5,id=6403e584-2209-453b-b79e-eeb0a7b58516
2019-09-19 14:21:38,766 [RatisPipelineUtilsThread] INFO  pipeline.PipelineStateManager (PipelineStateManager.java:addPipeline(56)) - Created pipeline Pipeline[ Id: 0cbf1d4e-6cdd-4adc-95d8-1f772a09f9d5, Nodes: 6403e584-2209-453b-b79e-eeb0a7b58516{ip: 192.168.157.226, host: pr-hdds-1569-swxfz-3172132826, networkLocation: /default-rack, certSerialId: null}, Type:RATIS, Factor:ONE, State:OPEN]
2019-09-19 14:21:38,771 [grpc-default-executor-2] INFO  impl.RaftServerProxy (RaftServerProxy.java:addNew(89)) - 1190b9a7-12b1-4c15-b33e-f7d0a0cd436c: addNew group-F8A409B5C577:[1190b9a7-12b1-4c15-b33e-f7d0a0cd436c:192.168.157.226:34463] returns group-F8A409B5C577:java.util.concurrent.CompletableFuture@5e84be51[Not completed]
2019-09-19 14:21:38,772 [pool-71-thread-1] INFO  impl.RaftServerImpl (RaftServerImpl.java:<init>(93)) - 1190b9a7-12b1-4c15-b33e-f7d0a0cd436c: new RaftServerImpl for group-F8A409B5C577:[1190b9a7-12b1-4c15-b33e-f7d0a0cd436c:192.168.157.226:34463] with ContainerStateMachine:uninitialized
2019-09-19 14:21:38,772 [pool-71-thread-1] INFO  server.RaftServerConfigKeys (ConfUtils.java:logGet(43)) - raft.server.rpc.timeout.min = 5s (custom)
2019-09-19 14:21:38,772 [pool-71-thread-1] INFO  server.RaftServerConfigKeys (ConfUtils.java:logGet(43)) - raft.server.rpc.timeout.max = 5200ms (custom)
2019-09-19 14:21:38,772 [pool-71-thread-1] INFO  server.RaftServerConfigKeys (ConfUtils.java:logGet(43)) - raft.server.rpcslowness.timeout = 120s (custom)
2019-09-19 14:21:38,772 [pool-71-thread-1] INFO  server.RaftServerConfigKeys (ConfUtils.java:logGet(43)) - raft.server.sleep.deviation.threshold = 300 (default)
2019-09-19 14:21:38,772 [pool-71-thread-1] INFO  server.RaftServerConfigKeys (ConfUtils.java:logGet(43)) - raft.server.log.appender.install.snapshot.enabled = false (custom)
2019-09-19 14:21:38,772 [pool-71-thread-1] INFO  impl.RaftServerImpl (ServerState.java:<init>(105)) - 1190b9a7-12b1-4c15-b33e-f7d0a0cd436c:group-F8A409B5C577 ConfigurationManager, init=-1: [1190b9a7-12b1-4c15-b33e-f7d0a0cd436c:192.168.157.226:34463], old=null, confs=<EMPTY_MAP>
2019-09-19 14:21:38,773 [pool-71-thread-1] INFO  server.RaftServerConfigKeys (ConfUtils.java:logGet(43)) - raft.server.storage.dir = [/workdir/hadoop-ozone/integration-test/target/test-dir/MiniOzoneClusterImpl-210d6028-2152-4683-81ff-347b0d29bb13/datanode-4/data/ratis] (custom)
2019-09-19 14:21:38,773 [pool-71-thread-1] INFO  storage.RaftStorageDirectory (RaftStorageDirectory.java:analyzeStorage(246)) - The storage directory /workdir/hadoop-ozone/integration-test/target/test-dir/MiniOzoneClusterImpl-210d6028-2152-4683-81ff-347b0d29bb13/datanode-4/data/ratis/90741fc9-e610-4c98-8a6a-f8a409b5c577 does not exist. Creating ...
2019-09-19 14:21:38,785 [pool-71-thread-1] INFO  storage.RaftStorageDirectory (RaftStorageDirectory.java:tryLock(328)) - Lock on /workdir/hadoop-ozone/integration-test/target/test-dir/MiniOzoneClusterImpl-210d6028-2152-4683-81ff-347b0d29bb13/datanode-4/data/ratis/90741fc9-e610-4c98-8a6a-f8a409b5c577/in_use.lock acquired by nodename 16198@pr-hdds-1569-swxfz-3172132826
2019-09-19 14:21:38,798 [pool-71-thread-1] INFO  storage.RaftStorage (RaftStorage.java:format(72)) - Storage directory /workdir/hadoop-ozone/integration-test/target/test-dir/MiniOzoneClusterImpl-210d6028-2152-4683-81ff-347b0d29bb13/datanode-4/data/ratis/90741fc9-e610-4c98-8a6a-f8a409b5c577 has been successfully formatted.
2019-09-19 14:21:38,799 [pool-71-thread-1] INFO  ratis.ContainerStateMachine (ContainerStateMachine.java:loadSnapshot(226)) - group-F8A409B5C577: The snapshot info is null. Setting the last applied indexto:(t:0, i:~)
2019-09-19 14:21:38,799 [pool-71-thread-1] INFO  server.RaftServerConfigKeys (ConfUtils.java:logGet(43)) - raft.server.leader.election.timeout = 120s (custom)
2019-09-19 14:21:38,799 [pool-71-thread-1] INFO  server.RaftServerConfigKeys (ConfUtils.java:logGet(43)) - raft.server.log.use.memory = false (default)
2019-09-19 14:21:38,799 [pool-71-thread-1] INFO  server.RaftServerConfigKeys (ConfUtils.java:logGet(43)) - raft.server.log.purge.gap = 1000000 (custom)
2019-09-19 14:21:38,799 [pool-71-thread-1] INFO  server.RaftServerConfigKeys (ConfUtils.java:logGet(43)) - raft.server.log.appender.buffer.byte-limit = 33554432 (custom)
2019-09-19 14:21:38,799 [pool-71-thread-1] INFO  server.RaftServerConfigKeys (ConfUtils.java:logGet(43)) - raft.server.log.segment.size.max = 1048576 (custom)
2019-09-19 14:21:38,799 [pool-71-thread-1] INFO  server.RaftServerConfigKeys (ConfUtils.java:logGet(43)) - raft.server.log.segment.cache.num.max = 2 (custom)
2019-09-19 14:21:38,799 [pool-71-thread-1] INFO  segmented.SegmentedRaftLogWorker (SegmentedRaftLogWorker.java:<init>(172)) - new 1190b9a7-12b1-4c15-b33e-f7d0a0cd436c-SegmentedRaftLogWorker:Storage Directory /workdir/hadoop-ozone/integration-test/target/test-dir/MiniOzoneClusterImpl-210d6028-2152-4683-81ff-347b0d29bb13/datanode-4/data/ratis/90741fc9-e610-4c98-8a6a-f8a409b5c577 for RaftStorage:Storage Directory /workdir/hadoop-ozone/integration-test/target/test-dir/MiniOzoneClusterImpl-210d6028-2152-4683-81ff-347b0d29bb13/datanode-4/data/ratis/90741fc9-e610-4c98-8a6a-f8a409b5c577
2019-09-19 14:21:38,799 [pool-71-thread-1] INFO  server.RaftServerConfigKeys (ConfUtils.java:logGet(43)) - raft.server.log.queue.byte-limit = 2147483647 (custom)
2019-09-19 14:21:38,800 [pool-71-thread-1] INFO  server.RaftServerConfigKeys (ConfUtils.java:logGet(43)) - raft.server.log.queue.element-limit = 1024 (custom)
2019-09-19 14:21:38,800 [pool-71-thread-1] INFO  server.RaftServerConfigKeys (ConfUtils.java:logGet(43)) - raft.server.log.segment.size.max = 1048576 (custom)
2019-09-19 14:21:38,800 [pool-71-thread-1] INFO  server.RaftServerConfigKeys (ConfUtils.java:logGet(43)) - raft.server.log.preallocated.size = 16384 (custom)
2019-09-19 14:21:38,800 [pool-71-thread-1] INFO  server.RaftServerConfigKeys (ConfUtils.java:logGet(43)) - raft.server.log.write.buffer.size = 33554432 (custom)
2019-09-19 14:21:38,800 [pool-71-thread-1] INFO  server.RaftServerConfigKeys (ConfUtils.java:logGet(43)) - raft.server.log.force.sync.num = 128 (default)
2019-09-19 14:21:38,800 [pool-71-thread-1] INFO  server.RaftServerConfigKeys (ConfUtils.java:logGet(43)) - raft.server.log.statemachine.data.sync = true (default)
2019-09-19 14:21:38,800 [pool-71-thread-1] INFO  server.RaftServerConfigKeys (ConfUtils.java:logGet(43)) - raft.server.log.statemachine.data.sync.timeout = 10s (default)
2019-09-19 14:21:38,800 [pool-71-thread-1] INFO  server.RaftServerConfigKeys (ConfUtils.java:logGet(43)) - raft.server.log.statemachine.data.sync.timeout.retry = -1 (default)
2019-09-19 14:21:38,800 [pool-71-thread-1] INFO  server.RaftServerConfigKeys (ConfUtils.java:logGet(43)) - raft.server.log.statemachine.data.caching.enabled = true (custom)
2019-09-19 14:21:38,801 [pool-71-thread-1] INFO  segmented.SegmentedRaftLogWorker (SegmentedRaftLogWorker.java:lambda$new$0(132)) - 1190b9a7-12b1-4c15-b33e-f7d0a0cd436c-SegmentedRaftLogWorker:Storage Directory /workdir/hadoop-ozone/integration-test/target/test-dir/MiniOzoneClusterImpl-210d6028-2152-4683-81ff-347b0d29bb13/datanode-4/data/ratis/90741fc9-e610-4c98-8a6a-f8a409b5c577: flushIndex: setUnconditionally 0 -> -1
2019-09-19 14:21:38,801 [pool-71-thread-1] INFO  server.RaftServerConfigKeys (ConfUtils.java:logGet(43)) - raft.server.snapshot.auto.trigger.enabled = true (custom)
2019-09-19 14:21:38,801 [pool-71-thread-1] INFO  server.RaftServerConfigKeys (ConfUtils.java:logGet(43)) - raft.server.snapshot.auto.trigger.threshold = 10000 (custom)
2019-09-19 14:21:38,801 [pool-71-thread-1] INFO  server.RaftServerConfigKeys (ConfUtils.java:logGet(43)) - raft.server.retrycache.expirytime = 600000ms (custom)
2019-09-19 14:21:38,801 [pool-71-thread-1] INFO  impl.RaftServerImpl (RaftServerImpl.java:start(180)) - 1190b9a7-12b1-4c15-b33e-f7d0a0cd436c: start group-F8A409B5C577
2019-09-19 14:21:38,801 [pool-71-thread-1] INFO  impl.RaftServerImpl (RaftServerImpl.java:setRole(171)) - 1190b9a7-12b1-4c15-b33e-f7d0a0cd436c:group-F8A409B5C577 changes role from null to FOLLOWER at term 0 for startAsFollower
2019-09-19 14:21:38,801 [pool-71-thread-1] INFO  impl.RoleInfo (RoleInfo.java:updateAndGet(143)) - 1190b9a7-12b1-4c15-b33e-f7d0a0cd436c: start FollowerState
2019-09-19 14:21:38,802 [pool-71-thread-1] INFO  util.JmxRegister (JmxRegister.java:tryRegister(44)) - Successfully registered JMX Bean with object name Ratis:service=RaftServer,group=group-F8A409B5C577,id=1190b9a7-12b1-4c15-b33e-f7d0a0cd436c
2019-09-19 14:21:38,804 [RatisPipelineUtilsThread] INFO  pipeline.PipelineStateManager (PipelineStateManager.java:addPipeline(56)) - Created pipeline Pipeline[ Id: 90741fc9-e610-4c98-8a6a-f8a409b5c577, Nodes: 1190b9a7-12b1-4c15-b33e-f7d0a0cd436c{ip: 192.168.157.226, host: pr-hdds-1569-swxfz-3172132826, networkLocation: /default-rack, certSerialId: null}, Type:RATIS, Factor:ONE, State:OPEN]
2019-09-19 14:21:38,808 [grpc-default-executor-2] INFO  impl.RaftServerProxy (RaftServerProxy.java:addNew(89)) - 6403e584-2209-453b-b79e-eeb0a7b58516: addNew group-9CACC810191B:[6403e584-2209-453b-b79e-eeb0a7b58516:192.168.157.226:35833] returns group-9CACC810191B:java.util.concurrent.CompletableFuture@1078f00d[Not completed]
2019-09-19 14:21:38,809 [pool-60-thread-1] INFO  impl.RaftServerImpl (RaftServerImpl.java:<init>(93)) - 6403e584-2209-453b-b79e-eeb0a7b58516: new RaftServerImpl for group-9CACC810191B:[6403e584-2209-453b-b79e-eeb0a7b58516:192.168.157.226:35833] with ContainerStateMachine:uninitialized
2019-09-19 14:21:38,809 [pool-60-thread-1] INFO  server.RaftServerConfigKeys (ConfUtils.java:logGet(43)) - raft.server.rpc.timeout.min = 5s (custom)
2019-09-19 14:21:38,810 [pool-60-thread-1] INFO  server.RaftServerConfigKeys (ConfUtils.java:logGet(43)) - raft.server.rpc.timeout.max = 5200ms (custom)
2019-09-19 14:21:38,810 [pool-60-thread-1] INFO  server.RaftServerConfigKeys (ConfUtils.java:logGet(43)) - raft.server.rpcslowness.timeout = 120s (custom)
2019-09-19 14:21:38,810 [pool-60-thread-1] INFO  server.RaftServerConfigKeys (ConfUtils.java:logGet(43)) - raft.server.sleep.deviation.threshold = 300 (default)
2019-09-19 14:21:38,810 [pool-60-thread-1] INFO  server.RaftServerConfigKeys (ConfUtils.java:logGet(43)) - raft.server.log.appender.install.snapshot.enabled = false (custom)
2019-09-19 14:21:38,810 [pool-60-thread-1] INFO  impl.RaftServerImpl (ServerState.java:<init>(105)) - 6403e584-2209-453b-b79e-eeb0a7b58516:group-9CACC810191B ConfigurationManager, init=-1: [6403e584-2209-453b-b79e-eeb0a7b58516:192.168.157.226:35833], old=null, confs=<EMPTY_MAP>
2019-09-19 14:21:38,810 [pool-60-thread-1] INFO  server.RaftServerConfigKeys (ConfUtils.java:logGet(43)) - raft.server.storage.dir = [/workdir/hadoop-ozone/integration-test/target/test-dir/MiniOzoneClusterImpl-210d6028-2152-4683-81ff-347b0d29bb13/datanode-3/data/ratis] (custom)
2019-09-19 14:21:38,811 [pool-60-thread-1] INFO  storage.RaftStorageDirectory (RaftStorageDirectory.java:analyzeStorage(246)) - The storage directory /workdir/hadoop-ozone/integration-test/target/test-dir/MiniOzoneClusterImpl-210d6028-2152-4683-81ff-347b0d29bb13/datanode-3/data/ratis/73adaf6d-9366-415c-98ee-9cacc810191b does not exist. Creating ...
2019-09-19 14:21:38,823 [pool-60-thread-1] INFO  storage.RaftStorageDirectory (RaftStorageDirectory.java:tryLock(328)) - Lock on /workdir/hadoop-ozone/integration-test/target/test-dir/MiniOzoneClusterImpl-210d6028-2152-4683-81ff-347b0d29bb13/datanode-3/data/ratis/73adaf6d-9366-415c-98ee-9cacc810191b/in_use.lock acquired by nodename 16198@pr-hdds-1569-swxfz-3172132826
2019-09-19 14:21:38,853 [pool-60-thread-1] INFO  storage.RaftStorage (RaftStorage.java:format(72)) - Storage directory /workdir/hadoop-ozone/integration-test/target/test-dir/MiniOzoneClusterImpl-210d6028-2152-4683-81ff-347b0d29bb13/datanode-3/data/ratis/73adaf6d-9366-415c-98ee-9cacc810191b has been successfully formatted.
2019-09-19 14:21:38,853 [pool-60-thread-1] INFO  ratis.ContainerStateMachine (ContainerStateMachine.java:loadSnapshot(226)) - group-9CACC810191B: The snapshot info is null. Setting the last applied indexto:(t:0, i:~)
2019-09-19 14:21:38,853 [pool-60-thread-1] INFO  server.RaftServerConfigKeys (ConfUtils.java:logGet(43)) - raft.server.leader.election.timeout = 120s (custom)
2019-09-19 14:21:38,854 [pool-60-thread-1] INFO  server.RaftServerConfigKeys (ConfUtils.java:logGet(43)) - raft.server.log.use.memory = false (default)
2019-09-19 14:21:38,854 [pool-60-thread-1] INFO  server.RaftServerConfigKeys (ConfUtils.java:logGet(43)) - raft.server.log.purge.gap = 1000000 (custom)
2019-09-19 14:21:38,854 [pool-60-thread-1] INFO  server.RaftServerConfigKeys (ConfUtils.java:logGet(43)) - raft.server.log.appender.buffer.byte-limit = 33554432 (custom)
2019-09-19 14:21:38,854 [pool-60-thread-1] INFO  server.RaftServerConfigKeys (ConfUtils.java:logGet(43)) - raft.server.log.segment.size.max = 1048576 (custom)
2019-09-19 14:21:38,854 [pool-60-thread-1] INFO  server.RaftServerConfigKeys (ConfUtils.java:logGet(43)) - raft.server.log.segment.cache.num.max = 2 (custom)
2019-09-19 14:21:38,854 [pool-60-thread-1] INFO  segmented.SegmentedRaftLogWorker (SegmentedRaftLogWorker.java:<init>(172)) - new 6403e584-2209-453b-b79e-eeb0a7b58516-SegmentedRaftLogWorker:Storage Directory /workdir/hadoop-ozone/integration-test/target/test-dir/MiniOzoneClusterImpl-210d6028-2152-4683-81ff-347b0d29bb13/datanode-3/data/ratis/73adaf6d-9366-415c-98ee-9cacc810191b for RaftStorage:Storage Directory /workdir/hadoop-ozone/integration-test/target/test-dir/MiniOzoneClusterImpl-210d6028-2152-4683-81ff-347b0d29bb13/datanode-3/data/ratis/73adaf6d-9366-415c-98ee-9cacc810191b
2019-09-19 14:21:38,855 [pool-60-thread-1] INFO  server.RaftServerConfigKeys (ConfUtils.java:logGet(43)) - raft.server.log.queue.byte-limit = 2147483647 (custom)
2019-09-19 14:21:38,855 [pool-60-thread-1] INFO  server.RaftServerConfigKeys (ConfUtils.java:logGet(43)) - raft.server.log.queue.element-limit = 1024 (custom)
2019-09-19 14:21:38,855 [pool-60-thread-1] INFO  server.RaftServerConfigKeys (ConfUtils.java:logGet(43)) - raft.server.log.segment.size.max = 1048576 (custom)
2019-09-19 14:21:38,855 [pool-60-thread-1] INFO  server.RaftServerConfigKeys (ConfUtils.java:logGet(43)) - raft.server.log.preallocated.size = 16384 (custom)
2019-09-19 14:21:38,855 [pool-60-thread-1] INFO  server.RaftServerConfigKeys (ConfUtils.java:logGet(43)) - raft.server.log.write.buffer.size = 33554432 (custom)
2019-09-19 14:21:38,855 [pool-60-thread-1] INFO  server.RaftServerConfigKeys (ConfUtils.java:logGet(43)) - raft.server.log.force.sync.num = 128 (default)
2019-09-19 14:21:38,855 [pool-60-thread-1] INFO  server.RaftServerConfigKeys (ConfUtils.java:logGet(43)) - raft.server.log.statemachine.data.sync = true (default)
2019-09-19 14:21:38,856 [pool-60-thread-1] INFO  server.RaftServerConfigKeys (ConfUtils.java:logGet(43)) - raft.server.log.statemachine.data.sync.timeout = 10s (default)
2019-09-19 14:21:38,856 [pool-60-thread-1] INFO  server.RaftServerConfigKeys (ConfUtils.java:logGet(43)) - raft.server.log.statemachine.data.sync.timeout.retry = -1 (default)
2019-09-19 14:21:38,856 [pool-60-thread-1] INFO  server.RaftServerConfigKeys (ConfUtils.java:logGet(43)) - raft.server.log.statemachine.data.caching.enabled = true (custom)
2019-09-19 14:21:38,856 [pool-60-thread-1] INFO  segmented.SegmentedRaftLogWorker (SegmentedRaftLogWorker.java:lambda$new$0(132)) - 6403e584-2209-453b-b79e-eeb0a7b58516-SegmentedRaftLogWorker:Storage Directory /workdir/hadoop-ozone/integration-test/target/test-dir/MiniOzoneClusterImpl-210d6028-2152-4683-81ff-347b0d29bb13/datanode-3/data/ratis/73adaf6d-9366-415c-98ee-9cacc810191b: flushIndex: setUnconditionally 0 -> -1
2019-09-19 14:21:38,856 [pool-60-thread-1] INFO  server.RaftServerConfigKeys (ConfUtils.java:logGet(43)) - raft.server.snapshot.auto.trigger.enabled = true (custom)
2019-09-19 14:21:38,857 [pool-60-thread-1] INFO  server.RaftServerConfigKeys (ConfUtils.java:logGet(43)) - raft.server.snapshot.auto.trigger.threshold = 10000 (custom)
2019-09-19 14:21:38,857 [pool-60-thread-1] INFO  server.RaftServerConfigKeys (ConfUtils.java:logGet(43)) - raft.server.retrycache.expirytime = 600000ms (custom)
2019-09-19 14:21:38,857 [pool-60-thread-1] INFO  impl.RaftServerImpl (RaftServerImpl.java:start(180)) - 6403e584-2209-453b-b79e-eeb0a7b58516: start group-9CACC810191B
2019-09-19 14:21:38,857 [pool-60-thread-1] INFO  impl.RaftServerImpl (RaftServerImpl.java:setRole(171)) - 6403e584-2209-453b-b79e-eeb0a7b58516:group-9CACC810191B changes role from null to FOLLOWER at term 0 for startAsFollower
2019-09-19 14:21:38,857 [pool-60-thread-1] INFO  impl.RoleInfo (RoleInfo.java:updateAndGet(143)) - 6403e584-2209-453b-b79e-eeb0a7b58516: start FollowerState
2019-09-19 14:21:38,858 [pool-60-thread-1] INFO  util.JmxRegister (JmxRegister.java:tryRegister(44)) - Successfully registered JMX Bean with object name Ratis:service=RaftServer,group=group-9CACC810191B,id=6403e584-2209-453b-b79e-eeb0a7b58516
2019-09-19 14:21:38,860 [RatisPipelineUtilsThread] INFO  pipeline.PipelineStateManager (PipelineStateManager.java:addPipeline(56)) - Created pipeline Pipeline[ Id: 73adaf6d-9366-415c-98ee-9cacc810191b, Nodes: 6403e584-2209-453b-b79e-eeb0a7b58516{ip: 192.168.157.226, host: pr-hdds-1569-swxfz-3172132826, networkLocation: /default-rack, certSerialId: null}, Type:RATIS, Factor:ONE, State:OPEN]
2019-09-19 14:21:38,865 [grpc-default-executor-2] INFO  impl.RaftServerProxy (RaftServerProxy.java:addNew(89)) - 5dfaa0ea-416a-422c-a75d-43311aceb00a: addNew group-40043A23C732:[5dfaa0ea-416a-422c-a75d-43311aceb00a:192.168.157.226:45629] returns group-40043A23C732:java.util.concurrent.CompletableFuture@3621fda[Not completed]
2019-09-19 14:21:38,866 [pool-38-thread-1] INFO  impl.RaftServerImpl (RaftServerImpl.java:<init>(93)) - 5dfaa0ea-416a-422c-a75d-43311aceb00a: new RaftServerImpl for group-40043A23C732:[5dfaa0ea-416a-422c-a75d-43311aceb00a:192.168.157.226:45629] with ContainerStateMachine:uninitialized
2019-09-19 14:21:38,866 [pool-38-thread-1] INFO  server.RaftServerConfigKeys (ConfUtils.java:logGet(43)) - raft.server.rpc.timeout.min = 5s (custom)
2019-09-19 14:21:38,866 [pool-38-thread-1] INFO  server.RaftServerConfigKeys (ConfUtils.java:logGet(43)) - raft.server.rpc.timeout.max = 5200ms (custom)
2019-09-19 14:21:38,866 [pool-38-thread-1] INFO  server.RaftServerConfigKeys (ConfUtils.java:logGet(43)) - raft.server.rpcslowness.timeout = 120s (custom)
2019-09-19 14:21:38,867 [pool-38-thread-1] INFO  server.RaftServerConfigKeys (ConfUtils.java:logGet(43)) - raft.server.sleep.deviation.threshold = 300 (default)
2019-09-19 14:21:38,867 [pool-38-thread-1] INFO  server.RaftServerConfigKeys (ConfUtils.java:logGet(43)) - raft.server.log.appender.install.snapshot.enabled = false (custom)
2019-09-19 14:21:38,867 [pool-38-thread-1] INFO  impl.RaftServerImpl (ServerState.java:<init>(105)) - 5dfaa0ea-416a-422c-a75d-43311aceb00a:group-40043A23C732 ConfigurationManager, init=-1: [5dfaa0ea-416a-422c-a75d-43311aceb00a:192.168.157.226:45629], old=null, confs=<EMPTY_MAP>
2019-09-19 14:21:38,867 [pool-38-thread-1] INFO  server.RaftServerConfigKeys (ConfUtils.java:logGet(43)) - raft.server.storage.dir = [/workdir/hadoop-ozone/integration-test/target/test-dir/MiniOzoneClusterImpl-210d6028-2152-4683-81ff-347b0d29bb13/datanode-1/data/ratis] (custom)
2019-09-19 14:21:38,868 [pool-38-thread-1] INFO  storage.RaftStorageDirectory (RaftStorageDirectory.java:analyzeStorage(246)) - The storage directory /workdir/hadoop-ozone/integration-test/target/test-dir/MiniOzoneClusterImpl-210d6028-2152-4683-81ff-347b0d29bb13/datanode-1/data/ratis/c2620bf6-6366-41f1-8e59-40043a23c732 does not exist. Creating ...
2019-09-19 14:21:38,868 | INFO  | SCMAudit | user=jenkins1000 | ip=192.168.157.226 | op=SEND_HEARTBEAT {datanodeUUID=85c6a9f3-b9a5-43a5-ac4f-9aa7bd5f2263, command=[]} | ret=SUCCESS |  
2019-09-19 14:21:38,868 | INFO  | SCMAudit | user=jenkins1000 | ip=192.168.157.226 | op=SEND_HEARTBEAT {datanodeUUID=431517c4-8c09-4790-b37b-2e132c8143ad, command=[]} | ret=SUCCESS |  
2019-09-19 14:21:38,869 | INFO  | SCMAudit | user=jenkins1000 | ip=192.168.157.226 | op=SEND_HEARTBEAT {datanodeUUID=1190b9a7-12b1-4c15-b33e-f7d0a0cd436c, command=[]} | ret=SUCCESS |  
2019-09-19 14:21:38,869 | INFO  | SCMAudit | user=jenkins1000 | ip=192.168.157.226 | op=SEND_HEARTBEAT {datanodeUUID=5dfaa0ea-416a-422c-a75d-43311aceb00a, command=[]} | ret=SUCCESS |  
2019-09-19 14:21:38,869 | INFO  | SCMAudit | user=jenkins1000 | ip=192.168.157.226 | op=SEND_HEARTBEAT {datanodeUUID=56d21ab3-8f6d-44ea-b961-c721a1c09246, command=[]} | ret=SUCCESS |  
2019-09-19 14:21:38,881 [pool-38-thread-1] INFO  storage.RaftStorageDirectory (RaftStorageDirectory.java:tryLock(328)) - Lock on /workdir/hadoop-ozone/integration-test/target/test-dir/MiniOzoneClusterImpl-210d6028-2152-4683-81ff-347b0d29bb13/datanode-1/data/ratis/c2620bf6-6366-41f1-8e59-40043a23c732/in_use.lock acquired by nodename 16198@pr-hdds-1569-swxfz-3172132826
2019-09-19 14:21:38,894 [pool-38-thread-1] INFO  storage.RaftStorage (RaftStorage.java:format(72)) - Storage directory /workdir/hadoop-ozone/integration-test/target/test-dir/MiniOzoneClusterImpl-210d6028-2152-4683-81ff-347b0d29bb13/datanode-1/data/ratis/c2620bf6-6366-41f1-8e59-40043a23c732 has been successfully formatted.
2019-09-19 14:21:38,895 [pool-38-thread-1] INFO  ratis.ContainerStateMachine (ContainerStateMachine.java:loadSnapshot(226)) - group-40043A23C732: The snapshot info is null. Setting the last applied indexto:(t:0, i:~)
2019-09-19 14:21:38,895 [pool-38-thread-1] INFO  server.RaftServerConfigKeys (ConfUtils.java:logGet(43)) - raft.server.leader.election.timeout = 120s (custom)
2019-09-19 14:21:38,895 [pool-38-thread-1] INFO  server.RaftServerConfigKeys (ConfUtils.java:logGet(43)) - raft.server.log.use.memory = false (default)
2019-09-19 14:21:38,895 [pool-38-thread-1] INFO  server.RaftServerConfigKeys (ConfUtils.java:logGet(43)) - raft.server.log.purge.gap = 1000000 (custom)
2019-09-19 14:21:38,895 [pool-38-thread-1] INFO  server.RaftServerConfigKeys (ConfUtils.java:logGet(43)) - raft.server.log.appender.buffer.byte-limit = 33554432 (custom)
2019-09-19 14:21:38,895 [pool-38-thread-1] INFO  server.RaftServerConfigKeys (ConfUtils.java:logGet(43)) - raft.server.log.segment.size.max = 1048576 (custom)
2019-09-19 14:21:38,896 [pool-38-thread-1] INFO  server.RaftServerConfigKeys (ConfUtils.java:logGet(43)) - raft.server.log.segment.cache.num.max = 2 (custom)
2019-09-19 14:21:38,896 [pool-38-thread-1] INFO  segmented.SegmentedRaftLogWorker (SegmentedRaftLogWorker.java:<init>(172)) - new 5dfaa0ea-416a-422c-a75d-43311aceb00a-SegmentedRaftLogWorker:Storage Directory /workdir/hadoop-ozone/integration-test/target/test-dir/MiniOzoneClusterImpl-210d6028-2152-4683-81ff-347b0d29bb13/datanode-1/data/ratis/c2620bf6-6366-41f1-8e59-40043a23c732 for RaftStorage:Storage Directory /workdir/hadoop-ozone/integration-test/target/test-dir/MiniOzoneClusterImpl-210d6028-2152-4683-81ff-347b0d29bb13/datanode-1/data/ratis/c2620bf6-6366-41f1-8e59-40043a23c732
2019-09-19 14:21:38,896 [pool-38-thread-1] INFO  server.RaftServerConfigKeys (ConfUtils.java:logGet(43)) - raft.server.log.queue.byte-limit = 2147483647 (custom)
2019-09-19 14:21:38,896 [pool-38-thread-1] INFO  server.RaftServerConfigKeys (ConfUtils.java:logGet(43)) - raft.server.log.queue.element-limit = 1024 (custom)
2019-09-19 14:21:38,896 [pool-38-thread-1] INFO  server.RaftServerConfigKeys (ConfUtils.java:logGet(43)) - raft.server.log.segment.size.max = 1048576 (custom)
2019-09-19 14:21:38,897 [pool-38-thread-1] INFO  server.RaftServerConfigKeys (ConfUtils.java:logGet(43)) - raft.server.log.preallocated.size = 16384 (custom)
2019-09-19 14:21:38,897 [pool-38-thread-1] INFO  server.RaftServerConfigKeys (ConfUtils.java:logGet(43)) - raft.server.log.write.buffer.size = 33554432 (custom)
2019-09-19 14:21:38,897 [pool-38-thread-1] INFO  server.RaftServerConfigKeys (ConfUtils.java:logGet(43)) - raft.server.log.force.sync.num = 128 (default)
2019-09-19 14:21:38,897 [pool-38-thread-1] INFO  server.RaftServerConfigKeys (ConfUtils.java:logGet(43)) - raft.server.log.statemachine.data.sync = true (default)
2019-09-19 14:21:38,897 [pool-38-thread-1] INFO  server.RaftServerConfigKeys (ConfUtils.java:logGet(43)) - raft.server.log.statemachine.data.sync.timeout = 10s (default)
2019-09-19 14:21:38,897 [pool-38-thread-1] INFO  server.RaftServerConfigKeys (ConfUtils.java:logGet(43)) - raft.server.log.statemachine.data.sync.timeout.retry = -1 (default)
2019-09-19 14:21:38,897 [pool-38-thread-1] INFO  server.RaftServerConfigKeys (ConfUtils.java:logGet(43)) - raft.server.log.statemachine.data.caching.enabled = true (custom)
2019-09-19 14:21:38,898 [pool-38-thread-1] INFO  segmented.SegmentedRaftLogWorker (SegmentedRaftLogWorker.java:lambda$new$0(132)) - 5dfaa0ea-416a-422c-a75d-43311aceb00a-SegmentedRaftLogWorker:Storage Directory /workdir/hadoop-ozone/integration-test/target/test-dir/MiniOzoneClusterImpl-210d6028-2152-4683-81ff-347b0d29bb13/datanode-1/data/ratis/c2620bf6-6366-41f1-8e59-40043a23c732: flushIndex: setUnconditionally 0 -> -1
2019-09-19 14:21:38,898 [pool-38-thread-1] INFO  server.RaftServerConfigKeys (ConfUtils.java:logGet(43)) - raft.server.snapshot.auto.trigger.enabled = true (custom)
2019-09-19 14:21:38,898 [pool-38-thread-1] INFO  server.RaftServerConfigKeys (ConfUtils.java:logGet(43)) - raft.server.snapshot.auto.trigger.threshold = 10000 (custom)
2019-09-19 14:21:38,898 [pool-38-thread-1] INFO  server.RaftServerConfigKeys (ConfUtils.java:logGet(43)) - raft.server.retrycache.expirytime = 600000ms (custom)
2019-09-19 14:21:38,899 [pool-38-thread-1] INFO  impl.RaftServerImpl (RaftServerImpl.java:start(180)) - 5dfaa0ea-416a-422c-a75d-43311aceb00a: start group-40043A23C732
2019-09-19 14:21:38,899 [pool-38-thread-1] INFO  impl.RaftServerImpl (RaftServerImpl.java:setRole(171)) - 5dfaa0ea-416a-422c-a75d-43311aceb00a:group-40043A23C732 changes role from null to FOLLOWER at term 0 for startAsFollower
2019-09-19 14:21:38,899 [pool-38-thread-1] INFO  impl.RoleInfo (RoleInfo.java:updateAndGet(143)) - 5dfaa0ea-416a-422c-a75d-43311aceb00a: start FollowerState
2019-09-19 14:21:38,899 [pool-38-thread-1] INFO  util.JmxRegister (JmxRegister.java:tryRegister(44)) - Successfully registered JMX Bean with object name Ratis:service=RaftServer,group=group-40043A23C732,id=5dfaa0ea-416a-422c-a75d-43311aceb00a
2019-09-19 14:21:38,902 [RatisPipelineUtilsThread] INFO  pipeline.PipelineStateManager (PipelineStateManager.java:addPipeline(56)) - Created pipeline Pipeline[ Id: c2620bf6-6366-41f1-8e59-40043a23c732, Nodes: 5dfaa0ea-416a-422c-a75d-43311aceb00a{ip: 192.168.157.226, host: pr-hdds-1569-swxfz-3172132826, networkLocation: /default-rack, certSerialId: null}, Type:RATIS, Factor:ONE, State:OPEN]
2019-09-19 14:21:38,906 [grpc-default-executor-2] INFO  impl.RaftServerProxy (RaftServerProxy.java:addNew(89)) - 6403e584-2209-453b-b79e-eeb0a7b58516: addNew group-30BC58179734:[6403e584-2209-453b-b79e-eeb0a7b58516:192.168.157.226:35833] returns group-30BC58179734:java.util.concurrent.CompletableFuture@49ff2f2d[Not completed]
2019-09-19 14:21:38,907 [pool-60-thread-1] INFO  impl.RaftServerImpl (RaftServerImpl.java:<init>(93)) - 6403e584-2209-453b-b79e-eeb0a7b58516: new RaftServerImpl for group-30BC58179734:[6403e584-2209-453b-b79e-eeb0a7b58516:192.168.157.226:35833] with ContainerStateMachine:uninitialized
2019-09-19 14:21:38,907 [pool-60-thread-1] INFO  server.RaftServerConfigKeys (ConfUtils.java:logGet(43)) - raft.server.rpc.timeout.min = 5s (custom)
2019-09-19 14:21:38,907 [pool-60-thread-1] INFO  server.RaftServerConfigKeys (ConfUtils.java:logGet(43)) - raft.server.rpc.timeout.max = 5200ms (custom)
2019-09-19 14:21:38,907 [pool-60-thread-1] INFO  server.RaftServerConfigKeys (ConfUtils.java:logGet(43)) - raft.server.rpcslowness.timeout = 120s (custom)
2019-09-19 14:21:38,907 [pool-60-thread-1] INFO  server.RaftServerConfigKeys (ConfUtils.java:logGet(43)) - raft.server.sleep.deviation.threshold = 300 (default)
2019-09-19 14:21:38,908 [pool-60-thread-1] INFO  server.RaftServerConfigKeys (ConfUtils.java:logGet(43)) - raft.server.log.appender.install.snapshot.enabled = false (custom)
2019-09-19 14:21:38,908 [pool-60-thread-1] INFO  impl.RaftServerImpl (ServerState.java:<init>(105)) - 6403e584-2209-453b-b79e-eeb0a7b58516:group-30BC58179734 ConfigurationManager, init=-1: [6403e584-2209-453b-b79e-eeb0a7b58516:192.168.157.226:35833], old=null, confs=<EMPTY_MAP>
2019-09-19 14:21:38,908 [pool-60-thread-1] INFO  server.RaftServerConfigKeys (ConfUtils.java:logGet(43)) - raft.server.storage.dir = [/workdir/hadoop-ozone/integration-test/target/test-dir/MiniOzoneClusterImpl-210d6028-2152-4683-81ff-347b0d29bb13/datanode-3/data/ratis] (custom)
2019-09-19 14:21:38,908 [pool-60-thread-1] INFO  storage.RaftStorageDirectory (RaftStorageDirectory.java:analyzeStorage(246)) - The storage directory /workdir/hadoop-ozone/integration-test/target/test-dir/MiniOzoneClusterImpl-210d6028-2152-4683-81ff-347b0d29bb13/datanode-3/data/ratis/1cebcf2b-c2a4-4bdc-b72d-30bc58179734 does not exist. Creating ...
2019-09-19 14:21:38,940 [pool-60-thread-1] INFO  storage.RaftStorageDirectory (RaftStorageDirectory.java:tryLock(328)) - Lock on /workdir/hadoop-ozone/integration-test/target/test-dir/MiniOzoneClusterImpl-210d6028-2152-4683-81ff-347b0d29bb13/datanode-3/data/ratis/1cebcf2b-c2a4-4bdc-b72d-30bc58179734/in_use.lock acquired by nodename 16198@pr-hdds-1569-swxfz-3172132826
2019-09-19 14:21:38,954 [pool-60-thread-1] INFO  storage.RaftStorage (RaftStorage.java:format(72)) - Storage directory /workdir/hadoop-ozone/integration-test/target/test-dir/MiniOzoneClusterImpl-210d6028-2152-4683-81ff-347b0d29bb13/datanode-3/data/ratis/1cebcf2b-c2a4-4bdc-b72d-30bc58179734 has been successfully formatted.
2019-09-19 14:21:38,954 [pool-60-thread-1] INFO  ratis.ContainerStateMachine (ContainerStateMachine.java:loadSnapshot(226)) - group-30BC58179734: The snapshot info is null. Setting the last applied indexto:(t:0, i:~)
2019-09-19 14:21:38,954 [pool-60-thread-1] INFO  server.RaftServerConfigKeys (ConfUtils.java:logGet(43)) - raft.server.leader.election.timeout = 120s (custom)
2019-09-19 14:21:38,955 [pool-60-thread-1] INFO  server.RaftServerConfigKeys (ConfUtils.java:logGet(43)) - raft.server.log.use.memory = false (default)
2019-09-19 14:21:38,955 [pool-60-thread-1] INFO  server.RaftServerConfigKeys (ConfUtils.java:logGet(43)) - raft.server.log.purge.gap = 1000000 (custom)
2019-09-19 14:21:38,955 [pool-60-thread-1] INFO  server.RaftServerConfigKeys (ConfUtils.java:logGet(43)) - raft.server.log.appender.buffer.byte-limit = 33554432 (custom)
2019-09-19 14:21:38,955 [pool-60-thread-1] INFO  server.RaftServerConfigKeys (ConfUtils.java:logGet(43)) - raft.server.log.segment.size.max = 1048576 (custom)
2019-09-19 14:21:38,955 [pool-60-thread-1] INFO  server.RaftServerConfigKeys (ConfUtils.java:logGet(43)) - raft.server.log.segment.cache.num.max = 2 (custom)
2019-09-19 14:21:38,955 [pool-60-thread-1] INFO  segmented.SegmentedRaftLogWorker (SegmentedRaftLogWorker.java:<init>(172)) - new 6403e584-2209-453b-b79e-eeb0a7b58516-SegmentedRaftLogWorker:Storage Directory /workdir/hadoop-ozone/integration-test/target/test-dir/MiniOzoneClusterImpl-210d6028-2152-4683-81ff-347b0d29bb13/datanode-3/data/ratis/1cebcf2b-c2a4-4bdc-b72d-30bc58179734 for RaftStorage:Storage Directory /workdir/hadoop-ozone/integration-test/target/test-dir/MiniOzoneClusterImpl-210d6028-2152-4683-81ff-347b0d29bb13/datanode-3/data/ratis/1cebcf2b-c2a4-4bdc-b72d-30bc58179734
2019-09-19 14:21:38,955 [pool-60-thread-1] INFO  server.RaftServerConfigKeys (ConfUtils.java:logGet(43)) - raft.server.log.queue.byte-limit = 2147483647 (custom)
2019-09-19 14:21:38,956 [pool-60-thread-1] INFO  server.RaftServerConfigKeys (ConfUtils.java:logGet(43)) - raft.server.log.queue.element-limit = 1024 (custom)
2019-09-19 14:21:38,956 [pool-60-thread-1] INFO  server.RaftServerConfigKeys (ConfUtils.java:logGet(43)) - raft.server.log.segment.size.max = 1048576 (custom)
2019-09-19 14:21:38,956 [pool-60-thread-1] INFO  server.RaftServerConfigKeys (ConfUtils.java:logGet(43)) - raft.server.log.preallocated.size = 16384 (custom)
2019-09-19 14:21:38,956 [pool-60-thread-1] INFO  server.RaftServerConfigKeys (ConfUtils.java:logGet(43)) - raft.server.log.write.buffer.size = 33554432 (custom)
2019-09-19 14:21:38,956 [pool-60-thread-1] INFO  server.RaftServerConfigKeys (ConfUtils.java:logGet(43)) - raft.server.log.force.sync.num = 128 (default)
2019-09-19 14:21:38,956 [pool-60-thread-1] INFO  server.RaftServerConfigKeys (ConfUtils.java:logGet(43)) - raft.server.log.statemachine.data.sync = true (default)
2019-09-19 14:21:38,956 [pool-60-thread-1] INFO  server.RaftServerConfigKeys (ConfUtils.java:logGet(43)) - raft.server.log.statemachine.data.sync.timeout = 10s (default)
2019-09-19 14:21:38,956 [pool-60-thread-1] INFO  server.RaftServerConfigKeys (ConfUtils.java:logGet(43)) - raft.server.log.statemachine.data.sync.timeout.retry = -1 (default)
2019-09-19 14:21:38,957 [pool-60-thread-1] INFO  server.RaftServerConfigKeys (ConfUtils.java:logGet(43)) - raft.server.log.statemachine.data.caching.enabled = true (custom)
2019-09-19 14:21:38,957 [pool-60-thread-1] INFO  segmented.SegmentedRaftLogWorker (SegmentedRaftLogWorker.java:lambda$new$0(132)) - 6403e584-2209-453b-b79e-eeb0a7b58516-SegmentedRaftLogWorker:Storage Directory /workdir/hadoop-ozone/integration-test/target/test-dir/MiniOzoneClusterImpl-210d6028-2152-4683-81ff-347b0d29bb13/datanode-3/data/ratis/1cebcf2b-c2a4-4bdc-b72d-30bc58179734: flushIndex: setUnconditionally 0 -> -1
2019-09-19 14:21:38,957 [pool-60-thread-1] INFO  server.RaftServerConfigKeys (ConfUtils.java:logGet(43)) - raft.server.snapshot.auto.trigger.enabled = true (custom)
2019-09-19 14:21:38,957 [pool-60-thread-1] INFO  server.RaftServerConfigKeys (ConfUtils.java:logGet(43)) - raft.server.snapshot.auto.trigger.threshold = 10000 (custom)
2019-09-19 14:21:38,958 [pool-60-thread-1] INFO  server.RaftServerConfigKeys (ConfUtils.java:logGet(43)) - raft.server.retrycache.expirytime = 600000ms (custom)
2019-09-19 14:21:38,958 [pool-60-thread-1] INFO  impl.RaftServerImpl (RaftServerImpl.java:start(180)) - 6403e584-2209-453b-b79e-eeb0a7b58516: start group-30BC58179734
2019-09-19 14:21:38,958 [pool-60-thread-1] INFO  impl.RaftServerImpl (RaftServerImpl.java:setRole(171)) - 6403e584-2209-453b-b79e-eeb0a7b58516:group-30BC58179734 changes role from null to FOLLOWER at term 0 for startAsFollower
2019-09-19 14:21:38,958 [pool-60-thread-1] INFO  impl.RoleInfo (RoleInfo.java:updateAndGet(143)) - 6403e584-2209-453b-b79e-eeb0a7b58516: start FollowerState
2019-09-19 14:21:38,958 [pool-60-thread-1] INFO  util.JmxRegister (JmxRegister.java:tryRegister(44)) - Successfully registered JMX Bean with object name Ratis:service=RaftServer,group=group-30BC58179734,id=6403e584-2209-453b-b79e-eeb0a7b58516
2019-09-19 14:21:38,961 [RatisPipelineUtilsThread] INFO  pipeline.PipelineStateManager (PipelineStateManager.java:addPipeline(56)) - Created pipeline Pipeline[ Id: 1cebcf2b-c2a4-4bdc-b72d-30bc58179734, Nodes: 6403e584-2209-453b-b79e-eeb0a7b58516{ip: 192.168.157.226, host: pr-hdds-1569-swxfz-3172132826, networkLocation: /default-rack, certSerialId: null}, Type:RATIS, Factor:ONE, State:OPEN]
2019-09-19 14:21:38,965 [grpc-default-executor-2] INFO  impl.RaftServerProxy (RaftServerProxy.java:addNew(89)) - 85c6a9f3-b9a5-43a5-ac4f-9aa7bd5f2263: addNew group-DFD37F1207A5:[85c6a9f3-b9a5-43a5-ac4f-9aa7bd5f2263:192.168.157.226:45170] returns group-DFD37F1207A5:java.util.concurrent.CompletableFuture@58984685[Not completed]
2019-09-19 14:21:38,966 [pool-27-thread-1] INFO  impl.RaftServerImpl (RaftServerImpl.java:<init>(93)) - 85c6a9f3-b9a5-43a5-ac4f-9aa7bd5f2263: new RaftServerImpl for group-DFD37F1207A5:[85c6a9f3-b9a5-43a5-ac4f-9aa7bd5f2263:192.168.157.226:45170] with ContainerStateMachine:uninitialized
2019-09-19 14:21:38,966 [pool-27-thread-1] INFO  server.RaftServerConfigKeys (ConfUtils.java:logGet(43)) - raft.server.rpc.timeout.min = 5s (custom)
2019-09-19 14:21:38,966 [pool-27-thread-1] INFO  server.RaftServerConfigKeys (ConfUtils.java:logGet(43)) - raft.server.rpc.timeout.max = 5200ms (custom)
2019-09-19 14:21:38,966 [pool-27-thread-1] INFO  server.RaftServerConfigKeys (ConfUtils.java:logGet(43)) - raft.server.rpcslowness.timeout = 120s (custom)
2019-09-19 14:21:38,967 [pool-27-thread-1] INFO  server.RaftServerConfigKeys (ConfUtils.java:logGet(43)) - raft.server.sleep.deviation.threshold = 300 (default)
2019-09-19 14:21:38,967 [pool-27-thread-1] INFO  server.RaftServerConfigKeys (ConfUtils.java:logGet(43)) - raft.server.log.appender.install.snapshot.enabled = false (custom)
2019-09-19 14:21:38,967 [pool-27-thread-1] INFO  impl.RaftServerImpl (ServerState.java:<init>(105)) - 85c6a9f3-b9a5-43a5-ac4f-9aa7bd5f2263:group-DFD37F1207A5 ConfigurationManager, init=-1: [85c6a9f3-b9a5-43a5-ac4f-9aa7bd5f2263:192.168.157.226:45170], old=null, confs=<EMPTY_MAP>
2019-09-19 14:21:38,967 [pool-27-thread-1] INFO  server.RaftServerConfigKeys (ConfUtils.java:logGet(43)) - raft.server.storage.dir = [/workdir/hadoop-ozone/integration-test/target/test-dir/MiniOzoneClusterImpl-210d6028-2152-4683-81ff-347b0d29bb13/datanode-0/data/ratis] (custom)
2019-09-19 14:21:38,967 [pool-27-thread-1] INFO  storage.RaftStorageDirectory (RaftStorageDirectory.java:analyzeStorage(246)) - The storage directory /workdir/hadoop-ozone/integration-test/target/test-dir/MiniOzoneClusterImpl-210d6028-2152-4683-81ff-347b0d29bb13/datanode-0/data/ratis/80d4d314-5083-46a5-a651-dfd37f1207a5 does not exist. Creating ...
2019-09-19 14:21:38,980 [pool-27-thread-1] INFO  storage.RaftStorageDirectory (RaftStorageDirectory.java:tryLock(328)) - Lock on /workdir/hadoop-ozone/integration-test/target/test-dir/MiniOzoneClusterImpl-210d6028-2152-4683-81ff-347b0d29bb13/datanode-0/data/ratis/80d4d314-5083-46a5-a651-dfd37f1207a5/in_use.lock acquired by nodename 16198@pr-hdds-1569-swxfz-3172132826
2019-09-19 14:21:38,993 [pool-27-thread-1] INFO  storage.RaftStorage (RaftStorage.java:format(72)) - Storage directory /workdir/hadoop-ozone/integration-test/target/test-dir/MiniOzoneClusterImpl-210d6028-2152-4683-81ff-347b0d29bb13/datanode-0/data/ratis/80d4d314-5083-46a5-a651-dfd37f1207a5 has been successfully formatted.
2019-09-19 14:21:38,993 [pool-27-thread-1] INFO  ratis.ContainerStateMachine (ContainerStateMachine.java:loadSnapshot(226)) - group-DFD37F1207A5: The snapshot info is null. Setting the last applied indexto:(t:0, i:~)
2019-09-19 14:21:38,993 [pool-27-thread-1] INFO  server.RaftServerConfigKeys (ConfUtils.java:logGet(43)) - raft.server.leader.election.timeout = 120s (custom)
2019-09-19 14:21:38,993 [pool-27-thread-1] INFO  server.RaftServerConfigKeys (ConfUtils.java:logGet(43)) - raft.server.log.use.memory = false (default)
2019-09-19 14:21:38,994 [pool-27-thread-1] INFO  server.RaftServerConfigKeys (ConfUtils.java:logGet(43)) - raft.server.log.purge.gap = 1000000 (custom)
2019-09-19 14:21:38,994 [pool-27-thread-1] INFO  server.RaftServerConfigKeys (ConfUtils.java:logGet(43)) - raft.server.log.appender.buffer.byte-limit = 33554432 (custom)
2019-09-19 14:21:38,994 [pool-27-thread-1] INFO  server.RaftServerConfigKeys (ConfUtils.java:logGet(43)) - raft.server.log.segment.size.max = 1048576 (custom)
2019-09-19 14:21:38,994 [pool-27-thread-1] INFO  server.RaftServerConfigKeys (ConfUtils.java:logGet(43)) - raft.server.log.segment.cache.num.max = 2 (custom)
2019-09-19 14:21:38,994 [pool-27-thread-1] INFO  segmented.SegmentedRaftLogWorker (SegmentedRaftLogWorker.java:<init>(172)) - new 85c6a9f3-b9a5-43a5-ac4f-9aa7bd5f2263-SegmentedRaftLogWorker:Storage Directory /workdir/hadoop-ozone/integration-test/target/test-dir/MiniOzoneClusterImpl-210d6028-2152-4683-81ff-347b0d29bb13/datanode-0/data/ratis/80d4d314-5083-46a5-a651-dfd37f1207a5 for RaftStorage:Storage Directory /workdir/hadoop-ozone/integration-test/target/test-dir/MiniOzoneClusterImpl-210d6028-2152-4683-81ff-347b0d29bb13/datanode-0/data/ratis/80d4d314-5083-46a5-a651-dfd37f1207a5
2019-09-19 14:21:38,994 [pool-27-thread-1] INFO  server.RaftServerConfigKeys (ConfUtils.java:logGet(43)) - raft.server.log.queue.byte-limit = 2147483647 (custom)
2019-09-19 14:21:38,994 [pool-27-thread-1] INFO  server.RaftServerConfigKeys (ConfUtils.java:logGet(43)) - raft.server.log.queue.element-limit = 1024 (custom)
2019-09-19 14:21:38,994 [pool-27-thread-1] INFO  server.RaftServerConfigKeys (ConfUtils.java:logGet(43)) - raft.server.log.segment.size.max = 1048576 (custom)
2019-09-19 14:21:38,994 [pool-27-thread-1] INFO  server.RaftServerConfigKeys (ConfUtils.java:logGet(43)) - raft.server.log.preallocated.size = 16384 (custom)
2019-09-19 14:21:38,995 [pool-27-thread-1] INFO  server.RaftServerConfigKeys (ConfUtils.java:logGet(43)) - raft.server.log.write.buffer.size = 33554432 (custom)
2019-09-19 14:21:38,995 [pool-27-thread-1] INFO  server.RaftServerConfigKeys (ConfUtils.java:logGet(43)) - raft.server.log.force.sync.num = 128 (default)
2019-09-19 14:21:38,995 [pool-27-thread-1] INFO  server.RaftServerConfigKeys (ConfUtils.java:logGet(43)) - raft.server.log.statemachine.data.sync = true (default)
2019-09-19 14:21:38,995 [pool-27-thread-1] INFO  server.RaftServerConfigKeys (ConfUtils.java:logGet(43)) - raft.server.log.statemachine.data.sync.timeout = 10s (default)
2019-09-19 14:21:38,995 [pool-27-thread-1] INFO  server.RaftServerConfigKeys (ConfUtils.java:logGet(43)) - raft.server.log.statemachine.data.sync.timeout.retry = -1 (default)
2019-09-19 14:21:38,995 [pool-27-thread-1] INFO  server.RaftServerConfigKeys (ConfUtils.java:logGet(43)) - raft.server.log.statemachine.data.caching.enabled = true (custom)
2019-09-19 14:21:38,995 [pool-27-thread-1] INFO  segmented.SegmentedRaftLogWorker (SegmentedRaftLogWorker.java:lambda$new$0(132)) - 85c6a9f3-b9a5-43a5-ac4f-9aa7bd5f2263-SegmentedRaftLogWorker:Storage Directory /workdir/hadoop-ozone/integration-test/target/test-dir/MiniOzoneClusterImpl-210d6028-2152-4683-81ff-347b0d29bb13/datanode-0/data/ratis/80d4d314-5083-46a5-a651-dfd37f1207a5: flushIndex: setUnconditionally 0 -> -1
2019-09-19 14:21:38,996 [pool-27-thread-1] INFO  server.RaftServerConfigKeys (ConfUtils.java:logGet(43)) - raft.server.snapshot.auto.trigger.enabled = true (custom)
2019-09-19 14:21:38,996 [pool-27-thread-1] INFO  server.RaftServerConfigKeys (ConfUtils.java:logGet(43)) - raft.server.snapshot.auto.trigger.threshold = 10000 (custom)
2019-09-19 14:21:38,996 [pool-27-thread-1] INFO  server.RaftServerConfigKeys (ConfUtils.java:logGet(43)) - raft.server.retrycache.expirytime = 600000ms (custom)
2019-09-19 14:21:38,996 [pool-27-thread-1] INFO  impl.RaftServerImpl (RaftServerImpl.java:start(180)) - 85c6a9f3-b9a5-43a5-ac4f-9aa7bd5f2263: start group-DFD37F1207A5
2019-09-19 14:21:38,996 [pool-27-thread-1] INFO  impl.RaftServerImpl (RaftServerImpl.java:setRole(171)) - 85c6a9f3-b9a5-43a5-ac4f-9aa7bd5f2263:group-DFD37F1207A5 changes role from null to FOLLOWER at term 0 for startAsFollower
2019-09-19 14:21:38,996 [pool-27-thread-1] INFO  impl.RoleInfo (RoleInfo.java:updateAndGet(143)) - 85c6a9f3-b9a5-43a5-ac4f-9aa7bd5f2263: start FollowerState
2019-09-19 14:21:38,997 [pool-27-thread-1] INFO  util.JmxRegister (JmxRegister.java:tryRegister(44)) - Successfully registered JMX Bean with object name Ratis:service=RaftServer,group=group-DFD37F1207A5,id=85c6a9f3-b9a5-43a5-ac4f-9aa7bd5f2263
2019-09-19 14:21:38,999 [RatisPipelineUtilsThread] INFO  pipeline.PipelineStateManager (PipelineStateManager.java:addPipeline(56)) - Created pipeline Pipeline[ Id: 80d4d314-5083-46a5-a651-dfd37f1207a5, Nodes: 85c6a9f3-b9a5-43a5-ac4f-9aa7bd5f2263{ip: 192.168.157.226, host: pr-hdds-1569-swxfz-3172132826, networkLocation: /default-rack, certSerialId: null}, Type:RATIS, Factor:ONE, State:OPEN]
2019-09-19 14:21:39,003 [grpc-default-executor-2] INFO  impl.RaftServerProxy (RaftServerProxy.java:addNew(89)) - 6403e584-2209-453b-b79e-eeb0a7b58516: addNew group-1F9E99136BC1:[6403e584-2209-453b-b79e-eeb0a7b58516:192.168.157.226:35833] returns group-1F9E99136BC1:java.util.concurrent.CompletableFuture@7481fbc4[Not completed]
2019-09-19 14:21:39,004 [pool-60-thread-1] INFO  impl.RaftServerImpl (RaftServerImpl.java:<init>(93)) - 6403e584-2209-453b-b79e-eeb0a7b58516: new RaftServerImpl for group-1F9E99136BC1:[6403e584-2209-453b-b79e-eeb0a7b58516:192.168.157.226:35833] with ContainerStateMachine:uninitialized
2019-09-19 14:21:39,004 [pool-60-thread-1] INFO  server.RaftServerConfigKeys (ConfUtils.java:logGet(43)) - raft.server.rpc.timeout.min = 5s (custom)
2019-09-19 14:21:39,005 [pool-60-thread-1] INFO  server.RaftServerConfigKeys (ConfUtils.java:logGet(43)) - raft.server.rpc.timeout.max = 5200ms (custom)
2019-09-19 14:21:39,005 [pool-60-thread-1] INFO  server.RaftServerConfigKeys (ConfUtils.java:logGet(43)) - raft.server.rpcslowness.timeout = 120s (custom)
2019-09-19 14:21:39,005 [pool-60-thread-1] INFO  server.RaftServerConfigKeys (ConfUtils.java:logGet(43)) - raft.server.sleep.deviation.threshold = 300 (default)
2019-09-19 14:21:39,005 [pool-60-thread-1] INFO  server.RaftServerConfigKeys (ConfUtils.java:logGet(43)) - raft.server.log.appender.install.snapshot.enabled = false (custom)
2019-09-19 14:21:39,005 [pool-60-thread-1] INFO  impl.RaftServerImpl (ServerState.java:<init>(105)) - 6403e584-2209-453b-b79e-eeb0a7b58516:group-1F9E99136BC1 ConfigurationManager, init=-1: [6403e584-2209-453b-b79e-eeb0a7b58516:192.168.157.226:35833], old=null, confs=<EMPTY_MAP>
2019-09-19 14:21:39,005 [pool-60-thread-1] INFO  server.RaftServerConfigKeys (ConfUtils.java:logGet(43)) - raft.server.storage.dir = [/workdir/hadoop-ozone/integration-test/target/test-dir/MiniOzoneClusterImpl-210d6028-2152-4683-81ff-347b0d29bb13/datanode-3/data/ratis] (custom)
2019-09-19 14:21:39,005 [pool-60-thread-1] INFO  storage.RaftStorageDirectory (RaftStorageDirectory.java:analyzeStorage(246)) - The storage directory /workdir/hadoop-ozone/integration-test/target/test-dir/MiniOzoneClusterImpl-210d6028-2152-4683-81ff-347b0d29bb13/datanode-3/data/ratis/61015394-270a-4289-a20e-1f9e99136bc1 does not exist. Creating ...
2019-09-19 14:21:39,018 [pool-60-thread-1] INFO  storage.RaftStorageDirectory (RaftStorageDirectory.java:tryLock(328)) - Lock on /workdir/hadoop-ozone/integration-test/target/test-dir/MiniOzoneClusterImpl-210d6028-2152-4683-81ff-347b0d29bb13/datanode-3/data/ratis/61015394-270a-4289-a20e-1f9e99136bc1/in_use.lock acquired by nodename 16198@pr-hdds-1569-swxfz-3172132826
2019-09-19 14:21:39,031 [pool-60-thread-1] INFO  storage.RaftStorage (RaftStorage.java:format(72)) - Storage directory /workdir/hadoop-ozone/integration-test/target/test-dir/MiniOzoneClusterImpl-210d6028-2152-4683-81ff-347b0d29bb13/datanode-3/data/ratis/61015394-270a-4289-a20e-1f9e99136bc1 has been successfully formatted.
2019-09-19 14:21:39,032 [pool-60-thread-1] INFO  ratis.ContainerStateMachine (ContainerStateMachine.java:loadSnapshot(226)) - group-1F9E99136BC1: The snapshot info is null. Setting the last applied indexto:(t:0, i:~)
2019-09-19 14:21:39,032 [pool-60-thread-1] INFO  server.RaftServerConfigKeys (ConfUtils.java:logGet(43)) - raft.server.leader.election.timeout = 120s (custom)
2019-09-19 14:21:39,032 [pool-60-thread-1] INFO  server.RaftServerConfigKeys (ConfUtils.java:logGet(43)) - raft.server.log.use.memory = false (default)
2019-09-19 14:21:39,032 [pool-60-thread-1] INFO  server.RaftServerConfigKeys (ConfUtils.java:logGet(43)) - raft.server.log.purge.gap = 1000000 (custom)
2019-09-19 14:21:39,032 [pool-60-thread-1] INFO  server.RaftServerConfigKeys (ConfUtils.java:logGet(43)) - raft.server.log.appender.buffer.byte-limit = 33554432 (custom)
2019-09-19 14:21:39,032 [pool-60-thread-1] INFO  server.RaftServerConfigKeys (ConfUtils.java:logGet(43)) - raft.server.log.segment.size.max = 1048576 (custom)
2019-09-19 14:21:39,032 [pool-60-thread-1] INFO  server.RaftServerConfigKeys (ConfUtils.java:logGet(43)) - raft.server.log.segment.cache.num.max = 2 (custom)
2019-09-19 14:21:39,033 [pool-60-thread-1] INFO  segmented.SegmentedRaftLogWorker (SegmentedRaftLogWorker.java:<init>(172)) - new 6403e584-2209-453b-b79e-eeb0a7b58516-SegmentedRaftLogWorker:Storage Directory /workdir/hadoop-ozone/integration-test/target/test-dir/MiniOzoneClusterImpl-210d6028-2152-4683-81ff-347b0d29bb13/datanode-3/data/ratis/61015394-270a-4289-a20e-1f9e99136bc1 for RaftStorage:Storage Directory /workdir/hadoop-ozone/integration-test/target/test-dir/MiniOzoneClusterImpl-210d6028-2152-4683-81ff-347b0d29bb13/datanode-3/data/ratis/61015394-270a-4289-a20e-1f9e99136bc1
2019-09-19 14:21:39,033 [pool-60-thread-1] INFO  server.RaftServerConfigKeys (ConfUtils.java:logGet(43)) - raft.server.log.queue.byte-limit = 2147483647 (custom)
2019-09-19 14:21:39,033 [pool-60-thread-1] INFO  server.RaftServerConfigKeys (ConfUtils.java:logGet(43)) - raft.server.log.queue.element-limit = 1024 (custom)
2019-09-19 14:21:39,033 [pool-60-thread-1] INFO  server.RaftServerConfigKeys (ConfUtils.java:logGet(43)) - raft.server.log.segment.size.max = 1048576 (custom)
2019-09-19 14:21:39,033 [pool-60-thread-1] INFO  server.RaftServerConfigKeys (ConfUtils.java:logGet(43)) - raft.server.log.preallocated.size = 16384 (custom)
2019-09-19 14:21:39,033 [pool-60-thread-1] INFO  server.RaftServerConfigKeys (ConfUtils.java:logGet(43)) - raft.server.log.write.buffer.size = 33554432 (custom)
2019-09-19 14:21:39,033 [pool-60-thread-1] INFO  server.RaftServerConfigKeys (ConfUtils.java:logGet(43)) - raft.server.log.force.sync.num = 128 (default)
2019-09-19 14:21:39,033 [pool-60-thread-1] INFO  server.RaftServerConfigKeys (ConfUtils.java:logGet(43)) - raft.server.log.statemachine.data.sync = true (default)
2019-09-19 14:21:39,033 [pool-60-thread-1] INFO  server.RaftServerConfigKeys (ConfUtils.java:logGet(43)) - raft.server.log.statemachine.data.sync.timeout = 10s (default)
2019-09-19 14:21:39,033 [pool-60-thread-1] INFO  server.RaftServerConfigKeys (ConfUtils.java:logGet(43)) - raft.server.log.statemachine.data.sync.timeout.retry = -1 (default)
2019-09-19 14:21:39,034 [pool-60-thread-1] INFO  server.RaftServerConfigKeys (ConfUtils.java:logGet(43)) - raft.server.log.statemachine.data.caching.enabled = true (custom)
2019-09-19 14:21:39,034 [pool-60-thread-1] INFO  segmented.SegmentedRaftLogWorker (SegmentedRaftLogWorker.java:lambda$new$0(132)) - 6403e584-2209-453b-b79e-eeb0a7b58516-SegmentedRaftLogWorker:Storage Directory /workdir/hadoop-ozone/integration-test/target/test-dir/MiniOzoneClusterImpl-210d6028-2152-4683-81ff-347b0d29bb13/datanode-3/data/ratis/61015394-270a-4289-a20e-1f9e99136bc1: flushIndex: setUnconditionally 0 -> -1
2019-09-19 14:21:39,034 [pool-60-thread-1] INFO  server.RaftServerConfigKeys (ConfUtils.java:logGet(43)) - raft.server.snapshot.auto.trigger.enabled = true (custom)
2019-09-19 14:21:39,034 [pool-60-thread-1] INFO  server.RaftServerConfigKeys (ConfUtils.java:logGet(43)) - raft.server.snapshot.auto.trigger.threshold = 10000 (custom)
2019-09-19 14:21:39,035 [pool-60-thread-1] INFO  server.RaftServerConfigKeys (ConfUtils.java:logGet(43)) - raft.server.retrycache.expirytime = 600000ms (custom)
2019-09-19 14:21:39,035 [pool-60-thread-1] INFO  impl.RaftServerImpl (RaftServerImpl.java:start(180)) - 6403e584-2209-453b-b79e-eeb0a7b58516: start group-1F9E99136BC1
2019-09-19 14:21:39,035 [pool-60-thread-1] INFO  impl.RaftServerImpl (RaftServerImpl.java:setRole(171)) - 6403e584-2209-453b-b79e-eeb0a7b58516:group-1F9E99136BC1 changes role from null to FOLLOWER at term 0 for startAsFollower
2019-09-19 14:21:39,035 [pool-60-thread-1] INFO  impl.RoleInfo (RoleInfo.java:updateAndGet(143)) - 6403e584-2209-453b-b79e-eeb0a7b58516: start FollowerState
2019-09-19 14:21:39,035 [pool-60-thread-1] INFO  util.JmxRegister (JmxRegister.java:tryRegister(44)) - Successfully registered JMX Bean with object name Ratis:service=RaftServer,group=group-1F9E99136BC1,id=6403e584-2209-453b-b79e-eeb0a7b58516
2019-09-19 14:21:39,038 [RatisPipelineUtilsThread] INFO  pipeline.PipelineStateManager (PipelineStateManager.java:addPipeline(56)) - Created pipeline Pipeline[ Id: 61015394-270a-4289-a20e-1f9e99136bc1, Nodes: 6403e584-2209-453b-b79e-eeb0a7b58516{ip: 192.168.157.226, host: pr-hdds-1569-swxfz-3172132826, networkLocation: /default-rack, certSerialId: null}, Type:RATIS, Factor:ONE, State:OPEN]
2019-09-19 14:21:39,044 [grpc-default-executor-2] INFO  impl.RaftServerProxy (RaftServerProxy.java:addNew(89)) - 6403e584-2209-453b-b79e-eeb0a7b58516: addNew group-43FD3CF4C782:[6403e584-2209-453b-b79e-eeb0a7b58516:192.168.157.226:35833] returns group-43FD3CF4C782:java.util.concurrent.CompletableFuture@1d34dba1[Not completed]
2019-09-19 14:21:39,045 [pool-60-thread-1] INFO  impl.RaftServerImpl (RaftServerImpl.java:<init>(93)) - 6403e584-2209-453b-b79e-eeb0a7b58516: new RaftServerImpl for group-43FD3CF4C782:[6403e584-2209-453b-b79e-eeb0a7b58516:192.168.157.226:35833] with ContainerStateMachine:uninitialized
2019-09-19 14:21:39,045 [pool-60-thread-1] INFO  server.RaftServerConfigKeys (ConfUtils.java:logGet(43)) - raft.server.rpc.timeout.min = 5s (custom)
2019-09-19 14:21:39,045 [pool-60-thread-1] INFO  server.RaftServerConfigKeys (ConfUtils.java:logGet(43)) - raft.server.rpc.timeout.max = 5200ms (custom)
2019-09-19 14:21:39,045 [pool-60-thread-1] INFO  server.RaftServerConfigKeys (ConfUtils.java:logGet(43)) - raft.server.rpcslowness.timeout = 120s (custom)
2019-09-19 14:21:39,046 [pool-60-thread-1] INFO  server.RaftServerConfigKeys (ConfUtils.java:logGet(43)) - raft.server.sleep.deviation.threshold = 300 (default)
2019-09-19 14:21:39,046 [pool-60-thread-1] INFO  server.RaftServerConfigKeys (ConfUtils.java:logGet(43)) - raft.server.log.appender.install.snapshot.enabled = false (custom)
2019-09-19 14:21:39,046 [pool-60-thread-1] INFO  impl.RaftServerImpl (ServerState.java:<init>(105)) - 6403e584-2209-453b-b79e-eeb0a7b58516:group-43FD3CF4C782 ConfigurationManager, init=-1: [6403e584-2209-453b-b79e-eeb0a7b58516:192.168.157.226:35833], old=null, confs=<EMPTY_MAP>
2019-09-19 14:21:39,046 [pool-60-thread-1] INFO  server.RaftServerConfigKeys (ConfUtils.java:logGet(43)) - raft.server.storage.dir = [/workdir/hadoop-ozone/integration-test/target/test-dir/MiniOzoneClusterImpl-210d6028-2152-4683-81ff-347b0d29bb13/datanode-3/data/ratis] (custom)
2019-09-19 14:21:39,046 [pool-60-thread-1] INFO  storage.RaftStorageDirectory (RaftStorageDirectory.java:analyzeStorage(246)) - The storage directory /workdir/hadoop-ozone/integration-test/target/test-dir/MiniOzoneClusterImpl-210d6028-2152-4683-81ff-347b0d29bb13/datanode-3/data/ratis/ab079ae7-12c5-4fd2-aae7-43fd3cf4c782 does not exist. Creating ...
2019-09-19 14:21:39,059 [pool-60-thread-1] INFO  storage.RaftStorageDirectory (RaftStorageDirectory.java:tryLock(328)) - Lock on /workdir/hadoop-ozone/integration-test/target/test-dir/MiniOzoneClusterImpl-210d6028-2152-4683-81ff-347b0d29bb13/datanode-3/data/ratis/ab079ae7-12c5-4fd2-aae7-43fd3cf4c782/in_use.lock acquired by nodename 16198@pr-hdds-1569-swxfz-3172132826
2019-09-19 14:21:39,072 [pool-60-thread-1] INFO  storage.RaftStorage (RaftStorage.java:format(72)) - Storage directory /workdir/hadoop-ozone/integration-test/target/test-dir/MiniOzoneClusterImpl-210d6028-2152-4683-81ff-347b0d29bb13/datanode-3/data/ratis/ab079ae7-12c5-4fd2-aae7-43fd3cf4c782 has been successfully formatted.
2019-09-19 14:21:39,072 [pool-60-thread-1] INFO  ratis.ContainerStateMachine (ContainerStateMachine.java:loadSnapshot(226)) - group-43FD3CF4C782: The snapshot info is null. Setting the last applied indexto:(t:0, i:~)
2019-09-19 14:21:39,072 [pool-60-thread-1] INFO  server.RaftServerConfigKeys (ConfUtils.java:logGet(43)) - raft.server.leader.election.timeout = 120s (custom)
2019-09-19 14:21:39,072 [pool-60-thread-1] INFO  server.RaftServerConfigKeys (ConfUtils.java:logGet(43)) - raft.server.log.use.memory = false (default)
2019-09-19 14:21:39,072 [pool-60-thread-1] INFO  server.RaftServerConfigKeys (ConfUtils.java:logGet(43)) - raft.server.log.purge.gap = 1000000 (custom)
2019-09-19 14:21:39,073 [pool-60-thread-1] INFO  server.RaftServerConfigKeys (ConfUtils.java:logGet(43)) - raft.server.log.appender.buffer.byte-limit = 33554432 (custom)
2019-09-19 14:21:39,073 [pool-60-thread-1] INFO  server.RaftServerConfigKeys (ConfUtils.java:logGet(43)) - raft.server.log.segment.size.max = 1048576 (custom)
2019-09-19 14:21:39,073 [pool-60-thread-1] INFO  server.RaftServerConfigKeys (ConfUtils.java:logGet(43)) - raft.server.log.segment.cache.num.max = 2 (custom)
2019-09-19 14:21:39,073 [pool-60-thread-1] INFO  segmented.SegmentedRaftLogWorker (SegmentedRaftLogWorker.java:<init>(172)) - new 6403e584-2209-453b-b79e-eeb0a7b58516-SegmentedRaftLogWorker:Storage Directory /workdir/hadoop-ozone/integration-test/target/test-dir/MiniOzoneClusterImpl-210d6028-2152-4683-81ff-347b0d29bb13/datanode-3/data/ratis/ab079ae7-12c5-4fd2-aae7-43fd3cf4c782 for RaftStorage:Storage Directory /workdir/hadoop-ozone/integration-test/target/test-dir/MiniOzoneClusterImpl-210d6028-2152-4683-81ff-347b0d29bb13/datanode-3/data/ratis/ab079ae7-12c5-4fd2-aae7-43fd3cf4c782
2019-09-19 14:21:39,073 [pool-60-thread-1] INFO  server.RaftServerConfigKeys (ConfUtils.java:logGet(43)) - raft.server.log.queue.byte-limit = 2147483647 (custom)
2019-09-19 14:21:39,073 [pool-60-thread-1] INFO  server.RaftServerConfigKeys (ConfUtils.java:logGet(43)) - raft.server.log.queue.element-limit = 1024 (custom)
2019-09-19 14:21:39,073 [pool-60-thread-1] INFO  server.RaftServerConfigKeys (ConfUtils.java:logGet(43)) - raft.server.log.segment.size.max = 1048576 (custom)
2019-09-19 14:21:39,073 [pool-60-thread-1] INFO  server.RaftServerConfigKeys (ConfUtils.java:logGet(43)) - raft.server.log.preallocated.size = 16384 (custom)
2019-09-19 14:21:39,073 [pool-60-thread-1] INFO  server.RaftServerConfigKeys (ConfUtils.java:logGet(43)) - raft.server.log.write.buffer.size = 33554432 (custom)
2019-09-19 14:21:39,074 [pool-60-thread-1] INFO  server.RaftServerConfigKeys (ConfUtils.java:logGet(43)) - raft.server.log.force.sync.num = 128 (default)
2019-09-19 14:21:39,074 [pool-60-thread-1] INFO  server.RaftServerConfigKeys (ConfUtils.java:logGet(43)) - raft.server.log.statemachine.data.sync = true (default)
2019-09-19 14:21:39,074 [pool-60-thread-1] INFO  server.RaftServerConfigKeys (ConfUtils.java:logGet(43)) - raft.server.log.statemachine.data.sync.timeout = 10s (default)
2019-09-19 14:21:39,074 [pool-60-thread-1] INFO  server.RaftServerConfigKeys (ConfUtils.java:logGet(43)) - raft.server.log.statemachine.data.sync.timeout.retry = -1 (default)
2019-09-19 14:21:39,074 [pool-60-thread-1] INFO  server.RaftServerConfigKeys (ConfUtils.java:logGet(43)) - raft.server.log.statemachine.data.caching.enabled = true (custom)
2019-09-19 14:21:39,074 [pool-60-thread-1] INFO  segmented.SegmentedRaftLogWorker (SegmentedRaftLogWorker.java:lambda$new$0(132)) - 6403e584-2209-453b-b79e-eeb0a7b58516-SegmentedRaftLogWorker:Storage Directory /workdir/hadoop-ozone/integration-test/target/test-dir/MiniOzoneClusterImpl-210d6028-2152-4683-81ff-347b0d29bb13/datanode-3/data/ratis/ab079ae7-12c5-4fd2-aae7-43fd3cf4c782: flushIndex: setUnconditionally 0 -> -1
2019-09-19 14:21:39,074 [pool-60-thread-1] INFO  server.RaftServerConfigKeys (ConfUtils.java:logGet(43)) - raft.server.snapshot.auto.trigger.enabled = true (custom)
2019-09-19 14:21:39,075 [pool-60-thread-1] INFO  server.RaftServerConfigKeys (ConfUtils.java:logGet(43)) - raft.server.snapshot.auto.trigger.threshold = 10000 (custom)
2019-09-19 14:21:39,075 [pool-60-thread-1] INFO  server.RaftServerConfigKeys (ConfUtils.java:logGet(43)) - raft.server.retrycache.expirytime = 600000ms (custom)
2019-09-19 14:21:39,075 [pool-60-thread-1] INFO  impl.RaftServerImpl (RaftServerImpl.java:start(180)) - 6403e584-2209-453b-b79e-eeb0a7b58516: start group-43FD3CF4C782
2019-09-19 14:21:39,075 [pool-60-thread-1] INFO  impl.RaftServerImpl (RaftServerImpl.java:setRole(171)) - 6403e584-2209-453b-b79e-eeb0a7b58516:group-43FD3CF4C782 changes role from null to FOLLOWER at term 0 for startAsFollower
2019-09-19 14:21:39,075 [pool-60-thread-1] INFO  impl.RoleInfo (RoleInfo.java:updateAndGet(143)) - 6403e584-2209-453b-b79e-eeb0a7b58516: start FollowerState
2019-09-19 14:21:39,075 [pool-60-thread-1] INFO  util.JmxRegister (JmxRegister.java:tryRegister(44)) - Successfully registered JMX Bean with object name Ratis:service=RaftServer,group=group-43FD3CF4C782,id=6403e584-2209-453b-b79e-eeb0a7b58516
2019-09-19 14:21:39,078 [RatisPipelineUtilsThread] INFO  pipeline.PipelineStateManager (PipelineStateManager.java:addPipeline(56)) - Created pipeline Pipeline[ Id: ab079ae7-12c5-4fd2-aae7-43fd3cf4c782, Nodes: 6403e584-2209-453b-b79e-eeb0a7b58516{ip: 192.168.157.226, host: pr-hdds-1569-swxfz-3172132826, networkLocation: /default-rack, certSerialId: null}, Type:RATIS, Factor:ONE, State:OPEN]
2019-09-19 14:21:39,083 [grpc-default-executor-2] INFO  impl.RaftServerProxy (RaftServerProxy.java:addNew(89)) - 5dfaa0ea-416a-422c-a75d-43311aceb00a: addNew group-E527839BF39B:[5dfaa0ea-416a-422c-a75d-43311aceb00a:192.168.157.226:45629] returns group-E527839BF39B:java.util.concurrent.CompletableFuture@1b4b944f[Not completed]
2019-09-19 14:21:39,085 [pool-38-thread-1] INFO  impl.RaftServerImpl (RaftServerImpl.java:<init>(93)) - 5dfaa0ea-416a-422c-a75d-43311aceb00a: new RaftServerImpl for group-E527839BF39B:[5dfaa0ea-416a-422c-a75d-43311aceb00a:192.168.157.226:45629] with ContainerStateMachine:uninitialized
2019-09-19 14:21:39,085 [pool-38-thread-1] INFO  server.RaftServerConfigKeys (ConfUtils.java:logGet(43)) - raft.server.rpc.timeout.min = 5s (custom)
2019-09-19 14:21:39,085 [pool-38-thread-1] INFO  server.RaftServerConfigKeys (ConfUtils.java:logGet(43)) - raft.server.rpc.timeout.max = 5200ms (custom)
2019-09-19 14:21:39,085 [pool-38-thread-1] INFO  server.RaftServerConfigKeys (ConfUtils.java:logGet(43)) - raft.server.rpcslowness.timeout = 120s (custom)
2019-09-19 14:21:39,086 [pool-38-thread-1] INFO  server.RaftServerConfigKeys (ConfUtils.java:logGet(43)) - raft.server.sleep.deviation.threshold = 300 (default)
2019-09-19 14:21:39,086 [pool-38-thread-1] INFO  server.RaftServerConfigKeys (ConfUtils.java:logGet(43)) - raft.server.log.appender.install.snapshot.enabled = false (custom)
2019-09-19 14:21:39,086 [pool-38-thread-1] INFO  impl.RaftServerImpl (ServerState.java:<init>(105)) - 5dfaa0ea-416a-422c-a75d-43311aceb00a:group-E527839BF39B ConfigurationManager, init=-1: [5dfaa0ea-416a-422c-a75d-43311aceb00a:192.168.157.226:45629], old=null, confs=<EMPTY_MAP>
2019-09-19 14:21:39,086 [pool-38-thread-1] INFO  server.RaftServerConfigKeys (ConfUtils.java:logGet(43)) - raft.server.storage.dir = [/workdir/hadoop-ozone/integration-test/target/test-dir/MiniOzoneClusterImpl-210d6028-2152-4683-81ff-347b0d29bb13/datanode-1/data/ratis] (custom)
2019-09-19 14:21:39,087 [pool-38-thread-1] INFO  storage.RaftStorageDirectory (RaftStorageDirectory.java:analyzeStorage(246)) - The storage directory /workdir/hadoop-ozone/integration-test/target/test-dir/MiniOzoneClusterImpl-210d6028-2152-4683-81ff-347b0d29bb13/datanode-1/data/ratis/bf839dd8-5f81-4c92-ad09-e527839bf39b does not exist. Creating ...
2019-09-19 14:21:39,100 [pool-38-thread-1] INFO  storage.RaftStorageDirectory (RaftStorageDirectory.java:tryLock(328)) - Lock on /workdir/hadoop-ozone/integration-test/target/test-dir/MiniOzoneClusterImpl-210d6028-2152-4683-81ff-347b0d29bb13/datanode-1/data/ratis/bf839dd8-5f81-4c92-ad09-e527839bf39b/in_use.lock acquired by nodename 16198@pr-hdds-1569-swxfz-3172132826
2019-09-19 14:21:39,113 [pool-38-thread-1] INFO  storage.RaftStorage (RaftStorage.java:format(72)) - Storage directory /workdir/hadoop-ozone/integration-test/target/test-dir/MiniOzoneClusterImpl-210d6028-2152-4683-81ff-347b0d29bb13/datanode-1/data/ratis/bf839dd8-5f81-4c92-ad09-e527839bf39b has been successfully formatted.
2019-09-19 14:21:39,113 [pool-38-thread-1] INFO  ratis.ContainerStateMachine (ContainerStateMachine.java:loadSnapshot(226)) - group-E527839BF39B: The snapshot info is null. Setting the last applied indexto:(t:0, i:~)
2019-09-19 14:21:39,113 [pool-38-thread-1] INFO  server.RaftServerConfigKeys (ConfUtils.java:logGet(43)) - raft.server.leader.election.timeout = 120s (custom)
2019-09-19 14:21:39,113 [pool-38-thread-1] INFO  server.RaftServerConfigKeys (ConfUtils.java:logGet(43)) - raft.server.log.use.memory = false (default)
2019-09-19 14:21:39,113 [pool-38-thread-1] INFO  server.RaftServerConfigKeys (ConfUtils.java:logGet(43)) - raft.server.log.purge.gap = 1000000 (custom)
2019-09-19 14:21:39,114 [pool-38-thread-1] INFO  server.RaftServerConfigKeys (ConfUtils.java:logGet(43)) - raft.server.log.appender.buffer.byte-limit = 33554432 (custom)
2019-09-19 14:21:39,114 [pool-38-thread-1] INFO  server.RaftServerConfigKeys (ConfUtils.java:logGet(43)) - raft.server.log.segment.size.max = 1048576 (custom)
2019-09-19 14:21:39,114 [pool-38-thread-1] INFO  server.RaftServerConfigKeys (ConfUtils.java:logGet(43)) - raft.server.log.segment.cache.num.max = 2 (custom)
2019-09-19 14:21:39,114 [pool-38-thread-1] INFO  segmented.SegmentedRaftLogWorker (SegmentedRaftLogWorker.java:<init>(172)) - new 5dfaa0ea-416a-422c-a75d-43311aceb00a-SegmentedRaftLogWorker:Storage Directory /workdir/hadoop-ozone/integration-test/target/test-dir/MiniOzoneClusterImpl-210d6028-2152-4683-81ff-347b0d29bb13/datanode-1/data/ratis/bf839dd8-5f81-4c92-ad09-e527839bf39b for RaftStorage:Storage Directory /workdir/hadoop-ozone/integration-test/target/test-dir/MiniOzoneClusterImpl-210d6028-2152-4683-81ff-347b0d29bb13/datanode-1/data/ratis/bf839dd8-5f81-4c92-ad09-e527839bf39b
2019-09-19 14:21:39,114 [pool-38-thread-1] INFO  server.RaftServerConfigKeys (ConfUtils.java:logGet(43)) - raft.server.log.queue.byte-limit = 2147483647 (custom)
2019-09-19 14:21:39,114 [pool-38-thread-1] INFO  server.RaftServerConfigKeys (ConfUtils.java:logGet(43)) - raft.server.log.queue.element-limit = 1024 (custom)
2019-09-19 14:21:39,114 [pool-38-thread-1] INFO  server.RaftServerConfigKeys (ConfUtils.java:logGet(43)) - raft.server.log.segment.size.max = 1048576 (custom)
2019-09-19 14:21:39,114 [pool-38-thread-1] INFO  server.RaftServerConfigKeys (ConfUtils.java:logGet(43)) - raft.server.log.preallocated.size = 16384 (custom)
2019-09-19 14:21:39,114 [pool-38-thread-1] INFO  server.RaftServerConfigKeys (ConfUtils.java:logGet(43)) - raft.server.log.write.buffer.size = 33554432 (custom)
2019-09-19 14:21:39,114 [pool-38-thread-1] INFO  server.RaftServerConfigKeys (ConfUtils.java:logGet(43)) - raft.server.log.force.sync.num = 128 (default)
2019-09-19 14:21:39,115 [pool-38-thread-1] INFO  server.RaftServerConfigKeys (ConfUtils.java:logGet(43)) - raft.server.log.statemachine.data.sync = true (default)
2019-09-19 14:21:39,115 [pool-38-thread-1] INFO  server.RaftServerConfigKeys (ConfUtils.java:logGet(43)) - raft.server.log.statemachine.data.sync.timeout = 10s (default)
2019-09-19 14:21:39,115 [pool-38-thread-1] INFO  server.RaftServerConfigKeys (ConfUtils.java:logGet(43)) - raft.server.log.statemachine.data.sync.timeout.retry = -1 (default)
2019-09-19 14:21:39,115 [pool-38-thread-1] INFO  server.RaftServerConfigKeys (ConfUtils.java:logGet(43)) - raft.server.log.statemachine.data.caching.enabled = true (custom)
2019-09-19 14:21:39,115 [pool-38-thread-1] INFO  segmented.SegmentedRaftLogWorker (SegmentedRaftLogWorker.java:lambda$new$0(132)) - 5dfaa0ea-416a-422c-a75d-43311aceb00a-SegmentedRaftLogWorker:Storage Directory /workdir/hadoop-ozone/integration-test/target/test-dir/MiniOzoneClusterImpl-210d6028-2152-4683-81ff-347b0d29bb13/datanode-1/data/ratis/bf839dd8-5f81-4c92-ad09-e527839bf39b: flushIndex: setUnconditionally 0 -> -1
2019-09-19 14:21:39,115 [pool-38-thread-1] INFO  server.RaftServerConfigKeys (ConfUtils.java:logGet(43)) - raft.server.snapshot.auto.trigger.enabled = true (custom)
2019-09-19 14:21:39,115 [pool-38-thread-1] INFO  server.RaftServerConfigKeys (ConfUtils.java:logGet(43)) - raft.server.snapshot.auto.trigger.threshold = 10000 (custom)
2019-09-19 14:21:39,116 [pool-38-thread-1] INFO  server.RaftServerConfigKeys (ConfUtils.java:logGet(43)) - raft.server.retrycache.expirytime = 600000ms (custom)
2019-09-19 14:21:39,116 [pool-38-thread-1] INFO  impl.RaftServerImpl (RaftServerImpl.java:start(180)) - 5dfaa0ea-416a-422c-a75d-43311aceb00a: start group-E527839BF39B
2019-09-19 14:21:39,116 [pool-38-thread-1] INFO  impl.RaftServerImpl (RaftServerImpl.java:setRole(171)) - 5dfaa0ea-416a-422c-a75d-43311aceb00a:group-E527839BF39B changes role from null to FOLLOWER at term 0 for startAsFollower
2019-09-19 14:21:39,116 [pool-38-thread-1] INFO  impl.RoleInfo (RoleInfo.java:updateAndGet(143)) - 5dfaa0ea-416a-422c-a75d-43311aceb00a: start FollowerState
2019-09-19 14:21:39,116 [pool-38-thread-1] INFO  util.JmxRegister (JmxRegister.java:tryRegister(44)) - Successfully registered JMX Bean with object name Ratis:service=RaftServer,group=group-E527839BF39B,id=5dfaa0ea-416a-422c-a75d-43311aceb00a
2019-09-19 14:21:39,118 [RatisPipelineUtilsThread] INFO  pipeline.PipelineStateManager (PipelineStateManager.java:addPipeline(56)) - Created pipeline Pipeline[ Id: bf839dd8-5f81-4c92-ad09-e527839bf39b, Nodes: 5dfaa0ea-416a-422c-a75d-43311aceb00a{ip: 192.168.157.226, host: pr-hdds-1569-swxfz-3172132826, networkLocation: /default-rack, certSerialId: null}, Type:RATIS, Factor:ONE, State:OPEN]
2019-09-19 14:21:39,123 [grpc-default-executor-2] INFO  impl.RaftServerProxy (RaftServerProxy.java:addNew(89)) - 1190b9a7-12b1-4c15-b33e-f7d0a0cd436c: addNew group-CB3D96F0AD97:[1190b9a7-12b1-4c15-b33e-f7d0a0cd436c:192.168.157.226:34463] returns group-CB3D96F0AD97:java.util.concurrent.CompletableFuture@37412a25[Not completed]
2019-09-19 14:21:39,124 [pool-71-thread-1] INFO  impl.RaftServerImpl (RaftServerImpl.java:<init>(93)) - 1190b9a7-12b1-4c15-b33e-f7d0a0cd436c: new RaftServerImpl for group-CB3D96F0AD97:[1190b9a7-12b1-4c15-b33e-f7d0a0cd436c:192.168.157.226:34463] with ContainerStateMachine:uninitialized
2019-09-19 14:21:39,124 [pool-71-thread-1] INFO  server.RaftServerConfigKeys (ConfUtils.java:logGet(43)) - raft.server.rpc.timeout.min = 5s (custom)
2019-09-19 14:21:39,124 [pool-71-thread-1] INFO  server.RaftServerConfigKeys (ConfUtils.java:logGet(43)) - raft.server.rpc.timeout.max = 5200ms (custom)
2019-09-19 14:21:39,124 [pool-71-thread-1] INFO  server.RaftServerConfigKeys (ConfUtils.java:logGet(43)) - raft.server.rpcslowness.timeout = 120s (custom)
2019-09-19 14:21:39,124 [pool-71-thread-1] INFO  server.RaftServerConfigKeys (ConfUtils.java:logGet(43)) - raft.server.sleep.deviation.threshold = 300 (default)
2019-09-19 14:21:39,124 [pool-71-thread-1] INFO  server.RaftServerConfigKeys (ConfUtils.java:logGet(43)) - raft.server.log.appender.install.snapshot.enabled = false (custom)
2019-09-19 14:21:39,124 [pool-71-thread-1] INFO  impl.RaftServerImpl (ServerState.java:<init>(105)) - 1190b9a7-12b1-4c15-b33e-f7d0a0cd436c:group-CB3D96F0AD97 ConfigurationManager, init=-1: [1190b9a7-12b1-4c15-b33e-f7d0a0cd436c:192.168.157.226:34463], old=null, confs=<EMPTY_MAP>
2019-09-19 14:21:39,124 [pool-71-thread-1] INFO  server.RaftServerConfigKeys (ConfUtils.java:logGet(43)) - raft.server.storage.dir = [/workdir/hadoop-ozone/integration-test/target/test-dir/MiniOzoneClusterImpl-210d6028-2152-4683-81ff-347b0d29bb13/datanode-4/data/ratis] (custom)
2019-09-19 14:21:39,125 [pool-71-thread-1] INFO  storage.RaftStorageDirectory (RaftStorageDirectory.java:analyzeStorage(246)) - The storage directory /workdir/hadoop-ozone/integration-test/target/test-dir/MiniOzoneClusterImpl-210d6028-2152-4683-81ff-347b0d29bb13/datanode-4/data/ratis/3fa0b3b8-7919-4878-a5d9-cb3d96f0ad97 does not exist. Creating ...
2019-09-19 14:21:39,138 [pool-71-thread-1] INFO  storage.RaftStorageDirectory (RaftStorageDirectory.java:tryLock(328)) - Lock on /workdir/hadoop-ozone/integration-test/target/test-dir/MiniOzoneClusterImpl-210d6028-2152-4683-81ff-347b0d29bb13/datanode-4/data/ratis/3fa0b3b8-7919-4878-a5d9-cb3d96f0ad97/in_use.lock acquired by nodename 16198@pr-hdds-1569-swxfz-3172132826
2019-09-19 14:21:39,141 [pool-71-thread-1] INFO  storage.RaftStorage (RaftStorage.java:format(72)) - Storage directory /workdir/hadoop-ozone/integration-test/target/test-dir/MiniOzoneClusterImpl-210d6028-2152-4683-81ff-347b0d29bb13/datanode-4/data/ratis/3fa0b3b8-7919-4878-a5d9-cb3d96f0ad97 has been successfully formatted.
2019-09-19 14:21:39,142 [pool-71-thread-1] INFO  ratis.ContainerStateMachine (ContainerStateMachine.java:loadSnapshot(226)) - group-CB3D96F0AD97: The snapshot info is null. Setting the last applied indexto:(t:0, i:~)
2019-09-19 14:21:39,142 [pool-71-thread-1] INFO  server.RaftServerConfigKeys (ConfUtils.java:logGet(43)) - raft.server.leader.election.timeout = 120s (custom)
2019-09-19 14:21:39,142 [pool-71-thread-1] INFO  server.RaftServerConfigKeys (ConfUtils.java:logGet(43)) - raft.server.log.use.memory = false (default)
2019-09-19 14:21:39,142 [pool-71-thread-1] INFO  server.RaftServerConfigKeys (ConfUtils.java:logGet(43)) - raft.server.log.purge.gap = 1000000 (custom)
2019-09-19 14:21:39,142 [pool-71-thread-1] INFO  server.RaftServerConfigKeys (ConfUtils.java:logGet(43)) - raft.server.log.appender.buffer.byte-limit = 33554432 (custom)
2019-09-19 14:21:39,142 [pool-71-thread-1] INFO  server.RaftServerConfigKeys (ConfUtils.java:logGet(43)) - raft.server.log.segment.size.max = 1048576 (custom)
2019-09-19 14:21:39,142 [pool-71-thread-1] INFO  server.RaftServerConfigKeys (ConfUtils.java:logGet(43)) - raft.server.log.segment.cache.num.max = 2 (custom)
2019-09-19 14:21:39,142 [pool-71-thread-1] INFO  segmented.SegmentedRaftLogWorker (SegmentedRaftLogWorker.java:<init>(172)) - new 1190b9a7-12b1-4c15-b33e-f7d0a0cd436c-SegmentedRaftLogWorker:Storage Directory /workdir/hadoop-ozone/integration-test/target/test-dir/MiniOzoneClusterImpl-210d6028-2152-4683-81ff-347b0d29bb13/datanode-4/data/ratis/3fa0b3b8-7919-4878-a5d9-cb3d96f0ad97 for RaftStorage:Storage Directory /workdir/hadoop-ozone/integration-test/target/test-dir/MiniOzoneClusterImpl-210d6028-2152-4683-81ff-347b0d29bb13/datanode-4/data/ratis/3fa0b3b8-7919-4878-a5d9-cb3d96f0ad97
2019-09-19 14:21:39,142 [pool-71-thread-1] INFO  server.RaftServerConfigKeys (ConfUtils.java:logGet(43)) - raft.server.log.queue.byte-limit = 2147483647 (custom)
2019-09-19 14:21:39,143 [pool-71-thread-1] INFO  server.RaftServerConfigKeys (ConfUtils.java:logGet(43)) - raft.server.log.queue.element-limit = 1024 (custom)
2019-09-19 14:21:39,143 [pool-71-thread-1] INFO  server.RaftServerConfigKeys (ConfUtils.java:logGet(43)) - raft.server.log.segment.size.max = 1048576 (custom)
2019-09-19 14:21:39,143 [pool-71-thread-1] INFO  server.RaftServerConfigKeys (ConfUtils.java:logGet(43)) - raft.server.log.preallocated.size = 16384 (custom)
2019-09-19 14:21:39,143 [pool-71-thread-1] INFO  server.RaftServerConfigKeys (ConfUtils.java:logGet(43)) - raft.server.log.write.buffer.size = 33554432 (custom)
2019-09-19 14:21:39,143 [pool-71-thread-1] INFO  server.RaftServerConfigKeys (ConfUtils.java:logGet(43)) - raft.server.log.force.sync.num = 128 (default)
2019-09-19 14:21:39,143 [pool-71-thread-1] INFO  server.RaftServerConfigKeys (ConfUtils.java:logGet(43)) - raft.server.log.statemachine.data.sync = true (default)
2019-09-19 14:21:39,143 [pool-71-thread-1] INFO  server.RaftServerConfigKeys (ConfUtils.java:logGet(43)) - raft.server.log.statemachine.data.sync.timeout = 10s (default)
2019-09-19 14:21:39,143 [pool-71-thread-1] INFO  server.RaftServerConfigKeys (ConfUtils.java:logGet(43)) - raft.server.log.statemachine.data.sync.timeout.retry = -1 (default)
2019-09-19 14:21:39,143 [pool-71-thread-1] INFO  server.RaftServerConfigKeys (ConfUtils.java:logGet(43)) - raft.server.log.statemachine.data.caching.enabled = true (custom)
2019-09-19 14:21:39,144 [pool-71-thread-1] INFO  segmented.SegmentedRaftLogWorker (SegmentedRaftLogWorker.java:lambda$new$0(132)) - 1190b9a7-12b1-4c15-b33e-f7d0a0cd436c-SegmentedRaftLogWorker:Storage Directory /workdir/hadoop-ozone/integration-test/target/test-dir/MiniOzoneClusterImpl-210d6028-2152-4683-81ff-347b0d29bb13/datanode-4/data/ratis/3fa0b3b8-7919-4878-a5d9-cb3d96f0ad97: flushIndex: setUnconditionally 0 -> -1
2019-09-19 14:21:39,144 [pool-71-thread-1] INFO  server.RaftServerConfigKeys (ConfUtils.java:logGet(43)) - raft.server.snapshot.auto.trigger.enabled = true (custom)
2019-09-19 14:21:39,144 [pool-71-thread-1] INFO  server.RaftServerConfigKeys (ConfUtils.java:logGet(43)) - raft.server.snapshot.auto.trigger.threshold = 10000 (custom)
2019-09-19 14:21:39,144 [pool-71-thread-1] INFO  server.RaftServerConfigKeys (ConfUtils.java:logGet(43)) - raft.server.retrycache.expirytime = 600000ms (custom)
2019-09-19 14:21:39,144 [pool-71-thread-1] INFO  impl.RaftServerImpl (RaftServerImpl.java:start(180)) - 1190b9a7-12b1-4c15-b33e-f7d0a0cd436c: start group-CB3D96F0AD97
2019-09-19 14:21:39,144 [pool-71-thread-1] INFO  impl.RaftServerImpl (RaftServerImpl.java:setRole(171)) - 1190b9a7-12b1-4c15-b33e-f7d0a0cd436c:group-CB3D96F0AD97 changes role from null to FOLLOWER at term 0 for startAsFollower
2019-09-19 14:21:39,144 [pool-71-thread-1] INFO  impl.RoleInfo (RoleInfo.java:updateAndGet(143)) - 1190b9a7-12b1-4c15-b33e-f7d0a0cd436c: start FollowerState
2019-09-19 14:21:39,145 [pool-71-thread-1] INFO  util.JmxRegister (JmxRegister.java:tryRegister(44)) - Successfully registered JMX Bean with object name Ratis:service=RaftServer,group=group-CB3D96F0AD97,id=1190b9a7-12b1-4c15-b33e-f7d0a0cd436c
2019-09-19 14:21:39,147 [RatisPipelineUtilsThread] INFO  pipeline.PipelineStateManager (PipelineStateManager.java:addPipeline(56)) - Created pipeline Pipeline[ Id: 3fa0b3b8-7919-4878-a5d9-cb3d96f0ad97, Nodes: 1190b9a7-12b1-4c15-b33e-f7d0a0cd436c{ip: 192.168.157.226, host: pr-hdds-1569-swxfz-3172132826, networkLocation: /default-rack, certSerialId: null}, Type:RATIS, Factor:ONE, State:OPEN]
2019-09-19 14:21:39,150 [grpc-default-executor-2] INFO  impl.RaftServerProxy (RaftServerProxy.java:addNew(89)) - 5dfaa0ea-416a-422c-a75d-43311aceb00a: addNew group-8272BA0EC9B5:[5dfaa0ea-416a-422c-a75d-43311aceb00a:192.168.157.226:45629] returns group-8272BA0EC9B5:java.util.concurrent.CompletableFuture@687a553d[Not completed]
2019-09-19 14:21:39,151 [pool-38-thread-1] INFO  impl.RaftServerImpl (RaftServerImpl.java:<init>(93)) - 5dfaa0ea-416a-422c-a75d-43311aceb00a: new RaftServerImpl for group-8272BA0EC9B5:[5dfaa0ea-416a-422c-a75d-43311aceb00a:192.168.157.226:45629] with ContainerStateMachine:uninitialized
2019-09-19 14:21:39,151 [pool-38-thread-1] INFO  server.RaftServerConfigKeys (ConfUtils.java:logGet(43)) - raft.server.rpc.timeout.min = 5s (custom)
2019-09-19 14:21:39,151 [pool-38-thread-1] INFO  server.RaftServerConfigKeys (ConfUtils.java:logGet(43)) - raft.server.rpc.timeout.max = 5200ms (custom)
2019-09-19 14:21:39,151 [pool-38-thread-1] INFO  server.RaftServerConfigKeys (ConfUtils.java:logGet(43)) - raft.server.rpcslowness.timeout = 120s (custom)
2019-09-19 14:21:39,151 [pool-38-thread-1] INFO  server.RaftServerConfigKeys (ConfUtils.java:logGet(43)) - raft.server.sleep.deviation.threshold = 300 (default)
2019-09-19 14:21:39,151 [pool-38-thread-1] INFO  server.RaftServerConfigKeys (ConfUtils.java:logGet(43)) - raft.server.log.appender.install.snapshot.enabled = false (custom)
2019-09-19 14:21:39,151 [pool-38-thread-1] INFO  impl.RaftServerImpl (ServerState.java:<init>(105)) - 5dfaa0ea-416a-422c-a75d-43311aceb00a:group-8272BA0EC9B5 ConfigurationManager, init=-1: [5dfaa0ea-416a-422c-a75d-43311aceb00a:192.168.157.226:45629], old=null, confs=<EMPTY_MAP>
2019-09-19 14:21:39,152 [pool-38-thread-1] INFO  server.RaftServerConfigKeys (ConfUtils.java:logGet(43)) - raft.server.storage.dir = [/workdir/hadoop-ozone/integration-test/target/test-dir/MiniOzoneClusterImpl-210d6028-2152-4683-81ff-347b0d29bb13/datanode-1/data/ratis] (custom)
2019-09-19 14:21:39,152 [pool-38-thread-1] INFO  storage.RaftStorageDirectory (RaftStorageDirectory.java:analyzeStorage(246)) - The storage directory /workdir/hadoop-ozone/integration-test/target/test-dir/MiniOzoneClusterImpl-210d6028-2152-4683-81ff-347b0d29bb13/datanode-1/data/ratis/3f439a97-5dea-4a18-9b4c-8272ba0ec9b5 does not exist. Creating ...
2019-09-19 14:21:39,156 [pool-38-thread-1] INFO  storage.RaftStorageDirectory (RaftStorageDirectory.java:tryLock(328)) - Lock on /workdir/hadoop-ozone/integration-test/target/test-dir/MiniOzoneClusterImpl-210d6028-2152-4683-81ff-347b0d29bb13/datanode-1/data/ratis/3f439a97-5dea-4a18-9b4c-8272ba0ec9b5/in_use.lock acquired by nodename 16198@pr-hdds-1569-swxfz-3172132826
2019-09-19 14:21:39,159 [pool-38-thread-1] INFO  storage.RaftStorage (RaftStorage.java:format(72)) - Storage directory /workdir/hadoop-ozone/integration-test/target/test-dir/MiniOzoneClusterImpl-210d6028-2152-4683-81ff-347b0d29bb13/datanode-1/data/ratis/3f439a97-5dea-4a18-9b4c-8272ba0ec9b5 has been successfully formatted.
2019-09-19 14:21:39,160 [pool-38-thread-1] INFO  ratis.ContainerStateMachine (ContainerStateMachine.java:loadSnapshot(226)) - group-8272BA0EC9B5: The snapshot info is null. Setting the last applied indexto:(t:0, i:~)
2019-09-19 14:21:39,160 [pool-38-thread-1] INFO  server.RaftServerConfigKeys (ConfUtils.java:logGet(43)) - raft.server.leader.election.timeout = 120s (custom)
2019-09-19 14:21:39,160 [pool-38-thread-1] INFO  server.RaftServerConfigKeys (ConfUtils.java:logGet(43)) - raft.server.log.use.memory = false (default)
2019-09-19 14:21:39,160 [pool-38-thread-1] INFO  server.RaftServerConfigKeys (ConfUtils.java:logGet(43)) - raft.server.log.purge.gap = 1000000 (custom)
2019-09-19 14:21:39,160 [pool-38-thread-1] INFO  server.RaftServerConfigKeys (ConfUtils.java:logGet(43)) - raft.server.log.appender.buffer.byte-limit = 33554432 (custom)
2019-09-19 14:21:39,160 [pool-38-thread-1] INFO  server.RaftServerConfigKeys (ConfUtils.java:logGet(43)) - raft.server.log.segment.size.max = 1048576 (custom)
2019-09-19 14:21:39,160 [pool-38-thread-1] INFO  server.RaftServerConfigKeys (ConfUtils.java:logGet(43)) - raft.server.log.segment.cache.num.max = 2 (custom)
2019-09-19 14:21:39,160 [pool-38-thread-1] INFO  segmented.SegmentedRaftLogWorker (SegmentedRaftLogWorker.java:<init>(172)) - new 5dfaa0ea-416a-422c-a75d-43311aceb00a-SegmentedRaftLogWorker:Storage Directory /workdir/hadoop-ozone/integration-test/target/test-dir/MiniOzoneClusterImpl-210d6028-2152-4683-81ff-347b0d29bb13/datanode-1/data/ratis/3f439a97-5dea-4a18-9b4c-8272ba0ec9b5 for RaftStorage:Storage Directory /workdir/hadoop-ozone/integration-test/target/test-dir/MiniOzoneClusterImpl-210d6028-2152-4683-81ff-347b0d29bb13/datanode-1/data/ratis/3f439a97-5dea-4a18-9b4c-8272ba0ec9b5
2019-09-19 14:21:39,160 [pool-38-thread-1] INFO  server.RaftServerConfigKeys (ConfUtils.java:logGet(43)) - raft.server.log.queue.byte-limit = 2147483647 (custom)
2019-09-19 14:21:39,160 [pool-38-thread-1] INFO  server.RaftServerConfigKeys (ConfUtils.java:logGet(43)) - raft.server.log.queue.element-limit = 1024 (custom)
2019-09-19 14:21:39,160 [pool-38-thread-1] INFO  server.RaftServerConfigKeys (ConfUtils.java:logGet(43)) - raft.server.log.segment.size.max = 1048576 (custom)
2019-09-19 14:21:39,161 [pool-38-thread-1] INFO  server.RaftServerConfigKeys (ConfUtils.java:logGet(43)) - raft.server.log.preallocated.size = 16384 (custom)
2019-09-19 14:21:39,161 [pool-38-thread-1] INFO  server.RaftServerConfigKeys (ConfUtils.java:logGet(43)) - raft.server.log.write.buffer.size = 33554432 (custom)
2019-09-19 14:21:39,161 [pool-38-thread-1] INFO  server.RaftServerConfigKeys (ConfUtils.java:logGet(43)) - raft.server.log.force.sync.num = 128 (default)
2019-09-19 14:21:39,161 [pool-38-thread-1] INFO  server.RaftServerConfigKeys (ConfUtils.java:logGet(43)) - raft.server.log.statemachine.data.sync = true (default)
2019-09-19 14:21:39,161 [pool-38-thread-1] INFO  server.RaftServerConfigKeys (ConfUtils.java:logGet(43)) - raft.server.log.statemachine.data.sync.timeout = 10s (default)
2019-09-19 14:21:39,161 [pool-38-thread-1] INFO  server.RaftServerConfigKeys (ConfUtils.java:logGet(43)) - raft.server.log.statemachine.data.sync.timeout.retry = -1 (default)
2019-09-19 14:21:39,161 [pool-38-thread-1] INFO  server.RaftServerConfigKeys (ConfUtils.java:logGet(43)) - raft.server.log.statemachine.data.caching.enabled = true (custom)
2019-09-19 14:21:39,161 [pool-38-thread-1] INFO  segmented.SegmentedRaftLogWorker (SegmentedRaftLogWorker.java:lambda$new$0(132)) - 5dfaa0ea-416a-422c-a75d-43311aceb00a-SegmentedRaftLogWorker:Storage Directory /workdir/hadoop-ozone/integration-test/target/test-dir/MiniOzoneClusterImpl-210d6028-2152-4683-81ff-347b0d29bb13/datanode-1/data/ratis/3f439a97-5dea-4a18-9b4c-8272ba0ec9b5: flushIndex: setUnconditionally 0 -> -1
2019-09-19 14:21:39,161 [pool-38-thread-1] INFO  server.RaftServerConfigKeys (ConfUtils.java:logGet(43)) - raft.server.snapshot.auto.trigger.enabled = true (custom)
2019-09-19 14:21:39,162 [pool-38-thread-1] INFO  server.RaftServerConfigKeys (ConfUtils.java:logGet(43)) - raft.server.snapshot.auto.trigger.threshold = 10000 (custom)
2019-09-19 14:21:39,162 [pool-38-thread-1] INFO  server.RaftServerConfigKeys (ConfUtils.java:logGet(43)) - raft.server.retrycache.expirytime = 600000ms (custom)
2019-09-19 14:21:39,162 [pool-38-thread-1] INFO  impl.RaftServerImpl (RaftServerImpl.java:start(180)) - 5dfaa0ea-416a-422c-a75d-43311aceb00a: start group-8272BA0EC9B5
2019-09-19 14:21:39,162 [pool-38-thread-1] INFO  impl.RaftServerImpl (RaftServerImpl.java:setRole(171)) - 5dfaa0ea-416a-422c-a75d-43311aceb00a:group-8272BA0EC9B5 changes role from null to FOLLOWER at term 0 for startAsFollower
2019-09-19 14:21:39,162 [pool-38-thread-1] INFO  impl.RoleInfo (RoleInfo.java:updateAndGet(143)) - 5dfaa0ea-416a-422c-a75d-43311aceb00a: start FollowerState
2019-09-19 14:21:39,162 [pool-38-thread-1] INFO  util.JmxRegister (JmxRegister.java:tryRegister(44)) - Successfully registered JMX Bean with object name Ratis:service=RaftServer,group=group-8272BA0EC9B5,id=5dfaa0ea-416a-422c-a75d-43311aceb00a
2019-09-19 14:21:39,164 [RatisPipelineUtilsThread] INFO  pipeline.PipelineStateManager (PipelineStateManager.java:addPipeline(56)) - Created pipeline Pipeline[ Id: 3f439a97-5dea-4a18-9b4c-8272ba0ec9b5, Nodes: 5dfaa0ea-416a-422c-a75d-43311aceb00a{ip: 192.168.157.226, host: pr-hdds-1569-swxfz-3172132826, networkLocation: /default-rack, certSerialId: null}, Type:RATIS, Factor:ONE, State:OPEN]
2019-09-19 14:21:39,168 [grpc-default-executor-2] INFO  impl.RaftServerProxy (RaftServerProxy.java:addNew(89)) - 306a7a99-f2a5-4f40-b42b-2fc2def08a6a: addNew group-F51DF659A370:[306a7a99-f2a5-4f40-b42b-2fc2def08a6a:192.168.157.226:42633] returns group-F51DF659A370:java.util.concurrent.CompletableFuture@42dd7177[Not completed]
2019-09-19 14:21:39,169 [pool-49-thread-1] INFO  impl.RaftServerImpl (RaftServerImpl.java:<init>(93)) - 306a7a99-f2a5-4f40-b42b-2fc2def08a6a: new RaftServerImpl for group-F51DF659A370:[306a7a99-f2a5-4f40-b42b-2fc2def08a6a:192.168.157.226:42633] with ContainerStateMachine:uninitialized
2019-09-19 14:21:39,169 [pool-49-thread-1] INFO  server.RaftServerConfigKeys (ConfUtils.java:logGet(43)) - raft.server.rpc.timeout.min = 5s (custom)
2019-09-19 14:21:39,169 [pool-49-thread-1] INFO  server.RaftServerConfigKeys (ConfUtils.java:logGet(43)) - raft.server.rpc.timeout.max = 5200ms (custom)
2019-09-19 14:21:39,169 [pool-49-thread-1] INFO  server.RaftServerConfigKeys (ConfUtils.java:logGet(43)) - raft.server.rpcslowness.timeout = 120s (custom)
2019-09-19 14:21:39,169 [pool-49-thread-1] INFO  server.RaftServerConfigKeys (ConfUtils.java:logGet(43)) - raft.server.sleep.deviation.threshold = 300 (default)
2019-09-19 14:21:39,170 [pool-49-thread-1] INFO  server.RaftServerConfigKeys (ConfUtils.java:logGet(43)) - raft.server.log.appender.install.snapshot.enabled = false (custom)
2019-09-19 14:21:39,170 [pool-49-thread-1] INFO  impl.RaftServerImpl (ServerState.java:<init>(105)) - 306a7a99-f2a5-4f40-b42b-2fc2def08a6a:group-F51DF659A370 ConfigurationManager, init=-1: [306a7a99-f2a5-4f40-b42b-2fc2def08a6a:192.168.157.226:42633], old=null, confs=<EMPTY_MAP>
2019-09-19 14:21:39,170 [pool-49-thread-1] INFO  server.RaftServerConfigKeys (ConfUtils.java:logGet(43)) - raft.server.storage.dir = [/workdir/hadoop-ozone/integration-test/target/test-dir/MiniOzoneClusterImpl-210d6028-2152-4683-81ff-347b0d29bb13/datanode-2/data/ratis] (custom)
2019-09-19 14:21:39,170 [pool-49-thread-1] INFO  storage.RaftStorageDirectory (RaftStorageDirectory.java:analyzeStorage(246)) - The storage directory /workdir/hadoop-ozone/integration-test/target/test-dir/MiniOzoneClusterImpl-210d6028-2152-4683-81ff-347b0d29bb13/datanode-2/data/ratis/64b02d29-fc4e-4776-b786-f51df659a370 does not exist. Creating ...
2019-09-19 14:21:39,184 [pool-49-thread-1] INFO  storage.RaftStorageDirectory (RaftStorageDirectory.java:tryLock(328)) - Lock on /workdir/hadoop-ozone/integration-test/target/test-dir/MiniOzoneClusterImpl-210d6028-2152-4683-81ff-347b0d29bb13/datanode-2/data/ratis/64b02d29-fc4e-4776-b786-f51df659a370/in_use.lock acquired by nodename 16198@pr-hdds-1569-swxfz-3172132826
2019-09-19 14:21:39,195 | INFO  | SCMAudit | user=jenkins1000 | ip=192.168.157.226 | op=SEND_HEARTBEAT {datanodeUUID=6403e584-2209-453b-b79e-eeb0a7b58516, command=[]} | ret=SUCCESS |  
2019-09-19 14:21:39,195 | INFO  | SCMAudit | user=jenkins1000 | ip=192.168.157.226 | op=SEND_HEARTBEAT {datanodeUUID=306a7a99-f2a5-4f40-b42b-2fc2def08a6a, command=[]} | ret=SUCCESS |  
2019-09-19 14:21:39,197 [pool-49-thread-1] INFO  storage.RaftStorage (RaftStorage.java:format(72)) - Storage directory /workdir/hadoop-ozone/integration-test/target/test-dir/MiniOzoneClusterImpl-210d6028-2152-4683-81ff-347b0d29bb13/datanode-2/data/ratis/64b02d29-fc4e-4776-b786-f51df659a370 has been successfully formatted.
2019-09-19 14:21:39,197 [pool-49-thread-1] INFO  ratis.ContainerStateMachine (ContainerStateMachine.java:loadSnapshot(226)) - group-F51DF659A370: The snapshot info is null. Setting the last applied indexto:(t:0, i:~)
2019-09-19 14:21:39,197 [pool-49-thread-1] INFO  server.RaftServerConfigKeys (ConfUtils.java:logGet(43)) - raft.server.leader.election.timeout = 120s (custom)
2019-09-19 14:21:39,197 [pool-49-thread-1] INFO  server.RaftServerConfigKeys (ConfUtils.java:logGet(43)) - raft.server.log.use.memory = false (default)
2019-09-19 14:21:39,197 [pool-49-thread-1] INFO  server.RaftServerConfigKeys (ConfUtils.java:logGet(43)) - raft.server.log.purge.gap = 1000000 (custom)
2019-09-19 14:21:39,197 [pool-49-thread-1] INFO  server.RaftServerConfigKeys (ConfUtils.java:logGet(43)) - raft.server.log.appender.buffer.byte-limit = 33554432 (custom)
2019-09-19 14:21:39,197 [pool-49-thread-1] INFO  server.RaftServerConfigKeys (ConfUtils.java:logGet(43)) - raft.server.log.segment.size.max = 1048576 (custom)
2019-09-19 14:21:39,198 [pool-49-thread-1] INFO  server.RaftServerConfigKeys (ConfUtils.java:logGet(43)) - raft.server.log.segment.cache.num.max = 2 (custom)
2019-09-19 14:21:39,198 [pool-49-thread-1] INFO  segmented.SegmentedRaftLogWorker (SegmentedRaftLogWorker.java:<init>(172)) - new 306a7a99-f2a5-4f40-b42b-2fc2def08a6a-SegmentedRaftLogWorker:Storage Directory /workdir/hadoop-ozone/integration-test/target/test-dir/MiniOzoneClusterImpl-210d6028-2152-4683-81ff-347b0d29bb13/datanode-2/data/ratis/64b02d29-fc4e-4776-b786-f51df659a370 for RaftStorage:Storage Directory /workdir/hadoop-ozone/integration-test/target/test-dir/MiniOzoneClusterImpl-210d6028-2152-4683-81ff-347b0d29bb13/datanode-2/data/ratis/64b02d29-fc4e-4776-b786-f51df659a370
2019-09-19 14:21:39,198 [pool-49-thread-1] INFO  server.RaftServerConfigKeys (ConfUtils.java:logGet(43)) - raft.server.log.queue.byte-limit = 2147483647 (custom)
2019-09-19 14:21:39,198 [pool-49-thread-1] INFO  server.RaftServerConfigKeys (ConfUtils.java:logGet(43)) - raft.server.log.queue.element-limit = 1024 (custom)
2019-09-19 14:21:39,198 [pool-49-thread-1] INFO  server.RaftServerConfigKeys (ConfUtils.java:logGet(43)) - raft.server.log.segment.size.max = 1048576 (custom)
2019-09-19 14:21:39,198 [pool-49-thread-1] INFO  server.RaftServerConfigKeys (ConfUtils.java:logGet(43)) - raft.server.log.preallocated.size = 16384 (custom)
2019-09-19 14:21:39,198 [pool-49-thread-1] INFO  server.RaftServerConfigKeys (ConfUtils.java:logGet(43)) - raft.server.log.write.buffer.size = 33554432 (custom)
2019-09-19 14:21:39,198 [pool-49-thread-1] INFO  server.RaftServerConfigKeys (ConfUtils.java:logGet(43)) - raft.server.log.force.sync.num = 128 (default)
2019-09-19 14:21:39,198 [pool-49-thread-1] INFO  server.RaftServerConfigKeys (ConfUtils.java:logGet(43)) - raft.server.log.statemachine.data.sync = true (default)
2019-09-19 14:21:39,199 [pool-49-thread-1] INFO  server.RaftServerConfigKeys (ConfUtils.java:logGet(43)) - raft.server.log.statemachine.data.sync.timeout = 10s (default)
2019-09-19 14:21:39,199 [pool-49-thread-1] INFO  server.RaftServerConfigKeys (ConfUtils.java:logGet(43)) - raft.server.log.statemachine.data.sync.timeout.retry = -1 (default)
2019-09-19 14:21:39,199 [pool-49-thread-1] INFO  server.RaftServerConfigKeys (ConfUtils.java:logGet(43)) - raft.server.log.statemachine.data.caching.enabled = true (custom)
2019-09-19 14:21:39,199 [pool-49-thread-1] INFO  segmented.SegmentedRaftLogWorker (SegmentedRaftLogWorker.java:lambda$new$0(132)) - 306a7a99-f2a5-4f40-b42b-2fc2def08a6a-SegmentedRaftLogWorker:Storage Directory /workdir/hadoop-ozone/integration-test/target/test-dir/MiniOzoneClusterImpl-210d6028-2152-4683-81ff-347b0d29bb13/datanode-2/data/ratis/64b02d29-fc4e-4776-b786-f51df659a370: flushIndex: setUnconditionally 0 -> -1
2019-09-19 14:21:39,199 [pool-49-thread-1] INFO  server.RaftServerConfigKeys (ConfUtils.java:logGet(43)) - raft.server.snapshot.auto.trigger.enabled = true (custom)
2019-09-19 14:21:39,199 [pool-49-thread-1] INFO  server.RaftServerConfigKeys (ConfUtils.java:logGet(43)) - raft.server.snapshot.auto.trigger.threshold = 10000 (custom)
2019-09-19 14:21:39,200 [pool-49-thread-1] INFO  server.RaftServerConfigKeys (ConfUtils.java:logGet(43)) - raft.server.retrycache.expirytime = 600000ms (custom)
2019-09-19 14:21:39,200 [pool-49-thread-1] INFO  impl.RaftServerImpl (RaftServerImpl.java:start(180)) - 306a7a99-f2a5-4f40-b42b-2fc2def08a6a: start group-F51DF659A370
2019-09-19 14:21:39,200 [pool-49-thread-1] INFO  impl.RaftServerImpl (RaftServerImpl.java:setRole(171)) - 306a7a99-f2a5-4f40-b42b-2fc2def08a6a:group-F51DF659A370 changes role from null to FOLLOWER at term 0 for startAsFollower
2019-09-19 14:21:39,200 [pool-49-thread-1] INFO  impl.RoleInfo (RoleInfo.java:updateAndGet(143)) - 306a7a99-f2a5-4f40-b42b-2fc2def08a6a: start FollowerState
2019-09-19 14:21:39,200 [pool-49-thread-1] INFO  util.JmxRegister (JmxRegister.java:tryRegister(44)) - Successfully registered JMX Bean with object name Ratis:service=RaftServer,group=group-F51DF659A370,id=306a7a99-f2a5-4f40-b42b-2fc2def08a6a
2019-09-19 14:21:39,203 [RatisPipelineUtilsThread] INFO  pipeline.PipelineStateManager (PipelineStateManager.java:addPipeline(56)) - Created pipeline Pipeline[ Id: 64b02d29-fc4e-4776-b786-f51df659a370, Nodes: 306a7a99-f2a5-4f40-b42b-2fc2def08a6a{ip: 192.168.157.226, host: pr-hdds-1569-swxfz-3172132826, networkLocation: /default-rack, certSerialId: null}, Type:RATIS, Factor:ONE, State:OPEN]
2019-09-19 14:21:39,206 [grpc-default-executor-2] INFO  impl.RaftServerProxy (RaftServerProxy.java:addNew(89)) - 306a7a99-f2a5-4f40-b42b-2fc2def08a6a: addNew group-16E92723A98A:[306a7a99-f2a5-4f40-b42b-2fc2def08a6a:192.168.157.226:42633] returns group-16E92723A98A:java.util.concurrent.CompletableFuture@75460458[Not completed]
2019-09-19 14:21:39,207 [pool-49-thread-1] INFO  impl.RaftServerImpl (RaftServerImpl.java:<init>(93)) - 306a7a99-f2a5-4f40-b42b-2fc2def08a6a: new RaftServerImpl for group-16E92723A98A:[306a7a99-f2a5-4f40-b42b-2fc2def08a6a:192.168.157.226:42633] with ContainerStateMachine:uninitialized
2019-09-19 14:21:39,207 [pool-49-thread-1] INFO  server.RaftServerConfigKeys (ConfUtils.java:logGet(43)) - raft.server.rpc.timeout.min = 5s (custom)
2019-09-19 14:21:39,207 [pool-49-thread-1] INFO  server.RaftServerConfigKeys (ConfUtils.java:logGet(43)) - raft.server.rpc.timeout.max = 5200ms (custom)
2019-09-19 14:21:39,207 [pool-49-thread-1] INFO  server.RaftServerConfigKeys (ConfUtils.java:logGet(43)) - raft.server.rpcslowness.timeout = 120s (custom)
2019-09-19 14:21:39,208 [pool-49-thread-1] INFO  server.RaftServerConfigKeys (ConfUtils.java:logGet(43)) - raft.server.sleep.deviation.threshold = 300 (default)
2019-09-19 14:21:39,208 [pool-49-thread-1] INFO  server.RaftServerConfigKeys (ConfUtils.java:logGet(43)) - raft.server.log.appender.install.snapshot.enabled = false (custom)
2019-09-19 14:21:39,208 [pool-49-thread-1] INFO  impl.RaftServerImpl (ServerState.java:<init>(105)) - 306a7a99-f2a5-4f40-b42b-2fc2def08a6a:group-16E92723A98A ConfigurationManager, init=-1: [306a7a99-f2a5-4f40-b42b-2fc2def08a6a:192.168.157.226:42633], old=null, confs=<EMPTY_MAP>
2019-09-19 14:21:39,208 [pool-49-thread-1] INFO  server.RaftServerConfigKeys (ConfUtils.java:logGet(43)) - raft.server.storage.dir = [/workdir/hadoop-ozone/integration-test/target/test-dir/MiniOzoneClusterImpl-210d6028-2152-4683-81ff-347b0d29bb13/datanode-2/data/ratis] (custom)
2019-09-19 14:21:39,208 [pool-49-thread-1] INFO  storage.RaftStorageDirectory (RaftStorageDirectory.java:analyzeStorage(246)) - The storage directory /workdir/hadoop-ozone/integration-test/target/test-dir/MiniOzoneClusterImpl-210d6028-2152-4683-81ff-347b0d29bb13/datanode-2/data/ratis/e60e9015-83d5-468e-a90d-16e92723a98a does not exist. Creating ...
2019-09-19 14:21:39,221 [pool-49-thread-1] INFO  storage.RaftStorageDirectory (RaftStorageDirectory.java:tryLock(328)) - Lock on /workdir/hadoop-ozone/integration-test/target/test-dir/MiniOzoneClusterImpl-210d6028-2152-4683-81ff-347b0d29bb13/datanode-2/data/ratis/e60e9015-83d5-468e-a90d-16e92723a98a/in_use.lock acquired by nodename 16198@pr-hdds-1569-swxfz-3172132826
2019-09-19 14:21:39,234 [pool-49-thread-1] INFO  storage.RaftStorage (RaftStorage.java:format(72)) - Storage directory /workdir/hadoop-ozone/integration-test/target/test-dir/MiniOzoneClusterImpl-210d6028-2152-4683-81ff-347b0d29bb13/datanode-2/data/ratis/e60e9015-83d5-468e-a90d-16e92723a98a has been successfully formatted.
2019-09-19 14:21:39,234 [pool-49-thread-1] INFO  ratis.ContainerStateMachine (ContainerStateMachine.java:loadSnapshot(226)) - group-16E92723A98A: The snapshot info is null. Setting the last applied indexto:(t:0, i:~)
2019-09-19 14:21:39,234 [pool-49-thread-1] INFO  server.RaftServerConfigKeys (ConfUtils.java:logGet(43)) - raft.server.leader.election.timeout = 120s (custom)
2019-09-19 14:21:39,234 [pool-49-thread-1] INFO  server.RaftServerConfigKeys (ConfUtils.java:logGet(43)) - raft.server.log.use.memory = false (default)
2019-09-19 14:21:39,234 [pool-49-thread-1] INFO  server.RaftServerConfigKeys (ConfUtils.java:logGet(43)) - raft.server.log.purge.gap = 1000000 (custom)
2019-09-19 14:21:39,234 [pool-49-thread-1] INFO  server.RaftServerConfigKeys (ConfUtils.java:logGet(43)) - raft.server.log.appender.buffer.byte-limit = 33554432 (custom)
2019-09-19 14:21:39,235 [pool-49-thread-1] INFO  server.RaftServerConfigKeys (ConfUtils.java:logGet(43)) - raft.server.log.segment.size.max = 1048576 (custom)
2019-09-19 14:21:39,235 [pool-49-thread-1] INFO  server.RaftServerConfigKeys (ConfUtils.java:logGet(43)) - raft.server.log.segment.cache.num.max = 2 (custom)
2019-09-19 14:21:39,235 [pool-49-thread-1] INFO  segmented.SegmentedRaftLogWorker (SegmentedRaftLogWorker.java:<init>(172)) - new 306a7a99-f2a5-4f40-b42b-2fc2def08a6a-SegmentedRaftLogWorker:Storage Directory /workdir/hadoop-ozone/integration-test/target/test-dir/MiniOzoneClusterImpl-210d6028-2152-4683-81ff-347b0d29bb13/datanode-2/data/ratis/e60e9015-83d5-468e-a90d-16e92723a98a for RaftStorage:Storage Directory /workdir/hadoop-ozone/integration-test/target/test-dir/MiniOzoneClusterImpl-210d6028-2152-4683-81ff-347b0d29bb13/datanode-2/data/ratis/e60e9015-83d5-468e-a90d-16e92723a98a
2019-09-19 14:21:39,235 [pool-49-thread-1] INFO  server.RaftServerConfigKeys (ConfUtils.java:logGet(43)) - raft.server.log.queue.byte-limit = 2147483647 (custom)
2019-09-19 14:21:39,235 [pool-49-thread-1] INFO  server.RaftServerConfigKeys (ConfUtils.java:logGet(43)) - raft.server.log.queue.element-limit = 1024 (custom)
2019-09-19 14:21:39,235 [pool-49-thread-1] INFO  server.RaftServerConfigKeys (ConfUtils.java:logGet(43)) - raft.server.log.segment.size.max = 1048576 (custom)
2019-09-19 14:21:39,235 [pool-49-thread-1] INFO  server.RaftServerConfigKeys (ConfUtils.java:logGet(43)) - raft.server.log.preallocated.size = 16384 (custom)
2019-09-19 14:21:39,235 [pool-49-thread-1] INFO  server.RaftServerConfigKeys (ConfUtils.java:logGet(43)) - raft.server.log.write.buffer.size = 33554432 (custom)
2019-09-19 14:21:39,235 [pool-49-thread-1] INFO  server.RaftServerConfigKeys (ConfUtils.java:logGet(43)) - raft.server.log.force.sync.num = 128 (default)
2019-09-19 14:21:39,235 [pool-49-thread-1] INFO  server.RaftServerConfigKeys (ConfUtils.java:logGet(43)) - raft.server.log.statemachine.data.sync = true (default)
2019-09-19 14:21:39,236 [pool-49-thread-1] INFO  server.RaftServerConfigKeys (ConfUtils.java:logGet(43)) - raft.server.log.statemachine.data.sync.timeout = 10s (default)
2019-09-19 14:21:39,236 [pool-49-thread-1] INFO  server.RaftServerConfigKeys (ConfUtils.java:logGet(43)) - raft.server.log.statemachine.data.sync.timeout.retry = -1 (default)
2019-09-19 14:21:39,236 [pool-49-thread-1] INFO  server.RaftServerConfigKeys (ConfUtils.java:logGet(43)) - raft.server.log.statemachine.data.caching.enabled = true (custom)
2019-09-19 14:21:39,236 [pool-49-thread-1] INFO  segmented.SegmentedRaftLogWorker (SegmentedRaftLogWorker.java:lambda$new$0(132)) - 306a7a99-f2a5-4f40-b42b-2fc2def08a6a-SegmentedRaftLogWorker:Storage Directory /workdir/hadoop-ozone/integration-test/target/test-dir/MiniOzoneClusterImpl-210d6028-2152-4683-81ff-347b0d29bb13/datanode-2/data/ratis/e60e9015-83d5-468e-a90d-16e92723a98a: flushIndex: setUnconditionally 0 -> -1
2019-09-19 14:21:39,236 [pool-49-thread-1] INFO  server.RaftServerConfigKeys (ConfUtils.java:logGet(43)) - raft.server.snapshot.auto.trigger.enabled = true (custom)
2019-09-19 14:21:39,236 [pool-49-thread-1] INFO  server.RaftServerConfigKeys (ConfUtils.java:logGet(43)) - raft.server.snapshot.auto.trigger.threshold = 10000 (custom)
2019-09-19 14:21:39,236 [pool-49-thread-1] INFO  server.RaftServerConfigKeys (ConfUtils.java:logGet(43)) - raft.server.retrycache.expirytime = 600000ms (custom)
2019-09-19 14:21:39,236 [pool-49-thread-1] INFO  impl.RaftServerImpl (RaftServerImpl.java:start(180)) - 306a7a99-f2a5-4f40-b42b-2fc2def08a6a: start group-16E92723A98A
2019-09-19 14:21:39,237 [pool-49-thread-1] INFO  impl.RaftServerImpl (RaftServerImpl.java:setRole(171)) - 306a7a99-f2a5-4f40-b42b-2fc2def08a6a:group-16E92723A98A changes role from null to FOLLOWER at term 0 for startAsFollower
2019-09-19 14:21:39,237 [pool-49-thread-1] INFO  impl.RoleInfo (RoleInfo.java:updateAndGet(143)) - 306a7a99-f2a5-4f40-b42b-2fc2def08a6a: start FollowerState
2019-09-19 14:21:39,237 [pool-49-thread-1] INFO  util.JmxRegister (JmxRegister.java:tryRegister(44)) - Successfully registered JMX Bean with object name Ratis:service=RaftServer,group=group-16E92723A98A,id=306a7a99-f2a5-4f40-b42b-2fc2def08a6a
2019-09-19 14:21:39,239 [RatisPipelineUtilsThread] INFO  pipeline.PipelineStateManager (PipelineStateManager.java:addPipeline(56)) - Created pipeline Pipeline[ Id: e60e9015-83d5-468e-a90d-16e92723a98a, Nodes: 306a7a99-f2a5-4f40-b42b-2fc2def08a6a{ip: 192.168.157.226, host: pr-hdds-1569-swxfz-3172132826, networkLocation: /default-rack, certSerialId: null}, Type:RATIS, Factor:ONE, State:OPEN]
2019-09-19 14:21:39,243 [grpc-default-executor-2] INFO  impl.RaftServerProxy (RaftServerProxy.java:addNew(89)) - 306a7a99-f2a5-4f40-b42b-2fc2def08a6a: addNew group-E8EC7E2A7D73:[306a7a99-f2a5-4f40-b42b-2fc2def08a6a:192.168.157.226:42633] returns group-E8EC7E2A7D73:java.util.concurrent.CompletableFuture@3b4b8eca[Not completed]
2019-09-19 14:21:39,244 [pool-49-thread-1] INFO  impl.RaftServerImpl (RaftServerImpl.java:<init>(93)) - 306a7a99-f2a5-4f40-b42b-2fc2def08a6a: new RaftServerImpl for group-E8EC7E2A7D73:[306a7a99-f2a5-4f40-b42b-2fc2def08a6a:192.168.157.226:42633] with ContainerStateMachine:uninitialized
2019-09-19 14:21:39,244 [pool-49-thread-1] INFO  server.RaftServerConfigKeys (ConfUtils.java:logGet(43)) - raft.server.rpc.timeout.min = 5s (custom)
2019-09-19 14:21:39,244 [pool-49-thread-1] INFO  server.RaftServerConfigKeys (ConfUtils.java:logGet(43)) - raft.server.rpc.timeout.max = 5200ms (custom)
2019-09-19 14:21:39,244 [pool-49-thread-1] INFO  server.RaftServerConfigKeys (ConfUtils.java:logGet(43)) - raft.server.rpcslowness.timeout = 120s (custom)
2019-09-19 14:21:39,244 [pool-49-thread-1] INFO  server.RaftServerConfigKeys (ConfUtils.java:logGet(43)) - raft.server.sleep.deviation.threshold = 300 (default)
2019-09-19 14:21:39,244 [pool-49-thread-1] INFO  server.RaftServerConfigKeys (ConfUtils.java:logGet(43)) - raft.server.log.appender.install.snapshot.enabled = false (custom)
2019-09-19 14:21:39,244 [pool-49-thread-1] INFO  impl.RaftServerImpl (ServerState.java:<init>(105)) - 306a7a99-f2a5-4f40-b42b-2fc2def08a6a:group-E8EC7E2A7D73 ConfigurationManager, init=-1: [306a7a99-f2a5-4f40-b42b-2fc2def08a6a:192.168.157.226:42633], old=null, confs=<EMPTY_MAP>
2019-09-19 14:21:39,244 [pool-49-thread-1] INFO  server.RaftServerConfigKeys (ConfUtils.java:logGet(43)) - raft.server.storage.dir = [/workdir/hadoop-ozone/integration-test/target/test-dir/MiniOzoneClusterImpl-210d6028-2152-4683-81ff-347b0d29bb13/datanode-2/data/ratis] (custom)
2019-09-19 14:21:39,245 [pool-49-thread-1] INFO  storage.RaftStorageDirectory (RaftStorageDirectory.java:analyzeStorage(246)) - The storage directory /workdir/hadoop-ozone/integration-test/target/test-dir/MiniOzoneClusterImpl-210d6028-2152-4683-81ff-347b0d29bb13/datanode-2/data/ratis/583aa16b-090b-4825-bde7-e8ec7e2a7d73 does not exist. Creating ...
2019-09-19 14:21:39,257 [pool-49-thread-1] INFO  storage.RaftStorageDirectory (RaftStorageDirectory.java:tryLock(328)) - Lock on /workdir/hadoop-ozone/integration-test/target/test-dir/MiniOzoneClusterImpl-210d6028-2152-4683-81ff-347b0d29bb13/datanode-2/data/ratis/583aa16b-090b-4825-bde7-e8ec7e2a7d73/in_use.lock acquired by nodename 16198@pr-hdds-1569-swxfz-3172132826
2019-09-19 14:21:39,270 [pool-49-thread-1] INFO  storage.RaftStorage (RaftStorage.java:format(72)) - Storage directory /workdir/hadoop-ozone/integration-test/target/test-dir/MiniOzoneClusterImpl-210d6028-2152-4683-81ff-347b0d29bb13/datanode-2/data/ratis/583aa16b-090b-4825-bde7-e8ec7e2a7d73 has been successfully formatted.
2019-09-19 14:21:39,270 [pool-49-thread-1] INFO  ratis.ContainerStateMachine (ContainerStateMachine.java:loadSnapshot(226)) - group-E8EC7E2A7D73: The snapshot info is null. Setting the last applied indexto:(t:0, i:~)
2019-09-19 14:21:39,270 [pool-49-thread-1] INFO  server.RaftServerConfigKeys (ConfUtils.java:logGet(43)) - raft.server.leader.election.timeout = 120s (custom)
2019-09-19 14:21:39,270 [pool-49-thread-1] INFO  server.RaftServerConfigKeys (ConfUtils.java:logGet(43)) - raft.server.log.use.memory = false (default)
2019-09-19 14:21:39,270 [pool-49-thread-1] INFO  server.RaftServerConfigKeys (ConfUtils.java:logGet(43)) - raft.server.log.purge.gap = 1000000 (custom)
2019-09-19 14:21:39,270 [pool-49-thread-1] INFO  server.RaftServerConfigKeys (ConfUtils.java:logGet(43)) - raft.server.log.appender.buffer.byte-limit = 33554432 (custom)
2019-09-19 14:21:39,270 [pool-49-thread-1] INFO  server.RaftServerConfigKeys (ConfUtils.java:logGet(43)) - raft.server.log.segment.size.max = 1048576 (custom)
2019-09-19 14:21:39,270 [pool-49-thread-1] INFO  server.RaftServerConfigKeys (ConfUtils.java:logGet(43)) - raft.server.log.segment.cache.num.max = 2 (custom)
2019-09-19 14:21:39,270 [pool-49-thread-1] INFO  segmented.SegmentedRaftLogWorker (SegmentedRaftLogWorker.java:<init>(172)) - new 306a7a99-f2a5-4f40-b42b-2fc2def08a6a-SegmentedRaftLogWorker:Storage Directory /workdir/hadoop-ozone/integration-test/target/test-dir/MiniOzoneClusterImpl-210d6028-2152-4683-81ff-347b0d29bb13/datanode-2/data/ratis/583aa16b-090b-4825-bde7-e8ec7e2a7d73 for RaftStorage:Storage Directory /workdir/hadoop-ozone/integration-test/target/test-dir/MiniOzoneClusterImpl-210d6028-2152-4683-81ff-347b0d29bb13/datanode-2/data/ratis/583aa16b-090b-4825-bde7-e8ec7e2a7d73
2019-09-19 14:21:39,270 [pool-49-thread-1] INFO  server.RaftServerConfigKeys (ConfUtils.java:logGet(43)) - raft.server.log.queue.byte-limit = 2147483647 (custom)
2019-09-19 14:21:39,271 [pool-49-thread-1] INFO  server.RaftServerConfigKeys (ConfUtils.java:logGet(43)) - raft.server.log.queue.element-limit = 1024 (custom)
2019-09-19 14:21:39,271 [pool-49-thread-1] INFO  server.RaftServerConfigKeys (ConfUtils.java:logGet(43)) - raft.server.log.segment.size.max = 1048576 (custom)
2019-09-19 14:21:39,271 [pool-49-thread-1] INFO  server.RaftServerConfigKeys (ConfUtils.java:logGet(43)) - raft.server.log.preallocated.size = 16384 (custom)
2019-09-19 14:21:39,271 [pool-49-thread-1] INFO  server.RaftServerConfigKeys (ConfUtils.java:logGet(43)) - raft.server.log.write.buffer.size = 33554432 (custom)
2019-09-19 14:21:39,271 [pool-49-thread-1] INFO  server.RaftServerConfigKeys (ConfUtils.java:logGet(43)) - raft.server.log.force.sync.num = 128 (default)
2019-09-19 14:21:39,271 [pool-49-thread-1] INFO  server.RaftServerConfigKeys (ConfUtils.java:logGet(43)) - raft.server.log.statemachine.data.sync = true (default)
2019-09-19 14:21:39,271 [pool-49-thread-1] INFO  server.RaftServerConfigKeys (ConfUtils.java:logGet(43)) - raft.server.log.statemachine.data.sync.timeout = 10s (default)
2019-09-19 14:21:39,271 [pool-49-thread-1] INFO  server.RaftServerConfigKeys (ConfUtils.java:logGet(43)) - raft.server.log.statemachine.data.sync.timeout.retry = -1 (default)
2019-09-19 14:21:39,271 [pool-49-thread-1] INFO  server.RaftServerConfigKeys (ConfUtils.java:logGet(43)) - raft.server.log.statemachine.data.caching.enabled = true (custom)
2019-09-19 14:21:39,271 [pool-49-thread-1] INFO  segmented.SegmentedRaftLogWorker (SegmentedRaftLogWorker.java:lambda$new$0(132)) - 306a7a99-f2a5-4f40-b42b-2fc2def08a6a-SegmentedRaftLogWorker:Storage Directory /workdir/hadoop-ozone/integration-test/target/test-dir/MiniOzoneClusterImpl-210d6028-2152-4683-81ff-347b0d29bb13/datanode-2/data/ratis/583aa16b-090b-4825-bde7-e8ec7e2a7d73: flushIndex: setUnconditionally 0 -> -1
2019-09-19 14:21:39,272 [pool-49-thread-1] INFO  server.RaftServerConfigKeys (ConfUtils.java:logGet(43)) - raft.server.snapshot.auto.trigger.enabled = true (custom)
2019-09-19 14:21:39,272 [pool-49-thread-1] INFO  server.RaftServerConfigKeys (ConfUtils.java:logGet(43)) - raft.server.snapshot.auto.trigger.threshold = 10000 (custom)
2019-09-19 14:21:39,272 [pool-49-thread-1] INFO  server.RaftServerConfigKeys (ConfUtils.java:logGet(43)) - raft.server.retrycache.expirytime = 600000ms (custom)
2019-09-19 14:21:39,272 [pool-49-thread-1] INFO  impl.RaftServerImpl (RaftServerImpl.java:start(180)) - 306a7a99-f2a5-4f40-b42b-2fc2def08a6a: start group-E8EC7E2A7D73
2019-09-19 14:21:39,272 [pool-49-thread-1] INFO  impl.RaftServerImpl (RaftServerImpl.java:setRole(171)) - 306a7a99-f2a5-4f40-b42b-2fc2def08a6a:group-E8EC7E2A7D73 changes role from null to FOLLOWER at term 0 for startAsFollower
2019-09-19 14:21:39,272 [pool-49-thread-1] INFO  impl.RoleInfo (RoleInfo.java:updateAndGet(143)) - 306a7a99-f2a5-4f40-b42b-2fc2def08a6a: start FollowerState
2019-09-19 14:21:39,272 [pool-49-thread-1] INFO  util.JmxRegister (JmxRegister.java:tryRegister(44)) - Successfully registered JMX Bean with object name Ratis:service=RaftServer,group=group-E8EC7E2A7D73,id=306a7a99-f2a5-4f40-b42b-2fc2def08a6a
2019-09-19 14:21:39,274 [RatisPipelineUtilsThread] INFO  pipeline.PipelineStateManager (PipelineStateManager.java:addPipeline(56)) - Created pipeline Pipeline[ Id: 583aa16b-090b-4825-bde7-e8ec7e2a7d73, Nodes: 306a7a99-f2a5-4f40-b42b-2fc2def08a6a{ip: 192.168.157.226, host: pr-hdds-1569-swxfz-3172132826, networkLocation: /default-rack, certSerialId: null}, Type:RATIS, Factor:ONE, State:OPEN]
2019-09-19 14:21:39,278 [grpc-default-executor-2] INFO  impl.RaftServerProxy (RaftServerProxy.java:addNew(89)) - 306a7a99-f2a5-4f40-b42b-2fc2def08a6a: addNew group-BA6B5495B088:[306a7a99-f2a5-4f40-b42b-2fc2def08a6a:192.168.157.226:42633] returns group-BA6B5495B088:java.util.concurrent.CompletableFuture@4ae89560[Not completed]
2019-09-19 14:21:39,279 [pool-49-thread-1] INFO  impl.RaftServerImpl (RaftServerImpl.java:<init>(93)) - 306a7a99-f2a5-4f40-b42b-2fc2def08a6a: new RaftServerImpl for group-BA6B5495B088:[306a7a99-f2a5-4f40-b42b-2fc2def08a6a:192.168.157.226:42633] with ContainerStateMachine:uninitialized
2019-09-19 14:21:39,279 [pool-49-thread-1] INFO  server.RaftServerConfigKeys (ConfUtils.java:logGet(43)) - raft.server.rpc.timeout.min = 5s (custom)
2019-09-19 14:21:39,279 [pool-49-thread-1] INFO  server.RaftServerConfigKeys (ConfUtils.java:logGet(43)) - raft.server.rpc.timeout.max = 5200ms (custom)
2019-09-19 14:21:39,279 [pool-49-thread-1] INFO  server.RaftServerConfigKeys (ConfUtils.java:logGet(43)) - raft.server.rpcslowness.timeout = 120s (custom)
2019-09-19 14:21:39,279 [pool-49-thread-1] INFO  server.RaftServerConfigKeys (ConfUtils.java:logGet(43)) - raft.server.sleep.deviation.threshold = 300 (default)
2019-09-19 14:21:39,279 [pool-49-thread-1] INFO  server.RaftServerConfigKeys (ConfUtils.java:logGet(43)) - raft.server.log.appender.install.snapshot.enabled = false (custom)
2019-09-19 14:21:39,279 [pool-49-thread-1] INFO  impl.RaftServerImpl (ServerState.java:<init>(105)) - 306a7a99-f2a5-4f40-b42b-2fc2def08a6a:group-BA6B5495B088 ConfigurationManager, init=-1: [306a7a99-f2a5-4f40-b42b-2fc2def08a6a:192.168.157.226:42633], old=null, confs=<EMPTY_MAP>
2019-09-19 14:21:39,279 [pool-49-thread-1] INFO  server.RaftServerConfigKeys (ConfUtils.java:logGet(43)) - raft.server.storage.dir = [/workdir/hadoop-ozone/integration-test/target/test-dir/MiniOzoneClusterImpl-210d6028-2152-4683-81ff-347b0d29bb13/datanode-2/data/ratis] (custom)
2019-09-19 14:21:39,280 [pool-49-thread-1] INFO  storage.RaftStorageDirectory (RaftStorageDirectory.java:analyzeStorage(246)) - The storage directory /workdir/hadoop-ozone/integration-test/target/test-dir/MiniOzoneClusterImpl-210d6028-2152-4683-81ff-347b0d29bb13/datanode-2/data/ratis/60632a06-603e-4bed-a2f5-ba6b5495b088 does not exist. Creating ...
2019-09-19 14:21:39,292 [pool-49-thread-1] INFO  storage.RaftStorageDirectory (RaftStorageDirectory.java:tryLock(328)) - Lock on /workdir/hadoop-ozone/integration-test/target/test-dir/MiniOzoneClusterImpl-210d6028-2152-4683-81ff-347b0d29bb13/datanode-2/data/ratis/60632a06-603e-4bed-a2f5-ba6b5495b088/in_use.lock acquired by nodename 16198@pr-hdds-1569-swxfz-3172132826
2019-09-19 14:21:39,305 [pool-49-thread-1] INFO  storage.RaftStorage (RaftStorage.java:format(72)) - Storage directory /workdir/hadoop-ozone/integration-test/target/test-dir/MiniOzoneClusterImpl-210d6028-2152-4683-81ff-347b0d29bb13/datanode-2/data/ratis/60632a06-603e-4bed-a2f5-ba6b5495b088 has been successfully formatted.
2019-09-19 14:21:39,306 [pool-49-thread-1] INFO  ratis.ContainerStateMachine (ContainerStateMachine.java:loadSnapshot(226)) - group-BA6B5495B088: The snapshot info is null. Setting the last applied indexto:(t:0, i:~)
2019-09-19 14:21:39,306 [pool-49-thread-1] INFO  server.RaftServerConfigKeys (ConfUtils.java:logGet(43)) - raft.server.leader.election.timeout = 120s (custom)
2019-09-19 14:21:39,306 [pool-49-thread-1] INFO  server.RaftServerConfigKeys (ConfUtils.java:logGet(43)) - raft.server.log.use.memory = false (default)
2019-09-19 14:21:39,306 [pool-49-thread-1] INFO  server.RaftServerConfigKeys (ConfUtils.java:logGet(43)) - raft.server.log.purge.gap = 1000000 (custom)
2019-09-19 14:21:39,306 [pool-49-thread-1] INFO  server.RaftServerConfigKeys (ConfUtils.java:logGet(43)) - raft.server.log.appender.buffer.byte-limit = 33554432 (custom)
2019-09-19 14:21:39,306 [pool-49-thread-1] INFO  server.RaftServerConfigKeys (ConfUtils.java:logGet(43)) - raft.server.log.segment.size.max = 1048576 (custom)
2019-09-19 14:21:39,306 [pool-49-thread-1] INFO  server.RaftServerConfigKeys (ConfUtils.java:logGet(43)) - raft.server.log.segment.cache.num.max = 2 (custom)
2019-09-19 14:21:39,306 [pool-49-thread-1] INFO  segmented.SegmentedRaftLogWorker (SegmentedRaftLogWorker.java:<init>(172)) - new 306a7a99-f2a5-4f40-b42b-2fc2def08a6a-SegmentedRaftLogWorker:Storage Directory /workdir/hadoop-ozone/integration-test/target/test-dir/MiniOzoneClusterImpl-210d6028-2152-4683-81ff-347b0d29bb13/datanode-2/data/ratis/60632a06-603e-4bed-a2f5-ba6b5495b088 for RaftStorage:Storage Directory /workdir/hadoop-ozone/integration-test/target/test-dir/MiniOzoneClusterImpl-210d6028-2152-4683-81ff-347b0d29bb13/datanode-2/data/ratis/60632a06-603e-4bed-a2f5-ba6b5495b088
2019-09-19 14:21:39,306 [pool-49-thread-1] INFO  server.RaftServerConfigKeys (ConfUtils.java:logGet(43)) - raft.server.log.queue.byte-limit = 2147483647 (custom)
2019-09-19 14:21:39,306 [pool-49-thread-1] INFO  server.RaftServerConfigKeys (ConfUtils.java:logGet(43)) - raft.server.log.queue.element-limit = 1024 (custom)
2019-09-19 14:21:39,306 [pool-49-thread-1] INFO  server.RaftServerConfigKeys (ConfUtils.java:logGet(43)) - raft.server.log.segment.size.max = 1048576 (custom)
2019-09-19 14:21:39,306 [pool-49-thread-1] INFO  server.RaftServerConfigKeys (ConfUtils.java:logGet(43)) - raft.server.log.preallocated.size = 16384 (custom)
2019-09-19 14:21:39,307 [pool-49-thread-1] INFO  server.RaftServerConfigKeys (ConfUtils.java:logGet(43)) - raft.server.log.write.buffer.size = 33554432 (custom)
2019-09-19 14:21:39,307 [pool-49-thread-1] INFO  server.RaftServerConfigKeys (ConfUtils.java:logGet(43)) - raft.server.log.force.sync.num = 128 (default)
2019-09-19 14:21:39,307 [pool-49-thread-1] INFO  server.RaftServerConfigKeys (ConfUtils.java:logGet(43)) - raft.server.log.statemachine.data.sync = true (default)
2019-09-19 14:21:39,307 [pool-49-thread-1] INFO  server.RaftServerConfigKeys (ConfUtils.java:logGet(43)) - raft.server.log.statemachine.data.sync.timeout = 10s (default)
2019-09-19 14:21:39,307 [pool-49-thread-1] INFO  server.RaftServerConfigKeys (ConfUtils.java:logGet(43)) - raft.server.log.statemachine.data.sync.timeout.retry = -1 (default)
2019-09-19 14:21:39,307 [pool-49-thread-1] INFO  server.RaftServerConfigKeys (ConfUtils.java:logGet(43)) - raft.server.log.statemachine.data.caching.enabled = true (custom)
2019-09-19 14:21:39,307 [pool-49-thread-1] INFO  segmented.SegmentedRaftLogWorker (SegmentedRaftLogWorker.java:lambda$new$0(132)) - 306a7a99-f2a5-4f40-b42b-2fc2def08a6a-SegmentedRaftLogWorker:Storage Directory /workdir/hadoop-ozone/integration-test/target/test-dir/MiniOzoneClusterImpl-210d6028-2152-4683-81ff-347b0d29bb13/datanode-2/data/ratis/60632a06-603e-4bed-a2f5-ba6b5495b088: flushIndex: setUnconditionally 0 -> -1
2019-09-19 14:21:39,307 [pool-49-thread-1] INFO  server.RaftServerConfigKeys (ConfUtils.java:logGet(43)) - raft.server.snapshot.auto.trigger.enabled = true (custom)
2019-09-19 14:21:39,307 [pool-49-thread-1] INFO  server.RaftServerConfigKeys (ConfUtils.java:logGet(43)) - raft.server.snapshot.auto.trigger.threshold = 10000 (custom)
2019-09-19 14:21:39,308 [pool-49-thread-1] INFO  server.RaftServerConfigKeys (ConfUtils.java:logGet(43)) - raft.server.retrycache.expirytime = 600000ms (custom)
2019-09-19 14:21:39,308 [pool-49-thread-1] INFO  impl.RaftServerImpl (RaftServerImpl.java:start(180)) - 306a7a99-f2a5-4f40-b42b-2fc2def08a6a: start group-BA6B5495B088
2019-09-19 14:21:39,308 [pool-49-thread-1] INFO  impl.RaftServerImpl (RaftServerImpl.java:setRole(171)) - 306a7a99-f2a5-4f40-b42b-2fc2def08a6a:group-BA6B5495B088 changes role from null to FOLLOWER at term 0 for startAsFollower
2019-09-19 14:21:39,308 [pool-49-thread-1] INFO  impl.RoleInfo (RoleInfo.java:updateAndGet(143)) - 306a7a99-f2a5-4f40-b42b-2fc2def08a6a: start FollowerState
2019-09-19 14:21:39,308 [pool-49-thread-1] INFO  util.JmxRegister (JmxRegister.java:tryRegister(44)) - Successfully registered JMX Bean with object name Ratis:service=RaftServer,group=group-BA6B5495B088,id=306a7a99-f2a5-4f40-b42b-2fc2def08a6a
2019-09-19 14:21:39,311 [RatisPipelineUtilsThread] INFO  pipeline.PipelineStateManager (PipelineStateManager.java:addPipeline(56)) - Created pipeline Pipeline[ Id: 60632a06-603e-4bed-a2f5-ba6b5495b088, Nodes: 306a7a99-f2a5-4f40-b42b-2fc2def08a6a{ip: 192.168.157.226, host: pr-hdds-1569-swxfz-3172132826, networkLocation: /default-rack, certSerialId: null}, Type:RATIS, Factor:ONE, State:OPEN]
2019-09-19 14:21:39,315 [grpc-default-executor-2] INFO  impl.RaftServerProxy (RaftServerProxy.java:addNew(89)) - 85c6a9f3-b9a5-43a5-ac4f-9aa7bd5f2263: addNew group-09BB5F23D853:[85c6a9f3-b9a5-43a5-ac4f-9aa7bd5f2263:192.168.157.226:45170] returns group-09BB5F23D853:java.util.concurrent.CompletableFuture@1f2dce96[Not completed]
2019-09-19 14:21:39,316 [pool-27-thread-1] INFO  impl.RaftServerImpl (RaftServerImpl.java:<init>(93)) - 85c6a9f3-b9a5-43a5-ac4f-9aa7bd5f2263: new RaftServerImpl for group-09BB5F23D853:[85c6a9f3-b9a5-43a5-ac4f-9aa7bd5f2263:192.168.157.226:45170] with ContainerStateMachine:uninitialized
2019-09-19 14:21:39,316 [pool-27-thread-1] INFO  server.RaftServerConfigKeys (ConfUtils.java:logGet(43)) - raft.server.rpc.timeout.min = 5s (custom)
2019-09-19 14:21:39,316 [pool-27-thread-1] INFO  server.RaftServerConfigKeys (ConfUtils.java:logGet(43)) - raft.server.rpc.timeout.max = 5200ms (custom)
2019-09-19 14:21:39,316 [pool-27-thread-1] INFO  server.RaftServerConfigKeys (ConfUtils.java:logGet(43)) - raft.server.rpcslowness.timeout = 120s (custom)
2019-09-19 14:21:39,316 [pool-27-thread-1] INFO  server.RaftServerConfigKeys (ConfUtils.java:logGet(43)) - raft.server.sleep.deviation.threshold = 300 (default)
2019-09-19 14:21:39,316 [pool-27-thread-1] INFO  server.RaftServerConfigKeys (ConfUtils.java:logGet(43)) - raft.server.log.appender.install.snapshot.enabled = false (custom)
2019-09-19 14:21:39,316 [pool-27-thread-1] INFO  impl.RaftServerImpl (ServerState.java:<init>(105)) - 85c6a9f3-b9a5-43a5-ac4f-9aa7bd5f2263:group-09BB5F23D853 ConfigurationManager, init=-1: [85c6a9f3-b9a5-43a5-ac4f-9aa7bd5f2263:192.168.157.226:45170], old=null, confs=<EMPTY_MAP>
2019-09-19 14:21:39,317 [pool-27-thread-1] INFO  server.RaftServerConfigKeys (ConfUtils.java:logGet(43)) - raft.server.storage.dir = [/workdir/hadoop-ozone/integration-test/target/test-dir/MiniOzoneClusterImpl-210d6028-2152-4683-81ff-347b0d29bb13/datanode-0/data/ratis] (custom)
2019-09-19 14:21:39,317 [pool-27-thread-1] INFO  storage.RaftStorageDirectory (RaftStorageDirectory.java:analyzeStorage(246)) - The storage directory /workdir/hadoop-ozone/integration-test/target/test-dir/MiniOzoneClusterImpl-210d6028-2152-4683-81ff-347b0d29bb13/datanode-0/data/ratis/b199bc8c-e19c-4851-abfe-09bb5f23d853 does not exist. Creating ...
2019-09-19 14:21:39,331 [pool-27-thread-1] INFO  storage.RaftStorageDirectory (RaftStorageDirectory.java:tryLock(328)) - Lock on /workdir/hadoop-ozone/integration-test/target/test-dir/MiniOzoneClusterImpl-210d6028-2152-4683-81ff-347b0d29bb13/datanode-0/data/ratis/b199bc8c-e19c-4851-abfe-09bb5f23d853/in_use.lock acquired by nodename 16198@pr-hdds-1569-swxfz-3172132826
2019-09-19 14:21:39,344 [pool-27-thread-1] INFO  storage.RaftStorage (RaftStorage.java:format(72)) - Storage directory /workdir/hadoop-ozone/integration-test/target/test-dir/MiniOzoneClusterImpl-210d6028-2152-4683-81ff-347b0d29bb13/datanode-0/data/ratis/b199bc8c-e19c-4851-abfe-09bb5f23d853 has been successfully formatted.
2019-09-19 14:21:39,344 [pool-27-thread-1] INFO  ratis.ContainerStateMachine (ContainerStateMachine.java:loadSnapshot(226)) - group-09BB5F23D853: The snapshot info is null. Setting the last applied indexto:(t:0, i:~)
2019-09-19 14:21:39,344 [pool-27-thread-1] INFO  server.RaftServerConfigKeys (ConfUtils.java:logGet(43)) - raft.server.leader.election.timeout = 120s (custom)
2019-09-19 14:21:39,344 [pool-27-thread-1] INFO  server.RaftServerConfigKeys (ConfUtils.java:logGet(43)) - raft.server.log.use.memory = false (default)
2019-09-19 14:21:39,344 [pool-27-thread-1] INFO  server.RaftServerConfigKeys (ConfUtils.java:logGet(43)) - raft.server.log.purge.gap = 1000000 (custom)
2019-09-19 14:21:39,344 [pool-27-thread-1] INFO  server.RaftServerConfigKeys (ConfUtils.java:logGet(43)) - raft.server.log.appender.buffer.byte-limit = 33554432 (custom)
2019-09-19 14:21:39,344 [pool-27-thread-1] INFO  server.RaftServerConfigKeys (ConfUtils.java:logGet(43)) - raft.server.log.segment.size.max = 1048576 (custom)
2019-09-19 14:21:39,345 [pool-27-thread-1] INFO  server.RaftServerConfigKeys (ConfUtils.java:logGet(43)) - raft.server.log.segment.cache.num.max = 2 (custom)
2019-09-19 14:21:39,345 [pool-27-thread-1] INFO  segmented.SegmentedRaftLogWorker (SegmentedRaftLogWorker.java:<init>(172)) - new 85c6a9f3-b9a5-43a5-ac4f-9aa7bd5f2263-SegmentedRaftLogWorker:Storage Directory /workdir/hadoop-ozone/integration-test/target/test-dir/MiniOzoneClusterImpl-210d6028-2152-4683-81ff-347b0d29bb13/datanode-0/data/ratis/b199bc8c-e19c-4851-abfe-09bb5f23d853 for RaftStorage:Storage Directory /workdir/hadoop-ozone/integration-test/target/test-dir/MiniOzoneClusterImpl-210d6028-2152-4683-81ff-347b0d29bb13/datanode-0/data/ratis/b199bc8c-e19c-4851-abfe-09bb5f23d853
2019-09-19 14:21:39,345 [pool-27-thread-1] INFO  server.RaftServerConfigKeys (ConfUtils.java:logGet(43)) - raft.server.log.queue.byte-limit = 2147483647 (custom)
2019-09-19 14:21:39,345 [pool-27-thread-1] INFO  server.RaftServerConfigKeys (ConfUtils.java:logGet(43)) - raft.server.log.queue.element-limit = 1024 (custom)
2019-09-19 14:21:39,345 [pool-27-thread-1] INFO  server.RaftServerConfigKeys (ConfUtils.java:logGet(43)) - raft.server.log.segment.size.max = 1048576 (custom)
2019-09-19 14:21:39,345 [pool-27-thread-1] INFO  server.RaftServerConfigKeys (ConfUtils.java:logGet(43)) - raft.server.log.preallocated.size = 16384 (custom)
2019-09-19 14:21:39,345 [pool-27-thread-1] INFO  server.RaftServerConfigKeys (ConfUtils.java:logGet(43)) - raft.server.log.write.buffer.size = 33554432 (custom)
2019-09-19 14:21:39,346 [pool-27-thread-1] INFO  server.RaftServerConfigKeys (ConfUtils.java:logGet(43)) - raft.server.log.force.sync.num = 128 (default)
2019-09-19 14:21:39,346 [pool-27-thread-1] INFO  server.RaftServerConfigKeys (ConfUtils.java:logGet(43)) - raft.server.log.statemachine.data.sync = true (default)
2019-09-19 14:21:39,346 [pool-27-thread-1] INFO  server.RaftServerConfigKeys (ConfUtils.java:logGet(43)) - raft.server.log.statemachine.data.sync.timeout = 10s (default)
2019-09-19 14:21:39,346 [pool-27-thread-1] INFO  server.RaftServerConfigKeys (ConfUtils.java:logGet(43)) - raft.server.log.statemachine.data.sync.timeout.retry = -1 (default)
2019-09-19 14:21:39,346 [pool-27-thread-1] INFO  server.RaftServerConfigKeys (ConfUtils.java:logGet(43)) - raft.server.log.statemachine.data.caching.enabled = true (custom)
2019-09-19 14:21:39,346 [pool-27-thread-1] INFO  segmented.SegmentedRaftLogWorker (SegmentedRaftLogWorker.java:lambda$new$0(132)) - 85c6a9f3-b9a5-43a5-ac4f-9aa7bd5f2263-SegmentedRaftLogWorker:Storage Directory /workdir/hadoop-ozone/integration-test/target/test-dir/MiniOzoneClusterImpl-210d6028-2152-4683-81ff-347b0d29bb13/datanode-0/data/ratis/b199bc8c-e19c-4851-abfe-09bb5f23d853: flushIndex: setUnconditionally 0 -> -1
2019-09-19 14:21:39,347 [pool-27-thread-1] INFO  server.RaftServerConfigKeys (ConfUtils.java:logGet(43)) - raft.server.snapshot.auto.trigger.enabled = true (custom)
2019-09-19 14:21:39,347 [pool-27-thread-1] INFO  server.RaftServerConfigKeys (ConfUtils.java:logGet(43)) - raft.server.snapshot.auto.trigger.threshold = 10000 (custom)
2019-09-19 14:21:39,347 [pool-27-thread-1] INFO  server.RaftServerConfigKeys (ConfUtils.java:logGet(43)) - raft.server.retrycache.expirytime = 600000ms (custom)
2019-09-19 14:21:39,347 [pool-27-thread-1] INFO  impl.RaftServerImpl (RaftServerImpl.java:start(180)) - 85c6a9f3-b9a5-43a5-ac4f-9aa7bd5f2263: start group-09BB5F23D853
2019-09-19 14:21:39,347 [pool-27-thread-1] INFO  impl.RaftServerImpl (RaftServerImpl.java:setRole(171)) - 85c6a9f3-b9a5-43a5-ac4f-9aa7bd5f2263:group-09BB5F23D853 changes role from null to FOLLOWER at term 0 for startAsFollower
2019-09-19 14:21:39,347 [pool-27-thread-1] INFO  impl.RoleInfo (RoleInfo.java:updateAndGet(143)) - 85c6a9f3-b9a5-43a5-ac4f-9aa7bd5f2263: start FollowerState
2019-09-19 14:21:39,348 [pool-27-thread-1] INFO  util.JmxRegister (JmxRegister.java:tryRegister(44)) - Successfully registered JMX Bean with object name Ratis:service=RaftServer,group=group-09BB5F23D853,id=85c6a9f3-b9a5-43a5-ac4f-9aa7bd5f2263
2019-09-19 14:21:39,350 [RatisPipelineUtilsThread] INFO  pipeline.PipelineStateManager (PipelineStateManager.java:addPipeline(56)) - Created pipeline Pipeline[ Id: b199bc8c-e19c-4851-abfe-09bb5f23d853, Nodes: 85c6a9f3-b9a5-43a5-ac4f-9aa7bd5f2263{ip: 192.168.157.226, host: pr-hdds-1569-swxfz-3172132826, networkLocation: /default-rack, certSerialId: null}, Type:RATIS, Factor:ONE, State:OPEN]
2019-09-19 14:21:39,354 [grpc-default-executor-2] INFO  impl.RaftServerProxy (RaftServerProxy.java:addNew(89)) - 306a7a99-f2a5-4f40-b42b-2fc2def08a6a: addNew group-F7F2E51F902E:[306a7a99-f2a5-4f40-b42b-2fc2def08a6a:192.168.157.226:42633] returns group-F7F2E51F902E:java.util.concurrent.CompletableFuture@57cfe52f[Not completed]
2019-09-19 14:21:39,354 [pool-49-thread-1] INFO  impl.RaftServerImpl (RaftServerImpl.java:<init>(93)) - 306a7a99-f2a5-4f40-b42b-2fc2def08a6a: new RaftServerImpl for group-F7F2E51F902E:[306a7a99-f2a5-4f40-b42b-2fc2def08a6a:192.168.157.226:42633] with ContainerStateMachine:uninitialized
2019-09-19 14:21:39,354 [pool-49-thread-1] INFO  server.RaftServerConfigKeys (ConfUtils.java:logGet(43)) - raft.server.rpc.timeout.min = 5s (custom)
2019-09-19 14:21:39,354 [pool-49-thread-1] INFO  server.RaftServerConfigKeys (ConfUtils.java:logGet(43)) - raft.server.rpc.timeout.max = 5200ms (custom)
2019-09-19 14:21:39,355 [pool-49-thread-1] INFO  server.RaftServerConfigKeys (ConfUtils.java:logGet(43)) - raft.server.rpcslowness.timeout = 120s (custom)
2019-09-19 14:21:39,355 [pool-49-thread-1] INFO  server.RaftServerConfigKeys (ConfUtils.java:logGet(43)) - raft.server.sleep.deviation.threshold = 300 (default)
2019-09-19 14:21:39,355 [pool-49-thread-1] INFO  server.RaftServerConfigKeys (ConfUtils.java:logGet(43)) - raft.server.log.appender.install.snapshot.enabled = false (custom)
2019-09-19 14:21:39,355 [pool-49-thread-1] INFO  impl.RaftServerImpl (ServerState.java:<init>(105)) - 306a7a99-f2a5-4f40-b42b-2fc2def08a6a:group-F7F2E51F902E ConfigurationManager, init=-1: [306a7a99-f2a5-4f40-b42b-2fc2def08a6a:192.168.157.226:42633], old=null, confs=<EMPTY_MAP>
2019-09-19 14:21:39,355 [pool-49-thread-1] INFO  server.RaftServerConfigKeys (ConfUtils.java:logGet(43)) - raft.server.storage.dir = [/workdir/hadoop-ozone/integration-test/target/test-dir/MiniOzoneClusterImpl-210d6028-2152-4683-81ff-347b0d29bb13/datanode-2/data/ratis] (custom)
2019-09-19 14:21:39,355 [pool-49-thread-1] INFO  storage.RaftStorageDirectory (RaftStorageDirectory.java:analyzeStorage(246)) - The storage directory /workdir/hadoop-ozone/integration-test/target/test-dir/MiniOzoneClusterImpl-210d6028-2152-4683-81ff-347b0d29bb13/datanode-2/data/ratis/fff30b6b-3a17-4e1b-a2f3-f7f2e51f902e does not exist. Creating ...
2019-09-19 14:21:39,368 [pool-49-thread-1] INFO  storage.RaftStorageDirectory (RaftStorageDirectory.java:tryLock(328)) - Lock on /workdir/hadoop-ozone/integration-test/target/test-dir/MiniOzoneClusterImpl-210d6028-2152-4683-81ff-347b0d29bb13/datanode-2/data/ratis/fff30b6b-3a17-4e1b-a2f3-f7f2e51f902e/in_use.lock acquired by nodename 16198@pr-hdds-1569-swxfz-3172132826
2019-09-19 14:21:39,380 [pool-49-thread-1] INFO  storage.RaftStorage (RaftStorage.java:format(72)) - Storage directory /workdir/hadoop-ozone/integration-test/target/test-dir/MiniOzoneClusterImpl-210d6028-2152-4683-81ff-347b0d29bb13/datanode-2/data/ratis/fff30b6b-3a17-4e1b-a2f3-f7f2e51f902e has been successfully formatted.
2019-09-19 14:21:39,381 [pool-49-thread-1] INFO  ratis.ContainerStateMachine (ContainerStateMachine.java:loadSnapshot(226)) - group-F7F2E51F902E: The snapshot info is null. Setting the last applied indexto:(t:0, i:~)
2019-09-19 14:21:39,381 [pool-49-thread-1] INFO  server.RaftServerConfigKeys (ConfUtils.java:logGet(43)) - raft.server.leader.election.timeout = 120s (custom)
2019-09-19 14:21:39,381 [pool-49-thread-1] INFO  server.RaftServerConfigKeys (ConfUtils.java:logGet(43)) - raft.server.log.use.memory = false (default)
2019-09-19 14:21:39,381 [pool-49-thread-1] INFO  server.RaftServerConfigKeys (ConfUtils.java:logGet(43)) - raft.server.log.purge.gap = 1000000 (custom)
2019-09-19 14:21:39,381 [pool-49-thread-1] INFO  server.RaftServerConfigKeys (ConfUtils.java:logGet(43)) - raft.server.log.appender.buffer.byte-limit = 33554432 (custom)
2019-09-19 14:21:39,381 [pool-49-thread-1] INFO  server.RaftServerConfigKeys (ConfUtils.java:logGet(43)) - raft.server.log.segment.size.max = 1048576 (custom)
2019-09-19 14:21:39,381 [pool-49-thread-1] INFO  server.RaftServerConfigKeys (ConfUtils.java:logGet(43)) - raft.server.log.segment.cache.num.max = 2 (custom)
2019-09-19 14:21:39,381 [pool-49-thread-1] INFO  segmented.SegmentedRaftLogWorker (SegmentedRaftLogWorker.java:<init>(172)) - new 306a7a99-f2a5-4f40-b42b-2fc2def08a6a-SegmentedRaftLogWorker:Storage Directory /workdir/hadoop-ozone/integration-test/target/test-dir/MiniOzoneClusterImpl-210d6028-2152-4683-81ff-347b0d29bb13/datanode-2/data/ratis/fff30b6b-3a17-4e1b-a2f3-f7f2e51f902e for RaftStorage:Storage Directory /workdir/hadoop-ozone/integration-test/target/test-dir/MiniOzoneClusterImpl-210d6028-2152-4683-81ff-347b0d29bb13/datanode-2/data/ratis/fff30b6b-3a17-4e1b-a2f3-f7f2e51f902e
2019-09-19 14:21:39,381 [pool-49-thread-1] INFO  server.RaftServerConfigKeys (ConfUtils.java:logGet(43)) - raft.server.log.queue.byte-limit = 2147483647 (custom)
2019-09-19 14:21:39,381 [pool-49-thread-1] INFO  server.RaftServerConfigKeys (ConfUtils.java:logGet(43)) - raft.server.log.queue.element-limit = 1024 (custom)
2019-09-19 14:21:39,382 [pool-49-thread-1] INFO  server.RaftServerConfigKeys (ConfUtils.java:logGet(43)) - raft.server.log.segment.size.max = 1048576 (custom)
2019-09-19 14:21:39,382 [pool-49-thread-1] INFO  server.RaftServerConfigKeys (ConfUtils.java:logGet(43)) - raft.server.log.preallocated.size = 16384 (custom)
2019-09-19 14:21:39,382 [pool-49-thread-1] INFO  server.RaftServerConfigKeys (ConfUtils.java:logGet(43)) - raft.server.log.write.buffer.size = 33554432 (custom)
2019-09-19 14:21:39,382 [pool-49-thread-1] INFO  server.RaftServerConfigKeys (ConfUtils.java:logGet(43)) - raft.server.log.force.sync.num = 128 (default)
2019-09-19 14:21:39,382 [pool-49-thread-1] INFO  server.RaftServerConfigKeys (ConfUtils.java:logGet(43)) - raft.server.log.statemachine.data.sync = true (default)
2019-09-19 14:21:39,382 [pool-49-thread-1] INFO  server.RaftServerConfigKeys (ConfUtils.java:logGet(43)) - raft.server.log.statemachine.data.sync.timeout = 10s (default)
2019-09-19 14:21:39,382 [pool-49-thread-1] INFO  server.RaftServerConfigKeys (ConfUtils.java:logGet(43)) - raft.server.log.statemachine.data.sync.timeout.retry = -1 (default)
2019-09-19 14:21:39,382 [pool-49-thread-1] INFO  server.RaftServerConfigKeys (ConfUtils.java:logGet(43)) - raft.server.log.statemachine.data.caching.enabled = true (custom)
2019-09-19 14:21:39,382 [pool-49-thread-1] INFO  segmented.SegmentedRaftLogWorker (SegmentedRaftLogWorker.java:lambda$new$0(132)) - 306a7a99-f2a5-4f40-b42b-2fc2def08a6a-SegmentedRaftLogWorker:Storage Directory /workdir/hadoop-ozone/integration-test/target/test-dir/MiniOzoneClusterImpl-210d6028-2152-4683-81ff-347b0d29bb13/datanode-2/data/ratis/fff30b6b-3a17-4e1b-a2f3-f7f2e51f902e: flushIndex: setUnconditionally 0 -> -1
2019-09-19 14:21:39,383 [pool-49-thread-1] INFO  server.RaftServerConfigKeys (ConfUtils.java:logGet(43)) - raft.server.snapshot.auto.trigger.enabled = true (custom)
2019-09-19 14:21:39,383 [pool-49-thread-1] INFO  server.RaftServerConfigKeys (ConfUtils.java:logGet(43)) - raft.server.snapshot.auto.trigger.threshold = 10000 (custom)
2019-09-19 14:21:39,383 [pool-49-thread-1] INFO  server.RaftServerConfigKeys (ConfUtils.java:logGet(43)) - raft.server.retrycache.expirytime = 600000ms (custom)
2019-09-19 14:21:39,383 [pool-49-thread-1] INFO  impl.RaftServerImpl (RaftServerImpl.java:start(180)) - 306a7a99-f2a5-4f40-b42b-2fc2def08a6a: start group-F7F2E51F902E
2019-09-19 14:21:39,383 [pool-49-thread-1] INFO  impl.RaftServerImpl (RaftServerImpl.java:setRole(171)) - 306a7a99-f2a5-4f40-b42b-2fc2def08a6a:group-F7F2E51F902E changes role from null to FOLLOWER at term 0 for startAsFollower
2019-09-19 14:21:39,383 [pool-49-thread-1] INFO  impl.RoleInfo (RoleInfo.java:updateAndGet(143)) - 306a7a99-f2a5-4f40-b42b-2fc2def08a6a: start FollowerState
2019-09-19 14:21:39,383 [pool-49-thread-1] INFO  util.JmxRegister (JmxRegister.java:tryRegister(44)) - Successfully registered JMX Bean with object name Ratis:service=RaftServer,group=group-F7F2E51F902E,id=306a7a99-f2a5-4f40-b42b-2fc2def08a6a
2019-09-19 14:21:39,385 [RatisPipelineUtilsThread] INFO  pipeline.PipelineStateManager (PipelineStateManager.java:addPipeline(56)) - Created pipeline Pipeline[ Id: fff30b6b-3a17-4e1b-a2f3-f7f2e51f902e, Nodes: 306a7a99-f2a5-4f40-b42b-2fc2def08a6a{ip: 192.168.157.226, host: pr-hdds-1569-swxfz-3172132826, networkLocation: /default-rack, certSerialId: null}, Type:RATIS, Factor:ONE, State:OPEN]
2019-09-19 14:21:39,390 [grpc-default-executor-2] INFO  impl.RaftServerProxy (RaftServerProxy.java:addNew(89)) - 1190b9a7-12b1-4c15-b33e-f7d0a0cd436c: addNew group-E32ECD57E9E2:[1190b9a7-12b1-4c15-b33e-f7d0a0cd436c:192.168.157.226:34463] returns group-E32ECD57E9E2:java.util.concurrent.CompletableFuture@6745fbbd[Not completed]
2019-09-19 14:21:39,391 [pool-71-thread-1] INFO  impl.RaftServerImpl (RaftServerImpl.java:<init>(93)) - 1190b9a7-12b1-4c15-b33e-f7d0a0cd436c: new RaftServerImpl for group-E32ECD57E9E2:[1190b9a7-12b1-4c15-b33e-f7d0a0cd436c:192.168.157.226:34463] with ContainerStateMachine:uninitialized
2019-09-19 14:21:39,391 [pool-71-thread-1] INFO  server.RaftServerConfigKeys (ConfUtils.java:logGet(43)) - raft.server.rpc.timeout.min = 5s (custom)
2019-09-19 14:21:39,391 [pool-71-thread-1] INFO  server.RaftServerConfigKeys (ConfUtils.java:logGet(43)) - raft.server.rpc.timeout.max = 5200ms (custom)
2019-09-19 14:21:39,391 [pool-71-thread-1] INFO  server.RaftServerConfigKeys (ConfUtils.java:logGet(43)) - raft.server.rpcslowness.timeout = 120s (custom)
2019-09-19 14:21:39,391 [pool-71-thread-1] INFO  server.RaftServerConfigKeys (ConfUtils.java:logGet(43)) - raft.server.sleep.deviation.threshold = 300 (default)
2019-09-19 14:21:39,392 [pool-71-thread-1] INFO  server.RaftServerConfigKeys (ConfUtils.java:logGet(43)) - raft.server.log.appender.install.snapshot.enabled = false (custom)
2019-09-19 14:21:39,392 [pool-71-thread-1] INFO  impl.RaftServerImpl (ServerState.java:<init>(105)) - 1190b9a7-12b1-4c15-b33e-f7d0a0cd436c:group-E32ECD57E9E2 ConfigurationManager, init=-1: [1190b9a7-12b1-4c15-b33e-f7d0a0cd436c:192.168.157.226:34463], old=null, confs=<EMPTY_MAP>
2019-09-19 14:21:39,392 [pool-71-thread-1] INFO  server.RaftServerConfigKeys (ConfUtils.java:logGet(43)) - raft.server.storage.dir = [/workdir/hadoop-ozone/integration-test/target/test-dir/MiniOzoneClusterImpl-210d6028-2152-4683-81ff-347b0d29bb13/datanode-4/data/ratis] (custom)
2019-09-19 14:21:39,392 [pool-71-thread-1] INFO  storage.RaftStorageDirectory (RaftStorageDirectory.java:analyzeStorage(246)) - The storage directory /workdir/hadoop-ozone/integration-test/target/test-dir/MiniOzoneClusterImpl-210d6028-2152-4683-81ff-347b0d29bb13/datanode-4/data/ratis/aef45801-cb89-4e1e-bcc4-e32ecd57e9e2 does not exist. Creating ...
2019-09-19 14:21:39,398 [ReplicationMonitor] INFO  container.ReplicationManager (ReplicationManager.java:run(214)) - Replication Monitor Thread took 23024 milliseconds for processing 1 containers.
2019-09-19 14:21:39,405 [pool-71-thread-1] INFO  storage.RaftStorageDirectory (RaftStorageDirectory.java:tryLock(328)) - Lock on /workdir/hadoop-ozone/integration-test/target/test-dir/MiniOzoneClusterImpl-210d6028-2152-4683-81ff-347b0d29bb13/datanode-4/data/ratis/aef45801-cb89-4e1e-bcc4-e32ecd57e9e2/in_use.lock acquired by nodename 16198@pr-hdds-1569-swxfz-3172132826
2019-09-19 14:21:39,453 [pool-71-thread-1] INFO  storage.RaftStorage (RaftStorage.java:format(72)) - Storage directory /workdir/hadoop-ozone/integration-test/target/test-dir/MiniOzoneClusterImpl-210d6028-2152-4683-81ff-347b0d29bb13/datanode-4/data/ratis/aef45801-cb89-4e1e-bcc4-e32ecd57e9e2 has been successfully formatted.
2019-09-19 14:21:39,454 [pool-71-thread-1] INFO  ratis.ContainerStateMachine (ContainerStateMachine.java:loadSnapshot(226)) - group-E32ECD57E9E2: The snapshot info is null. Setting the last applied indexto:(t:0, i:~)
2019-09-19 14:21:39,454 [pool-71-thread-1] INFO  server.RaftServerConfigKeys (ConfUtils.java:logGet(43)) - raft.server.leader.election.timeout = 120s (custom)
2019-09-19 14:21:39,454 [pool-71-thread-1] INFO  server.RaftServerConfigKeys (ConfUtils.java:logGet(43)) - raft.server.log.use.memory = false (default)
2019-09-19 14:21:39,454 [pool-71-thread-1] INFO  server.RaftServerConfigKeys (ConfUtils.java:logGet(43)) - raft.server.log.purge.gap = 1000000 (custom)
2019-09-19 14:21:39,454 [pool-71-thread-1] INFO  server.RaftServerConfigKeys (ConfUtils.java:logGet(43)) - raft.server.log.appender.buffer.byte-limit = 33554432 (custom)
2019-09-19 14:21:39,455 [pool-71-thread-1] INFO  server.RaftServerConfigKeys (ConfUtils.java:logGet(43)) - raft.server.log.segment.size.max = 1048576 (custom)
2019-09-19 14:21:39,455 [pool-71-thread-1] INFO  server.RaftServerConfigKeys (ConfUtils.java:logGet(43)) - raft.server.log.segment.cache.num.max = 2 (custom)
2019-09-19 14:21:39,455 [pool-71-thread-1] INFO  segmented.SegmentedRaftLogWorker (SegmentedRaftLogWorker.java:<init>(172)) - new 1190b9a7-12b1-4c15-b33e-f7d0a0cd436c-SegmentedRaftLogWorker:Storage Directory /workdir/hadoop-ozone/integration-test/target/test-dir/MiniOzoneClusterImpl-210d6028-2152-4683-81ff-347b0d29bb13/datanode-4/data/ratis/aef45801-cb89-4e1e-bcc4-e32ecd57e9e2 for RaftStorage:Storage Directory /workdir/hadoop-ozone/integration-test/target/test-dir/MiniOzoneClusterImpl-210d6028-2152-4683-81ff-347b0d29bb13/datanode-4/data/ratis/aef45801-cb89-4e1e-bcc4-e32ecd57e9e2
2019-09-19 14:21:39,455 [pool-71-thread-1] INFO  server.RaftServerConfigKeys (ConfUtils.java:logGet(43)) - raft.server.log.queue.byte-limit = 2147483647 (custom)
2019-09-19 14:21:39,455 [pool-71-thread-1] INFO  server.RaftServerConfigKeys (ConfUtils.java:logGet(43)) - raft.server.log.queue.element-limit = 1024 (custom)
2019-09-19 14:21:39,455 [pool-71-thread-1] INFO  server.RaftServerConfigKeys (ConfUtils.java:logGet(43)) - raft.server.log.segment.size.max = 1048576 (custom)
2019-09-19 14:21:39,455 [pool-71-thread-1] INFO  server.RaftServerConfigKeys (ConfUtils.java:logGet(43)) - raft.server.log.preallocated.size = 16384 (custom)
2019-09-19 14:21:39,456 [pool-71-thread-1] INFO  server.RaftServerConfigKeys (ConfUtils.java:logGet(43)) - raft.server.log.write.buffer.size = 33554432 (custom)
2019-09-19 14:21:39,456 [pool-71-thread-1] INFO  server.RaftServerConfigKeys (ConfUtils.java:logGet(43)) - raft.server.log.force.sync.num = 128 (default)
2019-09-19 14:21:39,456 [pool-71-thread-1] INFO  server.RaftServerConfigKeys (ConfUtils.java:logGet(43)) - raft.server.log.statemachine.data.sync = true (default)
2019-09-19 14:21:39,456 [pool-71-thread-1] INFO  server.RaftServerConfigKeys (ConfUtils.java:logGet(43)) - raft.server.log.statemachine.data.sync.timeout = 10s (default)
2019-09-19 14:21:39,456 [pool-71-thread-1] INFO  server.RaftServerConfigKeys (ConfUtils.java:logGet(43)) - raft.server.log.statemachine.data.sync.timeout.retry = -1 (default)
2019-09-19 14:21:39,456 [pool-71-thread-1] INFO  server.RaftServerConfigKeys (ConfUtils.java:logGet(43)) - raft.server.log.statemachine.data.caching.enabled = true (custom)
2019-09-19 14:21:39,457 [pool-71-thread-1] INFO  segmented.SegmentedRaftLogWorker (SegmentedRaftLogWorker.java:lambda$new$0(132)) - 1190b9a7-12b1-4c15-b33e-f7d0a0cd436c-SegmentedRaftLogWorker:Storage Directory /workdir/hadoop-ozone/integration-test/target/test-dir/MiniOzoneClusterImpl-210d6028-2152-4683-81ff-347b0d29bb13/datanode-4/data/ratis/aef45801-cb89-4e1e-bcc4-e32ecd57e9e2: flushIndex: setUnconditionally 0 -> -1
2019-09-19 14:21:39,457 [pool-71-thread-1] INFO  server.RaftServerConfigKeys (ConfUtils.java:logGet(43)) - raft.server.snapshot.auto.trigger.enabled = true (custom)
2019-09-19 14:21:39,457 [pool-71-thread-1] INFO  server.RaftServerConfigKeys (ConfUtils.java:logGet(43)) - raft.server.snapshot.auto.trigger.threshold = 10000 (custom)
2019-09-19 14:21:39,458 [pool-71-thread-1] INFO  server.RaftServerConfigKeys (ConfUtils.java:logGet(43)) - raft.server.retrycache.expirytime = 600000ms (custom)
2019-09-19 14:21:39,458 [pool-71-thread-1] INFO  impl.RaftServerImpl (RaftServerImpl.java:start(180)) - 1190b9a7-12b1-4c15-b33e-f7d0a0cd436c: start group-E32ECD57E9E2
2019-09-19 14:21:39,458 [pool-71-thread-1] INFO  impl.RaftServerImpl (RaftServerImpl.java:setRole(171)) - 1190b9a7-12b1-4c15-b33e-f7d0a0cd436c:group-E32ECD57E9E2 changes role from null to FOLLOWER at term 0 for startAsFollower
2019-09-19 14:21:39,458 [pool-71-thread-1] INFO  impl.RoleInfo (RoleInfo.java:updateAndGet(143)) - 1190b9a7-12b1-4c15-b33e-f7d0a0cd436c: start FollowerState
2019-09-19 14:21:39,458 [pool-71-thread-1] INFO  util.JmxRegister (JmxRegister.java:tryRegister(44)) - Successfully registered JMX Bean with object name Ratis:service=RaftServer,group=group-E32ECD57E9E2,id=1190b9a7-12b1-4c15-b33e-f7d0a0cd436c
2019-09-19 14:21:39,461 [RatisPipelineUtilsThread] INFO  pipeline.PipelineStateManager (PipelineStateManager.java:addPipeline(56)) - Created pipeline Pipeline[ Id: aef45801-cb89-4e1e-bcc4-e32ecd57e9e2, Nodes: 1190b9a7-12b1-4c15-b33e-f7d0a0cd436c{ip: 192.168.157.226, host: pr-hdds-1569-swxfz-3172132826, networkLocation: /default-rack, certSerialId: null}, Type:RATIS, Factor:ONE, State:OPEN]
2019-09-19 14:21:39,466 [grpc-default-executor-2] INFO  impl.RaftServerProxy (RaftServerProxy.java:addNew(89)) - 5dfaa0ea-416a-422c-a75d-43311aceb00a: addNew group-2D13F68C8B1A:[5dfaa0ea-416a-422c-a75d-43311aceb00a:192.168.157.226:45629] returns group-2D13F68C8B1A:java.util.concurrent.CompletableFuture@786a48c[Not completed]
2019-09-19 14:21:39,467 [pool-38-thread-1] INFO  impl.RaftServerImpl (RaftServerImpl.java:<init>(93)) - 5dfaa0ea-416a-422c-a75d-43311aceb00a: new RaftServerImpl for group-2D13F68C8B1A:[5dfaa0ea-416a-422c-a75d-43311aceb00a:192.168.157.226:45629] with ContainerStateMachine:uninitialized
2019-09-19 14:21:39,468 [pool-38-thread-1] INFO  server.RaftServerConfigKeys (ConfUtils.java:logGet(43)) - raft.server.rpc.timeout.min = 5s (custom)
2019-09-19 14:21:39,468 [pool-38-thread-1] INFO  server.RaftServerConfigKeys (ConfUtils.java:logGet(43)) - raft.server.rpc.timeout.max = 5200ms (custom)
2019-09-19 14:21:39,468 [pool-38-thread-1] INFO  server.RaftServerConfigKeys (ConfUtils.java:logGet(43)) - raft.server.rpcslowness.timeout = 120s (custom)
2019-09-19 14:21:39,468 [pool-38-thread-1] INFO  server.RaftServerConfigKeys (ConfUtils.java:logGet(43)) - raft.server.sleep.deviation.threshold = 300 (default)
2019-09-19 14:21:39,468 [pool-38-thread-1] INFO  server.RaftServerConfigKeys (ConfUtils.java:logGet(43)) - raft.server.log.appender.install.snapshot.enabled = false (custom)
2019-09-19 14:21:39,469 [pool-38-thread-1] INFO  impl.RaftServerImpl (ServerState.java:<init>(105)) - 5dfaa0ea-416a-422c-a75d-43311aceb00a:group-2D13F68C8B1A ConfigurationManager, init=-1: [5dfaa0ea-416a-422c-a75d-43311aceb00a:192.168.157.226:45629], old=null, confs=<EMPTY_MAP>
2019-09-19 14:21:39,469 [pool-38-thread-1] INFO  server.RaftServerConfigKeys (ConfUtils.java:logGet(43)) - raft.server.storage.dir = [/workdir/hadoop-ozone/integration-test/target/test-dir/MiniOzoneClusterImpl-210d6028-2152-4683-81ff-347b0d29bb13/datanode-1/data/ratis] (custom)
2019-09-19 14:21:39,470 [pool-38-thread-1] INFO  storage.RaftStorageDirectory (RaftStorageDirectory.java:analyzeStorage(246)) - The storage directory /workdir/hadoop-ozone/integration-test/target/test-dir/MiniOzoneClusterImpl-210d6028-2152-4683-81ff-347b0d29bb13/datanode-1/data/ratis/d9644a14-b63e-4f6b-b25a-2d13f68c8b1a does not exist. Creating ...
2019-09-19 14:21:39,484 [pool-38-thread-1] INFO  storage.RaftStorageDirectory (RaftStorageDirectory.java:tryLock(328)) - Lock on /workdir/hadoop-ozone/integration-test/target/test-dir/MiniOzoneClusterImpl-210d6028-2152-4683-81ff-347b0d29bb13/datanode-1/data/ratis/d9644a14-b63e-4f6b-b25a-2d13f68c8b1a/in_use.lock acquired by nodename 16198@pr-hdds-1569-swxfz-3172132826
2019-09-19 14:21:39,497 [pool-38-thread-1] INFO  storage.RaftStorage (RaftStorage.java:format(72)) - Storage directory /workdir/hadoop-ozone/integration-test/target/test-dir/MiniOzoneClusterImpl-210d6028-2152-4683-81ff-347b0d29bb13/datanode-1/data/ratis/d9644a14-b63e-4f6b-b25a-2d13f68c8b1a has been successfully formatted.
2019-09-19 14:21:39,497 [pool-38-thread-1] INFO  ratis.ContainerStateMachine (ContainerStateMachine.java:loadSnapshot(226)) - group-2D13F68C8B1A: The snapshot info is null. Setting the last applied indexto:(t:0, i:~)
2019-09-19 14:21:39,497 [pool-38-thread-1] INFO  server.RaftServerConfigKeys (ConfUtils.java:logGet(43)) - raft.server.leader.election.timeout = 120s (custom)
2019-09-19 14:21:39,497 [pool-38-thread-1] INFO  server.RaftServerConfigKeys (ConfUtils.java:logGet(43)) - raft.server.log.use.memory = false (default)
2019-09-19 14:21:39,497 [pool-38-thread-1] INFO  server.RaftServerConfigKeys (ConfUtils.java:logGet(43)) - raft.server.log.purge.gap = 1000000 (custom)
2019-09-19 14:21:39,498 [pool-38-thread-1] INFO  server.RaftServerConfigKeys (ConfUtils.java:logGet(43)) - raft.server.log.appender.buffer.byte-limit = 33554432 (custom)
2019-09-19 14:21:39,498 [pool-38-thread-1] INFO  server.RaftServerConfigKeys (ConfUtils.java:logGet(43)) - raft.server.log.segment.size.max = 1048576 (custom)
2019-09-19 14:21:39,498 [pool-38-thread-1] INFO  server.RaftServerConfigKeys (ConfUtils.java:logGet(43)) - raft.server.log.segment.cache.num.max = 2 (custom)
2019-09-19 14:21:39,498 [pool-38-thread-1] INFO  segmented.SegmentedRaftLogWorker (SegmentedRaftLogWorker.java:<init>(172)) - new 5dfaa0ea-416a-422c-a75d-43311aceb00a-SegmentedRaftLogWorker:Storage Directory /workdir/hadoop-ozone/integration-test/target/test-dir/MiniOzoneClusterImpl-210d6028-2152-4683-81ff-347b0d29bb13/datanode-1/data/ratis/d9644a14-b63e-4f6b-b25a-2d13f68c8b1a for RaftStorage:Storage Directory /workdir/hadoop-ozone/integration-test/target/test-dir/MiniOzoneClusterImpl-210d6028-2152-4683-81ff-347b0d29bb13/datanode-1/data/ratis/d9644a14-b63e-4f6b-b25a-2d13f68c8b1a
2019-09-19 14:21:39,498 [pool-38-thread-1] INFO  server.RaftServerConfigKeys (ConfUtils.java:logGet(43)) - raft.server.log.queue.byte-limit = 2147483647 (custom)
2019-09-19 14:21:39,498 [pool-38-thread-1] INFO  server.RaftServerConfigKeys (ConfUtils.java:logGet(43)) - raft.server.log.queue.element-limit = 1024 (custom)
2019-09-19 14:21:39,498 [pool-38-thread-1] INFO  server.RaftServerConfigKeys (ConfUtils.java:logGet(43)) - raft.server.log.segment.size.max = 1048576 (custom)
2019-09-19 14:21:39,498 [pool-38-thread-1] INFO  server.RaftServerConfigKeys (ConfUtils.java:logGet(43)) - raft.server.log.preallocated.size = 16384 (custom)
2019-09-19 14:21:39,499 [pool-38-thread-1] INFO  server.RaftServerConfigKeys (ConfUtils.java:logGet(43)) - raft.server.log.write.buffer.size = 33554432 (custom)
2019-09-19 14:21:39,499 [pool-38-thread-1] INFO  server.RaftServerConfigKeys (ConfUtils.java:logGet(43)) - raft.server.log.force.sync.num = 128 (default)
2019-09-19 14:21:39,499 [pool-38-thread-1] INFO  server.RaftServerConfigKeys (ConfUtils.java:logGet(43)) - raft.server.log.statemachine.data.sync = true (default)
2019-09-19 14:21:39,499 [pool-38-thread-1] INFO  server.RaftServerConfigKeys (ConfUtils.java:logGet(43)) - raft.server.log.statemachine.data.sync.timeout = 10s (default)
2019-09-19 14:21:39,499 [pool-38-thread-1] INFO  server.RaftServerConfigKeys (ConfUtils.java:logGet(43)) - raft.server.log.statemachine.data.sync.timeout.retry = -1 (default)
2019-09-19 14:21:39,499 [pool-38-thread-1] INFO  server.RaftServerConfigKeys (ConfUtils.java:logGet(43)) - raft.server.log.statemachine.data.caching.enabled = true (custom)
2019-09-19 14:21:39,500 [pool-38-thread-1] INFO  segmented.SegmentedRaftLogWorker (SegmentedRaftLogWorker.java:lambda$new$0(132)) - 5dfaa0ea-416a-422c-a75d-43311aceb00a-SegmentedRaftLogWorker:Storage Directory /workdir/hadoop-ozone/integration-test/target/test-dir/MiniOzoneClusterImpl-210d6028-2152-4683-81ff-347b0d29bb13/datanode-1/data/ratis/d9644a14-b63e-4f6b-b25a-2d13f68c8b1a: flushIndex: setUnconditionally 0 -> -1
2019-09-19 14:21:39,500 [pool-38-thread-1] INFO  server.RaftServerConfigKeys (ConfUtils.java:logGet(43)) - raft.server.snapshot.auto.trigger.enabled = true (custom)
2019-09-19 14:21:39,500 [pool-38-thread-1] INFO  server.RaftServerConfigKeys (ConfUtils.java:logGet(43)) - raft.server.snapshot.auto.trigger.threshold = 10000 (custom)
2019-09-19 14:21:39,500 [pool-38-thread-1] INFO  server.RaftServerConfigKeys (ConfUtils.java:logGet(43)) - raft.server.retrycache.expirytime = 600000ms (custom)
2019-09-19 14:21:39,500 [pool-38-thread-1] INFO  impl.RaftServerImpl (RaftServerImpl.java:start(180)) - 5dfaa0ea-416a-422c-a75d-43311aceb00a: start group-2D13F68C8B1A
2019-09-19 14:21:39,500 [pool-38-thread-1] INFO  impl.RaftServerImpl (RaftServerImpl.java:setRole(171)) - 5dfaa0ea-416a-422c-a75d-43311aceb00a:group-2D13F68C8B1A changes role from null to FOLLOWER at term 0 for startAsFollower
2019-09-19 14:21:39,501 [pool-38-thread-1] INFO  impl.RoleInfo (RoleInfo.java:updateAndGet(143)) - 5dfaa0ea-416a-422c-a75d-43311aceb00a: start FollowerState
2019-09-19 14:21:39,501 [pool-38-thread-1] INFO  util.JmxRegister (JmxRegister.java:tryRegister(44)) - Successfully registered JMX Bean with object name Ratis:service=RaftServer,group=group-2D13F68C8B1A,id=5dfaa0ea-416a-422c-a75d-43311aceb00a
2019-09-19 14:21:39,503 [RatisPipelineUtilsThread] INFO  pipeline.PipelineStateManager (PipelineStateManager.java:addPipeline(56)) - Created pipeline Pipeline[ Id: d9644a14-b63e-4f6b-b25a-2d13f68c8b1a, Nodes: 5dfaa0ea-416a-422c-a75d-43311aceb00a{ip: 192.168.157.226, host: pr-hdds-1569-swxfz-3172132826, networkLocation: /default-rack, certSerialId: null}, Type:RATIS, Factor:ONE, State:OPEN]
2019-09-19 14:21:39,507 [grpc-default-executor-2] INFO  impl.RaftServerProxy (RaftServerProxy.java:addNew(89)) - 6403e584-2209-453b-b79e-eeb0a7b58516: addNew group-8077D3FCDC3D:[6403e584-2209-453b-b79e-eeb0a7b58516:192.168.157.226:35833] returns group-8077D3FCDC3D:java.util.concurrent.CompletableFuture@37372728[Not completed]
2019-09-19 14:21:39,509 [pool-60-thread-1] INFO  impl.RaftServerImpl (RaftServerImpl.java:<init>(93)) - 6403e584-2209-453b-b79e-eeb0a7b58516: new RaftServerImpl for group-8077D3FCDC3D:[6403e584-2209-453b-b79e-eeb0a7b58516:192.168.157.226:35833] with ContainerStateMachine:uninitialized
2019-09-19 14:21:39,509 [pool-60-thread-1] INFO  server.RaftServerConfigKeys (ConfUtils.java:logGet(43)) - raft.server.rpc.timeout.min = 5s (custom)
2019-09-19 14:21:39,509 [pool-60-thread-1] INFO  server.RaftServerConfigKeys (ConfUtils.java:logGet(43)) - raft.server.rpc.timeout.max = 5200ms (custom)
2019-09-19 14:21:39,509 [pool-60-thread-1] INFO  server.RaftServerConfigKeys (ConfUtils.java:logGet(43)) - raft.server.rpcslowness.timeout = 120s (custom)
2019-09-19 14:21:39,509 [pool-60-thread-1] INFO  server.RaftServerConfigKeys (ConfUtils.java:logGet(43)) - raft.server.sleep.deviation.threshold = 300 (default)
2019-09-19 14:21:39,509 [pool-60-thread-1] INFO  server.RaftServerConfigKeys (ConfUtils.java:logGet(43)) - raft.server.log.appender.install.snapshot.enabled = false (custom)
2019-09-19 14:21:39,509 [pool-60-thread-1] INFO  impl.RaftServerImpl (ServerState.java:<init>(105)) - 6403e584-2209-453b-b79e-eeb0a7b58516:group-8077D3FCDC3D ConfigurationManager, init=-1: [6403e584-2209-453b-b79e-eeb0a7b58516:192.168.157.226:35833], old=null, confs=<EMPTY_MAP>
2019-09-19 14:21:39,510 [pool-60-thread-1] INFO  server.RaftServerConfigKeys (ConfUtils.java:logGet(43)) - raft.server.storage.dir = [/workdir/hadoop-ozone/integration-test/target/test-dir/MiniOzoneClusterImpl-210d6028-2152-4683-81ff-347b0d29bb13/datanode-3/data/ratis] (custom)
2019-09-19 14:21:39,510 [pool-60-thread-1] INFO  storage.RaftStorageDirectory (RaftStorageDirectory.java:analyzeStorage(246)) - The storage directory /workdir/hadoop-ozone/integration-test/target/test-dir/MiniOzoneClusterImpl-210d6028-2152-4683-81ff-347b0d29bb13/datanode-3/data/ratis/4a5c15d5-b75f-4c36-a226-8077d3fcdc3d does not exist. Creating ...
2019-09-19 14:21:39,523 [pool-60-thread-1] INFO  storage.RaftStorageDirectory (RaftStorageDirectory.java:tryLock(328)) - Lock on /workdir/hadoop-ozone/integration-test/target/test-dir/MiniOzoneClusterImpl-210d6028-2152-4683-81ff-347b0d29bb13/datanode-3/data/ratis/4a5c15d5-b75f-4c36-a226-8077d3fcdc3d/in_use.lock acquired by nodename 16198@pr-hdds-1569-swxfz-3172132826
2019-09-19 14:21:39,536 [pool-60-thread-1] INFO  storage.RaftStorage (RaftStorage.java:format(72)) - Storage directory /workdir/hadoop-ozone/integration-test/target/test-dir/MiniOzoneClusterImpl-210d6028-2152-4683-81ff-347b0d29bb13/datanode-3/data/ratis/4a5c15d5-b75f-4c36-a226-8077d3fcdc3d has been successfully formatted.
2019-09-19 14:21:39,536 [pool-60-thread-1] INFO  ratis.ContainerStateMachine (ContainerStateMachine.java:loadSnapshot(226)) - group-8077D3FCDC3D: The snapshot info is null. Setting the last applied indexto:(t:0, i:~)
2019-09-19 14:21:39,536 [pool-60-thread-1] INFO  server.RaftServerConfigKeys (ConfUtils.java:logGet(43)) - raft.server.leader.election.timeout = 120s (custom)
2019-09-19 14:21:39,536 [pool-60-thread-1] INFO  server.RaftServerConfigKeys (ConfUtils.java:logGet(43)) - raft.server.log.use.memory = false (default)
2019-09-19 14:21:39,537 [pool-60-thread-1] INFO  server.RaftServerConfigKeys (ConfUtils.java:logGet(43)) - raft.server.log.purge.gap = 1000000 (custom)
2019-09-19 14:21:39,537 [pool-60-thread-1] INFO  server.RaftServerConfigKeys (ConfUtils.java:logGet(43)) - raft.server.log.appender.buffer.byte-limit = 33554432 (custom)
2019-09-19 14:21:39,537 [pool-60-thread-1] INFO  server.RaftServerConfigKeys (ConfUtils.java:logGet(43)) - raft.server.log.segment.size.max = 1048576 (custom)
2019-09-19 14:21:39,537 [pool-60-thread-1] INFO  server.RaftServerConfigKeys (ConfUtils.java:logGet(43)) - raft.server.log.segment.cache.num.max = 2 (custom)
2019-09-19 14:21:39,537 [pool-60-thread-1] INFO  segmented.SegmentedRaftLogWorker (SegmentedRaftLogWorker.java:<init>(172)) - new 6403e584-2209-453b-b79e-eeb0a7b58516-SegmentedRaftLogWorker:Storage Directory /workdir/hadoop-ozone/integration-test/target/test-dir/MiniOzoneClusterImpl-210d6028-2152-4683-81ff-347b0d29bb13/datanode-3/data/ratis/4a5c15d5-b75f-4c36-a226-8077d3fcdc3d for RaftStorage:Storage Directory /workdir/hadoop-ozone/integration-test/target/test-dir/MiniOzoneClusterImpl-210d6028-2152-4683-81ff-347b0d29bb13/datanode-3/data/ratis/4a5c15d5-b75f-4c36-a226-8077d3fcdc3d
2019-09-19 14:21:39,537 [pool-60-thread-1] INFO  server.RaftServerConfigKeys (ConfUtils.java:logGet(43)) - raft.server.log.queue.byte-limit = 2147483647 (custom)
2019-09-19 14:21:39,537 [pool-60-thread-1] INFO  server.RaftServerConfigKeys (ConfUtils.java:logGet(43)) - raft.server.log.queue.element-limit = 1024 (custom)
2019-09-19 14:21:39,538 [pool-60-thread-1] INFO  server.RaftServerConfigKeys (ConfUtils.java:logGet(43)) - raft.server.log.segment.size.max = 1048576 (custom)
2019-09-19 14:21:39,538 [pool-60-thread-1] INFO  server.RaftServerConfigKeys (ConfUtils.java:logGet(43)) - raft.server.log.preallocated.size = 16384 (custom)
2019-09-19 14:21:39,538 [pool-60-thread-1] INFO  server.RaftServerConfigKeys (ConfUtils.java:logGet(43)) - raft.server.log.write.buffer.size = 33554432 (custom)
2019-09-19 14:21:39,538 [pool-60-thread-1] INFO  server.RaftServerConfigKeys (ConfUtils.java:logGet(43)) - raft.server.log.force.sync.num = 128 (default)
2019-09-19 14:21:39,538 [pool-60-thread-1] INFO  server.RaftServerConfigKeys (ConfUtils.java:logGet(43)) - raft.server.log.statemachine.data.sync = true (default)
2019-09-19 14:21:39,538 [pool-60-thread-1] INFO  server.RaftServerConfigKeys (ConfUtils.java:logGet(43)) - raft.server.log.statemachine.data.sync.timeout = 10s (default)
2019-09-19 14:21:39,539 [pool-60-thread-1] INFO  server.RaftServerConfigKeys (ConfUtils.java:logGet(43)) - raft.server.log.statemachine.data.sync.timeout.retry = -1 (default)
2019-09-19 14:21:39,539 [pool-60-thread-1] INFO  server.RaftServerConfigKeys (ConfUtils.java:logGet(43)) - raft.server.log.statemachine.data.caching.enabled = true (custom)
2019-09-19 14:21:39,539 [pool-60-thread-1] INFO  segmented.SegmentedRaftLogWorker (SegmentedRaftLogWorker.java:lambda$new$0(132)) - 6403e584-2209-453b-b79e-eeb0a7b58516-SegmentedRaftLogWorker:Storage Directory /workdir/hadoop-ozone/integration-test/target/test-dir/MiniOzoneClusterImpl-210d6028-2152-4683-81ff-347b0d29bb13/datanode-3/data/ratis/4a5c15d5-b75f-4c36-a226-8077d3fcdc3d: flushIndex: setUnconditionally 0 -> -1
2019-09-19 14:21:39,539 [pool-60-thread-1] INFO  server.RaftServerConfigKeys (ConfUtils.java:logGet(43)) - raft.server.snapshot.auto.trigger.enabled = true (custom)
2019-09-19 14:21:39,539 [pool-60-thread-1] INFO  server.RaftServerConfigKeys (ConfUtils.java:logGet(43)) - raft.server.snapshot.auto.trigger.threshold = 10000 (custom)
2019-09-19 14:21:39,540 [pool-60-thread-1] INFO  server.RaftServerConfigKeys (ConfUtils.java:logGet(43)) - raft.server.retrycache.expirytime = 600000ms (custom)
2019-09-19 14:21:39,540 [pool-60-thread-1] INFO  impl.RaftServerImpl (RaftServerImpl.java:start(180)) - 6403e584-2209-453b-b79e-eeb0a7b58516: start group-8077D3FCDC3D
2019-09-19 14:21:39,540 [pool-60-thread-1] INFO  impl.RaftServerImpl (RaftServerImpl.java:setRole(171)) - 6403e584-2209-453b-b79e-eeb0a7b58516:group-8077D3FCDC3D changes role from null to FOLLOWER at term 0 for startAsFollower
2019-09-19 14:21:39,540 [pool-60-thread-1] INFO  impl.RoleInfo (RoleInfo.java:updateAndGet(143)) - 6403e584-2209-453b-b79e-eeb0a7b58516: start FollowerState
2019-09-19 14:21:39,540 [pool-60-thread-1] INFO  util.JmxRegister (JmxRegister.java:tryRegister(44)) - Successfully registered JMX Bean with object name Ratis:service=RaftServer,group=group-8077D3FCDC3D,id=6403e584-2209-453b-b79e-eeb0a7b58516
2019-09-19 14:21:39,543 [RatisPipelineUtilsThread] INFO  pipeline.PipelineStateManager (PipelineStateManager.java:addPipeline(56)) - Created pipeline Pipeline[ Id: 4a5c15d5-b75f-4c36-a226-8077d3fcdc3d, Nodes: 6403e584-2209-453b-b79e-eeb0a7b58516{ip: 192.168.157.226, host: pr-hdds-1569-swxfz-3172132826, networkLocation: /default-rack, certSerialId: null}, Type:RATIS, Factor:ONE, State:OPEN]
2019-09-19 14:21:39,547 [grpc-default-executor-2] INFO  impl.RaftServerProxy (RaftServerProxy.java:addNew(89)) - 85c6a9f3-b9a5-43a5-ac4f-9aa7bd5f2263: addNew group-A1D8461AD66E:[85c6a9f3-b9a5-43a5-ac4f-9aa7bd5f2263:192.168.157.226:45170] returns group-A1D8461AD66E:java.util.concurrent.CompletableFuture@6c50b0eb[Not completed]
2019-09-19 14:21:39,548 [pool-27-thread-1] INFO  impl.RaftServerImpl (RaftServerImpl.java:<init>(93)) - 85c6a9f3-b9a5-43a5-ac4f-9aa7bd5f2263: new RaftServerImpl for group-A1D8461AD66E:[85c6a9f3-b9a5-43a5-ac4f-9aa7bd5f2263:192.168.157.226:45170] with ContainerStateMachine:uninitialized
2019-09-19 14:21:39,548 [pool-27-thread-1] INFO  server.RaftServerConfigKeys (ConfUtils.java:logGet(43)) - raft.server.rpc.timeout.min = 5s (custom)
2019-09-19 14:21:39,548 [pool-27-thread-1] INFO  server.RaftServerConfigKeys (ConfUtils.java:logGet(43)) - raft.server.rpc.timeout.max = 5200ms (custom)
2019-09-19 14:21:39,548 [pool-27-thread-1] INFO  server.RaftServerConfigKeys (ConfUtils.java:logGet(43)) - raft.server.rpcslowness.timeout = 120s (custom)
2019-09-19 14:21:39,548 [pool-27-thread-1] INFO  server.RaftServerConfigKeys (ConfUtils.java:logGet(43)) - raft.server.sleep.deviation.threshold = 300 (default)
2019-09-19 14:21:39,549 [pool-27-thread-1] INFO  server.RaftServerConfigKeys (ConfUtils.java:logGet(43)) - raft.server.log.appender.install.snapshot.enabled = false (custom)
2019-09-19 14:21:39,549 [pool-27-thread-1] INFO  impl.RaftServerImpl (ServerState.java:<init>(105)) - 85c6a9f3-b9a5-43a5-ac4f-9aa7bd5f2263:group-A1D8461AD66E ConfigurationManager, init=-1: [85c6a9f3-b9a5-43a5-ac4f-9aa7bd5f2263:192.168.157.226:45170], old=null, confs=<EMPTY_MAP>
2019-09-19 14:21:39,549 [pool-27-thread-1] INFO  server.RaftServerConfigKeys (ConfUtils.java:logGet(43)) - raft.server.storage.dir = [/workdir/hadoop-ozone/integration-test/target/test-dir/MiniOzoneClusterImpl-210d6028-2152-4683-81ff-347b0d29bb13/datanode-0/data/ratis] (custom)
2019-09-19 14:21:39,549 [pool-27-thread-1] INFO  storage.RaftStorageDirectory (RaftStorageDirectory.java:analyzeStorage(246)) - The storage directory /workdir/hadoop-ozone/integration-test/target/test-dir/MiniOzoneClusterImpl-210d6028-2152-4683-81ff-347b0d29bb13/datanode-0/data/ratis/8dd7a860-c533-4c00-9e94-a1d8461ad66e does not exist. Creating ...
2019-09-19 14:21:39,573 [pool-27-thread-1] INFO  storage.RaftStorageDirectory (RaftStorageDirectory.java:tryLock(328)) - Lock on /workdir/hadoop-ozone/integration-test/target/test-dir/MiniOzoneClusterImpl-210d6028-2152-4683-81ff-347b0d29bb13/datanode-0/data/ratis/8dd7a860-c533-4c00-9e94-a1d8461ad66e/in_use.lock acquired by nodename 16198@pr-hdds-1569-swxfz-3172132826
2019-09-19 14:21:39,587 [pool-27-thread-1] INFO  storage.RaftStorage (RaftStorage.java:format(72)) - Storage directory /workdir/hadoop-ozone/integration-test/target/test-dir/MiniOzoneClusterImpl-210d6028-2152-4683-81ff-347b0d29bb13/datanode-0/data/ratis/8dd7a860-c533-4c00-9e94-a1d8461ad66e has been successfully formatted.
2019-09-19 14:21:39,587 [pool-27-thread-1] INFO  ratis.ContainerStateMachine (ContainerStateMachine.java:loadSnapshot(226)) - group-A1D8461AD66E: The snapshot info is null. Setting the last applied indexto:(t:0, i:~)
2019-09-19 14:21:39,587 [pool-27-thread-1] INFO  server.RaftServerConfigKeys (ConfUtils.java:logGet(43)) - raft.server.leader.election.timeout = 120s (custom)
2019-09-19 14:21:39,587 [pool-27-thread-1] INFO  server.RaftServerConfigKeys (ConfUtils.java:logGet(43)) - raft.server.log.use.memory = false (default)
2019-09-19 14:21:39,587 [pool-27-thread-1] INFO  server.RaftServerConfigKeys (ConfUtils.java:logGet(43)) - raft.server.log.purge.gap = 1000000 (custom)
2019-09-19 14:21:39,587 [pool-27-thread-1] INFO  server.RaftServerConfigKeys (ConfUtils.java:logGet(43)) - raft.server.log.appender.buffer.byte-limit = 33554432 (custom)
2019-09-19 14:21:39,588 [pool-27-thread-1] INFO  server.RaftServerConfigKeys (ConfUtils.java:logGet(43)) - raft.server.log.segment.size.max = 1048576 (custom)
2019-09-19 14:21:39,588 [pool-27-thread-1] INFO  server.RaftServerConfigKeys (ConfUtils.java:logGet(43)) - raft.server.log.segment.cache.num.max = 2 (custom)
2019-09-19 14:21:39,588 [pool-27-thread-1] INFO  segmented.SegmentedRaftLogWorker (SegmentedRaftLogWorker.java:<init>(172)) - new 85c6a9f3-b9a5-43a5-ac4f-9aa7bd5f2263-SegmentedRaftLogWorker:Storage Directory /workdir/hadoop-ozone/integration-test/target/test-dir/MiniOzoneClusterImpl-210d6028-2152-4683-81ff-347b0d29bb13/datanode-0/data/ratis/8dd7a860-c533-4c00-9e94-a1d8461ad66e for RaftStorage:Storage Directory /workdir/hadoop-ozone/integration-test/target/test-dir/MiniOzoneClusterImpl-210d6028-2152-4683-81ff-347b0d29bb13/datanode-0/data/ratis/8dd7a860-c533-4c00-9e94-a1d8461ad66e
2019-09-19 14:21:39,588 [pool-27-thread-1] INFO  server.RaftServerConfigKeys (ConfUtils.java:logGet(43)) - raft.server.log.queue.byte-limit = 2147483647 (custom)
2019-09-19 14:21:39,588 [pool-27-thread-1] INFO  server.RaftServerConfigKeys (ConfUtils.java:logGet(43)) - raft.server.log.queue.element-limit = 1024 (custom)
2019-09-19 14:21:39,588 [pool-27-thread-1] INFO  server.RaftServerConfigKeys (ConfUtils.java:logGet(43)) - raft.server.log.segment.size.max = 1048576 (custom)
2019-09-19 14:21:39,589 [pool-27-thread-1] INFO  server.RaftServerConfigKeys (ConfUtils.java:logGet(43)) - raft.server.log.preallocated.size = 16384 (custom)
2019-09-19 14:21:39,589 [pool-27-thread-1] INFO  server.RaftServerConfigKeys (ConfUtils.java:logGet(43)) - raft.server.log.write.buffer.size = 33554432 (custom)
2019-09-19 14:21:39,589 [pool-27-thread-1] INFO  server.RaftServerConfigKeys (ConfUtils.java:logGet(43)) - raft.server.log.force.sync.num = 128 (default)
2019-09-19 14:21:39,589 [pool-27-thread-1] INFO  server.RaftServerConfigKeys (ConfUtils.java:logGet(43)) - raft.server.log.statemachine.data.sync = true (default)
2019-09-19 14:21:39,589 [pool-27-thread-1] INFO  server.RaftServerConfigKeys (ConfUtils.java:logGet(43)) - raft.server.log.statemachine.data.sync.timeout = 10s (default)
2019-09-19 14:21:39,589 [pool-27-thread-1] INFO  server.RaftServerConfigKeys (ConfUtils.java:logGet(43)) - raft.server.log.statemachine.data.sync.timeout.retry = -1 (default)
2019-09-19 14:21:39,590 [pool-27-thread-1] INFO  server.RaftServerConfigKeys (ConfUtils.java:logGet(43)) - raft.server.log.statemachine.data.caching.enabled = true (custom)
2019-09-19 14:21:39,590 [pool-27-thread-1] INFO  segmented.SegmentedRaftLogWorker (SegmentedRaftLogWorker.java:lambda$new$0(132)) - 85c6a9f3-b9a5-43a5-ac4f-9aa7bd5f2263-SegmentedRaftLogWorker:Storage Directory /workdir/hadoop-ozone/integration-test/target/test-dir/MiniOzoneClusterImpl-210d6028-2152-4683-81ff-347b0d29bb13/datanode-0/data/ratis/8dd7a860-c533-4c00-9e94-a1d8461ad66e: flushIndex: setUnconditionally 0 -> -1
2019-09-19 14:21:39,590 [pool-27-thread-1] INFO  server.RaftServerConfigKeys (ConfUtils.java:logGet(43)) - raft.server.snapshot.auto.trigger.enabled = true (custom)
2019-09-19 14:21:39,590 [pool-27-thread-1] INFO  server.RaftServerConfigKeys (ConfUtils.java:logGet(43)) - raft.server.snapshot.auto.trigger.threshold = 10000 (custom)
2019-09-19 14:21:39,590 [pool-27-thread-1] INFO  server.RaftServerConfigKeys (ConfUtils.java:logGet(43)) - raft.server.retrycache.expirytime = 600000ms (custom)
2019-09-19 14:21:39,591 [pool-27-thread-1] INFO  impl.RaftServerImpl (RaftServerImpl.java:start(180)) - 85c6a9f3-b9a5-43a5-ac4f-9aa7bd5f2263: start group-A1D8461AD66E
2019-09-19 14:21:39,591 [pool-27-thread-1] INFO  impl.RaftServerImpl (RaftServerImpl.java:setRole(171)) - 85c6a9f3-b9a5-43a5-ac4f-9aa7bd5f2263:group-A1D8461AD66E changes role from null to FOLLOWER at term 0 for startAsFollower
2019-09-19 14:21:39,591 [pool-27-thread-1] INFO  impl.RoleInfo (RoleInfo.java:updateAndGet(143)) - 85c6a9f3-b9a5-43a5-ac4f-9aa7bd5f2263: start FollowerState
2019-09-19 14:21:39,591 [pool-27-thread-1] INFO  util.JmxRegister (JmxRegister.java:tryRegister(44)) - Successfully registered JMX Bean with object name Ratis:service=RaftServer,group=group-A1D8461AD66E,id=85c6a9f3-b9a5-43a5-ac4f-9aa7bd5f2263
2019-09-19 14:21:39,594 [RatisPipelineUtilsThread] INFO  pipeline.PipelineStateManager (PipelineStateManager.java:addPipeline(56)) - Created pipeline Pipeline[ Id: 8dd7a860-c533-4c00-9e94-a1d8461ad66e, Nodes: 85c6a9f3-b9a5-43a5-ac4f-9aa7bd5f2263{ip: 192.168.157.226, host: pr-hdds-1569-swxfz-3172132826, networkLocation: /default-rack, certSerialId: null}, Type:RATIS, Factor:ONE, State:OPEN]
2019-09-19 14:21:39,598 [grpc-default-executor-2] INFO  impl.RaftServerProxy (RaftServerProxy.java:addNew(89)) - 85c6a9f3-b9a5-43a5-ac4f-9aa7bd5f2263: addNew group-28B9763AF9C6:[85c6a9f3-b9a5-43a5-ac4f-9aa7bd5f2263:192.168.157.226:45170] returns group-28B9763AF9C6:java.util.concurrent.CompletableFuture@20eedeea[Not completed]
2019-09-19 14:21:39,603 [pool-27-thread-1] INFO  impl.RaftServerImpl (RaftServerImpl.java:<init>(93)) - 85c6a9f3-b9a5-43a5-ac4f-9aa7bd5f2263: new RaftServerImpl for group-28B9763AF9C6:[85c6a9f3-b9a5-43a5-ac4f-9aa7bd5f2263:192.168.157.226:45170] with ContainerStateMachine:uninitialized
2019-09-19 14:21:39,603 [pool-27-thread-1] INFO  server.RaftServerConfigKeys (ConfUtils.java:logGet(43)) - raft.server.rpc.timeout.min = 5s (custom)
2019-09-19 14:21:39,603 [pool-27-thread-1] INFO  server.RaftServerConfigKeys (ConfUtils.java:logGet(43)) - raft.server.rpc.timeout.max = 5200ms (custom)
2019-09-19 14:21:39,604 [pool-27-thread-1] INFO  server.RaftServerConfigKeys (ConfUtils.java:logGet(43)) - raft.server.rpcslowness.timeout = 120s (custom)
2019-09-19 14:21:39,604 [pool-27-thread-1] INFO  server.RaftServerConfigKeys (ConfUtils.java:logGet(43)) - raft.server.sleep.deviation.threshold = 300 (default)
2019-09-19 14:21:39,604 [pool-27-thread-1] INFO  server.RaftServerConfigKeys (ConfUtils.java:logGet(43)) - raft.server.log.appender.install.snapshot.enabled = false (custom)
2019-09-19 14:21:39,604 [pool-27-thread-1] INFO  impl.RaftServerImpl (ServerState.java:<init>(105)) - 85c6a9f3-b9a5-43a5-ac4f-9aa7bd5f2263:group-28B9763AF9C6 ConfigurationManager, init=-1: [85c6a9f3-b9a5-43a5-ac4f-9aa7bd5f2263:192.168.157.226:45170], old=null, confs=<EMPTY_MAP>
2019-09-19 14:21:39,604 [pool-27-thread-1] INFO  server.RaftServerConfigKeys (ConfUtils.java:logGet(43)) - raft.server.storage.dir = [/workdir/hadoop-ozone/integration-test/target/test-dir/MiniOzoneClusterImpl-210d6028-2152-4683-81ff-347b0d29bb13/datanode-0/data/ratis] (custom)
2019-09-19 14:21:39,605 [pool-27-thread-1] INFO  storage.RaftStorageDirectory (RaftStorageDirectory.java:analyzeStorage(246)) - The storage directory /workdir/hadoop-ozone/integration-test/target/test-dir/MiniOzoneClusterImpl-210d6028-2152-4683-81ff-347b0d29bb13/datanode-0/data/ratis/178a1340-e2ff-41f4-9f5a-28b9763af9c6 does not exist. Creating ...
2019-09-19 14:21:39,617 [pool-27-thread-1] INFO  storage.RaftStorageDirectory (RaftStorageDirectory.java:tryLock(328)) - Lock on /workdir/hadoop-ozone/integration-test/target/test-dir/MiniOzoneClusterImpl-210d6028-2152-4683-81ff-347b0d29bb13/datanode-0/data/ratis/178a1340-e2ff-41f4-9f5a-28b9763af9c6/in_use.lock acquired by nodename 16198@pr-hdds-1569-swxfz-3172132826
2019-09-19 14:21:39,630 [pool-27-thread-1] INFO  storage.RaftStorage (RaftStorage.java:format(72)) - Storage directory /workdir/hadoop-ozone/integration-test/target/test-dir/MiniOzoneClusterImpl-210d6028-2152-4683-81ff-347b0d29bb13/datanode-0/data/ratis/178a1340-e2ff-41f4-9f5a-28b9763af9c6 has been successfully formatted.
2019-09-19 14:21:39,631 [pool-27-thread-1] INFO  ratis.ContainerStateMachine (ContainerStateMachine.java:loadSnapshot(226)) - group-28B9763AF9C6: The snapshot info is null. Setting the last applied indexto:(t:0, i:~)
2019-09-19 14:21:39,631 [pool-27-thread-1] INFO  server.RaftServerConfigKeys (ConfUtils.java:logGet(43)) - raft.server.leader.election.timeout = 120s (custom)
2019-09-19 14:21:39,631 [pool-27-thread-1] INFO  server.RaftServerConfigKeys (ConfUtils.java:logGet(43)) - raft.server.log.use.memory = false (default)
2019-09-19 14:21:39,631 [pool-27-thread-1] INFO  server.RaftServerConfigKeys (ConfUtils.java:logGet(43)) - raft.server.log.purge.gap = 1000000 (custom)
2019-09-19 14:21:39,631 [pool-27-thread-1] INFO  server.RaftServerConfigKeys (ConfUtils.java:logGet(43)) - raft.server.log.appender.buffer.byte-limit = 33554432 (custom)
2019-09-19 14:21:39,631 [pool-27-thread-1] INFO  server.RaftServerConfigKeys (ConfUtils.java:logGet(43)) - raft.server.log.segment.size.max = 1048576 (custom)
2019-09-19 14:21:39,631 [pool-27-thread-1] INFO  server.RaftServerConfigKeys (ConfUtils.java:logGet(43)) - raft.server.log.segment.cache.num.max = 2 (custom)
2019-09-19 14:21:39,632 [pool-27-thread-1] INFO  segmented.SegmentedRaftLogWorker (SegmentedRaftLogWorker.java:<init>(172)) - new 85c6a9f3-b9a5-43a5-ac4f-9aa7bd5f2263-SegmentedRaftLogWorker:Storage Directory /workdir/hadoop-ozone/integration-test/target/test-dir/MiniOzoneClusterImpl-210d6028-2152-4683-81ff-347b0d29bb13/datanode-0/data/ratis/178a1340-e2ff-41f4-9f5a-28b9763af9c6 for RaftStorage:Storage Directory /workdir/hadoop-ozone/integration-test/target/test-dir/MiniOzoneClusterImpl-210d6028-2152-4683-81ff-347b0d29bb13/datanode-0/data/ratis/178a1340-e2ff-41f4-9f5a-28b9763af9c6
2019-09-19 14:21:39,632 [pool-27-thread-1] INFO  server.RaftServerConfigKeys (ConfUtils.java:logGet(43)) - raft.server.log.queue.byte-limit = 2147483647 (custom)
2019-09-19 14:21:39,632 [pool-27-thread-1] INFO  server.RaftServerConfigKeys (ConfUtils.java:logGet(43)) - raft.server.log.queue.element-limit = 1024 (custom)
2019-09-19 14:21:39,632 [pool-27-thread-1] INFO  server.RaftServerConfigKeys (ConfUtils.java:logGet(43)) - raft.server.log.segment.size.max = 1048576 (custom)
2019-09-19 14:21:39,632 [pool-27-thread-1] INFO  server.RaftServerConfigKeys (ConfUtils.java:logGet(43)) - raft.server.log.preallocated.size = 16384 (custom)
2019-09-19 14:21:39,632 [pool-27-thread-1] INFO  server.RaftServerConfigKeys (ConfUtils.java:logGet(43)) - raft.server.log.write.buffer.size = 33554432 (custom)
2019-09-19 14:21:39,633 [pool-27-thread-1] INFO  server.RaftServerConfigKeys (ConfUtils.java:logGet(43)) - raft.server.log.force.sync.num = 128 (default)
2019-09-19 14:21:39,633 [pool-27-thread-1] INFO  server.RaftServerConfigKeys (ConfUtils.java:logGet(43)) - raft.server.log.statemachine.data.sync = true (default)
2019-09-19 14:21:39,633 [pool-27-thread-1] INFO  server.RaftServerConfigKeys (ConfUtils.java:logGet(43)) - raft.server.log.statemachine.data.sync.timeout = 10s (default)
2019-09-19 14:21:39,633 [pool-27-thread-1] INFO  server.RaftServerConfigKeys (ConfUtils.java:logGet(43)) - raft.server.log.statemachine.data.sync.timeout.retry = -1 (default)
2019-09-19 14:21:39,633 [pool-27-thread-1] INFO  server.RaftServerConfigKeys (ConfUtils.java:logGet(43)) - raft.server.log.statemachine.data.caching.enabled = true (custom)
2019-09-19 14:21:39,634 [pool-27-thread-1] INFO  segmented.SegmentedRaftLogWorker (SegmentedRaftLogWorker.java:lambda$new$0(132)) - 85c6a9f3-b9a5-43a5-ac4f-9aa7bd5f2263-SegmentedRaftLogWorker:Storage Directory /workdir/hadoop-ozone/integration-test/target/test-dir/MiniOzoneClusterImpl-210d6028-2152-4683-81ff-347b0d29bb13/datanode-0/data/ratis/178a1340-e2ff-41f4-9f5a-28b9763af9c6: flushIndex: setUnconditionally 0 -> -1
2019-09-19 14:21:39,634 [pool-27-thread-1] INFO  server.RaftServerConfigKeys (ConfUtils.java:logGet(43)) - raft.server.snapshot.auto.trigger.enabled = true (custom)
2019-09-19 14:21:39,634 [pool-27-thread-1] INFO  server.RaftServerConfigKeys (ConfUtils.java:logGet(43)) - raft.server.snapshot.auto.trigger.threshold = 10000 (custom)
2019-09-19 14:21:39,634 [pool-27-thread-1] INFO  server.RaftServerConfigKeys (ConfUtils.java:logGet(43)) - raft.server.retrycache.expirytime = 600000ms (custom)
2019-09-19 14:21:39,634 [pool-27-thread-1] INFO  impl.RaftServerImpl (RaftServerImpl.java:start(180)) - 85c6a9f3-b9a5-43a5-ac4f-9aa7bd5f2263: start group-28B9763AF9C6
2019-09-19 14:21:39,635 [pool-27-thread-1] INFO  impl.RaftServerImpl (RaftServerImpl.java:setRole(171)) - 85c6a9f3-b9a5-43a5-ac4f-9aa7bd5f2263:group-28B9763AF9C6 changes role from null to FOLLOWER at term 0 for startAsFollower
2019-09-19 14:21:39,635 [pool-27-thread-1] INFO  impl.RoleInfo (RoleInfo.java:updateAndGet(143)) - 85c6a9f3-b9a5-43a5-ac4f-9aa7bd5f2263: start FollowerState
2019-09-19 14:21:39,635 [pool-27-thread-1] INFO  util.JmxRegister (JmxRegister.java:tryRegister(44)) - Successfully registered JMX Bean with object name Ratis:service=RaftServer,group=group-28B9763AF9C6,id=85c6a9f3-b9a5-43a5-ac4f-9aa7bd5f2263
2019-09-19 14:21:39,637 [RatisPipelineUtilsThread] INFO  pipeline.PipelineStateManager (PipelineStateManager.java:addPipeline(56)) - Created pipeline Pipeline[ Id: 178a1340-e2ff-41f4-9f5a-28b9763af9c6, Nodes: 85c6a9f3-b9a5-43a5-ac4f-9aa7bd5f2263{ip: 192.168.157.226, host: pr-hdds-1569-swxfz-3172132826, networkLocation: /default-rack, certSerialId: null}, Type:RATIS, Factor:ONE, State:OPEN]
2019-09-19 14:21:39,642 [grpc-default-executor-2] INFO  impl.RaftServerProxy (RaftServerProxy.java:addNew(89)) - 5dfaa0ea-416a-422c-a75d-43311aceb00a: addNew group-5434A5443223:[5dfaa0ea-416a-422c-a75d-43311aceb00a:192.168.157.226:45629] returns group-5434A5443223:java.util.concurrent.CompletableFuture@11234489[Not completed]
2019-09-19 14:21:39,643 [pool-38-thread-1] INFO  impl.RaftServerImpl (RaftServerImpl.java:<init>(93)) - 5dfaa0ea-416a-422c-a75d-43311aceb00a: new RaftServerImpl for group-5434A5443223:[5dfaa0ea-416a-422c-a75d-43311aceb00a:192.168.157.226:45629] with ContainerStateMachine:uninitialized
2019-09-19 14:21:39,643 [pool-38-thread-1] INFO  server.RaftServerConfigKeys (ConfUtils.java:logGet(43)) - raft.server.rpc.timeout.min = 5s (custom)
2019-09-19 14:21:39,643 [pool-38-thread-1] INFO  server.RaftServerConfigKeys (ConfUtils.java:logGet(43)) - raft.server.rpc.timeout.max = 5200ms (custom)
2019-09-19 14:21:39,643 [pool-38-thread-1] INFO  server.RaftServerConfigKeys (ConfUtils.java:logGet(43)) - raft.server.rpcslowness.timeout = 120s (custom)
2019-09-19 14:21:39,643 [pool-38-thread-1] INFO  server.RaftServerConfigKeys (ConfUtils.java:logGet(43)) - raft.server.sleep.deviation.threshold = 300 (default)
2019-09-19 14:21:39,644 [pool-38-thread-1] INFO  server.RaftServerConfigKeys (ConfUtils.java:logGet(43)) - raft.server.log.appender.install.snapshot.enabled = false (custom)
2019-09-19 14:21:39,644 [pool-38-thread-1] INFO  impl.RaftServerImpl (ServerState.java:<init>(105)) - 5dfaa0ea-416a-422c-a75d-43311aceb00a:group-5434A5443223 ConfigurationManager, init=-1: [5dfaa0ea-416a-422c-a75d-43311aceb00a:192.168.157.226:45629], old=null, confs=<EMPTY_MAP>
2019-09-19 14:21:39,644 [pool-38-thread-1] INFO  server.RaftServerConfigKeys (ConfUtils.java:logGet(43)) - raft.server.storage.dir = [/workdir/hadoop-ozone/integration-test/target/test-dir/MiniOzoneClusterImpl-210d6028-2152-4683-81ff-347b0d29bb13/datanode-1/data/ratis] (custom)
2019-09-19 14:21:39,644 [pool-38-thread-1] INFO  storage.RaftStorageDirectory (RaftStorageDirectory.java:analyzeStorage(246)) - The storage directory /workdir/hadoop-ozone/integration-test/target/test-dir/MiniOzoneClusterImpl-210d6028-2152-4683-81ff-347b0d29bb13/datanode-1/data/ratis/ca787688-e0bf-41a5-853b-5434a5443223 does not exist. Creating ...
2019-09-19 14:21:39,656 [pool-38-thread-1] INFO  storage.RaftStorageDirectory (RaftStorageDirectory.java:tryLock(328)) - Lock on /workdir/hadoop-ozone/integration-test/target/test-dir/MiniOzoneClusterImpl-210d6028-2152-4683-81ff-347b0d29bb13/datanode-1/data/ratis/ca787688-e0bf-41a5-853b-5434a5443223/in_use.lock acquired by nodename 16198@pr-hdds-1569-swxfz-3172132826
2019-09-19 14:21:39,679 [pool-38-thread-1] INFO  storage.RaftStorage (RaftStorage.java:format(72)) - Storage directory /workdir/hadoop-ozone/integration-test/target/test-dir/MiniOzoneClusterImpl-210d6028-2152-4683-81ff-347b0d29bb13/datanode-1/data/ratis/ca787688-e0bf-41a5-853b-5434a5443223 has been successfully formatted.
2019-09-19 14:21:39,679 [pool-38-thread-1] INFO  ratis.ContainerStateMachine (ContainerStateMachine.java:loadSnapshot(226)) - group-5434A5443223: The snapshot info is null. Setting the last applied indexto:(t:0, i:~)
2019-09-19 14:21:39,680 [pool-38-thread-1] INFO  server.RaftServerConfigKeys (ConfUtils.java:logGet(43)) - raft.server.leader.election.timeout = 120s (custom)
2019-09-19 14:21:39,680 [pool-38-thread-1] INFO  server.RaftServerConfigKeys (ConfUtils.java:logGet(43)) - raft.server.log.use.memory = false (default)
2019-09-19 14:21:39,680 [pool-38-thread-1] INFO  server.RaftServerConfigKeys (ConfUtils.java:logGet(43)) - raft.server.log.purge.gap = 1000000 (custom)
2019-09-19 14:21:39,680 [pool-38-thread-1] INFO  server.RaftServerConfigKeys (ConfUtils.java:logGet(43)) - raft.server.log.appender.buffer.byte-limit = 33554432 (custom)
2019-09-19 14:21:39,681 [pool-38-thread-1] INFO  server.RaftServerConfigKeys (ConfUtils.java:logGet(43)) - raft.server.log.segment.size.max = 1048576 (custom)
2019-09-19 14:21:39,681 [pool-38-thread-1] INFO  server.RaftServerConfigKeys (ConfUtils.java:logGet(43)) - raft.server.log.segment.cache.num.max = 2 (custom)
2019-09-19 14:21:39,681 [pool-38-thread-1] INFO  segmented.SegmentedRaftLogWorker (SegmentedRaftLogWorker.java:<init>(172)) - new 5dfaa0ea-416a-422c-a75d-43311aceb00a-SegmentedRaftLogWorker:Storage Directory /workdir/hadoop-ozone/integration-test/target/test-dir/MiniOzoneClusterImpl-210d6028-2152-4683-81ff-347b0d29bb13/datanode-1/data/ratis/ca787688-e0bf-41a5-853b-5434a5443223 for RaftStorage:Storage Directory /workdir/hadoop-ozone/integration-test/target/test-dir/MiniOzoneClusterImpl-210d6028-2152-4683-81ff-347b0d29bb13/datanode-1/data/ratis/ca787688-e0bf-41a5-853b-5434a5443223
2019-09-19 14:21:39,681 [pool-38-thread-1] INFO  server.RaftServerConfigKeys (ConfUtils.java:logGet(43)) - raft.server.log.queue.byte-limit = 2147483647 (custom)
2019-09-19 14:21:39,681 [pool-38-thread-1] INFO  server.RaftServerConfigKeys (ConfUtils.java:logGet(43)) - raft.server.log.queue.element-limit = 1024 (custom)
2019-09-19 14:21:39,682 [pool-38-thread-1] INFO  server.RaftServerConfigKeys (ConfUtils.java:logGet(43)) - raft.server.log.segment.size.max = 1048576 (custom)
2019-09-19 14:21:39,682 [pool-38-thread-1] INFO  server.RaftServerConfigKeys (ConfUtils.java:logGet(43)) - raft.server.log.preallocated.size = 16384 (custom)
2019-09-19 14:21:39,682 [pool-38-thread-1] INFO  server.RaftServerConfigKeys (ConfUtils.java:logGet(43)) - raft.server.log.write.buffer.size = 33554432 (custom)
2019-09-19 14:21:39,682 [pool-38-thread-1] INFO  server.RaftServerConfigKeys (ConfUtils.java:logGet(43)) - raft.server.log.force.sync.num = 128 (default)
2019-09-19 14:21:39,682 [pool-38-thread-1] INFO  server.RaftServerConfigKeys (ConfUtils.java:logGet(43)) - raft.server.log.statemachine.data.sync = true (default)
2019-09-19 14:21:39,683 [pool-38-thread-1] INFO  server.RaftServerConfigKeys (ConfUtils.java:logGet(43)) - raft.server.log.statemachine.data.sync.timeout = 10s (default)
2019-09-19 14:21:39,683 [pool-38-thread-1] INFO  server.RaftServerConfigKeys (ConfUtils.java:logGet(43)) - raft.server.log.statemachine.data.sync.timeout.retry = -1 (default)
2019-09-19 14:21:39,683 [pool-38-thread-1] INFO  server.RaftServerConfigKeys (ConfUtils.java:logGet(43)) - raft.server.log.statemachine.data.caching.enabled = true (custom)
2019-09-19 14:21:39,683 [pool-38-thread-1] INFO  segmented.SegmentedRaftLogWorker (SegmentedRaftLogWorker.java:lambda$new$0(132)) - 5dfaa0ea-416a-422c-a75d-43311aceb00a-SegmentedRaftLogWorker:Storage Directory /workdir/hadoop-ozone/integration-test/target/test-dir/MiniOzoneClusterImpl-210d6028-2152-4683-81ff-347b0d29bb13/datanode-1/data/ratis/ca787688-e0bf-41a5-853b-5434a5443223: flushIndex: setUnconditionally 0 -> -1
2019-09-19 14:21:39,684 [pool-38-thread-1] INFO  server.RaftServerConfigKeys (ConfUtils.java:logGet(43)) - raft.server.snapshot.auto.trigger.enabled = true (custom)
2019-09-19 14:21:39,684 [pool-38-thread-1] INFO  server.RaftServerConfigKeys (ConfUtils.java:logGet(43)) - raft.server.snapshot.auto.trigger.threshold = 10000 (custom)
2019-09-19 14:21:39,684 [pool-38-thread-1] INFO  server.RaftServerConfigKeys (ConfUtils.java:logGet(43)) - raft.server.retrycache.expirytime = 600000ms (custom)
2019-09-19 14:21:39,684 [pool-38-thread-1] INFO  impl.RaftServerImpl (RaftServerImpl.java:start(180)) - 5dfaa0ea-416a-422c-a75d-43311aceb00a: start group-5434A5443223
2019-09-19 14:21:39,684 [pool-38-thread-1] INFO  impl.RaftServerImpl (RaftServerImpl.java:setRole(171)) - 5dfaa0ea-416a-422c-a75d-43311aceb00a:group-5434A5443223 changes role from null to FOLLOWER at term 0 for startAsFollower
2019-09-19 14:21:39,684 [pool-38-thread-1] INFO  impl.RoleInfo (RoleInfo.java:updateAndGet(143)) - 5dfaa0ea-416a-422c-a75d-43311aceb00a: start FollowerState
2019-09-19 14:21:39,685 [pool-38-thread-1] INFO  util.JmxRegister (JmxRegister.java:tryRegister(44)) - Successfully registered JMX Bean with object name Ratis:service=RaftServer,group=group-5434A5443223,id=5dfaa0ea-416a-422c-a75d-43311aceb00a
2019-09-19 14:21:39,687 [RatisPipelineUtilsThread] INFO  pipeline.PipelineStateManager (PipelineStateManager.java:addPipeline(56)) - Created pipeline Pipeline[ Id: ca787688-e0bf-41a5-853b-5434a5443223, Nodes: 5dfaa0ea-416a-422c-a75d-43311aceb00a{ip: 192.168.157.226, host: pr-hdds-1569-swxfz-3172132826, networkLocation: /default-rack, certSerialId: null}, Type:RATIS, Factor:ONE, State:OPEN]
2019-09-19 14:21:39,693 [grpc-default-executor-2] INFO  impl.RaftServerProxy (RaftServerProxy.java:addNew(89)) - 85c6a9f3-b9a5-43a5-ac4f-9aa7bd5f2263: addNew group-38451878E2DA:[85c6a9f3-b9a5-43a5-ac4f-9aa7bd5f2263:192.168.157.226:45170] returns group-38451878E2DA:java.util.concurrent.CompletableFuture@1c4ad783[Not completed]
2019-09-19 14:21:39,694 [pool-27-thread-1] INFO  impl.RaftServerImpl (RaftServerImpl.java:<init>(93)) - 85c6a9f3-b9a5-43a5-ac4f-9aa7bd5f2263: new RaftServerImpl for group-38451878E2DA:[85c6a9f3-b9a5-43a5-ac4f-9aa7bd5f2263:192.168.157.226:45170] with ContainerStateMachine:uninitialized
2019-09-19 14:21:39,694 [pool-27-thread-1] INFO  server.RaftServerConfigKeys (ConfUtils.java:logGet(43)) - raft.server.rpc.timeout.min = 5s (custom)
2019-09-19 14:21:39,694 [pool-27-thread-1] INFO  server.RaftServerConfigKeys (ConfUtils.java:logGet(43)) - raft.server.rpc.timeout.max = 5200ms (custom)
2019-09-19 14:21:39,694 [pool-27-thread-1] INFO  server.RaftServerConfigKeys (ConfUtils.java:logGet(43)) - raft.server.rpcslowness.timeout = 120s (custom)
2019-09-19 14:21:39,694 [pool-27-thread-1] INFO  server.RaftServerConfigKeys (ConfUtils.java:logGet(43)) - raft.server.sleep.deviation.threshold = 300 (default)
2019-09-19 14:21:39,694 [pool-27-thread-1] INFO  server.RaftServerConfigKeys (ConfUtils.java:logGet(43)) - raft.server.log.appender.install.snapshot.enabled = false (custom)
2019-09-19 14:21:39,694 [pool-27-thread-1] INFO  impl.RaftServerImpl (ServerState.java:<init>(105)) - 85c6a9f3-b9a5-43a5-ac4f-9aa7bd5f2263:group-38451878E2DA ConfigurationManager, init=-1: [85c6a9f3-b9a5-43a5-ac4f-9aa7bd5f2263:192.168.157.226:45170], old=null, confs=<EMPTY_MAP>
2019-09-19 14:21:39,694 [pool-27-thread-1] INFO  server.RaftServerConfigKeys (ConfUtils.java:logGet(43)) - raft.server.storage.dir = [/workdir/hadoop-ozone/integration-test/target/test-dir/MiniOzoneClusterImpl-210d6028-2152-4683-81ff-347b0d29bb13/datanode-0/data/ratis] (custom)
2019-09-19 14:21:39,695 [pool-27-thread-1] INFO  storage.RaftStorageDirectory (RaftStorageDirectory.java:analyzeStorage(246)) - The storage directory /workdir/hadoop-ozone/integration-test/target/test-dir/MiniOzoneClusterImpl-210d6028-2152-4683-81ff-347b0d29bb13/datanode-0/data/ratis/144b13c0-5c9b-441e-bdae-38451878e2da does not exist. Creating ...
2019-09-19 14:21:39,708 [pool-27-thread-1] INFO  storage.RaftStorageDirectory (RaftStorageDirectory.java:tryLock(328)) - Lock on /workdir/hadoop-ozone/integration-test/target/test-dir/MiniOzoneClusterImpl-210d6028-2152-4683-81ff-347b0d29bb13/datanode-0/data/ratis/144b13c0-5c9b-441e-bdae-38451878e2da/in_use.lock acquired by nodename 16198@pr-hdds-1569-swxfz-3172132826
2019-09-19 14:21:39,721 [pool-27-thread-1] INFO  storage.RaftStorage (RaftStorage.java:format(72)) - Storage directory /workdir/hadoop-ozone/integration-test/target/test-dir/MiniOzoneClusterImpl-210d6028-2152-4683-81ff-347b0d29bb13/datanode-0/data/ratis/144b13c0-5c9b-441e-bdae-38451878e2da has been successfully formatted.
2019-09-19 14:21:39,721 [pool-27-thread-1] INFO  ratis.ContainerStateMachine (ContainerStateMachine.java:loadSnapshot(226)) - group-38451878E2DA: The snapshot info is null. Setting the last applied indexto:(t:0, i:~)
2019-09-19 14:21:39,721 [pool-27-thread-1] INFO  server.RaftServerConfigKeys (ConfUtils.java:logGet(43)) - raft.server.leader.election.timeout = 120s (custom)
2019-09-19 14:21:39,721 [pool-27-thread-1] INFO  server.RaftServerConfigKeys (ConfUtils.java:logGet(43)) - raft.server.log.use.memory = false (default)
2019-09-19 14:21:39,721 [pool-27-thread-1] INFO  server.RaftServerConfigKeys (ConfUtils.java:logGet(43)) - raft.server.log.purge.gap = 1000000 (custom)
2019-09-19 14:21:39,721 [pool-27-thread-1] INFO  server.RaftServerConfigKeys (ConfUtils.java:logGet(43)) - raft.server.log.appender.buffer.byte-limit = 33554432 (custom)
2019-09-19 14:21:39,722 [pool-27-thread-1] INFO  server.RaftServerConfigKeys (ConfUtils.java:logGet(43)) - raft.server.log.segment.size.max = 1048576 (custom)
2019-09-19 14:21:39,722 [pool-27-thread-1] INFO  server.RaftServerConfigKeys (ConfUtils.java:logGet(43)) - raft.server.log.segment.cache.num.max = 2 (custom)
2019-09-19 14:21:39,722 [pool-27-thread-1] INFO  segmented.SegmentedRaftLogWorker (SegmentedRaftLogWorker.java:<init>(172)) - new 85c6a9f3-b9a5-43a5-ac4f-9aa7bd5f2263-SegmentedRaftLogWorker:Storage Directory /workdir/hadoop-ozone/integration-test/target/test-dir/MiniOzoneClusterImpl-210d6028-2152-4683-81ff-347b0d29bb13/datanode-0/data/ratis/144b13c0-5c9b-441e-bdae-38451878e2da for RaftStorage:Storage Directory /workdir/hadoop-ozone/integration-test/target/test-dir/MiniOzoneClusterImpl-210d6028-2152-4683-81ff-347b0d29bb13/datanode-0/data/ratis/144b13c0-5c9b-441e-bdae-38451878e2da
2019-09-19 14:21:39,722 [pool-27-thread-1] INFO  server.RaftServerConfigKeys (ConfUtils.java:logGet(43)) - raft.server.log.queue.byte-limit = 2147483647 (custom)
2019-09-19 14:21:39,722 [pool-27-thread-1] INFO  server.RaftServerConfigKeys (ConfUtils.java:logGet(43)) - raft.server.log.queue.element-limit = 1024 (custom)
2019-09-19 14:21:39,722 [pool-27-thread-1] INFO  server.RaftServerConfigKeys (ConfUtils.java:logGet(43)) - raft.server.log.segment.size.max = 1048576 (custom)
2019-09-19 14:21:39,722 [pool-27-thread-1] INFO  server.RaftServerConfigKeys (ConfUtils.java:logGet(43)) - raft.server.log.preallocated.size = 16384 (custom)
2019-09-19 14:21:39,723 [pool-27-thread-1] INFO  server.RaftServerConfigKeys (ConfUtils.java:logGet(43)) - raft.server.log.write.buffer.size = 33554432 (custom)
2019-09-19 14:21:39,723 [pool-27-thread-1] INFO  server.RaftServerConfigKeys (ConfUtils.java:logGet(43)) - raft.server.log.force.sync.num = 128 (default)
2019-09-19 14:21:39,723 [pool-27-thread-1] INFO  server.RaftServerConfigKeys (ConfUtils.java:logGet(43)) - raft.server.log.statemachine.data.sync = true (default)
2019-09-19 14:21:39,723 [pool-27-thread-1] INFO  server.RaftServerConfigKeys (ConfUtils.java:logGet(43)) - raft.server.log.statemachine.data.sync.timeout = 10s (default)
2019-09-19 14:21:39,723 [pool-27-thread-1] INFO  server.RaftServerConfigKeys (ConfUtils.java:logGet(43)) - raft.server.log.statemachine.data.sync.timeout.retry = -1 (default)
2019-09-19 14:21:39,723 [pool-27-thread-1] INFO  server.RaftServerConfigKeys (ConfUtils.java:logGet(43)) - raft.server.log.statemachine.data.caching.enabled = true (custom)
2019-09-19 14:21:39,724 [pool-27-thread-1] INFO  segmented.SegmentedRaftLogWorker (SegmentedRaftLogWorker.java:lambda$new$0(132)) - 85c6a9f3-b9a5-43a5-ac4f-9aa7bd5f2263-SegmentedRaftLogWorker:Storage Directory /workdir/hadoop-ozone/integration-test/target/test-dir/MiniOzoneClusterImpl-210d6028-2152-4683-81ff-347b0d29bb13/datanode-0/data/ratis/144b13c0-5c9b-441e-bdae-38451878e2da: flushIndex: setUnconditionally 0 -> -1
2019-09-19 14:21:39,724 [pool-27-thread-1] INFO  server.RaftServerConfigKeys (ConfUtils.java:logGet(43)) - raft.server.snapshot.auto.trigger.enabled = true (custom)
2019-09-19 14:21:39,724 [pool-27-thread-1] INFO  server.RaftServerConfigKeys (ConfUtils.java:logGet(43)) - raft.server.snapshot.auto.trigger.threshold = 10000 (custom)
2019-09-19 14:21:39,724 [pool-27-thread-1] INFO  server.RaftServerConfigKeys (ConfUtils.java:logGet(43)) - raft.server.retrycache.expirytime = 600000ms (custom)
2019-09-19 14:21:39,724 [pool-27-thread-1] INFO  impl.RaftServerImpl (RaftServerImpl.java:start(180)) - 85c6a9f3-b9a5-43a5-ac4f-9aa7bd5f2263: start group-38451878E2DA
2019-09-19 14:21:39,724 [pool-27-thread-1] INFO  impl.RaftServerImpl (RaftServerImpl.java:setRole(171)) - 85c6a9f3-b9a5-43a5-ac4f-9aa7bd5f2263:group-38451878E2DA changes role from null to FOLLOWER at term 0 for startAsFollower
2019-09-19 14:21:39,725 [pool-27-thread-1] INFO  impl.RoleInfo (RoleInfo.java:updateAndGet(143)) - 85c6a9f3-b9a5-43a5-ac4f-9aa7bd5f2263: start FollowerState
2019-09-19 14:21:39,725 [pool-27-thread-1] INFO  util.JmxRegister (JmxRegister.java:tryRegister(44)) - Successfully registered JMX Bean with object name Ratis:service=RaftServer,group=group-38451878E2DA,id=85c6a9f3-b9a5-43a5-ac4f-9aa7bd5f2263
2019-09-19 14:21:39,728 [RatisPipelineUtilsThread] INFO  pipeline.PipelineStateManager (PipelineStateManager.java:addPipeline(56)) - Created pipeline Pipeline[ Id: 144b13c0-5c9b-441e-bdae-38451878e2da, Nodes: 85c6a9f3-b9a5-43a5-ac4f-9aa7bd5f2263{ip: 192.168.157.226, host: pr-hdds-1569-swxfz-3172132826, networkLocation: /default-rack, certSerialId: null}, Type:RATIS, Factor:ONE, State:OPEN]
2019-09-19 14:21:39,732 [grpc-default-executor-2] INFO  impl.RaftServerProxy (RaftServerProxy.java:addNew(89)) - 306a7a99-f2a5-4f40-b42b-2fc2def08a6a: addNew group-26E40AF3AE02:[306a7a99-f2a5-4f40-b42b-2fc2def08a6a:192.168.157.226:42633] returns group-26E40AF3AE02:java.util.concurrent.CompletableFuture@46ccb46[Not completed]
2019-09-19 14:21:39,733 [pool-49-thread-1] INFO  impl.RaftServerImpl (RaftServerImpl.java:<init>(93)) - 306a7a99-f2a5-4f40-b42b-2fc2def08a6a: new RaftServerImpl for group-26E40AF3AE02:[306a7a99-f2a5-4f40-b42b-2fc2def08a6a:192.168.157.226:42633] with ContainerStateMachine:uninitialized
2019-09-19 14:21:39,733 [pool-49-thread-1] INFO  server.RaftServerConfigKeys (ConfUtils.java:logGet(43)) - raft.server.rpc.timeout.min = 5s (custom)
2019-09-19 14:21:39,733 [pool-49-thread-1] INFO  server.RaftServerConfigKeys (ConfUtils.java:logGet(43)) - raft.server.rpc.timeout.max = 5200ms (custom)
2019-09-19 14:21:39,733 [pool-49-thread-1] INFO  server.RaftServerConfigKeys (ConfUtils.java:logGet(43)) - raft.server.rpcslowness.timeout = 120s (custom)
2019-09-19 14:21:39,733 [pool-49-thread-1] INFO  server.RaftServerConfigKeys (ConfUtils.java:logGet(43)) - raft.server.sleep.deviation.threshold = 300 (default)
2019-09-19 14:21:39,733 [pool-49-thread-1] INFO  server.RaftServerConfigKeys (ConfUtils.java:logGet(43)) - raft.server.log.appender.install.snapshot.enabled = false (custom)
2019-09-19 14:21:39,733 [pool-49-thread-1] INFO  impl.RaftServerImpl (ServerState.java:<init>(105)) - 306a7a99-f2a5-4f40-b42b-2fc2def08a6a:group-26E40AF3AE02 ConfigurationManager, init=-1: [306a7a99-f2a5-4f40-b42b-2fc2def08a6a:192.168.157.226:42633], old=null, confs=<EMPTY_MAP>
2019-09-19 14:21:39,734 [pool-49-thread-1] INFO  server.RaftServerConfigKeys (ConfUtils.java:logGet(43)) - raft.server.storage.dir = [/workdir/hadoop-ozone/integration-test/target/test-dir/MiniOzoneClusterImpl-210d6028-2152-4683-81ff-347b0d29bb13/datanode-2/data/ratis] (custom)
2019-09-19 14:21:39,734 [pool-49-thread-1] INFO  storage.RaftStorageDirectory (RaftStorageDirectory.java:analyzeStorage(246)) - The storage directory /workdir/hadoop-ozone/integration-test/target/test-dir/MiniOzoneClusterImpl-210d6028-2152-4683-81ff-347b0d29bb13/datanode-2/data/ratis/6b0a855c-a132-41d9-8c10-26e40af3ae02 does not exist. Creating ...
2019-09-19 14:21:39,747 [pool-49-thread-1] INFO  storage.RaftStorageDirectory (RaftStorageDirectory.java:tryLock(328)) - Lock on /workdir/hadoop-ozone/integration-test/target/test-dir/MiniOzoneClusterImpl-210d6028-2152-4683-81ff-347b0d29bb13/datanode-2/data/ratis/6b0a855c-a132-41d9-8c10-26e40af3ae02/in_use.lock acquired by nodename 16198@pr-hdds-1569-swxfz-3172132826
2019-09-19 14:21:39,760 [pool-49-thread-1] INFO  storage.RaftStorage (RaftStorage.java:format(72)) - Storage directory /workdir/hadoop-ozone/integration-test/target/test-dir/MiniOzoneClusterImpl-210d6028-2152-4683-81ff-347b0d29bb13/datanode-2/data/ratis/6b0a855c-a132-41d9-8c10-26e40af3ae02 has been successfully formatted.
2019-09-19 14:21:39,761 [pool-49-thread-1] INFO  ratis.ContainerStateMachine (ContainerStateMachine.java:loadSnapshot(226)) - group-26E40AF3AE02: The snapshot info is null. Setting the last applied indexto:(t:0, i:~)
2019-09-19 14:21:39,761 [pool-49-thread-1] INFO  server.RaftServerConfigKeys (ConfUtils.java:logGet(43)) - raft.server.leader.election.timeout = 120s (custom)
2019-09-19 14:21:39,761 [pool-49-thread-1] INFO  server.RaftServerConfigKeys (ConfUtils.java:logGet(43)) - raft.server.log.use.memory = false (default)
2019-09-19 14:21:39,761 [pool-49-thread-1] INFO  server.RaftServerConfigKeys (ConfUtils.java:logGet(43)) - raft.server.log.purge.gap = 1000000 (custom)
2019-09-19 14:21:39,761 [pool-49-thread-1] INFO  server.RaftServerConfigKeys (ConfUtils.java:logGet(43)) - raft.server.log.appender.buffer.byte-limit = 33554432 (custom)
2019-09-19 14:21:39,761 [pool-49-thread-1] INFO  server.RaftServerConfigKeys (ConfUtils.java:logGet(43)) - raft.server.log.segment.size.max = 1048576 (custom)
2019-09-19 14:21:39,761 [pool-49-thread-1] INFO  server.RaftServerConfigKeys (ConfUtils.java:logGet(43)) - raft.server.log.segment.cache.num.max = 2 (custom)
2019-09-19 14:21:39,761 [pool-49-thread-1] INFO  segmented.SegmentedRaftLogWorker (SegmentedRaftLogWorker.java:<init>(172)) - new 306a7a99-f2a5-4f40-b42b-2fc2def08a6a-SegmentedRaftLogWorker:Storage Directory /workdir/hadoop-ozone/integration-test/target/test-dir/MiniOzoneClusterImpl-210d6028-2152-4683-81ff-347b0d29bb13/datanode-2/data/ratis/6b0a855c-a132-41d9-8c10-26e40af3ae02 for RaftStorage:Storage Directory /workdir/hadoop-ozone/integration-test/target/test-dir/MiniOzoneClusterImpl-210d6028-2152-4683-81ff-347b0d29bb13/datanode-2/data/ratis/6b0a855c-a132-41d9-8c10-26e40af3ae02
2019-09-19 14:21:39,761 [pool-49-thread-1] INFO  server.RaftServerConfigKeys (ConfUtils.java:logGet(43)) - raft.server.log.queue.byte-limit = 2147483647 (custom)
2019-09-19 14:21:39,761 [pool-49-thread-1] INFO  server.RaftServerConfigKeys (ConfUtils.java:logGet(43)) - raft.server.log.queue.element-limit = 1024 (custom)
2019-09-19 14:21:39,762 [pool-49-thread-1] INFO  server.RaftServerConfigKeys (ConfUtils.java:logGet(43)) - raft.server.log.segment.size.max = 1048576 (custom)
2019-09-19 14:21:39,762 [pool-49-thread-1] INFO  server.RaftServerConfigKeys (ConfUtils.java:logGet(43)) - raft.server.log.preallocated.size = 16384 (custom)
2019-09-19 14:21:39,762 [pool-49-thread-1] INFO  server.RaftServerConfigKeys (ConfUtils.java:logGet(43)) - raft.server.log.write.buffer.size = 33554432 (custom)
2019-09-19 14:21:39,762 [pool-49-thread-1] INFO  server.RaftServerConfigKeys (ConfUtils.java:logGet(43)) - raft.server.log.force.sync.num = 128 (default)
2019-09-19 14:21:39,762 [pool-49-thread-1] INFO  server.RaftServerConfigKeys (ConfUtils.java:logGet(43)) - raft.server.log.statemachine.data.sync = true (default)
2019-09-19 14:21:39,762 [pool-49-thread-1] INFO  server.RaftServerConfigKeys (ConfUtils.java:logGet(43)) - raft.server.log.statemachine.data.sync.timeout = 10s (default)
2019-09-19 14:21:39,762 [pool-49-thread-1] INFO  server.RaftServerConfigKeys (ConfUtils.java:logGet(43)) - raft.server.log.statemachine.data.sync.timeout.retry = -1 (default)
2019-09-19 14:21:39,762 [pool-49-thread-1] INFO  server.RaftServerConfigKeys (ConfUtils.java:logGet(43)) - raft.server.log.statemachine.data.caching.enabled = true (custom)
2019-09-19 14:21:39,762 [pool-49-thread-1] INFO  segmented.SegmentedRaftLogWorker (SegmentedRaftLogWorker.java:lambda$new$0(132)) - 306a7a99-f2a5-4f40-b42b-2fc2def08a6a-SegmentedRaftLogWorker:Storage Directory /workdir/hadoop-ozone/integration-test/target/test-dir/MiniOzoneClusterImpl-210d6028-2152-4683-81ff-347b0d29bb13/datanode-2/data/ratis/6b0a855c-a132-41d9-8c10-26e40af3ae02: flushIndex: setUnconditionally 0 -> -1
2019-09-19 14:21:39,763 [pool-49-thread-1] INFO  server.RaftServerConfigKeys (ConfUtils.java:logGet(43)) - raft.server.snapshot.auto.trigger.enabled = true (custom)
2019-09-19 14:21:39,763 [pool-49-thread-1] INFO  server.RaftServerConfigKeys (ConfUtils.java:logGet(43)) - raft.server.snapshot.auto.trigger.threshold = 10000 (custom)
2019-09-19 14:21:39,763 [pool-49-thread-1] INFO  server.RaftServerConfigKeys (ConfUtils.java:logGet(43)) - raft.server.retrycache.expirytime = 600000ms (custom)
2019-09-19 14:21:39,763 [pool-49-thread-1] INFO  impl.RaftServerImpl (RaftServerImpl.java:start(180)) - 306a7a99-f2a5-4f40-b42b-2fc2def08a6a: start group-26E40AF3AE02
2019-09-19 14:21:39,763 [pool-49-thread-1] INFO  impl.RaftServerImpl (RaftServerImpl.java:setRole(171)) - 306a7a99-f2a5-4f40-b42b-2fc2def08a6a:group-26E40AF3AE02 changes role from null to FOLLOWER at term 0 for startAsFollower
2019-09-19 14:21:39,763 [pool-49-thread-1] INFO  impl.RoleInfo (RoleInfo.java:updateAndGet(143)) - 306a7a99-f2a5-4f40-b42b-2fc2def08a6a: start FollowerState
2019-09-19 14:21:39,763 [pool-49-thread-1] INFO  util.JmxRegister (JmxRegister.java:tryRegister(44)) - Successfully registered JMX Bean with object name Ratis:service=RaftServer,group=group-26E40AF3AE02,id=306a7a99-f2a5-4f40-b42b-2fc2def08a6a
2019-09-19 14:21:39,766 [RatisPipelineUtilsThread] INFO  pipeline.PipelineStateManager (PipelineStateManager.java:addPipeline(56)) - Created pipeline Pipeline[ Id: 6b0a855c-a132-41d9-8c10-26e40af3ae02, Nodes: 306a7a99-f2a5-4f40-b42b-2fc2def08a6a{ip: 192.168.157.226, host: pr-hdds-1569-swxfz-3172132826, networkLocation: /default-rack, certSerialId: null}, Type:RATIS, Factor:ONE, State:OPEN]
2019-09-19 14:21:39,770 [grpc-default-executor-2] INFO  impl.RaftServerProxy (RaftServerProxy.java:addNew(89)) - 5dfaa0ea-416a-422c-a75d-43311aceb00a: addNew group-434F2440A2F3:[5dfaa0ea-416a-422c-a75d-43311aceb00a:192.168.157.226:45629] returns group-434F2440A2F3:java.util.concurrent.CompletableFuture@2e7847c9[Not completed]
2019-09-19 14:21:39,771 [pool-38-thread-1] INFO  impl.RaftServerImpl (RaftServerImpl.java:<init>(93)) - 5dfaa0ea-416a-422c-a75d-43311aceb00a: new RaftServerImpl for group-434F2440A2F3:[5dfaa0ea-416a-422c-a75d-43311aceb00a:192.168.157.226:45629] with ContainerStateMachine:uninitialized
2019-09-19 14:21:39,771 [pool-38-thread-1] INFO  server.RaftServerConfigKeys (ConfUtils.java:logGet(43)) - raft.server.rpc.timeout.min = 5s (custom)
2019-09-19 14:21:39,771 [pool-38-thread-1] INFO  server.RaftServerConfigKeys (ConfUtils.java:logGet(43)) - raft.server.rpc.timeout.max = 5200ms (custom)
2019-09-19 14:21:39,771 [pool-38-thread-1] INFO  server.RaftServerConfigKeys (ConfUtils.java:logGet(43)) - raft.server.rpcslowness.timeout = 120s (custom)
2019-09-19 14:21:39,771 [pool-38-thread-1] INFO  server.RaftServerConfigKeys (ConfUtils.java:logGet(43)) - raft.server.sleep.deviation.threshold = 300 (default)
2019-09-19 14:21:39,771 [pool-38-thread-1] INFO  server.RaftServerConfigKeys (ConfUtils.java:logGet(43)) - raft.server.log.appender.install.snapshot.enabled = false (custom)
2019-09-19 14:21:39,771 [pool-38-thread-1] INFO  impl.RaftServerImpl (ServerState.java:<init>(105)) - 5dfaa0ea-416a-422c-a75d-43311aceb00a:group-434F2440A2F3 ConfigurationManager, init=-1: [5dfaa0ea-416a-422c-a75d-43311aceb00a:192.168.157.226:45629], old=null, confs=<EMPTY_MAP>
2019-09-19 14:21:39,771 [pool-38-thread-1] INFO  server.RaftServerConfigKeys (ConfUtils.java:logGet(43)) - raft.server.storage.dir = [/workdir/hadoop-ozone/integration-test/target/test-dir/MiniOzoneClusterImpl-210d6028-2152-4683-81ff-347b0d29bb13/datanode-1/data/ratis] (custom)
2019-09-19 14:21:39,772 [pool-38-thread-1] INFO  storage.RaftStorageDirectory (RaftStorageDirectory.java:analyzeStorage(246)) - The storage directory /workdir/hadoop-ozone/integration-test/target/test-dir/MiniOzoneClusterImpl-210d6028-2152-4683-81ff-347b0d29bb13/datanode-1/data/ratis/ab5b533a-6c39-466f-ba27-434f2440a2f3 does not exist. Creating ...
2019-09-19 14:21:39,785 [pool-38-thread-1] INFO  storage.RaftStorageDirectory (RaftStorageDirectory.java:tryLock(328)) - Lock on /workdir/hadoop-ozone/integration-test/target/test-dir/MiniOzoneClusterImpl-210d6028-2152-4683-81ff-347b0d29bb13/datanode-1/data/ratis/ab5b533a-6c39-466f-ba27-434f2440a2f3/in_use.lock acquired by nodename 16198@pr-hdds-1569-swxfz-3172132826
2019-09-19 14:21:39,797 [pool-38-thread-1] INFO  storage.RaftStorage (RaftStorage.java:format(72)) - Storage directory /workdir/hadoop-ozone/integration-test/target/test-dir/MiniOzoneClusterImpl-210d6028-2152-4683-81ff-347b0d29bb13/datanode-1/data/ratis/ab5b533a-6c39-466f-ba27-434f2440a2f3 has been successfully formatted.
2019-09-19 14:21:39,798 [pool-38-thread-1] INFO  ratis.ContainerStateMachine (ContainerStateMachine.java:loadSnapshot(226)) - group-434F2440A2F3: The snapshot info is null. Setting the last applied indexto:(t:0, i:~)
2019-09-19 14:21:39,798 [pool-38-thread-1] INFO  server.RaftServerConfigKeys (ConfUtils.java:logGet(43)) - raft.server.leader.election.timeout = 120s (custom)
2019-09-19 14:21:39,798 [pool-38-thread-1] INFO  server.RaftServerConfigKeys (ConfUtils.java:logGet(43)) - raft.server.log.use.memory = false (default)
2019-09-19 14:21:39,798 [pool-38-thread-1] INFO  server.RaftServerConfigKeys (ConfUtils.java:logGet(43)) - raft.server.log.purge.gap = 1000000 (custom)
2019-09-19 14:21:39,798 [pool-38-thread-1] INFO  server.RaftServerConfigKeys (ConfUtils.java:logGet(43)) - raft.server.log.appender.buffer.byte-limit = 33554432 (custom)
2019-09-19 14:21:39,798 [pool-38-thread-1] INFO  server.RaftServerConfigKeys (ConfUtils.java:logGet(43)) - raft.server.log.segment.size.max = 1048576 (custom)
2019-09-19 14:21:39,798 [pool-38-thread-1] INFO  server.RaftServerConfigKeys (ConfUtils.java:logGet(43)) - raft.server.log.segment.cache.num.max = 2 (custom)
2019-09-19 14:21:39,798 [pool-38-thread-1] INFO  segmented.SegmentedRaftLogWorker (SegmentedRaftLogWorker.java:<init>(172)) - new 5dfaa0ea-416a-422c-a75d-43311aceb00a-SegmentedRaftLogWorker:Storage Directory /workdir/hadoop-ozone/integration-test/target/test-dir/MiniOzoneClusterImpl-210d6028-2152-4683-81ff-347b0d29bb13/datanode-1/data/ratis/ab5b533a-6c39-466f-ba27-434f2440a2f3 for RaftStorage:Storage Directory /workdir/hadoop-ozone/integration-test/target/test-dir/MiniOzoneClusterImpl-210d6028-2152-4683-81ff-347b0d29bb13/datanode-1/data/ratis/ab5b533a-6c39-466f-ba27-434f2440a2f3
2019-09-19 14:21:39,798 [pool-38-thread-1] INFO  server.RaftServerConfigKeys (ConfUtils.java:logGet(43)) - raft.server.log.queue.byte-limit = 2147483647 (custom)
2019-09-19 14:21:39,798 [pool-38-thread-1] INFO  server.RaftServerConfigKeys (ConfUtils.java:logGet(43)) - raft.server.log.queue.element-limit = 1024 (custom)
2019-09-19 14:21:39,799 [pool-38-thread-1] INFO  server.RaftServerConfigKeys (ConfUtils.java:logGet(43)) - raft.server.log.segment.size.max = 1048576 (custom)
2019-09-19 14:21:39,799 [pool-38-thread-1] INFO  server.RaftServerConfigKeys (ConfUtils.java:logGet(43)) - raft.server.log.preallocated.size = 16384 (custom)
2019-09-19 14:21:39,799 [pool-38-thread-1] INFO  server.RaftServerConfigKeys (ConfUtils.java:logGet(43)) - raft.server.log.write.buffer.size = 33554432 (custom)
2019-09-19 14:21:39,799 [pool-38-thread-1] INFO  server.RaftServerConfigKeys (ConfUtils.java:logGet(43)) - raft.server.log.force.sync.num = 128 (default)
2019-09-19 14:21:39,799 [pool-38-thread-1] INFO  server.RaftServerConfigKeys (ConfUtils.java:logGet(43)) - raft.server.log.statemachine.data.sync = true (default)
2019-09-19 14:21:39,799 [pool-38-thread-1] INFO  server.RaftServerConfigKeys (ConfUtils.java:logGet(43)) - raft.server.log.statemachine.data.sync.timeout = 10s (default)
2019-09-19 14:21:39,799 [pool-38-thread-1] INFO  server.RaftServerConfigKeys (ConfUtils.java:logGet(43)) - raft.server.log.statemachine.data.sync.timeout.retry = -1 (default)
2019-09-19 14:21:39,799 [pool-38-thread-1] INFO  server.RaftServerConfigKeys (ConfUtils.java:logGet(43)) - raft.server.log.statemachine.data.caching.enabled = true (custom)
2019-09-19 14:21:39,800 [pool-38-thread-1] INFO  segmented.SegmentedRaftLogWorker (SegmentedRaftLogWorker.java:lambda$new$0(132)) - 5dfaa0ea-416a-422c-a75d-43311aceb00a-SegmentedRaftLogWorker:Storage Directory /workdir/hadoop-ozone/integration-test/target/test-dir/MiniOzoneClusterImpl-210d6028-2152-4683-81ff-347b0d29bb13/datanode-1/data/ratis/ab5b533a-6c39-466f-ba27-434f2440a2f3: flushIndex: setUnconditionally 0 -> -1
2019-09-19 14:21:39,800 [pool-38-thread-1] INFO  server.RaftServerConfigKeys (ConfUtils.java:logGet(43)) - raft.server.snapshot.auto.trigger.enabled = true (custom)
2019-09-19 14:21:39,800 [pool-38-thread-1] INFO  server.RaftServerConfigKeys (ConfUtils.java:logGet(43)) - raft.server.snapshot.auto.trigger.threshold = 10000 (custom)
2019-09-19 14:21:39,800 [pool-38-thread-1] INFO  server.RaftServerConfigKeys (ConfUtils.java:logGet(43)) - raft.server.retrycache.expirytime = 600000ms (custom)
2019-09-19 14:21:39,800 [pool-38-thread-1] INFO  impl.RaftServerImpl (RaftServerImpl.java:start(180)) - 5dfaa0ea-416a-422c-a75d-43311aceb00a: start group-434F2440A2F3
2019-09-19 14:21:39,800 [pool-38-thread-1] INFO  impl.RaftServerImpl (RaftServerImpl.java:setRole(171)) - 5dfaa0ea-416a-422c-a75d-43311aceb00a:group-434F2440A2F3 changes role from null to FOLLOWER at term 0 for startAsFollower
2019-09-19 14:21:39,800 [pool-38-thread-1] INFO  impl.RoleInfo (RoleInfo.java:updateAndGet(143)) - 5dfaa0ea-416a-422c-a75d-43311aceb00a: start FollowerState
2019-09-19 14:21:39,801 [pool-38-thread-1] INFO  util.JmxRegister (JmxRegister.java:tryRegister(44)) - Successfully registered JMX Bean with object name Ratis:service=RaftServer,group=group-434F2440A2F3,id=5dfaa0ea-416a-422c-a75d-43311aceb00a
2019-09-19 14:21:39,804 [RatisPipelineUtilsThread] INFO  pipeline.PipelineStateManager (PipelineStateManager.java:addPipeline(56)) - Created pipeline Pipeline[ Id: ab5b533a-6c39-466f-ba27-434f2440a2f3, Nodes: 5dfaa0ea-416a-422c-a75d-43311aceb00a{ip: 192.168.157.226, host: pr-hdds-1569-swxfz-3172132826, networkLocation: /default-rack, certSerialId: null}, Type:RATIS, Factor:ONE, State:OPEN]
2019-09-19 14:21:39,808 [grpc-default-executor-2] INFO  impl.RaftServerProxy (RaftServerProxy.java:addNew(89)) - 85c6a9f3-b9a5-43a5-ac4f-9aa7bd5f2263: addNew group-9BF0E3E86DDD:[85c6a9f3-b9a5-43a5-ac4f-9aa7bd5f2263:192.168.157.226:45170] returns group-9BF0E3E86DDD:java.util.concurrent.CompletableFuture@45ccdb5e[Not completed]
2019-09-19 14:21:39,809 [pool-27-thread-1] INFO  impl.RaftServerImpl (RaftServerImpl.java:<init>(93)) - 85c6a9f3-b9a5-43a5-ac4f-9aa7bd5f2263: new RaftServerImpl for group-9BF0E3E86DDD:[85c6a9f3-b9a5-43a5-ac4f-9aa7bd5f2263:192.168.157.226:45170] with ContainerStateMachine:uninitialized
2019-09-19 14:21:39,810 [pool-27-thread-1] INFO  server.RaftServerConfigKeys (ConfUtils.java:logGet(43)) - raft.server.rpc.timeout.min = 5s (custom)
2019-09-19 14:21:39,810 [pool-27-thread-1] INFO  server.RaftServerConfigKeys (ConfUtils.java:logGet(43)) - raft.server.rpc.timeout.max = 5200ms (custom)
2019-09-19 14:21:39,810 [pool-27-thread-1] INFO  server.RaftServerConfigKeys (ConfUtils.java:logGet(43)) - raft.server.rpcslowness.timeout = 120s (custom)
2019-09-19 14:21:39,810 [pool-27-thread-1] INFO  server.RaftServerConfigKeys (ConfUtils.java:logGet(43)) - raft.server.sleep.deviation.threshold = 300 (default)
2019-09-19 14:21:39,810 [pool-27-thread-1] INFO  server.RaftServerConfigKeys (ConfUtils.java:logGet(43)) - raft.server.log.appender.install.snapshot.enabled = false (custom)
2019-09-19 14:21:39,810 [pool-27-thread-1] INFO  impl.RaftServerImpl (ServerState.java:<init>(105)) - 85c6a9f3-b9a5-43a5-ac4f-9aa7bd5f2263:group-9BF0E3E86DDD ConfigurationManager, init=-1: [85c6a9f3-b9a5-43a5-ac4f-9aa7bd5f2263:192.168.157.226:45170], old=null, confs=<EMPTY_MAP>
2019-09-19 14:21:39,810 [pool-27-thread-1] INFO  server.RaftServerConfigKeys (ConfUtils.java:logGet(43)) - raft.server.storage.dir = [/workdir/hadoop-ozone/integration-test/target/test-dir/MiniOzoneClusterImpl-210d6028-2152-4683-81ff-347b0d29bb13/datanode-0/data/ratis] (custom)
2019-09-19 14:21:39,811 [pool-27-thread-1] INFO  storage.RaftStorageDirectory (RaftStorageDirectory.java:analyzeStorage(246)) - The storage directory /workdir/hadoop-ozone/integration-test/target/test-dir/MiniOzoneClusterImpl-210d6028-2152-4683-81ff-347b0d29bb13/datanode-0/data/ratis/beee9431-602b-412f-9914-9bf0e3e86ddd does not exist. Creating ...
2019-09-19 14:21:39,824 [pool-27-thread-1] INFO  storage.RaftStorageDirectory (RaftStorageDirectory.java:tryLock(328)) - Lock on /workdir/hadoop-ozone/integration-test/target/test-dir/MiniOzoneClusterImpl-210d6028-2152-4683-81ff-347b0d29bb13/datanode-0/data/ratis/beee9431-602b-412f-9914-9bf0e3e86ddd/in_use.lock acquired by nodename 16198@pr-hdds-1569-swxfz-3172132826
2019-09-19 14:21:39,837 [pool-27-thread-1] INFO  storage.RaftStorage (RaftStorage.java:format(72)) - Storage directory /workdir/hadoop-ozone/integration-test/target/test-dir/MiniOzoneClusterImpl-210d6028-2152-4683-81ff-347b0d29bb13/datanode-0/data/ratis/beee9431-602b-412f-9914-9bf0e3e86ddd has been successfully formatted.
2019-09-19 14:21:39,837 [pool-27-thread-1] INFO  ratis.ContainerStateMachine (ContainerStateMachine.java:loadSnapshot(226)) - group-9BF0E3E86DDD: The snapshot info is null. Setting the last applied indexto:(t:0, i:~)
2019-09-19 14:21:39,837 [pool-27-thread-1] INFO  server.RaftServerConfigKeys (ConfUtils.java:logGet(43)) - raft.server.leader.election.timeout = 120s (custom)
2019-09-19 14:21:39,837 [pool-27-thread-1] INFO  server.RaftServerConfigKeys (ConfUtils.java:logGet(43)) - raft.server.log.use.memory = false (default)
2019-09-19 14:21:39,838 [pool-27-thread-1] INFO  server.RaftServerConfigKeys (ConfUtils.java:logGet(43)) - raft.server.log.purge.gap = 1000000 (custom)
2019-09-19 14:21:39,838 [pool-27-thread-1] INFO  server.RaftServerConfigKeys (ConfUtils.java:logGet(43)) - raft.server.log.appender.buffer.byte-limit = 33554432 (custom)
2019-09-19 14:21:39,838 [pool-27-thread-1] INFO  server.RaftServerConfigKeys (ConfUtils.java:logGet(43)) - raft.server.log.segment.size.max = 1048576 (custom)
2019-09-19 14:21:39,838 [pool-27-thread-1] INFO  server.RaftServerConfigKeys (ConfUtils.java:logGet(43)) - raft.server.log.segment.cache.num.max = 2 (custom)
2019-09-19 14:21:39,838 [pool-27-thread-1] INFO  segmented.SegmentedRaftLogWorker (SegmentedRaftLogWorker.java:<init>(172)) - new 85c6a9f3-b9a5-43a5-ac4f-9aa7bd5f2263-SegmentedRaftLogWorker:Storage Directory /workdir/hadoop-ozone/integration-test/target/test-dir/MiniOzoneClusterImpl-210d6028-2152-4683-81ff-347b0d29bb13/datanode-0/data/ratis/beee9431-602b-412f-9914-9bf0e3e86ddd for RaftStorage:Storage Directory /workdir/hadoop-ozone/integration-test/target/test-dir/MiniOzoneClusterImpl-210d6028-2152-4683-81ff-347b0d29bb13/datanode-0/data/ratis/beee9431-602b-412f-9914-9bf0e3e86ddd
2019-09-19 14:21:39,839 [pool-27-thread-1] INFO  server.RaftServerConfigKeys (ConfUtils.java:logGet(43)) - raft.server.log.queue.byte-limit = 2147483647 (custom)
2019-09-19 14:21:39,839 [pool-27-thread-1] INFO  server.RaftServerConfigKeys (ConfUtils.java:logGet(43)) - raft.server.log.queue.element-limit = 1024 (custom)
2019-09-19 14:21:39,839 [pool-27-thread-1] INFO  server.RaftServerConfigKeys (ConfUtils.java:logGet(43)) - raft.server.log.segment.size.max = 1048576 (custom)
2019-09-19 14:21:39,839 [pool-27-thread-1] INFO  server.RaftServerConfigKeys (ConfUtils.java:logGet(43)) - raft.server.log.preallocated.size = 16384 (custom)
2019-09-19 14:21:39,839 [pool-27-thread-1] INFO  server.RaftServerConfigKeys (ConfUtils.java:logGet(43)) - raft.server.log.write.buffer.size = 33554432 (custom)
2019-09-19 14:21:39,839 [pool-27-thread-1] INFO  server.RaftServerConfigKeys (ConfUtils.java:logGet(43)) - raft.server.log.force.sync.num = 128 (default)
2019-09-19 14:21:39,840 [pool-27-thread-1] INFO  server.RaftServerConfigKeys (ConfUtils.java:logGet(43)) - raft.server.log.statemachine.data.sync = true (default)
2019-09-19 14:21:39,840 [pool-27-thread-1] INFO  server.RaftServerConfigKeys (ConfUtils.java:logGet(43)) - raft.server.log.statemachine.data.sync.timeout = 10s (default)
2019-09-19 14:21:39,840 [pool-27-thread-1] INFO  server.RaftServerConfigKeys (ConfUtils.java:logGet(43)) - raft.server.log.statemachine.data.sync.timeout.retry = -1 (default)
2019-09-19 14:21:39,840 [pool-27-thread-1] INFO  server.RaftServerConfigKeys (ConfUtils.java:logGet(43)) - raft.server.log.statemachine.data.caching.enabled = true (custom)
2019-09-19 14:21:39,841 [pool-27-thread-1] INFO  segmented.SegmentedRaftLogWorker (SegmentedRaftLogWorker.java:lambda$new$0(132)) - 85c6a9f3-b9a5-43a5-ac4f-9aa7bd5f2263-SegmentedRaftLogWorker:Storage Directory /workdir/hadoop-ozone/integration-test/target/test-dir/MiniOzoneClusterImpl-210d6028-2152-4683-81ff-347b0d29bb13/datanode-0/data/ratis/beee9431-602b-412f-9914-9bf0e3e86ddd: flushIndex: setUnconditionally 0 -> -1
2019-09-19 14:21:39,841 [pool-27-thread-1] INFO  server.RaftServerConfigKeys (ConfUtils.java:logGet(43)) - raft.server.snapshot.auto.trigger.enabled = true (custom)
2019-09-19 14:21:39,841 [pool-27-thread-1] INFO  server.RaftServerConfigKeys (ConfUtils.java:logGet(43)) - raft.server.snapshot.auto.trigger.threshold = 10000 (custom)
2019-09-19 14:21:39,841 [pool-27-thread-1] INFO  server.RaftServerConfigKeys (ConfUtils.java:logGet(43)) - raft.server.retrycache.expirytime = 600000ms (custom)
2019-09-19 14:21:39,842 [pool-27-thread-1] INFO  impl.RaftServerImpl (RaftServerImpl.java:start(180)) - 85c6a9f3-b9a5-43a5-ac4f-9aa7bd5f2263: start group-9BF0E3E86DDD
2019-09-19 14:21:39,842 [pool-27-thread-1] INFO  impl.RaftServerImpl (RaftServerImpl.java:setRole(171)) - 85c6a9f3-b9a5-43a5-ac4f-9aa7bd5f2263:group-9BF0E3E86DDD changes role from null to FOLLOWER at term 0 for startAsFollower
2019-09-19 14:21:39,842 [pool-27-thread-1] INFO  impl.RoleInfo (RoleInfo.java:updateAndGet(143)) - 85c6a9f3-b9a5-43a5-ac4f-9aa7bd5f2263: start FollowerState
2019-09-19 14:21:39,842 [pool-27-thread-1] INFO  util.JmxRegister (JmxRegister.java:tryRegister(44)) - Successfully registered JMX Bean with object name Ratis:service=RaftServer,group=group-9BF0E3E86DDD,id=85c6a9f3-b9a5-43a5-ac4f-9aa7bd5f2263
2019-09-19 14:21:39,845 [RatisPipelineUtilsThread] INFO  pipeline.PipelineStateManager (PipelineStateManager.java:addPipeline(56)) - Created pipeline Pipeline[ Id: beee9431-602b-412f-9914-9bf0e3e86ddd, Nodes: 85c6a9f3-b9a5-43a5-ac4f-9aa7bd5f2263{ip: 192.168.157.226, host: pr-hdds-1569-swxfz-3172132826, networkLocation: /default-rack, certSerialId: null}, Type:RATIS, Factor:ONE, State:OPEN]
2019-09-19 14:21:39,849 [grpc-default-executor-2] INFO  impl.RaftServerProxy (RaftServerProxy.java:addNew(89)) - 306a7a99-f2a5-4f40-b42b-2fc2def08a6a: addNew group-EA67B07F3728:[306a7a99-f2a5-4f40-b42b-2fc2def08a6a:192.168.157.226:42633] returns group-EA67B07F3728:java.util.concurrent.CompletableFuture@6ef5d46d[Not completed]
2019-09-19 14:21:39,851 [pool-49-thread-1] INFO  impl.RaftServerImpl (RaftServerImpl.java:<init>(93)) - 306a7a99-f2a5-4f40-b42b-2fc2def08a6a: new RaftServerImpl for group-EA67B07F3728:[306a7a99-f2a5-4f40-b42b-2fc2def08a6a:192.168.157.226:42633] with ContainerStateMachine:uninitialized
2019-09-19 14:21:39,851 [pool-49-thread-1] INFO  server.RaftServerConfigKeys (ConfUtils.java:logGet(43)) - raft.server.rpc.timeout.min = 5s (custom)
2019-09-19 14:21:39,851 [pool-49-thread-1] INFO  server.RaftServerConfigKeys (ConfUtils.java:logGet(43)) - raft.server.rpc.timeout.max = 5200ms (custom)
2019-09-19 14:21:39,851 [pool-49-thread-1] INFO  server.RaftServerConfigKeys (ConfUtils.java:logGet(43)) - raft.server.rpcslowness.timeout = 120s (custom)
2019-09-19 14:21:39,851 [pool-49-thread-1] INFO  server.RaftServerConfigKeys (ConfUtils.java:logGet(43)) - raft.server.sleep.deviation.threshold = 300 (default)
2019-09-19 14:21:39,851 [pool-49-thread-1] INFO  server.RaftServerConfigKeys (ConfUtils.java:logGet(43)) - raft.server.log.appender.install.snapshot.enabled = false (custom)
2019-09-19 14:21:39,851 [pool-49-thread-1] INFO  impl.RaftServerImpl (ServerState.java:<init>(105)) - 306a7a99-f2a5-4f40-b42b-2fc2def08a6a:group-EA67B07F3728 ConfigurationManager, init=-1: [306a7a99-f2a5-4f40-b42b-2fc2def08a6a:192.168.157.226:42633], old=null, confs=<EMPTY_MAP>
2019-09-19 14:21:39,852 [pool-49-thread-1] INFO  server.RaftServerConfigKeys (ConfUtils.java:logGet(43)) - raft.server.storage.dir = [/workdir/hadoop-ozone/integration-test/target/test-dir/MiniOzoneClusterImpl-210d6028-2152-4683-81ff-347b0d29bb13/datanode-2/data/ratis] (custom)
2019-09-19 14:21:39,852 [pool-49-thread-1] INFO  storage.RaftStorageDirectory (RaftStorageDirectory.java:analyzeStorage(246)) - The storage directory /workdir/hadoop-ozone/integration-test/target/test-dir/MiniOzoneClusterImpl-210d6028-2152-4683-81ff-347b0d29bb13/datanode-2/data/ratis/53429c1a-3d53-4d84-a783-ea67b07f3728 does not exist. Creating ...
2019-09-19 14:21:39,865 [pool-49-thread-1] INFO  storage.RaftStorageDirectory (RaftStorageDirectory.java:tryLock(328)) - Lock on /workdir/hadoop-ozone/integration-test/target/test-dir/MiniOzoneClusterImpl-210d6028-2152-4683-81ff-347b0d29bb13/datanode-2/data/ratis/53429c1a-3d53-4d84-a783-ea67b07f3728/in_use.lock acquired by nodename 16198@pr-hdds-1569-swxfz-3172132826
2019-09-19 14:21:39,868 | INFO  | SCMAudit | user=jenkins1000 | ip=192.168.157.226 | op=SEND_HEARTBEAT {datanodeUUID=85c6a9f3-b9a5-43a5-ac4f-9aa7bd5f2263, command=[]} | ret=SUCCESS |  
2019-09-19 14:21:39,868 | INFO  | SCMAudit | user=jenkins1000 | ip=192.168.157.226 | op=SEND_HEARTBEAT {datanodeUUID=431517c4-8c09-4790-b37b-2e132c8143ad, command=[]} | ret=SUCCESS |  
2019-09-19 14:21:39,869 | INFO  | SCMAudit | user=jenkins1000 | ip=192.168.157.226 | op=SEND_HEARTBEAT {datanodeUUID=1190b9a7-12b1-4c15-b33e-f7d0a0cd436c, command=[]} | ret=SUCCESS |  
2019-09-19 14:21:39,869 | INFO  | SCMAudit | user=jenkins1000 | ip=192.168.157.226 | op=SEND_HEARTBEAT {datanodeUUID=56d21ab3-8f6d-44ea-b961-c721a1c09246, command=[]} | ret=SUCCESS |  
2019-09-19 14:21:39,870 | INFO  | SCMAudit | user=jenkins1000 | ip=192.168.157.226 | op=SEND_HEARTBEAT {datanodeUUID=5dfaa0ea-416a-422c-a75d-43311aceb00a, command=[]} | ret=SUCCESS |  
2019-09-19 14:21:39,877 [pool-49-thread-1] INFO  storage.RaftStorage (RaftStorage.java:format(72)) - Storage directory /workdir/hadoop-ozone/integration-test/target/test-dir/MiniOzoneClusterImpl-210d6028-2152-4683-81ff-347b0d29bb13/datanode-2/data/ratis/53429c1a-3d53-4d84-a783-ea67b07f3728 has been successfully formatted.
2019-09-19 14:21:39,877 [pool-49-thread-1] INFO  ratis.ContainerStateMachine (ContainerStateMachine.java:loadSnapshot(226)) - group-EA67B07F3728: The snapshot info is null. Setting the last applied indexto:(t:0, i:~)
2019-09-19 14:21:39,878 [pool-49-thread-1] INFO  server.RaftServerConfigKeys (ConfUtils.java:logGet(43)) - raft.server.leader.election.timeout = 120s (custom)
2019-09-19 14:21:39,878 [pool-49-thread-1] INFO  server.RaftServerConfigKeys (ConfUtils.java:logGet(43)) - raft.server.log.use.memory = false (default)
2019-09-19 14:21:39,878 [pool-49-thread-1] INFO  server.RaftServerConfigKeys (ConfUtils.java:logGet(43)) - raft.server.log.purge.gap = 1000000 (custom)
2019-09-19 14:21:39,878 [pool-49-thread-1] INFO  server.RaftServerConfigKeys (ConfUtils.java:logGet(43)) - raft.server.log.appender.buffer.byte-limit = 33554432 (custom)
2019-09-19 14:21:39,878 [pool-49-thread-1] INFO  server.RaftServerConfigKeys (ConfUtils.java:logGet(43)) - raft.server.log.segment.size.max = 1048576 (custom)
2019-09-19 14:21:39,878 [pool-49-thread-1] INFO  server.RaftServerConfigKeys (ConfUtils.java:logGet(43)) - raft.server.log.segment.cache.num.max = 2 (custom)
2019-09-19 14:21:39,878 [pool-49-thread-1] INFO  segmented.SegmentedRaftLogWorker (SegmentedRaftLogWorker.java:<init>(172)) - new 306a7a99-f2a5-4f40-b42b-2fc2def08a6a-SegmentedRaftLogWorker:Storage Directory /workdir/hadoop-ozone/integration-test/target/test-dir/MiniOzoneClusterImpl-210d6028-2152-4683-81ff-347b0d29bb13/datanode-2/data/ratis/53429c1a-3d53-4d84-a783-ea67b07f3728 for RaftStorage:Storage Directory /workdir/hadoop-ozone/integration-test/target/test-dir/MiniOzoneClusterImpl-210d6028-2152-4683-81ff-347b0d29bb13/datanode-2/data/ratis/53429c1a-3d53-4d84-a783-ea67b07f3728
2019-09-19 14:21:39,879 [pool-49-thread-1] INFO  server.RaftServerConfigKeys (ConfUtils.java:logGet(43)) - raft.server.log.queue.byte-limit = 2147483647 (custom)
2019-09-19 14:21:39,879 [pool-49-thread-1] INFO  server.RaftServerConfigKeys (ConfUtils.java:logGet(43)) - raft.server.log.queue.element-limit = 1024 (custom)
2019-09-19 14:21:39,879 [pool-49-thread-1] INFO  server.RaftServerConfigKeys (ConfUtils.java:logGet(43)) - raft.server.log.segment.size.max = 1048576 (custom)
2019-09-19 14:21:39,879 [pool-49-thread-1] INFO  server.RaftServerConfigKeys (ConfUtils.java:logGet(43)) - raft.server.log.preallocated.size = 16384 (custom)
2019-09-19 14:21:39,879 [pool-49-thread-1] INFO  server.RaftServerConfigKeys (ConfUtils.java:logGet(43)) - raft.server.log.write.buffer.size = 33554432 (custom)
2019-09-19 14:21:39,879 [pool-49-thread-1] INFO  server.RaftServerConfigKeys (ConfUtils.java:logGet(43)) - raft.server.log.force.sync.num = 128 (default)
2019-09-19 14:21:39,879 [pool-49-thread-1] INFO  server.RaftServerConfigKeys (ConfUtils.java:logGet(43)) - raft.server.log.statemachine.data.sync = true (default)
2019-09-19 14:21:39,879 [pool-49-thread-1] INFO  server.RaftServerConfigKeys (ConfUtils.java:logGet(43)) - raft.server.log.statemachine.data.sync.timeout = 10s (default)
2019-09-19 14:21:39,880 [pool-49-thread-1] INFO  server.RaftServerConfigKeys (ConfUtils.java:logGet(43)) - raft.server.log.statemachine.data.sync.timeout.retry = -1 (default)
2019-09-19 14:21:39,880 [pool-49-thread-1] INFO  server.RaftServerConfigKeys (ConfUtils.java:logGet(43)) - raft.server.log.statemachine.data.caching.enabled = true (custom)
2019-09-19 14:21:39,880 [pool-49-thread-1] INFO  segmented.SegmentedRaftLogWorker (SegmentedRaftLogWorker.java:lambda$new$0(132)) - 306a7a99-f2a5-4f40-b42b-2fc2def08a6a-SegmentedRaftLogWorker:Storage Directory /workdir/hadoop-ozone/integration-test/target/test-dir/MiniOzoneClusterImpl-210d6028-2152-4683-81ff-347b0d29bb13/datanode-2/data/ratis/53429c1a-3d53-4d84-a783-ea67b07f3728: flushIndex: setUnconditionally 0 -> -1
2019-09-19 14:21:39,880 [pool-49-thread-1] INFO  server.RaftServerConfigKeys (ConfUtils.java:logGet(43)) - raft.server.snapshot.auto.trigger.enabled = true (custom)
2019-09-19 14:21:39,881 [pool-49-thread-1] INFO  server.RaftServerConfigKeys (ConfUtils.java:logGet(43)) - raft.server.snapshot.auto.trigger.threshold = 10000 (custom)
2019-09-19 14:21:39,881 [pool-49-thread-1] INFO  server.RaftServerConfigKeys (ConfUtils.java:logGet(43)) - raft.server.retrycache.expirytime = 600000ms (custom)
2019-09-19 14:21:39,881 [pool-49-thread-1] INFO  impl.RaftServerImpl (RaftServerImpl.java:start(180)) - 306a7a99-f2a5-4f40-b42b-2fc2def08a6a: start group-EA67B07F3728
2019-09-19 14:21:39,881 [pool-49-thread-1] INFO  impl.RaftServerImpl (RaftServerImpl.java:setRole(171)) - 306a7a99-f2a5-4f40-b42b-2fc2def08a6a:group-EA67B07F3728 changes role from null to FOLLOWER at term 0 for startAsFollower
2019-09-19 14:21:39,881 [pool-49-thread-1] INFO  impl.RoleInfo (RoleInfo.java:updateAndGet(143)) - 306a7a99-f2a5-4f40-b42b-2fc2def08a6a: start FollowerState
2019-09-19 14:21:39,881 [pool-49-thread-1] INFO  util.JmxRegister (JmxRegister.java:tryRegister(44)) - Successfully registered JMX Bean with object name Ratis:service=RaftServer,group=group-EA67B07F3728,id=306a7a99-f2a5-4f40-b42b-2fc2def08a6a
2019-09-19 14:21:39,884 [RatisPipelineUtilsThread] INFO  pipeline.PipelineStateManager (PipelineStateManager.java:addPipeline(56)) - Created pipeline Pipeline[ Id: 53429c1a-3d53-4d84-a783-ea67b07f3728, Nodes: 306a7a99-f2a5-4f40-b42b-2fc2def08a6a{ip: 192.168.157.226, host: pr-hdds-1569-swxfz-3172132826, networkLocation: /default-rack, certSerialId: null}, Type:RATIS, Factor:ONE, State:OPEN]
2019-09-19 14:21:39,888 [grpc-default-executor-2] INFO  impl.RaftServerProxy (RaftServerProxy.java:addNew(89)) - 1190b9a7-12b1-4c15-b33e-f7d0a0cd436c: addNew group-F9B6CA18EE39:[1190b9a7-12b1-4c15-b33e-f7d0a0cd436c:192.168.157.226:34463] returns group-F9B6CA18EE39:java.util.concurrent.CompletableFuture@2aafef77[Not completed]
2019-09-19 14:21:39,889 [pool-71-thread-1] INFO  impl.RaftServerImpl (RaftServerImpl.java:<init>(93)) - 1190b9a7-12b1-4c15-b33e-f7d0a0cd436c: new RaftServerImpl for group-F9B6CA18EE39:[1190b9a7-12b1-4c15-b33e-f7d0a0cd436c:192.168.157.226:34463] with ContainerStateMachine:uninitialized
2019-09-19 14:21:39,889 [pool-71-thread-1] INFO  server.RaftServerConfigKeys (ConfUtils.java:logGet(43)) - raft.server.rpc.timeout.min = 5s (custom)
2019-09-19 14:21:39,889 [pool-71-thread-1] INFO  server.RaftServerConfigKeys (ConfUtils.java:logGet(43)) - raft.server.rpc.timeout.max = 5200ms (custom)
2019-09-19 14:21:39,889 [pool-71-thread-1] INFO  server.RaftServerConfigKeys (ConfUtils.java:logGet(43)) - raft.server.rpcslowness.timeout = 120s (custom)
2019-09-19 14:21:39,890 [pool-71-thread-1] INFO  server.RaftServerConfigKeys (ConfUtils.java:logGet(43)) - raft.server.sleep.deviation.threshold = 300 (default)
2019-09-19 14:21:39,890 [pool-71-thread-1] INFO  server.RaftServerConfigKeys (ConfUtils.java:logGet(43)) - raft.server.log.appender.install.snapshot.enabled = false (custom)
2019-09-19 14:21:39,890 [pool-71-thread-1] INFO  impl.RaftServerImpl (ServerState.java:<init>(105)) - 1190b9a7-12b1-4c15-b33e-f7d0a0cd436c:group-F9B6CA18EE39 ConfigurationManager, init=-1: [1190b9a7-12b1-4c15-b33e-f7d0a0cd436c:192.168.157.226:34463], old=null, confs=<EMPTY_MAP>
2019-09-19 14:21:39,890 [pool-71-thread-1] INFO  server.RaftServerConfigKeys (ConfUtils.java:logGet(43)) - raft.server.storage.dir = [/workdir/hadoop-ozone/integration-test/target/test-dir/MiniOzoneClusterImpl-210d6028-2152-4683-81ff-347b0d29bb13/datanode-4/data/ratis] (custom)
2019-09-19 14:21:39,890 [pool-71-thread-1] INFO  storage.RaftStorageDirectory (RaftStorageDirectory.java:analyzeStorage(246)) - The storage directory /workdir/hadoop-ozone/integration-test/target/test-dir/MiniOzoneClusterImpl-210d6028-2152-4683-81ff-347b0d29bb13/datanode-4/data/ratis/02336153-ac0b-46fe-977d-f9b6ca18ee39 does not exist. Creating ...
2019-09-19 14:21:39,903 [pool-71-thread-1] INFO  storage.RaftStorageDirectory (RaftStorageDirectory.java:tryLock(328)) - Lock on /workdir/hadoop-ozone/integration-test/target/test-dir/MiniOzoneClusterImpl-210d6028-2152-4683-81ff-347b0d29bb13/datanode-4/data/ratis/02336153-ac0b-46fe-977d-f9b6ca18ee39/in_use.lock acquired by nodename 16198@pr-hdds-1569-swxfz-3172132826
2019-09-19 14:21:39,906 [pool-71-thread-1] INFO  storage.RaftStorage (RaftStorage.java:format(72)) - Storage directory /workdir/hadoop-ozone/integration-test/target/test-dir/MiniOzoneClusterImpl-210d6028-2152-4683-81ff-347b0d29bb13/datanode-4/data/ratis/02336153-ac0b-46fe-977d-f9b6ca18ee39 has been successfully formatted.
2019-09-19 14:21:39,907 [pool-71-thread-1] INFO  ratis.ContainerStateMachine (ContainerStateMachine.java:loadSnapshot(226)) - group-F9B6CA18EE39: The snapshot info is null. Setting the last applied indexto:(t:0, i:~)
2019-09-19 14:21:39,907 [pool-71-thread-1] INFO  server.RaftServerConfigKeys (ConfUtils.java:logGet(43)) - raft.server.leader.election.timeout = 120s (custom)
2019-09-19 14:21:39,907 [pool-71-thread-1] INFO  server.RaftServerConfigKeys (ConfUtils.java:logGet(43)) - raft.server.log.use.memory = false (default)
2019-09-19 14:21:39,907 [pool-71-thread-1] INFO  server.RaftServerConfigKeys (ConfUtils.java:logGet(43)) - raft.server.log.purge.gap = 1000000 (custom)
2019-09-19 14:21:39,907 [pool-71-thread-1] INFO  server.RaftServerConfigKeys (ConfUtils.java:logGet(43)) - raft.server.log.appender.buffer.byte-limit = 33554432 (custom)
2019-09-19 14:21:39,907 [pool-71-thread-1] INFO  server.RaftServerConfigKeys (ConfUtils.java:logGet(43)) - raft.server.log.segment.size.max = 1048576 (custom)
2019-09-19 14:21:39,907 [pool-71-thread-1] INFO  server.RaftServerConfigKeys (ConfUtils.java:logGet(43)) - raft.server.log.segment.cache.num.max = 2 (custom)
2019-09-19 14:21:39,908 [pool-71-thread-1] INFO  segmented.SegmentedRaftLogWorker (SegmentedRaftLogWorker.java:<init>(172)) - new 1190b9a7-12b1-4c15-b33e-f7d0a0cd436c-SegmentedRaftLogWorker:Storage Directory /workdir/hadoop-ozone/integration-test/target/test-dir/MiniOzoneClusterImpl-210d6028-2152-4683-81ff-347b0d29bb13/datanode-4/data/ratis/02336153-ac0b-46fe-977d-f9b6ca18ee39 for RaftStorage:Storage Directory /workdir/hadoop-ozone/integration-test/target/test-dir/MiniOzoneClusterImpl-210d6028-2152-4683-81ff-347b0d29bb13/datanode-4/data/ratis/02336153-ac0b-46fe-977d-f9b6ca18ee39
2019-09-19 14:21:39,908 [pool-71-thread-1] INFO  server.RaftServerConfigKeys (ConfUtils.java:logGet(43)) - raft.server.log.queue.byte-limit = 2147483647 (custom)
2019-09-19 14:21:39,908 [pool-71-thread-1] INFO  server.RaftServerConfigKeys (ConfUtils.java:logGet(43)) - raft.server.log.queue.element-limit = 1024 (custom)
2019-09-19 14:21:39,908 [pool-71-thread-1] INFO  server.RaftServerConfigKeys (ConfUtils.java:logGet(43)) - raft.server.log.segment.size.max = 1048576 (custom)
2019-09-19 14:21:39,908 [pool-71-thread-1] INFO  server.RaftServerConfigKeys (ConfUtils.java:logGet(43)) - raft.server.log.preallocated.size = 16384 (custom)
2019-09-19 14:21:39,908 [pool-71-thread-1] INFO  server.RaftServerConfigKeys (ConfUtils.java:logGet(43)) - raft.server.log.write.buffer.size = 33554432 (custom)
2019-09-19 14:21:39,908 [pool-71-thread-1] INFO  server.RaftServerConfigKeys (ConfUtils.java:logGet(43)) - raft.server.log.force.sync.num = 128 (default)
2019-09-19 14:21:39,908 [pool-71-thread-1] INFO  server.RaftServerConfigKeys (ConfUtils.java:logGet(43)) - raft.server.log.statemachine.data.sync = true (default)
2019-09-19 14:21:39,908 [pool-71-thread-1] INFO  server.RaftServerConfigKeys (ConfUtils.java:logGet(43)) - raft.server.log.statemachine.data.sync.timeout = 10s (default)
2019-09-19 14:21:39,909 [pool-71-thread-1] INFO  server.RaftServerConfigKeys (ConfUtils.java:logGet(43)) - raft.server.log.statemachine.data.sync.timeout.retry = -1 (default)
2019-09-19 14:21:39,909 [pool-71-thread-1] INFO  server.RaftServerConfigKeys (ConfUtils.java:logGet(43)) - raft.server.log.statemachine.data.caching.enabled = true (custom)
2019-09-19 14:21:39,909 [pool-71-thread-1] INFO  segmented.SegmentedRaftLogWorker (SegmentedRaftLogWorker.java:lambda$new$0(132)) - 1190b9a7-12b1-4c15-b33e-f7d0a0cd436c-SegmentedRaftLogWorker:Storage Directory /workdir/hadoop-ozone/integration-test/target/test-dir/MiniOzoneClusterImpl-210d6028-2152-4683-81ff-347b0d29bb13/datanode-4/data/ratis/02336153-ac0b-46fe-977d-f9b6ca18ee39: flushIndex: setUnconditionally 0 -> -1
2019-09-19 14:21:39,909 [pool-71-thread-1] INFO  server.RaftServerConfigKeys (ConfUtils.java:logGet(43)) - raft.server.snapshot.auto.trigger.enabled = true (custom)
2019-09-19 14:21:39,909 [pool-71-thread-1] INFO  server.RaftServerConfigKeys (ConfUtils.java:logGet(43)) - raft.server.snapshot.auto.trigger.threshold = 10000 (custom)
2019-09-19 14:21:39,910 [pool-71-thread-1] INFO  server.RaftServerConfigKeys (ConfUtils.java:logGet(43)) - raft.server.retrycache.expirytime = 600000ms (custom)
2019-09-19 14:21:39,910 [pool-71-thread-1] INFO  impl.RaftServerImpl (RaftServerImpl.java:start(180)) - 1190b9a7-12b1-4c15-b33e-f7d0a0cd436c: start group-F9B6CA18EE39
2019-09-19 14:21:39,910 [pool-71-thread-1] INFO  impl.RaftServerImpl (RaftServerImpl.java:setRole(171)) - 1190b9a7-12b1-4c15-b33e-f7d0a0cd436c:group-F9B6CA18EE39 changes role from null to FOLLOWER at term 0 for startAsFollower
2019-09-19 14:21:39,910 [pool-71-thread-1] INFO  impl.RoleInfo (RoleInfo.java:updateAndGet(143)) - 1190b9a7-12b1-4c15-b33e-f7d0a0cd436c: start FollowerState
2019-09-19 14:21:39,910 [pool-71-thread-1] INFO  util.JmxRegister (JmxRegister.java:tryRegister(44)) - Successfully registered JMX Bean with object name Ratis:service=RaftServer,group=group-F9B6CA18EE39,id=1190b9a7-12b1-4c15-b33e-f7d0a0cd436c
2019-09-19 14:21:39,913 [RatisPipelineUtilsThread] INFO  pipeline.PipelineStateManager (PipelineStateManager.java:addPipeline(56)) - Created pipeline Pipeline[ Id: 02336153-ac0b-46fe-977d-f9b6ca18ee39, Nodes: 1190b9a7-12b1-4c15-b33e-f7d0a0cd436c{ip: 192.168.157.226, host: pr-hdds-1569-swxfz-3172132826, networkLocation: /default-rack, certSerialId: null}, Type:RATIS, Factor:ONE, State:OPEN]
2019-09-19 14:21:39,916 [grpc-default-executor-2] INFO  impl.RaftServerProxy (RaftServerProxy.java:addNew(89)) - 6403e584-2209-453b-b79e-eeb0a7b58516: addNew group-133D6F8D7E88:[6403e584-2209-453b-b79e-eeb0a7b58516:192.168.157.226:35833] returns group-133D6F8D7E88:java.util.concurrent.CompletableFuture@14f73712[Not completed]
2019-09-19 14:21:39,918 [pool-60-thread-1] INFO  impl.RaftServerImpl (RaftServerImpl.java:<init>(93)) - 6403e584-2209-453b-b79e-eeb0a7b58516: new RaftServerImpl for group-133D6F8D7E88:[6403e584-2209-453b-b79e-eeb0a7b58516:192.168.157.226:35833] with ContainerStateMachine:uninitialized
2019-09-19 14:21:39,918 [pool-60-thread-1] INFO  server.RaftServerConfigKeys (ConfUtils.java:logGet(43)) - raft.server.rpc.timeout.min = 5s (custom)
2019-09-19 14:21:39,918 [pool-60-thread-1] INFO  server.RaftServerConfigKeys (ConfUtils.java:logGet(43)) - raft.server.rpc.timeout.max = 5200ms (custom)
2019-09-19 14:21:39,918 [pool-60-thread-1] INFO  server.RaftServerConfigKeys (ConfUtils.java:logGet(43)) - raft.server.rpcslowness.timeout = 120s (custom)
2019-09-19 14:21:39,919 [pool-60-thread-1] INFO  server.RaftServerConfigKeys (ConfUtils.java:logGet(43)) - raft.server.sleep.deviation.threshold = 300 (default)
2019-09-19 14:21:39,919 [pool-60-thread-1] INFO  server.RaftServerConfigKeys (ConfUtils.java:logGet(43)) - raft.server.log.appender.install.snapshot.enabled = false (custom)
2019-09-19 14:21:39,919 [pool-60-thread-1] INFO  impl.RaftServerImpl (ServerState.java:<init>(105)) - 6403e584-2209-453b-b79e-eeb0a7b58516:group-133D6F8D7E88 ConfigurationManager, init=-1: [6403e584-2209-453b-b79e-eeb0a7b58516:192.168.157.226:35833], old=null, confs=<EMPTY_MAP>
2019-09-19 14:21:39,919 [pool-60-thread-1] INFO  server.RaftServerConfigKeys (ConfUtils.java:logGet(43)) - raft.server.storage.dir = [/workdir/hadoop-ozone/integration-test/target/test-dir/MiniOzoneClusterImpl-210d6028-2152-4683-81ff-347b0d29bb13/datanode-3/data/ratis] (custom)
2019-09-19 14:21:39,920 [pool-60-thread-1] INFO  storage.RaftStorageDirectory (RaftStorageDirectory.java:analyzeStorage(246)) - The storage directory /workdir/hadoop-ozone/integration-test/target/test-dir/MiniOzoneClusterImpl-210d6028-2152-4683-81ff-347b0d29bb13/datanode-3/data/ratis/b2eb48a8-8afa-4716-9dce-133d6f8d7e88 does not exist. Creating ...
2019-09-19 14:21:39,939 [pool-60-thread-1] INFO  storage.RaftStorageDirectory (RaftStorageDirectory.java:tryLock(328)) - Lock on /workdir/hadoop-ozone/integration-test/target/test-dir/MiniOzoneClusterImpl-210d6028-2152-4683-81ff-347b0d29bb13/datanode-3/data/ratis/b2eb48a8-8afa-4716-9dce-133d6f8d7e88/in_use.lock acquired by nodename 16198@pr-hdds-1569-swxfz-3172132826
2019-09-19 14:21:39,952 [pool-60-thread-1] INFO  storage.RaftStorage (RaftStorage.java:format(72)) - Storage directory /workdir/hadoop-ozone/integration-test/target/test-dir/MiniOzoneClusterImpl-210d6028-2152-4683-81ff-347b0d29bb13/datanode-3/data/ratis/b2eb48a8-8afa-4716-9dce-133d6f8d7e88 has been successfully formatted.
2019-09-19 14:21:39,952 [pool-60-thread-1] INFO  ratis.ContainerStateMachine (ContainerStateMachine.java:loadSnapshot(226)) - group-133D6F8D7E88: The snapshot info is null. Setting the last applied indexto:(t:0, i:~)
2019-09-19 14:21:39,952 [pool-60-thread-1] INFO  server.RaftServerConfigKeys (ConfUtils.java:logGet(43)) - raft.server.leader.election.timeout = 120s (custom)
2019-09-19 14:21:39,953 [pool-60-thread-1] INFO  server.RaftServerConfigKeys (ConfUtils.java:logGet(43)) - raft.server.log.use.memory = false (default)
2019-09-19 14:21:39,953 [pool-60-thread-1] INFO  server.RaftServerConfigKeys (ConfUtils.java:logGet(43)) - raft.server.log.purge.gap = 1000000 (custom)
2019-09-19 14:21:39,953 [pool-60-thread-1] INFO  server.RaftServerConfigKeys (ConfUtils.java:logGet(43)) - raft.server.log.appender.buffer.byte-limit = 33554432 (custom)
2019-09-19 14:21:39,953 [pool-60-thread-1] INFO  server.RaftServerConfigKeys (ConfUtils.java:logGet(43)) - raft.server.log.segment.size.max = 1048576 (custom)
2019-09-19 14:21:39,953 [pool-60-thread-1] INFO  server.RaftServerConfigKeys (ConfUtils.java:logGet(43)) - raft.server.log.segment.cache.num.max = 2 (custom)
2019-09-19 14:21:39,953 [pool-60-thread-1] INFO  segmented.SegmentedRaftLogWorker (SegmentedRaftLogWorker.java:<init>(172)) - new 6403e584-2209-453b-b79e-eeb0a7b58516-SegmentedRaftLogWorker:Storage Directory /workdir/hadoop-ozone/integration-test/target/test-dir/MiniOzoneClusterImpl-210d6028-2152-4683-81ff-347b0d29bb13/datanode-3/data/ratis/b2eb48a8-8afa-4716-9dce-133d6f8d7e88 for RaftStorage:Storage Directory /workdir/hadoop-ozone/integration-test/target/test-dir/MiniOzoneClusterImpl-210d6028-2152-4683-81ff-347b0d29bb13/datanode-3/data/ratis/b2eb48a8-8afa-4716-9dce-133d6f8d7e88
2019-09-19 14:21:39,953 [pool-60-thread-1] INFO  server.RaftServerConfigKeys (ConfUtils.java:logGet(43)) - raft.server.log.queue.byte-limit = 2147483647 (custom)
2019-09-19 14:21:39,953 [pool-60-thread-1] INFO  server.RaftServerConfigKeys (ConfUtils.java:logGet(43)) - raft.server.log.queue.element-limit = 1024 (custom)
2019-09-19 14:21:39,953 [pool-60-thread-1] INFO  server.RaftServerConfigKeys (ConfUtils.java:logGet(43)) - raft.server.log.segment.size.max = 1048576 (custom)
2019-09-19 14:21:39,954 [pool-60-thread-1] INFO  server.RaftServerConfigKeys (ConfUtils.java:logGet(43)) - raft.server.log.preallocated.size = 16384 (custom)
2019-09-19 14:21:39,954 [pool-60-thread-1] INFO  server.RaftServerConfigKeys (ConfUtils.java:logGet(43)) - raft.server.log.write.buffer.size = 33554432 (custom)
2019-09-19 14:21:39,954 [pool-60-thread-1] INFO  server.RaftServerConfigKeys (ConfUtils.java:logGet(43)) - raft.server.log.force.sync.num = 128 (default)
2019-09-19 14:21:39,954 [pool-60-thread-1] INFO  server.RaftServerConfigKeys (ConfUtils.java:logGet(43)) - raft.server.log.statemachine.data.sync = true (default)
2019-09-19 14:21:39,954 [pool-60-thread-1] INFO  server.RaftServerConfigKeys (ConfUtils.java:logGet(43)) - raft.server.log.statemachine.data.sync.timeout = 10s (default)
2019-09-19 14:21:39,954 [pool-60-thread-1] INFO  server.RaftServerConfigKeys (ConfUtils.java:logGet(43)) - raft.server.log.statemachine.data.sync.timeout.retry = -1 (default)
2019-09-19 14:21:39,954 [pool-60-thread-1] INFO  server.RaftServerConfigKeys (ConfUtils.java:logGet(43)) - raft.server.log.statemachine.data.caching.enabled = true (custom)
2019-09-19 14:21:39,954 [pool-60-thread-1] INFO  segmented.SegmentedRaftLogWorker (SegmentedRaftLogWorker.java:lambda$new$0(132)) - 6403e584-2209-453b-b79e-eeb0a7b58516-SegmentedRaftLogWorker:Storage Directory /workdir/hadoop-ozone/integration-test/target/test-dir/MiniOzoneClusterImpl-210d6028-2152-4683-81ff-347b0d29bb13/datanode-3/data/ratis/b2eb48a8-8afa-4716-9dce-133d6f8d7e88: flushIndex: setUnconditionally 0 -> -1
2019-09-19 14:21:39,955 [pool-60-thread-1] INFO  server.RaftServerConfigKeys (ConfUtils.java:logGet(43)) - raft.server.snapshot.auto.trigger.enabled = true (custom)
2019-09-19 14:21:39,955 [pool-60-thread-1] INFO  server.RaftServerConfigKeys (ConfUtils.java:logGet(43)) - raft.server.snapshot.auto.trigger.threshold = 10000 (custom)
2019-09-19 14:21:39,955 [pool-60-thread-1] INFO  server.RaftServerConfigKeys (ConfUtils.java:logGet(43)) - raft.server.retrycache.expirytime = 600000ms (custom)
2019-09-19 14:21:39,955 [pool-60-thread-1] INFO  impl.RaftServerImpl (RaftServerImpl.java:start(180)) - 6403e584-2209-453b-b79e-eeb0a7b58516: start group-133D6F8D7E88
2019-09-19 14:21:39,955 [pool-60-thread-1] INFO  impl.RaftServerImpl (RaftServerImpl.java:setRole(171)) - 6403e584-2209-453b-b79e-eeb0a7b58516:group-133D6F8D7E88 changes role from null to FOLLOWER at term 0 for startAsFollower
2019-09-19 14:21:39,955 [pool-60-thread-1] INFO  impl.RoleInfo (RoleInfo.java:updateAndGet(143)) - 6403e584-2209-453b-b79e-eeb0a7b58516: start FollowerState
2019-09-19 14:21:39,956 [pool-60-thread-1] INFO  util.JmxRegister (JmxRegister.java:tryRegister(44)) - Successfully registered JMX Bean with object name Ratis:service=RaftServer,group=group-133D6F8D7E88,id=6403e584-2209-453b-b79e-eeb0a7b58516
2019-09-19 14:21:39,958 [RatisPipelineUtilsThread] INFO  pipeline.PipelineStateManager (PipelineStateManager.java:addPipeline(56)) - Created pipeline Pipeline[ Id: b2eb48a8-8afa-4716-9dce-133d6f8d7e88, Nodes: 6403e584-2209-453b-b79e-eeb0a7b58516{ip: 192.168.157.226, host: pr-hdds-1569-swxfz-3172132826, networkLocation: /default-rack, certSerialId: null}, Type:RATIS, Factor:ONE, State:OPEN]
2019-09-19 14:21:39,962 [grpc-default-executor-2] INFO  impl.RaftServerProxy (RaftServerProxy.java:addNew(89)) - 306a7a99-f2a5-4f40-b42b-2fc2def08a6a: addNew group-65D6932C1949:[306a7a99-f2a5-4f40-b42b-2fc2def08a6a:192.168.157.226:42633] returns group-65D6932C1949:java.util.concurrent.CompletableFuture@1e2a7733[Not completed]
2019-09-19 14:21:39,963 [pool-49-thread-1] INFO  impl.RaftServerImpl (RaftServerImpl.java:<init>(93)) - 306a7a99-f2a5-4f40-b42b-2fc2def08a6a: new RaftServerImpl for group-65D6932C1949:[306a7a99-f2a5-4f40-b42b-2fc2def08a6a:192.168.157.226:42633] with ContainerStateMachine:uninitialized
2019-09-19 14:21:39,963 [pool-49-thread-1] INFO  server.RaftServerConfigKeys (ConfUtils.java:logGet(43)) - raft.server.rpc.timeout.min = 5s (custom)
2019-09-19 14:21:39,963 [pool-49-thread-1] INFO  server.RaftServerConfigKeys (ConfUtils.java:logGet(43)) - raft.server.rpc.timeout.max = 5200ms (custom)
2019-09-19 14:21:39,963 [pool-49-thread-1] INFO  server.RaftServerConfigKeys (ConfUtils.java:logGet(43)) - raft.server.rpcslowness.timeout = 120s (custom)
2019-09-19 14:21:39,963 [pool-49-thread-1] INFO  server.RaftServerConfigKeys (ConfUtils.java:logGet(43)) - raft.server.sleep.deviation.threshold = 300 (default)
2019-09-19 14:21:39,963 [pool-49-thread-1] INFO  server.RaftServerConfigKeys (ConfUtils.java:logGet(43)) - raft.server.log.appender.install.snapshot.enabled = false (custom)
2019-09-19 14:21:39,963 [pool-49-thread-1] INFO  impl.RaftServerImpl (ServerState.java:<init>(105)) - 306a7a99-f2a5-4f40-b42b-2fc2def08a6a:group-65D6932C1949 ConfigurationManager, init=-1: [306a7a99-f2a5-4f40-b42b-2fc2def08a6a:192.168.157.226:42633], old=null, confs=<EMPTY_MAP>
2019-09-19 14:21:39,963 [pool-49-thread-1] INFO  server.RaftServerConfigKeys (ConfUtils.java:logGet(43)) - raft.server.storage.dir = [/workdir/hadoop-ozone/integration-test/target/test-dir/MiniOzoneClusterImpl-210d6028-2152-4683-81ff-347b0d29bb13/datanode-2/data/ratis] (custom)
2019-09-19 14:21:39,964 [pool-49-thread-1] INFO  storage.RaftStorageDirectory (RaftStorageDirectory.java:analyzeStorage(246)) - The storage directory /workdir/hadoop-ozone/integration-test/target/test-dir/MiniOzoneClusterImpl-210d6028-2152-4683-81ff-347b0d29bb13/datanode-2/data/ratis/1ff81542-9a7f-4be5-9739-65d6932c1949 does not exist. Creating ...
2019-09-19 14:21:39,976 [pool-49-thread-1] INFO  storage.RaftStorageDirectory (RaftStorageDirectory.java:tryLock(328)) - Lock on /workdir/hadoop-ozone/integration-test/target/test-dir/MiniOzoneClusterImpl-210d6028-2152-4683-81ff-347b0d29bb13/datanode-2/data/ratis/1ff81542-9a7f-4be5-9739-65d6932c1949/in_use.lock acquired by nodename 16198@pr-hdds-1569-swxfz-3172132826
2019-09-19 14:21:39,989 [pool-49-thread-1] INFO  storage.RaftStorage (RaftStorage.java:format(72)) - Storage directory /workdir/hadoop-ozone/integration-test/target/test-dir/MiniOzoneClusterImpl-210d6028-2152-4683-81ff-347b0d29bb13/datanode-2/data/ratis/1ff81542-9a7f-4be5-9739-65d6932c1949 has been successfully formatted.
2019-09-19 14:21:39,989 [pool-49-thread-1] INFO  ratis.ContainerStateMachine (ContainerStateMachine.java:loadSnapshot(226)) - group-65D6932C1949: The snapshot info is null. Setting the last applied indexto:(t:0, i:~)
2019-09-19 14:21:39,989 [pool-49-thread-1] INFO  server.RaftServerConfigKeys (ConfUtils.java:logGet(43)) - raft.server.leader.election.timeout = 120s (custom)
2019-09-19 14:21:39,989 [pool-49-thread-1] INFO  server.RaftServerConfigKeys (ConfUtils.java:logGet(43)) - raft.server.log.use.memory = false (default)
2019-09-19 14:21:39,990 [pool-49-thread-1] INFO  server.RaftServerConfigKeys (ConfUtils.java:logGet(43)) - raft.server.log.purge.gap = 1000000 (custom)
2019-09-19 14:21:39,990 [pool-49-thread-1] INFO  server.RaftServerConfigKeys (ConfUtils.java:logGet(43)) - raft.server.log.appender.buffer.byte-limit = 33554432 (custom)
2019-09-19 14:21:39,990 [pool-49-thread-1] INFO  server.RaftServerConfigKeys (ConfUtils.java:logGet(43)) - raft.server.log.segment.size.max = 1048576 (custom)
2019-09-19 14:21:39,990 [pool-49-thread-1] INFO  server.RaftServerConfigKeys (ConfUtils.java:logGet(43)) - raft.server.log.segment.cache.num.max = 2 (custom)
2019-09-19 14:21:39,990 [pool-49-thread-1] INFO  segmented.SegmentedRaftLogWorker (SegmentedRaftLogWorker.java:<init>(172)) - new 306a7a99-f2a5-4f40-b42b-2fc2def08a6a-SegmentedRaftLogWorker:Storage Directory /workdir/hadoop-ozone/integration-test/target/test-dir/MiniOzoneClusterImpl-210d6028-2152-4683-81ff-347b0d29bb13/datanode-2/data/ratis/1ff81542-9a7f-4be5-9739-65d6932c1949 for RaftStorage:Storage Directory /workdir/hadoop-ozone/integration-test/target/test-dir/MiniOzoneClusterImpl-210d6028-2152-4683-81ff-347b0d29bb13/datanode-2/data/ratis/1ff81542-9a7f-4be5-9739-65d6932c1949
2019-09-19 14:21:39,990 [pool-49-thread-1] INFO  server.RaftServerConfigKeys (ConfUtils.java:logGet(43)) - raft.server.log.queue.byte-limit = 2147483647 (custom)
2019-09-19 14:21:39,990 [pool-49-thread-1] INFO  server.RaftServerConfigKeys (ConfUtils.java:logGet(43)) - raft.server.log.queue.element-limit = 1024 (custom)
2019-09-19 14:21:39,991 [pool-49-thread-1] INFO  server.RaftServerConfigKeys (ConfUtils.java:logGet(43)) - raft.server.log.segment.size.max = 1048576 (custom)
2019-09-19 14:21:39,991 [pool-49-thread-1] INFO  server.RaftServerConfigKeys (ConfUtils.java:logGet(43)) - raft.server.log.preallocated.size = 16384 (custom)
2019-09-19 14:21:39,991 [pool-49-thread-1] INFO  server.RaftServerConfigKeys (ConfUtils.java:logGet(43)) - raft.server.log.write.buffer.size = 33554432 (custom)
2019-09-19 14:21:39,991 [pool-49-thread-1] INFO  server.RaftServerConfigKeys (ConfUtils.java:logGet(43)) - raft.server.log.force.sync.num = 128 (default)
2019-09-19 14:21:39,991 [pool-49-thread-1] INFO  server.RaftServerConfigKeys (ConfUtils.java:logGet(43)) - raft.server.log.statemachine.data.sync = true (default)
2019-09-19 14:21:39,991 [pool-49-thread-1] INFO  server.RaftServerConfigKeys (ConfUtils.java:logGet(43)) - raft.server.log.statemachine.data.sync.timeout = 10s (default)
2019-09-19 14:21:39,991 [pool-49-thread-1] INFO  server.RaftServerConfigKeys (ConfUtils.java:logGet(43)) - raft.server.log.statemachine.data.sync.timeout.retry = -1 (default)
2019-09-19 14:21:39,992 [pool-49-thread-1] INFO  server.RaftServerConfigKeys (ConfUtils.java:logGet(43)) - raft.server.log.statemachine.data.caching.enabled = true (custom)
2019-09-19 14:21:39,992 [pool-49-thread-1] INFO  segmented.SegmentedRaftLogWorker (SegmentedRaftLogWorker.java:lambda$new$0(132)) - 306a7a99-f2a5-4f40-b42b-2fc2def08a6a-SegmentedRaftLogWorker:Storage Directory /workdir/hadoop-ozone/integration-test/target/test-dir/MiniOzoneClusterImpl-210d6028-2152-4683-81ff-347b0d29bb13/datanode-2/data/ratis/1ff81542-9a7f-4be5-9739-65d6932c1949: flushIndex: setUnconditionally 0 -> -1
2019-09-19 14:21:39,992 [pool-49-thread-1] INFO  server.RaftServerConfigKeys (ConfUtils.java:logGet(43)) - raft.server.snapshot.auto.trigger.enabled = true (custom)
2019-09-19 14:21:39,992 [pool-49-thread-1] INFO  server.RaftServerConfigKeys (ConfUtils.java:logGet(43)) - raft.server.snapshot.auto.trigger.threshold = 10000 (custom)
2019-09-19 14:21:39,993 [pool-49-thread-1] INFO  server.RaftServerConfigKeys (ConfUtils.java:logGet(43)) - raft.server.retrycache.expirytime = 600000ms (custom)
2019-09-19 14:21:39,993 [pool-49-thread-1] INFO  impl.RaftServerImpl (RaftServerImpl.java:start(180)) - 306a7a99-f2a5-4f40-b42b-2fc2def08a6a: start group-65D6932C1949
2019-09-19 14:21:39,993 [pool-49-thread-1] INFO  impl.RaftServerImpl (RaftServerImpl.java:setRole(171)) - 306a7a99-f2a5-4f40-b42b-2fc2def08a6a:group-65D6932C1949 changes role from null to FOLLOWER at term 0 for startAsFollower
2019-09-19 14:21:39,993 [pool-49-thread-1] INFO  impl.RoleInfo (RoleInfo.java:updateAndGet(143)) - 306a7a99-f2a5-4f40-b42b-2fc2def08a6a: start FollowerState
2019-09-19 14:21:39,993 [pool-49-thread-1] INFO  util.JmxRegister (JmxRegister.java:tryRegister(44)) - Successfully registered JMX Bean with object name Ratis:service=RaftServer,group=group-65D6932C1949,id=306a7a99-f2a5-4f40-b42b-2fc2def08a6a
2019-09-19 14:21:39,995 [RatisPipelineUtilsThread] INFO  pipeline.PipelineStateManager (PipelineStateManager.java:addPipeline(56)) - Created pipeline Pipeline[ Id: 1ff81542-9a7f-4be5-9739-65d6932c1949, Nodes: 306a7a99-f2a5-4f40-b42b-2fc2def08a6a{ip: 192.168.157.226, host: pr-hdds-1569-swxfz-3172132826, networkLocation: /default-rack, certSerialId: null}, Type:RATIS, Factor:ONE, State:OPEN]
2019-09-19 14:21:39,999 [grpc-default-executor-2] INFO  impl.RaftServerProxy (RaftServerProxy.java:addNew(89)) - 85c6a9f3-b9a5-43a5-ac4f-9aa7bd5f2263: addNew group-E11A284D5E69:[85c6a9f3-b9a5-43a5-ac4f-9aa7bd5f2263:192.168.157.226:45170] returns group-E11A284D5E69:java.util.concurrent.CompletableFuture@694960a6[Not completed]
2019-09-19 14:21:40,000 [pool-27-thread-1] INFO  impl.RaftServerImpl (RaftServerImpl.java:<init>(93)) - 85c6a9f3-b9a5-43a5-ac4f-9aa7bd5f2263: new RaftServerImpl for group-E11A284D5E69:[85c6a9f3-b9a5-43a5-ac4f-9aa7bd5f2263:192.168.157.226:45170] with ContainerStateMachine:uninitialized
2019-09-19 14:21:40,000 [pool-27-thread-1] INFO  server.RaftServerConfigKeys (ConfUtils.java:logGet(43)) - raft.server.rpc.timeout.min = 5s (custom)
2019-09-19 14:21:40,000 [pool-27-thread-1] INFO  server.RaftServerConfigKeys (ConfUtils.java:logGet(43)) - raft.server.rpc.timeout.max = 5200ms (custom)
2019-09-19 14:21:40,000 [pool-27-thread-1] INFO  server.RaftServerConfigKeys (ConfUtils.java:logGet(43)) - raft.server.rpcslowness.timeout = 120s (custom)
2019-09-19 14:21:40,000 [pool-27-thread-1] INFO  server.RaftServerConfigKeys (ConfUtils.java:logGet(43)) - raft.server.sleep.deviation.threshold = 300 (default)
2019-09-19 14:21:40,000 [pool-27-thread-1] INFO  server.RaftServerConfigKeys (ConfUtils.java:logGet(43)) - raft.server.log.appender.install.snapshot.enabled = false (custom)
2019-09-19 14:21:40,000 [pool-27-thread-1] INFO  impl.RaftServerImpl (ServerState.java:<init>(105)) - 85c6a9f3-b9a5-43a5-ac4f-9aa7bd5f2263:group-E11A284D5E69 ConfigurationManager, init=-1: [85c6a9f3-b9a5-43a5-ac4f-9aa7bd5f2263:192.168.157.226:45170], old=null, confs=<EMPTY_MAP>
2019-09-19 14:21:40,000 [pool-27-thread-1] INFO  server.RaftServerConfigKeys (ConfUtils.java:logGet(43)) - raft.server.storage.dir = [/workdir/hadoop-ozone/integration-test/target/test-dir/MiniOzoneClusterImpl-210d6028-2152-4683-81ff-347b0d29bb13/datanode-0/data/ratis] (custom)
2019-09-19 14:21:40,001 [pool-27-thread-1] INFO  storage.RaftStorageDirectory (RaftStorageDirectory.java:analyzeStorage(246)) - The storage directory /workdir/hadoop-ozone/integration-test/target/test-dir/MiniOzoneClusterImpl-210d6028-2152-4683-81ff-347b0d29bb13/datanode-0/data/ratis/d17e548c-8a62-43ac-bc0b-e11a284d5e69 does not exist. Creating ...
2019-09-19 14:21:40,014 [pool-27-thread-1] INFO  storage.RaftStorageDirectory (RaftStorageDirectory.java:tryLock(328)) - Lock on /workdir/hadoop-ozone/integration-test/target/test-dir/MiniOzoneClusterImpl-210d6028-2152-4683-81ff-347b0d29bb13/datanode-0/data/ratis/d17e548c-8a62-43ac-bc0b-e11a284d5e69/in_use.lock acquired by nodename 16198@pr-hdds-1569-swxfz-3172132826
2019-09-19 14:21:40,027 [pool-27-thread-1] INFO  storage.RaftStorage (RaftStorage.java:format(72)) - Storage directory /workdir/hadoop-ozone/integration-test/target/test-dir/MiniOzoneClusterImpl-210d6028-2152-4683-81ff-347b0d29bb13/datanode-0/data/ratis/d17e548c-8a62-43ac-bc0b-e11a284d5e69 has been successfully formatted.
2019-09-19 14:21:40,027 [pool-27-thread-1] INFO  ratis.ContainerStateMachine (ContainerStateMachine.java:loadSnapshot(226)) - group-E11A284D5E69: The snapshot info is null. Setting the last applied indexto:(t:0, i:~)
2019-09-19 14:21:40,027 [pool-27-thread-1] INFO  server.RaftServerConfigKeys (ConfUtils.java:logGet(43)) - raft.server.leader.election.timeout = 120s (custom)
2019-09-19 14:21:40,027 [pool-27-thread-1] INFO  server.RaftServerConfigKeys (ConfUtils.java:logGet(43)) - raft.server.log.use.memory = false (default)
2019-09-19 14:21:40,027 [pool-27-thread-1] INFO  server.RaftServerConfigKeys (ConfUtils.java:logGet(43)) - raft.server.log.purge.gap = 1000000 (custom)
2019-09-19 14:21:40,027 [pool-27-thread-1] INFO  server.RaftServerConfigKeys (ConfUtils.java:logGet(43)) - raft.server.log.appender.buffer.byte-limit = 33554432 (custom)
2019-09-19 14:21:40,027 [pool-27-thread-1] INFO  server.RaftServerConfigKeys (ConfUtils.java:logGet(43)) - raft.server.log.segment.size.max = 1048576 (custom)
2019-09-19 14:21:40,027 [pool-27-thread-1] INFO  server.RaftServerConfigKeys (ConfUtils.java:logGet(43)) - raft.server.log.segment.cache.num.max = 2 (custom)
2019-09-19 14:21:40,027 [pool-27-thread-1] INFO  segmented.SegmentedRaftLogWorker (SegmentedRaftLogWorker.java:<init>(172)) - new 85c6a9f3-b9a5-43a5-ac4f-9aa7bd5f2263-SegmentedRaftLogWorker:Storage Directory /workdir/hadoop-ozone/integration-test/target/test-dir/MiniOzoneClusterImpl-210d6028-2152-4683-81ff-347b0d29bb13/datanode-0/data/ratis/d17e548c-8a62-43ac-bc0b-e11a284d5e69 for RaftStorage:Storage Directory /workdir/hadoop-ozone/integration-test/target/test-dir/MiniOzoneClusterImpl-210d6028-2152-4683-81ff-347b0d29bb13/datanode-0/data/ratis/d17e548c-8a62-43ac-bc0b-e11a284d5e69
2019-09-19 14:21:40,028 [pool-27-thread-1] INFO  server.RaftServerConfigKeys (ConfUtils.java:logGet(43)) - raft.server.log.queue.byte-limit = 2147483647 (custom)
2019-09-19 14:21:40,028 [pool-27-thread-1] INFO  server.RaftServerConfigKeys (ConfUtils.java:logGet(43)) - raft.server.log.queue.element-limit = 1024 (custom)
2019-09-19 14:21:40,028 [pool-27-thread-1] INFO  server.RaftServerConfigKeys (ConfUtils.java:logGet(43)) - raft.server.log.segment.size.max = 1048576 (custom)
2019-09-19 14:21:40,028 [pool-27-thread-1] INFO  server.RaftServerConfigKeys (ConfUtils.java:logGet(43)) - raft.server.log.preallocated.size = 16384 (custom)
2019-09-19 14:21:40,028 [pool-27-thread-1] INFO  server.RaftServerConfigKeys (ConfUtils.java:logGet(43)) - raft.server.log.write.buffer.size = 33554432 (custom)
2019-09-19 14:21:40,028 [pool-27-thread-1] INFO  server.RaftServerConfigKeys (ConfUtils.java:logGet(43)) - raft.server.log.force.sync.num = 128 (default)
2019-09-19 14:21:40,028 [pool-27-thread-1] INFO  server.RaftServerConfigKeys (ConfUtils.java:logGet(43)) - raft.server.log.statemachine.data.sync = true (default)
2019-09-19 14:21:40,028 [pool-27-thread-1] INFO  server.RaftServerConfigKeys (ConfUtils.java:logGet(43)) - raft.server.log.statemachine.data.sync.timeout = 10s (default)
2019-09-19 14:21:40,028 [pool-27-thread-1] INFO  server.RaftServerConfigKeys (ConfUtils.java:logGet(43)) - raft.server.log.statemachine.data.sync.timeout.retry = -1 (default)
2019-09-19 14:21:40,029 [pool-27-thread-1] INFO  server.RaftServerConfigKeys (ConfUtils.java:logGet(43)) - raft.server.log.statemachine.data.caching.enabled = true (custom)
2019-09-19 14:21:40,029 [pool-27-thread-1] INFO  segmented.SegmentedRaftLogWorker (SegmentedRaftLogWorker.java:lambda$new$0(132)) - 85c6a9f3-b9a5-43a5-ac4f-9aa7bd5f2263-SegmentedRaftLogWorker:Storage Directory /workdir/hadoop-ozone/integration-test/target/test-dir/MiniOzoneClusterImpl-210d6028-2152-4683-81ff-347b0d29bb13/datanode-0/data/ratis/d17e548c-8a62-43ac-bc0b-e11a284d5e69: flushIndex: setUnconditionally 0 -> -1
2019-09-19 14:21:40,029 [pool-27-thread-1] INFO  server.RaftServerConfigKeys (ConfUtils.java:logGet(43)) - raft.server.snapshot.auto.trigger.enabled = true (custom)
2019-09-19 14:21:40,029 [pool-27-thread-1] INFO  server.RaftServerConfigKeys (ConfUtils.java:logGet(43)) - raft.server.snapshot.auto.trigger.threshold = 10000 (custom)
2019-09-19 14:21:40,029 [pool-27-thread-1] INFO  server.RaftServerConfigKeys (ConfUtils.java:logGet(43)) - raft.server.retrycache.expirytime = 600000ms (custom)
2019-09-19 14:21:40,029 [pool-27-thread-1] INFO  impl.RaftServerImpl (RaftServerImpl.java:start(180)) - 85c6a9f3-b9a5-43a5-ac4f-9aa7bd5f2263: start group-E11A284D5E69
2019-09-19 14:21:40,029 [pool-27-thread-1] INFO  impl.RaftServerImpl (RaftServerImpl.java:setRole(171)) - 85c6a9f3-b9a5-43a5-ac4f-9aa7bd5f2263:group-E11A284D5E69 changes role from null to FOLLOWER at term 0 for startAsFollower
2019-09-19 14:21:40,030 [pool-27-thread-1] INFO  impl.RoleInfo (RoleInfo.java:updateAndGet(143)) - 85c6a9f3-b9a5-43a5-ac4f-9aa7bd5f2263: start FollowerState
2019-09-19 14:21:40,030 [pool-27-thread-1] INFO  util.JmxRegister (JmxRegister.java:tryRegister(44)) - Successfully registered JMX Bean with object name Ratis:service=RaftServer,group=group-E11A284D5E69,id=85c6a9f3-b9a5-43a5-ac4f-9aa7bd5f2263
2019-09-19 14:21:40,032 [RatisPipelineUtilsThread] INFO  pipeline.PipelineStateManager (PipelineStateManager.java:addPipeline(56)) - Created pipeline Pipeline[ Id: d17e548c-8a62-43ac-bc0b-e11a284d5e69, Nodes: 85c6a9f3-b9a5-43a5-ac4f-9aa7bd5f2263{ip: 192.168.157.226, host: pr-hdds-1569-swxfz-3172132826, networkLocation: /default-rack, certSerialId: null}, Type:RATIS, Factor:ONE, State:OPEN]
2019-09-19 14:21:40,035 [grpc-default-executor-2] INFO  impl.RaftServerProxy (RaftServerProxy.java:addNew(89)) - 5dfaa0ea-416a-422c-a75d-43311aceb00a: addNew group-D83635899549:[5dfaa0ea-416a-422c-a75d-43311aceb00a:192.168.157.226:45629] returns group-D83635899549:java.util.concurrent.CompletableFuture@3043134b[Not completed]
2019-09-19 14:21:40,036 [pool-38-thread-1] INFO  impl.RaftServerImpl (RaftServerImpl.java:<init>(93)) - 5dfaa0ea-416a-422c-a75d-43311aceb00a: new RaftServerImpl for group-D83635899549:[5dfaa0ea-416a-422c-a75d-43311aceb00a:192.168.157.226:45629] with ContainerStateMachine:uninitialized
2019-09-19 14:21:40,036 [pool-38-thread-1] INFO  server.RaftServerConfigKeys (ConfUtils.java:logGet(43)) - raft.server.rpc.timeout.min = 5s (custom)
2019-09-19 14:21:40,037 [pool-38-thread-1] INFO  server.RaftServerConfigKeys (ConfUtils.java:logGet(43)) - raft.server.rpc.timeout.max = 5200ms (custom)
2019-09-19 14:21:40,037 [pool-38-thread-1] INFO  server.RaftServerConfigKeys (ConfUtils.java:logGet(43)) - raft.server.rpcslowness.timeout = 120s (custom)
2019-09-19 14:21:40,037 [pool-38-thread-1] INFO  server.RaftServerConfigKeys (ConfUtils.java:logGet(43)) - raft.server.sleep.deviation.threshold = 300 (default)
2019-09-19 14:21:40,037 [pool-38-thread-1] INFO  server.RaftServerConfigKeys (ConfUtils.java:logGet(43)) - raft.server.log.appender.install.snapshot.enabled = false (custom)
2019-09-19 14:21:40,037 [pool-38-thread-1] INFO  impl.RaftServerImpl (ServerState.java:<init>(105)) - 5dfaa0ea-416a-422c-a75d-43311aceb00a:group-D83635899549 ConfigurationManager, init=-1: [5dfaa0ea-416a-422c-a75d-43311aceb00a:192.168.157.226:45629], old=null, confs=<EMPTY_MAP>
2019-09-19 14:21:40,037 [pool-38-thread-1] INFO  server.RaftServerConfigKeys (ConfUtils.java:logGet(43)) - raft.server.storage.dir = [/workdir/hadoop-ozone/integration-test/target/test-dir/MiniOzoneClusterImpl-210d6028-2152-4683-81ff-347b0d29bb13/datanode-1/data/ratis] (custom)
2019-09-19 14:21:40,038 [pool-38-thread-1] INFO  storage.RaftStorageDirectory (RaftStorageDirectory.java:analyzeStorage(246)) - The storage directory /workdir/hadoop-ozone/integration-test/target/test-dir/MiniOzoneClusterImpl-210d6028-2152-4683-81ff-347b0d29bb13/datanode-1/data/ratis/574d4bd5-bfdd-4088-bd5e-d83635899549 does not exist. Creating ...
2019-09-19 14:21:40,050 [pool-38-thread-1] INFO  storage.RaftStorageDirectory (RaftStorageDirectory.java:tryLock(328)) - Lock on /workdir/hadoop-ozone/integration-test/target/test-dir/MiniOzoneClusterImpl-210d6028-2152-4683-81ff-347b0d29bb13/datanode-1/data/ratis/574d4bd5-bfdd-4088-bd5e-d83635899549/in_use.lock acquired by nodename 16198@pr-hdds-1569-swxfz-3172132826
2019-09-19 14:21:40,063 [pool-38-thread-1] INFO  storage.RaftStorage (RaftStorage.java:format(72)) - Storage directory /workdir/hadoop-ozone/integration-test/target/test-dir/MiniOzoneClusterImpl-210d6028-2152-4683-81ff-347b0d29bb13/datanode-1/data/ratis/574d4bd5-bfdd-4088-bd5e-d83635899549 has been successfully formatted.
2019-09-19 14:21:40,063 [pool-38-thread-1] INFO  ratis.ContainerStateMachine (ContainerStateMachine.java:loadSnapshot(226)) - group-D83635899549: The snapshot info is null. Setting the last applied indexto:(t:0, i:~)
2019-09-19 14:21:40,064 [pool-38-thread-1] INFO  server.RaftServerConfigKeys (ConfUtils.java:logGet(43)) - raft.server.leader.election.timeout = 120s (custom)
2019-09-19 14:21:40,064 [pool-38-thread-1] INFO  server.RaftServerConfigKeys (ConfUtils.java:logGet(43)) - raft.server.log.use.memory = false (default)
2019-09-19 14:21:40,064 [pool-38-thread-1] INFO  server.RaftServerConfigKeys (ConfUtils.java:logGet(43)) - raft.server.log.purge.gap = 1000000 (custom)
2019-09-19 14:21:40,064 [pool-38-thread-1] INFO  server.RaftServerConfigKeys (ConfUtils.java:logGet(43)) - raft.server.log.appender.buffer.byte-limit = 33554432 (custom)
2019-09-19 14:21:40,064 [pool-38-thread-1] INFO  server.RaftServerConfigKeys (ConfUtils.java:logGet(43)) - raft.server.log.segment.size.max = 1048576 (custom)
2019-09-19 14:21:40,064 [pool-38-thread-1] INFO  server.RaftServerConfigKeys (ConfUtils.java:logGet(43)) - raft.server.log.segment.cache.num.max = 2 (custom)
2019-09-19 14:21:40,064 [pool-38-thread-1] INFO  segmented.SegmentedRaftLogWorker (SegmentedRaftLogWorker.java:<init>(172)) - new 5dfaa0ea-416a-422c-a75d-43311aceb00a-SegmentedRaftLogWorker:Storage Directory /workdir/hadoop-ozone/integration-test/target/test-dir/MiniOzoneClusterImpl-210d6028-2152-4683-81ff-347b0d29bb13/datanode-1/data/ratis/574d4bd5-bfdd-4088-bd5e-d83635899549 for RaftStorage:Storage Directory /workdir/hadoop-ozone/integration-test/target/test-dir/MiniOzoneClusterImpl-210d6028-2152-4683-81ff-347b0d29bb13/datanode-1/data/ratis/574d4bd5-bfdd-4088-bd5e-d83635899549
2019-09-19 14:21:40,064 [pool-38-thread-1] INFO  server.RaftServerConfigKeys (ConfUtils.java:logGet(43)) - raft.server.log.queue.byte-limit = 2147483647 (custom)
2019-09-19 14:21:40,065 [pool-38-thread-1] INFO  server.RaftServerConfigKeys (ConfUtils.java:logGet(43)) - raft.server.log.queue.element-limit = 1024 (custom)
2019-09-19 14:21:40,065 [pool-38-thread-1] INFO  server.RaftServerConfigKeys (ConfUtils.java:logGet(43)) - raft.server.log.segment.size.max = 1048576 (custom)
2019-09-19 14:21:40,065 [pool-38-thread-1] INFO  server.RaftServerConfigKeys (ConfUtils.java:logGet(43)) - raft.server.log.preallocated.size = 16384 (custom)
2019-09-19 14:21:40,065 [pool-38-thread-1] INFO  server.RaftServerConfigKeys (ConfUtils.java:logGet(43)) - raft.server.log.write.buffer.size = 33554432 (custom)
2019-09-19 14:21:40,065 [pool-38-thread-1] INFO  server.RaftServerConfigKeys (ConfUtils.java:logGet(43)) - raft.server.log.force.sync.num = 128 (default)
2019-09-19 14:21:40,065 [pool-38-thread-1] INFO  server.RaftServerConfigKeys (ConfUtils.java:logGet(43)) - raft.server.log.statemachine.data.sync = true (default)
2019-09-19 14:21:40,065 [pool-38-thread-1] INFO  server.RaftServerConfigKeys (ConfUtils.java:logGet(43)) - raft.server.log.statemachine.data.sync.timeout = 10s (default)
2019-09-19 14:21:40,065 [pool-38-thread-1] INFO  server.RaftServerConfigKeys (ConfUtils.java:logGet(43)) - raft.server.log.statemachine.data.sync.timeout.retry = -1 (default)
2019-09-19 14:21:40,066 [pool-38-thread-1] INFO  server.RaftServerConfigKeys (ConfUtils.java:logGet(43)) - raft.server.log.statemachine.data.caching.enabled = true (custom)
2019-09-19 14:21:40,066 [pool-38-thread-1] INFO  segmented.SegmentedRaftLogWorker (SegmentedRaftLogWorker.java:lambda$new$0(132)) - 5dfaa0ea-416a-422c-a75d-43311aceb00a-SegmentedRaftLogWorker:Storage Directory /workdir/hadoop-ozone/integration-test/target/test-dir/MiniOzoneClusterImpl-210d6028-2152-4683-81ff-347b0d29bb13/datanode-1/data/ratis/574d4bd5-bfdd-4088-bd5e-d83635899549: flushIndex: setUnconditionally 0 -> -1
2019-09-19 14:21:40,066 [pool-38-thread-1] INFO  server.RaftServerConfigKeys (ConfUtils.java:logGet(43)) - raft.server.snapshot.auto.trigger.enabled = true (custom)
2019-09-19 14:21:40,066 [pool-38-thread-1] INFO  server.RaftServerConfigKeys (ConfUtils.java:logGet(43)) - raft.server.snapshot.auto.trigger.threshold = 10000 (custom)
2019-09-19 14:21:40,066 [pool-38-thread-1] INFO  server.RaftServerConfigKeys (ConfUtils.java:logGet(43)) - raft.server.retrycache.expirytime = 600000ms (custom)
2019-09-19 14:21:40,067 [pool-38-thread-1] INFO  impl.RaftServerImpl (RaftServerImpl.java:start(180)) - 5dfaa0ea-416a-422c-a75d-43311aceb00a: start group-D83635899549
2019-09-19 14:21:40,067 [pool-38-thread-1] INFO  impl.RaftServerImpl (RaftServerImpl.java:setRole(171)) - 5dfaa0ea-416a-422c-a75d-43311aceb00a:group-D83635899549 changes role from null to FOLLOWER at term 0 for startAsFollower
2019-09-19 14:21:40,067 [pool-38-thread-1] INFO  impl.RoleInfo (RoleInfo.java:updateAndGet(143)) - 5dfaa0ea-416a-422c-a75d-43311aceb00a: start FollowerState
2019-09-19 14:21:40,067 [pool-38-thread-1] INFO  util.JmxRegister (JmxRegister.java:tryRegister(44)) - Successfully registered JMX Bean with object name Ratis:service=RaftServer,group=group-D83635899549,id=5dfaa0ea-416a-422c-a75d-43311aceb00a
2019-09-19 14:21:40,069 [RatisPipelineUtilsThread] INFO  pipeline.PipelineStateManager (PipelineStateManager.java:addPipeline(56)) - Created pipeline Pipeline[ Id: 574d4bd5-bfdd-4088-bd5e-d83635899549, Nodes: 5dfaa0ea-416a-422c-a75d-43311aceb00a{ip: 192.168.157.226, host: pr-hdds-1569-swxfz-3172132826, networkLocation: /default-rack, certSerialId: null}, Type:RATIS, Factor:ONE, State:OPEN]
2019-09-19 14:21:40,073 [grpc-default-executor-2] INFO  impl.RaftServerProxy (RaftServerProxy.java:addNew(89)) - 85c6a9f3-b9a5-43a5-ac4f-9aa7bd5f2263: addNew group-1E959A581BC4:[85c6a9f3-b9a5-43a5-ac4f-9aa7bd5f2263:192.168.157.226:45170] returns group-1E959A581BC4:java.util.concurrent.CompletableFuture@a1a131d[Not completed]
2019-09-19 14:21:40,074 [pool-27-thread-1] INFO  impl.RaftServerImpl (RaftServerImpl.java:<init>(93)) - 85c6a9f3-b9a5-43a5-ac4f-9aa7bd5f2263: new RaftServerImpl for group-1E959A581BC4:[85c6a9f3-b9a5-43a5-ac4f-9aa7bd5f2263:192.168.157.226:45170] with ContainerStateMachine:uninitialized
2019-09-19 14:21:40,074 [pool-27-thread-1] INFO  server.RaftServerConfigKeys (ConfUtils.java:logGet(43)) - raft.server.rpc.timeout.min = 5s (custom)
2019-09-19 14:21:40,074 [pool-27-thread-1] INFO  server.RaftServerConfigKeys (ConfUtils.java:logGet(43)) - raft.server.rpc.timeout.max = 5200ms (custom)
2019-09-19 14:21:40,074 [pool-27-thread-1] INFO  server.RaftServerConfigKeys (ConfUtils.java:logGet(43)) - raft.server.rpcslowness.timeout = 120s (custom)
2019-09-19 14:21:40,074 [pool-27-thread-1] INFO  server.RaftServerConfigKeys (ConfUtils.java:logGet(43)) - raft.server.sleep.deviation.threshold = 300 (default)
2019-09-19 14:21:40,074 [pool-27-thread-1] INFO  server.RaftServerConfigKeys (ConfUtils.java:logGet(43)) - raft.server.log.appender.install.snapshot.enabled = false (custom)
2019-09-19 14:21:40,075 [pool-27-thread-1] INFO  impl.RaftServerImpl (ServerState.java:<init>(105)) - 85c6a9f3-b9a5-43a5-ac4f-9aa7bd5f2263:group-1E959A581BC4 ConfigurationManager, init=-1: [85c6a9f3-b9a5-43a5-ac4f-9aa7bd5f2263:192.168.157.226:45170], old=null, confs=<EMPTY_MAP>
2019-09-19 14:21:40,075 [pool-27-thread-1] INFO  server.RaftServerConfigKeys (ConfUtils.java:logGet(43)) - raft.server.storage.dir = [/workdir/hadoop-ozone/integration-test/target/test-dir/MiniOzoneClusterImpl-210d6028-2152-4683-81ff-347b0d29bb13/datanode-0/data/ratis] (custom)
2019-09-19 14:21:40,075 [pool-27-thread-1] INFO  storage.RaftStorageDirectory (RaftStorageDirectory.java:analyzeStorage(246)) - The storage directory /workdir/hadoop-ozone/integration-test/target/test-dir/MiniOzoneClusterImpl-210d6028-2152-4683-81ff-347b0d29bb13/datanode-0/data/ratis/86310666-1fb2-4d77-858f-1e959a581bc4 does not exist. Creating ...
2019-09-19 14:21:40,087 [pool-27-thread-1] INFO  storage.RaftStorageDirectory (RaftStorageDirectory.java:tryLock(328)) - Lock on /workdir/hadoop-ozone/integration-test/target/test-dir/MiniOzoneClusterImpl-210d6028-2152-4683-81ff-347b0d29bb13/datanode-0/data/ratis/86310666-1fb2-4d77-858f-1e959a581bc4/in_use.lock acquired by nodename 16198@pr-hdds-1569-swxfz-3172132826
2019-09-19 14:21:40,101 [pool-27-thread-1] INFO  storage.RaftStorage (RaftStorage.java:format(72)) - Storage directory /workdir/hadoop-ozone/integration-test/target/test-dir/MiniOzoneClusterImpl-210d6028-2152-4683-81ff-347b0d29bb13/datanode-0/data/ratis/86310666-1fb2-4d77-858f-1e959a581bc4 has been successfully formatted.
2019-09-19 14:21:40,101 [pool-27-thread-1] INFO  ratis.ContainerStateMachine (ContainerStateMachine.java:loadSnapshot(226)) - group-1E959A581BC4: The snapshot info is null. Setting the last applied indexto:(t:0, i:~)
2019-09-19 14:21:40,101 [pool-27-thread-1] INFO  server.RaftServerConfigKeys (ConfUtils.java:logGet(43)) - raft.server.leader.election.timeout = 120s (custom)
2019-09-19 14:21:40,101 [pool-27-thread-1] INFO  server.RaftServerConfigKeys (ConfUtils.java:logGet(43)) - raft.server.log.use.memory = false (default)
2019-09-19 14:21:40,101 [pool-27-thread-1] INFO  server.RaftServerConfigKeys (ConfUtils.java:logGet(43)) - raft.server.log.purge.gap = 1000000 (custom)
2019-09-19 14:21:40,101 [pool-27-thread-1] INFO  server.RaftServerConfigKeys (ConfUtils.java:logGet(43)) - raft.server.log.appender.buffer.byte-limit = 33554432 (custom)
2019-09-19 14:21:40,101 [pool-27-thread-1] INFO  server.RaftServerConfigKeys (ConfUtils.java:logGet(43)) - raft.server.log.segment.size.max = 1048576 (custom)
2019-09-19 14:21:40,102 [pool-27-thread-1] INFO  server.RaftServerConfigKeys (ConfUtils.java:logGet(43)) - raft.server.log.segment.cache.num.max = 2 (custom)
2019-09-19 14:21:40,102 [pool-27-thread-1] INFO  segmented.SegmentedRaftLogWorker (SegmentedRaftLogWorker.java:<init>(172)) - new 85c6a9f3-b9a5-43a5-ac4f-9aa7bd5f2263-SegmentedRaftLogWorker:Storage Directory /workdir/hadoop-ozone/integration-test/target/test-dir/MiniOzoneClusterImpl-210d6028-2152-4683-81ff-347b0d29bb13/datanode-0/data/ratis/86310666-1fb2-4d77-858f-1e959a581bc4 for RaftStorage:Storage Directory /workdir/hadoop-ozone/integration-test/target/test-dir/MiniOzoneClusterImpl-210d6028-2152-4683-81ff-347b0d29bb13/datanode-0/data/ratis/86310666-1fb2-4d77-858f-1e959a581bc4
2019-09-19 14:21:40,102 [pool-27-thread-1] INFO  server.RaftServerConfigKeys (ConfUtils.java:logGet(43)) - raft.server.log.queue.byte-limit = 2147483647 (custom)
2019-09-19 14:21:40,102 [pool-27-thread-1] INFO  server.RaftServerConfigKeys (ConfUtils.java:logGet(43)) - raft.server.log.queue.element-limit = 1024 (custom)
2019-09-19 14:21:40,102 [pool-27-thread-1] INFO  server.RaftServerConfigKeys (ConfUtils.java:logGet(43)) - raft.server.log.segment.size.max = 1048576 (custom)
2019-09-19 14:21:40,102 [pool-27-thread-1] INFO  server.RaftServerConfigKeys (ConfUtils.java:logGet(43)) - raft.server.log.preallocated.size = 16384 (custom)
2019-09-19 14:21:40,102 [pool-27-thread-1] INFO  server.RaftServerConfigKeys (ConfUtils.java:logGet(43)) - raft.server.log.write.buffer.size = 33554432 (custom)
2019-09-19 14:21:40,102 [pool-27-thread-1] INFO  server.RaftServerConfigKeys (ConfUtils.java:logGet(43)) - raft.server.log.force.sync.num = 128 (default)
2019-09-19 14:21:40,102 [pool-27-thread-1] INFO  server.RaftServerConfigKeys (ConfUtils.java:logGet(43)) - raft.server.log.statemachine.data.sync = true (default)
2019-09-19 14:21:40,102 [pool-27-thread-1] INFO  server.RaftServerConfigKeys (ConfUtils.java:logGet(43)) - raft.server.log.statemachine.data.sync.timeout = 10s (default)
2019-09-19 14:21:40,102 [pool-27-thread-1] INFO  server.RaftServerConfigKeys (ConfUtils.java:logGet(43)) - raft.server.log.statemachine.data.sync.timeout.retry = -1 (default)
2019-09-19 14:21:40,103 [pool-27-thread-1] INFO  server.RaftServerConfigKeys (ConfUtils.java:logGet(43)) - raft.server.log.statemachine.data.caching.enabled = true (custom)
2019-09-19 14:21:40,103 [pool-27-thread-1] INFO  segmented.SegmentedRaftLogWorker (SegmentedRaftLogWorker.java:lambda$new$0(132)) - 85c6a9f3-b9a5-43a5-ac4f-9aa7bd5f2263-SegmentedRaftLogWorker:Storage Directory /workdir/hadoop-ozone/integration-test/target/test-dir/MiniOzoneClusterImpl-210d6028-2152-4683-81ff-347b0d29bb13/datanode-0/data/ratis/86310666-1fb2-4d77-858f-1e959a581bc4: flushIndex: setUnconditionally 0 -> -1
2019-09-19 14:21:40,103 [pool-27-thread-1] INFO  server.RaftServerConfigKeys (ConfUtils.java:logGet(43)) - raft.server.snapshot.auto.trigger.enabled = true (custom)
2019-09-19 14:21:40,103 [pool-27-thread-1] INFO  server.RaftServerConfigKeys (ConfUtils.java:logGet(43)) - raft.server.snapshot.auto.trigger.threshold = 10000 (custom)
2019-09-19 14:21:40,103 [pool-27-thread-1] INFO  server.RaftServerConfigKeys (ConfUtils.java:logGet(43)) - raft.server.retrycache.expirytime = 600000ms (custom)
2019-09-19 14:21:40,103 [pool-27-thread-1] INFO  impl.RaftServerImpl (RaftServerImpl.java:start(180)) - 85c6a9f3-b9a5-43a5-ac4f-9aa7bd5f2263: start group-1E959A581BC4
2019-09-19 14:21:40,103 [pool-27-thread-1] INFO  impl.RaftServerImpl (RaftServerImpl.java:setRole(171)) - 85c6a9f3-b9a5-43a5-ac4f-9aa7bd5f2263:group-1E959A581BC4 changes role from null to FOLLOWER at term 0 for startAsFollower
2019-09-19 14:21:40,103 [pool-27-thread-1] INFO  impl.RoleInfo (RoleInfo.java:updateAndGet(143)) - 85c6a9f3-b9a5-43a5-ac4f-9aa7bd5f2263: start FollowerState
2019-09-19 14:21:40,104 [pool-27-thread-1] INFO  util.JmxRegister (JmxRegister.java:tryRegister(44)) - Successfully registered JMX Bean with object name Ratis:service=RaftServer,group=group-1E959A581BC4,id=85c6a9f3-b9a5-43a5-ac4f-9aa7bd5f2263
2019-09-19 14:21:40,106 [RatisPipelineUtilsThread] INFO  pipeline.PipelineStateManager (PipelineStateManager.java:addPipeline(56)) - Created pipeline Pipeline[ Id: 86310666-1fb2-4d77-858f-1e959a581bc4, Nodes: 85c6a9f3-b9a5-43a5-ac4f-9aa7bd5f2263{ip: 192.168.157.226, host: pr-hdds-1569-swxfz-3172132826, networkLocation: /default-rack, certSerialId: null}, Type:RATIS, Factor:ONE, State:OPEN]
2019-09-19 14:21:40,109 [grpc-default-executor-2] INFO  impl.RaftServerProxy (RaftServerProxy.java:addNew(89)) - 306a7a99-f2a5-4f40-b42b-2fc2def08a6a: addNew group-7FF1FB5A7764:[306a7a99-f2a5-4f40-b42b-2fc2def08a6a:192.168.157.226:42633] returns group-7FF1FB5A7764:java.util.concurrent.CompletableFuture@3461cf28[Not completed]
2019-09-19 14:21:40,110 [pool-49-thread-1] INFO  impl.RaftServerImpl (RaftServerImpl.java:<init>(93)) - 306a7a99-f2a5-4f40-b42b-2fc2def08a6a: new RaftServerImpl for group-7FF1FB5A7764:[306a7a99-f2a5-4f40-b42b-2fc2def08a6a:192.168.157.226:42633] with ContainerStateMachine:uninitialized
2019-09-19 14:21:40,110 [pool-49-thread-1] INFO  server.RaftServerConfigKeys (ConfUtils.java:logGet(43)) - raft.server.rpc.timeout.min = 5s (custom)
2019-09-19 14:21:40,111 [pool-49-thread-1] INFO  server.RaftServerConfigKeys (ConfUtils.java:logGet(43)) - raft.server.rpc.timeout.max = 5200ms (custom)
2019-09-19 14:21:40,111 [pool-49-thread-1] INFO  server.RaftServerConfigKeys (ConfUtils.java:logGet(43)) - raft.server.rpcslowness.timeout = 120s (custom)
2019-09-19 14:21:40,111 [pool-49-thread-1] INFO  server.RaftServerConfigKeys (ConfUtils.java:logGet(43)) - raft.server.sleep.deviation.threshold = 300 (default)
2019-09-19 14:21:40,111 [pool-49-thread-1] INFO  server.RaftServerConfigKeys (ConfUtils.java:logGet(43)) - raft.server.log.appender.install.snapshot.enabled = false (custom)
2019-09-19 14:21:40,111 [pool-49-thread-1] INFO  impl.RaftServerImpl (ServerState.java:<init>(105)) - 306a7a99-f2a5-4f40-b42b-2fc2def08a6a:group-7FF1FB5A7764 ConfigurationManager, init=-1: [306a7a99-f2a5-4f40-b42b-2fc2def08a6a:192.168.157.226:42633], old=null, confs=<EMPTY_MAP>
2019-09-19 14:21:40,111 [pool-49-thread-1] INFO  server.RaftServerConfigKeys (ConfUtils.java:logGet(43)) - raft.server.storage.dir = [/workdir/hadoop-ozone/integration-test/target/test-dir/MiniOzoneClusterImpl-210d6028-2152-4683-81ff-347b0d29bb13/datanode-2/data/ratis] (custom)
2019-09-19 14:21:40,112 [pool-49-thread-1] INFO  storage.RaftStorageDirectory (RaftStorageDirectory.java:analyzeStorage(246)) - The storage directory /workdir/hadoop-ozone/integration-test/target/test-dir/MiniOzoneClusterImpl-210d6028-2152-4683-81ff-347b0d29bb13/datanode-2/data/ratis/bc099331-ccc8-4daa-a1f0-7ff1fb5a7764 does not exist. Creating ...
2019-09-19 14:21:40,124 [pool-49-thread-1] INFO  storage.RaftStorageDirectory (RaftStorageDirectory.java:tryLock(328)) - Lock on /workdir/hadoop-ozone/integration-test/target/test-dir/MiniOzoneClusterImpl-210d6028-2152-4683-81ff-347b0d29bb13/datanode-2/data/ratis/bc099331-ccc8-4daa-a1f0-7ff1fb5a7764/in_use.lock acquired by nodename 16198@pr-hdds-1569-swxfz-3172132826
2019-09-19 14:21:40,137 [pool-49-thread-1] INFO  storage.RaftStorage (RaftStorage.java:format(72)) - Storage directory /workdir/hadoop-ozone/integration-test/target/test-dir/MiniOzoneClusterImpl-210d6028-2152-4683-81ff-347b0d29bb13/datanode-2/data/ratis/bc099331-ccc8-4daa-a1f0-7ff1fb5a7764 has been successfully formatted.
2019-09-19 14:21:40,137 [pool-49-thread-1] INFO  ratis.ContainerStateMachine (ContainerStateMachine.java:loadSnapshot(226)) - group-7FF1FB5A7764: The snapshot info is null. Setting the last applied indexto:(t:0, i:~)
2019-09-19 14:21:40,137 [pool-49-thread-1] INFO  server.RaftServerConfigKeys (ConfUtils.java:logGet(43)) - raft.server.leader.election.timeout = 120s (custom)
2019-09-19 14:21:40,137 [pool-49-thread-1] INFO  server.RaftServerConfigKeys (ConfUtils.java:logGet(43)) - raft.server.log.use.memory = false (default)
2019-09-19 14:21:40,137 [pool-49-thread-1] INFO  server.RaftServerConfigKeys (ConfUtils.java:logGet(43)) - raft.server.log.purge.gap = 1000000 (custom)
2019-09-19 14:21:40,138 [pool-49-thread-1] INFO  server.RaftServerConfigKeys (ConfUtils.java:logGet(43)) - raft.server.log.appender.buffer.byte-limit = 33554432 (custom)
2019-09-19 14:21:40,138 [pool-49-thread-1] INFO  server.RaftServerConfigKeys (ConfUtils.java:logGet(43)) - raft.server.log.segment.size.max = 1048576 (custom)
2019-09-19 14:21:40,138 [pool-49-thread-1] INFO  server.RaftServerConfigKeys (ConfUtils.java:logGet(43)) - raft.server.log.segment.cache.num.max = 2 (custom)
2019-09-19 14:21:40,138 [pool-49-thread-1] INFO  segmented.SegmentedRaftLogWorker (SegmentedRaftLogWorker.java:<init>(172)) - new 306a7a99-f2a5-4f40-b42b-2fc2def08a6a-SegmentedRaftLogWorker:Storage Directory /workdir/hadoop-ozone/integration-test/target/test-dir/MiniOzoneClusterImpl-210d6028-2152-4683-81ff-347b0d29bb13/datanode-2/data/ratis/bc099331-ccc8-4daa-a1f0-7ff1fb5a7764 for RaftStorage:Storage Directory /workdir/hadoop-ozone/integration-test/target/test-dir/MiniOzoneClusterImpl-210d6028-2152-4683-81ff-347b0d29bb13/datanode-2/data/ratis/bc099331-ccc8-4daa-a1f0-7ff1fb5a7764
2019-09-19 14:21:40,138 [pool-49-thread-1] INFO  server.RaftServerConfigKeys (ConfUtils.java:logGet(43)) - raft.server.log.queue.byte-limit = 2147483647 (custom)
2019-09-19 14:21:40,138 [pool-49-thread-1] INFO  server.RaftServerConfigKeys (ConfUtils.java:logGet(43)) - raft.server.log.queue.element-limit = 1024 (custom)
2019-09-19 14:21:40,138 [pool-49-thread-1] INFO  server.RaftServerConfigKeys (ConfUtils.java:logGet(43)) - raft.server.log.segment.size.max = 1048576 (custom)
2019-09-19 14:21:40,139 [pool-49-thread-1] INFO  server.RaftServerConfigKeys (ConfUtils.java:logGet(43)) - raft.server.log.preallocated.size = 16384 (custom)
2019-09-19 14:21:40,139 [pool-49-thread-1] INFO  server.RaftServerConfigKeys (ConfUtils.java:logGet(43)) - raft.server.log.write.buffer.size = 33554432 (custom)
2019-09-19 14:21:40,139 [pool-49-thread-1] INFO  server.RaftServerConfigKeys (ConfUtils.java:logGet(43)) - raft.server.log.force.sync.num = 128 (default)
2019-09-19 14:21:40,139 [pool-49-thread-1] INFO  server.RaftServerConfigKeys (ConfUtils.java:logGet(43)) - raft.server.log.statemachine.data.sync = true (default)
2019-09-19 14:21:40,139 [pool-49-thread-1] INFO  server.RaftServerConfigKeys (ConfUtils.java:logGet(43)) - raft.server.log.statemachine.data.sync.timeout = 10s (default)
2019-09-19 14:21:40,139 [pool-49-thread-1] INFO  server.RaftServerConfigKeys (ConfUtils.java:logGet(43)) - raft.server.log.statemachine.data.sync.timeout.retry = -1 (default)
2019-09-19 14:21:40,139 [pool-49-thread-1] INFO  server.RaftServerConfigKeys (ConfUtils.java:logGet(43)) - raft.server.log.statemachine.data.caching.enabled = true (custom)
2019-09-19 14:21:40,140 [pool-49-thread-1] INFO  segmented.SegmentedRaftLogWorker (SegmentedRaftLogWorker.java:lambda$new$0(132)) - 306a7a99-f2a5-4f40-b42b-2fc2def08a6a-SegmentedRaftLogWorker:Storage Directory /workdir/hadoop-ozone/integration-test/target/test-dir/MiniOzoneClusterImpl-210d6028-2152-4683-81ff-347b0d29bb13/datanode-2/data/ratis/bc099331-ccc8-4daa-a1f0-7ff1fb5a7764: flushIndex: setUnconditionally 0 -> -1
2019-09-19 14:21:40,140 [pool-49-thread-1] INFO  server.RaftServerConfigKeys (ConfUtils.java:logGet(43)) - raft.server.snapshot.auto.trigger.enabled = true (custom)
2019-09-19 14:21:40,140 [pool-49-thread-1] INFO  server.RaftServerConfigKeys (ConfUtils.java:logGet(43)) - raft.server.snapshot.auto.trigger.threshold = 10000 (custom)
2019-09-19 14:21:40,140 [pool-49-thread-1] INFO  server.RaftServerConfigKeys (ConfUtils.java:logGet(43)) - raft.server.retrycache.expirytime = 600000ms (custom)
2019-09-19 14:21:40,140 [pool-49-thread-1] INFO  impl.RaftServerImpl (RaftServerImpl.java:start(180)) - 306a7a99-f2a5-4f40-b42b-2fc2def08a6a: start group-7FF1FB5A7764
2019-09-19 14:21:40,141 [pool-49-thread-1] INFO  impl.RaftServerImpl (RaftServerImpl.java:setRole(171)) - 306a7a99-f2a5-4f40-b42b-2fc2def08a6a:group-7FF1FB5A7764 changes role from null to FOLLOWER at term 0 for startAsFollower
2019-09-19 14:21:40,141 [pool-49-thread-1] INFO  impl.RoleInfo (RoleInfo.java:updateAndGet(143)) - 306a7a99-f2a5-4f40-b42b-2fc2def08a6a: start FollowerState
2019-09-19 14:21:40,141 [pool-49-thread-1] INFO  util.JmxRegister (JmxRegister.java:tryRegister(44)) - Successfully registered JMX Bean with object name Ratis:service=RaftServer,group=group-7FF1FB5A7764,id=306a7a99-f2a5-4f40-b42b-2fc2def08a6a
2019-09-19 14:21:40,143 [RatisPipelineUtilsThread] INFO  pipeline.PipelineStateManager (PipelineStateManager.java:addPipeline(56)) - Created pipeline Pipeline[ Id: bc099331-ccc8-4daa-a1f0-7ff1fb5a7764, Nodes: 306a7a99-f2a5-4f40-b42b-2fc2def08a6a{ip: 192.168.157.226, host: pr-hdds-1569-swxfz-3172132826, networkLocation: /default-rack, certSerialId: null}, Type:RATIS, Factor:ONE, State:OPEN]
2019-09-19 14:21:40,148 [grpc-default-executor-2] INFO  impl.RaftServerProxy (RaftServerProxy.java:addNew(89)) - 85c6a9f3-b9a5-43a5-ac4f-9aa7bd5f2263: addNew group-8AE81F3D915F:[85c6a9f3-b9a5-43a5-ac4f-9aa7bd5f2263:192.168.157.226:45170] returns group-8AE81F3D915F:java.util.concurrent.CompletableFuture@6692a61c[Not completed]
2019-09-19 14:21:40,148 [pool-27-thread-1] INFO  impl.RaftServerImpl (RaftServerImpl.java:<init>(93)) - 85c6a9f3-b9a5-43a5-ac4f-9aa7bd5f2263: new RaftServerImpl for group-8AE81F3D915F:[85c6a9f3-b9a5-43a5-ac4f-9aa7bd5f2263:192.168.157.226:45170] with ContainerStateMachine:uninitialized
2019-09-19 14:21:40,148 [pool-27-thread-1] INFO  server.RaftServerConfigKeys (ConfUtils.java:logGet(43)) - raft.server.rpc.timeout.min = 5s (custom)
2019-09-19 14:21:40,149 [pool-27-thread-1] INFO  server.RaftServerConfigKeys (ConfUtils.java:logGet(43)) - raft.server.rpc.timeout.max = 5200ms (custom)
2019-09-19 14:21:40,149 [pool-27-thread-1] INFO  server.RaftServerConfigKeys (ConfUtils.java:logGet(43)) - raft.server.rpcslowness.timeout = 120s (custom)
2019-09-19 14:21:40,149 [pool-27-thread-1] INFO  server.RaftServerConfigKeys (ConfUtils.java:logGet(43)) - raft.server.sleep.deviation.threshold = 300 (default)
2019-09-19 14:21:40,149 [pool-27-thread-1] INFO  server.RaftServerConfigKeys (ConfUtils.java:logGet(43)) - raft.server.log.appender.install.snapshot.enabled = false (custom)
2019-09-19 14:21:40,149 [pool-27-thread-1] INFO  impl.RaftServerImpl (ServerState.java:<init>(105)) - 85c6a9f3-b9a5-43a5-ac4f-9aa7bd5f2263:group-8AE81F3D915F ConfigurationManager, init=-1: [85c6a9f3-b9a5-43a5-ac4f-9aa7bd5f2263:192.168.157.226:45170], old=null, confs=<EMPTY_MAP>
2019-09-19 14:21:40,149 [pool-27-thread-1] INFO  server.RaftServerConfigKeys (ConfUtils.java:logGet(43)) - raft.server.storage.dir = [/workdir/hadoop-ozone/integration-test/target/test-dir/MiniOzoneClusterImpl-210d6028-2152-4683-81ff-347b0d29bb13/datanode-0/data/ratis] (custom)
2019-09-19 14:21:40,149 [pool-27-thread-1] INFO  storage.RaftStorageDirectory (RaftStorageDirectory.java:analyzeStorage(246)) - The storage directory /workdir/hadoop-ozone/integration-test/target/test-dir/MiniOzoneClusterImpl-210d6028-2152-4683-81ff-347b0d29bb13/datanode-0/data/ratis/15d695d4-435b-4c1e-870e-8ae81f3d915f does not exist. Creating ...
2019-09-19 14:21:40,162 [pool-27-thread-1] INFO  storage.RaftStorageDirectory (RaftStorageDirectory.java:tryLock(328)) - Lock on /workdir/hadoop-ozone/integration-test/target/test-dir/MiniOzoneClusterImpl-210d6028-2152-4683-81ff-347b0d29bb13/datanode-0/data/ratis/15d695d4-435b-4c1e-870e-8ae81f3d915f/in_use.lock acquired by nodename 16198@pr-hdds-1569-swxfz-3172132826
2019-09-19 14:21:40,184 [pool-27-thread-1] INFO  storage.RaftStorage (RaftStorage.java:format(72)) - Storage directory /workdir/hadoop-ozone/integration-test/target/test-dir/MiniOzoneClusterImpl-210d6028-2152-4683-81ff-347b0d29bb13/datanode-0/data/ratis/15d695d4-435b-4c1e-870e-8ae81f3d915f has been successfully formatted.
2019-09-19 14:21:40,185 [pool-27-thread-1] INFO  ratis.ContainerStateMachine (ContainerStateMachine.java:loadSnapshot(226)) - group-8AE81F3D915F: The snapshot info is null. Setting the last applied indexto:(t:0, i:~)
2019-09-19 14:21:40,185 [pool-27-thread-1] INFO  server.RaftServerConfigKeys (ConfUtils.java:logGet(43)) - raft.server.leader.election.timeout = 120s (custom)
2019-09-19 14:21:40,185 [pool-27-thread-1] INFO  server.RaftServerConfigKeys (ConfUtils.java:logGet(43)) - raft.server.log.use.memory = false (default)
2019-09-19 14:21:40,185 [pool-27-thread-1] INFO  server.RaftServerConfigKeys (ConfUtils.java:logGet(43)) - raft.server.log.purge.gap = 1000000 (custom)
2019-09-19 14:21:40,185 [pool-27-thread-1] INFO  server.RaftServerConfigKeys (ConfUtils.java:logGet(43)) - raft.server.log.appender.buffer.byte-limit = 33554432 (custom)
2019-09-19 14:21:40,185 [pool-27-thread-1] INFO  server.RaftServerConfigKeys (ConfUtils.java:logGet(43)) - raft.server.log.segment.size.max = 1048576 (custom)
2019-09-19 14:21:40,186 [pool-27-thread-1] INFO  server.RaftServerConfigKeys (ConfUtils.java:logGet(43)) - raft.server.log.segment.cache.num.max = 2 (custom)
2019-09-19 14:21:40,186 [pool-27-thread-1] INFO  segmented.SegmentedRaftLogWorker (SegmentedRaftLogWorker.java:<init>(172)) - new 85c6a9f3-b9a5-43a5-ac4f-9aa7bd5f2263-SegmentedRaftLogWorker:Storage Directory /workdir/hadoop-ozone/integration-test/target/test-dir/MiniOzoneClusterImpl-210d6028-2152-4683-81ff-347b0d29bb13/datanode-0/data/ratis/15d695d4-435b-4c1e-870e-8ae81f3d915f for RaftStorage:Storage Directory /workdir/hadoop-ozone/integration-test/target/test-dir/MiniOzoneClusterImpl-210d6028-2152-4683-81ff-347b0d29bb13/datanode-0/data/ratis/15d695d4-435b-4c1e-870e-8ae81f3d915f
2019-09-19 14:21:40,186 [pool-27-thread-1] INFO  server.RaftServerConfigKeys (ConfUtils.java:logGet(43)) - raft.server.log.queue.byte-limit = 2147483647 (custom)
2019-09-19 14:21:40,186 [pool-27-thread-1] INFO  server.RaftServerConfigKeys (ConfUtils.java:logGet(43)) - raft.server.log.queue.element-limit = 1024 (custom)
2019-09-19 14:21:40,186 [pool-27-thread-1] INFO  server.RaftServerConfigKeys (ConfUtils.java:logGet(43)) - raft.server.log.segment.size.max = 1048576 (custom)
2019-09-19 14:21:40,186 [pool-27-thread-1] INFO  server.RaftServerConfigKeys (ConfUtils.java:logGet(43)) - raft.server.log.preallocated.size = 16384 (custom)
2019-09-19 14:21:40,186 [pool-27-thread-1] INFO  server.RaftServerConfigKeys (ConfUtils.java:logGet(43)) - raft.server.log.write.buffer.size = 33554432 (custom)
2019-09-19 14:21:40,186 [pool-27-thread-1] INFO  server.RaftServerConfigKeys (ConfUtils.java:logGet(43)) - raft.server.log.force.sync.num = 128 (default)
2019-09-19 14:21:40,187 [pool-27-thread-1] INFO  server.RaftServerConfigKeys (ConfUtils.java:logGet(43)) - raft.server.log.statemachine.data.sync = true (default)
2019-09-19 14:21:40,187 [pool-27-thread-1] INFO  server.RaftServerConfigKeys (ConfUtils.java:logGet(43)) - raft.server.log.statemachine.data.sync.timeout = 10s (default)
2019-09-19 14:21:40,187 [pool-27-thread-1] INFO  server.RaftServerConfigKeys (ConfUtils.java:logGet(43)) - raft.server.log.statemachine.data.sync.timeout.retry = -1 (default)
2019-09-19 14:21:40,187 [pool-27-thread-1] INFO  server.RaftServerConfigKeys (ConfUtils.java:logGet(43)) - raft.server.log.statemachine.data.caching.enabled = true (custom)
2019-09-19 14:21:40,187 [pool-27-thread-1] INFO  segmented.SegmentedRaftLogWorker (SegmentedRaftLogWorker.java:lambda$new$0(132)) - 85c6a9f3-b9a5-43a5-ac4f-9aa7bd5f2263-SegmentedRaftLogWorker:Storage Directory /workdir/hadoop-ozone/integration-test/target/test-dir/MiniOzoneClusterImpl-210d6028-2152-4683-81ff-347b0d29bb13/datanode-0/data/ratis/15d695d4-435b-4c1e-870e-8ae81f3d915f: flushIndex: setUnconditionally 0 -> -1
2019-09-19 14:21:40,187 [pool-27-thread-1] INFO  server.RaftServerConfigKeys (ConfUtils.java:logGet(43)) - raft.server.snapshot.auto.trigger.enabled = true (custom)
2019-09-19 14:21:40,188 [pool-27-thread-1] INFO  server.RaftServerConfigKeys (ConfUtils.java:logGet(43)) - raft.server.snapshot.auto.trigger.threshold = 10000 (custom)
2019-09-19 14:21:40,188 [pool-27-thread-1] INFO  server.RaftServerConfigKeys (ConfUtils.java:logGet(43)) - raft.server.retrycache.expirytime = 600000ms (custom)
2019-09-19 14:21:40,188 [pool-27-thread-1] INFO  impl.RaftServerImpl (RaftServerImpl.java:start(180)) - 85c6a9f3-b9a5-43a5-ac4f-9aa7bd5f2263: start group-8AE81F3D915F
2019-09-19 14:21:40,188 [pool-27-thread-1] INFO  impl.RaftServerImpl (RaftServerImpl.java:setRole(171)) - 85c6a9f3-b9a5-43a5-ac4f-9aa7bd5f2263:group-8AE81F3D915F changes role from null to FOLLOWER at term 0 for startAsFollower
2019-09-19 14:21:40,188 [pool-27-thread-1] INFO  impl.RoleInfo (RoleInfo.java:updateAndGet(143)) - 85c6a9f3-b9a5-43a5-ac4f-9aa7bd5f2263: start FollowerState
2019-09-19 14:21:40,188 [pool-27-thread-1] INFO  util.JmxRegister (JmxRegister.java:tryRegister(44)) - Successfully registered JMX Bean with object name Ratis:service=RaftServer,group=group-8AE81F3D915F,id=85c6a9f3-b9a5-43a5-ac4f-9aa7bd5f2263
2019-09-19 14:21:40,191 [RatisPipelineUtilsThread] INFO  pipeline.PipelineStateManager (PipelineStateManager.java:addPipeline(56)) - Created pipeline Pipeline[ Id: 15d695d4-435b-4c1e-870e-8ae81f3d915f, Nodes: 85c6a9f3-b9a5-43a5-ac4f-9aa7bd5f2263{ip: 192.168.157.226, host: pr-hdds-1569-swxfz-3172132826, networkLocation: /default-rack, certSerialId: null}, Type:RATIS, Factor:ONE, State:OPEN]
2019-09-19 14:21:40,195 | INFO  | SCMAudit | user=jenkins1000 | ip=192.168.157.226 | op=SEND_HEARTBEAT {datanodeUUID=6403e584-2209-453b-b79e-eeb0a7b58516, command=[]} | ret=SUCCESS |  
2019-09-19 14:21:40,195 [grpc-default-executor-2] INFO  impl.RaftServerProxy (RaftServerProxy.java:addNew(89)) - 306a7a99-f2a5-4f40-b42b-2fc2def08a6a: addNew group-4DCB50BB2008:[306a7a99-f2a5-4f40-b42b-2fc2def08a6a:192.168.157.226:42633] returns group-4DCB50BB2008:java.util.concurrent.CompletableFuture@424bc950[Not completed]
2019-09-19 14:21:40,196 | INFO  | SCMAudit | user=jenkins1000 | ip=192.168.157.226 | op=SEND_HEARTBEAT {datanodeUUID=306a7a99-f2a5-4f40-b42b-2fc2def08a6a, command=[]} | ret=SUCCESS |  
2019-09-19 14:21:40,197 [pool-49-thread-1] INFO  impl.RaftServerImpl (RaftServerImpl.java:<init>(93)) - 306a7a99-f2a5-4f40-b42b-2fc2def08a6a: new RaftServerImpl for group-4DCB50BB2008:[306a7a99-f2a5-4f40-b42b-2fc2def08a6a:192.168.157.226:42633] with ContainerStateMachine:uninitialized
2019-09-19 14:21:40,197 [pool-49-thread-1] INFO  server.RaftServerConfigKeys (ConfUtils.java:logGet(43)) - raft.server.rpc.timeout.min = 5s (custom)
2019-09-19 14:21:40,197 [pool-49-thread-1] INFO  server.RaftServerConfigKeys (ConfUtils.java:logGet(43)) - raft.server.rpc.timeout.max = 5200ms (custom)
2019-09-19 14:21:40,197 [pool-49-thread-1] INFO  server.RaftServerConfigKeys (ConfUtils.java:logGet(43)) - raft.server.rpcslowness.timeout = 120s (custom)
2019-09-19 14:21:40,197 [pool-49-thread-1] INFO  server.RaftServerConfigKeys (ConfUtils.java:logGet(43)) - raft.server.sleep.deviation.threshold = 300 (default)
2019-09-19 14:21:40,197 [pool-49-thread-1] INFO  server.RaftServerConfigKeys (ConfUtils.java:logGet(43)) - raft.server.log.appender.install.snapshot.enabled = false (custom)
2019-09-19 14:21:40,197 [pool-49-thread-1] INFO  impl.RaftServerImpl (ServerState.java:<init>(105)) - 306a7a99-f2a5-4f40-b42b-2fc2def08a6a:group-4DCB50BB2008 ConfigurationManager, init=-1: [306a7a99-f2a5-4f40-b42b-2fc2def08a6a:192.168.157.226:42633], old=null, confs=<EMPTY_MAP>
2019-09-19 14:21:40,198 [pool-49-thread-1] INFO  server.RaftServerConfigKeys (ConfUtils.java:logGet(43)) - raft.server.storage.dir = [/workdir/hadoop-ozone/integration-test/target/test-dir/MiniOzoneClusterImpl-210d6028-2152-4683-81ff-347b0d29bb13/datanode-2/data/ratis] (custom)
2019-09-19 14:21:40,198 [pool-49-thread-1] INFO  storage.RaftStorageDirectory (RaftStorageDirectory.java:analyzeStorage(246)) - The storage directory /workdir/hadoop-ozone/integration-test/target/test-dir/MiniOzoneClusterImpl-210d6028-2152-4683-81ff-347b0d29bb13/datanode-2/data/ratis/bf2492a6-ee34-49ed-b93a-4dcb50bb2008 does not exist. Creating ...
2019-09-19 14:21:40,216 [pool-49-thread-1] INFO  storage.RaftStorageDirectory (RaftStorageDirectory.java:tryLock(328)) - Lock on /workdir/hadoop-ozone/integration-test/target/test-dir/MiniOzoneClusterImpl-210d6028-2152-4683-81ff-347b0d29bb13/datanode-2/data/ratis/bf2492a6-ee34-49ed-b93a-4dcb50bb2008/in_use.lock acquired by nodename 16198@pr-hdds-1569-swxfz-3172132826
2019-09-19 14:21:40,230 [pool-49-thread-1] INFO  storage.RaftStorage (RaftStorage.java:format(72)) - Storage directory /workdir/hadoop-ozone/integration-test/target/test-dir/MiniOzoneClusterImpl-210d6028-2152-4683-81ff-347b0d29bb13/datanode-2/data/ratis/bf2492a6-ee34-49ed-b93a-4dcb50bb2008 has been successfully formatted.
2019-09-19 14:21:40,230 [pool-49-thread-1] INFO  ratis.ContainerStateMachine (ContainerStateMachine.java:loadSnapshot(226)) - group-4DCB50BB2008: The snapshot info is null. Setting the last applied indexto:(t:0, i:~)
2019-09-19 14:21:40,230 [pool-49-thread-1] INFO  server.RaftServerConfigKeys (ConfUtils.java:logGet(43)) - raft.server.leader.election.timeout = 120s (custom)
2019-09-19 14:21:40,231 [pool-49-thread-1] INFO  server.RaftServerConfigKeys (ConfUtils.java:logGet(43)) - raft.server.log.use.memory = false (default)
2019-09-19 14:21:40,231 [pool-49-thread-1] INFO  server.RaftServerConfigKeys (ConfUtils.java:logGet(43)) - raft.server.log.purge.gap = 1000000 (custom)
2019-09-19 14:21:40,231 [pool-49-thread-1] INFO  server.RaftServerConfigKeys (ConfUtils.java:logGet(43)) - raft.server.log.appender.buffer.byte-limit = 33554432 (custom)
2019-09-19 14:21:40,231 [pool-49-thread-1] INFO  server.RaftServerConfigKeys (ConfUtils.java:logGet(43)) - raft.server.log.segment.size.max = 1048576 (custom)
2019-09-19 14:21:40,231 [pool-49-thread-1] INFO  server.RaftServerConfigKeys (ConfUtils.java:logGet(43)) - raft.server.log.segment.cache.num.max = 2 (custom)
2019-09-19 14:21:40,231 [pool-49-thread-1] INFO  segmented.SegmentedRaftLogWorker (SegmentedRaftLogWorker.java:<init>(172)) - new 306a7a99-f2a5-4f40-b42b-2fc2def08a6a-SegmentedRaftLogWorker:Storage Directory /workdir/hadoop-ozone/integration-test/target/test-dir/MiniOzoneClusterImpl-210d6028-2152-4683-81ff-347b0d29bb13/datanode-2/data/ratis/bf2492a6-ee34-49ed-b93a-4dcb50bb2008 for RaftStorage:Storage Directory /workdir/hadoop-ozone/integration-test/target/test-dir/MiniOzoneClusterImpl-210d6028-2152-4683-81ff-347b0d29bb13/datanode-2/data/ratis/bf2492a6-ee34-49ed-b93a-4dcb50bb2008
2019-09-19 14:21:40,231 [pool-49-thread-1] INFO  server.RaftServerConfigKeys (ConfUtils.java:logGet(43)) - raft.server.log.queue.byte-limit = 2147483647 (custom)
2019-09-19 14:21:40,232 [pool-49-thread-1] INFO  server.RaftServerConfigKeys (ConfUtils.java:logGet(43)) - raft.server.log.queue.element-limit = 1024 (custom)
2019-09-19 14:21:40,232 [pool-49-thread-1] INFO  server.RaftServerConfigKeys (ConfUtils.java:logGet(43)) - raft.server.log.segment.size.max = 1048576 (custom)
2019-09-19 14:21:40,232 [pool-49-thread-1] INFO  server.RaftServerConfigKeys (ConfUtils.java:logGet(43)) - raft.server.log.preallocated.size = 16384 (custom)
2019-09-19 14:21:40,232 [pool-49-thread-1] INFO  server.RaftServerConfigKeys (ConfUtils.java:logGet(43)) - raft.server.log.write.buffer.size = 33554432 (custom)
2019-09-19 14:21:40,232 [pool-49-thread-1] INFO  server.RaftServerConfigKeys (ConfUtils.java:logGet(43)) - raft.server.log.force.sync.num = 128 (default)
2019-09-19 14:21:40,232 [pool-49-thread-1] INFO  server.RaftServerConfigKeys (ConfUtils.java:logGet(43)) - raft.server.log.statemachine.data.sync = true (default)
2019-09-19 14:21:40,233 [pool-49-thread-1] INFO  server.RaftServerConfigKeys (ConfUtils.java:logGet(43)) - raft.server.log.statemachine.data.sync.timeout = 10s (default)
2019-09-19 14:21:40,233 [pool-49-thread-1] INFO  server.RaftServerConfigKeys (ConfUtils.java:logGet(43)) - raft.server.log.statemachine.data.sync.timeout.retry = -1 (default)
2019-09-19 14:21:40,233 [pool-49-thread-1] INFO  server.RaftServerConfigKeys (ConfUtils.java:logGet(43)) - raft.server.log.statemachine.data.caching.enabled = true (custom)
2019-09-19 14:21:40,233 [pool-49-thread-1] INFO  segmented.SegmentedRaftLogWorker (SegmentedRaftLogWorker.java:lambda$new$0(132)) - 306a7a99-f2a5-4f40-b42b-2fc2def08a6a-SegmentedRaftLogWorker:Storage Directory /workdir/hadoop-ozone/integration-test/target/test-dir/MiniOzoneClusterImpl-210d6028-2152-4683-81ff-347b0d29bb13/datanode-2/data/ratis/bf2492a6-ee34-49ed-b93a-4dcb50bb2008: flushIndex: setUnconditionally 0 -> -1
2019-09-19 14:21:40,234 [pool-49-thread-1] INFO  server.RaftServerConfigKeys (ConfUtils.java:logGet(43)) - raft.server.snapshot.auto.trigger.enabled = true (custom)
2019-09-19 14:21:40,234 [pool-49-thread-1] INFO  server.RaftServerConfigKeys (ConfUtils.java:logGet(43)) - raft.server.snapshot.auto.trigger.threshold = 10000 (custom)
2019-09-19 14:21:40,234 [pool-49-thread-1] INFO  server.RaftServerConfigKeys (ConfUtils.java:logGet(43)) - raft.server.retrycache.expirytime = 600000ms (custom)
2019-09-19 14:21:40,234 [pool-49-thread-1] INFO  impl.RaftServerImpl (RaftServerImpl.java:start(180)) - 306a7a99-f2a5-4f40-b42b-2fc2def08a6a: start group-4DCB50BB2008
2019-09-19 14:21:40,234 [pool-49-thread-1] INFO  impl.RaftServerImpl (RaftServerImpl.java:setRole(171)) - 306a7a99-f2a5-4f40-b42b-2fc2def08a6a:group-4DCB50BB2008 changes role from null to FOLLOWER at term 0 for startAsFollower
2019-09-19 14:21:40,234 [pool-49-thread-1] INFO  impl.RoleInfo (RoleInfo.java:updateAndGet(143)) - 306a7a99-f2a5-4f40-b42b-2fc2def08a6a: start FollowerState
2019-09-19 14:21:40,235 [pool-49-thread-1] INFO  util.JmxRegister (JmxRegister.java:tryRegister(44)) - Successfully registered JMX Bean with object name Ratis:service=RaftServer,group=group-4DCB50BB2008,id=306a7a99-f2a5-4f40-b42b-2fc2def08a6a
2019-09-19 14:21:40,237 [RatisPipelineUtilsThread] INFO  pipeline.PipelineStateManager (PipelineStateManager.java:addPipeline(56)) - Created pipeline Pipeline[ Id: bf2492a6-ee34-49ed-b93a-4dcb50bb2008, Nodes: 306a7a99-f2a5-4f40-b42b-2fc2def08a6a{ip: 192.168.157.226, host: pr-hdds-1569-swxfz-3172132826, networkLocation: /default-rack, certSerialId: null}, Type:RATIS, Factor:ONE, State:OPEN]
2019-09-19 14:21:40,242 [grpc-default-executor-2] INFO  impl.RaftServerProxy (RaftServerProxy.java:addNew(89)) - 6403e584-2209-453b-b79e-eeb0a7b58516: addNew group-5F7B930D9B26:[6403e584-2209-453b-b79e-eeb0a7b58516:192.168.157.226:35833] returns group-5F7B930D9B26:java.util.concurrent.CompletableFuture@5b7969f5[Not completed]
2019-09-19 14:21:40,243 [pool-60-thread-1] INFO  impl.RaftServerImpl (RaftServerImpl.java:<init>(93)) - 6403e584-2209-453b-b79e-eeb0a7b58516: new RaftServerImpl for group-5F7B930D9B26:[6403e584-2209-453b-b79e-eeb0a7b58516:192.168.157.226:35833] with ContainerStateMachine:uninitialized
2019-09-19 14:21:40,243 [pool-60-thread-1] INFO  server.RaftServerConfigKeys (ConfUtils.java:logGet(43)) - raft.server.rpc.timeout.min = 5s (custom)
2019-09-19 14:21:40,244 [pool-60-thread-1] INFO  server.RaftServerConfigKeys (ConfUtils.java:logGet(43)) - raft.server.rpc.timeout.max = 5200ms (custom)
2019-09-19 14:21:40,244 [pool-60-thread-1] INFO  server.RaftServerConfigKeys (ConfUtils.java:logGet(43)) - raft.server.rpcslowness.timeout = 120s (custom)
2019-09-19 14:21:40,244 [pool-60-thread-1] INFO  server.RaftServerConfigKeys (ConfUtils.java:logGet(43)) - raft.server.sleep.deviation.threshold = 300 (default)
2019-09-19 14:21:40,244 [pool-60-thread-1] INFO  server.RaftServerConfigKeys (ConfUtils.java:logGet(43)) - raft.server.log.appender.install.snapshot.enabled = false (custom)
2019-09-19 14:21:40,244 [pool-60-thread-1] INFO  impl.RaftServerImpl (ServerState.java:<init>(105)) - 6403e584-2209-453b-b79e-eeb0a7b58516:group-5F7B930D9B26 ConfigurationManager, init=-1: [6403e584-2209-453b-b79e-eeb0a7b58516:192.168.157.226:35833], old=null, confs=<EMPTY_MAP>
2019-09-19 14:21:40,244 [pool-60-thread-1] INFO  server.RaftServerConfigKeys (ConfUtils.java:logGet(43)) - raft.server.storage.dir = [/workdir/hadoop-ozone/integration-test/target/test-dir/MiniOzoneClusterImpl-210d6028-2152-4683-81ff-347b0d29bb13/datanode-3/data/ratis] (custom)
2019-09-19 14:21:40,245 [pool-60-thread-1] INFO  storage.RaftStorageDirectory (RaftStorageDirectory.java:analyzeStorage(246)) - The storage directory /workdir/hadoop-ozone/integration-test/target/test-dir/MiniOzoneClusterImpl-210d6028-2152-4683-81ff-347b0d29bb13/datanode-3/data/ratis/59a6a4ed-be67-4336-8e8b-5f7b930d9b26 does not exist. Creating ...
2019-09-19 14:21:40,259 [pool-60-thread-1] INFO  storage.RaftStorageDirectory (RaftStorageDirectory.java:tryLock(328)) - Lock on /workdir/hadoop-ozone/integration-test/target/test-dir/MiniOzoneClusterImpl-210d6028-2152-4683-81ff-347b0d29bb13/datanode-3/data/ratis/59a6a4ed-be67-4336-8e8b-5f7b930d9b26/in_use.lock acquired by nodename 16198@pr-hdds-1569-swxfz-3172132826
2019-09-19 14:21:40,272 [pool-60-thread-1] INFO  storage.RaftStorage (RaftStorage.java:format(72)) - Storage directory /workdir/hadoop-ozone/integration-test/target/test-dir/MiniOzoneClusterImpl-210d6028-2152-4683-81ff-347b0d29bb13/datanode-3/data/ratis/59a6a4ed-be67-4336-8e8b-5f7b930d9b26 has been successfully formatted.
2019-09-19 14:21:40,272 [pool-60-thread-1] INFO  ratis.ContainerStateMachine (ContainerStateMachine.java:loadSnapshot(226)) - group-5F7B930D9B26: The snapshot info is null. Setting the last applied indexto:(t:0, i:~)
2019-09-19 14:21:40,272 [pool-60-thread-1] INFO  server.RaftServerConfigKeys (ConfUtils.java:logGet(43)) - raft.server.leader.election.timeout = 120s (custom)
2019-09-19 14:21:40,272 [pool-60-thread-1] INFO  server.RaftServerConfigKeys (ConfUtils.java:logGet(43)) - raft.server.log.use.memory = false (default)
2019-09-19 14:21:40,272 [pool-60-thread-1] INFO  server.RaftServerConfigKeys (ConfUtils.java:logGet(43)) - raft.server.log.purge.gap = 1000000 (custom)
2019-09-19 14:21:40,273 [pool-60-thread-1] INFO  server.RaftServerConfigKeys (ConfUtils.java:logGet(43)) - raft.server.log.appender.buffer.byte-limit = 33554432 (custom)
2019-09-19 14:21:40,273 [pool-60-thread-1] INFO  server.RaftServerConfigKeys (ConfUtils.java:logGet(43)) - raft.server.log.segment.size.max = 1048576 (custom)
2019-09-19 14:21:40,273 [pool-60-thread-1] INFO  server.RaftServerConfigKeys (ConfUtils.java:logGet(43)) - raft.server.log.segment.cache.num.max = 2 (custom)
2019-09-19 14:21:40,273 [pool-60-thread-1] INFO  segmented.SegmentedRaftLogWorker (SegmentedRaftLogWorker.java:<init>(172)) - new 6403e584-2209-453b-b79e-eeb0a7b58516-SegmentedRaftLogWorker:Storage Directory /workdir/hadoop-ozone/integration-test/target/test-dir/MiniOzoneClusterImpl-210d6028-2152-4683-81ff-347b0d29bb13/datanode-3/data/ratis/59a6a4ed-be67-4336-8e8b-5f7b930d9b26 for RaftStorage:Storage Directory /workdir/hadoop-ozone/integration-test/target/test-dir/MiniOzoneClusterImpl-210d6028-2152-4683-81ff-347b0d29bb13/datanode-3/data/ratis/59a6a4ed-be67-4336-8e8b-5f7b930d9b26
2019-09-19 14:21:40,273 [pool-60-thread-1] INFO  server.RaftServerConfigKeys (ConfUtils.java:logGet(43)) - raft.server.log.queue.byte-limit = 2147483647 (custom)
2019-09-19 14:21:40,273 [pool-60-thread-1] INFO  server.RaftServerConfigKeys (ConfUtils.java:logGet(43)) - raft.server.log.queue.element-limit = 1024 (custom)
2019-09-19 14:21:40,274 [pool-60-thread-1] INFO  server.RaftServerConfigKeys (ConfUtils.java:logGet(43)) - raft.server.log.segment.size.max = 1048576 (custom)
2019-09-19 14:21:40,274 [pool-60-thread-1] INFO  server.RaftServerConfigKeys (ConfUtils.java:logGet(43)) - raft.server.log.preallocated.size = 16384 (custom)
2019-09-19 14:21:40,274 [pool-60-thread-1] INFO  server.RaftServerConfigKeys (ConfUtils.java:logGet(43)) - raft.server.log.write.buffer.size = 33554432 (custom)
2019-09-19 14:21:40,274 [pool-60-thread-1] INFO  server.RaftServerConfigKeys (ConfUtils.java:logGet(43)) - raft.server.log.force.sync.num = 128 (default)
2019-09-19 14:21:40,274 [pool-60-thread-1] INFO  server.RaftServerConfigKeys (ConfUtils.java:logGet(43)) - raft.server.log.statemachine.data.sync = true (default)
2019-09-19 14:21:40,274 [pool-60-thread-1] INFO  server.RaftServerConfigKeys (ConfUtils.java:logGet(43)) - raft.server.log.statemachine.data.sync.timeout = 10s (default)
2019-09-19 14:21:40,274 [pool-60-thread-1] INFO  server.RaftServerConfigKeys (ConfUtils.java:logGet(43)) - raft.server.log.statemachine.data.sync.timeout.retry = -1 (default)
2019-09-19 14:21:40,275 [pool-60-thread-1] INFO  server.RaftServerConfigKeys (ConfUtils.java:logGet(43)) - raft.server.log.statemachine.data.caching.enabled = true (custom)
2019-09-19 14:21:40,275 [pool-60-thread-1] INFO  segmented.SegmentedRaftLogWorker (SegmentedRaftLogWorker.java:lambda$new$0(132)) - 6403e584-2209-453b-b79e-eeb0a7b58516-SegmentedRaftLogWorker:Storage Directory /workdir/hadoop-ozone/integration-test/target/test-dir/MiniOzoneClusterImpl-210d6028-2152-4683-81ff-347b0d29bb13/datanode-3/data/ratis/59a6a4ed-be67-4336-8e8b-5f7b930d9b26: flushIndex: setUnconditionally 0 -> -1
2019-09-19 14:21:40,275 [pool-60-thread-1] INFO  server.RaftServerConfigKeys (ConfUtils.java:logGet(43)) - raft.server.snapshot.auto.trigger.enabled = true (custom)
2019-09-19 14:21:40,275 [pool-60-thread-1] INFO  server.RaftServerConfigKeys (ConfUtils.java:logGet(43)) - raft.server.snapshot.auto.trigger.threshold = 10000 (custom)
2019-09-19 14:21:40,276 [pool-60-thread-1] INFO  server.RaftServerConfigKeys (ConfUtils.java:logGet(43)) - raft.server.retrycache.expirytime = 600000ms (custom)
2019-09-19 14:21:40,276 [pool-60-thread-1] INFO  impl.RaftServerImpl (RaftServerImpl.java:start(180)) - 6403e584-2209-453b-b79e-eeb0a7b58516: start group-5F7B930D9B26
2019-09-19 14:21:40,276 [pool-60-thread-1] INFO  impl.RaftServerImpl (RaftServerImpl.java:setRole(171)) - 6403e584-2209-453b-b79e-eeb0a7b58516:group-5F7B930D9B26 changes role from null to FOLLOWER at term 0 for startAsFollower
2019-09-19 14:21:40,276 [pool-60-thread-1] INFO  impl.RoleInfo (RoleInfo.java:updateAndGet(143)) - 6403e584-2209-453b-b79e-eeb0a7b58516: start FollowerState
2019-09-19 14:21:40,276 [pool-60-thread-1] INFO  util.JmxRegister (JmxRegister.java:tryRegister(44)) - Successfully registered JMX Bean with object name Ratis:service=RaftServer,group=group-5F7B930D9B26,id=6403e584-2209-453b-b79e-eeb0a7b58516
2019-09-19 14:21:40,279 [RatisPipelineUtilsThread] INFO  pipeline.PipelineStateManager (PipelineStateManager.java:addPipeline(56)) - Created pipeline Pipeline[ Id: 59a6a4ed-be67-4336-8e8b-5f7b930d9b26, Nodes: 6403e584-2209-453b-b79e-eeb0a7b58516{ip: 192.168.157.226, host: pr-hdds-1569-swxfz-3172132826, networkLocation: /default-rack, certSerialId: null}, Type:RATIS, Factor:ONE, State:OPEN]
2019-09-19 14:21:40,283 [grpc-default-executor-2] INFO  impl.RaftServerProxy (RaftServerProxy.java:addNew(89)) - 85c6a9f3-b9a5-43a5-ac4f-9aa7bd5f2263: addNew group-C538689DB8CD:[85c6a9f3-b9a5-43a5-ac4f-9aa7bd5f2263:192.168.157.226:45170] returns group-C538689DB8CD:java.util.concurrent.CompletableFuture@7530c0dd[Not completed]
2019-09-19 14:21:40,284 [pool-27-thread-1] INFO  impl.RaftServerImpl (RaftServerImpl.java:<init>(93)) - 85c6a9f3-b9a5-43a5-ac4f-9aa7bd5f2263: new RaftServerImpl for group-C538689DB8CD:[85c6a9f3-b9a5-43a5-ac4f-9aa7bd5f2263:192.168.157.226:45170] with ContainerStateMachine:uninitialized
2019-09-19 14:21:40,284 [pool-27-thread-1] INFO  server.RaftServerConfigKeys (ConfUtils.java:logGet(43)) - raft.server.rpc.timeout.min = 5s (custom)
2019-09-19 14:21:40,285 [pool-27-thread-1] INFO  server.RaftServerConfigKeys (ConfUtils.java:logGet(43)) - raft.server.rpc.timeout.max = 5200ms (custom)
2019-09-19 14:21:40,285 [pool-27-thread-1] INFO  server.RaftServerConfigKeys (ConfUtils.java:logGet(43)) - raft.server.rpcslowness.timeout = 120s (custom)
2019-09-19 14:21:40,285 [pool-27-thread-1] INFO  server.RaftServerConfigKeys (ConfUtils.java:logGet(43)) - raft.server.sleep.deviation.threshold = 300 (default)
2019-09-19 14:21:40,285 [pool-27-thread-1] INFO  server.RaftServerConfigKeys (ConfUtils.java:logGet(43)) - raft.server.log.appender.install.snapshot.enabled = false (custom)
2019-09-19 14:21:40,285 [pool-27-thread-1] INFO  impl.RaftServerImpl (ServerState.java:<init>(105)) - 85c6a9f3-b9a5-43a5-ac4f-9aa7bd5f2263:group-C538689DB8CD ConfigurationManager, init=-1: [85c6a9f3-b9a5-43a5-ac4f-9aa7bd5f2263:192.168.157.226:45170], old=null, confs=<EMPTY_MAP>
2019-09-19 14:21:40,285 [pool-27-thread-1] INFO  server.RaftServerConfigKeys (ConfUtils.java:logGet(43)) - raft.server.storage.dir = [/workdir/hadoop-ozone/integration-test/target/test-dir/MiniOzoneClusterImpl-210d6028-2152-4683-81ff-347b0d29bb13/datanode-0/data/ratis] (custom)
2019-09-19 14:21:40,286 [pool-27-thread-1] INFO  storage.RaftStorageDirectory (RaftStorageDirectory.java:analyzeStorage(246)) - The storage directory /workdir/hadoop-ozone/integration-test/target/test-dir/MiniOzoneClusterImpl-210d6028-2152-4683-81ff-347b0d29bb13/datanode-0/data/ratis/bd4449dd-2c00-4c40-a48b-c538689db8cd does not exist. Creating ...
2019-09-19 14:21:40,298 [pool-27-thread-1] INFO  storage.RaftStorageDirectory (RaftStorageDirectory.java:tryLock(328)) - Lock on /workdir/hadoop-ozone/integration-test/target/test-dir/MiniOzoneClusterImpl-210d6028-2152-4683-81ff-347b0d29bb13/datanode-0/data/ratis/bd4449dd-2c00-4c40-a48b-c538689db8cd/in_use.lock acquired by nodename 16198@pr-hdds-1569-swxfz-3172132826
2019-09-19 14:21:40,311 [pool-27-thread-1] INFO  storage.RaftStorage (RaftStorage.java:format(72)) - Storage directory /workdir/hadoop-ozone/integration-test/target/test-dir/MiniOzoneClusterImpl-210d6028-2152-4683-81ff-347b0d29bb13/datanode-0/data/ratis/bd4449dd-2c00-4c40-a48b-c538689db8cd has been successfully formatted.
2019-09-19 14:21:40,311 [pool-27-thread-1] INFO  ratis.ContainerStateMachine (ContainerStateMachine.java:loadSnapshot(226)) - group-C538689DB8CD: The snapshot info is null. Setting the last applied indexto:(t:0, i:~)
2019-09-19 14:21:40,311 [pool-27-thread-1] INFO  server.RaftServerConfigKeys (ConfUtils.java:logGet(43)) - raft.server.leader.election.timeout = 120s (custom)
2019-09-19 14:21:40,311 [pool-27-thread-1] INFO  server.RaftServerConfigKeys (ConfUtils.java:logGet(43)) - raft.server.log.use.memory = false (default)
2019-09-19 14:21:40,312 [pool-27-thread-1] INFO  server.RaftServerConfigKeys (ConfUtils.java:logGet(43)) - raft.server.log.purge.gap = 1000000 (custom)
2019-09-19 14:21:40,312 [pool-27-thread-1] INFO  server.RaftServerConfigKeys (ConfUtils.java:logGet(43)) - raft.server.log.appender.buffer.byte-limit = 33554432 (custom)
2019-09-19 14:21:40,312 [pool-27-thread-1] INFO  server.RaftServerConfigKeys (ConfUtils.java:logGet(43)) - raft.server.log.segment.size.max = 1048576 (custom)
2019-09-19 14:21:40,312 [pool-27-thread-1] INFO  server.RaftServerConfigKeys (ConfUtils.java:logGet(43)) - raft.server.log.segment.cache.num.max = 2 (custom)
2019-09-19 14:21:40,312 [pool-27-thread-1] INFO  segmented.SegmentedRaftLogWorker (SegmentedRaftLogWorker.java:<init>(172)) - new 85c6a9f3-b9a5-43a5-ac4f-9aa7bd5f2263-SegmentedRaftLogWorker:Storage Directory /workdir/hadoop-ozone/integration-test/target/test-dir/MiniOzoneClusterImpl-210d6028-2152-4683-81ff-347b0d29bb13/datanode-0/data/ratis/bd4449dd-2c00-4c40-a48b-c538689db8cd for RaftStorage:Storage Directory /workdir/hadoop-ozone/integration-test/target/test-dir/MiniOzoneClusterImpl-210d6028-2152-4683-81ff-347b0d29bb13/datanode-0/data/ratis/bd4449dd-2c00-4c40-a48b-c538689db8cd
2019-09-19 14:21:40,312 [pool-27-thread-1] INFO  server.RaftServerConfigKeys (ConfUtils.java:logGet(43)) - raft.server.log.queue.byte-limit = 2147483647 (custom)
2019-09-19 14:21:40,312 [pool-27-thread-1] INFO  server.RaftServerConfigKeys (ConfUtils.java:logGet(43)) - raft.server.log.queue.element-limit = 1024 (custom)
2019-09-19 14:21:40,312 [pool-27-thread-1] INFO  server.RaftServerConfigKeys (ConfUtils.java:logGet(43)) - raft.server.log.segment.size.max = 1048576 (custom)
2019-09-19 14:21:40,313 [pool-27-thread-1] INFO  server.RaftServerConfigKeys (ConfUtils.java:logGet(43)) - raft.server.log.preallocated.size = 16384 (custom)
2019-09-19 14:21:40,313 [pool-27-thread-1] INFO  server.RaftServerConfigKeys (ConfUtils.java:logGet(43)) - raft.server.log.write.buffer.size = 33554432 (custom)
2019-09-19 14:21:40,313 [pool-27-thread-1] INFO  server.RaftServerConfigKeys (ConfUtils.java:logGet(43)) - raft.server.log.force.sync.num = 128 (default)
2019-09-19 14:21:40,313 [pool-27-thread-1] INFO  server.RaftServerConfigKeys (ConfUtils.java:logGet(43)) - raft.server.log.statemachine.data.sync = true (default)
2019-09-19 14:21:40,313 [pool-27-thread-1] INFO  server.RaftServerConfigKeys (ConfUtils.java:logGet(43)) - raft.server.log.statemachine.data.sync.timeout = 10s (default)
2019-09-19 14:21:40,313 [pool-27-thread-1] INFO  server.RaftServerConfigKeys (ConfUtils.java:logGet(43)) - raft.server.log.statemachine.data.sync.timeout.retry = -1 (default)
2019-09-19 14:21:40,313 [pool-27-thread-1] INFO  server.RaftServerConfigKeys (ConfUtils.java:logGet(43)) - raft.server.log.statemachine.data.caching.enabled = true (custom)
2019-09-19 14:21:40,313 [pool-27-thread-1] INFO  segmented.SegmentedRaftLogWorker (SegmentedRaftLogWorker.java:lambda$new$0(132)) - 85c6a9f3-b9a5-43a5-ac4f-9aa7bd5f2263-SegmentedRaftLogWorker:Storage Directory /workdir/hadoop-ozone/integration-test/target/test-dir/MiniOzoneClusterImpl-210d6028-2152-4683-81ff-347b0d29bb13/datanode-0/data/ratis/bd4449dd-2c00-4c40-a48b-c538689db8cd: flushIndex: setUnconditionally 0 -> -1
2019-09-19 14:21:40,314 [pool-27-thread-1] INFO  server.RaftServerConfigKeys (ConfUtils.java:logGet(43)) - raft.server.snapshot.auto.trigger.enabled = true (custom)
2019-09-19 14:21:40,314 [pool-27-thread-1] INFO  server.RaftServerConfigKeys (ConfUtils.java:logGet(43)) - raft.server.snapshot.auto.trigger.threshold = 10000 (custom)
2019-09-19 14:21:40,314 [pool-27-thread-1] INFO  server.RaftServerConfigKeys (ConfUtils.java:logGet(43)) - raft.server.retrycache.expirytime = 600000ms (custom)
2019-09-19 14:21:40,314 [pool-27-thread-1] INFO  impl.RaftServerImpl (RaftServerImpl.java:start(180)) - 85c6a9f3-b9a5-43a5-ac4f-9aa7bd5f2263: start group-C538689DB8CD
2019-09-19 14:21:40,314 [pool-27-thread-1] INFO  impl.RaftServerImpl (RaftServerImpl.java:setRole(171)) - 85c6a9f3-b9a5-43a5-ac4f-9aa7bd5f2263:group-C538689DB8CD changes role from null to FOLLOWER at term 0 for startAsFollower
2019-09-19 14:21:40,314 [pool-27-thread-1] INFO  impl.RoleInfo (RoleInfo.java:updateAndGet(143)) - 85c6a9f3-b9a5-43a5-ac4f-9aa7bd5f2263: start FollowerState
2019-09-19 14:21:40,315 [pool-27-thread-1] INFO  util.JmxRegister (JmxRegister.java:tryRegister(44)) - Successfully registered JMX Bean with object name Ratis:service=RaftServer,group=group-C538689DB8CD,id=85c6a9f3-b9a5-43a5-ac4f-9aa7bd5f2263
2019-09-19 14:21:40,317 [RatisPipelineUtilsThread] INFO  pipeline.PipelineStateManager (PipelineStateManager.java:addPipeline(56)) - Created pipeline Pipeline[ Id: bd4449dd-2c00-4c40-a48b-c538689db8cd, Nodes: 85c6a9f3-b9a5-43a5-ac4f-9aa7bd5f2263{ip: 192.168.157.226, host: pr-hdds-1569-swxfz-3172132826, networkLocation: /default-rack, certSerialId: null}, Type:RATIS, Factor:ONE, State:OPEN]
2019-09-19 14:21:40,321 [grpc-default-executor-2] INFO  impl.RaftServerProxy (RaftServerProxy.java:addNew(89)) - 1190b9a7-12b1-4c15-b33e-f7d0a0cd436c: addNew group-9EB942FC9E99:[1190b9a7-12b1-4c15-b33e-f7d0a0cd436c:192.168.157.226:34463] returns group-9EB942FC9E99:java.util.concurrent.CompletableFuture@9178f1b[Not completed]
2019-09-19 14:21:40,322 [pool-71-thread-1] INFO  impl.RaftServerImpl (RaftServerImpl.java:<init>(93)) - 1190b9a7-12b1-4c15-b33e-f7d0a0cd436c: new RaftServerImpl for group-9EB942FC9E99:[1190b9a7-12b1-4c15-b33e-f7d0a0cd436c:192.168.157.226:34463] with ContainerStateMachine:uninitialized
2019-09-19 14:21:40,322 [pool-71-thread-1] INFO  server.RaftServerConfigKeys (ConfUtils.java:logGet(43)) - raft.server.rpc.timeout.min = 5s (custom)
2019-09-19 14:21:40,322 [pool-71-thread-1] INFO  server.RaftServerConfigKeys (ConfUtils.java:logGet(43)) - raft.server.rpc.timeout.max = 5200ms (custom)
2019-09-19 14:21:40,322 [pool-71-thread-1] INFO  server.RaftServerConfigKeys (ConfUtils.java:logGet(43)) - raft.server.rpcslowness.timeout = 120s (custom)
2019-09-19 14:21:40,323 [pool-71-thread-1] INFO  server.RaftServerConfigKeys (ConfUtils.java:logGet(43)) - raft.server.sleep.deviation.threshold = 300 (default)
2019-09-19 14:21:40,323 [pool-71-thread-1] INFO  server.RaftServerConfigKeys (ConfUtils.java:logGet(43)) - raft.server.log.appender.install.snapshot.enabled = false (custom)
2019-09-19 14:21:40,323 [pool-71-thread-1] INFO  impl.RaftServerImpl (ServerState.java:<init>(105)) - 1190b9a7-12b1-4c15-b33e-f7d0a0cd436c:group-9EB942FC9E99 ConfigurationManager, init=-1: [1190b9a7-12b1-4c15-b33e-f7d0a0cd436c:192.168.157.226:34463], old=null, confs=<EMPTY_MAP>
2019-09-19 14:21:40,323 [pool-71-thread-1] INFO  server.RaftServerConfigKeys (ConfUtils.java:logGet(43)) - raft.server.storage.dir = [/workdir/hadoop-ozone/integration-test/target/test-dir/MiniOzoneClusterImpl-210d6028-2152-4683-81ff-347b0d29bb13/datanode-4/data/ratis] (custom)
2019-09-19 14:21:40,323 [pool-71-thread-1] INFO  storage.RaftStorageDirectory (RaftStorageDirectory.java:analyzeStorage(246)) - The storage directory /workdir/hadoop-ozone/integration-test/target/test-dir/MiniOzoneClusterImpl-210d6028-2152-4683-81ff-347b0d29bb13/datanode-4/data/ratis/f50ebf51-4b2a-4369-b91f-9eb942fc9e99 does not exist. Creating ...
2019-09-19 14:21:40,336 [pool-71-thread-1] INFO  storage.RaftStorageDirectory (RaftStorageDirectory.java:tryLock(328)) - Lock on /workdir/hadoop-ozone/integration-test/target/test-dir/MiniOzoneClusterImpl-210d6028-2152-4683-81ff-347b0d29bb13/datanode-4/data/ratis/f50ebf51-4b2a-4369-b91f-9eb942fc9e99/in_use.lock acquired by nodename 16198@pr-hdds-1569-swxfz-3172132826
2019-09-19 14:21:40,348 [pool-71-thread-1] INFO  storage.RaftStorage (RaftStorage.java:format(72)) - Storage directory /workdir/hadoop-ozone/integration-test/target/test-dir/MiniOzoneClusterImpl-210d6028-2152-4683-81ff-347b0d29bb13/datanode-4/data/ratis/f50ebf51-4b2a-4369-b91f-9eb942fc9e99 has been successfully formatted.
2019-09-19 14:21:40,348 [pool-71-thread-1] INFO  ratis.ContainerStateMachine (ContainerStateMachine.java:loadSnapshot(226)) - group-9EB942FC9E99: The snapshot info is null. Setting the last applied indexto:(t:0, i:~)
2019-09-19 14:21:40,348 [pool-71-thread-1] INFO  server.RaftServerConfigKeys (ConfUtils.java:logGet(43)) - raft.server.leader.election.timeout = 120s (custom)
2019-09-19 14:21:40,349 [pool-71-thread-1] INFO  server.RaftServerConfigKeys (ConfUtils.java:logGet(43)) - raft.server.log.use.memory = false (default)
2019-09-19 14:21:40,349 [pool-71-thread-1] INFO  server.RaftServerConfigKeys (ConfUtils.java:logGet(43)) - raft.server.log.purge.gap = 1000000 (custom)
2019-09-19 14:21:40,349 [pool-71-thread-1] INFO  server.RaftServerConfigKeys (ConfUtils.java:logGet(43)) - raft.server.log.appender.buffer.byte-limit = 33554432 (custom)
2019-09-19 14:21:40,349 [pool-71-thread-1] INFO  server.RaftServerConfigKeys (ConfUtils.java:logGet(43)) - raft.server.log.segment.size.max = 1048576 (custom)
2019-09-19 14:21:40,349 [pool-71-thread-1] INFO  server.RaftServerConfigKeys (ConfUtils.java:logGet(43)) - raft.server.log.segment.cache.num.max = 2 (custom)
2019-09-19 14:21:40,349 [pool-71-thread-1] INFO  segmented.SegmentedRaftLogWorker (SegmentedRaftLogWorker.java:<init>(172)) - new 1190b9a7-12b1-4c15-b33e-f7d0a0cd436c-SegmentedRaftLogWorker:Storage Directory /workdir/hadoop-ozone/integration-test/target/test-dir/MiniOzoneClusterImpl-210d6028-2152-4683-81ff-347b0d29bb13/datanode-4/data/ratis/f50ebf51-4b2a-4369-b91f-9eb942fc9e99 for RaftStorage:Storage Directory /workdir/hadoop-ozone/integration-test/target/test-dir/MiniOzoneClusterImpl-210d6028-2152-4683-81ff-347b0d29bb13/datanode-4/data/ratis/f50ebf51-4b2a-4369-b91f-9eb942fc9e99
2019-09-19 14:21:40,349 [pool-71-thread-1] INFO  server.RaftServerConfigKeys (ConfUtils.java:logGet(43)) - raft.server.log.queue.byte-limit = 2147483647 (custom)
2019-09-19 14:21:40,349 [pool-71-thread-1] INFO  server.RaftServerConfigKeys (ConfUtils.java:logGet(43)) - raft.server.log.queue.element-limit = 1024 (custom)
2019-09-19 14:21:40,350 [pool-71-thread-1] INFO  server.RaftServerConfigKeys (ConfUtils.java:logGet(43)) - raft.server.log.segment.size.max = 1048576 (custom)
2019-09-19 14:21:40,350 [pool-71-thread-1] INFO  server.RaftServerConfigKeys (ConfUtils.java:logGet(43)) - raft.server.log.preallocated.size = 16384 (custom)
2019-09-19 14:21:40,350 [pool-71-thread-1] INFO  server.RaftServerConfigKeys (ConfUtils.java:logGet(43)) - raft.server.log.write.buffer.size = 33554432 (custom)
2019-09-19 14:21:40,350 [pool-71-thread-1] INFO  server.RaftServerConfigKeys (ConfUtils.java:logGet(43)) - raft.server.log.force.sync.num = 128 (default)
2019-09-19 14:21:40,350 [pool-71-thread-1] INFO  server.RaftServerConfigKeys (ConfUtils.java:logGet(43)) - raft.server.log.statemachine.data.sync = true (default)
2019-09-19 14:21:40,350 [pool-71-thread-1] INFO  server.RaftServerConfigKeys (ConfUtils.java:logGet(43)) - raft.server.log.statemachine.data.sync.timeout = 10s (default)
2019-09-19 14:21:40,350 [pool-71-thread-1] INFO  server.RaftServerConfigKeys (ConfUtils.java:logGet(43)) - raft.server.log.statemachine.data.sync.timeout.retry = -1 (default)
2019-09-19 14:21:40,350 [pool-71-thread-1] INFO  server.RaftServerConfigKeys (ConfUtils.java:logGet(43)) - raft.server.log.statemachine.data.caching.enabled = true (custom)
2019-09-19 14:21:40,351 [pool-71-thread-1] INFO  segmented.SegmentedRaftLogWorker (SegmentedRaftLogWorker.java:lambda$new$0(132)) - 1190b9a7-12b1-4c15-b33e-f7d0a0cd436c-SegmentedRaftLogWorker:Storage Directory /workdir/hadoop-ozone/integration-test/target/test-dir/MiniOzoneClusterImpl-210d6028-2152-4683-81ff-347b0d29bb13/datanode-4/data/ratis/f50ebf51-4b2a-4369-b91f-9eb942fc9e99: flushIndex: setUnconditionally 0 -> -1
2019-09-19 14:21:40,351 [pool-71-thread-1] INFO  server.RaftServerConfigKeys (ConfUtils.java:logGet(43)) - raft.server.snapshot.auto.trigger.enabled = true (custom)
2019-09-19 14:21:40,351 [pool-71-thread-1] INFO  server.RaftServerConfigKeys (ConfUtils.java:logGet(43)) - raft.server.snapshot.auto.trigger.threshold = 10000 (custom)
2019-09-19 14:21:40,351 [pool-71-thread-1] INFO  server.RaftServerConfigKeys (ConfUtils.java:logGet(43)) - raft.server.retrycache.expirytime = 600000ms (custom)
2019-09-19 14:21:40,351 [pool-71-thread-1] INFO  impl.RaftServerImpl (RaftServerImpl.java:start(180)) - 1190b9a7-12b1-4c15-b33e-f7d0a0cd436c: start group-9EB942FC9E99
2019-09-19 14:21:40,351 [pool-71-thread-1] INFO  impl.RaftServerImpl (RaftServerImpl.java:setRole(171)) - 1190b9a7-12b1-4c15-b33e-f7d0a0cd436c:group-9EB942FC9E99 changes role from null to FOLLOWER at term 0 for startAsFollower
2019-09-19 14:21:40,351 [pool-71-thread-1] INFO  impl.RoleInfo (RoleInfo.java:updateAndGet(143)) - 1190b9a7-12b1-4c15-b33e-f7d0a0cd436c: start FollowerState
2019-09-19 14:21:40,352 [pool-71-thread-1] INFO  util.JmxRegister (JmxRegister.java:tryRegister(44)) - Successfully registered JMX Bean with object name Ratis:service=RaftServer,group=group-9EB942FC9E99,id=1190b9a7-12b1-4c15-b33e-f7d0a0cd436c
2019-09-19 14:21:40,354 [RatisPipelineUtilsThread] INFO  pipeline.PipelineStateManager (PipelineStateManager.java:addPipeline(56)) - Created pipeline Pipeline[ Id: f50ebf51-4b2a-4369-b91f-9eb942fc9e99, Nodes: 1190b9a7-12b1-4c15-b33e-f7d0a0cd436c{ip: 192.168.157.226, host: pr-hdds-1569-swxfz-3172132826, networkLocation: /default-rack, certSerialId: null}, Type:RATIS, Factor:ONE, State:OPEN]
2019-09-19 14:21:40,358 [grpc-default-executor-2] INFO  impl.RaftServerProxy (RaftServerProxy.java:addNew(89)) - 306a7a99-f2a5-4f40-b42b-2fc2def08a6a: addNew group-5EABEA0C3A9A:[306a7a99-f2a5-4f40-b42b-2fc2def08a6a:192.168.157.226:42633] returns group-5EABEA0C3A9A:java.util.concurrent.CompletableFuture@7fd51ea2[Not completed]
2019-09-19 14:21:40,359 [pool-49-thread-1] INFO  impl.RaftServerImpl (RaftServerImpl.java:<init>(93)) - 306a7a99-f2a5-4f40-b42b-2fc2def08a6a: new RaftServerImpl for group-5EABEA0C3A9A:[306a7a99-f2a5-4f40-b42b-2fc2def08a6a:192.168.157.226:42633] with ContainerStateMachine:uninitialized
2019-09-19 14:21:40,360 [pool-49-thread-1] INFO  server.RaftServerConfigKeys (ConfUtils.java:logGet(43)) - raft.server.rpc.timeout.min = 5s (custom)
2019-09-19 14:21:40,360 [pool-49-thread-1] INFO  server.RaftServerConfigKeys (ConfUtils.java:logGet(43)) - raft.server.rpc.timeout.max = 5200ms (custom)
2019-09-19 14:21:40,360 [pool-49-thread-1] INFO  server.RaftServerConfigKeys (ConfUtils.java:logGet(43)) - raft.server.rpcslowness.timeout = 120s (custom)
2019-09-19 14:21:40,360 [pool-49-thread-1] INFO  server.RaftServerConfigKeys (ConfUtils.java:logGet(43)) - raft.server.sleep.deviation.threshold = 300 (default)
2019-09-19 14:21:40,360 [pool-49-thread-1] INFO  server.RaftServerConfigKeys (ConfUtils.java:logGet(43)) - raft.server.log.appender.install.snapshot.enabled = false (custom)
2019-09-19 14:21:40,360 [pool-49-thread-1] INFO  impl.RaftServerImpl (ServerState.java:<init>(105)) - 306a7a99-f2a5-4f40-b42b-2fc2def08a6a:group-5EABEA0C3A9A ConfigurationManager, init=-1: [306a7a99-f2a5-4f40-b42b-2fc2def08a6a:192.168.157.226:42633], old=null, confs=<EMPTY_MAP>
2019-09-19 14:21:40,360 [pool-49-thread-1] INFO  server.RaftServerConfigKeys (ConfUtils.java:logGet(43)) - raft.server.storage.dir = [/workdir/hadoop-ozone/integration-test/target/test-dir/MiniOzoneClusterImpl-210d6028-2152-4683-81ff-347b0d29bb13/datanode-2/data/ratis] (custom)
2019-09-19 14:21:40,361 [pool-49-thread-1] INFO  storage.RaftStorageDirectory (RaftStorageDirectory.java:analyzeStorage(246)) - The storage directory /workdir/hadoop-ozone/integration-test/target/test-dir/MiniOzoneClusterImpl-210d6028-2152-4683-81ff-347b0d29bb13/datanode-2/data/ratis/0fe01f2e-5e07-4f1b-8ec4-5eabea0c3a9a does not exist. Creating ...
2019-09-19 14:21:40,374 [pool-49-thread-1] INFO  storage.RaftStorageDirectory (RaftStorageDirectory.java:tryLock(328)) - Lock on /workdir/hadoop-ozone/integration-test/target/test-dir/MiniOzoneClusterImpl-210d6028-2152-4683-81ff-347b0d29bb13/datanode-2/data/ratis/0fe01f2e-5e07-4f1b-8ec4-5eabea0c3a9a/in_use.lock acquired by nodename 16198@pr-hdds-1569-swxfz-3172132826
2019-09-19 14:21:40,387 [pool-49-thread-1] INFO  storage.RaftStorage (RaftStorage.java:format(72)) - Storage directory /workdir/hadoop-ozone/integration-test/target/test-dir/MiniOzoneClusterImpl-210d6028-2152-4683-81ff-347b0d29bb13/datanode-2/data/ratis/0fe01f2e-5e07-4f1b-8ec4-5eabea0c3a9a has been successfully formatted.
2019-09-19 14:21:40,387 [pool-49-thread-1] INFO  ratis.ContainerStateMachine (ContainerStateMachine.java:loadSnapshot(226)) - group-5EABEA0C3A9A: The snapshot info is null. Setting the last applied indexto:(t:0, i:~)
2019-09-19 14:21:40,387 [pool-49-thread-1] INFO  server.RaftServerConfigKeys (ConfUtils.java:logGet(43)) - raft.server.leader.election.timeout = 120s (custom)
2019-09-19 14:21:40,387 [pool-49-thread-1] INFO  server.RaftServerConfigKeys (ConfUtils.java:logGet(43)) - raft.server.log.use.memory = false (default)
2019-09-19 14:21:40,388 [pool-49-thread-1] INFO  server.RaftServerConfigKeys (ConfUtils.java:logGet(43)) - raft.server.log.purge.gap = 1000000 (custom)
2019-09-19 14:21:40,388 [pool-49-thread-1] INFO  server.RaftServerConfigKeys (ConfUtils.java:logGet(43)) - raft.server.log.appender.buffer.byte-limit = 33554432 (custom)
2019-09-19 14:21:40,388 [pool-49-thread-1] INFO  server.RaftServerConfigKeys (ConfUtils.java:logGet(43)) - raft.server.log.segment.size.max = 1048576 (custom)
2019-09-19 14:21:40,388 [pool-49-thread-1] INFO  server.RaftServerConfigKeys (ConfUtils.java:logGet(43)) - raft.server.log.segment.cache.num.max = 2 (custom)
2019-09-19 14:21:40,388 [pool-49-thread-1] INFO  segmented.SegmentedRaftLogWorker (SegmentedRaftLogWorker.java:<init>(172)) - new 306a7a99-f2a5-4f40-b42b-2fc2def08a6a-SegmentedRaftLogWorker:Storage Directory /workdir/hadoop-ozone/integration-test/target/test-dir/MiniOzoneClusterImpl-210d6028-2152-4683-81ff-347b0d29bb13/datanode-2/data/ratis/0fe01f2e-5e07-4f1b-8ec4-5eabea0c3a9a for RaftStorage:Storage Directory /workdir/hadoop-ozone/integration-test/target/test-dir/MiniOzoneClusterImpl-210d6028-2152-4683-81ff-347b0d29bb13/datanode-2/data/ratis/0fe01f2e-5e07-4f1b-8ec4-5eabea0c3a9a
2019-09-19 14:21:40,388 [pool-49-thread-1] INFO  server.RaftServerConfigKeys (ConfUtils.java:logGet(43)) - raft.server.log.queue.byte-limit = 2147483647 (custom)
2019-09-19 14:21:40,388 [pool-49-thread-1] INFO  server.RaftServerConfigKeys (ConfUtils.java:logGet(43)) - raft.server.log.queue.element-limit = 1024 (custom)
2019-09-19 14:21:40,389 [pool-49-thread-1] INFO  server.RaftServerConfigKeys (ConfUtils.java:logGet(43)) - raft.server.log.segment.size.max = 1048576 (custom)
2019-09-19 14:21:40,389 [pool-49-thread-1] INFO  server.RaftServerConfigKeys (ConfUtils.java:logGet(43)) - raft.server.log.preallocated.size = 16384 (custom)
2019-09-19 14:21:40,389 [pool-49-thread-1] INFO  server.RaftServerConfigKeys (ConfUtils.java:logGet(43)) - raft.server.log.write.buffer.size = 33554432 (custom)
2019-09-19 14:21:40,389 [pool-49-thread-1] INFO  server.RaftServerConfigKeys (ConfUtils.java:logGet(43)) - raft.server.log.force.sync.num = 128 (default)
2019-09-19 14:21:40,389 [pool-49-thread-1] INFO  server.RaftServerConfigKeys (ConfUtils.java:logGet(43)) - raft.server.log.statemachine.data.sync = true (default)
2019-09-19 14:21:40,389 [pool-49-thread-1] INFO  server.RaftServerConfigKeys (ConfUtils.java:logGet(43)) - raft.server.log.statemachine.data.sync.timeout = 10s (default)
2019-09-19 14:21:40,389 [pool-49-thread-1] INFO  server.RaftServerConfigKeys (ConfUtils.java:logGet(43)) - raft.server.log.statemachine.data.sync.timeout.retry = -1 (default)
2019-09-19 14:21:40,390 [pool-49-thread-1] INFO  server.RaftServerConfigKeys (ConfUtils.java:logGet(43)) - raft.server.log.statemachine.data.caching.enabled = true (custom)
2019-09-19 14:21:40,390 [pool-49-thread-1] INFO  segmented.SegmentedRaftLogWorker (SegmentedRaftLogWorker.java:lambda$new$0(132)) - 306a7a99-f2a5-4f40-b42b-2fc2def08a6a-SegmentedRaftLogWorker:Storage Directory /workdir/hadoop-ozone/integration-test/target/test-dir/MiniOzoneClusterImpl-210d6028-2152-4683-81ff-347b0d29bb13/datanode-2/data/ratis/0fe01f2e-5e07-4f1b-8ec4-5eabea0c3a9a: flushIndex: setUnconditionally 0 -> -1
2019-09-19 14:21:40,390 [pool-49-thread-1] INFO  server.RaftServerConfigKeys (ConfUtils.java:logGet(43)) - raft.server.snapshot.auto.trigger.enabled = true (custom)
2019-09-19 14:21:40,390 [pool-49-thread-1] INFO  server.RaftServerConfigKeys (ConfUtils.java:logGet(43)) - raft.server.snapshot.auto.trigger.threshold = 10000 (custom)
2019-09-19 14:21:40,390 [pool-49-thread-1] INFO  server.RaftServerConfigKeys (ConfUtils.java:logGet(43)) - raft.server.retrycache.expirytime = 600000ms (custom)
2019-09-19 14:21:40,391 [pool-49-thread-1] INFO  impl.RaftServerImpl (RaftServerImpl.java:start(180)) - 306a7a99-f2a5-4f40-b42b-2fc2def08a6a: start group-5EABEA0C3A9A
2019-09-19 14:21:40,391 [pool-49-thread-1] INFO  impl.RaftServerImpl (RaftServerImpl.java:setRole(171)) - 306a7a99-f2a5-4f40-b42b-2fc2def08a6a:group-5EABEA0C3A9A changes role from null to FOLLOWER at term 0 for startAsFollower
2019-09-19 14:21:40,391 [pool-49-thread-1] INFO  impl.RoleInfo (RoleInfo.java:updateAndGet(143)) - 306a7a99-f2a5-4f40-b42b-2fc2def08a6a: start FollowerState
2019-09-19 14:21:40,391 [pool-49-thread-1] INFO  util.JmxRegister (JmxRegister.java:tryRegister(44)) - Successfully registered JMX Bean with object name Ratis:service=RaftServer,group=group-5EABEA0C3A9A,id=306a7a99-f2a5-4f40-b42b-2fc2def08a6a
2019-09-19 14:21:40,394 [RatisPipelineUtilsThread] INFO  pipeline.PipelineStateManager (PipelineStateManager.java:addPipeline(56)) - Created pipeline Pipeline[ Id: 0fe01f2e-5e07-4f1b-8ec4-5eabea0c3a9a, Nodes: 306a7a99-f2a5-4f40-b42b-2fc2def08a6a{ip: 192.168.157.226, host: pr-hdds-1569-swxfz-3172132826, networkLocation: /default-rack, certSerialId: null}, Type:RATIS, Factor:ONE, State:OPEN]
2019-09-19 14:21:40,398 [grpc-default-executor-2] INFO  impl.RaftServerProxy (RaftServerProxy.java:addNew(89)) - 6403e584-2209-453b-b79e-eeb0a7b58516: addNew group-8E3F95F61C0C:[6403e584-2209-453b-b79e-eeb0a7b58516:192.168.157.226:35833] returns group-8E3F95F61C0C:java.util.concurrent.CompletableFuture@58f46e8b[Not completed]
2019-09-19 14:21:40,399 [pool-60-thread-1] INFO  impl.RaftServerImpl (RaftServerImpl.java:<init>(93)) - 6403e584-2209-453b-b79e-eeb0a7b58516: new RaftServerImpl for group-8E3F95F61C0C:[6403e584-2209-453b-b79e-eeb0a7b58516:192.168.157.226:35833] with ContainerStateMachine:uninitialized
2019-09-19 14:21:40,399 [pool-60-thread-1] INFO  server.RaftServerConfigKeys (ConfUtils.java:logGet(43)) - raft.server.rpc.timeout.min = 5s (custom)
2019-09-19 14:21:40,400 [pool-60-thread-1] INFO  server.RaftServerConfigKeys (ConfUtils.java:logGet(43)) - raft.server.rpc.timeout.max = 5200ms (custom)
2019-09-19 14:21:40,400 [pool-60-thread-1] INFO  server.RaftServerConfigKeys (ConfUtils.java:logGet(43)) - raft.server.rpcslowness.timeout = 120s (custom)
2019-09-19 14:21:40,400 [pool-60-thread-1] INFO  server.RaftServerConfigKeys (ConfUtils.java:logGet(43)) - raft.server.sleep.deviation.threshold = 300 (default)
2019-09-19 14:21:40,400 [pool-60-thread-1] INFO  server.RaftServerConfigKeys (ConfUtils.java:logGet(43)) - raft.server.log.appender.install.snapshot.enabled = false (custom)
2019-09-19 14:21:40,400 [pool-60-thread-1] INFO  impl.RaftServerImpl (ServerState.java:<init>(105)) - 6403e584-2209-453b-b79e-eeb0a7b58516:group-8E3F95F61C0C ConfigurationManager, init=-1: [6403e584-2209-453b-b79e-eeb0a7b58516:192.168.157.226:35833], old=null, confs=<EMPTY_MAP>
2019-09-19 14:21:40,400 [pool-60-thread-1] INFO  server.RaftServerConfigKeys (ConfUtils.java:logGet(43)) - raft.server.storage.dir = [/workdir/hadoop-ozone/integration-test/target/test-dir/MiniOzoneClusterImpl-210d6028-2152-4683-81ff-347b0d29bb13/datanode-3/data/ratis] (custom)
2019-09-19 14:21:40,401 [pool-60-thread-1] INFO  storage.RaftStorageDirectory (RaftStorageDirectory.java:analyzeStorage(246)) - The storage directory /workdir/hadoop-ozone/integration-test/target/test-dir/MiniOzoneClusterImpl-210d6028-2152-4683-81ff-347b0d29bb13/datanode-3/data/ratis/b1a9101b-e28e-4227-a49c-8e3f95f61c0c does not exist. Creating ...
2019-09-19 14:21:40,414 [pool-60-thread-1] INFO  storage.RaftStorageDirectory (RaftStorageDirectory.java:tryLock(328)) - Lock on /workdir/hadoop-ozone/integration-test/target/test-dir/MiniOzoneClusterImpl-210d6028-2152-4683-81ff-347b0d29bb13/datanode-3/data/ratis/b1a9101b-e28e-4227-a49c-8e3f95f61c0c/in_use.lock acquired by nodename 16198@pr-hdds-1569-swxfz-3172132826
2019-09-19 14:21:40,434 [pool-60-thread-1] INFO  storage.RaftStorage (RaftStorage.java:format(72)) - Storage directory /workdir/hadoop-ozone/integration-test/target/test-dir/MiniOzoneClusterImpl-210d6028-2152-4683-81ff-347b0d29bb13/datanode-3/data/ratis/b1a9101b-e28e-4227-a49c-8e3f95f61c0c has been successfully formatted.
2019-09-19 14:21:40,434 [pool-60-thread-1] INFO  ratis.ContainerStateMachine (ContainerStateMachine.java:loadSnapshot(226)) - group-8E3F95F61C0C: The snapshot info is null. Setting the last applied indexto:(t:0, i:~)
2019-09-19 14:21:40,434 [pool-60-thread-1] INFO  server.RaftServerConfigKeys (ConfUtils.java:logGet(43)) - raft.server.leader.election.timeout = 120s (custom)
2019-09-19 14:21:40,434 [pool-60-thread-1] INFO  server.RaftServerConfigKeys (ConfUtils.java:logGet(43)) - raft.server.log.use.memory = false (default)
2019-09-19 14:21:40,434 [pool-60-thread-1] INFO  server.RaftServerConfigKeys (ConfUtils.java:logGet(43)) - raft.server.log.purge.gap = 1000000 (custom)
2019-09-19 14:21:40,435 [pool-60-thread-1] INFO  server.RaftServerConfigKeys (ConfUtils.java:logGet(43)) - raft.server.log.appender.buffer.byte-limit = 33554432 (custom)
2019-09-19 14:21:40,435 [pool-60-thread-1] INFO  server.RaftServerConfigKeys (ConfUtils.java:logGet(43)) - raft.server.log.segment.size.max = 1048576 (custom)
2019-09-19 14:21:40,435 [pool-60-thread-1] INFO  server.RaftServerConfigKeys (ConfUtils.java:logGet(43)) - raft.server.log.segment.cache.num.max = 2 (custom)
2019-09-19 14:21:40,435 [pool-60-thread-1] INFO  segmented.SegmentedRaftLogWorker (SegmentedRaftLogWorker.java:<init>(172)) - new 6403e584-2209-453b-b79e-eeb0a7b58516-SegmentedRaftLogWorker:Storage Directory /workdir/hadoop-ozone/integration-test/target/test-dir/MiniOzoneClusterImpl-210d6028-2152-4683-81ff-347b0d29bb13/datanode-3/data/ratis/b1a9101b-e28e-4227-a49c-8e3f95f61c0c for RaftStorage:Storage Directory /workdir/hadoop-ozone/integration-test/target/test-dir/MiniOzoneClusterImpl-210d6028-2152-4683-81ff-347b0d29bb13/datanode-3/data/ratis/b1a9101b-e28e-4227-a49c-8e3f95f61c0c
2019-09-19 14:21:40,435 [pool-60-thread-1] INFO  server.RaftServerConfigKeys (ConfUtils.java:logGet(43)) - raft.server.log.queue.byte-limit = 2147483647 (custom)
2019-09-19 14:21:40,435 [pool-60-thread-1] INFO  server.RaftServerConfigKeys (ConfUtils.java:logGet(43)) - raft.server.log.queue.element-limit = 1024 (custom)
2019-09-19 14:21:40,436 [pool-60-thread-1] INFO  server.RaftServerConfigKeys (ConfUtils.java:logGet(43)) - raft.server.log.segment.size.max = 1048576 (custom)
2019-09-19 14:21:40,436 [pool-60-thread-1] INFO  server.RaftServerConfigKeys (ConfUtils.java:logGet(43)) - raft.server.log.preallocated.size = 16384 (custom)
2019-09-19 14:21:40,436 [pool-60-thread-1] INFO  server.RaftServerConfigKeys (ConfUtils.java:logGet(43)) - raft.server.log.write.buffer.size = 33554432 (custom)
2019-09-19 14:21:40,436 [pool-60-thread-1] INFO  server.RaftServerConfigKeys (ConfUtils.java:logGet(43)) - raft.server.log.force.sync.num = 128 (default)
2019-09-19 14:21:40,436 [pool-60-thread-1] INFO  server.RaftServerConfigKeys (ConfUtils.java:logGet(43)) - raft.server.log.statemachine.data.sync = true (default)
2019-09-19 14:21:40,436 [pool-60-thread-1] INFO  server.RaftServerConfigKeys (ConfUtils.java:logGet(43)) - raft.server.log.statemachine.data.sync.timeout = 10s (default)
2019-09-19 14:21:40,436 [pool-60-thread-1] INFO  server.RaftServerConfigKeys (ConfUtils.java:logGet(43)) - raft.server.log.statemachine.data.sync.timeout.retry = -1 (default)
2019-09-19 14:21:40,437 [pool-60-thread-1] INFO  server.RaftServerConfigKeys (ConfUtils.java:logGet(43)) - raft.server.log.statemachine.data.caching.enabled = true (custom)
2019-09-19 14:21:40,437 [pool-60-thread-1] INFO  segmented.SegmentedRaftLogWorker (SegmentedRaftLogWorker.java:lambda$new$0(132)) - 6403e584-2209-453b-b79e-eeb0a7b58516-SegmentedRaftLogWorker:Storage Directory /workdir/hadoop-ozone/integration-test/target/test-dir/MiniOzoneClusterImpl-210d6028-2152-4683-81ff-347b0d29bb13/datanode-3/data/ratis/b1a9101b-e28e-4227-a49c-8e3f95f61c0c: flushIndex: setUnconditionally 0 -> -1
2019-09-19 14:21:40,437 [pool-60-thread-1] INFO  server.RaftServerConfigKeys (ConfUtils.java:logGet(43)) - raft.server.snapshot.auto.trigger.enabled = true (custom)
2019-09-19 14:21:40,437 [pool-60-thread-1] INFO  server.RaftServerConfigKeys (ConfUtils.java:logGet(43)) - raft.server.snapshot.auto.trigger.threshold = 10000 (custom)
2019-09-19 14:21:40,438 [pool-60-thread-1] INFO  server.RaftServerConfigKeys (ConfUtils.java:logGet(43)) - raft.server.retrycache.expirytime = 600000ms (custom)
2019-09-19 14:21:40,438 [pool-60-thread-1] INFO  impl.RaftServerImpl (RaftServerImpl.java:start(180)) - 6403e584-2209-453b-b79e-eeb0a7b58516: start group-8E3F95F61C0C
2019-09-19 14:21:40,438 [pool-60-thread-1] INFO  impl.RaftServerImpl (RaftServerImpl.java:setRole(171)) - 6403e584-2209-453b-b79e-eeb0a7b58516:group-8E3F95F61C0C changes role from null to FOLLOWER at term 0 for startAsFollower
2019-09-19 14:21:40,438 [pool-60-thread-1] INFO  impl.RoleInfo (RoleInfo.java:updateAndGet(143)) - 6403e584-2209-453b-b79e-eeb0a7b58516: start FollowerState
2019-09-19 14:21:40,439 [pool-60-thread-1] INFO  util.JmxRegister (JmxRegister.java:tryRegister(44)) - Successfully registered JMX Bean with object name Ratis:service=RaftServer,group=group-8E3F95F61C0C,id=6403e584-2209-453b-b79e-eeb0a7b58516
2019-09-19 14:21:40,441 [RatisPipelineUtilsThread] INFO  pipeline.PipelineStateManager (PipelineStateManager.java:addPipeline(56)) - Created pipeline Pipeline[ Id: b1a9101b-e28e-4227-a49c-8e3f95f61c0c, Nodes: 6403e584-2209-453b-b79e-eeb0a7b58516{ip: 192.168.157.226, host: pr-hdds-1569-swxfz-3172132826, networkLocation: /default-rack, certSerialId: null}, Type:RATIS, Factor:ONE, State:OPEN]
2019-09-19 14:21:40,445 [grpc-default-executor-2] INFO  impl.RaftServerProxy (RaftServerProxy.java:addNew(89)) - 431517c4-8c09-4790-b37b-2e132c8143ad: addNew group-D5017DB46417:[431517c4-8c09-4790-b37b-2e132c8143ad:192.168.157.226:40911] returns group-D5017DB46417:java.util.concurrent.CompletableFuture@3916659[Not completed]
2019-09-19 14:21:40,447 [pool-82-thread-1] INFO  impl.RaftServerImpl (RaftServerImpl.java:<init>(93)) - 431517c4-8c09-4790-b37b-2e132c8143ad: new RaftServerImpl for group-D5017DB46417:[431517c4-8c09-4790-b37b-2e132c8143ad:192.168.157.226:40911] with ContainerStateMachine:uninitialized
2019-09-19 14:21:40,447 [pool-82-thread-1] INFO  server.RaftServerConfigKeys (ConfUtils.java:logGet(43)) - raft.server.rpc.timeout.min = 5s (custom)
2019-09-19 14:21:40,447 [pool-82-thread-1] INFO  server.RaftServerConfigKeys (ConfUtils.java:logGet(43)) - raft.server.rpc.timeout.max = 5200ms (custom)
2019-09-19 14:21:40,447 [pool-82-thread-1] INFO  server.RaftServerConfigKeys (ConfUtils.java:logGet(43)) - raft.server.rpcslowness.timeout = 120s (custom)
2019-09-19 14:21:40,447 [pool-82-thread-1] INFO  server.RaftServerConfigKeys (ConfUtils.java:logGet(43)) - raft.server.sleep.deviation.threshold = 300 (default)
2019-09-19 14:21:40,447 [pool-82-thread-1] INFO  server.RaftServerConfigKeys (ConfUtils.java:logGet(43)) - raft.server.log.appender.install.snapshot.enabled = false (custom)
2019-09-19 14:21:40,447 [pool-82-thread-1] INFO  impl.RaftServerImpl (ServerState.java:<init>(105)) - 431517c4-8c09-4790-b37b-2e132c8143ad:group-D5017DB46417 ConfigurationManager, init=-1: [431517c4-8c09-4790-b37b-2e132c8143ad:192.168.157.226:40911], old=null, confs=<EMPTY_MAP>
2019-09-19 14:21:40,448 [pool-82-thread-1] INFO  server.RaftServerConfigKeys (ConfUtils.java:logGet(43)) - raft.server.storage.dir = [/workdir/hadoop-ozone/integration-test/target/test-dir/MiniOzoneClusterImpl-210d6028-2152-4683-81ff-347b0d29bb13/datanode-5/data/ratis] (custom)
2019-09-19 14:21:40,448 [pool-82-thread-1] INFO  storage.RaftStorageDirectory (RaftStorageDirectory.java:analyzeStorage(246)) - The storage directory /workdir/hadoop-ozone/integration-test/target/test-dir/MiniOzoneClusterImpl-210d6028-2152-4683-81ff-347b0d29bb13/datanode-5/data/ratis/fd2672d3-dd70-4558-98a0-d5017db46417 does not exist. Creating ...
2019-09-19 14:21:40,461 [pool-82-thread-1] INFO  storage.RaftStorageDirectory (RaftStorageDirectory.java:tryLock(328)) - Lock on /workdir/hadoop-ozone/integration-test/target/test-dir/MiniOzoneClusterImpl-210d6028-2152-4683-81ff-347b0d29bb13/datanode-5/data/ratis/fd2672d3-dd70-4558-98a0-d5017db46417/in_use.lock acquired by nodename 16198@pr-hdds-1569-swxfz-3172132826
2019-09-19 14:21:40,475 [pool-82-thread-1] INFO  storage.RaftStorage (RaftStorage.java:format(72)) - Storage directory /workdir/hadoop-ozone/integration-test/target/test-dir/MiniOzoneClusterImpl-210d6028-2152-4683-81ff-347b0d29bb13/datanode-5/data/ratis/fd2672d3-dd70-4558-98a0-d5017db46417 has been successfully formatted.
2019-09-19 14:21:40,475 [pool-82-thread-1] INFO  ratis.ContainerStateMachine (ContainerStateMachine.java:loadSnapshot(226)) - group-D5017DB46417: The snapshot info is null. Setting the last applied indexto:(t:0, i:~)
2019-09-19 14:21:40,475 [pool-82-thread-1] INFO  server.RaftServerConfigKeys (ConfUtils.java:logGet(43)) - raft.server.leader.election.timeout = 120s (custom)
2019-09-19 14:21:40,475 [pool-82-thread-1] INFO  server.RaftServerConfigKeys (ConfUtils.java:logGet(43)) - raft.server.log.use.memory = false (default)
2019-09-19 14:21:40,475 [pool-82-thread-1] INFO  server.RaftServerConfigKeys (ConfUtils.java:logGet(43)) - raft.server.log.purge.gap = 1000000 (custom)
2019-09-19 14:21:40,475 [pool-82-thread-1] INFO  server.RaftServerConfigKeys (ConfUtils.java:logGet(43)) - raft.server.log.appender.buffer.byte-limit = 33554432 (custom)
2019-09-19 14:21:40,476 [pool-82-thread-1] INFO  server.RaftServerConfigKeys (ConfUtils.java:logGet(43)) - raft.server.log.segment.size.max = 1048576 (custom)
2019-09-19 14:21:40,476 [pool-82-thread-1] INFO  server.RaftServerConfigKeys (ConfUtils.java:logGet(43)) - raft.server.log.segment.cache.num.max = 2 (custom)
2019-09-19 14:21:40,476 [pool-82-thread-1] INFO  segmented.SegmentedRaftLogWorker (SegmentedRaftLogWorker.java:<init>(172)) - new 431517c4-8c09-4790-b37b-2e132c8143ad-SegmentedRaftLogWorker:Storage Directory /workdir/hadoop-ozone/integration-test/target/test-dir/MiniOzoneClusterImpl-210d6028-2152-4683-81ff-347b0d29bb13/datanode-5/data/ratis/fd2672d3-dd70-4558-98a0-d5017db46417 for RaftStorage:Storage Directory /workdir/hadoop-ozone/integration-test/target/test-dir/MiniOzoneClusterImpl-210d6028-2152-4683-81ff-347b0d29bb13/datanode-5/data/ratis/fd2672d3-dd70-4558-98a0-d5017db46417
2019-09-19 14:21:40,476 [pool-82-thread-1] INFO  server.RaftServerConfigKeys (ConfUtils.java:logGet(43)) - raft.server.log.queue.byte-limit = 2147483647 (custom)
2019-09-19 14:21:40,476 [pool-82-thread-1] INFO  server.RaftServerConfigKeys (ConfUtils.java:logGet(43)) - raft.server.log.queue.element-limit = 1024 (custom)
2019-09-19 14:21:40,476 [pool-82-thread-1] INFO  server.RaftServerConfigKeys (ConfUtils.java:logGet(43)) - raft.server.log.segment.size.max = 1048576 (custom)
2019-09-19 14:21:40,476 [pool-82-thread-1] INFO  server.RaftServerConfigKeys (ConfUtils.java:logGet(43)) - raft.server.log.preallocated.size = 16384 (custom)
2019-09-19 14:21:40,477 [pool-82-thread-1] INFO  server.RaftServerConfigKeys (ConfUtils.java:logGet(43)) - raft.server.log.write.buffer.size = 33554432 (custom)
2019-09-19 14:21:40,477 [pool-82-thread-1] INFO  server.RaftServerConfigKeys (ConfUtils.java:logGet(43)) - raft.server.log.force.sync.num = 128 (default)
2019-09-19 14:21:40,477 [pool-82-thread-1] INFO  server.RaftServerConfigKeys (ConfUtils.java:logGet(43)) - raft.server.log.statemachine.data.sync = true (default)
2019-09-19 14:21:40,477 [pool-82-thread-1] INFO  server.RaftServerConfigKeys (ConfUtils.java:logGet(43)) - raft.server.log.statemachine.data.sync.timeout = 10s (default)
2019-09-19 14:21:40,477 [pool-82-thread-1] INFO  server.RaftServerConfigKeys (ConfUtils.java:logGet(43)) - raft.server.log.statemachine.data.sync.timeout.retry = -1 (default)
2019-09-19 14:21:40,477 [pool-82-thread-1] INFO  server.RaftServerConfigKeys (ConfUtils.java:logGet(43)) - raft.server.log.statemachine.data.caching.enabled = true (custom)
2019-09-19 14:21:40,478 [pool-82-thread-1] INFO  segmented.SegmentedRaftLogWorker (SegmentedRaftLogWorker.java:lambda$new$0(132)) - 431517c4-8c09-4790-b37b-2e132c8143ad-SegmentedRaftLogWorker:Storage Directory /workdir/hadoop-ozone/integration-test/target/test-dir/MiniOzoneClusterImpl-210d6028-2152-4683-81ff-347b0d29bb13/datanode-5/data/ratis/fd2672d3-dd70-4558-98a0-d5017db46417: flushIndex: setUnconditionally 0 -> -1
2019-09-19 14:21:40,478 [pool-82-thread-1] INFO  server.RaftServerConfigKeys (ConfUtils.java:logGet(43)) - raft.server.snapshot.auto.trigger.enabled = true (custom)
2019-09-19 14:21:40,478 [pool-82-thread-1] INFO  server.RaftServerConfigKeys (ConfUtils.java:logGet(43)) - raft.server.snapshot.auto.trigger.threshold = 10000 (custom)
2019-09-19 14:21:40,478 [pool-82-thread-1] INFO  server.RaftServerConfigKeys (ConfUtils.java:logGet(43)) - raft.server.retrycache.expirytime = 600000ms (custom)
2019-09-19 14:21:40,478 [pool-82-thread-1] INFO  impl.RaftServerImpl (RaftServerImpl.java:start(180)) - 431517c4-8c09-4790-b37b-2e132c8143ad: start group-D5017DB46417
2019-09-19 14:21:40,479 [pool-82-thread-1] INFO  impl.RaftServerImpl (RaftServerImpl.java:setRole(171)) - 431517c4-8c09-4790-b37b-2e132c8143ad:group-D5017DB46417 changes role from null to FOLLOWER at term 0 for startAsFollower
2019-09-19 14:21:40,479 [pool-82-thread-1] INFO  impl.RoleInfo (RoleInfo.java:updateAndGet(143)) - 431517c4-8c09-4790-b37b-2e132c8143ad: start FollowerState
2019-09-19 14:21:40,479 [pool-82-thread-1] INFO  util.JmxRegister (JmxRegister.java:tryRegister(44)) - Successfully registered JMX Bean with object name Ratis:service=RaftServer,group=group-D5017DB46417,id=431517c4-8c09-4790-b37b-2e132c8143ad
2019-09-19 14:21:40,481 [RatisPipelineUtilsThread] INFO  pipeline.PipelineStateManager (PipelineStateManager.java:addPipeline(56)) - Created pipeline Pipeline[ Id: fd2672d3-dd70-4558-98a0-d5017db46417, Nodes: 431517c4-8c09-4790-b37b-2e132c8143ad{ip: 192.168.157.226, host: pr-hdds-1569-swxfz-3172132826, networkLocation: /default-rack, certSerialId: null}, Type:RATIS, Factor:ONE, State:OPEN]
2019-09-19 14:21:40,486 [grpc-default-executor-2] INFO  impl.RaftServerProxy (RaftServerProxy.java:addNew(89)) - 5dfaa0ea-416a-422c-a75d-43311aceb00a: addNew group-B95D7947D5CA:[5dfaa0ea-416a-422c-a75d-43311aceb00a:192.168.157.226:45629] returns group-B95D7947D5CA:java.util.concurrent.CompletableFuture@6700eda0[Not completed]
2019-09-19 14:21:40,486 [pool-38-thread-1] INFO  impl.RaftServerImpl (RaftServerImpl.java:<init>(93)) - 5dfaa0ea-416a-422c-a75d-43311aceb00a: new RaftServerImpl for group-B95D7947D5CA:[5dfaa0ea-416a-422c-a75d-43311aceb00a:192.168.157.226:45629] with ContainerStateMachine:uninitialized
2019-09-19 14:21:40,486 [pool-38-thread-1] INFO  server.RaftServerConfigKeys (ConfUtils.java:logGet(43)) - raft.server.rpc.timeout.min = 5s (custom)
2019-09-19 14:21:40,487 [pool-38-thread-1] INFO  server.RaftServerConfigKeys (ConfUtils.java:logGet(43)) - raft.server.rpc.timeout.max = 5200ms (custom)
2019-09-19 14:21:40,487 [pool-38-thread-1] INFO  server.RaftServerConfigKeys (ConfUtils.java:logGet(43)) - raft.server.rpcslowness.timeout = 120s (custom)
2019-09-19 14:21:40,487 [pool-38-thread-1] INFO  server.RaftServerConfigKeys (ConfUtils.java:logGet(43)) - raft.server.sleep.deviation.threshold = 300 (default)
2019-09-19 14:21:40,487 [pool-38-thread-1] INFO  server.RaftServerConfigKeys (ConfUtils.java:logGet(43)) - raft.server.log.appender.install.snapshot.enabled = false (custom)
2019-09-19 14:21:40,487 [pool-38-thread-1] INFO  impl.RaftServerImpl (ServerState.java:<init>(105)) - 5dfaa0ea-416a-422c-a75d-43311aceb00a:group-B95D7947D5CA ConfigurationManager, init=-1: [5dfaa0ea-416a-422c-a75d-43311aceb00a:192.168.157.226:45629], old=null, confs=<EMPTY_MAP>
2019-09-19 14:21:40,487 [pool-38-thread-1] INFO  server.RaftServerConfigKeys (ConfUtils.java:logGet(43)) - raft.server.storage.dir = [/workdir/hadoop-ozone/integration-test/target/test-dir/MiniOzoneClusterImpl-210d6028-2152-4683-81ff-347b0d29bb13/datanode-1/data/ratis] (custom)
2019-09-19 14:21:40,488 [pool-38-thread-1] INFO  storage.RaftStorageDirectory (RaftStorageDirectory.java:analyzeStorage(246)) - The storage directory /workdir/hadoop-ozone/integration-test/target/test-dir/MiniOzoneClusterImpl-210d6028-2152-4683-81ff-347b0d29bb13/datanode-1/data/ratis/b6642c7c-3bc4-4e44-9ba5-b95d7947d5ca does not exist. Creating ...
2019-09-19 14:21:40,500 [pool-38-thread-1] INFO  storage.RaftStorageDirectory (RaftStorageDirectory.java:tryLock(328)) - Lock on /workdir/hadoop-ozone/integration-test/target/test-dir/MiniOzoneClusterImpl-210d6028-2152-4683-81ff-347b0d29bb13/datanode-1/data/ratis/b6642c7c-3bc4-4e44-9ba5-b95d7947d5ca/in_use.lock acquired by nodename 16198@pr-hdds-1569-swxfz-3172132826
2019-09-19 14:21:40,513 [pool-38-thread-1] INFO  storage.RaftStorage (RaftStorage.java:format(72)) - Storage directory /workdir/hadoop-ozone/integration-test/target/test-dir/MiniOzoneClusterImpl-210d6028-2152-4683-81ff-347b0d29bb13/datanode-1/data/ratis/b6642c7c-3bc4-4e44-9ba5-b95d7947d5ca has been successfully formatted.
2019-09-19 14:21:40,514 [pool-38-thread-1] INFO  ratis.ContainerStateMachine (ContainerStateMachine.java:loadSnapshot(226)) - group-B95D7947D5CA: The snapshot info is null. Setting the last applied indexto:(t:0, i:~)
2019-09-19 14:21:40,514 [pool-38-thread-1] INFO  server.RaftServerConfigKeys (ConfUtils.java:logGet(43)) - raft.server.leader.election.timeout = 120s (custom)
2019-09-19 14:21:40,514 [pool-38-thread-1] INFO  server.RaftServerConfigKeys (ConfUtils.java:logGet(43)) - raft.server.log.use.memory = false (default)
2019-09-19 14:21:40,514 [pool-38-thread-1] INFO  server.RaftServerConfigKeys (ConfUtils.java:logGet(43)) - raft.server.log.purge.gap = 1000000 (custom)
2019-09-19 14:21:40,514 [pool-38-thread-1] INFO  server.RaftServerConfigKeys (ConfUtils.java:logGet(43)) - raft.server.log.appender.buffer.byte-limit = 33554432 (custom)
2019-09-19 14:21:40,514 [pool-38-thread-1] INFO  server.RaftServerConfigKeys (ConfUtils.java:logGet(43)) - raft.server.log.segment.size.max = 1048576 (custom)
2019-09-19 14:21:40,514 [pool-38-thread-1] INFO  server.RaftServerConfigKeys (ConfUtils.java:logGet(43)) - raft.server.log.segment.cache.num.max = 2 (custom)
2019-09-19 14:21:40,515 [pool-38-thread-1] INFO  segmented.SegmentedRaftLogWorker (SegmentedRaftLogWorker.java:<init>(172)) - new 5dfaa0ea-416a-422c-a75d-43311aceb00a-SegmentedRaftLogWorker:Storage Directory /workdir/hadoop-ozone/integration-test/target/test-dir/MiniOzoneClusterImpl-210d6028-2152-4683-81ff-347b0d29bb13/datanode-1/data/ratis/b6642c7c-3bc4-4e44-9ba5-b95d7947d5ca for RaftStorage:Storage Directory /workdir/hadoop-ozone/integration-test/target/test-dir/MiniOzoneClusterImpl-210d6028-2152-4683-81ff-347b0d29bb13/datanode-1/data/ratis/b6642c7c-3bc4-4e44-9ba5-b95d7947d5ca
2019-09-19 14:21:40,515 [pool-38-thread-1] INFO  server.RaftServerConfigKeys (ConfUtils.java:logGet(43)) - raft.server.log.queue.byte-limit = 2147483647 (custom)
2019-09-19 14:21:40,515 [pool-38-thread-1] INFO  server.RaftServerConfigKeys (ConfUtils.java:logGet(43)) - raft.server.log.queue.element-limit = 1024 (custom)
2019-09-19 14:21:40,515 [pool-38-thread-1] INFO  server.RaftServerConfigKeys (ConfUtils.java:logGet(43)) - raft.server.log.segment.size.max = 1048576 (custom)
2019-09-19 14:21:40,515 [pool-38-thread-1] INFO  server.RaftServerConfigKeys (ConfUtils.java:logGet(43)) - raft.server.log.preallocated.size = 16384 (custom)
2019-09-19 14:21:40,515 [pool-38-thread-1] INFO  server.RaftServerConfigKeys (ConfUtils.java:logGet(43)) - raft.server.log.write.buffer.size = 33554432 (custom)
2019-09-19 14:21:40,515 [pool-38-thread-1] INFO  server.RaftServerConfigKeys (ConfUtils.java:logGet(43)) - raft.server.log.force.sync.num = 128 (default)
2019-09-19 14:21:40,515 [pool-38-thread-1] INFO  server.RaftServerConfigKeys (ConfUtils.java:logGet(43)) - raft.server.log.statemachine.data.sync = true (default)
2019-09-19 14:21:40,515 [pool-38-thread-1] INFO  server.RaftServerConfigKeys (ConfUtils.java:logGet(43)) - raft.server.log.statemachine.data.sync.timeout = 10s (default)
2019-09-19 14:21:40,516 [pool-38-thread-1] INFO  server.RaftServerConfigKeys (ConfUtils.java:logGet(43)) - raft.server.log.statemachine.data.sync.timeout.retry = -1 (default)
2019-09-19 14:21:40,516 [pool-38-thread-1] INFO  server.RaftServerConfigKeys (ConfUtils.java:logGet(43)) - raft.server.log.statemachine.data.caching.enabled = true (custom)
2019-09-19 14:21:40,516 [pool-38-thread-1] INFO  segmented.SegmentedRaftLogWorker (SegmentedRaftLogWorker.java:lambda$new$0(132)) - 5dfaa0ea-416a-422c-a75d-43311aceb00a-SegmentedRaftLogWorker:Storage Directory /workdir/hadoop-ozone/integration-test/target/test-dir/MiniOzoneClusterImpl-210d6028-2152-4683-81ff-347b0d29bb13/datanode-1/data/ratis/b6642c7c-3bc4-4e44-9ba5-b95d7947d5ca: flushIndex: setUnconditionally 0 -> -1
2019-09-19 14:21:40,516 [pool-38-thread-1] INFO  server.RaftServerConfigKeys (ConfUtils.java:logGet(43)) - raft.server.snapshot.auto.trigger.enabled = true (custom)
2019-09-19 14:21:40,516 [pool-38-thread-1] INFO  server.RaftServerConfigKeys (ConfUtils.java:logGet(43)) - raft.server.snapshot.auto.trigger.threshold = 10000 (custom)
2019-09-19 14:21:40,517 [pool-38-thread-1] INFO  server.RaftServerConfigKeys (ConfUtils.java:logGet(43)) - raft.server.retrycache.expirytime = 600000ms (custom)
2019-09-19 14:21:40,517 [pool-38-thread-1] INFO  impl.RaftServerImpl (RaftServerImpl.java:start(180)) - 5dfaa0ea-416a-422c-a75d-43311aceb00a: start group-B95D7947D5CA
2019-09-19 14:21:40,517 [pool-38-thread-1] INFO  impl.RaftServerImpl (RaftServerImpl.java:setRole(171)) - 5dfaa0ea-416a-422c-a75d-43311aceb00a:group-B95D7947D5CA changes role from null to FOLLOWER at term 0 for startAsFollower
2019-09-19 14:21:40,517 [pool-38-thread-1] INFO  impl.RoleInfo (RoleInfo.java:updateAndGet(143)) - 5dfaa0ea-416a-422c-a75d-43311aceb00a: start FollowerState
2019-09-19 14:21:40,517 [pool-38-thread-1] INFO  util.JmxRegister (JmxRegister.java:tryRegister(44)) - Successfully registered JMX Bean with object name Ratis:service=RaftServer,group=group-B95D7947D5CA,id=5dfaa0ea-416a-422c-a75d-43311aceb00a
2019-09-19 14:21:40,527 [RatisPipelineUtilsThread] INFO  pipeline.PipelineStateManager (PipelineStateManager.java:addPipeline(56)) - Created pipeline Pipeline[ Id: b6642c7c-3bc4-4e44-9ba5-b95d7947d5ca, Nodes: 5dfaa0ea-416a-422c-a75d-43311aceb00a{ip: 192.168.157.226, host: pr-hdds-1569-swxfz-3172132826, networkLocation: /default-rack, certSerialId: null}, Type:RATIS, Factor:ONE, State:OPEN]
2019-09-19 14:21:40,537 [grpc-default-executor-2] INFO  impl.RaftServerProxy (RaftServerProxy.java:addNew(89)) - 6403e584-2209-453b-b79e-eeb0a7b58516: addNew group-09385C648829:[6403e584-2209-453b-b79e-eeb0a7b58516:192.168.157.226:35833] returns group-09385C648829:java.util.concurrent.CompletableFuture@93893f6[Not completed]
2019-09-19 14:21:40,538 [pool-60-thread-1] INFO  impl.RaftServerImpl (RaftServerImpl.java:<init>(93)) - 6403e584-2209-453b-b79e-eeb0a7b58516: new RaftServerImpl for group-09385C648829:[6403e584-2209-453b-b79e-eeb0a7b58516:192.168.157.226:35833] with ContainerStateMachine:uninitialized
2019-09-19 14:21:40,539 [pool-60-thread-1] INFO  server.RaftServerConfigKeys (ConfUtils.java:logGet(43)) - raft.server.rpc.timeout.min = 5s (custom)
2019-09-19 14:21:40,539 [pool-60-thread-1] INFO  server.RaftServerConfigKeys (ConfUtils.java:logGet(43)) - raft.server.rpc.timeout.max = 5200ms (custom)
2019-09-19 14:21:40,539 [pool-60-thread-1] INFO  server.RaftServerConfigKeys (ConfUtils.java:logGet(43)) - raft.server.rpcslowness.timeout = 120s (custom)
2019-09-19 14:21:40,539 [pool-60-thread-1] INFO  server.RaftServerConfigKeys (ConfUtils.java:logGet(43)) - raft.server.sleep.deviation.threshold = 300 (default)
2019-09-19 14:21:40,539 [pool-60-thread-1] INFO  server.RaftServerConfigKeys (ConfUtils.java:logGet(43)) - raft.server.log.appender.install.snapshot.enabled = false (custom)
2019-09-19 14:21:40,540 [pool-60-thread-1] INFO  impl.RaftServerImpl (ServerState.java:<init>(105)) - 6403e584-2209-453b-b79e-eeb0a7b58516:group-09385C648829 ConfigurationManager, init=-1: [6403e584-2209-453b-b79e-eeb0a7b58516:192.168.157.226:35833], old=null, confs=<EMPTY_MAP>
2019-09-19 14:21:40,540 [pool-60-thread-1] INFO  server.RaftServerConfigKeys (ConfUtils.java:logGet(43)) - raft.server.storage.dir = [/workdir/hadoop-ozone/integration-test/target/test-dir/MiniOzoneClusterImpl-210d6028-2152-4683-81ff-347b0d29bb13/datanode-3/data/ratis] (custom)
2019-09-19 14:21:40,541 [pool-60-thread-1] INFO  storage.RaftStorageDirectory (RaftStorageDirectory.java:analyzeStorage(246)) - The storage directory /workdir/hadoop-ozone/integration-test/target/test-dir/MiniOzoneClusterImpl-210d6028-2152-4683-81ff-347b0d29bb13/datanode-3/data/ratis/bde1a984-ed08-48bb-9716-09385c648829 does not exist. Creating ...
2019-09-19 14:21:40,553 [pool-60-thread-1] INFO  storage.RaftStorageDirectory (RaftStorageDirectory.java:tryLock(328)) - Lock on /workdir/hadoop-ozone/integration-test/target/test-dir/MiniOzoneClusterImpl-210d6028-2152-4683-81ff-347b0d29bb13/datanode-3/data/ratis/bde1a984-ed08-48bb-9716-09385c648829/in_use.lock acquired by nodename 16198@pr-hdds-1569-swxfz-3172132826
2019-09-19 14:21:40,566 [pool-60-thread-1] INFO  storage.RaftStorage (RaftStorage.java:format(72)) - Storage directory /workdir/hadoop-ozone/integration-test/target/test-dir/MiniOzoneClusterImpl-210d6028-2152-4683-81ff-347b0d29bb13/datanode-3/data/ratis/bde1a984-ed08-48bb-9716-09385c648829 has been successfully formatted.
2019-09-19 14:21:40,568 [pool-60-thread-1] INFO  ratis.ContainerStateMachine (ContainerStateMachine.java:loadSnapshot(226)) - group-09385C648829: The snapshot info is null. Setting the last applied indexto:(t:0, i:~)
2019-09-19 14:21:40,568 [pool-60-thread-1] INFO  server.RaftServerConfigKeys (ConfUtils.java:logGet(43)) - raft.server.leader.election.timeout = 120s (custom)
2019-09-19 14:21:40,568 [pool-60-thread-1] INFO  server.RaftServerConfigKeys (ConfUtils.java:logGet(43)) - raft.server.log.use.memory = false (default)
2019-09-19 14:21:40,568 [pool-60-thread-1] INFO  server.RaftServerConfigKeys (ConfUtils.java:logGet(43)) - raft.server.log.purge.gap = 1000000 (custom)
2019-09-19 14:21:40,568 [pool-60-thread-1] INFO  server.RaftServerConfigKeys (ConfUtils.java:logGet(43)) - raft.server.log.appender.buffer.byte-limit = 33554432 (custom)
2019-09-19 14:21:40,569 [pool-60-thread-1] INFO  server.RaftServerConfigKeys (ConfUtils.java:logGet(43)) - raft.server.log.segment.size.max = 1048576 (custom)
2019-09-19 14:21:40,569 [pool-60-thread-1] INFO  server.RaftServerConfigKeys (ConfUtils.java:logGet(43)) - raft.server.log.segment.cache.num.max = 2 (custom)
2019-09-19 14:21:40,569 [pool-60-thread-1] INFO  segmented.SegmentedRaftLogWorker (SegmentedRaftLogWorker.java:<init>(172)) - new 6403e584-2209-453b-b79e-eeb0a7b58516-SegmentedRaftLogWorker:Storage Directory /workdir/hadoop-ozone/integration-test/target/test-dir/MiniOzoneClusterImpl-210d6028-2152-4683-81ff-347b0d29bb13/datanode-3/data/ratis/bde1a984-ed08-48bb-9716-09385c648829 for RaftStorage:Storage Directory /workdir/hadoop-ozone/integration-test/target/test-dir/MiniOzoneClusterImpl-210d6028-2152-4683-81ff-347b0d29bb13/datanode-3/data/ratis/bde1a984-ed08-48bb-9716-09385c648829
2019-09-19 14:21:40,569 [pool-60-thread-1] INFO  server.RaftServerConfigKeys (ConfUtils.java:logGet(43)) - raft.server.log.queue.byte-limit = 2147483647 (custom)
2019-09-19 14:21:40,569 [pool-60-thread-1] INFO  server.RaftServerConfigKeys (ConfUtils.java:logGet(43)) - raft.server.log.queue.element-limit = 1024 (custom)
2019-09-19 14:21:40,570 [pool-60-thread-1] INFO  server.RaftServerConfigKeys (ConfUtils.java:logGet(43)) - raft.server.log.segment.size.max = 1048576 (custom)
2019-09-19 14:21:40,570 [pool-60-thread-1] INFO  server.RaftServerConfigKeys (ConfUtils.java:logGet(43)) - raft.server.log.preallocated.size = 16384 (custom)
2019-09-19 14:21:40,570 [pool-60-thread-1] INFO  server.RaftServerConfigKeys (ConfUtils.java:logGet(43)) - raft.server.log.write.buffer.size = 33554432 (custom)
2019-09-19 14:21:40,570 [pool-60-thread-1] INFO  server.RaftServerConfigKeys (ConfUtils.java:logGet(43)) - raft.server.log.force.sync.num = 128 (default)
2019-09-19 14:21:40,570 [pool-60-thread-1] INFO  server.RaftServerConfigKeys (ConfUtils.java:logGet(43)) - raft.server.log.statemachine.data.sync = true (default)
2019-09-19 14:21:40,571 [pool-60-thread-1] INFO  server.RaftServerConfigKeys (ConfUtils.java:logGet(43)) - raft.server.log.statemachine.data.sync.timeout = 10s (default)
2019-09-19 14:21:40,571 [pool-60-thread-1] INFO  server.RaftServerConfigKeys (ConfUtils.java:logGet(43)) - raft.server.log.statemachine.data.sync.timeout.retry = -1 (default)
2019-09-19 14:21:40,571 [pool-60-thread-1] INFO  server.RaftServerConfigKeys (ConfUtils.java:logGet(43)) - raft.server.log.statemachine.data.caching.enabled = true (custom)
2019-09-19 14:21:40,572 [pool-60-thread-1] INFO  segmented.SegmentedRaftLogWorker (SegmentedRaftLogWorker.java:lambda$new$0(132)) - 6403e584-2209-453b-b79e-eeb0a7b58516-SegmentedRaftLogWorker:Storage Directory /workdir/hadoop-ozone/integration-test/target/test-dir/MiniOzoneClusterImpl-210d6028-2152-4683-81ff-347b0d29bb13/datanode-3/data/ratis/bde1a984-ed08-48bb-9716-09385c648829: flushIndex: setUnconditionally 0 -> -1
2019-09-19 14:21:40,572 [pool-60-thread-1] INFO  server.RaftServerConfigKeys (ConfUtils.java:logGet(43)) - raft.server.snapshot.auto.trigger.enabled = true (custom)
2019-09-19 14:21:40,572 [pool-60-thread-1] INFO  server.RaftServerConfigKeys (ConfUtils.java:logGet(43)) - raft.server.snapshot.auto.trigger.threshold = 10000 (custom)
2019-09-19 14:21:40,572 [pool-60-thread-1] INFO  server.RaftServerConfigKeys (ConfUtils.java:logGet(43)) - raft.server.retrycache.expirytime = 600000ms (custom)
2019-09-19 14:21:40,573 [pool-60-thread-1] INFO  impl.RaftServerImpl (RaftServerImpl.java:start(180)) - 6403e584-2209-453b-b79e-eeb0a7b58516: start group-09385C648829
2019-09-19 14:21:40,573 [pool-60-thread-1] INFO  impl.RaftServerImpl (RaftServerImpl.java:setRole(171)) - 6403e584-2209-453b-b79e-eeb0a7b58516:group-09385C648829 changes role from null to FOLLOWER at term 0 for startAsFollower
2019-09-19 14:21:40,573 [pool-60-thread-1] INFO  impl.RoleInfo (RoleInfo.java:updateAndGet(143)) - 6403e584-2209-453b-b79e-eeb0a7b58516: start FollowerState
2019-09-19 14:21:40,574 [pool-60-thread-1] INFO  util.JmxRegister (JmxRegister.java:tryRegister(44)) - Successfully registered JMX Bean with object name Ratis:service=RaftServer,group=group-09385C648829,id=6403e584-2209-453b-b79e-eeb0a7b58516
2019-09-19 14:21:40,577 [RatisPipelineUtilsThread] INFO  pipeline.PipelineStateManager (PipelineStateManager.java:addPipeline(56)) - Created pipeline Pipeline[ Id: bde1a984-ed08-48bb-9716-09385c648829, Nodes: 6403e584-2209-453b-b79e-eeb0a7b58516{ip: 192.168.157.226, host: pr-hdds-1569-swxfz-3172132826, networkLocation: /default-rack, certSerialId: null}, Type:RATIS, Factor:ONE, State:OPEN]
2019-09-19 14:21:40,582 [grpc-default-executor-2] INFO  impl.RaftServerProxy (RaftServerProxy.java:addNew(89)) - 56d21ab3-8f6d-44ea-b961-c721a1c09246: addNew group-9385F8753A99:[56d21ab3-8f6d-44ea-b961-c721a1c09246:192.168.157.226:39258] returns group-9385F8753A99:java.util.concurrent.CompletableFuture@2fcc7cae[Not completed]
2019-09-19 14:21:40,584 [pool-93-thread-1] INFO  impl.RaftServerImpl (RaftServerImpl.java:<init>(93)) - 56d21ab3-8f6d-44ea-b961-c721a1c09246: new RaftServerImpl for group-9385F8753A99:[56d21ab3-8f6d-44ea-b961-c721a1c09246:192.168.157.226:39258] with ContainerStateMachine:uninitialized
2019-09-19 14:21:40,584 [pool-93-thread-1] INFO  server.RaftServerConfigKeys (ConfUtils.java:logGet(43)) - raft.server.rpc.timeout.min = 5s (custom)
2019-09-19 14:21:40,585 [pool-93-thread-1] INFO  server.RaftServerConfigKeys (ConfUtils.java:logGet(43)) - raft.server.rpc.timeout.max = 5200ms (custom)
2019-09-19 14:21:40,585 [pool-93-thread-1] INFO  server.RaftServerConfigKeys (ConfUtils.java:logGet(43)) - raft.server.rpcslowness.timeout = 120s (custom)
2019-09-19 14:21:40,585 [pool-93-thread-1] INFO  server.RaftServerConfigKeys (ConfUtils.java:logGet(43)) - raft.server.sleep.deviation.threshold = 300 (default)
2019-09-19 14:21:40,585 [pool-93-thread-1] INFO  server.RaftServerConfigKeys (ConfUtils.java:logGet(43)) - raft.server.log.appender.install.snapshot.enabled = false (custom)
2019-09-19 14:21:40,585 [pool-93-thread-1] INFO  impl.RaftServerImpl (ServerState.java:<init>(105)) - 56d21ab3-8f6d-44ea-b961-c721a1c09246:group-9385F8753A99 ConfigurationManager, init=-1: [56d21ab3-8f6d-44ea-b961-c721a1c09246:192.168.157.226:39258], old=null, confs=<EMPTY_MAP>
2019-09-19 14:21:40,585 [pool-93-thread-1] INFO  server.RaftServerConfigKeys (ConfUtils.java:logGet(43)) - raft.server.storage.dir = [/workdir/hadoop-ozone/integration-test/target/test-dir/MiniOzoneClusterImpl-210d6028-2152-4683-81ff-347b0d29bb13/datanode-6/data/ratis] (custom)
2019-09-19 14:21:40,586 [pool-93-thread-1] INFO  storage.RaftStorageDirectory (RaftStorageDirectory.java:analyzeStorage(246)) - The storage directory /workdir/hadoop-ozone/integration-test/target/test-dir/MiniOzoneClusterImpl-210d6028-2152-4683-81ff-347b0d29bb13/datanode-6/data/ratis/cd119a90-ad1f-4b41-9733-9385f8753a99 does not exist. Creating ...
2019-09-19 14:21:40,599 [pool-93-thread-1] INFO  storage.RaftStorageDirectory (RaftStorageDirectory.java:tryLock(328)) - Lock on /workdir/hadoop-ozone/integration-test/target/test-dir/MiniOzoneClusterImpl-210d6028-2152-4683-81ff-347b0d29bb13/datanode-6/data/ratis/cd119a90-ad1f-4b41-9733-9385f8753a99/in_use.lock acquired by nodename 16198@pr-hdds-1569-swxfz-3172132826
2019-09-19 14:21:40,612 [pool-93-thread-1] INFO  storage.RaftStorage (RaftStorage.java:format(72)) - Storage directory /workdir/hadoop-ozone/integration-test/target/test-dir/MiniOzoneClusterImpl-210d6028-2152-4683-81ff-347b0d29bb13/datanode-6/data/ratis/cd119a90-ad1f-4b41-9733-9385f8753a99 has been successfully formatted.
2019-09-19 14:21:40,612 [pool-93-thread-1] INFO  ratis.ContainerStateMachine (ContainerStateMachine.java:loadSnapshot(226)) - group-9385F8753A99: The snapshot info is null. Setting the last applied indexto:(t:0, i:~)
2019-09-19 14:21:40,612 [pool-93-thread-1] INFO  server.RaftServerConfigKeys (ConfUtils.java:logGet(43)) - raft.server.leader.election.timeout = 120s (custom)
2019-09-19 14:21:40,612 [pool-93-thread-1] INFO  server.RaftServerConfigKeys (ConfUtils.java:logGet(43)) - raft.server.log.use.memory = false (default)
2019-09-19 14:21:40,612 [pool-93-thread-1] INFO  server.RaftServerConfigKeys (ConfUtils.java:logGet(43)) - raft.server.log.purge.gap = 1000000 (custom)
2019-09-19 14:21:40,613 [pool-93-thread-1] INFO  server.RaftServerConfigKeys (ConfUtils.java:logGet(43)) - raft.server.log.appender.buffer.byte-limit = 33554432 (custom)
2019-09-19 14:21:40,613 [pool-93-thread-1] INFO  server.RaftServerConfigKeys (ConfUtils.java:logGet(43)) - raft.server.log.segment.size.max = 1048576 (custom)
2019-09-19 14:21:40,613 [pool-93-thread-1] INFO  server.RaftServerConfigKeys (ConfUtils.java:logGet(43)) - raft.server.log.segment.cache.num.max = 2 (custom)
2019-09-19 14:21:40,613 [pool-93-thread-1] INFO  segmented.SegmentedRaftLogWorker (SegmentedRaftLogWorker.java:<init>(172)) - new 56d21ab3-8f6d-44ea-b961-c721a1c09246-SegmentedRaftLogWorker:Storage Directory /workdir/hadoop-ozone/integration-test/target/test-dir/MiniOzoneClusterImpl-210d6028-2152-4683-81ff-347b0d29bb13/datanode-6/data/ratis/cd119a90-ad1f-4b41-9733-9385f8753a99 for RaftStorage:Storage Directory /workdir/hadoop-ozone/integration-test/target/test-dir/MiniOzoneClusterImpl-210d6028-2152-4683-81ff-347b0d29bb13/datanode-6/data/ratis/cd119a90-ad1f-4b41-9733-9385f8753a99
2019-09-19 14:21:40,613 [pool-93-thread-1] INFO  server.RaftServerConfigKeys (ConfUtils.java:logGet(43)) - raft.server.log.queue.byte-limit = 2147483647 (custom)
2019-09-19 14:21:40,613 [pool-93-thread-1] INFO  server.RaftServerConfigKeys (ConfUtils.java:logGet(43)) - raft.server.log.queue.element-limit = 1024 (custom)
2019-09-19 14:21:40,613 [pool-93-thread-1] INFO  server.RaftServerConfigKeys (ConfUtils.java:logGet(43)) - raft.server.log.segment.size.max = 1048576 (custom)
2019-09-19 14:21:40,613 [pool-93-thread-1] INFO  server.RaftServerConfigKeys (ConfUtils.java:logGet(43)) - raft.server.log.preallocated.size = 16384 (custom)
2019-09-19 14:21:40,614 [pool-93-thread-1] INFO  server.RaftServerConfigKeys (ConfUtils.java:logGet(43)) - raft.server.log.write.buffer.size = 33554432 (custom)
2019-09-19 14:21:40,614 [pool-93-thread-1] INFO  server.RaftServerConfigKeys (ConfUtils.java:logGet(43)) - raft.server.log.force.sync.num = 128 (default)
2019-09-19 14:21:40,614 [pool-93-thread-1] INFO  server.RaftServerConfigKeys (ConfUtils.java:logGet(43)) - raft.server.log.statemachine.data.sync = true (default)
2019-09-19 14:21:40,614 [pool-93-thread-1] INFO  server.RaftServerConfigKeys (ConfUtils.java:logGet(43)) - raft.server.log.statemachine.data.sync.timeout = 10s (default)
2019-09-19 14:21:40,614 [pool-93-thread-1] INFO  server.RaftServerConfigKeys (ConfUtils.java:logGet(43)) - raft.server.log.statemachine.data.sync.timeout.retry = -1 (default)
2019-09-19 14:21:40,614 [pool-93-thread-1] INFO  server.RaftServerConfigKeys (ConfUtils.java:logGet(43)) - raft.server.log.statemachine.data.caching.enabled = true (custom)
2019-09-19 14:21:40,614 [pool-93-thread-1] INFO  segmented.SegmentedRaftLogWorker (SegmentedRaftLogWorker.java:lambda$new$0(132)) - 56d21ab3-8f6d-44ea-b961-c721a1c09246-SegmentedRaftLogWorker:Storage Directory /workdir/hadoop-ozone/integration-test/target/test-dir/MiniOzoneClusterImpl-210d6028-2152-4683-81ff-347b0d29bb13/datanode-6/data/ratis/cd119a90-ad1f-4b41-9733-9385f8753a99: flushIndex: setUnconditionally 0 -> -1
2019-09-19 14:21:40,615 [pool-93-thread-1] INFO  server.RaftServerConfigKeys (ConfUtils.java:logGet(43)) - raft.server.snapshot.auto.trigger.enabled = true (custom)
2019-09-19 14:21:40,615 [pool-93-thread-1] INFO  server.RaftServerConfigKeys (ConfUtils.java:logGet(43)) - raft.server.snapshot.auto.trigger.threshold = 10000 (custom)
2019-09-19 14:21:40,615 [pool-93-thread-1] INFO  server.RaftServerConfigKeys (ConfUtils.java:logGet(43)) - raft.server.retrycache.expirytime = 600000ms (custom)
2019-09-19 14:21:40,615 [pool-93-thread-1] INFO  impl.RaftServerImpl (RaftServerImpl.java:start(180)) - 56d21ab3-8f6d-44ea-b961-c721a1c09246: start group-9385F8753A99
2019-09-19 14:21:40,615 [pool-93-thread-1] INFO  impl.RaftServerImpl (RaftServerImpl.java:setRole(171)) - 56d21ab3-8f6d-44ea-b961-c721a1c09246:group-9385F8753A99 changes role from null to FOLLOWER at term 0 for startAsFollower
2019-09-19 14:21:40,615 [pool-93-thread-1] INFO  impl.RoleInfo (RoleInfo.java:updateAndGet(143)) - 56d21ab3-8f6d-44ea-b961-c721a1c09246: start FollowerState
2019-09-19 14:21:40,616 [pool-93-thread-1] INFO  util.JmxRegister (JmxRegister.java:tryRegister(44)) - Successfully registered JMX Bean with object name Ratis:service=RaftServer,group=group-9385F8753A99,id=56d21ab3-8f6d-44ea-b961-c721a1c09246
2019-09-19 14:21:40,618 [RatisPipelineUtilsThread] INFO  pipeline.PipelineStateManager (PipelineStateManager.java:addPipeline(56)) - Created pipeline Pipeline[ Id: cd119a90-ad1f-4b41-9733-9385f8753a99, Nodes: 56d21ab3-8f6d-44ea-b961-c721a1c09246{ip: 192.168.157.226, host: pr-hdds-1569-swxfz-3172132826, networkLocation: /default-rack, certSerialId: null}, Type:RATIS, Factor:ONE, State:OPEN]
2019-09-19 14:21:40,623 [grpc-default-executor-2] INFO  impl.RaftServerProxy (RaftServerProxy.java:addNew(89)) - 6403e584-2209-453b-b79e-eeb0a7b58516: addNew group-8C37E5A08283:[6403e584-2209-453b-b79e-eeb0a7b58516:192.168.157.226:35833] returns group-8C37E5A08283:java.util.concurrent.CompletableFuture@7fd90fe1[Not completed]
2019-09-19 14:21:40,624 [pool-60-thread-1] INFO  impl.RaftServerImpl (RaftServerImpl.java:<init>(93)) - 6403e584-2209-453b-b79e-eeb0a7b58516: new RaftServerImpl for group-8C37E5A08283:[6403e584-2209-453b-b79e-eeb0a7b58516:192.168.157.226:35833] with ContainerStateMachine:uninitialized
2019-09-19 14:21:40,624 [pool-60-thread-1] INFO  server.RaftServerConfigKeys (ConfUtils.java:logGet(43)) - raft.server.rpc.timeout.min = 5s (custom)
2019-09-19 14:21:40,624 [pool-60-thread-1] INFO  server.RaftServerConfigKeys (ConfUtils.java:logGet(43)) - raft.server.rpc.timeout.max = 5200ms (custom)
2019-09-19 14:21:40,624 [pool-60-thread-1] INFO  server.RaftServerConfigKeys (ConfUtils.java:logGet(43)) - raft.server.rpcslowness.timeout = 120s (custom)
2019-09-19 14:21:40,624 [pool-60-thread-1] INFO  server.RaftServerConfigKeys (ConfUtils.java:logGet(43)) - raft.server.sleep.deviation.threshold = 300 (default)
2019-09-19 14:21:40,625 [pool-60-thread-1] INFO  server.RaftServerConfigKeys (ConfUtils.java:logGet(43)) - raft.server.log.appender.install.snapshot.enabled = false (custom)
2019-09-19 14:21:40,625 [pool-60-thread-1] INFO  impl.RaftServerImpl (ServerState.java:<init>(105)) - 6403e584-2209-453b-b79e-eeb0a7b58516:group-8C37E5A08283 ConfigurationManager, init=-1: [6403e584-2209-453b-b79e-eeb0a7b58516:192.168.157.226:35833], old=null, confs=<EMPTY_MAP>
2019-09-19 14:21:40,625 [pool-60-thread-1] INFO  server.RaftServerConfigKeys (ConfUtils.java:logGet(43)) - raft.server.storage.dir = [/workdir/hadoop-ozone/integration-test/target/test-dir/MiniOzoneClusterImpl-210d6028-2152-4683-81ff-347b0d29bb13/datanode-3/data/ratis] (custom)
2019-09-19 14:21:40,626 [pool-60-thread-1] INFO  storage.RaftStorageDirectory (RaftStorageDirectory.java:analyzeStorage(246)) - The storage directory /workdir/hadoop-ozone/integration-test/target/test-dir/MiniOzoneClusterImpl-210d6028-2152-4683-81ff-347b0d29bb13/datanode-3/data/ratis/fb28e6d0-c737-4d0c-89a9-8c37e5a08283 does not exist. Creating ...
2019-09-19 14:21:40,639 [pool-60-thread-1] INFO  storage.RaftStorageDirectory (RaftStorageDirectory.java:tryLock(328)) - Lock on /workdir/hadoop-ozone/integration-test/target/test-dir/MiniOzoneClusterImpl-210d6028-2152-4683-81ff-347b0d29bb13/datanode-3/data/ratis/fb28e6d0-c737-4d0c-89a9-8c37e5a08283/in_use.lock acquired by nodename 16198@pr-hdds-1569-swxfz-3172132826
2019-09-19 14:21:40,651 [pool-60-thread-1] INFO  storage.RaftStorage (RaftStorage.java:format(72)) - Storage directory /workdir/hadoop-ozone/integration-test/target/test-dir/MiniOzoneClusterImpl-210d6028-2152-4683-81ff-347b0d29bb13/datanode-3/data/ratis/fb28e6d0-c737-4d0c-89a9-8c37e5a08283 has been successfully formatted.
2019-09-19 14:21:40,652 [pool-60-thread-1] INFO  ratis.ContainerStateMachine (ContainerStateMachine.java:loadSnapshot(226)) - group-8C37E5A08283: The snapshot info is null. Setting the last applied indexto:(t:0, i:~)
2019-09-19 14:21:40,652 [pool-60-thread-1] INFO  server.RaftServerConfigKeys (ConfUtils.java:logGet(43)) - raft.server.leader.election.timeout = 120s (custom)
2019-09-19 14:21:40,652 [pool-60-thread-1] INFO  server.RaftServerConfigKeys (ConfUtils.java:logGet(43)) - raft.server.log.use.memory = false (default)
2019-09-19 14:21:40,652 [pool-60-thread-1] INFO  server.RaftServerConfigKeys (ConfUtils.java:logGet(43)) - raft.server.log.purge.gap = 1000000 (custom)
2019-09-19 14:21:40,652 [pool-60-thread-1] INFO  server.RaftServerConfigKeys (ConfUtils.java:logGet(43)) - raft.server.log.appender.buffer.byte-limit = 33554432 (custom)
2019-09-19 14:21:40,652 [pool-60-thread-1] INFO  server.RaftServerConfigKeys (ConfUtils.java:logGet(43)) - raft.server.log.segment.size.max = 1048576 (custom)
2019-09-19 14:21:40,652 [pool-60-thread-1] INFO  server.RaftServerConfigKeys (ConfUtils.java:logGet(43)) - raft.server.log.segment.cache.num.max = 2 (custom)
2019-09-19 14:21:40,652 [pool-60-thread-1] INFO  segmented.SegmentedRaftLogWorker (SegmentedRaftLogWorker.java:<init>(172)) - new 6403e584-2209-453b-b79e-eeb0a7b58516-SegmentedRaftLogWorker:Storage Directory /workdir/hadoop-ozone/integration-test/target/test-dir/MiniOzoneClusterImpl-210d6028-2152-4683-81ff-347b0d29bb13/datanode-3/data/ratis/fb28e6d0-c737-4d0c-89a9-8c37e5a08283 for RaftStorage:Storage Directory /workdir/hadoop-ozone/integration-test/target/test-dir/MiniOzoneClusterImpl-210d6028-2152-4683-81ff-347b0d29bb13/datanode-3/data/ratis/fb28e6d0-c737-4d0c-89a9-8c37e5a08283
2019-09-19 14:21:40,653 [pool-60-thread-1] INFO  server.RaftServerConfigKeys (ConfUtils.java:logGet(43)) - raft.server.log.queue.byte-limit = 2147483647 (custom)
2019-09-19 14:21:40,653 [pool-60-thread-1] INFO  server.RaftServerConfigKeys (ConfUtils.java:logGet(43)) - raft.server.log.queue.element-limit = 1024 (custom)
2019-09-19 14:21:40,653 [pool-60-thread-1] INFO  server.RaftServerConfigKeys (ConfUtils.java:logGet(43)) - raft.server.log.segment.size.max = 1048576 (custom)
2019-09-19 14:21:40,653 [pool-60-thread-1] INFO  server.RaftServerConfigKeys (ConfUtils.java:logGet(43)) - raft.server.log.preallocated.size = 16384 (custom)
2019-09-19 14:21:40,653 [pool-60-thread-1] INFO  server.RaftServerConfigKeys (ConfUtils.java:logGet(43)) - raft.server.log.write.buffer.size = 33554432 (custom)
2019-09-19 14:21:40,653 [pool-60-thread-1] INFO  server.RaftServerConfigKeys (ConfUtils.java:logGet(43)) - raft.server.log.force.sync.num = 128 (default)
2019-09-19 14:21:40,653 [pool-60-thread-1] INFO  server.RaftServerConfigKeys (ConfUtils.java:logGet(43)) - raft.server.log.statemachine.data.sync = true (default)
2019-09-19 14:21:40,653 [pool-60-thread-1] INFO  server.RaftServerConfigKeys (ConfUtils.java:logGet(43)) - raft.server.log.statemachine.data.sync.timeout = 10s (default)
2019-09-19 14:21:40,653 [pool-60-thread-1] INFO  server.RaftServerConfigKeys (ConfUtils.java:logGet(43)) - raft.server.log.statemachine.data.sync.timeout.retry = -1 (default)
2019-09-19 14:21:40,654 [pool-60-thread-1] INFO  server.RaftServerConfigKeys (ConfUtils.java:logGet(43)) - raft.server.log.statemachine.data.caching.enabled = true (custom)
2019-09-19 14:21:40,654 [pool-60-thread-1] INFO  segmented.SegmentedRaftLogWorker (SegmentedRaftLogWorker.java:lambda$new$0(132)) - 6403e584-2209-453b-b79e-eeb0a7b58516-SegmentedRaftLogWorker:Storage Directory /workdir/hadoop-ozone/integration-test/target/test-dir/MiniOzoneClusterImpl-210d6028-2152-4683-81ff-347b0d29bb13/datanode-3/data/ratis/fb28e6d0-c737-4d0c-89a9-8c37e5a08283: flushIndex: setUnconditionally 0 -> -1
2019-09-19 14:21:40,654 [pool-60-thread-1] INFO  server.RaftServerConfigKeys (ConfUtils.java:logGet(43)) - raft.server.snapshot.auto.trigger.enabled = true (custom)
2019-09-19 14:21:40,654 [pool-60-thread-1] INFO  server.RaftServerConfigKeys (ConfUtils.java:logGet(43)) - raft.server.snapshot.auto.trigger.threshold = 10000 (custom)
2019-09-19 14:21:40,654 [pool-60-thread-1] INFO  server.RaftServerConfigKeys (ConfUtils.java:logGet(43)) - raft.server.retrycache.expirytime = 600000ms (custom)
2019-09-19 14:21:40,654 [pool-60-thread-1] INFO  impl.RaftServerImpl (RaftServerImpl.java:start(180)) - 6403e584-2209-453b-b79e-eeb0a7b58516: start group-8C37E5A08283
2019-09-19 14:21:40,654 [pool-60-thread-1] INFO  impl.RaftServerImpl (RaftServerImpl.java:setRole(171)) - 6403e584-2209-453b-b79e-eeb0a7b58516:group-8C37E5A08283 changes role from null to FOLLOWER at term 0 for startAsFollower
2019-09-19 14:21:40,655 [pool-60-thread-1] INFO  impl.RoleInfo (RoleInfo.java:updateAndGet(143)) - 6403e584-2209-453b-b79e-eeb0a7b58516: start FollowerState
2019-09-19 14:21:40,655 [pool-60-thread-1] INFO  util.JmxRegister (JmxRegister.java:tryRegister(44)) - Successfully registered JMX Bean with object name Ratis:service=RaftServer,group=group-8C37E5A08283,id=6403e584-2209-453b-b79e-eeb0a7b58516
2019-09-19 14:21:40,657 [RatisPipelineUtilsThread] INFO  pipeline.PipelineStateManager (PipelineStateManager.java:addPipeline(56)) - Created pipeline Pipeline[ Id: fb28e6d0-c737-4d0c-89a9-8c37e5a08283, Nodes: 6403e584-2209-453b-b79e-eeb0a7b58516{ip: 192.168.157.226, host: pr-hdds-1569-swxfz-3172132826, networkLocation: /default-rack, certSerialId: null}, Type:RATIS, Factor:ONE, State:OPEN]
2019-09-19 14:21:40,662 [grpc-default-executor-2] INFO  impl.RaftServerProxy (RaftServerProxy.java:addNew(89)) - 85c6a9f3-b9a5-43a5-ac4f-9aa7bd5f2263: addNew group-AF4AFE69BC98:[85c6a9f3-b9a5-43a5-ac4f-9aa7bd5f2263:192.168.157.226:45170] returns group-AF4AFE69BC98:java.util.concurrent.CompletableFuture@73956670[Not completed]
2019-09-19 14:21:40,663 [pool-27-thread-1] INFO  impl.RaftServerImpl (RaftServerImpl.java:<init>(93)) - 85c6a9f3-b9a5-43a5-ac4f-9aa7bd5f2263: new RaftServerImpl for group-AF4AFE69BC98:[85c6a9f3-b9a5-43a5-ac4f-9aa7bd5f2263:192.168.157.226:45170] with ContainerStateMachine:uninitialized
2019-09-19 14:21:40,663 [pool-27-thread-1] INFO  server.RaftServerConfigKeys (ConfUtils.java:logGet(43)) - raft.server.rpc.timeout.min = 5s (custom)
2019-09-19 14:21:40,663 [pool-27-thread-1] INFO  server.RaftServerConfigKeys (ConfUtils.java:logGet(43)) - raft.server.rpc.timeout.max = 5200ms (custom)
2019-09-19 14:21:40,663 [pool-27-thread-1] INFO  server.RaftServerConfigKeys (ConfUtils.java:logGet(43)) - raft.server.rpcslowness.timeout = 120s (custom)
2019-09-19 14:21:40,663 [pool-27-thread-1] INFO  server.RaftServerConfigKeys (ConfUtils.java:logGet(43)) - raft.server.sleep.deviation.threshold = 300 (default)
2019-09-19 14:21:40,664 [pool-27-thread-1] INFO  server.RaftServerConfigKeys (ConfUtils.java:logGet(43)) - raft.server.log.appender.install.snapshot.enabled = false (custom)
2019-09-19 14:21:40,664 [pool-27-thread-1] INFO  impl.RaftServerImpl (ServerState.java:<init>(105)) - 85c6a9f3-b9a5-43a5-ac4f-9aa7bd5f2263:group-AF4AFE69BC98 ConfigurationManager, init=-1: [85c6a9f3-b9a5-43a5-ac4f-9aa7bd5f2263:192.168.157.226:45170], old=null, confs=<EMPTY_MAP>
2019-09-19 14:21:40,664 [pool-27-thread-1] INFO  server.RaftServerConfigKeys (ConfUtils.java:logGet(43)) - raft.server.storage.dir = [/workdir/hadoop-ozone/integration-test/target/test-dir/MiniOzoneClusterImpl-210d6028-2152-4683-81ff-347b0d29bb13/datanode-0/data/ratis] (custom)
2019-09-19 14:21:40,664 [pool-27-thread-1] INFO  storage.RaftStorageDirectory (RaftStorageDirectory.java:analyzeStorage(246)) - The storage directory /workdir/hadoop-ozone/integration-test/target/test-dir/MiniOzoneClusterImpl-210d6028-2152-4683-81ff-347b0d29bb13/datanode-0/data/ratis/bb007223-e64a-4e98-94ec-af4afe69bc98 does not exist. Creating ...
2019-09-19 14:21:40,668 [pool-27-thread-1] INFO  storage.RaftStorageDirectory (RaftStorageDirectory.java:tryLock(328)) - Lock on /workdir/hadoop-ozone/integration-test/target/test-dir/MiniOzoneClusterImpl-210d6028-2152-4683-81ff-347b0d29bb13/datanode-0/data/ratis/bb007223-e64a-4e98-94ec-af4afe69bc98/in_use.lock acquired by nodename 16198@pr-hdds-1569-swxfz-3172132826
2019-09-19 14:21:40,714 [pool-27-thread-1] INFO  storage.RaftStorage (RaftStorage.java:format(72)) - Storage directory /workdir/hadoop-ozone/integration-test/target/test-dir/MiniOzoneClusterImpl-210d6028-2152-4683-81ff-347b0d29bb13/datanode-0/data/ratis/bb007223-e64a-4e98-94ec-af4afe69bc98 has been successfully formatted.
2019-09-19 14:21:40,714 [pool-27-thread-1] INFO  ratis.ContainerStateMachine (ContainerStateMachine.java:loadSnapshot(226)) - group-AF4AFE69BC98: The snapshot info is null. Setting the last applied indexto:(t:0, i:~)
2019-09-19 14:21:40,714 [pool-27-thread-1] INFO  server.RaftServerConfigKeys (ConfUtils.java:logGet(43)) - raft.server.leader.election.timeout = 120s (custom)
2019-09-19 14:21:40,714 [pool-27-thread-1] INFO  server.RaftServerConfigKeys (ConfUtils.java:logGet(43)) - raft.server.log.use.memory = false (default)
2019-09-19 14:21:40,714 [pool-27-thread-1] INFO  server.RaftServerConfigKeys (ConfUtils.java:logGet(43)) - raft.server.log.purge.gap = 1000000 (custom)
2019-09-19 14:21:40,715 [pool-27-thread-1] INFO  server.RaftServerConfigKeys (ConfUtils.java:logGet(43)) - raft.server.log.appender.buffer.byte-limit = 33554432 (custom)
2019-09-19 14:21:40,715 [pool-27-thread-1] INFO  server.RaftServerConfigKeys (ConfUtils.java:logGet(43)) - raft.server.log.segment.size.max = 1048576 (custom)
2019-09-19 14:21:40,715 [pool-27-thread-1] INFO  server.RaftServerConfigKeys (ConfUtils.java:logGet(43)) - raft.server.log.segment.cache.num.max = 2 (custom)
2019-09-19 14:21:40,715 [pool-27-thread-1] INFO  segmented.SegmentedRaftLogWorker (SegmentedRaftLogWorker.java:<init>(172)) - new 85c6a9f3-b9a5-43a5-ac4f-9aa7bd5f2263-SegmentedRaftLogWorker:Storage Directory /workdir/hadoop-ozone/integration-test/target/test-dir/MiniOzoneClusterImpl-210d6028-2152-4683-81ff-347b0d29bb13/datanode-0/data/ratis/bb007223-e64a-4e98-94ec-af4afe69bc98 for RaftStorage:Storage Directory /workdir/hadoop-ozone/integration-test/target/test-dir/MiniOzoneClusterImpl-210d6028-2152-4683-81ff-347b0d29bb13/datanode-0/data/ratis/bb007223-e64a-4e98-94ec-af4afe69bc98
2019-09-19 14:21:40,715 [pool-27-thread-1] INFO  server.RaftServerConfigKeys (ConfUtils.java:logGet(43)) - raft.server.log.queue.byte-limit = 2147483647 (custom)
2019-09-19 14:21:40,715 [pool-27-thread-1] INFO  server.RaftServerConfigKeys (ConfUtils.java:logGet(43)) - raft.server.log.queue.element-limit = 1024 (custom)
2019-09-19 14:21:40,716 [pool-27-thread-1] INFO  server.RaftServerConfigKeys (ConfUtils.java:logGet(43)) - raft.server.log.segment.size.max = 1048576 (custom)
2019-09-19 14:21:40,716 [pool-27-thread-1] INFO  server.RaftServerConfigKeys (ConfUtils.java:logGet(43)) - raft.server.log.preallocated.size = 16384 (custom)
2019-09-19 14:21:40,716 [pool-27-thread-1] INFO  server.RaftServerConfigKeys (ConfUtils.java:logGet(43)) - raft.server.log.write.buffer.size = 33554432 (custom)
2019-09-19 14:21:40,716 [pool-27-thread-1] INFO  server.RaftServerConfigKeys (ConfUtils.java:logGet(43)) - raft.server.log.force.sync.num = 128 (default)
2019-09-19 14:21:40,716 [pool-27-thread-1] INFO  server.RaftServerConfigKeys (ConfUtils.java:logGet(43)) - raft.server.log.statemachine.data.sync = true (default)
2019-09-19 14:21:40,716 [pool-27-thread-1] INFO  server.RaftServerConfigKeys (ConfUtils.java:logGet(43)) - raft.server.log.statemachine.data.sync.timeout = 10s (default)
2019-09-19 14:21:40,716 [pool-27-thread-1] INFO  server.RaftServerConfigKeys (ConfUtils.java:logGet(43)) - raft.server.log.statemachine.data.sync.timeout.retry = -1 (default)
2019-09-19 14:21:40,717 [pool-27-thread-1] INFO  server.RaftServerConfigKeys (ConfUtils.java:logGet(43)) - raft.server.log.statemachine.data.caching.enabled = true (custom)
2019-09-19 14:21:40,717 [pool-27-thread-1] INFO  segmented.SegmentedRaftLogWorker (SegmentedRaftLogWorker.java:lambda$new$0(132)) - 85c6a9f3-b9a5-43a5-ac4f-9aa7bd5f2263-SegmentedRaftLogWorker:Storage Directory /workdir/hadoop-ozone/integration-test/target/test-dir/MiniOzoneClusterImpl-210d6028-2152-4683-81ff-347b0d29bb13/datanode-0/data/ratis/bb007223-e64a-4e98-94ec-af4afe69bc98: flushIndex: setUnconditionally 0 -> -1
2019-09-19 14:21:40,717 [pool-27-thread-1] INFO  server.RaftServerConfigKeys (ConfUtils.java:logGet(43)) - raft.server.snapshot.auto.trigger.enabled = true (custom)
2019-09-19 14:21:40,717 [pool-27-thread-1] INFO  server.RaftServerConfigKeys (ConfUtils.java:logGet(43)) - raft.server.snapshot.auto.trigger.threshold = 10000 (custom)
2019-09-19 14:21:40,718 [pool-27-thread-1] INFO  server.RaftServerConfigKeys (ConfUtils.java:logGet(43)) - raft.server.retrycache.expirytime = 600000ms (custom)
2019-09-19 14:21:40,718 [pool-27-thread-1] INFO  impl.RaftServerImpl (RaftServerImpl.java:start(180)) - 85c6a9f3-b9a5-43a5-ac4f-9aa7bd5f2263: start group-AF4AFE69BC98
2019-09-19 14:21:40,718 [pool-27-thread-1] INFO  impl.RaftServerImpl (RaftServerImpl.java:setRole(171)) - 85c6a9f3-b9a5-43a5-ac4f-9aa7bd5f2263:group-AF4AFE69BC98 changes role from null to FOLLOWER at term 0 for startAsFollower
2019-09-19 14:21:40,718 [pool-27-thread-1] INFO  impl.RoleInfo (RoleInfo.java:updateAndGet(143)) - 85c6a9f3-b9a5-43a5-ac4f-9aa7bd5f2263: start FollowerState
2019-09-19 14:21:40,718 [pool-27-thread-1] INFO  util.JmxRegister (JmxRegister.java:tryRegister(44)) - Successfully registered JMX Bean with object name Ratis:service=RaftServer,group=group-AF4AFE69BC98,id=85c6a9f3-b9a5-43a5-ac4f-9aa7bd5f2263
2019-09-19 14:21:40,721 [RatisPipelineUtilsThread] INFO  pipeline.PipelineStateManager (PipelineStateManager.java:addPipeline(56)) - Created pipeline Pipeline[ Id: bb007223-e64a-4e98-94ec-af4afe69bc98, Nodes: 85c6a9f3-b9a5-43a5-ac4f-9aa7bd5f2263{ip: 192.168.157.226, host: pr-hdds-1569-swxfz-3172132826, networkLocation: /default-rack, certSerialId: null}, Type:RATIS, Factor:ONE, State:OPEN]
2019-09-19 14:21:40,726 [grpc-default-executor-2] INFO  impl.RaftServerProxy (RaftServerProxy.java:addNew(89)) - 5dfaa0ea-416a-422c-a75d-43311aceb00a: addNew group-7F2AB031CC89:[5dfaa0ea-416a-422c-a75d-43311aceb00a:192.168.157.226:45629] returns group-7F2AB031CC89:java.util.concurrent.CompletableFuture@6a729727[Not completed]
2019-09-19 14:21:40,728 [pool-38-thread-1] INFO  impl.RaftServerImpl (RaftServerImpl.java:<init>(93)) - 5dfaa0ea-416a-422c-a75d-43311aceb00a: new RaftServerImpl for group-7F2AB031CC89:[5dfaa0ea-416a-422c-a75d-43311aceb00a:192.168.157.226:45629] with ContainerStateMachine:uninitialized
2019-09-19 14:21:40,728 [pool-38-thread-1] INFO  server.RaftServerConfigKeys (ConfUtils.java:logGet(43)) - raft.server.rpc.timeout.min = 5s (custom)
2019-09-19 14:21:40,728 [pool-38-thread-1] INFO  server.RaftServerConfigKeys (ConfUtils.java:logGet(43)) - raft.server.rpc.timeout.max = 5200ms (custom)
2019-09-19 14:21:40,728 [pool-38-thread-1] INFO  server.RaftServerConfigKeys (ConfUtils.java:logGet(43)) - raft.server.rpcslowness.timeout = 120s (custom)
2019-09-19 14:21:40,728 [pool-38-thread-1] INFO  server.RaftServerConfigKeys (ConfUtils.java:logGet(43)) - raft.server.sleep.deviation.threshold = 300 (default)
2019-09-19 14:21:40,729 [pool-38-thread-1] INFO  server.RaftServerConfigKeys (ConfUtils.java:logGet(43)) - raft.server.log.appender.install.snapshot.enabled = false (custom)
2019-09-19 14:21:40,729 [pool-38-thread-1] INFO  impl.RaftServerImpl (ServerState.java:<init>(105)) - 5dfaa0ea-416a-422c-a75d-43311aceb00a:group-7F2AB031CC89 ConfigurationManager, init=-1: [5dfaa0ea-416a-422c-a75d-43311aceb00a:192.168.157.226:45629], old=null, confs=<EMPTY_MAP>
2019-09-19 14:21:40,729 [pool-38-thread-1] INFO  server.RaftServerConfigKeys (ConfUtils.java:logGet(43)) - raft.server.storage.dir = [/workdir/hadoop-ozone/integration-test/target/test-dir/MiniOzoneClusterImpl-210d6028-2152-4683-81ff-347b0d29bb13/datanode-1/data/ratis] (custom)
2019-09-19 14:21:40,729 [pool-38-thread-1] INFO  storage.RaftStorageDirectory (RaftStorageDirectory.java:analyzeStorage(246)) - The storage directory /workdir/hadoop-ozone/integration-test/target/test-dir/MiniOzoneClusterImpl-210d6028-2152-4683-81ff-347b0d29bb13/datanode-1/data/ratis/2ca22967-3872-4a27-bc0e-7f2ab031cc89 does not exist. Creating ...
2019-09-19 14:21:40,763 [pool-38-thread-1] INFO  storage.RaftStorageDirectory (RaftStorageDirectory.java:tryLock(328)) - Lock on /workdir/hadoop-ozone/integration-test/target/test-dir/MiniOzoneClusterImpl-210d6028-2152-4683-81ff-347b0d29bb13/datanode-1/data/ratis/2ca22967-3872-4a27-bc0e-7f2ab031cc89/in_use.lock acquired by nodename 16198@pr-hdds-1569-swxfz-3172132826
2019-09-19 14:21:40,832 [pool-38-thread-1] INFO  storage.RaftStorage (RaftStorage.java:format(72)) - Storage directory /workdir/hadoop-ozone/integration-test/target/test-dir/MiniOzoneClusterImpl-210d6028-2152-4683-81ff-347b0d29bb13/datanode-1/data/ratis/2ca22967-3872-4a27-bc0e-7f2ab031cc89 has been successfully formatted.
2019-09-19 14:21:40,833 [pool-38-thread-1] INFO  ratis.ContainerStateMachine (ContainerStateMachine.java:loadSnapshot(226)) - group-7F2AB031CC89: The snapshot info is null. Setting the last applied indexto:(t:0, i:~)
2019-09-19 14:21:40,833 [pool-38-thread-1] INFO  server.RaftServerConfigKeys (ConfUtils.java:logGet(43)) - raft.server.leader.election.timeout = 120s (custom)
2019-09-19 14:21:40,833 [pool-38-thread-1] INFO  server.RaftServerConfigKeys (ConfUtils.java:logGet(43)) - raft.server.log.use.memory = false (default)
2019-09-19 14:21:40,833 [pool-38-thread-1] INFO  server.RaftServerConfigKeys (ConfUtils.java:logGet(43)) - raft.server.log.purge.gap = 1000000 (custom)
2019-09-19 14:21:40,833 [pool-38-thread-1] INFO  server.RaftServerConfigKeys (ConfUtils.java:logGet(43)) - raft.server.log.appender.buffer.byte-limit = 33554432 (custom)
2019-09-19 14:21:40,834 [pool-38-thread-1] INFO  server.RaftServerConfigKeys (ConfUtils.java:logGet(43)) - raft.server.log.segment.size.max = 1048576 (custom)
2019-09-19 14:21:40,834 [pool-38-thread-1] INFO  server.RaftServerConfigKeys (ConfUtils.java:logGet(43)) - raft.server.log.segment.cache.num.max = 2 (custom)
2019-09-19 14:21:40,834 [pool-38-thread-1] INFO  segmented.SegmentedRaftLogWorker (SegmentedRaftLogWorker.java:<init>(172)) - new 5dfaa0ea-416a-422c-a75d-43311aceb00a-SegmentedRaftLogWorker:Storage Directory /workdir/hadoop-ozone/integration-test/target/test-dir/MiniOzoneClusterImpl-210d6028-2152-4683-81ff-347b0d29bb13/datanode-1/data/ratis/2ca22967-3872-4a27-bc0e-7f2ab031cc89 for RaftStorage:Storage Directory /workdir/hadoop-ozone/integration-test/target/test-dir/MiniOzoneClusterImpl-210d6028-2152-4683-81ff-347b0d29bb13/datanode-1/data/ratis/2ca22967-3872-4a27-bc0e-7f2ab031cc89
2019-09-19 14:21:40,834 [pool-38-thread-1] INFO  server.RaftServerConfigKeys (ConfUtils.java:logGet(43)) - raft.server.log.queue.byte-limit = 2147483647 (custom)
2019-09-19 14:21:40,834 [pool-38-thread-1] INFO  server.RaftServerConfigKeys (ConfUtils.java:logGet(43)) - raft.server.log.queue.element-limit = 1024 (custom)
2019-09-19 14:21:40,835 [pool-38-thread-1] INFO  server.RaftServerConfigKeys (ConfUtils.java:logGet(43)) - raft.server.log.segment.size.max = 1048576 (custom)
2019-09-19 14:21:40,835 [pool-38-thread-1] INFO  server.RaftServerConfigKeys (ConfUtils.java:logGet(43)) - raft.server.log.preallocated.size = 16384 (custom)
2019-09-19 14:21:40,835 [pool-38-thread-1] INFO  server.RaftServerConfigKeys (ConfUtils.java:logGet(43)) - raft.server.log.write.buffer.size = 33554432 (custom)
2019-09-19 14:21:40,835 [pool-38-thread-1] INFO  server.RaftServerConfigKeys (ConfUtils.java:logGet(43)) - raft.server.log.force.sync.num = 128 (default)
2019-09-19 14:21:40,835 [pool-38-thread-1] INFO  server.RaftServerConfigKeys (ConfUtils.java:logGet(43)) - raft.server.log.statemachine.data.sync = true (default)
2019-09-19 14:21:40,835 [pool-38-thread-1] INFO  server.RaftServerConfigKeys (ConfUtils.java:logGet(43)) - raft.server.log.statemachine.data.sync.timeout = 10s (default)
2019-09-19 14:21:40,836 [pool-38-thread-1] INFO  server.RaftServerConfigKeys (ConfUtils.java:logGet(43)) - raft.server.log.statemachine.data.sync.timeout.retry = -1 (default)
2019-09-19 14:21:40,836 [pool-38-thread-1] INFO  server.RaftServerConfigKeys (ConfUtils.java:logGet(43)) - raft.server.log.statemachine.data.caching.enabled = true (custom)
2019-09-19 14:21:40,836 [pool-38-thread-1] INFO  segmented.SegmentedRaftLogWorker (SegmentedRaftLogWorker.java:lambda$new$0(132)) - 5dfaa0ea-416a-422c-a75d-43311aceb00a-SegmentedRaftLogWorker:Storage Directory /workdir/hadoop-ozone/integration-test/target/test-dir/MiniOzoneClusterImpl-210d6028-2152-4683-81ff-347b0d29bb13/datanode-1/data/ratis/2ca22967-3872-4a27-bc0e-7f2ab031cc89: flushIndex: setUnconditionally 0 -> -1
2019-09-19 14:21:40,837 [pool-38-thread-1] INFO  server.RaftServerConfigKeys (ConfUtils.java:logGet(43)) - raft.server.snapshot.auto.trigger.enabled = true (custom)
2019-09-19 14:21:40,837 [pool-38-thread-1] INFO  server.RaftServerConfigKeys (ConfUtils.java:logGet(43)) - raft.server.snapshot.auto.trigger.threshold = 10000 (custom)
2019-09-19 14:21:40,837 [pool-38-thread-1] INFO  server.RaftServerConfigKeys (ConfUtils.java:logGet(43)) - raft.server.retrycache.expirytime = 600000ms (custom)
2019-09-19 14:21:40,837 [pool-38-thread-1] INFO  impl.RaftServerImpl (RaftServerImpl.java:start(180)) - 5dfaa0ea-416a-422c-a75d-43311aceb00a: start group-7F2AB031CC89
2019-09-19 14:21:40,837 [pool-38-thread-1] INFO  impl.RaftServerImpl (RaftServerImpl.java:setRole(171)) - 5dfaa0ea-416a-422c-a75d-43311aceb00a:group-7F2AB031CC89 changes role from null to FOLLOWER at term 0 for startAsFollower
2019-09-19 14:21:40,837 [pool-38-thread-1] INFO  impl.RoleInfo (RoleInfo.java:updateAndGet(143)) - 5dfaa0ea-416a-422c-a75d-43311aceb00a: start FollowerState
2019-09-19 14:21:40,838 [pool-38-thread-1] INFO  util.JmxRegister (JmxRegister.java:tryRegister(44)) - Successfully registered JMX Bean with object name Ratis:service=RaftServer,group=group-7F2AB031CC89,id=5dfaa0ea-416a-422c-a75d-43311aceb00a
2019-09-19 14:21:40,841 [RatisPipelineUtilsThread] INFO  pipeline.PipelineStateManager (PipelineStateManager.java:addPipeline(56)) - Created pipeline Pipeline[ Id: 2ca22967-3872-4a27-bc0e-7f2ab031cc89, Nodes: 5dfaa0ea-416a-422c-a75d-43311aceb00a{ip: 192.168.157.226, host: pr-hdds-1569-swxfz-3172132826, networkLocation: /default-rack, certSerialId: null}, Type:RATIS, Factor:ONE, State:OPEN]
2019-09-19 14:21:40,847 [grpc-default-executor-2] INFO  impl.RaftServerProxy (RaftServerProxy.java:addNew(89)) - 5dfaa0ea-416a-422c-a75d-43311aceb00a: addNew group-230E763C684C:[5dfaa0ea-416a-422c-a75d-43311aceb00a:192.168.157.226:45629] returns group-230E763C684C:java.util.concurrent.CompletableFuture@f603514[Not completed]
2019-09-19 14:21:40,848 [pool-38-thread-1] INFO  impl.RaftServerImpl (RaftServerImpl.java:<init>(93)) - 5dfaa0ea-416a-422c-a75d-43311aceb00a: new RaftServerImpl for group-230E763C684C:[5dfaa0ea-416a-422c-a75d-43311aceb00a:192.168.157.226:45629] with ContainerStateMachine:uninitialized
2019-09-19 14:21:40,849 [pool-38-thread-1] INFO  server.RaftServerConfigKeys (ConfUtils.java:logGet(43)) - raft.server.rpc.timeout.min = 5s (custom)
2019-09-19 14:21:40,849 [pool-38-thread-1] INFO  server.RaftServerConfigKeys (ConfUtils.java:logGet(43)) - raft.server.rpc.timeout.max = 5200ms (custom)
2019-09-19 14:21:40,849 [pool-38-thread-1] INFO  server.RaftServerConfigKeys (ConfUtils.java:logGet(43)) - raft.server.rpcslowness.timeout = 120s (custom)
2019-09-19 14:21:40,849 [pool-38-thread-1] INFO  server.RaftServerConfigKeys (ConfUtils.java:logGet(43)) - raft.server.sleep.deviation.threshold = 300 (default)
2019-09-19 14:21:40,849 [pool-38-thread-1] INFO  server.RaftServerConfigKeys (ConfUtils.java:logGet(43)) - raft.server.log.appender.install.snapshot.enabled = false (custom)
2019-09-19 14:21:40,849 [pool-38-thread-1] INFO  impl.RaftServerImpl (ServerState.java:<init>(105)) - 5dfaa0ea-416a-422c-a75d-43311aceb00a:group-230E763C684C ConfigurationManager, init=-1: [5dfaa0ea-416a-422c-a75d-43311aceb00a:192.168.157.226:45629], old=null, confs=<EMPTY_MAP>
2019-09-19 14:21:40,849 [pool-38-thread-1] INFO  server.RaftServerConfigKeys (ConfUtils.java:logGet(43)) - raft.server.storage.dir = [/workdir/hadoop-ozone/integration-test/target/test-dir/MiniOzoneClusterImpl-210d6028-2152-4683-81ff-347b0d29bb13/datanode-1/data/ratis] (custom)
2019-09-19 14:21:40,850 [pool-38-thread-1] INFO  storage.RaftStorageDirectory (RaftStorageDirectory.java:analyzeStorage(246)) - The storage directory /workdir/hadoop-ozone/integration-test/target/test-dir/MiniOzoneClusterImpl-210d6028-2152-4683-81ff-347b0d29bb13/datanode-1/data/ratis/73c63659-0c12-4dfd-b970-230e763c684c does not exist. Creating ...
2019-09-19 14:21:40,869 | INFO  | SCMAudit | user=jenkins1000 | ip=192.168.157.226 | op=SEND_HEARTBEAT {datanodeUUID=85c6a9f3-b9a5-43a5-ac4f-9aa7bd5f2263, command=[]} | ret=SUCCESS |  
2019-09-19 14:21:40,869 | INFO  | SCMAudit | user=jenkins1000 | ip=192.168.157.226 | op=SEND_HEARTBEAT {datanodeUUID=5dfaa0ea-416a-422c-a75d-43311aceb00a, command=[]} | ret=SUCCESS |  
2019-09-19 14:21:40,869 | INFO  | SCMAudit | user=jenkins1000 | ip=192.168.157.226 | op=SEND_HEARTBEAT {datanodeUUID=431517c4-8c09-4790-b37b-2e132c8143ad, command=[]} | ret=SUCCESS |  
2019-09-19 14:21:40,869 | INFO  | SCMAudit | user=jenkins1000 | ip=192.168.157.226 | op=SEND_HEARTBEAT {datanodeUUID=1190b9a7-12b1-4c15-b33e-f7d0a0cd436c, command=[]} | ret=SUCCESS |  
2019-09-19 14:21:40,870 | INFO  | SCMAudit | user=jenkins1000 | ip=192.168.157.226 | op=SEND_HEARTBEAT {datanodeUUID=56d21ab3-8f6d-44ea-b961-c721a1c09246, command=[]} | ret=SUCCESS |  
2019-09-19 14:21:40,913 [pool-38-thread-1] INFO  storage.RaftStorageDirectory (RaftStorageDirectory.java:tryLock(328)) - Lock on /workdir/hadoop-ozone/integration-test/target/test-dir/MiniOzoneClusterImpl-210d6028-2152-4683-81ff-347b0d29bb13/datanode-1/data/ratis/73c63659-0c12-4dfd-b970-230e763c684c/in_use.lock acquired by nodename 16198@pr-hdds-1569-swxfz-3172132826
2019-09-19 14:21:40,986 [pool-38-thread-1] INFO  storage.RaftStorage (RaftStorage.java:format(72)) - Storage directory /workdir/hadoop-ozone/integration-test/target/test-dir/MiniOzoneClusterImpl-210d6028-2152-4683-81ff-347b0d29bb13/datanode-1/data/ratis/73c63659-0c12-4dfd-b970-230e763c684c has been successfully formatted.
2019-09-19 14:21:40,986 [pool-38-thread-1] INFO  ratis.ContainerStateMachine (ContainerStateMachine.java:loadSnapshot(226)) - group-230E763C684C: The snapshot info is null. Setting the last applied indexto:(t:0, i:~)
2019-09-19 14:21:40,987 [pool-38-thread-1] INFO  server.RaftServerConfigKeys (ConfUtils.java:logGet(43)) - raft.server.leader.election.timeout = 120s (custom)
2019-09-19 14:21:40,987 [pool-38-thread-1] INFO  server.RaftServerConfigKeys (ConfUtils.java:logGet(43)) - raft.server.log.use.memory = false (default)
2019-09-19 14:21:40,987 [pool-38-thread-1] INFO  server.RaftServerConfigKeys (ConfUtils.java:logGet(43)) - raft.server.log.purge.gap = 1000000 (custom)
2019-09-19 14:21:40,987 [pool-38-thread-1] INFO  server.RaftServerConfigKeys (ConfUtils.java:logGet(43)) - raft.server.log.appender.buffer.byte-limit = 33554432 (custom)
2019-09-19 14:21:40,987 [pool-38-thread-1] INFO  server.RaftServerConfigKeys (ConfUtils.java:logGet(43)) - raft.server.log.segment.size.max = 1048576 (custom)
2019-09-19 14:21:40,988 [pool-38-thread-1] INFO  server.RaftServerConfigKeys (ConfUtils.java:logGet(43)) - raft.server.log.segment.cache.num.max = 2 (custom)
2019-09-19 14:21:40,988 [pool-38-thread-1] INFO  segmented.SegmentedRaftLogWorker (SegmentedRaftLogWorker.java:<init>(172)) - new 5dfaa0ea-416a-422c-a75d-43311aceb00a-SegmentedRaftLogWorker:Storage Directory /workdir/hadoop-ozone/integration-test/target/test-dir/MiniOzoneClusterImpl-210d6028-2152-4683-81ff-347b0d29bb13/datanode-1/data/ratis/73c63659-0c12-4dfd-b970-230e763c684c for RaftStorage:Storage Directory /workdir/hadoop-ozone/integration-test/target/test-dir/MiniOzoneClusterImpl-210d6028-2152-4683-81ff-347b0d29bb13/datanode-1/data/ratis/73c63659-0c12-4dfd-b970-230e763c684c
2019-09-19 14:21:40,988 [pool-38-thread-1] INFO  server.RaftServerConfigKeys (ConfUtils.java:logGet(43)) - raft.server.log.queue.byte-limit = 2147483647 (custom)
2019-09-19 14:21:40,988 [pool-38-thread-1] INFO  server.RaftServerConfigKeys (ConfUtils.java:logGet(43)) - raft.server.log.queue.element-limit = 1024 (custom)
2019-09-19 14:21:40,988 [pool-38-thread-1] INFO  server.RaftServerConfigKeys (ConfUtils.java:logGet(43)) - raft.server.log.segment.size.max = 1048576 (custom)
2019-09-19 14:21:40,988 [pool-38-thread-1] INFO  server.RaftServerConfigKeys (ConfUtils.java:logGet(43)) - raft.server.log.preallocated.size = 16384 (custom)
2019-09-19 14:21:40,989 [pool-38-thread-1] INFO  server.RaftServerConfigKeys (ConfUtils.java:logGet(43)) - raft.server.log.write.buffer.size = 33554432 (custom)
2019-09-19 14:21:40,989 [pool-38-thread-1] INFO  server.RaftServerConfigKeys (ConfUtils.java:logGet(43)) - raft.server.log.force.sync.num = 128 (default)
2019-09-19 14:21:40,989 [pool-38-thread-1] INFO  server.RaftServerConfigKeys (ConfUtils.java:logGet(43)) - raft.server.log.statemachine.data.sync = true (default)
2019-09-19 14:21:40,989 [pool-38-thread-1] INFO  server.RaftServerConfigKeys (ConfUtils.java:logGet(43)) - raft.server.log.statemachine.data.sync.timeout = 10s (default)
2019-09-19 14:21:40,989 [pool-38-thread-1] INFO  server.RaftServerConfigKeys (ConfUtils.java:logGet(43)) - raft.server.log.statemachine.data.sync.timeout.retry = -1 (default)
2019-09-19 14:21:40,989 [pool-38-thread-1] INFO  server.RaftServerConfigKeys (ConfUtils.java:logGet(43)) - raft.server.log.statemachine.data.caching.enabled = true (custom)
2019-09-19 14:21:40,990 [pool-38-thread-1] INFO  segmented.SegmentedRaftLogWorker (SegmentedRaftLogWorker.java:lambda$new$0(132)) - 5dfaa0ea-416a-422c-a75d-43311aceb00a-SegmentedRaftLogWorker:Storage Directory /workdir/hadoop-ozone/integration-test/target/test-dir/MiniOzoneClusterImpl-210d6028-2152-4683-81ff-347b0d29bb13/datanode-1/data/ratis/73c63659-0c12-4dfd-b970-230e763c684c: flushIndex: setUnconditionally 0 -> -1
2019-09-19 14:21:40,990 [pool-38-thread-1] INFO  server.RaftServerConfigKeys (ConfUtils.java:logGet(43)) - raft.server.snapshot.auto.trigger.enabled = true (custom)
2019-09-19 14:21:40,990 [pool-38-thread-1] INFO  server.RaftServerConfigKeys (ConfUtils.java:logGet(43)) - raft.server.snapshot.auto.trigger.threshold = 10000 (custom)
2019-09-19 14:21:40,991 [pool-38-thread-1] INFO  server.RaftServerConfigKeys (ConfUtils.java:logGet(43)) - raft.server.retrycache.expirytime = 600000ms (custom)
2019-09-19 14:21:40,991 [pool-38-thread-1] INFO  impl.RaftServerImpl (RaftServerImpl.java:start(180)) - 5dfaa0ea-416a-422c-a75d-43311aceb00a: start group-230E763C684C
2019-09-19 14:21:40,991 [pool-38-thread-1] INFO  impl.RaftServerImpl (RaftServerImpl.java:setRole(171)) - 5dfaa0ea-416a-422c-a75d-43311aceb00a:group-230E763C684C changes role from null to FOLLOWER at term 0 for startAsFollower
2019-09-19 14:21:40,991 [pool-38-thread-1] INFO  impl.RoleInfo (RoleInfo.java:updateAndGet(143)) - 5dfaa0ea-416a-422c-a75d-43311aceb00a: start FollowerState
2019-09-19 14:21:40,992 [pool-38-thread-1] INFO  util.JmxRegister (JmxRegister.java:tryRegister(44)) - Successfully registered JMX Bean with object name Ratis:service=RaftServer,group=group-230E763C684C,id=5dfaa0ea-416a-422c-a75d-43311aceb00a
2019-09-19 14:21:40,995 [RatisPipelineUtilsThread] INFO  pipeline.PipelineStateManager (PipelineStateManager.java:addPipeline(56)) - Created pipeline Pipeline[ Id: 73c63659-0c12-4dfd-b970-230e763c684c, Nodes: 5dfaa0ea-416a-422c-a75d-43311aceb00a{ip: 192.168.157.226, host: pr-hdds-1569-swxfz-3172132826, networkLocation: /default-rack, certSerialId: null}, Type:RATIS, Factor:ONE, State:OPEN]
2019-09-19 14:21:41,000 [grpc-default-executor-2] INFO  impl.RaftServerProxy (RaftServerProxy.java:addNew(89)) - 85c6a9f3-b9a5-43a5-ac4f-9aa7bd5f2263: addNew group-A5C201119BCC:[85c6a9f3-b9a5-43a5-ac4f-9aa7bd5f2263:192.168.157.226:45170] returns group-A5C201119BCC:java.util.concurrent.CompletableFuture@3599042d[Not completed]
2019-09-19 14:21:41,001 [pool-27-thread-1] INFO  impl.RaftServerImpl (RaftServerImpl.java:<init>(93)) - 85c6a9f3-b9a5-43a5-ac4f-9aa7bd5f2263: new RaftServerImpl for group-A5C201119BCC:[85c6a9f3-b9a5-43a5-ac4f-9aa7bd5f2263:192.168.157.226:45170] with ContainerStateMachine:uninitialized
2019-09-19 14:21:41,001 [pool-27-thread-1] INFO  server.RaftServerConfigKeys (ConfUtils.java:logGet(43)) - raft.server.rpc.timeout.min = 5s (custom)
2019-09-19 14:21:41,002 [pool-27-thread-1] INFO  server.RaftServerConfigKeys (ConfUtils.java:logGet(43)) - raft.server.rpc.timeout.max = 5200ms (custom)
2019-09-19 14:21:41,002 [pool-27-thread-1] INFO  server.RaftServerConfigKeys (ConfUtils.java:logGet(43)) - raft.server.rpcslowness.timeout = 120s (custom)
2019-09-19 14:21:41,002 [pool-27-thread-1] INFO  server.RaftServerConfigKeys (ConfUtils.java:logGet(43)) - raft.server.sleep.deviation.threshold = 300 (default)
2019-09-19 14:21:41,002 [pool-27-thread-1] INFO  server.RaftServerConfigKeys (ConfUtils.java:logGet(43)) - raft.server.log.appender.install.snapshot.enabled = false (custom)
2019-09-19 14:21:41,002 [pool-27-thread-1] INFO  impl.RaftServerImpl (ServerState.java:<init>(105)) - 85c6a9f3-b9a5-43a5-ac4f-9aa7bd5f2263:group-A5C201119BCC ConfigurationManager, init=-1: [85c6a9f3-b9a5-43a5-ac4f-9aa7bd5f2263:192.168.157.226:45170], old=null, confs=<EMPTY_MAP>
2019-09-19 14:21:41,002 [pool-27-thread-1] INFO  server.RaftServerConfigKeys (ConfUtils.java:logGet(43)) - raft.server.storage.dir = [/workdir/hadoop-ozone/integration-test/target/test-dir/MiniOzoneClusterImpl-210d6028-2152-4683-81ff-347b0d29bb13/datanode-0/data/ratis] (custom)
2019-09-19 14:21:41,003 [pool-27-thread-1] INFO  storage.RaftStorageDirectory (RaftStorageDirectory.java:analyzeStorage(246)) - The storage directory /workdir/hadoop-ozone/integration-test/target/test-dir/MiniOzoneClusterImpl-210d6028-2152-4683-81ff-347b0d29bb13/datanode-0/data/ratis/a5b4024b-46c2-4dae-a6ee-a5c201119bcc does not exist. Creating ...
2019-09-19 14:21:41,063 [pool-27-thread-1] INFO  storage.RaftStorageDirectory (RaftStorageDirectory.java:tryLock(328)) - Lock on /workdir/hadoop-ozone/integration-test/target/test-dir/MiniOzoneClusterImpl-210d6028-2152-4683-81ff-347b0d29bb13/datanode-0/data/ratis/a5b4024b-46c2-4dae-a6ee-a5c201119bcc/in_use.lock acquired by nodename 16198@pr-hdds-1569-swxfz-3172132826
2019-09-19 14:21:41,136 [pool-27-thread-1] INFO  storage.RaftStorage (RaftStorage.java:format(72)) - Storage directory /workdir/hadoop-ozone/integration-test/target/test-dir/MiniOzoneClusterImpl-210d6028-2152-4683-81ff-347b0d29bb13/datanode-0/data/ratis/a5b4024b-46c2-4dae-a6ee-a5c201119bcc has been successfully formatted.
2019-09-19 14:21:41,136 [pool-27-thread-1] INFO  ratis.ContainerStateMachine (ContainerStateMachine.java:loadSnapshot(226)) - group-A5C201119BCC: The snapshot info is null. Setting the last applied indexto:(t:0, i:~)
2019-09-19 14:21:41,136 [pool-27-thread-1] INFO  server.RaftServerConfigKeys (ConfUtils.java:logGet(43)) - raft.server.leader.election.timeout = 120s (custom)
2019-09-19 14:21:41,136 [pool-27-thread-1] INFO  server.RaftServerConfigKeys (ConfUtils.java:logGet(43)) - raft.server.log.use.memory = false (default)
2019-09-19 14:21:41,136 [pool-27-thread-1] INFO  server.RaftServerConfigKeys (ConfUtils.java:logGet(43)) - raft.server.log.purge.gap = 1000000 (custom)
2019-09-19 14:21:41,136 [pool-27-thread-1] INFO  server.RaftServerConfigKeys (ConfUtils.java:logGet(43)) - raft.server.log.appender.buffer.byte-limit = 33554432 (custom)
2019-09-19 14:21:41,137 [pool-27-thread-1] INFO  server.RaftServerConfigKeys (ConfUtils.java:logGet(43)) - raft.server.log.segment.size.max = 1048576 (custom)
2019-09-19 14:21:41,137 [pool-27-thread-1] INFO  server.RaftServerConfigKeys (ConfUtils.java:logGet(43)) - raft.server.log.segment.cache.num.max = 2 (custom)
2019-09-19 14:21:41,137 [pool-27-thread-1] INFO  segmented.SegmentedRaftLogWorker (SegmentedRaftLogWorker.java:<init>(172)) - new 85c6a9f3-b9a5-43a5-ac4f-9aa7bd5f2263-SegmentedRaftLogWorker:Storage Directory /workdir/hadoop-ozone/integration-test/target/test-dir/MiniOzoneClusterImpl-210d6028-2152-4683-81ff-347b0d29bb13/datanode-0/data/ratis/a5b4024b-46c2-4dae-a6ee-a5c201119bcc for RaftStorage:Storage Directory /workdir/hadoop-ozone/integration-test/target/test-dir/MiniOzoneClusterImpl-210d6028-2152-4683-81ff-347b0d29bb13/datanode-0/data/ratis/a5b4024b-46c2-4dae-a6ee-a5c201119bcc
2019-09-19 14:21:41,137 [pool-27-thread-1] INFO  server.RaftServerConfigKeys (ConfUtils.java:logGet(43)) - raft.server.log.queue.byte-limit = 2147483647 (custom)
2019-09-19 14:21:41,137 [pool-27-thread-1] INFO  server.RaftServerConfigKeys (ConfUtils.java:logGet(43)) - raft.server.log.queue.element-limit = 1024 (custom)
2019-09-19 14:21:41,137 [pool-27-thread-1] INFO  server.RaftServerConfigKeys (ConfUtils.java:logGet(43)) - raft.server.log.segment.size.max = 1048576 (custom)
2019-09-19 14:21:41,137 [pool-27-thread-1] INFO  server.RaftServerConfigKeys (ConfUtils.java:logGet(43)) - raft.server.log.preallocated.size = 16384 (custom)
2019-09-19 14:21:41,137 [pool-27-thread-1] INFO  server.RaftServerConfigKeys (ConfUtils.java:logGet(43)) - raft.server.log.write.buffer.size = 33554432 (custom)
2019-09-19 14:21:41,137 [pool-27-thread-1] INFO  server.RaftServerConfigKeys (ConfUtils.java:logGet(43)) - raft.server.log.force.sync.num = 128 (default)
2019-09-19 14:21:41,138 [pool-27-thread-1] INFO  server.RaftServerConfigKeys (ConfUtils.java:logGet(43)) - raft.server.log.statemachine.data.sync = true (default)
2019-09-19 14:21:41,138 [pool-27-thread-1] INFO  server.RaftServerConfigKeys (ConfUtils.java:logGet(43)) - raft.server.log.statemachine.data.sync.timeout = 10s (default)
2019-09-19 14:21:41,138 [pool-27-thread-1] INFO  server.RaftServerConfigKeys (ConfUtils.java:logGet(43)) - raft.server.log.statemachine.data.sync.timeout.retry = -1 (default)
2019-09-19 14:21:41,138 [pool-27-thread-1] INFO  server.RaftServerConfigKeys (ConfUtils.java:logGet(43)) - raft.server.log.statemachine.data.caching.enabled = true (custom)
2019-09-19 14:21:41,138 [pool-27-thread-1] INFO  segmented.SegmentedRaftLogWorker (SegmentedRaftLogWorker.java:lambda$new$0(132)) - 85c6a9f3-b9a5-43a5-ac4f-9aa7bd5f2263-SegmentedRaftLogWorker:Storage Directory /workdir/hadoop-ozone/integration-test/target/test-dir/MiniOzoneClusterImpl-210d6028-2152-4683-81ff-347b0d29bb13/datanode-0/data/ratis/a5b4024b-46c2-4dae-a6ee-a5c201119bcc: flushIndex: setUnconditionally 0 -> -1
2019-09-19 14:21:41,138 [pool-27-thread-1] INFO  server.RaftServerConfigKeys (ConfUtils.java:logGet(43)) - raft.server.snapshot.auto.trigger.enabled = true (custom)
2019-09-19 14:21:41,139 [pool-27-thread-1] INFO  server.RaftServerConfigKeys (ConfUtils.java:logGet(43)) - raft.server.snapshot.auto.trigger.threshold = 10000 (custom)
2019-09-19 14:21:41,139 [pool-27-thread-1] INFO  server.RaftServerConfigKeys (ConfUtils.java:logGet(43)) - raft.server.retrycache.expirytime = 600000ms (custom)
2019-09-19 14:21:41,139 [pool-27-thread-1] INFO  impl.RaftServerImpl (RaftServerImpl.java:start(180)) - 85c6a9f3-b9a5-43a5-ac4f-9aa7bd5f2263: start group-A5C201119BCC
2019-09-19 14:21:41,139 [pool-27-thread-1] INFO  impl.RaftServerImpl (RaftServerImpl.java:setRole(171)) - 85c6a9f3-b9a5-43a5-ac4f-9aa7bd5f2263:group-A5C201119BCC changes role from null to FOLLOWER at term 0 for startAsFollower
2019-09-19 14:21:41,139 [pool-27-thread-1] INFO  impl.RoleInfo (RoleInfo.java:updateAndGet(143)) - 85c6a9f3-b9a5-43a5-ac4f-9aa7bd5f2263: start FollowerState
2019-09-19 14:21:41,139 [pool-27-thread-1] INFO  util.JmxRegister (JmxRegister.java:tryRegister(44)) - Successfully registered JMX Bean with object name Ratis:service=RaftServer,group=group-A5C201119BCC,id=85c6a9f3-b9a5-43a5-ac4f-9aa7bd5f2263
2019-09-19 14:21:41,142 [RatisPipelineUtilsThread] INFO  pipeline.PipelineStateManager (PipelineStateManager.java:addPipeline(56)) - Created pipeline Pipeline[ Id: a5b4024b-46c2-4dae-a6ee-a5c201119bcc, Nodes: 85c6a9f3-b9a5-43a5-ac4f-9aa7bd5f2263{ip: 192.168.157.226, host: pr-hdds-1569-swxfz-3172132826, networkLocation: /default-rack, certSerialId: null}, Type:RATIS, Factor:ONE, State:OPEN]
2019-09-19 14:21:41,148 [grpc-default-executor-2] INFO  impl.RaftServerProxy (RaftServerProxy.java:addNew(89)) - 6403e584-2209-453b-b79e-eeb0a7b58516: addNew group-5908DD2EABEA:[6403e584-2209-453b-b79e-eeb0a7b58516:192.168.157.226:35833] returns group-5908DD2EABEA:java.util.concurrent.CompletableFuture@1f1e5f22[Not completed]
2019-09-19 14:21:41,149 [pool-60-thread-1] INFO  impl.RaftServerImpl (RaftServerImpl.java:<init>(93)) - 6403e584-2209-453b-b79e-eeb0a7b58516: new RaftServerImpl for group-5908DD2EABEA:[6403e584-2209-453b-b79e-eeb0a7b58516:192.168.157.226:35833] with ContainerStateMachine:uninitialized
2019-09-19 14:21:41,149 [pool-60-thread-1] INFO  server.RaftServerConfigKeys (ConfUtils.java:logGet(43)) - raft.server.rpc.timeout.min = 5s (custom)
2019-09-19 14:21:41,149 [pool-60-thread-1] INFO  server.RaftServerConfigKeys (ConfUtils.java:logGet(43)) - raft.server.rpc.timeout.max = 5200ms (custom)
2019-09-19 14:21:41,149 [pool-60-thread-1] INFO  server.RaftServerConfigKeys (ConfUtils.java:logGet(43)) - raft.server.rpcslowness.timeout = 120s (custom)
2019-09-19 14:21:41,149 [pool-60-thread-1] INFO  server.RaftServerConfigKeys (ConfUtils.java:logGet(43)) - raft.server.sleep.deviation.threshold = 300 (default)
2019-09-19 14:21:41,149 [pool-60-thread-1] INFO  server.RaftServerConfigKeys (ConfUtils.java:logGet(43)) - raft.server.log.appender.install.snapshot.enabled = false (custom)
2019-09-19 14:21:41,149 [pool-60-thread-1] INFO  impl.RaftServerImpl (ServerState.java:<init>(105)) - 6403e584-2209-453b-b79e-eeb0a7b58516:group-5908DD2EABEA ConfigurationManager, init=-1: [6403e584-2209-453b-b79e-eeb0a7b58516:192.168.157.226:35833], old=null, confs=<EMPTY_MAP>
2019-09-19 14:21:41,150 [pool-60-thread-1] INFO  server.RaftServerConfigKeys (ConfUtils.java:logGet(43)) - raft.server.storage.dir = [/workdir/hadoop-ozone/integration-test/target/test-dir/MiniOzoneClusterImpl-210d6028-2152-4683-81ff-347b0d29bb13/datanode-3/data/ratis] (custom)
2019-09-19 14:21:41,150 [pool-60-thread-1] INFO  storage.RaftStorageDirectory (RaftStorageDirectory.java:analyzeStorage(246)) - The storage directory /workdir/hadoop-ozone/integration-test/target/test-dir/MiniOzoneClusterImpl-210d6028-2152-4683-81ff-347b0d29bb13/datanode-3/data/ratis/1c2eeda1-b507-4408-bb02-5908dd2eabea does not exist. Creating ...
2019-09-19 14:21:41,194 | INFO  | SCMAudit | user=jenkins1000 | ip=192.168.157.226 | op=SEND_HEARTBEAT {datanodeUUID=6403e584-2209-453b-b79e-eeb0a7b58516, command=[]} | ret=SUCCESS |  
2019-09-19 14:21:41,195 | INFO  | SCMAudit | user=jenkins1000 | ip=192.168.157.226 | op=SEND_HEARTBEAT {datanodeUUID=306a7a99-f2a5-4f40-b42b-2fc2def08a6a, command=[]} | ret=SUCCESS |  
2019-09-19 14:21:41,211 [pool-60-thread-1] INFO  storage.RaftStorageDirectory (RaftStorageDirectory.java:tryLock(328)) - Lock on /workdir/hadoop-ozone/integration-test/target/test-dir/MiniOzoneClusterImpl-210d6028-2152-4683-81ff-347b0d29bb13/datanode-3/data/ratis/1c2eeda1-b507-4408-bb02-5908dd2eabea/in_use.lock acquired by nodename 16198@pr-hdds-1569-swxfz-3172132826
2019-09-19 14:21:41,272 [pool-60-thread-1] INFO  storage.RaftStorage (RaftStorage.java:format(72)) - Storage directory /workdir/hadoop-ozone/integration-test/target/test-dir/MiniOzoneClusterImpl-210d6028-2152-4683-81ff-347b0d29bb13/datanode-3/data/ratis/1c2eeda1-b507-4408-bb02-5908dd2eabea has been successfully formatted.
2019-09-19 14:21:41,273 [pool-60-thread-1] INFO  ratis.ContainerStateMachine (ContainerStateMachine.java:loadSnapshot(226)) - group-5908DD2EABEA: The snapshot info is null. Setting the last applied indexto:(t:0, i:~)
2019-09-19 14:21:41,273 [pool-60-thread-1] INFO  server.RaftServerConfigKeys (ConfUtils.java:logGet(43)) - raft.server.leader.election.timeout = 120s (custom)
2019-09-19 14:21:41,273 [pool-60-thread-1] INFO  server.RaftServerConfigKeys (ConfUtils.java:logGet(43)) - raft.server.log.use.memory = false (default)
2019-09-19 14:21:41,273 [pool-60-thread-1] INFO  server.RaftServerConfigKeys (ConfUtils.java:logGet(43)) - raft.server.log.purge.gap = 1000000 (custom)
2019-09-19 14:21:41,273 [pool-60-thread-1] INFO  server.RaftServerConfigKeys (ConfUtils.java:logGet(43)) - raft.server.log.appender.buffer.byte-limit = 33554432 (custom)
2019-09-19 14:21:41,273 [pool-60-thread-1] INFO  server.RaftServerConfigKeys (ConfUtils.java:logGet(43)) - raft.server.log.segment.size.max = 1048576 (custom)
2019-09-19 14:21:41,273 [pool-60-thread-1] INFO  server.RaftServerConfigKeys (ConfUtils.java:logGet(43)) - raft.server.log.segment.cache.num.max = 2 (custom)
2019-09-19 14:21:41,274 [pool-60-thread-1] INFO  segmented.SegmentedRaftLogWorker (SegmentedRaftLogWorker.java:<init>(172)) - new 6403e584-2209-453b-b79e-eeb0a7b58516-SegmentedRaftLogWorker:Storage Directory /workdir/hadoop-ozone/integration-test/target/test-dir/MiniOzoneClusterImpl-210d6028-2152-4683-81ff-347b0d29bb13/datanode-3/data/ratis/1c2eeda1-b507-4408-bb02-5908dd2eabea for RaftStorage:Storage Directory /workdir/hadoop-ozone/integration-test/target/test-dir/MiniOzoneClusterImpl-210d6028-2152-4683-81ff-347b0d29bb13/datanode-3/data/ratis/1c2eeda1-b507-4408-bb02-5908dd2eabea
2019-09-19 14:21:41,274 [pool-60-thread-1] INFO  server.RaftServerConfigKeys (ConfUtils.java:logGet(43)) - raft.server.log.queue.byte-limit = 2147483647 (custom)
2019-09-19 14:21:41,274 [pool-60-thread-1] INFO  server.RaftServerConfigKeys (ConfUtils.java:logGet(43)) - raft.server.log.queue.element-limit = 1024 (custom)
2019-09-19 14:21:41,274 [pool-60-thread-1] INFO  server.RaftServerConfigKeys (ConfUtils.java:logGet(43)) - raft.server.log.segment.size.max = 1048576 (custom)
2019-09-19 14:21:41,274 [pool-60-thread-1] INFO  server.RaftServerConfigKeys (ConfUtils.java:logGet(43)) - raft.server.log.preallocated.size = 16384 (custom)
2019-09-19 14:21:41,274 [pool-60-thread-1] INFO  server.RaftServerConfigKeys (ConfUtils.java:logGet(43)) - raft.server.log.write.buffer.size = 33554432 (custom)
2019-09-19 14:21:41,274 [pool-60-thread-1] INFO  server.RaftServerConfigKeys (ConfUtils.java:logGet(43)) - raft.server.log.force.sync.num = 128 (default)
2019-09-19 14:21:41,274 [pool-60-thread-1] INFO  server.RaftServerConfigKeys (ConfUtils.java:logGet(43)) - raft.server.log.statemachine.data.sync = true (default)
2019-09-19 14:21:41,274 [pool-60-thread-1] INFO  server.RaftServerConfigKeys (ConfUtils.java:logGet(43)) - raft.server.log.statemachine.data.sync.timeout = 10s (default)
2019-09-19 14:21:41,274 [pool-60-thread-1] INFO  server.RaftServerConfigKeys (ConfUtils.java:logGet(43)) - raft.server.log.statemachine.data.sync.timeout.retry = -1 (default)
2019-09-19 14:21:41,275 [pool-60-thread-1] INFO  server.RaftServerConfigKeys (ConfUtils.java:logGet(43)) - raft.server.log.statemachine.data.caching.enabled = true (custom)
2019-09-19 14:21:41,275 [pool-60-thread-1] INFO  segmented.SegmentedRaftLogWorker (SegmentedRaftLogWorker.java:lambda$new$0(132)) - 6403e584-2209-453b-b79e-eeb0a7b58516-SegmentedRaftLogWorker:Storage Directory /workdir/hadoop-ozone/integration-test/target/test-dir/MiniOzoneClusterImpl-210d6028-2152-4683-81ff-347b0d29bb13/datanode-3/data/ratis/1c2eeda1-b507-4408-bb02-5908dd2eabea: flushIndex: setUnconditionally 0 -> -1
2019-09-19 14:21:41,275 [pool-60-thread-1] INFO  server.RaftServerConfigKeys (ConfUtils.java:logGet(43)) - raft.server.snapshot.auto.trigger.enabled = true (custom)
2019-09-19 14:21:41,275 [pool-60-thread-1] INFO  server.RaftServerConfigKeys (ConfUtils.java:logGet(43)) - raft.server.snapshot.auto.trigger.threshold = 10000 (custom)
2019-09-19 14:21:41,275 [pool-60-thread-1] INFO  server.RaftServerConfigKeys (ConfUtils.java:logGet(43)) - raft.server.retrycache.expirytime = 600000ms (custom)
2019-09-19 14:21:41,275 [pool-60-thread-1] INFO  impl.RaftServerImpl (RaftServerImpl.java:start(180)) - 6403e584-2209-453b-b79e-eeb0a7b58516: start group-5908DD2EABEA
2019-09-19 14:21:41,275 [pool-60-thread-1] INFO  impl.RaftServerImpl (RaftServerImpl.java:setRole(171)) - 6403e584-2209-453b-b79e-eeb0a7b58516:group-5908DD2EABEA changes role from null to FOLLOWER at term 0 for startAsFollower
2019-09-19 14:21:41,276 [pool-60-thread-1] INFO  impl.RoleInfo (RoleInfo.java:updateAndGet(143)) - 6403e584-2209-453b-b79e-eeb0a7b58516: start FollowerState
2019-09-19 14:21:41,276 [pool-60-thread-1] INFO  util.JmxRegister (JmxRegister.java:tryRegister(44)) - Successfully registered JMX Bean with object name Ratis:service=RaftServer,group=group-5908DD2EABEA,id=6403e584-2209-453b-b79e-eeb0a7b58516
2019-09-19 14:21:41,279 [RatisPipelineUtilsThread] INFO  pipeline.PipelineStateManager (PipelineStateManager.java:addPipeline(56)) - Created pipeline Pipeline[ Id: 1c2eeda1-b507-4408-bb02-5908dd2eabea, Nodes: 6403e584-2209-453b-b79e-eeb0a7b58516{ip: 192.168.157.226, host: pr-hdds-1569-swxfz-3172132826, networkLocation: /default-rack, certSerialId: null}, Type:RATIS, Factor:ONE, State:OPEN]
2019-09-19 14:21:41,284 [grpc-default-executor-2] INFO  impl.RaftServerProxy (RaftServerProxy.java:addNew(89)) - 6403e584-2209-453b-b79e-eeb0a7b58516: addNew group-C75F49951D14:[6403e584-2209-453b-b79e-eeb0a7b58516:192.168.157.226:35833] returns group-C75F49951D14:java.util.concurrent.CompletableFuture@4a910553[Not completed]
2019-09-19 14:21:41,285 [pool-60-thread-1] INFO  impl.RaftServerImpl (RaftServerImpl.java:<init>(93)) - 6403e584-2209-453b-b79e-eeb0a7b58516: new RaftServerImpl for group-C75F49951D14:[6403e584-2209-453b-b79e-eeb0a7b58516:192.168.157.226:35833] with ContainerStateMachine:uninitialized
2019-09-19 14:21:41,285 [pool-60-thread-1] INFO  server.RaftServerConfigKeys (ConfUtils.java:logGet(43)) - raft.server.rpc.timeout.min = 5s (custom)
2019-09-19 14:21:41,285 [pool-60-thread-1] INFO  server.RaftServerConfigKeys (ConfUtils.java:logGet(43)) - raft.server.rpc.timeout.max = 5200ms (custom)
2019-09-19 14:21:41,285 [pool-60-thread-1] INFO  server.RaftServerConfigKeys (ConfUtils.java:logGet(43)) - raft.server.rpcslowness.timeout = 120s (custom)
2019-09-19 14:21:41,285 [pool-60-thread-1] INFO  server.RaftServerConfigKeys (ConfUtils.java:logGet(43)) - raft.server.sleep.deviation.threshold = 300 (default)
2019-09-19 14:21:41,286 [pool-60-thread-1] INFO  server.RaftServerConfigKeys (ConfUtils.java:logGet(43)) - raft.server.log.appender.install.snapshot.enabled = false (custom)
2019-09-19 14:21:41,286 [pool-60-thread-1] INFO  impl.RaftServerImpl (ServerState.java:<init>(105)) - 6403e584-2209-453b-b79e-eeb0a7b58516:group-C75F49951D14 ConfigurationManager, init=-1: [6403e584-2209-453b-b79e-eeb0a7b58516:192.168.157.226:35833], old=null, confs=<EMPTY_MAP>
2019-09-19 14:21:41,286 [pool-60-thread-1] INFO  server.RaftServerConfigKeys (ConfUtils.java:logGet(43)) - raft.server.storage.dir = [/workdir/hadoop-ozone/integration-test/target/test-dir/MiniOzoneClusterImpl-210d6028-2152-4683-81ff-347b0d29bb13/datanode-3/data/ratis] (custom)
2019-09-19 14:21:41,286 [pool-60-thread-1] INFO  storage.RaftStorageDirectory (RaftStorageDirectory.java:analyzeStorage(246)) - The storage directory /workdir/hadoop-ozone/integration-test/target/test-dir/MiniOzoneClusterImpl-210d6028-2152-4683-81ff-347b0d29bb13/datanode-3/data/ratis/8b8b7e75-4017-4f05-9f7a-c75f49951d14 does not exist. Creating ...
2019-09-19 14:21:41,299 [pool-60-thread-1] INFO  storage.RaftStorageDirectory (RaftStorageDirectory.java:tryLock(328)) - Lock on /workdir/hadoop-ozone/integration-test/target/test-dir/MiniOzoneClusterImpl-210d6028-2152-4683-81ff-347b0d29bb13/datanode-3/data/ratis/8b8b7e75-4017-4f05-9f7a-c75f49951d14/in_use.lock acquired by nodename 16198@pr-hdds-1569-swxfz-3172132826
2019-09-19 14:21:41,313 [pool-60-thread-1] INFO  storage.RaftStorage (RaftStorage.java:format(72)) - Storage directory /workdir/hadoop-ozone/integration-test/target/test-dir/MiniOzoneClusterImpl-210d6028-2152-4683-81ff-347b0d29bb13/datanode-3/data/ratis/8b8b7e75-4017-4f05-9f7a-c75f49951d14 has been successfully formatted.
2019-09-19 14:21:41,314 [pool-60-thread-1] INFO  ratis.ContainerStateMachine (ContainerStateMachine.java:loadSnapshot(226)) - group-C75F49951D14: The snapshot info is null. Setting the last applied indexto:(t:0, i:~)
2019-09-19 14:21:41,314 [pool-60-thread-1] INFO  server.RaftServerConfigKeys (ConfUtils.java:logGet(43)) - raft.server.leader.election.timeout = 120s (custom)
2019-09-19 14:21:41,314 [pool-60-thread-1] INFO  server.RaftServerConfigKeys (ConfUtils.java:logGet(43)) - raft.server.log.use.memory = false (default)
2019-09-19 14:21:41,314 [pool-60-thread-1] INFO  server.RaftServerConfigKeys (ConfUtils.java:logGet(43)) - raft.server.log.purge.gap = 1000000 (custom)
2019-09-19 14:21:41,314 [pool-60-thread-1] INFO  server.RaftServerConfigKeys (ConfUtils.java:logGet(43)) - raft.server.log.appender.buffer.byte-limit = 33554432 (custom)
2019-09-19 14:21:41,314 [pool-60-thread-1] INFO  server.RaftServerConfigKeys (ConfUtils.java:logGet(43)) - raft.server.log.segment.size.max = 1048576 (custom)
2019-09-19 14:21:41,314 [pool-60-thread-1] INFO  server.RaftServerConfigKeys (ConfUtils.java:logGet(43)) - raft.server.log.segment.cache.num.max = 2 (custom)
2019-09-19 14:21:41,315 [pool-60-thread-1] INFO  segmented.SegmentedRaftLogWorker (SegmentedRaftLogWorker.java:<init>(172)) - new 6403e584-2209-453b-b79e-eeb0a7b58516-SegmentedRaftLogWorker:Storage Directory /workdir/hadoop-ozone/integration-test/target/test-dir/MiniOzoneClusterImpl-210d6028-2152-4683-81ff-347b0d29bb13/datanode-3/data/ratis/8b8b7e75-4017-4f05-9f7a-c75f49951d14 for RaftStorage:Storage Directory /workdir/hadoop-ozone/integration-test/target/test-dir/MiniOzoneClusterImpl-210d6028-2152-4683-81ff-347b0d29bb13/datanode-3/data/ratis/8b8b7e75-4017-4f05-9f7a-c75f49951d14
2019-09-19 14:21:41,315 [pool-60-thread-1] INFO  server.RaftServerConfigKeys (ConfUtils.java:logGet(43)) - raft.server.log.queue.byte-limit = 2147483647 (custom)
2019-09-19 14:21:41,315 [pool-60-thread-1] INFO  server.RaftServerConfigKeys (ConfUtils.java:logGet(43)) - raft.server.log.queue.element-limit = 1024 (custom)
2019-09-19 14:21:41,315 [pool-60-thread-1] INFO  server.RaftServerConfigKeys (ConfUtils.java:logGet(43)) - raft.server.log.segment.size.max = 1048576 (custom)
2019-09-19 14:21:41,315 [pool-60-thread-1] INFO  server.RaftServerConfigKeys (ConfUtils.java:logGet(43)) - raft.server.log.preallocated.size = 16384 (custom)
2019-09-19 14:21:41,315 [pool-60-thread-1] INFO  server.RaftServerConfigKeys (ConfUtils.java:logGet(43)) - raft.server.log.write.buffer.size = 33554432 (custom)
2019-09-19 14:21:41,315 [pool-60-thread-1] INFO  server.RaftServerConfigKeys (ConfUtils.java:logGet(43)) - raft.server.log.force.sync.num = 128 (default)
2019-09-19 14:21:41,315 [pool-60-thread-1] INFO  server.RaftServerConfigKeys (ConfUtils.java:logGet(43)) - raft.server.log.statemachine.data.sync = true (default)
2019-09-19 14:21:41,316 [pool-60-thread-1] INFO  server.RaftServerConfigKeys (ConfUtils.java:logGet(43)) - raft.server.log.statemachine.data.sync.timeout = 10s (default)
2019-09-19 14:21:41,316 [pool-60-thread-1] INFO  server.RaftServerConfigKeys (ConfUtils.java:logGet(43)) - raft.server.log.statemachine.data.sync.timeout.retry = -1 (default)
2019-09-19 14:21:41,316 [pool-60-thread-1] INFO  server.RaftServerConfigKeys (ConfUtils.java:logGet(43)) - raft.server.log.statemachine.data.caching.enabled = true (custom)
2019-09-19 14:21:41,316 [pool-60-thread-1] INFO  segmented.SegmentedRaftLogWorker (SegmentedRaftLogWorker.java:lambda$new$0(132)) - 6403e584-2209-453b-b79e-eeb0a7b58516-SegmentedRaftLogWorker:Storage Directory /workdir/hadoop-ozone/integration-test/target/test-dir/MiniOzoneClusterImpl-210d6028-2152-4683-81ff-347b0d29bb13/datanode-3/data/ratis/8b8b7e75-4017-4f05-9f7a-c75f49951d14: flushIndex: setUnconditionally 0 -> -1
2019-09-19 14:21:41,317 [pool-60-thread-1] INFO  server.RaftServerConfigKeys (ConfUtils.java:logGet(43)) - raft.server.snapshot.auto.trigger.enabled = true (custom)
2019-09-19 14:21:41,317 [pool-60-thread-1] INFO  server.RaftServerConfigKeys (ConfUtils.java:logGet(43)) - raft.server.snapshot.auto.trigger.threshold = 10000 (custom)
2019-09-19 14:21:41,317 [pool-60-thread-1] INFO  server.RaftServerConfigKeys (ConfUtils.java:logGet(43)) - raft.server.retrycache.expirytime = 600000ms (custom)
2019-09-19 14:21:41,317 [pool-60-thread-1] INFO  impl.RaftServerImpl (RaftServerImpl.java:start(180)) - 6403e584-2209-453b-b79e-eeb0a7b58516: start group-C75F49951D14
2019-09-19 14:21:41,317 [pool-60-thread-1] INFO  impl.RaftServerImpl (RaftServerImpl.java:setRole(171)) - 6403e584-2209-453b-b79e-eeb0a7b58516:group-C75F49951D14 changes role from null to FOLLOWER at term 0 for startAsFollower
2019-09-19 14:21:41,317 [pool-60-thread-1] INFO  impl.RoleInfo (RoleInfo.java:updateAndGet(143)) - 6403e584-2209-453b-b79e-eeb0a7b58516: start FollowerState
2019-09-19 14:21:41,318 [pool-60-thread-1] INFO  util.JmxRegister (JmxRegister.java:tryRegister(44)) - Successfully registered JMX Bean with object name Ratis:service=RaftServer,group=group-C75F49951D14,id=6403e584-2209-453b-b79e-eeb0a7b58516
2019-09-19 14:21:41,320 [RatisPipelineUtilsThread] INFO  pipeline.PipelineStateManager (PipelineStateManager.java:addPipeline(56)) - Created pipeline Pipeline[ Id: 8b8b7e75-4017-4f05-9f7a-c75f49951d14, Nodes: 6403e584-2209-453b-b79e-eeb0a7b58516{ip: 192.168.157.226, host: pr-hdds-1569-swxfz-3172132826, networkLocation: /default-rack, certSerialId: null}, Type:RATIS, Factor:ONE, State:OPEN]
2019-09-19 14:21:41,324 [grpc-default-executor-2] INFO  impl.RaftServerProxy (RaftServerProxy.java:addNew(89)) - 306a7a99-f2a5-4f40-b42b-2fc2def08a6a: addNew group-AE1E2B007A31:[306a7a99-f2a5-4f40-b42b-2fc2def08a6a:192.168.157.226:42633] returns group-AE1E2B007A31:java.util.concurrent.CompletableFuture@7696ab47[Not completed]
2019-09-19 14:21:41,325 [pool-49-thread-1] INFO  impl.RaftServerImpl (RaftServerImpl.java:<init>(93)) - 306a7a99-f2a5-4f40-b42b-2fc2def08a6a: new RaftServerImpl for group-AE1E2B007A31:[306a7a99-f2a5-4f40-b42b-2fc2def08a6a:192.168.157.226:42633] with ContainerStateMachine:uninitialized
2019-09-19 14:21:41,325 [pool-49-thread-1] INFO  server.RaftServerConfigKeys (ConfUtils.java:logGet(43)) - raft.server.rpc.timeout.min = 5s (custom)
2019-09-19 14:21:41,325 [pool-49-thread-1] INFO  server.RaftServerConfigKeys (ConfUtils.java:logGet(43)) - raft.server.rpc.timeout.max = 5200ms (custom)
2019-09-19 14:21:41,325 [pool-49-thread-1] INFO  server.RaftServerConfigKeys (ConfUtils.java:logGet(43)) - raft.server.rpcslowness.timeout = 120s (custom)
2019-09-19 14:21:41,325 [pool-49-thread-1] INFO  server.RaftServerConfigKeys (ConfUtils.java:logGet(43)) - raft.server.sleep.deviation.threshold = 300 (default)
2019-09-19 14:21:41,325 [pool-49-thread-1] INFO  server.RaftServerConfigKeys (ConfUtils.java:logGet(43)) - raft.server.log.appender.install.snapshot.enabled = false (custom)
2019-09-19 14:21:41,325 [pool-49-thread-1] INFO  impl.RaftServerImpl (ServerState.java:<init>(105)) - 306a7a99-f2a5-4f40-b42b-2fc2def08a6a:group-AE1E2B007A31 ConfigurationManager, init=-1: [306a7a99-f2a5-4f40-b42b-2fc2def08a6a:192.168.157.226:42633], old=null, confs=<EMPTY_MAP>
2019-09-19 14:21:41,325 [pool-49-thread-1] INFO  server.RaftServerConfigKeys (ConfUtils.java:logGet(43)) - raft.server.storage.dir = [/workdir/hadoop-ozone/integration-test/target/test-dir/MiniOzoneClusterImpl-210d6028-2152-4683-81ff-347b0d29bb13/datanode-2/data/ratis] (custom)
2019-09-19 14:21:41,326 [pool-49-thread-1] INFO  storage.RaftStorageDirectory (RaftStorageDirectory.java:analyzeStorage(246)) - The storage directory /workdir/hadoop-ozone/integration-test/target/test-dir/MiniOzoneClusterImpl-210d6028-2152-4683-81ff-347b0d29bb13/datanode-2/data/ratis/e21d9e0f-eec2-4a25-919d-ae1e2b007a31 does not exist. Creating ...
2019-09-19 14:21:41,339 [pool-49-thread-1] INFO  storage.RaftStorageDirectory (RaftStorageDirectory.java:tryLock(328)) - Lock on /workdir/hadoop-ozone/integration-test/target/test-dir/MiniOzoneClusterImpl-210d6028-2152-4683-81ff-347b0d29bb13/datanode-2/data/ratis/e21d9e0f-eec2-4a25-919d-ae1e2b007a31/in_use.lock acquired by nodename 16198@pr-hdds-1569-swxfz-3172132826
2019-09-19 14:21:41,351 [pool-49-thread-1] INFO  storage.RaftStorage (RaftStorage.java:format(72)) - Storage directory /workdir/hadoop-ozone/integration-test/target/test-dir/MiniOzoneClusterImpl-210d6028-2152-4683-81ff-347b0d29bb13/datanode-2/data/ratis/e21d9e0f-eec2-4a25-919d-ae1e2b007a31 has been successfully formatted.
2019-09-19 14:21:41,352 [pool-49-thread-1] INFO  ratis.ContainerStateMachine (ContainerStateMachine.java:loadSnapshot(226)) - group-AE1E2B007A31: The snapshot info is null. Setting the last applied indexto:(t:0, i:~)
2019-09-19 14:21:41,352 [pool-49-thread-1] INFO  server.RaftServerConfigKeys (ConfUtils.java:logGet(43)) - raft.server.leader.election.timeout = 120s (custom)
2019-09-19 14:21:41,352 [pool-49-thread-1] INFO  server.RaftServerConfigKeys (ConfUtils.java:logGet(43)) - raft.server.log.use.memory = false (default)
2019-09-19 14:21:41,352 [pool-49-thread-1] INFO  server.RaftServerConfigKeys (ConfUtils.java:logGet(43)) - raft.server.log.purge.gap = 1000000 (custom)
2019-09-19 14:21:41,352 [pool-49-thread-1] INFO  server.RaftServerConfigKeys (ConfUtils.java:logGet(43)) - raft.server.log.appender.buffer.byte-limit = 33554432 (custom)
2019-09-19 14:21:41,352 [pool-49-thread-1] INFO  server.RaftServerConfigKeys (ConfUtils.java:logGet(43)) - raft.server.log.segment.size.max = 1048576 (custom)
2019-09-19 14:21:41,352 [pool-49-thread-1] INFO  server.RaftServerConfigKeys (ConfUtils.java:logGet(43)) - raft.server.log.segment.cache.num.max = 2 (custom)
2019-09-19 14:21:41,352 [pool-49-thread-1] INFO  segmented.SegmentedRaftLogWorker (SegmentedRaftLogWorker.java:<init>(172)) - new 306a7a99-f2a5-4f40-b42b-2fc2def08a6a-SegmentedRaftLogWorker:Storage Directory /workdir/hadoop-ozone/integration-test/target/test-dir/MiniOzoneClusterImpl-210d6028-2152-4683-81ff-347b0d29bb13/datanode-2/data/ratis/e21d9e0f-eec2-4a25-919d-ae1e2b007a31 for RaftStorage:Storage Directory /workdir/hadoop-ozone/integration-test/target/test-dir/MiniOzoneClusterImpl-210d6028-2152-4683-81ff-347b0d29bb13/datanode-2/data/ratis/e21d9e0f-eec2-4a25-919d-ae1e2b007a31
2019-09-19 14:21:41,353 [pool-49-thread-1] INFO  server.RaftServerConfigKeys (ConfUtils.java:logGet(43)) - raft.server.log.queue.byte-limit = 2147483647 (custom)
2019-09-19 14:21:41,353 [pool-49-thread-1] INFO  server.RaftServerConfigKeys (ConfUtils.java:logGet(43)) - raft.server.log.queue.element-limit = 1024 (custom)
2019-09-19 14:21:41,353 [pool-49-thread-1] INFO  server.RaftServerConfigKeys (ConfUtils.java:logGet(43)) - raft.server.log.segment.size.max = 1048576 (custom)
2019-09-19 14:21:41,353 [pool-49-thread-1] INFO  server.RaftServerConfigKeys (ConfUtils.java:logGet(43)) - raft.server.log.preallocated.size = 16384 (custom)
2019-09-19 14:21:41,353 [pool-49-thread-1] INFO  server.RaftServerConfigKeys (ConfUtils.java:logGet(43)) - raft.server.log.write.buffer.size = 33554432 (custom)
2019-09-19 14:21:41,353 [pool-49-thread-1] INFO  server.RaftServerConfigKeys (ConfUtils.java:logGet(43)) - raft.server.log.force.sync.num = 128 (default)
2019-09-19 14:21:41,353 [pool-49-thread-1] INFO  server.RaftServerConfigKeys (ConfUtils.java:logGet(43)) - raft.server.log.statemachine.data.sync = true (default)
2019-09-19 14:21:41,353 [pool-49-thread-1] INFO  server.RaftServerConfigKeys (ConfUtils.java:logGet(43)) - raft.server.log.statemachine.data.sync.timeout = 10s (default)
2019-09-19 14:21:41,354 [pool-49-thread-1] INFO  server.RaftServerConfigKeys (ConfUtils.java:logGet(43)) - raft.server.log.statemachine.data.sync.timeout.retry = -1 (default)
2019-09-19 14:21:41,354 [pool-49-thread-1] INFO  server.RaftServerConfigKeys (ConfUtils.java:logGet(43)) - raft.server.log.statemachine.data.caching.enabled = true (custom)
2019-09-19 14:21:41,354 [pool-49-thread-1] INFO  segmented.SegmentedRaftLogWorker (SegmentedRaftLogWorker.java:lambda$new$0(132)) - 306a7a99-f2a5-4f40-b42b-2fc2def08a6a-SegmentedRaftLogWorker:Storage Directory /workdir/hadoop-ozone/integration-test/target/test-dir/MiniOzoneClusterImpl-210d6028-2152-4683-81ff-347b0d29bb13/datanode-2/data/ratis/e21d9e0f-eec2-4a25-919d-ae1e2b007a31: flushIndex: setUnconditionally 0 -> -1
2019-09-19 14:21:41,354 [pool-49-thread-1] INFO  server.RaftServerConfigKeys (ConfUtils.java:logGet(43)) - raft.server.snapshot.auto.trigger.enabled = true (custom)
2019-09-19 14:21:41,354 [pool-49-thread-1] INFO  server.RaftServerConfigKeys (ConfUtils.java:logGet(43)) - raft.server.snapshot.auto.trigger.threshold = 10000 (custom)
2019-09-19 14:21:41,355 [pool-49-thread-1] INFO  server.RaftServerConfigKeys (ConfUtils.java:logGet(43)) - raft.server.retrycache.expirytime = 600000ms (custom)
2019-09-19 14:21:41,355 [pool-49-thread-1] INFO  impl.RaftServerImpl (RaftServerImpl.java:start(180)) - 306a7a99-f2a5-4f40-b42b-2fc2def08a6a: start group-AE1E2B007A31
2019-09-19 14:21:41,355 [pool-49-thread-1] INFO  impl.RaftServerImpl (RaftServerImpl.java:setRole(171)) - 306a7a99-f2a5-4f40-b42b-2fc2def08a6a:group-AE1E2B007A31 changes role from null to FOLLOWER at term 0 for startAsFollower
2019-09-19 14:21:41,355 [pool-49-thread-1] INFO  impl.RoleInfo (RoleInfo.java:updateAndGet(143)) - 306a7a99-f2a5-4f40-b42b-2fc2def08a6a: start FollowerState
2019-09-19 14:21:41,356 [pool-49-thread-1] INFO  util.JmxRegister (JmxRegister.java:tryRegister(44)) - Successfully registered JMX Bean with object name Ratis:service=RaftServer,group=group-AE1E2B007A31,id=306a7a99-f2a5-4f40-b42b-2fc2def08a6a
2019-09-19 14:21:41,358 [RatisPipelineUtilsThread] INFO  pipeline.PipelineStateManager (PipelineStateManager.java:addPipeline(56)) - Created pipeline Pipeline[ Id: e21d9e0f-eec2-4a25-919d-ae1e2b007a31, Nodes: 306a7a99-f2a5-4f40-b42b-2fc2def08a6a{ip: 192.168.157.226, host: pr-hdds-1569-swxfz-3172132826, networkLocation: /default-rack, certSerialId: null}, Type:RATIS, Factor:ONE, State:OPEN]
2019-09-19 14:21:41,362 [grpc-default-executor-2] INFO  impl.RaftServerProxy (RaftServerProxy.java:addNew(89)) - 1190b9a7-12b1-4c15-b33e-f7d0a0cd436c: addNew group-3A426B0EB8F6:[1190b9a7-12b1-4c15-b33e-f7d0a0cd436c:192.168.157.226:34463] returns group-3A426B0EB8F6:java.util.concurrent.CompletableFuture@2515e3d9[Not completed]
2019-09-19 14:21:41,364 [pool-71-thread-1] INFO  impl.RaftServerImpl (RaftServerImpl.java:<init>(93)) - 1190b9a7-12b1-4c15-b33e-f7d0a0cd436c: new RaftServerImpl for group-3A426B0EB8F6:[1190b9a7-12b1-4c15-b33e-f7d0a0cd436c:192.168.157.226:34463] with ContainerStateMachine:uninitialized
2019-09-19 14:21:41,364 [pool-71-thread-1] INFO  server.RaftServerConfigKeys (ConfUtils.java:logGet(43)) - raft.server.rpc.timeout.min = 5s (custom)
2019-09-19 14:21:41,364 [pool-71-thread-1] INFO  server.RaftServerConfigKeys (ConfUtils.java:logGet(43)) - raft.server.rpc.timeout.max = 5200ms (custom)
2019-09-19 14:21:41,364 [pool-71-thread-1] INFO  server.RaftServerConfigKeys (ConfUtils.java:logGet(43)) - raft.server.rpcslowness.timeout = 120s (custom)
2019-09-19 14:21:41,364 [pool-71-thread-1] INFO  server.RaftServerConfigKeys (ConfUtils.java:logGet(43)) - raft.server.sleep.deviation.threshold = 300 (default)
2019-09-19 14:21:41,364 [pool-71-thread-1] INFO  server.RaftServerConfigKeys (ConfUtils.java:logGet(43)) - raft.server.log.appender.install.snapshot.enabled = false (custom)
2019-09-19 14:21:41,364 [pool-71-thread-1] INFO  impl.RaftServerImpl (ServerState.java:<init>(105)) - 1190b9a7-12b1-4c15-b33e-f7d0a0cd436c:group-3A426B0EB8F6 ConfigurationManager, init=-1: [1190b9a7-12b1-4c15-b33e-f7d0a0cd436c:192.168.157.226:34463], old=null, confs=<EMPTY_MAP>
2019-09-19 14:21:41,364 [pool-71-thread-1] INFO  server.RaftServerConfigKeys (ConfUtils.java:logGet(43)) - raft.server.storage.dir = [/workdir/hadoop-ozone/integration-test/target/test-dir/MiniOzoneClusterImpl-210d6028-2152-4683-81ff-347b0d29bb13/datanode-4/data/ratis] (custom)
2019-09-19 14:21:41,364 [pool-71-thread-1] INFO  storage.RaftStorageDirectory (RaftStorageDirectory.java:analyzeStorage(246)) - The storage directory /workdir/hadoop-ozone/integration-test/target/test-dir/MiniOzoneClusterImpl-210d6028-2152-4683-81ff-347b0d29bb13/datanode-4/data/ratis/4c273e5c-6c92-4a5a-a97b-3a426b0eb8f6 does not exist. Creating ...
2019-09-19 14:21:41,377 [pool-71-thread-1] INFO  storage.RaftStorageDirectory (RaftStorageDirectory.java:tryLock(328)) - Lock on /workdir/hadoop-ozone/integration-test/target/test-dir/MiniOzoneClusterImpl-210d6028-2152-4683-81ff-347b0d29bb13/datanode-4/data/ratis/4c273e5c-6c92-4a5a-a97b-3a426b0eb8f6/in_use.lock acquired by nodename 16198@pr-hdds-1569-swxfz-3172132826
2019-09-19 14:21:41,389 [pool-71-thread-1] INFO  storage.RaftStorage (RaftStorage.java:format(72)) - Storage directory /workdir/hadoop-ozone/integration-test/target/test-dir/MiniOzoneClusterImpl-210d6028-2152-4683-81ff-347b0d29bb13/datanode-4/data/ratis/4c273e5c-6c92-4a5a-a97b-3a426b0eb8f6 has been successfully formatted.
2019-09-19 14:21:41,390 [pool-71-thread-1] INFO  ratis.ContainerStateMachine (ContainerStateMachine.java:loadSnapshot(226)) - group-3A426B0EB8F6: The snapshot info is null. Setting the last applied indexto:(t:0, i:~)
2019-09-19 14:21:41,390 [pool-71-thread-1] INFO  server.RaftServerConfigKeys (ConfUtils.java:logGet(43)) - raft.server.leader.election.timeout = 120s (custom)
2019-09-19 14:21:41,390 [pool-71-thread-1] INFO  server.RaftServerConfigKeys (ConfUtils.java:logGet(43)) - raft.server.log.use.memory = false (default)
2019-09-19 14:21:41,390 [pool-71-thread-1] INFO  server.RaftServerConfigKeys (ConfUtils.java:logGet(43)) - raft.server.log.purge.gap = 1000000 (custom)
2019-09-19 14:21:41,390 [pool-71-thread-1] INFO  server.RaftServerConfigKeys (ConfUtils.java:logGet(43)) - raft.server.log.appender.buffer.byte-limit = 33554432 (custom)
2019-09-19 14:21:41,390 [pool-71-thread-1] INFO  server.RaftServerConfigKeys (ConfUtils.java:logGet(43)) - raft.server.log.segment.size.max = 1048576 (custom)
2019-09-19 14:21:41,390 [pool-71-thread-1] INFO  server.RaftServerConfigKeys (ConfUtils.java:logGet(43)) - raft.server.log.segment.cache.num.max = 2 (custom)
2019-09-19 14:21:41,390 [pool-71-thread-1] INFO  segmented.SegmentedRaftLogWorker (SegmentedRaftLogWorker.java:<init>(172)) - new 1190b9a7-12b1-4c15-b33e-f7d0a0cd436c-SegmentedRaftLogWorker:Storage Directory /workdir/hadoop-ozone/integration-test/target/test-dir/MiniOzoneClusterImpl-210d6028-2152-4683-81ff-347b0d29bb13/datanode-4/data/ratis/4c273e5c-6c92-4a5a-a97b-3a426b0eb8f6 for RaftStorage:Storage Directory /workdir/hadoop-ozone/integration-test/target/test-dir/MiniOzoneClusterImpl-210d6028-2152-4683-81ff-347b0d29bb13/datanode-4/data/ratis/4c273e5c-6c92-4a5a-a97b-3a426b0eb8f6
2019-09-19 14:21:41,390 [pool-71-thread-1] INFO  server.RaftServerConfigKeys (ConfUtils.java:logGet(43)) - raft.server.log.queue.byte-limit = 2147483647 (custom)
2019-09-19 14:21:41,390 [pool-71-thread-1] INFO  server.RaftServerConfigKeys (ConfUtils.java:logGet(43)) - raft.server.log.queue.element-limit = 1024 (custom)
2019-09-19 14:21:41,391 [pool-71-thread-1] INFO  server.RaftServerConfigKeys (ConfUtils.java:logGet(43)) - raft.server.log.segment.size.max = 1048576 (custom)
2019-09-19 14:21:41,391 [pool-71-thread-1] INFO  server.RaftServerConfigKeys (ConfUtils.java:logGet(43)) - raft.server.log.preallocated.size = 16384 (custom)
2019-09-19 14:21:41,391 [pool-71-thread-1] INFO  server.RaftServerConfigKeys (ConfUtils.java:logGet(43)) - raft.server.log.write.buffer.size = 33554432 (custom)
2019-09-19 14:21:41,391 [pool-71-thread-1] INFO  server.RaftServerConfigKeys (ConfUtils.java:logGet(43)) - raft.server.log.force.sync.num = 128 (default)
2019-09-19 14:21:41,391 [pool-71-thread-1] INFO  server.RaftServerConfigKeys (ConfUtils.java:logGet(43)) - raft.server.log.statemachine.data.sync = true (default)
2019-09-19 14:21:41,391 [pool-71-thread-1] INFO  server.RaftServerConfigKeys (ConfUtils.java:logGet(43)) - raft.server.log.statemachine.data.sync.timeout = 10s (default)
2019-09-19 14:21:41,391 [pool-71-thread-1] INFO  server.RaftServerConfigKeys (ConfUtils.java:logGet(43)) - raft.server.log.statemachine.data.sync.timeout.retry = -1 (default)
2019-09-19 14:21:41,391 [pool-71-thread-1] INFO  server.RaftServerConfigKeys (ConfUtils.java:logGet(43)) - raft.server.log.statemachine.data.caching.enabled = true (custom)
2019-09-19 14:21:41,391 [pool-71-thread-1] INFO  segmented.SegmentedRaftLogWorker (SegmentedRaftLogWorker.java:lambda$new$0(132)) - 1190b9a7-12b1-4c15-b33e-f7d0a0cd436c-SegmentedRaftLogWorker:Storage Directory /workdir/hadoop-ozone/integration-test/target/test-dir/MiniOzoneClusterImpl-210d6028-2152-4683-81ff-347b0d29bb13/datanode-4/data/ratis/4c273e5c-6c92-4a5a-a97b-3a426b0eb8f6: flushIndex: setUnconditionally 0 -> -1
2019-09-19 14:21:41,392 [pool-71-thread-1] INFO  server.RaftServerConfigKeys (ConfUtils.java:logGet(43)) - raft.server.snapshot.auto.trigger.enabled = true (custom)
2019-09-19 14:21:41,392 [pool-71-thread-1] INFO  server.RaftServerConfigKeys (ConfUtils.java:logGet(43)) - raft.server.snapshot.auto.trigger.threshold = 10000 (custom)
2019-09-19 14:21:41,392 [pool-71-thread-1] INFO  server.RaftServerConfigKeys (ConfUtils.java:logGet(43)) - raft.server.retrycache.expirytime = 600000ms (custom)
2019-09-19 14:21:41,392 [pool-71-thread-1] INFO  impl.RaftServerImpl (RaftServerImpl.java:start(180)) - 1190b9a7-12b1-4c15-b33e-f7d0a0cd436c: start group-3A426B0EB8F6
2019-09-19 14:21:41,392 [pool-71-thread-1] INFO  impl.RaftServerImpl (RaftServerImpl.java:setRole(171)) - 1190b9a7-12b1-4c15-b33e-f7d0a0cd436c:group-3A426B0EB8F6 changes role from null to FOLLOWER at term 0 for startAsFollower
2019-09-19 14:21:41,392 [pool-71-thread-1] INFO  impl.RoleInfo (RoleInfo.java:updateAndGet(143)) - 1190b9a7-12b1-4c15-b33e-f7d0a0cd436c: start FollowerState
2019-09-19 14:21:41,392 [pool-71-thread-1] INFO  util.JmxRegister (JmxRegister.java:tryRegister(44)) - Successfully registered JMX Bean with object name Ratis:service=RaftServer,group=group-3A426B0EB8F6,id=1190b9a7-12b1-4c15-b33e-f7d0a0cd436c
2019-09-19 14:21:41,394 [RatisPipelineUtilsThread] INFO  pipeline.PipelineStateManager (PipelineStateManager.java:addPipeline(56)) - Created pipeline Pipeline[ Id: 4c273e5c-6c92-4a5a-a97b-3a426b0eb8f6, Nodes: 1190b9a7-12b1-4c15-b33e-f7d0a0cd436c{ip: 192.168.157.226, host: pr-hdds-1569-swxfz-3172132826, networkLocation: /default-rack, certSerialId: null}, Type:RATIS, Factor:ONE, State:OPEN]
2019-09-19 14:21:41,397 [grpc-default-executor-2] INFO  impl.RaftServerProxy (RaftServerProxy.java:addNew(89)) - 6403e584-2209-453b-b79e-eeb0a7b58516: addNew group-BAE80F1788ED:[6403e584-2209-453b-b79e-eeb0a7b58516:192.168.157.226:35833] returns group-BAE80F1788ED:java.util.concurrent.CompletableFuture@1d7f75e0[Not completed]
2019-09-19 14:21:41,398 [pool-60-thread-1] INFO  impl.RaftServerImpl (RaftServerImpl.java:<init>(93)) - 6403e584-2209-453b-b79e-eeb0a7b58516: new RaftServerImpl for group-BAE80F1788ED:[6403e584-2209-453b-b79e-eeb0a7b58516:192.168.157.226:35833] with ContainerStateMachine:uninitialized
2019-09-19 14:21:41,398 [pool-60-thread-1] INFO  server.RaftServerConfigKeys (ConfUtils.java:logGet(43)) - raft.server.rpc.timeout.min = 5s (custom)
2019-09-19 14:21:41,398 [pool-60-thread-1] INFO  server.RaftServerConfigKeys (ConfUtils.java:logGet(43)) - raft.server.rpc.timeout.max = 5200ms (custom)
2019-09-19 14:21:41,399 [pool-60-thread-1] INFO  server.RaftServerConfigKeys (ConfUtils.java:logGet(43)) - raft.server.rpcslowness.timeout = 120s (custom)
2019-09-19 14:21:41,399 [pool-60-thread-1] INFO  server.RaftServerConfigKeys (ConfUtils.java:logGet(43)) - raft.server.sleep.deviation.threshold = 300 (default)
2019-09-19 14:21:41,399 [pool-60-thread-1] INFO  server.RaftServerConfigKeys (ConfUtils.java:logGet(43)) - raft.server.log.appender.install.snapshot.enabled = false (custom)
2019-09-19 14:21:41,399 [pool-60-thread-1] INFO  impl.RaftServerImpl (ServerState.java:<init>(105)) - 6403e584-2209-453b-b79e-eeb0a7b58516:group-BAE80F1788ED ConfigurationManager, init=-1: [6403e584-2209-453b-b79e-eeb0a7b58516:192.168.157.226:35833], old=null, confs=<EMPTY_MAP>
2019-09-19 14:21:41,399 [pool-60-thread-1] INFO  server.RaftServerConfigKeys (ConfUtils.java:logGet(43)) - raft.server.storage.dir = [/workdir/hadoop-ozone/integration-test/target/test-dir/MiniOzoneClusterImpl-210d6028-2152-4683-81ff-347b0d29bb13/datanode-3/data/ratis] (custom)
2019-09-19 14:21:41,399 [pool-60-thread-1] INFO  storage.RaftStorageDirectory (RaftStorageDirectory.java:analyzeStorage(246)) - The storage directory /workdir/hadoop-ozone/integration-test/target/test-dir/MiniOzoneClusterImpl-210d6028-2152-4683-81ff-347b0d29bb13/datanode-3/data/ratis/87129e6c-351b-40c3-ac12-bae80f1788ed does not exist. Creating ...
2019-09-19 14:21:41,412 [pool-60-thread-1] INFO  storage.RaftStorageDirectory (RaftStorageDirectory.java:tryLock(328)) - Lock on /workdir/hadoop-ozone/integration-test/target/test-dir/MiniOzoneClusterImpl-210d6028-2152-4683-81ff-347b0d29bb13/datanode-3/data/ratis/87129e6c-351b-40c3-ac12-bae80f1788ed/in_use.lock acquired by nodename 16198@pr-hdds-1569-swxfz-3172132826
2019-09-19 14:21:41,424 [pool-60-thread-1] INFO  storage.RaftStorage (RaftStorage.java:format(72)) - Storage directory /workdir/hadoop-ozone/integration-test/target/test-dir/MiniOzoneClusterImpl-210d6028-2152-4683-81ff-347b0d29bb13/datanode-3/data/ratis/87129e6c-351b-40c3-ac12-bae80f1788ed has been successfully formatted.
2019-09-19 14:21:41,424 [pool-60-thread-1] INFO  ratis.ContainerStateMachine (ContainerStateMachine.java:loadSnapshot(226)) - group-BAE80F1788ED: The snapshot info is null. Setting the last applied indexto:(t:0, i:~)
2019-09-19 14:21:41,424 [pool-60-thread-1] INFO  server.RaftServerConfigKeys (ConfUtils.java:logGet(43)) - raft.server.leader.election.timeout = 120s (custom)
2019-09-19 14:21:41,424 [pool-60-thread-1] INFO  server.RaftServerConfigKeys (ConfUtils.java:logGet(43)) - raft.server.log.use.memory = false (default)
2019-09-19 14:21:41,424 [pool-60-thread-1] INFO  server.RaftServerConfigKeys (ConfUtils.java:logGet(43)) - raft.server.log.purge.gap = 1000000 (custom)
2019-09-19 14:21:41,425 [pool-60-thread-1] INFO  server.RaftServerConfigKeys (ConfUtils.java:logGet(43)) - raft.server.log.appender.buffer.byte-limit = 33554432 (custom)
2019-09-19 14:21:41,425 [pool-60-thread-1] INFO  server.RaftServerConfigKeys (ConfUtils.java:logGet(43)) - raft.server.log.segment.size.max = 1048576 (custom)
2019-09-19 14:21:41,425 [pool-60-thread-1] INFO  server.RaftServerConfigKeys (ConfUtils.java:logGet(43)) - raft.server.log.segment.cache.num.max = 2 (custom)
2019-09-19 14:21:41,425 [pool-60-thread-1] INFO  segmented.SegmentedRaftLogWorker (SegmentedRaftLogWorker.java:<init>(172)) - new 6403e584-2209-453b-b79e-eeb0a7b58516-SegmentedRaftLogWorker:Storage Directory /workdir/hadoop-ozone/integration-test/target/test-dir/MiniOzoneClusterImpl-210d6028-2152-4683-81ff-347b0d29bb13/datanode-3/data/ratis/87129e6c-351b-40c3-ac12-bae80f1788ed for RaftStorage:Storage Directory /workdir/hadoop-ozone/integration-test/target/test-dir/MiniOzoneClusterImpl-210d6028-2152-4683-81ff-347b0d29bb13/datanode-3/data/ratis/87129e6c-351b-40c3-ac12-bae80f1788ed
2019-09-19 14:21:41,425 [pool-60-thread-1] INFO  server.RaftServerConfigKeys (ConfUtils.java:logGet(43)) - raft.server.log.queue.byte-limit = 2147483647 (custom)
2019-09-19 14:21:41,425 [pool-60-thread-1] INFO  server.RaftServerConfigKeys (ConfUtils.java:logGet(43)) - raft.server.log.queue.element-limit = 1024 (custom)
2019-09-19 14:21:41,425 [pool-60-thread-1] INFO  server.RaftServerConfigKeys (ConfUtils.java:logGet(43)) - raft.server.log.segment.size.max = 1048576 (custom)
2019-09-19 14:21:41,425 [pool-60-thread-1] INFO  server.RaftServerConfigKeys (ConfUtils.java:logGet(43)) - raft.server.log.preallocated.size = 16384 (custom)
2019-09-19 14:21:41,425 [pool-60-thread-1] INFO  server.RaftServerConfigKeys (ConfUtils.java:logGet(43)) - raft.server.log.write.buffer.size = 33554432 (custom)
2019-09-19 14:21:41,425 [pool-60-thread-1] INFO  server.RaftServerConfigKeys (ConfUtils.java:logGet(43)) - raft.server.log.force.sync.num = 128 (default)
2019-09-19 14:21:41,425 [pool-60-thread-1] INFO  server.RaftServerConfigKeys (ConfUtils.java:logGet(43)) - raft.server.log.statemachine.data.sync = true (default)
2019-09-19 14:21:41,426 [pool-60-thread-1] INFO  server.RaftServerConfigKeys (ConfUtils.java:logGet(43)) - raft.server.log.statemachine.data.sync.timeout = 10s (default)
2019-09-19 14:21:41,426 [pool-60-thread-1] INFO  server.RaftServerConfigKeys (ConfUtils.java:logGet(43)) - raft.server.log.statemachine.data.sync.timeout.retry = -1 (default)
2019-09-19 14:21:41,426 [pool-60-thread-1] INFO  server.RaftServerConfigKeys (ConfUtils.java:logGet(43)) - raft.server.log.statemachine.data.caching.enabled = true (custom)
2019-09-19 14:21:41,426 [pool-60-thread-1] INFO  segmented.SegmentedRaftLogWorker (SegmentedRaftLogWorker.java:lambda$new$0(132)) - 6403e584-2209-453b-b79e-eeb0a7b58516-SegmentedRaftLogWorker:Storage Directory /workdir/hadoop-ozone/integration-test/target/test-dir/MiniOzoneClusterImpl-210d6028-2152-4683-81ff-347b0d29bb13/datanode-3/data/ratis/87129e6c-351b-40c3-ac12-bae80f1788ed: flushIndex: setUnconditionally 0 -> -1
2019-09-19 14:21:41,426 [pool-60-thread-1] INFO  server.RaftServerConfigKeys (ConfUtils.java:logGet(43)) - raft.server.snapshot.auto.trigger.enabled = true (custom)
2019-09-19 14:21:41,426 [pool-60-thread-1] INFO  server.RaftServerConfigKeys (ConfUtils.java:logGet(43)) - raft.server.snapshot.auto.trigger.threshold = 10000 (custom)
2019-09-19 14:21:41,426 [pool-60-thread-1] INFO  server.RaftServerConfigKeys (ConfUtils.java:logGet(43)) - raft.server.retrycache.expirytime = 600000ms (custom)
2019-09-19 14:21:41,426 [pool-60-thread-1] INFO  impl.RaftServerImpl (RaftServerImpl.java:start(180)) - 6403e584-2209-453b-b79e-eeb0a7b58516: start group-BAE80F1788ED
2019-09-19 14:21:41,426 [pool-60-thread-1] INFO  impl.RaftServerImpl (RaftServerImpl.java:setRole(171)) - 6403e584-2209-453b-b79e-eeb0a7b58516:group-BAE80F1788ED changes role from null to FOLLOWER at term 0 for startAsFollower
2019-09-19 14:21:41,427 [pool-60-thread-1] INFO  impl.RoleInfo (RoleInfo.java:updateAndGet(143)) - 6403e584-2209-453b-b79e-eeb0a7b58516: start FollowerState
2019-09-19 14:21:41,427 [pool-60-thread-1] INFO  util.JmxRegister (JmxRegister.java:tryRegister(44)) - Successfully registered JMX Bean with object name Ratis:service=RaftServer,group=group-BAE80F1788ED,id=6403e584-2209-453b-b79e-eeb0a7b58516
2019-09-19 14:21:41,428 [RatisPipelineUtilsThread] INFO  pipeline.PipelineStateManager (PipelineStateManager.java:addPipeline(56)) - Created pipeline Pipeline[ Id: 87129e6c-351b-40c3-ac12-bae80f1788ed, Nodes: 6403e584-2209-453b-b79e-eeb0a7b58516{ip: 192.168.157.226, host: pr-hdds-1569-swxfz-3172132826, networkLocation: /default-rack, certSerialId: null}, Type:RATIS, Factor:ONE, State:OPEN]
2019-09-19 14:21:41,432 [grpc-default-executor-2] INFO  impl.RaftServerProxy (RaftServerProxy.java:addNew(89)) - 6403e584-2209-453b-b79e-eeb0a7b58516: addNew group-9D2959E62DA3:[6403e584-2209-453b-b79e-eeb0a7b58516:192.168.157.226:35833] returns group-9D2959E62DA3:java.util.concurrent.CompletableFuture@165c6fd5[Not completed]
2019-09-19 14:21:41,433 [pool-60-thread-1] INFO  impl.RaftServerImpl (RaftServerImpl.java:<init>(93)) - 6403e584-2209-453b-b79e-eeb0a7b58516: new RaftServerImpl for group-9D2959E62DA3:[6403e584-2209-453b-b79e-eeb0a7b58516:192.168.157.226:35833] with ContainerStateMachine:uninitialized
2019-09-19 14:21:41,433 [pool-60-thread-1] INFO  server.RaftServerConfigKeys (ConfUtils.java:logGet(43)) - raft.server.rpc.timeout.min = 5s (custom)
2019-09-19 14:21:41,434 [pool-60-thread-1] INFO  server.RaftServerConfigKeys (ConfUtils.java:logGet(43)) - raft.server.rpc.timeout.max = 5200ms (custom)
2019-09-19 14:21:41,434 [pool-60-thread-1] INFO  server.RaftServerConfigKeys (ConfUtils.java:logGet(43)) - raft.server.rpcslowness.timeout = 120s (custom)
2019-09-19 14:21:41,434 [pool-60-thread-1] INFO  server.RaftServerConfigKeys (ConfUtils.java:logGet(43)) - raft.server.sleep.deviation.threshold = 300 (default)
2019-09-19 14:21:41,434 [pool-60-thread-1] INFO  server.RaftServerConfigKeys (ConfUtils.java:logGet(43)) - raft.server.log.appender.install.snapshot.enabled = false (custom)
2019-09-19 14:21:41,434 [pool-60-thread-1] INFO  impl.RaftServerImpl (ServerState.java:<init>(105)) - 6403e584-2209-453b-b79e-eeb0a7b58516:group-9D2959E62DA3 ConfigurationManager, init=-1: [6403e584-2209-453b-b79e-eeb0a7b58516:192.168.157.226:35833], old=null, confs=<EMPTY_MAP>
2019-09-19 14:21:41,434 [pool-60-thread-1] INFO  server.RaftServerConfigKeys (ConfUtils.java:logGet(43)) - raft.server.storage.dir = [/workdir/hadoop-ozone/integration-test/target/test-dir/MiniOzoneClusterImpl-210d6028-2152-4683-81ff-347b0d29bb13/datanode-3/data/ratis] (custom)
2019-09-19 14:21:41,436 [pool-60-thread-1] INFO  storage.RaftStorageDirectory (RaftStorageDirectory.java:analyzeStorage(246)) - The storage directory /workdir/hadoop-ozone/integration-test/target/test-dir/MiniOzoneClusterImpl-210d6028-2152-4683-81ff-347b0d29bb13/datanode-3/data/ratis/7b21afb8-f5ee-4673-90d5-9d2959e62da3 does not exist. Creating ...
2019-09-19 14:21:41,449 [pool-60-thread-1] INFO  storage.RaftStorageDirectory (RaftStorageDirectory.java:tryLock(328)) - Lock on /workdir/hadoop-ozone/integration-test/target/test-dir/MiniOzoneClusterImpl-210d6028-2152-4683-81ff-347b0d29bb13/datanode-3/data/ratis/7b21afb8-f5ee-4673-90d5-9d2959e62da3/in_use.lock acquired by nodename 16198@pr-hdds-1569-swxfz-3172132826
2019-09-19 14:21:41,462 [pool-60-thread-1] INFO  storage.RaftStorage (RaftStorage.java:format(72)) - Storage directory /workdir/hadoop-ozone/integration-test/target/test-dir/MiniOzoneClusterImpl-210d6028-2152-4683-81ff-347b0d29bb13/datanode-3/data/ratis/7b21afb8-f5ee-4673-90d5-9d2959e62da3 has been successfully formatted.
2019-09-19 14:21:41,462 [pool-60-thread-1] INFO  ratis.ContainerStateMachine (ContainerStateMachine.java:loadSnapshot(226)) - group-9D2959E62DA3: The snapshot info is null. Setting the last applied indexto:(t:0, i:~)
2019-09-19 14:21:41,462 [pool-60-thread-1] INFO  server.RaftServerConfigKeys (ConfUtils.java:logGet(43)) - raft.server.leader.election.timeout = 120s (custom)
2019-09-19 14:21:41,462 [pool-60-thread-1] INFO  server.RaftServerConfigKeys (ConfUtils.java:logGet(43)) - raft.server.log.use.memory = false (default)
2019-09-19 14:21:41,462 [pool-60-thread-1] INFO  server.RaftServerConfigKeys (ConfUtils.java:logGet(43)) - raft.server.log.purge.gap = 1000000 (custom)
2019-09-19 14:21:41,462 [pool-60-thread-1] INFO  server.RaftServerConfigKeys (ConfUtils.java:logGet(43)) - raft.server.log.appender.buffer.byte-limit = 33554432 (custom)
2019-09-19 14:21:41,463 [pool-60-thread-1] INFO  server.RaftServerConfigKeys (ConfUtils.java:logGet(43)) - raft.server.log.segment.size.max = 1048576 (custom)
2019-09-19 14:21:41,463 [pool-60-thread-1] INFO  server.RaftServerConfigKeys (ConfUtils.java:logGet(43)) - raft.server.log.segment.cache.num.max = 2 (custom)
2019-09-19 14:21:41,463 [pool-60-thread-1] INFO  segmented.SegmentedRaftLogWorker (SegmentedRaftLogWorker.java:<init>(172)) - new 6403e584-2209-453b-b79e-eeb0a7b58516-SegmentedRaftLogWorker:Storage Directory /workdir/hadoop-ozone/integration-test/target/test-dir/MiniOzoneClusterImpl-210d6028-2152-4683-81ff-347b0d29bb13/datanode-3/data/ratis/7b21afb8-f5ee-4673-90d5-9d2959e62da3 for RaftStorage:Storage Directory /workdir/hadoop-ozone/integration-test/target/test-dir/MiniOzoneClusterImpl-210d6028-2152-4683-81ff-347b0d29bb13/datanode-3/data/ratis/7b21afb8-f5ee-4673-90d5-9d2959e62da3
2019-09-19 14:21:41,463 [pool-60-thread-1] INFO  server.RaftServerConfigKeys (ConfUtils.java:logGet(43)) - raft.server.log.queue.byte-limit = 2147483647 (custom)
2019-09-19 14:21:41,463 [pool-60-thread-1] INFO  server.RaftServerConfigKeys (ConfUtils.java:logGet(43)) - raft.server.log.queue.element-limit = 1024 (custom)
2019-09-19 14:21:41,463 [pool-60-thread-1] INFO  server.RaftServerConfigKeys (ConfUtils.java:logGet(43)) - raft.server.log.segment.size.max = 1048576 (custom)
2019-09-19 14:21:41,463 [pool-60-thread-1] INFO  server.RaftServerConfigKeys (ConfUtils.java:logGet(43)) - raft.server.log.preallocated.size = 16384 (custom)
2019-09-19 14:21:41,463 [pool-60-thread-1] INFO  server.RaftServerConfigKeys (ConfUtils.java:logGet(43)) - raft.server.log.write.buffer.size = 33554432 (custom)
2019-09-19 14:21:41,463 [pool-60-thread-1] INFO  server.RaftServerConfigKeys (ConfUtils.java:logGet(43)) - raft.server.log.force.sync.num = 128 (default)
2019-09-19 14:21:41,463 [pool-60-thread-1] INFO  server.RaftServerConfigKeys (ConfUtils.java:logGet(43)) - raft.server.log.statemachine.data.sync = true (default)
2019-09-19 14:21:41,464 [pool-60-thread-1] INFO  server.RaftServerConfigKeys (ConfUtils.java:logGet(43)) - raft.server.log.statemachine.data.sync.timeout = 10s (default)
2019-09-19 14:21:41,464 [pool-60-thread-1] INFO  server.RaftServerConfigKeys (ConfUtils.java:logGet(43)) - raft.server.log.statemachine.data.sync.timeout.retry = -1 (default)
2019-09-19 14:21:41,464 [pool-60-thread-1] INFO  server.RaftServerConfigKeys (ConfUtils.java:logGet(43)) - raft.server.log.statemachine.data.caching.enabled = true (custom)
2019-09-19 14:21:41,464 [pool-60-thread-1] INFO  segmented.SegmentedRaftLogWorker (SegmentedRaftLogWorker.java:lambda$new$0(132)) - 6403e584-2209-453b-b79e-eeb0a7b58516-SegmentedRaftLogWorker:Storage Directory /workdir/hadoop-ozone/integration-test/target/test-dir/MiniOzoneClusterImpl-210d6028-2152-4683-81ff-347b0d29bb13/datanode-3/data/ratis/7b21afb8-f5ee-4673-90d5-9d2959e62da3: flushIndex: setUnconditionally 0 -> -1
2019-09-19 14:21:41,464 [pool-60-thread-1] INFO  server.RaftServerConfigKeys (ConfUtils.java:logGet(43)) - raft.server.snapshot.auto.trigger.enabled = true (custom)
2019-09-19 14:21:41,464 [pool-60-thread-1] INFO  server.RaftServerConfigKeys (ConfUtils.java:logGet(43)) - raft.server.snapshot.auto.trigger.threshold = 10000 (custom)
2019-09-19 14:21:41,464 [pool-60-thread-1] INFO  server.RaftServerConfigKeys (ConfUtils.java:logGet(43)) - raft.server.retrycache.expirytime = 600000ms (custom)
2019-09-19 14:21:41,465 [pool-60-thread-1] INFO  impl.RaftServerImpl (RaftServerImpl.java:start(180)) - 6403e584-2209-453b-b79e-eeb0a7b58516: start group-9D2959E62DA3
2019-09-19 14:21:41,465 [pool-60-thread-1] INFO  impl.RaftServerImpl (RaftServerImpl.java:setRole(171)) - 6403e584-2209-453b-b79e-eeb0a7b58516:group-9D2959E62DA3 changes role from null to FOLLOWER at term 0 for startAsFollower
2019-09-19 14:21:41,465 [pool-60-thread-1] INFO  impl.RoleInfo (RoleInfo.java:updateAndGet(143)) - 6403e584-2209-453b-b79e-eeb0a7b58516: start FollowerState
2019-09-19 14:21:41,465 [pool-60-thread-1] INFO  util.JmxRegister (JmxRegister.java:tryRegister(44)) - Successfully registered JMX Bean with object name Ratis:service=RaftServer,group=group-9D2959E62DA3,id=6403e584-2209-453b-b79e-eeb0a7b58516
2019-09-19 14:21:41,467 [RatisPipelineUtilsThread] INFO  pipeline.PipelineStateManager (PipelineStateManager.java:addPipeline(56)) - Created pipeline Pipeline[ Id: 7b21afb8-f5ee-4673-90d5-9d2959e62da3, Nodes: 6403e584-2209-453b-b79e-eeb0a7b58516{ip: 192.168.157.226, host: pr-hdds-1569-swxfz-3172132826, networkLocation: /default-rack, certSerialId: null}, Type:RATIS, Factor:ONE, State:OPEN]
2019-09-19 14:21:41,470 [grpc-default-executor-2] INFO  impl.RaftServerProxy (RaftServerProxy.java:addNew(89)) - 85c6a9f3-b9a5-43a5-ac4f-9aa7bd5f2263: addNew group-F720BA2B578E:[85c6a9f3-b9a5-43a5-ac4f-9aa7bd5f2263:192.168.157.226:45170] returns group-F720BA2B578E:java.util.concurrent.CompletableFuture@2fcadfaf[Not completed]
2019-09-19 14:21:41,471 [pool-27-thread-1] INFO  impl.RaftServerImpl (RaftServerImpl.java:<init>(93)) - 85c6a9f3-b9a5-43a5-ac4f-9aa7bd5f2263: new RaftServerImpl for group-F720BA2B578E:[85c6a9f3-b9a5-43a5-ac4f-9aa7bd5f2263:192.168.157.226:45170] with ContainerStateMachine:uninitialized
2019-09-19 14:21:41,471 [pool-27-thread-1] INFO  server.RaftServerConfigKeys (ConfUtils.java:logGet(43)) - raft.server.rpc.timeout.min = 5s (custom)
2019-09-19 14:21:41,472 [pool-27-thread-1] INFO  server.RaftServerConfigKeys (ConfUtils.java:logGet(43)) - raft.server.rpc.timeout.max = 5200ms (custom)
2019-09-19 14:21:41,472 [pool-27-thread-1] INFO  server.RaftServerConfigKeys (ConfUtils.java:logGet(43)) - raft.server.rpcslowness.timeout = 120s (custom)
2019-09-19 14:21:41,472 [pool-27-thread-1] INFO  server.RaftServerConfigKeys (ConfUtils.java:logGet(43)) - raft.server.sleep.deviation.threshold = 300 (default)
2019-09-19 14:21:41,472 [pool-27-thread-1] INFO  server.RaftServerConfigKeys (ConfUtils.java:logGet(43)) - raft.server.log.appender.install.snapshot.enabled = false (custom)
2019-09-19 14:21:41,472 [pool-27-thread-1] INFO  impl.RaftServerImpl (ServerState.java:<init>(105)) - 85c6a9f3-b9a5-43a5-ac4f-9aa7bd5f2263:group-F720BA2B578E ConfigurationManager, init=-1: [85c6a9f3-b9a5-43a5-ac4f-9aa7bd5f2263:192.168.157.226:45170], old=null, confs=<EMPTY_MAP>
2019-09-19 14:21:41,472 [pool-27-thread-1] INFO  server.RaftServerConfigKeys (ConfUtils.java:logGet(43)) - raft.server.storage.dir = [/workdir/hadoop-ozone/integration-test/target/test-dir/MiniOzoneClusterImpl-210d6028-2152-4683-81ff-347b0d29bb13/datanode-0/data/ratis] (custom)
2019-09-19 14:21:41,472 [pool-27-thread-1] INFO  storage.RaftStorageDirectory (RaftStorageDirectory.java:analyzeStorage(246)) - The storage directory /workdir/hadoop-ozone/integration-test/target/test-dir/MiniOzoneClusterImpl-210d6028-2152-4683-81ff-347b0d29bb13/datanode-0/data/ratis/820d4892-99a1-43ee-956b-f720ba2b578e does not exist. Creating ...
2019-09-19 14:21:41,484 [pool-27-thread-1] INFO  storage.RaftStorageDirectory (RaftStorageDirectory.java:tryLock(328)) - Lock on /workdir/hadoop-ozone/integration-test/target/test-dir/MiniOzoneClusterImpl-210d6028-2152-4683-81ff-347b0d29bb13/datanode-0/data/ratis/820d4892-99a1-43ee-956b-f720ba2b578e/in_use.lock acquired by nodename 16198@pr-hdds-1569-swxfz-3172132826
2019-09-19 14:21:41,497 [pool-27-thread-1] INFO  storage.RaftStorage (RaftStorage.java:format(72)) - Storage directory /workdir/hadoop-ozone/integration-test/target/test-dir/MiniOzoneClusterImpl-210d6028-2152-4683-81ff-347b0d29bb13/datanode-0/data/ratis/820d4892-99a1-43ee-956b-f720ba2b578e has been successfully formatted.
2019-09-19 14:21:41,497 [pool-27-thread-1] INFO  ratis.ContainerStateMachine (ContainerStateMachine.java:loadSnapshot(226)) - group-F720BA2B578E: The snapshot info is null. Setting the last applied indexto:(t:0, i:~)
2019-09-19 14:21:41,497 [pool-27-thread-1] INFO  server.RaftServerConfigKeys (ConfUtils.java:logGet(43)) - raft.server.leader.election.timeout = 120s (custom)
2019-09-19 14:21:41,497 [pool-27-thread-1] INFO  server.RaftServerConfigKeys (ConfUtils.java:logGet(43)) - raft.server.log.use.memory = false (default)
2019-09-19 14:21:41,497 [pool-27-thread-1] INFO  server.RaftServerConfigKeys (ConfUtils.java:logGet(43)) - raft.server.log.purge.gap = 1000000 (custom)
2019-09-19 14:21:41,497 [pool-27-thread-1] INFO  server.RaftServerConfigKeys (ConfUtils.java:logGet(43)) - raft.server.log.appender.buffer.byte-limit = 33554432 (custom)
2019-09-19 14:21:41,497 [pool-27-thread-1] INFO  server.RaftServerConfigKeys (ConfUtils.java:logGet(43)) - raft.server.log.segment.size.max = 1048576 (custom)
2019-09-19 14:21:41,497 [pool-27-thread-1] INFO  server.RaftServerConfigKeys (ConfUtils.java:logGet(43)) - raft.server.log.segment.cache.num.max = 2 (custom)
2019-09-19 14:21:41,498 [pool-27-thread-1] INFO  segmented.SegmentedRaftLogWorker (SegmentedRaftLogWorker.java:<init>(172)) - new 85c6a9f3-b9a5-43a5-ac4f-9aa7bd5f2263-SegmentedRaftLogWorker:Storage Directory /workdir/hadoop-ozone/integration-test/target/test-dir/MiniOzoneClusterImpl-210d6028-2152-4683-81ff-347b0d29bb13/datanode-0/data/ratis/820d4892-99a1-43ee-956b-f720ba2b578e for RaftStorage:Storage Directory /workdir/hadoop-ozone/integration-test/target/test-dir/MiniOzoneClusterImpl-210d6028-2152-4683-81ff-347b0d29bb13/datanode-0/data/ratis/820d4892-99a1-43ee-956b-f720ba2b578e
2019-09-19 14:21:41,498 [pool-27-thread-1] INFO  server.RaftServerConfigKeys (ConfUtils.java:logGet(43)) - raft.server.log.queue.byte-limit = 2147483647 (custom)
2019-09-19 14:21:41,498 [pool-27-thread-1] INFO  server.RaftServerConfigKeys (ConfUtils.java:logGet(43)) - raft.server.log.queue.element-limit = 1024 (custom)
2019-09-19 14:21:41,498 [pool-27-thread-1] INFO  server.RaftServerConfigKeys (ConfUtils.java:logGet(43)) - raft.server.log.segment.size.max = 1048576 (custom)
2019-09-19 14:21:41,498 [pool-27-thread-1] INFO  server.RaftServerConfigKeys (ConfUtils.java:logGet(43)) - raft.server.log.preallocated.size = 16384 (custom)
2019-09-19 14:21:41,498 [pool-27-thread-1] INFO  server.RaftServerConfigKeys (ConfUtils.java:logGet(43)) - raft.server.log.write.buffer.size = 33554432 (custom)
2019-09-19 14:21:41,498 [pool-27-thread-1] INFO  server.RaftServerConfigKeys (ConfUtils.java:logGet(43)) - raft.server.log.force.sync.num = 128 (default)
2019-09-19 14:21:41,498 [pool-27-thread-1] INFO  server.RaftServerConfigKeys (ConfUtils.java:logGet(43)) - raft.server.log.statemachine.data.sync = true (default)
2019-09-19 14:21:41,499 [pool-27-thread-1] INFO  server.RaftServerConfigKeys (ConfUtils.java:logGet(43)) - raft.server.log.statemachine.data.sync.timeout = 10s (default)
2019-09-19 14:21:41,499 [pool-27-thread-1] INFO  server.RaftServerConfigKeys (ConfUtils.java:logGet(43)) - raft.server.log.statemachine.data.sync.timeout.retry = -1 (default)
2019-09-19 14:21:41,499 [pool-27-thread-1] INFO  server.RaftServerConfigKeys (ConfUtils.java:logGet(43)) - raft.server.log.statemachine.data.caching.enabled = true (custom)
2019-09-19 14:21:41,499 [pool-27-thread-1] INFO  segmented.SegmentedRaftLogWorker (SegmentedRaftLogWorker.java:lambda$new$0(132)) - 85c6a9f3-b9a5-43a5-ac4f-9aa7bd5f2263-SegmentedRaftLogWorker:Storage Directory /workdir/hadoop-ozone/integration-test/target/test-dir/MiniOzoneClusterImpl-210d6028-2152-4683-81ff-347b0d29bb13/datanode-0/data/ratis/820d4892-99a1-43ee-956b-f720ba2b578e: flushIndex: setUnconditionally 0 -> -1
2019-09-19 14:21:41,499 [pool-27-thread-1] INFO  server.RaftServerConfigKeys (ConfUtils.java:logGet(43)) - raft.server.snapshot.auto.trigger.enabled = true (custom)
2019-09-19 14:21:41,499 [pool-27-thread-1] INFO  server.RaftServerConfigKeys (ConfUtils.java:logGet(43)) - raft.server.snapshot.auto.trigger.threshold = 10000 (custom)
2019-09-19 14:21:41,500 [pool-27-thread-1] INFO  server.RaftServerConfigKeys (ConfUtils.java:logGet(43)) - raft.server.retrycache.expirytime = 600000ms (custom)
2019-09-19 14:21:41,500 [pool-27-thread-1] INFO  impl.RaftServerImpl (RaftServerImpl.java:start(180)) - 85c6a9f3-b9a5-43a5-ac4f-9aa7bd5f2263: start group-F720BA2B578E
2019-09-19 14:21:41,500 [pool-27-thread-1] INFO  impl.RaftServerImpl (RaftServerImpl.java:setRole(171)) - 85c6a9f3-b9a5-43a5-ac4f-9aa7bd5f2263:group-F720BA2B578E changes role from null to FOLLOWER at term 0 for startAsFollower
2019-09-19 14:21:41,500 [pool-27-thread-1] INFO  impl.RoleInfo (RoleInfo.java:updateAndGet(143)) - 85c6a9f3-b9a5-43a5-ac4f-9aa7bd5f2263: start FollowerState
2019-09-19 14:21:41,500 [pool-27-thread-1] INFO  util.JmxRegister (JmxRegister.java:tryRegister(44)) - Successfully registered JMX Bean with object name Ratis:service=RaftServer,group=group-F720BA2B578E,id=85c6a9f3-b9a5-43a5-ac4f-9aa7bd5f2263
2019-09-19 14:21:41,502 [RatisPipelineUtilsThread] INFO  pipeline.PipelineStateManager (PipelineStateManager.java:addPipeline(56)) - Created pipeline Pipeline[ Id: 820d4892-99a1-43ee-956b-f720ba2b578e, Nodes: 85c6a9f3-b9a5-43a5-ac4f-9aa7bd5f2263{ip: 192.168.157.226, host: pr-hdds-1569-swxfz-3172132826, networkLocation: /default-rack, certSerialId: null}, Type:RATIS, Factor:ONE, State:OPEN]
2019-09-19 14:21:41,506 [grpc-default-executor-2] INFO  impl.RaftServerProxy (RaftServerProxy.java:addNew(89)) - 306a7a99-f2a5-4f40-b42b-2fc2def08a6a: addNew group-A8DD95DF660C:[306a7a99-f2a5-4f40-b42b-2fc2def08a6a:192.168.157.226:42633] returns group-A8DD95DF660C:java.util.concurrent.CompletableFuture@2cd330e4[Not completed]
2019-09-19 14:21:41,507 [pool-49-thread-1] INFO  impl.RaftServerImpl (RaftServerImpl.java:<init>(93)) - 306a7a99-f2a5-4f40-b42b-2fc2def08a6a: new RaftServerImpl for group-A8DD95DF660C:[306a7a99-f2a5-4f40-b42b-2fc2def08a6a:192.168.157.226:42633] with ContainerStateMachine:uninitialized
2019-09-19 14:21:41,507 [pool-49-thread-1] INFO  server.RaftServerConfigKeys (ConfUtils.java:logGet(43)) - raft.server.rpc.timeout.min = 5s (custom)
2019-09-19 14:21:41,507 [pool-49-thread-1] INFO  server.RaftServerConfigKeys (ConfUtils.java:logGet(43)) - raft.server.rpc.timeout.max = 5200ms (custom)
2019-09-19 14:21:41,507 [pool-49-thread-1] INFO  server.RaftServerConfigKeys (ConfUtils.java:logGet(43)) - raft.server.rpcslowness.timeout = 120s (custom)
2019-09-19 14:21:41,507 [pool-49-thread-1] INFO  server.RaftServerConfigKeys (ConfUtils.java:logGet(43)) - raft.server.sleep.deviation.threshold = 300 (default)
2019-09-19 14:21:41,507 [pool-49-thread-1] INFO  server.RaftServerConfigKeys (ConfUtils.java:logGet(43)) - raft.server.log.appender.install.snapshot.enabled = false (custom)
2019-09-19 14:21:41,507 [pool-49-thread-1] INFO  impl.RaftServerImpl (ServerState.java:<init>(105)) - 306a7a99-f2a5-4f40-b42b-2fc2def08a6a:group-A8DD95DF660C ConfigurationManager, init=-1: [306a7a99-f2a5-4f40-b42b-2fc2def08a6a:192.168.157.226:42633], old=null, confs=<EMPTY_MAP>
2019-09-19 14:21:41,507 [pool-49-thread-1] INFO  server.RaftServerConfigKeys (ConfUtils.java:logGet(43)) - raft.server.storage.dir = [/workdir/hadoop-ozone/integration-test/target/test-dir/MiniOzoneClusterImpl-210d6028-2152-4683-81ff-347b0d29bb13/datanode-2/data/ratis] (custom)
2019-09-19 14:21:41,508 [pool-49-thread-1] INFO  storage.RaftStorageDirectory (RaftStorageDirectory.java:analyzeStorage(246)) - The storage directory /workdir/hadoop-ozone/integration-test/target/test-dir/MiniOzoneClusterImpl-210d6028-2152-4683-81ff-347b0d29bb13/datanode-2/data/ratis/a0f230a9-2c48-4665-8534-a8dd95df660c does not exist. Creating ...
2019-09-19 14:21:41,543 [pool-49-thread-1] INFO  storage.RaftStorageDirectory (RaftStorageDirectory.java:tryLock(328)) - Lock on /workdir/hadoop-ozone/integration-test/target/test-dir/MiniOzoneClusterImpl-210d6028-2152-4683-81ff-347b0d29bb13/datanode-2/data/ratis/a0f230a9-2c48-4665-8534-a8dd95df660c/in_use.lock acquired by nodename 16198@pr-hdds-1569-swxfz-3172132826
2019-09-19 14:21:41,556 [pool-49-thread-1] INFO  storage.RaftStorage (RaftStorage.java:format(72)) - Storage directory /workdir/hadoop-ozone/integration-test/target/test-dir/MiniOzoneClusterImpl-210d6028-2152-4683-81ff-347b0d29bb13/datanode-2/data/ratis/a0f230a9-2c48-4665-8534-a8dd95df660c has been successfully formatted.
2019-09-19 14:21:41,556 [pool-49-thread-1] INFO  ratis.ContainerStateMachine (ContainerStateMachine.java:loadSnapshot(226)) - group-A8DD95DF660C: The snapshot info is null. Setting the last applied indexto:(t:0, i:~)
2019-09-19 14:21:41,556 [pool-49-thread-1] INFO  server.RaftServerConfigKeys (ConfUtils.java:logGet(43)) - raft.server.leader.election.timeout = 120s (custom)
2019-09-19 14:21:41,556 [pool-49-thread-1] INFO  server.RaftServerConfigKeys (ConfUtils.java:logGet(43)) - raft.server.log.use.memory = false (default)
2019-09-19 14:21:41,557 [pool-49-thread-1] INFO  server.RaftServerConfigKeys (ConfUtils.java:logGet(43)) - raft.server.log.purge.gap = 1000000 (custom)
2019-09-19 14:21:41,557 [pool-49-thread-1] INFO  server.RaftServerConfigKeys (ConfUtils.java:logGet(43)) - raft.server.log.appender.buffer.byte-limit = 33554432 (custom)
2019-09-19 14:21:41,557 [pool-49-thread-1] INFO  server.RaftServerConfigKeys (ConfUtils.java:logGet(43)) - raft.server.log.segment.size.max = 1048576 (custom)
2019-09-19 14:21:41,557 [pool-49-thread-1] INFO  server.RaftServerConfigKeys (ConfUtils.java:logGet(43)) - raft.server.log.segment.cache.num.max = 2 (custom)
2019-09-19 14:21:41,557 [pool-49-thread-1] INFO  segmented.SegmentedRaftLogWorker (SegmentedRaftLogWorker.java:<init>(172)) - new 306a7a99-f2a5-4f40-b42b-2fc2def08a6a-SegmentedRaftLogWorker:Storage Directory /workdir/hadoop-ozone/integration-test/target/test-dir/MiniOzoneClusterImpl-210d6028-2152-4683-81ff-347b0d29bb13/datanode-2/data/ratis/a0f230a9-2c48-4665-8534-a8dd95df660c for RaftStorage:Storage Directory /workdir/hadoop-ozone/integration-test/target/test-dir/MiniOzoneClusterImpl-210d6028-2152-4683-81ff-347b0d29bb13/datanode-2/data/ratis/a0f230a9-2c48-4665-8534-a8dd95df660c
2019-09-19 14:21:41,557 [pool-49-thread-1] INFO  server.RaftServerConfigKeys (ConfUtils.java:logGet(43)) - raft.server.log.queue.byte-limit = 2147483647 (custom)
2019-09-19 14:21:41,558 [pool-49-thread-1] INFO  server.RaftServerConfigKeys (ConfUtils.java:logGet(43)) - raft.server.log.queue.element-limit = 1024 (custom)
2019-09-19 14:21:41,558 [pool-49-thread-1] INFO  server.RaftServerConfigKeys (ConfUtils.java:logGet(43)) - raft.server.log.segment.size.max = 1048576 (custom)
2019-09-19 14:21:41,558 [pool-49-thread-1] INFO  server.RaftServerConfigKeys (ConfUtils.java:logGet(43)) - raft.server.log.preallocated.size = 16384 (custom)
2019-09-19 14:21:41,558 [pool-49-thread-1] INFO  server.RaftServerConfigKeys (ConfUtils.java:logGet(43)) - raft.server.log.write.buffer.size = 33554432 (custom)
2019-09-19 14:21:41,558 [pool-49-thread-1] INFO  server.RaftServerConfigKeys (ConfUtils.java:logGet(43)) - raft.server.log.force.sync.num = 128 (default)
2019-09-19 14:21:41,558 [pool-49-thread-1] INFO  server.RaftServerConfigKeys (ConfUtils.java:logGet(43)) - raft.server.log.statemachine.data.sync = true (default)
2019-09-19 14:21:41,558 [pool-49-thread-1] INFO  server.RaftServerConfigKeys (ConfUtils.java:logGet(43)) - raft.server.log.statemachine.data.sync.timeout = 10s (default)
2019-09-19 14:21:41,559 [pool-49-thread-1] INFO  server.RaftServerConfigKeys (ConfUtils.java:logGet(43)) - raft.server.log.statemachine.data.sync.timeout.retry = -1 (default)
2019-09-19 14:21:41,559 [pool-49-thread-1] INFO  server.RaftServerConfigKeys (ConfUtils.java:logGet(43)) - raft.server.log.statemachine.data.caching.enabled = true (custom)
2019-09-19 14:21:41,559 [pool-49-thread-1] INFO  segmented.SegmentedRaftLogWorker (SegmentedRaftLogWorker.java:lambda$new$0(132)) - 306a7a99-f2a5-4f40-b42b-2fc2def08a6a-SegmentedRaftLogWorker:Storage Directory /workdir/hadoop-ozone/integration-test/target/test-dir/MiniOzoneClusterImpl-210d6028-2152-4683-81ff-347b0d29bb13/datanode-2/data/ratis/a0f230a9-2c48-4665-8534-a8dd95df660c: flushIndex: setUnconditionally 0 -> -1
2019-09-19 14:21:41,559 [pool-49-thread-1] INFO  server.RaftServerConfigKeys (ConfUtils.java:logGet(43)) - raft.server.snapshot.auto.trigger.enabled = true (custom)
2019-09-19 14:21:41,560 [pool-49-thread-1] INFO  server.RaftServerConfigKeys (ConfUtils.java:logGet(43)) - raft.server.snapshot.auto.trigger.threshold = 10000 (custom)
2019-09-19 14:21:41,560 [pool-49-thread-1] INFO  server.RaftServerConfigKeys (ConfUtils.java:logGet(43)) - raft.server.retrycache.expirytime = 600000ms (custom)
2019-09-19 14:21:41,560 [pool-49-thread-1] INFO  impl.RaftServerImpl (RaftServerImpl.java:start(180)) - 306a7a99-f2a5-4f40-b42b-2fc2def08a6a: start group-A8DD95DF660C
2019-09-19 14:21:41,560 [pool-49-thread-1] INFO  impl.RaftServerImpl (RaftServerImpl.java:setRole(171)) - 306a7a99-f2a5-4f40-b42b-2fc2def08a6a:group-A8DD95DF660C changes role from null to FOLLOWER at term 0 for startAsFollower
2019-09-19 14:21:41,560 [pool-49-thread-1] INFO  impl.RoleInfo (RoleInfo.java:updateAndGet(143)) - 306a7a99-f2a5-4f40-b42b-2fc2def08a6a: start FollowerState
2019-09-19 14:21:41,560 [pool-49-thread-1] INFO  util.JmxRegister (JmxRegister.java:tryRegister(44)) - Successfully registered JMX Bean with object name Ratis:service=RaftServer,group=group-A8DD95DF660C,id=306a7a99-f2a5-4f40-b42b-2fc2def08a6a
2019-09-19 14:21:41,562 [RatisPipelineUtilsThread] INFO  pipeline.PipelineStateManager (PipelineStateManager.java:addPipeline(56)) - Created pipeline Pipeline[ Id: a0f230a9-2c48-4665-8534-a8dd95df660c, Nodes: 306a7a99-f2a5-4f40-b42b-2fc2def08a6a{ip: 192.168.157.226, host: pr-hdds-1569-swxfz-3172132826, networkLocation: /default-rack, certSerialId: null}, Type:RATIS, Factor:ONE, State:OPEN]
2019-09-19 14:21:41,566 [grpc-default-executor-2] INFO  impl.RaftServerProxy (RaftServerProxy.java:addNew(89)) - 306a7a99-f2a5-4f40-b42b-2fc2def08a6a: addNew group-01E49D2CAF0C:[306a7a99-f2a5-4f40-b42b-2fc2def08a6a:192.168.157.226:42633] returns group-01E49D2CAF0C:java.util.concurrent.CompletableFuture@7fd38aeb[Not completed]
2019-09-19 14:21:41,567 [pool-49-thread-1] INFO  impl.RaftServerImpl (RaftServerImpl.java:<init>(93)) - 306a7a99-f2a5-4f40-b42b-2fc2def08a6a: new RaftServerImpl for group-01E49D2CAF0C:[306a7a99-f2a5-4f40-b42b-2fc2def08a6a:192.168.157.226:42633] with ContainerStateMachine:uninitialized
2019-09-19 14:21:41,567 [pool-49-thread-1] INFO  server.RaftServerConfigKeys (ConfUtils.java:logGet(43)) - raft.server.rpc.timeout.min = 5s (custom)
2019-09-19 14:21:41,567 [pool-49-thread-1] INFO  server.RaftServerConfigKeys (ConfUtils.java:logGet(43)) - raft.server.rpc.timeout.max = 5200ms (custom)
2019-09-19 14:21:41,568 [pool-49-thread-1] INFO  server.RaftServerConfigKeys (ConfUtils.java:logGet(43)) - raft.server.rpcslowness.timeout = 120s (custom)
2019-09-19 14:21:41,568 [pool-49-thread-1] INFO  server.RaftServerConfigKeys (ConfUtils.java:logGet(43)) - raft.server.sleep.deviation.threshold = 300 (default)
2019-09-19 14:21:41,568 [pool-49-thread-1] INFO  server.RaftServerConfigKeys (ConfUtils.java:logGet(43)) - raft.server.log.appender.install.snapshot.enabled = false (custom)
2019-09-19 14:21:41,568 [pool-49-thread-1] INFO  impl.RaftServerImpl (ServerState.java:<init>(105)) - 306a7a99-f2a5-4f40-b42b-2fc2def08a6a:group-01E49D2CAF0C ConfigurationManager, init=-1: [306a7a99-f2a5-4f40-b42b-2fc2def08a6a:192.168.157.226:42633], old=null, confs=<EMPTY_MAP>
2019-09-19 14:21:41,568 [pool-49-thread-1] INFO  server.RaftServerConfigKeys (ConfUtils.java:logGet(43)) - raft.server.storage.dir = [/workdir/hadoop-ozone/integration-test/target/test-dir/MiniOzoneClusterImpl-210d6028-2152-4683-81ff-347b0d29bb13/datanode-2/data/ratis] (custom)
2019-09-19 14:21:41,569 [pool-49-thread-1] INFO  storage.RaftStorageDirectory (RaftStorageDirectory.java:analyzeStorage(246)) - The storage directory /workdir/hadoop-ozone/integration-test/target/test-dir/MiniOzoneClusterImpl-210d6028-2152-4683-81ff-347b0d29bb13/datanode-2/data/ratis/03ecd4b0-83ee-4e9e-994d-01e49d2caf0c does not exist. Creating ...
2019-09-19 14:21:41,582 [pool-49-thread-1] INFO  storage.RaftStorageDirectory (RaftStorageDirectory.java:tryLock(328)) - Lock on /workdir/hadoop-ozone/integration-test/target/test-dir/MiniOzoneClusterImpl-210d6028-2152-4683-81ff-347b0d29bb13/datanode-2/data/ratis/03ecd4b0-83ee-4e9e-994d-01e49d2caf0c/in_use.lock acquired by nodename 16198@pr-hdds-1569-swxfz-3172132826
2019-09-19 14:21:41,595 [pool-49-thread-1] INFO  storage.RaftStorage (RaftStorage.java:format(72)) - Storage directory /workdir/hadoop-ozone/integration-test/target/test-dir/MiniOzoneClusterImpl-210d6028-2152-4683-81ff-347b0d29bb13/datanode-2/data/ratis/03ecd4b0-83ee-4e9e-994d-01e49d2caf0c has been successfully formatted.
2019-09-19 14:21:41,596 [pool-49-thread-1] INFO  ratis.ContainerStateMachine (ContainerStateMachine.java:loadSnapshot(226)) - group-01E49D2CAF0C: The snapshot info is null. Setting the last applied indexto:(t:0, i:~)
2019-09-19 14:21:41,596 [pool-49-thread-1] INFO  server.RaftServerConfigKeys (ConfUtils.java:logGet(43)) - raft.server.leader.election.timeout = 120s (custom)
2019-09-19 14:21:41,596 [pool-49-thread-1] INFO  server.RaftServerConfigKeys (ConfUtils.java:logGet(43)) - raft.server.log.use.memory = false (default)
2019-09-19 14:21:41,596 [pool-49-thread-1] INFO  server.RaftServerConfigKeys (ConfUtils.java:logGet(43)) - raft.server.log.purge.gap = 1000000 (custom)
2019-09-19 14:21:41,596 [pool-49-thread-1] INFO  server.RaftServerConfigKeys (ConfUtils.java:logGet(43)) - raft.server.log.appender.buffer.byte-limit = 33554432 (custom)
2019-09-19 14:21:41,596 [pool-49-thread-1] INFO  server.RaftServerConfigKeys (ConfUtils.java:logGet(43)) - raft.server.log.segment.size.max = 1048576 (custom)
2019-09-19 14:21:41,596 [pool-49-thread-1] INFO  server.RaftServerConfigKeys (ConfUtils.java:logGet(43)) - raft.server.log.segment.cache.num.max = 2 (custom)
2019-09-19 14:21:41,596 [pool-49-thread-1] INFO  segmented.SegmentedRaftLogWorker (SegmentedRaftLogWorker.java:<init>(172)) - new 306a7a99-f2a5-4f40-b42b-2fc2def08a6a-SegmentedRaftLogWorker:Storage Directory /workdir/hadoop-ozone/integration-test/target/test-dir/MiniOzoneClusterImpl-210d6028-2152-4683-81ff-347b0d29bb13/datanode-2/data/ratis/03ecd4b0-83ee-4e9e-994d-01e49d2caf0c for RaftStorage:Storage Directory /workdir/hadoop-ozone/integration-test/target/test-dir/MiniOzoneClusterImpl-210d6028-2152-4683-81ff-347b0d29bb13/datanode-2/data/ratis/03ecd4b0-83ee-4e9e-994d-01e49d2caf0c
2019-09-19 14:21:41,597 [pool-49-thread-1] INFO  server.RaftServerConfigKeys (ConfUtils.java:logGet(43)) - raft.server.log.queue.byte-limit = 2147483647 (custom)
2019-09-19 14:21:41,597 [pool-49-thread-1] INFO  server.RaftServerConfigKeys (ConfUtils.java:logGet(43)) - raft.server.log.queue.element-limit = 1024 (custom)
2019-09-19 14:21:41,597 [pool-49-thread-1] INFO  server.RaftServerConfigKeys (ConfUtils.java:logGet(43)) - raft.server.log.segment.size.max = 1048576 (custom)
2019-09-19 14:21:41,597 [pool-49-thread-1] INFO  server.RaftServerConfigKeys (ConfUtils.java:logGet(43)) - raft.server.log.preallocated.size = 16384 (custom)
2019-09-19 14:21:41,597 [pool-49-thread-1] INFO  server.RaftServerConfigKeys (ConfUtils.java:logGet(43)) - raft.server.log.write.buffer.size = 33554432 (custom)
2019-09-19 14:21:41,597 [pool-49-thread-1] INFO  server.RaftServerConfigKeys (ConfUtils.java:logGet(43)) - raft.server.log.force.sync.num = 128 (default)
2019-09-19 14:21:41,597 [pool-49-thread-1] INFO  server.RaftServerConfigKeys (ConfUtils.java:logGet(43)) - raft.server.log.statemachine.data.sync = true (default)
2019-09-19 14:21:41,597 [pool-49-thread-1] INFO  server.RaftServerConfigKeys (ConfUtils.java:logGet(43)) - raft.server.log.statemachine.data.sync.timeout = 10s (default)
2019-09-19 14:21:41,597 [pool-49-thread-1] INFO  server.RaftServerConfigKeys (ConfUtils.java:logGet(43)) - raft.server.log.statemachine.data.sync.timeout.retry = -1 (default)
2019-09-19 14:21:41,598 [pool-49-thread-1] INFO  server.RaftServerConfigKeys (ConfUtils.java:logGet(43)) - raft.server.log.statemachine.data.caching.enabled = true (custom)
2019-09-19 14:21:41,598 [pool-49-thread-1] INFO  segmented.SegmentedRaftLogWorker (SegmentedRaftLogWorker.java:lambda$new$0(132)) - 306a7a99-f2a5-4f40-b42b-2fc2def08a6a-SegmentedRaftLogWorker:Storage Directory /workdir/hadoop-ozone/integration-test/target/test-dir/MiniOzoneClusterImpl-210d6028-2152-4683-81ff-347b0d29bb13/datanode-2/data/ratis/03ecd4b0-83ee-4e9e-994d-01e49d2caf0c: flushIndex: setUnconditionally 0 -> -1
2019-09-19 14:21:41,598 [pool-49-thread-1] INFO  server.RaftServerConfigKeys (ConfUtils.java:logGet(43)) - raft.server.snapshot.auto.trigger.enabled = true (custom)
2019-09-19 14:21:41,598 [pool-49-thread-1] INFO  server.RaftServerConfigKeys (ConfUtils.java:logGet(43)) - raft.server.snapshot.auto.trigger.threshold = 10000 (custom)
2019-09-19 14:21:41,598 [pool-49-thread-1] INFO  server.RaftServerConfigKeys (ConfUtils.java:logGet(43)) - raft.server.retrycache.expirytime = 600000ms (custom)
2019-09-19 14:21:41,599 [pool-49-thread-1] INFO  impl.RaftServerImpl (RaftServerImpl.java:start(180)) - 306a7a99-f2a5-4f40-b42b-2fc2def08a6a: start group-01E49D2CAF0C
2019-09-19 14:21:41,599 [pool-49-thread-1] INFO  impl.RaftServerImpl (RaftServerImpl.java:setRole(171)) - 306a7a99-f2a5-4f40-b42b-2fc2def08a6a:group-01E49D2CAF0C changes role from null to FOLLOWER at term 0 for startAsFollower
2019-09-19 14:21:41,599 [pool-49-thread-1] INFO  impl.RoleInfo (RoleInfo.java:updateAndGet(143)) - 306a7a99-f2a5-4f40-b42b-2fc2def08a6a: start FollowerState
2019-09-19 14:21:41,599 [pool-49-thread-1] INFO  util.JmxRegister (JmxRegister.java:tryRegister(44)) - Successfully registered JMX Bean with object name Ratis:service=RaftServer,group=group-01E49D2CAF0C,id=306a7a99-f2a5-4f40-b42b-2fc2def08a6a
2019-09-19 14:21:41,602 [RatisPipelineUtilsThread] INFO  pipeline.PipelineStateManager (PipelineStateManager.java:addPipeline(56)) - Created pipeline Pipeline[ Id: 03ecd4b0-83ee-4e9e-994d-01e49d2caf0c, Nodes: 306a7a99-f2a5-4f40-b42b-2fc2def08a6a{ip: 192.168.157.226, host: pr-hdds-1569-swxfz-3172132826, networkLocation: /default-rack, certSerialId: null}, Type:RATIS, Factor:ONE, State:OPEN]
2019-09-19 14:21:41,606 [grpc-default-executor-2] INFO  impl.RaftServerProxy (RaftServerProxy.java:addNew(89)) - 306a7a99-f2a5-4f40-b42b-2fc2def08a6a: addNew group-ADCADC9576A0:[306a7a99-f2a5-4f40-b42b-2fc2def08a6a:192.168.157.226:42633] returns group-ADCADC9576A0:java.util.concurrent.CompletableFuture@353f5d56[Not completed]
2019-09-19 14:21:41,607 [pool-49-thread-1] INFO  impl.RaftServerImpl (RaftServerImpl.java:<init>(93)) - 306a7a99-f2a5-4f40-b42b-2fc2def08a6a: new RaftServerImpl for group-ADCADC9576A0:[306a7a99-f2a5-4f40-b42b-2fc2def08a6a:192.168.157.226:42633] with ContainerStateMachine:uninitialized
2019-09-19 14:21:41,607 [pool-49-thread-1] INFO  server.RaftServerConfigKeys (ConfUtils.java:logGet(43)) - raft.server.rpc.timeout.min = 5s (custom)
2019-09-19 14:21:41,607 [pool-49-thread-1] INFO  server.RaftServerConfigKeys (ConfUtils.java:logGet(43)) - raft.server.rpc.timeout.max = 5200ms (custom)
2019-09-19 14:21:41,607 [pool-49-thread-1] INFO  server.RaftServerConfigKeys (ConfUtils.java:logGet(43)) - raft.server.rpcslowness.timeout = 120s (custom)
2019-09-19 14:21:41,607 [pool-49-thread-1] INFO  server.RaftServerConfigKeys (ConfUtils.java:logGet(43)) - raft.server.sleep.deviation.threshold = 300 (default)
2019-09-19 14:21:41,607 [pool-49-thread-1] INFO  server.RaftServerConfigKeys (ConfUtils.java:logGet(43)) - raft.server.log.appender.install.snapshot.enabled = false (custom)
2019-09-19 14:21:41,607 [pool-49-thread-1] INFO  impl.RaftServerImpl (ServerState.java:<init>(105)) - 306a7a99-f2a5-4f40-b42b-2fc2def08a6a:group-ADCADC9576A0 ConfigurationManager, init=-1: [306a7a99-f2a5-4f40-b42b-2fc2def08a6a:192.168.157.226:42633], old=null, confs=<EMPTY_MAP>
2019-09-19 14:21:41,608 [pool-49-thread-1] INFO  server.RaftServerConfigKeys (ConfUtils.java:logGet(43)) - raft.server.storage.dir = [/workdir/hadoop-ozone/integration-test/target/test-dir/MiniOzoneClusterImpl-210d6028-2152-4683-81ff-347b0d29bb13/datanode-2/data/ratis] (custom)
2019-09-19 14:21:41,608 [pool-49-thread-1] INFO  storage.RaftStorageDirectory (RaftStorageDirectory.java:analyzeStorage(246)) - The storage directory /workdir/hadoop-ozone/integration-test/target/test-dir/MiniOzoneClusterImpl-210d6028-2152-4683-81ff-347b0d29bb13/datanode-2/data/ratis/7fbca07c-e3b4-4c77-9bde-adcadc9576a0 does not exist. Creating ...
2019-09-19 14:21:41,621 [pool-49-thread-1] INFO  storage.RaftStorageDirectory (RaftStorageDirectory.java:tryLock(328)) - Lock on /workdir/hadoop-ozone/integration-test/target/test-dir/MiniOzoneClusterImpl-210d6028-2152-4683-81ff-347b0d29bb13/datanode-2/data/ratis/7fbca07c-e3b4-4c77-9bde-adcadc9576a0/in_use.lock acquired by nodename 16198@pr-hdds-1569-swxfz-3172132826
2019-09-19 14:21:41,662 [pool-49-thread-1] INFO  storage.RaftStorage (RaftStorage.java:format(72)) - Storage directory /workdir/hadoop-ozone/integration-test/target/test-dir/MiniOzoneClusterImpl-210d6028-2152-4683-81ff-347b0d29bb13/datanode-2/data/ratis/7fbca07c-e3b4-4c77-9bde-adcadc9576a0 has been successfully formatted.
2019-09-19 14:21:41,662 [pool-49-thread-1] INFO  ratis.ContainerStateMachine (ContainerStateMachine.java:loadSnapshot(226)) - group-ADCADC9576A0: The snapshot info is null. Setting the last applied indexto:(t:0, i:~)
2019-09-19 14:21:41,662 [pool-49-thread-1] INFO  server.RaftServerConfigKeys (ConfUtils.java:logGet(43)) - raft.server.leader.election.timeout = 120s (custom)
2019-09-19 14:21:41,662 [pool-49-thread-1] INFO  server.RaftServerConfigKeys (ConfUtils.java:logGet(43)) - raft.server.log.use.memory = false (default)
2019-09-19 14:21:41,662 [pool-49-thread-1] INFO  server.RaftServerConfigKeys (ConfUtils.java:logGet(43)) - raft.server.log.purge.gap = 1000000 (custom)
2019-09-19 14:21:41,662 [pool-49-thread-1] INFO  server.RaftServerConfigKeys (ConfUtils.java:logGet(43)) - raft.server.log.appender.buffer.byte-limit = 33554432 (custom)
2019-09-19 14:21:41,662 [pool-49-thread-1] INFO  server.RaftServerConfigKeys (ConfUtils.java:logGet(43)) - raft.server.log.segment.size.max = 1048576 (custom)
2019-09-19 14:21:41,663 [pool-49-thread-1] INFO  server.RaftServerConfigKeys (ConfUtils.java:logGet(43)) - raft.server.log.segment.cache.num.max = 2 (custom)
2019-09-19 14:21:41,663 [pool-49-thread-1] INFO  segmented.SegmentedRaftLogWorker (SegmentedRaftLogWorker.java:<init>(172)) - new 306a7a99-f2a5-4f40-b42b-2fc2def08a6a-SegmentedRaftLogWorker:Storage Directory /workdir/hadoop-ozone/integration-test/target/test-dir/MiniOzoneClusterImpl-210d6028-2152-4683-81ff-347b0d29bb13/datanode-2/data/ratis/7fbca07c-e3b4-4c77-9bde-adcadc9576a0 for RaftStorage:Storage Directory /workdir/hadoop-ozone/integration-test/target/test-dir/MiniOzoneClusterImpl-210d6028-2152-4683-81ff-347b0d29bb13/datanode-2/data/ratis/7fbca07c-e3b4-4c77-9bde-adcadc9576a0
2019-09-19 14:21:41,663 [pool-49-thread-1] INFO  server.RaftServerConfigKeys (ConfUtils.java:logGet(43)) - raft.server.log.queue.byte-limit = 2147483647 (custom)
2019-09-19 14:21:41,663 [pool-49-thread-1] INFO  server.RaftServerConfigKeys (ConfUtils.java:logGet(43)) - raft.server.log.queue.element-limit = 1024 (custom)
2019-09-19 14:21:41,663 [pool-49-thread-1] INFO  server.RaftServerConfigKeys (ConfUtils.java:logGet(43)) - raft.server.log.segment.size.max = 1048576 (custom)
2019-09-19 14:21:41,663 [pool-49-thread-1] INFO  server.RaftServerConfigKeys (ConfUtils.java:logGet(43)) - raft.server.log.preallocated.size = 16384 (custom)
2019-09-19 14:21:41,663 [pool-49-thread-1] INFO  server.RaftServerConfigKeys (ConfUtils.java:logGet(43)) - raft.server.log.write.buffer.size = 33554432 (custom)
2019-09-19 14:21:41,663 [pool-49-thread-1] INFO  server.RaftServerConfigKeys (ConfUtils.java:logGet(43)) - raft.server.log.force.sync.num = 128 (default)
2019-09-19 14:21:41,663 [pool-49-thread-1] INFO  server.RaftServerConfigKeys (ConfUtils.java:logGet(43)) - raft.server.log.statemachine.data.sync = true (default)
2019-09-19 14:21:41,663 [pool-49-thread-1] INFO  server.RaftServerConfigKeys (ConfUtils.java:logGet(43)) - raft.server.log.statemachine.data.sync.timeout = 10s (default)
2019-09-19 14:21:41,664 [pool-49-thread-1] INFO  server.RaftServerConfigKeys (ConfUtils.java:logGet(43)) - raft.server.log.statemachine.data.sync.timeout.retry = -1 (default)
2019-09-19 14:21:41,664 [pool-49-thread-1] INFO  server.RaftServerConfigKeys (ConfUtils.java:logGet(43)) - raft.server.log.statemachine.data.caching.enabled = true (custom)
2019-09-19 14:21:41,664 [pool-49-thread-1] INFO  segmented.SegmentedRaftLogWorker (SegmentedRaftLogWorker.java:lambda$new$0(132)) - 306a7a99-f2a5-4f40-b42b-2fc2def08a6a-SegmentedRaftLogWorker:Storage Directory /workdir/hadoop-ozone/integration-test/target/test-dir/MiniOzoneClusterImpl-210d6028-2152-4683-81ff-347b0d29bb13/datanode-2/data/ratis/7fbca07c-e3b4-4c77-9bde-adcadc9576a0: flushIndex: setUnconditionally 0 -> -1
2019-09-19 14:21:41,664 [pool-49-thread-1] INFO  server.RaftServerConfigKeys (ConfUtils.java:logGet(43)) - raft.server.snapshot.auto.trigger.enabled = true (custom)
2019-09-19 14:21:41,664 [pool-49-thread-1] INFO  server.RaftServerConfigKeys (ConfUtils.java:logGet(43)) - raft.server.snapshot.auto.trigger.threshold = 10000 (custom)
2019-09-19 14:21:41,664 [pool-49-thread-1] INFO  server.RaftServerConfigKeys (ConfUtils.java:logGet(43)) - raft.server.retrycache.expirytime = 600000ms (custom)
2019-09-19 14:21:41,664 [pool-49-thread-1] INFO  impl.RaftServerImpl (RaftServerImpl.java:start(180)) - 306a7a99-f2a5-4f40-b42b-2fc2def08a6a: start group-ADCADC9576A0
2019-09-19 14:21:41,665 [pool-49-thread-1] INFO  impl.RaftServerImpl (RaftServerImpl.java:setRole(171)) - 306a7a99-f2a5-4f40-b42b-2fc2def08a6a:group-ADCADC9576A0 changes role from null to FOLLOWER at term 0 for startAsFollower
2019-09-19 14:21:41,665 [pool-49-thread-1] INFO  impl.RoleInfo (RoleInfo.java:updateAndGet(143)) - 306a7a99-f2a5-4f40-b42b-2fc2def08a6a: start FollowerState
2019-09-19 14:21:41,665 [pool-49-thread-1] INFO  util.JmxRegister (JmxRegister.java:tryRegister(44)) - Successfully registered JMX Bean with object name Ratis:service=RaftServer,group=group-ADCADC9576A0,id=306a7a99-f2a5-4f40-b42b-2fc2def08a6a
2019-09-19 14:21:41,667 [RatisPipelineUtilsThread] INFO  pipeline.PipelineStateManager (PipelineStateManager.java:addPipeline(56)) - Created pipeline Pipeline[ Id: 7fbca07c-e3b4-4c77-9bde-adcadc9576a0, Nodes: 306a7a99-f2a5-4f40-b42b-2fc2def08a6a{ip: 192.168.157.226, host: pr-hdds-1569-swxfz-3172132826, networkLocation: /default-rack, certSerialId: null}, Type:RATIS, Factor:ONE, State:OPEN]
2019-09-19 14:21:41,672 [grpc-default-executor-2] INFO  impl.RaftServerProxy (RaftServerProxy.java:addNew(89)) - 5dfaa0ea-416a-422c-a75d-43311aceb00a: addNew group-191F2BF7F7A4:[5dfaa0ea-416a-422c-a75d-43311aceb00a:192.168.157.226:45629] returns group-191F2BF7F7A4:java.util.concurrent.CompletableFuture@38fac091[Not completed]
2019-09-19 14:21:41,673 [pool-38-thread-1] INFO  impl.RaftServerImpl (RaftServerImpl.java:<init>(93)) - 5dfaa0ea-416a-422c-a75d-43311aceb00a: new RaftServerImpl for group-191F2BF7F7A4:[5dfaa0ea-416a-422c-a75d-43311aceb00a:192.168.157.226:45629] with ContainerStateMachine:uninitialized
2019-09-19 14:21:41,673 [pool-38-thread-1] INFO  server.RaftServerConfigKeys (ConfUtils.java:logGet(43)) - raft.server.rpc.timeout.min = 5s (custom)
2019-09-19 14:21:41,673 [pool-38-thread-1] INFO  server.RaftServerConfigKeys (ConfUtils.java:logGet(43)) - raft.server.rpc.timeout.max = 5200ms (custom)
2019-09-19 14:21:41,673 [pool-38-thread-1] INFO  server.RaftServerConfigKeys (ConfUtils.java:logGet(43)) - raft.server.rpcslowness.timeout = 120s (custom)
2019-09-19 14:21:41,674 [pool-38-thread-1] INFO  server.RaftServerConfigKeys (ConfUtils.java:logGet(43)) - raft.server.sleep.deviation.threshold = 300 (default)
2019-09-19 14:21:41,674 [pool-38-thread-1] INFO  server.RaftServerConfigKeys (ConfUtils.java:logGet(43)) - raft.server.log.appender.install.snapshot.enabled = false (custom)
2019-09-19 14:21:41,674 [pool-38-thread-1] INFO  impl.RaftServerImpl (ServerState.java:<init>(105)) - 5dfaa0ea-416a-422c-a75d-43311aceb00a:group-191F2BF7F7A4 ConfigurationManager, init=-1: [5dfaa0ea-416a-422c-a75d-43311aceb00a:192.168.157.226:45629], old=null, confs=<EMPTY_MAP>
2019-09-19 14:21:41,674 [pool-38-thread-1] INFO  server.RaftServerConfigKeys (ConfUtils.java:logGet(43)) - raft.server.storage.dir = [/workdir/hadoop-ozone/integration-test/target/test-dir/MiniOzoneClusterImpl-210d6028-2152-4683-81ff-347b0d29bb13/datanode-1/data/ratis] (custom)
2019-09-19 14:21:41,675 [pool-38-thread-1] INFO  storage.RaftStorageDirectory (RaftStorageDirectory.java:analyzeStorage(246)) - The storage directory /workdir/hadoop-ozone/integration-test/target/test-dir/MiniOzoneClusterImpl-210d6028-2152-4683-81ff-347b0d29bb13/datanode-1/data/ratis/c2b44cf1-f9d6-4da4-a6e8-191f2bf7f7a4 does not exist. Creating ...
2019-09-19 14:21:41,688 [pool-38-thread-1] INFO  storage.RaftStorageDirectory (RaftStorageDirectory.java:tryLock(328)) - Lock on /workdir/hadoop-ozone/integration-test/target/test-dir/MiniOzoneClusterImpl-210d6028-2152-4683-81ff-347b0d29bb13/datanode-1/data/ratis/c2b44cf1-f9d6-4da4-a6e8-191f2bf7f7a4/in_use.lock acquired by nodename 16198@pr-hdds-1569-swxfz-3172132826
2019-09-19 14:21:41,702 [pool-38-thread-1] INFO  storage.RaftStorage (RaftStorage.java:format(72)) - Storage directory /workdir/hadoop-ozone/integration-test/target/test-dir/MiniOzoneClusterImpl-210d6028-2152-4683-81ff-347b0d29bb13/datanode-1/data/ratis/c2b44cf1-f9d6-4da4-a6e8-191f2bf7f7a4 has been successfully formatted.
2019-09-19 14:21:41,702 [pool-38-thread-1] INFO  ratis.ContainerStateMachine (ContainerStateMachine.java:loadSnapshot(226)) - group-191F2BF7F7A4: The snapshot info is null. Setting the last applied indexto:(t:0, i:~)
2019-09-19 14:21:41,702 [pool-38-thread-1] INFO  server.RaftServerConfigKeys (ConfUtils.java:logGet(43)) - raft.server.leader.election.timeout = 120s (custom)
2019-09-19 14:21:41,702 [pool-38-thread-1] INFO  server.RaftServerConfigKeys (ConfUtils.java:logGet(43)) - raft.server.log.use.memory = false (default)
2019-09-19 14:21:41,702 [pool-38-thread-1] INFO  server.RaftServerConfigKeys (ConfUtils.java:logGet(43)) - raft.server.log.purge.gap = 1000000 (custom)
2019-09-19 14:21:41,702 [pool-38-thread-1] INFO  server.RaftServerConfigKeys (ConfUtils.java:logGet(43)) - raft.server.log.appender.buffer.byte-limit = 33554432 (custom)
2019-09-19 14:21:41,703 [pool-38-thread-1] INFO  server.RaftServerConfigKeys (ConfUtils.java:logGet(43)) - raft.server.log.segment.size.max = 1048576 (custom)
2019-09-19 14:21:41,703 [pool-38-thread-1] INFO  server.RaftServerConfigKeys (ConfUtils.java:logGet(43)) - raft.server.log.segment.cache.num.max = 2 (custom)
2019-09-19 14:21:41,703 [pool-38-thread-1] INFO  segmented.SegmentedRaftLogWorker (SegmentedRaftLogWorker.java:<init>(172)) - new 5dfaa0ea-416a-422c-a75d-43311aceb00a-SegmentedRaftLogWorker:Storage Directory /workdir/hadoop-ozone/integration-test/target/test-dir/MiniOzoneClusterImpl-210d6028-2152-4683-81ff-347b0d29bb13/datanode-1/data/ratis/c2b44cf1-f9d6-4da4-a6e8-191f2bf7f7a4 for RaftStorage:Storage Directory /workdir/hadoop-ozone/integration-test/target/test-dir/MiniOzoneClusterImpl-210d6028-2152-4683-81ff-347b0d29bb13/datanode-1/data/ratis/c2b44cf1-f9d6-4da4-a6e8-191f2bf7f7a4
2019-09-19 14:21:41,703 [pool-38-thread-1] INFO  server.RaftServerConfigKeys (ConfUtils.java:logGet(43)) - raft.server.log.queue.byte-limit = 2147483647 (custom)
2019-09-19 14:21:41,703 [pool-38-thread-1] INFO  server.RaftServerConfigKeys (ConfUtils.java:logGet(43)) - raft.server.log.queue.element-limit = 1024 (custom)
2019-09-19 14:21:41,703 [pool-38-thread-1] INFO  server.RaftServerConfigKeys (ConfUtils.java:logGet(43)) - raft.server.log.segment.size.max = 1048576 (custom)
2019-09-19 14:21:41,704 [pool-38-thread-1] INFO  server.RaftServerConfigKeys (ConfUtils.java:logGet(43)) - raft.server.log.preallocated.size = 16384 (custom)
2019-09-19 14:21:41,704 [pool-38-thread-1] INFO  server.RaftServerConfigKeys (ConfUtils.java:logGet(43)) - raft.server.log.write.buffer.size = 33554432 (custom)
2019-09-19 14:21:41,704 [pool-38-thread-1] INFO  server.RaftServerConfigKeys (ConfUtils.java:logGet(43)) - raft.server.log.force.sync.num = 128 (default)
2019-09-19 14:21:41,704 [pool-38-thread-1] INFO  server.RaftServerConfigKeys (ConfUtils.java:logGet(43)) - raft.server.log.statemachine.data.sync = true (default)
2019-09-19 14:21:41,704 [pool-38-thread-1] INFO  server.RaftServerConfigKeys (ConfUtils.java:logGet(43)) - raft.server.log.statemachine.data.sync.timeout = 10s (default)
2019-09-19 14:21:41,704 [pool-38-thread-1] INFO  server.RaftServerConfigKeys (ConfUtils.java:logGet(43)) - raft.server.log.statemachine.data.sync.timeout.retry = -1 (default)
2019-09-19 14:21:41,705 [pool-38-thread-1] INFO  server.RaftServerConfigKeys (ConfUtils.java:logGet(43)) - raft.server.log.statemachine.data.caching.enabled = true (custom)
2019-09-19 14:21:41,705 [pool-38-thread-1] INFO  segmented.SegmentedRaftLogWorker (SegmentedRaftLogWorker.java:lambda$new$0(132)) - 5dfaa0ea-416a-422c-a75d-43311aceb00a-SegmentedRaftLogWorker:Storage Directory /workdir/hadoop-ozone/integration-test/target/test-dir/MiniOzoneClusterImpl-210d6028-2152-4683-81ff-347b0d29bb13/datanode-1/data/ratis/c2b44cf1-f9d6-4da4-a6e8-191f2bf7f7a4: flushIndex: setUnconditionally 0 -> -1
2019-09-19 14:21:41,705 [pool-38-thread-1] INFO  server.RaftServerConfigKeys (ConfUtils.java:logGet(43)) - raft.server.snapshot.auto.trigger.enabled = true (custom)
2019-09-19 14:21:41,705 [pool-38-thread-1] INFO  server.RaftServerConfigKeys (ConfUtils.java:logGet(43)) - raft.server.snapshot.auto.trigger.threshold = 10000 (custom)
2019-09-19 14:21:41,706 [pool-38-thread-1] INFO  server.RaftServerConfigKeys (ConfUtils.java:logGet(43)) - raft.server.retrycache.expirytime = 600000ms (custom)
2019-09-19 14:21:41,706 [pool-38-thread-1] INFO  impl.RaftServerImpl (RaftServerImpl.java:start(180)) - 5dfaa0ea-416a-422c-a75d-43311aceb00a: start group-191F2BF7F7A4
2019-09-19 14:21:41,706 [pool-38-thread-1] INFO  impl.RaftServerImpl (RaftServerImpl.java:setRole(171)) - 5dfaa0ea-416a-422c-a75d-43311aceb00a:group-191F2BF7F7A4 changes role from null to FOLLOWER at term 0 for startAsFollower
2019-09-19 14:21:41,706 [pool-38-thread-1] INFO  impl.RoleInfo (RoleInfo.java:updateAndGet(143)) - 5dfaa0ea-416a-422c-a75d-43311aceb00a: start FollowerState
2019-09-19 14:21:41,707 [pool-38-thread-1] INFO  util.JmxRegister (JmxRegister.java:tryRegister(44)) - Successfully registered JMX Bean with object name Ratis:service=RaftServer,group=group-191F2BF7F7A4,id=5dfaa0ea-416a-422c-a75d-43311aceb00a
2019-09-19 14:21:41,709 [RatisPipelineUtilsThread] INFO  pipeline.PipelineStateManager (PipelineStateManager.java:addPipeline(56)) - Created pipeline Pipeline[ Id: c2b44cf1-f9d6-4da4-a6e8-191f2bf7f7a4, Nodes: 5dfaa0ea-416a-422c-a75d-43311aceb00a{ip: 192.168.157.226, host: pr-hdds-1569-swxfz-3172132826, networkLocation: /default-rack, certSerialId: null}, Type:RATIS, Factor:ONE, State:OPEN]
2019-09-19 14:21:41,713 [grpc-default-executor-2] INFO  impl.RaftServerProxy (RaftServerProxy.java:addNew(89)) - 5dfaa0ea-416a-422c-a75d-43311aceb00a: addNew group-D69F920C77B2:[5dfaa0ea-416a-422c-a75d-43311aceb00a:192.168.157.226:45629] returns group-D69F920C77B2:java.util.concurrent.CompletableFuture@703a4ce[Not completed]
2019-09-19 14:21:41,714 [pool-38-thread-1] INFO  impl.RaftServerImpl (RaftServerImpl.java:<init>(93)) - 5dfaa0ea-416a-422c-a75d-43311aceb00a: new RaftServerImpl for group-D69F920C77B2:[5dfaa0ea-416a-422c-a75d-43311aceb00a:192.168.157.226:45629] with ContainerStateMachine:uninitialized
2019-09-19 14:21:41,714 [pool-38-thread-1] INFO  server.RaftServerConfigKeys (ConfUtils.java:logGet(43)) - raft.server.rpc.timeout.min = 5s (custom)
2019-09-19 14:21:41,714 [pool-38-thread-1] INFO  server.RaftServerConfigKeys (ConfUtils.java:logGet(43)) - raft.server.rpc.timeout.max = 5200ms (custom)
2019-09-19 14:21:41,714 [pool-38-thread-1] INFO  server.RaftServerConfigKeys (ConfUtils.java:logGet(43)) - raft.server.rpcslowness.timeout = 120s (custom)
2019-09-19 14:21:41,714 [pool-38-thread-1] INFO  server.RaftServerConfigKeys (ConfUtils.java:logGet(43)) - raft.server.sleep.deviation.threshold = 300 (default)
2019-09-19 14:21:41,714 [pool-38-thread-1] INFO  server.RaftServerConfigKeys (ConfUtils.java:logGet(43)) - raft.server.log.appender.install.snapshot.enabled = false (custom)
2019-09-19 14:21:41,715 [pool-38-thread-1] INFO  impl.RaftServerImpl (ServerState.java:<init>(105)) - 5dfaa0ea-416a-422c-a75d-43311aceb00a:group-D69F920C77B2 ConfigurationManager, init=-1: [5dfaa0ea-416a-422c-a75d-43311aceb00a:192.168.157.226:45629], old=null, confs=<EMPTY_MAP>
2019-09-19 14:21:41,715 [pool-38-thread-1] INFO  server.RaftServerConfigKeys (ConfUtils.java:logGet(43)) - raft.server.storage.dir = [/workdir/hadoop-ozone/integration-test/target/test-dir/MiniOzoneClusterImpl-210d6028-2152-4683-81ff-347b0d29bb13/datanode-1/data/ratis] (custom)
2019-09-19 14:21:41,715 [pool-38-thread-1] INFO  storage.RaftStorageDirectory (RaftStorageDirectory.java:analyzeStorage(246)) - The storage directory /workdir/hadoop-ozone/integration-test/target/test-dir/MiniOzoneClusterImpl-210d6028-2152-4683-81ff-347b0d29bb13/datanode-1/data/ratis/3bf28a7f-8142-4f9b-8e48-d69f920c77b2 does not exist. Creating ...
2019-09-19 14:21:41,727 [pool-38-thread-1] INFO  storage.RaftStorageDirectory (RaftStorageDirectory.java:tryLock(328)) - Lock on /workdir/hadoop-ozone/integration-test/target/test-dir/MiniOzoneClusterImpl-210d6028-2152-4683-81ff-347b0d29bb13/datanode-1/data/ratis/3bf28a7f-8142-4f9b-8e48-d69f920c77b2/in_use.lock acquired by nodename 16198@pr-hdds-1569-swxfz-3172132826
2019-09-19 14:21:41,740 [pool-38-thread-1] INFO  storage.RaftStorage (RaftStorage.java:format(72)) - Storage directory /workdir/hadoop-ozone/integration-test/target/test-dir/MiniOzoneClusterImpl-210d6028-2152-4683-81ff-347b0d29bb13/datanode-1/data/ratis/3bf28a7f-8142-4f9b-8e48-d69f920c77b2 has been successfully formatted.
2019-09-19 14:21:41,741 [pool-38-thread-1] INFO  ratis.ContainerStateMachine (ContainerStateMachine.java:loadSnapshot(226)) - group-D69F920C77B2: The snapshot info is null. Setting the last applied indexto:(t:0, i:~)
2019-09-19 14:21:41,741 [pool-38-thread-1] INFO  server.RaftServerConfigKeys (ConfUtils.java:logGet(43)) - raft.server.leader.election.timeout = 120s (custom)
2019-09-19 14:21:41,741 [pool-38-thread-1] INFO  server.RaftServerConfigKeys (ConfUtils.java:logGet(43)) - raft.server.log.use.memory = false (default)
2019-09-19 14:21:41,741 [pool-38-thread-1] INFO  server.RaftServerConfigKeys (ConfUtils.java:logGet(43)) - raft.server.log.purge.gap = 1000000 (custom)
2019-09-19 14:21:41,741 [pool-38-thread-1] INFO  server.RaftServerConfigKeys (ConfUtils.java:logGet(43)) - raft.server.log.appender.buffer.byte-limit = 33554432 (custom)
2019-09-19 14:21:41,742 [pool-38-thread-1] INFO  server.RaftServerConfigKeys (ConfUtils.java:logGet(43)) - raft.server.log.segment.size.max = 1048576 (custom)
2019-09-19 14:21:41,748 [pool-38-thread-1] INFO  server.RaftServerConfigKeys (ConfUtils.java:logGet(43)) - raft.server.log.segment.cache.num.max = 2 (custom)
2019-09-19 14:21:41,748 [pool-38-thread-1] INFO  segmented.SegmentedRaftLogWorker (SegmentedRaftLogWorker.java:<init>(172)) - new 5dfaa0ea-416a-422c-a75d-43311aceb00a-SegmentedRaftLogWorker:Storage Directory /workdir/hadoop-ozone/integration-test/target/test-dir/MiniOzoneClusterImpl-210d6028-2152-4683-81ff-347b0d29bb13/datanode-1/data/ratis/3bf28a7f-8142-4f9b-8e48-d69f920c77b2 for RaftStorage:Storage Directory /workdir/hadoop-ozone/integration-test/target/test-dir/MiniOzoneClusterImpl-210d6028-2152-4683-81ff-347b0d29bb13/datanode-1/data/ratis/3bf28a7f-8142-4f9b-8e48-d69f920c77b2
2019-09-19 14:21:41,748 [pool-38-thread-1] INFO  server.RaftServerConfigKeys (ConfUtils.java:logGet(43)) - raft.server.log.queue.byte-limit = 2147483647 (custom)
2019-09-19 14:21:41,749 [pool-38-thread-1] INFO  server.RaftServerConfigKeys (ConfUtils.java:logGet(43)) - raft.server.log.queue.element-limit = 1024 (custom)
2019-09-19 14:21:41,749 [pool-38-thread-1] INFO  server.RaftServerConfigKeys (ConfUtils.java:logGet(43)) - raft.server.log.segment.size.max = 1048576 (custom)
2019-09-19 14:21:41,749 [pool-38-thread-1] INFO  server.RaftServerConfigKeys (ConfUtils.java:logGet(43)) - raft.server.log.preallocated.size = 16384 (custom)
2019-09-19 14:21:41,749 [pool-38-thread-1] INFO  server.RaftServerConfigKeys (ConfUtils.java:logGet(43)) - raft.server.log.write.buffer.size = 33554432 (custom)
2019-09-19 14:21:41,749 [pool-38-thread-1] INFO  server.RaftServerConfigKeys (ConfUtils.java:logGet(43)) - raft.server.log.force.sync.num = 128 (default)
2019-09-19 14:21:41,749 [pool-38-thread-1] INFO  server.RaftServerConfigKeys (ConfUtils.java:logGet(43)) - raft.server.log.statemachine.data.sync = true (default)
2019-09-19 14:21:41,750 [pool-38-thread-1] INFO  server.RaftServerConfigKeys (ConfUtils.java:logGet(43)) - raft.server.log.statemachine.data.sync.timeout = 10s (default)
2019-09-19 14:21:41,750 [pool-38-thread-1] INFO  server.RaftServerConfigKeys (ConfUtils.java:logGet(43)) - raft.server.log.statemachine.data.sync.timeout.retry = -1 (default)
2019-09-19 14:21:41,750 [pool-38-thread-1] INFO  server.RaftServerConfigKeys (ConfUtils.java:logGet(43)) - raft.server.log.statemachine.data.caching.enabled = true (custom)
2019-09-19 14:21:41,750 [pool-38-thread-1] INFO  segmented.SegmentedRaftLogWorker (SegmentedRaftLogWorker.java:lambda$new$0(132)) - 5dfaa0ea-416a-422c-a75d-43311aceb00a-SegmentedRaftLogWorker:Storage Directory /workdir/hadoop-ozone/integration-test/target/test-dir/MiniOzoneClusterImpl-210d6028-2152-4683-81ff-347b0d29bb13/datanode-1/data/ratis/3bf28a7f-8142-4f9b-8e48-d69f920c77b2: flushIndex: setUnconditionally 0 -> -1
2019-09-19 14:21:41,751 [pool-38-thread-1] INFO  server.RaftServerConfigKeys (ConfUtils.java:logGet(43)) - raft.server.snapshot.auto.trigger.enabled = true (custom)
2019-09-19 14:21:41,751 [pool-38-thread-1] INFO  server.RaftServerConfigKeys (ConfUtils.java:logGet(43)) - raft.server.snapshot.auto.trigger.threshold = 10000 (custom)
2019-09-19 14:21:41,751 [pool-38-thread-1] INFO  server.RaftServerConfigKeys (ConfUtils.java:logGet(43)) - raft.server.retrycache.expirytime = 600000ms (custom)
2019-09-19 14:21:41,751 [pool-38-thread-1] INFO  impl.RaftServerImpl (RaftServerImpl.java:start(180)) - 5dfaa0ea-416a-422c-a75d-43311aceb00a: start group-D69F920C77B2
2019-09-19 14:21:41,751 [pool-38-thread-1] INFO  impl.RaftServerImpl (RaftServerImpl.java:setRole(171)) - 5dfaa0ea-416a-422c-a75d-43311aceb00a:group-D69F920C77B2 changes role from null to FOLLOWER at term 0 for startAsFollower
2019-09-19 14:21:41,751 [pool-38-thread-1] INFO  impl.RoleInfo (RoleInfo.java:updateAndGet(143)) - 5dfaa0ea-416a-422c-a75d-43311aceb00a: start FollowerState
2019-09-19 14:21:41,752 [pool-38-thread-1] INFO  util.JmxRegister (JmxRegister.java:tryRegister(44)) - Successfully registered JMX Bean with object name Ratis:service=RaftServer,group=group-D69F920C77B2,id=5dfaa0ea-416a-422c-a75d-43311aceb00a
2019-09-19 14:21:41,754 [RatisPipelineUtilsThread] INFO  pipeline.PipelineStateManager (PipelineStateManager.java:addPipeline(56)) - Created pipeline Pipeline[ Id: 3bf28a7f-8142-4f9b-8e48-d69f920c77b2, Nodes: 5dfaa0ea-416a-422c-a75d-43311aceb00a{ip: 192.168.157.226, host: pr-hdds-1569-swxfz-3172132826, networkLocation: /default-rack, certSerialId: null}, Type:RATIS, Factor:ONE, State:OPEN]
2019-09-19 14:21:41,759 [grpc-default-executor-2] INFO  impl.RaftServerProxy (RaftServerProxy.java:addNew(89)) - 306a7a99-f2a5-4f40-b42b-2fc2def08a6a: addNew group-E31F1645E36D:[306a7a99-f2a5-4f40-b42b-2fc2def08a6a:192.168.157.226:42633] returns group-E31F1645E36D:java.util.concurrent.CompletableFuture@5e5732f1[Not completed]
2019-09-19 14:21:41,760 [pool-49-thread-1] INFO  impl.RaftServerImpl (RaftServerImpl.java:<init>(93)) - 306a7a99-f2a5-4f40-b42b-2fc2def08a6a: new RaftServerImpl for group-E31F1645E36D:[306a7a99-f2a5-4f40-b42b-2fc2def08a6a:192.168.157.226:42633] with ContainerStateMachine:uninitialized
2019-09-19 14:21:41,760 [pool-49-thread-1] INFO  server.RaftServerConfigKeys (ConfUtils.java:logGet(43)) - raft.server.rpc.timeout.min = 5s (custom)
2019-09-19 14:21:41,760 [pool-49-thread-1] INFO  server.RaftServerConfigKeys (ConfUtils.java:logGet(43)) - raft.server.rpc.timeout.max = 5200ms (custom)
2019-09-19 14:21:41,760 [pool-49-thread-1] INFO  server.RaftServerConfigKeys (ConfUtils.java:logGet(43)) - raft.server.rpcslowness.timeout = 120s (custom)
2019-09-19 14:21:41,760 [pool-49-thread-1] INFO  server.RaftServerConfigKeys (ConfUtils.java:logGet(43)) - raft.server.sleep.deviation.threshold = 300 (default)
2019-09-19 14:21:41,760 [pool-49-thread-1] INFO  server.RaftServerConfigKeys (ConfUtils.java:logGet(43)) - raft.server.log.appender.install.snapshot.enabled = false (custom)
2019-09-19 14:21:41,761 [pool-49-thread-1] INFO  impl.RaftServerImpl (ServerState.java:<init>(105)) - 306a7a99-f2a5-4f40-b42b-2fc2def08a6a:group-E31F1645E36D ConfigurationManager, init=-1: [306a7a99-f2a5-4f40-b42b-2fc2def08a6a:192.168.157.226:42633], old=null, confs=<EMPTY_MAP>
2019-09-19 14:21:41,761 [pool-49-thread-1] INFO  server.RaftServerConfigKeys (ConfUtils.java:logGet(43)) - raft.server.storage.dir = [/workdir/hadoop-ozone/integration-test/target/test-dir/MiniOzoneClusterImpl-210d6028-2152-4683-81ff-347b0d29bb13/datanode-2/data/ratis] (custom)
2019-09-19 14:21:41,761 [pool-49-thread-1] INFO  storage.RaftStorageDirectory (RaftStorageDirectory.java:analyzeStorage(246)) - The storage directory /workdir/hadoop-ozone/integration-test/target/test-dir/MiniOzoneClusterImpl-210d6028-2152-4683-81ff-347b0d29bb13/datanode-2/data/ratis/b852e543-1886-4a2f-90a7-e31f1645e36d does not exist. Creating ...
2019-09-19 14:21:41,774 [pool-49-thread-1] INFO  storage.RaftStorageDirectory (RaftStorageDirectory.java:tryLock(328)) - Lock on /workdir/hadoop-ozone/integration-test/target/test-dir/MiniOzoneClusterImpl-210d6028-2152-4683-81ff-347b0d29bb13/datanode-2/data/ratis/b852e543-1886-4a2f-90a7-e31f1645e36d/in_use.lock acquired by nodename 16198@pr-hdds-1569-swxfz-3172132826
2019-09-19 14:21:41,787 [pool-49-thread-1] INFO  storage.RaftStorage (RaftStorage.java:format(72)) - Storage directory /workdir/hadoop-ozone/integration-test/target/test-dir/MiniOzoneClusterImpl-210d6028-2152-4683-81ff-347b0d29bb13/datanode-2/data/ratis/b852e543-1886-4a2f-90a7-e31f1645e36d has been successfully formatted.
2019-09-19 14:21:41,787 [pool-49-thread-1] INFO  ratis.ContainerStateMachine (ContainerStateMachine.java:loadSnapshot(226)) - group-E31F1645E36D: The snapshot info is null. Setting the last applied indexto:(t:0, i:~)
2019-09-19 14:21:41,787 [pool-49-thread-1] INFO  server.RaftServerConfigKeys (ConfUtils.java:logGet(43)) - raft.server.leader.election.timeout = 120s (custom)
2019-09-19 14:21:41,787 [pool-49-thread-1] INFO  server.RaftServerConfigKeys (ConfUtils.java:logGet(43)) - raft.server.log.use.memory = false (default)
2019-09-19 14:21:41,788 [pool-49-thread-1] INFO  server.RaftServerConfigKeys (ConfUtils.java:logGet(43)) - raft.server.log.purge.gap = 1000000 (custom)
2019-09-19 14:21:41,788 [pool-49-thread-1] INFO  server.RaftServerConfigKeys (ConfUtils.java:logGet(43)) - raft.server.log.appender.buffer.byte-limit = 33554432 (custom)
2019-09-19 14:21:41,788 [pool-49-thread-1] INFO  server.RaftServerConfigKeys (ConfUtils.java:logGet(43)) - raft.server.log.segment.size.max = 1048576 (custom)
2019-09-19 14:21:41,788 [pool-49-thread-1] INFO  server.RaftServerConfigKeys (ConfUtils.java:logGet(43)) - raft.server.log.segment.cache.num.max = 2 (custom)
2019-09-19 14:21:41,788 [pool-49-thread-1] INFO  segmented.SegmentedRaftLogWorker (SegmentedRaftLogWorker.java:<init>(172)) - new 306a7a99-f2a5-4f40-b42b-2fc2def08a6a-SegmentedRaftLogWorker:Storage Directory /workdir/hadoop-ozone/integration-test/target/test-dir/MiniOzoneClusterImpl-210d6028-2152-4683-81ff-347b0d29bb13/datanode-2/data/ratis/b852e543-1886-4a2f-90a7-e31f1645e36d for RaftStorage:Storage Directory /workdir/hadoop-ozone/integration-test/target/test-dir/MiniOzoneClusterImpl-210d6028-2152-4683-81ff-347b0d29bb13/datanode-2/data/ratis/b852e543-1886-4a2f-90a7-e31f1645e36d
2019-09-19 14:21:41,788 [pool-49-thread-1] INFO  server.RaftServerConfigKeys (ConfUtils.java:logGet(43)) - raft.server.log.queue.byte-limit = 2147483647 (custom)
2019-09-19 14:21:41,788 [pool-49-thread-1] INFO  server.RaftServerConfigKeys (ConfUtils.java:logGet(43)) - raft.server.log.queue.element-limit = 1024 (custom)
2019-09-19 14:21:41,789 [pool-49-thread-1] INFO  server.RaftServerConfigKeys (ConfUtils.java:logGet(43)) - raft.server.log.segment.size.max = 1048576 (custom)
2019-09-19 14:21:41,789 [pool-49-thread-1] INFO  server.RaftServerConfigKeys (ConfUtils.java:logGet(43)) - raft.server.log.preallocated.size = 16384 (custom)
2019-09-19 14:21:41,789 [pool-49-thread-1] INFO  server.RaftServerConfigKeys (ConfUtils.java:logGet(43)) - raft.server.log.write.buffer.size = 33554432 (custom)
2019-09-19 14:21:41,789 [pool-49-thread-1] INFO  server.RaftServerConfigKeys (ConfUtils.java:logGet(43)) - raft.server.log.force.sync.num = 128 (default)
2019-09-19 14:21:41,789 [pool-49-thread-1] INFO  server.RaftServerConfigKeys (ConfUtils.java:logGet(43)) - raft.server.log.statemachine.data.sync = true (default)
2019-09-19 14:21:41,789 [pool-49-thread-1] INFO  server.RaftServerConfigKeys (ConfUtils.java:logGet(43)) - raft.server.log.statemachine.data.sync.timeout = 10s (default)
2019-09-19 14:21:41,789 [pool-49-thread-1] INFO  server.RaftServerConfigKeys (ConfUtils.java:logGet(43)) - raft.server.log.statemachine.data.sync.timeout.retry = -1 (default)
2019-09-19 14:21:41,789 [pool-49-thread-1] INFO  server.RaftServerConfigKeys (ConfUtils.java:logGet(43)) - raft.server.log.statemachine.data.caching.enabled = true (custom)
2019-09-19 14:21:41,790 [pool-49-thread-1] INFO  segmented.SegmentedRaftLogWorker (SegmentedRaftLogWorker.java:lambda$new$0(132)) - 306a7a99-f2a5-4f40-b42b-2fc2def08a6a-SegmentedRaftLogWorker:Storage Directory /workdir/hadoop-ozone/integration-test/target/test-dir/MiniOzoneClusterImpl-210d6028-2152-4683-81ff-347b0d29bb13/datanode-2/data/ratis/b852e543-1886-4a2f-90a7-e31f1645e36d: flushIndex: setUnconditionally 0 -> -1
2019-09-19 14:21:41,790 [pool-49-thread-1] INFO  server.RaftServerConfigKeys (ConfUtils.java:logGet(43)) - raft.server.snapshot.auto.trigger.enabled = true (custom)
2019-09-19 14:21:41,790 [pool-49-thread-1] INFO  server.RaftServerConfigKeys (ConfUtils.java:logGet(43)) - raft.server.snapshot.auto.trigger.threshold = 10000 (custom)
2019-09-19 14:21:41,790 [pool-49-thread-1] INFO  server.RaftServerConfigKeys (ConfUtils.java:logGet(43)) - raft.server.retrycache.expirytime = 600000ms (custom)
2019-09-19 14:21:41,790 [pool-49-thread-1] INFO  impl.RaftServerImpl (RaftServerImpl.java:start(180)) - 306a7a99-f2a5-4f40-b42b-2fc2def08a6a: start group-E31F1645E36D
2019-09-19 14:21:41,790 [pool-49-thread-1] INFO  impl.RaftServerImpl (RaftServerImpl.java:setRole(171)) - 306a7a99-f2a5-4f40-b42b-2fc2def08a6a:group-E31F1645E36D changes role from null to FOLLOWER at term 0 for startAsFollower
2019-09-19 14:21:41,790 [pool-49-thread-1] INFO  impl.RoleInfo (RoleInfo.java:updateAndGet(143)) - 306a7a99-f2a5-4f40-b42b-2fc2def08a6a: start FollowerState
2019-09-19 14:21:41,791 [pool-49-thread-1] INFO  util.JmxRegister (JmxRegister.java:tryRegister(44)) - Successfully registered JMX Bean with object name Ratis:service=RaftServer,group=group-E31F1645E36D,id=306a7a99-f2a5-4f40-b42b-2fc2def08a6a
2019-09-19 14:21:41,793 [RatisPipelineUtilsThread] INFO  pipeline.PipelineStateManager (PipelineStateManager.java:addPipeline(56)) - Created pipeline Pipeline[ Id: b852e543-1886-4a2f-90a7-e31f1645e36d, Nodes: 306a7a99-f2a5-4f40-b42b-2fc2def08a6a{ip: 192.168.157.226, host: pr-hdds-1569-swxfz-3172132826, networkLocation: /default-rack, certSerialId: null}, Type:RATIS, Factor:ONE, State:OPEN]
2019-09-19 14:21:41,797 [grpc-default-executor-2] INFO  impl.RaftServerProxy (RaftServerProxy.java:addNew(89)) - 6403e584-2209-453b-b79e-eeb0a7b58516: addNew group-B8762AF75437:[6403e584-2209-453b-b79e-eeb0a7b58516:192.168.157.226:35833] returns group-B8762AF75437:java.util.concurrent.CompletableFuture@40de44be[Not completed]
2019-09-19 14:21:41,798 [pool-60-thread-1] INFO  impl.RaftServerImpl (RaftServerImpl.java:<init>(93)) - 6403e584-2209-453b-b79e-eeb0a7b58516: new RaftServerImpl for group-B8762AF75437:[6403e584-2209-453b-b79e-eeb0a7b58516:192.168.157.226:35833] with ContainerStateMachine:uninitialized
2019-09-19 14:21:41,798 [pool-60-thread-1] INFO  server.RaftServerConfigKeys (ConfUtils.java:logGet(43)) - raft.server.rpc.timeout.min = 5s (custom)
2019-09-19 14:21:41,798 [pool-60-thread-1] INFO  server.RaftServerConfigKeys (ConfUtils.java:logGet(43)) - raft.server.rpc.timeout.max = 5200ms (custom)
2019-09-19 14:21:41,798 [pool-60-thread-1] INFO  server.RaftServerConfigKeys (ConfUtils.java:logGet(43)) - raft.server.rpcslowness.timeout = 120s (custom)
2019-09-19 14:21:41,798 [pool-60-thread-1] INFO  server.RaftServerConfigKeys (ConfUtils.java:logGet(43)) - raft.server.sleep.deviation.threshold = 300 (default)
2019-09-19 14:21:41,798 [pool-60-thread-1] INFO  server.RaftServerConfigKeys (ConfUtils.java:logGet(43)) - raft.server.log.appender.install.snapshot.enabled = false (custom)
2019-09-19 14:21:41,799 [pool-60-thread-1] INFO  impl.RaftServerImpl (ServerState.java:<init>(105)) - 6403e584-2209-453b-b79e-eeb0a7b58516:group-B8762AF75437 ConfigurationManager, init=-1: [6403e584-2209-453b-b79e-eeb0a7b58516:192.168.157.226:35833], old=null, confs=<EMPTY_MAP>
2019-09-19 14:21:41,799 [pool-60-thread-1] INFO  server.RaftServerConfigKeys (ConfUtils.java:logGet(43)) - raft.server.storage.dir = [/workdir/hadoop-ozone/integration-test/target/test-dir/MiniOzoneClusterImpl-210d6028-2152-4683-81ff-347b0d29bb13/datanode-3/data/ratis] (custom)
2019-09-19 14:21:41,799 [pool-60-thread-1] INFO  storage.RaftStorageDirectory (RaftStorageDirectory.java:analyzeStorage(246)) - The storage directory /workdir/hadoop-ozone/integration-test/target/test-dir/MiniOzoneClusterImpl-210d6028-2152-4683-81ff-347b0d29bb13/datanode-3/data/ratis/ac10c030-0539-4b28-b6fb-b8762af75437 does not exist. Creating ...
2019-09-19 14:21:41,812 [pool-60-thread-1] INFO  storage.RaftStorageDirectory (RaftStorageDirectory.java:tryLock(328)) - Lock on /workdir/hadoop-ozone/integration-test/target/test-dir/MiniOzoneClusterImpl-210d6028-2152-4683-81ff-347b0d29bb13/datanode-3/data/ratis/ac10c030-0539-4b28-b6fb-b8762af75437/in_use.lock acquired by nodename 16198@pr-hdds-1569-swxfz-3172132826
2019-09-19 14:21:41,825 [pool-60-thread-1] INFO  storage.RaftStorage (RaftStorage.java:format(72)) - Storage directory /workdir/hadoop-ozone/integration-test/target/test-dir/MiniOzoneClusterImpl-210d6028-2152-4683-81ff-347b0d29bb13/datanode-3/data/ratis/ac10c030-0539-4b28-b6fb-b8762af75437 has been successfully formatted.
2019-09-19 14:21:41,825 [pool-60-thread-1] INFO  ratis.ContainerStateMachine (ContainerStateMachine.java:loadSnapshot(226)) - group-B8762AF75437: The snapshot info is null. Setting the last applied indexto:(t:0, i:~)
2019-09-19 14:21:41,825 [pool-60-thread-1] INFO  server.RaftServerConfigKeys (ConfUtils.java:logGet(43)) - raft.server.leader.election.timeout = 120s (custom)
2019-09-19 14:21:41,825 [pool-60-thread-1] INFO  server.RaftServerConfigKeys (ConfUtils.java:logGet(43)) - raft.server.log.use.memory = false (default)
2019-09-19 14:21:41,825 [pool-60-thread-1] INFO  server.RaftServerConfigKeys (ConfUtils.java:logGet(43)) - raft.server.log.purge.gap = 1000000 (custom)
2019-09-19 14:21:41,825 [pool-60-thread-1] INFO  server.RaftServerConfigKeys (ConfUtils.java:logGet(43)) - raft.server.log.appender.buffer.byte-limit = 33554432 (custom)
2019-09-19 14:21:41,826 [pool-60-thread-1] INFO  server.RaftServerConfigKeys (ConfUtils.java:logGet(43)) - raft.server.log.segment.size.max = 1048576 (custom)
2019-09-19 14:21:41,826 [pool-60-thread-1] INFO  server.RaftServerConfigKeys (ConfUtils.java:logGet(43)) - raft.server.log.segment.cache.num.max = 2 (custom)
2019-09-19 14:21:41,826 [pool-60-thread-1] INFO  segmented.SegmentedRaftLogWorker (SegmentedRaftLogWorker.java:<init>(172)) - new 6403e584-2209-453b-b79e-eeb0a7b58516-SegmentedRaftLogWorker:Storage Directory /workdir/hadoop-ozone/integration-test/target/test-dir/MiniOzoneClusterImpl-210d6028-2152-4683-81ff-347b0d29bb13/datanode-3/data/ratis/ac10c030-0539-4b28-b6fb-b8762af75437 for RaftStorage:Storage Directory /workdir/hadoop-ozone/integration-test/target/test-dir/MiniOzoneClusterImpl-210d6028-2152-4683-81ff-347b0d29bb13/datanode-3/data/ratis/ac10c030-0539-4b28-b6fb-b8762af75437
2019-09-19 14:21:41,826 [pool-60-thread-1] INFO  server.RaftServerConfigKeys (ConfUtils.java:logGet(43)) - raft.server.log.queue.byte-limit = 2147483647 (custom)
2019-09-19 14:21:41,826 [pool-60-thread-1] INFO  server.RaftServerConfigKeys (ConfUtils.java:logGet(43)) - raft.server.log.queue.element-limit = 1024 (custom)
2019-09-19 14:21:41,826 [pool-60-thread-1] INFO  server.RaftServerConfigKeys (ConfUtils.java:logGet(43)) - raft.server.log.segment.size.max = 1048576 (custom)
2019-09-19 14:21:41,826 [pool-60-thread-1] INFO  server.RaftServerConfigKeys (ConfUtils.java:logGet(43)) - raft.server.log.preallocated.size = 16384 (custom)
2019-09-19 14:21:41,826 [pool-60-thread-1] INFO  server.RaftServerConfigKeys (ConfUtils.java:logGet(43)) - raft.server.log.write.buffer.size = 33554432 (custom)
2019-09-19 14:21:41,826 [pool-60-thread-1] INFO  server.RaftServerConfigKeys (ConfUtils.java:logGet(43)) - raft.server.log.force.sync.num = 128 (default)
2019-09-19 14:21:41,827 [pool-60-thread-1] INFO  server.RaftServerConfigKeys (ConfUtils.java:logGet(43)) - raft.server.log.statemachine.data.sync = true (default)
2019-09-19 14:21:41,827 [pool-60-thread-1] INFO  server.RaftServerConfigKeys (ConfUtils.java:logGet(43)) - raft.server.log.statemachine.data.sync.timeout = 10s (default)
2019-09-19 14:21:41,827 [pool-60-thread-1] INFO  server.RaftServerConfigKeys (ConfUtils.java:logGet(43)) - raft.server.log.statemachine.data.sync.timeout.retry = -1 (default)
2019-09-19 14:21:41,827 [pool-60-thread-1] INFO  server.RaftServerConfigKeys (ConfUtils.java:logGet(43)) - raft.server.log.statemachine.data.caching.enabled = true (custom)
2019-09-19 14:21:41,827 [pool-60-thread-1] INFO  segmented.SegmentedRaftLogWorker (SegmentedRaftLogWorker.java:lambda$new$0(132)) - 6403e584-2209-453b-b79e-eeb0a7b58516-SegmentedRaftLogWorker:Storage Directory /workdir/hadoop-ozone/integration-test/target/test-dir/MiniOzoneClusterImpl-210d6028-2152-4683-81ff-347b0d29bb13/datanode-3/data/ratis/ac10c030-0539-4b28-b6fb-b8762af75437: flushIndex: setUnconditionally 0 -> -1
2019-09-19 14:21:41,827 [pool-60-thread-1] INFO  server.RaftServerConfigKeys (ConfUtils.java:logGet(43)) - raft.server.snapshot.auto.trigger.enabled = true (custom)
2019-09-19 14:21:41,827 [pool-60-thread-1] INFO  server.RaftServerConfigKeys (ConfUtils.java:logGet(43)) - raft.server.snapshot.auto.trigger.threshold = 10000 (custom)
2019-09-19 14:21:41,828 [pool-60-thread-1] INFO  server.RaftServerConfigKeys (ConfUtils.java:logGet(43)) - raft.server.retrycache.expirytime = 600000ms (custom)
2019-09-19 14:21:41,828 [pool-60-thread-1] INFO  impl.RaftServerImpl (RaftServerImpl.java:start(180)) - 6403e584-2209-453b-b79e-eeb0a7b58516: start group-B8762AF75437
2019-09-19 14:21:41,828 [pool-60-thread-1] INFO  impl.RaftServerImpl (RaftServerImpl.java:setRole(171)) - 6403e584-2209-453b-b79e-eeb0a7b58516:group-B8762AF75437 changes role from null to FOLLOWER at term 0 for startAsFollower
2019-09-19 14:21:41,828 [pool-60-thread-1] INFO  impl.RoleInfo (RoleInfo.java:updateAndGet(143)) - 6403e584-2209-453b-b79e-eeb0a7b58516: start FollowerState
2019-09-19 14:21:41,828 [pool-60-thread-1] INFO  util.JmxRegister (JmxRegister.java:tryRegister(44)) - Successfully registered JMX Bean with object name Ratis:service=RaftServer,group=group-B8762AF75437,id=6403e584-2209-453b-b79e-eeb0a7b58516
2019-09-19 14:21:41,830 [RatisPipelineUtilsThread] INFO  pipeline.PipelineStateManager (PipelineStateManager.java:addPipeline(56)) - Created pipeline Pipeline[ Id: ac10c030-0539-4b28-b6fb-b8762af75437, Nodes: 6403e584-2209-453b-b79e-eeb0a7b58516{ip: 192.168.157.226, host: pr-hdds-1569-swxfz-3172132826, networkLocation: /default-rack, certSerialId: null}, Type:RATIS, Factor:ONE, State:OPEN]
2019-09-19 14:21:41,834 [grpc-default-executor-2] INFO  impl.RaftServerProxy (RaftServerProxy.java:addNew(89)) - 6403e584-2209-453b-b79e-eeb0a7b58516: addNew group-29A035CB2198:[6403e584-2209-453b-b79e-eeb0a7b58516:192.168.157.226:35833] returns group-29A035CB2198:java.util.concurrent.CompletableFuture@2ba36bcc[Not completed]
2019-09-19 14:21:41,835 [pool-60-thread-1] INFO  impl.RaftServerImpl (RaftServerImpl.java:<init>(93)) - 6403e584-2209-453b-b79e-eeb0a7b58516: new RaftServerImpl for group-29A035CB2198:[6403e584-2209-453b-b79e-eeb0a7b58516:192.168.157.226:35833] with ContainerStateMachine:uninitialized
2019-09-19 14:21:41,836 [pool-60-thread-1] INFO  server.RaftServerConfigKeys (ConfUtils.java:logGet(43)) - raft.server.rpc.timeout.min = 5s (custom)
2019-09-19 14:21:41,836 [pool-60-thread-1] INFO  server.RaftServerConfigKeys (ConfUtils.java:logGet(43)) - raft.server.rpc.timeout.max = 5200ms (custom)
2019-09-19 14:21:41,836 [pool-60-thread-1] INFO  server.RaftServerConfigKeys (ConfUtils.java:logGet(43)) - raft.server.rpcslowness.timeout = 120s (custom)
2019-09-19 14:21:41,836 [pool-60-thread-1] INFO  server.RaftServerConfigKeys (ConfUtils.java:logGet(43)) - raft.server.sleep.deviation.threshold = 300 (default)
2019-09-19 14:21:41,836 [pool-60-thread-1] INFO  server.RaftServerConfigKeys (ConfUtils.java:logGet(43)) - raft.server.log.appender.install.snapshot.enabled = false (custom)
2019-09-19 14:21:41,836 [pool-60-thread-1] INFO  impl.RaftServerImpl (ServerState.java:<init>(105)) - 6403e584-2209-453b-b79e-eeb0a7b58516:group-29A035CB2198 ConfigurationManager, init=-1: [6403e584-2209-453b-b79e-eeb0a7b58516:192.168.157.226:35833], old=null, confs=<EMPTY_MAP>
2019-09-19 14:21:41,836 [pool-60-thread-1] INFO  server.RaftServerConfigKeys (ConfUtils.java:logGet(43)) - raft.server.storage.dir = [/workdir/hadoop-ozone/integration-test/target/test-dir/MiniOzoneClusterImpl-210d6028-2152-4683-81ff-347b0d29bb13/datanode-3/data/ratis] (custom)
2019-09-19 14:21:41,837 [pool-60-thread-1] INFO  storage.RaftStorageDirectory (RaftStorageDirectory.java:analyzeStorage(246)) - The storage directory /workdir/hadoop-ozone/integration-test/target/test-dir/MiniOzoneClusterImpl-210d6028-2152-4683-81ff-347b0d29bb13/datanode-3/data/ratis/200db9d8-d411-4cf2-bc7c-29a035cb2198 does not exist. Creating ...
2019-09-19 14:21:41,869 | INFO  | SCMAudit | user=jenkins1000 | ip=192.168.157.226 | op=SEND_HEARTBEAT {datanodeUUID=85c6a9f3-b9a5-43a5-ac4f-9aa7bd5f2263, command=[]} | ret=SUCCESS |  
2019-09-19 14:21:41,869 | INFO  | SCMAudit | user=jenkins1000 | ip=192.168.157.226 | op=SEND_HEARTBEAT {datanodeUUID=431517c4-8c09-4790-b37b-2e132c8143ad, command=[]} | ret=SUCCESS |  
2019-09-19 14:21:41,869 | INFO  | SCMAudit | user=jenkins1000 | ip=192.168.157.226 | op=SEND_HEARTBEAT {datanodeUUID=56d21ab3-8f6d-44ea-b961-c721a1c09246, command=[]} | ret=SUCCESS |  
2019-09-19 14:21:41,870 | INFO  | SCMAudit | user=jenkins1000 | ip=192.168.157.226 | op=SEND_HEARTBEAT {datanodeUUID=1190b9a7-12b1-4c15-b33e-f7d0a0cd436c, command=[]} | ret=SUCCESS |  
2019-09-19 14:21:41,870 | INFO  | SCMAudit | user=jenkins1000 | ip=192.168.157.226 | op=SEND_HEARTBEAT {datanodeUUID=5dfaa0ea-416a-422c-a75d-43311aceb00a, command=[]} | ret=SUCCESS |  
2019-09-19 14:21:41,883 [pool-60-thread-1] INFO  storage.RaftStorageDirectory (RaftStorageDirectory.java:tryLock(328)) - Lock on /workdir/hadoop-ozone/integration-test/target/test-dir/MiniOzoneClusterImpl-210d6028-2152-4683-81ff-347b0d29bb13/datanode-3/data/ratis/200db9d8-d411-4cf2-bc7c-29a035cb2198/in_use.lock acquired by nodename 16198@pr-hdds-1569-swxfz-3172132826
2019-09-19 14:21:41,896 [pool-60-thread-1] INFO  storage.RaftStorage (RaftStorage.java:format(72)) - Storage directory /workdir/hadoop-ozone/integration-test/target/test-dir/MiniOzoneClusterImpl-210d6028-2152-4683-81ff-347b0d29bb13/datanode-3/data/ratis/200db9d8-d411-4cf2-bc7c-29a035cb2198 has been successfully formatted.
2019-09-19 14:21:41,896 [pool-60-thread-1] INFO  ratis.ContainerStateMachine (ContainerStateMachine.java:loadSnapshot(226)) - group-29A035CB2198: The snapshot info is null. Setting the last applied indexto:(t:0, i:~)
2019-09-19 14:21:41,896 [pool-60-thread-1] INFO  server.RaftServerConfigKeys (ConfUtils.java:logGet(43)) - raft.server.leader.election.timeout = 120s (custom)
2019-09-19 14:21:41,896 [pool-60-thread-1] INFO  server.RaftServerConfigKeys (ConfUtils.java:logGet(43)) - raft.server.log.use.memory = false (default)
2019-09-19 14:21:41,896 [pool-60-thread-1] INFO  server.RaftServerConfigKeys (ConfUtils.java:logGet(43)) - raft.server.log.purge.gap = 1000000 (custom)
2019-09-19 14:21:41,896 [pool-60-thread-1] INFO  server.RaftServerConfigKeys (ConfUtils.java:logGet(43)) - raft.server.log.appender.buffer.byte-limit = 33554432 (custom)
2019-09-19 14:21:41,896 [pool-60-thread-1] INFO  server.RaftServerConfigKeys (ConfUtils.java:logGet(43)) - raft.server.log.segment.size.max = 1048576 (custom)
2019-09-19 14:21:41,897 [pool-60-thread-1] INFO  server.RaftServerConfigKeys (ConfUtils.java:logGet(43)) - raft.server.log.segment.cache.num.max = 2 (custom)
2019-09-19 14:21:41,897 [pool-60-thread-1] INFO  segmented.SegmentedRaftLogWorker (SegmentedRaftLogWorker.java:<init>(172)) - new 6403e584-2209-453b-b79e-eeb0a7b58516-SegmentedRaftLogWorker:Storage Directory /workdir/hadoop-ozone/integration-test/target/test-dir/MiniOzoneClusterImpl-210d6028-2152-4683-81ff-347b0d29bb13/datanode-3/data/ratis/200db9d8-d411-4cf2-bc7c-29a035cb2198 for RaftStorage:Storage Directory /workdir/hadoop-ozone/integration-test/target/test-dir/MiniOzoneClusterImpl-210d6028-2152-4683-81ff-347b0d29bb13/datanode-3/data/ratis/200db9d8-d411-4cf2-bc7c-29a035cb2198
2019-09-19 14:21:41,897 [pool-60-thread-1] INFO  server.RaftServerConfigKeys (ConfUtils.java:logGet(43)) - raft.server.log.queue.byte-limit = 2147483647 (custom)
2019-09-19 14:21:41,897 [pool-60-thread-1] INFO  server.RaftServerConfigKeys (ConfUtils.java:logGet(43)) - raft.server.log.queue.element-limit = 1024 (custom)
2019-09-19 14:21:41,897 [pool-60-thread-1] INFO  server.RaftServerConfigKeys (ConfUtils.java:logGet(43)) - raft.server.log.segment.size.max = 1048576 (custom)
2019-09-19 14:21:41,897 [pool-60-thread-1] INFO  server.RaftServerConfigKeys (ConfUtils.java:logGet(43)) - raft.server.log.preallocated.size = 16384 (custom)
2019-09-19 14:21:41,897 [pool-60-thread-1] INFO  server.RaftServerConfigKeys (ConfUtils.java:logGet(43)) - raft.server.log.write.buffer.size = 33554432 (custom)
2019-09-19 14:21:41,897 [pool-60-thread-1] INFO  server.RaftServerConfigKeys (ConfUtils.java:logGet(43)) - raft.server.log.force.sync.num = 128 (default)
2019-09-19 14:21:41,898 [pool-60-thread-1] INFO  server.RaftServerConfigKeys (ConfUtils.java:logGet(43)) - raft.server.log.statemachine.data.sync = true (default)
2019-09-19 14:21:41,898 [pool-60-thread-1] INFO  server.RaftServerConfigKeys (ConfUtils.java:logGet(43)) - raft.server.log.statemachine.data.sync.timeout = 10s (default)
2019-09-19 14:21:41,898 [pool-60-thread-1] INFO  server.RaftServerConfigKeys (ConfUtils.java:logGet(43)) - raft.server.log.statemachine.data.sync.timeout.retry = -1 (default)
2019-09-19 14:21:41,898 [pool-60-thread-1] INFO  server.RaftServerConfigKeys (ConfUtils.java:logGet(43)) - raft.server.log.statemachine.data.caching.enabled = true (custom)
2019-09-19 14:21:41,898 [pool-60-thread-1] INFO  segmented.SegmentedRaftLogWorker (SegmentedRaftLogWorker.java:lambda$new$0(132)) - 6403e584-2209-453b-b79e-eeb0a7b58516-SegmentedRaftLogWorker:Storage Directory /workdir/hadoop-ozone/integration-test/target/test-dir/MiniOzoneClusterImpl-210d6028-2152-4683-81ff-347b0d29bb13/datanode-3/data/ratis/200db9d8-d411-4cf2-bc7c-29a035cb2198: flushIndex: setUnconditionally 0 -> -1
2019-09-19 14:21:41,898 [pool-60-thread-1] INFO  server.RaftServerConfigKeys (ConfUtils.java:logGet(43)) - raft.server.snapshot.auto.trigger.enabled = true (custom)
2019-09-19 14:21:41,899 [pool-60-thread-1] INFO  server.RaftServerConfigKeys (ConfUtils.java:logGet(43)) - raft.server.snapshot.auto.trigger.threshold = 10000 (custom)
2019-09-19 14:21:41,899 [pool-60-thread-1] INFO  server.RaftServerConfigKeys (ConfUtils.java:logGet(43)) - raft.server.retrycache.expirytime = 600000ms (custom)
2019-09-19 14:21:41,899 [pool-60-thread-1] INFO  impl.RaftServerImpl (RaftServerImpl.java:start(180)) - 6403e584-2209-453b-b79e-eeb0a7b58516: start group-29A035CB2198
2019-09-19 14:21:41,899 [pool-60-thread-1] INFO  impl.RaftServerImpl (RaftServerImpl.java:setRole(171)) - 6403e584-2209-453b-b79e-eeb0a7b58516:group-29A035CB2198 changes role from null to FOLLOWER at term 0 for startAsFollower
2019-09-19 14:21:41,899 [pool-60-thread-1] INFO  impl.RoleInfo (RoleInfo.java:updateAndGet(143)) - 6403e584-2209-453b-b79e-eeb0a7b58516: start FollowerState
2019-09-19 14:21:41,899 [pool-60-thread-1] INFO  util.JmxRegister (JmxRegister.java:tryRegister(44)) - Successfully registered JMX Bean with object name Ratis:service=RaftServer,group=group-29A035CB2198,id=6403e584-2209-453b-b79e-eeb0a7b58516
2019-09-19 14:21:41,902 [RatisPipelineUtilsThread] INFO  pipeline.PipelineStateManager (PipelineStateManager.java:addPipeline(56)) - Created pipeline Pipeline[ Id: 200db9d8-d411-4cf2-bc7c-29a035cb2198, Nodes: 6403e584-2209-453b-b79e-eeb0a7b58516{ip: 192.168.157.226, host: pr-hdds-1569-swxfz-3172132826, networkLocation: /default-rack, certSerialId: null}, Type:RATIS, Factor:ONE, State:OPEN]
2019-09-19 14:21:41,907 [grpc-default-executor-2] INFO  impl.RaftServerProxy (RaftServerProxy.java:addNew(89)) - 306a7a99-f2a5-4f40-b42b-2fc2def08a6a: addNew group-77668966BA62:[306a7a99-f2a5-4f40-b42b-2fc2def08a6a:192.168.157.226:42633] returns group-77668966BA62:java.util.concurrent.CompletableFuture@4e2bc6b8[Not completed]
2019-09-19 14:21:41,909 [pool-49-thread-1] INFO  impl.RaftServerImpl (RaftServerImpl.java:<init>(93)) - 306a7a99-f2a5-4f40-b42b-2fc2def08a6a: new RaftServerImpl for group-77668966BA62:[306a7a99-f2a5-4f40-b42b-2fc2def08a6a:192.168.157.226:42633] with ContainerStateMachine:uninitialized
2019-09-19 14:21:41,909 [pool-49-thread-1] INFO  server.RaftServerConfigKeys (ConfUtils.java:logGet(43)) - raft.server.rpc.timeout.min = 5s (custom)
2019-09-19 14:21:41,909 [pool-49-thread-1] INFO  server.RaftServerConfigKeys (ConfUtils.java:logGet(43)) - raft.server.rpc.timeout.max = 5200ms (custom)
2019-09-19 14:21:41,909 [pool-49-thread-1] INFO  server.RaftServerConfigKeys (ConfUtils.java:logGet(43)) - raft.server.rpcslowness.timeout = 120s (custom)
2019-09-19 14:21:41,909 [pool-49-thread-1] INFO  server.RaftServerConfigKeys (ConfUtils.java:logGet(43)) - raft.server.sleep.deviation.threshold = 300 (default)
2019-09-19 14:21:41,909 [pool-49-thread-1] INFO  server.RaftServerConfigKeys (ConfUtils.java:logGet(43)) - raft.server.log.appender.install.snapshot.enabled = false (custom)
2019-09-19 14:21:41,909 [pool-49-thread-1] INFO  impl.RaftServerImpl (ServerState.java:<init>(105)) - 306a7a99-f2a5-4f40-b42b-2fc2def08a6a:group-77668966BA62 ConfigurationManager, init=-1: [306a7a99-f2a5-4f40-b42b-2fc2def08a6a:192.168.157.226:42633], old=null, confs=<EMPTY_MAP>
2019-09-19 14:21:41,909 [pool-49-thread-1] INFO  server.RaftServerConfigKeys (ConfUtils.java:logGet(43)) - raft.server.storage.dir = [/workdir/hadoop-ozone/integration-test/target/test-dir/MiniOzoneClusterImpl-210d6028-2152-4683-81ff-347b0d29bb13/datanode-2/data/ratis] (custom)
2019-09-19 14:21:41,910 [pool-49-thread-1] INFO  storage.RaftStorageDirectory (RaftStorageDirectory.java:analyzeStorage(246)) - The storage directory /workdir/hadoop-ozone/integration-test/target/test-dir/MiniOzoneClusterImpl-210d6028-2152-4683-81ff-347b0d29bb13/datanode-2/data/ratis/d4572f0c-b11d-4d24-9361-77668966ba62 does not exist. Creating ...
2019-09-19 14:21:41,954 [pool-49-thread-1] INFO  storage.RaftStorageDirectory (RaftStorageDirectory.java:tryLock(328)) - Lock on /workdir/hadoop-ozone/integration-test/target/test-dir/MiniOzoneClusterImpl-210d6028-2152-4683-81ff-347b0d29bb13/datanode-2/data/ratis/d4572f0c-b11d-4d24-9361-77668966ba62/in_use.lock acquired by nodename 16198@pr-hdds-1569-swxfz-3172132826
2019-09-19 14:21:41,995 [pool-49-thread-1] INFO  storage.RaftStorage (RaftStorage.java:format(72)) - Storage directory /workdir/hadoop-ozone/integration-test/target/test-dir/MiniOzoneClusterImpl-210d6028-2152-4683-81ff-347b0d29bb13/datanode-2/data/ratis/d4572f0c-b11d-4d24-9361-77668966ba62 has been successfully formatted.
2019-09-19 14:21:41,995 [pool-49-thread-1] INFO  ratis.ContainerStateMachine (ContainerStateMachine.java:loadSnapshot(226)) - group-77668966BA62: The snapshot info is null. Setting the last applied indexto:(t:0, i:~)
2019-09-19 14:21:41,995 [pool-49-thread-1] INFO  server.RaftServerConfigKeys (ConfUtils.java:logGet(43)) - raft.server.leader.election.timeout = 120s (custom)
2019-09-19 14:21:41,995 [pool-49-thread-1] INFO  server.RaftServerConfigKeys (ConfUtils.java:logGet(43)) - raft.server.log.use.memory = false (default)
2019-09-19 14:21:41,995 [pool-49-thread-1] INFO  server.RaftServerConfigKeys (ConfUtils.java:logGet(43)) - raft.server.log.purge.gap = 1000000 (custom)
2019-09-19 14:21:41,996 [pool-49-thread-1] INFO  server.RaftServerConfigKeys (ConfUtils.java:logGet(43)) - raft.server.log.appender.buffer.byte-limit = 33554432 (custom)
2019-09-19 14:21:41,996 [pool-49-thread-1] INFO  server.RaftServerConfigKeys (ConfUtils.java:logGet(43)) - raft.server.log.segment.size.max = 1048576 (custom)
2019-09-19 14:21:41,996 [pool-49-thread-1] INFO  server.RaftServerConfigKeys (ConfUtils.java:logGet(43)) - raft.server.log.segment.cache.num.max = 2 (custom)
2019-09-19 14:21:41,996 [pool-49-thread-1] INFO  segmented.SegmentedRaftLogWorker (SegmentedRaftLogWorker.java:<init>(172)) - new 306a7a99-f2a5-4f40-b42b-2fc2def08a6a-SegmentedRaftLogWorker:Storage Directory /workdir/hadoop-ozone/integration-test/target/test-dir/MiniOzoneClusterImpl-210d6028-2152-4683-81ff-347b0d29bb13/datanode-2/data/ratis/d4572f0c-b11d-4d24-9361-77668966ba62 for RaftStorage:Storage Directory /workdir/hadoop-ozone/integration-test/target/test-dir/MiniOzoneClusterImpl-210d6028-2152-4683-81ff-347b0d29bb13/datanode-2/data/ratis/d4572f0c-b11d-4d24-9361-77668966ba62
2019-09-19 14:21:41,996 [pool-49-thread-1] INFO  server.RaftServerConfigKeys (ConfUtils.java:logGet(43)) - raft.server.log.queue.byte-limit = 2147483647 (custom)
2019-09-19 14:21:41,996 [pool-49-thread-1] INFO  server.RaftServerConfigKeys (ConfUtils.java:logGet(43)) - raft.server.log.queue.element-limit = 1024 (custom)
2019-09-19 14:21:41,997 [pool-49-thread-1] INFO  server.RaftServerConfigKeys (ConfUtils.java:logGet(43)) - raft.server.log.segment.size.max = 1048576 (custom)
2019-09-19 14:21:41,997 [pool-49-thread-1] INFO  server.RaftServerConfigKeys (ConfUtils.java:logGet(43)) - raft.server.log.preallocated.size = 16384 (custom)
2019-09-19 14:21:41,997 [pool-49-thread-1] INFO  server.RaftServerConfigKeys (ConfUtils.java:logGet(43)) - raft.server.log.write.buffer.size = 33554432 (custom)
2019-09-19 14:21:41,997 [pool-49-thread-1] INFO  server.RaftServerConfigKeys (ConfUtils.java:logGet(43)) - raft.server.log.force.sync.num = 128 (default)
2019-09-19 14:21:41,997 [pool-49-thread-1] INFO  server.RaftServerConfigKeys (ConfUtils.java:logGet(43)) - raft.server.log.statemachine.data.sync = true (default)
2019-09-19 14:21:41,997 [pool-49-thread-1] INFO  server.RaftServerConfigKeys (ConfUtils.java:logGet(43)) - raft.server.log.statemachine.data.sync.timeout = 10s (default)
2019-09-19 14:21:41,997 [pool-49-thread-1] INFO  server.RaftServerConfigKeys (ConfUtils.java:logGet(43)) - raft.server.log.statemachine.data.sync.timeout.retry = -1 (default)
2019-09-19 14:21:41,998 [pool-49-thread-1] INFO  server.RaftServerConfigKeys (ConfUtils.java:logGet(43)) - raft.server.log.statemachine.data.caching.enabled = true (custom)
2019-09-19 14:21:41,998 [pool-49-thread-1] INFO  segmented.SegmentedRaftLogWorker (SegmentedRaftLogWorker.java:lambda$new$0(132)) - 306a7a99-f2a5-4f40-b42b-2fc2def08a6a-SegmentedRaftLogWorker:Storage Directory /workdir/hadoop-ozone/integration-test/target/test-dir/MiniOzoneClusterImpl-210d6028-2152-4683-81ff-347b0d29bb13/datanode-2/data/ratis/d4572f0c-b11d-4d24-9361-77668966ba62: flushIndex: setUnconditionally 0 -> -1
2019-09-19 14:21:41,998 [pool-49-thread-1] INFO  server.RaftServerConfigKeys (ConfUtils.java:logGet(43)) - raft.server.snapshot.auto.trigger.enabled = true (custom)
2019-09-19 14:21:41,998 [pool-49-thread-1] INFO  server.RaftServerConfigKeys (ConfUtils.java:logGet(43)) - raft.server.snapshot.auto.trigger.threshold = 10000 (custom)
2019-09-19 14:21:41,999 [pool-49-thread-1] INFO  server.RaftServerConfigKeys (ConfUtils.java:logGet(43)) - raft.server.retrycache.expirytime = 600000ms (custom)
2019-09-19 14:21:41,999 [pool-49-thread-1] INFO  impl.RaftServerImpl (RaftServerImpl.java:start(180)) - 306a7a99-f2a5-4f40-b42b-2fc2def08a6a: start group-77668966BA62
2019-09-19 14:21:41,999 [pool-49-thread-1] INFO  impl.RaftServerImpl (RaftServerImpl.java:setRole(171)) - 306a7a99-f2a5-4f40-b42b-2fc2def08a6a:group-77668966BA62 changes role from null to FOLLOWER at term 0 for startAsFollower
2019-09-19 14:21:41,999 [pool-49-thread-1] INFO  impl.RoleInfo (RoleInfo.java:updateAndGet(143)) - 306a7a99-f2a5-4f40-b42b-2fc2def08a6a: start FollowerState
2019-09-19 14:21:41,999 [pool-49-thread-1] INFO  util.JmxRegister (JmxRegister.java:tryRegister(44)) - Successfully registered JMX Bean with object name Ratis:service=RaftServer,group=group-77668966BA62,id=306a7a99-f2a5-4f40-b42b-2fc2def08a6a
2019-09-19 14:21:42,002 [RatisPipelineUtilsThread] INFO  pipeline.PipelineStateManager (PipelineStateManager.java:addPipeline(56)) - Created pipeline Pipeline[ Id: d4572f0c-b11d-4d24-9361-77668966ba62, Nodes: 306a7a99-f2a5-4f40-b42b-2fc2def08a6a{ip: 192.168.157.226, host: pr-hdds-1569-swxfz-3172132826, networkLocation: /default-rack, certSerialId: null}, Type:RATIS, Factor:ONE, State:OPEN]
2019-09-19 14:21:42,006 [grpc-default-executor-2] INFO  impl.RaftServerProxy (RaftServerProxy.java:addNew(89)) - 6403e584-2209-453b-b79e-eeb0a7b58516: addNew group-8CFE3AF44FFF:[6403e584-2209-453b-b79e-eeb0a7b58516:192.168.157.226:35833] returns group-8CFE3AF44FFF:java.util.concurrent.CompletableFuture@124ed94d[Not completed]
2019-09-19 14:21:42,008 [pool-60-thread-1] INFO  impl.RaftServerImpl (RaftServerImpl.java:<init>(93)) - 6403e584-2209-453b-b79e-eeb0a7b58516: new RaftServerImpl for group-8CFE3AF44FFF:[6403e584-2209-453b-b79e-eeb0a7b58516:192.168.157.226:35833] with ContainerStateMachine:uninitialized
2019-09-19 14:21:42,008 [pool-60-thread-1] INFO  server.RaftServerConfigKeys (ConfUtils.java:logGet(43)) - raft.server.rpc.timeout.min = 5s (custom)
2019-09-19 14:21:42,008 [pool-60-thread-1] INFO  server.RaftServerConfigKeys (ConfUtils.java:logGet(43)) - raft.server.rpc.timeout.max = 5200ms (custom)
2019-09-19 14:21:42,008 [pool-60-thread-1] INFO  server.RaftServerConfigKeys (ConfUtils.java:logGet(43)) - raft.server.rpcslowness.timeout = 120s (custom)
2019-09-19 14:21:42,008 [pool-60-thread-1] INFO  server.RaftServerConfigKeys (ConfUtils.java:logGet(43)) - raft.server.sleep.deviation.threshold = 300 (default)
2019-09-19 14:21:42,008 [pool-60-thread-1] INFO  server.RaftServerConfigKeys (ConfUtils.java:logGet(43)) - raft.server.log.appender.install.snapshot.enabled = false (custom)
2019-09-19 14:21:42,008 [pool-60-thread-1] INFO  impl.RaftServerImpl (ServerState.java:<init>(105)) - 6403e584-2209-453b-b79e-eeb0a7b58516:group-8CFE3AF44FFF ConfigurationManager, init=-1: [6403e584-2209-453b-b79e-eeb0a7b58516:192.168.157.226:35833], old=null, confs=<EMPTY_MAP>
2019-09-19 14:21:42,009 [pool-60-thread-1] INFO  server.RaftServerConfigKeys (ConfUtils.java:logGet(43)) - raft.server.storage.dir = [/workdir/hadoop-ozone/integration-test/target/test-dir/MiniOzoneClusterImpl-210d6028-2152-4683-81ff-347b0d29bb13/datanode-3/data/ratis] (custom)
2019-09-19 14:21:42,009 [pool-60-thread-1] INFO  storage.RaftStorageDirectory (RaftStorageDirectory.java:analyzeStorage(246)) - The storage directory /workdir/hadoop-ozone/integration-test/target/test-dir/MiniOzoneClusterImpl-210d6028-2152-4683-81ff-347b0d29bb13/datanode-3/data/ratis/5585f7d3-4d4a-466f-8783-8cfe3af44fff does not exist. Creating ...
2019-09-19 14:21:42,087 [pool-60-thread-1] INFO  storage.RaftStorageDirectory (RaftStorageDirectory.java:tryLock(328)) - Lock on /workdir/hadoop-ozone/integration-test/target/test-dir/MiniOzoneClusterImpl-210d6028-2152-4683-81ff-347b0d29bb13/datanode-3/data/ratis/5585f7d3-4d4a-466f-8783-8cfe3af44fff/in_use.lock acquired by nodename 16198@pr-hdds-1569-swxfz-3172132826
2019-09-19 14:21:42,152 [pool-60-thread-1] INFO  storage.RaftStorage (RaftStorage.java:format(72)) - Storage directory /workdir/hadoop-ozone/integration-test/target/test-dir/MiniOzoneClusterImpl-210d6028-2152-4683-81ff-347b0d29bb13/datanode-3/data/ratis/5585f7d3-4d4a-466f-8783-8cfe3af44fff has been successfully formatted.
2019-09-19 14:21:42,152 [pool-60-thread-1] INFO  ratis.ContainerStateMachine (ContainerStateMachine.java:loadSnapshot(226)) - group-8CFE3AF44FFF: The snapshot info is null. Setting the last applied indexto:(t:0, i:~)
2019-09-19 14:21:42,152 [pool-60-thread-1] INFO  server.RaftServerConfigKeys (ConfUtils.java:logGet(43)) - raft.server.leader.election.timeout = 120s (custom)
2019-09-19 14:21:42,153 [pool-60-thread-1] INFO  server.RaftServerConfigKeys (ConfUtils.java:logGet(43)) - raft.server.log.use.memory = false (default)
2019-09-19 14:21:42,153 [pool-60-thread-1] INFO  server.RaftServerConfigKeys (ConfUtils.java:logGet(43)) - raft.server.log.purge.gap = 1000000 (custom)
2019-09-19 14:21:42,153 [pool-60-thread-1] INFO  server.RaftServerConfigKeys (ConfUtils.java:logGet(43)) - raft.server.log.appender.buffer.byte-limit = 33554432 (custom)
2019-09-19 14:21:42,153 [pool-60-thread-1] INFO  server.RaftServerConfigKeys (ConfUtils.java:logGet(43)) - raft.server.log.segment.size.max = 1048576 (custom)
2019-09-19 14:21:42,153 [pool-60-thread-1] INFO  server.RaftServerConfigKeys (ConfUtils.java:logGet(43)) - raft.server.log.segment.cache.num.max = 2 (custom)
2019-09-19 14:21:42,153 [pool-60-thread-1] INFO  segmented.SegmentedRaftLogWorker (SegmentedRaftLogWorker.java:<init>(172)) - new 6403e584-2209-453b-b79e-eeb0a7b58516-SegmentedRaftLogWorker:Storage Directory /workdir/hadoop-ozone/integration-test/target/test-dir/MiniOzoneClusterImpl-210d6028-2152-4683-81ff-347b0d29bb13/datanode-3/data/ratis/5585f7d3-4d4a-466f-8783-8cfe3af44fff for RaftStorage:Storage Directory /workdir/hadoop-ozone/integration-test/target/test-dir/MiniOzoneClusterImpl-210d6028-2152-4683-81ff-347b0d29bb13/datanode-3/data/ratis/5585f7d3-4d4a-466f-8783-8cfe3af44fff
2019-09-19 14:21:42,154 [pool-60-thread-1] INFO  server.RaftServerConfigKeys (ConfUtils.java:logGet(43)) - raft.server.log.queue.byte-limit = 2147483647 (custom)
2019-09-19 14:21:42,154 [pool-60-thread-1] INFO  server.RaftServerConfigKeys (ConfUtils.java:logGet(43)) - raft.server.log.queue.element-limit = 1024 (custom)
2019-09-19 14:21:42,154 [pool-60-thread-1] INFO  server.RaftServerConfigKeys (ConfUtils.java:logGet(43)) - raft.server.log.segment.size.max = 1048576 (custom)
2019-09-19 14:21:42,154 [pool-60-thread-1] INFO  server.RaftServerConfigKeys (ConfUtils.java:logGet(43)) - raft.server.log.preallocated.size = 16384 (custom)
2019-09-19 14:21:42,154 [pool-60-thread-1] INFO  server.RaftServerConfigKeys (ConfUtils.java:logGet(43)) - raft.server.log.write.buffer.size = 33554432 (custom)
2019-09-19 14:21:42,154 [pool-60-thread-1] INFO  server.RaftServerConfigKeys (ConfUtils.java:logGet(43)) - raft.server.log.force.sync.num = 128 (default)
2019-09-19 14:21:42,154 [pool-60-thread-1] INFO  server.RaftServerConfigKeys (ConfUtils.java:logGet(43)) - raft.server.log.statemachine.data.sync = true (default)
2019-09-19 14:21:42,155 [pool-60-thread-1] INFO  server.RaftServerConfigKeys (ConfUtils.java:logGet(43)) - raft.server.log.statemachine.data.sync.timeout = 10s (default)
2019-09-19 14:21:42,155 [pool-60-thread-1] INFO  server.RaftServerConfigKeys (ConfUtils.java:logGet(43)) - raft.server.log.statemachine.data.sync.timeout.retry = -1 (default)
2019-09-19 14:21:42,155 [pool-60-thread-1] INFO  server.RaftServerConfigKeys (ConfUtils.java:logGet(43)) - raft.server.log.statemachine.data.caching.enabled = true (custom)
2019-09-19 14:21:42,155 [pool-60-thread-1] INFO  segmented.SegmentedRaftLogWorker (SegmentedRaftLogWorker.java:lambda$new$0(132)) - 6403e584-2209-453b-b79e-eeb0a7b58516-SegmentedRaftLogWorker:Storage Directory /workdir/hadoop-ozone/integration-test/target/test-dir/MiniOzoneClusterImpl-210d6028-2152-4683-81ff-347b0d29bb13/datanode-3/data/ratis/5585f7d3-4d4a-466f-8783-8cfe3af44fff: flushIndex: setUnconditionally 0 -> -1
2019-09-19 14:21:42,156 [pool-60-thread-1] INFO  server.RaftServerConfigKeys (ConfUtils.java:logGet(43)) - raft.server.snapshot.auto.trigger.enabled = true (custom)
2019-09-19 14:21:42,156 [pool-60-thread-1] INFO  server.RaftServerConfigKeys (ConfUtils.java:logGet(43)) - raft.server.snapshot.auto.trigger.threshold = 10000 (custom)
2019-09-19 14:21:42,156 [pool-60-thread-1] INFO  server.RaftServerConfigKeys (ConfUtils.java:logGet(43)) - raft.server.retrycache.expirytime = 600000ms (custom)
2019-09-19 14:21:42,156 [pool-60-thread-1] INFO  impl.RaftServerImpl (RaftServerImpl.java:start(180)) - 6403e584-2209-453b-b79e-eeb0a7b58516: start group-8CFE3AF44FFF
2019-09-19 14:21:42,156 [pool-60-thread-1] INFO  impl.RaftServerImpl (RaftServerImpl.java:setRole(171)) - 6403e584-2209-453b-b79e-eeb0a7b58516:group-8CFE3AF44FFF changes role from null to FOLLOWER at term 0 for startAsFollower
2019-09-19 14:21:42,156 [pool-60-thread-1] INFO  impl.RoleInfo (RoleInfo.java:updateAndGet(143)) - 6403e584-2209-453b-b79e-eeb0a7b58516: start FollowerState
2019-09-19 14:21:42,157 [pool-60-thread-1] INFO  util.JmxRegister (JmxRegister.java:tryRegister(44)) - Successfully registered JMX Bean with object name Ratis:service=RaftServer,group=group-8CFE3AF44FFF,id=6403e584-2209-453b-b79e-eeb0a7b58516
2019-09-19 14:21:42,159 [RatisPipelineUtilsThread] INFO  pipeline.PipelineStateManager (PipelineStateManager.java:addPipeline(56)) - Created pipeline Pipeline[ Id: 5585f7d3-4d4a-466f-8783-8cfe3af44fff, Nodes: 6403e584-2209-453b-b79e-eeb0a7b58516{ip: 192.168.157.226, host: pr-hdds-1569-swxfz-3172132826, networkLocation: /default-rack, certSerialId: null}, Type:RATIS, Factor:ONE, State:OPEN]
2019-09-19 14:21:42,164 [grpc-default-executor-2] INFO  impl.RaftServerProxy (RaftServerProxy.java:addNew(89)) - 5dfaa0ea-416a-422c-a75d-43311aceb00a: addNew group-AE221AF6329E:[5dfaa0ea-416a-422c-a75d-43311aceb00a:192.168.157.226:45629] returns group-AE221AF6329E:java.util.concurrent.CompletableFuture@6afbe93c[Not completed]
2019-09-19 14:21:42,165 [pool-38-thread-1] INFO  impl.RaftServerImpl (RaftServerImpl.java:<init>(93)) - 5dfaa0ea-416a-422c-a75d-43311aceb00a: new RaftServerImpl for group-AE221AF6329E:[5dfaa0ea-416a-422c-a75d-43311aceb00a:192.168.157.226:45629] with ContainerStateMachine:uninitialized
2019-09-19 14:21:42,165 [pool-38-thread-1] INFO  server.RaftServerConfigKeys (ConfUtils.java:logGet(43)) - raft.server.rpc.timeout.min = 5s (custom)
2019-09-19 14:21:42,165 [pool-38-thread-1] INFO  server.RaftServerConfigKeys (ConfUtils.java:logGet(43)) - raft.server.rpc.timeout.max = 5200ms (custom)
2019-09-19 14:21:42,165 [pool-38-thread-1] INFO  server.RaftServerConfigKeys (ConfUtils.java:logGet(43)) - raft.server.rpcslowness.timeout = 120s (custom)
2019-09-19 14:21:42,165 [pool-38-thread-1] INFO  server.RaftServerConfigKeys (ConfUtils.java:logGet(43)) - raft.server.sleep.deviation.threshold = 300 (default)
2019-09-19 14:21:42,165 [pool-38-thread-1] INFO  server.RaftServerConfigKeys (ConfUtils.java:logGet(43)) - raft.server.log.appender.install.snapshot.enabled = false (custom)
2019-09-19 14:21:42,166 [pool-38-thread-1] INFO  impl.RaftServerImpl (ServerState.java:<init>(105)) - 5dfaa0ea-416a-422c-a75d-43311aceb00a:group-AE221AF6329E ConfigurationManager, init=-1: [5dfaa0ea-416a-422c-a75d-43311aceb00a:192.168.157.226:45629], old=null, confs=<EMPTY_MAP>
2019-09-19 14:21:42,166 [pool-38-thread-1] INFO  server.RaftServerConfigKeys (ConfUtils.java:logGet(43)) - raft.server.storage.dir = [/workdir/hadoop-ozone/integration-test/target/test-dir/MiniOzoneClusterImpl-210d6028-2152-4683-81ff-347b0d29bb13/datanode-1/data/ratis] (custom)
2019-09-19 14:21:42,166 [pool-38-thread-1] INFO  storage.RaftStorageDirectory (RaftStorageDirectory.java:analyzeStorage(246)) - The storage directory /workdir/hadoop-ozone/integration-test/target/test-dir/MiniOzoneClusterImpl-210d6028-2152-4683-81ff-347b0d29bb13/datanode-1/data/ratis/46c42004-d501-45e0-ad7c-ae221af6329e does not exist. Creating ...
2019-09-19 14:21:42,194 | INFO  | SCMAudit | user=jenkins1000 | ip=192.168.157.226 | op=SEND_HEARTBEAT {datanodeUUID=6403e584-2209-453b-b79e-eeb0a7b58516, command=[]} | ret=SUCCESS |  
2019-09-19 14:21:42,195 | INFO  | SCMAudit | user=jenkins1000 | ip=192.168.157.226 | op=SEND_HEARTBEAT {datanodeUUID=306a7a99-f2a5-4f40-b42b-2fc2def08a6a, command=[]} | ret=SUCCESS |  
2019-09-19 14:21:42,220 [pool-38-thread-1] INFO  storage.RaftStorageDirectory (RaftStorageDirectory.java:tryLock(328)) - Lock on /workdir/hadoop-ozone/integration-test/target/test-dir/MiniOzoneClusterImpl-210d6028-2152-4683-81ff-347b0d29bb13/datanode-1/data/ratis/46c42004-d501-45e0-ad7c-ae221af6329e/in_use.lock acquired by nodename 16198@pr-hdds-1569-swxfz-3172132826
2019-09-19 14:21:42,256 [pool-38-thread-1] INFO  storage.RaftStorage (RaftStorage.java:format(72)) - Storage directory /workdir/hadoop-ozone/integration-test/target/test-dir/MiniOzoneClusterImpl-210d6028-2152-4683-81ff-347b0d29bb13/datanode-1/data/ratis/46c42004-d501-45e0-ad7c-ae221af6329e has been successfully formatted.
2019-09-19 14:21:42,256 [pool-38-thread-1] INFO  ratis.ContainerStateMachine (ContainerStateMachine.java:loadSnapshot(226)) - group-AE221AF6329E: The snapshot info is null. Setting the last applied indexto:(t:0, i:~)
2019-09-19 14:21:42,256 [pool-38-thread-1] INFO  server.RaftServerConfigKeys (ConfUtils.java:logGet(43)) - raft.server.leader.election.timeout = 120s (custom)
2019-09-19 14:21:42,256 [pool-38-thread-1] INFO  server.RaftServerConfigKeys (ConfUtils.java:logGet(43)) - raft.server.log.use.memory = false (default)
2019-09-19 14:21:42,256 [pool-38-thread-1] INFO  server.RaftServerConfigKeys (ConfUtils.java:logGet(43)) - raft.server.log.purge.gap = 1000000 (custom)
2019-09-19 14:21:42,257 [pool-38-thread-1] INFO  server.RaftServerConfigKeys (ConfUtils.java:logGet(43)) - raft.server.log.appender.buffer.byte-limit = 33554432 (custom)
2019-09-19 14:21:42,257 [pool-38-thread-1] INFO  server.RaftServerConfigKeys (ConfUtils.java:logGet(43)) - raft.server.log.segment.size.max = 1048576 (custom)
2019-09-19 14:21:42,257 [pool-38-thread-1] INFO  server.RaftServerConfigKeys (ConfUtils.java:logGet(43)) - raft.server.log.segment.cache.num.max = 2 (custom)
2019-09-19 14:21:42,257 [pool-38-thread-1] INFO  segmented.SegmentedRaftLogWorker (SegmentedRaftLogWorker.java:<init>(172)) - new 5dfaa0ea-416a-422c-a75d-43311aceb00a-SegmentedRaftLogWorker:Storage Directory /workdir/hadoop-ozone/integration-test/target/test-dir/MiniOzoneClusterImpl-210d6028-2152-4683-81ff-347b0d29bb13/datanode-1/data/ratis/46c42004-d501-45e0-ad7c-ae221af6329e for RaftStorage:Storage Directory /workdir/hadoop-ozone/integration-test/target/test-dir/MiniOzoneClusterImpl-210d6028-2152-4683-81ff-347b0d29bb13/datanode-1/data/ratis/46c42004-d501-45e0-ad7c-ae221af6329e
2019-09-19 14:21:42,257 [pool-38-thread-1] INFO  server.RaftServerConfigKeys (ConfUtils.java:logGet(43)) - raft.server.log.queue.byte-limit = 2147483647 (custom)
2019-09-19 14:21:42,257 [pool-38-thread-1] INFO  server.RaftServerConfigKeys (ConfUtils.java:logGet(43)) - raft.server.log.queue.element-limit = 1024 (custom)
2019-09-19 14:21:42,258 [pool-38-thread-1] INFO  server.RaftServerConfigKeys (ConfUtils.java:logGet(43)) - raft.server.log.segment.size.max = 1048576 (custom)
2019-09-19 14:21:42,258 [pool-38-thread-1] INFO  server.RaftServerConfigKeys (ConfUtils.java:logGet(43)) - raft.server.log.preallocated.size = 16384 (custom)
2019-09-19 14:21:42,258 [pool-38-thread-1] INFO  server.RaftServerConfigKeys (ConfUtils.java:logGet(43)) - raft.server.log.write.buffer.size = 33554432 (custom)
2019-09-19 14:21:42,258 [pool-38-thread-1] INFO  server.RaftServerConfigKeys (ConfUtils.java:logGet(43)) - raft.server.log.force.sync.num = 128 (default)
2019-09-19 14:21:42,258 [pool-38-thread-1] INFO  server.RaftServerConfigKeys (ConfUtils.java:logGet(43)) - raft.server.log.statemachine.data.sync = true (default)
2019-09-19 14:21:42,258 [pool-38-thread-1] INFO  server.RaftServerConfigKeys (ConfUtils.java:logGet(43)) - raft.server.log.statemachine.data.sync.timeout = 10s (default)
2019-09-19 14:21:42,258 [pool-38-thread-1] INFO  server.RaftServerConfigKeys (ConfUtils.java:logGet(43)) - raft.server.log.statemachine.data.sync.timeout.retry = -1 (default)
2019-09-19 14:21:42,259 [pool-38-thread-1] INFO  server.RaftServerConfigKeys (ConfUtils.java:logGet(43)) - raft.server.log.statemachine.data.caching.enabled = true (custom)
2019-09-19 14:21:42,259 [pool-38-thread-1] INFO  segmented.SegmentedRaftLogWorker (SegmentedRaftLogWorker.java:lambda$new$0(132)) - 5dfaa0ea-416a-422c-a75d-43311aceb00a-SegmentedRaftLogWorker:Storage Directory /workdir/hadoop-ozone/integration-test/target/test-dir/MiniOzoneClusterImpl-210d6028-2152-4683-81ff-347b0d29bb13/datanode-1/data/ratis/46c42004-d501-45e0-ad7c-ae221af6329e: flushIndex: setUnconditionally 0 -> -1
2019-09-19 14:21:42,259 [pool-38-thread-1] INFO  server.RaftServerConfigKeys (ConfUtils.java:logGet(43)) - raft.server.snapshot.auto.trigger.enabled = true (custom)
2019-09-19 14:21:42,260 [pool-38-thread-1] INFO  server.RaftServerConfigKeys (ConfUtils.java:logGet(43)) - raft.server.snapshot.auto.trigger.threshold = 10000 (custom)
2019-09-19 14:21:42,260 [pool-38-thread-1] INFO  server.RaftServerConfigKeys (ConfUtils.java:logGet(43)) - raft.server.retrycache.expirytime = 600000ms (custom)
2019-09-19 14:21:42,260 [pool-38-thread-1] INFO  impl.RaftServerImpl (RaftServerImpl.java:start(180)) - 5dfaa0ea-416a-422c-a75d-43311aceb00a: start group-AE221AF6329E
2019-09-19 14:21:42,260 [pool-38-thread-1] INFO  impl.RaftServerImpl (RaftServerImpl.java:setRole(171)) - 5dfaa0ea-416a-422c-a75d-43311aceb00a:group-AE221AF6329E changes role from null to FOLLOWER at term 0 for startAsFollower
2019-09-19 14:21:42,260 [pool-38-thread-1] INFO  impl.RoleInfo (RoleInfo.java:updateAndGet(143)) - 5dfaa0ea-416a-422c-a75d-43311aceb00a: start FollowerState
2019-09-19 14:21:42,261 [pool-38-thread-1] INFO  util.JmxRegister (JmxRegister.java:tryRegister(44)) - Successfully registered JMX Bean with object name Ratis:service=RaftServer,group=group-AE221AF6329E,id=5dfaa0ea-416a-422c-a75d-43311aceb00a
2019-09-19 14:21:42,263 [RatisPipelineUtilsThread] INFO  pipeline.PipelineStateManager (PipelineStateManager.java:addPipeline(56)) - Created pipeline Pipeline[ Id: 46c42004-d501-45e0-ad7c-ae221af6329e, Nodes: 5dfaa0ea-416a-422c-a75d-43311aceb00a{ip: 192.168.157.226, host: pr-hdds-1569-swxfz-3172132826, networkLocation: /default-rack, certSerialId: null}, Type:RATIS, Factor:ONE, State:OPEN]
2019-09-19 14:21:42,268 [grpc-default-executor-2] INFO  impl.RaftServerProxy (RaftServerProxy.java:addNew(89)) - 5dfaa0ea-416a-422c-a75d-43311aceb00a: addNew group-8EE30092736F:[5dfaa0ea-416a-422c-a75d-43311aceb00a:192.168.157.226:45629] returns group-8EE30092736F:java.util.concurrent.CompletableFuture@35fdfd1d[Not completed]
2019-09-19 14:21:42,269 [pool-38-thread-1] INFO  impl.RaftServerImpl (RaftServerImpl.java:<init>(93)) - 5dfaa0ea-416a-422c-a75d-43311aceb00a: new RaftServerImpl for group-8EE30092736F:[5dfaa0ea-416a-422c-a75d-43311aceb00a:192.168.157.226:45629] with ContainerStateMachine:uninitialized
2019-09-19 14:21:42,269 [pool-38-thread-1] INFO  server.RaftServerConfigKeys (ConfUtils.java:logGet(43)) - raft.server.rpc.timeout.min = 5s (custom)
2019-09-19 14:21:42,269 [pool-38-thread-1] INFO  server.RaftServerConfigKeys (ConfUtils.java:logGet(43)) - raft.server.rpc.timeout.max = 5200ms (custom)
2019-09-19 14:21:42,269 [pool-38-thread-1] INFO  server.RaftServerConfigKeys (ConfUtils.java:logGet(43)) - raft.server.rpcslowness.timeout = 120s (custom)
2019-09-19 14:21:42,269 [pool-38-thread-1] INFO  server.RaftServerConfigKeys (ConfUtils.java:logGet(43)) - raft.server.sleep.deviation.threshold = 300 (default)
2019-09-19 14:21:42,269 [pool-38-thread-1] INFO  server.RaftServerConfigKeys (ConfUtils.java:logGet(43)) - raft.server.log.appender.install.snapshot.enabled = false (custom)
2019-09-19 14:21:42,270 [pool-38-thread-1] INFO  impl.RaftServerImpl (ServerState.java:<init>(105)) - 5dfaa0ea-416a-422c-a75d-43311aceb00a:group-8EE30092736F ConfigurationManager, init=-1: [5dfaa0ea-416a-422c-a75d-43311aceb00a:192.168.157.226:45629], old=null, confs=<EMPTY_MAP>
2019-09-19 14:21:42,270 [pool-38-thread-1] INFO  server.RaftServerConfigKeys (ConfUtils.java:logGet(43)) - raft.server.storage.dir = [/workdir/hadoop-ozone/integration-test/target/test-dir/MiniOzoneClusterImpl-210d6028-2152-4683-81ff-347b0d29bb13/datanode-1/data/ratis] (custom)
2019-09-19 14:21:42,270 [pool-38-thread-1] INFO  storage.RaftStorageDirectory (RaftStorageDirectory.java:analyzeStorage(246)) - The storage directory /workdir/hadoop-ozone/integration-test/target/test-dir/MiniOzoneClusterImpl-210d6028-2152-4683-81ff-347b0d29bb13/datanode-1/data/ratis/2d4b86b3-3a5b-45f3-bc8f-8ee30092736f does not exist. Creating ...
2019-09-19 14:21:42,339 [pool-38-thread-1] INFO  storage.RaftStorageDirectory (RaftStorageDirectory.java:tryLock(328)) - Lock on /workdir/hadoop-ozone/integration-test/target/test-dir/MiniOzoneClusterImpl-210d6028-2152-4683-81ff-347b0d29bb13/datanode-1/data/ratis/2d4b86b3-3a5b-45f3-bc8f-8ee30092736f/in_use.lock acquired by nodename 16198@pr-hdds-1569-swxfz-3172132826
2019-09-19 14:21:42,353 [pool-38-thread-1] INFO  storage.RaftStorage (RaftStorage.java:format(72)) - Storage directory /workdir/hadoop-ozone/integration-test/target/test-dir/MiniOzoneClusterImpl-210d6028-2152-4683-81ff-347b0d29bb13/datanode-1/data/ratis/2d4b86b3-3a5b-45f3-bc8f-8ee30092736f has been successfully formatted.
2019-09-19 14:21:42,353 [pool-38-thread-1] INFO  ratis.ContainerStateMachine (ContainerStateMachine.java:loadSnapshot(226)) - group-8EE30092736F: The snapshot info is null. Setting the last applied indexto:(t:0, i:~)
2019-09-19 14:21:42,353 [pool-38-thread-1] INFO  server.RaftServerConfigKeys (ConfUtils.java:logGet(43)) - raft.server.leader.election.timeout = 120s (custom)
2019-09-19 14:21:42,353 [pool-38-thread-1] INFO  server.RaftServerConfigKeys (ConfUtils.java:logGet(43)) - raft.server.log.use.memory = false (default)
2019-09-19 14:21:42,353 [pool-38-thread-1] INFO  server.RaftServerConfigKeys (ConfUtils.java:logGet(43)) - raft.server.log.purge.gap = 1000000 (custom)
2019-09-19 14:21:42,354 [pool-38-thread-1] INFO  server.RaftServerConfigKeys (ConfUtils.java:logGet(43)) - raft.server.log.appender.buffer.byte-limit = 33554432 (custom)
2019-09-19 14:21:42,354 [pool-38-thread-1] INFO  server.RaftServerConfigKeys (ConfUtils.java:logGet(43)) - raft.server.log.segment.size.max = 1048576 (custom)
2019-09-19 14:21:42,354 [pool-38-thread-1] INFO  server.RaftServerConfigKeys (ConfUtils.java:logGet(43)) - raft.server.log.segment.cache.num.max = 2 (custom)
2019-09-19 14:21:42,354 [pool-38-thread-1] INFO  segmented.SegmentedRaftLogWorker (SegmentedRaftLogWorker.java:<init>(172)) - new 5dfaa0ea-416a-422c-a75d-43311aceb00a-SegmentedRaftLogWorker:Storage Directory /workdir/hadoop-ozone/integration-test/target/test-dir/MiniOzoneClusterImpl-210d6028-2152-4683-81ff-347b0d29bb13/datanode-1/data/ratis/2d4b86b3-3a5b-45f3-bc8f-8ee30092736f for RaftStorage:Storage Directory /workdir/hadoop-ozone/integration-test/target/test-dir/MiniOzoneClusterImpl-210d6028-2152-4683-81ff-347b0d29bb13/datanode-1/data/ratis/2d4b86b3-3a5b-45f3-bc8f-8ee30092736f
2019-09-19 14:21:42,354 [pool-38-thread-1] INFO  server.RaftServerConfigKeys (ConfUtils.java:logGet(43)) - raft.server.log.queue.byte-limit = 2147483647 (custom)
2019-09-19 14:21:42,354 [pool-38-thread-1] INFO  server.RaftServerConfigKeys (ConfUtils.java:logGet(43)) - raft.server.log.queue.element-limit = 1024 (custom)
2019-09-19 14:21:42,354 [pool-38-thread-1] INFO  server.RaftServerConfigKeys (ConfUtils.java:logGet(43)) - raft.server.log.segment.size.max = 1048576 (custom)
2019-09-19 14:21:42,354 [pool-38-thread-1] INFO  server.RaftServerConfigKeys (ConfUtils.java:logGet(43)) - raft.server.log.preallocated.size = 16384 (custom)
2019-09-19 14:21:42,355 [pool-38-thread-1] INFO  server.RaftServerConfigKeys (ConfUtils.java:logGet(43)) - raft.server.log.write.buffer.size = 33554432 (custom)
2019-09-19 14:21:42,355 [pool-38-thread-1] INFO  server.RaftServerConfigKeys (ConfUtils.java:logGet(43)) - raft.server.log.force.sync.num = 128 (default)
2019-09-19 14:21:42,355 [pool-38-thread-1] INFO  server.RaftServerConfigKeys (ConfUtils.java:logGet(43)) - raft.server.log.statemachine.data.sync = true (default)
2019-09-19 14:21:42,355 [pool-38-thread-1] INFO  server.RaftServerConfigKeys (ConfUtils.java:logGet(43)) - raft.server.log.statemachine.data.sync.timeout = 10s (default)
2019-09-19 14:21:42,355 [pool-38-thread-1] INFO  server.RaftServerConfigKeys (ConfUtils.java:logGet(43)) - raft.server.log.statemachine.data.sync.timeout.retry = -1 (default)
2019-09-19 14:21:42,355 [pool-38-thread-1] INFO  server.RaftServerConfigKeys (ConfUtils.java:logGet(43)) - raft.server.log.statemachine.data.caching.enabled = true (custom)
2019-09-19 14:21:42,355 [pool-38-thread-1] INFO  segmented.SegmentedRaftLogWorker (SegmentedRaftLogWorker.java:lambda$new$0(132)) - 5dfaa0ea-416a-422c-a75d-43311aceb00a-SegmentedRaftLogWorker:Storage Directory /workdir/hadoop-ozone/integration-test/target/test-dir/MiniOzoneClusterImpl-210d6028-2152-4683-81ff-347b0d29bb13/datanode-1/data/ratis/2d4b86b3-3a5b-45f3-bc8f-8ee30092736f: flushIndex: setUnconditionally 0 -> -1
2019-09-19 14:21:42,356 [pool-38-thread-1] INFO  server.RaftServerConfigKeys (ConfUtils.java:logGet(43)) - raft.server.snapshot.auto.trigger.enabled = true (custom)
2019-09-19 14:21:42,356 [pool-38-thread-1] INFO  server.RaftServerConfigKeys (ConfUtils.java:logGet(43)) - raft.server.snapshot.auto.trigger.threshold = 10000 (custom)
2019-09-19 14:21:42,356 [pool-38-thread-1] INFO  server.RaftServerConfigKeys (ConfUtils.java:logGet(43)) - raft.server.retrycache.expirytime = 600000ms (custom)
2019-09-19 14:21:42,356 [pool-38-thread-1] INFO  impl.RaftServerImpl (RaftServerImpl.java:start(180)) - 5dfaa0ea-416a-422c-a75d-43311aceb00a: start group-8EE30092736F
2019-09-19 14:21:42,356 [pool-38-thread-1] INFO  impl.RaftServerImpl (RaftServerImpl.java:setRole(171)) - 5dfaa0ea-416a-422c-a75d-43311aceb00a:group-8EE30092736F changes role from null to FOLLOWER at term 0 for startAsFollower
2019-09-19 14:21:42,356 [pool-38-thread-1] INFO  impl.RoleInfo (RoleInfo.java:updateAndGet(143)) - 5dfaa0ea-416a-422c-a75d-43311aceb00a: start FollowerState
2019-09-19 14:21:42,357 [pool-38-thread-1] INFO  util.JmxRegister (JmxRegister.java:tryRegister(44)) - Successfully registered JMX Bean with object name Ratis:service=RaftServer,group=group-8EE30092736F,id=5dfaa0ea-416a-422c-a75d-43311aceb00a
2019-09-19 14:21:42,359 [RatisPipelineUtilsThread] INFO  pipeline.PipelineStateManager (PipelineStateManager.java:addPipeline(56)) - Created pipeline Pipeline[ Id: 2d4b86b3-3a5b-45f3-bc8f-8ee30092736f, Nodes: 5dfaa0ea-416a-422c-a75d-43311aceb00a{ip: 192.168.157.226, host: pr-hdds-1569-swxfz-3172132826, networkLocation: /default-rack, certSerialId: null}, Type:RATIS, Factor:ONE, State:OPEN]
2019-09-19 14:21:42,364 [grpc-default-executor-2] INFO  impl.RaftServerProxy (RaftServerProxy.java:addNew(89)) - 5dfaa0ea-416a-422c-a75d-43311aceb00a: addNew group-9F8238B9215E:[5dfaa0ea-416a-422c-a75d-43311aceb00a:192.168.157.226:45629] returns group-9F8238B9215E:java.util.concurrent.CompletableFuture@55acc140[Not completed]
2019-09-19 14:21:42,365 [pool-38-thread-1] INFO  impl.RaftServerImpl (RaftServerImpl.java:<init>(93)) - 5dfaa0ea-416a-422c-a75d-43311aceb00a: new RaftServerImpl for group-9F8238B9215E:[5dfaa0ea-416a-422c-a75d-43311aceb00a:192.168.157.226:45629] with ContainerStateMachine:uninitialized
2019-09-19 14:21:42,365 [pool-38-thread-1] INFO  server.RaftServerConfigKeys (ConfUtils.java:logGet(43)) - raft.server.rpc.timeout.min = 5s (custom)
2019-09-19 14:21:42,365 [pool-38-thread-1] INFO  server.RaftServerConfigKeys (ConfUtils.java:logGet(43)) - raft.server.rpc.timeout.max = 5200ms (custom)
2019-09-19 14:21:42,365 [pool-38-thread-1] INFO  server.RaftServerConfigKeys (ConfUtils.java:logGet(43)) - raft.server.rpcslowness.timeout = 120s (custom)
2019-09-19 14:21:42,365 [pool-38-thread-1] INFO  server.RaftServerConfigKeys (ConfUtils.java:logGet(43)) - raft.server.sleep.deviation.threshold = 300 (default)
2019-09-19 14:21:42,365 [pool-38-thread-1] INFO  server.RaftServerConfigKeys (ConfUtils.java:logGet(43)) - raft.server.log.appender.install.snapshot.enabled = false (custom)
2019-09-19 14:21:42,366 [pool-38-thread-1] INFO  impl.RaftServerImpl (ServerState.java:<init>(105)) - 5dfaa0ea-416a-422c-a75d-43311aceb00a:group-9F8238B9215E ConfigurationManager, init=-1: [5dfaa0ea-416a-422c-a75d-43311aceb00a:192.168.157.226:45629], old=null, confs=<EMPTY_MAP>
2019-09-19 14:21:42,366 [pool-38-thread-1] INFO  server.RaftServerConfigKeys (ConfUtils.java:logGet(43)) - raft.server.storage.dir = [/workdir/hadoop-ozone/integration-test/target/test-dir/MiniOzoneClusterImpl-210d6028-2152-4683-81ff-347b0d29bb13/datanode-1/data/ratis] (custom)
2019-09-19 14:21:42,366 [pool-38-thread-1] INFO  storage.RaftStorageDirectory (RaftStorageDirectory.java:analyzeStorage(246)) - The storage directory /workdir/hadoop-ozone/integration-test/target/test-dir/MiniOzoneClusterImpl-210d6028-2152-4683-81ff-347b0d29bb13/datanode-1/data/ratis/613f29da-297b-471f-ba42-9f8238b9215e does not exist. Creating ...
2019-09-19 14:21:42,422 [pool-38-thread-1] INFO  storage.RaftStorageDirectory (RaftStorageDirectory.java:tryLock(328)) - Lock on /workdir/hadoop-ozone/integration-test/target/test-dir/MiniOzoneClusterImpl-210d6028-2152-4683-81ff-347b0d29bb13/datanode-1/data/ratis/613f29da-297b-471f-ba42-9f8238b9215e/in_use.lock acquired by nodename 16198@pr-hdds-1569-swxfz-3172132826
2019-09-19 14:21:42,497 [pool-38-thread-1] INFO  storage.RaftStorage (RaftStorage.java:format(72)) - Storage directory /workdir/hadoop-ozone/integration-test/target/test-dir/MiniOzoneClusterImpl-210d6028-2152-4683-81ff-347b0d29bb13/datanode-1/data/ratis/613f29da-297b-471f-ba42-9f8238b9215e has been successfully formatted.
2019-09-19 14:21:42,498 [pool-38-thread-1] INFO  ratis.ContainerStateMachine (ContainerStateMachine.java:loadSnapshot(226)) - group-9F8238B9215E: The snapshot info is null. Setting the last applied indexto:(t:0, i:~)
2019-09-19 14:21:42,498 [pool-38-thread-1] INFO  server.RaftServerConfigKeys (ConfUtils.java:logGet(43)) - raft.server.leader.election.timeout = 120s (custom)
2019-09-19 14:21:42,498 [pool-38-thread-1] INFO  server.RaftServerConfigKeys (ConfUtils.java:logGet(43)) - raft.server.log.use.memory = false (default)
2019-09-19 14:21:42,498 [pool-38-thread-1] INFO  server.RaftServerConfigKeys (ConfUtils.java:logGet(43)) - raft.server.log.purge.gap = 1000000 (custom)
2019-09-19 14:21:42,498 [pool-38-thread-1] INFO  server.RaftServerConfigKeys (ConfUtils.java:logGet(43)) - raft.server.log.appender.buffer.byte-limit = 33554432 (custom)
2019-09-19 14:21:42,498 [pool-38-thread-1] INFO  server.RaftServerConfigKeys (ConfUtils.java:logGet(43)) - raft.server.log.segment.size.max = 1048576 (custom)
2019-09-19 14:21:42,499 [pool-38-thread-1] INFO  server.RaftServerConfigKeys (ConfUtils.java:logGet(43)) - raft.server.log.segment.cache.num.max = 2 (custom)
2019-09-19 14:21:42,499 [pool-38-thread-1] INFO  segmented.SegmentedRaftLogWorker (SegmentedRaftLogWorker.java:<init>(172)) - new 5dfaa0ea-416a-422c-a75d-43311aceb00a-SegmentedRaftLogWorker:Storage Directory /workdir/hadoop-ozone/integration-test/target/test-dir/MiniOzoneClusterImpl-210d6028-2152-4683-81ff-347b0d29bb13/datanode-1/data/ratis/613f29da-297b-471f-ba42-9f8238b9215e for RaftStorage:Storage Directory /workdir/hadoop-ozone/integration-test/target/test-dir/MiniOzoneClusterImpl-210d6028-2152-4683-81ff-347b0d29bb13/datanode-1/data/ratis/613f29da-297b-471f-ba42-9f8238b9215e
2019-09-19 14:21:42,499 [pool-38-thread-1] INFO  server.RaftServerConfigKeys (ConfUtils.java:logGet(43)) - raft.server.log.queue.byte-limit = 2147483647 (custom)
2019-09-19 14:21:42,499 [pool-38-thread-1] INFO  server.RaftServerConfigKeys (ConfUtils.java:logGet(43)) - raft.server.log.queue.element-limit = 1024 (custom)
2019-09-19 14:21:42,499 [pool-38-thread-1] INFO  server.RaftServerConfigKeys (ConfUtils.java:logGet(43)) - raft.server.log.segment.size.max = 1048576 (custom)
2019-09-19 14:21:42,499 [pool-38-thread-1] INFO  server.RaftServerConfigKeys (ConfUtils.java:logGet(43)) - raft.server.log.preallocated.size = 16384 (custom)
2019-09-19 14:21:42,499 [pool-38-thread-1] INFO  server.RaftServerConfigKeys (ConfUtils.java:logGet(43)) - raft.server.log.write.buffer.size = 33554432 (custom)
2019-09-19 14:21:42,499 [pool-38-thread-1] INFO  server.RaftServerConfigKeys (ConfUtils.java:logGet(43)) - raft.server.log.force.sync.num = 128 (default)
2019-09-19 14:21:42,500 [pool-38-thread-1] INFO  server.RaftServerConfigKeys (ConfUtils.java:logGet(43)) - raft.server.log.statemachine.data.sync = true (default)
2019-09-19 14:21:42,500 [pool-38-thread-1] INFO  server.RaftServerConfigKeys (ConfUtils.java:logGet(43)) - raft.server.log.statemachine.data.sync.timeout = 10s (default)
2019-09-19 14:21:42,500 [pool-38-thread-1] INFO  server.RaftServerConfigKeys (ConfUtils.java:logGet(43)) - raft.server.log.statemachine.data.sync.timeout.retry = -1 (default)
2019-09-19 14:21:42,500 [pool-38-thread-1] INFO  server.RaftServerConfigKeys (ConfUtils.java:logGet(43)) - raft.server.log.statemachine.data.caching.enabled = true (custom)
2019-09-19 14:21:42,500 [pool-38-thread-1] INFO  segmented.SegmentedRaftLogWorker (SegmentedRaftLogWorker.java:lambda$new$0(132)) - 5dfaa0ea-416a-422c-a75d-43311aceb00a-SegmentedRaftLogWorker:Storage Directory /workdir/hadoop-ozone/integration-test/target/test-dir/MiniOzoneClusterImpl-210d6028-2152-4683-81ff-347b0d29bb13/datanode-1/data/ratis/613f29da-297b-471f-ba42-9f8238b9215e: flushIndex: setUnconditionally 0 -> -1
2019-09-19 14:21:42,501 [pool-38-thread-1] INFO  server.RaftServerConfigKeys (ConfUtils.java:logGet(43)) - raft.server.snapshot.auto.trigger.enabled = true (custom)
2019-09-19 14:21:42,501 [pool-38-thread-1] INFO  server.RaftServerConfigKeys (ConfUtils.java:logGet(43)) - raft.server.snapshot.auto.trigger.threshold = 10000 (custom)
2019-09-19 14:21:42,501 [pool-38-thread-1] INFO  server.RaftServerConfigKeys (ConfUtils.java:logGet(43)) - raft.server.retrycache.expirytime = 600000ms (custom)
2019-09-19 14:21:42,501 [pool-38-thread-1] INFO  impl.RaftServerImpl (RaftServerImpl.java:start(180)) - 5dfaa0ea-416a-422c-a75d-43311aceb00a: start group-9F8238B9215E
2019-09-19 14:21:42,501 [pool-38-thread-1] INFO  impl.RaftServerImpl (RaftServerImpl.java:setRole(171)) - 5dfaa0ea-416a-422c-a75d-43311aceb00a:group-9F8238B9215E changes role from null to FOLLOWER at term 0 for startAsFollower
2019-09-19 14:21:42,501 [pool-38-thread-1] INFO  impl.RoleInfo (RoleInfo.java:updateAndGet(143)) - 5dfaa0ea-416a-422c-a75d-43311aceb00a: start FollowerState
2019-09-19 14:21:42,502 [pool-38-thread-1] INFO  util.JmxRegister (JmxRegister.java:tryRegister(44)) - Successfully registered JMX Bean with object name Ratis:service=RaftServer,group=group-9F8238B9215E,id=5dfaa0ea-416a-422c-a75d-43311aceb00a
2019-09-19 14:21:42,504 [RatisPipelineUtilsThread] INFO  pipeline.PipelineStateManager (PipelineStateManager.java:addPipeline(56)) - Created pipeline Pipeline[ Id: 613f29da-297b-471f-ba42-9f8238b9215e, Nodes: 5dfaa0ea-416a-422c-a75d-43311aceb00a{ip: 192.168.157.226, host: pr-hdds-1569-swxfz-3172132826, networkLocation: /default-rack, certSerialId: null}, Type:RATIS, Factor:ONE, State:OPEN]
2019-09-19 14:21:42,508 [grpc-default-executor-2] INFO  impl.RaftServerProxy (RaftServerProxy.java:addNew(89)) - 6403e584-2209-453b-b79e-eeb0a7b58516: addNew group-0D5E299A7331:[6403e584-2209-453b-b79e-eeb0a7b58516:192.168.157.226:35833] returns group-0D5E299A7331:java.util.concurrent.CompletableFuture@30578f3e[Not completed]
2019-09-19 14:21:42,509 [pool-60-thread-1] INFO  impl.RaftServerImpl (RaftServerImpl.java:<init>(93)) - 6403e584-2209-453b-b79e-eeb0a7b58516: new RaftServerImpl for group-0D5E299A7331:[6403e584-2209-453b-b79e-eeb0a7b58516:192.168.157.226:35833] with ContainerStateMachine:uninitialized
2019-09-19 14:21:42,509 [pool-60-thread-1] INFO  server.RaftServerConfigKeys (ConfUtils.java:logGet(43)) - raft.server.rpc.timeout.min = 5s (custom)
2019-09-19 14:21:42,509 [pool-60-thread-1] INFO  server.RaftServerConfigKeys (ConfUtils.java:logGet(43)) - raft.server.rpc.timeout.max = 5200ms (custom)
2019-09-19 14:21:42,510 [pool-60-thread-1] INFO  server.RaftServerConfigKeys (ConfUtils.java:logGet(43)) - raft.server.rpcslowness.timeout = 120s (custom)
2019-09-19 14:21:42,510 [pool-60-thread-1] INFO  server.RaftServerConfigKeys (ConfUtils.java:logGet(43)) - raft.server.sleep.deviation.threshold = 300 (default)
2019-09-19 14:21:42,510 [pool-60-thread-1] INFO  server.RaftServerConfigKeys (ConfUtils.java:logGet(43)) - raft.server.log.appender.install.snapshot.enabled = false (custom)
2019-09-19 14:21:42,510 [pool-60-thread-1] INFO  impl.RaftServerImpl (ServerState.java:<init>(105)) - 6403e584-2209-453b-b79e-eeb0a7b58516:group-0D5E299A7331 ConfigurationManager, init=-1: [6403e584-2209-453b-b79e-eeb0a7b58516:192.168.157.226:35833], old=null, confs=<EMPTY_MAP>
2019-09-19 14:21:42,510 [pool-60-thread-1] INFO  server.RaftServerConfigKeys (ConfUtils.java:logGet(43)) - raft.server.storage.dir = [/workdir/hadoop-ozone/integration-test/target/test-dir/MiniOzoneClusterImpl-210d6028-2152-4683-81ff-347b0d29bb13/datanode-3/data/ratis] (custom)
2019-09-19 14:21:42,511 [pool-60-thread-1] INFO  storage.RaftStorageDirectory (RaftStorageDirectory.java:analyzeStorage(246)) - The storage directory /workdir/hadoop-ozone/integration-test/target/test-dir/MiniOzoneClusterImpl-210d6028-2152-4683-81ff-347b0d29bb13/datanode-3/data/ratis/d229195b-d3bd-4feb-ae52-0d5e299a7331 does not exist. Creating ...
2019-09-19 14:21:42,524 [pool-60-thread-1] INFO  storage.RaftStorageDirectory (RaftStorageDirectory.java:tryLock(328)) - Lock on /workdir/hadoop-ozone/integration-test/target/test-dir/MiniOzoneClusterImpl-210d6028-2152-4683-81ff-347b0d29bb13/datanode-3/data/ratis/d229195b-d3bd-4feb-ae52-0d5e299a7331/in_use.lock acquired by nodename 16198@pr-hdds-1569-swxfz-3172132826
2019-09-19 14:21:42,538 [pool-60-thread-1] INFO  storage.RaftStorage (RaftStorage.java:format(72)) - Storage directory /workdir/hadoop-ozone/integration-test/target/test-dir/MiniOzoneClusterImpl-210d6028-2152-4683-81ff-347b0d29bb13/datanode-3/data/ratis/d229195b-d3bd-4feb-ae52-0d5e299a7331 has been successfully formatted.
2019-09-19 14:21:42,538 [pool-60-thread-1] INFO  ratis.ContainerStateMachine (ContainerStateMachine.java:loadSnapshot(226)) - group-0D5E299A7331: The snapshot info is null. Setting the last applied indexto:(t:0, i:~)
2019-09-19 14:21:42,538 [pool-60-thread-1] INFO  server.RaftServerConfigKeys (ConfUtils.java:logGet(43)) - raft.server.leader.election.timeout = 120s (custom)
2019-09-19 14:21:42,538 [pool-60-thread-1] INFO  server.RaftServerConfigKeys (ConfUtils.java:logGet(43)) - raft.server.log.use.memory = false (default)
2019-09-19 14:21:42,538 [pool-60-thread-1] INFO  server.RaftServerConfigKeys (ConfUtils.java:logGet(43)) - raft.server.log.purge.gap = 1000000 (custom)
2019-09-19 14:21:42,538 [pool-60-thread-1] INFO  server.RaftServerConfigKeys (ConfUtils.java:logGet(43)) - raft.server.log.appender.buffer.byte-limit = 33554432 (custom)
2019-09-19 14:21:42,538 [pool-60-thread-1] INFO  server.RaftServerConfigKeys (ConfUtils.java:logGet(43)) - raft.server.log.segment.size.max = 1048576 (custom)
2019-09-19 14:21:42,539 [pool-60-thread-1] INFO  server.RaftServerConfigKeys (ConfUtils.java:logGet(43)) - raft.server.log.segment.cache.num.max = 2 (custom)
2019-09-19 14:21:42,539 [pool-60-thread-1] INFO  segmented.SegmentedRaftLogWorker (SegmentedRaftLogWorker.java:<init>(172)) - new 6403e584-2209-453b-b79e-eeb0a7b58516-SegmentedRaftLogWorker:Storage Directory /workdir/hadoop-ozone/integration-test/target/test-dir/MiniOzoneClusterImpl-210d6028-2152-4683-81ff-347b0d29bb13/datanode-3/data/ratis/d229195b-d3bd-4feb-ae52-0d5e299a7331 for RaftStorage:Storage Directory /workdir/hadoop-ozone/integration-test/target/test-dir/MiniOzoneClusterImpl-210d6028-2152-4683-81ff-347b0d29bb13/datanode-3/data/ratis/d229195b-d3bd-4feb-ae52-0d5e299a7331
2019-09-19 14:21:42,539 [pool-60-thread-1] INFO  server.RaftServerConfigKeys (ConfUtils.java:logGet(43)) - raft.server.log.queue.byte-limit = 2147483647 (custom)
2019-09-19 14:21:42,539 [pool-60-thread-1] INFO  server.RaftServerConfigKeys (ConfUtils.java:logGet(43)) - raft.server.log.queue.element-limit = 1024 (custom)
2019-09-19 14:21:42,539 [pool-60-thread-1] INFO  server.RaftServerConfigKeys (ConfUtils.java:logGet(43)) - raft.server.log.segment.size.max = 1048576 (custom)
2019-09-19 14:21:42,539 [pool-60-thread-1] INFO  server.RaftServerConfigKeys (ConfUtils.java:logGet(43)) - raft.server.log.preallocated.size = 16384 (custom)
2019-09-19 14:21:42,539 [pool-60-thread-1] INFO  server.RaftServerConfigKeys (ConfUtils.java:logGet(43)) - raft.server.log.write.buffer.size = 33554432 (custom)
2019-09-19 14:21:42,539 [pool-60-thread-1] INFO  server.RaftServerConfigKeys (ConfUtils.java:logGet(43)) - raft.server.log.force.sync.num = 128 (default)
2019-09-19 14:21:42,539 [pool-60-thread-1] INFO  server.RaftServerConfigKeys (ConfUtils.java:logGet(43)) - raft.server.log.statemachine.data.sync = true (default)
2019-09-19 14:21:42,540 [pool-60-thread-1] INFO  server.RaftServerConfigKeys (ConfUtils.java:logGet(43)) - raft.server.log.statemachine.data.sync.timeout = 10s (default)
2019-09-19 14:21:42,540 [pool-60-thread-1] INFO  server.RaftServerConfigKeys (ConfUtils.java:logGet(43)) - raft.server.log.statemachine.data.sync.timeout.retry = -1 (default)
2019-09-19 14:21:42,540 [pool-60-thread-1] INFO  server.RaftServerConfigKeys (ConfUtils.java:logGet(43)) - raft.server.log.statemachine.data.caching.enabled = true (custom)
2019-09-19 14:21:42,540 [pool-60-thread-1] INFO  segmented.SegmentedRaftLogWorker (SegmentedRaftLogWorker.java:lambda$new$0(132)) - 6403e584-2209-453b-b79e-eeb0a7b58516-SegmentedRaftLogWorker:Storage Directory /workdir/hadoop-ozone/integration-test/target/test-dir/MiniOzoneClusterImpl-210d6028-2152-4683-81ff-347b0d29bb13/datanode-3/data/ratis/d229195b-d3bd-4feb-ae52-0d5e299a7331: flushIndex: setUnconditionally 0 -> -1
2019-09-19 14:21:42,540 [pool-60-thread-1] INFO  server.RaftServerConfigKeys (ConfUtils.java:logGet(43)) - raft.server.snapshot.auto.trigger.enabled = true (custom)
2019-09-19 14:21:42,541 [pool-60-thread-1] INFO  server.RaftServerConfigKeys (ConfUtils.java:logGet(43)) - raft.server.snapshot.auto.trigger.threshold = 10000 (custom)
2019-09-19 14:21:42,541 [pool-60-thread-1] INFO  server.RaftServerConfigKeys (ConfUtils.java:logGet(43)) - raft.server.retrycache.expirytime = 600000ms (custom)
2019-09-19 14:21:42,541 [pool-60-thread-1] INFO  impl.RaftServerImpl (RaftServerImpl.java:start(180)) - 6403e584-2209-453b-b79e-eeb0a7b58516: start group-0D5E299A7331
2019-09-19 14:21:42,541 [pool-60-thread-1] INFO  impl.RaftServerImpl (RaftServerImpl.java:setRole(171)) - 6403e584-2209-453b-b79e-eeb0a7b58516:group-0D5E299A7331 changes role from null to FOLLOWER at term 0 for startAsFollower
2019-09-19 14:21:42,541 [pool-60-thread-1] INFO  impl.RoleInfo (RoleInfo.java:updateAndGet(143)) - 6403e584-2209-453b-b79e-eeb0a7b58516: start FollowerState
2019-09-19 14:21:42,541 [pool-60-thread-1] INFO  util.JmxRegister (JmxRegister.java:tryRegister(44)) - Successfully registered JMX Bean with object name Ratis:service=RaftServer,group=group-0D5E299A7331,id=6403e584-2209-453b-b79e-eeb0a7b58516
2019-09-19 14:21:42,543 [RatisPipelineUtilsThread] INFO  pipeline.PipelineStateManager (PipelineStateManager.java:addPipeline(56)) - Created pipeline Pipeline[ Id: d229195b-d3bd-4feb-ae52-0d5e299a7331, Nodes: 6403e584-2209-453b-b79e-eeb0a7b58516{ip: 192.168.157.226, host: pr-hdds-1569-swxfz-3172132826, networkLocation: /default-rack, certSerialId: null}, Type:RATIS, Factor:ONE, State:OPEN]
2019-09-19 14:21:42,547 [grpc-default-executor-2] INFO  impl.RaftServerProxy (RaftServerProxy.java:addNew(89)) - 6403e584-2209-453b-b79e-eeb0a7b58516: addNew group-DA1F723C087E:[6403e584-2209-453b-b79e-eeb0a7b58516:192.168.157.226:35833] returns group-DA1F723C087E:java.util.concurrent.CompletableFuture@3861814d[Not completed]
2019-09-19 14:21:42,548 [pool-60-thread-1] INFO  impl.RaftServerImpl (RaftServerImpl.java:<init>(93)) - 6403e584-2209-453b-b79e-eeb0a7b58516: new RaftServerImpl for group-DA1F723C087E:[6403e584-2209-453b-b79e-eeb0a7b58516:192.168.157.226:35833] with ContainerStateMachine:uninitialized
2019-09-19 14:21:42,548 [pool-60-thread-1] INFO  server.RaftServerConfigKeys (ConfUtils.java:logGet(43)) - raft.server.rpc.timeout.min = 5s (custom)
2019-09-19 14:21:42,549 [pool-60-thread-1] INFO  server.RaftServerConfigKeys (ConfUtils.java:logGet(43)) - raft.server.rpc.timeout.max = 5200ms (custom)
2019-09-19 14:21:42,549 [pool-60-thread-1] INFO  server.RaftServerConfigKeys (ConfUtils.java:logGet(43)) - raft.server.rpcslowness.timeout = 120s (custom)
2019-09-19 14:21:42,549 [pool-60-thread-1] INFO  server.RaftServerConfigKeys (ConfUtils.java:logGet(43)) - raft.server.sleep.deviation.threshold = 300 (default)
2019-09-19 14:21:42,549 [pool-60-thread-1] INFO  server.RaftServerConfigKeys (ConfUtils.java:logGet(43)) - raft.server.log.appender.install.snapshot.enabled = false (custom)
2019-09-19 14:21:42,549 [pool-60-thread-1] INFO  impl.RaftServerImpl (ServerState.java:<init>(105)) - 6403e584-2209-453b-b79e-eeb0a7b58516:group-DA1F723C087E ConfigurationManager, init=-1: [6403e584-2209-453b-b79e-eeb0a7b58516:192.168.157.226:35833], old=null, confs=<EMPTY_MAP>
2019-09-19 14:21:42,549 [pool-60-thread-1] INFO  server.RaftServerConfigKeys (ConfUtils.java:logGet(43)) - raft.server.storage.dir = [/workdir/hadoop-ozone/integration-test/target/test-dir/MiniOzoneClusterImpl-210d6028-2152-4683-81ff-347b0d29bb13/datanode-3/data/ratis] (custom)
2019-09-19 14:21:42,550 [pool-60-thread-1] INFO  storage.RaftStorageDirectory (RaftStorageDirectory.java:analyzeStorage(246)) - The storage directory /workdir/hadoop-ozone/integration-test/target/test-dir/MiniOzoneClusterImpl-210d6028-2152-4683-81ff-347b0d29bb13/datanode-3/data/ratis/12af7614-f07b-4a7a-b214-da1f723c087e does not exist. Creating ...
2019-09-19 14:21:42,563 [pool-60-thread-1] INFO  storage.RaftStorageDirectory (RaftStorageDirectory.java:tryLock(328)) - Lock on /workdir/hadoop-ozone/integration-test/target/test-dir/MiniOzoneClusterImpl-210d6028-2152-4683-81ff-347b0d29bb13/datanode-3/data/ratis/12af7614-f07b-4a7a-b214-da1f723c087e/in_use.lock acquired by nodename 16198@pr-hdds-1569-swxfz-3172132826
2019-09-19 14:21:42,602 [pool-60-thread-1] INFO  storage.RaftStorage (RaftStorage.java:format(72)) - Storage directory /workdir/hadoop-ozone/integration-test/target/test-dir/MiniOzoneClusterImpl-210d6028-2152-4683-81ff-347b0d29bb13/datanode-3/data/ratis/12af7614-f07b-4a7a-b214-da1f723c087e has been successfully formatted.
2019-09-19 14:21:42,603 [pool-60-thread-1] INFO  ratis.ContainerStateMachine (ContainerStateMachine.java:loadSnapshot(226)) - group-DA1F723C087E: The snapshot info is null. Setting the last applied indexto:(t:0, i:~)
2019-09-19 14:21:42,603 [pool-60-thread-1] INFO  server.RaftServerConfigKeys (ConfUtils.java:logGet(43)) - raft.server.leader.election.timeout = 120s (custom)
2019-09-19 14:21:42,603 [pool-60-thread-1] INFO  server.RaftServerConfigKeys (ConfUtils.java:logGet(43)) - raft.server.log.use.memory = false (default)
2019-09-19 14:21:42,603 [pool-60-thread-1] INFO  server.RaftServerConfigKeys (ConfUtils.java:logGet(43)) - raft.server.log.purge.gap = 1000000 (custom)
2019-09-19 14:21:42,603 [pool-60-thread-1] INFO  server.RaftServerConfigKeys (ConfUtils.java:logGet(43)) - raft.server.log.appender.buffer.byte-limit = 33554432 (custom)
2019-09-19 14:21:42,603 [pool-60-thread-1] INFO  server.RaftServerConfigKeys (ConfUtils.java:logGet(43)) - raft.server.log.segment.size.max = 1048576 (custom)
2019-09-19 14:21:42,604 [pool-60-thread-1] INFO  server.RaftServerConfigKeys (ConfUtils.java:logGet(43)) - raft.server.log.segment.cache.num.max = 2 (custom)
2019-09-19 14:21:42,604 [pool-60-thread-1] INFO  segmented.SegmentedRaftLogWorker (SegmentedRaftLogWorker.java:<init>(172)) - new 6403e584-2209-453b-b79e-eeb0a7b58516-SegmentedRaftLogWorker:Storage Directory /workdir/hadoop-ozone/integration-test/target/test-dir/MiniOzoneClusterImpl-210d6028-2152-4683-81ff-347b0d29bb13/datanode-3/data/ratis/12af7614-f07b-4a7a-b214-da1f723c087e for RaftStorage:Storage Directory /workdir/hadoop-ozone/integration-test/target/test-dir/MiniOzoneClusterImpl-210d6028-2152-4683-81ff-347b0d29bb13/datanode-3/data/ratis/12af7614-f07b-4a7a-b214-da1f723c087e
2019-09-19 14:21:42,604 [pool-60-thread-1] INFO  server.RaftServerConfigKeys (ConfUtils.java:logGet(43)) - raft.server.log.queue.byte-limit = 2147483647 (custom)
2019-09-19 14:21:42,604 [pool-60-thread-1] INFO  server.RaftServerConfigKeys (ConfUtils.java:logGet(43)) - raft.server.log.queue.element-limit = 1024 (custom)
2019-09-19 14:21:42,604 [pool-60-thread-1] INFO  server.RaftServerConfigKeys (ConfUtils.java:logGet(43)) - raft.server.log.segment.size.max = 1048576 (custom)
2019-09-19 14:21:42,604 [pool-60-thread-1] INFO  server.RaftServerConfigKeys (ConfUtils.java:logGet(43)) - raft.server.log.preallocated.size = 16384 (custom)
2019-09-19 14:21:42,604 [pool-60-thread-1] INFO  server.RaftServerConfigKeys (ConfUtils.java:logGet(43)) - raft.server.log.write.buffer.size = 33554432 (custom)
2019-09-19 14:21:42,605 [pool-60-thread-1] INFO  server.RaftServerConfigKeys (ConfUtils.java:logGet(43)) - raft.server.log.force.sync.num = 128 (default)
2019-09-19 14:21:42,605 [pool-60-thread-1] INFO  server.RaftServerConfigKeys (ConfUtils.java:logGet(43)) - raft.server.log.statemachine.data.sync = true (default)
2019-09-19 14:21:42,605 [pool-60-thread-1] INFO  server.RaftServerConfigKeys (ConfUtils.java:logGet(43)) - raft.server.log.statemachine.data.sync.timeout = 10s (default)
2019-09-19 14:21:42,605 [pool-60-thread-1] INFO  server.RaftServerConfigKeys (ConfUtils.java:logGet(43)) - raft.server.log.statemachine.data.sync.timeout.retry = -1 (default)
2019-09-19 14:21:42,605 [pool-60-thread-1] INFO  server.RaftServerConfigKeys (ConfUtils.java:logGet(43)) - raft.server.log.statemachine.data.caching.enabled = true (custom)
2019-09-19 14:21:42,605 [pool-60-thread-1] INFO  segmented.SegmentedRaftLogWorker (SegmentedRaftLogWorker.java:lambda$new$0(132)) - 6403e584-2209-453b-b79e-eeb0a7b58516-SegmentedRaftLogWorker:Storage Directory /workdir/hadoop-ozone/integration-test/target/test-dir/MiniOzoneClusterImpl-210d6028-2152-4683-81ff-347b0d29bb13/datanode-3/data/ratis/12af7614-f07b-4a7a-b214-da1f723c087e: flushIndex: setUnconditionally 0 -> -1
2019-09-19 14:21:42,605 [pool-60-thread-1] INFO  server.RaftServerConfigKeys (ConfUtils.java:logGet(43)) - raft.server.snapshot.auto.trigger.enabled = true (custom)
2019-09-19 14:21:42,606 [pool-60-thread-1] INFO  server.RaftServerConfigKeys (ConfUtils.java:logGet(43)) - raft.server.snapshot.auto.trigger.threshold = 10000 (custom)
2019-09-19 14:21:42,606 [pool-60-thread-1] INFO  server.RaftServerConfigKeys (ConfUtils.java:logGet(43)) - raft.server.retrycache.expirytime = 600000ms (custom)
2019-09-19 14:21:42,606 [pool-60-thread-1] INFO  impl.RaftServerImpl (RaftServerImpl.java:start(180)) - 6403e584-2209-453b-b79e-eeb0a7b58516: start group-DA1F723C087E
2019-09-19 14:21:42,606 [pool-60-thread-1] INFO  impl.RaftServerImpl (RaftServerImpl.java:setRole(171)) - 6403e584-2209-453b-b79e-eeb0a7b58516:group-DA1F723C087E changes role from null to FOLLOWER at term 0 for startAsFollower
2019-09-19 14:21:42,606 [pool-60-thread-1] INFO  impl.RoleInfo (RoleInfo.java:updateAndGet(143)) - 6403e584-2209-453b-b79e-eeb0a7b58516: start FollowerState
2019-09-19 14:21:42,606 [pool-60-thread-1] INFO  util.JmxRegister (JmxRegister.java:tryRegister(44)) - Successfully registered JMX Bean with object name Ratis:service=RaftServer,group=group-DA1F723C087E,id=6403e584-2209-453b-b79e-eeb0a7b58516
2019-09-19 14:21:42,608 [RatisPipelineUtilsThread] INFO  pipeline.PipelineStateManager (PipelineStateManager.java:addPipeline(56)) - Created pipeline Pipeline[ Id: 12af7614-f07b-4a7a-b214-da1f723c087e, Nodes: 6403e584-2209-453b-b79e-eeb0a7b58516{ip: 192.168.157.226, host: pr-hdds-1569-swxfz-3172132826, networkLocation: /default-rack, certSerialId: null}, Type:RATIS, Factor:ONE, State:OPEN]
2019-09-19 14:21:42,613 [grpc-default-executor-2] INFO  impl.RaftServerProxy (RaftServerProxy.java:addNew(89)) - 85c6a9f3-b9a5-43a5-ac4f-9aa7bd5f2263: addNew group-CD6B5254D037:[85c6a9f3-b9a5-43a5-ac4f-9aa7bd5f2263:192.168.157.226:45170] returns group-CD6B5254D037:java.util.concurrent.CompletableFuture@1a66e407[Not completed]
2019-09-19 14:21:42,613 [pool-27-thread-1] INFO  impl.RaftServerImpl (RaftServerImpl.java:<init>(93)) - 85c6a9f3-b9a5-43a5-ac4f-9aa7bd5f2263: new RaftServerImpl for group-CD6B5254D037:[85c6a9f3-b9a5-43a5-ac4f-9aa7bd5f2263:192.168.157.226:45170] with ContainerStateMachine:uninitialized
2019-09-19 14:21:42,614 [pool-27-thread-1] INFO  server.RaftServerConfigKeys (ConfUtils.java:logGet(43)) - raft.server.rpc.timeout.min = 5s (custom)
2019-09-19 14:21:42,614 [pool-27-thread-1] INFO  server.RaftServerConfigKeys (ConfUtils.java:logGet(43)) - raft.server.rpc.timeout.max = 5200ms (custom)
2019-09-19 14:21:42,614 [pool-27-thread-1] INFO  server.RaftServerConfigKeys (ConfUtils.java:logGet(43)) - raft.server.rpcslowness.timeout = 120s (custom)
2019-09-19 14:21:42,614 [pool-27-thread-1] INFO  server.RaftServerConfigKeys (ConfUtils.java:logGet(43)) - raft.server.sleep.deviation.threshold = 300 (default)
2019-09-19 14:21:42,614 [pool-27-thread-1] INFO  server.RaftServerConfigKeys (ConfUtils.java:logGet(43)) - raft.server.log.appender.install.snapshot.enabled = false (custom)
2019-09-19 14:21:42,614 [pool-27-thread-1] INFO  impl.RaftServerImpl (ServerState.java:<init>(105)) - 85c6a9f3-b9a5-43a5-ac4f-9aa7bd5f2263:group-CD6B5254D037 ConfigurationManager, init=-1: [85c6a9f3-b9a5-43a5-ac4f-9aa7bd5f2263:192.168.157.226:45170], old=null, confs=<EMPTY_MAP>
2019-09-19 14:21:42,614 [pool-27-thread-1] INFO  server.RaftServerConfigKeys (ConfUtils.java:logGet(43)) - raft.server.storage.dir = [/workdir/hadoop-ozone/integration-test/target/test-dir/MiniOzoneClusterImpl-210d6028-2152-4683-81ff-347b0d29bb13/datanode-0/data/ratis] (custom)
2019-09-19 14:21:42,615 [pool-27-thread-1] INFO  storage.RaftStorageDirectory (RaftStorageDirectory.java:analyzeStorage(246)) - The storage directory /workdir/hadoop-ozone/integration-test/target/test-dir/MiniOzoneClusterImpl-210d6028-2152-4683-81ff-347b0d29bb13/datanode-0/data/ratis/b458f3f0-e271-4946-a442-cd6b5254d037 does not exist. Creating ...
2019-09-19 14:21:42,684 [pool-27-thread-1] INFO  storage.RaftStorageDirectory (RaftStorageDirectory.java:tryLock(328)) - Lock on /workdir/hadoop-ozone/integration-test/target/test-dir/MiniOzoneClusterImpl-210d6028-2152-4683-81ff-347b0d29bb13/datanode-0/data/ratis/b458f3f0-e271-4946-a442-cd6b5254d037/in_use.lock acquired by nodename 16198@pr-hdds-1569-swxfz-3172132826
2019-09-19 14:21:42,765 [pool-27-thread-1] INFO  storage.RaftStorage (RaftStorage.java:format(72)) - Storage directory /workdir/hadoop-ozone/integration-test/target/test-dir/MiniOzoneClusterImpl-210d6028-2152-4683-81ff-347b0d29bb13/datanode-0/data/ratis/b458f3f0-e271-4946-a442-cd6b5254d037 has been successfully formatted.
2019-09-19 14:21:42,765 [pool-27-thread-1] INFO  ratis.ContainerStateMachine (ContainerStateMachine.java:loadSnapshot(226)) - group-CD6B5254D037: The snapshot info is null. Setting the last applied indexto:(t:0, i:~)
2019-09-19 14:21:42,765 [pool-27-thread-1] INFO  server.RaftServerConfigKeys (ConfUtils.java:logGet(43)) - raft.server.leader.election.timeout = 120s (custom)
2019-09-19 14:21:42,766 [pool-27-thread-1] INFO  server.RaftServerConfigKeys (ConfUtils.java:logGet(43)) - raft.server.log.use.memory = false (default)
2019-09-19 14:21:42,766 [pool-27-thread-1] INFO  server.RaftServerConfigKeys (ConfUtils.java:logGet(43)) - raft.server.log.purge.gap = 1000000 (custom)
2019-09-19 14:21:42,766 [pool-27-thread-1] INFO  server.RaftServerConfigKeys (ConfUtils.java:logGet(43)) - raft.server.log.appender.buffer.byte-limit = 33554432 (custom)
2019-09-19 14:21:42,766 [pool-27-thread-1] INFO  server.RaftServerConfigKeys (ConfUtils.java:logGet(43)) - raft.server.log.segment.size.max = 1048576 (custom)
2019-09-19 14:21:42,766 [pool-27-thread-1] INFO  server.RaftServerConfigKeys (ConfUtils.java:logGet(43)) - raft.server.log.segment.cache.num.max = 2 (custom)
2019-09-19 14:21:42,766 [pool-27-thread-1] INFO  segmented.SegmentedRaftLogWorker (SegmentedRaftLogWorker.java:<init>(172)) - new 85c6a9f3-b9a5-43a5-ac4f-9aa7bd5f2263-SegmentedRaftLogWorker:Storage Directory /workdir/hadoop-ozone/integration-test/target/test-dir/MiniOzoneClusterImpl-210d6028-2152-4683-81ff-347b0d29bb13/datanode-0/data/ratis/b458f3f0-e271-4946-a442-cd6b5254d037 for RaftStorage:Storage Directory /workdir/hadoop-ozone/integration-test/target/test-dir/MiniOzoneClusterImpl-210d6028-2152-4683-81ff-347b0d29bb13/datanode-0/data/ratis/b458f3f0-e271-4946-a442-cd6b5254d037
2019-09-19 14:21:42,766 [pool-27-thread-1] INFO  server.RaftServerConfigKeys (ConfUtils.java:logGet(43)) - raft.server.log.queue.byte-limit = 2147483647 (custom)
2019-09-19 14:21:42,767 [pool-27-thread-1] INFO  server.RaftServerConfigKeys (ConfUtils.java:logGet(43)) - raft.server.log.queue.element-limit = 1024 (custom)
2019-09-19 14:21:42,767 [pool-27-thread-1] INFO  server.RaftServerConfigKeys (ConfUtils.java:logGet(43)) - raft.server.log.segment.size.max = 1048576 (custom)
2019-09-19 14:21:42,767 [pool-27-thread-1] INFO  server.RaftServerConfigKeys (ConfUtils.java:logGet(43)) - raft.server.log.preallocated.size = 16384 (custom)
2019-09-19 14:21:42,767 [pool-27-thread-1] INFO  server.RaftServerConfigKeys (ConfUtils.java:logGet(43)) - raft.server.log.write.buffer.size = 33554432 (custom)
2019-09-19 14:21:42,767 [pool-27-thread-1] INFO  server.RaftServerConfigKeys (ConfUtils.java:logGet(43)) - raft.server.log.force.sync.num = 128 (default)
2019-09-19 14:21:42,767 [pool-27-thread-1] INFO  server.RaftServerConfigKeys (ConfUtils.java:logGet(43)) - raft.server.log.statemachine.data.sync = true (default)
2019-09-19 14:21:42,768 [pool-27-thread-1] INFO  server.RaftServerConfigKeys (ConfUtils.java:logGet(43)) - raft.server.log.statemachine.data.sync.timeout = 10s (default)
2019-09-19 14:21:42,768 [pool-27-thread-1] INFO  server.RaftServerConfigKeys (ConfUtils.java:logGet(43)) - raft.server.log.statemachine.data.sync.timeout.retry = -1 (default)
2019-09-19 14:21:42,768 [pool-27-thread-1] INFO  server.RaftServerConfigKeys (ConfUtils.java:logGet(43)) - raft.server.log.statemachine.data.caching.enabled = true (custom)
2019-09-19 14:21:42,768 [pool-27-thread-1] INFO  segmented.SegmentedRaftLogWorker (SegmentedRaftLogWorker.java:lambda$new$0(132)) - 85c6a9f3-b9a5-43a5-ac4f-9aa7bd5f2263-SegmentedRaftLogWorker:Storage Directory /workdir/hadoop-ozone/integration-test/target/test-dir/MiniOzoneClusterImpl-210d6028-2152-4683-81ff-347b0d29bb13/datanode-0/data/ratis/b458f3f0-e271-4946-a442-cd6b5254d037: flushIndex: setUnconditionally 0 -> -1
2019-09-19 14:21:42,769 [pool-27-thread-1] INFO  server.RaftServerConfigKeys (ConfUtils.java:logGet(43)) - raft.server.snapshot.auto.trigger.enabled = true (custom)
2019-09-19 14:21:42,769 [pool-27-thread-1] INFO  server.RaftServerConfigKeys (ConfUtils.java:logGet(43)) - raft.server.snapshot.auto.trigger.threshold = 10000 (custom)
2019-09-19 14:21:42,769 [pool-27-thread-1] INFO  server.RaftServerConfigKeys (ConfUtils.java:logGet(43)) - raft.server.retrycache.expirytime = 600000ms (custom)
2019-09-19 14:21:42,769 [pool-27-thread-1] INFO  impl.RaftServerImpl (RaftServerImpl.java:start(180)) - 85c6a9f3-b9a5-43a5-ac4f-9aa7bd5f2263: start group-CD6B5254D037
2019-09-19 14:21:42,769 [pool-27-thread-1] INFO  impl.RaftServerImpl (RaftServerImpl.java:setRole(171)) - 85c6a9f3-b9a5-43a5-ac4f-9aa7bd5f2263:group-CD6B5254D037 changes role from null to FOLLOWER at term 0 for startAsFollower
2019-09-19 14:21:42,769 [pool-27-thread-1] INFO  impl.RoleInfo (RoleInfo.java:updateAndGet(143)) - 85c6a9f3-b9a5-43a5-ac4f-9aa7bd5f2263: start FollowerState
2019-09-19 14:21:42,770 [pool-27-thread-1] INFO  util.JmxRegister (JmxRegister.java:tryRegister(44)) - Successfully registered JMX Bean with object name Ratis:service=RaftServer,group=group-CD6B5254D037,id=85c6a9f3-b9a5-43a5-ac4f-9aa7bd5f2263
2019-09-19 14:21:42,772 [RatisPipelineUtilsThread] INFO  pipeline.PipelineStateManager (PipelineStateManager.java:addPipeline(56)) - Created pipeline Pipeline[ Id: b458f3f0-e271-4946-a442-cd6b5254d037, Nodes: 85c6a9f3-b9a5-43a5-ac4f-9aa7bd5f2263{ip: 192.168.157.226, host: pr-hdds-1569-swxfz-3172132826, networkLocation: /default-rack, certSerialId: null}, Type:RATIS, Factor:ONE, State:OPEN]
2019-09-19 14:21:42,776 [grpc-default-executor-2] INFO  impl.RaftServerProxy (RaftServerProxy.java:addNew(89)) - 5dfaa0ea-416a-422c-a75d-43311aceb00a: addNew group-86D4C63C40C2:[5dfaa0ea-416a-422c-a75d-43311aceb00a:192.168.157.226:45629] returns group-86D4C63C40C2:java.util.concurrent.CompletableFuture@2dc4dfa[Not completed]
2019-09-19 14:21:42,776 [pool-38-thread-1] INFO  impl.RaftServerImpl (RaftServerImpl.java:<init>(93)) - 5dfaa0ea-416a-422c-a75d-43311aceb00a: new RaftServerImpl for group-86D4C63C40C2:[5dfaa0ea-416a-422c-a75d-43311aceb00a:192.168.157.226:45629] with ContainerStateMachine:uninitialized
2019-09-19 14:21:42,776 [pool-38-thread-1] INFO  server.RaftServerConfigKeys (ConfUtils.java:logGet(43)) - raft.server.rpc.timeout.min = 5s (custom)
2019-09-19 14:21:42,777 [pool-38-thread-1] INFO  server.RaftServerConfigKeys (ConfUtils.java:logGet(43)) - raft.server.rpc.timeout.max = 5200ms (custom)
2019-09-19 14:21:42,777 [pool-38-thread-1] INFO  server.RaftServerConfigKeys (ConfUtils.java:logGet(43)) - raft.server.rpcslowness.timeout = 120s (custom)
2019-09-19 14:21:42,777 [pool-38-thread-1] INFO  server.RaftServerConfigKeys (ConfUtils.java:logGet(43)) - raft.server.sleep.deviation.threshold = 300 (default)
2019-09-19 14:21:42,777 [pool-38-thread-1] INFO  server.RaftServerConfigKeys (ConfUtils.java:logGet(43)) - raft.server.log.appender.install.snapshot.enabled = false (custom)
2019-09-19 14:21:42,777 [pool-38-thread-1] INFO  impl.RaftServerImpl (ServerState.java:<init>(105)) - 5dfaa0ea-416a-422c-a75d-43311aceb00a:group-86D4C63C40C2 ConfigurationManager, init=-1: [5dfaa0ea-416a-422c-a75d-43311aceb00a:192.168.157.226:45629], old=null, confs=<EMPTY_MAP>
2019-09-19 14:21:42,777 [pool-38-thread-1] INFO  server.RaftServerConfigKeys (ConfUtils.java:logGet(43)) - raft.server.storage.dir = [/workdir/hadoop-ozone/integration-test/target/test-dir/MiniOzoneClusterImpl-210d6028-2152-4683-81ff-347b0d29bb13/datanode-1/data/ratis] (custom)
2019-09-19 14:21:42,777 [pool-38-thread-1] INFO  storage.RaftStorageDirectory (RaftStorageDirectory.java:analyzeStorage(246)) - The storage directory /workdir/hadoop-ozone/integration-test/target/test-dir/MiniOzoneClusterImpl-210d6028-2152-4683-81ff-347b0d29bb13/datanode-1/data/ratis/5cd0559d-1b42-41ad-bb8e-86d4c63c40c2 does not exist. Creating ...
2019-09-19 14:21:42,836 [pool-38-thread-1] INFO  storage.RaftStorageDirectory (RaftStorageDirectory.java:tryLock(328)) - Lock on /workdir/hadoop-ozone/integration-test/target/test-dir/MiniOzoneClusterImpl-210d6028-2152-4683-81ff-347b0d29bb13/datanode-1/data/ratis/5cd0559d-1b42-41ad-bb8e-86d4c63c40c2/in_use.lock acquired by nodename 16198@pr-hdds-1569-swxfz-3172132826
2019-09-19 14:21:42,869 | INFO  | SCMAudit | user=jenkins1000 | ip=192.168.157.226 | op=SEND_HEARTBEAT {datanodeUUID=431517c4-8c09-4790-b37b-2e132c8143ad, command=[]} | ret=SUCCESS |  
2019-09-19 14:21:42,869 | INFO  | SCMAudit | user=jenkins1000 | ip=192.168.157.226 | op=SEND_HEARTBEAT {datanodeUUID=85c6a9f3-b9a5-43a5-ac4f-9aa7bd5f2263, command=[]} | ret=SUCCESS |  
2019-09-19 14:21:42,869 | INFO  | SCMAudit | user=jenkins1000 | ip=192.168.157.226 | op=SEND_HEARTBEAT {datanodeUUID=5dfaa0ea-416a-422c-a75d-43311aceb00a, command=[]} | ret=SUCCESS |  
2019-09-19 14:21:42,869 | INFO  | SCMAudit | user=jenkins1000 | ip=192.168.157.226 | op=SEND_HEARTBEAT {datanodeUUID=56d21ab3-8f6d-44ea-b961-c721a1c09246, command=[]} | ret=SUCCESS |  
2019-09-19 14:21:42,870 | INFO  | SCMAudit | user=jenkins1000 | ip=192.168.157.226 | op=SEND_HEARTBEAT {datanodeUUID=1190b9a7-12b1-4c15-b33e-f7d0a0cd436c, command=[]} | ret=SUCCESS |  
2019-09-19 14:21:42,908 [pool-38-thread-1] INFO  storage.RaftStorage (RaftStorage.java:format(72)) - Storage directory /workdir/hadoop-ozone/integration-test/target/test-dir/MiniOzoneClusterImpl-210d6028-2152-4683-81ff-347b0d29bb13/datanode-1/data/ratis/5cd0559d-1b42-41ad-bb8e-86d4c63c40c2 has been successfully formatted.
2019-09-19 14:21:42,908 [pool-38-thread-1] INFO  ratis.ContainerStateMachine (ContainerStateMachine.java:loadSnapshot(226)) - group-86D4C63C40C2: The snapshot info is null. Setting the last applied indexto:(t:0, i:~)
2019-09-19 14:21:42,909 [pool-38-thread-1] INFO  server.RaftServerConfigKeys (ConfUtils.java:logGet(43)) - raft.server.leader.election.timeout = 120s (custom)
2019-09-19 14:21:42,909 [pool-38-thread-1] INFO  server.RaftServerConfigKeys (ConfUtils.java:logGet(43)) - raft.server.log.use.memory = false (default)
2019-09-19 14:21:42,909 [pool-38-thread-1] INFO  server.RaftServerConfigKeys (ConfUtils.java:logGet(43)) - raft.server.log.purge.gap = 1000000 (custom)
2019-09-19 14:21:42,909 [pool-38-thread-1] INFO  server.RaftServerConfigKeys (ConfUtils.java:logGet(43)) - raft.server.log.appender.buffer.byte-limit = 33554432 (custom)
2019-09-19 14:21:42,909 [pool-38-thread-1] INFO  server.RaftServerConfigKeys (ConfUtils.java:logGet(43)) - raft.server.log.segment.size.max = 1048576 (custom)
2019-09-19 14:21:42,909 [pool-38-thread-1] INFO  server.RaftServerConfigKeys (ConfUtils.java:logGet(43)) - raft.server.log.segment.cache.num.max = 2 (custom)
2019-09-19 14:21:42,910 [pool-38-thread-1] INFO  segmented.SegmentedRaftLogWorker (SegmentedRaftLogWorker.java:<init>(172)) - new 5dfaa0ea-416a-422c-a75d-43311aceb00a-SegmentedRaftLogWorker:Storage Directory /workdir/hadoop-ozone/integration-test/target/test-dir/MiniOzoneClusterImpl-210d6028-2152-4683-81ff-347b0d29bb13/datanode-1/data/ratis/5cd0559d-1b42-41ad-bb8e-86d4c63c40c2 for RaftStorage:Storage Directory /workdir/hadoop-ozone/integration-test/target/test-dir/MiniOzoneClusterImpl-210d6028-2152-4683-81ff-347b0d29bb13/datanode-1/data/ratis/5cd0559d-1b42-41ad-bb8e-86d4c63c40c2
2019-09-19 14:21:42,910 [pool-38-thread-1] INFO  server.RaftServerConfigKeys (ConfUtils.java:logGet(43)) - raft.server.log.queue.byte-limit = 2147483647 (custom)
2019-09-19 14:21:42,910 [pool-38-thread-1] INFO  server.RaftServerConfigKeys (ConfUtils.java:logGet(43)) - raft.server.log.queue.element-limit = 1024 (custom)
2019-09-19 14:21:42,910 [pool-38-thread-1] INFO  server.RaftServerConfigKeys (ConfUtils.java:logGet(43)) - raft.server.log.segment.size.max = 1048576 (custom)
2019-09-19 14:21:42,910 [pool-38-thread-1] INFO  server.RaftServerConfigKeys (ConfUtils.java:logGet(43)) - raft.server.log.preallocated.size = 16384 (custom)
2019-09-19 14:21:42,910 [pool-38-thread-1] INFO  server.RaftServerConfigKeys (ConfUtils.java:logGet(43)) - raft.server.log.write.buffer.size = 33554432 (custom)
2019-09-19 14:21:42,910 [pool-38-thread-1] INFO  server.RaftServerConfigKeys (ConfUtils.java:logGet(43)) - raft.server.log.force.sync.num = 128 (default)
2019-09-19 14:21:42,910 [pool-38-thread-1] INFO  server.RaftServerConfigKeys (ConfUtils.java:logGet(43)) - raft.server.log.statemachine.data.sync = true (default)
2019-09-19 14:21:42,911 [pool-38-thread-1] INFO  server.RaftServerConfigKeys (ConfUtils.java:logGet(43)) - raft.server.log.statemachine.data.sync.timeout = 10s (default)
2019-09-19 14:21:42,911 [pool-38-thread-1] INFO  server.RaftServerConfigKeys (ConfUtils.java:logGet(43)) - raft.server.log.statemachine.data.sync.timeout.retry = -1 (default)
2019-09-19 14:21:42,911 [pool-38-thread-1] INFO  server.RaftServerConfigKeys (ConfUtils.java:logGet(43)) - raft.server.log.statemachine.data.caching.enabled = true (custom)
2019-09-19 14:21:42,911 [pool-38-thread-1] INFO  segmented.SegmentedRaftLogWorker (SegmentedRaftLogWorker.java:lambda$new$0(132)) - 5dfaa0ea-416a-422c-a75d-43311aceb00a-SegmentedRaftLogWorker:Storage Directory /workdir/hadoop-ozone/integration-test/target/test-dir/MiniOzoneClusterImpl-210d6028-2152-4683-81ff-347b0d29bb13/datanode-1/data/ratis/5cd0559d-1b42-41ad-bb8e-86d4c63c40c2: flushIndex: setUnconditionally 0 -> -1
2019-09-19 14:21:42,911 [pool-38-thread-1] INFO  server.RaftServerConfigKeys (ConfUtils.java:logGet(43)) - raft.server.snapshot.auto.trigger.enabled = true (custom)
2019-09-19 14:21:42,911 [pool-38-thread-1] INFO  server.RaftServerConfigKeys (ConfUtils.java:logGet(43)) - raft.server.snapshot.auto.trigger.threshold = 10000 (custom)
2019-09-19 14:21:42,912 [pool-38-thread-1] INFO  server.RaftServerConfigKeys (ConfUtils.java:logGet(43)) - raft.server.retrycache.expirytime = 600000ms (custom)
2019-09-19 14:21:42,912 [pool-38-thread-1] INFO  impl.RaftServerImpl (RaftServerImpl.java:start(180)) - 5dfaa0ea-416a-422c-a75d-43311aceb00a: start group-86D4C63C40C2
2019-09-19 14:21:42,912 [pool-38-thread-1] INFO  impl.RaftServerImpl (RaftServerImpl.java:setRole(171)) - 5dfaa0ea-416a-422c-a75d-43311aceb00a:group-86D4C63C40C2 changes role from null to FOLLOWER at term 0 for startAsFollower
2019-09-19 14:21:42,912 [pool-38-thread-1] INFO  impl.RoleInfo (RoleInfo.java:updateAndGet(143)) - 5dfaa0ea-416a-422c-a75d-43311aceb00a: start FollowerState
2019-09-19 14:21:42,912 [pool-38-thread-1] INFO  util.JmxRegister (JmxRegister.java:tryRegister(44)) - Successfully registered JMX Bean with object name Ratis:service=RaftServer,group=group-86D4C63C40C2,id=5dfaa0ea-416a-422c-a75d-43311aceb00a
2019-09-19 14:21:42,915 [RatisPipelineUtilsThread] INFO  pipeline.PipelineStateManager (PipelineStateManager.java:addPipeline(56)) - Created pipeline Pipeline[ Id: 5cd0559d-1b42-41ad-bb8e-86d4c63c40c2, Nodes: 5dfaa0ea-416a-422c-a75d-43311aceb00a{ip: 192.168.157.226, host: pr-hdds-1569-swxfz-3172132826, networkLocation: /default-rack, certSerialId: null}, Type:RATIS, Factor:ONE, State:OPEN]
2019-09-19 14:21:42,919 [grpc-default-executor-2] INFO  impl.RaftServerProxy (RaftServerProxy.java:addNew(89)) - 431517c4-8c09-4790-b37b-2e132c8143ad: addNew group-F80C7D5A709A:[431517c4-8c09-4790-b37b-2e132c8143ad:192.168.157.226:40911] returns group-F80C7D5A709A:java.util.concurrent.CompletableFuture@1c7cee11[Not completed]
2019-09-19 14:21:42,921 [pool-82-thread-1] INFO  impl.RaftServerImpl (RaftServerImpl.java:<init>(93)) - 431517c4-8c09-4790-b37b-2e132c8143ad: new RaftServerImpl for group-F80C7D5A709A:[431517c4-8c09-4790-b37b-2e132c8143ad:192.168.157.226:40911] with ContainerStateMachine:uninitialized
2019-09-19 14:21:42,921 [pool-82-thread-1] INFO  server.RaftServerConfigKeys (ConfUtils.java:logGet(43)) - raft.server.rpc.timeout.min = 5s (custom)
2019-09-19 14:21:42,921 [pool-82-thread-1] INFO  server.RaftServerConfigKeys (ConfUtils.java:logGet(43)) - raft.server.rpc.timeout.max = 5200ms (custom)
2019-09-19 14:21:42,921 [pool-82-thread-1] INFO  server.RaftServerConfigKeys (ConfUtils.java:logGet(43)) - raft.server.rpcslowness.timeout = 120s (custom)
2019-09-19 14:21:42,921 [pool-82-thread-1] INFO  server.RaftServerConfigKeys (ConfUtils.java:logGet(43)) - raft.server.sleep.deviation.threshold = 300 (default)
2019-09-19 14:21:42,922 [pool-82-thread-1] INFO  server.RaftServerConfigKeys (ConfUtils.java:logGet(43)) - raft.server.log.appender.install.snapshot.enabled = false (custom)
2019-09-19 14:21:42,922 [pool-82-thread-1] INFO  impl.RaftServerImpl (ServerState.java:<init>(105)) - 431517c4-8c09-4790-b37b-2e132c8143ad:group-F80C7D5A709A ConfigurationManager, init=-1: [431517c4-8c09-4790-b37b-2e132c8143ad:192.168.157.226:40911], old=null, confs=<EMPTY_MAP>
2019-09-19 14:21:42,922 [pool-82-thread-1] INFO  server.RaftServerConfigKeys (ConfUtils.java:logGet(43)) - raft.server.storage.dir = [/workdir/hadoop-ozone/integration-test/target/test-dir/MiniOzoneClusterImpl-210d6028-2152-4683-81ff-347b0d29bb13/datanode-5/data/ratis] (custom)
2019-09-19 14:21:42,922 [pool-82-thread-1] INFO  storage.RaftStorageDirectory (RaftStorageDirectory.java:analyzeStorage(246)) - The storage directory /workdir/hadoop-ozone/integration-test/target/test-dir/MiniOzoneClusterImpl-210d6028-2152-4683-81ff-347b0d29bb13/datanode-5/data/ratis/549d8439-ecd2-47a7-8d21-f80c7d5a709a does not exist. Creating ...
2019-09-19 14:21:42,988 [pool-82-thread-1] INFO  storage.RaftStorageDirectory (RaftStorageDirectory.java:tryLock(328)) - Lock on /workdir/hadoop-ozone/integration-test/target/test-dir/MiniOzoneClusterImpl-210d6028-2152-4683-81ff-347b0d29bb13/datanode-5/data/ratis/549d8439-ecd2-47a7-8d21-f80c7d5a709a/in_use.lock acquired by nodename 16198@pr-hdds-1569-swxfz-3172132826
2019-09-19 14:21:43,064 [pool-82-thread-1] INFO  storage.RaftStorage (RaftStorage.java:format(72)) - Storage directory /workdir/hadoop-ozone/integration-test/target/test-dir/MiniOzoneClusterImpl-210d6028-2152-4683-81ff-347b0d29bb13/datanode-5/data/ratis/549d8439-ecd2-47a7-8d21-f80c7d5a709a has been successfully formatted.
2019-09-19 14:21:43,064 [pool-82-thread-1] INFO  ratis.ContainerStateMachine (ContainerStateMachine.java:loadSnapshot(226)) - group-F80C7D5A709A: The snapshot info is null. Setting the last applied indexto:(t:0, i:~)
2019-09-19 14:21:43,065 [pool-82-thread-1] INFO  server.RaftServerConfigKeys (ConfUtils.java:logGet(43)) - raft.server.leader.election.timeout = 120s (custom)
2019-09-19 14:21:43,065 [pool-82-thread-1] INFO  server.RaftServerConfigKeys (ConfUtils.java:logGet(43)) - raft.server.log.use.memory = false (default)
2019-09-19 14:21:43,065 [pool-82-thread-1] INFO  server.RaftServerConfigKeys (ConfUtils.java:logGet(43)) - raft.server.log.purge.gap = 1000000 (custom)
2019-09-19 14:21:43,065 [pool-82-thread-1] INFO  server.RaftServerConfigKeys (ConfUtils.java:logGet(43)) - raft.server.log.appender.buffer.byte-limit = 33554432 (custom)
2019-09-19 14:21:43,065 [pool-82-thread-1] INFO  server.RaftServerConfigKeys (ConfUtils.java:logGet(43)) - raft.server.log.segment.size.max = 1048576 (custom)
2019-09-19 14:21:43,066 [pool-82-thread-1] INFO  server.RaftServerConfigKeys (ConfUtils.java:logGet(43)) - raft.server.log.segment.cache.num.max = 2 (custom)
2019-09-19 14:21:43,066 [pool-82-thread-1] INFO  segmented.SegmentedRaftLogWorker (SegmentedRaftLogWorker.java:<init>(172)) - new 431517c4-8c09-4790-b37b-2e132c8143ad-SegmentedRaftLogWorker:Storage Directory /workdir/hadoop-ozone/integration-test/target/test-dir/MiniOzoneClusterImpl-210d6028-2152-4683-81ff-347b0d29bb13/datanode-5/data/ratis/549d8439-ecd2-47a7-8d21-f80c7d5a709a for RaftStorage:Storage Directory /workdir/hadoop-ozone/integration-test/target/test-dir/MiniOzoneClusterImpl-210d6028-2152-4683-81ff-347b0d29bb13/datanode-5/data/ratis/549d8439-ecd2-47a7-8d21-f80c7d5a709a
2019-09-19 14:21:43,066 [pool-82-thread-1] INFO  server.RaftServerConfigKeys (ConfUtils.java:logGet(43)) - raft.server.log.queue.byte-limit = 2147483647 (custom)
2019-09-19 14:21:43,066 [pool-82-thread-1] INFO  server.RaftServerConfigKeys (ConfUtils.java:logGet(43)) - raft.server.log.queue.element-limit = 1024 (custom)
2019-09-19 14:21:43,066 [pool-82-thread-1] INFO  server.RaftServerConfigKeys (ConfUtils.java:logGet(43)) - raft.server.log.segment.size.max = 1048576 (custom)
2019-09-19 14:21:43,067 [pool-82-thread-1] INFO  server.RaftServerConfigKeys (ConfUtils.java:logGet(43)) - raft.server.log.preallocated.size = 16384 (custom)
2019-09-19 14:21:43,067 [pool-82-thread-1] INFO  server.RaftServerConfigKeys (ConfUtils.java:logGet(43)) - raft.server.log.write.buffer.size = 33554432 (custom)
2019-09-19 14:21:43,067 [pool-82-thread-1] INFO  server.RaftServerConfigKeys (ConfUtils.java:logGet(43)) - raft.server.log.force.sync.num = 128 (default)
2019-09-19 14:21:43,067 [pool-82-thread-1] INFO  server.RaftServerConfigKeys (ConfUtils.java:logGet(43)) - raft.server.log.statemachine.data.sync = true (default)
2019-09-19 14:21:43,067 [pool-82-thread-1] INFO  server.RaftServerConfigKeys (ConfUtils.java:logGet(43)) - raft.server.log.statemachine.data.sync.timeout = 10s (default)
2019-09-19 14:21:43,067 [pool-82-thread-1] INFO  server.RaftServerConfigKeys (ConfUtils.java:logGet(43)) - raft.server.log.statemachine.data.sync.timeout.retry = -1 (default)
2019-09-19 14:21:43,068 [pool-82-thread-1] INFO  server.RaftServerConfigKeys (ConfUtils.java:logGet(43)) - raft.server.log.statemachine.data.caching.enabled = true (custom)
2019-09-19 14:21:43,068 [pool-82-thread-1] INFO  segmented.SegmentedRaftLogWorker (SegmentedRaftLogWorker.java:lambda$new$0(132)) - 431517c4-8c09-4790-b37b-2e132c8143ad-SegmentedRaftLogWorker:Storage Directory /workdir/hadoop-ozone/integration-test/target/test-dir/MiniOzoneClusterImpl-210d6028-2152-4683-81ff-347b0d29bb13/datanode-5/data/ratis/549d8439-ecd2-47a7-8d21-f80c7d5a709a: flushIndex: setUnconditionally 0 -> -1
2019-09-19 14:21:43,069 [pool-82-thread-1] INFO  server.RaftServerConfigKeys (ConfUtils.java:logGet(43)) - raft.server.snapshot.auto.trigger.enabled = true (custom)
2019-09-19 14:21:43,069 [pool-82-thread-1] INFO  server.RaftServerConfigKeys (ConfUtils.java:logGet(43)) - raft.server.snapshot.auto.trigger.threshold = 10000 (custom)
2019-09-19 14:21:43,069 [pool-82-thread-1] INFO  server.RaftServerConfigKeys (ConfUtils.java:logGet(43)) - raft.server.retrycache.expirytime = 600000ms (custom)
2019-09-19 14:21:43,069 [pool-82-thread-1] INFO  impl.RaftServerImpl (RaftServerImpl.java:start(180)) - 431517c4-8c09-4790-b37b-2e132c8143ad: start group-F80C7D5A709A
2019-09-19 14:21:43,069 [pool-82-thread-1] INFO  impl.RaftServerImpl (RaftServerImpl.java:setRole(171)) - 431517c4-8c09-4790-b37b-2e132c8143ad:group-F80C7D5A709A changes role from null to FOLLOWER at term 0 for startAsFollower
2019-09-19 14:21:43,069 [pool-82-thread-1] INFO  impl.RoleInfo (RoleInfo.java:updateAndGet(143)) - 431517c4-8c09-4790-b37b-2e132c8143ad: start FollowerState
2019-09-19 14:21:43,070 [pool-82-thread-1] INFO  util.JmxRegister (JmxRegister.java:tryRegister(44)) - Successfully registered JMX Bean with object name Ratis:service=RaftServer,group=group-F80C7D5A709A,id=431517c4-8c09-4790-b37b-2e132c8143ad
2019-09-19 14:21:43,080 [RatisPipelineUtilsThread] INFO  pipeline.PipelineStateManager (PipelineStateManager.java:addPipeline(56)) - Created pipeline Pipeline[ Id: 549d8439-ecd2-47a7-8d21-f80c7d5a709a, Nodes: 431517c4-8c09-4790-b37b-2e132c8143ad{ip: 192.168.157.226, host: pr-hdds-1569-swxfz-3172132826, networkLocation: /default-rack, certSerialId: null}, Type:RATIS, Factor:ONE, State:OPEN]
2019-09-19 14:21:43,086 [grpc-default-executor-2] INFO  impl.RaftServerProxy (RaftServerProxy.java:addNew(89)) - 6403e584-2209-453b-b79e-eeb0a7b58516: addNew group-9C7F6C0F9370:[6403e584-2209-453b-b79e-eeb0a7b58516:192.168.157.226:35833] returns group-9C7F6C0F9370:java.util.concurrent.CompletableFuture@54c8b3dd[Not completed]
2019-09-19 14:21:43,087 [pool-60-thread-1] INFO  impl.RaftServerImpl (RaftServerImpl.java:<init>(93)) - 6403e584-2209-453b-b79e-eeb0a7b58516: new RaftServerImpl for group-9C7F6C0F9370:[6403e584-2209-453b-b79e-eeb0a7b58516:192.168.157.226:35833] with ContainerStateMachine:uninitialized
2019-09-19 14:21:43,087 [pool-60-thread-1] INFO  server.RaftServerConfigKeys (ConfUtils.java:logGet(43)) - raft.server.rpc.timeout.min = 5s (custom)
2019-09-19 14:21:43,087 [pool-60-thread-1] INFO  server.RaftServerConfigKeys (ConfUtils.java:logGet(43)) - raft.server.rpc.timeout.max = 5200ms (custom)
2019-09-19 14:21:43,087 [pool-60-thread-1] INFO  server.RaftServerConfigKeys (ConfUtils.java:logGet(43)) - raft.server.rpcslowness.timeout = 120s (custom)
2019-09-19 14:21:43,087 [pool-60-thread-1] INFO  server.RaftServerConfigKeys (ConfUtils.java:logGet(43)) - raft.server.sleep.deviation.threshold = 300 (default)
2019-09-19 14:21:43,087 [pool-60-thread-1] INFO  server.RaftServerConfigKeys (ConfUtils.java:logGet(43)) - raft.server.log.appender.install.snapshot.enabled = false (custom)
2019-09-19 14:21:43,088 [pool-60-thread-1] INFO  impl.RaftServerImpl (ServerState.java:<init>(105)) - 6403e584-2209-453b-b79e-eeb0a7b58516:group-9C7F6C0F9370 ConfigurationManager, init=-1: [6403e584-2209-453b-b79e-eeb0a7b58516:192.168.157.226:35833], old=null, confs=<EMPTY_MAP>
2019-09-19 14:21:43,088 [pool-60-thread-1] INFO  server.RaftServerConfigKeys (ConfUtils.java:logGet(43)) - raft.server.storage.dir = [/workdir/hadoop-ozone/integration-test/target/test-dir/MiniOzoneClusterImpl-210d6028-2152-4683-81ff-347b0d29bb13/datanode-3/data/ratis] (custom)
2019-09-19 14:21:43,088 [pool-60-thread-1] INFO  storage.RaftStorageDirectory (RaftStorageDirectory.java:analyzeStorage(246)) - The storage directory /workdir/hadoop-ozone/integration-test/target/test-dir/MiniOzoneClusterImpl-210d6028-2152-4683-81ff-347b0d29bb13/datanode-3/data/ratis/2817a7b5-2faf-4c64-a472-9c7f6c0f9370 does not exist. Creating ...
2019-09-19 14:21:43,138 [pool-60-thread-1] INFO  storage.RaftStorageDirectory (RaftStorageDirectory.java:tryLock(328)) - Lock on /workdir/hadoop-ozone/integration-test/target/test-dir/MiniOzoneClusterImpl-210d6028-2152-4683-81ff-347b0d29bb13/datanode-3/data/ratis/2817a7b5-2faf-4c64-a472-9c7f6c0f9370/in_use.lock acquired by nodename 16198@pr-hdds-1569-swxfz-3172132826
2019-09-19 14:21:43,159 [Thread-857] INFO  impl.FollowerState (FollowerState.java:run(106)) - 85c6a9f3-b9a5-43a5-ac4f-9aa7bd5f2263:group-5B7DDBC4A4BA changes to CANDIDATE, lastRpcTime:5014, electionTimeout:5014ms
2019-09-19 14:21:43,160 [Thread-857] INFO  impl.RoleInfo (RoleInfo.java:shutdownFollowerState(121)) - 85c6a9f3-b9a5-43a5-ac4f-9aa7bd5f2263: shutdown FollowerState
2019-09-19 14:21:43,160 [Thread-857] INFO  impl.RaftServerImpl (RaftServerImpl.java:setRole(171)) - 85c6a9f3-b9a5-43a5-ac4f-9aa7bd5f2263:group-5B7DDBC4A4BA changes role from FOLLOWER to CANDIDATE at term 0 for changeToCandidate
2019-09-19 14:21:43,160 [Thread-857] INFO  impl.RoleInfo (RoleInfo.java:updateAndGet(143)) - 85c6a9f3-b9a5-43a5-ac4f-9aa7bd5f2263: start LeaderElection
2019-09-19 14:21:43,171 [Thread-862] INFO  impl.FollowerState (FollowerState.java:run(106)) - 6403e584-2209-453b-b79e-eeb0a7b58516:group-BC6162215A45 changes to CANDIDATE, lastRpcTime:5011, electionTimeout:5011ms
2019-09-19 14:21:43,171 [Thread-862] INFO  impl.RoleInfo (RoleInfo.java:shutdownFollowerState(121)) - 6403e584-2209-453b-b79e-eeb0a7b58516: shutdown FollowerState
2019-09-19 14:21:43,172 [Thread-862] INFO  impl.RaftServerImpl (RaftServerImpl.java:setRole(171)) - 6403e584-2209-453b-b79e-eeb0a7b58516:group-BC6162215A45 changes role from FOLLOWER to CANDIDATE at term 0 for changeToCandidate
2019-09-19 14:21:43,172 [Thread-862] INFO  impl.RoleInfo (RoleInfo.java:updateAndGet(143)) - 6403e584-2209-453b-b79e-eeb0a7b58516: start LeaderElection
2019-09-19 14:21:43,194 | INFO  | SCMAudit | user=jenkins1000 | ip=192.168.157.226 | op=SEND_HEARTBEAT {datanodeUUID=6403e584-2209-453b-b79e-eeb0a7b58516, command=[]} | ret=SUCCESS |  
2019-09-19 14:21:43,195 | INFO  | SCMAudit | user=jenkins1000 | ip=192.168.157.226 | op=SEND_HEARTBEAT {datanodeUUID=306a7a99-f2a5-4f40-b42b-2fc2def08a6a, command=[]} | ret=SUCCESS |  
2019-09-19 14:21:43,219 [pool-60-thread-1] INFO  storage.RaftStorage (RaftStorage.java:format(72)) - Storage directory /workdir/hadoop-ozone/integration-test/target/test-dir/MiniOzoneClusterImpl-210d6028-2152-4683-81ff-347b0d29bb13/datanode-3/data/ratis/2817a7b5-2faf-4c64-a472-9c7f6c0f9370 has been successfully formatted.
2019-09-19 14:21:43,219 [pool-60-thread-1] INFO  ratis.ContainerStateMachine (ContainerStateMachine.java:loadSnapshot(226)) - group-9C7F6C0F9370: The snapshot info is null. Setting the last applied indexto:(t:0, i:~)
2019-09-19 14:21:43,219 [pool-60-thread-1] INFO  server.RaftServerConfigKeys (ConfUtils.java:logGet(43)) - raft.server.leader.election.timeout = 120s (custom)
2019-09-19 14:21:43,219 [6403e584-2209-453b-b79e-eeb0a7b58516:group-BC6162215A45:LeaderElection123] INFO  impl.LeaderElection (LeaderElection.java:askForVotes(181)) - 6403e584-2209-453b-b79e-eeb0a7b58516:group-BC6162215A45:LeaderElection123: begin an election at term 1 for -1: [6403e584-2209-453b-b79e-eeb0a7b58516:192.168.157.226:35833], old=null
2019-09-19 14:21:43,219 [pool-60-thread-1] INFO  server.RaftServerConfigKeys (ConfUtils.java:logGet(43)) - raft.server.log.use.memory = false (default)
2019-09-19 14:21:43,219 [85c6a9f3-b9a5-43a5-ac4f-9aa7bd5f2263:group-5B7DDBC4A4BA:LeaderElection122] INFO  impl.LeaderElection (LeaderElection.java:askForVotes(181)) - 85c6a9f3-b9a5-43a5-ac4f-9aa7bd5f2263:group-5B7DDBC4A4BA:LeaderElection122: begin an election at term 1 for -1: [85c6a9f3-b9a5-43a5-ac4f-9aa7bd5f2263:192.168.157.226:45170, 306a7a99-f2a5-4f40-b42b-2fc2def08a6a:192.168.157.226:42633, 6403e584-2209-453b-b79e-eeb0a7b58516:192.168.157.226:35833], old=null
2019-09-19 14:21:43,219 [pool-60-thread-1] INFO  server.RaftServerConfigKeys (ConfUtils.java:logGet(43)) - raft.server.log.purge.gap = 1000000 (custom)
2019-09-19 14:21:43,219 [6403e584-2209-453b-b79e-eeb0a7b58516:group-BC6162215A45:LeaderElection123] INFO  impl.RoleInfo (RoleInfo.java:shutdownLeaderElection(134)) - 6403e584-2209-453b-b79e-eeb0a7b58516: shutdown LeaderElection
2019-09-19 14:21:43,220 [pool-60-thread-1] INFO  server.RaftServerConfigKeys (ConfUtils.java:logGet(43)) - raft.server.log.appender.buffer.byte-limit = 33554432 (custom)
2019-09-19 14:21:43,220 [6403e584-2209-453b-b79e-eeb0a7b58516:group-BC6162215A45:LeaderElection123] INFO  impl.RaftServerImpl (RaftServerImpl.java:setRole(171)) - 6403e584-2209-453b-b79e-eeb0a7b58516:group-BC6162215A45 changes role from CANDIDATE to LEADER at term 1 for changeToLeader
2019-09-19 14:21:43,220 [pool-60-thread-1] INFO  server.RaftServerConfigKeys (ConfUtils.java:logGet(43)) - raft.server.log.segment.size.max = 1048576 (custom)
2019-09-19 14:21:43,220 [6403e584-2209-453b-b79e-eeb0a7b58516:group-BC6162215A45:LeaderElection123] INFO  impl.RaftServerImpl (ServerState.java:setLeader(263)) - 6403e584-2209-453b-b79e-eeb0a7b58516:group-BC6162215A45 change Leader from null to 6403e584-2209-453b-b79e-eeb0a7b58516 at term 1 for becomeLeader, leader elected after 9149ms
2019-09-19 14:21:43,220 [pool-60-thread-1] INFO  server.RaftServerConfigKeys (ConfUtils.java:logGet(43)) - raft.server.log.segment.cache.num.max = 2 (custom)
2019-09-19 14:21:43,220 [6403e584-2209-453b-b79e-eeb0a7b58516:group-BC6162215A45:LeaderElection123] INFO  server.RaftServerConfigKeys (ConfUtils.java:logGet(43)) - raft.server.staging.catchup.gap = 1000 (default)
2019-09-19 14:21:43,220 [pool-60-thread-1] INFO  segmented.SegmentedRaftLogWorker (SegmentedRaftLogWorker.java:<init>(172)) - new 6403e584-2209-453b-b79e-eeb0a7b58516-SegmentedRaftLogWorker:Storage Directory /workdir/hadoop-ozone/integration-test/target/test-dir/MiniOzoneClusterImpl-210d6028-2152-4683-81ff-347b0d29bb13/datanode-3/data/ratis/2817a7b5-2faf-4c64-a472-9c7f6c0f9370 for RaftStorage:Storage Directory /workdir/hadoop-ozone/integration-test/target/test-dir/MiniOzoneClusterImpl-210d6028-2152-4683-81ff-347b0d29bb13/datanode-3/data/ratis/2817a7b5-2faf-4c64-a472-9c7f6c0f9370
2019-09-19 14:21:43,221 [6403e584-2209-453b-b79e-eeb0a7b58516:group-BC6162215A45:LeaderElection123] INFO  server.RaftServerConfigKeys (ConfUtils.java:logGet(43)) - raft.server.rpc.sleep.time = 25ms (default)
2019-09-19 14:21:43,221 [pool-60-thread-1] INFO  server.RaftServerConfigKeys (ConfUtils.java:logGet(43)) - raft.server.log.queue.byte-limit = 2147483647 (custom)
2019-09-19 14:21:43,221 [6403e584-2209-453b-b79e-eeb0a7b58516:group-BC6162215A45:LeaderElection123] INFO  server.RaftServerConfigKeys (ConfUtils.java:logGet(43)) - raft.server.write.element-limit = 4096 (default)
2019-09-19 14:21:43,221 [pool-60-thread-1] INFO  server.RaftServerConfigKeys (ConfUtils.java:logGet(43)) - raft.server.log.queue.element-limit = 1024 (custom)
2019-09-19 14:21:43,221 [6403e584-2209-453b-b79e-eeb0a7b58516:group-BC6162215A45:LeaderElection123] INFO  server.RaftServerConfigKeys (ConfUtils.java:logGet(43)) - raft.server.watch.timeout = 10s (default)
2019-09-19 14:21:43,221 [pool-60-thread-1] INFO  server.RaftServerConfigKeys (ConfUtils.java:logGet(43)) - raft.server.log.segment.size.max = 1048576 (custom)
2019-09-19 14:21:43,221 [6403e584-2209-453b-b79e-eeb0a7b58516:group-BC6162215A45:LeaderElection123] INFO  server.RaftServerConfigKeys (ConfUtils.java:logGet(43)) - raft.server.watch.timeout.denomination = 1s (default)
2019-09-19 14:21:43,222 [pool-60-thread-1] INFO  server.RaftServerConfigKeys (ConfUtils.java:logGet(43)) - raft.server.log.preallocated.size = 16384 (custom)
2019-09-19 14:21:43,222 [6403e584-2209-453b-b79e-eeb0a7b58516:group-BC6162215A45:LeaderElection123] INFO  server.RaftServerConfigKeys (ConfUtils.java:logGet(43)) - raft.server.watch.element-limit = 65536 (default)
2019-09-19 14:21:43,222 [pool-60-thread-1] INFO  server.RaftServerConfigKeys (ConfUtils.java:logGet(43)) - raft.server.log.write.buffer.size = 33554432 (custom)
2019-09-19 14:21:43,222 [6403e584-2209-453b-b79e-eeb0a7b58516:group-BC6162215A45:LeaderElection123] INFO  impl.RoleInfo (RoleInfo.java:updateAndGet(143)) - 6403e584-2209-453b-b79e-eeb0a7b58516: start LeaderState
2019-09-19 14:21:43,222 [pool-60-thread-1] INFO  server.RaftServerConfigKeys (ConfUtils.java:logGet(43)) - raft.server.log.force.sync.num = 128 (default)
2019-09-19 14:21:43,222 [pool-60-thread-1] INFO  server.RaftServerConfigKeys (ConfUtils.java:logGet(43)) - raft.server.log.statemachine.data.sync = true (default)
2019-09-19 14:21:43,222 [6403e584-2209-453b-b79e-eeb0a7b58516:group-BC6162215A45:LeaderElection123] INFO  segmented.SegmentedRaftLogWorker (SegmentedRaftLogWorker.java:startLogSegment(380)) - 6403e584-2209-453b-b79e-eeb0a7b58516-SegmentedRaftLogWorker:Storage Directory /workdir/hadoop-ozone/integration-test/target/test-dir/MiniOzoneClusterImpl-210d6028-2152-4683-81ff-347b0d29bb13/datanode-3/data/ratis/7486c150-856a-4ca9-9876-bc6162215a45: Starting segment from index:0
2019-09-19 14:21:43,223 [pool-60-thread-1] INFO  server.RaftServerConfigKeys (ConfUtils.java:logGet(43)) - raft.server.log.statemachine.data.sync.timeout = 10s (default)
2019-09-19 14:21:43,223 [pool-60-thread-1] INFO  server.RaftServerConfigKeys (ConfUtils.java:logGet(43)) - raft.server.log.statemachine.data.sync.timeout.retry = -1 (default)
2019-09-19 14:21:43,223 [pool-60-thread-1] INFO  server.RaftServerConfigKeys (ConfUtils.java:logGet(43)) - raft.server.log.statemachine.data.caching.enabled = true (custom)
2019-09-19 14:21:43,669 [6403e584-2209-453b-b79e-eeb0a7b58516:group-BC6162215A45:LeaderElection123] INFO  impl.RaftServerImpl (ServerState.java:setRaftConf(361)) - 6403e584-2209-453b-b79e-eeb0a7b58516:group-BC6162215A45 set configuration 0: [6403e584-2209-453b-b79e-eeb0a7b58516:192.168.157.226:35833], old=null at 0
2019-09-19 14:21:43,668 [Thread-864] WARN  util.JavaUtils (JavaUtils.java:sleep(250)) - Unexpected long sleep: sleep(5077ms) actually took 5507ms which is over the threshold 300ms
2019-09-19 14:21:43,668 [Thread-866] WARN  util.JavaUtils (JavaUtils.java:sleep(250)) - Unexpected long sleep: sleep(5097ms) actually took 5506ms which is over the threshold 300ms
2019-09-19 14:21:43,668 [Thread-869] WARN  util.JavaUtils (JavaUtils.java:sleep(250)) - Unexpected long sleep: sleep(5065ms) actually took 5480ms which is over the threshold 300ms
2019-09-19 14:21:43,668 [Thread-872] WARN  util.JavaUtils (JavaUtils.java:sleep(250)) - Unexpected long sleep: sleep(5090ms) actually took 5461ms which is over the threshold 300ms
2019-09-19 14:21:43,665 [Thread-851] WARN  util.JavaUtils (JavaUtils.java:sleep(250)) - Unexpected long sleep: sleep(5187ms) actually took 5538ms which is over the threshold 300ms
2019-09-19 14:21:43,665 [Thread-850] WARN  util.JavaUtils (JavaUtils.java:sleep(250)) - Unexpected long sleep: sleep(5198ms) actually took 5539ms which is over the threshold 300ms
2019-09-19 14:21:43,665 [Thread-858] WARN  util.JavaUtils (JavaUtils.java:sleep(250)) - Unexpected long sleep: sleep(5200ms) actually took 5519ms which is over the threshold 300ms
2019-09-19 14:21:43,665 [Thread-878] WARN  util.JavaUtils (JavaUtils.java:sleep(250)) - Unexpected long sleep: sleep(5105ms) actually took 5419ms which is over the threshold 300ms
2019-09-19 14:21:43,665 [Thread-875] WARN  util.JavaUtils (JavaUtils.java:sleep(250)) - Unexpected long sleep: sleep(5126ms) actually took 5437ms which is over the threshold 300ms
2019-09-19 14:21:43,665 [Thread-881] INFO  impl.FollowerState (FollowerState.java:run(106)) - 306a7a99-f2a5-4f40-b42b-2fc2def08a6a:group-9B6C58BBB087 changes to CANDIDATE, lastRpcTime:5399, electionTimeout:5105ms
2019-09-19 14:21:43,670 [Thread-881] INFO  impl.RoleInfo (RoleInfo.java:shutdownFollowerState(121)) - 306a7a99-f2a5-4f40-b42b-2fc2def08a6a: shutdown FollowerState
2019-09-19 14:21:43,664 [Thread-884] INFO  impl.FollowerState (FollowerState.java:run(106)) - 6403e584-2209-453b-b79e-eeb0a7b58516:group-22B5E8709360 changes to CANDIDATE, lastRpcTime:5379, electionTimeout:5117ms
2019-09-19 14:21:43,664 [Thread-896] INFO  impl.FollowerState (FollowerState.java:run(106)) - 306a7a99-f2a5-4f40-b42b-2fc2def08a6a:group-DCF107C2AC45 changes to CANDIDATE, lastRpcTime:5298, electionTimeout:5065ms
2019-09-19 14:21:43,670 [Thread-896] INFO  impl.RoleInfo (RoleInfo.java:shutdownFollowerState(121)) - 306a7a99-f2a5-4f40-b42b-2fc2def08a6a: shutdown FollowerState
2019-09-19 14:21:43,664 [Thread-887] INFO  impl.FollowerState (FollowerState.java:run(106)) - 431517c4-8c09-4790-b37b-2e132c8143ad:group-15A8695B4945 changes to CANDIDATE, lastRpcTime:5359, electionTimeout:5130ms
2019-09-19 14:21:43,664 [Thread-893] INFO  impl.FollowerState (FollowerState.java:run(106)) - 6403e584-2209-453b-b79e-eeb0a7b58516:group-06952CECB4E9 changes to CANDIDATE, lastRpcTime:5317, electionTimeout:5099ms
2019-09-19 14:21:43,670 [Thread-893] INFO  impl.RoleInfo (RoleInfo.java:shutdownFollowerState(121)) - 6403e584-2209-453b-b79e-eeb0a7b58516: shutdown FollowerState
2019-09-19 14:21:43,664 [Thread-902] INFO  impl.FollowerState (FollowerState.java:run(106)) - 6403e584-2209-453b-b79e-eeb0a7b58516:group-7FBA47FD431F changes to CANDIDATE, lastRpcTime:5238, electionTimeout:5046ms
2019-09-19 14:21:43,670 [Thread-902] INFO  impl.RoleInfo (RoleInfo.java:shutdownFollowerState(121)) - 6403e584-2209-453b-b79e-eeb0a7b58516: shutdown FollowerState
2019-09-19 14:21:43,671 [Thread-902] INFO  impl.RaftServerImpl (RaftServerImpl.java:setRole(171)) - 6403e584-2209-453b-b79e-eeb0a7b58516:group-7FBA47FD431F changes role from FOLLOWER to CANDIDATE at term 0 for changeToCandidate
2019-09-19 14:21:43,664 [Thread-890] INFO  impl.FollowerState (FollowerState.java:run(106)) - 85c6a9f3-b9a5-43a5-ac4f-9aa7bd5f2263:group-AD08C883F5D3 changes to CANDIDATE, lastRpcTime:5338, electionTimeout:5157ms
2019-09-19 14:21:43,664 [Thread-905] INFO  impl.FollowerState (FollowerState.java:run(106)) - 5dfaa0ea-416a-422c-a75d-43311aceb00a:group-CF691639F191 changes to CANDIDATE, lastRpcTime:5196, electionTimeout:5055ms
2019-09-19 14:21:43,664 [Thread-899] INFO  impl.FollowerState (FollowerState.java:run(106)) - 5dfaa0ea-416a-422c-a75d-43311aceb00a:group-4AABC31B2E21 changes to CANDIDATE, lastRpcTime:5275, electionTimeout:5150ms
2019-09-19 14:21:43,664 [Thread-908] INFO  impl.FollowerState (FollowerState.java:run(106)) - 6403e584-2209-453b-b79e-eeb0a7b58516:group-F3FA5553BA7E changes to CANDIDATE, lastRpcTime:5156, electionTimeout:5047ms
2019-09-19 14:21:43,671 [Thread-908] INFO  impl.RoleInfo (RoleInfo.java:shutdownFollowerState(121)) - 6403e584-2209-453b-b79e-eeb0a7b58516: shutdown FollowerState
2019-09-19 14:21:43,671 [Thread-899] INFO  impl.RoleInfo (RoleInfo.java:shutdownFollowerState(121)) - 5dfaa0ea-416a-422c-a75d-43311aceb00a: shutdown FollowerState
2019-09-19 14:21:43,671 [Thread-905] INFO  impl.RoleInfo (RoleInfo.java:shutdownFollowerState(121)) - 5dfaa0ea-416a-422c-a75d-43311aceb00a: shutdown FollowerState
2019-09-19 14:21:43,671 [Thread-890] INFO  impl.RoleInfo (RoleInfo.java:shutdownFollowerState(121)) - 85c6a9f3-b9a5-43a5-ac4f-9aa7bd5f2263: shutdown FollowerState
2019-09-19 14:21:43,672 [Thread-890] INFO  impl.RaftServerImpl (RaftServerImpl.java:setRole(171)) - 85c6a9f3-b9a5-43a5-ac4f-9aa7bd5f2263:group-AD08C883F5D3 changes role from FOLLOWER to CANDIDATE at term 0 for changeToCandidate
2019-09-19 14:21:43,671 [Thread-902] INFO  impl.RoleInfo (RoleInfo.java:updateAndGet(143)) - 6403e584-2209-453b-b79e-eeb0a7b58516: start LeaderElection
2019-09-19 14:21:43,670 [Thread-893] INFO  impl.RaftServerImpl (RaftServerImpl.java:setRole(171)) - 6403e584-2209-453b-b79e-eeb0a7b58516:group-06952CECB4E9 changes role from FOLLOWER to CANDIDATE at term 0 for changeToCandidate
2019-09-19 14:21:43,670 [Thread-887] INFO  impl.RoleInfo (RoleInfo.java:shutdownFollowerState(121)) - 431517c4-8c09-4790-b37b-2e132c8143ad: shutdown FollowerState
2019-09-19 14:21:43,670 [Thread-896] INFO  impl.RaftServerImpl (RaftServerImpl.java:setRole(171)) - 306a7a99-f2a5-4f40-b42b-2fc2def08a6a:group-DCF107C2AC45 changes role from FOLLOWER to CANDIDATE at term 0 for changeToCandidate
2019-09-19 14:21:43,670 [Thread-884] INFO  impl.RoleInfo (RoleInfo.java:shutdownFollowerState(121)) - 6403e584-2209-453b-b79e-eeb0a7b58516: shutdown FollowerState
2019-09-19 14:21:43,670 [Thread-881] INFO  impl.RaftServerImpl (RaftServerImpl.java:setRole(171)) - 306a7a99-f2a5-4f40-b42b-2fc2def08a6a:group-9B6C58BBB087 changes role from FOLLOWER to CANDIDATE at term 0 for changeToCandidate
2019-09-19 14:21:43,669 [pool-60-thread-1] INFO  segmented.SegmentedRaftLogWorker (SegmentedRaftLogWorker.java:lambda$new$0(132)) - 6403e584-2209-453b-b79e-eeb0a7b58516-SegmentedRaftLogWorker:Storage Directory /workdir/hadoop-ozone/integration-test/target/test-dir/MiniOzoneClusterImpl-210d6028-2152-4683-81ff-347b0d29bb13/datanode-3/data/ratis/2817a7b5-2faf-4c64-a472-9c7f6c0f9370: flushIndex: setUnconditionally 0 -> -1
2019-09-19 14:21:43,675 [Thread-881] INFO  impl.RoleInfo (RoleInfo.java:updateAndGet(143)) - 306a7a99-f2a5-4f40-b42b-2fc2def08a6a: start LeaderElection
2019-09-19 14:21:43,675 [Thread-884] INFO  impl.RaftServerImpl (RaftServerImpl.java:setRole(171)) - 6403e584-2209-453b-b79e-eeb0a7b58516:group-22B5E8709360 changes role from FOLLOWER to CANDIDATE at term 0 for changeToCandidate
2019-09-19 14:21:43,674 [Thread-896] INFO  impl.RoleInfo (RoleInfo.java:updateAndGet(143)) - 306a7a99-f2a5-4f40-b42b-2fc2def08a6a: start LeaderElection
2019-09-19 14:21:43,674 [Thread-887] INFO  impl.RaftServerImpl (RaftServerImpl.java:setRole(171)) - 431517c4-8c09-4790-b37b-2e132c8143ad:group-15A8695B4945 changes role from FOLLOWER to CANDIDATE at term 0 for changeToCandidate
2019-09-19 14:21:43,674 [Thread-893] INFO  impl.RoleInfo (RoleInfo.java:updateAndGet(143)) - 6403e584-2209-453b-b79e-eeb0a7b58516: start LeaderElection
2019-09-19 14:21:43,672 [Thread-890] INFO  impl.RoleInfo (RoleInfo.java:updateAndGet(143)) - 85c6a9f3-b9a5-43a5-ac4f-9aa7bd5f2263: start LeaderElection
2019-09-19 14:21:43,672 [Thread-905] INFO  impl.RaftServerImpl (RaftServerImpl.java:setRole(171)) - 5dfaa0ea-416a-422c-a75d-43311aceb00a:group-CF691639F191 changes role from FOLLOWER to CANDIDATE at term 0 for changeToCandidate
2019-09-19 14:21:43,671 [Thread-899] INFO  impl.RaftServerImpl (RaftServerImpl.java:setRole(171)) - 5dfaa0ea-416a-422c-a75d-43311aceb00a:group-4AABC31B2E21 changes role from FOLLOWER to CANDIDATE at term 0 for changeToCandidate
2019-09-19 14:21:43,671 [Thread-908] INFO  impl.RaftServerImpl (RaftServerImpl.java:setRole(171)) - 6403e584-2209-453b-b79e-eeb0a7b58516:group-F3FA5553BA7E changes role from FOLLOWER to CANDIDATE at term 0 for changeToCandidate
2019-09-19 14:21:43,683 [Thread-899] INFO  impl.RoleInfo (RoleInfo.java:updateAndGet(143)) - 5dfaa0ea-416a-422c-a75d-43311aceb00a: start LeaderElection
2019-09-19 14:21:43,682 [Thread-905] INFO  impl.RoleInfo (RoleInfo.java:updateAndGet(143)) - 5dfaa0ea-416a-422c-a75d-43311aceb00a: start LeaderElection
2019-09-19 14:21:43,682 [Thread-911] INFO  impl.FollowerState (FollowerState.java:run(106)) - 306a7a99-f2a5-4f40-b42b-2fc2def08a6a:group-281FA53C833A changes to CANDIDATE, lastRpcTime:5134, electionTimeout:5131ms
2019-09-19 14:21:43,679 [Thread-887] INFO  impl.RoleInfo (RoleInfo.java:updateAndGet(143)) - 431517c4-8c09-4790-b37b-2e132c8143ad: start LeaderElection
2019-09-19 14:21:43,675 [Thread-884] INFO  impl.RoleInfo (RoleInfo.java:updateAndGet(143)) - 6403e584-2209-453b-b79e-eeb0a7b58516: start LeaderElection
2019-09-19 14:21:43,675 [pool-60-thread-1] INFO  server.RaftServerConfigKeys (ConfUtils.java:logGet(43)) - raft.server.snapshot.auto.trigger.enabled = true (custom)
2019-09-19 14:21:43,689 [Thread-914] INFO  impl.FollowerState (FollowerState.java:run(106)) - 85c6a9f3-b9a5-43a5-ac4f-9aa7bd5f2263:group-FB7E126E1573 changes to CANDIDATE, lastRpcTime:5100, electionTimeout:5099ms
2019-09-19 14:21:43,683 [Thread-911] INFO  impl.RoleInfo (RoleInfo.java:shutdownFollowerState(121)) - 306a7a99-f2a5-4f40-b42b-2fc2def08a6a: shutdown FollowerState
2019-09-19 14:21:43,692 [Thread-911] INFO  impl.RaftServerImpl (RaftServerImpl.java:setRole(171)) - 306a7a99-f2a5-4f40-b42b-2fc2def08a6a:group-281FA53C833A changes role from FOLLOWER to CANDIDATE at term 0 for changeToCandidate
2019-09-19 14:21:43,683 [Thread-908] INFO  impl.RoleInfo (RoleInfo.java:updateAndGet(143)) - 6403e584-2209-453b-b79e-eeb0a7b58516: start LeaderElection
2019-09-19 14:21:43,692 [Thread-911] INFO  impl.RoleInfo (RoleInfo.java:updateAndGet(143)) - 306a7a99-f2a5-4f40-b42b-2fc2def08a6a: start LeaderElection
2019-09-19 14:21:43,689 [Thread-914] INFO  impl.RoleInfo (RoleInfo.java:shutdownFollowerState(121)) - 85c6a9f3-b9a5-43a5-ac4f-9aa7bd5f2263: shutdown FollowerState
2019-09-19 14:21:43,689 [pool-60-thread-1] INFO  server.RaftServerConfigKeys (ConfUtils.java:logGet(43)) - raft.server.snapshot.auto.trigger.threshold = 10000 (custom)
2019-09-19 14:21:43,697 [Thread-914] INFO  impl.RaftServerImpl (RaftServerImpl.java:setRole(171)) - 85c6a9f3-b9a5-43a5-ac4f-9aa7bd5f2263:group-FB7E126E1573 changes role from FOLLOWER to CANDIDATE at term 0 for changeToCandidate
2019-09-19 14:21:43,697 [pool-60-thread-1] INFO  server.RaftServerConfigKeys (ConfUtils.java:logGet(43)) - raft.server.retrycache.expirytime = 600000ms (custom)
2019-09-19 14:21:43,697 [Thread-914] INFO  impl.RoleInfo (RoleInfo.java:updateAndGet(143)) - 85c6a9f3-b9a5-43a5-ac4f-9aa7bd5f2263: start LeaderElection
2019-09-19 14:21:43,697 [pool-60-thread-1] INFO  impl.RaftServerImpl (RaftServerImpl.java:start(180)) - 6403e584-2209-453b-b79e-eeb0a7b58516: start group-9C7F6C0F9370
2019-09-19 14:21:43,697 [pool-60-thread-1] INFO  impl.RaftServerImpl (RaftServerImpl.java:setRole(171)) - 6403e584-2209-453b-b79e-eeb0a7b58516:group-9C7F6C0F9370 changes role from null to FOLLOWER at term 0 for startAsFollower
2019-09-19 14:21:43,700 [pool-60-thread-1] INFO  impl.RoleInfo (RoleInfo.java:updateAndGet(143)) - 6403e584-2209-453b-b79e-eeb0a7b58516: start FollowerState
2019-09-19 14:21:43,700 [pool-60-thread-1] INFO  util.JmxRegister (JmxRegister.java:tryRegister(44)) - Successfully registered JMX Bean with object name Ratis:service=RaftServer,group=group-9C7F6C0F9370,id=6403e584-2209-453b-b79e-eeb0a7b58516
2019-09-19 14:21:43,703 [RatisPipelineUtilsThread] INFO  pipeline.PipelineStateManager (PipelineStateManager.java:addPipeline(56)) - Created pipeline Pipeline[ Id: 2817a7b5-2faf-4c64-a472-9c7f6c0f9370, Nodes: 6403e584-2209-453b-b79e-eeb0a7b58516{ip: 192.168.157.226, host: pr-hdds-1569-swxfz-3172132826, networkLocation: /default-rack, certSerialId: null}, Type:RATIS, Factor:ONE, State:OPEN]
2019-09-19 14:21:43,703 [grpc-default-executor-2] INFO  impl.RaftServerImpl (RaftServerImpl.java:setRole(171)) - 6403e584-2209-453b-b79e-eeb0a7b58516:group-5B7DDBC4A4BA changes role from FOLLOWER to FOLLOWER at term 1 for recognizeCandidate:85c6a9f3-b9a5-43a5-ac4f-9aa7bd5f2263
2019-09-19 14:21:43,703 [grpc-default-executor-1] INFO  impl.RaftServerImpl (RaftServerImpl.java:setRole(171)) - 306a7a99-f2a5-4f40-b42b-2fc2def08a6a:group-5B7DDBC4A4BA changes role from FOLLOWER to FOLLOWER at term 1 for recognizeCandidate:85c6a9f3-b9a5-43a5-ac4f-9aa7bd5f2263
2019-09-19 14:21:43,704 [grpc-default-executor-2] INFO  impl.RoleInfo (RoleInfo.java:shutdownFollowerState(121)) - 6403e584-2209-453b-b79e-eeb0a7b58516: shutdown FollowerState
2019-09-19 14:21:43,704 [grpc-default-executor-1] INFO  impl.RoleInfo (RoleInfo.java:shutdownFollowerState(121)) - 306a7a99-f2a5-4f40-b42b-2fc2def08a6a: shutdown FollowerState
2019-09-19 14:21:43,705 [grpc-default-executor-2] INFO  impl.RoleInfo (RoleInfo.java:updateAndGet(143)) - 6403e584-2209-453b-b79e-eeb0a7b58516: start FollowerState
2019-09-19 14:21:43,705 [Thread-858] INFO  impl.FollowerState (FollowerState.java:run(114)) - 306a7a99-f2a5-4f40-b42b-2fc2def08a6a: FollowerState was interrupted: java.lang.InterruptedException: sleep interrupted
2019-09-19 14:21:43,705 [Thread-866] INFO  impl.FollowerState (FollowerState.java:run(114)) - 6403e584-2209-453b-b79e-eeb0a7b58516: FollowerState was interrupted: java.lang.InterruptedException: sleep interrupted
2019-09-19 14:21:43,705 [grpc-default-executor-1] INFO  impl.RoleInfo (RoleInfo.java:updateAndGet(143)) - 306a7a99-f2a5-4f40-b42b-2fc2def08a6a: start FollowerState
2019-09-19 14:21:43,721 [Thread-917] INFO  impl.FollowerState (FollowerState.java:run(106)) - 6403e584-2209-453b-b79e-eeb0a7b58516:group-A18B01875122 changes to CANDIDATE, lastRpcTime:5086, electionTimeout:5083ms
2019-09-19 14:21:43,721 [Thread-917] INFO  impl.RoleInfo (RoleInfo.java:shutdownFollowerState(121)) - 6403e584-2209-453b-b79e-eeb0a7b58516: shutdown FollowerState
2019-09-19 14:21:43,721 [Thread-917] INFO  impl.RaftServerImpl (RaftServerImpl.java:setRole(171)) - 6403e584-2209-453b-b79e-eeb0a7b58516:group-A18B01875122 changes role from FOLLOWER to CANDIDATE at term 0 for changeToCandidate
2019-09-19 14:21:43,721 [Thread-917] INFO  impl.RoleInfo (RoleInfo.java:updateAndGet(143)) - 6403e584-2209-453b-b79e-eeb0a7b58516: start LeaderElection
2019-09-19 14:21:43,724 [grpc-default-executor-3] INFO  impl.RaftServerProxy (RaftServerProxy.java:addNew(89)) - 306a7a99-f2a5-4f40-b42b-2fc2def08a6a: addNew group-A981E405D304:[306a7a99-f2a5-4f40-b42b-2fc2def08a6a:192.168.157.226:42633] returns group-A981E405D304:java.util.concurrent.CompletableFuture@5cca37f4[Not completed]
2019-09-19 14:21:43,725 [pool-49-thread-1] INFO  impl.RaftServerImpl (RaftServerImpl.java:<init>(93)) - 306a7a99-f2a5-4f40-b42b-2fc2def08a6a: new RaftServerImpl for group-A981E405D304:[306a7a99-f2a5-4f40-b42b-2fc2def08a6a:192.168.157.226:42633] with ContainerStateMachine:uninitialized
2019-09-19 14:21:43,725 [pool-49-thread-1] INFO  server.RaftServerConfigKeys (ConfUtils.java:logGet(43)) - raft.server.rpc.timeout.min = 5s (custom)
2019-09-19 14:21:43,725 [pool-49-thread-1] INFO  server.RaftServerConfigKeys (ConfUtils.java:logGet(43)) - raft.server.rpc.timeout.max = 5200ms (custom)
2019-09-19 14:21:43,725 [pool-49-thread-1] INFO  server.RaftServerConfigKeys (ConfUtils.java:logGet(43)) - raft.server.rpcslowness.timeout = 120s (custom)
2019-09-19 14:21:43,725 [pool-49-thread-1] INFO  server.RaftServerConfigKeys (ConfUtils.java:logGet(43)) - raft.server.sleep.deviation.threshold = 300 (default)
2019-09-19 14:21:43,725 [pool-49-thread-1] INFO  server.RaftServerConfigKeys (ConfUtils.java:logGet(43)) - raft.server.log.appender.install.snapshot.enabled = false (custom)
2019-09-19 14:21:43,725 [pool-49-thread-1] INFO  impl.RaftServerImpl (ServerState.java:<init>(105)) - 306a7a99-f2a5-4f40-b42b-2fc2def08a6a:group-A981E405D304 ConfigurationManager, init=-1: [306a7a99-f2a5-4f40-b42b-2fc2def08a6a:192.168.157.226:42633], old=null, confs=<EMPTY_MAP>
2019-09-19 14:21:43,725 [pool-49-thread-1] INFO  server.RaftServerConfigKeys (ConfUtils.java:logGet(43)) - raft.server.storage.dir = [/workdir/hadoop-ozone/integration-test/target/test-dir/MiniOzoneClusterImpl-210d6028-2152-4683-81ff-347b0d29bb13/datanode-2/data/ratis] (custom)
2019-09-19 14:21:43,726 [pool-49-thread-1] INFO  storage.RaftStorageDirectory (RaftStorageDirectory.java:analyzeStorage(246)) - The storage directory /workdir/hadoop-ozone/integration-test/target/test-dir/MiniOzoneClusterImpl-210d6028-2152-4683-81ff-347b0d29bb13/datanode-2/data/ratis/3938e402-d7f1-4c8e-81db-a981e405d304 does not exist. Creating ...
2019-09-19 14:21:43,749 [306a7a99-f2a5-4f40-b42b-2fc2def08a6a:group-9B6C58BBB087:LeaderElection128] INFO  impl.LeaderElection (LeaderElection.java:askForVotes(181)) - 306a7a99-f2a5-4f40-b42b-2fc2def08a6a:group-9B6C58BBB087:LeaderElection128: begin an election at term 1 for -1: [306a7a99-f2a5-4f40-b42b-2fc2def08a6a:192.168.157.226:42633], old=null
2019-09-19 14:21:43,749 [6403e584-2209-453b-b79e-eeb0a7b58516:group-7FBA47FD431F:LeaderElection124] INFO  impl.LeaderElection (LeaderElection.java:askForVotes(181)) - 6403e584-2209-453b-b79e-eeb0a7b58516:group-7FBA47FD431F:LeaderElection124: begin an election at term 1 for -1: [6403e584-2209-453b-b79e-eeb0a7b58516:192.168.157.226:35833], old=null
2019-09-19 14:21:43,749 [306a7a99-f2a5-4f40-b42b-2fc2def08a6a:group-DCF107C2AC45:LeaderElection127] INFO  impl.LeaderElection (LeaderElection.java:askForVotes(181)) - 306a7a99-f2a5-4f40-b42b-2fc2def08a6a:group-DCF107C2AC45:LeaderElection127: begin an election at term 1 for -1: [306a7a99-f2a5-4f40-b42b-2fc2def08a6a:192.168.157.226:42633], old=null
2019-09-19 14:21:43,749 [6403e584-2209-453b-b79e-eeb0a7b58516:group-7FBA47FD431F:LeaderElection124] INFO  impl.RoleInfo (RoleInfo.java:shutdownLeaderElection(134)) - 6403e584-2209-453b-b79e-eeb0a7b58516: shutdown LeaderElection
2019-09-19 14:21:43,749 [306a7a99-f2a5-4f40-b42b-2fc2def08a6a:group-9B6C58BBB087:LeaderElection128] INFO  impl.RoleInfo (RoleInfo.java:shutdownLeaderElection(134)) - 306a7a99-f2a5-4f40-b42b-2fc2def08a6a: shutdown LeaderElection
2019-09-19 14:21:43,749 [6403e584-2209-453b-b79e-eeb0a7b58516:group-7FBA47FD431F:LeaderElection124] INFO  impl.RaftServerImpl (RaftServerImpl.java:setRole(171)) - 6403e584-2209-453b-b79e-eeb0a7b58516:group-7FBA47FD431F changes role from CANDIDATE to LEADER at term 1 for changeToLeader
2019-09-19 14:21:43,749 [306a7a99-f2a5-4f40-b42b-2fc2def08a6a:group-DCF107C2AC45:LeaderElection127] INFO  impl.RoleInfo (RoleInfo.java:shutdownLeaderElection(134)) - 306a7a99-f2a5-4f40-b42b-2fc2def08a6a: shutdown LeaderElection
2019-09-19 14:21:43,750 [6403e584-2209-453b-b79e-eeb0a7b58516:group-7FBA47FD431F:LeaderElection124] INFO  impl.RaftServerImpl (ServerState.java:setLeader(263)) - 6403e584-2209-453b-b79e-eeb0a7b58516:group-7FBA47FD431F change Leader from null to 6403e584-2209-453b-b79e-eeb0a7b58516 at term 1 for becomeLeader, leader elected after 5327ms
2019-09-19 14:21:43,750 [6403e584-2209-453b-b79e-eeb0a7b58516:group-A18B01875122:LeaderElection136] INFO  impl.LeaderElection (LeaderElection.java:askForVotes(181)) - 6403e584-2209-453b-b79e-eeb0a7b58516:group-A18B01875122:LeaderElection136: begin an election at term 1 for -1: [6403e584-2209-453b-b79e-eeb0a7b58516:192.168.157.226:35833], old=null
2019-09-19 14:21:43,750 [5dfaa0ea-416a-422c-a75d-43311aceb00a:group-CF691639F191:LeaderElection131] INFO  impl.LeaderElection (LeaderElection.java:askForVotes(181)) - 5dfaa0ea-416a-422c-a75d-43311aceb00a:group-CF691639F191:LeaderElection131: begin an election at term 1 for -1: [5dfaa0ea-416a-422c-a75d-43311aceb00a:192.168.157.226:45629], old=null
2019-09-19 14:21:43,750 [6403e584-2209-453b-b79e-eeb0a7b58516:group-22B5E8709360:LeaderElection129] INFO  impl.LeaderElection (LeaderElection.java:askForVotes(181)) - 6403e584-2209-453b-b79e-eeb0a7b58516:group-22B5E8709360:LeaderElection129: begin an election at term 1 for -1: [6403e584-2209-453b-b79e-eeb0a7b58516:192.168.157.226:35833], old=null
2019-09-19 14:21:43,750 [306a7a99-f2a5-4f40-b42b-2fc2def08a6a:group-9B6C58BBB087:LeaderElection128] INFO  impl.RaftServerImpl (RaftServerImpl.java:setRole(171)) - 306a7a99-f2a5-4f40-b42b-2fc2def08a6a:group-9B6C58BBB087 changes role from CANDIDATE to LEADER at term 1 for changeToLeader
2019-09-19 14:21:43,750 [6403e584-2209-453b-b79e-eeb0a7b58516:group-22B5E8709360:LeaderElection129] INFO  impl.RoleInfo (RoleInfo.java:shutdownLeaderElection(134)) - 6403e584-2209-453b-b79e-eeb0a7b58516: shutdown LeaderElection
2019-09-19 14:21:43,750 [5dfaa0ea-416a-422c-a75d-43311aceb00a:group-CF691639F191:LeaderElection131] INFO  impl.RoleInfo (RoleInfo.java:shutdownLeaderElection(134)) - 5dfaa0ea-416a-422c-a75d-43311aceb00a: shutdown LeaderElection
2019-09-19 14:21:43,750 [6403e584-2209-453b-b79e-eeb0a7b58516:group-F3FA5553BA7E:LeaderElection133] INFO  impl.LeaderElection (LeaderElection.java:askForVotes(181)) - 6403e584-2209-453b-b79e-eeb0a7b58516:group-F3FA5553BA7E:LeaderElection133: begin an election at term 1 for -1: [6403e584-2209-453b-b79e-eeb0a7b58516:192.168.157.226:35833], old=null
2019-09-19 14:21:43,750 [6403e584-2209-453b-b79e-eeb0a7b58516:group-06952CECB4E9:LeaderElection126] INFO  impl.LeaderElection (LeaderElection.java:askForVotes(181)) - 6403e584-2209-453b-b79e-eeb0a7b58516:group-06952CECB4E9:LeaderElection126: begin an election at term 1 for -1: [6403e584-2209-453b-b79e-eeb0a7b58516:192.168.157.226:35833], old=null
2019-09-19 14:21:43,750 [5dfaa0ea-416a-422c-a75d-43311aceb00a:group-4AABC31B2E21:LeaderElection132] INFO  impl.LeaderElection (LeaderElection.java:askForVotes(181)) - 5dfaa0ea-416a-422c-a75d-43311aceb00a:group-4AABC31B2E21:LeaderElection132: begin an election at term 1 for -1: [5dfaa0ea-416a-422c-a75d-43311aceb00a:192.168.157.226:45629], old=null
2019-09-19 14:21:43,750 [6403e584-2209-453b-b79e-eeb0a7b58516:group-A18B01875122:LeaderElection136] INFO  impl.RoleInfo (RoleInfo.java:shutdownLeaderElection(134)) - 6403e584-2209-453b-b79e-eeb0a7b58516: shutdown LeaderElection
2019-09-19 14:21:43,750 [85c6a9f3-b9a5-43a5-ac4f-9aa7bd5f2263:group-FB7E126E1573:LeaderElection135] INFO  impl.LeaderElection (LeaderElection.java:askForVotes(181)) - 85c6a9f3-b9a5-43a5-ac4f-9aa7bd5f2263:group-FB7E126E1573:LeaderElection135: begin an election at term 1 for -1: [85c6a9f3-b9a5-43a5-ac4f-9aa7bd5f2263:192.168.157.226:45170], old=null
2019-09-19 14:21:43,750 [85c6a9f3-b9a5-43a5-ac4f-9aa7bd5f2263:group-AD08C883F5D3:LeaderElection125] INFO  impl.LeaderElection (LeaderElection.java:askForVotes(181)) - 85c6a9f3-b9a5-43a5-ac4f-9aa7bd5f2263:group-AD08C883F5D3:LeaderElection125: begin an election at term 1 for -1: [85c6a9f3-b9a5-43a5-ac4f-9aa7bd5f2263:192.168.157.226:45170], old=null
2019-09-19 14:21:43,750 [431517c4-8c09-4790-b37b-2e132c8143ad:group-15A8695B4945:LeaderElection130] INFO  impl.LeaderElection (LeaderElection.java:askForVotes(181)) - 431517c4-8c09-4790-b37b-2e132c8143ad:group-15A8695B4945:LeaderElection130: begin an election at term 1 for -1: [431517c4-8c09-4790-b37b-2e132c8143ad:192.168.157.226:40911], old=null
2019-09-19 14:21:43,751 [431517c4-8c09-4790-b37b-2e132c8143ad:group-15A8695B4945:LeaderElection130] INFO  impl.RoleInfo (RoleInfo.java:shutdownLeaderElection(134)) - 431517c4-8c09-4790-b37b-2e132c8143ad: shutdown LeaderElection
2019-09-19 14:21:43,750 [306a7a99-f2a5-4f40-b42b-2fc2def08a6a:group-281FA53C833A:LeaderElection134] INFO  impl.LeaderElection (LeaderElection.java:askForVotes(181)) - 306a7a99-f2a5-4f40-b42b-2fc2def08a6a:group-281FA53C833A:LeaderElection134: begin an election at term 1 for -1: [306a7a99-f2a5-4f40-b42b-2fc2def08a6a:192.168.157.226:42633], old=null
2019-09-19 14:21:43,750 [6403e584-2209-453b-b79e-eeb0a7b58516:group-7FBA47FD431F:LeaderElection124] INFO  server.RaftServerConfigKeys (ConfUtils.java:logGet(43)) - raft.server.staging.catchup.gap = 1000 (default)
2019-09-19 14:21:43,750 [306a7a99-f2a5-4f40-b42b-2fc2def08a6a:group-DCF107C2AC45:LeaderElection127] INFO  impl.RaftServerImpl (RaftServerImpl.java:setRole(171)) - 306a7a99-f2a5-4f40-b42b-2fc2def08a6a:group-DCF107C2AC45 changes role from CANDIDATE to LEADER at term 1 for changeToLeader
2019-09-19 14:21:43,752 [6403e584-2209-453b-b79e-eeb0a7b58516:group-7FBA47FD431F:LeaderElection124] INFO  server.RaftServerConfigKeys (ConfUtils.java:logGet(43)) - raft.server.rpc.sleep.time = 25ms (default)
2019-09-19 14:21:43,751 [306a7a99-f2a5-4f40-b42b-2fc2def08a6a:group-281FA53C833A:LeaderElection134] INFO  impl.RoleInfo (RoleInfo.java:shutdownLeaderElection(134)) - 306a7a99-f2a5-4f40-b42b-2fc2def08a6a: shutdown LeaderElection
2019-09-19 14:21:43,751 [431517c4-8c09-4790-b37b-2e132c8143ad:group-15A8695B4945:LeaderElection130] INFO  impl.RaftServerImpl (RaftServerImpl.java:setRole(171)) - 431517c4-8c09-4790-b37b-2e132c8143ad:group-15A8695B4945 changes role from CANDIDATE to LEADER at term 1 for changeToLeader
2019-09-19 14:21:43,751 [85c6a9f3-b9a5-43a5-ac4f-9aa7bd5f2263:group-AD08C883F5D3:LeaderElection125] INFO  impl.RoleInfo (RoleInfo.java:shutdownLeaderElection(134)) - 85c6a9f3-b9a5-43a5-ac4f-9aa7bd5f2263: shutdown LeaderElection
2019-09-19 14:21:43,751 [85c6a9f3-b9a5-43a5-ac4f-9aa7bd5f2263:group-FB7E126E1573:LeaderElection135] INFO  impl.RoleInfo (RoleInfo.java:shutdownLeaderElection(134)) - 85c6a9f3-b9a5-43a5-ac4f-9aa7bd5f2263: shutdown LeaderElection
2019-09-19 14:21:43,751 [6403e584-2209-453b-b79e-eeb0a7b58516:group-A18B01875122:LeaderElection136] INFO  impl.RaftServerImpl (RaftServerImpl.java:setRole(171)) - 6403e584-2209-453b-b79e-eeb0a7b58516:group-A18B01875122 changes role from CANDIDATE to LEADER at term 1 for changeToLeader
2019-09-19 14:21:43,751 [5dfaa0ea-416a-422c-a75d-43311aceb00a:group-4AABC31B2E21:LeaderElection132] INFO  impl.RoleInfo (RoleInfo.java:shutdownLeaderElection(134)) - 5dfaa0ea-416a-422c-a75d-43311aceb00a: shutdown LeaderElection
2019-09-19 14:21:43,752 [5dfaa0ea-416a-422c-a75d-43311aceb00a:group-4AABC31B2E21:LeaderElection132] INFO  impl.RaftServerImpl (RaftServerImpl.java:setRole(171)) - 5dfaa0ea-416a-422c-a75d-43311aceb00a:group-4AABC31B2E21 changes role from CANDIDATE to LEADER at term 1 for changeToLeader
2019-09-19 14:21:43,751 [6403e584-2209-453b-b79e-eeb0a7b58516:group-06952CECB4E9:LeaderElection126] INFO  impl.RoleInfo (RoleInfo.java:shutdownLeaderElection(134)) - 6403e584-2209-453b-b79e-eeb0a7b58516: shutdown LeaderElection
2019-09-19 14:21:43,751 [6403e584-2209-453b-b79e-eeb0a7b58516:group-F3FA5553BA7E:LeaderElection133] INFO  impl.RoleInfo (RoleInfo.java:shutdownLeaderElection(134)) - 6403e584-2209-453b-b79e-eeb0a7b58516: shutdown LeaderElection
2019-09-19 14:21:43,750 [5dfaa0ea-416a-422c-a75d-43311aceb00a:group-CF691639F191:LeaderElection131] INFO  impl.RaftServerImpl (RaftServerImpl.java:setRole(171)) - 5dfaa0ea-416a-422c-a75d-43311aceb00a:group-CF691639F191 changes role from CANDIDATE to LEADER at term 1 for changeToLeader
2019-09-19 14:21:43,750 [6403e584-2209-453b-b79e-eeb0a7b58516:group-22B5E8709360:LeaderElection129] INFO  impl.RaftServerImpl (RaftServerImpl.java:setRole(171)) - 6403e584-2209-453b-b79e-eeb0a7b58516:group-22B5E8709360 changes role from CANDIDATE to LEADER at term 1 for changeToLeader
2019-09-19 14:21:43,750 [306a7a99-f2a5-4f40-b42b-2fc2def08a6a:group-9B6C58BBB087:LeaderElection128] INFO  impl.RaftServerImpl (ServerState.java:setLeader(263)) - 306a7a99-f2a5-4f40-b42b-2fc2def08a6a:group-9B6C58BBB087 change Leader from null to 306a7a99-f2a5-4f40-b42b-2fc2def08a6a at term 1 for becomeLeader, leader elected after 5488ms
2019-09-19 14:21:43,753 [6403e584-2209-453b-b79e-eeb0a7b58516:group-22B5E8709360:LeaderElection129] INFO  impl.RaftServerImpl (ServerState.java:setLeader(263)) - 6403e584-2209-453b-b79e-eeb0a7b58516:group-22B5E8709360 change Leader from null to 6403e584-2209-453b-b79e-eeb0a7b58516 at term 1 for becomeLeader, leader elected after 5471ms
2019-09-19 14:21:43,753 [5dfaa0ea-416a-422c-a75d-43311aceb00a:group-CF691639F191:LeaderElection131] INFO  impl.RaftServerImpl (ServerState.java:setLeader(263)) - 5dfaa0ea-416a-422c-a75d-43311aceb00a:group-CF691639F191 change Leader from null to 5dfaa0ea-416a-422c-a75d-43311aceb00a at term 1 for becomeLeader, leader elected after 5289ms
2019-09-19 14:21:43,753 [6403e584-2209-453b-b79e-eeb0a7b58516:group-F3FA5553BA7E:LeaderElection133] INFO  impl.RaftServerImpl (RaftServerImpl.java:setRole(171)) - 6403e584-2209-453b-b79e-eeb0a7b58516:group-F3FA5553BA7E changes role from CANDIDATE to LEADER at term 1 for changeToLeader
2019-09-19 14:21:43,753 [6403e584-2209-453b-b79e-eeb0a7b58516:group-F3FA5553BA7E:LeaderElection133] INFO  impl.RaftServerImpl (ServerState.java:setLeader(263)) - 6403e584-2209-453b-b79e-eeb0a7b58516:group-F3FA5553BA7E change Leader from null to 6403e584-2209-453b-b79e-eeb0a7b58516 at term 1 for becomeLeader, leader elected after 5250ms
2019-09-19 14:21:43,753 [6403e584-2209-453b-b79e-eeb0a7b58516:group-06952CECB4E9:LeaderElection126] INFO  impl.RaftServerImpl (RaftServerImpl.java:setRole(171)) - 6403e584-2209-453b-b79e-eeb0a7b58516:group-06952CECB4E9 changes role from CANDIDATE to LEADER at term 1 for changeToLeader
2019-09-19 14:21:43,752 [5dfaa0ea-416a-422c-a75d-43311aceb00a:group-4AABC31B2E21:LeaderElection132] INFO  impl.RaftServerImpl (ServerState.java:setLeader(263)) - 5dfaa0ea-416a-422c-a75d-43311aceb00a:group-4AABC31B2E21 change Leader from null to 5dfaa0ea-416a-422c-a75d-43311aceb00a at term 1 for becomeLeader, leader elected after 5368ms
2019-09-19 14:21:43,752 [6403e584-2209-453b-b79e-eeb0a7b58516:group-A18B01875122:LeaderElection136] INFO  impl.RaftServerImpl (ServerState.java:setLeader(263)) - 6403e584-2209-453b-b79e-eeb0a7b58516:group-A18B01875122 change Leader from null to 6403e584-2209-453b-b79e-eeb0a7b58516 at term 1 for becomeLeader, leader elected after 5123ms
2019-09-19 14:21:43,752 [85c6a9f3-b9a5-43a5-ac4f-9aa7bd5f2263:group-FB7E126E1573:LeaderElection135] INFO  impl.RaftServerImpl (RaftServerImpl.java:setRole(171)) - 85c6a9f3-b9a5-43a5-ac4f-9aa7bd5f2263:group-FB7E126E1573 changes role from CANDIDATE to LEADER at term 1 for changeToLeader
2019-09-19 14:21:43,752 [85c6a9f3-b9a5-43a5-ac4f-9aa7bd5f2263:group-AD08C883F5D3:LeaderElection125] INFO  impl.RaftServerImpl (RaftServerImpl.java:setRole(171)) - 85c6a9f3-b9a5-43a5-ac4f-9aa7bd5f2263:group-AD08C883F5D3 changes role from CANDIDATE to LEADER at term 1 for changeToLeader
2019-09-19 14:21:43,752 [Thread-923] INFO  impl.FollowerState (FollowerState.java:run(106)) - 6403e584-2209-453b-b79e-eeb0a7b58516:group-ACEF403FFE2B changes to CANDIDATE, lastRpcTime:5027, electionTimeout:5027ms
2019-09-19 14:21:43,752 [431517c4-8c09-4790-b37b-2e132c8143ad:group-15A8695B4945:LeaderElection130] INFO  impl.RaftServerImpl (ServerState.java:setLeader(263)) - 431517c4-8c09-4790-b37b-2e132c8143ad:group-15A8695B4945 change Leader from null to 431517c4-8c09-4790-b37b-2e132c8143ad at term 1 for becomeLeader, leader elected after 5450ms
2019-09-19 14:21:43,754 [431517c4-8c09-4790-b37b-2e132c8143ad:group-15A8695B4945:LeaderElection130] INFO  server.RaftServerConfigKeys (ConfUtils.java:logGet(43)) - raft.server.staging.catchup.gap = 1000 (default)
2019-09-19 14:21:43,752 [306a7a99-f2a5-4f40-b42b-2fc2def08a6a:group-281FA53C833A:LeaderElection134] INFO  impl.RaftServerImpl (RaftServerImpl.java:setRole(171)) - 306a7a99-f2a5-4f40-b42b-2fc2def08a6a:group-281FA53C833A changes role from CANDIDATE to LEADER at term 1 for changeToLeader
2019-09-19 14:21:43,754 [306a7a99-f2a5-4f40-b42b-2fc2def08a6a:group-281FA53C833A:LeaderElection134] INFO  impl.RaftServerImpl (ServerState.java:setLeader(263)) - 306a7a99-f2a5-4f40-b42b-2fc2def08a6a:group-281FA53C833A change Leader from null to 306a7a99-f2a5-4f40-b42b-2fc2def08a6a at term 1 for becomeLeader, leader elected after 5210ms
2019-09-19 14:21:43,752 [6403e584-2209-453b-b79e-eeb0a7b58516:group-7FBA47FD431F:LeaderElection124] INFO  server.RaftServerConfigKeys (ConfUtils.java:logGet(43)) - raft.server.write.element-limit = 4096 (default)
2019-09-19 14:21:43,752 [306a7a99-f2a5-4f40-b42b-2fc2def08a6a:group-DCF107C2AC45:LeaderElection127] INFO  impl.RaftServerImpl (ServerState.java:setLeader(263)) - 306a7a99-f2a5-4f40-b42b-2fc2def08a6a:group-DCF107C2AC45 change Leader from null to 306a7a99-f2a5-4f40-b42b-2fc2def08a6a at term 1 for becomeLeader, leader elected after 5389ms
2019-09-19 14:21:43,755 [6403e584-2209-453b-b79e-eeb0a7b58516:group-7FBA47FD431F:LeaderElection124] INFO  server.RaftServerConfigKeys (ConfUtils.java:logGet(43)) - raft.server.watch.timeout = 10s (default)
2019-09-19 14:21:43,755 [6403e584-2209-453b-b79e-eeb0a7b58516:group-7FBA47FD431F:LeaderElection124] INFO  server.RaftServerConfigKeys (ConfUtils.java:logGet(43)) - raft.server.watch.timeout.denomination = 1s (default)
2019-09-19 14:21:43,755 [306a7a99-f2a5-4f40-b42b-2fc2def08a6a:group-281FA53C833A:LeaderElection134] INFO  server.RaftServerConfigKeys (ConfUtils.java:logGet(43)) - raft.server.staging.catchup.gap = 1000 (default)
2019-09-19 14:21:43,754 [431517c4-8c09-4790-b37b-2e132c8143ad:group-15A8695B4945:LeaderElection130] INFO  server.RaftServerConfigKeys (ConfUtils.java:logGet(43)) - raft.server.rpc.sleep.time = 25ms (default)
2019-09-19 14:21:43,754 [Thread-923] INFO  impl.RoleInfo (RoleInfo.java:shutdownFollowerState(121)) - 6403e584-2209-453b-b79e-eeb0a7b58516: shutdown FollowerState
2019-09-19 14:21:43,754 [85c6a9f3-b9a5-43a5-ac4f-9aa7bd5f2263:group-AD08C883F5D3:LeaderElection125] INFO  impl.RaftServerImpl (ServerState.java:setLeader(263)) - 85c6a9f3-b9a5-43a5-ac4f-9aa7bd5f2263:group-AD08C883F5D3 change Leader from null to 85c6a9f3-b9a5-43a5-ac4f-9aa7bd5f2263 at term 1 for becomeLeader, leader elected after 5431ms
2019-09-19 14:21:43,754 [85c6a9f3-b9a5-43a5-ac4f-9aa7bd5f2263:group-FB7E126E1573:LeaderElection135] INFO  impl.RaftServerImpl (ServerState.java:setLeader(263)) - 85c6a9f3-b9a5-43a5-ac4f-9aa7bd5f2263:group-FB7E126E1573 change Leader from null to 85c6a9f3-b9a5-43a5-ac4f-9aa7bd5f2263 at term 1 for becomeLeader, leader elected after 5169ms
2019-09-19 14:21:43,754 [6403e584-2209-453b-b79e-eeb0a7b58516:group-A18B01875122:LeaderElection136] INFO  server.RaftServerConfigKeys (ConfUtils.java:logGet(43)) - raft.server.staging.catchup.gap = 1000 (default)
2019-09-19 14:21:43,754 [5dfaa0ea-416a-422c-a75d-43311aceb00a:group-4AABC31B2E21:LeaderElection132] INFO  server.RaftServerConfigKeys (ConfUtils.java:logGet(43)) - raft.server.staging.catchup.gap = 1000 (default)
2019-09-19 14:21:43,756 [5dfaa0ea-416a-422c-a75d-43311aceb00a:group-4AABC31B2E21:LeaderElection132] INFO  server.RaftServerConfigKeys (ConfUtils.java:logGet(43)) - raft.server.rpc.sleep.time = 25ms (default)
2019-09-19 14:21:43,754 [6403e584-2209-453b-b79e-eeb0a7b58516:group-06952CECB4E9:LeaderElection126] INFO  impl.RaftServerImpl (ServerState.java:setLeader(263)) - 6403e584-2209-453b-b79e-eeb0a7b58516:group-06952CECB4E9 change Leader from null to 6403e584-2209-453b-b79e-eeb0a7b58516 at term 1 for becomeLeader, leader elected after 5410ms
2019-09-19 14:21:43,753 [6403e584-2209-453b-b79e-eeb0a7b58516:group-F3FA5553BA7E:LeaderElection133] INFO  server.RaftServerConfigKeys (ConfUtils.java:logGet(43)) - raft.server.staging.catchup.gap = 1000 (default)
2019-09-19 14:21:43,753 [5dfaa0ea-416a-422c-a75d-43311aceb00a:group-CF691639F191:LeaderElection131] INFO  server.RaftServerConfigKeys (ConfUtils.java:logGet(43)) - raft.server.staging.catchup.gap = 1000 (default)
2019-09-19 14:21:43,753 [6403e584-2209-453b-b79e-eeb0a7b58516:group-22B5E8709360:LeaderElection129] INFO  server.RaftServerConfigKeys (ConfUtils.java:logGet(43)) - raft.server.staging.catchup.gap = 1000 (default)
2019-09-19 14:21:43,756 [6403e584-2209-453b-b79e-eeb0a7b58516:group-22B5E8709360:LeaderElection129] INFO  server.RaftServerConfigKeys (ConfUtils.java:logGet(43)) - raft.server.rpc.sleep.time = 25ms (default)
2019-09-19 14:21:43,753 [306a7a99-f2a5-4f40-b42b-2fc2def08a6a:group-9B6C58BBB087:LeaderElection128] INFO  server.RaftServerConfigKeys (ConfUtils.java:logGet(43)) - raft.server.staging.catchup.gap = 1000 (default)
2019-09-19 14:21:43,757 [6403e584-2209-453b-b79e-eeb0a7b58516:group-22B5E8709360:LeaderElection129] INFO  server.RaftServerConfigKeys (ConfUtils.java:logGet(43)) - raft.server.write.element-limit = 4096 (default)
2019-09-19 14:21:43,756 [5dfaa0ea-416a-422c-a75d-43311aceb00a:group-CF691639F191:LeaderElection131] INFO  server.RaftServerConfigKeys (ConfUtils.java:logGet(43)) - raft.server.rpc.sleep.time = 25ms (default)
2019-09-19 14:21:43,756 [6403e584-2209-453b-b79e-eeb0a7b58516:group-F3FA5553BA7E:LeaderElection133] INFO  server.RaftServerConfigKeys (ConfUtils.java:logGet(43)) - raft.server.rpc.sleep.time = 25ms (default)
2019-09-19 14:21:43,756 [6403e584-2209-453b-b79e-eeb0a7b58516:group-06952CECB4E9:LeaderElection126] INFO  server.RaftServerConfigKeys (ConfUtils.java:logGet(43)) - raft.server.staging.catchup.gap = 1000 (default)
2019-09-19 14:21:43,756 [5dfaa0ea-416a-422c-a75d-43311aceb00a:group-4AABC31B2E21:LeaderElection132] INFO  server.RaftServerConfigKeys (ConfUtils.java:logGet(43)) - raft.server.write.element-limit = 4096 (default)
2019-09-19 14:21:43,756 [6403e584-2209-453b-b79e-eeb0a7b58516:group-A18B01875122:LeaderElection136] INFO  server.RaftServerConfigKeys (ConfUtils.java:logGet(43)) - raft.server.rpc.sleep.time = 25ms (default)
2019-09-19 14:21:43,755 [85c6a9f3-b9a5-43a5-ac4f-9aa7bd5f2263:group-FB7E126E1573:LeaderElection135] INFO  server.RaftServerConfigKeys (ConfUtils.java:logGet(43)) - raft.server.staging.catchup.gap = 1000 (default)
2019-09-19 14:21:43,755 [85c6a9f3-b9a5-43a5-ac4f-9aa7bd5f2263:group-AD08C883F5D3:LeaderElection125] INFO  server.RaftServerConfigKeys (ConfUtils.java:logGet(43)) - raft.server.staging.catchup.gap = 1000 (default)
2019-09-19 14:21:43,755 [Thread-923] INFO  impl.RaftServerImpl (RaftServerImpl.java:setRole(171)) - 6403e584-2209-453b-b79e-eeb0a7b58516:group-ACEF403FFE2B changes role from FOLLOWER to CANDIDATE at term 0 for changeToCandidate
2019-09-19 14:21:43,755 [431517c4-8c09-4790-b37b-2e132c8143ad:group-15A8695B4945:LeaderElection130] INFO  server.RaftServerConfigKeys (ConfUtils.java:logGet(43)) - raft.server.write.element-limit = 4096 (default)
2019-09-19 14:21:43,755 [306a7a99-f2a5-4f40-b42b-2fc2def08a6a:group-281FA53C833A:LeaderElection134] INFO  server.RaftServerConfigKeys (ConfUtils.java:logGet(43)) - raft.server.rpc.sleep.time = 25ms (default)
2019-09-19 14:21:43,755 [6403e584-2209-453b-b79e-eeb0a7b58516:group-7FBA47FD431F:LeaderElection124] INFO  server.RaftServerConfigKeys (ConfUtils.java:logGet(43)) - raft.server.watch.element-limit = 65536 (default)
2019-09-19 14:21:43,755 [306a7a99-f2a5-4f40-b42b-2fc2def08a6a:group-DCF107C2AC45:LeaderElection127] INFO  server.RaftServerConfigKeys (ConfUtils.java:logGet(43)) - raft.server.staging.catchup.gap = 1000 (default)
2019-09-19 14:21:43,758 [306a7a99-f2a5-4f40-b42b-2fc2def08a6a:group-281FA53C833A:LeaderElection134] INFO  server.RaftServerConfigKeys (ConfUtils.java:logGet(43)) - raft.server.write.element-limit = 4096 (default)
2019-09-19 14:21:43,758 [431517c4-8c09-4790-b37b-2e132c8143ad:group-15A8695B4945:LeaderElection130] INFO  server.RaftServerConfigKeys (ConfUtils.java:logGet(43)) - raft.server.watch.timeout = 10s (default)
2019-09-19 14:21:43,758 [Thread-923] INFO  impl.RoleInfo (RoleInfo.java:updateAndGet(143)) - 6403e584-2209-453b-b79e-eeb0a7b58516: start LeaderElection
2019-09-19 14:21:43,758 [85c6a9f3-b9a5-43a5-ac4f-9aa7bd5f2263:group-AD08C883F5D3:LeaderElection125] INFO  server.RaftServerConfigKeys (ConfUtils.java:logGet(43)) - raft.server.rpc.sleep.time = 25ms (default)
2019-09-19 14:21:43,758 [85c6a9f3-b9a5-43a5-ac4f-9aa7bd5f2263:group-FB7E126E1573:LeaderElection135] INFO  server.RaftServerConfigKeys (ConfUtils.java:logGet(43)) - raft.server.rpc.sleep.time = 25ms (default)
2019-09-19 14:21:43,758 [6403e584-2209-453b-b79e-eeb0a7b58516:group-A18B01875122:LeaderElection136] INFO  server.RaftServerConfigKeys (ConfUtils.java:logGet(43)) - raft.server.write.element-limit = 4096 (default)
2019-09-19 14:21:43,757 [5dfaa0ea-416a-422c-a75d-43311aceb00a:group-4AABC31B2E21:LeaderElection132] INFO  server.RaftServerConfigKeys (ConfUtils.java:logGet(43)) - raft.server.watch.timeout = 10s (default)
2019-09-19 14:21:43,759 [5dfaa0ea-416a-422c-a75d-43311aceb00a:group-4AABC31B2E21:LeaderElection132] INFO  server.RaftServerConfigKeys (ConfUtils.java:logGet(43)) - raft.server.watch.timeout.denomination = 1s (default)
2019-09-19 14:21:43,757 [6403e584-2209-453b-b79e-eeb0a7b58516:group-06952CECB4E9:LeaderElection126] INFO  server.RaftServerConfigKeys (ConfUtils.java:logGet(43)) - raft.server.rpc.sleep.time = 25ms (default)
2019-09-19 14:21:43,757 [6403e584-2209-453b-b79e-eeb0a7b58516:group-F3FA5553BA7E:LeaderElection133] INFO  server.RaftServerConfigKeys (ConfUtils.java:logGet(43)) - raft.server.write.element-limit = 4096 (default)
2019-09-19 14:21:43,757 [5dfaa0ea-416a-422c-a75d-43311aceb00a:group-CF691639F191:LeaderElection131] INFO  server.RaftServerConfigKeys (ConfUtils.java:logGet(43)) - raft.server.write.element-limit = 4096 (default)
2019-09-19 14:21:43,757 [6403e584-2209-453b-b79e-eeb0a7b58516:group-22B5E8709360:LeaderElection129] INFO  server.RaftServerConfigKeys (ConfUtils.java:logGet(43)) - raft.server.watch.timeout = 10s (default)
2019-09-19 14:21:43,760 [6403e584-2209-453b-b79e-eeb0a7b58516:group-22B5E8709360:LeaderElection129] INFO  server.RaftServerConfigKeys (ConfUtils.java:logGet(43)) - raft.server.watch.timeout.denomination = 1s (default)
2019-09-19 14:21:43,757 [306a7a99-f2a5-4f40-b42b-2fc2def08a6a:group-9B6C58BBB087:LeaderElection128] INFO  server.RaftServerConfigKeys (ConfUtils.java:logGet(43)) - raft.server.rpc.sleep.time = 25ms (default)
2019-09-19 14:21:43,760 [6403e584-2209-453b-b79e-eeb0a7b58516:group-22B5E8709360:LeaderElection129] INFO  server.RaftServerConfigKeys (ConfUtils.java:logGet(43)) - raft.server.watch.element-limit = 65536 (default)
2019-09-19 14:21:43,761 [306a7a99-f2a5-4f40-b42b-2fc2def08a6a:group-9B6C58BBB087:LeaderElection128] INFO  server.RaftServerConfigKeys (ConfUtils.java:logGet(43)) - raft.server.write.element-limit = 4096 (default)
2019-09-19 14:21:43,760 [5dfaa0ea-416a-422c-a75d-43311aceb00a:group-CF691639F191:LeaderElection131] INFO  server.RaftServerConfigKeys (ConfUtils.java:logGet(43)) - raft.server.watch.timeout = 10s (default)
2019-09-19 14:21:43,760 [6403e584-2209-453b-b79e-eeb0a7b58516:group-F3FA5553BA7E:LeaderElection133] INFO  server.RaftServerConfigKeys (ConfUtils.java:logGet(43)) - raft.server.watch.timeout = 10s (default)
2019-09-19 14:21:43,760 [6403e584-2209-453b-b79e-eeb0a7b58516:group-06952CECB4E9:LeaderElection126] INFO  server.RaftServerConfigKeys (ConfUtils.java:logGet(43)) - raft.server.write.element-limit = 4096 (default)
2019-09-19 14:21:43,760 [5dfaa0ea-416a-422c-a75d-43311aceb00a:group-4AABC31B2E21:LeaderElection132] INFO  server.RaftServerConfigKeys (ConfUtils.java:logGet(43)) - raft.server.watch.element-limit = 65536 (default)
2019-09-19 14:21:43,759 [6403e584-2209-453b-b79e-eeb0a7b58516:group-A18B01875122:LeaderElection136] INFO  server.RaftServerConfigKeys (ConfUtils.java:logGet(43)) - raft.server.watch.timeout = 10s (default)
2019-09-19 14:21:43,762 [6403e584-2209-453b-b79e-eeb0a7b58516:group-A18B01875122:LeaderElection136] INFO  server.RaftServerConfigKeys (ConfUtils.java:logGet(43)) - raft.server.watch.timeout.denomination = 1s (default)
2019-09-19 14:21:43,759 [85c6a9f3-b9a5-43a5-ac4f-9aa7bd5f2263:group-FB7E126E1573:LeaderElection135] INFO  server.RaftServerConfigKeys (ConfUtils.java:logGet(43)) - raft.server.write.element-limit = 4096 (default)
2019-09-19 14:21:43,759 [85c6a9f3-b9a5-43a5-ac4f-9aa7bd5f2263:group-AD08C883F5D3:LeaderElection125] INFO  server.RaftServerConfigKeys (ConfUtils.java:logGet(43)) - raft.server.write.element-limit = 4096 (default)
2019-09-19 14:21:43,759 [431517c4-8c09-4790-b37b-2e132c8143ad:group-15A8695B4945:LeaderElection130] INFO  server.RaftServerConfigKeys (ConfUtils.java:logGet(43)) - raft.server.watch.timeout.denomination = 1s (default)
2019-09-19 14:21:43,759 [306a7a99-f2a5-4f40-b42b-2fc2def08a6a:group-281FA53C833A:LeaderElection134] INFO  server.RaftServerConfigKeys (ConfUtils.java:logGet(43)) - raft.server.watch.timeout = 10s (default)
2019-09-19 14:21:43,762 [306a7a99-f2a5-4f40-b42b-2fc2def08a6a:group-281FA53C833A:LeaderElection134] INFO  server.RaftServerConfigKeys (ConfUtils.java:logGet(43)) - raft.server.watch.timeout.denomination = 1s (default)
2019-09-19 14:21:43,759 [6403e584-2209-453b-b79e-eeb0a7b58516:group-7FBA47FD431F:LeaderElection124] INFO  impl.RoleInfo (RoleInfo.java:updateAndGet(143)) - 6403e584-2209-453b-b79e-eeb0a7b58516: start LeaderState
2019-09-19 14:21:43,759 [306a7a99-f2a5-4f40-b42b-2fc2def08a6a:group-DCF107C2AC45:LeaderElection127] INFO  server.RaftServerConfigKeys (ConfUtils.java:logGet(43)) - raft.server.rpc.sleep.time = 25ms (default)
2019-09-19 14:21:43,763 [6403e584-2209-453b-b79e-eeb0a7b58516:group-7FBA47FD431F:LeaderElection124] INFO  segmented.SegmentedRaftLogWorker (SegmentedRaftLogWorker.java:startLogSegment(380)) - 6403e584-2209-453b-b79e-eeb0a7b58516-SegmentedRaftLogWorker:Storage Directory /workdir/hadoop-ozone/integration-test/target/test-dir/MiniOzoneClusterImpl-210d6028-2152-4683-81ff-347b0d29bb13/datanode-3/data/ratis/332d8a1d-ba3c-475d-8e2c-7fba47fd431f: Starting segment from index:0
2019-09-19 14:21:43,762 [306a7a99-f2a5-4f40-b42b-2fc2def08a6a:group-281FA53C833A:LeaderElection134] INFO  server.RaftServerConfigKeys (ConfUtils.java:logGet(43)) - raft.server.watch.element-limit = 65536 (default)
2019-09-19 14:21:43,762 [431517c4-8c09-4790-b37b-2e132c8143ad:group-15A8695B4945:LeaderElection130] INFO  server.RaftServerConfigKeys (ConfUtils.java:logGet(43)) - raft.server.watch.element-limit = 65536 (default)
2019-09-19 14:21:43,763 [6403e584-2209-453b-b79e-eeb0a7b58516:group-7FBA47FD431F:LeaderElection124] INFO  impl.RaftServerImpl (ServerState.java:setRaftConf(361)) - 6403e584-2209-453b-b79e-eeb0a7b58516:group-7FBA47FD431F set configuration 0: [6403e584-2209-453b-b79e-eeb0a7b58516:192.168.157.226:35833], old=null at 0
2019-09-19 14:21:43,762 [85c6a9f3-b9a5-43a5-ac4f-9aa7bd5f2263:group-AD08C883F5D3:LeaderElection125] INFO  server.RaftServerConfigKeys (ConfUtils.java:logGet(43)) - raft.server.watch.timeout = 10s (default)
2019-09-19 14:21:43,762 [85c6a9f3-b9a5-43a5-ac4f-9aa7bd5f2263:group-FB7E126E1573:LeaderElection135] INFO  server.RaftServerConfigKeys (ConfUtils.java:logGet(43)) - raft.server.watch.timeout = 10s (default)
2019-09-19 14:21:43,762 [6403e584-2209-453b-b79e-eeb0a7b58516:group-A18B01875122:LeaderElection136] INFO  server.RaftServerConfigKeys (ConfUtils.java:logGet(43)) - raft.server.watch.element-limit = 65536 (default)
2019-09-19 14:21:43,762 [5dfaa0ea-416a-422c-a75d-43311aceb00a:group-4AABC31B2E21:LeaderElection132] INFO  impl.RoleInfo (RoleInfo.java:updateAndGet(143)) - 5dfaa0ea-416a-422c-a75d-43311aceb00a: start LeaderState
2019-09-19 14:21:44,035 | INFO  | SCMAudit | user=jenkins1000 | ip=192.168.157.226 | op=SEND_HEARTBEAT {datanodeUUID=1190b9a7-12b1-4c15-b33e-f7d0a0cd436c, command=[]} | ret=SUCCESS |  
2019-09-19 14:21:44,035 | INFO  | SCMAudit | user=jenkins1000 | ip=192.168.157.226 | op=SEND_HEARTBEAT {datanodeUUID=85c6a9f3-b9a5-43a5-ac4f-9aa7bd5f2263, command=[]} | ret=SUCCESS |  
2019-09-19 14:21:44,035 | INFO  | SCMAudit | user=jenkins1000 | ip=192.168.157.226 | op=SEND_HEARTBEAT {datanodeUUID=431517c4-8c09-4790-b37b-2e132c8143ad, command=[]} | ret=SUCCESS |  
2019-09-19 14:21:44,035 | INFO  | SCMAudit | user=jenkins1000 | ip=192.168.157.226 | op=SEND_HEARTBEAT {datanodeUUID=5dfaa0ea-416a-422c-a75d-43311aceb00a, command=[]} | ret=SUCCESS |  
2019-09-19 14:21:44,035 | INFO  | SCMAudit | user=jenkins1000 | ip=192.168.157.226 | op=SEND_HEARTBEAT {datanodeUUID=56d21ab3-8f6d-44ea-b961-c721a1c09246, command=[]} | ret=SUCCESS |  
2019-09-19 14:21:43,761 [6403e584-2209-453b-b79e-eeb0a7b58516:group-06952CECB4E9:LeaderElection126] INFO  server.RaftServerConfigKeys (ConfUtils.java:logGet(43)) - raft.server.watch.timeout = 10s (default)
2019-09-19 14:21:43,761 [6403e584-2209-453b-b79e-eeb0a7b58516:group-F3FA5553BA7E:LeaderElection133] INFO  server.RaftServerConfigKeys (ConfUtils.java:logGet(43)) - raft.server.watch.timeout.denomination = 1s (default)
2019-09-19 14:21:43,761 [5dfaa0ea-416a-422c-a75d-43311aceb00a:group-CF691639F191:LeaderElection131] INFO  server.RaftServerConfigKeys (ConfUtils.java:logGet(43)) - raft.server.watch.timeout.denomination = 1s (default)
2019-09-19 14:21:43,761 [306a7a99-f2a5-4f40-b42b-2fc2def08a6a:group-9B6C58BBB087:LeaderElection128] INFO  server.RaftServerConfigKeys (ConfUtils.java:logGet(43)) - raft.server.watch.timeout = 10s (default)
2019-09-19 14:21:43,761 [6403e584-2209-453b-b79e-eeb0a7b58516:group-22B5E8709360:LeaderElection129] INFO  impl.RoleInfo (RoleInfo.java:updateAndGet(143)) - 6403e584-2209-453b-b79e-eeb0a7b58516: start LeaderState
2019-09-19 14:21:44,035 [306a7a99-f2a5-4f40-b42b-2fc2def08a6a:group-9B6C58BBB087:LeaderElection128] INFO  server.RaftServerConfigKeys (ConfUtils.java:logGet(43)) - raft.server.watch.timeout.denomination = 1s (default)
2019-09-19 14:21:44,035 [5dfaa0ea-416a-422c-a75d-43311aceb00a:group-CF691639F191:LeaderElection131] INFO  server.RaftServerConfigKeys (ConfUtils.java:logGet(43)) - raft.server.watch.element-limit = 65536 (default)
2019-09-19 14:21:44,035 [6403e584-2209-453b-b79e-eeb0a7b58516:group-F3FA5553BA7E:LeaderElection133] INFO  server.RaftServerConfigKeys (ConfUtils.java:logGet(43)) - raft.server.watch.element-limit = 65536 (default)
2019-09-19 14:21:44,035 [6403e584-2209-453b-b79e-eeb0a7b58516:group-06952CECB4E9:LeaderElection126] INFO  server.RaftServerConfigKeys (ConfUtils.java:logGet(43)) - raft.server.watch.timeout.denomination = 1s (default)
2019-09-19 14:21:44,035 [6403e584-2209-453b-b79e-eeb0a7b58516:group-A18B01875122:LeaderElection136] INFO  impl.RoleInfo (RoleInfo.java:updateAndGet(143)) - 6403e584-2209-453b-b79e-eeb0a7b58516: start LeaderState
2019-09-19 14:21:44,035 [5dfaa0ea-416a-422c-a75d-43311aceb00a:group-4AABC31B2E21:LeaderElection132] INFO  segmented.SegmentedRaftLogWorker (SegmentedRaftLogWorker.java:startLogSegment(380)) - 5dfaa0ea-416a-422c-a75d-43311aceb00a-SegmentedRaftLogWorker:Storage Directory /workdir/hadoop-ozone/integration-test/target/test-dir/MiniOzoneClusterImpl-210d6028-2152-4683-81ff-347b0d29bb13/datanode-1/data/ratis/bc527ca0-3474-4c52-a0c9-4aabc31b2e21: Starting segment from index:0
2019-09-19 14:21:44,036 [6403e584-2209-453b-b79e-eeb0a7b58516:group-A18B01875122:LeaderElection136] INFO  segmented.SegmentedRaftLogWorker (SegmentedRaftLogWorker.java:startLogSegment(380)) - 6403e584-2209-453b-b79e-eeb0a7b58516-SegmentedRaftLogWorker:Storage Directory /workdir/hadoop-ozone/integration-test/target/test-dir/MiniOzoneClusterImpl-210d6028-2152-4683-81ff-347b0d29bb13/datanode-3/data/ratis/6cc1995c-c597-46a9-b596-a18b01875122: Starting segment from index:0
2019-09-19 14:21:44,035 [85c6a9f3-b9a5-43a5-ac4f-9aa7bd5f2263:group-FB7E126E1573:LeaderElection135] INFO  server.RaftServerConfigKeys (ConfUtils.java:logGet(43)) - raft.server.watch.timeout.denomination = 1s (default)
2019-09-19 14:21:44,035 [85c6a9f3-b9a5-43a5-ac4f-9aa7bd5f2263:group-AD08C883F5D3:LeaderElection125] INFO  server.RaftServerConfigKeys (ConfUtils.java:logGet(43)) - raft.server.watch.timeout.denomination = 1s (default)
2019-09-19 14:21:44,542 [Thread-971] INFO  impl.FollowerState (FollowerState.java:run(106)) - 85c6a9f3-b9a5-43a5-ac4f-9aa7bd5f2263:group-09BB5F23D853 changes to CANDIDATE, lastRpcTime:5194, electionTimeout:5109ms
2019-09-19 14:21:44,034 [6403e584-2209-453b-b79e-eeb0a7b58516:group-ACEF403FFE2B:LeaderElection137] INFO  impl.LeaderElection (LeaderElection.java:askForVotes(181)) - 6403e584-2209-453b-b79e-eeb0a7b58516:group-ACEF403FFE2B:LeaderElection137: begin an election at term 1 for -1: [6403e584-2209-453b-b79e-eeb0a7b58516:192.168.157.226:35833], old=null
2019-09-19 14:21:44,034 [pool-49-thread-1] INFO  storage.RaftStorageDirectory (RaftStorageDirectory.java:tryLock(328)) - Lock on /workdir/hadoop-ozone/integration-test/target/test-dir/MiniOzoneClusterImpl-210d6028-2152-4683-81ff-347b0d29bb13/datanode-2/data/ratis/3938e402-d7f1-4c8e-81db-a981e405d304/in_use.lock acquired by nodename 16198@pr-hdds-1569-swxfz-3172132826
2019-09-19 14:21:44,034 [Thread-920] INFO  impl.FollowerState (FollowerState.java:run(106)) - 306a7a99-f2a5-4f40-b42b-2fc2def08a6a:group-AAC29327E622 changes to CANDIDATE, lastRpcTime:5349, electionTimeout:5140ms
2019-09-19 14:21:44,543 [Thread-920] INFO  impl.RoleInfo (RoleInfo.java:shutdownFollowerState(121)) - 306a7a99-f2a5-4f40-b42b-2fc2def08a6a: shutdown FollowerState
2019-09-19 14:21:44,031 [Thread-932] INFO  impl.FollowerState (FollowerState.java:run(106)) - 6403e584-2209-453b-b79e-eeb0a7b58516:group-9CACC810191B changes to CANDIDATE, lastRpcTime:5174, electionTimeout:5028ms
2019-09-19 14:21:44,543 [Thread-932] INFO  impl.RoleInfo (RoleInfo.java:shutdownFollowerState(121)) - 6403e584-2209-453b-b79e-eeb0a7b58516: shutdown FollowerState
2019-09-19 14:21:44,031 [Thread-935] INFO  impl.FollowerState (FollowerState.java:run(106)) - 5dfaa0ea-416a-422c-a75d-43311aceb00a:group-40043A23C732 changes to CANDIDATE, lastRpcTime:5132, electionTimeout:5017ms
2019-09-19 14:21:44,031 [Thread-929] INFO  impl.FollowerState (FollowerState.java:run(106)) - 1190b9a7-12b1-4c15-b33e-f7d0a0cd436c:group-F8A409B5C577 changes to CANDIDATE, lastRpcTime:5229, electionTimeout:5144ms
2019-09-19 14:21:44,543 | INFO  | SCMAudit | user=jenkins1000 | ip=192.168.157.226 | op=SEND_HEARTBEAT {datanodeUUID=306a7a99-f2a5-4f40-b42b-2fc2def08a6a, command=[]} | ret=SUCCESS |  
2019-09-19 14:21:44,543 [Thread-929] INFO  impl.RoleInfo (RoleInfo.java:shutdownFollowerState(121)) - 1190b9a7-12b1-4c15-b33e-f7d0a0cd436c: shutdown FollowerState
2019-09-19 14:21:44,543 | INFO  | SCMAudit | user=jenkins1000 | ip=192.168.157.226 | op=SEND_HEARTBEAT {datanodeUUID=6403e584-2209-453b-b79e-eeb0a7b58516, command=[]} | ret=SUCCESS |  
2019-09-19 14:21:44,031 [Thread-926] INFO  impl.FollowerState (FollowerState.java:run(106)) - 6403e584-2209-453b-b79e-eeb0a7b58516:group-1F772A09F9D5 changes to CANDIDATE, lastRpcTime:5267, electionTimeout:5198ms
2019-09-19 14:21:43,763 [431517c4-8c09-4790-b37b-2e132c8143ad:group-15A8695B4945:LeaderElection130] INFO  impl.RoleInfo (RoleInfo.java:updateAndGet(143)) - 431517c4-8c09-4790-b37b-2e132c8143ad: start LeaderState
2019-09-19 14:21:43,763 [306a7a99-f2a5-4f40-b42b-2fc2def08a6a:group-281FA53C833A:LeaderElection134] INFO  impl.RoleInfo (RoleInfo.java:updateAndGet(143)) - 306a7a99-f2a5-4f40-b42b-2fc2def08a6a: start LeaderState
2019-09-19 14:21:43,763 [306a7a99-f2a5-4f40-b42b-2fc2def08a6a:group-DCF107C2AC45:LeaderElection127] INFO  server.RaftServerConfigKeys (ConfUtils.java:logGet(43)) - raft.server.write.element-limit = 4096 (default)
2019-09-19 14:21:44,544 [306a7a99-f2a5-4f40-b42b-2fc2def08a6a:group-281FA53C833A:LeaderElection134] INFO  segmented.SegmentedRaftLogWorker (SegmentedRaftLogWorker.java:startLogSegment(380)) - 306a7a99-f2a5-4f40-b42b-2fc2def08a6a-SegmentedRaftLogWorker:Storage Directory /workdir/hadoop-ozone/integration-test/target/test-dir/MiniOzoneClusterImpl-210d6028-2152-4683-81ff-347b0d29bb13/datanode-2/data/ratis/f328efdc-fdfe-4382-a265-281fa53c833a: Starting segment from index:0
2019-09-19 14:21:44,544 [431517c4-8c09-4790-b37b-2e132c8143ad:group-15A8695B4945:LeaderElection130] INFO  segmented.SegmentedRaftLogWorker (SegmentedRaftLogWorker.java:startLogSegment(380)) - 431517c4-8c09-4790-b37b-2e132c8143ad-SegmentedRaftLogWorker:Storage Directory /workdir/hadoop-ozone/integration-test/target/test-dir/MiniOzoneClusterImpl-210d6028-2152-4683-81ff-347b0d29bb13/datanode-5/data/ratis/51505c73-4ba3-4e6d-a97d-15a8695b4945: Starting segment from index:0
2019-09-19 14:21:44,544 [Thread-926] INFO  impl.RoleInfo (RoleInfo.java:shutdownFollowerState(121)) - 6403e584-2209-453b-b79e-eeb0a7b58516: shutdown FollowerState
2019-09-19 14:21:44,543 [Thread-929] INFO  impl.RaftServerImpl (RaftServerImpl.java:setRole(171)) - 1190b9a7-12b1-4c15-b33e-f7d0a0cd436c:group-F8A409B5C577 changes role from FOLLOWER to CANDIDATE at term 0 for changeToCandidate
2019-09-19 14:21:44,543 [Thread-935] INFO  impl.RoleInfo (RoleInfo.java:shutdownFollowerState(121)) - 5dfaa0ea-416a-422c-a75d-43311aceb00a: shutdown FollowerState
2019-09-19 14:21:44,543 [Thread-932] INFO  impl.RaftServerImpl (RaftServerImpl.java:setRole(171)) - 6403e584-2209-453b-b79e-eeb0a7b58516:group-9CACC810191B changes role from FOLLOWER to CANDIDATE at term 0 for changeToCandidate
2019-09-19 14:21:44,543 [Thread-920] INFO  impl.RaftServerImpl (RaftServerImpl.java:setRole(171)) - 306a7a99-f2a5-4f40-b42b-2fc2def08a6a:group-AAC29327E622 changes role from FOLLOWER to CANDIDATE at term 0 for changeToCandidate
2019-09-19 14:21:44,542 [6403e584-2209-453b-b79e-eeb0a7b58516:group-ACEF403FFE2B:LeaderElection137] INFO  impl.RoleInfo (RoleInfo.java:shutdownLeaderElection(134)) - 6403e584-2209-453b-b79e-eeb0a7b58516: shutdown LeaderElection
2019-09-19 14:21:44,542 [Thread-962] INFO  impl.FollowerState (FollowerState.java:run(106)) - 306a7a99-f2a5-4f40-b42b-2fc2def08a6a:group-16E92723A98A changes to CANDIDATE, lastRpcTime:5305, electionTimeout:5115ms
2019-09-19 14:21:44,542 [Thread-956] INFO  impl.FollowerState (FollowerState.java:run(106)) - 5dfaa0ea-416a-422c-a75d-43311aceb00a:group-8272BA0EC9B5 changes to CANDIDATE, lastRpcTime:5380, electionTimeout:5136ms
2019-09-19 14:21:44,542 [Thread-971] INFO  impl.RoleInfo (RoleInfo.java:shutdownFollowerState(121)) - 85c6a9f3-b9a5-43a5-ac4f-9aa7bd5f2263: shutdown FollowerState
2019-09-19 14:21:44,542 [Thread-965] INFO  impl.FollowerState (FollowerState.java:run(106)) - 306a7a99-f2a5-4f40-b42b-2fc2def08a6a:group-E8EC7E2A7D73 changes to CANDIDATE, lastRpcTime:5270, electionTimeout:5118ms
2019-09-19 14:21:45,050 [Thread-965] INFO  impl.RoleInfo (RoleInfo.java:shutdownFollowerState(121)) - 306a7a99-f2a5-4f40-b42b-2fc2def08a6a: shutdown FollowerState
2019-09-19 14:21:44,542 [Thread-974] INFO  impl.FollowerState (FollowerState.java:run(106)) - 306a7a99-f2a5-4f40-b42b-2fc2def08a6a:group-F7F2E51F902E changes to CANDIDATE, lastRpcTime:5159, electionTimeout:5020ms
2019-09-19 14:21:44,542 [Thread-968] INFO  impl.FollowerState (FollowerState.java:run(106)) - 306a7a99-f2a5-4f40-b42b-2fc2def08a6a:group-BA6B5495B088 changes to CANDIDATE, lastRpcTime:5234, electionTimeout:5133ms
2019-09-19 14:21:44,542 [85c6a9f3-b9a5-43a5-ac4f-9aa7bd5f2263:group-AD08C883F5D3:LeaderElection125] INFO  server.RaftServerConfigKeys (ConfUtils.java:logGet(43)) - raft.server.watch.element-limit = 65536 (default)
2019-09-19 14:21:44,542 [Thread-977] INFO  impl.FollowerState (FollowerState.java:run(106)) - 1190b9a7-12b1-4c15-b33e-f7d0a0cd436c:group-E32ECD57E9E2 changes to CANDIDATE, lastRpcTime:5084, electionTimeout:5038ms
2019-09-19 14:21:45,050 [85c6a9f3-b9a5-43a5-ac4f-9aa7bd5f2263:group-AD08C883F5D3:LeaderElection125] INFO  impl.RoleInfo (RoleInfo.java:updateAndGet(143)) - 85c6a9f3-b9a5-43a5-ac4f-9aa7bd5f2263: start LeaderState
2019-09-19 14:21:44,542 [85c6a9f3-b9a5-43a5-ac4f-9aa7bd5f2263:group-FB7E126E1573:LeaderElection135] INFO  server.RaftServerConfigKeys (ConfUtils.java:logGet(43)) - raft.server.watch.element-limit = 65536 (default)
2019-09-19 14:21:44,542 [5dfaa0ea-416a-422c-a75d-43311aceb00a:group-4AABC31B2E21:LeaderElection132] INFO  impl.RaftServerImpl (ServerState.java:setRaftConf(361)) - 5dfaa0ea-416a-422c-a75d-43311aceb00a:group-4AABC31B2E21 set configuration 0: [5dfaa0ea-416a-422c-a75d-43311aceb00a:192.168.157.226:45629], old=null at 0
2019-09-19 14:21:45,051 [85c6a9f3-b9a5-43a5-ac4f-9aa7bd5f2263:group-FB7E126E1573:LeaderElection135] INFO  impl.RoleInfo (RoleInfo.java:updateAndGet(143)) - 85c6a9f3-b9a5-43a5-ac4f-9aa7bd5f2263: start LeaderState
2019-09-19 14:21:44,542 [Thread-947] WARN  util.JavaUtils (JavaUtils.java:sleep(250)) - Unexpected long sleep: sleep(5018ms) actually took 5466ms which is over the threshold 300ms
2019-09-19 14:21:44,541 [Thread-938] WARN  util.JavaUtils (JavaUtils.java:sleep(250)) - Unexpected long sleep: sleep(5159ms) actually took 5582ms which is over the threshold 300ms
2019-09-19 14:21:44,541 [Thread-944] WARN  util.JavaUtils (JavaUtils.java:sleep(250)) - Unexpected long sleep: sleep(5084ms) actually took 5505ms which is over the threshold 300ms
2019-09-19 14:21:44,541 [Thread-941] WARN  util.JavaUtils (JavaUtils.java:sleep(250)) - Unexpected long sleep: sleep(5137ms) actually took 5544ms which is over the threshold 300ms
2019-09-19 14:21:44,541 [Thread-950] WARN  util.JavaUtils (JavaUtils.java:sleep(250)) - Unexpected long sleep: sleep(5023ms) actually took 5424ms which is over the threshold 300ms
2019-09-19 14:21:44,291 [6403e584-2209-453b-b79e-eeb0a7b58516:group-A18B01875122:LeaderElection136] INFO  impl.RaftServerImpl (ServerState.java:setRaftConf(361)) - 6403e584-2209-453b-b79e-eeb0a7b58516:group-A18B01875122 set configuration 0: [6403e584-2209-453b-b79e-eeb0a7b58516:192.168.157.226:35833], old=null at 0
2019-09-19 14:21:44,290 [Thread-959] INFO  impl.FollowerState (FollowerState.java:run(106)) - 306a7a99-f2a5-4f40-b42b-2fc2def08a6a:group-F51DF659A370 changes to CANDIDATE, lastRpcTime:5090, electionTimeout:5090ms
2019-09-19 14:21:44,290 [Thread-953] INFO  impl.FollowerState (FollowerState.java:run(106)) - 1190b9a7-12b1-4c15-b33e-f7d0a0cd436c:group-CB3D96F0AD97 changes to CANDIDATE, lastRpcTime:5145, electionTimeout:5075ms
2019-09-19 14:21:45,052 | INFO  | SCMAudit | user=jenkins1000 | ip=192.168.157.226 | op=SEND_HEARTBEAT {datanodeUUID=431517c4-8c09-4790-b37b-2e132c8143ad, command=[]} | ret=SUCCESS |  
2019-09-19 14:21:45,052 | INFO  | SCMAudit | user=jenkins1000 | ip=192.168.157.226 | op=SEND_HEARTBEAT {datanodeUUID=5dfaa0ea-416a-422c-a75d-43311aceb00a, command=[]} | ret=SUCCESS |  
2019-09-19 14:21:45,052 | INFO  | SCMAudit | user=jenkins1000 | ip=192.168.157.226 | op=SEND_HEARTBEAT {datanodeUUID=56d21ab3-8f6d-44ea-b961-c721a1c09246, command=[]} | ret=SUCCESS |  
2019-09-19 14:21:45,052 [Thread-989] INFO  impl.FollowerState (FollowerState.java:run(106)) - 85c6a9f3-b9a5-43a5-ac4f-9aa7bd5f2263:group-28B9763AF9C6 changes to CANDIDATE, lastRpcTime:5417, electionTimeout:5192ms
2019-09-19 14:21:45,052 | INFO  | SCMAudit | user=jenkins1000 | ip=192.168.157.226 | op=SEND_HEARTBEAT {datanodeUUID=85c6a9f3-b9a5-43a5-ac4f-9aa7bd5f2263, command=[]} | ret=SUCCESS |  
2019-09-19 14:21:45,052 [Thread-989] INFO  impl.RoleInfo (RoleInfo.java:shutdownFollowerState(121)) - 85c6a9f3-b9a5-43a5-ac4f-9aa7bd5f2263: shutdown FollowerState
2019-09-19 14:21:44,036 [6403e584-2209-453b-b79e-eeb0a7b58516:group-06952CECB4E9:LeaderElection126] INFO  server.RaftServerConfigKeys (ConfUtils.java:logGet(43)) - raft.server.watch.element-limit = 65536 (default)
2019-09-19 14:21:44,036 [6403e584-2209-453b-b79e-eeb0a7b58516:group-F3FA5553BA7E:LeaderElection133] INFO  impl.RoleInfo (RoleInfo.java:updateAndGet(143)) - 6403e584-2209-453b-b79e-eeb0a7b58516: start LeaderState
2019-09-19 14:21:44,036 [5dfaa0ea-416a-422c-a75d-43311aceb00a:group-CF691639F191:LeaderElection131] INFO  impl.RoleInfo (RoleInfo.java:updateAndGet(143)) - 5dfaa0ea-416a-422c-a75d-43311aceb00a: start LeaderState
2019-09-19 14:21:44,036 [306a7a99-f2a5-4f40-b42b-2fc2def08a6a:group-9B6C58BBB087:LeaderElection128] INFO  server.RaftServerConfigKeys (ConfUtils.java:logGet(43)) - raft.server.watch.element-limit = 65536 (default)
2019-09-19 14:21:45,053 | INFO  | SCMAudit | user=jenkins1000 | ip=192.168.157.226 | op=SEND_HEARTBEAT {datanodeUUID=1190b9a7-12b1-4c15-b33e-f7d0a0cd436c, command=[]} | ret=SUCCESS |  
2019-09-19 14:21:44,035 [6403e584-2209-453b-b79e-eeb0a7b58516:group-22B5E8709360:LeaderElection129] INFO  segmented.SegmentedRaftLogWorker (SegmentedRaftLogWorker.java:startLogSegment(380)) - 6403e584-2209-453b-b79e-eeb0a7b58516-SegmentedRaftLogWorker:Storage Directory /workdir/hadoop-ozone/integration-test/target/test-dir/MiniOzoneClusterImpl-210d6028-2152-4683-81ff-347b0d29bb13/datanode-3/data/ratis/ced2034c-3cc6-4eae-b8c8-22b5e8709360: Starting segment from index:0
2019-09-19 14:21:45,053 [306a7a99-f2a5-4f40-b42b-2fc2def08a6a:group-9B6C58BBB087:LeaderElection128] INFO  impl.RoleInfo (RoleInfo.java:updateAndGet(143)) - 306a7a99-f2a5-4f40-b42b-2fc2def08a6a: start LeaderState
2019-09-19 14:21:45,053 [5dfaa0ea-416a-422c-a75d-43311aceb00a:group-CF691639F191:LeaderElection131] INFO  segmented.SegmentedRaftLogWorker (SegmentedRaftLogWorker.java:startLogSegment(380)) - 5dfaa0ea-416a-422c-a75d-43311aceb00a-SegmentedRaftLogWorker:Storage Directory /workdir/hadoop-ozone/integration-test/target/test-dir/MiniOzoneClusterImpl-210d6028-2152-4683-81ff-347b0d29bb13/datanode-1/data/ratis/f7387304-c578-4d69-ac92-cf691639f191: Starting segment from index:0
2019-09-19 14:21:45,052 [85c6a9f3-b9a5-43a5-ac4f-9aa7bd5f2263:group-5B7DDBC4A4BA:LeaderElection122] INFO  impl.LeaderElection (LeaderElection.java:logAndReturn(56)) - 85c6a9f3-b9a5-43a5-ac4f-9aa7bd5f2263:group-5B7DDBC4A4BA:LeaderElection122: Election PASSED; received 1 response(s) [85c6a9f3-b9a5-43a5-ac4f-9aa7bd5f2263<-306a7a99-f2a5-4f40-b42b-2fc2def08a6a#0:OK-t1] and 0 exception(s); 85c6a9f3-b9a5-43a5-ac4f-9aa7bd5f2263:t1, leader=null, voted=85c6a9f3-b9a5-43a5-ac4f-9aa7bd5f2263, raftlog=85c6a9f3-b9a5-43a5-ac4f-9aa7bd5f2263-SegmentedRaftLog:OPENED:c-1,f-1,i0, conf=-1: [85c6a9f3-b9a5-43a5-ac4f-9aa7bd5f2263:192.168.157.226:45170, 306a7a99-f2a5-4f40-b42b-2fc2def08a6a:192.168.157.226:42633, 6403e584-2209-453b-b79e-eeb0a7b58516:192.168.157.226:35833], old=null
2019-09-19 14:21:45,052 [6403e584-2209-453b-b79e-eeb0a7b58516:group-F3FA5553BA7E:LeaderElection133] INFO  segmented.SegmentedRaftLogWorker (SegmentedRaftLogWorker.java:startLogSegment(380)) - 6403e584-2209-453b-b79e-eeb0a7b58516-SegmentedRaftLogWorker:Storage Directory /workdir/hadoop-ozone/integration-test/target/test-dir/MiniOzoneClusterImpl-210d6028-2152-4683-81ff-347b0d29bb13/datanode-3/data/ratis/4b6d68ee-3216-4610-8069-f3fa5553ba7e: Starting segment from index:0
2019-09-19 14:21:45,052 [6403e584-2209-453b-b79e-eeb0a7b58516:group-06952CECB4E9:LeaderElection126] INFO  impl.RoleInfo (RoleInfo.java:updateAndGet(143)) - 6403e584-2209-453b-b79e-eeb0a7b58516: start LeaderState
2019-09-19 14:21:45,052 [Thread-989] INFO  impl.RaftServerImpl (RaftServerImpl.java:setRole(171)) - 85c6a9f3-b9a5-43a5-ac4f-9aa7bd5f2263:group-28B9763AF9C6 changes role from FOLLOWER to CANDIDATE at term 0 for changeToCandidate
2019-09-19 14:21:45,052 [Thread-992] INFO  impl.FollowerState (FollowerState.java:run(106)) - 5dfaa0ea-416a-422c-a75d-43311aceb00a:group-5434A5443223 changes to CANDIDATE, lastRpcTime:5367, electionTimeout:5114ms
2019-09-19 14:21:45,742 | INFO  | SCMAudit | user=jenkins1000 | ip=192.168.157.226 | op=SEND_HEARTBEAT {datanodeUUID=306a7a99-f2a5-4f40-b42b-2fc2def08a6a, command=[]} | ret=SUCCESS |  
2019-09-19 14:21:45,742 | INFO  | SCMAudit | user=jenkins1000 | ip=192.168.157.226 | op=SEND_HEARTBEAT {datanodeUUID=6403e584-2209-453b-b79e-eeb0a7b58516, command=[]} | ret=SUCCESS |  
2019-09-19 14:21:45,052 [Thread-1001] INFO  impl.FollowerState (FollowerState.java:run(106)) - 5dfaa0ea-416a-422c-a75d-43311aceb00a:group-434F2440A2F3 changes to CANDIDATE, lastRpcTime:5251, electionTimeout:5007ms
2019-09-19 14:21:45,052 [Thread-953] INFO  impl.RoleInfo (RoleInfo.java:shutdownFollowerState(121)) - 1190b9a7-12b1-4c15-b33e-f7d0a0cd436c: shutdown FollowerState
2019-09-19 14:21:45,052 [Thread-995] INFO  impl.FollowerState (FollowerState.java:run(106)) - 85c6a9f3-b9a5-43a5-ac4f-9aa7bd5f2263:group-38451878E2DA changes to CANDIDATE, lastRpcTime:5327, electionTimeout:5148ms
2019-09-19 14:21:45,743 [Thread-995] INFO  impl.RoleInfo (RoleInfo.java:shutdownFollowerState(121)) - 85c6a9f3-b9a5-43a5-ac4f-9aa7bd5f2263: shutdown FollowerState
2019-09-19 14:21:45,052 [Thread-1004] INFO  impl.FollowerState (FollowerState.java:run(106)) - 85c6a9f3-b9a5-43a5-ac4f-9aa7bd5f2263:group-9BF0E3E86DDD changes to CANDIDATE, lastRpcTime:5209, electionTimeout:5079ms
2019-09-19 14:21:45,743 [Thread-1004] INFO  impl.RoleInfo (RoleInfo.java:shutdownFollowerState(121)) - 85c6a9f3-b9a5-43a5-ac4f-9aa7bd5f2263: shutdown FollowerState
2019-09-19 14:21:45,052 [Thread-998] INFO  impl.FollowerState (FollowerState.java:run(106)) - 306a7a99-f2a5-4f40-b42b-2fc2def08a6a:group-26E40AF3AE02 changes to CANDIDATE, lastRpcTime:5288, electionTimeout:5189ms
2019-09-19 14:21:45,052 [Thread-1013] INFO  impl.FollowerState (FollowerState.java:run(106)) - 6403e584-2209-453b-b79e-eeb0a7b58516:group-133D6F8D7E88 changes to CANDIDATE, lastRpcTime:5096, electionTimeout:5004ms
2019-09-19 14:21:45,052 [Thread-1019] INFO  impl.FollowerState (FollowerState.java:run(106)) - 85c6a9f3-b9a5-43a5-ac4f-9aa7bd5f2263:group-E11A284D5E69 changes to CANDIDATE, lastRpcTime:5022, electionTimeout:5000ms
2019-09-19 14:21:45,052 [Thread-959] INFO  impl.RoleInfo (RoleInfo.java:shutdownFollowerState(121)) - 306a7a99-f2a5-4f40-b42b-2fc2def08a6a: shutdown FollowerState
2019-09-19 14:21:45,744 [Thread-959] INFO  impl.RaftServerImpl (RaftServerImpl.java:setRole(171)) - 306a7a99-f2a5-4f40-b42b-2fc2def08a6a:group-F51DF659A370 changes role from FOLLOWER to CANDIDATE at term 0 for changeToCandidate
2019-09-19 14:21:45,051 [85c6a9f3-b9a5-43a5-ac4f-9aa7bd5f2263:group-FB7E126E1573:LeaderElection135] INFO  segmented.SegmentedRaftLogWorker (SegmentedRaftLogWorker.java:startLogSegment(380)) - 85c6a9f3-b9a5-43a5-ac4f-9aa7bd5f2263-SegmentedRaftLogWorker:Storage Directory /workdir/hadoop-ozone/integration-test/target/test-dir/MiniOzoneClusterImpl-210d6028-2152-4683-81ff-347b0d29bb13/datanode-0/data/ratis/359331fd-2cfc-4e89-817c-fb7e126e1573: Starting segment from index:0
2019-09-19 14:21:45,051 [85c6a9f3-b9a5-43a5-ac4f-9aa7bd5f2263:group-AD08C883F5D3:LeaderElection125] INFO  segmented.SegmentedRaftLogWorker (SegmentedRaftLogWorker.java:startLogSegment(380)) - 85c6a9f3-b9a5-43a5-ac4f-9aa7bd5f2263-SegmentedRaftLogWorker:Storage Directory /workdir/hadoop-ozone/integration-test/target/test-dir/MiniOzoneClusterImpl-210d6028-2152-4683-81ff-347b0d29bb13/datanode-0/data/ratis/33b2b0cf-6182-4832-b9b7-ad08c883f5d3: Starting segment from index:0
2019-09-19 14:21:45,050 [Thread-977] INFO  impl.RoleInfo (RoleInfo.java:shutdownFollowerState(121)) - 1190b9a7-12b1-4c15-b33e-f7d0a0cd436c: shutdown FollowerState
2019-09-19 14:21:45,050 [Thread-968] INFO  impl.RoleInfo (RoleInfo.java:shutdownFollowerState(121)) - 306a7a99-f2a5-4f40-b42b-2fc2def08a6a: shutdown FollowerState
2019-09-19 14:21:45,745 [85c6a9f3-b9a5-43a5-ac4f-9aa7bd5f2263:group-AD08C883F5D3:LeaderElection125] INFO  impl.RaftServerImpl (ServerState.java:setRaftConf(361)) - 85c6a9f3-b9a5-43a5-ac4f-9aa7bd5f2263:group-AD08C883F5D3 set configuration 0: [85c6a9f3-b9a5-43a5-ac4f-9aa7bd5f2263:192.168.157.226:45170], old=null at 0
2019-09-19 14:21:45,050 [Thread-974] INFO  impl.RoleInfo (RoleInfo.java:shutdownFollowerState(121)) - 306a7a99-f2a5-4f40-b42b-2fc2def08a6a: shutdown FollowerState
2019-09-19 14:21:45,050 [Thread-965] INFO  impl.RaftServerImpl (RaftServerImpl.java:setRole(171)) - 306a7a99-f2a5-4f40-b42b-2fc2def08a6a:group-E8EC7E2A7D73 changes role from FOLLOWER to CANDIDATE at term 0 for changeToCandidate
2019-09-19 14:21:45,050 [Thread-971] INFO  impl.RaftServerImpl (RaftServerImpl.java:setRole(171)) - 85c6a9f3-b9a5-43a5-ac4f-9aa7bd5f2263:group-09BB5F23D853 changes role from FOLLOWER to CANDIDATE at term 0 for changeToCandidate
2019-09-19 14:21:45,050 [Thread-956] INFO  impl.RoleInfo (RoleInfo.java:shutdownFollowerState(121)) - 5dfaa0ea-416a-422c-a75d-43311aceb00a: shutdown FollowerState
2019-09-19 14:21:45,999 [Thread-956] INFO  impl.RaftServerImpl (RaftServerImpl.java:setRole(171)) - 5dfaa0ea-416a-422c-a75d-43311aceb00a:group-8272BA0EC9B5 changes role from FOLLOWER to CANDIDATE at term 0 for changeToCandidate
2019-09-19 14:21:45,050 [Thread-962] INFO  impl.RoleInfo (RoleInfo.java:shutdownFollowerState(121)) - 306a7a99-f2a5-4f40-b42b-2fc2def08a6a: shutdown FollowerState
2019-09-19 14:21:45,999 [Thread-962] INFO  impl.RaftServerImpl (RaftServerImpl.java:setRole(171)) - 306a7a99-f2a5-4f40-b42b-2fc2def08a6a:group-16E92723A98A changes role from FOLLOWER to CANDIDATE at term 0 for changeToCandidate
2019-09-19 14:21:45,050 [6403e584-2209-453b-b79e-eeb0a7b58516:group-ACEF403FFE2B:LeaderElection137] INFO  impl.RaftServerImpl (RaftServerImpl.java:setRole(171)) - 6403e584-2209-453b-b79e-eeb0a7b58516:group-ACEF403FFE2B changes role from CANDIDATE to LEADER at term 1 for changeToLeader
2019-09-19 14:21:46,000 [6403e584-2209-453b-b79e-eeb0a7b58516:group-ACEF403FFE2B:LeaderElection137] INFO  impl.RaftServerImpl (ServerState.java:setLeader(263)) - 6403e584-2209-453b-b79e-eeb0a7b58516:group-ACEF403FFE2B change Leader from null to 6403e584-2209-453b-b79e-eeb0a7b58516 at term 1 for becomeLeader, leader elected after 7278ms
2019-09-19 14:21:45,049 [Thread-920] INFO  impl.RoleInfo (RoleInfo.java:updateAndGet(143)) - 306a7a99-f2a5-4f40-b42b-2fc2def08a6a: start LeaderElection
2019-09-19 14:21:45,049 [Thread-1007] INFO  impl.FollowerState (FollowerState.java:run(106)) - 306a7a99-f2a5-4f40-b42b-2fc2def08a6a:group-EA67B07F3728 changes to CANDIDATE, lastRpcTime:5168, electionTimeout:5164ms
2019-09-19 14:21:45,049 [Thread-932] INFO  impl.RoleInfo (RoleInfo.java:updateAndGet(143)) - 6403e584-2209-453b-b79e-eeb0a7b58516: start LeaderElection
2019-09-19 14:21:45,049 [Thread-935] INFO  impl.RaftServerImpl (RaftServerImpl.java:setRole(171)) - 5dfaa0ea-416a-422c-a75d-43311aceb00a:group-40043A23C732 changes role from FOLLOWER to CANDIDATE at term 0 for changeToCandidate
2019-09-19 14:21:45,049 [431517c4-8c09-4790-b37b-2e132c8143ad:group-15A8695B4945:LeaderElection130] INFO  impl.RaftServerImpl (ServerState.java:setRaftConf(361)) - 431517c4-8c09-4790-b37b-2e132c8143ad:group-15A8695B4945 set configuration 0: [431517c4-8c09-4790-b37b-2e132c8143ad:192.168.157.226:40911], old=null at 0
2019-09-19 14:21:45,049 [Thread-929] INFO  impl.RoleInfo (RoleInfo.java:updateAndGet(143)) - 1190b9a7-12b1-4c15-b33e-f7d0a0cd436c: start LeaderElection
2019-09-19 14:21:45,049 [pool-49-thread-1] INFO  storage.RaftStorage (RaftStorage.java:format(72)) - Storage directory /workdir/hadoop-ozone/integration-test/target/test-dir/MiniOzoneClusterImpl-210d6028-2152-4683-81ff-347b0d29bb13/datanode-2/data/ratis/3938e402-d7f1-4c8e-81db-a981e405d304 has been successfully formatted.
2019-09-19 14:21:45,049 [Thread-983] WARN  util.JavaUtils (JavaUtils.java:sleep(250)) - Unexpected long sleep: sleep(5042ms) actually took 5508ms which is over the threshold 300ms
2019-09-19 14:21:45,047 [Thread-980] WARN  util.JavaUtils (JavaUtils.java:sleep(250)) - Unexpected long sleep: sleep(5174ms) actually took 5546ms which is over the threshold 300ms
2019-09-19 14:21:45,047 [Thread-986] WARN  util.JavaUtils (JavaUtils.java:sleep(250)) - Unexpected long sleep: sleep(5085ms) actually took 5455ms which is over the threshold 300ms
2019-09-19 14:21:44,798 [6403e584-2209-453b-b79e-eeb0a7b58516-SegmentedRaftLogWorker:Storage Directory /workdir/hadoop-ozone/integration-test/target/test-dir/MiniOzoneClusterImpl-210d6028-2152-4683-81ff-347b0d29bb13/datanode-3/data/ratis/7486c150-856a-4ca9-9876-bc6162215a45] ERROR segmented.SegmentedRaftLogWorker (SegmentedRaftLogWorker.java:run(323)) - 6403e584-2209-453b-b79e-eeb0a7b58516-SegmentedRaftLogWorker:Storage Directory /workdir/hadoop-ozone/integration-test/target/test-dir/MiniOzoneClusterImpl-210d6028-2152-4683-81ff-347b0d29bb13/datanode-3/data/ratis/7486c150-856a-4ca9-9876-bc6162215a45 hit exception
java.lang.OutOfMemoryError: Direct buffer memory
	at java.nio.Bits.reserveMemory(Bits.java:666)
	at java.nio.DirectByteBuffer.<init>(DirectByteBuffer.java:123)
	at java.nio.ByteBuffer.allocateDirect(ByteBuffer.java:311)
	at org.apache.ratis.server.raftlog.segmented.BufferedWriteChannel.<init>(BufferedWriteChannel.java:41)
	at org.apache.ratis.server.raftlog.segmented.SegmentedRaftLogOutputStream.<init>(SegmentedRaftLogOutputStream.java:72)
	at org.apache.ratis.server.raftlog.segmented.SegmentedRaftLogWorker$StartLogSegment.execute(SegmentedRaftLogWorker.java:566)
	at org.apache.ratis.server.raftlog.segmented.SegmentedRaftLogWorker.run(SegmentedRaftLogWorker.java:289)
	at java.lang.Thread.run(Thread.java:748)
2019-09-19 14:21:44,545 [306a7a99-f2a5-4f40-b42b-2fc2def08a6a:group-281FA53C833A:LeaderElection134] INFO  impl.RaftServerImpl (ServerState.java:setRaftConf(361)) - 306a7a99-f2a5-4f40-b42b-2fc2def08a6a:group-281FA53C833A set configuration 0: [306a7a99-f2a5-4f40-b42b-2fc2def08a6a:192.168.157.226:42633], old=null at 0
2019-09-19 14:21:44,545 [Thread-926] INFO  impl.RaftServerImpl (RaftServerImpl.java:setRole(171)) - 6403e584-2209-453b-b79e-eeb0a7b58516:group-1F772A09F9D5 changes role from FOLLOWER to CANDIDATE at term 0 for changeToCandidate
2019-09-19 14:21:44,544 [306a7a99-f2a5-4f40-b42b-2fc2def08a6a:group-DCF107C2AC45:LeaderElection127] INFO  server.RaftServerConfigKeys (ConfUtils.java:logGet(43)) - raft.server.watch.timeout = 10s (default)
2019-09-19 14:21:46,002 [Thread-926] INFO  impl.RoleInfo (RoleInfo.java:updateAndGet(143)) - 6403e584-2209-453b-b79e-eeb0a7b58516: start LeaderElection
2019-09-19 14:21:46,002 [6403e584-2209-453b-b79e-eeb0a7b58516-SegmentedRaftLogWorker:Storage Directory /workdir/hadoop-ozone/integration-test/target/test-dir/MiniOzoneClusterImpl-210d6028-2152-4683-81ff-347b0d29bb13/datanode-3/data/ratis/7486c150-856a-4ca9-9876-bc6162215a45] INFO  impl.RaftServerImpl (RaftServerImpl.java:lambda$shutdown$3(245)) - 6403e584-2209-453b-b79e-eeb0a7b58516: shutdown group-BC6162215A45
2019-09-19 14:21:46,001 [pool-49-thread-1] INFO  ratis.ContainerStateMachine (ContainerStateMachine.java:loadSnapshot(226)) - group-A981E405D304: The snapshot info is null. Setting the last applied indexto:(t:0, i:~)
2019-09-19 14:21:46,000 [Thread-935] INFO  impl.RoleInfo (RoleInfo.java:updateAndGet(143)) - 5dfaa0ea-416a-422c-a75d-43311aceb00a: start LeaderElection
2019-09-19 14:21:46,000 [Thread-1007] INFO  impl.RoleInfo (RoleInfo.java:shutdownFollowerState(121)) - 306a7a99-f2a5-4f40-b42b-2fc2def08a6a: shutdown FollowerState
2019-09-19 14:21:46,000 [6403e584-2209-453b-b79e-eeb0a7b58516:group-ACEF403FFE2B:LeaderElection137] INFO  server.RaftServerConfigKeys (ConfUtils.java:logGet(43)) - raft.server.staging.catchup.gap = 1000 (default)
2019-09-19 14:21:45,999 [Thread-962] INFO  impl.RoleInfo (RoleInfo.java:updateAndGet(143)) - 306a7a99-f2a5-4f40-b42b-2fc2def08a6a: start LeaderElection
2019-09-19 14:21:45,999 [Thread-956] INFO  impl.RoleInfo (RoleInfo.java:updateAndGet(143)) - 5dfaa0ea-416a-422c-a75d-43311aceb00a: start LeaderElection
2019-09-19 14:21:45,999 [Thread-971] INFO  impl.RoleInfo (RoleInfo.java:updateAndGet(143)) - 85c6a9f3-b9a5-43a5-ac4f-9aa7bd5f2263: start LeaderElection
2019-09-19 14:21:45,999 [Thread-965] INFO  impl.RoleInfo (RoleInfo.java:updateAndGet(143)) - 306a7a99-f2a5-4f40-b42b-2fc2def08a6a: start LeaderElection
2019-09-19 14:21:45,999 [Thread-974] INFO  impl.RaftServerImpl (RaftServerImpl.java:setRole(171)) - 306a7a99-f2a5-4f40-b42b-2fc2def08a6a:group-F7F2E51F902E changes role from FOLLOWER to CANDIDATE at term 0 for changeToCandidate
2019-09-19 14:21:45,998 [Thread-968] INFO  impl.RaftServerImpl (RaftServerImpl.java:setRole(171)) - 306a7a99-f2a5-4f40-b42b-2fc2def08a6a:group-BA6B5495B088 changes role from FOLLOWER to CANDIDATE at term 0 for changeToCandidate
2019-09-19 14:21:46,004 [Thread-974] INFO  impl.RoleInfo (RoleInfo.java:updateAndGet(143)) - 306a7a99-f2a5-4f40-b42b-2fc2def08a6a: start LeaderElection
2019-09-19 14:21:45,998 [Thread-1067] INFO  impl.FollowerState (FollowerState.java:run(106)) - 85c6a9f3-b9a5-43a5-ac4f-9aa7bd5f2263:group-AF4AFE69BC98 changes to CANDIDATE, lastRpcTime:5279, electionTimeout:5076ms
2019-09-19 14:21:46,005 [Thread-1067] INFO  impl.RoleInfo (RoleInfo.java:shutdownFollowerState(121)) - 85c6a9f3-b9a5-43a5-ac4f-9aa7bd5f2263: shutdown FollowerState
2019-09-19 14:21:45,998 [Thread-1064] INFO  impl.FollowerState (FollowerState.java:run(106)) - 6403e584-2209-453b-b79e-eeb0a7b58516:group-8C37E5A08283 changes to CANDIDATE, lastRpcTime:5343, electionTimeout:5173ms
2019-09-19 14:21:45,998 [Thread-1070] INFO  impl.FollowerState (FollowerState.java:run(106)) - 5dfaa0ea-416a-422c-a75d-43311aceb00a:group-7F2AB031CC89 changes to CANDIDATE, lastRpcTime:5160, electionTimeout:5104ms
2019-09-19 14:21:45,745 [85c6a9f3-b9a5-43a5-ac4f-9aa7bd5f2263:group-FB7E126E1573:LeaderElection135] INFO  impl.RaftServerImpl (ServerState.java:setRaftConf(361)) - 85c6a9f3-b9a5-43a5-ac4f-9aa7bd5f2263:group-FB7E126E1573 set configuration 0: [85c6a9f3-b9a5-43a5-ac4f-9aa7bd5f2263:192.168.157.226:45170], old=null at 0
2019-09-19 14:21:45,745 [Thread-977] INFO  impl.RaftServerImpl (RaftServerImpl.java:setRole(171)) - 1190b9a7-12b1-4c15-b33e-f7d0a0cd436c:group-E32ECD57E9E2 changes role from FOLLOWER to CANDIDATE at term 0 for changeToCandidate
2019-09-19 14:21:45,744 [Thread-959] INFO  impl.RoleInfo (RoleInfo.java:updateAndGet(143)) - 306a7a99-f2a5-4f40-b42b-2fc2def08a6a: start LeaderElection
2019-09-19 14:21:45,744 [Thread-1019] INFO  impl.RoleInfo (RoleInfo.java:shutdownFollowerState(121)) - 85c6a9f3-b9a5-43a5-ac4f-9aa7bd5f2263: shutdown FollowerState
2019-09-19 14:21:46,006 [Thread-1019] INFO  impl.RaftServerImpl (RaftServerImpl.java:setRole(171)) - 85c6a9f3-b9a5-43a5-ac4f-9aa7bd5f2263:group-E11A284D5E69 changes role from FOLLOWER to CANDIDATE at term 0 for changeToCandidate
2019-09-19 14:21:45,744 [Thread-1013] INFO  impl.RoleInfo (RoleInfo.java:shutdownFollowerState(121)) - 6403e584-2209-453b-b79e-eeb0a7b58516: shutdown FollowerState
2019-09-19 14:21:46,006 [Thread-1013] INFO  impl.RaftServerImpl (RaftServerImpl.java:setRole(171)) - 6403e584-2209-453b-b79e-eeb0a7b58516:group-133D6F8D7E88 changes role from FOLLOWER to CANDIDATE at term 0 for changeToCandidate
2019-09-19 14:21:45,743 [Thread-998] INFO  impl.RoleInfo (RoleInfo.java:shutdownFollowerState(121)) - 306a7a99-f2a5-4f40-b42b-2fc2def08a6a: shutdown FollowerState
2019-09-19 14:21:45,743 [Thread-1004] INFO  impl.RaftServerImpl (RaftServerImpl.java:setRole(171)) - 85c6a9f3-b9a5-43a5-ac4f-9aa7bd5f2263:group-9BF0E3E86DDD changes role from FOLLOWER to CANDIDATE at term 0 for changeToCandidate
2019-09-19 14:21:45,743 [Thread-995] INFO  impl.RaftServerImpl (RaftServerImpl.java:setRole(171)) - 85c6a9f3-b9a5-43a5-ac4f-9aa7bd5f2263:group-38451878E2DA changes role from FOLLOWER to CANDIDATE at term 0 for changeToCandidate
2019-09-19 14:21:45,743 [Thread-953] INFO  impl.RaftServerImpl (RaftServerImpl.java:setRole(171)) - 1190b9a7-12b1-4c15-b33e-f7d0a0cd436c:group-CB3D96F0AD97 changes role from FOLLOWER to CANDIDATE at term 0 for changeToCandidate
2019-09-19 14:21:45,743 [Thread-1001] INFO  impl.RoleInfo (RoleInfo.java:shutdownFollowerState(121)) - 5dfaa0ea-416a-422c-a75d-43311aceb00a: shutdown FollowerState
2019-09-19 14:21:46,007 [Thread-1001] INFO  impl.RaftServerImpl (RaftServerImpl.java:setRole(171)) - 5dfaa0ea-416a-422c-a75d-43311aceb00a:group-434F2440A2F3 changes role from FOLLOWER to CANDIDATE at term 0 for changeToCandidate
2019-09-19 14:21:45,742 [Thread-1052] INFO  impl.FollowerState (FollowerState.java:run(106)) - 431517c4-8c09-4790-b37b-2e132c8143ad:group-D5017DB46417 changes to CANDIDATE, lastRpcTime:5263, electionTimeout:5041ms
2019-09-19 14:21:46,008 [Thread-1052] INFO  impl.RoleInfo (RoleInfo.java:shutdownFollowerState(121)) - 431517c4-8c09-4790-b37b-2e132c8143ad: shutdown FollowerState
2019-09-19 14:21:45,529 [6403e584-2209-453b-b79e-eeb0a7b58516:group-06952CECB4E9:LeaderElection126] INFO  segmented.SegmentedRaftLogWorker (SegmentedRaftLogWorker.java:startLogSegment(380)) - 6403e584-2209-453b-b79e-eeb0a7b58516-SegmentedRaftLogWorker:Storage Directory /workdir/hadoop-ozone/integration-test/target/test-dir/MiniOzoneClusterImpl-210d6028-2152-4683-81ff-347b0d29bb13/datanode-3/data/ratis/130c6fe2-bcee-49b0-a802-06952cecb4e9: Starting segment from index:0
2019-09-19 14:21:45,529 [Thread-992] INFO  impl.RoleInfo (RoleInfo.java:shutdownFollowerState(121)) - 5dfaa0ea-416a-422c-a75d-43311aceb00a: shutdown FollowerState
2019-09-19 14:21:45,742 [Thread-1055] INFO  impl.FollowerState (FollowerState.java:run(106)) - 5dfaa0ea-416a-422c-a75d-43311aceb00a:group-B95D7947D5CA changes to CANDIDATE, lastRpcTime:5225, electionTimeout:5014ms
2019-09-19 14:21:46,246 | INFO  | SCMAudit | user=jenkins1000 | ip=192.168.157.226 | op=SEND_HEARTBEAT {datanodeUUID=1190b9a7-12b1-4c15-b33e-f7d0a0cd436c, command=[]} | ret=SUCCESS |  
2019-09-19 14:21:46,246 | INFO  | SCMAudit | user=jenkins1000 | ip=192.168.157.226 | op=SEND_HEARTBEAT {datanodeUUID=5dfaa0ea-416a-422c-a75d-43311aceb00a, command=[]} | ret=SUCCESS |  
2019-09-19 14:21:46,246 | INFO  | SCMAudit | user=jenkins1000 | ip=192.168.157.226 | op=SEND_HEARTBEAT {datanodeUUID=431517c4-8c09-4790-b37b-2e132c8143ad, command=[]} | ret=SUCCESS |  
2019-09-19 14:21:46,246 | INFO  | SCMAudit | user=jenkins1000 | ip=192.168.157.226 | op=SEND_HEARTBEAT {datanodeUUID=85c6a9f3-b9a5-43a5-ac4f-9aa7bd5f2263, command=[]} | ret=SUCCESS |  
2019-09-19 14:21:46,246 | INFO  | SCMAudit | user=jenkins1000 | ip=192.168.157.226 | op=SEND_HEARTBEAT {datanodeUUID=56d21ab3-8f6d-44ea-b961-c721a1c09246, command=[]} | ret=SUCCESS |  
2019-09-19 14:21:46,247 [6403e584-2209-453b-b79e-eeb0a7b58516:group-06952CECB4E9:LeaderElection126] INFO  impl.RaftServerImpl (ServerState.java:setRaftConf(361)) - 6403e584-2209-453b-b79e-eeb0a7b58516:group-06952CECB4E9 set configuration 0: [6403e584-2209-453b-b79e-eeb0a7b58516:192.168.157.226:35833], old=null at 0
2019-09-19 14:21:45,742 [Thread-1043] INFO  impl.FollowerState (FollowerState.java:run(106)) - 1190b9a7-12b1-4c15-b33e-f7d0a0cd436c:group-9EB942FC9E99 changes to CANDIDATE, lastRpcTime:5390, electionTimeout:5187ms
2019-09-19 14:21:45,741 [Thread-1061] INFO  impl.FollowerState (FollowerState.java:run(106)) - 56d21ab3-8f6d-44ea-b961-c721a1c09246:group-9385F8753A99 changes to CANDIDATE, lastRpcTime:5125, electionTimeout:5048ms
2019-09-19 14:21:45,741 [Thread-1058] INFO  impl.FollowerState (FollowerState.java:run(106)) - 6403e584-2209-453b-b79e-eeb0a7b58516:group-09385C648829 changes to CANDIDATE, lastRpcTime:5168, electionTimeout:5160ms
2019-09-19 14:21:45,741 [Thread-1025] WARN  util.JavaUtils (JavaUtils.java:sleep(250)) - Unexpected long sleep: sleep(5049ms) actually took 5637ms which is over the threshold 300ms
2019-09-19 14:21:45,291 [Thread-1016] INFO  impl.FollowerState (FollowerState.java:run(106)) - 306a7a99-f2a5-4f40-b42b-2fc2def08a6a:group-65D6932C1949 changes to CANDIDATE, lastRpcTime:5297, electionTimeout:5165ms
2019-09-19 14:21:45,741 [Thread-1034] WARN  util.JavaUtils (JavaUtils.java:sleep(250)) - Unexpected long sleep: sleep(5157ms) actually took 5506ms which is over the threshold 300ms
2019-09-19 14:21:45,741 [Thread-1037] WARN  util.JavaUtils (JavaUtils.java:sleep(250)) - Unexpected long sleep: sleep(5119ms) actually took 5464ms which is over the threshold 300ms
2019-09-19 14:21:45,741 [Thread-1046] WARN  util.JavaUtils (JavaUtils.java:sleep(250)) - Unexpected long sleep: sleep(5013ms) actually took 5349ms which is over the threshold 300ms
2019-09-19 14:21:45,741 [Thread-1040] WARN  util.JavaUtils (JavaUtils.java:sleep(250)) - Unexpected long sleep: sleep(5090ms) actually took 5425ms which is over the threshold 300ms
2019-09-19 14:21:45,741 [Thread-1049] INFO  impl.FollowerState (FollowerState.java:run(106)) - 6403e584-2209-453b-b79e-eeb0a7b58516:group-8E3F95F61C0C changes to CANDIDATE, lastRpcTime:5302, electionTimeout:5048ms
2019-09-19 14:21:45,529 [Thread-989] INFO  impl.RoleInfo (RoleInfo.java:updateAndGet(143)) - 85c6a9f3-b9a5-43a5-ac4f-9aa7bd5f2263: start LeaderElection
2019-09-19 14:21:45,529 [6403e584-2209-453b-b79e-eeb0a7b58516:group-F3FA5553BA7E:LeaderElection133] INFO  impl.RaftServerImpl (ServerState.java:setRaftConf(361)) - 6403e584-2209-453b-b79e-eeb0a7b58516:group-F3FA5553BA7E set configuration 0: [6403e584-2209-453b-b79e-eeb0a7b58516:192.168.157.226:35833], old=null at 0
2019-09-19 14:21:45,529 [Thread-1010] WARN  util.JavaUtils (JavaUtils.java:sleep(250)) - Unexpected long sleep: sleep(5187ms) actually took 5618ms which is over the threshold 300ms
2019-09-19 14:21:45,529 [Thread-1028] WARN  util.JavaUtils (JavaUtils.java:sleep(250)) - Unexpected long sleep: sleep(5005ms) actually took 5387ms which is over the threshold 300ms
2019-09-19 14:21:45,291 [Thread-1031] INFO  impl.FollowerState (FollowerState.java:run(106)) - 85c6a9f3-b9a5-43a5-ac4f-9aa7bd5f2263:group-8AE81F3D915F changes to CANDIDATE, lastRpcTime:5102, electionTimeout:5090ms
2019-09-19 14:21:45,291 [Thread-1022] INFO  impl.FollowerState (FollowerState.java:run(106)) - 5dfaa0ea-416a-422c-a75d-43311aceb00a:group-D83635899549 changes to CANDIDATE, lastRpcTime:5223, electionTimeout:5143ms
2019-09-19 14:21:45,053 [85c6a9f3-b9a5-43a5-ac4f-9aa7bd5f2263:group-5B7DDBC4A4BA:LeaderElection122] INFO  impl.RoleInfo (RoleInfo.java:shutdownLeaderElection(134)) - 85c6a9f3-b9a5-43a5-ac4f-9aa7bd5f2263: shutdown LeaderElection
2019-09-19 14:21:45,053 [5dfaa0ea-416a-422c-a75d-43311aceb00a:group-CF691639F191:LeaderElection131] INFO  impl.RaftServerImpl (ServerState.java:setRaftConf(361)) - 5dfaa0ea-416a-422c-a75d-43311aceb00a:group-CF691639F191 set configuration 0: [5dfaa0ea-416a-422c-a75d-43311aceb00a:192.168.157.226:45629], old=null at 0
2019-09-19 14:21:45,053 [6403e584-2209-453b-b79e-eeb0a7b58516:group-22B5E8709360:LeaderElection129] INFO  impl.RaftServerImpl (ServerState.java:setRaftConf(361)) - 6403e584-2209-453b-b79e-eeb0a7b58516:group-22B5E8709360 set configuration 0: [6403e584-2209-453b-b79e-eeb0a7b58516:192.168.157.226:35833], old=null at 0
2019-09-19 14:21:45,053 [306a7a99-f2a5-4f40-b42b-2fc2def08a6a:group-9B6C58BBB087:LeaderElection128] INFO  segmented.SegmentedRaftLogWorker (SegmentedRaftLogWorker.java:startLogSegment(380)) - 306a7a99-f2a5-4f40-b42b-2fc2def08a6a-SegmentedRaftLogWorker:Storage Directory /workdir/hadoop-ozone/integration-test/target/test-dir/MiniOzoneClusterImpl-210d6028-2152-4683-81ff-347b0d29bb13/datanode-2/data/ratis/b396d099-55cf-499e-8266-9b6c58bbb087: Starting segment from index:0
2019-09-19 14:21:46,250 [85c6a9f3-b9a5-43a5-ac4f-9aa7bd5f2263:group-5B7DDBC4A4BA:LeaderElection122] INFO  impl.RaftServerImpl (RaftServerImpl.java:setRole(171)) - 85c6a9f3-b9a5-43a5-ac4f-9aa7bd5f2263:group-5B7DDBC4A4BA changes role from CANDIDATE to LEADER at term 1 for changeToLeader
2019-09-19 14:21:46,250 [Thread-1022] INFO  impl.RoleInfo (RoleInfo.java:shutdownFollowerState(121)) - 5dfaa0ea-416a-422c-a75d-43311aceb00a: shutdown FollowerState
2019-09-19 14:21:46,250 [Thread-1022] INFO  impl.RaftServerImpl (RaftServerImpl.java:setRole(171)) - 5dfaa0ea-416a-422c-a75d-43311aceb00a:group-D83635899549 changes role from FOLLOWER to CANDIDATE at term 0 for changeToCandidate
2019-09-19 14:21:46,478 [85c6a9f3-b9a5-43a5-ac4f-9aa7bd5f2263:group-28B9763AF9C6:LeaderElection141] INFO  impl.LeaderElection (LeaderElection.java:askForVotes(181)) - 85c6a9f3-b9a5-43a5-ac4f-9aa7bd5f2263:group-28B9763AF9C6:LeaderElection141: begin an election at term 1 for -1: [85c6a9f3-b9a5-43a5-ac4f-9aa7bd5f2263:192.168.157.226:45170], old=null
2019-09-19 14:21:46,249 [Thread-1031] INFO  impl.RoleInfo (RoleInfo.java:shutdownFollowerState(121)) - 85c6a9f3-b9a5-43a5-ac4f-9aa7bd5f2263: shutdown FollowerState
2019-09-19 14:21:46,249 [Thread-1049] INFO  impl.RoleInfo (RoleInfo.java:shutdownFollowerState(121)) - 6403e584-2209-453b-b79e-eeb0a7b58516: shutdown FollowerState
2019-09-19 14:21:46,479 [Thread-1049] INFO  impl.RaftServerImpl (RaftServerImpl.java:setRole(171)) - 6403e584-2209-453b-b79e-eeb0a7b58516:group-8E3F95F61C0C changes role from FOLLOWER to CANDIDATE at term 0 for changeToCandidate
2019-09-19 14:21:46,248 [Thread-1016] INFO  impl.RoleInfo (RoleInfo.java:shutdownFollowerState(121)) - 306a7a99-f2a5-4f40-b42b-2fc2def08a6a: shutdown FollowerState
2019-09-19 14:21:46,479 | INFO  | SCMAudit | user=jenkins1000 | ip=192.168.157.226 | op=SEND_HEARTBEAT {datanodeUUID=306a7a99-f2a5-4f40-b42b-2fc2def08a6a, command=[]} | ret=SUCCESS |  
2019-09-19 14:21:46,248 [Thread-1058] INFO  impl.RoleInfo (RoleInfo.java:shutdownFollowerState(121)) - 6403e584-2209-453b-b79e-eeb0a7b58516: shutdown FollowerState
2019-09-19 14:21:46,479 [Thread-1058] INFO  impl.RaftServerImpl (RaftServerImpl.java:setRole(171)) - 6403e584-2209-453b-b79e-eeb0a7b58516:group-09385C648829 changes role from FOLLOWER to CANDIDATE at term 0 for changeToCandidate
2019-09-19 14:21:46,248 [Thread-1061] INFO  impl.RoleInfo (RoleInfo.java:shutdownFollowerState(121)) - 56d21ab3-8f6d-44ea-b961-c721a1c09246: shutdown FollowerState
2019-09-19 14:21:46,479 [Thread-1061] INFO  impl.RaftServerImpl (RaftServerImpl.java:setRole(171)) - 56d21ab3-8f6d-44ea-b961-c721a1c09246:group-9385F8753A99 changes role from FOLLOWER to CANDIDATE at term 0 for changeToCandidate
2019-09-19 14:21:46,247 [Thread-1043] INFO  impl.RoleInfo (RoleInfo.java:shutdownFollowerState(121)) - 1190b9a7-12b1-4c15-b33e-f7d0a0cd436c: shutdown FollowerState
2019-09-19 14:21:46,247 [Thread-1055] INFO  impl.RoleInfo (RoleInfo.java:shutdownFollowerState(121)) - 5dfaa0ea-416a-422c-a75d-43311aceb00a: shutdown FollowerState
2019-09-19 14:21:46,247 [1190b9a7-12b1-4c15-b33e-f7d0a0cd436c:group-F8A409B5C577:LeaderElection138] INFO  impl.LeaderElection (LeaderElection.java:askForVotes(181)) - 1190b9a7-12b1-4c15-b33e-f7d0a0cd436c:group-F8A409B5C577:LeaderElection138: begin an election at term 1 for -1: [1190b9a7-12b1-4c15-b33e-f7d0a0cd436c:192.168.157.226:34463], old=null
2019-09-19 14:21:46,247 [5dfaa0ea-416a-422c-a75d-43311aceb00a:group-8272BA0EC9B5:LeaderElection145] INFO  impl.LeaderElection (LeaderElection.java:askForVotes(181)) - 5dfaa0ea-416a-422c-a75d-43311aceb00a:group-8272BA0EC9B5:LeaderElection145: begin an election at term 1 for -1: [5dfaa0ea-416a-422c-a75d-43311aceb00a:192.168.157.226:45629], old=null
2019-09-19 14:21:46,480 [5dfaa0ea-416a-422c-a75d-43311aceb00a:group-8272BA0EC9B5:LeaderElection145] INFO  impl.RoleInfo (RoleInfo.java:shutdownLeaderElection(134)) - 5dfaa0ea-416a-422c-a75d-43311aceb00a: shutdown LeaderElection
2019-09-19 14:21:46,247 [85c6a9f3-b9a5-43a5-ac4f-9aa7bd5f2263:group-09BB5F23D853:LeaderElection144] INFO  impl.LeaderElection (LeaderElection.java:askForVotes(181)) - 85c6a9f3-b9a5-43a5-ac4f-9aa7bd5f2263:group-09BB5F23D853:LeaderElection144: begin an election at term 1 for -1: [85c6a9f3-b9a5-43a5-ac4f-9aa7bd5f2263:192.168.157.226:45170], old=null
2019-09-19 14:21:46,247 [306a7a99-f2a5-4f40-b42b-2fc2def08a6a:group-E8EC7E2A7D73:LeaderElection143] INFO  impl.LeaderElection (LeaderElection.java:askForVotes(181)) - 306a7a99-f2a5-4f40-b42b-2fc2def08a6a:group-E8EC7E2A7D73:LeaderElection143: begin an election at term 1 for -1: [306a7a99-f2a5-4f40-b42b-2fc2def08a6a:192.168.157.226:42633], old=null
2019-09-19 14:21:46,247 [306a7a99-f2a5-4f40-b42b-2fc2def08a6a:group-AAC29327E622:LeaderElection140] INFO  impl.LeaderElection (LeaderElection.java:askForVotes(181)) - 306a7a99-f2a5-4f40-b42b-2fc2def08a6a:group-AAC29327E622:LeaderElection140: begin an election at term 1 for -1: [306a7a99-f2a5-4f40-b42b-2fc2def08a6a:192.168.157.226:42633], old=null
2019-09-19 14:21:46,481 [306a7a99-f2a5-4f40-b42b-2fc2def08a6a:group-AAC29327E622:LeaderElection140] INFO  impl.RoleInfo (RoleInfo.java:shutdownLeaderElection(134)) - 306a7a99-f2a5-4f40-b42b-2fc2def08a6a: shutdown LeaderElection
2019-09-19 14:21:46,247 [6403e584-2209-453b-b79e-eeb0a7b58516:group-9CACC810191B:LeaderElection139] INFO  impl.LeaderElection (LeaderElection.java:askForVotes(181)) - 6403e584-2209-453b-b79e-eeb0a7b58516:group-9CACC810191B:LeaderElection139: begin an election at term 1 for -1: [6403e584-2209-453b-b79e-eeb0a7b58516:192.168.157.226:35833], old=null
2019-09-19 14:21:46,481 [6403e584-2209-453b-b79e-eeb0a7b58516:group-9CACC810191B:LeaderElection139] INFO  impl.RoleInfo (RoleInfo.java:shutdownLeaderElection(134)) - 6403e584-2209-453b-b79e-eeb0a7b58516: shutdown LeaderElection
2019-09-19 14:21:46,247 [306a7a99-f2a5-4f40-b42b-2fc2def08a6a:group-F7F2E51F902E:LeaderElection149] INFO  impl.LeaderElection (LeaderElection.java:askForVotes(181)) - 306a7a99-f2a5-4f40-b42b-2fc2def08a6a:group-F7F2E51F902E:LeaderElection149: begin an election at term 1 for -1: [306a7a99-f2a5-4f40-b42b-2fc2def08a6a:192.168.157.226:42633], old=null
2019-09-19 14:21:46,247 [306a7a99-f2a5-4f40-b42b-2fc2def08a6a:group-F51DF659A370:LeaderElection142] INFO  impl.LeaderElection (LeaderElection.java:askForVotes(181)) - 306a7a99-f2a5-4f40-b42b-2fc2def08a6a:group-F51DF659A370:LeaderElection142: begin an election at term 1 for -1: [306a7a99-f2a5-4f40-b42b-2fc2def08a6a:192.168.157.226:42633], old=null
2019-09-19 14:21:46,247 [5dfaa0ea-416a-422c-a75d-43311aceb00a:group-40043A23C732:LeaderElection147] INFO  impl.LeaderElection (LeaderElection.java:askForVotes(181)) - 5dfaa0ea-416a-422c-a75d-43311aceb00a:group-40043A23C732:LeaderElection147: begin an election at term 1 for -1: [5dfaa0ea-416a-422c-a75d-43311aceb00a:192.168.157.226:45629], old=null
2019-09-19 14:21:46,247 [6403e584-2209-453b-b79e-eeb0a7b58516:group-1F772A09F9D5:LeaderElection148] INFO  impl.LeaderElection (LeaderElection.java:askForVotes(181)) - 6403e584-2209-453b-b79e-eeb0a7b58516:group-1F772A09F9D5:LeaderElection148: begin an election at term 1 for -1: [6403e584-2209-453b-b79e-eeb0a7b58516:192.168.157.226:35833], old=null
2019-09-19 14:21:46,482 [6403e584-2209-453b-b79e-eeb0a7b58516:group-1F772A09F9D5:LeaderElection148] INFO  impl.RoleInfo (RoleInfo.java:shutdownLeaderElection(134)) - 6403e584-2209-453b-b79e-eeb0a7b58516: shutdown LeaderElection
2019-09-19 14:21:46,247 [306a7a99-f2a5-4f40-b42b-2fc2def08a6a:group-16E92723A98A:LeaderElection146] INFO  impl.LeaderElection (LeaderElection.java:askForVotes(181)) - 306a7a99-f2a5-4f40-b42b-2fc2def08a6a:group-16E92723A98A:LeaderElection146: begin an election at term 1 for -1: [306a7a99-f2a5-4f40-b42b-2fc2def08a6a:192.168.157.226:42633], old=null
2019-09-19 14:21:46,242 [Thread-1073] INFO  impl.FollowerState (FollowerState.java:run(106)) - 5dfaa0ea-416a-422c-a75d-43311aceb00a:group-230E763C684C changes to CANDIDATE, lastRpcTime:5250, electionTimeout:5091ms
2019-09-19 14:21:46,008 [Thread-992] INFO  impl.RaftServerImpl (RaftServerImpl.java:setRole(171)) - 5dfaa0ea-416a-422c-a75d-43311aceb00a:group-5434A5443223 changes role from FOLLOWER to CANDIDATE at term 0 for changeToCandidate
2019-09-19 14:21:46,008 [Thread-1052] INFO  impl.RaftServerImpl (RaftServerImpl.java:setRole(171)) - 431517c4-8c09-4790-b37b-2e132c8143ad:group-D5017DB46417 changes role from FOLLOWER to CANDIDATE at term 0 for changeToCandidate
2019-09-19 14:21:46,008 [Thread-1001] INFO  impl.RoleInfo (RoleInfo.java:updateAndGet(143)) - 5dfaa0ea-416a-422c-a75d-43311aceb00a: start LeaderElection
2019-09-19 14:21:46,007 [Thread-953] INFO  impl.RoleInfo (RoleInfo.java:updateAndGet(143)) - 1190b9a7-12b1-4c15-b33e-f7d0a0cd436c: start LeaderElection
2019-09-19 14:21:46,007 [Thread-995] INFO  impl.RoleInfo (RoleInfo.java:updateAndGet(143)) - 85c6a9f3-b9a5-43a5-ac4f-9aa7bd5f2263: start LeaderElection
2019-09-19 14:21:46,006 [Thread-1004] INFO  impl.RoleInfo (RoleInfo.java:updateAndGet(143)) - 85c6a9f3-b9a5-43a5-ac4f-9aa7bd5f2263: start LeaderElection
2019-09-19 14:21:46,006 [Thread-998] INFO  impl.RaftServerImpl (RaftServerImpl.java:setRole(171)) - 306a7a99-f2a5-4f40-b42b-2fc2def08a6a:group-26E40AF3AE02 changes role from FOLLOWER to CANDIDATE at term 0 for changeToCandidate
2019-09-19 14:21:46,006 [Thread-1013] INFO  impl.RoleInfo (RoleInfo.java:updateAndGet(143)) - 6403e584-2209-453b-b79e-eeb0a7b58516: start LeaderElection
2019-09-19 14:21:46,006 [Thread-1019] INFO  impl.RoleInfo (RoleInfo.java:updateAndGet(143)) - 85c6a9f3-b9a5-43a5-ac4f-9aa7bd5f2263: start LeaderElection
2019-09-19 14:21:46,006 [Thread-977] INFO  impl.RoleInfo (RoleInfo.java:updateAndGet(143)) - 1190b9a7-12b1-4c15-b33e-f7d0a0cd436c: start LeaderElection
2019-09-19 14:21:46,005 [Thread-1070] INFO  impl.RoleInfo (RoleInfo.java:shutdownFollowerState(121)) - 5dfaa0ea-416a-422c-a75d-43311aceb00a: shutdown FollowerState
2019-09-19 14:21:46,005 [Thread-1064] INFO  impl.RoleInfo (RoleInfo.java:shutdownFollowerState(121)) - 6403e584-2209-453b-b79e-eeb0a7b58516: shutdown FollowerState
2019-09-19 14:21:46,005 [Thread-1067] INFO  impl.RaftServerImpl (RaftServerImpl.java:setRole(171)) - 85c6a9f3-b9a5-43a5-ac4f-9aa7bd5f2263:group-AF4AFE69BC98 changes role from FOLLOWER to CANDIDATE at term 0 for changeToCandidate
2019-09-19 14:21:46,004 [Thread-968] INFO  impl.RoleInfo (RoleInfo.java:updateAndGet(143)) - 306a7a99-f2a5-4f40-b42b-2fc2def08a6a: start LeaderElection
2019-09-19 14:21:46,003 [6403e584-2209-453b-b79e-eeb0a7b58516:group-ACEF403FFE2B:LeaderElection137] INFO  server.RaftServerConfigKeys (ConfUtils.java:logGet(43)) - raft.server.rpc.sleep.time = 25ms (default)
2019-09-19 14:21:46,003 [Thread-1007] INFO  impl.RaftServerImpl (RaftServerImpl.java:setRole(171)) - 306a7a99-f2a5-4f40-b42b-2fc2def08a6a:group-EA67B07F3728 changes role from FOLLOWER to CANDIDATE at term 0 for changeToCandidate
2019-09-19 14:21:46,003 [pool-49-thread-1] INFO  server.RaftServerConfigKeys (ConfUtils.java:logGet(43)) - raft.server.leader.election.timeout = 120s (custom)
2019-09-19 14:21:46,003 [6403e584-2209-453b-b79e-eeb0a7b58516-SegmentedRaftLogWorker:Storage Directory /workdir/hadoop-ozone/integration-test/target/test-dir/MiniOzoneClusterImpl-210d6028-2152-4683-81ff-347b0d29bb13/datanode-3/data/ratis/7486c150-856a-4ca9-9876-bc6162215a45] INFO  util.JmxRegister (JmxRegister.java:unregister(73)) - Successfully un-registered JMX Bean with object name Ratis:service=RaftServer,group=group-BC6162215A45,id=6403e584-2209-453b-b79e-eeb0a7b58516
2019-09-19 14:21:46,002 [306a7a99-f2a5-4f40-b42b-2fc2def08a6a:group-DCF107C2AC45:LeaderElection127] INFO  server.RaftServerConfigKeys (ConfUtils.java:logGet(43)) - raft.server.watch.timeout.denomination = 1s (default)
2019-09-19 14:21:46,486 [6403e584-2209-453b-b79e-eeb0a7b58516-SegmentedRaftLogWorker:Storage Directory /workdir/hadoop-ozone/integration-test/target/test-dir/MiniOzoneClusterImpl-210d6028-2152-4683-81ff-347b0d29bb13/datanode-3/data/ratis/7486c150-856a-4ca9-9876-bc6162215a45] INFO  impl.RoleInfo (RoleInfo.java:shutdownLeaderState(104)) - 6403e584-2209-453b-b79e-eeb0a7b58516: shutdown LeaderState
2019-09-19 14:21:46,486 [pool-49-thread-1] INFO  server.RaftServerConfigKeys (ConfUtils.java:logGet(43)) - raft.server.log.use.memory = false (default)
2019-09-19 14:21:46,486 [Thread-1007] INFO  impl.RoleInfo (RoleInfo.java:updateAndGet(143)) - 306a7a99-f2a5-4f40-b42b-2fc2def08a6a: start LeaderElection
2019-09-19 14:21:46,486 [6403e584-2209-453b-b79e-eeb0a7b58516:group-ACEF403FFE2B:LeaderElection137] INFO  server.RaftServerConfigKeys (ConfUtils.java:logGet(43)) - raft.server.write.element-limit = 4096 (default)
2019-09-19 14:21:46,485 [Thread-1067] INFO  impl.RoleInfo (RoleInfo.java:updateAndGet(143)) - 85c6a9f3-b9a5-43a5-ac4f-9aa7bd5f2263: start LeaderElection
2019-09-19 14:21:46,485 [Thread-1064] INFO  impl.RaftServerImpl (RaftServerImpl.java:setRole(171)) - 6403e584-2209-453b-b79e-eeb0a7b58516:group-8C37E5A08283 changes role from FOLLOWER to CANDIDATE at term 0 for changeToCandidate
2019-09-19 14:21:46,485 [Thread-1070] INFO  impl.RaftServerImpl (RaftServerImpl.java:setRole(171)) - 5dfaa0ea-416a-422c-a75d-43311aceb00a:group-7F2AB031CC89 changes role from FOLLOWER to CANDIDATE at term 0 for changeToCandidate
2019-09-19 14:21:46,484 [Thread-998] INFO  impl.RoleInfo (RoleInfo.java:updateAndGet(143)) - 306a7a99-f2a5-4f40-b42b-2fc2def08a6a: start LeaderElection
2019-09-19 14:21:46,483 [Thread-1052] INFO  impl.RoleInfo (RoleInfo.java:updateAndGet(143)) - 431517c4-8c09-4790-b37b-2e132c8143ad: start LeaderElection
2019-09-19 14:21:46,483 [Thread-992] INFO  impl.RoleInfo (RoleInfo.java:updateAndGet(143)) - 5dfaa0ea-416a-422c-a75d-43311aceb00a: start LeaderElection
2019-09-19 14:21:46,483 [Thread-1073] INFO  impl.RoleInfo (RoleInfo.java:shutdownFollowerState(121)) - 5dfaa0ea-416a-422c-a75d-43311aceb00a: shutdown FollowerState
2019-09-19 14:21:46,482 [306a7a99-f2a5-4f40-b42b-2fc2def08a6a:group-16E92723A98A:LeaderElection146] INFO  impl.RoleInfo (RoleInfo.java:shutdownLeaderElection(134)) - 306a7a99-f2a5-4f40-b42b-2fc2def08a6a: shutdown LeaderElection
2019-09-19 14:21:46,482 [6403e584-2209-453b-b79e-eeb0a7b58516:group-1F772A09F9D5:LeaderElection148] INFO  impl.RaftServerImpl (RaftServerImpl.java:setRole(171)) - 6403e584-2209-453b-b79e-eeb0a7b58516:group-1F772A09F9D5 changes role from CANDIDATE to LEADER at term 1 for changeToLeader
2019-09-19 14:21:46,482 [5dfaa0ea-416a-422c-a75d-43311aceb00a:group-40043A23C732:LeaderElection147] INFO  impl.RoleInfo (RoleInfo.java:shutdownLeaderElection(134)) - 5dfaa0ea-416a-422c-a75d-43311aceb00a: shutdown LeaderElection
2019-09-19 14:21:46,482 [306a7a99-f2a5-4f40-b42b-2fc2def08a6a:group-F51DF659A370:LeaderElection142] INFO  impl.RoleInfo (RoleInfo.java:shutdownLeaderElection(134)) - 306a7a99-f2a5-4f40-b42b-2fc2def08a6a: shutdown LeaderElection
2019-09-19 14:21:46,482 [306a7a99-f2a5-4f40-b42b-2fc2def08a6a:group-F7F2E51F902E:LeaderElection149] INFO  impl.RoleInfo (RoleInfo.java:shutdownLeaderElection(134)) - 306a7a99-f2a5-4f40-b42b-2fc2def08a6a: shutdown LeaderElection
2019-09-19 14:21:46,481 [6403e584-2209-453b-b79e-eeb0a7b58516:group-9CACC810191B:LeaderElection139] INFO  impl.RaftServerImpl (RaftServerImpl.java:setRole(171)) - 6403e584-2209-453b-b79e-eeb0a7b58516:group-9CACC810191B changes role from CANDIDATE to LEADER at term 1 for changeToLeader
2019-09-19 14:21:46,481 [306a7a99-f2a5-4f40-b42b-2fc2def08a6a:group-AAC29327E622:LeaderElection140] INFO  impl.RaftServerImpl (RaftServerImpl.java:setRole(171)) - 306a7a99-f2a5-4f40-b42b-2fc2def08a6a:group-AAC29327E622 changes role from CANDIDATE to LEADER at term 1 for changeToLeader
2019-09-19 14:21:46,481 [306a7a99-f2a5-4f40-b42b-2fc2def08a6a:group-E8EC7E2A7D73:LeaderElection143] INFO  impl.RoleInfo (RoleInfo.java:shutdownLeaderElection(134)) - 306a7a99-f2a5-4f40-b42b-2fc2def08a6a: shutdown LeaderElection
2019-09-19 14:21:46,481 [85c6a9f3-b9a5-43a5-ac4f-9aa7bd5f2263:group-09BB5F23D853:LeaderElection144] INFO  impl.RoleInfo (RoleInfo.java:shutdownLeaderElection(134)) - 85c6a9f3-b9a5-43a5-ac4f-9aa7bd5f2263: shutdown LeaderElection
2019-09-19 14:21:46,481 [5dfaa0ea-416a-422c-a75d-43311aceb00a:group-8272BA0EC9B5:LeaderElection145] INFO  impl.RaftServerImpl (RaftServerImpl.java:setRole(171)) - 5dfaa0ea-416a-422c-a75d-43311aceb00a:group-8272BA0EC9B5 changes role from CANDIDATE to LEADER at term 1 for changeToLeader
2019-09-19 14:21:46,480 [1190b9a7-12b1-4c15-b33e-f7d0a0cd436c:group-F8A409B5C577:LeaderElection138] INFO  impl.RoleInfo (RoleInfo.java:shutdownLeaderElection(134)) - 1190b9a7-12b1-4c15-b33e-f7d0a0cd436c: shutdown LeaderElection
2019-09-19 14:21:46,490 [1190b9a7-12b1-4c15-b33e-f7d0a0cd436c:group-F8A409B5C577:LeaderElection138] INFO  impl.RaftServerImpl (RaftServerImpl.java:setRole(171)) - 1190b9a7-12b1-4c15-b33e-f7d0a0cd436c:group-F8A409B5C577 changes role from CANDIDATE to LEADER at term 1 for changeToLeader
2019-09-19 14:21:46,480 [Thread-1055] INFO  impl.RaftServerImpl (RaftServerImpl.java:setRole(171)) - 5dfaa0ea-416a-422c-a75d-43311aceb00a:group-B95D7947D5CA changes role from FOLLOWER to CANDIDATE at term 0 for changeToCandidate
2019-09-19 14:21:46,480 [Thread-1043] INFO  impl.RaftServerImpl (RaftServerImpl.java:setRole(171)) - 1190b9a7-12b1-4c15-b33e-f7d0a0cd436c:group-9EB942FC9E99 changes role from FOLLOWER to CANDIDATE at term 0 for changeToCandidate
2019-09-19 14:21:46,480 [Thread-1061] INFO  impl.RoleInfo (RoleInfo.java:updateAndGet(143)) - 56d21ab3-8f6d-44ea-b961-c721a1c09246: start LeaderElection
2019-09-19 14:21:46,479 [Thread-1058] INFO  impl.RoleInfo (RoleInfo.java:updateAndGet(143)) - 6403e584-2209-453b-b79e-eeb0a7b58516: start LeaderElection
2019-09-19 14:21:46,479 [Thread-1016] INFO  impl.RaftServerImpl (RaftServerImpl.java:setRole(171)) - 306a7a99-f2a5-4f40-b42b-2fc2def08a6a:group-65D6932C1949 changes role from FOLLOWER to CANDIDATE at term 0 for changeToCandidate
2019-09-19 14:21:46,479 [Thread-1049] INFO  impl.RoleInfo (RoleInfo.java:updateAndGet(143)) - 6403e584-2209-453b-b79e-eeb0a7b58516: start LeaderElection
2019-09-19 14:21:46,479 [Thread-1031] INFO  impl.RaftServerImpl (RaftServerImpl.java:setRole(171)) - 85c6a9f3-b9a5-43a5-ac4f-9aa7bd5f2263:group-8AE81F3D915F changes role from FOLLOWER to CANDIDATE at term 0 for changeToCandidate
2019-09-19 14:21:46,479 [85c6a9f3-b9a5-43a5-ac4f-9aa7bd5f2263:group-28B9763AF9C6:LeaderElection141] INFO  impl.RoleInfo (RoleInfo.java:shutdownLeaderElection(134)) - 85c6a9f3-b9a5-43a5-ac4f-9aa7bd5f2263: shutdown LeaderElection
2019-09-19 14:21:46,478 [Thread-1022] INFO  impl.RoleInfo (RoleInfo.java:updateAndGet(143)) - 5dfaa0ea-416a-422c-a75d-43311aceb00a: start LeaderElection
2019-09-19 14:21:46,478 [Thread-1076] INFO  impl.FollowerState (FollowerState.java:run(106)) - 85c6a9f3-b9a5-43a5-ac4f-9aa7bd5f2263:group-A5C201119BCC changes to CANDIDATE, lastRpcTime:5338, electionTimeout:5181ms
2019-09-19 14:21:46,478 [Thread-1079] INFO  impl.FollowerState (FollowerState.java:run(106)) - 6403e584-2209-453b-b79e-eeb0a7b58516:group-5908DD2EABEA changes to CANDIDATE, lastRpcTime:5202, electionTimeout:5036ms
2019-09-19 14:21:46,478 [Thread-1082] INFO  impl.FollowerState (FollowerState.java:run(106)) - 6403e584-2209-453b-b79e-eeb0a7b58516:group-C75F49951D14 changes to CANDIDATE, lastRpcTime:5160, electionTimeout:5023ms
2019-09-19 14:21:46,477 [Thread-1088] INFO  impl.FollowerState (FollowerState.java:run(106)) - 1190b9a7-12b1-4c15-b33e-f7d0a0cd436c:group-3A426B0EB8F6 changes to CANDIDATE, lastRpcTime:5085, electionTimeout:5011ms
2019-09-19 14:21:46,477 [Thread-1085] INFO  impl.FollowerState (FollowerState.java:run(106)) - 306a7a99-f2a5-4f40-b42b-2fc2def08a6a:group-AE1E2B007A31 changes to CANDIDATE, lastRpcTime:5122, electionTimeout:5080ms
2019-09-19 14:21:46,250 [306a7a99-f2a5-4f40-b42b-2fc2def08a6a:group-9B6C58BBB087:LeaderElection128] INFO  impl.RaftServerImpl (ServerState.java:setRaftConf(361)) - 306a7a99-f2a5-4f40-b42b-2fc2def08a6a:group-9B6C58BBB087 set configuration 0: [306a7a99-f2a5-4f40-b42b-2fc2def08a6a:192.168.157.226:42633], old=null at 0
2019-09-19 14:21:46,250 [85c6a9f3-b9a5-43a5-ac4f-9aa7bd5f2263:group-5B7DDBC4A4BA:LeaderElection122] INFO  impl.RaftServerImpl (ServerState.java:setLeader(263)) - 85c6a9f3-b9a5-43a5-ac4f-9aa7bd5f2263:group-5B7DDBC4A4BA change Leader from null to 85c6a9f3-b9a5-43a5-ac4f-9aa7bd5f2263 at term 1 for becomeLeader, leader elected after 8114ms
2019-09-19 14:21:46,492 [Thread-1085] INFO  impl.RoleInfo (RoleInfo.java:shutdownFollowerState(121)) - 306a7a99-f2a5-4f40-b42b-2fc2def08a6a: shutdown FollowerState
2019-09-19 14:21:46,492 [Thread-1088] INFO  impl.RoleInfo (RoleInfo.java:shutdownFollowerState(121)) - 1190b9a7-12b1-4c15-b33e-f7d0a0cd436c: shutdown FollowerState
2019-09-19 14:21:46,492 [Thread-1082] INFO  impl.RoleInfo (RoleInfo.java:shutdownFollowerState(121)) - 6403e584-2209-453b-b79e-eeb0a7b58516: shutdown FollowerState
2019-09-19 14:21:46,491 [Thread-1079] INFO  impl.RoleInfo (RoleInfo.java:shutdownFollowerState(121)) - 6403e584-2209-453b-b79e-eeb0a7b58516: shutdown FollowerState
2019-09-19 14:21:46,492 [Thread-1079] INFO  impl.RaftServerImpl (RaftServerImpl.java:setRole(171)) - 6403e584-2209-453b-b79e-eeb0a7b58516:group-5908DD2EABEA changes role from FOLLOWER to CANDIDATE at term 0 for changeToCandidate
2019-09-19 14:21:46,491 [Thread-1076] INFO  impl.RoleInfo (RoleInfo.java:shutdownFollowerState(121)) - 85c6a9f3-b9a5-43a5-ac4f-9aa7bd5f2263: shutdown FollowerState
2019-09-19 14:21:46,493 [Thread-1076] INFO  impl.RaftServerImpl (RaftServerImpl.java:setRole(171)) - 85c6a9f3-b9a5-43a5-ac4f-9aa7bd5f2263:group-A5C201119BCC changes role from FOLLOWER to CANDIDATE at term 0 for changeToCandidate
2019-09-19 14:21:46,491 [85c6a9f3-b9a5-43a5-ac4f-9aa7bd5f2263:group-28B9763AF9C6:LeaderElection141] INFO  impl.RaftServerImpl (RaftServerImpl.java:setRole(171)) - 85c6a9f3-b9a5-43a5-ac4f-9aa7bd5f2263:group-28B9763AF9C6 changes role from CANDIDATE to LEADER at term 1 for changeToLeader
2019-09-19 14:21:46,493 [85c6a9f3-b9a5-43a5-ac4f-9aa7bd5f2263:group-28B9763AF9C6:LeaderElection141] INFO  impl.RaftServerImpl (ServerState.java:setLeader(263)) - 85c6a9f3-b9a5-43a5-ac4f-9aa7bd5f2263:group-28B9763AF9C6 change Leader from null to 85c6a9f3-b9a5-43a5-ac4f-9aa7bd5f2263 at term 1 for becomeLeader, leader elected after 6862ms
2019-09-19 14:21:46,491 [Thread-1031] INFO  impl.RoleInfo (RoleInfo.java:updateAndGet(143)) - 85c6a9f3-b9a5-43a5-ac4f-9aa7bd5f2263: start LeaderElection
2019-09-19 14:21:46,490 [Thread-1016] INFO  impl.RoleInfo (RoleInfo.java:updateAndGet(143)) - 306a7a99-f2a5-4f40-b42b-2fc2def08a6a: start LeaderElection
2019-09-19 14:21:46,490 [Thread-1043] INFO  impl.RoleInfo (RoleInfo.java:updateAndGet(143)) - 1190b9a7-12b1-4c15-b33e-f7d0a0cd436c: start LeaderElection
2019-09-19 14:21:46,490 [Thread-1055] INFO  impl.RoleInfo (RoleInfo.java:updateAndGet(143)) - 5dfaa0ea-416a-422c-a75d-43311aceb00a: start LeaderElection
2019-09-19 14:21:46,490 [1190b9a7-12b1-4c15-b33e-f7d0a0cd436c:group-F8A409B5C577:LeaderElection138] INFO  impl.RaftServerImpl (ServerState.java:setLeader(263)) - 1190b9a7-12b1-4c15-b33e-f7d0a0cd436c:group-F8A409B5C577 change Leader from null to 1190b9a7-12b1-4c15-b33e-f7d0a0cd436c at term 1 for becomeLeader, leader elected after 7691ms
2019-09-19 14:21:46,489 [5dfaa0ea-416a-422c-a75d-43311aceb00a:group-8272BA0EC9B5:LeaderElection145] INFO  impl.RaftServerImpl (ServerState.java:setLeader(263)) - 5dfaa0ea-416a-422c-a75d-43311aceb00a:group-8272BA0EC9B5 change Leader from null to 5dfaa0ea-416a-422c-a75d-43311aceb00a at term 1 for becomeLeader, leader elected after 7329ms
2019-09-19 14:21:46,489 [85c6a9f3-b9a5-43a5-ac4f-9aa7bd5f2263:group-09BB5F23D853:LeaderElection144] INFO  impl.RaftServerImpl (RaftServerImpl.java:setRole(171)) - 85c6a9f3-b9a5-43a5-ac4f-9aa7bd5f2263:group-09BB5F23D853 changes role from CANDIDATE to LEADER at term 1 for changeToLeader
2019-09-19 14:21:46,489 [306a7a99-f2a5-4f40-b42b-2fc2def08a6a:group-E8EC7E2A7D73:LeaderElection143] INFO  impl.RaftServerImpl (RaftServerImpl.java:setRole(171)) - 306a7a99-f2a5-4f40-b42b-2fc2def08a6a:group-E8EC7E2A7D73 changes role from CANDIDATE to LEADER at term 1 for changeToLeader
2019-09-19 14:21:46,489 [306a7a99-f2a5-4f40-b42b-2fc2def08a6a:group-AAC29327E622:LeaderElection140] INFO  impl.RaftServerImpl (ServerState.java:setLeader(263)) - 306a7a99-f2a5-4f40-b42b-2fc2def08a6a:group-AAC29327E622 change Leader from null to 306a7a99-f2a5-4f40-b42b-2fc2def08a6a at term 1 for becomeLeader, leader elected after 7808ms
2019-09-19 14:21:46,489 [6403e584-2209-453b-b79e-eeb0a7b58516:group-9CACC810191B:LeaderElection139] INFO  impl.RaftServerImpl (ServerState.java:setLeader(263)) - 6403e584-2209-453b-b79e-eeb0a7b58516:group-9CACC810191B change Leader from null to 6403e584-2209-453b-b79e-eeb0a7b58516 at term 1 for becomeLeader, leader elected after 7635ms
2019-09-19 14:21:46,489 [306a7a99-f2a5-4f40-b42b-2fc2def08a6a:group-F7F2E51F902E:LeaderElection149] INFO  impl.RaftServerImpl (RaftServerImpl.java:setRole(171)) - 306a7a99-f2a5-4f40-b42b-2fc2def08a6a:group-F7F2E51F902E changes role from CANDIDATE to LEADER at term 1 for changeToLeader
2019-09-19 14:21:46,489 [306a7a99-f2a5-4f40-b42b-2fc2def08a6a:group-F51DF659A370:LeaderElection142] INFO  impl.RaftServerImpl (RaftServerImpl.java:setRole(171)) - 306a7a99-f2a5-4f40-b42b-2fc2def08a6a:group-F51DF659A370 changes role from CANDIDATE to LEADER at term 1 for changeToLeader
2019-09-19 14:21:46,489 [5dfaa0ea-416a-422c-a75d-43311aceb00a:group-40043A23C732:LeaderElection147] INFO  impl.RaftServerImpl (RaftServerImpl.java:setRole(171)) - 5dfaa0ea-416a-422c-a75d-43311aceb00a:group-40043A23C732 changes role from CANDIDATE to LEADER at term 1 for changeToLeader
2019-09-19 14:21:46,488 [6403e584-2209-453b-b79e-eeb0a7b58516:group-1F772A09F9D5:LeaderElection148] INFO  impl.RaftServerImpl (ServerState.java:setLeader(263)) - 6403e584-2209-453b-b79e-eeb0a7b58516:group-1F772A09F9D5 change Leader from null to 6403e584-2209-453b-b79e-eeb0a7b58516 at term 1 for becomeLeader, leader elected after 7728ms
2019-09-19 14:21:46,488 [306a7a99-f2a5-4f40-b42b-2fc2def08a6a:group-16E92723A98A:LeaderElection146] INFO  impl.RaftServerImpl (RaftServerImpl.java:setRole(171)) - 306a7a99-f2a5-4f40-b42b-2fc2def08a6a:group-16E92723A98A changes role from CANDIDATE to LEADER at term 1 for changeToLeader
2019-09-19 14:21:46,488 [Thread-1073] INFO  impl.RaftServerImpl (RaftServerImpl.java:setRole(171)) - 5dfaa0ea-416a-422c-a75d-43311aceb00a:group-230E763C684C changes role from FOLLOWER to CANDIDATE at term 0 for changeToCandidate
2019-09-19 14:21:46,487 [Thread-1070] INFO  impl.RoleInfo (RoleInfo.java:updateAndGet(143)) - 5dfaa0ea-416a-422c-a75d-43311aceb00a: start LeaderElection
2019-09-19 14:21:46,487 [Thread-1064] INFO  impl.RoleInfo (RoleInfo.java:updateAndGet(143)) - 6403e584-2209-453b-b79e-eeb0a7b58516: start LeaderElection
2019-09-19 14:21:46,487 [6403e584-2209-453b-b79e-eeb0a7b58516:group-ACEF403FFE2B:LeaderElection137] INFO  server.RaftServerConfigKeys (ConfUtils.java:logGet(43)) - raft.server.watch.timeout = 10s (default)
2019-09-19 14:21:46,487 [pool-49-thread-1] INFO  server.RaftServerConfigKeys (ConfUtils.java:logGet(43)) - raft.server.log.purge.gap = 1000000 (custom)
2019-09-19 14:21:46,486 [6403e584-2209-453b-b79e-eeb0a7b58516-SegmentedRaftLogWorker:Storage Directory /workdir/hadoop-ozone/integration-test/target/test-dir/MiniOzoneClusterImpl-210d6028-2152-4683-81ff-347b0d29bb13/datanode-3/data/ratis/7486c150-856a-4ca9-9876-bc6162215a45] INFO  impl.PendingRequests (PendingRequests.java:sendNotLeaderResponses(202)) - 6403e584-2209-453b-b79e-eeb0a7b58516-PendingRequests: sendNotLeaderResponses
2019-09-19 14:21:46,486 [306a7a99-f2a5-4f40-b42b-2fc2def08a6a:group-DCF107C2AC45:LeaderElection127] INFO  server.RaftServerConfigKeys (ConfUtils.java:logGet(43)) - raft.server.watch.element-limit = 65536 (default)
2019-09-19 14:21:46,496 [6403e584-2209-453b-b79e-eeb0a7b58516-SegmentedRaftLogWorker:Storage Directory /workdir/hadoop-ozone/integration-test/target/test-dir/MiniOzoneClusterImpl-210d6028-2152-4683-81ff-347b0d29bb13/datanode-3/data/ratis/7486c150-856a-4ca9-9876-bc6162215a45] INFO  impl.StateMachineUpdater (StateMachineUpdater.java:stopAndJoin(115)) - StateMachineUpdater:6403e584-2209-453b-b79e-eeb0a7b58516:group-BC6162215A45: set stopIndex = -1
2019-09-19 14:21:46,496 [306a7a99-f2a5-4f40-b42b-2fc2def08a6a:group-DCF107C2AC45:LeaderElection127] INFO  impl.RoleInfo (RoleInfo.java:updateAndGet(143)) - 306a7a99-f2a5-4f40-b42b-2fc2def08a6a: start LeaderState
2019-09-19 14:21:46,496 [pool-49-thread-1] INFO  server.RaftServerConfigKeys (ConfUtils.java:logGet(43)) - raft.server.log.appender.buffer.byte-limit = 33554432 (custom)
2019-09-19 14:21:46,496 [6403e584-2209-453b-b79e-eeb0a7b58516:group-ACEF403FFE2B:LeaderElection137] INFO  server.RaftServerConfigKeys (ConfUtils.java:logGet(43)) - raft.server.watch.timeout.denomination = 1s (default)
2019-09-19 14:21:46,495 [Thread-1073] INFO  impl.RoleInfo (RoleInfo.java:updateAndGet(143)) - 5dfaa0ea-416a-422c-a75d-43311aceb00a: start LeaderElection
2019-09-19 14:21:46,495 [306a7a99-f2a5-4f40-b42b-2fc2def08a6a:group-16E92723A98A:LeaderElection146] INFO  impl.RaftServerImpl (ServerState.java:setLeader(263)) - 306a7a99-f2a5-4f40-b42b-2fc2def08a6a:group-16E92723A98A change Leader from null to 306a7a99-f2a5-4f40-b42b-2fc2def08a6a at term 1 for becomeLeader, leader elected after 7260ms
2019-09-19 14:21:46,495 [6403e584-2209-453b-b79e-eeb0a7b58516:group-1F772A09F9D5:LeaderElection148] INFO  server.RaftServerConfigKeys (ConfUtils.java:logGet(43)) - raft.server.staging.catchup.gap = 1000 (default)
2019-09-19 14:21:46,497 [6403e584-2209-453b-b79e-eeb0a7b58516:group-1F772A09F9D5:LeaderElection148] INFO  server.RaftServerConfigKeys (ConfUtils.java:logGet(43)) - raft.server.rpc.sleep.time = 25ms (default)
2019-09-19 14:21:46,495 [5dfaa0ea-416a-422c-a75d-43311aceb00a:group-40043A23C732:LeaderElection147] INFO  impl.RaftServerImpl (ServerState.java:setLeader(263)) - 5dfaa0ea-416a-422c-a75d-43311aceb00a:group-40043A23C732 change Leader from null to 5dfaa0ea-416a-422c-a75d-43311aceb00a at term 1 for becomeLeader, leader elected after 7599ms
2019-09-19 14:21:46,495 [306a7a99-f2a5-4f40-b42b-2fc2def08a6a:group-F51DF659A370:LeaderElection142] INFO  impl.RaftServerImpl (ServerState.java:setLeader(263)) - 306a7a99-f2a5-4f40-b42b-2fc2def08a6a:group-F51DF659A370 change Leader from null to 306a7a99-f2a5-4f40-b42b-2fc2def08a6a at term 1 for becomeLeader, leader elected after 7297ms
2019-09-19 14:21:46,495 [306a7a99-f2a5-4f40-b42b-2fc2def08a6a:group-F7F2E51F902E:LeaderElection149] INFO  impl.RaftServerImpl (ServerState.java:setLeader(263)) - 306a7a99-f2a5-4f40-b42b-2fc2def08a6a:group-F7F2E51F902E change Leader from null to 306a7a99-f2a5-4f40-b42b-2fc2def08a6a at term 1 for becomeLeader, leader elected after 7113ms
2019-09-19 14:21:46,494 [6403e584-2209-453b-b79e-eeb0a7b58516:group-9CACC810191B:LeaderElection139] INFO  server.RaftServerConfigKeys (ConfUtils.java:logGet(43)) - raft.server.staging.catchup.gap = 1000 (default)
2019-09-19 14:21:46,494 [306a7a99-f2a5-4f40-b42b-2fc2def08a6a:group-AAC29327E622:LeaderElection140] INFO  server.RaftServerConfigKeys (ConfUtils.java:logGet(43)) - raft.server.staging.catchup.gap = 1000 (default)
2019-09-19 14:21:46,498 [306a7a99-f2a5-4f40-b42b-2fc2def08a6a:group-AAC29327E622:LeaderElection140] INFO  server.RaftServerConfigKeys (ConfUtils.java:logGet(43)) - raft.server.rpc.sleep.time = 25ms (default)
2019-09-19 14:21:46,494 [306a7a99-f2a5-4f40-b42b-2fc2def08a6a:group-E8EC7E2A7D73:LeaderElection143] INFO  impl.RaftServerImpl (ServerState.java:setLeader(263)) - 306a7a99-f2a5-4f40-b42b-2fc2def08a6a:group-E8EC7E2A7D73 change Leader from null to 306a7a99-f2a5-4f40-b42b-2fc2def08a6a at term 1 for becomeLeader, leader elected after 7224ms
2019-09-19 14:21:46,494 [5dfaa0ea-416a-422c-a75d-43311aceb00a:group-8272BA0EC9B5:LeaderElection145] INFO  server.RaftServerConfigKeys (ConfUtils.java:logGet(43)) - raft.server.staging.catchup.gap = 1000 (default)
2019-09-19 14:21:46,494 [85c6a9f3-b9a5-43a5-ac4f-9aa7bd5f2263:group-09BB5F23D853:LeaderElection144] INFO  impl.RaftServerImpl (ServerState.java:setLeader(263)) - 85c6a9f3-b9a5-43a5-ac4f-9aa7bd5f2263:group-09BB5F23D853 change Leader from null to 85c6a9f3-b9a5-43a5-ac4f-9aa7bd5f2263 at term 1 for becomeLeader, leader elected after 7150ms
2019-09-19 14:21:46,494 [1190b9a7-12b1-4c15-b33e-f7d0a0cd436c:group-F8A409B5C577:LeaderElection138] INFO  server.RaftServerConfigKeys (ConfUtils.java:logGet(43)) - raft.server.staging.catchup.gap = 1000 (default)
2019-09-19 14:21:46,499 [1190b9a7-12b1-4c15-b33e-f7d0a0cd436c:group-F8A409B5C577:LeaderElection138] INFO  server.RaftServerConfigKeys (ConfUtils.java:logGet(43)) - raft.server.rpc.sleep.time = 25ms (default)
2019-09-19 14:21:46,493 [85c6a9f3-b9a5-43a5-ac4f-9aa7bd5f2263:group-28B9763AF9C6:LeaderElection141] INFO  server.RaftServerConfigKeys (ConfUtils.java:logGet(43)) - raft.server.staging.catchup.gap = 1000 (default)
2019-09-19 14:21:46,499 [85c6a9f3-b9a5-43a5-ac4f-9aa7bd5f2263:group-28B9763AF9C6:LeaderElection141] INFO  server.RaftServerConfigKeys (ConfUtils.java:logGet(43)) - raft.server.rpc.sleep.time = 25ms (default)
2019-09-19 14:21:46,493 [Thread-1076] INFO  impl.RoleInfo (RoleInfo.java:updateAndGet(143)) - 85c6a9f3-b9a5-43a5-ac4f-9aa7bd5f2263: start LeaderElection
2019-09-19 14:21:46,492 [Thread-1079] INFO  impl.RoleInfo (RoleInfo.java:updateAndGet(143)) - 6403e584-2209-453b-b79e-eeb0a7b58516: start LeaderElection
2019-09-19 14:21:46,492 [Thread-1082] INFO  impl.RaftServerImpl (RaftServerImpl.java:setRole(171)) - 6403e584-2209-453b-b79e-eeb0a7b58516:group-C75F49951D14 changes role from FOLLOWER to CANDIDATE at term 0 for changeToCandidate
2019-09-19 14:21:46,492 [Thread-1088] INFO  impl.RaftServerImpl (RaftServerImpl.java:setRole(171)) - 1190b9a7-12b1-4c15-b33e-f7d0a0cd436c:group-3A426B0EB8F6 changes role from FOLLOWER to CANDIDATE at term 0 for changeToCandidate
2019-09-19 14:21:46,492 [Thread-1085] INFO  impl.RaftServerImpl (RaftServerImpl.java:setRole(171)) - 306a7a99-f2a5-4f40-b42b-2fc2def08a6a:group-AE1E2B007A31 changes role from FOLLOWER to CANDIDATE at term 0 for changeToCandidate
2019-09-19 14:21:46,492 [85c6a9f3-b9a5-43a5-ac4f-9aa7bd5f2263:group-5B7DDBC4A4BA:LeaderElection122] INFO  server.RaftServerConfigKeys (ConfUtils.java:logGet(43)) - raft.server.staging.catchup.gap = 1000 (default)
2019-09-19 14:21:46,500 [Thread-1085] INFO  impl.RoleInfo (RoleInfo.java:updateAndGet(143)) - 306a7a99-f2a5-4f40-b42b-2fc2def08a6a: start LeaderElection
2019-09-19 14:21:46,500 [Thread-1088] INFO  impl.RoleInfo (RoleInfo.java:updateAndGet(143)) - 1190b9a7-12b1-4c15-b33e-f7d0a0cd436c: start LeaderElection
2019-09-19 14:21:46,500 [Thread-1082] INFO  impl.RoleInfo (RoleInfo.java:updateAndGet(143)) - 6403e584-2209-453b-b79e-eeb0a7b58516: start LeaderElection
2019-09-19 14:21:46,499 [85c6a9f3-b9a5-43a5-ac4f-9aa7bd5f2263:group-28B9763AF9C6:LeaderElection141] INFO  server.RaftServerConfigKeys (ConfUtils.java:logGet(43)) - raft.server.write.element-limit = 4096 (default)
2019-09-19 14:21:46,499 [1190b9a7-12b1-4c15-b33e-f7d0a0cd436c:group-F8A409B5C577:LeaderElection138] INFO  server.RaftServerConfigKeys (ConfUtils.java:logGet(43)) - raft.server.write.element-limit = 4096 (default)
2019-09-19 14:21:46,499 [85c6a9f3-b9a5-43a5-ac4f-9aa7bd5f2263:group-09BB5F23D853:LeaderElection144] INFO  server.RaftServerConfigKeys (ConfUtils.java:logGet(43)) - raft.server.staging.catchup.gap = 1000 (default)
2019-09-19 14:21:46,499 [5dfaa0ea-416a-422c-a75d-43311aceb00a:group-8272BA0EC9B5:LeaderElection145] INFO  server.RaftServerConfigKeys (ConfUtils.java:logGet(43)) - raft.server.rpc.sleep.time = 25ms (default)
2019-09-19 14:21:46,498 [306a7a99-f2a5-4f40-b42b-2fc2def08a6a:group-E8EC7E2A7D73:LeaderElection143] INFO  server.RaftServerConfigKeys (ConfUtils.java:logGet(43)) - raft.server.staging.catchup.gap = 1000 (default)
2019-09-19 14:21:46,501 [306a7a99-f2a5-4f40-b42b-2fc2def08a6a:group-E8EC7E2A7D73:LeaderElection143] INFO  server.RaftServerConfigKeys (ConfUtils.java:logGet(43)) - raft.server.rpc.sleep.time = 25ms (default)
2019-09-19 14:21:46,498 [306a7a99-f2a5-4f40-b42b-2fc2def08a6a:group-AAC29327E622:LeaderElection140] INFO  server.RaftServerConfigKeys (ConfUtils.java:logGet(43)) - raft.server.write.element-limit = 4096 (default)
2019-09-19 14:21:46,498 [6403e584-2209-453b-b79e-eeb0a7b58516:group-9CACC810191B:LeaderElection139] INFO  server.RaftServerConfigKeys (ConfUtils.java:logGet(43)) - raft.server.rpc.sleep.time = 25ms (default)
2019-09-19 14:21:46,498 [306a7a99-f2a5-4f40-b42b-2fc2def08a6a:group-F7F2E51F902E:LeaderElection149] INFO  server.RaftServerConfigKeys (ConfUtils.java:logGet(43)) - raft.server.staging.catchup.gap = 1000 (default)
2019-09-19 14:21:46,502 [306a7a99-f2a5-4f40-b42b-2fc2def08a6a:group-F7F2E51F902E:LeaderElection149] INFO  server.RaftServerConfigKeys (ConfUtils.java:logGet(43)) - raft.server.rpc.sleep.time = 25ms (default)
2019-09-19 14:21:46,498 [306a7a99-f2a5-4f40-b42b-2fc2def08a6a:group-F51DF659A370:LeaderElection142] INFO  server.RaftServerConfigKeys (ConfUtils.java:logGet(43)) - raft.server.staging.catchup.gap = 1000 (default)
2019-09-19 14:21:46,498 [6403e584-2209-453b-b79e-eeb0a7b58516-SegmentedRaftLogWorker:Storage Directory /workdir/hadoop-ozone/integration-test/target/test-dir/MiniOzoneClusterImpl-210d6028-2152-4683-81ff-347b0d29bb13/datanode-3/data/ratis/332d8a1d-ba3c-475d-8e2c-7fba47fd431f] ERROR segmented.SegmentedRaftLogWorker (SegmentedRaftLogWorker.java:run(323)) - 6403e584-2209-453b-b79e-eeb0a7b58516-SegmentedRaftLogWorker:Storage Directory /workdir/hadoop-ozone/integration-test/target/test-dir/MiniOzoneClusterImpl-210d6028-2152-4683-81ff-347b0d29bb13/datanode-3/data/ratis/332d8a1d-ba3c-475d-8e2c-7fba47fd431f hit exception
java.lang.OutOfMemoryError: Direct buffer memory
	at java.nio.Bits.reserveMemory(Bits.java:666)
	at java.nio.DirectByteBuffer.<init>(DirectByteBuffer.java:123)
	at java.nio.ByteBuffer.allocateDirect(ByteBuffer.java:311)
	at org.apache.ratis.server.raftlog.segmented.BufferedWriteChannel.<init>(BufferedWriteChannel.java:41)
	at org.apache.ratis.server.raftlog.segmented.SegmentedRaftLogOutputStream.<init>(SegmentedRaftLogOutputStream.java:72)
	at org.apache.ratis.server.raftlog.segmented.SegmentedRaftLogWorker$StartLogSegment.execute(SegmentedRaftLogWorker.java:566)
	at org.apache.ratis.server.raftlog.segmented.SegmentedRaftLogWorker.run(SegmentedRaftLogWorker.java:289)
	at java.lang.Thread.run(Thread.java:748)
2019-09-19 14:21:46,502 [6403e584-2209-453b-b79e-eeb0a7b58516-SegmentedRaftLogWorker:Storage Directory /workdir/hadoop-ozone/integration-test/target/test-dir/MiniOzoneClusterImpl-210d6028-2152-4683-81ff-347b0d29bb13/datanode-3/data/ratis/332d8a1d-ba3c-475d-8e2c-7fba47fd431f] INFO  impl.RaftServerImpl (RaftServerImpl.java:lambda$shutdown$3(245)) - 6403e584-2209-453b-b79e-eeb0a7b58516: shutdown group-7FBA47FD431F
2019-09-19 14:21:46,498 [5dfaa0ea-416a-422c-a75d-43311aceb00a:group-40043A23C732:LeaderElection147] INFO  server.RaftServerConfigKeys (ConfUtils.java:logGet(43)) - raft.server.staging.catchup.gap = 1000 (default)
2019-09-19 14:21:46,498 [6403e584-2209-453b-b79e-eeb0a7b58516:group-1F772A09F9D5:LeaderElection148] INFO  server.RaftServerConfigKeys (ConfUtils.java:logGet(43)) - raft.server.write.element-limit = 4096 (default)
2019-09-19 14:21:46,497 [306a7a99-f2a5-4f40-b42b-2fc2def08a6a:group-16E92723A98A:LeaderElection146] INFO  server.RaftServerConfigKeys (ConfUtils.java:logGet(43)) - raft.server.staging.catchup.gap = 1000 (default)
2019-09-19 14:21:46,497 [6403e584-2209-453b-b79e-eeb0a7b58516:group-ACEF403FFE2B:LeaderElection137] INFO  server.RaftServerConfigKeys (ConfUtils.java:logGet(43)) - raft.server.watch.element-limit = 65536 (default)
2019-09-19 14:21:46,497 [pool-49-thread-1] INFO  server.RaftServerConfigKeys (ConfUtils.java:logGet(43)) - raft.server.log.segment.size.max = 1048576 (custom)
2019-09-19 14:21:46,497 [306a7a99-f2a5-4f40-b42b-2fc2def08a6a:group-DCF107C2AC45:LeaderElection127] INFO  segmented.SegmentedRaftLogWorker (SegmentedRaftLogWorker.java:startLogSegment(380)) - 306a7a99-f2a5-4f40-b42b-2fc2def08a6a-SegmentedRaftLogWorker:Storage Directory /workdir/hadoop-ozone/integration-test/target/test-dir/MiniOzoneClusterImpl-210d6028-2152-4683-81ff-347b0d29bb13/datanode-2/data/ratis/e4b35638-24dc-4528-8eb7-dcf107c2ac45: Starting segment from index:0
2019-09-19 14:21:46,496 [6403e584-2209-453b-b79e-eeb0a7b58516-SegmentedRaftLogWorker:Storage Directory /workdir/hadoop-ozone/integration-test/target/test-dir/MiniOzoneClusterImpl-210d6028-2152-4683-81ff-347b0d29bb13/datanode-3/data/ratis/7486c150-856a-4ca9-9876-bc6162215a45] INFO  impl.RaftServerImpl (ServerState.java:close(394)) - 6403e584-2209-453b-b79e-eeb0a7b58516:group-BC6162215A45 closes. The last applied log index is -1
2019-09-19 14:21:46,503 [pool-49-thread-1] INFO  server.RaftServerConfigKeys (ConfUtils.java:logGet(43)) - raft.server.log.segment.cache.num.max = 2 (custom)
2019-09-19 14:21:46,503 [6403e584-2209-453b-b79e-eeb0a7b58516:group-ACEF403FFE2B:LeaderElection137] INFO  impl.RoleInfo (RoleInfo.java:updateAndGet(143)) - 6403e584-2209-453b-b79e-eeb0a7b58516: start LeaderState
2019-09-19 14:21:46,503 [306a7a99-f2a5-4f40-b42b-2fc2def08a6a:group-16E92723A98A:LeaderElection146] INFO  server.RaftServerConfigKeys (ConfUtils.java:logGet(43)) - raft.server.rpc.sleep.time = 25ms (default)
2019-09-19 14:21:46,504 [6403e584-2209-453b-b79e-eeb0a7b58516:group-ACEF403FFE2B:LeaderElection137] INFO  segmented.SegmentedRaftLogWorker (SegmentedRaftLogWorker.java:startLogSegment(380)) - 6403e584-2209-453b-b79e-eeb0a7b58516-SegmentedRaftLogWorker:Storage Directory /workdir/hadoop-ozone/integration-test/target/test-dir/MiniOzoneClusterImpl-210d6028-2152-4683-81ff-347b0d29bb13/datanode-3/data/ratis/20932623-2e6f-4a68-af6c-acef403ffe2b: Starting segment from index:0
2019-09-19 14:21:46,503 [6403e584-2209-453b-b79e-eeb0a7b58516:group-1F772A09F9D5:LeaderElection148] INFO  server.RaftServerConfigKeys (ConfUtils.java:logGet(43)) - raft.server.watch.timeout = 10s (default)
2019-09-19 14:21:46,503 [5dfaa0ea-416a-422c-a75d-43311aceb00a:group-40043A23C732:LeaderElection147] INFO  server.RaftServerConfigKeys (ConfUtils.java:logGet(43)) - raft.server.rpc.sleep.time = 25ms (default)
2019-09-19 14:21:46,503 [6403e584-2209-453b-b79e-eeb0a7b58516-SegmentedRaftLogWorker:Storage Directory /workdir/hadoop-ozone/integration-test/target/test-dir/MiniOzoneClusterImpl-210d6028-2152-4683-81ff-347b0d29bb13/datanode-3/data/ratis/332d8a1d-ba3c-475d-8e2c-7fba47fd431f] INFO  util.JmxRegister (JmxRegister.java:unregister(73)) - Successfully un-registered JMX Bean with object name Ratis:service=RaftServer,group=group-7FBA47FD431F,id=6403e584-2209-453b-b79e-eeb0a7b58516
2019-09-19 14:21:46,505 [6403e584-2209-453b-b79e-eeb0a7b58516-SegmentedRaftLogWorker:Storage Directory /workdir/hadoop-ozone/integration-test/target/test-dir/MiniOzoneClusterImpl-210d6028-2152-4683-81ff-347b0d29bb13/datanode-3/data/ratis/332d8a1d-ba3c-475d-8e2c-7fba47fd431f] INFO  impl.RoleInfo (RoleInfo.java:shutdownLeaderState(104)) - 6403e584-2209-453b-b79e-eeb0a7b58516: shutdown LeaderState
2019-09-19 14:21:46,502 [306a7a99-f2a5-4f40-b42b-2fc2def08a6a:group-F51DF659A370:LeaderElection142] INFO  server.RaftServerConfigKeys (ConfUtils.java:logGet(43)) - raft.server.rpc.sleep.time = 25ms (default)
2019-09-19 14:21:46,502 [306a7a99-f2a5-4f40-b42b-2fc2def08a6a:group-F7F2E51F902E:LeaderElection149] INFO  server.RaftServerConfigKeys (ConfUtils.java:logGet(43)) - raft.server.write.element-limit = 4096 (default)
2019-09-19 14:21:46,502 [6403e584-2209-453b-b79e-eeb0a7b58516:group-9CACC810191B:LeaderElection139] INFO  server.RaftServerConfigKeys (ConfUtils.java:logGet(43)) - raft.server.write.element-limit = 4096 (default)
2019-09-19 14:21:46,502 [306a7a99-f2a5-4f40-b42b-2fc2def08a6a:group-AAC29327E622:LeaderElection140] INFO  server.RaftServerConfigKeys (ConfUtils.java:logGet(43)) - raft.server.watch.timeout = 10s (default)
2019-09-19 14:21:46,501 [306a7a99-f2a5-4f40-b42b-2fc2def08a6a:group-E8EC7E2A7D73:LeaderElection143] INFO  server.RaftServerConfigKeys (ConfUtils.java:logGet(43)) - raft.server.write.element-limit = 4096 (default)
2019-09-19 14:21:46,506 [306a7a99-f2a5-4f40-b42b-2fc2def08a6a:group-E8EC7E2A7D73:LeaderElection143] INFO  server.RaftServerConfigKeys (ConfUtils.java:logGet(43)) - raft.server.watch.timeout = 10s (default)
2019-09-19 14:21:46,501 [5dfaa0ea-416a-422c-a75d-43311aceb00a:group-8272BA0EC9B5:LeaderElection145] INFO  server.RaftServerConfigKeys (ConfUtils.java:logGet(43)) - raft.server.write.element-limit = 4096 (default)
2019-09-19 14:21:46,501 [85c6a9f3-b9a5-43a5-ac4f-9aa7bd5f2263:group-09BB5F23D853:LeaderElection144] INFO  server.RaftServerConfigKeys (ConfUtils.java:logGet(43)) - raft.server.rpc.sleep.time = 25ms (default)
2019-09-19 14:21:46,501 [1190b9a7-12b1-4c15-b33e-f7d0a0cd436c:group-F8A409B5C577:LeaderElection138] INFO  server.RaftServerConfigKeys (ConfUtils.java:logGet(43)) - raft.server.watch.timeout = 10s (default)
2019-09-19 14:21:46,506 [1190b9a7-12b1-4c15-b33e-f7d0a0cd436c:group-F8A409B5C577:LeaderElection138] INFO  server.RaftServerConfigKeys (ConfUtils.java:logGet(43)) - raft.server.watch.timeout.denomination = 1s (default)
2019-09-19 14:21:46,501 [85c6a9f3-b9a5-43a5-ac4f-9aa7bd5f2263:group-28B9763AF9C6:LeaderElection141] INFO  server.RaftServerConfigKeys (ConfUtils.java:logGet(43)) - raft.server.watch.timeout = 10s (default)
2019-09-19 14:21:46,500 [85c6a9f3-b9a5-43a5-ac4f-9aa7bd5f2263:group-5B7DDBC4A4BA:LeaderElection122] INFO  server.RaftServerConfigKeys (ConfUtils.java:logGet(43)) - raft.server.rpc.sleep.time = 25ms (default)
2019-09-19 14:21:46,507 [85c6a9f3-b9a5-43a5-ac4f-9aa7bd5f2263:group-28B9763AF9C6:LeaderElection141] INFO  server.RaftServerConfigKeys (ConfUtils.java:logGet(43)) - raft.server.watch.timeout.denomination = 1s (default)
2019-09-19 14:21:46,506 [1190b9a7-12b1-4c15-b33e-f7d0a0cd436c:group-F8A409B5C577:LeaderElection138] INFO  server.RaftServerConfigKeys (ConfUtils.java:logGet(43)) - raft.server.watch.element-limit = 65536 (default)
2019-09-19 14:21:46,506 [85c6a9f3-b9a5-43a5-ac4f-9aa7bd5f2263:group-09BB5F23D853:LeaderElection144] INFO  server.RaftServerConfigKeys (ConfUtils.java:logGet(43)) - raft.server.write.element-limit = 4096 (default)
2019-09-19 14:21:46,506 [5dfaa0ea-416a-422c-a75d-43311aceb00a:group-8272BA0EC9B5:LeaderElection145] INFO  server.RaftServerConfigKeys (ConfUtils.java:logGet(43)) - raft.server.watch.timeout = 10s (default)
2019-09-19 14:21:46,506 [306a7a99-f2a5-4f40-b42b-2fc2def08a6a:group-E8EC7E2A7D73:LeaderElection143] INFO  server.RaftServerConfigKeys (ConfUtils.java:logGet(43)) - raft.server.watch.timeout.denomination = 1s (default)
2019-09-19 14:21:46,506 [306a7a99-f2a5-4f40-b42b-2fc2def08a6a:group-AAC29327E622:LeaderElection140] INFO  server.RaftServerConfigKeys (ConfUtils.java:logGet(43)) - raft.server.watch.timeout.denomination = 1s (default)
2019-09-19 14:21:46,508 [306a7a99-f2a5-4f40-b42b-2fc2def08a6a:group-AAC29327E622:LeaderElection140] INFO  server.RaftServerConfigKeys (ConfUtils.java:logGet(43)) - raft.server.watch.element-limit = 65536 (default)
2019-09-19 14:21:46,505 [6403e584-2209-453b-b79e-eeb0a7b58516:group-9CACC810191B:LeaderElection139] INFO  server.RaftServerConfigKeys (ConfUtils.java:logGet(43)) - raft.server.watch.timeout = 10s (default)
2019-09-19 14:21:46,508 [6403e584-2209-453b-b79e-eeb0a7b58516:group-9CACC810191B:LeaderElection139] INFO  server.RaftServerConfigKeys (ConfUtils.java:logGet(43)) - raft.server.watch.timeout.denomination = 1s (default)
2019-09-19 14:21:46,505 [306a7a99-f2a5-4f40-b42b-2fc2def08a6a:group-F7F2E51F902E:LeaderElection149] INFO  server.RaftServerConfigKeys (ConfUtils.java:logGet(43)) - raft.server.watch.timeout = 10s (default)
2019-09-19 14:21:46,505 [306a7a99-f2a5-4f40-b42b-2fc2def08a6a:group-F51DF659A370:LeaderElection142] INFO  server.RaftServerConfigKeys (ConfUtils.java:logGet(43)) - raft.server.write.element-limit = 4096 (default)
2019-09-19 14:21:46,505 [6403e584-2209-453b-b79e-eeb0a7b58516-SegmentedRaftLogWorker:Storage Directory /workdir/hadoop-ozone/integration-test/target/test-dir/MiniOzoneClusterImpl-210d6028-2152-4683-81ff-347b0d29bb13/datanode-3/data/ratis/332d8a1d-ba3c-475d-8e2c-7fba47fd431f] INFO  impl.PendingRequests (PendingRequests.java:sendNotLeaderResponses(202)) - 6403e584-2209-453b-b79e-eeb0a7b58516-PendingRequests: sendNotLeaderResponses
2019-09-19 14:21:46,505 [6403e584-2209-453b-b79e-eeb0a7b58516:group-ACEF403FFE2B:LeaderElection137] INFO  impl.RaftServerImpl (ServerState.java:setRaftConf(361)) - 6403e584-2209-453b-b79e-eeb0a7b58516:group-ACEF403FFE2B set configuration 0: [6403e584-2209-453b-b79e-eeb0a7b58516:192.168.157.226:35833], old=null at 0
2019-09-19 14:21:46,505 [5dfaa0ea-416a-422c-a75d-43311aceb00a:group-40043A23C732:LeaderElection147] INFO  server.RaftServerConfigKeys (ConfUtils.java:logGet(43)) - raft.server.write.element-limit = 4096 (default)
2019-09-19 14:21:46,505 [6403e584-2209-453b-b79e-eeb0a7b58516:group-1F772A09F9D5:LeaderElection148] INFO  server.RaftServerConfigKeys (ConfUtils.java:logGet(43)) - raft.server.watch.timeout.denomination = 1s (default)
2019-09-19 14:21:46,504 [306a7a99-f2a5-4f40-b42b-2fc2def08a6a:group-16E92723A98A:LeaderElection146] INFO  server.RaftServerConfigKeys (ConfUtils.java:logGet(43)) - raft.server.write.element-limit = 4096 (default)
2019-09-19 14:21:46,504 [pool-49-thread-1] INFO  segmented.SegmentedRaftLogWorker (SegmentedRaftLogWorker.java:<init>(172)) - new 306a7a99-f2a5-4f40-b42b-2fc2def08a6a-SegmentedRaftLogWorker:Storage Directory /workdir/hadoop-ozone/integration-test/target/test-dir/MiniOzoneClusterImpl-210d6028-2152-4683-81ff-347b0d29bb13/datanode-2/data/ratis/3938e402-d7f1-4c8e-81db-a981e405d304 for RaftStorage:Storage Directory /workdir/hadoop-ozone/integration-test/target/test-dir/MiniOzoneClusterImpl-210d6028-2152-4683-81ff-347b0d29bb13/datanode-2/data/ratis/3938e402-d7f1-4c8e-81db-a981e405d304
2019-09-19 14:21:46,504 [306a7a99-f2a5-4f40-b42b-2fc2def08a6a:group-DCF107C2AC45:LeaderElection127] INFO  impl.RaftServerImpl (ServerState.java:setRaftConf(361)) - 306a7a99-f2a5-4f40-b42b-2fc2def08a6a:group-DCF107C2AC45 set configuration 0: [306a7a99-f2a5-4f40-b42b-2fc2def08a6a:192.168.157.226:42633], old=null at 0
2019-09-19 14:21:46,504 [6403e584-2209-453b-b79e-eeb0a7b58516-SegmentedRaftLogWorker:Storage Directory /workdir/hadoop-ozone/integration-test/target/test-dir/MiniOzoneClusterImpl-210d6028-2152-4683-81ff-347b0d29bb13/datanode-3/data/ratis/7486c150-856a-4ca9-9876-bc6162215a45] INFO  segmented.SegmentedRaftLogWorker (SegmentedRaftLogWorker.java:close(228)) - 6403e584-2209-453b-b79e-eeb0a7b58516-SegmentedRaftLogWorker:Storage Directory /workdir/hadoop-ozone/integration-test/target/test-dir/MiniOzoneClusterImpl-210d6028-2152-4683-81ff-347b0d29bb13/datanode-3/data/ratis/7486c150-856a-4ca9-9876-bc6162215a45 close()
2019-09-19 14:21:46,509 [pool-49-thread-1] INFO  server.RaftServerConfigKeys (ConfUtils.java:logGet(43)) - raft.server.log.queue.byte-limit = 2147483647 (custom)
2019-09-19 14:21:46,509 [306a7a99-f2a5-4f40-b42b-2fc2def08a6a:group-16E92723A98A:LeaderElection146] INFO  server.RaftServerConfigKeys (ConfUtils.java:logGet(43)) - raft.server.watch.timeout = 10s (default)
2019-09-19 14:21:46,509 [6403e584-2209-453b-b79e-eeb0a7b58516:group-1F772A09F9D5:LeaderElection148] INFO  server.RaftServerConfigKeys (ConfUtils.java:logGet(43)) - raft.server.watch.element-limit = 65536 (default)
2019-09-19 14:21:46,509 [5dfaa0ea-416a-422c-a75d-43311aceb00a:group-40043A23C732:LeaderElection147] INFO  server.RaftServerConfigKeys (ConfUtils.java:logGet(43)) - raft.server.watch.timeout = 10s (default)
2019-09-19 14:21:46,510 [5dfaa0ea-416a-422c-a75d-43311aceb00a:group-40043A23C732:LeaderElection147] INFO  server.RaftServerConfigKeys (ConfUtils.java:logGet(43)) - raft.server.watch.timeout.denomination = 1s (default)
2019-09-19 14:21:46,509 [6403e584-2209-453b-b79e-eeb0a7b58516-SegmentedRaftLogWorker:Storage Directory /workdir/hadoop-ozone/integration-test/target/test-dir/MiniOzoneClusterImpl-210d6028-2152-4683-81ff-347b0d29bb13/datanode-3/data/ratis/332d8a1d-ba3c-475d-8e2c-7fba47fd431f] INFO  impl.StateMachineUpdater (StateMachineUpdater.java:stopAndJoin(115)) - StateMachineUpdater:6403e584-2209-453b-b79e-eeb0a7b58516:group-7FBA47FD431F: set stopIndex = -1
2019-09-19 14:21:46,511 [6403e584-2209-453b-b79e-eeb0a7b58516-SegmentedRaftLogWorker:Storage Directory /workdir/hadoop-ozone/integration-test/target/test-dir/MiniOzoneClusterImpl-210d6028-2152-4683-81ff-347b0d29bb13/datanode-3/data/ratis/332d8a1d-ba3c-475d-8e2c-7fba47fd431f] INFO  impl.RaftServerImpl (ServerState.java:close(394)) - 6403e584-2209-453b-b79e-eeb0a7b58516:group-7FBA47FD431F closes. The last applied log index is -1
2019-09-19 14:21:46,508 [306a7a99-f2a5-4f40-b42b-2fc2def08a6a:group-F51DF659A370:LeaderElection142] INFO  server.RaftServerConfigKeys (ConfUtils.java:logGet(43)) - raft.server.watch.timeout = 10s (default)
2019-09-19 14:21:46,508 [306a7a99-f2a5-4f40-b42b-2fc2def08a6a:group-F7F2E51F902E:LeaderElection149] INFO  server.RaftServerConfigKeys (ConfUtils.java:logGet(43)) - raft.server.watch.timeout.denomination = 1s (default)
2019-09-19 14:21:46,508 [6403e584-2209-453b-b79e-eeb0a7b58516:group-9CACC810191B:LeaderElection139] INFO  server.RaftServerConfigKeys (ConfUtils.java:logGet(43)) - raft.server.watch.element-limit = 65536 (default)
2019-09-19 14:21:46,508 [306a7a99-f2a5-4f40-b42b-2fc2def08a6a:group-AAC29327E622:LeaderElection140] INFO  impl.RoleInfo (RoleInfo.java:updateAndGet(143)) - 306a7a99-f2a5-4f40-b42b-2fc2def08a6a: start LeaderState
2019-09-19 14:21:46,507 [306a7a99-f2a5-4f40-b42b-2fc2def08a6a:group-E8EC7E2A7D73:LeaderElection143] INFO  server.RaftServerConfigKeys (ConfUtils.java:logGet(43)) - raft.server.watch.element-limit = 65536 (default)
2019-09-19 14:21:46,507 [5dfaa0ea-416a-422c-a75d-43311aceb00a:group-8272BA0EC9B5:LeaderElection145] INFO  server.RaftServerConfigKeys (ConfUtils.java:logGet(43)) - raft.server.watch.timeout.denomination = 1s (default)
2019-09-19 14:21:46,511 [5dfaa0ea-416a-422c-a75d-43311aceb00a:group-8272BA0EC9B5:LeaderElection145] INFO  server.RaftServerConfigKeys (ConfUtils.java:logGet(43)) - raft.server.watch.element-limit = 65536 (default)
2019-09-19 14:21:46,507 [85c6a9f3-b9a5-43a5-ac4f-9aa7bd5f2263:group-09BB5F23D853:LeaderElection144] INFO  server.RaftServerConfigKeys (ConfUtils.java:logGet(43)) - raft.server.watch.timeout = 10s (default)
2019-09-19 14:21:46,507 [1190b9a7-12b1-4c15-b33e-f7d0a0cd436c:group-F8A409B5C577:LeaderElection138] INFO  impl.RoleInfo (RoleInfo.java:updateAndGet(143)) - 1190b9a7-12b1-4c15-b33e-f7d0a0cd436c: start LeaderState
2019-09-19 14:21:46,507 [85c6a9f3-b9a5-43a5-ac4f-9aa7bd5f2263:group-28B9763AF9C6:LeaderElection141] INFO  server.RaftServerConfigKeys (ConfUtils.java:logGet(43)) - raft.server.watch.element-limit = 65536 (default)
2019-09-19 14:21:46,507 [85c6a9f3-b9a5-43a5-ac4f-9aa7bd5f2263:group-5B7DDBC4A4BA:LeaderElection122] INFO  server.RaftServerConfigKeys (ConfUtils.java:logGet(43)) - raft.server.write.element-limit = 4096 (default)
2019-09-19 14:21:46,512 [85c6a9f3-b9a5-43a5-ac4f-9aa7bd5f2263:group-28B9763AF9C6:LeaderElection141] INFO  impl.RoleInfo (RoleInfo.java:updateAndGet(143)) - 85c6a9f3-b9a5-43a5-ac4f-9aa7bd5f2263: start LeaderState
2019-09-19 14:21:46,512 [1190b9a7-12b1-4c15-b33e-f7d0a0cd436c:group-F8A409B5C577:LeaderElection138] INFO  segmented.SegmentedRaftLogWorker (SegmentedRaftLogWorker.java:startLogSegment(380)) - 1190b9a7-12b1-4c15-b33e-f7d0a0cd436c-SegmentedRaftLogWorker:Storage Directory /workdir/hadoop-ozone/integration-test/target/test-dir/MiniOzoneClusterImpl-210d6028-2152-4683-81ff-347b0d29bb13/datanode-4/data/ratis/90741fc9-e610-4c98-8a6a-f8a409b5c577: Starting segment from index:0
2019-09-19 14:21:46,512 [85c6a9f3-b9a5-43a5-ac4f-9aa7bd5f2263:group-09BB5F23D853:LeaderElection144] INFO  server.RaftServerConfigKeys (ConfUtils.java:logGet(43)) - raft.server.watch.timeout.denomination = 1s (default)
2019-09-19 14:21:46,513 [85c6a9f3-b9a5-43a5-ac4f-9aa7bd5f2263:group-09BB5F23D853:LeaderElection144] INFO  server.RaftServerConfigKeys (ConfUtils.java:logGet(43)) - raft.server.watch.element-limit = 65536 (default)
2019-09-19 14:21:46,512 [5dfaa0ea-416a-422c-a75d-43311aceb00a:group-8272BA0EC9B5:LeaderElection145] INFO  impl.RoleInfo (RoleInfo.java:updateAndGet(143)) - 5dfaa0ea-416a-422c-a75d-43311aceb00a: start LeaderState
2019-09-19 14:21:46,511 [306a7a99-f2a5-4f40-b42b-2fc2def08a6a:group-E8EC7E2A7D73:LeaderElection143] INFO  impl.RoleInfo (RoleInfo.java:updateAndGet(143)) - 306a7a99-f2a5-4f40-b42b-2fc2def08a6a: start LeaderState
2019-09-19 14:21:46,511 [306a7a99-f2a5-4f40-b42b-2fc2def08a6a:group-AAC29327E622:LeaderElection140] INFO  segmented.SegmentedRaftLogWorker (SegmentedRaftLogWorker.java:startLogSegment(380)) - 306a7a99-f2a5-4f40-b42b-2fc2def08a6a-SegmentedRaftLogWorker:Storage Directory /workdir/hadoop-ozone/integration-test/target/test-dir/MiniOzoneClusterImpl-210d6028-2152-4683-81ff-347b0d29bb13/datanode-2/data/ratis/e01be139-a105-4f69-aedc-aac29327e622: Starting segment from index:0
2019-09-19 14:21:46,511 [6403e584-2209-453b-b79e-eeb0a7b58516:group-9CACC810191B:LeaderElection139] INFO  impl.RoleInfo (RoleInfo.java:updateAndGet(143)) - 6403e584-2209-453b-b79e-eeb0a7b58516: start LeaderState
2019-09-19 14:21:46,511 [306a7a99-f2a5-4f40-b42b-2fc2def08a6a:group-F7F2E51F902E:LeaderElection149] INFO  server.RaftServerConfigKeys (ConfUtils.java:logGet(43)) - raft.server.watch.element-limit = 65536 (default)
2019-09-19 14:21:46,514 [306a7a99-f2a5-4f40-b42b-2fc2def08a6a:group-AAC29327E622:LeaderElection140] INFO  impl.RaftServerImpl (ServerState.java:setRaftConf(361)) - 306a7a99-f2a5-4f40-b42b-2fc2def08a6a:group-AAC29327E622 set configuration 0: [306a7a99-f2a5-4f40-b42b-2fc2def08a6a:192.168.157.226:42633], old=null at 0
2019-09-19 14:21:46,514 [306a7a99-f2a5-4f40-b42b-2fc2def08a6a:group-F7F2E51F902E:LeaderElection149] INFO  impl.RoleInfo (RoleInfo.java:updateAndGet(143)) - 306a7a99-f2a5-4f40-b42b-2fc2def08a6a: start LeaderState
2019-09-19 14:21:46,511 [306a7a99-f2a5-4f40-b42b-2fc2def08a6a:group-F51DF659A370:LeaderElection142] INFO  server.RaftServerConfigKeys (ConfUtils.java:logGet(43)) - raft.server.watch.timeout.denomination = 1s (default)
2019-09-19 14:21:46,511 [6403e584-2209-453b-b79e-eeb0a7b58516-SegmentedRaftLogWorker:Storage Directory /workdir/hadoop-ozone/integration-test/target/test-dir/MiniOzoneClusterImpl-210d6028-2152-4683-81ff-347b0d29bb13/datanode-3/data/ratis/332d8a1d-ba3c-475d-8e2c-7fba47fd431f] INFO  segmented.SegmentedRaftLogWorker (SegmentedRaftLogWorker.java:close(228)) - 6403e584-2209-453b-b79e-eeb0a7b58516-SegmentedRaftLogWorker:Storage Directory /workdir/hadoop-ozone/integration-test/target/test-dir/MiniOzoneClusterImpl-210d6028-2152-4683-81ff-347b0d29bb13/datanode-3/data/ratis/332d8a1d-ba3c-475d-8e2c-7fba47fd431f close()
2019-09-19 14:21:46,510 [5dfaa0ea-416a-422c-a75d-43311aceb00a:group-40043A23C732:LeaderElection147] INFO  server.RaftServerConfigKeys (ConfUtils.java:logGet(43)) - raft.server.watch.element-limit = 65536 (default)
2019-09-19 14:21:46,510 [6403e584-2209-453b-b79e-eeb0a7b58516:group-1F772A09F9D5:LeaderElection148] INFO  impl.RoleInfo (RoleInfo.java:updateAndGet(143)) - 6403e584-2209-453b-b79e-eeb0a7b58516: start LeaderState
2019-09-19 14:21:46,510 [306a7a99-f2a5-4f40-b42b-2fc2def08a6a:group-16E92723A98A:LeaderElection146] INFO  server.RaftServerConfigKeys (ConfUtils.java:logGet(43)) - raft.server.watch.timeout.denomination = 1s (default)
2019-09-19 14:21:46,523 [306a7a99-f2a5-4f40-b42b-2fc2def08a6a:group-16E92723A98A:LeaderElection146] INFO  server.RaftServerConfigKeys (ConfUtils.java:logGet(43)) - raft.server.watch.element-limit = 65536 (default)
2019-09-19 14:21:46,510 [pool-49-thread-1] INFO  server.RaftServerConfigKeys (ConfUtils.java:logGet(43)) - raft.server.log.queue.element-limit = 1024 (custom)
2019-09-19 14:21:46,523 [306a7a99-f2a5-4f40-b42b-2fc2def08a6a:group-16E92723A98A:LeaderElection146] INFO  impl.RoleInfo (RoleInfo.java:updateAndGet(143)) - 306a7a99-f2a5-4f40-b42b-2fc2def08a6a: start LeaderState
2019-09-19 14:21:46,523 [6403e584-2209-453b-b79e-eeb0a7b58516:group-1F772A09F9D5:LeaderElection148] INFO  segmented.SegmentedRaftLogWorker (SegmentedRaftLogWorker.java:startLogSegment(380)) - 6403e584-2209-453b-b79e-eeb0a7b58516-SegmentedRaftLogWorker:Storage Directory /workdir/hadoop-ozone/integration-test/target/test-dir/MiniOzoneClusterImpl-210d6028-2152-4683-81ff-347b0d29bb13/datanode-3/data/ratis/0cbf1d4e-6cdd-4adc-95d8-1f772a09f9d5: Starting segment from index:0
2019-09-19 14:21:46,523 [5dfaa0ea-416a-422c-a75d-43311aceb00a:group-40043A23C732:LeaderElection147] INFO  impl.RoleInfo (RoleInfo.java:updateAndGet(143)) - 5dfaa0ea-416a-422c-a75d-43311aceb00a: start LeaderState
2019-09-19 14:21:46,519 [Thread-1097] INFO  impl.FollowerState (FollowerState.java:run(106)) - 85c6a9f3-b9a5-43a5-ac4f-9aa7bd5f2263:group-F720BA2B578E changes to CANDIDATE, lastRpcTime:5019, electionTimeout:5015ms
2019-09-19 14:21:46,524 [5dfaa0ea-416a-422c-a75d-43311aceb00a:group-40043A23C732:LeaderElection147] INFO  segmented.SegmentedRaftLogWorker (SegmentedRaftLogWorker.java:startLogSegment(380)) - 5dfaa0ea-416a-422c-a75d-43311aceb00a-SegmentedRaftLogWorker:Storage Directory /workdir/hadoop-ozone/integration-test/target/test-dir/MiniOzoneClusterImpl-210d6028-2152-4683-81ff-347b0d29bb13/datanode-1/data/ratis/c2620bf6-6366-41f1-8e59-40043a23c732: Starting segment from index:0
2019-09-19 14:21:46,514 [306a7a99-f2a5-4f40-b42b-2fc2def08a6a:group-F51DF659A370:LeaderElection142] INFO  server.RaftServerConfigKeys (ConfUtils.java:logGet(43)) - raft.server.watch.element-limit = 65536 (default)
2019-09-19 14:21:46,514 [306a7a99-f2a5-4f40-b42b-2fc2def08a6a:group-F7F2E51F902E:LeaderElection149] INFO  segmented.SegmentedRaftLogWorker (SegmentedRaftLogWorker.java:startLogSegment(380)) - 306a7a99-f2a5-4f40-b42b-2fc2def08a6a-SegmentedRaftLogWorker:Storage Directory /workdir/hadoop-ozone/integration-test/target/test-dir/MiniOzoneClusterImpl-210d6028-2152-4683-81ff-347b0d29bb13/datanode-2/data/ratis/fff30b6b-3a17-4e1b-a2f3-f7f2e51f902e: Starting segment from index:0
2019-09-19 14:21:46,514 [6403e584-2209-453b-b79e-eeb0a7b58516:group-9CACC810191B:LeaderElection139] INFO  segmented.SegmentedRaftLogWorker (SegmentedRaftLogWorker.java:startLogSegment(380)) - 6403e584-2209-453b-b79e-eeb0a7b58516-SegmentedRaftLogWorker:Storage Directory /workdir/hadoop-ozone/integration-test/target/test-dir/MiniOzoneClusterImpl-210d6028-2152-4683-81ff-347b0d29bb13/datanode-3/data/ratis/73adaf6d-9366-415c-98ee-9cacc810191b: Starting segment from index:0
2019-09-19 14:21:46,513 [306a7a99-f2a5-4f40-b42b-2fc2def08a6a:group-E8EC7E2A7D73:LeaderElection143] INFO  segmented.SegmentedRaftLogWorker (SegmentedRaftLogWorker.java:startLogSegment(380)) - 306a7a99-f2a5-4f40-b42b-2fc2def08a6a-SegmentedRaftLogWorker:Storage Directory /workdir/hadoop-ozone/integration-test/target/test-dir/MiniOzoneClusterImpl-210d6028-2152-4683-81ff-347b0d29bb13/datanode-2/data/ratis/583aa16b-090b-4825-bde7-e8ec7e2a7d73: Starting segment from index:0
2019-09-19 14:21:46,513 [5dfaa0ea-416a-422c-a75d-43311aceb00a:group-8272BA0EC9B5:LeaderElection145] INFO  segmented.SegmentedRaftLogWorker (SegmentedRaftLogWorker.java:startLogSegment(380)) - 5dfaa0ea-416a-422c-a75d-43311aceb00a-SegmentedRaftLogWorker:Storage Directory /workdir/hadoop-ozone/integration-test/target/test-dir/MiniOzoneClusterImpl-210d6028-2152-4683-81ff-347b0d29bb13/datanode-1/data/ratis/3f439a97-5dea-4a18-9b4c-8272ba0ec9b5: Starting segment from index:0
2019-09-19 14:21:46,513 [85c6a9f3-b9a5-43a5-ac4f-9aa7bd5f2263:group-09BB5F23D853:LeaderElection144] INFO  impl.RoleInfo (RoleInfo.java:updateAndGet(143)) - 85c6a9f3-b9a5-43a5-ac4f-9aa7bd5f2263: start LeaderState
2019-09-19 14:21:46,513 [1190b9a7-12b1-4c15-b33e-f7d0a0cd436c:group-F8A409B5C577:LeaderElection138] INFO  impl.RaftServerImpl (ServerState.java:setRaftConf(361)) - 1190b9a7-12b1-4c15-b33e-f7d0a0cd436c:group-F8A409B5C577 set configuration 0: [1190b9a7-12b1-4c15-b33e-f7d0a0cd436c:192.168.157.226:34463], old=null at 0
2019-09-19 14:21:46,512 [85c6a9f3-b9a5-43a5-ac4f-9aa7bd5f2263:group-28B9763AF9C6:LeaderElection141] INFO  segmented.SegmentedRaftLogWorker (SegmentedRaftLogWorker.java:startLogSegment(380)) - 85c6a9f3-b9a5-43a5-ac4f-9aa7bd5f2263-SegmentedRaftLogWorker:Storage Directory /workdir/hadoop-ozone/integration-test/target/test-dir/MiniOzoneClusterImpl-210d6028-2152-4683-81ff-347b0d29bb13/datanode-0/data/ratis/178a1340-e2ff-41f4-9f5a-28b9763af9c6: Starting segment from index:0
2019-09-19 14:21:46,512 [85c6a9f3-b9a5-43a5-ac4f-9aa7bd5f2263:group-5B7DDBC4A4BA:LeaderElection122] INFO  server.RaftServerConfigKeys (ConfUtils.java:logGet(43)) - raft.server.watch.timeout = 10s (default)
2019-09-19 14:21:46,526 [85c6a9f3-b9a5-43a5-ac4f-9aa7bd5f2263:group-5B7DDBC4A4BA:LeaderElection122] INFO  server.RaftServerConfigKeys (ConfUtils.java:logGet(43)) - raft.server.watch.timeout.denomination = 1s (default)
2019-09-19 14:21:46,525 [5dfaa0ea-416a-422c-a75d-43311aceb00a:group-8272BA0EC9B5:LeaderElection145] INFO  impl.RaftServerImpl (ServerState.java:setRaftConf(361)) - 5dfaa0ea-416a-422c-a75d-43311aceb00a:group-8272BA0EC9B5 set configuration 0: [5dfaa0ea-416a-422c-a75d-43311aceb00a:192.168.157.226:45629], old=null at 0
2019-09-19 14:21:46,525 [85c6a9f3-b9a5-43a5-ac4f-9aa7bd5f2263:group-09BB5F23D853:LeaderElection144] INFO  segmented.SegmentedRaftLogWorker (SegmentedRaftLogWorker.java:startLogSegment(380)) - 85c6a9f3-b9a5-43a5-ac4f-9aa7bd5f2263-SegmentedRaftLogWorker:Storage Directory /workdir/hadoop-ozone/integration-test/target/test-dir/MiniOzoneClusterImpl-210d6028-2152-4683-81ff-347b0d29bb13/datanode-0/data/ratis/b199bc8c-e19c-4851-abfe-09bb5f23d853: Starting segment from index:0
2019-09-19 14:21:46,525 [306a7a99-f2a5-4f40-b42b-2fc2def08a6a:group-E8EC7E2A7D73:LeaderElection143] INFO  impl.RaftServerImpl (ServerState.java:setRaftConf(361)) - 306a7a99-f2a5-4f40-b42b-2fc2def08a6a:group-E8EC7E2A7D73 set configuration 0: [306a7a99-f2a5-4f40-b42b-2fc2def08a6a:192.168.157.226:42633], old=null at 0
2019-09-19 14:21:46,525 [6403e584-2209-453b-b79e-eeb0a7b58516:group-9CACC810191B:LeaderElection139] INFO  impl.RaftServerImpl (ServerState.java:setRaftConf(361)) - 6403e584-2209-453b-b79e-eeb0a7b58516:group-9CACC810191B set configuration 0: [6403e584-2209-453b-b79e-eeb0a7b58516:192.168.157.226:35833], old=null at 0
2019-09-19 14:21:46,525 [306a7a99-f2a5-4f40-b42b-2fc2def08a6a:group-F7F2E51F902E:LeaderElection149] INFO  impl.RaftServerImpl (ServerState.java:setRaftConf(361)) - 306a7a99-f2a5-4f40-b42b-2fc2def08a6a:group-F7F2E51F902E set configuration 0: [306a7a99-f2a5-4f40-b42b-2fc2def08a6a:192.168.157.226:42633], old=null at 0
2019-09-19 14:21:46,524 [306a7a99-f2a5-4f40-b42b-2fc2def08a6a:group-F51DF659A370:LeaderElection142] INFO  impl.RoleInfo (RoleInfo.java:updateAndGet(143)) - 306a7a99-f2a5-4f40-b42b-2fc2def08a6a: start LeaderState
2019-09-19 14:21:46,524 [5dfaa0ea-416a-422c-a75d-43311aceb00a:group-40043A23C732:LeaderElection147] INFO  impl.RaftServerImpl (ServerState.java:setRaftConf(361)) - 5dfaa0ea-416a-422c-a75d-43311aceb00a:group-40043A23C732 set configuration 0: [5dfaa0ea-416a-422c-a75d-43311aceb00a:192.168.157.226:45629], old=null at 0
2019-09-19 14:21:46,524 [Thread-1097] INFO  impl.RoleInfo (RoleInfo.java:shutdownFollowerState(121)) - 85c6a9f3-b9a5-43a5-ac4f-9aa7bd5f2263: shutdown FollowerState
2019-09-19 14:21:46,524 [6403e584-2209-453b-b79e-eeb0a7b58516:group-1F772A09F9D5:LeaderElection148] INFO  impl.RaftServerImpl (ServerState.java:setRaftConf(361)) - 6403e584-2209-453b-b79e-eeb0a7b58516:group-1F772A09F9D5 set configuration 0: [6403e584-2209-453b-b79e-eeb0a7b58516:192.168.157.226:35833], old=null at 0
2019-09-19 14:21:46,524 [306a7a99-f2a5-4f40-b42b-2fc2def08a6a:group-16E92723A98A:LeaderElection146] INFO  segmented.SegmentedRaftLogWorker (SegmentedRaftLogWorker.java:startLogSegment(380)) - 306a7a99-f2a5-4f40-b42b-2fc2def08a6a-SegmentedRaftLogWorker:Storage Directory /workdir/hadoop-ozone/integration-test/target/test-dir/MiniOzoneClusterImpl-210d6028-2152-4683-81ff-347b0d29bb13/datanode-2/data/ratis/e60e9015-83d5-468e-a90d-16e92723a98a: Starting segment from index:0
2019-09-19 14:21:46,523 [pool-49-thread-1] INFO  server.RaftServerConfigKeys (ConfUtils.java:logGet(43)) - raft.server.log.segment.size.max = 1048576 (custom)
2019-09-19 14:21:46,527 [306a7a99-f2a5-4f40-b42b-2fc2def08a6a:group-F51DF659A370:LeaderElection142] INFO  segmented.SegmentedRaftLogWorker (SegmentedRaftLogWorker.java:startLogSegment(380)) - 306a7a99-f2a5-4f40-b42b-2fc2def08a6a-SegmentedRaftLogWorker:Storage Directory /workdir/hadoop-ozone/integration-test/target/test-dir/MiniOzoneClusterImpl-210d6028-2152-4683-81ff-347b0d29bb13/datanode-2/data/ratis/64b02d29-fc4e-4776-b786-f51df659a370: Starting segment from index:0
2019-09-19 14:21:46,527 [Thread-1097] INFO  impl.RaftServerImpl (RaftServerImpl.java:setRole(171)) - 85c6a9f3-b9a5-43a5-ac4f-9aa7bd5f2263:group-F720BA2B578E changes role from FOLLOWER to CANDIDATE at term 0 for changeToCandidate
2019-09-19 14:21:46,526 [85c6a9f3-b9a5-43a5-ac4f-9aa7bd5f2263:group-09BB5F23D853:LeaderElection144] INFO  impl.RaftServerImpl (ServerState.java:setRaftConf(361)) - 85c6a9f3-b9a5-43a5-ac4f-9aa7bd5f2263:group-09BB5F23D853 set configuration 0: [85c6a9f3-b9a5-43a5-ac4f-9aa7bd5f2263:192.168.157.226:45170], old=null at 0
2019-09-19 14:21:46,528 [Thread-1097] INFO  impl.RoleInfo (RoleInfo.java:updateAndGet(143)) - 85c6a9f3-b9a5-43a5-ac4f-9aa7bd5f2263: start LeaderElection
2019-09-19 14:21:46,526 [85c6a9f3-b9a5-43a5-ac4f-9aa7bd5f2263:group-5B7DDBC4A4BA:LeaderElection122] INFO  server.RaftServerConfigKeys (ConfUtils.java:logGet(43)) - raft.server.watch.element-limit = 65536 (default)
2019-09-19 14:21:46,526 [85c6a9f3-b9a5-43a5-ac4f-9aa7bd5f2263:group-28B9763AF9C6:LeaderElection141] INFO  impl.RaftServerImpl (ServerState.java:setRaftConf(361)) - 85c6a9f3-b9a5-43a5-ac4f-9aa7bd5f2263:group-28B9763AF9C6 set configuration 0: [85c6a9f3-b9a5-43a5-ac4f-9aa7bd5f2263:192.168.157.226:45170], old=null at 0
2019-09-19 14:21:46,528 [306a7a99-f2a5-4f40-b42b-2fc2def08a6a:group-F51DF659A370:LeaderElection142] INFO  impl.RaftServerImpl (ServerState.java:setRaftConf(361)) - 306a7a99-f2a5-4f40-b42b-2fc2def08a6a:group-F51DF659A370 set configuration 0: [306a7a99-f2a5-4f40-b42b-2fc2def08a6a:192.168.157.226:42633], old=null at 0
2019-09-19 14:21:46,527 [306a7a99-f2a5-4f40-b42b-2fc2def08a6a:group-16E92723A98A:LeaderElection146] INFO  impl.RaftServerImpl (ServerState.java:setRaftConf(361)) - 306a7a99-f2a5-4f40-b42b-2fc2def08a6a:group-16E92723A98A set configuration 0: [306a7a99-f2a5-4f40-b42b-2fc2def08a6a:192.168.157.226:42633], old=null at 0
2019-09-19 14:21:46,527 [pool-49-thread-1] INFO  server.RaftServerConfigKeys (ConfUtils.java:logGet(43)) - raft.server.log.preallocated.size = 16384 (custom)
2019-09-19 14:21:46,528 [pool-49-thread-1] INFO  server.RaftServerConfigKeys (ConfUtils.java:logGet(43)) - raft.server.log.write.buffer.size = 33554432 (custom)
2019-09-19 14:21:46,529 [pool-49-thread-1] INFO  server.RaftServerConfigKeys (ConfUtils.java:logGet(43)) - raft.server.log.force.sync.num = 128 (default)
2019-09-19 14:21:46,529 [pool-49-thread-1] INFO  server.RaftServerConfigKeys (ConfUtils.java:logGet(43)) - raft.server.log.statemachine.data.sync = true (default)
2019-09-19 14:21:46,529 [pool-49-thread-1] INFO  server.RaftServerConfigKeys (ConfUtils.java:logGet(43)) - raft.server.log.statemachine.data.sync.timeout = 10s (default)
2019-09-19 14:21:46,529 [pool-49-thread-1] INFO  server.RaftServerConfigKeys (ConfUtils.java:logGet(43)) - raft.server.log.statemachine.data.sync.timeout.retry = -1 (default)
2019-09-19 14:21:46,529 [pool-49-thread-1] INFO  server.RaftServerConfigKeys (ConfUtils.java:logGet(43)) - raft.server.log.statemachine.data.caching.enabled = true (custom)
2019-09-19 14:21:46,529 [pool-49-thread-1] INFO  segmented.SegmentedRaftLogWorker (SegmentedRaftLogWorker.java:lambda$new$0(132)) - 306a7a99-f2a5-4f40-b42b-2fc2def08a6a-SegmentedRaftLogWorker:Storage Directory /workdir/hadoop-ozone/integration-test/target/test-dir/MiniOzoneClusterImpl-210d6028-2152-4683-81ff-347b0d29bb13/datanode-2/data/ratis/3938e402-d7f1-4c8e-81db-a981e405d304: flushIndex: setUnconditionally 0 -> -1
2019-09-19 14:21:46,530 [pool-49-thread-1] INFO  server.RaftServerConfigKeys (ConfUtils.java:logGet(43)) - raft.server.snapshot.auto.trigger.enabled = true (custom)
2019-09-19 14:21:46,530 [pool-49-thread-1] INFO  server.RaftServerConfigKeys (ConfUtils.java:logGet(43)) - raft.server.snapshot.auto.trigger.threshold = 10000 (custom)
2019-09-19 14:21:46,530 [pool-49-thread-1] INFO  server.RaftServerConfigKeys (ConfUtils.java:logGet(43)) - raft.server.retrycache.expirytime = 600000ms (custom)
2019-09-19 14:21:46,530 [85c6a9f3-b9a5-43a5-ac4f-9aa7bd5f2263:group-5B7DDBC4A4BA:LeaderElection122] INFO  server.RaftServerConfigKeys (ConfUtils.java:logGet(43)) - raft.server.log.appender.snapshot.chunk.size.max = 16MB (=16777216) (default)
2019-09-19 14:21:46,530 [pool-49-thread-1] INFO  impl.RaftServerImpl (RaftServerImpl.java:start(180)) - 306a7a99-f2a5-4f40-b42b-2fc2def08a6a: start group-A981E405D304
2019-09-19 14:21:46,530 [85c6a9f3-b9a5-43a5-ac4f-9aa7bd5f2263:group-5B7DDBC4A4BA:LeaderElection122] INFO  server.RaftServerConfigKeys (ConfUtils.java:logGet(43)) - raft.server.log.appender.buffer.byte-limit = 33554432 (custom)
2019-09-19 14:21:46,530 [pool-49-thread-1] INFO  impl.RaftServerImpl (RaftServerImpl.java:setRole(171)) - 306a7a99-f2a5-4f40-b42b-2fc2def08a6a:group-A981E405D304 changes role from null to FOLLOWER at term 0 for startAsFollower
2019-09-19 14:21:46,530 [pool-49-thread-1] INFO  impl.RoleInfo (RoleInfo.java:updateAndGet(143)) - 306a7a99-f2a5-4f40-b42b-2fc2def08a6a: start FollowerState
2019-09-19 14:21:46,531 [85c6a9f3-b9a5-43a5-ac4f-9aa7bd5f2263:group-5B7DDBC4A4BA:LeaderElection122] INFO  server.RaftServerConfigKeys (ConfUtils.java:logGet(43)) - raft.server.log.appender.buffer.element-limit = 1 (custom)
2019-09-19 14:21:46,531 [pool-49-thread-1] INFO  util.JmxRegister (JmxRegister.java:tryRegister(44)) - Successfully registered JMX Bean with object name Ratis:service=RaftServer,group=group-A981E405D304,id=306a7a99-f2a5-4f40-b42b-2fc2def08a6a
2019-09-19 14:21:46,534 [85c6a9f3-b9a5-43a5-ac4f-9aa7bd5f2263:group-5B7DDBC4A4BA:LeaderElection122] INFO  grpc.GrpcConfigKeys$Server (ConfUtils.java:logGet(43)) - raft.grpc.server.leader.outstanding.appends.max = 128 (default)
2019-09-19 14:21:46,534 [85c6a9f3-b9a5-43a5-ac4f-9aa7bd5f2263:group-5B7DDBC4A4BA:LeaderElection122] INFO  server.RaftServerConfigKeys (ConfUtils.java:logGet(43)) - raft.server.rpc.request.timeout = 3000ms (default)
2019-09-19 14:21:46,534 [85c6a9f3-b9a5-43a5-ac4f-9aa7bd5f2263:group-5B7DDBC4A4BA:LeaderElection122] INFO  server.RaftServerConfigKeys (ConfUtils.java:logGet(43)) - raft.server.log.appender.install.snapshot.enabled = false (custom)
2019-09-19 14:21:46,534 [85c6a9f3-b9a5-43a5-ac4f-9aa7bd5f2263:group-5B7DDBC4A4BA:LeaderElection122] INFO  server.RaftServerConfigKeys (ConfUtils.java:logGet(43)) - raft.server.log.appender.snapshot.chunk.size.max = 16MB (=16777216) (default)
2019-09-19 14:21:46,534 [85c6a9f3-b9a5-43a5-ac4f-9aa7bd5f2263:group-5B7DDBC4A4BA:LeaderElection122] INFO  server.RaftServerConfigKeys (ConfUtils.java:logGet(43)) - raft.server.log.appender.buffer.byte-limit = 33554432 (custom)
2019-09-19 14:21:46,534 [85c6a9f3-b9a5-43a5-ac4f-9aa7bd5f2263:group-5B7DDBC4A4BA:LeaderElection122] INFO  server.RaftServerConfigKeys (ConfUtils.java:logGet(43)) - raft.server.log.appender.buffer.element-limit = 1 (custom)
2019-09-19 14:21:46,534 [85c6a9f3-b9a5-43a5-ac4f-9aa7bd5f2263:group-5B7DDBC4A4BA:LeaderElection122] INFO  grpc.GrpcConfigKeys$Server (ConfUtils.java:logGet(43)) - raft.grpc.server.leader.outstanding.appends.max = 128 (default)
2019-09-19 14:21:46,535 [85c6a9f3-b9a5-43a5-ac4f-9aa7bd5f2263:group-5B7DDBC4A4BA:LeaderElection122] INFO  server.RaftServerConfigKeys (ConfUtils.java:logGet(43)) - raft.server.rpc.request.timeout = 3000ms (default)
2019-09-19 14:21:46,535 [85c6a9f3-b9a5-43a5-ac4f-9aa7bd5f2263:group-5B7DDBC4A4BA:LeaderElection122] INFO  server.RaftServerConfigKeys (ConfUtils.java:logGet(43)) - raft.server.log.appender.install.snapshot.enabled = false (custom)
2019-09-19 14:21:46,536 [85c6a9f3-b9a5-43a5-ac4f-9aa7bd5f2263:group-5B7DDBC4A4BA:LeaderElection122] INFO  impl.RoleInfo (RoleInfo.java:updateAndGet(143)) - 85c6a9f3-b9a5-43a5-ac4f-9aa7bd5f2263: start LeaderState
2019-09-19 14:21:46,536 [85c6a9f3-b9a5-43a5-ac4f-9aa7bd5f2263:group-5B7DDBC4A4BA:LeaderElection122] INFO  segmented.SegmentedRaftLogWorker (SegmentedRaftLogWorker.java:startLogSegment(380)) - 85c6a9f3-b9a5-43a5-ac4f-9aa7bd5f2263-SegmentedRaftLogWorker:Storage Directory /workdir/hadoop-ozone/integration-test/target/test-dir/MiniOzoneClusterImpl-210d6028-2152-4683-81ff-347b0d29bb13/datanode-0/data/ratis/e08f1762-4eca-4bad-a825-5b7ddbc4a4ba: Starting segment from index:0
2019-09-19 14:21:46,536 [85c6a9f3-b9a5-43a5-ac4f-9aa7bd5f2263:group-5B7DDBC4A4BA:LeaderElection122] INFO  impl.RaftServerImpl (ServerState.java:setRaftConf(361)) - 85c6a9f3-b9a5-43a5-ac4f-9aa7bd5f2263:group-5B7DDBC4A4BA set configuration 0: [85c6a9f3-b9a5-43a5-ac4f-9aa7bd5f2263:192.168.157.226:45170, 306a7a99-f2a5-4f40-b42b-2fc2def08a6a:192.168.157.226:42633, 6403e584-2209-453b-b79e-eeb0a7b58516:192.168.157.226:35833], old=null at 0
2019-09-19 14:21:46,562 [grpc-default-executor-1] INFO  impl.RaftServerImpl (ServerState.java:setLeader(263)) - 6403e584-2209-453b-b79e-eeb0a7b58516:group-5B7DDBC4A4BA change Leader from null to 85c6a9f3-b9a5-43a5-ac4f-9aa7bd5f2263 at term 1 for appendEntries, leader elected after 8405ms
2019-09-19 14:21:46,562 [grpc-default-executor-2] INFO  impl.RaftServerImpl (ServerState.java:setLeader(263)) - 306a7a99-f2a5-4f40-b42b-2fc2def08a6a:group-5B7DDBC4A4BA change Leader from null to 85c6a9f3-b9a5-43a5-ac4f-9aa7bd5f2263 at term 1 for appendEntries, leader elected after 8425ms
2019-09-19 14:21:46,591 [Thread-1100] INFO  impl.FollowerState (FollowerState.java:run(106)) - 306a7a99-f2a5-4f40-b42b-2fc2def08a6a:group-A8DD95DF660C changes to CANDIDATE, lastRpcTime:5031, electionTimeout:5030ms
2019-09-19 14:21:46,591 [Thread-1100] INFO  impl.RoleInfo (RoleInfo.java:shutdownFollowerState(121)) - 306a7a99-f2a5-4f40-b42b-2fc2def08a6a: shutdown FollowerState
2019-09-19 14:21:46,591 [Thread-1100] INFO  impl.RaftServerImpl (RaftServerImpl.java:setRole(171)) - 306a7a99-f2a5-4f40-b42b-2fc2def08a6a:group-A8DD95DF660C changes role from FOLLOWER to CANDIDATE at term 0 for changeToCandidate
2019-09-19 14:21:46,592 [Thread-1100] INFO  impl.RoleInfo (RoleInfo.java:updateAndGet(143)) - 306a7a99-f2a5-4f40-b42b-2fc2def08a6a: start LeaderElection
2019-09-19 14:21:46,598 [grpc-default-executor-1] INFO  impl.RaftServerImpl (ServerState.java:setRaftConf(361)) - 6403e584-2209-453b-b79e-eeb0a7b58516:group-5B7DDBC4A4BA set configuration 0: [85c6a9f3-b9a5-43a5-ac4f-9aa7bd5f2263:192.168.157.226:45170, 306a7a99-f2a5-4f40-b42b-2fc2def08a6a:192.168.157.226:42633, 6403e584-2209-453b-b79e-eeb0a7b58516:192.168.157.226:35833], old=null at 0
2019-09-19 14:21:46,598 [grpc-default-executor-2] INFO  impl.RaftServerImpl (ServerState.java:setRaftConf(361)) - 306a7a99-f2a5-4f40-b42b-2fc2def08a6a:group-5B7DDBC4A4BA set configuration 0: [85c6a9f3-b9a5-43a5-ac4f-9aa7bd5f2263:192.168.157.226:45170, 306a7a99-f2a5-4f40-b42b-2fc2def08a6a:192.168.157.226:42633, 6403e584-2209-453b-b79e-eeb0a7b58516:192.168.157.226:35833], old=null at 0
2019-09-19 14:21:46,598 [grpc-default-executor-1] INFO  segmented.SegmentedRaftLogWorker (SegmentedRaftLogWorker.java:startLogSegment(380)) - 6403e584-2209-453b-b79e-eeb0a7b58516-SegmentedRaftLogWorker:Storage Directory /workdir/hadoop-ozone/integration-test/target/test-dir/MiniOzoneClusterImpl-210d6028-2152-4683-81ff-347b0d29bb13/datanode-3/data/ratis/e08f1762-4eca-4bad-a825-5b7ddbc4a4ba: Starting segment from index:0
2019-09-19 14:21:46,598 [grpc-default-executor-2] INFO  segmented.SegmentedRaftLogWorker (SegmentedRaftLogWorker.java:startLogSegment(380)) - 306a7a99-f2a5-4f40-b42b-2fc2def08a6a-SegmentedRaftLogWorker:Storage Directory /workdir/hadoop-ozone/integration-test/target/test-dir/MiniOzoneClusterImpl-210d6028-2152-4683-81ff-347b0d29bb13/datanode-2/data/ratis/e08f1762-4eca-4bad-a825-5b7ddbc4a4ba: Starting segment from index:0
2019-09-19 14:21:46,620 [Thread-1091] INFO  impl.FollowerState (FollowerState.java:run(106)) - 6403e584-2209-453b-b79e-eeb0a7b58516:group-BAE80F1788ED changes to CANDIDATE, lastRpcTime:5193, electionTimeout:5193ms
2019-09-19 14:21:46,620 [Thread-1091] INFO  impl.RoleInfo (RoleInfo.java:shutdownFollowerState(121)) - 6403e584-2209-453b-b79e-eeb0a7b58516: shutdown FollowerState
2019-09-19 14:21:46,620 [Thread-1091] INFO  impl.RaftServerImpl (RaftServerImpl.java:setRole(171)) - 6403e584-2209-453b-b79e-eeb0a7b58516:group-BAE80F1788ED changes role from FOLLOWER to CANDIDATE at term 0 for changeToCandidate
2019-09-19 14:21:46,620 [Thread-1091] INFO  impl.RoleInfo (RoleInfo.java:updateAndGet(143)) - 6403e584-2209-453b-b79e-eeb0a7b58516: start LeaderElection
2019-09-19 14:21:46,662 [Thread-1094] INFO  impl.FollowerState (FollowerState.java:run(106)) - 6403e584-2209-453b-b79e-eeb0a7b58516:group-9D2959E62DA3 changes to CANDIDATE, lastRpcTime:5197, electionTimeout:5197ms
2019-09-19 14:21:46,662 [Thread-1094] INFO  impl.RoleInfo (RoleInfo.java:shutdownFollowerState(121)) - 6403e584-2209-453b-b79e-eeb0a7b58516: shutdown FollowerState
2019-09-19 14:21:46,662 [Thread-1094] INFO  impl.RaftServerImpl (RaftServerImpl.java:setRole(171)) - 6403e584-2209-453b-b79e-eeb0a7b58516:group-9D2959E62DA3 changes role from FOLLOWER to CANDIDATE at term 0 for changeToCandidate
2019-09-19 14:21:46,662 [Thread-1094] INFO  impl.RoleInfo (RoleInfo.java:updateAndGet(143)) - 6403e584-2209-453b-b79e-eeb0a7b58516: start LeaderElection
2019-09-19 14:21:46,699 [Thread-1103] INFO  impl.FollowerState (FollowerState.java:run(106)) - 306a7a99-f2a5-4f40-b42b-2fc2def08a6a:group-01E49D2CAF0C changes to CANDIDATE, lastRpcTime:5100, electionTimeout:5100ms
2019-09-19 14:21:46,699 [Thread-1103] INFO  impl.RoleInfo (RoleInfo.java:shutdownFollowerState(121)) - 306a7a99-f2a5-4f40-b42b-2fc2def08a6a: shutdown FollowerState
2019-09-19 14:21:46,699 [Thread-1103] INFO  impl.RaftServerImpl (RaftServerImpl.java:setRole(171)) - 306a7a99-f2a5-4f40-b42b-2fc2def08a6a:group-01E49D2CAF0C changes role from FOLLOWER to CANDIDATE at term 0 for changeToCandidate
2019-09-19 14:21:46,699 [Thread-1103] INFO  impl.RoleInfo (RoleInfo.java:updateAndGet(143)) - 306a7a99-f2a5-4f40-b42b-2fc2def08a6a: start LeaderElection
2019-09-19 14:21:46,734 [5dfaa0ea-416a-422c-a75d-43311aceb00a-SegmentedRaftLogWorker:Storage Directory /workdir/hadoop-ozone/integration-test/target/test-dir/MiniOzoneClusterImpl-210d6028-2152-4683-81ff-347b0d29bb13/datanode-1/data/ratis/bc527ca0-3474-4c52-a0c9-4aabc31b2e21] ERROR segmented.SegmentedRaftLogWorker (SegmentedRaftLogWorker.java:run(323)) - 5dfaa0ea-416a-422c-a75d-43311aceb00a-SegmentedRaftLogWorker:Storage Directory /workdir/hadoop-ozone/integration-test/target/test-dir/MiniOzoneClusterImpl-210d6028-2152-4683-81ff-347b0d29bb13/datanode-1/data/ratis/bc527ca0-3474-4c52-a0c9-4aabc31b2e21 hit exception
java.lang.OutOfMemoryError: Direct buffer memory
	at java.nio.Bits.reserveMemory(Bits.java:666)
	at java.nio.DirectByteBuffer.<init>(DirectByteBuffer.java:123)
	at java.nio.ByteBuffer.allocateDirect(ByteBuffer.java:311)
	at org.apache.ratis.server.raftlog.segmented.BufferedWriteChannel.<init>(BufferedWriteChannel.java:41)
	at org.apache.ratis.server.raftlog.segmented.SegmentedRaftLogOutputStream.<init>(SegmentedRaftLogOutputStream.java:72)
	at org.apache.ratis.server.raftlog.segmented.SegmentedRaftLogWorker$StartLogSegment.execute(SegmentedRaftLogWorker.java:566)
	at org.apache.ratis.server.raftlog.segmented.SegmentedRaftLogWorker.run(SegmentedRaftLogWorker.java:289)
	at java.lang.Thread.run(Thread.java:748)
2019-09-19 14:21:46,734 [5dfaa0ea-416a-422c-a75d-43311aceb00a-SegmentedRaftLogWorker:Storage Directory /workdir/hadoop-ozone/integration-test/target/test-dir/MiniOzoneClusterImpl-210d6028-2152-4683-81ff-347b0d29bb13/datanode-1/data/ratis/bc527ca0-3474-4c52-a0c9-4aabc31b2e21] INFO  impl.RaftServerImpl (RaftServerImpl.java:lambda$shutdown$3(245)) - 5dfaa0ea-416a-422c-a75d-43311aceb00a: shutdown group-4AABC31B2E21
2019-09-19 14:21:46,734 [6403e584-2209-453b-b79e-eeb0a7b58516-SegmentedRaftLogWorker:Storage Directory /workdir/hadoop-ozone/integration-test/target/test-dir/MiniOzoneClusterImpl-210d6028-2152-4683-81ff-347b0d29bb13/datanode-3/data/ratis/6cc1995c-c597-46a9-b596-a18b01875122] ERROR segmented.SegmentedRaftLogWorker (SegmentedRaftLogWorker.java:run(323)) - 6403e584-2209-453b-b79e-eeb0a7b58516-SegmentedRaftLogWorker:Storage Directory /workdir/hadoop-ozone/integration-test/target/test-dir/MiniOzoneClusterImpl-210d6028-2152-4683-81ff-347b0d29bb13/datanode-3/data/ratis/6cc1995c-c597-46a9-b596-a18b01875122 hit exception
java.lang.OutOfMemoryError: Direct buffer memory
	at java.nio.Bits.reserveMemory(Bits.java:666)
	at java.nio.DirectByteBuffer.<init>(DirectByteBuffer.java:123)
	at java.nio.ByteBuffer.allocateDirect(ByteBuffer.java:311)
	at org.apache.ratis.server.raftlog.segmented.BufferedWriteChannel.<init>(BufferedWriteChannel.java:41)
	at org.apache.ratis.server.raftlog.segmented.SegmentedRaftLogOutputStream.<init>(SegmentedRaftLogOutputStream.java:72)
	at org.apache.ratis.server.raftlog.segmented.SegmentedRaftLogWorker$StartLogSegment.execute(SegmentedRaftLogWorker.java:566)
	at org.apache.ratis.server.raftlog.segmented.SegmentedRaftLogWorker.run(SegmentedRaftLogWorker.java:289)
	at java.lang.Thread.run(Thread.java:748)
2019-09-19 14:21:46,734 [5dfaa0ea-416a-422c-a75d-43311aceb00a-SegmentedRaftLogWorker:Storage Directory /workdir/hadoop-ozone/integration-test/target/test-dir/MiniOzoneClusterImpl-210d6028-2152-4683-81ff-347b0d29bb13/datanode-1/data/ratis/bc527ca0-3474-4c52-a0c9-4aabc31b2e21] INFO  util.JmxRegister (JmxRegister.java:unregister(73)) - Successfully un-registered JMX Bean with object name Ratis:service=RaftServer,group=group-4AABC31B2E21,id=5dfaa0ea-416a-422c-a75d-43311aceb00a
2019-09-19 14:21:46,735 [6403e584-2209-453b-b79e-eeb0a7b58516-SegmentedRaftLogWorker:Storage Directory /workdir/hadoop-ozone/integration-test/target/test-dir/MiniOzoneClusterImpl-210d6028-2152-4683-81ff-347b0d29bb13/datanode-3/data/ratis/6cc1995c-c597-46a9-b596-a18b01875122] INFO  impl.RaftServerImpl (RaftServerImpl.java:lambda$shutdown$3(245)) - 6403e584-2209-453b-b79e-eeb0a7b58516: shutdown group-A18B01875122
2019-09-19 14:21:46,735 [5dfaa0ea-416a-422c-a75d-43311aceb00a-SegmentedRaftLogWorker:Storage Directory /workdir/hadoop-ozone/integration-test/target/test-dir/MiniOzoneClusterImpl-210d6028-2152-4683-81ff-347b0d29bb13/datanode-1/data/ratis/bc527ca0-3474-4c52-a0c9-4aabc31b2e21] INFO  impl.RoleInfo (RoleInfo.java:shutdownLeaderState(104)) - 5dfaa0ea-416a-422c-a75d-43311aceb00a: shutdown LeaderState
2019-09-19 14:21:46,735 [6403e584-2209-453b-b79e-eeb0a7b58516-SegmentedRaftLogWorker:Storage Directory /workdir/hadoop-ozone/integration-test/target/test-dir/MiniOzoneClusterImpl-210d6028-2152-4683-81ff-347b0d29bb13/datanode-3/data/ratis/6cc1995c-c597-46a9-b596-a18b01875122] INFO  util.JmxRegister (JmxRegister.java:unregister(73)) - Successfully un-registered JMX Bean with object name Ratis:service=RaftServer,group=group-A18B01875122,id=6403e584-2209-453b-b79e-eeb0a7b58516
2019-09-19 14:21:46,735 [5dfaa0ea-416a-422c-a75d-43311aceb00a-SegmentedRaftLogWorker:Storage Directory /workdir/hadoop-ozone/integration-test/target/test-dir/MiniOzoneClusterImpl-210d6028-2152-4683-81ff-347b0d29bb13/datanode-1/data/ratis/bc527ca0-3474-4c52-a0c9-4aabc31b2e21] INFO  impl.PendingRequests (PendingRequests.java:sendNotLeaderResponses(202)) - 5dfaa0ea-416a-422c-a75d-43311aceb00a-PendingRequests: sendNotLeaderResponses
2019-09-19 14:21:46,735 [6403e584-2209-453b-b79e-eeb0a7b58516-SegmentedRaftLogWorker:Storage Directory /workdir/hadoop-ozone/integration-test/target/test-dir/MiniOzoneClusterImpl-210d6028-2152-4683-81ff-347b0d29bb13/datanode-3/data/ratis/6cc1995c-c597-46a9-b596-a18b01875122] INFO  impl.RoleInfo (RoleInfo.java:shutdownLeaderState(104)) - 6403e584-2209-453b-b79e-eeb0a7b58516: shutdown LeaderState
2019-09-19 14:21:46,735 [5dfaa0ea-416a-422c-a75d-43311aceb00a-SegmentedRaftLogWorker:Storage Directory /workdir/hadoop-ozone/integration-test/target/test-dir/MiniOzoneClusterImpl-210d6028-2152-4683-81ff-347b0d29bb13/datanode-1/data/ratis/bc527ca0-3474-4c52-a0c9-4aabc31b2e21] INFO  impl.StateMachineUpdater (StateMachineUpdater.java:stopAndJoin(115)) - StateMachineUpdater:5dfaa0ea-416a-422c-a75d-43311aceb00a:group-4AABC31B2E21: set stopIndex = -1
2019-09-19 14:21:46,735 [6403e584-2209-453b-b79e-eeb0a7b58516-SegmentedRaftLogWorker:Storage Directory /workdir/hadoop-ozone/integration-test/target/test-dir/MiniOzoneClusterImpl-210d6028-2152-4683-81ff-347b0d29bb13/datanode-3/data/ratis/6cc1995c-c597-46a9-b596-a18b01875122] INFO  impl.PendingRequests (PendingRequests.java:sendNotLeaderResponses(202)) - 6403e584-2209-453b-b79e-eeb0a7b58516-PendingRequests: sendNotLeaderResponses
2019-09-19 14:21:46,735 [5dfaa0ea-416a-422c-a75d-43311aceb00a-SegmentedRaftLogWorker:Storage Directory /workdir/hadoop-ozone/integration-test/target/test-dir/MiniOzoneClusterImpl-210d6028-2152-4683-81ff-347b0d29bb13/datanode-1/data/ratis/bc527ca0-3474-4c52-a0c9-4aabc31b2e21] INFO  impl.RaftServerImpl (ServerState.java:close(394)) - 5dfaa0ea-416a-422c-a75d-43311aceb00a:group-4AABC31B2E21 closes. The last applied log index is -1
2019-09-19 14:21:46,736 [6403e584-2209-453b-b79e-eeb0a7b58516-SegmentedRaftLogWorker:Storage Directory /workdir/hadoop-ozone/integration-test/target/test-dir/MiniOzoneClusterImpl-210d6028-2152-4683-81ff-347b0d29bb13/datanode-3/data/ratis/6cc1995c-c597-46a9-b596-a18b01875122] INFO  impl.StateMachineUpdater (StateMachineUpdater.java:stopAndJoin(115)) - StateMachineUpdater:6403e584-2209-453b-b79e-eeb0a7b58516:group-A18B01875122: set stopIndex = -1
2019-09-19 14:21:46,736 [5dfaa0ea-416a-422c-a75d-43311aceb00a-SegmentedRaftLogWorker:Storage Directory /workdir/hadoop-ozone/integration-test/target/test-dir/MiniOzoneClusterImpl-210d6028-2152-4683-81ff-347b0d29bb13/datanode-1/data/ratis/bc527ca0-3474-4c52-a0c9-4aabc31b2e21] INFO  segmented.SegmentedRaftLogWorker (SegmentedRaftLogWorker.java:close(228)) - 5dfaa0ea-416a-422c-a75d-43311aceb00a-SegmentedRaftLogWorker:Storage Directory /workdir/hadoop-ozone/integration-test/target/test-dir/MiniOzoneClusterImpl-210d6028-2152-4683-81ff-347b0d29bb13/datanode-1/data/ratis/bc527ca0-3474-4c52-a0c9-4aabc31b2e21 close()
2019-09-19 14:21:46,736 [6403e584-2209-453b-b79e-eeb0a7b58516-SegmentedRaftLogWorker:Storage Directory /workdir/hadoop-ozone/integration-test/target/test-dir/MiniOzoneClusterImpl-210d6028-2152-4683-81ff-347b0d29bb13/datanode-3/data/ratis/6cc1995c-c597-46a9-b596-a18b01875122] INFO  impl.RaftServerImpl (ServerState.java:close(394)) - 6403e584-2209-453b-b79e-eeb0a7b58516:group-A18B01875122 closes. The last applied log index is -1
2019-09-19 14:21:46,743 [6403e584-2209-453b-b79e-eeb0a7b58516-SegmentedRaftLogWorker:Storage Directory /workdir/hadoop-ozone/integration-test/target/test-dir/MiniOzoneClusterImpl-210d6028-2152-4683-81ff-347b0d29bb13/datanode-3/data/ratis/6cc1995c-c597-46a9-b596-a18b01875122] INFO  segmented.SegmentedRaftLogWorker (SegmentedRaftLogWorker.java:close(228)) - 6403e584-2209-453b-b79e-eeb0a7b58516-SegmentedRaftLogWorker:Storage Directory /workdir/hadoop-ozone/integration-test/target/test-dir/MiniOzoneClusterImpl-210d6028-2152-4683-81ff-347b0d29bb13/datanode-3/data/ratis/6cc1995c-c597-46a9-b596-a18b01875122 close()
2019-09-19 14:21:46,749 | INFO  | SCMAudit | user=jenkins1000 | ip=192.168.157.226 | op=SEND_HEARTBEAT {datanodeUUID=6403e584-2209-453b-b79e-eeb0a7b58516, command=[]} | ret=SUCCESS |  
2019-09-19 14:21:46,754 [Thread-1106] INFO  impl.FollowerState (FollowerState.java:run(106)) - 306a7a99-f2a5-4f40-b42b-2fc2def08a6a:group-ADCADC9576A0 changes to CANDIDATE, lastRpcTime:5089, electionTimeout:5089ms
2019-09-19 14:21:46,754 [Thread-1106] INFO  impl.RoleInfo (RoleInfo.java:shutdownFollowerState(121)) - 306a7a99-f2a5-4f40-b42b-2fc2def08a6a: shutdown FollowerState
2019-09-19 14:21:46,754 [Thread-1106] INFO  impl.RaftServerImpl (RaftServerImpl.java:setRole(171)) - 306a7a99-f2a5-4f40-b42b-2fc2def08a6a:group-ADCADC9576A0 changes role from FOLLOWER to CANDIDATE at term 0 for changeToCandidate
2019-09-19 14:21:46,754 [Thread-1106] INFO  impl.RoleInfo (RoleInfo.java:updateAndGet(143)) - 306a7a99-f2a5-4f40-b42b-2fc2def08a6a: start LeaderElection
2019-09-19 14:21:46,843 [Thread-1115] INFO  impl.FollowerState (FollowerState.java:run(106)) - 306a7a99-f2a5-4f40-b42b-2fc2def08a6a:group-E31F1645E36D changes to CANDIDATE, lastRpcTime:5052, electionTimeout:5052ms
2019-09-19 14:21:46,843 [Thread-1115] INFO  impl.RoleInfo (RoleInfo.java:shutdownFollowerState(121)) - 306a7a99-f2a5-4f40-b42b-2fc2def08a6a: shutdown FollowerState
2019-09-19 14:21:46,843 [Thread-1115] INFO  impl.RaftServerImpl (RaftServerImpl.java:setRole(171)) - 306a7a99-f2a5-4f40-b42b-2fc2def08a6a:group-E31F1645E36D changes role from FOLLOWER to CANDIDATE at term 0 for changeToCandidate
2019-09-19 14:21:46,843 [Thread-1115] INFO  impl.RoleInfo (RoleInfo.java:updateAndGet(143)) - 306a7a99-f2a5-4f40-b42b-2fc2def08a6a: start LeaderElection
2019-09-19 14:21:46,851 [Thread-1112] INFO  impl.FollowerState (FollowerState.java:run(106)) - 5dfaa0ea-416a-422c-a75d-43311aceb00a:group-D69F920C77B2 changes to CANDIDATE, lastRpcTime:5099, electionTimeout:5099ms
2019-09-19 14:21:46,851 [Thread-1112] INFO  impl.RoleInfo (RoleInfo.java:shutdownFollowerState(121)) - 5dfaa0ea-416a-422c-a75d-43311aceb00a: shutdown FollowerState
2019-09-19 14:21:46,851 [Thread-1112] INFO  impl.RaftServerImpl (RaftServerImpl.java:setRole(171)) - 5dfaa0ea-416a-422c-a75d-43311aceb00a:group-D69F920C77B2 changes role from FOLLOWER to CANDIDATE at term 0 for changeToCandidate
2019-09-19 14:21:46,851 [Thread-1112] INFO  impl.RoleInfo (RoleInfo.java:updateAndGet(143)) - 5dfaa0ea-416a-422c-a75d-43311aceb00a: start LeaderElection
2019-09-19 14:21:46,861 [Thread-1109] INFO  impl.FollowerState (FollowerState.java:run(106)) - 5dfaa0ea-416a-422c-a75d-43311aceb00a:group-191F2BF7F7A4 changes to CANDIDATE, lastRpcTime:5154, electionTimeout:5154ms
2019-09-19 14:21:46,861 [Thread-1109] INFO  impl.RoleInfo (RoleInfo.java:shutdownFollowerState(121)) - 5dfaa0ea-416a-422c-a75d-43311aceb00a: shutdown FollowerState
2019-09-19 14:21:46,861 [Thread-1109] INFO  impl.RaftServerImpl (RaftServerImpl.java:setRole(171)) - 5dfaa0ea-416a-422c-a75d-43311aceb00a:group-191F2BF7F7A4 changes role from FOLLOWER to CANDIDATE at term 0 for changeToCandidate
2019-09-19 14:21:46,861 [Thread-1109] INFO  impl.RoleInfo (RoleInfo.java:updateAndGet(143)) - 5dfaa0ea-416a-422c-a75d-43311aceb00a: start LeaderElection
2019-09-19 14:21:46,862 [431517c4-8c09-4790-b37b-2e132c8143ad-SegmentedRaftLogWorker:Storage Directory /workdir/hadoop-ozone/integration-test/target/test-dir/MiniOzoneClusterImpl-210d6028-2152-4683-81ff-347b0d29bb13/datanode-5/data/ratis/51505c73-4ba3-4e6d-a97d-15a8695b4945] ERROR segmented.SegmentedRaftLogWorker (SegmentedRaftLogWorker.java:run(323)) - 431517c4-8c09-4790-b37b-2e132c8143ad-SegmentedRaftLogWorker:Storage Directory /workdir/hadoop-ozone/integration-test/target/test-dir/MiniOzoneClusterImpl-210d6028-2152-4683-81ff-347b0d29bb13/datanode-5/data/ratis/51505c73-4ba3-4e6d-a97d-15a8695b4945 hit exception
java.lang.OutOfMemoryError: Direct buffer memory
	at java.nio.Bits.reserveMemory(Bits.java:666)
	at java.nio.DirectByteBuffer.<init>(DirectByteBuffer.java:123)
	at java.nio.ByteBuffer.allocateDirect(ByteBuffer.java:311)
	at org.apache.ratis.server.raftlog.segmented.BufferedWriteChannel.<init>(BufferedWriteChannel.java:41)
	at org.apache.ratis.server.raftlog.segmented.SegmentedRaftLogOutputStream.<init>(SegmentedRaftLogOutputStream.java:72)
	at org.apache.ratis.server.raftlog.segmented.SegmentedRaftLogWorker$StartLogSegment.execute(SegmentedRaftLogWorker.java:566)
	at org.apache.ratis.server.raftlog.segmented.SegmentedRaftLogWorker.run(SegmentedRaftLogWorker.java:289)
	at java.lang.Thread.run(Thread.java:748)
2019-09-19 14:21:46,862 [431517c4-8c09-4790-b37b-2e132c8143ad-SegmentedRaftLogWorker:Storage Directory /workdir/hadoop-ozone/integration-test/target/test-dir/MiniOzoneClusterImpl-210d6028-2152-4683-81ff-347b0d29bb13/datanode-5/data/ratis/51505c73-4ba3-4e6d-a97d-15a8695b4945] INFO  impl.RaftServerImpl (RaftServerImpl.java:lambda$shutdown$3(245)) - 431517c4-8c09-4790-b37b-2e132c8143ad: shutdown group-15A8695B4945
2019-09-19 14:21:46,862 [431517c4-8c09-4790-b37b-2e132c8143ad-SegmentedRaftLogWorker:Storage Directory /workdir/hadoop-ozone/integration-test/target/test-dir/MiniOzoneClusterImpl-210d6028-2152-4683-81ff-347b0d29bb13/datanode-5/data/ratis/51505c73-4ba3-4e6d-a97d-15a8695b4945] INFO  util.JmxRegister (JmxRegister.java:unregister(73)) - Successfully un-registered JMX Bean with object name Ratis:service=RaftServer,group=group-15A8695B4945,id=431517c4-8c09-4790-b37b-2e132c8143ad
2019-09-19 14:21:46,863 [431517c4-8c09-4790-b37b-2e132c8143ad-SegmentedRaftLogWorker:Storage Directory /workdir/hadoop-ozone/integration-test/target/test-dir/MiniOzoneClusterImpl-210d6028-2152-4683-81ff-347b0d29bb13/datanode-5/data/ratis/51505c73-4ba3-4e6d-a97d-15a8695b4945] INFO  impl.RoleInfo (RoleInfo.java:shutdownLeaderState(104)) - 431517c4-8c09-4790-b37b-2e132c8143ad: shutdown LeaderState
2019-09-19 14:21:46,863 [431517c4-8c09-4790-b37b-2e132c8143ad-SegmentedRaftLogWorker:Storage Directory /workdir/hadoop-ozone/integration-test/target/test-dir/MiniOzoneClusterImpl-210d6028-2152-4683-81ff-347b0d29bb13/datanode-5/data/ratis/51505c73-4ba3-4e6d-a97d-15a8695b4945] INFO  impl.PendingRequests (PendingRequests.java:sendNotLeaderResponses(202)) - 431517c4-8c09-4790-b37b-2e132c8143ad-PendingRequests: sendNotLeaderResponses
2019-09-19 14:21:46,863 [431517c4-8c09-4790-b37b-2e132c8143ad-SegmentedRaftLogWorker:Storage Directory /workdir/hadoop-ozone/integration-test/target/test-dir/MiniOzoneClusterImpl-210d6028-2152-4683-81ff-347b0d29bb13/datanode-5/data/ratis/51505c73-4ba3-4e6d-a97d-15a8695b4945] INFO  impl.StateMachineUpdater (StateMachineUpdater.java:stopAndJoin(115)) - StateMachineUpdater:431517c4-8c09-4790-b37b-2e132c8143ad:group-15A8695B4945: set stopIndex = -1
2019-09-19 14:21:46,863 [431517c4-8c09-4790-b37b-2e132c8143ad-SegmentedRaftLogWorker:Storage Directory /workdir/hadoop-ozone/integration-test/target/test-dir/MiniOzoneClusterImpl-210d6028-2152-4683-81ff-347b0d29bb13/datanode-5/data/ratis/51505c73-4ba3-4e6d-a97d-15a8695b4945] INFO  impl.RaftServerImpl (ServerState.java:close(394)) - 431517c4-8c09-4790-b37b-2e132c8143ad:group-15A8695B4945 closes. The last applied log index is -1
2019-09-19 14:21:46,863 [431517c4-8c09-4790-b37b-2e132c8143ad-SegmentedRaftLogWorker:Storage Directory /workdir/hadoop-ozone/integration-test/target/test-dir/MiniOzoneClusterImpl-210d6028-2152-4683-81ff-347b0d29bb13/datanode-5/data/ratis/51505c73-4ba3-4e6d-a97d-15a8695b4945] INFO  segmented.SegmentedRaftLogWorker (SegmentedRaftLogWorker.java:close(228)) - 431517c4-8c09-4790-b37b-2e132c8143ad-SegmentedRaftLogWorker:Storage Directory /workdir/hadoop-ozone/integration-test/target/test-dir/MiniOzoneClusterImpl-210d6028-2152-4683-81ff-347b0d29bb13/datanode-5/data/ratis/51505c73-4ba3-4e6d-a97d-15a8695b4945 close()
2019-09-19 14:21:46,926 [5dfaa0ea-416a-422c-a75d-43311aceb00a-SegmentedRaftLogWorker:Storage Directory /workdir/hadoop-ozone/integration-test/target/test-dir/MiniOzoneClusterImpl-210d6028-2152-4683-81ff-347b0d29bb13/datanode-1/data/ratis/f7387304-c578-4d69-ac92-cf691639f191] ERROR segmented.SegmentedRaftLogWorker (SegmentedRaftLogWorker.java:run(323)) - 5dfaa0ea-416a-422c-a75d-43311aceb00a-SegmentedRaftLogWorker:Storage Directory /workdir/hadoop-ozone/integration-test/target/test-dir/MiniOzoneClusterImpl-210d6028-2152-4683-81ff-347b0d29bb13/datanode-1/data/ratis/f7387304-c578-4d69-ac92-cf691639f191 hit exception
java.lang.OutOfMemoryError: Direct buffer memory
	at java.nio.Bits.reserveMemory(Bits.java:666)
	at java.nio.DirectByteBuffer.<init>(DirectByteBuffer.java:123)
	at java.nio.ByteBuffer.allocateDirect(ByteBuffer.java:311)
	at org.apache.ratis.server.raftlog.segmented.BufferedWriteChannel.<init>(BufferedWriteChannel.java:41)
	at org.apache.ratis.server.raftlog.segmented.SegmentedRaftLogOutputStream.<init>(SegmentedRaftLogOutputStream.java:72)
	at org.apache.ratis.server.raftlog.segmented.SegmentedRaftLogWorker$StartLogSegment.execute(SegmentedRaftLogWorker.java:566)
	at org.apache.ratis.server.raftlog.segmented.SegmentedRaftLogWorker.run(SegmentedRaftLogWorker.java:289)
	at java.lang.Thread.run(Thread.java:748)
2019-09-19 14:21:46,926 [6403e584-2209-453b-b79e-eeb0a7b58516-SegmentedRaftLogWorker:Storage Directory /workdir/hadoop-ozone/integration-test/target/test-dir/MiniOzoneClusterImpl-210d6028-2152-4683-81ff-347b0d29bb13/datanode-3/data/ratis/4b6d68ee-3216-4610-8069-f3fa5553ba7e] ERROR segmented.SegmentedRaftLogWorker (SegmentedRaftLogWorker.java:run(323)) - 6403e584-2209-453b-b79e-eeb0a7b58516-SegmentedRaftLogWorker:Storage Directory /workdir/hadoop-ozone/integration-test/target/test-dir/MiniOzoneClusterImpl-210d6028-2152-4683-81ff-347b0d29bb13/datanode-3/data/ratis/4b6d68ee-3216-4610-8069-f3fa5553ba7e hit exception
java.lang.OutOfMemoryError: Direct buffer memory
	at java.nio.Bits.reserveMemory(Bits.java:666)
	at java.nio.DirectByteBuffer.<init>(DirectByteBuffer.java:123)
	at java.nio.ByteBuffer.allocateDirect(ByteBuffer.java:311)
	at org.apache.ratis.server.raftlog.segmented.BufferedWriteChannel.<init>(BufferedWriteChannel.java:41)
	at org.apache.ratis.server.raftlog.segmented.SegmentedRaftLogOutputStream.<init>(SegmentedRaftLogOutputStream.java:72)
	at org.apache.ratis.server.raftlog.segmented.SegmentedRaftLogWorker$StartLogSegment.execute(SegmentedRaftLogWorker.java:566)
	at org.apache.ratis.server.raftlog.segmented.SegmentedRaftLogWorker.run(SegmentedRaftLogWorker.java:289)
	at java.lang.Thread.run(Thread.java:748)
2019-09-19 14:21:46,926 [5dfaa0ea-416a-422c-a75d-43311aceb00a-SegmentedRaftLogWorker:Storage Directory /workdir/hadoop-ozone/integration-test/target/test-dir/MiniOzoneClusterImpl-210d6028-2152-4683-81ff-347b0d29bb13/datanode-1/data/ratis/f7387304-c578-4d69-ac92-cf691639f191] INFO  impl.RaftServerImpl (RaftServerImpl.java:lambda$shutdown$3(245)) - 5dfaa0ea-416a-422c-a75d-43311aceb00a: shutdown group-CF691639F191
2019-09-19 14:21:46,926 [6403e584-2209-453b-b79e-eeb0a7b58516-SegmentedRaftLogWorker:Storage Directory /workdir/hadoop-ozone/integration-test/target/test-dir/MiniOzoneClusterImpl-210d6028-2152-4683-81ff-347b0d29bb13/datanode-3/data/ratis/ced2034c-3cc6-4eae-b8c8-22b5e8709360] ERROR segmented.SegmentedRaftLogWorker (SegmentedRaftLogWorker.java:run(323)) - 6403e584-2209-453b-b79e-eeb0a7b58516-SegmentedRaftLogWorker:Storage Directory /workdir/hadoop-ozone/integration-test/target/test-dir/MiniOzoneClusterImpl-210d6028-2152-4683-81ff-347b0d29bb13/datanode-3/data/ratis/ced2034c-3cc6-4eae-b8c8-22b5e8709360 hit exception
java.lang.OutOfMemoryError: Direct buffer memory
	at java.nio.Bits.reserveMemory(Bits.java:666)
	at java.nio.DirectByteBuffer.<init>(DirectByteBuffer.java:123)
	at java.nio.ByteBuffer.allocateDirect(ByteBuffer.java:311)
	at org.apache.ratis.server.raftlog.segmented.BufferedWriteChannel.<init>(BufferedWriteChannel.java:41)
	at org.apache.ratis.server.raftlog.segmented.SegmentedRaftLogOutputStream.<init>(SegmentedRaftLogOutputStream.java:72)
	at org.apache.ratis.server.raftlog.segmented.SegmentedRaftLogWorker$StartLogSegment.execute(SegmentedRaftLogWorker.java:566)
	at org.apache.ratis.server.raftlog.segmented.SegmentedRaftLogWorker.run(SegmentedRaftLogWorker.java:289)
	at java.lang.Thread.run(Thread.java:748)
2019-09-19 14:21:46,926 [306a7a99-f2a5-4f40-b42b-2fc2def08a6a-SegmentedRaftLogWorker:Storage Directory /workdir/hadoop-ozone/integration-test/target/test-dir/MiniOzoneClusterImpl-210d6028-2152-4683-81ff-347b0d29bb13/datanode-2/data/ratis/f328efdc-fdfe-4382-a265-281fa53c833a] ERROR segmented.SegmentedRaftLogWorker (SegmentedRaftLogWorker.java:run(323)) - 306a7a99-f2a5-4f40-b42b-2fc2def08a6a-SegmentedRaftLogWorker:Storage Directory /workdir/hadoop-ozone/integration-test/target/test-dir/MiniOzoneClusterImpl-210d6028-2152-4683-81ff-347b0d29bb13/datanode-2/data/ratis/f328efdc-fdfe-4382-a265-281fa53c833a hit exception
java.lang.OutOfMemoryError: Direct buffer memory
	at java.nio.Bits.reserveMemory(Bits.java:666)
	at java.nio.DirectByteBuffer.<init>(DirectByteBuffer.java:123)
	at java.nio.ByteBuffer.allocateDirect(ByteBuffer.java:311)
	at org.apache.ratis.server.raftlog.segmented.BufferedWriteChannel.<init>(BufferedWriteChannel.java:41)
	at org.apache.ratis.server.raftlog.segmented.SegmentedRaftLogOutputStream.<init>(SegmentedRaftLogOutputStream.java:72)
	at org.apache.ratis.server.raftlog.segmented.SegmentedRaftLogWorker$StartLogSegment.execute(SegmentedRaftLogWorker.java:566)
	at org.apache.ratis.server.raftlog.segmented.SegmentedRaftLogWorker.run(SegmentedRaftLogWorker.java:289)
	at java.lang.Thread.run(Thread.java:748)
2019-09-19 14:21:46,927 [6403e584-2209-453b-b79e-eeb0a7b58516-SegmentedRaftLogWorker:Storage Directory /workdir/hadoop-ozone/integration-test/target/test-dir/MiniOzoneClusterImpl-210d6028-2152-4683-81ff-347b0d29bb13/datanode-3/data/ratis/ced2034c-3cc6-4eae-b8c8-22b5e8709360] INFO  impl.RaftServerImpl (RaftServerImpl.java:lambda$shutdown$3(245)) - 6403e584-2209-453b-b79e-eeb0a7b58516: shutdown group-22B5E8709360
2019-09-19 14:21:46,928 [6403e584-2209-453b-b79e-eeb0a7b58516-SegmentedRaftLogWorker:Storage Directory /workdir/hadoop-ozone/integration-test/target/test-dir/MiniOzoneClusterImpl-210d6028-2152-4683-81ff-347b0d29bb13/datanode-3/data/ratis/ced2034c-3cc6-4eae-b8c8-22b5e8709360] INFO  util.JmxRegister (JmxRegister.java:unregister(73)) - Successfully un-registered JMX Bean with object name Ratis:service=RaftServer,group=group-22B5E8709360,id=6403e584-2209-453b-b79e-eeb0a7b58516
2019-09-19 14:21:46,927 [5dfaa0ea-416a-422c-a75d-43311aceb00a-SegmentedRaftLogWorker:Storage Directory /workdir/hadoop-ozone/integration-test/target/test-dir/MiniOzoneClusterImpl-210d6028-2152-4683-81ff-347b0d29bb13/datanode-1/data/ratis/f7387304-c578-4d69-ac92-cf691639f191] INFO  util.JmxRegister (JmxRegister.java:unregister(73)) - Successfully un-registered JMX Bean with object name Ratis:service=RaftServer,group=group-CF691639F191,id=5dfaa0ea-416a-422c-a75d-43311aceb00a
2019-09-19 14:21:46,928 [5dfaa0ea-416a-422c-a75d-43311aceb00a-SegmentedRaftLogWorker:Storage Directory /workdir/hadoop-ozone/integration-test/target/test-dir/MiniOzoneClusterImpl-210d6028-2152-4683-81ff-347b0d29bb13/datanode-1/data/ratis/f7387304-c578-4d69-ac92-cf691639f191] INFO  impl.RoleInfo (RoleInfo.java:shutdownLeaderState(104)) - 5dfaa0ea-416a-422c-a75d-43311aceb00a: shutdown LeaderState
2019-09-19 14:21:46,927 [6403e584-2209-453b-b79e-eeb0a7b58516-SegmentedRaftLogWorker:Storage Directory /workdir/hadoop-ozone/integration-test/target/test-dir/MiniOzoneClusterImpl-210d6028-2152-4683-81ff-347b0d29bb13/datanode-3/data/ratis/4b6d68ee-3216-4610-8069-f3fa5553ba7e] INFO  impl.RaftServerImpl (RaftServerImpl.java:lambda$shutdown$3(245)) - 6403e584-2209-453b-b79e-eeb0a7b58516: shutdown group-F3FA5553BA7E
2019-09-19 14:21:46,928 [5dfaa0ea-416a-422c-a75d-43311aceb00a-SegmentedRaftLogWorker:Storage Directory /workdir/hadoop-ozone/integration-test/target/test-dir/MiniOzoneClusterImpl-210d6028-2152-4683-81ff-347b0d29bb13/datanode-1/data/ratis/f7387304-c578-4d69-ac92-cf691639f191] INFO  impl.PendingRequests (PendingRequests.java:sendNotLeaderResponses(202)) - 5dfaa0ea-416a-422c-a75d-43311aceb00a-PendingRequests: sendNotLeaderResponses
2019-09-19 14:21:46,928 [6403e584-2209-453b-b79e-eeb0a7b58516-SegmentedRaftLogWorker:Storage Directory /workdir/hadoop-ozone/integration-test/target/test-dir/MiniOzoneClusterImpl-210d6028-2152-4683-81ff-347b0d29bb13/datanode-3/data/ratis/ced2034c-3cc6-4eae-b8c8-22b5e8709360] INFO  impl.RoleInfo (RoleInfo.java:shutdownLeaderState(104)) - 6403e584-2209-453b-b79e-eeb0a7b58516: shutdown LeaderState
2019-09-19 14:21:46,927 [306a7a99-f2a5-4f40-b42b-2fc2def08a6a-SegmentedRaftLogWorker:Storage Directory /workdir/hadoop-ozone/integration-test/target/test-dir/MiniOzoneClusterImpl-210d6028-2152-4683-81ff-347b0d29bb13/datanode-2/data/ratis/f328efdc-fdfe-4382-a265-281fa53c833a] INFO  impl.RaftServerImpl (RaftServerImpl.java:lambda$shutdown$3(245)) - 306a7a99-f2a5-4f40-b42b-2fc2def08a6a: shutdown group-281FA53C833A
2019-09-19 14:21:46,928 [6403e584-2209-453b-b79e-eeb0a7b58516-SegmentedRaftLogWorker:Storage Directory /workdir/hadoop-ozone/integration-test/target/test-dir/MiniOzoneClusterImpl-210d6028-2152-4683-81ff-347b0d29bb13/datanode-3/data/ratis/ced2034c-3cc6-4eae-b8c8-22b5e8709360] INFO  impl.PendingRequests (PendingRequests.java:sendNotLeaderResponses(202)) - 6403e584-2209-453b-b79e-eeb0a7b58516-PendingRequests: sendNotLeaderResponses
2019-09-19 14:21:46,928 [5dfaa0ea-416a-422c-a75d-43311aceb00a-SegmentedRaftLogWorker:Storage Directory /workdir/hadoop-ozone/integration-test/target/test-dir/MiniOzoneClusterImpl-210d6028-2152-4683-81ff-347b0d29bb13/datanode-1/data/ratis/f7387304-c578-4d69-ac92-cf691639f191] INFO  impl.StateMachineUpdater (StateMachineUpdater.java:stopAndJoin(115)) - StateMachineUpdater:5dfaa0ea-416a-422c-a75d-43311aceb00a:group-CF691639F191: set stopIndex = -1
2019-09-19 14:21:46,929 [5dfaa0ea-416a-422c-a75d-43311aceb00a-SegmentedRaftLogWorker:Storage Directory /workdir/hadoop-ozone/integration-test/target/test-dir/MiniOzoneClusterImpl-210d6028-2152-4683-81ff-347b0d29bb13/datanode-1/data/ratis/f7387304-c578-4d69-ac92-cf691639f191] INFO  impl.RaftServerImpl (ServerState.java:close(394)) - 5dfaa0ea-416a-422c-a75d-43311aceb00a:group-CF691639F191 closes. The last applied log index is -1
2019-09-19 14:21:46,928 [6403e584-2209-453b-b79e-eeb0a7b58516-SegmentedRaftLogWorker:Storage Directory /workdir/hadoop-ozone/integration-test/target/test-dir/MiniOzoneClusterImpl-210d6028-2152-4683-81ff-347b0d29bb13/datanode-3/data/ratis/4b6d68ee-3216-4610-8069-f3fa5553ba7e] INFO  util.JmxRegister (JmxRegister.java:unregister(73)) - Successfully un-registered JMX Bean with object name Ratis:service=RaftServer,group=group-F3FA5553BA7E,id=6403e584-2209-453b-b79e-eeb0a7b58516
2019-09-19 14:21:46,929 [5dfaa0ea-416a-422c-a75d-43311aceb00a-SegmentedRaftLogWorker:Storage Directory /workdir/hadoop-ozone/integration-test/target/test-dir/MiniOzoneClusterImpl-210d6028-2152-4683-81ff-347b0d29bb13/datanode-1/data/ratis/f7387304-c578-4d69-ac92-cf691639f191] INFO  segmented.SegmentedRaftLogWorker (SegmentedRaftLogWorker.java:close(228)) - 5dfaa0ea-416a-422c-a75d-43311aceb00a-SegmentedRaftLogWorker:Storage Directory /workdir/hadoop-ozone/integration-test/target/test-dir/MiniOzoneClusterImpl-210d6028-2152-4683-81ff-347b0d29bb13/datanode-1/data/ratis/f7387304-c578-4d69-ac92-cf691639f191 close()
2019-09-19 14:21:46,929 [6403e584-2209-453b-b79e-eeb0a7b58516-SegmentedRaftLogWorker:Storage Directory /workdir/hadoop-ozone/integration-test/target/test-dir/MiniOzoneClusterImpl-210d6028-2152-4683-81ff-347b0d29bb13/datanode-3/data/ratis/ced2034c-3cc6-4eae-b8c8-22b5e8709360] INFO  impl.StateMachineUpdater (StateMachineUpdater.java:stopAndJoin(115)) - StateMachineUpdater:6403e584-2209-453b-b79e-eeb0a7b58516:group-22B5E8709360: set stopIndex = -1
2019-09-19 14:21:46,935 [6403e584-2209-453b-b79e-eeb0a7b58516-SegmentedRaftLogWorker:Storage Directory /workdir/hadoop-ozone/integration-test/target/test-dir/MiniOzoneClusterImpl-210d6028-2152-4683-81ff-347b0d29bb13/datanode-3/data/ratis/ced2034c-3cc6-4eae-b8c8-22b5e8709360] INFO  impl.RaftServerImpl (ServerState.java:close(394)) - 6403e584-2209-453b-b79e-eeb0a7b58516:group-22B5E8709360 closes. The last applied log index is -1
2019-09-19 14:21:46,929 [306a7a99-f2a5-4f40-b42b-2fc2def08a6a-SegmentedRaftLogWorker:Storage Directory /workdir/hadoop-ozone/integration-test/target/test-dir/MiniOzoneClusterImpl-210d6028-2152-4683-81ff-347b0d29bb13/datanode-2/data/ratis/f328efdc-fdfe-4382-a265-281fa53c833a] INFO  util.JmxRegister (JmxRegister.java:unregister(73)) - Successfully un-registered JMX Bean with object name Ratis:service=RaftServer,group=group-281FA53C833A,id=306a7a99-f2a5-4f40-b42b-2fc2def08a6a
2019-09-19 14:21:46,935 [6403e584-2209-453b-b79e-eeb0a7b58516-SegmentedRaftLogWorker:Storage Directory /workdir/hadoop-ozone/integration-test/target/test-dir/MiniOzoneClusterImpl-210d6028-2152-4683-81ff-347b0d29bb13/datanode-3/data/ratis/ced2034c-3cc6-4eae-b8c8-22b5e8709360] INFO  segmented.SegmentedRaftLogWorker (SegmentedRaftLogWorker.java:close(228)) - 6403e584-2209-453b-b79e-eeb0a7b58516-SegmentedRaftLogWorker:Storage Directory /workdir/hadoop-ozone/integration-test/target/test-dir/MiniOzoneClusterImpl-210d6028-2152-4683-81ff-347b0d29bb13/datanode-3/data/ratis/ced2034c-3cc6-4eae-b8c8-22b5e8709360 close()
2019-09-19 14:21:46,929 [6403e584-2209-453b-b79e-eeb0a7b58516-SegmentedRaftLogWorker:Storage Directory /workdir/hadoop-ozone/integration-test/target/test-dir/MiniOzoneClusterImpl-210d6028-2152-4683-81ff-347b0d29bb13/datanode-3/data/ratis/4b6d68ee-3216-4610-8069-f3fa5553ba7e] INFO  impl.RoleInfo (RoleInfo.java:shutdownLeaderState(104)) - 6403e584-2209-453b-b79e-eeb0a7b58516: shutdown LeaderState
2019-09-19 14:21:46,935 [306a7a99-f2a5-4f40-b42b-2fc2def08a6a-SegmentedRaftLogWorker:Storage Directory /workdir/hadoop-ozone/integration-test/target/test-dir/MiniOzoneClusterImpl-210d6028-2152-4683-81ff-347b0d29bb13/datanode-2/data/ratis/f328efdc-fdfe-4382-a265-281fa53c833a] INFO  impl.RoleInfo (RoleInfo.java:shutdownLeaderState(104)) - 306a7a99-f2a5-4f40-b42b-2fc2def08a6a: shutdown LeaderState
2019-09-19 14:21:46,941 [6403e584-2209-453b-b79e-eeb0a7b58516-SegmentedRaftLogWorker:Storage Directory /workdir/hadoop-ozone/integration-test/target/test-dir/MiniOzoneClusterImpl-210d6028-2152-4683-81ff-347b0d29bb13/datanode-3/data/ratis/4b6d68ee-3216-4610-8069-f3fa5553ba7e] INFO  impl.PendingRequests (PendingRequests.java:sendNotLeaderResponses(202)) - 6403e584-2209-453b-b79e-eeb0a7b58516-PendingRequests: sendNotLeaderResponses
2019-09-19 14:21:46,942 [306a7a99-f2a5-4f40-b42b-2fc2def08a6a-SegmentedRaftLogWorker:Storage Directory /workdir/hadoop-ozone/integration-test/target/test-dir/MiniOzoneClusterImpl-210d6028-2152-4683-81ff-347b0d29bb13/datanode-2/data/ratis/f328efdc-fdfe-4382-a265-281fa53c833a] INFO  impl.PendingRequests (PendingRequests.java:sendNotLeaderResponses(202)) - 306a7a99-f2a5-4f40-b42b-2fc2def08a6a-PendingRequests: sendNotLeaderResponses
2019-09-19 14:21:46,942 [6403e584-2209-453b-b79e-eeb0a7b58516-SegmentedRaftLogWorker:Storage Directory /workdir/hadoop-ozone/integration-test/target/test-dir/MiniOzoneClusterImpl-210d6028-2152-4683-81ff-347b0d29bb13/datanode-3/data/ratis/4b6d68ee-3216-4610-8069-f3fa5553ba7e] INFO  impl.StateMachineUpdater (StateMachineUpdater.java:stopAndJoin(115)) - StateMachineUpdater:6403e584-2209-453b-b79e-eeb0a7b58516:group-F3FA5553BA7E: set stopIndex = -1
2019-09-19 14:21:46,942 [306a7a99-f2a5-4f40-b42b-2fc2def08a6a-SegmentedRaftLogWorker:Storage Directory /workdir/hadoop-ozone/integration-test/target/test-dir/MiniOzoneClusterImpl-210d6028-2152-4683-81ff-347b0d29bb13/datanode-2/data/ratis/f328efdc-fdfe-4382-a265-281fa53c833a] INFO  impl.StateMachineUpdater (StateMachineUpdater.java:stopAndJoin(115)) - StateMachineUpdater:306a7a99-f2a5-4f40-b42b-2fc2def08a6a:group-281FA53C833A: set stopIndex = -1
2019-09-19 14:21:46,942 [6403e584-2209-453b-b79e-eeb0a7b58516-SegmentedRaftLogWorker:Storage Directory /workdir/hadoop-ozone/integration-test/target/test-dir/MiniOzoneClusterImpl-210d6028-2152-4683-81ff-347b0d29bb13/datanode-3/data/ratis/4b6d68ee-3216-4610-8069-f3fa5553ba7e] INFO  impl.RaftServerImpl (ServerState.java:close(394)) - 6403e584-2209-453b-b79e-eeb0a7b58516:group-F3FA5553BA7E closes. The last applied log index is -1
2019-09-19 14:21:46,942 [306a7a99-f2a5-4f40-b42b-2fc2def08a6a-SegmentedRaftLogWorker:Storage Directory /workdir/hadoop-ozone/integration-test/target/test-dir/MiniOzoneClusterImpl-210d6028-2152-4683-81ff-347b0d29bb13/datanode-2/data/ratis/f328efdc-fdfe-4382-a265-281fa53c833a] INFO  impl.RaftServerImpl (ServerState.java:close(394)) - 306a7a99-f2a5-4f40-b42b-2fc2def08a6a:group-281FA53C833A closes. The last applied log index is -1
2019-09-19 14:21:46,942 [6403e584-2209-453b-b79e-eeb0a7b58516-SegmentedRaftLogWorker:Storage Directory /workdir/hadoop-ozone/integration-test/target/test-dir/MiniOzoneClusterImpl-210d6028-2152-4683-81ff-347b0d29bb13/datanode-3/data/ratis/4b6d68ee-3216-4610-8069-f3fa5553ba7e] INFO  segmented.SegmentedRaftLogWorker (SegmentedRaftLogWorker.java:close(228)) - 6403e584-2209-453b-b79e-eeb0a7b58516-SegmentedRaftLogWorker:Storage Directory /workdir/hadoop-ozone/integration-test/target/test-dir/MiniOzoneClusterImpl-210d6028-2152-4683-81ff-347b0d29bb13/datanode-3/data/ratis/4b6d68ee-3216-4610-8069-f3fa5553ba7e close()
2019-09-19 14:21:46,943 [306a7a99-f2a5-4f40-b42b-2fc2def08a6a-SegmentedRaftLogWorker:Storage Directory /workdir/hadoop-ozone/integration-test/target/test-dir/MiniOzoneClusterImpl-210d6028-2152-4683-81ff-347b0d29bb13/datanode-2/data/ratis/f328efdc-fdfe-4382-a265-281fa53c833a] INFO  segmented.SegmentedRaftLogWorker (SegmentedRaftLogWorker.java:close(228)) - 306a7a99-f2a5-4f40-b42b-2fc2def08a6a-SegmentedRaftLogWorker:Storage Directory /workdir/hadoop-ozone/integration-test/target/test-dir/MiniOzoneClusterImpl-210d6028-2152-4683-81ff-347b0d29bb13/datanode-2/data/ratis/f328efdc-fdfe-4382-a265-281fa53c833a close()
2019-09-19 14:21:46,959 [85c6a9f3-b9a5-43a5-ac4f-9aa7bd5f2263-SegmentedRaftLogWorker:Storage Directory /workdir/hadoop-ozone/integration-test/target/test-dir/MiniOzoneClusterImpl-210d6028-2152-4683-81ff-347b0d29bb13/datanode-0/data/ratis/359331fd-2cfc-4e89-817c-fb7e126e1573] ERROR segmented.SegmentedRaftLogWorker (SegmentedRaftLogWorker.java:run(323)) - 85c6a9f3-b9a5-43a5-ac4f-9aa7bd5f2263-SegmentedRaftLogWorker:Storage Directory /workdir/hadoop-ozone/integration-test/target/test-dir/MiniOzoneClusterImpl-210d6028-2152-4683-81ff-347b0d29bb13/datanode-0/data/ratis/359331fd-2cfc-4e89-817c-fb7e126e1573 hit exception
java.lang.OutOfMemoryError: Direct buffer memory
	at java.nio.Bits.reserveMemory(Bits.java:666)
	at java.nio.DirectByteBuffer.<init>(DirectByteBuffer.java:123)
	at java.nio.ByteBuffer.allocateDirect(ByteBuffer.java:311)
	at org.apache.ratis.server.raftlog.segmented.BufferedWriteChannel.<init>(BufferedWriteChannel.java:41)
	at org.apache.ratis.server.raftlog.segmented.SegmentedRaftLogOutputStream.<init>(SegmentedRaftLogOutputStream.java:72)
	at org.apache.ratis.server.raftlog.segmented.SegmentedRaftLogWorker$StartLogSegment.execute(SegmentedRaftLogWorker.java:566)
	at org.apache.ratis.server.raftlog.segmented.SegmentedRaftLogWorker.run(SegmentedRaftLogWorker.java:289)
	at java.lang.Thread.run(Thread.java:748)
2019-09-19 14:21:46,959 [85c6a9f3-b9a5-43a5-ac4f-9aa7bd5f2263-SegmentedRaftLogWorker:Storage Directory /workdir/hadoop-ozone/integration-test/target/test-dir/MiniOzoneClusterImpl-210d6028-2152-4683-81ff-347b0d29bb13/datanode-0/data/ratis/33b2b0cf-6182-4832-b9b7-ad08c883f5d3] ERROR segmented.SegmentedRaftLogWorker (SegmentedRaftLogWorker.java:run(323)) - 85c6a9f3-b9a5-43a5-ac4f-9aa7bd5f2263-SegmentedRaftLogWorker:Storage Directory /workdir/hadoop-ozone/integration-test/target/test-dir/MiniOzoneClusterImpl-210d6028-2152-4683-81ff-347b0d29bb13/datanode-0/data/ratis/33b2b0cf-6182-4832-b9b7-ad08c883f5d3 hit exception
java.lang.OutOfMemoryError: Direct buffer memory
	at java.nio.Bits.reserveMemory(Bits.java:666)
	at java.nio.DirectByteBuffer.<init>(DirectByteBuffer.java:123)
	at java.nio.ByteBuffer.allocateDirect(ByteBuffer.java:311)
	at org.apache.ratis.server.raftlog.segmented.BufferedWriteChannel.<init>(BufferedWriteChannel.java:41)
	at org.apache.ratis.server.raftlog.segmented.SegmentedRaftLogOutputStream.<init>(SegmentedRaftLogOutputStream.java:72)
	at org.apache.ratis.server.raftlog.segmented.SegmentedRaftLogWorker$StartLogSegment.execute(SegmentedRaftLogWorker.java:566)
	at org.apache.ratis.server.raftlog.segmented.SegmentedRaftLogWorker.run(SegmentedRaftLogWorker.java:289)
	at java.lang.Thread.run(Thread.java:748)
2019-09-19 14:21:46,959 [85c6a9f3-b9a5-43a5-ac4f-9aa7bd5f2263-SegmentedRaftLogWorker:Storage Directory /workdir/hadoop-ozone/integration-test/target/test-dir/MiniOzoneClusterImpl-210d6028-2152-4683-81ff-347b0d29bb13/datanode-0/data/ratis/359331fd-2cfc-4e89-817c-fb7e126e1573] INFO  impl.RaftServerImpl (RaftServerImpl.java:lambda$shutdown$3(245)) - 85c6a9f3-b9a5-43a5-ac4f-9aa7bd5f2263: shutdown group-FB7E126E1573
2019-09-19 14:21:46,959 [85c6a9f3-b9a5-43a5-ac4f-9aa7bd5f2263-SegmentedRaftLogWorker:Storage Directory /workdir/hadoop-ozone/integration-test/target/test-dir/MiniOzoneClusterImpl-210d6028-2152-4683-81ff-347b0d29bb13/datanode-0/data/ratis/33b2b0cf-6182-4832-b9b7-ad08c883f5d3] INFO  impl.RaftServerImpl (RaftServerImpl.java:lambda$shutdown$3(245)) - 85c6a9f3-b9a5-43a5-ac4f-9aa7bd5f2263: shutdown group-AD08C883F5D3
2019-09-19 14:21:46,960 [85c6a9f3-b9a5-43a5-ac4f-9aa7bd5f2263-SegmentedRaftLogWorker:Storage Directory /workdir/hadoop-ozone/integration-test/target/test-dir/MiniOzoneClusterImpl-210d6028-2152-4683-81ff-347b0d29bb13/datanode-0/data/ratis/359331fd-2cfc-4e89-817c-fb7e126e1573] INFO  util.JmxRegister (JmxRegister.java:unregister(73)) - Successfully un-registered JMX Bean with object name Ratis:service=RaftServer,group=group-FB7E126E1573,id=85c6a9f3-b9a5-43a5-ac4f-9aa7bd5f2263
2019-09-19 14:21:46,960 [85c6a9f3-b9a5-43a5-ac4f-9aa7bd5f2263-SegmentedRaftLogWorker:Storage Directory /workdir/hadoop-ozone/integration-test/target/test-dir/MiniOzoneClusterImpl-210d6028-2152-4683-81ff-347b0d29bb13/datanode-0/data/ratis/33b2b0cf-6182-4832-b9b7-ad08c883f5d3] INFO  util.JmxRegister (JmxRegister.java:unregister(73)) - Successfully un-registered JMX Bean with object name Ratis:service=RaftServer,group=group-AD08C883F5D3,id=85c6a9f3-b9a5-43a5-ac4f-9aa7bd5f2263
2019-09-19 14:21:46,960 [85c6a9f3-b9a5-43a5-ac4f-9aa7bd5f2263-SegmentedRaftLogWorker:Storage Directory /workdir/hadoop-ozone/integration-test/target/test-dir/MiniOzoneClusterImpl-210d6028-2152-4683-81ff-347b0d29bb13/datanode-0/data/ratis/359331fd-2cfc-4e89-817c-fb7e126e1573] INFO  impl.RoleInfo (RoleInfo.java:shutdownLeaderState(104)) - 85c6a9f3-b9a5-43a5-ac4f-9aa7bd5f2263: shutdown LeaderState
2019-09-19 14:21:46,960 [85c6a9f3-b9a5-43a5-ac4f-9aa7bd5f2263-SegmentedRaftLogWorker:Storage Directory /workdir/hadoop-ozone/integration-test/target/test-dir/MiniOzoneClusterImpl-210d6028-2152-4683-81ff-347b0d29bb13/datanode-0/data/ratis/33b2b0cf-6182-4832-b9b7-ad08c883f5d3] INFO  impl.RoleInfo (RoleInfo.java:shutdownLeaderState(104)) - 85c6a9f3-b9a5-43a5-ac4f-9aa7bd5f2263: shutdown LeaderState
2019-09-19 14:21:46,960 [85c6a9f3-b9a5-43a5-ac4f-9aa7bd5f2263-SegmentedRaftLogWorker:Storage Directory /workdir/hadoop-ozone/integration-test/target/test-dir/MiniOzoneClusterImpl-210d6028-2152-4683-81ff-347b0d29bb13/datanode-0/data/ratis/359331fd-2cfc-4e89-817c-fb7e126e1573] INFO  impl.PendingRequests (PendingRequests.java:sendNotLeaderResponses(202)) - 85c6a9f3-b9a5-43a5-ac4f-9aa7bd5f2263-PendingRequests: sendNotLeaderResponses
2019-09-19 14:21:46,960 [85c6a9f3-b9a5-43a5-ac4f-9aa7bd5f2263-SegmentedRaftLogWorker:Storage Directory /workdir/hadoop-ozone/integration-test/target/test-dir/MiniOzoneClusterImpl-210d6028-2152-4683-81ff-347b0d29bb13/datanode-0/data/ratis/33b2b0cf-6182-4832-b9b7-ad08c883f5d3] INFO  impl.PendingRequests (PendingRequests.java:sendNotLeaderResponses(202)) - 85c6a9f3-b9a5-43a5-ac4f-9aa7bd5f2263-PendingRequests: sendNotLeaderResponses
2019-09-19 14:21:46,960 [Thread-1118] INFO  impl.FollowerState (FollowerState.java:run(106)) - 6403e584-2209-453b-b79e-eeb0a7b58516:group-B8762AF75437 changes to CANDIDATE, lastRpcTime:5132, electionTimeout:5132ms
2019-09-19 14:21:46,960 [85c6a9f3-b9a5-43a5-ac4f-9aa7bd5f2263-SegmentedRaftLogWorker:Storage Directory /workdir/hadoop-ozone/integration-test/target/test-dir/MiniOzoneClusterImpl-210d6028-2152-4683-81ff-347b0d29bb13/datanode-0/data/ratis/359331fd-2cfc-4e89-817c-fb7e126e1573] INFO  impl.StateMachineUpdater (StateMachineUpdater.java:stopAndJoin(115)) - StateMachineUpdater:85c6a9f3-b9a5-43a5-ac4f-9aa7bd5f2263:group-FB7E126E1573: set stopIndex = -1
2019-09-19 14:21:46,961 [Thread-1118] INFO  impl.RoleInfo (RoleInfo.java:shutdownFollowerState(121)) - 6403e584-2209-453b-b79e-eeb0a7b58516: shutdown FollowerState
2019-09-19 14:21:46,961 [85c6a9f3-b9a5-43a5-ac4f-9aa7bd5f2263-SegmentedRaftLogWorker:Storage Directory /workdir/hadoop-ozone/integration-test/target/test-dir/MiniOzoneClusterImpl-210d6028-2152-4683-81ff-347b0d29bb13/datanode-0/data/ratis/33b2b0cf-6182-4832-b9b7-ad08c883f5d3] INFO  impl.StateMachineUpdater (StateMachineUpdater.java:stopAndJoin(115)) - StateMachineUpdater:85c6a9f3-b9a5-43a5-ac4f-9aa7bd5f2263:group-AD08C883F5D3: set stopIndex = -1
2019-09-19 14:21:46,961 [Thread-1118] INFO  impl.RaftServerImpl (RaftServerImpl.java:setRole(171)) - 6403e584-2209-453b-b79e-eeb0a7b58516:group-B8762AF75437 changes role from FOLLOWER to CANDIDATE at term 0 for changeToCandidate
2019-09-19 14:21:46,961 [85c6a9f3-b9a5-43a5-ac4f-9aa7bd5f2263-SegmentedRaftLogWorker:Storage Directory /workdir/hadoop-ozone/integration-test/target/test-dir/MiniOzoneClusterImpl-210d6028-2152-4683-81ff-347b0d29bb13/datanode-0/data/ratis/359331fd-2cfc-4e89-817c-fb7e126e1573] INFO  impl.RaftServerImpl (ServerState.java:close(394)) - 85c6a9f3-b9a5-43a5-ac4f-9aa7bd5f2263:group-FB7E126E1573 closes. The last applied log index is -1
2019-09-19 14:21:46,961 [Thread-1118] INFO  impl.RoleInfo (RoleInfo.java:updateAndGet(143)) - 6403e584-2209-453b-b79e-eeb0a7b58516: start LeaderElection
2019-09-19 14:21:46,961 [85c6a9f3-b9a5-43a5-ac4f-9aa7bd5f2263-SegmentedRaftLogWorker:Storage Directory /workdir/hadoop-ozone/integration-test/target/test-dir/MiniOzoneClusterImpl-210d6028-2152-4683-81ff-347b0d29bb13/datanode-0/data/ratis/359331fd-2cfc-4e89-817c-fb7e126e1573] INFO  segmented.SegmentedRaftLogWorker (SegmentedRaftLogWorker.java:close(228)) - 85c6a9f3-b9a5-43a5-ac4f-9aa7bd5f2263-SegmentedRaftLogWorker:Storage Directory /workdir/hadoop-ozone/integration-test/target/test-dir/MiniOzoneClusterImpl-210d6028-2152-4683-81ff-347b0d29bb13/datanode-0/data/ratis/359331fd-2cfc-4e89-817c-fb7e126e1573 close()
2019-09-19 14:21:46,961 [85c6a9f3-b9a5-43a5-ac4f-9aa7bd5f2263-SegmentedRaftLogWorker:Storage Directory /workdir/hadoop-ozone/integration-test/target/test-dir/MiniOzoneClusterImpl-210d6028-2152-4683-81ff-347b0d29bb13/datanode-0/data/ratis/33b2b0cf-6182-4832-b9b7-ad08c883f5d3] INFO  impl.RaftServerImpl (ServerState.java:close(394)) - 85c6a9f3-b9a5-43a5-ac4f-9aa7bd5f2263:group-AD08C883F5D3 closes. The last applied log index is -1
2019-09-19 14:21:46,967 [85c6a9f3-b9a5-43a5-ac4f-9aa7bd5f2263-SegmentedRaftLogWorker:Storage Directory /workdir/hadoop-ozone/integration-test/target/test-dir/MiniOzoneClusterImpl-210d6028-2152-4683-81ff-347b0d29bb13/datanode-0/data/ratis/33b2b0cf-6182-4832-b9b7-ad08c883f5d3] INFO  segmented.SegmentedRaftLogWorker (SegmentedRaftLogWorker.java:close(228)) - 85c6a9f3-b9a5-43a5-ac4f-9aa7bd5f2263-SegmentedRaftLogWorker:Storage Directory /workdir/hadoop-ozone/integration-test/target/test-dir/MiniOzoneClusterImpl-210d6028-2152-4683-81ff-347b0d29bb13/datanode-0/data/ratis/33b2b0cf-6182-4832-b9b7-ad08c883f5d3 close()
2019-09-19 14:21:46,975 [6403e584-2209-453b-b79e-eeb0a7b58516-SegmentedRaftLogWorker:Storage Directory /workdir/hadoop-ozone/integration-test/target/test-dir/MiniOzoneClusterImpl-210d6028-2152-4683-81ff-347b0d29bb13/datanode-3/data/ratis/130c6fe2-bcee-49b0-a802-06952cecb4e9] ERROR segmented.SegmentedRaftLogWorker (SegmentedRaftLogWorker.java:run(323)) - 6403e584-2209-453b-b79e-eeb0a7b58516-SegmentedRaftLogWorker:Storage Directory /workdir/hadoop-ozone/integration-test/target/test-dir/MiniOzoneClusterImpl-210d6028-2152-4683-81ff-347b0d29bb13/datanode-3/data/ratis/130c6fe2-bcee-49b0-a802-06952cecb4e9 hit exception
java.lang.OutOfMemoryError: Direct buffer memory
	at java.nio.Bits.reserveMemory(Bits.java:666)
	at java.nio.DirectByteBuffer.<init>(DirectByteBuffer.java:123)
	at java.nio.ByteBuffer.allocateDirect(ByteBuffer.java:311)
	at org.apache.ratis.server.raftlog.segmented.BufferedWriteChannel.<init>(BufferedWriteChannel.java:41)
	at org.apache.ratis.server.raftlog.segmented.SegmentedRaftLogOutputStream.<init>(SegmentedRaftLogOutputStream.java:72)
	at org.apache.ratis.server.raftlog.segmented.SegmentedRaftLogWorker$StartLogSegment.execute(SegmentedRaftLogWorker.java:566)
	at org.apache.ratis.server.raftlog.segmented.SegmentedRaftLogWorker.run(SegmentedRaftLogWorker.java:289)
	at java.lang.Thread.run(Thread.java:748)
2019-09-19 14:21:46,976 [6403e584-2209-453b-b79e-eeb0a7b58516-SegmentedRaftLogWorker:Storage Directory /workdir/hadoop-ozone/integration-test/target/test-dir/MiniOzoneClusterImpl-210d6028-2152-4683-81ff-347b0d29bb13/datanode-3/data/ratis/130c6fe2-bcee-49b0-a802-06952cecb4e9] INFO  impl.RaftServerImpl (RaftServerImpl.java:lambda$shutdown$3(245)) - 6403e584-2209-453b-b79e-eeb0a7b58516: shutdown group-06952CECB4E9
2019-09-19 14:21:46,976 [6403e584-2209-453b-b79e-eeb0a7b58516-SegmentedRaftLogWorker:Storage Directory /workdir/hadoop-ozone/integration-test/target/test-dir/MiniOzoneClusterImpl-210d6028-2152-4683-81ff-347b0d29bb13/datanode-3/data/ratis/130c6fe2-bcee-49b0-a802-06952cecb4e9] INFO  util.JmxRegister (JmxRegister.java:unregister(73)) - Successfully un-registered JMX Bean with object name Ratis:service=RaftServer,group=group-06952CECB4E9,id=6403e584-2209-453b-b79e-eeb0a7b58516
2019-09-19 14:21:46,976 [6403e584-2209-453b-b79e-eeb0a7b58516-SegmentedRaftLogWorker:Storage Directory /workdir/hadoop-ozone/integration-test/target/test-dir/MiniOzoneClusterImpl-210d6028-2152-4683-81ff-347b0d29bb13/datanode-3/data/ratis/130c6fe2-bcee-49b0-a802-06952cecb4e9] INFO  impl.RoleInfo (RoleInfo.java:shutdownLeaderState(104)) - 6403e584-2209-453b-b79e-eeb0a7b58516: shutdown LeaderState
2019-09-19 14:21:46,976 [6403e584-2209-453b-b79e-eeb0a7b58516-SegmentedRaftLogWorker:Storage Directory /workdir/hadoop-ozone/integration-test/target/test-dir/MiniOzoneClusterImpl-210d6028-2152-4683-81ff-347b0d29bb13/datanode-3/data/ratis/130c6fe2-bcee-49b0-a802-06952cecb4e9] INFO  impl.PendingRequests (PendingRequests.java:sendNotLeaderResponses(202)) - 6403e584-2209-453b-b79e-eeb0a7b58516-PendingRequests: sendNotLeaderResponses
2019-09-19 14:21:46,976 [6403e584-2209-453b-b79e-eeb0a7b58516-SegmentedRaftLogWorker:Storage Directory /workdir/hadoop-ozone/integration-test/target/test-dir/MiniOzoneClusterImpl-210d6028-2152-4683-81ff-347b0d29bb13/datanode-3/data/ratis/130c6fe2-bcee-49b0-a802-06952cecb4e9] INFO  impl.StateMachineUpdater (StateMachineUpdater.java:stopAndJoin(115)) - StateMachineUpdater:6403e584-2209-453b-b79e-eeb0a7b58516:group-06952CECB4E9: set stopIndex = -1
2019-09-19 14:21:46,976 [6403e584-2209-453b-b79e-eeb0a7b58516-SegmentedRaftLogWorker:Storage Directory /workdir/hadoop-ozone/integration-test/target/test-dir/MiniOzoneClusterImpl-210d6028-2152-4683-81ff-347b0d29bb13/datanode-3/data/ratis/130c6fe2-bcee-49b0-a802-06952cecb4e9] INFO  impl.RaftServerImpl (ServerState.java:close(394)) - 6403e584-2209-453b-b79e-eeb0a7b58516:group-06952CECB4E9 closes. The last applied log index is -1
2019-09-19 14:21:46,977 [6403e584-2209-453b-b79e-eeb0a7b58516-SegmentedRaftLogWorker:Storage Directory /workdir/hadoop-ozone/integration-test/target/test-dir/MiniOzoneClusterImpl-210d6028-2152-4683-81ff-347b0d29bb13/datanode-3/data/ratis/130c6fe2-bcee-49b0-a802-06952cecb4e9] INFO  segmented.SegmentedRaftLogWorker (SegmentedRaftLogWorker.java:close(228)) - 6403e584-2209-453b-b79e-eeb0a7b58516-SegmentedRaftLogWorker:Storage Directory /workdir/hadoop-ozone/integration-test/target/test-dir/MiniOzoneClusterImpl-210d6028-2152-4683-81ff-347b0d29bb13/datanode-3/data/ratis/130c6fe2-bcee-49b0-a802-06952cecb4e9 close()
2019-09-19 14:21:46,990 [306a7a99-f2a5-4f40-b42b-2fc2def08a6a-SegmentedRaftLogWorker:Storage Directory /workdir/hadoop-ozone/integration-test/target/test-dir/MiniOzoneClusterImpl-210d6028-2152-4683-81ff-347b0d29bb13/datanode-2/data/ratis/b396d099-55cf-499e-8266-9b6c58bbb087] ERROR segmented.SegmentedRaftLogWorker (SegmentedRaftLogWorker.java:run(323)) - 306a7a99-f2a5-4f40-b42b-2fc2def08a6a-SegmentedRaftLogWorker:Storage Directory /workdir/hadoop-ozone/integration-test/target/test-dir/MiniOzoneClusterImpl-210d6028-2152-4683-81ff-347b0d29bb13/datanode-2/data/ratis/b396d099-55cf-499e-8266-9b6c58bbb087 hit exception
java.lang.OutOfMemoryError: Direct buffer memory
	at java.nio.Bits.reserveMemory(Bits.java:666)
	at java.nio.DirectByteBuffer.<init>(DirectByteBuffer.java:123)
	at java.nio.ByteBuffer.allocateDirect(ByteBuffer.java:311)
	at org.apache.ratis.server.raftlog.segmented.BufferedWriteChannel.<init>(BufferedWriteChannel.java:41)
	at org.apache.ratis.server.raftlog.segmented.SegmentedRaftLogOutputStream.<init>(SegmentedRaftLogOutputStream.java:72)
	at org.apache.ratis.server.raftlog.segmented.SegmentedRaftLogWorker$StartLogSegment.execute(SegmentedRaftLogWorker.java:566)
	at org.apache.ratis.server.raftlog.segmented.SegmentedRaftLogWorker.run(SegmentedRaftLogWorker.java:289)
	at java.lang.Thread.run(Thread.java:748)
2019-09-19 14:21:46,990 [306a7a99-f2a5-4f40-b42b-2fc2def08a6a-SegmentedRaftLogWorker:Storage Directory /workdir/hadoop-ozone/integration-test/target/test-dir/MiniOzoneClusterImpl-210d6028-2152-4683-81ff-347b0d29bb13/datanode-2/data/ratis/b396d099-55cf-499e-8266-9b6c58bbb087] INFO  impl.RaftServerImpl (RaftServerImpl.java:lambda$shutdown$3(245)) - 306a7a99-f2a5-4f40-b42b-2fc2def08a6a: shutdown group-9B6C58BBB087
2019-09-19 14:21:46,990 [306a7a99-f2a5-4f40-b42b-2fc2def08a6a-SegmentedRaftLogWorker:Storage Directory /workdir/hadoop-ozone/integration-test/target/test-dir/MiniOzoneClusterImpl-210d6028-2152-4683-81ff-347b0d29bb13/datanode-2/data/ratis/b396d099-55cf-499e-8266-9b6c58bbb087] INFO  util.JmxRegister (JmxRegister.java:unregister(73)) - Successfully un-registered JMX Bean with object name Ratis:service=RaftServer,group=group-9B6C58BBB087,id=306a7a99-f2a5-4f40-b42b-2fc2def08a6a
2019-09-19 14:21:46,991 [306a7a99-f2a5-4f40-b42b-2fc2def08a6a-SegmentedRaftLogWorker:Storage Directory /workdir/hadoop-ozone/integration-test/target/test-dir/MiniOzoneClusterImpl-210d6028-2152-4683-81ff-347b0d29bb13/datanode-2/data/ratis/b396d099-55cf-499e-8266-9b6c58bbb087] INFO  impl.RoleInfo (RoleInfo.java:shutdownLeaderState(104)) - 306a7a99-f2a5-4f40-b42b-2fc2def08a6a: shutdown LeaderState
2019-09-19 14:21:46,991 [306a7a99-f2a5-4f40-b42b-2fc2def08a6a-SegmentedRaftLogWorker:Storage Directory /workdir/hadoop-ozone/integration-test/target/test-dir/MiniOzoneClusterImpl-210d6028-2152-4683-81ff-347b0d29bb13/datanode-2/data/ratis/b396d099-55cf-499e-8266-9b6c58bbb087] INFO  impl.PendingRequests (PendingRequests.java:sendNotLeaderResponses(202)) - 306a7a99-f2a5-4f40-b42b-2fc2def08a6a-PendingRequests: sendNotLeaderResponses
2019-09-19 14:21:46,991 [306a7a99-f2a5-4f40-b42b-2fc2def08a6a-SegmentedRaftLogWorker:Storage Directory /workdir/hadoop-ozone/integration-test/target/test-dir/MiniOzoneClusterImpl-210d6028-2152-4683-81ff-347b0d29bb13/datanode-2/data/ratis/b396d099-55cf-499e-8266-9b6c58bbb087] INFO  impl.StateMachineUpdater (StateMachineUpdater.java:stopAndJoin(115)) - StateMachineUpdater:306a7a99-f2a5-4f40-b42b-2fc2def08a6a:group-9B6C58BBB087: set stopIndex = -1
2019-09-19 14:21:46,991 [306a7a99-f2a5-4f40-b42b-2fc2def08a6a-SegmentedRaftLogWorker:Storage Directory /workdir/hadoop-ozone/integration-test/target/test-dir/MiniOzoneClusterImpl-210d6028-2152-4683-81ff-347b0d29bb13/datanode-2/data/ratis/b396d099-55cf-499e-8266-9b6c58bbb087] INFO  impl.RaftServerImpl (ServerState.java:close(394)) - 306a7a99-f2a5-4f40-b42b-2fc2def08a6a:group-9B6C58BBB087 closes. The last applied log index is -1
2019-09-19 14:21:46,991 [306a7a99-f2a5-4f40-b42b-2fc2def08a6a-SegmentedRaftLogWorker:Storage Directory /workdir/hadoop-ozone/integration-test/target/test-dir/MiniOzoneClusterImpl-210d6028-2152-4683-81ff-347b0d29bb13/datanode-2/data/ratis/b396d099-55cf-499e-8266-9b6c58bbb087] INFO  segmented.SegmentedRaftLogWorker (SegmentedRaftLogWorker.java:close(228)) - 306a7a99-f2a5-4f40-b42b-2fc2def08a6a-SegmentedRaftLogWorker:Storage Directory /workdir/hadoop-ozone/integration-test/target/test-dir/MiniOzoneClusterImpl-210d6028-2152-4683-81ff-347b0d29bb13/datanode-2/data/ratis/b396d099-55cf-499e-8266-9b6c58bbb087 close()
2019-09-19 14:21:47,060 [Thread-1121] INFO  impl.FollowerState (FollowerState.java:run(106)) - 6403e584-2209-453b-b79e-eeb0a7b58516:group-29A035CB2198 changes to CANDIDATE, lastRpcTime:5160, electionTimeout:5160ms
2019-09-19 14:21:47,060 [Thread-1121] INFO  impl.RoleInfo (RoleInfo.java:shutdownFollowerState(121)) - 6403e584-2209-453b-b79e-eeb0a7b58516: shutdown FollowerState
2019-09-19 14:21:47,060 [Thread-1121] INFO  impl.RaftServerImpl (RaftServerImpl.java:setRole(171)) - 6403e584-2209-453b-b79e-eeb0a7b58516:group-29A035CB2198 changes role from FOLLOWER to CANDIDATE at term 0 for changeToCandidate
2019-09-19 14:21:47,060 [Thread-1121] INFO  impl.RoleInfo (RoleInfo.java:updateAndGet(143)) - 6403e584-2209-453b-b79e-eeb0a7b58516: start LeaderElection
2019-09-19 14:21:47,122 [Thread-1124] INFO  impl.FollowerState (FollowerState.java:run(106)) - 306a7a99-f2a5-4f40-b42b-2fc2def08a6a:group-77668966BA62 changes to CANDIDATE, lastRpcTime:5122, electionTimeout:5122ms
2019-09-19 14:21:47,122 [Thread-1124] INFO  impl.RoleInfo (RoleInfo.java:shutdownFollowerState(121)) - 306a7a99-f2a5-4f40-b42b-2fc2def08a6a: shutdown FollowerState
2019-09-19 14:21:47,122 [Thread-1124] INFO  impl.RaftServerImpl (RaftServerImpl.java:setRole(171)) - 306a7a99-f2a5-4f40-b42b-2fc2def08a6a:group-77668966BA62 changes role from FOLLOWER to CANDIDATE at term 0 for changeToCandidate
2019-09-19 14:21:47,122 [Thread-1124] INFO  impl.RoleInfo (RoleInfo.java:updateAndGet(143)) - 306a7a99-f2a5-4f40-b42b-2fc2def08a6a: start LeaderElection
2019-09-19 14:21:47,223 [Thread-1127] INFO  impl.FollowerState (FollowerState.java:run(106)) - 6403e584-2209-453b-b79e-eeb0a7b58516:group-8CFE3AF44FFF changes to CANDIDATE, lastRpcTime:5066, electionTimeout:5066ms
2019-09-19 14:21:47,223 [Thread-1127] INFO  impl.RoleInfo (RoleInfo.java:shutdownFollowerState(121)) - 6403e584-2209-453b-b79e-eeb0a7b58516: shutdown FollowerState
2019-09-19 14:21:47,223 [Thread-1127] INFO  impl.RaftServerImpl (RaftServerImpl.java:setRole(171)) - 6403e584-2209-453b-b79e-eeb0a7b58516:group-8CFE3AF44FFF changes role from FOLLOWER to CANDIDATE at term 0 for changeToCandidate
2019-09-19 14:21:47,223 [Thread-1127] INFO  impl.RoleInfo (RoleInfo.java:updateAndGet(143)) - 6403e584-2209-453b-b79e-eeb0a7b58516: start LeaderElection
2019-09-19 14:21:47,244 | INFO  | SCMAudit | user=jenkins1000 | ip=192.168.157.226 | op=SEND_HEARTBEAT {datanodeUUID=56d21ab3-8f6d-44ea-b961-c721a1c09246, command=[]} | ret=SUCCESS |  
2019-09-19 14:21:47,244 | INFO  | SCMAudit | user=jenkins1000 | ip=192.168.157.226 | op=SEND_HEARTBEAT {datanodeUUID=5dfaa0ea-416a-422c-a75d-43311aceb00a, command=[]} | ret=SUCCESS |  
2019-09-19 14:21:47,244 | INFO  | SCMAudit | user=jenkins1000 | ip=192.168.157.226 | op=SEND_HEARTBEAT {datanodeUUID=1190b9a7-12b1-4c15-b33e-f7d0a0cd436c, command=[]} | ret=SUCCESS |  
2019-09-19 14:21:47,246 | INFO  | SCMAudit | user=jenkins1000 | ip=192.168.157.226 | op=SEND_HEARTBEAT {datanodeUUID=85c6a9f3-b9a5-43a5-ac4f-9aa7bd5f2263, command=[]} | ret=SUCCESS |  
2019-09-19 14:21:47,247 | INFO  | SCMAudit | user=jenkins1000 | ip=192.168.157.226 | op=SEND_HEARTBEAT {datanodeUUID=431517c4-8c09-4790-b37b-2e132c8143ad, command=[]} | ret=SUCCESS |  
2019-09-19 14:21:47,288 [RatisPipelineUtilsThread] INFO  pipeline.PipelineStateManager (PipelineStateManager.java:addPipeline(56)) - Created pipeline Pipeline[ Id: 3938e402-d7f1-4c8e-81db-a981e405d304, Nodes: 306a7a99-f2a5-4f40-b42b-2fc2def08a6a{ip: 192.168.157.226, host: pr-hdds-1569-swxfz-3172132826, networkLocation: /default-rack, certSerialId: null}, Type:RATIS, Factor:ONE, State:OPEN]
2019-09-19 14:21:51,097 [Thread-941] WARN  util.JavaUtils (JavaUtils.java:sleep(250)) - Unexpected long sleep: sleep(5006ms) actually took 5811ms which is over the threshold 300ms
2019-09-19 14:21:51,098 [Thread-944] WARN  util.JavaUtils (JavaUtils.java:sleep(250)) - Unexpected long sleep: sleep(5123ms) actually took 5811ms which is over the threshold 300ms
2019-09-19 14:21:51,098 [Thread-947] WARN  util.JavaUtils (JavaUtils.java:sleep(250)) - Unexpected long sleep: sleep(5093ms) actually took 5811ms which is over the threshold 300ms
2019-09-19 14:21:51,098 [Thread-1171] WARN  util.JavaUtils (JavaUtils.java:sleep(250)) - Unexpected long sleep: sleep(5002ms) actually took 6268ms which is over the threshold 300ms
2019-09-19 14:21:51,098 [Thread-878] WARN  util.JavaUtils (JavaUtils.java:sleep(250)) - Unexpected long sleep: sleep(5113ms) actually took 6298ms which is over the threshold 300ms
2019-09-19 14:21:51,098 [Thread-875] WARN  util.JavaUtils (JavaUtils.java:sleep(250)) - Unexpected long sleep: sleep(5016ms) actually took 6298ms which is over the threshold 300ms
2019-09-19 14:21:51,098 [Thread-1148] WARN  util.JavaUtils (JavaUtils.java:sleep(250)) - Unexpected long sleep: sleep(5056ms) actually took 7505ms which is over the threshold 300ms
2019-09-19 14:21:51,098 [Thread-872] WARN  util.JavaUtils (JavaUtils.java:sleep(250)) - Unexpected long sleep: sleep(5022ms) actually took 6299ms which is over the threshold 300ms
2019-09-19 14:21:51,098 [Thread-851] WARN  util.JavaUtils (JavaUtils.java:sleep(250)) - Unexpected long sleep: sleep(5085ms) actually took 6299ms which is over the threshold 300ms
2019-09-19 14:21:51,098 [Thread-1145] WARN  util.JavaUtils (JavaUtils.java:sleep(250)) - Unexpected long sleep: sleep(5026ms) actually took 7648ms which is over the threshold 300ms
2019-09-19 14:21:51,098 [Thread-1142] WARN  util.JavaUtils (JavaUtils.java:sleep(250)) - Unexpected long sleep: sleep(5051ms) actually took 8035ms which is over the threshold 300ms
2019-09-19 14:21:51,103 [Thread-950] WARN  util.JavaUtils (JavaUtils.java:sleep(250)) - Unexpected long sleep: sleep(5021ms) actually took 5811ms which is over the threshold 300ms
2019-09-19 14:21:51,098 [Thread-1151] WARN  util.JavaUtils (JavaUtils.java:sleep(250)) - Unexpected long sleep: sleep(5112ms) actually took 7136ms which is over the threshold 300ms
2019-09-19 14:21:51,098 [Thread-938] WARN  util.JavaUtils (JavaUtils.java:sleep(250)) - Unexpected long sleep: sleep(5129ms) actually took 5811ms which is over the threshold 300ms
2019-09-19 14:21:51,098 [Thread-980] INFO  impl.FollowerState (FollowerState.java:run(106)) - 5dfaa0ea-416a-422c-a75d-43311aceb00a:group-2D13F68C8B1A changes to CANDIDATE, lastRpcTime:11597, electionTimeout:5034ms
2019-09-19 14:21:51,103 [Thread-1173] WARN  util.JavaUtils (JavaUtils.java:sleep(250)) - Unexpected long sleep: sleep(5186ms) actually took 5983ms which is over the threshold 300ms
2019-09-19 14:21:51,103 [Thread-983] INFO  impl.FollowerState (FollowerState.java:run(106)) - 6403e584-2209-453b-b79e-eeb0a7b58516:group-8077D3FCDC3D changes to CANDIDATE, lastRpcTime:11557, electionTimeout:5060ms
2019-09-19 14:21:51,099 [Thread-1139] INFO  impl.FollowerState (FollowerState.java:run(106)) - 6403e584-2209-453b-b79e-eeb0a7b58516:group-0D5E299A7331 changes to CANDIDATE, lastRpcTime:5095, electionTimeout:5004ms
2019-09-19 14:21:51,099 [Thread-1133] INFO  impl.FollowerState (FollowerState.java:run(106)) - 5dfaa0ea-416a-422c-a75d-43311aceb00a:group-8EE30092736F changes to CANDIDATE, lastRpcTime:5279, electionTimeout:5171ms
2019-09-19 14:21:51,099 [Thread-864] WARN  util.JavaUtils (JavaUtils.java:sleep(250)) - Unexpected long sleep: sleep(5171ms) actually took 6299ms which is over the threshold 300ms
2019-09-19 14:21:51,099 [Thread-850] WARN  util.JavaUtils (JavaUtils.java:sleep(250)) - Unexpected long sleep: sleep(5183ms) actually took 6299ms which is over the threshold 300ms
2019-09-19 14:21:51,125 [org.apache.hadoop.util.JvmPauseMonitor$Monitor@8ae54e0] INFO  util.JvmPauseMonitor (JvmPauseMonitor.java:run(205)) - Detected pause in JVM or host machine (eg GC): pause of approximately 2897ms
GC pool 'PS MarkSweep' had collection(s): count=16 time=3623ms
GC pool 'PS Scavenge' had collection(s): count=16 time=110ms
2019-09-19 14:21:51,098 [Thread-869] WARN  util.JavaUtils (JavaUtils.java:sleep(250)) - Unexpected long sleep: sleep(5132ms) actually took 6299ms which is over the threshold 300ms
2019-09-19 14:21:51,098 [Thread-1174] WARN  util.JavaUtils (JavaUtils.java:sleep(250)) - Unexpected long sleep: sleep(5070ms) actually took 6247ms which is over the threshold 300ms
2019-09-19 14:21:51,125 [org.apache.hadoop.util.JvmPauseMonitor$Monitor@36311636] INFO  util.JvmPauseMonitor (JvmPauseMonitor.java:run(205)) - Detected pause in JVM or host machine (eg GC): pause of approximately 2897ms
GC pool 'PS MarkSweep' had collection(s): count=16 time=3623ms
GC pool 'PS Scavenge' had collection(s): count=16 time=110ms
2019-09-19 14:21:51,125 [org.apache.hadoop.util.JvmPauseMonitor$Monitor@c6191ec] INFO  util.JvmPauseMonitor (JvmPauseMonitor.java:run(205)) - Detected pause in JVM or host machine (eg GC): pause of approximately 2897ms
GC pool 'PS MarkSweep' had collection(s): count=16 time=3623ms
GC pool 'PS Scavenge' had collection(s): count=16 time=110ms
2019-09-19 14:21:51,125 [org.apache.hadoop.util.JvmPauseMonitor$Monitor@4e604f55] INFO  util.JvmPauseMonitor (JvmPauseMonitor.java:run(205)) - Detected pause in JVM or host machine (eg GC): pause of approximately 2898ms
GC pool 'PS MarkSweep' had collection(s): count=16 time=3623ms
GC pool 'PS Scavenge' had collection(s): count=16 time=110ms
2019-09-19 14:21:51,125 [org.apache.hadoop.util.JvmPauseMonitor$Monitor@668f3cf] INFO  util.JvmPauseMonitor (JvmPauseMonitor.java:run(205)) - Detected pause in JVM or host machine (eg GC): pause of approximately 2897ms
GC pool 'PS MarkSweep' had collection(s): count=16 time=3623ms
GC pool 'PS Scavenge' had collection(s): count=16 time=110ms
2019-09-19 14:21:51,122 [Thread-1133] INFO  impl.RoleInfo (RoleInfo.java:shutdownFollowerState(121)) - 5dfaa0ea-416a-422c-a75d-43311aceb00a: shutdown FollowerState
2019-09-19 14:21:51,126 [Thread-1133] INFO  impl.RaftServerImpl (RaftServerImpl.java:setRole(171)) - 5dfaa0ea-416a-422c-a75d-43311aceb00a:group-8EE30092736F changes role from FOLLOWER to CANDIDATE at term 0 for changeToCandidate
2019-09-19 14:21:51,126 [5dfaa0ea-416a-422c-a75d-43311aceb00a:group-434F2440A2F3:LeaderElection157] INFO  impl.LeaderElection (LeaderElection.java:askForVotes(181)) - 5dfaa0ea-416a-422c-a75d-43311aceb00a:group-434F2440A2F3:LeaderElection157: begin an election at term 1 for -1: [5dfaa0ea-416a-422c-a75d-43311aceb00a:192.168.157.226:45629], old=null
2019-09-19 14:21:51,126 [85c6a9f3-b9a5-43a5-ac4f-9aa7bd5f2263:group-9BF0E3E86DDD:LeaderElection154] INFO  impl.LeaderElection (LeaderElection.java:askForVotes(181)) - 85c6a9f3-b9a5-43a5-ac4f-9aa7bd5f2263:group-9BF0E3E86DDD:LeaderElection154: begin an election at term 1 for -1: [85c6a9f3-b9a5-43a5-ac4f-9aa7bd5f2263:192.168.157.226:45170], old=null
2019-09-19 14:21:51,122 [Thread-1139] INFO  impl.RoleInfo (RoleInfo.java:shutdownFollowerState(121)) - 6403e584-2209-453b-b79e-eeb0a7b58516: shutdown FollowerState
2019-09-19 14:21:51,121 [Thread-983] INFO  impl.RoleInfo (RoleInfo.java:shutdownFollowerState(121)) - 6403e584-2209-453b-b79e-eeb0a7b58516: shutdown FollowerState
2019-09-19 14:21:51,121 [Thread-980] INFO  impl.RoleInfo (RoleInfo.java:shutdownFollowerState(121)) - 5dfaa0ea-416a-422c-a75d-43311aceb00a: shutdown FollowerState
2019-09-19 14:21:51,127 [Thread-983] INFO  impl.RaftServerImpl (RaftServerImpl.java:setRole(171)) - 6403e584-2209-453b-b79e-eeb0a7b58516:group-8077D3FCDC3D changes role from FOLLOWER to CANDIDATE at term 0 for changeToCandidate
2019-09-19 14:21:51,127 [Thread-1139] INFO  impl.RaftServerImpl (RaftServerImpl.java:setRole(171)) - 6403e584-2209-453b-b79e-eeb0a7b58516:group-0D5E299A7331 changes role from FOLLOWER to CANDIDATE at term 0 for changeToCandidate
2019-09-19 14:21:51,127 [5dfaa0ea-416a-422c-a75d-43311aceb00a:group-434F2440A2F3:LeaderElection157] INFO  impl.RoleInfo (RoleInfo.java:shutdownLeaderElection(134)) - 5dfaa0ea-416a-422c-a75d-43311aceb00a: shutdown LeaderElection
2019-09-19 14:21:51,127 [85c6a9f3-b9a5-43a5-ac4f-9aa7bd5f2263:group-9BF0E3E86DDD:LeaderElection154] INFO  impl.RoleInfo (RoleInfo.java:shutdownLeaderElection(134)) - 85c6a9f3-b9a5-43a5-ac4f-9aa7bd5f2263: shutdown LeaderElection
2019-09-19 14:21:51,126 [1190b9a7-12b1-4c15-b33e-f7d0a0cd436c:group-CB3D96F0AD97:LeaderElection156] INFO  impl.LeaderElection (LeaderElection.java:askForVotes(181)) - 1190b9a7-12b1-4c15-b33e-f7d0a0cd436c:group-CB3D96F0AD97:LeaderElection156: begin an election at term 1 for -1: [1190b9a7-12b1-4c15-b33e-f7d0a0cd436c:192.168.157.226:34463], old=null
2019-09-19 14:21:51,126 [1190b9a7-12b1-4c15-b33e-f7d0a0cd436c:group-E32ECD57E9E2:LeaderElection151] INFO  impl.LeaderElection (LeaderElection.java:askForVotes(181)) - 1190b9a7-12b1-4c15-b33e-f7d0a0cd436c:group-E32ECD57E9E2:LeaderElection151: begin an election at term 1 for -1: [1190b9a7-12b1-4c15-b33e-f7d0a0cd436c:192.168.157.226:34463], old=null
2019-09-19 14:21:51,128 [431517c4-8c09-4790-b37b-2e132c8143ad:group-D5017DB46417:LeaderElection163] INFO  impl.LeaderElection (LeaderElection.java:askForVotes(181)) - 431517c4-8c09-4790-b37b-2e132c8143ad:group-D5017DB46417:LeaderElection163: begin an election at term 1 for -1: [431517c4-8c09-4790-b37b-2e132c8143ad:192.168.157.226:40911], old=null
2019-09-19 14:21:51,128 | INFO  | SCMAudit | user=jenkins1000 | ip=192.168.157.226 | op=SEND_HEARTBEAT {datanodeUUID=56d21ab3-8f6d-44ea-b961-c721a1c09246, command=[]} | ret=SUCCESS |  
2019-09-19 14:21:51,128 | INFO  | SCMAudit | user=jenkins1000 | ip=192.168.157.226 | op=SEND_HEARTBEAT {datanodeUUID=6403e584-2209-453b-b79e-eeb0a7b58516, command=[]} | ret=SUCCESS |  
2019-09-19 14:21:51,126 [Thread-1133] INFO  impl.RoleInfo (RoleInfo.java:updateAndGet(143)) - 5dfaa0ea-416a-422c-a75d-43311aceb00a: start LeaderElection
2019-09-19 14:21:51,126 [306a7a99-f2a5-4f40-b42b-2fc2def08a6a:group-EA67B07F3728:LeaderElection166] INFO  impl.LeaderElection (LeaderElection.java:askForVotes(181)) - 306a7a99-f2a5-4f40-b42b-2fc2def08a6a:group-EA67B07F3728:LeaderElection166: begin an election at term 1 for -1: [306a7a99-f2a5-4f40-b42b-2fc2def08a6a:192.168.157.226:42633], old=null
2019-09-19 14:21:51,126 [5dfaa0ea-416a-422c-a75d-43311aceb00a:group-5434A5443223:LeaderElection162] INFO  impl.LeaderElection (LeaderElection.java:askForVotes(181)) - 5dfaa0ea-416a-422c-a75d-43311aceb00a:group-5434A5443223:LeaderElection162: begin an election at term 1 for -1: [5dfaa0ea-416a-422c-a75d-43311aceb00a:192.168.157.226:45629], old=null
2019-09-19 14:21:51,126 [6403e584-2209-453b-b79e-eeb0a7b58516:group-133D6F8D7E88:LeaderElection153] INFO  impl.LeaderElection (LeaderElection.java:askForVotes(181)) - 6403e584-2209-453b-b79e-eeb0a7b58516:group-133D6F8D7E88:LeaderElection153: begin an election at term 1 for -1: [6403e584-2209-453b-b79e-eeb0a7b58516:192.168.157.226:35833], old=null
2019-09-19 14:21:51,127 | INFO  | SCMAudit | user=jenkins1000 | ip=192.168.157.226 | op=SEND_HEARTBEAT {datanodeUUID=5dfaa0ea-416a-422c-a75d-43311aceb00a, command=[]} | ret=SUCCESS |  
2019-09-19 14:21:51,127 | INFO  | SCMAudit | user=jenkins1000 | ip=192.168.157.226 | op=SEND_HEARTBEAT {datanodeUUID=431517c4-8c09-4790-b37b-2e132c8143ad, command=[]} | ret=SUCCESS |  
2019-09-19 14:21:51,126 [85c6a9f3-b9a5-43a5-ac4f-9aa7bd5f2263:group-38451878E2DA:LeaderElection155] INFO  impl.LeaderElection (LeaderElection.java:askForVotes(181)) - 85c6a9f3-b9a5-43a5-ac4f-9aa7bd5f2263:group-38451878E2DA:LeaderElection155: begin an election at term 1 for -1: [85c6a9f3-b9a5-43a5-ac4f-9aa7bd5f2263:192.168.157.226:45170], old=null
2019-09-19 14:21:51,127 | INFO  | SCMAudit | user=jenkins1000 | ip=192.168.157.226 | op=SEND_HEARTBEAT {datanodeUUID=85c6a9f3-b9a5-43a5-ac4f-9aa7bd5f2263, command=[]} | ret=SUCCESS |  
2019-09-19 14:21:51,127 | INFO  | SCMAudit | user=jenkins1000 | ip=192.168.157.226 | op=SEND_HEARTBEAT {datanodeUUID=1190b9a7-12b1-4c15-b33e-f7d0a0cd436c, command=[]} | ret=SUCCESS |  
2019-09-19 14:21:51,126 [306a7a99-f2a5-4f40-b42b-2fc2def08a6a:group-BA6B5495B088:LeaderElection150] INFO  impl.LeaderElection (LeaderElection.java:askForVotes(181)) - 306a7a99-f2a5-4f40-b42b-2fc2def08a6a:group-BA6B5495B088:LeaderElection150: begin an election at term 1 for -1: [306a7a99-f2a5-4f40-b42b-2fc2def08a6a:192.168.157.226:42633], old=null
2019-09-19 14:21:51,128 [85c6a9f3-b9a5-43a5-ac4f-9aa7bd5f2263:group-38451878E2DA:LeaderElection155] INFO  impl.RoleInfo (RoleInfo.java:shutdownLeaderElection(134)) - 85c6a9f3-b9a5-43a5-ac4f-9aa7bd5f2263: shutdown LeaderElection
2019-09-19 14:21:51,128 [Thread-1130] WARN  util.JavaUtils (JavaUtils.java:sleep(250)) - Unexpected long sleep: sleep(5046ms) actually took 5376ms which is over the threshold 300ms
2019-09-19 14:21:51,128 [6403e584-2209-453b-b79e-eeb0a7b58516:group-133D6F8D7E88:LeaderElection153] INFO  impl.RoleInfo (RoleInfo.java:shutdownLeaderElection(134)) - 6403e584-2209-453b-b79e-eeb0a7b58516: shutdown LeaderElection
2019-09-19 14:21:51,132 [6403e584-2209-453b-b79e-eeb0a7b58516:group-133D6F8D7E88:LeaderElection153] INFO  impl.RaftServerImpl (RaftServerImpl.java:setRole(171)) - 6403e584-2209-453b-b79e-eeb0a7b58516:group-133D6F8D7E88 changes role from CANDIDATE to LEADER at term 1 for changeToLeader
2019-09-19 14:21:51,128 [Thread-1136] INFO  impl.FollowerState (FollowerState.java:run(106)) - 5dfaa0ea-416a-422c-a75d-43311aceb00a:group-9F8238B9215E changes to CANDIDATE, lastRpcTime:5134, electionTimeout:5045ms
2019-09-19 14:21:51,132 [java.util.concurrent.ThreadPoolExecutor$Worker@171b2a59[State = -1, empty queue]] WARN  server.GrpcLogAppender (GrpcLogAppender.java:timeoutAppendRequest(200)) - GrpcLogAppender(85c6a9f3-b9a5-43a5-ac4f-9aa7bd5f2263->6403e584-2209-453b-b79e-eeb0a7b58516): appendEntries Timeout, request=85c6a9f3-b9a5-43a5-ac4f-9aa7bd5f2263->6403e584-2209-453b-b79e-eeb0a7b58516#1-t1, previous=(t:0, i:0), leaderCommit=-1, initializing? false, entries: size=1, first=(t:1, i:0), CONFIGURATIONENTRY
2019-09-19 14:21:51,134 | INFO  | SCMAudit | user=jenkins1000 | ip=192.168.157.226 | op=SEND_HEARTBEAT {datanodeUUID=306a7a99-f2a5-4f40-b42b-2fc2def08a6a, command=[]} | ret=SUCCESS |  
2019-09-19 14:21:51,128 [5dfaa0ea-416a-422c-a75d-43311aceb00a:group-5434A5443223:LeaderElection162] INFO  impl.RoleInfo (RoleInfo.java:shutdownLeaderElection(134)) - 5dfaa0ea-416a-422c-a75d-43311aceb00a: shutdown LeaderElection
2019-09-19 14:21:51,128 [306a7a99-f2a5-4f40-b42b-2fc2def08a6a:group-EA67B07F3728:LeaderElection166] INFO  impl.RoleInfo (RoleInfo.java:shutdownLeaderElection(134)) - 306a7a99-f2a5-4f40-b42b-2fc2def08a6a: shutdown LeaderElection
2019-09-19 14:21:51,128 [org.apache.hadoop.util.JvmPauseMonitor$Monitor@416651d1] INFO  util.JvmPauseMonitor (JvmPauseMonitor.java:run(205)) - Detected pause in JVM or host machine (eg GC): pause of approximately 2898ms
GC pool 'PS MarkSweep' had collection(s): count=16 time=3623ms
GC pool 'PS Scavenge' had collection(s): count=16 time=110ms
2019-09-19 14:21:51,128 [431517c4-8c09-4790-b37b-2e132c8143ad:group-D5017DB46417:LeaderElection163] INFO  impl.RoleInfo (RoleInfo.java:shutdownLeaderElection(134)) - 431517c4-8c09-4790-b37b-2e132c8143ad: shutdown LeaderElection
2019-09-19 14:21:51,128 [85c6a9f3-b9a5-43a5-ac4f-9aa7bd5f2263:group-AF4AFE69BC98:LeaderElection165] INFO  impl.LeaderElection (LeaderElection.java:askForVotes(181)) - 85c6a9f3-b9a5-43a5-ac4f-9aa7bd5f2263:group-AF4AFE69BC98:LeaderElection165: begin an election at term 1 for -1: [85c6a9f3-b9a5-43a5-ac4f-9aa7bd5f2263:192.168.157.226:45170], old=null
2019-09-19 14:21:51,128 [org.apache.hadoop.util.JvmPauseMonitor$Monitor@7646731d] INFO  util.JvmPauseMonitor (JvmPauseMonitor.java:run(205)) - Detected pause in JVM or host machine (eg GC): pause of approximately 2897ms
GC pool 'PS MarkSweep' had collection(s): count=16 time=3623ms
GC pool 'PS Scavenge' had collection(s): count=16 time=110ms
2019-09-19 14:21:51,128 [org.apache.hadoop.util.JvmPauseMonitor$Monitor@47aa203a] INFO  util.JvmPauseMonitor (JvmPauseMonitor.java:run(205)) - Detected pause in JVM or host machine (eg GC): pause of approximately 2897ms
GC pool 'PS MarkSweep' had collection(s): count=16 time=3623ms
GC pool 'PS Scavenge' had collection(s): count=16 time=110ms
2019-09-19 14:21:51,128 [1190b9a7-12b1-4c15-b33e-f7d0a0cd436c:group-E32ECD57E9E2:LeaderElection151] INFO  impl.RoleInfo (RoleInfo.java:shutdownLeaderElection(134)) - 1190b9a7-12b1-4c15-b33e-f7d0a0cd436c: shutdown LeaderElection
2019-09-19 14:21:51,127 [1190b9a7-12b1-4c15-b33e-f7d0a0cd436c:group-CB3D96F0AD97:LeaderElection156] INFO  impl.RoleInfo (RoleInfo.java:shutdownLeaderElection(134)) - 1190b9a7-12b1-4c15-b33e-f7d0a0cd436c: shutdown LeaderElection
2019-09-19 14:21:51,135 | INFO  | SCMAudit | user=jenkins1000 | ip=192.168.157.226 | op=SEND_HEARTBEAT {datanodeUUID=306a7a99-f2a5-4f40-b42b-2fc2def08a6a, command=[]} | ret=SUCCESS |  
2019-09-19 14:21:51,127 [306a7a99-f2a5-4f40-b42b-2fc2def08a6a:group-26E40AF3AE02:LeaderElection164] INFO  impl.LeaderElection (LeaderElection.java:askForVotes(181)) - 306a7a99-f2a5-4f40-b42b-2fc2def08a6a:group-26E40AF3AE02:LeaderElection164: begin an election at term 1 for -1: [306a7a99-f2a5-4f40-b42b-2fc2def08a6a:192.168.157.226:42633], old=null
2019-09-19 14:21:51,135 [306a7a99-f2a5-4f40-b42b-2fc2def08a6a:group-26E40AF3AE02:LeaderElection164] INFO  impl.RoleInfo (RoleInfo.java:shutdownLeaderElection(134)) - 306a7a99-f2a5-4f40-b42b-2fc2def08a6a: shutdown LeaderElection
2019-09-19 14:21:51,127 [85c6a9f3-b9a5-43a5-ac4f-9aa7bd5f2263:group-E11A284D5E69:LeaderElection152] INFO  impl.LeaderElection (LeaderElection.java:askForVotes(181)) - 85c6a9f3-b9a5-43a5-ac4f-9aa7bd5f2263:group-E11A284D5E69:LeaderElection152: begin an election at term 1 for -1: [85c6a9f3-b9a5-43a5-ac4f-9aa7bd5f2263:192.168.157.226:45170], old=null
2019-09-19 14:21:51,127 [85c6a9f3-b9a5-43a5-ac4f-9aa7bd5f2263:group-9BF0E3E86DDD:LeaderElection154] INFO  impl.RaftServerImpl (RaftServerImpl.java:setRole(171)) - 85c6a9f3-b9a5-43a5-ac4f-9aa7bd5f2263:group-9BF0E3E86DDD changes role from CANDIDATE to LEADER at term 1 for changeToLeader
2019-09-19 14:21:51,127 [5dfaa0ea-416a-422c-a75d-43311aceb00a:group-434F2440A2F3:LeaderElection157] INFO  impl.RaftServerImpl (RaftServerImpl.java:setRole(171)) - 5dfaa0ea-416a-422c-a75d-43311aceb00a:group-434F2440A2F3 changes role from CANDIDATE to LEADER at term 1 for changeToLeader
2019-09-19 14:21:51,127 [Thread-1139] INFO  impl.RoleInfo (RoleInfo.java:updateAndGet(143)) - 6403e584-2209-453b-b79e-eeb0a7b58516: start LeaderElection
2019-09-19 14:21:51,127 [Thread-983] INFO  impl.RoleInfo (RoleInfo.java:updateAndGet(143)) - 6403e584-2209-453b-b79e-eeb0a7b58516: start LeaderElection
2019-09-19 14:21:51,127 [Thread-980] INFO  impl.RaftServerImpl (RaftServerImpl.java:setRole(171)) - 5dfaa0ea-416a-422c-a75d-43311aceb00a:group-2D13F68C8B1A changes role from FOLLOWER to CANDIDATE at term 0 for changeToCandidate
2019-09-19 14:21:51,136 [5dfaa0ea-416a-422c-a75d-43311aceb00a:group-434F2440A2F3:LeaderElection157] INFO  impl.RaftServerImpl (ServerState.java:setLeader(263)) - 5dfaa0ea-416a-422c-a75d-43311aceb00a:group-434F2440A2F3 change Leader from null to 5dfaa0ea-416a-422c-a75d-43311aceb00a at term 1 for becomeLeader, leader elected after 11338ms
2019-09-19 14:21:51,136 [85c6a9f3-b9a5-43a5-ac4f-9aa7bd5f2263:group-9BF0E3E86DDD:LeaderElection154] INFO  impl.RaftServerImpl (ServerState.java:setLeader(263)) - 85c6a9f3-b9a5-43a5-ac4f-9aa7bd5f2263:group-9BF0E3E86DDD change Leader from null to 85c6a9f3-b9a5-43a5-ac4f-9aa7bd5f2263 at term 1 for becomeLeader, leader elected after 11298ms
2019-09-19 14:21:51,136 [85c6a9f3-b9a5-43a5-ac4f-9aa7bd5f2263:group-E11A284D5E69:LeaderElection152] INFO  impl.RoleInfo (RoleInfo.java:shutdownLeaderElection(134)) - 85c6a9f3-b9a5-43a5-ac4f-9aa7bd5f2263: shutdown LeaderElection
2019-09-19 14:21:51,135 [306a7a99-f2a5-4f40-b42b-2fc2def08a6a:group-26E40AF3AE02:LeaderElection164] INFO  impl.RaftServerImpl (RaftServerImpl.java:setRole(171)) - 306a7a99-f2a5-4f40-b42b-2fc2def08a6a:group-26E40AF3AE02 changes role from CANDIDATE to LEADER at term 1 for changeToLeader
2019-09-19 14:21:51,135 [1190b9a7-12b1-4c15-b33e-f7d0a0cd436c:group-CB3D96F0AD97:LeaderElection156] INFO  impl.RaftServerImpl (RaftServerImpl.java:setRole(171)) - 1190b9a7-12b1-4c15-b33e-f7d0a0cd436c:group-CB3D96F0AD97 changes role from CANDIDATE to LEADER at term 1 for changeToLeader
2019-09-19 14:21:51,137 [1190b9a7-12b1-4c15-b33e-f7d0a0cd436c:group-CB3D96F0AD97:LeaderElection156] INFO  impl.RaftServerImpl (ServerState.java:setLeader(263)) - 1190b9a7-12b1-4c15-b33e-f7d0a0cd436c:group-CB3D96F0AD97 change Leader from null to 1190b9a7-12b1-4c15-b33e-f7d0a0cd436c at term 1 for becomeLeader, leader elected after 11994ms
2019-09-19 14:21:51,135 [1190b9a7-12b1-4c15-b33e-f7d0a0cd436c:group-E32ECD57E9E2:LeaderElection151] INFO  impl.RaftServerImpl (RaftServerImpl.java:setRole(171)) - 1190b9a7-12b1-4c15-b33e-f7d0a0cd436c:group-E32ECD57E9E2 changes role from CANDIDATE to LEADER at term 1 for changeToLeader
2019-09-19 14:21:51,135 [85c6a9f3-b9a5-43a5-ac4f-9aa7bd5f2263:group-AF4AFE69BC98:LeaderElection165] INFO  impl.RoleInfo (RoleInfo.java:shutdownLeaderElection(134)) - 85c6a9f3-b9a5-43a5-ac4f-9aa7bd5f2263: shutdown LeaderElection
2019-09-19 14:21:51,135 [431517c4-8c09-4790-b37b-2e132c8143ad:group-D5017DB46417:LeaderElection163] INFO  impl.RaftServerImpl (RaftServerImpl.java:setRole(171)) - 431517c4-8c09-4790-b37b-2e132c8143ad:group-D5017DB46417 changes role from CANDIDATE to LEADER at term 1 for changeToLeader
2019-09-19 14:21:51,134 [306a7a99-f2a5-4f40-b42b-2fc2def08a6a:group-EA67B07F3728:LeaderElection166] INFO  impl.RaftServerImpl (RaftServerImpl.java:setRole(171)) - 306a7a99-f2a5-4f40-b42b-2fc2def08a6a:group-EA67B07F3728 changes role from CANDIDATE to LEADER at term 1 for changeToLeader
2019-09-19 14:21:51,134 [5dfaa0ea-416a-422c-a75d-43311aceb00a:group-5434A5443223:LeaderElection162] INFO  impl.RaftServerImpl (RaftServerImpl.java:setRole(171)) - 5dfaa0ea-416a-422c-a75d-43311aceb00a:group-5434A5443223 changes role from CANDIDATE to LEADER at term 1 for changeToLeader
2019-09-19 14:21:51,137 [5dfaa0ea-416a-422c-a75d-43311aceb00a:group-5434A5443223:LeaderElection162] INFO  impl.RaftServerImpl (ServerState.java:setLeader(263)) - 5dfaa0ea-416a-422c-a75d-43311aceb00a:group-5434A5443223 change Leader from null to 5dfaa0ea-416a-422c-a75d-43311aceb00a at term 1 for becomeLeader, leader elected after 11457ms
2019-09-19 14:21:51,134 [Thread-1136] INFO  impl.RoleInfo (RoleInfo.java:shutdownFollowerState(121)) - 5dfaa0ea-416a-422c-a75d-43311aceb00a: shutdown FollowerState
2019-09-19 14:21:51,137 [Thread-1136] INFO  impl.RaftServerImpl (RaftServerImpl.java:setRole(171)) - 5dfaa0ea-416a-422c-a75d-43311aceb00a:group-9F8238B9215E changes role from FOLLOWER to CANDIDATE at term 0 for changeToCandidate
2019-09-19 14:21:51,132 [java.util.concurrent.ThreadPoolExecutor$Worker@5705ba59[State = -1, empty queue]] WARN  server.GrpcLogAppender (GrpcLogAppender.java:timeoutAppendRequest(200)) - GrpcLogAppender(85c6a9f3-b9a5-43a5-ac4f-9aa7bd5f2263->306a7a99-f2a5-4f40-b42b-2fc2def08a6a): appendEntries Timeout, request=85c6a9f3-b9a5-43a5-ac4f-9aa7bd5f2263->306a7a99-f2a5-4f40-b42b-2fc2def08a6a#1-t1, previous=(t:0, i:0), leaderCommit=-1, initializing? false, entries: size=1, first=(t:1, i:0), CONFIGURATIONENTRY
2019-09-19 14:21:51,132 [6403e584-2209-453b-b79e-eeb0a7b58516:group-133D6F8D7E88:LeaderElection153] INFO  impl.RaftServerImpl (ServerState.java:setLeader(263)) - 6403e584-2209-453b-b79e-eeb0a7b58516:group-133D6F8D7E88 change Leader from null to 6403e584-2209-453b-b79e-eeb0a7b58516 at term 1 for becomeLeader, leader elected after 11179ms
2019-09-19 14:21:51,128 [85c6a9f3-b9a5-43a5-ac4f-9aa7bd5f2263:group-38451878E2DA:LeaderElection155] INFO  impl.RaftServerImpl (RaftServerImpl.java:setRole(171)) - 85c6a9f3-b9a5-43a5-ac4f-9aa7bd5f2263:group-38451878E2DA changes role from CANDIDATE to LEADER at term 1 for changeToLeader
2019-09-19 14:21:51,128 [306a7a99-f2a5-4f40-b42b-2fc2def08a6a:group-BA6B5495B088:LeaderElection150] INFO  impl.RoleInfo (RoleInfo.java:shutdownLeaderElection(134)) - 306a7a99-f2a5-4f40-b42b-2fc2def08a6a: shutdown LeaderElection
2019-09-19 14:21:51,138 [85c6a9f3-b9a5-43a5-ac4f-9aa7bd5f2263:group-38451878E2DA:LeaderElection155] INFO  impl.RaftServerImpl (ServerState.java:setLeader(263)) - 85c6a9f3-b9a5-43a5-ac4f-9aa7bd5f2263:group-38451878E2DA change Leader from null to 85c6a9f3-b9a5-43a5-ac4f-9aa7bd5f2263 at term 1 for becomeLeader, leader elected after 11416ms
2019-09-19 14:21:51,138 [6403e584-2209-453b-b79e-eeb0a7b58516:group-133D6F8D7E88:LeaderElection153] INFO  server.RaftServerConfigKeys (ConfUtils.java:logGet(43)) - raft.server.staging.catchup.gap = 1000 (default)
2019-09-19 14:21:51,138 [6403e584-2209-453b-b79e-eeb0a7b58516:group-133D6F8D7E88:LeaderElection153] INFO  server.RaftServerConfigKeys (ConfUtils.java:logGet(43)) - raft.server.rpc.sleep.time = 25ms (default)
2019-09-19 14:21:51,138 [Thread-1136] INFO  impl.RoleInfo (RoleInfo.java:updateAndGet(143)) - 5dfaa0ea-416a-422c-a75d-43311aceb00a: start LeaderElection
2019-09-19 14:21:51,137 [5dfaa0ea-416a-422c-a75d-43311aceb00a:group-5434A5443223:LeaderElection162] INFO  server.RaftServerConfigKeys (ConfUtils.java:logGet(43)) - raft.server.staging.catchup.gap = 1000 (default)
2019-09-19 14:21:51,137 [306a7a99-f2a5-4f40-b42b-2fc2def08a6a:group-EA67B07F3728:LeaderElection166] INFO  impl.RaftServerImpl (ServerState.java:setLeader(263)) - 306a7a99-f2a5-4f40-b42b-2fc2def08a6a:group-EA67B07F3728 change Leader from null to 306a7a99-f2a5-4f40-b42b-2fc2def08a6a at term 1 for becomeLeader, leader elected after 11259ms
2019-09-19 14:21:51,137 [431517c4-8c09-4790-b37b-2e132c8143ad:group-D5017DB46417:LeaderElection163] INFO  impl.RaftServerImpl (ServerState.java:setLeader(263)) - 431517c4-8c09-4790-b37b-2e132c8143ad:group-D5017DB46417 change Leader from null to 431517c4-8c09-4790-b37b-2e132c8143ad at term 1 for becomeLeader, leader elected after 10662ms
2019-09-19 14:21:51,137 [85c6a9f3-b9a5-43a5-ac4f-9aa7bd5f2263:group-AF4AFE69BC98:LeaderElection165] INFO  impl.RaftServerImpl (RaftServerImpl.java:setRole(171)) - 85c6a9f3-b9a5-43a5-ac4f-9aa7bd5f2263:group-AF4AFE69BC98 changes role from CANDIDATE to LEADER at term 1 for changeToLeader
2019-09-19 14:21:51,139 [85c6a9f3-b9a5-43a5-ac4f-9aa7bd5f2263:group-AF4AFE69BC98:LeaderElection165] INFO  impl.RaftServerImpl (ServerState.java:setLeader(263)) - 85c6a9f3-b9a5-43a5-ac4f-9aa7bd5f2263:group-AF4AFE69BC98 change Leader from null to 85c6a9f3-b9a5-43a5-ac4f-9aa7bd5f2263 at term 1 for becomeLeader, leader elected after 10424ms
2019-09-19 14:21:51,137 [1190b9a7-12b1-4c15-b33e-f7d0a0cd436c:group-E32ECD57E9E2:LeaderElection151] INFO  impl.RaftServerImpl (ServerState.java:setLeader(263)) - 1190b9a7-12b1-4c15-b33e-f7d0a0cd436c:group-E32ECD57E9E2 change Leader from null to 1190b9a7-12b1-4c15-b33e-f7d0a0cd436c at term 1 for becomeLeader, leader elected after 11683ms
2019-09-19 14:21:51,137 [1190b9a7-12b1-4c15-b33e-f7d0a0cd436c:group-CB3D96F0AD97:LeaderElection156] INFO  server.RaftServerConfigKeys (ConfUtils.java:logGet(43)) - raft.server.staging.catchup.gap = 1000 (default)
2019-09-19 14:21:51,136 [306a7a99-f2a5-4f40-b42b-2fc2def08a6a:group-26E40AF3AE02:LeaderElection164] INFO  impl.RaftServerImpl (ServerState.java:setLeader(263)) - 306a7a99-f2a5-4f40-b42b-2fc2def08a6a:group-26E40AF3AE02 change Leader from null to 306a7a99-f2a5-4f40-b42b-2fc2def08a6a at term 1 for becomeLeader, leader elected after 11375ms
2019-09-19 14:21:51,136 [85c6a9f3-b9a5-43a5-ac4f-9aa7bd5f2263:group-E11A284D5E69:LeaderElection152] INFO  impl.RaftServerImpl (RaftServerImpl.java:setRole(171)) - 85c6a9f3-b9a5-43a5-ac4f-9aa7bd5f2263:group-E11A284D5E69 changes role from CANDIDATE to LEADER at term 1 for changeToLeader
2019-09-19 14:21:51,136 [5dfaa0ea-416a-422c-a75d-43311aceb00a:group-434F2440A2F3:LeaderElection157] INFO  server.RaftServerConfigKeys (ConfUtils.java:logGet(43)) - raft.server.staging.catchup.gap = 1000 (default)
2019-09-19 14:21:51,136 [85c6a9f3-b9a5-43a5-ac4f-9aa7bd5f2263:group-9BF0E3E86DDD:LeaderElection154] INFO  server.RaftServerConfigKeys (ConfUtils.java:logGet(43)) - raft.server.staging.catchup.gap = 1000 (default)
2019-09-19 14:21:51,136 [Thread-980] INFO  impl.RoleInfo (RoleInfo.java:updateAndGet(143)) - 5dfaa0ea-416a-422c-a75d-43311aceb00a: start LeaderElection
2019-09-19 14:21:51,140 [85c6a9f3-b9a5-43a5-ac4f-9aa7bd5f2263:group-9BF0E3E86DDD:LeaderElection154] INFO  server.RaftServerConfigKeys (ConfUtils.java:logGet(43)) - raft.server.rpc.sleep.time = 25ms (default)
2019-09-19 14:21:51,140 [5dfaa0ea-416a-422c-a75d-43311aceb00a:group-434F2440A2F3:LeaderElection157] INFO  server.RaftServerConfigKeys (ConfUtils.java:logGet(43)) - raft.server.rpc.sleep.time = 25ms (default)
2019-09-19 14:21:51,139 [85c6a9f3-b9a5-43a5-ac4f-9aa7bd5f2263:group-E11A284D5E69:LeaderElection152] INFO  impl.RaftServerImpl (ServerState.java:setLeader(263)) - 85c6a9f3-b9a5-43a5-ac4f-9aa7bd5f2263:group-E11A284D5E69 change Leader from null to 85c6a9f3-b9a5-43a5-ac4f-9aa7bd5f2263 at term 1 for becomeLeader, leader elected after 11112ms
2019-09-19 14:21:51,139 [306a7a99-f2a5-4f40-b42b-2fc2def08a6a:group-26E40AF3AE02:LeaderElection164] INFO  server.RaftServerConfigKeys (ConfUtils.java:logGet(43)) - raft.server.staging.catchup.gap = 1000 (default)
2019-09-19 14:21:51,139 [1190b9a7-12b1-4c15-b33e-f7d0a0cd436c:group-CB3D96F0AD97:LeaderElection156] INFO  server.RaftServerConfigKeys (ConfUtils.java:logGet(43)) - raft.server.rpc.sleep.time = 25ms (default)
2019-09-19 14:21:51,139 [1190b9a7-12b1-4c15-b33e-f7d0a0cd436c:group-E32ECD57E9E2:LeaderElection151] INFO  server.RaftServerConfigKeys (ConfUtils.java:logGet(43)) - raft.server.staging.catchup.gap = 1000 (default)
2019-09-19 14:21:51,139 [85c6a9f3-b9a5-43a5-ac4f-9aa7bd5f2263:group-AF4AFE69BC98:LeaderElection165] INFO  server.RaftServerConfigKeys (ConfUtils.java:logGet(43)) - raft.server.staging.catchup.gap = 1000 (default)
2019-09-19 14:21:51,139 [431517c4-8c09-4790-b37b-2e132c8143ad:group-D5017DB46417:LeaderElection163] INFO  server.RaftServerConfigKeys (ConfUtils.java:logGet(43)) - raft.server.staging.catchup.gap = 1000 (default)
2019-09-19 14:21:51,139 [306a7a99-f2a5-4f40-b42b-2fc2def08a6a:group-EA67B07F3728:LeaderElection166] INFO  server.RaftServerConfigKeys (ConfUtils.java:logGet(43)) - raft.server.staging.catchup.gap = 1000 (default)
2019-09-19 14:21:51,139 [5dfaa0ea-416a-422c-a75d-43311aceb00a:group-5434A5443223:LeaderElection162] INFO  server.RaftServerConfigKeys (ConfUtils.java:logGet(43)) - raft.server.rpc.sleep.time = 25ms (default)
2019-09-19 14:21:51,138 [6403e584-2209-453b-b79e-eeb0a7b58516:group-133D6F8D7E88:LeaderElection153] INFO  server.RaftServerConfigKeys (ConfUtils.java:logGet(43)) - raft.server.write.element-limit = 4096 (default)
2019-09-19 14:21:51,138 [85c6a9f3-b9a5-43a5-ac4f-9aa7bd5f2263:group-38451878E2DA:LeaderElection155] INFO  server.RaftServerConfigKeys (ConfUtils.java:logGet(43)) - raft.server.staging.catchup.gap = 1000 (default)
2019-09-19 14:21:51,138 [306a7a99-f2a5-4f40-b42b-2fc2def08a6a:group-BA6B5495B088:LeaderElection150] INFO  impl.RaftServerImpl (RaftServerImpl.java:setRole(171)) - 306a7a99-f2a5-4f40-b42b-2fc2def08a6a:group-BA6B5495B088 changes role from CANDIDATE to LEADER at term 1 for changeToLeader
2019-09-19 14:21:51,141 [85c6a9f3-b9a5-43a5-ac4f-9aa7bd5f2263:group-38451878E2DA:LeaderElection155] INFO  server.RaftServerConfigKeys (ConfUtils.java:logGet(43)) - raft.server.rpc.sleep.time = 25ms (default)
2019-09-19 14:21:51,141 [6403e584-2209-453b-b79e-eeb0a7b58516:group-133D6F8D7E88:LeaderElection153] INFO  server.RaftServerConfigKeys (ConfUtils.java:logGet(43)) - raft.server.watch.timeout = 10s (default)
2019-09-19 14:21:51,141 [pool-27-thread-1] INFO  impl.RaftServerImpl (RaftServerImpl.java:<init>(93)) - 85c6a9f3-b9a5-43a5-ac4f-9aa7bd5f2263: new RaftServerImpl for group-C123BBC42C4F:[85c6a9f3-b9a5-43a5-ac4f-9aa7bd5f2263:192.168.157.226:45170] with ContainerStateMachine:uninitialized
2019-09-19 14:21:51,141 [5dfaa0ea-416a-422c-a75d-43311aceb00a:group-5434A5443223:LeaderElection162] INFO  server.RaftServerConfigKeys (ConfUtils.java:logGet(43)) - raft.server.write.element-limit = 4096 (default)
2019-09-19 14:21:51,141 [306a7a99-f2a5-4f40-b42b-2fc2def08a6a:group-EA67B07F3728:LeaderElection166] INFO  server.RaftServerConfigKeys (ConfUtils.java:logGet(43)) - raft.server.rpc.sleep.time = 25ms (default)
2019-09-19 14:21:51,141 [431517c4-8c09-4790-b37b-2e132c8143ad:group-D5017DB46417:LeaderElection163] INFO  server.RaftServerConfigKeys (ConfUtils.java:logGet(43)) - raft.server.rpc.sleep.time = 25ms (default)
2019-09-19 14:21:51,141 [85c6a9f3-b9a5-43a5-ac4f-9aa7bd5f2263:group-AF4AFE69BC98:LeaderElection165] INFO  server.RaftServerConfigKeys (ConfUtils.java:logGet(43)) - raft.server.rpc.sleep.time = 25ms (default)
2019-09-19 14:21:51,141 [1190b9a7-12b1-4c15-b33e-f7d0a0cd436c:group-E32ECD57E9E2:LeaderElection151] INFO  server.RaftServerConfigKeys (ConfUtils.java:logGet(43)) - raft.server.rpc.sleep.time = 25ms (default)
2019-09-19 14:21:51,140 [1190b9a7-12b1-4c15-b33e-f7d0a0cd436c:group-CB3D96F0AD97:LeaderElection156] INFO  server.RaftServerConfigKeys (ConfUtils.java:logGet(43)) - raft.server.write.element-limit = 4096 (default)
2019-09-19 14:21:51,140 [306a7a99-f2a5-4f40-b42b-2fc2def08a6a:group-26E40AF3AE02:LeaderElection164] INFO  server.RaftServerConfigKeys (ConfUtils.java:logGet(43)) - raft.server.rpc.sleep.time = 25ms (default)
2019-09-19 14:21:51,142 [306a7a99-f2a5-4f40-b42b-2fc2def08a6a:group-26E40AF3AE02:LeaderElection164] INFO  server.RaftServerConfigKeys (ConfUtils.java:logGet(43)) - raft.server.write.element-limit = 4096 (default)
2019-09-19 14:21:51,140 [85c6a9f3-b9a5-43a5-ac4f-9aa7bd5f2263:group-E11A284D5E69:LeaderElection152] INFO  server.RaftServerConfigKeys (ConfUtils.java:logGet(43)) - raft.server.staging.catchup.gap = 1000 (default)
2019-09-19 14:21:51,142 [85c6a9f3-b9a5-43a5-ac4f-9aa7bd5f2263:group-E11A284D5E69:LeaderElection152] INFO  server.RaftServerConfigKeys (ConfUtils.java:logGet(43)) - raft.server.rpc.sleep.time = 25ms (default)
2019-09-19 14:21:51,140 [5dfaa0ea-416a-422c-a75d-43311aceb00a:group-434F2440A2F3:LeaderElection157] INFO  server.RaftServerConfigKeys (ConfUtils.java:logGet(43)) - raft.server.write.element-limit = 4096 (default)
2019-09-19 14:21:51,140 [85c6a9f3-b9a5-43a5-ac4f-9aa7bd5f2263:group-9BF0E3E86DDD:LeaderElection154] INFO  server.RaftServerConfigKeys (ConfUtils.java:logGet(43)) - raft.server.write.element-limit = 4096 (default)
2019-09-19 14:21:51,140 [grpc-default-executor-3] INFO  impl.RaftServerProxy (RaftServerProxy.java:addNew(89)) - 85c6a9f3-b9a5-43a5-ac4f-9aa7bd5f2263: addNew group-C123BBC42C4F:[85c6a9f3-b9a5-43a5-ac4f-9aa7bd5f2263:192.168.157.226:45170] returns group-C123BBC42C4F:java.util.concurrent.CompletableFuture@19c8b209[Not completed]
2019-09-19 14:21:51,143 [85c6a9f3-b9a5-43a5-ac4f-9aa7bd5f2263:group-9BF0E3E86DDD:LeaderElection154] INFO  server.RaftServerConfigKeys (ConfUtils.java:logGet(43)) - raft.server.watch.timeout = 10s (default)
2019-09-19 14:21:51,143 [5dfaa0ea-416a-422c-a75d-43311aceb00a:group-434F2440A2F3:LeaderElection157] INFO  server.RaftServerConfigKeys (ConfUtils.java:logGet(43)) - raft.server.watch.timeout = 10s (default)
2019-09-19 14:21:51,143 [5dfaa0ea-416a-422c-a75d-43311aceb00a:group-434F2440A2F3:LeaderElection157] INFO  server.RaftServerConfigKeys (ConfUtils.java:logGet(43)) - raft.server.watch.timeout.denomination = 1s (default)
2019-09-19 14:21:51,143 [85c6a9f3-b9a5-43a5-ac4f-9aa7bd5f2263:group-E11A284D5E69:LeaderElection152] INFO  server.RaftServerConfigKeys (ConfUtils.java:logGet(43)) - raft.server.write.element-limit = 4096 (default)
2019-09-19 14:21:51,142 [306a7a99-f2a5-4f40-b42b-2fc2def08a6a:group-26E40AF3AE02:LeaderElection164] INFO  server.RaftServerConfigKeys (ConfUtils.java:logGet(43)) - raft.server.watch.timeout = 10s (default)
2019-09-19 14:21:51,142 [1190b9a7-12b1-4c15-b33e-f7d0a0cd436c:group-CB3D96F0AD97:LeaderElection156] INFO  server.RaftServerConfigKeys (ConfUtils.java:logGet(43)) - raft.server.watch.timeout = 10s (default)
2019-09-19 14:21:51,142 [1190b9a7-12b1-4c15-b33e-f7d0a0cd436c:group-E32ECD57E9E2:LeaderElection151] INFO  server.RaftServerConfigKeys (ConfUtils.java:logGet(43)) - raft.server.write.element-limit = 4096 (default)
2019-09-19 14:21:51,144 [1190b9a7-12b1-4c15-b33e-f7d0a0cd436c:group-E32ECD57E9E2:LeaderElection151] INFO  server.RaftServerConfigKeys (ConfUtils.java:logGet(43)) - raft.server.watch.timeout = 10s (default)
2019-09-19 14:21:51,142 [85c6a9f3-b9a5-43a5-ac4f-9aa7bd5f2263:group-AF4AFE69BC98:LeaderElection165] INFO  server.RaftServerConfigKeys (ConfUtils.java:logGet(43)) - raft.server.write.element-limit = 4096 (default)
2019-09-19 14:21:51,142 [431517c4-8c09-4790-b37b-2e132c8143ad:group-D5017DB46417:LeaderElection163] INFO  server.RaftServerConfigKeys (ConfUtils.java:logGet(43)) - raft.server.write.element-limit = 4096 (default)
2019-09-19 14:21:51,142 [306a7a99-f2a5-4f40-b42b-2fc2def08a6a:group-EA67B07F3728:LeaderElection166] INFO  server.RaftServerConfigKeys (ConfUtils.java:logGet(43)) - raft.server.write.element-limit = 4096 (default)
2019-09-19 14:21:51,144 [306a7a99-f2a5-4f40-b42b-2fc2def08a6a:group-EA67B07F3728:LeaderElection166] INFO  server.RaftServerConfigKeys (ConfUtils.java:logGet(43)) - raft.server.watch.timeout = 10s (default)
2019-09-19 14:21:51,142 [5dfaa0ea-416a-422c-a75d-43311aceb00a:group-5434A5443223:LeaderElection162] INFO  server.RaftServerConfigKeys (ConfUtils.java:logGet(43)) - raft.server.watch.timeout = 10s (default)
2019-09-19 14:21:51,144 [5dfaa0ea-416a-422c-a75d-43311aceb00a:group-5434A5443223:LeaderElection162] INFO  server.RaftServerConfigKeys (ConfUtils.java:logGet(43)) - raft.server.watch.timeout.denomination = 1s (default)
2019-09-19 14:21:51,141 [pool-27-thread-1] INFO  server.RaftServerConfigKeys (ConfUtils.java:logGet(43)) - raft.server.rpc.timeout.min = 5s (custom)
2019-09-19 14:21:51,141 [6403e584-2209-453b-b79e-eeb0a7b58516:group-133D6F8D7E88:LeaderElection153] INFO  server.RaftServerConfigKeys (ConfUtils.java:logGet(43)) - raft.server.watch.timeout.denomination = 1s (default)
2019-09-19 14:21:51,141 [85c6a9f3-b9a5-43a5-ac4f-9aa7bd5f2263:group-38451878E2DA:LeaderElection155] INFO  server.RaftServerConfigKeys (ConfUtils.java:logGet(43)) - raft.server.write.element-limit = 4096 (default)
2019-09-19 14:21:51,141 [306a7a99-f2a5-4f40-b42b-2fc2def08a6a:group-BA6B5495B088:LeaderElection150] INFO  impl.RaftServerImpl (ServerState.java:setLeader(263)) - 306a7a99-f2a5-4f40-b42b-2fc2def08a6a:group-BA6B5495B088 change Leader from null to 306a7a99-f2a5-4f40-b42b-2fc2def08a6a at term 1 for becomeLeader, leader elected after 11835ms
2019-09-19 14:21:51,145 [85c6a9f3-b9a5-43a5-ac4f-9aa7bd5f2263:group-38451878E2DA:LeaderElection155] INFO  server.RaftServerConfigKeys (ConfUtils.java:logGet(43)) - raft.server.watch.timeout = 10s (default)
2019-09-19 14:21:51,145 [6403e584-2209-453b-b79e-eeb0a7b58516:group-133D6F8D7E88:LeaderElection153] INFO  server.RaftServerConfigKeys (ConfUtils.java:logGet(43)) - raft.server.watch.element-limit = 65536 (default)
2019-09-19 14:21:51,145 [pool-27-thread-1] INFO  server.RaftServerConfigKeys (ConfUtils.java:logGet(43)) - raft.server.rpc.timeout.max = 5200ms (custom)
2019-09-19 14:21:51,144 [5dfaa0ea-416a-422c-a75d-43311aceb00a:group-5434A5443223:LeaderElection162] INFO  server.RaftServerConfigKeys (ConfUtils.java:logGet(43)) - raft.server.watch.element-limit = 65536 (default)
2019-09-19 14:21:51,144 [306a7a99-f2a5-4f40-b42b-2fc2def08a6a:group-EA67B07F3728:LeaderElection166] INFO  server.RaftServerConfigKeys (ConfUtils.java:logGet(43)) - raft.server.watch.timeout.denomination = 1s (default)
2019-09-19 14:21:51,145 [306a7a99-f2a5-4f40-b42b-2fc2def08a6a:group-EA67B07F3728:LeaderElection166] INFO  server.RaftServerConfigKeys (ConfUtils.java:logGet(43)) - raft.server.watch.element-limit = 65536 (default)
2019-09-19 14:21:51,144 [431517c4-8c09-4790-b37b-2e132c8143ad:group-D5017DB46417:LeaderElection163] INFO  server.RaftServerConfigKeys (ConfUtils.java:logGet(43)) - raft.server.watch.timeout = 10s (default)
2019-09-19 14:21:51,144 [85c6a9f3-b9a5-43a5-ac4f-9aa7bd5f2263:group-AF4AFE69BC98:LeaderElection165] INFO  server.RaftServerConfigKeys (ConfUtils.java:logGet(43)) - raft.server.watch.timeout = 10s (default)
2019-09-19 14:21:51,146 [85c6a9f3-b9a5-43a5-ac4f-9aa7bd5f2263:group-AF4AFE69BC98:LeaderElection165] INFO  server.RaftServerConfigKeys (ConfUtils.java:logGet(43)) - raft.server.watch.timeout.denomination = 1s (default)
2019-09-19 14:21:51,144 [1190b9a7-12b1-4c15-b33e-f7d0a0cd436c:group-E32ECD57E9E2:LeaderElection151] INFO  server.RaftServerConfigKeys (ConfUtils.java:logGet(43)) - raft.server.watch.timeout.denomination = 1s (default)
2019-09-19 14:21:51,144 [1190b9a7-12b1-4c15-b33e-f7d0a0cd436c:group-CB3D96F0AD97:LeaderElection156] INFO  server.RaftServerConfigKeys (ConfUtils.java:logGet(43)) - raft.server.watch.timeout.denomination = 1s (default)
2019-09-19 14:21:51,144 [306a7a99-f2a5-4f40-b42b-2fc2def08a6a:group-26E40AF3AE02:LeaderElection164] INFO  server.RaftServerConfigKeys (ConfUtils.java:logGet(43)) - raft.server.watch.timeout.denomination = 1s (default)
2019-09-19 14:21:51,143 [85c6a9f3-b9a5-43a5-ac4f-9aa7bd5f2263:group-E11A284D5E69:LeaderElection152] INFO  server.RaftServerConfigKeys (ConfUtils.java:logGet(43)) - raft.server.watch.timeout = 10s (default)
2019-09-19 14:21:51,143 [5dfaa0ea-416a-422c-a75d-43311aceb00a:group-434F2440A2F3:LeaderElection157] INFO  server.RaftServerConfigKeys (ConfUtils.java:logGet(43)) - raft.server.watch.element-limit = 65536 (default)
2019-09-19 14:21:51,143 [85c6a9f3-b9a5-43a5-ac4f-9aa7bd5f2263:group-9BF0E3E86DDD:LeaderElection154] INFO  server.RaftServerConfigKeys (ConfUtils.java:logGet(43)) - raft.server.watch.timeout.denomination = 1s (default)
2019-09-19 14:21:51,146 [5dfaa0ea-416a-422c-a75d-43311aceb00a:group-434F2440A2F3:LeaderElection157] INFO  impl.RoleInfo (RoleInfo.java:updateAndGet(143)) - 5dfaa0ea-416a-422c-a75d-43311aceb00a: start LeaderState
2019-09-19 14:21:51,146 [85c6a9f3-b9a5-43a5-ac4f-9aa7bd5f2263:group-E11A284D5E69:LeaderElection152] INFO  server.RaftServerConfigKeys (ConfUtils.java:logGet(43)) - raft.server.watch.timeout.denomination = 1s (default)
2019-09-19 14:21:51,146 [306a7a99-f2a5-4f40-b42b-2fc2def08a6a:group-26E40AF3AE02:LeaderElection164] INFO  server.RaftServerConfigKeys (ConfUtils.java:logGet(43)) - raft.server.watch.element-limit = 65536 (default)
2019-09-19 14:21:51,146 [1190b9a7-12b1-4c15-b33e-f7d0a0cd436c:group-CB3D96F0AD97:LeaderElection156] INFO  server.RaftServerConfigKeys (ConfUtils.java:logGet(43)) - raft.server.watch.element-limit = 65536 (default)
2019-09-19 14:21:51,146 [1190b9a7-12b1-4c15-b33e-f7d0a0cd436c:group-E32ECD57E9E2:LeaderElection151] INFO  server.RaftServerConfigKeys (ConfUtils.java:logGet(43)) - raft.server.watch.element-limit = 65536 (default)
2019-09-19 14:21:51,146 [85c6a9f3-b9a5-43a5-ac4f-9aa7bd5f2263:group-AF4AFE69BC98:LeaderElection165] INFO  server.RaftServerConfigKeys (ConfUtils.java:logGet(43)) - raft.server.watch.element-limit = 65536 (default)
2019-09-19 14:21:51,145 [431517c4-8c09-4790-b37b-2e132c8143ad:group-D5017DB46417:LeaderElection163] INFO  server.RaftServerConfigKeys (ConfUtils.java:logGet(43)) - raft.server.watch.timeout.denomination = 1s (default)
2019-09-19 14:21:51,145 [306a7a99-f2a5-4f40-b42b-2fc2def08a6a:group-EA67B07F3728:LeaderElection166] INFO  impl.RoleInfo (RoleInfo.java:updateAndGet(143)) - 306a7a99-f2a5-4f40-b42b-2fc2def08a6a: start LeaderState
2019-09-19 14:21:51,145 [5dfaa0ea-416a-422c-a75d-43311aceb00a:group-5434A5443223:LeaderElection162] INFO  impl.RoleInfo (RoleInfo.java:updateAndGet(143)) - 5dfaa0ea-416a-422c-a75d-43311aceb00a: start LeaderState
2019-09-19 14:21:51,145 [pool-27-thread-1] INFO  server.RaftServerConfigKeys (ConfUtils.java:logGet(43)) - raft.server.rpcslowness.timeout = 120s (custom)
2019-09-19 14:21:51,145 [6403e584-2209-453b-b79e-eeb0a7b58516:group-133D6F8D7E88:LeaderElection153] INFO  impl.RoleInfo (RoleInfo.java:updateAndGet(143)) - 6403e584-2209-453b-b79e-eeb0a7b58516: start LeaderState
2019-09-19 14:21:51,145 [85c6a9f3-b9a5-43a5-ac4f-9aa7bd5f2263:group-38451878E2DA:LeaderElection155] INFO  server.RaftServerConfigKeys (ConfUtils.java:logGet(43)) - raft.server.watch.timeout.denomination = 1s (default)
2019-09-19 14:21:51,145 [306a7a99-f2a5-4f40-b42b-2fc2def08a6a:group-BA6B5495B088:LeaderElection150] INFO  server.RaftServerConfigKeys (ConfUtils.java:logGet(43)) - raft.server.staging.catchup.gap = 1000 (default)
2019-09-19 14:21:51,148 [85c6a9f3-b9a5-43a5-ac4f-9aa7bd5f2263:group-38451878E2DA:LeaderElection155] INFO  server.RaftServerConfigKeys (ConfUtils.java:logGet(43)) - raft.server.watch.element-limit = 65536 (default)
2019-09-19 14:21:51,148 [6403e584-2209-453b-b79e-eeb0a7b58516:group-133D6F8D7E88:LeaderElection153] INFO  segmented.SegmentedRaftLogWorker (SegmentedRaftLogWorker.java:startLogSegment(380)) - 6403e584-2209-453b-b79e-eeb0a7b58516-SegmentedRaftLogWorker:Storage Directory /workdir/hadoop-ozone/integration-test/target/test-dir/MiniOzoneClusterImpl-210d6028-2152-4683-81ff-347b0d29bb13/datanode-3/data/ratis/b2eb48a8-8afa-4716-9dce-133d6f8d7e88: Starting segment from index:0
2019-09-19 14:21:51,147 [pool-27-thread-1] INFO  server.RaftServerConfigKeys (ConfUtils.java:logGet(43)) - raft.server.sleep.deviation.threshold = 300 (default)
2019-09-19 14:21:51,147 [5dfaa0ea-416a-422c-a75d-43311aceb00a:group-5434A5443223:LeaderElection162] INFO  segmented.SegmentedRaftLogWorker (SegmentedRaftLogWorker.java:startLogSegment(380)) - 5dfaa0ea-416a-422c-a75d-43311aceb00a-SegmentedRaftLogWorker:Storage Directory /workdir/hadoop-ozone/integration-test/target/test-dir/MiniOzoneClusterImpl-210d6028-2152-4683-81ff-347b0d29bb13/datanode-1/data/ratis/ca787688-e0bf-41a5-853b-5434a5443223: Starting segment from index:0
2019-09-19 14:21:51,147 [306a7a99-f2a5-4f40-b42b-2fc2def08a6a:group-EA67B07F3728:LeaderElection166] INFO  segmented.SegmentedRaftLogWorker (SegmentedRaftLogWorker.java:startLogSegment(380)) - 306a7a99-f2a5-4f40-b42b-2fc2def08a6a-SegmentedRaftLogWorker:Storage Directory /workdir/hadoop-ozone/integration-test/target/test-dir/MiniOzoneClusterImpl-210d6028-2152-4683-81ff-347b0d29bb13/datanode-2/data/ratis/53429c1a-3d53-4d84-a783-ea67b07f3728: Starting segment from index:0
2019-09-19 14:21:51,454 | INFO  | SCMAudit | user=jenkins1000 | ip=192.168.157.226 | op=SEND_HEARTBEAT {datanodeUUID=56d21ab3-8f6d-44ea-b961-c721a1c09246, command=[]} | ret=SUCCESS |  
2019-09-19 14:21:51,455 | INFO  | SCMAudit | user=jenkins1000 | ip=192.168.157.226 | op=SEND_HEARTBEAT {datanodeUUID=5dfaa0ea-416a-422c-a75d-43311aceb00a, command=[]} | ret=SUCCESS |  
2019-09-19 14:21:51,455 | INFO  | SCMAudit | user=jenkins1000 | ip=192.168.157.226 | op=SEND_HEARTBEAT {datanodeUUID=1190b9a7-12b1-4c15-b33e-f7d0a0cd436c, command=[]} | ret=SUCCESS |  
2019-09-19 14:21:51,455 | INFO  | SCMAudit | user=jenkins1000 | ip=192.168.157.226 | op=SEND_HEARTBEAT {datanodeUUID=85c6a9f3-b9a5-43a5-ac4f-9aa7bd5f2263, command=[]} | ret=SUCCESS |  
2019-09-19 14:21:51,147 [431517c4-8c09-4790-b37b-2e132c8143ad:group-D5017DB46417:LeaderElection163] INFO  server.RaftServerConfigKeys (ConfUtils.java:logGet(43)) - raft.server.watch.element-limit = 65536 (default)
2019-09-19 14:21:51,684 | INFO  | SCMAudit | user=jenkins1000 | ip=192.168.157.226 | op=SEND_HEARTBEAT {datanodeUUID=6403e584-2209-453b-b79e-eeb0a7b58516, command=[]} | ret=SUCCESS |  
2019-09-19 14:21:51,684 | INFO  | SCMAudit | user=jenkins1000 | ip=192.168.157.226 | op=SEND_HEARTBEAT {datanodeUUID=431517c4-8c09-4790-b37b-2e132c8143ad, command=[]} | ret=SUCCESS |  
2019-09-19 14:21:51,147 [85c6a9f3-b9a5-43a5-ac4f-9aa7bd5f2263:group-AF4AFE69BC98:LeaderElection165] INFO  impl.RoleInfo (RoleInfo.java:updateAndGet(143)) - 85c6a9f3-b9a5-43a5-ac4f-9aa7bd5f2263: start LeaderState
2019-09-19 14:21:51,147 [1190b9a7-12b1-4c15-b33e-f7d0a0cd436c:group-E32ECD57E9E2:LeaderElection151] INFO  impl.RoleInfo (RoleInfo.java:updateAndGet(143)) - 1190b9a7-12b1-4c15-b33e-f7d0a0cd436c: start LeaderState
2019-09-19 14:21:51,147 [1190b9a7-12b1-4c15-b33e-f7d0a0cd436c:group-CB3D96F0AD97:LeaderElection156] INFO  impl.RoleInfo (RoleInfo.java:updateAndGet(143)) - 1190b9a7-12b1-4c15-b33e-f7d0a0cd436c: start LeaderState
2019-09-19 14:21:51,147 [306a7a99-f2a5-4f40-b42b-2fc2def08a6a:group-26E40AF3AE02:LeaderElection164] INFO  impl.RoleInfo (RoleInfo.java:updateAndGet(143)) - 306a7a99-f2a5-4f40-b42b-2fc2def08a6a: start LeaderState
2019-09-19 14:21:51,899 [1190b9a7-12b1-4c15-b33e-f7d0a0cd436c:group-CB3D96F0AD97:LeaderElection156] INFO  segmented.SegmentedRaftLogWorker (SegmentedRaftLogWorker.java:startLogSegment(380)) - 1190b9a7-12b1-4c15-b33e-f7d0a0cd436c-SegmentedRaftLogWorker:Storage Directory /workdir/hadoop-ozone/integration-test/target/test-dir/MiniOzoneClusterImpl-210d6028-2152-4683-81ff-347b0d29bb13/datanode-4/data/ratis/3fa0b3b8-7919-4878-a5d9-cb3d96f0ad97: Starting segment from index:0
2019-09-19 14:21:51,147 [85c6a9f3-b9a5-43a5-ac4f-9aa7bd5f2263:group-E11A284D5E69:LeaderElection152] INFO  server.RaftServerConfigKeys (ConfUtils.java:logGet(43)) - raft.server.watch.element-limit = 65536 (default)
2019-09-19 14:21:51,146 [5dfaa0ea-416a-422c-a75d-43311aceb00a:group-434F2440A2F3:LeaderElection157] INFO  segmented.SegmentedRaftLogWorker (SegmentedRaftLogWorker.java:startLogSegment(380)) - 5dfaa0ea-416a-422c-a75d-43311aceb00a-SegmentedRaftLogWorker:Storage Directory /workdir/hadoop-ozone/integration-test/target/test-dir/MiniOzoneClusterImpl-210d6028-2152-4683-81ff-347b0d29bb13/datanode-1/data/ratis/ab5b533a-6c39-466f-ba27-434f2440a2f3: Starting segment from index:0
2019-09-19 14:21:51,146 [85c6a9f3-b9a5-43a5-ac4f-9aa7bd5f2263:group-9BF0E3E86DDD:LeaderElection154] INFO  server.RaftServerConfigKeys (ConfUtils.java:logGet(43)) - raft.server.watch.element-limit = 65536 (default)
2019-09-19 14:21:52,108 [1190b9a7-12b1-4c15-b33e-f7d0a0cd436c:group-CB3D96F0AD97:LeaderElection156] INFO  impl.RaftServerImpl (ServerState.java:setRaftConf(361)) - 1190b9a7-12b1-4c15-b33e-f7d0a0cd436c:group-CB3D96F0AD97 set configuration 0: [1190b9a7-12b1-4c15-b33e-f7d0a0cd436c:192.168.157.226:34463], old=null at 0
2019-09-19 14:21:51,899 [85c6a9f3-b9a5-43a5-ac4f-9aa7bd5f2263:group-E11A284D5E69:LeaderElection152] INFO  impl.RoleInfo (RoleInfo.java:updateAndGet(143)) - 85c6a9f3-b9a5-43a5-ac4f-9aa7bd5f2263: start LeaderState
2019-09-19 14:21:51,899 [306a7a99-f2a5-4f40-b42b-2fc2def08a6a:group-26E40AF3AE02:LeaderElection164] INFO  segmented.SegmentedRaftLogWorker (SegmentedRaftLogWorker.java:startLogSegment(380)) - 306a7a99-f2a5-4f40-b42b-2fc2def08a6a-SegmentedRaftLogWorker:Storage Directory /workdir/hadoop-ozone/integration-test/target/test-dir/MiniOzoneClusterImpl-210d6028-2152-4683-81ff-347b0d29bb13/datanode-2/data/ratis/6b0a855c-a132-41d9-8c10-26e40af3ae02: Starting segment from index:0
2019-09-19 14:21:52,322 [85c6a9f3-b9a5-43a5-ac4f-9aa7bd5f2263:group-E11A284D5E69:LeaderElection152] INFO  segmented.SegmentedRaftLogWorker (SegmentedRaftLogWorker.java:startLogSegment(380)) - 85c6a9f3-b9a5-43a5-ac4f-9aa7bd5f2263-SegmentedRaftLogWorker:Storage Directory /workdir/hadoop-ozone/integration-test/target/test-dir/MiniOzoneClusterImpl-210d6028-2152-4683-81ff-347b0d29bb13/datanode-0/data/ratis/d17e548c-8a62-43ac-bc0b-e11a284d5e69: Starting segment from index:0
2019-09-19 14:21:52,323 | INFO  | SCMAudit | user=jenkins1000 | ip=192.168.157.226 | op=SEND_HEARTBEAT {datanodeUUID=306a7a99-f2a5-4f40-b42b-2fc2def08a6a, command=[]} | ret=SUCCESS |  
2019-09-19 14:21:51,899 [1190b9a7-12b1-4c15-b33e-f7d0a0cd436c:group-E32ECD57E9E2:LeaderElection151] INFO  segmented.SegmentedRaftLogWorker (SegmentedRaftLogWorker.java:startLogSegment(380)) - 1190b9a7-12b1-4c15-b33e-f7d0a0cd436c-SegmentedRaftLogWorker:Storage Directory /workdir/hadoop-ozone/integration-test/target/test-dir/MiniOzoneClusterImpl-210d6028-2152-4683-81ff-347b0d29bb13/datanode-4/data/ratis/aef45801-cb89-4e1e-bcc4-e32ecd57e9e2: Starting segment from index:0
2019-09-19 14:21:52,561 | INFO  | SCMAudit | user=jenkins1000 | ip=192.168.157.226 | op=SEND_HEARTBEAT {datanodeUUID=85c6a9f3-b9a5-43a5-ac4f-9aa7bd5f2263, command=[]} | ret=SUCCESS |  
2019-09-19 14:21:52,561 | INFO  | SCMAudit | user=jenkins1000 | ip=192.168.157.226 | op=SEND_HEARTBEAT {datanodeUUID=1190b9a7-12b1-4c15-b33e-f7d0a0cd436c, command=[]} | ret=SUCCESS |  
2019-09-19 14:21:52,561 | INFO  | SCMAudit | user=jenkins1000 | ip=192.168.157.226 | op=SEND_HEARTBEAT {datanodeUUID=431517c4-8c09-4790-b37b-2e132c8143ad, command=[]} | ret=SUCCESS |  
2019-09-19 14:21:51,898 [85c6a9f3-b9a5-43a5-ac4f-9aa7bd5f2263:group-AF4AFE69BC98:LeaderElection165] INFO  segmented.SegmentedRaftLogWorker (SegmentedRaftLogWorker.java:startLogSegment(380)) - 85c6a9f3-b9a5-43a5-ac4f-9aa7bd5f2263-SegmentedRaftLogWorker:Storage Directory /workdir/hadoop-ozone/integration-test/target/test-dir/MiniOzoneClusterImpl-210d6028-2152-4683-81ff-347b0d29bb13/datanode-0/data/ratis/bb007223-e64a-4e98-94ec-af4afe69bc98: Starting segment from index:0
2019-09-19 14:21:52,561 | INFO  | SCMAudit | user=jenkins1000 | ip=192.168.157.226 | op=SEND_HEARTBEAT {datanodeUUID=5dfaa0ea-416a-422c-a75d-43311aceb00a, command=[]} | ret=SUCCESS |  
2019-09-19 14:21:51,898 [431517c4-8c09-4790-b37b-2e132c8143ad:group-D5017DB46417:LeaderElection163] INFO  impl.RoleInfo (RoleInfo.java:updateAndGet(143)) - 431517c4-8c09-4790-b37b-2e132c8143ad: start LeaderState
2019-09-19 14:21:52,562 | INFO  | SCMAudit | user=jenkins1000 | ip=192.168.157.226 | op=SEND_HEARTBEAT {datanodeUUID=56d21ab3-8f6d-44ea-b961-c721a1c09246, command=[]} | ret=SUCCESS |  
2019-09-19 14:21:51,898 [306a7a99-f2a5-4f40-b42b-2fc2def08a6a:group-EA67B07F3728:LeaderElection166] INFO  impl.RaftServerImpl (ServerState.java:setRaftConf(361)) - 306a7a99-f2a5-4f40-b42b-2fc2def08a6a:group-EA67B07F3728 set configuration 0: [306a7a99-f2a5-4f40-b42b-2fc2def08a6a:192.168.157.226:42633], old=null at 0
2019-09-19 14:21:51,897 [306a7a99-f2a5-4f40-b42b-2fc2def08a6a:group-65D6932C1949:LeaderElection171] INFO  impl.LeaderElection (LeaderElection.java:askForVotes(181)) - 306a7a99-f2a5-4f40-b42b-2fc2def08a6a:group-65D6932C1949:LeaderElection171: begin an election at term 1 for -1: [306a7a99-f2a5-4f40-b42b-2fc2def08a6a:192.168.157.226:42633], old=null
2019-09-19 14:21:53,043 | INFO  | SCMAudit | user=jenkins1000 | ip=192.168.157.226 | op=SEND_HEARTBEAT {datanodeUUID=6403e584-2209-453b-b79e-eeb0a7b58516, command=[]} | ret=SUCCESS |  
2019-09-19 14:21:51,897 [85c6a9f3-b9a5-43a5-ac4f-9aa7bd5f2263:group-F720BA2B578E:LeaderElection179] INFO  impl.LeaderElection (LeaderElection.java:askForVotes(181)) - 85c6a9f3-b9a5-43a5-ac4f-9aa7bd5f2263:group-F720BA2B578E:LeaderElection179: begin an election at term 1 for -1: [85c6a9f3-b9a5-43a5-ac4f-9aa7bd5f2263:192.168.157.226:45170], old=null
2019-09-19 14:21:51,897 [6403e584-2209-453b-b79e-eeb0a7b58516:group-8E3F95F61C0C:LeaderElection159] INFO  impl.LeaderElection (LeaderElection.java:askForVotes(181)) - 6403e584-2209-453b-b79e-eeb0a7b58516:group-8E3F95F61C0C:LeaderElection159: begin an election at term 1 for -1: [6403e584-2209-453b-b79e-eeb0a7b58516:192.168.157.226:35833], old=null
2019-09-19 14:21:51,897 [306a7a99-f2a5-4f40-b42b-2fc2def08a6a:group-A8DD95DF660C:LeaderElection180] INFO  impl.LeaderElection (LeaderElection.java:askForVotes(181)) - 306a7a99-f2a5-4f40-b42b-2fc2def08a6a:group-A8DD95DF660C:LeaderElection180: begin an election at term 1 for -1: [306a7a99-f2a5-4f40-b42b-2fc2def08a6a:192.168.157.226:42633], old=null
2019-09-19 14:21:51,897 [6403e584-2209-453b-b79e-eeb0a7b58516:group-8CFE3AF44FFF:LeaderElection191] INFO  impl.LeaderElection (LeaderElection.java:askForVotes(181)) - 6403e584-2209-453b-b79e-eeb0a7b58516:group-8CFE3AF44FFF:LeaderElection191: begin an election at term 1 for -1: [6403e584-2209-453b-b79e-eeb0a7b58516:192.168.157.226:35833], old=null
2019-09-19 14:21:51,897 [6403e584-2209-453b-b79e-eeb0a7b58516:group-BAE80F1788ED:LeaderElection181] INFO  impl.LeaderElection (LeaderElection.java:askForVotes(181)) - 6403e584-2209-453b-b79e-eeb0a7b58516:group-BAE80F1788ED:LeaderElection181: begin an election at term 1 for -1: [6403e584-2209-453b-b79e-eeb0a7b58516:192.168.157.226:35833], old=null
2019-09-19 14:21:51,897 [306a7a99-f2a5-4f40-b42b-2fc2def08a6a:group-ADCADC9576A0:LeaderElection184] INFO  impl.LeaderElection (LeaderElection.java:askForVotes(181)) - 306a7a99-f2a5-4f40-b42b-2fc2def08a6a:group-ADCADC9576A0:LeaderElection184: begin an election at term 1 for -1: [306a7a99-f2a5-4f40-b42b-2fc2def08a6a:192.168.157.226:42633], old=null
2019-09-19 14:21:51,897 [5dfaa0ea-416a-422c-a75d-43311aceb00a:group-191F2BF7F7A4:LeaderElection187] INFO  impl.LeaderElection (LeaderElection.java:askForVotes(181)) - 5dfaa0ea-416a-422c-a75d-43311aceb00a:group-191F2BF7F7A4:LeaderElection187: begin an election at term 1 for -1: [5dfaa0ea-416a-422c-a75d-43311aceb00a:192.168.157.226:45629], old=null
2019-09-19 14:21:53,282 [5dfaa0ea-416a-422c-a75d-43311aceb00a:group-191F2BF7F7A4:LeaderElection187] INFO  impl.RoleInfo (RoleInfo.java:shutdownLeaderElection(134)) - 5dfaa0ea-416a-422c-a75d-43311aceb00a: shutdown LeaderElection
2019-09-19 14:21:51,897 [306a7a99-f2a5-4f40-b42b-2fc2def08a6a:group-01E49D2CAF0C:LeaderElection183] INFO  impl.LeaderElection (LeaderElection.java:askForVotes(181)) - 306a7a99-f2a5-4f40-b42b-2fc2def08a6a:group-01E49D2CAF0C:LeaderElection183: begin an election at term 1 for -1: [306a7a99-f2a5-4f40-b42b-2fc2def08a6a:192.168.157.226:42633], old=null
2019-09-19 14:21:51,897 [6403e584-2209-453b-b79e-eeb0a7b58516:group-8C37E5A08283:LeaderElection167] INFO  impl.LeaderElection (LeaderElection.java:askForVotes(181)) - 6403e584-2209-453b-b79e-eeb0a7b58516:group-8C37E5A08283:LeaderElection167: begin an election at term 1 for -1: [6403e584-2209-453b-b79e-eeb0a7b58516:192.168.157.226:35833], old=null
2019-09-19 14:21:51,897 [85c6a9f3-b9a5-43a5-ac4f-9aa7bd5f2263:group-A5C201119BCC:LeaderElection174] INFO  impl.LeaderElection (LeaderElection.java:askForVotes(181)) - 85c6a9f3-b9a5-43a5-ac4f-9aa7bd5f2263:group-A5C201119BCC:LeaderElection174: begin an election at term 1 for -1: [85c6a9f3-b9a5-43a5-ac4f-9aa7bd5f2263:192.168.157.226:45170], old=null
2019-09-19 14:21:53,283 [85c6a9f3-b9a5-43a5-ac4f-9aa7bd5f2263:group-A5C201119BCC:LeaderElection174] INFO  impl.RoleInfo (RoleInfo.java:shutdownLeaderElection(134)) - 85c6a9f3-b9a5-43a5-ac4f-9aa7bd5f2263: shutdown LeaderElection
2019-09-19 14:21:51,897 [6403e584-2209-453b-b79e-eeb0a7b58516:group-09385C648829:LeaderElection160] INFO  impl.LeaderElection (LeaderElection.java:askForVotes(181)) - 6403e584-2209-453b-b79e-eeb0a7b58516:group-09385C648829:LeaderElection160: begin an election at term 1 for -1: [6403e584-2209-453b-b79e-eeb0a7b58516:192.168.157.226:35833], old=null
2019-09-19 14:21:51,897 [5dfaa0ea-416a-422c-a75d-43311aceb00a:group-D69F920C77B2:LeaderElection186] INFO  impl.LeaderElection (LeaderElection.java:askForVotes(181)) - 5dfaa0ea-416a-422c-a75d-43311aceb00a:group-D69F920C77B2:LeaderElection186: begin an election at term 1 for -1: [5dfaa0ea-416a-422c-a75d-43311aceb00a:192.168.157.226:45629], old=null
2019-09-19 14:21:51,897 [5dfaa0ea-416a-422c-a75d-43311aceb00a:group-B95D7947D5CA:LeaderElection169] INFO  impl.LeaderElection (LeaderElection.java:askForVotes(181)) - 5dfaa0ea-416a-422c-a75d-43311aceb00a:group-B95D7947D5CA:LeaderElection169: begin an election at term 1 for -1: [5dfaa0ea-416a-422c-a75d-43311aceb00a:192.168.157.226:45629], old=null
2019-09-19 14:21:53,283 [5dfaa0ea-416a-422c-a75d-43311aceb00a:group-B95D7947D5CA:LeaderElection169] INFO  impl.RoleInfo (RoleInfo.java:shutdownLeaderElection(134)) - 5dfaa0ea-416a-422c-a75d-43311aceb00a: shutdown LeaderElection
2019-09-19 14:21:51,897 [5dfaa0ea-416a-422c-a75d-43311aceb00a:group-D83635899549:LeaderElection158] INFO  impl.LeaderElection (LeaderElection.java:askForVotes(181)) - 5dfaa0ea-416a-422c-a75d-43311aceb00a:group-D83635899549:LeaderElection158: begin an election at term 1 for -1: [5dfaa0ea-416a-422c-a75d-43311aceb00a:192.168.157.226:45629], old=null
2019-09-19 14:21:51,897 [306a7a99-f2a5-4f40-b42b-2fc2def08a6a:group-AE1E2B007A31:LeaderElection178] INFO  impl.LeaderElection (LeaderElection.java:askForVotes(181)) - 306a7a99-f2a5-4f40-b42b-2fc2def08a6a:group-AE1E2B007A31:LeaderElection178: begin an election at term 1 for -1: [306a7a99-f2a5-4f40-b42b-2fc2def08a6a:192.168.157.226:42633], old=null
2019-09-19 14:21:51,897 [6403e584-2209-453b-b79e-eeb0a7b58516:group-29A035CB2198:LeaderElection189] INFO  impl.LeaderElection (LeaderElection.java:askForVotes(181)) - 6403e584-2209-453b-b79e-eeb0a7b58516:group-29A035CB2198:LeaderElection189: begin an election at term 1 for -1: [6403e584-2209-453b-b79e-eeb0a7b58516:192.168.157.226:35833], old=null
2019-09-19 14:21:51,897 [1190b9a7-12b1-4c15-b33e-f7d0a0cd436c:group-9EB942FC9E99:LeaderElection170] INFO  impl.LeaderElection (LeaderElection.java:askForVotes(181)) - 1190b9a7-12b1-4c15-b33e-f7d0a0cd436c:group-9EB942FC9E99:LeaderElection170: begin an election at term 1 for -1: [1190b9a7-12b1-4c15-b33e-f7d0a0cd436c:192.168.157.226:34463], old=null
2019-09-19 14:21:53,284 [1190b9a7-12b1-4c15-b33e-f7d0a0cd436c:group-9EB942FC9E99:LeaderElection170] INFO  impl.RoleInfo (RoleInfo.java:shutdownLeaderElection(134)) - 1190b9a7-12b1-4c15-b33e-f7d0a0cd436c: shutdown LeaderElection
2019-09-19 14:21:51,897 [85c6a9f3-b9a5-43a5-ac4f-9aa7bd5f2263:group-8AE81F3D915F:LeaderElection172] INFO  impl.LeaderElection (LeaderElection.java:askForVotes(181)) - 85c6a9f3-b9a5-43a5-ac4f-9aa7bd5f2263:group-8AE81F3D915F:LeaderElection172: begin an election at term 1 for -1: [85c6a9f3-b9a5-43a5-ac4f-9aa7bd5f2263:192.168.157.226:45170], old=null
2019-09-19 14:21:51,897 [6403e584-2209-453b-b79e-eeb0a7b58516:group-C75F49951D14:LeaderElection176] INFO  impl.LeaderElection (LeaderElection.java:askForVotes(181)) - 6403e584-2209-453b-b79e-eeb0a7b58516:group-C75F49951D14:LeaderElection176: begin an election at term 1 for -1: [6403e584-2209-453b-b79e-eeb0a7b58516:192.168.157.226:35833], old=null
2019-09-19 14:21:51,897 [6403e584-2209-453b-b79e-eeb0a7b58516:group-9D2959E62DA3:LeaderElection182] INFO  impl.LeaderElection (LeaderElection.java:askForVotes(181)) - 6403e584-2209-453b-b79e-eeb0a7b58516:group-9D2959E62DA3:LeaderElection182: begin an election at term 1 for -1: [6403e584-2209-453b-b79e-eeb0a7b58516:192.168.157.226:35833], old=null
2019-09-19 14:21:51,897 [6403e584-2209-453b-b79e-eeb0a7b58516:group-5908DD2EABEA:LeaderElection173] INFO  impl.LeaderElection (LeaderElection.java:askForVotes(181)) - 6403e584-2209-453b-b79e-eeb0a7b58516:group-5908DD2EABEA:LeaderElection173: begin an election at term 1 for -1: [6403e584-2209-453b-b79e-eeb0a7b58516:192.168.157.226:35833], old=null
2019-09-19 14:21:53,285 [6403e584-2209-453b-b79e-eeb0a7b58516:group-5908DD2EABEA:LeaderElection173] INFO  impl.RoleInfo (RoleInfo.java:shutdownLeaderElection(134)) - 6403e584-2209-453b-b79e-eeb0a7b58516: shutdown LeaderElection
2019-09-19 14:21:51,897 [56d21ab3-8f6d-44ea-b961-c721a1c09246:group-9385F8753A99:LeaderElection161] INFO  impl.LeaderElection (LeaderElection.java:askForVotes(181)) - 56d21ab3-8f6d-44ea-b961-c721a1c09246:group-9385F8753A99:LeaderElection161: begin an election at term 1 for -1: [56d21ab3-8f6d-44ea-b961-c721a1c09246:192.168.157.226:39258], old=null
2019-09-19 14:21:53,285 [56d21ab3-8f6d-44ea-b961-c721a1c09246:group-9385F8753A99:LeaderElection161] INFO  impl.RoleInfo (RoleInfo.java:shutdownLeaderElection(134)) - 56d21ab3-8f6d-44ea-b961-c721a1c09246: shutdown LeaderElection
2019-09-19 14:21:51,897 [306a7a99-f2a5-4f40-b42b-2fc2def08a6a:group-E31F1645E36D:LeaderElection185] INFO  impl.LeaderElection (LeaderElection.java:askForVotes(181)) - 306a7a99-f2a5-4f40-b42b-2fc2def08a6a:group-E31F1645E36D:LeaderElection185: begin an election at term 1 for -1: [306a7a99-f2a5-4f40-b42b-2fc2def08a6a:192.168.157.226:42633], old=null
2019-09-19 14:21:51,897 [6403e584-2209-453b-b79e-eeb0a7b58516:group-B8762AF75437:LeaderElection188] INFO  impl.LeaderElection (LeaderElection.java:askForVotes(181)) - 6403e584-2209-453b-b79e-eeb0a7b58516:group-B8762AF75437:LeaderElection188: begin an election at term 1 for -1: [6403e584-2209-453b-b79e-eeb0a7b58516:192.168.157.226:35833], old=null
2019-09-19 14:21:51,897 [306a7a99-f2a5-4f40-b42b-2fc2def08a6a:group-77668966BA62:LeaderElection190] INFO  impl.LeaderElection (LeaderElection.java:askForVotes(181)) - 306a7a99-f2a5-4f40-b42b-2fc2def08a6a:group-77668966BA62:LeaderElection190: begin an election at term 1 for -1: [306a7a99-f2a5-4f40-b42b-2fc2def08a6a:192.168.157.226:42633], old=null
2019-09-19 14:21:51,897 [6403e584-2209-453b-b79e-eeb0a7b58516:group-8077D3FCDC3D:LeaderElection193] INFO  impl.LeaderElection (LeaderElection.java:askForVotes(181)) - 6403e584-2209-453b-b79e-eeb0a7b58516:group-8077D3FCDC3D:LeaderElection193: begin an election at term 1 for -1: [6403e584-2209-453b-b79e-eeb0a7b58516:192.168.157.226:35833], old=null
2019-09-19 14:21:53,286 [6403e584-2209-453b-b79e-eeb0a7b58516:group-8077D3FCDC3D:LeaderElection193] INFO  impl.RoleInfo (RoleInfo.java:shutdownLeaderElection(134)) - 6403e584-2209-453b-b79e-eeb0a7b58516: shutdown LeaderElection
2019-09-19 14:21:51,897 [1190b9a7-12b1-4c15-b33e-f7d0a0cd436c:group-3A426B0EB8F6:LeaderElection177] INFO  impl.LeaderElection (LeaderElection.java:askForVotes(181)) - 1190b9a7-12b1-4c15-b33e-f7d0a0cd436c:group-3A426B0EB8F6:LeaderElection177: begin an election at term 1 for -1: [1190b9a7-12b1-4c15-b33e-f7d0a0cd436c:192.168.157.226:34463], old=null
2019-09-19 14:21:51,896 [5dfaa0ea-416a-422c-a75d-43311aceb00a:group-8EE30092736F:LeaderElection192] INFO  impl.LeaderElection (LeaderElection.java:askForVotes(181)) - 5dfaa0ea-416a-422c-a75d-43311aceb00a:group-8EE30092736F:LeaderElection192: begin an election at term 1 for -1: [5dfaa0ea-416a-422c-a75d-43311aceb00a:192.168.157.226:45629], old=null
2019-09-19 14:21:51,896 [6403e584-2209-453b-b79e-eeb0a7b58516:group-0D5E299A7331:LeaderElection194] INFO  impl.LeaderElection (LeaderElection.java:askForVotes(181)) - 6403e584-2209-453b-b79e-eeb0a7b58516:group-0D5E299A7331:LeaderElection194: begin an election at term 1 for -1: [6403e584-2209-453b-b79e-eeb0a7b58516:192.168.157.226:35833], old=null
2019-09-19 14:21:53,286 [6403e584-2209-453b-b79e-eeb0a7b58516:group-0D5E299A7331:LeaderElection194] INFO  impl.RoleInfo (RoleInfo.java:shutdownLeaderElection(134)) - 6403e584-2209-453b-b79e-eeb0a7b58516: shutdown LeaderElection
2019-09-19 14:21:51,896 [5dfaa0ea-416a-422c-a75d-43311aceb00a:group-230E763C684C:LeaderElection175] INFO  impl.LeaderElection (LeaderElection.java:askForVotes(181)) - 5dfaa0ea-416a-422c-a75d-43311aceb00a:group-230E763C684C:LeaderElection175: begin an election at term 1 for -1: [5dfaa0ea-416a-422c-a75d-43311aceb00a:192.168.157.226:45629], old=null
2019-09-19 14:21:51,896 [5dfaa0ea-416a-422c-a75d-43311aceb00a:group-2D13F68C8B1A:LeaderElection195] INFO  impl.LeaderElection (LeaderElection.java:askForVotes(181)) - 5dfaa0ea-416a-422c-a75d-43311aceb00a:group-2D13F68C8B1A:LeaderElection195: begin an election at term 1 for -1: [5dfaa0ea-416a-422c-a75d-43311aceb00a:192.168.157.226:45629], old=null
2019-09-19 14:21:51,896 [5dfaa0ea-416a-422c-a75d-43311aceb00a:group-7F2AB031CC89:LeaderElection168] INFO  impl.LeaderElection (LeaderElection.java:askForVotes(181)) - 5dfaa0ea-416a-422c-a75d-43311aceb00a:group-7F2AB031CC89:LeaderElection168: begin an election at term 1 for -1: [5dfaa0ea-416a-422c-a75d-43311aceb00a:192.168.157.226:45629], old=null
2019-09-19 14:21:51,896 [5dfaa0ea-416a-422c-a75d-43311aceb00a:group-9F8238B9215E:LeaderElection196] INFO  impl.LeaderElection (LeaderElection.java:askForVotes(181)) - 5dfaa0ea-416a-422c-a75d-43311aceb00a:group-9F8238B9215E:LeaderElection196: begin an election at term 1 for -1: [5dfaa0ea-416a-422c-a75d-43311aceb00a:192.168.157.226:45629], old=null
2019-09-19 14:21:53,287 [5dfaa0ea-416a-422c-a75d-43311aceb00a:group-9F8238B9215E:LeaderElection196] INFO  impl.RoleInfo (RoleInfo.java:shutdownLeaderElection(134)) - 5dfaa0ea-416a-422c-a75d-43311aceb00a: shutdown LeaderElection
2019-09-19 14:21:51,683 [Thread-1247] INFO  impl.FollowerState (FollowerState.java:run(106)) - 306a7a99-f2a5-4f40-b42b-2fc2def08a6a:group-A981E405D304 changes to CANDIDATE, lastRpcTime:5152, electionTimeout:5033ms
2019-09-19 14:21:53,287 [Thread-1247] INFO  impl.RoleInfo (RoleInfo.java:shutdownFollowerState(121)) - 306a7a99-f2a5-4f40-b42b-2fc2def08a6a: shutdown FollowerState
2019-09-19 14:21:51,455 [5dfaa0ea-416a-422c-a75d-43311aceb00a:group-5434A5443223:LeaderElection162] INFO  impl.RaftServerImpl (ServerState.java:setRaftConf(361)) - 5dfaa0ea-416a-422c-a75d-43311aceb00a:group-5434A5443223 set configuration 0: [5dfaa0ea-416a-422c-a75d-43311aceb00a:192.168.157.226:45629], old=null at 0
2019-09-19 14:21:51,455 [Thread-986] INFO  impl.FollowerState (FollowerState.java:run(106)) - 85c6a9f3-b9a5-43a5-ac4f-9aa7bd5f2263:group-A1D8461AD66E changes to CANDIDATE, lastRpcTime:11864, electionTimeout:5159ms
2019-09-19 14:21:51,452 [Thread-1028] INFO  impl.FollowerState (FollowerState.java:run(106)) - 306a7a99-f2a5-4f40-b42b-2fc2def08a6a:group-7FF1FB5A7764 changes to CANDIDATE, lastRpcTime:11311, electionTimeout:5101ms
2019-09-19 14:21:53,288 [Thread-1028] INFO  impl.RoleInfo (RoleInfo.java:shutdownFollowerState(121)) - 306a7a99-f2a5-4f40-b42b-2fc2def08a6a: shutdown FollowerState
2019-09-19 14:21:51,452 [Thread-1010] INFO  impl.FollowerState (FollowerState.java:run(106)) - 1190b9a7-12b1-4c15-b33e-f7d0a0cd436c:group-F9B6CA18EE39 changes to CANDIDATE, lastRpcTime:11542, electionTimeout:5112ms
2019-09-19 14:21:51,452 [Thread-1037] INFO  impl.FollowerState (FollowerState.java:run(106)) - 6403e584-2209-453b-b79e-eeb0a7b58516:group-5F7B930D9B26 changes to CANDIDATE, lastRpcTime:11175, electionTimeout:5145ms
2019-09-19 14:21:51,452 [Thread-1034] INFO  impl.FollowerState (FollowerState.java:run(106)) - 306a7a99-f2a5-4f40-b42b-2fc2def08a6a:group-4DCB50BB2008 changes to CANDIDATE, lastRpcTime:11217, electionTimeout:5107ms
2019-09-19 14:21:53,288 [Thread-1034] INFO  impl.RoleInfo (RoleInfo.java:shutdownFollowerState(121)) - 306a7a99-f2a5-4f40-b42b-2fc2def08a6a: shutdown FollowerState
2019-09-19 14:21:51,452 [Thread-1046] INFO  impl.FollowerState (FollowerState.java:run(106)) - 306a7a99-f2a5-4f40-b42b-2fc2def08a6a:group-5EABEA0C3A9A changes to CANDIDATE, lastRpcTime:11061, electionTimeout:5162ms
2019-09-19 14:21:51,452 [Thread-1040] INFO  impl.FollowerState (FollowerState.java:run(106)) - 85c6a9f3-b9a5-43a5-ac4f-9aa7bd5f2263:group-C538689DB8CD changes to CANDIDATE, lastRpcTime:11137, electionTimeout:5119ms
2019-09-19 14:21:53,289 [Thread-1040] INFO  impl.RoleInfo (RoleInfo.java:shutdownFollowerState(121)) - 85c6a9f3-b9a5-43a5-ac4f-9aa7bd5f2263: shutdown FollowerState
2019-09-19 14:21:51,452 [Thread-1025] INFO  impl.FollowerState (FollowerState.java:run(106)) - 85c6a9f3-b9a5-43a5-ac4f-9aa7bd5f2263:group-1E959A581BC4 changes to CANDIDATE, lastRpcTime:11348, electionTimeout:5185ms
2019-09-19 14:21:53,289 [Thread-1025] INFO  impl.RoleInfo (RoleInfo.java:shutdownFollowerState(121)) - 85c6a9f3-b9a5-43a5-ac4f-9aa7bd5f2263: shutdown FollowerState
2019-09-19 14:21:51,148 [6403e584-2209-453b-b79e-eeb0a7b58516:group-133D6F8D7E88:LeaderElection153] INFO  impl.RaftServerImpl (ServerState.java:setRaftConf(361)) - 6403e584-2209-453b-b79e-eeb0a7b58516:group-133D6F8D7E88 set configuration 0: [6403e584-2209-453b-b79e-eeb0a7b58516:192.168.157.226:35833], old=null at 0
2019-09-19 14:21:51,148 [pool-27-thread-1] INFO  server.RaftServerConfigKeys (ConfUtils.java:logGet(43)) - raft.server.log.appender.install.snapshot.enabled = false (custom)
2019-09-19 14:21:51,148 [85c6a9f3-b9a5-43a5-ac4f-9aa7bd5f2263:group-38451878E2DA:LeaderElection155] INFO  impl.RoleInfo (RoleInfo.java:updateAndGet(143)) - 85c6a9f3-b9a5-43a5-ac4f-9aa7bd5f2263: start LeaderState
2019-09-19 14:21:51,148 [306a7a99-f2a5-4f40-b42b-2fc2def08a6a:group-BA6B5495B088:LeaderElection150] INFO  server.RaftServerConfigKeys (ConfUtils.java:logGet(43)) - raft.server.rpc.sleep.time = 25ms (default)
2019-09-19 14:21:53,290 [85c6a9f3-b9a5-43a5-ac4f-9aa7bd5f2263:group-38451878E2DA:LeaderElection155] INFO  segmented.SegmentedRaftLogWorker (SegmentedRaftLogWorker.java:startLogSegment(380)) - 85c6a9f3-b9a5-43a5-ac4f-9aa7bd5f2263-SegmentedRaftLogWorker:Storage Directory /workdir/hadoop-ozone/integration-test/target/test-dir/MiniOzoneClusterImpl-210d6028-2152-4683-81ff-347b0d29bb13/datanode-0/data/ratis/144b13c0-5c9b-441e-bdae-38451878e2da: Starting segment from index:0
2019-09-19 14:21:53,289 [pool-27-thread-1] INFO  impl.RaftServerImpl (ServerState.java:<init>(105)) - 85c6a9f3-b9a5-43a5-ac4f-9aa7bd5f2263:group-C123BBC42C4F ConfigurationManager, init=-1: [85c6a9f3-b9a5-43a5-ac4f-9aa7bd5f2263:192.168.157.226:45170], old=null, confs=<EMPTY_MAP>
2019-09-19 14:21:53,289 [Thread-1025] INFO  impl.RaftServerImpl (RaftServerImpl.java:setRole(171)) - 85c6a9f3-b9a5-43a5-ac4f-9aa7bd5f2263:group-1E959A581BC4 changes role from FOLLOWER to CANDIDATE at term 0 for changeToCandidate
2019-09-19 14:21:53,289 [Thread-1040] INFO  impl.RaftServerImpl (RaftServerImpl.java:setRole(171)) - 85c6a9f3-b9a5-43a5-ac4f-9aa7bd5f2263:group-C538689DB8CD changes role from FOLLOWER to CANDIDATE at term 0 for changeToCandidate
2019-09-19 14:21:53,290 [pool-27-thread-1] INFO  server.RaftServerConfigKeys (ConfUtils.java:logGet(43)) - raft.server.storage.dir = [/workdir/hadoop-ozone/integration-test/target/test-dir/MiniOzoneClusterImpl-210d6028-2152-4683-81ff-347b0d29bb13/datanode-0/data/ratis] (custom)
2019-09-19 14:21:53,288 [Thread-1046] INFO  impl.RoleInfo (RoleInfo.java:shutdownFollowerState(121)) - 306a7a99-f2a5-4f40-b42b-2fc2def08a6a: shutdown FollowerState
2019-09-19 14:21:53,288 [Thread-1034] INFO  impl.RaftServerImpl (RaftServerImpl.java:setRole(171)) - 306a7a99-f2a5-4f40-b42b-2fc2def08a6a:group-4DCB50BB2008 changes role from FOLLOWER to CANDIDATE at term 0 for changeToCandidate
2019-09-19 14:21:53,288 [Thread-1037] INFO  impl.RoleInfo (RoleInfo.java:shutdownFollowerState(121)) - 6403e584-2209-453b-b79e-eeb0a7b58516: shutdown FollowerState
2019-09-19 14:21:53,288 [Thread-1010] INFO  impl.RoleInfo (RoleInfo.java:shutdownFollowerState(121)) - 1190b9a7-12b1-4c15-b33e-f7d0a0cd436c: shutdown FollowerState
2019-09-19 14:21:53,288 [Thread-1028] INFO  impl.RaftServerImpl (RaftServerImpl.java:setRole(171)) - 306a7a99-f2a5-4f40-b42b-2fc2def08a6a:group-7FF1FB5A7764 changes role from FOLLOWER to CANDIDATE at term 0 for changeToCandidate
2019-09-19 14:21:53,288 [Thread-986] INFO  impl.RoleInfo (RoleInfo.java:shutdownFollowerState(121)) - 85c6a9f3-b9a5-43a5-ac4f-9aa7bd5f2263: shutdown FollowerState
2019-09-19 14:21:53,536 | INFO  | SCMAudit | user=jenkins1000 | ip=192.168.157.226 | op=SEND_HEARTBEAT {datanodeUUID=306a7a99-f2a5-4f40-b42b-2fc2def08a6a, command=[]} | ret=SUCCESS |  
2019-09-19 14:21:53,287 [Thread-1247] INFO  impl.RaftServerImpl (RaftServerImpl.java:setRole(171)) - 306a7a99-f2a5-4f40-b42b-2fc2def08a6a:group-A981E405D304 changes role from FOLLOWER to CANDIDATE at term 0 for changeToCandidate
2019-09-19 14:21:53,287 [5dfaa0ea-416a-422c-a75d-43311aceb00a:group-9F8238B9215E:LeaderElection196] INFO  impl.RaftServerImpl (RaftServerImpl.java:setRole(171)) - 5dfaa0ea-416a-422c-a75d-43311aceb00a:group-9F8238B9215E changes role from CANDIDATE to LEADER at term 1 for changeToLeader
2019-09-19 14:21:53,537 [5dfaa0ea-416a-422c-a75d-43311aceb00a:group-9F8238B9215E:LeaderElection196] INFO  impl.RaftServerImpl (ServerState.java:setLeader(263)) - 5dfaa0ea-416a-422c-a75d-43311aceb00a:group-9F8238B9215E change Leader from null to 5dfaa0ea-416a-422c-a75d-43311aceb00a at term 1 for becomeLeader, leader elected after 11038ms
2019-09-19 14:21:53,287 [5dfaa0ea-416a-422c-a75d-43311aceb00a:group-7F2AB031CC89:LeaderElection168] INFO  impl.RoleInfo (RoleInfo.java:shutdownLeaderElection(134)) - 5dfaa0ea-416a-422c-a75d-43311aceb00a: shutdown LeaderElection
2019-09-19 14:21:53,537 [5dfaa0ea-416a-422c-a75d-43311aceb00a:group-7F2AB031CC89:LeaderElection168] INFO  impl.RaftServerImpl (RaftServerImpl.java:setRole(171)) - 5dfaa0ea-416a-422c-a75d-43311aceb00a:group-7F2AB031CC89 changes role from CANDIDATE to LEADER at term 1 for changeToLeader
2019-09-19 14:21:53,287 [5dfaa0ea-416a-422c-a75d-43311aceb00a:group-2D13F68C8B1A:LeaderElection195] INFO  impl.RoleInfo (RoleInfo.java:shutdownLeaderElection(134)) - 5dfaa0ea-416a-422c-a75d-43311aceb00a: shutdown LeaderElection
2019-09-19 14:21:53,286 [5dfaa0ea-416a-422c-a75d-43311aceb00a:group-230E763C684C:LeaderElection175] INFO  impl.RoleInfo (RoleInfo.java:shutdownLeaderElection(134)) - 5dfaa0ea-416a-422c-a75d-43311aceb00a: shutdown LeaderElection
2019-09-19 14:21:53,537 [5dfaa0ea-416a-422c-a75d-43311aceb00a:group-230E763C684C:LeaderElection175] INFO  impl.RaftServerImpl (RaftServerImpl.java:setRole(171)) - 5dfaa0ea-416a-422c-a75d-43311aceb00a:group-230E763C684C changes role from CANDIDATE to LEADER at term 1 for changeToLeader
2019-09-19 14:21:53,286 [6403e584-2209-453b-b79e-eeb0a7b58516:group-0D5E299A7331:LeaderElection194] INFO  impl.RaftServerImpl (RaftServerImpl.java:setRole(171)) - 6403e584-2209-453b-b79e-eeb0a7b58516:group-0D5E299A7331 changes role from CANDIDATE to LEADER at term 1 for changeToLeader
2019-09-19 14:21:53,538 [6403e584-2209-453b-b79e-eeb0a7b58516:group-0D5E299A7331:LeaderElection194] INFO  impl.RaftServerImpl (ServerState.java:setLeader(263)) - 6403e584-2209-453b-b79e-eeb0a7b58516:group-0D5E299A7331 change Leader from null to 6403e584-2209-453b-b79e-eeb0a7b58516 at term 1 for becomeLeader, leader elected after 10999ms
2019-09-19 14:21:53,286 [5dfaa0ea-416a-422c-a75d-43311aceb00a:group-8EE30092736F:LeaderElection192] INFO  impl.RoleInfo (RoleInfo.java:shutdownLeaderElection(134)) - 5dfaa0ea-416a-422c-a75d-43311aceb00a: shutdown LeaderElection
2019-09-19 14:21:53,286 [1190b9a7-12b1-4c15-b33e-f7d0a0cd436c:group-3A426B0EB8F6:LeaderElection177] INFO  impl.RoleInfo (RoleInfo.java:shutdownLeaderElection(134)) - 1190b9a7-12b1-4c15-b33e-f7d0a0cd436c: shutdown LeaderElection
2019-09-19 14:21:53,286 [6403e584-2209-453b-b79e-eeb0a7b58516:group-8077D3FCDC3D:LeaderElection193] INFO  impl.RaftServerImpl (RaftServerImpl.java:setRole(171)) - 6403e584-2209-453b-b79e-eeb0a7b58516:group-8077D3FCDC3D changes role from CANDIDATE to LEADER at term 1 for changeToLeader
2019-09-19 14:21:53,286 [306a7a99-f2a5-4f40-b42b-2fc2def08a6a:group-77668966BA62:LeaderElection190] INFO  impl.RoleInfo (RoleInfo.java:shutdownLeaderElection(134)) - 306a7a99-f2a5-4f40-b42b-2fc2def08a6a: shutdown LeaderElection
2019-09-19 14:21:53,285 [6403e584-2209-453b-b79e-eeb0a7b58516:group-B8762AF75437:LeaderElection188] INFO  impl.RoleInfo (RoleInfo.java:shutdownLeaderElection(134)) - 6403e584-2209-453b-b79e-eeb0a7b58516: shutdown LeaderElection
2019-09-19 14:21:53,538 [6403e584-2209-453b-b79e-eeb0a7b58516:group-B8762AF75437:LeaderElection188] INFO  impl.RaftServerImpl (RaftServerImpl.java:setRole(171)) - 6403e584-2209-453b-b79e-eeb0a7b58516:group-B8762AF75437 changes role from CANDIDATE to LEADER at term 1 for changeToLeader
2019-09-19 14:21:53,285 [306a7a99-f2a5-4f40-b42b-2fc2def08a6a:group-E31F1645E36D:LeaderElection185] INFO  impl.RoleInfo (RoleInfo.java:shutdownLeaderElection(134)) - 306a7a99-f2a5-4f40-b42b-2fc2def08a6a: shutdown LeaderElection
2019-09-19 14:21:53,539 [306a7a99-f2a5-4f40-b42b-2fc2def08a6a:group-E31F1645E36D:LeaderElection185] INFO  impl.RaftServerImpl (RaftServerImpl.java:setRole(171)) - 306a7a99-f2a5-4f40-b42b-2fc2def08a6a:group-E31F1645E36D changes role from CANDIDATE to LEADER at term 1 for changeToLeader
2019-09-19 14:21:53,285 [56d21ab3-8f6d-44ea-b961-c721a1c09246:group-9385F8753A99:LeaderElection161] INFO  impl.RaftServerImpl (RaftServerImpl.java:setRole(171)) - 56d21ab3-8f6d-44ea-b961-c721a1c09246:group-9385F8753A99 changes role from CANDIDATE to LEADER at term 1 for changeToLeader
2019-09-19 14:21:53,285 [6403e584-2209-453b-b79e-eeb0a7b58516:group-5908DD2EABEA:LeaderElection173] INFO  impl.RaftServerImpl (RaftServerImpl.java:setRole(171)) - 6403e584-2209-453b-b79e-eeb0a7b58516:group-5908DD2EABEA changes role from CANDIDATE to LEADER at term 1 for changeToLeader
2019-09-19 14:21:53,539 [6403e584-2209-453b-b79e-eeb0a7b58516:group-5908DD2EABEA:LeaderElection173] INFO  impl.RaftServerImpl (ServerState.java:setLeader(263)) - 6403e584-2209-453b-b79e-eeb0a7b58516:group-5908DD2EABEA change Leader from null to 6403e584-2209-453b-b79e-eeb0a7b58516 at term 1 for becomeLeader, leader elected after 12266ms
2019-09-19 14:21:53,285 [6403e584-2209-453b-b79e-eeb0a7b58516:group-9D2959E62DA3:LeaderElection182] INFO  impl.RoleInfo (RoleInfo.java:shutdownLeaderElection(134)) - 6403e584-2209-453b-b79e-eeb0a7b58516: shutdown LeaderElection
2019-09-19 14:21:53,284 [6403e584-2209-453b-b79e-eeb0a7b58516:group-C75F49951D14:LeaderElection176] INFO  impl.RoleInfo (RoleInfo.java:shutdownLeaderElection(134)) - 6403e584-2209-453b-b79e-eeb0a7b58516: shutdown LeaderElection
2019-09-19 14:21:53,284 [85c6a9f3-b9a5-43a5-ac4f-9aa7bd5f2263:group-8AE81F3D915F:LeaderElection172] INFO  impl.RoleInfo (RoleInfo.java:shutdownLeaderElection(134)) - 85c6a9f3-b9a5-43a5-ac4f-9aa7bd5f2263: shutdown LeaderElection
2019-09-19 14:21:53,539 [85c6a9f3-b9a5-43a5-ac4f-9aa7bd5f2263:group-8AE81F3D915F:LeaderElection172] INFO  impl.RaftServerImpl (RaftServerImpl.java:setRole(171)) - 85c6a9f3-b9a5-43a5-ac4f-9aa7bd5f2263:group-8AE81F3D915F changes role from CANDIDATE to LEADER at term 1 for changeToLeader
2019-09-19 14:21:53,284 [1190b9a7-12b1-4c15-b33e-f7d0a0cd436c:group-9EB942FC9E99:LeaderElection170] INFO  impl.RaftServerImpl (RaftServerImpl.java:setRole(171)) - 1190b9a7-12b1-4c15-b33e-f7d0a0cd436c:group-9EB942FC9E99 changes role from CANDIDATE to LEADER at term 1 for changeToLeader
2019-09-19 14:21:53,284 [6403e584-2209-453b-b79e-eeb0a7b58516:group-29A035CB2198:LeaderElection189] INFO  impl.RoleInfo (RoleInfo.java:shutdownLeaderElection(134)) - 6403e584-2209-453b-b79e-eeb0a7b58516: shutdown LeaderElection
2019-09-19 14:21:53,284 [306a7a99-f2a5-4f40-b42b-2fc2def08a6a:group-AE1E2B007A31:LeaderElection178] INFO  impl.RoleInfo (RoleInfo.java:shutdownLeaderElection(134)) - 306a7a99-f2a5-4f40-b42b-2fc2def08a6a: shutdown LeaderElection
2019-09-19 14:21:53,283 [5dfaa0ea-416a-422c-a75d-43311aceb00a:group-D83635899549:LeaderElection158] INFO  impl.RoleInfo (RoleInfo.java:shutdownLeaderElection(134)) - 5dfaa0ea-416a-422c-a75d-43311aceb00a: shutdown LeaderElection
2019-09-19 14:21:53,540 [5dfaa0ea-416a-422c-a75d-43311aceb00a:group-D83635899549:LeaderElection158] INFO  impl.RaftServerImpl (RaftServerImpl.java:setRole(171)) - 5dfaa0ea-416a-422c-a75d-43311aceb00a:group-D83635899549 changes role from CANDIDATE to LEADER at term 1 for changeToLeader
2019-09-19 14:21:53,283 [5dfaa0ea-416a-422c-a75d-43311aceb00a:group-B95D7947D5CA:LeaderElection169] INFO  impl.RaftServerImpl (RaftServerImpl.java:setRole(171)) - 5dfaa0ea-416a-422c-a75d-43311aceb00a:group-B95D7947D5CA changes role from CANDIDATE to LEADER at term 1 for changeToLeader
2019-09-19 14:21:53,283 [5dfaa0ea-416a-422c-a75d-43311aceb00a:group-D69F920C77B2:LeaderElection186] INFO  impl.RoleInfo (RoleInfo.java:shutdownLeaderElection(134)) - 5dfaa0ea-416a-422c-a75d-43311aceb00a: shutdown LeaderElection
2019-09-19 14:21:53,283 [6403e584-2209-453b-b79e-eeb0a7b58516:group-09385C648829:LeaderElection160] INFO  impl.RoleInfo (RoleInfo.java:shutdownLeaderElection(134)) - 6403e584-2209-453b-b79e-eeb0a7b58516: shutdown LeaderElection
2019-09-19 14:21:53,541 [6403e584-2209-453b-b79e-eeb0a7b58516:group-09385C648829:LeaderElection160] INFO  impl.RaftServerImpl (RaftServerImpl.java:setRole(171)) - 6403e584-2209-453b-b79e-eeb0a7b58516:group-09385C648829 changes role from CANDIDATE to LEADER at term 1 for changeToLeader
2019-09-19 14:21:53,283 [85c6a9f3-b9a5-43a5-ac4f-9aa7bd5f2263:group-A5C201119BCC:LeaderElection174] INFO  impl.RaftServerImpl (RaftServerImpl.java:setRole(171)) - 85c6a9f3-b9a5-43a5-ac4f-9aa7bd5f2263:group-A5C201119BCC changes role from CANDIDATE to LEADER at term 1 for changeToLeader
2019-09-19 14:21:53,541 [85c6a9f3-b9a5-43a5-ac4f-9aa7bd5f2263:group-A5C201119BCC:LeaderElection174] INFO  impl.RaftServerImpl (ServerState.java:setLeader(263)) - 85c6a9f3-b9a5-43a5-ac4f-9aa7bd5f2263:group-A5C201119BCC change Leader from null to 85c6a9f3-b9a5-43a5-ac4f-9aa7bd5f2263 at term 1 for becomeLeader, leader elected after 12404ms
2019-09-19 14:21:53,282 [6403e584-2209-453b-b79e-eeb0a7b58516:group-8C37E5A08283:LeaderElection167] INFO  impl.RoleInfo (RoleInfo.java:shutdownLeaderElection(134)) - 6403e584-2209-453b-b79e-eeb0a7b58516: shutdown LeaderElection
2019-09-19 14:21:53,282 [306a7a99-f2a5-4f40-b42b-2fc2def08a6a:group-01E49D2CAF0C:LeaderElection183] INFO  impl.RoleInfo (RoleInfo.java:shutdownLeaderElection(134)) - 306a7a99-f2a5-4f40-b42b-2fc2def08a6a: shutdown LeaderElection
2019-09-19 14:21:53,282 [5dfaa0ea-416a-422c-a75d-43311aceb00a:group-191F2BF7F7A4:LeaderElection187] INFO  impl.RaftServerImpl (RaftServerImpl.java:setRole(171)) - 5dfaa0ea-416a-422c-a75d-43311aceb00a:group-191F2BF7F7A4 changes role from CANDIDATE to LEADER at term 1 for changeToLeader
2019-09-19 14:21:53,541 [5dfaa0ea-416a-422c-a75d-43311aceb00a:group-191F2BF7F7A4:LeaderElection187] INFO  impl.RaftServerImpl (ServerState.java:setLeader(263)) - 5dfaa0ea-416a-422c-a75d-43311aceb00a:group-191F2BF7F7A4 change Leader from null to 5dfaa0ea-416a-422c-a75d-43311aceb00a at term 1 for becomeLeader, leader elected after 11839ms
2019-09-19 14:21:53,282 [306a7a99-f2a5-4f40-b42b-2fc2def08a6a:group-ADCADC9576A0:LeaderElection184] INFO  impl.RoleInfo (RoleInfo.java:shutdownLeaderElection(134)) - 306a7a99-f2a5-4f40-b42b-2fc2def08a6a: shutdown LeaderElection
2019-09-19 14:21:53,542 [306a7a99-f2a5-4f40-b42b-2fc2def08a6a:group-ADCADC9576A0:LeaderElection184] INFO  impl.RaftServerImpl (RaftServerImpl.java:setRole(171)) - 306a7a99-f2a5-4f40-b42b-2fc2def08a6a:group-ADCADC9576A0 changes role from CANDIDATE to LEADER at term 1 for changeToLeader
2019-09-19 14:21:53,282 [6403e584-2209-453b-b79e-eeb0a7b58516:group-BAE80F1788ED:LeaderElection181] INFO  impl.RoleInfo (RoleInfo.java:shutdownLeaderElection(134)) - 6403e584-2209-453b-b79e-eeb0a7b58516: shutdown LeaderElection
2019-09-19 14:21:53,282 [6403e584-2209-453b-b79e-eeb0a7b58516:group-8CFE3AF44FFF:LeaderElection191] INFO  impl.RoleInfo (RoleInfo.java:shutdownLeaderElection(134)) - 6403e584-2209-453b-b79e-eeb0a7b58516: shutdown LeaderElection
2019-09-19 14:21:53,281 [306a7a99-f2a5-4f40-b42b-2fc2def08a6a:group-A8DD95DF660C:LeaderElection180] INFO  impl.RoleInfo (RoleInfo.java:shutdownLeaderElection(134)) - 306a7a99-f2a5-4f40-b42b-2fc2def08a6a: shutdown LeaderElection
2019-09-19 14:21:53,542 [306a7a99-f2a5-4f40-b42b-2fc2def08a6a:group-A8DD95DF660C:LeaderElection180] INFO  impl.RaftServerImpl (RaftServerImpl.java:setRole(171)) - 306a7a99-f2a5-4f40-b42b-2fc2def08a6a:group-A8DD95DF660C changes role from CANDIDATE to LEADER at term 1 for changeToLeader
2019-09-19 14:21:53,281 [6403e584-2209-453b-b79e-eeb0a7b58516:group-8E3F95F61C0C:LeaderElection159] INFO  impl.RoleInfo (RoleInfo.java:shutdownLeaderElection(134)) - 6403e584-2209-453b-b79e-eeb0a7b58516: shutdown LeaderElection
2019-09-19 14:21:53,542 [6403e584-2209-453b-b79e-eeb0a7b58516:group-8E3F95F61C0C:LeaderElection159] INFO  impl.RaftServerImpl (RaftServerImpl.java:setRole(171)) - 6403e584-2209-453b-b79e-eeb0a7b58516:group-8E3F95F61C0C changes role from CANDIDATE to LEADER at term 1 for changeToLeader
2019-09-19 14:21:53,281 [85c6a9f3-b9a5-43a5-ac4f-9aa7bd5f2263:group-F720BA2B578E:LeaderElection179] INFO  impl.RoleInfo (RoleInfo.java:shutdownLeaderElection(134)) - 85c6a9f3-b9a5-43a5-ac4f-9aa7bd5f2263: shutdown LeaderElection
2019-09-19 14:21:53,281 [306a7a99-f2a5-4f40-b42b-2fc2def08a6a:group-65D6932C1949:LeaderElection171] INFO  impl.RoleInfo (RoleInfo.java:shutdownLeaderElection(134)) - 306a7a99-f2a5-4f40-b42b-2fc2def08a6a: shutdown LeaderElection
2019-09-19 14:21:53,543 [306a7a99-f2a5-4f40-b42b-2fc2def08a6a:group-65D6932C1949:LeaderElection171] INFO  impl.RaftServerImpl (RaftServerImpl.java:setRole(171)) - 306a7a99-f2a5-4f40-b42b-2fc2def08a6a:group-65D6932C1949 changes role from CANDIDATE to LEADER at term 1 for changeToLeader
2019-09-19 14:21:53,543 [306a7a99-f2a5-4f40-b42b-2fc2def08a6a:group-65D6932C1949:LeaderElection171] INFO  impl.RaftServerImpl (ServerState.java:setLeader(263)) - 306a7a99-f2a5-4f40-b42b-2fc2def08a6a:group-65D6932C1949 change Leader from null to 306a7a99-f2a5-4f40-b42b-2fc2def08a6a at term 1 for becomeLeader, leader elected after 13553ms
2019-09-19 14:21:53,281 [85c6a9f3-b9a5-43a5-ac4f-9aa7bd5f2263:group-AF4AFE69BC98:LeaderElection165] INFO  impl.RaftServerImpl (ServerState.java:setRaftConf(361)) - 85c6a9f3-b9a5-43a5-ac4f-9aa7bd5f2263:group-AF4AFE69BC98 set configuration 0: [85c6a9f3-b9a5-43a5-ac4f-9aa7bd5f2263:192.168.157.226:45170], old=null at 0
2019-09-19 14:21:53,281 [6403e584-2209-453b-b79e-eeb0a7b58516-SegmentedRaftLogWorker:Storage Directory /workdir/hadoop-ozone/integration-test/target/test-dir/MiniOzoneClusterImpl-210d6028-2152-4683-81ff-347b0d29bb13/datanode-3/data/ratis/b2eb48a8-8afa-4716-9dce-133d6f8d7e88] ERROR segmented.SegmentedRaftLogWorker (SegmentedRaftLogWorker.java:run(323)) - 6403e584-2209-453b-b79e-eeb0a7b58516-SegmentedRaftLogWorker:Storage Directory /workdir/hadoop-ozone/integration-test/target/test-dir/MiniOzoneClusterImpl-210d6028-2152-4683-81ff-347b0d29bb13/datanode-3/data/ratis/b2eb48a8-8afa-4716-9dce-133d6f8d7e88 hit exception
java.lang.OutOfMemoryError: Direct buffer memory
	at java.nio.Bits.reserveMemory(Bits.java:666)
	at java.nio.DirectByteBuffer.<init>(DirectByteBuffer.java:123)
	at java.nio.ByteBuffer.allocateDirect(ByteBuffer.java:311)
	at org.apache.ratis.server.raftlog.segmented.BufferedWriteChannel.<init>(BufferedWriteChannel.java:41)
	at org.apache.ratis.server.raftlog.segmented.SegmentedRaftLogOutputStream.<init>(SegmentedRaftLogOutputStream.java:72)
	at org.apache.ratis.server.raftlog.segmented.SegmentedRaftLogWorker$StartLogSegment.execute(SegmentedRaftLogWorker.java:566)
	at org.apache.ratis.server.raftlog.segmented.SegmentedRaftLogWorker.run(SegmentedRaftLogWorker.java:289)
	at java.lang.Thread.run(Thread.java:748)
2019-09-19 14:21:53,043 [431517c4-8c09-4790-b37b-2e132c8143ad:group-D5017DB46417:LeaderElection163] INFO  segmented.SegmentedRaftLogWorker (SegmentedRaftLogWorker.java:startLogSegment(380)) - 431517c4-8c09-4790-b37b-2e132c8143ad-SegmentedRaftLogWorker:Storage Directory /workdir/hadoop-ozone/integration-test/target/test-dir/MiniOzoneClusterImpl-210d6028-2152-4683-81ff-347b0d29bb13/datanode-5/data/ratis/fd2672d3-dd70-4558-98a0-d5017db46417: Starting segment from index:0
2019-09-19 14:21:53,042 [1190b9a7-12b1-4c15-b33e-f7d0a0cd436c:group-E32ECD57E9E2:LeaderElection151] INFO  impl.RaftServerImpl (ServerState.java:setRaftConf(361)) - 1190b9a7-12b1-4c15-b33e-f7d0a0cd436c:group-E32ECD57E9E2 set configuration 0: [1190b9a7-12b1-4c15-b33e-f7d0a0cd436c:192.168.157.226:34463], old=null at 0
2019-09-19 14:21:52,561 [85c6a9f3-b9a5-43a5-ac4f-9aa7bd5f2263:group-E11A284D5E69:LeaderElection152] INFO  impl.RaftServerImpl (ServerState.java:setRaftConf(361)) - 85c6a9f3-b9a5-43a5-ac4f-9aa7bd5f2263:group-E11A284D5E69 set configuration 0: [85c6a9f3-b9a5-43a5-ac4f-9aa7bd5f2263:192.168.157.226:45170], old=null at 0
2019-09-19 14:21:52,323 [306a7a99-f2a5-4f40-b42b-2fc2def08a6a:group-26E40AF3AE02:LeaderElection164] INFO  impl.RaftServerImpl (ServerState.java:setRaftConf(361)) - 306a7a99-f2a5-4f40-b42b-2fc2def08a6a:group-26E40AF3AE02 set configuration 0: [306a7a99-f2a5-4f40-b42b-2fc2def08a6a:192.168.157.226:42633], old=null at 0
2019-09-19 14:21:53,812 | INFO  | SCMAudit | user=jenkins1000 | ip=192.168.157.226 | op=SEND_HEARTBEAT {datanodeUUID=1190b9a7-12b1-4c15-b33e-f7d0a0cd436c, command=[]} | ret=SUCCESS |  
2019-09-19 14:21:53,812 | INFO  | SCMAudit | user=jenkins1000 | ip=192.168.157.226 | op=SEND_HEARTBEAT {datanodeUUID=5dfaa0ea-416a-422c-a75d-43311aceb00a, command=[]} | ret=SUCCESS |  
2019-09-19 14:21:52,321 [6403e584-2209-453b-b79e-eeb0a7b58516-SegmentedRaftLogWorker:Storage Directory /workdir/hadoop-ozone/integration-test/target/test-dir/MiniOzoneClusterImpl-210d6028-2152-4683-81ff-347b0d29bb13/datanode-3/data/ratis/0cbf1d4e-6cdd-4adc-95d8-1f772a09f9d5] ERROR segmented.SegmentedRaftLogWorker (SegmentedRaftLogWorker.java:run(323)) - 6403e584-2209-453b-b79e-eeb0a7b58516-SegmentedRaftLogWorker:Storage Directory /workdir/hadoop-ozone/integration-test/target/test-dir/MiniOzoneClusterImpl-210d6028-2152-4683-81ff-347b0d29bb13/datanode-3/data/ratis/0cbf1d4e-6cdd-4adc-95d8-1f772a09f9d5 hit exception
java.lang.OutOfMemoryError: Direct buffer memory
	at java.nio.Bits.reserveMemory(Bits.java:666)
	at java.nio.DirectByteBuffer.<init>(DirectByteBuffer.java:123)
	at java.nio.ByteBuffer.allocateDirect(ByteBuffer.java:311)
	at org.apache.ratis.server.raftlog.segmented.BufferedWriteChannel.<init>(BufferedWriteChannel.java:41)
	at org.apache.ratis.server.raftlog.segmented.SegmentedRaftLogOutputStream.<init>(SegmentedRaftLogOutputStream.java:72)
	at org.apache.ratis.server.raftlog.segmented.SegmentedRaftLogWorker$StartLogSegment.execute(SegmentedRaftLogWorker.java:566)
	at org.apache.ratis.server.raftlog.segmented.SegmentedRaftLogWorker.run(SegmentedRaftLogWorker.java:289)
	at java.lang.Thread.run(Thread.java:748)
2019-09-19 14:21:53,812 | INFO  | SCMAudit | user=jenkins1000 | ip=192.168.157.226 | op=SEND_HEARTBEAT {datanodeUUID=431517c4-8c09-4790-b37b-2e132c8143ad, command=[]} | ret=SUCCESS |  
2019-09-19 14:21:53,812 | INFO  | SCMAudit | user=jenkins1000 | ip=192.168.157.226 | op=SEND_HEARTBEAT {datanodeUUID=56d21ab3-8f6d-44ea-b961-c721a1c09246, command=[]} | ret=SUCCESS |  
2019-09-19 14:21:53,812 | INFO  | SCMAudit | user=jenkins1000 | ip=192.168.157.226 | op=SEND_HEARTBEAT {datanodeUUID=85c6a9f3-b9a5-43a5-ac4f-9aa7bd5f2263, command=[]} | ret=SUCCESS |  
2019-09-19 14:21:53,812 [6403e584-2209-453b-b79e-eeb0a7b58516-SegmentedRaftLogWorker:Storage Directory /workdir/hadoop-ozone/integration-test/target/test-dir/MiniOzoneClusterImpl-210d6028-2152-4683-81ff-347b0d29bb13/datanode-3/data/ratis/0cbf1d4e-6cdd-4adc-95d8-1f772a09f9d5] INFO  impl.RaftServerImpl (RaftServerImpl.java:lambda$shutdown$3(245)) - 6403e584-2209-453b-b79e-eeb0a7b58516: shutdown group-1F772A09F9D5
2019-09-19 14:21:52,321 [306a7a99-f2a5-4f40-b42b-2fc2def08a6a-SegmentedRaftLogWorker:Storage Directory /workdir/hadoop-ozone/integration-test/target/test-dir/MiniOzoneClusterImpl-210d6028-2152-4683-81ff-347b0d29bb13/datanode-2/data/ratis/fff30b6b-3a17-4e1b-a2f3-f7f2e51f902e] ERROR segmented.SegmentedRaftLogWorker (SegmentedRaftLogWorker.java:run(323)) - 306a7a99-f2a5-4f40-b42b-2fc2def08a6a-SegmentedRaftLogWorker:Storage Directory /workdir/hadoop-ozone/integration-test/target/test-dir/MiniOzoneClusterImpl-210d6028-2152-4683-81ff-347b0d29bb13/datanode-2/data/ratis/fff30b6b-3a17-4e1b-a2f3-f7f2e51f902e hit exception
java.lang.OutOfMemoryError: Direct buffer memory
	at java.nio.Bits.reserveMemory(Bits.java:666)
	at java.nio.DirectByteBuffer.<init>(DirectByteBuffer.java:123)
	at java.nio.ByteBuffer.allocateDirect(ByteBuffer.java:311)
	at org.apache.ratis.server.raftlog.segmented.BufferedWriteChannel.<init>(BufferedWriteChannel.java:41)
	at org.apache.ratis.server.raftlog.segmented.SegmentedRaftLogOutputStream.<init>(SegmentedRaftLogOutputStream.java:72)
	at org.apache.ratis.server.raftlog.segmented.SegmentedRaftLogWorker$StartLogSegment.execute(SegmentedRaftLogWorker.java:566)
	at org.apache.ratis.server.raftlog.segmented.SegmentedRaftLogWorker.run(SegmentedRaftLogWorker.java:289)
	at java.lang.Thread.run(Thread.java:748)
2019-09-19 14:21:52,321 [306a7a99-f2a5-4f40-b42b-2fc2def08a6a-SegmentedRaftLogWorker:Storage Directory /workdir/hadoop-ozone/integration-test/target/test-dir/MiniOzoneClusterImpl-210d6028-2152-4683-81ff-347b0d29bb13/datanode-2/data/ratis/e60e9015-83d5-468e-a90d-16e92723a98a] ERROR segmented.SegmentedRaftLogWorker (SegmentedRaftLogWorker.java:run(323)) - 306a7a99-f2a5-4f40-b42b-2fc2def08a6a-SegmentedRaftLogWorker:Storage Directory /workdir/hadoop-ozone/integration-test/target/test-dir/MiniOzoneClusterImpl-210d6028-2152-4683-81ff-347b0d29bb13/datanode-2/data/ratis/e60e9015-83d5-468e-a90d-16e92723a98a hit exception
java.lang.OutOfMemoryError: Direct buffer memory
	at java.nio.Bits.reserveMemory(Bits.java:666)
	at java.nio.DirectByteBuffer.<init>(DirectByteBuffer.java:123)
	at java.nio.ByteBuffer.allocateDirect(ByteBuffer.java:311)
	at org.apache.ratis.server.raftlog.segmented.BufferedWriteChannel.<init>(BufferedWriteChannel.java:41)
	at org.apache.ratis.server.raftlog.segmented.SegmentedRaftLogOutputStream.<init>(SegmentedRaftLogOutputStream.java:72)
	at org.apache.ratis.server.raftlog.segmented.SegmentedRaftLogWorker$StartLogSegment.execute(SegmentedRaftLogWorker.java:566)
	at org.apache.ratis.server.raftlog.segmented.SegmentedRaftLogWorker.run(SegmentedRaftLogWorker.java:289)
	at java.lang.Thread.run(Thread.java:748)
2019-09-19 14:21:53,813 [306a7a99-f2a5-4f40-b42b-2fc2def08a6a-SegmentedRaftLogWorker:Storage Directory /workdir/hadoop-ozone/integration-test/target/test-dir/MiniOzoneClusterImpl-210d6028-2152-4683-81ff-347b0d29bb13/datanode-2/data/ratis/e60e9015-83d5-468e-a90d-16e92723a98a] INFO  impl.RaftServerImpl (RaftServerImpl.java:lambda$shutdown$3(245)) - 306a7a99-f2a5-4f40-b42b-2fc2def08a6a: shutdown group-16E92723A98A
2019-09-19 14:21:52,321 [6403e584-2209-453b-b79e-eeb0a7b58516-SegmentedRaftLogWorker:Storage Directory /workdir/hadoop-ozone/integration-test/target/test-dir/MiniOzoneClusterImpl-210d6028-2152-4683-81ff-347b0d29bb13/datanode-3/data/ratis/e08f1762-4eca-4bad-a825-5b7ddbc4a4ba] ERROR segmented.SegmentedRaftLogWorker (SegmentedRaftLogWorker.java:run(323)) - 6403e584-2209-453b-b79e-eeb0a7b58516-SegmentedRaftLogWorker:Storage Directory /workdir/hadoop-ozone/integration-test/target/test-dir/MiniOzoneClusterImpl-210d6028-2152-4683-81ff-347b0d29bb13/datanode-3/data/ratis/e08f1762-4eca-4bad-a825-5b7ddbc4a4ba hit exception
java.lang.OutOfMemoryError: Direct buffer memory
	at java.nio.Bits.reserveMemory(Bits.java:666)
	at java.nio.DirectByteBuffer.<init>(DirectByteBuffer.java:123)
	at java.nio.ByteBuffer.allocateDirect(ByteBuffer.java:311)
	at org.apache.ratis.server.raftlog.segmented.BufferedWriteChannel.<init>(BufferedWriteChannel.java:41)
	at org.apache.ratis.server.raftlog.segmented.SegmentedRaftLogOutputStream.<init>(SegmentedRaftLogOutputStream.java:72)
	at org.apache.ratis.server.raftlog.segmented.SegmentedRaftLogWorker$StartLogSegment.execute(SegmentedRaftLogWorker.java:566)
	at org.apache.ratis.server.raftlog.segmented.SegmentedRaftLogWorker.run(SegmentedRaftLogWorker.java:289)
	at java.lang.Thread.run(Thread.java:748)
2019-09-19 14:21:52,321 [306a7a99-f2a5-4f40-b42b-2fc2def08a6a-SegmentedRaftLogWorker:Storage Directory /workdir/hadoop-ozone/integration-test/target/test-dir/MiniOzoneClusterImpl-210d6028-2152-4683-81ff-347b0d29bb13/datanode-2/data/ratis/583aa16b-090b-4825-bde7-e8ec7e2a7d73] ERROR segmented.SegmentedRaftLogWorker (SegmentedRaftLogWorker.java:run(323)) - 306a7a99-f2a5-4f40-b42b-2fc2def08a6a-SegmentedRaftLogWorker:Storage Directory /workdir/hadoop-ozone/integration-test/target/test-dir/MiniOzoneClusterImpl-210d6028-2152-4683-81ff-347b0d29bb13/datanode-2/data/ratis/583aa16b-090b-4825-bde7-e8ec7e2a7d73 hit exception
java.lang.OutOfMemoryError: Direct buffer memory
	at java.nio.Bits.reserveMemory(Bits.java:666)
	at java.nio.DirectByteBuffer.<init>(DirectByteBuffer.java:123)
	at java.nio.ByteBuffer.allocateDirect(ByteBuffer.java:311)
	at org.apache.ratis.server.raftlog.segmented.BufferedWriteChannel.<init>(BufferedWriteChannel.java:41)
	at org.apache.ratis.server.raftlog.segmented.SegmentedRaftLogOutputStream.<init>(SegmentedRaftLogOutputStream.java:72)
	at org.apache.ratis.server.raftlog.segmented.SegmentedRaftLogWorker$StartLogSegment.execute(SegmentedRaftLogWorker.java:566)
	at org.apache.ratis.server.raftlog.segmented.SegmentedRaftLogWorker.run(SegmentedRaftLogWorker.java:289)
	at java.lang.Thread.run(Thread.java:748)
2019-09-19 14:21:52,321 [306a7a99-f2a5-4f40-b42b-2fc2def08a6a-SegmentedRaftLogWorker:Storage Directory /workdir/hadoop-ozone/integration-test/target/test-dir/MiniOzoneClusterImpl-210d6028-2152-4683-81ff-347b0d29bb13/datanode-2/data/ratis/64b02d29-fc4e-4776-b786-f51df659a370] ERROR segmented.SegmentedRaftLogWorker (SegmentedRaftLogWorker.java:run(323)) - 306a7a99-f2a5-4f40-b42b-2fc2def08a6a-SegmentedRaftLogWorker:Storage Directory /workdir/hadoop-ozone/integration-test/target/test-dir/MiniOzoneClusterImpl-210d6028-2152-4683-81ff-347b0d29bb13/datanode-2/data/ratis/64b02d29-fc4e-4776-b786-f51df659a370 hit exception
java.lang.OutOfMemoryError: Direct buffer memory
	at java.nio.Bits.reserveMemory(Bits.java:666)
	at java.nio.DirectByteBuffer.<init>(DirectByteBuffer.java:123)
	at java.nio.ByteBuffer.allocateDirect(ByteBuffer.java:311)
	at org.apache.ratis.server.raftlog.segmented.BufferedWriteChannel.<init>(BufferedWriteChannel.java:41)
	at org.apache.ratis.server.raftlog.segmented.SegmentedRaftLogOutputStream.<init>(SegmentedRaftLogOutputStream.java:72)
	at org.apache.ratis.server.raftlog.segmented.SegmentedRaftLogWorker$StartLogSegment.execute(SegmentedRaftLogWorker.java:566)
	at org.apache.ratis.server.raftlog.segmented.SegmentedRaftLogWorker.run(SegmentedRaftLogWorker.java:289)
	at java.lang.Thread.run(Thread.java:748)
2019-09-19 14:21:52,321 [306a7a99-f2a5-4f40-b42b-2fc2def08a6a-SegmentedRaftLogWorker:Storage Directory /workdir/hadoop-ozone/integration-test/target/test-dir/MiniOzoneClusterImpl-210d6028-2152-4683-81ff-347b0d29bb13/datanode-2/data/ratis/e4b35638-24dc-4528-8eb7-dcf107c2ac45] ERROR segmented.SegmentedRaftLogWorker (SegmentedRaftLogWorker.java:run(323)) - 306a7a99-f2a5-4f40-b42b-2fc2def08a6a-SegmentedRaftLogWorker:Storage Directory /workdir/hadoop-ozone/integration-test/target/test-dir/MiniOzoneClusterImpl-210d6028-2152-4683-81ff-347b0d29bb13/datanode-2/data/ratis/e4b35638-24dc-4528-8eb7-dcf107c2ac45 hit exception
java.lang.OutOfMemoryError: Direct buffer memory
	at java.nio.Bits.reserveMemory(Bits.java:666)
	at java.nio.DirectByteBuffer.<init>(DirectByteBuffer.java:123)
	at java.nio.ByteBuffer.allocateDirect(ByteBuffer.java:311)
	at org.apache.ratis.server.raftlog.segmented.BufferedWriteChannel.<init>(BufferedWriteChannel.java:41)
	at org.apache.ratis.server.raftlog.segmented.SegmentedRaftLogOutputStream.<init>(SegmentedRaftLogOutputStream.java:72)
	at org.apache.ratis.server.raftlog.segmented.SegmentedRaftLogWorker$StartLogSegment.execute(SegmentedRaftLogWorker.java:566)
	at org.apache.ratis.server.raftlog.segmented.SegmentedRaftLogWorker.run(SegmentedRaftLogWorker.java:289)
	at java.lang.Thread.run(Thread.java:748)
2019-09-19 14:21:52,321 [5dfaa0ea-416a-422c-a75d-43311aceb00a-SegmentedRaftLogWorker:Storage Directory /workdir/hadoop-ozone/integration-test/target/test-dir/MiniOzoneClusterImpl-210d6028-2152-4683-81ff-347b0d29bb13/datanode-1/data/ratis/c2620bf6-6366-41f1-8e59-40043a23c732] ERROR segmented.SegmentedRaftLogWorker (SegmentedRaftLogWorker.java:run(323)) - 5dfaa0ea-416a-422c-a75d-43311aceb00a-SegmentedRaftLogWorker:Storage Directory /workdir/hadoop-ozone/integration-test/target/test-dir/MiniOzoneClusterImpl-210d6028-2152-4683-81ff-347b0d29bb13/datanode-1/data/ratis/c2620bf6-6366-41f1-8e59-40043a23c732 hit exception
java.lang.OutOfMemoryError: Direct buffer memory
	at java.nio.Bits.reserveMemory(Bits.java:666)
	at java.nio.DirectByteBuffer.<init>(DirectByteBuffer.java:123)
	at java.nio.ByteBuffer.allocateDirect(ByteBuffer.java:311)
	at org.apache.ratis.server.raftlog.segmented.BufferedWriteChannel.<init>(BufferedWriteChannel.java:41)
	at org.apache.ratis.server.raftlog.segmented.SegmentedRaftLogOutputStream.<init>(SegmentedRaftLogOutputStream.java:72)
	at org.apache.ratis.server.raftlog.segmented.SegmentedRaftLogWorker$StartLogSegment.execute(SegmentedRaftLogWorker.java:566)
	at org.apache.ratis.server.raftlog.segmented.SegmentedRaftLogWorker.run(SegmentedRaftLogWorker.java:289)
	at java.lang.Thread.run(Thread.java:748)
2019-09-19 14:21:52,321 [1190b9a7-12b1-4c15-b33e-f7d0a0cd436c-SegmentedRaftLogWorker:Storage Directory /workdir/hadoop-ozone/integration-test/target/test-dir/MiniOzoneClusterImpl-210d6028-2152-4683-81ff-347b0d29bb13/datanode-4/data/ratis/90741fc9-e610-4c98-8a6a-f8a409b5c577] ERROR segmented.SegmentedRaftLogWorker (SegmentedRaftLogWorker.java:run(323)) - 1190b9a7-12b1-4c15-b33e-f7d0a0cd436c-SegmentedRaftLogWorker:Storage Directory /workdir/hadoop-ozone/integration-test/target/test-dir/MiniOzoneClusterImpl-210d6028-2152-4683-81ff-347b0d29bb13/datanode-4/data/ratis/90741fc9-e610-4c98-8a6a-f8a409b5c577 hit exception
java.lang.OutOfMemoryError: Direct buffer memory
	at java.nio.Bits.reserveMemory(Bits.java:666)
	at java.nio.DirectByteBuffer.<init>(DirectByteBuffer.java:123)
	at java.nio.ByteBuffer.allocateDirect(ByteBuffer.java:311)
	at org.apache.ratis.server.raftlog.segmented.BufferedWriteChannel.<init>(BufferedWriteChannel.java:41)
	at org.apache.ratis.server.raftlog.segmented.SegmentedRaftLogOutputStream.<init>(SegmentedRaftLogOutputStream.java:72)
	at org.apache.ratis.server.raftlog.segmented.SegmentedRaftLogWorker$StartLogSegment.execute(SegmentedRaftLogWorker.java:566)
	at org.apache.ratis.server.raftlog.segmented.SegmentedRaftLogWorker.run(SegmentedRaftLogWorker.java:289)
	at java.lang.Thread.run(Thread.java:748)
2019-09-19 14:21:53,815 [1190b9a7-12b1-4c15-b33e-f7d0a0cd436c-SegmentedRaftLogWorker:Storage Directory /workdir/hadoop-ozone/integration-test/target/test-dir/MiniOzoneClusterImpl-210d6028-2152-4683-81ff-347b0d29bb13/datanode-4/data/ratis/90741fc9-e610-4c98-8a6a-f8a409b5c577] INFO  impl.RaftServerImpl (RaftServerImpl.java:lambda$shutdown$3(245)) - 1190b9a7-12b1-4c15-b33e-f7d0a0cd436c: shutdown group-F8A409B5C577
2019-09-19 14:21:52,321 [6403e584-2209-453b-b79e-eeb0a7b58516-SegmentedRaftLogWorker:Storage Directory /workdir/hadoop-ozone/integration-test/target/test-dir/MiniOzoneClusterImpl-210d6028-2152-4683-81ff-347b0d29bb13/datanode-3/data/ratis/20932623-2e6f-4a68-af6c-acef403ffe2b] ERROR segmented.SegmentedRaftLogWorker (SegmentedRaftLogWorker.java:run(323)) - 6403e584-2209-453b-b79e-eeb0a7b58516-SegmentedRaftLogWorker:Storage Directory /workdir/hadoop-ozone/integration-test/target/test-dir/MiniOzoneClusterImpl-210d6028-2152-4683-81ff-347b0d29bb13/datanode-3/data/ratis/20932623-2e6f-4a68-af6c-acef403ffe2b hit exception
java.lang.OutOfMemoryError: Direct buffer memory
	at java.nio.Bits.reserveMemory(Bits.java:666)
	at java.nio.DirectByteBuffer.<init>(DirectByteBuffer.java:123)
	at java.nio.ByteBuffer.allocateDirect(ByteBuffer.java:311)
	at org.apache.ratis.server.raftlog.segmented.BufferedWriteChannel.<init>(BufferedWriteChannel.java:41)
	at org.apache.ratis.server.raftlog.segmented.SegmentedRaftLogOutputStream.<init>(SegmentedRaftLogOutputStream.java:72)
	at org.apache.ratis.server.raftlog.segmented.SegmentedRaftLogWorker$StartLogSegment.execute(SegmentedRaftLogWorker.java:566)
	at org.apache.ratis.server.raftlog.segmented.SegmentedRaftLogWorker.run(SegmentedRaftLogWorker.java:289)
	at java.lang.Thread.run(Thread.java:748)
2019-09-19 14:21:53,815 [6403e584-2209-453b-b79e-eeb0a7b58516-SegmentedRaftLogWorker:Storage Directory /workdir/hadoop-ozone/integration-test/target/test-dir/MiniOzoneClusterImpl-210d6028-2152-4683-81ff-347b0d29bb13/datanode-3/data/ratis/20932623-2e6f-4a68-af6c-acef403ffe2b] INFO  impl.RaftServerImpl (RaftServerImpl.java:lambda$shutdown$3(245)) - 6403e584-2209-453b-b79e-eeb0a7b58516: shutdown group-ACEF403FFE2B
2019-09-19 14:21:52,321 [306a7a99-f2a5-4f40-b42b-2fc2def08a6a-SegmentedRaftLogWorker:Storage Directory /workdir/hadoop-ozone/integration-test/target/test-dir/MiniOzoneClusterImpl-210d6028-2152-4683-81ff-347b0d29bb13/datanode-2/data/ratis/e01be139-a105-4f69-aedc-aac29327e622] ERROR segmented.SegmentedRaftLogWorker (SegmentedRaftLogWorker.java:run(323)) - 306a7a99-f2a5-4f40-b42b-2fc2def08a6a-SegmentedRaftLogWorker:Storage Directory /workdir/hadoop-ozone/integration-test/target/test-dir/MiniOzoneClusterImpl-210d6028-2152-4683-81ff-347b0d29bb13/datanode-2/data/ratis/e01be139-a105-4f69-aedc-aac29327e622 hit exception
java.lang.OutOfMemoryError: Direct buffer memory
	at java.nio.Bits.reserveMemory(Bits.java:666)
	at java.nio.DirectByteBuffer.<init>(DirectByteBuffer.java:123)
	at java.nio.ByteBuffer.allocateDirect(ByteBuffer.java:311)
	at org.apache.ratis.server.raftlog.segmented.BufferedWriteChannel.<init>(BufferedWriteChannel.java:41)
	at org.apache.ratis.server.raftlog.segmented.SegmentedRaftLogOutputStream.<init>(SegmentedRaftLogOutputStream.java:72)
	at org.apache.ratis.server.raftlog.segmented.SegmentedRaftLogWorker$StartLogSegment.execute(SegmentedRaftLogWorker.java:566)
	at org.apache.ratis.server.raftlog.segmented.SegmentedRaftLogWorker.run(SegmentedRaftLogWorker.java:289)
	at java.lang.Thread.run(Thread.java:748)
2019-09-19 14:21:53,816 [306a7a99-f2a5-4f40-b42b-2fc2def08a6a-SegmentedRaftLogWorker:Storage Directory /workdir/hadoop-ozone/integration-test/target/test-dir/MiniOzoneClusterImpl-210d6028-2152-4683-81ff-347b0d29bb13/datanode-2/data/ratis/e01be139-a105-4f69-aedc-aac29327e622] INFO  impl.RaftServerImpl (RaftServerImpl.java:lambda$shutdown$3(245)) - 306a7a99-f2a5-4f40-b42b-2fc2def08a6a: shutdown group-AAC29327E622
2019-09-19 14:21:52,321 [85c6a9f3-b9a5-43a5-ac4f-9aa7bd5f2263-SegmentedRaftLogWorker:Storage Directory /workdir/hadoop-ozone/integration-test/target/test-dir/MiniOzoneClusterImpl-210d6028-2152-4683-81ff-347b0d29bb13/datanode-0/data/ratis/e08f1762-4eca-4bad-a825-5b7ddbc4a4ba] ERROR segmented.SegmentedRaftLogWorker (SegmentedRaftLogWorker.java:run(323)) - 85c6a9f3-b9a5-43a5-ac4f-9aa7bd5f2263-SegmentedRaftLogWorker:Storage Directory /workdir/hadoop-ozone/integration-test/target/test-dir/MiniOzoneClusterImpl-210d6028-2152-4683-81ff-347b0d29bb13/datanode-0/data/ratis/e08f1762-4eca-4bad-a825-5b7ddbc4a4ba hit exception
java.lang.OutOfMemoryError: Direct buffer memory
	at java.nio.Bits.reserveMemory(Bits.java:666)
	at java.nio.DirectByteBuffer.<init>(DirectByteBuffer.java:123)
	at java.nio.ByteBuffer.allocateDirect(ByteBuffer.java:311)
	at org.apache.ratis.server.raftlog.segmented.BufferedWriteChannel.<init>(BufferedWriteChannel.java:41)
	at org.apache.ratis.server.raftlog.segmented.SegmentedRaftLogOutputStream.<init>(SegmentedRaftLogOutputStream.java:72)
	at org.apache.ratis.server.raftlog.segmented.SegmentedRaftLogWorker$StartLogSegment.execute(SegmentedRaftLogWorker.java:566)
	at org.apache.ratis.server.raftlog.segmented.SegmentedRaftLogWorker.run(SegmentedRaftLogWorker.java:289)
	at java.lang.Thread.run(Thread.java:748)
2019-09-19 14:21:53,816 [85c6a9f3-b9a5-43a5-ac4f-9aa7bd5f2263-SegmentedRaftLogWorker:Storage Directory /workdir/hadoop-ozone/integration-test/target/test-dir/MiniOzoneClusterImpl-210d6028-2152-4683-81ff-347b0d29bb13/datanode-0/data/ratis/e08f1762-4eca-4bad-a825-5b7ddbc4a4ba] INFO  impl.RaftServerImpl (RaftServerImpl.java:lambda$shutdown$3(245)) - 85c6a9f3-b9a5-43a5-ac4f-9aa7bd5f2263: shutdown group-5B7DDBC4A4BA
2019-09-19 14:21:52,321 [6403e584-2209-453b-b79e-eeb0a7b58516-SegmentedRaftLogWorker:Storage Directory /workdir/hadoop-ozone/integration-test/target/test-dir/MiniOzoneClusterImpl-210d6028-2152-4683-81ff-347b0d29bb13/datanode-3/data/ratis/73adaf6d-9366-415c-98ee-9cacc810191b] ERROR segmented.SegmentedRaftLogWorker (SegmentedRaftLogWorker.java:run(323)) - 6403e584-2209-453b-b79e-eeb0a7b58516-SegmentedRaftLogWorker:Storage Directory /workdir/hadoop-ozone/integration-test/target/test-dir/MiniOzoneClusterImpl-210d6028-2152-4683-81ff-347b0d29bb13/datanode-3/data/ratis/73adaf6d-9366-415c-98ee-9cacc810191b hit exception
java.lang.OutOfMemoryError: Direct buffer memory
	at java.nio.Bits.reserveMemory(Bits.java:666)
	at java.nio.DirectByteBuffer.<init>(DirectByteBuffer.java:123)
	at java.nio.ByteBuffer.allocateDirect(ByteBuffer.java:311)
	at org.apache.ratis.server.raftlog.segmented.BufferedWriteChannel.<init>(BufferedWriteChannel.java:41)
	at org.apache.ratis.server.raftlog.segmented.SegmentedRaftLogOutputStream.<init>(SegmentedRaftLogOutputStream.java:72)
	at org.apache.ratis.server.raftlog.segmented.SegmentedRaftLogWorker$StartLogSegment.execute(SegmentedRaftLogWorker.java:566)
	at org.apache.ratis.server.raftlog.segmented.SegmentedRaftLogWorker.run(SegmentedRaftLogWorker.java:289)
	at java.lang.Thread.run(Thread.java:748)
2019-09-19 14:21:52,321 [85c6a9f3-b9a5-43a5-ac4f-9aa7bd5f2263-SegmentedRaftLogWorker:Storage Directory /workdir/hadoop-ozone/integration-test/target/test-dir/MiniOzoneClusterImpl-210d6028-2152-4683-81ff-347b0d29bb13/datanode-0/data/ratis/b199bc8c-e19c-4851-abfe-09bb5f23d853] ERROR segmented.SegmentedRaftLogWorker (SegmentedRaftLogWorker.java:run(323)) - 85c6a9f3-b9a5-43a5-ac4f-9aa7bd5f2263-SegmentedRaftLogWorker:Storage Directory /workdir/hadoop-ozone/integration-test/target/test-dir/MiniOzoneClusterImpl-210d6028-2152-4683-81ff-347b0d29bb13/datanode-0/data/ratis/b199bc8c-e19c-4851-abfe-09bb5f23d853 hit exception
java.lang.OutOfMemoryError: Direct buffer memory
	at java.nio.Bits.reserveMemory(Bits.java:666)
	at java.nio.DirectByteBuffer.<init>(DirectByteBuffer.java:123)
	at java.nio.ByteBuffer.allocateDirect(ByteBuffer.java:311)
	at org.apache.ratis.server.raftlog.segmented.BufferedWriteChannel.<init>(BufferedWriteChannel.java:41)
	at org.apache.ratis.server.raftlog.segmented.SegmentedRaftLogOutputStream.<init>(SegmentedRaftLogOutputStream.java:72)
	at org.apache.ratis.server.raftlog.segmented.SegmentedRaftLogWorker$StartLogSegment.execute(SegmentedRaftLogWorker.java:566)
	at org.apache.ratis.server.raftlog.segmented.SegmentedRaftLogWorker.run(SegmentedRaftLogWorker.java:289)
	at java.lang.Thread.run(Thread.java:748)
2019-09-19 14:21:52,321 [306a7a99-f2a5-4f40-b42b-2fc2def08a6a-SegmentedRaftLogWorker:Storage Directory /workdir/hadoop-ozone/integration-test/target/test-dir/MiniOzoneClusterImpl-210d6028-2152-4683-81ff-347b0d29bb13/datanode-2/data/ratis/e08f1762-4eca-4bad-a825-5b7ddbc4a4ba] ERROR segmented.SegmentedRaftLogWorker (SegmentedRaftLogWorker.java:run(323)) - 306a7a99-f2a5-4f40-b42b-2fc2def08a6a-SegmentedRaftLogWorker:Storage Directory /workdir/hadoop-ozone/integration-test/target/test-dir/MiniOzoneClusterImpl-210d6028-2152-4683-81ff-347b0d29bb13/datanode-2/data/ratis/e08f1762-4eca-4bad-a825-5b7ddbc4a4ba hit exception
java.lang.OutOfMemoryError: Direct buffer memory
	at java.nio.Bits.reserveMemory(Bits.java:666)
	at java.nio.DirectByteBuffer.<init>(DirectByteBuffer.java:123)
	at java.nio.ByteBuffer.allocateDirect(ByteBuffer.java:311)
	at org.apache.ratis.server.raftlog.segmented.BufferedWriteChannel.<init>(BufferedWriteChannel.java:41)
	at org.apache.ratis.server.raftlog.segmented.SegmentedRaftLogOutputStream.<init>(SegmentedRaftLogOutputStream.java:72)
	at org.apache.ratis.server.raftlog.segmented.SegmentedRaftLogWorker$StartLogSegment.execute(SegmentedRaftLogWorker.java:566)
	at org.apache.ratis.server.raftlog.segmented.SegmentedRaftLogWorker.run(SegmentedRaftLogWorker.java:289)
	at java.lang.Thread.run(Thread.java:748)
2019-09-19 14:21:52,321 [5dfaa0ea-416a-422c-a75d-43311aceb00a-SegmentedRaftLogWorker:Storage Directory /workdir/hadoop-ozone/integration-test/target/test-dir/MiniOzoneClusterImpl-210d6028-2152-4683-81ff-347b0d29bb13/datanode-1/data/ratis/3f439a97-5dea-4a18-9b4c-8272ba0ec9b5] ERROR segmented.SegmentedRaftLogWorker (SegmentedRaftLogWorker.java:run(323)) - 5dfaa0ea-416a-422c-a75d-43311aceb00a-SegmentedRaftLogWorker:Storage Directory /workdir/hadoop-ozone/integration-test/target/test-dir/MiniOzoneClusterImpl-210d6028-2152-4683-81ff-347b0d29bb13/datanode-1/data/ratis/3f439a97-5dea-4a18-9b4c-8272ba0ec9b5 hit exception
java.lang.OutOfMemoryError: Direct buffer memory
	at java.nio.Bits.reserveMemory(Bits.java:666)
	at java.nio.DirectByteBuffer.<init>(DirectByteBuffer.java:123)
	at java.nio.ByteBuffer.allocateDirect(ByteBuffer.java:311)
	at org.apache.ratis.server.raftlog.segmented.BufferedWriteChannel.<init>(BufferedWriteChannel.java:41)
	at org.apache.ratis.server.raftlog.segmented.SegmentedRaftLogOutputStream.<init>(SegmentedRaftLogOutputStream.java:72)
	at org.apache.ratis.server.raftlog.segmented.SegmentedRaftLogWorker$StartLogSegment.execute(SegmentedRaftLogWorker.java:566)
	at org.apache.ratis.server.raftlog.segmented.SegmentedRaftLogWorker.run(SegmentedRaftLogWorker.java:289)
	at java.lang.Thread.run(Thread.java:748)
2019-09-19 14:21:52,321 [85c6a9f3-b9a5-43a5-ac4f-9aa7bd5f2263-SegmentedRaftLogWorker:Storage Directory /workdir/hadoop-ozone/integration-test/target/test-dir/MiniOzoneClusterImpl-210d6028-2152-4683-81ff-347b0d29bb13/datanode-0/data/ratis/178a1340-e2ff-41f4-9f5a-28b9763af9c6] ERROR segmented.SegmentedRaftLogWorker (SegmentedRaftLogWorker.java:run(323)) - 85c6a9f3-b9a5-43a5-ac4f-9aa7bd5f2263-SegmentedRaftLogWorker:Storage Directory /workdir/hadoop-ozone/integration-test/target/test-dir/MiniOzoneClusterImpl-210d6028-2152-4683-81ff-347b0d29bb13/datanode-0/data/ratis/178a1340-e2ff-41f4-9f5a-28b9763af9c6 hit exception
java.lang.OutOfMemoryError: Direct buffer memory
	at java.nio.Bits.reserveMemory(Bits.java:666)
	at java.nio.DirectByteBuffer.<init>(DirectByteBuffer.java:123)
	at java.nio.ByteBuffer.allocateDirect(ByteBuffer.java:311)
	at org.apache.ratis.server.raftlog.segmented.BufferedWriteChannel.<init>(BufferedWriteChannel.java:41)
	at org.apache.ratis.server.raftlog.segmented.SegmentedRaftLogOutputStream.<init>(SegmentedRaftLogOutputStream.java:72)
	at org.apache.ratis.server.raftlog.segmented.SegmentedRaftLogWorker$StartLogSegment.execute(SegmentedRaftLogWorker.java:566)
	at org.apache.ratis.server.raftlog.segmented.SegmentedRaftLogWorker.run(SegmentedRaftLogWorker.java:289)
	at java.lang.Thread.run(Thread.java:748)
2019-09-19 14:21:53,818 [85c6a9f3-b9a5-43a5-ac4f-9aa7bd5f2263-SegmentedRaftLogWorker:Storage Directory /workdir/hadoop-ozone/integration-test/target/test-dir/MiniOzoneClusterImpl-210d6028-2152-4683-81ff-347b0d29bb13/datanode-0/data/ratis/178a1340-e2ff-41f4-9f5a-28b9763af9c6] INFO  impl.RaftServerImpl (RaftServerImpl.java:lambda$shutdown$3(245)) - 85c6a9f3-b9a5-43a5-ac4f-9aa7bd5f2263: shutdown group-28B9763AF9C6
2019-09-19 14:21:52,108 [5dfaa0ea-416a-422c-a75d-43311aceb00a:group-434F2440A2F3:LeaderElection157] INFO  impl.RaftServerImpl (ServerState.java:setRaftConf(361)) - 5dfaa0ea-416a-422c-a75d-43311aceb00a:group-434F2440A2F3 set configuration 0: [5dfaa0ea-416a-422c-a75d-43311aceb00a:192.168.157.226:45629], old=null at 0
2019-09-19 14:21:52,108 [85c6a9f3-b9a5-43a5-ac4f-9aa7bd5f2263:group-9BF0E3E86DDD:LeaderElection154] INFO  impl.RoleInfo (RoleInfo.java:updateAndGet(143)) - 85c6a9f3-b9a5-43a5-ac4f-9aa7bd5f2263: start LeaderState
2019-09-19 14:21:53,818 [85c6a9f3-b9a5-43a5-ac4f-9aa7bd5f2263-SegmentedRaftLogWorker:Storage Directory /workdir/hadoop-ozone/integration-test/target/test-dir/MiniOzoneClusterImpl-210d6028-2152-4683-81ff-347b0d29bb13/datanode-0/data/ratis/178a1340-e2ff-41f4-9f5a-28b9763af9c6] INFO  util.JmxRegister (JmxRegister.java:unregister(73)) - Successfully un-registered JMX Bean with object name Ratis:service=RaftServer,group=group-28B9763AF9C6,id=85c6a9f3-b9a5-43a5-ac4f-9aa7bd5f2263
2019-09-19 14:21:53,818 [85c6a9f3-b9a5-43a5-ac4f-9aa7bd5f2263:group-9BF0E3E86DDD:LeaderElection154] INFO  segmented.SegmentedRaftLogWorker (SegmentedRaftLogWorker.java:startLogSegment(380)) - 85c6a9f3-b9a5-43a5-ac4f-9aa7bd5f2263-SegmentedRaftLogWorker:Storage Directory /workdir/hadoop-ozone/integration-test/target/test-dir/MiniOzoneClusterImpl-210d6028-2152-4683-81ff-347b0d29bb13/datanode-0/data/ratis/beee9431-602b-412f-9914-9bf0e3e86ddd: Starting segment from index:0
2019-09-19 14:21:53,817 [5dfaa0ea-416a-422c-a75d-43311aceb00a-SegmentedRaftLogWorker:Storage Directory /workdir/hadoop-ozone/integration-test/target/test-dir/MiniOzoneClusterImpl-210d6028-2152-4683-81ff-347b0d29bb13/datanode-1/data/ratis/3f439a97-5dea-4a18-9b4c-8272ba0ec9b5] INFO  impl.RaftServerImpl (RaftServerImpl.java:lambda$shutdown$3(245)) - 5dfaa0ea-416a-422c-a75d-43311aceb00a: shutdown group-8272BA0EC9B5
2019-09-19 14:21:53,817 [306a7a99-f2a5-4f40-b42b-2fc2def08a6a-SegmentedRaftLogWorker:Storage Directory /workdir/hadoop-ozone/integration-test/target/test-dir/MiniOzoneClusterImpl-210d6028-2152-4683-81ff-347b0d29bb13/datanode-2/data/ratis/e08f1762-4eca-4bad-a825-5b7ddbc4a4ba] INFO  impl.RaftServerImpl (RaftServerImpl.java:lambda$shutdown$3(245)) - 306a7a99-f2a5-4f40-b42b-2fc2def08a6a: shutdown group-5B7DDBC4A4BA
2019-09-19 14:21:53,817 [85c6a9f3-b9a5-43a5-ac4f-9aa7bd5f2263-SegmentedRaftLogWorker:Storage Directory /workdir/hadoop-ozone/integration-test/target/test-dir/MiniOzoneClusterImpl-210d6028-2152-4683-81ff-347b0d29bb13/datanode-0/data/ratis/b199bc8c-e19c-4851-abfe-09bb5f23d853] INFO  impl.RaftServerImpl (RaftServerImpl.java:lambda$shutdown$3(245)) - 85c6a9f3-b9a5-43a5-ac4f-9aa7bd5f2263: shutdown group-09BB5F23D853
2019-09-19 14:21:53,817 [6403e584-2209-453b-b79e-eeb0a7b58516-SegmentedRaftLogWorker:Storage Directory /workdir/hadoop-ozone/integration-test/target/test-dir/MiniOzoneClusterImpl-210d6028-2152-4683-81ff-347b0d29bb13/datanode-3/data/ratis/73adaf6d-9366-415c-98ee-9cacc810191b] INFO  impl.RaftServerImpl (RaftServerImpl.java:lambda$shutdown$3(245)) - 6403e584-2209-453b-b79e-eeb0a7b58516: shutdown group-9CACC810191B
2019-09-19 14:21:53,816 [85c6a9f3-b9a5-43a5-ac4f-9aa7bd5f2263-SegmentedRaftLogWorker:Storage Directory /workdir/hadoop-ozone/integration-test/target/test-dir/MiniOzoneClusterImpl-210d6028-2152-4683-81ff-347b0d29bb13/datanode-0/data/ratis/e08f1762-4eca-4bad-a825-5b7ddbc4a4ba] INFO  util.JmxRegister (JmxRegister.java:unregister(73)) - Successfully un-registered JMX Bean with object name Ratis:service=RaftServer,group=group-5B7DDBC4A4BA,id=85c6a9f3-b9a5-43a5-ac4f-9aa7bd5f2263
2019-09-19 14:21:54,053 [85c6a9f3-b9a5-43a5-ac4f-9aa7bd5f2263-SegmentedRaftLogWorker:Storage Directory /workdir/hadoop-ozone/integration-test/target/test-dir/MiniOzoneClusterImpl-210d6028-2152-4683-81ff-347b0d29bb13/datanode-0/data/ratis/e08f1762-4eca-4bad-a825-5b7ddbc4a4ba] INFO  impl.RoleInfo (RoleInfo.java:shutdownLeaderState(104)) - 85c6a9f3-b9a5-43a5-ac4f-9aa7bd5f2263: shutdown LeaderState
2019-09-19 14:21:53,816 [306a7a99-f2a5-4f40-b42b-2fc2def08a6a-SegmentedRaftLogWorker:Storage Directory /workdir/hadoop-ozone/integration-test/target/test-dir/MiniOzoneClusterImpl-210d6028-2152-4683-81ff-347b0d29bb13/datanode-2/data/ratis/e01be139-a105-4f69-aedc-aac29327e622] INFO  util.JmxRegister (JmxRegister.java:unregister(73)) - Successfully un-registered JMX Bean with object name Ratis:service=RaftServer,group=group-AAC29327E622,id=306a7a99-f2a5-4f40-b42b-2fc2def08a6a
2019-09-19 14:21:54,059 [306a7a99-f2a5-4f40-b42b-2fc2def08a6a-SegmentedRaftLogWorker:Storage Directory /workdir/hadoop-ozone/integration-test/target/test-dir/MiniOzoneClusterImpl-210d6028-2152-4683-81ff-347b0d29bb13/datanode-2/data/ratis/e01be139-a105-4f69-aedc-aac29327e622] INFO  impl.RoleInfo (RoleInfo.java:shutdownLeaderState(104)) - 306a7a99-f2a5-4f40-b42b-2fc2def08a6a: shutdown LeaderState
2019-09-19 14:21:53,815 [6403e584-2209-453b-b79e-eeb0a7b58516-SegmentedRaftLogWorker:Storage Directory /workdir/hadoop-ozone/integration-test/target/test-dir/MiniOzoneClusterImpl-210d6028-2152-4683-81ff-347b0d29bb13/datanode-3/data/ratis/20932623-2e6f-4a68-af6c-acef403ffe2b] INFO  util.JmxRegister (JmxRegister.java:unregister(73)) - Successfully un-registered JMX Bean with object name Ratis:service=RaftServer,group=group-ACEF403FFE2B,id=6403e584-2209-453b-b79e-eeb0a7b58516
2019-09-19 14:21:54,059 [6403e584-2209-453b-b79e-eeb0a7b58516-SegmentedRaftLogWorker:Storage Directory /workdir/hadoop-ozone/integration-test/target/test-dir/MiniOzoneClusterImpl-210d6028-2152-4683-81ff-347b0d29bb13/datanode-3/data/ratis/20932623-2e6f-4a68-af6c-acef403ffe2b] INFO  impl.RoleInfo (RoleInfo.java:shutdownLeaderState(104)) - 6403e584-2209-453b-b79e-eeb0a7b58516: shutdown LeaderState
2019-09-19 14:21:53,815 [1190b9a7-12b1-4c15-b33e-f7d0a0cd436c-SegmentedRaftLogWorker:Storage Directory /workdir/hadoop-ozone/integration-test/target/test-dir/MiniOzoneClusterImpl-210d6028-2152-4683-81ff-347b0d29bb13/datanode-4/data/ratis/90741fc9-e610-4c98-8a6a-f8a409b5c577] INFO  util.JmxRegister (JmxRegister.java:unregister(73)) - Successfully un-registered JMX Bean with object name Ratis:service=RaftServer,group=group-F8A409B5C577,id=1190b9a7-12b1-4c15-b33e-f7d0a0cd436c
2019-09-19 14:21:54,059 [1190b9a7-12b1-4c15-b33e-f7d0a0cd436c-SegmentedRaftLogWorker:Storage Directory /workdir/hadoop-ozone/integration-test/target/test-dir/MiniOzoneClusterImpl-210d6028-2152-4683-81ff-347b0d29bb13/datanode-4/data/ratis/90741fc9-e610-4c98-8a6a-f8a409b5c577] INFO  impl.RoleInfo (RoleInfo.java:shutdownLeaderState(104)) - 1190b9a7-12b1-4c15-b33e-f7d0a0cd436c: shutdown LeaderState
2019-09-19 14:21:53,814 [5dfaa0ea-416a-422c-a75d-43311aceb00a-SegmentedRaftLogWorker:Storage Directory /workdir/hadoop-ozone/integration-test/target/test-dir/MiniOzoneClusterImpl-210d6028-2152-4683-81ff-347b0d29bb13/datanode-1/data/ratis/c2620bf6-6366-41f1-8e59-40043a23c732] INFO  impl.RaftServerImpl (RaftServerImpl.java:lambda$shutdown$3(245)) - 5dfaa0ea-416a-422c-a75d-43311aceb00a: shutdown group-40043A23C732
2019-09-19 14:21:54,059 | INFO  | SCMAudit | user=jenkins1000 | ip=192.168.157.226 | op=SEND_HEARTBEAT {datanodeUUID=6403e584-2209-453b-b79e-eeb0a7b58516, command=[]} | ret=SUCCESS |  
2019-09-19 14:21:53,814 [306a7a99-f2a5-4f40-b42b-2fc2def08a6a-SegmentedRaftLogWorker:Storage Directory /workdir/hadoop-ozone/integration-test/target/test-dir/MiniOzoneClusterImpl-210d6028-2152-4683-81ff-347b0d29bb13/datanode-2/data/ratis/e4b35638-24dc-4528-8eb7-dcf107c2ac45] INFO  impl.RaftServerImpl (RaftServerImpl.java:lambda$shutdown$3(245)) - 306a7a99-f2a5-4f40-b42b-2fc2def08a6a: shutdown group-DCF107C2AC45
2019-09-19 14:21:53,814 [306a7a99-f2a5-4f40-b42b-2fc2def08a6a-SegmentedRaftLogWorker:Storage Directory /workdir/hadoop-ozone/integration-test/target/test-dir/MiniOzoneClusterImpl-210d6028-2152-4683-81ff-347b0d29bb13/datanode-2/data/ratis/64b02d29-fc4e-4776-b786-f51df659a370] INFO  impl.RaftServerImpl (RaftServerImpl.java:lambda$shutdown$3(245)) - 306a7a99-f2a5-4f40-b42b-2fc2def08a6a: shutdown group-F51DF659A370
2019-09-19 14:21:53,813 [306a7a99-f2a5-4f40-b42b-2fc2def08a6a-SegmentedRaftLogWorker:Storage Directory /workdir/hadoop-ozone/integration-test/target/test-dir/MiniOzoneClusterImpl-210d6028-2152-4683-81ff-347b0d29bb13/datanode-2/data/ratis/583aa16b-090b-4825-bde7-e8ec7e2a7d73] INFO  impl.RaftServerImpl (RaftServerImpl.java:lambda$shutdown$3(245)) - 306a7a99-f2a5-4f40-b42b-2fc2def08a6a: shutdown group-E8EC7E2A7D73
2019-09-19 14:21:53,813 [6403e584-2209-453b-b79e-eeb0a7b58516-SegmentedRaftLogWorker:Storage Directory /workdir/hadoop-ozone/integration-test/target/test-dir/MiniOzoneClusterImpl-210d6028-2152-4683-81ff-347b0d29bb13/datanode-3/data/ratis/e08f1762-4eca-4bad-a825-5b7ddbc4a4ba] INFO  impl.RaftServerImpl (RaftServerImpl.java:lambda$shutdown$3(245)) - 6403e584-2209-453b-b79e-eeb0a7b58516: shutdown group-5B7DDBC4A4BA
2019-09-19 14:21:53,813 [306a7a99-f2a5-4f40-b42b-2fc2def08a6a-SegmentedRaftLogWorker:Storage Directory /workdir/hadoop-ozone/integration-test/target/test-dir/MiniOzoneClusterImpl-210d6028-2152-4683-81ff-347b0d29bb13/datanode-2/data/ratis/e60e9015-83d5-468e-a90d-16e92723a98a] INFO  util.JmxRegister (JmxRegister.java:unregister(73)) - Successfully un-registered JMX Bean with object name Ratis:service=RaftServer,group=group-16E92723A98A,id=306a7a99-f2a5-4f40-b42b-2fc2def08a6a
2019-09-19 14:21:54,060 [306a7a99-f2a5-4f40-b42b-2fc2def08a6a-SegmentedRaftLogWorker:Storage Directory /workdir/hadoop-ozone/integration-test/target/test-dir/MiniOzoneClusterImpl-210d6028-2152-4683-81ff-347b0d29bb13/datanode-2/data/ratis/e60e9015-83d5-468e-a90d-16e92723a98a] INFO  impl.RoleInfo (RoleInfo.java:shutdownLeaderState(104)) - 306a7a99-f2a5-4f40-b42b-2fc2def08a6a: shutdown LeaderState
2019-09-19 14:21:53,812 [306a7a99-f2a5-4f40-b42b-2fc2def08a6a-SegmentedRaftLogWorker:Storage Directory /workdir/hadoop-ozone/integration-test/target/test-dir/MiniOzoneClusterImpl-210d6028-2152-4683-81ff-347b0d29bb13/datanode-2/data/ratis/fff30b6b-3a17-4e1b-a2f3-f7f2e51f902e] INFO  impl.RaftServerImpl (RaftServerImpl.java:lambda$shutdown$3(245)) - 306a7a99-f2a5-4f40-b42b-2fc2def08a6a: shutdown group-F7F2E51F902E
2019-09-19 14:21:53,812 [6403e584-2209-453b-b79e-eeb0a7b58516-SegmentedRaftLogWorker:Storage Directory /workdir/hadoop-ozone/integration-test/target/test-dir/MiniOzoneClusterImpl-210d6028-2152-4683-81ff-347b0d29bb13/datanode-3/data/ratis/0cbf1d4e-6cdd-4adc-95d8-1f772a09f9d5] INFO  util.JmxRegister (JmxRegister.java:unregister(73)) - Successfully un-registered JMX Bean with object name Ratis:service=RaftServer,group=group-1F772A09F9D5,id=6403e584-2209-453b-b79e-eeb0a7b58516
2019-09-19 14:21:53,807 [306a7a99-f2a5-4f40-b42b-2fc2def08a6a-SegmentedRaftLogWorker:Storage Directory /workdir/hadoop-ozone/integration-test/target/test-dir/MiniOzoneClusterImpl-210d6028-2152-4683-81ff-347b0d29bb13/datanode-2/data/ratis/53429c1a-3d53-4d84-a783-ea67b07f3728] ERROR segmented.SegmentedRaftLogWorker (SegmentedRaftLogWorker.java:run(323)) - 306a7a99-f2a5-4f40-b42b-2fc2def08a6a-SegmentedRaftLogWorker:Storage Directory /workdir/hadoop-ozone/integration-test/target/test-dir/MiniOzoneClusterImpl-210d6028-2152-4683-81ff-347b0d29bb13/datanode-2/data/ratis/53429c1a-3d53-4d84-a783-ea67b07f3728 hit exception
java.lang.OutOfMemoryError: Direct buffer memory
	at java.nio.Bits.reserveMemory(Bits.java:666)
	at java.nio.DirectByteBuffer.<init>(DirectByteBuffer.java:123)
	at java.nio.ByteBuffer.allocateDirect(ByteBuffer.java:311)
	at org.apache.ratis.server.raftlog.segmented.BufferedWriteChannel.<init>(BufferedWriteChannel.java:41)
	at org.apache.ratis.server.raftlog.segmented.SegmentedRaftLogOutputStream.<init>(SegmentedRaftLogOutputStream.java:72)
	at org.apache.ratis.server.raftlog.segmented.SegmentedRaftLogWorker$StartLogSegment.execute(SegmentedRaftLogWorker.java:566)
	at org.apache.ratis.server.raftlog.segmented.SegmentedRaftLogWorker.run(SegmentedRaftLogWorker.java:289)
	at java.lang.Thread.run(Thread.java:748)
2019-09-19 14:21:54,061 [306a7a99-f2a5-4f40-b42b-2fc2def08a6a-SegmentedRaftLogWorker:Storage Directory /workdir/hadoop-ozone/integration-test/target/test-dir/MiniOzoneClusterImpl-210d6028-2152-4683-81ff-347b0d29bb13/datanode-2/data/ratis/53429c1a-3d53-4d84-a783-ea67b07f3728] INFO  impl.RaftServerImpl (RaftServerImpl.java:lambda$shutdown$3(245)) - 306a7a99-f2a5-4f40-b42b-2fc2def08a6a: shutdown group-EA67B07F3728
2019-09-19 14:21:53,807 [5dfaa0ea-416a-422c-a75d-43311aceb00a-SegmentedRaftLogWorker:Storage Directory /workdir/hadoop-ozone/integration-test/target/test-dir/MiniOzoneClusterImpl-210d6028-2152-4683-81ff-347b0d29bb13/datanode-1/data/ratis/ca787688-e0bf-41a5-853b-5434a5443223] ERROR segmented.SegmentedRaftLogWorker (SegmentedRaftLogWorker.java:run(323)) - 5dfaa0ea-416a-422c-a75d-43311aceb00a-SegmentedRaftLogWorker:Storage Directory /workdir/hadoop-ozone/integration-test/target/test-dir/MiniOzoneClusterImpl-210d6028-2152-4683-81ff-347b0d29bb13/datanode-1/data/ratis/ca787688-e0bf-41a5-853b-5434a5443223 hit exception
java.lang.OutOfMemoryError: Direct buffer memory
	at java.nio.Bits.reserveMemory(Bits.java:666)
	at java.nio.DirectByteBuffer.<init>(DirectByteBuffer.java:123)
	at java.nio.ByteBuffer.allocateDirect(ByteBuffer.java:311)
	at org.apache.ratis.server.raftlog.segmented.BufferedWriteChannel.<init>(BufferedWriteChannel.java:41)
	at org.apache.ratis.server.raftlog.segmented.SegmentedRaftLogOutputStream.<init>(SegmentedRaftLogOutputStream.java:72)
	at org.apache.ratis.server.raftlog.segmented.SegmentedRaftLogWorker$StartLogSegment.execute(SegmentedRaftLogWorker.java:566)
	at org.apache.ratis.server.raftlog.segmented.SegmentedRaftLogWorker.run(SegmentedRaftLogWorker.java:289)
	at java.lang.Thread.run(Thread.java:748)
2019-09-19 14:21:53,544 [431517c4-8c09-4790-b37b-2e132c8143ad:group-D5017DB46417:LeaderElection163] INFO  impl.RaftServerImpl (ServerState.java:setRaftConf(361)) - 431517c4-8c09-4790-b37b-2e132c8143ad:group-D5017DB46417 set configuration 0: [431517c4-8c09-4790-b37b-2e132c8143ad:192.168.157.226:40911], old=null at 0
2019-09-19 14:21:53,543 [6403e584-2209-453b-b79e-eeb0a7b58516-SegmentedRaftLogWorker:Storage Directory /workdir/hadoop-ozone/integration-test/target/test-dir/MiniOzoneClusterImpl-210d6028-2152-4683-81ff-347b0d29bb13/datanode-3/data/ratis/b2eb48a8-8afa-4716-9dce-133d6f8d7e88] INFO  impl.RaftServerImpl (RaftServerImpl.java:lambda$shutdown$3(245)) - 6403e584-2209-453b-b79e-eeb0a7b58516: shutdown group-133D6F8D7E88
2019-09-19 14:21:53,543 [306a7a99-f2a5-4f40-b42b-2fc2def08a6a:group-65D6932C1949:LeaderElection171] INFO  server.RaftServerConfigKeys (ConfUtils.java:logGet(43)) - raft.server.staging.catchup.gap = 1000 (default)
2019-09-19 14:21:54,062 [306a7a99-f2a5-4f40-b42b-2fc2def08a6a:group-65D6932C1949:LeaderElection171] INFO  server.RaftServerConfigKeys (ConfUtils.java:logGet(43)) - raft.server.rpc.sleep.time = 25ms (default)
2019-09-19 14:21:53,543 [85c6a9f3-b9a5-43a5-ac4f-9aa7bd5f2263:group-F720BA2B578E:LeaderElection179] INFO  impl.RaftServerImpl (RaftServerImpl.java:setRole(171)) - 85c6a9f3-b9a5-43a5-ac4f-9aa7bd5f2263:group-F720BA2B578E changes role from CANDIDATE to LEADER at term 1 for changeToLeader
2019-09-19 14:21:53,542 [6403e584-2209-453b-b79e-eeb0a7b58516:group-8E3F95F61C0C:LeaderElection159] INFO  impl.RaftServerImpl (ServerState.java:setLeader(263)) - 6403e584-2209-453b-b79e-eeb0a7b58516:group-8E3F95F61C0C change Leader from null to 6403e584-2209-453b-b79e-eeb0a7b58516 at term 1 for becomeLeader, leader elected after 13108ms
2019-09-19 14:21:53,542 [306a7a99-f2a5-4f40-b42b-2fc2def08a6a:group-A8DD95DF660C:LeaderElection180] INFO  impl.RaftServerImpl (ServerState.java:setLeader(263)) - 306a7a99-f2a5-4f40-b42b-2fc2def08a6a:group-A8DD95DF660C change Leader from null to 306a7a99-f2a5-4f40-b42b-2fc2def08a6a at term 1 for becomeLeader, leader elected after 11985ms
2019-09-19 14:21:54,063 [306a7a99-f2a5-4f40-b42b-2fc2def08a6a:group-A8DD95DF660C:LeaderElection180] INFO  server.RaftServerConfigKeys (ConfUtils.java:logGet(43)) - raft.server.staging.catchup.gap = 1000 (default)
2019-09-19 14:21:53,542 [6403e584-2209-453b-b79e-eeb0a7b58516:group-8CFE3AF44FFF:LeaderElection191] INFO  impl.RaftServerImpl (RaftServerImpl.java:setRole(171)) - 6403e584-2209-453b-b79e-eeb0a7b58516:group-8CFE3AF44FFF changes role from CANDIDATE to LEADER at term 1 for changeToLeader
2019-09-19 14:21:53,542 [6403e584-2209-453b-b79e-eeb0a7b58516:group-BAE80F1788ED:LeaderElection181] INFO  impl.RaftServerImpl (RaftServerImpl.java:setRole(171)) - 6403e584-2209-453b-b79e-eeb0a7b58516:group-BAE80F1788ED changes role from CANDIDATE to LEADER at term 1 for changeToLeader
2019-09-19 14:21:53,542 [306a7a99-f2a5-4f40-b42b-2fc2def08a6a:group-ADCADC9576A0:LeaderElection184] INFO  impl.RaftServerImpl (ServerState.java:setLeader(263)) - 306a7a99-f2a5-4f40-b42b-2fc2def08a6a:group-ADCADC9576A0 change Leader from null to 306a7a99-f2a5-4f40-b42b-2fc2def08a6a at term 1 for becomeLeader, leader elected after 11879ms
2019-09-19 14:21:53,541 [5dfaa0ea-416a-422c-a75d-43311aceb00a:group-191F2BF7F7A4:LeaderElection187] INFO  server.RaftServerConfigKeys (ConfUtils.java:logGet(43)) - raft.server.staging.catchup.gap = 1000 (default)
2019-09-19 14:21:53,541 [306a7a99-f2a5-4f40-b42b-2fc2def08a6a:group-01E49D2CAF0C:LeaderElection183] INFO  impl.RaftServerImpl (RaftServerImpl.java:setRole(171)) - 306a7a99-f2a5-4f40-b42b-2fc2def08a6a:group-01E49D2CAF0C changes role from CANDIDATE to LEADER at term 1 for changeToLeader
2019-09-19 14:21:54,064 [306a7a99-f2a5-4f40-b42b-2fc2def08a6a:group-01E49D2CAF0C:LeaderElection183] INFO  impl.RaftServerImpl (ServerState.java:setLeader(263)) - 306a7a99-f2a5-4f40-b42b-2fc2def08a6a:group-01E49D2CAF0C change Leader from null to 306a7a99-f2a5-4f40-b42b-2fc2def08a6a at term 1 for becomeLeader, leader elected after 12467ms
2019-09-19 14:21:53,541 [6403e584-2209-453b-b79e-eeb0a7b58516:group-8C37E5A08283:LeaderElection167] INFO  impl.RaftServerImpl (RaftServerImpl.java:setRole(171)) - 6403e584-2209-453b-b79e-eeb0a7b58516:group-8C37E5A08283 changes role from CANDIDATE to LEADER at term 1 for changeToLeader
2019-09-19 14:21:54,064 [6403e584-2209-453b-b79e-eeb0a7b58516:group-8C37E5A08283:LeaderElection167] INFO  impl.RaftServerImpl (ServerState.java:setLeader(263)) - 6403e584-2209-453b-b79e-eeb0a7b58516:group-8C37E5A08283 change Leader from null to 6403e584-2209-453b-b79e-eeb0a7b58516 at term 1 for becomeLeader, leader elected after 13412ms
2019-09-19 14:21:53,541 [85c6a9f3-b9a5-43a5-ac4f-9aa7bd5f2263:group-A5C201119BCC:LeaderElection174] INFO  server.RaftServerConfigKeys (ConfUtils.java:logGet(43)) - raft.server.staging.catchup.gap = 1000 (default)
2019-09-19 14:21:53,541 [6403e584-2209-453b-b79e-eeb0a7b58516:group-09385C648829:LeaderElection160] INFO  impl.RaftServerImpl (ServerState.java:setLeader(263)) - 6403e584-2209-453b-b79e-eeb0a7b58516:group-09385C648829 change Leader from null to 6403e584-2209-453b-b79e-eeb0a7b58516 at term 1 for becomeLeader, leader elected after 12972ms
2019-09-19 14:21:53,540 [5dfaa0ea-416a-422c-a75d-43311aceb00a:group-D69F920C77B2:LeaderElection186] INFO  impl.RaftServerImpl (RaftServerImpl.java:setRole(171)) - 5dfaa0ea-416a-422c-a75d-43311aceb00a:group-D69F920C77B2 changes role from CANDIDATE to LEADER at term 1 for changeToLeader
2019-09-19 14:21:53,540 [5dfaa0ea-416a-422c-a75d-43311aceb00a:group-B95D7947D5CA:LeaderElection169] INFO  impl.RaftServerImpl (ServerState.java:setLeader(263)) - 5dfaa0ea-416a-422c-a75d-43311aceb00a:group-B95D7947D5CA change Leader from null to 5dfaa0ea-416a-422c-a75d-43311aceb00a at term 1 for becomeLeader, leader elected after 13026ms
2019-09-19 14:21:53,540 [5dfaa0ea-416a-422c-a75d-43311aceb00a:group-D83635899549:LeaderElection158] INFO  impl.RaftServerImpl (ServerState.java:setLeader(263)) - 5dfaa0ea-416a-422c-a75d-43311aceb00a:group-D83635899549 change Leader from null to 5dfaa0ea-416a-422c-a75d-43311aceb00a at term 1 for becomeLeader, leader elected after 13476ms
2019-09-19 14:21:53,540 [306a7a99-f2a5-4f40-b42b-2fc2def08a6a:group-AE1E2B007A31:LeaderElection178] INFO  impl.RaftServerImpl (RaftServerImpl.java:setRole(171)) - 306a7a99-f2a5-4f40-b42b-2fc2def08a6a:group-AE1E2B007A31 changes role from CANDIDATE to LEADER at term 1 for changeToLeader
2019-09-19 14:21:54,065 [306a7a99-f2a5-4f40-b42b-2fc2def08a6a:group-AE1E2B007A31:LeaderElection178] INFO  impl.RaftServerImpl (ServerState.java:setLeader(263)) - 306a7a99-f2a5-4f40-b42b-2fc2def08a6a:group-AE1E2B007A31 change Leader from null to 306a7a99-f2a5-4f40-b42b-2fc2def08a6a at term 1 for becomeLeader, leader elected after 12713ms
2019-09-19 14:21:53,540 [6403e584-2209-453b-b79e-eeb0a7b58516:group-29A035CB2198:LeaderElection189] INFO  impl.RaftServerImpl (RaftServerImpl.java:setRole(171)) - 6403e584-2209-453b-b79e-eeb0a7b58516:group-29A035CB2198 changes role from CANDIDATE to LEADER at term 1 for changeToLeader
2019-09-19 14:21:53,540 [1190b9a7-12b1-4c15-b33e-f7d0a0cd436c:group-9EB942FC9E99:LeaderElection170] INFO  impl.RaftServerImpl (ServerState.java:setLeader(263)) - 1190b9a7-12b1-4c15-b33e-f7d0a0cd436c:group-9EB942FC9E99 change Leader from null to 1190b9a7-12b1-4c15-b33e-f7d0a0cd436c at term 1 for becomeLeader, leader elected after 13191ms
2019-09-19 14:21:53,539 [85c6a9f3-b9a5-43a5-ac4f-9aa7bd5f2263:group-8AE81F3D915F:LeaderElection172] INFO  impl.RaftServerImpl (ServerState.java:setLeader(263)) - 85c6a9f3-b9a5-43a5-ac4f-9aa7bd5f2263:group-8AE81F3D915F change Leader from null to 85c6a9f3-b9a5-43a5-ac4f-9aa7bd5f2263 at term 1 for becomeLeader, leader elected after 13354ms
2019-09-19 14:21:54,065 [85c6a9f3-b9a5-43a5-ac4f-9aa7bd5f2263:group-8AE81F3D915F:LeaderElection172] INFO  server.RaftServerConfigKeys (ConfUtils.java:logGet(43)) - raft.server.staging.catchup.gap = 1000 (default)
2019-09-19 14:21:53,539 [6403e584-2209-453b-b79e-eeb0a7b58516:group-C75F49951D14:LeaderElection176] INFO  impl.RaftServerImpl (RaftServerImpl.java:setRole(171)) - 6403e584-2209-453b-b79e-eeb0a7b58516:group-C75F49951D14 changes role from CANDIDATE to LEADER at term 1 for changeToLeader
2019-09-19 14:21:54,066 [6403e584-2209-453b-b79e-eeb0a7b58516:group-C75F49951D14:LeaderElection176] INFO  impl.RaftServerImpl (ServerState.java:setLeader(263)) - 6403e584-2209-453b-b79e-eeb0a7b58516:group-C75F49951D14 change Leader from null to 6403e584-2209-453b-b79e-eeb0a7b58516 at term 1 for becomeLeader, leader elected after 12751ms
2019-09-19 14:21:53,539 [6403e584-2209-453b-b79e-eeb0a7b58516:group-9D2959E62DA3:LeaderElection182] INFO  impl.RaftServerImpl (RaftServerImpl.java:setRole(171)) - 6403e584-2209-453b-b79e-eeb0a7b58516:group-9D2959E62DA3 changes role from CANDIDATE to LEADER at term 1 for changeToLeader
2019-09-19 14:21:53,539 [6403e584-2209-453b-b79e-eeb0a7b58516:group-5908DD2EABEA:LeaderElection173] INFO  server.RaftServerConfigKeys (ConfUtils.java:logGet(43)) - raft.server.staging.catchup.gap = 1000 (default)
2019-09-19 14:21:53,539 [56d21ab3-8f6d-44ea-b961-c721a1c09246:group-9385F8753A99:LeaderElection161] INFO  impl.RaftServerImpl (ServerState.java:setLeader(263)) - 56d21ab3-8f6d-44ea-b961-c721a1c09246:group-9385F8753A99 change Leader from null to 56d21ab3-8f6d-44ea-b961-c721a1c09246 at term 1 for becomeLeader, leader elected after 12926ms
2019-09-19 14:21:53,539 [306a7a99-f2a5-4f40-b42b-2fc2def08a6a:group-E31F1645E36D:LeaderElection185] INFO  impl.RaftServerImpl (ServerState.java:setLeader(263)) - 306a7a99-f2a5-4f40-b42b-2fc2def08a6a:group-E31F1645E36D change Leader from null to 306a7a99-f2a5-4f40-b42b-2fc2def08a6a at term 1 for becomeLeader, leader elected after 11751ms
2019-09-19 14:21:54,066 [306a7a99-f2a5-4f40-b42b-2fc2def08a6a:group-E31F1645E36D:LeaderElection185] INFO  server.RaftServerConfigKeys (ConfUtils.java:logGet(43)) - raft.server.staging.catchup.gap = 1000 (default)
2019-09-19 14:21:53,538 [6403e584-2209-453b-b79e-eeb0a7b58516:group-B8762AF75437:LeaderElection188] INFO  impl.RaftServerImpl (ServerState.java:setLeader(263)) - 6403e584-2209-453b-b79e-eeb0a7b58516:group-B8762AF75437 change Leader from null to 6403e584-2209-453b-b79e-eeb0a7b58516 at term 1 for becomeLeader, leader elected after 11713ms
2019-09-19 14:21:53,538 [306a7a99-f2a5-4f40-b42b-2fc2def08a6a:group-77668966BA62:LeaderElection190] INFO  impl.RaftServerImpl (RaftServerImpl.java:setRole(171)) - 306a7a99-f2a5-4f40-b42b-2fc2def08a6a:group-77668966BA62 changes role from CANDIDATE to LEADER at term 1 for changeToLeader
2019-09-19 14:21:53,538 [6403e584-2209-453b-b79e-eeb0a7b58516:group-8077D3FCDC3D:LeaderElection193] INFO  impl.RaftServerImpl (ServerState.java:setLeader(263)) - 6403e584-2209-453b-b79e-eeb0a7b58516:group-8077D3FCDC3D change Leader from null to 6403e584-2209-453b-b79e-eeb0a7b58516 at term 1 for becomeLeader, leader elected after 14001ms
2019-09-19 14:21:53,538 [1190b9a7-12b1-4c15-b33e-f7d0a0cd436c:group-3A426B0EB8F6:LeaderElection177] INFO  impl.RaftServerImpl (RaftServerImpl.java:setRole(171)) - 1190b9a7-12b1-4c15-b33e-f7d0a0cd436c:group-3A426B0EB8F6 changes role from CANDIDATE to LEADER at term 1 for changeToLeader
2019-09-19 14:21:54,067 [1190b9a7-12b1-4c15-b33e-f7d0a0cd436c:group-3A426B0EB8F6:LeaderElection177] INFO  impl.RaftServerImpl (ServerState.java:setLeader(263)) - 1190b9a7-12b1-4c15-b33e-f7d0a0cd436c:group-3A426B0EB8F6 change Leader from null to 1190b9a7-12b1-4c15-b33e-f7d0a0cd436c at term 1 for becomeLeader, leader elected after 12677ms
2019-09-19 14:21:53,538 [5dfaa0ea-416a-422c-a75d-43311aceb00a:group-8EE30092736F:LeaderElection192] INFO  impl.RaftServerImpl (RaftServerImpl.java:setRole(171)) - 5dfaa0ea-416a-422c-a75d-43311aceb00a:group-8EE30092736F changes role from CANDIDATE to LEADER at term 1 for changeToLeader
2019-09-19 14:21:53,538 [6403e584-2209-453b-b79e-eeb0a7b58516:group-0D5E299A7331:LeaderElection194] INFO  server.RaftServerConfigKeys (ConfUtils.java:logGet(43)) - raft.server.staging.catchup.gap = 1000 (default)
2019-09-19 14:21:54,067 [6403e584-2209-453b-b79e-eeb0a7b58516:group-0D5E299A7331:LeaderElection194] INFO  server.RaftServerConfigKeys (ConfUtils.java:logGet(43)) - raft.server.rpc.sleep.time = 25ms (default)
2019-09-19 14:21:53,537 [5dfaa0ea-416a-422c-a75d-43311aceb00a:group-230E763C684C:LeaderElection175] INFO  impl.RaftServerImpl (ServerState.java:setLeader(263)) - 5dfaa0ea-416a-422c-a75d-43311aceb00a:group-230E763C684C change Leader from null to 5dfaa0ea-416a-422c-a75d-43311aceb00a at term 1 for becomeLeader, leader elected after 12550ms
2019-09-19 14:21:54,068 [5dfaa0ea-416a-422c-a75d-43311aceb00a:group-230E763C684C:LeaderElection175] INFO  server.RaftServerConfigKeys (ConfUtils.java:logGet(43)) - raft.server.staging.catchup.gap = 1000 (default)
2019-09-19 14:21:53,537 [5dfaa0ea-416a-422c-a75d-43311aceb00a:group-2D13F68C8B1A:LeaderElection195] INFO  impl.RaftServerImpl (RaftServerImpl.java:setRole(171)) - 5dfaa0ea-416a-422c-a75d-43311aceb00a:group-2D13F68C8B1A changes role from CANDIDATE to LEADER at term 1 for changeToLeader
2019-09-19 14:21:53,537 [5dfaa0ea-416a-422c-a75d-43311aceb00a:group-7F2AB031CC89:LeaderElection168] INFO  impl.RaftServerImpl (ServerState.java:setLeader(263)) - 5dfaa0ea-416a-422c-a75d-43311aceb00a:group-7F2AB031CC89 change Leader from null to 5dfaa0ea-416a-422c-a75d-43311aceb00a at term 1 for becomeLeader, leader elected after 12704ms
2019-09-19 14:21:54,068 [5dfaa0ea-416a-422c-a75d-43311aceb00a:group-7F2AB031CC89:LeaderElection168] INFO  server.RaftServerConfigKeys (ConfUtils.java:logGet(43)) - raft.server.staging.catchup.gap = 1000 (default)
2019-09-19 14:21:53,537 [5dfaa0ea-416a-422c-a75d-43311aceb00a:group-9F8238B9215E:LeaderElection196] INFO  server.RaftServerConfigKeys (ConfUtils.java:logGet(43)) - raft.server.staging.catchup.gap = 1000 (default)
2019-09-19 14:21:54,068 [5dfaa0ea-416a-422c-a75d-43311aceb00a:group-9F8238B9215E:LeaderElection196] INFO  server.RaftServerConfigKeys (ConfUtils.java:logGet(43)) - raft.server.rpc.sleep.time = 25ms (default)
2019-09-19 14:21:53,536 [Thread-1247] INFO  impl.RoleInfo (RoleInfo.java:updateAndGet(143)) - 306a7a99-f2a5-4f40-b42b-2fc2def08a6a: start LeaderElection
2019-09-19 14:21:53,536 [Thread-986] INFO  impl.RaftServerImpl (RaftServerImpl.java:setRole(171)) - 85c6a9f3-b9a5-43a5-ac4f-9aa7bd5f2263:group-A1D8461AD66E changes role from FOLLOWER to CANDIDATE at term 0 for changeToCandidate
2019-09-19 14:21:53,536 [Thread-1028] INFO  impl.RoleInfo (RoleInfo.java:updateAndGet(143)) - 306a7a99-f2a5-4f40-b42b-2fc2def08a6a: start LeaderElection
2019-09-19 14:21:53,536 [pool-27-thread-1] INFO  storage.RaftStorageDirectory (RaftStorageDirectory.java:analyzeStorage(246)) - The storage directory /workdir/hadoop-ozone/integration-test/target/test-dir/MiniOzoneClusterImpl-210d6028-2152-4683-81ff-347b0d29bb13/datanode-0/data/ratis/ed7ccb91-f33d-461f-8fcc-c123bbc42c4f does not exist. Creating ...
2019-09-19 14:21:53,536 [Thread-1010] INFO  impl.RaftServerImpl (RaftServerImpl.java:setRole(171)) - 1190b9a7-12b1-4c15-b33e-f7d0a0cd436c:group-F9B6CA18EE39 changes role from FOLLOWER to CANDIDATE at term 0 for changeToCandidate
2019-09-19 14:21:53,536 [Thread-1037] INFO  impl.RaftServerImpl (RaftServerImpl.java:setRole(171)) - 6403e584-2209-453b-b79e-eeb0a7b58516:group-5F7B930D9B26 changes role from FOLLOWER to CANDIDATE at term 0 for changeToCandidate
2019-09-19 14:21:53,536 [Thread-1034] INFO  impl.RoleInfo (RoleInfo.java:updateAndGet(143)) - 306a7a99-f2a5-4f40-b42b-2fc2def08a6a: start LeaderElection
2019-09-19 14:21:53,536 [Thread-1046] INFO  impl.RaftServerImpl (RaftServerImpl.java:setRole(171)) - 306a7a99-f2a5-4f40-b42b-2fc2def08a6a:group-5EABEA0C3A9A changes role from FOLLOWER to CANDIDATE at term 0 for changeToCandidate
2019-09-19 14:21:53,290 [Thread-1040] INFO  impl.RoleInfo (RoleInfo.java:updateAndGet(143)) - 85c6a9f3-b9a5-43a5-ac4f-9aa7bd5f2263: start LeaderElection
2019-09-19 14:21:53,290 [Thread-1025] INFO  impl.RoleInfo (RoleInfo.java:updateAndGet(143)) - 85c6a9f3-b9a5-43a5-ac4f-9aa7bd5f2263: start LeaderElection
2019-09-19 14:21:53,290 [85c6a9f3-b9a5-43a5-ac4f-9aa7bd5f2263:group-38451878E2DA:LeaderElection155] INFO  impl.RaftServerImpl (ServerState.java:setRaftConf(361)) - 85c6a9f3-b9a5-43a5-ac4f-9aa7bd5f2263:group-38451878E2DA set configuration 0: [85c6a9f3-b9a5-43a5-ac4f-9aa7bd5f2263:192.168.157.226:45170], old=null at 0
2019-09-19 14:21:53,290 [306a7a99-f2a5-4f40-b42b-2fc2def08a6a:group-BA6B5495B088:LeaderElection150] INFO  server.RaftServerConfigKeys (ConfUtils.java:logGet(43)) - raft.server.write.element-limit = 4096 (default)
2019-09-19 14:21:54,070 [Thread-1046] INFO  impl.RoleInfo (RoleInfo.java:updateAndGet(143)) - 306a7a99-f2a5-4f40-b42b-2fc2def08a6a: start LeaderElection
2019-09-19 14:21:54,070 [Thread-1037] INFO  impl.RoleInfo (RoleInfo.java:updateAndGet(143)) - 6403e584-2209-453b-b79e-eeb0a7b58516: start LeaderElection
2019-09-19 14:21:54,069 [Thread-1010] INFO  impl.RoleInfo (RoleInfo.java:updateAndGet(143)) - 1190b9a7-12b1-4c15-b33e-f7d0a0cd436c: start LeaderElection
2019-09-19 14:21:54,069 [Thread-986] INFO  impl.RoleInfo (RoleInfo.java:updateAndGet(143)) - 85c6a9f3-b9a5-43a5-ac4f-9aa7bd5f2263: start LeaderElection
2019-09-19 14:21:54,069 [5dfaa0ea-416a-422c-a75d-43311aceb00a:group-9F8238B9215E:LeaderElection196] INFO  server.RaftServerConfigKeys (ConfUtils.java:logGet(43)) - raft.server.write.element-limit = 4096 (default)
2019-09-19 14:21:54,068 [5dfaa0ea-416a-422c-a75d-43311aceb00a:group-7F2AB031CC89:LeaderElection168] INFO  server.RaftServerConfigKeys (ConfUtils.java:logGet(43)) - raft.server.rpc.sleep.time = 25ms (default)
2019-09-19 14:21:54,068 [5dfaa0ea-416a-422c-a75d-43311aceb00a:group-2D13F68C8B1A:LeaderElection195] INFO  impl.RaftServerImpl (ServerState.java:setLeader(263)) - 5dfaa0ea-416a-422c-a75d-43311aceb00a:group-2D13F68C8B1A change Leader from null to 5dfaa0ea-416a-422c-a75d-43311aceb00a at term 1 for becomeLeader, leader elected after 14570ms
2019-09-19 14:21:54,068 [5dfaa0ea-416a-422c-a75d-43311aceb00a:group-230E763C684C:LeaderElection175] INFO  server.RaftServerConfigKeys (ConfUtils.java:logGet(43)) - raft.server.rpc.sleep.time = 25ms (default)
2019-09-19 14:21:54,068 [6403e584-2209-453b-b79e-eeb0a7b58516:group-0D5E299A7331:LeaderElection194] INFO  server.RaftServerConfigKeys (ConfUtils.java:logGet(43)) - raft.server.write.element-limit = 4096 (default)
2019-09-19 14:21:54,067 [5dfaa0ea-416a-422c-a75d-43311aceb00a:group-8EE30092736F:LeaderElection192] INFO  impl.RaftServerImpl (ServerState.java:setLeader(263)) - 5dfaa0ea-416a-422c-a75d-43311aceb00a:group-8EE30092736F change Leader from null to 5dfaa0ea-416a-422c-a75d-43311aceb00a at term 1 for becomeLeader, leader elected after 11714ms
2019-09-19 14:21:54,067 [1190b9a7-12b1-4c15-b33e-f7d0a0cd436c:group-3A426B0EB8F6:LeaderElection177] INFO  server.RaftServerConfigKeys (ConfUtils.java:logGet(43)) - raft.server.staging.catchup.gap = 1000 (default)
2019-09-19 14:21:54,067 [6403e584-2209-453b-b79e-eeb0a7b58516:group-8077D3FCDC3D:LeaderElection193] INFO  server.RaftServerConfigKeys (ConfUtils.java:logGet(43)) - raft.server.staging.catchup.gap = 1000 (default)
2019-09-19 14:21:54,067 [306a7a99-f2a5-4f40-b42b-2fc2def08a6a:group-77668966BA62:LeaderElection190] INFO  impl.RaftServerImpl (ServerState.java:setLeader(263)) - 306a7a99-f2a5-4f40-b42b-2fc2def08a6a:group-77668966BA62 change Leader from null to 306a7a99-f2a5-4f40-b42b-2fc2def08a6a at term 1 for becomeLeader, leader elected after 12071ms
2019-09-19 14:21:54,072 [306a7a99-f2a5-4f40-b42b-2fc2def08a6a:group-77668966BA62:LeaderElection190] INFO  server.RaftServerConfigKeys (ConfUtils.java:logGet(43)) - raft.server.staging.catchup.gap = 1000 (default)
2019-09-19 14:21:54,067 [6403e584-2209-453b-b79e-eeb0a7b58516:group-B8762AF75437:LeaderElection188] INFO  server.RaftServerConfigKeys (ConfUtils.java:logGet(43)) - raft.server.staging.catchup.gap = 1000 (default)
2019-09-19 14:21:54,073 [6403e584-2209-453b-b79e-eeb0a7b58516:group-B8762AF75437:LeaderElection188] INFO  server.RaftServerConfigKeys (ConfUtils.java:logGet(43)) - raft.server.rpc.sleep.time = 25ms (default)
2019-09-19 14:21:54,066 [306a7a99-f2a5-4f40-b42b-2fc2def08a6a:group-E31F1645E36D:LeaderElection185] INFO  server.RaftServerConfigKeys (ConfUtils.java:logGet(43)) - raft.server.rpc.sleep.time = 25ms (default)
2019-09-19 14:21:54,066 [56d21ab3-8f6d-44ea-b961-c721a1c09246:group-9385F8753A99:LeaderElection161] INFO  server.RaftServerConfigKeys (ConfUtils.java:logGet(43)) - raft.server.staging.catchup.gap = 1000 (default)
2019-09-19 14:21:54,066 [6403e584-2209-453b-b79e-eeb0a7b58516:group-5908DD2EABEA:LeaderElection173] INFO  server.RaftServerConfigKeys (ConfUtils.java:logGet(43)) - raft.server.rpc.sleep.time = 25ms (default)
2019-09-19 14:21:54,066 [6403e584-2209-453b-b79e-eeb0a7b58516:group-9D2959E62DA3:LeaderElection182] INFO  impl.RaftServerImpl (ServerState.java:setLeader(263)) - 6403e584-2209-453b-b79e-eeb0a7b58516:group-9D2959E62DA3 change Leader from null to 6403e584-2209-453b-b79e-eeb0a7b58516 at term 1 for becomeLeader, leader elected after 12603ms
2019-09-19 14:21:54,073 [6403e584-2209-453b-b79e-eeb0a7b58516:group-9D2959E62DA3:LeaderElection182] INFO  server.RaftServerConfigKeys (ConfUtils.java:logGet(43)) - raft.server.staging.catchup.gap = 1000 (default)
2019-09-19 14:21:54,066 [6403e584-2209-453b-b79e-eeb0a7b58516:group-C75F49951D14:LeaderElection176] INFO  server.RaftServerConfigKeys (ConfUtils.java:logGet(43)) - raft.server.staging.catchup.gap = 1000 (default)
2019-09-19 14:21:54,073 [6403e584-2209-453b-b79e-eeb0a7b58516:group-C75F49951D14:LeaderElection176] INFO  server.RaftServerConfigKeys (ConfUtils.java:logGet(43)) - raft.server.rpc.sleep.time = 25ms (default)
2019-09-19 14:21:54,065 [85c6a9f3-b9a5-43a5-ac4f-9aa7bd5f2263:group-8AE81F3D915F:LeaderElection172] INFO  server.RaftServerConfigKeys (ConfUtils.java:logGet(43)) - raft.server.rpc.sleep.time = 25ms (default)
2019-09-19 14:21:54,065 [1190b9a7-12b1-4c15-b33e-f7d0a0cd436c:group-9EB942FC9E99:LeaderElection170] INFO  server.RaftServerConfigKeys (ConfUtils.java:logGet(43)) - raft.server.staging.catchup.gap = 1000 (default)
2019-09-19 14:21:54,065 [6403e584-2209-453b-b79e-eeb0a7b58516:group-29A035CB2198:LeaderElection189] INFO  impl.RaftServerImpl (ServerState.java:setLeader(263)) - 6403e584-2209-453b-b79e-eeb0a7b58516:group-29A035CB2198 change Leader from null to 6403e584-2209-453b-b79e-eeb0a7b58516 at term 1 for becomeLeader, leader elected after 12169ms
2019-09-19 14:21:54,065 [306a7a99-f2a5-4f40-b42b-2fc2def08a6a:group-AE1E2B007A31:LeaderElection178] INFO  server.RaftServerConfigKeys (ConfUtils.java:logGet(43)) - raft.server.staging.catchup.gap = 1000 (default)
2019-09-19 14:21:54,065 [5dfaa0ea-416a-422c-a75d-43311aceb00a:group-D83635899549:LeaderElection158] INFO  server.RaftServerConfigKeys (ConfUtils.java:logGet(43)) - raft.server.staging.catchup.gap = 1000 (default)
2019-09-19 14:21:54,074 [5dfaa0ea-416a-422c-a75d-43311aceb00a:group-D83635899549:LeaderElection158] INFO  server.RaftServerConfigKeys (ConfUtils.java:logGet(43)) - raft.server.rpc.sleep.time = 25ms (default)
2019-09-19 14:21:54,065 [5dfaa0ea-416a-422c-a75d-43311aceb00a:group-B95D7947D5CA:LeaderElection169] INFO  server.RaftServerConfigKeys (ConfUtils.java:logGet(43)) - raft.server.staging.catchup.gap = 1000 (default)
2019-09-19 14:21:54,064 [5dfaa0ea-416a-422c-a75d-43311aceb00a:group-D69F920C77B2:LeaderElection186] INFO  impl.RaftServerImpl (ServerState.java:setLeader(263)) - 5dfaa0ea-416a-422c-a75d-43311aceb00a:group-D69F920C77B2 change Leader from null to 5dfaa0ea-416a-422c-a75d-43311aceb00a at term 1 for becomeLeader, leader elected after 12323ms
2019-09-19 14:21:54,064 [6403e584-2209-453b-b79e-eeb0a7b58516:group-09385C648829:LeaderElection160] INFO  server.RaftServerConfigKeys (ConfUtils.java:logGet(43)) - raft.server.staging.catchup.gap = 1000 (default)
2019-09-19 14:21:54,075 [6403e584-2209-453b-b79e-eeb0a7b58516:group-09385C648829:LeaderElection160] INFO  server.RaftServerConfigKeys (ConfUtils.java:logGet(43)) - raft.server.rpc.sleep.time = 25ms (default)
2019-09-19 14:21:54,064 [85c6a9f3-b9a5-43a5-ac4f-9aa7bd5f2263:group-A5C201119BCC:LeaderElection174] INFO  server.RaftServerConfigKeys (ConfUtils.java:logGet(43)) - raft.server.rpc.sleep.time = 25ms (default)
2019-09-19 14:21:54,064 [6403e584-2209-453b-b79e-eeb0a7b58516:group-8C37E5A08283:LeaderElection167] INFO  server.RaftServerConfigKeys (ConfUtils.java:logGet(43)) - raft.server.staging.catchup.gap = 1000 (default)
2019-09-19 14:21:54,075 [6403e584-2209-453b-b79e-eeb0a7b58516:group-8C37E5A08283:LeaderElection167] INFO  server.RaftServerConfigKeys (ConfUtils.java:logGet(43)) - raft.server.rpc.sleep.time = 25ms (default)
2019-09-19 14:21:54,064 [306a7a99-f2a5-4f40-b42b-2fc2def08a6a:group-01E49D2CAF0C:LeaderElection183] INFO  server.RaftServerConfigKeys (ConfUtils.java:logGet(43)) - raft.server.staging.catchup.gap = 1000 (default)
2019-09-19 14:21:54,063 [5dfaa0ea-416a-422c-a75d-43311aceb00a:group-191F2BF7F7A4:LeaderElection187] INFO  server.RaftServerConfigKeys (ConfUtils.java:logGet(43)) - raft.server.rpc.sleep.time = 25ms (default)
2019-09-19 14:21:54,063 [306a7a99-f2a5-4f40-b42b-2fc2def08a6a:group-ADCADC9576A0:LeaderElection184] INFO  server.RaftServerConfigKeys (ConfUtils.java:logGet(43)) - raft.server.staging.catchup.gap = 1000 (default)
2019-09-19 14:21:54,076 [306a7a99-f2a5-4f40-b42b-2fc2def08a6a:group-ADCADC9576A0:LeaderElection184] INFO  server.RaftServerConfigKeys (ConfUtils.java:logGet(43)) - raft.server.rpc.sleep.time = 25ms (default)
2019-09-19 14:21:54,063 [6403e584-2209-453b-b79e-eeb0a7b58516:group-BAE80F1788ED:LeaderElection181] INFO  impl.RaftServerImpl (ServerState.java:setLeader(263)) - 6403e584-2209-453b-b79e-eeb0a7b58516:group-BAE80F1788ED change Leader from null to 6403e584-2209-453b-b79e-eeb0a7b58516 at term 1 for becomeLeader, leader elected after 12638ms
2019-09-19 14:21:54,063 [6403e584-2209-453b-b79e-eeb0a7b58516:group-8CFE3AF44FFF:LeaderElection191] INFO  impl.RaftServerImpl (ServerState.java:setLeader(263)) - 6403e584-2209-453b-b79e-eeb0a7b58516:group-8CFE3AF44FFF change Leader from null to 6403e584-2209-453b-b79e-eeb0a7b58516 at term 1 for becomeLeader, leader elected after 11910ms
2019-09-19 14:21:54,063 [306a7a99-f2a5-4f40-b42b-2fc2def08a6a:group-A8DD95DF660C:LeaderElection180] INFO  server.RaftServerConfigKeys (ConfUtils.java:logGet(43)) - raft.server.rpc.sleep.time = 25ms (default)
2019-09-19 14:21:54,063 [6403e584-2209-453b-b79e-eeb0a7b58516:group-8E3F95F61C0C:LeaderElection159] INFO  server.RaftServerConfigKeys (ConfUtils.java:logGet(43)) - raft.server.staging.catchup.gap = 1000 (default)
2019-09-19 14:21:54,062 [85c6a9f3-b9a5-43a5-ac4f-9aa7bd5f2263:group-F720BA2B578E:LeaderElection179] INFO  impl.RaftServerImpl (ServerState.java:setLeader(263)) - 85c6a9f3-b9a5-43a5-ac4f-9aa7bd5f2263:group-F720BA2B578E change Leader from null to 85c6a9f3-b9a5-43a5-ac4f-9aa7bd5f2263 at term 1 for becomeLeader, leader elected after 12565ms
2019-09-19 14:21:54,076 [85c6a9f3-b9a5-43a5-ac4f-9aa7bd5f2263:group-F720BA2B578E:LeaderElection179] INFO  server.RaftServerConfigKeys (ConfUtils.java:logGet(43)) - raft.server.staging.catchup.gap = 1000 (default)
2019-09-19 14:21:54,062 [306a7a99-f2a5-4f40-b42b-2fc2def08a6a:group-65D6932C1949:LeaderElection171] INFO  server.RaftServerConfigKeys (ConfUtils.java:logGet(43)) - raft.server.write.element-limit = 4096 (default)
2019-09-19 14:21:54,062 [6403e584-2209-453b-b79e-eeb0a7b58516-SegmentedRaftLogWorker:Storage Directory /workdir/hadoop-ozone/integration-test/target/test-dir/MiniOzoneClusterImpl-210d6028-2152-4683-81ff-347b0d29bb13/datanode-3/data/ratis/b2eb48a8-8afa-4716-9dce-133d6f8d7e88] INFO  util.JmxRegister (JmxRegister.java:unregister(73)) - Successfully un-registered JMX Bean with object name Ratis:service=RaftServer,group=group-133D6F8D7E88,id=6403e584-2209-453b-b79e-eeb0a7b58516
2019-09-19 14:21:54,077 [6403e584-2209-453b-b79e-eeb0a7b58516-SegmentedRaftLogWorker:Storage Directory /workdir/hadoop-ozone/integration-test/target/test-dir/MiniOzoneClusterImpl-210d6028-2152-4683-81ff-347b0d29bb13/datanode-3/data/ratis/b2eb48a8-8afa-4716-9dce-133d6f8d7e88] INFO  impl.RoleInfo (RoleInfo.java:shutdownLeaderState(104)) - 6403e584-2209-453b-b79e-eeb0a7b58516: shutdown LeaderState
2019-09-19 14:21:54,062 [5dfaa0ea-416a-422c-a75d-43311aceb00a-SegmentedRaftLogWorker:Storage Directory /workdir/hadoop-ozone/integration-test/target/test-dir/MiniOzoneClusterImpl-210d6028-2152-4683-81ff-347b0d29bb13/datanode-1/data/ratis/ca787688-e0bf-41a5-853b-5434a5443223] INFO  impl.RaftServerImpl (RaftServerImpl.java:lambda$shutdown$3(245)) - 5dfaa0ea-416a-422c-a75d-43311aceb00a: shutdown group-5434A5443223
2019-09-19 14:21:54,061 [306a7a99-f2a5-4f40-b42b-2fc2def08a6a-SegmentedRaftLogWorker:Storage Directory /workdir/hadoop-ozone/integration-test/target/test-dir/MiniOzoneClusterImpl-210d6028-2152-4683-81ff-347b0d29bb13/datanode-2/data/ratis/53429c1a-3d53-4d84-a783-ea67b07f3728] INFO  util.JmxRegister (JmxRegister.java:unregister(73)) - Successfully un-registered JMX Bean with object name Ratis:service=RaftServer,group=group-EA67B07F3728,id=306a7a99-f2a5-4f40-b42b-2fc2def08a6a
2019-09-19 14:21:54,077 [306a7a99-f2a5-4f40-b42b-2fc2def08a6a-SegmentedRaftLogWorker:Storage Directory /workdir/hadoop-ozone/integration-test/target/test-dir/MiniOzoneClusterImpl-210d6028-2152-4683-81ff-347b0d29bb13/datanode-2/data/ratis/53429c1a-3d53-4d84-a783-ea67b07f3728] INFO  impl.RoleInfo (RoleInfo.java:shutdownLeaderState(104)) - 306a7a99-f2a5-4f40-b42b-2fc2def08a6a: shutdown LeaderState
2019-09-19 14:21:54,061 [6403e584-2209-453b-b79e-eeb0a7b58516-SegmentedRaftLogWorker:Storage Directory /workdir/hadoop-ozone/integration-test/target/test-dir/MiniOzoneClusterImpl-210d6028-2152-4683-81ff-347b0d29bb13/datanode-3/data/ratis/0cbf1d4e-6cdd-4adc-95d8-1f772a09f9d5] INFO  impl.RoleInfo (RoleInfo.java:shutdownLeaderState(104)) - 6403e584-2209-453b-b79e-eeb0a7b58516: shutdown LeaderState
2019-09-19 14:21:54,061 [306a7a99-f2a5-4f40-b42b-2fc2def08a6a-SegmentedRaftLogWorker:Storage Directory /workdir/hadoop-ozone/integration-test/target/test-dir/MiniOzoneClusterImpl-210d6028-2152-4683-81ff-347b0d29bb13/datanode-2/data/ratis/fff30b6b-3a17-4e1b-a2f3-f7f2e51f902e] INFO  util.JmxRegister (JmxRegister.java:unregister(73)) - Successfully un-registered JMX Bean with object name Ratis:service=RaftServer,group=group-F7F2E51F902E,id=306a7a99-f2a5-4f40-b42b-2fc2def08a6a
2019-09-19 14:21:54,078 [306a7a99-f2a5-4f40-b42b-2fc2def08a6a-SegmentedRaftLogWorker:Storage Directory /workdir/hadoop-ozone/integration-test/target/test-dir/MiniOzoneClusterImpl-210d6028-2152-4683-81ff-347b0d29bb13/datanode-2/data/ratis/fff30b6b-3a17-4e1b-a2f3-f7f2e51f902e] INFO  impl.RoleInfo (RoleInfo.java:shutdownLeaderState(104)) - 306a7a99-f2a5-4f40-b42b-2fc2def08a6a: shutdown LeaderState
2019-09-19 14:21:54,061 [306a7a99-f2a5-4f40-b42b-2fc2def08a6a-SegmentedRaftLogWorker:Storage Directory /workdir/hadoop-ozone/integration-test/target/test-dir/MiniOzoneClusterImpl-210d6028-2152-4683-81ff-347b0d29bb13/datanode-2/data/ratis/e60e9015-83d5-468e-a90d-16e92723a98a] INFO  impl.PendingRequests (PendingRequests.java:sendNotLeaderResponses(202)) - 306a7a99-f2a5-4f40-b42b-2fc2def08a6a-PendingRequests: sendNotLeaderResponses
2019-09-19 14:21:54,060 [6403e584-2209-453b-b79e-eeb0a7b58516-SegmentedRaftLogWorker:Storage Directory /workdir/hadoop-ozone/integration-test/target/test-dir/MiniOzoneClusterImpl-210d6028-2152-4683-81ff-347b0d29bb13/datanode-3/data/ratis/e08f1762-4eca-4bad-a825-5b7ddbc4a4ba] INFO  util.JmxRegister (JmxRegister.java:unregister(73)) - Successfully un-registered JMX Bean with object name Ratis:service=RaftServer,group=group-5B7DDBC4A4BA,id=6403e584-2209-453b-b79e-eeb0a7b58516
2019-09-19 14:21:54,078 [6403e584-2209-453b-b79e-eeb0a7b58516-SegmentedRaftLogWorker:Storage Directory /workdir/hadoop-ozone/integration-test/target/test-dir/MiniOzoneClusterImpl-210d6028-2152-4683-81ff-347b0d29bb13/datanode-3/data/ratis/e08f1762-4eca-4bad-a825-5b7ddbc4a4ba] INFO  impl.RoleInfo (RoleInfo.java:shutdownFollowerState(121)) - 6403e584-2209-453b-b79e-eeb0a7b58516: shutdown FollowerState
2019-09-19 14:21:54,060 [306a7a99-f2a5-4f40-b42b-2fc2def08a6a-SegmentedRaftLogWorker:Storage Directory /workdir/hadoop-ozone/integration-test/target/test-dir/MiniOzoneClusterImpl-210d6028-2152-4683-81ff-347b0d29bb13/datanode-2/data/ratis/583aa16b-090b-4825-bde7-e8ec7e2a7d73] INFO  util.JmxRegister (JmxRegister.java:unregister(73)) - Successfully un-registered JMX Bean with object name Ratis:service=RaftServer,group=group-E8EC7E2A7D73,id=306a7a99-f2a5-4f40-b42b-2fc2def08a6a
2019-09-19 14:21:54,078 [Thread-1173] INFO  impl.FollowerState (FollowerState.java:run(114)) - 6403e584-2209-453b-b79e-eeb0a7b58516: FollowerState was interrupted: java.lang.InterruptedException: sleep interrupted
2019-09-19 14:21:54,060 [306a7a99-f2a5-4f40-b42b-2fc2def08a6a-SegmentedRaftLogWorker:Storage Directory /workdir/hadoop-ozone/integration-test/target/test-dir/MiniOzoneClusterImpl-210d6028-2152-4683-81ff-347b0d29bb13/datanode-2/data/ratis/64b02d29-fc4e-4776-b786-f51df659a370] INFO  util.JmxRegister (JmxRegister.java:unregister(73)) - Successfully un-registered JMX Bean with object name Ratis:service=RaftServer,group=group-F51DF659A370,id=306a7a99-f2a5-4f40-b42b-2fc2def08a6a
2019-09-19 14:21:54,078 [306a7a99-f2a5-4f40-b42b-2fc2def08a6a-SegmentedRaftLogWorker:Storage Directory /workdir/hadoop-ozone/integration-test/target/test-dir/MiniOzoneClusterImpl-210d6028-2152-4683-81ff-347b0d29bb13/datanode-2/data/ratis/64b02d29-fc4e-4776-b786-f51df659a370] INFO  impl.RoleInfo (RoleInfo.java:shutdownLeaderState(104)) - 306a7a99-f2a5-4f40-b42b-2fc2def08a6a: shutdown LeaderState
2019-09-19 14:21:54,060 [306a7a99-f2a5-4f40-b42b-2fc2def08a6a-SegmentedRaftLogWorker:Storage Directory /workdir/hadoop-ozone/integration-test/target/test-dir/MiniOzoneClusterImpl-210d6028-2152-4683-81ff-347b0d29bb13/datanode-2/data/ratis/e4b35638-24dc-4528-8eb7-dcf107c2ac45] INFO  util.JmxRegister (JmxRegister.java:unregister(73)) - Successfully un-registered JMX Bean with object name Ratis:service=RaftServer,group=group-DCF107C2AC45,id=306a7a99-f2a5-4f40-b42b-2fc2def08a6a
2019-09-19 14:21:54,079 [306a7a99-f2a5-4f40-b42b-2fc2def08a6a-SegmentedRaftLogWorker:Storage Directory /workdir/hadoop-ozone/integration-test/target/test-dir/MiniOzoneClusterImpl-210d6028-2152-4683-81ff-347b0d29bb13/datanode-2/data/ratis/e4b35638-24dc-4528-8eb7-dcf107c2ac45] INFO  impl.RoleInfo (RoleInfo.java:shutdownLeaderState(104)) - 306a7a99-f2a5-4f40-b42b-2fc2def08a6a: shutdown LeaderState
2019-09-19 14:21:54,059 [5dfaa0ea-416a-422c-a75d-43311aceb00a-SegmentedRaftLogWorker:Storage Directory /workdir/hadoop-ozone/integration-test/target/test-dir/MiniOzoneClusterImpl-210d6028-2152-4683-81ff-347b0d29bb13/datanode-1/data/ratis/c2620bf6-6366-41f1-8e59-40043a23c732] INFO  util.JmxRegister (JmxRegister.java:unregister(73)) - Successfully un-registered JMX Bean with object name Ratis:service=RaftServer,group=group-40043A23C732,id=5dfaa0ea-416a-422c-a75d-43311aceb00a
2019-09-19 14:21:54,079 [5dfaa0ea-416a-422c-a75d-43311aceb00a-SegmentedRaftLogWorker:Storage Directory /workdir/hadoop-ozone/integration-test/target/test-dir/MiniOzoneClusterImpl-210d6028-2152-4683-81ff-347b0d29bb13/datanode-1/data/ratis/c2620bf6-6366-41f1-8e59-40043a23c732] INFO  impl.RoleInfo (RoleInfo.java:shutdownLeaderState(104)) - 5dfaa0ea-416a-422c-a75d-43311aceb00a: shutdown LeaderState
2019-09-19 14:21:54,059 [1190b9a7-12b1-4c15-b33e-f7d0a0cd436c-SegmentedRaftLogWorker:Storage Directory /workdir/hadoop-ozone/integration-test/target/test-dir/MiniOzoneClusterImpl-210d6028-2152-4683-81ff-347b0d29bb13/datanode-4/data/ratis/90741fc9-e610-4c98-8a6a-f8a409b5c577] INFO  impl.PendingRequests (PendingRequests.java:sendNotLeaderResponses(202)) - 1190b9a7-12b1-4c15-b33e-f7d0a0cd436c-PendingRequests: sendNotLeaderResponses
2019-09-19 14:21:54,059 [6403e584-2209-453b-b79e-eeb0a7b58516-SegmentedRaftLogWorker:Storage Directory /workdir/hadoop-ozone/integration-test/target/test-dir/MiniOzoneClusterImpl-210d6028-2152-4683-81ff-347b0d29bb13/datanode-3/data/ratis/20932623-2e6f-4a68-af6c-acef403ffe2b] INFO  impl.PendingRequests (PendingRequests.java:sendNotLeaderResponses(202)) - 6403e584-2209-453b-b79e-eeb0a7b58516-PendingRequests: sendNotLeaderResponses
2019-09-19 14:21:54,059 [306a7a99-f2a5-4f40-b42b-2fc2def08a6a-SegmentedRaftLogWorker:Storage Directory /workdir/hadoop-ozone/integration-test/target/test-dir/MiniOzoneClusterImpl-210d6028-2152-4683-81ff-347b0d29bb13/datanode-2/data/ratis/e01be139-a105-4f69-aedc-aac29327e622] INFO  impl.PendingRequests (PendingRequests.java:sendNotLeaderResponses(202)) - 306a7a99-f2a5-4f40-b42b-2fc2def08a6a-PendingRequests: sendNotLeaderResponses
2019-09-19 14:21:54,059 [org.apache.ratis.server.impl.LogAppender$AppenderDaemon$$Lambda$391/1338165642@4d6f6e66] WARN  server.GrpcLogAppender (GrpcLogAppender.java:mayWait(143)) - GrpcLogAppender(85c6a9f3-b9a5-43a5-ac4f-9aa7bd5f2263->6403e584-2209-453b-b79e-eeb0a7b58516): Wait interrupted by java.lang.InterruptedException
2019-09-19 14:21:54,059 [org.apache.ratis.server.impl.LogAppender$AppenderDaemon$$Lambda$391/1338165642@13cfacf4] WARN  server.GrpcLogAppender (GrpcLogAppender.java:mayWait(143)) - GrpcLogAppender(85c6a9f3-b9a5-43a5-ac4f-9aa7bd5f2263->306a7a99-f2a5-4f40-b42b-2fc2def08a6a): Wait interrupted by java.lang.InterruptedException
2019-09-19 14:21:54,059 [85c6a9f3-b9a5-43a5-ac4f-9aa7bd5f2263-SegmentedRaftLogWorker:Storage Directory /workdir/hadoop-ozone/integration-test/target/test-dir/MiniOzoneClusterImpl-210d6028-2152-4683-81ff-347b0d29bb13/datanode-0/data/ratis/e08f1762-4eca-4bad-a825-5b7ddbc4a4ba] INFO  impl.PendingRequests (PendingRequests.java:sendNotLeaderResponses(202)) - 85c6a9f3-b9a5-43a5-ac4f-9aa7bd5f2263-PendingRequests: sendNotLeaderResponses
2019-09-19 14:21:53,819 [6403e584-2209-453b-b79e-eeb0a7b58516-SegmentedRaftLogWorker:Storage Directory /workdir/hadoop-ozone/integration-test/target/test-dir/MiniOzoneClusterImpl-210d6028-2152-4683-81ff-347b0d29bb13/datanode-3/data/ratis/73adaf6d-9366-415c-98ee-9cacc810191b] INFO  util.JmxRegister (JmxRegister.java:unregister(73)) - Successfully un-registered JMX Bean with object name Ratis:service=RaftServer,group=group-9CACC810191B,id=6403e584-2209-453b-b79e-eeb0a7b58516
2019-09-19 14:21:54,080 [6403e584-2209-453b-b79e-eeb0a7b58516-SegmentedRaftLogWorker:Storage Directory /workdir/hadoop-ozone/integration-test/target/test-dir/MiniOzoneClusterImpl-210d6028-2152-4683-81ff-347b0d29bb13/datanode-3/data/ratis/73adaf6d-9366-415c-98ee-9cacc810191b] INFO  impl.RoleInfo (RoleInfo.java:shutdownLeaderState(104)) - 6403e584-2209-453b-b79e-eeb0a7b58516: shutdown LeaderState
2019-09-19 14:21:53,819 [85c6a9f3-b9a5-43a5-ac4f-9aa7bd5f2263-SegmentedRaftLogWorker:Storage Directory /workdir/hadoop-ozone/integration-test/target/test-dir/MiniOzoneClusterImpl-210d6028-2152-4683-81ff-347b0d29bb13/datanode-0/data/ratis/b199bc8c-e19c-4851-abfe-09bb5f23d853] INFO  util.JmxRegister (JmxRegister.java:unregister(73)) - Successfully un-registered JMX Bean with object name Ratis:service=RaftServer,group=group-09BB5F23D853,id=85c6a9f3-b9a5-43a5-ac4f-9aa7bd5f2263
2019-09-19 14:21:54,081 [85c6a9f3-b9a5-43a5-ac4f-9aa7bd5f2263-SegmentedRaftLogWorker:Storage Directory /workdir/hadoop-ozone/integration-test/target/test-dir/MiniOzoneClusterImpl-210d6028-2152-4683-81ff-347b0d29bb13/datanode-0/data/ratis/b199bc8c-e19c-4851-abfe-09bb5f23d853] INFO  impl.RoleInfo (RoleInfo.java:shutdownLeaderState(104)) - 85c6a9f3-b9a5-43a5-ac4f-9aa7bd5f2263: shutdown LeaderState
2019-09-19 14:21:53,819 [85c6a9f3-b9a5-43a5-ac4f-9aa7bd5f2263:group-9BF0E3E86DDD:LeaderElection154] INFO  impl.RaftServerImpl (ServerState.java:setRaftConf(361)) - 85c6a9f3-b9a5-43a5-ac4f-9aa7bd5f2263:group-9BF0E3E86DDD set configuration 0: [85c6a9f3-b9a5-43a5-ac4f-9aa7bd5f2263:192.168.157.226:45170], old=null at 0
2019-09-19 14:21:53,819 [306a7a99-f2a5-4f40-b42b-2fc2def08a6a-SegmentedRaftLogWorker:Storage Directory /workdir/hadoop-ozone/integration-test/target/test-dir/MiniOzoneClusterImpl-210d6028-2152-4683-81ff-347b0d29bb13/datanode-2/data/ratis/e08f1762-4eca-4bad-a825-5b7ddbc4a4ba] INFO  util.JmxRegister (JmxRegister.java:unregister(73)) - Successfully un-registered JMX Bean with object name Ratis:service=RaftServer,group=group-5B7DDBC4A4BA,id=306a7a99-f2a5-4f40-b42b-2fc2def08a6a
2019-09-19 14:21:53,819 [5dfaa0ea-416a-422c-a75d-43311aceb00a-SegmentedRaftLogWorker:Storage Directory /workdir/hadoop-ozone/integration-test/target/test-dir/MiniOzoneClusterImpl-210d6028-2152-4683-81ff-347b0d29bb13/datanode-1/data/ratis/3f439a97-5dea-4a18-9b4c-8272ba0ec9b5] INFO  util.JmxRegister (JmxRegister.java:unregister(73)) - Successfully un-registered JMX Bean with object name Ratis:service=RaftServer,group=group-8272BA0EC9B5,id=5dfaa0ea-416a-422c-a75d-43311aceb00a
2019-09-19 14:21:54,084 [5dfaa0ea-416a-422c-a75d-43311aceb00a-SegmentedRaftLogWorker:Storage Directory /workdir/hadoop-ozone/integration-test/target/test-dir/MiniOzoneClusterImpl-210d6028-2152-4683-81ff-347b0d29bb13/datanode-1/data/ratis/3f439a97-5dea-4a18-9b4c-8272ba0ec9b5] INFO  impl.RoleInfo (RoleInfo.java:shutdownLeaderState(104)) - 5dfaa0ea-416a-422c-a75d-43311aceb00a: shutdown LeaderState
2019-09-19 14:21:53,818 [85c6a9f3-b9a5-43a5-ac4f-9aa7bd5f2263-SegmentedRaftLogWorker:Storage Directory /workdir/hadoop-ozone/integration-test/target/test-dir/MiniOzoneClusterImpl-210d6028-2152-4683-81ff-347b0d29bb13/datanode-0/data/ratis/178a1340-e2ff-41f4-9f5a-28b9763af9c6] INFO  impl.RoleInfo (RoleInfo.java:shutdownLeaderState(104)) - 85c6a9f3-b9a5-43a5-ac4f-9aa7bd5f2263: shutdown LeaderState
2019-09-19 14:21:54,084 [5dfaa0ea-416a-422c-a75d-43311aceb00a-SegmentedRaftLogWorker:Storage Directory /workdir/hadoop-ozone/integration-test/target/test-dir/MiniOzoneClusterImpl-210d6028-2152-4683-81ff-347b0d29bb13/datanode-1/data/ratis/3f439a97-5dea-4a18-9b4c-8272ba0ec9b5] INFO  impl.PendingRequests (PendingRequests.java:sendNotLeaderResponses(202)) - 5dfaa0ea-416a-422c-a75d-43311aceb00a-PendingRequests: sendNotLeaderResponses
2019-09-19 14:21:54,081 [grpc-default-executor-3] INFO  server.GrpcServerProtocolService (GrpcServerProtocolService.java:onCompleted(104)) - 6403e584-2209-453b-b79e-eeb0a7b58516: appendEntries completed
2019-09-19 14:21:54,081 [grpc-default-executor-1] INFO  server.GrpcServerProtocolService (GrpcServerProtocolService.java:onCompleted(104)) - 306a7a99-f2a5-4f40-b42b-2fc2def08a6a: appendEntries completed
2019-09-19 14:21:54,081 [306a7a99-f2a5-4f40-b42b-2fc2def08a6a-SegmentedRaftLogWorker:Storage Directory /workdir/hadoop-ozone/integration-test/target/test-dir/MiniOzoneClusterImpl-210d6028-2152-4683-81ff-347b0d29bb13/datanode-2/data/ratis/e08f1762-4eca-4bad-a825-5b7ddbc4a4ba] INFO  impl.RoleInfo (RoleInfo.java:shutdownFollowerState(121)) - 306a7a99-f2a5-4f40-b42b-2fc2def08a6a: shutdown FollowerState
2019-09-19 14:21:54,081 [85c6a9f3-b9a5-43a5-ac4f-9aa7bd5f2263-SegmentedRaftLogWorker:Storage Directory /workdir/hadoop-ozone/integration-test/target/test-dir/MiniOzoneClusterImpl-210d6028-2152-4683-81ff-347b0d29bb13/datanode-0/data/ratis/b199bc8c-e19c-4851-abfe-09bb5f23d853] INFO  impl.PendingRequests (PendingRequests.java:sendNotLeaderResponses(202)) - 85c6a9f3-b9a5-43a5-ac4f-9aa7bd5f2263-PendingRequests: sendNotLeaderResponses
2019-09-19 14:21:54,080 [6403e584-2209-453b-b79e-eeb0a7b58516-SegmentedRaftLogWorker:Storage Directory /workdir/hadoop-ozone/integration-test/target/test-dir/MiniOzoneClusterImpl-210d6028-2152-4683-81ff-347b0d29bb13/datanode-3/data/ratis/73adaf6d-9366-415c-98ee-9cacc810191b] INFO  impl.PendingRequests (PendingRequests.java:sendNotLeaderResponses(202)) - 6403e584-2209-453b-b79e-eeb0a7b58516-PendingRequests: sendNotLeaderResponses
2019-09-19 14:21:54,080 [85c6a9f3-b9a5-43a5-ac4f-9aa7bd5f2263-SegmentedRaftLogWorker:Storage Directory /workdir/hadoop-ozone/integration-test/target/test-dir/MiniOzoneClusterImpl-210d6028-2152-4683-81ff-347b0d29bb13/datanode-0/data/ratis/e08f1762-4eca-4bad-a825-5b7ddbc4a4ba] INFO  impl.StateMachineUpdater (StateMachineUpdater.java:stopAndJoin(115)) - StateMachineUpdater:85c6a9f3-b9a5-43a5-ac4f-9aa7bd5f2263:group-5B7DDBC4A4BA: set stopIndex = -1
2019-09-19 14:21:54,080 [306a7a99-f2a5-4f40-b42b-2fc2def08a6a-SegmentedRaftLogWorker:Storage Directory /workdir/hadoop-ozone/integration-test/target/test-dir/MiniOzoneClusterImpl-210d6028-2152-4683-81ff-347b0d29bb13/datanode-2/data/ratis/e01be139-a105-4f69-aedc-aac29327e622] INFO  impl.StateMachineUpdater (StateMachineUpdater.java:stopAndJoin(115)) - StateMachineUpdater:306a7a99-f2a5-4f40-b42b-2fc2def08a6a:group-AAC29327E622: set stopIndex = -1
2019-09-19 14:21:54,079 [6403e584-2209-453b-b79e-eeb0a7b58516-SegmentedRaftLogWorker:Storage Directory /workdir/hadoop-ozone/integration-test/target/test-dir/MiniOzoneClusterImpl-210d6028-2152-4683-81ff-347b0d29bb13/datanode-3/data/ratis/20932623-2e6f-4a68-af6c-acef403ffe2b] INFO  impl.StateMachineUpdater (StateMachineUpdater.java:stopAndJoin(115)) - StateMachineUpdater:6403e584-2209-453b-b79e-eeb0a7b58516:group-ACEF403FFE2B: set stopIndex = -1
2019-09-19 14:21:54,079 [1190b9a7-12b1-4c15-b33e-f7d0a0cd436c-SegmentedRaftLogWorker:Storage Directory /workdir/hadoop-ozone/integration-test/target/test-dir/MiniOzoneClusterImpl-210d6028-2152-4683-81ff-347b0d29bb13/datanode-4/data/ratis/90741fc9-e610-4c98-8a6a-f8a409b5c577] INFO  impl.StateMachineUpdater (StateMachineUpdater.java:stopAndJoin(115)) - StateMachineUpdater:1190b9a7-12b1-4c15-b33e-f7d0a0cd436c:group-F8A409B5C577: set stopIndex = -1
2019-09-19 14:21:54,085 [1190b9a7-12b1-4c15-b33e-f7d0a0cd436c-SegmentedRaftLogWorker:Storage Directory /workdir/hadoop-ozone/integration-test/target/test-dir/MiniOzoneClusterImpl-210d6028-2152-4683-81ff-347b0d29bb13/datanode-4/data/ratis/90741fc9-e610-4c98-8a6a-f8a409b5c577] INFO  impl.RaftServerImpl (ServerState.java:close(394)) - 1190b9a7-12b1-4c15-b33e-f7d0a0cd436c:group-F8A409B5C577 closes. The last applied log index is -1
2019-09-19 14:21:54,079 [5dfaa0ea-416a-422c-a75d-43311aceb00a-SegmentedRaftLogWorker:Storage Directory /workdir/hadoop-ozone/integration-test/target/test-dir/MiniOzoneClusterImpl-210d6028-2152-4683-81ff-347b0d29bb13/datanode-1/data/ratis/c2620bf6-6366-41f1-8e59-40043a23c732] INFO  impl.PendingRequests (PendingRequests.java:sendNotLeaderResponses(202)) - 5dfaa0ea-416a-422c-a75d-43311aceb00a-PendingRequests: sendNotLeaderResponses
2019-09-19 14:21:54,079 [306a7a99-f2a5-4f40-b42b-2fc2def08a6a-SegmentedRaftLogWorker:Storage Directory /workdir/hadoop-ozone/integration-test/target/test-dir/MiniOzoneClusterImpl-210d6028-2152-4683-81ff-347b0d29bb13/datanode-2/data/ratis/e4b35638-24dc-4528-8eb7-dcf107c2ac45] INFO  impl.PendingRequests (PendingRequests.java:sendNotLeaderResponses(202)) - 306a7a99-f2a5-4f40-b42b-2fc2def08a6a-PendingRequests: sendNotLeaderResponses
2019-09-19 14:21:54,079 [306a7a99-f2a5-4f40-b42b-2fc2def08a6a-SegmentedRaftLogWorker:Storage Directory /workdir/hadoop-ozone/integration-test/target/test-dir/MiniOzoneClusterImpl-210d6028-2152-4683-81ff-347b0d29bb13/datanode-2/data/ratis/64b02d29-fc4e-4776-b786-f51df659a370] INFO  impl.PendingRequests (PendingRequests.java:sendNotLeaderResponses(202)) - 306a7a99-f2a5-4f40-b42b-2fc2def08a6a-PendingRequests: sendNotLeaderResponses
2019-09-19 14:21:54,078 [306a7a99-f2a5-4f40-b42b-2fc2def08a6a-SegmentedRaftLogWorker:Storage Directory /workdir/hadoop-ozone/integration-test/target/test-dir/MiniOzoneClusterImpl-210d6028-2152-4683-81ff-347b0d29bb13/datanode-2/data/ratis/583aa16b-090b-4825-bde7-e8ec7e2a7d73] INFO  impl.RoleInfo (RoleInfo.java:shutdownLeaderState(104)) - 306a7a99-f2a5-4f40-b42b-2fc2def08a6a: shutdown LeaderState
2019-09-19 14:21:54,078 [6403e584-2209-453b-b79e-eeb0a7b58516-SegmentedRaftLogWorker:Storage Directory /workdir/hadoop-ozone/integration-test/target/test-dir/MiniOzoneClusterImpl-210d6028-2152-4683-81ff-347b0d29bb13/datanode-3/data/ratis/e08f1762-4eca-4bad-a825-5b7ddbc4a4ba] INFO  impl.StateMachineUpdater (StateMachineUpdater.java:stopAndJoin(115)) - StateMachineUpdater:6403e584-2209-453b-b79e-eeb0a7b58516:group-5B7DDBC4A4BA: set stopIndex = -1
2019-09-19 14:21:54,086 [6403e584-2209-453b-b79e-eeb0a7b58516-SegmentedRaftLogWorker:Storage Directory /workdir/hadoop-ozone/integration-test/target/test-dir/MiniOzoneClusterImpl-210d6028-2152-4683-81ff-347b0d29bb13/datanode-3/data/ratis/e08f1762-4eca-4bad-a825-5b7ddbc4a4ba] INFO  impl.RaftServerImpl (ServerState.java:close(394)) - 6403e584-2209-453b-b79e-eeb0a7b58516:group-5B7DDBC4A4BA closes. The last applied log index is -1
2019-09-19 14:21:54,078 [306a7a99-f2a5-4f40-b42b-2fc2def08a6a-SegmentedRaftLogWorker:Storage Directory /workdir/hadoop-ozone/integration-test/target/test-dir/MiniOzoneClusterImpl-210d6028-2152-4683-81ff-347b0d29bb13/datanode-2/data/ratis/e60e9015-83d5-468e-a90d-16e92723a98a] INFO  impl.StateMachineUpdater (StateMachineUpdater.java:stopAndJoin(115)) - StateMachineUpdater:306a7a99-f2a5-4f40-b42b-2fc2def08a6a:group-16E92723A98A: set stopIndex = -1
2019-09-19 14:21:54,086 [306a7a99-f2a5-4f40-b42b-2fc2def08a6a-SegmentedRaftLogWorker:Storage Directory /workdir/hadoop-ozone/integration-test/target/test-dir/MiniOzoneClusterImpl-210d6028-2152-4683-81ff-347b0d29bb13/datanode-2/data/ratis/e60e9015-83d5-468e-a90d-16e92723a98a] INFO  impl.RaftServerImpl (ServerState.java:close(394)) - 306a7a99-f2a5-4f40-b42b-2fc2def08a6a:group-16E92723A98A closes. The last applied log index is -1
2019-09-19 14:21:54,078 [306a7a99-f2a5-4f40-b42b-2fc2def08a6a-SegmentedRaftLogWorker:Storage Directory /workdir/hadoop-ozone/integration-test/target/test-dir/MiniOzoneClusterImpl-210d6028-2152-4683-81ff-347b0d29bb13/datanode-2/data/ratis/fff30b6b-3a17-4e1b-a2f3-f7f2e51f902e] INFO  impl.PendingRequests (PendingRequests.java:sendNotLeaderResponses(202)) - 306a7a99-f2a5-4f40-b42b-2fc2def08a6a-PendingRequests: sendNotLeaderResponses
2019-09-19 14:21:54,077 [6403e584-2209-453b-b79e-eeb0a7b58516-SegmentedRaftLogWorker:Storage Directory /workdir/hadoop-ozone/integration-test/target/test-dir/MiniOzoneClusterImpl-210d6028-2152-4683-81ff-347b0d29bb13/datanode-3/data/ratis/0cbf1d4e-6cdd-4adc-95d8-1f772a09f9d5] INFO  impl.PendingRequests (PendingRequests.java:sendNotLeaderResponses(202)) - 6403e584-2209-453b-b79e-eeb0a7b58516-PendingRequests: sendNotLeaderResponses
2019-09-19 14:21:54,077 [306a7a99-f2a5-4f40-b42b-2fc2def08a6a-SegmentedRaftLogWorker:Storage Directory /workdir/hadoop-ozone/integration-test/target/test-dir/MiniOzoneClusterImpl-210d6028-2152-4683-81ff-347b0d29bb13/datanode-2/data/ratis/53429c1a-3d53-4d84-a783-ea67b07f3728] INFO  impl.PendingRequests (PendingRequests.java:sendNotLeaderResponses(202)) - 306a7a99-f2a5-4f40-b42b-2fc2def08a6a-PendingRequests: sendNotLeaderResponses
2019-09-19 14:21:54,077 [5dfaa0ea-416a-422c-a75d-43311aceb00a-SegmentedRaftLogWorker:Storage Directory /workdir/hadoop-ozone/integration-test/target/test-dir/MiniOzoneClusterImpl-210d6028-2152-4683-81ff-347b0d29bb13/datanode-1/data/ratis/ca787688-e0bf-41a5-853b-5434a5443223] INFO  util.JmxRegister (JmxRegister.java:unregister(73)) - Successfully un-registered JMX Bean with object name Ratis:service=RaftServer,group=group-5434A5443223,id=5dfaa0ea-416a-422c-a75d-43311aceb00a
2019-09-19 14:21:54,087 [5dfaa0ea-416a-422c-a75d-43311aceb00a-SegmentedRaftLogWorker:Storage Directory /workdir/hadoop-ozone/integration-test/target/test-dir/MiniOzoneClusterImpl-210d6028-2152-4683-81ff-347b0d29bb13/datanode-1/data/ratis/ca787688-e0bf-41a5-853b-5434a5443223] INFO  impl.RoleInfo (RoleInfo.java:shutdownLeaderState(104)) - 5dfaa0ea-416a-422c-a75d-43311aceb00a: shutdown LeaderState
2019-09-19 14:21:54,077 [6403e584-2209-453b-b79e-eeb0a7b58516-SegmentedRaftLogWorker:Storage Directory /workdir/hadoop-ozone/integration-test/target/test-dir/MiniOzoneClusterImpl-210d6028-2152-4683-81ff-347b0d29bb13/datanode-3/data/ratis/b2eb48a8-8afa-4716-9dce-133d6f8d7e88] INFO  impl.PendingRequests (PendingRequests.java:sendNotLeaderResponses(202)) - 6403e584-2209-453b-b79e-eeb0a7b58516-PendingRequests: sendNotLeaderResponses
2019-09-19 14:21:54,077 [306a7a99-f2a5-4f40-b42b-2fc2def08a6a:group-65D6932C1949:LeaderElection171] INFO  server.RaftServerConfigKeys (ConfUtils.java:logGet(43)) - raft.server.watch.timeout = 10s (default)
2019-09-19 14:21:54,076 [85c6a9f3-b9a5-43a5-ac4f-9aa7bd5f2263:group-F720BA2B578E:LeaderElection179] INFO  server.RaftServerConfigKeys (ConfUtils.java:logGet(43)) - raft.server.rpc.sleep.time = 25ms (default)
2019-09-19 14:21:54,076 [6403e584-2209-453b-b79e-eeb0a7b58516:group-8E3F95F61C0C:LeaderElection159] INFO  server.RaftServerConfigKeys (ConfUtils.java:logGet(43)) - raft.server.rpc.sleep.time = 25ms (default)
2019-09-19 14:21:54,076 [306a7a99-f2a5-4f40-b42b-2fc2def08a6a:group-A8DD95DF660C:LeaderElection180] INFO  server.RaftServerConfigKeys (ConfUtils.java:logGet(43)) - raft.server.write.element-limit = 4096 (default)
2019-09-19 14:21:54,076 [6403e584-2209-453b-b79e-eeb0a7b58516:group-8CFE3AF44FFF:LeaderElection191] INFO  server.RaftServerConfigKeys (ConfUtils.java:logGet(43)) - raft.server.staging.catchup.gap = 1000 (default)
2019-09-19 14:21:54,076 [6403e584-2209-453b-b79e-eeb0a7b58516:group-BAE80F1788ED:LeaderElection181] INFO  server.RaftServerConfigKeys (ConfUtils.java:logGet(43)) - raft.server.staging.catchup.gap = 1000 (default)
2019-09-19 14:21:54,076 [306a7a99-f2a5-4f40-b42b-2fc2def08a6a:group-ADCADC9576A0:LeaderElection184] INFO  server.RaftServerConfigKeys (ConfUtils.java:logGet(43)) - raft.server.write.element-limit = 4096 (default)
2019-09-19 14:21:54,076 [5dfaa0ea-416a-422c-a75d-43311aceb00a:group-191F2BF7F7A4:LeaderElection187] INFO  server.RaftServerConfigKeys (ConfUtils.java:logGet(43)) - raft.server.write.element-limit = 4096 (default)
2019-09-19 14:21:54,075 [306a7a99-f2a5-4f40-b42b-2fc2def08a6a:group-01E49D2CAF0C:LeaderElection183] INFO  server.RaftServerConfigKeys (ConfUtils.java:logGet(43)) - raft.server.rpc.sleep.time = 25ms (default)
2019-09-19 14:21:54,075 [6403e584-2209-453b-b79e-eeb0a7b58516:group-8C37E5A08283:LeaderElection167] INFO  server.RaftServerConfigKeys (ConfUtils.java:logGet(43)) - raft.server.write.element-limit = 4096 (default)
2019-09-19 14:21:54,075 [85c6a9f3-b9a5-43a5-ac4f-9aa7bd5f2263:group-A5C201119BCC:LeaderElection174] INFO  server.RaftServerConfigKeys (ConfUtils.java:logGet(43)) - raft.server.write.element-limit = 4096 (default)
2019-09-19 14:21:54,075 [6403e584-2209-453b-b79e-eeb0a7b58516:group-09385C648829:LeaderElection160] INFO  server.RaftServerConfigKeys (ConfUtils.java:logGet(43)) - raft.server.write.element-limit = 4096 (default)
2019-09-19 14:21:54,075 [5dfaa0ea-416a-422c-a75d-43311aceb00a:group-D69F920C77B2:LeaderElection186] INFO  server.RaftServerConfigKeys (ConfUtils.java:logGet(43)) - raft.server.staging.catchup.gap = 1000 (default)
2019-09-19 14:21:54,089 [5dfaa0ea-416a-422c-a75d-43311aceb00a:group-D69F920C77B2:LeaderElection186] INFO  server.RaftServerConfigKeys (ConfUtils.java:logGet(43)) - raft.server.rpc.sleep.time = 25ms (default)
2019-09-19 14:21:54,074 [5dfaa0ea-416a-422c-a75d-43311aceb00a:group-B95D7947D5CA:LeaderElection169] INFO  server.RaftServerConfigKeys (ConfUtils.java:logGet(43)) - raft.server.rpc.sleep.time = 25ms (default)
2019-09-19 14:21:54,074 [5dfaa0ea-416a-422c-a75d-43311aceb00a:group-D83635899549:LeaderElection158] INFO  server.RaftServerConfigKeys (ConfUtils.java:logGet(43)) - raft.server.write.element-limit = 4096 (default)
2019-09-19 14:21:54,074 [306a7a99-f2a5-4f40-b42b-2fc2def08a6a:group-AE1E2B007A31:LeaderElection178] INFO  server.RaftServerConfigKeys (ConfUtils.java:logGet(43)) - raft.server.rpc.sleep.time = 25ms (default)
2019-09-19 14:21:54,074 [6403e584-2209-453b-b79e-eeb0a7b58516:group-29A035CB2198:LeaderElection189] INFO  server.RaftServerConfigKeys (ConfUtils.java:logGet(43)) - raft.server.staging.catchup.gap = 1000 (default)
2019-09-19 14:21:54,074 [1190b9a7-12b1-4c15-b33e-f7d0a0cd436c:group-9EB942FC9E99:LeaderElection170] INFO  server.RaftServerConfigKeys (ConfUtils.java:logGet(43)) - raft.server.rpc.sleep.time = 25ms (default)
2019-09-19 14:21:54,074 [85c6a9f3-b9a5-43a5-ac4f-9aa7bd5f2263:group-8AE81F3D915F:LeaderElection172] INFO  server.RaftServerConfigKeys (ConfUtils.java:logGet(43)) - raft.server.write.element-limit = 4096 (default)
2019-09-19 14:21:54,090 [85c6a9f3-b9a5-43a5-ac4f-9aa7bd5f2263:group-8AE81F3D915F:LeaderElection172] INFO  server.RaftServerConfigKeys (ConfUtils.java:logGet(43)) - raft.server.watch.timeout = 10s (default)
2019-09-19 14:21:54,090 [85c6a9f3-b9a5-43a5-ac4f-9aa7bd5f2263:group-8AE81F3D915F:LeaderElection172] INFO  server.RaftServerConfigKeys (ConfUtils.java:logGet(43)) - raft.server.watch.timeout.denomination = 1s (default)
2019-09-19 14:21:54,074 [6403e584-2209-453b-b79e-eeb0a7b58516:group-C75F49951D14:LeaderElection176] INFO  server.RaftServerConfigKeys (ConfUtils.java:logGet(43)) - raft.server.write.element-limit = 4096 (default)
2019-09-19 14:21:54,073 [6403e584-2209-453b-b79e-eeb0a7b58516:group-9D2959E62DA3:LeaderElection182] INFO  server.RaftServerConfigKeys (ConfUtils.java:logGet(43)) - raft.server.rpc.sleep.time = 25ms (default)
2019-09-19 14:21:54,073 [6403e584-2209-453b-b79e-eeb0a7b58516:group-5908DD2EABEA:LeaderElection173] INFO  server.RaftServerConfigKeys (ConfUtils.java:logGet(43)) - raft.server.write.element-limit = 4096 (default)
2019-09-19 14:21:54,073 [56d21ab3-8f6d-44ea-b961-c721a1c09246:group-9385F8753A99:LeaderElection161] INFO  server.RaftServerConfigKeys (ConfUtils.java:logGet(43)) - raft.server.rpc.sleep.time = 25ms (default)
2019-09-19 14:21:54,091 [56d21ab3-8f6d-44ea-b961-c721a1c09246:group-9385F8753A99:LeaderElection161] INFO  server.RaftServerConfigKeys (ConfUtils.java:logGet(43)) - raft.server.write.element-limit = 4096 (default)
2019-09-19 14:21:54,073 [306a7a99-f2a5-4f40-b42b-2fc2def08a6a:group-E31F1645E36D:LeaderElection185] INFO  server.RaftServerConfigKeys (ConfUtils.java:logGet(43)) - raft.server.write.element-limit = 4096 (default)
2019-09-19 14:21:54,073 [6403e584-2209-453b-b79e-eeb0a7b58516:group-B8762AF75437:LeaderElection188] INFO  server.RaftServerConfigKeys (ConfUtils.java:logGet(43)) - raft.server.write.element-limit = 4096 (default)
2019-09-19 14:21:54,072 [306a7a99-f2a5-4f40-b42b-2fc2def08a6a:group-77668966BA62:LeaderElection190] INFO  server.RaftServerConfigKeys (ConfUtils.java:logGet(43)) - raft.server.rpc.sleep.time = 25ms (default)
2019-09-19 14:21:54,072 [6403e584-2209-453b-b79e-eeb0a7b58516:group-8077D3FCDC3D:LeaderElection193] INFO  server.RaftServerConfigKeys (ConfUtils.java:logGet(43)) - raft.server.rpc.sleep.time = 25ms (default)
2019-09-19 14:21:54,072 [1190b9a7-12b1-4c15-b33e-f7d0a0cd436c:group-3A426B0EB8F6:LeaderElection177] INFO  server.RaftServerConfigKeys (ConfUtils.java:logGet(43)) - raft.server.rpc.sleep.time = 25ms (default)
2019-09-19 14:21:54,072 [5dfaa0ea-416a-422c-a75d-43311aceb00a:group-8EE30092736F:LeaderElection192] INFO  server.RaftServerConfigKeys (ConfUtils.java:logGet(43)) - raft.server.staging.catchup.gap = 1000 (default)
2019-09-19 14:21:54,072 [6403e584-2209-453b-b79e-eeb0a7b58516:group-0D5E299A7331:LeaderElection194] INFO  server.RaftServerConfigKeys (ConfUtils.java:logGet(43)) - raft.server.watch.timeout = 10s (default)
2019-09-19 14:21:54,072 [5dfaa0ea-416a-422c-a75d-43311aceb00a:group-230E763C684C:LeaderElection175] INFO  server.RaftServerConfigKeys (ConfUtils.java:logGet(43)) - raft.server.write.element-limit = 4096 (default)
2019-09-19 14:21:54,072 [5dfaa0ea-416a-422c-a75d-43311aceb00a:group-2D13F68C8B1A:LeaderElection195] INFO  server.RaftServerConfigKeys (ConfUtils.java:logGet(43)) - raft.server.staging.catchup.gap = 1000 (default)
2019-09-19 14:21:54,093 [5dfaa0ea-416a-422c-a75d-43311aceb00a:group-2D13F68C8B1A:LeaderElection195] INFO  server.RaftServerConfigKeys (ConfUtils.java:logGet(43)) - raft.server.rpc.sleep.time = 25ms (default)
2019-09-19 14:21:54,071 [5dfaa0ea-416a-422c-a75d-43311aceb00a:group-7F2AB031CC89:LeaderElection168] INFO  server.RaftServerConfigKeys (ConfUtils.java:logGet(43)) - raft.server.write.element-limit = 4096 (default)
2019-09-19 14:21:54,071 [5dfaa0ea-416a-422c-a75d-43311aceb00a:group-9F8238B9215E:LeaderElection196] INFO  server.RaftServerConfigKeys (ConfUtils.java:logGet(43)) - raft.server.watch.timeout = 10s (default)
2019-09-19 14:21:54,070 [306a7a99-f2a5-4f40-b42b-2fc2def08a6a:group-BA6B5495B088:LeaderElection150] INFO  server.RaftServerConfigKeys (ConfUtils.java:logGet(43)) - raft.server.watch.timeout = 10s (default)
2019-09-19 14:21:54,093 [5dfaa0ea-416a-422c-a75d-43311aceb00a:group-9F8238B9215E:LeaderElection196] INFO  server.RaftServerConfigKeys (ConfUtils.java:logGet(43)) - raft.server.watch.timeout.denomination = 1s (default)
2019-09-19 14:21:54,093 [5dfaa0ea-416a-422c-a75d-43311aceb00a:group-7F2AB031CC89:LeaderElection168] INFO  server.RaftServerConfigKeys (ConfUtils.java:logGet(43)) - raft.server.watch.timeout = 10s (default)
2019-09-19 14:21:54,093 [5dfaa0ea-416a-422c-a75d-43311aceb00a:group-7F2AB031CC89:LeaderElection168] INFO  server.RaftServerConfigKeys (ConfUtils.java:logGet(43)) - raft.server.watch.timeout.denomination = 1s (default)
2019-09-19 14:21:54,093 [5dfaa0ea-416a-422c-a75d-43311aceb00a:group-2D13F68C8B1A:LeaderElection195] INFO  server.RaftServerConfigKeys (ConfUtils.java:logGet(43)) - raft.server.write.element-limit = 4096 (default)
2019-09-19 14:21:54,092 [5dfaa0ea-416a-422c-a75d-43311aceb00a:group-230E763C684C:LeaderElection175] INFO  server.RaftServerConfigKeys (ConfUtils.java:logGet(43)) - raft.server.watch.timeout = 10s (default)
2019-09-19 14:21:54,092 [6403e584-2209-453b-b79e-eeb0a7b58516:group-0D5E299A7331:LeaderElection194] INFO  server.RaftServerConfigKeys (ConfUtils.java:logGet(43)) - raft.server.watch.timeout.denomination = 1s (default)
2019-09-19 14:21:54,092 [5dfaa0ea-416a-422c-a75d-43311aceb00a:group-8EE30092736F:LeaderElection192] INFO  server.RaftServerConfigKeys (ConfUtils.java:logGet(43)) - raft.server.rpc.sleep.time = 25ms (default)
2019-09-19 14:21:54,092 [1190b9a7-12b1-4c15-b33e-f7d0a0cd436c:group-3A426B0EB8F6:LeaderElection177] INFO  server.RaftServerConfigKeys (ConfUtils.java:logGet(43)) - raft.server.write.element-limit = 4096 (default)
2019-09-19 14:21:54,092 [6403e584-2209-453b-b79e-eeb0a7b58516:group-8077D3FCDC3D:LeaderElection193] INFO  server.RaftServerConfigKeys (ConfUtils.java:logGet(43)) - raft.server.write.element-limit = 4096 (default)
2019-09-19 14:21:54,092 [306a7a99-f2a5-4f40-b42b-2fc2def08a6a:group-77668966BA62:LeaderElection190] INFO  server.RaftServerConfigKeys (ConfUtils.java:logGet(43)) - raft.server.write.element-limit = 4096 (default)
2019-09-19 14:21:54,092 [6403e584-2209-453b-b79e-eeb0a7b58516:group-B8762AF75437:LeaderElection188] INFO  server.RaftServerConfigKeys (ConfUtils.java:logGet(43)) - raft.server.watch.timeout = 10s (default)
2019-09-19 14:21:54,091 [306a7a99-f2a5-4f40-b42b-2fc2def08a6a:group-E31F1645E36D:LeaderElection185] INFO  server.RaftServerConfigKeys (ConfUtils.java:logGet(43)) - raft.server.watch.timeout = 10s (default)
2019-09-19 14:21:54,091 [56d21ab3-8f6d-44ea-b961-c721a1c09246:group-9385F8753A99:LeaderElection161] INFO  server.RaftServerConfigKeys (ConfUtils.java:logGet(43)) - raft.server.watch.timeout = 10s (default)
2019-09-19 14:21:54,091 [6403e584-2209-453b-b79e-eeb0a7b58516:group-5908DD2EABEA:LeaderElection173] INFO  server.RaftServerConfigKeys (ConfUtils.java:logGet(43)) - raft.server.watch.timeout = 10s (default)
2019-09-19 14:21:54,095 [6403e584-2209-453b-b79e-eeb0a7b58516:group-5908DD2EABEA:LeaderElection173] INFO  server.RaftServerConfigKeys (ConfUtils.java:logGet(43)) - raft.server.watch.timeout.denomination = 1s (default)
2019-09-19 14:21:54,091 [6403e584-2209-453b-b79e-eeb0a7b58516:group-9D2959E62DA3:LeaderElection182] INFO  server.RaftServerConfigKeys (ConfUtils.java:logGet(43)) - raft.server.write.element-limit = 4096 (default)
2019-09-19 14:21:54,091 [6403e584-2209-453b-b79e-eeb0a7b58516:group-C75F49951D14:LeaderElection176] INFO  server.RaftServerConfigKeys (ConfUtils.java:logGet(43)) - raft.server.watch.timeout = 10s (default)
2019-09-19 14:21:54,096 [6403e584-2209-453b-b79e-eeb0a7b58516:group-C75F49951D14:LeaderElection176] INFO  server.RaftServerConfigKeys (ConfUtils.java:logGet(43)) - raft.server.watch.timeout.denomination = 1s (default)
2019-09-19 14:21:54,091 [85c6a9f3-b9a5-43a5-ac4f-9aa7bd5f2263:group-8AE81F3D915F:LeaderElection172] INFO  server.RaftServerConfigKeys (ConfUtils.java:logGet(43)) - raft.server.watch.element-limit = 65536 (default)
2019-09-19 14:21:54,090 [1190b9a7-12b1-4c15-b33e-f7d0a0cd436c:group-9EB942FC9E99:LeaderElection170] INFO  server.RaftServerConfigKeys (ConfUtils.java:logGet(43)) - raft.server.write.element-limit = 4096 (default)
2019-09-19 14:21:54,090 [6403e584-2209-453b-b79e-eeb0a7b58516:group-29A035CB2198:LeaderElection189] INFO  server.RaftServerConfigKeys (ConfUtils.java:logGet(43)) - raft.server.rpc.sleep.time = 25ms (default)
2019-09-19 14:21:54,090 [306a7a99-f2a5-4f40-b42b-2fc2def08a6a:group-AE1E2B007A31:LeaderElection178] INFO  server.RaftServerConfigKeys (ConfUtils.java:logGet(43)) - raft.server.write.element-limit = 4096 (default)
2019-09-19 14:21:54,090 [5dfaa0ea-416a-422c-a75d-43311aceb00a:group-D83635899549:LeaderElection158] INFO  server.RaftServerConfigKeys (ConfUtils.java:logGet(43)) - raft.server.watch.timeout = 10s (default)
2019-09-19 14:21:54,096 [5dfaa0ea-416a-422c-a75d-43311aceb00a:group-D83635899549:LeaderElection158] INFO  server.RaftServerConfigKeys (ConfUtils.java:logGet(43)) - raft.server.watch.timeout.denomination = 1s (default)
2019-09-19 14:21:54,090 [5dfaa0ea-416a-422c-a75d-43311aceb00a:group-B95D7947D5CA:LeaderElection169] INFO  server.RaftServerConfigKeys (ConfUtils.java:logGet(43)) - raft.server.write.element-limit = 4096 (default)
2019-09-19 14:21:54,090 [5dfaa0ea-416a-422c-a75d-43311aceb00a:group-D69F920C77B2:LeaderElection186] INFO  server.RaftServerConfigKeys (ConfUtils.java:logGet(43)) - raft.server.write.element-limit = 4096 (default)
2019-09-19 14:21:54,097 [5dfaa0ea-416a-422c-a75d-43311aceb00a:group-D69F920C77B2:LeaderElection186] INFO  server.RaftServerConfigKeys (ConfUtils.java:logGet(43)) - raft.server.watch.timeout = 10s (default)
2019-09-19 14:21:54,089 [6403e584-2209-453b-b79e-eeb0a7b58516:group-09385C648829:LeaderElection160] INFO  server.RaftServerConfigKeys (ConfUtils.java:logGet(43)) - raft.server.watch.timeout = 10s (default)
2019-09-19 14:21:54,089 [85c6a9f3-b9a5-43a5-ac4f-9aa7bd5f2263:group-A5C201119BCC:LeaderElection174] INFO  server.RaftServerConfigKeys (ConfUtils.java:logGet(43)) - raft.server.watch.timeout = 10s (default)
2019-09-19 14:21:54,097 [85c6a9f3-b9a5-43a5-ac4f-9aa7bd5f2263:group-A5C201119BCC:LeaderElection174] INFO  server.RaftServerConfigKeys (ConfUtils.java:logGet(43)) - raft.server.watch.timeout.denomination = 1s (default)
2019-09-19 14:21:54,089 [6403e584-2209-453b-b79e-eeb0a7b58516:group-8C37E5A08283:LeaderElection167] INFO  server.RaftServerConfigKeys (ConfUtils.java:logGet(43)) - raft.server.watch.timeout = 10s (default)
2019-09-19 14:21:54,097 [6403e584-2209-453b-b79e-eeb0a7b58516:group-8C37E5A08283:LeaderElection167] INFO  server.RaftServerConfigKeys (ConfUtils.java:logGet(43)) - raft.server.watch.timeout.denomination = 1s (default)
2019-09-19 14:21:54,089 [306a7a99-f2a5-4f40-b42b-2fc2def08a6a:group-01E49D2CAF0C:LeaderElection183] INFO  server.RaftServerConfigKeys (ConfUtils.java:logGet(43)) - raft.server.write.element-limit = 4096 (default)
2019-09-19 14:21:54,089 [5dfaa0ea-416a-422c-a75d-43311aceb00a:group-191F2BF7F7A4:LeaderElection187] INFO  server.RaftServerConfigKeys (ConfUtils.java:logGet(43)) - raft.server.watch.timeout = 10s (default)
2019-09-19 14:21:54,098 [5dfaa0ea-416a-422c-a75d-43311aceb00a:group-191F2BF7F7A4:LeaderElection187] INFO  server.RaftServerConfigKeys (ConfUtils.java:logGet(43)) - raft.server.watch.timeout.denomination = 1s (default)
2019-09-19 14:21:54,089 [306a7a99-f2a5-4f40-b42b-2fc2def08a6a:group-ADCADC9576A0:LeaderElection184] INFO  server.RaftServerConfigKeys (ConfUtils.java:logGet(43)) - raft.server.watch.timeout = 10s (default)
2019-09-19 14:21:54,088 [6403e584-2209-453b-b79e-eeb0a7b58516:group-BAE80F1788ED:LeaderElection181] INFO  server.RaftServerConfigKeys (ConfUtils.java:logGet(43)) - raft.server.rpc.sleep.time = 25ms (default)
2019-09-19 14:21:54,088 [6403e584-2209-453b-b79e-eeb0a7b58516:group-8CFE3AF44FFF:LeaderElection191] INFO  server.RaftServerConfigKeys (ConfUtils.java:logGet(43)) - raft.server.rpc.sleep.time = 25ms (default)
2019-09-19 14:21:54,088 [306a7a99-f2a5-4f40-b42b-2fc2def08a6a:group-A8DD95DF660C:LeaderElection180] INFO  server.RaftServerConfigKeys (ConfUtils.java:logGet(43)) - raft.server.watch.timeout = 10s (default)
2019-09-19 14:21:54,098 [306a7a99-f2a5-4f40-b42b-2fc2def08a6a:group-A8DD95DF660C:LeaderElection180] INFO  server.RaftServerConfigKeys (ConfUtils.java:logGet(43)) - raft.server.watch.timeout.denomination = 1s (default)
2019-09-19 14:21:54,088 [6403e584-2209-453b-b79e-eeb0a7b58516:group-8E3F95F61C0C:LeaderElection159] INFO  server.RaftServerConfigKeys (ConfUtils.java:logGet(43)) - raft.server.write.element-limit = 4096 (default)
2019-09-19 14:21:54,088 [85c6a9f3-b9a5-43a5-ac4f-9aa7bd5f2263:group-F720BA2B578E:LeaderElection179] INFO  server.RaftServerConfigKeys (ConfUtils.java:logGet(43)) - raft.server.write.element-limit = 4096 (default)
2019-09-19 14:21:54,088 [306a7a99-f2a5-4f40-b42b-2fc2def08a6a:group-65D6932C1949:LeaderElection171] INFO  server.RaftServerConfigKeys (ConfUtils.java:logGet(43)) - raft.server.watch.timeout.denomination = 1s (default)
2019-09-19 14:21:54,088 [6403e584-2209-453b-b79e-eeb0a7b58516-SegmentedRaftLogWorker:Storage Directory /workdir/hadoop-ozone/integration-test/target/test-dir/MiniOzoneClusterImpl-210d6028-2152-4683-81ff-347b0d29bb13/datanode-3/data/ratis/b2eb48a8-8afa-4716-9dce-133d6f8d7e88] INFO  impl.StateMachineUpdater (StateMachineUpdater.java:stopAndJoin(115)) - StateMachineUpdater:6403e584-2209-453b-b79e-eeb0a7b58516:group-133D6F8D7E88: set stopIndex = -1
2019-09-19 14:21:54,099 [6403e584-2209-453b-b79e-eeb0a7b58516-SegmentedRaftLogWorker:Storage Directory /workdir/hadoop-ozone/integration-test/target/test-dir/MiniOzoneClusterImpl-210d6028-2152-4683-81ff-347b0d29bb13/datanode-3/data/ratis/b2eb48a8-8afa-4716-9dce-133d6f8d7e88] INFO  impl.RaftServerImpl (ServerState.java:close(394)) - 6403e584-2209-453b-b79e-eeb0a7b58516:group-133D6F8D7E88 closes. The last applied log index is -1
2019-09-19 14:21:54,087 [5dfaa0ea-416a-422c-a75d-43311aceb00a-SegmentedRaftLogWorker:Storage Directory /workdir/hadoop-ozone/integration-test/target/test-dir/MiniOzoneClusterImpl-210d6028-2152-4683-81ff-347b0d29bb13/datanode-1/data/ratis/ca787688-e0bf-41a5-853b-5434a5443223] INFO  impl.PendingRequests (PendingRequests.java:sendNotLeaderResponses(202)) - 5dfaa0ea-416a-422c-a75d-43311aceb00a-PendingRequests: sendNotLeaderResponses
2019-09-19 14:21:54,087 [306a7a99-f2a5-4f40-b42b-2fc2def08a6a-SegmentedRaftLogWorker:Storage Directory /workdir/hadoop-ozone/integration-test/target/test-dir/MiniOzoneClusterImpl-210d6028-2152-4683-81ff-347b0d29bb13/datanode-2/data/ratis/53429c1a-3d53-4d84-a783-ea67b07f3728] INFO  impl.StateMachineUpdater (StateMachineUpdater.java:stopAndJoin(115)) - StateMachineUpdater:306a7a99-f2a5-4f40-b42b-2fc2def08a6a:group-EA67B07F3728: set stopIndex = -1
2019-09-19 14:21:54,100 [306a7a99-f2a5-4f40-b42b-2fc2def08a6a-SegmentedRaftLogWorker:Storage Directory /workdir/hadoop-ozone/integration-test/target/test-dir/MiniOzoneClusterImpl-210d6028-2152-4683-81ff-347b0d29bb13/datanode-2/data/ratis/53429c1a-3d53-4d84-a783-ea67b07f3728] INFO  impl.RaftServerImpl (ServerState.java:close(394)) - 306a7a99-f2a5-4f40-b42b-2fc2def08a6a:group-EA67B07F3728 closes. The last applied log index is -1
2019-09-19 14:21:54,087 [6403e584-2209-453b-b79e-eeb0a7b58516-SegmentedRaftLogWorker:Storage Directory /workdir/hadoop-ozone/integration-test/target/test-dir/MiniOzoneClusterImpl-210d6028-2152-4683-81ff-347b0d29bb13/datanode-3/data/ratis/0cbf1d4e-6cdd-4adc-95d8-1f772a09f9d5] INFO  impl.StateMachineUpdater (StateMachineUpdater.java:stopAndJoin(115)) - StateMachineUpdater:6403e584-2209-453b-b79e-eeb0a7b58516:group-1F772A09F9D5: set stopIndex = -1
2019-09-19 14:21:54,087 [306a7a99-f2a5-4f40-b42b-2fc2def08a6a-SegmentedRaftLogWorker:Storage Directory /workdir/hadoop-ozone/integration-test/target/test-dir/MiniOzoneClusterImpl-210d6028-2152-4683-81ff-347b0d29bb13/datanode-2/data/ratis/fff30b6b-3a17-4e1b-a2f3-f7f2e51f902e] INFO  impl.StateMachineUpdater (StateMachineUpdater.java:stopAndJoin(115)) - StateMachineUpdater:306a7a99-f2a5-4f40-b42b-2fc2def08a6a:group-F7F2E51F902E: set stopIndex = -1
2019-09-19 14:21:54,087 [306a7a99-f2a5-4f40-b42b-2fc2def08a6a-SegmentedRaftLogWorker:Storage Directory /workdir/hadoop-ozone/integration-test/target/test-dir/MiniOzoneClusterImpl-210d6028-2152-4683-81ff-347b0d29bb13/datanode-2/data/ratis/e60e9015-83d5-468e-a90d-16e92723a98a] INFO  segmented.SegmentedRaftLogWorker (SegmentedRaftLogWorker.java:close(228)) - 306a7a99-f2a5-4f40-b42b-2fc2def08a6a-SegmentedRaftLogWorker:Storage Directory /workdir/hadoop-ozone/integration-test/target/test-dir/MiniOzoneClusterImpl-210d6028-2152-4683-81ff-347b0d29bb13/datanode-2/data/ratis/e60e9015-83d5-468e-a90d-16e92723a98a close()
2019-09-19 14:21:54,086 [6403e584-2209-453b-b79e-eeb0a7b58516-SegmentedRaftLogWorker:Storage Directory /workdir/hadoop-ozone/integration-test/target/test-dir/MiniOzoneClusterImpl-210d6028-2152-4683-81ff-347b0d29bb13/datanode-3/data/ratis/e08f1762-4eca-4bad-a825-5b7ddbc4a4ba] INFO  segmented.SegmentedRaftLogWorker (SegmentedRaftLogWorker.java:close(228)) - 6403e584-2209-453b-b79e-eeb0a7b58516-SegmentedRaftLogWorker:Storage Directory /workdir/hadoop-ozone/integration-test/target/test-dir/MiniOzoneClusterImpl-210d6028-2152-4683-81ff-347b0d29bb13/datanode-3/data/ratis/e08f1762-4eca-4bad-a825-5b7ddbc4a4ba close()
2019-09-19 14:21:54,086 [306a7a99-f2a5-4f40-b42b-2fc2def08a6a-SegmentedRaftLogWorker:Storage Directory /workdir/hadoop-ozone/integration-test/target/test-dir/MiniOzoneClusterImpl-210d6028-2152-4683-81ff-347b0d29bb13/datanode-2/data/ratis/583aa16b-090b-4825-bde7-e8ec7e2a7d73] INFO  impl.PendingRequests (PendingRequests.java:sendNotLeaderResponses(202)) - 306a7a99-f2a5-4f40-b42b-2fc2def08a6a-PendingRequests: sendNotLeaderResponses
2019-09-19 14:21:54,086 [306a7a99-f2a5-4f40-b42b-2fc2def08a6a-SegmentedRaftLogWorker:Storage Directory /workdir/hadoop-ozone/integration-test/target/test-dir/MiniOzoneClusterImpl-210d6028-2152-4683-81ff-347b0d29bb13/datanode-2/data/ratis/64b02d29-fc4e-4776-b786-f51df659a370] INFO  impl.StateMachineUpdater (StateMachineUpdater.java:stopAndJoin(115)) - StateMachineUpdater:306a7a99-f2a5-4f40-b42b-2fc2def08a6a:group-F51DF659A370: set stopIndex = -1
2019-09-19 14:21:54,110 [306a7a99-f2a5-4f40-b42b-2fc2def08a6a-SegmentedRaftLogWorker:Storage Directory /workdir/hadoop-ozone/integration-test/target/test-dir/MiniOzoneClusterImpl-210d6028-2152-4683-81ff-347b0d29bb13/datanode-2/data/ratis/64b02d29-fc4e-4776-b786-f51df659a370] INFO  impl.RaftServerImpl (ServerState.java:close(394)) - 306a7a99-f2a5-4f40-b42b-2fc2def08a6a:group-F51DF659A370 closes. The last applied log index is -1
2019-09-19 14:21:54,086 [306a7a99-f2a5-4f40-b42b-2fc2def08a6a-SegmentedRaftLogWorker:Storage Directory /workdir/hadoop-ozone/integration-test/target/test-dir/MiniOzoneClusterImpl-210d6028-2152-4683-81ff-347b0d29bb13/datanode-2/data/ratis/e4b35638-24dc-4528-8eb7-dcf107c2ac45] INFO  impl.StateMachineUpdater (StateMachineUpdater.java:stopAndJoin(115)) - StateMachineUpdater:306a7a99-f2a5-4f40-b42b-2fc2def08a6a:group-DCF107C2AC45: set stopIndex = -1
2019-09-19 14:21:54,110 [306a7a99-f2a5-4f40-b42b-2fc2def08a6a-SegmentedRaftLogWorker:Storage Directory /workdir/hadoop-ozone/integration-test/target/test-dir/MiniOzoneClusterImpl-210d6028-2152-4683-81ff-347b0d29bb13/datanode-2/data/ratis/e4b35638-24dc-4528-8eb7-dcf107c2ac45] INFO  impl.RaftServerImpl (ServerState.java:close(394)) - 306a7a99-f2a5-4f40-b42b-2fc2def08a6a:group-DCF107C2AC45 closes. The last applied log index is -1
2019-09-19 14:21:54,086 [5dfaa0ea-416a-422c-a75d-43311aceb00a-SegmentedRaftLogWorker:Storage Directory /workdir/hadoop-ozone/integration-test/target/test-dir/MiniOzoneClusterImpl-210d6028-2152-4683-81ff-347b0d29bb13/datanode-1/data/ratis/c2620bf6-6366-41f1-8e59-40043a23c732] INFO  impl.StateMachineUpdater (StateMachineUpdater.java:stopAndJoin(115)) - StateMachineUpdater:5dfaa0ea-416a-422c-a75d-43311aceb00a:group-40043A23C732: set stopIndex = -1
2019-09-19 14:21:54,110 [5dfaa0ea-416a-422c-a75d-43311aceb00a-SegmentedRaftLogWorker:Storage Directory /workdir/hadoop-ozone/integration-test/target/test-dir/MiniOzoneClusterImpl-210d6028-2152-4683-81ff-347b0d29bb13/datanode-1/data/ratis/c2620bf6-6366-41f1-8e59-40043a23c732] INFO  impl.RaftServerImpl (ServerState.java:close(394)) - 5dfaa0ea-416a-422c-a75d-43311aceb00a:group-40043A23C732 closes. The last applied log index is -1
2019-09-19 14:21:54,086 [1190b9a7-12b1-4c15-b33e-f7d0a0cd436c-SegmentedRaftLogWorker:Storage Directory /workdir/hadoop-ozone/integration-test/target/test-dir/MiniOzoneClusterImpl-210d6028-2152-4683-81ff-347b0d29bb13/datanode-4/data/ratis/90741fc9-e610-4c98-8a6a-f8a409b5c577] INFO  segmented.SegmentedRaftLogWorker (SegmentedRaftLogWorker.java:close(228)) - 1190b9a7-12b1-4c15-b33e-f7d0a0cd436c-SegmentedRaftLogWorker:Storage Directory /workdir/hadoop-ozone/integration-test/target/test-dir/MiniOzoneClusterImpl-210d6028-2152-4683-81ff-347b0d29bb13/datanode-4/data/ratis/90741fc9-e610-4c98-8a6a-f8a409b5c577 close()
2019-09-19 14:21:54,085 [6403e584-2209-453b-b79e-eeb0a7b58516-SegmentedRaftLogWorker:Storage Directory /workdir/hadoop-ozone/integration-test/target/test-dir/MiniOzoneClusterImpl-210d6028-2152-4683-81ff-347b0d29bb13/datanode-3/data/ratis/20932623-2e6f-4a68-af6c-acef403ffe2b] INFO  impl.RaftServerImpl (ServerState.java:close(394)) - 6403e584-2209-453b-b79e-eeb0a7b58516:group-ACEF403FFE2B closes. The last applied log index is -1
2019-09-19 14:21:54,085 [306a7a99-f2a5-4f40-b42b-2fc2def08a6a-SegmentedRaftLogWorker:Storage Directory /workdir/hadoop-ozone/integration-test/target/test-dir/MiniOzoneClusterImpl-210d6028-2152-4683-81ff-347b0d29bb13/datanode-2/data/ratis/e01be139-a105-4f69-aedc-aac29327e622] INFO  impl.RaftServerImpl (ServerState.java:close(394)) - 306a7a99-f2a5-4f40-b42b-2fc2def08a6a:group-AAC29327E622 closes. The last applied log index is -1
2019-09-19 14:21:54,085 [85c6a9f3-b9a5-43a5-ac4f-9aa7bd5f2263-SegmentedRaftLogWorker:Storage Directory /workdir/hadoop-ozone/integration-test/target/test-dir/MiniOzoneClusterImpl-210d6028-2152-4683-81ff-347b0d29bb13/datanode-0/data/ratis/e08f1762-4eca-4bad-a825-5b7ddbc4a4ba] INFO  impl.RaftServerImpl (ServerState.java:close(394)) - 85c6a9f3-b9a5-43a5-ac4f-9aa7bd5f2263:group-5B7DDBC4A4BA closes. The last applied log index is -1
2019-09-19 14:21:54,115 [306a7a99-f2a5-4f40-b42b-2fc2def08a6a-SegmentedRaftLogWorker:Storage Directory /workdir/hadoop-ozone/integration-test/target/test-dir/MiniOzoneClusterImpl-210d6028-2152-4683-81ff-347b0d29bb13/datanode-2/data/ratis/e01be139-a105-4f69-aedc-aac29327e622] INFO  segmented.SegmentedRaftLogWorker (SegmentedRaftLogWorker.java:close(228)) - 306a7a99-f2a5-4f40-b42b-2fc2def08a6a-SegmentedRaftLogWorker:Storage Directory /workdir/hadoop-ozone/integration-test/target/test-dir/MiniOzoneClusterImpl-210d6028-2152-4683-81ff-347b0d29bb13/datanode-2/data/ratis/e01be139-a105-4f69-aedc-aac29327e622 close()
2019-09-19 14:21:54,115 [85c6a9f3-b9a5-43a5-ac4f-9aa7bd5f2263-SegmentedRaftLogWorker:Storage Directory /workdir/hadoop-ozone/integration-test/target/test-dir/MiniOzoneClusterImpl-210d6028-2152-4683-81ff-347b0d29bb13/datanode-0/data/ratis/e08f1762-4eca-4bad-a825-5b7ddbc4a4ba] INFO  segmented.SegmentedRaftLogWorker (SegmentedRaftLogWorker.java:close(228)) - 85c6a9f3-b9a5-43a5-ac4f-9aa7bd5f2263-SegmentedRaftLogWorker:Storage Directory /workdir/hadoop-ozone/integration-test/target/test-dir/MiniOzoneClusterImpl-210d6028-2152-4683-81ff-347b0d29bb13/datanode-0/data/ratis/e08f1762-4eca-4bad-a825-5b7ddbc4a4ba close()
2019-09-19 14:21:54,085 [85c6a9f3-b9a5-43a5-ac4f-9aa7bd5f2263-SegmentedRaftLogWorker:Storage Directory /workdir/hadoop-ozone/integration-test/target/test-dir/MiniOzoneClusterImpl-210d6028-2152-4683-81ff-347b0d29bb13/datanode-0/data/ratis/b199bc8c-e19c-4851-abfe-09bb5f23d853] INFO  impl.StateMachineUpdater (StateMachineUpdater.java:stopAndJoin(115)) - StateMachineUpdater:85c6a9f3-b9a5-43a5-ac4f-9aa7bd5f2263:group-09BB5F23D853: set stopIndex = -1
2019-09-19 14:21:54,123 [85c6a9f3-b9a5-43a5-ac4f-9aa7bd5f2263-SegmentedRaftLogWorker:Storage Directory /workdir/hadoop-ozone/integration-test/target/test-dir/MiniOzoneClusterImpl-210d6028-2152-4683-81ff-347b0d29bb13/datanode-0/data/ratis/b199bc8c-e19c-4851-abfe-09bb5f23d853] INFO  impl.RaftServerImpl (ServerState.java:close(394)) - 85c6a9f3-b9a5-43a5-ac4f-9aa7bd5f2263:group-09BB5F23D853 closes. The last applied log index is -1
2019-09-19 14:21:54,085 [grpc-default-executor-1] INFO  server.GrpcLogAppender (GrpcLogAppender.java:onCompleted(292)) - 85c6a9f3-b9a5-43a5-ac4f-9aa7bd5f2263->6403e584-2209-453b-b79e-eeb0a7b58516: follower responses appendEntries COMPLETED
2019-09-19 14:21:54,085 [grpc-default-executor-3] INFO  server.GrpcLogAppender (GrpcLogAppender.java:onCompleted(292)) - 85c6a9f3-b9a5-43a5-ac4f-9aa7bd5f2263->306a7a99-f2a5-4f40-b42b-2fc2def08a6a: follower responses appendEntries COMPLETED
2019-09-19 14:21:54,085 [6403e584-2209-453b-b79e-eeb0a7b58516-SegmentedRaftLogWorker:Storage Directory /workdir/hadoop-ozone/integration-test/target/test-dir/MiniOzoneClusterImpl-210d6028-2152-4683-81ff-347b0d29bb13/datanode-3/data/ratis/73adaf6d-9366-415c-98ee-9cacc810191b] INFO  impl.StateMachineUpdater (StateMachineUpdater.java:stopAndJoin(115)) - StateMachineUpdater:6403e584-2209-453b-b79e-eeb0a7b58516:group-9CACC810191B: set stopIndex = -1
2019-09-19 14:21:54,129 [6403e584-2209-453b-b79e-eeb0a7b58516-SegmentedRaftLogWorker:Storage Directory /workdir/hadoop-ozone/integration-test/target/test-dir/MiniOzoneClusterImpl-210d6028-2152-4683-81ff-347b0d29bb13/datanode-3/data/ratis/73adaf6d-9366-415c-98ee-9cacc810191b] INFO  impl.RaftServerImpl (ServerState.java:close(394)) - 6403e584-2209-453b-b79e-eeb0a7b58516:group-9CACC810191B closes. The last applied log index is -1
2019-09-19 14:21:54,085 [Thread-1174] INFO  impl.FollowerState (FollowerState.java:run(114)) - 306a7a99-f2a5-4f40-b42b-2fc2def08a6a: FollowerState was interrupted: java.lang.InterruptedException: sleep interrupted
2019-09-19 14:21:54,129 [6403e584-2209-453b-b79e-eeb0a7b58516-SegmentedRaftLogWorker:Storage Directory /workdir/hadoop-ozone/integration-test/target/test-dir/MiniOzoneClusterImpl-210d6028-2152-4683-81ff-347b0d29bb13/datanode-3/data/ratis/73adaf6d-9366-415c-98ee-9cacc810191b] INFO  segmented.SegmentedRaftLogWorker (SegmentedRaftLogWorker.java:close(228)) - 6403e584-2209-453b-b79e-eeb0a7b58516-SegmentedRaftLogWorker:Storage Directory /workdir/hadoop-ozone/integration-test/target/test-dir/MiniOzoneClusterImpl-210d6028-2152-4683-81ff-347b0d29bb13/datanode-3/data/ratis/73adaf6d-9366-415c-98ee-9cacc810191b close()
2019-09-19 14:21:54,085 [306a7a99-f2a5-4f40-b42b-2fc2def08a6a-SegmentedRaftLogWorker:Storage Directory /workdir/hadoop-ozone/integration-test/target/test-dir/MiniOzoneClusterImpl-210d6028-2152-4683-81ff-347b0d29bb13/datanode-2/data/ratis/e08f1762-4eca-4bad-a825-5b7ddbc4a4ba] INFO  impl.StateMachineUpdater (StateMachineUpdater.java:stopAndJoin(115)) - StateMachineUpdater:306a7a99-f2a5-4f40-b42b-2fc2def08a6a:group-5B7DDBC4A4BA: set stopIndex = -1
2019-09-19 14:21:54,084 [5dfaa0ea-416a-422c-a75d-43311aceb00a-SegmentedRaftLogWorker:Storage Directory /workdir/hadoop-ozone/integration-test/target/test-dir/MiniOzoneClusterImpl-210d6028-2152-4683-81ff-347b0d29bb13/datanode-1/data/ratis/3f439a97-5dea-4a18-9b4c-8272ba0ec9b5] INFO  impl.StateMachineUpdater (StateMachineUpdater.java:stopAndJoin(115)) - StateMachineUpdater:5dfaa0ea-416a-422c-a75d-43311aceb00a:group-8272BA0EC9B5: set stopIndex = -1
2019-09-19 14:21:54,084 [85c6a9f3-b9a5-43a5-ac4f-9aa7bd5f2263-SegmentedRaftLogWorker:Storage Directory /workdir/hadoop-ozone/integration-test/target/test-dir/MiniOzoneClusterImpl-210d6028-2152-4683-81ff-347b0d29bb13/datanode-0/data/ratis/178a1340-e2ff-41f4-9f5a-28b9763af9c6] INFO  impl.PendingRequests (PendingRequests.java:sendNotLeaderResponses(202)) - 85c6a9f3-b9a5-43a5-ac4f-9aa7bd5f2263-PendingRequests: sendNotLeaderResponses
2019-09-19 14:21:54,135 [5dfaa0ea-416a-422c-a75d-43311aceb00a-SegmentedRaftLogWorker:Storage Directory /workdir/hadoop-ozone/integration-test/target/test-dir/MiniOzoneClusterImpl-210d6028-2152-4683-81ff-347b0d29bb13/datanode-1/data/ratis/3f439a97-5dea-4a18-9b4c-8272ba0ec9b5] INFO  impl.RaftServerImpl (ServerState.java:close(394)) - 5dfaa0ea-416a-422c-a75d-43311aceb00a:group-8272BA0EC9B5 closes. The last applied log index is -1
2019-09-19 14:21:54,135 [306a7a99-f2a5-4f40-b42b-2fc2def08a6a-SegmentedRaftLogWorker:Storage Directory /workdir/hadoop-ozone/integration-test/target/test-dir/MiniOzoneClusterImpl-210d6028-2152-4683-81ff-347b0d29bb13/datanode-2/data/ratis/e08f1762-4eca-4bad-a825-5b7ddbc4a4ba] INFO  impl.RaftServerImpl (ServerState.java:close(394)) - 306a7a99-f2a5-4f40-b42b-2fc2def08a6a:group-5B7DDBC4A4BA closes. The last applied log index is -1
2019-09-19 14:21:54,124 [85c6a9f3-b9a5-43a5-ac4f-9aa7bd5f2263-SegmentedRaftLogWorker:Storage Directory /workdir/hadoop-ozone/integration-test/target/test-dir/MiniOzoneClusterImpl-210d6028-2152-4683-81ff-347b0d29bb13/datanode-0/data/ratis/b199bc8c-e19c-4851-abfe-09bb5f23d853] INFO  segmented.SegmentedRaftLogWorker (SegmentedRaftLogWorker.java:close(228)) - 85c6a9f3-b9a5-43a5-ac4f-9aa7bd5f2263-SegmentedRaftLogWorker:Storage Directory /workdir/hadoop-ozone/integration-test/target/test-dir/MiniOzoneClusterImpl-210d6028-2152-4683-81ff-347b0d29bb13/datanode-0/data/ratis/b199bc8c-e19c-4851-abfe-09bb5f23d853 close()
2019-09-19 14:21:54,115 [6403e584-2209-453b-b79e-eeb0a7b58516-SegmentedRaftLogWorker:Storage Directory /workdir/hadoop-ozone/integration-test/target/test-dir/MiniOzoneClusterImpl-210d6028-2152-4683-81ff-347b0d29bb13/datanode-3/data/ratis/20932623-2e6f-4a68-af6c-acef403ffe2b] INFO  segmented.SegmentedRaftLogWorker (SegmentedRaftLogWorker.java:close(228)) - 6403e584-2209-453b-b79e-eeb0a7b58516-SegmentedRaftLogWorker:Storage Directory /workdir/hadoop-ozone/integration-test/target/test-dir/MiniOzoneClusterImpl-210d6028-2152-4683-81ff-347b0d29bb13/datanode-3/data/ratis/20932623-2e6f-4a68-af6c-acef403ffe2b close()
2019-09-19 14:21:54,110 [5dfaa0ea-416a-422c-a75d-43311aceb00a-SegmentedRaftLogWorker:Storage Directory /workdir/hadoop-ozone/integration-test/target/test-dir/MiniOzoneClusterImpl-210d6028-2152-4683-81ff-347b0d29bb13/datanode-1/data/ratis/c2620bf6-6366-41f1-8e59-40043a23c732] INFO  segmented.SegmentedRaftLogWorker (SegmentedRaftLogWorker.java:close(228)) - 5dfaa0ea-416a-422c-a75d-43311aceb00a-SegmentedRaftLogWorker:Storage Directory /workdir/hadoop-ozone/integration-test/target/test-dir/MiniOzoneClusterImpl-210d6028-2152-4683-81ff-347b0d29bb13/datanode-1/data/ratis/c2620bf6-6366-41f1-8e59-40043a23c732 close()
2019-09-19 14:21:54,110 [306a7a99-f2a5-4f40-b42b-2fc2def08a6a-SegmentedRaftLogWorker:Storage Directory /workdir/hadoop-ozone/integration-test/target/test-dir/MiniOzoneClusterImpl-210d6028-2152-4683-81ff-347b0d29bb13/datanode-2/data/ratis/e4b35638-24dc-4528-8eb7-dcf107c2ac45] INFO  segmented.SegmentedRaftLogWorker (SegmentedRaftLogWorker.java:close(228)) - 306a7a99-f2a5-4f40-b42b-2fc2def08a6a-SegmentedRaftLogWorker:Storage Directory /workdir/hadoop-ozone/integration-test/target/test-dir/MiniOzoneClusterImpl-210d6028-2152-4683-81ff-347b0d29bb13/datanode-2/data/ratis/e4b35638-24dc-4528-8eb7-dcf107c2ac45 close()
2019-09-19 14:21:54,110 [306a7a99-f2a5-4f40-b42b-2fc2def08a6a-SegmentedRaftLogWorker:Storage Directory /workdir/hadoop-ozone/integration-test/target/test-dir/MiniOzoneClusterImpl-210d6028-2152-4683-81ff-347b0d29bb13/datanode-2/data/ratis/64b02d29-fc4e-4776-b786-f51df659a370] INFO  segmented.SegmentedRaftLogWorker (SegmentedRaftLogWorker.java:close(228)) - 306a7a99-f2a5-4f40-b42b-2fc2def08a6a-SegmentedRaftLogWorker:Storage Directory /workdir/hadoop-ozone/integration-test/target/test-dir/MiniOzoneClusterImpl-210d6028-2152-4683-81ff-347b0d29bb13/datanode-2/data/ratis/64b02d29-fc4e-4776-b786-f51df659a370 close()
2019-09-19 14:21:54,169 [RATISCREATEPIPELINE2] ERROR pipeline.RatisPipelineProvider (RatisPipelineProvider.java:lambda$null$2(182)) - Failed invoke Ratis rpc org.apache.hadoop.hdds.scm.pipeline.RatisPipelineProvider$$Lambda$167/58700986@47de5034 for 85c6a9f3-b9a5-43a5-ac4f-9aa7bd5f2263
org.apache.ratis.protocol.TimeoutIOException: deadline exceeded after 2999734021ns
	at org.apache.ratis.grpc.GrpcUtil.tryUnwrapException(GrpcUtil.java:82)
	at org.apache.ratis.grpc.GrpcUtil.unwrapException(GrpcUtil.java:75)
	at org.apache.ratis.grpc.client.GrpcClientProtocolClient.blockingCall(GrpcClientProtocolClient.java:169)
	at org.apache.ratis.grpc.client.GrpcClientProtocolClient.groupAdd(GrpcClientProtocolClient.java:138)
	at org.apache.ratis.grpc.client.GrpcClientRpc.sendRequest(GrpcClientRpc.java:94)
	at org.apache.ratis.client.impl.RaftClientImpl.sendRequest(RaftClientImpl.java:279)
	at org.apache.ratis.client.impl.RaftClientImpl.groupAdd(RaftClientImpl.java:206)
	at org.apache.hadoop.hdds.scm.pipeline.RatisPipelineProvider.lambda$initializePipeline$1(RatisPipelineProvider.java:141)
	at org.apache.hadoop.hdds.scm.pipeline.RatisPipelineProvider.lambda$null$2(RatisPipelineProvider.java:178)
	at java.util.stream.ForEachOps$ForEachOp$OfRef.accept(ForEachOps.java:184)
	at java.util.ArrayList$ArrayListSpliterator.forEachRemaining(ArrayList.java:1382)
	at java.util.stream.AbstractPipeline.copyInto(AbstractPipeline.java:482)
	at java.util.stream.ForEachOps$ForEachTask.compute(ForEachOps.java:291)
	at java.util.concurrent.CountedCompleter.exec(CountedCompleter.java:731)
	at java.util.concurrent.ForkJoinTask.doExec(ForkJoinTask.java:289)
	at java.util.concurrent.ForkJoinTask.doInvoke(ForkJoinTask.java:401)
	at java.util.concurrent.ForkJoinTask.invoke(ForkJoinTask.java:734)
	at java.util.stream.ForEachOps$ForEachOp.evaluateParallel(ForEachOps.java:160)
	at java.util.stream.ForEachOps$ForEachOp$OfRef.evaluateParallel(ForEachOps.java:174)
	at java.util.stream.AbstractPipeline.evaluate(AbstractPipeline.java:233)
	at java.util.stream.ReferencePipeline.forEach(ReferencePipeline.java:418)
	at java.util.stream.ReferencePipeline$Head.forEach(ReferencePipeline.java:583)
	at org.apache.hadoop.hdds.scm.pipeline.RatisPipelineProvider.lambda$callRatisRpc$3(RatisPipelineProvider.java:172)
	at java.util.concurrent.ForkJoinTask$AdaptedRunnableAction.exec(ForkJoinTask.java:1386)
	at java.util.concurrent.ForkJoinTask.doExec(ForkJoinTask.java:289)
	at java.util.concurrent.ForkJoinPool$WorkQueue.runTask(ForkJoinPool.java:1056)
	at java.util.concurrent.ForkJoinPool.runWorker(ForkJoinPool.java:1692)
	at java.util.concurrent.ForkJoinWorkerThread.run(ForkJoinWorkerThread.java:157)
Caused by: org.apache.ratis.thirdparty.io.grpc.StatusRuntimeException: DEADLINE_EXCEEDED: deadline exceeded after 2999734021ns
	at org.apache.ratis.thirdparty.io.grpc.stub.ClientCalls.toStatusRuntimeException(ClientCalls.java:233)
	at org.apache.ratis.thirdparty.io.grpc.stub.ClientCalls.getUnchecked(ClientCalls.java:214)
	at org.apache.ratis.thirdparty.io.grpc.stub.ClientCalls.blockingUnaryCall(ClientCalls.java:139)
	at org.apache.ratis.proto.grpc.AdminProtocolServiceGrpc$AdminProtocolServiceBlockingStub.groupManagement(AdminProtocolServiceGrpc.java:274)
	at org.apache.ratis.grpc.client.GrpcClientProtocolClient.lambda$groupAdd$3(GrpcClientProtocolClient.java:140)
	at org.apache.ratis.grpc.client.GrpcClientProtocolClient.blockingCall(GrpcClientProtocolClient.java:167)
	... 25 more
2019-09-19 14:21:54,109 [306a7a99-f2a5-4f40-b42b-2fc2def08a6a-SegmentedRaftLogWorker:Storage Directory /workdir/hadoop-ozone/integration-test/target/test-dir/MiniOzoneClusterImpl-210d6028-2152-4683-81ff-347b0d29bb13/datanode-2/data/ratis/583aa16b-090b-4825-bde7-e8ec7e2a7d73] INFO  impl.StateMachineUpdater (StateMachineUpdater.java:stopAndJoin(115)) - StateMachineUpdater:306a7a99-f2a5-4f40-b42b-2fc2def08a6a:group-E8EC7E2A7D73: set stopIndex = -1
2019-09-19 14:21:54,100 [306a7a99-f2a5-4f40-b42b-2fc2def08a6a-SegmentedRaftLogWorker:Storage Directory /workdir/hadoop-ozone/integration-test/target/test-dir/MiniOzoneClusterImpl-210d6028-2152-4683-81ff-347b0d29bb13/datanode-2/data/ratis/fff30b6b-3a17-4e1b-a2f3-f7f2e51f902e] INFO  impl.RaftServerImpl (ServerState.java:close(394)) - 306a7a99-f2a5-4f40-b42b-2fc2def08a6a:group-F7F2E51F902E closes. The last applied log index is -1
2019-09-19 14:21:54,100 [6403e584-2209-453b-b79e-eeb0a7b58516-SegmentedRaftLogWorker:Storage Directory /workdir/hadoop-ozone/integration-test/target/test-dir/MiniOzoneClusterImpl-210d6028-2152-4683-81ff-347b0d29bb13/datanode-3/data/ratis/0cbf1d4e-6cdd-4adc-95d8-1f772a09f9d5] INFO  impl.RaftServerImpl (ServerState.java:close(394)) - 6403e584-2209-453b-b79e-eeb0a7b58516:group-1F772A09F9D5 closes. The last applied log index is -1
2019-09-19 14:21:54,100 [306a7a99-f2a5-4f40-b42b-2fc2def08a6a-SegmentedRaftLogWorker:Storage Directory /workdir/hadoop-ozone/integration-test/target/test-dir/MiniOzoneClusterImpl-210d6028-2152-4683-81ff-347b0d29bb13/datanode-2/data/ratis/53429c1a-3d53-4d84-a783-ea67b07f3728] INFO  segmented.SegmentedRaftLogWorker (SegmentedRaftLogWorker.java:close(228)) - 306a7a99-f2a5-4f40-b42b-2fc2def08a6a-SegmentedRaftLogWorker:Storage Directory /workdir/hadoop-ozone/integration-test/target/test-dir/MiniOzoneClusterImpl-210d6028-2152-4683-81ff-347b0d29bb13/datanode-2/data/ratis/53429c1a-3d53-4d84-a783-ea67b07f3728 close()
2019-09-19 14:21:54,173 [6403e584-2209-453b-b79e-eeb0a7b58516-SegmentedRaftLogWorker:Storage Directory /workdir/hadoop-ozone/integration-test/target/test-dir/MiniOzoneClusterImpl-210d6028-2152-4683-81ff-347b0d29bb13/datanode-3/data/ratis/0cbf1d4e-6cdd-4adc-95d8-1f772a09f9d5] INFO  segmented.SegmentedRaftLogWorker (SegmentedRaftLogWorker.java:close(228)) - 6403e584-2209-453b-b79e-eeb0a7b58516-SegmentedRaftLogWorker:Storage Directory /workdir/hadoop-ozone/integration-test/target/test-dir/MiniOzoneClusterImpl-210d6028-2152-4683-81ff-347b0d29bb13/datanode-3/data/ratis/0cbf1d4e-6cdd-4adc-95d8-1f772a09f9d5 close()
2019-09-19 14:21:54,099 [5dfaa0ea-416a-422c-a75d-43311aceb00a-SegmentedRaftLogWorker:Storage Directory /workdir/hadoop-ozone/integration-test/target/test-dir/MiniOzoneClusterImpl-210d6028-2152-4683-81ff-347b0d29bb13/datanode-1/data/ratis/ca787688-e0bf-41a5-853b-5434a5443223] INFO  impl.StateMachineUpdater (StateMachineUpdater.java:stopAndJoin(115)) - StateMachineUpdater:5dfaa0ea-416a-422c-a75d-43311aceb00a:group-5434A5443223: set stopIndex = -1
2019-09-19 14:21:54,174 [5dfaa0ea-416a-422c-a75d-43311aceb00a-SegmentedRaftLogWorker:Storage Directory /workdir/hadoop-ozone/integration-test/target/test-dir/MiniOzoneClusterImpl-210d6028-2152-4683-81ff-347b0d29bb13/datanode-1/data/ratis/ca787688-e0bf-41a5-853b-5434a5443223] INFO  impl.RaftServerImpl (ServerState.java:close(394)) - 5dfaa0ea-416a-422c-a75d-43311aceb00a:group-5434A5443223 closes. The last applied log index is -1
2019-09-19 14:21:54,099 [6403e584-2209-453b-b79e-eeb0a7b58516-SegmentedRaftLogWorker:Storage Directory /workdir/hadoop-ozone/integration-test/target/test-dir/MiniOzoneClusterImpl-210d6028-2152-4683-81ff-347b0d29bb13/datanode-3/data/ratis/b2eb48a8-8afa-4716-9dce-133d6f8d7e88] INFO  segmented.SegmentedRaftLogWorker (SegmentedRaftLogWorker.java:close(228)) - 6403e584-2209-453b-b79e-eeb0a7b58516-SegmentedRaftLogWorker:Storage Directory /workdir/hadoop-ozone/integration-test/target/test-dir/MiniOzoneClusterImpl-210d6028-2152-4683-81ff-347b0d29bb13/datanode-3/data/ratis/b2eb48a8-8afa-4716-9dce-133d6f8d7e88 close()
2019-09-19 14:21:54,099 [306a7a99-f2a5-4f40-b42b-2fc2def08a6a:group-65D6932C1949:LeaderElection171] INFO  server.RaftServerConfigKeys (ConfUtils.java:logGet(43)) - raft.server.watch.element-limit = 65536 (default)
2019-09-19 14:21:54,099 [85c6a9f3-b9a5-43a5-ac4f-9aa7bd5f2263:group-F720BA2B578E:LeaderElection179] INFO  server.RaftServerConfigKeys (ConfUtils.java:logGet(43)) - raft.server.watch.timeout = 10s (default)
2019-09-19 14:21:54,174 [306a7a99-f2a5-4f40-b42b-2fc2def08a6a:group-65D6932C1949:LeaderElection171] INFO  impl.RoleInfo (RoleInfo.java:updateAndGet(143)) - 306a7a99-f2a5-4f40-b42b-2fc2def08a6a: start LeaderState
2019-09-19 14:21:54,099 [6403e584-2209-453b-b79e-eeb0a7b58516:group-8E3F95F61C0C:LeaderElection159] INFO  server.RaftServerConfigKeys (ConfUtils.java:logGet(43)) - raft.server.watch.timeout = 10s (default)
2019-09-19 14:21:54,099 [306a7a99-f2a5-4f40-b42b-2fc2def08a6a:group-A8DD95DF660C:LeaderElection180] INFO  server.RaftServerConfigKeys (ConfUtils.java:logGet(43)) - raft.server.watch.element-limit = 65536 (default)
2019-09-19 14:21:54,098 [6403e584-2209-453b-b79e-eeb0a7b58516:group-8CFE3AF44FFF:LeaderElection191] INFO  server.RaftServerConfigKeys (ConfUtils.java:logGet(43)) - raft.server.write.element-limit = 4096 (default)
2019-09-19 14:21:54,098 [6403e584-2209-453b-b79e-eeb0a7b58516:group-BAE80F1788ED:LeaderElection181] INFO  server.RaftServerConfigKeys (ConfUtils.java:logGet(43)) - raft.server.write.element-limit = 4096 (default)
2019-09-19 14:21:54,098 [306a7a99-f2a5-4f40-b42b-2fc2def08a6a:group-ADCADC9576A0:LeaderElection184] INFO  server.RaftServerConfigKeys (ConfUtils.java:logGet(43)) - raft.server.watch.timeout.denomination = 1s (default)
2019-09-19 14:21:54,098 [5dfaa0ea-416a-422c-a75d-43311aceb00a:group-191F2BF7F7A4:LeaderElection187] INFO  server.RaftServerConfigKeys (ConfUtils.java:logGet(43)) - raft.server.watch.element-limit = 65536 (default)
2019-09-19 14:21:54,098 [306a7a99-f2a5-4f40-b42b-2fc2def08a6a:group-01E49D2CAF0C:LeaderElection183] INFO  server.RaftServerConfigKeys (ConfUtils.java:logGet(43)) - raft.server.watch.timeout = 10s (default)
2019-09-19 14:21:54,097 [6403e584-2209-453b-b79e-eeb0a7b58516:group-8C37E5A08283:LeaderElection167] INFO  server.RaftServerConfigKeys (ConfUtils.java:logGet(43)) - raft.server.watch.element-limit = 65536 (default)
2019-09-19 14:21:54,097 [85c6a9f3-b9a5-43a5-ac4f-9aa7bd5f2263:group-A5C201119BCC:LeaderElection174] INFO  server.RaftServerConfigKeys (ConfUtils.java:logGet(43)) - raft.server.watch.element-limit = 65536 (default)
2019-09-19 14:21:54,097 [6403e584-2209-453b-b79e-eeb0a7b58516:group-09385C648829:LeaderElection160] INFO  server.RaftServerConfigKeys (ConfUtils.java:logGet(43)) - raft.server.watch.timeout.denomination = 1s (default)
2019-09-19 14:21:54,097 [5dfaa0ea-416a-422c-a75d-43311aceb00a:group-D69F920C77B2:LeaderElection186] INFO  server.RaftServerConfigKeys (ConfUtils.java:logGet(43)) - raft.server.watch.timeout.denomination = 1s (default)
2019-09-19 14:21:54,097 [5dfaa0ea-416a-422c-a75d-43311aceb00a:group-B95D7947D5CA:LeaderElection169] INFO  server.RaftServerConfigKeys (ConfUtils.java:logGet(43)) - raft.server.watch.timeout = 10s (default)
2019-09-19 14:21:54,096 [5dfaa0ea-416a-422c-a75d-43311aceb00a:group-D83635899549:LeaderElection158] INFO  server.RaftServerConfigKeys (ConfUtils.java:logGet(43)) - raft.server.watch.element-limit = 65536 (default)
2019-09-19 14:21:54,096 [306a7a99-f2a5-4f40-b42b-2fc2def08a6a:group-AE1E2B007A31:LeaderElection178] INFO  server.RaftServerConfigKeys (ConfUtils.java:logGet(43)) - raft.server.watch.timeout = 10s (default)
2019-09-19 14:21:54,096 [6403e584-2209-453b-b79e-eeb0a7b58516:group-29A035CB2198:LeaderElection189] INFO  server.RaftServerConfigKeys (ConfUtils.java:logGet(43)) - raft.server.write.element-limit = 4096 (default)
2019-09-19 14:21:54,096 [1190b9a7-12b1-4c15-b33e-f7d0a0cd436c:group-9EB942FC9E99:LeaderElection170] INFO  server.RaftServerConfigKeys (ConfUtils.java:logGet(43)) - raft.server.watch.timeout = 10s (default)
2019-09-19 14:21:54,096 [85c6a9f3-b9a5-43a5-ac4f-9aa7bd5f2263:group-8AE81F3D915F:LeaderElection172] INFO  impl.RoleInfo (RoleInfo.java:updateAndGet(143)) - 85c6a9f3-b9a5-43a5-ac4f-9aa7bd5f2263: start LeaderState
2019-09-19 14:21:54,096 [6403e584-2209-453b-b79e-eeb0a7b58516:group-C75F49951D14:LeaderElection176] INFO  server.RaftServerConfigKeys (ConfUtils.java:logGet(43)) - raft.server.watch.element-limit = 65536 (default)
2019-09-19 14:21:54,095 [6403e584-2209-453b-b79e-eeb0a7b58516:group-9D2959E62DA3:LeaderElection182] INFO  server.RaftServerConfigKeys (ConfUtils.java:logGet(43)) - raft.server.watch.timeout = 10s (default)
2019-09-19 14:21:54,178 [6403e584-2209-453b-b79e-eeb0a7b58516:group-9D2959E62DA3:LeaderElection182] INFO  server.RaftServerConfigKeys (ConfUtils.java:logGet(43)) - raft.server.watch.timeout.denomination = 1s (default)
2019-09-19 14:21:54,095 [6403e584-2209-453b-b79e-eeb0a7b58516:group-5908DD2EABEA:LeaderElection173] INFO  server.RaftServerConfigKeys (ConfUtils.java:logGet(43)) - raft.server.watch.element-limit = 65536 (default)
2019-09-19 14:21:54,095 [56d21ab3-8f6d-44ea-b961-c721a1c09246:group-9385F8753A99:LeaderElection161] INFO  server.RaftServerConfigKeys (ConfUtils.java:logGet(43)) - raft.server.watch.timeout.denomination = 1s (default)
2019-09-19 14:21:54,095 [306a7a99-f2a5-4f40-b42b-2fc2def08a6a:group-E31F1645E36D:LeaderElection185] INFO  server.RaftServerConfigKeys (ConfUtils.java:logGet(43)) - raft.server.watch.timeout.denomination = 1s (default)
2019-09-19 14:21:54,095 [1190b9a7-12b1-4c15-b33e-f7d0a0cd436c:group-F9B6CA18EE39:LeaderElection203] INFO  impl.LeaderElection (LeaderElection.java:askForVotes(181)) - 1190b9a7-12b1-4c15-b33e-f7d0a0cd436c:group-F9B6CA18EE39:LeaderElection203: begin an election at term 1 for -1: [1190b9a7-12b1-4c15-b33e-f7d0a0cd436c:192.168.157.226:34463], old=null
2019-09-19 14:21:54,095 [6403e584-2209-453b-b79e-eeb0a7b58516:group-5F7B930D9B26:LeaderElection204] INFO  impl.LeaderElection (LeaderElection.java:askForVotes(181)) - 6403e584-2209-453b-b79e-eeb0a7b58516:group-5F7B930D9B26:LeaderElection204: begin an election at term 1 for -1: [6403e584-2209-453b-b79e-eeb0a7b58516:192.168.157.226:35833], old=null
2019-09-19 14:21:54,095 [306a7a99-f2a5-4f40-b42b-2fc2def08a6a:group-4DCB50BB2008:LeaderElection199] INFO  impl.LeaderElection (LeaderElection.java:askForVotes(181)) - 306a7a99-f2a5-4f40-b42b-2fc2def08a6a:group-4DCB50BB2008:LeaderElection199: begin an election at term 1 for -1: [306a7a99-f2a5-4f40-b42b-2fc2def08a6a:192.168.157.226:42633], old=null
2019-09-19 14:21:54,178 [306a7a99-f2a5-4f40-b42b-2fc2def08a6a:group-4DCB50BB2008:LeaderElection199] INFO  impl.RoleInfo (RoleInfo.java:shutdownLeaderElection(134)) - 306a7a99-f2a5-4f40-b42b-2fc2def08a6a: shutdown LeaderElection
2019-09-19 14:21:54,095 [306a7a99-f2a5-4f40-b42b-2fc2def08a6a:group-7FF1FB5A7764:LeaderElection200] INFO  impl.LeaderElection (LeaderElection.java:askForVotes(181)) - 306a7a99-f2a5-4f40-b42b-2fc2def08a6a:group-7FF1FB5A7764:LeaderElection200: begin an election at term 1 for -1: [306a7a99-f2a5-4f40-b42b-2fc2def08a6a:192.168.157.226:42633], old=null
2019-09-19 14:21:54,095 [85c6a9f3-b9a5-43a5-ac4f-9aa7bd5f2263:group-A1D8461AD66E:LeaderElection202] INFO  impl.LeaderElection (LeaderElection.java:askForVotes(181)) - 85c6a9f3-b9a5-43a5-ac4f-9aa7bd5f2263:group-A1D8461AD66E:LeaderElection202: begin an election at term 1 for -1: [85c6a9f3-b9a5-43a5-ac4f-9aa7bd5f2263:192.168.157.226:45170], old=null
2019-09-19 14:21:54,095 [306a7a99-f2a5-4f40-b42b-2fc2def08a6a:group-5EABEA0C3A9A:LeaderElection205] INFO  impl.LeaderElection (LeaderElection.java:askForVotes(181)) - 306a7a99-f2a5-4f40-b42b-2fc2def08a6a:group-5EABEA0C3A9A:LeaderElection205: begin an election at term 1 for -1: [306a7a99-f2a5-4f40-b42b-2fc2def08a6a:192.168.157.226:42633], old=null
2019-09-19 14:21:54,095 [85c6a9f3-b9a5-43a5-ac4f-9aa7bd5f2263:group-C538689DB8CD:LeaderElection198] INFO  impl.LeaderElection (LeaderElection.java:askForVotes(181)) - 85c6a9f3-b9a5-43a5-ac4f-9aa7bd5f2263:group-C538689DB8CD:LeaderElection198: begin an election at term 1 for -1: [85c6a9f3-b9a5-43a5-ac4f-9aa7bd5f2263:192.168.157.226:45170], old=null
2019-09-19 14:21:54,179 [85c6a9f3-b9a5-43a5-ac4f-9aa7bd5f2263:group-C538689DB8CD:LeaderElection198] INFO  impl.RoleInfo (RoleInfo.java:shutdownLeaderElection(134)) - 85c6a9f3-b9a5-43a5-ac4f-9aa7bd5f2263: shutdown LeaderElection
2019-09-19 14:21:54,095 [85c6a9f3-b9a5-43a5-ac4f-9aa7bd5f2263:group-1E959A581BC4:LeaderElection197] INFO  impl.LeaderElection (LeaderElection.java:askForVotes(181)) - 85c6a9f3-b9a5-43a5-ac4f-9aa7bd5f2263:group-1E959A581BC4:LeaderElection197: begin an election at term 1 for -1: [85c6a9f3-b9a5-43a5-ac4f-9aa7bd5f2263:192.168.157.226:45170], old=null
2019-09-19 14:21:54,095 [306a7a99-f2a5-4f40-b42b-2fc2def08a6a:group-A981E405D304:LeaderElection201] INFO  impl.LeaderElection (LeaderElection.java:askForVotes(181)) - 306a7a99-f2a5-4f40-b42b-2fc2def08a6a:group-A981E405D304:LeaderElection201: begin an election at term 1 for -1: [306a7a99-f2a5-4f40-b42b-2fc2def08a6a:192.168.157.226:42633], old=null
2019-09-19 14:21:54,179 [306a7a99-f2a5-4f40-b42b-2fc2def08a6a:group-A981E405D304:LeaderElection201] INFO  impl.RoleInfo (RoleInfo.java:shutdownLeaderElection(134)) - 306a7a99-f2a5-4f40-b42b-2fc2def08a6a: shutdown LeaderElection
2019-09-19 14:21:54,095 [6403e584-2209-453b-b79e-eeb0a7b58516:group-B8762AF75437:LeaderElection188] INFO  server.RaftServerConfigKeys (ConfUtils.java:logGet(43)) - raft.server.watch.timeout.denomination = 1s (default)
2019-09-19 14:21:54,095 [pool-27-thread-1] INFO  storage.RaftStorageDirectory (RaftStorageDirectory.java:tryLock(328)) - Lock on /workdir/hadoop-ozone/integration-test/target/test-dir/MiniOzoneClusterImpl-210d6028-2152-4683-81ff-347b0d29bb13/datanode-0/data/ratis/ed7ccb91-f33d-461f-8fcc-c123bbc42c4f/in_use.lock acquired by nodename 16198@pr-hdds-1569-swxfz-3172132826
2019-09-19 14:21:54,094 [306a7a99-f2a5-4f40-b42b-2fc2def08a6a:group-77668966BA62:LeaderElection190] INFO  server.RaftServerConfigKeys (ConfUtils.java:logGet(43)) - raft.server.watch.timeout = 10s (default)
2019-09-19 14:21:54,094 [6403e584-2209-453b-b79e-eeb0a7b58516:group-8077D3FCDC3D:LeaderElection193] INFO  server.RaftServerConfigKeys (ConfUtils.java:logGet(43)) - raft.server.watch.timeout = 10s (default)
2019-09-19 14:21:54,094 [1190b9a7-12b1-4c15-b33e-f7d0a0cd436c:group-3A426B0EB8F6:LeaderElection177] INFO  server.RaftServerConfigKeys (ConfUtils.java:logGet(43)) - raft.server.watch.timeout = 10s (default)
2019-09-19 14:21:54,094 [5dfaa0ea-416a-422c-a75d-43311aceb00a:group-8EE30092736F:LeaderElection192] INFO  server.RaftServerConfigKeys (ConfUtils.java:logGet(43)) - raft.server.write.element-limit = 4096 (default)
2019-09-19 14:21:54,094 [6403e584-2209-453b-b79e-eeb0a7b58516:group-0D5E299A7331:LeaderElection194] INFO  server.RaftServerConfigKeys (ConfUtils.java:logGet(43)) - raft.server.watch.element-limit = 65536 (default)
2019-09-19 14:21:54,094 [5dfaa0ea-416a-422c-a75d-43311aceb00a:group-230E763C684C:LeaderElection175] INFO  server.RaftServerConfigKeys (ConfUtils.java:logGet(43)) - raft.server.watch.timeout.denomination = 1s (default)
2019-09-19 14:21:54,094 [5dfaa0ea-416a-422c-a75d-43311aceb00a:group-2D13F68C8B1A:LeaderElection195] INFO  server.RaftServerConfigKeys (ConfUtils.java:logGet(43)) - raft.server.watch.timeout = 10s (default)
2019-09-19 14:21:54,094 [5dfaa0ea-416a-422c-a75d-43311aceb00a:group-7F2AB031CC89:LeaderElection168] INFO  server.RaftServerConfigKeys (ConfUtils.java:logGet(43)) - raft.server.watch.element-limit = 65536 (default)
2019-09-19 14:21:54,093 [5dfaa0ea-416a-422c-a75d-43311aceb00a:group-9F8238B9215E:LeaderElection196] INFO  server.RaftServerConfigKeys (ConfUtils.java:logGet(43)) - raft.server.watch.element-limit = 65536 (default)
2019-09-19 14:21:54,093 [306a7a99-f2a5-4f40-b42b-2fc2def08a6a:group-BA6B5495B088:LeaderElection150] INFO  server.RaftServerConfigKeys (ConfUtils.java:logGet(43)) - raft.server.watch.timeout.denomination = 1s (default)
2019-09-19 14:21:54,181 [5dfaa0ea-416a-422c-a75d-43311aceb00a:group-9F8238B9215E:LeaderElection196] INFO  impl.RoleInfo (RoleInfo.java:updateAndGet(143)) - 5dfaa0ea-416a-422c-a75d-43311aceb00a: start LeaderState
2019-09-19 14:21:54,181 [5dfaa0ea-416a-422c-a75d-43311aceb00a:group-7F2AB031CC89:LeaderElection168] INFO  impl.RoleInfo (RoleInfo.java:updateAndGet(143)) - 5dfaa0ea-416a-422c-a75d-43311aceb00a: start LeaderState
2019-09-19 14:21:54,181 [5dfaa0ea-416a-422c-a75d-43311aceb00a:group-2D13F68C8B1A:LeaderElection195] INFO  server.RaftServerConfigKeys (ConfUtils.java:logGet(43)) - raft.server.watch.timeout.denomination = 1s (default)
2019-09-19 14:21:54,181 [5dfaa0ea-416a-422c-a75d-43311aceb00a:group-230E763C684C:LeaderElection175] INFO  server.RaftServerConfigKeys (ConfUtils.java:logGet(43)) - raft.server.watch.element-limit = 65536 (default)
2019-09-19 14:21:54,181 [6403e584-2209-453b-b79e-eeb0a7b58516:group-0D5E299A7331:LeaderElection194] INFO  impl.RoleInfo (RoleInfo.java:updateAndGet(143)) - 6403e584-2209-453b-b79e-eeb0a7b58516: start LeaderState
2019-09-19 14:21:54,181 [5dfaa0ea-416a-422c-a75d-43311aceb00a:group-8EE30092736F:LeaderElection192] INFO  server.RaftServerConfigKeys (ConfUtils.java:logGet(43)) - raft.server.watch.timeout = 10s (default)
2019-09-19 14:21:54,182 [5dfaa0ea-416a-422c-a75d-43311aceb00a:group-8EE30092736F:LeaderElection192] INFO  server.RaftServerConfigKeys (ConfUtils.java:logGet(43)) - raft.server.watch.timeout.denomination = 1s (default)
2019-09-19 14:21:54,180 [1190b9a7-12b1-4c15-b33e-f7d0a0cd436c:group-3A426B0EB8F6:LeaderElection177] INFO  server.RaftServerConfigKeys (ConfUtils.java:logGet(43)) - raft.server.watch.timeout.denomination = 1s (default)
2019-09-19 14:21:54,180 [6403e584-2209-453b-b79e-eeb0a7b58516:group-8077D3FCDC3D:LeaderElection193] INFO  server.RaftServerConfigKeys (ConfUtils.java:logGet(43)) - raft.server.watch.timeout.denomination = 1s (default)
2019-09-19 14:21:54,180 [306a7a99-f2a5-4f40-b42b-2fc2def08a6a:group-77668966BA62:LeaderElection190] INFO  server.RaftServerConfigKeys (ConfUtils.java:logGet(43)) - raft.server.watch.timeout.denomination = 1s (default)
2019-09-19 14:21:54,180 [6403e584-2209-453b-b79e-eeb0a7b58516:group-B8762AF75437:LeaderElection188] INFO  server.RaftServerConfigKeys (ConfUtils.java:logGet(43)) - raft.server.watch.element-limit = 65536 (default)
2019-09-19 14:21:54,180 [306a7a99-f2a5-4f40-b42b-2fc2def08a6a:group-A981E405D304:LeaderElection201] INFO  impl.RaftServerImpl (RaftServerImpl.java:setRole(171)) - 306a7a99-f2a5-4f40-b42b-2fc2def08a6a:group-A981E405D304 changes role from CANDIDATE to LEADER at term 1 for changeToLeader
2019-09-19 14:21:54,183 [306a7a99-f2a5-4f40-b42b-2fc2def08a6a:group-A981E405D304:LeaderElection201] INFO  impl.RaftServerImpl (ServerState.java:setLeader(263)) - 306a7a99-f2a5-4f40-b42b-2fc2def08a6a:group-A981E405D304 change Leader from null to 306a7a99-f2a5-4f40-b42b-2fc2def08a6a at term 1 for becomeLeader, leader elected after 8180ms
2019-09-19 14:21:54,179 [85c6a9f3-b9a5-43a5-ac4f-9aa7bd5f2263:group-1E959A581BC4:LeaderElection197] INFO  impl.RoleInfo (RoleInfo.java:shutdownLeaderElection(134)) - 85c6a9f3-b9a5-43a5-ac4f-9aa7bd5f2263: shutdown LeaderElection
2019-09-19 14:21:54,183 [85c6a9f3-b9a5-43a5-ac4f-9aa7bd5f2263:group-1E959A581BC4:LeaderElection197] INFO  impl.RaftServerImpl (RaftServerImpl.java:setRole(171)) - 85c6a9f3-b9a5-43a5-ac4f-9aa7bd5f2263:group-1E959A581BC4 changes role from CANDIDATE to LEADER at term 1 for changeToLeader
2019-09-19 14:21:54,179 [85c6a9f3-b9a5-43a5-ac4f-9aa7bd5f2263:group-C538689DB8CD:LeaderElection198] INFO  impl.RaftServerImpl (RaftServerImpl.java:setRole(171)) - 85c6a9f3-b9a5-43a5-ac4f-9aa7bd5f2263:group-C538689DB8CD changes role from CANDIDATE to LEADER at term 1 for changeToLeader
2019-09-19 14:21:54,179 [306a7a99-f2a5-4f40-b42b-2fc2def08a6a:group-5EABEA0C3A9A:LeaderElection205] INFO  impl.RoleInfo (RoleInfo.java:shutdownLeaderElection(134)) - 306a7a99-f2a5-4f40-b42b-2fc2def08a6a: shutdown LeaderElection
2019-09-19 14:21:54,179 [85c6a9f3-b9a5-43a5-ac4f-9aa7bd5f2263:group-A1D8461AD66E:LeaderElection202] INFO  impl.RoleInfo (RoleInfo.java:shutdownLeaderElection(134)) - 85c6a9f3-b9a5-43a5-ac4f-9aa7bd5f2263: shutdown LeaderElection
2019-09-19 14:21:54,184 [85c6a9f3-b9a5-43a5-ac4f-9aa7bd5f2263:group-A1D8461AD66E:LeaderElection202] INFO  impl.RaftServerImpl (RaftServerImpl.java:setRole(171)) - 85c6a9f3-b9a5-43a5-ac4f-9aa7bd5f2263:group-A1D8461AD66E changes role from CANDIDATE to LEADER at term 1 for changeToLeader
2019-09-19 14:21:54,179 [306a7a99-f2a5-4f40-b42b-2fc2def08a6a:group-7FF1FB5A7764:LeaderElection200] INFO  impl.RoleInfo (RoleInfo.java:shutdownLeaderElection(134)) - 306a7a99-f2a5-4f40-b42b-2fc2def08a6a: shutdown LeaderElection
2019-09-19 14:21:54,179 [306a7a99-f2a5-4f40-b42b-2fc2def08a6a:group-4DCB50BB2008:LeaderElection199] INFO  impl.RaftServerImpl (RaftServerImpl.java:setRole(171)) - 306a7a99-f2a5-4f40-b42b-2fc2def08a6a:group-4DCB50BB2008 changes role from CANDIDATE to LEADER at term 1 for changeToLeader
2019-09-19 14:21:54,184 [306a7a99-f2a5-4f40-b42b-2fc2def08a6a:group-4DCB50BB2008:LeaderElection199] INFO  impl.RaftServerImpl (ServerState.java:setLeader(263)) - 306a7a99-f2a5-4f40-b42b-2fc2def08a6a:group-4DCB50BB2008 change Leader from null to 306a7a99-f2a5-4f40-b42b-2fc2def08a6a at term 1 for becomeLeader, leader elected after 13953ms
2019-09-19 14:21:54,178 [6403e584-2209-453b-b79e-eeb0a7b58516:group-5F7B930D9B26:LeaderElection204] INFO  impl.RoleInfo (RoleInfo.java:shutdownLeaderElection(134)) - 6403e584-2209-453b-b79e-eeb0a7b58516: shutdown LeaderElection
2019-09-19 14:21:54,178 [1190b9a7-12b1-4c15-b33e-f7d0a0cd436c:group-F9B6CA18EE39:LeaderElection203] INFO  impl.RoleInfo (RoleInfo.java:shutdownLeaderElection(134)) - 1190b9a7-12b1-4c15-b33e-f7d0a0cd436c: shutdown LeaderElection
2019-09-19 14:21:54,184 [1190b9a7-12b1-4c15-b33e-f7d0a0cd436c:group-F9B6CA18EE39:LeaderElection203] INFO  impl.RaftServerImpl (RaftServerImpl.java:setRole(171)) - 1190b9a7-12b1-4c15-b33e-f7d0a0cd436c:group-F9B6CA18EE39 changes role from CANDIDATE to LEADER at term 1 for changeToLeader
2019-09-19 14:21:54,178 [306a7a99-f2a5-4f40-b42b-2fc2def08a6a:group-E31F1645E36D:LeaderElection185] INFO  server.RaftServerConfigKeys (ConfUtils.java:logGet(43)) - raft.server.watch.element-limit = 65536 (default)
2019-09-19 14:21:54,178 [56d21ab3-8f6d-44ea-b961-c721a1c09246:group-9385F8753A99:LeaderElection161] INFO  server.RaftServerConfigKeys (ConfUtils.java:logGet(43)) - raft.server.watch.element-limit = 65536 (default)
2019-09-19 14:21:54,178 [6403e584-2209-453b-b79e-eeb0a7b58516:group-5908DD2EABEA:LeaderElection173] INFO  impl.RoleInfo (RoleInfo.java:updateAndGet(143)) - 6403e584-2209-453b-b79e-eeb0a7b58516: start LeaderState
2019-09-19 14:21:54,178 [6403e584-2209-453b-b79e-eeb0a7b58516:group-9D2959E62DA3:LeaderElection182] INFO  server.RaftServerConfigKeys (ConfUtils.java:logGet(43)) - raft.server.watch.element-limit = 65536 (default)
2019-09-19 14:21:54,177 [6403e584-2209-453b-b79e-eeb0a7b58516:group-C75F49951D14:LeaderElection176] INFO  impl.RoleInfo (RoleInfo.java:updateAndGet(143)) - 6403e584-2209-453b-b79e-eeb0a7b58516: start LeaderState
2019-09-19 14:21:54,177 [85c6a9f3-b9a5-43a5-ac4f-9aa7bd5f2263:group-8AE81F3D915F:LeaderElection172] INFO  segmented.SegmentedRaftLogWorker (SegmentedRaftLogWorker.java:startLogSegment(380)) - 85c6a9f3-b9a5-43a5-ac4f-9aa7bd5f2263-SegmentedRaftLogWorker:Storage Directory /workdir/hadoop-ozone/integration-test/target/test-dir/MiniOzoneClusterImpl-210d6028-2152-4683-81ff-347b0d29bb13/datanode-0/data/ratis/15d695d4-435b-4c1e-870e-8ae81f3d915f: Starting segment from index:0
2019-09-19 14:21:54,177 [1190b9a7-12b1-4c15-b33e-f7d0a0cd436c:group-9EB942FC9E99:LeaderElection170] INFO  server.RaftServerConfigKeys (ConfUtils.java:logGet(43)) - raft.server.watch.timeout.denomination = 1s (default)
2019-09-19 14:21:54,186 [1190b9a7-12b1-4c15-b33e-f7d0a0cd436c:group-9EB942FC9E99:LeaderElection170] INFO  server.RaftServerConfigKeys (ConfUtils.java:logGet(43)) - raft.server.watch.element-limit = 65536 (default)
2019-09-19 14:21:54,177 [6403e584-2209-453b-b79e-eeb0a7b58516:group-29A035CB2198:LeaderElection189] INFO  server.RaftServerConfigKeys (ConfUtils.java:logGet(43)) - raft.server.watch.timeout = 10s (default)
2019-09-19 14:21:54,177 [306a7a99-f2a5-4f40-b42b-2fc2def08a6a:group-AE1E2B007A31:LeaderElection178] INFO  server.RaftServerConfigKeys (ConfUtils.java:logGet(43)) - raft.server.watch.timeout.denomination = 1s (default)
2019-09-19 14:21:54,177 [5dfaa0ea-416a-422c-a75d-43311aceb00a:group-D83635899549:LeaderElection158] INFO  impl.RoleInfo (RoleInfo.java:updateAndGet(143)) - 5dfaa0ea-416a-422c-a75d-43311aceb00a: start LeaderState
2019-09-19 14:21:54,176 [5dfaa0ea-416a-422c-a75d-43311aceb00a:group-B95D7947D5CA:LeaderElection169] INFO  server.RaftServerConfigKeys (ConfUtils.java:logGet(43)) - raft.server.watch.timeout.denomination = 1s (default)
2019-09-19 14:21:54,462 [5dfaa0ea-416a-422c-a75d-43311aceb00a:group-D83635899549:LeaderElection158] INFO  segmented.SegmentedRaftLogWorker (SegmentedRaftLogWorker.java:startLogSegment(380)) - 5dfaa0ea-416a-422c-a75d-43311aceb00a-SegmentedRaftLogWorker:Storage Directory /workdir/hadoop-ozone/integration-test/target/test-dir/MiniOzoneClusterImpl-210d6028-2152-4683-81ff-347b0d29bb13/datanode-1/data/ratis/574d4bd5-bfdd-4088-bd5e-d83635899549: Starting segment from index:0
2019-09-19 14:21:54,176 [5dfaa0ea-416a-422c-a75d-43311aceb00a:group-D69F920C77B2:LeaderElection186] INFO  server.RaftServerConfigKeys (ConfUtils.java:logGet(43)) - raft.server.watch.element-limit = 65536 (default)
2019-09-19 14:21:54,176 [6403e584-2209-453b-b79e-eeb0a7b58516:group-09385C648829:LeaderElection160] INFO  server.RaftServerConfigKeys (ConfUtils.java:logGet(43)) - raft.server.watch.element-limit = 65536 (default)
2019-09-19 14:21:54,463 [5dfaa0ea-416a-422c-a75d-43311aceb00a:group-D69F920C77B2:LeaderElection186] INFO  impl.RoleInfo (RoleInfo.java:updateAndGet(143)) - 5dfaa0ea-416a-422c-a75d-43311aceb00a: start LeaderState
2019-09-19 14:21:54,176 [85c6a9f3-b9a5-43a5-ac4f-9aa7bd5f2263:group-A5C201119BCC:LeaderElection174] INFO  impl.RoleInfo (RoleInfo.java:updateAndGet(143)) - 85c6a9f3-b9a5-43a5-ac4f-9aa7bd5f2263: start LeaderState
2019-09-19 14:21:54,176 [6403e584-2209-453b-b79e-eeb0a7b58516:group-8C37E5A08283:LeaderElection167] INFO  impl.RoleInfo (RoleInfo.java:updateAndGet(143)) - 6403e584-2209-453b-b79e-eeb0a7b58516: start LeaderState
2019-09-19 14:21:54,176 [306a7a99-f2a5-4f40-b42b-2fc2def08a6a:group-01E49D2CAF0C:LeaderElection183] INFO  server.RaftServerConfigKeys (ConfUtils.java:logGet(43)) - raft.server.watch.timeout.denomination = 1s (default)
2019-09-19 14:21:54,706 [6403e584-2209-453b-b79e-eeb0a7b58516:group-8C37E5A08283:LeaderElection167] INFO  segmented.SegmentedRaftLogWorker (SegmentedRaftLogWorker.java:startLogSegment(380)) - 6403e584-2209-453b-b79e-eeb0a7b58516-SegmentedRaftLogWorker:Storage Directory /workdir/hadoop-ozone/integration-test/target/test-dir/MiniOzoneClusterImpl-210d6028-2152-4683-81ff-347b0d29bb13/datanode-3/data/ratis/fb28e6d0-c737-4d0c-89a9-8c37e5a08283: Starting segment from index:0
2019-09-19 14:21:54,175 [5dfaa0ea-416a-422c-a75d-43311aceb00a:group-191F2BF7F7A4:LeaderElection187] INFO  impl.RoleInfo (RoleInfo.java:updateAndGet(143)) - 5dfaa0ea-416a-422c-a75d-43311aceb00a: start LeaderState
2019-09-19 14:21:54,175 [306a7a99-f2a5-4f40-b42b-2fc2def08a6a:group-ADCADC9576A0:LeaderElection184] INFO  server.RaftServerConfigKeys (ConfUtils.java:logGet(43)) - raft.server.watch.element-limit = 65536 (default)
2019-09-19 14:21:54,175 [6403e584-2209-453b-b79e-eeb0a7b58516:group-BAE80F1788ED:LeaderElection181] INFO  server.RaftServerConfigKeys (ConfUtils.java:logGet(43)) - raft.server.watch.timeout = 10s (default)
2019-09-19 14:21:54,175 [6403e584-2209-453b-b79e-eeb0a7b58516:group-8CFE3AF44FFF:LeaderElection191] INFO  server.RaftServerConfigKeys (ConfUtils.java:logGet(43)) - raft.server.watch.timeout = 10s (default)
2019-09-19 14:21:54,175 [306a7a99-f2a5-4f40-b42b-2fc2def08a6a:group-A8DD95DF660C:LeaderElection180] INFO  impl.RoleInfo (RoleInfo.java:updateAndGet(143)) - 306a7a99-f2a5-4f40-b42b-2fc2def08a6a: start LeaderState
2019-09-19 14:21:54,175 [6403e584-2209-453b-b79e-eeb0a7b58516:group-8E3F95F61C0C:LeaderElection159] INFO  server.RaftServerConfigKeys (ConfUtils.java:logGet(43)) - raft.server.watch.timeout.denomination = 1s (default)
2019-09-19 14:21:54,939 [306a7a99-f2a5-4f40-b42b-2fc2def08a6a:group-A8DD95DF660C:LeaderElection180] INFO  segmented.SegmentedRaftLogWorker (SegmentedRaftLogWorker.java:startLogSegment(380)) - 306a7a99-f2a5-4f40-b42b-2fc2def08a6a-SegmentedRaftLogWorker:Storage Directory /workdir/hadoop-ozone/integration-test/target/test-dir/MiniOzoneClusterImpl-210d6028-2152-4683-81ff-347b0d29bb13/datanode-2/data/ratis/a0f230a9-2c48-4665-8534-a8dd95df660c: Starting segment from index:0
2019-09-19 14:21:54,175 [306a7a99-f2a5-4f40-b42b-2fc2def08a6a:group-65D6932C1949:LeaderElection171] INFO  segmented.SegmentedRaftLogWorker (SegmentedRaftLogWorker.java:startLogSegment(380)) - 306a7a99-f2a5-4f40-b42b-2fc2def08a6a-SegmentedRaftLogWorker:Storage Directory /workdir/hadoop-ozone/integration-test/target/test-dir/MiniOzoneClusterImpl-210d6028-2152-4683-81ff-347b0d29bb13/datanode-2/data/ratis/1ff81542-9a7f-4be5-9739-65d6932c1949: Starting segment from index:0
2019-09-19 14:21:54,174 [85c6a9f3-b9a5-43a5-ac4f-9aa7bd5f2263:group-F720BA2B578E:LeaderElection179] INFO  server.RaftServerConfigKeys (ConfUtils.java:logGet(43)) - raft.server.watch.timeout.denomination = 1s (default)
2019-09-19 14:21:54,939 | INFO  | SCMAudit | user=jenkins1000 | ip=192.168.157.226 | op=SEND_HEARTBEAT {datanodeUUID=1190b9a7-12b1-4c15-b33e-f7d0a0cd436c, command=[]} | ret=SUCCESS |  
2019-09-19 14:21:54,939 | INFO  | SCMAudit | user=jenkins1000 | ip=192.168.157.226 | op=SEND_HEARTBEAT {datanodeUUID=85c6a9f3-b9a5-43a5-ac4f-9aa7bd5f2263, command=[]} | ret=SUCCESS |  
2019-09-19 14:21:54,939 | INFO  | SCMAudit | user=jenkins1000 | ip=192.168.157.226 | op=SEND_HEARTBEAT {datanodeUUID=306a7a99-f2a5-4f40-b42b-2fc2def08a6a, command=[]} | ret=SUCCESS |  
2019-09-19 14:21:54,174 [5dfaa0ea-416a-422c-a75d-43311aceb00a-SegmentedRaftLogWorker:Storage Directory /workdir/hadoop-ozone/integration-test/target/test-dir/MiniOzoneClusterImpl-210d6028-2152-4683-81ff-347b0d29bb13/datanode-1/data/ratis/ca787688-e0bf-41a5-853b-5434a5443223] INFO  segmented.SegmentedRaftLogWorker (SegmentedRaftLogWorker.java:close(228)) - 5dfaa0ea-416a-422c-a75d-43311aceb00a-SegmentedRaftLogWorker:Storage Directory /workdir/hadoop-ozone/integration-test/target/test-dir/MiniOzoneClusterImpl-210d6028-2152-4683-81ff-347b0d29bb13/datanode-1/data/ratis/ca787688-e0bf-41a5-853b-5434a5443223 close()
2019-09-19 14:21:54,939 | INFO  | SCMAudit | user=jenkins1000 | ip=192.168.157.226 | op=SEND_HEARTBEAT {datanodeUUID=5dfaa0ea-416a-422c-a75d-43311aceb00a, command=[]} | ret=SUCCESS |  
2019-09-19 14:21:54,939 | INFO  | SCMAudit | user=jenkins1000 | ip=192.168.157.226 | op=SEND_HEARTBEAT {datanodeUUID=56d21ab3-8f6d-44ea-b961-c721a1c09246, command=[]} | ret=SUCCESS |  
2019-09-19 14:21:54,939 | INFO  | SCMAudit | user=jenkins1000 | ip=192.168.157.226 | op=SEND_HEARTBEAT {datanodeUUID=431517c4-8c09-4790-b37b-2e132c8143ad, command=[]} | ret=SUCCESS |  
2019-09-19 14:21:54,173 [306a7a99-f2a5-4f40-b42b-2fc2def08a6a-SegmentedRaftLogWorker:Storage Directory /workdir/hadoop-ozone/integration-test/target/test-dir/MiniOzoneClusterImpl-210d6028-2152-4683-81ff-347b0d29bb13/datanode-2/data/ratis/fff30b6b-3a17-4e1b-a2f3-f7f2e51f902e] INFO  segmented.SegmentedRaftLogWorker (SegmentedRaftLogWorker.java:close(228)) - 306a7a99-f2a5-4f40-b42b-2fc2def08a6a-SegmentedRaftLogWorker:Storage Directory /workdir/hadoop-ozone/integration-test/target/test-dir/MiniOzoneClusterImpl-210d6028-2152-4683-81ff-347b0d29bb13/datanode-2/data/ratis/fff30b6b-3a17-4e1b-a2f3-f7f2e51f902e close()
2019-09-19 14:21:54,173 [306a7a99-f2a5-4f40-b42b-2fc2def08a6a-SegmentedRaftLogWorker:Storage Directory /workdir/hadoop-ozone/integration-test/target/test-dir/MiniOzoneClusterImpl-210d6028-2152-4683-81ff-347b0d29bb13/datanode-2/data/ratis/583aa16b-090b-4825-bde7-e8ec7e2a7d73] INFO  impl.RaftServerImpl (ServerState.java:close(394)) - 306a7a99-f2a5-4f40-b42b-2fc2def08a6a:group-E8EC7E2A7D73 closes. The last applied log index is -1
2019-09-19 14:21:54,173 [RatisPipelineUtilsThread] ERROR pipeline.SCMPipelineManager (SCMPipelineManager.java:createPipeline(161)) - Pipeline creation failed due to exception: Failed invoke Ratis rpc org.apache.hadoop.hdds.scm.pipeline.RatisPipelineProvider$$Lambda$167/58700986@47de5034 for 85c6a9f3-b9a5-43a5-ac4f-9aa7bd5f2263
2019-09-19 14:21:55,397 [306a7a99-f2a5-4f40-b42b-2fc2def08a6a-SegmentedRaftLogWorker:Storage Directory /workdir/hadoop-ozone/integration-test/target/test-dir/MiniOzoneClusterImpl-210d6028-2152-4683-81ff-347b0d29bb13/datanode-2/data/ratis/583aa16b-090b-4825-bde7-e8ec7e2a7d73] INFO  segmented.SegmentedRaftLogWorker (SegmentedRaftLogWorker.java:close(228)) - 306a7a99-f2a5-4f40-b42b-2fc2def08a6a-SegmentedRaftLogWorker:Storage Directory /workdir/hadoop-ozone/integration-test/target/test-dir/MiniOzoneClusterImpl-210d6028-2152-4683-81ff-347b0d29bb13/datanode-2/data/ratis/583aa16b-090b-4825-bde7-e8ec7e2a7d73 close()
2019-09-19 14:21:54,139 [306a7a99-f2a5-4f40-b42b-2fc2def08a6a-SegmentedRaftLogWorker:Storage Directory /workdir/hadoop-ozone/integration-test/target/test-dir/MiniOzoneClusterImpl-210d6028-2152-4683-81ff-347b0d29bb13/datanode-2/data/ratis/e08f1762-4eca-4bad-a825-5b7ddbc4a4ba] INFO  segmented.SegmentedRaftLogWorker (SegmentedRaftLogWorker.java:close(228)) - 306a7a99-f2a5-4f40-b42b-2fc2def08a6a-SegmentedRaftLogWorker:Storage Directory /workdir/hadoop-ozone/integration-test/target/test-dir/MiniOzoneClusterImpl-210d6028-2152-4683-81ff-347b0d29bb13/datanode-2/data/ratis/e08f1762-4eca-4bad-a825-5b7ddbc4a4ba close()
2019-09-19 14:21:54,139 [5dfaa0ea-416a-422c-a75d-43311aceb00a-SegmentedRaftLogWorker:Storage Directory /workdir/hadoop-ozone/integration-test/target/test-dir/MiniOzoneClusterImpl-210d6028-2152-4683-81ff-347b0d29bb13/datanode-1/data/ratis/3f439a97-5dea-4a18-9b4c-8272ba0ec9b5] INFO  segmented.SegmentedRaftLogWorker (SegmentedRaftLogWorker.java:close(228)) - 5dfaa0ea-416a-422c-a75d-43311aceb00a-SegmentedRaftLogWorker:Storage Directory /workdir/hadoop-ozone/integration-test/target/test-dir/MiniOzoneClusterImpl-210d6028-2152-4683-81ff-347b0d29bb13/datanode-1/data/ratis/3f439a97-5dea-4a18-9b4c-8272ba0ec9b5 close()
2019-09-19 14:21:55,398 | INFO  | SCMAudit | user=jenkins1000 | ip=192.168.157.226 | op=SEND_HEARTBEAT {datanodeUUID=6403e584-2209-453b-b79e-eeb0a7b58516, command=[]} | ret=SUCCESS |  
2019-09-19 14:21:54,136 [grpc-default-executor-3] INFO  impl.FollowerInfo (FollowerInfo.java:lambda$new$0(50)) - 85c6a9f3-b9a5-43a5-ac4f-9aa7bd5f2263->306a7a99-f2a5-4f40-b42b-2fc2def08a6a: nextIndex: updateUnconditionally 1 -> 0
2019-09-19 14:21:54,136 [grpc-default-executor-1] INFO  impl.FollowerInfo (FollowerInfo.java:lambda$new$0(50)) - 85c6a9f3-b9a5-43a5-ac4f-9aa7bd5f2263->6403e584-2209-453b-b79e-eeb0a7b58516: nextIndex: updateUnconditionally 1 -> 0
2019-09-19 14:21:54,136 [85c6a9f3-b9a5-43a5-ac4f-9aa7bd5f2263-SegmentedRaftLogWorker:Storage Directory /workdir/hadoop-ozone/integration-test/target/test-dir/MiniOzoneClusterImpl-210d6028-2152-4683-81ff-347b0d29bb13/datanode-0/data/ratis/178a1340-e2ff-41f4-9f5a-28b9763af9c6] INFO  impl.StateMachineUpdater (StateMachineUpdater.java:stopAndJoin(115)) - StateMachineUpdater:85c6a9f3-b9a5-43a5-ac4f-9aa7bd5f2263:group-28B9763AF9C6: set stopIndex = -1
2019-09-19 14:21:55,398 [85c6a9f3-b9a5-43a5-ac4f-9aa7bd5f2263-SegmentedRaftLogWorker:Storage Directory /workdir/hadoop-ozone/integration-test/target/test-dir/MiniOzoneClusterImpl-210d6028-2152-4683-81ff-347b0d29bb13/datanode-0/data/ratis/178a1340-e2ff-41f4-9f5a-28b9763af9c6] INFO  impl.RaftServerImpl (ServerState.java:close(394)) - 85c6a9f3-b9a5-43a5-ac4f-9aa7bd5f2263:group-28B9763AF9C6 closes. The last applied log index is -1
2019-09-19 14:21:54,939 [306a7a99-f2a5-4f40-b42b-2fc2def08a6a:group-65D6932C1949:LeaderElection171] INFO  impl.RaftServerImpl (ServerState.java:setRaftConf(361)) - 306a7a99-f2a5-4f40-b42b-2fc2def08a6a:group-65D6932C1949 set configuration 0: [306a7a99-f2a5-4f40-b42b-2fc2def08a6a:192.168.157.226:42633], old=null at 0
2019-09-19 14:21:54,939 [306a7a99-f2a5-4f40-b42b-2fc2def08a6a:group-A8DD95DF660C:LeaderElection180] INFO  impl.RaftServerImpl (ServerState.java:setRaftConf(361)) - 306a7a99-f2a5-4f40-b42b-2fc2def08a6a:group-A8DD95DF660C set configuration 0: [306a7a99-f2a5-4f40-b42b-2fc2def08a6a:192.168.157.226:42633], old=null at 0
2019-09-19 14:21:54,939 [85c6a9f3-b9a5-43a5-ac4f-9aa7bd5f2263:group-F720BA2B578E:LeaderElection179] INFO  server.RaftServerConfigKeys (ConfUtils.java:logGet(43)) - raft.server.watch.element-limit = 65536 (default)
2019-09-19 14:21:54,939 [6403e584-2209-453b-b79e-eeb0a7b58516:group-8E3F95F61C0C:LeaderElection159] INFO  server.RaftServerConfigKeys (ConfUtils.java:logGet(43)) - raft.server.watch.element-limit = 65536 (default)
2019-09-19 14:21:54,938 [6403e584-2209-453b-b79e-eeb0a7b58516:group-8CFE3AF44FFF:LeaderElection191] INFO  server.RaftServerConfigKeys (ConfUtils.java:logGet(43)) - raft.server.watch.timeout.denomination = 1s (default)
2019-09-19 14:21:54,707 [6403e584-2209-453b-b79e-eeb0a7b58516:group-BAE80F1788ED:LeaderElection181] INFO  server.RaftServerConfigKeys (ConfUtils.java:logGet(43)) - raft.server.watch.timeout.denomination = 1s (default)
2019-09-19 14:21:54,938 [85c6a9f3-b9a5-43a5-ac4f-9aa7bd5f2263-SegmentedRaftLogWorker:Storage Directory /workdir/hadoop-ozone/integration-test/target/test-dir/MiniOzoneClusterImpl-210d6028-2152-4683-81ff-347b0d29bb13/datanode-0/data/ratis/144b13c0-5c9b-441e-bdae-38451878e2da] ERROR segmented.SegmentedRaftLogWorker (SegmentedRaftLogWorker.java:run(323)) - 85c6a9f3-b9a5-43a5-ac4f-9aa7bd5f2263-SegmentedRaftLogWorker:Storage Directory /workdir/hadoop-ozone/integration-test/target/test-dir/MiniOzoneClusterImpl-210d6028-2152-4683-81ff-347b0d29bb13/datanode-0/data/ratis/144b13c0-5c9b-441e-bdae-38451878e2da hit exception
java.lang.OutOfMemoryError: Direct buffer memory
	at java.nio.Bits.reserveMemory(Bits.java:666)
	at java.nio.DirectByteBuffer.<init>(DirectByteBuffer.java:123)
	at java.nio.ByteBuffer.allocateDirect(ByteBuffer.java:311)
	at org.apache.ratis.server.raftlog.segmented.BufferedWriteChannel.<init>(BufferedWriteChannel.java:41)
	at org.apache.ratis.server.raftlog.segmented.SegmentedRaftLogOutputStream.<init>(SegmentedRaftLogOutputStream.java:72)
	at org.apache.ratis.server.raftlog.segmented.SegmentedRaftLogWorker$StartLogSegment.execute(SegmentedRaftLogWorker.java:566)
	at org.apache.ratis.server.raftlog.segmented.SegmentedRaftLogWorker.run(SegmentedRaftLogWorker.java:289)
	at java.lang.Thread.run(Thread.java:748)
2019-09-19 14:21:55,404 [85c6a9f3-b9a5-43a5-ac4f-9aa7bd5f2263-SegmentedRaftLogWorker:Storage Directory /workdir/hadoop-ozone/integration-test/target/test-dir/MiniOzoneClusterImpl-210d6028-2152-4683-81ff-347b0d29bb13/datanode-0/data/ratis/144b13c0-5c9b-441e-bdae-38451878e2da] INFO  impl.RaftServerImpl (RaftServerImpl.java:lambda$shutdown$3(245)) - 85c6a9f3-b9a5-43a5-ac4f-9aa7bd5f2263: shutdown group-38451878E2DA
2019-09-19 14:21:54,938 [85c6a9f3-b9a5-43a5-ac4f-9aa7bd5f2263-SegmentedRaftLogWorker:Storage Directory /workdir/hadoop-ozone/integration-test/target/test-dir/MiniOzoneClusterImpl-210d6028-2152-4683-81ff-347b0d29bb13/datanode-0/data/ratis/beee9431-602b-412f-9914-9bf0e3e86ddd] ERROR segmented.SegmentedRaftLogWorker (SegmentedRaftLogWorker.java:run(323)) - 85c6a9f3-b9a5-43a5-ac4f-9aa7bd5f2263-SegmentedRaftLogWorker:Storage Directory /workdir/hadoop-ozone/integration-test/target/test-dir/MiniOzoneClusterImpl-210d6028-2152-4683-81ff-347b0d29bb13/datanode-0/data/ratis/beee9431-602b-412f-9914-9bf0e3e86ddd hit exception
java.lang.OutOfMemoryError: Direct buffer memory
	at java.nio.Bits.reserveMemory(Bits.java:666)
	at java.nio.DirectByteBuffer.<init>(DirectByteBuffer.java:123)
	at java.nio.ByteBuffer.allocateDirect(ByteBuffer.java:311)
	at org.apache.ratis.server.raftlog.segmented.BufferedWriteChannel.<init>(BufferedWriteChannel.java:41)
	at org.apache.ratis.server.raftlog.segmented.SegmentedRaftLogOutputStream.<init>(SegmentedRaftLogOutputStream.java:72)
	at org.apache.ratis.server.raftlog.segmented.SegmentedRaftLogWorker$StartLogSegment.execute(SegmentedRaftLogWorker.java:566)
	at org.apache.ratis.server.raftlog.segmented.SegmentedRaftLogWorker.run(SegmentedRaftLogWorker.java:289)
	at java.lang.Thread.run(Thread.java:748)
2019-09-19 14:21:54,938 [85c6a9f3-b9a5-43a5-ac4f-9aa7bd5f2263-SegmentedRaftLogWorker:Storage Directory /workdir/hadoop-ozone/integration-test/target/test-dir/MiniOzoneClusterImpl-210d6028-2152-4683-81ff-347b0d29bb13/datanode-0/data/ratis/bb007223-e64a-4e98-94ec-af4afe69bc98] ERROR segmented.SegmentedRaftLogWorker (SegmentedRaftLogWorker.java:run(323)) - 85c6a9f3-b9a5-43a5-ac4f-9aa7bd5f2263-SegmentedRaftLogWorker:Storage Directory /workdir/hadoop-ozone/integration-test/target/test-dir/MiniOzoneClusterImpl-210d6028-2152-4683-81ff-347b0d29bb13/datanode-0/data/ratis/bb007223-e64a-4e98-94ec-af4afe69bc98 hit exception
java.lang.OutOfMemoryError: Direct buffer memory
	at java.nio.Bits.reserveMemory(Bits.java:666)
	at java.nio.DirectByteBuffer.<init>(DirectByteBuffer.java:123)
	at java.nio.ByteBuffer.allocateDirect(ByteBuffer.java:311)
	at org.apache.ratis.server.raftlog.segmented.BufferedWriteChannel.<init>(BufferedWriteChannel.java:41)
	at org.apache.ratis.server.raftlog.segmented.SegmentedRaftLogOutputStream.<init>(SegmentedRaftLogOutputStream.java:72)
	at org.apache.ratis.server.raftlog.segmented.SegmentedRaftLogWorker$StartLogSegment.execute(SegmentedRaftLogWorker.java:566)
	at org.apache.ratis.server.raftlog.segmented.SegmentedRaftLogWorker.run(SegmentedRaftLogWorker.java:289)
	at java.lang.Thread.run(Thread.java:748)
2019-09-19 14:21:54,938 [431517c4-8c09-4790-b37b-2e132c8143ad-SegmentedRaftLogWorker:Storage Directory /workdir/hadoop-ozone/integration-test/target/test-dir/MiniOzoneClusterImpl-210d6028-2152-4683-81ff-347b0d29bb13/datanode-5/data/ratis/fd2672d3-dd70-4558-98a0-d5017db46417] ERROR segmented.SegmentedRaftLogWorker (SegmentedRaftLogWorker.java:run(323)) - 431517c4-8c09-4790-b37b-2e132c8143ad-SegmentedRaftLogWorker:Storage Directory /workdir/hadoop-ozone/integration-test/target/test-dir/MiniOzoneClusterImpl-210d6028-2152-4683-81ff-347b0d29bb13/datanode-5/data/ratis/fd2672d3-dd70-4558-98a0-d5017db46417 hit exception
java.lang.OutOfMemoryError: Direct buffer memory
	at java.nio.Bits.reserveMemory(Bits.java:666)
	at java.nio.DirectByteBuffer.<init>(DirectByteBuffer.java:123)
	at java.nio.ByteBuffer.allocateDirect(ByteBuffer.java:311)
	at org.apache.ratis.server.raftlog.segmented.BufferedWriteChannel.<init>(BufferedWriteChannel.java:41)
	at org.apache.ratis.server.raftlog.segmented.SegmentedRaftLogOutputStream.<init>(SegmentedRaftLogOutputStream.java:72)
	at org.apache.ratis.server.raftlog.segmented.SegmentedRaftLogWorker$StartLogSegment.execute(SegmentedRaftLogWorker.java:566)
	at org.apache.ratis.server.raftlog.segmented.SegmentedRaftLogWorker.run(SegmentedRaftLogWorker.java:289)
	at java.lang.Thread.run(Thread.java:748)
2019-09-19 14:21:55,405 [431517c4-8c09-4790-b37b-2e132c8143ad-SegmentedRaftLogWorker:Storage Directory /workdir/hadoop-ozone/integration-test/target/test-dir/MiniOzoneClusterImpl-210d6028-2152-4683-81ff-347b0d29bb13/datanode-5/data/ratis/fd2672d3-dd70-4558-98a0-d5017db46417] INFO  impl.RaftServerImpl (RaftServerImpl.java:lambda$shutdown$3(245)) - 431517c4-8c09-4790-b37b-2e132c8143ad: shutdown group-D5017DB46417
2019-09-19 14:21:54,938 [85c6a9f3-b9a5-43a5-ac4f-9aa7bd5f2263-SegmentedRaftLogWorker:Storage Directory /workdir/hadoop-ozone/integration-test/target/test-dir/MiniOzoneClusterImpl-210d6028-2152-4683-81ff-347b0d29bb13/datanode-0/data/ratis/d17e548c-8a62-43ac-bc0b-e11a284d5e69] ERROR segmented.SegmentedRaftLogWorker (SegmentedRaftLogWorker.java:run(323)) - 85c6a9f3-b9a5-43a5-ac4f-9aa7bd5f2263-SegmentedRaftLogWorker:Storage Directory /workdir/hadoop-ozone/integration-test/target/test-dir/MiniOzoneClusterImpl-210d6028-2152-4683-81ff-347b0d29bb13/datanode-0/data/ratis/d17e548c-8a62-43ac-bc0b-e11a284d5e69 hit exception
java.lang.OutOfMemoryError: Direct buffer memory
	at java.nio.Bits.reserveMemory(Bits.java:666)
	at java.nio.DirectByteBuffer.<init>(DirectByteBuffer.java:123)
	at java.nio.ByteBuffer.allocateDirect(ByteBuffer.java:311)
	at org.apache.ratis.server.raftlog.segmented.BufferedWriteChannel.<init>(BufferedWriteChannel.java:41)
	at org.apache.ratis.server.raftlog.segmented.SegmentedRaftLogOutputStream.<init>(SegmentedRaftLogOutputStream.java:72)
	at org.apache.ratis.server.raftlog.segmented.SegmentedRaftLogWorker$StartLogSegment.execute(SegmentedRaftLogWorker.java:566)
	at org.apache.ratis.server.raftlog.segmented.SegmentedRaftLogWorker.run(SegmentedRaftLogWorker.java:289)
	at java.lang.Thread.run(Thread.java:748)
2019-09-19 14:21:54,938 [1190b9a7-12b1-4c15-b33e-f7d0a0cd436c-SegmentedRaftLogWorker:Storage Directory /workdir/hadoop-ozone/integration-test/target/test-dir/MiniOzoneClusterImpl-210d6028-2152-4683-81ff-347b0d29bb13/datanode-4/data/ratis/aef45801-cb89-4e1e-bcc4-e32ecd57e9e2] ERROR segmented.SegmentedRaftLogWorker (SegmentedRaftLogWorker.java:run(323)) - 1190b9a7-12b1-4c15-b33e-f7d0a0cd436c-SegmentedRaftLogWorker:Storage Directory /workdir/hadoop-ozone/integration-test/target/test-dir/MiniOzoneClusterImpl-210d6028-2152-4683-81ff-347b0d29bb13/datanode-4/data/ratis/aef45801-cb89-4e1e-bcc4-e32ecd57e9e2 hit exception
java.lang.OutOfMemoryError: Direct buffer memory
	at java.nio.Bits.reserveMemory(Bits.java:666)
	at java.nio.DirectByteBuffer.<init>(DirectByteBuffer.java:123)
	at java.nio.ByteBuffer.allocateDirect(ByteBuffer.java:311)
	at org.apache.ratis.server.raftlog.segmented.BufferedWriteChannel.<init>(BufferedWriteChannel.java:41)
	at org.apache.ratis.server.raftlog.segmented.SegmentedRaftLogOutputStream.<init>(SegmentedRaftLogOutputStream.java:72)
	at org.apache.ratis.server.raftlog.segmented.SegmentedRaftLogWorker$StartLogSegment.execute(SegmentedRaftLogWorker.java:566)
	at org.apache.ratis.server.raftlog.segmented.SegmentedRaftLogWorker.run(SegmentedRaftLogWorker.java:289)
	at java.lang.Thread.run(Thread.java:748)
2019-09-19 14:21:54,707 [306a7a99-f2a5-4f40-b42b-2fc2def08a6a:group-ADCADC9576A0:LeaderElection184] INFO  impl.RoleInfo (RoleInfo.java:updateAndGet(143)) - 306a7a99-f2a5-4f40-b42b-2fc2def08a6a: start LeaderState
2019-09-19 14:21:54,706 [6403e584-2209-453b-b79e-eeb0a7b58516:group-8C37E5A08283:LeaderElection167] INFO  impl.RaftServerImpl (ServerState.java:setRaftConf(361)) - 6403e584-2209-453b-b79e-eeb0a7b58516:group-8C37E5A08283 set configuration 0: [6403e584-2209-453b-b79e-eeb0a7b58516:192.168.157.226:35833], old=null at 0
2019-09-19 14:21:54,706 [5dfaa0ea-416a-422c-a75d-43311aceb00a:group-191F2BF7F7A4:LeaderElection187] INFO  segmented.SegmentedRaftLogWorker (SegmentedRaftLogWorker.java:startLogSegment(380)) - 5dfaa0ea-416a-422c-a75d-43311aceb00a-SegmentedRaftLogWorker:Storage Directory /workdir/hadoop-ozone/integration-test/target/test-dir/MiniOzoneClusterImpl-210d6028-2152-4683-81ff-347b0d29bb13/datanode-1/data/ratis/c2b44cf1-f9d6-4da4-a6e8-191f2bf7f7a4: Starting segment from index:0
2019-09-19 14:21:54,706 [306a7a99-f2a5-4f40-b42b-2fc2def08a6a:group-01E49D2CAF0C:LeaderElection183] INFO  server.RaftServerConfigKeys (ConfUtils.java:logGet(43)) - raft.server.watch.element-limit = 65536 (default)
2019-09-19 14:21:54,706 [85c6a9f3-b9a5-43a5-ac4f-9aa7bd5f2263:group-A5C201119BCC:LeaderElection174] INFO  segmented.SegmentedRaftLogWorker (SegmentedRaftLogWorker.java:startLogSegment(380)) - 85c6a9f3-b9a5-43a5-ac4f-9aa7bd5f2263-SegmentedRaftLogWorker:Storage Directory /workdir/hadoop-ozone/integration-test/target/test-dir/MiniOzoneClusterImpl-210d6028-2152-4683-81ff-347b0d29bb13/datanode-0/data/ratis/a5b4024b-46c2-4dae-a6ee-a5c201119bcc: Starting segment from index:0
2019-09-19 14:21:54,463 [5dfaa0ea-416a-422c-a75d-43311aceb00a:group-D83635899549:LeaderElection158] INFO  impl.RaftServerImpl (ServerState.java:setRaftConf(361)) - 5dfaa0ea-416a-422c-a75d-43311aceb00a:group-D83635899549 set configuration 0: [5dfaa0ea-416a-422c-a75d-43311aceb00a:192.168.157.226:45629], old=null at 0
2019-09-19 14:21:54,463 [5dfaa0ea-416a-422c-a75d-43311aceb00a:group-D69F920C77B2:LeaderElection186] INFO  segmented.SegmentedRaftLogWorker (SegmentedRaftLogWorker.java:startLogSegment(380)) - 5dfaa0ea-416a-422c-a75d-43311aceb00a-SegmentedRaftLogWorker:Storage Directory /workdir/hadoop-ozone/integration-test/target/test-dir/MiniOzoneClusterImpl-210d6028-2152-4683-81ff-347b0d29bb13/datanode-1/data/ratis/3bf28a7f-8142-4f9b-8e48-d69f920c77b2: Starting segment from index:0
2019-09-19 14:21:54,463 [6403e584-2209-453b-b79e-eeb0a7b58516:group-09385C648829:LeaderElection160] INFO  impl.RoleInfo (RoleInfo.java:updateAndGet(143)) - 6403e584-2209-453b-b79e-eeb0a7b58516: start LeaderState
2019-09-19 14:21:54,462 [5dfaa0ea-416a-422c-a75d-43311aceb00a:group-B95D7947D5CA:LeaderElection169] INFO  server.RaftServerConfigKeys (ConfUtils.java:logGet(43)) - raft.server.watch.element-limit = 65536 (default)
2019-09-19 14:21:54,462 [306a7a99-f2a5-4f40-b42b-2fc2def08a6a:group-AE1E2B007A31:LeaderElection178] INFO  server.RaftServerConfigKeys (ConfUtils.java:logGet(43)) - raft.server.watch.element-limit = 65536 (default)
2019-09-19 14:21:54,462 [6403e584-2209-453b-b79e-eeb0a7b58516:group-29A035CB2198:LeaderElection189] INFO  server.RaftServerConfigKeys (ConfUtils.java:logGet(43)) - raft.server.watch.timeout.denomination = 1s (default)
2019-09-19 14:21:54,462 [pool-27-thread-1] INFO  storage.RaftStorage (RaftStorage.java:format(72)) - Storage directory /workdir/hadoop-ozone/integration-test/target/test-dir/MiniOzoneClusterImpl-210d6028-2152-4683-81ff-347b0d29bb13/datanode-0/data/ratis/ed7ccb91-f33d-461f-8fcc-c123bbc42c4f has been successfully formatted.
2019-09-19 14:21:54,461 [1190b9a7-12b1-4c15-b33e-f7d0a0cd436c-SegmentedRaftLogWorker:Storage Directory /workdir/hadoop-ozone/integration-test/target/test-dir/MiniOzoneClusterImpl-210d6028-2152-4683-81ff-347b0d29bb13/datanode-4/data/ratis/3fa0b3b8-7919-4878-a5d9-cb3d96f0ad97] ERROR segmented.SegmentedRaftLogWorker (SegmentedRaftLogWorker.java:run(323)) - 1190b9a7-12b1-4c15-b33e-f7d0a0cd436c-SegmentedRaftLogWorker:Storage Directory /workdir/hadoop-ozone/integration-test/target/test-dir/MiniOzoneClusterImpl-210d6028-2152-4683-81ff-347b0d29bb13/datanode-4/data/ratis/3fa0b3b8-7919-4878-a5d9-cb3d96f0ad97 hit exception
java.lang.OutOfMemoryError: Direct buffer memory
	at java.nio.Bits.reserveMemory(Bits.java:666)
	at java.nio.DirectByteBuffer.<init>(DirectByteBuffer.java:123)
	at java.nio.ByteBuffer.allocateDirect(ByteBuffer.java:311)
	at org.apache.ratis.server.raftlog.segmented.BufferedWriteChannel.<init>(BufferedWriteChannel.java:41)
	at org.apache.ratis.server.raftlog.segmented.SegmentedRaftLogOutputStream.<init>(SegmentedRaftLogOutputStream.java:72)
	at org.apache.ratis.server.raftlog.segmented.SegmentedRaftLogWorker$StartLogSegment.execute(SegmentedRaftLogWorker.java:566)
	at org.apache.ratis.server.raftlog.segmented.SegmentedRaftLogWorker.run(SegmentedRaftLogWorker.java:289)
	at java.lang.Thread.run(Thread.java:748)
2019-09-19 14:21:56,189 | INFO  | SCMAudit | user=jenkins1000 | ip=192.168.157.226 | op=SEND_HEARTBEAT {datanodeUUID=306a7a99-f2a5-4f40-b42b-2fc2def08a6a, command=[]} | ret=SUCCESS |  
2019-09-19 14:21:56,189 | INFO  | SCMAudit | user=jenkins1000 | ip=192.168.157.226 | op=SEND_HEARTBEAT {datanodeUUID=5dfaa0ea-416a-422c-a75d-43311aceb00a, command=[]} | ret=SUCCESS |  
2019-09-19 14:21:54,461 [5dfaa0ea-416a-422c-a75d-43311aceb00a-SegmentedRaftLogWorker:Storage Directory /workdir/hadoop-ozone/integration-test/target/test-dir/MiniOzoneClusterImpl-210d6028-2152-4683-81ff-347b0d29bb13/datanode-1/data/ratis/ab5b533a-6c39-466f-ba27-434f2440a2f3] ERROR segmented.SegmentedRaftLogWorker (SegmentedRaftLogWorker.java:run(323)) - 5dfaa0ea-416a-422c-a75d-43311aceb00a-SegmentedRaftLogWorker:Storage Directory /workdir/hadoop-ozone/integration-test/target/test-dir/MiniOzoneClusterImpl-210d6028-2152-4683-81ff-347b0d29bb13/datanode-1/data/ratis/ab5b533a-6c39-466f-ba27-434f2440a2f3 hit exception
java.lang.OutOfMemoryError: Direct buffer memory
	at java.nio.Bits.reserveMemory(Bits.java:666)
	at java.nio.DirectByteBuffer.<init>(DirectByteBuffer.java:123)
	at java.nio.ByteBuffer.allocateDirect(ByteBuffer.java:311)
	at org.apache.ratis.server.raftlog.segmented.BufferedWriteChannel.<init>(BufferedWriteChannel.java:41)
	at org.apache.ratis.server.raftlog.segmented.SegmentedRaftLogOutputStream.<init>(SegmentedRaftLogOutputStream.java:72)
	at org.apache.ratis.server.raftlog.segmented.SegmentedRaftLogWorker$StartLogSegment.execute(SegmentedRaftLogWorker.java:566)
	at org.apache.ratis.server.raftlog.segmented.SegmentedRaftLogWorker.run(SegmentedRaftLogWorker.java:289)
	at java.lang.Thread.run(Thread.java:748)
2019-09-19 14:21:56,189 | INFO  | SCMAudit | user=jenkins1000 | ip=192.168.157.226 | op=SEND_HEARTBEAT {datanodeUUID=1190b9a7-12b1-4c15-b33e-f7d0a0cd436c, command=[]} | ret=SUCCESS |  
2019-09-19 14:21:56,189 | INFO  | SCMAudit | user=jenkins1000 | ip=192.168.157.226 | op=SEND_HEARTBEAT {datanodeUUID=431517c4-8c09-4790-b37b-2e132c8143ad, command=[]} | ret=SUCCESS |  
2019-09-19 14:21:56,189 | INFO  | SCMAudit | user=jenkins1000 | ip=192.168.157.226 | op=SEND_HEARTBEAT {datanodeUUID=85c6a9f3-b9a5-43a5-ac4f-9aa7bd5f2263, command=[]} | ret=SUCCESS |  
2019-09-19 14:21:56,189 | INFO  | SCMAudit | user=jenkins1000 | ip=192.168.157.226 | op=SEND_HEARTBEAT {datanodeUUID=56d21ab3-8f6d-44ea-b961-c721a1c09246, command=[]} | ret=SUCCESS |  
2019-09-19 14:21:54,461 [306a7a99-f2a5-4f40-b42b-2fc2def08a6a-SegmentedRaftLogWorker:Storage Directory /workdir/hadoop-ozone/integration-test/target/test-dir/MiniOzoneClusterImpl-210d6028-2152-4683-81ff-347b0d29bb13/datanode-2/data/ratis/6b0a855c-a132-41d9-8c10-26e40af3ae02] ERROR segmented.SegmentedRaftLogWorker (SegmentedRaftLogWorker.java:run(323)) - 306a7a99-f2a5-4f40-b42b-2fc2def08a6a-SegmentedRaftLogWorker:Storage Directory /workdir/hadoop-ozone/integration-test/target/test-dir/MiniOzoneClusterImpl-210d6028-2152-4683-81ff-347b0d29bb13/datanode-2/data/ratis/6b0a855c-a132-41d9-8c10-26e40af3ae02 hit exception
java.lang.OutOfMemoryError: Direct buffer memory
	at java.nio.Bits.reserveMemory(Bits.java:666)
	at java.nio.DirectByteBuffer.<init>(DirectByteBuffer.java:123)
	at java.nio.ByteBuffer.allocateDirect(ByteBuffer.java:311)
	at org.apache.ratis.server.raftlog.segmented.BufferedWriteChannel.<init>(BufferedWriteChannel.java:41)
	at org.apache.ratis.server.raftlog.segmented.SegmentedRaftLogOutputStream.<init>(SegmentedRaftLogOutputStream.java:72)
	at org.apache.ratis.server.raftlog.segmented.SegmentedRaftLogWorker$StartLogSegment.execute(SegmentedRaftLogWorker.java:566)
	at org.apache.ratis.server.raftlog.segmented.SegmentedRaftLogWorker.run(SegmentedRaftLogWorker.java:289)
	at java.lang.Thread.run(Thread.java:748)
2019-09-19 14:21:54,186 [85c6a9f3-b9a5-43a5-ac4f-9aa7bd5f2263:group-8AE81F3D915F:LeaderElection172] INFO  impl.RaftServerImpl (ServerState.java:setRaftConf(361)) - 85c6a9f3-b9a5-43a5-ac4f-9aa7bd5f2263:group-8AE81F3D915F set configuration 0: [85c6a9f3-b9a5-43a5-ac4f-9aa7bd5f2263:192.168.157.226:45170], old=null at 0
2019-09-19 14:21:54,186 [1190b9a7-12b1-4c15-b33e-f7d0a0cd436c:group-9EB942FC9E99:LeaderElection170] INFO  impl.RoleInfo (RoleInfo.java:updateAndGet(143)) - 1190b9a7-12b1-4c15-b33e-f7d0a0cd436c: start LeaderState
2019-09-19 14:21:54,185 [6403e584-2209-453b-b79e-eeb0a7b58516:group-C75F49951D14:LeaderElection176] INFO  segmented.SegmentedRaftLogWorker (SegmentedRaftLogWorker.java:startLogSegment(380)) - 6403e584-2209-453b-b79e-eeb0a7b58516-SegmentedRaftLogWorker:Storage Directory /workdir/hadoop-ozone/integration-test/target/test-dir/MiniOzoneClusterImpl-210d6028-2152-4683-81ff-347b0d29bb13/datanode-3/data/ratis/8b8b7e75-4017-4f05-9f7a-c75f49951d14: Starting segment from index:0
2019-09-19 14:21:54,185 [6403e584-2209-453b-b79e-eeb0a7b58516:group-9D2959E62DA3:LeaderElection182] INFO  impl.RoleInfo (RoleInfo.java:updateAndGet(143)) - 6403e584-2209-453b-b79e-eeb0a7b58516: start LeaderState
2019-09-19 14:21:54,185 [6403e584-2209-453b-b79e-eeb0a7b58516:group-5908DD2EABEA:LeaderElection173] INFO  segmented.SegmentedRaftLogWorker (SegmentedRaftLogWorker.java:startLogSegment(380)) - 6403e584-2209-453b-b79e-eeb0a7b58516-SegmentedRaftLogWorker:Storage Directory /workdir/hadoop-ozone/integration-test/target/test-dir/MiniOzoneClusterImpl-210d6028-2152-4683-81ff-347b0d29bb13/datanode-3/data/ratis/1c2eeda1-b507-4408-bb02-5908dd2eabea: Starting segment from index:0
2019-09-19 14:21:54,185 [56d21ab3-8f6d-44ea-b961-c721a1c09246:group-9385F8753A99:LeaderElection161] INFO  impl.RoleInfo (RoleInfo.java:updateAndGet(143)) - 56d21ab3-8f6d-44ea-b961-c721a1c09246: start LeaderState
2019-09-19 14:21:56,477 | INFO  | SCMAudit | user=jenkins1000 | ip=192.168.157.226 | op=SEND_HEARTBEAT {datanodeUUID=6403e584-2209-453b-b79e-eeb0a7b58516, command=[]} | ret=SUCCESS |  
2019-09-19 14:21:54,185 [306a7a99-f2a5-4f40-b42b-2fc2def08a6a:group-E31F1645E36D:LeaderElection185] INFO  impl.RoleInfo (RoleInfo.java:updateAndGet(143)) - 306a7a99-f2a5-4f40-b42b-2fc2def08a6a: start LeaderState
2019-09-19 14:21:54,185 [1190b9a7-12b1-4c15-b33e-f7d0a0cd436c:group-F9B6CA18EE39:LeaderElection203] INFO  impl.RaftServerImpl (ServerState.java:setLeader(263)) - 1190b9a7-12b1-4c15-b33e-f7d0a0cd436c:group-F9B6CA18EE39 change Leader from null to 1190b9a7-12b1-4c15-b33e-f7d0a0cd436c at term 1 for becomeLeader, leader elected after 14277ms
2019-09-19 14:21:54,184 [6403e584-2209-453b-b79e-eeb0a7b58516:group-5F7B930D9B26:LeaderElection204] INFO  impl.RaftServerImpl (RaftServerImpl.java:setRole(171)) - 6403e584-2209-453b-b79e-eeb0a7b58516:group-5F7B930D9B26 changes role from CANDIDATE to LEADER at term 1 for changeToLeader
2019-09-19 14:21:56,704 [1190b9a7-12b1-4c15-b33e-f7d0a0cd436c:group-F9B6CA18EE39:LeaderElection203] INFO  server.RaftServerConfigKeys (ConfUtils.java:logGet(43)) - raft.server.staging.catchup.gap = 1000 (default)
2019-09-19 14:21:54,184 [306a7a99-f2a5-4f40-b42b-2fc2def08a6a:group-4DCB50BB2008:LeaderElection199] INFO  server.RaftServerConfigKeys (ConfUtils.java:logGet(43)) - raft.server.staging.catchup.gap = 1000 (default)
2019-09-19 14:21:54,184 [306a7a99-f2a5-4f40-b42b-2fc2def08a6a:group-7FF1FB5A7764:LeaderElection200] INFO  impl.RaftServerImpl (RaftServerImpl.java:setRole(171)) - 306a7a99-f2a5-4f40-b42b-2fc2def08a6a:group-7FF1FB5A7764 changes role from CANDIDATE to LEADER at term 1 for changeToLeader
2019-09-19 14:21:54,184 [85c6a9f3-b9a5-43a5-ac4f-9aa7bd5f2263:group-A1D8461AD66E:LeaderElection202] INFO  impl.RaftServerImpl (ServerState.java:setLeader(263)) - 85c6a9f3-b9a5-43a5-ac4f-9aa7bd5f2263:group-A1D8461AD66E change Leader from null to 85c6a9f3-b9a5-43a5-ac4f-9aa7bd5f2263 at term 1 for becomeLeader, leader elected after 14596ms
2019-09-19 14:21:54,184 [306a7a99-f2a5-4f40-b42b-2fc2def08a6a:group-5EABEA0C3A9A:LeaderElection205] INFO  impl.RaftServerImpl (RaftServerImpl.java:setRole(171)) - 306a7a99-f2a5-4f40-b42b-2fc2def08a6a:group-5EABEA0C3A9A changes role from CANDIDATE to LEADER at term 1 for changeToLeader
2019-09-19 14:21:56,705 [306a7a99-f2a5-4f40-b42b-2fc2def08a6a:group-5EABEA0C3A9A:LeaderElection205] INFO  impl.RaftServerImpl (ServerState.java:setLeader(263)) - 306a7a99-f2a5-4f40-b42b-2fc2def08a6a:group-5EABEA0C3A9A change Leader from null to 306a7a99-f2a5-4f40-b42b-2fc2def08a6a at term 1 for becomeLeader, leader elected after 16317ms
2019-09-19 14:21:54,184 [85c6a9f3-b9a5-43a5-ac4f-9aa7bd5f2263:group-C538689DB8CD:LeaderElection198] INFO  impl.RaftServerImpl (ServerState.java:setLeader(263)) - 85c6a9f3-b9a5-43a5-ac4f-9aa7bd5f2263:group-C538689DB8CD change Leader from null to 85c6a9f3-b9a5-43a5-ac4f-9aa7bd5f2263 at term 1 for becomeLeader, leader elected after 13872ms
2019-09-19 14:21:54,183 [85c6a9f3-b9a5-43a5-ac4f-9aa7bd5f2263:group-1E959A581BC4:LeaderElection197] INFO  impl.RaftServerImpl (ServerState.java:setLeader(263)) - 85c6a9f3-b9a5-43a5-ac4f-9aa7bd5f2263:group-1E959A581BC4 change Leader from null to 85c6a9f3-b9a5-43a5-ac4f-9aa7bd5f2263 at term 1 for becomeLeader, leader elected after 14082ms
2019-09-19 14:21:54,183 [306a7a99-f2a5-4f40-b42b-2fc2def08a6a:group-A981E405D304:LeaderElection201] INFO  server.RaftServerConfigKeys (ConfUtils.java:logGet(43)) - raft.server.staging.catchup.gap = 1000 (default)
2019-09-19 14:21:54,183 [6403e584-2209-453b-b79e-eeb0a7b58516:group-B8762AF75437:LeaderElection188] INFO  impl.RoleInfo (RoleInfo.java:updateAndGet(143)) - 6403e584-2209-453b-b79e-eeb0a7b58516: start LeaderState
2019-09-19 14:21:54,183 [306a7a99-f2a5-4f40-b42b-2fc2def08a6a:group-77668966BA62:LeaderElection190] INFO  server.RaftServerConfigKeys (ConfUtils.java:logGet(43)) - raft.server.watch.element-limit = 65536 (default)
2019-09-19 14:21:54,183 [6403e584-2209-453b-b79e-eeb0a7b58516:group-8077D3FCDC3D:LeaderElection193] INFO  server.RaftServerConfigKeys (ConfUtils.java:logGet(43)) - raft.server.watch.element-limit = 65536 (default)
2019-09-19 14:21:54,183 [1190b9a7-12b1-4c15-b33e-f7d0a0cd436c:group-3A426B0EB8F6:LeaderElection177] INFO  server.RaftServerConfigKeys (ConfUtils.java:logGet(43)) - raft.server.watch.element-limit = 65536 (default)
2019-09-19 14:21:54,182 [5dfaa0ea-416a-422c-a75d-43311aceb00a:group-8EE30092736F:LeaderElection192] INFO  server.RaftServerConfigKeys (ConfUtils.java:logGet(43)) - raft.server.watch.element-limit = 65536 (default)
2019-09-19 14:21:54,182 [6403e584-2209-453b-b79e-eeb0a7b58516:group-0D5E299A7331:LeaderElection194] INFO  segmented.SegmentedRaftLogWorker (SegmentedRaftLogWorker.java:startLogSegment(380)) - 6403e584-2209-453b-b79e-eeb0a7b58516-SegmentedRaftLogWorker:Storage Directory /workdir/hadoop-ozone/integration-test/target/test-dir/MiniOzoneClusterImpl-210d6028-2152-4683-81ff-347b0d29bb13/datanode-3/data/ratis/d229195b-d3bd-4feb-ae52-0d5e299a7331: Starting segment from index:0
2019-09-19 14:21:54,182 [5dfaa0ea-416a-422c-a75d-43311aceb00a:group-230E763C684C:LeaderElection175] INFO  impl.RoleInfo (RoleInfo.java:updateAndGet(143)) - 5dfaa0ea-416a-422c-a75d-43311aceb00a: start LeaderState
2019-09-19 14:21:54,182 [5dfaa0ea-416a-422c-a75d-43311aceb00a:group-2D13F68C8B1A:LeaderElection195] INFO  server.RaftServerConfigKeys (ConfUtils.java:logGet(43)) - raft.server.watch.element-limit = 65536 (default)
2019-09-19 14:21:54,182 [5dfaa0ea-416a-422c-a75d-43311aceb00a:group-7F2AB031CC89:LeaderElection168] INFO  segmented.SegmentedRaftLogWorker (SegmentedRaftLogWorker.java:startLogSegment(380)) - 5dfaa0ea-416a-422c-a75d-43311aceb00a-SegmentedRaftLogWorker:Storage Directory /workdir/hadoop-ozone/integration-test/target/test-dir/MiniOzoneClusterImpl-210d6028-2152-4683-81ff-347b0d29bb13/datanode-1/data/ratis/2ca22967-3872-4a27-bc0e-7f2ab031cc89: Starting segment from index:0
2019-09-19 14:21:54,182 [5dfaa0ea-416a-422c-a75d-43311aceb00a:group-9F8238B9215E:LeaderElection196] INFO  segmented.SegmentedRaftLogWorker (SegmentedRaftLogWorker.java:startLogSegment(380)) - 5dfaa0ea-416a-422c-a75d-43311aceb00a-SegmentedRaftLogWorker:Storage Directory /workdir/hadoop-ozone/integration-test/target/test-dir/MiniOzoneClusterImpl-210d6028-2152-4683-81ff-347b0d29bb13/datanode-1/data/ratis/613f29da-297b-471f-ba42-9f8238b9215e: Starting segment from index:0
2019-09-19 14:21:54,181 [306a7a99-f2a5-4f40-b42b-2fc2def08a6a:group-BA6B5495B088:LeaderElection150] INFO  server.RaftServerConfigKeys (ConfUtils.java:logGet(43)) - raft.server.watch.element-limit = 65536 (default)
2019-09-19 14:21:56,931 | INFO  | SCMAudit | user=jenkins1000 | ip=192.168.157.226 | op=SEND_HEARTBEAT {datanodeUUID=306a7a99-f2a5-4f40-b42b-2fc2def08a6a, command=[]} | ret=SUCCESS |  
2019-09-19 14:21:56,931 [5dfaa0ea-416a-422c-a75d-43311aceb00a:group-7F2AB031CC89:LeaderElection168] INFO  impl.RaftServerImpl (ServerState.java:setRaftConf(361)) - 5dfaa0ea-416a-422c-a75d-43311aceb00a:group-7F2AB031CC89 set configuration 0: [5dfaa0ea-416a-422c-a75d-43311aceb00a:192.168.157.226:45629], old=null at 0
2019-09-19 14:21:56,931 [5dfaa0ea-416a-422c-a75d-43311aceb00a-SegmentedRaftLogWorker:Storage Directory /workdir/hadoop-ozone/integration-test/target/test-dir/MiniOzoneClusterImpl-210d6028-2152-4683-81ff-347b0d29bb13/datanode-1/data/ratis/574d4bd5-bfdd-4088-bd5e-d83635899549] ERROR segmented.SegmentedRaftLogWorker (SegmentedRaftLogWorker.java:run(323)) - 5dfaa0ea-416a-422c-a75d-43311aceb00a-SegmentedRaftLogWorker:Storage Directory /workdir/hadoop-ozone/integration-test/target/test-dir/MiniOzoneClusterImpl-210d6028-2152-4683-81ff-347b0d29bb13/datanode-1/data/ratis/574d4bd5-bfdd-4088-bd5e-d83635899549 hit exception
java.lang.OutOfMemoryError: Direct buffer memory
	at java.nio.Bits.reserveMemory(Bits.java:666)
	at java.nio.DirectByteBuffer.<init>(DirectByteBuffer.java:123)
	at java.nio.ByteBuffer.allocateDirect(ByteBuffer.java:311)
	at org.apache.ratis.server.raftlog.segmented.BufferedWriteChannel.<init>(BufferedWriteChannel.java:41)
	at org.apache.ratis.server.raftlog.segmented.SegmentedRaftLogOutputStream.<init>(SegmentedRaftLogOutputStream.java:72)
	at org.apache.ratis.server.raftlog.segmented.SegmentedRaftLogWorker$StartLogSegment.execute(SegmentedRaftLogWorker.java:566)
	at org.apache.ratis.server.raftlog.segmented.SegmentedRaftLogWorker.run(SegmentedRaftLogWorker.java:289)
	at java.lang.Thread.run(Thread.java:748)
2019-09-19 14:21:56,931 [85c6a9f3-b9a5-43a5-ac4f-9aa7bd5f2263-SegmentedRaftLogWorker:Storage Directory /workdir/hadoop-ozone/integration-test/target/test-dir/MiniOzoneClusterImpl-210d6028-2152-4683-81ff-347b0d29bb13/datanode-0/data/ratis/15d695d4-435b-4c1e-870e-8ae81f3d915f] ERROR segmented.SegmentedRaftLogWorker (SegmentedRaftLogWorker.java:run(323)) - 85c6a9f3-b9a5-43a5-ac4f-9aa7bd5f2263-SegmentedRaftLogWorker:Storage Directory /workdir/hadoop-ozone/integration-test/target/test-dir/MiniOzoneClusterImpl-210d6028-2152-4683-81ff-347b0d29bb13/datanode-0/data/ratis/15d695d4-435b-4c1e-870e-8ae81f3d915f hit exception
java.lang.OutOfMemoryError: Direct buffer memory
	at java.nio.Bits.reserveMemory(Bits.java:666)
	at java.nio.DirectByteBuffer.<init>(DirectByteBuffer.java:123)
	at java.nio.ByteBuffer.allocateDirect(ByteBuffer.java:311)
	at org.apache.ratis.server.raftlog.segmented.BufferedWriteChannel.<init>(BufferedWriteChannel.java:41)
	at org.apache.ratis.server.raftlog.segmented.SegmentedRaftLogOutputStream.<init>(SegmentedRaftLogOutputStream.java:72)
	at org.apache.ratis.server.raftlog.segmented.SegmentedRaftLogWorker$StartLogSegment.execute(SegmentedRaftLogWorker.java:566)
	at org.apache.ratis.server.raftlog.segmented.SegmentedRaftLogWorker.run(SegmentedRaftLogWorker.java:289)
	at java.lang.Thread.run(Thread.java:748)
2019-09-19 14:21:56,931 [6403e584-2209-453b-b79e-eeb0a7b58516-SegmentedRaftLogWorker:Storage Directory /workdir/hadoop-ozone/integration-test/target/test-dir/MiniOzoneClusterImpl-210d6028-2152-4683-81ff-347b0d29bb13/datanode-3/data/ratis/fb28e6d0-c737-4d0c-89a9-8c37e5a08283] ERROR segmented.SegmentedRaftLogWorker (SegmentedRaftLogWorker.java:run(323)) - 6403e584-2209-453b-b79e-eeb0a7b58516-SegmentedRaftLogWorker:Storage Directory /workdir/hadoop-ozone/integration-test/target/test-dir/MiniOzoneClusterImpl-210d6028-2152-4683-81ff-347b0d29bb13/datanode-3/data/ratis/fb28e6d0-c737-4d0c-89a9-8c37e5a08283 hit exception
java.lang.OutOfMemoryError: Direct buffer memory
	at java.nio.Bits.reserveMemory(Bits.java:666)
	at java.nio.DirectByteBuffer.<init>(DirectByteBuffer.java:123)
	at java.nio.ByteBuffer.allocateDirect(ByteBuffer.java:311)
	at org.apache.ratis.server.raftlog.segmented.BufferedWriteChannel.<init>(BufferedWriteChannel.java:41)
	at org.apache.ratis.server.raftlog.segmented.SegmentedRaftLogOutputStream.<init>(SegmentedRaftLogOutputStream.java:72)
	at org.apache.ratis.server.raftlog.segmented.SegmentedRaftLogWorker$StartLogSegment.execute(SegmentedRaftLogWorker.java:566)
	at org.apache.ratis.server.raftlog.segmented.SegmentedRaftLogWorker.run(SegmentedRaftLogWorker.java:289)
	at java.lang.Thread.run(Thread.java:748)
2019-09-19 14:21:57,162 [6403e584-2209-453b-b79e-eeb0a7b58516-SegmentedRaftLogWorker:Storage Directory /workdir/hadoop-ozone/integration-test/target/test-dir/MiniOzoneClusterImpl-210d6028-2152-4683-81ff-347b0d29bb13/datanode-3/data/ratis/fb28e6d0-c737-4d0c-89a9-8c37e5a08283] INFO  impl.RaftServerImpl (RaftServerImpl.java:lambda$shutdown$3(245)) - 6403e584-2209-453b-b79e-eeb0a7b58516: shutdown group-8C37E5A08283
2019-09-19 14:21:56,707 [6403e584-2209-453b-b79e-eeb0a7b58516:group-0D5E299A7331:LeaderElection194] INFO  impl.RaftServerImpl (ServerState.java:setRaftConf(361)) - 6403e584-2209-453b-b79e-eeb0a7b58516:group-0D5E299A7331 set configuration 0: [6403e584-2209-453b-b79e-eeb0a7b58516:192.168.157.226:35833], old=null at 0
2019-09-19 14:21:56,707 [5dfaa0ea-416a-422c-a75d-43311aceb00a:group-2D13F68C8B1A:LeaderElection195] INFO  impl.RoleInfo (RoleInfo.java:updateAndGet(143)) - 5dfaa0ea-416a-422c-a75d-43311aceb00a: start LeaderState
2019-09-19 14:21:56,707 [5dfaa0ea-416a-422c-a75d-43311aceb00a:group-230E763C684C:LeaderElection175] INFO  segmented.SegmentedRaftLogWorker (SegmentedRaftLogWorker.java:startLogSegment(380)) - 5dfaa0ea-416a-422c-a75d-43311aceb00a-SegmentedRaftLogWorker:Storage Directory /workdir/hadoop-ozone/integration-test/target/test-dir/MiniOzoneClusterImpl-210d6028-2152-4683-81ff-347b0d29bb13/datanode-1/data/ratis/73c63659-0c12-4dfd-b970-230e763c684c: Starting segment from index:0
2019-09-19 14:21:57,162 [5dfaa0ea-416a-422c-a75d-43311aceb00a:group-2D13F68C8B1A:LeaderElection195] INFO  segmented.SegmentedRaftLogWorker (SegmentedRaftLogWorker.java:startLogSegment(380)) - 5dfaa0ea-416a-422c-a75d-43311aceb00a-SegmentedRaftLogWorker:Storage Directory /workdir/hadoop-ozone/integration-test/target/test-dir/MiniOzoneClusterImpl-210d6028-2152-4683-81ff-347b0d29bb13/datanode-1/data/ratis/d9644a14-b63e-4f6b-b25a-2d13f68c8b1a: Starting segment from index:0
2019-09-19 14:21:56,707 [5dfaa0ea-416a-422c-a75d-43311aceb00a:group-8EE30092736F:LeaderElection192] INFO  impl.RoleInfo (RoleInfo.java:updateAndGet(143)) - 5dfaa0ea-416a-422c-a75d-43311aceb00a: start LeaderState
2019-09-19 14:21:56,706 [1190b9a7-12b1-4c15-b33e-f7d0a0cd436c:group-3A426B0EB8F6:LeaderElection177] INFO  impl.RoleInfo (RoleInfo.java:updateAndGet(143)) - 1190b9a7-12b1-4c15-b33e-f7d0a0cd436c: start LeaderState
2019-09-19 14:21:56,706 [6403e584-2209-453b-b79e-eeb0a7b58516:group-8077D3FCDC3D:LeaderElection193] INFO  impl.RoleInfo (RoleInfo.java:updateAndGet(143)) - 6403e584-2209-453b-b79e-eeb0a7b58516: start LeaderState
2019-09-19 14:21:57,353 | INFO  | SCMAudit | user=jenkins1000 | ip=192.168.157.226 | op=SEND_HEARTBEAT {datanodeUUID=56d21ab3-8f6d-44ea-b961-c721a1c09246, command=[]} | ret=SUCCESS |  
2019-09-19 14:21:57,353 | INFO  | SCMAudit | user=jenkins1000 | ip=192.168.157.226 | op=SEND_HEARTBEAT {datanodeUUID=431517c4-8c09-4790-b37b-2e132c8143ad, command=[]} | ret=SUCCESS |  
2019-09-19 14:21:57,513 | INFO  | SCMAudit | user=jenkins1000 | ip=192.168.157.226 | op=SEND_HEARTBEAT {datanodeUUID=1190b9a7-12b1-4c15-b33e-f7d0a0cd436c, command=[]} | ret=SUCCESS |  
2019-09-19 14:21:56,706 [306a7a99-f2a5-4f40-b42b-2fc2def08a6a:group-77668966BA62:LeaderElection190] INFO  impl.RoleInfo (RoleInfo.java:updateAndGet(143)) - 306a7a99-f2a5-4f40-b42b-2fc2def08a6a: start LeaderState
2019-09-19 14:21:57,353 | INFO  | SCMAudit | user=jenkins1000 | ip=192.168.157.226 | op=SEND_HEARTBEAT {datanodeUUID=85c6a9f3-b9a5-43a5-ac4f-9aa7bd5f2263, command=[]} | ret=SUCCESS |  
2019-09-19 14:21:56,706 [6403e584-2209-453b-b79e-eeb0a7b58516:group-B8762AF75437:LeaderElection188] INFO  segmented.SegmentedRaftLogWorker (SegmentedRaftLogWorker.java:startLogSegment(380)) - 6403e584-2209-453b-b79e-eeb0a7b58516-SegmentedRaftLogWorker:Storage Directory /workdir/hadoop-ozone/integration-test/target/test-dir/MiniOzoneClusterImpl-210d6028-2152-4683-81ff-347b0d29bb13/datanode-3/data/ratis/ac10c030-0539-4b28-b6fb-b8762af75437: Starting segment from index:0
2019-09-19 14:21:57,513 | INFO  | SCMAudit | user=jenkins1000 | ip=192.168.157.226 | op=SEND_HEARTBEAT {datanodeUUID=6403e584-2209-453b-b79e-eeb0a7b58516, command=[]} | ret=SUCCESS |  
2019-09-19 14:21:57,513 | INFO  | SCMAudit | user=jenkins1000 | ip=192.168.157.226 | op=SEND_HEARTBEAT {datanodeUUID=5dfaa0ea-416a-422c-a75d-43311aceb00a, command=[]} | ret=SUCCESS |  
2019-09-19 14:21:56,706 [306a7a99-f2a5-4f40-b42b-2fc2def08a6a:group-A981E405D304:LeaderElection201] INFO  server.RaftServerConfigKeys (ConfUtils.java:logGet(43)) - raft.server.rpc.sleep.time = 25ms (default)
2019-09-19 14:21:56,706 [85c6a9f3-b9a5-43a5-ac4f-9aa7bd5f2263:group-1E959A581BC4:LeaderElection197] INFO  server.RaftServerConfigKeys (ConfUtils.java:logGet(43)) - raft.server.staging.catchup.gap = 1000 (default)
2019-09-19 14:21:57,514 [85c6a9f3-b9a5-43a5-ac4f-9aa7bd5f2263:group-1E959A581BC4:LeaderElection197] INFO  server.RaftServerConfigKeys (ConfUtils.java:logGet(43)) - raft.server.rpc.sleep.time = 25ms (default)
2019-09-19 14:21:56,705 [85c6a9f3-b9a5-43a5-ac4f-9aa7bd5f2263:group-C538689DB8CD:LeaderElection198] INFO  server.RaftServerConfigKeys (ConfUtils.java:logGet(43)) - raft.server.staging.catchup.gap = 1000 (default)
2019-09-19 14:21:56,705 [306a7a99-f2a5-4f40-b42b-2fc2def08a6a:group-5EABEA0C3A9A:LeaderElection205] INFO  server.RaftServerConfigKeys (ConfUtils.java:logGet(43)) - raft.server.staging.catchup.gap = 1000 (default)
2019-09-19 14:21:56,705 [85c6a9f3-b9a5-43a5-ac4f-9aa7bd5f2263:group-A1D8461AD66E:LeaderElection202] INFO  server.RaftServerConfigKeys (ConfUtils.java:logGet(43)) - raft.server.staging.catchup.gap = 1000 (default)
2019-09-19 14:21:57,689 [85c6a9f3-b9a5-43a5-ac4f-9aa7bd5f2263:group-A1D8461AD66E:LeaderElection202] INFO  server.RaftServerConfigKeys (ConfUtils.java:logGet(43)) - raft.server.rpc.sleep.time = 25ms (default)
2019-09-19 14:21:56,705 [pool-60-thread-1] INFO  impl.RaftServerImpl (RaftServerImpl.java:<init>(93)) - 6403e584-2209-453b-b79e-eeb0a7b58516: new RaftServerImpl for group-85125247F34E:[85c6a9f3-b9a5-43a5-ac4f-9aa7bd5f2263:192.168.157.226:45170, 306a7a99-f2a5-4f40-b42b-2fc2def08a6a:192.168.157.226:42633, 6403e584-2209-453b-b79e-eeb0a7b58516:192.168.157.226:35833] with ContainerStateMachine:uninitialized
2019-09-19 14:21:56,705 [306a7a99-f2a5-4f40-b42b-2fc2def08a6a:group-7FF1FB5A7764:LeaderElection200] INFO  impl.RaftServerImpl (ServerState.java:setLeader(263)) - 306a7a99-f2a5-4f40-b42b-2fc2def08a6a:group-7FF1FB5A7764 change Leader from null to 306a7a99-f2a5-4f40-b42b-2fc2def08a6a at term 1 for becomeLeader, leader elected after 16567ms
2019-09-19 14:21:56,705 [306a7a99-f2a5-4f40-b42b-2fc2def08a6a:group-4DCB50BB2008:LeaderElection199] INFO  server.RaftServerConfigKeys (ConfUtils.java:logGet(43)) - raft.server.rpc.sleep.time = 25ms (default)
2019-09-19 14:21:57,690 [306a7a99-f2a5-4f40-b42b-2fc2def08a6a:group-4DCB50BB2008:LeaderElection199] INFO  server.RaftServerConfigKeys (ConfUtils.java:logGet(43)) - raft.server.write.element-limit = 4096 (default)
2019-09-19 14:21:56,704 [1190b9a7-12b1-4c15-b33e-f7d0a0cd436c:group-F9B6CA18EE39:LeaderElection203] INFO  server.RaftServerConfigKeys (ConfUtils.java:logGet(43)) - raft.server.rpc.sleep.time = 25ms (default)
2019-09-19 14:21:56,704 [6403e584-2209-453b-b79e-eeb0a7b58516:group-5F7B930D9B26:LeaderElection204] INFO  impl.RaftServerImpl (ServerState.java:setLeader(263)) - 6403e584-2209-453b-b79e-eeb0a7b58516:group-5F7B930D9B26 change Leader from null to 6403e584-2209-453b-b79e-eeb0a7b58516 at term 1 for becomeLeader, leader elected after 16432ms
2019-09-19 14:21:56,704 [pool-49-thread-1] INFO  impl.RaftServerImpl (RaftServerImpl.java:<init>(93)) - 306a7a99-f2a5-4f40-b42b-2fc2def08a6a: new RaftServerImpl for group-85125247F34E:[85c6a9f3-b9a5-43a5-ac4f-9aa7bd5f2263:192.168.157.226:45170, 306a7a99-f2a5-4f40-b42b-2fc2def08a6a:192.168.157.226:42633, 6403e584-2209-453b-b79e-eeb0a7b58516:192.168.157.226:35833] with ContainerStateMachine:uninitialized
2019-09-19 14:21:57,690 [pool-49-thread-1] INFO  server.RaftServerConfigKeys (ConfUtils.java:logGet(43)) - raft.server.rpc.timeout.min = 5s (custom)
2019-09-19 14:21:56,704 [306a7a99-f2a5-4f40-b42b-2fc2def08a6a:group-E31F1645E36D:LeaderElection185] INFO  segmented.SegmentedRaftLogWorker (SegmentedRaftLogWorker.java:startLogSegment(380)) - 306a7a99-f2a5-4f40-b42b-2fc2def08a6a-SegmentedRaftLogWorker:Storage Directory /workdir/hadoop-ozone/integration-test/target/test-dir/MiniOzoneClusterImpl-210d6028-2152-4683-81ff-347b0d29bb13/datanode-2/data/ratis/b852e543-1886-4a2f-90a7-e31f1645e36d: Starting segment from index:0
2019-09-19 14:21:56,478 [6403e584-2209-453b-b79e-eeb0a7b58516:group-5908DD2EABEA:LeaderElection173] INFO  impl.RaftServerImpl (ServerState.java:setRaftConf(361)) - 6403e584-2209-453b-b79e-eeb0a7b58516:group-5908DD2EABEA set configuration 0: [6403e584-2209-453b-b79e-eeb0a7b58516:192.168.157.226:35833], old=null at 0
2019-09-19 14:21:56,478 [56d21ab3-8f6d-44ea-b961-c721a1c09246:group-9385F8753A99:LeaderElection161] INFO  segmented.SegmentedRaftLogWorker (SegmentedRaftLogWorker.java:startLogSegment(380)) - 56d21ab3-8f6d-44ea-b961-c721a1c09246-SegmentedRaftLogWorker:Storage Directory /workdir/hadoop-ozone/integration-test/target/test-dir/MiniOzoneClusterImpl-210d6028-2152-4683-81ff-347b0d29bb13/datanode-6/data/ratis/cd119a90-ad1f-4b41-9733-9385f8753a99: Starting segment from index:0
2019-09-19 14:21:56,478 [Thread-872] INFO  impl.FollowerState (FollowerState.java:run(106)) - 6403e584-2209-453b-b79e-eeb0a7b58516:group-4E79EB7F747B changes to CANDIDATE, lastRpcTime:18271, electionTimeout:5109ms
2019-09-19 14:21:57,845 [Thread-872] INFO  impl.RoleInfo (RoleInfo.java:shutdownFollowerState(121)) - 6403e584-2209-453b-b79e-eeb0a7b58516: shutdown FollowerState
2019-09-19 14:21:56,478 [Thread-944] INFO  impl.FollowerState (FollowerState.java:run(106)) - 6403e584-2209-453b-b79e-eeb0a7b58516:group-1F9E99136BC1 changes to CANDIDATE, lastRpcTime:17442, electionTimeout:5117ms
2019-09-19 14:21:57,845 [Thread-944] INFO  impl.RoleInfo (RoleInfo.java:shutdownFollowerState(121)) - 6403e584-2209-453b-b79e-eeb0a7b58516: shutdown FollowerState
2019-09-19 14:21:57,845 [Thread-944] INFO  impl.RaftServerImpl (RaftServerImpl.java:setRole(171)) - 6403e584-2209-453b-b79e-eeb0a7b58516:group-1F9E99136BC1 changes role from FOLLOWER to CANDIDATE at term 0 for changeToCandidate
2019-09-19 14:21:56,478 [Thread-878] INFO  impl.FollowerState (FollowerState.java:run(106)) - 306a7a99-f2a5-4f40-b42b-2fc2def08a6a:group-60147ED89FF9 changes to CANDIDATE, lastRpcTime:18232, electionTimeout:5117ms
2019-09-19 14:21:57,845 [Thread-878] INFO  impl.RoleInfo (RoleInfo.java:shutdownFollowerState(121)) - 306a7a99-f2a5-4f40-b42b-2fc2def08a6a: shutdown FollowerState
2019-09-19 14:21:56,478 [Thread-869] INFO  impl.FollowerState (FollowerState.java:run(106)) - 5dfaa0ea-416a-422c-a75d-43311aceb00a:group-1DACA9507B83 changes to CANDIDATE, lastRpcTime:18290, electionTimeout:5109ms
2019-09-19 14:21:56,478 [Thread-1130] INFO  impl.FollowerState (FollowerState.java:run(106)) - 5dfaa0ea-416a-422c-a75d-43311aceb00a:group-AE221AF6329E changes to CANDIDATE, lastRpcTime:14217, electionTimeout:5106ms
2019-09-19 14:21:56,478 [Thread-1148] INFO  impl.FollowerState (FollowerState.java:run(106)) - 5dfaa0ea-416a-422c-a75d-43311aceb00a:group-86D4C63C40C2 changes to CANDIDATE, lastRpcTime:13565, electionTimeout:5146ms
2019-09-19 14:21:58,015 [Thread-1148] INFO  impl.RoleInfo (RoleInfo.java:shutdownFollowerState(121)) - 5dfaa0ea-416a-422c-a75d-43311aceb00a: shutdown FollowerState
2019-09-19 14:21:56,478 [Thread-864] INFO  impl.FollowerState (FollowerState.java:run(106)) - 6403e584-2209-453b-b79e-eeb0a7b58516:group-2609E2E2A622 changes to CANDIDATE, lastRpcTime:18316, electionTimeout:5164ms
2019-09-19 14:21:56,478 [Thread-941] INFO  impl.FollowerState (FollowerState.java:run(106)) - 85c6a9f3-b9a5-43a5-ac4f-9aa7bd5f2263:group-DFD37F1207A5 changes to CANDIDATE, lastRpcTime:17481, electionTimeout:5198ms
2019-09-19 14:21:58,015 [Thread-941] INFO  impl.RoleInfo (RoleInfo.java:shutdownFollowerState(121)) - 85c6a9f3-b9a5-43a5-ac4f-9aa7bd5f2263: shutdown FollowerState
2019-09-19 14:21:56,478 [Thread-950] INFO  impl.FollowerState (FollowerState.java:run(106)) - 5dfaa0ea-416a-422c-a75d-43311aceb00a:group-E527839BF39B changes to CANDIDATE, lastRpcTime:17361, electionTimeout:5195ms
2019-09-19 14:21:58,015 [Thread-950] INFO  impl.RoleInfo (RoleInfo.java:shutdownFollowerState(121)) - 5dfaa0ea-416a-422c-a75d-43311aceb00a: shutdown FollowerState
2019-09-19 14:21:56,191 [grpc-default-executor-3] INFO  impl.RaftServerProxy (RaftServerProxy.java:addNew(89)) - 306a7a99-f2a5-4f40-b42b-2fc2def08a6a: addNew group-85125247F34E:[85c6a9f3-b9a5-43a5-ac4f-9aa7bd5f2263:192.168.157.226:45170, 306a7a99-f2a5-4f40-b42b-2fc2def08a6a:192.168.157.226:42633, 6403e584-2209-453b-b79e-eeb0a7b58516:192.168.157.226:35833] returns group-85125247F34E:java.util.concurrent.CompletableFuture@79e74d46[Not completed]
2019-09-19 14:21:58,016 | INFO  | SCMAudit | user=jenkins1000 | ip=192.168.157.226 | op=SEND_HEARTBEAT {datanodeUUID=306a7a99-f2a5-4f40-b42b-2fc2def08a6a, command=[]} | ret=SUCCESS |  
2019-09-19 14:21:56,191 [grpc-default-executor-0] INFO  impl.RaftServerProxy (RaftServerProxy.java:addNew(89)) - 85c6a9f3-b9a5-43a5-ac4f-9aa7bd5f2263: addNew group-85125247F34E:[85c6a9f3-b9a5-43a5-ac4f-9aa7bd5f2263:192.168.157.226:45170, 306a7a99-f2a5-4f40-b42b-2fc2def08a6a:192.168.157.226:42633, 6403e584-2209-453b-b79e-eeb0a7b58516:192.168.157.226:35833] returns group-85125247F34E:java.util.concurrent.CompletableFuture@44a5d68f[Not completed]
2019-09-19 14:21:56,191 [grpc-default-executor-1] INFO  impl.RaftServerProxy (RaftServerProxy.java:addNew(89)) - 6403e584-2209-453b-b79e-eeb0a7b58516: addNew group-85125247F34E:[85c6a9f3-b9a5-43a5-ac4f-9aa7bd5f2263:192.168.157.226:45170, 306a7a99-f2a5-4f40-b42b-2fc2def08a6a:192.168.157.226:42633, 6403e584-2209-453b-b79e-eeb0a7b58516:192.168.157.226:35833] returns group-85125247F34E:java.util.concurrent.CompletableFuture@2d5f424f[Not completed]
2019-09-19 14:21:56,191 [6403e584-2209-453b-b79e-eeb0a7b58516:group-C75F49951D14:LeaderElection176] INFO  impl.RaftServerImpl (ServerState.java:setRaftConf(361)) - 6403e584-2209-453b-b79e-eeb0a7b58516:group-C75F49951D14 set configuration 0: [6403e584-2209-453b-b79e-eeb0a7b58516:192.168.157.226:35833], old=null at 0
2019-09-19 14:21:56,190 [6403e584-2209-453b-b79e-eeb0a7b58516:group-9D2959E62DA3:LeaderElection182] INFO  segmented.SegmentedRaftLogWorker (SegmentedRaftLogWorker.java:startLogSegment(380)) - 6403e584-2209-453b-b79e-eeb0a7b58516-SegmentedRaftLogWorker:Storage Directory /workdir/hadoop-ozone/integration-test/target/test-dir/MiniOzoneClusterImpl-210d6028-2152-4683-81ff-347b0d29bb13/datanode-3/data/ratis/7b21afb8-f5ee-4673-90d5-9d2959e62da3: Starting segment from index:0
2019-09-19 14:21:56,190 [1190b9a7-12b1-4c15-b33e-f7d0a0cd436c:group-9EB942FC9E99:LeaderElection170] INFO  segmented.SegmentedRaftLogWorker (SegmentedRaftLogWorker.java:startLogSegment(380)) - 1190b9a7-12b1-4c15-b33e-f7d0a0cd436c-SegmentedRaftLogWorker:Storage Directory /workdir/hadoop-ozone/integration-test/target/test-dir/MiniOzoneClusterImpl-210d6028-2152-4683-81ff-347b0d29bb13/datanode-4/data/ratis/f50ebf51-4b2a-4369-b91f-9eb942fc9e99: Starting segment from index:0
2019-09-19 14:21:56,190 [306a7a99-f2a5-4f40-b42b-2fc2def08a6a-SegmentedRaftLogWorker:Storage Directory /workdir/hadoop-ozone/integration-test/target/test-dir/MiniOzoneClusterImpl-210d6028-2152-4683-81ff-347b0d29bb13/datanode-2/data/ratis/6b0a855c-a132-41d9-8c10-26e40af3ae02] INFO  impl.RaftServerImpl (RaftServerImpl.java:lambda$shutdown$3(245)) - 306a7a99-f2a5-4f40-b42b-2fc2def08a6a: shutdown group-26E40AF3AE02
2019-09-19 14:21:56,189 [5dfaa0ea-416a-422c-a75d-43311aceb00a-SegmentedRaftLogWorker:Storage Directory /workdir/hadoop-ozone/integration-test/target/test-dir/MiniOzoneClusterImpl-210d6028-2152-4683-81ff-347b0d29bb13/datanode-1/data/ratis/ab5b533a-6c39-466f-ba27-434f2440a2f3] INFO  impl.RaftServerImpl (RaftServerImpl.java:lambda$shutdown$3(245)) - 5dfaa0ea-416a-422c-a75d-43311aceb00a: shutdown group-434F2440A2F3
2019-09-19 14:21:56,189 [1190b9a7-12b1-4c15-b33e-f7d0a0cd436c-SegmentedRaftLogWorker:Storage Directory /workdir/hadoop-ozone/integration-test/target/test-dir/MiniOzoneClusterImpl-210d6028-2152-4683-81ff-347b0d29bb13/datanode-4/data/ratis/3fa0b3b8-7919-4878-a5d9-cb3d96f0ad97] INFO  impl.RaftServerImpl (RaftServerImpl.java:lambda$shutdown$3(245)) - 1190b9a7-12b1-4c15-b33e-f7d0a0cd436c: shutdown group-CB3D96F0AD97
2019-09-19 14:21:58,357 | INFO  | SCMAudit | user=jenkins1000 | ip=192.168.157.226 | op=SEND_HEARTBEAT {datanodeUUID=1190b9a7-12b1-4c15-b33e-f7d0a0cd436c, command=[]} | ret=SUCCESS |  
2019-09-19 14:21:58,357 | INFO  | SCMAudit | user=jenkins1000 | ip=192.168.157.226 | op=SEND_HEARTBEAT {datanodeUUID=5dfaa0ea-416a-422c-a75d-43311aceb00a, command=[]} | ret=SUCCESS |  
2019-09-19 14:21:58,357 | INFO  | SCMAudit | user=jenkins1000 | ip=192.168.157.226 | op=SEND_HEARTBEAT {datanodeUUID=431517c4-8c09-4790-b37b-2e132c8143ad, command=[]} | ret=SUCCESS |  
2019-09-19 14:21:56,189 [pool-27-thread-1] INFO  ratis.ContainerStateMachine (ContainerStateMachine.java:loadSnapshot(226)) - group-C123BBC42C4F: The snapshot info is null. Setting the last applied indexto:(t:0, i:~)
2019-09-19 14:21:58,357 | INFO  | SCMAudit | user=jenkins1000 | ip=192.168.157.226 | op=SEND_HEARTBEAT {datanodeUUID=56d21ab3-8f6d-44ea-b961-c721a1c09246, command=[]} | ret=SUCCESS |  
2019-09-19 14:21:56,189 [6403e584-2209-453b-b79e-eeb0a7b58516:group-29A035CB2198:LeaderElection189] INFO  server.RaftServerConfigKeys (ConfUtils.java:logGet(43)) - raft.server.watch.element-limit = 65536 (default)
2019-09-19 14:21:55,907 [306a7a99-f2a5-4f40-b42b-2fc2def08a6a:group-AE1E2B007A31:LeaderElection178] INFO  impl.RoleInfo (RoleInfo.java:updateAndGet(143)) - 306a7a99-f2a5-4f40-b42b-2fc2def08a6a: start LeaderState
2019-09-19 14:21:56,185 [Thread-1171] INFO  impl.FollowerState (FollowerState.java:run(106)) - 6403e584-2209-453b-b79e-eeb0a7b58516:group-9C7F6C0F9370 changes to CANDIDATE, lastRpcTime:12484, electionTimeout:5011ms
2019-09-19 14:21:58,358 [306a7a99-f2a5-4f40-b42b-2fc2def08a6a:group-AE1E2B007A31:LeaderElection178] INFO  segmented.SegmentedRaftLogWorker (SegmentedRaftLogWorker.java:startLogSegment(380)) - 306a7a99-f2a5-4f40-b42b-2fc2def08a6a-SegmentedRaftLogWorker:Storage Directory /workdir/hadoop-ozone/integration-test/target/test-dir/MiniOzoneClusterImpl-210d6028-2152-4683-81ff-347b0d29bb13/datanode-2/data/ratis/e21d9e0f-eec2-4a25-919d-ae1e2b007a31: Starting segment from index:0
2019-09-19 14:21:58,358 | INFO  | SCMAudit | user=jenkins1000 | ip=192.168.157.226 | op=SEND_HEARTBEAT {datanodeUUID=85c6a9f3-b9a5-43a5-ac4f-9aa7bd5f2263, command=[]} | ret=SUCCESS |  
2019-09-19 14:21:56,185 [Thread-1142] INFO  impl.FollowerState (FollowerState.java:run(106)) - 6403e584-2209-453b-b79e-eeb0a7b58516:group-DA1F723C087E changes to CANDIDATE, lastRpcTime:13578, electionTimeout:5009ms
2019-09-19 14:21:56,185 [Thread-938] INFO  impl.FollowerState (FollowerState.java:run(106)) - 6403e584-2209-453b-b79e-eeb0a7b58516:group-30BC58179734 changes to CANDIDATE, lastRpcTime:17226, electionTimeout:5012ms
2019-09-19 14:21:56,185 [Thread-1151] INFO  impl.FollowerState (FollowerState.java:run(106)) - 431517c4-8c09-4790-b37b-2e132c8143ad:group-F80C7D5A709A changes to CANDIDATE, lastRpcTime:13115, electionTimeout:5015ms
2019-09-19 14:21:56,185 [Thread-875] INFO  impl.FollowerState (FollowerState.java:run(106)) - 6403e584-2209-453b-b79e-eeb0a7b58516:group-A0DEC22EACB4 changes to CANDIDATE, lastRpcTime:17957, electionTimeout:5020ms
2019-09-19 14:21:56,185 [Thread-851] INFO  impl.FollowerState (FollowerState.java:run(106)) - 1190b9a7-12b1-4c15-b33e-f7d0a0cd436c:group-2609E2E2A622 changes to CANDIDATE, lastRpcTime:18059, electionTimeout:5025ms
2019-09-19 14:21:56,185 [Thread-1145] INFO  impl.FollowerState (FollowerState.java:run(106)) - 85c6a9f3-b9a5-43a5-ac4f-9aa7bd5f2263:group-CD6B5254D037 changes to CANDIDATE, lastRpcTime:13415, electionTimeout:5047ms
2019-09-19 14:21:56,185 [Thread-850] INFO  impl.FollowerState (FollowerState.java:run(106)) - 5dfaa0ea-416a-422c-a75d-43311aceb00a:group-2609E2E2A622 changes to CANDIDATE, lastRpcTime:18060, electionTimeout:5058ms
2019-09-19 14:21:56,185 [Thread-947] INFO  impl.FollowerState (FollowerState.java:run(106)) - 6403e584-2209-453b-b79e-eeb0a7b58516:group-43FD3CF4C782 changes to CANDIDATE, lastRpcTime:17109, electionTimeout:5085ms
2019-09-19 14:21:58,520 [Thread-947] INFO  impl.RoleInfo (RoleInfo.java:shutdownFollowerState(121)) - 6403e584-2209-453b-b79e-eeb0a7b58516: shutdown FollowerState
2019-09-19 14:21:55,907 [5dfaa0ea-416a-422c-a75d-43311aceb00a:group-B95D7947D5CA:LeaderElection169] INFO  impl.RoleInfo (RoleInfo.java:updateAndGet(143)) - 5dfaa0ea-416a-422c-a75d-43311aceb00a: start LeaderState
2019-09-19 14:21:55,687 [6403e584-2209-453b-b79e-eeb0a7b58516:group-09385C648829:LeaderElection160] INFO  segmented.SegmentedRaftLogWorker (SegmentedRaftLogWorker.java:startLogSegment(380)) - 6403e584-2209-453b-b79e-eeb0a7b58516-SegmentedRaftLogWorker:Storage Directory /workdir/hadoop-ozone/integration-test/target/test-dir/MiniOzoneClusterImpl-210d6028-2152-4683-81ff-347b0d29bb13/datanode-3/data/ratis/bde1a984-ed08-48bb-9716-09385c648829: Starting segment from index:0
2019-09-19 14:21:55,687 [5dfaa0ea-416a-422c-a75d-43311aceb00a:group-D69F920C77B2:LeaderElection186] INFO  impl.RaftServerImpl (ServerState.java:setRaftConf(361)) - 5dfaa0ea-416a-422c-a75d-43311aceb00a:group-D69F920C77B2 set configuration 0: [5dfaa0ea-416a-422c-a75d-43311aceb00a:192.168.157.226:45629], old=null at 0
2019-09-19 14:21:58,521 | INFO  | SCMAudit | user=jenkins1000 | ip=192.168.157.226 | op=SEND_HEARTBEAT {datanodeUUID=6403e584-2209-453b-b79e-eeb0a7b58516, command=[]} | ret=SUCCESS |  
2019-09-19 14:21:55,687 [85c6a9f3-b9a5-43a5-ac4f-9aa7bd5f2263:group-A5C201119BCC:LeaderElection174] INFO  impl.RaftServerImpl (ServerState.java:setRaftConf(361)) - 85c6a9f3-b9a5-43a5-ac4f-9aa7bd5f2263:group-A5C201119BCC set configuration 0: [85c6a9f3-b9a5-43a5-ac4f-9aa7bd5f2263:192.168.157.226:45170], old=null at 0
2019-09-19 14:21:55,406 [5dfaa0ea-416a-422c-a75d-43311aceb00a:group-191F2BF7F7A4:LeaderElection187] INFO  impl.RaftServerImpl (ServerState.java:setRaftConf(361)) - 5dfaa0ea-416a-422c-a75d-43311aceb00a:group-191F2BF7F7A4 set configuration 0: [5dfaa0ea-416a-422c-a75d-43311aceb00a:192.168.157.226:45629], old=null at 0
2019-09-19 14:21:55,406 [306a7a99-f2a5-4f40-b42b-2fc2def08a6a:group-01E49D2CAF0C:LeaderElection183] INFO  impl.RoleInfo (RoleInfo.java:updateAndGet(143)) - 306a7a99-f2a5-4f40-b42b-2fc2def08a6a: start LeaderState
2019-09-19 14:21:55,406 [306a7a99-f2a5-4f40-b42b-2fc2def08a6a:group-ADCADC9576A0:LeaderElection184] INFO  segmented.SegmentedRaftLogWorker (SegmentedRaftLogWorker.java:startLogSegment(380)) - 306a7a99-f2a5-4f40-b42b-2fc2def08a6a-SegmentedRaftLogWorker:Storage Directory /workdir/hadoop-ozone/integration-test/target/test-dir/MiniOzoneClusterImpl-210d6028-2152-4683-81ff-347b0d29bb13/datanode-2/data/ratis/7fbca07c-e3b4-4c77-9bde-adcadc9576a0: Starting segment from index:0
2019-09-19 14:21:55,405 [1190b9a7-12b1-4c15-b33e-f7d0a0cd436c-SegmentedRaftLogWorker:Storage Directory /workdir/hadoop-ozone/integration-test/target/test-dir/MiniOzoneClusterImpl-210d6028-2152-4683-81ff-347b0d29bb13/datanode-4/data/ratis/aef45801-cb89-4e1e-bcc4-e32ecd57e9e2] INFO  impl.RaftServerImpl (RaftServerImpl.java:lambda$shutdown$3(245)) - 1190b9a7-12b1-4c15-b33e-f7d0a0cd436c: shutdown group-E32ECD57E9E2
2019-09-19 14:21:55,405 [85c6a9f3-b9a5-43a5-ac4f-9aa7bd5f2263-SegmentedRaftLogWorker:Storage Directory /workdir/hadoop-ozone/integration-test/target/test-dir/MiniOzoneClusterImpl-210d6028-2152-4683-81ff-347b0d29bb13/datanode-0/data/ratis/d17e548c-8a62-43ac-bc0b-e11a284d5e69] INFO  impl.RaftServerImpl (RaftServerImpl.java:lambda$shutdown$3(245)) - 85c6a9f3-b9a5-43a5-ac4f-9aa7bd5f2263: shutdown group-E11A284D5E69
2019-09-19 14:21:55,405 [431517c4-8c09-4790-b37b-2e132c8143ad-SegmentedRaftLogWorker:Storage Directory /workdir/hadoop-ozone/integration-test/target/test-dir/MiniOzoneClusterImpl-210d6028-2152-4683-81ff-347b0d29bb13/datanode-5/data/ratis/fd2672d3-dd70-4558-98a0-d5017db46417] INFO  util.JmxRegister (JmxRegister.java:unregister(73)) - Successfully un-registered JMX Bean with object name Ratis:service=RaftServer,group=group-D5017DB46417,id=431517c4-8c09-4790-b37b-2e132c8143ad
2019-09-19 14:21:58,839 [431517c4-8c09-4790-b37b-2e132c8143ad-SegmentedRaftLogWorker:Storage Directory /workdir/hadoop-ozone/integration-test/target/test-dir/MiniOzoneClusterImpl-210d6028-2152-4683-81ff-347b0d29bb13/datanode-5/data/ratis/fd2672d3-dd70-4558-98a0-d5017db46417] INFO  impl.RoleInfo (RoleInfo.java:shutdownLeaderState(104)) - 431517c4-8c09-4790-b37b-2e132c8143ad: shutdown LeaderState
2019-09-19 14:21:55,404 [85c6a9f3-b9a5-43a5-ac4f-9aa7bd5f2263-SegmentedRaftLogWorker:Storage Directory /workdir/hadoop-ozone/integration-test/target/test-dir/MiniOzoneClusterImpl-210d6028-2152-4683-81ff-347b0d29bb13/datanode-0/data/ratis/bb007223-e64a-4e98-94ec-af4afe69bc98] INFO  impl.RaftServerImpl (RaftServerImpl.java:lambda$shutdown$3(245)) - 85c6a9f3-b9a5-43a5-ac4f-9aa7bd5f2263: shutdown group-AF4AFE69BC98
2019-09-19 14:21:55,404 [85c6a9f3-b9a5-43a5-ac4f-9aa7bd5f2263-SegmentedRaftLogWorker:Storage Directory /workdir/hadoop-ozone/integration-test/target/test-dir/MiniOzoneClusterImpl-210d6028-2152-4683-81ff-347b0d29bb13/datanode-0/data/ratis/beee9431-602b-412f-9914-9bf0e3e86ddd] INFO  impl.RaftServerImpl (RaftServerImpl.java:lambda$shutdown$3(245)) - 85c6a9f3-b9a5-43a5-ac4f-9aa7bd5f2263: shutdown group-9BF0E3E86DDD
2019-09-19 14:21:55,404 [85c6a9f3-b9a5-43a5-ac4f-9aa7bd5f2263-SegmentedRaftLogWorker:Storage Directory /workdir/hadoop-ozone/integration-test/target/test-dir/MiniOzoneClusterImpl-210d6028-2152-4683-81ff-347b0d29bb13/datanode-0/data/ratis/144b13c0-5c9b-441e-bdae-38451878e2da] INFO  util.JmxRegister (JmxRegister.java:unregister(73)) - Successfully un-registered JMX Bean with object name Ratis:service=RaftServer,group=group-38451878E2DA,id=85c6a9f3-b9a5-43a5-ac4f-9aa7bd5f2263
2019-09-19 14:21:55,403 [6403e584-2209-453b-b79e-eeb0a7b58516:group-BAE80F1788ED:LeaderElection181] INFO  server.RaftServerConfigKeys (ConfUtils.java:logGet(43)) - raft.server.watch.element-limit = 65536 (default)
2019-09-19 14:21:55,399 [6403e584-2209-453b-b79e-eeb0a7b58516:group-8CFE3AF44FFF:LeaderElection191] INFO  server.RaftServerConfigKeys (ConfUtils.java:logGet(43)) - raft.server.watch.element-limit = 65536 (default)
2019-09-19 14:21:55,399 [6403e584-2209-453b-b79e-eeb0a7b58516:group-8E3F95F61C0C:LeaderElection159] INFO  impl.RoleInfo (RoleInfo.java:updateAndGet(143)) - 6403e584-2209-453b-b79e-eeb0a7b58516: start LeaderState
2019-09-19 14:21:55,399 [85c6a9f3-b9a5-43a5-ac4f-9aa7bd5f2263:group-F720BA2B578E:LeaderElection179] INFO  impl.RoleInfo (RoleInfo.java:updateAndGet(143)) - 85c6a9f3-b9a5-43a5-ac4f-9aa7bd5f2263: start LeaderState
2019-09-19 14:21:55,399 [85c6a9f3-b9a5-43a5-ac4f-9aa7bd5f2263-SegmentedRaftLogWorker:Storage Directory /workdir/hadoop-ozone/integration-test/target/test-dir/MiniOzoneClusterImpl-210d6028-2152-4683-81ff-347b0d29bb13/datanode-0/data/ratis/178a1340-e2ff-41f4-9f5a-28b9763af9c6] INFO  segmented.SegmentedRaftLogWorker (SegmentedRaftLogWorker.java:close(228)) - 85c6a9f3-b9a5-43a5-ac4f-9aa7bd5f2263-SegmentedRaftLogWorker:Storage Directory /workdir/hadoop-ozone/integration-test/target/test-dir/MiniOzoneClusterImpl-210d6028-2152-4683-81ff-347b0d29bb13/datanode-0/data/ratis/178a1340-e2ff-41f4-9f5a-28b9763af9c6 close()
2019-09-19 14:21:58,840 [85c6a9f3-b9a5-43a5-ac4f-9aa7bd5f2263:group-F720BA2B578E:LeaderElection179] INFO  segmented.SegmentedRaftLogWorker (SegmentedRaftLogWorker.java:startLogSegment(380)) - 85c6a9f3-b9a5-43a5-ac4f-9aa7bd5f2263-SegmentedRaftLogWorker:Storage Directory /workdir/hadoop-ozone/integration-test/target/test-dir/MiniOzoneClusterImpl-210d6028-2152-4683-81ff-347b0d29bb13/datanode-0/data/ratis/820d4892-99a1-43ee-956b-f720ba2b578e: Starting segment from index:0
2019-09-19 14:21:58,840 [6403e584-2209-453b-b79e-eeb0a7b58516:group-8E3F95F61C0C:LeaderElection159] INFO  segmented.SegmentedRaftLogWorker (SegmentedRaftLogWorker.java:startLogSegment(380)) - 6403e584-2209-453b-b79e-eeb0a7b58516-SegmentedRaftLogWorker:Storage Directory /workdir/hadoop-ozone/integration-test/target/test-dir/MiniOzoneClusterImpl-210d6028-2152-4683-81ff-347b0d29bb13/datanode-3/data/ratis/b1a9101b-e28e-4227-a49c-8e3f95f61c0c: Starting segment from index:0
2019-09-19 14:21:58,840 [6403e584-2209-453b-b79e-eeb0a7b58516:group-8CFE3AF44FFF:LeaderElection191] INFO  impl.RoleInfo (RoleInfo.java:updateAndGet(143)) - 6403e584-2209-453b-b79e-eeb0a7b58516: start LeaderState
2019-09-19 14:21:58,840 [6403e584-2209-453b-b79e-eeb0a7b58516:group-BAE80F1788ED:LeaderElection181] INFO  impl.RoleInfo (RoleInfo.java:updateAndGet(143)) - 6403e584-2209-453b-b79e-eeb0a7b58516: start LeaderState
2019-09-19 14:21:58,841 [6403e584-2209-453b-b79e-eeb0a7b58516:group-8CFE3AF44FFF:LeaderElection191] INFO  segmented.SegmentedRaftLogWorker (SegmentedRaftLogWorker.java:startLogSegment(380)) - 6403e584-2209-453b-b79e-eeb0a7b58516-SegmentedRaftLogWorker:Storage Directory /workdir/hadoop-ozone/integration-test/target/test-dir/MiniOzoneClusterImpl-210d6028-2152-4683-81ff-347b0d29bb13/datanode-3/data/ratis/5585f7d3-4d4a-466f-8783-8cfe3af44fff: Starting segment from index:0
2019-09-19 14:21:58,840 [85c6a9f3-b9a5-43a5-ac4f-9aa7bd5f2263-SegmentedRaftLogWorker:Storage Directory /workdir/hadoop-ozone/integration-test/target/test-dir/MiniOzoneClusterImpl-210d6028-2152-4683-81ff-347b0d29bb13/datanode-0/data/ratis/144b13c0-5c9b-441e-bdae-38451878e2da] INFO  impl.RoleInfo (RoleInfo.java:shutdownLeaderState(104)) - 85c6a9f3-b9a5-43a5-ac4f-9aa7bd5f2263: shutdown LeaderState
2019-09-19 14:21:58,840 [85c6a9f3-b9a5-43a5-ac4f-9aa7bd5f2263-SegmentedRaftLogWorker:Storage Directory /workdir/hadoop-ozone/integration-test/target/test-dir/MiniOzoneClusterImpl-210d6028-2152-4683-81ff-347b0d29bb13/datanode-0/data/ratis/beee9431-602b-412f-9914-9bf0e3e86ddd] INFO  util.JmxRegister (JmxRegister.java:unregister(73)) - Successfully un-registered JMX Bean with object name Ratis:service=RaftServer,group=group-9BF0E3E86DDD,id=85c6a9f3-b9a5-43a5-ac4f-9aa7bd5f2263
2019-09-19 14:21:58,840 [85c6a9f3-b9a5-43a5-ac4f-9aa7bd5f2263-SegmentedRaftLogWorker:Storage Directory /workdir/hadoop-ozone/integration-test/target/test-dir/MiniOzoneClusterImpl-210d6028-2152-4683-81ff-347b0d29bb13/datanode-0/data/ratis/bb007223-e64a-4e98-94ec-af4afe69bc98] INFO  util.JmxRegister (JmxRegister.java:unregister(73)) - Successfully un-registered JMX Bean with object name Ratis:service=RaftServer,group=group-AF4AFE69BC98,id=85c6a9f3-b9a5-43a5-ac4f-9aa7bd5f2263
2019-09-19 14:21:59,495 | INFO  | SCMAudit | user=jenkins1000 | ip=192.168.157.226 | op=SEND_HEARTBEAT {datanodeUUID=85c6a9f3-b9a5-43a5-ac4f-9aa7bd5f2263, command=[]} | ret=SUCCESS |  
2019-09-19 14:21:59,495 | INFO  | SCMAudit | user=jenkins1000 | ip=192.168.157.226 | op=SEND_HEARTBEAT {datanodeUUID=431517c4-8c09-4790-b37b-2e132c8143ad, command=[]} | ret=SUCCESS |  
2019-09-19 14:21:59,496 | INFO  | SCMAudit | user=jenkins1000 | ip=192.168.157.226 | op=SEND_HEARTBEAT {datanodeUUID=56d21ab3-8f6d-44ea-b961-c721a1c09246, command=[]} | ret=SUCCESS |  
2019-09-19 14:21:59,496 | INFO  | SCMAudit | user=jenkins1000 | ip=192.168.157.226 | op=SEND_HEARTBEAT {datanodeUUID=5dfaa0ea-416a-422c-a75d-43311aceb00a, command=[]} | ret=SUCCESS |  
2019-09-19 14:21:59,496 | INFO  | SCMAudit | user=jenkins1000 | ip=192.168.157.226 | op=SEND_HEARTBEAT {datanodeUUID=1190b9a7-12b1-4c15-b33e-f7d0a0cd436c, command=[]} | ret=SUCCESS |  
2019-09-19 14:21:59,497 | INFO  | SCMAudit | user=jenkins1000 | ip=192.168.157.226 | op=SEND_HEARTBEAT {datanodeUUID=306a7a99-f2a5-4f40-b42b-2fc2def08a6a, command=[]} | ret=SUCCESS |  
2019-09-19 14:21:58,839 [431517c4-8c09-4790-b37b-2e132c8143ad-SegmentedRaftLogWorker:Storage Directory /workdir/hadoop-ozone/integration-test/target/test-dir/MiniOzoneClusterImpl-210d6028-2152-4683-81ff-347b0d29bb13/datanode-5/data/ratis/fd2672d3-dd70-4558-98a0-d5017db46417] INFO  impl.PendingRequests (PendingRequests.java:sendNotLeaderResponses(202)) - 431517c4-8c09-4790-b37b-2e132c8143ad-PendingRequests: sendNotLeaderResponses
2019-09-19 14:21:58,839 [85c6a9f3-b9a5-43a5-ac4f-9aa7bd5f2263-SegmentedRaftLogWorker:Storage Directory /workdir/hadoop-ozone/integration-test/target/test-dir/MiniOzoneClusterImpl-210d6028-2152-4683-81ff-347b0d29bb13/datanode-0/data/ratis/d17e548c-8a62-43ac-bc0b-e11a284d5e69] INFO  util.JmxRegister (JmxRegister.java:unregister(73)) - Successfully un-registered JMX Bean with object name Ratis:service=RaftServer,group=group-E11A284D5E69,id=85c6a9f3-b9a5-43a5-ac4f-9aa7bd5f2263
2019-09-19 14:21:58,685 [306a7a99-f2a5-4f40-b42b-2fc2def08a6a:group-ADCADC9576A0:LeaderElection184] INFO  impl.RaftServerImpl (ServerState.java:setRaftConf(361)) - 306a7a99-f2a5-4f40-b42b-2fc2def08a6a:group-ADCADC9576A0 set configuration 0: [306a7a99-f2a5-4f40-b42b-2fc2def08a6a:192.168.157.226:42633], old=null at 0
2019-09-19 14:21:58,685 [1190b9a7-12b1-4c15-b33e-f7d0a0cd436c-SegmentedRaftLogWorker:Storage Directory /workdir/hadoop-ozone/integration-test/target/test-dir/MiniOzoneClusterImpl-210d6028-2152-4683-81ff-347b0d29bb13/datanode-4/data/ratis/aef45801-cb89-4e1e-bcc4-e32ecd57e9e2] INFO  util.JmxRegister (JmxRegister.java:unregister(73)) - Successfully un-registered JMX Bean with object name Ratis:service=RaftServer,group=group-E32ECD57E9E2,id=1190b9a7-12b1-4c15-b33e-f7d0a0cd436c
2019-09-19 14:21:59,498 [1190b9a7-12b1-4c15-b33e-f7d0a0cd436c-SegmentedRaftLogWorker:Storage Directory /workdir/hadoop-ozone/integration-test/target/test-dir/MiniOzoneClusterImpl-210d6028-2152-4683-81ff-347b0d29bb13/datanode-4/data/ratis/aef45801-cb89-4e1e-bcc4-e32ecd57e9e2] INFO  impl.RoleInfo (RoleInfo.java:shutdownLeaderState(104)) - 1190b9a7-12b1-4c15-b33e-f7d0a0cd436c: shutdown LeaderState
2019-09-19 14:21:58,684 [306a7a99-f2a5-4f40-b42b-2fc2def08a6a:group-01E49D2CAF0C:LeaderElection183] INFO  segmented.SegmentedRaftLogWorker (SegmentedRaftLogWorker.java:startLogSegment(380)) - 306a7a99-f2a5-4f40-b42b-2fc2def08a6a-SegmentedRaftLogWorker:Storage Directory /workdir/hadoop-ozone/integration-test/target/test-dir/MiniOzoneClusterImpl-210d6028-2152-4683-81ff-347b0d29bb13/datanode-2/data/ratis/03ecd4b0-83ee-4e9e-994d-01e49d2caf0c: Starting segment from index:0
2019-09-19 14:21:58,684 [5dfaa0ea-416a-422c-a75d-43311aceb00a-SegmentedRaftLogWorker:Storage Directory /workdir/hadoop-ozone/integration-test/target/test-dir/MiniOzoneClusterImpl-210d6028-2152-4683-81ff-347b0d29bb13/datanode-1/data/ratis/73c63659-0c12-4dfd-b970-230e763c684c] ERROR segmented.SegmentedRaftLogWorker (SegmentedRaftLogWorker.java:run(323)) - 5dfaa0ea-416a-422c-a75d-43311aceb00a-SegmentedRaftLogWorker:Storage Directory /workdir/hadoop-ozone/integration-test/target/test-dir/MiniOzoneClusterImpl-210d6028-2152-4683-81ff-347b0d29bb13/datanode-1/data/ratis/73c63659-0c12-4dfd-b970-230e763c684c hit exception
java.lang.OutOfMemoryError: Direct buffer memory
	at java.nio.Bits.reserveMemory(Bits.java:666)
	at java.nio.DirectByteBuffer.<init>(DirectByteBuffer.java:123)
	at java.nio.ByteBuffer.allocateDirect(ByteBuffer.java:311)
	at org.apache.ratis.server.raftlog.segmented.BufferedWriteChannel.<init>(BufferedWriteChannel.java:41)
	at org.apache.ratis.server.raftlog.segmented.SegmentedRaftLogOutputStream.<init>(SegmentedRaftLogOutputStream.java:72)
	at org.apache.ratis.server.raftlog.segmented.SegmentedRaftLogWorker$StartLogSegment.execute(SegmentedRaftLogWorker.java:566)
	at org.apache.ratis.server.raftlog.segmented.SegmentedRaftLogWorker.run(SegmentedRaftLogWorker.java:289)
	at java.lang.Thread.run(Thread.java:748)
2019-09-19 14:21:59,499 [5dfaa0ea-416a-422c-a75d-43311aceb00a-SegmentedRaftLogWorker:Storage Directory /workdir/hadoop-ozone/integration-test/target/test-dir/MiniOzoneClusterImpl-210d6028-2152-4683-81ff-347b0d29bb13/datanode-1/data/ratis/73c63659-0c12-4dfd-b970-230e763c684c] INFO  impl.RaftServerImpl (RaftServerImpl.java:lambda$shutdown$3(245)) - 5dfaa0ea-416a-422c-a75d-43311aceb00a: shutdown group-230E763C684C
2019-09-19 14:21:58,521 [6403e584-2209-453b-b79e-eeb0a7b58516:group-09385C648829:LeaderElection160] INFO  impl.RaftServerImpl (ServerState.java:setRaftConf(361)) - 6403e584-2209-453b-b79e-eeb0a7b58516:group-09385C648829 set configuration 0: [6403e584-2209-453b-b79e-eeb0a7b58516:192.168.157.226:35833], old=null at 0
2019-09-19 14:21:58,521 [5dfaa0ea-416a-422c-a75d-43311aceb00a:group-B95D7947D5CA:LeaderElection169] INFO  segmented.SegmentedRaftLogWorker (SegmentedRaftLogWorker.java:startLogSegment(380)) - 5dfaa0ea-416a-422c-a75d-43311aceb00a-SegmentedRaftLogWorker:Storage Directory /workdir/hadoop-ozone/integration-test/target/test-dir/MiniOzoneClusterImpl-210d6028-2152-4683-81ff-347b0d29bb13/datanode-1/data/ratis/b6642c7c-3bc4-4e44-9ba5-b95d7947d5ca: Starting segment from index:0
2019-09-19 14:21:58,520 [Thread-947] INFO  impl.RaftServerImpl (RaftServerImpl.java:setRole(171)) - 6403e584-2209-453b-b79e-eeb0a7b58516:group-43FD3CF4C782 changes role from FOLLOWER to CANDIDATE at term 0 for changeToCandidate
2019-09-19 14:21:59,720 | INFO  | SCMAudit | user=jenkins1000 | ip=192.168.157.226 | op=SEND_HEARTBEAT {datanodeUUID=6403e584-2209-453b-b79e-eeb0a7b58516, command=[]} | ret=SUCCESS |  
2019-09-19 14:21:58,520 [Thread-850] INFO  impl.RoleInfo (RoleInfo.java:shutdownFollowerState(121)) - 5dfaa0ea-416a-422c-a75d-43311aceb00a: shutdown FollowerState
2019-09-19 14:21:58,520 [RATISCREATEPIPELINE0] ERROR pipeline.RatisPipelineProvider (RatisPipelineProvider.java:lambda$null$2(182)) - Failed invoke Ratis rpc org.apache.hadoop.hdds.scm.pipeline.RatisPipelineProvider$$Lambda$167/58700986@5d186f23 for 306a7a99-f2a5-4f40-b42b-2fc2def08a6a
org.apache.ratis.protocol.TimeoutIOException: deadline exceeded after 2996160236ns
	at org.apache.ratis.grpc.GrpcUtil.tryUnwrapException(GrpcUtil.java:82)
	at org.apache.ratis.grpc.GrpcUtil.unwrapException(GrpcUtil.java:75)
	at org.apache.ratis.grpc.client.GrpcClientProtocolClient.blockingCall(GrpcClientProtocolClient.java:169)
	at org.apache.ratis.grpc.client.GrpcClientProtocolClient.groupAdd(GrpcClientProtocolClient.java:138)
	at org.apache.ratis.grpc.client.GrpcClientRpc.sendRequest(GrpcClientRpc.java:94)
	at org.apache.ratis.client.impl.RaftClientImpl.sendRequest(RaftClientImpl.java:279)
	at org.apache.ratis.client.impl.RaftClientImpl.groupAdd(RaftClientImpl.java:206)
	at org.apache.hadoop.hdds.scm.pipeline.RatisPipelineProvider.lambda$initializePipeline$1(RatisPipelineProvider.java:141)
	at org.apache.hadoop.hdds.scm.pipeline.RatisPipelineProvider.lambda$null$2(RatisPipelineProvider.java:178)
	at java.util.stream.ForEachOps$ForEachOp$OfRef.accept(ForEachOps.java:184)
	at java.util.ArrayList$ArrayListSpliterator.forEachRemaining(ArrayList.java:1382)
	at java.util.stream.AbstractPipeline.copyInto(AbstractPipeline.java:482)
	at java.util.stream.ForEachOps$ForEachTask.compute(ForEachOps.java:291)
	at java.util.concurrent.CountedCompleter.exec(CountedCompleter.java:731)
	at java.util.concurrent.ForkJoinTask.doExec(ForkJoinTask.java:289)
	at java.util.concurrent.ForkJoinPool$WorkQueue.runTask(ForkJoinPool.java:1056)
	at java.util.concurrent.ForkJoinPool.runWorker(ForkJoinPool.java:1692)
	at java.util.concurrent.ForkJoinWorkerThread.run(ForkJoinWorkerThread.java:157)
Caused by: org.apache.ratis.thirdparty.io.grpc.StatusRuntimeException: DEADLINE_EXCEEDED: deadline exceeded after 2996160236ns
	at org.apache.ratis.thirdparty.io.grpc.stub.ClientCalls.toStatusRuntimeException(ClientCalls.java:233)
	at org.apache.ratis.thirdparty.io.grpc.stub.ClientCalls.getUnchecked(ClientCalls.java:214)
	at org.apache.ratis.thirdparty.io.grpc.stub.ClientCalls.blockingUnaryCall(ClientCalls.java:139)
	at org.apache.ratis.proto.grpc.AdminProtocolServiceGrpc$AdminProtocolServiceBlockingStub.groupManagement(AdminProtocolServiceGrpc.java:274)
	at org.apache.ratis.grpc.client.GrpcClientProtocolClient.lambda$groupAdd$3(GrpcClientProtocolClient.java:140)
	at org.apache.ratis.grpc.client.GrpcClientProtocolClient.blockingCall(GrpcClientProtocolClient.java:167)
	... 15 more
2019-09-19 14:21:58,520 [RATISCREATEPIPELINE2] ERROR pipeline.RatisPipelineProvider (RatisPipelineProvider.java:lambda$null$2(182)) - Failed invoke Ratis rpc org.apache.hadoop.hdds.scm.pipeline.RatisPipelineProvider$$Lambda$167/58700986@5d186f23 for 85c6a9f3-b9a5-43a5-ac4f-9aa7bd5f2263
org.apache.ratis.protocol.TimeoutIOException: deadline exceeded after 2999778385ns
	at org.apache.ratis.grpc.GrpcUtil.tryUnwrapException(GrpcUtil.java:82)
	at org.apache.ratis.grpc.GrpcUtil.unwrapException(GrpcUtil.java:75)
	at org.apache.ratis.grpc.client.GrpcClientProtocolClient.blockingCall(GrpcClientProtocolClient.java:169)
	at org.apache.ratis.grpc.client.GrpcClientProtocolClient.groupAdd(GrpcClientProtocolClient.java:138)
	at org.apache.ratis.grpc.client.GrpcClientRpc.sendRequest(GrpcClientRpc.java:94)
	at org.apache.ratis.client.impl.RaftClientImpl.sendRequest(RaftClientImpl.java:279)
	at org.apache.ratis.client.impl.RaftClientImpl.groupAdd(RaftClientImpl.java:206)
	at org.apache.hadoop.hdds.scm.pipeline.RatisPipelineProvider.lambda$initializePipeline$1(RatisPipelineProvider.java:141)
	at org.apache.hadoop.hdds.scm.pipeline.RatisPipelineProvider.lambda$null$2(RatisPipelineProvider.java:178)
	at java.util.stream.ForEachOps$ForEachOp$OfRef.accept(ForEachOps.java:184)
	at java.util.ArrayList$ArrayListSpliterator.forEachRemaining(ArrayList.java:1382)
	at java.util.stream.AbstractPipeline.copyInto(AbstractPipeline.java:482)
	at java.util.stream.ForEachOps$ForEachTask.compute(ForEachOps.java:291)
	at java.util.concurrent.CountedCompleter.exec(CountedCompleter.java:731)
	at java.util.concurrent.ForkJoinTask.doExec(ForkJoinTask.java:289)
	at java.util.concurrent.ForkJoinTask.doInvoke(ForkJoinTask.java:401)
	at java.util.concurrent.ForkJoinTask.invoke(ForkJoinTask.java:734)
	at java.util.stream.ForEachOps$ForEachOp.evaluateParallel(ForEachOps.java:160)
	at java.util.stream.ForEachOps$ForEachOp$OfRef.evaluateParallel(ForEachOps.java:174)
	at java.util.stream.AbstractPipeline.evaluate(AbstractPipeline.java:233)
	at java.util.stream.ReferencePipeline.forEach(ReferencePipeline.java:418)
	at java.util.stream.ReferencePipeline$Head.forEach(ReferencePipeline.java:583)
	at org.apache.hadoop.hdds.scm.pipeline.RatisPipelineProvider.lambda$callRatisRpc$3(RatisPipelineProvider.java:172)
	at java.util.concurrent.ForkJoinTask$AdaptedRunnableAction.exec(ForkJoinTask.java:1386)
	at java.util.concurrent.ForkJoinTask.doExec(ForkJoinTask.java:289)
	at java.util.concurrent.ForkJoinPool$WorkQueue.runTask(ForkJoinPool.java:1056)
	at java.util.concurrent.ForkJoinPool.runWorker(ForkJoinPool.java:1692)
	at java.util.concurrent.ForkJoinWorkerThread.run(ForkJoinWorkerThread.java:157)
Caused by: org.apache.ratis.thirdparty.io.grpc.StatusRuntimeException: DEADLINE_EXCEEDED: deadline exceeded after 2999778385ns
	at org.apache.ratis.thirdparty.io.grpc.stub.ClientCalls.toStatusRuntimeException(ClientCalls.java:233)
	at org.apache.ratis.thirdparty.io.grpc.stub.ClientCalls.getUnchecked(ClientCalls.java:214)
	at org.apache.ratis.thirdparty.io.grpc.stub.ClientCalls.blockingUnaryCall(ClientCalls.java:139)
	at org.apache.ratis.proto.grpc.AdminProtocolServiceGrpc$AdminProtocolServiceBlockingStub.groupManagement(AdminProtocolServiceGrpc.java:274)
	at org.apache.ratis.grpc.client.GrpcClientProtocolClient.lambda$groupAdd$3(GrpcClientProtocolClient.java:140)
	at org.apache.ratis.grpc.client.GrpcClientProtocolClient.blockingCall(GrpcClientProtocolClient.java:167)
	... 25 more
2019-09-19 14:21:58,520 [RATISCREATEPIPELINE3] ERROR pipeline.RatisPipelineProvider (RatisPipelineProvider.java:lambda$null$2(182)) - Failed invoke Ratis rpc org.apache.hadoop.hdds.scm.pipeline.RatisPipelineProvider$$Lambda$167/58700986@5d186f23 for 6403e584-2209-453b-b79e-eeb0a7b58516
org.apache.ratis.protocol.TimeoutIOException: deadline exceeded after 2999697237ns
	at org.apache.ratis.grpc.GrpcUtil.tryUnwrapException(GrpcUtil.java:82)
	at org.apache.ratis.grpc.GrpcUtil.unwrapException(GrpcUtil.java:75)
	at org.apache.ratis.grpc.client.GrpcClientProtocolClient.blockingCall(GrpcClientProtocolClient.java:169)
	at org.apache.ratis.grpc.client.GrpcClientProtocolClient.groupAdd(GrpcClientProtocolClient.java:138)
	at org.apache.ratis.grpc.client.GrpcClientRpc.sendRequest(GrpcClientRpc.java:94)
	at org.apache.ratis.client.impl.RaftClientImpl.sendRequest(RaftClientImpl.java:279)
	at org.apache.ratis.client.impl.RaftClientImpl.groupAdd(RaftClientImpl.java:206)
	at org.apache.hadoop.hdds.scm.pipeline.RatisPipelineProvider.lambda$initializePipeline$1(RatisPipelineProvider.java:141)
	at org.apache.hadoop.hdds.scm.pipeline.RatisPipelineProvider.lambda$null$2(RatisPipelineProvider.java:178)
	at java.util.stream.ForEachOps$ForEachOp$OfRef.accept(ForEachOps.java:184)
	at java.util.ArrayList$ArrayListSpliterator.forEachRemaining(ArrayList.java:1382)
	at java.util.stream.AbstractPipeline.copyInto(AbstractPipeline.java:482)
	at java.util.stream.ForEachOps$ForEachTask.compute(ForEachOps.java:291)
	at java.util.concurrent.CountedCompleter.exec(CountedCompleter.java:731)
	at java.util.concurrent.ForkJoinTask.doExec(ForkJoinTask.java:289)
	at java.util.concurrent.ForkJoinPool$WorkQueue.runTask(ForkJoinPool.java:1056)
	at java.util.concurrent.ForkJoinPool.runWorker(ForkJoinPool.java:1692)
	at java.util.concurrent.ForkJoinWorkerThread.run(ForkJoinWorkerThread.java:157)
Caused by: org.apache.ratis.thirdparty.io.grpc.StatusRuntimeException: DEADLINE_EXCEEDED: deadline exceeded after 2999697237ns
	at org.apache.ratis.thirdparty.io.grpc.stub.ClientCalls.toStatusRuntimeException(ClientCalls.java:233)
	at org.apache.ratis.thirdparty.io.grpc.stub.ClientCalls.getUnchecked(ClientCalls.java:214)
	at org.apache.ratis.thirdparty.io.grpc.stub.ClientCalls.blockingUnaryCall(ClientCalls.java:139)
	at org.apache.ratis.proto.grpc.AdminProtocolServiceGrpc$AdminProtocolServiceBlockingStub.groupManagement(AdminProtocolServiceGrpc.java:274)
	at org.apache.ratis.grpc.client.GrpcClientProtocolClient.lambda$groupAdd$3(GrpcClientProtocolClient.java:140)
	at org.apache.ratis.grpc.client.GrpcClientProtocolClient.blockingCall(GrpcClientProtocolClient.java:167)
	... 15 more
2019-09-19 14:21:58,520 [Thread-1145] INFO  impl.RoleInfo (RoleInfo.java:shutdownFollowerState(121)) - 85c6a9f3-b9a5-43a5-ac4f-9aa7bd5f2263: shutdown FollowerState
2019-09-19 14:21:58,520 [Thread-851] INFO  impl.RoleInfo (RoleInfo.java:shutdownFollowerState(121)) - 1190b9a7-12b1-4c15-b33e-f7d0a0cd436c: shutdown FollowerState
2019-09-19 14:21:59,956 [Thread-851] INFO  impl.RaftServerImpl (RaftServerImpl.java:setRole(171)) - 1190b9a7-12b1-4c15-b33e-f7d0a0cd436c:group-2609E2E2A622 changes role from FOLLOWER to CANDIDATE at term 0 for changeToCandidate
2019-09-19 14:21:58,520 [Thread-875] INFO  impl.RoleInfo (RoleInfo.java:shutdownFollowerState(121)) - 6403e584-2209-453b-b79e-eeb0a7b58516: shutdown FollowerState
2019-09-19 14:21:59,956 [Thread-875] INFO  impl.RaftServerImpl (RaftServerImpl.java:setRole(171)) - 6403e584-2209-453b-b79e-eeb0a7b58516:group-A0DEC22EACB4 changes role from FOLLOWER to CANDIDATE at term 0 for changeToCandidate
2019-09-19 14:21:58,520 [6403e584-2209-453b-b79e-eeb0a7b58516-SegmentedRaftLogWorker:Storage Directory /workdir/hadoop-ozone/integration-test/target/test-dir/MiniOzoneClusterImpl-210d6028-2152-4683-81ff-347b0d29bb13/datanode-3/data/ratis/d229195b-d3bd-4feb-ae52-0d5e299a7331] ERROR segmented.SegmentedRaftLogWorker (SegmentedRaftLogWorker.java:run(323)) - 6403e584-2209-453b-b79e-eeb0a7b58516-SegmentedRaftLogWorker:Storage Directory /workdir/hadoop-ozone/integration-test/target/test-dir/MiniOzoneClusterImpl-210d6028-2152-4683-81ff-347b0d29bb13/datanode-3/data/ratis/d229195b-d3bd-4feb-ae52-0d5e299a7331 hit exception
java.lang.OutOfMemoryError: Direct buffer memory
	at java.nio.Bits.reserveMemory(Bits.java:666)
	at java.nio.DirectByteBuffer.<init>(DirectByteBuffer.java:123)
	at java.nio.ByteBuffer.allocateDirect(ByteBuffer.java:311)
	at org.apache.ratis.server.raftlog.segmented.BufferedWriteChannel.<init>(BufferedWriteChannel.java:41)
	at org.apache.ratis.server.raftlog.segmented.SegmentedRaftLogOutputStream.<init>(SegmentedRaftLogOutputStream.java:72)
	at org.apache.ratis.server.raftlog.segmented.SegmentedRaftLogWorker$StartLogSegment.execute(SegmentedRaftLogWorker.java:566)
	at org.apache.ratis.server.raftlog.segmented.SegmentedRaftLogWorker.run(SegmentedRaftLogWorker.java:289)
	at java.lang.Thread.run(Thread.java:748)
2019-09-19 14:21:59,957 [6403e584-2209-453b-b79e-eeb0a7b58516-SegmentedRaftLogWorker:Storage Directory /workdir/hadoop-ozone/integration-test/target/test-dir/MiniOzoneClusterImpl-210d6028-2152-4683-81ff-347b0d29bb13/datanode-3/data/ratis/d229195b-d3bd-4feb-ae52-0d5e299a7331] INFO  impl.RaftServerImpl (RaftServerImpl.java:lambda$shutdown$3(245)) - 6403e584-2209-453b-b79e-eeb0a7b58516: shutdown group-0D5E299A7331
2019-09-19 14:21:58,520 [5dfaa0ea-416a-422c-a75d-43311aceb00a-SegmentedRaftLogWorker:Storage Directory /workdir/hadoop-ozone/integration-test/target/test-dir/MiniOzoneClusterImpl-210d6028-2152-4683-81ff-347b0d29bb13/datanode-1/data/ratis/613f29da-297b-471f-ba42-9f8238b9215e] ERROR segmented.SegmentedRaftLogWorker (SegmentedRaftLogWorker.java:run(323)) - 5dfaa0ea-416a-422c-a75d-43311aceb00a-SegmentedRaftLogWorker:Storage Directory /workdir/hadoop-ozone/integration-test/target/test-dir/MiniOzoneClusterImpl-210d6028-2152-4683-81ff-347b0d29bb13/datanode-1/data/ratis/613f29da-297b-471f-ba42-9f8238b9215e hit exception
java.lang.OutOfMemoryError: Direct buffer memory
	at java.nio.Bits.reserveMemory(Bits.java:666)
	at java.nio.DirectByteBuffer.<init>(DirectByteBuffer.java:123)
	at java.nio.ByteBuffer.allocateDirect(ByteBuffer.java:311)
	at org.apache.ratis.server.raftlog.segmented.BufferedWriteChannel.<init>(BufferedWriteChannel.java:41)
	at org.apache.ratis.server.raftlog.segmented.SegmentedRaftLogOutputStream.<init>(SegmentedRaftLogOutputStream.java:72)
	at org.apache.ratis.server.raftlog.segmented.SegmentedRaftLogWorker$StartLogSegment.execute(SegmentedRaftLogWorker.java:566)
	at org.apache.ratis.server.raftlog.segmented.SegmentedRaftLogWorker.run(SegmentedRaftLogWorker.java:289)
	at java.lang.Thread.run(Thread.java:748)
2019-09-19 14:21:59,957 [5dfaa0ea-416a-422c-a75d-43311aceb00a-SegmentedRaftLogWorker:Storage Directory /workdir/hadoop-ozone/integration-test/target/test-dir/MiniOzoneClusterImpl-210d6028-2152-4683-81ff-347b0d29bb13/datanode-1/data/ratis/613f29da-297b-471f-ba42-9f8238b9215e] INFO  impl.RaftServerImpl (RaftServerImpl.java:lambda$shutdown$3(245)) - 5dfaa0ea-416a-422c-a75d-43311aceb00a: shutdown group-9F8238B9215E
2019-09-19 14:21:58,520 [5dfaa0ea-416a-422c-a75d-43311aceb00a-SegmentedRaftLogWorker:Storage Directory /workdir/hadoop-ozone/integration-test/target/test-dir/MiniOzoneClusterImpl-210d6028-2152-4683-81ff-347b0d29bb13/datanode-1/data/ratis/2ca22967-3872-4a27-bc0e-7f2ab031cc89] ERROR segmented.SegmentedRaftLogWorker (SegmentedRaftLogWorker.java:run(323)) - 5dfaa0ea-416a-422c-a75d-43311aceb00a-SegmentedRaftLogWorker:Storage Directory /workdir/hadoop-ozone/integration-test/target/test-dir/MiniOzoneClusterImpl-210d6028-2152-4683-81ff-347b0d29bb13/datanode-1/data/ratis/2ca22967-3872-4a27-bc0e-7f2ab031cc89 hit exception
java.lang.OutOfMemoryError: Direct buffer memory
	at java.nio.Bits.reserveMemory(Bits.java:666)
	at java.nio.DirectByteBuffer.<init>(DirectByteBuffer.java:123)
	at java.nio.ByteBuffer.allocateDirect(ByteBuffer.java:311)
	at org.apache.ratis.server.raftlog.segmented.BufferedWriteChannel.<init>(BufferedWriteChannel.java:41)
	at org.apache.ratis.server.raftlog.segmented.SegmentedRaftLogOutputStream.<init>(SegmentedRaftLogOutputStream.java:72)
	at org.apache.ratis.server.raftlog.segmented.SegmentedRaftLogWorker$StartLogSegment.execute(SegmentedRaftLogWorker.java:566)
	at org.apache.ratis.server.raftlog.segmented.SegmentedRaftLogWorker.run(SegmentedRaftLogWorker.java:289)
	at java.lang.Thread.run(Thread.java:748)
2019-09-19 14:21:59,958 [5dfaa0ea-416a-422c-a75d-43311aceb00a-SegmentedRaftLogWorker:Storage Directory /workdir/hadoop-ozone/integration-test/target/test-dir/MiniOzoneClusterImpl-210d6028-2152-4683-81ff-347b0d29bb13/datanode-1/data/ratis/2ca22967-3872-4a27-bc0e-7f2ab031cc89] INFO  impl.RaftServerImpl (RaftServerImpl.java:lambda$shutdown$3(245)) - 5dfaa0ea-416a-422c-a75d-43311aceb00a: shutdown group-7F2AB031CC89
2019-09-19 14:21:58,359 [Thread-1151] INFO  impl.RoleInfo (RoleInfo.java:shutdownFollowerState(121)) - 431517c4-8c09-4790-b37b-2e132c8143ad: shutdown FollowerState
2019-09-19 14:21:59,958 [Thread-1151] INFO  impl.RaftServerImpl (RaftServerImpl.java:setRole(171)) - 431517c4-8c09-4790-b37b-2e132c8143ad:group-F80C7D5A709A changes role from FOLLOWER to CANDIDATE at term 0 for changeToCandidate
2019-09-19 14:21:58,358 [Thread-938] INFO  impl.RoleInfo (RoleInfo.java:shutdownFollowerState(121)) - 6403e584-2209-453b-b79e-eeb0a7b58516: shutdown FollowerState
2019-09-19 14:21:59,958 [Thread-938] INFO  impl.RaftServerImpl (RaftServerImpl.java:setRole(171)) - 6403e584-2209-453b-b79e-eeb0a7b58516:group-30BC58179734 changes role from FOLLOWER to CANDIDATE at term 0 for changeToCandidate
2019-09-19 14:21:58,358 [306a7a99-f2a5-4f40-b42b-2fc2def08a6a:group-AE1E2B007A31:LeaderElection178] INFO  impl.RaftServerImpl (ServerState.java:setRaftConf(361)) - 306a7a99-f2a5-4f40-b42b-2fc2def08a6a:group-AE1E2B007A31 set configuration 0: [306a7a99-f2a5-4f40-b42b-2fc2def08a6a:192.168.157.226:42633], old=null at 0
2019-09-19 14:21:58,358 [Thread-1142] INFO  impl.RoleInfo (RoleInfo.java:shutdownFollowerState(121)) - 6403e584-2209-453b-b79e-eeb0a7b58516: shutdown FollowerState
2019-09-19 14:21:59,959 [Thread-1142] INFO  impl.RaftServerImpl (RaftServerImpl.java:setRole(171)) - 6403e584-2209-453b-b79e-eeb0a7b58516:group-DA1F723C087E changes role from FOLLOWER to CANDIDATE at term 0 for changeToCandidate
2019-09-19 14:21:58,358 [Thread-1171] INFO  impl.RoleInfo (RoleInfo.java:shutdownFollowerState(121)) - 6403e584-2209-453b-b79e-eeb0a7b58516: shutdown FollowerState
2019-09-19 14:21:59,959 [Thread-1171] INFO  impl.RaftServerImpl (RaftServerImpl.java:setRole(171)) - 6403e584-2209-453b-b79e-eeb0a7b58516:group-9C7F6C0F9370 changes role from FOLLOWER to CANDIDATE at term 0 for changeToCandidate
2019-09-19 14:21:58,358 [6403e584-2209-453b-b79e-eeb0a7b58516:group-29A035CB2198:LeaderElection189] INFO  impl.RoleInfo (RoleInfo.java:updateAndGet(143)) - 6403e584-2209-453b-b79e-eeb0a7b58516: start LeaderState
2019-09-19 14:21:58,357 [pool-27-thread-1] INFO  server.RaftServerConfigKeys (ConfUtils.java:logGet(43)) - raft.server.leader.election.timeout = 120s (custom)
2019-09-19 14:21:59,959 [6403e584-2209-453b-b79e-eeb0a7b58516:group-29A035CB2198:LeaderElection189] INFO  segmented.SegmentedRaftLogWorker (SegmentedRaftLogWorker.java:startLogSegment(380)) - 6403e584-2209-453b-b79e-eeb0a7b58516-SegmentedRaftLogWorker:Storage Directory /workdir/hadoop-ozone/integration-test/target/test-dir/MiniOzoneClusterImpl-210d6028-2152-4683-81ff-347b0d29bb13/datanode-3/data/ratis/200db9d8-d411-4cf2-bc7c-29a035cb2198: Starting segment from index:0
2019-09-19 14:21:58,357 [1190b9a7-12b1-4c15-b33e-f7d0a0cd436c-SegmentedRaftLogWorker:Storage Directory /workdir/hadoop-ozone/integration-test/target/test-dir/MiniOzoneClusterImpl-210d6028-2152-4683-81ff-347b0d29bb13/datanode-4/data/ratis/3fa0b3b8-7919-4878-a5d9-cb3d96f0ad97] INFO  util.JmxRegister (JmxRegister.java:unregister(73)) - Successfully un-registered JMX Bean with object name Ratis:service=RaftServer,group=group-CB3D96F0AD97,id=1190b9a7-12b1-4c15-b33e-f7d0a0cd436c
2019-09-19 14:21:59,960 [1190b9a7-12b1-4c15-b33e-f7d0a0cd436c-SegmentedRaftLogWorker:Storage Directory /workdir/hadoop-ozone/integration-test/target/test-dir/MiniOzoneClusterImpl-210d6028-2152-4683-81ff-347b0d29bb13/datanode-4/data/ratis/3fa0b3b8-7919-4878-a5d9-cb3d96f0ad97] INFO  impl.RoleInfo (RoleInfo.java:shutdownLeaderState(104)) - 1190b9a7-12b1-4c15-b33e-f7d0a0cd436c: shutdown LeaderState
2019-09-19 14:21:58,357 [5dfaa0ea-416a-422c-a75d-43311aceb00a-SegmentedRaftLogWorker:Storage Directory /workdir/hadoop-ozone/integration-test/target/test-dir/MiniOzoneClusterImpl-210d6028-2152-4683-81ff-347b0d29bb13/datanode-1/data/ratis/ab5b533a-6c39-466f-ba27-434f2440a2f3] INFO  util.JmxRegister (JmxRegister.java:unregister(73)) - Successfully un-registered JMX Bean with object name Ratis:service=RaftServer,group=group-434F2440A2F3,id=5dfaa0ea-416a-422c-a75d-43311aceb00a
2019-09-19 14:21:58,190 [1190b9a7-12b1-4c15-b33e-f7d0a0cd436c:group-9EB942FC9E99:LeaderElection170] INFO  impl.RaftServerImpl (ServerState.java:setRaftConf(361)) - 1190b9a7-12b1-4c15-b33e-f7d0a0cd436c:group-9EB942FC9E99 set configuration 0: [1190b9a7-12b1-4c15-b33e-f7d0a0cd436c:192.168.157.226:34463], old=null at 0
2019-09-19 14:21:58,190 [6403e584-2209-453b-b79e-eeb0a7b58516-SegmentedRaftLogWorker:Storage Directory /workdir/hadoop-ozone/integration-test/target/test-dir/MiniOzoneClusterImpl-210d6028-2152-4683-81ff-347b0d29bb13/datanode-3/data/ratis/8b8b7e75-4017-4f05-9f7a-c75f49951d14] ERROR segmented.SegmentedRaftLogWorker (SegmentedRaftLogWorker.java:run(323)) - 6403e584-2209-453b-b79e-eeb0a7b58516-SegmentedRaftLogWorker:Storage Directory /workdir/hadoop-ozone/integration-test/target/test-dir/MiniOzoneClusterImpl-210d6028-2152-4683-81ff-347b0d29bb13/datanode-3/data/ratis/8b8b7e75-4017-4f05-9f7a-c75f49951d14 hit exception
java.lang.OutOfMemoryError: Direct buffer memory
	at java.nio.Bits.reserveMemory(Bits.java:666)
	at java.nio.DirectByteBuffer.<init>(DirectByteBuffer.java:123)
	at java.nio.ByteBuffer.allocateDirect(ByteBuffer.java:311)
	at org.apache.ratis.server.raftlog.segmented.BufferedWriteChannel.<init>(BufferedWriteChannel.java:41)
	at org.apache.ratis.server.raftlog.segmented.SegmentedRaftLogOutputStream.<init>(SegmentedRaftLogOutputStream.java:72)
	at org.apache.ratis.server.raftlog.segmented.SegmentedRaftLogWorker$StartLogSegment.execute(SegmentedRaftLogWorker.java:566)
	at org.apache.ratis.server.raftlog.segmented.SegmentedRaftLogWorker.run(SegmentedRaftLogWorker.java:289)
	at java.lang.Thread.run(Thread.java:748)
2019-09-19 14:22:00,214 | INFO  | SCMAudit | user=jenkins1000 | ip=192.168.157.226 | op=SEND_HEARTBEAT {datanodeUUID=306a7a99-f2a5-4f40-b42b-2fc2def08a6a, command=[]} | ret=SUCCESS |  
2019-09-19 14:21:58,190 [6403e584-2209-453b-b79e-eeb0a7b58516-SegmentedRaftLogWorker:Storage Directory /workdir/hadoop-ozone/integration-test/target/test-dir/MiniOzoneClusterImpl-210d6028-2152-4683-81ff-347b0d29bb13/datanode-3/data/ratis/1c2eeda1-b507-4408-bb02-5908dd2eabea] ERROR segmented.SegmentedRaftLogWorker (SegmentedRaftLogWorker.java:run(323)) - 6403e584-2209-453b-b79e-eeb0a7b58516-SegmentedRaftLogWorker:Storage Directory /workdir/hadoop-ozone/integration-test/target/test-dir/MiniOzoneClusterImpl-210d6028-2152-4683-81ff-347b0d29bb13/datanode-3/data/ratis/1c2eeda1-b507-4408-bb02-5908dd2eabea hit exception
java.lang.OutOfMemoryError: Direct buffer memory
	at java.nio.Bits.reserveMemory(Bits.java:666)
	at java.nio.DirectByteBuffer.<init>(DirectByteBuffer.java:123)
	at java.nio.ByteBuffer.allocateDirect(ByteBuffer.java:311)
	at org.apache.ratis.server.raftlog.segmented.BufferedWriteChannel.<init>(BufferedWriteChannel.java:41)
	at org.apache.ratis.server.raftlog.segmented.SegmentedRaftLogOutputStream.<init>(SegmentedRaftLogOutputStream.java:72)
	at org.apache.ratis.server.raftlog.segmented.SegmentedRaftLogWorker$StartLogSegment.execute(SegmentedRaftLogWorker.java:566)
	at org.apache.ratis.server.raftlog.segmented.SegmentedRaftLogWorker.run(SegmentedRaftLogWorker.java:289)
	at java.lang.Thread.run(Thread.java:748)
2019-09-19 14:21:58,017 [306a7a99-f2a5-4f40-b42b-2fc2def08a6a-SegmentedRaftLogWorker:Storage Directory /workdir/hadoop-ozone/integration-test/target/test-dir/MiniOzoneClusterImpl-210d6028-2152-4683-81ff-347b0d29bb13/datanode-2/data/ratis/6b0a855c-a132-41d9-8c10-26e40af3ae02] INFO  util.JmxRegister (JmxRegister.java:unregister(73)) - Successfully un-registered JMX Bean with object name Ratis:service=RaftServer,group=group-26E40AF3AE02,id=306a7a99-f2a5-4f40-b42b-2fc2def08a6a
2019-09-19 14:22:00,215 [306a7a99-f2a5-4f40-b42b-2fc2def08a6a-SegmentedRaftLogWorker:Storage Directory /workdir/hadoop-ozone/integration-test/target/test-dir/MiniOzoneClusterImpl-210d6028-2152-4683-81ff-347b0d29bb13/datanode-2/data/ratis/6b0a855c-a132-41d9-8c10-26e40af3ae02] INFO  impl.RoleInfo (RoleInfo.java:shutdownLeaderState(104)) - 306a7a99-f2a5-4f40-b42b-2fc2def08a6a: shutdown LeaderState
2019-09-19 14:21:58,017 [6403e584-2209-453b-b79e-eeb0a7b58516:group-9D2959E62DA3:LeaderElection182] INFO  impl.RaftServerImpl (ServerState.java:setRaftConf(361)) - 6403e584-2209-453b-b79e-eeb0a7b58516:group-9D2959E62DA3 set configuration 0: [6403e584-2209-453b-b79e-eeb0a7b58516:192.168.157.226:35833], old=null at 0
2019-09-19 14:21:58,015 [Thread-950] INFO  impl.RaftServerImpl (RaftServerImpl.java:setRole(171)) - 5dfaa0ea-416a-422c-a75d-43311aceb00a:group-E527839BF39B changes role from FOLLOWER to CANDIDATE at term 0 for changeToCandidate
2019-09-19 14:21:58,015 [Thread-941] INFO  impl.RaftServerImpl (RaftServerImpl.java:setRole(171)) - 85c6a9f3-b9a5-43a5-ac4f-9aa7bd5f2263:group-DFD37F1207A5 changes role from FOLLOWER to CANDIDATE at term 0 for changeToCandidate
2019-09-19 14:22:00,215 [Thread-941] INFO  impl.RoleInfo (RoleInfo.java:updateAndGet(143)) - 85c6a9f3-b9a5-43a5-ac4f-9aa7bd5f2263: start LeaderElection
2019-09-19 14:21:58,015 [Thread-864] INFO  impl.RoleInfo (RoleInfo.java:shutdownFollowerState(121)) - 6403e584-2209-453b-b79e-eeb0a7b58516: shutdown FollowerState
2019-09-19 14:21:58,015 [Thread-1148] INFO  impl.RaftServerImpl (RaftServerImpl.java:setRole(171)) - 5dfaa0ea-416a-422c-a75d-43311aceb00a:group-86D4C63C40C2 changes role from FOLLOWER to CANDIDATE at term 0 for changeToCandidate
2019-09-19 14:21:58,014 [Thread-1130] INFO  impl.RoleInfo (RoleInfo.java:shutdownFollowerState(121)) - 5dfaa0ea-416a-422c-a75d-43311aceb00a: shutdown FollowerState
2019-09-19 14:21:58,014 [Thread-869] INFO  impl.RoleInfo (RoleInfo.java:shutdownFollowerState(121)) - 5dfaa0ea-416a-422c-a75d-43311aceb00a: shutdown FollowerState
2019-09-19 14:22:00,216 [Thread-869] INFO  impl.RaftServerImpl (RaftServerImpl.java:setRole(171)) - 5dfaa0ea-416a-422c-a75d-43311aceb00a:group-1DACA9507B83 changes role from FOLLOWER to CANDIDATE at term 0 for changeToCandidate
2019-09-19 14:21:57,846 [Thread-878] INFO  impl.RaftServerImpl (RaftServerImpl.java:setRole(171)) - 306a7a99-f2a5-4f40-b42b-2fc2def08a6a:group-60147ED89FF9 changes role from FOLLOWER to CANDIDATE at term 0 for changeToCandidate
2019-09-19 14:21:57,845 [Thread-944] INFO  impl.RoleInfo (RoleInfo.java:updateAndGet(143)) - 6403e584-2209-453b-b79e-eeb0a7b58516: start LeaderElection
2019-09-19 14:21:57,845 [Thread-872] INFO  impl.RaftServerImpl (RaftServerImpl.java:setRole(171)) - 6403e584-2209-453b-b79e-eeb0a7b58516:group-4E79EB7F747B changes role from FOLLOWER to CANDIDATE at term 0 for changeToCandidate
2019-09-19 14:21:57,845 [56d21ab3-8f6d-44ea-b961-c721a1c09246:group-9385F8753A99:LeaderElection161] INFO  impl.RaftServerImpl (ServerState.java:setRaftConf(361)) - 56d21ab3-8f6d-44ea-b961-c721a1c09246:group-9385F8753A99 set configuration 0: [56d21ab3-8f6d-44ea-b961-c721a1c09246:192.168.157.226:39258], old=null at 0
2019-09-19 14:21:57,845 [85c6a9f3-b9a5-43a5-ac4f-9aa7bd5f2263-SegmentedRaftLogWorker:Storage Directory /workdir/hadoop-ozone/integration-test/target/test-dir/MiniOzoneClusterImpl-210d6028-2152-4683-81ff-347b0d29bb13/datanode-0/data/ratis/a5b4024b-46c2-4dae-a6ee-a5c201119bcc] ERROR segmented.SegmentedRaftLogWorker (SegmentedRaftLogWorker.java:run(323)) - 85c6a9f3-b9a5-43a5-ac4f-9aa7bd5f2263-SegmentedRaftLogWorker:Storage Directory /workdir/hadoop-ozone/integration-test/target/test-dir/MiniOzoneClusterImpl-210d6028-2152-4683-81ff-347b0d29bb13/datanode-0/data/ratis/a5b4024b-46c2-4dae-a6ee-a5c201119bcc hit exception
java.lang.OutOfMemoryError: Direct buffer memory
	at java.nio.Bits.reserveMemory(Bits.java:666)
	at java.nio.DirectByteBuffer.<init>(DirectByteBuffer.java:123)
	at java.nio.ByteBuffer.allocateDirect(ByteBuffer.java:311)
	at org.apache.ratis.server.raftlog.segmented.BufferedWriteChannel.<init>(BufferedWriteChannel.java:41)
	at org.apache.ratis.server.raftlog.segmented.SegmentedRaftLogOutputStream.<init>(SegmentedRaftLogOutputStream.java:72)
	at org.apache.ratis.server.raftlog.segmented.SegmentedRaftLogWorker$StartLogSegment.execute(SegmentedRaftLogWorker.java:566)
	at org.apache.ratis.server.raftlog.segmented.SegmentedRaftLogWorker.run(SegmentedRaftLogWorker.java:289)
	at java.lang.Thread.run(Thread.java:748)
2019-09-19 14:22:00,218 [85c6a9f3-b9a5-43a5-ac4f-9aa7bd5f2263-SegmentedRaftLogWorker:Storage Directory /workdir/hadoop-ozone/integration-test/target/test-dir/MiniOzoneClusterImpl-210d6028-2152-4683-81ff-347b0d29bb13/datanode-0/data/ratis/a5b4024b-46c2-4dae-a6ee-a5c201119bcc] INFO  impl.RaftServerImpl (RaftServerImpl.java:lambda$shutdown$3(245)) - 85c6a9f3-b9a5-43a5-ac4f-9aa7bd5f2263: shutdown group-A5C201119BCC
2019-09-19 14:21:57,845 [5dfaa0ea-416a-422c-a75d-43311aceb00a-SegmentedRaftLogWorker:Storage Directory /workdir/hadoop-ozone/integration-test/target/test-dir/MiniOzoneClusterImpl-210d6028-2152-4683-81ff-347b0d29bb13/datanode-1/data/ratis/c2b44cf1-f9d6-4da4-a6e8-191f2bf7f7a4] ERROR segmented.SegmentedRaftLogWorker (SegmentedRaftLogWorker.java:run(323)) - 5dfaa0ea-416a-422c-a75d-43311aceb00a-SegmentedRaftLogWorker:Storage Directory /workdir/hadoop-ozone/integration-test/target/test-dir/MiniOzoneClusterImpl-210d6028-2152-4683-81ff-347b0d29bb13/datanode-1/data/ratis/c2b44cf1-f9d6-4da4-a6e8-191f2bf7f7a4 hit exception
java.lang.OutOfMemoryError: Direct buffer memory
	at java.nio.Bits.reserveMemory(Bits.java:666)
	at java.nio.DirectByteBuffer.<init>(DirectByteBuffer.java:123)
	at java.nio.ByteBuffer.allocateDirect(ByteBuffer.java:311)
	at org.apache.ratis.server.raftlog.segmented.BufferedWriteChannel.<init>(BufferedWriteChannel.java:41)
	at org.apache.ratis.server.raftlog.segmented.SegmentedRaftLogOutputStream.<init>(SegmentedRaftLogOutputStream.java:72)
	at org.apache.ratis.server.raftlog.segmented.SegmentedRaftLogWorker$StartLogSegment.execute(SegmentedRaftLogWorker.java:566)
	at org.apache.ratis.server.raftlog.segmented.SegmentedRaftLogWorker.run(SegmentedRaftLogWorker.java:289)
	at java.lang.Thread.run(Thread.java:748)
2019-09-19 14:21:57,845 [5dfaa0ea-416a-422c-a75d-43311aceb00a-SegmentedRaftLogWorker:Storage Directory /workdir/hadoop-ozone/integration-test/target/test-dir/MiniOzoneClusterImpl-210d6028-2152-4683-81ff-347b0d29bb13/datanode-1/data/ratis/3bf28a7f-8142-4f9b-8e48-d69f920c77b2] ERROR segmented.SegmentedRaftLogWorker (SegmentedRaftLogWorker.java:run(323)) - 5dfaa0ea-416a-422c-a75d-43311aceb00a-SegmentedRaftLogWorker:Storage Directory /workdir/hadoop-ozone/integration-test/target/test-dir/MiniOzoneClusterImpl-210d6028-2152-4683-81ff-347b0d29bb13/datanode-1/data/ratis/3bf28a7f-8142-4f9b-8e48-d69f920c77b2 hit exception
java.lang.OutOfMemoryError: Direct buffer memory
	at java.nio.Bits.reserveMemory(Bits.java:666)
	at java.nio.DirectByteBuffer.<init>(DirectByteBuffer.java:123)
	at java.nio.ByteBuffer.allocateDirect(ByteBuffer.java:311)
	at org.apache.ratis.server.raftlog.segmented.BufferedWriteChannel.<init>(BufferedWriteChannel.java:41)
	at org.apache.ratis.server.raftlog.segmented.SegmentedRaftLogOutputStream.<init>(SegmentedRaftLogOutputStream.java:72)
	at org.apache.ratis.server.raftlog.segmented.SegmentedRaftLogWorker$StartLogSegment.execute(SegmentedRaftLogWorker.java:566)
	at org.apache.ratis.server.raftlog.segmented.SegmentedRaftLogWorker.run(SegmentedRaftLogWorker.java:289)
	at java.lang.Thread.run(Thread.java:748)
2019-09-19 14:21:57,691 [306a7a99-f2a5-4f40-b42b-2fc2def08a6a:group-E31F1645E36D:LeaderElection185] INFO  impl.RaftServerImpl (ServerState.java:setRaftConf(361)) - 306a7a99-f2a5-4f40-b42b-2fc2def08a6a:group-E31F1645E36D set configuration 0: [306a7a99-f2a5-4f40-b42b-2fc2def08a6a:192.168.157.226:42633], old=null at 0
2019-09-19 14:21:57,691 [pool-49-thread-1] INFO  server.RaftServerConfigKeys (ConfUtils.java:logGet(43)) - raft.server.rpc.timeout.max = 5200ms (custom)
2019-09-19 14:21:57,690 [6403e584-2209-453b-b79e-eeb0a7b58516:group-5F7B930D9B26:LeaderElection204] INFO  server.RaftServerConfigKeys (ConfUtils.java:logGet(43)) - raft.server.staging.catchup.gap = 1000 (default)
2019-09-19 14:21:57,690 [1190b9a7-12b1-4c15-b33e-f7d0a0cd436c:group-F9B6CA18EE39:LeaderElection203] INFO  server.RaftServerConfigKeys (ConfUtils.java:logGet(43)) - raft.server.write.element-limit = 4096 (default)
2019-09-19 14:21:57,690 [306a7a99-f2a5-4f40-b42b-2fc2def08a6a:group-4DCB50BB2008:LeaderElection199] INFO  server.RaftServerConfigKeys (ConfUtils.java:logGet(43)) - raft.server.watch.timeout = 10s (default)
2019-09-19 14:21:57,690 [306a7a99-f2a5-4f40-b42b-2fc2def08a6a:group-7FF1FB5A7764:LeaderElection200] INFO  server.RaftServerConfigKeys (ConfUtils.java:logGet(43)) - raft.server.staging.catchup.gap = 1000 (default)
2019-09-19 14:21:57,689 [pool-60-thread-1] INFO  server.RaftServerConfigKeys (ConfUtils.java:logGet(43)) - raft.server.rpc.timeout.min = 5s (custom)
2019-09-19 14:22:00,220 [pool-60-thread-1] INFO  server.RaftServerConfigKeys (ConfUtils.java:logGet(43)) - raft.server.rpc.timeout.max = 5200ms (custom)
2019-09-19 14:21:57,689 [85c6a9f3-b9a5-43a5-ac4f-9aa7bd5f2263:group-A1D8461AD66E:LeaderElection202] INFO  server.RaftServerConfigKeys (ConfUtils.java:logGet(43)) - raft.server.write.element-limit = 4096 (default)
2019-09-19 14:21:57,689 [306a7a99-f2a5-4f40-b42b-2fc2def08a6a:group-5EABEA0C3A9A:LeaderElection205] INFO  server.RaftServerConfigKeys (ConfUtils.java:logGet(43)) - raft.server.rpc.sleep.time = 25ms (default)
2019-09-19 14:21:57,689 [85c6a9f3-b9a5-43a5-ac4f-9aa7bd5f2263:group-C538689DB8CD:LeaderElection198] INFO  server.RaftServerConfigKeys (ConfUtils.java:logGet(43)) - raft.server.rpc.sleep.time = 25ms (default)
2019-09-19 14:21:57,689 [85c6a9f3-b9a5-43a5-ac4f-9aa7bd5f2263:group-1E959A581BC4:LeaderElection197] INFO  server.RaftServerConfigKeys (ConfUtils.java:logGet(43)) - raft.server.write.element-limit = 4096 (default)
2019-09-19 14:21:57,514 [6403e584-2209-453b-b79e-eeb0a7b58516:group-B8762AF75437:LeaderElection188] INFO  impl.RaftServerImpl (ServerState.java:setRaftConf(361)) - 6403e584-2209-453b-b79e-eeb0a7b58516:group-B8762AF75437 set configuration 0: [6403e584-2209-453b-b79e-eeb0a7b58516:192.168.157.226:35833], old=null at 0
2019-09-19 14:21:57,514 [306a7a99-f2a5-4f40-b42b-2fc2def08a6a:group-A981E405D304:LeaderElection201] INFO  server.RaftServerConfigKeys (ConfUtils.java:logGet(43)) - raft.server.write.element-limit = 4096 (default)
2019-09-19 14:21:57,513 [306a7a99-f2a5-4f40-b42b-2fc2def08a6a:group-77668966BA62:LeaderElection190] INFO  segmented.SegmentedRaftLogWorker (SegmentedRaftLogWorker.java:startLogSegment(380)) - 306a7a99-f2a5-4f40-b42b-2fc2def08a6a-SegmentedRaftLogWorker:Storage Directory /workdir/hadoop-ozone/integration-test/target/test-dir/MiniOzoneClusterImpl-210d6028-2152-4683-81ff-347b0d29bb13/datanode-2/data/ratis/d4572f0c-b11d-4d24-9361-77668966ba62: Starting segment from index:0
2019-09-19 14:21:57,513 [6403e584-2209-453b-b79e-eeb0a7b58516:group-8077D3FCDC3D:LeaderElection193] INFO  segmented.SegmentedRaftLogWorker (SegmentedRaftLogWorker.java:startLogSegment(380)) - 6403e584-2209-453b-b79e-eeb0a7b58516-SegmentedRaftLogWorker:Storage Directory /workdir/hadoop-ozone/integration-test/target/test-dir/MiniOzoneClusterImpl-210d6028-2152-4683-81ff-347b0d29bb13/datanode-3/data/ratis/4a5c15d5-b75f-4c36-a226-8077d3fcdc3d: Starting segment from index:0
2019-09-19 14:21:57,353 [1190b9a7-12b1-4c15-b33e-f7d0a0cd436c:group-3A426B0EB8F6:LeaderElection177] INFO  segmented.SegmentedRaftLogWorker (SegmentedRaftLogWorker.java:startLogSegment(380)) - 1190b9a7-12b1-4c15-b33e-f7d0a0cd436c-SegmentedRaftLogWorker:Storage Directory /workdir/hadoop-ozone/integration-test/target/test-dir/MiniOzoneClusterImpl-210d6028-2152-4683-81ff-347b0d29bb13/datanode-4/data/ratis/4c273e5c-6c92-4a5a-a97b-3a426b0eb8f6: Starting segment from index:0
2019-09-19 14:22:00,222 [306a7a99-f2a5-4f40-b42b-2fc2def08a6a:group-77668966BA62:LeaderElection190] INFO  impl.RaftServerImpl (ServerState.java:setRaftConf(361)) - 306a7a99-f2a5-4f40-b42b-2fc2def08a6a:group-77668966BA62 set configuration 0: [306a7a99-f2a5-4f40-b42b-2fc2def08a6a:192.168.157.226:42633], old=null at 0
2019-09-19 14:22:00,972 | INFO  | SCMAudit | user=jenkins1000 | ip=192.168.157.226 | op=SEND_HEARTBEAT {datanodeUUID=431517c4-8c09-4790-b37b-2e132c8143ad, command=[]} | ret=SUCCESS |  
2019-09-19 14:22:00,972 | INFO  | SCMAudit | user=jenkins1000 | ip=192.168.157.226 | op=SEND_HEARTBEAT {datanodeUUID=1190b9a7-12b1-4c15-b33e-f7d0a0cd436c, command=[]} | ret=SUCCESS |  
2019-09-19 14:22:00,972 | INFO  | SCMAudit | user=jenkins1000 | ip=192.168.157.226 | op=SEND_HEARTBEAT {datanodeUUID=5dfaa0ea-416a-422c-a75d-43311aceb00a, command=[]} | ret=SUCCESS |  
2019-09-19 14:22:00,972 | INFO  | SCMAudit | user=jenkins1000 | ip=192.168.157.226 | op=SEND_HEARTBEAT {datanodeUUID=56d21ab3-8f6d-44ea-b961-c721a1c09246, command=[]} | ret=SUCCESS |  
2019-09-19 14:21:57,352 [5dfaa0ea-416a-422c-a75d-43311aceb00a:group-2D13F68C8B1A:LeaderElection195] INFO  impl.RaftServerImpl (ServerState.java:setRaftConf(361)) - 5dfaa0ea-416a-422c-a75d-43311aceb00a:group-2D13F68C8B1A set configuration 0: [5dfaa0ea-416a-422c-a75d-43311aceb00a:192.168.157.226:45629], old=null at 0
2019-09-19 14:22:00,972 | INFO  | SCMAudit | user=jenkins1000 | ip=192.168.157.226 | op=SEND_HEARTBEAT {datanodeUUID=85c6a9f3-b9a5-43a5-ac4f-9aa7bd5f2263, command=[]} | ret=SUCCESS |  
2019-09-19 14:21:57,163 [5dfaa0ea-416a-422c-a75d-43311aceb00a:group-8EE30092736F:LeaderElection192] INFO  segmented.SegmentedRaftLogWorker (SegmentedRaftLogWorker.java:startLogSegment(380)) - 5dfaa0ea-416a-422c-a75d-43311aceb00a-SegmentedRaftLogWorker:Storage Directory /workdir/hadoop-ozone/integration-test/target/test-dir/MiniOzoneClusterImpl-210d6028-2152-4683-81ff-347b0d29bb13/datanode-1/data/ratis/2d4b86b3-3a5b-45f3-bc8f-8ee30092736f: Starting segment from index:0
2019-09-19 14:21:57,163 [5dfaa0ea-416a-422c-a75d-43311aceb00a:group-230E763C684C:LeaderElection175] INFO  impl.RaftServerImpl (ServerState.java:setRaftConf(361)) - 5dfaa0ea-416a-422c-a75d-43311aceb00a:group-230E763C684C set configuration 0: [5dfaa0ea-416a-422c-a75d-43311aceb00a:192.168.157.226:45629], old=null at 0
2019-09-19 14:21:57,162 [6403e584-2209-453b-b79e-eeb0a7b58516-SegmentedRaftLogWorker:Storage Directory /workdir/hadoop-ozone/integration-test/target/test-dir/MiniOzoneClusterImpl-210d6028-2152-4683-81ff-347b0d29bb13/datanode-3/data/ratis/fb28e6d0-c737-4d0c-89a9-8c37e5a08283] INFO  util.JmxRegister (JmxRegister.java:unregister(73)) - Successfully un-registered JMX Bean with object name Ratis:service=RaftServer,group=group-8C37E5A08283,id=6403e584-2209-453b-b79e-eeb0a7b58516
2019-09-19 14:22:00,973 | INFO  | SCMAudit | user=jenkins1000 | ip=192.168.157.226 | op=SEND_HEARTBEAT {datanodeUUID=6403e584-2209-453b-b79e-eeb0a7b58516, command=[]} | ret=SUCCESS |  
2019-09-19 14:21:57,161 [85c6a9f3-b9a5-43a5-ac4f-9aa7bd5f2263-SegmentedRaftLogWorker:Storage Directory /workdir/hadoop-ozone/integration-test/target/test-dir/MiniOzoneClusterImpl-210d6028-2152-4683-81ff-347b0d29bb13/datanode-0/data/ratis/15d695d4-435b-4c1e-870e-8ae81f3d915f] INFO  impl.RaftServerImpl (RaftServerImpl.java:lambda$shutdown$3(245)) - 85c6a9f3-b9a5-43a5-ac4f-9aa7bd5f2263: shutdown group-8AE81F3D915F
2019-09-19 14:21:57,161 [5dfaa0ea-416a-422c-a75d-43311aceb00a-SegmentedRaftLogWorker:Storage Directory /workdir/hadoop-ozone/integration-test/target/test-dir/MiniOzoneClusterImpl-210d6028-2152-4683-81ff-347b0d29bb13/datanode-1/data/ratis/574d4bd5-bfdd-4088-bd5e-d83635899549] INFO  impl.RaftServerImpl (RaftServerImpl.java:lambda$shutdown$3(245)) - 5dfaa0ea-416a-422c-a75d-43311aceb00a: shutdown group-D83635899549
2019-09-19 14:21:57,160 [306a7a99-f2a5-4f40-b42b-2fc2def08a6a-SegmentedRaftLogWorker:Storage Directory /workdir/hadoop-ozone/integration-test/target/test-dir/MiniOzoneClusterImpl-210d6028-2152-4683-81ff-347b0d29bb13/datanode-2/data/ratis/1ff81542-9a7f-4be5-9739-65d6932c1949] ERROR segmented.SegmentedRaftLogWorker (SegmentedRaftLogWorker.java:run(323)) - 306a7a99-f2a5-4f40-b42b-2fc2def08a6a-SegmentedRaftLogWorker:Storage Directory /workdir/hadoop-ozone/integration-test/target/test-dir/MiniOzoneClusterImpl-210d6028-2152-4683-81ff-347b0d29bb13/datanode-2/data/ratis/1ff81542-9a7f-4be5-9739-65d6932c1949 hit exception
java.lang.OutOfMemoryError: Direct buffer memory
	at java.nio.Bits.reserveMemory(Bits.java:666)
	at java.nio.DirectByteBuffer.<init>(DirectByteBuffer.java:123)
	at java.nio.ByteBuffer.allocateDirect(ByteBuffer.java:311)
	at org.apache.ratis.server.raftlog.segmented.BufferedWriteChannel.<init>(BufferedWriteChannel.java:41)
	at org.apache.ratis.server.raftlog.segmented.SegmentedRaftLogOutputStream.<init>(SegmentedRaftLogOutputStream.java:72)
	at org.apache.ratis.server.raftlog.segmented.SegmentedRaftLogWorker$StartLogSegment.execute(SegmentedRaftLogWorker.java:566)
	at org.apache.ratis.server.raftlog.segmented.SegmentedRaftLogWorker.run(SegmentedRaftLogWorker.java:289)
	at java.lang.Thread.run(Thread.java:748)
2019-09-19 14:22:01,203 [306a7a99-f2a5-4f40-b42b-2fc2def08a6a-SegmentedRaftLogWorker:Storage Directory /workdir/hadoop-ozone/integration-test/target/test-dir/MiniOzoneClusterImpl-210d6028-2152-4683-81ff-347b0d29bb13/datanode-2/data/ratis/1ff81542-9a7f-4be5-9739-65d6932c1949] INFO  impl.RaftServerImpl (RaftServerImpl.java:lambda$shutdown$3(245)) - 306a7a99-f2a5-4f40-b42b-2fc2def08a6a: shutdown group-65D6932C1949
2019-09-19 14:21:57,160 [306a7a99-f2a5-4f40-b42b-2fc2def08a6a-SegmentedRaftLogWorker:Storage Directory /workdir/hadoop-ozone/integration-test/target/test-dir/MiniOzoneClusterImpl-210d6028-2152-4683-81ff-347b0d29bb13/datanode-2/data/ratis/a0f230a9-2c48-4665-8534-a8dd95df660c] ERROR segmented.SegmentedRaftLogWorker (SegmentedRaftLogWorker.java:run(323)) - 306a7a99-f2a5-4f40-b42b-2fc2def08a6a-SegmentedRaftLogWorker:Storage Directory /workdir/hadoop-ozone/integration-test/target/test-dir/MiniOzoneClusterImpl-210d6028-2152-4683-81ff-347b0d29bb13/datanode-2/data/ratis/a0f230a9-2c48-4665-8534-a8dd95df660c hit exception
java.lang.OutOfMemoryError: Direct buffer memory
	at java.nio.Bits.reserveMemory(Bits.java:666)
	at java.nio.DirectByteBuffer.<init>(DirectByteBuffer.java:123)
	at java.nio.ByteBuffer.allocateDirect(ByteBuffer.java:311)
	at org.apache.ratis.server.raftlog.segmented.BufferedWriteChannel.<init>(BufferedWriteChannel.java:41)
	at org.apache.ratis.server.raftlog.segmented.SegmentedRaftLogOutputStream.<init>(SegmentedRaftLogOutputStream.java:72)
	at org.apache.ratis.server.raftlog.segmented.SegmentedRaftLogWorker$StartLogSegment.execute(SegmentedRaftLogWorker.java:566)
	at org.apache.ratis.server.raftlog.segmented.SegmentedRaftLogWorker.run(SegmentedRaftLogWorker.java:289)
	at java.lang.Thread.run(Thread.java:748)
2019-09-19 14:22:01,203 [306a7a99-f2a5-4f40-b42b-2fc2def08a6a-SegmentedRaftLogWorker:Storage Directory /workdir/hadoop-ozone/integration-test/target/test-dir/MiniOzoneClusterImpl-210d6028-2152-4683-81ff-347b0d29bb13/datanode-2/data/ratis/a0f230a9-2c48-4665-8534-a8dd95df660c] INFO  impl.RaftServerImpl (RaftServerImpl.java:lambda$shutdown$3(245)) - 306a7a99-f2a5-4f40-b42b-2fc2def08a6a: shutdown group-A8DD95DF660C
2019-09-19 14:21:56,932 [5dfaa0ea-416a-422c-a75d-43311aceb00a:group-9F8238B9215E:LeaderElection196] INFO  impl.RaftServerImpl (ServerState.java:setRaftConf(361)) - 5dfaa0ea-416a-422c-a75d-43311aceb00a:group-9F8238B9215E set configuration 0: [5dfaa0ea-416a-422c-a75d-43311aceb00a:192.168.157.226:45629], old=null at 0
2019-09-19 14:21:56,932 [306a7a99-f2a5-4f40-b42b-2fc2def08a6a:group-BA6B5495B088:LeaderElection150] INFO  impl.RoleInfo (RoleInfo.java:updateAndGet(143)) - 306a7a99-f2a5-4f40-b42b-2fc2def08a6a: start LeaderState
2019-09-19 14:22:01,203 [306a7a99-f2a5-4f40-b42b-2fc2def08a6a-SegmentedRaftLogWorker:Storage Directory /workdir/hadoop-ozone/integration-test/target/test-dir/MiniOzoneClusterImpl-210d6028-2152-4683-81ff-347b0d29bb13/datanode-2/data/ratis/a0f230a9-2c48-4665-8534-a8dd95df660c] INFO  util.JmxRegister (JmxRegister.java:unregister(73)) - Successfully un-registered JMX Bean with object name Ratis:service=RaftServer,group=group-A8DD95DF660C,id=306a7a99-f2a5-4f40-b42b-2fc2def08a6a
2019-09-19 14:22:01,204 [306a7a99-f2a5-4f40-b42b-2fc2def08a6a:group-BA6B5495B088:LeaderElection150] INFO  segmented.SegmentedRaftLogWorker (SegmentedRaftLogWorker.java:startLogSegment(380)) - 306a7a99-f2a5-4f40-b42b-2fc2def08a6a-SegmentedRaftLogWorker:Storage Directory /workdir/hadoop-ozone/integration-test/target/test-dir/MiniOzoneClusterImpl-210d6028-2152-4683-81ff-347b0d29bb13/datanode-2/data/ratis/60632a06-603e-4bed-a2f5-ba6b5495b088: Starting segment from index:0
2019-09-19 14:22:01,203 [306a7a99-f2a5-4f40-b42b-2fc2def08a6a-SegmentedRaftLogWorker:Storage Directory /workdir/hadoop-ozone/integration-test/target/test-dir/MiniOzoneClusterImpl-210d6028-2152-4683-81ff-347b0d29bb13/datanode-2/data/ratis/1ff81542-9a7f-4be5-9739-65d6932c1949] INFO  util.JmxRegister (JmxRegister.java:unregister(73)) - Successfully un-registered JMX Bean with object name Ratis:service=RaftServer,group=group-65D6932C1949,id=306a7a99-f2a5-4f40-b42b-2fc2def08a6a
2019-09-19 14:22:01,204 [306a7a99-f2a5-4f40-b42b-2fc2def08a6a-SegmentedRaftLogWorker:Storage Directory /workdir/hadoop-ozone/integration-test/target/test-dir/MiniOzoneClusterImpl-210d6028-2152-4683-81ff-347b0d29bb13/datanode-2/data/ratis/1ff81542-9a7f-4be5-9739-65d6932c1949] INFO  impl.RoleInfo (RoleInfo.java:shutdownLeaderState(104)) - 306a7a99-f2a5-4f40-b42b-2fc2def08a6a: shutdown LeaderState
2019-09-19 14:22:01,202 [5dfaa0ea-416a-422c-a75d-43311aceb00a-SegmentedRaftLogWorker:Storage Directory /workdir/hadoop-ozone/integration-test/target/test-dir/MiniOzoneClusterImpl-210d6028-2152-4683-81ff-347b0d29bb13/datanode-1/data/ratis/574d4bd5-bfdd-4088-bd5e-d83635899549] INFO  util.JmxRegister (JmxRegister.java:unregister(73)) - Successfully un-registered JMX Bean with object name Ratis:service=RaftServer,group=group-D83635899549,id=5dfaa0ea-416a-422c-a75d-43311aceb00a
2019-09-19 14:22:01,202 [85c6a9f3-b9a5-43a5-ac4f-9aa7bd5f2263-SegmentedRaftLogWorker:Storage Directory /workdir/hadoop-ozone/integration-test/target/test-dir/MiniOzoneClusterImpl-210d6028-2152-4683-81ff-347b0d29bb13/datanode-0/data/ratis/15d695d4-435b-4c1e-870e-8ae81f3d915f] INFO  util.JmxRegister (JmxRegister.java:unregister(73)) - Successfully un-registered JMX Bean with object name Ratis:service=RaftServer,group=group-8AE81F3D915F,id=85c6a9f3-b9a5-43a5-ac4f-9aa7bd5f2263
2019-09-19 14:22:01,204 [85c6a9f3-b9a5-43a5-ac4f-9aa7bd5f2263-SegmentedRaftLogWorker:Storage Directory /workdir/hadoop-ozone/integration-test/target/test-dir/MiniOzoneClusterImpl-210d6028-2152-4683-81ff-347b0d29bb13/datanode-0/data/ratis/15d695d4-435b-4c1e-870e-8ae81f3d915f] INFO  impl.RoleInfo (RoleInfo.java:shutdownLeaderState(104)) - 85c6a9f3-b9a5-43a5-ac4f-9aa7bd5f2263: shutdown LeaderState
2019-09-19 14:22:00,973 [6403e584-2209-453b-b79e-eeb0a7b58516-SegmentedRaftLogWorker:Storage Directory /workdir/hadoop-ozone/integration-test/target/test-dir/MiniOzoneClusterImpl-210d6028-2152-4683-81ff-347b0d29bb13/datanode-3/data/ratis/fb28e6d0-c737-4d0c-89a9-8c37e5a08283] INFO  impl.RoleInfo (RoleInfo.java:shutdownLeaderState(104)) - 6403e584-2209-453b-b79e-eeb0a7b58516: shutdown LeaderState
2019-09-19 14:22:00,973 [5dfaa0ea-416a-422c-a75d-43311aceb00a:group-8EE30092736F:LeaderElection192] INFO  impl.RaftServerImpl (ServerState.java:setRaftConf(361)) - 5dfaa0ea-416a-422c-a75d-43311aceb00a:group-8EE30092736F set configuration 0: [5dfaa0ea-416a-422c-a75d-43311aceb00a:192.168.157.226:45629], old=null at 0
2019-09-19 14:22:00,972 [306a7a99-f2a5-4f40-b42b-2fc2def08a6a-SegmentedRaftLogWorker:Storage Directory /workdir/hadoop-ozone/integration-test/target/test-dir/MiniOzoneClusterImpl-210d6028-2152-4683-81ff-347b0d29bb13/datanode-2/data/ratis/7fbca07c-e3b4-4c77-9bde-adcadc9576a0] ERROR segmented.SegmentedRaftLogWorker (SegmentedRaftLogWorker.java:run(323)) - 306a7a99-f2a5-4f40-b42b-2fc2def08a6a-SegmentedRaftLogWorker:Storage Directory /workdir/hadoop-ozone/integration-test/target/test-dir/MiniOzoneClusterImpl-210d6028-2152-4683-81ff-347b0d29bb13/datanode-2/data/ratis/7fbca07c-e3b4-4c77-9bde-adcadc9576a0 hit exception
java.lang.OutOfMemoryError: Direct buffer memory
	at java.nio.Bits.reserveMemory(Bits.java:666)
	at java.nio.DirectByteBuffer.<init>(DirectByteBuffer.java:123)
	at java.nio.ByteBuffer.allocateDirect(ByteBuffer.java:311)
	at org.apache.ratis.server.raftlog.segmented.BufferedWriteChannel.<init>(BufferedWriteChannel.java:41)
	at org.apache.ratis.server.raftlog.segmented.SegmentedRaftLogOutputStream.<init>(SegmentedRaftLogOutputStream.java:72)
	at org.apache.ratis.server.raftlog.segmented.SegmentedRaftLogWorker$StartLogSegment.execute(SegmentedRaftLogWorker.java:566)
	at org.apache.ratis.server.raftlog.segmented.SegmentedRaftLogWorker.run(SegmentedRaftLogWorker.java:289)
	at java.lang.Thread.run(Thread.java:748)
2019-09-19 14:22:01,461 | INFO  | SCMAudit | user=jenkins1000 | ip=192.168.157.226 | op=SEND_HEARTBEAT {datanodeUUID=306a7a99-f2a5-4f40-b42b-2fc2def08a6a, command=[]} | ret=SUCCESS |  
2019-09-19 14:22:01,461 [306a7a99-f2a5-4f40-b42b-2fc2def08a6a-SegmentedRaftLogWorker:Storage Directory /workdir/hadoop-ozone/integration-test/target/test-dir/MiniOzoneClusterImpl-210d6028-2152-4683-81ff-347b0d29bb13/datanode-2/data/ratis/7fbca07c-e3b4-4c77-9bde-adcadc9576a0] INFO  impl.RaftServerImpl (RaftServerImpl.java:lambda$shutdown$3(245)) - 306a7a99-f2a5-4f40-b42b-2fc2def08a6a: shutdown group-ADCADC9576A0
2019-09-19 14:22:00,971 [85c6a9f3-b9a5-43a5-ac4f-9aa7bd5f2263:group-DFD37F1207A5:LeaderElection215] INFO  impl.LeaderElection (LeaderElection.java:askForVotes(181)) - 85c6a9f3-b9a5-43a5-ac4f-9aa7bd5f2263:group-DFD37F1207A5:LeaderElection215: begin an election at term 1 for -1: [85c6a9f3-b9a5-43a5-ac4f-9aa7bd5f2263:192.168.157.226:45170], old=null
2019-09-19 14:22:00,971 [6403e584-2209-453b-b79e-eeb0a7b58516:group-1F9E99136BC1:LeaderElection206] INFO  impl.LeaderElection (LeaderElection.java:askForVotes(181)) - 6403e584-2209-453b-b79e-eeb0a7b58516:group-1F9E99136BC1:LeaderElection206: begin an election at term 1 for -1: [6403e584-2209-453b-b79e-eeb0a7b58516:192.168.157.226:35833], old=null
2019-09-19 14:22:00,719 [6403e584-2209-453b-b79e-eeb0a7b58516:group-8077D3FCDC3D:LeaderElection193] INFO  impl.RaftServerImpl (ServerState.java:setRaftConf(361)) - 6403e584-2209-453b-b79e-eeb0a7b58516:group-8077D3FCDC3D set configuration 0: [6403e584-2209-453b-b79e-eeb0a7b58516:192.168.157.226:35833], old=null at 0
2019-09-19 14:22:00,478 [1190b9a7-12b1-4c15-b33e-f7d0a0cd436c:group-3A426B0EB8F6:LeaderElection177] INFO  impl.RaftServerImpl (ServerState.java:setRaftConf(361)) - 1190b9a7-12b1-4c15-b33e-f7d0a0cd436c:group-3A426B0EB8F6 set configuration 0: [1190b9a7-12b1-4c15-b33e-f7d0a0cd436c:192.168.157.226:34463], old=null at 0
2019-09-19 14:22:00,478 [6403e584-2209-453b-b79e-eeb0a7b58516-SegmentedRaftLogWorker:Storage Directory /workdir/hadoop-ozone/integration-test/target/test-dir/MiniOzoneClusterImpl-210d6028-2152-4683-81ff-347b0d29bb13/datanode-3/data/ratis/bde1a984-ed08-48bb-9716-09385c648829] ERROR segmented.SegmentedRaftLogWorker (SegmentedRaftLogWorker.java:run(323)) - 6403e584-2209-453b-b79e-eeb0a7b58516-SegmentedRaftLogWorker:Storage Directory /workdir/hadoop-ozone/integration-test/target/test-dir/MiniOzoneClusterImpl-210d6028-2152-4683-81ff-347b0d29bb13/datanode-3/data/ratis/bde1a984-ed08-48bb-9716-09385c648829 hit exception
java.lang.OutOfMemoryError: Direct buffer memory
	at java.nio.Bits.reserveMemory(Bits.java:666)
	at java.nio.DirectByteBuffer.<init>(DirectByteBuffer.java:123)
	at java.nio.ByteBuffer.allocateDirect(ByteBuffer.java:311)
	at org.apache.ratis.server.raftlog.segmented.BufferedWriteChannel.<init>(BufferedWriteChannel.java:41)
	at org.apache.ratis.server.raftlog.segmented.SegmentedRaftLogOutputStream.<init>(SegmentedRaftLogOutputStream.java:72)
	at org.apache.ratis.server.raftlog.segmented.SegmentedRaftLogWorker$StartLogSegment.execute(SegmentedRaftLogWorker.java:566)
	at org.apache.ratis.server.raftlog.segmented.SegmentedRaftLogWorker.run(SegmentedRaftLogWorker.java:289)
	at java.lang.Thread.run(Thread.java:748)
2019-09-19 14:22:01,463 [6403e584-2209-453b-b79e-eeb0a7b58516-SegmentedRaftLogWorker:Storage Directory /workdir/hadoop-ozone/integration-test/target/test-dir/MiniOzoneClusterImpl-210d6028-2152-4683-81ff-347b0d29bb13/datanode-3/data/ratis/bde1a984-ed08-48bb-9716-09385c648829] INFO  impl.RaftServerImpl (RaftServerImpl.java:lambda$shutdown$3(245)) - 6403e584-2209-453b-b79e-eeb0a7b58516: shutdown group-09385C648829
2019-09-19 14:22:00,221 [306a7a99-f2a5-4f40-b42b-2fc2def08a6a:group-A981E405D304:LeaderElection201] INFO  server.RaftServerConfigKeys (ConfUtils.java:logGet(43)) - raft.server.watch.timeout = 10s (default)
2019-09-19 14:22:00,221 [85c6a9f3-b9a5-43a5-ac4f-9aa7bd5f2263:group-1E959A581BC4:LeaderElection197] INFO  server.RaftServerConfigKeys (ConfUtils.java:logGet(43)) - raft.server.watch.timeout = 10s (default)
2019-09-19 14:22:00,221 [85c6a9f3-b9a5-43a5-ac4f-9aa7bd5f2263:group-C538689DB8CD:LeaderElection198] INFO  server.RaftServerConfigKeys (ConfUtils.java:logGet(43)) - raft.server.write.element-limit = 4096 (default)
2019-09-19 14:22:00,220 [306a7a99-f2a5-4f40-b42b-2fc2def08a6a:group-5EABEA0C3A9A:LeaderElection205] INFO  server.RaftServerConfigKeys (ConfUtils.java:logGet(43)) - raft.server.write.element-limit = 4096 (default)
2019-09-19 14:22:00,220 [85c6a9f3-b9a5-43a5-ac4f-9aa7bd5f2263:group-A1D8461AD66E:LeaderElection202] INFO  server.RaftServerConfigKeys (ConfUtils.java:logGet(43)) - raft.server.watch.timeout = 10s (default)
2019-09-19 14:22:01,464 [85c6a9f3-b9a5-43a5-ac4f-9aa7bd5f2263:group-A1D8461AD66E:LeaderElection202] INFO  server.RaftServerConfigKeys (ConfUtils.java:logGet(43)) - raft.server.watch.timeout.denomination = 1s (default)
2019-09-19 14:22:00,220 [pool-60-thread-1] INFO  server.RaftServerConfigKeys (ConfUtils.java:logGet(43)) - raft.server.rpcslowness.timeout = 120s (custom)
2019-09-19 14:22:00,220 [306a7a99-f2a5-4f40-b42b-2fc2def08a6a:group-7FF1FB5A7764:LeaderElection200] INFO  server.RaftServerConfigKeys (ConfUtils.java:logGet(43)) - raft.server.rpc.sleep.time = 25ms (default)
2019-09-19 14:22:00,219 [306a7a99-f2a5-4f40-b42b-2fc2def08a6a:group-4DCB50BB2008:LeaderElection199] INFO  server.RaftServerConfigKeys (ConfUtils.java:logGet(43)) - raft.server.watch.timeout.denomination = 1s (default)
2019-09-19 14:22:01,464 [306a7a99-f2a5-4f40-b42b-2fc2def08a6a:group-4DCB50BB2008:LeaderElection199] INFO  server.RaftServerConfigKeys (ConfUtils.java:logGet(43)) - raft.server.watch.element-limit = 65536 (default)
2019-09-19 14:22:00,219 [1190b9a7-12b1-4c15-b33e-f7d0a0cd436c:group-F9B6CA18EE39:LeaderElection203] INFO  server.RaftServerConfigKeys (ConfUtils.java:logGet(43)) - raft.server.watch.timeout = 10s (default)
2019-09-19 14:22:01,465 [1190b9a7-12b1-4c15-b33e-f7d0a0cd436c:group-F9B6CA18EE39:LeaderElection203] INFO  server.RaftServerConfigKeys (ConfUtils.java:logGet(43)) - raft.server.watch.timeout.denomination = 1s (default)
2019-09-19 14:22:00,219 [6403e584-2209-453b-b79e-eeb0a7b58516:group-5F7B930D9B26:LeaderElection204] INFO  server.RaftServerConfigKeys (ConfUtils.java:logGet(43)) - raft.server.rpc.sleep.time = 25ms (default)
2019-09-19 14:22:00,219 [pool-49-thread-1] INFO  server.RaftServerConfigKeys (ConfUtils.java:logGet(43)) - raft.server.rpcslowness.timeout = 120s (custom)
2019-09-19 14:22:00,218 [5dfaa0ea-416a-422c-a75d-43311aceb00a-SegmentedRaftLogWorker:Storage Directory /workdir/hadoop-ozone/integration-test/target/test-dir/MiniOzoneClusterImpl-210d6028-2152-4683-81ff-347b0d29bb13/datanode-1/data/ratis/3bf28a7f-8142-4f9b-8e48-d69f920c77b2] INFO  impl.RaftServerImpl (RaftServerImpl.java:lambda$shutdown$3(245)) - 5dfaa0ea-416a-422c-a75d-43311aceb00a: shutdown group-D69F920C77B2
2019-09-19 14:22:00,218 [5dfaa0ea-416a-422c-a75d-43311aceb00a-SegmentedRaftLogWorker:Storage Directory /workdir/hadoop-ozone/integration-test/target/test-dir/MiniOzoneClusterImpl-210d6028-2152-4683-81ff-347b0d29bb13/datanode-1/data/ratis/c2b44cf1-f9d6-4da4-a6e8-191f2bf7f7a4] INFO  impl.RaftServerImpl (RaftServerImpl.java:lambda$shutdown$3(245)) - 5dfaa0ea-416a-422c-a75d-43311aceb00a: shutdown group-191F2BF7F7A4
2019-09-19 14:22:00,218 [85c6a9f3-b9a5-43a5-ac4f-9aa7bd5f2263-SegmentedRaftLogWorker:Storage Directory /workdir/hadoop-ozone/integration-test/target/test-dir/MiniOzoneClusterImpl-210d6028-2152-4683-81ff-347b0d29bb13/datanode-0/data/ratis/a5b4024b-46c2-4dae-a6ee-a5c201119bcc] INFO  util.JmxRegister (JmxRegister.java:unregister(73)) - Successfully un-registered JMX Bean with object name Ratis:service=RaftServer,group=group-A5C201119BCC,id=85c6a9f3-b9a5-43a5-ac4f-9aa7bd5f2263
2019-09-19 14:22:00,217 [Thread-872] INFO  impl.RoleInfo (RoleInfo.java:updateAndGet(143)) - 6403e584-2209-453b-b79e-eeb0a7b58516: start LeaderElection
2019-09-19 14:22:00,217 [Thread-878] INFO  impl.RoleInfo (RoleInfo.java:updateAndGet(143)) - 306a7a99-f2a5-4f40-b42b-2fc2def08a6a: start LeaderElection
2019-09-19 14:22:00,216 [Thread-869] INFO  impl.RoleInfo (RoleInfo.java:updateAndGet(143)) - 5dfaa0ea-416a-422c-a75d-43311aceb00a: start LeaderElection
2019-09-19 14:22:00,216 [Thread-1130] INFO  impl.RaftServerImpl (RaftServerImpl.java:setRole(171)) - 5dfaa0ea-416a-422c-a75d-43311aceb00a:group-AE221AF6329E changes role from FOLLOWER to CANDIDATE at term 0 for changeToCandidate
2019-09-19 14:22:00,216 [Thread-1148] INFO  impl.RoleInfo (RoleInfo.java:updateAndGet(143)) - 5dfaa0ea-416a-422c-a75d-43311aceb00a: start LeaderElection
2019-09-19 14:22:01,466 [Thread-1130] INFO  impl.RoleInfo (RoleInfo.java:updateAndGet(143)) - 5dfaa0ea-416a-422c-a75d-43311aceb00a: start LeaderElection
2019-09-19 14:22:00,216 [Thread-864] INFO  impl.RaftServerImpl (RaftServerImpl.java:setRole(171)) - 6403e584-2209-453b-b79e-eeb0a7b58516:group-2609E2E2A622 changes role from FOLLOWER to CANDIDATE at term 0 for changeToCandidate
2019-09-19 14:22:00,215 [Thread-950] INFO  impl.RoleInfo (RoleInfo.java:updateAndGet(143)) - 5dfaa0ea-416a-422c-a75d-43311aceb00a: start LeaderElection
2019-09-19 14:22:00,215 [306a7a99-f2a5-4f40-b42b-2fc2def08a6a-SegmentedRaftLogWorker:Storage Directory /workdir/hadoop-ozone/integration-test/target/test-dir/MiniOzoneClusterImpl-210d6028-2152-4683-81ff-347b0d29bb13/datanode-2/data/ratis/6b0a855c-a132-41d9-8c10-26e40af3ae02] INFO  impl.PendingRequests (PendingRequests.java:sendNotLeaderResponses(202)) - 306a7a99-f2a5-4f40-b42b-2fc2def08a6a-PendingRequests: sendNotLeaderResponses
2019-09-19 14:22:00,214 [6403e584-2209-453b-b79e-eeb0a7b58516-SegmentedRaftLogWorker:Storage Directory /workdir/hadoop-ozone/integration-test/target/test-dir/MiniOzoneClusterImpl-210d6028-2152-4683-81ff-347b0d29bb13/datanode-3/data/ratis/1c2eeda1-b507-4408-bb02-5908dd2eabea] INFO  impl.RaftServerImpl (RaftServerImpl.java:lambda$shutdown$3(245)) - 6403e584-2209-453b-b79e-eeb0a7b58516: shutdown group-5908DD2EABEA
2019-09-19 14:22:00,214 [6403e584-2209-453b-b79e-eeb0a7b58516-SegmentedRaftLogWorker:Storage Directory /workdir/hadoop-ozone/integration-test/target/test-dir/MiniOzoneClusterImpl-210d6028-2152-4683-81ff-347b0d29bb13/datanode-3/data/ratis/8b8b7e75-4017-4f05-9f7a-c75f49951d14] INFO  impl.RaftServerImpl (RaftServerImpl.java:lambda$shutdown$3(245)) - 6403e584-2209-453b-b79e-eeb0a7b58516: shutdown group-C75F49951D14
2019-09-19 14:22:00,213 [6403e584-2209-453b-b79e-eeb0a7b58516-SegmentedRaftLogWorker:Storage Directory /workdir/hadoop-ozone/integration-test/target/test-dir/MiniOzoneClusterImpl-210d6028-2152-4683-81ff-347b0d29bb13/datanode-3/data/ratis/7b21afb8-f5ee-4673-90d5-9d2959e62da3] ERROR segmented.SegmentedRaftLogWorker (SegmentedRaftLogWorker.java:run(323)) - 6403e584-2209-453b-b79e-eeb0a7b58516-SegmentedRaftLogWorker:Storage Directory /workdir/hadoop-ozone/integration-test/target/test-dir/MiniOzoneClusterImpl-210d6028-2152-4683-81ff-347b0d29bb13/datanode-3/data/ratis/7b21afb8-f5ee-4673-90d5-9d2959e62da3 hit exception
java.lang.OutOfMemoryError: Direct buffer memory
	at java.nio.Bits.reserveMemory(Bits.java:666)
	at java.nio.DirectByteBuffer.<init>(DirectByteBuffer.java:123)
	at java.nio.ByteBuffer.allocateDirect(ByteBuffer.java:311)
	at org.apache.ratis.server.raftlog.segmented.BufferedWriteChannel.<init>(BufferedWriteChannel.java:41)
	at org.apache.ratis.server.raftlog.segmented.SegmentedRaftLogOutputStream.<init>(SegmentedRaftLogOutputStream.java:72)
	at org.apache.ratis.server.raftlog.segmented.SegmentedRaftLogWorker$StartLogSegment.execute(SegmentedRaftLogWorker.java:566)
	at org.apache.ratis.server.raftlog.segmented.SegmentedRaftLogWorker.run(SegmentedRaftLogWorker.java:289)
	at java.lang.Thread.run(Thread.java:748)
2019-09-19 14:22:00,212 [306a7a99-f2a5-4f40-b42b-2fc2def08a6a-SegmentedRaftLogWorker:Storage Directory /workdir/hadoop-ozone/integration-test/target/test-dir/MiniOzoneClusterImpl-210d6028-2152-4683-81ff-347b0d29bb13/datanode-2/data/ratis/e21d9e0f-eec2-4a25-919d-ae1e2b007a31] ERROR segmented.SegmentedRaftLogWorker (SegmentedRaftLogWorker.java:run(323)) - 306a7a99-f2a5-4f40-b42b-2fc2def08a6a-SegmentedRaftLogWorker:Storage Directory /workdir/hadoop-ozone/integration-test/target/test-dir/MiniOzoneClusterImpl-210d6028-2152-4683-81ff-347b0d29bb13/datanode-2/data/ratis/e21d9e0f-eec2-4a25-919d-ae1e2b007a31 hit exception
java.lang.OutOfMemoryError: Direct buffer memory
	at java.nio.Bits.reserveMemory(Bits.java:666)
	at java.nio.DirectByteBuffer.<init>(DirectByteBuffer.java:123)
	at java.nio.ByteBuffer.allocateDirect(ByteBuffer.java:311)
	at org.apache.ratis.server.raftlog.segmented.BufferedWriteChannel.<init>(BufferedWriteChannel.java:41)
	at org.apache.ratis.server.raftlog.segmented.SegmentedRaftLogOutputStream.<init>(SegmentedRaftLogOutputStream.java:72)
	at org.apache.ratis.server.raftlog.segmented.SegmentedRaftLogWorker$StartLogSegment.execute(SegmentedRaftLogWorker.java:566)
	at org.apache.ratis.server.raftlog.segmented.SegmentedRaftLogWorker.run(SegmentedRaftLogWorker.java:289)
	at java.lang.Thread.run(Thread.java:748)
2019-09-19 14:21:59,960 [5dfaa0ea-416a-422c-a75d-43311aceb00a-SegmentedRaftLogWorker:Storage Directory /workdir/hadoop-ozone/integration-test/target/test-dir/MiniOzoneClusterImpl-210d6028-2152-4683-81ff-347b0d29bb13/datanode-1/data/ratis/ab5b533a-6c39-466f-ba27-434f2440a2f3] INFO  impl.RoleInfo (RoleInfo.java:shutdownLeaderState(104)) - 5dfaa0ea-416a-422c-a75d-43311aceb00a: shutdown LeaderState
2019-09-19 14:21:59,960 [6403e584-2209-453b-b79e-eeb0a7b58516:group-29A035CB2198:LeaderElection189] INFO  impl.RaftServerImpl (ServerState.java:setRaftConf(361)) - 6403e584-2209-453b-b79e-eeb0a7b58516:group-29A035CB2198 set configuration 0: [6403e584-2209-453b-b79e-eeb0a7b58516:192.168.157.226:35833], old=null at 0
2019-09-19 14:21:59,960 [1190b9a7-12b1-4c15-b33e-f7d0a0cd436c-SegmentedRaftLogWorker:Storage Directory /workdir/hadoop-ozone/integration-test/target/test-dir/MiniOzoneClusterImpl-210d6028-2152-4683-81ff-347b0d29bb13/datanode-4/data/ratis/3fa0b3b8-7919-4878-a5d9-cb3d96f0ad97] INFO  impl.PendingRequests (PendingRequests.java:sendNotLeaderResponses(202)) - 1190b9a7-12b1-4c15-b33e-f7d0a0cd436c-PendingRequests: sendNotLeaderResponses
2019-09-19 14:21:59,959 [pool-27-thread-1] INFO  server.RaftServerConfigKeys (ConfUtils.java:logGet(43)) - raft.server.log.use.memory = false (default)
2019-09-19 14:21:59,959 [Thread-1171] INFO  impl.RoleInfo (RoleInfo.java:updateAndGet(143)) - 6403e584-2209-453b-b79e-eeb0a7b58516: start LeaderElection
2019-09-19 14:21:59,959 [Thread-1142] INFO  impl.RoleInfo (RoleInfo.java:updateAndGet(143)) - 6403e584-2209-453b-b79e-eeb0a7b58516: start LeaderElection
2019-09-19 14:21:59,958 [Thread-938] INFO  impl.RoleInfo (RoleInfo.java:updateAndGet(143)) - 6403e584-2209-453b-b79e-eeb0a7b58516: start LeaderElection
2019-09-19 14:21:59,958 [Thread-1151] INFO  impl.RoleInfo (RoleInfo.java:updateAndGet(143)) - 431517c4-8c09-4790-b37b-2e132c8143ad: start LeaderElection
2019-09-19 14:21:59,958 [5dfaa0ea-416a-422c-a75d-43311aceb00a-SegmentedRaftLogWorker:Storage Directory /workdir/hadoop-ozone/integration-test/target/test-dir/MiniOzoneClusterImpl-210d6028-2152-4683-81ff-347b0d29bb13/datanode-1/data/ratis/2ca22967-3872-4a27-bc0e-7f2ab031cc89] INFO  util.JmxRegister (JmxRegister.java:unregister(73)) - Successfully un-registered JMX Bean with object name Ratis:service=RaftServer,group=group-7F2AB031CC89,id=5dfaa0ea-416a-422c-a75d-43311aceb00a
2019-09-19 14:21:59,958 [5dfaa0ea-416a-422c-a75d-43311aceb00a-SegmentedRaftLogWorker:Storage Directory /workdir/hadoop-ozone/integration-test/target/test-dir/MiniOzoneClusterImpl-210d6028-2152-4683-81ff-347b0d29bb13/datanode-1/data/ratis/613f29da-297b-471f-ba42-9f8238b9215e] INFO  util.JmxRegister (JmxRegister.java:unregister(73)) - Successfully un-registered JMX Bean with object name Ratis:service=RaftServer,group=group-9F8238B9215E,id=5dfaa0ea-416a-422c-a75d-43311aceb00a
2019-09-19 14:21:59,957 [6403e584-2209-453b-b79e-eeb0a7b58516-SegmentedRaftLogWorker:Storage Directory /workdir/hadoop-ozone/integration-test/target/test-dir/MiniOzoneClusterImpl-210d6028-2152-4683-81ff-347b0d29bb13/datanode-3/data/ratis/d229195b-d3bd-4feb-ae52-0d5e299a7331] INFO  util.JmxRegister (JmxRegister.java:unregister(73)) - Successfully un-registered JMX Bean with object name Ratis:service=RaftServer,group=group-0D5E299A7331,id=6403e584-2209-453b-b79e-eeb0a7b58516
2019-09-19 14:21:59,956 [Thread-875] INFO  impl.RoleInfo (RoleInfo.java:updateAndGet(143)) - 6403e584-2209-453b-b79e-eeb0a7b58516: start LeaderElection
2019-09-19 14:21:59,956 [Thread-851] INFO  impl.RoleInfo (RoleInfo.java:updateAndGet(143)) - 1190b9a7-12b1-4c15-b33e-f7d0a0cd436c: start LeaderElection
2019-09-19 14:21:59,956 [RatisPipelineUtilsThread] ERROR pipeline.SCMPipelineManager (SCMPipelineManager.java:createPipeline(161)) - Pipeline creation failed due to exception: 3 exceptions [java.io.IOException: Failed invoke Ratis rpc org.apache.hadoop.hdds.scm.pipeline.RatisPipelineProvider$$Lambda$167/58700986@5d186f23 for 306a7a99-f2a5-4f40-b42b-2fc2def08a6a, java.io.IOException: Failed invoke Ratis rpc org.apache.hadoop.hdds.scm.pipeline.RatisPipelineProvider$$Lambda$167/58700986@5d186f23 for 85c6a9f3-b9a5-43a5-ac4f-9aa7bd5f2263, java.io.IOException: Failed invoke Ratis rpc org.apache.hadoop.hdds.scm.pipeline.RatisPipelineProvider$$Lambda$167/58700986@5d186f23 for 6403e584-2209-453b-b79e-eeb0a7b58516]
2019-09-19 14:21:59,956 [Thread-1145] INFO  impl.RaftServerImpl (RaftServerImpl.java:setRole(171)) - 85c6a9f3-b9a5-43a5-ac4f-9aa7bd5f2263:group-CD6B5254D037 changes role from FOLLOWER to CANDIDATE at term 0 for changeToCandidate
2019-09-19 14:21:59,951 [1190b9a7-12b1-4c15-b33e-f7d0a0cd436c-SegmentedRaftLogWorker:Storage Directory /workdir/hadoop-ozone/integration-test/target/test-dir/MiniOzoneClusterImpl-210d6028-2152-4683-81ff-347b0d29bb13/datanode-4/data/ratis/f50ebf51-4b2a-4369-b91f-9eb942fc9e99] ERROR segmented.SegmentedRaftLogWorker (SegmentedRaftLogWorker.java:run(323)) - 1190b9a7-12b1-4c15-b33e-f7d0a0cd436c-SegmentedRaftLogWorker:Storage Directory /workdir/hadoop-ozone/integration-test/target/test-dir/MiniOzoneClusterImpl-210d6028-2152-4683-81ff-347b0d29bb13/datanode-4/data/ratis/f50ebf51-4b2a-4369-b91f-9eb942fc9e99 hit exception
java.lang.OutOfMemoryError: Direct buffer memory
	at java.nio.Bits.reserveMemory(Bits.java:666)
	at java.nio.DirectByteBuffer.<init>(DirectByteBuffer.java:123)
	at java.nio.ByteBuffer.allocateDirect(ByteBuffer.java:311)
	at org.apache.ratis.server.raftlog.segmented.BufferedWriteChannel.<init>(BufferedWriteChannel.java:41)
	at org.apache.ratis.server.raftlog.segmented.SegmentedRaftLogOutputStream.<init>(SegmentedRaftLogOutputStream.java:72)
	at org.apache.ratis.server.raftlog.segmented.SegmentedRaftLogWorker$StartLogSegment.execute(SegmentedRaftLogWorker.java:566)
	at org.apache.ratis.server.raftlog.segmented.SegmentedRaftLogWorker.run(SegmentedRaftLogWorker.java:289)
	at java.lang.Thread.run(Thread.java:748)
2019-09-19 14:21:59,720 [Thread-850] INFO  impl.RaftServerImpl (RaftServerImpl.java:setRole(171)) - 5dfaa0ea-416a-422c-a75d-43311aceb00a:group-2609E2E2A622 changes role from FOLLOWER to CANDIDATE at term 0 for changeToCandidate
2019-09-19 14:21:59,720 [5dfaa0ea-416a-422c-a75d-43311aceb00a:group-B95D7947D5CA:LeaderElection169] INFO  impl.RaftServerImpl (ServerState.java:setRaftConf(361)) - 5dfaa0ea-416a-422c-a75d-43311aceb00a:group-B95D7947D5CA set configuration 0: [5dfaa0ea-416a-422c-a75d-43311aceb00a:192.168.157.226:45629], old=null at 0
2019-09-19 14:21:59,720 [Thread-947] INFO  impl.RoleInfo (RoleInfo.java:updateAndGet(143)) - 6403e584-2209-453b-b79e-eeb0a7b58516: start LeaderElection
2019-09-19 14:21:59,720 [5dfaa0ea-416a-422c-a75d-43311aceb00a-SegmentedRaftLogWorker:Storage Directory /workdir/hadoop-ozone/integration-test/target/test-dir/MiniOzoneClusterImpl-210d6028-2152-4683-81ff-347b0d29bb13/datanode-1/data/ratis/73c63659-0c12-4dfd-b970-230e763c684c] INFO  util.JmxRegister (JmxRegister.java:unregister(73)) - Successfully un-registered JMX Bean with object name Ratis:service=RaftServer,group=group-230E763C684C,id=5dfaa0ea-416a-422c-a75d-43311aceb00a
2019-09-19 14:22:01,470 [5dfaa0ea-416a-422c-a75d-43311aceb00a-SegmentedRaftLogWorker:Storage Directory /workdir/hadoop-ozone/integration-test/target/test-dir/MiniOzoneClusterImpl-210d6028-2152-4683-81ff-347b0d29bb13/datanode-1/data/ratis/73c63659-0c12-4dfd-b970-230e763c684c] INFO  impl.RoleInfo (RoleInfo.java:shutdownLeaderState(104)) - 5dfaa0ea-416a-422c-a75d-43311aceb00a: shutdown LeaderState
2019-09-19 14:21:59,499 [306a7a99-f2a5-4f40-b42b-2fc2def08a6a:group-01E49D2CAF0C:LeaderElection183] INFO  impl.RaftServerImpl (ServerState.java:setRaftConf(361)) - 306a7a99-f2a5-4f40-b42b-2fc2def08a6a:group-01E49D2CAF0C set configuration 0: [306a7a99-f2a5-4f40-b42b-2fc2def08a6a:192.168.157.226:42633], old=null at 0
2019-09-19 14:21:59,498 [1190b9a7-12b1-4c15-b33e-f7d0a0cd436c-SegmentedRaftLogWorker:Storage Directory /workdir/hadoop-ozone/integration-test/target/test-dir/MiniOzoneClusterImpl-210d6028-2152-4683-81ff-347b0d29bb13/datanode-4/data/ratis/aef45801-cb89-4e1e-bcc4-e32ecd57e9e2] INFO  impl.PendingRequests (PendingRequests.java:sendNotLeaderResponses(202)) - 1190b9a7-12b1-4c15-b33e-f7d0a0cd436c-PendingRequests: sendNotLeaderResponses
2019-09-19 14:21:59,497 [85c6a9f3-b9a5-43a5-ac4f-9aa7bd5f2263-SegmentedRaftLogWorker:Storage Directory /workdir/hadoop-ozone/integration-test/target/test-dir/MiniOzoneClusterImpl-210d6028-2152-4683-81ff-347b0d29bb13/datanode-0/data/ratis/d17e548c-8a62-43ac-bc0b-e11a284d5e69] INFO  impl.RoleInfo (RoleInfo.java:shutdownLeaderState(104)) - 85c6a9f3-b9a5-43a5-ac4f-9aa7bd5f2263: shutdown LeaderState
2019-09-19 14:21:59,497 [431517c4-8c09-4790-b37b-2e132c8143ad-SegmentedRaftLogWorker:Storage Directory /workdir/hadoop-ozone/integration-test/target/test-dir/MiniOzoneClusterImpl-210d6028-2152-4683-81ff-347b0d29bb13/datanode-5/data/ratis/fd2672d3-dd70-4558-98a0-d5017db46417] INFO  impl.StateMachineUpdater (StateMachineUpdater.java:stopAndJoin(115)) - StateMachineUpdater:431517c4-8c09-4790-b37b-2e132c8143ad:group-D5017DB46417: set stopIndex = -1
2019-09-19 14:21:59,497 [6403e584-2209-453b-b79e-eeb0a7b58516:group-8CFE3AF44FFF:LeaderElection191] INFO  impl.RaftServerImpl (ServerState.java:setRaftConf(361)) - 6403e584-2209-453b-b79e-eeb0a7b58516:group-8CFE3AF44FFF set configuration 0: [6403e584-2209-453b-b79e-eeb0a7b58516:192.168.157.226:35833], old=null at 0
2019-09-19 14:21:59,497 [85c6a9f3-b9a5-43a5-ac4f-9aa7bd5f2263-SegmentedRaftLogWorker:Storage Directory /workdir/hadoop-ozone/integration-test/target/test-dir/MiniOzoneClusterImpl-210d6028-2152-4683-81ff-347b0d29bb13/datanode-0/data/ratis/bb007223-e64a-4e98-94ec-af4afe69bc98] INFO  impl.RoleInfo (RoleInfo.java:shutdownLeaderState(104)) - 85c6a9f3-b9a5-43a5-ac4f-9aa7bd5f2263: shutdown LeaderState
2019-09-19 14:21:59,497 [56d21ab3-8f6d-44ea-b961-c721a1c09246-SegmentedRaftLogWorker:Storage Directory /workdir/hadoop-ozone/integration-test/target/test-dir/MiniOzoneClusterImpl-210d6028-2152-4683-81ff-347b0d29bb13/datanode-6/data/ratis/cd119a90-ad1f-4b41-9733-9385f8753a99] ERROR segmented.SegmentedRaftLogWorker (SegmentedRaftLogWorker.java:run(323)) - 56d21ab3-8f6d-44ea-b961-c721a1c09246-SegmentedRaftLogWorker:Storage Directory /workdir/hadoop-ozone/integration-test/target/test-dir/MiniOzoneClusterImpl-210d6028-2152-4683-81ff-347b0d29bb13/datanode-6/data/ratis/cd119a90-ad1f-4b41-9733-9385f8753a99 hit exception
java.lang.OutOfMemoryError: Direct buffer memory
	at java.nio.Bits.reserveMemory(Bits.java:666)
	at java.nio.DirectByteBuffer.<init>(DirectByteBuffer.java:123)
	at java.nio.ByteBuffer.allocateDirect(ByteBuffer.java:311)
	at org.apache.ratis.server.raftlog.segmented.BufferedWriteChannel.<init>(BufferedWriteChannel.java:41)
	at org.apache.ratis.server.raftlog.segmented.SegmentedRaftLogOutputStream.<init>(SegmentedRaftLogOutputStream.java:72)
	at org.apache.ratis.server.raftlog.segmented.SegmentedRaftLogWorker$StartLogSegment.execute(SegmentedRaftLogWorker.java:566)
	at org.apache.ratis.server.raftlog.segmented.SegmentedRaftLogWorker.run(SegmentedRaftLogWorker.java:289)
	at java.lang.Thread.run(Thread.java:748)
2019-09-19 14:22:01,471 [56d21ab3-8f6d-44ea-b961-c721a1c09246-SegmentedRaftLogWorker:Storage Directory /workdir/hadoop-ozone/integration-test/target/test-dir/MiniOzoneClusterImpl-210d6028-2152-4683-81ff-347b0d29bb13/datanode-6/data/ratis/cd119a90-ad1f-4b41-9733-9385f8753a99] INFO  impl.RaftServerImpl (RaftServerImpl.java:lambda$shutdown$3(245)) - 56d21ab3-8f6d-44ea-b961-c721a1c09246: shutdown group-9385F8753A99
2019-09-19 14:21:59,497 [306a7a99-f2a5-4f40-b42b-2fc2def08a6a-SegmentedRaftLogWorker:Storage Directory /workdir/hadoop-ozone/integration-test/target/test-dir/MiniOzoneClusterImpl-210d6028-2152-4683-81ff-347b0d29bb13/datanode-2/data/ratis/b852e543-1886-4a2f-90a7-e31f1645e36d] ERROR segmented.SegmentedRaftLogWorker (SegmentedRaftLogWorker.java:run(323)) - 306a7a99-f2a5-4f40-b42b-2fc2def08a6a-SegmentedRaftLogWorker:Storage Directory /workdir/hadoop-ozone/integration-test/target/test-dir/MiniOzoneClusterImpl-210d6028-2152-4683-81ff-347b0d29bb13/datanode-2/data/ratis/b852e543-1886-4a2f-90a7-e31f1645e36d hit exception
java.lang.OutOfMemoryError: Direct buffer memory
	at java.nio.Bits.reserveMemory(Bits.java:666)
	at java.nio.DirectByteBuffer.<init>(DirectByteBuffer.java:123)
	at java.nio.ByteBuffer.allocateDirect(ByteBuffer.java:311)
	at org.apache.ratis.server.raftlog.segmented.BufferedWriteChannel.<init>(BufferedWriteChannel.java:41)
	at org.apache.ratis.server.raftlog.segmented.SegmentedRaftLogOutputStream.<init>(SegmentedRaftLogOutputStream.java:72)
	at org.apache.ratis.server.raftlog.segmented.SegmentedRaftLogWorker$StartLogSegment.execute(SegmentedRaftLogWorker.java:566)
	at org.apache.ratis.server.raftlog.segmented.SegmentedRaftLogWorker.run(SegmentedRaftLogWorker.java:289)
	at java.lang.Thread.run(Thread.java:748)
2019-09-19 14:22:01,471 [306a7a99-f2a5-4f40-b42b-2fc2def08a6a-SegmentedRaftLogWorker:Storage Directory /workdir/hadoop-ozone/integration-test/target/test-dir/MiniOzoneClusterImpl-210d6028-2152-4683-81ff-347b0d29bb13/datanode-2/data/ratis/b852e543-1886-4a2f-90a7-e31f1645e36d] INFO  impl.RaftServerImpl (RaftServerImpl.java:lambda$shutdown$3(245)) - 306a7a99-f2a5-4f40-b42b-2fc2def08a6a: shutdown group-E31F1645E36D
2019-09-19 14:21:59,260 [85c6a9f3-b9a5-43a5-ac4f-9aa7bd5f2263-SegmentedRaftLogWorker:Storage Directory /workdir/hadoop-ozone/integration-test/target/test-dir/MiniOzoneClusterImpl-210d6028-2152-4683-81ff-347b0d29bb13/datanode-0/data/ratis/beee9431-602b-412f-9914-9bf0e3e86ddd] INFO  impl.RoleInfo (RoleInfo.java:shutdownLeaderState(104)) - 85c6a9f3-b9a5-43a5-ac4f-9aa7bd5f2263: shutdown LeaderState
2019-09-19 14:21:59,260 [85c6a9f3-b9a5-43a5-ac4f-9aa7bd5f2263-SegmentedRaftLogWorker:Storage Directory /workdir/hadoop-ozone/integration-test/target/test-dir/MiniOzoneClusterImpl-210d6028-2152-4683-81ff-347b0d29bb13/datanode-0/data/ratis/144b13c0-5c9b-441e-bdae-38451878e2da] INFO  impl.PendingRequests (PendingRequests.java:sendNotLeaderResponses(202)) - 85c6a9f3-b9a5-43a5-ac4f-9aa7bd5f2263-PendingRequests: sendNotLeaderResponses
2019-09-19 14:21:59,041 [6403e584-2209-453b-b79e-eeb0a7b58516-SegmentedRaftLogWorker:Storage Directory /workdir/hadoop-ozone/integration-test/target/test-dir/MiniOzoneClusterImpl-210d6028-2152-4683-81ff-347b0d29bb13/datanode-3/data/ratis/ac10c030-0539-4b28-b6fb-b8762af75437] ERROR segmented.SegmentedRaftLogWorker (SegmentedRaftLogWorker.java:run(323)) - 6403e584-2209-453b-b79e-eeb0a7b58516-SegmentedRaftLogWorker:Storage Directory /workdir/hadoop-ozone/integration-test/target/test-dir/MiniOzoneClusterImpl-210d6028-2152-4683-81ff-347b0d29bb13/datanode-3/data/ratis/ac10c030-0539-4b28-b6fb-b8762af75437 hit exception
java.lang.OutOfMemoryError: Direct buffer memory
	at java.nio.Bits.reserveMemory(Bits.java:666)
	at java.nio.DirectByteBuffer.<init>(DirectByteBuffer.java:123)
	at java.nio.ByteBuffer.allocateDirect(ByteBuffer.java:311)
	at org.apache.ratis.server.raftlog.segmented.BufferedWriteChannel.<init>(BufferedWriteChannel.java:41)
	at org.apache.ratis.server.raftlog.segmented.SegmentedRaftLogOutputStream.<init>(SegmentedRaftLogOutputStream.java:72)
	at org.apache.ratis.server.raftlog.segmented.SegmentedRaftLogWorker$StartLogSegment.execute(SegmentedRaftLogWorker.java:566)
	at org.apache.ratis.server.raftlog.segmented.SegmentedRaftLogWorker.run(SegmentedRaftLogWorker.java:289)
	at java.lang.Thread.run(Thread.java:748)
2019-09-19 14:22:01,472 [6403e584-2209-453b-b79e-eeb0a7b58516-SegmentedRaftLogWorker:Storage Directory /workdir/hadoop-ozone/integration-test/target/test-dir/MiniOzoneClusterImpl-210d6028-2152-4683-81ff-347b0d29bb13/datanode-3/data/ratis/ac10c030-0539-4b28-b6fb-b8762af75437] INFO  impl.RaftServerImpl (RaftServerImpl.java:lambda$shutdown$3(245)) - 6403e584-2209-453b-b79e-eeb0a7b58516: shutdown group-B8762AF75437
2019-09-19 14:21:59,041 [5dfaa0ea-416a-422c-a75d-43311aceb00a-SegmentedRaftLogWorker:Storage Directory /workdir/hadoop-ozone/integration-test/target/test-dir/MiniOzoneClusterImpl-210d6028-2152-4683-81ff-347b0d29bb13/datanode-1/data/ratis/d9644a14-b63e-4f6b-b25a-2d13f68c8b1a] ERROR segmented.SegmentedRaftLogWorker (SegmentedRaftLogWorker.java:run(323)) - 5dfaa0ea-416a-422c-a75d-43311aceb00a-SegmentedRaftLogWorker:Storage Directory /workdir/hadoop-ozone/integration-test/target/test-dir/MiniOzoneClusterImpl-210d6028-2152-4683-81ff-347b0d29bb13/datanode-1/data/ratis/d9644a14-b63e-4f6b-b25a-2d13f68c8b1a hit exception
java.lang.OutOfMemoryError: Direct buffer memory
	at java.nio.Bits.reserveMemory(Bits.java:666)
	at java.nio.DirectByteBuffer.<init>(DirectByteBuffer.java:123)
	at java.nio.ByteBuffer.allocateDirect(ByteBuffer.java:311)
	at org.apache.ratis.server.raftlog.segmented.BufferedWriteChannel.<init>(BufferedWriteChannel.java:41)
	at org.apache.ratis.server.raftlog.segmented.SegmentedRaftLogOutputStream.<init>(SegmentedRaftLogOutputStream.java:72)
	at org.apache.ratis.server.raftlog.segmented.SegmentedRaftLogWorker$StartLogSegment.execute(SegmentedRaftLogWorker.java:566)
	at org.apache.ratis.server.raftlog.segmented.SegmentedRaftLogWorker.run(SegmentedRaftLogWorker.java:289)
	at java.lang.Thread.run(Thread.java:748)
2019-09-19 14:21:58,841 [6403e584-2209-453b-b79e-eeb0a7b58516:group-8E3F95F61C0C:LeaderElection159] INFO  impl.RaftServerImpl (ServerState.java:setRaftConf(361)) - 6403e584-2209-453b-b79e-eeb0a7b58516:group-8E3F95F61C0C set configuration 0: [6403e584-2209-453b-b79e-eeb0a7b58516:192.168.157.226:35833], old=null at 0
2019-09-19 14:21:58,841 [6403e584-2209-453b-b79e-eeb0a7b58516:group-BAE80F1788ED:LeaderElection181] INFO  segmented.SegmentedRaftLogWorker (SegmentedRaftLogWorker.java:startLogSegment(380)) - 6403e584-2209-453b-b79e-eeb0a7b58516-SegmentedRaftLogWorker:Storage Directory /workdir/hadoop-ozone/integration-test/target/test-dir/MiniOzoneClusterImpl-210d6028-2152-4683-81ff-347b0d29bb13/datanode-3/data/ratis/87129e6c-351b-40c3-ac12-bae80f1788ed: Starting segment from index:0
2019-09-19 14:21:58,841 [85c6a9f3-b9a5-43a5-ac4f-9aa7bd5f2263:group-F720BA2B578E:LeaderElection179] INFO  impl.RaftServerImpl (ServerState.java:setRaftConf(361)) - 85c6a9f3-b9a5-43a5-ac4f-9aa7bd5f2263:group-F720BA2B578E set configuration 0: [85c6a9f3-b9a5-43a5-ac4f-9aa7bd5f2263:192.168.157.226:45170], old=null at 0
2019-09-19 14:22:01,472 [5dfaa0ea-416a-422c-a75d-43311aceb00a-SegmentedRaftLogWorker:Storage Directory /workdir/hadoop-ozone/integration-test/target/test-dir/MiniOzoneClusterImpl-210d6028-2152-4683-81ff-347b0d29bb13/datanode-1/data/ratis/d9644a14-b63e-4f6b-b25a-2d13f68c8b1a] INFO  impl.RaftServerImpl (RaftServerImpl.java:lambda$shutdown$3(245)) - 5dfaa0ea-416a-422c-a75d-43311aceb00a: shutdown group-2D13F68C8B1A
2019-09-19 14:22:01,472 [6403e584-2209-453b-b79e-eeb0a7b58516-SegmentedRaftLogWorker:Storage Directory /workdir/hadoop-ozone/integration-test/target/test-dir/MiniOzoneClusterImpl-210d6028-2152-4683-81ff-347b0d29bb13/datanode-3/data/ratis/ac10c030-0539-4b28-b6fb-b8762af75437] INFO  util.JmxRegister (JmxRegister.java:unregister(73)) - Successfully un-registered JMX Bean with object name Ratis:service=RaftServer,group=group-B8762AF75437,id=6403e584-2209-453b-b79e-eeb0a7b58516
2019-09-19 14:22:01,757 | INFO  | SCMAudit | user=jenkins1000 | ip=192.168.157.226 | op=SEND_HEARTBEAT {datanodeUUID=6403e584-2209-453b-b79e-eeb0a7b58516, command=[]} | ret=SUCCESS |  
2019-09-19 14:22:01,472 [85c6a9f3-b9a5-43a5-ac4f-9aa7bd5f2263-SegmentedRaftLogWorker:Storage Directory /workdir/hadoop-ozone/integration-test/target/test-dir/MiniOzoneClusterImpl-210d6028-2152-4683-81ff-347b0d29bb13/datanode-0/data/ratis/144b13c0-5c9b-441e-bdae-38451878e2da] INFO  impl.StateMachineUpdater (StateMachineUpdater.java:stopAndJoin(115)) - StateMachineUpdater:85c6a9f3-b9a5-43a5-ac4f-9aa7bd5f2263:group-38451878E2DA: set stopIndex = -1
2019-09-19 14:22:01,759 [85c6a9f3-b9a5-43a5-ac4f-9aa7bd5f2263-SegmentedRaftLogWorker:Storage Directory /workdir/hadoop-ozone/integration-test/target/test-dir/MiniOzoneClusterImpl-210d6028-2152-4683-81ff-347b0d29bb13/datanode-0/data/ratis/144b13c0-5c9b-441e-bdae-38451878e2da] INFO  impl.RaftServerImpl (ServerState.java:close(394)) - 85c6a9f3-b9a5-43a5-ac4f-9aa7bd5f2263:group-38451878E2DA closes. The last applied log index is -1
2019-09-19 14:22:01,472 [85c6a9f3-b9a5-43a5-ac4f-9aa7bd5f2263-SegmentedRaftLogWorker:Storage Directory /workdir/hadoop-ozone/integration-test/target/test-dir/MiniOzoneClusterImpl-210d6028-2152-4683-81ff-347b0d29bb13/datanode-0/data/ratis/beee9431-602b-412f-9914-9bf0e3e86ddd] INFO  impl.PendingRequests (PendingRequests.java:sendNotLeaderResponses(202)) - 85c6a9f3-b9a5-43a5-ac4f-9aa7bd5f2263-PendingRequests: sendNotLeaderResponses
2019-09-19 14:22:01,472 [306a7a99-f2a5-4f40-b42b-2fc2def08a6a-SegmentedRaftLogWorker:Storage Directory /workdir/hadoop-ozone/integration-test/target/test-dir/MiniOzoneClusterImpl-210d6028-2152-4683-81ff-347b0d29bb13/datanode-2/data/ratis/b852e543-1886-4a2f-90a7-e31f1645e36d] INFO  util.JmxRegister (JmxRegister.java:unregister(73)) - Successfully un-registered JMX Bean with object name Ratis:service=RaftServer,group=group-E31F1645E36D,id=306a7a99-f2a5-4f40-b42b-2fc2def08a6a
2019-09-19 14:22:01,471 [56d21ab3-8f6d-44ea-b961-c721a1c09246-SegmentedRaftLogWorker:Storage Directory /workdir/hadoop-ozone/integration-test/target/test-dir/MiniOzoneClusterImpl-210d6028-2152-4683-81ff-347b0d29bb13/datanode-6/data/ratis/cd119a90-ad1f-4b41-9733-9385f8753a99] INFO  util.JmxRegister (JmxRegister.java:unregister(73)) - Successfully un-registered JMX Bean with object name Ratis:service=RaftServer,group=group-9385F8753A99,id=56d21ab3-8f6d-44ea-b961-c721a1c09246
2019-09-19 14:22:01,759 [56d21ab3-8f6d-44ea-b961-c721a1c09246-SegmentedRaftLogWorker:Storage Directory /workdir/hadoop-ozone/integration-test/target/test-dir/MiniOzoneClusterImpl-210d6028-2152-4683-81ff-347b0d29bb13/datanode-6/data/ratis/cd119a90-ad1f-4b41-9733-9385f8753a99] INFO  impl.RoleInfo (RoleInfo.java:shutdownLeaderState(104)) - 56d21ab3-8f6d-44ea-b961-c721a1c09246: shutdown LeaderState
2019-09-19 14:22:01,471 [85c6a9f3-b9a5-43a5-ac4f-9aa7bd5f2263-SegmentedRaftLogWorker:Storage Directory /workdir/hadoop-ozone/integration-test/target/test-dir/MiniOzoneClusterImpl-210d6028-2152-4683-81ff-347b0d29bb13/datanode-0/data/ratis/bb007223-e64a-4e98-94ec-af4afe69bc98] INFO  impl.PendingRequests (PendingRequests.java:sendNotLeaderResponses(202)) - 85c6a9f3-b9a5-43a5-ac4f-9aa7bd5f2263-PendingRequests: sendNotLeaderResponses
2019-09-19 14:22:01,471 [431517c4-8c09-4790-b37b-2e132c8143ad-SegmentedRaftLogWorker:Storage Directory /workdir/hadoop-ozone/integration-test/target/test-dir/MiniOzoneClusterImpl-210d6028-2152-4683-81ff-347b0d29bb13/datanode-5/data/ratis/fd2672d3-dd70-4558-98a0-d5017db46417] INFO  impl.RaftServerImpl (ServerState.java:close(394)) - 431517c4-8c09-4790-b37b-2e132c8143ad:group-D5017DB46417 closes. The last applied log index is -1
2019-09-19 14:22:01,470 [85c6a9f3-b9a5-43a5-ac4f-9aa7bd5f2263-SegmentedRaftLogWorker:Storage Directory /workdir/hadoop-ozone/integration-test/target/test-dir/MiniOzoneClusterImpl-210d6028-2152-4683-81ff-347b0d29bb13/datanode-0/data/ratis/d17e548c-8a62-43ac-bc0b-e11a284d5e69] INFO  impl.PendingRequests (PendingRequests.java:sendNotLeaderResponses(202)) - 85c6a9f3-b9a5-43a5-ac4f-9aa7bd5f2263-PendingRequests: sendNotLeaderResponses
2019-09-19 14:22:01,470 [1190b9a7-12b1-4c15-b33e-f7d0a0cd436c-SegmentedRaftLogWorker:Storage Directory /workdir/hadoop-ozone/integration-test/target/test-dir/MiniOzoneClusterImpl-210d6028-2152-4683-81ff-347b0d29bb13/datanode-4/data/ratis/aef45801-cb89-4e1e-bcc4-e32ecd57e9e2] INFO  impl.StateMachineUpdater (StateMachineUpdater.java:stopAndJoin(115)) - StateMachineUpdater:1190b9a7-12b1-4c15-b33e-f7d0a0cd436c:group-E32ECD57E9E2: set stopIndex = -1
2019-09-19 14:22:01,760 [1190b9a7-12b1-4c15-b33e-f7d0a0cd436c-SegmentedRaftLogWorker:Storage Directory /workdir/hadoop-ozone/integration-test/target/test-dir/MiniOzoneClusterImpl-210d6028-2152-4683-81ff-347b0d29bb13/datanode-4/data/ratis/aef45801-cb89-4e1e-bcc4-e32ecd57e9e2] INFO  impl.RaftServerImpl (ServerState.java:close(394)) - 1190b9a7-12b1-4c15-b33e-f7d0a0cd436c:group-E32ECD57E9E2 closes. The last applied log index is -1
2019-09-19 14:22:01,470 [5dfaa0ea-416a-422c-a75d-43311aceb00a-SegmentedRaftLogWorker:Storage Directory /workdir/hadoop-ozone/integration-test/target/test-dir/MiniOzoneClusterImpl-210d6028-2152-4683-81ff-347b0d29bb13/datanode-1/data/ratis/73c63659-0c12-4dfd-b970-230e763c684c] INFO  impl.PendingRequests (PendingRequests.java:sendNotLeaderResponses(202)) - 5dfaa0ea-416a-422c-a75d-43311aceb00a-PendingRequests: sendNotLeaderResponses
2019-09-19 14:22:01,470 [Thread-850] INFO  impl.RoleInfo (RoleInfo.java:updateAndGet(143)) - 5dfaa0ea-416a-422c-a75d-43311aceb00a: start LeaderElection
2019-09-19 14:22:01,470 [1190b9a7-12b1-4c15-b33e-f7d0a0cd436c-SegmentedRaftLogWorker:Storage Directory /workdir/hadoop-ozone/integration-test/target/test-dir/MiniOzoneClusterImpl-210d6028-2152-4683-81ff-347b0d29bb13/datanode-4/data/ratis/f50ebf51-4b2a-4369-b91f-9eb942fc9e99] INFO  impl.RaftServerImpl (RaftServerImpl.java:lambda$shutdown$3(245)) - 1190b9a7-12b1-4c15-b33e-f7d0a0cd436c: shutdown group-9EB942FC9E99
2019-09-19 14:22:01,470 [Thread-1145] INFO  impl.RoleInfo (RoleInfo.java:updateAndGet(143)) - 85c6a9f3-b9a5-43a5-ac4f-9aa7bd5f2263: start LeaderElection
2019-09-19 14:22:01,469 [6403e584-2209-453b-b79e-eeb0a7b58516-SegmentedRaftLogWorker:Storage Directory /workdir/hadoop-ozone/integration-test/target/test-dir/MiniOzoneClusterImpl-210d6028-2152-4683-81ff-347b0d29bb13/datanode-3/data/ratis/d229195b-d3bd-4feb-ae52-0d5e299a7331] INFO  impl.RoleInfo (RoleInfo.java:shutdownLeaderState(104)) - 6403e584-2209-453b-b79e-eeb0a7b58516: shutdown LeaderState
2019-09-19 14:22:01,469 [5dfaa0ea-416a-422c-a75d-43311aceb00a-SegmentedRaftLogWorker:Storage Directory /workdir/hadoop-ozone/integration-test/target/test-dir/MiniOzoneClusterImpl-210d6028-2152-4683-81ff-347b0d29bb13/datanode-1/data/ratis/613f29da-297b-471f-ba42-9f8238b9215e] INFO  impl.RoleInfo (RoleInfo.java:shutdownLeaderState(104)) - 5dfaa0ea-416a-422c-a75d-43311aceb00a: shutdown LeaderState
2019-09-19 14:22:01,469 [5dfaa0ea-416a-422c-a75d-43311aceb00a-SegmentedRaftLogWorker:Storage Directory /workdir/hadoop-ozone/integration-test/target/test-dir/MiniOzoneClusterImpl-210d6028-2152-4683-81ff-347b0d29bb13/datanode-1/data/ratis/2ca22967-3872-4a27-bc0e-7f2ab031cc89] INFO  impl.RoleInfo (RoleInfo.java:shutdownLeaderState(104)) - 5dfaa0ea-416a-422c-a75d-43311aceb00a: shutdown LeaderState
2019-09-19 14:22:01,468 [pool-27-thread-1] INFO  server.RaftServerConfigKeys (ConfUtils.java:logGet(43)) - raft.server.log.purge.gap = 1000000 (custom)
2019-09-19 14:22:01,762 [pool-27-thread-1] INFO  server.RaftServerConfigKeys (ConfUtils.java:logGet(43)) - raft.server.log.appender.buffer.byte-limit = 33554432 (custom)
2019-09-19 14:22:01,468 [1190b9a7-12b1-4c15-b33e-f7d0a0cd436c-SegmentedRaftLogWorker:Storage Directory /workdir/hadoop-ozone/integration-test/target/test-dir/MiniOzoneClusterImpl-210d6028-2152-4683-81ff-347b0d29bb13/datanode-4/data/ratis/3fa0b3b8-7919-4878-a5d9-cb3d96f0ad97] INFO  impl.StateMachineUpdater (StateMachineUpdater.java:stopAndJoin(115)) - StateMachineUpdater:1190b9a7-12b1-4c15-b33e-f7d0a0cd436c:group-CB3D96F0AD97: set stopIndex = -1
2019-09-19 14:22:01,467 [5dfaa0ea-416a-422c-a75d-43311aceb00a-SegmentedRaftLogWorker:Storage Directory /workdir/hadoop-ozone/integration-test/target/test-dir/MiniOzoneClusterImpl-210d6028-2152-4683-81ff-347b0d29bb13/datanode-1/data/ratis/ab5b533a-6c39-466f-ba27-434f2440a2f3] INFO  impl.PendingRequests (PendingRequests.java:sendNotLeaderResponses(202)) - 5dfaa0ea-416a-422c-a75d-43311aceb00a-PendingRequests: sendNotLeaderResponses
2019-09-19 14:22:01,467 [306a7a99-f2a5-4f40-b42b-2fc2def08a6a-SegmentedRaftLogWorker:Storage Directory /workdir/hadoop-ozone/integration-test/target/test-dir/MiniOzoneClusterImpl-210d6028-2152-4683-81ff-347b0d29bb13/datanode-2/data/ratis/e21d9e0f-eec2-4a25-919d-ae1e2b007a31] INFO  impl.RaftServerImpl (RaftServerImpl.java:lambda$shutdown$3(245)) - 306a7a99-f2a5-4f40-b42b-2fc2def08a6a: shutdown group-AE1E2B007A31
2019-09-19 14:22:01,467 [6403e584-2209-453b-b79e-eeb0a7b58516-SegmentedRaftLogWorker:Storage Directory /workdir/hadoop-ozone/integration-test/target/test-dir/MiniOzoneClusterImpl-210d6028-2152-4683-81ff-347b0d29bb13/datanode-3/data/ratis/7b21afb8-f5ee-4673-90d5-9d2959e62da3] INFO  impl.RaftServerImpl (RaftServerImpl.java:lambda$shutdown$3(245)) - 6403e584-2209-453b-b79e-eeb0a7b58516: shutdown group-9D2959E62DA3
2019-09-19 14:22:01,467 [6403e584-2209-453b-b79e-eeb0a7b58516-SegmentedRaftLogWorker:Storage Directory /workdir/hadoop-ozone/integration-test/target/test-dir/MiniOzoneClusterImpl-210d6028-2152-4683-81ff-347b0d29bb13/datanode-3/data/ratis/8b8b7e75-4017-4f05-9f7a-c75f49951d14] INFO  util.JmxRegister (JmxRegister.java:unregister(73)) - Successfully un-registered JMX Bean with object name Ratis:service=RaftServer,group=group-C75F49951D14,id=6403e584-2209-453b-b79e-eeb0a7b58516
2019-09-19 14:22:01,763 [6403e584-2209-453b-b79e-eeb0a7b58516-SegmentedRaftLogWorker:Storage Directory /workdir/hadoop-ozone/integration-test/target/test-dir/MiniOzoneClusterImpl-210d6028-2152-4683-81ff-347b0d29bb13/datanode-3/data/ratis/8b8b7e75-4017-4f05-9f7a-c75f49951d14] INFO  impl.RoleInfo (RoleInfo.java:shutdownLeaderState(104)) - 6403e584-2209-453b-b79e-eeb0a7b58516: shutdown LeaderState
2019-09-19 14:22:01,467 [6403e584-2209-453b-b79e-eeb0a7b58516-SegmentedRaftLogWorker:Storage Directory /workdir/hadoop-ozone/integration-test/target/test-dir/MiniOzoneClusterImpl-210d6028-2152-4683-81ff-347b0d29bb13/datanode-3/data/ratis/1c2eeda1-b507-4408-bb02-5908dd2eabea] INFO  util.JmxRegister (JmxRegister.java:unregister(73)) - Successfully un-registered JMX Bean with object name Ratis:service=RaftServer,group=group-5908DD2EABEA,id=6403e584-2209-453b-b79e-eeb0a7b58516
2019-09-19 14:22:01,466 [306a7a99-f2a5-4f40-b42b-2fc2def08a6a-SegmentedRaftLogWorker:Storage Directory /workdir/hadoop-ozone/integration-test/target/test-dir/MiniOzoneClusterImpl-210d6028-2152-4683-81ff-347b0d29bb13/datanode-2/data/ratis/6b0a855c-a132-41d9-8c10-26e40af3ae02] INFO  impl.StateMachineUpdater (StateMachineUpdater.java:stopAndJoin(115)) - StateMachineUpdater:306a7a99-f2a5-4f40-b42b-2fc2def08a6a:group-26E40AF3AE02: set stopIndex = -1
2019-09-19 14:22:01,466 [Thread-864] INFO  impl.RoleInfo (RoleInfo.java:updateAndGet(143)) - 6403e584-2209-453b-b79e-eeb0a7b58516: start LeaderElection
2019-09-19 14:22:01,465 [85c6a9f3-b9a5-43a5-ac4f-9aa7bd5f2263-SegmentedRaftLogWorker:Storage Directory /workdir/hadoop-ozone/integration-test/target/test-dir/MiniOzoneClusterImpl-210d6028-2152-4683-81ff-347b0d29bb13/datanode-0/data/ratis/a5b4024b-46c2-4dae-a6ee-a5c201119bcc] INFO  impl.RoleInfo (RoleInfo.java:shutdownLeaderState(104)) - 85c6a9f3-b9a5-43a5-ac4f-9aa7bd5f2263: shutdown LeaderState
2019-09-19 14:22:01,763 [85c6a9f3-b9a5-43a5-ac4f-9aa7bd5f2263-SegmentedRaftLogWorker:Storage Directory /workdir/hadoop-ozone/integration-test/target/test-dir/MiniOzoneClusterImpl-210d6028-2152-4683-81ff-347b0d29bb13/datanode-0/data/ratis/a5b4024b-46c2-4dae-a6ee-a5c201119bcc] INFO  impl.PendingRequests (PendingRequests.java:sendNotLeaderResponses(202)) - 85c6a9f3-b9a5-43a5-ac4f-9aa7bd5f2263-PendingRequests: sendNotLeaderResponses
2019-09-19 14:22:01,465 [5dfaa0ea-416a-422c-a75d-43311aceb00a-SegmentedRaftLogWorker:Storage Directory /workdir/hadoop-ozone/integration-test/target/test-dir/MiniOzoneClusterImpl-210d6028-2152-4683-81ff-347b0d29bb13/datanode-1/data/ratis/c2b44cf1-f9d6-4da4-a6e8-191f2bf7f7a4] INFO  util.JmxRegister (JmxRegister.java:unregister(73)) - Successfully un-registered JMX Bean with object name Ratis:service=RaftServer,group=group-191F2BF7F7A4,id=5dfaa0ea-416a-422c-a75d-43311aceb00a
2019-09-19 14:22:01,465 [5dfaa0ea-416a-422c-a75d-43311aceb00a-SegmentedRaftLogWorker:Storage Directory /workdir/hadoop-ozone/integration-test/target/test-dir/MiniOzoneClusterImpl-210d6028-2152-4683-81ff-347b0d29bb13/datanode-1/data/ratis/3bf28a7f-8142-4f9b-8e48-d69f920c77b2] INFO  util.JmxRegister (JmxRegister.java:unregister(73)) - Successfully un-registered JMX Bean with object name Ratis:service=RaftServer,group=group-D69F920C77B2,id=5dfaa0ea-416a-422c-a75d-43311aceb00a
2019-09-19 14:22:01,764 [5dfaa0ea-416a-422c-a75d-43311aceb00a-SegmentedRaftLogWorker:Storage Directory /workdir/hadoop-ozone/integration-test/target/test-dir/MiniOzoneClusterImpl-210d6028-2152-4683-81ff-347b0d29bb13/datanode-1/data/ratis/3bf28a7f-8142-4f9b-8e48-d69f920c77b2] INFO  impl.RoleInfo (RoleInfo.java:shutdownLeaderState(104)) - 5dfaa0ea-416a-422c-a75d-43311aceb00a: shutdown LeaderState
2019-09-19 14:22:01,465 [pool-49-thread-1] INFO  server.RaftServerConfigKeys (ConfUtils.java:logGet(43)) - raft.server.sleep.deviation.threshold = 300 (default)
2019-09-19 14:22:01,465 [6403e584-2209-453b-b79e-eeb0a7b58516:group-5F7B930D9B26:LeaderElection204] INFO  server.RaftServerConfigKeys (ConfUtils.java:logGet(43)) - raft.server.write.element-limit = 4096 (default)
2019-09-19 14:22:01,465 [1190b9a7-12b1-4c15-b33e-f7d0a0cd436c:group-F9B6CA18EE39:LeaderElection203] INFO  server.RaftServerConfigKeys (ConfUtils.java:logGet(43)) - raft.server.watch.element-limit = 65536 (default)
2019-09-19 14:22:01,464 [306a7a99-f2a5-4f40-b42b-2fc2def08a6a:group-4DCB50BB2008:LeaderElection199] INFO  impl.RoleInfo (RoleInfo.java:updateAndGet(143)) - 306a7a99-f2a5-4f40-b42b-2fc2def08a6a: start LeaderState
2019-09-19 14:22:01,464 [306a7a99-f2a5-4f40-b42b-2fc2def08a6a:group-7FF1FB5A7764:LeaderElection200] INFO  server.RaftServerConfigKeys (ConfUtils.java:logGet(43)) - raft.server.write.element-limit = 4096 (default)
2019-09-19 14:22:01,464 [pool-60-thread-1] INFO  server.RaftServerConfigKeys (ConfUtils.java:logGet(43)) - raft.server.sleep.deviation.threshold = 300 (default)
2019-09-19 14:22:01,464 [85c6a9f3-b9a5-43a5-ac4f-9aa7bd5f2263:group-A1D8461AD66E:LeaderElection202] INFO  server.RaftServerConfigKeys (ConfUtils.java:logGet(43)) - raft.server.watch.element-limit = 65536 (default)
2019-09-19 14:22:01,464 [306a7a99-f2a5-4f40-b42b-2fc2def08a6a:group-5EABEA0C3A9A:LeaderElection205] INFO  server.RaftServerConfigKeys (ConfUtils.java:logGet(43)) - raft.server.watch.timeout = 10s (default)
2019-09-19 14:22:01,463 [85c6a9f3-b9a5-43a5-ac4f-9aa7bd5f2263:group-C538689DB8CD:LeaderElection198] INFO  server.RaftServerConfigKeys (ConfUtils.java:logGet(43)) - raft.server.watch.timeout = 10s (default)
2019-09-19 14:22:01,463 [85c6a9f3-b9a5-43a5-ac4f-9aa7bd5f2263:group-1E959A581BC4:LeaderElection197] INFO  server.RaftServerConfigKeys (ConfUtils.java:logGet(43)) - raft.server.watch.timeout.denomination = 1s (default)
2019-09-19 14:22:01,463 [306a7a99-f2a5-4f40-b42b-2fc2def08a6a:group-A981E405D304:LeaderElection201] INFO  server.RaftServerConfigKeys (ConfUtils.java:logGet(43)) - raft.server.watch.timeout.denomination = 1s (default)
2019-09-19 14:22:01,765 [306a7a99-f2a5-4f40-b42b-2fc2def08a6a:group-A981E405D304:LeaderElection201] INFO  server.RaftServerConfigKeys (ConfUtils.java:logGet(43)) - raft.server.watch.element-limit = 65536 (default)
2019-09-19 14:22:01,463 [6403e584-2209-453b-b79e-eeb0a7b58516-SegmentedRaftLogWorker:Storage Directory /workdir/hadoop-ozone/integration-test/target/test-dir/MiniOzoneClusterImpl-210d6028-2152-4683-81ff-347b0d29bb13/datanode-3/data/ratis/bde1a984-ed08-48bb-9716-09385c648829] INFO  util.JmxRegister (JmxRegister.java:unregister(73)) - Successfully un-registered JMX Bean with object name Ratis:service=RaftServer,group=group-09385C648829,id=6403e584-2209-453b-b79e-eeb0a7b58516
2019-09-19 14:22:01,766 [6403e584-2209-453b-b79e-eeb0a7b58516-SegmentedRaftLogWorker:Storage Directory /workdir/hadoop-ozone/integration-test/target/test-dir/MiniOzoneClusterImpl-210d6028-2152-4683-81ff-347b0d29bb13/datanode-3/data/ratis/bde1a984-ed08-48bb-9716-09385c648829] INFO  impl.RoleInfo (RoleInfo.java:shutdownLeaderState(104)) - 6403e584-2209-453b-b79e-eeb0a7b58516: shutdown LeaderState
2019-09-19 14:22:01,462 [6403e584-2209-453b-b79e-eeb0a7b58516:group-1F9E99136BC1:LeaderElection206] INFO  impl.RoleInfo (RoleInfo.java:shutdownLeaderElection(134)) - 6403e584-2209-453b-b79e-eeb0a7b58516: shutdown LeaderElection
2019-09-19 14:22:01,462 [85c6a9f3-b9a5-43a5-ac4f-9aa7bd5f2263:group-DFD37F1207A5:LeaderElection215] INFO  impl.RoleInfo (RoleInfo.java:shutdownLeaderElection(134)) - 85c6a9f3-b9a5-43a5-ac4f-9aa7bd5f2263: shutdown LeaderElection
2019-09-19 14:22:01,462 [306a7a99-f2a5-4f40-b42b-2fc2def08a6a-SegmentedRaftLogWorker:Storage Directory /workdir/hadoop-ozone/integration-test/target/test-dir/MiniOzoneClusterImpl-210d6028-2152-4683-81ff-347b0d29bb13/datanode-2/data/ratis/7fbca07c-e3b4-4c77-9bde-adcadc9576a0] INFO  util.JmxRegister (JmxRegister.java:unregister(73)) - Successfully un-registered JMX Bean with object name Ratis:service=RaftServer,group=group-ADCADC9576A0,id=306a7a99-f2a5-4f40-b42b-2fc2def08a6a
2019-09-19 14:22:01,769 [306a7a99-f2a5-4f40-b42b-2fc2def08a6a-SegmentedRaftLogWorker:Storage Directory /workdir/hadoop-ozone/integration-test/target/test-dir/MiniOzoneClusterImpl-210d6028-2152-4683-81ff-347b0d29bb13/datanode-2/data/ratis/7fbca07c-e3b4-4c77-9bde-adcadc9576a0] INFO  impl.RoleInfo (RoleInfo.java:shutdownLeaderState(104)) - 306a7a99-f2a5-4f40-b42b-2fc2def08a6a: shutdown LeaderState
2019-09-19 14:22:01,461 [6403e584-2209-453b-b79e-eeb0a7b58516-SegmentedRaftLogWorker:Storage Directory /workdir/hadoop-ozone/integration-test/target/test-dir/MiniOzoneClusterImpl-210d6028-2152-4683-81ff-347b0d29bb13/datanode-3/data/ratis/fb28e6d0-c737-4d0c-89a9-8c37e5a08283] INFO  impl.PendingRequests (PendingRequests.java:sendNotLeaderResponses(202)) - 6403e584-2209-453b-b79e-eeb0a7b58516-PendingRequests: sendNotLeaderResponses
2019-09-19 14:22:01,460 [85c6a9f3-b9a5-43a5-ac4f-9aa7bd5f2263-SegmentedRaftLogWorker:Storage Directory /workdir/hadoop-ozone/integration-test/target/test-dir/MiniOzoneClusterImpl-210d6028-2152-4683-81ff-347b0d29bb13/datanode-0/data/ratis/820d4892-99a1-43ee-956b-f720ba2b578e] ERROR segmented.SegmentedRaftLogWorker (SegmentedRaftLogWorker.java:run(323)) - 85c6a9f3-b9a5-43a5-ac4f-9aa7bd5f2263-SegmentedRaftLogWorker:Storage Directory /workdir/hadoop-ozone/integration-test/target/test-dir/MiniOzoneClusterImpl-210d6028-2152-4683-81ff-347b0d29bb13/datanode-0/data/ratis/820d4892-99a1-43ee-956b-f720ba2b578e hit exception
java.lang.OutOfMemoryError: Direct buffer memory
	at java.nio.Bits.reserveMemory(Bits.java:666)
	at java.nio.DirectByteBuffer.<init>(DirectByteBuffer.java:123)
	at java.nio.ByteBuffer.allocateDirect(ByteBuffer.java:311)
	at org.apache.ratis.server.raftlog.segmented.BufferedWriteChannel.<init>(BufferedWriteChannel.java:41)
	at org.apache.ratis.server.raftlog.segmented.SegmentedRaftLogOutputStream.<init>(SegmentedRaftLogOutputStream.java:72)
	at org.apache.ratis.server.raftlog.segmented.SegmentedRaftLogWorker$StartLogSegment.execute(SegmentedRaftLogWorker.java:566)
	at org.apache.ratis.server.raftlog.segmented.SegmentedRaftLogWorker.run(SegmentedRaftLogWorker.java:289)
	at java.lang.Thread.run(Thread.java:748)
2019-09-19 14:22:01,770 [85c6a9f3-b9a5-43a5-ac4f-9aa7bd5f2263-SegmentedRaftLogWorker:Storage Directory /workdir/hadoop-ozone/integration-test/target/test-dir/MiniOzoneClusterImpl-210d6028-2152-4683-81ff-347b0d29bb13/datanode-0/data/ratis/820d4892-99a1-43ee-956b-f720ba2b578e] INFO  impl.RaftServerImpl (RaftServerImpl.java:lambda$shutdown$3(245)) - 85c6a9f3-b9a5-43a5-ac4f-9aa7bd5f2263: shutdown group-F720BA2B578E
2019-09-19 14:22:01,460 [6403e584-2209-453b-b79e-eeb0a7b58516-SegmentedRaftLogWorker:Storage Directory /workdir/hadoop-ozone/integration-test/target/test-dir/MiniOzoneClusterImpl-210d6028-2152-4683-81ff-347b0d29bb13/datanode-3/data/ratis/b1a9101b-e28e-4227-a49c-8e3f95f61c0c] ERROR segmented.SegmentedRaftLogWorker (SegmentedRaftLogWorker.java:run(323)) - 6403e584-2209-453b-b79e-eeb0a7b58516-SegmentedRaftLogWorker:Storage Directory /workdir/hadoop-ozone/integration-test/target/test-dir/MiniOzoneClusterImpl-210d6028-2152-4683-81ff-347b0d29bb13/datanode-3/data/ratis/b1a9101b-e28e-4227-a49c-8e3f95f61c0c hit exception
java.lang.OutOfMemoryError: Direct buffer memory
	at java.nio.Bits.reserveMemory(Bits.java:666)
	at java.nio.DirectByteBuffer.<init>(DirectByteBuffer.java:123)
	at java.nio.ByteBuffer.allocateDirect(ByteBuffer.java:311)
	at org.apache.ratis.server.raftlog.segmented.BufferedWriteChannel.<init>(BufferedWriteChannel.java:41)
	at org.apache.ratis.server.raftlog.segmented.SegmentedRaftLogOutputStream.<init>(SegmentedRaftLogOutputStream.java:72)
	at org.apache.ratis.server.raftlog.segmented.SegmentedRaftLogWorker$StartLogSegment.execute(SegmentedRaftLogWorker.java:566)
	at org.apache.ratis.server.raftlog.segmented.SegmentedRaftLogWorker.run(SegmentedRaftLogWorker.java:289)
	at java.lang.Thread.run(Thread.java:748)
2019-09-19 14:22:01,460 [6403e584-2209-453b-b79e-eeb0a7b58516-SegmentedRaftLogWorker:Storage Directory /workdir/hadoop-ozone/integration-test/target/test-dir/MiniOzoneClusterImpl-210d6028-2152-4683-81ff-347b0d29bb13/datanode-3/data/ratis/5585f7d3-4d4a-466f-8783-8cfe3af44fff] ERROR segmented.SegmentedRaftLogWorker (SegmentedRaftLogWorker.java:run(323)) - 6403e584-2209-453b-b79e-eeb0a7b58516-SegmentedRaftLogWorker:Storage Directory /workdir/hadoop-ozone/integration-test/target/test-dir/MiniOzoneClusterImpl-210d6028-2152-4683-81ff-347b0d29bb13/datanode-3/data/ratis/5585f7d3-4d4a-466f-8783-8cfe3af44fff hit exception
java.lang.OutOfMemoryError: Direct buffer memory
	at java.nio.Bits.reserveMemory(Bits.java:666)
	at java.nio.DirectByteBuffer.<init>(DirectByteBuffer.java:123)
	at java.nio.ByteBuffer.allocateDirect(ByteBuffer.java:311)
	at org.apache.ratis.server.raftlog.segmented.BufferedWriteChannel.<init>(BufferedWriteChannel.java:41)
	at org.apache.ratis.server.raftlog.segmented.SegmentedRaftLogOutputStream.<init>(SegmentedRaftLogOutputStream.java:72)
	at org.apache.ratis.server.raftlog.segmented.SegmentedRaftLogWorker$StartLogSegment.execute(SegmentedRaftLogWorker.java:566)
	at org.apache.ratis.server.raftlog.segmented.SegmentedRaftLogWorker.run(SegmentedRaftLogWorker.java:289)
	at java.lang.Thread.run(Thread.java:748)
2019-09-19 14:22:01,771 [6403e584-2209-453b-b79e-eeb0a7b58516-SegmentedRaftLogWorker:Storage Directory /workdir/hadoop-ozone/integration-test/target/test-dir/MiniOzoneClusterImpl-210d6028-2152-4683-81ff-347b0d29bb13/datanode-3/data/ratis/5585f7d3-4d4a-466f-8783-8cfe3af44fff] INFO  impl.RaftServerImpl (RaftServerImpl.java:lambda$shutdown$3(245)) - 6403e584-2209-453b-b79e-eeb0a7b58516: shutdown group-8CFE3AF44FFF
2019-09-19 14:22:01,205 [85c6a9f3-b9a5-43a5-ac4f-9aa7bd5f2263-SegmentedRaftLogWorker:Storage Directory /workdir/hadoop-ozone/integration-test/target/test-dir/MiniOzoneClusterImpl-210d6028-2152-4683-81ff-347b0d29bb13/datanode-0/data/ratis/15d695d4-435b-4c1e-870e-8ae81f3d915f] INFO  impl.PendingRequests (PendingRequests.java:sendNotLeaderResponses(202)) - 85c6a9f3-b9a5-43a5-ac4f-9aa7bd5f2263-PendingRequests: sendNotLeaderResponses
2019-09-19 14:22:01,204 [306a7a99-f2a5-4f40-b42b-2fc2def08a6a:group-BA6B5495B088:LeaderElection150] INFO  impl.RaftServerImpl (ServerState.java:setRaftConf(361)) - 306a7a99-f2a5-4f40-b42b-2fc2def08a6a:group-BA6B5495B088 set configuration 0: [306a7a99-f2a5-4f40-b42b-2fc2def08a6a:192.168.157.226:42633], old=null at 0
2019-09-19 14:22:01,204 [5dfaa0ea-416a-422c-a75d-43311aceb00a-SegmentedRaftLogWorker:Storage Directory /workdir/hadoop-ozone/integration-test/target/test-dir/MiniOzoneClusterImpl-210d6028-2152-4683-81ff-347b0d29bb13/datanode-1/data/ratis/574d4bd5-bfdd-4088-bd5e-d83635899549] INFO  impl.RoleInfo (RoleInfo.java:shutdownLeaderState(104)) - 5dfaa0ea-416a-422c-a75d-43311aceb00a: shutdown LeaderState
2019-09-19 14:22:01,204 [306a7a99-f2a5-4f40-b42b-2fc2def08a6a-SegmentedRaftLogWorker:Storage Directory /workdir/hadoop-ozone/integration-test/target/test-dir/MiniOzoneClusterImpl-210d6028-2152-4683-81ff-347b0d29bb13/datanode-2/data/ratis/1ff81542-9a7f-4be5-9739-65d6932c1949] INFO  impl.PendingRequests (PendingRequests.java:sendNotLeaderResponses(202)) - 306a7a99-f2a5-4f40-b42b-2fc2def08a6a-PendingRequests: sendNotLeaderResponses
2019-09-19 14:22:01,204 [306a7a99-f2a5-4f40-b42b-2fc2def08a6a-SegmentedRaftLogWorker:Storage Directory /workdir/hadoop-ozone/integration-test/target/test-dir/MiniOzoneClusterImpl-210d6028-2152-4683-81ff-347b0d29bb13/datanode-2/data/ratis/a0f230a9-2c48-4665-8534-a8dd95df660c] INFO  impl.RoleInfo (RoleInfo.java:shutdownLeaderState(104)) - 306a7a99-f2a5-4f40-b42b-2fc2def08a6a: shutdown LeaderState
2019-09-19 14:22:01,772 [306a7a99-f2a5-4f40-b42b-2fc2def08a6a-SegmentedRaftLogWorker:Storage Directory /workdir/hadoop-ozone/integration-test/target/test-dir/MiniOzoneClusterImpl-210d6028-2152-4683-81ff-347b0d29bb13/datanode-2/data/ratis/1ff81542-9a7f-4be5-9739-65d6932c1949] INFO  impl.StateMachineUpdater (StateMachineUpdater.java:stopAndJoin(115)) - StateMachineUpdater:306a7a99-f2a5-4f40-b42b-2fc2def08a6a:group-65D6932C1949: set stopIndex = -1
2019-09-19 14:22:01,772 [5dfaa0ea-416a-422c-a75d-43311aceb00a-SegmentedRaftLogWorker:Storage Directory /workdir/hadoop-ozone/integration-test/target/test-dir/MiniOzoneClusterImpl-210d6028-2152-4683-81ff-347b0d29bb13/datanode-1/data/ratis/574d4bd5-bfdd-4088-bd5e-d83635899549] INFO  impl.PendingRequests (PendingRequests.java:sendNotLeaderResponses(202)) - 5dfaa0ea-416a-422c-a75d-43311aceb00a-PendingRequests: sendNotLeaderResponses
2019-09-19 14:22:01,771 [85c6a9f3-b9a5-43a5-ac4f-9aa7bd5f2263-SegmentedRaftLogWorker:Storage Directory /workdir/hadoop-ozone/integration-test/target/test-dir/MiniOzoneClusterImpl-210d6028-2152-4683-81ff-347b0d29bb13/datanode-0/data/ratis/15d695d4-435b-4c1e-870e-8ae81f3d915f] INFO  impl.StateMachineUpdater (StateMachineUpdater.java:stopAndJoin(115)) - StateMachineUpdater:85c6a9f3-b9a5-43a5-ac4f-9aa7bd5f2263:group-8AE81F3D915F: set stopIndex = -1
2019-09-19 14:22:01,771 [6403e584-2209-453b-b79e-eeb0a7b58516-SegmentedRaftLogWorker:Storage Directory /workdir/hadoop-ozone/integration-test/target/test-dir/MiniOzoneClusterImpl-210d6028-2152-4683-81ff-347b0d29bb13/datanode-3/data/ratis/5585f7d3-4d4a-466f-8783-8cfe3af44fff] INFO  util.JmxRegister (JmxRegister.java:unregister(73)) - Successfully un-registered JMX Bean with object name Ratis:service=RaftServer,group=group-8CFE3AF44FFF,id=6403e584-2209-453b-b79e-eeb0a7b58516
2019-09-19 14:22:01,773 [6403e584-2209-453b-b79e-eeb0a7b58516-SegmentedRaftLogWorker:Storage Directory /workdir/hadoop-ozone/integration-test/target/test-dir/MiniOzoneClusterImpl-210d6028-2152-4683-81ff-347b0d29bb13/datanode-3/data/ratis/5585f7d3-4d4a-466f-8783-8cfe3af44fff] INFO  impl.RoleInfo (RoleInfo.java:shutdownLeaderState(104)) - 6403e584-2209-453b-b79e-eeb0a7b58516: shutdown LeaderState
2019-09-19 14:22:01,771 [6403e584-2209-453b-b79e-eeb0a7b58516-SegmentedRaftLogWorker:Storage Directory /workdir/hadoop-ozone/integration-test/target/test-dir/MiniOzoneClusterImpl-210d6028-2152-4683-81ff-347b0d29bb13/datanode-3/data/ratis/b1a9101b-e28e-4227-a49c-8e3f95f61c0c] INFO  impl.RaftServerImpl (RaftServerImpl.java:lambda$shutdown$3(245)) - 6403e584-2209-453b-b79e-eeb0a7b58516: shutdown group-8E3F95F61C0C
2019-09-19 14:22:01,770 [85c6a9f3-b9a5-43a5-ac4f-9aa7bd5f2263-SegmentedRaftLogWorker:Storage Directory /workdir/hadoop-ozone/integration-test/target/test-dir/MiniOzoneClusterImpl-210d6028-2152-4683-81ff-347b0d29bb13/datanode-0/data/ratis/820d4892-99a1-43ee-956b-f720ba2b578e] INFO  util.JmxRegister (JmxRegister.java:unregister(73)) - Successfully un-registered JMX Bean with object name Ratis:service=RaftServer,group=group-F720BA2B578E,id=85c6a9f3-b9a5-43a5-ac4f-9aa7bd5f2263
2019-09-19 14:22:01,770 [6403e584-2209-453b-b79e-eeb0a7b58516-SegmentedRaftLogWorker:Storage Directory /workdir/hadoop-ozone/integration-test/target/test-dir/MiniOzoneClusterImpl-210d6028-2152-4683-81ff-347b0d29bb13/datanode-3/data/ratis/fb28e6d0-c737-4d0c-89a9-8c37e5a08283] INFO  impl.StateMachineUpdater (StateMachineUpdater.java:stopAndJoin(115)) - StateMachineUpdater:6403e584-2209-453b-b79e-eeb0a7b58516:group-8C37E5A08283: set stopIndex = -1
2019-09-19 14:22:01,770 [306a7a99-f2a5-4f40-b42b-2fc2def08a6a-SegmentedRaftLogWorker:Storage Directory /workdir/hadoop-ozone/integration-test/target/test-dir/MiniOzoneClusterImpl-210d6028-2152-4683-81ff-347b0d29bb13/datanode-2/data/ratis/7fbca07c-e3b4-4c77-9bde-adcadc9576a0] INFO  impl.PendingRequests (PendingRequests.java:sendNotLeaderResponses(202)) - 306a7a99-f2a5-4f40-b42b-2fc2def08a6a-PendingRequests: sendNotLeaderResponses
2019-09-19 14:22:01,769 [85c6a9f3-b9a5-43a5-ac4f-9aa7bd5f2263:group-DFD37F1207A5:LeaderElection215] INFO  impl.RaftServerImpl (RaftServerImpl.java:setRole(171)) - 85c6a9f3-b9a5-43a5-ac4f-9aa7bd5f2263:group-DFD37F1207A5 changes role from CANDIDATE to LEADER at term 1 for changeToLeader
2019-09-19 14:22:01,769 [6403e584-2209-453b-b79e-eeb0a7b58516:group-1F9E99136BC1:LeaderElection206] INFO  impl.RaftServerImpl (RaftServerImpl.java:setRole(171)) - 6403e584-2209-453b-b79e-eeb0a7b58516:group-1F9E99136BC1 changes role from CANDIDATE to LEADER at term 1 for changeToLeader
2019-09-19 14:22:01,773 [6403e584-2209-453b-b79e-eeb0a7b58516:group-1F9E99136BC1:LeaderElection206] INFO  impl.RaftServerImpl (ServerState.java:setLeader(263)) - 6403e584-2209-453b-b79e-eeb0a7b58516:group-1F9E99136BC1 change Leader from null to 6403e584-2209-453b-b79e-eeb0a7b58516 at term 1 for becomeLeader, leader elected after 22741ms
2019-09-19 14:22:01,769 [6403e584-2209-453b-b79e-eeb0a7b58516-SegmentedRaftLogWorker:Storage Directory /workdir/hadoop-ozone/integration-test/target/test-dir/MiniOzoneClusterImpl-210d6028-2152-4683-81ff-347b0d29bb13/datanode-3/data/ratis/bde1a984-ed08-48bb-9716-09385c648829] INFO  impl.PendingRequests (PendingRequests.java:sendNotLeaderResponses(202)) - 6403e584-2209-453b-b79e-eeb0a7b58516-PendingRequests: sendNotLeaderResponses
2019-09-19 14:22:01,766 [306a7a99-f2a5-4f40-b42b-2fc2def08a6a:group-A981E405D304:LeaderElection201] INFO  impl.RoleInfo (RoleInfo.java:updateAndGet(143)) - 306a7a99-f2a5-4f40-b42b-2fc2def08a6a: start LeaderState
2019-09-19 14:22:01,765 [85c6a9f3-b9a5-43a5-ac4f-9aa7bd5f2263:group-1E959A581BC4:LeaderElection197] INFO  server.RaftServerConfigKeys (ConfUtils.java:logGet(43)) - raft.server.watch.element-limit = 65536 (default)
2019-09-19 14:22:01,765 [85c6a9f3-b9a5-43a5-ac4f-9aa7bd5f2263:group-C538689DB8CD:LeaderElection198] INFO  server.RaftServerConfigKeys (ConfUtils.java:logGet(43)) - raft.server.watch.timeout.denomination = 1s (default)
2019-09-19 14:22:01,765 [306a7a99-f2a5-4f40-b42b-2fc2def08a6a:group-5EABEA0C3A9A:LeaderElection205] INFO  server.RaftServerConfigKeys (ConfUtils.java:logGet(43)) - raft.server.watch.timeout.denomination = 1s (default)
2019-09-19 14:22:01,765 [85c6a9f3-b9a5-43a5-ac4f-9aa7bd5f2263:group-A1D8461AD66E:LeaderElection202] INFO  impl.RoleInfo (RoleInfo.java:updateAndGet(143)) - 85c6a9f3-b9a5-43a5-ac4f-9aa7bd5f2263: start LeaderState
2019-09-19 14:22:01,765 [pool-60-thread-1] INFO  server.RaftServerConfigKeys (ConfUtils.java:logGet(43)) - raft.server.log.appender.install.snapshot.enabled = false (custom)
2019-09-19 14:22:01,765 [306a7a99-f2a5-4f40-b42b-2fc2def08a6a:group-7FF1FB5A7764:LeaderElection200] INFO  server.RaftServerConfigKeys (ConfUtils.java:logGet(43)) - raft.server.watch.timeout = 10s (default)
2019-09-19 14:22:01,764 [306a7a99-f2a5-4f40-b42b-2fc2def08a6a:group-4DCB50BB2008:LeaderElection199] INFO  segmented.SegmentedRaftLogWorker (SegmentedRaftLogWorker.java:startLogSegment(380)) - 306a7a99-f2a5-4f40-b42b-2fc2def08a6a-SegmentedRaftLogWorker:Storage Directory /workdir/hadoop-ozone/integration-test/target/test-dir/MiniOzoneClusterImpl-210d6028-2152-4683-81ff-347b0d29bb13/datanode-2/data/ratis/bf2492a6-ee34-49ed-b93a-4dcb50bb2008: Starting segment from index:0
2019-09-19 14:22:01,764 [1190b9a7-12b1-4c15-b33e-f7d0a0cd436c:group-F9B6CA18EE39:LeaderElection203] INFO  impl.RoleInfo (RoleInfo.java:updateAndGet(143)) - 1190b9a7-12b1-4c15-b33e-f7d0a0cd436c: start LeaderState
2019-09-19 14:22:01,764 [6403e584-2209-453b-b79e-eeb0a7b58516:group-5F7B930D9B26:LeaderElection204] INFO  server.RaftServerConfigKeys (ConfUtils.java:logGet(43)) - raft.server.watch.timeout = 10s (default)
2019-09-19 14:22:01,775 [306a7a99-f2a5-4f40-b42b-2fc2def08a6a:group-4DCB50BB2008:LeaderElection199] INFO  impl.RaftServerImpl (ServerState.java:setRaftConf(361)) - 306a7a99-f2a5-4f40-b42b-2fc2def08a6a:group-4DCB50BB2008 set configuration 0: [306a7a99-f2a5-4f40-b42b-2fc2def08a6a:192.168.157.226:42633], old=null at 0
2019-09-19 14:22:02,096 | INFO  | SCMAudit | user=jenkins1000 | ip=192.168.157.226 | op=SEND_HEARTBEAT {datanodeUUID=85c6a9f3-b9a5-43a5-ac4f-9aa7bd5f2263, command=[]} | ret=SUCCESS |  
2019-09-19 14:22:01,764 [pool-49-thread-1] INFO  server.RaftServerConfigKeys (ConfUtils.java:logGet(43)) - raft.server.log.appender.install.snapshot.enabled = false (custom)
2019-09-19 14:22:01,764 [5dfaa0ea-416a-422c-a75d-43311aceb00a-SegmentedRaftLogWorker:Storage Directory /workdir/hadoop-ozone/integration-test/target/test-dir/MiniOzoneClusterImpl-210d6028-2152-4683-81ff-347b0d29bb13/datanode-1/data/ratis/3bf28a7f-8142-4f9b-8e48-d69f920c77b2] INFO  impl.PendingRequests (PendingRequests.java:sendNotLeaderResponses(202)) - 5dfaa0ea-416a-422c-a75d-43311aceb00a-PendingRequests: sendNotLeaderResponses
2019-09-19 14:22:02,096 | INFO  | SCMAudit | user=jenkins1000 | ip=192.168.157.226 | op=SEND_HEARTBEAT {datanodeUUID=431517c4-8c09-4790-b37b-2e132c8143ad, command=[]} | ret=SUCCESS |  
2019-09-19 14:22:02,100 | INFO  | SCMAudit | user=jenkins1000 | ip=192.168.157.226 | op=SEND_HEARTBEAT {datanodeUUID=5dfaa0ea-416a-422c-a75d-43311aceb00a, command=[]} | ret=SUCCESS |  
2019-09-19 14:22:02,100 | INFO  | SCMAudit | user=jenkins1000 | ip=192.168.157.226 | op=SEND_HEARTBEAT {datanodeUUID=1190b9a7-12b1-4c15-b33e-f7d0a0cd436c, command=[]} | ret=SUCCESS |  
2019-09-19 14:22:01,763 [5dfaa0ea-416a-422c-a75d-43311aceb00a-SegmentedRaftLogWorker:Storage Directory /workdir/hadoop-ozone/integration-test/target/test-dir/MiniOzoneClusterImpl-210d6028-2152-4683-81ff-347b0d29bb13/datanode-1/data/ratis/c2b44cf1-f9d6-4da4-a6e8-191f2bf7f7a4] INFO  impl.RoleInfo (RoleInfo.java:shutdownLeaderState(104)) - 5dfaa0ea-416a-422c-a75d-43311aceb00a: shutdown LeaderState
2019-09-19 14:22:02,100 | INFO  | SCMAudit | user=jenkins1000 | ip=192.168.157.226 | op=SEND_HEARTBEAT {datanodeUUID=56d21ab3-8f6d-44ea-b961-c721a1c09246, command=[]} | ret=SUCCESS |  
2019-09-19 14:22:01,763 [85c6a9f3-b9a5-43a5-ac4f-9aa7bd5f2263-SegmentedRaftLogWorker:Storage Directory /workdir/hadoop-ozone/integration-test/target/test-dir/MiniOzoneClusterImpl-210d6028-2152-4683-81ff-347b0d29bb13/datanode-0/data/ratis/a5b4024b-46c2-4dae-a6ee-a5c201119bcc] INFO  impl.StateMachineUpdater (StateMachineUpdater.java:stopAndJoin(115)) - StateMachineUpdater:85c6a9f3-b9a5-43a5-ac4f-9aa7bd5f2263:group-A5C201119BCC: set stopIndex = -1
2019-09-19 14:22:02,100 [5dfaa0ea-416a-422c-a75d-43311aceb00a-SegmentedRaftLogWorker:Storage Directory /workdir/hadoop-ozone/integration-test/target/test-dir/MiniOzoneClusterImpl-210d6028-2152-4683-81ff-347b0d29bb13/datanode-1/data/ratis/c2b44cf1-f9d6-4da4-a6e8-191f2bf7f7a4] INFO  impl.PendingRequests (PendingRequests.java:sendNotLeaderResponses(202)) - 5dfaa0ea-416a-422c-a75d-43311aceb00a-PendingRequests: sendNotLeaderResponses
2019-09-19 14:22:01,763 [306a7a99-f2a5-4f40-b42b-2fc2def08a6a-SegmentedRaftLogWorker:Storage Directory /workdir/hadoop-ozone/integration-test/target/test-dir/MiniOzoneClusterImpl-210d6028-2152-4683-81ff-347b0d29bb13/datanode-2/data/ratis/6b0a855c-a132-41d9-8c10-26e40af3ae02] INFO  impl.RaftServerImpl (ServerState.java:close(394)) - 306a7a99-f2a5-4f40-b42b-2fc2def08a6a:group-26E40AF3AE02 closes. The last applied log index is -1
2019-09-19 14:22:01,763 [6403e584-2209-453b-b79e-eeb0a7b58516-SegmentedRaftLogWorker:Storage Directory /workdir/hadoop-ozone/integration-test/target/test-dir/MiniOzoneClusterImpl-210d6028-2152-4683-81ff-347b0d29bb13/datanode-3/data/ratis/1c2eeda1-b507-4408-bb02-5908dd2eabea] INFO  impl.RoleInfo (RoleInfo.java:shutdownLeaderState(104)) - 6403e584-2209-453b-b79e-eeb0a7b58516: shutdown LeaderState
2019-09-19 14:22:01,763 [6403e584-2209-453b-b79e-eeb0a7b58516-SegmentedRaftLogWorker:Storage Directory /workdir/hadoop-ozone/integration-test/target/test-dir/MiniOzoneClusterImpl-210d6028-2152-4683-81ff-347b0d29bb13/datanode-3/data/ratis/8b8b7e75-4017-4f05-9f7a-c75f49951d14] INFO  impl.PendingRequests (PendingRequests.java:sendNotLeaderResponses(202)) - 6403e584-2209-453b-b79e-eeb0a7b58516-PendingRequests: sendNotLeaderResponses
2019-09-19 14:22:01,762 [6403e584-2209-453b-b79e-eeb0a7b58516-SegmentedRaftLogWorker:Storage Directory /workdir/hadoop-ozone/integration-test/target/test-dir/MiniOzoneClusterImpl-210d6028-2152-4683-81ff-347b0d29bb13/datanode-3/data/ratis/7b21afb8-f5ee-4673-90d5-9d2959e62da3] INFO  util.JmxRegister (JmxRegister.java:unregister(73)) - Successfully un-registered JMX Bean with object name Ratis:service=RaftServer,group=group-9D2959E62DA3,id=6403e584-2209-453b-b79e-eeb0a7b58516
2019-09-19 14:22:02,101 [6403e584-2209-453b-b79e-eeb0a7b58516-SegmentedRaftLogWorker:Storage Directory /workdir/hadoop-ozone/integration-test/target/test-dir/MiniOzoneClusterImpl-210d6028-2152-4683-81ff-347b0d29bb13/datanode-3/data/ratis/7b21afb8-f5ee-4673-90d5-9d2959e62da3] INFO  impl.RoleInfo (RoleInfo.java:shutdownLeaderState(104)) - 6403e584-2209-453b-b79e-eeb0a7b58516: shutdown LeaderState
2019-09-19 14:22:01,762 [306a7a99-f2a5-4f40-b42b-2fc2def08a6a-SegmentedRaftLogWorker:Storage Directory /workdir/hadoop-ozone/integration-test/target/test-dir/MiniOzoneClusterImpl-210d6028-2152-4683-81ff-347b0d29bb13/datanode-2/data/ratis/e21d9e0f-eec2-4a25-919d-ae1e2b007a31] INFO  util.JmxRegister (JmxRegister.java:unregister(73)) - Successfully un-registered JMX Bean with object name Ratis:service=RaftServer,group=group-AE1E2B007A31,id=306a7a99-f2a5-4f40-b42b-2fc2def08a6a
2019-09-19 14:22:01,762 [5dfaa0ea-416a-422c-a75d-43311aceb00a-SegmentedRaftLogWorker:Storage Directory /workdir/hadoop-ozone/integration-test/target/test-dir/MiniOzoneClusterImpl-210d6028-2152-4683-81ff-347b0d29bb13/datanode-1/data/ratis/ab5b533a-6c39-466f-ba27-434f2440a2f3] INFO  impl.StateMachineUpdater (StateMachineUpdater.java:stopAndJoin(115)) - StateMachineUpdater:5dfaa0ea-416a-422c-a75d-43311aceb00a:group-434F2440A2F3: set stopIndex = -1
2019-09-19 14:22:01,762 [1190b9a7-12b1-4c15-b33e-f7d0a0cd436c-SegmentedRaftLogWorker:Storage Directory /workdir/hadoop-ozone/integration-test/target/test-dir/MiniOzoneClusterImpl-210d6028-2152-4683-81ff-347b0d29bb13/datanode-4/data/ratis/3fa0b3b8-7919-4878-a5d9-cb3d96f0ad97] INFO  impl.RaftServerImpl (ServerState.java:close(394)) - 1190b9a7-12b1-4c15-b33e-f7d0a0cd436c:group-CB3D96F0AD97 closes. The last applied log index is -1
2019-09-19 14:22:01,762 [pool-27-thread-1] INFO  server.RaftServerConfigKeys (ConfUtils.java:logGet(43)) - raft.server.log.segment.size.max = 1048576 (custom)
2019-09-19 14:22:01,762 [5dfaa0ea-416a-422c-a75d-43311aceb00a-SegmentedRaftLogWorker:Storage Directory /workdir/hadoop-ozone/integration-test/target/test-dir/MiniOzoneClusterImpl-210d6028-2152-4683-81ff-347b0d29bb13/datanode-1/data/ratis/2ca22967-3872-4a27-bc0e-7f2ab031cc89] INFO  impl.PendingRequests (PendingRequests.java:sendNotLeaderResponses(202)) - 5dfaa0ea-416a-422c-a75d-43311aceb00a-PendingRequests: sendNotLeaderResponses
2019-09-19 14:22:01,761 [5dfaa0ea-416a-422c-a75d-43311aceb00a-SegmentedRaftLogWorker:Storage Directory /workdir/hadoop-ozone/integration-test/target/test-dir/MiniOzoneClusterImpl-210d6028-2152-4683-81ff-347b0d29bb13/datanode-1/data/ratis/613f29da-297b-471f-ba42-9f8238b9215e] INFO  impl.PendingRequests (PendingRequests.java:sendNotLeaderResponses(202)) - 5dfaa0ea-416a-422c-a75d-43311aceb00a-PendingRequests: sendNotLeaderResponses
2019-09-19 14:22:01,761 [6403e584-2209-453b-b79e-eeb0a7b58516-SegmentedRaftLogWorker:Storage Directory /workdir/hadoop-ozone/integration-test/target/test-dir/MiniOzoneClusterImpl-210d6028-2152-4683-81ff-347b0d29bb13/datanode-3/data/ratis/d229195b-d3bd-4feb-ae52-0d5e299a7331] INFO  impl.PendingRequests (PendingRequests.java:sendNotLeaderResponses(202)) - 6403e584-2209-453b-b79e-eeb0a7b58516-PendingRequests: sendNotLeaderResponses
2019-09-19 14:22:01,761 [1190b9a7-12b1-4c15-b33e-f7d0a0cd436c-SegmentedRaftLogWorker:Storage Directory /workdir/hadoop-ozone/integration-test/target/test-dir/MiniOzoneClusterImpl-210d6028-2152-4683-81ff-347b0d29bb13/datanode-4/data/ratis/f50ebf51-4b2a-4369-b91f-9eb942fc9e99] INFO  util.JmxRegister (JmxRegister.java:unregister(73)) - Successfully un-registered JMX Bean with object name Ratis:service=RaftServer,group=group-9EB942FC9E99,id=1190b9a7-12b1-4c15-b33e-f7d0a0cd436c
2019-09-19 14:22:02,103 [1190b9a7-12b1-4c15-b33e-f7d0a0cd436c-SegmentedRaftLogWorker:Storage Directory /workdir/hadoop-ozone/integration-test/target/test-dir/MiniOzoneClusterImpl-210d6028-2152-4683-81ff-347b0d29bb13/datanode-4/data/ratis/f50ebf51-4b2a-4369-b91f-9eb942fc9e99] INFO  impl.RoleInfo (RoleInfo.java:shutdownLeaderState(104)) - 1190b9a7-12b1-4c15-b33e-f7d0a0cd436c: shutdown LeaderState
2019-09-19 14:22:01,761 [5dfaa0ea-416a-422c-a75d-43311aceb00a-SegmentedRaftLogWorker:Storage Directory /workdir/hadoop-ozone/integration-test/target/test-dir/MiniOzoneClusterImpl-210d6028-2152-4683-81ff-347b0d29bb13/datanode-1/data/ratis/73c63659-0c12-4dfd-b970-230e763c684c] INFO  impl.StateMachineUpdater (StateMachineUpdater.java:stopAndJoin(115)) - StateMachineUpdater:5dfaa0ea-416a-422c-a75d-43311aceb00a:group-230E763C684C: set stopIndex = -1
2019-09-19 14:22:01,760 [1190b9a7-12b1-4c15-b33e-f7d0a0cd436c-SegmentedRaftLogWorker:Storage Directory /workdir/hadoop-ozone/integration-test/target/test-dir/MiniOzoneClusterImpl-210d6028-2152-4683-81ff-347b0d29bb13/datanode-4/data/ratis/aef45801-cb89-4e1e-bcc4-e32ecd57e9e2] INFO  segmented.SegmentedRaftLogWorker (SegmentedRaftLogWorker.java:close(228)) - 1190b9a7-12b1-4c15-b33e-f7d0a0cd436c-SegmentedRaftLogWorker:Storage Directory /workdir/hadoop-ozone/integration-test/target/test-dir/MiniOzoneClusterImpl-210d6028-2152-4683-81ff-347b0d29bb13/datanode-4/data/ratis/aef45801-cb89-4e1e-bcc4-e32ecd57e9e2 close()
2019-09-19 14:22:01,760 [85c6a9f3-b9a5-43a5-ac4f-9aa7bd5f2263-SegmentedRaftLogWorker:Storage Directory /workdir/hadoop-ozone/integration-test/target/test-dir/MiniOzoneClusterImpl-210d6028-2152-4683-81ff-347b0d29bb13/datanode-0/data/ratis/d17e548c-8a62-43ac-bc0b-e11a284d5e69] INFO  impl.StateMachineUpdater (StateMachineUpdater.java:stopAndJoin(115)) - StateMachineUpdater:85c6a9f3-b9a5-43a5-ac4f-9aa7bd5f2263:group-E11A284D5E69: set stopIndex = -1
2019-09-19 14:22:01,760 [431517c4-8c09-4790-b37b-2e132c8143ad-SegmentedRaftLogWorker:Storage Directory /workdir/hadoop-ozone/integration-test/target/test-dir/MiniOzoneClusterImpl-210d6028-2152-4683-81ff-347b0d29bb13/datanode-5/data/ratis/fd2672d3-dd70-4558-98a0-d5017db46417] INFO  segmented.SegmentedRaftLogWorker (SegmentedRaftLogWorker.java:close(228)) - 431517c4-8c09-4790-b37b-2e132c8143ad-SegmentedRaftLogWorker:Storage Directory /workdir/hadoop-ozone/integration-test/target/test-dir/MiniOzoneClusterImpl-210d6028-2152-4683-81ff-347b0d29bb13/datanode-5/data/ratis/fd2672d3-dd70-4558-98a0-d5017db46417 close()
2019-09-19 14:22:01,760 [85c6a9f3-b9a5-43a5-ac4f-9aa7bd5f2263-SegmentedRaftLogWorker:Storage Directory /workdir/hadoop-ozone/integration-test/target/test-dir/MiniOzoneClusterImpl-210d6028-2152-4683-81ff-347b0d29bb13/datanode-0/data/ratis/bb007223-e64a-4e98-94ec-af4afe69bc98] INFO  impl.StateMachineUpdater (StateMachineUpdater.java:stopAndJoin(115)) - StateMachineUpdater:85c6a9f3-b9a5-43a5-ac4f-9aa7bd5f2263:group-AF4AFE69BC98: set stopIndex = -1
2019-09-19 14:22:01,760 [56d21ab3-8f6d-44ea-b961-c721a1c09246-SegmentedRaftLogWorker:Storage Directory /workdir/hadoop-ozone/integration-test/target/test-dir/MiniOzoneClusterImpl-210d6028-2152-4683-81ff-347b0d29bb13/datanode-6/data/ratis/cd119a90-ad1f-4b41-9733-9385f8753a99] INFO  impl.PendingRequests (PendingRequests.java:sendNotLeaderResponses(202)) - 56d21ab3-8f6d-44ea-b961-c721a1c09246-PendingRequests: sendNotLeaderResponses
2019-09-19 14:22:01,759 [306a7a99-f2a5-4f40-b42b-2fc2def08a6a-SegmentedRaftLogWorker:Storage Directory /workdir/hadoop-ozone/integration-test/target/test-dir/MiniOzoneClusterImpl-210d6028-2152-4683-81ff-347b0d29bb13/datanode-2/data/ratis/b852e543-1886-4a2f-90a7-e31f1645e36d] INFO  impl.RoleInfo (RoleInfo.java:shutdownLeaderState(104)) - 306a7a99-f2a5-4f40-b42b-2fc2def08a6a: shutdown LeaderState
2019-09-19 14:22:02,104 [306a7a99-f2a5-4f40-b42b-2fc2def08a6a-SegmentedRaftLogWorker:Storage Directory /workdir/hadoop-ozone/integration-test/target/test-dir/MiniOzoneClusterImpl-210d6028-2152-4683-81ff-347b0d29bb13/datanode-2/data/ratis/b852e543-1886-4a2f-90a7-e31f1645e36d] INFO  impl.PendingRequests (PendingRequests.java:sendNotLeaderResponses(202)) - 306a7a99-f2a5-4f40-b42b-2fc2def08a6a-PendingRequests: sendNotLeaderResponses
2019-09-19 14:22:01,759 [85c6a9f3-b9a5-43a5-ac4f-9aa7bd5f2263-SegmentedRaftLogWorker:Storage Directory /workdir/hadoop-ozone/integration-test/target/test-dir/MiniOzoneClusterImpl-210d6028-2152-4683-81ff-347b0d29bb13/datanode-0/data/ratis/beee9431-602b-412f-9914-9bf0e3e86ddd] INFO  impl.StateMachineUpdater (StateMachineUpdater.java:stopAndJoin(115)) - StateMachineUpdater:85c6a9f3-b9a5-43a5-ac4f-9aa7bd5f2263:group-9BF0E3E86DDD: set stopIndex = -1
2019-09-19 14:22:01,759 [85c6a9f3-b9a5-43a5-ac4f-9aa7bd5f2263-SegmentedRaftLogWorker:Storage Directory /workdir/hadoop-ozone/integration-test/target/test-dir/MiniOzoneClusterImpl-210d6028-2152-4683-81ff-347b0d29bb13/datanode-0/data/ratis/144b13c0-5c9b-441e-bdae-38451878e2da] INFO  segmented.SegmentedRaftLogWorker (SegmentedRaftLogWorker.java:close(228)) - 85c6a9f3-b9a5-43a5-ac4f-9aa7bd5f2263-SegmentedRaftLogWorker:Storage Directory /workdir/hadoop-ozone/integration-test/target/test-dir/MiniOzoneClusterImpl-210d6028-2152-4683-81ff-347b0d29bb13/datanode-0/data/ratis/144b13c0-5c9b-441e-bdae-38451878e2da close()
2019-09-19 14:22:01,758 [6403e584-2209-453b-b79e-eeb0a7b58516:group-BAE80F1788ED:LeaderElection181] INFO  impl.RaftServerImpl (ServerState.java:setRaftConf(361)) - 6403e584-2209-453b-b79e-eeb0a7b58516:group-BAE80F1788ED set configuration 0: [6403e584-2209-453b-b79e-eeb0a7b58516:192.168.157.226:35833], old=null at 0
2019-09-19 14:22:01,758 [6403e584-2209-453b-b79e-eeb0a7b58516-SegmentedRaftLogWorker:Storage Directory /workdir/hadoop-ozone/integration-test/target/test-dir/MiniOzoneClusterImpl-210d6028-2152-4683-81ff-347b0d29bb13/datanode-3/data/ratis/ac10c030-0539-4b28-b6fb-b8762af75437] INFO  impl.RoleInfo (RoleInfo.java:shutdownLeaderState(104)) - 6403e584-2209-453b-b79e-eeb0a7b58516: shutdown LeaderState
2019-09-19 14:22:01,758 [1190b9a7-12b1-4c15-b33e-f7d0a0cd436c:group-2609E2E2A622:LeaderElection208] INFO  impl.LeaderElection (LeaderElection.java:askForVotes(181)) - 1190b9a7-12b1-4c15-b33e-f7d0a0cd436c:group-2609E2E2A622:LeaderElection208: begin an election at term 1 for -1: [5dfaa0ea-416a-422c-a75d-43311aceb00a:192.168.157.226:45629, 6403e584-2209-453b-b79e-eeb0a7b58516:192.168.157.226:35833, 1190b9a7-12b1-4c15-b33e-f7d0a0cd436c:192.168.157.226:34463], old=null
2019-09-19 14:22:01,758 [6403e584-2209-453b-b79e-eeb0a7b58516:group-43FD3CF4C782:LeaderElection207] INFO  impl.LeaderElection (LeaderElection.java:askForVotes(181)) - 6403e584-2209-453b-b79e-eeb0a7b58516:group-43FD3CF4C782:LeaderElection207: begin an election at term 1 for -1: [6403e584-2209-453b-b79e-eeb0a7b58516:192.168.157.226:35833], old=null
2019-09-19 14:22:01,758 [431517c4-8c09-4790-b37b-2e132c8143ad:group-F80C7D5A709A:LeaderElection210] INFO  impl.LeaderElection (LeaderElection.java:askForVotes(181)) - 431517c4-8c09-4790-b37b-2e132c8143ad:group-F80C7D5A709A:LeaderElection210: begin an election at term 1 for -1: [431517c4-8c09-4790-b37b-2e132c8143ad:192.168.157.226:40911], old=null
2019-09-19 14:22:01,758 [6403e584-2209-453b-b79e-eeb0a7b58516:group-30BC58179734:LeaderElection211] INFO  impl.LeaderElection (LeaderElection.java:askForVotes(181)) - 6403e584-2209-453b-b79e-eeb0a7b58516:group-30BC58179734:LeaderElection211: begin an election at term 1 for -1: [6403e584-2209-453b-b79e-eeb0a7b58516:192.168.157.226:35833], old=null
2019-09-19 14:22:02,106 [6403e584-2209-453b-b79e-eeb0a7b58516:group-30BC58179734:LeaderElection211] INFO  impl.RoleInfo (RoleInfo.java:shutdownLeaderElection(134)) - 6403e584-2209-453b-b79e-eeb0a7b58516: shutdown LeaderElection
2019-09-19 14:22:01,758 [5dfaa0ea-416a-422c-a75d-43311aceb00a:group-86D4C63C40C2:LeaderElection216] INFO  impl.LeaderElection (LeaderElection.java:askForVotes(181)) - 5dfaa0ea-416a-422c-a75d-43311aceb00a:group-86D4C63C40C2:LeaderElection216: begin an election at term 1 for -1: [5dfaa0ea-416a-422c-a75d-43311aceb00a:192.168.157.226:45629], old=null
2019-09-19 14:22:02,106 [5dfaa0ea-416a-422c-a75d-43311aceb00a:group-86D4C63C40C2:LeaderElection216] INFO  impl.RoleInfo (RoleInfo.java:shutdownLeaderElection(134)) - 5dfaa0ea-416a-422c-a75d-43311aceb00a: shutdown LeaderElection
2019-09-19 14:22:01,758 [6403e584-2209-453b-b79e-eeb0a7b58516:group-DA1F723C087E:LeaderElection212] INFO  impl.LeaderElection (LeaderElection.java:askForVotes(181)) - 6403e584-2209-453b-b79e-eeb0a7b58516:group-DA1F723C087E:LeaderElection212: begin an election at term 1 for -1: [6403e584-2209-453b-b79e-eeb0a7b58516:192.168.157.226:35833], old=null
2019-09-19 14:22:01,758 [5dfaa0ea-416a-422c-a75d-43311aceb00a:group-1DACA9507B83:LeaderElection217] INFO  impl.LeaderElection (LeaderElection.java:askForVotes(181)) - 5dfaa0ea-416a-422c-a75d-43311aceb00a:group-1DACA9507B83:LeaderElection217: begin an election at term 1 for -1: [5dfaa0ea-416a-422c-a75d-43311aceb00a:192.168.157.226:45629], old=null
2019-09-19 14:22:02,106 [5dfaa0ea-416a-422c-a75d-43311aceb00a:group-1DACA9507B83:LeaderElection217] INFO  impl.RoleInfo (RoleInfo.java:shutdownLeaderElection(134)) - 5dfaa0ea-416a-422c-a75d-43311aceb00a: shutdown LeaderElection
2019-09-19 14:22:01,758 [6403e584-2209-453b-b79e-eeb0a7b58516:group-9C7F6C0F9370:LeaderElection213] INFO  impl.LeaderElection (LeaderElection.java:askForVotes(181)) - 6403e584-2209-453b-b79e-eeb0a7b58516:group-9C7F6C0F9370:LeaderElection213: begin an election at term 1 for -1: [6403e584-2209-453b-b79e-eeb0a7b58516:192.168.157.226:35833], old=null
2019-09-19 14:22:01,758 [6403e584-2209-453b-b79e-eeb0a7b58516:group-A0DEC22EACB4:LeaderElection209] INFO  impl.LeaderElection (LeaderElection.java:askForVotes(181)) - 6403e584-2209-453b-b79e-eeb0a7b58516:group-A0DEC22EACB4:LeaderElection209: begin an election at term 1 for -1: [6403e584-2209-453b-b79e-eeb0a7b58516:192.168.157.226:35833], old=null
2019-09-19 14:22:02,107 [6403e584-2209-453b-b79e-eeb0a7b58516:group-A0DEC22EACB4:LeaderElection209] INFO  impl.RoleInfo (RoleInfo.java:shutdownLeaderElection(134)) - 6403e584-2209-453b-b79e-eeb0a7b58516: shutdown LeaderElection
2019-09-19 14:22:01,758 [6403e584-2209-453b-b79e-eeb0a7b58516:group-4E79EB7F747B:LeaderElection219] INFO  impl.LeaderElection (LeaderElection.java:askForVotes(181)) - 6403e584-2209-453b-b79e-eeb0a7b58516:group-4E79EB7F747B:LeaderElection219: begin an election at term 1 for -1: [6403e584-2209-453b-b79e-eeb0a7b58516:192.168.157.226:35833], old=null
2019-09-19 14:22:02,107 [6403e584-2209-453b-b79e-eeb0a7b58516:group-4E79EB7F747B:LeaderElection219] INFO  impl.RoleInfo (RoleInfo.java:shutdownLeaderElection(134)) - 6403e584-2209-453b-b79e-eeb0a7b58516: shutdown LeaderElection
2019-09-19 14:22:01,758 [5dfaa0ea-416a-422c-a75d-43311aceb00a:group-AE221AF6329E:LeaderElection220] INFO  impl.LeaderElection (LeaderElection.java:askForVotes(181)) - 5dfaa0ea-416a-422c-a75d-43311aceb00a:group-AE221AF6329E:LeaderElection220: begin an election at term 1 for -1: [5dfaa0ea-416a-422c-a75d-43311aceb00a:192.168.157.226:45629], old=null
2019-09-19 14:22:01,758 [306a7a99-f2a5-4f40-b42b-2fc2def08a6a:group-60147ED89FF9:LeaderElection218] INFO  impl.LeaderElection (LeaderElection.java:askForVotes(181)) - 306a7a99-f2a5-4f40-b42b-2fc2def08a6a:group-60147ED89FF9:LeaderElection218: begin an election at term 1 for -1: [306a7a99-f2a5-4f40-b42b-2fc2def08a6a:192.168.157.226:42633], old=null
2019-09-19 14:22:01,758 [5dfaa0ea-416a-422c-a75d-43311aceb00a:group-E527839BF39B:LeaderElection214] INFO  impl.LeaderElection (LeaderElection.java:askForVotes(181)) - 5dfaa0ea-416a-422c-a75d-43311aceb00a:group-E527839BF39B:LeaderElection214: begin an election at term 1 for -1: [5dfaa0ea-416a-422c-a75d-43311aceb00a:192.168.157.226:45629], old=null
2019-09-19 14:22:02,108 [5dfaa0ea-416a-422c-a75d-43311aceb00a:group-E527839BF39B:LeaderElection214] INFO  impl.RoleInfo (RoleInfo.java:shutdownLeaderElection(134)) - 5dfaa0ea-416a-422c-a75d-43311aceb00a: shutdown LeaderElection
2019-09-19 14:22:01,757 [306a7a99-f2a5-4f40-b42b-2fc2def08a6a-SegmentedRaftLogWorker:Storage Directory /workdir/hadoop-ozone/integration-test/target/test-dir/MiniOzoneClusterImpl-210d6028-2152-4683-81ff-347b0d29bb13/datanode-2/data/ratis/03ecd4b0-83ee-4e9e-994d-01e49d2caf0c] ERROR segmented.SegmentedRaftLogWorker (SegmentedRaftLogWorker.java:run(323)) - 306a7a99-f2a5-4f40-b42b-2fc2def08a6a-SegmentedRaftLogWorker:Storage Directory /workdir/hadoop-ozone/integration-test/target/test-dir/MiniOzoneClusterImpl-210d6028-2152-4683-81ff-347b0d29bb13/datanode-2/data/ratis/03ecd4b0-83ee-4e9e-994d-01e49d2caf0c hit exception
java.lang.OutOfMemoryError: Direct buffer memory
	at java.nio.Bits.reserveMemory(Bits.java:666)
	at java.nio.DirectByteBuffer.<init>(DirectByteBuffer.java:123)
	at java.nio.ByteBuffer.allocateDirect(ByteBuffer.java:311)
	at org.apache.ratis.server.raftlog.segmented.BufferedWriteChannel.<init>(BufferedWriteChannel.java:41)
	at org.apache.ratis.server.raftlog.segmented.SegmentedRaftLogOutputStream.<init>(SegmentedRaftLogOutputStream.java:72)
	at org.apache.ratis.server.raftlog.segmented.SegmentedRaftLogWorker$StartLogSegment.execute(SegmentedRaftLogWorker.java:566)
	at org.apache.ratis.server.raftlog.segmented.SegmentedRaftLogWorker.run(SegmentedRaftLogWorker.java:289)
	at java.lang.Thread.run(Thread.java:748)
2019-09-19 14:22:01,757 [5dfaa0ea-416a-422c-a75d-43311aceb00a-SegmentedRaftLogWorker:Storage Directory /workdir/hadoop-ozone/integration-test/target/test-dir/MiniOzoneClusterImpl-210d6028-2152-4683-81ff-347b0d29bb13/datanode-1/data/ratis/b6642c7c-3bc4-4e44-9ba5-b95d7947d5ca] ERROR segmented.SegmentedRaftLogWorker (SegmentedRaftLogWorker.java:run(323)) - 5dfaa0ea-416a-422c-a75d-43311aceb00a-SegmentedRaftLogWorker:Storage Directory /workdir/hadoop-ozone/integration-test/target/test-dir/MiniOzoneClusterImpl-210d6028-2152-4683-81ff-347b0d29bb13/datanode-1/data/ratis/b6642c7c-3bc4-4e44-9ba5-b95d7947d5ca hit exception
java.lang.OutOfMemoryError: Direct buffer memory
	at java.nio.Bits.reserveMemory(Bits.java:666)
	at java.nio.DirectByteBuffer.<init>(DirectByteBuffer.java:123)
	at java.nio.ByteBuffer.allocateDirect(ByteBuffer.java:311)
	at org.apache.ratis.server.raftlog.segmented.BufferedWriteChannel.<init>(BufferedWriteChannel.java:41)
	at org.apache.ratis.server.raftlog.segmented.SegmentedRaftLogOutputStream.<init>(SegmentedRaftLogOutputStream.java:72)
	at org.apache.ratis.server.raftlog.segmented.SegmentedRaftLogWorker$StartLogSegment.execute(SegmentedRaftLogWorker.java:566)
	at org.apache.ratis.server.raftlog.segmented.SegmentedRaftLogWorker.run(SegmentedRaftLogWorker.java:289)
	at java.lang.Thread.run(Thread.java:748)
2019-09-19 14:22:02,108 [5dfaa0ea-416a-422c-a75d-43311aceb00a-SegmentedRaftLogWorker:Storage Directory /workdir/hadoop-ozone/integration-test/target/test-dir/MiniOzoneClusterImpl-210d6028-2152-4683-81ff-347b0d29bb13/datanode-1/data/ratis/b6642c7c-3bc4-4e44-9ba5-b95d7947d5ca] INFO  impl.RaftServerImpl (RaftServerImpl.java:lambda$shutdown$3(245)) - 5dfaa0ea-416a-422c-a75d-43311aceb00a: shutdown group-B95D7947D5CA
2019-09-19 14:22:01,473 [5dfaa0ea-416a-422c-a75d-43311aceb00a-SegmentedRaftLogWorker:Storage Directory /workdir/hadoop-ozone/integration-test/target/test-dir/MiniOzoneClusterImpl-210d6028-2152-4683-81ff-347b0d29bb13/datanode-1/data/ratis/d9644a14-b63e-4f6b-b25a-2d13f68c8b1a] INFO  util.JmxRegister (JmxRegister.java:unregister(73)) - Successfully un-registered JMX Bean with object name Ratis:service=RaftServer,group=group-2D13F68C8B1A,id=5dfaa0ea-416a-422c-a75d-43311aceb00a
2019-09-19 14:22:02,109 [5dfaa0ea-416a-422c-a75d-43311aceb00a-SegmentedRaftLogWorker:Storage Directory /workdir/hadoop-ozone/integration-test/target/test-dir/MiniOzoneClusterImpl-210d6028-2152-4683-81ff-347b0d29bb13/datanode-1/data/ratis/b6642c7c-3bc4-4e44-9ba5-b95d7947d5ca] INFO  util.JmxRegister (JmxRegister.java:unregister(73)) - Successfully un-registered JMX Bean with object name Ratis:service=RaftServer,group=group-B95D7947D5CA,id=5dfaa0ea-416a-422c-a75d-43311aceb00a
2019-09-19 14:22:02,108 [306a7a99-f2a5-4f40-b42b-2fc2def08a6a-SegmentedRaftLogWorker:Storage Directory /workdir/hadoop-ozone/integration-test/target/test-dir/MiniOzoneClusterImpl-210d6028-2152-4683-81ff-347b0d29bb13/datanode-2/data/ratis/03ecd4b0-83ee-4e9e-994d-01e49d2caf0c] INFO  impl.RaftServerImpl (RaftServerImpl.java:lambda$shutdown$3(245)) - 306a7a99-f2a5-4f40-b42b-2fc2def08a6a: shutdown group-01E49D2CAF0C
2019-09-19 14:22:02,108 [5dfaa0ea-416a-422c-a75d-43311aceb00a:group-E527839BF39B:LeaderElection214] INFO  impl.RaftServerImpl (RaftServerImpl.java:setRole(171)) - 5dfaa0ea-416a-422c-a75d-43311aceb00a:group-E527839BF39B changes role from CANDIDATE to LEADER at term 1 for changeToLeader
2019-09-19 14:22:02,108 [306a7a99-f2a5-4f40-b42b-2fc2def08a6a:group-60147ED89FF9:LeaderElection218] INFO  impl.RoleInfo (RoleInfo.java:shutdownLeaderElection(134)) - 306a7a99-f2a5-4f40-b42b-2fc2def08a6a: shutdown LeaderElection
2019-09-19 14:22:02,109 [306a7a99-f2a5-4f40-b42b-2fc2def08a6a:group-60147ED89FF9:LeaderElection218] INFO  impl.RaftServerImpl (RaftServerImpl.java:setRole(171)) - 306a7a99-f2a5-4f40-b42b-2fc2def08a6a:group-60147ED89FF9 changes role from CANDIDATE to LEADER at term 1 for changeToLeader
2019-09-19 14:22:02,107 [5dfaa0ea-416a-422c-a75d-43311aceb00a:group-AE221AF6329E:LeaderElection220] INFO  impl.RoleInfo (RoleInfo.java:shutdownLeaderElection(134)) - 5dfaa0ea-416a-422c-a75d-43311aceb00a: shutdown LeaderElection
2019-09-19 14:22:02,109 [5dfaa0ea-416a-422c-a75d-43311aceb00a:group-AE221AF6329E:LeaderElection220] INFO  impl.RaftServerImpl (RaftServerImpl.java:setRole(171)) - 5dfaa0ea-416a-422c-a75d-43311aceb00a:group-AE221AF6329E changes role from CANDIDATE to LEADER at term 1 for changeToLeader
2019-09-19 14:22:02,107 [6403e584-2209-453b-b79e-eeb0a7b58516:group-4E79EB7F747B:LeaderElection219] INFO  impl.RaftServerImpl (RaftServerImpl.java:setRole(171)) - 6403e584-2209-453b-b79e-eeb0a7b58516:group-4E79EB7F747B changes role from CANDIDATE to LEADER at term 1 for changeToLeader
2019-09-19 14:22:02,110 [6403e584-2209-453b-b79e-eeb0a7b58516:group-4E79EB7F747B:LeaderElection219] INFO  impl.RaftServerImpl (ServerState.java:setLeader(263)) - 6403e584-2209-453b-b79e-eeb0a7b58516:group-4E79EB7F747B change Leader from null to 6403e584-2209-453b-b79e-eeb0a7b58516 at term 1 for becomeLeader, leader elected after 23906ms
2019-09-19 14:22:02,107 [6403e584-2209-453b-b79e-eeb0a7b58516:group-A0DEC22EACB4:LeaderElection209] INFO  impl.RaftServerImpl (RaftServerImpl.java:setRole(171)) - 6403e584-2209-453b-b79e-eeb0a7b58516:group-A0DEC22EACB4 changes role from CANDIDATE to LEADER at term 1 for changeToLeader
2019-09-19 14:22:02,107 [6403e584-2209-453b-b79e-eeb0a7b58516:group-9C7F6C0F9370:LeaderElection213] INFO  impl.RoleInfo (RoleInfo.java:shutdownLeaderElection(134)) - 6403e584-2209-453b-b79e-eeb0a7b58516: shutdown LeaderElection
2019-09-19 14:22:02,106 [5dfaa0ea-416a-422c-a75d-43311aceb00a:group-1DACA9507B83:LeaderElection217] INFO  impl.RaftServerImpl (RaftServerImpl.java:setRole(171)) - 5dfaa0ea-416a-422c-a75d-43311aceb00a:group-1DACA9507B83 changes role from CANDIDATE to LEADER at term 1 for changeToLeader
2019-09-19 14:22:02,106 [6403e584-2209-453b-b79e-eeb0a7b58516:group-DA1F723C087E:LeaderElection212] INFO  impl.RoleInfo (RoleInfo.java:shutdownLeaderElection(134)) - 6403e584-2209-453b-b79e-eeb0a7b58516: shutdown LeaderElection
2019-09-19 14:22:02,106 [5dfaa0ea-416a-422c-a75d-43311aceb00a:group-86D4C63C40C2:LeaderElection216] INFO  impl.RaftServerImpl (RaftServerImpl.java:setRole(171)) - 5dfaa0ea-416a-422c-a75d-43311aceb00a:group-86D4C63C40C2 changes role from CANDIDATE to LEADER at term 1 for changeToLeader
2019-09-19 14:22:02,106 [6403e584-2209-453b-b79e-eeb0a7b58516:group-30BC58179734:LeaderElection211] INFO  impl.RaftServerImpl (RaftServerImpl.java:setRole(171)) - 6403e584-2209-453b-b79e-eeb0a7b58516:group-30BC58179734 changes role from CANDIDATE to LEADER at term 1 for changeToLeader
2019-09-19 14:22:02,105 [431517c4-8c09-4790-b37b-2e132c8143ad:group-F80C7D5A709A:LeaderElection210] INFO  impl.RoleInfo (RoleInfo.java:shutdownLeaderElection(134)) - 431517c4-8c09-4790-b37b-2e132c8143ad: shutdown LeaderElection
2019-09-19 14:22:02,105 [6403e584-2209-453b-b79e-eeb0a7b58516:group-43FD3CF4C782:LeaderElection207] INFO  impl.RoleInfo (RoleInfo.java:shutdownLeaderElection(134)) - 6403e584-2209-453b-b79e-eeb0a7b58516: shutdown LeaderElection
2019-09-19 14:22:02,105 [6403e584-2209-453b-b79e-eeb0a7b58516-SegmentedRaftLogWorker:Storage Directory /workdir/hadoop-ozone/integration-test/target/test-dir/MiniOzoneClusterImpl-210d6028-2152-4683-81ff-347b0d29bb13/datanode-3/data/ratis/ac10c030-0539-4b28-b6fb-b8762af75437] INFO  impl.PendingRequests (PendingRequests.java:sendNotLeaderResponses(202)) - 6403e584-2209-453b-b79e-eeb0a7b58516-PendingRequests: sendNotLeaderResponses
2019-09-19 14:22:02,105 [85c6a9f3-b9a5-43a5-ac4f-9aa7bd5f2263-SegmentedRaftLogWorker:Storage Directory /workdir/hadoop-ozone/integration-test/target/test-dir/MiniOzoneClusterImpl-210d6028-2152-4683-81ff-347b0d29bb13/datanode-0/data/ratis/beee9431-602b-412f-9914-9bf0e3e86ddd] INFO  impl.RaftServerImpl (ServerState.java:close(394)) - 85c6a9f3-b9a5-43a5-ac4f-9aa7bd5f2263:group-9BF0E3E86DDD closes. The last applied log index is -1
2019-09-19 14:22:02,104 [306a7a99-f2a5-4f40-b42b-2fc2def08a6a-SegmentedRaftLogWorker:Storage Directory /workdir/hadoop-ozone/integration-test/target/test-dir/MiniOzoneClusterImpl-210d6028-2152-4683-81ff-347b0d29bb13/datanode-2/data/ratis/b852e543-1886-4a2f-90a7-e31f1645e36d] INFO  impl.StateMachineUpdater (StateMachineUpdater.java:stopAndJoin(115)) - StateMachineUpdater:306a7a99-f2a5-4f40-b42b-2fc2def08a6a:group-E31F1645E36D: set stopIndex = -1
2019-09-19 14:22:02,104 [56d21ab3-8f6d-44ea-b961-c721a1c09246-SegmentedRaftLogWorker:Storage Directory /workdir/hadoop-ozone/integration-test/target/test-dir/MiniOzoneClusterImpl-210d6028-2152-4683-81ff-347b0d29bb13/datanode-6/data/ratis/cd119a90-ad1f-4b41-9733-9385f8753a99] INFO  impl.StateMachineUpdater (StateMachineUpdater.java:stopAndJoin(115)) - StateMachineUpdater:56d21ab3-8f6d-44ea-b961-c721a1c09246:group-9385F8753A99: set stopIndex = -1
2019-09-19 14:22:02,112 [56d21ab3-8f6d-44ea-b961-c721a1c09246-SegmentedRaftLogWorker:Storage Directory /workdir/hadoop-ozone/integration-test/target/test-dir/MiniOzoneClusterImpl-210d6028-2152-4683-81ff-347b0d29bb13/datanode-6/data/ratis/cd119a90-ad1f-4b41-9733-9385f8753a99] INFO  impl.RaftServerImpl (ServerState.java:close(394)) - 56d21ab3-8f6d-44ea-b961-c721a1c09246:group-9385F8753A99 closes. The last applied log index is -1
2019-09-19 14:22:02,104 [85c6a9f3-b9a5-43a5-ac4f-9aa7bd5f2263-SegmentedRaftLogWorker:Storage Directory /workdir/hadoop-ozone/integration-test/target/test-dir/MiniOzoneClusterImpl-210d6028-2152-4683-81ff-347b0d29bb13/datanode-0/data/ratis/bb007223-e64a-4e98-94ec-af4afe69bc98] INFO  impl.RaftServerImpl (ServerState.java:close(394)) - 85c6a9f3-b9a5-43a5-ac4f-9aa7bd5f2263:group-AF4AFE69BC98 closes. The last applied log index is -1
2019-09-19 14:22:02,112 [56d21ab3-8f6d-44ea-b961-c721a1c09246-SegmentedRaftLogWorker:Storage Directory /workdir/hadoop-ozone/integration-test/target/test-dir/MiniOzoneClusterImpl-210d6028-2152-4683-81ff-347b0d29bb13/datanode-6/data/ratis/cd119a90-ad1f-4b41-9733-9385f8753a99] INFO  segmented.SegmentedRaftLogWorker (SegmentedRaftLogWorker.java:close(228)) - 56d21ab3-8f6d-44ea-b961-c721a1c09246-SegmentedRaftLogWorker:Storage Directory /workdir/hadoop-ozone/integration-test/target/test-dir/MiniOzoneClusterImpl-210d6028-2152-4683-81ff-347b0d29bb13/datanode-6/data/ratis/cd119a90-ad1f-4b41-9733-9385f8753a99 close()
2019-09-19 14:22:02,104 [85c6a9f3-b9a5-43a5-ac4f-9aa7bd5f2263-SegmentedRaftLogWorker:Storage Directory /workdir/hadoop-ozone/integration-test/target/test-dir/MiniOzoneClusterImpl-210d6028-2152-4683-81ff-347b0d29bb13/datanode-0/data/ratis/d17e548c-8a62-43ac-bc0b-e11a284d5e69] INFO  impl.RaftServerImpl (ServerState.java:close(394)) - 85c6a9f3-b9a5-43a5-ac4f-9aa7bd5f2263:group-E11A284D5E69 closes. The last applied log index is -1
2019-09-19 14:22:02,103 [5dfaa0ea-416a-422c-a75d-43311aceb00a-SegmentedRaftLogWorker:Storage Directory /workdir/hadoop-ozone/integration-test/target/test-dir/MiniOzoneClusterImpl-210d6028-2152-4683-81ff-347b0d29bb13/datanode-1/data/ratis/73c63659-0c12-4dfd-b970-230e763c684c] INFO  impl.RaftServerImpl (ServerState.java:close(394)) - 5dfaa0ea-416a-422c-a75d-43311aceb00a:group-230E763C684C closes. The last applied log index is -1
2019-09-19 14:22:02,112 [85c6a9f3-b9a5-43a5-ac4f-9aa7bd5f2263-SegmentedRaftLogWorker:Storage Directory /workdir/hadoop-ozone/integration-test/target/test-dir/MiniOzoneClusterImpl-210d6028-2152-4683-81ff-347b0d29bb13/datanode-0/data/ratis/d17e548c-8a62-43ac-bc0b-e11a284d5e69] INFO  segmented.SegmentedRaftLogWorker (SegmentedRaftLogWorker.java:close(228)) - 85c6a9f3-b9a5-43a5-ac4f-9aa7bd5f2263-SegmentedRaftLogWorker:Storage Directory /workdir/hadoop-ozone/integration-test/target/test-dir/MiniOzoneClusterImpl-210d6028-2152-4683-81ff-347b0d29bb13/datanode-0/data/ratis/d17e548c-8a62-43ac-bc0b-e11a284d5e69 close()
2019-09-19 14:22:02,103 [1190b9a7-12b1-4c15-b33e-f7d0a0cd436c-SegmentedRaftLogWorker:Storage Directory /workdir/hadoop-ozone/integration-test/target/test-dir/MiniOzoneClusterImpl-210d6028-2152-4683-81ff-347b0d29bb13/datanode-4/data/ratis/f50ebf51-4b2a-4369-b91f-9eb942fc9e99] INFO  impl.PendingRequests (PendingRequests.java:sendNotLeaderResponses(202)) - 1190b9a7-12b1-4c15-b33e-f7d0a0cd436c-PendingRequests: sendNotLeaderResponses
2019-09-19 14:22:02,103 [6403e584-2209-453b-b79e-eeb0a7b58516-SegmentedRaftLogWorker:Storage Directory /workdir/hadoop-ozone/integration-test/target/test-dir/MiniOzoneClusterImpl-210d6028-2152-4683-81ff-347b0d29bb13/datanode-3/data/ratis/d229195b-d3bd-4feb-ae52-0d5e299a7331] INFO  impl.StateMachineUpdater (StateMachineUpdater.java:stopAndJoin(115)) - StateMachineUpdater:6403e584-2209-453b-b79e-eeb0a7b58516:group-0D5E299A7331: set stopIndex = -1
2019-09-19 14:22:02,113 [6403e584-2209-453b-b79e-eeb0a7b58516-SegmentedRaftLogWorker:Storage Directory /workdir/hadoop-ozone/integration-test/target/test-dir/MiniOzoneClusterImpl-210d6028-2152-4683-81ff-347b0d29bb13/datanode-3/data/ratis/d229195b-d3bd-4feb-ae52-0d5e299a7331] INFO  impl.RaftServerImpl (ServerState.java:close(394)) - 6403e584-2209-453b-b79e-eeb0a7b58516:group-0D5E299A7331 closes. The last applied log index is -1
2019-09-19 14:22:02,102 [5dfaa0ea-416a-422c-a75d-43311aceb00a-SegmentedRaftLogWorker:Storage Directory /workdir/hadoop-ozone/integration-test/target/test-dir/MiniOzoneClusterImpl-210d6028-2152-4683-81ff-347b0d29bb13/datanode-1/data/ratis/613f29da-297b-471f-ba42-9f8238b9215e] INFO  impl.StateMachineUpdater (StateMachineUpdater.java:stopAndJoin(115)) - StateMachineUpdater:5dfaa0ea-416a-422c-a75d-43311aceb00a:group-9F8238B9215E: set stopIndex = -1
2019-09-19 14:22:02,113 [5dfaa0ea-416a-422c-a75d-43311aceb00a-SegmentedRaftLogWorker:Storage Directory /workdir/hadoop-ozone/integration-test/target/test-dir/MiniOzoneClusterImpl-210d6028-2152-4683-81ff-347b0d29bb13/datanode-1/data/ratis/613f29da-297b-471f-ba42-9f8238b9215e] INFO  impl.RaftServerImpl (ServerState.java:close(394)) - 5dfaa0ea-416a-422c-a75d-43311aceb00a:group-9F8238B9215E closes. The last applied log index is -1
2019-09-19 14:22:02,102 [5dfaa0ea-416a-422c-a75d-43311aceb00a-SegmentedRaftLogWorker:Storage Directory /workdir/hadoop-ozone/integration-test/target/test-dir/MiniOzoneClusterImpl-210d6028-2152-4683-81ff-347b0d29bb13/datanode-1/data/ratis/2ca22967-3872-4a27-bc0e-7f2ab031cc89] INFO  impl.StateMachineUpdater (StateMachineUpdater.java:stopAndJoin(115)) - StateMachineUpdater:5dfaa0ea-416a-422c-a75d-43311aceb00a:group-7F2AB031CC89: set stopIndex = -1
2019-09-19 14:22:02,102 [pool-27-thread-1] INFO  server.RaftServerConfigKeys (ConfUtils.java:logGet(43)) - raft.server.log.segment.cache.num.max = 2 (custom)
2019-09-19 14:22:02,102 [main] INFO  impl.MetricsSystemImpl (MetricsSystemImpl.java:init(158)) - XceiverClientMetrics metrics system started (again)
2019-09-19 14:22:02,102 [1190b9a7-12b1-4c15-b33e-f7d0a0cd436c-SegmentedRaftLogWorker:Storage Directory /workdir/hadoop-ozone/integration-test/target/test-dir/MiniOzoneClusterImpl-210d6028-2152-4683-81ff-347b0d29bb13/datanode-4/data/ratis/3fa0b3b8-7919-4878-a5d9-cb3d96f0ad97] INFO  segmented.SegmentedRaftLogWorker (SegmentedRaftLogWorker.java:close(228)) - 1190b9a7-12b1-4c15-b33e-f7d0a0cd436c-SegmentedRaftLogWorker:Storage Directory /workdir/hadoop-ozone/integration-test/target/test-dir/MiniOzoneClusterImpl-210d6028-2152-4683-81ff-347b0d29bb13/datanode-4/data/ratis/3fa0b3b8-7919-4878-a5d9-cb3d96f0ad97 close()
2019-09-19 14:22:02,102 [5dfaa0ea-416a-422c-a75d-43311aceb00a-SegmentedRaftLogWorker:Storage Directory /workdir/hadoop-ozone/integration-test/target/test-dir/MiniOzoneClusterImpl-210d6028-2152-4683-81ff-347b0d29bb13/datanode-1/data/ratis/ab5b533a-6c39-466f-ba27-434f2440a2f3] INFO  impl.RaftServerImpl (ServerState.java:close(394)) - 5dfaa0ea-416a-422c-a75d-43311aceb00a:group-434F2440A2F3 closes. The last applied log index is -1
2019-09-19 14:22:02,102 [306a7a99-f2a5-4f40-b42b-2fc2def08a6a-SegmentedRaftLogWorker:Storage Directory /workdir/hadoop-ozone/integration-test/target/test-dir/MiniOzoneClusterImpl-210d6028-2152-4683-81ff-347b0d29bb13/datanode-2/data/ratis/e21d9e0f-eec2-4a25-919d-ae1e2b007a31] INFO  impl.RoleInfo (RoleInfo.java:shutdownLeaderState(104)) - 306a7a99-f2a5-4f40-b42b-2fc2def08a6a: shutdown LeaderState
2019-09-19 14:22:02,101 [6403e584-2209-453b-b79e-eeb0a7b58516-SegmentedRaftLogWorker:Storage Directory /workdir/hadoop-ozone/integration-test/target/test-dir/MiniOzoneClusterImpl-210d6028-2152-4683-81ff-347b0d29bb13/datanode-3/data/ratis/7b21afb8-f5ee-4673-90d5-9d2959e62da3] INFO  impl.PendingRequests (PendingRequests.java:sendNotLeaderResponses(202)) - 6403e584-2209-453b-b79e-eeb0a7b58516-PendingRequests: sendNotLeaderResponses
2019-09-19 14:22:02,101 [6403e584-2209-453b-b79e-eeb0a7b58516-SegmentedRaftLogWorker:Storage Directory /workdir/hadoop-ozone/integration-test/target/test-dir/MiniOzoneClusterImpl-210d6028-2152-4683-81ff-347b0d29bb13/datanode-3/data/ratis/8b8b7e75-4017-4f05-9f7a-c75f49951d14] INFO  impl.StateMachineUpdater (StateMachineUpdater.java:stopAndJoin(115)) - StateMachineUpdater:6403e584-2209-453b-b79e-eeb0a7b58516:group-C75F49951D14: set stopIndex = -1
2019-09-19 14:22:02,114 [6403e584-2209-453b-b79e-eeb0a7b58516-SegmentedRaftLogWorker:Storage Directory /workdir/hadoop-ozone/integration-test/target/test-dir/MiniOzoneClusterImpl-210d6028-2152-4683-81ff-347b0d29bb13/datanode-3/data/ratis/8b8b7e75-4017-4f05-9f7a-c75f49951d14] INFO  impl.RaftServerImpl (ServerState.java:close(394)) - 6403e584-2209-453b-b79e-eeb0a7b58516:group-C75F49951D14 closes. The last applied log index is -1
2019-09-19 14:22:02,101 [6403e584-2209-453b-b79e-eeb0a7b58516-SegmentedRaftLogWorker:Storage Directory /workdir/hadoop-ozone/integration-test/target/test-dir/MiniOzoneClusterImpl-210d6028-2152-4683-81ff-347b0d29bb13/datanode-3/data/ratis/1c2eeda1-b507-4408-bb02-5908dd2eabea] INFO  impl.PendingRequests (PendingRequests.java:sendNotLeaderResponses(202)) - 6403e584-2209-453b-b79e-eeb0a7b58516-PendingRequests: sendNotLeaderResponses
2019-09-19 14:22:02,101 [306a7a99-f2a5-4f40-b42b-2fc2def08a6a-SegmentedRaftLogWorker:Storage Directory /workdir/hadoop-ozone/integration-test/target/test-dir/MiniOzoneClusterImpl-210d6028-2152-4683-81ff-347b0d29bb13/datanode-2/data/ratis/6b0a855c-a132-41d9-8c10-26e40af3ae02] INFO  segmented.SegmentedRaftLogWorker (SegmentedRaftLogWorker.java:close(228)) - 306a7a99-f2a5-4f40-b42b-2fc2def08a6a-SegmentedRaftLogWorker:Storage Directory /workdir/hadoop-ozone/integration-test/target/test-dir/MiniOzoneClusterImpl-210d6028-2152-4683-81ff-347b0d29bb13/datanode-2/data/ratis/6b0a855c-a132-41d9-8c10-26e40af3ae02 close()
2019-09-19 14:22:02,100 [5dfaa0ea-416a-422c-a75d-43311aceb00a-SegmentedRaftLogWorker:Storage Directory /workdir/hadoop-ozone/integration-test/target/test-dir/MiniOzoneClusterImpl-210d6028-2152-4683-81ff-347b0d29bb13/datanode-1/data/ratis/c2b44cf1-f9d6-4da4-a6e8-191f2bf7f7a4] INFO  impl.StateMachineUpdater (StateMachineUpdater.java:stopAndJoin(115)) - StateMachineUpdater:5dfaa0ea-416a-422c-a75d-43311aceb00a:group-191F2BF7F7A4: set stopIndex = -1
2019-09-19 14:22:02,100 [85c6a9f3-b9a5-43a5-ac4f-9aa7bd5f2263-SegmentedRaftLogWorker:Storage Directory /workdir/hadoop-ozone/integration-test/target/test-dir/MiniOzoneClusterImpl-210d6028-2152-4683-81ff-347b0d29bb13/datanode-0/data/ratis/a5b4024b-46c2-4dae-a6ee-a5c201119bcc] INFO  impl.RaftServerImpl (ServerState.java:close(394)) - 85c6a9f3-b9a5-43a5-ac4f-9aa7bd5f2263:group-A5C201119BCC closes. The last applied log index is -1
2019-09-19 14:22:02,100 [5dfaa0ea-416a-422c-a75d-43311aceb00a-SegmentedRaftLogWorker:Storage Directory /workdir/hadoop-ozone/integration-test/target/test-dir/MiniOzoneClusterImpl-210d6028-2152-4683-81ff-347b0d29bb13/datanode-1/data/ratis/3bf28a7f-8142-4f9b-8e48-d69f920c77b2] INFO  impl.StateMachineUpdater (StateMachineUpdater.java:stopAndJoin(115)) - StateMachineUpdater:5dfaa0ea-416a-422c-a75d-43311aceb00a:group-D69F920C77B2: set stopIndex = -1
2019-09-19 14:22:02,115 [5dfaa0ea-416a-422c-a75d-43311aceb00a-SegmentedRaftLogWorker:Storage Directory /workdir/hadoop-ozone/integration-test/target/test-dir/MiniOzoneClusterImpl-210d6028-2152-4683-81ff-347b0d29bb13/datanode-1/data/ratis/3bf28a7f-8142-4f9b-8e48-d69f920c77b2] INFO  impl.RaftServerImpl (ServerState.java:close(394)) - 5dfaa0ea-416a-422c-a75d-43311aceb00a:group-D69F920C77B2 closes. The last applied log index is -1
2019-09-19 14:22:02,100 [pool-49-thread-1] INFO  impl.RaftServerImpl (ServerState.java:<init>(105)) - 306a7a99-f2a5-4f40-b42b-2fc2def08a6a:group-85125247F34E ConfigurationManager, init=-1: [85c6a9f3-b9a5-43a5-ac4f-9aa7bd5f2263:192.168.157.226:45170, 306a7a99-f2a5-4f40-b42b-2fc2def08a6a:192.168.157.226:42633, 6403e584-2209-453b-b79e-eeb0a7b58516:192.168.157.226:35833], old=null, confs=<EMPTY_MAP>
2019-09-19 14:22:02,100 [85c6a9f3-b9a5-43a5-ac4f-9aa7bd5f2263:group-CD6B5254D037:LeaderElection222] INFO  impl.LeaderElection (LeaderElection.java:askForVotes(181)) - 85c6a9f3-b9a5-43a5-ac4f-9aa7bd5f2263:group-CD6B5254D037:LeaderElection222: begin an election at term 1 for -1: [85c6a9f3-b9a5-43a5-ac4f-9aa7bd5f2263:192.168.157.226:45170], old=null
2019-09-19 14:22:02,100 [6403e584-2209-453b-b79e-eeb0a7b58516:group-2609E2E2A622:LeaderElection221] INFO  impl.LeaderElection (LeaderElection.java:askForVotes(181)) - 6403e584-2209-453b-b79e-eeb0a7b58516:group-2609E2E2A622:LeaderElection221: begin an election at term 1 for -1: [5dfaa0ea-416a-422c-a75d-43311aceb00a:192.168.157.226:45629, 6403e584-2209-453b-b79e-eeb0a7b58516:192.168.157.226:35833, 1190b9a7-12b1-4c15-b33e-f7d0a0cd436c:192.168.157.226:34463], old=null
2019-09-19 14:22:02,100 [5dfaa0ea-416a-422c-a75d-43311aceb00a:group-2609E2E2A622:LeaderElection223] INFO  impl.LeaderElection (LeaderElection.java:askForVotes(181)) - 5dfaa0ea-416a-422c-a75d-43311aceb00a:group-2609E2E2A622:LeaderElection223: begin an election at term 1 for -1: [5dfaa0ea-416a-422c-a75d-43311aceb00a:192.168.157.226:45629, 6403e584-2209-453b-b79e-eeb0a7b58516:192.168.157.226:35833, 1190b9a7-12b1-4c15-b33e-f7d0a0cd436c:192.168.157.226:34463], old=null
2019-09-19 14:22:02,093 [6403e584-2209-453b-b79e-eeb0a7b58516-SegmentedRaftLogWorker:Storage Directory /workdir/hadoop-ozone/integration-test/target/test-dir/MiniOzoneClusterImpl-210d6028-2152-4683-81ff-347b0d29bb13/datanode-3/data/ratis/200db9d8-d411-4cf2-bc7c-29a035cb2198] ERROR segmented.SegmentedRaftLogWorker (SegmentedRaftLogWorker.java:run(323)) - 6403e584-2209-453b-b79e-eeb0a7b58516-SegmentedRaftLogWorker:Storage Directory /workdir/hadoop-ozone/integration-test/target/test-dir/MiniOzoneClusterImpl-210d6028-2152-4683-81ff-347b0d29bb13/datanode-3/data/ratis/200db9d8-d411-4cf2-bc7c-29a035cb2198 hit exception
java.lang.OutOfMemoryError: Direct buffer memory
	at java.nio.Bits.reserveMemory(Bits.java:666)
	at java.nio.DirectByteBuffer.<init>(DirectByteBuffer.java:123)
	at java.nio.ByteBuffer.allocateDirect(ByteBuffer.java:311)
	at org.apache.ratis.server.raftlog.segmented.BufferedWriteChannel.<init>(BufferedWriteChannel.java:41)
	at org.apache.ratis.server.raftlog.segmented.SegmentedRaftLogOutputStream.<init>(SegmentedRaftLogOutputStream.java:72)
	at org.apache.ratis.server.raftlog.segmented.SegmentedRaftLogWorker$StartLogSegment.execute(SegmentedRaftLogWorker.java:566)
	at org.apache.ratis.server.raftlog.segmented.SegmentedRaftLogWorker.run(SegmentedRaftLogWorker.java:289)
	at java.lang.Thread.run(Thread.java:748)
2019-09-19 14:22:01,775 [6403e584-2209-453b-b79e-eeb0a7b58516:group-5F7B930D9B26:LeaderElection204] INFO  server.RaftServerConfigKeys (ConfUtils.java:logGet(43)) - raft.server.watch.timeout.denomination = 1s (default)
2019-09-19 14:22:02,116 [6403e584-2209-453b-b79e-eeb0a7b58516:group-5F7B930D9B26:LeaderElection204] INFO  server.RaftServerConfigKeys (ConfUtils.java:logGet(43)) - raft.server.watch.element-limit = 65536 (default)
2019-09-19 14:22:01,775 [1190b9a7-12b1-4c15-b33e-f7d0a0cd436c:group-F9B6CA18EE39:LeaderElection203] INFO  segmented.SegmentedRaftLogWorker (SegmentedRaftLogWorker.java:startLogSegment(380)) - 1190b9a7-12b1-4c15-b33e-f7d0a0cd436c-SegmentedRaftLogWorker:Storage Directory /workdir/hadoop-ozone/integration-test/target/test-dir/MiniOzoneClusterImpl-210d6028-2152-4683-81ff-347b0d29bb13/datanode-4/data/ratis/02336153-ac0b-46fe-977d-f9b6ca18ee39: Starting segment from index:0
2019-09-19 14:22:01,775 [306a7a99-f2a5-4f40-b42b-2fc2def08a6a:group-7FF1FB5A7764:LeaderElection200] INFO  server.RaftServerConfigKeys (ConfUtils.java:logGet(43)) - raft.server.watch.timeout.denomination = 1s (default)
2019-09-19 14:22:01,775 [pool-60-thread-1] INFO  impl.RaftServerImpl (ServerState.java:<init>(105)) - 6403e584-2209-453b-b79e-eeb0a7b58516:group-85125247F34E ConfigurationManager, init=-1: [85c6a9f3-b9a5-43a5-ac4f-9aa7bd5f2263:192.168.157.226:45170, 306a7a99-f2a5-4f40-b42b-2fc2def08a6a:192.168.157.226:42633, 6403e584-2209-453b-b79e-eeb0a7b58516:192.168.157.226:35833], old=null, confs=<EMPTY_MAP>
2019-09-19 14:22:01,775 [85c6a9f3-b9a5-43a5-ac4f-9aa7bd5f2263:group-A1D8461AD66E:LeaderElection202] INFO  segmented.SegmentedRaftLogWorker (SegmentedRaftLogWorker.java:startLogSegment(380)) - 85c6a9f3-b9a5-43a5-ac4f-9aa7bd5f2263-SegmentedRaftLogWorker:Storage Directory /workdir/hadoop-ozone/integration-test/target/test-dir/MiniOzoneClusterImpl-210d6028-2152-4683-81ff-347b0d29bb13/datanode-0/data/ratis/8dd7a860-c533-4c00-9e94-a1d8461ad66e: Starting segment from index:0
2019-09-19 14:22:01,774 [306a7a99-f2a5-4f40-b42b-2fc2def08a6a:group-5EABEA0C3A9A:LeaderElection205] INFO  server.RaftServerConfigKeys (ConfUtils.java:logGet(43)) - raft.server.watch.element-limit = 65536 (default)
2019-09-19 14:22:01,774 [85c6a9f3-b9a5-43a5-ac4f-9aa7bd5f2263:group-C538689DB8CD:LeaderElection198] INFO  server.RaftServerConfigKeys (ConfUtils.java:logGet(43)) - raft.server.watch.element-limit = 65536 (default)
2019-09-19 14:22:01,774 [85c6a9f3-b9a5-43a5-ac4f-9aa7bd5f2263:group-1E959A581BC4:LeaderElection197] INFO  impl.RoleInfo (RoleInfo.java:updateAndGet(143)) - 85c6a9f3-b9a5-43a5-ac4f-9aa7bd5f2263: start LeaderState
2019-09-19 14:22:01,774 [306a7a99-f2a5-4f40-b42b-2fc2def08a6a:group-A981E405D304:LeaderElection201] INFO  segmented.SegmentedRaftLogWorker (SegmentedRaftLogWorker.java:startLogSegment(380)) - 306a7a99-f2a5-4f40-b42b-2fc2def08a6a-SegmentedRaftLogWorker:Storage Directory /workdir/hadoop-ozone/integration-test/target/test-dir/MiniOzoneClusterImpl-210d6028-2152-4683-81ff-347b0d29bb13/datanode-2/data/ratis/3938e402-d7f1-4c8e-81db-a981e405d304: Starting segment from index:0
2019-09-19 14:22:01,774 [6403e584-2209-453b-b79e-eeb0a7b58516-SegmentedRaftLogWorker:Storage Directory /workdir/hadoop-ozone/integration-test/target/test-dir/MiniOzoneClusterImpl-210d6028-2152-4683-81ff-347b0d29bb13/datanode-3/data/ratis/bde1a984-ed08-48bb-9716-09385c648829] INFO  impl.StateMachineUpdater (StateMachineUpdater.java:stopAndJoin(115)) - StateMachineUpdater:6403e584-2209-453b-b79e-eeb0a7b58516:group-09385C648829: set stopIndex = -1
2019-09-19 14:22:01,774 [6403e584-2209-453b-b79e-eeb0a7b58516:group-1F9E99136BC1:LeaderElection206] INFO  server.RaftServerConfigKeys (ConfUtils.java:logGet(43)) - raft.server.staging.catchup.gap = 1000 (default)
2019-09-19 14:22:02,603 [306a7a99-f2a5-4f40-b42b-2fc2def08a6a:group-A981E405D304:LeaderElection201] INFO  impl.RaftServerImpl (ServerState.java:setRaftConf(361)) - 306a7a99-f2a5-4f40-b42b-2fc2def08a6a:group-A981E405D304 set configuration 0: [306a7a99-f2a5-4f40-b42b-2fc2def08a6a:192.168.157.226:42633], old=null at 0
2019-09-19 14:22:01,773 [85c6a9f3-b9a5-43a5-ac4f-9aa7bd5f2263:group-DFD37F1207A5:LeaderElection215] INFO  impl.RaftServerImpl (ServerState.java:setLeader(263)) - 85c6a9f3-b9a5-43a5-ac4f-9aa7bd5f2263:group-DFD37F1207A5 change Leader from null to 85c6a9f3-b9a5-43a5-ac4f-9aa7bd5f2263 at term 1 for becomeLeader, leader elected after 22780ms
2019-09-19 14:22:02,840 | INFO  | SCMAudit | user=jenkins1000 | ip=192.168.157.226 | op=SEND_HEARTBEAT {datanodeUUID=306a7a99-f2a5-4f40-b42b-2fc2def08a6a, command=[]} | ret=SUCCESS |  
2019-09-19 14:22:01,773 [306a7a99-f2a5-4f40-b42b-2fc2def08a6a-SegmentedRaftLogWorker:Storage Directory /workdir/hadoop-ozone/integration-test/target/test-dir/MiniOzoneClusterImpl-210d6028-2152-4683-81ff-347b0d29bb13/datanode-2/data/ratis/7fbca07c-e3b4-4c77-9bde-adcadc9576a0] INFO  impl.StateMachineUpdater (StateMachineUpdater.java:stopAndJoin(115)) - StateMachineUpdater:306a7a99-f2a5-4f40-b42b-2fc2def08a6a:group-ADCADC9576A0: set stopIndex = -1
2019-09-19 14:22:02,841 [306a7a99-f2a5-4f40-b42b-2fc2def08a6a-SegmentedRaftLogWorker:Storage Directory /workdir/hadoop-ozone/integration-test/target/test-dir/MiniOzoneClusterImpl-210d6028-2152-4683-81ff-347b0d29bb13/datanode-2/data/ratis/7fbca07c-e3b4-4c77-9bde-adcadc9576a0] INFO  impl.RaftServerImpl (ServerState.java:close(394)) - 306a7a99-f2a5-4f40-b42b-2fc2def08a6a:group-ADCADC9576A0 closes. The last applied log index is -1
2019-09-19 14:22:02,841 | INFO  | SCMAudit | user=jenkins1000 | ip=192.168.157.226 | op=SEND_HEARTBEAT {datanodeUUID=6403e584-2209-453b-b79e-eeb0a7b58516, command=[]} | ret=SUCCESS |  
2019-09-19 14:22:01,773 [6403e584-2209-453b-b79e-eeb0a7b58516-SegmentedRaftLogWorker:Storage Directory /workdir/hadoop-ozone/integration-test/target/test-dir/MiniOzoneClusterImpl-210d6028-2152-4683-81ff-347b0d29bb13/datanode-3/data/ratis/fb28e6d0-c737-4d0c-89a9-8c37e5a08283] INFO  impl.RaftServerImpl (ServerState.java:close(394)) - 6403e584-2209-453b-b79e-eeb0a7b58516:group-8C37E5A08283 closes. The last applied log index is -1
2019-09-19 14:22:01,773 [85c6a9f3-b9a5-43a5-ac4f-9aa7bd5f2263-SegmentedRaftLogWorker:Storage Directory /workdir/hadoop-ozone/integration-test/target/test-dir/MiniOzoneClusterImpl-210d6028-2152-4683-81ff-347b0d29bb13/datanode-0/data/ratis/820d4892-99a1-43ee-956b-f720ba2b578e] INFO  impl.RoleInfo (RoleInfo.java:shutdownLeaderState(104)) - 85c6a9f3-b9a5-43a5-ac4f-9aa7bd5f2263: shutdown LeaderState
2019-09-19 14:22:01,773 [6403e584-2209-453b-b79e-eeb0a7b58516-SegmentedRaftLogWorker:Storage Directory /workdir/hadoop-ozone/integration-test/target/test-dir/MiniOzoneClusterImpl-210d6028-2152-4683-81ff-347b0d29bb13/datanode-3/data/ratis/b1a9101b-e28e-4227-a49c-8e3f95f61c0c] INFO  util.JmxRegister (JmxRegister.java:unregister(73)) - Successfully un-registered JMX Bean with object name Ratis:service=RaftServer,group=group-8E3F95F61C0C,id=6403e584-2209-453b-b79e-eeb0a7b58516
2019-09-19 14:22:01,773 [6403e584-2209-453b-b79e-eeb0a7b58516-SegmentedRaftLogWorker:Storage Directory /workdir/hadoop-ozone/integration-test/target/test-dir/MiniOzoneClusterImpl-210d6028-2152-4683-81ff-347b0d29bb13/datanode-3/data/ratis/5585f7d3-4d4a-466f-8783-8cfe3af44fff] INFO  impl.PendingRequests (PendingRequests.java:sendNotLeaderResponses(202)) - 6403e584-2209-453b-b79e-eeb0a7b58516-PendingRequests: sendNotLeaderResponses
2019-09-19 14:22:01,772 [85c6a9f3-b9a5-43a5-ac4f-9aa7bd5f2263-SegmentedRaftLogWorker:Storage Directory /workdir/hadoop-ozone/integration-test/target/test-dir/MiniOzoneClusterImpl-210d6028-2152-4683-81ff-347b0d29bb13/datanode-0/data/ratis/15d695d4-435b-4c1e-870e-8ae81f3d915f] INFO  impl.RaftServerImpl (ServerState.java:close(394)) - 85c6a9f3-b9a5-43a5-ac4f-9aa7bd5f2263:group-8AE81F3D915F closes. The last applied log index is -1
2019-09-19 14:22:01,772 [5dfaa0ea-416a-422c-a75d-43311aceb00a-SegmentedRaftLogWorker:Storage Directory /workdir/hadoop-ozone/integration-test/target/test-dir/MiniOzoneClusterImpl-210d6028-2152-4683-81ff-347b0d29bb13/datanode-1/data/ratis/574d4bd5-bfdd-4088-bd5e-d83635899549] INFO  impl.StateMachineUpdater (StateMachineUpdater.java:stopAndJoin(115)) - StateMachineUpdater:5dfaa0ea-416a-422c-a75d-43311aceb00a:group-D83635899549: set stopIndex = -1
2019-09-19 14:22:01,772 [306a7a99-f2a5-4f40-b42b-2fc2def08a6a-SegmentedRaftLogWorker:Storage Directory /workdir/hadoop-ozone/integration-test/target/test-dir/MiniOzoneClusterImpl-210d6028-2152-4683-81ff-347b0d29bb13/datanode-2/data/ratis/1ff81542-9a7f-4be5-9739-65d6932c1949] INFO  impl.RaftServerImpl (ServerState.java:close(394)) - 306a7a99-f2a5-4f40-b42b-2fc2def08a6a:group-65D6932C1949 closes. The last applied log index is -1
2019-09-19 14:22:01,772 [306a7a99-f2a5-4f40-b42b-2fc2def08a6a-SegmentedRaftLogWorker:Storage Directory /workdir/hadoop-ozone/integration-test/target/test-dir/MiniOzoneClusterImpl-210d6028-2152-4683-81ff-347b0d29bb13/datanode-2/data/ratis/a0f230a9-2c48-4665-8534-a8dd95df660c] INFO  impl.PendingRequests (PendingRequests.java:sendNotLeaderResponses(202)) - 306a7a99-f2a5-4f40-b42b-2fc2def08a6a-PendingRequests: sendNotLeaderResponses
2019-09-19 14:22:02,842 [306a7a99-f2a5-4f40-b42b-2fc2def08a6a-SegmentedRaftLogWorker:Storage Directory /workdir/hadoop-ozone/integration-test/target/test-dir/MiniOzoneClusterImpl-210d6028-2152-4683-81ff-347b0d29bb13/datanode-2/data/ratis/1ff81542-9a7f-4be5-9739-65d6932c1949] INFO  segmented.SegmentedRaftLogWorker (SegmentedRaftLogWorker.java:close(228)) - 306a7a99-f2a5-4f40-b42b-2fc2def08a6a-SegmentedRaftLogWorker:Storage Directory /workdir/hadoop-ozone/integration-test/target/test-dir/MiniOzoneClusterImpl-210d6028-2152-4683-81ff-347b0d29bb13/datanode-2/data/ratis/1ff81542-9a7f-4be5-9739-65d6932c1949 close()
2019-09-19 14:22:02,842 [5dfaa0ea-416a-422c-a75d-43311aceb00a-SegmentedRaftLogWorker:Storage Directory /workdir/hadoop-ozone/integration-test/target/test-dir/MiniOzoneClusterImpl-210d6028-2152-4683-81ff-347b0d29bb13/datanode-1/data/ratis/574d4bd5-bfdd-4088-bd5e-d83635899549] INFO  impl.RaftServerImpl (ServerState.java:close(394)) - 5dfaa0ea-416a-422c-a75d-43311aceb00a:group-D83635899549 closes. The last applied log index is -1
2019-09-19 14:22:02,842 [85c6a9f3-b9a5-43a5-ac4f-9aa7bd5f2263-SegmentedRaftLogWorker:Storage Directory /workdir/hadoop-ozone/integration-test/target/test-dir/MiniOzoneClusterImpl-210d6028-2152-4683-81ff-347b0d29bb13/datanode-0/data/ratis/15d695d4-435b-4c1e-870e-8ae81f3d915f] INFO  segmented.SegmentedRaftLogWorker (SegmentedRaftLogWorker.java:close(228)) - 85c6a9f3-b9a5-43a5-ac4f-9aa7bd5f2263-SegmentedRaftLogWorker:Storage Directory /workdir/hadoop-ozone/integration-test/target/test-dir/MiniOzoneClusterImpl-210d6028-2152-4683-81ff-347b0d29bb13/datanode-0/data/ratis/15d695d4-435b-4c1e-870e-8ae81f3d915f close()
2019-09-19 14:22:02,842 [6403e584-2209-453b-b79e-eeb0a7b58516-SegmentedRaftLogWorker:Storage Directory /workdir/hadoop-ozone/integration-test/target/test-dir/MiniOzoneClusterImpl-210d6028-2152-4683-81ff-347b0d29bb13/datanode-3/data/ratis/5585f7d3-4d4a-466f-8783-8cfe3af44fff] INFO  impl.StateMachineUpdater (StateMachineUpdater.java:stopAndJoin(115)) - StateMachineUpdater:6403e584-2209-453b-b79e-eeb0a7b58516:group-8CFE3AF44FFF: set stopIndex = -1
2019-09-19 14:22:02,843 [6403e584-2209-453b-b79e-eeb0a7b58516-SegmentedRaftLogWorker:Storage Directory /workdir/hadoop-ozone/integration-test/target/test-dir/MiniOzoneClusterImpl-210d6028-2152-4683-81ff-347b0d29bb13/datanode-3/data/ratis/5585f7d3-4d4a-466f-8783-8cfe3af44fff] INFO  impl.RaftServerImpl (ServerState.java:close(394)) - 6403e584-2209-453b-b79e-eeb0a7b58516:group-8CFE3AF44FFF closes. The last applied log index is -1
2019-09-19 14:22:02,842 [6403e584-2209-453b-b79e-eeb0a7b58516-SegmentedRaftLogWorker:Storage Directory /workdir/hadoop-ozone/integration-test/target/test-dir/MiniOzoneClusterImpl-210d6028-2152-4683-81ff-347b0d29bb13/datanode-3/data/ratis/b1a9101b-e28e-4227-a49c-8e3f95f61c0c] INFO  impl.RoleInfo (RoleInfo.java:shutdownLeaderState(104)) - 6403e584-2209-453b-b79e-eeb0a7b58516: shutdown LeaderState
2019-09-19 14:22:02,842 [85c6a9f3-b9a5-43a5-ac4f-9aa7bd5f2263-SegmentedRaftLogWorker:Storage Directory /workdir/hadoop-ozone/integration-test/target/test-dir/MiniOzoneClusterImpl-210d6028-2152-4683-81ff-347b0d29bb13/datanode-0/data/ratis/820d4892-99a1-43ee-956b-f720ba2b578e] INFO  impl.PendingRequests (PendingRequests.java:sendNotLeaderResponses(202)) - 85c6a9f3-b9a5-43a5-ac4f-9aa7bd5f2263-PendingRequests: sendNotLeaderResponses
2019-09-19 14:22:02,842 [6403e584-2209-453b-b79e-eeb0a7b58516-SegmentedRaftLogWorker:Storage Directory /workdir/hadoop-ozone/integration-test/target/test-dir/MiniOzoneClusterImpl-210d6028-2152-4683-81ff-347b0d29bb13/datanode-3/data/ratis/fb28e6d0-c737-4d0c-89a9-8c37e5a08283] INFO  segmented.SegmentedRaftLogWorker (SegmentedRaftLogWorker.java:close(228)) - 6403e584-2209-453b-b79e-eeb0a7b58516-SegmentedRaftLogWorker:Storage Directory /workdir/hadoop-ozone/integration-test/target/test-dir/MiniOzoneClusterImpl-210d6028-2152-4683-81ff-347b0d29bb13/datanode-3/data/ratis/fb28e6d0-c737-4d0c-89a9-8c37e5a08283 close()
2019-09-19 14:22:02,841 [306a7a99-f2a5-4f40-b42b-2fc2def08a6a-SegmentedRaftLogWorker:Storage Directory /workdir/hadoop-ozone/integration-test/target/test-dir/MiniOzoneClusterImpl-210d6028-2152-4683-81ff-347b0d29bb13/datanode-2/data/ratis/7fbca07c-e3b4-4c77-9bde-adcadc9576a0] INFO  segmented.SegmentedRaftLogWorker (SegmentedRaftLogWorker.java:close(228)) - 306a7a99-f2a5-4f40-b42b-2fc2def08a6a-SegmentedRaftLogWorker:Storage Directory /workdir/hadoop-ozone/integration-test/target/test-dir/MiniOzoneClusterImpl-210d6028-2152-4683-81ff-347b0d29bb13/datanode-2/data/ratis/7fbca07c-e3b4-4c77-9bde-adcadc9576a0 close()
2019-09-19 14:22:02,841 [85c6a9f3-b9a5-43a5-ac4f-9aa7bd5f2263:group-DFD37F1207A5:LeaderElection215] INFO  server.RaftServerConfigKeys (ConfUtils.java:logGet(43)) - raft.server.staging.catchup.gap = 1000 (default)
2019-09-19 14:22:02,603 [6403e584-2209-453b-b79e-eeb0a7b58516:group-1F9E99136BC1:LeaderElection206] INFO  server.RaftServerConfigKeys (ConfUtils.java:logGet(43)) - raft.server.rpc.sleep.time = 25ms (default)
2019-09-19 14:22:02,597 [6403e584-2209-453b-b79e-eeb0a7b58516-SegmentedRaftLogWorker:Storage Directory /workdir/hadoop-ozone/integration-test/target/test-dir/MiniOzoneClusterImpl-210d6028-2152-4683-81ff-347b0d29bb13/datanode-3/data/ratis/bde1a984-ed08-48bb-9716-09385c648829] INFO  impl.RaftServerImpl (ServerState.java:close(394)) - 6403e584-2209-453b-b79e-eeb0a7b58516:group-09385C648829 closes. The last applied log index is -1
2019-09-19 14:22:02,596 [85c6a9f3-b9a5-43a5-ac4f-9aa7bd5f2263:group-1E959A581BC4:LeaderElection197] INFO  segmented.SegmentedRaftLogWorker (SegmentedRaftLogWorker.java:startLogSegment(380)) - 85c6a9f3-b9a5-43a5-ac4f-9aa7bd5f2263-SegmentedRaftLogWorker:Storage Directory /workdir/hadoop-ozone/integration-test/target/test-dir/MiniOzoneClusterImpl-210d6028-2152-4683-81ff-347b0d29bb13/datanode-0/data/ratis/86310666-1fb2-4d77-858f-1e959a581bc4: Starting segment from index:0
2019-09-19 14:22:02,369 [85c6a9f3-b9a5-43a5-ac4f-9aa7bd5f2263:group-C538689DB8CD:LeaderElection198] INFO  impl.RoleInfo (RoleInfo.java:updateAndGet(143)) - 85c6a9f3-b9a5-43a5-ac4f-9aa7bd5f2263: start LeaderState
2019-09-19 14:22:02,368 [306a7a99-f2a5-4f40-b42b-2fc2def08a6a:group-5EABEA0C3A9A:LeaderElection205] INFO  impl.RoleInfo (RoleInfo.java:updateAndGet(143)) - 306a7a99-f2a5-4f40-b42b-2fc2def08a6a: start LeaderState
2019-09-19 14:22:02,368 [85c6a9f3-b9a5-43a5-ac4f-9aa7bd5f2263:group-A1D8461AD66E:LeaderElection202] INFO  impl.RaftServerImpl (ServerState.java:setRaftConf(361)) - 85c6a9f3-b9a5-43a5-ac4f-9aa7bd5f2263:group-A1D8461AD66E set configuration 0: [85c6a9f3-b9a5-43a5-ac4f-9aa7bd5f2263:192.168.157.226:45170], old=null at 0
2019-09-19 14:22:02,117 [pool-60-thread-1] INFO  server.RaftServerConfigKeys (ConfUtils.java:logGet(43)) - raft.server.storage.dir = [/workdir/hadoop-ozone/integration-test/target/test-dir/MiniOzoneClusterImpl-210d6028-2152-4683-81ff-347b0d29bb13/datanode-3/data/ratis] (custom)
2019-09-19 14:22:02,117 [306a7a99-f2a5-4f40-b42b-2fc2def08a6a:group-7FF1FB5A7764:LeaderElection200] INFO  server.RaftServerConfigKeys (ConfUtils.java:logGet(43)) - raft.server.watch.element-limit = 65536 (default)
2019-09-19 14:22:02,117 [1190b9a7-12b1-4c15-b33e-f7d0a0cd436c:group-F9B6CA18EE39:LeaderElection203] INFO  impl.RaftServerImpl (ServerState.java:setRaftConf(361)) - 1190b9a7-12b1-4c15-b33e-f7d0a0cd436c:group-F9B6CA18EE39 set configuration 0: [1190b9a7-12b1-4c15-b33e-f7d0a0cd436c:192.168.157.226:34463], old=null at 0
2019-09-19 14:22:02,117 [6403e584-2209-453b-b79e-eeb0a7b58516:group-5F7B930D9B26:LeaderElection204] INFO  impl.RoleInfo (RoleInfo.java:updateAndGet(143)) - 6403e584-2209-453b-b79e-eeb0a7b58516: start LeaderState
2019-09-19 14:22:02,116 [6403e584-2209-453b-b79e-eeb0a7b58516-SegmentedRaftLogWorker:Storage Directory /workdir/hadoop-ozone/integration-test/target/test-dir/MiniOzoneClusterImpl-210d6028-2152-4683-81ff-347b0d29bb13/datanode-3/data/ratis/200db9d8-d411-4cf2-bc7c-29a035cb2198] INFO  impl.RaftServerImpl (RaftServerImpl.java:lambda$shutdown$3(245)) - 6403e584-2209-453b-b79e-eeb0a7b58516: shutdown group-29A035CB2198
2019-09-19 14:22:02,116 [pool-49-thread-1] INFO  server.RaftServerConfigKeys (ConfUtils.java:logGet(43)) - raft.server.storage.dir = [/workdir/hadoop-ozone/integration-test/target/test-dir/MiniOzoneClusterImpl-210d6028-2152-4683-81ff-347b0d29bb13/datanode-2/data/ratis] (custom)
2019-09-19 14:22:02,116 [85c6a9f3-b9a5-43a5-ac4f-9aa7bd5f2263:group-CD6B5254D037:LeaderElection222] INFO  impl.RoleInfo (RoleInfo.java:shutdownLeaderElection(134)) - 85c6a9f3-b9a5-43a5-ac4f-9aa7bd5f2263: shutdown LeaderElection
2019-09-19 14:22:02,115 [5dfaa0ea-416a-422c-a75d-43311aceb00a-SegmentedRaftLogWorker:Storage Directory /workdir/hadoop-ozone/integration-test/target/test-dir/MiniOzoneClusterImpl-210d6028-2152-4683-81ff-347b0d29bb13/datanode-1/data/ratis/3bf28a7f-8142-4f9b-8e48-d69f920c77b2] INFO  segmented.SegmentedRaftLogWorker (SegmentedRaftLogWorker.java:close(228)) - 5dfaa0ea-416a-422c-a75d-43311aceb00a-SegmentedRaftLogWorker:Storage Directory /workdir/hadoop-ozone/integration-test/target/test-dir/MiniOzoneClusterImpl-210d6028-2152-4683-81ff-347b0d29bb13/datanode-1/data/ratis/3bf28a7f-8142-4f9b-8e48-d69f920c77b2 close()
2019-09-19 14:22:02,115 [85c6a9f3-b9a5-43a5-ac4f-9aa7bd5f2263-SegmentedRaftLogWorker:Storage Directory /workdir/hadoop-ozone/integration-test/target/test-dir/MiniOzoneClusterImpl-210d6028-2152-4683-81ff-347b0d29bb13/datanode-0/data/ratis/a5b4024b-46c2-4dae-a6ee-a5c201119bcc] INFO  segmented.SegmentedRaftLogWorker (SegmentedRaftLogWorker.java:close(228)) - 85c6a9f3-b9a5-43a5-ac4f-9aa7bd5f2263-SegmentedRaftLogWorker:Storage Directory /workdir/hadoop-ozone/integration-test/target/test-dir/MiniOzoneClusterImpl-210d6028-2152-4683-81ff-347b0d29bb13/datanode-0/data/ratis/a5b4024b-46c2-4dae-a6ee-a5c201119bcc close()
2019-09-19 14:22:02,115 [5dfaa0ea-416a-422c-a75d-43311aceb00a-SegmentedRaftLogWorker:Storage Directory /workdir/hadoop-ozone/integration-test/target/test-dir/MiniOzoneClusterImpl-210d6028-2152-4683-81ff-347b0d29bb13/datanode-1/data/ratis/c2b44cf1-f9d6-4da4-a6e8-191f2bf7f7a4] INFO  impl.RaftServerImpl (ServerState.java:close(394)) - 5dfaa0ea-416a-422c-a75d-43311aceb00a:group-191F2BF7F7A4 closes. The last applied log index is -1
2019-09-19 14:22:02,115 [6403e584-2209-453b-b79e-eeb0a7b58516-SegmentedRaftLogWorker:Storage Directory /workdir/hadoop-ozone/integration-test/target/test-dir/MiniOzoneClusterImpl-210d6028-2152-4683-81ff-347b0d29bb13/datanode-3/data/ratis/1c2eeda1-b507-4408-bb02-5908dd2eabea] INFO  impl.StateMachineUpdater (StateMachineUpdater.java:stopAndJoin(115)) - StateMachineUpdater:6403e584-2209-453b-b79e-eeb0a7b58516:group-5908DD2EABEA: set stopIndex = -1
2019-09-19 14:22:02,115 [6403e584-2209-453b-b79e-eeb0a7b58516-SegmentedRaftLogWorker:Storage Directory /workdir/hadoop-ozone/integration-test/target/test-dir/MiniOzoneClusterImpl-210d6028-2152-4683-81ff-347b0d29bb13/datanode-3/data/ratis/8b8b7e75-4017-4f05-9f7a-c75f49951d14] INFO  segmented.SegmentedRaftLogWorker (SegmentedRaftLogWorker.java:close(228)) - 6403e584-2209-453b-b79e-eeb0a7b58516-SegmentedRaftLogWorker:Storage Directory /workdir/hadoop-ozone/integration-test/target/test-dir/MiniOzoneClusterImpl-210d6028-2152-4683-81ff-347b0d29bb13/datanode-3/data/ratis/8b8b7e75-4017-4f05-9f7a-c75f49951d14 close()
2019-09-19 14:22:02,114 [6403e584-2209-453b-b79e-eeb0a7b58516-SegmentedRaftLogWorker:Storage Directory /workdir/hadoop-ozone/integration-test/target/test-dir/MiniOzoneClusterImpl-210d6028-2152-4683-81ff-347b0d29bb13/datanode-3/data/ratis/7b21afb8-f5ee-4673-90d5-9d2959e62da3] INFO  impl.StateMachineUpdater (StateMachineUpdater.java:stopAndJoin(115)) - StateMachineUpdater:6403e584-2209-453b-b79e-eeb0a7b58516:group-9D2959E62DA3: set stopIndex = -1
2019-09-19 14:22:02,114 [306a7a99-f2a5-4f40-b42b-2fc2def08a6a-SegmentedRaftLogWorker:Storage Directory /workdir/hadoop-ozone/integration-test/target/test-dir/MiniOzoneClusterImpl-210d6028-2152-4683-81ff-347b0d29bb13/datanode-2/data/ratis/e21d9e0f-eec2-4a25-919d-ae1e2b007a31] INFO  impl.PendingRequests (PendingRequests.java:sendNotLeaderResponses(202)) - 306a7a99-f2a5-4f40-b42b-2fc2def08a6a-PendingRequests: sendNotLeaderResponses
2019-09-19 14:22:02,114 [5dfaa0ea-416a-422c-a75d-43311aceb00a-SegmentedRaftLogWorker:Storage Directory /workdir/hadoop-ozone/integration-test/target/test-dir/MiniOzoneClusterImpl-210d6028-2152-4683-81ff-347b0d29bb13/datanode-1/data/ratis/ab5b533a-6c39-466f-ba27-434f2440a2f3] INFO  segmented.SegmentedRaftLogWorker (SegmentedRaftLogWorker.java:close(228)) - 5dfaa0ea-416a-422c-a75d-43311aceb00a-SegmentedRaftLogWorker:Storage Directory /workdir/hadoop-ozone/integration-test/target/test-dir/MiniOzoneClusterImpl-210d6028-2152-4683-81ff-347b0d29bb13/datanode-1/data/ratis/ab5b533a-6c39-466f-ba27-434f2440a2f3 close()
2019-09-19 14:22:02,113 [pool-27-thread-1] INFO  segmented.SegmentedRaftLogWorker (SegmentedRaftLogWorker.java:<init>(172)) - new 85c6a9f3-b9a5-43a5-ac4f-9aa7bd5f2263-SegmentedRaftLogWorker:Storage Directory /workdir/hadoop-ozone/integration-test/target/test-dir/MiniOzoneClusterImpl-210d6028-2152-4683-81ff-347b0d29bb13/datanode-0/data/ratis/ed7ccb91-f33d-461f-8fcc-c123bbc42c4f for RaftStorage:Storage Directory /workdir/hadoop-ozone/integration-test/target/test-dir/MiniOzoneClusterImpl-210d6028-2152-4683-81ff-347b0d29bb13/datanode-0/data/ratis/ed7ccb91-f33d-461f-8fcc-c123bbc42c4f
2019-09-19 14:22:03,095 [pool-27-thread-1] INFO  server.RaftServerConfigKeys (ConfUtils.java:logGet(43)) - raft.server.log.queue.byte-limit = 2147483647 (custom)
2019-09-19 14:22:02,113 [5dfaa0ea-416a-422c-a75d-43311aceb00a-SegmentedRaftLogWorker:Storage Directory /workdir/hadoop-ozone/integration-test/target/test-dir/MiniOzoneClusterImpl-210d6028-2152-4683-81ff-347b0d29bb13/datanode-1/data/ratis/2ca22967-3872-4a27-bc0e-7f2ab031cc89] INFO  impl.RaftServerImpl (ServerState.java:close(394)) - 5dfaa0ea-416a-422c-a75d-43311aceb00a:group-7F2AB031CC89 closes. The last applied log index is -1
2019-09-19 14:22:02,113 [5dfaa0ea-416a-422c-a75d-43311aceb00a-SegmentedRaftLogWorker:Storage Directory /workdir/hadoop-ozone/integration-test/target/test-dir/MiniOzoneClusterImpl-210d6028-2152-4683-81ff-347b0d29bb13/datanode-1/data/ratis/613f29da-297b-471f-ba42-9f8238b9215e] INFO  segmented.SegmentedRaftLogWorker (SegmentedRaftLogWorker.java:close(228)) - 5dfaa0ea-416a-422c-a75d-43311aceb00a-SegmentedRaftLogWorker:Storage Directory /workdir/hadoop-ozone/integration-test/target/test-dir/MiniOzoneClusterImpl-210d6028-2152-4683-81ff-347b0d29bb13/datanode-1/data/ratis/613f29da-297b-471f-ba42-9f8238b9215e close()
2019-09-19 14:22:03,095 | INFO  | SCMAudit | user=jenkins1000 | ip=192.168.157.226 | op=SEND_HEARTBEAT {datanodeUUID=431517c4-8c09-4790-b37b-2e132c8143ad, command=[]} | ret=SUCCESS |  
2019-09-19 14:22:03,095 | INFO  | SCMAudit | user=jenkins1000 | ip=192.168.157.226 | op=SEND_HEARTBEAT {datanodeUUID=56d21ab3-8f6d-44ea-b961-c721a1c09246, command=[]} | ret=SUCCESS |  
2019-09-19 14:22:02,113 [6403e584-2209-453b-b79e-eeb0a7b58516-SegmentedRaftLogWorker:Storage Directory /workdir/hadoop-ozone/integration-test/target/test-dir/MiniOzoneClusterImpl-210d6028-2152-4683-81ff-347b0d29bb13/datanode-3/data/ratis/d229195b-d3bd-4feb-ae52-0d5e299a7331] INFO  segmented.SegmentedRaftLogWorker (SegmentedRaftLogWorker.java:close(228)) - 6403e584-2209-453b-b79e-eeb0a7b58516-SegmentedRaftLogWorker:Storage Directory /workdir/hadoop-ozone/integration-test/target/test-dir/MiniOzoneClusterImpl-210d6028-2152-4683-81ff-347b0d29bb13/datanode-3/data/ratis/d229195b-d3bd-4feb-ae52-0d5e299a7331 close()
2019-09-19 14:22:03,096 | INFO  | SCMAudit | user=jenkins1000 | ip=192.168.157.226 | op=SEND_HEARTBEAT {datanodeUUID=85c6a9f3-b9a5-43a5-ac4f-9aa7bd5f2263, command=[]} | ret=SUCCESS |  
2019-09-19 14:22:02,113 [1190b9a7-12b1-4c15-b33e-f7d0a0cd436c-SegmentedRaftLogWorker:Storage Directory /workdir/hadoop-ozone/integration-test/target/test-dir/MiniOzoneClusterImpl-210d6028-2152-4683-81ff-347b0d29bb13/datanode-4/data/ratis/f50ebf51-4b2a-4369-b91f-9eb942fc9e99] INFO  impl.StateMachineUpdater (StateMachineUpdater.java:stopAndJoin(115)) - StateMachineUpdater:1190b9a7-12b1-4c15-b33e-f7d0a0cd436c:group-9EB942FC9E99: set stopIndex = -1
2019-09-19 14:22:03,096 [1190b9a7-12b1-4c15-b33e-f7d0a0cd436c-SegmentedRaftLogWorker:Storage Directory /workdir/hadoop-ozone/integration-test/target/test-dir/MiniOzoneClusterImpl-210d6028-2152-4683-81ff-347b0d29bb13/datanode-4/data/ratis/f50ebf51-4b2a-4369-b91f-9eb942fc9e99] INFO  impl.RaftServerImpl (ServerState.java:close(394)) - 1190b9a7-12b1-4c15-b33e-f7d0a0cd436c:group-9EB942FC9E99 closes. The last applied log index is -1
2019-09-19 14:22:03,096 | INFO  | SCMAudit | user=jenkins1000 | ip=192.168.157.226 | op=SEND_HEARTBEAT {datanodeUUID=5dfaa0ea-416a-422c-a75d-43311aceb00a, command=[]} | ret=SUCCESS |  
2019-09-19 14:22:02,112 [5dfaa0ea-416a-422c-a75d-43311aceb00a-SegmentedRaftLogWorker:Storage Directory /workdir/hadoop-ozone/integration-test/target/test-dir/MiniOzoneClusterImpl-210d6028-2152-4683-81ff-347b0d29bb13/datanode-1/data/ratis/73c63659-0c12-4dfd-b970-230e763c684c] INFO  segmented.SegmentedRaftLogWorker (SegmentedRaftLogWorker.java:close(228)) - 5dfaa0ea-416a-422c-a75d-43311aceb00a-SegmentedRaftLogWorker:Storage Directory /workdir/hadoop-ozone/integration-test/target/test-dir/MiniOzoneClusterImpl-210d6028-2152-4683-81ff-347b0d29bb13/datanode-1/data/ratis/73c63659-0c12-4dfd-b970-230e763c684c close()
2019-09-19 14:22:02,112 [85c6a9f3-b9a5-43a5-ac4f-9aa7bd5f2263-SegmentedRaftLogWorker:Storage Directory /workdir/hadoop-ozone/integration-test/target/test-dir/MiniOzoneClusterImpl-210d6028-2152-4683-81ff-347b0d29bb13/datanode-0/data/ratis/bb007223-e64a-4e98-94ec-af4afe69bc98] INFO  segmented.SegmentedRaftLogWorker (SegmentedRaftLogWorker.java:close(228)) - 85c6a9f3-b9a5-43a5-ac4f-9aa7bd5f2263-SegmentedRaftLogWorker:Storage Directory /workdir/hadoop-ozone/integration-test/target/test-dir/MiniOzoneClusterImpl-210d6028-2152-4683-81ff-347b0d29bb13/datanode-0/data/ratis/bb007223-e64a-4e98-94ec-af4afe69bc98 close()
2019-09-19 14:22:02,111 [306a7a99-f2a5-4f40-b42b-2fc2def08a6a-SegmentedRaftLogWorker:Storage Directory /workdir/hadoop-ozone/integration-test/target/test-dir/MiniOzoneClusterImpl-210d6028-2152-4683-81ff-347b0d29bb13/datanode-2/data/ratis/b852e543-1886-4a2f-90a7-e31f1645e36d] INFO  impl.RaftServerImpl (ServerState.java:close(394)) - 306a7a99-f2a5-4f40-b42b-2fc2def08a6a:group-E31F1645E36D closes. The last applied log index is -1
2019-09-19 14:22:03,097 | INFO  | SCMAudit | user=jenkins1000 | ip=192.168.157.226 | op=SEND_HEARTBEAT {datanodeUUID=1190b9a7-12b1-4c15-b33e-f7d0a0cd436c, command=[]} | ret=SUCCESS |  
2019-09-19 14:22:02,111 [85c6a9f3-b9a5-43a5-ac4f-9aa7bd5f2263-SegmentedRaftLogWorker:Storage Directory /workdir/hadoop-ozone/integration-test/target/test-dir/MiniOzoneClusterImpl-210d6028-2152-4683-81ff-347b0d29bb13/datanode-0/data/ratis/beee9431-602b-412f-9914-9bf0e3e86ddd] INFO  segmented.SegmentedRaftLogWorker (SegmentedRaftLogWorker.java:close(228)) - 85c6a9f3-b9a5-43a5-ac4f-9aa7bd5f2263-SegmentedRaftLogWorker:Storage Directory /workdir/hadoop-ozone/integration-test/target/test-dir/MiniOzoneClusterImpl-210d6028-2152-4683-81ff-347b0d29bb13/datanode-0/data/ratis/beee9431-602b-412f-9914-9bf0e3e86ddd close()
2019-09-19 14:22:02,111 [6403e584-2209-453b-b79e-eeb0a7b58516-SegmentedRaftLogWorker:Storage Directory /workdir/hadoop-ozone/integration-test/target/test-dir/MiniOzoneClusterImpl-210d6028-2152-4683-81ff-347b0d29bb13/datanode-3/data/ratis/ac10c030-0539-4b28-b6fb-b8762af75437] INFO  impl.StateMachineUpdater (StateMachineUpdater.java:stopAndJoin(115)) - StateMachineUpdater:6403e584-2209-453b-b79e-eeb0a7b58516:group-B8762AF75437: set stopIndex = -1
2019-09-19 14:22:03,097 [6403e584-2209-453b-b79e-eeb0a7b58516-SegmentedRaftLogWorker:Storage Directory /workdir/hadoop-ozone/integration-test/target/test-dir/MiniOzoneClusterImpl-210d6028-2152-4683-81ff-347b0d29bb13/datanode-3/data/ratis/ac10c030-0539-4b28-b6fb-b8762af75437] INFO  impl.RaftServerImpl (ServerState.java:close(394)) - 6403e584-2209-453b-b79e-eeb0a7b58516:group-B8762AF75437 closes. The last applied log index is -1
2019-09-19 14:22:02,111 [6403e584-2209-453b-b79e-eeb0a7b58516:group-43FD3CF4C782:LeaderElection207] INFO  impl.RaftServerImpl (RaftServerImpl.java:setRole(171)) - 6403e584-2209-453b-b79e-eeb0a7b58516:group-43FD3CF4C782 changes role from CANDIDATE to LEADER at term 1 for changeToLeader
2019-09-19 14:22:02,111 [431517c4-8c09-4790-b37b-2e132c8143ad:group-F80C7D5A709A:LeaderElection210] INFO  impl.RaftServerImpl (RaftServerImpl.java:setRole(171)) - 431517c4-8c09-4790-b37b-2e132c8143ad:group-F80C7D5A709A changes role from CANDIDATE to LEADER at term 1 for changeToLeader
2019-09-19 14:22:03,097 [431517c4-8c09-4790-b37b-2e132c8143ad:group-F80C7D5A709A:LeaderElection210] INFO  impl.RaftServerImpl (ServerState.java:setLeader(263)) - 431517c4-8c09-4790-b37b-2e132c8143ad:group-F80C7D5A709A change Leader from null to 431517c4-8c09-4790-b37b-2e132c8143ad at term 1 for becomeLeader, leader elected after 20032ms
2019-09-19 14:22:02,111 [6403e584-2209-453b-b79e-eeb0a7b58516:group-30BC58179734:LeaderElection211] INFO  impl.RaftServerImpl (ServerState.java:setLeader(263)) - 6403e584-2209-453b-b79e-eeb0a7b58516:group-30BC58179734 change Leader from null to 6403e584-2209-453b-b79e-eeb0a7b58516 at term 1 for becomeLeader, leader elected after 23156ms
2019-09-19 14:22:02,111 [1190b9a7-12b1-4c15-b33e-f7d0a0cd436c:group-2609E2E2A622:LeaderElection208] INFO  impl.LeaderElection (LeaderElection.java:logAndReturn(56)) - 1190b9a7-12b1-4c15-b33e-f7d0a0cd436c:group-2609E2E2A622:LeaderElection208: Election REJECTED; received 2 response(s) [1190b9a7-12b1-4c15-b33e-f7d0a0cd436c<-5dfaa0ea-416a-422c-a75d-43311aceb00a#0:FAIL-t1, 1190b9a7-12b1-4c15-b33e-f7d0a0cd436c<-6403e584-2209-453b-b79e-eeb0a7b58516#0:FAIL-t1] and 0 exception(s); 1190b9a7-12b1-4c15-b33e-f7d0a0cd436c:t1, leader=null, voted=1190b9a7-12b1-4c15-b33e-f7d0a0cd436c, raftlog=1190b9a7-12b1-4c15-b33e-f7d0a0cd436c-SegmentedRaftLog:OPENED:c-1,f-1,i0, conf=-1: [5dfaa0ea-416a-422c-a75d-43311aceb00a:192.168.157.226:45629, 6403e584-2209-453b-b79e-eeb0a7b58516:192.168.157.226:35833, 1190b9a7-12b1-4c15-b33e-f7d0a0cd436c:192.168.157.226:34463], old=null
2019-09-19 14:22:02,111 [5dfaa0ea-416a-422c-a75d-43311aceb00a:group-86D4C63C40C2:LeaderElection216] INFO  impl.RaftServerImpl (ServerState.java:setLeader(263)) - 5dfaa0ea-416a-422c-a75d-43311aceb00a:group-86D4C63C40C2 change Leader from null to 5dfaa0ea-416a-422c-a75d-43311aceb00a at term 1 for becomeLeader, leader elected after 19201ms
2019-09-19 14:22:02,110 [6403e584-2209-453b-b79e-eeb0a7b58516:group-DA1F723C087E:LeaderElection212] INFO  impl.RaftServerImpl (RaftServerImpl.java:setRole(171)) - 6403e584-2209-453b-b79e-eeb0a7b58516:group-DA1F723C087E changes role from CANDIDATE to LEADER at term 1 for changeToLeader
2019-09-19 14:22:02,110 [5dfaa0ea-416a-422c-a75d-43311aceb00a:group-1DACA9507B83:LeaderElection217] INFO  impl.RaftServerImpl (ServerState.java:setLeader(263)) - 5dfaa0ea-416a-422c-a75d-43311aceb00a:group-1DACA9507B83 change Leader from null to 5dfaa0ea-416a-422c-a75d-43311aceb00a at term 1 for becomeLeader, leader elected after 23925ms
2019-09-19 14:22:02,110 [6403e584-2209-453b-b79e-eeb0a7b58516:group-9C7F6C0F9370:LeaderElection213] INFO  impl.RaftServerImpl (RaftServerImpl.java:setRole(171)) - 6403e584-2209-453b-b79e-eeb0a7b58516:group-9C7F6C0F9370 changes role from CANDIDATE to LEADER at term 1 for changeToLeader
2019-09-19 14:22:02,110 [6403e584-2209-453b-b79e-eeb0a7b58516:group-A0DEC22EACB4:LeaderElection209] INFO  impl.RaftServerImpl (ServerState.java:setLeader(263)) - 6403e584-2209-453b-b79e-eeb0a7b58516:group-A0DEC22EACB4 change Leader from null to 6403e584-2209-453b-b79e-eeb0a7b58516 at term 1 for becomeLeader, leader elected after 23885ms
2019-09-19 14:22:02,110 [6403e584-2209-453b-b79e-eeb0a7b58516:group-4E79EB7F747B:LeaderElection219] INFO  server.RaftServerConfigKeys (ConfUtils.java:logGet(43)) - raft.server.staging.catchup.gap = 1000 (default)
2019-09-19 14:22:02,110 [5dfaa0ea-416a-422c-a75d-43311aceb00a:group-AE221AF6329E:LeaderElection220] INFO  impl.RaftServerImpl (ServerState.java:setLeader(263)) - 5dfaa0ea-416a-422c-a75d-43311aceb00a:group-AE221AF6329E change Leader from null to 5dfaa0ea-416a-422c-a75d-43311aceb00a at term 1 for becomeLeader, leader elected after 19853ms
2019-09-19 14:22:02,109 [306a7a99-f2a5-4f40-b42b-2fc2def08a6a:group-60147ED89FF9:LeaderElection218] INFO  impl.RaftServerImpl (ServerState.java:setLeader(263)) - 306a7a99-f2a5-4f40-b42b-2fc2def08a6a:group-60147ED89FF9 change Leader from null to 306a7a99-f2a5-4f40-b42b-2fc2def08a6a at term 1 for becomeLeader, leader elected after 23867ms
2019-09-19 14:22:02,109 [5dfaa0ea-416a-422c-a75d-43311aceb00a:group-E527839BF39B:LeaderElection214] INFO  impl.RaftServerImpl (ServerState.java:setLeader(263)) - 5dfaa0ea-416a-422c-a75d-43311aceb00a:group-E527839BF39B change Leader from null to 5dfaa0ea-416a-422c-a75d-43311aceb00a at term 1 for becomeLeader, leader elected after 22995ms
2019-09-19 14:22:02,109 [306a7a99-f2a5-4f40-b42b-2fc2def08a6a-SegmentedRaftLogWorker:Storage Directory /workdir/hadoop-ozone/integration-test/target/test-dir/MiniOzoneClusterImpl-210d6028-2152-4683-81ff-347b0d29bb13/datanode-2/data/ratis/03ecd4b0-83ee-4e9e-994d-01e49d2caf0c] INFO  util.JmxRegister (JmxRegister.java:unregister(73)) - Successfully un-registered JMX Bean with object name Ratis:service=RaftServer,group=group-01E49D2CAF0C,id=306a7a99-f2a5-4f40-b42b-2fc2def08a6a
2019-09-19 14:22:03,099 [306a7a99-f2a5-4f40-b42b-2fc2def08a6a-SegmentedRaftLogWorker:Storage Directory /workdir/hadoop-ozone/integration-test/target/test-dir/MiniOzoneClusterImpl-210d6028-2152-4683-81ff-347b0d29bb13/datanode-2/data/ratis/03ecd4b0-83ee-4e9e-994d-01e49d2caf0c] INFO  impl.RoleInfo (RoleInfo.java:shutdownLeaderState(104)) - 306a7a99-f2a5-4f40-b42b-2fc2def08a6a: shutdown LeaderState
2019-09-19 14:22:02,109 [5dfaa0ea-416a-422c-a75d-43311aceb00a-SegmentedRaftLogWorker:Storage Directory /workdir/hadoop-ozone/integration-test/target/test-dir/MiniOzoneClusterImpl-210d6028-2152-4683-81ff-347b0d29bb13/datanode-1/data/ratis/b6642c7c-3bc4-4e44-9ba5-b95d7947d5ca] INFO  impl.RoleInfo (RoleInfo.java:shutdownLeaderState(104)) - 5dfaa0ea-416a-422c-a75d-43311aceb00a: shutdown LeaderState
2019-09-19 14:22:02,109 [5dfaa0ea-416a-422c-a75d-43311aceb00a-SegmentedRaftLogWorker:Storage Directory /workdir/hadoop-ozone/integration-test/target/test-dir/MiniOzoneClusterImpl-210d6028-2152-4683-81ff-347b0d29bb13/datanode-1/data/ratis/d9644a14-b63e-4f6b-b25a-2d13f68c8b1a] INFO  impl.RoleInfo (RoleInfo.java:shutdownLeaderState(104)) - 5dfaa0ea-416a-422c-a75d-43311aceb00a: shutdown LeaderState
2019-09-19 14:22:03,099 [5dfaa0ea-416a-422c-a75d-43311aceb00a-SegmentedRaftLogWorker:Storage Directory /workdir/hadoop-ozone/integration-test/target/test-dir/MiniOzoneClusterImpl-210d6028-2152-4683-81ff-347b0d29bb13/datanode-1/data/ratis/b6642c7c-3bc4-4e44-9ba5-b95d7947d5ca] INFO  impl.PendingRequests (PendingRequests.java:sendNotLeaderResponses(202)) - 5dfaa0ea-416a-422c-a75d-43311aceb00a-PendingRequests: sendNotLeaderResponses
2019-09-19 14:22:03,099 [306a7a99-f2a5-4f40-b42b-2fc2def08a6a-SegmentedRaftLogWorker:Storage Directory /workdir/hadoop-ozone/integration-test/target/test-dir/MiniOzoneClusterImpl-210d6028-2152-4683-81ff-347b0d29bb13/datanode-2/data/ratis/03ecd4b0-83ee-4e9e-994d-01e49d2caf0c] INFO  impl.PendingRequests (PendingRequests.java:sendNotLeaderResponses(202)) - 306a7a99-f2a5-4f40-b42b-2fc2def08a6a-PendingRequests: sendNotLeaderResponses
2019-09-19 14:22:03,099 [5dfaa0ea-416a-422c-a75d-43311aceb00a:group-E527839BF39B:LeaderElection214] INFO  server.RaftServerConfigKeys (ConfUtils.java:logGet(43)) - raft.server.staging.catchup.gap = 1000 (default)
2019-09-19 14:22:03,099 [306a7a99-f2a5-4f40-b42b-2fc2def08a6a:group-60147ED89FF9:LeaderElection218] INFO  server.RaftServerConfigKeys (ConfUtils.java:logGet(43)) - raft.server.staging.catchup.gap = 1000 (default)
2019-09-19 14:22:03,100 [306a7a99-f2a5-4f40-b42b-2fc2def08a6a:group-60147ED89FF9:LeaderElection218] INFO  server.RaftServerConfigKeys (ConfUtils.java:logGet(43)) - raft.server.rpc.sleep.time = 25ms (default)
2019-09-19 14:22:03,099 [5dfaa0ea-416a-422c-a75d-43311aceb00a:group-AE221AF6329E:LeaderElection220] INFO  server.RaftServerConfigKeys (ConfUtils.java:logGet(43)) - raft.server.staging.catchup.gap = 1000 (default)
2019-09-19 14:22:03,099 [6403e584-2209-453b-b79e-eeb0a7b58516:group-4E79EB7F747B:LeaderElection219] INFO  server.RaftServerConfigKeys (ConfUtils.java:logGet(43)) - raft.server.rpc.sleep.time = 25ms (default)
2019-09-19 14:22:03,098 [6403e584-2209-453b-b79e-eeb0a7b58516:group-A0DEC22EACB4:LeaderElection209] INFO  server.RaftServerConfigKeys (ConfUtils.java:logGet(43)) - raft.server.staging.catchup.gap = 1000 (default)
2019-09-19 14:22:03,098 [6403e584-2209-453b-b79e-eeb0a7b58516:group-9C7F6C0F9370:LeaderElection213] INFO  impl.RaftServerImpl (ServerState.java:setLeader(263)) - 6403e584-2209-453b-b79e-eeb0a7b58516:group-9C7F6C0F9370 change Leader from null to 6403e584-2209-453b-b79e-eeb0a7b58516 at term 1 for becomeLeader, leader elected after 19879ms
2019-09-19 14:22:03,098 [5dfaa0ea-416a-422c-a75d-43311aceb00a:group-1DACA9507B83:LeaderElection217] INFO  server.RaftServerConfigKeys (ConfUtils.java:logGet(43)) - raft.server.staging.catchup.gap = 1000 (default)
2019-09-19 14:22:03,098 [6403e584-2209-453b-b79e-eeb0a7b58516:group-DA1F723C087E:LeaderElection212] INFO  impl.RaftServerImpl (ServerState.java:setLeader(263)) - 6403e584-2209-453b-b79e-eeb0a7b58516:group-DA1F723C087E change Leader from null to 6403e584-2209-453b-b79e-eeb0a7b58516 at term 1 for becomeLeader, leader elected after 20495ms
2019-09-19 14:22:03,098 [1190b9a7-12b1-4c15-b33e-f7d0a0cd436c:group-2609E2E2A622:LeaderElection208] INFO  impl.RaftServerImpl (RaftServerImpl.java:setRole(171)) - 1190b9a7-12b1-4c15-b33e-f7d0a0cd436c:group-2609E2E2A622 changes role from CANDIDATE to FOLLOWER at term 1 for DISCOVERED_A_NEW_TERM
2019-09-19 14:22:03,098 [5dfaa0ea-416a-422c-a75d-43311aceb00a:group-86D4C63C40C2:LeaderElection216] INFO  server.RaftServerConfigKeys (ConfUtils.java:logGet(43)) - raft.server.staging.catchup.gap = 1000 (default)
2019-09-19 14:22:03,101 [5dfaa0ea-416a-422c-a75d-43311aceb00a:group-86D4C63C40C2:LeaderElection216] INFO  server.RaftServerConfigKeys (ConfUtils.java:logGet(43)) - raft.server.rpc.sleep.time = 25ms (default)
2019-09-19 14:22:03,098 [6403e584-2209-453b-b79e-eeb0a7b58516:group-30BC58179734:LeaderElection211] INFO  server.RaftServerConfigKeys (ConfUtils.java:logGet(43)) - raft.server.staging.catchup.gap = 1000 (default)
2019-09-19 14:22:03,097 [431517c4-8c09-4790-b37b-2e132c8143ad:group-F80C7D5A709A:LeaderElection210] INFO  server.RaftServerConfigKeys (ConfUtils.java:logGet(43)) - raft.server.staging.catchup.gap = 1000 (default)
2019-09-19 14:22:03,102 [431517c4-8c09-4790-b37b-2e132c8143ad:group-F80C7D5A709A:LeaderElection210] INFO  server.RaftServerConfigKeys (ConfUtils.java:logGet(43)) - raft.server.rpc.sleep.time = 25ms (default)
2019-09-19 14:22:03,097 [6403e584-2209-453b-b79e-eeb0a7b58516:group-43FD3CF4C782:LeaderElection207] INFO  impl.RaftServerImpl (ServerState.java:setLeader(263)) - 6403e584-2209-453b-b79e-eeb0a7b58516:group-43FD3CF4C782 change Leader from null to 6403e584-2209-453b-b79e-eeb0a7b58516 at term 1 for becomeLeader, leader elected after 24024ms
2019-09-19 14:22:03,097 [6403e584-2209-453b-b79e-eeb0a7b58516-SegmentedRaftLogWorker:Storage Directory /workdir/hadoop-ozone/integration-test/target/test-dir/MiniOzoneClusterImpl-210d6028-2152-4683-81ff-347b0d29bb13/datanode-3/data/ratis/ac10c030-0539-4b28-b6fb-b8762af75437] INFO  segmented.SegmentedRaftLogWorker (SegmentedRaftLogWorker.java:close(228)) - 6403e584-2209-453b-b79e-eeb0a7b58516-SegmentedRaftLogWorker:Storage Directory /workdir/hadoop-ozone/integration-test/target/test-dir/MiniOzoneClusterImpl-210d6028-2152-4683-81ff-347b0d29bb13/datanode-3/data/ratis/ac10c030-0539-4b28-b6fb-b8762af75437 close()
2019-09-19 14:22:03,097 [306a7a99-f2a5-4f40-b42b-2fc2def08a6a-SegmentedRaftLogWorker:Storage Directory /workdir/hadoop-ozone/integration-test/target/test-dir/MiniOzoneClusterImpl-210d6028-2152-4683-81ff-347b0d29bb13/datanode-2/data/ratis/b852e543-1886-4a2f-90a7-e31f1645e36d] INFO  segmented.SegmentedRaftLogWorker (SegmentedRaftLogWorker.java:close(228)) - 306a7a99-f2a5-4f40-b42b-2fc2def08a6a-SegmentedRaftLogWorker:Storage Directory /workdir/hadoop-ozone/integration-test/target/test-dir/MiniOzoneClusterImpl-210d6028-2152-4683-81ff-347b0d29bb13/datanode-2/data/ratis/b852e543-1886-4a2f-90a7-e31f1645e36d close()
2019-09-19 14:22:03,096 [6403e584-2209-453b-b79e-eeb0a7b58516-SegmentedRaftLogWorker:Storage Directory /workdir/hadoop-ozone/integration-test/target/test-dir/MiniOzoneClusterImpl-210d6028-2152-4683-81ff-347b0d29bb13/datanode-3/data/ratis/87129e6c-351b-40c3-ac12-bae80f1788ed] ERROR segmented.SegmentedRaftLogWorker (SegmentedRaftLogWorker.java:run(323)) - 6403e584-2209-453b-b79e-eeb0a7b58516-SegmentedRaftLogWorker:Storage Directory /workdir/hadoop-ozone/integration-test/target/test-dir/MiniOzoneClusterImpl-210d6028-2152-4683-81ff-347b0d29bb13/datanode-3/data/ratis/87129e6c-351b-40c3-ac12-bae80f1788ed hit exception
java.lang.OutOfMemoryError: Direct buffer memory
	at java.nio.Bits.reserveMemory(Bits.java:666)
	at java.nio.DirectByteBuffer.<init>(DirectByteBuffer.java:123)
	at java.nio.ByteBuffer.allocateDirect(ByteBuffer.java:311)
	at org.apache.ratis.server.raftlog.segmented.BufferedWriteChannel.<init>(BufferedWriteChannel.java:41)
	at org.apache.ratis.server.raftlog.segmented.SegmentedRaftLogOutputStream.<init>(SegmentedRaftLogOutputStream.java:72)
	at org.apache.ratis.server.raftlog.segmented.SegmentedRaftLogWorker$StartLogSegment.execute(SegmentedRaftLogWorker.java:566)
	at org.apache.ratis.server.raftlog.segmented.SegmentedRaftLogWorker.run(SegmentedRaftLogWorker.java:289)
	at java.lang.Thread.run(Thread.java:748)
2019-09-19 14:22:03,103 [6403e584-2209-453b-b79e-eeb0a7b58516-SegmentedRaftLogWorker:Storage Directory /workdir/hadoop-ozone/integration-test/target/test-dir/MiniOzoneClusterImpl-210d6028-2152-4683-81ff-347b0d29bb13/datanode-3/data/ratis/87129e6c-351b-40c3-ac12-bae80f1788ed] INFO  impl.RaftServerImpl (RaftServerImpl.java:lambda$shutdown$3(245)) - 6403e584-2209-453b-b79e-eeb0a7b58516: shutdown group-BAE80F1788ED
2019-09-19 14:22:03,096 [1190b9a7-12b1-4c15-b33e-f7d0a0cd436c-SegmentedRaftLogWorker:Storage Directory /workdir/hadoop-ozone/integration-test/target/test-dir/MiniOzoneClusterImpl-210d6028-2152-4683-81ff-347b0d29bb13/datanode-4/data/ratis/f50ebf51-4b2a-4369-b91f-9eb942fc9e99] INFO  segmented.SegmentedRaftLogWorker (SegmentedRaftLogWorker.java:close(228)) - 1190b9a7-12b1-4c15-b33e-f7d0a0cd436c-SegmentedRaftLogWorker:Storage Directory /workdir/hadoop-ozone/integration-test/target/test-dir/MiniOzoneClusterImpl-210d6028-2152-4683-81ff-347b0d29bb13/datanode-4/data/ratis/f50ebf51-4b2a-4369-b91f-9eb942fc9e99 close()
2019-09-19 14:22:03,095 [5dfaa0ea-416a-422c-a75d-43311aceb00a-SegmentedRaftLogWorker:Storage Directory /workdir/hadoop-ozone/integration-test/target/test-dir/MiniOzoneClusterImpl-210d6028-2152-4683-81ff-347b0d29bb13/datanode-1/data/ratis/2ca22967-3872-4a27-bc0e-7f2ab031cc89] INFO  segmented.SegmentedRaftLogWorker (SegmentedRaftLogWorker.java:close(228)) - 5dfaa0ea-416a-422c-a75d-43311aceb00a-SegmentedRaftLogWorker:Storage Directory /workdir/hadoop-ozone/integration-test/target/test-dir/MiniOzoneClusterImpl-210d6028-2152-4683-81ff-347b0d29bb13/datanode-1/data/ratis/2ca22967-3872-4a27-bc0e-7f2ab031cc89 close()
2019-09-19 14:22:03,095 [pool-27-thread-1] INFO  server.RaftServerConfigKeys (ConfUtils.java:logGet(43)) - raft.server.log.queue.element-limit = 1024 (custom)
2019-09-19 14:22:03,094 [306a7a99-f2a5-4f40-b42b-2fc2def08a6a-SegmentedRaftLogWorker:Storage Directory /workdir/hadoop-ozone/integration-test/target/test-dir/MiniOzoneClusterImpl-210d6028-2152-4683-81ff-347b0d29bb13/datanode-2/data/ratis/e21d9e0f-eec2-4a25-919d-ae1e2b007a31] INFO  impl.StateMachineUpdater (StateMachineUpdater.java:stopAndJoin(115)) - StateMachineUpdater:306a7a99-f2a5-4f40-b42b-2fc2def08a6a:group-AE1E2B007A31: set stopIndex = -1
2019-09-19 14:22:03,094 [6403e584-2209-453b-b79e-eeb0a7b58516-SegmentedRaftLogWorker:Storage Directory /workdir/hadoop-ozone/integration-test/target/test-dir/MiniOzoneClusterImpl-210d6028-2152-4683-81ff-347b0d29bb13/datanode-3/data/ratis/7b21afb8-f5ee-4673-90d5-9d2959e62da3] INFO  impl.RaftServerImpl (ServerState.java:close(394)) - 6403e584-2209-453b-b79e-eeb0a7b58516:group-9D2959E62DA3 closes. The last applied log index is -1
2019-09-19 14:22:03,094 [6403e584-2209-453b-b79e-eeb0a7b58516-SegmentedRaftLogWorker:Storage Directory /workdir/hadoop-ozone/integration-test/target/test-dir/MiniOzoneClusterImpl-210d6028-2152-4683-81ff-347b0d29bb13/datanode-3/data/ratis/1c2eeda1-b507-4408-bb02-5908dd2eabea] INFO  impl.RaftServerImpl (ServerState.java:close(394)) - 6403e584-2209-453b-b79e-eeb0a7b58516:group-5908DD2EABEA closes. The last applied log index is -1
2019-09-19 14:22:03,094 [5dfaa0ea-416a-422c-a75d-43311aceb00a-SegmentedRaftLogWorker:Storage Directory /workdir/hadoop-ozone/integration-test/target/test-dir/MiniOzoneClusterImpl-210d6028-2152-4683-81ff-347b0d29bb13/datanode-1/data/ratis/c2b44cf1-f9d6-4da4-a6e8-191f2bf7f7a4] INFO  segmented.SegmentedRaftLogWorker (SegmentedRaftLogWorker.java:close(228)) - 5dfaa0ea-416a-422c-a75d-43311aceb00a-SegmentedRaftLogWorker:Storage Directory /workdir/hadoop-ozone/integration-test/target/test-dir/MiniOzoneClusterImpl-210d6028-2152-4683-81ff-347b0d29bb13/datanode-1/data/ratis/c2b44cf1-f9d6-4da4-a6e8-191f2bf7f7a4 close()
2019-09-19 14:22:03,093 [pool-49-thread-1] INFO  storage.RaftStorageDirectory (RaftStorageDirectory.java:analyzeStorage(246)) - The storage directory /workdir/hadoop-ozone/integration-test/target/test-dir/MiniOzoneClusterImpl-210d6028-2152-4683-81ff-347b0d29bb13/datanode-2/data/ratis/739c26d7-9512-47d5-be3e-85125247f34e does not exist. Creating ...
2019-09-19 14:22:03,093 [85c6a9f3-b9a5-43a5-ac4f-9aa7bd5f2263:group-CD6B5254D037:LeaderElection222] INFO  impl.RaftServerImpl (RaftServerImpl.java:setRole(171)) - 85c6a9f3-b9a5-43a5-ac4f-9aa7bd5f2263:group-CD6B5254D037 changes role from CANDIDATE to LEADER at term 1 for changeToLeader
2019-09-19 14:22:03,093 [6403e584-2209-453b-b79e-eeb0a7b58516-SegmentedRaftLogWorker:Storage Directory /workdir/hadoop-ozone/integration-test/target/test-dir/MiniOzoneClusterImpl-210d6028-2152-4683-81ff-347b0d29bb13/datanode-3/data/ratis/200db9d8-d411-4cf2-bc7c-29a035cb2198] INFO  util.JmxRegister (JmxRegister.java:unregister(73)) - Successfully un-registered JMX Bean with object name Ratis:service=RaftServer,group=group-29A035CB2198,id=6403e584-2209-453b-b79e-eeb0a7b58516
2019-09-19 14:22:03,104 [6403e584-2209-453b-b79e-eeb0a7b58516-SegmentedRaftLogWorker:Storage Directory /workdir/hadoop-ozone/integration-test/target/test-dir/MiniOzoneClusterImpl-210d6028-2152-4683-81ff-347b0d29bb13/datanode-3/data/ratis/200db9d8-d411-4cf2-bc7c-29a035cb2198] INFO  impl.RoleInfo (RoleInfo.java:shutdownLeaderState(104)) - 6403e584-2209-453b-b79e-eeb0a7b58516: shutdown LeaderState
2019-09-19 14:22:03,092 [6403e584-2209-453b-b79e-eeb0a7b58516:group-5F7B930D9B26:LeaderElection204] INFO  segmented.SegmentedRaftLogWorker (SegmentedRaftLogWorker.java:startLogSegment(380)) - 6403e584-2209-453b-b79e-eeb0a7b58516-SegmentedRaftLogWorker:Storage Directory /workdir/hadoop-ozone/integration-test/target/test-dir/MiniOzoneClusterImpl-210d6028-2152-4683-81ff-347b0d29bb13/datanode-3/data/ratis/59a6a4ed-be67-4336-8e8b-5f7b930d9b26: Starting segment from index:0
2019-09-19 14:22:03,092 [pool-60-thread-1] INFO  storage.RaftStorageDirectory (RaftStorageDirectory.java:analyzeStorage(246)) - The storage directory /workdir/hadoop-ozone/integration-test/target/test-dir/MiniOzoneClusterImpl-210d6028-2152-4683-81ff-347b0d29bb13/datanode-3/data/ratis/739c26d7-9512-47d5-be3e-85125247f34e does not exist. Creating ...
2019-09-19 14:22:03,092 [306a7a99-f2a5-4f40-b42b-2fc2def08a6a:group-7FF1FB5A7764:LeaderElection200] INFO  impl.RoleInfo (RoleInfo.java:updateAndGet(143)) - 306a7a99-f2a5-4f40-b42b-2fc2def08a6a: start LeaderState
2019-09-19 14:22:03,092 [306a7a99-f2a5-4f40-b42b-2fc2def08a6a-SegmentedRaftLogWorker:Storage Directory /workdir/hadoop-ozone/integration-test/target/test-dir/MiniOzoneClusterImpl-210d6028-2152-4683-81ff-347b0d29bb13/datanode-2/data/ratis/60632a06-603e-4bed-a2f5-ba6b5495b088] ERROR segmented.SegmentedRaftLogWorker (SegmentedRaftLogWorker.java:run(323)) - 306a7a99-f2a5-4f40-b42b-2fc2def08a6a-SegmentedRaftLogWorker:Storage Directory /workdir/hadoop-ozone/integration-test/target/test-dir/MiniOzoneClusterImpl-210d6028-2152-4683-81ff-347b0d29bb13/datanode-2/data/ratis/60632a06-603e-4bed-a2f5-ba6b5495b088 hit exception
java.lang.OutOfMemoryError: Direct buffer memory
	at java.nio.Bits.reserveMemory(Bits.java:666)
	at java.nio.DirectByteBuffer.<init>(DirectByteBuffer.java:123)
	at java.nio.ByteBuffer.allocateDirect(ByteBuffer.java:311)
	at org.apache.ratis.server.raftlog.segmented.BufferedWriteChannel.<init>(BufferedWriteChannel.java:41)
	at org.apache.ratis.server.raftlog.segmented.SegmentedRaftLogOutputStream.<init>(SegmentedRaftLogOutputStream.java:72)
	at org.apache.ratis.server.raftlog.segmented.SegmentedRaftLogWorker$StartLogSegment.execute(SegmentedRaftLogWorker.java:566)
	at org.apache.ratis.server.raftlog.segmented.SegmentedRaftLogWorker.run(SegmentedRaftLogWorker.java:289)
	at java.lang.Thread.run(Thread.java:748)
2019-09-19 14:22:03,371 [306a7a99-f2a5-4f40-b42b-2fc2def08a6a-SegmentedRaftLogWorker:Storage Directory /workdir/hadoop-ozone/integration-test/target/test-dir/MiniOzoneClusterImpl-210d6028-2152-4683-81ff-347b0d29bb13/datanode-2/data/ratis/60632a06-603e-4bed-a2f5-ba6b5495b088] INFO  impl.RaftServerImpl (RaftServerImpl.java:lambda$shutdown$3(245)) - 306a7a99-f2a5-4f40-b42b-2fc2def08a6a: shutdown group-BA6B5495B088
2019-09-19 14:22:03,092 [1190b9a7-12b1-4c15-b33e-f7d0a0cd436c-SegmentedRaftLogWorker:Storage Directory /workdir/hadoop-ozone/integration-test/target/test-dir/MiniOzoneClusterImpl-210d6028-2152-4683-81ff-347b0d29bb13/datanode-4/data/ratis/4c273e5c-6c92-4a5a-a97b-3a426b0eb8f6] ERROR segmented.SegmentedRaftLogWorker (SegmentedRaftLogWorker.java:run(323)) - 1190b9a7-12b1-4c15-b33e-f7d0a0cd436c-SegmentedRaftLogWorker:Storage Directory /workdir/hadoop-ozone/integration-test/target/test-dir/MiniOzoneClusterImpl-210d6028-2152-4683-81ff-347b0d29bb13/datanode-4/data/ratis/4c273e5c-6c92-4a5a-a97b-3a426b0eb8f6 hit exception
java.lang.OutOfMemoryError: Direct buffer memory
	at java.nio.Bits.reserveMemory(Bits.java:666)
	at java.nio.DirectByteBuffer.<init>(DirectByteBuffer.java:123)
	at java.nio.ByteBuffer.allocateDirect(ByteBuffer.java:311)
	at org.apache.ratis.server.raftlog.segmented.BufferedWriteChannel.<init>(BufferedWriteChannel.java:41)
	at org.apache.ratis.server.raftlog.segmented.SegmentedRaftLogOutputStream.<init>(SegmentedRaftLogOutputStream.java:72)
	at org.apache.ratis.server.raftlog.segmented.SegmentedRaftLogWorker$StartLogSegment.execute(SegmentedRaftLogWorker.java:566)
	at org.apache.ratis.server.raftlog.segmented.SegmentedRaftLogWorker.run(SegmentedRaftLogWorker.java:289)
	at java.lang.Thread.run(Thread.java:748)
2019-09-19 14:22:03,092 [6403e584-2209-453b-b79e-eeb0a7b58516-SegmentedRaftLogWorker:Storage Directory /workdir/hadoop-ozone/integration-test/target/test-dir/MiniOzoneClusterImpl-210d6028-2152-4683-81ff-347b0d29bb13/datanode-3/data/ratis/4a5c15d5-b75f-4c36-a226-8077d3fcdc3d] ERROR segmented.SegmentedRaftLogWorker (SegmentedRaftLogWorker.java:run(323)) - 6403e584-2209-453b-b79e-eeb0a7b58516-SegmentedRaftLogWorker:Storage Directory /workdir/hadoop-ozone/integration-test/target/test-dir/MiniOzoneClusterImpl-210d6028-2152-4683-81ff-347b0d29bb13/datanode-3/data/ratis/4a5c15d5-b75f-4c36-a226-8077d3fcdc3d hit exception
java.lang.OutOfMemoryError: Direct buffer memory
	at java.nio.Bits.reserveMemory(Bits.java:666)
	at java.nio.DirectByteBuffer.<init>(DirectByteBuffer.java:123)
	at java.nio.ByteBuffer.allocateDirect(ByteBuffer.java:311)
	at org.apache.ratis.server.raftlog.segmented.BufferedWriteChannel.<init>(BufferedWriteChannel.java:41)
	at org.apache.ratis.server.raftlog.segmented.SegmentedRaftLogOutputStream.<init>(SegmentedRaftLogOutputStream.java:72)
	at org.apache.ratis.server.raftlog.segmented.SegmentedRaftLogWorker$StartLogSegment.execute(SegmentedRaftLogWorker.java:566)
	at org.apache.ratis.server.raftlog.segmented.SegmentedRaftLogWorker.run(SegmentedRaftLogWorker.java:289)
	at java.lang.Thread.run(Thread.java:748)
2019-09-19 14:22:03,092 [306a7a99-f2a5-4f40-b42b-2fc2def08a6a-SegmentedRaftLogWorker:Storage Directory /workdir/hadoop-ozone/integration-test/target/test-dir/MiniOzoneClusterImpl-210d6028-2152-4683-81ff-347b0d29bb13/datanode-2/data/ratis/d4572f0c-b11d-4d24-9361-77668966ba62] ERROR segmented.SegmentedRaftLogWorker (SegmentedRaftLogWorker.java:run(323)) - 306a7a99-f2a5-4f40-b42b-2fc2def08a6a-SegmentedRaftLogWorker:Storage Directory /workdir/hadoop-ozone/integration-test/target/test-dir/MiniOzoneClusterImpl-210d6028-2152-4683-81ff-347b0d29bb13/datanode-2/data/ratis/d4572f0c-b11d-4d24-9361-77668966ba62 hit exception
java.lang.OutOfMemoryError: Direct buffer memory
	at java.nio.Bits.reserveMemory(Bits.java:666)
	at java.nio.DirectByteBuffer.<init>(DirectByteBuffer.java:123)
	at java.nio.ByteBuffer.allocateDirect(ByteBuffer.java:311)
	at org.apache.ratis.server.raftlog.segmented.BufferedWriteChannel.<init>(BufferedWriteChannel.java:41)
	at org.apache.ratis.server.raftlog.segmented.SegmentedRaftLogOutputStream.<init>(SegmentedRaftLogOutputStream.java:72)
	at org.apache.ratis.server.raftlog.segmented.SegmentedRaftLogWorker$StartLogSegment.execute(SegmentedRaftLogWorker.java:566)
	at org.apache.ratis.server.raftlog.segmented.SegmentedRaftLogWorker.run(SegmentedRaftLogWorker.java:289)
	at java.lang.Thread.run(Thread.java:748)
2019-09-19 14:22:03,372 [306a7a99-f2a5-4f40-b42b-2fc2def08a6a-SegmentedRaftLogWorker:Storage Directory /workdir/hadoop-ozone/integration-test/target/test-dir/MiniOzoneClusterImpl-210d6028-2152-4683-81ff-347b0d29bb13/datanode-2/data/ratis/d4572f0c-b11d-4d24-9361-77668966ba62] INFO  impl.RaftServerImpl (RaftServerImpl.java:lambda$shutdown$3(245)) - 306a7a99-f2a5-4f40-b42b-2fc2def08a6a: shutdown group-77668966BA62
2019-09-19 14:22:03,092 [5dfaa0ea-416a-422c-a75d-43311aceb00a-SegmentedRaftLogWorker:Storage Directory /workdir/hadoop-ozone/integration-test/target/test-dir/MiniOzoneClusterImpl-210d6028-2152-4683-81ff-347b0d29bb13/datanode-1/data/ratis/2d4b86b3-3a5b-45f3-bc8f-8ee30092736f] ERROR segmented.SegmentedRaftLogWorker (SegmentedRaftLogWorker.java:run(323)) - 5dfaa0ea-416a-422c-a75d-43311aceb00a-SegmentedRaftLogWorker:Storage Directory /workdir/hadoop-ozone/integration-test/target/test-dir/MiniOzoneClusterImpl-210d6028-2152-4683-81ff-347b0d29bb13/datanode-1/data/ratis/2d4b86b3-3a5b-45f3-bc8f-8ee30092736f hit exception
java.lang.OutOfMemoryError: Direct buffer memory
	at java.nio.Bits.reserveMemory(Bits.java:666)
	at java.nio.DirectByteBuffer.<init>(DirectByteBuffer.java:123)
	at java.nio.ByteBuffer.allocateDirect(ByteBuffer.java:311)
	at org.apache.ratis.server.raftlog.segmented.BufferedWriteChannel.<init>(BufferedWriteChannel.java:41)
	at org.apache.ratis.server.raftlog.segmented.SegmentedRaftLogOutputStream.<init>(SegmentedRaftLogOutputStream.java:72)
	at org.apache.ratis.server.raftlog.segmented.SegmentedRaftLogWorker$StartLogSegment.execute(SegmentedRaftLogWorker.java:566)
	at org.apache.ratis.server.raftlog.segmented.SegmentedRaftLogWorker.run(SegmentedRaftLogWorker.java:289)
	at java.lang.Thread.run(Thread.java:748)
2019-09-19 14:22:02,845 [306a7a99-f2a5-4f40-b42b-2fc2def08a6a:group-5EABEA0C3A9A:LeaderElection205] INFO  segmented.SegmentedRaftLogWorker (SegmentedRaftLogWorker.java:startLogSegment(380)) - 306a7a99-f2a5-4f40-b42b-2fc2def08a6a-SegmentedRaftLogWorker:Storage Directory /workdir/hadoop-ozone/integration-test/target/test-dir/MiniOzoneClusterImpl-210d6028-2152-4683-81ff-347b0d29bb13/datanode-2/data/ratis/0fe01f2e-5e07-4f1b-8ec4-5eabea0c3a9a: Starting segment from index:0
2019-09-19 14:22:02,845 [85c6a9f3-b9a5-43a5-ac4f-9aa7bd5f2263:group-1E959A581BC4:LeaderElection197] INFO  impl.RaftServerImpl (ServerState.java:setRaftConf(361)) - 85c6a9f3-b9a5-43a5-ac4f-9aa7bd5f2263:group-1E959A581BC4 set configuration 0: [85c6a9f3-b9a5-43a5-ac4f-9aa7bd5f2263:192.168.157.226:45170], old=null at 0
2019-09-19 14:22:02,845 [85c6a9f3-b9a5-43a5-ac4f-9aa7bd5f2263:group-C538689DB8CD:LeaderElection198] INFO  segmented.SegmentedRaftLogWorker (SegmentedRaftLogWorker.java:startLogSegment(380)) - 85c6a9f3-b9a5-43a5-ac4f-9aa7bd5f2263-SegmentedRaftLogWorker:Storage Directory /workdir/hadoop-ozone/integration-test/target/test-dir/MiniOzoneClusterImpl-210d6028-2152-4683-81ff-347b0d29bb13/datanode-0/data/ratis/bd4449dd-2c00-4c40-a48b-c538689db8cd: Starting segment from index:0
2019-09-19 14:22:03,373 [306a7a99-f2a5-4f40-b42b-2fc2def08a6a:group-5EABEA0C3A9A:LeaderElection205] INFO  impl.RaftServerImpl (ServerState.java:setRaftConf(361)) - 306a7a99-f2a5-4f40-b42b-2fc2def08a6a:group-5EABEA0C3A9A set configuration 0: [306a7a99-f2a5-4f40-b42b-2fc2def08a6a:192.168.157.226:42633], old=null at 0
2019-09-19 14:22:02,845 [6403e584-2209-453b-b79e-eeb0a7b58516-SegmentedRaftLogWorker:Storage Directory /workdir/hadoop-ozone/integration-test/target/test-dir/MiniOzoneClusterImpl-210d6028-2152-4683-81ff-347b0d29bb13/datanode-3/data/ratis/bde1a984-ed08-48bb-9716-09385c648829] INFO  segmented.SegmentedRaftLogWorker (SegmentedRaftLogWorker.java:close(228)) - 6403e584-2209-453b-b79e-eeb0a7b58516-SegmentedRaftLogWorker:Storage Directory /workdir/hadoop-ozone/integration-test/target/test-dir/MiniOzoneClusterImpl-210d6028-2152-4683-81ff-347b0d29bb13/datanode-3/data/ratis/bde1a984-ed08-48bb-9716-09385c648829 close()
2019-09-19 14:22:02,844 [6403e584-2209-453b-b79e-eeb0a7b58516:group-1F9E99136BC1:LeaderElection206] INFO  server.RaftServerConfigKeys (ConfUtils.java:logGet(43)) - raft.server.write.element-limit = 4096 (default)
2019-09-19 14:22:02,844 [85c6a9f3-b9a5-43a5-ac4f-9aa7bd5f2263:group-DFD37F1207A5:LeaderElection215] INFO  server.RaftServerConfigKeys (ConfUtils.java:logGet(43)) - raft.server.rpc.sleep.time = 25ms (default)
2019-09-19 14:22:03,833 | INFO  | SCMAudit | user=jenkins1000 | ip=192.168.157.226 | op=SEND_HEARTBEAT {datanodeUUID=306a7a99-f2a5-4f40-b42b-2fc2def08a6a, command=[]} | ret=SUCCESS |  
2019-09-19 14:22:02,844 [6403e584-2209-453b-b79e-eeb0a7b58516:group-2609E2E2A622:LeaderElection221] INFO  impl.LeaderElection (LeaderElection.java:logAndReturn(56)) - 6403e584-2209-453b-b79e-eeb0a7b58516:group-2609E2E2A622:LeaderElection221: Election REJECTED; received 2 response(s) [6403e584-2209-453b-b79e-eeb0a7b58516<-5dfaa0ea-416a-422c-a75d-43311aceb00a#0:FAIL-t1, 6403e584-2209-453b-b79e-eeb0a7b58516<-1190b9a7-12b1-4c15-b33e-f7d0a0cd436c#0:FAIL-t1] and 0 exception(s); 6403e584-2209-453b-b79e-eeb0a7b58516:t1, leader=null, voted=6403e584-2209-453b-b79e-eeb0a7b58516, raftlog=6403e584-2209-453b-b79e-eeb0a7b58516-SegmentedRaftLog:OPENED:c-1,f-1,i0, conf=-1: [5dfaa0ea-416a-422c-a75d-43311aceb00a:192.168.157.226:45629, 6403e584-2209-453b-b79e-eeb0a7b58516:192.168.157.226:35833, 1190b9a7-12b1-4c15-b33e-f7d0a0cd436c:192.168.157.226:34463], old=null
2019-09-19 14:22:02,844 [5dfaa0ea-416a-422c-a75d-43311aceb00a:group-2609E2E2A622:LeaderElection223] INFO  impl.LeaderElection (LeaderElection.java:logAndReturn(56)) - 5dfaa0ea-416a-422c-a75d-43311aceb00a:group-2609E2E2A622:LeaderElection223: Election REJECTED; received 2 response(s) [5dfaa0ea-416a-422c-a75d-43311aceb00a<-6403e584-2209-453b-b79e-eeb0a7b58516#0:FAIL-t1, 5dfaa0ea-416a-422c-a75d-43311aceb00a<-1190b9a7-12b1-4c15-b33e-f7d0a0cd436c#0:FAIL-t1] and 0 exception(s); 5dfaa0ea-416a-422c-a75d-43311aceb00a:t1, leader=null, voted=5dfaa0ea-416a-422c-a75d-43311aceb00a, raftlog=5dfaa0ea-416a-422c-a75d-43311aceb00a-SegmentedRaftLog:OPENED:c-1,f-1,i0, conf=-1: [5dfaa0ea-416a-422c-a75d-43311aceb00a:192.168.157.226:45629, 6403e584-2209-453b-b79e-eeb0a7b58516:192.168.157.226:35833, 1190b9a7-12b1-4c15-b33e-f7d0a0cd436c:192.168.157.226:34463], old=null
2019-09-19 14:22:02,844 [85c6a9f3-b9a5-43a5-ac4f-9aa7bd5f2263-SegmentedRaftLogWorker:Storage Directory /workdir/hadoop-ozone/integration-test/target/test-dir/MiniOzoneClusterImpl-210d6028-2152-4683-81ff-347b0d29bb13/datanode-0/data/ratis/820d4892-99a1-43ee-956b-f720ba2b578e] INFO  impl.StateMachineUpdater (StateMachineUpdater.java:stopAndJoin(115)) - StateMachineUpdater:85c6a9f3-b9a5-43a5-ac4f-9aa7bd5f2263:group-F720BA2B578E: set stopIndex = -1
2019-09-19 14:22:02,844 [6403e584-2209-453b-b79e-eeb0a7b58516-SegmentedRaftLogWorker:Storage Directory /workdir/hadoop-ozone/integration-test/target/test-dir/MiniOzoneClusterImpl-210d6028-2152-4683-81ff-347b0d29bb13/datanode-3/data/ratis/b1a9101b-e28e-4227-a49c-8e3f95f61c0c] INFO  impl.PendingRequests (PendingRequests.java:sendNotLeaderResponses(202)) - 6403e584-2209-453b-b79e-eeb0a7b58516-PendingRequests: sendNotLeaderResponses
2019-09-19 14:22:02,844 [6403e584-2209-453b-b79e-eeb0a7b58516-SegmentedRaftLogWorker:Storage Directory /workdir/hadoop-ozone/integration-test/target/test-dir/MiniOzoneClusterImpl-210d6028-2152-4683-81ff-347b0d29bb13/datanode-3/data/ratis/5585f7d3-4d4a-466f-8783-8cfe3af44fff] INFO  segmented.SegmentedRaftLogWorker (SegmentedRaftLogWorker.java:close(228)) - 6403e584-2209-453b-b79e-eeb0a7b58516-SegmentedRaftLogWorker:Storage Directory /workdir/hadoop-ozone/integration-test/target/test-dir/MiniOzoneClusterImpl-210d6028-2152-4683-81ff-347b0d29bb13/datanode-3/data/ratis/5585f7d3-4d4a-466f-8783-8cfe3af44fff close()
2019-09-19 14:22:02,843 [5dfaa0ea-416a-422c-a75d-43311aceb00a-SegmentedRaftLogWorker:Storage Directory /workdir/hadoop-ozone/integration-test/target/test-dir/MiniOzoneClusterImpl-210d6028-2152-4683-81ff-347b0d29bb13/datanode-1/data/ratis/574d4bd5-bfdd-4088-bd5e-d83635899549] INFO  segmented.SegmentedRaftLogWorker (SegmentedRaftLogWorker.java:close(228)) - 5dfaa0ea-416a-422c-a75d-43311aceb00a-SegmentedRaftLogWorker:Storage Directory /workdir/hadoop-ozone/integration-test/target/test-dir/MiniOzoneClusterImpl-210d6028-2152-4683-81ff-347b0d29bb13/datanode-1/data/ratis/574d4bd5-bfdd-4088-bd5e-d83635899549 close()
2019-09-19 14:22:02,843 [306a7a99-f2a5-4f40-b42b-2fc2def08a6a-SegmentedRaftLogWorker:Storage Directory /workdir/hadoop-ozone/integration-test/target/test-dir/MiniOzoneClusterImpl-210d6028-2152-4683-81ff-347b0d29bb13/datanode-2/data/ratis/a0f230a9-2c48-4665-8534-a8dd95df660c] INFO  impl.StateMachineUpdater (StateMachineUpdater.java:stopAndJoin(115)) - StateMachineUpdater:306a7a99-f2a5-4f40-b42b-2fc2def08a6a:group-A8DD95DF660C: set stopIndex = -1
2019-09-19 14:22:03,834 [6403e584-2209-453b-b79e-eeb0a7b58516-SegmentedRaftLogWorker:Storage Directory /workdir/hadoop-ozone/integration-test/target/test-dir/MiniOzoneClusterImpl-210d6028-2152-4683-81ff-347b0d29bb13/datanode-3/data/ratis/b1a9101b-e28e-4227-a49c-8e3f95f61c0c] INFO  impl.StateMachineUpdater (StateMachineUpdater.java:stopAndJoin(115)) - StateMachineUpdater:6403e584-2209-453b-b79e-eeb0a7b58516:group-8E3F95F61C0C: set stopIndex = -1
2019-09-19 14:22:03,834 [85c6a9f3-b9a5-43a5-ac4f-9aa7bd5f2263-SegmentedRaftLogWorker:Storage Directory /workdir/hadoop-ozone/integration-test/target/test-dir/MiniOzoneClusterImpl-210d6028-2152-4683-81ff-347b0d29bb13/datanode-0/data/ratis/820d4892-99a1-43ee-956b-f720ba2b578e] INFO  impl.RaftServerImpl (ServerState.java:close(394)) - 85c6a9f3-b9a5-43a5-ac4f-9aa7bd5f2263:group-F720BA2B578E closes. The last applied log index is -1
2019-09-19 14:22:03,834 [5dfaa0ea-416a-422c-a75d-43311aceb00a:group-2609E2E2A622:LeaderElection223] INFO  impl.RaftServerImpl (RaftServerImpl.java:setRole(171)) - 5dfaa0ea-416a-422c-a75d-43311aceb00a:group-2609E2E2A622 changes role from CANDIDATE to FOLLOWER at term 1 for DISCOVERED_A_NEW_TERM
2019-09-19 14:22:03,834 [6403e584-2209-453b-b79e-eeb0a7b58516:group-2609E2E2A622:LeaderElection221] INFO  impl.RaftServerImpl (RaftServerImpl.java:setRole(171)) - 6403e584-2209-453b-b79e-eeb0a7b58516:group-2609E2E2A622 changes role from CANDIDATE to FOLLOWER at term 1 for DISCOVERED_A_NEW_TERM
2019-09-19 14:22:03,834 [85c6a9f3-b9a5-43a5-ac4f-9aa7bd5f2263:group-DFD37F1207A5:LeaderElection215] INFO  server.RaftServerConfigKeys (ConfUtils.java:logGet(43)) - raft.server.write.element-limit = 4096 (default)
2019-09-19 14:22:03,833 [6403e584-2209-453b-b79e-eeb0a7b58516:group-1F9E99136BC1:LeaderElection206] INFO  server.RaftServerConfigKeys (ConfUtils.java:logGet(43)) - raft.server.watch.timeout = 10s (default)
2019-09-19 14:22:03,833 [85c6a9f3-b9a5-43a5-ac4f-9aa7bd5f2263:group-C538689DB8CD:LeaderElection198] INFO  impl.RaftServerImpl (ServerState.java:setRaftConf(361)) - 85c6a9f3-b9a5-43a5-ac4f-9aa7bd5f2263:group-C538689DB8CD set configuration 0: [85c6a9f3-b9a5-43a5-ac4f-9aa7bd5f2263:192.168.157.226:45170], old=null at 0
2019-09-19 14:22:03,611 [pool-60-thread-1] INFO  storage.RaftStorageDirectory (RaftStorageDirectory.java:tryLock(328)) - Lock on /workdir/hadoop-ozone/integration-test/target/test-dir/MiniOzoneClusterImpl-210d6028-2152-4683-81ff-347b0d29bb13/datanode-3/data/ratis/739c26d7-9512-47d5-be3e-85125247f34e/in_use.lock acquired by nodename 16198@pr-hdds-1569-swxfz-3172132826
2019-09-19 14:22:03,373 [5dfaa0ea-416a-422c-a75d-43311aceb00a-SegmentedRaftLogWorker:Storage Directory /workdir/hadoop-ozone/integration-test/target/test-dir/MiniOzoneClusterImpl-210d6028-2152-4683-81ff-347b0d29bb13/datanode-1/data/ratis/2d4b86b3-3a5b-45f3-bc8f-8ee30092736f] INFO  impl.RaftServerImpl (RaftServerImpl.java:lambda$shutdown$3(245)) - 5dfaa0ea-416a-422c-a75d-43311aceb00a: shutdown group-8EE30092736F
2019-09-19 14:22:03,372 [306a7a99-f2a5-4f40-b42b-2fc2def08a6a-SegmentedRaftLogWorker:Storage Directory /workdir/hadoop-ozone/integration-test/target/test-dir/MiniOzoneClusterImpl-210d6028-2152-4683-81ff-347b0d29bb13/datanode-2/data/ratis/d4572f0c-b11d-4d24-9361-77668966ba62] INFO  util.JmxRegister (JmxRegister.java:unregister(73)) - Successfully un-registered JMX Bean with object name Ratis:service=RaftServer,group=group-77668966BA62,id=306a7a99-f2a5-4f40-b42b-2fc2def08a6a
2019-09-19 14:22:03,836 [306a7a99-f2a5-4f40-b42b-2fc2def08a6a-SegmentedRaftLogWorker:Storage Directory /workdir/hadoop-ozone/integration-test/target/test-dir/MiniOzoneClusterImpl-210d6028-2152-4683-81ff-347b0d29bb13/datanode-2/data/ratis/d4572f0c-b11d-4d24-9361-77668966ba62] INFO  impl.RoleInfo (RoleInfo.java:shutdownLeaderState(104)) - 306a7a99-f2a5-4f40-b42b-2fc2def08a6a: shutdown LeaderState
2019-09-19 14:22:03,372 [6403e584-2209-453b-b79e-eeb0a7b58516-SegmentedRaftLogWorker:Storage Directory /workdir/hadoop-ozone/integration-test/target/test-dir/MiniOzoneClusterImpl-210d6028-2152-4683-81ff-347b0d29bb13/datanode-3/data/ratis/4a5c15d5-b75f-4c36-a226-8077d3fcdc3d] INFO  impl.RaftServerImpl (RaftServerImpl.java:lambda$shutdown$3(245)) - 6403e584-2209-453b-b79e-eeb0a7b58516: shutdown group-8077D3FCDC3D
2019-09-19 14:22:03,372 [1190b9a7-12b1-4c15-b33e-f7d0a0cd436c-SegmentedRaftLogWorker:Storage Directory /workdir/hadoop-ozone/integration-test/target/test-dir/MiniOzoneClusterImpl-210d6028-2152-4683-81ff-347b0d29bb13/datanode-4/data/ratis/4c273e5c-6c92-4a5a-a97b-3a426b0eb8f6] INFO  impl.RaftServerImpl (RaftServerImpl.java:lambda$shutdown$3(245)) - 1190b9a7-12b1-4c15-b33e-f7d0a0cd436c: shutdown group-3A426B0EB8F6
2019-09-19 14:22:03,371 [306a7a99-f2a5-4f40-b42b-2fc2def08a6a-SegmentedRaftLogWorker:Storage Directory /workdir/hadoop-ozone/integration-test/target/test-dir/MiniOzoneClusterImpl-210d6028-2152-4683-81ff-347b0d29bb13/datanode-2/data/ratis/60632a06-603e-4bed-a2f5-ba6b5495b088] INFO  util.JmxRegister (JmxRegister.java:unregister(73)) - Successfully un-registered JMX Bean with object name Ratis:service=RaftServer,group=group-BA6B5495B088,id=306a7a99-f2a5-4f40-b42b-2fc2def08a6a
2019-09-19 14:22:03,371 [306a7a99-f2a5-4f40-b42b-2fc2def08a6a:group-7FF1FB5A7764:LeaderElection200] INFO  segmented.SegmentedRaftLogWorker (SegmentedRaftLogWorker.java:startLogSegment(380)) - 306a7a99-f2a5-4f40-b42b-2fc2def08a6a-SegmentedRaftLogWorker:Storage Directory /workdir/hadoop-ozone/integration-test/target/test-dir/MiniOzoneClusterImpl-210d6028-2152-4683-81ff-347b0d29bb13/datanode-2/data/ratis/bc099331-ccc8-4daa-a1f0-7ff1fb5a7764: Starting segment from index:0
2019-09-19 14:22:03,371 [pool-49-thread-1] INFO  storage.RaftStorageDirectory (RaftStorageDirectory.java:tryLock(328)) - Lock on /workdir/hadoop-ozone/integration-test/target/test-dir/MiniOzoneClusterImpl-210d6028-2152-4683-81ff-347b0d29bb13/datanode-2/data/ratis/739c26d7-9512-47d5-be3e-85125247f34e/in_use.lock acquired by nodename 16198@pr-hdds-1569-swxfz-3172132826
2019-09-19 14:22:03,370 [306a7a99-f2a5-4f40-b42b-2fc2def08a6a-SegmentedRaftLogWorker:Storage Directory /workdir/hadoop-ozone/integration-test/target/test-dir/MiniOzoneClusterImpl-210d6028-2152-4683-81ff-347b0d29bb13/datanode-2/data/ratis/bf2492a6-ee34-49ed-b93a-4dcb50bb2008] ERROR segmented.SegmentedRaftLogWorker (SegmentedRaftLogWorker.java:run(323)) - 306a7a99-f2a5-4f40-b42b-2fc2def08a6a-SegmentedRaftLogWorker:Storage Directory /workdir/hadoop-ozone/integration-test/target/test-dir/MiniOzoneClusterImpl-210d6028-2152-4683-81ff-347b0d29bb13/datanode-2/data/ratis/bf2492a6-ee34-49ed-b93a-4dcb50bb2008 hit exception
java.lang.OutOfMemoryError: Direct buffer memory
	at java.nio.Bits.reserveMemory(Bits.java:666)
	at java.nio.DirectByteBuffer.<init>(DirectByteBuffer.java:123)
	at java.nio.ByteBuffer.allocateDirect(ByteBuffer.java:311)
	at org.apache.ratis.server.raftlog.segmented.BufferedWriteChannel.<init>(BufferedWriteChannel.java:41)
	at org.apache.ratis.server.raftlog.segmented.SegmentedRaftLogOutputStream.<init>(SegmentedRaftLogOutputStream.java:72)
	at org.apache.ratis.server.raftlog.segmented.SegmentedRaftLogWorker$StartLogSegment.execute(SegmentedRaftLogWorker.java:566)
	at org.apache.ratis.server.raftlog.segmented.SegmentedRaftLogWorker.run(SegmentedRaftLogWorker.java:289)
	at java.lang.Thread.run(Thread.java:748)
2019-09-19 14:22:03,105 [6403e584-2209-453b-b79e-eeb0a7b58516:group-5F7B930D9B26:LeaderElection204] INFO  impl.RaftServerImpl (ServerState.java:setRaftConf(361)) - 6403e584-2209-453b-b79e-eeb0a7b58516:group-5F7B930D9B26 set configuration 0: [6403e584-2209-453b-b79e-eeb0a7b58516:192.168.157.226:35833], old=null at 0
2019-09-19 14:22:03,104 [6403e584-2209-453b-b79e-eeb0a7b58516-SegmentedRaftLogWorker:Storage Directory /workdir/hadoop-ozone/integration-test/target/test-dir/MiniOzoneClusterImpl-210d6028-2152-4683-81ff-347b0d29bb13/datanode-3/data/ratis/200db9d8-d411-4cf2-bc7c-29a035cb2198] INFO  impl.PendingRequests (PendingRequests.java:sendNotLeaderResponses(202)) - 6403e584-2209-453b-b79e-eeb0a7b58516-PendingRequests: sendNotLeaderResponses
2019-09-19 14:22:03,104 [85c6a9f3-b9a5-43a5-ac4f-9aa7bd5f2263:group-CD6B5254D037:LeaderElection222] INFO  impl.RaftServerImpl (ServerState.java:setLeader(263)) - 85c6a9f3-b9a5-43a5-ac4f-9aa7bd5f2263:group-CD6B5254D037 change Leader from null to 85c6a9f3-b9a5-43a5-ac4f-9aa7bd5f2263 at term 1 for becomeLeader, leader elected after 20338ms
2019-09-19 14:22:03,104 [6403e584-2209-453b-b79e-eeb0a7b58516-SegmentedRaftLogWorker:Storage Directory /workdir/hadoop-ozone/integration-test/target/test-dir/MiniOzoneClusterImpl-210d6028-2152-4683-81ff-347b0d29bb13/datanode-3/data/ratis/1c2eeda1-b507-4408-bb02-5908dd2eabea] INFO  segmented.SegmentedRaftLogWorker (SegmentedRaftLogWorker.java:close(228)) - 6403e584-2209-453b-b79e-eeb0a7b58516-SegmentedRaftLogWorker:Storage Directory /workdir/hadoop-ozone/integration-test/target/test-dir/MiniOzoneClusterImpl-210d6028-2152-4683-81ff-347b0d29bb13/datanode-3/data/ratis/1c2eeda1-b507-4408-bb02-5908dd2eabea close()
2019-09-19 14:22:03,104 [6403e584-2209-453b-b79e-eeb0a7b58516-SegmentedRaftLogWorker:Storage Directory /workdir/hadoop-ozone/integration-test/target/test-dir/MiniOzoneClusterImpl-210d6028-2152-4683-81ff-347b0d29bb13/datanode-3/data/ratis/7b21afb8-f5ee-4673-90d5-9d2959e62da3] INFO  segmented.SegmentedRaftLogWorker (SegmentedRaftLogWorker.java:close(228)) - 6403e584-2209-453b-b79e-eeb0a7b58516-SegmentedRaftLogWorker:Storage Directory /workdir/hadoop-ozone/integration-test/target/test-dir/MiniOzoneClusterImpl-210d6028-2152-4683-81ff-347b0d29bb13/datanode-3/data/ratis/7b21afb8-f5ee-4673-90d5-9d2959e62da3 close()
2019-09-19 14:22:03,103 [306a7a99-f2a5-4f40-b42b-2fc2def08a6a-SegmentedRaftLogWorker:Storage Directory /workdir/hadoop-ozone/integration-test/target/test-dir/MiniOzoneClusterImpl-210d6028-2152-4683-81ff-347b0d29bb13/datanode-2/data/ratis/e21d9e0f-eec2-4a25-919d-ae1e2b007a31] INFO  impl.RaftServerImpl (ServerState.java:close(394)) - 306a7a99-f2a5-4f40-b42b-2fc2def08a6a:group-AE1E2B007A31 closes. The last applied log index is -1
2019-09-19 14:22:03,851 | INFO  | SCMAudit | user=jenkins1000 | ip=192.168.157.226 | op=SEND_HEARTBEAT {datanodeUUID=6403e584-2209-453b-b79e-eeb0a7b58516, command=[]} | ret=SUCCESS |  
2019-09-19 14:22:03,103 [pool-27-thread-1] INFO  server.RaftServerConfigKeys (ConfUtils.java:logGet(43)) - raft.server.log.segment.size.max = 1048576 (custom)
2019-09-19 14:22:03,103 [6403e584-2209-453b-b79e-eeb0a7b58516-SegmentedRaftLogWorker:Storage Directory /workdir/hadoop-ozone/integration-test/target/test-dir/MiniOzoneClusterImpl-210d6028-2152-4683-81ff-347b0d29bb13/datanode-3/data/ratis/87129e6c-351b-40c3-ac12-bae80f1788ed] INFO  util.JmxRegister (JmxRegister.java:unregister(73)) - Successfully un-registered JMX Bean with object name Ratis:service=RaftServer,group=group-BAE80F1788ED,id=6403e584-2209-453b-b79e-eeb0a7b58516
2019-09-19 14:22:03,851 [6403e584-2209-453b-b79e-eeb0a7b58516-SegmentedRaftLogWorker:Storage Directory /workdir/hadoop-ozone/integration-test/target/test-dir/MiniOzoneClusterImpl-210d6028-2152-4683-81ff-347b0d29bb13/datanode-3/data/ratis/87129e6c-351b-40c3-ac12-bae80f1788ed] INFO  impl.RoleInfo (RoleInfo.java:shutdownLeaderState(104)) - 6403e584-2209-453b-b79e-eeb0a7b58516: shutdown LeaderState
2019-09-19 14:22:03,102 [6403e584-2209-453b-b79e-eeb0a7b58516:group-43FD3CF4C782:LeaderElection207] INFO  server.RaftServerConfigKeys (ConfUtils.java:logGet(43)) - raft.server.staging.catchup.gap = 1000 (default)
2019-09-19 14:22:03,102 [431517c4-8c09-4790-b37b-2e132c8143ad:group-F80C7D5A709A:LeaderElection210] INFO  server.RaftServerConfigKeys (ConfUtils.java:logGet(43)) - raft.server.write.element-limit = 4096 (default)
2019-09-19 14:22:03,102 [6403e584-2209-453b-b79e-eeb0a7b58516:group-30BC58179734:LeaderElection211] INFO  server.RaftServerConfigKeys (ConfUtils.java:logGet(43)) - raft.server.rpc.sleep.time = 25ms (default)
2019-09-19 14:22:03,102 [5dfaa0ea-416a-422c-a75d-43311aceb00a:group-86D4C63C40C2:LeaderElection216] INFO  server.RaftServerConfigKeys (ConfUtils.java:logGet(43)) - raft.server.write.element-limit = 4096 (default)
2019-09-19 14:22:03,101 [1190b9a7-12b1-4c15-b33e-f7d0a0cd436c:group-2609E2E2A622:LeaderElection208] INFO  impl.RoleInfo (RoleInfo.java:shutdownLeaderElection(134)) - 1190b9a7-12b1-4c15-b33e-f7d0a0cd436c: shutdown LeaderElection
2019-09-19 14:22:03,852 [1190b9a7-12b1-4c15-b33e-f7d0a0cd436c:group-2609E2E2A622:LeaderElection208] INFO  impl.RoleInfo (RoleInfo.java:updateAndGet(143)) - 1190b9a7-12b1-4c15-b33e-f7d0a0cd436c: start FollowerState
2019-09-19 14:22:03,101 [6403e584-2209-453b-b79e-eeb0a7b58516:group-DA1F723C087E:LeaderElection212] INFO  server.RaftServerConfigKeys (ConfUtils.java:logGet(43)) - raft.server.staging.catchup.gap = 1000 (default)
2019-09-19 14:22:03,101 [5dfaa0ea-416a-422c-a75d-43311aceb00a:group-1DACA9507B83:LeaderElection217] INFO  server.RaftServerConfigKeys (ConfUtils.java:logGet(43)) - raft.server.rpc.sleep.time = 25ms (default)
2019-09-19 14:22:03,101 [6403e584-2209-453b-b79e-eeb0a7b58516:group-9C7F6C0F9370:LeaderElection213] INFO  server.RaftServerConfigKeys (ConfUtils.java:logGet(43)) - raft.server.staging.catchup.gap = 1000 (default)
2019-09-19 14:22:03,101 [6403e584-2209-453b-b79e-eeb0a7b58516:group-A0DEC22EACB4:LeaderElection209] INFO  server.RaftServerConfigKeys (ConfUtils.java:logGet(43)) - raft.server.rpc.sleep.time = 25ms (default)
2019-09-19 14:22:03,101 [6403e584-2209-453b-b79e-eeb0a7b58516:group-4E79EB7F747B:LeaderElection219] INFO  server.RaftServerConfigKeys (ConfUtils.java:logGet(43)) - raft.server.write.element-limit = 4096 (default)
2019-09-19 14:22:03,100 [5dfaa0ea-416a-422c-a75d-43311aceb00a:group-AE221AF6329E:LeaderElection220] INFO  server.RaftServerConfigKeys (ConfUtils.java:logGet(43)) - raft.server.rpc.sleep.time = 25ms (default)
2019-09-19 14:22:03,100 [306a7a99-f2a5-4f40-b42b-2fc2def08a6a:group-60147ED89FF9:LeaderElection218] INFO  server.RaftServerConfigKeys (ConfUtils.java:logGet(43)) - raft.server.write.element-limit = 4096 (default)
2019-09-19 14:22:03,100 [306a7a99-f2a5-4f40-b42b-2fc2def08a6a-SegmentedRaftLogWorker:Storage Directory /workdir/hadoop-ozone/integration-test/target/test-dir/MiniOzoneClusterImpl-210d6028-2152-4683-81ff-347b0d29bb13/datanode-2/data/ratis/03ecd4b0-83ee-4e9e-994d-01e49d2caf0c] INFO  impl.StateMachineUpdater (StateMachineUpdater.java:stopAndJoin(115)) - StateMachineUpdater:306a7a99-f2a5-4f40-b42b-2fc2def08a6a:group-01E49D2CAF0C: set stopIndex = -1
2019-09-19 14:22:03,100 [5dfaa0ea-416a-422c-a75d-43311aceb00a:group-E527839BF39B:LeaderElection214] INFO  server.RaftServerConfigKeys (ConfUtils.java:logGet(43)) - raft.server.rpc.sleep.time = 25ms (default)
2019-09-19 14:22:03,100 [5dfaa0ea-416a-422c-a75d-43311aceb00a-SegmentedRaftLogWorker:Storage Directory /workdir/hadoop-ozone/integration-test/target/test-dir/MiniOzoneClusterImpl-210d6028-2152-4683-81ff-347b0d29bb13/datanode-1/data/ratis/b6642c7c-3bc4-4e44-9ba5-b95d7947d5ca] INFO  impl.StateMachineUpdater (StateMachineUpdater.java:stopAndJoin(115)) - StateMachineUpdater:5dfaa0ea-416a-422c-a75d-43311aceb00a:group-B95D7947D5CA: set stopIndex = -1
2019-09-19 14:22:03,854 [5dfaa0ea-416a-422c-a75d-43311aceb00a-SegmentedRaftLogWorker:Storage Directory /workdir/hadoop-ozone/integration-test/target/test-dir/MiniOzoneClusterImpl-210d6028-2152-4683-81ff-347b0d29bb13/datanode-1/data/ratis/b6642c7c-3bc4-4e44-9ba5-b95d7947d5ca] INFO  impl.RaftServerImpl (ServerState.java:close(394)) - 5dfaa0ea-416a-422c-a75d-43311aceb00a:group-B95D7947D5CA closes. The last applied log index is -1
2019-09-19 14:22:03,100 [5dfaa0ea-416a-422c-a75d-43311aceb00a-SegmentedRaftLogWorker:Storage Directory /workdir/hadoop-ozone/integration-test/target/test-dir/MiniOzoneClusterImpl-210d6028-2152-4683-81ff-347b0d29bb13/datanode-1/data/ratis/d9644a14-b63e-4f6b-b25a-2d13f68c8b1a] INFO  impl.PendingRequests (PendingRequests.java:sendNotLeaderResponses(202)) - 5dfaa0ea-416a-422c-a75d-43311aceb00a-PendingRequests: sendNotLeaderResponses
2019-09-19 14:22:03,854 [5dfaa0ea-416a-422c-a75d-43311aceb00a-SegmentedRaftLogWorker:Storage Directory /workdir/hadoop-ozone/integration-test/target/test-dir/MiniOzoneClusterImpl-210d6028-2152-4683-81ff-347b0d29bb13/datanode-1/data/ratis/b6642c7c-3bc4-4e44-9ba5-b95d7947d5ca] INFO  segmented.SegmentedRaftLogWorker (SegmentedRaftLogWorker.java:close(228)) - 5dfaa0ea-416a-422c-a75d-43311aceb00a-SegmentedRaftLogWorker:Storage Directory /workdir/hadoop-ozone/integration-test/target/test-dir/MiniOzoneClusterImpl-210d6028-2152-4683-81ff-347b0d29bb13/datanode-1/data/ratis/b6642c7c-3bc4-4e44-9ba5-b95d7947d5ca close()
2019-09-19 14:22:03,854 [5dfaa0ea-416a-422c-a75d-43311aceb00a:group-E527839BF39B:LeaderElection214] INFO  server.RaftServerConfigKeys (ConfUtils.java:logGet(43)) - raft.server.write.element-limit = 4096 (default)
2019-09-19 14:22:03,855 [5dfaa0ea-416a-422c-a75d-43311aceb00a:group-E527839BF39B:LeaderElection214] INFO  server.RaftServerConfigKeys (ConfUtils.java:logGet(43)) - raft.server.watch.timeout = 10s (default)
2019-09-19 14:22:03,854 [306a7a99-f2a5-4f40-b42b-2fc2def08a6a-SegmentedRaftLogWorker:Storage Directory /workdir/hadoop-ozone/integration-test/target/test-dir/MiniOzoneClusterImpl-210d6028-2152-4683-81ff-347b0d29bb13/datanode-2/data/ratis/03ecd4b0-83ee-4e9e-994d-01e49d2caf0c] INFO  impl.RaftServerImpl (ServerState.java:close(394)) - 306a7a99-f2a5-4f40-b42b-2fc2def08a6a:group-01E49D2CAF0C closes. The last applied log index is -1
2019-09-19 14:22:03,854 [306a7a99-f2a5-4f40-b42b-2fc2def08a6a:group-60147ED89FF9:LeaderElection218] INFO  server.RaftServerConfigKeys (ConfUtils.java:logGet(43)) - raft.server.watch.timeout = 10s (default)
2019-09-19 14:22:03,854 [5dfaa0ea-416a-422c-a75d-43311aceb00a:group-AE221AF6329E:LeaderElection220] INFO  server.RaftServerConfigKeys (ConfUtils.java:logGet(43)) - raft.server.write.element-limit = 4096 (default)
2019-09-19 14:22:03,853 [6403e584-2209-453b-b79e-eeb0a7b58516:group-4E79EB7F747B:LeaderElection219] INFO  server.RaftServerConfigKeys (ConfUtils.java:logGet(43)) - raft.server.watch.timeout = 10s (default)
2019-09-19 14:22:03,853 [6403e584-2209-453b-b79e-eeb0a7b58516:group-A0DEC22EACB4:LeaderElection209] INFO  server.RaftServerConfigKeys (ConfUtils.java:logGet(43)) - raft.server.write.element-limit = 4096 (default)
2019-09-19 14:22:03,853 [6403e584-2209-453b-b79e-eeb0a7b58516:group-9C7F6C0F9370:LeaderElection213] INFO  server.RaftServerConfigKeys (ConfUtils.java:logGet(43)) - raft.server.rpc.sleep.time = 25ms (default)
2019-09-19 14:22:03,853 [5dfaa0ea-416a-422c-a75d-43311aceb00a:group-1DACA9507B83:LeaderElection217] INFO  server.RaftServerConfigKeys (ConfUtils.java:logGet(43)) - raft.server.write.element-limit = 4096 (default)
2019-09-19 14:22:03,853 [6403e584-2209-453b-b79e-eeb0a7b58516:group-DA1F723C087E:LeaderElection212] INFO  server.RaftServerConfigKeys (ConfUtils.java:logGet(43)) - raft.server.rpc.sleep.time = 25ms (default)
2019-09-19 14:22:03,856 [6403e584-2209-453b-b79e-eeb0a7b58516:group-DA1F723C087E:LeaderElection212] INFO  server.RaftServerConfigKeys (ConfUtils.java:logGet(43)) - raft.server.write.element-limit = 4096 (default)
2019-09-19 14:22:03,852 [5dfaa0ea-416a-422c-a75d-43311aceb00a:group-86D4C63C40C2:LeaderElection216] INFO  server.RaftServerConfigKeys (ConfUtils.java:logGet(43)) - raft.server.watch.timeout = 10s (default)
2019-09-19 14:22:03,852 [6403e584-2209-453b-b79e-eeb0a7b58516:group-30BC58179734:LeaderElection211] INFO  server.RaftServerConfigKeys (ConfUtils.java:logGet(43)) - raft.server.write.element-limit = 4096 (default)
2019-09-19 14:22:03,852 [431517c4-8c09-4790-b37b-2e132c8143ad:group-F80C7D5A709A:LeaderElection210] INFO  server.RaftServerConfigKeys (ConfUtils.java:logGet(43)) - raft.server.watch.timeout = 10s (default)
2019-09-19 14:22:03,852 [6403e584-2209-453b-b79e-eeb0a7b58516:group-43FD3CF4C782:LeaderElection207] INFO  server.RaftServerConfigKeys (ConfUtils.java:logGet(43)) - raft.server.rpc.sleep.time = 25ms (default)
2019-09-19 14:22:03,852 [6403e584-2209-453b-b79e-eeb0a7b58516-SegmentedRaftLogWorker:Storage Directory /workdir/hadoop-ozone/integration-test/target/test-dir/MiniOzoneClusterImpl-210d6028-2152-4683-81ff-347b0d29bb13/datanode-3/data/ratis/87129e6c-351b-40c3-ac12-bae80f1788ed] INFO  impl.PendingRequests (PendingRequests.java:sendNotLeaderResponses(202)) - 6403e584-2209-453b-b79e-eeb0a7b58516-PendingRequests: sendNotLeaderResponses
2019-09-19 14:22:03,851 [pool-27-thread-1] INFO  server.RaftServerConfigKeys (ConfUtils.java:logGet(43)) - raft.server.log.preallocated.size = 16384 (custom)
2019-09-19 14:22:03,851 [306a7a99-f2a5-4f40-b42b-2fc2def08a6a-SegmentedRaftLogWorker:Storage Directory /workdir/hadoop-ozone/integration-test/target/test-dir/MiniOzoneClusterImpl-210d6028-2152-4683-81ff-347b0d29bb13/datanode-2/data/ratis/e21d9e0f-eec2-4a25-919d-ae1e2b007a31] INFO  segmented.SegmentedRaftLogWorker (SegmentedRaftLogWorker.java:close(228)) - 306a7a99-f2a5-4f40-b42b-2fc2def08a6a-SegmentedRaftLogWorker:Storage Directory /workdir/hadoop-ozone/integration-test/target/test-dir/MiniOzoneClusterImpl-210d6028-2152-4683-81ff-347b0d29bb13/datanode-2/data/ratis/e21d9e0f-eec2-4a25-919d-ae1e2b007a31 close()
2019-09-19 14:22:03,851 [85c6a9f3-b9a5-43a5-ac4f-9aa7bd5f2263:group-CD6B5254D037:LeaderElection222] INFO  server.RaftServerConfigKeys (ConfUtils.java:logGet(43)) - raft.server.staging.catchup.gap = 1000 (default)
2019-09-19 14:22:03,851 [6403e584-2209-453b-b79e-eeb0a7b58516-SegmentedRaftLogWorker:Storage Directory /workdir/hadoop-ozone/integration-test/target/test-dir/MiniOzoneClusterImpl-210d6028-2152-4683-81ff-347b0d29bb13/datanode-3/data/ratis/200db9d8-d411-4cf2-bc7c-29a035cb2198] INFO  impl.StateMachineUpdater (StateMachineUpdater.java:stopAndJoin(115)) - StateMachineUpdater:6403e584-2209-453b-b79e-eeb0a7b58516:group-29A035CB2198: set stopIndex = -1
2019-09-19 14:22:03,857 [6403e584-2209-453b-b79e-eeb0a7b58516-SegmentedRaftLogWorker:Storage Directory /workdir/hadoop-ozone/integration-test/target/test-dir/MiniOzoneClusterImpl-210d6028-2152-4683-81ff-347b0d29bb13/datanode-3/data/ratis/200db9d8-d411-4cf2-bc7c-29a035cb2198] INFO  impl.RaftServerImpl (ServerState.java:close(394)) - 6403e584-2209-453b-b79e-eeb0a7b58516:group-29A035CB2198 closes. The last applied log index is -1
2019-09-19 14:22:03,850 [306a7a99-f2a5-4f40-b42b-2fc2def08a6a-SegmentedRaftLogWorker:Storage Directory /workdir/hadoop-ozone/integration-test/target/test-dir/MiniOzoneClusterImpl-210d6028-2152-4683-81ff-347b0d29bb13/datanode-2/data/ratis/bf2492a6-ee34-49ed-b93a-4dcb50bb2008] INFO  impl.RaftServerImpl (RaftServerImpl.java:lambda$shutdown$3(245)) - 306a7a99-f2a5-4f40-b42b-2fc2def08a6a: shutdown group-4DCB50BB2008
2019-09-19 14:22:03,857 [6403e584-2209-453b-b79e-eeb0a7b58516-SegmentedRaftLogWorker:Storage Directory /workdir/hadoop-ozone/integration-test/target/test-dir/MiniOzoneClusterImpl-210d6028-2152-4683-81ff-347b0d29bb13/datanode-3/data/ratis/200db9d8-d411-4cf2-bc7c-29a035cb2198] INFO  segmented.SegmentedRaftLogWorker (SegmentedRaftLogWorker.java:close(228)) - 6403e584-2209-453b-b79e-eeb0a7b58516-SegmentedRaftLogWorker:Storage Directory /workdir/hadoop-ozone/integration-test/target/test-dir/MiniOzoneClusterImpl-210d6028-2152-4683-81ff-347b0d29bb13/datanode-3/data/ratis/200db9d8-d411-4cf2-bc7c-29a035cb2198 close()
2019-09-19 14:22:03,850 [pool-60-thread-1] INFO  storage.RaftStorage (RaftStorage.java:format(72)) - Storage directory /workdir/hadoop-ozone/integration-test/target/test-dir/MiniOzoneClusterImpl-210d6028-2152-4683-81ff-347b0d29bb13/datanode-3/data/ratis/739c26d7-9512-47d5-be3e-85125247f34e has been successfully formatted.
2019-09-19 14:22:03,838 [306a7a99-f2a5-4f40-b42b-2fc2def08a6a:group-7FF1FB5A7764:LeaderElection200] INFO  impl.RaftServerImpl (ServerState.java:setRaftConf(361)) - 306a7a99-f2a5-4f40-b42b-2fc2def08a6a:group-7FF1FB5A7764 set configuration 0: [306a7a99-f2a5-4f40-b42b-2fc2def08a6a:192.168.157.226:42633], old=null at 0
2019-09-19 14:22:03,837 [306a7a99-f2a5-4f40-b42b-2fc2def08a6a-SegmentedRaftLogWorker:Storage Directory /workdir/hadoop-ozone/integration-test/target/test-dir/MiniOzoneClusterImpl-210d6028-2152-4683-81ff-347b0d29bb13/datanode-2/data/ratis/60632a06-603e-4bed-a2f5-ba6b5495b088] INFO  impl.RoleInfo (RoleInfo.java:shutdownLeaderState(104)) - 306a7a99-f2a5-4f40-b42b-2fc2def08a6a: shutdown LeaderState
2019-09-19 14:22:03,837 [1190b9a7-12b1-4c15-b33e-f7d0a0cd436c-SegmentedRaftLogWorker:Storage Directory /workdir/hadoop-ozone/integration-test/target/test-dir/MiniOzoneClusterImpl-210d6028-2152-4683-81ff-347b0d29bb13/datanode-4/data/ratis/4c273e5c-6c92-4a5a-a97b-3a426b0eb8f6] INFO  util.JmxRegister (JmxRegister.java:unregister(73)) - Successfully un-registered JMX Bean with object name Ratis:service=RaftServer,group=group-3A426B0EB8F6,id=1190b9a7-12b1-4c15-b33e-f7d0a0cd436c
2019-09-19 14:22:03,837 [6403e584-2209-453b-b79e-eeb0a7b58516-SegmentedRaftLogWorker:Storage Directory /workdir/hadoop-ozone/integration-test/target/test-dir/MiniOzoneClusterImpl-210d6028-2152-4683-81ff-347b0d29bb13/datanode-3/data/ratis/4a5c15d5-b75f-4c36-a226-8077d3fcdc3d] INFO  util.JmxRegister (JmxRegister.java:unregister(73)) - Successfully un-registered JMX Bean with object name Ratis:service=RaftServer,group=group-8077D3FCDC3D,id=6403e584-2209-453b-b79e-eeb0a7b58516
2019-09-19 14:22:03,837 [306a7a99-f2a5-4f40-b42b-2fc2def08a6a-SegmentedRaftLogWorker:Storage Directory /workdir/hadoop-ozone/integration-test/target/test-dir/MiniOzoneClusterImpl-210d6028-2152-4683-81ff-347b0d29bb13/datanode-2/data/ratis/d4572f0c-b11d-4d24-9361-77668966ba62] INFO  impl.PendingRequests (PendingRequests.java:sendNotLeaderResponses(202)) - 306a7a99-f2a5-4f40-b42b-2fc2def08a6a-PendingRequests: sendNotLeaderResponses
2019-09-19 14:22:03,836 [5dfaa0ea-416a-422c-a75d-43311aceb00a-SegmentedRaftLogWorker:Storage Directory /workdir/hadoop-ozone/integration-test/target/test-dir/MiniOzoneClusterImpl-210d6028-2152-4683-81ff-347b0d29bb13/datanode-1/data/ratis/2d4b86b3-3a5b-45f3-bc8f-8ee30092736f] INFO  util.JmxRegister (JmxRegister.java:unregister(73)) - Successfully un-registered JMX Bean with object name Ratis:service=RaftServer,group=group-8EE30092736F,id=5dfaa0ea-416a-422c-a75d-43311aceb00a
2019-09-19 14:22:03,836 [6403e584-2209-453b-b79e-eeb0a7b58516:group-1F9E99136BC1:LeaderElection206] INFO  server.RaftServerConfigKeys (ConfUtils.java:logGet(43)) - raft.server.watch.timeout.denomination = 1s (default)
2019-09-19 14:22:03,859 [6403e584-2209-453b-b79e-eeb0a7b58516:group-1F9E99136BC1:LeaderElection206] INFO  server.RaftServerConfigKeys (ConfUtils.java:logGet(43)) - raft.server.watch.element-limit = 65536 (default)
2019-09-19 14:22:03,836 [85c6a9f3-b9a5-43a5-ac4f-9aa7bd5f2263:group-DFD37F1207A5:LeaderElection215] INFO  server.RaftServerConfigKeys (ConfUtils.java:logGet(43)) - raft.server.watch.timeout = 10s (default)
2019-09-19 14:22:03,835 [6403e584-2209-453b-b79e-eeb0a7b58516:group-2609E2E2A622:LeaderElection221] INFO  impl.RoleInfo (RoleInfo.java:shutdownLeaderElection(134)) - 6403e584-2209-453b-b79e-eeb0a7b58516: shutdown LeaderElection
2019-09-19 14:22:03,835 [5dfaa0ea-416a-422c-a75d-43311aceb00a:group-2609E2E2A622:LeaderElection223] INFO  impl.RoleInfo (RoleInfo.java:shutdownLeaderElection(134)) - 5dfaa0ea-416a-422c-a75d-43311aceb00a: shutdown LeaderElection
2019-09-19 14:22:03,835 [85c6a9f3-b9a5-43a5-ac4f-9aa7bd5f2263-SegmentedRaftLogWorker:Storage Directory /workdir/hadoop-ozone/integration-test/target/test-dir/MiniOzoneClusterImpl-210d6028-2152-4683-81ff-347b0d29bb13/datanode-0/data/ratis/820d4892-99a1-43ee-956b-f720ba2b578e] INFO  segmented.SegmentedRaftLogWorker (SegmentedRaftLogWorker.java:close(228)) - 85c6a9f3-b9a5-43a5-ac4f-9aa7bd5f2263-SegmentedRaftLogWorker:Storage Directory /workdir/hadoop-ozone/integration-test/target/test-dir/MiniOzoneClusterImpl-210d6028-2152-4683-81ff-347b0d29bb13/datanode-0/data/ratis/820d4892-99a1-43ee-956b-f720ba2b578e close()
2019-09-19 14:22:03,835 [6403e584-2209-453b-b79e-eeb0a7b58516-SegmentedRaftLogWorker:Storage Directory /workdir/hadoop-ozone/integration-test/target/test-dir/MiniOzoneClusterImpl-210d6028-2152-4683-81ff-347b0d29bb13/datanode-3/data/ratis/b1a9101b-e28e-4227-a49c-8e3f95f61c0c] INFO  impl.RaftServerImpl (ServerState.java:close(394)) - 6403e584-2209-453b-b79e-eeb0a7b58516:group-8E3F95F61C0C closes. The last applied log index is -1
2019-09-19 14:22:03,835 [306a7a99-f2a5-4f40-b42b-2fc2def08a6a-SegmentedRaftLogWorker:Storage Directory /workdir/hadoop-ozone/integration-test/target/test-dir/MiniOzoneClusterImpl-210d6028-2152-4683-81ff-347b0d29bb13/datanode-2/data/ratis/a0f230a9-2c48-4665-8534-a8dd95df660c] INFO  impl.RaftServerImpl (ServerState.java:close(394)) - 306a7a99-f2a5-4f40-b42b-2fc2def08a6a:group-A8DD95DF660C closes. The last applied log index is -1
2019-09-19 14:22:03,860 [6403e584-2209-453b-b79e-eeb0a7b58516-SegmentedRaftLogWorker:Storage Directory /workdir/hadoop-ozone/integration-test/target/test-dir/MiniOzoneClusterImpl-210d6028-2152-4683-81ff-347b0d29bb13/datanode-3/data/ratis/b1a9101b-e28e-4227-a49c-8e3f95f61c0c] INFO  segmented.SegmentedRaftLogWorker (SegmentedRaftLogWorker.java:close(228)) - 6403e584-2209-453b-b79e-eeb0a7b58516-SegmentedRaftLogWorker:Storage Directory /workdir/hadoop-ozone/integration-test/target/test-dir/MiniOzoneClusterImpl-210d6028-2152-4683-81ff-347b0d29bb13/datanode-3/data/ratis/b1a9101b-e28e-4227-a49c-8e3f95f61c0c close()
2019-09-19 14:22:03,859 [5dfaa0ea-416a-422c-a75d-43311aceb00a:group-2609E2E2A622:LeaderElection223] INFO  impl.RoleInfo (RoleInfo.java:updateAndGet(143)) - 5dfaa0ea-416a-422c-a75d-43311aceb00a: start FollowerState
2019-09-19 14:22:03,859 [6403e584-2209-453b-b79e-eeb0a7b58516:group-2609E2E2A622:LeaderElection221] INFO  impl.RoleInfo (RoleInfo.java:updateAndGet(143)) - 6403e584-2209-453b-b79e-eeb0a7b58516: start FollowerState
2019-09-19 14:22:03,859 [85c6a9f3-b9a5-43a5-ac4f-9aa7bd5f2263:group-DFD37F1207A5:LeaderElection215] INFO  server.RaftServerConfigKeys (ConfUtils.java:logGet(43)) - raft.server.watch.timeout.denomination = 1s (default)
2019-09-19 14:22:03,859 [6403e584-2209-453b-b79e-eeb0a7b58516:group-1F9E99136BC1:LeaderElection206] INFO  impl.RoleInfo (RoleInfo.java:updateAndGet(143)) - 6403e584-2209-453b-b79e-eeb0a7b58516: start LeaderState
2019-09-19 14:22:03,858 [5dfaa0ea-416a-422c-a75d-43311aceb00a-SegmentedRaftLogWorker:Storage Directory /workdir/hadoop-ozone/integration-test/target/test-dir/MiniOzoneClusterImpl-210d6028-2152-4683-81ff-347b0d29bb13/datanode-1/data/ratis/2d4b86b3-3a5b-45f3-bc8f-8ee30092736f] INFO  impl.RoleInfo (RoleInfo.java:shutdownLeaderState(104)) - 5dfaa0ea-416a-422c-a75d-43311aceb00a: shutdown LeaderState
2019-09-19 14:22:03,858 [306a7a99-f2a5-4f40-b42b-2fc2def08a6a-SegmentedRaftLogWorker:Storage Directory /workdir/hadoop-ozone/integration-test/target/test-dir/MiniOzoneClusterImpl-210d6028-2152-4683-81ff-347b0d29bb13/datanode-2/data/ratis/d4572f0c-b11d-4d24-9361-77668966ba62] INFO  impl.StateMachineUpdater (StateMachineUpdater.java:stopAndJoin(115)) - StateMachineUpdater:306a7a99-f2a5-4f40-b42b-2fc2def08a6a:group-77668966BA62: set stopIndex = -1
2019-09-19 14:22:03,861 [306a7a99-f2a5-4f40-b42b-2fc2def08a6a-SegmentedRaftLogWorker:Storage Directory /workdir/hadoop-ozone/integration-test/target/test-dir/MiniOzoneClusterImpl-210d6028-2152-4683-81ff-347b0d29bb13/datanode-2/data/ratis/d4572f0c-b11d-4d24-9361-77668966ba62] INFO  impl.RaftServerImpl (ServerState.java:close(394)) - 306a7a99-f2a5-4f40-b42b-2fc2def08a6a:group-77668966BA62 closes. The last applied log index is -1
2019-09-19 14:22:03,858 [6403e584-2209-453b-b79e-eeb0a7b58516-SegmentedRaftLogWorker:Storage Directory /workdir/hadoop-ozone/integration-test/target/test-dir/MiniOzoneClusterImpl-210d6028-2152-4683-81ff-347b0d29bb13/datanode-3/data/ratis/4a5c15d5-b75f-4c36-a226-8077d3fcdc3d] INFO  impl.RoleInfo (RoleInfo.java:shutdownLeaderState(104)) - 6403e584-2209-453b-b79e-eeb0a7b58516: shutdown LeaderState
2019-09-19 14:22:03,858 [1190b9a7-12b1-4c15-b33e-f7d0a0cd436c-SegmentedRaftLogWorker:Storage Directory /workdir/hadoop-ozone/integration-test/target/test-dir/MiniOzoneClusterImpl-210d6028-2152-4683-81ff-347b0d29bb13/datanode-4/data/ratis/4c273e5c-6c92-4a5a-a97b-3a426b0eb8f6] INFO  impl.RoleInfo (RoleInfo.java:shutdownLeaderState(104)) - 1190b9a7-12b1-4c15-b33e-f7d0a0cd436c: shutdown LeaderState
2019-09-19 14:22:03,858 [306a7a99-f2a5-4f40-b42b-2fc2def08a6a-SegmentedRaftLogWorker:Storage Directory /workdir/hadoop-ozone/integration-test/target/test-dir/MiniOzoneClusterImpl-210d6028-2152-4683-81ff-347b0d29bb13/datanode-2/data/ratis/60632a06-603e-4bed-a2f5-ba6b5495b088] INFO  impl.PendingRequests (PendingRequests.java:sendNotLeaderResponses(202)) - 306a7a99-f2a5-4f40-b42b-2fc2def08a6a-PendingRequests: sendNotLeaderResponses
2019-09-19 14:22:03,858 [pool-60-thread-1] INFO  ratis.ContainerStateMachine (ContainerStateMachine.java:loadSnapshot(226)) - group-85125247F34E: The snapshot info is null. Setting the last applied indexto:(t:0, i:~)
2019-09-19 14:22:03,857 [306a7a99-f2a5-4f40-b42b-2fc2def08a6a-SegmentedRaftLogWorker:Storage Directory /workdir/hadoop-ozone/integration-test/target/test-dir/MiniOzoneClusterImpl-210d6028-2152-4683-81ff-347b0d29bb13/datanode-2/data/ratis/bf2492a6-ee34-49ed-b93a-4dcb50bb2008] INFO  util.JmxRegister (JmxRegister.java:unregister(73)) - Successfully un-registered JMX Bean with object name Ratis:service=RaftServer,group=group-4DCB50BB2008,id=306a7a99-f2a5-4f40-b42b-2fc2def08a6a
2019-09-19 14:22:03,857 [85c6a9f3-b9a5-43a5-ac4f-9aa7bd5f2263:group-CD6B5254D037:LeaderElection222] INFO  server.RaftServerConfigKeys (ConfUtils.java:logGet(43)) - raft.server.rpc.sleep.time = 25ms (default)
2019-09-19 14:22:03,857 [pool-27-thread-1] INFO  server.RaftServerConfigKeys (ConfUtils.java:logGet(43)) - raft.server.log.write.buffer.size = 33554432 (custom)
2019-09-19 14:22:03,857 [6403e584-2209-453b-b79e-eeb0a7b58516-SegmentedRaftLogWorker:Storage Directory /workdir/hadoop-ozone/integration-test/target/test-dir/MiniOzoneClusterImpl-210d6028-2152-4683-81ff-347b0d29bb13/datanode-3/data/ratis/87129e6c-351b-40c3-ac12-bae80f1788ed] INFO  impl.StateMachineUpdater (StateMachineUpdater.java:stopAndJoin(115)) - StateMachineUpdater:6403e584-2209-453b-b79e-eeb0a7b58516:group-BAE80F1788ED: set stopIndex = -1
2019-09-19 14:22:03,857 [6403e584-2209-453b-b79e-eeb0a7b58516:group-43FD3CF4C782:LeaderElection207] INFO  server.RaftServerConfigKeys (ConfUtils.java:logGet(43)) - raft.server.write.element-limit = 4096 (default)
2019-09-19 14:22:03,856 [431517c4-8c09-4790-b37b-2e132c8143ad:group-F80C7D5A709A:LeaderElection210] INFO  server.RaftServerConfigKeys (ConfUtils.java:logGet(43)) - raft.server.watch.timeout.denomination = 1s (default)
2019-09-19 14:22:03,856 [6403e584-2209-453b-b79e-eeb0a7b58516:group-30BC58179734:LeaderElection211] INFO  server.RaftServerConfigKeys (ConfUtils.java:logGet(43)) - raft.server.watch.timeout = 10s (default)
2019-09-19 14:22:03,856 [5dfaa0ea-416a-422c-a75d-43311aceb00a:group-86D4C63C40C2:LeaderElection216] INFO  server.RaftServerConfigKeys (ConfUtils.java:logGet(43)) - raft.server.watch.timeout.denomination = 1s (default)
2019-09-19 14:22:03,856 [6403e584-2209-453b-b79e-eeb0a7b58516:group-DA1F723C087E:LeaderElection212] INFO  server.RaftServerConfigKeys (ConfUtils.java:logGet(43)) - raft.server.watch.timeout = 10s (default)
2019-09-19 14:22:03,862 [6403e584-2209-453b-b79e-eeb0a7b58516:group-DA1F723C087E:LeaderElection212] INFO  server.RaftServerConfigKeys (ConfUtils.java:logGet(43)) - raft.server.watch.timeout.denomination = 1s (default)
2019-09-19 14:22:03,856 [5dfaa0ea-416a-422c-a75d-43311aceb00a:group-1DACA9507B83:LeaderElection217] INFO  server.RaftServerConfigKeys (ConfUtils.java:logGet(43)) - raft.server.watch.timeout = 10s (default)
2019-09-19 14:22:03,863 [5dfaa0ea-416a-422c-a75d-43311aceb00a:group-1DACA9507B83:LeaderElection217] INFO  server.RaftServerConfigKeys (ConfUtils.java:logGet(43)) - raft.server.watch.timeout.denomination = 1s (default)
2019-09-19 14:22:03,855 [6403e584-2209-453b-b79e-eeb0a7b58516:group-9C7F6C0F9370:LeaderElection213] INFO  server.RaftServerConfigKeys (ConfUtils.java:logGet(43)) - raft.server.write.element-limit = 4096 (default)
2019-09-19 14:22:03,855 [6403e584-2209-453b-b79e-eeb0a7b58516:group-A0DEC22EACB4:LeaderElection209] INFO  server.RaftServerConfigKeys (ConfUtils.java:logGet(43)) - raft.server.watch.timeout = 10s (default)
2019-09-19 14:22:03,855 [6403e584-2209-453b-b79e-eeb0a7b58516:group-4E79EB7F747B:LeaderElection219] INFO  server.RaftServerConfigKeys (ConfUtils.java:logGet(43)) - raft.server.watch.timeout.denomination = 1s (default)
2019-09-19 14:22:03,855 [5dfaa0ea-416a-422c-a75d-43311aceb00a:group-AE221AF6329E:LeaderElection220] INFO  server.RaftServerConfigKeys (ConfUtils.java:logGet(43)) - raft.server.watch.timeout = 10s (default)
2019-09-19 14:22:03,855 [306a7a99-f2a5-4f40-b42b-2fc2def08a6a:group-60147ED89FF9:LeaderElection218] INFO  server.RaftServerConfigKeys (ConfUtils.java:logGet(43)) - raft.server.watch.timeout.denomination = 1s (default)
2019-09-19 14:22:03,855 [306a7a99-f2a5-4f40-b42b-2fc2def08a6a-SegmentedRaftLogWorker:Storage Directory /workdir/hadoop-ozone/integration-test/target/test-dir/MiniOzoneClusterImpl-210d6028-2152-4683-81ff-347b0d29bb13/datanode-2/data/ratis/03ecd4b0-83ee-4e9e-994d-01e49d2caf0c] INFO  segmented.SegmentedRaftLogWorker (SegmentedRaftLogWorker.java:close(228)) - 306a7a99-f2a5-4f40-b42b-2fc2def08a6a-SegmentedRaftLogWorker:Storage Directory /workdir/hadoop-ozone/integration-test/target/test-dir/MiniOzoneClusterImpl-210d6028-2152-4683-81ff-347b0d29bb13/datanode-2/data/ratis/03ecd4b0-83ee-4e9e-994d-01e49d2caf0c close()
2019-09-19 14:22:03,855 [5dfaa0ea-416a-422c-a75d-43311aceb00a:group-E527839BF39B:LeaderElection214] INFO  server.RaftServerConfigKeys (ConfUtils.java:logGet(43)) - raft.server.watch.timeout.denomination = 1s (default)
2019-09-19 14:22:03,854 [5dfaa0ea-416a-422c-a75d-43311aceb00a-SegmentedRaftLogWorker:Storage Directory /workdir/hadoop-ozone/integration-test/target/test-dir/MiniOzoneClusterImpl-210d6028-2152-4683-81ff-347b0d29bb13/datanode-1/data/ratis/d9644a14-b63e-4f6b-b25a-2d13f68c8b1a] INFO  impl.StateMachineUpdater (StateMachineUpdater.java:stopAndJoin(115)) - StateMachineUpdater:5dfaa0ea-416a-422c-a75d-43311aceb00a:group-2D13F68C8B1A: set stopIndex = -1
2019-09-19 14:22:03,864 [5dfaa0ea-416a-422c-a75d-43311aceb00a:group-E527839BF39B:LeaderElection214] INFO  server.RaftServerConfigKeys (ConfUtils.java:logGet(43)) - raft.server.watch.element-limit = 65536 (default)
2019-09-19 14:22:03,863 [306a7a99-f2a5-4f40-b42b-2fc2def08a6a:group-60147ED89FF9:LeaderElection218] INFO  server.RaftServerConfigKeys (ConfUtils.java:logGet(43)) - raft.server.watch.element-limit = 65536 (default)
2019-09-19 14:22:03,863 [5dfaa0ea-416a-422c-a75d-43311aceb00a:group-AE221AF6329E:LeaderElection220] INFO  server.RaftServerConfigKeys (ConfUtils.java:logGet(43)) - raft.server.watch.timeout.denomination = 1s (default)
2019-09-19 14:22:03,863 [6403e584-2209-453b-b79e-eeb0a7b58516:group-4E79EB7F747B:LeaderElection219] INFO  server.RaftServerConfigKeys (ConfUtils.java:logGet(43)) - raft.server.watch.element-limit = 65536 (default)
2019-09-19 14:22:03,863 [6403e584-2209-453b-b79e-eeb0a7b58516:group-A0DEC22EACB4:LeaderElection209] INFO  server.RaftServerConfigKeys (ConfUtils.java:logGet(43)) - raft.server.watch.timeout.denomination = 1s (default)
2019-09-19 14:22:03,863 [6403e584-2209-453b-b79e-eeb0a7b58516:group-9C7F6C0F9370:LeaderElection213] INFO  server.RaftServerConfigKeys (ConfUtils.java:logGet(43)) - raft.server.watch.timeout = 10s (default)
2019-09-19 14:22:03,864 [6403e584-2209-453b-b79e-eeb0a7b58516:group-9C7F6C0F9370:LeaderElection213] INFO  server.RaftServerConfigKeys (ConfUtils.java:logGet(43)) - raft.server.watch.timeout.denomination = 1s (default)
2019-09-19 14:22:03,863 [5dfaa0ea-416a-422c-a75d-43311aceb00a:group-1DACA9507B83:LeaderElection217] INFO  server.RaftServerConfigKeys (ConfUtils.java:logGet(43)) - raft.server.watch.element-limit = 65536 (default)
2019-09-19 14:22:03,863 [6403e584-2209-453b-b79e-eeb0a7b58516:group-DA1F723C087E:LeaderElection212] INFO  server.RaftServerConfigKeys (ConfUtils.java:logGet(43)) - raft.server.watch.element-limit = 65536 (default)
2019-09-19 14:22:03,862 [5dfaa0ea-416a-422c-a75d-43311aceb00a:group-86D4C63C40C2:LeaderElection216] INFO  server.RaftServerConfigKeys (ConfUtils.java:logGet(43)) - raft.server.watch.element-limit = 65536 (default)
2019-09-19 14:22:03,862 [6403e584-2209-453b-b79e-eeb0a7b58516:group-30BC58179734:LeaderElection211] INFO  server.RaftServerConfigKeys (ConfUtils.java:logGet(43)) - raft.server.watch.timeout.denomination = 1s (default)
2019-09-19 14:22:03,862 [431517c4-8c09-4790-b37b-2e132c8143ad:group-F80C7D5A709A:LeaderElection210] INFO  server.RaftServerConfigKeys (ConfUtils.java:logGet(43)) - raft.server.watch.element-limit = 65536 (default)
2019-09-19 14:22:03,862 [6403e584-2209-453b-b79e-eeb0a7b58516:group-43FD3CF4C782:LeaderElection207] INFO  server.RaftServerConfigKeys (ConfUtils.java:logGet(43)) - raft.server.watch.timeout = 10s (default)
2019-09-19 14:22:03,865 [6403e584-2209-453b-b79e-eeb0a7b58516:group-43FD3CF4C782:LeaderElection207] INFO  server.RaftServerConfigKeys (ConfUtils.java:logGet(43)) - raft.server.watch.timeout.denomination = 1s (default)
2019-09-19 14:22:03,862 [6403e584-2209-453b-b79e-eeb0a7b58516-SegmentedRaftLogWorker:Storage Directory /workdir/hadoop-ozone/integration-test/target/test-dir/MiniOzoneClusterImpl-210d6028-2152-4683-81ff-347b0d29bb13/datanode-3/data/ratis/87129e6c-351b-40c3-ac12-bae80f1788ed] INFO  impl.RaftServerImpl (ServerState.java:close(394)) - 6403e584-2209-453b-b79e-eeb0a7b58516:group-BAE80F1788ED closes. The last applied log index is -1
2019-09-19 14:22:03,862 [pool-27-thread-1] INFO  server.RaftServerConfigKeys (ConfUtils.java:logGet(43)) - raft.server.log.force.sync.num = 128 (default)
2019-09-19 14:22:03,862 [85c6a9f3-b9a5-43a5-ac4f-9aa7bd5f2263:group-CD6B5254D037:LeaderElection222] INFO  server.RaftServerConfigKeys (ConfUtils.java:logGet(43)) - raft.server.write.element-limit = 4096 (default)
2019-09-19 14:22:03,861 [306a7a99-f2a5-4f40-b42b-2fc2def08a6a-SegmentedRaftLogWorker:Storage Directory /workdir/hadoop-ozone/integration-test/target/test-dir/MiniOzoneClusterImpl-210d6028-2152-4683-81ff-347b0d29bb13/datanode-2/data/ratis/bf2492a6-ee34-49ed-b93a-4dcb50bb2008] INFO  impl.RoleInfo (RoleInfo.java:shutdownLeaderState(104)) - 306a7a99-f2a5-4f40-b42b-2fc2def08a6a: shutdown LeaderState
2019-09-19 14:22:03,861 [pool-60-thread-1] INFO  server.RaftServerConfigKeys (ConfUtils.java:logGet(43)) - raft.server.leader.election.timeout = 120s (custom)
2019-09-19 14:22:03,861 [306a7a99-f2a5-4f40-b42b-2fc2def08a6a-SegmentedRaftLogWorker:Storage Directory /workdir/hadoop-ozone/integration-test/target/test-dir/MiniOzoneClusterImpl-210d6028-2152-4683-81ff-347b0d29bb13/datanode-2/data/ratis/60632a06-603e-4bed-a2f5-ba6b5495b088] INFO  impl.StateMachineUpdater (StateMachineUpdater.java:stopAndJoin(115)) - StateMachineUpdater:306a7a99-f2a5-4f40-b42b-2fc2def08a6a:group-BA6B5495B088: set stopIndex = -1
2019-09-19 14:22:03,861 [1190b9a7-12b1-4c15-b33e-f7d0a0cd436c-SegmentedRaftLogWorker:Storage Directory /workdir/hadoop-ozone/integration-test/target/test-dir/MiniOzoneClusterImpl-210d6028-2152-4683-81ff-347b0d29bb13/datanode-4/data/ratis/4c273e5c-6c92-4a5a-a97b-3a426b0eb8f6] INFO  impl.PendingRequests (PendingRequests.java:sendNotLeaderResponses(202)) - 1190b9a7-12b1-4c15-b33e-f7d0a0cd436c-PendingRequests: sendNotLeaderResponses
2019-09-19 14:22:03,861 [6403e584-2209-453b-b79e-eeb0a7b58516-SegmentedRaftLogWorker:Storage Directory /workdir/hadoop-ozone/integration-test/target/test-dir/MiniOzoneClusterImpl-210d6028-2152-4683-81ff-347b0d29bb13/datanode-3/data/ratis/4a5c15d5-b75f-4c36-a226-8077d3fcdc3d] INFO  impl.PendingRequests (PendingRequests.java:sendNotLeaderResponses(202)) - 6403e584-2209-453b-b79e-eeb0a7b58516-PendingRequests: sendNotLeaderResponses
2019-09-19 14:22:03,861 [306a7a99-f2a5-4f40-b42b-2fc2def08a6a-SegmentedRaftLogWorker:Storage Directory /workdir/hadoop-ozone/integration-test/target/test-dir/MiniOzoneClusterImpl-210d6028-2152-4683-81ff-347b0d29bb13/datanode-2/data/ratis/d4572f0c-b11d-4d24-9361-77668966ba62] INFO  segmented.SegmentedRaftLogWorker (SegmentedRaftLogWorker.java:close(228)) - 306a7a99-f2a5-4f40-b42b-2fc2def08a6a-SegmentedRaftLogWorker:Storage Directory /workdir/hadoop-ozone/integration-test/target/test-dir/MiniOzoneClusterImpl-210d6028-2152-4683-81ff-347b0d29bb13/datanode-2/data/ratis/d4572f0c-b11d-4d24-9361-77668966ba62 close()
2019-09-19 14:22:03,860 [5dfaa0ea-416a-422c-a75d-43311aceb00a-SegmentedRaftLogWorker:Storage Directory /workdir/hadoop-ozone/integration-test/target/test-dir/MiniOzoneClusterImpl-210d6028-2152-4683-81ff-347b0d29bb13/datanode-1/data/ratis/2d4b86b3-3a5b-45f3-bc8f-8ee30092736f] INFO  impl.PendingRequests (PendingRequests.java:sendNotLeaderResponses(202)) - 5dfaa0ea-416a-422c-a75d-43311aceb00a-PendingRequests: sendNotLeaderResponses
2019-09-19 14:22:03,860 [6403e584-2209-453b-b79e-eeb0a7b58516:group-1F9E99136BC1:LeaderElection206] INFO  segmented.SegmentedRaftLogWorker (SegmentedRaftLogWorker.java:startLogSegment(380)) - 6403e584-2209-453b-b79e-eeb0a7b58516-SegmentedRaftLogWorker:Storage Directory /workdir/hadoop-ozone/integration-test/target/test-dir/MiniOzoneClusterImpl-210d6028-2152-4683-81ff-347b0d29bb13/datanode-3/data/ratis/61015394-270a-4289-a20e-1f9e99136bc1: Starting segment from index:0
2019-09-19 14:22:03,860 [85c6a9f3-b9a5-43a5-ac4f-9aa7bd5f2263:group-DFD37F1207A5:LeaderElection215] INFO  server.RaftServerConfigKeys (ConfUtils.java:logGet(43)) - raft.server.watch.element-limit = 65536 (default)
2019-09-19 14:22:03,860 [306a7a99-f2a5-4f40-b42b-2fc2def08a6a-SegmentedRaftLogWorker:Storage Directory /workdir/hadoop-ozone/integration-test/target/test-dir/MiniOzoneClusterImpl-210d6028-2152-4683-81ff-347b0d29bb13/datanode-2/data/ratis/a0f230a9-2c48-4665-8534-a8dd95df660c] INFO  segmented.SegmentedRaftLogWorker (SegmentedRaftLogWorker.java:close(228)) - 306a7a99-f2a5-4f40-b42b-2fc2def08a6a-SegmentedRaftLogWorker:Storage Directory /workdir/hadoop-ozone/integration-test/target/test-dir/MiniOzoneClusterImpl-210d6028-2152-4683-81ff-347b0d29bb13/datanode-2/data/ratis/a0f230a9-2c48-4665-8534-a8dd95df660c close()
2019-09-19 14:22:03,867 [85c6a9f3-b9a5-43a5-ac4f-9aa7bd5f2263:group-DFD37F1207A5:LeaderElection215] INFO  impl.RoleInfo (RoleInfo.java:updateAndGet(143)) - 85c6a9f3-b9a5-43a5-ac4f-9aa7bd5f2263: start LeaderState
2019-09-19 14:22:04,148 | INFO  | SCMAudit | user=jenkins1000 | ip=192.168.157.226 | op=SEND_HEARTBEAT {datanodeUUID=1190b9a7-12b1-4c15-b33e-f7d0a0cd436c, command=[]} | ret=SUCCESS |  
2019-09-19 14:22:04,148 | INFO  | SCMAudit | user=jenkins1000 | ip=192.168.157.226 | op=SEND_HEARTBEAT {datanodeUUID=5dfaa0ea-416a-422c-a75d-43311aceb00a, command=[]} | ret=SUCCESS |  
2019-09-19 14:22:04,148 | INFO  | SCMAudit | user=jenkins1000 | ip=192.168.157.226 | op=SEND_HEARTBEAT {datanodeUUID=431517c4-8c09-4790-b37b-2e132c8143ad, command=[]} | ret=SUCCESS |  
2019-09-19 14:22:03,867 [5dfaa0ea-416a-422c-a75d-43311aceb00a-SegmentedRaftLogWorker:Storage Directory /workdir/hadoop-ozone/integration-test/target/test-dir/MiniOzoneClusterImpl-210d6028-2152-4683-81ff-347b0d29bb13/datanode-1/data/ratis/2d4b86b3-3a5b-45f3-bc8f-8ee30092736f] INFO  impl.StateMachineUpdater (StateMachineUpdater.java:stopAndJoin(115)) - StateMachineUpdater:5dfaa0ea-416a-422c-a75d-43311aceb00a:group-8EE30092736F: set stopIndex = -1
2019-09-19 14:22:04,149 [5dfaa0ea-416a-422c-a75d-43311aceb00a-SegmentedRaftLogWorker:Storage Directory /workdir/hadoop-ozone/integration-test/target/test-dir/MiniOzoneClusterImpl-210d6028-2152-4683-81ff-347b0d29bb13/datanode-1/data/ratis/2d4b86b3-3a5b-45f3-bc8f-8ee30092736f] INFO  impl.RaftServerImpl (ServerState.java:close(394)) - 5dfaa0ea-416a-422c-a75d-43311aceb00a:group-8EE30092736F closes. The last applied log index is -1
2019-09-19 14:22:04,149 | INFO  | SCMAudit | user=jenkins1000 | ip=192.168.157.226 | op=SEND_HEARTBEAT {datanodeUUID=56d21ab3-8f6d-44ea-b961-c721a1c09246, command=[]} | ret=SUCCESS |  
2019-09-19 14:22:03,867 [6403e584-2209-453b-b79e-eeb0a7b58516-SegmentedRaftLogWorker:Storage Directory /workdir/hadoop-ozone/integration-test/target/test-dir/MiniOzoneClusterImpl-210d6028-2152-4683-81ff-347b0d29bb13/datanode-3/data/ratis/4a5c15d5-b75f-4c36-a226-8077d3fcdc3d] INFO  impl.StateMachineUpdater (StateMachineUpdater.java:stopAndJoin(115)) - StateMachineUpdater:6403e584-2209-453b-b79e-eeb0a7b58516:group-8077D3FCDC3D: set stopIndex = -1
2019-09-19 14:22:04,149 | INFO  | SCMAudit | user=jenkins1000 | ip=192.168.157.226 | op=SEND_HEARTBEAT {datanodeUUID=85c6a9f3-b9a5-43a5-ac4f-9aa7bd5f2263, command=[]} | ret=SUCCESS |  
2019-09-19 14:22:03,866 [1190b9a7-12b1-4c15-b33e-f7d0a0cd436c-SegmentedRaftLogWorker:Storage Directory /workdir/hadoop-ozone/integration-test/target/test-dir/MiniOzoneClusterImpl-210d6028-2152-4683-81ff-347b0d29bb13/datanode-4/data/ratis/4c273e5c-6c92-4a5a-a97b-3a426b0eb8f6] INFO  impl.StateMachineUpdater (StateMachineUpdater.java:stopAndJoin(115)) - StateMachineUpdater:1190b9a7-12b1-4c15-b33e-f7d0a0cd436c:group-3A426B0EB8F6: set stopIndex = -1
2019-09-19 14:22:03,866 [306a7a99-f2a5-4f40-b42b-2fc2def08a6a-SegmentedRaftLogWorker:Storage Directory /workdir/hadoop-ozone/integration-test/target/test-dir/MiniOzoneClusterImpl-210d6028-2152-4683-81ff-347b0d29bb13/datanode-2/data/ratis/60632a06-603e-4bed-a2f5-ba6b5495b088] INFO  impl.RaftServerImpl (ServerState.java:close(394)) - 306a7a99-f2a5-4f40-b42b-2fc2def08a6a:group-BA6B5495B088 closes. The last applied log index is -1
2019-09-19 14:22:03,866 [pool-60-thread-1] INFO  server.RaftServerConfigKeys (ConfUtils.java:logGet(43)) - raft.server.log.use.memory = false (default)
2019-09-19 14:22:03,866 [306a7a99-f2a5-4f40-b42b-2fc2def08a6a-SegmentedRaftLogWorker:Storage Directory /workdir/hadoop-ozone/integration-test/target/test-dir/MiniOzoneClusterImpl-210d6028-2152-4683-81ff-347b0d29bb13/datanode-2/data/ratis/bf2492a6-ee34-49ed-b93a-4dcb50bb2008] INFO  impl.PendingRequests (PendingRequests.java:sendNotLeaderResponses(202)) - 306a7a99-f2a5-4f40-b42b-2fc2def08a6a-PendingRequests: sendNotLeaderResponses
2019-09-19 14:22:03,866 [85c6a9f3-b9a5-43a5-ac4f-9aa7bd5f2263:group-CD6B5254D037:LeaderElection222] INFO  server.RaftServerConfigKeys (ConfUtils.java:logGet(43)) - raft.server.watch.timeout = 10s (default)
2019-09-19 14:22:03,866 [pool-27-thread-1] INFO  server.RaftServerConfigKeys (ConfUtils.java:logGet(43)) - raft.server.log.statemachine.data.sync = true (default)
2019-09-19 14:22:03,866 [6403e584-2209-453b-b79e-eeb0a7b58516-SegmentedRaftLogWorker:Storage Directory /workdir/hadoop-ozone/integration-test/target/test-dir/MiniOzoneClusterImpl-210d6028-2152-4683-81ff-347b0d29bb13/datanode-3/data/ratis/87129e6c-351b-40c3-ac12-bae80f1788ed] INFO  segmented.SegmentedRaftLogWorker (SegmentedRaftLogWorker.java:close(228)) - 6403e584-2209-453b-b79e-eeb0a7b58516-SegmentedRaftLogWorker:Storage Directory /workdir/hadoop-ozone/integration-test/target/test-dir/MiniOzoneClusterImpl-210d6028-2152-4683-81ff-347b0d29bb13/datanode-3/data/ratis/87129e6c-351b-40c3-ac12-bae80f1788ed close()
2019-09-19 14:22:03,866 [6403e584-2209-453b-b79e-eeb0a7b58516:group-43FD3CF4C782:LeaderElection207] INFO  server.RaftServerConfigKeys (ConfUtils.java:logGet(43)) - raft.server.watch.element-limit = 65536 (default)
2019-09-19 14:22:03,865 [431517c4-8c09-4790-b37b-2e132c8143ad:group-F80C7D5A709A:LeaderElection210] INFO  impl.RoleInfo (RoleInfo.java:updateAndGet(143)) - 431517c4-8c09-4790-b37b-2e132c8143ad: start LeaderState
2019-09-19 14:22:03,865 [6403e584-2209-453b-b79e-eeb0a7b58516:group-30BC58179734:LeaderElection211] INFO  server.RaftServerConfigKeys (ConfUtils.java:logGet(43)) - raft.server.watch.element-limit = 65536 (default)
2019-09-19 14:22:03,865 [5dfaa0ea-416a-422c-a75d-43311aceb00a:group-86D4C63C40C2:LeaderElection216] INFO  impl.RoleInfo (RoleInfo.java:updateAndGet(143)) - 5dfaa0ea-416a-422c-a75d-43311aceb00a: start LeaderState
2019-09-19 14:22:03,865 [6403e584-2209-453b-b79e-eeb0a7b58516:group-DA1F723C087E:LeaderElection212] INFO  impl.RoleInfo (RoleInfo.java:updateAndGet(143)) - 6403e584-2209-453b-b79e-eeb0a7b58516: start LeaderState
2019-09-19 14:22:03,865 [5dfaa0ea-416a-422c-a75d-43311aceb00a:group-1DACA9507B83:LeaderElection217] INFO  impl.RoleInfo (RoleInfo.java:updateAndGet(143)) - 5dfaa0ea-416a-422c-a75d-43311aceb00a: start LeaderState
2019-09-19 14:22:03,865 [6403e584-2209-453b-b79e-eeb0a7b58516:group-9C7F6C0F9370:LeaderElection213] INFO  server.RaftServerConfigKeys (ConfUtils.java:logGet(43)) - raft.server.watch.element-limit = 65536 (default)
2019-09-19 14:22:03,864 [6403e584-2209-453b-b79e-eeb0a7b58516:group-A0DEC22EACB4:LeaderElection209] INFO  server.RaftServerConfigKeys (ConfUtils.java:logGet(43)) - raft.server.watch.element-limit = 65536 (default)
2019-09-19 14:22:03,864 [6403e584-2209-453b-b79e-eeb0a7b58516:group-4E79EB7F747B:LeaderElection219] INFO  impl.RoleInfo (RoleInfo.java:updateAndGet(143)) - 6403e584-2209-453b-b79e-eeb0a7b58516: start LeaderState
2019-09-19 14:22:03,864 [5dfaa0ea-416a-422c-a75d-43311aceb00a:group-AE221AF6329E:LeaderElection220] INFO  server.RaftServerConfigKeys (ConfUtils.java:logGet(43)) - raft.server.watch.element-limit = 65536 (default)
2019-09-19 14:22:03,864 [306a7a99-f2a5-4f40-b42b-2fc2def08a6a:group-60147ED89FF9:LeaderElection218] INFO  impl.RoleInfo (RoleInfo.java:updateAndGet(143)) - 306a7a99-f2a5-4f40-b42b-2fc2def08a6a: start LeaderState
2019-09-19 14:22:03,864 [5dfaa0ea-416a-422c-a75d-43311aceb00a:group-E527839BF39B:LeaderElection214] INFO  impl.RoleInfo (RoleInfo.java:updateAndGet(143)) - 5dfaa0ea-416a-422c-a75d-43311aceb00a: start LeaderState
2019-09-19 14:22:03,864 [5dfaa0ea-416a-422c-a75d-43311aceb00a-SegmentedRaftLogWorker:Storage Directory /workdir/hadoop-ozone/integration-test/target/test-dir/MiniOzoneClusterImpl-210d6028-2152-4683-81ff-347b0d29bb13/datanode-1/data/ratis/d9644a14-b63e-4f6b-b25a-2d13f68c8b1a] INFO  impl.RaftServerImpl (ServerState.java:close(394)) - 5dfaa0ea-416a-422c-a75d-43311aceb00a:group-2D13F68C8B1A closes. The last applied log index is -1
2019-09-19 14:22:04,152 [5dfaa0ea-416a-422c-a75d-43311aceb00a:group-E527839BF39B:LeaderElection214] INFO  segmented.SegmentedRaftLogWorker (SegmentedRaftLogWorker.java:startLogSegment(380)) - 5dfaa0ea-416a-422c-a75d-43311aceb00a-SegmentedRaftLogWorker:Storage Directory /workdir/hadoop-ozone/integration-test/target/test-dir/MiniOzoneClusterImpl-210d6028-2152-4683-81ff-347b0d29bb13/datanode-1/data/ratis/bf839dd8-5f81-4c92-ad09-e527839bf39b: Starting segment from index:0
2019-09-19 14:22:04,152 [306a7a99-f2a5-4f40-b42b-2fc2def08a6a:group-60147ED89FF9:LeaderElection218] INFO  segmented.SegmentedRaftLogWorker (SegmentedRaftLogWorker.java:startLogSegment(380)) - 306a7a99-f2a5-4f40-b42b-2fc2def08a6a-SegmentedRaftLogWorker:Storage Directory /workdir/hadoop-ozone/integration-test/target/test-dir/MiniOzoneClusterImpl-210d6028-2152-4683-81ff-347b0d29bb13/datanode-2/data/ratis/edee3d90-d322-40b3-ad7e-60147ed89ff9: Starting segment from index:0
2019-09-19 14:22:04,151 [5dfaa0ea-416a-422c-a75d-43311aceb00a:group-AE221AF6329E:LeaderElection220] INFO  impl.RoleInfo (RoleInfo.java:updateAndGet(143)) - 5dfaa0ea-416a-422c-a75d-43311aceb00a: start LeaderState
2019-09-19 14:22:04,151 [6403e584-2209-453b-b79e-eeb0a7b58516:group-4E79EB7F747B:LeaderElection219] INFO  segmented.SegmentedRaftLogWorker (SegmentedRaftLogWorker.java:startLogSegment(380)) - 6403e584-2209-453b-b79e-eeb0a7b58516-SegmentedRaftLogWorker:Storage Directory /workdir/hadoop-ozone/integration-test/target/test-dir/MiniOzoneClusterImpl-210d6028-2152-4683-81ff-347b0d29bb13/datanode-3/data/ratis/811e15e4-d434-46d3-a094-4e79eb7f747b: Starting segment from index:0
2019-09-19 14:22:04,151 [6403e584-2209-453b-b79e-eeb0a7b58516:group-A0DEC22EACB4:LeaderElection209] INFO  impl.RoleInfo (RoleInfo.java:updateAndGet(143)) - 6403e584-2209-453b-b79e-eeb0a7b58516: start LeaderState
2019-09-19 14:22:04,613 [6403e584-2209-453b-b79e-eeb0a7b58516:group-4E79EB7F747B:LeaderElection219] INFO  impl.RaftServerImpl (ServerState.java:setRaftConf(361)) - 6403e584-2209-453b-b79e-eeb0a7b58516:group-4E79EB7F747B set configuration 0: [6403e584-2209-453b-b79e-eeb0a7b58516:192.168.157.226:35833], old=null at 0
2019-09-19 14:22:04,151 [6403e584-2209-453b-b79e-eeb0a7b58516:group-9C7F6C0F9370:LeaderElection213] INFO  impl.RoleInfo (RoleInfo.java:updateAndGet(143)) - 6403e584-2209-453b-b79e-eeb0a7b58516: start LeaderState
2019-09-19 14:22:04,151 [5dfaa0ea-416a-422c-a75d-43311aceb00a:group-1DACA9507B83:LeaderElection217] INFO  segmented.SegmentedRaftLogWorker (SegmentedRaftLogWorker.java:startLogSegment(380)) - 5dfaa0ea-416a-422c-a75d-43311aceb00a-SegmentedRaftLogWorker:Storage Directory /workdir/hadoop-ozone/integration-test/target/test-dir/MiniOzoneClusterImpl-210d6028-2152-4683-81ff-347b0d29bb13/datanode-1/data/ratis/912c6991-e962-47bb-a7b6-1daca9507b83: Starting segment from index:0
2019-09-19 14:22:04,844 | INFO  | SCMAudit | user=jenkins1000 | ip=192.168.157.226 | op=SEND_HEARTBEAT {datanodeUUID=306a7a99-f2a5-4f40-b42b-2fc2def08a6a, command=[]} | ret=SUCCESS |  
2019-09-19 14:22:04,151 [6403e584-2209-453b-b79e-eeb0a7b58516:group-DA1F723C087E:LeaderElection212] INFO  segmented.SegmentedRaftLogWorker (SegmentedRaftLogWorker.java:startLogSegment(380)) - 6403e584-2209-453b-b79e-eeb0a7b58516-SegmentedRaftLogWorker:Storage Directory /workdir/hadoop-ozone/integration-test/target/test-dir/MiniOzoneClusterImpl-210d6028-2152-4683-81ff-347b0d29bb13/datanode-3/data/ratis/12af7614-f07b-4a7a-b214-da1f723c087e: Starting segment from index:0
2019-09-19 14:22:04,151 [5dfaa0ea-416a-422c-a75d-43311aceb00a:group-86D4C63C40C2:LeaderElection216] INFO  segmented.SegmentedRaftLogWorker (SegmentedRaftLogWorker.java:startLogSegment(380)) - 5dfaa0ea-416a-422c-a75d-43311aceb00a-SegmentedRaftLogWorker:Storage Directory /workdir/hadoop-ozone/integration-test/target/test-dir/MiniOzoneClusterImpl-210d6028-2152-4683-81ff-347b0d29bb13/datanode-1/data/ratis/5cd0559d-1b42-41ad-bb8e-86d4c63c40c2: Starting segment from index:0
2019-09-19 14:22:04,151 [6403e584-2209-453b-b79e-eeb0a7b58516:group-30BC58179734:LeaderElection211] INFO  impl.RoleInfo (RoleInfo.java:updateAndGet(143)) - 6403e584-2209-453b-b79e-eeb0a7b58516: start LeaderState
2019-09-19 14:22:04,150 [431517c4-8c09-4790-b37b-2e132c8143ad:group-F80C7D5A709A:LeaderElection210] INFO  segmented.SegmentedRaftLogWorker (SegmentedRaftLogWorker.java:startLogSegment(380)) - 431517c4-8c09-4790-b37b-2e132c8143ad-SegmentedRaftLogWorker:Storage Directory /workdir/hadoop-ozone/integration-test/target/test-dir/MiniOzoneClusterImpl-210d6028-2152-4683-81ff-347b0d29bb13/datanode-5/data/ratis/549d8439-ecd2-47a7-8d21-f80c7d5a709a: Starting segment from index:0
2019-09-19 14:22:04,150 [6403e584-2209-453b-b79e-eeb0a7b58516:group-43FD3CF4C782:LeaderElection207] INFO  impl.RoleInfo (RoleInfo.java:updateAndGet(143)) - 6403e584-2209-453b-b79e-eeb0a7b58516: start LeaderState
2019-09-19 14:22:05,524 | INFO  | SCMAudit | user=jenkins1000 | ip=192.168.157.226 | op=SEND_HEARTBEAT {datanodeUUID=56d21ab3-8f6d-44ea-b961-c721a1c09246, command=[]} | ret=SUCCESS |  
2019-09-19 14:22:05,524 | INFO  | SCMAudit | user=jenkins1000 | ip=192.168.157.226 | op=SEND_HEARTBEAT {datanodeUUID=6403e584-2209-453b-b79e-eeb0a7b58516, command=[]} | ret=SUCCESS |  
2019-09-19 14:22:05,524 | INFO  | SCMAudit | user=jenkins1000 | ip=192.168.157.226 | op=SEND_HEARTBEAT {datanodeUUID=1190b9a7-12b1-4c15-b33e-f7d0a0cd436c, command=[]} | ret=SUCCESS |  
2019-09-19 14:22:05,524 | INFO  | SCMAudit | user=jenkins1000 | ip=192.168.157.226 | op=SEND_HEARTBEAT {datanodeUUID=85c6a9f3-b9a5-43a5-ac4f-9aa7bd5f2263, command=[]} | ret=SUCCESS |  
2019-09-19 14:22:04,150 [pool-27-thread-1] INFO  server.RaftServerConfigKeys (ConfUtils.java:logGet(43)) - raft.server.log.statemachine.data.sync.timeout = 10s (default)
2019-09-19 14:22:05,524 | INFO  | SCMAudit | user=jenkins1000 | ip=192.168.157.226 | op=SEND_HEARTBEAT {datanodeUUID=5dfaa0ea-416a-422c-a75d-43311aceb00a, command=[]} | ret=SUCCESS |  
2019-09-19 14:22:05,524 | INFO  | SCMAudit | user=jenkins1000 | ip=192.168.157.226 | op=SEND_HEARTBEAT {datanodeUUID=431517c4-8c09-4790-b37b-2e132c8143ad, command=[]} | ret=SUCCESS |  
2019-09-19 14:22:04,150 [85c6a9f3-b9a5-43a5-ac4f-9aa7bd5f2263:group-CD6B5254D037:LeaderElection222] INFO  server.RaftServerConfigKeys (ConfUtils.java:logGet(43)) - raft.server.watch.timeout.denomination = 1s (default)
2019-09-19 14:22:04,150 [306a7a99-f2a5-4f40-b42b-2fc2def08a6a-SegmentedRaftLogWorker:Storage Directory /workdir/hadoop-ozone/integration-test/target/test-dir/MiniOzoneClusterImpl-210d6028-2152-4683-81ff-347b0d29bb13/datanode-2/data/ratis/bf2492a6-ee34-49ed-b93a-4dcb50bb2008] INFO  impl.StateMachineUpdater (StateMachineUpdater.java:stopAndJoin(115)) - StateMachineUpdater:306a7a99-f2a5-4f40-b42b-2fc2def08a6a:group-4DCB50BB2008: set stopIndex = -1
2019-09-19 14:22:04,150 [pool-60-thread-1] INFO  server.RaftServerConfigKeys (ConfUtils.java:logGet(43)) - raft.server.log.purge.gap = 1000000 (custom)
2019-09-19 14:22:04,149 [306a7a99-f2a5-4f40-b42b-2fc2def08a6a-SegmentedRaftLogWorker:Storage Directory /workdir/hadoop-ozone/integration-test/target/test-dir/MiniOzoneClusterImpl-210d6028-2152-4683-81ff-347b0d29bb13/datanode-2/data/ratis/60632a06-603e-4bed-a2f5-ba6b5495b088] INFO  segmented.SegmentedRaftLogWorker (SegmentedRaftLogWorker.java:close(228)) - 306a7a99-f2a5-4f40-b42b-2fc2def08a6a-SegmentedRaftLogWorker:Storage Directory /workdir/hadoop-ozone/integration-test/target/test-dir/MiniOzoneClusterImpl-210d6028-2152-4683-81ff-347b0d29bb13/datanode-2/data/ratis/60632a06-603e-4bed-a2f5-ba6b5495b088 close()
2019-09-19 14:22:04,149 [1190b9a7-12b1-4c15-b33e-f7d0a0cd436c-SegmentedRaftLogWorker:Storage Directory /workdir/hadoop-ozone/integration-test/target/test-dir/MiniOzoneClusterImpl-210d6028-2152-4683-81ff-347b0d29bb13/datanode-4/data/ratis/4c273e5c-6c92-4a5a-a97b-3a426b0eb8f6] INFO  impl.RaftServerImpl (ServerState.java:close(394)) - 1190b9a7-12b1-4c15-b33e-f7d0a0cd436c:group-3A426B0EB8F6 closes. The last applied log index is -1
2019-09-19 14:22:04,149 [6403e584-2209-453b-b79e-eeb0a7b58516-SegmentedRaftLogWorker:Storage Directory /workdir/hadoop-ozone/integration-test/target/test-dir/MiniOzoneClusterImpl-210d6028-2152-4683-81ff-347b0d29bb13/datanode-3/data/ratis/4a5c15d5-b75f-4c36-a226-8077d3fcdc3d] INFO  impl.RaftServerImpl (ServerState.java:close(394)) - 6403e584-2209-453b-b79e-eeb0a7b58516:group-8077D3FCDC3D closes. The last applied log index is -1
2019-09-19 14:22:05,744 | INFO  | SCMAudit | user=jenkins1000 | ip=192.168.157.226 | op=SEND_HEARTBEAT {datanodeUUID=306a7a99-f2a5-4f40-b42b-2fc2def08a6a, command=[]} | ret=SUCCESS |  
2019-09-19 14:22:04,149 [5dfaa0ea-416a-422c-a75d-43311aceb00a-SegmentedRaftLogWorker:Storage Directory /workdir/hadoop-ozone/integration-test/target/test-dir/MiniOzoneClusterImpl-210d6028-2152-4683-81ff-347b0d29bb13/datanode-1/data/ratis/2d4b86b3-3a5b-45f3-bc8f-8ee30092736f] INFO  segmented.SegmentedRaftLogWorker (SegmentedRaftLogWorker.java:close(228)) - 5dfaa0ea-416a-422c-a75d-43311aceb00a-SegmentedRaftLogWorker:Storage Directory /workdir/hadoop-ozone/integration-test/target/test-dir/MiniOzoneClusterImpl-210d6028-2152-4683-81ff-347b0d29bb13/datanode-1/data/ratis/2d4b86b3-3a5b-45f3-bc8f-8ee30092736f close()
2019-09-19 14:22:04,148 [85c6a9f3-b9a5-43a5-ac4f-9aa7bd5f2263:group-DFD37F1207A5:LeaderElection215] INFO  segmented.SegmentedRaftLogWorker (SegmentedRaftLogWorker.java:startLogSegment(380)) - 85c6a9f3-b9a5-43a5-ac4f-9aa7bd5f2263-SegmentedRaftLogWorker:Storage Directory /workdir/hadoop-ozone/integration-test/target/test-dir/MiniOzoneClusterImpl-210d6028-2152-4683-81ff-347b0d29bb13/datanode-0/data/ratis/80d4d314-5083-46a5-a651-dfd37f1207a5: Starting segment from index:0
2019-09-19 14:22:04,148 [pool-49-thread-1] INFO  storage.RaftStorage (RaftStorage.java:format(72)) - Storage directory /workdir/hadoop-ozone/integration-test/target/test-dir/MiniOzoneClusterImpl-210d6028-2152-4683-81ff-347b0d29bb13/datanode-2/data/ratis/739c26d7-9512-47d5-be3e-85125247f34e has been successfully formatted.
2019-09-19 14:22:03,867 [6403e584-2209-453b-b79e-eeb0a7b58516:group-1F9E99136BC1:LeaderElection206] INFO  impl.RaftServerImpl (ServerState.java:setRaftConf(361)) - 6403e584-2209-453b-b79e-eeb0a7b58516:group-1F9E99136BC1 set configuration 0: [6403e584-2209-453b-b79e-eeb0a7b58516:192.168.157.226:35833], old=null at 0
2019-09-19 14:22:05,744 [6403e584-2209-453b-b79e-eeb0a7b58516-SegmentedRaftLogWorker:Storage Directory /workdir/hadoop-ozone/integration-test/target/test-dir/MiniOzoneClusterImpl-210d6028-2152-4683-81ff-347b0d29bb13/datanode-3/data/ratis/4a5c15d5-b75f-4c36-a226-8077d3fcdc3d] INFO  segmented.SegmentedRaftLogWorker (SegmentedRaftLogWorker.java:close(228)) - 6403e584-2209-453b-b79e-eeb0a7b58516-SegmentedRaftLogWorker:Storage Directory /workdir/hadoop-ozone/integration-test/target/test-dir/MiniOzoneClusterImpl-210d6028-2152-4683-81ff-347b0d29bb13/datanode-3/data/ratis/4a5c15d5-b75f-4c36-a226-8077d3fcdc3d close()
2019-09-19 14:22:05,744 [1190b9a7-12b1-4c15-b33e-f7d0a0cd436c-SegmentedRaftLogWorker:Storage Directory /workdir/hadoop-ozone/integration-test/target/test-dir/MiniOzoneClusterImpl-210d6028-2152-4683-81ff-347b0d29bb13/datanode-4/data/ratis/4c273e5c-6c92-4a5a-a97b-3a426b0eb8f6] INFO  segmented.SegmentedRaftLogWorker (SegmentedRaftLogWorker.java:close(228)) - 1190b9a7-12b1-4c15-b33e-f7d0a0cd436c-SegmentedRaftLogWorker:Storage Directory /workdir/hadoop-ozone/integration-test/target/test-dir/MiniOzoneClusterImpl-210d6028-2152-4683-81ff-347b0d29bb13/datanode-4/data/ratis/4c273e5c-6c92-4a5a-a97b-3a426b0eb8f6 close()
2019-09-19 14:22:05,743 [pool-60-thread-1] INFO  server.RaftServerConfigKeys (ConfUtils.java:logGet(43)) - raft.server.log.appender.buffer.byte-limit = 33554432 (custom)
2019-09-19 14:22:05,743 [306a7a99-f2a5-4f40-b42b-2fc2def08a6a-SegmentedRaftLogWorker:Storage Directory /workdir/hadoop-ozone/integration-test/target/test-dir/MiniOzoneClusterImpl-210d6028-2152-4683-81ff-347b0d29bb13/datanode-2/data/ratis/bf2492a6-ee34-49ed-b93a-4dcb50bb2008] INFO  impl.RaftServerImpl (ServerState.java:close(394)) - 306a7a99-f2a5-4f40-b42b-2fc2def08a6a:group-4DCB50BB2008 closes. The last applied log index is -1
2019-09-19 14:22:05,743 [85c6a9f3-b9a5-43a5-ac4f-9aa7bd5f2263:group-CD6B5254D037:LeaderElection222] INFO  server.RaftServerConfigKeys (ConfUtils.java:logGet(43)) - raft.server.watch.element-limit = 65536 (default)
2019-09-19 14:22:05,992 [306a7a99-f2a5-4f40-b42b-2fc2def08a6a-SegmentedRaftLogWorker:Storage Directory /workdir/hadoop-ozone/integration-test/target/test-dir/MiniOzoneClusterImpl-210d6028-2152-4683-81ff-347b0d29bb13/datanode-2/data/ratis/bf2492a6-ee34-49ed-b93a-4dcb50bb2008] INFO  segmented.SegmentedRaftLogWorker (SegmentedRaftLogWorker.java:close(228)) - 306a7a99-f2a5-4f40-b42b-2fc2def08a6a-SegmentedRaftLogWorker:Storage Directory /workdir/hadoop-ozone/integration-test/target/test-dir/MiniOzoneClusterImpl-210d6028-2152-4683-81ff-347b0d29bb13/datanode-2/data/ratis/bf2492a6-ee34-49ed-b93a-4dcb50bb2008 close()
2019-09-19 14:22:05,743 [6403e584-2209-453b-b79e-eeb0a7b58516-SegmentedRaftLogWorker:Storage Directory /workdir/hadoop-ozone/integration-test/target/test-dir/MiniOzoneClusterImpl-210d6028-2152-4683-81ff-347b0d29bb13/datanode-3/data/ratis/61015394-270a-4289-a20e-1f9e99136bc1] ERROR segmented.SegmentedRaftLogWorker (SegmentedRaftLogWorker.java:run(323)) - 6403e584-2209-453b-b79e-eeb0a7b58516-SegmentedRaftLogWorker:Storage Directory /workdir/hadoop-ozone/integration-test/target/test-dir/MiniOzoneClusterImpl-210d6028-2152-4683-81ff-347b0d29bb13/datanode-3/data/ratis/61015394-270a-4289-a20e-1f9e99136bc1 hit exception
java.lang.OutOfMemoryError: Direct buffer memory
	at java.nio.Bits.reserveMemory(Bits.java:666)
	at java.nio.DirectByteBuffer.<init>(DirectByteBuffer.java:123)
	at java.nio.ByteBuffer.allocateDirect(ByteBuffer.java:311)
	at org.apache.ratis.server.raftlog.segmented.BufferedWriteChannel.<init>(BufferedWriteChannel.java:41)
	at org.apache.ratis.server.raftlog.segmented.SegmentedRaftLogOutputStream.<init>(SegmentedRaftLogOutputStream.java:72)
	at org.apache.ratis.server.raftlog.segmented.SegmentedRaftLogWorker$StartLogSegment.execute(SegmentedRaftLogWorker.java:566)
	at org.apache.ratis.server.raftlog.segmented.SegmentedRaftLogWorker.run(SegmentedRaftLogWorker.java:289)
	at java.lang.Thread.run(Thread.java:748)
2019-09-19 14:22:05,524 [pool-27-thread-1] INFO  server.RaftServerConfigKeys (ConfUtils.java:logGet(43)) - raft.server.log.statemachine.data.sync.timeout.retry = -1 (default)
2019-09-19 14:22:05,524 [6403e584-2209-453b-b79e-eeb0a7b58516:group-43FD3CF4C782:LeaderElection207] INFO  segmented.SegmentedRaftLogWorker (SegmentedRaftLogWorker.java:startLogSegment(380)) - 6403e584-2209-453b-b79e-eeb0a7b58516-SegmentedRaftLogWorker:Storage Directory /workdir/hadoop-ozone/integration-test/target/test-dir/MiniOzoneClusterImpl-210d6028-2152-4683-81ff-347b0d29bb13/datanode-3/data/ratis/ab079ae7-12c5-4fd2-aae7-43fd3cf4c782: Starting segment from index:0
2019-09-19 14:22:05,524 [431517c4-8c09-4790-b37b-2e132c8143ad:group-F80C7D5A709A:LeaderElection210] INFO  impl.RaftServerImpl (ServerState.java:setRaftConf(361)) - 431517c4-8c09-4790-b37b-2e132c8143ad:group-F80C7D5A709A set configuration 0: [431517c4-8c09-4790-b37b-2e132c8143ad:192.168.157.226:40911], old=null at 0
2019-09-19 14:22:05,074 [5dfaa0ea-416a-422c-a75d-43311aceb00a:group-86D4C63C40C2:LeaderElection216] INFO  impl.RaftServerImpl (ServerState.java:setRaftConf(361)) - 5dfaa0ea-416a-422c-a75d-43311aceb00a:group-86D4C63C40C2 set configuration 0: [5dfaa0ea-416a-422c-a75d-43311aceb00a:192.168.157.226:45629], old=null at 0
2019-09-19 14:22:05,524 [306a7a99-f2a5-4f40-b42b-2fc2def08a6a-SegmentedRaftLogWorker:Storage Directory /workdir/hadoop-ozone/integration-test/target/test-dir/MiniOzoneClusterImpl-210d6028-2152-4683-81ff-347b0d29bb13/datanode-2/data/ratis/bc099331-ccc8-4daa-a1f0-7ff1fb5a7764] ERROR segmented.SegmentedRaftLogWorker (SegmentedRaftLogWorker.java:run(323)) - 306a7a99-f2a5-4f40-b42b-2fc2def08a6a-SegmentedRaftLogWorker:Storage Directory /workdir/hadoop-ozone/integration-test/target/test-dir/MiniOzoneClusterImpl-210d6028-2152-4683-81ff-347b0d29bb13/datanode-2/data/ratis/bc099331-ccc8-4daa-a1f0-7ff1fb5a7764 hit exception
java.lang.OutOfMemoryError: Direct buffer memory
	at java.nio.Bits.reserveMemory(Bits.java:666)
	at java.nio.DirectByteBuffer.<init>(DirectByteBuffer.java:123)
	at java.nio.ByteBuffer.allocateDirect(ByteBuffer.java:311)
	at org.apache.ratis.server.raftlog.segmented.BufferedWriteChannel.<init>(BufferedWriteChannel.java:41)
	at org.apache.ratis.server.raftlog.segmented.SegmentedRaftLogOutputStream.<init>(SegmentedRaftLogOutputStream.java:72)
	at org.apache.ratis.server.raftlog.segmented.SegmentedRaftLogWorker$StartLogSegment.execute(SegmentedRaftLogWorker.java:566)
	at org.apache.ratis.server.raftlog.segmented.SegmentedRaftLogWorker.run(SegmentedRaftLogWorker.java:289)
	at java.lang.Thread.run(Thread.java:748)
2019-09-19 14:22:05,994 [306a7a99-f2a5-4f40-b42b-2fc2def08a6a-SegmentedRaftLogWorker:Storage Directory /workdir/hadoop-ozone/integration-test/target/test-dir/MiniOzoneClusterImpl-210d6028-2152-4683-81ff-347b0d29bb13/datanode-2/data/ratis/bc099331-ccc8-4daa-a1f0-7ff1fb5a7764] INFO  impl.RaftServerImpl (RaftServerImpl.java:lambda$shutdown$3(245)) - 306a7a99-f2a5-4f40-b42b-2fc2def08a6a: shutdown group-7FF1FB5A7764
2019-09-19 14:22:05,074 [6403e584-2209-453b-b79e-eeb0a7b58516:group-30BC58179734:LeaderElection211] INFO  segmented.SegmentedRaftLogWorker (SegmentedRaftLogWorker.java:startLogSegment(380)) - 6403e584-2209-453b-b79e-eeb0a7b58516-SegmentedRaftLogWorker:Storage Directory /workdir/hadoop-ozone/integration-test/target/test-dir/MiniOzoneClusterImpl-210d6028-2152-4683-81ff-347b0d29bb13/datanode-3/data/ratis/1cebcf2b-c2a4-4bdc-b72d-30bc58179734: Starting segment from index:0
2019-09-19 14:22:05,074 [6403e584-2209-453b-b79e-eeb0a7b58516:group-DA1F723C087E:LeaderElection212] INFO  impl.RaftServerImpl (ServerState.java:setRaftConf(361)) - 6403e584-2209-453b-b79e-eeb0a7b58516:group-DA1F723C087E set configuration 0: [6403e584-2209-453b-b79e-eeb0a7b58516:192.168.157.226:35833], old=null at 0
2019-09-19 14:22:04,844 [5dfaa0ea-416a-422c-a75d-43311aceb00a:group-1DACA9507B83:LeaderElection217] INFO  impl.RaftServerImpl (ServerState.java:setRaftConf(361)) - 5dfaa0ea-416a-422c-a75d-43311aceb00a:group-1DACA9507B83 set configuration 0: [5dfaa0ea-416a-422c-a75d-43311aceb00a:192.168.157.226:45629], old=null at 0
2019-09-19 14:22:05,073 [306a7a99-f2a5-4f40-b42b-2fc2def08a6a-SegmentedRaftLogWorker:Storage Directory /workdir/hadoop-ozone/integration-test/target/test-dir/MiniOzoneClusterImpl-210d6028-2152-4683-81ff-347b0d29bb13/datanode-2/data/ratis/0fe01f2e-5e07-4f1b-8ec4-5eabea0c3a9a] ERROR segmented.SegmentedRaftLogWorker (SegmentedRaftLogWorker.java:run(323)) - 306a7a99-f2a5-4f40-b42b-2fc2def08a6a-SegmentedRaftLogWorker:Storage Directory /workdir/hadoop-ozone/integration-test/target/test-dir/MiniOzoneClusterImpl-210d6028-2152-4683-81ff-347b0d29bb13/datanode-2/data/ratis/0fe01f2e-5e07-4f1b-8ec4-5eabea0c3a9a hit exception
java.lang.OutOfMemoryError: Direct buffer memory
	at java.nio.Bits.reserveMemory(Bits.java:666)
	at java.nio.DirectByteBuffer.<init>(DirectByteBuffer.java:123)
	at java.nio.ByteBuffer.allocateDirect(ByteBuffer.java:311)
	at org.apache.ratis.server.raftlog.segmented.BufferedWriteChannel.<init>(BufferedWriteChannel.java:41)
	at org.apache.ratis.server.raftlog.segmented.SegmentedRaftLogOutputStream.<init>(SegmentedRaftLogOutputStream.java:72)
	at org.apache.ratis.server.raftlog.segmented.SegmentedRaftLogWorker$StartLogSegment.execute(SegmentedRaftLogWorker.java:566)
	at org.apache.ratis.server.raftlog.segmented.SegmentedRaftLogWorker.run(SegmentedRaftLogWorker.java:289)
	at java.lang.Thread.run(Thread.java:748)
2019-09-19 14:22:05,073 [6403e584-2209-453b-b79e-eeb0a7b58516-SegmentedRaftLogWorker:Storage Directory /workdir/hadoop-ozone/integration-test/target/test-dir/MiniOzoneClusterImpl-210d6028-2152-4683-81ff-347b0d29bb13/datanode-3/data/ratis/59a6a4ed-be67-4336-8e8b-5f7b930d9b26] ERROR segmented.SegmentedRaftLogWorker (SegmentedRaftLogWorker.java:run(323)) - 6403e584-2209-453b-b79e-eeb0a7b58516-SegmentedRaftLogWorker:Storage Directory /workdir/hadoop-ozone/integration-test/target/test-dir/MiniOzoneClusterImpl-210d6028-2152-4683-81ff-347b0d29bb13/datanode-3/data/ratis/59a6a4ed-be67-4336-8e8b-5f7b930d9b26 hit exception
java.lang.OutOfMemoryError: Direct buffer memory
	at java.nio.Bits.reserveMemory(Bits.java:666)
	at java.nio.DirectByteBuffer.<init>(DirectByteBuffer.java:123)
	at java.nio.ByteBuffer.allocateDirect(ByteBuffer.java:311)
	at org.apache.ratis.server.raftlog.segmented.BufferedWriteChannel.<init>(BufferedWriteChannel.java:41)
	at org.apache.ratis.server.raftlog.segmented.SegmentedRaftLogOutputStream.<init>(SegmentedRaftLogOutputStream.java:72)
	at org.apache.ratis.server.raftlog.segmented.SegmentedRaftLogWorker$StartLogSegment.execute(SegmentedRaftLogWorker.java:566)
	at org.apache.ratis.server.raftlog.segmented.SegmentedRaftLogWorker.run(SegmentedRaftLogWorker.java:289)
	at java.lang.Thread.run(Thread.java:748)
2019-09-19 14:22:06,213 | INFO  | SCMAudit | user=jenkins1000 | ip=192.168.157.226 | op=SEND_HEARTBEAT {datanodeUUID=6403e584-2209-453b-b79e-eeb0a7b58516, command=[]} | ret=SUCCESS |  
2019-09-19 14:22:05,073 [85c6a9f3-b9a5-43a5-ac4f-9aa7bd5f2263-SegmentedRaftLogWorker:Storage Directory /workdir/hadoop-ozone/integration-test/target/test-dir/MiniOzoneClusterImpl-210d6028-2152-4683-81ff-347b0d29bb13/datanode-0/data/ratis/bd4449dd-2c00-4c40-a48b-c538689db8cd] ERROR segmented.SegmentedRaftLogWorker (SegmentedRaftLogWorker.java:run(323)) - 85c6a9f3-b9a5-43a5-ac4f-9aa7bd5f2263-SegmentedRaftLogWorker:Storage Directory /workdir/hadoop-ozone/integration-test/target/test-dir/MiniOzoneClusterImpl-210d6028-2152-4683-81ff-347b0d29bb13/datanode-0/data/ratis/bd4449dd-2c00-4c40-a48b-c538689db8cd hit exception
java.lang.OutOfMemoryError: Direct buffer memory
	at java.nio.Bits.reserveMemory(Bits.java:666)
	at java.nio.DirectByteBuffer.<init>(DirectByteBuffer.java:123)
	at java.nio.ByteBuffer.allocateDirect(ByteBuffer.java:311)
	at org.apache.ratis.server.raftlog.segmented.BufferedWriteChannel.<init>(BufferedWriteChannel.java:41)
	at org.apache.ratis.server.raftlog.segmented.SegmentedRaftLogOutputStream.<init>(SegmentedRaftLogOutputStream.java:72)
	at org.apache.ratis.server.raftlog.segmented.SegmentedRaftLogWorker$StartLogSegment.execute(SegmentedRaftLogWorker.java:566)
	at org.apache.ratis.server.raftlog.segmented.SegmentedRaftLogWorker.run(SegmentedRaftLogWorker.java:289)
	at java.lang.Thread.run(Thread.java:748)
2019-09-19 14:22:06,213 [85c6a9f3-b9a5-43a5-ac4f-9aa7bd5f2263-SegmentedRaftLogWorker:Storage Directory /workdir/hadoop-ozone/integration-test/target/test-dir/MiniOzoneClusterImpl-210d6028-2152-4683-81ff-347b0d29bb13/datanode-0/data/ratis/bd4449dd-2c00-4c40-a48b-c538689db8cd] INFO  impl.RaftServerImpl (RaftServerImpl.java:lambda$shutdown$3(245)) - 85c6a9f3-b9a5-43a5-ac4f-9aa7bd5f2263: shutdown group-C538689DB8CD
2019-09-19 14:22:04,844 [6403e584-2209-453b-b79e-eeb0a7b58516:group-9C7F6C0F9370:LeaderElection213] INFO  segmented.SegmentedRaftLogWorker (SegmentedRaftLogWorker.java:startLogSegment(380)) - 6403e584-2209-453b-b79e-eeb0a7b58516-SegmentedRaftLogWorker:Storage Directory /workdir/hadoop-ozone/integration-test/target/test-dir/MiniOzoneClusterImpl-210d6028-2152-4683-81ff-347b0d29bb13/datanode-3/data/ratis/2817a7b5-2faf-4c64-a472-9c7f6c0f9370: Starting segment from index:0
2019-09-19 14:22:04,844 [6403e584-2209-453b-b79e-eeb0a7b58516:group-A0DEC22EACB4:LeaderElection209] INFO  segmented.SegmentedRaftLogWorker (SegmentedRaftLogWorker.java:startLogSegment(380)) - 6403e584-2209-453b-b79e-eeb0a7b58516-SegmentedRaftLogWorker:Storage Directory /workdir/hadoop-ozone/integration-test/target/test-dir/MiniOzoneClusterImpl-210d6028-2152-4683-81ff-347b0d29bb13/datanode-3/data/ratis/1a967c74-1c30-4a67-8e0b-a0dec22eacb4: Starting segment from index:0
2019-09-19 14:22:04,843 [85c6a9f3-b9a5-43a5-ac4f-9aa7bd5f2263-SegmentedRaftLogWorker:Storage Directory /workdir/hadoop-ozone/integration-test/target/test-dir/MiniOzoneClusterImpl-210d6028-2152-4683-81ff-347b0d29bb13/datanode-0/data/ratis/86310666-1fb2-4d77-858f-1e959a581bc4] ERROR segmented.SegmentedRaftLogWorker (SegmentedRaftLogWorker.java:run(323)) - 85c6a9f3-b9a5-43a5-ac4f-9aa7bd5f2263-SegmentedRaftLogWorker:Storage Directory /workdir/hadoop-ozone/integration-test/target/test-dir/MiniOzoneClusterImpl-210d6028-2152-4683-81ff-347b0d29bb13/datanode-0/data/ratis/86310666-1fb2-4d77-858f-1e959a581bc4 hit exception
java.lang.OutOfMemoryError: Direct buffer memory
	at java.nio.Bits.reserveMemory(Bits.java:666)
	at java.nio.DirectByteBuffer.<init>(DirectByteBuffer.java:123)
	at java.nio.ByteBuffer.allocateDirect(ByteBuffer.java:311)
	at org.apache.ratis.server.raftlog.segmented.BufferedWriteChannel.<init>(BufferedWriteChannel.java:41)
	at org.apache.ratis.server.raftlog.segmented.SegmentedRaftLogOutputStream.<init>(SegmentedRaftLogOutputStream.java:72)
	at org.apache.ratis.server.raftlog.segmented.SegmentedRaftLogWorker$StartLogSegment.execute(SegmentedRaftLogWorker.java:566)
	at org.apache.ratis.server.raftlog.segmented.SegmentedRaftLogWorker.run(SegmentedRaftLogWorker.java:289)
	at java.lang.Thread.run(Thread.java:748)
2019-09-19 14:22:06,214 [85c6a9f3-b9a5-43a5-ac4f-9aa7bd5f2263-SegmentedRaftLogWorker:Storage Directory /workdir/hadoop-ozone/integration-test/target/test-dir/MiniOzoneClusterImpl-210d6028-2152-4683-81ff-347b0d29bb13/datanode-0/data/ratis/86310666-1fb2-4d77-858f-1e959a581bc4] INFO  impl.RaftServerImpl (RaftServerImpl.java:lambda$shutdown$3(245)) - 85c6a9f3-b9a5-43a5-ac4f-9aa7bd5f2263: shutdown group-1E959A581BC4
2019-09-19 14:22:04,382 [306a7a99-f2a5-4f40-b42b-2fc2def08a6a:group-60147ED89FF9:LeaderElection218] INFO  impl.RaftServerImpl (ServerState.java:setRaftConf(361)) - 306a7a99-f2a5-4f40-b42b-2fc2def08a6a:group-60147ED89FF9 set configuration 0: [306a7a99-f2a5-4f40-b42b-2fc2def08a6a:192.168.157.226:42633], old=null at 0
2019-09-19 14:22:06,674 | INFO  | SCMAudit | user=jenkins1000 | ip=192.168.157.226 | op=SEND_HEARTBEAT {datanodeUUID=1190b9a7-12b1-4c15-b33e-f7d0a0cd436c, command=[]} | ret=SUCCESS |  
2019-09-19 14:22:04,613 [85c6a9f3-b9a5-43a5-ac4f-9aa7bd5f2263-SegmentedRaftLogWorker:Storage Directory /workdir/hadoop-ozone/integration-test/target/test-dir/MiniOzoneClusterImpl-210d6028-2152-4683-81ff-347b0d29bb13/datanode-0/data/ratis/8dd7a860-c533-4c00-9e94-a1d8461ad66e] ERROR segmented.SegmentedRaftLogWorker (SegmentedRaftLogWorker.java:run(323)) - 85c6a9f3-b9a5-43a5-ac4f-9aa7bd5f2263-SegmentedRaftLogWorker:Storage Directory /workdir/hadoop-ozone/integration-test/target/test-dir/MiniOzoneClusterImpl-210d6028-2152-4683-81ff-347b0d29bb13/datanode-0/data/ratis/8dd7a860-c533-4c00-9e94-a1d8461ad66e hit exception
java.lang.OutOfMemoryError: Direct buffer memory
	at java.nio.Bits.reserveMemory(Bits.java:666)
	at java.nio.DirectByteBuffer.<init>(DirectByteBuffer.java:123)
	at java.nio.ByteBuffer.allocateDirect(ByteBuffer.java:311)
	at org.apache.ratis.server.raftlog.segmented.BufferedWriteChannel.<init>(BufferedWriteChannel.java:41)
	at org.apache.ratis.server.raftlog.segmented.SegmentedRaftLogOutputStream.<init>(SegmentedRaftLogOutputStream.java:72)
	at org.apache.ratis.server.raftlog.segmented.SegmentedRaftLogWorker$StartLogSegment.execute(SegmentedRaftLogWorker.java:566)
	at org.apache.ratis.server.raftlog.segmented.SegmentedRaftLogWorker.run(SegmentedRaftLogWorker.java:289)
	at java.lang.Thread.run(Thread.java:748)
2019-09-19 14:22:06,674 | INFO  | SCMAudit | user=jenkins1000 | ip=192.168.157.226 | op=SEND_HEARTBEAT {datanodeUUID=431517c4-8c09-4790-b37b-2e132c8143ad, command=[]} | ret=SUCCESS |  
2019-09-19 14:22:06,674 | INFO  | SCMAudit | user=jenkins1000 | ip=192.168.157.226 | op=SEND_HEARTBEAT {datanodeUUID=5dfaa0ea-416a-422c-a75d-43311aceb00a, command=[]} | ret=SUCCESS |  
2019-09-19 14:22:06,674 | INFO  | SCMAudit | user=jenkins1000 | ip=192.168.157.226 | op=SEND_HEARTBEAT {datanodeUUID=85c6a9f3-b9a5-43a5-ac4f-9aa7bd5f2263, command=[]} | ret=SUCCESS |  
2019-09-19 14:22:06,674 | INFO  | SCMAudit | user=jenkins1000 | ip=192.168.157.226 | op=SEND_HEARTBEAT {datanodeUUID=56d21ab3-8f6d-44ea-b961-c721a1c09246, command=[]} | ret=SUCCESS |  
2019-09-19 14:22:04,613 [1190b9a7-12b1-4c15-b33e-f7d0a0cd436c-SegmentedRaftLogWorker:Storage Directory /workdir/hadoop-ozone/integration-test/target/test-dir/MiniOzoneClusterImpl-210d6028-2152-4683-81ff-347b0d29bb13/datanode-4/data/ratis/02336153-ac0b-46fe-977d-f9b6ca18ee39] ERROR segmented.SegmentedRaftLogWorker (SegmentedRaftLogWorker.java:run(323)) - 1190b9a7-12b1-4c15-b33e-f7d0a0cd436c-SegmentedRaftLogWorker:Storage Directory /workdir/hadoop-ozone/integration-test/target/test-dir/MiniOzoneClusterImpl-210d6028-2152-4683-81ff-347b0d29bb13/datanode-4/data/ratis/02336153-ac0b-46fe-977d-f9b6ca18ee39 hit exception
java.lang.OutOfMemoryError: Direct buffer memory
	at java.nio.Bits.reserveMemory(Bits.java:666)
	at java.nio.DirectByteBuffer.<init>(DirectByteBuffer.java:123)
	at java.nio.ByteBuffer.allocateDirect(ByteBuffer.java:311)
	at org.apache.ratis.server.raftlog.segmented.BufferedWriteChannel.<init>(BufferedWriteChannel.java:41)
	at org.apache.ratis.server.raftlog.segmented.SegmentedRaftLogOutputStream.<init>(SegmentedRaftLogOutputStream.java:72)
	at org.apache.ratis.server.raftlog.segmented.SegmentedRaftLogWorker$StartLogSegment.execute(SegmentedRaftLogWorker.java:566)
	at org.apache.ratis.server.raftlog.segmented.SegmentedRaftLogWorker.run(SegmentedRaftLogWorker.java:289)
	at java.lang.Thread.run(Thread.java:748)
2019-09-19 14:22:04,613 [306a7a99-f2a5-4f40-b42b-2fc2def08a6a-SegmentedRaftLogWorker:Storage Directory /workdir/hadoop-ozone/integration-test/target/test-dir/MiniOzoneClusterImpl-210d6028-2152-4683-81ff-347b0d29bb13/datanode-2/data/ratis/3938e402-d7f1-4c8e-81db-a981e405d304] ERROR segmented.SegmentedRaftLogWorker (SegmentedRaftLogWorker.java:run(323)) - 306a7a99-f2a5-4f40-b42b-2fc2def08a6a-SegmentedRaftLogWorker:Storage Directory /workdir/hadoop-ozone/integration-test/target/test-dir/MiniOzoneClusterImpl-210d6028-2152-4683-81ff-347b0d29bb13/datanode-2/data/ratis/3938e402-d7f1-4c8e-81db-a981e405d304 hit exception
java.lang.OutOfMemoryError: Direct buffer memory
	at java.nio.Bits.reserveMemory(Bits.java:666)
	at java.nio.DirectByteBuffer.<init>(DirectByteBuffer.java:123)
	at java.nio.ByteBuffer.allocateDirect(ByteBuffer.java:311)
	at org.apache.ratis.server.raftlog.segmented.BufferedWriteChannel.<init>(BufferedWriteChannel.java:41)
	at org.apache.ratis.server.raftlog.segmented.SegmentedRaftLogOutputStream.<init>(SegmentedRaftLogOutputStream.java:72)
	at org.apache.ratis.server.raftlog.segmented.SegmentedRaftLogWorker$StartLogSegment.execute(SegmentedRaftLogWorker.java:566)
	at org.apache.ratis.server.raftlog.segmented.SegmentedRaftLogWorker.run(SegmentedRaftLogWorker.java:289)
	at java.lang.Thread.run(Thread.java:748)
2019-09-19 14:22:04,152 [5dfaa0ea-416a-422c-a75d-43311aceb00a:group-AE221AF6329E:LeaderElection220] INFO  segmented.SegmentedRaftLogWorker (SegmentedRaftLogWorker.java:startLogSegment(380)) - 5dfaa0ea-416a-422c-a75d-43311aceb00a-SegmentedRaftLogWorker:Storage Directory /workdir/hadoop-ozone/integration-test/target/test-dir/MiniOzoneClusterImpl-210d6028-2152-4683-81ff-347b0d29bb13/datanode-1/data/ratis/46c42004-d501-45e0-ad7c-ae221af6329e: Starting segment from index:0
2019-09-19 14:22:04,152 [5dfaa0ea-416a-422c-a75d-43311aceb00a:group-E527839BF39B:LeaderElection214] INFO  impl.RaftServerImpl (ServerState.java:setRaftConf(361)) - 5dfaa0ea-416a-422c-a75d-43311aceb00a:group-E527839BF39B set configuration 0: [5dfaa0ea-416a-422c-a75d-43311aceb00a:192.168.157.226:45629], old=null at 0
2019-09-19 14:22:04,152 [5dfaa0ea-416a-422c-a75d-43311aceb00a-SegmentedRaftLogWorker:Storage Directory /workdir/hadoop-ozone/integration-test/target/test-dir/MiniOzoneClusterImpl-210d6028-2152-4683-81ff-347b0d29bb13/datanode-1/data/ratis/d9644a14-b63e-4f6b-b25a-2d13f68c8b1a] INFO  segmented.SegmentedRaftLogWorker (SegmentedRaftLogWorker.java:close(228)) - 5dfaa0ea-416a-422c-a75d-43311aceb00a-SegmentedRaftLogWorker:Storage Directory /workdir/hadoop-ozone/integration-test/target/test-dir/MiniOzoneClusterImpl-210d6028-2152-4683-81ff-347b0d29bb13/datanode-1/data/ratis/d9644a14-b63e-4f6b-b25a-2d13f68c8b1a close()
2019-09-19 14:22:06,675 [306a7a99-f2a5-4f40-b42b-2fc2def08a6a-SegmentedRaftLogWorker:Storage Directory /workdir/hadoop-ozone/integration-test/target/test-dir/MiniOzoneClusterImpl-210d6028-2152-4683-81ff-347b0d29bb13/datanode-2/data/ratis/3938e402-d7f1-4c8e-81db-a981e405d304] INFO  impl.RaftServerImpl (RaftServerImpl.java:lambda$shutdown$3(245)) - 306a7a99-f2a5-4f40-b42b-2fc2def08a6a: shutdown group-A981E405D304
2019-09-19 14:22:06,674 [1190b9a7-12b1-4c15-b33e-f7d0a0cd436c-SegmentedRaftLogWorker:Storage Directory /workdir/hadoop-ozone/integration-test/target/test-dir/MiniOzoneClusterImpl-210d6028-2152-4683-81ff-347b0d29bb13/datanode-4/data/ratis/02336153-ac0b-46fe-977d-f9b6ca18ee39] INFO  impl.RaftServerImpl (RaftServerImpl.java:lambda$shutdown$3(245)) - 1190b9a7-12b1-4c15-b33e-f7d0a0cd436c: shutdown group-F9B6CA18EE39
2019-09-19 14:22:06,686 [306a7a99-f2a5-4f40-b42b-2fc2def08a6a-SegmentedRaftLogWorker:Storage Directory /workdir/hadoop-ozone/integration-test/target/test-dir/MiniOzoneClusterImpl-210d6028-2152-4683-81ff-347b0d29bb13/datanode-2/data/ratis/3938e402-d7f1-4c8e-81db-a981e405d304] INFO  util.JmxRegister (JmxRegister.java:unregister(73)) - Successfully un-registered JMX Bean with object name Ratis:service=RaftServer,group=group-A981E405D304,id=306a7a99-f2a5-4f40-b42b-2fc2def08a6a
2019-09-19 14:22:06,674 [85c6a9f3-b9a5-43a5-ac4f-9aa7bd5f2263-SegmentedRaftLogWorker:Storage Directory /workdir/hadoop-ozone/integration-test/target/test-dir/MiniOzoneClusterImpl-210d6028-2152-4683-81ff-347b0d29bb13/datanode-0/data/ratis/8dd7a860-c533-4c00-9e94-a1d8461ad66e] INFO  impl.RaftServerImpl (RaftServerImpl.java:lambda$shutdown$3(245)) - 85c6a9f3-b9a5-43a5-ac4f-9aa7bd5f2263: shutdown group-A1D8461AD66E
2019-09-19 14:22:06,432 [6403e584-2209-453b-b79e-eeb0a7b58516:group-A0DEC22EACB4:LeaderElection209] INFO  impl.RaftServerImpl (ServerState.java:setRaftConf(361)) - 6403e584-2209-453b-b79e-eeb0a7b58516:group-A0DEC22EACB4 set configuration 0: [6403e584-2209-453b-b79e-eeb0a7b58516:192.168.157.226:35833], old=null at 0
2019-09-19 14:22:06,432 [85c6a9f3-b9a5-43a5-ac4f-9aa7bd5f2263-SegmentedRaftLogWorker:Storage Directory /workdir/hadoop-ozone/integration-test/target/test-dir/MiniOzoneClusterImpl-210d6028-2152-4683-81ff-347b0d29bb13/datanode-0/data/ratis/86310666-1fb2-4d77-858f-1e959a581bc4] INFO  util.JmxRegister (JmxRegister.java:unregister(73)) - Successfully un-registered JMX Bean with object name Ratis:service=RaftServer,group=group-1E959A581BC4,id=85c6a9f3-b9a5-43a5-ac4f-9aa7bd5f2263
2019-09-19 14:22:06,214 [6403e584-2209-453b-b79e-eeb0a7b58516:group-9C7F6C0F9370:LeaderElection213] INFO  impl.RaftServerImpl (ServerState.java:setRaftConf(361)) - 6403e584-2209-453b-b79e-eeb0a7b58516:group-9C7F6C0F9370 set configuration 0: [6403e584-2209-453b-b79e-eeb0a7b58516:192.168.157.226:35833], old=null at 0
2019-09-19 14:22:06,214 [85c6a9f3-b9a5-43a5-ac4f-9aa7bd5f2263-SegmentedRaftLogWorker:Storage Directory /workdir/hadoop-ozone/integration-test/target/test-dir/MiniOzoneClusterImpl-210d6028-2152-4683-81ff-347b0d29bb13/datanode-0/data/ratis/bd4449dd-2c00-4c40-a48b-c538689db8cd] INFO  util.JmxRegister (JmxRegister.java:unregister(73)) - Successfully un-registered JMX Bean with object name Ratis:service=RaftServer,group=group-C538689DB8CD,id=85c6a9f3-b9a5-43a5-ac4f-9aa7bd5f2263
2019-09-19 14:22:06,213 [6403e584-2209-453b-b79e-eeb0a7b58516-SegmentedRaftLogWorker:Storage Directory /workdir/hadoop-ozone/integration-test/target/test-dir/MiniOzoneClusterImpl-210d6028-2152-4683-81ff-347b0d29bb13/datanode-3/data/ratis/59a6a4ed-be67-4336-8e8b-5f7b930d9b26] INFO  impl.RaftServerImpl (RaftServerImpl.java:lambda$shutdown$3(245)) - 6403e584-2209-453b-b79e-eeb0a7b58516: shutdown group-5F7B930D9B26
2019-09-19 14:22:06,213 [306a7a99-f2a5-4f40-b42b-2fc2def08a6a-SegmentedRaftLogWorker:Storage Directory /workdir/hadoop-ozone/integration-test/target/test-dir/MiniOzoneClusterImpl-210d6028-2152-4683-81ff-347b0d29bb13/datanode-2/data/ratis/0fe01f2e-5e07-4f1b-8ec4-5eabea0c3a9a] INFO  impl.RaftServerImpl (RaftServerImpl.java:lambda$shutdown$3(245)) - 306a7a99-f2a5-4f40-b42b-2fc2def08a6a: shutdown group-5EABEA0C3A9A
2019-09-19 14:22:06,005 [6403e584-2209-453b-b79e-eeb0a7b58516:group-30BC58179734:LeaderElection211] INFO  impl.RaftServerImpl (ServerState.java:setRaftConf(361)) - 6403e584-2209-453b-b79e-eeb0a7b58516:group-30BC58179734 set configuration 0: [6403e584-2209-453b-b79e-eeb0a7b58516:192.168.157.226:35833], old=null at 0
2019-09-19 14:22:05,994 [306a7a99-f2a5-4f40-b42b-2fc2def08a6a-SegmentedRaftLogWorker:Storage Directory /workdir/hadoop-ozone/integration-test/target/test-dir/MiniOzoneClusterImpl-210d6028-2152-4683-81ff-347b0d29bb13/datanode-2/data/ratis/bc099331-ccc8-4daa-a1f0-7ff1fb5a7764] INFO  util.JmxRegister (JmxRegister.java:unregister(73)) - Successfully un-registered JMX Bean with object name Ratis:service=RaftServer,group=group-7FF1FB5A7764,id=306a7a99-f2a5-4f40-b42b-2fc2def08a6a
2019-09-19 14:22:06,688 [306a7a99-f2a5-4f40-b42b-2fc2def08a6a-SegmentedRaftLogWorker:Storage Directory /workdir/hadoop-ozone/integration-test/target/test-dir/MiniOzoneClusterImpl-210d6028-2152-4683-81ff-347b0d29bb13/datanode-2/data/ratis/bc099331-ccc8-4daa-a1f0-7ff1fb5a7764] INFO  impl.RoleInfo (RoleInfo.java:shutdownLeaderState(104)) - 306a7a99-f2a5-4f40-b42b-2fc2def08a6a: shutdown LeaderState
2019-09-19 14:22:05,994 [6403e584-2209-453b-b79e-eeb0a7b58516:group-43FD3CF4C782:LeaderElection207] INFO  impl.RaftServerImpl (ServerState.java:setRaftConf(361)) - 6403e584-2209-453b-b79e-eeb0a7b58516:group-43FD3CF4C782 set configuration 0: [6403e584-2209-453b-b79e-eeb0a7b58516:192.168.157.226:35833], old=null at 0
2019-09-19 14:22:05,993 [pool-27-thread-1] INFO  server.RaftServerConfigKeys (ConfUtils.java:logGet(43)) - raft.server.log.statemachine.data.caching.enabled = true (custom)
2019-09-19 14:22:05,993 [6403e584-2209-453b-b79e-eeb0a7b58516-SegmentedRaftLogWorker:Storage Directory /workdir/hadoop-ozone/integration-test/target/test-dir/MiniOzoneClusterImpl-210d6028-2152-4683-81ff-347b0d29bb13/datanode-3/data/ratis/61015394-270a-4289-a20e-1f9e99136bc1] INFO  impl.RaftServerImpl (RaftServerImpl.java:lambda$shutdown$3(245)) - 6403e584-2209-453b-b79e-eeb0a7b58516: shutdown group-1F9E99136BC1
2019-09-19 14:22:05,993 [85c6a9f3-b9a5-43a5-ac4f-9aa7bd5f2263:group-CD6B5254D037:LeaderElection222] INFO  impl.RoleInfo (RoleInfo.java:updateAndGet(143)) - 85c6a9f3-b9a5-43a5-ac4f-9aa7bd5f2263: start LeaderState
2019-09-19 14:22:06,688 [pool-27-thread-1] INFO  segmented.SegmentedRaftLogWorker (SegmentedRaftLogWorker.java:lambda$new$0(132)) - 85c6a9f3-b9a5-43a5-ac4f-9aa7bd5f2263-SegmentedRaftLogWorker:Storage Directory /workdir/hadoop-ozone/integration-test/target/test-dir/MiniOzoneClusterImpl-210d6028-2152-4683-81ff-347b0d29bb13/datanode-0/data/ratis/ed7ccb91-f33d-461f-8fcc-c123bbc42c4f: flushIndex: setUnconditionally 0 -> -1
2019-09-19 14:22:05,992 [pool-60-thread-1] INFO  server.RaftServerConfigKeys (ConfUtils.java:logGet(43)) - raft.server.log.segment.size.max = 1048576 (custom)
2019-09-19 14:22:05,744 [85c6a9f3-b9a5-43a5-ac4f-9aa7bd5f2263:group-DFD37F1207A5:LeaderElection215] INFO  impl.RaftServerImpl (ServerState.java:setRaftConf(361)) - 85c6a9f3-b9a5-43a5-ac4f-9aa7bd5f2263:group-DFD37F1207A5 set configuration 0: [85c6a9f3-b9a5-43a5-ac4f-9aa7bd5f2263:192.168.157.226:45170], old=null at 0
2019-09-19 14:22:05,744 [pool-49-thread-1] INFO  ratis.ContainerStateMachine (ContainerStateMachine.java:loadSnapshot(226)) - group-85125247F34E: The snapshot info is null. Setting the last applied indexto:(t:0, i:~)
2019-09-19 14:22:06,689 [pool-60-thread-1] INFO  server.RaftServerConfigKeys (ConfUtils.java:logGet(43)) - raft.server.log.segment.cache.num.max = 2 (custom)
2019-09-19 14:22:06,689 [pool-27-thread-1] INFO  server.RaftServerConfigKeys (ConfUtils.java:logGet(43)) - raft.server.snapshot.auto.trigger.enabled = true (custom)
2019-09-19 14:22:06,689 [85c6a9f3-b9a5-43a5-ac4f-9aa7bd5f2263:group-CD6B5254D037:LeaderElection222] INFO  segmented.SegmentedRaftLogWorker (SegmentedRaftLogWorker.java:startLogSegment(380)) - 85c6a9f3-b9a5-43a5-ac4f-9aa7bd5f2263-SegmentedRaftLogWorker:Storage Directory /workdir/hadoop-ozone/integration-test/target/test-dir/MiniOzoneClusterImpl-210d6028-2152-4683-81ff-347b0d29bb13/datanode-0/data/ratis/b458f3f0-e271-4946-a442-cd6b5254d037: Starting segment from index:0
2019-09-19 14:22:06,688 [6403e584-2209-453b-b79e-eeb0a7b58516-SegmentedRaftLogWorker:Storage Directory /workdir/hadoop-ozone/integration-test/target/test-dir/MiniOzoneClusterImpl-210d6028-2152-4683-81ff-347b0d29bb13/datanode-3/data/ratis/61015394-270a-4289-a20e-1f9e99136bc1] INFO  util.JmxRegister (JmxRegister.java:unregister(73)) - Successfully un-registered JMX Bean with object name Ratis:service=RaftServer,group=group-1F9E99136BC1,id=6403e584-2209-453b-b79e-eeb0a7b58516
2019-09-19 14:22:06,690 [6403e584-2209-453b-b79e-eeb0a7b58516-SegmentedRaftLogWorker:Storage Directory /workdir/hadoop-ozone/integration-test/target/test-dir/MiniOzoneClusterImpl-210d6028-2152-4683-81ff-347b0d29bb13/datanode-3/data/ratis/61015394-270a-4289-a20e-1f9e99136bc1] INFO  impl.RoleInfo (RoleInfo.java:shutdownLeaderState(104)) - 6403e584-2209-453b-b79e-eeb0a7b58516: shutdown LeaderState
2019-09-19 14:22:06,688 [306a7a99-f2a5-4f40-b42b-2fc2def08a6a-SegmentedRaftLogWorker:Storage Directory /workdir/hadoop-ozone/integration-test/target/test-dir/MiniOzoneClusterImpl-210d6028-2152-4683-81ff-347b0d29bb13/datanode-2/data/ratis/edee3d90-d322-40b3-ad7e-60147ed89ff9] ERROR segmented.SegmentedRaftLogWorker (SegmentedRaftLogWorker.java:run(323)) - 306a7a99-f2a5-4f40-b42b-2fc2def08a6a-SegmentedRaftLogWorker:Storage Directory /workdir/hadoop-ozone/integration-test/target/test-dir/MiniOzoneClusterImpl-210d6028-2152-4683-81ff-347b0d29bb13/datanode-2/data/ratis/edee3d90-d322-40b3-ad7e-60147ed89ff9 hit exception
java.lang.OutOfMemoryError: Direct buffer memory
	at java.nio.Bits.reserveMemory(Bits.java:666)
	at java.nio.DirectByteBuffer.<init>(DirectByteBuffer.java:123)
	at java.nio.ByteBuffer.allocateDirect(ByteBuffer.java:311)
	at org.apache.ratis.server.raftlog.segmented.BufferedWriteChannel.<init>(BufferedWriteChannel.java:41)
	at org.apache.ratis.server.raftlog.segmented.SegmentedRaftLogOutputStream.<init>(SegmentedRaftLogOutputStream.java:72)
	at org.apache.ratis.server.raftlog.segmented.SegmentedRaftLogWorker$StartLogSegment.execute(SegmentedRaftLogWorker.java:566)
	at org.apache.ratis.server.raftlog.segmented.SegmentedRaftLogWorker.run(SegmentedRaftLogWorker.java:289)
	at java.lang.Thread.run(Thread.java:748)
2019-09-19 14:22:06,688 [306a7a99-f2a5-4f40-b42b-2fc2def08a6a-SegmentedRaftLogWorker:Storage Directory /workdir/hadoop-ozone/integration-test/target/test-dir/MiniOzoneClusterImpl-210d6028-2152-4683-81ff-347b0d29bb13/datanode-2/data/ratis/bc099331-ccc8-4daa-a1f0-7ff1fb5a7764] INFO  impl.PendingRequests (PendingRequests.java:sendNotLeaderResponses(202)) - 306a7a99-f2a5-4f40-b42b-2fc2def08a6a-PendingRequests: sendNotLeaderResponses
2019-09-19 14:22:06,688 [5dfaa0ea-416a-422c-a75d-43311aceb00a-SegmentedRaftLogWorker:Storage Directory /workdir/hadoop-ozone/integration-test/target/test-dir/MiniOzoneClusterImpl-210d6028-2152-4683-81ff-347b0d29bb13/datanode-1/data/ratis/bf839dd8-5f81-4c92-ad09-e527839bf39b] ERROR segmented.SegmentedRaftLogWorker (SegmentedRaftLogWorker.java:run(323)) - 5dfaa0ea-416a-422c-a75d-43311aceb00a-SegmentedRaftLogWorker:Storage Directory /workdir/hadoop-ozone/integration-test/target/test-dir/MiniOzoneClusterImpl-210d6028-2152-4683-81ff-347b0d29bb13/datanode-1/data/ratis/bf839dd8-5f81-4c92-ad09-e527839bf39b hit exception
java.lang.OutOfMemoryError: Direct buffer memory
	at java.nio.Bits.reserveMemory(Bits.java:666)
	at java.nio.DirectByteBuffer.<init>(DirectByteBuffer.java:123)
	at java.nio.ByteBuffer.allocateDirect(ByteBuffer.java:311)
	at org.apache.ratis.server.raftlog.segmented.BufferedWriteChannel.<init>(BufferedWriteChannel.java:41)
	at org.apache.ratis.server.raftlog.segmented.SegmentedRaftLogOutputStream.<init>(SegmentedRaftLogOutputStream.java:72)
	at org.apache.ratis.server.raftlog.segmented.SegmentedRaftLogWorker$StartLogSegment.execute(SegmentedRaftLogWorker.java:566)
	at org.apache.ratis.server.raftlog.segmented.SegmentedRaftLogWorker.run(SegmentedRaftLogWorker.java:289)
	at java.lang.Thread.run(Thread.java:748)
2019-09-19 14:22:06,687 [306a7a99-f2a5-4f40-b42b-2fc2def08a6a-SegmentedRaftLogWorker:Storage Directory /workdir/hadoop-ozone/integration-test/target/test-dir/MiniOzoneClusterImpl-210d6028-2152-4683-81ff-347b0d29bb13/datanode-2/data/ratis/0fe01f2e-5e07-4f1b-8ec4-5eabea0c3a9a] INFO  util.JmxRegister (JmxRegister.java:unregister(73)) - Successfully un-registered JMX Bean with object name Ratis:service=RaftServer,group=group-5EABEA0C3A9A,id=306a7a99-f2a5-4f40-b42b-2fc2def08a6a
2019-09-19 14:22:06,687 [6403e584-2209-453b-b79e-eeb0a7b58516-SegmentedRaftLogWorker:Storage Directory /workdir/hadoop-ozone/integration-test/target/test-dir/MiniOzoneClusterImpl-210d6028-2152-4683-81ff-347b0d29bb13/datanode-3/data/ratis/59a6a4ed-be67-4336-8e8b-5f7b930d9b26] INFO  util.JmxRegister (JmxRegister.java:unregister(73)) - Successfully un-registered JMX Bean with object name Ratis:service=RaftServer,group=group-5F7B930D9B26,id=6403e584-2209-453b-b79e-eeb0a7b58516
2019-09-19 14:22:06,687 [85c6a9f3-b9a5-43a5-ac4f-9aa7bd5f2263-SegmentedRaftLogWorker:Storage Directory /workdir/hadoop-ozone/integration-test/target/test-dir/MiniOzoneClusterImpl-210d6028-2152-4683-81ff-347b0d29bb13/datanode-0/data/ratis/bd4449dd-2c00-4c40-a48b-c538689db8cd] INFO  impl.RoleInfo (RoleInfo.java:shutdownLeaderState(104)) - 85c6a9f3-b9a5-43a5-ac4f-9aa7bd5f2263: shutdown LeaderState
2019-09-19 14:22:06,687 [85c6a9f3-b9a5-43a5-ac4f-9aa7bd5f2263-SegmentedRaftLogWorker:Storage Directory /workdir/hadoop-ozone/integration-test/target/test-dir/MiniOzoneClusterImpl-210d6028-2152-4683-81ff-347b0d29bb13/datanode-0/data/ratis/86310666-1fb2-4d77-858f-1e959a581bc4] INFO  impl.RoleInfo (RoleInfo.java:shutdownLeaderState(104)) - 85c6a9f3-b9a5-43a5-ac4f-9aa7bd5f2263: shutdown LeaderState
2019-09-19 14:22:06,686 [85c6a9f3-b9a5-43a5-ac4f-9aa7bd5f2263-SegmentedRaftLogWorker:Storage Directory /workdir/hadoop-ozone/integration-test/target/test-dir/MiniOzoneClusterImpl-210d6028-2152-4683-81ff-347b0d29bb13/datanode-0/data/ratis/8dd7a860-c533-4c00-9e94-a1d8461ad66e] INFO  util.JmxRegister (JmxRegister.java:unregister(73)) - Successfully un-registered JMX Bean with object name Ratis:service=RaftServer,group=group-A1D8461AD66E,id=85c6a9f3-b9a5-43a5-ac4f-9aa7bd5f2263
2019-09-19 14:22:06,925 | INFO  | SCMAudit | user=jenkins1000 | ip=192.168.157.226 | op=SEND_HEARTBEAT {datanodeUUID=306a7a99-f2a5-4f40-b42b-2fc2def08a6a, command=[]} | ret=SUCCESS |  
2019-09-19 14:22:06,686 [306a7a99-f2a5-4f40-b42b-2fc2def08a6a-SegmentedRaftLogWorker:Storage Directory /workdir/hadoop-ozone/integration-test/target/test-dir/MiniOzoneClusterImpl-210d6028-2152-4683-81ff-347b0d29bb13/datanode-2/data/ratis/3938e402-d7f1-4c8e-81db-a981e405d304] INFO  impl.RoleInfo (RoleInfo.java:shutdownLeaderState(104)) - 306a7a99-f2a5-4f40-b42b-2fc2def08a6a: shutdown LeaderState
2019-09-19 14:22:06,686 [1190b9a7-12b1-4c15-b33e-f7d0a0cd436c-SegmentedRaftLogWorker:Storage Directory /workdir/hadoop-ozone/integration-test/target/test-dir/MiniOzoneClusterImpl-210d6028-2152-4683-81ff-347b0d29bb13/datanode-4/data/ratis/02336153-ac0b-46fe-977d-f9b6ca18ee39] INFO  util.JmxRegister (JmxRegister.java:unregister(73)) - Successfully un-registered JMX Bean with object name Ratis:service=RaftServer,group=group-F9B6CA18EE39,id=1190b9a7-12b1-4c15-b33e-f7d0a0cd436c
2019-09-19 14:22:06,926 [1190b9a7-12b1-4c15-b33e-f7d0a0cd436c-SegmentedRaftLogWorker:Storage Directory /workdir/hadoop-ozone/integration-test/target/test-dir/MiniOzoneClusterImpl-210d6028-2152-4683-81ff-347b0d29bb13/datanode-4/data/ratis/02336153-ac0b-46fe-977d-f9b6ca18ee39] INFO  impl.RoleInfo (RoleInfo.java:shutdownLeaderState(104)) - 1190b9a7-12b1-4c15-b33e-f7d0a0cd436c: shutdown LeaderState
2019-09-19 14:22:06,675 [5dfaa0ea-416a-422c-a75d-43311aceb00a:group-AE221AF6329E:LeaderElection220] INFO  impl.RaftServerImpl (ServerState.java:setRaftConf(361)) - 5dfaa0ea-416a-422c-a75d-43311aceb00a:group-AE221AF6329E set configuration 0: [5dfaa0ea-416a-422c-a75d-43311aceb00a:192.168.157.226:45629], old=null at 0
2019-09-19 14:22:06,926 [1190b9a7-12b1-4c15-b33e-f7d0a0cd436c-SegmentedRaftLogWorker:Storage Directory /workdir/hadoop-ozone/integration-test/target/test-dir/MiniOzoneClusterImpl-210d6028-2152-4683-81ff-347b0d29bb13/datanode-4/data/ratis/02336153-ac0b-46fe-977d-f9b6ca18ee39] INFO  impl.PendingRequests (PendingRequests.java:sendNotLeaderResponses(202)) - 1190b9a7-12b1-4c15-b33e-f7d0a0cd436c-PendingRequests: sendNotLeaderResponses
2019-09-19 14:22:06,926 [306a7a99-f2a5-4f40-b42b-2fc2def08a6a-SegmentedRaftLogWorker:Storage Directory /workdir/hadoop-ozone/integration-test/target/test-dir/MiniOzoneClusterImpl-210d6028-2152-4683-81ff-347b0d29bb13/datanode-2/data/ratis/3938e402-d7f1-4c8e-81db-a981e405d304] INFO  impl.PendingRequests (PendingRequests.java:sendNotLeaderResponses(202)) - 306a7a99-f2a5-4f40-b42b-2fc2def08a6a-PendingRequests: sendNotLeaderResponses
2019-09-19 14:22:06,925 [85c6a9f3-b9a5-43a5-ac4f-9aa7bd5f2263-SegmentedRaftLogWorker:Storage Directory /workdir/hadoop-ozone/integration-test/target/test-dir/MiniOzoneClusterImpl-210d6028-2152-4683-81ff-347b0d29bb13/datanode-0/data/ratis/8dd7a860-c533-4c00-9e94-a1d8461ad66e] INFO  impl.RoleInfo (RoleInfo.java:shutdownLeaderState(104)) - 85c6a9f3-b9a5-43a5-ac4f-9aa7bd5f2263: shutdown LeaderState
2019-09-19 14:22:06,926 [306a7a99-f2a5-4f40-b42b-2fc2def08a6a-SegmentedRaftLogWorker:Storage Directory /workdir/hadoop-ozone/integration-test/target/test-dir/MiniOzoneClusterImpl-210d6028-2152-4683-81ff-347b0d29bb13/datanode-2/data/ratis/3938e402-d7f1-4c8e-81db-a981e405d304] INFO  impl.StateMachineUpdater (StateMachineUpdater.java:stopAndJoin(115)) - StateMachineUpdater:306a7a99-f2a5-4f40-b42b-2fc2def08a6a:group-A981E405D304: set stopIndex = -1
2019-09-19 14:22:06,925 [85c6a9f3-b9a5-43a5-ac4f-9aa7bd5f2263-SegmentedRaftLogWorker:Storage Directory /workdir/hadoop-ozone/integration-test/target/test-dir/MiniOzoneClusterImpl-210d6028-2152-4683-81ff-347b0d29bb13/datanode-0/data/ratis/86310666-1fb2-4d77-858f-1e959a581bc4] INFO  impl.PendingRequests (PendingRequests.java:sendNotLeaderResponses(202)) - 85c6a9f3-b9a5-43a5-ac4f-9aa7bd5f2263-PendingRequests: sendNotLeaderResponses
2019-09-19 14:22:06,925 [85c6a9f3-b9a5-43a5-ac4f-9aa7bd5f2263-SegmentedRaftLogWorker:Storage Directory /workdir/hadoop-ozone/integration-test/target/test-dir/MiniOzoneClusterImpl-210d6028-2152-4683-81ff-347b0d29bb13/datanode-0/data/ratis/bd4449dd-2c00-4c40-a48b-c538689db8cd] INFO  impl.PendingRequests (PendingRequests.java:sendNotLeaderResponses(202)) - 85c6a9f3-b9a5-43a5-ac4f-9aa7bd5f2263-PendingRequests: sendNotLeaderResponses
2019-09-19 14:22:06,925 [6403e584-2209-453b-b79e-eeb0a7b58516-SegmentedRaftLogWorker:Storage Directory /workdir/hadoop-ozone/integration-test/target/test-dir/MiniOzoneClusterImpl-210d6028-2152-4683-81ff-347b0d29bb13/datanode-3/data/ratis/59a6a4ed-be67-4336-8e8b-5f7b930d9b26] INFO  impl.RoleInfo (RoleInfo.java:shutdownLeaderState(104)) - 6403e584-2209-453b-b79e-eeb0a7b58516: shutdown LeaderState
2019-09-19 14:22:06,925 [306a7a99-f2a5-4f40-b42b-2fc2def08a6a-SegmentedRaftLogWorker:Storage Directory /workdir/hadoop-ozone/integration-test/target/test-dir/MiniOzoneClusterImpl-210d6028-2152-4683-81ff-347b0d29bb13/datanode-2/data/ratis/0fe01f2e-5e07-4f1b-8ec4-5eabea0c3a9a] INFO  impl.RoleInfo (RoleInfo.java:shutdownLeaderState(104)) - 306a7a99-f2a5-4f40-b42b-2fc2def08a6a: shutdown LeaderState
2019-09-19 14:22:06,925 [5dfaa0ea-416a-422c-a75d-43311aceb00a-SegmentedRaftLogWorker:Storage Directory /workdir/hadoop-ozone/integration-test/target/test-dir/MiniOzoneClusterImpl-210d6028-2152-4683-81ff-347b0d29bb13/datanode-1/data/ratis/bf839dd8-5f81-4c92-ad09-e527839bf39b] INFO  impl.RaftServerImpl (RaftServerImpl.java:lambda$shutdown$3(245)) - 5dfaa0ea-416a-422c-a75d-43311aceb00a: shutdown group-E527839BF39B
2019-09-19 14:22:06,924 [306a7a99-f2a5-4f40-b42b-2fc2def08a6a-SegmentedRaftLogWorker:Storage Directory /workdir/hadoop-ozone/integration-test/target/test-dir/MiniOzoneClusterImpl-210d6028-2152-4683-81ff-347b0d29bb13/datanode-2/data/ratis/bc099331-ccc8-4daa-a1f0-7ff1fb5a7764] INFO  impl.StateMachineUpdater (StateMachineUpdater.java:stopAndJoin(115)) - StateMachineUpdater:306a7a99-f2a5-4f40-b42b-2fc2def08a6a:group-7FF1FB5A7764: set stopIndex = -1
2019-09-19 14:22:06,924 [306a7a99-f2a5-4f40-b42b-2fc2def08a6a-SegmentedRaftLogWorker:Storage Directory /workdir/hadoop-ozone/integration-test/target/test-dir/MiniOzoneClusterImpl-210d6028-2152-4683-81ff-347b0d29bb13/datanode-2/data/ratis/edee3d90-d322-40b3-ad7e-60147ed89ff9] INFO  impl.RaftServerImpl (RaftServerImpl.java:lambda$shutdown$3(245)) - 306a7a99-f2a5-4f40-b42b-2fc2def08a6a: shutdown group-60147ED89FF9
2019-09-19 14:22:06,924 [85c6a9f3-b9a5-43a5-ac4f-9aa7bd5f2263:group-CD6B5254D037:LeaderElection222] INFO  impl.RaftServerImpl (ServerState.java:setRaftConf(361)) - 85c6a9f3-b9a5-43a5-ac4f-9aa7bd5f2263:group-CD6B5254D037 set configuration 0: [85c6a9f3-b9a5-43a5-ac4f-9aa7bd5f2263:192.168.157.226:45170], old=null at 0
2019-09-19 14:22:06,690 [6403e584-2209-453b-b79e-eeb0a7b58516-SegmentedRaftLogWorker:Storage Directory /workdir/hadoop-ozone/integration-test/target/test-dir/MiniOzoneClusterImpl-210d6028-2152-4683-81ff-347b0d29bb13/datanode-3/data/ratis/61015394-270a-4289-a20e-1f9e99136bc1] INFO  impl.PendingRequests (PendingRequests.java:sendNotLeaderResponses(202)) - 6403e584-2209-453b-b79e-eeb0a7b58516-PendingRequests: sendNotLeaderResponses
2019-09-19 14:22:06,689 [pool-27-thread-1] INFO  server.RaftServerConfigKeys (ConfUtils.java:logGet(43)) - raft.server.snapshot.auto.trigger.threshold = 10000 (custom)
2019-09-19 14:22:06,689 [pool-60-thread-1] INFO  segmented.SegmentedRaftLogWorker (SegmentedRaftLogWorker.java:<init>(172)) - new 6403e584-2209-453b-b79e-eeb0a7b58516-SegmentedRaftLogWorker:Storage Directory /workdir/hadoop-ozone/integration-test/target/test-dir/MiniOzoneClusterImpl-210d6028-2152-4683-81ff-347b0d29bb13/datanode-3/data/ratis/739c26d7-9512-47d5-be3e-85125247f34e for RaftStorage:Storage Directory /workdir/hadoop-ozone/integration-test/target/test-dir/MiniOzoneClusterImpl-210d6028-2152-4683-81ff-347b0d29bb13/datanode-3/data/ratis/739c26d7-9512-47d5-be3e-85125247f34e
2019-09-19 14:22:06,689 [pool-49-thread-1] INFO  server.RaftServerConfigKeys (ConfUtils.java:logGet(43)) - raft.server.leader.election.timeout = 120s (custom)
2019-09-19 14:22:06,928 [pool-60-thread-1] INFO  server.RaftServerConfigKeys (ConfUtils.java:logGet(43)) - raft.server.log.queue.byte-limit = 2147483647 (custom)
2019-09-19 14:22:06,928 [pool-27-thread-1] INFO  server.RaftServerConfigKeys (ConfUtils.java:logGet(43)) - raft.server.retrycache.expirytime = 600000ms (custom)
2019-09-19 14:22:06,928 [6403e584-2209-453b-b79e-eeb0a7b58516-SegmentedRaftLogWorker:Storage Directory /workdir/hadoop-ozone/integration-test/target/test-dir/MiniOzoneClusterImpl-210d6028-2152-4683-81ff-347b0d29bb13/datanode-3/data/ratis/61015394-270a-4289-a20e-1f9e99136bc1] INFO  impl.StateMachineUpdater (StateMachineUpdater.java:stopAndJoin(115)) - StateMachineUpdater:6403e584-2209-453b-b79e-eeb0a7b58516:group-1F9E99136BC1: set stopIndex = -1
2019-09-19 14:22:06,927 [306a7a99-f2a5-4f40-b42b-2fc2def08a6a-SegmentedRaftLogWorker:Storage Directory /workdir/hadoop-ozone/integration-test/target/test-dir/MiniOzoneClusterImpl-210d6028-2152-4683-81ff-347b0d29bb13/datanode-2/data/ratis/edee3d90-d322-40b3-ad7e-60147ed89ff9] INFO  util.JmxRegister (JmxRegister.java:unregister(73)) - Successfully un-registered JMX Bean with object name Ratis:service=RaftServer,group=group-60147ED89FF9,id=306a7a99-f2a5-4f40-b42b-2fc2def08a6a
2019-09-19 14:22:06,929 [306a7a99-f2a5-4f40-b42b-2fc2def08a6a-SegmentedRaftLogWorker:Storage Directory /workdir/hadoop-ozone/integration-test/target/test-dir/MiniOzoneClusterImpl-210d6028-2152-4683-81ff-347b0d29bb13/datanode-2/data/ratis/edee3d90-d322-40b3-ad7e-60147ed89ff9] INFO  impl.RoleInfo (RoleInfo.java:shutdownLeaderState(104)) - 306a7a99-f2a5-4f40-b42b-2fc2def08a6a: shutdown LeaderState
2019-09-19 14:22:06,927 [5dfaa0ea-416a-422c-a75d-43311aceb00a-SegmentedRaftLogWorker:Storage Directory /workdir/hadoop-ozone/integration-test/target/test-dir/MiniOzoneClusterImpl-210d6028-2152-4683-81ff-347b0d29bb13/datanode-1/data/ratis/bf839dd8-5f81-4c92-ad09-e527839bf39b] INFO  util.JmxRegister (JmxRegister.java:unregister(73)) - Successfully un-registered JMX Bean with object name Ratis:service=RaftServer,group=group-E527839BF39B,id=5dfaa0ea-416a-422c-a75d-43311aceb00a
2019-09-19 14:22:06,929 [5dfaa0ea-416a-422c-a75d-43311aceb00a-SegmentedRaftLogWorker:Storage Directory /workdir/hadoop-ozone/integration-test/target/test-dir/MiniOzoneClusterImpl-210d6028-2152-4683-81ff-347b0d29bb13/datanode-1/data/ratis/bf839dd8-5f81-4c92-ad09-e527839bf39b] INFO  impl.RoleInfo (RoleInfo.java:shutdownLeaderState(104)) - 5dfaa0ea-416a-422c-a75d-43311aceb00a: shutdown LeaderState
2019-09-19 14:22:06,927 [306a7a99-f2a5-4f40-b42b-2fc2def08a6a-SegmentedRaftLogWorker:Storage Directory /workdir/hadoop-ozone/integration-test/target/test-dir/MiniOzoneClusterImpl-210d6028-2152-4683-81ff-347b0d29bb13/datanode-2/data/ratis/bc099331-ccc8-4daa-a1f0-7ff1fb5a7764] INFO  impl.RaftServerImpl (ServerState.java:close(394)) - 306a7a99-f2a5-4f40-b42b-2fc2def08a6a:group-7FF1FB5A7764 closes. The last applied log index is -1
2019-09-19 14:22:06,927 [306a7a99-f2a5-4f40-b42b-2fc2def08a6a-SegmentedRaftLogWorker:Storage Directory /workdir/hadoop-ozone/integration-test/target/test-dir/MiniOzoneClusterImpl-210d6028-2152-4683-81ff-347b0d29bb13/datanode-2/data/ratis/0fe01f2e-5e07-4f1b-8ec4-5eabea0c3a9a] INFO  impl.PendingRequests (PendingRequests.java:sendNotLeaderResponses(202)) - 306a7a99-f2a5-4f40-b42b-2fc2def08a6a-PendingRequests: sendNotLeaderResponses
2019-09-19 14:22:06,927 [6403e584-2209-453b-b79e-eeb0a7b58516-SegmentedRaftLogWorker:Storage Directory /workdir/hadoop-ozone/integration-test/target/test-dir/MiniOzoneClusterImpl-210d6028-2152-4683-81ff-347b0d29bb13/datanode-3/data/ratis/811e15e4-d434-46d3-a094-4e79eb7f747b] ERROR segmented.SegmentedRaftLogWorker (SegmentedRaftLogWorker.java:run(323)) - 6403e584-2209-453b-b79e-eeb0a7b58516-SegmentedRaftLogWorker:Storage Directory /workdir/hadoop-ozone/integration-test/target/test-dir/MiniOzoneClusterImpl-210d6028-2152-4683-81ff-347b0d29bb13/datanode-3/data/ratis/811e15e4-d434-46d3-a094-4e79eb7f747b hit exception
java.lang.OutOfMemoryError: Direct buffer memory
	at java.nio.Bits.reserveMemory(Bits.java:666)
	at java.nio.DirectByteBuffer.<init>(DirectByteBuffer.java:123)
	at java.nio.ByteBuffer.allocateDirect(ByteBuffer.java:311)
	at org.apache.ratis.server.raftlog.segmented.BufferedWriteChannel.<init>(BufferedWriteChannel.java:41)
	at org.apache.ratis.server.raftlog.segmented.SegmentedRaftLogOutputStream.<init>(SegmentedRaftLogOutputStream.java:72)
	at org.apache.ratis.server.raftlog.segmented.SegmentedRaftLogWorker$StartLogSegment.execute(SegmentedRaftLogWorker.java:566)
	at org.apache.ratis.server.raftlog.segmented.SegmentedRaftLogWorker.run(SegmentedRaftLogWorker.java:289)
	at java.lang.Thread.run(Thread.java:748)
2019-09-19 14:22:06,927 [6403e584-2209-453b-b79e-eeb0a7b58516-SegmentedRaftLogWorker:Storage Directory /workdir/hadoop-ozone/integration-test/target/test-dir/MiniOzoneClusterImpl-210d6028-2152-4683-81ff-347b0d29bb13/datanode-3/data/ratis/59a6a4ed-be67-4336-8e8b-5f7b930d9b26] INFO  impl.PendingRequests (PendingRequests.java:sendNotLeaderResponses(202)) - 6403e584-2209-453b-b79e-eeb0a7b58516-PendingRequests: sendNotLeaderResponses
2019-09-19 14:22:06,927 [85c6a9f3-b9a5-43a5-ac4f-9aa7bd5f2263-SegmentedRaftLogWorker:Storage Directory /workdir/hadoop-ozone/integration-test/target/test-dir/MiniOzoneClusterImpl-210d6028-2152-4683-81ff-347b0d29bb13/datanode-0/data/ratis/bd4449dd-2c00-4c40-a48b-c538689db8cd] INFO  impl.StateMachineUpdater (StateMachineUpdater.java:stopAndJoin(115)) - StateMachineUpdater:85c6a9f3-b9a5-43a5-ac4f-9aa7bd5f2263:group-C538689DB8CD: set stopIndex = -1
2019-09-19 14:22:06,927 [85c6a9f3-b9a5-43a5-ac4f-9aa7bd5f2263-SegmentedRaftLogWorker:Storage Directory /workdir/hadoop-ozone/integration-test/target/test-dir/MiniOzoneClusterImpl-210d6028-2152-4683-81ff-347b0d29bb13/datanode-0/data/ratis/86310666-1fb2-4d77-858f-1e959a581bc4] INFO  impl.StateMachineUpdater (StateMachineUpdater.java:stopAndJoin(115)) - StateMachineUpdater:85c6a9f3-b9a5-43a5-ac4f-9aa7bd5f2263:group-1E959A581BC4: set stopIndex = -1
2019-09-19 14:22:06,926 [306a7a99-f2a5-4f40-b42b-2fc2def08a6a-SegmentedRaftLogWorker:Storage Directory /workdir/hadoop-ozone/integration-test/target/test-dir/MiniOzoneClusterImpl-210d6028-2152-4683-81ff-347b0d29bb13/datanode-2/data/ratis/3938e402-d7f1-4c8e-81db-a981e405d304] INFO  impl.RaftServerImpl (ServerState.java:close(394)) - 306a7a99-f2a5-4f40-b42b-2fc2def08a6a:group-A981E405D304 closes. The last applied log index is -1
2019-09-19 14:22:06,926 [85c6a9f3-b9a5-43a5-ac4f-9aa7bd5f2263-SegmentedRaftLogWorker:Storage Directory /workdir/hadoop-ozone/integration-test/target/test-dir/MiniOzoneClusterImpl-210d6028-2152-4683-81ff-347b0d29bb13/datanode-0/data/ratis/8dd7a860-c533-4c00-9e94-a1d8461ad66e] INFO  impl.PendingRequests (PendingRequests.java:sendNotLeaderResponses(202)) - 85c6a9f3-b9a5-43a5-ac4f-9aa7bd5f2263-PendingRequests: sendNotLeaderResponses
2019-09-19 14:22:06,930 [306a7a99-f2a5-4f40-b42b-2fc2def08a6a-SegmentedRaftLogWorker:Storage Directory /workdir/hadoop-ozone/integration-test/target/test-dir/MiniOzoneClusterImpl-210d6028-2152-4683-81ff-347b0d29bb13/datanode-2/data/ratis/3938e402-d7f1-4c8e-81db-a981e405d304] INFO  segmented.SegmentedRaftLogWorker (SegmentedRaftLogWorker.java:close(228)) - 306a7a99-f2a5-4f40-b42b-2fc2def08a6a-SegmentedRaftLogWorker:Storage Directory /workdir/hadoop-ozone/integration-test/target/test-dir/MiniOzoneClusterImpl-210d6028-2152-4683-81ff-347b0d29bb13/datanode-2/data/ratis/3938e402-d7f1-4c8e-81db-a981e405d304 close()
2019-09-19 14:22:06,926 [1190b9a7-12b1-4c15-b33e-f7d0a0cd436c-SegmentedRaftLogWorker:Storage Directory /workdir/hadoop-ozone/integration-test/target/test-dir/MiniOzoneClusterImpl-210d6028-2152-4683-81ff-347b0d29bb13/datanode-4/data/ratis/02336153-ac0b-46fe-977d-f9b6ca18ee39] INFO  impl.StateMachineUpdater (StateMachineUpdater.java:stopAndJoin(115)) - StateMachineUpdater:1190b9a7-12b1-4c15-b33e-f7d0a0cd436c:group-F9B6CA18EE39: set stopIndex = -1
2019-09-19 14:22:06,930 [85c6a9f3-b9a5-43a5-ac4f-9aa7bd5f2263-SegmentedRaftLogWorker:Storage Directory /workdir/hadoop-ozone/integration-test/target/test-dir/MiniOzoneClusterImpl-210d6028-2152-4683-81ff-347b0d29bb13/datanode-0/data/ratis/8dd7a860-c533-4c00-9e94-a1d8461ad66e] INFO  impl.StateMachineUpdater (StateMachineUpdater.java:stopAndJoin(115)) - StateMachineUpdater:85c6a9f3-b9a5-43a5-ac4f-9aa7bd5f2263:group-A1D8461AD66E: set stopIndex = -1
2019-09-19 14:22:06,930 [85c6a9f3-b9a5-43a5-ac4f-9aa7bd5f2263-SegmentedRaftLogWorker:Storage Directory /workdir/hadoop-ozone/integration-test/target/test-dir/MiniOzoneClusterImpl-210d6028-2152-4683-81ff-347b0d29bb13/datanode-0/data/ratis/8dd7a860-c533-4c00-9e94-a1d8461ad66e] INFO  impl.RaftServerImpl (ServerState.java:close(394)) - 85c6a9f3-b9a5-43a5-ac4f-9aa7bd5f2263:group-A1D8461AD66E closes. The last applied log index is -1
2019-09-19 14:22:06,930 [85c6a9f3-b9a5-43a5-ac4f-9aa7bd5f2263-SegmentedRaftLogWorker:Storage Directory /workdir/hadoop-ozone/integration-test/target/test-dir/MiniOzoneClusterImpl-210d6028-2152-4683-81ff-347b0d29bb13/datanode-0/data/ratis/86310666-1fb2-4d77-858f-1e959a581bc4] INFO  impl.RaftServerImpl (ServerState.java:close(394)) - 85c6a9f3-b9a5-43a5-ac4f-9aa7bd5f2263:group-1E959A581BC4 closes. The last applied log index is -1
2019-09-19 14:22:06,930 [85c6a9f3-b9a5-43a5-ac4f-9aa7bd5f2263-SegmentedRaftLogWorker:Storage Directory /workdir/hadoop-ozone/integration-test/target/test-dir/MiniOzoneClusterImpl-210d6028-2152-4683-81ff-347b0d29bb13/datanode-0/data/ratis/bd4449dd-2c00-4c40-a48b-c538689db8cd] INFO  impl.RaftServerImpl (ServerState.java:close(394)) - 85c6a9f3-b9a5-43a5-ac4f-9aa7bd5f2263:group-C538689DB8CD closes. The last applied log index is -1
2019-09-19 14:22:06,930 [pool-27-thread-1] INFO  impl.RaftServerImpl (RaftServerImpl.java:<init>(93)) - 85c6a9f3-b9a5-43a5-ac4f-9aa7bd5f2263: new RaftServerImpl for group-85125247F34E:[85c6a9f3-b9a5-43a5-ac4f-9aa7bd5f2263:192.168.157.226:45170, 306a7a99-f2a5-4f40-b42b-2fc2def08a6a:192.168.157.226:42633, 6403e584-2209-453b-b79e-eeb0a7b58516:192.168.157.226:35833] with ContainerStateMachine:uninitialized
2019-09-19 14:22:06,930 [6403e584-2209-453b-b79e-eeb0a7b58516-SegmentedRaftLogWorker:Storage Directory /workdir/hadoop-ozone/integration-test/target/test-dir/MiniOzoneClusterImpl-210d6028-2152-4683-81ff-347b0d29bb13/datanode-3/data/ratis/59a6a4ed-be67-4336-8e8b-5f7b930d9b26] INFO  impl.StateMachineUpdater (StateMachineUpdater.java:stopAndJoin(115)) - StateMachineUpdater:6403e584-2209-453b-b79e-eeb0a7b58516:group-5F7B930D9B26: set stopIndex = -1
2019-09-19 14:22:06,929 [6403e584-2209-453b-b79e-eeb0a7b58516-SegmentedRaftLogWorker:Storage Directory /workdir/hadoop-ozone/integration-test/target/test-dir/MiniOzoneClusterImpl-210d6028-2152-4683-81ff-347b0d29bb13/datanode-3/data/ratis/811e15e4-d434-46d3-a094-4e79eb7f747b] INFO  impl.RaftServerImpl (RaftServerImpl.java:lambda$shutdown$3(245)) - 6403e584-2209-453b-b79e-eeb0a7b58516: shutdown group-4E79EB7F747B
2019-09-19 14:22:06,929 [306a7a99-f2a5-4f40-b42b-2fc2def08a6a-SegmentedRaftLogWorker:Storage Directory /workdir/hadoop-ozone/integration-test/target/test-dir/MiniOzoneClusterImpl-210d6028-2152-4683-81ff-347b0d29bb13/datanode-2/data/ratis/0fe01f2e-5e07-4f1b-8ec4-5eabea0c3a9a] INFO  impl.StateMachineUpdater (StateMachineUpdater.java:stopAndJoin(115)) - StateMachineUpdater:306a7a99-f2a5-4f40-b42b-2fc2def08a6a:group-5EABEA0C3A9A: set stopIndex = -1
2019-09-19 14:22:06,931 [306a7a99-f2a5-4f40-b42b-2fc2def08a6a-SegmentedRaftLogWorker:Storage Directory /workdir/hadoop-ozone/integration-test/target/test-dir/MiniOzoneClusterImpl-210d6028-2152-4683-81ff-347b0d29bb13/datanode-2/data/ratis/0fe01f2e-5e07-4f1b-8ec4-5eabea0c3a9a] INFO  impl.RaftServerImpl (ServerState.java:close(394)) - 306a7a99-f2a5-4f40-b42b-2fc2def08a6a:group-5EABEA0C3A9A closes. The last applied log index is -1
2019-09-19 14:22:06,929 [306a7a99-f2a5-4f40-b42b-2fc2def08a6a-SegmentedRaftLogWorker:Storage Directory /workdir/hadoop-ozone/integration-test/target/test-dir/MiniOzoneClusterImpl-210d6028-2152-4683-81ff-347b0d29bb13/datanode-2/data/ratis/bc099331-ccc8-4daa-a1f0-7ff1fb5a7764] INFO  segmented.SegmentedRaftLogWorker (SegmentedRaftLogWorker.java:close(228)) - 306a7a99-f2a5-4f40-b42b-2fc2def08a6a-SegmentedRaftLogWorker:Storage Directory /workdir/hadoop-ozone/integration-test/target/test-dir/MiniOzoneClusterImpl-210d6028-2152-4683-81ff-347b0d29bb13/datanode-2/data/ratis/bc099331-ccc8-4daa-a1f0-7ff1fb5a7764 close()
2019-09-19 14:22:06,929 [5dfaa0ea-416a-422c-a75d-43311aceb00a-SegmentedRaftLogWorker:Storage Directory /workdir/hadoop-ozone/integration-test/target/test-dir/MiniOzoneClusterImpl-210d6028-2152-4683-81ff-347b0d29bb13/datanode-1/data/ratis/bf839dd8-5f81-4c92-ad09-e527839bf39b] INFO  impl.PendingRequests (PendingRequests.java:sendNotLeaderResponses(202)) - 5dfaa0ea-416a-422c-a75d-43311aceb00a-PendingRequests: sendNotLeaderResponses
2019-09-19 14:22:06,929 [306a7a99-f2a5-4f40-b42b-2fc2def08a6a-SegmentedRaftLogWorker:Storage Directory /workdir/hadoop-ozone/integration-test/target/test-dir/MiniOzoneClusterImpl-210d6028-2152-4683-81ff-347b0d29bb13/datanode-2/data/ratis/edee3d90-d322-40b3-ad7e-60147ed89ff9] INFO  impl.PendingRequests (PendingRequests.java:sendNotLeaderResponses(202)) - 306a7a99-f2a5-4f40-b42b-2fc2def08a6a-PendingRequests: sendNotLeaderResponses
2019-09-19 14:22:06,929 [6403e584-2209-453b-b79e-eeb0a7b58516-SegmentedRaftLogWorker:Storage Directory /workdir/hadoop-ozone/integration-test/target/test-dir/MiniOzoneClusterImpl-210d6028-2152-4683-81ff-347b0d29bb13/datanode-3/data/ratis/61015394-270a-4289-a20e-1f9e99136bc1] INFO  impl.RaftServerImpl (ServerState.java:close(394)) - 6403e584-2209-453b-b79e-eeb0a7b58516:group-1F9E99136BC1 closes. The last applied log index is -1
2019-09-19 14:22:06,928 [pool-60-thread-1] INFO  server.RaftServerConfigKeys (ConfUtils.java:logGet(43)) - raft.server.log.queue.element-limit = 1024 (custom)
2019-09-19 14:22:06,928 [pool-49-thread-1] INFO  server.RaftServerConfigKeys (ConfUtils.java:logGet(43)) - raft.server.log.use.memory = false (default)
2019-09-19 14:22:06,932 [pool-60-thread-1] INFO  server.RaftServerConfigKeys (ConfUtils.java:logGet(43)) - raft.server.log.segment.size.max = 1048576 (custom)
2019-09-19 14:22:06,932 [6403e584-2209-453b-b79e-eeb0a7b58516-SegmentedRaftLogWorker:Storage Directory /workdir/hadoop-ozone/integration-test/target/test-dir/MiniOzoneClusterImpl-210d6028-2152-4683-81ff-347b0d29bb13/datanode-3/data/ratis/61015394-270a-4289-a20e-1f9e99136bc1] INFO  segmented.SegmentedRaftLogWorker (SegmentedRaftLogWorker.java:close(228)) - 6403e584-2209-453b-b79e-eeb0a7b58516-SegmentedRaftLogWorker:Storage Directory /workdir/hadoop-ozone/integration-test/target/test-dir/MiniOzoneClusterImpl-210d6028-2152-4683-81ff-347b0d29bb13/datanode-3/data/ratis/61015394-270a-4289-a20e-1f9e99136bc1 close()
2019-09-19 14:22:06,932 [306a7a99-f2a5-4f40-b42b-2fc2def08a6a-SegmentedRaftLogWorker:Storage Directory /workdir/hadoop-ozone/integration-test/target/test-dir/MiniOzoneClusterImpl-210d6028-2152-4683-81ff-347b0d29bb13/datanode-2/data/ratis/edee3d90-d322-40b3-ad7e-60147ed89ff9] INFO  impl.StateMachineUpdater (StateMachineUpdater.java:stopAndJoin(115)) - StateMachineUpdater:306a7a99-f2a5-4f40-b42b-2fc2def08a6a:group-60147ED89FF9: set stopIndex = -1
2019-09-19 14:22:06,932 [5dfaa0ea-416a-422c-a75d-43311aceb00a-SegmentedRaftLogWorker:Storage Directory /workdir/hadoop-ozone/integration-test/target/test-dir/MiniOzoneClusterImpl-210d6028-2152-4683-81ff-347b0d29bb13/datanode-1/data/ratis/bf839dd8-5f81-4c92-ad09-e527839bf39b] INFO  impl.StateMachineUpdater (StateMachineUpdater.java:stopAndJoin(115)) - StateMachineUpdater:5dfaa0ea-416a-422c-a75d-43311aceb00a:group-E527839BF39B: set stopIndex = -1
2019-09-19 14:22:06,931 [306a7a99-f2a5-4f40-b42b-2fc2def08a6a-SegmentedRaftLogWorker:Storage Directory /workdir/hadoop-ozone/integration-test/target/test-dir/MiniOzoneClusterImpl-210d6028-2152-4683-81ff-347b0d29bb13/datanode-2/data/ratis/0fe01f2e-5e07-4f1b-8ec4-5eabea0c3a9a] INFO  segmented.SegmentedRaftLogWorker (SegmentedRaftLogWorker.java:close(228)) - 306a7a99-f2a5-4f40-b42b-2fc2def08a6a-SegmentedRaftLogWorker:Storage Directory /workdir/hadoop-ozone/integration-test/target/test-dir/MiniOzoneClusterImpl-210d6028-2152-4683-81ff-347b0d29bb13/datanode-2/data/ratis/0fe01f2e-5e07-4f1b-8ec4-5eabea0c3a9a close()
2019-09-19 14:22:06,931 [6403e584-2209-453b-b79e-eeb0a7b58516-SegmentedRaftLogWorker:Storage Directory /workdir/hadoop-ozone/integration-test/target/test-dir/MiniOzoneClusterImpl-210d6028-2152-4683-81ff-347b0d29bb13/datanode-3/data/ratis/811e15e4-d434-46d3-a094-4e79eb7f747b] INFO  util.JmxRegister (JmxRegister.java:unregister(73)) - Successfully un-registered JMX Bean with object name Ratis:service=RaftServer,group=group-4E79EB7F747B,id=6403e584-2209-453b-b79e-eeb0a7b58516
2019-09-19 14:22:06,931 [6403e584-2209-453b-b79e-eeb0a7b58516-SegmentedRaftLogWorker:Storage Directory /workdir/hadoop-ozone/integration-test/target/test-dir/MiniOzoneClusterImpl-210d6028-2152-4683-81ff-347b0d29bb13/datanode-3/data/ratis/59a6a4ed-be67-4336-8e8b-5f7b930d9b26] INFO  impl.RaftServerImpl (ServerState.java:close(394)) - 6403e584-2209-453b-b79e-eeb0a7b58516:group-5F7B930D9B26 closes. The last applied log index is -1
2019-09-19 14:22:06,931 [85c6a9f3-b9a5-43a5-ac4f-9aa7bd5f2263-SegmentedRaftLogWorker:Storage Directory /workdir/hadoop-ozone/integration-test/target/test-dir/MiniOzoneClusterImpl-210d6028-2152-4683-81ff-347b0d29bb13/datanode-0/data/ratis/bd4449dd-2c00-4c40-a48b-c538689db8cd] INFO  segmented.SegmentedRaftLogWorker (SegmentedRaftLogWorker.java:close(228)) - 85c6a9f3-b9a5-43a5-ac4f-9aa7bd5f2263-SegmentedRaftLogWorker:Storage Directory /workdir/hadoop-ozone/integration-test/target/test-dir/MiniOzoneClusterImpl-210d6028-2152-4683-81ff-347b0d29bb13/datanode-0/data/ratis/bd4449dd-2c00-4c40-a48b-c538689db8cd close()
2019-09-19 14:22:06,931 [pool-27-thread-1] INFO  server.RaftServerConfigKeys (ConfUtils.java:logGet(43)) - raft.server.rpc.timeout.min = 5s (custom)
2019-09-19 14:22:06,931 [85c6a9f3-b9a5-43a5-ac4f-9aa7bd5f2263-SegmentedRaftLogWorker:Storage Directory /workdir/hadoop-ozone/integration-test/target/test-dir/MiniOzoneClusterImpl-210d6028-2152-4683-81ff-347b0d29bb13/datanode-0/data/ratis/86310666-1fb2-4d77-858f-1e959a581bc4] INFO  segmented.SegmentedRaftLogWorker (SegmentedRaftLogWorker.java:close(228)) - 85c6a9f3-b9a5-43a5-ac4f-9aa7bd5f2263-SegmentedRaftLogWorker:Storage Directory /workdir/hadoop-ozone/integration-test/target/test-dir/MiniOzoneClusterImpl-210d6028-2152-4683-81ff-347b0d29bb13/datanode-0/data/ratis/86310666-1fb2-4d77-858f-1e959a581bc4 close()
2019-09-19 14:22:06,931 [85c6a9f3-b9a5-43a5-ac4f-9aa7bd5f2263-SegmentedRaftLogWorker:Storage Directory /workdir/hadoop-ozone/integration-test/target/test-dir/MiniOzoneClusterImpl-210d6028-2152-4683-81ff-347b0d29bb13/datanode-0/data/ratis/8dd7a860-c533-4c00-9e94-a1d8461ad66e] INFO  segmented.SegmentedRaftLogWorker (SegmentedRaftLogWorker.java:close(228)) - 85c6a9f3-b9a5-43a5-ac4f-9aa7bd5f2263-SegmentedRaftLogWorker:Storage Directory /workdir/hadoop-ozone/integration-test/target/test-dir/MiniOzoneClusterImpl-210d6028-2152-4683-81ff-347b0d29bb13/datanode-0/data/ratis/8dd7a860-c533-4c00-9e94-a1d8461ad66e close()
2019-09-19 14:22:06,930 [1190b9a7-12b1-4c15-b33e-f7d0a0cd436c-SegmentedRaftLogWorker:Storage Directory /workdir/hadoop-ozone/integration-test/target/test-dir/MiniOzoneClusterImpl-210d6028-2152-4683-81ff-347b0d29bb13/datanode-4/data/ratis/02336153-ac0b-46fe-977d-f9b6ca18ee39] INFO  impl.RaftServerImpl (ServerState.java:close(394)) - 1190b9a7-12b1-4c15-b33e-f7d0a0cd436c:group-F9B6CA18EE39 closes. The last applied log index is -1
2019-09-19 14:22:06,934 [pool-27-thread-1] INFO  server.RaftServerConfigKeys (ConfUtils.java:logGet(43)) - raft.server.rpc.timeout.max = 5200ms (custom)
2019-09-19 14:22:06,934 [1190b9a7-12b1-4c15-b33e-f7d0a0cd436c-SegmentedRaftLogWorker:Storage Directory /workdir/hadoop-ozone/integration-test/target/test-dir/MiniOzoneClusterImpl-210d6028-2152-4683-81ff-347b0d29bb13/datanode-4/data/ratis/02336153-ac0b-46fe-977d-f9b6ca18ee39] INFO  segmented.SegmentedRaftLogWorker (SegmentedRaftLogWorker.java:close(228)) - 1190b9a7-12b1-4c15-b33e-f7d0a0cd436c-SegmentedRaftLogWorker:Storage Directory /workdir/hadoop-ozone/integration-test/target/test-dir/MiniOzoneClusterImpl-210d6028-2152-4683-81ff-347b0d29bb13/datanode-4/data/ratis/02336153-ac0b-46fe-977d-f9b6ca18ee39 close()
2019-09-19 14:22:06,934 [6403e584-2209-453b-b79e-eeb0a7b58516-SegmentedRaftLogWorker:Storage Directory /workdir/hadoop-ozone/integration-test/target/test-dir/MiniOzoneClusterImpl-210d6028-2152-4683-81ff-347b0d29bb13/datanode-3/data/ratis/59a6a4ed-be67-4336-8e8b-5f7b930d9b26] INFO  segmented.SegmentedRaftLogWorker (SegmentedRaftLogWorker.java:close(228)) - 6403e584-2209-453b-b79e-eeb0a7b58516-SegmentedRaftLogWorker:Storage Directory /workdir/hadoop-ozone/integration-test/target/test-dir/MiniOzoneClusterImpl-210d6028-2152-4683-81ff-347b0d29bb13/datanode-3/data/ratis/59a6a4ed-be67-4336-8e8b-5f7b930d9b26 close()
2019-09-19 14:22:06,933 [6403e584-2209-453b-b79e-eeb0a7b58516-SegmentedRaftLogWorker:Storage Directory /workdir/hadoop-ozone/integration-test/target/test-dir/MiniOzoneClusterImpl-210d6028-2152-4683-81ff-347b0d29bb13/datanode-3/data/ratis/811e15e4-d434-46d3-a094-4e79eb7f747b] INFO  impl.RoleInfo (RoleInfo.java:shutdownLeaderState(104)) - 6403e584-2209-453b-b79e-eeb0a7b58516: shutdown LeaderState
2019-09-19 14:22:06,933 [5dfaa0ea-416a-422c-a75d-43311aceb00a-SegmentedRaftLogWorker:Storage Directory /workdir/hadoop-ozone/integration-test/target/test-dir/MiniOzoneClusterImpl-210d6028-2152-4683-81ff-347b0d29bb13/datanode-1/data/ratis/bf839dd8-5f81-4c92-ad09-e527839bf39b] INFO  impl.RaftServerImpl (ServerState.java:close(394)) - 5dfaa0ea-416a-422c-a75d-43311aceb00a:group-E527839BF39B closes. The last applied log index is -1
2019-09-19 14:22:06,933 [306a7a99-f2a5-4f40-b42b-2fc2def08a6a-SegmentedRaftLogWorker:Storage Directory /workdir/hadoop-ozone/integration-test/target/test-dir/MiniOzoneClusterImpl-210d6028-2152-4683-81ff-347b0d29bb13/datanode-2/data/ratis/edee3d90-d322-40b3-ad7e-60147ed89ff9] INFO  impl.RaftServerImpl (ServerState.java:close(394)) - 306a7a99-f2a5-4f40-b42b-2fc2def08a6a:group-60147ED89FF9 closes. The last applied log index is -1
2019-09-19 14:22:06,933 [pool-60-thread-1] INFO  server.RaftServerConfigKeys (ConfUtils.java:logGet(43)) - raft.server.log.preallocated.size = 16384 (custom)
2019-09-19 14:22:06,937 [306a7a99-f2a5-4f40-b42b-2fc2def08a6a-SegmentedRaftLogWorker:Storage Directory /workdir/hadoop-ozone/integration-test/target/test-dir/MiniOzoneClusterImpl-210d6028-2152-4683-81ff-347b0d29bb13/datanode-2/data/ratis/edee3d90-d322-40b3-ad7e-60147ed89ff9] INFO  segmented.SegmentedRaftLogWorker (SegmentedRaftLogWorker.java:close(228)) - 306a7a99-f2a5-4f40-b42b-2fc2def08a6a-SegmentedRaftLogWorker:Storage Directory /workdir/hadoop-ozone/integration-test/target/test-dir/MiniOzoneClusterImpl-210d6028-2152-4683-81ff-347b0d29bb13/datanode-2/data/ratis/edee3d90-d322-40b3-ad7e-60147ed89ff9 close()
2019-09-19 14:22:06,933 [pool-49-thread-1] INFO  server.RaftServerConfigKeys (ConfUtils.java:logGet(43)) - raft.server.log.purge.gap = 1000000 (custom)
2019-09-19 14:22:06,937 [pool-60-thread-1] INFO  server.RaftServerConfigKeys (ConfUtils.java:logGet(43)) - raft.server.log.write.buffer.size = 33554432 (custom)
2019-09-19 14:22:06,937 [5dfaa0ea-416a-422c-a75d-43311aceb00a-SegmentedRaftLogWorker:Storage Directory /workdir/hadoop-ozone/integration-test/target/test-dir/MiniOzoneClusterImpl-210d6028-2152-4683-81ff-347b0d29bb13/datanode-1/data/ratis/bf839dd8-5f81-4c92-ad09-e527839bf39b] INFO  segmented.SegmentedRaftLogWorker (SegmentedRaftLogWorker.java:close(228)) - 5dfaa0ea-416a-422c-a75d-43311aceb00a-SegmentedRaftLogWorker:Storage Directory /workdir/hadoop-ozone/integration-test/target/test-dir/MiniOzoneClusterImpl-210d6028-2152-4683-81ff-347b0d29bb13/datanode-1/data/ratis/bf839dd8-5f81-4c92-ad09-e527839bf39b close()
2019-09-19 14:22:06,935 [6403e584-2209-453b-b79e-eeb0a7b58516-SegmentedRaftLogWorker:Storage Directory /workdir/hadoop-ozone/integration-test/target/test-dir/MiniOzoneClusterImpl-210d6028-2152-4683-81ff-347b0d29bb13/datanode-3/data/ratis/811e15e4-d434-46d3-a094-4e79eb7f747b] INFO  impl.PendingRequests (PendingRequests.java:sendNotLeaderResponses(202)) - 6403e584-2209-453b-b79e-eeb0a7b58516-PendingRequests: sendNotLeaderResponses
2019-09-19 14:22:06,934 [pool-27-thread-1] INFO  server.RaftServerConfigKeys (ConfUtils.java:logGet(43)) - raft.server.rpcslowness.timeout = 120s (custom)
2019-09-19 14:22:06,938 [pool-60-thread-1] INFO  server.RaftServerConfigKeys (ConfUtils.java:logGet(43)) - raft.server.log.force.sync.num = 128 (default)
2019-09-19 14:22:06,938 [pool-49-thread-1] INFO  server.RaftServerConfigKeys (ConfUtils.java:logGet(43)) - raft.server.log.appender.buffer.byte-limit = 33554432 (custom)
2019-09-19 14:22:06,938 [pool-60-thread-1] INFO  server.RaftServerConfigKeys (ConfUtils.java:logGet(43)) - raft.server.log.statemachine.data.sync = true (default)
2019-09-19 14:22:06,939 [pool-60-thread-1] INFO  server.RaftServerConfigKeys (ConfUtils.java:logGet(43)) - raft.server.log.statemachine.data.sync.timeout = 10s (default)
2019-09-19 14:22:06,938 [pool-27-thread-1] INFO  server.RaftServerConfigKeys (ConfUtils.java:logGet(43)) - raft.server.sleep.deviation.threshold = 300 (default)
2019-09-19 14:22:06,938 [6403e584-2209-453b-b79e-eeb0a7b58516-SegmentedRaftLogWorker:Storage Directory /workdir/hadoop-ozone/integration-test/target/test-dir/MiniOzoneClusterImpl-210d6028-2152-4683-81ff-347b0d29bb13/datanode-3/data/ratis/811e15e4-d434-46d3-a094-4e79eb7f747b] INFO  impl.StateMachineUpdater (StateMachineUpdater.java:stopAndJoin(115)) - StateMachineUpdater:6403e584-2209-453b-b79e-eeb0a7b58516:group-4E79EB7F747B: set stopIndex = -1
2019-09-19 14:22:06,939 [pool-27-thread-1] INFO  server.RaftServerConfigKeys (ConfUtils.java:logGet(43)) - raft.server.log.appender.install.snapshot.enabled = false (custom)
2019-09-19 14:22:06,939 [pool-60-thread-1] INFO  server.RaftServerConfigKeys (ConfUtils.java:logGet(43)) - raft.server.log.statemachine.data.sync.timeout.retry = -1 (default)
2019-09-19 14:22:06,939 [pool-49-thread-1] INFO  server.RaftServerConfigKeys (ConfUtils.java:logGet(43)) - raft.server.log.segment.size.max = 1048576 (custom)
2019-09-19 14:22:06,939 [pool-60-thread-1] INFO  server.RaftServerConfigKeys (ConfUtils.java:logGet(43)) - raft.server.log.statemachine.data.caching.enabled = true (custom)
2019-09-19 14:22:06,939 [pool-27-thread-1] INFO  impl.RaftServerImpl (ServerState.java:<init>(105)) - 85c6a9f3-b9a5-43a5-ac4f-9aa7bd5f2263:group-85125247F34E ConfigurationManager, init=-1: [85c6a9f3-b9a5-43a5-ac4f-9aa7bd5f2263:192.168.157.226:45170, 306a7a99-f2a5-4f40-b42b-2fc2def08a6a:192.168.157.226:42633, 6403e584-2209-453b-b79e-eeb0a7b58516:192.168.157.226:35833], old=null, confs=<EMPTY_MAP>
2019-09-19 14:22:06,939 [6403e584-2209-453b-b79e-eeb0a7b58516-SegmentedRaftLogWorker:Storage Directory /workdir/hadoop-ozone/integration-test/target/test-dir/MiniOzoneClusterImpl-210d6028-2152-4683-81ff-347b0d29bb13/datanode-3/data/ratis/811e15e4-d434-46d3-a094-4e79eb7f747b] INFO  impl.RaftServerImpl (ServerState.java:close(394)) - 6403e584-2209-453b-b79e-eeb0a7b58516:group-4E79EB7F747B closes. The last applied log index is -1
2019-09-19 14:22:06,940 [pool-60-thread-1] INFO  segmented.SegmentedRaftLogWorker (SegmentedRaftLogWorker.java:lambda$new$0(132)) - 6403e584-2209-453b-b79e-eeb0a7b58516-SegmentedRaftLogWorker:Storage Directory /workdir/hadoop-ozone/integration-test/target/test-dir/MiniOzoneClusterImpl-210d6028-2152-4683-81ff-347b0d29bb13/datanode-3/data/ratis/739c26d7-9512-47d5-be3e-85125247f34e: flushIndex: setUnconditionally 0 -> -1
2019-09-19 14:22:06,939 [pool-49-thread-1] INFO  server.RaftServerConfigKeys (ConfUtils.java:logGet(43)) - raft.server.log.segment.cache.num.max = 2 (custom)
2019-09-19 14:22:06,940 [pool-60-thread-1] INFO  server.RaftServerConfigKeys (ConfUtils.java:logGet(43)) - raft.server.snapshot.auto.trigger.enabled = true (custom)
2019-09-19 14:22:06,940 [6403e584-2209-453b-b79e-eeb0a7b58516-SegmentedRaftLogWorker:Storage Directory /workdir/hadoop-ozone/integration-test/target/test-dir/MiniOzoneClusterImpl-210d6028-2152-4683-81ff-347b0d29bb13/datanode-3/data/ratis/811e15e4-d434-46d3-a094-4e79eb7f747b] INFO  segmented.SegmentedRaftLogWorker (SegmentedRaftLogWorker.java:close(228)) - 6403e584-2209-453b-b79e-eeb0a7b58516-SegmentedRaftLogWorker:Storage Directory /workdir/hadoop-ozone/integration-test/target/test-dir/MiniOzoneClusterImpl-210d6028-2152-4683-81ff-347b0d29bb13/datanode-3/data/ratis/811e15e4-d434-46d3-a094-4e79eb7f747b close()
2019-09-19 14:22:06,940 [pool-27-thread-1] INFO  server.RaftServerConfigKeys (ConfUtils.java:logGet(43)) - raft.server.storage.dir = [/workdir/hadoop-ozone/integration-test/target/test-dir/MiniOzoneClusterImpl-210d6028-2152-4683-81ff-347b0d29bb13/datanode-0/data/ratis] (custom)
2019-09-19 14:22:06,940 [pool-60-thread-1] INFO  server.RaftServerConfigKeys (ConfUtils.java:logGet(43)) - raft.server.snapshot.auto.trigger.threshold = 10000 (custom)
2019-09-19 14:22:06,940 [pool-49-thread-1] INFO  segmented.SegmentedRaftLogWorker (SegmentedRaftLogWorker.java:<init>(172)) - new 306a7a99-f2a5-4f40-b42b-2fc2def08a6a-SegmentedRaftLogWorker:Storage Directory /workdir/hadoop-ozone/integration-test/target/test-dir/MiniOzoneClusterImpl-210d6028-2152-4683-81ff-347b0d29bb13/datanode-2/data/ratis/739c26d7-9512-47d5-be3e-85125247f34e for RaftStorage:Storage Directory /workdir/hadoop-ozone/integration-test/target/test-dir/MiniOzoneClusterImpl-210d6028-2152-4683-81ff-347b0d29bb13/datanode-2/data/ratis/739c26d7-9512-47d5-be3e-85125247f34e
2019-09-19 14:22:06,940 [pool-60-thread-1] INFO  server.RaftServerConfigKeys (ConfUtils.java:logGet(43)) - raft.server.retrycache.expirytime = 600000ms (custom)
2019-09-19 14:22:06,941 [pool-27-thread-1] INFO  storage.RaftStorageDirectory (RaftStorageDirectory.java:analyzeStorage(246)) - The storage directory /workdir/hadoop-ozone/integration-test/target/test-dir/MiniOzoneClusterImpl-210d6028-2152-4683-81ff-347b0d29bb13/datanode-0/data/ratis/739c26d7-9512-47d5-be3e-85125247f34e does not exist. Creating ...
2019-09-19 14:22:06,940 [pool-49-thread-1] INFO  server.RaftServerConfigKeys (ConfUtils.java:logGet(43)) - raft.server.log.queue.byte-limit = 2147483647 (custom)
2019-09-19 14:22:06,941 [pool-60-thread-1] INFO  impl.RaftServerImpl (RaftServerImpl.java:start(180)) - 6403e584-2209-453b-b79e-eeb0a7b58516: start group-85125247F34E
2019-09-19 14:22:06,941 [pool-49-thread-1] INFO  server.RaftServerConfigKeys (ConfUtils.java:logGet(43)) - raft.server.log.queue.element-limit = 1024 (custom)
2019-09-19 14:22:06,941 [pool-60-thread-1] INFO  impl.RaftServerImpl (RaftServerImpl.java:setRole(171)) - 6403e584-2209-453b-b79e-eeb0a7b58516:group-85125247F34E changes role from null to FOLLOWER at term 0 for startAsFollower
2019-09-19 14:22:06,941 [pool-49-thread-1] INFO  server.RaftServerConfigKeys (ConfUtils.java:logGet(43)) - raft.server.log.segment.size.max = 1048576 (custom)
2019-09-19 14:22:06,941 [pool-60-thread-1] INFO  impl.RoleInfo (RoleInfo.java:updateAndGet(143)) - 6403e584-2209-453b-b79e-eeb0a7b58516: start FollowerState
2019-09-19 14:22:06,941 [pool-49-thread-1] INFO  server.RaftServerConfigKeys (ConfUtils.java:logGet(43)) - raft.server.log.preallocated.size = 16384 (custom)
2019-09-19 14:22:06,942 [pool-49-thread-1] INFO  server.RaftServerConfigKeys (ConfUtils.java:logGet(43)) - raft.server.log.write.buffer.size = 33554432 (custom)
2019-09-19 14:22:06,942 [pool-60-thread-1] INFO  util.JmxRegister (JmxRegister.java:tryRegister(44)) - Successfully registered JMX Bean with object name Ratis:service=RaftServer,group=group-85125247F34E,id=6403e584-2209-453b-b79e-eeb0a7b58516
2019-09-19 14:22:06,942 [pool-49-thread-1] INFO  server.RaftServerConfigKeys (ConfUtils.java:logGet(43)) - raft.server.log.force.sync.num = 128 (default)
2019-09-19 14:22:06,942 [pool-49-thread-1] INFO  server.RaftServerConfigKeys (ConfUtils.java:logGet(43)) - raft.server.log.statemachine.data.sync = true (default)
2019-09-19 14:22:06,942 [pool-49-thread-1] INFO  server.RaftServerConfigKeys (ConfUtils.java:logGet(43)) - raft.server.log.statemachine.data.sync.timeout = 10s (default)
2019-09-19 14:22:06,943 [pool-49-thread-1] INFO  server.RaftServerConfigKeys (ConfUtils.java:logGet(43)) - raft.server.log.statemachine.data.sync.timeout.retry = -1 (default)
2019-09-19 14:22:06,943 [pool-49-thread-1] INFO  server.RaftServerConfigKeys (ConfUtils.java:logGet(43)) - raft.server.log.statemachine.data.caching.enabled = true (custom)
2019-09-19 14:22:06,943 [pool-49-thread-1] INFO  segmented.SegmentedRaftLogWorker (SegmentedRaftLogWorker.java:lambda$new$0(132)) - 306a7a99-f2a5-4f40-b42b-2fc2def08a6a-SegmentedRaftLogWorker:Storage Directory /workdir/hadoop-ozone/integration-test/target/test-dir/MiniOzoneClusterImpl-210d6028-2152-4683-81ff-347b0d29bb13/datanode-2/data/ratis/739c26d7-9512-47d5-be3e-85125247f34e: flushIndex: setUnconditionally 0 -> -1
2019-09-19 14:22:06,943 [pool-49-thread-1] INFO  server.RaftServerConfigKeys (ConfUtils.java:logGet(43)) - raft.server.snapshot.auto.trigger.enabled = true (custom)
2019-09-19 14:22:06,944 [pool-49-thread-1] INFO  server.RaftServerConfigKeys (ConfUtils.java:logGet(43)) - raft.server.snapshot.auto.trigger.threshold = 10000 (custom)
2019-09-19 14:22:06,944 [pool-49-thread-1] INFO  server.RaftServerConfigKeys (ConfUtils.java:logGet(43)) - raft.server.retrycache.expirytime = 600000ms (custom)
2019-09-19 14:22:06,944 [pool-49-thread-1] INFO  impl.RaftServerImpl (RaftServerImpl.java:start(180)) - 306a7a99-f2a5-4f40-b42b-2fc2def08a6a: start group-85125247F34E
2019-09-19 14:22:06,944 [pool-49-thread-1] INFO  impl.RaftServerImpl (RaftServerImpl.java:setRole(171)) - 306a7a99-f2a5-4f40-b42b-2fc2def08a6a:group-85125247F34E changes role from null to FOLLOWER at term 0 for startAsFollower
2019-09-19 14:22:06,944 [pool-49-thread-1] INFO  impl.RoleInfo (RoleInfo.java:updateAndGet(143)) - 306a7a99-f2a5-4f40-b42b-2fc2def08a6a: start FollowerState
2019-09-19 14:22:06,945 [pool-49-thread-1] INFO  util.JmxRegister (JmxRegister.java:tryRegister(44)) - Successfully registered JMX Bean with object name Ratis:service=RaftServer,group=group-85125247F34E,id=306a7a99-f2a5-4f40-b42b-2fc2def08a6a
2019-09-19 14:22:07,096 [pool-27-thread-1] INFO  storage.RaftStorageDirectory (RaftStorageDirectory.java:tryLock(328)) - Lock on /workdir/hadoop-ozone/integration-test/target/test-dir/MiniOzoneClusterImpl-210d6028-2152-4683-81ff-347b0d29bb13/datanode-0/data/ratis/739c26d7-9512-47d5-be3e-85125247f34e/in_use.lock acquired by nodename 16198@pr-hdds-1569-swxfz-3172132826
2019-09-19 14:22:07,151 [pool-27-thread-1] INFO  storage.RaftStorage (RaftStorage.java:format(72)) - Storage directory /workdir/hadoop-ozone/integration-test/target/test-dir/MiniOzoneClusterImpl-210d6028-2152-4683-81ff-347b0d29bb13/datanode-0/data/ratis/739c26d7-9512-47d5-be3e-85125247f34e has been successfully formatted.
2019-09-19 14:22:07,151 [pool-27-thread-1] INFO  ratis.ContainerStateMachine (ContainerStateMachine.java:loadSnapshot(226)) - group-85125247F34E: The snapshot info is null. Setting the last applied indexto:(t:0, i:~)
2019-09-19 14:22:07,152 [pool-27-thread-1] INFO  server.RaftServerConfigKeys (ConfUtils.java:logGet(43)) - raft.server.leader.election.timeout = 120s (custom)
2019-09-19 14:22:07,152 [pool-27-thread-1] INFO  server.RaftServerConfigKeys (ConfUtils.java:logGet(43)) - raft.server.log.use.memory = false (default)
2019-09-19 14:22:07,152 [pool-27-thread-1] INFO  server.RaftServerConfigKeys (ConfUtils.java:logGet(43)) - raft.server.log.purge.gap = 1000000 (custom)
2019-09-19 14:22:07,152 [pool-27-thread-1] INFO  server.RaftServerConfigKeys (ConfUtils.java:logGet(43)) - raft.server.log.appender.buffer.byte-limit = 33554432 (custom)
2019-09-19 14:22:07,152 [pool-27-thread-1] INFO  server.RaftServerConfigKeys (ConfUtils.java:logGet(43)) - raft.server.log.segment.size.max = 1048576 (custom)
2019-09-19 14:22:07,152 [pool-27-thread-1] INFO  server.RaftServerConfigKeys (ConfUtils.java:logGet(43)) - raft.server.log.segment.cache.num.max = 2 (custom)
2019-09-19 14:22:07,152 [pool-27-thread-1] INFO  segmented.SegmentedRaftLogWorker (SegmentedRaftLogWorker.java:<init>(172)) - new 85c6a9f3-b9a5-43a5-ac4f-9aa7bd5f2263-SegmentedRaftLogWorker:Storage Directory /workdir/hadoop-ozone/integration-test/target/test-dir/MiniOzoneClusterImpl-210d6028-2152-4683-81ff-347b0d29bb13/datanode-0/data/ratis/739c26d7-9512-47d5-be3e-85125247f34e for RaftStorage:Storage Directory /workdir/hadoop-ozone/integration-test/target/test-dir/MiniOzoneClusterImpl-210d6028-2152-4683-81ff-347b0d29bb13/datanode-0/data/ratis/739c26d7-9512-47d5-be3e-85125247f34e
2019-09-19 14:22:07,152 [pool-27-thread-1] INFO  server.RaftServerConfigKeys (ConfUtils.java:logGet(43)) - raft.server.log.queue.byte-limit = 2147483647 (custom)
2019-09-19 14:22:07,153 [pool-27-thread-1] INFO  server.RaftServerConfigKeys (ConfUtils.java:logGet(43)) - raft.server.log.queue.element-limit = 1024 (custom)
2019-09-19 14:22:07,153 [pool-27-thread-1] INFO  server.RaftServerConfigKeys (ConfUtils.java:logGet(43)) - raft.server.log.segment.size.max = 1048576 (custom)
2019-09-19 14:22:07,153 [pool-27-thread-1] INFO  server.RaftServerConfigKeys (ConfUtils.java:logGet(43)) - raft.server.log.preallocated.size = 16384 (custom)
2019-09-19 14:22:07,153 [pool-27-thread-1] INFO  server.RaftServerConfigKeys (ConfUtils.java:logGet(43)) - raft.server.log.write.buffer.size = 33554432 (custom)
2019-09-19 14:22:07,153 [pool-27-thread-1] INFO  server.RaftServerConfigKeys (ConfUtils.java:logGet(43)) - raft.server.log.force.sync.num = 128 (default)
2019-09-19 14:22:07,153 [pool-27-thread-1] INFO  server.RaftServerConfigKeys (ConfUtils.java:logGet(43)) - raft.server.log.statemachine.data.sync = true (default)
2019-09-19 14:22:07,153 [pool-27-thread-1] INFO  server.RaftServerConfigKeys (ConfUtils.java:logGet(43)) - raft.server.log.statemachine.data.sync.timeout = 10s (default)
2019-09-19 14:22:07,153 [pool-27-thread-1] INFO  server.RaftServerConfigKeys (ConfUtils.java:logGet(43)) - raft.server.log.statemachine.data.sync.timeout.retry = -1 (default)
2019-09-19 14:22:07,154 [pool-27-thread-1] INFO  server.RaftServerConfigKeys (ConfUtils.java:logGet(43)) - raft.server.log.statemachine.data.caching.enabled = true (custom)
2019-09-19 14:22:07,154 [pool-27-thread-1] INFO  segmented.SegmentedRaftLogWorker (SegmentedRaftLogWorker.java:lambda$new$0(132)) - 85c6a9f3-b9a5-43a5-ac4f-9aa7bd5f2263-SegmentedRaftLogWorker:Storage Directory /workdir/hadoop-ozone/integration-test/target/test-dir/MiniOzoneClusterImpl-210d6028-2152-4683-81ff-347b0d29bb13/datanode-0/data/ratis/739c26d7-9512-47d5-be3e-85125247f34e: flushIndex: setUnconditionally 0 -> -1
2019-09-19 14:22:07,154 [pool-27-thread-1] INFO  server.RaftServerConfigKeys (ConfUtils.java:logGet(43)) - raft.server.snapshot.auto.trigger.enabled = true (custom)
2019-09-19 14:22:07,154 [pool-27-thread-1] INFO  server.RaftServerConfigKeys (ConfUtils.java:logGet(43)) - raft.server.snapshot.auto.trigger.threshold = 10000 (custom)
2019-09-19 14:22:07,154 [pool-27-thread-1] INFO  server.RaftServerConfigKeys (ConfUtils.java:logGet(43)) - raft.server.retrycache.expirytime = 600000ms (custom)
2019-09-19 14:22:07,155 [pool-27-thread-1] INFO  impl.RaftServerImpl (RaftServerImpl.java:start(180)) - 85c6a9f3-b9a5-43a5-ac4f-9aa7bd5f2263: start group-C123BBC42C4F
2019-09-19 14:22:07,155 [pool-27-thread-1] INFO  impl.RaftServerImpl (RaftServerImpl.java:setRole(171)) - 85c6a9f3-b9a5-43a5-ac4f-9aa7bd5f2263:group-C123BBC42C4F changes role from null to FOLLOWER at term 0 for startAsFollower
2019-09-19 14:22:07,155 [pool-27-thread-1] INFO  impl.RoleInfo (RoleInfo.java:updateAndGet(143)) - 85c6a9f3-b9a5-43a5-ac4f-9aa7bd5f2263: start FollowerState
2019-09-19 14:22:07,155 [pool-27-thread-1] INFO  util.JmxRegister (JmxRegister.java:tryRegister(44)) - Successfully registered JMX Bean with object name Ratis:service=RaftServer,group=group-C123BBC42C4F,id=85c6a9f3-b9a5-43a5-ac4f-9aa7bd5f2263
2019-09-19 14:22:07,156 [pool-27-thread-1] INFO  impl.RaftServerImpl (RaftServerImpl.java:start(180)) - 85c6a9f3-b9a5-43a5-ac4f-9aa7bd5f2263: start group-85125247F34E
2019-09-19 14:22:07,156 [pool-27-thread-1] INFO  impl.RaftServerImpl (RaftServerImpl.java:setRole(171)) - 85c6a9f3-b9a5-43a5-ac4f-9aa7bd5f2263:group-85125247F34E changes role from null to FOLLOWER at term 0 for startAsFollower
2019-09-19 14:22:07,156 [pool-27-thread-1] INFO  impl.RoleInfo (RoleInfo.java:updateAndGet(143)) - 85c6a9f3-b9a5-43a5-ac4f-9aa7bd5f2263: start FollowerState
2019-09-19 14:22:07,156 [pool-27-thread-1] INFO  util.JmxRegister (JmxRegister.java:tryRegister(44)) - Successfully registered JMX Bean with object name Ratis:service=RaftServer,group=group-85125247F34E,id=85c6a9f3-b9a5-43a5-ac4f-9aa7bd5f2263
2019-09-19 14:22:07,179 [431517c4-8c09-4790-b37b-2e132c8143ad-SegmentedRaftLogWorker:Storage Directory /workdir/hadoop-ozone/integration-test/target/test-dir/MiniOzoneClusterImpl-210d6028-2152-4683-81ff-347b0d29bb13/datanode-5/data/ratis/549d8439-ecd2-47a7-8d21-f80c7d5a709a] ERROR segmented.SegmentedRaftLogWorker (SegmentedRaftLogWorker.java:run(323)) - 431517c4-8c09-4790-b37b-2e132c8143ad-SegmentedRaftLogWorker:Storage Directory /workdir/hadoop-ozone/integration-test/target/test-dir/MiniOzoneClusterImpl-210d6028-2152-4683-81ff-347b0d29bb13/datanode-5/data/ratis/549d8439-ecd2-47a7-8d21-f80c7d5a709a hit exception
java.lang.OutOfMemoryError: Direct buffer memory
	at java.nio.Bits.reserveMemory(Bits.java:666)
	at java.nio.DirectByteBuffer.<init>(DirectByteBuffer.java:123)
	at java.nio.ByteBuffer.allocateDirect(ByteBuffer.java:311)
	at org.apache.ratis.server.raftlog.segmented.BufferedWriteChannel.<init>(BufferedWriteChannel.java:41)
	at org.apache.ratis.server.raftlog.segmented.SegmentedRaftLogOutputStream.<init>(SegmentedRaftLogOutputStream.java:72)
	at org.apache.ratis.server.raftlog.segmented.SegmentedRaftLogWorker$StartLogSegment.execute(SegmentedRaftLogWorker.java:566)
	at org.apache.ratis.server.raftlog.segmented.SegmentedRaftLogWorker.run(SegmentedRaftLogWorker.java:289)
	at java.lang.Thread.run(Thread.java:748)
2019-09-19 14:22:07,179 [5dfaa0ea-416a-422c-a75d-43311aceb00a-SegmentedRaftLogWorker:Storage Directory /workdir/hadoop-ozone/integration-test/target/test-dir/MiniOzoneClusterImpl-210d6028-2152-4683-81ff-347b0d29bb13/datanode-1/data/ratis/912c6991-e962-47bb-a7b6-1daca9507b83] ERROR segmented.SegmentedRaftLogWorker (SegmentedRaftLogWorker.java:run(323)) - 5dfaa0ea-416a-422c-a75d-43311aceb00a-SegmentedRaftLogWorker:Storage Directory /workdir/hadoop-ozone/integration-test/target/test-dir/MiniOzoneClusterImpl-210d6028-2152-4683-81ff-347b0d29bb13/datanode-1/data/ratis/912c6991-e962-47bb-a7b6-1daca9507b83 hit exception
java.lang.OutOfMemoryError: Direct buffer memory
	at java.nio.Bits.reserveMemory(Bits.java:666)
	at java.nio.DirectByteBuffer.<init>(DirectByteBuffer.java:123)
	at java.nio.ByteBuffer.allocateDirect(ByteBuffer.java:311)
	at org.apache.ratis.server.raftlog.segmented.BufferedWriteChannel.<init>(BufferedWriteChannel.java:41)
	at org.apache.ratis.server.raftlog.segmented.SegmentedRaftLogOutputStream.<init>(SegmentedRaftLogOutputStream.java:72)
	at org.apache.ratis.server.raftlog.segmented.SegmentedRaftLogWorker$StartLogSegment.execute(SegmentedRaftLogWorker.java:566)
	at org.apache.ratis.server.raftlog.segmented.SegmentedRaftLogWorker.run(SegmentedRaftLogWorker.java:289)
	at java.lang.Thread.run(Thread.java:748)
2019-09-19 14:22:07,179 [5dfaa0ea-416a-422c-a75d-43311aceb00a-SegmentedRaftLogWorker:Storage Directory /workdir/hadoop-ozone/integration-test/target/test-dir/MiniOzoneClusterImpl-210d6028-2152-4683-81ff-347b0d29bb13/datanode-1/data/ratis/912c6991-e962-47bb-a7b6-1daca9507b83] INFO  impl.RaftServerImpl (RaftServerImpl.java:lambda$shutdown$3(245)) - 5dfaa0ea-416a-422c-a75d-43311aceb00a: shutdown group-1DACA9507B83
2019-09-19 14:22:07,179 [6403e584-2209-453b-b79e-eeb0a7b58516-SegmentedRaftLogWorker:Storage Directory /workdir/hadoop-ozone/integration-test/target/test-dir/MiniOzoneClusterImpl-210d6028-2152-4683-81ff-347b0d29bb13/datanode-3/data/ratis/12af7614-f07b-4a7a-b214-da1f723c087e] ERROR segmented.SegmentedRaftLogWorker (SegmentedRaftLogWorker.java:run(323)) - 6403e584-2209-453b-b79e-eeb0a7b58516-SegmentedRaftLogWorker:Storage Directory /workdir/hadoop-ozone/integration-test/target/test-dir/MiniOzoneClusterImpl-210d6028-2152-4683-81ff-347b0d29bb13/datanode-3/data/ratis/12af7614-f07b-4a7a-b214-da1f723c087e hit exception
java.lang.OutOfMemoryError: Direct buffer memory
	at java.nio.Bits.reserveMemory(Bits.java:666)
	at java.nio.DirectByteBuffer.<init>(DirectByteBuffer.java:123)
	at java.nio.ByteBuffer.allocateDirect(ByteBuffer.java:311)
	at org.apache.ratis.server.raftlog.segmented.BufferedWriteChannel.<init>(BufferedWriteChannel.java:41)
	at org.apache.ratis.server.raftlog.segmented.SegmentedRaftLogOutputStream.<init>(SegmentedRaftLogOutputStream.java:72)
	at org.apache.ratis.server.raftlog.segmented.SegmentedRaftLogWorker$StartLogSegment.execute(SegmentedRaftLogWorker.java:566)
	at org.apache.ratis.server.raftlog.segmented.SegmentedRaftLogWorker.run(SegmentedRaftLogWorker.java:289)
	at java.lang.Thread.run(Thread.java:748)
2019-09-19 14:22:07,180 [6403e584-2209-453b-b79e-eeb0a7b58516-SegmentedRaftLogWorker:Storage Directory /workdir/hadoop-ozone/integration-test/target/test-dir/MiniOzoneClusterImpl-210d6028-2152-4683-81ff-347b0d29bb13/datanode-3/data/ratis/12af7614-f07b-4a7a-b214-da1f723c087e] INFO  impl.RaftServerImpl (RaftServerImpl.java:lambda$shutdown$3(245)) - 6403e584-2209-453b-b79e-eeb0a7b58516: shutdown group-DA1F723C087E
2019-09-19 14:22:07,179 [5dfaa0ea-416a-422c-a75d-43311aceb00a-SegmentedRaftLogWorker:Storage Directory /workdir/hadoop-ozone/integration-test/target/test-dir/MiniOzoneClusterImpl-210d6028-2152-4683-81ff-347b0d29bb13/datanode-1/data/ratis/5cd0559d-1b42-41ad-bb8e-86d4c63c40c2] ERROR segmented.SegmentedRaftLogWorker (SegmentedRaftLogWorker.java:run(323)) - 5dfaa0ea-416a-422c-a75d-43311aceb00a-SegmentedRaftLogWorker:Storage Directory /workdir/hadoop-ozone/integration-test/target/test-dir/MiniOzoneClusterImpl-210d6028-2152-4683-81ff-347b0d29bb13/datanode-1/data/ratis/5cd0559d-1b42-41ad-bb8e-86d4c63c40c2 hit exception
java.lang.OutOfMemoryError: Direct buffer memory
	at java.nio.Bits.reserveMemory(Bits.java:666)
	at java.nio.DirectByteBuffer.<init>(DirectByteBuffer.java:123)
	at java.nio.ByteBuffer.allocateDirect(ByteBuffer.java:311)
	at org.apache.ratis.server.raftlog.segmented.BufferedWriteChannel.<init>(BufferedWriteChannel.java:41)
	at org.apache.ratis.server.raftlog.segmented.SegmentedRaftLogOutputStream.<init>(SegmentedRaftLogOutputStream.java:72)
	at org.apache.ratis.server.raftlog.segmented.SegmentedRaftLogWorker$StartLogSegment.execute(SegmentedRaftLogWorker.java:566)
	at org.apache.ratis.server.raftlog.segmented.SegmentedRaftLogWorker.run(SegmentedRaftLogWorker.java:289)
	at java.lang.Thread.run(Thread.java:748)
2019-09-19 14:22:07,180 [6403e584-2209-453b-b79e-eeb0a7b58516-SegmentedRaftLogWorker:Storage Directory /workdir/hadoop-ozone/integration-test/target/test-dir/MiniOzoneClusterImpl-210d6028-2152-4683-81ff-347b0d29bb13/datanode-3/data/ratis/12af7614-f07b-4a7a-b214-da1f723c087e] INFO  util.JmxRegister (JmxRegister.java:unregister(73)) - Successfully un-registered JMX Bean with object name Ratis:service=RaftServer,group=group-DA1F723C087E,id=6403e584-2209-453b-b79e-eeb0a7b58516
2019-09-19 14:22:07,180 [6403e584-2209-453b-b79e-eeb0a7b58516-SegmentedRaftLogWorker:Storage Directory /workdir/hadoop-ozone/integration-test/target/test-dir/MiniOzoneClusterImpl-210d6028-2152-4683-81ff-347b0d29bb13/datanode-3/data/ratis/12af7614-f07b-4a7a-b214-da1f723c087e] INFO  impl.RoleInfo (RoleInfo.java:shutdownLeaderState(104)) - 6403e584-2209-453b-b79e-eeb0a7b58516: shutdown LeaderState
2019-09-19 14:22:07,180 [5dfaa0ea-416a-422c-a75d-43311aceb00a-SegmentedRaftLogWorker:Storage Directory /workdir/hadoop-ozone/integration-test/target/test-dir/MiniOzoneClusterImpl-210d6028-2152-4683-81ff-347b0d29bb13/datanode-1/data/ratis/912c6991-e962-47bb-a7b6-1daca9507b83] INFO  util.JmxRegister (JmxRegister.java:unregister(73)) - Successfully un-registered JMX Bean with object name Ratis:service=RaftServer,group=group-1DACA9507B83,id=5dfaa0ea-416a-422c-a75d-43311aceb00a
2019-09-19 14:22:07,180 [5dfaa0ea-416a-422c-a75d-43311aceb00a-SegmentedRaftLogWorker:Storage Directory /workdir/hadoop-ozone/integration-test/target/test-dir/MiniOzoneClusterImpl-210d6028-2152-4683-81ff-347b0d29bb13/datanode-1/data/ratis/912c6991-e962-47bb-a7b6-1daca9507b83] INFO  impl.RoleInfo (RoleInfo.java:shutdownLeaderState(104)) - 5dfaa0ea-416a-422c-a75d-43311aceb00a: shutdown LeaderState
2019-09-19 14:22:07,179 [431517c4-8c09-4790-b37b-2e132c8143ad-SegmentedRaftLogWorker:Storage Directory /workdir/hadoop-ozone/integration-test/target/test-dir/MiniOzoneClusterImpl-210d6028-2152-4683-81ff-347b0d29bb13/datanode-5/data/ratis/549d8439-ecd2-47a7-8d21-f80c7d5a709a] INFO  impl.RaftServerImpl (RaftServerImpl.java:lambda$shutdown$3(245)) - 431517c4-8c09-4790-b37b-2e132c8143ad: shutdown group-F80C7D5A709A
2019-09-19 14:22:07,181 [5dfaa0ea-416a-422c-a75d-43311aceb00a-SegmentedRaftLogWorker:Storage Directory /workdir/hadoop-ozone/integration-test/target/test-dir/MiniOzoneClusterImpl-210d6028-2152-4683-81ff-347b0d29bb13/datanode-1/data/ratis/912c6991-e962-47bb-a7b6-1daca9507b83] INFO  impl.PendingRequests (PendingRequests.java:sendNotLeaderResponses(202)) - 5dfaa0ea-416a-422c-a75d-43311aceb00a-PendingRequests: sendNotLeaderResponses
2019-09-19 14:22:07,180 [6403e584-2209-453b-b79e-eeb0a7b58516-SegmentedRaftLogWorker:Storage Directory /workdir/hadoop-ozone/integration-test/target/test-dir/MiniOzoneClusterImpl-210d6028-2152-4683-81ff-347b0d29bb13/datanode-3/data/ratis/12af7614-f07b-4a7a-b214-da1f723c087e] INFO  impl.PendingRequests (PendingRequests.java:sendNotLeaderResponses(202)) - 6403e584-2209-453b-b79e-eeb0a7b58516-PendingRequests: sendNotLeaderResponses
2019-09-19 14:22:07,180 [5dfaa0ea-416a-422c-a75d-43311aceb00a-SegmentedRaftLogWorker:Storage Directory /workdir/hadoop-ozone/integration-test/target/test-dir/MiniOzoneClusterImpl-210d6028-2152-4683-81ff-347b0d29bb13/datanode-1/data/ratis/5cd0559d-1b42-41ad-bb8e-86d4c63c40c2] INFO  impl.RaftServerImpl (RaftServerImpl.java:lambda$shutdown$3(245)) - 5dfaa0ea-416a-422c-a75d-43311aceb00a: shutdown group-86D4C63C40C2
2019-09-19 14:22:07,181 [6403e584-2209-453b-b79e-eeb0a7b58516-SegmentedRaftLogWorker:Storage Directory /workdir/hadoop-ozone/integration-test/target/test-dir/MiniOzoneClusterImpl-210d6028-2152-4683-81ff-347b0d29bb13/datanode-3/data/ratis/12af7614-f07b-4a7a-b214-da1f723c087e] INFO  impl.StateMachineUpdater (StateMachineUpdater.java:stopAndJoin(115)) - StateMachineUpdater:6403e584-2209-453b-b79e-eeb0a7b58516:group-DA1F723C087E: set stopIndex = -1
2019-09-19 14:22:07,181 [5dfaa0ea-416a-422c-a75d-43311aceb00a-SegmentedRaftLogWorker:Storage Directory /workdir/hadoop-ozone/integration-test/target/test-dir/MiniOzoneClusterImpl-210d6028-2152-4683-81ff-347b0d29bb13/datanode-1/data/ratis/912c6991-e962-47bb-a7b6-1daca9507b83] INFO  impl.StateMachineUpdater (StateMachineUpdater.java:stopAndJoin(115)) - StateMachineUpdater:5dfaa0ea-416a-422c-a75d-43311aceb00a:group-1DACA9507B83: set stopIndex = -1
2019-09-19 14:22:07,181 [431517c4-8c09-4790-b37b-2e132c8143ad-SegmentedRaftLogWorker:Storage Directory /workdir/hadoop-ozone/integration-test/target/test-dir/MiniOzoneClusterImpl-210d6028-2152-4683-81ff-347b0d29bb13/datanode-5/data/ratis/549d8439-ecd2-47a7-8d21-f80c7d5a709a] INFO  util.JmxRegister (JmxRegister.java:unregister(73)) - Successfully un-registered JMX Bean with object name Ratis:service=RaftServer,group=group-F80C7D5A709A,id=431517c4-8c09-4790-b37b-2e132c8143ad
2019-09-19 14:22:07,181 [5dfaa0ea-416a-422c-a75d-43311aceb00a-SegmentedRaftLogWorker:Storage Directory /workdir/hadoop-ozone/integration-test/target/test-dir/MiniOzoneClusterImpl-210d6028-2152-4683-81ff-347b0d29bb13/datanode-1/data/ratis/912c6991-e962-47bb-a7b6-1daca9507b83] INFO  impl.RaftServerImpl (ServerState.java:close(394)) - 5dfaa0ea-416a-422c-a75d-43311aceb00a:group-1DACA9507B83 closes. The last applied log index is -1
2019-09-19 14:22:07,181 [6403e584-2209-453b-b79e-eeb0a7b58516-SegmentedRaftLogWorker:Storage Directory /workdir/hadoop-ozone/integration-test/target/test-dir/MiniOzoneClusterImpl-210d6028-2152-4683-81ff-347b0d29bb13/datanode-3/data/ratis/12af7614-f07b-4a7a-b214-da1f723c087e] INFO  impl.RaftServerImpl (ServerState.java:close(394)) - 6403e584-2209-453b-b79e-eeb0a7b58516:group-DA1F723C087E closes. The last applied log index is -1
2019-09-19 14:22:07,182 [5dfaa0ea-416a-422c-a75d-43311aceb00a-SegmentedRaftLogWorker:Storage Directory /workdir/hadoop-ozone/integration-test/target/test-dir/MiniOzoneClusterImpl-210d6028-2152-4683-81ff-347b0d29bb13/datanode-1/data/ratis/912c6991-e962-47bb-a7b6-1daca9507b83] INFO  segmented.SegmentedRaftLogWorker (SegmentedRaftLogWorker.java:close(228)) - 5dfaa0ea-416a-422c-a75d-43311aceb00a-SegmentedRaftLogWorker:Storage Directory /workdir/hadoop-ozone/integration-test/target/test-dir/MiniOzoneClusterImpl-210d6028-2152-4683-81ff-347b0d29bb13/datanode-1/data/ratis/912c6991-e962-47bb-a7b6-1daca9507b83 close()
2019-09-19 14:22:07,181 [5dfaa0ea-416a-422c-a75d-43311aceb00a-SegmentedRaftLogWorker:Storage Directory /workdir/hadoop-ozone/integration-test/target/test-dir/MiniOzoneClusterImpl-210d6028-2152-4683-81ff-347b0d29bb13/datanode-1/data/ratis/5cd0559d-1b42-41ad-bb8e-86d4c63c40c2] INFO  util.JmxRegister (JmxRegister.java:unregister(73)) - Successfully un-registered JMX Bean with object name Ratis:service=RaftServer,group=group-86D4C63C40C2,id=5dfaa0ea-416a-422c-a75d-43311aceb00a
2019-09-19 14:22:07,182 [6403e584-2209-453b-b79e-eeb0a7b58516-SegmentedRaftLogWorker:Storage Directory /workdir/hadoop-ozone/integration-test/target/test-dir/MiniOzoneClusterImpl-210d6028-2152-4683-81ff-347b0d29bb13/datanode-3/data/ratis/12af7614-f07b-4a7a-b214-da1f723c087e] INFO  segmented.SegmentedRaftLogWorker (SegmentedRaftLogWorker.java:close(228)) - 6403e584-2209-453b-b79e-eeb0a7b58516-SegmentedRaftLogWorker:Storage Directory /workdir/hadoop-ozone/integration-test/target/test-dir/MiniOzoneClusterImpl-210d6028-2152-4683-81ff-347b0d29bb13/datanode-3/data/ratis/12af7614-f07b-4a7a-b214-da1f723c087e close()
2019-09-19 14:22:07,181 [431517c4-8c09-4790-b37b-2e132c8143ad-SegmentedRaftLogWorker:Storage Directory /workdir/hadoop-ozone/integration-test/target/test-dir/MiniOzoneClusterImpl-210d6028-2152-4683-81ff-347b0d29bb13/datanode-5/data/ratis/549d8439-ecd2-47a7-8d21-f80c7d5a709a] INFO  impl.RoleInfo (RoleInfo.java:shutdownLeaderState(104)) - 431517c4-8c09-4790-b37b-2e132c8143ad: shutdown LeaderState
2019-09-19 14:22:07,182 [5dfaa0ea-416a-422c-a75d-43311aceb00a-SegmentedRaftLogWorker:Storage Directory /workdir/hadoop-ozone/integration-test/target/test-dir/MiniOzoneClusterImpl-210d6028-2152-4683-81ff-347b0d29bb13/datanode-1/data/ratis/5cd0559d-1b42-41ad-bb8e-86d4c63c40c2] INFO  impl.RoleInfo (RoleInfo.java:shutdownLeaderState(104)) - 5dfaa0ea-416a-422c-a75d-43311aceb00a: shutdown LeaderState
2019-09-19 14:22:07,182 [431517c4-8c09-4790-b37b-2e132c8143ad-SegmentedRaftLogWorker:Storage Directory /workdir/hadoop-ozone/integration-test/target/test-dir/MiniOzoneClusterImpl-210d6028-2152-4683-81ff-347b0d29bb13/datanode-5/data/ratis/549d8439-ecd2-47a7-8d21-f80c7d5a709a] INFO  impl.PendingRequests (PendingRequests.java:sendNotLeaderResponses(202)) - 431517c4-8c09-4790-b37b-2e132c8143ad-PendingRequests: sendNotLeaderResponses
2019-09-19 14:22:07,182 [5dfaa0ea-416a-422c-a75d-43311aceb00a-SegmentedRaftLogWorker:Storage Directory /workdir/hadoop-ozone/integration-test/target/test-dir/MiniOzoneClusterImpl-210d6028-2152-4683-81ff-347b0d29bb13/datanode-1/data/ratis/5cd0559d-1b42-41ad-bb8e-86d4c63c40c2] INFO  impl.PendingRequests (PendingRequests.java:sendNotLeaderResponses(202)) - 5dfaa0ea-416a-422c-a75d-43311aceb00a-PendingRequests: sendNotLeaderResponses
2019-09-19 14:22:07,182 [431517c4-8c09-4790-b37b-2e132c8143ad-SegmentedRaftLogWorker:Storage Directory /workdir/hadoop-ozone/integration-test/target/test-dir/MiniOzoneClusterImpl-210d6028-2152-4683-81ff-347b0d29bb13/datanode-5/data/ratis/549d8439-ecd2-47a7-8d21-f80c7d5a709a] INFO  impl.StateMachineUpdater (StateMachineUpdater.java:stopAndJoin(115)) - StateMachineUpdater:431517c4-8c09-4790-b37b-2e132c8143ad:group-F80C7D5A709A: set stopIndex = -1
2019-09-19 14:22:07,182 [5dfaa0ea-416a-422c-a75d-43311aceb00a-SegmentedRaftLogWorker:Storage Directory /workdir/hadoop-ozone/integration-test/target/test-dir/MiniOzoneClusterImpl-210d6028-2152-4683-81ff-347b0d29bb13/datanode-1/data/ratis/5cd0559d-1b42-41ad-bb8e-86d4c63c40c2] INFO  impl.StateMachineUpdater (StateMachineUpdater.java:stopAndJoin(115)) - StateMachineUpdater:5dfaa0ea-416a-422c-a75d-43311aceb00a:group-86D4C63C40C2: set stopIndex = -1
2019-09-19 14:22:07,182 [431517c4-8c09-4790-b37b-2e132c8143ad-SegmentedRaftLogWorker:Storage Directory /workdir/hadoop-ozone/integration-test/target/test-dir/MiniOzoneClusterImpl-210d6028-2152-4683-81ff-347b0d29bb13/datanode-5/data/ratis/549d8439-ecd2-47a7-8d21-f80c7d5a709a] INFO  impl.RaftServerImpl (ServerState.java:close(394)) - 431517c4-8c09-4790-b37b-2e132c8143ad:group-F80C7D5A709A closes. The last applied log index is -1
2019-09-19 14:22:07,183 [431517c4-8c09-4790-b37b-2e132c8143ad-SegmentedRaftLogWorker:Storage Directory /workdir/hadoop-ozone/integration-test/target/test-dir/MiniOzoneClusterImpl-210d6028-2152-4683-81ff-347b0d29bb13/datanode-5/data/ratis/549d8439-ecd2-47a7-8d21-f80c7d5a709a] INFO  segmented.SegmentedRaftLogWorker (SegmentedRaftLogWorker.java:close(228)) - 431517c4-8c09-4790-b37b-2e132c8143ad-SegmentedRaftLogWorker:Storage Directory /workdir/hadoop-ozone/integration-test/target/test-dir/MiniOzoneClusterImpl-210d6028-2152-4683-81ff-347b0d29bb13/datanode-5/data/ratis/549d8439-ecd2-47a7-8d21-f80c7d5a709a close()
2019-09-19 14:22:07,183 [5dfaa0ea-416a-422c-a75d-43311aceb00a-SegmentedRaftLogWorker:Storage Directory /workdir/hadoop-ozone/integration-test/target/test-dir/MiniOzoneClusterImpl-210d6028-2152-4683-81ff-347b0d29bb13/datanode-1/data/ratis/5cd0559d-1b42-41ad-bb8e-86d4c63c40c2] INFO  impl.RaftServerImpl (ServerState.java:close(394)) - 5dfaa0ea-416a-422c-a75d-43311aceb00a:group-86D4C63C40C2 closes. The last applied log index is -1
2019-09-19 14:22:07,183 [5dfaa0ea-416a-422c-a75d-43311aceb00a-SegmentedRaftLogWorker:Storage Directory /workdir/hadoop-ozone/integration-test/target/test-dir/MiniOzoneClusterImpl-210d6028-2152-4683-81ff-347b0d29bb13/datanode-1/data/ratis/5cd0559d-1b42-41ad-bb8e-86d4c63c40c2] INFO  segmented.SegmentedRaftLogWorker (SegmentedRaftLogWorker.java:close(228)) - 5dfaa0ea-416a-422c-a75d-43311aceb00a-SegmentedRaftLogWorker:Storage Directory /workdir/hadoop-ozone/integration-test/target/test-dir/MiniOzoneClusterImpl-210d6028-2152-4683-81ff-347b0d29bb13/datanode-1/data/ratis/5cd0559d-1b42-41ad-bb8e-86d4c63c40c2 close()
2019-09-19 14:22:07,211 | INFO  | SCMAudit | user=jenkins1000 | ip=192.168.157.226 | op=SEND_HEARTBEAT {datanodeUUID=6403e584-2209-453b-b79e-eeb0a7b58516, command=[]} | ret=SUCCESS |  
2019-09-19 14:22:07,308 [85c6a9f3-b9a5-43a5-ac4f-9aa7bd5f2263-SegmentedRaftLogWorker:Storage Directory /workdir/hadoop-ozone/integration-test/target/test-dir/MiniOzoneClusterImpl-210d6028-2152-4683-81ff-347b0d29bb13/datanode-0/data/ratis/80d4d314-5083-46a5-a651-dfd37f1207a5] ERROR segmented.SegmentedRaftLogWorker (SegmentedRaftLogWorker.java:run(323)) - 85c6a9f3-b9a5-43a5-ac4f-9aa7bd5f2263-SegmentedRaftLogWorker:Storage Directory /workdir/hadoop-ozone/integration-test/target/test-dir/MiniOzoneClusterImpl-210d6028-2152-4683-81ff-347b0d29bb13/datanode-0/data/ratis/80d4d314-5083-46a5-a651-dfd37f1207a5 hit exception
java.lang.OutOfMemoryError: Direct buffer memory
	at java.nio.Bits.reserveMemory(Bits.java:666)
	at java.nio.DirectByteBuffer.<init>(DirectByteBuffer.java:123)
	at java.nio.ByteBuffer.allocateDirect(ByteBuffer.java:311)
	at org.apache.ratis.server.raftlog.segmented.BufferedWriteChannel.<init>(BufferedWriteChannel.java:41)
	at org.apache.ratis.server.raftlog.segmented.SegmentedRaftLogOutputStream.<init>(SegmentedRaftLogOutputStream.java:72)
	at org.apache.ratis.server.raftlog.segmented.SegmentedRaftLogWorker$StartLogSegment.execute(SegmentedRaftLogWorker.java:566)
	at org.apache.ratis.server.raftlog.segmented.SegmentedRaftLogWorker.run(SegmentedRaftLogWorker.java:289)
	at java.lang.Thread.run(Thread.java:748)
2019-09-19 14:22:07,308 [85c6a9f3-b9a5-43a5-ac4f-9aa7bd5f2263-SegmentedRaftLogWorker:Storage Directory /workdir/hadoop-ozone/integration-test/target/test-dir/MiniOzoneClusterImpl-210d6028-2152-4683-81ff-347b0d29bb13/datanode-0/data/ratis/80d4d314-5083-46a5-a651-dfd37f1207a5] INFO  impl.RaftServerImpl (RaftServerImpl.java:lambda$shutdown$3(245)) - 85c6a9f3-b9a5-43a5-ac4f-9aa7bd5f2263: shutdown group-DFD37F1207A5
2019-09-19 14:22:07,308 [85c6a9f3-b9a5-43a5-ac4f-9aa7bd5f2263-SegmentedRaftLogWorker:Storage Directory /workdir/hadoop-ozone/integration-test/target/test-dir/MiniOzoneClusterImpl-210d6028-2152-4683-81ff-347b0d29bb13/datanode-0/data/ratis/80d4d314-5083-46a5-a651-dfd37f1207a5] INFO  util.JmxRegister (JmxRegister.java:unregister(73)) - Successfully un-registered JMX Bean with object name Ratis:service=RaftServer,group=group-DFD37F1207A5,id=85c6a9f3-b9a5-43a5-ac4f-9aa7bd5f2263
2019-09-19 14:22:07,308 [85c6a9f3-b9a5-43a5-ac4f-9aa7bd5f2263-SegmentedRaftLogWorker:Storage Directory /workdir/hadoop-ozone/integration-test/target/test-dir/MiniOzoneClusterImpl-210d6028-2152-4683-81ff-347b0d29bb13/datanode-0/data/ratis/80d4d314-5083-46a5-a651-dfd37f1207a5] INFO  impl.RoleInfo (RoleInfo.java:shutdownLeaderState(104)) - 85c6a9f3-b9a5-43a5-ac4f-9aa7bd5f2263: shutdown LeaderState
2019-09-19 14:22:07,309 [85c6a9f3-b9a5-43a5-ac4f-9aa7bd5f2263-SegmentedRaftLogWorker:Storage Directory /workdir/hadoop-ozone/integration-test/target/test-dir/MiniOzoneClusterImpl-210d6028-2152-4683-81ff-347b0d29bb13/datanode-0/data/ratis/80d4d314-5083-46a5-a651-dfd37f1207a5] INFO  impl.PendingRequests (PendingRequests.java:sendNotLeaderResponses(202)) - 85c6a9f3-b9a5-43a5-ac4f-9aa7bd5f2263-PendingRequests: sendNotLeaderResponses
2019-09-19 14:22:07,309 [85c6a9f3-b9a5-43a5-ac4f-9aa7bd5f2263-SegmentedRaftLogWorker:Storage Directory /workdir/hadoop-ozone/integration-test/target/test-dir/MiniOzoneClusterImpl-210d6028-2152-4683-81ff-347b0d29bb13/datanode-0/data/ratis/80d4d314-5083-46a5-a651-dfd37f1207a5] INFO  impl.StateMachineUpdater (StateMachineUpdater.java:stopAndJoin(115)) - StateMachineUpdater:85c6a9f3-b9a5-43a5-ac4f-9aa7bd5f2263:group-DFD37F1207A5: set stopIndex = -1
2019-09-19 14:22:07,309 [85c6a9f3-b9a5-43a5-ac4f-9aa7bd5f2263-SegmentedRaftLogWorker:Storage Directory /workdir/hadoop-ozone/integration-test/target/test-dir/MiniOzoneClusterImpl-210d6028-2152-4683-81ff-347b0d29bb13/datanode-0/data/ratis/80d4d314-5083-46a5-a651-dfd37f1207a5] INFO  impl.RaftServerImpl (ServerState.java:close(394)) - 85c6a9f3-b9a5-43a5-ac4f-9aa7bd5f2263:group-DFD37F1207A5 closes. The last applied log index is -1
2019-09-19 14:22:07,309 [85c6a9f3-b9a5-43a5-ac4f-9aa7bd5f2263-SegmentedRaftLogWorker:Storage Directory /workdir/hadoop-ozone/integration-test/target/test-dir/MiniOzoneClusterImpl-210d6028-2152-4683-81ff-347b0d29bb13/datanode-0/data/ratis/80d4d314-5083-46a5-a651-dfd37f1207a5] INFO  segmented.SegmentedRaftLogWorker (SegmentedRaftLogWorker.java:close(228)) - 85c6a9f3-b9a5-43a5-ac4f-9aa7bd5f2263-SegmentedRaftLogWorker:Storage Directory /workdir/hadoop-ozone/integration-test/target/test-dir/MiniOzoneClusterImpl-210d6028-2152-4683-81ff-347b0d29bb13/datanode-0/data/ratis/80d4d314-5083-46a5-a651-dfd37f1207a5 close()
2019-09-19 14:22:07,372 [6403e584-2209-453b-b79e-eeb0a7b58516-SegmentedRaftLogWorker:Storage Directory /workdir/hadoop-ozone/integration-test/target/test-dir/MiniOzoneClusterImpl-210d6028-2152-4683-81ff-347b0d29bb13/datanode-3/data/ratis/ab079ae7-12c5-4fd2-aae7-43fd3cf4c782] ERROR segmented.SegmentedRaftLogWorker (SegmentedRaftLogWorker.java:run(323)) - 6403e584-2209-453b-b79e-eeb0a7b58516-SegmentedRaftLogWorker:Storage Directory /workdir/hadoop-ozone/integration-test/target/test-dir/MiniOzoneClusterImpl-210d6028-2152-4683-81ff-347b0d29bb13/datanode-3/data/ratis/ab079ae7-12c5-4fd2-aae7-43fd3cf4c782 hit exception
java.lang.OutOfMemoryError: Direct buffer memory
	at java.nio.Bits.reserveMemory(Bits.java:666)
	at java.nio.DirectByteBuffer.<init>(DirectByteBuffer.java:123)
	at java.nio.ByteBuffer.allocateDirect(ByteBuffer.java:311)
	at org.apache.ratis.server.raftlog.segmented.BufferedWriteChannel.<init>(BufferedWriteChannel.java:41)
	at org.apache.ratis.server.raftlog.segmented.SegmentedRaftLogOutputStream.<init>(SegmentedRaftLogOutputStream.java:72)
	at org.apache.ratis.server.raftlog.segmented.SegmentedRaftLogWorker$StartLogSegment.execute(SegmentedRaftLogWorker.java:566)
	at org.apache.ratis.server.raftlog.segmented.SegmentedRaftLogWorker.run(SegmentedRaftLogWorker.java:289)
	at java.lang.Thread.run(Thread.java:748)
2019-09-19 14:22:07,372 [6403e584-2209-453b-b79e-eeb0a7b58516-SegmentedRaftLogWorker:Storage Directory /workdir/hadoop-ozone/integration-test/target/test-dir/MiniOzoneClusterImpl-210d6028-2152-4683-81ff-347b0d29bb13/datanode-3/data/ratis/ab079ae7-12c5-4fd2-aae7-43fd3cf4c782] INFO  impl.RaftServerImpl (RaftServerImpl.java:lambda$shutdown$3(245)) - 6403e584-2209-453b-b79e-eeb0a7b58516: shutdown group-43FD3CF4C782
2019-09-19 14:22:07,372 [6403e584-2209-453b-b79e-eeb0a7b58516-SegmentedRaftLogWorker:Storage Directory /workdir/hadoop-ozone/integration-test/target/test-dir/MiniOzoneClusterImpl-210d6028-2152-4683-81ff-347b0d29bb13/datanode-3/data/ratis/ab079ae7-12c5-4fd2-aae7-43fd3cf4c782] INFO  util.JmxRegister (JmxRegister.java:unregister(73)) - Successfully un-registered JMX Bean with object name Ratis:service=RaftServer,group=group-43FD3CF4C782,id=6403e584-2209-453b-b79e-eeb0a7b58516
2019-09-19 14:22:07,372 [6403e584-2209-453b-b79e-eeb0a7b58516-SegmentedRaftLogWorker:Storage Directory /workdir/hadoop-ozone/integration-test/target/test-dir/MiniOzoneClusterImpl-210d6028-2152-4683-81ff-347b0d29bb13/datanode-3/data/ratis/ab079ae7-12c5-4fd2-aae7-43fd3cf4c782] INFO  impl.RoleInfo (RoleInfo.java:shutdownLeaderState(104)) - 6403e584-2209-453b-b79e-eeb0a7b58516: shutdown LeaderState
2019-09-19 14:22:07,372 [6403e584-2209-453b-b79e-eeb0a7b58516-SegmentedRaftLogWorker:Storage Directory /workdir/hadoop-ozone/integration-test/target/test-dir/MiniOzoneClusterImpl-210d6028-2152-4683-81ff-347b0d29bb13/datanode-3/data/ratis/ab079ae7-12c5-4fd2-aae7-43fd3cf4c782] INFO  impl.PendingRequests (PendingRequests.java:sendNotLeaderResponses(202)) - 6403e584-2209-453b-b79e-eeb0a7b58516-PendingRequests: sendNotLeaderResponses
2019-09-19 14:22:07,373 [6403e584-2209-453b-b79e-eeb0a7b58516-SegmentedRaftLogWorker:Storage Directory /workdir/hadoop-ozone/integration-test/target/test-dir/MiniOzoneClusterImpl-210d6028-2152-4683-81ff-347b0d29bb13/datanode-3/data/ratis/ab079ae7-12c5-4fd2-aae7-43fd3cf4c782] INFO  impl.StateMachineUpdater (StateMachineUpdater.java:stopAndJoin(115)) - StateMachineUpdater:6403e584-2209-453b-b79e-eeb0a7b58516:group-43FD3CF4C782: set stopIndex = -1
2019-09-19 14:22:07,373 [6403e584-2209-453b-b79e-eeb0a7b58516-SegmentedRaftLogWorker:Storage Directory /workdir/hadoop-ozone/integration-test/target/test-dir/MiniOzoneClusterImpl-210d6028-2152-4683-81ff-347b0d29bb13/datanode-3/data/ratis/ab079ae7-12c5-4fd2-aae7-43fd3cf4c782] INFO  impl.RaftServerImpl (ServerState.java:close(394)) - 6403e584-2209-453b-b79e-eeb0a7b58516:group-43FD3CF4C782 closes. The last applied log index is -1
2019-09-19 14:22:07,373 [6403e584-2209-453b-b79e-eeb0a7b58516-SegmentedRaftLogWorker:Storage Directory /workdir/hadoop-ozone/integration-test/target/test-dir/MiniOzoneClusterImpl-210d6028-2152-4683-81ff-347b0d29bb13/datanode-3/data/ratis/ab079ae7-12c5-4fd2-aae7-43fd3cf4c782] INFO  segmented.SegmentedRaftLogWorker (SegmentedRaftLogWorker.java:close(228)) - 6403e584-2209-453b-b79e-eeb0a7b58516-SegmentedRaftLogWorker:Storage Directory /workdir/hadoop-ozone/integration-test/target/test-dir/MiniOzoneClusterImpl-210d6028-2152-4683-81ff-347b0d29bb13/datanode-3/data/ratis/ab079ae7-12c5-4fd2-aae7-43fd3cf4c782 close()
2019-09-19 14:22:07,406 [6403e584-2209-453b-b79e-eeb0a7b58516-SegmentedRaftLogWorker:Storage Directory /workdir/hadoop-ozone/integration-test/target/test-dir/MiniOzoneClusterImpl-210d6028-2152-4683-81ff-347b0d29bb13/datanode-3/data/ratis/1a967c74-1c30-4a67-8e0b-a0dec22eacb4] ERROR segmented.SegmentedRaftLogWorker (SegmentedRaftLogWorker.java:run(323)) - 6403e584-2209-453b-b79e-eeb0a7b58516-SegmentedRaftLogWorker:Storage Directory /workdir/hadoop-ozone/integration-test/target/test-dir/MiniOzoneClusterImpl-210d6028-2152-4683-81ff-347b0d29bb13/datanode-3/data/ratis/1a967c74-1c30-4a67-8e0b-a0dec22eacb4 hit exception
java.lang.OutOfMemoryError: Direct buffer memory
	at java.nio.Bits.reserveMemory(Bits.java:666)
	at java.nio.DirectByteBuffer.<init>(DirectByteBuffer.java:123)
	at java.nio.ByteBuffer.allocateDirect(ByteBuffer.java:311)
	at org.apache.ratis.server.raftlog.segmented.BufferedWriteChannel.<init>(BufferedWriteChannel.java:41)
	at org.apache.ratis.server.raftlog.segmented.SegmentedRaftLogOutputStream.<init>(SegmentedRaftLogOutputStream.java:72)
	at org.apache.ratis.server.raftlog.segmented.SegmentedRaftLogWorker$StartLogSegment.execute(SegmentedRaftLogWorker.java:566)
	at org.apache.ratis.server.raftlog.segmented.SegmentedRaftLogWorker.run(SegmentedRaftLogWorker.java:289)
	at java.lang.Thread.run(Thread.java:748)
2019-09-19 14:22:07,406 [6403e584-2209-453b-b79e-eeb0a7b58516-SegmentedRaftLogWorker:Storage Directory /workdir/hadoop-ozone/integration-test/target/test-dir/MiniOzoneClusterImpl-210d6028-2152-4683-81ff-347b0d29bb13/datanode-3/data/ratis/2817a7b5-2faf-4c64-a472-9c7f6c0f9370] ERROR segmented.SegmentedRaftLogWorker (SegmentedRaftLogWorker.java:run(323)) - 6403e584-2209-453b-b79e-eeb0a7b58516-SegmentedRaftLogWorker:Storage Directory /workdir/hadoop-ozone/integration-test/target/test-dir/MiniOzoneClusterImpl-210d6028-2152-4683-81ff-347b0d29bb13/datanode-3/data/ratis/2817a7b5-2faf-4c64-a472-9c7f6c0f9370 hit exception
java.lang.OutOfMemoryError: Direct buffer memory
	at java.nio.Bits.reserveMemory(Bits.java:666)
	at java.nio.DirectByteBuffer.<init>(DirectByteBuffer.java:123)
	at java.nio.ByteBuffer.allocateDirect(ByteBuffer.java:311)
	at org.apache.ratis.server.raftlog.segmented.BufferedWriteChannel.<init>(BufferedWriteChannel.java:41)
	at org.apache.ratis.server.raftlog.segmented.SegmentedRaftLogOutputStream.<init>(SegmentedRaftLogOutputStream.java:72)
	at org.apache.ratis.server.raftlog.segmented.SegmentedRaftLogWorker$StartLogSegment.execute(SegmentedRaftLogWorker.java:566)
	at org.apache.ratis.server.raftlog.segmented.SegmentedRaftLogWorker.run(SegmentedRaftLogWorker.java:289)
	at java.lang.Thread.run(Thread.java:748)
2019-09-19 14:22:07,406 [6403e584-2209-453b-b79e-eeb0a7b58516-SegmentedRaftLogWorker:Storage Directory /workdir/hadoop-ozone/integration-test/target/test-dir/MiniOzoneClusterImpl-210d6028-2152-4683-81ff-347b0d29bb13/datanode-3/data/ratis/1cebcf2b-c2a4-4bdc-b72d-30bc58179734] ERROR segmented.SegmentedRaftLogWorker (SegmentedRaftLogWorker.java:run(323)) - 6403e584-2209-453b-b79e-eeb0a7b58516-SegmentedRaftLogWorker:Storage Directory /workdir/hadoop-ozone/integration-test/target/test-dir/MiniOzoneClusterImpl-210d6028-2152-4683-81ff-347b0d29bb13/datanode-3/data/ratis/1cebcf2b-c2a4-4bdc-b72d-30bc58179734 hit exception
java.lang.OutOfMemoryError: Direct buffer memory
	at java.nio.Bits.reserveMemory(Bits.java:666)
	at java.nio.DirectByteBuffer.<init>(DirectByteBuffer.java:123)
	at java.nio.ByteBuffer.allocateDirect(ByteBuffer.java:311)
	at org.apache.ratis.server.raftlog.segmented.BufferedWriteChannel.<init>(BufferedWriteChannel.java:41)
	at org.apache.ratis.server.raftlog.segmented.SegmentedRaftLogOutputStream.<init>(SegmentedRaftLogOutputStream.java:72)
	at org.apache.ratis.server.raftlog.segmented.SegmentedRaftLogWorker$StartLogSegment.execute(SegmentedRaftLogWorker.java:566)
	at org.apache.ratis.server.raftlog.segmented.SegmentedRaftLogWorker.run(SegmentedRaftLogWorker.java:289)
	at java.lang.Thread.run(Thread.java:748)
2019-09-19 14:22:07,407 [6403e584-2209-453b-b79e-eeb0a7b58516-SegmentedRaftLogWorker:Storage Directory /workdir/hadoop-ozone/integration-test/target/test-dir/MiniOzoneClusterImpl-210d6028-2152-4683-81ff-347b0d29bb13/datanode-3/data/ratis/1cebcf2b-c2a4-4bdc-b72d-30bc58179734] INFO  impl.RaftServerImpl (RaftServerImpl.java:lambda$shutdown$3(245)) - 6403e584-2209-453b-b79e-eeb0a7b58516: shutdown group-30BC58179734
2019-09-19 14:22:07,406 [6403e584-2209-453b-b79e-eeb0a7b58516-SegmentedRaftLogWorker:Storage Directory /workdir/hadoop-ozone/integration-test/target/test-dir/MiniOzoneClusterImpl-210d6028-2152-4683-81ff-347b0d29bb13/datanode-3/data/ratis/2817a7b5-2faf-4c64-a472-9c7f6c0f9370] INFO  impl.RaftServerImpl (RaftServerImpl.java:lambda$shutdown$3(245)) - 6403e584-2209-453b-b79e-eeb0a7b58516: shutdown group-9C7F6C0F9370
2019-09-19 14:22:07,406 [6403e584-2209-453b-b79e-eeb0a7b58516-SegmentedRaftLogWorker:Storage Directory /workdir/hadoop-ozone/integration-test/target/test-dir/MiniOzoneClusterImpl-210d6028-2152-4683-81ff-347b0d29bb13/datanode-3/data/ratis/1a967c74-1c30-4a67-8e0b-a0dec22eacb4] INFO  impl.RaftServerImpl (RaftServerImpl.java:lambda$shutdown$3(245)) - 6403e584-2209-453b-b79e-eeb0a7b58516: shutdown group-A0DEC22EACB4
2019-09-19 14:22:07,407 [6403e584-2209-453b-b79e-eeb0a7b58516-SegmentedRaftLogWorker:Storage Directory /workdir/hadoop-ozone/integration-test/target/test-dir/MiniOzoneClusterImpl-210d6028-2152-4683-81ff-347b0d29bb13/datanode-3/data/ratis/2817a7b5-2faf-4c64-a472-9c7f6c0f9370] INFO  util.JmxRegister (JmxRegister.java:unregister(73)) - Successfully un-registered JMX Bean with object name Ratis:service=RaftServer,group=group-9C7F6C0F9370,id=6403e584-2209-453b-b79e-eeb0a7b58516
2019-09-19 14:22:07,407 [6403e584-2209-453b-b79e-eeb0a7b58516-SegmentedRaftLogWorker:Storage Directory /workdir/hadoop-ozone/integration-test/target/test-dir/MiniOzoneClusterImpl-210d6028-2152-4683-81ff-347b0d29bb13/datanode-3/data/ratis/1cebcf2b-c2a4-4bdc-b72d-30bc58179734] INFO  util.JmxRegister (JmxRegister.java:unregister(73)) - Successfully un-registered JMX Bean with object name Ratis:service=RaftServer,group=group-30BC58179734,id=6403e584-2209-453b-b79e-eeb0a7b58516
2019-09-19 14:22:07,407 [6403e584-2209-453b-b79e-eeb0a7b58516-SegmentedRaftLogWorker:Storage Directory /workdir/hadoop-ozone/integration-test/target/test-dir/MiniOzoneClusterImpl-210d6028-2152-4683-81ff-347b0d29bb13/datanode-3/data/ratis/2817a7b5-2faf-4c64-a472-9c7f6c0f9370] INFO  impl.RoleInfo (RoleInfo.java:shutdownLeaderState(104)) - 6403e584-2209-453b-b79e-eeb0a7b58516: shutdown LeaderState
2019-09-19 14:22:07,408 [6403e584-2209-453b-b79e-eeb0a7b58516-SegmentedRaftLogWorker:Storage Directory /workdir/hadoop-ozone/integration-test/target/test-dir/MiniOzoneClusterImpl-210d6028-2152-4683-81ff-347b0d29bb13/datanode-3/data/ratis/2817a7b5-2faf-4c64-a472-9c7f6c0f9370] INFO  impl.PendingRequests (PendingRequests.java:sendNotLeaderResponses(202)) - 6403e584-2209-453b-b79e-eeb0a7b58516-PendingRequests: sendNotLeaderResponses
2019-09-19 14:22:07,407 [6403e584-2209-453b-b79e-eeb0a7b58516-SegmentedRaftLogWorker:Storage Directory /workdir/hadoop-ozone/integration-test/target/test-dir/MiniOzoneClusterImpl-210d6028-2152-4683-81ff-347b0d29bb13/datanode-3/data/ratis/1a967c74-1c30-4a67-8e0b-a0dec22eacb4] INFO  util.JmxRegister (JmxRegister.java:unregister(73)) - Successfully un-registered JMX Bean with object name Ratis:service=RaftServer,group=group-A0DEC22EACB4,id=6403e584-2209-453b-b79e-eeb0a7b58516
2019-09-19 14:22:07,408 [6403e584-2209-453b-b79e-eeb0a7b58516-SegmentedRaftLogWorker:Storage Directory /workdir/hadoop-ozone/integration-test/target/test-dir/MiniOzoneClusterImpl-210d6028-2152-4683-81ff-347b0d29bb13/datanode-3/data/ratis/2817a7b5-2faf-4c64-a472-9c7f6c0f9370] INFO  impl.StateMachineUpdater (StateMachineUpdater.java:stopAndJoin(115)) - StateMachineUpdater:6403e584-2209-453b-b79e-eeb0a7b58516:group-9C7F6C0F9370: set stopIndex = -1
2019-09-19 14:22:07,408 [6403e584-2209-453b-b79e-eeb0a7b58516-SegmentedRaftLogWorker:Storage Directory /workdir/hadoop-ozone/integration-test/target/test-dir/MiniOzoneClusterImpl-210d6028-2152-4683-81ff-347b0d29bb13/datanode-3/data/ratis/2817a7b5-2faf-4c64-a472-9c7f6c0f9370] INFO  impl.RaftServerImpl (ServerState.java:close(394)) - 6403e584-2209-453b-b79e-eeb0a7b58516:group-9C7F6C0F9370 closes. The last applied log index is -1
2019-09-19 14:22:07,407 [6403e584-2209-453b-b79e-eeb0a7b58516-SegmentedRaftLogWorker:Storage Directory /workdir/hadoop-ozone/integration-test/target/test-dir/MiniOzoneClusterImpl-210d6028-2152-4683-81ff-347b0d29bb13/datanode-3/data/ratis/1cebcf2b-c2a4-4bdc-b72d-30bc58179734] INFO  impl.RoleInfo (RoleInfo.java:shutdownLeaderState(104)) - 6403e584-2209-453b-b79e-eeb0a7b58516: shutdown LeaderState
2019-09-19 14:22:07,408 [6403e584-2209-453b-b79e-eeb0a7b58516-SegmentedRaftLogWorker:Storage Directory /workdir/hadoop-ozone/integration-test/target/test-dir/MiniOzoneClusterImpl-210d6028-2152-4683-81ff-347b0d29bb13/datanode-3/data/ratis/2817a7b5-2faf-4c64-a472-9c7f6c0f9370] INFO  segmented.SegmentedRaftLogWorker (SegmentedRaftLogWorker.java:close(228)) - 6403e584-2209-453b-b79e-eeb0a7b58516-SegmentedRaftLogWorker:Storage Directory /workdir/hadoop-ozone/integration-test/target/test-dir/MiniOzoneClusterImpl-210d6028-2152-4683-81ff-347b0d29bb13/datanode-3/data/ratis/2817a7b5-2faf-4c64-a472-9c7f6c0f9370 close()
2019-09-19 14:22:07,408 [6403e584-2209-453b-b79e-eeb0a7b58516-SegmentedRaftLogWorker:Storage Directory /workdir/hadoop-ozone/integration-test/target/test-dir/MiniOzoneClusterImpl-210d6028-2152-4683-81ff-347b0d29bb13/datanode-3/data/ratis/1a967c74-1c30-4a67-8e0b-a0dec22eacb4] INFO  impl.RoleInfo (RoleInfo.java:shutdownLeaderState(104)) - 6403e584-2209-453b-b79e-eeb0a7b58516: shutdown LeaderState
2019-09-19 14:22:07,409 [6403e584-2209-453b-b79e-eeb0a7b58516-SegmentedRaftLogWorker:Storage Directory /workdir/hadoop-ozone/integration-test/target/test-dir/MiniOzoneClusterImpl-210d6028-2152-4683-81ff-347b0d29bb13/datanode-3/data/ratis/1a967c74-1c30-4a67-8e0b-a0dec22eacb4] INFO  impl.PendingRequests (PendingRequests.java:sendNotLeaderResponses(202)) - 6403e584-2209-453b-b79e-eeb0a7b58516-PendingRequests: sendNotLeaderResponses
2019-09-19 14:22:07,409 [6403e584-2209-453b-b79e-eeb0a7b58516-SegmentedRaftLogWorker:Storage Directory /workdir/hadoop-ozone/integration-test/target/test-dir/MiniOzoneClusterImpl-210d6028-2152-4683-81ff-347b0d29bb13/datanode-3/data/ratis/1cebcf2b-c2a4-4bdc-b72d-30bc58179734] INFO  impl.PendingRequests (PendingRequests.java:sendNotLeaderResponses(202)) - 6403e584-2209-453b-b79e-eeb0a7b58516-PendingRequests: sendNotLeaderResponses
2019-09-19 14:22:07,409 [6403e584-2209-453b-b79e-eeb0a7b58516-SegmentedRaftLogWorker:Storage Directory /workdir/hadoop-ozone/integration-test/target/test-dir/MiniOzoneClusterImpl-210d6028-2152-4683-81ff-347b0d29bb13/datanode-3/data/ratis/1a967c74-1c30-4a67-8e0b-a0dec22eacb4] INFO  impl.StateMachineUpdater (StateMachineUpdater.java:stopAndJoin(115)) - StateMachineUpdater:6403e584-2209-453b-b79e-eeb0a7b58516:group-A0DEC22EACB4: set stopIndex = -1
2019-09-19 14:22:07,409 [6403e584-2209-453b-b79e-eeb0a7b58516-SegmentedRaftLogWorker:Storage Directory /workdir/hadoop-ozone/integration-test/target/test-dir/MiniOzoneClusterImpl-210d6028-2152-4683-81ff-347b0d29bb13/datanode-3/data/ratis/1cebcf2b-c2a4-4bdc-b72d-30bc58179734] INFO  impl.StateMachineUpdater (StateMachineUpdater.java:stopAndJoin(115)) - StateMachineUpdater:6403e584-2209-453b-b79e-eeb0a7b58516:group-30BC58179734: set stopIndex = -1
2019-09-19 14:22:07,409 [6403e584-2209-453b-b79e-eeb0a7b58516-SegmentedRaftLogWorker:Storage Directory /workdir/hadoop-ozone/integration-test/target/test-dir/MiniOzoneClusterImpl-210d6028-2152-4683-81ff-347b0d29bb13/datanode-3/data/ratis/1a967c74-1c30-4a67-8e0b-a0dec22eacb4] INFO  impl.RaftServerImpl (ServerState.java:close(394)) - 6403e584-2209-453b-b79e-eeb0a7b58516:group-A0DEC22EACB4 closes. The last applied log index is -1
2019-09-19 14:22:07,409 [6403e584-2209-453b-b79e-eeb0a7b58516-SegmentedRaftLogWorker:Storage Directory /workdir/hadoop-ozone/integration-test/target/test-dir/MiniOzoneClusterImpl-210d6028-2152-4683-81ff-347b0d29bb13/datanode-3/data/ratis/1cebcf2b-c2a4-4bdc-b72d-30bc58179734] INFO  impl.RaftServerImpl (ServerState.java:close(394)) - 6403e584-2209-453b-b79e-eeb0a7b58516:group-30BC58179734 closes. The last applied log index is -1
2019-09-19 14:22:07,410 [6403e584-2209-453b-b79e-eeb0a7b58516-SegmentedRaftLogWorker:Storage Directory /workdir/hadoop-ozone/integration-test/target/test-dir/MiniOzoneClusterImpl-210d6028-2152-4683-81ff-347b0d29bb13/datanode-3/data/ratis/1a967c74-1c30-4a67-8e0b-a0dec22eacb4] INFO  segmented.SegmentedRaftLogWorker (SegmentedRaftLogWorker.java:close(228)) - 6403e584-2209-453b-b79e-eeb0a7b58516-SegmentedRaftLogWorker:Storage Directory /workdir/hadoop-ozone/integration-test/target/test-dir/MiniOzoneClusterImpl-210d6028-2152-4683-81ff-347b0d29bb13/datanode-3/data/ratis/1a967c74-1c30-4a67-8e0b-a0dec22eacb4 close()
2019-09-19 14:22:07,410 [6403e584-2209-453b-b79e-eeb0a7b58516-SegmentedRaftLogWorker:Storage Directory /workdir/hadoop-ozone/integration-test/target/test-dir/MiniOzoneClusterImpl-210d6028-2152-4683-81ff-347b0d29bb13/datanode-3/data/ratis/1cebcf2b-c2a4-4bdc-b72d-30bc58179734] INFO  segmented.SegmentedRaftLogWorker (SegmentedRaftLogWorker.java:close(228)) - 6403e584-2209-453b-b79e-eeb0a7b58516-SegmentedRaftLogWorker:Storage Directory /workdir/hadoop-ozone/integration-test/target/test-dir/MiniOzoneClusterImpl-210d6028-2152-4683-81ff-347b0d29bb13/datanode-3/data/ratis/1cebcf2b-c2a4-4bdc-b72d-30bc58179734 close()
2019-09-19 14:22:07,428 [5dfaa0ea-416a-422c-a75d-43311aceb00a-SegmentedRaftLogWorker:Storage Directory /workdir/hadoop-ozone/integration-test/target/test-dir/MiniOzoneClusterImpl-210d6028-2152-4683-81ff-347b0d29bb13/datanode-1/data/ratis/46c42004-d501-45e0-ad7c-ae221af6329e] ERROR segmented.SegmentedRaftLogWorker (SegmentedRaftLogWorker.java:run(323)) - 5dfaa0ea-416a-422c-a75d-43311aceb00a-SegmentedRaftLogWorker:Storage Directory /workdir/hadoop-ozone/integration-test/target/test-dir/MiniOzoneClusterImpl-210d6028-2152-4683-81ff-347b0d29bb13/datanode-1/data/ratis/46c42004-d501-45e0-ad7c-ae221af6329e hit exception
java.lang.OutOfMemoryError: Direct buffer memory
	at java.nio.Bits.reserveMemory(Bits.java:666)
	at java.nio.DirectByteBuffer.<init>(DirectByteBuffer.java:123)
	at java.nio.ByteBuffer.allocateDirect(ByteBuffer.java:311)
	at org.apache.ratis.server.raftlog.segmented.BufferedWriteChannel.<init>(BufferedWriteChannel.java:41)
	at org.apache.ratis.server.raftlog.segmented.SegmentedRaftLogOutputStream.<init>(SegmentedRaftLogOutputStream.java:72)
	at org.apache.ratis.server.raftlog.segmented.SegmentedRaftLogWorker$StartLogSegment.execute(SegmentedRaftLogWorker.java:566)
	at org.apache.ratis.server.raftlog.segmented.SegmentedRaftLogWorker.run(SegmentedRaftLogWorker.java:289)
	at java.lang.Thread.run(Thread.java:748)
2019-09-19 14:22:07,428 [5dfaa0ea-416a-422c-a75d-43311aceb00a-SegmentedRaftLogWorker:Storage Directory /workdir/hadoop-ozone/integration-test/target/test-dir/MiniOzoneClusterImpl-210d6028-2152-4683-81ff-347b0d29bb13/datanode-1/data/ratis/46c42004-d501-45e0-ad7c-ae221af6329e] INFO  impl.RaftServerImpl (RaftServerImpl.java:lambda$shutdown$3(245)) - 5dfaa0ea-416a-422c-a75d-43311aceb00a: shutdown group-AE221AF6329E
2019-09-19 14:22:07,429 [5dfaa0ea-416a-422c-a75d-43311aceb00a-SegmentedRaftLogWorker:Storage Directory /workdir/hadoop-ozone/integration-test/target/test-dir/MiniOzoneClusterImpl-210d6028-2152-4683-81ff-347b0d29bb13/datanode-1/data/ratis/46c42004-d501-45e0-ad7c-ae221af6329e] INFO  util.JmxRegister (JmxRegister.java:unregister(73)) - Successfully un-registered JMX Bean with object name Ratis:service=RaftServer,group=group-AE221AF6329E,id=5dfaa0ea-416a-422c-a75d-43311aceb00a
2019-09-19 14:22:07,429 [5dfaa0ea-416a-422c-a75d-43311aceb00a-SegmentedRaftLogWorker:Storage Directory /workdir/hadoop-ozone/integration-test/target/test-dir/MiniOzoneClusterImpl-210d6028-2152-4683-81ff-347b0d29bb13/datanode-1/data/ratis/46c42004-d501-45e0-ad7c-ae221af6329e] INFO  impl.RoleInfo (RoleInfo.java:shutdownLeaderState(104)) - 5dfaa0ea-416a-422c-a75d-43311aceb00a: shutdown LeaderState
2019-09-19 14:22:07,429 [5dfaa0ea-416a-422c-a75d-43311aceb00a-SegmentedRaftLogWorker:Storage Directory /workdir/hadoop-ozone/integration-test/target/test-dir/MiniOzoneClusterImpl-210d6028-2152-4683-81ff-347b0d29bb13/datanode-1/data/ratis/46c42004-d501-45e0-ad7c-ae221af6329e] INFO  impl.PendingRequests (PendingRequests.java:sendNotLeaderResponses(202)) - 5dfaa0ea-416a-422c-a75d-43311aceb00a-PendingRequests: sendNotLeaderResponses
2019-09-19 14:22:07,429 [5dfaa0ea-416a-422c-a75d-43311aceb00a-SegmentedRaftLogWorker:Storage Directory /workdir/hadoop-ozone/integration-test/target/test-dir/MiniOzoneClusterImpl-210d6028-2152-4683-81ff-347b0d29bb13/datanode-1/data/ratis/46c42004-d501-45e0-ad7c-ae221af6329e] INFO  impl.StateMachineUpdater (StateMachineUpdater.java:stopAndJoin(115)) - StateMachineUpdater:5dfaa0ea-416a-422c-a75d-43311aceb00a:group-AE221AF6329E: set stopIndex = -1
2019-09-19 14:22:07,429 [5dfaa0ea-416a-422c-a75d-43311aceb00a-SegmentedRaftLogWorker:Storage Directory /workdir/hadoop-ozone/integration-test/target/test-dir/MiniOzoneClusterImpl-210d6028-2152-4683-81ff-347b0d29bb13/datanode-1/data/ratis/46c42004-d501-45e0-ad7c-ae221af6329e] INFO  impl.RaftServerImpl (ServerState.java:close(394)) - 5dfaa0ea-416a-422c-a75d-43311aceb00a:group-AE221AF6329E closes. The last applied log index is -1
2019-09-19 14:22:07,429 [5dfaa0ea-416a-422c-a75d-43311aceb00a-SegmentedRaftLogWorker:Storage Directory /workdir/hadoop-ozone/integration-test/target/test-dir/MiniOzoneClusterImpl-210d6028-2152-4683-81ff-347b0d29bb13/datanode-1/data/ratis/46c42004-d501-45e0-ad7c-ae221af6329e] INFO  segmented.SegmentedRaftLogWorker (SegmentedRaftLogWorker.java:close(228)) - 5dfaa0ea-416a-422c-a75d-43311aceb00a-SegmentedRaftLogWorker:Storage Directory /workdir/hadoop-ozone/integration-test/target/test-dir/MiniOzoneClusterImpl-210d6028-2152-4683-81ff-347b0d29bb13/datanode-1/data/ratis/46c42004-d501-45e0-ad7c-ae221af6329e close()
2019-09-19 14:22:07,434 [85c6a9f3-b9a5-43a5-ac4f-9aa7bd5f2263-SegmentedRaftLogWorker:Storage Directory /workdir/hadoop-ozone/integration-test/target/test-dir/MiniOzoneClusterImpl-210d6028-2152-4683-81ff-347b0d29bb13/datanode-0/data/ratis/b458f3f0-e271-4946-a442-cd6b5254d037] ERROR segmented.SegmentedRaftLogWorker (SegmentedRaftLogWorker.java:run(323)) - 85c6a9f3-b9a5-43a5-ac4f-9aa7bd5f2263-SegmentedRaftLogWorker:Storage Directory /workdir/hadoop-ozone/integration-test/target/test-dir/MiniOzoneClusterImpl-210d6028-2152-4683-81ff-347b0d29bb13/datanode-0/data/ratis/b458f3f0-e271-4946-a442-cd6b5254d037 hit exception
java.lang.OutOfMemoryError: Direct buffer memory
	at java.nio.Bits.reserveMemory(Bits.java:666)
	at java.nio.DirectByteBuffer.<init>(DirectByteBuffer.java:123)
	at java.nio.ByteBuffer.allocateDirect(ByteBuffer.java:311)
	at org.apache.ratis.server.raftlog.segmented.BufferedWriteChannel.<init>(BufferedWriteChannel.java:41)
	at org.apache.ratis.server.raftlog.segmented.SegmentedRaftLogOutputStream.<init>(SegmentedRaftLogOutputStream.java:72)
	at org.apache.ratis.server.raftlog.segmented.SegmentedRaftLogWorker$StartLogSegment.execute(SegmentedRaftLogWorker.java:566)
	at org.apache.ratis.server.raftlog.segmented.SegmentedRaftLogWorker.run(SegmentedRaftLogWorker.java:289)
	at java.lang.Thread.run(Thread.java:748)
2019-09-19 14:22:07,435 [85c6a9f3-b9a5-43a5-ac4f-9aa7bd5f2263-SegmentedRaftLogWorker:Storage Directory /workdir/hadoop-ozone/integration-test/target/test-dir/MiniOzoneClusterImpl-210d6028-2152-4683-81ff-347b0d29bb13/datanode-0/data/ratis/b458f3f0-e271-4946-a442-cd6b5254d037] INFO  impl.RaftServerImpl (RaftServerImpl.java:lambda$shutdown$3(245)) - 85c6a9f3-b9a5-43a5-ac4f-9aa7bd5f2263: shutdown group-CD6B5254D037
2019-09-19 14:22:07,435 [85c6a9f3-b9a5-43a5-ac4f-9aa7bd5f2263-SegmentedRaftLogWorker:Storage Directory /workdir/hadoop-ozone/integration-test/target/test-dir/MiniOzoneClusterImpl-210d6028-2152-4683-81ff-347b0d29bb13/datanode-0/data/ratis/b458f3f0-e271-4946-a442-cd6b5254d037] INFO  util.JmxRegister (JmxRegister.java:unregister(73)) - Successfully un-registered JMX Bean with object name Ratis:service=RaftServer,group=group-CD6B5254D037,id=85c6a9f3-b9a5-43a5-ac4f-9aa7bd5f2263
2019-09-19 14:22:07,435 [85c6a9f3-b9a5-43a5-ac4f-9aa7bd5f2263-SegmentedRaftLogWorker:Storage Directory /workdir/hadoop-ozone/integration-test/target/test-dir/MiniOzoneClusterImpl-210d6028-2152-4683-81ff-347b0d29bb13/datanode-0/data/ratis/b458f3f0-e271-4946-a442-cd6b5254d037] INFO  impl.RoleInfo (RoleInfo.java:shutdownLeaderState(104)) - 85c6a9f3-b9a5-43a5-ac4f-9aa7bd5f2263: shutdown LeaderState
2019-09-19 14:22:07,435 [85c6a9f3-b9a5-43a5-ac4f-9aa7bd5f2263-SegmentedRaftLogWorker:Storage Directory /workdir/hadoop-ozone/integration-test/target/test-dir/MiniOzoneClusterImpl-210d6028-2152-4683-81ff-347b0d29bb13/datanode-0/data/ratis/b458f3f0-e271-4946-a442-cd6b5254d037] INFO  impl.PendingRequests (PendingRequests.java:sendNotLeaderResponses(202)) - 85c6a9f3-b9a5-43a5-ac4f-9aa7bd5f2263-PendingRequests: sendNotLeaderResponses
2019-09-19 14:22:07,435 [85c6a9f3-b9a5-43a5-ac4f-9aa7bd5f2263-SegmentedRaftLogWorker:Storage Directory /workdir/hadoop-ozone/integration-test/target/test-dir/MiniOzoneClusterImpl-210d6028-2152-4683-81ff-347b0d29bb13/datanode-0/data/ratis/b458f3f0-e271-4946-a442-cd6b5254d037] INFO  impl.StateMachineUpdater (StateMachineUpdater.java:stopAndJoin(115)) - StateMachineUpdater:85c6a9f3-b9a5-43a5-ac4f-9aa7bd5f2263:group-CD6B5254D037: set stopIndex = -1
2019-09-19 14:22:07,436 [85c6a9f3-b9a5-43a5-ac4f-9aa7bd5f2263-SegmentedRaftLogWorker:Storage Directory /workdir/hadoop-ozone/integration-test/target/test-dir/MiniOzoneClusterImpl-210d6028-2152-4683-81ff-347b0d29bb13/datanode-0/data/ratis/b458f3f0-e271-4946-a442-cd6b5254d037] INFO  impl.RaftServerImpl (ServerState.java:close(394)) - 85c6a9f3-b9a5-43a5-ac4f-9aa7bd5f2263:group-CD6B5254D037 closes. The last applied log index is -1
2019-09-19 14:22:07,436 [85c6a9f3-b9a5-43a5-ac4f-9aa7bd5f2263-SegmentedRaftLogWorker:Storage Directory /workdir/hadoop-ozone/integration-test/target/test-dir/MiniOzoneClusterImpl-210d6028-2152-4683-81ff-347b0d29bb13/datanode-0/data/ratis/b458f3f0-e271-4946-a442-cd6b5254d037] INFO  segmented.SegmentedRaftLogWorker (SegmentedRaftLogWorker.java:close(228)) - 85c6a9f3-b9a5-43a5-ac4f-9aa7bd5f2263-SegmentedRaftLogWorker:Storage Directory /workdir/hadoop-ozone/integration-test/target/test-dir/MiniOzoneClusterImpl-210d6028-2152-4683-81ff-347b0d29bb13/datanode-0/data/ratis/b458f3f0-e271-4946-a442-cd6b5254d037 close()
2019-09-19 14:22:07,673 | INFO  | SCMAudit | user=jenkins1000 | ip=192.168.157.226 | op=SEND_HEARTBEAT {datanodeUUID=431517c4-8c09-4790-b37b-2e132c8143ad, command=[]} | ret=SUCCESS |  
2019-09-19 14:22:07,673 | INFO  | SCMAudit | user=jenkins1000 | ip=192.168.157.226 | op=SEND_HEARTBEAT {datanodeUUID=1190b9a7-12b1-4c15-b33e-f7d0a0cd436c, command=[]} | ret=SUCCESS |  
2019-09-19 14:22:07,673 | INFO  | SCMAudit | user=jenkins1000 | ip=192.168.157.226 | op=SEND_HEARTBEAT {datanodeUUID=5dfaa0ea-416a-422c-a75d-43311aceb00a, command=[]} | ret=SUCCESS |  
2019-09-19 14:22:07,674 | INFO  | SCMAudit | user=jenkins1000 | ip=192.168.157.226 | op=SEND_HEARTBEAT {datanodeUUID=85c6a9f3-b9a5-43a5-ac4f-9aa7bd5f2263, command=[]} | ret=SUCCESS |  
2019-09-19 14:22:07,675 | INFO  | SCMAudit | user=jenkins1000 | ip=192.168.157.226 | op=SEND_HEARTBEAT {datanodeUUID=56d21ab3-8f6d-44ea-b961-c721a1c09246, command=[]} | ret=SUCCESS |  
2019-09-19 14:22:07,924 | INFO  | SCMAudit | user=jenkins1000 | ip=192.168.157.226 | op=SEND_HEARTBEAT {datanodeUUID=306a7a99-f2a5-4f40-b42b-2fc2def08a6a, command=[]} | ret=SUCCESS |  
2019-09-19 14:22:08,210 | INFO  | SCMAudit | user=jenkins1000 | ip=192.168.157.226 | op=SEND_HEARTBEAT {datanodeUUID=6403e584-2209-453b-b79e-eeb0a7b58516, command=[]} | ret=SUCCESS |  
2019-09-19 14:22:08,673 | INFO  | SCMAudit | user=jenkins1000 | ip=192.168.157.226 | op=SEND_HEARTBEAT {datanodeUUID=431517c4-8c09-4790-b37b-2e132c8143ad, command=[]} | ret=SUCCESS |  
2019-09-19 14:22:08,673 | INFO  | SCMAudit | user=jenkins1000 | ip=192.168.157.226 | op=SEND_HEARTBEAT {datanodeUUID=5dfaa0ea-416a-422c-a75d-43311aceb00a, command=[]} | ret=SUCCESS |  
2019-09-19 14:22:08,673 | INFO  | SCMAudit | user=jenkins1000 | ip=192.168.157.226 | op=SEND_HEARTBEAT {datanodeUUID=1190b9a7-12b1-4c15-b33e-f7d0a0cd436c, command=[]} | ret=SUCCESS |  
2019-09-19 14:22:08,674 | INFO  | SCMAudit | user=jenkins1000 | ip=192.168.157.226 | op=SEND_HEARTBEAT {datanodeUUID=56d21ab3-8f6d-44ea-b961-c721a1c09246, command=[]} | ret=SUCCESS |  
2019-09-19 14:22:08,674 | INFO  | SCMAudit | user=jenkins1000 | ip=192.168.157.226 | op=SEND_HEARTBEAT {datanodeUUID=85c6a9f3-b9a5-43a5-ac4f-9aa7bd5f2263, command=[]} | ret=SUCCESS |  
2019-09-19 14:22:08,868 [Thread-1381] INFO  impl.FollowerState (FollowerState.java:run(106)) - 5dfaa0ea-416a-422c-a75d-43311aceb00a:group-2609E2E2A622 changes to CANDIDATE, lastRpcTime:5009, electionTimeout:5008ms
2019-09-19 14:22:08,869 [Thread-1381] INFO  impl.RoleInfo (RoleInfo.java:shutdownFollowerState(121)) - 5dfaa0ea-416a-422c-a75d-43311aceb00a: shutdown FollowerState
2019-09-19 14:22:08,869 [Thread-1381] INFO  impl.RaftServerImpl (RaftServerImpl.java:setRole(171)) - 5dfaa0ea-416a-422c-a75d-43311aceb00a:group-2609E2E2A622 changes role from FOLLOWER to CANDIDATE at term 1 for changeToCandidate
2019-09-19 14:22:08,869 [Thread-1381] INFO  impl.RoleInfo (RoleInfo.java:updateAndGet(143)) - 5dfaa0ea-416a-422c-a75d-43311aceb00a: start LeaderElection
2019-09-19 14:22:08,923 [Thread-1372] INFO  impl.FollowerState (FollowerState.java:run(106)) - 1190b9a7-12b1-4c15-b33e-f7d0a0cd436c:group-2609E2E2A622 changes to CANDIDATE, lastRpcTime:5070, electionTimeout:5070ms
2019-09-19 14:22:08,923 [Thread-1372] INFO  impl.RoleInfo (RoleInfo.java:shutdownFollowerState(121)) - 1190b9a7-12b1-4c15-b33e-f7d0a0cd436c: shutdown FollowerState
2019-09-19 14:22:08,923 [Thread-1372] INFO  impl.RaftServerImpl (RaftServerImpl.java:setRole(171)) - 1190b9a7-12b1-4c15-b33e-f7d0a0cd436c:group-2609E2E2A622 changes role from FOLLOWER to CANDIDATE at term 1 for changeToCandidate
2019-09-19 14:22:08,923 [Thread-1372] INFO  impl.RoleInfo (RoleInfo.java:updateAndGet(143)) - 1190b9a7-12b1-4c15-b33e-f7d0a0cd436c: start LeaderElection
2019-09-19 14:22:08,924 | INFO  | SCMAudit | user=jenkins1000 | ip=192.168.157.226 | op=SEND_HEARTBEAT {datanodeUUID=306a7a99-f2a5-4f40-b42b-2fc2def08a6a, command=[]} | ret=SUCCESS |  
2019-09-19 14:22:09,048 [Thread-1380] INFO  impl.FollowerState (FollowerState.java:run(106)) - 6403e584-2209-453b-b79e-eeb0a7b58516:group-2609E2E2A622 changes to CANDIDATE, lastRpcTime:5189, electionTimeout:5188ms
2019-09-19 14:22:09,049 [Thread-1380] INFO  impl.RoleInfo (RoleInfo.java:shutdownFollowerState(121)) - 6403e584-2209-453b-b79e-eeb0a7b58516: shutdown FollowerState
2019-09-19 14:22:09,049 [Thread-1380] INFO  impl.RaftServerImpl (RaftServerImpl.java:setRole(171)) - 6403e584-2209-453b-b79e-eeb0a7b58516:group-2609E2E2A622 changes role from FOLLOWER to CANDIDATE at term 1 for changeToCandidate
2019-09-19 14:22:09,049 [Thread-1380] INFO  impl.RoleInfo (RoleInfo.java:updateAndGet(143)) - 6403e584-2209-453b-b79e-eeb0a7b58516: start LeaderElection
2019-09-19 14:22:09,210 | INFO  | SCMAudit | user=jenkins1000 | ip=192.168.157.226 | op=SEND_HEARTBEAT {datanodeUUID=6403e584-2209-453b-b79e-eeb0a7b58516, command=[]} | ret=SUCCESS |  
2019-09-19 14:22:09,247 [5dfaa0ea-416a-422c-a75d-43311aceb00a:group-2609E2E2A622:LeaderElection224] INFO  impl.LeaderElection (LeaderElection.java:askForVotes(181)) - 5dfaa0ea-416a-422c-a75d-43311aceb00a:group-2609E2E2A622:LeaderElection224: begin an election at term 2 for -1: [5dfaa0ea-416a-422c-a75d-43311aceb00a:192.168.157.226:45629, 6403e584-2209-453b-b79e-eeb0a7b58516:192.168.157.226:35833, 1190b9a7-12b1-4c15-b33e-f7d0a0cd436c:192.168.157.226:34463], old=null
2019-09-19 14:22:09,305 [6403e584-2209-453b-b79e-eeb0a7b58516:group-2609E2E2A622:LeaderElection226] INFO  impl.LeaderElection (LeaderElection.java:askForVotes(181)) - 6403e584-2209-453b-b79e-eeb0a7b58516:group-2609E2E2A622:LeaderElection226: begin an election at term 2 for -1: [5dfaa0ea-416a-422c-a75d-43311aceb00a:192.168.157.226:45629, 6403e584-2209-453b-b79e-eeb0a7b58516:192.168.157.226:35833, 1190b9a7-12b1-4c15-b33e-f7d0a0cd436c:192.168.157.226:34463], old=null
2019-09-19 14:22:09,305 [1190b9a7-12b1-4c15-b33e-f7d0a0cd436c:group-2609E2E2A622:LeaderElection225] INFO  impl.LeaderElection (LeaderElection.java:askForVotes(181)) - 1190b9a7-12b1-4c15-b33e-f7d0a0cd436c:group-2609E2E2A622:LeaderElection225: begin an election at term 2 for -1: [5dfaa0ea-416a-422c-a75d-43311aceb00a:192.168.157.226:45629, 6403e584-2209-453b-b79e-eeb0a7b58516:192.168.157.226:35833, 1190b9a7-12b1-4c15-b33e-f7d0a0cd436c:192.168.157.226:34463], old=null
2019-09-19 14:22:09,311 [5dfaa0ea-416a-422c-a75d-43311aceb00a:group-2609E2E2A622:LeaderElection224] INFO  impl.LeaderElection (LeaderElection.java:logAndReturn(56)) - 5dfaa0ea-416a-422c-a75d-43311aceb00a:group-2609E2E2A622:LeaderElection224: Election REJECTED; received 2 response(s) [5dfaa0ea-416a-422c-a75d-43311aceb00a<-6403e584-2209-453b-b79e-eeb0a7b58516#0:FAIL-t2, 5dfaa0ea-416a-422c-a75d-43311aceb00a<-1190b9a7-12b1-4c15-b33e-f7d0a0cd436c#0:FAIL-t2] and 0 exception(s); 5dfaa0ea-416a-422c-a75d-43311aceb00a:t2, leader=null, voted=5dfaa0ea-416a-422c-a75d-43311aceb00a, raftlog=5dfaa0ea-416a-422c-a75d-43311aceb00a-SegmentedRaftLog:OPENED:c-1,f-1,i0, conf=-1: [5dfaa0ea-416a-422c-a75d-43311aceb00a:192.168.157.226:45629, 6403e584-2209-453b-b79e-eeb0a7b58516:192.168.157.226:35833, 1190b9a7-12b1-4c15-b33e-f7d0a0cd436c:192.168.157.226:34463], old=null
2019-09-19 14:22:09,311 [5dfaa0ea-416a-422c-a75d-43311aceb00a:group-2609E2E2A622:LeaderElection224] INFO  impl.RaftServerImpl (RaftServerImpl.java:setRole(171)) - 5dfaa0ea-416a-422c-a75d-43311aceb00a:group-2609E2E2A622 changes role from CANDIDATE to FOLLOWER at term 2 for DISCOVERED_A_NEW_TERM
2019-09-19 14:22:09,311 [5dfaa0ea-416a-422c-a75d-43311aceb00a:group-2609E2E2A622:LeaderElection224] INFO  impl.RoleInfo (RoleInfo.java:shutdownLeaderElection(134)) - 5dfaa0ea-416a-422c-a75d-43311aceb00a: shutdown LeaderElection
2019-09-19 14:22:09,312 [5dfaa0ea-416a-422c-a75d-43311aceb00a:group-2609E2E2A622:LeaderElection224] INFO  impl.RoleInfo (RoleInfo.java:updateAndGet(143)) - 5dfaa0ea-416a-422c-a75d-43311aceb00a: start FollowerState
2019-09-19 14:22:09,314 [6403e584-2209-453b-b79e-eeb0a7b58516:group-2609E2E2A622:LeaderElection226] INFO  impl.LeaderElection (LeaderElection.java:logAndReturn(56)) - 6403e584-2209-453b-b79e-eeb0a7b58516:group-2609E2E2A622:LeaderElection226: Election REJECTED; received 2 response(s) [6403e584-2209-453b-b79e-eeb0a7b58516<-5dfaa0ea-416a-422c-a75d-43311aceb00a#0:FAIL-t2, 6403e584-2209-453b-b79e-eeb0a7b58516<-1190b9a7-12b1-4c15-b33e-f7d0a0cd436c#0:FAIL-t2] and 0 exception(s); 6403e584-2209-453b-b79e-eeb0a7b58516:t2, leader=null, voted=6403e584-2209-453b-b79e-eeb0a7b58516, raftlog=6403e584-2209-453b-b79e-eeb0a7b58516-SegmentedRaftLog:OPENED:c-1,f-1,i0, conf=-1: [5dfaa0ea-416a-422c-a75d-43311aceb00a:192.168.157.226:45629, 6403e584-2209-453b-b79e-eeb0a7b58516:192.168.157.226:35833, 1190b9a7-12b1-4c15-b33e-f7d0a0cd436c:192.168.157.226:34463], old=null
2019-09-19 14:22:09,314 [6403e584-2209-453b-b79e-eeb0a7b58516:group-2609E2E2A622:LeaderElection226] INFO  impl.RaftServerImpl (RaftServerImpl.java:setRole(171)) - 6403e584-2209-453b-b79e-eeb0a7b58516:group-2609E2E2A622 changes role from CANDIDATE to FOLLOWER at term 2 for DISCOVERED_A_NEW_TERM
2019-09-19 14:22:09,314 [6403e584-2209-453b-b79e-eeb0a7b58516:group-2609E2E2A622:LeaderElection226] INFO  impl.RoleInfo (RoleInfo.java:shutdownLeaderElection(134)) - 6403e584-2209-453b-b79e-eeb0a7b58516: shutdown LeaderElection
2019-09-19 14:22:09,315 [6403e584-2209-453b-b79e-eeb0a7b58516:group-2609E2E2A622:LeaderElection226] INFO  impl.RoleInfo (RoleInfo.java:updateAndGet(143)) - 6403e584-2209-453b-b79e-eeb0a7b58516: start FollowerState
2019-09-19 14:22:09,315 [1190b9a7-12b1-4c15-b33e-f7d0a0cd436c:group-2609E2E2A622:LeaderElection225] INFO  impl.LeaderElection (LeaderElection.java:logAndReturn(56)) - 1190b9a7-12b1-4c15-b33e-f7d0a0cd436c:group-2609E2E2A622:LeaderElection225: Election REJECTED; received 2 response(s) [1190b9a7-12b1-4c15-b33e-f7d0a0cd436c<-5dfaa0ea-416a-422c-a75d-43311aceb00a#0:FAIL-t2, 1190b9a7-12b1-4c15-b33e-f7d0a0cd436c<-6403e584-2209-453b-b79e-eeb0a7b58516#0:FAIL-t2] and 0 exception(s); 1190b9a7-12b1-4c15-b33e-f7d0a0cd436c:t2, leader=null, voted=1190b9a7-12b1-4c15-b33e-f7d0a0cd436c, raftlog=1190b9a7-12b1-4c15-b33e-f7d0a0cd436c-SegmentedRaftLog:OPENED:c-1,f-1,i0, conf=-1: [5dfaa0ea-416a-422c-a75d-43311aceb00a:192.168.157.226:45629, 6403e584-2209-453b-b79e-eeb0a7b58516:192.168.157.226:35833, 1190b9a7-12b1-4c15-b33e-f7d0a0cd436c:192.168.157.226:34463], old=null
2019-09-19 14:22:09,315 [1190b9a7-12b1-4c15-b33e-f7d0a0cd436c:group-2609E2E2A622:LeaderElection225] INFO  impl.RaftServerImpl (RaftServerImpl.java:setRole(171)) - 1190b9a7-12b1-4c15-b33e-f7d0a0cd436c:group-2609E2E2A622 changes role from CANDIDATE to FOLLOWER at term 2 for DISCOVERED_A_NEW_TERM
2019-09-19 14:22:09,315 [1190b9a7-12b1-4c15-b33e-f7d0a0cd436c:group-2609E2E2A622:LeaderElection225] INFO  impl.RoleInfo (RoleInfo.java:shutdownLeaderElection(134)) - 1190b9a7-12b1-4c15-b33e-f7d0a0cd436c: shutdown LeaderElection
2019-09-19 14:22:09,315 [1190b9a7-12b1-4c15-b33e-f7d0a0cd436c:group-2609E2E2A622:LeaderElection225] INFO  impl.RoleInfo (RoleInfo.java:updateAndGet(143)) - 1190b9a7-12b1-4c15-b33e-f7d0a0cd436c: start FollowerState
2019-09-19 14:22:09,678 | INFO  | SCMAudit | user=jenkins1000 | ip=192.168.157.226 | op=SEND_HEARTBEAT {datanodeUUID=1190b9a7-12b1-4c15-b33e-f7d0a0cd436c, command=[]} | ret=SUCCESS |  
2019-09-19 14:22:09,678 | INFO  | SCMAudit | user=jenkins1000 | ip=192.168.157.226 | op=SEND_HEARTBEAT {datanodeUUID=431517c4-8c09-4790-b37b-2e132c8143ad, command=[]} | ret=SUCCESS |  
2019-09-19 14:22:09,679 | INFO  | SCMAudit | user=jenkins1000 | ip=192.168.157.226 | op=SEND_HEARTBEAT {datanodeUUID=56d21ab3-8f6d-44ea-b961-c721a1c09246, command=[]} | ret=SUCCESS |  
2019-09-19 14:22:09,698 | INFO  | SCMAudit | user=jenkins1000 | ip=192.168.157.226 | op=SEND_HEARTBEAT {datanodeUUID=5dfaa0ea-416a-422c-a75d-43311aceb00a, command=[]} | ret=SUCCESS |  
2019-09-19 14:22:09,699 | INFO  | SCMAudit | user=jenkins1000 | ip=192.168.157.226 | op=SEND_HEARTBEAT {datanodeUUID=85c6a9f3-b9a5-43a5-ac4f-9aa7bd5f2263, command=[]} | ret=SUCCESS |  
2019-09-19 14:22:09,925 | INFO  | SCMAudit | user=jenkins1000 | ip=192.168.157.226 | op=SEND_HEARTBEAT {datanodeUUID=306a7a99-f2a5-4f40-b42b-2fc2def08a6a, command=[]} | ret=SUCCESS |  
2019-09-19 14:22:10,211 | INFO  | SCMAudit | user=jenkins1000 | ip=192.168.157.226 | op=SEND_HEARTBEAT {datanodeUUID=6403e584-2209-453b-b79e-eeb0a7b58516, command=[]} | ret=SUCCESS |  
2019-09-19 14:22:10,674 | INFO  | SCMAudit | user=jenkins1000 | ip=192.168.157.226 | op=SEND_HEARTBEAT {datanodeUUID=1190b9a7-12b1-4c15-b33e-f7d0a0cd436c, command=[]} | ret=SUCCESS |  
2019-09-19 14:22:10,674 | INFO  | SCMAudit | user=jenkins1000 | ip=192.168.157.226 | op=SEND_HEARTBEAT {datanodeUUID=56d21ab3-8f6d-44ea-b961-c721a1c09246, command=[]} | ret=SUCCESS |  
2019-09-19 14:22:10,674 | INFO  | SCMAudit | user=jenkins1000 | ip=192.168.157.226 | op=SEND_HEARTBEAT {datanodeUUID=85c6a9f3-b9a5-43a5-ac4f-9aa7bd5f2263, command=[]} | ret=SUCCESS |  
2019-09-19 14:22:10,675 | INFO  | SCMAudit | user=jenkins1000 | ip=192.168.157.226 | op=SEND_HEARTBEAT {datanodeUUID=431517c4-8c09-4790-b37b-2e132c8143ad, command=[]} | ret=SUCCESS |  
2019-09-19 14:22:10,675 | INFO  | SCMAudit | user=jenkins1000 | ip=192.168.157.226 | op=SEND_HEARTBEAT {datanodeUUID=5dfaa0ea-416a-422c-a75d-43311aceb00a, command=[]} | ret=SUCCESS |  
2019-09-19 14:22:10,925 | INFO  | SCMAudit | user=jenkins1000 | ip=192.168.157.226 | op=SEND_HEARTBEAT {datanodeUUID=306a7a99-f2a5-4f40-b42b-2fc2def08a6a, command=[]} | ret=SUCCESS |  
2019-09-19 14:22:11,211 | INFO  | SCMAudit | user=jenkins1000 | ip=192.168.157.226 | op=SEND_HEARTBEAT {datanodeUUID=6403e584-2209-453b-b79e-eeb0a7b58516, command=[]} | ret=SUCCESS |  
2019-09-19 14:22:11,674 | INFO  | SCMAudit | user=jenkins1000 | ip=192.168.157.226 | op=SEND_HEARTBEAT {datanodeUUID=1190b9a7-12b1-4c15-b33e-f7d0a0cd436c, command=[]} | ret=SUCCESS |  
2019-09-19 14:22:11,674 | INFO  | SCMAudit | user=jenkins1000 | ip=192.168.157.226 | op=SEND_HEARTBEAT {datanodeUUID=431517c4-8c09-4790-b37b-2e132c8143ad, command=[]} | ret=SUCCESS |  
2019-09-19 14:22:11,674 | INFO  | SCMAudit | user=jenkins1000 | ip=192.168.157.226 | op=SEND_HEARTBEAT {datanodeUUID=56d21ab3-8f6d-44ea-b961-c721a1c09246, command=[]} | ret=SUCCESS |  
2019-09-19 14:22:11,674 | INFO  | SCMAudit | user=jenkins1000 | ip=192.168.157.226 | op=SEND_HEARTBEAT {datanodeUUID=85c6a9f3-b9a5-43a5-ac4f-9aa7bd5f2263, command=[]} | ret=SUCCESS |  
2019-09-19 14:22:11,674 | INFO  | SCMAudit | user=jenkins1000 | ip=192.168.157.226 | op=SEND_HEARTBEAT {datanodeUUID=5dfaa0ea-416a-422c-a75d-43311aceb00a, command=[]} | ret=SUCCESS |  
2019-09-19 14:22:11,926 | INFO  | SCMAudit | user=jenkins1000 | ip=192.168.157.226 | op=SEND_HEARTBEAT {datanodeUUID=306a7a99-f2a5-4f40-b42b-2fc2def08a6a, command=[]} | ret=SUCCESS |  
2019-09-19 14:22:12,072 [Thread-1386] INFO  impl.FollowerState (FollowerState.java:run(106)) - 6403e584-2209-453b-b79e-eeb0a7b58516:group-85125247F34E changes to CANDIDATE, lastRpcTime:5130, electionTimeout:5130ms
2019-09-19 14:22:12,072 [Thread-1386] INFO  impl.RoleInfo (RoleInfo.java:shutdownFollowerState(121)) - 6403e584-2209-453b-b79e-eeb0a7b58516: shutdown FollowerState
2019-09-19 14:22:12,072 [Thread-1386] INFO  impl.RaftServerImpl (RaftServerImpl.java:setRole(171)) - 6403e584-2209-453b-b79e-eeb0a7b58516:group-85125247F34E changes role from FOLLOWER to CANDIDATE at term 0 for changeToCandidate
2019-09-19 14:22:12,072 [Thread-1386] INFO  impl.RoleInfo (RoleInfo.java:updateAndGet(143)) - 6403e584-2209-453b-b79e-eeb0a7b58516: start LeaderElection
2019-09-19 14:22:12,087 [Thread-1389] INFO  impl.FollowerState (FollowerState.java:run(106)) - 306a7a99-f2a5-4f40-b42b-2fc2def08a6a:group-85125247F34E changes to CANDIDATE, lastRpcTime:5142, electionTimeout:5142ms
2019-09-19 14:22:12,087 [Thread-1389] INFO  impl.RoleInfo (RoleInfo.java:shutdownFollowerState(121)) - 306a7a99-f2a5-4f40-b42b-2fc2def08a6a: shutdown FollowerState
2019-09-19 14:22:12,087 [Thread-1389] INFO  impl.RaftServerImpl (RaftServerImpl.java:setRole(171)) - 306a7a99-f2a5-4f40-b42b-2fc2def08a6a:group-85125247F34E changes role from FOLLOWER to CANDIDATE at term 0 for changeToCandidate
2019-09-19 14:22:12,087 [Thread-1389] INFO  impl.RoleInfo (RoleInfo.java:updateAndGet(143)) - 306a7a99-f2a5-4f40-b42b-2fc2def08a6a: start LeaderElection
2019-09-19 14:22:12,170 [Thread-1395] INFO  impl.FollowerState (FollowerState.java:run(106)) - 85c6a9f3-b9a5-43a5-ac4f-9aa7bd5f2263:group-85125247F34E changes to CANDIDATE, lastRpcTime:5014, electionTimeout:5014ms
2019-09-19 14:22:12,171 [Thread-1395] INFO  impl.RoleInfo (RoleInfo.java:shutdownFollowerState(121)) - 85c6a9f3-b9a5-43a5-ac4f-9aa7bd5f2263: shutdown FollowerState
2019-09-19 14:22:12,171 [Thread-1395] INFO  impl.RaftServerImpl (RaftServerImpl.java:setRole(171)) - 85c6a9f3-b9a5-43a5-ac4f-9aa7bd5f2263:group-85125247F34E changes role from FOLLOWER to CANDIDATE at term 0 for changeToCandidate
2019-09-19 14:22:12,171 [Thread-1395] INFO  impl.RoleInfo (RoleInfo.java:updateAndGet(143)) - 85c6a9f3-b9a5-43a5-ac4f-9aa7bd5f2263: start LeaderElection
2019-09-19 14:22:12,188 [Thread-1393] INFO  impl.FollowerState (FollowerState.java:run(106)) - 85c6a9f3-b9a5-43a5-ac4f-9aa7bd5f2263:group-C123BBC42C4F changes to CANDIDATE, lastRpcTime:5033, electionTimeout:5033ms
2019-09-19 14:22:12,188 [Thread-1393] INFO  impl.RoleInfo (RoleInfo.java:shutdownFollowerState(121)) - 85c6a9f3-b9a5-43a5-ac4f-9aa7bd5f2263: shutdown FollowerState
2019-09-19 14:22:12,189 [Thread-1393] INFO  impl.RaftServerImpl (RaftServerImpl.java:setRole(171)) - 85c6a9f3-b9a5-43a5-ac4f-9aa7bd5f2263:group-C123BBC42C4F changes role from FOLLOWER to CANDIDATE at term 0 for changeToCandidate
2019-09-19 14:22:12,189 [Thread-1393] INFO  impl.RoleInfo (RoleInfo.java:updateAndGet(143)) - 85c6a9f3-b9a5-43a5-ac4f-9aa7bd5f2263: start LeaderElection
2019-09-19 14:22:12,211 | INFO  | SCMAudit | user=jenkins1000 | ip=192.168.157.226 | op=SEND_HEARTBEAT {datanodeUUID=6403e584-2209-453b-b79e-eeb0a7b58516, command=[]} | ret=SUCCESS |  
2019-09-19 14:22:12,337 [6403e584-2209-453b-b79e-eeb0a7b58516:group-85125247F34E:LeaderElection227] INFO  impl.LeaderElection (LeaderElection.java:askForVotes(181)) - 6403e584-2209-453b-b79e-eeb0a7b58516:group-85125247F34E:LeaderElection227: begin an election at term 1 for -1: [85c6a9f3-b9a5-43a5-ac4f-9aa7bd5f2263:192.168.157.226:45170, 306a7a99-f2a5-4f40-b42b-2fc2def08a6a:192.168.157.226:42633, 6403e584-2209-453b-b79e-eeb0a7b58516:192.168.157.226:35833], old=null
2019-09-19 14:22:12,397 [85c6a9f3-b9a5-43a5-ac4f-9aa7bd5f2263:group-C123BBC42C4F:LeaderElection230] INFO  impl.LeaderElection (LeaderElection.java:askForVotes(181)) - 85c6a9f3-b9a5-43a5-ac4f-9aa7bd5f2263:group-C123BBC42C4F:LeaderElection230: begin an election at term 1 for -1: [85c6a9f3-b9a5-43a5-ac4f-9aa7bd5f2263:192.168.157.226:45170], old=null
2019-09-19 14:22:12,397 [85c6a9f3-b9a5-43a5-ac4f-9aa7bd5f2263:group-85125247F34E:LeaderElection229] INFO  impl.LeaderElection (LeaderElection.java:askForVotes(181)) - 85c6a9f3-b9a5-43a5-ac4f-9aa7bd5f2263:group-85125247F34E:LeaderElection229: begin an election at term 1 for -1: [85c6a9f3-b9a5-43a5-ac4f-9aa7bd5f2263:192.168.157.226:45170, 306a7a99-f2a5-4f40-b42b-2fc2def08a6a:192.168.157.226:42633, 6403e584-2209-453b-b79e-eeb0a7b58516:192.168.157.226:35833], old=null
2019-09-19 14:22:12,397 [306a7a99-f2a5-4f40-b42b-2fc2def08a6a:group-85125247F34E:LeaderElection228] INFO  impl.LeaderElection (LeaderElection.java:askForVotes(181)) - 306a7a99-f2a5-4f40-b42b-2fc2def08a6a:group-85125247F34E:LeaderElection228: begin an election at term 1 for -1: [85c6a9f3-b9a5-43a5-ac4f-9aa7bd5f2263:192.168.157.226:45170, 306a7a99-f2a5-4f40-b42b-2fc2def08a6a:192.168.157.226:42633, 6403e584-2209-453b-b79e-eeb0a7b58516:192.168.157.226:35833], old=null
2019-09-19 14:22:12,397 [85c6a9f3-b9a5-43a5-ac4f-9aa7bd5f2263:group-C123BBC42C4F:LeaderElection230] INFO  impl.RoleInfo (RoleInfo.java:shutdownLeaderElection(134)) - 85c6a9f3-b9a5-43a5-ac4f-9aa7bd5f2263: shutdown LeaderElection
2019-09-19 14:22:12,397 [85c6a9f3-b9a5-43a5-ac4f-9aa7bd5f2263:group-C123BBC42C4F:LeaderElection230] INFO  impl.RaftServerImpl (RaftServerImpl.java:setRole(171)) - 85c6a9f3-b9a5-43a5-ac4f-9aa7bd5f2263:group-C123BBC42C4F changes role from CANDIDATE to LEADER at term 1 for changeToLeader
2019-09-19 14:22:12,397 [85c6a9f3-b9a5-43a5-ac4f-9aa7bd5f2263:group-C123BBC42C4F:LeaderElection230] INFO  impl.RaftServerImpl (ServerState.java:setLeader(263)) - 85c6a9f3-b9a5-43a5-ac4f-9aa7bd5f2263:group-C123BBC42C4F change Leader from null to 85c6a9f3-b9a5-43a5-ac4f-9aa7bd5f2263 at term 1 for becomeLeader, leader elected after 14040ms
2019-09-19 14:22:12,398 [85c6a9f3-b9a5-43a5-ac4f-9aa7bd5f2263:group-C123BBC42C4F:LeaderElection230] INFO  server.RaftServerConfigKeys (ConfUtils.java:logGet(43)) - raft.server.staging.catchup.gap = 1000 (default)
2019-09-19 14:22:12,398 [85c6a9f3-b9a5-43a5-ac4f-9aa7bd5f2263:group-C123BBC42C4F:LeaderElection230] INFO  server.RaftServerConfigKeys (ConfUtils.java:logGet(43)) - raft.server.rpc.sleep.time = 25ms (default)
2019-09-19 14:22:12,398 [85c6a9f3-b9a5-43a5-ac4f-9aa7bd5f2263:group-C123BBC42C4F:LeaderElection230] INFO  server.RaftServerConfigKeys (ConfUtils.java:logGet(43)) - raft.server.write.element-limit = 4096 (default)
2019-09-19 14:22:12,398 [85c6a9f3-b9a5-43a5-ac4f-9aa7bd5f2263:group-C123BBC42C4F:LeaderElection230] INFO  server.RaftServerConfigKeys (ConfUtils.java:logGet(43)) - raft.server.watch.timeout = 10s (default)
2019-09-19 14:22:12,399 [85c6a9f3-b9a5-43a5-ac4f-9aa7bd5f2263:group-C123BBC42C4F:LeaderElection230] INFO  server.RaftServerConfigKeys (ConfUtils.java:logGet(43)) - raft.server.watch.timeout.denomination = 1s (default)
2019-09-19 14:22:12,399 [85c6a9f3-b9a5-43a5-ac4f-9aa7bd5f2263:group-C123BBC42C4F:LeaderElection230] INFO  server.RaftServerConfigKeys (ConfUtils.java:logGet(43)) - raft.server.watch.element-limit = 65536 (default)
2019-09-19 14:22:12,399 [6403e584-2209-453b-b79e-eeb0a7b58516:group-85125247F34E:LeaderElection227] INFO  impl.LeaderElection (LeaderElection.java:logAndReturn(56)) - 6403e584-2209-453b-b79e-eeb0a7b58516:group-85125247F34E:LeaderElection227: Election REJECTED; received 2 response(s) [6403e584-2209-453b-b79e-eeb0a7b58516<-85c6a9f3-b9a5-43a5-ac4f-9aa7bd5f2263#0:FAIL-t1, 6403e584-2209-453b-b79e-eeb0a7b58516<-306a7a99-f2a5-4f40-b42b-2fc2def08a6a#0:FAIL-t1] and 0 exception(s); 6403e584-2209-453b-b79e-eeb0a7b58516:t1, leader=null, voted=6403e584-2209-453b-b79e-eeb0a7b58516, raftlog=6403e584-2209-453b-b79e-eeb0a7b58516-SegmentedRaftLog:OPENED:c-1,f-1,i0, conf=-1: [85c6a9f3-b9a5-43a5-ac4f-9aa7bd5f2263:192.168.157.226:45170, 306a7a99-f2a5-4f40-b42b-2fc2def08a6a:192.168.157.226:42633, 6403e584-2209-453b-b79e-eeb0a7b58516:192.168.157.226:35833], old=null
2019-09-19 14:22:12,399 [85c6a9f3-b9a5-43a5-ac4f-9aa7bd5f2263:group-C123BBC42C4F:LeaderElection230] INFO  impl.RoleInfo (RoleInfo.java:updateAndGet(143)) - 85c6a9f3-b9a5-43a5-ac4f-9aa7bd5f2263: start LeaderState
2019-09-19 14:22:12,399 [6403e584-2209-453b-b79e-eeb0a7b58516:group-85125247F34E:LeaderElection227] INFO  impl.RaftServerImpl (RaftServerImpl.java:setRole(171)) - 6403e584-2209-453b-b79e-eeb0a7b58516:group-85125247F34E changes role from CANDIDATE to FOLLOWER at term 1 for DISCOVERED_A_NEW_TERM
2019-09-19 14:22:12,399 [85c6a9f3-b9a5-43a5-ac4f-9aa7bd5f2263:group-C123BBC42C4F:LeaderElection230] INFO  segmented.SegmentedRaftLogWorker (SegmentedRaftLogWorker.java:startLogSegment(380)) - 85c6a9f3-b9a5-43a5-ac4f-9aa7bd5f2263-SegmentedRaftLogWorker:Storage Directory /workdir/hadoop-ozone/integration-test/target/test-dir/MiniOzoneClusterImpl-210d6028-2152-4683-81ff-347b0d29bb13/datanode-0/data/ratis/ed7ccb91-f33d-461f-8fcc-c123bbc42c4f: Starting segment from index:0
2019-09-19 14:22:12,399 [6403e584-2209-453b-b79e-eeb0a7b58516:group-85125247F34E:LeaderElection227] INFO  impl.RoleInfo (RoleInfo.java:shutdownLeaderElection(134)) - 6403e584-2209-453b-b79e-eeb0a7b58516: shutdown LeaderElection
2019-09-19 14:22:12,400 [6403e584-2209-453b-b79e-eeb0a7b58516:group-85125247F34E:LeaderElection227] INFO  impl.RoleInfo (RoleInfo.java:updateAndGet(143)) - 6403e584-2209-453b-b79e-eeb0a7b58516: start FollowerState
2019-09-19 14:22:12,400 [85c6a9f3-b9a5-43a5-ac4f-9aa7bd5f2263:group-C123BBC42C4F:LeaderElection230] INFO  impl.RaftServerImpl (ServerState.java:setRaftConf(361)) - 85c6a9f3-b9a5-43a5-ac4f-9aa7bd5f2263:group-C123BBC42C4F set configuration 0: [85c6a9f3-b9a5-43a5-ac4f-9aa7bd5f2263:192.168.157.226:45170], old=null at 0
2019-09-19 14:22:12,868 | INFO  | SCMAudit | user=jenkins1000 | ip=192.168.157.226 | op=SEND_HEARTBEAT {datanodeUUID=1190b9a7-12b1-4c15-b33e-f7d0a0cd436c, command=[]} | ret=SUCCESS |  
2019-09-19 14:22:12,868 | INFO  | SCMAudit | user=jenkins1000 | ip=192.168.157.226 | op=SEND_HEARTBEAT {datanodeUUID=56d21ab3-8f6d-44ea-b961-c721a1c09246, command=[]} | ret=SUCCESS |  
2019-09-19 14:22:12,868 | INFO  | SCMAudit | user=jenkins1000 | ip=192.168.157.226 | op=SEND_HEARTBEAT {datanodeUUID=431517c4-8c09-4790-b37b-2e132c8143ad, command=[]} | ret=SUCCESS |  
2019-09-19 14:22:12,868 | INFO  | SCMAudit | user=jenkins1000 | ip=192.168.157.226 | op=SEND_HEARTBEAT {datanodeUUID=85c6a9f3-b9a5-43a5-ac4f-9aa7bd5f2263, command=[]} | ret=SUCCESS |  
2019-09-19 14:22:12,874 | INFO  | SCMAudit | user=jenkins1000 | ip=192.168.157.226 | op=SEND_HEARTBEAT {datanodeUUID=5dfaa0ea-416a-422c-a75d-43311aceb00a, command=[]} | ret=SUCCESS |  
2019-09-19 14:22:12,875 [85c6a9f3-b9a5-43a5-ac4f-9aa7bd5f2263:group-85125247F34E:LeaderElection229] INFO  impl.LeaderElection (LeaderElection.java:logAndReturn(56)) - 85c6a9f3-b9a5-43a5-ac4f-9aa7bd5f2263:group-85125247F34E:LeaderElection229: Election REJECTED; received 2 response(s) [85c6a9f3-b9a5-43a5-ac4f-9aa7bd5f2263<-306a7a99-f2a5-4f40-b42b-2fc2def08a6a#0:FAIL-t1, 85c6a9f3-b9a5-43a5-ac4f-9aa7bd5f2263<-6403e584-2209-453b-b79e-eeb0a7b58516#0:FAIL-t1] and 0 exception(s); 85c6a9f3-b9a5-43a5-ac4f-9aa7bd5f2263:t1, leader=null, voted=85c6a9f3-b9a5-43a5-ac4f-9aa7bd5f2263, raftlog=85c6a9f3-b9a5-43a5-ac4f-9aa7bd5f2263-SegmentedRaftLog:OPENED:c-1,f-1,i0, conf=-1: [85c6a9f3-b9a5-43a5-ac4f-9aa7bd5f2263:192.168.157.226:45170, 306a7a99-f2a5-4f40-b42b-2fc2def08a6a:192.168.157.226:42633, 6403e584-2209-453b-b79e-eeb0a7b58516:192.168.157.226:35833], old=null
2019-09-19 14:22:12,875 [85c6a9f3-b9a5-43a5-ac4f-9aa7bd5f2263:group-85125247F34E:LeaderElection229] INFO  impl.RaftServerImpl (RaftServerImpl.java:setRole(171)) - 85c6a9f3-b9a5-43a5-ac4f-9aa7bd5f2263:group-85125247F34E changes role from CANDIDATE to FOLLOWER at term 1 for DISCOVERED_A_NEW_TERM
2019-09-19 14:22:12,876 [85c6a9f3-b9a5-43a5-ac4f-9aa7bd5f2263:group-85125247F34E:LeaderElection229] INFO  impl.RoleInfo (RoleInfo.java:shutdownLeaderElection(134)) - 85c6a9f3-b9a5-43a5-ac4f-9aa7bd5f2263: shutdown LeaderElection
2019-09-19 14:22:12,876 [85c6a9f3-b9a5-43a5-ac4f-9aa7bd5f2263:group-85125247F34E:LeaderElection229] INFO  impl.RoleInfo (RoleInfo.java:updateAndGet(143)) - 85c6a9f3-b9a5-43a5-ac4f-9aa7bd5f2263: start FollowerState
2019-09-19 14:22:12,878 [306a7a99-f2a5-4f40-b42b-2fc2def08a6a:group-85125247F34E:LeaderElection228] INFO  impl.LeaderElection (LeaderElection.java:logAndReturn(56)) - 306a7a99-f2a5-4f40-b42b-2fc2def08a6a:group-85125247F34E:LeaderElection228: Election REJECTED; received 2 response(s) [306a7a99-f2a5-4f40-b42b-2fc2def08a6a<-85c6a9f3-b9a5-43a5-ac4f-9aa7bd5f2263#0:FAIL-t1, 306a7a99-f2a5-4f40-b42b-2fc2def08a6a<-6403e584-2209-453b-b79e-eeb0a7b58516#0:FAIL-t1] and 0 exception(s); 306a7a99-f2a5-4f40-b42b-2fc2def08a6a:t1, leader=null, voted=306a7a99-f2a5-4f40-b42b-2fc2def08a6a, raftlog=306a7a99-f2a5-4f40-b42b-2fc2def08a6a-SegmentedRaftLog:OPENED:c-1,f-1,i0, conf=-1: [85c6a9f3-b9a5-43a5-ac4f-9aa7bd5f2263:192.168.157.226:45170, 306a7a99-f2a5-4f40-b42b-2fc2def08a6a:192.168.157.226:42633, 6403e584-2209-453b-b79e-eeb0a7b58516:192.168.157.226:35833], old=null
2019-09-19 14:22:12,878 [306a7a99-f2a5-4f40-b42b-2fc2def08a6a:group-85125247F34E:LeaderElection228] INFO  impl.RaftServerImpl (RaftServerImpl.java:setRole(171)) - 306a7a99-f2a5-4f40-b42b-2fc2def08a6a:group-85125247F34E changes role from CANDIDATE to FOLLOWER at term 1 for DISCOVERED_A_NEW_TERM
2019-09-19 14:22:12,878 [306a7a99-f2a5-4f40-b42b-2fc2def08a6a:group-85125247F34E:LeaderElection228] INFO  impl.RoleInfo (RoleInfo.java:shutdownLeaderElection(134)) - 306a7a99-f2a5-4f40-b42b-2fc2def08a6a: shutdown LeaderElection
2019-09-19 14:22:12,879 [306a7a99-f2a5-4f40-b42b-2fc2def08a6a:group-85125247F34E:LeaderElection228] INFO  impl.RoleInfo (RoleInfo.java:updateAndGet(143)) - 306a7a99-f2a5-4f40-b42b-2fc2def08a6a: start FollowerState
2019-09-19 14:22:12,925 | INFO  | SCMAudit | user=jenkins1000 | ip=192.168.157.226 | op=SEND_HEARTBEAT {datanodeUUID=306a7a99-f2a5-4f40-b42b-2fc2def08a6a, command=[]} | ret=SUCCESS |  
2019-09-19 14:22:13,211 | INFO  | SCMAudit | user=jenkins1000 | ip=192.168.157.226 | op=SEND_HEARTBEAT {datanodeUUID=6403e584-2209-453b-b79e-eeb0a7b58516, command=[]} | ret=SUCCESS |  
2019-09-19 14:22:13,380 [85c6a9f3-b9a5-43a5-ac4f-9aa7bd5f2263-SegmentedRaftLogWorker:Storage Directory /workdir/hadoop-ozone/integration-test/target/test-dir/MiniOzoneClusterImpl-210d6028-2152-4683-81ff-347b0d29bb13/datanode-0/data/ratis/ed7ccb91-f33d-461f-8fcc-c123bbc42c4f] ERROR segmented.SegmentedRaftLogWorker (SegmentedRaftLogWorker.java:run(323)) - 85c6a9f3-b9a5-43a5-ac4f-9aa7bd5f2263-SegmentedRaftLogWorker:Storage Directory /workdir/hadoop-ozone/integration-test/target/test-dir/MiniOzoneClusterImpl-210d6028-2152-4683-81ff-347b0d29bb13/datanode-0/data/ratis/ed7ccb91-f33d-461f-8fcc-c123bbc42c4f hit exception
java.lang.OutOfMemoryError: Direct buffer memory
	at java.nio.Bits.reserveMemory(Bits.java:666)
	at java.nio.DirectByteBuffer.<init>(DirectByteBuffer.java:123)
	at java.nio.ByteBuffer.allocateDirect(ByteBuffer.java:311)
	at org.apache.ratis.server.raftlog.segmented.BufferedWriteChannel.<init>(BufferedWriteChannel.java:41)
	at org.apache.ratis.server.raftlog.segmented.SegmentedRaftLogOutputStream.<init>(SegmentedRaftLogOutputStream.java:72)
	at org.apache.ratis.server.raftlog.segmented.SegmentedRaftLogWorker$StartLogSegment.execute(SegmentedRaftLogWorker.java:566)
	at org.apache.ratis.server.raftlog.segmented.SegmentedRaftLogWorker.run(SegmentedRaftLogWorker.java:289)
	at java.lang.Thread.run(Thread.java:748)
2019-09-19 14:22:13,380 [85c6a9f3-b9a5-43a5-ac4f-9aa7bd5f2263-SegmentedRaftLogWorker:Storage Directory /workdir/hadoop-ozone/integration-test/target/test-dir/MiniOzoneClusterImpl-210d6028-2152-4683-81ff-347b0d29bb13/datanode-0/data/ratis/ed7ccb91-f33d-461f-8fcc-c123bbc42c4f] INFO  impl.RaftServerImpl (RaftServerImpl.java:lambda$shutdown$3(245)) - 85c6a9f3-b9a5-43a5-ac4f-9aa7bd5f2263: shutdown group-C123BBC42C4F
2019-09-19 14:22:13,381 [85c6a9f3-b9a5-43a5-ac4f-9aa7bd5f2263-SegmentedRaftLogWorker:Storage Directory /workdir/hadoop-ozone/integration-test/target/test-dir/MiniOzoneClusterImpl-210d6028-2152-4683-81ff-347b0d29bb13/datanode-0/data/ratis/ed7ccb91-f33d-461f-8fcc-c123bbc42c4f] INFO  util.JmxRegister (JmxRegister.java:unregister(73)) - Successfully un-registered JMX Bean with object name Ratis:service=RaftServer,group=group-C123BBC42C4F,id=85c6a9f3-b9a5-43a5-ac4f-9aa7bd5f2263
2019-09-19 14:22:13,381 [85c6a9f3-b9a5-43a5-ac4f-9aa7bd5f2263-SegmentedRaftLogWorker:Storage Directory /workdir/hadoop-ozone/integration-test/target/test-dir/MiniOzoneClusterImpl-210d6028-2152-4683-81ff-347b0d29bb13/datanode-0/data/ratis/ed7ccb91-f33d-461f-8fcc-c123bbc42c4f] INFO  impl.RoleInfo (RoleInfo.java:shutdownLeaderState(104)) - 85c6a9f3-b9a5-43a5-ac4f-9aa7bd5f2263: shutdown LeaderState
2019-09-19 14:22:13,381 [85c6a9f3-b9a5-43a5-ac4f-9aa7bd5f2263-SegmentedRaftLogWorker:Storage Directory /workdir/hadoop-ozone/integration-test/target/test-dir/MiniOzoneClusterImpl-210d6028-2152-4683-81ff-347b0d29bb13/datanode-0/data/ratis/ed7ccb91-f33d-461f-8fcc-c123bbc42c4f] INFO  impl.PendingRequests (PendingRequests.java:sendNotLeaderResponses(202)) - 85c6a9f3-b9a5-43a5-ac4f-9aa7bd5f2263-PendingRequests: sendNotLeaderResponses
2019-09-19 14:22:13,381 [85c6a9f3-b9a5-43a5-ac4f-9aa7bd5f2263-SegmentedRaftLogWorker:Storage Directory /workdir/hadoop-ozone/integration-test/target/test-dir/MiniOzoneClusterImpl-210d6028-2152-4683-81ff-347b0d29bb13/datanode-0/data/ratis/ed7ccb91-f33d-461f-8fcc-c123bbc42c4f] INFO  impl.StateMachineUpdater (StateMachineUpdater.java:stopAndJoin(115)) - StateMachineUpdater:85c6a9f3-b9a5-43a5-ac4f-9aa7bd5f2263:group-C123BBC42C4F: set stopIndex = -1
2019-09-19 14:22:13,381 [85c6a9f3-b9a5-43a5-ac4f-9aa7bd5f2263-SegmentedRaftLogWorker:Storage Directory /workdir/hadoop-ozone/integration-test/target/test-dir/MiniOzoneClusterImpl-210d6028-2152-4683-81ff-347b0d29bb13/datanode-0/data/ratis/ed7ccb91-f33d-461f-8fcc-c123bbc42c4f] INFO  impl.RaftServerImpl (ServerState.java:close(394)) - 85c6a9f3-b9a5-43a5-ac4f-9aa7bd5f2263:group-C123BBC42C4F closes. The last applied log index is -1
2019-09-19 14:22:13,382 [85c6a9f3-b9a5-43a5-ac4f-9aa7bd5f2263-SegmentedRaftLogWorker:Storage Directory /workdir/hadoop-ozone/integration-test/target/test-dir/MiniOzoneClusterImpl-210d6028-2152-4683-81ff-347b0d29bb13/datanode-0/data/ratis/ed7ccb91-f33d-461f-8fcc-c123bbc42c4f] INFO  segmented.SegmentedRaftLogWorker (SegmentedRaftLogWorker.java:close(228)) - 85c6a9f3-b9a5-43a5-ac4f-9aa7bd5f2263-SegmentedRaftLogWorker:Storage Directory /workdir/hadoop-ozone/integration-test/target/test-dir/MiniOzoneClusterImpl-210d6028-2152-4683-81ff-347b0d29bb13/datanode-0/data/ratis/ed7ccb91-f33d-461f-8fcc-c123bbc42c4f close()
2019-09-19 14:22:13,867 | INFO  | SCMAudit | user=jenkins1000 | ip=192.168.157.226 | op=SEND_HEARTBEAT {datanodeUUID=5dfaa0ea-416a-422c-a75d-43311aceb00a, command=[]} | ret=SUCCESS |  
2019-09-19 14:22:13,867 | INFO  | SCMAudit | user=jenkins1000 | ip=192.168.157.226 | op=SEND_HEARTBEAT {datanodeUUID=85c6a9f3-b9a5-43a5-ac4f-9aa7bd5f2263, command=[]} | ret=SUCCESS |  
2019-09-19 14:22:13,867 | INFO  | SCMAudit | user=jenkins1000 | ip=192.168.157.226 | op=SEND_HEARTBEAT {datanodeUUID=431517c4-8c09-4790-b37b-2e132c8143ad, command=[]} | ret=SUCCESS |  
2019-09-19 14:22:13,867 | INFO  | SCMAudit | user=jenkins1000 | ip=192.168.157.226 | op=SEND_HEARTBEAT {datanodeUUID=56d21ab3-8f6d-44ea-b961-c721a1c09246, command=[]} | ret=SUCCESS |  
2019-09-19 14:22:13,868 | INFO  | SCMAudit | user=jenkins1000 | ip=192.168.157.226 | op=SEND_HEARTBEAT {datanodeUUID=1190b9a7-12b1-4c15-b33e-f7d0a0cd436c, command=[]} | ret=SUCCESS |  
2019-09-19 14:22:13,926 | INFO  | SCMAudit | user=jenkins1000 | ip=192.168.157.226 | op=SEND_HEARTBEAT {datanodeUUID=306a7a99-f2a5-4f40-b42b-2fc2def08a6a, command=[]} | ret=SUCCESS |  
2019-09-19 14:22:14,212 | INFO  | SCMAudit | user=jenkins1000 | ip=192.168.157.226 | op=SEND_HEARTBEAT {datanodeUUID=6403e584-2209-453b-b79e-eeb0a7b58516, command=[]} | ret=SUCCESS |  
2019-09-19 14:22:14,348 [Thread-1411] INFO  impl.FollowerState (FollowerState.java:run(106)) - 5dfaa0ea-416a-422c-a75d-43311aceb00a:group-2609E2E2A622 changes to CANDIDATE, lastRpcTime:5036, electionTimeout:5036ms
2019-09-19 14:22:14,349 [Thread-1411] INFO  impl.RoleInfo (RoleInfo.java:shutdownFollowerState(121)) - 5dfaa0ea-416a-422c-a75d-43311aceb00a: shutdown FollowerState
2019-09-19 14:22:14,349 [Thread-1411] INFO  impl.RaftServerImpl (RaftServerImpl.java:setRole(171)) - 5dfaa0ea-416a-422c-a75d-43311aceb00a:group-2609E2E2A622 changes role from FOLLOWER to CANDIDATE at term 2 for changeToCandidate
2019-09-19 14:22:14,349 [Thread-1411] INFO  impl.RoleInfo (RoleInfo.java:updateAndGet(143)) - 5dfaa0ea-416a-422c-a75d-43311aceb00a: start LeaderElection
2019-09-19 14:22:14,461 [Thread-1412] INFO  impl.FollowerState (FollowerState.java:run(106)) - 6403e584-2209-453b-b79e-eeb0a7b58516:group-2609E2E2A622 changes to CANDIDATE, lastRpcTime:5146, electionTimeout:5146ms
2019-09-19 14:22:14,461 [Thread-1412] INFO  impl.RoleInfo (RoleInfo.java:shutdownFollowerState(121)) - 6403e584-2209-453b-b79e-eeb0a7b58516: shutdown FollowerState
2019-09-19 14:22:14,461 [Thread-1412] INFO  impl.RaftServerImpl (RaftServerImpl.java:setRole(171)) - 6403e584-2209-453b-b79e-eeb0a7b58516:group-2609E2E2A622 changes role from FOLLOWER to CANDIDATE at term 2 for changeToCandidate
2019-09-19 14:22:14,462 [Thread-1412] INFO  impl.RoleInfo (RoleInfo.java:updateAndGet(143)) - 6403e584-2209-453b-b79e-eeb0a7b58516: start LeaderElection
2019-09-19 14:22:14,492 [Thread-1413] INFO  impl.FollowerState (FollowerState.java:run(106)) - 1190b9a7-12b1-4c15-b33e-f7d0a0cd436c:group-2609E2E2A622 changes to CANDIDATE, lastRpcTime:5176, electionTimeout:5176ms
2019-09-19 14:22:14,492 [Thread-1413] INFO  impl.RoleInfo (RoleInfo.java:shutdownFollowerState(121)) - 1190b9a7-12b1-4c15-b33e-f7d0a0cd436c: shutdown FollowerState
2019-09-19 14:22:14,492 [Thread-1413] INFO  impl.RaftServerImpl (RaftServerImpl.java:setRole(171)) - 1190b9a7-12b1-4c15-b33e-f7d0a0cd436c:group-2609E2E2A622 changes role from FOLLOWER to CANDIDATE at term 2 for changeToCandidate
2019-09-19 14:22:14,492 [Thread-1413] INFO  impl.RoleInfo (RoleInfo.java:updateAndGet(143)) - 1190b9a7-12b1-4c15-b33e-f7d0a0cd436c: start LeaderElection
2019-09-19 14:22:14,606 [5dfaa0ea-416a-422c-a75d-43311aceb00a:group-2609E2E2A622:LeaderElection231] INFO  impl.LeaderElection (LeaderElection.java:askForVotes(181)) - 5dfaa0ea-416a-422c-a75d-43311aceb00a:group-2609E2E2A622:LeaderElection231: begin an election at term 3 for -1: [5dfaa0ea-416a-422c-a75d-43311aceb00a:192.168.157.226:45629, 6403e584-2209-453b-b79e-eeb0a7b58516:192.168.157.226:35833, 1190b9a7-12b1-4c15-b33e-f7d0a0cd436c:192.168.157.226:34463], old=null
2019-09-19 14:22:14,639 [6403e584-2209-453b-b79e-eeb0a7b58516:group-2609E2E2A622:LeaderElection232] INFO  impl.LeaderElection (LeaderElection.java:askForVotes(181)) - 6403e584-2209-453b-b79e-eeb0a7b58516:group-2609E2E2A622:LeaderElection232: begin an election at term 3 for -1: [5dfaa0ea-416a-422c-a75d-43311aceb00a:192.168.157.226:45629, 6403e584-2209-453b-b79e-eeb0a7b58516:192.168.157.226:35833, 1190b9a7-12b1-4c15-b33e-f7d0a0cd436c:192.168.157.226:34463], old=null
2019-09-19 14:22:14,639 [1190b9a7-12b1-4c15-b33e-f7d0a0cd436c:group-2609E2E2A622:LeaderElection233] INFO  impl.LeaderElection (LeaderElection.java:askForVotes(181)) - 1190b9a7-12b1-4c15-b33e-f7d0a0cd436c:group-2609E2E2A622:LeaderElection233: begin an election at term 3 for -1: [5dfaa0ea-416a-422c-a75d-43311aceb00a:192.168.157.226:45629, 6403e584-2209-453b-b79e-eeb0a7b58516:192.168.157.226:35833, 1190b9a7-12b1-4c15-b33e-f7d0a0cd436c:192.168.157.226:34463], old=null
2019-09-19 14:22:14,643 [5dfaa0ea-416a-422c-a75d-43311aceb00a:group-2609E2E2A622:LeaderElection231] INFO  impl.LeaderElection (LeaderElection.java:logAndReturn(56)) - 5dfaa0ea-416a-422c-a75d-43311aceb00a:group-2609E2E2A622:LeaderElection231: Election REJECTED; received 2 response(s) [5dfaa0ea-416a-422c-a75d-43311aceb00a<-6403e584-2209-453b-b79e-eeb0a7b58516#0:FAIL-t3, 5dfaa0ea-416a-422c-a75d-43311aceb00a<-1190b9a7-12b1-4c15-b33e-f7d0a0cd436c#0:FAIL-t3] and 0 exception(s); 5dfaa0ea-416a-422c-a75d-43311aceb00a:t3, leader=null, voted=5dfaa0ea-416a-422c-a75d-43311aceb00a, raftlog=5dfaa0ea-416a-422c-a75d-43311aceb00a-SegmentedRaftLog:OPENED:c-1,f-1,i0, conf=-1: [5dfaa0ea-416a-422c-a75d-43311aceb00a:192.168.157.226:45629, 6403e584-2209-453b-b79e-eeb0a7b58516:192.168.157.226:35833, 1190b9a7-12b1-4c15-b33e-f7d0a0cd436c:192.168.157.226:34463], old=null
2019-09-19 14:22:14,643 [5dfaa0ea-416a-422c-a75d-43311aceb00a:group-2609E2E2A622:LeaderElection231] INFO  impl.RaftServerImpl (RaftServerImpl.java:setRole(171)) - 5dfaa0ea-416a-422c-a75d-43311aceb00a:group-2609E2E2A622 changes role from CANDIDATE to FOLLOWER at term 3 for DISCOVERED_A_NEW_TERM
2019-09-19 14:22:14,644 [5dfaa0ea-416a-422c-a75d-43311aceb00a:group-2609E2E2A622:LeaderElection231] INFO  impl.RoleInfo (RoleInfo.java:shutdownLeaderElection(134)) - 5dfaa0ea-416a-422c-a75d-43311aceb00a: shutdown LeaderElection
2019-09-19 14:22:14,644 [5dfaa0ea-416a-422c-a75d-43311aceb00a:group-2609E2E2A622:LeaderElection231] INFO  impl.RoleInfo (RoleInfo.java:updateAndGet(143)) - 5dfaa0ea-416a-422c-a75d-43311aceb00a: start FollowerState
2019-09-19 14:22:14,646 [6403e584-2209-453b-b79e-eeb0a7b58516:group-2609E2E2A622:LeaderElection232] INFO  impl.LeaderElection (LeaderElection.java:logAndReturn(56)) - 6403e584-2209-453b-b79e-eeb0a7b58516:group-2609E2E2A622:LeaderElection232: Election REJECTED; received 2 response(s) [6403e584-2209-453b-b79e-eeb0a7b58516<-5dfaa0ea-416a-422c-a75d-43311aceb00a#0:FAIL-t3, 6403e584-2209-453b-b79e-eeb0a7b58516<-1190b9a7-12b1-4c15-b33e-f7d0a0cd436c#0:FAIL-t3] and 0 exception(s); 6403e584-2209-453b-b79e-eeb0a7b58516:t3, leader=null, voted=6403e584-2209-453b-b79e-eeb0a7b58516, raftlog=6403e584-2209-453b-b79e-eeb0a7b58516-SegmentedRaftLog:OPENED:c-1,f-1,i0, conf=-1: [5dfaa0ea-416a-422c-a75d-43311aceb00a:192.168.157.226:45629, 6403e584-2209-453b-b79e-eeb0a7b58516:192.168.157.226:35833, 1190b9a7-12b1-4c15-b33e-f7d0a0cd436c:192.168.157.226:34463], old=null
2019-09-19 14:22:14,646 [6403e584-2209-453b-b79e-eeb0a7b58516:group-2609E2E2A622:LeaderElection232] INFO  impl.RaftServerImpl (RaftServerImpl.java:setRole(171)) - 6403e584-2209-453b-b79e-eeb0a7b58516:group-2609E2E2A622 changes role from CANDIDATE to FOLLOWER at term 3 for DISCOVERED_A_NEW_TERM
2019-09-19 14:22:14,646 [6403e584-2209-453b-b79e-eeb0a7b58516:group-2609E2E2A622:LeaderElection232] INFO  impl.RoleInfo (RoleInfo.java:shutdownLeaderElection(134)) - 6403e584-2209-453b-b79e-eeb0a7b58516: shutdown LeaderElection
2019-09-19 14:22:14,646 [6403e584-2209-453b-b79e-eeb0a7b58516:group-2609E2E2A622:LeaderElection232] INFO  impl.RoleInfo (RoleInfo.java:updateAndGet(143)) - 6403e584-2209-453b-b79e-eeb0a7b58516: start FollowerState
2019-09-19 14:22:14,647 [1190b9a7-12b1-4c15-b33e-f7d0a0cd436c:group-2609E2E2A622:LeaderElection233] INFO  impl.LeaderElection (LeaderElection.java:logAndReturn(56)) - 1190b9a7-12b1-4c15-b33e-f7d0a0cd436c:group-2609E2E2A622:LeaderElection233: Election REJECTED; received 2 response(s) [1190b9a7-12b1-4c15-b33e-f7d0a0cd436c<-5dfaa0ea-416a-422c-a75d-43311aceb00a#0:FAIL-t3, 1190b9a7-12b1-4c15-b33e-f7d0a0cd436c<-6403e584-2209-453b-b79e-eeb0a7b58516#0:FAIL-t3] and 0 exception(s); 1190b9a7-12b1-4c15-b33e-f7d0a0cd436c:t3, leader=null, voted=1190b9a7-12b1-4c15-b33e-f7d0a0cd436c, raftlog=1190b9a7-12b1-4c15-b33e-f7d0a0cd436c-SegmentedRaftLog:OPENED:c-1,f-1,i0, conf=-1: [5dfaa0ea-416a-422c-a75d-43311aceb00a:192.168.157.226:45629, 6403e584-2209-453b-b79e-eeb0a7b58516:192.168.157.226:35833, 1190b9a7-12b1-4c15-b33e-f7d0a0cd436c:192.168.157.226:34463], old=null
2019-09-19 14:22:14,648 [1190b9a7-12b1-4c15-b33e-f7d0a0cd436c:group-2609E2E2A622:LeaderElection233] INFO  impl.RaftServerImpl (RaftServerImpl.java:setRole(171)) - 1190b9a7-12b1-4c15-b33e-f7d0a0cd436c:group-2609E2E2A622 changes role from CANDIDATE to FOLLOWER at term 3 for DISCOVERED_A_NEW_TERM
2019-09-19 14:22:14,648 [1190b9a7-12b1-4c15-b33e-f7d0a0cd436c:group-2609E2E2A622:LeaderElection233] INFO  impl.RoleInfo (RoleInfo.java:shutdownLeaderElection(134)) - 1190b9a7-12b1-4c15-b33e-f7d0a0cd436c: shutdown LeaderElection
2019-09-19 14:22:14,648 [1190b9a7-12b1-4c15-b33e-f7d0a0cd436c:group-2609E2E2A622:LeaderElection233] INFO  impl.RoleInfo (RoleInfo.java:updateAndGet(143)) - 1190b9a7-12b1-4c15-b33e-f7d0a0cd436c: start FollowerState
2019-09-19 14:22:14,868 | INFO  | SCMAudit | user=jenkins1000 | ip=192.168.157.226 | op=SEND_HEARTBEAT {datanodeUUID=56d21ab3-8f6d-44ea-b961-c721a1c09246, command=[]} | ret=SUCCESS |  
2019-09-19 14:22:14,868 | INFO  | SCMAudit | user=jenkins1000 | ip=192.168.157.226 | op=SEND_HEARTBEAT {datanodeUUID=85c6a9f3-b9a5-43a5-ac4f-9aa7bd5f2263, command=[]} | ret=SUCCESS |  
2019-09-19 14:22:14,868 | INFO  | SCMAudit | user=jenkins1000 | ip=192.168.157.226 | op=SEND_HEARTBEAT {datanodeUUID=431517c4-8c09-4790-b37b-2e132c8143ad, command=[]} | ret=SUCCESS |  
2019-09-19 14:22:14,869 | INFO  | SCMAudit | user=jenkins1000 | ip=192.168.157.226 | op=SEND_HEARTBEAT {datanodeUUID=5dfaa0ea-416a-422c-a75d-43311aceb00a, command=[]} | ret=SUCCESS |  
2019-09-19 14:22:14,869 | INFO  | SCMAudit | user=jenkins1000 | ip=192.168.157.226 | op=SEND_HEARTBEAT {datanodeUUID=1190b9a7-12b1-4c15-b33e-f7d0a0cd436c, command=[]} | ret=SUCCESS |  
2019-09-19 14:22:14,926 | INFO  | SCMAudit | user=jenkins1000 | ip=192.168.157.226 | op=SEND_HEARTBEAT {datanodeUUID=306a7a99-f2a5-4f40-b42b-2fc2def08a6a, command=[]} | ret=SUCCESS |  
2019-09-19 14:22:15,211 | INFO  | SCMAudit | user=jenkins1000 | ip=192.168.157.226 | op=SEND_HEARTBEAT {datanodeUUID=6403e584-2209-453b-b79e-eeb0a7b58516, command=[]} | ret=SUCCESS |  
2019-09-19 14:22:15,868 | INFO  | SCMAudit | user=jenkins1000 | ip=192.168.157.226 | op=SEND_HEARTBEAT {datanodeUUID=5dfaa0ea-416a-422c-a75d-43311aceb00a, command=[]} | ret=SUCCESS |  
2019-09-19 14:22:15,868 | INFO  | SCMAudit | user=jenkins1000 | ip=192.168.157.226 | op=SEND_HEARTBEAT {datanodeUUID=56d21ab3-8f6d-44ea-b961-c721a1c09246, command=[]} | ret=SUCCESS |  
2019-09-19 14:22:15,868 | INFO  | SCMAudit | user=jenkins1000 | ip=192.168.157.226 | op=SEND_HEARTBEAT {datanodeUUID=431517c4-8c09-4790-b37b-2e132c8143ad, command=[]} | ret=SUCCESS |  
2019-09-19 14:22:15,868 | INFO  | SCMAudit | user=jenkins1000 | ip=192.168.157.226 | op=SEND_HEARTBEAT {datanodeUUID=85c6a9f3-b9a5-43a5-ac4f-9aa7bd5f2263, command=[]} | ret=SUCCESS |  
2019-09-19 14:22:15,868 | INFO  | SCMAudit | user=jenkins1000 | ip=192.168.157.226 | op=SEND_HEARTBEAT {datanodeUUID=1190b9a7-12b1-4c15-b33e-f7d0a0cd436c, command=[]} | ret=SUCCESS |  
2019-09-19 14:22:15,926 | INFO  | SCMAudit | user=jenkins1000 | ip=192.168.157.226 | op=SEND_HEARTBEAT {datanodeUUID=306a7a99-f2a5-4f40-b42b-2fc2def08a6a, command=[]} | ret=SUCCESS |  
2019-09-19 14:22:16,218 | INFO  | SCMAudit | user=jenkins1000 | ip=192.168.157.226 | op=SEND_HEARTBEAT {datanodeUUID=6403e584-2209-453b-b79e-eeb0a7b58516, command=[]} | ret=SUCCESS |  
2019-09-19 14:22:16,867 | INFO  | SCMAudit | user=jenkins1000 | ip=192.168.157.226 | op=SEND_HEARTBEAT {datanodeUUID=431517c4-8c09-4790-b37b-2e132c8143ad, command=[]} | ret=SUCCESS |  
2019-09-19 14:22:16,867 | INFO  | SCMAudit | user=jenkins1000 | ip=192.168.157.226 | op=SEND_HEARTBEAT {datanodeUUID=5dfaa0ea-416a-422c-a75d-43311aceb00a, command=[]} | ret=SUCCESS |  
2019-09-19 14:22:16,867 | INFO  | SCMAudit | user=jenkins1000 | ip=192.168.157.226 | op=SEND_HEARTBEAT {datanodeUUID=56d21ab3-8f6d-44ea-b961-c721a1c09246, command=[]} | ret=SUCCESS |  
2019-09-19 14:22:16,868 | INFO  | SCMAudit | user=jenkins1000 | ip=192.168.157.226 | op=SEND_HEARTBEAT {datanodeUUID=85c6a9f3-b9a5-43a5-ac4f-9aa7bd5f2263, command=[]} | ret=SUCCESS |  
2019-09-19 14:22:16,868 | INFO  | SCMAudit | user=jenkins1000 | ip=192.168.157.226 | op=SEND_HEARTBEAT {datanodeUUID=1190b9a7-12b1-4c15-b33e-f7d0a0cd436c, command=[]} | ret=SUCCESS |  
2019-09-19 14:22:16,925 | INFO  | SCMAudit | user=jenkins1000 | ip=192.168.157.226 | op=SEND_HEARTBEAT {datanodeUUID=306a7a99-f2a5-4f40-b42b-2fc2def08a6a, command=[]} | ret=SUCCESS |  
2019-09-19 14:22:17,219 | INFO  | SCMAudit | user=jenkins1000 | ip=192.168.157.226 | op=SEND_HEARTBEAT {datanodeUUID=6403e584-2209-453b-b79e-eeb0a7b58516, command=[]} | ret=SUCCESS |  
2019-09-19 14:22:17,869 | INFO  | SCMAudit | user=jenkins1000 | ip=192.168.157.226 | op=SEND_HEARTBEAT {datanodeUUID=5dfaa0ea-416a-422c-a75d-43311aceb00a, command=[]} | ret=SUCCESS |  
2019-09-19 14:22:17,869 | INFO  | SCMAudit | user=jenkins1000 | ip=192.168.157.226 | op=SEND_HEARTBEAT {datanodeUUID=85c6a9f3-b9a5-43a5-ac4f-9aa7bd5f2263, command=[]} | ret=SUCCESS |  
2019-09-19 14:22:17,869 | INFO  | SCMAudit | user=jenkins1000 | ip=192.168.157.226 | op=SEND_HEARTBEAT {datanodeUUID=431517c4-8c09-4790-b37b-2e132c8143ad, command=[]} | ret=SUCCESS |  
2019-09-19 14:22:17,869 | INFO  | SCMAudit | user=jenkins1000 | ip=192.168.157.226 | op=SEND_HEARTBEAT {datanodeUUID=56d21ab3-8f6d-44ea-b961-c721a1c09246, command=[]} | ret=SUCCESS |  
2019-09-19 14:22:17,869 | INFO  | SCMAudit | user=jenkins1000 | ip=192.168.157.226 | op=SEND_HEARTBEAT {datanodeUUID=1190b9a7-12b1-4c15-b33e-f7d0a0cd436c, command=[]} | ret=SUCCESS |  
2019-09-19 14:22:17,926 | INFO  | SCMAudit | user=jenkins1000 | ip=192.168.157.226 | op=SEND_HEARTBEAT {datanodeUUID=306a7a99-f2a5-4f40-b42b-2fc2def08a6a, command=[]} | ret=SUCCESS |  
2019-09-19 14:22:17,958 [Thread-1439] INFO  impl.FollowerState (FollowerState.java:run(106)) - 85c6a9f3-b9a5-43a5-ac4f-9aa7bd5f2263:group-85125247F34E changes to CANDIDATE, lastRpcTime:5082, electionTimeout:5082ms
2019-09-19 14:22:17,959 [Thread-1439] INFO  impl.RoleInfo (RoleInfo.java:shutdownFollowerState(121)) - 85c6a9f3-b9a5-43a5-ac4f-9aa7bd5f2263: shutdown FollowerState
2019-09-19 14:22:17,959 [Thread-1439] INFO  impl.RaftServerImpl (RaftServerImpl.java:setRole(171)) - 85c6a9f3-b9a5-43a5-ac4f-9aa7bd5f2263:group-85125247F34E changes role from FOLLOWER to CANDIDATE at term 1 for changeToCandidate
2019-09-19 14:22:17,959 [Thread-1439] INFO  impl.RoleInfo (RoleInfo.java:updateAndGet(143)) - 85c6a9f3-b9a5-43a5-ac4f-9aa7bd5f2263: start LeaderElection
2019-09-19 14:22:17,974 [Thread-1438] INFO  impl.FollowerState (FollowerState.java:run(106)) - 6403e584-2209-453b-b79e-eeb0a7b58516:group-85125247F34E changes to CANDIDATE, lastRpcTime:5573, electionTimeout:5105ms
2019-09-19 14:22:17,974 [Thread-1438] INFO  impl.RoleInfo (RoleInfo.java:shutdownFollowerState(121)) - 6403e584-2209-453b-b79e-eeb0a7b58516: shutdown FollowerState
2019-09-19 14:22:17,974 [Thread-1438] INFO  impl.RaftServerImpl (RaftServerImpl.java:setRole(171)) - 6403e584-2209-453b-b79e-eeb0a7b58516:group-85125247F34E changes role from FOLLOWER to CANDIDATE at term 1 for changeToCandidate
2019-09-19 14:22:17,974 [Thread-1438] INFO  impl.RoleInfo (RoleInfo.java:updateAndGet(143)) - 6403e584-2209-453b-b79e-eeb0a7b58516: start LeaderElection
2019-09-19 14:22:18,027 [Thread-1440] INFO  impl.FollowerState (FollowerState.java:run(106)) - 306a7a99-f2a5-4f40-b42b-2fc2def08a6a:group-85125247F34E changes to CANDIDATE, lastRpcTime:5148, electionTimeout:5148ms
2019-09-19 14:22:18,027 [Thread-1440] INFO  impl.RoleInfo (RoleInfo.java:shutdownFollowerState(121)) - 306a7a99-f2a5-4f40-b42b-2fc2def08a6a: shutdown FollowerState
2019-09-19 14:22:18,027 [Thread-1440] INFO  impl.RaftServerImpl (RaftServerImpl.java:setRole(171)) - 306a7a99-f2a5-4f40-b42b-2fc2def08a6a:group-85125247F34E changes role from FOLLOWER to CANDIDATE at term 1 for changeToCandidate
2019-09-19 14:22:18,028 [Thread-1440] INFO  impl.RoleInfo (RoleInfo.java:updateAndGet(143)) - 306a7a99-f2a5-4f40-b42b-2fc2def08a6a: start LeaderElection
2019-09-19 14:22:18,218 | INFO  | SCMAudit | user=jenkins1000 | ip=192.168.157.226 | op=SEND_HEARTBEAT {datanodeUUID=6403e584-2209-453b-b79e-eeb0a7b58516, command=[]} | ret=SUCCESS |  
2019-09-19 14:22:18,557 [85c6a9f3-b9a5-43a5-ac4f-9aa7bd5f2263:group-85125247F34E:LeaderElection234] INFO  impl.LeaderElection (LeaderElection.java:askForVotes(181)) - 85c6a9f3-b9a5-43a5-ac4f-9aa7bd5f2263:group-85125247F34E:LeaderElection234: begin an election at term 2 for -1: [85c6a9f3-b9a5-43a5-ac4f-9aa7bd5f2263:192.168.157.226:45170, 306a7a99-f2a5-4f40-b42b-2fc2def08a6a:192.168.157.226:42633, 6403e584-2209-453b-b79e-eeb0a7b58516:192.168.157.226:35833], old=null
2019-09-19 14:22:18,557 [6403e584-2209-453b-b79e-eeb0a7b58516:group-85125247F34E:LeaderElection235] INFO  impl.LeaderElection (LeaderElection.java:askForVotes(181)) - 6403e584-2209-453b-b79e-eeb0a7b58516:group-85125247F34E:LeaderElection235: begin an election at term 2 for -1: [85c6a9f3-b9a5-43a5-ac4f-9aa7bd5f2263:192.168.157.226:45170, 306a7a99-f2a5-4f40-b42b-2fc2def08a6a:192.168.157.226:42633, 6403e584-2209-453b-b79e-eeb0a7b58516:192.168.157.226:35833], old=null
2019-09-19 14:22:18,557 [306a7a99-f2a5-4f40-b42b-2fc2def08a6a:group-85125247F34E:LeaderElection236] INFO  impl.LeaderElection (LeaderElection.java:askForVotes(181)) - 306a7a99-f2a5-4f40-b42b-2fc2def08a6a:group-85125247F34E:LeaderElection236: begin an election at term 2 for -1: [85c6a9f3-b9a5-43a5-ac4f-9aa7bd5f2263:192.168.157.226:45170, 306a7a99-f2a5-4f40-b42b-2fc2def08a6a:192.168.157.226:42633, 6403e584-2209-453b-b79e-eeb0a7b58516:192.168.157.226:35833], old=null
2019-09-19 14:22:18,563 [85c6a9f3-b9a5-43a5-ac4f-9aa7bd5f2263:group-85125247F34E:LeaderElection234] INFO  impl.LeaderElection (LeaderElection.java:logAndReturn(56)) - 85c6a9f3-b9a5-43a5-ac4f-9aa7bd5f2263:group-85125247F34E:LeaderElection234: Election REJECTED; received 2 response(s) [85c6a9f3-b9a5-43a5-ac4f-9aa7bd5f2263<-306a7a99-f2a5-4f40-b42b-2fc2def08a6a#0:FAIL-t2, 85c6a9f3-b9a5-43a5-ac4f-9aa7bd5f2263<-6403e584-2209-453b-b79e-eeb0a7b58516#0:FAIL-t2] and 0 exception(s); 85c6a9f3-b9a5-43a5-ac4f-9aa7bd5f2263:t2, leader=null, voted=85c6a9f3-b9a5-43a5-ac4f-9aa7bd5f2263, raftlog=85c6a9f3-b9a5-43a5-ac4f-9aa7bd5f2263-SegmentedRaftLog:OPENED:c-1,f-1,i0, conf=-1: [85c6a9f3-b9a5-43a5-ac4f-9aa7bd5f2263:192.168.157.226:45170, 306a7a99-f2a5-4f40-b42b-2fc2def08a6a:192.168.157.226:42633, 6403e584-2209-453b-b79e-eeb0a7b58516:192.168.157.226:35833], old=null
2019-09-19 14:22:18,563 [85c6a9f3-b9a5-43a5-ac4f-9aa7bd5f2263:group-85125247F34E:LeaderElection234] INFO  impl.RaftServerImpl (RaftServerImpl.java:setRole(171)) - 85c6a9f3-b9a5-43a5-ac4f-9aa7bd5f2263:group-85125247F34E changes role from CANDIDATE to FOLLOWER at term 2 for DISCOVERED_A_NEW_TERM
2019-09-19 14:22:18,563 [85c6a9f3-b9a5-43a5-ac4f-9aa7bd5f2263:group-85125247F34E:LeaderElection234] INFO  impl.RoleInfo (RoleInfo.java:shutdownLeaderElection(134)) - 85c6a9f3-b9a5-43a5-ac4f-9aa7bd5f2263: shutdown LeaderElection
2019-09-19 14:22:18,564 [85c6a9f3-b9a5-43a5-ac4f-9aa7bd5f2263:group-85125247F34E:LeaderElection234] INFO  impl.RoleInfo (RoleInfo.java:updateAndGet(143)) - 85c6a9f3-b9a5-43a5-ac4f-9aa7bd5f2263: start FollowerState
2019-09-19 14:22:18,564 [6403e584-2209-453b-b79e-eeb0a7b58516:group-85125247F34E:LeaderElection235] INFO  impl.LeaderElection (LeaderElection.java:logAndReturn(56)) - 6403e584-2209-453b-b79e-eeb0a7b58516:group-85125247F34E:LeaderElection235: Election REJECTED; received 2 response(s) [6403e584-2209-453b-b79e-eeb0a7b58516<-85c6a9f3-b9a5-43a5-ac4f-9aa7bd5f2263#0:FAIL-t2, 6403e584-2209-453b-b79e-eeb0a7b58516<-306a7a99-f2a5-4f40-b42b-2fc2def08a6a#0:FAIL-t2] and 0 exception(s); 6403e584-2209-453b-b79e-eeb0a7b58516:t2, leader=null, voted=6403e584-2209-453b-b79e-eeb0a7b58516, raftlog=6403e584-2209-453b-b79e-eeb0a7b58516-SegmentedRaftLog:OPENED:c-1,f-1,i0, conf=-1: [85c6a9f3-b9a5-43a5-ac4f-9aa7bd5f2263:192.168.157.226:45170, 306a7a99-f2a5-4f40-b42b-2fc2def08a6a:192.168.157.226:42633, 6403e584-2209-453b-b79e-eeb0a7b58516:192.168.157.226:35833], old=null
2019-09-19 14:22:18,564 [6403e584-2209-453b-b79e-eeb0a7b58516:group-85125247F34E:LeaderElection235] INFO  impl.RaftServerImpl (RaftServerImpl.java:setRole(171)) - 6403e584-2209-453b-b79e-eeb0a7b58516:group-85125247F34E changes role from CANDIDATE to FOLLOWER at term 2 for DISCOVERED_A_NEW_TERM
2019-09-19 14:22:18,565 [6403e584-2209-453b-b79e-eeb0a7b58516:group-85125247F34E:LeaderElection235] INFO  impl.RoleInfo (RoleInfo.java:shutdownLeaderElection(134)) - 6403e584-2209-453b-b79e-eeb0a7b58516: shutdown LeaderElection
2019-09-19 14:22:18,565 [306a7a99-f2a5-4f40-b42b-2fc2def08a6a:group-85125247F34E:LeaderElection236] INFO  impl.LeaderElection (LeaderElection.java:logAndReturn(56)) - 306a7a99-f2a5-4f40-b42b-2fc2def08a6a:group-85125247F34E:LeaderElection236: Election REJECTED; received 2 response(s) [306a7a99-f2a5-4f40-b42b-2fc2def08a6a<-85c6a9f3-b9a5-43a5-ac4f-9aa7bd5f2263#0:FAIL-t2, 306a7a99-f2a5-4f40-b42b-2fc2def08a6a<-6403e584-2209-453b-b79e-eeb0a7b58516#0:FAIL-t2] and 0 exception(s); 306a7a99-f2a5-4f40-b42b-2fc2def08a6a:t2, leader=null, voted=306a7a99-f2a5-4f40-b42b-2fc2def08a6a, raftlog=306a7a99-f2a5-4f40-b42b-2fc2def08a6a-SegmentedRaftLog:OPENED:c-1,f-1,i0, conf=-1: [85c6a9f3-b9a5-43a5-ac4f-9aa7bd5f2263:192.168.157.226:45170, 306a7a99-f2a5-4f40-b42b-2fc2def08a6a:192.168.157.226:42633, 6403e584-2209-453b-b79e-eeb0a7b58516:192.168.157.226:35833], old=null
2019-09-19 14:22:18,565 [6403e584-2209-453b-b79e-eeb0a7b58516:group-85125247F34E:LeaderElection235] INFO  impl.RoleInfo (RoleInfo.java:updateAndGet(143)) - 6403e584-2209-453b-b79e-eeb0a7b58516: start FollowerState
2019-09-19 14:22:18,565 [306a7a99-f2a5-4f40-b42b-2fc2def08a6a:group-85125247F34E:LeaderElection236] INFO  impl.RaftServerImpl (RaftServerImpl.java:setRole(171)) - 306a7a99-f2a5-4f40-b42b-2fc2def08a6a:group-85125247F34E changes role from CANDIDATE to FOLLOWER at term 2 for DISCOVERED_A_NEW_TERM
2019-09-19 14:22:18,565 [306a7a99-f2a5-4f40-b42b-2fc2def08a6a:group-85125247F34E:LeaderElection236] INFO  impl.RoleInfo (RoleInfo.java:shutdownLeaderElection(134)) - 306a7a99-f2a5-4f40-b42b-2fc2def08a6a: shutdown LeaderElection
2019-09-19 14:22:18,566 [306a7a99-f2a5-4f40-b42b-2fc2def08a6a:group-85125247F34E:LeaderElection236] INFO  impl.RoleInfo (RoleInfo.java:updateAndGet(143)) - 306a7a99-f2a5-4f40-b42b-2fc2def08a6a: start FollowerState
2019-09-19 14:22:18,868 | INFO  | SCMAudit | user=jenkins1000 | ip=192.168.157.226 | op=SEND_HEARTBEAT {datanodeUUID=5dfaa0ea-416a-422c-a75d-43311aceb00a, command=[]} | ret=SUCCESS |  
2019-09-19 14:22:18,868 | INFO  | SCMAudit | user=jenkins1000 | ip=192.168.157.226 | op=SEND_HEARTBEAT {datanodeUUID=85c6a9f3-b9a5-43a5-ac4f-9aa7bd5f2263, command=[]} | ret=SUCCESS |  
2019-09-19 14:22:18,868 | INFO  | SCMAudit | user=jenkins1000 | ip=192.168.157.226 | op=SEND_HEARTBEAT {datanodeUUID=1190b9a7-12b1-4c15-b33e-f7d0a0cd436c, command=[]} | ret=SUCCESS |  
2019-09-19 14:22:18,868 | INFO  | SCMAudit | user=jenkins1000 | ip=192.168.157.226 | op=SEND_HEARTBEAT {datanodeUUID=56d21ab3-8f6d-44ea-b961-c721a1c09246, command=[]} | ret=SUCCESS |  
2019-09-19 14:22:18,869 | INFO  | SCMAudit | user=jenkins1000 | ip=192.168.157.226 | op=SEND_HEARTBEAT {datanodeUUID=431517c4-8c09-4790-b37b-2e132c8143ad, command=[]} | ret=SUCCESS |  
2019-09-19 14:22:18,925 | INFO  | SCMAudit | user=jenkins1000 | ip=192.168.157.226 | op=SEND_HEARTBEAT {datanodeUUID=306a7a99-f2a5-4f40-b42b-2fc2def08a6a, command=[]} | ret=SUCCESS |  
2019-09-19 14:22:19,219 | INFO  | SCMAudit | user=jenkins1000 | ip=192.168.157.226 | op=SEND_HEARTBEAT {datanodeUUID=6403e584-2209-453b-b79e-eeb0a7b58516, command=[]} | ret=SUCCESS |  
2019-09-19 14:22:19,723 [Thread-1454] INFO  impl.FollowerState (FollowerState.java:run(106)) - 5dfaa0ea-416a-422c-a75d-43311aceb00a:group-2609E2E2A622 changes to CANDIDATE, lastRpcTime:5078, electionTimeout:5078ms
2019-09-19 14:22:19,723 [Thread-1454] INFO  impl.RoleInfo (RoleInfo.java:shutdownFollowerState(121)) - 5dfaa0ea-416a-422c-a75d-43311aceb00a: shutdown FollowerState
2019-09-19 14:22:19,723 [Thread-1454] INFO  impl.RaftServerImpl (RaftServerImpl.java:setRole(171)) - 5dfaa0ea-416a-422c-a75d-43311aceb00a:group-2609E2E2A622 changes role from FOLLOWER to CANDIDATE at term 3 for changeToCandidate
2019-09-19 14:22:19,723 [Thread-1454] INFO  impl.RoleInfo (RoleInfo.java:updateAndGet(143)) - 5dfaa0ea-416a-422c-a75d-43311aceb00a: start LeaderElection
2019-09-19 14:22:19,747 [Thread-1456] INFO  impl.FollowerState (FollowerState.java:run(106)) - 1190b9a7-12b1-4c15-b33e-f7d0a0cd436c:group-2609E2E2A622 changes to CANDIDATE, lastRpcTime:5098, electionTimeout:5098ms
2019-09-19 14:22:19,747 [Thread-1456] INFO  impl.RoleInfo (RoleInfo.java:shutdownFollowerState(121)) - 1190b9a7-12b1-4c15-b33e-f7d0a0cd436c: shutdown FollowerState
2019-09-19 14:22:19,747 [Thread-1456] INFO  impl.RaftServerImpl (RaftServerImpl.java:setRole(171)) - 1190b9a7-12b1-4c15-b33e-f7d0a0cd436c:group-2609E2E2A622 changes role from FOLLOWER to CANDIDATE at term 3 for changeToCandidate
2019-09-19 14:22:19,747 [Thread-1456] INFO  impl.RoleInfo (RoleInfo.java:updateAndGet(143)) - 1190b9a7-12b1-4c15-b33e-f7d0a0cd436c: start LeaderElection
2019-09-19 14:22:19,771 [Thread-1455] INFO  impl.FollowerState (FollowerState.java:run(106)) - 6403e584-2209-453b-b79e-eeb0a7b58516:group-2609E2E2A622 changes to CANDIDATE, lastRpcTime:5124, electionTimeout:5124ms
2019-09-19 14:22:19,771 [Thread-1455] INFO  impl.RoleInfo (RoleInfo.java:shutdownFollowerState(121)) - 6403e584-2209-453b-b79e-eeb0a7b58516: shutdown FollowerState
2019-09-19 14:22:19,771 [Thread-1455] INFO  impl.RaftServerImpl (RaftServerImpl.java:setRole(171)) - 6403e584-2209-453b-b79e-eeb0a7b58516:group-2609E2E2A622 changes role from FOLLOWER to CANDIDATE at term 3 for changeToCandidate
2019-09-19 14:22:19,771 [Thread-1455] INFO  impl.RoleInfo (RoleInfo.java:updateAndGet(143)) - 6403e584-2209-453b-b79e-eeb0a7b58516: start LeaderElection
2019-09-19 14:22:19,868 | INFO  | SCMAudit | user=jenkins1000 | ip=192.168.157.226 | op=SEND_HEARTBEAT {datanodeUUID=56d21ab3-8f6d-44ea-b961-c721a1c09246, command=[]} | ret=SUCCESS |  
2019-09-19 14:22:19,868 | INFO  | SCMAudit | user=jenkins1000 | ip=192.168.157.226 | op=SEND_HEARTBEAT {datanodeUUID=5dfaa0ea-416a-422c-a75d-43311aceb00a, command=[]} | ret=SUCCESS |  
2019-09-19 14:22:19,868 | INFO  | SCMAudit | user=jenkins1000 | ip=192.168.157.226 | op=SEND_HEARTBEAT {datanodeUUID=85c6a9f3-b9a5-43a5-ac4f-9aa7bd5f2263, command=[]} | ret=SUCCESS |  
2019-09-19 14:22:19,868 | INFO  | SCMAudit | user=jenkins1000 | ip=192.168.157.226 | op=SEND_HEARTBEAT {datanodeUUID=1190b9a7-12b1-4c15-b33e-f7d0a0cd436c, command=[]} | ret=SUCCESS |  
2019-09-19 14:22:19,869 | INFO  | SCMAudit | user=jenkins1000 | ip=192.168.157.226 | op=SEND_HEARTBEAT {datanodeUUID=431517c4-8c09-4790-b37b-2e132c8143ad, command=[]} | ret=SUCCESS |  
2019-09-19 14:22:19,926 | INFO  | SCMAudit | user=jenkins1000 | ip=192.168.157.226 | op=SEND_HEARTBEAT {datanodeUUID=306a7a99-f2a5-4f40-b42b-2fc2def08a6a, command=[]} | ret=SUCCESS |  
2019-09-19 14:22:20,224 | INFO  | SCMAudit | user=jenkins1000 | ip=192.168.157.226 | op=SEND_HEARTBEAT {datanodeUUID=6403e584-2209-453b-b79e-eeb0a7b58516, command=[]} | ret=SUCCESS |  
2019-09-19 14:22:20,868 | INFO  | SCMAudit | user=jenkins1000 | ip=192.168.157.226 | op=SEND_HEARTBEAT {datanodeUUID=5dfaa0ea-416a-422c-a75d-43311aceb00a, command=[]} | ret=SUCCESS |  
2019-09-19 14:22:20,868 | INFO  | SCMAudit | user=jenkins1000 | ip=192.168.157.226 | op=SEND_HEARTBEAT {datanodeUUID=85c6a9f3-b9a5-43a5-ac4f-9aa7bd5f2263, command=[]} | ret=SUCCESS |  
2019-09-19 14:22:20,868 | INFO  | SCMAudit | user=jenkins1000 | ip=192.168.157.226 | op=SEND_HEARTBEAT {datanodeUUID=56d21ab3-8f6d-44ea-b961-c721a1c09246, command=[]} | ret=SUCCESS |  
2019-09-19 14:22:20,869 | INFO  | SCMAudit | user=jenkins1000 | ip=192.168.157.226 | op=SEND_HEARTBEAT {datanodeUUID=1190b9a7-12b1-4c15-b33e-f7d0a0cd436c, command=[]} | ret=SUCCESS |  
2019-09-19 14:22:20,869 | INFO  | SCMAudit | user=jenkins1000 | ip=192.168.157.226 | op=SEND_HEARTBEAT {datanodeUUID=431517c4-8c09-4790-b37b-2e132c8143ad, command=[]} | ret=SUCCESS |  
2019-09-19 14:22:20,927 | INFO  | SCMAudit | user=jenkins1000 | ip=192.168.157.226 | op=SEND_HEARTBEAT {datanodeUUID=306a7a99-f2a5-4f40-b42b-2fc2def08a6a, command=[]} | ret=SUCCESS |  
2019-09-19 14:22:20,943 [grpc-default-executor-1] INFO  impl.RaftServerProxy (RaftServerProxy.java:remove(95)) - 306a7a99-f2a5-4f40-b42b-2fc2def08a6a: remove FOLLOWER group-85125247F34E 306a7a99-f2a5-4f40-b42b-2fc2def08a6a:t2, leader=null, voted=306a7a99-f2a5-4f40-b42b-2fc2def08a6a, raftlog=306a7a99-f2a5-4f40-b42b-2fc2def08a6a-SegmentedRaftLog:OPENED:c-1,f-1,i0, conf=-1: [85c6a9f3-b9a5-43a5-ac4f-9aa7bd5f2263:192.168.157.226:45170, 306a7a99-f2a5-4f40-b42b-2fc2def08a6a:192.168.157.226:42633, 6403e584-2209-453b-b79e-eeb0a7b58516:192.168.157.226:35833], old=null RUNNING
2019-09-19 14:22:20,952 [grpc-default-executor-1] INFO  impl.RaftServerImpl (RaftServerImpl.java:lambda$shutdown$3(245)) - 306a7a99-f2a5-4f40-b42b-2fc2def08a6a: shutdown group-85125247F34E
2019-09-19 14:22:20,953 [grpc-default-executor-1] INFO  util.JmxRegister (JmxRegister.java:unregister(73)) - Successfully un-registered JMX Bean with object name Ratis:service=RaftServer,group=group-85125247F34E,id=306a7a99-f2a5-4f40-b42b-2fc2def08a6a
2019-09-19 14:22:20,953 [grpc-default-executor-1] INFO  impl.RoleInfo (RoleInfo.java:shutdownFollowerState(121)) - 306a7a99-f2a5-4f40-b42b-2fc2def08a6a: shutdown FollowerState
2019-09-19 14:22:20,953 [grpc-default-executor-1] INFO  impl.StateMachineUpdater (StateMachineUpdater.java:stopAndJoin(115)) - StateMachineUpdater:306a7a99-f2a5-4f40-b42b-2fc2def08a6a:group-85125247F34E: set stopIndex = -1
2019-09-19 14:22:20,953 [Thread-1476] INFO  impl.FollowerState (FollowerState.java:run(114)) - 306a7a99-f2a5-4f40-b42b-2fc2def08a6a: FollowerState was interrupted: java.lang.InterruptedException: sleep interrupted
2019-09-19 14:22:20,953 [grpc-default-executor-1] INFO  impl.RaftServerImpl (ServerState.java:close(394)) - 306a7a99-f2a5-4f40-b42b-2fc2def08a6a:group-85125247F34E closes. The last applied log index is -1
2019-09-19 14:22:20,954 [306a7a99-f2a5-4f40-b42b-2fc2def08a6a-SegmentedRaftLogWorker:Storage Directory /workdir/hadoop-ozone/integration-test/target/test-dir/MiniOzoneClusterImpl-210d6028-2152-4683-81ff-347b0d29bb13/datanode-2/data/ratis/739c26d7-9512-47d5-be3e-85125247f34e] INFO  segmented.SegmentedRaftLogWorker (SegmentedRaftLogWorker.java:run(313)) - 306a7a99-f2a5-4f40-b42b-2fc2def08a6a-SegmentedRaftLogWorker:Storage Directory /workdir/hadoop-ozone/integration-test/target/test-dir/MiniOzoneClusterImpl-210d6028-2152-4683-81ff-347b0d29bb13/datanode-2/data/ratis/739c26d7-9512-47d5-be3e-85125247f34e was interrupted, exiting. There are 0 tasks remaining in the queue.
2019-09-19 14:22:20,954 [grpc-default-executor-1] INFO  segmented.SegmentedRaftLogWorker (SegmentedRaftLogWorker.java:close(228)) - 306a7a99-f2a5-4f40-b42b-2fc2def08a6a-SegmentedRaftLogWorker:Storage Directory /workdir/hadoop-ozone/integration-test/target/test-dir/MiniOzoneClusterImpl-210d6028-2152-4683-81ff-347b0d29bb13/datanode-2/data/ratis/739c26d7-9512-47d5-be3e-85125247f34e close()
2019-09-19 14:22:21,221 | INFO  | SCMAudit | user=jenkins1000 | ip=192.168.157.226 | op=SEND_HEARTBEAT {datanodeUUID=6403e584-2209-453b-b79e-eeb0a7b58516, command=[]} | ret=SUCCESS |  
2019-09-19 14:22:21,741 [5dfaa0ea-416a-422c-a75d-43311aceb00a:group-2609E2E2A622:LeaderElection237] INFO  impl.LeaderElection (LeaderElection.java:askForVotes(181)) - 5dfaa0ea-416a-422c-a75d-43311aceb00a:group-2609E2E2A622:LeaderElection237: begin an election at term 4 for -1: [5dfaa0ea-416a-422c-a75d-43311aceb00a:192.168.157.226:45629, 6403e584-2209-453b-b79e-eeb0a7b58516:192.168.157.226:35833, 1190b9a7-12b1-4c15-b33e-f7d0a0cd436c:192.168.157.226:34463], old=null
2019-09-19 14:22:21,741 [1190b9a7-12b1-4c15-b33e-f7d0a0cd436c:group-2609E2E2A622:LeaderElection238] INFO  impl.LeaderElection (LeaderElection.java:askForVotes(181)) - 1190b9a7-12b1-4c15-b33e-f7d0a0cd436c:group-2609E2E2A622:LeaderElection238: begin an election at term 4 for -1: [5dfaa0ea-416a-422c-a75d-43311aceb00a:192.168.157.226:45629, 6403e584-2209-453b-b79e-eeb0a7b58516:192.168.157.226:35833, 1190b9a7-12b1-4c15-b33e-f7d0a0cd436c:192.168.157.226:34463], old=null
2019-09-19 14:22:21,741 [6403e584-2209-453b-b79e-eeb0a7b58516:group-2609E2E2A622:LeaderElection239] INFO  impl.LeaderElection (LeaderElection.java:askForVotes(181)) - 6403e584-2209-453b-b79e-eeb0a7b58516:group-2609E2E2A622:LeaderElection239: begin an election at term 4 for -1: [5dfaa0ea-416a-422c-a75d-43311aceb00a:192.168.157.226:45629, 6403e584-2209-453b-b79e-eeb0a7b58516:192.168.157.226:35833, 1190b9a7-12b1-4c15-b33e-f7d0a0cd436c:192.168.157.226:34463], old=null
2019-09-19 14:22:21,751 [5dfaa0ea-416a-422c-a75d-43311aceb00a:group-2609E2E2A622:LeaderElection237] INFO  impl.LeaderElection (LeaderElection.java:logAndReturn(56)) - 5dfaa0ea-416a-422c-a75d-43311aceb00a:group-2609E2E2A622:LeaderElection237: Election REJECTED; received 2 response(s) [5dfaa0ea-416a-422c-a75d-43311aceb00a<-6403e584-2209-453b-b79e-eeb0a7b58516#0:FAIL-t4, 5dfaa0ea-416a-422c-a75d-43311aceb00a<-1190b9a7-12b1-4c15-b33e-f7d0a0cd436c#0:FAIL-t4] and 0 exception(s); 5dfaa0ea-416a-422c-a75d-43311aceb00a:t4, leader=null, voted=5dfaa0ea-416a-422c-a75d-43311aceb00a, raftlog=5dfaa0ea-416a-422c-a75d-43311aceb00a-SegmentedRaftLog:OPENED:c-1,f-1,i0, conf=-1: [5dfaa0ea-416a-422c-a75d-43311aceb00a:192.168.157.226:45629, 6403e584-2209-453b-b79e-eeb0a7b58516:192.168.157.226:35833, 1190b9a7-12b1-4c15-b33e-f7d0a0cd436c:192.168.157.226:34463], old=null
2019-09-19 14:22:21,751 [5dfaa0ea-416a-422c-a75d-43311aceb00a:group-2609E2E2A622:LeaderElection237] INFO  impl.RaftServerImpl (RaftServerImpl.java:setRole(171)) - 5dfaa0ea-416a-422c-a75d-43311aceb00a:group-2609E2E2A622 changes role from CANDIDATE to FOLLOWER at term 4 for DISCOVERED_A_NEW_TERM
2019-09-19 14:22:21,751 [5dfaa0ea-416a-422c-a75d-43311aceb00a:group-2609E2E2A622:LeaderElection237] INFO  impl.RoleInfo (RoleInfo.java:shutdownLeaderElection(134)) - 5dfaa0ea-416a-422c-a75d-43311aceb00a: shutdown LeaderElection
2019-09-19 14:22:21,751 [6403e584-2209-453b-b79e-eeb0a7b58516:group-2609E2E2A622:LeaderElection239] INFO  impl.LeaderElection (LeaderElection.java:logAndReturn(56)) - 6403e584-2209-453b-b79e-eeb0a7b58516:group-2609E2E2A622:LeaderElection239: Election REJECTED; received 2 response(s) [6403e584-2209-453b-b79e-eeb0a7b58516<-5dfaa0ea-416a-422c-a75d-43311aceb00a#0:FAIL-t4, 6403e584-2209-453b-b79e-eeb0a7b58516<-1190b9a7-12b1-4c15-b33e-f7d0a0cd436c#0:FAIL-t4] and 0 exception(s); 6403e584-2209-453b-b79e-eeb0a7b58516:t4, leader=null, voted=6403e584-2209-453b-b79e-eeb0a7b58516, raftlog=6403e584-2209-453b-b79e-eeb0a7b58516-SegmentedRaftLog:OPENED:c-1,f-1,i0, conf=-1: [5dfaa0ea-416a-422c-a75d-43311aceb00a:192.168.157.226:45629, 6403e584-2209-453b-b79e-eeb0a7b58516:192.168.157.226:35833, 1190b9a7-12b1-4c15-b33e-f7d0a0cd436c:192.168.157.226:34463], old=null
2019-09-19 14:22:21,751 [5dfaa0ea-416a-422c-a75d-43311aceb00a:group-2609E2E2A622:LeaderElection237] INFO  impl.RoleInfo (RoleInfo.java:updateAndGet(143)) - 5dfaa0ea-416a-422c-a75d-43311aceb00a: start FollowerState
2019-09-19 14:22:21,751 [1190b9a7-12b1-4c15-b33e-f7d0a0cd436c:group-2609E2E2A622:LeaderElection238] INFO  impl.LeaderElection (LeaderElection.java:logAndReturn(56)) - 1190b9a7-12b1-4c15-b33e-f7d0a0cd436c:group-2609E2E2A622:LeaderElection238: Election REJECTED; received 2 response(s) [1190b9a7-12b1-4c15-b33e-f7d0a0cd436c<-5dfaa0ea-416a-422c-a75d-43311aceb00a#0:FAIL-t4, 1190b9a7-12b1-4c15-b33e-f7d0a0cd436c<-6403e584-2209-453b-b79e-eeb0a7b58516#0:FAIL-t4] and 0 exception(s); 1190b9a7-12b1-4c15-b33e-f7d0a0cd436c:t4, leader=null, voted=1190b9a7-12b1-4c15-b33e-f7d0a0cd436c, raftlog=1190b9a7-12b1-4c15-b33e-f7d0a0cd436c-SegmentedRaftLog:OPENED:c-1,f-1,i0, conf=-1: [5dfaa0ea-416a-422c-a75d-43311aceb00a:192.168.157.226:45629, 6403e584-2209-453b-b79e-eeb0a7b58516:192.168.157.226:35833, 1190b9a7-12b1-4c15-b33e-f7d0a0cd436c:192.168.157.226:34463], old=null
2019-09-19 14:22:21,752 [6403e584-2209-453b-b79e-eeb0a7b58516:group-2609E2E2A622:LeaderElection239] INFO  impl.RaftServerImpl (RaftServerImpl.java:setRole(171)) - 6403e584-2209-453b-b79e-eeb0a7b58516:group-2609E2E2A622 changes role from CANDIDATE to FOLLOWER at term 4 for DISCOVERED_A_NEW_TERM
2019-09-19 14:22:21,752 [1190b9a7-12b1-4c15-b33e-f7d0a0cd436c:group-2609E2E2A622:LeaderElection238] INFO  impl.RaftServerImpl (RaftServerImpl.java:setRole(171)) - 1190b9a7-12b1-4c15-b33e-f7d0a0cd436c:group-2609E2E2A622 changes role from CANDIDATE to FOLLOWER at term 4 for DISCOVERED_A_NEW_TERM
2019-09-19 14:22:21,752 [6403e584-2209-453b-b79e-eeb0a7b58516:group-2609E2E2A622:LeaderElection239] INFO  impl.RoleInfo (RoleInfo.java:shutdownLeaderElection(134)) - 6403e584-2209-453b-b79e-eeb0a7b58516: shutdown LeaderElection
2019-09-19 14:22:21,752 [1190b9a7-12b1-4c15-b33e-f7d0a0cd436c:group-2609E2E2A622:LeaderElection238] INFO  impl.RoleInfo (RoleInfo.java:shutdownLeaderElection(134)) - 1190b9a7-12b1-4c15-b33e-f7d0a0cd436c: shutdown LeaderElection
2019-09-19 14:22:21,752 [6403e584-2209-453b-b79e-eeb0a7b58516:group-2609E2E2A622:LeaderElection239] INFO  impl.RoleInfo (RoleInfo.java:updateAndGet(143)) - 6403e584-2209-453b-b79e-eeb0a7b58516: start FollowerState
2019-09-19 14:22:21,753 [1190b9a7-12b1-4c15-b33e-f7d0a0cd436c:group-2609E2E2A622:LeaderElection238] INFO  impl.RoleInfo (RoleInfo.java:updateAndGet(143)) - 1190b9a7-12b1-4c15-b33e-f7d0a0cd436c: start FollowerState
2019-09-19 14:22:21,868 | INFO  | SCMAudit | user=jenkins1000 | ip=192.168.157.226 | op=SEND_HEARTBEAT {datanodeUUID=1190b9a7-12b1-4c15-b33e-f7d0a0cd436c, command=[]} | ret=SUCCESS |  
2019-09-19 14:22:21,868 | INFO  | SCMAudit | user=jenkins1000 | ip=192.168.157.226 | op=SEND_HEARTBEAT {datanodeUUID=85c6a9f3-b9a5-43a5-ac4f-9aa7bd5f2263, command=[]} | ret=SUCCESS |  
2019-09-19 14:22:21,868 | INFO  | SCMAudit | user=jenkins1000 | ip=192.168.157.226 | op=SEND_HEARTBEAT {datanodeUUID=5dfaa0ea-416a-422c-a75d-43311aceb00a, command=[]} | ret=SUCCESS |  
2019-09-19 14:22:21,870 | INFO  | SCMAudit | user=jenkins1000 | ip=192.168.157.226 | op=SEND_HEARTBEAT {datanodeUUID=56d21ab3-8f6d-44ea-b961-c721a1c09246, command=[]} | ret=SUCCESS |  
2019-09-19 14:22:21,870 | INFO  | SCMAudit | user=jenkins1000 | ip=192.168.157.226 | op=SEND_HEARTBEAT {datanodeUUID=431517c4-8c09-4790-b37b-2e132c8143ad, command=[]} | ret=SUCCESS |  
2019-09-19 14:22:21,925 | INFO  | SCMAudit | user=jenkins1000 | ip=192.168.157.226 | op=SEND_HEARTBEAT {datanodeUUID=306a7a99-f2a5-4f40-b42b-2fc2def08a6a, command=[]} | ret=SUCCESS |  
2019-09-19 14:22:22,221 | INFO  | SCMAudit | user=jenkins1000 | ip=192.168.157.226 | op=SEND_HEARTBEAT {datanodeUUID=6403e584-2209-453b-b79e-eeb0a7b58516, command=[]} | ret=SUCCESS |  
2019-09-19 14:22:22,868 | INFO  | SCMAudit | user=jenkins1000 | ip=192.168.157.226 | op=SEND_HEARTBEAT {datanodeUUID=5dfaa0ea-416a-422c-a75d-43311aceb00a, command=[]} | ret=SUCCESS |  
2019-09-19 14:22:22,868 | INFO  | SCMAudit | user=jenkins1000 | ip=192.168.157.226 | op=SEND_HEARTBEAT {datanodeUUID=56d21ab3-8f6d-44ea-b961-c721a1c09246, command=[]} | ret=SUCCESS |  
2019-09-19 14:22:22,869 | INFO  | SCMAudit | user=jenkins1000 | ip=192.168.157.226 | op=SEND_HEARTBEAT {datanodeUUID=85c6a9f3-b9a5-43a5-ac4f-9aa7bd5f2263, command=[]} | ret=SUCCESS |  
2019-09-19 14:22:22,869 | INFO  | SCMAudit | user=jenkins1000 | ip=192.168.157.226 | op=SEND_HEARTBEAT {datanodeUUID=1190b9a7-12b1-4c15-b33e-f7d0a0cd436c, command=[]} | ret=SUCCESS |  
2019-09-19 14:22:22,869 | INFO  | SCMAudit | user=jenkins1000 | ip=192.168.157.226 | op=SEND_HEARTBEAT {datanodeUUID=431517c4-8c09-4790-b37b-2e132c8143ad, command=[]} | ret=SUCCESS |  
2019-09-19 14:22:22,875 [grpc-default-executor-0] INFO  impl.RaftServerProxy (RaftServerProxy.java:remove(95)) - 85c6a9f3-b9a5-43a5-ac4f-9aa7bd5f2263: remove FOLLOWER group-85125247F34E 85c6a9f3-b9a5-43a5-ac4f-9aa7bd5f2263:t2, leader=null, voted=85c6a9f3-b9a5-43a5-ac4f-9aa7bd5f2263, raftlog=85c6a9f3-b9a5-43a5-ac4f-9aa7bd5f2263-SegmentedRaftLog:OPENED:c-1,f-1,i0, conf=-1: [85c6a9f3-b9a5-43a5-ac4f-9aa7bd5f2263:192.168.157.226:45170, 306a7a99-f2a5-4f40-b42b-2fc2def08a6a:192.168.157.226:42633, 6403e584-2209-453b-b79e-eeb0a7b58516:192.168.157.226:35833], old=null RUNNING
2019-09-19 14:22:22,875 [grpc-default-executor-0] INFO  impl.RaftServerImpl (RaftServerImpl.java:lambda$shutdown$3(245)) - 85c6a9f3-b9a5-43a5-ac4f-9aa7bd5f2263: shutdown group-85125247F34E
2019-09-19 14:22:22,876 [grpc-default-executor-0] INFO  util.JmxRegister (JmxRegister.java:unregister(73)) - Successfully un-registered JMX Bean with object name Ratis:service=RaftServer,group=group-85125247F34E,id=85c6a9f3-b9a5-43a5-ac4f-9aa7bd5f2263
2019-09-19 14:22:22,876 [grpc-default-executor-0] INFO  impl.RoleInfo (RoleInfo.java:shutdownFollowerState(121)) - 85c6a9f3-b9a5-43a5-ac4f-9aa7bd5f2263: shutdown FollowerState
2019-09-19 14:22:22,876 [grpc-default-executor-0] INFO  impl.StateMachineUpdater (StateMachineUpdater.java:stopAndJoin(115)) - StateMachineUpdater:85c6a9f3-b9a5-43a5-ac4f-9aa7bd5f2263:group-85125247F34E: set stopIndex = -1
2019-09-19 14:22:22,876 [Thread-1474] INFO  impl.FollowerState (FollowerState.java:run(114)) - 85c6a9f3-b9a5-43a5-ac4f-9aa7bd5f2263: FollowerState was interrupted: java.lang.InterruptedException: sleep interrupted
2019-09-19 14:22:22,876 [grpc-default-executor-0] INFO  impl.RaftServerImpl (ServerState.java:close(394)) - 85c6a9f3-b9a5-43a5-ac4f-9aa7bd5f2263:group-85125247F34E closes. The last applied log index is -1
2019-09-19 14:22:22,877 [85c6a9f3-b9a5-43a5-ac4f-9aa7bd5f2263-SegmentedRaftLogWorker:Storage Directory /workdir/hadoop-ozone/integration-test/target/test-dir/MiniOzoneClusterImpl-210d6028-2152-4683-81ff-347b0d29bb13/datanode-0/data/ratis/739c26d7-9512-47d5-be3e-85125247f34e] INFO  segmented.SegmentedRaftLogWorker (SegmentedRaftLogWorker.java:run(313)) - 85c6a9f3-b9a5-43a5-ac4f-9aa7bd5f2263-SegmentedRaftLogWorker:Storage Directory /workdir/hadoop-ozone/integration-test/target/test-dir/MiniOzoneClusterImpl-210d6028-2152-4683-81ff-347b0d29bb13/datanode-0/data/ratis/739c26d7-9512-47d5-be3e-85125247f34e was interrupted, exiting. There are 0 tasks remaining in the queue.
2019-09-19 14:22:22,877 [grpc-default-executor-0] INFO  segmented.SegmentedRaftLogWorker (SegmentedRaftLogWorker.java:close(228)) - 85c6a9f3-b9a5-43a5-ac4f-9aa7bd5f2263-SegmentedRaftLogWorker:Storage Directory /workdir/hadoop-ozone/integration-test/target/test-dir/MiniOzoneClusterImpl-210d6028-2152-4683-81ff-347b0d29bb13/datanode-0/data/ratis/739c26d7-9512-47d5-be3e-85125247f34e close()
2019-09-19 14:22:22,885 [grpc-default-executor-0] INFO  impl.RaftServerProxy (RaftServerProxy.java:remove(95)) - 85c6a9f3-b9a5-43a5-ac4f-9aa7bd5f2263: remove   LEADER group-C123BBC42C4F 85c6a9f3-b9a5-43a5-ac4f-9aa7bd5f2263:t1, leader=85c6a9f3-b9a5-43a5-ac4f-9aa7bd5f2263, voted=85c6a9f3-b9a5-43a5-ac4f-9aa7bd5f2263, raftlog=85c6a9f3-b9a5-43a5-ac4f-9aa7bd5f2263-SegmentedRaftLog:CLOSED:c-1, conf=0: [85c6a9f3-b9a5-43a5-ac4f-9aa7bd5f2263:192.168.157.226:45170], old=null CLOSED
2019-09-19 14:22:22,926 | INFO  | SCMAudit | user=jenkins1000 | ip=192.168.157.226 | op=SEND_HEARTBEAT {datanodeUUID=306a7a99-f2a5-4f40-b42b-2fc2def08a6a, command=[]} | ret=SUCCESS |  
2019-09-19 14:22:23,221 | INFO  | SCMAudit | user=jenkins1000 | ip=192.168.157.226 | op=SEND_HEARTBEAT {datanodeUUID=6403e584-2209-453b-b79e-eeb0a7b58516, command=[]} | ret=SUCCESS |  
2019-09-19 14:22:23,671 [Thread-1475] INFO  impl.FollowerState (FollowerState.java:run(106)) - 6403e584-2209-453b-b79e-eeb0a7b58516:group-85125247F34E changes to CANDIDATE, lastRpcTime:5105, electionTimeout:5105ms
2019-09-19 14:22:23,671 [Thread-1475] INFO  impl.RoleInfo (RoleInfo.java:shutdownFollowerState(121)) - 6403e584-2209-453b-b79e-eeb0a7b58516: shutdown FollowerState
2019-09-19 14:22:23,671 [Thread-1475] INFO  impl.RaftServerImpl (RaftServerImpl.java:setRole(171)) - 6403e584-2209-453b-b79e-eeb0a7b58516:group-85125247F34E changes role from FOLLOWER to CANDIDATE at term 2 for changeToCandidate
2019-09-19 14:22:23,671 [Thread-1475] INFO  impl.RoleInfo (RoleInfo.java:updateAndGet(143)) - 6403e584-2209-453b-b79e-eeb0a7b58516: start LeaderElection
2019-09-19 14:22:23,689 [6403e584-2209-453b-b79e-eeb0a7b58516:group-85125247F34E:LeaderElection240] INFO  impl.LeaderElection (LeaderElection.java:askForVotes(181)) - 6403e584-2209-453b-b79e-eeb0a7b58516:group-85125247F34E:LeaderElection240: begin an election at term 3 for -1: [85c6a9f3-b9a5-43a5-ac4f-9aa7bd5f2263:192.168.157.226:45170, 306a7a99-f2a5-4f40-b42b-2fc2def08a6a:192.168.157.226:42633, 6403e584-2209-453b-b79e-eeb0a7b58516:192.168.157.226:35833], old=null
2019-09-19 14:22:23,693 [grpc-default-executor-0] WARN  server.GrpcServerProtocolService (LogUtils.java:warn(136)) - 85c6a9f3-b9a5-43a5-ac4f-9aa7bd5f2263: Failed requestVote 6403e584-2209-453b-b79e-eeb0a7b58516->85c6a9f3-b9a5-43a5-ac4f-9aa7bd5f2263#0
org.apache.ratis.protocol.GroupMismatchException: 85c6a9f3-b9a5-43a5-ac4f-9aa7bd5f2263: group-85125247F34E not found.
	at org.apache.ratis.server.impl.RaftServerProxy$ImplMap.get(RaftServerProxy.java:122)
	at org.apache.ratis.server.impl.RaftServerProxy.getImplFuture(RaftServerProxy.java:269)
	at org.apache.ratis.server.impl.RaftServerProxy.getImpl(RaftServerProxy.java:278)
	at org.apache.ratis.server.impl.RaftServerProxy.getImpl(RaftServerProxy.java:273)
	at org.apache.ratis.server.impl.RaftServerProxy.requestVote(RaftServerProxy.java:442)
	at org.apache.ratis.grpc.server.GrpcServerProtocolService.requestVote(GrpcServerProtocolService.java:55)
	at org.apache.ratis.proto.grpc.RaftServerProtocolServiceGrpc$MethodHandlers.invoke(RaftServerProtocolServiceGrpc.java:319)
	at org.apache.ratis.thirdparty.io.grpc.stub.ServerCalls$UnaryServerCallHandler$UnaryServerCallListener.onHalfClose(ServerCalls.java:171)
	at org.apache.ratis.thirdparty.io.grpc.internal.ServerCallImpl$ServerStreamListenerImpl.halfClosed(ServerCallImpl.java:283)
	at org.apache.ratis.thirdparty.io.grpc.internal.ServerImpl$JumpToApplicationThreadServerStreamListener$1HalfClosed.runInContext(ServerImpl.java:710)
	at org.apache.ratis.thirdparty.io.grpc.internal.ContextRunnable.run(ContextRunnable.java:37)
	at org.apache.ratis.thirdparty.io.grpc.internal.SerializingExecutor.run(SerializingExecutor.java:123)
	at java.util.concurrent.ThreadPoolExecutor.runWorker(ThreadPoolExecutor.java:1149)
	at java.util.concurrent.ThreadPoolExecutor$Worker.run(ThreadPoolExecutor.java:624)
	at java.lang.Thread.run(Thread.java:748)
2019-09-19 14:22:23,693 [grpc-default-executor-1] WARN  server.GrpcServerProtocolService (LogUtils.java:warn(136)) - 306a7a99-f2a5-4f40-b42b-2fc2def08a6a: Failed requestVote 6403e584-2209-453b-b79e-eeb0a7b58516->306a7a99-f2a5-4f40-b42b-2fc2def08a6a#0
org.apache.ratis.protocol.GroupMismatchException: 306a7a99-f2a5-4f40-b42b-2fc2def08a6a: group-85125247F34E not found.
	at org.apache.ratis.server.impl.RaftServerProxy$ImplMap.get(RaftServerProxy.java:122)
	at org.apache.ratis.server.impl.RaftServerProxy.getImplFuture(RaftServerProxy.java:269)
	at org.apache.ratis.server.impl.RaftServerProxy.getImpl(RaftServerProxy.java:278)
	at org.apache.ratis.server.impl.RaftServerProxy.getImpl(RaftServerProxy.java:273)
	at org.apache.ratis.server.impl.RaftServerProxy.requestVote(RaftServerProxy.java:442)
	at org.apache.ratis.grpc.server.GrpcServerProtocolService.requestVote(GrpcServerProtocolService.java:55)
	at org.apache.ratis.proto.grpc.RaftServerProtocolServiceGrpc$MethodHandlers.invoke(RaftServerProtocolServiceGrpc.java:319)
	at org.apache.ratis.thirdparty.io.grpc.stub.ServerCalls$UnaryServerCallHandler$UnaryServerCallListener.onHalfClose(ServerCalls.java:171)
	at org.apache.ratis.thirdparty.io.grpc.internal.ServerCallImpl$ServerStreamListenerImpl.halfClosed(ServerCallImpl.java:283)
	at org.apache.ratis.thirdparty.io.grpc.internal.ServerImpl$JumpToApplicationThreadServerStreamListener$1HalfClosed.runInContext(ServerImpl.java:710)
	at org.apache.ratis.thirdparty.io.grpc.internal.ContextRunnable.run(ContextRunnable.java:37)
	at org.apache.ratis.thirdparty.io.grpc.internal.SerializingExecutor.run(SerializingExecutor.java:123)
	at java.util.concurrent.ThreadPoolExecutor.runWorker(ThreadPoolExecutor.java:1149)
	at java.util.concurrent.ThreadPoolExecutor$Worker.run(ThreadPoolExecutor.java:624)
	at java.lang.Thread.run(Thread.java:748)
2019-09-19 14:22:23,699 [6403e584-2209-453b-b79e-eeb0a7b58516:group-85125247F34E:LeaderElection240] INFO  impl.LeaderElection (LogUtils.java:infoOrTrace(149)) - 6403e584-2209-453b-b79e-eeb0a7b58516:group-85125247F34E:LeaderElection240 got exception when requesting votes: {}
java.util.concurrent.ExecutionException: org.apache.ratis.thirdparty.io.grpc.StatusRuntimeException: INTERNAL: 85c6a9f3-b9a5-43a5-ac4f-9aa7bd5f2263: group-85125247F34E not found.
	at java.util.concurrent.FutureTask.report(FutureTask.java:122)
	at java.util.concurrent.FutureTask.get(FutureTask.java:192)
	at org.apache.ratis.server.impl.LeaderElection.waitForResults(LeaderElection.java:262)
	at org.apache.ratis.server.impl.LeaderElection.askForVotes(LeaderElection.java:200)
	at org.apache.ratis.server.impl.LeaderElection.run(LeaderElection.java:130)
	at java.lang.Thread.run(Thread.java:748)
Caused by: org.apache.ratis.thirdparty.io.grpc.StatusRuntimeException: INTERNAL: 85c6a9f3-b9a5-43a5-ac4f-9aa7bd5f2263: group-85125247F34E not found.
	at org.apache.ratis.thirdparty.io.grpc.stub.ClientCalls.toStatusRuntimeException(ClientCalls.java:233)
	at org.apache.ratis.thirdparty.io.grpc.stub.ClientCalls.getUnchecked(ClientCalls.java:214)
	at org.apache.ratis.thirdparty.io.grpc.stub.ClientCalls.blockingUnaryCall(ClientCalls.java:139)
	at org.apache.ratis.proto.grpc.RaftServerProtocolServiceGrpc$RaftServerProtocolServiceBlockingStub.requestVote(RaftServerProtocolServiceGrpc.java:265)
	at org.apache.ratis.grpc.server.GrpcServerProtocolClient.requestVote(GrpcServerProtocolClient.java:83)
	at org.apache.ratis.grpc.server.GrpcService.requestVote(GrpcService.java:195)
	at org.apache.ratis.server.impl.LeaderElection.lambda$submitRequests$1(LeaderElection.java:237)
	at java.util.concurrent.FutureTask.run(FutureTask.java:266)
	at java.util.concurrent.Executors$RunnableAdapter.call(Executors.java:511)
	at java.util.concurrent.FutureTask.run(FutureTask.java:266)
	at java.util.concurrent.ThreadPoolExecutor.runWorker(ThreadPoolExecutor.java:1149)
	at java.util.concurrent.ThreadPoolExecutor$Worker.run(ThreadPoolExecutor.java:624)
	... 1 more
2019-09-19 14:22:23,703 [6403e584-2209-453b-b79e-eeb0a7b58516:group-85125247F34E:LeaderElection240] INFO  impl.LeaderElection (LogUtils.java:infoOrTrace(149)) - 6403e584-2209-453b-b79e-eeb0a7b58516:group-85125247F34E:LeaderElection240 got exception when requesting votes: {}
java.util.concurrent.ExecutionException: org.apache.ratis.thirdparty.io.grpc.StatusRuntimeException: INTERNAL: 306a7a99-f2a5-4f40-b42b-2fc2def08a6a: group-85125247F34E not found.
	at java.util.concurrent.FutureTask.report(FutureTask.java:122)
	at java.util.concurrent.FutureTask.get(FutureTask.java:192)
	at org.apache.ratis.server.impl.LeaderElection.waitForResults(LeaderElection.java:262)
	at org.apache.ratis.server.impl.LeaderElection.askForVotes(LeaderElection.java:200)
	at org.apache.ratis.server.impl.LeaderElection.run(LeaderElection.java:130)
	at java.lang.Thread.run(Thread.java:748)
Caused by: org.apache.ratis.thirdparty.io.grpc.StatusRuntimeException: INTERNAL: 306a7a99-f2a5-4f40-b42b-2fc2def08a6a: group-85125247F34E not found.
	at org.apache.ratis.thirdparty.io.grpc.stub.ClientCalls.toStatusRuntimeException(ClientCalls.java:233)
	at org.apache.ratis.thirdparty.io.grpc.stub.ClientCalls.getUnchecked(ClientCalls.java:214)
	at org.apache.ratis.thirdparty.io.grpc.stub.ClientCalls.blockingUnaryCall(ClientCalls.java:139)
	at org.apache.ratis.proto.grpc.RaftServerProtocolServiceGrpc$RaftServerProtocolServiceBlockingStub.requestVote(RaftServerProtocolServiceGrpc.java:265)
	at org.apache.ratis.grpc.server.GrpcServerProtocolClient.requestVote(GrpcServerProtocolClient.java:83)
	at org.apache.ratis.grpc.server.GrpcService.requestVote(GrpcService.java:195)
	at org.apache.ratis.server.impl.LeaderElection.lambda$submitRequests$1(LeaderElection.java:237)
	at java.util.concurrent.FutureTask.run(FutureTask.java:266)
	at java.util.concurrent.Executors$RunnableAdapter.call(Executors.java:511)
	at java.util.concurrent.FutureTask.run(FutureTask.java:266)
	at java.util.concurrent.ThreadPoolExecutor.runWorker(ThreadPoolExecutor.java:1149)
	at java.util.concurrent.ThreadPoolExecutor$Worker.run(ThreadPoolExecutor.java:624)
	... 1 more
2019-09-19 14:22:23,705 [6403e584-2209-453b-b79e-eeb0a7b58516:group-85125247F34E:LeaderElection240] INFO  impl.LeaderElection (LeaderElection.java:logAndReturn(56)) - 6403e584-2209-453b-b79e-eeb0a7b58516:group-85125247F34E:LeaderElection240: Election REJECTED; received 0 response(s) [] and 2 exception(s); 6403e584-2209-453b-b79e-eeb0a7b58516:t3, leader=null, voted=6403e584-2209-453b-b79e-eeb0a7b58516, raftlog=6403e584-2209-453b-b79e-eeb0a7b58516-SegmentedRaftLog:OPENED:c-1,f-1,i0, conf=-1: [85c6a9f3-b9a5-43a5-ac4f-9aa7bd5f2263:192.168.157.226:45170, 306a7a99-f2a5-4f40-b42b-2fc2def08a6a:192.168.157.226:42633, 6403e584-2209-453b-b79e-eeb0a7b58516:192.168.157.226:35833], old=null
2019-09-19 14:22:23,705 [6403e584-2209-453b-b79e-eeb0a7b58516:group-85125247F34E:LeaderElection240] INFO  impl.LeaderElection (LogUtils.java:infoOrTrace(149)) -   Exception 0: {}
java.util.concurrent.ExecutionException: org.apache.ratis.thirdparty.io.grpc.StatusRuntimeException: INTERNAL: 85c6a9f3-b9a5-43a5-ac4f-9aa7bd5f2263: group-85125247F34E not found.
	at java.util.concurrent.FutureTask.report(FutureTask.java:122)
	at java.util.concurrent.FutureTask.get(FutureTask.java:192)
	at org.apache.ratis.server.impl.LeaderElection.waitForResults(LeaderElection.java:262)
	at org.apache.ratis.server.impl.LeaderElection.askForVotes(LeaderElection.java:200)
	at org.apache.ratis.server.impl.LeaderElection.run(LeaderElection.java:130)
	at java.lang.Thread.run(Thread.java:748)
Caused by: org.apache.ratis.thirdparty.io.grpc.StatusRuntimeException: INTERNAL: 85c6a9f3-b9a5-43a5-ac4f-9aa7bd5f2263: group-85125247F34E not found.
	at org.apache.ratis.thirdparty.io.grpc.stub.ClientCalls.toStatusRuntimeException(ClientCalls.java:233)
	at org.apache.ratis.thirdparty.io.grpc.stub.ClientCalls.getUnchecked(ClientCalls.java:214)
	at org.apache.ratis.thirdparty.io.grpc.stub.ClientCalls.blockingUnaryCall(ClientCalls.java:139)
	at org.apache.ratis.proto.grpc.RaftServerProtocolServiceGrpc$RaftServerProtocolServiceBlockingStub.requestVote(RaftServerProtocolServiceGrpc.java:265)
	at org.apache.ratis.grpc.server.GrpcServerProtocolClient.requestVote(GrpcServerProtocolClient.java:83)
	at org.apache.ratis.grpc.server.GrpcService.requestVote(GrpcService.java:195)
	at org.apache.ratis.server.impl.LeaderElection.lambda$submitRequests$1(LeaderElection.java:237)
	at java.util.concurrent.FutureTask.run(FutureTask.java:266)
	at java.util.concurrent.Executors$RunnableAdapter.call(Executors.java:511)
	at java.util.concurrent.FutureTask.run(FutureTask.java:266)
	at java.util.concurrent.ThreadPoolExecutor.runWorker(ThreadPoolExecutor.java:1149)
	at java.util.concurrent.ThreadPoolExecutor$Worker.run(ThreadPoolExecutor.java:624)
	... 1 more
2019-09-19 14:22:23,706 [6403e584-2209-453b-b79e-eeb0a7b58516:group-85125247F34E:LeaderElection240] INFO  impl.LeaderElection (LogUtils.java:infoOrTrace(149)) -   Exception 1: {}
java.util.concurrent.ExecutionException: org.apache.ratis.thirdparty.io.grpc.StatusRuntimeException: INTERNAL: 306a7a99-f2a5-4f40-b42b-2fc2def08a6a: group-85125247F34E not found.
	at java.util.concurrent.FutureTask.report(FutureTask.java:122)
	at java.util.concurrent.FutureTask.get(FutureTask.java:192)
	at org.apache.ratis.server.impl.LeaderElection.waitForResults(LeaderElection.java:262)
	at org.apache.ratis.server.impl.LeaderElection.askForVotes(LeaderElection.java:200)
	at org.apache.ratis.server.impl.LeaderElection.run(LeaderElection.java:130)
	at java.lang.Thread.run(Thread.java:748)
Caused by: org.apache.ratis.thirdparty.io.grpc.StatusRuntimeException: INTERNAL: 306a7a99-f2a5-4f40-b42b-2fc2def08a6a: group-85125247F34E not found.
	at org.apache.ratis.thirdparty.io.grpc.stub.ClientCalls.toStatusRuntimeException(ClientCalls.java:233)
	at org.apache.ratis.thirdparty.io.grpc.stub.ClientCalls.getUnchecked(ClientCalls.java:214)
	at org.apache.ratis.thirdparty.io.grpc.stub.ClientCalls.blockingUnaryCall(ClientCalls.java:139)
	at org.apache.ratis.proto.grpc.RaftServerProtocolServiceGrpc$RaftServerProtocolServiceBlockingStub.requestVote(RaftServerProtocolServiceGrpc.java:265)
	at org.apache.ratis.grpc.server.GrpcServerProtocolClient.requestVote(GrpcServerProtocolClient.java:83)
	at org.apache.ratis.grpc.server.GrpcService.requestVote(GrpcService.java:195)
	at org.apache.ratis.server.impl.LeaderElection.lambda$submitRequests$1(LeaderElection.java:237)
	at java.util.concurrent.FutureTask.run(FutureTask.java:266)
	at java.util.concurrent.Executors$RunnableAdapter.call(Executors.java:511)
	at java.util.concurrent.FutureTask.run(FutureTask.java:266)
	at java.util.concurrent.ThreadPoolExecutor.runWorker(ThreadPoolExecutor.java:1149)
	at java.util.concurrent.ThreadPoolExecutor$Worker.run(ThreadPoolExecutor.java:624)
	... 1 more
2019-09-19 14:22:23,706 [6403e584-2209-453b-b79e-eeb0a7b58516:group-85125247F34E:LeaderElection240] INFO  impl.RaftServerImpl (RaftServerImpl.java:setRole(171)) - 6403e584-2209-453b-b79e-eeb0a7b58516:group-85125247F34E changes role from CANDIDATE to FOLLOWER at term 3 for DISCOVERED_A_NEW_TERM
2019-09-19 14:22:23,706 [6403e584-2209-453b-b79e-eeb0a7b58516:group-85125247F34E:LeaderElection240] INFO  impl.RoleInfo (RoleInfo.java:shutdownLeaderElection(134)) - 6403e584-2209-453b-b79e-eeb0a7b58516: shutdown LeaderElection
2019-09-19 14:22:23,706 [6403e584-2209-453b-b79e-eeb0a7b58516:group-85125247F34E:LeaderElection240] INFO  impl.RoleInfo (RoleInfo.java:updateAndGet(143)) - 6403e584-2209-453b-b79e-eeb0a7b58516: start FollowerState
2019-09-19 14:22:23,868 | INFO  | SCMAudit | user=jenkins1000 | ip=192.168.157.226 | op=SEND_HEARTBEAT {datanodeUUID=5dfaa0ea-416a-422c-a75d-43311aceb00a, command=[]} | ret=SUCCESS |  
2019-09-19 14:22:23,868 | INFO  | SCMAudit | user=jenkins1000 | ip=192.168.157.226 | op=SEND_HEARTBEAT {datanodeUUID=85c6a9f3-b9a5-43a5-ac4f-9aa7bd5f2263, command=[]} | ret=SUCCESS |  
2019-09-19 14:22:23,868 | INFO  | SCMAudit | user=jenkins1000 | ip=192.168.157.226 | op=SEND_HEARTBEAT {datanodeUUID=56d21ab3-8f6d-44ea-b961-c721a1c09246, command=[]} | ret=SUCCESS |  
2019-09-19 14:22:23,869 | INFO  | SCMAudit | user=jenkins1000 | ip=192.168.157.226 | op=SEND_HEARTBEAT {datanodeUUID=1190b9a7-12b1-4c15-b33e-f7d0a0cd436c, command=[]} | ret=SUCCESS |  
2019-09-19 14:22:23,869 | INFO  | SCMAudit | user=jenkins1000 | ip=192.168.157.226 | op=SEND_HEARTBEAT {datanodeUUID=431517c4-8c09-4790-b37b-2e132c8143ad, command=[]} | ret=SUCCESS |  
2019-09-19 14:22:23,925 | INFO  | SCMAudit | user=jenkins1000 | ip=192.168.157.226 | op=SEND_HEARTBEAT {datanodeUUID=306a7a99-f2a5-4f40-b42b-2fc2def08a6a, command=[]} | ret=SUCCESS |  
2019-09-19 14:22:24,222 | INFO  | SCMAudit | user=jenkins1000 | ip=192.168.157.226 | op=SEND_HEARTBEAT {datanodeUUID=6403e584-2209-453b-b79e-eeb0a7b58516, command=[]} | ret=SUCCESS |  
2019-09-19 14:22:24,868 | INFO  | SCMAudit | user=jenkins1000 | ip=192.168.157.226 | op=SEND_HEARTBEAT {datanodeUUID=5dfaa0ea-416a-422c-a75d-43311aceb00a, command=[]} | ret=SUCCESS |  
2019-09-19 14:22:24,868 | INFO  | SCMAudit | user=jenkins1000 | ip=192.168.157.226 | op=SEND_HEARTBEAT {datanodeUUID=85c6a9f3-b9a5-43a5-ac4f-9aa7bd5f2263, command=[]} | ret=SUCCESS |  
2019-09-19 14:22:24,868 | INFO  | SCMAudit | user=jenkins1000 | ip=192.168.157.226 | op=SEND_HEARTBEAT {datanodeUUID=1190b9a7-12b1-4c15-b33e-f7d0a0cd436c, command=[]} | ret=SUCCESS |  
2019-09-19 14:22:24,868 | INFO  | SCMAudit | user=jenkins1000 | ip=192.168.157.226 | op=SEND_HEARTBEAT {datanodeUUID=56d21ab3-8f6d-44ea-b961-c721a1c09246, command=[]} | ret=SUCCESS |  
2019-09-19 14:22:24,870 | INFO  | SCMAudit | user=jenkins1000 | ip=192.168.157.226 | op=SEND_HEARTBEAT {datanodeUUID=431517c4-8c09-4790-b37b-2e132c8143ad, command=[]} | ret=SUCCESS |  
2019-09-19 14:22:24,926 | INFO  | SCMAudit | user=jenkins1000 | ip=192.168.157.226 | op=SEND_HEARTBEAT {datanodeUUID=306a7a99-f2a5-4f40-b42b-2fc2def08a6a, command=[]} | ret=SUCCESS |  
2019-09-19 14:22:25,223 | INFO  | SCMAudit | user=jenkins1000 | ip=192.168.157.226 | op=SEND_HEARTBEAT {datanodeUUID=6403e584-2209-453b-b79e-eeb0a7b58516, command=[]} | ret=SUCCESS |  
2019-09-19 14:22:25,868 | INFO  | SCMAudit | user=jenkins1000 | ip=192.168.157.226 | op=SEND_HEARTBEAT {datanodeUUID=5dfaa0ea-416a-422c-a75d-43311aceb00a, command=[]} | ret=SUCCESS |  
2019-09-19 14:22:25,868 | INFO  | SCMAudit | user=jenkins1000 | ip=192.168.157.226 | op=SEND_HEARTBEAT {datanodeUUID=85c6a9f3-b9a5-43a5-ac4f-9aa7bd5f2263, command=[]} | ret=SUCCESS |  
2019-09-19 14:22:25,868 | INFO  | SCMAudit | user=jenkins1000 | ip=192.168.157.226 | op=SEND_HEARTBEAT {datanodeUUID=1190b9a7-12b1-4c15-b33e-f7d0a0cd436c, command=[]} | ret=SUCCESS |  
2019-09-19 14:22:25,869 | INFO  | SCMAudit | user=jenkins1000 | ip=192.168.157.226 | op=SEND_HEARTBEAT {datanodeUUID=56d21ab3-8f6d-44ea-b961-c721a1c09246, command=[]} | ret=SUCCESS |  
2019-09-19 14:22:25,870 | INFO  | SCMAudit | user=jenkins1000 | ip=192.168.157.226 | op=SEND_HEARTBEAT {datanodeUUID=431517c4-8c09-4790-b37b-2e132c8143ad, command=[]} | ret=SUCCESS |  
2019-09-19 14:22:25,925 | INFO  | SCMAudit | user=jenkins1000 | ip=192.168.157.226 | op=SEND_HEARTBEAT {datanodeUUID=306a7a99-f2a5-4f40-b42b-2fc2def08a6a, command=[]} | ret=SUCCESS |  
2019-09-19 14:22:26,223 | INFO  | SCMAudit | user=jenkins1000 | ip=192.168.157.226 | op=SEND_HEARTBEAT {datanodeUUID=6403e584-2209-453b-b79e-eeb0a7b58516, command=[]} | ret=SUCCESS |  
]]></system-out>
    <system-err><![CDATA[Sep 19, 2019 2:21:08 PM com.sun.jersey.server.impl.application.WebApplicationImpl _initiate
INFO: Initiating Jersey application, version 'Jersey: 1.19 02/11/2015 03:25 AM'
Sep 19, 2019 2:21:09 PM com.sun.jersey.server.impl.application.WebApplicationImpl _initiate
INFO: Initiating Jersey application, version 'Jersey: 1.19 02/11/2015 03:25 AM'
Sep 19, 2019 2:21:09 PM com.sun.jersey.server.impl.application.WebApplicationImpl _initiate
INFO: Initiating Jersey application, version 'Jersey: 1.19 02/11/2015 03:25 AM'
Sep 19, 2019 2:21:09 PM com.sun.jersey.server.impl.application.WebApplicationImpl _initiate
INFO: Initiating Jersey application, version 'Jersey: 1.19 02/11/2015 03:25 AM'
Sep 19, 2019 2:21:10 PM com.sun.jersey.server.impl.application.WebApplicationImpl _initiate
INFO: Initiating Jersey application, version 'Jersey: 1.19 02/11/2015 03:25 AM'
Sep 19, 2019 2:21:10 PM com.sun.jersey.server.impl.application.WebApplicationImpl _initiate
INFO: Initiating Jersey application, version 'Jersey: 1.19 02/11/2015 03:25 AM'
Sep 19, 2019 2:21:10 PM com.sun.jersey.server.impl.application.WebApplicationImpl _initiate
INFO: Initiating Jersey application, version 'Jersey: 1.19 02/11/2015 03:25 AM'
]]></system-err>
  </testcase>
</testsuite>